<?xml version="1.0" encoding="UTF-8"?>
<testsuite name="de.uka.ilkd.key.proof.runallproofs.RunAllProofsFunctional" tests="47" skipped="0" failures="0" errors="0" timestamp="2023-03-17T08:59:45" hostname="fv-az395-351" time="5294.588">
  <properties/>
  <testcase name="newBook" classname="de.uka.ilkd.key.proof.runallproofs.RunAllProofsFunctional" time="59.917"/>
  <testcase name="oldBook" classname="de.uka.ilkd.key.proof.runallproofs.RunAllProofsFunctional" time="16.773"/>
  <testcase name="comprehensions" classname="de.uka.ilkd.key.proof.runallproofs.RunAllProofsFunctional" time="68.127"/>
  <testcase name="performance" classname="de.uka.ilkd.key.proof.runallproofs.RunAllProofsFunctional" time="235.245"/>
  <testcase name="performancePOConstruction" classname="de.uka.ilkd.key.proof.runallproofs.RunAllProofsFunctional" time="72.729"/>
  <testcase name="applicationRestrictions" classname="de.uka.ilkd.key.proof.runallproofs.RunAllProofsFunctional" time="47.43"/>
  <testcase name="blockContracts" classname="de.uka.ilkd.key.proof.runallproofs.RunAllProofsFunctional" time="131.675"/>
  <testcase name="jmlAsserts" classname="de.uka.ilkd.key.proof.runallproofs.RunAllProofsFunctional" time="89.01"/>
  <testcase name="javaCard" classname="de.uka.ilkd.key.proof.runallproofs.RunAllProofsFunctional" time="31.639"/>
  <testcase name="project.key" classname="de.uka.ilkd.key.proof.runallproofs.RunAllProofsFunctional" time="35.023"/>
  <testcase name="project.key#1" classname="de.uka.ilkd.key.proof.runallproofs.RunAllProofsFunctional" time="13.624"/>
  <testcase name="lcp.key" classname="de.uka.ilkd.key.proof.runallproofs.RunAllProofsFunctional" time="14.993"/>
  <testcase name="project.key#2" classname="de.uka.ilkd.key.proof.runallproofs.RunAllProofsFunctional" time="19.303"/>
  <testcase name="ArrayList_contains.key" classname="de.uka.ilkd.key.proof.runallproofs.RunAllProofsFunctional" time="13.909"/>
  <testcase name="ArrayList_get.key" classname="de.uka.ilkd.key.proof.runallproofs.RunAllProofsFunctional" time="14.906"/>
  <testcase name="ArrayList_size.key" classname="de.uka.ilkd.key.proof.runallproofs.RunAllProofsFunctional" time="13.386"/>
  <testcase name="UpdateAbstraction_ex7_3_secure.key" classname="de.uka.ilkd.key.proof.runallproofs.RunAllProofsFunctional" time="13.167"/>
  <testcase name="UpdateAbstraction_ex7_4_secure.key" classname="de.uka.ilkd.key.proof.runallproofs.RunAllProofsFunctional" time="13.339"/>
  <testcase name="UpdateAbstraction_ex7_5_secure.key" classname="de.uka.ilkd.key.proof.runallproofs.RunAllProofsFunctional" time="12.682"/>
  <testcase name="UpdateAbstraction_ex7_6_secure.key" classname="de.uka.ilkd.key.proof.runallproofs.RunAllProofsFunctional" time="13.53"/>
  <testcase name="UpdateAbstraction_ex9_secure.key" classname="de.uka.ilkd.key.proof.runallproofs.RunAllProofsFunctional" time="14.681"/>
  <testcase name="list" classname="de.uka.ilkd.key.proof.runallproofs.RunAllProofsFunctional" time="264.055"/>
  <testcase name="list_ghost" classname="de.uka.ilkd.key.proof.runallproofs.RunAllProofsFunctional" time="66.703"/>
  <testcase name="list_recursive" classname="de.uka.ilkd.key.proof.runallproofs.RunAllProofsFunctional" time="22.099"/>
  <testcase name="list_seq" classname="de.uka.ilkd.key.proof.runallproofs.RunAllProofsFunctional" time="148.0"/>
  <testcase name="observer" classname="de.uka.ilkd.key.proof.runallproofs.RunAllProofsFunctional" time="94.771"/>
  <testcase name="removeDups" classname="de.uka.ilkd.key.proof.runallproofs.RunAllProofsFunctional" time="39.551"/>
  <testcase name="Saddleback_search.key" classname="de.uka.ilkd.key.proof.runallproofs.RunAllProofsFunctional" time="91.28"/>
  <testcase name="quicksort" classname="de.uka.ilkd.key.proof.runallproofs.RunAllProofsFunctional" time="103.686"/>
  <testcase name="simpleTests" classname="de.uka.ilkd.key.proof.runallproofs.RunAllProofsFunctional" time="161.892"/>
  <testcase name="SmansEtAl" classname="de.uka.ilkd.key.proof.runallproofs.RunAllProofsFunctional" time="193.256"/>
  <testcase name="VACID0" classname="de.uka.ilkd.key.proof.runallproofs.RunAllProofsFunctional" time="79.348"/>
  <testcase name="VSTTE10" classname="de.uka.ilkd.key.proof.runallproofs.RunAllProofsFunctional" time="175.167"/>
  <testcase name="WeideEtAl" classname="de.uka.ilkd.key.proof.runallproofs.RunAllProofsFunctional" time="28.509"/>
  <testcase name="arithmetic" classname="de.uka.ilkd.key.proof.runallproofs.RunAllProofsFunctional" time="492.194"/>
  <testcase name="arrays" classname="de.uka.ilkd.key.proof.runallproofs.RunAllProofsFunctional" time="56.509"/>
  <testcase name="javadl" classname="de.uka.ilkd.key.proof.runallproofs.RunAllProofsFunctional" time="584.068"/>
  <testcase name="FOL" classname="de.uka.ilkd.key.proof.runallproofs.RunAllProofsFunctional" time="280.184"/>
  <testcase name="strings" classname="de.uka.ilkd.key.proof.runallproofs.RunAllProofsFunctional" time="152.942"/>
  <testcase name="simple_info_flow" classname="de.uka.ilkd.key.proof.runallproofs.RunAllProofsFunctional" time="13.951"/>
  <testcase name="modelMethods" classname="de.uka.ilkd.key.proof.runallproofs.RunAllProofsFunctional" time="175.264"/>
  <testcase name="permissionHeap" classname="de.uka.ilkd.key.proof.runallproofs.RunAllProofsFunctional" time="820.094"/>
  <testcase name="completionScopes" classname="de.uka.ilkd.key.proof.runallproofs.RunAllProofsFunctional" time="50.594"/>
  <testcase name="reload_examples" classname="de.uka.ilkd.key.proof.runallproofs.RunAllProofsFunctional" time="43.824"/>
  <testcase name="proofLoadRepair" classname="de.uka.ilkd.key.proof.runallproofs.RunAllProofsFunctional" time="18.989"/>
  <testcase name="switch" classname="de.uka.ilkd.key.proof.runallproofs.RunAllProofsFunctional" time="62.562"/>
  <testcase name="redux" classname="de.uka.ilkd.key.proof.runallproofs.RunAllProofsFunctional" time="129.989"/>
  <system-out><![CDATA[08:59:45,546 |-INFO in ch.qos.logback.classic.LoggerContext[default] - This is logback-classic version 1.4.5
08:59:45,582 |-INFO in ch.qos.logback.classic.LoggerContext[default] - Could NOT find resource [logback-test.xml]
08:59:45,599 |-INFO in ch.qos.logback.classic.LoggerContext[default] - Found resource [logback.xml] at [file:/home/runner/work/key/key/key.core/build/resources/test/logback.xml]
08:59:45,733 |-INFO in ch.qos.logback.core.model.processor.AppenderModelHandler - Processing appender named [STDOUT]
08:59:45,733 |-INFO in ch.qos.logback.core.model.processor.AppenderModelHandler - About to instantiate appender of type [ch.qos.logback.core.ConsoleAppender]
08:59:45,744 |-WARN in ch.qos.logback.core.model.processor.ImplicitModelHandler - Ignoring unknown property [file] in [ch.qos.logback.core.ConsoleAppender]
08:59:45,745 |-WARN in ch.qos.logback.core.model.processor.ImplicitModelHandler - Ignoring unknown property [append] in [ch.qos.logback.core.ConsoleAppender]
08:59:45,745 |-INFO in ch.qos.logback.core.model.processor.ImplicitModelHandler - Assuming default type [ch.qos.logback.classic.encoder.PatternLayoutEncoder] for [encoder] property
08:59:45,759 |-INFO in ch.qos.logback.classic.model.processor.RootLoggerModelHandler - Setting level of ROOT logger to WARN
08:59:45,763 |-INFO in ch.qos.logback.core.model.processor.AppenderRefModelHandler - Attaching appender named [STDOUT] to Logger[ROOT]
08:59:45,764 |-INFO in ch.qos.logback.core.model.processor.DefaultProcessor@62dae245 - End of configuration.
08:59:45,764 |-INFO in ch.qos.logback.classic.joran.JoranConfigurator@4b6579e8 - Registering current configuration as safe fallback point

Running test newBook
08:59:46,124 |-INFO in ch.qos.logback.classic.LoggerContext[default] - This is logback-classic version 1.4.5
08:59:46,153 |-INFO in ch.qos.logback.classic.LoggerContext[default] - Could NOT find resource [logback-test.xml]
08:59:46,177 |-INFO in ch.qos.logback.classic.LoggerContext[default] - Found resource [logback.xml] at [file:/home/runner/work/key/key/key.core/build/resources/test/logback.xml]
08:59:46,338 |-INFO in ch.qos.logback.core.model.processor.AppenderModelHandler - Processing appender named [STDOUT]
08:59:46,338 |-INFO in ch.qos.logback.core.model.processor.AppenderModelHandler - About to instantiate appender of type [ch.qos.logback.core.ConsoleAppender]
08:59:46,353 |-WARN in ch.qos.logback.core.model.processor.ImplicitModelHandler - Ignoring unknown property [file] in [ch.qos.logback.core.ConsoleAppender]
08:59:46,353 |-WARN in ch.qos.logback.core.model.processor.ImplicitModelHandler - Ignoring unknown property [append] in [ch.qos.logback.core.ConsoleAppender]
08:59:46,354 |-INFO in ch.qos.logback.core.model.processor.ImplicitModelHandler - Assuming default type [ch.qos.logback.classic.encoder.PatternLayoutEncoder] for [encoder] property
08:59:46,373 |-INFO in ch.qos.logback.classic.model.processor.RootLoggerModelHandler - Setting level of ROOT logger to WARN
08:59:46,377 |-INFO in ch.qos.logback.core.model.processor.AppenderRefModelHandler - Attaching appender named [STDOUT] to Logger[ROOT]
08:59:46,378 |-INFO in ch.qos.logback.core.model.processor.DefaultProcessor@2aceadd4 - End of configuration.
08:59:46,378 |-INFO in ch.qos.logback.classic.joran.JoranConfigurator@24aed80c - Registering current configuration as safe fallback point

364        WARN  main            d.u.i.k.s.ProofSettings   No proof-settings could be loaded, using defaults java.io.FileNotFoundException: /home/runner/.key/proof-settings.props (No such file or directory)
	at java.base/java.io.FileInputStream.open0(Native Method)

Returning from test newBook
Running test oldBook
09:00:45,967 |-INFO in ch.qos.logback.classic.LoggerContext[default] - This is logback-classic version 1.4.5
09:00:45,994 |-INFO in ch.qos.logback.classic.LoggerContext[default] - Could NOT find resource [logback-test.xml]
09:00:46,013 |-INFO in ch.qos.logback.classic.LoggerContext[default] - Found resource [logback.xml] at [file:/home/runner/work/key/key/key.core/build/resources/test/logback.xml]
09:00:46,174 |-INFO in ch.qos.logback.core.model.processor.AppenderModelHandler - Processing appender named [STDOUT]
09:00:46,174 |-INFO in ch.qos.logback.core.model.processor.AppenderModelHandler - About to instantiate appender of type [ch.qos.logback.core.ConsoleAppender]
09:00:46,190 |-WARN in ch.qos.logback.core.model.processor.ImplicitModelHandler - Ignoring unknown property [file] in [ch.qos.logback.core.ConsoleAppender]
09:00:46,190 |-WARN in ch.qos.logback.core.model.processor.ImplicitModelHandler - Ignoring unknown property [append] in [ch.qos.logback.core.ConsoleAppender]
09:00:46,191 |-INFO in ch.qos.logback.core.model.processor.ImplicitModelHandler - Assuming default type [ch.qos.logback.classic.encoder.PatternLayoutEncoder] for [encoder] property
09:00:46,212 |-INFO in ch.qos.logback.classic.model.processor.RootLoggerModelHandler - Setting level of ROOT logger to WARN
09:00:46,217 |-INFO in ch.qos.logback.core.model.processor.AppenderRefModelHandler - Attaching appender named [STDOUT] to Logger[ROOT]
09:00:46,217 |-INFO in ch.qos.logback.core.model.processor.DefaultProcessor@24269709 - End of configuration.
09:00:46,218 |-INFO in ch.qos.logback.classic.joran.JoranConfigurator@2aceadd4 - Registering current configuration as safe fallback point

353        WARN  main            d.u.i.k.s.ProofSettings   The settings in /home/runner/.key/proof-settings.props are *not* read. 
Returning from test oldBook
Running test comprehensions
09:01:02,762 |-INFO in ch.qos.logback.classic.LoggerContext[default] - This is logback-classic version 1.4.5
09:01:02,805 |-INFO in ch.qos.logback.classic.LoggerContext[default] - Could NOT find resource [logback-test.xml]
09:01:02,823 |-INFO in ch.qos.logback.classic.LoggerContext[default] - Found resource [logback.xml] at [file:/home/runner/work/key/key/key.core/build/resources/test/logback.xml]
09:01:02,970 |-INFO in ch.qos.logback.core.model.processor.AppenderModelHandler - Processing appender named [STDOUT]
09:01:02,970 |-INFO in ch.qos.logback.core.model.processor.AppenderModelHandler - About to instantiate appender of type [ch.qos.logback.core.ConsoleAppender]
09:01:02,985 |-WARN in ch.qos.logback.core.model.processor.ImplicitModelHandler - Ignoring unknown property [file] in [ch.qos.logback.core.ConsoleAppender]
09:01:02,985 |-WARN in ch.qos.logback.core.model.processor.ImplicitModelHandler - Ignoring unknown property [append] in [ch.qos.logback.core.ConsoleAppender]
09:01:02,986 |-INFO in ch.qos.logback.core.model.processor.ImplicitModelHandler - Assuming default type [ch.qos.logback.classic.encoder.PatternLayoutEncoder] for [encoder] property
09:01:03,010 |-INFO in ch.qos.logback.classic.model.processor.RootLoggerModelHandler - Setting level of ROOT logger to WARN
09:01:03,024 |-INFO in ch.qos.logback.core.model.processor.AppenderRefModelHandler - Attaching appender named [STDOUT] to Logger[ROOT]
09:01:03,025 |-INFO in ch.qos.logback.core.model.processor.DefaultProcessor@24269709 - End of configuration.
09:01:03,026 |-INFO in ch.qos.logback.classic.joran.JoranConfigurator@2aceadd4 - Registering current configuration as safe fallback point

408        WARN  main            d.u.i.k.s.ProofSettings   The settings in /home/runner/.key/proof-settings.props are *not* read. 
Returning from test comprehensions
Running test performance
09:02:10,892 |-INFO in ch.qos.logback.classic.LoggerContext[default] - This is logback-classic version 1.4.5
09:02:10,932 |-INFO in ch.qos.logback.classic.LoggerContext[default] - Could NOT find resource [logback-test.xml]
09:02:10,961 |-INFO in ch.qos.logback.classic.LoggerContext[default] - Found resource [logback.xml] at [file:/home/runner/work/key/key/key.core/build/resources/test/logback.xml]
09:02:11,123 |-INFO in ch.qos.logback.core.model.processor.AppenderModelHandler - Processing appender named [STDOUT]
09:02:11,123 |-INFO in ch.qos.logback.core.model.processor.AppenderModelHandler - About to instantiate appender of type [ch.qos.logback.core.ConsoleAppender]
09:02:11,137 |-WARN in ch.qos.logback.core.model.processor.ImplicitModelHandler - Ignoring unknown property [file] in [ch.qos.logback.core.ConsoleAppender]
09:02:11,137 |-WARN in ch.qos.logback.core.model.processor.ImplicitModelHandler - Ignoring unknown property [append] in [ch.qos.logback.core.ConsoleAppender]
09:02:11,138 |-INFO in ch.qos.logback.core.model.processor.ImplicitModelHandler - Assuming default type [ch.qos.logback.classic.encoder.PatternLayoutEncoder] for [encoder] property
09:02:11,158 |-INFO in ch.qos.logback.classic.model.processor.RootLoggerModelHandler - Setting level of ROOT logger to WARN
09:02:11,162 |-INFO in ch.qos.logback.core.model.processor.AppenderRefModelHandler - Attaching appender named [STDOUT] to Logger[ROOT]
09:02:11,162 |-INFO in ch.qos.logback.core.model.processor.DefaultProcessor@24269709 - End of configuration.
09:02:11,163 |-INFO in ch.qos.logback.classic.joran.JoranConfigurator@2aceadd4 - Registering current configuration as safe fallback point

430        WARN  main            d.u.i.k.s.ProofSettings   The settings in /home/runner/.key/proof-settings.props are *not* read. 
Returning from test performance
Running test performancePOConstruction
09:06:06,135 |-INFO in ch.qos.logback.classic.LoggerContext[default] - This is logback-classic version 1.4.5
09:06:06,184 |-INFO in ch.qos.logback.classic.LoggerContext[default] - Could NOT find resource [logback-test.xml]
09:06:06,201 |-INFO in ch.qos.logback.classic.LoggerContext[default] - Found resource [logback.xml] at [file:/home/runner/work/key/key/key.core/build/resources/test/logback.xml]
09:06:06,355 |-INFO in ch.qos.logback.core.model.processor.AppenderModelHandler - Processing appender named [STDOUT]
09:06:06,355 |-INFO in ch.qos.logback.core.model.processor.AppenderModelHandler - About to instantiate appender of type [ch.qos.logback.core.ConsoleAppender]
09:06:06,370 |-WARN in ch.qos.logback.core.model.processor.ImplicitModelHandler - Ignoring unknown property [file] in [ch.qos.logback.core.ConsoleAppender]
09:06:06,370 |-WARN in ch.qos.logback.core.model.processor.ImplicitModelHandler - Ignoring unknown property [append] in [ch.qos.logback.core.ConsoleAppender]
09:06:06,371 |-INFO in ch.qos.logback.core.model.processor.ImplicitModelHandler - Assuming default type [ch.qos.logback.classic.encoder.PatternLayoutEncoder] for [encoder] property
09:06:06,390 |-INFO in ch.qos.logback.classic.model.processor.RootLoggerModelHandler - Setting level of ROOT logger to WARN
09:06:06,395 |-INFO in ch.qos.logback.core.model.processor.AppenderRefModelHandler - Attaching appender named [STDOUT] to Logger[ROOT]
09:06:06,396 |-INFO in ch.qos.logback.core.model.processor.DefaultProcessor@24269709 - End of configuration.
09:06:06,396 |-INFO in ch.qos.logback.classic.joran.JoranConfigurator@2aceadd4 - Registering current configuration as safe fallback point

375        WARN  main            d.u.i.k.s.ProofSettings   The settings in /home/runner/.key/proof-settings.props are *not* read. 
Returning from test performancePOConstruction
Running test applicationRestrictions
09:07:18,847 |-INFO in ch.qos.logback.classic.LoggerContext[default] - This is logback-classic version 1.4.5
09:07:18,873 |-INFO in ch.qos.logback.classic.LoggerContext[default] - Could NOT find resource [logback-test.xml]
09:07:18,890 |-INFO in ch.qos.logback.classic.LoggerContext[default] - Found resource [logback.xml] at [file:/home/runner/work/key/key/key.core/build/resources/test/logback.xml]
09:07:19,032 |-INFO in ch.qos.logback.core.model.processor.AppenderModelHandler - Processing appender named [STDOUT]
09:07:19,033 |-INFO in ch.qos.logback.core.model.processor.AppenderModelHandler - About to instantiate appender of type [ch.qos.logback.core.ConsoleAppender]
09:07:19,048 |-WARN in ch.qos.logback.core.model.processor.ImplicitModelHandler - Ignoring unknown property [file] in [ch.qos.logback.core.ConsoleAppender]
09:07:19,048 |-WARN in ch.qos.logback.core.model.processor.ImplicitModelHandler - Ignoring unknown property [append] in [ch.qos.logback.core.ConsoleAppender]
09:07:19,049 |-INFO in ch.qos.logback.core.model.processor.ImplicitModelHandler - Assuming default type [ch.qos.logback.classic.encoder.PatternLayoutEncoder] for [encoder] property
09:07:19,071 |-INFO in ch.qos.logback.classic.model.processor.RootLoggerModelHandler - Setting level of ROOT logger to WARN
09:07:19,081 |-INFO in ch.qos.logback.core.model.processor.AppenderRefModelHandler - Attaching appender named [STDOUT] to Logger[ROOT]
09:07:19,082 |-INFO in ch.qos.logback.core.model.processor.DefaultProcessor@24269709 - End of configuration.
09:07:19,083 |-INFO in ch.qos.logback.classic.joran.JoranConfigurator@2aceadd4 - Registering current configuration as safe fallback point

342        WARN  main            d.u.i.k.s.ProofSettings   The settings in /home/runner/.key/proof-settings.props are *not* read. 
Returning from test applicationRestrictions
Running test blockContracts
09:08:06,292 |-INFO in ch.qos.logback.classic.LoggerContext[default] - This is logback-classic version 1.4.5
09:08:06,323 |-INFO in ch.qos.logback.classic.LoggerContext[default] - Could NOT find resource [logback-test.xml]
09:08:06,340 |-INFO in ch.qos.logback.classic.LoggerContext[default] - Found resource [logback.xml] at [file:/home/runner/work/key/key/key.core/build/resources/test/logback.xml]
09:08:06,520 |-INFO in ch.qos.logback.core.model.processor.AppenderModelHandler - Processing appender named [STDOUT]
09:08:06,520 |-INFO in ch.qos.logback.core.model.processor.AppenderModelHandler - About to instantiate appender of type [ch.qos.logback.core.ConsoleAppender]
09:08:06,542 |-WARN in ch.qos.logback.core.model.processor.ImplicitModelHandler - Ignoring unknown property [file] in [ch.qos.logback.core.ConsoleAppender]
09:08:06,542 |-WARN in ch.qos.logback.core.model.processor.ImplicitModelHandler - Ignoring unknown property [append] in [ch.qos.logback.core.ConsoleAppender]
09:08:06,543 |-INFO in ch.qos.logback.core.model.processor.ImplicitModelHandler - Assuming default type [ch.qos.logback.classic.encoder.PatternLayoutEncoder] for [encoder] property
09:08:06,580 |-INFO in ch.qos.logback.classic.model.processor.RootLoggerModelHandler - Setting level of ROOT logger to WARN
09:08:06,593 |-INFO in ch.qos.logback.core.model.processor.AppenderRefModelHandler - Attaching appender named [STDOUT] to Logger[ROOT]
09:08:06,594 |-INFO in ch.qos.logback.core.model.processor.DefaultProcessor@24269709 - End of configuration.
09:08:06,595 |-INFO in ch.qos.logback.classic.joran.JoranConfigurator@2aceadd4 - Registering current configuration as safe fallback point

436        WARN  main            d.u.i.k.s.ProofSettings   The settings in /home/runner/.key/proof-settings.props are *not* read. 
Returning from test blockContracts
Running test jmlAsserts
09:10:17,953 |-INFO in ch.qos.logback.classic.LoggerContext[default] - This is logback-classic version 1.4.5
09:10:17,994 |-INFO in ch.qos.logback.classic.LoggerContext[default] - Could NOT find resource [logback-test.xml]
09:10:18,019 |-INFO in ch.qos.logback.classic.LoggerContext[default] - Found resource [logback.xml] at [file:/home/runner/work/key/key/key.core/build/resources/test/logback.xml]
09:10:18,161 |-INFO in ch.qos.logback.core.model.processor.AppenderModelHandler - Processing appender named [STDOUT]
09:10:18,161 |-INFO in ch.qos.logback.core.model.processor.AppenderModelHandler - About to instantiate appender of type [ch.qos.logback.core.ConsoleAppender]
09:10:18,176 |-WARN in ch.qos.logback.core.model.processor.ImplicitModelHandler - Ignoring unknown property [file] in [ch.qos.logback.core.ConsoleAppender]
09:10:18,176 |-WARN in ch.qos.logback.core.model.processor.ImplicitModelHandler - Ignoring unknown property [append] in [ch.qos.logback.core.ConsoleAppender]
09:10:18,177 |-INFO in ch.qos.logback.core.model.processor.ImplicitModelHandler - Assuming default type [ch.qos.logback.classic.encoder.PatternLayoutEncoder] for [encoder] property
09:10:18,196 |-INFO in ch.qos.logback.classic.model.processor.RootLoggerModelHandler - Setting level of ROOT logger to WARN
09:10:18,208 |-INFO in ch.qos.logback.core.model.processor.AppenderRefModelHandler - Attaching appender named [STDOUT] to Logger[ROOT]
09:10:18,209 |-INFO in ch.qos.logback.core.model.processor.DefaultProcessor@24269709 - End of configuration.
09:10:18,209 |-INFO in ch.qos.logback.classic.joran.JoranConfigurator@2aceadd4 - Registering current configuration as safe fallback point

374        WARN  main            d.u.i.k.s.ProofSettings   The settings in /home/runner/.key/proof-settings.props are *not* read. 
Returning from test jmlAsserts
Running test javaCard
09:11:46,965 |-INFO in ch.qos.logback.classic.LoggerContext[default] - This is logback-classic version 1.4.5
09:11:46,994 |-INFO in ch.qos.logback.classic.LoggerContext[default] - Could NOT find resource [logback-test.xml]
09:11:47,013 |-INFO in ch.qos.logback.classic.LoggerContext[default] - Found resource [logback.xml] at [file:/home/runner/work/key/key/key.core/build/resources/test/logback.xml]
09:11:47,181 |-INFO in ch.qos.logback.core.model.processor.AppenderModelHandler - Processing appender named [STDOUT]
09:11:47,182 |-INFO in ch.qos.logback.core.model.processor.AppenderModelHandler - About to instantiate appender of type [ch.qos.logback.core.ConsoleAppender]
09:11:47,197 |-WARN in ch.qos.logback.core.model.processor.ImplicitModelHandler - Ignoring unknown property [file] in [ch.qos.logback.core.ConsoleAppender]
09:11:47,197 |-WARN in ch.qos.logback.core.model.processor.ImplicitModelHandler - Ignoring unknown property [append] in [ch.qos.logback.core.ConsoleAppender]
09:11:47,198 |-INFO in ch.qos.logback.core.model.processor.ImplicitModelHandler - Assuming default type [ch.qos.logback.classic.encoder.PatternLayoutEncoder] for [encoder] property
09:11:47,219 |-INFO in ch.qos.logback.classic.model.processor.RootLoggerModelHandler - Setting level of ROOT logger to WARN
09:11:47,223 |-INFO in ch.qos.logback.core.model.processor.AppenderRefModelHandler - Attaching appender named [STDOUT] to Logger[ROOT]
09:11:47,224 |-INFO in ch.qos.logback.core.model.processor.DefaultProcessor@24269709 - End of configuration.
09:11:47,224 |-INFO in ch.qos.logback.classic.joran.JoranConfigurator@2aceadd4 - Registering current configuration as safe fallback point

370        WARN  main            d.u.i.k.s.ProofSettings   The settings in /home/runner/.key/proof-settings.props are *not* read. 
Returning from test javaCard
Running test project.key
09:12:18,598 |-INFO in ch.qos.logback.classic.LoggerContext[default] - This is logback-classic version 1.4.5
09:12:18,637 |-INFO in ch.qos.logback.classic.LoggerContext[default] - Could NOT find resource [logback-test.xml]
09:12:18,655 |-INFO in ch.qos.logback.classic.LoggerContext[default] - Found resource [logback.xml] at [file:/home/runner/work/key/key/key.core/build/resources/test/logback.xml]
09:12:18,835 |-INFO in ch.qos.logback.core.model.processor.AppenderModelHandler - Processing appender named [STDOUT]
09:12:18,835 |-INFO in ch.qos.logback.core.model.processor.AppenderModelHandler - About to instantiate appender of type [ch.qos.logback.core.ConsoleAppender]
09:12:18,850 |-WARN in ch.qos.logback.core.model.processor.ImplicitModelHandler - Ignoring unknown property [file] in [ch.qos.logback.core.ConsoleAppender]
09:12:18,850 |-WARN in ch.qos.logback.core.model.processor.ImplicitModelHandler - Ignoring unknown property [append] in [ch.qos.logback.core.ConsoleAppender]
09:12:18,851 |-INFO in ch.qos.logback.core.model.processor.ImplicitModelHandler - Assuming default type [ch.qos.logback.classic.encoder.PatternLayoutEncoder] for [encoder] property
09:12:18,870 |-INFO in ch.qos.logback.classic.model.processor.RootLoggerModelHandler - Setting level of ROOT logger to WARN
09:12:18,874 |-INFO in ch.qos.logback.core.model.processor.AppenderRefModelHandler - Attaching appender named [STDOUT] to Logger[ROOT]
09:12:18,875 |-INFO in ch.qos.logback.core.model.processor.DefaultProcessor@24269709 - End of configuration.
09:12:18,875 |-INFO in ch.qos.logback.classic.joran.JoranConfigurator@2aceadd4 - Registering current configuration as safe fallback point

371        WARN  main            d.u.i.k.s.ProofSettings   The settings in /home/runner/.key/proof-settings.props are *not* read. 
Returning from test project.key
Running test project.key#1
09:12:53,630 |-INFO in ch.qos.logback.classic.LoggerContext[default] - This is logback-classic version 1.4.5
09:12:53,671 |-INFO in ch.qos.logback.classic.LoggerContext[default] - Could NOT find resource [logback-test.xml]
09:12:53,693 |-INFO in ch.qos.logback.classic.LoggerContext[default] - Found resource [logback.xml] at [file:/home/runner/work/key/key/key.core/build/resources/test/logback.xml]
09:12:53,852 |-INFO in ch.qos.logback.core.model.processor.AppenderModelHandler - Processing appender named [STDOUT]
09:12:53,853 |-INFO in ch.qos.logback.core.model.processor.AppenderModelHandler - About to instantiate appender of type [ch.qos.logback.core.ConsoleAppender]
09:12:53,868 |-WARN in ch.qos.logback.core.model.processor.ImplicitModelHandler - Ignoring unknown property [file] in [ch.qos.logback.core.ConsoleAppender]
09:12:53,869 |-WARN in ch.qos.logback.core.model.processor.ImplicitModelHandler - Ignoring unknown property [append] in [ch.qos.logback.core.ConsoleAppender]
09:12:53,869 |-INFO in ch.qos.logback.core.model.processor.ImplicitModelHandler - Assuming default type [ch.qos.logback.classic.encoder.PatternLayoutEncoder] for [encoder] property
09:12:53,889 |-INFO in ch.qos.logback.classic.model.processor.RootLoggerModelHandler - Setting level of ROOT logger to WARN
09:12:53,893 |-INFO in ch.qos.logback.core.model.processor.AppenderRefModelHandler - Attaching appender named [STDOUT] to Logger[ROOT]
09:12:53,894 |-INFO in ch.qos.logback.core.model.processor.DefaultProcessor@24269709 - End of configuration.
09:12:53,894 |-INFO in ch.qos.logback.classic.joran.JoranConfigurator@2aceadd4 - Registering current configuration as safe fallback point

393        WARN  main            d.u.i.k.s.ProofSettings   The settings in /home/runner/.key/proof-settings.props are *not* read. 
Returning from test project.key#1
Running test lcp.key
09:13:07,244 |-INFO in ch.qos.logback.classic.LoggerContext[default] - This is logback-classic version 1.4.5
09:13:07,273 |-INFO in ch.qos.logback.classic.LoggerContext[default] - Could NOT find resource [logback-test.xml]
09:13:07,297 |-INFO in ch.qos.logback.classic.LoggerContext[default] - Found resource [logback.xml] at [file:/home/runner/work/key/key/key.core/build/resources/test/logback.xml]
09:13:07,464 |-INFO in ch.qos.logback.core.model.processor.AppenderModelHandler - Processing appender named [STDOUT]
09:13:07,464 |-INFO in ch.qos.logback.core.model.processor.AppenderModelHandler - About to instantiate appender of type [ch.qos.logback.core.ConsoleAppender]
09:13:07,485 |-WARN in ch.qos.logback.core.model.processor.ImplicitModelHandler - Ignoring unknown property [file] in [ch.qos.logback.core.ConsoleAppender]
09:13:07,485 |-WARN in ch.qos.logback.core.model.processor.ImplicitModelHandler - Ignoring unknown property [append] in [ch.qos.logback.core.ConsoleAppender]
09:13:07,486 |-INFO in ch.qos.logback.core.model.processor.ImplicitModelHandler - Assuming default type [ch.qos.logback.classic.encoder.PatternLayoutEncoder] for [encoder] property
09:13:07,520 |-INFO in ch.qos.logback.classic.model.processor.RootLoggerModelHandler - Setting level of ROOT logger to WARN
09:13:07,534 |-INFO in ch.qos.logback.core.model.processor.AppenderRefModelHandler - Attaching appender named [STDOUT] to Logger[ROOT]
09:13:07,535 |-INFO in ch.qos.logback.core.model.processor.DefaultProcessor@24269709 - End of configuration.
09:13:07,535 |-INFO in ch.qos.logback.classic.joran.JoranConfigurator@2aceadd4 - Registering current configuration as safe fallback point

424        WARN  main            d.u.i.k.s.ProofSettings   The settings in /home/runner/.key/proof-settings.props are *not* read. 
Returning from test lcp.key
Running test project.key#2
09:13:22,268 |-INFO in ch.qos.logback.classic.LoggerContext[default] - This is logback-classic version 1.4.5
09:13:22,317 |-INFO in ch.qos.logback.classic.LoggerContext[default] - Could NOT find resource [logback-test.xml]
09:13:22,341 |-INFO in ch.qos.logback.classic.LoggerContext[default] - Found resource [logback.xml] at [file:/home/runner/work/key/key/key.core/build/resources/test/logback.xml]
09:13:22,505 |-INFO in ch.qos.logback.core.model.processor.AppenderModelHandler - Processing appender named [STDOUT]
09:13:22,505 |-INFO in ch.qos.logback.core.model.processor.AppenderModelHandler - About to instantiate appender of type [ch.qos.logback.core.ConsoleAppender]
09:13:22,519 |-WARN in ch.qos.logback.core.model.processor.ImplicitModelHandler - Ignoring unknown property [file] in [ch.qos.logback.core.ConsoleAppender]
09:13:22,519 |-WARN in ch.qos.logback.core.model.processor.ImplicitModelHandler - Ignoring unknown property [append] in [ch.qos.logback.core.ConsoleAppender]
09:13:22,520 |-INFO in ch.qos.logback.core.model.processor.ImplicitModelHandler - Assuming default type [ch.qos.logback.classic.encoder.PatternLayoutEncoder] for [encoder] property
09:13:22,540 |-INFO in ch.qos.logback.classic.model.processor.RootLoggerModelHandler - Setting level of ROOT logger to WARN
09:13:22,544 |-INFO in ch.qos.logback.core.model.processor.AppenderRefModelHandler - Attaching appender named [STDOUT] to Logger[ROOT]
09:13:22,544 |-INFO in ch.qos.logback.core.model.processor.DefaultProcessor@24269709 - End of configuration.
09:13:22,545 |-INFO in ch.qos.logback.classic.joran.JoranConfigurator@2aceadd4 - Registering current configuration as safe fallback point

390        WARN  main            d.u.i.k.s.ProofSettings   The settings in /home/runner/.key/proof-settings.props are *not* read. 
Returning from test project.key#2
Running test ArrayList_contains.key
09:13:41,544 |-INFO in ch.qos.logback.classic.LoggerContext[default] - This is logback-classic version 1.4.5
09:13:41,572 |-INFO in ch.qos.logback.classic.LoggerContext[default] - Could NOT find resource [logback-test.xml]
09:13:41,592 |-INFO in ch.qos.logback.classic.LoggerContext[default] - Found resource [logback.xml] at [file:/home/runner/work/key/key/key.core/build/resources/test/logback.xml]
09:13:41,748 |-INFO in ch.qos.logback.core.model.processor.AppenderModelHandler - Processing appender named [STDOUT]
09:13:41,748 |-INFO in ch.qos.logback.core.model.processor.AppenderModelHandler - About to instantiate appender of type [ch.qos.logback.core.ConsoleAppender]
09:13:41,765 |-WARN in ch.qos.logback.core.model.processor.ImplicitModelHandler - Ignoring unknown property [file] in [ch.qos.logback.core.ConsoleAppender]
09:13:41,765 |-WARN in ch.qos.logback.core.model.processor.ImplicitModelHandler - Ignoring unknown property [append] in [ch.qos.logback.core.ConsoleAppender]
09:13:41,766 |-INFO in ch.qos.logback.core.model.processor.ImplicitModelHandler - Assuming default type [ch.qos.logback.classic.encoder.PatternLayoutEncoder] for [encoder] property
09:13:41,785 |-INFO in ch.qos.logback.classic.model.processor.RootLoggerModelHandler - Setting level of ROOT logger to WARN
09:13:41,790 |-INFO in ch.qos.logback.core.model.processor.AppenderRefModelHandler - Attaching appender named [STDOUT] to Logger[ROOT]
09:13:41,791 |-INFO in ch.qos.logback.core.model.processor.DefaultProcessor@24269709 - End of configuration.
09:13:41,791 |-INFO in ch.qos.logback.classic.joran.JoranConfigurator@2aceadd4 - Registering current configuration as safe fallback point

400        WARN  main            d.u.i.k.s.ProofSettings   The settings in /home/runner/.key/proof-settings.props are *not* read. 
Returning from test ArrayList_contains.key
Running test ArrayList_get.key
09:13:55,454 |-INFO in ch.qos.logback.classic.LoggerContext[default] - This is logback-classic version 1.4.5
09:13:55,483 |-INFO in ch.qos.logback.classic.LoggerContext[default] - Could NOT find resource [logback-test.xml]
09:13:55,509 |-INFO in ch.qos.logback.classic.LoggerContext[default] - Found resource [logback.xml] at [file:/home/runner/work/key/key/key.core/build/resources/test/logback.xml]
09:13:55,646 |-INFO in ch.qos.logback.core.model.processor.AppenderModelHandler - Processing appender named [STDOUT]
09:13:55,647 |-INFO in ch.qos.logback.core.model.processor.AppenderModelHandler - About to instantiate appender of type [ch.qos.logback.core.ConsoleAppender]
09:13:55,662 |-WARN in ch.qos.logback.core.model.processor.ImplicitModelHandler - Ignoring unknown property [file] in [ch.qos.logback.core.ConsoleAppender]
09:13:55,662 |-WARN in ch.qos.logback.core.model.processor.ImplicitModelHandler - Ignoring unknown property [append] in [ch.qos.logback.core.ConsoleAppender]
09:13:55,663 |-INFO in ch.qos.logback.core.model.processor.ImplicitModelHandler - Assuming default type [ch.qos.logback.classic.encoder.PatternLayoutEncoder] for [encoder] property
09:13:55,684 |-INFO in ch.qos.logback.classic.model.processor.RootLoggerModelHandler - Setting level of ROOT logger to WARN
09:13:55,689 |-INFO in ch.qos.logback.core.model.processor.AppenderRefModelHandler - Attaching appender named [STDOUT] to Logger[ROOT]
09:13:55,689 |-INFO in ch.qos.logback.core.model.processor.DefaultProcessor@24269709 - End of configuration.
09:13:55,690 |-INFO in ch.qos.logback.classic.joran.JoranConfigurator@2aceadd4 - Registering current configuration as safe fallback point

336        WARN  main            d.u.i.k.s.ProofSettings   The settings in /home/runner/.key/proof-settings.props are *not* read. 
Returning from test ArrayList_get.key
Running test ArrayList_size.key
09:14:10,368 |-INFO in ch.qos.logback.classic.LoggerContext[default] - This is logback-classic version 1.4.5
09:14:10,401 |-INFO in ch.qos.logback.classic.LoggerContext[default] - Could NOT find resource [logback-test.xml]
09:14:10,420 |-INFO in ch.qos.logback.classic.LoggerContext[default] - Found resource [logback.xml] at [file:/home/runner/work/key/key/key.core/build/resources/test/logback.xml]
09:14:10,580 |-INFO in ch.qos.logback.core.model.processor.AppenderModelHandler - Processing appender named [STDOUT]
09:14:10,580 |-INFO in ch.qos.logback.core.model.processor.AppenderModelHandler - About to instantiate appender of type [ch.qos.logback.core.ConsoleAppender]
09:14:10,594 |-WARN in ch.qos.logback.core.model.processor.ImplicitModelHandler - Ignoring unknown property [file] in [ch.qos.logback.core.ConsoleAppender]
09:14:10,594 |-WARN in ch.qos.logback.core.model.processor.ImplicitModelHandler - Ignoring unknown property [append] in [ch.qos.logback.core.ConsoleAppender]
09:14:10,595 |-INFO in ch.qos.logback.core.model.processor.ImplicitModelHandler - Assuming default type [ch.qos.logback.classic.encoder.PatternLayoutEncoder] for [encoder] property
09:14:10,615 |-INFO in ch.qos.logback.classic.model.processor.RootLoggerModelHandler - Setting level of ROOT logger to WARN
09:14:10,621 |-INFO in ch.qos.logback.core.model.processor.AppenderRefModelHandler - Attaching appender named [STDOUT] to Logger[ROOT]
09:14:10,621 |-INFO in ch.qos.logback.core.model.processor.DefaultProcessor@24269709 - End of configuration.
09:14:10,622 |-INFO in ch.qos.logback.classic.joran.JoranConfigurator@2aceadd4 - Registering current configuration as safe fallback point

357        WARN  main            d.u.i.k.s.ProofSettings   The settings in /home/runner/.key/proof-settings.props are *not* read. 
Returning from test ArrayList_size.key
Running test UpdateAbstraction_ex7_3_secure.key
09:14:23,761 |-INFO in ch.qos.logback.classic.LoggerContext[default] - This is logback-classic version 1.4.5
09:14:23,789 |-INFO in ch.qos.logback.classic.LoggerContext[default] - Could NOT find resource [logback-test.xml]
09:14:23,816 |-INFO in ch.qos.logback.classic.LoggerContext[default] - Found resource [logback.xml] at [file:/home/runner/work/key/key/key.core/build/resources/test/logback.xml]
09:14:23,977 |-INFO in ch.qos.logback.core.model.processor.AppenderModelHandler - Processing appender named [STDOUT]
09:14:23,977 |-INFO in ch.qos.logback.core.model.processor.AppenderModelHandler - About to instantiate appender of type [ch.qos.logback.core.ConsoleAppender]
09:14:23,995 |-WARN in ch.qos.logback.core.model.processor.ImplicitModelHandler - Ignoring unknown property [file] in [ch.qos.logback.core.ConsoleAppender]
09:14:23,995 |-WARN in ch.qos.logback.core.model.processor.ImplicitModelHandler - Ignoring unknown property [append] in [ch.qos.logback.core.ConsoleAppender]
09:14:23,996 |-INFO in ch.qos.logback.core.model.processor.ImplicitModelHandler - Assuming default type [ch.qos.logback.classic.encoder.PatternLayoutEncoder] for [encoder] property
09:14:24,016 |-INFO in ch.qos.logback.classic.model.processor.RootLoggerModelHandler - Setting level of ROOT logger to WARN
09:14:24,026 |-INFO in ch.qos.logback.core.model.processor.AppenderRefModelHandler - Attaching appender named [STDOUT] to Logger[ROOT]
09:14:24,026 |-INFO in ch.qos.logback.core.model.processor.DefaultProcessor@24269709 - End of configuration.
09:14:24,027 |-INFO in ch.qos.logback.classic.joran.JoranConfigurator@2aceadd4 - Registering current configuration as safe fallback point

372        WARN  main            d.u.i.k.s.ProofSettings   The settings in /home/runner/.key/proof-settings.props are *not* read. 
Returning from test UpdateAbstraction_ex7_3_secure.key
Running test UpdateAbstraction_ex7_4_secure.key
09:14:36,917 |-INFO in ch.qos.logback.classic.LoggerContext[default] - This is logback-classic version 1.4.5
09:14:36,958 |-INFO in ch.qos.logback.classic.LoggerContext[default] - Could NOT find resource [logback-test.xml]
09:14:36,977 |-INFO in ch.qos.logback.classic.LoggerContext[default] - Found resource [logback.xml] at [file:/home/runner/work/key/key/key.core/build/resources/test/logback.xml]
09:14:37,129 |-INFO in ch.qos.logback.core.model.processor.AppenderModelHandler - Processing appender named [STDOUT]
09:14:37,130 |-INFO in ch.qos.logback.core.model.processor.AppenderModelHandler - About to instantiate appender of type [ch.qos.logback.core.ConsoleAppender]
09:14:37,153 |-WARN in ch.qos.logback.core.model.processor.ImplicitModelHandler - Ignoring unknown property [file] in [ch.qos.logback.core.ConsoleAppender]
09:14:37,153 |-WARN in ch.qos.logback.core.model.processor.ImplicitModelHandler - Ignoring unknown property [append] in [ch.qos.logback.core.ConsoleAppender]
09:14:37,157 |-INFO in ch.qos.logback.core.model.processor.ImplicitModelHandler - Assuming default type [ch.qos.logback.classic.encoder.PatternLayoutEncoder] for [encoder] property
09:14:37,184 |-INFO in ch.qos.logback.classic.model.processor.RootLoggerModelHandler - Setting level of ROOT logger to WARN
09:14:37,195 |-INFO in ch.qos.logback.core.model.processor.AppenderRefModelHandler - Attaching appender named [STDOUT] to Logger[ROOT]
09:14:37,195 |-INFO in ch.qos.logback.core.model.processor.DefaultProcessor@24269709 - End of configuration.
09:14:37,196 |-INFO in ch.qos.logback.classic.joran.JoranConfigurator@2aceadd4 - Registering current configuration as safe fallback point

415        WARN  main            d.u.i.k.s.ProofSettings   The settings in /home/runner/.key/proof-settings.props are *not* read. 
Returning from test UpdateAbstraction_ex7_4_secure.key
Running test UpdateAbstraction_ex7_5_secure.key
09:14:50,265 |-INFO in ch.qos.logback.classic.LoggerContext[default] - This is logback-classic version 1.4.5
09:14:50,295 |-INFO in ch.qos.logback.classic.LoggerContext[default] - Could NOT find resource [logback-test.xml]
09:14:50,320 |-INFO in ch.qos.logback.classic.LoggerContext[default] - Found resource [logback.xml] at [file:/home/runner/work/key/key/key.core/build/resources/test/logback.xml]
09:14:50,497 |-INFO in ch.qos.logback.core.model.processor.AppenderModelHandler - Processing appender named [STDOUT]
09:14:50,497 |-INFO in ch.qos.logback.core.model.processor.AppenderModelHandler - About to instantiate appender of type [ch.qos.logback.core.ConsoleAppender]
09:14:50,511 |-WARN in ch.qos.logback.core.model.processor.ImplicitModelHandler - Ignoring unknown property [file] in [ch.qos.logback.core.ConsoleAppender]
09:14:50,511 |-WARN in ch.qos.logback.core.model.processor.ImplicitModelHandler - Ignoring unknown property [append] in [ch.qos.logback.core.ConsoleAppender]
09:14:50,512 |-INFO in ch.qos.logback.core.model.processor.ImplicitModelHandler - Assuming default type [ch.qos.logback.classic.encoder.PatternLayoutEncoder] for [encoder] property
09:14:50,531 |-INFO in ch.qos.logback.classic.model.processor.RootLoggerModelHandler - Setting level of ROOT logger to WARN
09:14:50,536 |-INFO in ch.qos.logback.core.model.processor.AppenderRefModelHandler - Attaching appender named [STDOUT] to Logger[ROOT]
09:14:50,537 |-INFO in ch.qos.logback.core.model.processor.DefaultProcessor@24269709 - End of configuration.
09:14:50,537 |-INFO in ch.qos.logback.classic.joran.JoranConfigurator@2aceadd4 - Registering current configuration as safe fallback point

408        WARN  main            d.u.i.k.s.ProofSettings   The settings in /home/runner/.key/proof-settings.props are *not* read. 
Returning from test UpdateAbstraction_ex7_5_secure.key
Running test UpdateAbstraction_ex7_6_secure.key
09:15:02,939 |-INFO in ch.qos.logback.classic.LoggerContext[default] - This is logback-classic version 1.4.5
09:15:02,965 |-INFO in ch.qos.logback.classic.LoggerContext[default] - Could NOT find resource [logback-test.xml]
09:15:02,981 |-INFO in ch.qos.logback.classic.LoggerContext[default] - Found resource [logback.xml] at [file:/home/runner/work/key/key/key.core/build/resources/test/logback.xml]
09:15:03,126 |-INFO in ch.qos.logback.core.model.processor.AppenderModelHandler - Processing appender named [STDOUT]
09:15:03,127 |-INFO in ch.qos.logback.core.model.processor.AppenderModelHandler - About to instantiate appender of type [ch.qos.logback.core.ConsoleAppender]
09:15:03,142 |-WARN in ch.qos.logback.core.model.processor.ImplicitModelHandler - Ignoring unknown property [file] in [ch.qos.logback.core.ConsoleAppender]
09:15:03,142 |-WARN in ch.qos.logback.core.model.processor.ImplicitModelHandler - Ignoring unknown property [append] in [ch.qos.logback.core.ConsoleAppender]
09:15:03,143 |-INFO in ch.qos.logback.core.model.processor.ImplicitModelHandler - Assuming default type [ch.qos.logback.classic.encoder.PatternLayoutEncoder] for [encoder] property
09:15:03,171 |-INFO in ch.qos.logback.classic.model.processor.RootLoggerModelHandler - Setting level of ROOT logger to WARN
09:15:03,176 |-INFO in ch.qos.logback.core.model.processor.AppenderRefModelHandler - Attaching appender named [STDOUT] to Logger[ROOT]
09:15:03,176 |-INFO in ch.qos.logback.core.model.processor.DefaultProcessor@24269709 - End of configuration.
09:15:03,177 |-INFO in ch.qos.logback.classic.joran.JoranConfigurator@2aceadd4 - Registering current configuration as safe fallback point

351        WARN  main            d.u.i.k.s.ProofSettings   The settings in /home/runner/.key/proof-settings.props are *not* read. 
Returning from test UpdateAbstraction_ex7_6_secure.key
Running test UpdateAbstraction_ex9_secure.key
09:15:16,469 |-INFO in ch.qos.logback.classic.LoggerContext[default] - This is logback-classic version 1.4.5
09:15:16,502 |-INFO in ch.qos.logback.classic.LoggerContext[default] - Could NOT find resource [logback-test.xml]
09:15:16,519 |-INFO in ch.qos.logback.classic.LoggerContext[default] - Found resource [logback.xml] at [file:/home/runner/work/key/key/key.core/build/resources/test/logback.xml]
09:15:16,708 |-INFO in ch.qos.logback.core.model.processor.AppenderModelHandler - Processing appender named [STDOUT]
09:15:16,708 |-INFO in ch.qos.logback.core.model.processor.AppenderModelHandler - About to instantiate appender of type [ch.qos.logback.core.ConsoleAppender]
09:15:16,723 |-WARN in ch.qos.logback.core.model.processor.ImplicitModelHandler - Ignoring unknown property [file] in [ch.qos.logback.core.ConsoleAppender]
09:15:16,723 |-WARN in ch.qos.logback.core.model.processor.ImplicitModelHandler - Ignoring unknown property [append] in [ch.qos.logback.core.ConsoleAppender]
09:15:16,724 |-INFO in ch.qos.logback.core.model.processor.ImplicitModelHandler - Assuming default type [ch.qos.logback.classic.encoder.PatternLayoutEncoder] for [encoder] property
09:15:16,744 |-INFO in ch.qos.logback.classic.model.processor.RootLoggerModelHandler - Setting level of ROOT logger to WARN
09:15:16,749 |-INFO in ch.qos.logback.core.model.processor.AppenderRefModelHandler - Attaching appender named [STDOUT] to Logger[ROOT]
09:15:16,749 |-INFO in ch.qos.logback.core.model.processor.DefaultProcessor@24269709 - End of configuration.
09:15:16,750 |-INFO in ch.qos.logback.classic.joran.JoranConfigurator@2aceadd4 - Registering current configuration as safe fallback point

383        WARN  main            d.u.i.k.s.ProofSettings   The settings in /home/runner/.key/proof-settings.props are *not* read. 
Returning from test UpdateAbstraction_ex9_secure.key
Running test list
09:15:31,149 |-INFO in ch.qos.logback.classic.LoggerContext[default] - This is logback-classic version 1.4.5
09:15:31,175 |-INFO in ch.qos.logback.classic.LoggerContext[default] - Could NOT find resource [logback-test.xml]
09:15:31,195 |-INFO in ch.qos.logback.classic.LoggerContext[default] - Found resource [logback.xml] at [file:/home/runner/work/key/key/key.core/build/resources/test/logback.xml]
09:15:31,386 |-INFO in ch.qos.logback.core.model.processor.AppenderModelHandler - Processing appender named [STDOUT]
09:15:31,386 |-INFO in ch.qos.logback.core.model.processor.AppenderModelHandler - About to instantiate appender of type [ch.qos.logback.core.ConsoleAppender]
09:15:31,401 |-WARN in ch.qos.logback.core.model.processor.ImplicitModelHandler - Ignoring unknown property [file] in [ch.qos.logback.core.ConsoleAppender]
09:15:31,401 |-WARN in ch.qos.logback.core.model.processor.ImplicitModelHandler - Ignoring unknown property [append] in [ch.qos.logback.core.ConsoleAppender]
09:15:31,402 |-INFO in ch.qos.logback.core.model.processor.ImplicitModelHandler - Assuming default type [ch.qos.logback.classic.encoder.PatternLayoutEncoder] for [encoder] property
09:15:31,422 |-INFO in ch.qos.logback.classic.model.processor.RootLoggerModelHandler - Setting level of ROOT logger to WARN
09:15:31,427 |-INFO in ch.qos.logback.core.model.processor.AppenderRefModelHandler - Attaching appender named [STDOUT] to Logger[ROOT]
09:15:31,427 |-INFO in ch.qos.logback.core.model.processor.DefaultProcessor@24269709 - End of configuration.
09:15:31,428 |-INFO in ch.qos.logback.classic.joran.JoranConfigurator@2aceadd4 - Registering current configuration as safe fallback point

405        WARN  main            d.u.i.k.s.ProofSettings   The settings in /home/runner/.key/proof-settings.props are *not* read. 
Returning from test list
Running test list_ghost
09:19:55,206 |-INFO in ch.qos.logback.classic.LoggerContext[default] - This is logback-classic version 1.4.5
09:19:55,233 |-INFO in ch.qos.logback.classic.LoggerContext[default] - Could NOT find resource [logback-test.xml]
09:19:55,251 |-INFO in ch.qos.logback.classic.LoggerContext[default] - Found resource [logback.xml] at [file:/home/runner/work/key/key/key.core/build/resources/test/logback.xml]
09:19:55,429 |-INFO in ch.qos.logback.core.model.processor.AppenderModelHandler - Processing appender named [STDOUT]
09:19:55,430 |-INFO in ch.qos.logback.core.model.processor.AppenderModelHandler - About to instantiate appender of type [ch.qos.logback.core.ConsoleAppender]
09:19:55,445 |-WARN in ch.qos.logback.core.model.processor.ImplicitModelHandler - Ignoring unknown property [file] in [ch.qos.logback.core.ConsoleAppender]
09:19:55,445 |-WARN in ch.qos.logback.core.model.processor.ImplicitModelHandler - Ignoring unknown property [append] in [ch.qos.logback.core.ConsoleAppender]
09:19:55,446 |-INFO in ch.qos.logback.core.model.processor.ImplicitModelHandler - Assuming default type [ch.qos.logback.classic.encoder.PatternLayoutEncoder] for [encoder] property
09:19:55,465 |-INFO in ch.qos.logback.classic.model.processor.RootLoggerModelHandler - Setting level of ROOT logger to WARN
09:19:55,470 |-INFO in ch.qos.logback.core.model.processor.AppenderRefModelHandler - Attaching appender named [STDOUT] to Logger[ROOT]
09:19:55,470 |-INFO in ch.qos.logback.core.model.processor.DefaultProcessor@24269709 - End of configuration.
09:19:55,471 |-INFO in ch.qos.logback.classic.joran.JoranConfigurator@2aceadd4 - Registering current configuration as safe fallback point

373        WARN  main            d.u.i.k.s.ProofSettings   The settings in /home/runner/.key/proof-settings.props are *not* read. 
Returning from test list_ghost
Running test list_recursive
09:21:01,913 |-INFO in ch.qos.logback.classic.LoggerContext[default] - This is logback-classic version 1.4.5
09:21:01,939 |-INFO in ch.qos.logback.classic.LoggerContext[default] - Could NOT find resource [logback-test.xml]
09:21:01,957 |-INFO in ch.qos.logback.classic.LoggerContext[default] - Found resource [logback.xml] at [file:/home/runner/work/key/key/key.core/build/resources/test/logback.xml]
09:21:02,139 |-INFO in ch.qos.logback.core.model.processor.AppenderModelHandler - Processing appender named [STDOUT]
09:21:02,139 |-INFO in ch.qos.logback.core.model.processor.AppenderModelHandler - About to instantiate appender of type [ch.qos.logback.core.ConsoleAppender]
09:21:02,153 |-WARN in ch.qos.logback.core.model.processor.ImplicitModelHandler - Ignoring unknown property [file] in [ch.qos.logback.core.ConsoleAppender]
09:21:02,153 |-WARN in ch.qos.logback.core.model.processor.ImplicitModelHandler - Ignoring unknown property [append] in [ch.qos.logback.core.ConsoleAppender]
09:21:02,154 |-INFO in ch.qos.logback.core.model.processor.ImplicitModelHandler - Assuming default type [ch.qos.logback.classic.encoder.PatternLayoutEncoder] for [encoder] property
09:21:02,174 |-INFO in ch.qos.logback.classic.model.processor.RootLoggerModelHandler - Setting level of ROOT logger to WARN
09:21:02,178 |-INFO in ch.qos.logback.core.model.processor.AppenderRefModelHandler - Attaching appender named [STDOUT] to Logger[ROOT]
09:21:02,179 |-INFO in ch.qos.logback.core.model.processor.DefaultProcessor@24269709 - End of configuration.
09:21:02,180 |-INFO in ch.qos.logback.classic.joran.JoranConfigurator@2aceadd4 - Registering current configuration as safe fallback point

363        WARN  main            d.u.i.k.s.ProofSettings   The settings in /home/runner/.key/proof-settings.props are *not* read. 
Returning from test list_recursive
Running test list_seq
09:21:24,001 |-INFO in ch.qos.logback.classic.LoggerContext[default] - This is logback-classic version 1.4.5
09:21:24,028 |-INFO in ch.qos.logback.classic.LoggerContext[default] - Could NOT find resource [logback-test.xml]
09:21:24,046 |-INFO in ch.qos.logback.classic.LoggerContext[default] - Found resource [logback.xml] at [file:/home/runner/work/key/key/key.core/build/resources/test/logback.xml]
09:21:24,219 |-INFO in ch.qos.logback.core.model.processor.AppenderModelHandler - Processing appender named [STDOUT]
09:21:24,220 |-INFO in ch.qos.logback.core.model.processor.AppenderModelHandler - About to instantiate appender of type [ch.qos.logback.core.ConsoleAppender]
09:21:24,235 |-WARN in ch.qos.logback.core.model.processor.ImplicitModelHandler - Ignoring unknown property [file] in [ch.qos.logback.core.ConsoleAppender]
09:21:24,235 |-WARN in ch.qos.logback.core.model.processor.ImplicitModelHandler - Ignoring unknown property [append] in [ch.qos.logback.core.ConsoleAppender]
09:21:24,236 |-INFO in ch.qos.logback.core.model.processor.ImplicitModelHandler - Assuming default type [ch.qos.logback.classic.encoder.PatternLayoutEncoder] for [encoder] property
09:21:24,256 |-INFO in ch.qos.logback.classic.model.processor.RootLoggerModelHandler - Setting level of ROOT logger to WARN
09:21:24,261 |-INFO in ch.qos.logback.core.model.processor.AppenderRefModelHandler - Attaching appender named [STDOUT] to Logger[ROOT]
09:21:24,261 |-INFO in ch.qos.logback.core.model.processor.DefaultProcessor@24269709 - End of configuration.
09:21:24,262 |-INFO in ch.qos.logback.classic.joran.JoranConfigurator@2aceadd4 - Registering current configuration as safe fallback point

365        WARN  main            d.u.i.k.s.ProofSettings   The settings in /home/runner/.key/proof-settings.props are *not* read. 
Returning from test list_seq
Running test observer
09:23:52,001 |-INFO in ch.qos.logback.classic.LoggerContext[default] - This is logback-classic version 1.4.5
09:23:52,041 |-INFO in ch.qos.logback.classic.LoggerContext[default] - Could NOT find resource [logback-test.xml]
09:23:52,056 |-INFO in ch.qos.logback.classic.LoggerContext[default] - Found resource [logback.xml] at [file:/home/runner/work/key/key/key.core/build/resources/test/logback.xml]
09:23:52,211 |-INFO in ch.qos.logback.core.model.processor.AppenderModelHandler - Processing appender named [STDOUT]
09:23:52,212 |-INFO in ch.qos.logback.core.model.processor.AppenderModelHandler - About to instantiate appender of type [ch.qos.logback.core.ConsoleAppender]
09:23:52,226 |-WARN in ch.qos.logback.core.model.processor.ImplicitModelHandler - Ignoring unknown property [file] in [ch.qos.logback.core.ConsoleAppender]
09:23:52,226 |-WARN in ch.qos.logback.core.model.processor.ImplicitModelHandler - Ignoring unknown property [append] in [ch.qos.logback.core.ConsoleAppender]
09:23:52,227 |-INFO in ch.qos.logback.core.model.processor.ImplicitModelHandler - Assuming default type [ch.qos.logback.classic.encoder.PatternLayoutEncoder] for [encoder] property
09:23:52,248 |-INFO in ch.qos.logback.classic.model.processor.RootLoggerModelHandler - Setting level of ROOT logger to WARN
09:23:52,253 |-INFO in ch.qos.logback.core.model.processor.AppenderRefModelHandler - Attaching appender named [STDOUT] to Logger[ROOT]
09:23:52,253 |-INFO in ch.qos.logback.core.model.processor.DefaultProcessor@24269709 - End of configuration.
09:23:52,254 |-INFO in ch.qos.logback.classic.joran.JoranConfigurator@2aceadd4 - Registering current configuration as safe fallback point

361        WARN  main            d.u.i.k.s.ProofSettings   The settings in /home/runner/.key/proof-settings.props are *not* read. 
Returning from test observer
Running test removeDups
09:25:26,789 |-INFO in ch.qos.logback.classic.LoggerContext[default] - This is logback-classic version 1.4.5
09:25:26,815 |-INFO in ch.qos.logback.classic.LoggerContext[default] - Could NOT find resource [logback-test.xml]
09:25:26,836 |-INFO in ch.qos.logback.classic.LoggerContext[default] - Found resource [logback.xml] at [file:/home/runner/work/key/key/key.core/build/resources/test/logback.xml]
09:25:26,993 |-INFO in ch.qos.logback.core.model.processor.AppenderModelHandler - Processing appender named [STDOUT]
09:25:26,993 |-INFO in ch.qos.logback.core.model.processor.AppenderModelHandler - About to instantiate appender of type [ch.qos.logback.core.ConsoleAppender]
09:25:27,007 |-WARN in ch.qos.logback.core.model.processor.ImplicitModelHandler - Ignoring unknown property [file] in [ch.qos.logback.core.ConsoleAppender]
09:25:27,007 |-WARN in ch.qos.logback.core.model.processor.ImplicitModelHandler - Ignoring unknown property [append] in [ch.qos.logback.core.ConsoleAppender]
09:25:27,008 |-INFO in ch.qos.logback.core.model.processor.ImplicitModelHandler - Assuming default type [ch.qos.logback.classic.encoder.PatternLayoutEncoder] for [encoder] property
09:25:27,028 |-INFO in ch.qos.logback.classic.model.processor.RootLoggerModelHandler - Setting level of ROOT logger to WARN
09:25:27,032 |-INFO in ch.qos.logback.core.model.processor.AppenderRefModelHandler - Attaching appender named [STDOUT] to Logger[ROOT]
09:25:27,033 |-INFO in ch.qos.logback.core.model.processor.DefaultProcessor@24269709 - End of configuration.
09:25:27,033 |-INFO in ch.qos.logback.classic.joran.JoranConfigurator@2aceadd4 - Registering current configuration as safe fallback point

358        WARN  main            d.u.i.k.s.ProofSettings   The settings in /home/runner/.key/proof-settings.props are *not* read. 
Returning from test removeDups
Running test Saddleback_search.key
09:26:06,331 |-INFO in ch.qos.logback.classic.LoggerContext[default] - This is logback-classic version 1.4.5
09:26:06,359 |-INFO in ch.qos.logback.classic.LoggerContext[default] - Could NOT find resource [logback-test.xml]
09:26:06,377 |-INFO in ch.qos.logback.classic.LoggerContext[default] - Found resource [logback.xml] at [file:/home/runner/work/key/key/key.core/build/resources/test/logback.xml]
09:26:06,585 |-INFO in ch.qos.logback.core.model.processor.AppenderModelHandler - Processing appender named [STDOUT]
09:26:06,587 |-INFO in ch.qos.logback.core.model.processor.AppenderModelHandler - About to instantiate appender of type [ch.qos.logback.core.ConsoleAppender]
09:26:06,602 |-WARN in ch.qos.logback.core.model.processor.ImplicitModelHandler - Ignoring unknown property [file] in [ch.qos.logback.core.ConsoleAppender]
09:26:06,602 |-WARN in ch.qos.logback.core.model.processor.ImplicitModelHandler - Ignoring unknown property [append] in [ch.qos.logback.core.ConsoleAppender]
09:26:06,603 |-INFO in ch.qos.logback.core.model.processor.ImplicitModelHandler - Assuming default type [ch.qos.logback.classic.encoder.PatternLayoutEncoder] for [encoder] property
09:26:06,625 |-INFO in ch.qos.logback.classic.model.processor.RootLoggerModelHandler - Setting level of ROOT logger to WARN
09:26:06,631 |-INFO in ch.qos.logback.core.model.processor.AppenderRefModelHandler - Attaching appender named [STDOUT] to Logger[ROOT]
09:26:06,632 |-INFO in ch.qos.logback.core.model.processor.DefaultProcessor@24269709 - End of configuration.
09:26:06,633 |-INFO in ch.qos.logback.classic.joran.JoranConfigurator@2aceadd4 - Registering current configuration as safe fallback point

439        WARN  main            d.u.i.k.s.ProofSettings   The settings in /home/runner/.key/proof-settings.props are *not* read. 
Returning from test Saddleback_search.key
Running test quicksort
09:27:37,604 |-INFO in ch.qos.logback.classic.LoggerContext[default] - This is logback-classic version 1.4.5
09:27:37,645 |-INFO in ch.qos.logback.classic.LoggerContext[default] - Could NOT find resource [logback-test.xml]
09:27:37,669 |-INFO in ch.qos.logback.classic.LoggerContext[default] - Found resource [logback.xml] at [file:/home/runner/work/key/key/key.core/build/resources/test/logback.xml]
09:27:37,857 |-INFO in ch.qos.logback.core.model.processor.AppenderModelHandler - Processing appender named [STDOUT]
09:27:37,857 |-INFO in ch.qos.logback.core.model.processor.AppenderModelHandler - About to instantiate appender of type [ch.qos.logback.core.ConsoleAppender]
09:27:37,871 |-WARN in ch.qos.logback.core.model.processor.ImplicitModelHandler - Ignoring unknown property [file] in [ch.qos.logback.core.ConsoleAppender]
09:27:37,871 |-WARN in ch.qos.logback.core.model.processor.ImplicitModelHandler - Ignoring unknown property [append] in [ch.qos.logback.core.ConsoleAppender]
09:27:37,872 |-INFO in ch.qos.logback.core.model.processor.ImplicitModelHandler - Assuming default type [ch.qos.logback.classic.encoder.PatternLayoutEncoder] for [encoder] property
09:27:37,891 |-INFO in ch.qos.logback.classic.model.processor.RootLoggerModelHandler - Setting level of ROOT logger to WARN
09:27:37,896 |-INFO in ch.qos.logback.core.model.processor.AppenderRefModelHandler - Attaching appender named [STDOUT] to Logger[ROOT]
09:27:37,896 |-INFO in ch.qos.logback.core.model.processor.DefaultProcessor@24269709 - End of configuration.
09:27:37,897 |-INFO in ch.qos.logback.classic.joran.JoranConfigurator@2aceadd4 - Registering current configuration as safe fallback point

401        WARN  main            d.u.i.k.s.ProofSettings   The settings in /home/runner/.key/proof-settings.props are *not* read. 
Returning from test quicksort
Running test simpleTests
09:29:21,306 |-INFO in ch.qos.logback.classic.LoggerContext[default] - This is logback-classic version 1.4.5
09:29:21,337 |-INFO in ch.qos.logback.classic.LoggerContext[default] - Could NOT find resource [logback-test.xml]
09:29:21,359 |-INFO in ch.qos.logback.classic.LoggerContext[default] - Found resource [logback.xml] at [file:/home/runner/work/key/key/key.core/build/resources/test/logback.xml]
09:29:21,525 |-INFO in ch.qos.logback.core.model.processor.AppenderModelHandler - Processing appender named [STDOUT]
09:29:21,525 |-INFO in ch.qos.logback.core.model.processor.AppenderModelHandler - About to instantiate appender of type [ch.qos.logback.core.ConsoleAppender]
09:29:21,540 |-WARN in ch.qos.logback.core.model.processor.ImplicitModelHandler - Ignoring unknown property [file] in [ch.qos.logback.core.ConsoleAppender]
09:29:21,540 |-WARN in ch.qos.logback.core.model.processor.ImplicitModelHandler - Ignoring unknown property [append] in [ch.qos.logback.core.ConsoleAppender]
09:29:21,541 |-INFO in ch.qos.logback.core.model.processor.ImplicitModelHandler - Assuming default type [ch.qos.logback.classic.encoder.PatternLayoutEncoder] for [encoder] property
09:29:21,561 |-INFO in ch.qos.logback.classic.model.processor.RootLoggerModelHandler - Setting level of ROOT logger to WARN
09:29:21,566 |-INFO in ch.qos.logback.core.model.processor.AppenderRefModelHandler - Attaching appender named [STDOUT] to Logger[ROOT]
09:29:21,566 |-INFO in ch.qos.logback.core.model.processor.DefaultProcessor@24269709 - End of configuration.
09:29:21,567 |-INFO in ch.qos.logback.classic.joran.JoranConfigurator@2aceadd4 - Registering current configuration as safe fallback point

381        WARN  main            d.u.i.k.s.ProofSettings   The settings in /home/runner/.key/proof-settings.props are *not* read. 
Returning from test simpleTests
Running test SmansEtAl
09:32:03,186 |-INFO in ch.qos.logback.classic.LoggerContext[default] - This is logback-classic version 1.4.5
09:32:03,225 |-INFO in ch.qos.logback.classic.LoggerContext[default] - Could NOT find resource [logback-test.xml]
09:32:03,241 |-INFO in ch.qos.logback.classic.LoggerContext[default] - Found resource [logback.xml] at [file:/home/runner/work/key/key/key.core/build/resources/test/logback.xml]
09:32:03,412 |-INFO in ch.qos.logback.core.model.processor.AppenderModelHandler - Processing appender named [STDOUT]
09:32:03,412 |-INFO in ch.qos.logback.core.model.processor.AppenderModelHandler - About to instantiate appender of type [ch.qos.logback.core.ConsoleAppender]
09:32:03,427 |-WARN in ch.qos.logback.core.model.processor.ImplicitModelHandler - Ignoring unknown property [file] in [ch.qos.logback.core.ConsoleAppender]
09:32:03,427 |-WARN in ch.qos.logback.core.model.processor.ImplicitModelHandler - Ignoring unknown property [append] in [ch.qos.logback.core.ConsoleAppender]
09:32:03,429 |-INFO in ch.qos.logback.core.model.processor.ImplicitModelHandler - Assuming default type [ch.qos.logback.classic.encoder.PatternLayoutEncoder] for [encoder] property
09:32:03,449 |-INFO in ch.qos.logback.classic.model.processor.RootLoggerModelHandler - Setting level of ROOT logger to WARN
09:32:03,454 |-INFO in ch.qos.logback.core.model.processor.AppenderRefModelHandler - Attaching appender named [STDOUT] to Logger[ROOT]
09:32:03,454 |-INFO in ch.qos.logback.core.model.processor.DefaultProcessor@24269709 - End of configuration.
09:32:03,455 |-INFO in ch.qos.logback.classic.joran.JoranConfigurator@2aceadd4 - Registering current configuration as safe fallback point

369        WARN  main            d.u.i.k.s.ProofSettings   The settings in /home/runner/.key/proof-settings.props are *not* read. 
Returning from test SmansEtAl
Running test VACID0
09:35:16,437 |-INFO in ch.qos.logback.classic.LoggerContext[default] - This is logback-classic version 1.4.5
09:35:16,463 |-INFO in ch.qos.logback.classic.LoggerContext[default] - Could NOT find resource [logback-test.xml]
09:35:16,495 |-INFO in ch.qos.logback.classic.LoggerContext[default] - Found resource [logback.xml] at [file:/home/runner/work/key/key/key.core/build/resources/test/logback.xml]
09:35:16,647 |-INFO in ch.qos.logback.core.model.processor.AppenderModelHandler - Processing appender named [STDOUT]
09:35:16,647 |-INFO in ch.qos.logback.core.model.processor.AppenderModelHandler - About to instantiate appender of type [ch.qos.logback.core.ConsoleAppender]
09:35:16,661 |-WARN in ch.qos.logback.core.model.processor.ImplicitModelHandler - Ignoring unknown property [file] in [ch.qos.logback.core.ConsoleAppender]
09:35:16,661 |-WARN in ch.qos.logback.core.model.processor.ImplicitModelHandler - Ignoring unknown property [append] in [ch.qos.logback.core.ConsoleAppender]
09:35:16,662 |-INFO in ch.qos.logback.core.model.processor.ImplicitModelHandler - Assuming default type [ch.qos.logback.classic.encoder.PatternLayoutEncoder] for [encoder] property
09:35:16,682 |-INFO in ch.qos.logback.classic.model.processor.RootLoggerModelHandler - Setting level of ROOT logger to WARN
09:35:16,687 |-INFO in ch.qos.logback.core.model.processor.AppenderRefModelHandler - Attaching appender named [STDOUT] to Logger[ROOT]
09:35:16,687 |-INFO in ch.qos.logback.core.model.processor.DefaultProcessor@24269709 - End of configuration.
09:35:16,688 |-INFO in ch.qos.logback.classic.joran.JoranConfigurator@2aceadd4 - Registering current configuration as safe fallback point

360        WARN  main            d.u.i.k.s.ProofSettings   The settings in /home/runner/.key/proof-settings.props are *not* read. 
Returning from test VACID0
Running test VSTTE10
09:36:35,799 |-INFO in ch.qos.logback.classic.LoggerContext[default] - This is logback-classic version 1.4.5
09:36:35,835 |-INFO in ch.qos.logback.classic.LoggerContext[default] - Could NOT find resource [logback-test.xml]
09:36:35,857 |-INFO in ch.qos.logback.classic.LoggerContext[default] - Found resource [logback.xml] at [file:/home/runner/work/key/key/key.core/build/resources/test/logback.xml]
09:36:36,048 |-INFO in ch.qos.logback.core.model.processor.AppenderModelHandler - Processing appender named [STDOUT]
09:36:36,048 |-INFO in ch.qos.logback.core.model.processor.AppenderModelHandler - About to instantiate appender of type [ch.qos.logback.core.ConsoleAppender]
09:36:36,062 |-WARN in ch.qos.logback.core.model.processor.ImplicitModelHandler - Ignoring unknown property [file] in [ch.qos.logback.core.ConsoleAppender]
09:36:36,062 |-WARN in ch.qos.logback.core.model.processor.ImplicitModelHandler - Ignoring unknown property [append] in [ch.qos.logback.core.ConsoleAppender]
09:36:36,063 |-INFO in ch.qos.logback.core.model.processor.ImplicitModelHandler - Assuming default type [ch.qos.logback.classic.encoder.PatternLayoutEncoder] for [encoder] property
09:36:36,095 |-INFO in ch.qos.logback.classic.model.processor.RootLoggerModelHandler - Setting level of ROOT logger to WARN
09:36:36,100 |-INFO in ch.qos.logback.core.model.processor.AppenderRefModelHandler - Attaching appender named [STDOUT] to Logger[ROOT]
09:36:36,100 |-INFO in ch.qos.logback.core.model.processor.DefaultProcessor@24269709 - End of configuration.
09:36:36,101 |-INFO in ch.qos.logback.classic.joran.JoranConfigurator@2aceadd4 - Registering current configuration as safe fallback point

426        WARN  main            d.u.i.k.s.ProofSettings   The settings in /home/runner/.key/proof-settings.props are *not* read. 
Returning from test VSTTE10
Running test WeideEtAl
09:39:30,971 |-INFO in ch.qos.logback.classic.LoggerContext[default] - This is logback-classic version 1.4.5
09:39:30,997 |-INFO in ch.qos.logback.classic.LoggerContext[default] - Could NOT find resource [logback-test.xml]
09:39:31,017 |-INFO in ch.qos.logback.classic.LoggerContext[default] - Found resource [logback.xml] at [file:/home/runner/work/key/key/key.core/build/resources/test/logback.xml]
09:39:31,171 |-INFO in ch.qos.logback.core.model.processor.AppenderModelHandler - Processing appender named [STDOUT]
09:39:31,171 |-INFO in ch.qos.logback.core.model.processor.AppenderModelHandler - About to instantiate appender of type [ch.qos.logback.core.ConsoleAppender]
09:39:31,188 |-WARN in ch.qos.logback.core.model.processor.ImplicitModelHandler - Ignoring unknown property [file] in [ch.qos.logback.core.ConsoleAppender]
09:39:31,188 |-WARN in ch.qos.logback.core.model.processor.ImplicitModelHandler - Ignoring unknown property [append] in [ch.qos.logback.core.ConsoleAppender]
09:39:31,189 |-INFO in ch.qos.logback.core.model.processor.ImplicitModelHandler - Assuming default type [ch.qos.logback.classic.encoder.PatternLayoutEncoder] for [encoder] property
09:39:31,227 |-INFO in ch.qos.logback.classic.model.processor.RootLoggerModelHandler - Setting level of ROOT logger to WARN
09:39:31,240 |-INFO in ch.qos.logback.core.model.processor.AppenderRefModelHandler - Attaching appender named [STDOUT] to Logger[ROOT]
09:39:31,240 |-INFO in ch.qos.logback.core.model.processor.DefaultProcessor@24269709 - End of configuration.
09:39:31,241 |-INFO in ch.qos.logback.classic.joran.JoranConfigurator@2aceadd4 - Registering current configuration as safe fallback point

411        WARN  main            d.u.i.k.s.ProofSettings   The settings in /home/runner/.key/proof-settings.props are *not* read. 
Returning from test WeideEtAl
Running test arithmetic
09:39:59,470 |-INFO in ch.qos.logback.classic.LoggerContext[default] - This is logback-classic version 1.4.5
09:39:59,499 |-INFO in ch.qos.logback.classic.LoggerContext[default] - Could NOT find resource [logback-test.xml]
09:39:59,526 |-INFO in ch.qos.logback.classic.LoggerContext[default] - Found resource [logback.xml] at [file:/home/runner/work/key/key/key.core/build/resources/test/logback.xml]
09:39:59,711 |-INFO in ch.qos.logback.core.model.processor.AppenderModelHandler - Processing appender named [STDOUT]
09:39:59,711 |-INFO in ch.qos.logback.core.model.processor.AppenderModelHandler - About to instantiate appender of type [ch.qos.logback.core.ConsoleAppender]
09:39:59,732 |-WARN in ch.qos.logback.core.model.processor.ImplicitModelHandler - Ignoring unknown property [file] in [ch.qos.logback.core.ConsoleAppender]
09:39:59,732 |-WARN in ch.qos.logback.core.model.processor.ImplicitModelHandler - Ignoring unknown property [append] in [ch.qos.logback.core.ConsoleAppender]
09:39:59,733 |-INFO in ch.qos.logback.core.model.processor.ImplicitModelHandler - Assuming default type [ch.qos.logback.classic.encoder.PatternLayoutEncoder] for [encoder] property
09:39:59,768 |-INFO in ch.qos.logback.classic.model.processor.RootLoggerModelHandler - Setting level of ROOT logger to WARN
09:39:59,780 |-INFO in ch.qos.logback.core.model.processor.AppenderRefModelHandler - Attaching appender named [STDOUT] to Logger[ROOT]
09:39:59,781 |-INFO in ch.qos.logback.core.model.processor.DefaultProcessor@24269709 - End of configuration.
09:39:59,782 |-INFO in ch.qos.logback.classic.joran.JoranConfigurator@2aceadd4 - Registering current configuration as safe fallback point

459        WARN  main            d.u.i.k.s.ProofSettings   The settings in /home/runner/.key/proof-settings.props are *not* read. 
Returning from test arithmetic
Running test arrays
09:48:11,665 |-INFO in ch.qos.logback.classic.LoggerContext[default] - This is logback-classic version 1.4.5
09:48:11,692 |-INFO in ch.qos.logback.classic.LoggerContext[default] - Could NOT find resource [logback-test.xml]
09:48:11,712 |-INFO in ch.qos.logback.classic.LoggerContext[default] - Found resource [logback.xml] at [file:/home/runner/work/key/key/key.core/build/resources/test/logback.xml]
09:48:11,885 |-INFO in ch.qos.logback.core.model.processor.AppenderModelHandler - Processing appender named [STDOUT]
09:48:11,885 |-INFO in ch.qos.logback.core.model.processor.AppenderModelHandler - About to instantiate appender of type [ch.qos.logback.core.ConsoleAppender]
09:48:11,900 |-WARN in ch.qos.logback.core.model.processor.ImplicitModelHandler - Ignoring unknown property [file] in [ch.qos.logback.core.ConsoleAppender]
09:48:11,900 |-WARN in ch.qos.logback.core.model.processor.ImplicitModelHandler - Ignoring unknown property [append] in [ch.qos.logback.core.ConsoleAppender]
09:48:11,901 |-INFO in ch.qos.logback.core.model.processor.ImplicitModelHandler - Assuming default type [ch.qos.logback.classic.encoder.PatternLayoutEncoder] for [encoder] property
09:48:11,921 |-INFO in ch.qos.logback.classic.model.processor.RootLoggerModelHandler - Setting level of ROOT logger to WARN
09:48:11,926 |-INFO in ch.qos.logback.core.model.processor.AppenderRefModelHandler - Attaching appender named [STDOUT] to Logger[ROOT]
09:48:11,926 |-INFO in ch.qos.logback.core.model.processor.DefaultProcessor@24269709 - End of configuration.
09:48:11,927 |-INFO in ch.qos.logback.classic.joran.JoranConfigurator@2aceadd4 - Registering current configuration as safe fallback point

360        WARN  main            d.u.i.k.s.ProofSettings   The settings in /home/runner/.key/proof-settings.props are *not* read. 
Returning from test arrays
Running test javadl
09:49:08,179 |-INFO in ch.qos.logback.classic.LoggerContext[default] - This is logback-classic version 1.4.5
09:49:08,218 |-INFO in ch.qos.logback.classic.LoggerContext[default] - Could NOT find resource [logback-test.xml]
09:49:08,242 |-INFO in ch.qos.logback.classic.LoggerContext[default] - Found resource [logback.xml] at [file:/home/runner/work/key/key/key.core/build/resources/test/logback.xml]
09:49:08,446 |-INFO in ch.qos.logback.core.model.processor.AppenderModelHandler - Processing appender named [STDOUT]
09:49:08,446 |-INFO in ch.qos.logback.core.model.processor.AppenderModelHandler - About to instantiate appender of type [ch.qos.logback.core.ConsoleAppender]
09:49:08,460 |-WARN in ch.qos.logback.core.model.processor.ImplicitModelHandler - Ignoring unknown property [file] in [ch.qos.logback.core.ConsoleAppender]
09:49:08,460 |-WARN in ch.qos.logback.core.model.processor.ImplicitModelHandler - Ignoring unknown property [append] in [ch.qos.logback.core.ConsoleAppender]
09:49:08,461 |-INFO in ch.qos.logback.core.model.processor.ImplicitModelHandler - Assuming default type [ch.qos.logback.classic.encoder.PatternLayoutEncoder] for [encoder] property
09:49:08,481 |-INFO in ch.qos.logback.classic.model.processor.RootLoggerModelHandler - Setting level of ROOT logger to WARN
09:49:08,485 |-INFO in ch.qos.logback.core.model.processor.AppenderRefModelHandler - Attaching appender named [STDOUT] to Logger[ROOT]
09:49:08,486 |-INFO in ch.qos.logback.core.model.processor.DefaultProcessor@2aceadd4 - End of configuration.
09:49:08,486 |-INFO in ch.qos.logback.classic.joran.JoranConfigurator@24aed80c - Registering current configuration as safe fallback point

420        WARN  main            d.u.i.k.s.ProofSettings   The settings in /home/runner/.key/proof-settings.props are *not* read. 
48518      WARN  main            d.u.i.k.j.r.KeYCrossReferenceNameInfo Datatype java.io.PrintStream declared twice: Once in FILE:/home/runner/work/key/key/key.core/../key.ui/examples/index/.././standard_key/java_dl/./classpath/PrintStream.java and once in URL:file:/home/runner/work/key/key/key.core/build/resources/main/de/uka/ilkd/key/java/JavaRedux/java/io/PrintStream.java, Keeping one from URL:file:/home/runner/work/key/key/key.core/build/resources/main/de/uka/ilkd/key/java/JavaRedux/java/io/PrintStream.java 
48518      WARN  main            d.u.i.k.j.r.KeYCrossReferenceNameInfo Datatype java.io.InputStream declared twice: Once in FILE:/home/runner/work/key/key/key.core/../key.ui/examples/index/.././standard_key/java_dl/./classpath/InputStream.java and once in URL:file:/home/runner/work/key/key/key.core/build/resources/main/de/uka/ilkd/key/java/JavaRedux/java/io/InputStream.java, Keeping one from URL:file:/home/runner/work/key/key/key.core/build/resources/main/de/uka/ilkd/key/java/JavaRedux/java/io/InputStream.java 
48519      WARN  main            d.u.i.k.j.r.KeYCrossReferenceNameInfo Datatype java.lang.System declared twice: Once in FILE:/home/runner/work/key/key/key.core/../key.ui/examples/index/.././standard_key/java_dl/./classpath/System.java and once in URL:file:/home/runner/work/key/key/key.core/build/resources/main/de/uka/ilkd/key/java/JavaRedux/java/lang/System.java, Keeping one from URL:file:/home/runner/work/key/key/key.core/build/resources/main/de/uka/ilkd/key/java/JavaRedux/java/lang/System.java 
51516      WARN  main            d.u.i.k.j.r.KeYCrossReferenceNameInfo Datatype java.io.PrintStream declared twice: Once in FILE:/home/runner/work/key/key/key.core/../key.ui/examples/index/.././standard_key/java_dl/classpath/PrintStream.java and once in URL:file:/home/runner/work/key/key/key.core/build/resources/main/de/uka/ilkd/key/java/JavaRedux/java/io/PrintStream.java, Keeping one from URL:file:/home/runner/work/key/key/key.core/build/resources/main/de/uka/ilkd/key/java/JavaRedux/java/io/PrintStream.java 
51516      WARN  main            d.u.i.k.j.r.KeYCrossReferenceNameInfo Datatype java.io.InputStream declared twice: Once in FILE:/home/runner/work/key/key/key.core/../key.ui/examples/index/.././standard_key/java_dl/classpath/InputStream.java and once in URL:file:/home/runner/work/key/key/key.core/build/resources/main/de/uka/ilkd/key/java/JavaRedux/java/io/InputStream.java, Keeping one from URL:file:/home/runner/work/key/key/key.core/build/resources/main/de/uka/ilkd/key/java/JavaRedux/java/io/InputStream.java 
51517      WARN  main            d.u.i.k.j.r.KeYCrossReferenceNameInfo Datatype java.lang.System declared twice: Once in FILE:/home/runner/work/key/key/key.core/../key.ui/examples/index/.././standard_key/java_dl/classpath/System.java and once in URL:file:/home/runner/work/key/key/key.core/build/resources/main/de/uka/ilkd/key/java/JavaRedux/java/lang/System.java, Keeping one from URL:file:/home/runner/work/key/key/key.core/build/resources/main/de/uka/ilkd/key/java/JavaRedux/java/lang/System.java 
59677      WARN  main            d.u.i.k.j.r.KeYCrossReferenceNameInfo Datatype java.io.PrintStream declared twice: Once in FILE:/home/runner/work/key/key/key.core/../key.ui/examples/index/.././standard_key/java_dl/classpath/PrintStream.java and once in URL:file:/home/runner/work/key/key/key.core/build/resources/main/de/uka/ilkd/key/java/JavaRedux/java/io/PrintStream.java, Keeping one from URL:file:/home/runner/work/key/key/key.core/build/resources/main/de/uka/ilkd/key/java/JavaRedux/java/io/PrintStream.java 
59677      WARN  main            d.u.i.k.j.r.KeYCrossReferenceNameInfo Datatype java.io.InputStream declared twice: Once in FILE:/home/runner/work/key/key/key.core/../key.ui/examples/index/.././standard_key/java_dl/classpath/InputStream.java and once in URL:file:/home/runner/work/key/key/key.core/build/resources/main/de/uka/ilkd/key/java/JavaRedux/java/io/InputStream.java, Keeping one from URL:file:/home/runner/work/key/key/key.core/build/resources/main/de/uka/ilkd/key/java/JavaRedux/java/io/InputStream.java 
59677      WARN  main            d.u.i.k.j.r.KeYCrossReferenceNameInfo Datatype java.lang.System declared twice: Once in FILE:/home/runner/work/key/key/key.core/../key.ui/examples/index/.././standard_key/java_dl/classpath/System.java and once in URL:file:/home/runner/work/key/key/key.core/build/resources/main/de/uka/ilkd/key/java/JavaRedux/java/lang/System.java, Keeping one from URL:file:/home/runner/work/key/key/key.core/build/resources/main/de/uka/ilkd/key/java/JavaRedux/java/lang/System.java 
62529      WARN  main            d.u.i.k.j.r.KeYCrossReferenceNameInfo Datatype java.io.PrintStream declared twice: Once in FILE:/home/runner/work/key/key/key.core/../key.ui/examples/index/.././standard_key/java_dl/classpath/PrintStream.java and once in URL:file:/home/runner/work/key/key/key.core/build/resources/main/de/uka/ilkd/key/java/JavaRedux/java/io/PrintStream.java, Keeping one from URL:file:/home/runner/work/key/key/key.core/build/resources/main/de/uka/ilkd/key/java/JavaRedux/java/io/PrintStream.java 
62529      WARN  main            d.u.i.k.j.r.KeYCrossReferenceNameInfo Datatype java.io.InputStream declared twice: Once in FILE:/home/runner/work/key/key/key.core/../key.ui/examples/index/.././standard_key/java_dl/classpath/InputStream.java and once in URL:file:/home/runner/work/key/key/key.core/build/resources/main/de/uka/ilkd/key/java/JavaRedux/java/io/InputStream.java, Keeping one from URL:file:/home/runner/work/key/key/key.core/build/resources/main/de/uka/ilkd/key/java/JavaRedux/java/io/InputStream.java 
62530      WARN  main            d.u.i.k.j.r.KeYCrossReferenceNameInfo Datatype java.lang.System declared twice: Once in FILE:/home/runner/work/key/key/key.core/../key.ui/examples/index/.././standard_key/java_dl/classpath/System.java and once in URL:file:/home/runner/work/key/key/key.core/build/resources/main/de/uka/ilkd/key/java/JavaRedux/java/lang/System.java, Keeping one from URL:file:/home/runner/work/key/key/key.core/build/resources/main/de/uka/ilkd/key/java/JavaRedux/java/lang/System.java 
84363      WARN  main            d.u.i.k.j.r.KeYCrossReferenceNameInfo Datatype java.io.PrintStream declared twice: Once in FILE:/home/runner/work/key/key/key.core/../key.ui/examples/index/.././standard_key/java_dl/classpath/PrintStream.java and once in URL:file:/home/runner/work/key/key/key.core/build/resources/main/de/uka/ilkd/key/java/JavaRedux/java/io/PrintStream.java, Keeping one from URL:file:/home/runner/work/key/key/key.core/build/resources/main/de/uka/ilkd/key/java/JavaRedux/java/io/PrintStream.java 
84363      WARN  main            d.u.i.k.j.r.KeYCrossReferenceNameInfo Datatype java.io.InputStream declared twice: Once in FILE:/home/runner/work/key/key/key.core/../key.ui/examples/index/.././standard_key/java_dl/classpath/InputStream.java and once in URL:file:/home/runner/work/key/key/key.core/build/resources/main/de/uka/ilkd/key/java/JavaRedux/java/io/InputStream.java, Keeping one from URL:file:/home/runner/work/key/key/key.core/build/resources/main/de/uka/ilkd/key/java/JavaRedux/java/io/InputStream.java 
84364      WARN  main            d.u.i.k.j.r.KeYCrossReferenceNameInfo Datatype java.lang.System declared twice: Once in FILE:/home/runner/work/key/key/key.core/../key.ui/examples/index/.././standard_key/java_dl/classpath/System.java and once in URL:file:/home/runner/work/key/key/key.core/build/resources/main/de/uka/ilkd/key/java/JavaRedux/java/lang/System.java, Keeping one from URL:file:/home/runner/work/key/key/key.core/build/resources/main/de/uka/ilkd/key/java/JavaRedux/java/lang/System.java 
87252      WARN  main            d.u.i.k.j.r.KeYCrossReferenceNameInfo Datatype java.io.PrintStream declared twice: Once in FILE:/home/runner/work/key/key/key.core/../key.ui/examples/index/.././standard_key/java_dl/classpath/PrintStream.java and once in URL:file:/home/runner/work/key/key/key.core/build/resources/main/de/uka/ilkd/key/java/JavaRedux/java/io/PrintStream.java, Keeping one from URL:file:/home/runner/work/key/key/key.core/build/resources/main/de/uka/ilkd/key/java/JavaRedux/java/io/PrintStream.java 
87252      WARN  main            d.u.i.k.j.r.KeYCrossReferenceNameInfo Datatype java.io.InputStream declared twice: Once in FILE:/home/runner/work/key/key/key.core/../key.ui/examples/index/.././standard_key/java_dl/classpath/InputStream.java and once in URL:file:/home/runner/work/key/key/key.core/build/resources/main/de/uka/ilkd/key/java/JavaRedux/java/io/InputStream.java, Keeping one from URL:file:/home/runner/work/key/key/key.core/build/resources/main/de/uka/ilkd/key/java/JavaRedux/java/io/InputStream.java 
87253      WARN  main            d.u.i.k.j.r.KeYCrossReferenceNameInfo Datatype java.lang.System declared twice: Once in FILE:/home/runner/work/key/key/key.core/../key.ui/examples/index/.././standard_key/java_dl/classpath/System.java and once in URL:file:/home/runner/work/key/key/key.core/build/resources/main/de/uka/ilkd/key/java/JavaRedux/java/lang/System.java, Keeping one from URL:file:/home/runner/work/key/key/key.core/build/resources/main/de/uka/ilkd/key/java/JavaRedux/java/lang/System.java 
89779      WARN  main            d.u.i.k.j.r.KeYCrossReferenceNameInfo Datatype java.io.PrintStream declared twice: Once in FILE:/home/runner/work/key/key/key.core/../key.ui/examples/index/.././standard_key/java_dl/classpath/PrintStream.java and once in URL:file:/home/runner/work/key/key/key.core/build/resources/main/de/uka/ilkd/key/java/JavaRedux/java/io/PrintStream.java, Keeping one from URL:file:/home/runner/work/key/key/key.core/build/resources/main/de/uka/ilkd/key/java/JavaRedux/java/io/PrintStream.java 
89779      WARN  main            d.u.i.k.j.r.KeYCrossReferenceNameInfo Datatype java.io.InputStream declared twice: Once in FILE:/home/runner/work/key/key/key.core/../key.ui/examples/index/.././standard_key/java_dl/classpath/InputStream.java and once in URL:file:/home/runner/work/key/key/key.core/build/resources/main/de/uka/ilkd/key/java/JavaRedux/java/io/InputStream.java, Keeping one from URL:file:/home/runner/work/key/key/key.core/build/resources/main/de/uka/ilkd/key/java/JavaRedux/java/io/InputStream.java 
89780      WARN  main            d.u.i.k.j.r.KeYCrossReferenceNameInfo Datatype java.lang.System declared twice: Once in FILE:/home/runner/work/key/key/key.core/../key.ui/examples/index/.././standard_key/java_dl/classpath/System.java and once in URL:file:/home/runner/work/key/key/key.core/build/resources/main/de/uka/ilkd/key/java/JavaRedux/java/lang/System.java, Keeping one from URL:file:/home/runner/work/key/key/key.core/build/resources/main/de/uka/ilkd/key/java/JavaRedux/java/lang/System.java 
92739      WARN  main            d.u.i.k.j.r.KeYCrossReferenceNameInfo Datatype java.io.PrintStream declared twice: Once in FILE:/home/runner/work/key/key/key.core/../key.ui/examples/index/.././standard_key/java_dl/classpath/PrintStream.java and once in URL:file:/home/runner/work/key/key/key.core/build/resources/main/de/uka/ilkd/key/java/JavaRedux/java/io/PrintStream.java, Keeping one from URL:file:/home/runner/work/key/key/key.core/build/resources/main/de/uka/ilkd/key/java/JavaRedux/java/io/PrintStream.java 
92740      WARN  main            d.u.i.k.j.r.KeYCrossReferenceNameInfo Datatype java.io.InputStream declared twice: Once in FILE:/home/runner/work/key/key/key.core/../key.ui/examples/index/.././standard_key/java_dl/classpath/InputStream.java and once in URL:file:/home/runner/work/key/key/key.core/build/resources/main/de/uka/ilkd/key/java/JavaRedux/java/io/InputStream.java, Keeping one from URL:file:/home/runner/work/key/key/key.core/build/resources/main/de/uka/ilkd/key/java/JavaRedux/java/io/InputStream.java 
92740      WARN  main            d.u.i.k.j.r.KeYCrossReferenceNameInfo Datatype java.lang.System declared twice: Once in FILE:/home/runner/work/key/key/key.core/../key.ui/examples/index/.././standard_key/java_dl/classpath/System.java and once in URL:file:/home/runner/work/key/key/key.core/build/resources/main/de/uka/ilkd/key/java/JavaRedux/java/lang/System.java, Keeping one from URL:file:/home/runner/work/key/key/key.core/build/resources/main/de/uka/ilkd/key/java/JavaRedux/java/lang/System.java 
130921     WARN  main            d.u.i.k.j.r.KeYCrossReferenceNameInfo Datatype java.io.PrintStream declared twice: Once in FILE:/home/runner/work/key/key/key.core/../key.ui/examples/index/.././standard_key/java_dl/classpath/PrintStream.java and once in URL:file:/home/runner/work/key/key/key.core/build/resources/main/de/uka/ilkd/key/java/JavaRedux/java/io/PrintStream.java, Keeping one from URL:file:/home/runner/work/key/key/key.core/build/resources/main/de/uka/ilkd/key/java/JavaRedux/java/io/PrintStream.java 
130921     WARN  main            d.u.i.k.j.r.KeYCrossReferenceNameInfo Datatype java.io.InputStream declared twice: Once in FILE:/home/runner/work/key/key/key.core/../key.ui/examples/index/.././standard_key/java_dl/classpath/InputStream.java and once in URL:file:/home/runner/work/key/key/key.core/build/resources/main/de/uka/ilkd/key/java/JavaRedux/java/io/InputStream.java, Keeping one from URL:file:/home/runner/work/key/key/key.core/build/resources/main/de/uka/ilkd/key/java/JavaRedux/java/io/InputStream.java 
130921     WARN  main            d.u.i.k.j.r.KeYCrossReferenceNameInfo Datatype java.lang.System declared twice: Once in FILE:/home/runner/work/key/key/key.core/../key.ui/examples/index/.././standard_key/java_dl/classpath/System.java and once in URL:file:/home/runner/work/key/key/key.core/build/resources/main/de/uka/ilkd/key/java/JavaRedux/java/lang/System.java, Keeping one from URL:file:/home/runner/work/key/key/key.core/build/resources/main/de/uka/ilkd/key/java/JavaRedux/java/lang/System.java 
133995     WARN  main            d.u.i.k.j.r.KeYCrossReferenceNameInfo Datatype java.io.PrintStream declared twice: Once in FILE:/home/runner/work/key/key/key.core/../key.ui/examples/index/.././standard_key/java_dl/classpath/PrintStream.java and once in URL:file:/home/runner/work/key/key/key.core/build/resources/main/de/uka/ilkd/key/java/JavaRedux/java/io/PrintStream.java, Keeping one from URL:file:/home/runner/work/key/key/key.core/build/resources/main/de/uka/ilkd/key/java/JavaRedux/java/io/PrintStream.java 
133998     WARN  main            d.u.i.k.j.r.KeYCrossReferenceNameInfo Datatype java.io.InputStream declared twice: Once in FILE:/home/runner/work/key/key/key.core/../key.ui/examples/index/.././standard_key/java_dl/classpath/InputStream.java and once in URL:file:/home/runner/work/key/key/key.core/build/resources/main/de/uka/ilkd/key/java/JavaRedux/java/io/InputStream.java, Keeping one from URL:file:/home/runner/work/key/key/key.core/build/resources/main/de/uka/ilkd/key/java/JavaRedux/java/io/InputStream.java 
133999     WARN  main            d.u.i.k.j.r.KeYCrossReferenceNameInfo Datatype java.lang.System declared twice: Once in FILE:/home/runner/work/key/key/key.core/../key.ui/examples/index/.././standard_key/java_dl/classpath/System.java and once in URL:file:/home/runner/work/key/key/key.core/build/resources/main/de/uka/ilkd/key/java/JavaRedux/java/lang/System.java, Keeping one from URL:file:/home/runner/work/key/key/key.core/build/resources/main/de/uka/ilkd/key/java/JavaRedux/java/lang/System.java 
146871     WARN  main            d.u.i.k.j.r.KeYCrossReferenceNameInfo Datatype java.io.PrintStream declared twice: Once in FILE:/home/runner/work/key/key/key.core/../key.ui/examples/index/.././standard_key/java_dl/classpath/PrintStream.java and once in URL:file:/home/runner/work/key/key/key.core/build/resources/main/de/uka/ilkd/key/java/JavaRedux/java/io/PrintStream.java, Keeping one from URL:file:/home/runner/work/key/key/key.core/build/resources/main/de/uka/ilkd/key/java/JavaRedux/java/io/PrintStream.java 
146871     WARN  main            d.u.i.k.j.r.KeYCrossReferenceNameInfo Datatype java.io.InputStream declared twice: Once in FILE:/home/runner/work/key/key/key.core/../key.ui/examples/index/.././standard_key/java_dl/classpath/InputStream.java and once in URL:file:/home/runner/work/key/key/key.core/build/resources/main/de/uka/ilkd/key/java/JavaRedux/java/io/InputStream.java, Keeping one from URL:file:/home/runner/work/key/key/key.core/build/resources/main/de/uka/ilkd/key/java/JavaRedux/java/io/InputStream.java 
146871     WARN  main            d.u.i.k.j.r.KeYCrossReferenceNameInfo Datatype java.lang.System declared twice: Once in FILE:/home/runner/work/key/key/key.core/../key.ui/examples/index/.././standard_key/java_dl/classpath/System.java and once in URL:file:/home/runner/work/key/key/key.core/build/resources/main/de/uka/ilkd/key/java/JavaRedux/java/lang/System.java, Keeping one from URL:file:/home/runner/work/key/key/key.core/build/resources/main/de/uka/ilkd/key/java/JavaRedux/java/lang/System.java 
149716     WARN  main            d.u.i.k.j.r.KeYCrossReferenceNameInfo Datatype java.io.PrintStream declared twice: Once in FILE:/home/runner/work/key/key/key.core/../key.ui/examples/index/.././standard_key/java_dl/classpath/PrintStream.java and once in URL:file:/home/runner/work/key/key/key.core/build/resources/main/de/uka/ilkd/key/java/JavaRedux/java/io/PrintStream.java, Keeping one from URL:file:/home/runner/work/key/key/key.core/build/resources/main/de/uka/ilkd/key/java/JavaRedux/java/io/PrintStream.java 
149716     WARN  main            d.u.i.k.j.r.KeYCrossReferenceNameInfo Datatype java.io.InputStream declared twice: Once in FILE:/home/runner/work/key/key/key.core/../key.ui/examples/index/.././standard_key/java_dl/classpath/InputStream.java and once in URL:file:/home/runner/work/key/key/key.core/build/resources/main/de/uka/ilkd/key/java/JavaRedux/java/io/InputStream.java, Keeping one from URL:file:/home/runner/work/key/key/key.core/build/resources/main/de/uka/ilkd/key/java/JavaRedux/java/io/InputStream.java 
149721     WARN  main            d.u.i.k.j.r.KeYCrossReferenceNameInfo Datatype java.lang.System declared twice: Once in FILE:/home/runner/work/key/key/key.core/../key.ui/examples/index/.././standard_key/java_dl/classpath/System.java and once in URL:file:/home/runner/work/key/key/key.core/build/resources/main/de/uka/ilkd/key/java/JavaRedux/java/lang/System.java, Keeping one from URL:file:/home/runner/work/key/key/key.core/build/resources/main/de/uka/ilkd/key/java/JavaRedux/java/lang/System.java 
362081     WARN  main            d.u.i.k.j.r.KeYCrossReferenceNameInfo Datatype java.io.PrintStream declared twice: Once in FILE:/home/runner/work/key/key/key.core/../key.ui/examples/index/.././standard_key/java_dl/./classpath/PrintStream.java and once in URL:file:/home/runner/work/key/key/key.core/build/resources/main/de/uka/ilkd/key/java/JavaRedux/java/io/PrintStream.java, Keeping one from URL:file:/home/runner/work/key/key/key.core/build/resources/main/de/uka/ilkd/key/java/JavaRedux/java/io/PrintStream.java 
362081     WARN  main            d.u.i.k.j.r.KeYCrossReferenceNameInfo Datatype java.io.InputStream declared twice: Once in FILE:/home/runner/work/key/key/key.core/../key.ui/examples/index/.././standard_key/java_dl/./classpath/InputStream.java and once in URL:file:/home/runner/work/key/key/key.core/build/resources/main/de/uka/ilkd/key/java/JavaRedux/java/io/InputStream.java, Keeping one from URL:file:/home/runner/work/key/key/key.core/build/resources/main/de/uka/ilkd/key/java/JavaRedux/java/io/InputStream.java 
362082     WARN  main            d.u.i.k.j.r.KeYCrossReferenceNameInfo Datatype java.lang.System declared twice: Once in FILE:/home/runner/work/key/key/key.core/../key.ui/examples/index/.././standard_key/java_dl/./classpath/System.java and once in URL:file:/home/runner/work/key/key/key.core/build/resources/main/de/uka/ilkd/key/java/JavaRedux/java/lang/System.java, Keeping one from URL:file:/home/runner/work/key/key/key.core/build/resources/main/de/uka/ilkd/key/java/JavaRedux/java/lang/System.java 
369323     WARN  main            d.u.i.k.j.r.KeYCrossReferenceNameInfo Datatype java.io.PrintStream declared twice: Once in FILE:/home/runner/work/key/key/key.core/../key.ui/examples/index/.././standard_key/java_dl/classpath/PrintStream.java and once in URL:file:/home/runner/work/key/key/key.core/build/resources/main/de/uka/ilkd/key/java/JavaRedux/java/io/PrintStream.java, Keeping one from URL:file:/home/runner/work/key/key/key.core/build/resources/main/de/uka/ilkd/key/java/JavaRedux/java/io/PrintStream.java 
369324     WARN  main            d.u.i.k.j.r.KeYCrossReferenceNameInfo Datatype java.io.InputStream declared twice: Once in FILE:/home/runner/work/key/key/key.core/../key.ui/examples/index/.././standard_key/java_dl/classpath/InputStream.java and once in URL:file:/home/runner/work/key/key/key.core/build/resources/main/de/uka/ilkd/key/java/JavaRedux/java/io/InputStream.java, Keeping one from URL:file:/home/runner/work/key/key/key.core/build/resources/main/de/uka/ilkd/key/java/JavaRedux/java/io/InputStream.java 
369324     WARN  main            d.u.i.k.j.r.KeYCrossReferenceNameInfo Datatype java.lang.System declared twice: Once in FILE:/home/runner/work/key/key/key.core/../key.ui/examples/index/.././standard_key/java_dl/classpath/System.java and once in URL:file:/home/runner/work/key/key/key.core/build/resources/main/de/uka/ilkd/key/java/JavaRedux/java/lang/System.java, Keeping one from URL:file:/home/runner/work/key/key/key.core/build/resources/main/de/uka/ilkd/key/java/JavaRedux/java/lang/System.java 
372560     WARN  main            d.u.i.k.j.r.KeYCrossReferenceNameInfo Datatype java.io.PrintStream declared twice: Once in FILE:/home/runner/work/key/key/key.core/../key.ui/examples/index/.././standard_key/java_dl/classpath/PrintStream.java and once in URL:file:/home/runner/work/key/key/key.core/build/resources/main/de/uka/ilkd/key/java/JavaRedux/java/io/PrintStream.java, Keeping one from URL:file:/home/runner/work/key/key/key.core/build/resources/main/de/uka/ilkd/key/java/JavaRedux/java/io/PrintStream.java 
372561     WARN  main            d.u.i.k.j.r.KeYCrossReferenceNameInfo Datatype java.io.InputStream declared twice: Once in FILE:/home/runner/work/key/key/key.core/../key.ui/examples/index/.././standard_key/java_dl/classpath/InputStream.java and once in URL:file:/home/runner/work/key/key/key.core/build/resources/main/de/uka/ilkd/key/java/JavaRedux/java/io/InputStream.java, Keeping one from URL:file:/home/runner/work/key/key/key.core/build/resources/main/de/uka/ilkd/key/java/JavaRedux/java/io/InputStream.java 
372561     WARN  main            d.u.i.k.j.r.KeYCrossReferenceNameInfo Datatype java.lang.System declared twice: Once in FILE:/home/runner/work/key/key/key.core/../key.ui/examples/index/.././standard_key/java_dl/classpath/System.java and once in URL:file:/home/runner/work/key/key/key.core/build/resources/main/de/uka/ilkd/key/java/JavaRedux/java/lang/System.java, Keeping one from URL:file:/home/runner/work/key/key/key.core/build/resources/main/de/uka/ilkd/key/java/JavaRedux/java/lang/System.java 
377041     WARN  main            d.u.i.k.j.r.KeYCrossReferenceNameInfo Datatype java.io.PrintStream declared twice: Once in FILE:/home/runner/work/key/key/key.core/../key.ui/examples/index/.././standard_key/java_dl/classpath/PrintStream.java and once in URL:file:/home/runner/work/key/key/key.core/build/resources/main/de/uka/ilkd/key/java/JavaRedux/java/io/PrintStream.java, Keeping one from URL:file:/home/runner/work/key/key/key.core/build/resources/main/de/uka/ilkd/key/java/JavaRedux/java/io/PrintStream.java 
377041     WARN  main            d.u.i.k.j.r.KeYCrossReferenceNameInfo Datatype java.io.InputStream declared twice: Once in FILE:/home/runner/work/key/key/key.core/../key.ui/examples/index/.././standard_key/java_dl/classpath/InputStream.java and once in URL:file:/home/runner/work/key/key/key.core/build/resources/main/de/uka/ilkd/key/java/JavaRedux/java/io/InputStream.java, Keeping one from URL:file:/home/runner/work/key/key/key.core/build/resources/main/de/uka/ilkd/key/java/JavaRedux/java/io/InputStream.java 
377041     WARN  main            d.u.i.k.j.r.KeYCrossReferenceNameInfo Datatype java.lang.System declared twice: Once in FILE:/home/runner/work/key/key/key.core/../key.ui/examples/index/.././standard_key/java_dl/classpath/System.java and once in URL:file:/home/runner/work/key/key/key.core/build/resources/main/de/uka/ilkd/key/java/JavaRedux/java/lang/System.java, Keeping one from URL:file:/home/runner/work/key/key/key.core/build/resources/main/de/uka/ilkd/key/java/JavaRedux/java/lang/System.java 
505911     WARN  main            d.u.i.k.j.r.KeYCrossReferenceNameInfo Datatype java.io.PrintStream declared twice: Once in FILE:/home/runner/work/key/key/key.core/../key.ui/examples/index/.././standard_key/java_dl/classpath/PrintStream.java and once in URL:file:/home/runner/work/key/key/key.core/build/resources/main/de/uka/ilkd/key/java/JavaRedux/java/io/PrintStream.java, Keeping one from URL:file:/home/runner/work/key/key/key.core/build/resources/main/de/uka/ilkd/key/java/JavaRedux/java/io/PrintStream.java 
505911     WARN  main            d.u.i.k.j.r.KeYCrossReferenceNameInfo Datatype java.io.InputStream declared twice: Once in FILE:/home/runner/work/key/key/key.core/../key.ui/examples/index/.././standard_key/java_dl/classpath/InputStream.java and once in URL:file:/home/runner/work/key/key/key.core/build/resources/main/de/uka/ilkd/key/java/JavaRedux/java/io/InputStream.java, Keeping one from URL:file:/home/runner/work/key/key/key.core/build/resources/main/de/uka/ilkd/key/java/JavaRedux/java/io/InputStream.java 
505912     WARN  main            d.u.i.k.j.r.KeYCrossReferenceNameInfo Datatype java.lang.System declared twice: Once in FILE:/home/runner/work/key/key/key.core/../key.ui/examples/index/.././standard_key/java_dl/classpath/System.java and once in URL:file:/home/runner/work/key/key/key.core/build/resources/main/de/uka/ilkd/key/java/JavaRedux/java/lang/System.java, Keeping one from URL:file:/home/runner/work/key/key/key.core/build/resources/main/de/uka/ilkd/key/java/JavaRedux/java/lang/System.java 
509369     WARN  main            d.u.i.k.j.r.KeYCrossReferenceNameInfo Datatype java.io.PrintStream declared twice: Once in FILE:/home/runner/work/key/key/key.core/../key.ui/examples/index/.././standard_key/java_dl/classpath/PrintStream.java and once in URL:file:/home/runner/work/key/key/key.core/build/resources/main/de/uka/ilkd/key/java/JavaRedux/java/io/PrintStream.java, Keeping one from URL:file:/home/runner/work/key/key/key.core/build/resources/main/de/uka/ilkd/key/java/JavaRedux/java/io/PrintStream.java 
509370     WARN  main            d.u.i.k.j.r.KeYCrossReferenceNameInfo Datatype java.io.InputStream declared twice: Once in FILE:/home/runner/work/key/key/key.core/../key.ui/examples/index/.././standard_key/java_dl/classpath/InputStream.java and once in URL:file:/home/runner/work/key/key/key.core/build/resources/main/de/uka/ilkd/key/java/JavaRedux/java/io/InputStream.java, Keeping one from URL:file:/home/runner/work/key/key/key.core/build/resources/main/de/uka/ilkd/key/java/JavaRedux/java/io/InputStream.java 
509370     WARN  main            d.u.i.k.j.r.KeYCrossReferenceNameInfo Datatype java.lang.System declared twice: Once in FILE:/home/runner/work/key/key/key.core/../key.ui/examples/index/.././standard_key/java_dl/classpath/System.java and once in URL:file:/home/runner/work/key/key/key.core/build/resources/main/de/uka/ilkd/key/java/JavaRedux/java/lang/System.java, Keeping one from URL:file:/home/runner/work/key/key/key.core/build/resources/main/de/uka/ilkd/key/java/JavaRedux/java/lang/System.java 
511903     WARN  main            d.u.i.k.j.r.KeYCrossReferenceNameInfo Datatype java.io.PrintStream declared twice: Once in FILE:/home/runner/work/key/key/key.core/../key.ui/examples/index/.././standard_key/staticInitialisation/classpath/PrintStream.java and once in URL:file:/home/runner/work/key/key/key.core/build/resources/main/de/uka/ilkd/key/java/JavaRedux/java/io/PrintStream.java, Keeping one from URL:file:/home/runner/work/key/key/key.core/build/resources/main/de/uka/ilkd/key/java/JavaRedux/java/io/PrintStream.java 
511904     WARN  main            d.u.i.k.j.r.KeYCrossReferenceNameInfo Datatype java.lang.System declared twice: Once in FILE:/home/runner/work/key/key/key.core/../key.ui/examples/index/.././standard_key/staticInitialisation/classpath/System.java and once in URL:file:/home/runner/work/key/key/key.core/build/resources/main/de/uka/ilkd/key/java/JavaRedux/java/lang/System.java, Keeping one from URL:file:/home/runner/work/key/key/key.core/build/resources/main/de/uka/ilkd/key/java/JavaRedux/java/lang/System.java 
515616     WARN  main            d.u.i.k.j.r.KeYCrossReferenceNameInfo Datatype java.io.PrintStream declared twice: Once in FILE:/home/runner/work/key/key/key.core/../key.ui/examples/index/.././standard_key/staticInitialisation/classpath/PrintStream.java and once in URL:file:/home/runner/work/key/key/key.core/build/resources/main/de/uka/ilkd/key/java/JavaRedux/java/io/PrintStream.java, Keeping one from URL:file:/home/runner/work/key/key/key.core/build/resources/main/de/uka/ilkd/key/java/JavaRedux/java/io/PrintStream.java 
515616     WARN  main            d.u.i.k.j.r.KeYCrossReferenceNameInfo Datatype java.lang.System declared twice: Once in FILE:/home/runner/work/key/key/key.core/../key.ui/examples/index/.././standard_key/staticInitialisation/classpath/System.java and once in URL:file:/home/runner/work/key/key/key.core/build/resources/main/de/uka/ilkd/key/java/JavaRedux/java/lang/System.java, Keeping one from URL:file:/home/runner/work/key/key/key.core/build/resources/main/de/uka/ilkd/key/java/JavaRedux/java/lang/System.java 
518159     WARN  main            d.u.i.k.j.r.KeYCrossReferenceNameInfo Datatype java.io.PrintStream declared twice: Once in FILE:/home/runner/work/key/key/key.core/../key.ui/examples/index/.././standard_key/staticInitialisation/classpath/PrintStream.java and once in URL:file:/home/runner/work/key/key/key.core/build/resources/main/de/uka/ilkd/key/java/JavaRedux/java/io/PrintStream.java, Keeping one from URL:file:/home/runner/work/key/key/key.core/build/resources/main/de/uka/ilkd/key/java/JavaRedux/java/io/PrintStream.java 
518159     WARN  main            d.u.i.k.j.r.KeYCrossReferenceNameInfo Datatype java.lang.System declared twice: Once in FILE:/home/runner/work/key/key/key.core/../key.ui/examples/index/.././standard_key/staticInitialisation/classpath/System.java and once in URL:file:/home/runner/work/key/key/key.core/build/resources/main/de/uka/ilkd/key/java/JavaRedux/java/lang/System.java, Keeping one from URL:file:/home/runner/work/key/key/key.core/build/resources/main/de/uka/ilkd/key/java/JavaRedux/java/lang/System.java 
521317     WARN  main            d.u.i.k.j.r.KeYCrossReferenceNameInfo Datatype java.io.PrintStream declared twice: Once in FILE:/home/runner/work/key/key/key.core/../key.ui/examples/index/.././standard_key/staticInitialisation/classpath/PrintStream.java and once in URL:file:/home/runner/work/key/key/key.core/build/resources/main/de/uka/ilkd/key/java/JavaRedux/java/io/PrintStream.java, Keeping one from URL:file:/home/runner/work/key/key/key.core/build/resources/main/de/uka/ilkd/key/java/JavaRedux/java/io/PrintStream.java 
521318     WARN  main            d.u.i.k.j.r.KeYCrossReferenceNameInfo Datatype java.lang.System declared twice: Once in FILE:/home/runner/work/key/key/key.core/../key.ui/examples/index/.././standard_key/staticInitialisation/classpath/System.java and once in URL:file:/home/runner/work/key/key/key.core/build/resources/main/de/uka/ilkd/key/java/JavaRedux/java/lang/System.java, Keeping one from URL:file:/home/runner/work/key/key/key.core/build/resources/main/de/uka/ilkd/key/java/JavaRedux/java/lang/System.java 
523720     WARN  main            d.u.i.k.j.r.KeYCrossReferenceNameInfo Datatype java.io.PrintStream declared twice: Once in FILE:/home/runner/work/key/key/key.core/../key.ui/examples/index/.././standard_key/staticInitialisation/classpath/PrintStream.java and once in URL:file:/home/runner/work/key/key/key.core/build/resources/main/de/uka/ilkd/key/java/JavaRedux/java/io/PrintStream.java, Keeping one from URL:file:/home/runner/work/key/key/key.core/build/resources/main/de/uka/ilkd/key/java/JavaRedux/java/io/PrintStream.java 
523721     WARN  main            d.u.i.k.j.r.KeYCrossReferenceNameInfo Datatype java.lang.System declared twice: Once in FILE:/home/runner/work/key/key/key.core/../key.ui/examples/index/.././standard_key/staticInitialisation/classpath/System.java and once in URL:file:/home/runner/work/key/key/key.core/build/resources/main/de/uka/ilkd/key/java/JavaRedux/java/lang/System.java, Keeping one from URL:file:/home/runner/work/key/key/key.core/build/resources/main/de/uka/ilkd/key/java/JavaRedux/java/lang/System.java 
526744     WARN  main            d.u.i.k.j.r.KeYCrossReferenceNameInfo Datatype java.io.PrintStream declared twice: Once in FILE:/home/runner/work/key/key/key.core/../key.ui/examples/index/.././standard_key/staticInitialisation/classpath/PrintStream.java and once in URL:file:/home/runner/work/key/key/key.core/build/resources/main/de/uka/ilkd/key/java/JavaRedux/java/io/PrintStream.java, Keeping one from URL:file:/home/runner/work/key/key/key.core/build/resources/main/de/uka/ilkd/key/java/JavaRedux/java/io/PrintStream.java 
526745     WARN  main            d.u.i.k.j.r.KeYCrossReferenceNameInfo Datatype java.lang.System declared twice: Once in FILE:/home/runner/work/key/key/key.core/../key.ui/examples/index/.././standard_key/staticInitialisation/classpath/System.java and once in URL:file:/home/runner/work/key/key/key.core/build/resources/main/de/uka/ilkd/key/java/JavaRedux/java/lang/System.java, Keeping one from URL:file:/home/runner/work/key/key/key.core/build/resources/main/de/uka/ilkd/key/java/JavaRedux/java/lang/System.java 
529148     WARN  main            d.u.i.k.j.r.KeYCrossReferenceNameInfo Datatype java.io.PrintStream declared twice: Once in FILE:/home/runner/work/key/key/key.core/../key.ui/examples/index/.././standard_key/staticInitialisation/classpath/PrintStream.java and once in URL:file:/home/runner/work/key/key/key.core/build/resources/main/de/uka/ilkd/key/java/JavaRedux/java/io/PrintStream.java, Keeping one from URL:file:/home/runner/work/key/key/key.core/build/resources/main/de/uka/ilkd/key/java/JavaRedux/java/io/PrintStream.java 
529149     WARN  main            d.u.i.k.j.r.KeYCrossReferenceNameInfo Datatype java.lang.System declared twice: Once in FILE:/home/runner/work/key/key/key.core/../key.ui/examples/index/.././standard_key/staticInitialisation/classpath/System.java and once in URL:file:/home/runner/work/key/key/key.core/build/resources/main/de/uka/ilkd/key/java/JavaRedux/java/lang/System.java, Keeping one from URL:file:/home/runner/work/key/key/key.core/build/resources/main/de/uka/ilkd/key/java/JavaRedux/java/lang/System.java 
532373     WARN  main            d.u.i.k.j.r.KeYCrossReferenceNameInfo Datatype java.io.PrintStream declared twice: Once in FILE:/home/runner/work/key/key/key.core/../key.ui/examples/index/.././standard_key/staticInitialisation/classpath/PrintStream.java and once in URL:file:/home/runner/work/key/key/key.core/build/resources/main/de/uka/ilkd/key/java/JavaRedux/java/io/PrintStream.java, Keeping one from URL:file:/home/runner/work/key/key/key.core/build/resources/main/de/uka/ilkd/key/java/JavaRedux/java/io/PrintStream.java 
532373     WARN  main            d.u.i.k.j.r.KeYCrossReferenceNameInfo Datatype java.lang.System declared twice: Once in FILE:/home/runner/work/key/key/key.core/../key.ui/examples/index/.././standard_key/staticInitialisation/classpath/System.java and once in URL:file:/home/runner/work/key/key/key.core/build/resources/main/de/uka/ilkd/key/java/JavaRedux/java/lang/System.java, Keeping one from URL:file:/home/runner/work/key/key/key.core/build/resources/main/de/uka/ilkd/key/java/JavaRedux/java/lang/System.java 
534835     WARN  main            d.u.i.k.j.r.KeYCrossReferenceNameInfo Datatype java.io.PrintStream declared twice: Once in FILE:/home/runner/work/key/key/key.core/../key.ui/examples/index/.././standard_key/staticInitialisation/classpath/PrintStream.java and once in URL:file:/home/runner/work/key/key/key.core/build/resources/main/de/uka/ilkd/key/java/JavaRedux/java/io/PrintStream.java, Keeping one from URL:file:/home/runner/work/key/key/key.core/build/resources/main/de/uka/ilkd/key/java/JavaRedux/java/io/PrintStream.java 
534835     WARN  main            d.u.i.k.j.r.KeYCrossReferenceNameInfo Datatype java.lang.System declared twice: Once in FILE:/home/runner/work/key/key/key.core/../key.ui/examples/index/.././standard_key/staticInitialisation/classpath/System.java and once in URL:file:/home/runner/work/key/key/key.core/build/resources/main/de/uka/ilkd/key/java/JavaRedux/java/lang/System.java, Keeping one from URL:file:/home/runner/work/key/key/key.core/build/resources/main/de/uka/ilkd/key/java/JavaRedux/java/lang/System.java 
538000     WARN  main            d.u.i.k.j.r.KeYCrossReferenceNameInfo Datatype java.io.PrintStream declared twice: Once in FILE:/home/runner/work/key/key/key.core/../key.ui/examples/index/.././standard_key/staticInitialisation/classpath/PrintStream.java and once in URL:file:/home/runner/work/key/key/key.core/build/resources/main/de/uka/ilkd/key/java/JavaRedux/java/io/PrintStream.java, Keeping one from URL:file:/home/runner/work/key/key/key.core/build/resources/main/de/uka/ilkd/key/java/JavaRedux/java/io/PrintStream.java 
538000     WARN  main            d.u.i.k.j.r.KeYCrossReferenceNameInfo Datatype java.lang.System declared twice: Once in FILE:/home/runner/work/key/key/key.core/../key.ui/examples/index/.././standard_key/staticInitialisation/classpath/System.java and once in URL:file:/home/runner/work/key/key/key.core/build/resources/main/de/uka/ilkd/key/java/JavaRedux/java/lang/System.java, Keeping one from URL:file:/home/runner/work/key/key/key.core/build/resources/main/de/uka/ilkd/key/java/JavaRedux/java/lang/System.java 
540508     WARN  main            d.u.i.k.j.r.KeYCrossReferenceNameInfo Datatype java.io.PrintStream declared twice: Once in FILE:/home/runner/work/key/key/key.core/../key.ui/examples/index/.././standard_key/staticInitialisation/classpath/PrintStream.java and once in URL:file:/home/runner/work/key/key/key.core/build/resources/main/de/uka/ilkd/key/java/JavaRedux/java/io/PrintStream.java, Keeping one from URL:file:/home/runner/work/key/key/key.core/build/resources/main/de/uka/ilkd/key/java/JavaRedux/java/io/PrintStream.java 
540508     WARN  main            d.u.i.k.j.r.KeYCrossReferenceNameInfo Datatype java.lang.System declared twice: Once in FILE:/home/runner/work/key/key/key.core/../key.ui/examples/index/.././standard_key/staticInitialisation/classpath/System.java and once in URL:file:/home/runner/work/key/key/key.core/build/resources/main/de/uka/ilkd/key/java/JavaRedux/java/lang/System.java, Keeping one from URL:file:/home/runner/work/key/key/key.core/build/resources/main/de/uka/ilkd/key/java/JavaRedux/java/lang/System.java 
555826     WARN  main            d.u.i.k.j.r.KeYCrossReferenceNameInfo Datatype java.io.PrintStream declared twice: Once in FILE:/home/runner/work/key/key/key.core/../key.ui/examples/index/.././standard_key/staticInitialisation/classpath/PrintStream.java and once in URL:file:/home/runner/work/key/key/key.core/build/resources/main/de/uka/ilkd/key/java/JavaRedux/java/io/PrintStream.java, Keeping one from URL:file:/home/runner/work/key/key/key.core/build/resources/main/de/uka/ilkd/key/java/JavaRedux/java/io/PrintStream.java 
555827     WARN  main            d.u.i.k.j.r.KeYCrossReferenceNameInfo Datatype java.lang.System declared twice: Once in FILE:/home/runner/work/key/key/key.core/../key.ui/examples/index/.././standard_key/staticInitialisation/classpath/System.java and once in URL:file:/home/runner/work/key/key/key.core/build/resources/main/de/uka/ilkd/key/java/JavaRedux/java/lang/System.java, Keeping one from URL:file:/home/runner/work/key/key/key.core/build/resources/main/de/uka/ilkd/key/java/JavaRedux/java/lang/System.java 
560661     WARN  main            d.u.i.k.j.r.KeYCrossReferenceNameInfo Datatype java.io.PrintStream declared twice: Once in FILE:/home/runner/work/key/key/key.core/../key.ui/examples/index/.././standard_key/staticInitialisation/classpath/PrintStream.java and once in URL:file:/home/runner/work/key/key/key.core/build/resources/main/de/uka/ilkd/key/java/JavaRedux/java/io/PrintStream.java, Keeping one from URL:file:/home/runner/work/key/key/key.core/build/resources/main/de/uka/ilkd/key/java/JavaRedux/java/io/PrintStream.java 
560661     WARN  main            d.u.i.k.j.r.KeYCrossReferenceNameInfo Datatype java.lang.System declared twice: Once in FILE:/home/runner/work/key/key/key.core/../key.ui/examples/index/.././standard_key/staticInitialisation/classpath/System.java and once in URL:file:/home/runner/work/key/key/key.core/build/resources/main/de/uka/ilkd/key/java/JavaRedux/java/lang/System.java, Keeping one from URL:file:/home/runner/work/key/key/key.core/build/resources/main/de/uka/ilkd/key/java/JavaRedux/java/lang/System.java 
564067     WARN  main            d.u.i.k.j.r.KeYCrossReferenceNameInfo Datatype java.io.PrintStream declared twice: Once in FILE:/home/runner/work/key/key/key.core/../key.ui/examples/index/.././standard_key/staticInitialisation/classpath/PrintStream.java and once in URL:file:/home/runner/work/key/key/key.core/build/resources/main/de/uka/ilkd/key/java/JavaRedux/java/io/PrintStream.java, Keeping one from URL:file:/home/runner/work/key/key/key.core/build/resources/main/de/uka/ilkd/key/java/JavaRedux/java/io/PrintStream.java 
564068     WARN  main            d.u.i.k.j.r.KeYCrossReferenceNameInfo Datatype java.lang.System declared twice: Once in FILE:/home/runner/work/key/key/key.core/../key.ui/examples/index/.././standard_key/staticInitialisation/classpath/System.java and once in URL:file:/home/runner/work/key/key/key.core/build/resources/main/de/uka/ilkd/key/java/JavaRedux/java/lang/System.java, Keeping one from URL:file:/home/runner/work/key/key/key.core/build/resources/main/de/uka/ilkd/key/java/JavaRedux/java/lang/System.java 
571914     WARN  main            d.u.i.k.j.r.KeYCrossReferenceNameInfo Datatype cp.C declared twice: Once in FILE:/home/runner/work/key/key/key.core/../key.ui/examples/index/../../../key.core/src/test/resources/testcase/classpath/classpath/C.class and once in FILE:/home/runner/work/key/key/key.core/../key.ui/examples/index/../../../key.core/src/test/resources/testcase/classpath/classpath/C.jml, Keeping one from FILE:/home/runner/work/key/key/key.core/../key.ui/examples/index/../../../key.core/src/test/resources/testcase/classpath/classpath/C.jml 
575122     WARN  main            d.u.i.k.j.r.KeYCrossReferenceNameInfo Datatype cp.C declared twice: Once in FILE:/home/runner/work/key/key/key.core/../key.ui/examples/index/../../../key.core/src/test/resources/testcase/classpath/classpath/C.class and once in FILE:/home/runner/work/key/key/key.core/../key.ui/examples/index/../../../key.core/src/test/resources/testcase/classpath/classpath/C.jml, Keeping one from FILE:/home/runner/work/key/key/key.core/../key.ui/examples/index/../../../key.core/src/test/resources/testcase/classpath/classpath/C.jml 
Returning from test javadl
Running test FOL
09:58:52,247 |-INFO in ch.qos.logback.classic.LoggerContext[default] - This is logback-classic version 1.4.5
09:58:52,281 |-INFO in ch.qos.logback.classic.LoggerContext[default] - Could NOT find resource [logback-test.xml]
09:58:52,298 |-INFO in ch.qos.logback.classic.LoggerContext[default] - Found resource [logback.xml] at [file:/home/runner/work/key/key/key.core/build/resources/test/logback.xml]
09:58:52,476 |-INFO in ch.qos.logback.core.model.processor.AppenderModelHandler - Processing appender named [STDOUT]
09:58:52,476 |-INFO in ch.qos.logback.core.model.processor.AppenderModelHandler - About to instantiate appender of type [ch.qos.logback.core.ConsoleAppender]
09:58:52,498 |-WARN in ch.qos.logback.core.model.processor.ImplicitModelHandler - Ignoring unknown property [file] in [ch.qos.logback.core.ConsoleAppender]
09:58:52,498 |-WARN in ch.qos.logback.core.model.processor.ImplicitModelHandler - Ignoring unknown property [append] in [ch.qos.logback.core.ConsoleAppender]
09:58:52,499 |-INFO in ch.qos.logback.core.model.processor.ImplicitModelHandler - Assuming default type [ch.qos.logback.classic.encoder.PatternLayoutEncoder] for [encoder] property
09:58:52,523 |-INFO in ch.qos.logback.classic.model.processor.RootLoggerModelHandler - Setting level of ROOT logger to WARN
09:58:52,528 |-INFO in ch.qos.logback.core.model.processor.AppenderRefModelHandler - Attaching appender named [STDOUT] to Logger[ROOT]
09:58:52,528 |-INFO in ch.qos.logback.core.model.processor.DefaultProcessor@24269709 - End of configuration.
09:58:52,529 |-INFO in ch.qos.logback.classic.joran.JoranConfigurator@2aceadd4 - Registering current configuration as safe fallback point

386        WARN  main            d.u.i.k.s.ProofSettings   The settings in /home/runner/.key/proof-settings.props are *not* read. 
Returning from test FOL
Running test strings
10:03:32,434 |-INFO in ch.qos.logback.classic.LoggerContext[default] - This is logback-classic version 1.4.5
10:03:32,463 |-INFO in ch.qos.logback.classic.LoggerContext[default] - Could NOT find resource [logback-test.xml]
10:03:32,481 |-INFO in ch.qos.logback.classic.LoggerContext[default] - Found resource [logback.xml] at [file:/home/runner/work/key/key/key.core/build/resources/test/logback.xml]
10:03:32,659 |-INFO in ch.qos.logback.core.model.processor.AppenderModelHandler - Processing appender named [STDOUT]
10:03:32,659 |-INFO in ch.qos.logback.core.model.processor.AppenderModelHandler - About to instantiate appender of type [ch.qos.logback.core.ConsoleAppender]
10:03:32,674 |-WARN in ch.qos.logback.core.model.processor.ImplicitModelHandler - Ignoring unknown property [file] in [ch.qos.logback.core.ConsoleAppender]
10:03:32,674 |-WARN in ch.qos.logback.core.model.processor.ImplicitModelHandler - Ignoring unknown property [append] in [ch.qos.logback.core.ConsoleAppender]
10:03:32,675 |-INFO in ch.qos.logback.core.model.processor.ImplicitModelHandler - Assuming default type [ch.qos.logback.classic.encoder.PatternLayoutEncoder] for [encoder] property
10:03:32,695 |-INFO in ch.qos.logback.classic.model.processor.RootLoggerModelHandler - Setting level of ROOT logger to WARN
10:03:32,702 |-INFO in ch.qos.logback.core.model.processor.AppenderRefModelHandler - Attaching appender named [STDOUT] to Logger[ROOT]
10:03:32,703 |-INFO in ch.qos.logback.core.model.processor.DefaultProcessor@24269709 - End of configuration.
10:03:32,704 |-INFO in ch.qos.logback.classic.joran.JoranConfigurator@2aceadd4 - Registering current configuration as safe fallback point

429        WARN  main            d.u.i.k.s.ProofSettings   The settings in /home/runner/.key/proof-settings.props are *not* read. 
Returning from test strings
Running test simple_info_flow
10:06:05,369 |-INFO in ch.qos.logback.classic.LoggerContext[default] - This is logback-classic version 1.4.5
10:06:05,400 |-INFO in ch.qos.logback.classic.LoggerContext[default] - Could NOT find resource [logback-test.xml]
10:06:05,417 |-INFO in ch.qos.logback.classic.LoggerContext[default] - Found resource [logback.xml] at [file:/home/runner/work/key/key/key.core/build/resources/test/logback.xml]
10:06:05,602 |-INFO in ch.qos.logback.core.model.processor.AppenderModelHandler - Processing appender named [STDOUT]
10:06:05,602 |-INFO in ch.qos.logback.core.model.processor.AppenderModelHandler - About to instantiate appender of type [ch.qos.logback.core.ConsoleAppender]
10:06:05,622 |-WARN in ch.qos.logback.core.model.processor.ImplicitModelHandler - Ignoring unknown property [file] in [ch.qos.logback.core.ConsoleAppender]
10:06:05,622 |-WARN in ch.qos.logback.core.model.processor.ImplicitModelHandler - Ignoring unknown property [append] in [ch.qos.logback.core.ConsoleAppender]
10:06:05,625 |-INFO in ch.qos.logback.core.model.processor.ImplicitModelHandler - Assuming default type [ch.qos.logback.classic.encoder.PatternLayoutEncoder] for [encoder] property
10:06:05,649 |-INFO in ch.qos.logback.classic.model.processor.RootLoggerModelHandler - Setting level of ROOT logger to WARN
10:06:05,662 |-INFO in ch.qos.logback.core.model.processor.AppenderRefModelHandler - Attaching appender named [STDOUT] to Logger[ROOT]
10:06:05,663 |-INFO in ch.qos.logback.core.model.processor.DefaultProcessor@24269709 - End of configuration.
10:06:05,663 |-INFO in ch.qos.logback.classic.joran.JoranConfigurator@2aceadd4 - Registering current configuration as safe fallback point

432        WARN  main            d.u.i.k.s.ProofSettings   The settings in /home/runner/.key/proof-settings.props are *not* read. 
Returning from test simple_info_flow
Running test modelMethods
10:06:19,324 |-INFO in ch.qos.logback.classic.LoggerContext[default] - This is logback-classic version 1.4.5
10:06:19,355 |-INFO in ch.qos.logback.classic.LoggerContext[default] - Could NOT find resource [logback-test.xml]
10:06:19,371 |-INFO in ch.qos.logback.classic.LoggerContext[default] - Found resource [logback.xml] at [file:/home/runner/work/key/key/key.core/build/resources/test/logback.xml]
10:06:19,552 |-INFO in ch.qos.logback.core.model.processor.AppenderModelHandler - Processing appender named [STDOUT]
10:06:19,552 |-INFO in ch.qos.logback.core.model.processor.AppenderModelHandler - About to instantiate appender of type [ch.qos.logback.core.ConsoleAppender]
10:06:19,567 |-WARN in ch.qos.logback.core.model.processor.ImplicitModelHandler - Ignoring unknown property [file] in [ch.qos.logback.core.ConsoleAppender]
10:06:19,567 |-WARN in ch.qos.logback.core.model.processor.ImplicitModelHandler - Ignoring unknown property [append] in [ch.qos.logback.core.ConsoleAppender]
10:06:19,568 |-INFO in ch.qos.logback.core.model.processor.ImplicitModelHandler - Assuming default type [ch.qos.logback.classic.encoder.PatternLayoutEncoder] for [encoder] property
10:06:19,587 |-INFO in ch.qos.logback.classic.model.processor.RootLoggerModelHandler - Setting level of ROOT logger to WARN
10:06:19,592 |-INFO in ch.qos.logback.core.model.processor.AppenderRefModelHandler - Attaching appender named [STDOUT] to Logger[ROOT]
10:06:19,592 |-INFO in ch.qos.logback.core.model.processor.DefaultProcessor@24269709 - End of configuration.
10:06:19,593 |-INFO in ch.qos.logback.classic.joran.JoranConfigurator@2aceadd4 - Registering current configuration as safe fallback point

377        WARN  main            d.u.i.k.s.ProofSettings   The settings in /home/runner/.key/proof-settings.props are *not* read. 
Returning from test modelMethods
Running test permissionHeap
10:09:14,580 |-INFO in ch.qos.logback.classic.LoggerContext[default] - This is logback-classic version 1.4.5
10:09:14,608 |-INFO in ch.qos.logback.classic.LoggerContext[default] - Could NOT find resource [logback-test.xml]
10:09:14,625 |-INFO in ch.qos.logback.classic.LoggerContext[default] - Found resource [logback.xml] at [file:/home/runner/work/key/key/key.core/build/resources/test/logback.xml]
10:09:14,771 |-INFO in ch.qos.logback.core.model.processor.AppenderModelHandler - Processing appender named [STDOUT]
10:09:14,771 |-INFO in ch.qos.logback.core.model.processor.AppenderModelHandler - About to instantiate appender of type [ch.qos.logback.core.ConsoleAppender]
10:09:14,787 |-WARN in ch.qos.logback.core.model.processor.ImplicitModelHandler - Ignoring unknown property [file] in [ch.qos.logback.core.ConsoleAppender]
10:09:14,787 |-WARN in ch.qos.logback.core.model.processor.ImplicitModelHandler - Ignoring unknown property [append] in [ch.qos.logback.core.ConsoleAppender]
10:09:14,788 |-INFO in ch.qos.logback.core.model.processor.ImplicitModelHandler - Assuming default type [ch.qos.logback.classic.encoder.PatternLayoutEncoder] for [encoder] property
10:09:14,808 |-INFO in ch.qos.logback.classic.model.processor.RootLoggerModelHandler - Setting level of ROOT logger to WARN
10:09:14,813 |-INFO in ch.qos.logback.core.model.processor.AppenderRefModelHandler - Attaching appender named [STDOUT] to Logger[ROOT]
10:09:14,814 |-INFO in ch.qos.logback.core.model.processor.DefaultProcessor@24269709 - End of configuration.
10:09:14,814 |-INFO in ch.qos.logback.classic.joran.JoranConfigurator@2aceadd4 - Registering current configuration as safe fallback point

400        WARN  main            d.u.i.k.s.ProofSettings   The settings in /home/runner/.key/proof-settings.props are *not* read. 
819780     WARN  main            d.u.i.k.p.i.IntermediateProofReplayer Proof contains wrong number of \assumes instatiations for Definition_axiom_for_stateInv_in_Plotter 
819782     WARN  main            d.u.i.k.p.i.IntermediateProofReplayer Proof contains wrong number of \assumes instatiations for Definition_axiom_for_stateInv_in_Plotter 
819784     WARN  main            d.u.i.k.p.i.IntermediateProofReplayer Proof contains wrong number of \assumes instatiations for Definition_axiom_for_workingPermissions_in_Plotter 
819785     WARN  main            d.u.i.k.p.i.IntermediateProofReplayer Proof contains wrong number of \assumes instatiations for Definition_axiom_for_staticPermissions_in_Plotter 
819785     WARN  main            d.u.i.k.p.i.IntermediateProofReplayer Proof contains wrong number of \assumes instatiations for Definition_axiom_for_joinTransfer_in_Plotter 
819787     WARN  main            d.u.i.k.p.i.IntermediateProofReplayer Proof contains wrong number of \assumes instatiations for Definition_axiom_for_stateInv_in_BFilter 
819789     WARN  main            d.u.i.k.p.i.IntermediateProofReplayer Proof contains wrong number of \assumes instatiations for Definition_axiom_for_stateInv_in_AFilter 
819790     WARN  main            d.u.i.k.p.i.IntermediateProofReplayer Proof contains wrong number of \assumes instatiations for Definition_axiom_for_stateInv_in_BFilter 
819792     WARN  main            d.u.i.k.p.i.IntermediateProofReplayer Proof contains wrong number of \assumes instatiations for Definition_axiom_for_stateInv_in_AFilter 
819793     WARN  main            d.u.i.k.p.i.IntermediateProofReplayer Proof contains wrong number of \assumes instatiations for Definition_axiom_for_staticPermissions_in_AFilter 
819794     WARN  main            d.u.i.k.p.i.IntermediateProofReplayer Proof contains wrong number of \assumes instatiations for Definition_axiom_for_staticPermissions_in_Plotter 
819795     WARN  main            d.u.i.k.p.i.IntermediateProofReplayer Proof contains wrong number of \assumes instatiations for Definition_axiom_for_staticPermissions_in_BFilter 
819795     WARN  main            d.u.i.k.p.i.IntermediateProofReplayer Proof contains wrong number of \assumes instatiations for Definition_axiom_for_workingPermissions_in_Plotter 
819796     WARN  main            d.u.i.k.p.i.IntermediateProofReplayer Proof contains wrong number of \assumes instatiations for Definition_axiom_for_stateInv_in_Sampler 
819797     WARN  main            d.u.i.k.p.i.IntermediateProofReplayer Proof contains wrong number of \assumes instatiations for Definition_axiom_for_stateInv_in_Sampler 
819798     WARN  main            d.u.i.k.p.i.IntermediateProofReplayer Proof contains wrong number of \assumes instatiations for Definition_axiom_for_staticPermissions_in_Sampler 
819798     WARN  main            d.u.i.k.p.i.IntermediateProofReplayer Proof contains wrong number of \assumes instatiations for Definition_axiom_for_staticPermissions_in_BFilter 
819799     WARN  main            d.u.i.k.p.i.IntermediateProofReplayer Proof contains wrong number of \assumes instatiations for Definition_axiom_for_staticPermissions_in_AFilter 
819800     WARN  main            d.u.i.k.p.i.IntermediateProofReplayer Proof contains wrong number of \assumes instatiations for Definition_axiom_for_staticPermissions_in_Sampler 
819800     WARN  main            d.u.i.k.p.i.IntermediateProofReplayer Proof contains wrong number of \assumes instatiations for Definition_axiom_for_staticPermissions_in_Sampler 
819801     WARN  main            d.u.i.k.p.i.IntermediateProofReplayer Proof contains wrong number of \assumes instatiations for Definition_axiom_for_staticPermissions_in_Sampler 
819801     WARN  main            d.u.i.k.p.i.IntermediateProofReplayer Proof contains wrong number of \assumes instatiations for Definition_axiom_for_joinTransfer_in_Plotter 
Returning from test permissionHeap
Running test completionScopes
10:22:54,679 |-INFO in ch.qos.logback.classic.LoggerContext[default] - This is logback-classic version 1.4.5
10:22:54,724 |-INFO in ch.qos.logback.classic.LoggerContext[default] - Could NOT find resource [logback-test.xml]
10:22:54,740 |-INFO in ch.qos.logback.classic.LoggerContext[default] - Found resource [logback.xml] at [file:/home/runner/work/key/key/key.core/build/resources/test/logback.xml]
10:22:54,912 |-INFO in ch.qos.logback.core.model.processor.AppenderModelHandler - Processing appender named [STDOUT]
10:22:54,912 |-INFO in ch.qos.logback.core.model.processor.AppenderModelHandler - About to instantiate appender of type [ch.qos.logback.core.ConsoleAppender]
10:22:54,926 |-WARN in ch.qos.logback.core.model.processor.ImplicitModelHandler - Ignoring unknown property [file] in [ch.qos.logback.core.ConsoleAppender]
10:22:54,926 |-WARN in ch.qos.logback.core.model.processor.ImplicitModelHandler - Ignoring unknown property [append] in [ch.qos.logback.core.ConsoleAppender]
10:22:54,927 |-INFO in ch.qos.logback.core.model.processor.ImplicitModelHandler - Assuming default type [ch.qos.logback.classic.encoder.PatternLayoutEncoder] for [encoder] property
10:22:54,947 |-INFO in ch.qos.logback.classic.model.processor.RootLoggerModelHandler - Setting level of ROOT logger to WARN
10:22:54,951 |-INFO in ch.qos.logback.core.model.processor.AppenderRefModelHandler - Attaching appender named [STDOUT] to Logger[ROOT]
10:22:54,952 |-INFO in ch.qos.logback.core.model.processor.DefaultProcessor@24269709 - End of configuration.
10:22:54,952 |-INFO in ch.qos.logback.classic.joran.JoranConfigurator@2aceadd4 - Registering current configuration as safe fallback point

391        WARN  main            d.u.i.k.s.ProofSettings   The settings in /home/runner/.key/proof-settings.props are *not* read. 
Returning from test completionScopes
Running test reload_examples
10:23:45,277 |-INFO in ch.qos.logback.classic.LoggerContext[default] - This is logback-classic version 1.4.5
10:23:45,306 |-INFO in ch.qos.logback.classic.LoggerContext[default] - Could NOT find resource [logback-test.xml]
10:23:45,325 |-INFO in ch.qos.logback.classic.LoggerContext[default] - Found resource [logback.xml] at [file:/home/runner/work/key/key/key.core/build/resources/test/logback.xml]
10:23:45,485 |-INFO in ch.qos.logback.core.model.processor.AppenderModelHandler - Processing appender named [STDOUT]
10:23:45,485 |-INFO in ch.qos.logback.core.model.processor.AppenderModelHandler - About to instantiate appender of type [ch.qos.logback.core.ConsoleAppender]
10:23:45,501 |-WARN in ch.qos.logback.core.model.processor.ImplicitModelHandler - Ignoring unknown property [file] in [ch.qos.logback.core.ConsoleAppender]
10:23:45,501 |-WARN in ch.qos.logback.core.model.processor.ImplicitModelHandler - Ignoring unknown property [append] in [ch.qos.logback.core.ConsoleAppender]
10:23:45,502 |-INFO in ch.qos.logback.core.model.processor.ImplicitModelHandler - Assuming default type [ch.qos.logback.classic.encoder.PatternLayoutEncoder] for [encoder] property
10:23:45,522 |-INFO in ch.qos.logback.classic.model.processor.RootLoggerModelHandler - Setting level of ROOT logger to WARN
10:23:45,530 |-INFO in ch.qos.logback.core.model.processor.AppenderRefModelHandler - Attaching appender named [STDOUT] to Logger[ROOT]
10:23:45,530 |-INFO in ch.qos.logback.core.model.processor.DefaultProcessor@24269709 - End of configuration.
10:23:45,531 |-INFO in ch.qos.logback.classic.joran.JoranConfigurator@2aceadd4 - Registering current configuration as safe fallback point

376        WARN  main            d.u.i.k.s.ProofSettings   The settings in /home/runner/.key/proof-settings.props are *not* read. 
Returning from test reload_examples
Running test proofLoadRepair
10:24:29,106 |-INFO in ch.qos.logback.classic.LoggerContext[default] - This is logback-classic version 1.4.5
10:24:29,140 |-INFO in ch.qos.logback.classic.LoggerContext[default] - Could NOT find resource [logback-test.xml]
10:24:29,156 |-INFO in ch.qos.logback.classic.LoggerContext[default] - Found resource [logback.xml] at [file:/home/runner/work/key/key/key.core/build/resources/test/logback.xml]
10:24:29,353 |-INFO in ch.qos.logback.core.model.processor.AppenderModelHandler - Processing appender named [STDOUT]
10:24:29,353 |-INFO in ch.qos.logback.core.model.processor.AppenderModelHandler - About to instantiate appender of type [ch.qos.logback.core.ConsoleAppender]
10:24:29,367 |-WARN in ch.qos.logback.core.model.processor.ImplicitModelHandler - Ignoring unknown property [file] in [ch.qos.logback.core.ConsoleAppender]
10:24:29,367 |-WARN in ch.qos.logback.core.model.processor.ImplicitModelHandler - Ignoring unknown property [append] in [ch.qos.logback.core.ConsoleAppender]
10:24:29,368 |-INFO in ch.qos.logback.core.model.processor.ImplicitModelHandler - Assuming default type [ch.qos.logback.classic.encoder.PatternLayoutEncoder] for [encoder] property
10:24:29,386 |-INFO in ch.qos.logback.classic.model.processor.RootLoggerModelHandler - Setting level of ROOT logger to WARN
10:24:29,391 |-INFO in ch.qos.logback.core.model.processor.AppenderRefModelHandler - Attaching appender named [STDOUT] to Logger[ROOT]
10:24:29,392 |-INFO in ch.qos.logback.core.model.processor.DefaultProcessor@24269709 - End of configuration.
10:24:29,392 |-INFO in ch.qos.logback.classic.joran.JoranConfigurator@2aceadd4 - Registering current configuration as safe fallback point

382        WARN  main            d.u.i.k.s.ProofSettings   The settings in /home/runner/.key/proof-settings.props are *not* read. 
7809       WARN  main            d.u.i.k.p.i.IntermediateProofReplayer Proof contains wrong number of \assumes instatiations for andLeft 
7810       WARN  main            d.u.i.k.p.i.IntermediateProofReplayer Proof contains wrong number of \assumes instatiations for replace_known_right 
7813       WARN  main            d.u.i.k.p.i.IntermediateProofReplayer Proof contains wrong number of \assumes instatiations for close 
10774      WARN  main            d.u.i.k.p.i.IntermediateProofReplayer Proof contains wrong number of \assumes instatiations for applyEq 
Returning from test proofLoadRepair
Running test switch
10:24:48,088 |-INFO in ch.qos.logback.classic.LoggerContext[default] - This is logback-classic version 1.4.5
10:24:48,118 |-INFO in ch.qos.logback.classic.LoggerContext[default] - Could NOT find resource [logback-test.xml]
10:24:48,135 |-INFO in ch.qos.logback.classic.LoggerContext[default] - Found resource [logback.xml] at [file:/home/runner/work/key/key/key.core/build/resources/test/logback.xml]
10:24:48,299 |-INFO in ch.qos.logback.core.model.processor.AppenderModelHandler - Processing appender named [STDOUT]
10:24:48,300 |-INFO in ch.qos.logback.core.model.processor.AppenderModelHandler - About to instantiate appender of type [ch.qos.logback.core.ConsoleAppender]
10:24:48,315 |-WARN in ch.qos.logback.core.model.processor.ImplicitModelHandler - Ignoring unknown property [file] in [ch.qos.logback.core.ConsoleAppender]
10:24:48,315 |-WARN in ch.qos.logback.core.model.processor.ImplicitModelHandler - Ignoring unknown property [append] in [ch.qos.logback.core.ConsoleAppender]
10:24:48,316 |-INFO in ch.qos.logback.core.model.processor.ImplicitModelHandler - Assuming default type [ch.qos.logback.classic.encoder.PatternLayoutEncoder] for [encoder] property
10:24:48,336 |-INFO in ch.qos.logback.classic.model.processor.RootLoggerModelHandler - Setting level of ROOT logger to WARN
10:24:48,340 |-INFO in ch.qos.logback.core.model.processor.AppenderRefModelHandler - Attaching appender named [STDOUT] to Logger[ROOT]
10:24:48,341 |-INFO in ch.qos.logback.core.model.processor.DefaultProcessor@24269709 - End of configuration.
10:24:48,342 |-INFO in ch.qos.logback.classic.joran.JoranConfigurator@2aceadd4 - Registering current configuration as safe fallback point

357        WARN  main            d.u.i.k.s.ProofSettings   The settings in /home/runner/.key/proof-settings.props are *not* read. 
Returning from test switch
Running test redux
10:25:50,666 |-INFO in ch.qos.logback.classic.LoggerContext[default] - This is logback-classic version 1.4.5
10:25:50,706 |-INFO in ch.qos.logback.classic.LoggerContext[default] - Could NOT find resource [logback-test.xml]
10:25:50,730 |-INFO in ch.qos.logback.classic.LoggerContext[default] - Found resource [logback.xml] at [file:/home/runner/work/key/key/key.core/build/resources/test/logback.xml]
10:25:50,886 |-INFO in ch.qos.logback.core.model.processor.AppenderModelHandler - Processing appender named [STDOUT]
10:25:50,886 |-INFO in ch.qos.logback.core.model.processor.AppenderModelHandler - About to instantiate appender of type [ch.qos.logback.core.ConsoleAppender]
10:25:50,901 |-WARN in ch.qos.logback.core.model.processor.ImplicitModelHandler - Ignoring unknown property [file] in [ch.qos.logback.core.ConsoleAppender]
10:25:50,901 |-WARN in ch.qos.logback.core.model.processor.ImplicitModelHandler - Ignoring unknown property [append] in [ch.qos.logback.core.ConsoleAppender]
10:25:50,902 |-INFO in ch.qos.logback.core.model.processor.ImplicitModelHandler - Assuming default type [ch.qos.logback.classic.encoder.PatternLayoutEncoder] for [encoder] property
10:25:50,921 |-INFO in ch.qos.logback.classic.model.processor.RootLoggerModelHandler - Setting level of ROOT logger to WARN
10:25:50,926 |-INFO in ch.qos.logback.core.model.processor.AppenderRefModelHandler - Attaching appender named [STDOUT] to Logger[ROOT]
10:25:50,927 |-INFO in ch.qos.logback.core.model.processor.DefaultProcessor@2aceadd4 - End of configuration.
10:25:50,927 |-INFO in ch.qos.logback.classic.joran.JoranConfigurator@24aed80c - Registering current configuration as safe fallback point

364        WARN  main            d.u.i.k.s.ProofSettings   The settings in /home/runner/.key/proof-settings.props are *not* read. 
Returning from test redux
]]></system-out>
  <system-err><![CDATA[Timeout watcher launched (2000 secs.)
Timeout watcher launched (2000 secs.)
Timeout watcher launched (2000 secs.)
Timeout watcher launched (2000 secs.)
Timeout watcher launched (2000 secs.)
Timeout watcher launched (2000 secs.)
Timeout watcher launched (2000 secs.)
Timeout watcher launched (2000 secs.)
Timeout watcher launched (2000 secs.)
Timeout watcher launched (2000 secs.)
Timeout watcher launched (2000 secs.)
Timeout watcher launched (2000 secs.)
Timeout watcher launched (2000 secs.)
Timeout watcher launched (2000 secs.)
Timeout watcher launched (2000 secs.)
Timeout watcher launched (2000 secs.)
Timeout watcher launched (2000 secs.)
Timeout watcher launched (2000 secs.)
Timeout watcher launched (2000 secs.)
Timeout watcher launched (2000 secs.)
Timeout watcher launched (2000 secs.)
Timeout watcher launched (2000 secs.)
Timeout watcher launched (2000 secs.)
Timeout watcher launched (2000 secs.)
Timeout watcher launched (2000 secs.)
Timeout watcher launched (2000 secs.)
Timeout watcher launched (2000 secs.)
Timeout watcher launched (2000 secs.)
Timeout watcher launched (2000 secs.)
Mar 17, 2023 9:27:53 AM de.uka.ilkd.key.macros.scripts.ScriptCommand execute
INFO: Included script /home/runner/work/key/key/key.core/../key.ui/examples/index/.././heap/quicksort/sort.script
Timeout watcher launched (2000 secs.)
Timeout watcher launched (2000 secs.)
Timeout watcher launched (2000 secs.)
Timeout watcher launched (2000 secs.)
Timeout watcher launched (2000 secs.)
Timeout watcher launched (2000 secs.)
Timeout watcher launched (2000 secs.)
Timeout watcher launched (2000 secs.)
Timeout watcher launched (2000 secs.)
Timeout watcher launched (2000 secs.)
Timeout watcher launched (2000 secs.)
Timeout watcher launched (2000 secs.)
Timeout watcher launched (2000 secs.)
Timeout watcher launched (2000 secs.)
Timeout watcher launched (2000 secs.)
Timeout watcher launched (2000 secs.)
Timeout watcher launched (2000 secs.)
Timeout watcher launched (2000 secs.)
SMT Runtime, goal 17: 47 ms; valid
SMT Runtime, goal 27: 43 ms; valid
]]></system-err>
</testsuite>
