<?xml version="1.0" encoding="UTF-8"?>
<testsuite name="de.uka.ilkd.key.rule.match.legacy.TestLegacyTacletMatch" tests="4" skipped="0" failures="0" errors="0" timestamp="2023-01-31T12:56:53" hostname="fv-az485-493" time="0.92">
  <properties/>
  <testcase name="testProgramMatch0()" classname="de.uka.ilkd.key.rule.match.legacy.TestLegacyTacletMatch" time="0.917"/>
  <testcase name="testProgramMatch1()" classname="de.uka.ilkd.key.rule.match.legacy.TestLegacyTacletMatch" time="0.001"/>
  <testcase name="testProgramMatch2()" classname="de.uka.ilkd.key.rule.match.legacy.TestLegacyTacletMatch" time="0.001"/>
  <testcase name="testStatementListMatch()" classname="de.uka.ilkd.key.rule.match.legacy.TestLegacyTacletMatch" time="0.001"/>
  <system-out><![CDATA[]]></system-out>
  <system-err><![CDATA[]]></system-err>
</testsuite>
