<?xml version="1.0" encoding="UTF-8"?>
<testsuite name="org.key_project.util.testcase.java.NumberUtilTest" tests="8" skipped="0" failures="0" errors="0" timestamp="2023-03-04T11:59:28" hostname="fv-az309-15" time="0.018">
  <properties/>
  <testcase name="testToFullString_long()" classname="org.key_project.util.testcase.java.NumberUtilTest" time="0.001"/>
  <testcase name="testParseFullLong()" classname="org.key_project.util.testcase.java.NumberUtilTest" time="0.001"/>
  <testcase name="testParseFullInt()" classname="org.key_project.util.testcase.java.NumberUtilTest" time="0.001"/>
  <testcase name="testGetAlgebraicSign_long()" classname="org.key_project.util.testcase.java.NumberUtilTest" time="0.001"/>
  <testcase name="testGetAlgebraicSign_int()" classname="org.key_project.util.testcase.java.NumberUtilTest" time="0.001"/>
  <testcase name="testToFullString_int()" classname="org.key_project.util.testcase.java.NumberUtilTest" time="0.007"/>
  <testcase name="testNumberOfDigits_long()" classname="org.key_project.util.testcase.java.NumberUtilTest" time="0.005"/>
  <testcase name="testNumberOfDigits_int()" classname="org.key_project.util.testcase.java.NumberUtilTest" time="0.0"/>
  <system-out><![CDATA[]]></system-out>
  <system-err><![CDATA[]]></system-err>
</testsuite>
