<?xml version="1.0" encoding="UTF-8"?>
<testsuite name="de.uka.ilkd.key.nparser.ParseLDTsTests" tests="2" skipped="0" failures="0" errors="0" timestamp="2023-04-06T23:04:28" hostname="fv-az193-875" time="1.004">
  <properties/>
  <testcase name="testLDT()" classname="de.uka.ilkd.key.nparser.ParseLDTsTests" time="0.018"/>
  <testcase name="testSR()" classname="de.uka.ilkd.key.nparser.ParseLDTsTests" time="0.985"/>
  <system-out><![CDATA[221974     INFO  Test worker     d.u.i.k.n.KeyIO           Parsing took 9 ms 
221976     INFO  Test worker     d.u.i.k.n.KeyIO           MODE: declarations took 1 ms 
222331     INFO  Test worker     d.u.i.k.n.KeyIO           Parsing took 347 ms 
222335     INFO  Test worker     d.u.i.k.n.KeyIO           MODE: declarations took 2 ms 
]]></system-out>
  <system-err><![CDATA[]]></system-err>
</testsuite>
