<?xml version="1.0" encoding="UTF-8"?>
<testsuite name="de.uka.ilkd.key.nparser.ExprTest" tests="23" skipped="0" failures="0" errors="0" timestamp="2023-04-04T13:06:14" hostname="fv-az577-153" time="2.617">
  <properties/>
  <testcase name="[1] (bprod{int y;}(1, 2, y) = 0)" classname="de.uka.ilkd.key.nparser.ExprTest" time="0.024"/>
  <testcase name="[2] 1 = 1 -&gt; 2 = 2" classname="de.uka.ilkd.key.nparser.ExprTest" time="0.021"/>
  <testcase name="[3] \&lt; { int x = 1; } \&gt; x=1" classname="de.uka.ilkd.key.nparser.ExprTest" time="1.061"/>
  <testcase name="[4] \&lt;{ int x = 1; {int s = 2;} }\&gt; x=x" classname="de.uka.ilkd.key.nparser.ExprTest" time="1.128"/>
  <testcase name="[5] true" classname="de.uka.ilkd.key.nparser.ExprTest" time="0.021"/>
  <testcase name="[6] true &amp; false" classname="de.uka.ilkd.key.nparser.ExprTest" time="0.015"/>
  <testcase name="[7] 0" classname="de.uka.ilkd.key.nparser.ExprTest" time="0.026"/>
  <testcase name="[8] 1" classname="de.uka.ilkd.key.nparser.ExprTest" time="0.014"/>
  <testcase name="[9] 42" classname="de.uka.ilkd.key.nparser.ExprTest" time="0.016"/>
  <testcase name="[10] -5" classname="de.uka.ilkd.key.nparser.ExprTest" time="0.017"/>
  <testcase name="[11] 1 + 1 = 2" classname="de.uka.ilkd.key.nparser.ExprTest" time="0.023"/>
  <testcase name="[12] \if (3=4) \then (1) \else (2)" classname="de.uka.ilkd.key.nparser.ExprTest" time="0.015"/>
  <testcase name="[13] \if (3=4 &amp; 1=1) \then (\if (3=4) \then (1) \else (2)) \else (2)" classname="de.uka.ilkd.key.nparser.ExprTest" time="0.028"/>
  <testcase name="[14] aa + bb*cc" classname="de.uka.ilkd.key.nparser.ExprTest" time="0.027"/>
  <testcase name="[15] aa%bb*cc &lt; -123" classname="de.uka.ilkd.key.nparser.ExprTest" time="0.015"/>
  <testcase name="[16] \forall int x; true" classname="de.uka.ilkd.key.nparser.ExprTest" time="0.015"/>
  <testcase name="[17] \forall numbers x; x = x" classname="de.uka.ilkd.key.nparser.ExprTest" time="0.016"/>
  <testcase name="[18] (int)3+2" classname="de.uka.ilkd.key.nparser.ExprTest" time="0.014"/>
  <testcase name="[19] 1.f + 1f = 20e-1f * (2f-1f)" classname="de.uka.ilkd.key.nparser.ExprTest" time="0.021"/>
  <testcase name="[20] 1.d + 1d &lt;= 20e+1d * .01d" classname="de.uka.ilkd.key.nparser.ExprTest" time="0.015"/>
  <testcase name="[21] 1f &lt;= 2f" classname="de.uka.ilkd.key.nparser.ExprTest" time="0.019"/>
  <testcase name="[22] 2d &gt; 1d" classname="de.uka.ilkd.key.nparser.ExprTest" time="0.016"/>
  <testcase name="[23] seqEmpty + seqEmpty" classname="de.uka.ilkd.key.nparser.ExprTest" time="0.016"/>
  <system-out><![CDATA[232336     INFO  Test worker     d.u.i.k.n.KeyIO           Parsing took 12 ms 
232338     INFO  Test worker     d.u.i.k.n.KeyIO           MODE: declarations took 1 ms 
232341     INFO  Test worker     d.u.i.k.n.ExprTest        Term: equals(bprod{y:int}(Z(1(#)),Z(2(#)),y),Z(0(#))) 
232358     INFO  Test worker     d.u.i.k.n.KeyIO           Parsing took 14 ms 
232360     INFO  Test worker     d.u.i.k.n.KeyIO           MODE: declarations took 1 ms 
232363     INFO  Test worker     d.u.i.k.n.ExprTest        Term: imp(equals(Z(1(#)),Z(1(#))),equals(Z(2(#)),Z(2(#)))) 
232379     INFO  Test worker     d.u.i.k.n.KeyIO           Parsing took 13 ms 
232380     INFO  Test worker     d.u.i.k.n.KeyIO           MODE: declarations took 1 ms 
233424     INFO  Test worker     d.u.i.k.n.ExprTest        Term: \<{
  int x = 1;
}\> (equals(x,Z(1(#)))) 
233439     INFO  Test worker     d.u.i.k.n.KeyIO           Parsing took 11 ms 
233440     INFO  Test worker     d.u.i.k.n.KeyIO           MODE: declarations took 1 ms 
234555     INFO  Test worker     d.u.i.k.n.ExprTest        Term: \<{
  int x = 1;
  {
    int s = 2;
  }
}\> (equals(x,x)) 
234571     INFO  Test worker     d.u.i.k.n.KeyIO           Parsing took 14 ms 
234572     INFO  Test worker     d.u.i.k.n.KeyIO           MODE: declarations took 1 ms 
234576     INFO  Test worker     d.u.i.k.n.ExprTest        Term: true 
234588     INFO  Test worker     d.u.i.k.n.KeyIO           Parsing took 9 ms 
234590     INFO  Test worker     d.u.i.k.n.KeyIO           MODE: declarations took 1 ms 
234592     INFO  Test worker     d.u.i.k.n.ExprTest        Term: and(true,false) 
234616     INFO  Test worker     d.u.i.k.n.KeyIO           Parsing took 11 ms 
234626     INFO  Test worker     d.u.i.k.n.KeyIO           MODE: declarations took 9 ms 
234629     INFO  Test worker     d.u.i.k.n.ExprTest        Term: Z(0(#)) 
234641     INFO  Test worker     d.u.i.k.n.KeyIO           Parsing took 8 ms 
234643     INFO  Test worker     d.u.i.k.n.KeyIO           MODE: declarations took 1 ms 
234645     INFO  Test worker     d.u.i.k.n.ExprTest        Term: Z(1(#)) 
234657     INFO  Test worker     d.u.i.k.n.KeyIO           Parsing took 8 ms 
234659     INFO  Test worker     d.u.i.k.n.KeyIO           MODE: declarations took 2 ms 
234662     INFO  Test worker     d.u.i.k.n.ExprTest        Term: Z(2(4(#))) 
234676     INFO  Test worker     d.u.i.k.n.KeyIO           Parsing took 11 ms 
234677     INFO  Test worker     d.u.i.k.n.KeyIO           MODE: declarations took 1 ms 
234680     INFO  Test worker     d.u.i.k.n.ExprTest        Term: Z(neglit(5(#))) 
234695     INFO  Test worker     d.u.i.k.n.KeyIO           Parsing took 12 ms 
234700     INFO  Test worker     d.u.i.k.n.KeyIO           MODE: declarations took 1 ms 
234704     INFO  Test worker     d.u.i.k.n.ExprTest        Term: equals(add(Z(1(#)),Z(1(#))),Z(2(#))) 
234716     INFO  Test worker     d.u.i.k.n.KeyIO           Parsing took 9 ms 
234717     INFO  Test worker     d.u.i.k.n.KeyIO           MODE: declarations took 0 ms 
234720     INFO  Test worker     d.u.i.k.n.ExprTest        Term: if-then-else(equals(Z(3(#)),Z(4(#))),Z(1(#)),Z(2(#))) 
234732     INFO  Test worker     d.u.i.k.n.KeyIO           Parsing took 9 ms 
234733     INFO  Test worker     d.u.i.k.n.KeyIO           MODE: declarations took 0 ms 
234736     INFO  Test worker     d.u.i.k.n.ExprTest        Term: if-then-else(and(equals(Z(3(#)),Z(4(#))),equals(Z(1(#)),Z(1(#)))),if-then-else(equals(Z(3(#)),Z(4(#))),Z(1(#)),Z(2(#))),Z(2(#))) 
234769     INFO  Test worker     d.u.i.k.n.KeyIO           Parsing took 17 ms 
234771     INFO  Test worker     d.u.i.k.n.KeyIO           MODE: declarations took 1 ms 
234777     INFO  Test worker     d.u.i.k.n.ExprTest        Term: add(aa,mul(bb,cc)) 
234789     INFO  Test worker     d.u.i.k.n.KeyIO           Parsing took 9 ms 
234790     INFO  Test worker     d.u.i.k.n.KeyIO           MODE: declarations took 1 ms 
234793     INFO  Test worker     d.u.i.k.n.ExprTest        Term: lt(mul(mod(aa,bb),cc),Z(neglit(3(2(1(#)))))) 
234805     INFO  Test worker     d.u.i.k.n.KeyIO           Parsing took 9 ms 
234806     INFO  Test worker     d.u.i.k.n.KeyIO           MODE: declarations took 1 ms 
234809     INFO  Test worker     d.u.i.k.n.ExprTest        Term: all{x:int}(true) 
234820     INFO  Test worker     d.u.i.k.n.KeyIO           Parsing took 8 ms 
234823     INFO  Test worker     d.u.i.k.n.KeyIO           MODE: declarations took 0 ms 
234826     INFO  Test worker     d.u.i.k.n.ExprTest        Term: all{x:numbers}(equals(x,x)) 
234837     INFO  Test worker     d.u.i.k.n.KeyIO           Parsing took 8 ms 
234838     INFO  Test worker     d.u.i.k.n.KeyIO           MODE: declarations took 1 ms 
234841     INFO  Test worker     d.u.i.k.n.ExprTest        Term: add(int::cast(Z(3(#))),Z(2(#))) 
234856     INFO  Test worker     d.u.i.k.n.KeyIO           Parsing took 8 ms 
234857     INFO  Test worker     d.u.i.k.n.KeyIO           MODE: declarations took 1 ms 
234863     INFO  Test worker     d.u.i.k.n.ExprTest        Term: equals(addFloat(FP(6(1(2(3(5(3(5(6(0(1(#))))))))))),FP(6(1(2(3(5(3(5(6(0(1(#)))))))))))),mulFloat(FP(4(2(8(1(4(7(3(7(0(1(#))))))))))),subFloat(FP(4(2(8(1(4(7(3(7(0(1(#))))))))))),FP(6(1(2(3(5(3(5(6(0(1(#)))))))))))))) 
234876     INFO  Test worker     d.u.i.k.n.KeyIO           Parsing took 9 ms 
234877     INFO  Test worker     d.u.i.k.n.KeyIO           MODE: declarations took 0 ms 
234880     INFO  Test worker     d.u.i.k.n.ExprTest        Term: leqDouble(addDouble(DFP(8(0(4(7(1(0(0(0(8(8(1(4(2(8(1(7(0(6(4(#)))))))))))))))))))),DFP(8(0(4(7(1(0(0(0(8(8(1(4(2(8(1(7(0(6(4(#))))))))))))))))))))),mulDouble(DFP(4(8(7(6(0(0(2(8(9(0(9(8(0(4(2(1(4(6(4(#)))))))))))))))))))),DFP(5(7(6(7(8(0(4(0(3(9(2(2(8(1(9(6(7(5(4(#)))))))))))))))))))))) 
234892     INFO  Test worker     d.u.i.k.n.KeyIO           Parsing took 9 ms 
234894     INFO  Test worker     d.u.i.k.n.KeyIO           MODE: declarations took 1 ms 
234900     INFO  Test worker     d.u.i.k.n.ExprTest        Term: leqFloat(FP(6(1(2(3(5(3(5(6(0(1(#))))))))))),FP(4(2(8(1(4(7(3(7(0(1(#)))))))))))) 
234911     INFO  Test worker     d.u.i.k.n.KeyIO           Parsing took 8 ms 
234915     INFO  Test worker     d.u.i.k.n.KeyIO           MODE: declarations took 2 ms 
234917     INFO  Test worker     d.u.i.k.n.ExprTest        Term: gtDouble(DFP(4(0(9(7(8(3(7(2(4(8(1(0(6(8(6(1(1(6(4(#)))))))))))))))))))),DFP(8(0(4(7(1(0(0(0(8(8(1(4(2(8(1(7(0(6(4(#))))))))))))))))))))) 
234928     INFO  Test worker     d.u.i.k.n.KeyIO           Parsing took 8 ms 
234931     INFO  Test worker     d.u.i.k.n.KeyIO           MODE: declarations took 1 ms 
234934     INFO  Test worker     d.u.i.k.n.ExprTest        Term: seqConcat(seqEmpty,seqEmpty) 
]]></system-out>
  <system-err><![CDATA[]]></system-err>
</testsuite>
