<?xml version="1.0" encoding="UTF-8"?>
<testsuite name="de.uka.ilkd.key.parser.TestTermParserHeap" tests="39" skipped="0" failures="0" errors="0" timestamp="2023-04-04T13:08:21" hostname="fv-az577-153" time="130.403">
  <properties/>
  <testcase name="testBracketHeapUpdate()" classname="de.uka.ilkd.key.parser.TestTermParserHeap" time="0.021"/>
  <testcase name="testStore()" classname="de.uka.ilkd.key.parser.TestTermParserHeap" time="0.011"/>
  <testcase name="testUnknownConstant()" classname="de.uka.ilkd.key.parser.TestTermParserHeap" time="0.005"/>
  <testcase name="testAllFieldsSelector()" classname="de.uka.ilkd.key.parser.TestTermParserHeap" time="0.002"/>
  <testcase name="testParsePrettyPrintedSelect()" classname="de.uka.ilkd.key.parser.TestTermParserHeap" time="0.002"/>
  <testcase name="testAccessStaticMembers()" classname="de.uka.ilkd.key.parser.TestTermParserHeap" time="0.007"/>
  <testcase name="testAtOperator_1()" classname="de.uka.ilkd.key.parser.TestTermParserHeap" time="0.001"/>
  <testcase name="testAtOperator_2()" classname="de.uka.ilkd.key.parser.TestTermParserHeap" time="0.001"/>
  <testcase name="testAtOperator_3()" classname="de.uka.ilkd.key.parser.TestTermParserHeap" time="0.003"/>
  <testcase name="testAtOperator_4()" classname="de.uka.ilkd.key.parser.TestTermParserHeap" time="0.005"/>
  <testcase name="testAtOperator_5()" classname="de.uka.ilkd.key.parser.TestTermParserHeap" time="0.002"/>
  <testcase name="testAtOperator_6()" classname="de.uka.ilkd.key.parser.TestTermParserHeap" time="0.001"/>
  <testcase name="testAtOperator_7()" classname="de.uka.ilkd.key.parser.TestTermParserHeap" time="0.003"/>
  <testcase name="testAtOperator_8()" classname="de.uka.ilkd.key.parser.TestTermParserHeap" time="0.005"/>
  <testcase name="testVerifyExceptionIfAtOperatorNotPreceededBySelectTerm()" classname="de.uka.ilkd.key.parser.TestTermParserHeap" time="0.002"/>
  <testcase name="testBugResettingCounter()" classname="de.uka.ilkd.key.parser.TestTermParserHeap" time="0.007"/>
  <testcase name="testLocationSets()" classname="de.uka.ilkd.key.parser.TestTermParserHeap" time="0.002"/>
  <testcase name="testQuantifiedSelect()" classname="de.uka.ilkd.key.parser.TestTermParserHeap" time="0.005"/>
  <testcase name="testGenericObjectProperties()" classname="de.uka.ilkd.key.parser.TestTermParserHeap" time="0.002"/>
  <testcase name="testQueryInheritance_1()" classname="de.uka.ilkd.key.parser.TestTermParserHeap" time="0.003"/>
  <testcase name="testQueryInheritance_2()" classname="de.uka.ilkd.key.parser.TestTermParserHeap" time="0.002"/>
  <testcase name="testQueryInheritance_3()" classname="de.uka.ilkd.key.parser.TestTermParserHeap" time="0.001"/>
  <testcase name="testQueryInheritance_4()" classname="de.uka.ilkd.key.parser.TestTermParserHeap" time="0.002"/>
  <testcase name="testQueryInheritance_5()" classname="de.uka.ilkd.key.parser.TestTermParserHeap" time="0.001"/>
  <testcase name="testQueryInheritance_6()" classname="de.uka.ilkd.key.parser.TestTermParserHeap" time="0.002"/>
  <testcase name="testQueryInheritance_7()" classname="de.uka.ilkd.key.parser.TestTermParserHeap" time="0.002"/>
  <testcase name="testQueryInheritance_8()" classname="de.uka.ilkd.key.parser.TestTermParserHeap" time="0.001"/>
  <testcase name="testQueryInheritance_9()" classname="de.uka.ilkd.key.parser.TestTermParserHeap" time="0.001"/>
  <testcase name="testQueryBasic_10()" classname="de.uka.ilkd.key.parser.TestTermParserHeap" time="0.003"/>
  <testcase name="testQueryBasic_11()" classname="de.uka.ilkd.key.parser.TestTermParserHeap" time="0.002"/>
  <testcase name="testQueryBasic_1()" classname="de.uka.ilkd.key.parser.TestTermParserHeap" time="0.001"/>
  <testcase name="testQueryBasic_2()" classname="de.uka.ilkd.key.parser.TestTermParserHeap" time="0.001"/>
  <testcase name="testQueryBasic_3()" classname="de.uka.ilkd.key.parser.TestTermParserHeap" time="0.001"/>
  <testcase name="testQueryBasic_4()" classname="de.uka.ilkd.key.parser.TestTermParserHeap" time="0.002"/>
  <testcase name="testQueryBasic_5()" classname="de.uka.ilkd.key.parser.TestTermParserHeap" time="0.001"/>
  <testcase name="testQueryBasic_6()" classname="de.uka.ilkd.key.parser.TestTermParserHeap" time="0.002"/>
  <testcase name="testQueryBasic_7()" classname="de.uka.ilkd.key.parser.TestTermParserHeap" time="0.001"/>
  <testcase name="testQueryBasic_8()" classname="de.uka.ilkd.key.parser.TestTermParserHeap" time="0.001"/>
  <testcase name="testQueryBasic_9()" classname="de.uka.ilkd.key.parser.TestTermParserHeap" time="0.001"/>
  <system-out><![CDATA[359495     INFO  Test worker     d.u.i.k.n.KeyIO           Parsing took 0 ms 
359495     INFO  Test worker     d.u.i.k.n.KeyIO           MODE: declarations took 0 ms 
359495     INFO  Test worker     d.u.i.k.n.KeyIO           Parsing took 0 ms 
359495     INFO  Test worker     d.u.i.k.n.KeyIO           MODE: declarations took 0 ms 
359495     INFO  Test worker     d.u.i.k.n.KeyIO           Parsing took 0 ms 
359495     INFO  Test worker     d.u.i.k.n.KeyIO           MODE: declarations took 0 ms 
359495     INFO  Test worker     d.u.i.k.n.KeyIO           Parsing took 0 ms 
359495     INFO  Test worker     d.u.i.k.n.KeyIO           MODE: declarations took 0 ms 
359495     INFO  Test worker     d.u.i.k.n.KeyIO           Parsing took 0 ms 
359495     INFO  Test worker     d.u.i.k.n.KeyIO           MODE: declarations took 0 ms 
363103     INFO  Test worker     d.u.i.k.n.KeyIO           Parsing took 0 ms 
363104     INFO  Test worker     d.u.i.k.n.KeyIO           MODE: declarations took 0 ms 
363104     INFO  Test worker     d.u.i.k.n.KeyIO           Parsing took 0 ms 
363104     INFO  Test worker     d.u.i.k.n.KeyIO           MODE: declarations took 0 ms 
363105     INFO  Test worker     d.u.i.k.n.KeyIO           Parsing took 0 ms 
363105     INFO  Test worker     d.u.i.k.n.KeyIO           MODE: declarations took 0 ms 
363105     INFO  Test worker     d.u.i.k.n.KeyIO           Parsing took 0 ms 
363105     INFO  Test worker     d.u.i.k.n.KeyIO           MODE: declarations took 0 ms 
363106     INFO  Test worker     d.u.i.k.n.KeyIO           Parsing took 0 ms 
363106     INFO  Test worker     d.u.i.k.n.KeyIO           MODE: declarations took 0 ms 
366663     INFO  Test worker     d.u.i.k.n.KeyIO           Parsing took 0 ms 
366664     INFO  Test worker     d.u.i.k.n.KeyIO           MODE: declarations took 0 ms 
366664     INFO  Test worker     d.u.i.k.n.KeyIO           Parsing took 0 ms 
366664     INFO  Test worker     d.u.i.k.n.KeyIO           MODE: declarations took 0 ms 
366665     INFO  Test worker     d.u.i.k.n.KeyIO           Parsing took 0 ms 
366665     INFO  Test worker     d.u.i.k.n.KeyIO           MODE: declarations took 0 ms 
366665     INFO  Test worker     d.u.i.k.n.KeyIO           Parsing took 0 ms 
366665     INFO  Test worker     d.u.i.k.n.KeyIO           MODE: declarations took 0 ms 
366666     INFO  Test worker     d.u.i.k.n.KeyIO           Parsing took 0 ms 
366666     INFO  Test worker     d.u.i.k.n.KeyIO           MODE: declarations took 0 ms 
366666     INFO  Test worker     d.u.i.k.n.KeyIO           Parsing took 0 ms 
366667     INFO  Test worker     d.u.i.k.n.KeyIO           MODE: declarations took 0 ms 
370221     INFO  Test worker     d.u.i.k.n.KeyIO           Parsing took 0 ms 
370221     INFO  Test worker     d.u.i.k.n.KeyIO           MODE: declarations took 0 ms 
370221     INFO  Test worker     d.u.i.k.n.KeyIO           Parsing took 0 ms 
370221     INFO  Test worker     d.u.i.k.n.KeyIO           MODE: declarations took 0 ms 
370221     INFO  Test worker     d.u.i.k.n.KeyIO           Parsing took 0 ms 
370221     INFO  Test worker     d.u.i.k.n.KeyIO           MODE: declarations took 0 ms 
370221     INFO  Test worker     d.u.i.k.n.KeyIO           Parsing took 0 ms 
370221     INFO  Test worker     d.u.i.k.n.KeyIO           MODE: declarations took 0 ms 
370221     INFO  Test worker     d.u.i.k.n.KeyIO           Parsing took 0 ms 
370221     INFO  Test worker     d.u.i.k.n.KeyIO           MODE: declarations took 0 ms 
373675     INFO  Test worker     d.u.i.k.n.KeyIO           Parsing took 0 ms 
373675     INFO  Test worker     d.u.i.k.n.KeyIO           MODE: declarations took 0 ms 
373675     INFO  Test worker     d.u.i.k.n.KeyIO           Parsing took 0 ms 
373675     INFO  Test worker     d.u.i.k.n.KeyIO           MODE: declarations took 0 ms 
373675     INFO  Test worker     d.u.i.k.n.KeyIO           Parsing took 0 ms 
373675     INFO  Test worker     d.u.i.k.n.KeyIO           MODE: declarations took 0 ms 
373675     INFO  Test worker     d.u.i.k.n.KeyIO           Parsing took 0 ms 
373675     INFO  Test worker     d.u.i.k.n.KeyIO           MODE: declarations took 0 ms 
373675     INFO  Test worker     d.u.i.k.n.KeyIO           Parsing took 0 ms 
373675     INFO  Test worker     d.u.i.k.n.KeyIO           MODE: declarations took 0 ms 
377075     INFO  Test worker     d.u.i.k.n.KeyIO           Parsing took 1 ms 
377075     INFO  Test worker     d.u.i.k.n.KeyIO           MODE: declarations took 0 ms 
377075     INFO  Test worker     d.u.i.k.n.KeyIO           Parsing took 0 ms 
377076     INFO  Test worker     d.u.i.k.n.KeyIO           MODE: declarations took 0 ms 
377076     INFO  Test worker     d.u.i.k.n.KeyIO           Parsing took 0 ms 
377077     INFO  Test worker     d.u.i.k.n.KeyIO           MODE: declarations took 0 ms 
377077     INFO  Test worker     d.u.i.k.n.KeyIO           Parsing took 0 ms 
377077     INFO  Test worker     d.u.i.k.n.KeyIO           MODE: declarations took 0 ms 
377077     INFO  Test worker     d.u.i.k.n.KeyIO           Parsing took 0 ms 
377078     INFO  Test worker     d.u.i.k.n.KeyIO           MODE: declarations took 0 ms 
380485     INFO  Test worker     d.u.i.k.n.KeyIO           Parsing took 0 ms 
380485     INFO  Test worker     d.u.i.k.n.KeyIO           MODE: declarations took 0 ms 
380485     INFO  Test worker     d.u.i.k.n.KeyIO           Parsing took 0 ms 
380485     INFO  Test worker     d.u.i.k.n.KeyIO           MODE: declarations took 0 ms 
380485     INFO  Test worker     d.u.i.k.n.KeyIO           Parsing took 0 ms 
380485     INFO  Test worker     d.u.i.k.n.KeyIO           MODE: declarations took 0 ms 
380486     INFO  Test worker     d.u.i.k.n.KeyIO           Parsing took 0 ms 
380486     INFO  Test worker     d.u.i.k.n.KeyIO           MODE: declarations took 0 ms 
380486     INFO  Test worker     d.u.i.k.n.KeyIO           Parsing took 0 ms 
380486     INFO  Test worker     d.u.i.k.n.KeyIO           MODE: declarations took 0 ms 
383867     INFO  Test worker     d.u.i.k.n.KeyIO           Parsing took 0 ms 
383867     INFO  Test worker     d.u.i.k.n.KeyIO           MODE: declarations took 0 ms 
383867     INFO  Test worker     d.u.i.k.n.KeyIO           Parsing took 0 ms 
383867     INFO  Test worker     d.u.i.k.n.KeyIO           MODE: declarations took 0 ms 
383867     INFO  Test worker     d.u.i.k.n.KeyIO           Parsing took 0 ms 
383867     INFO  Test worker     d.u.i.k.n.KeyIO           MODE: declarations took 0 ms 
383867     INFO  Test worker     d.u.i.k.n.KeyIO           Parsing took 0 ms 
383867     INFO  Test worker     d.u.i.k.n.KeyIO           MODE: declarations took 0 ms 
383867     INFO  Test worker     d.u.i.k.n.KeyIO           Parsing took 0 ms 
383867     INFO  Test worker     d.u.i.k.n.KeyIO           MODE: declarations took 0 ms 
387301     INFO  Test worker     d.u.i.k.n.KeyIO           Parsing took 0 ms 
387301     INFO  Test worker     d.u.i.k.n.KeyIO           MODE: declarations took 0 ms 
387301     INFO  Test worker     d.u.i.k.n.KeyIO           Parsing took 0 ms 
387301     INFO  Test worker     d.u.i.k.n.KeyIO           MODE: declarations took 0 ms 
387301     INFO  Test worker     d.u.i.k.n.KeyIO           Parsing took 0 ms 
387301     INFO  Test worker     d.u.i.k.n.KeyIO           MODE: declarations took 0 ms 
387301     INFO  Test worker     d.u.i.k.n.KeyIO           Parsing took 0 ms 
387301     INFO  Test worker     d.u.i.k.n.KeyIO           MODE: declarations took 0 ms 
387301     INFO  Test worker     d.u.i.k.n.KeyIO           Parsing took 0 ms 
387301     INFO  Test worker     d.u.i.k.n.KeyIO           MODE: declarations took 0 ms 
390683     INFO  Test worker     d.u.i.k.n.KeyIO           Parsing took 0 ms 
390683     INFO  Test worker     d.u.i.k.n.KeyIO           MODE: declarations took 0 ms 
390683     INFO  Test worker     d.u.i.k.n.KeyIO           Parsing took 0 ms 
390683     INFO  Test worker     d.u.i.k.n.KeyIO           MODE: declarations took 0 ms 
390684     INFO  Test worker     d.u.i.k.n.KeyIO           Parsing took 0 ms 
390684     INFO  Test worker     d.u.i.k.n.KeyIO           MODE: declarations took 0 ms 
390684     INFO  Test worker     d.u.i.k.n.KeyIO           Parsing took 0 ms 
390684     INFO  Test worker     d.u.i.k.n.KeyIO           MODE: declarations took 0 ms 
390684     INFO  Test worker     d.u.i.k.n.KeyIO           Parsing took 0 ms 
390684     INFO  Test worker     d.u.i.k.n.KeyIO           MODE: declarations took 0 ms 
394158     INFO  Test worker     d.u.i.k.n.KeyIO           Parsing took 0 ms 
394158     INFO  Test worker     d.u.i.k.n.KeyIO           MODE: declarations took 0 ms 
394158     INFO  Test worker     d.u.i.k.n.KeyIO           Parsing took 0 ms 
394158     INFO  Test worker     d.u.i.k.n.KeyIO           MODE: declarations took 0 ms 
394158     INFO  Test worker     d.u.i.k.n.KeyIO           Parsing took 0 ms 
394158     INFO  Test worker     d.u.i.k.n.KeyIO           MODE: declarations took 0 ms 
394159     INFO  Test worker     d.u.i.k.n.KeyIO           Parsing took 1 ms 
394159     INFO  Test worker     d.u.i.k.n.KeyIO           MODE: declarations took 0 ms 
394159     INFO  Test worker     d.u.i.k.n.KeyIO           Parsing took 0 ms 
394159     INFO  Test worker     d.u.i.k.n.KeyIO           MODE: declarations took 0 ms 
397630     INFO  Test worker     d.u.i.k.n.KeyIO           Parsing took 0 ms 
397630     INFO  Test worker     d.u.i.k.n.KeyIO           MODE: declarations took 0 ms 
397630     INFO  Test worker     d.u.i.k.n.KeyIO           Parsing took 0 ms 
397631     INFO  Test worker     d.u.i.k.n.KeyIO           MODE: declarations took 0 ms 
397631     INFO  Test worker     d.u.i.k.n.KeyIO           Parsing took 0 ms 
397631     INFO  Test worker     d.u.i.k.n.KeyIO           MODE: declarations took 0 ms 
397631     INFO  Test worker     d.u.i.k.n.KeyIO           Parsing took 0 ms 
397631     INFO  Test worker     d.u.i.k.n.KeyIO           MODE: declarations took 0 ms 
397631     INFO  Test worker     d.u.i.k.n.KeyIO           Parsing took 0 ms 
397631     INFO  Test worker     d.u.i.k.n.KeyIO           MODE: declarations took 0 ms 
401005     INFO  Test worker     d.u.i.k.n.KeyIO           Parsing took 0 ms 
401006     INFO  Test worker     d.u.i.k.n.KeyIO           MODE: declarations took 0 ms 
401006     INFO  Test worker     d.u.i.k.n.KeyIO           Parsing took 0 ms 
401006     INFO  Test worker     d.u.i.k.n.KeyIO           MODE: declarations took 0 ms 
401006     INFO  Test worker     d.u.i.k.n.KeyIO           Parsing took 0 ms 
401006     INFO  Test worker     d.u.i.k.n.KeyIO           MODE: declarations took 0 ms 
401006     INFO  Test worker     d.u.i.k.n.KeyIO           Parsing took 0 ms 
401006     INFO  Test worker     d.u.i.k.n.KeyIO           MODE: declarations took 0 ms 
401006     INFO  Test worker     d.u.i.k.n.KeyIO           Parsing took 0 ms 
401006     INFO  Test worker     d.u.i.k.n.KeyIO           MODE: declarations took 0 ms 
404457     INFO  Test worker     d.u.i.k.n.KeyIO           Parsing took 0 ms 
404457     INFO  Test worker     d.u.i.k.n.KeyIO           MODE: declarations took 0 ms 
404458     INFO  Test worker     d.u.i.k.n.KeyIO           Parsing took 0 ms 
404458     INFO  Test worker     d.u.i.k.n.KeyIO           MODE: declarations took 0 ms 
404458     INFO  Test worker     d.u.i.k.n.KeyIO           Parsing took 0 ms 
404458     INFO  Test worker     d.u.i.k.n.KeyIO           MODE: declarations took 0 ms 
404459     INFO  Test worker     d.u.i.k.n.KeyIO           Parsing took 0 ms 
404459     INFO  Test worker     d.u.i.k.n.KeyIO           MODE: declarations took 0 ms 
404459     INFO  Test worker     d.u.i.k.n.KeyIO           Parsing took 0 ms 
404459     INFO  Test worker     d.u.i.k.n.KeyIO           MODE: declarations took 0 ms 
407915     INFO  Test worker     d.u.i.k.n.KeyIO           Parsing took 0 ms 
407916     INFO  Test worker     d.u.i.k.n.KeyIO           MODE: declarations took 0 ms 
407916     INFO  Test worker     d.u.i.k.n.KeyIO           Parsing took 0 ms 
407916     INFO  Test worker     d.u.i.k.n.KeyIO           MODE: declarations took 0 ms 
407916     INFO  Test worker     d.u.i.k.n.KeyIO           Parsing took 0 ms 
407916     INFO  Test worker     d.u.i.k.n.KeyIO           MODE: declarations took 0 ms 
407916     INFO  Test worker     d.u.i.k.n.KeyIO           Parsing took 0 ms 
407916     INFO  Test worker     d.u.i.k.n.KeyIO           MODE: declarations took 0 ms 
407916     INFO  Test worker     d.u.i.k.n.KeyIO           Parsing took 0 ms 
407916     INFO  Test worker     d.u.i.k.n.KeyIO           MODE: declarations took 0 ms 
407917     WARN  Test worker     d.u.i.k.n.KeYParser       [syntax-error] <unknown>:1:11: mismatched input '@' expecting {'/', ':=', '.', '(', ')', '{', '[', '@', PARALLEL, OR, AND, IMP, '=', NOT_EQUALS, '%', '*', '-', '+', '>', GREATEREQUAL, '<', LESSEQUAL, LGUILLEMETS, EQV} [@11,11:11='@',<153>,1:11] (termEOF) 
411354     INFO  Test worker     d.u.i.k.n.KeyIO           Parsing took 0 ms 
411354     INFO  Test worker     d.u.i.k.n.KeyIO           MODE: declarations took 0 ms 
411357     INFO  Test worker     d.u.i.k.n.KeyIO           Parsing took 0 ms 
411358     INFO  Test worker     d.u.i.k.n.KeyIO           MODE: declarations took 0 ms 
411358     INFO  Test worker     d.u.i.k.n.KeyIO           Parsing took 0 ms 
411358     INFO  Test worker     d.u.i.k.n.KeyIO           MODE: declarations took 0 ms 
411358     INFO  Test worker     d.u.i.k.n.KeyIO           Parsing took 0 ms 
411359     INFO  Test worker     d.u.i.k.n.KeyIO           MODE: declarations took 0 ms 
411359     INFO  Test worker     d.u.i.k.n.KeyIO           Parsing took 0 ms 
411359     INFO  Test worker     d.u.i.k.n.KeyIO           MODE: declarations took 0 ms 
414717     INFO  Test worker     d.u.i.k.n.KeyIO           Parsing took 0 ms 
414717     INFO  Test worker     d.u.i.k.n.KeyIO           MODE: declarations took 0 ms 
414717     INFO  Test worker     d.u.i.k.n.KeyIO           Parsing took 0 ms 
414717     INFO  Test worker     d.u.i.k.n.KeyIO           MODE: declarations took 0 ms 
414717     INFO  Test worker     d.u.i.k.n.KeyIO           Parsing took 0 ms 
414718     INFO  Test worker     d.u.i.k.n.KeyIO           MODE: declarations took 0 ms 
414718     INFO  Test worker     d.u.i.k.n.KeyIO           Parsing took 0 ms 
414718     INFO  Test worker     d.u.i.k.n.KeyIO           MODE: declarations took 0 ms 
414718     INFO  Test worker     d.u.i.k.n.KeyIO           Parsing took 0 ms 
414718     INFO  Test worker     d.u.i.k.n.KeyIO           MODE: declarations took 0 ms 
418166     INFO  Test worker     d.u.i.k.n.KeyIO           Parsing took 0 ms 
418167     INFO  Test worker     d.u.i.k.n.KeyIO           MODE: declarations took 1 ms 
418167     INFO  Test worker     d.u.i.k.n.KeyIO           Parsing took 0 ms 
418169     INFO  Test worker     d.u.i.k.n.KeyIO           MODE: declarations took 0 ms 
418169     INFO  Test worker     d.u.i.k.n.KeyIO           Parsing took 0 ms 
418169     INFO  Test worker     d.u.i.k.n.KeyIO           MODE: declarations took 0 ms 
418169     INFO  Test worker     d.u.i.k.n.KeyIO           Parsing took 0 ms 
418169     INFO  Test worker     d.u.i.k.n.KeyIO           MODE: declarations took 0 ms 
418169     INFO  Test worker     d.u.i.k.n.KeyIO           Parsing took 0 ms 
418169     INFO  Test worker     d.u.i.k.n.KeyIO           MODE: declarations took 0 ms 
421616     INFO  Test worker     d.u.i.k.n.KeyIO           Parsing took 0 ms 
421617     INFO  Test worker     d.u.i.k.n.KeyIO           MODE: declarations took 0 ms 
421617     INFO  Test worker     d.u.i.k.n.KeyIO           Parsing took 0 ms 
421617     INFO  Test worker     d.u.i.k.n.KeyIO           MODE: declarations took 0 ms 
421617     INFO  Test worker     d.u.i.k.n.KeyIO           Parsing took 0 ms 
421617     INFO  Test worker     d.u.i.k.n.KeyIO           MODE: declarations took 0 ms 
421617     INFO  Test worker     d.u.i.k.n.KeyIO           Parsing took 0 ms 
421617     INFO  Test worker     d.u.i.k.n.KeyIO           MODE: declarations took 0 ms 
421617     INFO  Test worker     d.u.i.k.n.KeyIO           Parsing took 0 ms 
421617     INFO  Test worker     d.u.i.k.n.KeyIO           MODE: declarations took 0 ms 
425053     INFO  Test worker     d.u.i.k.n.KeyIO           Parsing took 0 ms 
425053     INFO  Test worker     d.u.i.k.n.KeyIO           MODE: declarations took 0 ms 
425053     INFO  Test worker     d.u.i.k.n.KeyIO           Parsing took 0 ms 
425053     INFO  Test worker     d.u.i.k.n.KeyIO           MODE: declarations took 0 ms 
425053     INFO  Test worker     d.u.i.k.n.KeyIO           Parsing took 0 ms 
425053     INFO  Test worker     d.u.i.k.n.KeyIO           MODE: declarations took 0 ms 
425053     INFO  Test worker     d.u.i.k.n.KeyIO           Parsing took 0 ms 
425053     INFO  Test worker     d.u.i.k.n.KeyIO           MODE: declarations took 0 ms 
425053     INFO  Test worker     d.u.i.k.n.KeyIO           Parsing took 0 ms 
425054     INFO  Test worker     d.u.i.k.n.KeyIO           MODE: declarations took 1 ms 
428520     INFO  Test worker     d.u.i.k.n.KeyIO           Parsing took 0 ms 
428520     INFO  Test worker     d.u.i.k.n.KeyIO           MODE: declarations took 0 ms 
428520     INFO  Test worker     d.u.i.k.n.KeyIO           Parsing took 0 ms 
428520     INFO  Test worker     d.u.i.k.n.KeyIO           MODE: declarations took 0 ms 
428520     INFO  Test worker     d.u.i.k.n.KeyIO           Parsing took 0 ms 
428520     INFO  Test worker     d.u.i.k.n.KeyIO           MODE: declarations took 0 ms 
428521     INFO  Test worker     d.u.i.k.n.KeyIO           Parsing took 0 ms 
428521     INFO  Test worker     d.u.i.k.n.KeyIO           MODE: declarations took 0 ms 
428521     INFO  Test worker     d.u.i.k.n.KeyIO           Parsing took 0 ms 
428521     INFO  Test worker     d.u.i.k.n.KeyIO           MODE: declarations took 0 ms 
432006     INFO  Test worker     d.u.i.k.n.KeyIO           Parsing took 0 ms 
432006     INFO  Test worker     d.u.i.k.n.KeyIO           MODE: declarations took 0 ms 
432006     INFO  Test worker     d.u.i.k.n.KeyIO           Parsing took 0 ms 
432006     INFO  Test worker     d.u.i.k.n.KeyIO           MODE: declarations took 0 ms 
432006     INFO  Test worker     d.u.i.k.n.KeyIO           Parsing took 0 ms 
432006     INFO  Test worker     d.u.i.k.n.KeyIO           MODE: declarations took 0 ms 
432006     INFO  Test worker     d.u.i.k.n.KeyIO           Parsing took 0 ms 
432006     INFO  Test worker     d.u.i.k.n.KeyIO           MODE: declarations took 0 ms 
432006     INFO  Test worker     d.u.i.k.n.KeyIO           Parsing took 0 ms 
432006     INFO  Test worker     d.u.i.k.n.KeyIO           MODE: declarations took 0 ms 
435440     INFO  Test worker     d.u.i.k.n.KeyIO           Parsing took 0 ms 
435440     INFO  Test worker     d.u.i.k.n.KeyIO           MODE: declarations took 0 ms 
435440     INFO  Test worker     d.u.i.k.n.KeyIO           Parsing took 0 ms 
435440     INFO  Test worker     d.u.i.k.n.KeyIO           MODE: declarations took 0 ms 
435441     INFO  Test worker     d.u.i.k.n.KeyIO           Parsing took 0 ms 
435441     INFO  Test worker     d.u.i.k.n.KeyIO           MODE: declarations took 0 ms 
435441     INFO  Test worker     d.u.i.k.n.KeyIO           Parsing took 0 ms 
435442     INFO  Test worker     d.u.i.k.n.KeyIO           MODE: declarations took 0 ms 
435442     INFO  Test worker     d.u.i.k.n.KeyIO           Parsing took 0 ms 
435442     INFO  Test worker     d.u.i.k.n.KeyIO           MODE: declarations took 0 ms 
438810     INFO  Test worker     d.u.i.k.n.KeyIO           Parsing took 0 ms 
438810     INFO  Test worker     d.u.i.k.n.KeyIO           MODE: declarations took 0 ms 
438810     INFO  Test worker     d.u.i.k.n.KeyIO           Parsing took 0 ms 
438810     INFO  Test worker     d.u.i.k.n.KeyIO           MODE: declarations took 0 ms 
438810     INFO  Test worker     d.u.i.k.n.KeyIO           Parsing took 0 ms 
438810     INFO  Test worker     d.u.i.k.n.KeyIO           MODE: declarations took 0 ms 
438810     INFO  Test worker     d.u.i.k.n.KeyIO           Parsing took 0 ms 
438810     INFO  Test worker     d.u.i.k.n.KeyIO           MODE: declarations took 0 ms 
438810     INFO  Test worker     d.u.i.k.n.KeyIO           Parsing took 0 ms 
438811     INFO  Test worker     d.u.i.k.n.KeyIO           MODE: declarations took 1 ms 
442232     INFO  Test worker     d.u.i.k.n.KeyIO           Parsing took 0 ms 
442232     INFO  Test worker     d.u.i.k.n.KeyIO           MODE: declarations took 0 ms 
442232     INFO  Test worker     d.u.i.k.n.KeyIO           Parsing took 0 ms 
442232     INFO  Test worker     d.u.i.k.n.KeyIO           MODE: declarations took 0 ms 
442232     INFO  Test worker     d.u.i.k.n.KeyIO           Parsing took 0 ms 
442232     INFO  Test worker     d.u.i.k.n.KeyIO           MODE: declarations took 0 ms 
442232     INFO  Test worker     d.u.i.k.n.KeyIO           Parsing took 0 ms 
442232     INFO  Test worker     d.u.i.k.n.KeyIO           MODE: declarations took 0 ms 
442232     INFO  Test worker     d.u.i.k.n.KeyIO           Parsing took 0 ms 
442232     INFO  Test worker     d.u.i.k.n.KeyIO           MODE: declarations took 0 ms 
445645     INFO  Test worker     d.u.i.k.n.KeyIO           Parsing took 0 ms 
445645     INFO  Test worker     d.u.i.k.n.KeyIO           MODE: declarations took 0 ms 
445645     INFO  Test worker     d.u.i.k.n.KeyIO           Parsing took 0 ms 
445645     INFO  Test worker     d.u.i.k.n.KeyIO           MODE: declarations took 0 ms 
445645     INFO  Test worker     d.u.i.k.n.KeyIO           Parsing took 0 ms 
445645     INFO  Test worker     d.u.i.k.n.KeyIO           MODE: declarations took 0 ms 
445645     INFO  Test worker     d.u.i.k.n.KeyIO           Parsing took 0 ms 
445646     INFO  Test worker     d.u.i.k.n.KeyIO           MODE: declarations took 1 ms 
445646     INFO  Test worker     d.u.i.k.n.KeyIO           Parsing took 0 ms 
445646     INFO  Test worker     d.u.i.k.n.KeyIO           MODE: declarations took 0 ms 
449153     INFO  Test worker     d.u.i.k.n.KeyIO           Parsing took 0 ms 
449153     INFO  Test worker     d.u.i.k.n.KeyIO           MODE: declarations took 0 ms 
449153     INFO  Test worker     d.u.i.k.n.KeyIO           Parsing took 0 ms 
449154     INFO  Test worker     d.u.i.k.n.KeyIO           MODE: declarations took 1 ms 
449154     INFO  Test worker     d.u.i.k.n.KeyIO           Parsing took 0 ms 
449154     INFO  Test worker     d.u.i.k.n.KeyIO           MODE: declarations took 0 ms 
449154     INFO  Test worker     d.u.i.k.n.KeyIO           Parsing took 0 ms 
449154     INFO  Test worker     d.u.i.k.n.KeyIO           MODE: declarations took 0 ms 
449154     INFO  Test worker     d.u.i.k.n.KeyIO           Parsing took 0 ms 
449154     INFO  Test worker     d.u.i.k.n.KeyIO           MODE: declarations took 0 ms 
452572     INFO  Test worker     d.u.i.k.n.KeyIO           Parsing took 0 ms 
452572     INFO  Test worker     d.u.i.k.n.KeyIO           MODE: declarations took 0 ms 
452572     INFO  Test worker     d.u.i.k.n.KeyIO           Parsing took 0 ms 
452572     INFO  Test worker     d.u.i.k.n.KeyIO           MODE: declarations took 0 ms 
452572     INFO  Test worker     d.u.i.k.n.KeyIO           Parsing took 0 ms 
452572     INFO  Test worker     d.u.i.k.n.KeyIO           MODE: declarations took 0 ms 
452572     INFO  Test worker     d.u.i.k.n.KeyIO           Parsing took 0 ms 
452572     INFO  Test worker     d.u.i.k.n.KeyIO           MODE: declarations took 0 ms 
452572     INFO  Test worker     d.u.i.k.n.KeyIO           Parsing took 0 ms 
452572     INFO  Test worker     d.u.i.k.n.KeyIO           MODE: declarations took 0 ms 
455954     INFO  Test worker     d.u.i.k.n.KeyIO           Parsing took 0 ms 
455955     INFO  Test worker     d.u.i.k.n.KeyIO           MODE: declarations took 1 ms 
455955     INFO  Test worker     d.u.i.k.n.KeyIO           Parsing took 0 ms 
455955     INFO  Test worker     d.u.i.k.n.KeyIO           MODE: declarations took 0 ms 
455955     INFO  Test worker     d.u.i.k.n.KeyIO           Parsing took 0 ms 
455955     INFO  Test worker     d.u.i.k.n.KeyIO           MODE: declarations took 0 ms 
455955     INFO  Test worker     d.u.i.k.n.KeyIO           Parsing took 0 ms 
455955     INFO  Test worker     d.u.i.k.n.KeyIO           MODE: declarations took 0 ms 
455955     INFO  Test worker     d.u.i.k.n.KeyIO           Parsing took 0 ms 
455955     INFO  Test worker     d.u.i.k.n.KeyIO           MODE: declarations took 0 ms 
459405     INFO  Test worker     d.u.i.k.n.KeyIO           Parsing took 1 ms 
459405     INFO  Test worker     d.u.i.k.n.KeyIO           MODE: declarations took 0 ms 
459405     INFO  Test worker     d.u.i.k.n.KeyIO           Parsing took 0 ms 
459405     INFO  Test worker     d.u.i.k.n.KeyIO           MODE: declarations took 0 ms 
459405     INFO  Test worker     d.u.i.k.n.KeyIO           Parsing took 0 ms 
459405     INFO  Test worker     d.u.i.k.n.KeyIO           MODE: declarations took 0 ms 
459405     INFO  Test worker     d.u.i.k.n.KeyIO           Parsing took 0 ms 
459405     INFO  Test worker     d.u.i.k.n.KeyIO           MODE: declarations took 0 ms 
459405     INFO  Test worker     d.u.i.k.n.KeyIO           Parsing took 0 ms 
459405     INFO  Test worker     d.u.i.k.n.KeyIO           MODE: declarations took 0 ms 
462761     INFO  Test worker     d.u.i.k.n.KeyIO           Parsing took 0 ms 
462761     INFO  Test worker     d.u.i.k.n.KeyIO           MODE: declarations took 0 ms 
462761     INFO  Test worker     d.u.i.k.n.KeyIO           Parsing took 0 ms 
462761     INFO  Test worker     d.u.i.k.n.KeyIO           MODE: declarations took 0 ms 
462761     INFO  Test worker     d.u.i.k.n.KeyIO           Parsing took 0 ms 
462761     INFO  Test worker     d.u.i.k.n.KeyIO           MODE: declarations took 0 ms 
462762     INFO  Test worker     d.u.i.k.n.KeyIO           Parsing took 0 ms 
462762     INFO  Test worker     d.u.i.k.n.KeyIO           MODE: declarations took 0 ms 
462762     INFO  Test worker     d.u.i.k.n.KeyIO           Parsing took 0 ms 
462762     INFO  Test worker     d.u.i.k.n.KeyIO           MODE: declarations took 0 ms 
466156     INFO  Test worker     d.u.i.k.n.KeyIO           Parsing took 0 ms 
466156     INFO  Test worker     d.u.i.k.n.KeyIO           MODE: declarations took 0 ms 
466156     INFO  Test worker     d.u.i.k.n.KeyIO           Parsing took 0 ms 
466156     INFO  Test worker     d.u.i.k.n.KeyIO           MODE: declarations took 0 ms 
466156     INFO  Test worker     d.u.i.k.n.KeyIO           Parsing took 0 ms 
466156     INFO  Test worker     d.u.i.k.n.KeyIO           MODE: declarations took 0 ms 
466156     INFO  Test worker     d.u.i.k.n.KeyIO           Parsing took 0 ms 
466156     INFO  Test worker     d.u.i.k.n.KeyIO           MODE: declarations took 0 ms 
466156     INFO  Test worker     d.u.i.k.n.KeyIO           Parsing took 0 ms 
466156     INFO  Test worker     d.u.i.k.n.KeyIO           MODE: declarations took 0 ms 
469561     INFO  Test worker     d.u.i.k.n.KeyIO           Parsing took 0 ms 
469562     INFO  Test worker     d.u.i.k.n.KeyIO           MODE: declarations took 0 ms 
469562     INFO  Test worker     d.u.i.k.n.KeyIO           Parsing took 0 ms 
469562     INFO  Test worker     d.u.i.k.n.KeyIO           MODE: declarations took 0 ms 
469562     INFO  Test worker     d.u.i.k.n.KeyIO           Parsing took 0 ms 
469562     INFO  Test worker     d.u.i.k.n.KeyIO           MODE: declarations took 0 ms 
469562     INFO  Test worker     d.u.i.k.n.KeyIO           Parsing took 0 ms 
469562     INFO  Test worker     d.u.i.k.n.KeyIO           MODE: declarations took 0 ms 
469562     INFO  Test worker     d.u.i.k.n.KeyIO           Parsing took 0 ms 
469562     INFO  Test worker     d.u.i.k.n.KeyIO           MODE: declarations took 0 ms 
472898     INFO  Test worker     d.u.i.k.n.KeyIO           Parsing took 0 ms 
472898     INFO  Test worker     d.u.i.k.n.KeyIO           MODE: declarations took 0 ms 
472898     INFO  Test worker     d.u.i.k.n.KeyIO           Parsing took 0 ms 
472898     INFO  Test worker     d.u.i.k.n.KeyIO           MODE: declarations took 0 ms 
472898     INFO  Test worker     d.u.i.k.n.KeyIO           Parsing took 0 ms 
472898     INFO  Test worker     d.u.i.k.n.KeyIO           MODE: declarations took 0 ms 
472898     INFO  Test worker     d.u.i.k.n.KeyIO           Parsing took 0 ms 
472898     INFO  Test worker     d.u.i.k.n.KeyIO           MODE: declarations took 0 ms 
472898     INFO  Test worker     d.u.i.k.n.KeyIO           Parsing took 0 ms 
472898     INFO  Test worker     d.u.i.k.n.KeyIO           MODE: declarations took 0 ms 
476287     INFO  Test worker     d.u.i.k.n.KeyIO           Parsing took 0 ms 
476287     INFO  Test worker     d.u.i.k.n.KeyIO           MODE: declarations took 0 ms 
476287     INFO  Test worker     d.u.i.k.n.KeyIO           Parsing took 0 ms 
476287     INFO  Test worker     d.u.i.k.n.KeyIO           MODE: declarations took 0 ms 
476287     INFO  Test worker     d.u.i.k.n.KeyIO           Parsing took 0 ms 
476287     INFO  Test worker     d.u.i.k.n.KeyIO           MODE: declarations took 0 ms 
476287     INFO  Test worker     d.u.i.k.n.KeyIO           Parsing took 0 ms 
476287     INFO  Test worker     d.u.i.k.n.KeyIO           MODE: declarations took 0 ms 
476287     INFO  Test worker     d.u.i.k.n.KeyIO           Parsing took 0 ms 
476287     INFO  Test worker     d.u.i.k.n.KeyIO           MODE: declarations took 0 ms 
479678     INFO  Test worker     d.u.i.k.n.KeyIO           Parsing took 0 ms 
479678     INFO  Test worker     d.u.i.k.n.KeyIO           MODE: declarations took 0 ms 
479678     INFO  Test worker     d.u.i.k.n.KeyIO           Parsing took 0 ms 
479678     INFO  Test worker     d.u.i.k.n.KeyIO           MODE: declarations took 0 ms 
479679     INFO  Test worker     d.u.i.k.n.KeyIO           Parsing took 0 ms 
479679     INFO  Test worker     d.u.i.k.n.KeyIO           MODE: declarations took 0 ms 
479679     INFO  Test worker     d.u.i.k.n.KeyIO           Parsing took 0 ms 
479679     INFO  Test worker     d.u.i.k.n.KeyIO           MODE: declarations took 0 ms 
479679     INFO  Test worker     d.u.i.k.n.KeyIO           Parsing took 0 ms 
479679     INFO  Test worker     d.u.i.k.n.KeyIO           MODE: declarations took 0 ms 
483067     INFO  Test worker     d.u.i.k.n.KeyIO           Parsing took 0 ms 
483067     INFO  Test worker     d.u.i.k.n.KeyIO           MODE: declarations took 0 ms 
483067     INFO  Test worker     d.u.i.k.n.KeyIO           Parsing took 0 ms 
483067     INFO  Test worker     d.u.i.k.n.KeyIO           MODE: declarations took 0 ms 
483067     INFO  Test worker     d.u.i.k.n.KeyIO           Parsing took 0 ms 
483067     INFO  Test worker     d.u.i.k.n.KeyIO           MODE: declarations took 0 ms 
483067     INFO  Test worker     d.u.i.k.n.KeyIO           Parsing took 0 ms 
483067     INFO  Test worker     d.u.i.k.n.KeyIO           MODE: declarations took 0 ms 
483067     INFO  Test worker     d.u.i.k.n.KeyIO           Parsing took 0 ms 
483067     INFO  Test worker     d.u.i.k.n.KeyIO           MODE: declarations took 0 ms 
486416     INFO  Test worker     d.u.i.k.n.KeyIO           Parsing took 0 ms 
486416     INFO  Test worker     d.u.i.k.n.KeyIO           MODE: declarations took 0 ms 
486416     INFO  Test worker     d.u.i.k.n.KeyIO           Parsing took 0 ms 
486416     INFO  Test worker     d.u.i.k.n.KeyIO           MODE: declarations took 0 ms 
486416     INFO  Test worker     d.u.i.k.n.KeyIO           Parsing took 0 ms 
486417     INFO  Test worker     d.u.i.k.n.KeyIO           MODE: declarations took 0 ms 
486417     INFO  Test worker     d.u.i.k.n.KeyIO           Parsing took 0 ms 
486417     INFO  Test worker     d.u.i.k.n.KeyIO           MODE: declarations took 0 ms 
486417     INFO  Test worker     d.u.i.k.n.KeyIO           Parsing took 0 ms 
486417     INFO  Test worker     d.u.i.k.n.KeyIO           MODE: declarations took 0 ms 
489896     INFO  Test worker     d.u.i.k.n.KeyIO           Parsing took 0 ms 
489897     INFO  Test worker     d.u.i.k.n.KeyIO           MODE: declarations took 1 ms 
489897     INFO  Test worker     d.u.i.k.n.KeyIO           Parsing took 0 ms 
489897     INFO  Test worker     d.u.i.k.n.KeyIO           MODE: declarations took 0 ms 
489897     INFO  Test worker     d.u.i.k.n.KeyIO           Parsing took 0 ms 
489897     INFO  Test worker     d.u.i.k.n.KeyIO           MODE: declarations took 0 ms 
489897     INFO  Test worker     d.u.i.k.n.KeyIO           Parsing took 0 ms 
489897     INFO  Test worker     d.u.i.k.n.KeyIO           MODE: declarations took 0 ms 
489897     INFO  Test worker     d.u.i.k.n.KeyIO           Parsing took 0 ms 
489897     INFO  Test worker     d.u.i.k.n.KeyIO           MODE: declarations took 0 ms 
]]></system-out>
  <system-err><![CDATA[]]></system-err>
</testsuite>
