<?xml version="1.0" encoding="UTF-8"?>
<testsuite name="de.uka.ilkd.key.parser.TestDeclParser" tests="14" skipped="2" failures="0" errors="0" timestamp="2023-04-04T13:06:28" hostname="fv-az577-153" time="13.035">
  <properties/>
  <testcase name="testGenericSortDecl1()" classname="de.uka.ilkd.key.parser.TestDeclParser" time="1.186"/>
  <testcase name="testGenericSortDecl2()" classname="de.uka.ilkd.key.parser.TestDeclParser" time="1.102"/>
  <testcase name="testGenericSortDecl3()" classname="de.uka.ilkd.key.parser.TestDeclParser" time="1.054"/>
  <testcase name="testGenericSortDecl4()" classname="de.uka.ilkd.key.parser.TestDeclParser" time="1.12"/>
  <testcase name="testGenericSortDecl5()" classname="de.uka.ilkd.key.parser.TestDeclParser" time="0.001">
    <skipped/>
  </testcase>
  <testcase name="testGenericSortDecl6()" classname="de.uka.ilkd.key.parser.TestDeclParser" time="1.09"/>
  <testcase name="testSortDecl()" classname="de.uka.ilkd.key.parser.TestDeclParser" time="1.08"/>
  <testcase name="testProxySortDecl()" classname="de.uka.ilkd.key.parser.TestDeclParser" time="0.992"/>
  <testcase name="testArrayDecl()" classname="de.uka.ilkd.key.parser.TestDeclParser" time="1.092"/>
  <testcase name="testAmbiguousDecls()" classname="de.uka.ilkd.key.parser.TestDeclParser" time="0.0">
    <skipped/>
  </testcase>
  <testcase name="testHeurDecl()" classname="de.uka.ilkd.key.parser.TestDeclParser" time="1.091"/>
  <testcase name="testFunctionDecl()" classname="de.uka.ilkd.key.parser.TestDeclParser" time="1.006"/>
  <testcase name="testPredicateDecl()" classname="de.uka.ilkd.key.parser.TestDeclParser" time="1.101"/>
  <testcase name="testSVDecl()" classname="de.uka.ilkd.key.parser.TestDeclParser" time="1.111"/>
  <system-out><![CDATA[247116     INFO  Test worker     d.u.i.k.n.KeyIO           Parsing took 0 ms 
247117     INFO  Test worker     d.u.i.k.n.KeyIO           MODE: declarations took 0 ms 
248220     INFO  Test worker     d.u.i.k.n.KeyIO           Parsing took 1 ms 
248220     INFO  Test worker     d.u.i.k.n.KeyIO           MODE: declarations took 0 ms 
249278     INFO  Test worker     d.u.i.k.n.KeyIO           Parsing took 0 ms 
249279     INFO  Test worker     d.u.i.k.n.KeyIO           MODE: declarations took 0 ms 
250399     INFO  Test worker     d.u.i.k.n.KeyIO           Parsing took 0 ms 
250400     INFO  Test worker     d.u.i.k.n.KeyIO           MODE: declarations took 0 ms 
251491     INFO  Test worker     d.u.i.k.n.KeyIO           Parsing took 0 ms 
251491     INFO  Test worker     d.u.i.k.n.KeyIO           MODE: declarations took 0 ms 
252572     INFO  Test worker     d.u.i.k.n.KeyIO           Parsing took 0 ms 
252572     INFO  Test worker     d.u.i.k.n.KeyIO           MODE: declarations took 0 ms 
253564     INFO  Test worker     d.u.i.k.n.KeyIO           Parsing took 0 ms 
253564     INFO  Test worker     d.u.i.k.n.KeyIO           MODE: declarations took 0 ms 
254654     INFO  Test worker     d.u.i.k.n.KeyIO           Parsing took 0 ms 
254655     INFO  Test worker     d.u.i.k.n.KeyIO           MODE: declarations took 0 ms 
255748     INFO  Test worker     d.u.i.k.n.KeyIO           Parsing took 0 ms 
255748     INFO  Test worker     d.u.i.k.n.KeyIO           MODE: declarations took 0 ms 
256754     INFO  Test worker     d.u.i.k.n.KeyIO           Parsing took 0 ms 
256754     INFO  Test worker     d.u.i.k.n.KeyIO           MODE: declarations took 0 ms 
257855     INFO  Test worker     d.u.i.k.n.KeyIO           Parsing took 0 ms 
257855     INFO  Test worker     d.u.i.k.n.KeyIO           MODE: declarations took 0 ms 
258964     INFO  Test worker     d.u.i.k.n.KeyIO           Parsing took 0 ms 
258965     INFO  Test worker     d.u.i.k.n.KeyIO           MODE: declarations took 0 ms 
]]></system-out>
  <system-err><![CDATA[]]></system-err>
</testsuite>
