<?xml version="1.0" encoding="UTF-8"?>
<testsuite name="de.uka.ilkd.key.logic.TestClashFreeSubst" tests="14" skipped="2" failures="0" errors="0" timestamp="2023-04-04T13:03:04" hostname="fv-az577-153" time="58.552">
  <properties/>
  <testcase name="testMultiShareBound()" classname="de.uka.ilkd.key.logic.TestClashFreeSubst" time="1.084"/>
  <testcase name="testClash()" classname="de.uka.ilkd.key.logic.TestClashFreeSubst" time="1.09"/>
  <testcase name="testShare()" classname="de.uka.ilkd.key.logic.TestClashFreeSubst" time="1.096"/>
  <testcase name="testSubst()" classname="de.uka.ilkd.key.logic.TestClashFreeSubst" time="1.063"/>
  <testcase name="testWary0()" classname="de.uka.ilkd.key.logic.TestClashFreeSubst" time="1.056"/>
  <testcase name="testWary1()" classname="de.uka.ilkd.key.logic.TestClashFreeSubst" time="1.054"/>
  <testcase name="testWary2()" classname="de.uka.ilkd.key.logic.TestClashFreeSubst" time="1.133"/>
  <testcase name="testClashInSubstTerm()" classname="de.uka.ilkd.key.logic.TestClashFreeSubst" time="1.073"/>
  <testcase name="testShareWary()" classname="de.uka.ilkd.key.logic.TestClashFreeSubst" time="1.08"/>
  <testcase name="testMultiSubst()" classname="de.uka.ilkd.key.logic.TestClashFreeSubst" time="1.018"/>
  <testcase name="xtestMultiClash()" classname="de.uka.ilkd.key.logic.TestClashFreeSubst" time="0.0">
    <skipped/>
  </testcase>
  <testcase name="testSubstInSubstTerm()" classname="de.uka.ilkd.key.logic.TestClashFreeSubst" time="1.074"/>
  <testcase name="testSubstWary()" classname="de.uka.ilkd.key.logic.TestClashFreeSubst" time="1.067"/>
  <testcase name="xtestMultiClash1()" classname="de.uka.ilkd.key.logic.TestClashFreeSubst" time="0.0">
    <skipped/>
  </testcase>
  <system-out><![CDATA[41836      INFO  Test worker     d.u.i.k.n.KeyIO           Parsing took 0 ms 
41838      INFO  Test worker     d.u.i.k.n.KeyIO           MODE: declarations took 0 ms 
42915      INFO  Test worker     d.u.i.k.n.KeyIO           Parsing took 0 ms 
42916      INFO  Test worker     d.u.i.k.n.KeyIO           MODE: declarations took 0 ms 
46464      INFO  Test worker     d.u.i.k.n.KeyIO           Parsing took 0 ms 
46466      INFO  Test worker     d.u.i.k.n.KeyIO           MODE: declarations took 1 ms 
47547      INFO  Test worker     d.u.i.k.n.KeyIO           Parsing took 0 ms 
47548      INFO  Test worker     d.u.i.k.n.KeyIO           MODE: declarations took 0 ms 
51048      INFO  Test worker     d.u.i.k.n.KeyIO           Parsing took 0 ms 
51049      INFO  Test worker     d.u.i.k.n.KeyIO           MODE: declarations took 1 ms 
52138      INFO  Test worker     d.u.i.k.n.KeyIO           Parsing took 0 ms 
52140      INFO  Test worker     d.u.i.k.n.KeyIO           MODE: declarations took 0 ms 
55675      INFO  Test worker     d.u.i.k.n.KeyIO           Parsing took 0 ms 
55676      INFO  Test worker     d.u.i.k.n.KeyIO           MODE: declarations took 1 ms 
56734      INFO  Test worker     d.u.i.k.n.KeyIO           Parsing took 0 ms 
56735      INFO  Test worker     d.u.i.k.n.KeyIO           MODE: declarations took 0 ms 
60186      INFO  Test worker     d.u.i.k.n.KeyIO           Parsing took 0 ms 
60187      INFO  Test worker     d.u.i.k.n.KeyIO           MODE: declarations took 0 ms 
61238      INFO  Test worker     d.u.i.k.n.KeyIO           Parsing took 0 ms 
61239      INFO  Test worker     d.u.i.k.n.KeyIO           MODE: declarations took 0 ms 
64757      INFO  Test worker     d.u.i.k.n.KeyIO           Parsing took 0 ms 
64758      INFO  Test worker     d.u.i.k.n.KeyIO           MODE: declarations took 1 ms 
65805      INFO  Test worker     d.u.i.k.n.KeyIO           Parsing took 0 ms 
65809      INFO  Test worker     d.u.i.k.n.KeyIO           MODE: declarations took 1 ms 
69385      INFO  Test worker     d.u.i.k.n.KeyIO           Parsing took 0 ms 
69386      INFO  Test worker     d.u.i.k.n.KeyIO           MODE: declarations took 0 ms 
70513      INFO  Test worker     d.u.i.k.n.KeyIO           Parsing took 0 ms 
70514      INFO  Test worker     d.u.i.k.n.KeyIO           MODE: declarations took 0 ms 
74040      INFO  Test worker     d.u.i.k.n.KeyIO           Parsing took 0 ms 
74040      INFO  Test worker     d.u.i.k.n.KeyIO           MODE: declarations took 0 ms 
75109      INFO  Test worker     d.u.i.k.n.KeyIO           Parsing took 0 ms 
75110      INFO  Test worker     d.u.i.k.n.KeyIO           MODE: declarations took 0 ms 
78581      INFO  Test worker     d.u.i.k.n.KeyIO           Parsing took 1 ms 
78581      INFO  Test worker     d.u.i.k.n.KeyIO           MODE: declarations took 0 ms 
79656      INFO  Test worker     d.u.i.k.n.KeyIO           Parsing took 0 ms 
79657      INFO  Test worker     d.u.i.k.n.KeyIO           MODE: declarations took 0 ms 
83131      INFO  Test worker     d.u.i.k.n.KeyIO           Parsing took 0 ms 
83132      INFO  Test worker     d.u.i.k.n.KeyIO           MODE: declarations took 0 ms 
84147      INFO  Test worker     d.u.i.k.n.KeyIO           Parsing took 0 ms 
84147      INFO  Test worker     d.u.i.k.n.KeyIO           MODE: declarations took 0 ms 
91043      INFO  Test worker     d.u.i.k.n.KeyIO           Parsing took 0 ms 
91044      INFO  Test worker     d.u.i.k.n.KeyIO           MODE: declarations took 0 ms 
92113      INFO  Test worker     d.u.i.k.n.KeyIO           Parsing took 0 ms 
92114      INFO  Test worker     d.u.i.k.n.KeyIO           MODE: declarations took 1 ms 
95646      INFO  Test worker     d.u.i.k.n.KeyIO           Parsing took 0 ms 
95647      INFO  Test worker     d.u.i.k.n.KeyIO           MODE: declarations took 0 ms 
96709      INFO  Test worker     d.u.i.k.n.KeyIO           Parsing took 0 ms 
96710      INFO  Test worker     d.u.i.k.n.KeyIO           MODE: declarations took 0 ms 
]]></system-out>
  <system-err><![CDATA[]]></system-err>
</testsuite>
