<?xml version="1.0" encoding="UTF-8"?>
<testsuite name="de.uka.ilkd.key.proof.io.consistency.TestProofBundleIO" tests="3" skipped="0" failures="0" errors="0" timestamp="2023-04-04T13:10:53" hostname="fv-az577-153" time="8.48">
  <properties/>
  <testcase name="testSimpleFileRepo()" classname="de.uka.ilkd.key.proof.io.consistency.TestProofBundleIO" time="0.107"/>
  <testcase name="testComplexBundleGeneration()" classname="de.uka.ilkd.key.proof.io.consistency.TestProofBundleIO" time="1.359"/>
  <testcase name="testSimpleBundleGeneration()" classname="de.uka.ilkd.key.proof.io.consistency.TestProofBundleIO" time="7.014"/>
  <system-out><![CDATA[]]></system-out>
  <system-err><![CDATA[]]></system-err>
</testsuite>
