<?xml version="1.0" encoding="UTF-8"?>
<testsuite name="de.uka.ilkd.key.nparser.ParseLDTsTests" tests="2" skipped="0" failures="0" errors="0" timestamp="2023-04-04T13:06:17" hostname="fv-az577-153" time="1.131">
  <properties/>
  <testcase name="testLDT()" classname="de.uka.ilkd.key.nparser.ParseLDTsTests" time="0.019"/>
  <testcase name="testSR()" classname="de.uka.ilkd.key.nparser.ParseLDTsTests" time="1.112"/>
  <system-out><![CDATA[234946     INFO  Test worker     d.u.i.k.n.KeyIO           Parsing took 8 ms 
234949     INFO  Test worker     d.u.i.k.n.KeyIO           MODE: declarations took 1 ms 
235462     INFO  Test worker     d.u.i.k.n.KeyIO           Parsing took 505 ms 
235465     INFO  Test worker     d.u.i.k.n.KeyIO           MODE: declarations took 2 ms 
]]></system-out>
  <system-err><![CDATA[]]></system-err>
</testsuite>
