<?xml version="1.0" encoding="UTF-8"?>
<testsuite name="de.uka.ilkd.key.symbolic_execution.testcase.TestTruthValueEvaluationUtil" tests="29" skipped="5" failures="0" errors="0" timestamp="2023-02-02T14:11:35" hostname="fv-az357-935" time="71.657">
  <properties/>
  <testcase name="IGNORE_testAddingOfLabeledSubtree()" classname="de.uka.ilkd.key.symbolic_execution.testcase.TestTruthValueEvaluationUtil" time="0.001">
    <skipped/>
  </testcase>
  <testcase name="IGNORE_testArrayUtil()" classname="de.uka.ilkd.key.symbolic_execution.testcase.TestTruthValueEvaluationUtil" time="0.001">
    <skipped/>
  </testcase>
  <testcase name="IGNORE_testArrayUtil_NoOneStepSimplification()" classname="de.uka.ilkd.key.symbolic_execution.testcase.TestTruthValueEvaluationUtil" time="0.0">
    <skipped/>
  </testcase>
  <testcase name="IGNORE_testAssignableAndLoop()" classname="de.uka.ilkd.key.symbolic_execution.testcase.TestTruthValueEvaluationUtil" time="0.0">
    <skipped/>
  </testcase>
  <testcase name="IGNORE_testBlockContractMagic42()" classname="de.uka.ilkd.key.symbolic_execution.testcase.TestTruthValueEvaluationUtil" time="0.001">
    <skipped/>
  </testcase>
  <testcase name="testAnd3_replaceKnown()" classname="de.uka.ilkd.key.symbolic_execution.testcase.TestTruthValueEvaluationUtil" time="3.754"/>
  <testcase name="testArraySumWhile()" classname="de.uka.ilkd.key.symbolic_execution.testcase.TestTruthValueEvaluationUtil" time="2.938"/>
  <testcase name="testArraySumWhile_NoOneStepSimplification()" classname="de.uka.ilkd.key.symbolic_execution.testcase.TestTruthValueEvaluationUtil" time="2.984"/>
  <testcase name="testDifferentBranchesTest()" classname="de.uka.ilkd.key.symbolic_execution.testcase.TestTruthValueEvaluationUtil" time="3.267"/>
  <testcase name="testEquivExample_NoOneStepSimplification()" classname="de.uka.ilkd.key.symbolic_execution.testcase.TestTruthValueEvaluationUtil" time="2.68"/>
  <testcase name="testExceptinalAssignableNothingTest()" classname="de.uka.ilkd.key.symbolic_execution.testcase.TestTruthValueEvaluationUtil" time="2.874"/>
  <testcase name="testExceptinalAssignableNothingTest_OSS()" classname="de.uka.ilkd.key.symbolic_execution.testcase.TestTruthValueEvaluationUtil" time="2.887"/>
  <testcase name="testIfThenElseFormula()" classname="de.uka.ilkd.key.symbolic_execution.testcase.TestTruthValueEvaluationUtil" time="3.042"/>
  <testcase name="testIfThenElseInteger()" classname="de.uka.ilkd.key.symbolic_execution.testcase.TestTruthValueEvaluationUtil" time="3.011"/>
  <testcase name="testIfThenElseNotFormula()" classname="de.uka.ilkd.key.symbolic_execution.testcase.TestTruthValueEvaluationUtil" time="3.018"/>
  <testcase name="testJoinTestAfterBranchConditionWithWeakeningGoal()" classname="de.uka.ilkd.key.symbolic_execution.testcase.TestTruthValueEvaluationUtil" time="2.815"/>
  <testcase name="testMultiplePredicateResultsTest()" classname="de.uka.ilkd.key.symbolic_execution.testcase.TestTruthValueEvaluationUtil" time="2.911"/>
  <testcase name="testMyInteger()" classname="de.uka.ilkd.key.symbolic_execution.testcase.TestTruthValueEvaluationUtil" time="2.821"/>
  <testcase name="testNotLastEvaluationGivesTruthValue()" classname="de.uka.ilkd.key.symbolic_execution.testcase.TestTruthValueEvaluationUtil" time="2.71"/>
  <testcase name="testSimpleInstanceMethodContractApplication()" classname="de.uka.ilkd.key.symbolic_execution.testcase.TestTruthValueEvaluationUtil" time="2.677"/>
  <testcase name="testSimpleInstanceMethodContractApplication_NoOneStepSimplification()" classname="de.uka.ilkd.key.symbolic_execution.testcase.TestTruthValueEvaluationUtil" time="2.705"/>
  <testcase name="testSimpleMethodContractApplication()" classname="de.uka.ilkd.key.symbolic_execution.testcase.TestTruthValueEvaluationUtil" time="2.666"/>
  <testcase name="testSimpleMethodContractApplication_NoOneStepSimplification()" classname="de.uka.ilkd.key.symbolic_execution.testcase.TestTruthValueEvaluationUtil" time="2.699"/>
  <testcase name="testTruthValueLabelBelowUpdatesDifferentToApplicationTerm()" classname="de.uka.ilkd.key.symbolic_execution.testcase.TestTruthValueEvaluationUtil" time="2.654"/>
  <testcase name="testUnderstandingProofs_Account()" classname="de.uka.ilkd.key.symbolic_execution.testcase.TestTruthValueEvaluationUtil" time="3.024"/>
  <testcase name="testUnderstandingProofs_ArrayUtil()" classname="de.uka.ilkd.key.symbolic_execution.testcase.TestTruthValueEvaluationUtil" time="4.661"/>
  <testcase name="testUnderstandingProofs_Calendar()" classname="de.uka.ilkd.key.symbolic_execution.testcase.TestTruthValueEvaluationUtil" time="3.335"/>
  <testcase name="testUnderstandingProofs_MyInteger()" classname="de.uka.ilkd.key.symbolic_execution.testcase.TestTruthValueEvaluationUtil" time="2.842"/>
  <testcase name="testValueRejectedFormula()" classname="de.uka.ilkd.key.symbolic_execution.testcase.TestTruthValueEvaluationUtil" time="2.67"/>
  <system-out><![CDATA[]]></system-out>
  <system-err><![CDATA[]]></system-err>
</testsuite>
