<?xml version="1.0" encoding="UTF-8"?>
<testsuite name="de.uka.ilkd.key.symbolic_execution.testcase.strategy.TestExceptionBreakpointStopConditionWithHitCount" tests="1" skipped="0" failures="0" errors="0" timestamp="2023-02-02T14:16:44" hostname="fv-az357-935" time="5.331">
  <properties/>
  <testcase name="testBreakpointStopCondition()" classname="de.uka.ilkd.key.symbolic_execution.testcase.strategy.TestExceptionBreakpointStopConditionWithHitCount" time="5.331"/>
  <system-out><![CDATA[]]></system-out>
  <system-err><![CDATA[]]></system-err>
</testsuite>
