<?xml version="1.0" encoding="UTF-8"?>
<testsuite name="de.uka.ilkd.key.logic.TestName" tests="1" skipped="0" failures="0" errors="0" timestamp="2023-06-09T19:11:18" hostname="fv-az1230-655" time="0.008">
  <properties/>
  <testcase name="testEquals()" classname="de.uka.ilkd.key.logic.TestName" time="0.008"/>
  <system-out><![CDATA[]]></system-out>
  <system-err><![CDATA[]]></system-err>
</testsuite>
