<?xml version="1.0" encoding="UTF-8"?>
<testsuite name="de.uka.ilkd.key.symbolic_execution.testcase.TestSymbolicLayoutWriterAndReader" tests="1" skipped="0" failures="0" errors="0" timestamp="2023-02-01T20:23:53" hostname="fv-az445-265" time="0.022">
  <properties/>
  <testcase name="testWritingAndReading()" classname="de.uka.ilkd.key.symbolic_execution.testcase.TestSymbolicLayoutWriterAndReader" time="0.022"/>
  <system-out><![CDATA[]]></system-out>
  <system-err><![CDATA[]]></system-err>
</testsuite>
