<?xml version="1.0" encoding="UTF-8"?>
<testsuite name="de.uka.ilkd.key.speclang.jml.pretranslation.TextualJMLAssertStatementTest" tests="1" skipped="0" failures="0" errors="0" timestamp="2023-02-02T21:37:47" hostname="fv-az255-5" time="0.021">
  <properties/>
  <testcase name="testTextRepr()" classname="de.uka.ilkd.key.speclang.jml.pretranslation.TextualJMLAssertStatementTest" time="0.021"/>
  <system-out><![CDATA[]]></system-out>
  <system-err><![CDATA[]]></system-err>
</testsuite>
