<?xml version="1.0" encoding="UTF-8"?>
<testsuite name="de.uka.ilkd.key.testcase.smt.testgen.TestTestgen" tests="1" skipped="0" failures="0" errors="0" timestamp="2023-05-27T17:18:58" hostname="fv-az464-622" time="4.106">
  <properties/>
  <testcase name="testMiddle()" classname="de.uka.ilkd.key.testcase.smt.testgen.TestTestgen" time="4.106"/>
  <system-out><![CDATA[13292      WARN  Test worker     d.u.i.k.t.s.t.TestTestgen Warning: Z3_CE is not installed, tests skipped. 
13292      WARN  Test worker     d.u.i.k.t.s.t.TestTestgen Maybe use JVM system property "z3SolverPath" to define the path to the Z3 command. 
13292      INFO  Test worker     d.u.i.k.p.i.AbstractProblemLoader Loading environment from src\test\resources\testcase\smt\tg\middle.key 
13292      DEBUG Test worker     d.u.i.k.p.i.AbstractProblemLoader Environment load took 454.4ns 
13292      INFO  Test worker     d.u.i.k.p.i.AbstractProblemLoader Creating init config 
16762      DEBUG Test worker     d.u.i.k.p.i.AbstractProblemLoader Init config took 3.47s 
16851      INFO  Test worker     d.u.i.k.p.i.AbstractProblemLoader Replaying proof Middle[Middle::middle(int,int,int)].JML normal_behavior operation contract.0 
16851      DEBUG Test worker     d.u.i.k.p.i.IntermediateProofReplayer Proof replay took 13.5ns 
]]></system-out>
  <system-err><![CDATA[]]></system-err>
</testsuite>
