<?xml version="1.0" encoding="UTF-8"?>
<testsuite name="de.uka.ilkd.key.java.TestContextStatementBlock" tests="1" skipped="0" failures="0" errors="0" timestamp="2023-03-04T11:32:43" hostname="fv-az365-192" time="0.922">
  <properties/>
  <testcase name="testContextTermInstantiation()" classname="de.uka.ilkd.key.java.TestContextStatementBlock" time="0.922"/>
  <system-out><![CDATA[]]></system-out>
  <system-err><![CDATA[]]></system-err>
</testsuite>
