<?xml version="1.0" encoding="UTF-8"?>
<testsuite name="de.uka.ilkd.key.speclang.njml.NJmlTranslatorTests" tests="2" skipped="0" failures="0" errors="0" timestamp="2023-03-04T11:43:48" hostname="fv-az365-192" time="2.567">
  <properties/>
  <testcase name="testWarnRequires()" classname="de.uka.ilkd.key.speclang.njml.NJmlTranslatorTests" time="0.001"/>
  <testcase name="testIgnoreOpenJML()" classname="de.uka.ilkd.key.speclang.njml.NJmlTranslatorTests" time="0.001"/>
  <system-out><![CDATA[]]></system-out>
  <system-err><![CDATA[]]></system-err>
</testsuite>
