<?xml version="1.0" encoding="UTF-8"?>
<testsuite name="recoder.testsuite.basic.SetupModelTest" tests="1" skipped="1" failures="0" errors="0" timestamp="2023-03-08T14:48:11" hostname="fv-az411-813" time="0.002">
  <properties/>
  <testcase name="testSetupModel" classname="recoder.testsuite.basic.SetupModelTest" time="0.002">
    <skipped/>
  </testcase>
  <system-out><![CDATA[]]></system-out>
  <system-err><![CDATA[]]></system-err>
</testsuite>
