<?xml version="1.0" encoding="UTF-8"?>
<testsuite name="de.uka.ilkd.key.gui.plugins.javac.JavaCompilerCheckFacadeTest" tests="1" skipped="0" failures="0" errors="0" timestamp="2023-03-20T20:58:46" hostname="fv-az1135-149" time="0.806">
  <properties/>
  <testcase name="compile1()" classname="de.uka.ilkd.key.gui.plugins.javac.JavaCompilerCheckFacadeTest" time="0.806"/>
  <system-out><![CDATA[/home/runner/work/key/key/key.ui/examples/firstTouch/06-BinarySearch/src
20:58:46,587 |-INFO in ch.qos.logback.classic.LoggerContext[default] - This is logback-classic version 1.4.5
20:58:46,620 |-INFO in ch.qos.logback.classic.LoggerContext[default] - Could NOT find resource [logback-test.xml]
20:58:46,649 |-INFO in ch.qos.logback.classic.LoggerContext[default] - Found resource [logback.xml] at [file:/home/runner/work/key/key/key.ui/build/resources/test/logback.xml]
20:58:46,652 |-WARN in ch.qos.logback.classic.util.DefaultJoranConfigurator@11dee337 - Resource [logback.xml] occurs multiple times on the classpath.
20:58:46,652 |-WARN in ch.qos.logback.classic.util.DefaultJoranConfigurator@11dee337 - Resource [logback.xml] occurs at [file:/home/runner/work/key/key/key.ui/build/resources/test/logback.xml]
20:58:46,652 |-WARN in ch.qos.logback.classic.util.DefaultJoranConfigurator@11dee337 - Resource [logback.xml] occurs at [jar:file:/home/runner/work/key/key/key.ui/build/libs/key.ui-2.11.0.jar!/logback.xml]
20:58:46,652 |-WARN in ch.qos.logback.classic.util.DefaultJoranConfigurator@11dee337 - Resource [logback.xml] occurs at [file:/home/runner/work/key/key/key.ui/build/resources/main/logback.xml]
20:58:46,767 |-INFO in ch.qos.logback.core.model.processor.AppenderModelHandler - Processing appender named [STDOUT]
20:58:46,768 |-INFO in ch.qos.logback.core.model.processor.AppenderModelHandler - About to instantiate appender of type [ch.qos.logback.core.ConsoleAppender]
20:58:46,785 |-WARN in ch.qos.logback.core.model.processor.ImplicitModelHandler - Ignoring unknown property [file] in [ch.qos.logback.core.ConsoleAppender]
20:58:46,785 |-WARN in ch.qos.logback.core.model.processor.ImplicitModelHandler - Ignoring unknown property [append] in [ch.qos.logback.core.ConsoleAppender]
20:58:46,786 |-INFO in ch.qos.logback.core.model.processor.ImplicitModelHandler - Assuming default type [ch.qos.logback.classic.encoder.PatternLayoutEncoder] for [encoder] property
20:58:46,802 |-INFO in ch.qos.logback.classic.model.processor.RootLoggerModelHandler - Setting level of ROOT logger to WARN
20:58:46,811 |-INFO in ch.qos.logback.core.model.processor.AppenderRefModelHandler - Attaching appender named [STDOUT] to Logger[ROOT]
20:58:46,813 |-INFO in ch.qos.logback.core.model.processor.DefaultProcessor@460f76a6 - End of configuration.
20:58:46,814 |-INFO in ch.qos.logback.classic.joran.JoranConfigurator@55f3c410 - Registering current configuration as safe fallback point

]]></system-out>
  <system-err><![CDATA[]]></system-err>
</testsuite>
