<?xml version="1.0" encoding="UTF-8"?>
<testsuite name="recoder.testsuite.basic.analysis.LocalVariableXReferenceCompletenessTest" tests="1" skipped="0" failures="0" errors="0" timestamp="2023-05-02T15:28:46" hostname="fv-az553-779" time="0.001">
  <properties/>
  <testcase name="testLocalVariableXReferenceCompletenessTest" classname="recoder.testsuite.basic.analysis.LocalVariableXReferenceCompletenessTest" time="0.001"/>
  <system-out><![CDATA[]]></system-out>
  <system-err><![CDATA[]]></system-err>
</testsuite>
