<?xml version="1.0" encoding="UTF-8"?>
<testsuite name="de.uka.ilkd.key.parser.TestTermParser" tests="47" skipped="4" failures="0" errors="0" timestamp="2023-04-17T08:31:21" hostname="fv-az252-497" time="3.097">
  <properties/>
  <testcase name="testNotEqual()" classname="de.uka.ilkd.key.parser.TestTermParser" time="0.002"/>
  <testcase name="testProgramVariables()" classname="de.uka.ilkd.key.parser.TestTermParser" time="0.052"/>
  <testcase name="testAttributeWithSpecifiedSortOnObject()" classname="de.uka.ilkd.key.parser.TestTermParser" time="0.016"/>
  <testcase name="testCast()" classname="de.uka.ilkd.key.parser.TestTermParser" time="0.003"/>
  <testcase name="testJavaQueryAndAttribute_all()" classname="de.uka.ilkd.key.parser.TestTermParser" time="0.0">
    <skipped/>
  </testcase>
  <testcase name="test10()" classname="de.uka.ilkd.key.parser.TestTermParser" time="0.006"/>
  <testcase name="test11()" classname="de.uka.ilkd.key.parser.TestTermParser" time="0.007"/>
  <testcase name="test12()" classname="de.uka.ilkd.key.parser.TestTermParser" time="0.0">
    <skipped/>
  </testcase>
  <testcase name="test13()" classname="de.uka.ilkd.key.parser.TestTermParser" time="0.006"/>
  <testcase name="test14()" classname="de.uka.ilkd.key.parser.TestTermParser" time="0.005"/>
  <testcase name="test1a()" classname="de.uka.ilkd.key.parser.TestTermParser" time="0.002"/>
  <testcase name="testJavaAttributeAccess_4()" classname="de.uka.ilkd.key.parser.TestTermParser" time="0.003"/>
  <testcase name="testAttributeOnObject()" classname="de.uka.ilkd.key.parser.TestTermParser" time="0.003"/>
  <testcase name="testNegativeLiteralParsing1()" classname="de.uka.ilkd.key.parser.TestTermParser" time="0.001"/>
  <testcase name="testNegativeLiteralParsing2()" classname="de.uka.ilkd.key.parser.TestTermParser" time="0.002"/>
  <testcase name="testNegativeLiteralParsing3()" classname="de.uka.ilkd.key.parser.TestTermParser" time="0.002"/>
  <testcase name="xtestParsingArrayWithSpaces()" classname="de.uka.ilkd.key.parser.TestTermParser" time="0.0">
    <skipped/>
  </testcase>
  <testcase name="testAmbigiousFuncVarPred()" classname="de.uka.ilkd.key.parser.TestTermParser" time="0.001"/>
  <testcase name="test1()" classname="de.uka.ilkd.key.parser.TestTermParser" time="0.002"/>
  <testcase name="test2()" classname="de.uka.ilkd.key.parser.TestTermParser" time="0.002"/>
  <testcase name="test3()" classname="de.uka.ilkd.key.parser.TestTermParser" time="0.002"/>
  <testcase name="test5()" classname="de.uka.ilkd.key.parser.TestTermParser" time="0.002"/>
  <testcase name="test6()" classname="de.uka.ilkd.key.parser.TestTermParser" time="0.002"/>
  <testcase name="test7()" classname="de.uka.ilkd.key.parser.TestTermParser" time="0.001"/>
  <testcase name="test8()" classname="de.uka.ilkd.key.parser.TestTermParser" time="0.002"/>
  <testcase name="test9()" classname="de.uka.ilkd.key.parser.TestTermParser" time="0.003"/>
  <testcase name="testBindingUpdateTerm()" classname="de.uka.ilkd.key.parser.TestTermParser" time="0.002"/>
  <testcase name="testJavaStaticQuery()" classname="de.uka.ilkd.key.parser.TestTermParser" time="0.003"/>
  <testcase name="testInfix1()" classname="de.uka.ilkd.key.parser.TestTermParser" time="0.002"/>
  <testcase name="testInfix2()" classname="de.uka.ilkd.key.parser.TestTermParser" time="0.002"/>
  <testcase name="testInfix3()" classname="de.uka.ilkd.key.parser.TestTermParser" time="0.002"/>
  <testcase name="testInfix4()" classname="de.uka.ilkd.key.parser.TestTermParser" time="0.003"/>
  <testcase name="testIfThenElse()" classname="de.uka.ilkd.key.parser.TestTermParser" time="0.004"/>
  <testcase name="testJavaAttributeAccessBoth_1()" classname="de.uka.ilkd.key.parser.TestTermParser" time="0.005"/>
  <testcase name="testJavaAttributeAccessBoth_2()" classname="de.uka.ilkd.key.parser.TestTermParser" time="0.003"/>
  <testcase name="testJavaAttributeAccessBoth_3()" classname="de.uka.ilkd.key.parser.TestTermParser" time="0.004"/>
  <testcase name="testBindingUpdateTerm_1()" classname="de.uka.ilkd.key.parser.TestTermParser" time="0.003"/>
  <testcase name="testBindingUpdateTerm_3()" classname="de.uka.ilkd.key.parser.TestTermParser" time="0.016"/>
  <testcase name="testBindingUpdateTerm_4()" classname="de.uka.ilkd.key.parser.TestTermParser" time="0.002"/>
  <testcase name="testBindingUpdateTerm_5()" classname="de.uka.ilkd.key.parser.TestTermParser" time="0.002"/>
  <testcase name="testBindingUpdateTerm_6()" classname="de.uka.ilkd.key.parser.TestTermParser" time="0.004"/>
  <testcase name="testBindingUpdateTerm_7()" classname="de.uka.ilkd.key.parser.TestTermParser" time="0.002"/>
  <testcase name="testBindingUpdateTerm_8()" classname="de.uka.ilkd.key.parser.TestTermParser" time="0.002"/>
  <testcase name="testParsingArray()" classname="de.uka.ilkd.key.parser.TestTermParser" time="0.003"/>
  <testcase name="xtestBindingUpdateTermOldBindingAlternative()" classname="de.uka.ilkd.key.parser.TestTermParser" time="0.0">
    <skipped/>
  </testcase>
  <testcase name="testJavaStaticQueryWithParameter()" classname="de.uka.ilkd.key.parser.TestTermParser" time="0.055"/>
  <testcase name="testParsingArrayCombination()" classname="de.uka.ilkd.key.parser.TestTermParser" time="0.003"/>
  <system-out><![CDATA[264136     INFO  Test worker     d.u.i.k.n.KeyIO           Parsing took 0 ms 
264136     INFO  Test worker     d.u.i.k.n.KeyIO           MODE: declarations took 0 ms 
264136     WARN  Test worker     d.u.i.k.j.r.KeYCrossReferenceNameInfo Datatype T declared twice: Once in UNKNOWN:unknown and once in UNKNOWN:unknown, Keeping one from UNKNOWN:unknown 
264199     INFO  Test worker     d.u.i.k.n.KeyIO           Parsing took 0 ms 
264199     INFO  Test worker     d.u.i.k.n.KeyIO           MODE: declarations took 0 ms 
264246     WARN  Test worker     d.u.i.k.j.r.KeYCrossReferenceNameInfo Datatype T declared twice: Once in UNKNOWN:unknown and once in UNKNOWN:unknown, Keeping one from UNKNOWN:unknown 
264309     INFO  Test worker     d.u.i.k.n.KeyIO           Parsing took 0 ms 
264309     INFO  Test worker     d.u.i.k.n.KeyIO           MODE: declarations took 0 ms 
264324     WARN  Test worker     d.u.i.k.j.r.KeYCrossReferenceNameInfo Datatype T declared twice: Once in UNKNOWN:unknown and once in UNKNOWN:unknown, Keeping one from UNKNOWN:unknown 
264387     INFO  Test worker     d.u.i.k.n.KeyIO           Parsing took 0 ms 
264387     INFO  Test worker     d.u.i.k.n.KeyIO           MODE: declarations took 0 ms 
264387     WARN  Test worker     d.u.i.k.j.r.KeYCrossReferenceNameInfo Datatype T declared twice: Once in UNKNOWN:unknown and once in UNKNOWN:unknown, Keeping one from UNKNOWN:unknown 
264449     WARN  Test worker     d.u.i.k.j.r.KeYCrossReferenceNameInfo Datatype T declared twice: Once in UNKNOWN:unknown and once in UNKNOWN:unknown, Keeping one from UNKNOWN:unknown 
264512     INFO  Test worker     d.u.i.k.n.KeyIO           Parsing took 0 ms 
264512     INFO  Test worker     d.u.i.k.n.KeyIO           MODE: declarations took 0 ms 
264512     INFO  Test worker     d.u.i.k.p.TestTermParser  Out: \<{
  int x = 1;
  {
    int s = 2;
  }
}\> (equals(x,x)) 
264512     WARN  Test worker     d.u.i.k.j.r.KeYCrossReferenceNameInfo Datatype T declared twice: Once in UNKNOWN:unknown and once in UNKNOWN:unknown, Keeping one from UNKNOWN:unknown 
264574     INFO  Test worker     d.u.i.k.n.KeyIO           Parsing took 0 ms 
264574     INFO  Test worker     d.u.i.k.n.KeyIO           MODE: declarations took 0 ms 
264574     INFO  Test worker     d.u.i.k.p.TestTermParser  Out: \[{
  int x = 2;
  {
    String s = ""}";
  }
}\] (true) 
264590     WARN  Test worker     d.u.i.k.j.r.KeYCrossReferenceNameInfo Datatype T declared twice: Once in UNKNOWN:unknown and once in UNKNOWN:unknown, Keeping one from UNKNOWN:unknown 
264652     WARN  Test worker     d.u.i.k.j.r.KeYCrossReferenceNameInfo Datatype T declared twice: Once in UNKNOWN:unknown and once in UNKNOWN:unknown, Keeping one from UNKNOWN:unknown 
264715     INFO  Test worker     d.u.i.k.n.KeyIO           Parsing took 0 ms 
264715     INFO  Test worker     d.u.i.k.n.KeyIO           MODE: declarations took 0 ms 
264715     WARN  Test worker     d.u.i.k.j.r.KeYCrossReferenceNameInfo Datatype T declared twice: Once in UNKNOWN:unknown and once in UNKNOWN:unknown, Keeping one from UNKNOWN:unknown 
264777     INFO  Test worker     d.u.i.k.n.KeyIO           Parsing took 0 ms 
264777     INFO  Test worker     d.u.i.k.n.KeyIO           MODE: declarations took 0 ms 
264777     INFO  Test worker     d.u.i.k.p.TestTermParser  Out: \<{
  int[] i;
}\> (diamond(true)) 
264777     WARN  Test worker     d.u.i.k.j.r.KeYCrossReferenceNameInfo Datatype T declared twice: Once in UNKNOWN:unknown and once in UNKNOWN:unknown, Keeping one from UNKNOWN:unknown 
264840     INFO  Test worker     d.u.i.k.n.KeyIO           Parsing took 0 ms 
264840     INFO  Test worker     d.u.i.k.n.KeyIO           MODE: declarations took 0 ms 
264840     WARN  Test worker     d.u.i.k.j.r.KeYCrossReferenceNameInfo Datatype T declared twice: Once in UNKNOWN:unknown and once in UNKNOWN:unknown, Keeping one from UNKNOWN:unknown 
264902     INFO  Test worker     d.u.i.k.n.KeyIO           Parsing took 0 ms 
264902     INFO  Test worker     d.u.i.k.n.KeyIO           MODE: declarations took 0 ms 
264902     WARN  Test worker     d.u.i.k.j.r.KeYCrossReferenceNameInfo Datatype T declared twice: Once in UNKNOWN:unknown and once in UNKNOWN:unknown, Keeping one from UNKNOWN:unknown 
264965     INFO  Test worker     d.u.i.k.n.KeyIO           Parsing took 0 ms 
264965     INFO  Test worker     d.u.i.k.n.KeyIO           MODE: declarations took 0 ms 
264965     WARN  Test worker     d.u.i.k.j.r.KeYCrossReferenceNameInfo Datatype T declared twice: Once in UNKNOWN:unknown and once in UNKNOWN:unknown, Keeping one from UNKNOWN:unknown 
265027     INFO  Test worker     d.u.i.k.n.KeyIO           Parsing took 0 ms 
265027     INFO  Test worker     d.u.i.k.n.KeyIO           MODE: declarations took 0 ms 
265027     WARN  Test worker     d.u.i.k.j.r.KeYCrossReferenceNameInfo Datatype T declared twice: Once in UNKNOWN:unknown and once in UNKNOWN:unknown, Keeping one from UNKNOWN:unknown 
265090     INFO  Test worker     d.u.i.k.n.KeyIO           Parsing took 0 ms 
265090     INFO  Test worker     d.u.i.k.n.KeyIO           MODE: declarations took 0 ms 
265090     WARN  Test worker     d.u.i.k.j.r.KeYCrossReferenceNameInfo Datatype T declared twice: Once in UNKNOWN:unknown and once in UNKNOWN:unknown, Keeping one from UNKNOWN:unknown 
265153     INFO  Test worker     d.u.i.k.n.KeyIO           Parsing took 0 ms 
265153     INFO  Test worker     d.u.i.k.n.KeyIO           MODE: declarations took 0 ms 
265153     WARN  Test worker     d.u.i.k.j.r.KeYCrossReferenceNameInfo Datatype T declared twice: Once in UNKNOWN:unknown and once in UNKNOWN:unknown, Keeping one from UNKNOWN:unknown 
265215     WARN  Test worker     d.u.i.k.j.r.KeYCrossReferenceNameInfo Datatype T declared twice: Once in UNKNOWN:unknown and once in UNKNOWN:unknown, Keeping one from UNKNOWN:unknown 
265278     INFO  Test worker     d.u.i.k.n.KeyIO           Parsing took 0 ms 
265278     INFO  Test worker     d.u.i.k.n.KeyIO           MODE: declarations took 0 ms 
265278     WARN  Test worker     d.u.i.k.j.r.KeYCrossReferenceNameInfo Datatype T declared twice: Once in UNKNOWN:unknown and once in UNKNOWN:unknown, Keeping one from UNKNOWN:unknown 
265340     INFO  Test worker     d.u.i.k.n.KeyIO           Parsing took 0 ms 
265340     INFO  Test worker     d.u.i.k.n.KeyIO           MODE: declarations took 0 ms 
265340     WARN  Test worker     d.u.i.k.j.r.KeYCrossReferenceNameInfo Datatype T declared twice: Once in UNKNOWN:unknown and once in UNKNOWN:unknown, Keeping one from UNKNOWN:unknown 
265403     INFO  Test worker     d.u.i.k.n.KeyIO           Parsing took 0 ms 
265403     INFO  Test worker     d.u.i.k.n.KeyIO           MODE: declarations took 0 ms 
265403     WARN  Test worker     d.u.i.k.j.r.KeYCrossReferenceNameInfo Datatype T declared twice: Once in UNKNOWN:unknown and once in UNKNOWN:unknown, Keeping one from UNKNOWN:unknown 
265465     INFO  Test worker     d.u.i.k.n.KeyIO           Parsing took 0 ms 
265465     INFO  Test worker     d.u.i.k.n.KeyIO           MODE: declarations took 0 ms 
265465     WARN  Test worker     d.u.i.k.j.r.KeYCrossReferenceNameInfo Datatype T declared twice: Once in UNKNOWN:unknown and once in UNKNOWN:unknown, Keeping one from UNKNOWN:unknown 
265575     INFO  Test worker     d.u.i.k.n.KeyIO           Parsing took 0 ms 
265575     INFO  Test worker     d.u.i.k.n.KeyIO           MODE: declarations took 0 ms 
265575     WARN  Test worker     d.u.i.k.j.r.KeYCrossReferenceNameInfo Datatype T declared twice: Once in UNKNOWN:unknown and once in UNKNOWN:unknown, Keeping one from UNKNOWN:unknown 
265637     INFO  Test worker     d.u.i.k.n.KeyIO           Parsing took 0 ms 
265637     INFO  Test worker     d.u.i.k.n.KeyIO           MODE: declarations took 0 ms 
265637     WARN  Test worker     d.u.i.k.j.r.KeYCrossReferenceNameInfo Datatype T declared twice: Once in UNKNOWN:unknown and once in UNKNOWN:unknown, Keeping one from UNKNOWN:unknown 
265700     INFO  Test worker     d.u.i.k.n.KeyIO           Parsing took 0 ms 
265700     INFO  Test worker     d.u.i.k.n.KeyIO           MODE: declarations took 0 ms 
265700     WARN  Test worker     d.u.i.k.j.r.KeYCrossReferenceNameInfo Datatype T declared twice: Once in UNKNOWN:unknown and once in UNKNOWN:unknown, Keeping one from UNKNOWN:unknown 
265762     INFO  Test worker     d.u.i.k.n.KeyIO           Parsing took 0 ms 
265762     INFO  Test worker     d.u.i.k.n.KeyIO           MODE: declarations took 0 ms 
265762     WARN  Test worker     d.u.i.k.j.r.KeYCrossReferenceNameInfo Datatype T declared twice: Once in UNKNOWN:unknown and once in UNKNOWN:unknown, Keeping one from UNKNOWN:unknown 
265825     INFO  Test worker     d.u.i.k.n.KeyIO           Parsing took 0 ms 
265825     INFO  Test worker     d.u.i.k.n.KeyIO           MODE: declarations took 0 ms 
265825     WARN  Test worker     d.u.i.k.j.r.KeYCrossReferenceNameInfo Datatype T declared twice: Once in UNKNOWN:unknown and once in UNKNOWN:unknown, Keeping one from UNKNOWN:unknown 
265887     INFO  Test worker     d.u.i.k.n.KeyIO           Parsing took 0 ms 
265887     INFO  Test worker     d.u.i.k.n.KeyIO           MODE: declarations took 0 ms 
265887     WARN  Test worker     d.u.i.k.j.r.KeYCrossReferenceNameInfo Datatype T declared twice: Once in UNKNOWN:unknown and once in UNKNOWN:unknown, Keeping one from UNKNOWN:unknown 
265950     INFO  Test worker     d.u.i.k.n.KeyIO           Parsing took 0 ms 
265950     INFO  Test worker     d.u.i.k.n.KeyIO           MODE: declarations took 0 ms 
265950     WARN  Test worker     d.u.i.k.j.r.KeYCrossReferenceNameInfo Datatype T declared twice: Once in UNKNOWN:unknown and once in UNKNOWN:unknown, Keeping one from UNKNOWN:unknown 
266012     INFO  Test worker     d.u.i.k.n.KeyIO           Parsing took 0 ms 
266012     INFO  Test worker     d.u.i.k.n.KeyIO           MODE: declarations took 0 ms 
266012     WARN  Test worker     d.u.i.k.j.r.KeYCrossReferenceNameInfo Datatype T declared twice: Once in UNKNOWN:unknown and once in UNKNOWN:unknown, Keeping one from UNKNOWN:unknown 
266075     INFO  Test worker     d.u.i.k.n.KeyIO           Parsing took 0 ms 
266075     INFO  Test worker     d.u.i.k.n.KeyIO           MODE: declarations took 0 ms 
266075     WARN  Test worker     d.u.i.k.j.r.KeYCrossReferenceNameInfo Datatype T declared twice: Once in UNKNOWN:unknown and once in UNKNOWN:unknown, Keeping one from UNKNOWN:unknown 
266137     INFO  Test worker     d.u.i.k.n.KeyIO           Parsing took 0 ms 
266137     INFO  Test worker     d.u.i.k.n.KeyIO           MODE: declarations took 0 ms 
266137     WARN  Test worker     d.u.i.k.j.r.KeYCrossReferenceNameInfo Datatype T declared twice: Once in UNKNOWN:unknown and once in UNKNOWN:unknown, Keeping one from UNKNOWN:unknown 
266200     INFO  Test worker     d.u.i.k.n.KeyIO           Parsing took 0 ms 
266200     INFO  Test worker     d.u.i.k.n.KeyIO           MODE: declarations took 0 ms 
266200     WARN  Test worker     d.u.i.k.j.r.KeYCrossReferenceNameInfo Datatype T declared twice: Once in UNKNOWN:unknown and once in UNKNOWN:unknown, Keeping one from UNKNOWN:unknown 
266262     INFO  Test worker     d.u.i.k.n.KeyIO           Parsing took 0 ms 
266262     INFO  Test worker     d.u.i.k.n.KeyIO           MODE: declarations took 0 ms 
266262     WARN  Test worker     d.u.i.k.j.r.KeYCrossReferenceNameInfo Datatype T declared twice: Once in UNKNOWN:unknown and once in UNKNOWN:unknown, Keeping one from UNKNOWN:unknown 
266325     INFO  Test worker     d.u.i.k.n.KeyIO           Parsing took 0 ms 
266325     INFO  Test worker     d.u.i.k.n.KeyIO           MODE: declarations took 0 ms 
266341     WARN  Test worker     d.u.i.k.j.r.KeYCrossReferenceNameInfo Datatype T declared twice: Once in UNKNOWN:unknown and once in UNKNOWN:unknown, Keeping one from UNKNOWN:unknown 
266387     INFO  Test worker     d.u.i.k.n.KeyIO           Parsing took 0 ms 
266387     INFO  Test worker     d.u.i.k.n.KeyIO           MODE: declarations took 0 ms 
266403     WARN  Test worker     d.u.i.k.j.r.KeYCrossReferenceNameInfo Datatype T declared twice: Once in UNKNOWN:unknown and once in UNKNOWN:unknown, Keeping one from UNKNOWN:unknown 
266450     INFO  Test worker     d.u.i.k.n.KeyIO           Parsing took 0 ms 
266450     INFO  Test worker     d.u.i.k.n.KeyIO           MODE: declarations took 0 ms 
266466     WARN  Test worker     d.u.i.k.j.r.KeYCrossReferenceNameInfo Datatype T declared twice: Once in UNKNOWN:unknown and once in UNKNOWN:unknown, Keeping one from UNKNOWN:unknown 
266512     INFO  Test worker     d.u.i.k.n.KeyIO           Parsing took 0 ms 
266512     INFO  Test worker     d.u.i.k.n.KeyIO           MODE: declarations took 0 ms 
266528     WARN  Test worker     d.u.i.k.j.r.KeYCrossReferenceNameInfo Datatype T declared twice: Once in UNKNOWN:unknown and once in UNKNOWN:unknown, Keeping one from UNKNOWN:unknown 
266575     INFO  Test worker     d.u.i.k.n.KeyIO           Parsing took 0 ms 
266575     INFO  Test worker     d.u.i.k.n.KeyIO           MODE: declarations took 0 ms 
266591     WARN  Test worker     d.u.i.k.j.r.KeYCrossReferenceNameInfo Datatype T declared twice: Once in UNKNOWN:unknown and once in UNKNOWN:unknown, Keeping one from UNKNOWN:unknown 
266653     INFO  Test worker     d.u.i.k.n.KeyIO           Parsing took 0 ms 
266669     INFO  Test worker     d.u.i.k.n.KeyIO           MODE: declarations took 16 ms 
266669     WARN  Test worker     d.u.i.k.j.r.KeYCrossReferenceNameInfo Datatype T declared twice: Once in UNKNOWN:unknown and once in UNKNOWN:unknown, Keeping one from UNKNOWN:unknown 
266731     INFO  Test worker     d.u.i.k.n.KeyIO           Parsing took 15 ms 
266731     INFO  Test worker     d.u.i.k.n.KeyIO           MODE: declarations took 0 ms 
266732     WARN  Test worker     d.u.i.k.j.r.KeYCrossReferenceNameInfo Datatype T declared twice: Once in UNKNOWN:unknown and once in UNKNOWN:unknown, Keeping one from UNKNOWN:unknown 
266794     INFO  Test worker     d.u.i.k.n.KeyIO           Parsing took 16 ms 
266794     INFO  Test worker     d.u.i.k.n.KeyIO           MODE: declarations took 0 ms 
266794     WARN  Test worker     d.u.i.k.j.r.KeYCrossReferenceNameInfo Datatype T declared twice: Once in UNKNOWN:unknown and once in UNKNOWN:unknown, Keeping one from UNKNOWN:unknown 
266857     INFO  Test worker     d.u.i.k.n.KeyIO           Parsing took 0 ms 
266857     INFO  Test worker     d.u.i.k.n.KeyIO           MODE: declarations took 0 ms 
266857     WARN  Test worker     d.u.i.k.j.r.KeYCrossReferenceNameInfo Datatype T declared twice: Once in UNKNOWN:unknown and once in UNKNOWN:unknown, Keeping one from UNKNOWN:unknown 
266919     INFO  Test worker     d.u.i.k.n.KeyIO           Parsing took 0 ms 
266919     INFO  Test worker     d.u.i.k.n.KeyIO           MODE: declarations took 0 ms 
266919     WARN  Test worker     d.u.i.k.j.r.KeYCrossReferenceNameInfo Datatype T declared twice: Once in UNKNOWN:unknown and once in UNKNOWN:unknown, Keeping one from UNKNOWN:unknown 
266982     INFO  Test worker     d.u.i.k.n.KeyIO           Parsing took 0 ms 
266982     INFO  Test worker     d.u.i.k.n.KeyIO           MODE: declarations took 0 ms 
266982     WARN  Test worker     d.u.i.k.j.r.KeYCrossReferenceNameInfo Datatype T declared twice: Once in UNKNOWN:unknown and once in UNKNOWN:unknown, Keeping one from UNKNOWN:unknown 
267044     WARN  Test worker     d.u.i.k.j.r.KeYCrossReferenceNameInfo Datatype T declared twice: Once in UNKNOWN:unknown and once in UNKNOWN:unknown, Keeping one from UNKNOWN:unknown 
267107     INFO  Test worker     d.u.i.k.n.KeyIO           Parsing took 0 ms 
267107     INFO  Test worker     d.u.i.k.n.KeyIO           MODE: declarations took 0 ms 
267154     WARN  Test worker     d.u.i.k.j.r.KeYCrossReferenceNameInfo Datatype T declared twice: Once in UNKNOWN:unknown and once in UNKNOWN:unknown, Keeping one from UNKNOWN:unknown 
267216     INFO  Test worker     d.u.i.k.n.KeyIO           Parsing took 0 ms 
267216     INFO  Test worker     d.u.i.k.n.KeyIO           MODE: declarations took 0 ms 
]]></system-out>
  <system-err><![CDATA[]]></system-err>
</testsuite>
