<?xml version="1.0" encoding="UTF-8"?>
<testsuite name="de.uka.ilkd.key.proof.TestTacletIndex" tests="5" skipped="1" failures="0" errors="0" timestamp="2023-04-17T08:33:12" hostname="fv-az252-497" time="0.889">
  <properties/>
  <testcase name="testShownIfHeuristicFits()" classname="de.uka.ilkd.key.proof.TestTacletIndex" time="0.876"/>
  <testcase name="testMatchConflictOccurs()" classname="de.uka.ilkd.key.proof.TestTacletIndex" time="0.003"/>
  <testcase name="testNoMatchingFindRule()" classname="de.uka.ilkd.key.proof.TestTacletIndex" time="0.002"/>
  <testcase name="disabled_testNonInteractiveIsShownOnlyIfHeuristicIsMissed()" classname="de.uka.ilkd.key.proof.TestTacletIndex" time="0.0">
    <skipped/>
  </testcase>
  <testcase name="testNotFreeInYConflict()" classname="de.uka.ilkd.key.proof.TestTacletIndex" time="0.007"/>
  <system-out><![CDATA[375825     INFO  Test worker     d.u.i.k.n.KeyIO           Parsing took 16 ms 
375825     INFO  Test worker     d.u.i.k.n.KeyIO           MODE: declarations took 0 ms 
]]></system-out>
  <system-err><![CDATA[]]></system-err>
</testsuite>
