<?xml version="1.0" encoding="UTF-8"?>
<testsuite name="de.uka.ilkd.key.logic.TestClashFreeSubst" tests="14" skipped="2" failures="0" errors="0" timestamp="2023-04-17T08:27:31" hostname="fv-az252-497" time="42.513">
  <properties/>
  <testcase name="testMultiShareBound()" classname="de.uka.ilkd.key.logic.TestClashFreeSubst" time="0.841"/>
  <testcase name="testClash()" classname="de.uka.ilkd.key.logic.TestClashFreeSubst" time="0.808"/>
  <testcase name="testShare()" classname="de.uka.ilkd.key.logic.TestClashFreeSubst" time="0.795"/>
  <testcase name="testSubst()" classname="de.uka.ilkd.key.logic.TestClashFreeSubst" time="0.803"/>
  <testcase name="testWary0()" classname="de.uka.ilkd.key.logic.TestClashFreeSubst" time="0.779"/>
  <testcase name="testWary1()" classname="de.uka.ilkd.key.logic.TestClashFreeSubst" time="0.787"/>
  <testcase name="testWary2()" classname="de.uka.ilkd.key.logic.TestClashFreeSubst" time="0.804"/>
  <testcase name="testClashInSubstTerm()" classname="de.uka.ilkd.key.logic.TestClashFreeSubst" time="0.785"/>
  <testcase name="testShareWary()" classname="de.uka.ilkd.key.logic.TestClashFreeSubst" time="0.77"/>
  <testcase name="testMultiSubst()" classname="de.uka.ilkd.key.logic.TestClashFreeSubst" time="0.777"/>
  <testcase name="xtestMultiClash()" classname="de.uka.ilkd.key.logic.TestClashFreeSubst" time="0.0">
    <skipped/>
  </testcase>
  <testcase name="testSubstInSubstTerm()" classname="de.uka.ilkd.key.logic.TestClashFreeSubst" time="0.757"/>
  <testcase name="testSubstWary()" classname="de.uka.ilkd.key.logic.TestClashFreeSubst" time="0.763"/>
  <testcase name="xtestMultiClash1()" classname="de.uka.ilkd.key.logic.TestClashFreeSubst" time="0.0">
    <skipped/>
  </testcase>
  <system-out><![CDATA[33972      INFO  Test worker     d.u.i.k.n.KeyIO           Parsing took 0 ms 
33972      INFO  Test worker     d.u.i.k.n.KeyIO           MODE: declarations took 0 ms 
34785      INFO  Test worker     d.u.i.k.n.KeyIO           Parsing took 0 ms 
34785      INFO  Test worker     d.u.i.k.n.KeyIO           MODE: declarations took 0 ms 
37475      INFO  Test worker     d.u.i.k.n.KeyIO           Parsing took 0 ms 
37475      INFO  Test worker     d.u.i.k.n.KeyIO           MODE: declarations took 0 ms 
38273      INFO  Test worker     d.u.i.k.n.KeyIO           Parsing took 0 ms 
38273      INFO  Test worker     d.u.i.k.n.KeyIO           MODE: declarations took 0 ms 
40867      INFO  Test worker     d.u.i.k.n.KeyIO           Parsing took 0 ms 
40867      INFO  Test worker     d.u.i.k.n.KeyIO           MODE: declarations took 0 ms 
41665      INFO  Test worker     d.u.i.k.n.KeyIO           Parsing took 0 ms 
41665      INFO  Test worker     d.u.i.k.n.KeyIO           MODE: declarations took 0 ms 
44244      INFO  Test worker     d.u.i.k.n.KeyIO           Parsing took 0 ms 
44244      INFO  Test worker     d.u.i.k.n.KeyIO           MODE: declarations took 0 ms 
45041      INFO  Test worker     d.u.i.k.n.KeyIO           Parsing took 0 ms 
45041      INFO  Test worker     d.u.i.k.n.KeyIO           MODE: declarations took 0 ms 
47620      INFO  Test worker     d.u.i.k.n.KeyIO           Parsing took 0 ms 
47620      INFO  Test worker     d.u.i.k.n.KeyIO           MODE: declarations took 0 ms 
48386      INFO  Test worker     d.u.i.k.n.KeyIO           Parsing took 0 ms 
48386      INFO  Test worker     d.u.i.k.n.KeyIO           MODE: declarations took 0 ms 
50919      INFO  Test worker     d.u.i.k.n.KeyIO           Parsing took 0 ms 
50919      INFO  Test worker     d.u.i.k.n.KeyIO           MODE: declarations took 0 ms 
51700      INFO  Test worker     d.u.i.k.n.KeyIO           Parsing took 0 ms 
51700      INFO  Test worker     d.u.i.k.n.KeyIO           MODE: declarations took 0 ms 
54248      INFO  Test worker     d.u.i.k.n.KeyIO           Parsing took 0 ms 
54248      INFO  Test worker     d.u.i.k.n.KeyIO           MODE: declarations took 0 ms 
55045      INFO  Test worker     d.u.i.k.n.KeyIO           Parsing took 0 ms 
55045      INFO  Test worker     d.u.i.k.n.KeyIO           MODE: declarations took 0 ms 
57562      INFO  Test worker     d.u.i.k.n.KeyIO           Parsing took 0 ms 
57562      INFO  Test worker     d.u.i.k.n.KeyIO           MODE: declarations took 0 ms 
58344      INFO  Test worker     d.u.i.k.n.KeyIO           Parsing took 0 ms 
58344      INFO  Test worker     d.u.i.k.n.KeyIO           MODE: declarations took 0 ms 
60846      INFO  Test worker     d.u.i.k.n.KeyIO           Parsing took 0 ms 
60846      INFO  Test worker     d.u.i.k.n.KeyIO           MODE: declarations took 0 ms 
61612      INFO  Test worker     d.u.i.k.n.KeyIO           Parsing took 0 ms 
61612      INFO  Test worker     d.u.i.k.n.KeyIO           MODE: declarations took 0 ms 
64146      INFO  Test worker     d.u.i.k.n.KeyIO           Parsing took 0 ms 
64146      INFO  Test worker     d.u.i.k.n.KeyIO           MODE: declarations took 0 ms 
64912      INFO  Test worker     d.u.i.k.n.KeyIO           Parsing took 0 ms 
64912      INFO  Test worker     d.u.i.k.n.KeyIO           MODE: declarations took 0 ms 
69948      INFO  Test worker     d.u.i.k.n.KeyIO           Parsing took 0 ms 
69948      INFO  Test worker     d.u.i.k.n.KeyIO           MODE: declarations took 0 ms 
70698      INFO  Test worker     d.u.i.k.n.KeyIO           Parsing took 0 ms 
70698      INFO  Test worker     d.u.i.k.n.KeyIO           MODE: declarations took 0 ms 
73215      INFO  Test worker     d.u.i.k.n.KeyIO           Parsing took 0 ms 
73215      INFO  Test worker     d.u.i.k.n.KeyIO           MODE: declarations took 0 ms 
73981      INFO  Test worker     d.u.i.k.n.KeyIO           Parsing took 0 ms 
73981      INFO  Test worker     d.u.i.k.n.KeyIO           MODE: declarations took 0 ms 
]]></system-out>
  <system-err><![CDATA[]]></system-err>
</testsuite>
