<?xml version="1.0" encoding="UTF-8"?>
<testsuite name="de.uka.ilkd.key.parser.TestDeclParser" tests="14" skipped="2" failures="0" errors="0" timestamp="2023-04-17T08:30:02" hostname="fv-az252-497" time="9.825">
  <properties/>
  <testcase name="testGenericSortDecl1()" classname="de.uka.ilkd.key.parser.TestDeclParser" time="0.976"/>
  <testcase name="testGenericSortDecl2()" classname="de.uka.ilkd.key.parser.TestDeclParser" time="0.765"/>
  <testcase name="testGenericSortDecl3()" classname="de.uka.ilkd.key.parser.TestDeclParser" time="0.848"/>
  <testcase name="testGenericSortDecl4()" classname="de.uka.ilkd.key.parser.TestDeclParser" time="0.761"/>
  <testcase name="testGenericSortDecl5()" classname="de.uka.ilkd.key.parser.TestDeclParser" time="0.0">
    <skipped/>
  </testcase>
  <testcase name="testGenericSortDecl6()" classname="de.uka.ilkd.key.parser.TestDeclParser" time="0.844"/>
  <testcase name="testSortDecl()" classname="de.uka.ilkd.key.parser.TestDeclParser" time="0.745"/>
  <testcase name="testProxySortDecl()" classname="de.uka.ilkd.key.parser.TestDeclParser" time="0.852"/>
  <testcase name="testArrayDecl()" classname="de.uka.ilkd.key.parser.TestDeclParser" time="0.839"/>
  <testcase name="testAmbiguousDecls()" classname="de.uka.ilkd.key.parser.TestDeclParser" time="0.0">
    <skipped/>
  </testcase>
  <testcase name="testHeurDecl()" classname="de.uka.ilkd.key.parser.TestDeclParser" time="0.754"/>
  <testcase name="testFunctionDecl()" classname="de.uka.ilkd.key.parser.TestDeclParser" time="0.846"/>
  <testcase name="testPredicateDecl()" classname="de.uka.ilkd.key.parser.TestDeclParser" time="0.749"/>
  <testcase name="testSVDecl()" classname="de.uka.ilkd.key.parser.TestDeclParser" time="0.84"/>
  <system-out><![CDATA[185904     INFO  Test worker     d.u.i.k.n.KeyIO           Parsing took 0 ms 
185904     INFO  Test worker     d.u.i.k.n.KeyIO           MODE: declarations took 0 ms 
186672     INFO  Test worker     d.u.i.k.n.KeyIO           Parsing took 0 ms 
186672     INFO  Test worker     d.u.i.k.n.KeyIO           MODE: declarations took 0 ms 
187532     INFO  Test worker     d.u.i.k.n.KeyIO           Parsing took 0 ms 
187532     INFO  Test worker     d.u.i.k.n.KeyIO           MODE: declarations took 0 ms 
188298     INFO  Test worker     d.u.i.k.n.KeyIO           Parsing took 0 ms 
188298     INFO  Test worker     d.u.i.k.n.KeyIO           MODE: declarations took 0 ms 
189142     INFO  Test worker     d.u.i.k.n.KeyIO           Parsing took 0 ms 
189142     INFO  Test worker     d.u.i.k.n.KeyIO           MODE: declarations took 0 ms 
189876     INFO  Test worker     d.u.i.k.n.KeyIO           Parsing took 0 ms 
189876     INFO  Test worker     d.u.i.k.n.KeyIO           MODE: declarations took 0 ms 
190737     INFO  Test worker     d.u.i.k.n.KeyIO           Parsing took 0 ms 
190737     INFO  Test worker     d.u.i.k.n.KeyIO           MODE: declarations took 0 ms 
191565     INFO  Test worker     d.u.i.k.n.KeyIO           Parsing took 0 ms 
191565     INFO  Test worker     d.u.i.k.n.KeyIO           MODE: declarations took 0 ms 
192332     INFO  Test worker     d.u.i.k.n.KeyIO           Parsing took 0 ms 
192332     INFO  Test worker     d.u.i.k.n.KeyIO           MODE: declarations took 0 ms 
193176     INFO  Test worker     d.u.i.k.n.KeyIO           Parsing took 0 ms 
193176     INFO  Test worker     d.u.i.k.n.KeyIO           MODE: declarations took 0 ms 
193926     INFO  Test worker     d.u.i.k.n.KeyIO           Parsing took 0 ms 
193926     INFO  Test worker     d.u.i.k.n.KeyIO           MODE: declarations took 0 ms 
194771     INFO  Test worker     d.u.i.k.n.KeyIO           Parsing took 0 ms 
194771     INFO  Test worker     d.u.i.k.n.KeyIO           MODE: declarations took 0 ms 
]]></system-out>
  <system-err><![CDATA[]]></system-err>
</testsuite>
