<?xml version="1.0" encoding="UTF-8"?>
<testsuite name="de.uka.ilkd.key.parser.TestTermParserHeap" tests="39" skipped="0" failures="0" errors="0" timestamp="2023-04-17T08:31:27" hostname="fv-az252-497" time="95.571">
  <properties/>
  <testcase name="testBracketHeapUpdate()" classname="de.uka.ilkd.key.parser.TestTermParserHeap" time="0.02"/>
  <testcase name="testStore()" classname="de.uka.ilkd.key.parser.TestTermParserHeap" time="0.008"/>
  <testcase name="testUnknownConstant()" classname="de.uka.ilkd.key.parser.TestTermParserHeap" time="0.008"/>
  <testcase name="testAllFieldsSelector()" classname="de.uka.ilkd.key.parser.TestTermParserHeap" time="0.002"/>
  <testcase name="testParsePrettyPrintedSelect()" classname="de.uka.ilkd.key.parser.TestTermParserHeap" time="0.002"/>
  <testcase name="testAccessStaticMembers()" classname="de.uka.ilkd.key.parser.TestTermParserHeap" time="0.014"/>
  <testcase name="testAtOperator_1()" classname="de.uka.ilkd.key.parser.TestTermParserHeap" time="0.001"/>
  <testcase name="testAtOperator_2()" classname="de.uka.ilkd.key.parser.TestTermParserHeap" time="0.003"/>
  <testcase name="testAtOperator_3()" classname="de.uka.ilkd.key.parser.TestTermParserHeap" time="0.002"/>
  <testcase name="testAtOperator_4()" classname="de.uka.ilkd.key.parser.TestTermParserHeap" time="0.007"/>
  <testcase name="testAtOperator_5()" classname="de.uka.ilkd.key.parser.TestTermParserHeap" time="0.003"/>
  <testcase name="testAtOperator_6()" classname="de.uka.ilkd.key.parser.TestTermParserHeap" time="0.003"/>
  <testcase name="testAtOperator_7()" classname="de.uka.ilkd.key.parser.TestTermParserHeap" time="0.002"/>
  <testcase name="testAtOperator_8()" classname="de.uka.ilkd.key.parser.TestTermParserHeap" time="0.008"/>
  <testcase name="testVerifyExceptionIfAtOperatorNotPreceededBySelectTerm()" classname="de.uka.ilkd.key.parser.TestTermParserHeap" time="0.002"/>
  <testcase name="testBugResettingCounter()" classname="de.uka.ilkd.key.parser.TestTermParserHeap" time="0.002"/>
  <testcase name="testLocationSets()" classname="de.uka.ilkd.key.parser.TestTermParserHeap" time="0.004"/>
  <testcase name="testQuantifiedSelect()" classname="de.uka.ilkd.key.parser.TestTermParserHeap" time="0.005"/>
  <testcase name="testGenericObjectProperties()" classname="de.uka.ilkd.key.parser.TestTermParserHeap" time="0.003"/>
  <testcase name="testQueryInheritance_1()" classname="de.uka.ilkd.key.parser.TestTermParserHeap" time="0.003"/>
  <testcase name="testQueryInheritance_2()" classname="de.uka.ilkd.key.parser.TestTermParserHeap" time="0.003"/>
  <testcase name="testQueryInheritance_3()" classname="de.uka.ilkd.key.parser.TestTermParserHeap" time="0.002"/>
  <testcase name="testQueryInheritance_4()" classname="de.uka.ilkd.key.parser.TestTermParserHeap" time="0.002"/>
  <testcase name="testQueryInheritance_5()" classname="de.uka.ilkd.key.parser.TestTermParserHeap" time="0.003"/>
  <testcase name="testQueryInheritance_6()" classname="de.uka.ilkd.key.parser.TestTermParserHeap" time="0.003"/>
  <testcase name="testQueryInheritance_7()" classname="de.uka.ilkd.key.parser.TestTermParserHeap" time="0.003"/>
  <testcase name="testQueryInheritance_8()" classname="de.uka.ilkd.key.parser.TestTermParserHeap" time="0.001"/>
  <testcase name="testQueryInheritance_9()" classname="de.uka.ilkd.key.parser.TestTermParserHeap" time="0.003"/>
  <testcase name="testQueryBasic_10()" classname="de.uka.ilkd.key.parser.TestTermParserHeap" time="0.002"/>
  <testcase name="testQueryBasic_11()" classname="de.uka.ilkd.key.parser.TestTermParserHeap" time="0.004"/>
  <testcase name="testQueryBasic_1()" classname="de.uka.ilkd.key.parser.TestTermParserHeap" time="0.002"/>
  <testcase name="testQueryBasic_2()" classname="de.uka.ilkd.key.parser.TestTermParserHeap" time="0.003"/>
  <testcase name="testQueryBasic_3()" classname="de.uka.ilkd.key.parser.TestTermParserHeap" time="0.005"/>
  <testcase name="testQueryBasic_4()" classname="de.uka.ilkd.key.parser.TestTermParserHeap" time="0.004"/>
  <testcase name="testQueryBasic_5()" classname="de.uka.ilkd.key.parser.TestTermParserHeap" time="0.002"/>
  <testcase name="testQueryBasic_6()" classname="de.uka.ilkd.key.parser.TestTermParserHeap" time="0.002"/>
  <testcase name="testQueryBasic_7()" classname="de.uka.ilkd.key.parser.TestTermParserHeap" time="0.003"/>
  <testcase name="testQueryBasic_8()" classname="de.uka.ilkd.key.parser.TestTermParserHeap" time="0.004"/>
  <testcase name="testQueryBasic_9()" classname="de.uka.ilkd.key.parser.TestTermParserHeap" time="0.001"/>
  <system-out><![CDATA[269873     INFO  Test worker     d.u.i.k.n.KeyIO           Parsing took 0 ms 
269873     INFO  Test worker     d.u.i.k.n.KeyIO           MODE: declarations took 0 ms 
269873     INFO  Test worker     d.u.i.k.n.KeyIO           Parsing took 0 ms 
269873     INFO  Test worker     d.u.i.k.n.KeyIO           MODE: declarations took 0 ms 
269873     INFO  Test worker     d.u.i.k.n.KeyIO           Parsing took 0 ms 
269873     INFO  Test worker     d.u.i.k.n.KeyIO           MODE: declarations took 0 ms 
269873     INFO  Test worker     d.u.i.k.n.KeyIO           Parsing took 0 ms 
269873     INFO  Test worker     d.u.i.k.n.KeyIO           MODE: declarations took 0 ms 
269873     INFO  Test worker     d.u.i.k.n.KeyIO           Parsing took 0 ms 
269873     INFO  Test worker     d.u.i.k.n.KeyIO           MODE: declarations took 0 ms 
272468     INFO  Test worker     d.u.i.k.n.KeyIO           Parsing took 0 ms 
272468     INFO  Test worker     d.u.i.k.n.KeyIO           MODE: declarations took 0 ms 
272468     INFO  Test worker     d.u.i.k.n.KeyIO           Parsing took 0 ms 
272468     INFO  Test worker     d.u.i.k.n.KeyIO           MODE: declarations took 0 ms 
272468     INFO  Test worker     d.u.i.k.n.KeyIO           Parsing took 0 ms 
272468     INFO  Test worker     d.u.i.k.n.KeyIO           MODE: declarations took 0 ms 
272468     INFO  Test worker     d.u.i.k.n.KeyIO           Parsing took 0 ms 
272468     INFO  Test worker     d.u.i.k.n.KeyIO           MODE: declarations took 0 ms 
272468     INFO  Test worker     d.u.i.k.n.KeyIO           Parsing took 0 ms 
272468     INFO  Test worker     d.u.i.k.n.KeyIO           MODE: declarations took 0 ms 
275047     INFO  Test worker     d.u.i.k.n.KeyIO           Parsing took 0 ms 
275047     INFO  Test worker     d.u.i.k.n.KeyIO           MODE: declarations took 0 ms 
275047     INFO  Test worker     d.u.i.k.n.KeyIO           Parsing took 0 ms 
275047     INFO  Test worker     d.u.i.k.n.KeyIO           MODE: declarations took 0 ms 
275047     INFO  Test worker     d.u.i.k.n.KeyIO           Parsing took 0 ms 
275047     INFO  Test worker     d.u.i.k.n.KeyIO           MODE: declarations took 0 ms 
275047     INFO  Test worker     d.u.i.k.n.KeyIO           Parsing took 0 ms 
275047     INFO  Test worker     d.u.i.k.n.KeyIO           MODE: declarations took 0 ms 
275047     INFO  Test worker     d.u.i.k.n.KeyIO           Parsing took 0 ms 
275047     INFO  Test worker     d.u.i.k.n.KeyIO           MODE: declarations took 0 ms 
275047     INFO  Test worker     d.u.i.k.n.KeyIO           Parsing took 0 ms 
275047     INFO  Test worker     d.u.i.k.n.KeyIO           MODE: declarations took 0 ms 
277627     INFO  Test worker     d.u.i.k.n.KeyIO           Parsing took 0 ms 
277627     INFO  Test worker     d.u.i.k.n.KeyIO           MODE: declarations took 0 ms 
277627     INFO  Test worker     d.u.i.k.n.KeyIO           Parsing took 0 ms 
277627     INFO  Test worker     d.u.i.k.n.KeyIO           MODE: declarations took 0 ms 
277627     INFO  Test worker     d.u.i.k.n.KeyIO           Parsing took 0 ms 
277627     INFO  Test worker     d.u.i.k.n.KeyIO           MODE: declarations took 0 ms 
277627     INFO  Test worker     d.u.i.k.n.KeyIO           Parsing took 0 ms 
277627     INFO  Test worker     d.u.i.k.n.KeyIO           MODE: declarations took 0 ms 
277627     INFO  Test worker     d.u.i.k.n.KeyIO           Parsing took 0 ms 
277627     INFO  Test worker     d.u.i.k.n.KeyIO           MODE: declarations took 0 ms 
280175     INFO  Test worker     d.u.i.k.n.KeyIO           Parsing took 0 ms 
280175     INFO  Test worker     d.u.i.k.n.KeyIO           MODE: declarations took 0 ms 
280175     INFO  Test worker     d.u.i.k.n.KeyIO           Parsing took 0 ms 
280175     INFO  Test worker     d.u.i.k.n.KeyIO           MODE: declarations took 0 ms 
280175     INFO  Test worker     d.u.i.k.n.KeyIO           Parsing took 0 ms 
280175     INFO  Test worker     d.u.i.k.n.KeyIO           MODE: declarations took 0 ms 
280175     INFO  Test worker     d.u.i.k.n.KeyIO           Parsing took 0 ms 
280175     INFO  Test worker     d.u.i.k.n.KeyIO           MODE: declarations took 0 ms 
280175     INFO  Test worker     d.u.i.k.n.KeyIO           Parsing took 0 ms 
280175     INFO  Test worker     d.u.i.k.n.KeyIO           MODE: declarations took 0 ms 
282709     INFO  Test worker     d.u.i.k.n.KeyIO           Parsing took 0 ms 
282709     INFO  Test worker     d.u.i.k.n.KeyIO           MODE: declarations took 0 ms 
282709     INFO  Test worker     d.u.i.k.n.KeyIO           Parsing took 0 ms 
282709     INFO  Test worker     d.u.i.k.n.KeyIO           MODE: declarations took 0 ms 
282709     INFO  Test worker     d.u.i.k.n.KeyIO           Parsing took 0 ms 
282709     INFO  Test worker     d.u.i.k.n.KeyIO           MODE: declarations took 0 ms 
282709     INFO  Test worker     d.u.i.k.n.KeyIO           Parsing took 0 ms 
282725     INFO  Test worker     d.u.i.k.n.KeyIO           MODE: declarations took 0 ms 
282725     INFO  Test worker     d.u.i.k.n.KeyIO           Parsing took 0 ms 
282725     INFO  Test worker     d.u.i.k.n.KeyIO           MODE: declarations took 0 ms 
285304     INFO  Test worker     d.u.i.k.n.KeyIO           Parsing took 0 ms 
285304     INFO  Test worker     d.u.i.k.n.KeyIO           MODE: declarations took 0 ms 
285304     INFO  Test worker     d.u.i.k.n.KeyIO           Parsing took 0 ms 
285304     INFO  Test worker     d.u.i.k.n.KeyIO           MODE: declarations took 0 ms 
285304     INFO  Test worker     d.u.i.k.n.KeyIO           Parsing took 0 ms 
285304     INFO  Test worker     d.u.i.k.n.KeyIO           MODE: declarations took 0 ms 
285304     INFO  Test worker     d.u.i.k.n.KeyIO           Parsing took 0 ms 
285304     INFO  Test worker     d.u.i.k.n.KeyIO           MODE: declarations took 0 ms 
285304     INFO  Test worker     d.u.i.k.n.KeyIO           Parsing took 0 ms 
285304     INFO  Test worker     d.u.i.k.n.KeyIO           MODE: declarations took 0 ms 
287806     INFO  Test worker     d.u.i.k.n.KeyIO           Parsing took 0 ms 
287806     INFO  Test worker     d.u.i.k.n.KeyIO           MODE: declarations took 0 ms 
287806     INFO  Test worker     d.u.i.k.n.KeyIO           Parsing took 0 ms 
287806     INFO  Test worker     d.u.i.k.n.KeyIO           MODE: declarations took 0 ms 
287806     INFO  Test worker     d.u.i.k.n.KeyIO           Parsing took 0 ms 
287806     INFO  Test worker     d.u.i.k.n.KeyIO           MODE: declarations took 0 ms 
287806     INFO  Test worker     d.u.i.k.n.KeyIO           Parsing took 0 ms 
287821     INFO  Test worker     d.u.i.k.n.KeyIO           MODE: declarations took 15 ms 
287821     INFO  Test worker     d.u.i.k.n.KeyIO           Parsing took 0 ms 
287821     INFO  Test worker     d.u.i.k.n.KeyIO           MODE: declarations took 0 ms 
290322     INFO  Test worker     d.u.i.k.n.KeyIO           Parsing took 0 ms 
290322     INFO  Test worker     d.u.i.k.n.KeyIO           MODE: declarations took 0 ms 
290322     INFO  Test worker     d.u.i.k.n.KeyIO           Parsing took 0 ms 
290322     INFO  Test worker     d.u.i.k.n.KeyIO           MODE: declarations took 0 ms 
290322     INFO  Test worker     d.u.i.k.n.KeyIO           Parsing took 0 ms 
290322     INFO  Test worker     d.u.i.k.n.KeyIO           MODE: declarations took 0 ms 
290322     INFO  Test worker     d.u.i.k.n.KeyIO           Parsing took 0 ms 
290322     INFO  Test worker     d.u.i.k.n.KeyIO           MODE: declarations took 0 ms 
290322     INFO  Test worker     d.u.i.k.n.KeyIO           Parsing took 0 ms 
290322     INFO  Test worker     d.u.i.k.n.KeyIO           MODE: declarations took 0 ms 
292839     INFO  Test worker     d.u.i.k.n.KeyIO           Parsing took 0 ms 
292839     INFO  Test worker     d.u.i.k.n.KeyIO           MODE: declarations took 0 ms 
292839     INFO  Test worker     d.u.i.k.n.KeyIO           Parsing took 0 ms 
292839     INFO  Test worker     d.u.i.k.n.KeyIO           MODE: declarations took 0 ms 
292839     INFO  Test worker     d.u.i.k.n.KeyIO           Parsing took 0 ms 
292839     INFO  Test worker     d.u.i.k.n.KeyIO           MODE: declarations took 0 ms 
292839     INFO  Test worker     d.u.i.k.n.KeyIO           Parsing took 0 ms 
292839     INFO  Test worker     d.u.i.k.n.KeyIO           MODE: declarations took 0 ms 
292839     INFO  Test worker     d.u.i.k.n.KeyIO           Parsing took 0 ms 
292839     INFO  Test worker     d.u.i.k.n.KeyIO           MODE: declarations took 0 ms 
295341     INFO  Test worker     d.u.i.k.n.KeyIO           Parsing took 0 ms 
295341     INFO  Test worker     d.u.i.k.n.KeyIO           MODE: declarations took 0 ms 
295341     INFO  Test worker     d.u.i.k.n.KeyIO           Parsing took 0 ms 
295341     INFO  Test worker     d.u.i.k.n.KeyIO           MODE: declarations took 0 ms 
295341     INFO  Test worker     d.u.i.k.n.KeyIO           Parsing took 0 ms 
295341     INFO  Test worker     d.u.i.k.n.KeyIO           MODE: declarations took 0 ms 
295341     INFO  Test worker     d.u.i.k.n.KeyIO           Parsing took 0 ms 
295341     INFO  Test worker     d.u.i.k.n.KeyIO           MODE: declarations took 0 ms 
295341     INFO  Test worker     d.u.i.k.n.KeyIO           Parsing took 0 ms 
295341     INFO  Test worker     d.u.i.k.n.KeyIO           MODE: declarations took 0 ms 
297842     INFO  Test worker     d.u.i.k.n.KeyIO           Parsing took 0 ms 
297842     INFO  Test worker     d.u.i.k.n.KeyIO           MODE: declarations took 0 ms 
297842     INFO  Test worker     d.u.i.k.n.KeyIO           Parsing took 0 ms 
297842     INFO  Test worker     d.u.i.k.n.KeyIO           MODE: declarations took 0 ms 
297842     INFO  Test worker     d.u.i.k.n.KeyIO           Parsing took 0 ms 
297842     INFO  Test worker     d.u.i.k.n.KeyIO           MODE: declarations took 0 ms 
297842     INFO  Test worker     d.u.i.k.n.KeyIO           Parsing took 0 ms 
297842     INFO  Test worker     d.u.i.k.n.KeyIO           MODE: declarations took 0 ms 
297842     INFO  Test worker     d.u.i.k.n.KeyIO           Parsing took 0 ms 
297842     INFO  Test worker     d.u.i.k.n.KeyIO           MODE: declarations took 0 ms 
300343     INFO  Test worker     d.u.i.k.n.KeyIO           Parsing took 0 ms 
300343     INFO  Test worker     d.u.i.k.n.KeyIO           MODE: declarations took 0 ms 
300343     INFO  Test worker     d.u.i.k.n.KeyIO           Parsing took 0 ms 
300343     INFO  Test worker     d.u.i.k.n.KeyIO           MODE: declarations took 0 ms 
300343     INFO  Test worker     d.u.i.k.n.KeyIO           Parsing took 0 ms 
300343     INFO  Test worker     d.u.i.k.n.KeyIO           MODE: declarations took 0 ms 
300343     INFO  Test worker     d.u.i.k.n.KeyIO           Parsing took 0 ms 
300343     INFO  Test worker     d.u.i.k.n.KeyIO           MODE: declarations took 0 ms 
300343     INFO  Test worker     d.u.i.k.n.KeyIO           Parsing took 0 ms 
300343     INFO  Test worker     d.u.i.k.n.KeyIO           MODE: declarations took 0 ms 
302828     INFO  Test worker     d.u.i.k.n.KeyIO           Parsing took 0 ms 
302828     INFO  Test worker     d.u.i.k.n.KeyIO           MODE: declarations took 0 ms 
302844     INFO  Test worker     d.u.i.k.n.KeyIO           Parsing took 0 ms 
302844     INFO  Test worker     d.u.i.k.n.KeyIO           MODE: declarations took 0 ms 
302844     INFO  Test worker     d.u.i.k.n.KeyIO           Parsing took 0 ms 
302844     INFO  Test worker     d.u.i.k.n.KeyIO           MODE: declarations took 0 ms 
302844     INFO  Test worker     d.u.i.k.n.KeyIO           Parsing took 0 ms 
302844     INFO  Test worker     d.u.i.k.n.KeyIO           MODE: declarations took 0 ms 
302844     INFO  Test worker     d.u.i.k.n.KeyIO           Parsing took 0 ms 
302844     INFO  Test worker     d.u.i.k.n.KeyIO           MODE: declarations took 0 ms 
305362     INFO  Test worker     d.u.i.k.n.KeyIO           Parsing took 0 ms 
305362     INFO  Test worker     d.u.i.k.n.KeyIO           MODE: declarations took 0 ms 
305362     INFO  Test worker     d.u.i.k.n.KeyIO           Parsing took 0 ms 
305362     INFO  Test worker     d.u.i.k.n.KeyIO           MODE: declarations took 0 ms 
305362     INFO  Test worker     d.u.i.k.n.KeyIO           Parsing took 0 ms 
305362     INFO  Test worker     d.u.i.k.n.KeyIO           MODE: declarations took 0 ms 
305362     INFO  Test worker     d.u.i.k.n.KeyIO           Parsing took 0 ms 
305362     INFO  Test worker     d.u.i.k.n.KeyIO           MODE: declarations took 0 ms 
305362     INFO  Test worker     d.u.i.k.n.KeyIO           Parsing took 0 ms 
305362     INFO  Test worker     d.u.i.k.n.KeyIO           MODE: declarations took 0 ms 
305362     WARN  Test worker     d.u.i.k.n.KeYParser       [syntax-error] <unknown>:1:11: mismatched input '@' expecting {'/', ':=', '.', '(', ')', '{', '[', '@', PARALLEL, OR, AND, IMP, '=', NOT_EQUALS, '%', '*', '-', '+', '>', GREATEREQUAL, '<', LESSEQUAL, LGUILLEMETS, EQV} [@11,11:11='@',<153>,1:11] (termEOF) 
307879     INFO  Test worker     d.u.i.k.n.KeyIO           Parsing took 0 ms 
307879     INFO  Test worker     d.u.i.k.n.KeyIO           MODE: declarations took 0 ms 
307879     INFO  Test worker     d.u.i.k.n.KeyIO           Parsing took 0 ms 
307879     INFO  Test worker     d.u.i.k.n.KeyIO           MODE: declarations took 0 ms 
307879     INFO  Test worker     d.u.i.k.n.KeyIO           Parsing took 0 ms 
307879     INFO  Test worker     d.u.i.k.n.KeyIO           MODE: declarations took 0 ms 
307879     INFO  Test worker     d.u.i.k.n.KeyIO           Parsing took 0 ms 
307879     INFO  Test worker     d.u.i.k.n.KeyIO           MODE: declarations took 0 ms 
307879     INFO  Test worker     d.u.i.k.n.KeyIO           Parsing took 0 ms 
307879     INFO  Test worker     d.u.i.k.n.KeyIO           MODE: declarations took 0 ms 
310380     INFO  Test worker     d.u.i.k.n.KeyIO           Parsing took 0 ms 
310380     INFO  Test worker     d.u.i.k.n.KeyIO           MODE: declarations took 0 ms 
310380     INFO  Test worker     d.u.i.k.n.KeyIO           Parsing took 0 ms 
310380     INFO  Test worker     d.u.i.k.n.KeyIO           MODE: declarations took 0 ms 
310380     INFO  Test worker     d.u.i.k.n.KeyIO           Parsing took 0 ms 
310380     INFO  Test worker     d.u.i.k.n.KeyIO           MODE: declarations took 0 ms 
310380     INFO  Test worker     d.u.i.k.n.KeyIO           Parsing took 0 ms 
310380     INFO  Test worker     d.u.i.k.n.KeyIO           MODE: declarations took 0 ms 
310380     INFO  Test worker     d.u.i.k.n.KeyIO           Parsing took 0 ms 
310380     INFO  Test worker     d.u.i.k.n.KeyIO           MODE: declarations took 0 ms 
312881     INFO  Test worker     d.u.i.k.n.KeyIO           Parsing took 0 ms 
312881     INFO  Test worker     d.u.i.k.n.KeyIO           MODE: declarations took 0 ms 
312881     INFO  Test worker     d.u.i.k.n.KeyIO           Parsing took 0 ms 
312881     INFO  Test worker     d.u.i.k.n.KeyIO           MODE: declarations took 0 ms 
312881     INFO  Test worker     d.u.i.k.n.KeyIO           Parsing took 0 ms 
312881     INFO  Test worker     d.u.i.k.n.KeyIO           MODE: declarations took 0 ms 
312881     INFO  Test worker     d.u.i.k.n.KeyIO           Parsing took 0 ms 
312881     INFO  Test worker     d.u.i.k.n.KeyIO           MODE: declarations took 0 ms 
312881     INFO  Test worker     d.u.i.k.n.KeyIO           Parsing took 0 ms 
312881     INFO  Test worker     d.u.i.k.n.KeyIO           MODE: declarations took 0 ms 
315383     INFO  Test worker     d.u.i.k.n.KeyIO           Parsing took 0 ms 
315383     INFO  Test worker     d.u.i.k.n.KeyIO           MODE: declarations took 0 ms 
315383     INFO  Test worker     d.u.i.k.n.KeyIO           Parsing took 0 ms 
315383     INFO  Test worker     d.u.i.k.n.KeyIO           MODE: declarations took 0 ms 
315383     INFO  Test worker     d.u.i.k.n.KeyIO           Parsing took 0 ms 
315383     INFO  Test worker     d.u.i.k.n.KeyIO           MODE: declarations took 0 ms 
315383     INFO  Test worker     d.u.i.k.n.KeyIO           Parsing took 0 ms 
315383     INFO  Test worker     d.u.i.k.n.KeyIO           MODE: declarations took 0 ms 
315383     INFO  Test worker     d.u.i.k.n.KeyIO           Parsing took 0 ms 
315383     INFO  Test worker     d.u.i.k.n.KeyIO           MODE: declarations took 0 ms 
317900     INFO  Test worker     d.u.i.k.n.KeyIO           Parsing took 0 ms 
317900     INFO  Test worker     d.u.i.k.n.KeyIO           MODE: declarations took 0 ms 
317900     INFO  Test worker     d.u.i.k.n.KeyIO           Parsing took 0 ms 
317900     INFO  Test worker     d.u.i.k.n.KeyIO           MODE: declarations took 0 ms 
317900     INFO  Test worker     d.u.i.k.n.KeyIO           Parsing took 0 ms 
317900     INFO  Test worker     d.u.i.k.n.KeyIO           MODE: declarations took 0 ms 
317900     INFO  Test worker     d.u.i.k.n.KeyIO           Parsing took 0 ms 
317900     INFO  Test worker     d.u.i.k.n.KeyIO           MODE: declarations took 0 ms 
317900     INFO  Test worker     d.u.i.k.n.KeyIO           Parsing took 0 ms 
317900     INFO  Test worker     d.u.i.k.n.KeyIO           MODE: declarations took 0 ms 
320385     INFO  Test worker     d.u.i.k.n.KeyIO           Parsing took 0 ms 
320385     INFO  Test worker     d.u.i.k.n.KeyIO           MODE: declarations took 0 ms 
320385     INFO  Test worker     d.u.i.k.n.KeyIO           Parsing took 0 ms 
320385     INFO  Test worker     d.u.i.k.n.KeyIO           MODE: declarations took 0 ms 
320385     INFO  Test worker     d.u.i.k.n.KeyIO           Parsing took 0 ms 
320385     INFO  Test worker     d.u.i.k.n.KeyIO           MODE: declarations took 0 ms 
320385     INFO  Test worker     d.u.i.k.n.KeyIO           Parsing took 0 ms 
320385     INFO  Test worker     d.u.i.k.n.KeyIO           MODE: declarations took 0 ms 
320385     INFO  Test worker     d.u.i.k.n.KeyIO           Parsing took 0 ms 
320385     INFO  Test worker     d.u.i.k.n.KeyIO           MODE: declarations took 0 ms 
322918     INFO  Test worker     d.u.i.k.n.KeyIO           Parsing took 0 ms 
322918     INFO  Test worker     d.u.i.k.n.KeyIO           MODE: declarations took 0 ms 
322918     INFO  Test worker     d.u.i.k.n.KeyIO           Parsing took 0 ms 
322918     INFO  Test worker     d.u.i.k.n.KeyIO           MODE: declarations took 0 ms 
322918     INFO  Test worker     d.u.i.k.n.KeyIO           Parsing took 0 ms 
322918     INFO  Test worker     d.u.i.k.n.KeyIO           MODE: declarations took 0 ms 
322918     INFO  Test worker     d.u.i.k.n.KeyIO           Parsing took 0 ms 
322918     INFO  Test worker     d.u.i.k.n.KeyIO           MODE: declarations took 0 ms 
322918     INFO  Test worker     d.u.i.k.n.KeyIO           Parsing took 0 ms 
322918     INFO  Test worker     d.u.i.k.n.KeyIO           MODE: declarations took 0 ms 
325420     INFO  Test worker     d.u.i.k.n.KeyIO           Parsing took 0 ms 
325420     INFO  Test worker     d.u.i.k.n.KeyIO           MODE: declarations took 0 ms 
325420     INFO  Test worker     d.u.i.k.n.KeyIO           Parsing took 0 ms 
325420     INFO  Test worker     d.u.i.k.n.KeyIO           MODE: declarations took 0 ms 
325420     INFO  Test worker     d.u.i.k.n.KeyIO           Parsing took 0 ms 
325420     INFO  Test worker     d.u.i.k.n.KeyIO           MODE: declarations took 0 ms 
325420     INFO  Test worker     d.u.i.k.n.KeyIO           Parsing took 0 ms 
325420     INFO  Test worker     d.u.i.k.n.KeyIO           MODE: declarations took 0 ms 
325420     INFO  Test worker     d.u.i.k.n.KeyIO           Parsing took 0 ms 
325420     INFO  Test worker     d.u.i.k.n.KeyIO           MODE: declarations took 0 ms 
327921     INFO  Test worker     d.u.i.k.n.KeyIO           Parsing took 0 ms 
327921     INFO  Test worker     d.u.i.k.n.KeyIO           MODE: declarations took 0 ms 
327921     INFO  Test worker     d.u.i.k.n.KeyIO           Parsing took 0 ms 
327921     INFO  Test worker     d.u.i.k.n.KeyIO           MODE: declarations took 0 ms 
327921     INFO  Test worker     d.u.i.k.n.KeyIO           Parsing took 0 ms 
327921     INFO  Test worker     d.u.i.k.n.KeyIO           MODE: declarations took 0 ms 
327921     INFO  Test worker     d.u.i.k.n.KeyIO           Parsing took 0 ms 
327921     INFO  Test worker     d.u.i.k.n.KeyIO           MODE: declarations took 0 ms 
327921     INFO  Test worker     d.u.i.k.n.KeyIO           Parsing took 0 ms 
327921     INFO  Test worker     d.u.i.k.n.KeyIO           MODE: declarations took 0 ms 
330406     INFO  Test worker     d.u.i.k.n.KeyIO           Parsing took 0 ms 
330406     INFO  Test worker     d.u.i.k.n.KeyIO           MODE: declarations took 0 ms 
330406     INFO  Test worker     d.u.i.k.n.KeyIO           Parsing took 0 ms 
330406     INFO  Test worker     d.u.i.k.n.KeyIO           MODE: declarations took 0 ms 
330406     INFO  Test worker     d.u.i.k.n.KeyIO           Parsing took 0 ms 
330406     INFO  Test worker     d.u.i.k.n.KeyIO           MODE: declarations took 0 ms 
330406     INFO  Test worker     d.u.i.k.n.KeyIO           Parsing took 0 ms 
330406     INFO  Test worker     d.u.i.k.n.KeyIO           MODE: declarations took 0 ms 
330406     INFO  Test worker     d.u.i.k.n.KeyIO           Parsing took 0 ms 
330406     INFO  Test worker     d.u.i.k.n.KeyIO           MODE: declarations took 0 ms 
332907     INFO  Test worker     d.u.i.k.n.KeyIO           Parsing took 0 ms 
332907     INFO  Test worker     d.u.i.k.n.KeyIO           MODE: declarations took 0 ms 
332907     INFO  Test worker     d.u.i.k.n.KeyIO           Parsing took 0 ms 
332907     INFO  Test worker     d.u.i.k.n.KeyIO           MODE: declarations took 0 ms 
332907     INFO  Test worker     d.u.i.k.n.KeyIO           Parsing took 0 ms 
332907     INFO  Test worker     d.u.i.k.n.KeyIO           MODE: declarations took 0 ms 
332907     INFO  Test worker     d.u.i.k.n.KeyIO           Parsing took 0 ms 
332907     INFO  Test worker     d.u.i.k.n.KeyIO           MODE: declarations took 0 ms 
332907     INFO  Test worker     d.u.i.k.n.KeyIO           Parsing took 0 ms 
332907     INFO  Test worker     d.u.i.k.n.KeyIO           MODE: declarations took 0 ms 
335441     INFO  Test worker     d.u.i.k.n.KeyIO           Parsing took 0 ms 
335441     INFO  Test worker     d.u.i.k.n.KeyIO           MODE: declarations took 0 ms 
335441     INFO  Test worker     d.u.i.k.n.KeyIO           Parsing took 0 ms 
335441     INFO  Test worker     d.u.i.k.n.KeyIO           MODE: declarations took 0 ms 
335441     INFO  Test worker     d.u.i.k.n.KeyIO           Parsing took 0 ms 
335441     INFO  Test worker     d.u.i.k.n.KeyIO           MODE: declarations took 0 ms 
335441     INFO  Test worker     d.u.i.k.n.KeyIO           Parsing took 0 ms 
335441     INFO  Test worker     d.u.i.k.n.KeyIO           MODE: declarations took 0 ms 
335441     INFO  Test worker     d.u.i.k.n.KeyIO           Parsing took 0 ms 
335441     INFO  Test worker     d.u.i.k.n.KeyIO           MODE: declarations took 0 ms 
337912     INFO  Test worker     d.u.i.k.n.KeyIO           Parsing took 0 ms 
337927     INFO  Test worker     d.u.i.k.n.KeyIO           MODE: declarations took 15 ms 
337927     INFO  Test worker     d.u.i.k.n.KeyIO           Parsing took 0 ms 
337927     INFO  Test worker     d.u.i.k.n.KeyIO           MODE: declarations took 0 ms 
337927     INFO  Test worker     d.u.i.k.n.KeyIO           Parsing took 0 ms 
337927     INFO  Test worker     d.u.i.k.n.KeyIO           MODE: declarations took 0 ms 
337927     INFO  Test worker     d.u.i.k.n.KeyIO           Parsing took 0 ms 
337927     INFO  Test worker     d.u.i.k.n.KeyIO           MODE: declarations took 0 ms 
337927     INFO  Test worker     d.u.i.k.n.KeyIO           Parsing took 0 ms 
337927     INFO  Test worker     d.u.i.k.n.KeyIO           MODE: declarations took 0 ms 
340429     INFO  Test worker     d.u.i.k.n.KeyIO           Parsing took 0 ms 
340429     INFO  Test worker     d.u.i.k.n.KeyIO           MODE: declarations took 0 ms 
340429     INFO  Test worker     d.u.i.k.n.KeyIO           Parsing took 0 ms 
340429     INFO  Test worker     d.u.i.k.n.KeyIO           MODE: declarations took 0 ms 
340429     INFO  Test worker     d.u.i.k.n.KeyIO           Parsing took 0 ms 
340429     INFO  Test worker     d.u.i.k.n.KeyIO           MODE: declarations took 0 ms 
340429     INFO  Test worker     d.u.i.k.n.KeyIO           Parsing took 0 ms 
340429     INFO  Test worker     d.u.i.k.n.KeyIO           MODE: declarations took 0 ms 
340429     INFO  Test worker     d.u.i.k.n.KeyIO           Parsing took 0 ms 
340429     INFO  Test worker     d.u.i.k.n.KeyIO           MODE: declarations took 0 ms 
342915     INFO  Test worker     d.u.i.k.n.KeyIO           Parsing took 0 ms 
342915     INFO  Test worker     d.u.i.k.n.KeyIO           MODE: declarations took 0 ms 
342915     INFO  Test worker     d.u.i.k.n.KeyIO           Parsing took 0 ms 
342915     INFO  Test worker     d.u.i.k.n.KeyIO           MODE: declarations took 0 ms 
342915     INFO  Test worker     d.u.i.k.n.KeyIO           Parsing took 0 ms 
342915     INFO  Test worker     d.u.i.k.n.KeyIO           MODE: declarations took 0 ms 
342915     INFO  Test worker     d.u.i.k.n.KeyIO           Parsing took 0 ms 
342915     INFO  Test worker     d.u.i.k.n.KeyIO           MODE: declarations took 0 ms 
342915     INFO  Test worker     d.u.i.k.n.KeyIO           Parsing took 0 ms 
342915     INFO  Test worker     d.u.i.k.n.KeyIO           MODE: declarations took 0 ms 
345417     INFO  Test worker     d.u.i.k.n.KeyIO           Parsing took 0 ms 
345417     INFO  Test worker     d.u.i.k.n.KeyIO           MODE: declarations took 0 ms 
345417     INFO  Test worker     d.u.i.k.n.KeyIO           Parsing took 0 ms 
345417     INFO  Test worker     d.u.i.k.n.KeyIO           MODE: declarations took 0 ms 
345417     INFO  Test worker     d.u.i.k.n.KeyIO           Parsing took 0 ms 
345417     INFO  Test worker     d.u.i.k.n.KeyIO           MODE: declarations took 0 ms 
345417     INFO  Test worker     d.u.i.k.n.KeyIO           Parsing took 0 ms 
345417     INFO  Test worker     d.u.i.k.n.KeyIO           MODE: declarations took 0 ms 
345417     INFO  Test worker     d.u.i.k.n.KeyIO           Parsing took 0 ms 
345417     INFO  Test worker     d.u.i.k.n.KeyIO           MODE: declarations took 0 ms 
347934     INFO  Test worker     d.u.i.k.n.KeyIO           Parsing took 0 ms 
347934     INFO  Test worker     d.u.i.k.n.KeyIO           MODE: declarations took 0 ms 
347934     INFO  Test worker     d.u.i.k.n.KeyIO           Parsing took 0 ms 
347934     INFO  Test worker     d.u.i.k.n.KeyIO           MODE: declarations took 0 ms 
347934     INFO  Test worker     d.u.i.k.n.KeyIO           Parsing took 0 ms 
347934     INFO  Test worker     d.u.i.k.n.KeyIO           MODE: declarations took 0 ms 
347934     INFO  Test worker     d.u.i.k.n.KeyIO           Parsing took 0 ms 
347934     INFO  Test worker     d.u.i.k.n.KeyIO           MODE: declarations took 0 ms 
347934     INFO  Test worker     d.u.i.k.n.KeyIO           Parsing took 0 ms 
347934     INFO  Test worker     d.u.i.k.n.KeyIO           MODE: declarations took 0 ms 
350436     INFO  Test worker     d.u.i.k.n.KeyIO           Parsing took 0 ms 
350436     INFO  Test worker     d.u.i.k.n.KeyIO           MODE: declarations took 0 ms 
350436     INFO  Test worker     d.u.i.k.n.KeyIO           Parsing took 0 ms 
350451     INFO  Test worker     d.u.i.k.n.KeyIO           MODE: declarations took 15 ms 
350451     INFO  Test worker     d.u.i.k.n.KeyIO           Parsing took 0 ms 
350451     INFO  Test worker     d.u.i.k.n.KeyIO           MODE: declarations took 0 ms 
350451     INFO  Test worker     d.u.i.k.n.KeyIO           Parsing took 0 ms 
350451     INFO  Test worker     d.u.i.k.n.KeyIO           MODE: declarations took 0 ms 
350451     INFO  Test worker     d.u.i.k.n.KeyIO           Parsing took 0 ms 
350451     INFO  Test worker     d.u.i.k.n.KeyIO           MODE: declarations took 0 ms 
352937     INFO  Test worker     d.u.i.k.n.KeyIO           Parsing took 0 ms 
352937     INFO  Test worker     d.u.i.k.n.KeyIO           MODE: declarations took 0 ms 
352937     INFO  Test worker     d.u.i.k.n.KeyIO           Parsing took 0 ms 
352937     INFO  Test worker     d.u.i.k.n.KeyIO           MODE: declarations took 0 ms 
352937     INFO  Test worker     d.u.i.k.n.KeyIO           Parsing took 0 ms 
352937     INFO  Test worker     d.u.i.k.n.KeyIO           MODE: declarations took 0 ms 
352937     INFO  Test worker     d.u.i.k.n.KeyIO           Parsing took 0 ms 
352937     INFO  Test worker     d.u.i.k.n.KeyIO           MODE: declarations took 0 ms 
352937     INFO  Test worker     d.u.i.k.n.KeyIO           Parsing took 0 ms 
352937     INFO  Test worker     d.u.i.k.n.KeyIO           MODE: declarations took 0 ms 
355422     INFO  Test worker     d.u.i.k.n.KeyIO           Parsing took 0 ms 
355422     INFO  Test worker     d.u.i.k.n.KeyIO           MODE: declarations took 0 ms 
355422     INFO  Test worker     d.u.i.k.n.KeyIO           Parsing took 0 ms 
355422     INFO  Test worker     d.u.i.k.n.KeyIO           MODE: declarations took 0 ms 
355422     INFO  Test worker     d.u.i.k.n.KeyIO           Parsing took 0 ms 
355422     INFO  Test worker     d.u.i.k.n.KeyIO           MODE: declarations took 0 ms 
355422     INFO  Test worker     d.u.i.k.n.KeyIO           Parsing took 0 ms 
355422     INFO  Test worker     d.u.i.k.n.KeyIO           MODE: declarations took 0 ms 
355422     INFO  Test worker     d.u.i.k.n.KeyIO           Parsing took 0 ms 
355422     INFO  Test worker     d.u.i.k.n.KeyIO           MODE: declarations took 0 ms 
357939     INFO  Test worker     d.u.i.k.n.KeyIO           Parsing took 0 ms 
357939     INFO  Test worker     d.u.i.k.n.KeyIO           MODE: declarations took 0 ms 
357939     INFO  Test worker     d.u.i.k.n.KeyIO           Parsing took 0 ms 
357939     INFO  Test worker     d.u.i.k.n.KeyIO           MODE: declarations took 0 ms 
357939     INFO  Test worker     d.u.i.k.n.KeyIO           Parsing took 0 ms 
357939     INFO  Test worker     d.u.i.k.n.KeyIO           MODE: declarations took 0 ms 
357939     INFO  Test worker     d.u.i.k.n.KeyIO           Parsing took 0 ms 
357939     INFO  Test worker     d.u.i.k.n.KeyIO           MODE: declarations took 0 ms 
357939     INFO  Test worker     d.u.i.k.n.KeyIO           Parsing took 0 ms 
357939     INFO  Test worker     d.u.i.k.n.KeyIO           MODE: declarations took 0 ms 
360425     INFO  Test worker     d.u.i.k.n.KeyIO           Parsing took 0 ms 
360425     INFO  Test worker     d.u.i.k.n.KeyIO           MODE: declarations took 0 ms 
360425     INFO  Test worker     d.u.i.k.n.KeyIO           Parsing took 0 ms 
360425     INFO  Test worker     d.u.i.k.n.KeyIO           MODE: declarations took 0 ms 
360425     INFO  Test worker     d.u.i.k.n.KeyIO           Parsing took 0 ms 
360425     INFO  Test worker     d.u.i.k.n.KeyIO           MODE: declarations took 0 ms 
360425     INFO  Test worker     d.u.i.k.n.KeyIO           Parsing took 0 ms 
360425     INFO  Test worker     d.u.i.k.n.KeyIO           MODE: declarations took 0 ms 
360425     INFO  Test worker     d.u.i.k.n.KeyIO           Parsing took 0 ms 
360425     INFO  Test worker     d.u.i.k.n.KeyIO           MODE: declarations took 0 ms 
362927     INFO  Test worker     d.u.i.k.n.KeyIO           Parsing took 0 ms 
362927     INFO  Test worker     d.u.i.k.n.KeyIO           MODE: declarations took 0 ms 
362927     INFO  Test worker     d.u.i.k.n.KeyIO           Parsing took 0 ms 
362927     INFO  Test worker     d.u.i.k.n.KeyIO           MODE: declarations took 0 ms 
362927     INFO  Test worker     d.u.i.k.n.KeyIO           Parsing took 0 ms 
362927     INFO  Test worker     d.u.i.k.n.KeyIO           MODE: declarations took 0 ms 
362927     INFO  Test worker     d.u.i.k.n.KeyIO           Parsing took 0 ms 
362927     INFO  Test worker     d.u.i.k.n.KeyIO           MODE: declarations took 0 ms 
362927     INFO  Test worker     d.u.i.k.n.KeyIO           Parsing took 0 ms 
362927     INFO  Test worker     d.u.i.k.n.KeyIO           MODE: declarations took 0 ms 
365443     INFO  Test worker     d.u.i.k.n.KeyIO           Parsing took 0 ms 
365443     INFO  Test worker     d.u.i.k.n.KeyIO           MODE: declarations took 0 ms 
365443     INFO  Test worker     d.u.i.k.n.KeyIO           Parsing took 0 ms 
365443     INFO  Test worker     d.u.i.k.n.KeyIO           MODE: declarations took 0 ms 
365443     INFO  Test worker     d.u.i.k.n.KeyIO           Parsing took 0 ms 
365443     INFO  Test worker     d.u.i.k.n.KeyIO           MODE: declarations took 0 ms 
365443     INFO  Test worker     d.u.i.k.n.KeyIO           Parsing took 0 ms 
365443     INFO  Test worker     d.u.i.k.n.KeyIO           MODE: declarations took 0 ms 
365443     INFO  Test worker     d.u.i.k.n.KeyIO           Parsing took 0 ms 
365443     INFO  Test worker     d.u.i.k.n.KeyIO           MODE: declarations took 0 ms 
]]></system-out>
  <system-err><![CDATA[]]></system-err>
</testsuite>
