<?xml version="1.0" encoding="UTF-8"?>
<testsuite name="de.uka.ilkd.key.nparser.ParseLDTsTests" tests="2" skipped="0" failures="0" errors="0" timestamp="2023-04-17T08:29:53" hostname="fv-az252-497" time="0.816">
  <properties/>
  <testcase name="testLDT()" classname="de.uka.ilkd.key.nparser.ParseLDTsTests" time="0.029"/>
  <testcase name="testSR()" classname="de.uka.ilkd.key.nparser.ParseLDTsTests" time="0.787"/>
  <system-out><![CDATA[175649     INFO  Test worker     d.u.i.k.n.KeyIO           Parsing took 15 ms 
175649     INFO  Test worker     d.u.i.k.n.KeyIO           MODE: declarations took 0 ms 
175962     INFO  Test worker     d.u.i.k.n.KeyIO           Parsing took 297 ms 
175977     INFO  Test worker     d.u.i.k.n.KeyIO           MODE: declarations took 0 ms 
]]></system-out>
  <system-err><![CDATA[]]></system-err>
</testsuite>
