<?xml version="1.0" encoding="UTF-8"?>
<testsuite name="de.uka.ilkd.key.testcase.smt.testgen.TestTestgen" tests="1" skipped="0" failures="0" errors="0" timestamp="2023-04-18T14:53:48" hostname="fv-az1230-283" time="5.257">
  <properties/>
  <testcase name="testMiddle()" classname="de.uka.ilkd.key.testcase.smt.testgen.TestTestgen" time="5.257"/>
  <system-out><![CDATA[20494      WARN  Test worker     d.u.i.k.t.s.t.TestTestgen Warning: Z3_CE is not installed, tests skipped. 
20494      WARN  Test worker     d.u.i.k.t.s.t.TestTestgen Maybe use JVM system property "z3SolverPath" to define the path to the Z3 command. 
20494      INFO  Test worker     d.u.i.k.p.i.AbstractProblemLoader Loading environment from src\test\resources\testcase\smt\tg\middle.key 
20494      DEBUG Test worker     d.u.i.k.p.i.AbstractProblemLoader Environment load took 262.9ns 
20510      INFO  Test worker     d.u.i.k.p.i.AbstractProblemLoader Creating init config 
24853      DEBUG Test worker     d.u.i.k.p.i.AbstractProblemLoader Init config took 4.35s 
24978      INFO  Test worker     d.u.i.k.p.i.AbstractProblemLoader Replaying proof Middle[Middle::middle(int,int,int)].JML normal_behavior operation contract.0 
24994      DEBUG Test worker     d.u.i.k.p.i.IntermediateProofReplayer Proof replay took 19ns 
]]></system-out>
  <system-err><![CDATA[]]></system-err>
</testsuite>
