<?xml version="1.0" encoding="UTF-8"?>
<testsuite name="de.uka.ilkd.key.proof.TestTermTacletAppIndex" tests="2" skipped="0" failures="0" errors="0" timestamp="2023-04-26T11:32:19" hostname="fv-az456-472" time="0.006">
  <properties/>
  <testcase name="testIndex0()" classname="de.uka.ilkd.key.proof.TestTermTacletAppIndex" time="0.002"/>
  <testcase name="testIndex0WithCache()" classname="de.uka.ilkd.key.proof.TestTermTacletAppIndex" time="0.004"/>
  <system-out><![CDATA[]]></system-out>
  <system-err><![CDATA[]]></system-err>
</testsuite>
