<?xml version="1.0" encoding="UTF-8"?>
<testsuite name="de.uka.ilkd.key.proof.TestOneStepSimplifier" tests="1" skipped="0" failures="0" errors="0" timestamp="2023-04-26T11:32:13" hostname="fv-az456-472" time="4.797">
  <properties/>
  <testcase name="loadWithRestriction()" classname="de.uka.ilkd.key.proof.TestOneStepSimplifier" time="4.797"/>
  <system-out><![CDATA[493510     INFO  Test worker     d.u.i.k.p.i.AbstractProblemLoader Loading environment from src\test\resources\testcase\ossRestriction.proof 
493510     DEBUG Test worker     d.u.i.k.p.i.AbstractProblemLoader Environment load took 198.2ns 
493525     INFO  Test worker     d.u.i.k.p.i.AbstractProblemLoader Creating init config 
493697     DEBUG Test worker     d.u.i.k.j.TypeConverter   No LDT found for Meta 
493697     DEBUG Test worker     d.u.i.k.j.TypeConverter   No LDT found for Meta 
493697     DEBUG Test worker     d.u.i.k.j.TypeConverter   No LDT found for Meta 
493697     DEBUG Test worker     d.u.i.k.j.TypeConverter   No LDT found for Meta 
494401     DEBUG Test worker     d.u.i.k.j.TypeConverter   No LDT found for JavaBigintExpression 
498280     DEBUG Test worker     d.u.i.k.p.i.AbstractProblemLoader Init config took 4.76s 
498311     INFO  Test worker     d.u.i.k.p.i.AbstractProblemLoader Replaying proof ossRestriction.proof 
498311     DEBUG Test worker     d.u.i.k.p.i.IntermediateProofReplayer Proof replay took 1.01ms 
]]></system-out>
  <system-err><![CDATA[]]></system-err>
</testsuite>
