<?xml version="1.0" encoding="UTF-8"?>
<testsuite name="de.uka.ilkd.key.util.TestProofStarter" tests="2" skipped="0" failures="0" errors="0" timestamp="2023-04-26T11:39:43" hostname="fv-az456-472" time="67.077">
  <properties/>
  <testcase name="testDirectProofWithOneStepSimplification()" classname="de.uka.ilkd.key.util.TestProofStarter" time="35.491"/>
  <testcase name="testDirectProof()" classname="de.uka.ilkd.key.util.TestProofStarter" time="31.586"/>
  <system-out><![CDATA[943295     INFO  Test worker     d.u.i.k.p.i.AbstractProblemLoader Loading environment from src\test\resources\testcase\proofStarter\CC\project.key 
943295     DEBUG Test worker     d.u.i.k.p.i.AbstractProblemLoader Environment load took 174.5ns 
943295     INFO  Test worker     d.u.i.k.p.i.AbstractProblemLoader Creating init config 
943482     DEBUG Test worker     d.u.i.k.j.TypeConverter   No LDT found for Meta 
943482     DEBUG Test worker     d.u.i.k.j.TypeConverter   No LDT found for Meta 
943482     DEBUG Test worker     d.u.i.k.j.TypeConverter   No LDT found for Meta 
943482     DEBUG Test worker     d.u.i.k.j.TypeConverter   No LDT found for Meta 
944139     DEBUG Test worker     d.u.i.k.j.TypeConverter   No LDT found for JavaBigintExpression 
948363     DEBUG Test worker     d.u.i.k.p.i.AbstractProblemLoader Init config took 5.06s 
948442     INFO  Test worker     d.u.i.k.p.i.AbstractProblemLoader Replaying proof CC[CC::calcCoinIndex([I,[I)].JML normal_behavior operation contract.0 
948442     DEBUG Test worker     d.u.i.k.p.i.IntermediateProofReplayer Proof replay took 10.7ns 
978757     INFO  Test worker     d.u.i.k.p.i.AbstractProblemLoader Loading environment from src\test\resources\testcase\proofStarter\CC\project.key 
978757     DEBUG Test worker     d.u.i.k.p.i.AbstractProblemLoader Environment load took 241.6ns 
978773     INFO  Test worker     d.u.i.k.p.i.AbstractProblemLoader Creating init config 
982260     DEBUG Test worker     d.u.i.k.p.i.AbstractProblemLoader Init config took 3.49s 
982322     INFO  Test worker     d.u.i.k.p.i.AbstractProblemLoader Replaying proof CC[CC::calcCoinIndex([I,[I)].JML normal_behavior operation contract.0 
982322     DEBUG Test worker     d.u.i.k.p.i.IntermediateProofReplayer Proof replay took 20ns 
]]></system-out>
  <system-err><![CDATA[]]></system-err>
</testsuite>
