<?xml version="1.0" encoding="UTF-8"?>
<testsuite name="de.uka.ilkd.key.pp.PrettyPrinterTest" tests="1" skipped="0" failures="0" errors="0" timestamp="2023-04-26T11:32:13" hostname="fv-az456-472" time="0.0">
  <properties/>
  <testcase name="printLocationVariable()" classname="de.uka.ilkd.key.pp.PrettyPrinterTest" time="0.0"/>
  <system-out><![CDATA[]]></system-out>
  <system-err><![CDATA[]]></system-err>
</testsuite>
