<?xml version="1.0" encoding="UTF-8"?>
<testsuite name="de.uka.ilkd.key.util.TestNodePreorderIterator" tests="4" skipped="0" failures="0" errors="0" timestamp="2023-04-26T11:39:43" hostname="fv-az456-472" time="0.024">
  <properties/>
  <testcase name="testNodesThreeLevel()" classname="de.uka.ilkd.key.util.TestNodePreorderIterator" time="0.006"/>
  <testcase name="testEmptyRoot()" classname="de.uka.ilkd.key.util.TestNodePreorderIterator" time="0.004"/>
  <testcase name="testNodesTwoLevel()" classname="de.uka.ilkd.key.util.TestNodePreorderIterator" time="0.005"/>
  <testcase name="testNodesOneLevel()" classname="de.uka.ilkd.key.util.TestNodePreorderIterator" time="0.009"/>
  <system-out><![CDATA[]]></system-out>
  <system-err><![CDATA[]]></system-err>
</testsuite>
