<?xml version="1.0" encoding="UTF-8"?>
<testsuite name="de.uka.ilkd.key.parser.TestTermParserSorts" tests="2" skipped="0" failures="0" errors="0" timestamp="2023-04-26T11:32:09" hostname="fv-az456-472" time="3.367">
  <properties/>
  <testcase name="testParseIntegerArgs()" classname="de.uka.ilkd.key.parser.TestTermParserSorts" time="0.018"/>
  <testcase name="testParseSequencePrettySyntax()" classname="de.uka.ilkd.key.parser.TestTermParserSorts" time="0.004"/>
  <system-out><![CDATA[490100     INFO  Test worker     d.u.i.k.n.KeyIO           Parsing took 0 ms 
490100     DEBUG Test worker     d.u.i.k.n.KeyIO           Load declarations of de.uka.ilkd.key.nparser.KeyAst$File:  <unknown>:1#1 
490100     INFO  Test worker     d.u.i.k.n.KeyIO           MODE: declarations took 0 ms 
490100     DEBUG Test worker     d.u.i.k.n.KeyIO           MODE: 2nd degree decls took 0 
490100     INFO  Test worker     d.u.i.k.n.KeyIO           Parsing took 0 ms 
490100     DEBUG Test worker     d.u.i.k.n.KeyIO           Load declarations of de.uka.ilkd.key.nparser.KeyAst$File:  <unknown>:1#1 
490100     INFO  Test worker     d.u.i.k.n.KeyIO           MODE: declarations took 0 ms 
490100     DEBUG Test worker     d.u.i.k.n.KeyIO           MODE: 2nd degree decls took 0 
490100     INFO  Test worker     d.u.i.k.n.KeyIO           Parsing took 0 ms 
490100     DEBUG Test worker     d.u.i.k.n.KeyIO           Load declarations of de.uka.ilkd.key.nparser.KeyAst$File:  <unknown>:1#1 
490100     INFO  Test worker     d.u.i.k.n.KeyIO           MODE: declarations took 0 ms 
490100     DEBUG Test worker     d.u.i.k.n.KeyIO           MODE: 2nd degree decls took 0 
493463     INFO  Test worker     d.u.i.k.n.KeyIO           Parsing took 0 ms 
493463     DEBUG Test worker     d.u.i.k.n.KeyIO           Load declarations of de.uka.ilkd.key.nparser.KeyAst$File:  <unknown>:1#1 
493463     INFO  Test worker     d.u.i.k.n.KeyIO           MODE: declarations took 0 ms 
493463     DEBUG Test worker     d.u.i.k.n.KeyIO           MODE: 2nd degree decls took 0 
493463     INFO  Test worker     d.u.i.k.n.KeyIO           Parsing took 0 ms 
493463     DEBUG Test worker     d.u.i.k.n.KeyIO           Load declarations of de.uka.ilkd.key.nparser.KeyAst$File:  <unknown>:1#1 
493463     INFO  Test worker     d.u.i.k.n.KeyIO           MODE: declarations took 0 ms 
493463     DEBUG Test worker     d.u.i.k.n.KeyIO           MODE: 2nd degree decls took 0 
493463     INFO  Test worker     d.u.i.k.n.KeyIO           Parsing took 0 ms 
493463     DEBUG Test worker     d.u.i.k.n.KeyIO           Load declarations of de.uka.ilkd.key.nparser.KeyAst$File:  <unknown>:1#1 
493463     INFO  Test worker     d.u.i.k.n.KeyIO           MODE: declarations took 0 ms 
493463     DEBUG Test worker     d.u.i.k.n.KeyIO           MODE: 2nd degree decls took 0 
]]></system-out>
  <system-err><![CDATA[]]></system-err>
</testsuite>
