<?xml version="1.0" encoding="UTF-8"?>
<testsuite name="de.uka.ilkd.key.rule.merge.PredicateAbstractionLatticeTests" tests="3" skipped="0" failures="0" errors="0" timestamp="2023-04-26T11:34:34" hostname="fv-az456-472" time="7.034">
  <properties/>
  <testcase name="testToAndFromString()" classname="de.uka.ilkd.key.rule.merge.PredicateAbstractionLatticeTests" time="3.578"/>
  <testcase name="testCreateSignLatticeWithPredicates()" classname="de.uka.ilkd.key.rule.merge.PredicateAbstractionLatticeTests" time="3.456"/>
  <testcase name="testTrivialPredicatesLattice()" classname="de.uka.ilkd.key.rule.merge.PredicateAbstractionLatticeTests" time="0.0"/>
  <system-out><![CDATA[634685     INFO  Test worker     d.u.i.k.p.i.AbstractProblemLoader Loading environment from src\test\resources\testcase\merge\dummy.key 
634685     DEBUG Test worker     d.u.i.k.p.i.AbstractProblemLoader Environment load took 435ns 
634685     INFO  Test worker     d.u.i.k.p.i.AbstractProblemLoader Creating init config 
638219     DEBUG Test worker     d.u.i.k.p.i.AbstractProblemLoader Init config took 3.54s 
638235     INFO  Test worker     d.u.i.k.p.i.AbstractProblemLoader Replaying proof dummy.key 
638250     DEBUG Test worker     d.u.i.k.p.i.IntermediateProofReplayer Proof replay took 9.3ns 
638250     INFO  Test worker     d.u.i.k.p.i.AbstractProblemLoader Loading environment from src\test\resources\testcase\merge\dummy.key 
638250     DEBUG Test worker     d.u.i.k.p.i.AbstractProblemLoader Environment load took 465.8ns 
638250     INFO  Test worker     d.u.i.k.p.i.AbstractProblemLoader Creating init config 
641674     DEBUG Test worker     d.u.i.k.p.i.AbstractProblemLoader Init config took 3.43s 
641690     INFO  Test worker     d.u.i.k.p.i.AbstractProblemLoader Replaying proof dummy.key 
641690     DEBUG Test worker     d.u.i.k.p.i.IntermediateProofReplayer Proof replay took 8.6ns 
]]></system-out>
  <system-err><![CDATA[]]></system-err>
</testsuite>
