<?xml version="1.0" encoding="UTF-8"?>
<testsuite name="de.uka.ilkd.key.parser.TestDeclParser" tests="14" skipped="2" failures="0" errors="0" timestamp="2023-04-26T11:28:06" hostname="fv-az456-472" time="12.892">
  <properties/>
  <testcase name="testGenericSortDecl1()" classname="de.uka.ilkd.key.parser.TestDeclParser" time="1.302"/>
  <testcase name="testGenericSortDecl2()" classname="de.uka.ilkd.key.parser.TestDeclParser" time="1.104"/>
  <testcase name="testGenericSortDecl3()" classname="de.uka.ilkd.key.parser.TestDeclParser" time="1.015"/>
  <testcase name="testGenericSortDecl4()" classname="de.uka.ilkd.key.parser.TestDeclParser" time="1.084"/>
  <testcase name="testGenericSortDecl5()" classname="de.uka.ilkd.key.parser.TestDeclParser" time="0.0">
    <skipped/>
  </testcase>
  <testcase name="testGenericSortDecl6()" classname="de.uka.ilkd.key.parser.TestDeclParser" time="1.062"/>
  <testcase name="testSortDecl()" classname="de.uka.ilkd.key.parser.TestDeclParser" time="1.053"/>
  <testcase name="testProxySortDecl()" classname="de.uka.ilkd.key.parser.TestDeclParser" time="0.994"/>
  <testcase name="testArrayDecl()" classname="de.uka.ilkd.key.parser.TestDeclParser" time="1.079"/>
  <testcase name="testAmbiguousDecls()" classname="de.uka.ilkd.key.parser.TestDeclParser" time="0.0">
    <skipped/>
  </testcase>
  <testcase name="testHeurDecl()" classname="de.uka.ilkd.key.parser.TestDeclParser" time="1.044"/>
  <testcase name="testFunctionDecl()" classname="de.uka.ilkd.key.parser.TestDeclParser" time="1.069"/>
  <testcase name="testPredicateDecl()" classname="de.uka.ilkd.key.parser.TestDeclParser" time="0.998"/>
  <testcase name="testSVDecl()" classname="de.uka.ilkd.key.parser.TestDeclParser" time="1.082"/>
  <system-out><![CDATA[247450     INFO  Test worker     d.u.i.k.n.KeyIO           Parsing took 0 ms 
247450     DEBUG Test worker     d.u.i.k.n.KeyIO           Load declarations of de.uka.ilkd.key.nparser.KeyAst$File:  <unknown>:1#1 
247450     INFO  Test worker     d.u.i.k.n.KeyIO           MODE: declarations took 0 ms 
247450     DEBUG Test worker     d.u.i.k.n.KeyIO           MODE: 2nd degree decls took 0 
247450     DEBUG Test worker     d.u.i.k.n.KeyIO           MODE: taclets took 0ms 
248559     INFO  Test worker     d.u.i.k.n.KeyIO           Parsing took 0 ms 
248559     DEBUG Test worker     d.u.i.k.n.KeyIO           Load declarations of de.uka.ilkd.key.nparser.KeyAst$File:  <unknown>:1#1 
248559     INFO  Test worker     d.u.i.k.n.KeyIO           MODE: declarations took 0 ms 
248559     DEBUG Test worker     d.u.i.k.n.KeyIO           MODE: 2nd degree decls took 0 
248559     DEBUG Test worker     d.u.i.k.n.KeyIO           MODE: taclets took 0ms 
249575     INFO  Test worker     d.u.i.k.n.KeyIO           Parsing took 0 ms 
249575     DEBUG Test worker     d.u.i.k.n.KeyIO           Load declarations of de.uka.ilkd.key.nparser.KeyAst$File:  <unknown>:1#1 
249575     INFO  Test worker     d.u.i.k.n.KeyIO           MODE: declarations took 0 ms 
249575     DEBUG Test worker     d.u.i.k.n.KeyIO           MODE: 2nd degree decls took 0 
249575     DEBUG Test worker     d.u.i.k.n.KeyIO           MODE: taclets took 0ms 
250655     INFO  Test worker     d.u.i.k.n.KeyIO           Parsing took 0 ms 
250655     DEBUG Test worker     d.u.i.k.n.KeyIO           Load declarations of de.uka.ilkd.key.nparser.KeyAst$File:  <unknown>:1#1 
250655     INFO  Test worker     d.u.i.k.n.KeyIO           MODE: declarations took 0 ms 
250655     DEBUG Test worker     d.u.i.k.n.KeyIO           MODE: 2nd degree decls took 0 
250655     DEBUG Test worker     d.u.i.k.n.KeyIO           MODE: taclets took 0ms 
251718     INFO  Test worker     d.u.i.k.n.KeyIO           Parsing took 0 ms 
251718     DEBUG Test worker     d.u.i.k.n.KeyIO           Load declarations of de.uka.ilkd.key.nparser.KeyAst$File:  <unknown>:1#1 
251718     INFO  Test worker     d.u.i.k.n.KeyIO           MODE: declarations took 0 ms 
251718     DEBUG Test worker     d.u.i.k.n.KeyIO           MODE: 2nd degree decls took 0 
251718     DEBUG Test worker     d.u.i.k.n.KeyIO           MODE: taclets took 0ms 
252781     INFO  Test worker     d.u.i.k.n.KeyIO           Parsing took 0 ms 
252781     DEBUG Test worker     d.u.i.k.n.KeyIO           Load declarations of de.uka.ilkd.key.nparser.KeyAst$File:  <unknown>:1#1 
252781     INFO  Test worker     d.u.i.k.n.KeyIO           MODE: declarations took 0 ms 
252781     DEBUG Test worker     d.u.i.k.n.KeyIO           MODE: 2nd degree decls took 0 
252781     DEBUG Test worker     d.u.i.k.n.KeyIO           MODE: taclets took 0ms 
253751     INFO  Test worker     d.u.i.k.n.KeyIO           Parsing took 0 ms 
253751     DEBUG Test worker     d.u.i.k.n.KeyIO           Load declarations of de.uka.ilkd.key.nparser.KeyAst$File:  <unknown>:1#1 
253751     INFO  Test worker     d.u.i.k.n.KeyIO           MODE: declarations took 0 ms 
253766     DEBUG Test worker     d.u.i.k.n.KeyIO           MODE: 2nd degree decls took 0 
253766     DEBUG Test worker     d.u.i.k.n.KeyIO           MODE: taclets took 0ms 
254834     INFO  Test worker     d.u.i.k.n.KeyIO           Parsing took 0 ms 
254834     DEBUG Test worker     d.u.i.k.n.KeyIO           Load declarations of de.uka.ilkd.key.nparser.KeyAst$File:  <unknown>:1#1 
254834     INFO  Test worker     d.u.i.k.n.KeyIO           MODE: declarations took 0 ms 
254834     DEBUG Test worker     d.u.i.k.n.KeyIO           MODE: 2nd degree decls took 0 
254834     DEBUG Test worker     d.u.i.k.n.KeyIO           MODE: taclets took 0ms 
255881     INFO  Test worker     d.u.i.k.n.KeyIO           Parsing took 0 ms 
255881     DEBUG Test worker     d.u.i.k.n.KeyIO           Load declarations of de.uka.ilkd.key.nparser.KeyAst$File:  <unknown>:1#1 
255881     INFO  Test worker     d.u.i.k.n.KeyIO           MODE: declarations took 0 ms 
255881     DEBUG Test worker     d.u.i.k.n.KeyIO           MODE: 2nd degree decls took 0 
255881     DEBUG Test worker     d.u.i.k.n.KeyIO           MODE: taclets took 0ms 
256960     INFO  Test worker     d.u.i.k.n.KeyIO           Parsing took 0 ms 
256960     DEBUG Test worker     d.u.i.k.n.KeyIO           Load declarations of de.uka.ilkd.key.nparser.KeyAst$File:  <unknown>:1#1 
256960     INFO  Test worker     d.u.i.k.n.KeyIO           MODE: declarations took 0 ms 
256960     DEBUG Test worker     d.u.i.k.n.KeyIO           MODE: 2nd degree decls took 0 
256960     DEBUG Test worker     d.u.i.k.n.KeyIO           MODE: taclets took 0ms 
257960     INFO  Test worker     d.u.i.k.n.KeyIO           Parsing took 0 ms 
257960     DEBUG Test worker     d.u.i.k.n.KeyIO           Load declarations of de.uka.ilkd.key.nparser.KeyAst$File:  <unknown>:1#1 
257960     INFO  Test worker     d.u.i.k.n.KeyIO           MODE: declarations took 0 ms 
257960     DEBUG Test worker     d.u.i.k.n.KeyIO           MODE: 2nd degree decls took 0 
257960     DEBUG Test worker     d.u.i.k.n.KeyIO           MODE: taclets took 0ms 
259039     INFO  Test worker     d.u.i.k.n.KeyIO           Parsing took 0 ms 
259039     DEBUG Test worker     d.u.i.k.n.KeyIO           Load declarations of de.uka.ilkd.key.nparser.KeyAst$File:  <unknown>:1#1 
259039     INFO  Test worker     d.u.i.k.n.KeyIO           MODE: declarations took 0 ms 
259039     DEBUG Test worker     d.u.i.k.n.KeyIO           MODE: 2nd degree decls took 0 
259039     DEBUG Test worker     d.u.i.k.n.KeyIO           MODE: taclets took 0ms 
]]></system-out>
  <system-err><![CDATA[]]></system-err>
</testsuite>
