<?xml version="1.0" encoding="UTF-8"?>
<testsuite name="de.uka.ilkd.key.rule.loop.LoopScopeInvRuleTests" tests="1" skipped="0" failures="0" errors="0" timestamp="2023-04-26T11:32:45" hostname="fv-az456-472" time="5.815">
  <properties/>
  <testcase name="testDoAutomaticProofOfBenchmarkWithLabeledBreaksAndContinues()" classname="de.uka.ilkd.key.rule.loop.LoopScopeInvRuleTests" time="5.815"/>
  <system-out><![CDATA[525876     INFO  Test worker     d.u.i.k.p.i.AbstractProblemLoader Loading environment from src\test\resources\testcase\loopScopeInvRule\Test.key 
525876     DEBUG Test worker     d.u.i.k.p.i.AbstractProblemLoader Environment load took 159.1ns 
525876     INFO  Test worker     d.u.i.k.p.i.AbstractProblemLoader Creating init config 
526142     DEBUG Test worker     d.u.i.k.j.TypeConverter   No LDT found for Meta 
526142     DEBUG Test worker     d.u.i.k.j.TypeConverter   No LDT found for Meta 
526142     DEBUG Test worker     d.u.i.k.j.TypeConverter   No LDT found for Meta 
526142     DEBUG Test worker     d.u.i.k.j.TypeConverter   No LDT found for Meta 
526986     DEBUG Test worker     d.u.i.k.j.TypeConverter   No LDT found for JavaBigintExpression 
530848     DEBUG Test worker     d.u.i.k.p.i.AbstractProblemLoader Init config took 4.97s 
530895     INFO  Test worker     d.u.i.k.p.i.AbstractProblemLoader Replaying proof Test[Test::loopScopeRuleBenchmark(int,boolean)].JML normal_behavior operation contract.0 
530911     DEBUG Test worker     d.u.i.k.p.i.IntermediateProofReplayer Proof replay took 15.9ns 
]]></system-out>
  <system-err><![CDATA[]]></system-err>
</testsuite>
