<?xml version="1.0" encoding="UTF-8"?>
<testsuite name="de.uka.ilkd.key.logic.TestClashFreeSubst" tests="14" skipped="2" failures="0" errors="0" timestamp="2023-04-26T11:24:44" hostname="fv-az456-472" time="56.656">
  <properties/>
  <testcase name="testMultiShareBound()" classname="de.uka.ilkd.key.logic.TestClashFreeSubst" time="1.097"/>
  <testcase name="testClash()" classname="de.uka.ilkd.key.logic.TestClashFreeSubst" time="1.061"/>
  <testcase name="testShare()" classname="de.uka.ilkd.key.logic.TestClashFreeSubst" time="1.032"/>
  <testcase name="testSubst()" classname="de.uka.ilkd.key.logic.TestClashFreeSubst" time="1.081"/>
  <testcase name="testWary0()" classname="de.uka.ilkd.key.logic.TestClashFreeSubst" time="1.084"/>
  <testcase name="testWary1()" classname="de.uka.ilkd.key.logic.TestClashFreeSubst" time="1.061"/>
  <testcase name="testWary2()" classname="de.uka.ilkd.key.logic.TestClashFreeSubst" time="1.071"/>
  <testcase name="testClashInSubstTerm()" classname="de.uka.ilkd.key.logic.TestClashFreeSubst" time="1.055"/>
  <testcase name="testShareWary()" classname="de.uka.ilkd.key.logic.TestClashFreeSubst" time="1.014"/>
  <testcase name="testMultiSubst()" classname="de.uka.ilkd.key.logic.TestClashFreeSubst" time="1.027"/>
  <testcase name="xtestMultiClash()" classname="de.uka.ilkd.key.logic.TestClashFreeSubst" time="0.0">
    <skipped/>
  </testcase>
  <testcase name="testSubstInSubstTerm()" classname="de.uka.ilkd.key.logic.TestClashFreeSubst" time="1.008"/>
  <testcase name="testSubstWary()" classname="de.uka.ilkd.key.logic.TestClashFreeSubst" time="1.012"/>
  <testcase name="xtestMultiClash1()" classname="de.uka.ilkd.key.logic.TestClashFreeSubst" time="0.0">
    <skipped/>
  </testcase>
  <system-out><![CDATA[44921      INFO  Test worker     d.u.i.k.n.KeyIO           Parsing took 0 ms 
44921      DEBUG Test worker     d.u.i.k.n.KeyIO           Load declarations of de.uka.ilkd.key.nparser.KeyAst$File:  <unknown>:1#1 
44921      INFO  Test worker     d.u.i.k.n.KeyIO           MODE: declarations took 0 ms 
44921      DEBUG Test worker     d.u.i.k.n.KeyIO           MODE: 2nd degree decls took 0 
46015      INFO  Test worker     d.u.i.k.n.KeyIO           Parsing took 0 ms 
46015      DEBUG Test worker     d.u.i.k.n.KeyIO           Load declarations of de.uka.ilkd.key.nparser.KeyAst$File:  <unknown>:1#1 
46015      INFO  Test worker     d.u.i.k.n.KeyIO           MODE: declarations took 0 ms 
46015      DEBUG Test worker     d.u.i.k.n.KeyIO           MODE: 2nd degree decls took 0 
49516      INFO  Test worker     d.u.i.k.n.KeyIO           Parsing took 0 ms 
49516      DEBUG Test worker     d.u.i.k.n.KeyIO           Load declarations of de.uka.ilkd.key.nparser.KeyAst$File:  <unknown>:1#1 
49516      INFO  Test worker     d.u.i.k.n.KeyIO           MODE: declarations took 0 ms 
49516      DEBUG Test worker     d.u.i.k.n.KeyIO           MODE: 2nd degree decls took 0 
50563      INFO  Test worker     d.u.i.k.n.KeyIO           Parsing took 0 ms 
50563      DEBUG Test worker     d.u.i.k.n.KeyIO           Load declarations of de.uka.ilkd.key.nparser.KeyAst$File:  <unknown>:1#1 
50563      INFO  Test worker     d.u.i.k.n.KeyIO           MODE: declarations took 0 ms 
50563      DEBUG Test worker     d.u.i.k.n.KeyIO           MODE: 2nd degree decls took 0 
54018      INFO  Test worker     d.u.i.k.n.KeyIO           Parsing took 0 ms 
54018      DEBUG Test worker     d.u.i.k.n.KeyIO           Load declarations of de.uka.ilkd.key.nparser.KeyAst$File:  <unknown>:1#1 
54018      INFO  Test worker     d.u.i.k.n.KeyIO           MODE: declarations took 0 ms 
54018      DEBUG Test worker     d.u.i.k.n.KeyIO           MODE: 2nd degree decls took 0 
55034      INFO  Test worker     d.u.i.k.n.KeyIO           Parsing took 0 ms 
55034      DEBUG Test worker     d.u.i.k.n.KeyIO           Load declarations of de.uka.ilkd.key.nparser.KeyAst$File:  <unknown>:1#1 
55034      INFO  Test worker     d.u.i.k.n.KeyIO           MODE: declarations took 0 ms 
55034      DEBUG Test worker     d.u.i.k.n.KeyIO           MODE: 2nd degree decls took 0 
58475      INFO  Test worker     d.u.i.k.n.KeyIO           Parsing took 0 ms 
58475      DEBUG Test worker     d.u.i.k.n.KeyIO           Load declarations of de.uka.ilkd.key.nparser.KeyAst$File:  <unknown>:1#1 
58475      INFO  Test worker     d.u.i.k.n.KeyIO           MODE: declarations took 0 ms 
58475      DEBUG Test worker     d.u.i.k.n.KeyIO           MODE: 2nd degree decls took 0 
59554      INFO  Test worker     d.u.i.k.n.KeyIO           Parsing took 0 ms 
59554      DEBUG Test worker     d.u.i.k.n.KeyIO           Load declarations of de.uka.ilkd.key.nparser.KeyAst$File:  <unknown>:1#1 
59554      INFO  Test worker     d.u.i.k.n.KeyIO           MODE: declarations took 0 ms 
59554      DEBUG Test worker     d.u.i.k.n.KeyIO           MODE: 2nd degree decls took 0 
62930      INFO  Test worker     d.u.i.k.n.KeyIO           Parsing took 0 ms 
62930      DEBUG Test worker     d.u.i.k.n.KeyIO           Load declarations of de.uka.ilkd.key.nparser.KeyAst$File:  <unknown>:1#1 
62946      INFO  Test worker     d.u.i.k.n.KeyIO           MODE: declarations took 16 ms 
62946      DEBUG Test worker     d.u.i.k.n.KeyIO           MODE: 2nd degree decls took 0 
64010      INFO  Test worker     d.u.i.k.n.KeyIO           Parsing took 0 ms 
64010      DEBUG Test worker     d.u.i.k.n.KeyIO           Load declarations of de.uka.ilkd.key.nparser.KeyAst$File:  <unknown>:1#1 
64010      INFO  Test worker     d.u.i.k.n.KeyIO           MODE: declarations took 0 ms 
64010      DEBUG Test worker     d.u.i.k.n.KeyIO           MODE: 2nd degree decls took 0 
67386      INFO  Test worker     d.u.i.k.n.KeyIO           Parsing took 0 ms 
67386      DEBUG Test worker     d.u.i.k.n.KeyIO           Load declarations of de.uka.ilkd.key.nparser.KeyAst$File:  <unknown>:1#1 
67386      INFO  Test worker     d.u.i.k.n.KeyIO           MODE: declarations took 0 ms 
67386      DEBUG Test worker     d.u.i.k.n.KeyIO           MODE: 2nd degree decls took 0 
68450      INFO  Test worker     d.u.i.k.n.KeyIO           Parsing took 0 ms 
68450      DEBUG Test worker     d.u.i.k.n.KeyIO           Load declarations of de.uka.ilkd.key.nparser.KeyAst$File:  <unknown>:1#1 
68450      INFO  Test worker     d.u.i.k.n.KeyIO           MODE: declarations took 0 ms 
68450      DEBUG Test worker     d.u.i.k.n.KeyIO           MODE: 2nd degree decls took 0 
71795      INFO  Test worker     d.u.i.k.n.KeyIO           Parsing took 0 ms 
71795      DEBUG Test worker     d.u.i.k.n.KeyIO           Load declarations of de.uka.ilkd.key.nparser.KeyAst$File:  <unknown>:1#1 
71795      INFO  Test worker     d.u.i.k.n.KeyIO           MODE: declarations took 0 ms 
71795      DEBUG Test worker     d.u.i.k.n.KeyIO           MODE: 2nd degree decls took 0 
72859      INFO  Test worker     d.u.i.k.n.KeyIO           Parsing took 0 ms 
72859      DEBUG Test worker     d.u.i.k.n.KeyIO           Load declarations of de.uka.ilkd.key.nparser.KeyAst$File:  <unknown>:1#1 
72859      INFO  Test worker     d.u.i.k.n.KeyIO           MODE: declarations took 0 ms 
72859      DEBUG Test worker     d.u.i.k.n.KeyIO           MODE: 2nd degree decls took 0 
76237      INFO  Test worker     d.u.i.k.n.KeyIO           Parsing took 0 ms 
76237      DEBUG Test worker     d.u.i.k.n.KeyIO           Load declarations of de.uka.ilkd.key.nparser.KeyAst$File:  <unknown>:1#1 
76237      INFO  Test worker     d.u.i.k.n.KeyIO           MODE: declarations took 0 ms 
76237      DEBUG Test worker     d.u.i.k.n.KeyIO           MODE: 2nd degree decls took 0 
77283      INFO  Test worker     d.u.i.k.n.KeyIO           Parsing took 0 ms 
77283      DEBUG Test worker     d.u.i.k.n.KeyIO           Load declarations of de.uka.ilkd.key.nparser.KeyAst$File:  <unknown>:1#1 
77283      INFO  Test worker     d.u.i.k.n.KeyIO           MODE: declarations took 0 ms 
77283      DEBUG Test worker     d.u.i.k.n.KeyIO           MODE: 2nd degree decls took 0 
80723      INFO  Test worker     d.u.i.k.n.KeyIO           Parsing took 0 ms 
80723      DEBUG Test worker     d.u.i.k.n.KeyIO           Load declarations of de.uka.ilkd.key.nparser.KeyAst$File:  <unknown>:1#1 
80723      INFO  Test worker     d.u.i.k.n.KeyIO           MODE: declarations took 0 ms 
80723      DEBUG Test worker     d.u.i.k.n.KeyIO           MODE: 2nd degree decls took 0 
81724      INFO  Test worker     d.u.i.k.n.KeyIO           Parsing took 0 ms 
81724      DEBUG Test worker     d.u.i.k.n.KeyIO           Load declarations of de.uka.ilkd.key.nparser.KeyAst$File:  <unknown>:1#1 
81724      INFO  Test worker     d.u.i.k.n.KeyIO           MODE: declarations took 0 ms 
81724      DEBUG Test worker     d.u.i.k.n.KeyIO           MODE: 2nd degree decls took 0 
85069      INFO  Test worker     d.u.i.k.n.KeyIO           Parsing took 0 ms 
85069      DEBUG Test worker     d.u.i.k.n.KeyIO           Load declarations of de.uka.ilkd.key.nparser.KeyAst$File:  <unknown>:1#1 
85069      INFO  Test worker     d.u.i.k.n.KeyIO           MODE: declarations took 0 ms 
85069      DEBUG Test worker     d.u.i.k.n.KeyIO           MODE: 2nd degree decls took 0 
86085      INFO  Test worker     d.u.i.k.n.KeyIO           Parsing took 0 ms 
86085      DEBUG Test worker     d.u.i.k.n.KeyIO           Load declarations of de.uka.ilkd.key.nparser.KeyAst$File:  <unknown>:1#1 
86085      INFO  Test worker     d.u.i.k.n.KeyIO           MODE: declarations took 0 ms 
86085      DEBUG Test worker     d.u.i.k.n.KeyIO           MODE: 2nd degree decls took 0 
92869      INFO  Test worker     d.u.i.k.n.KeyIO           Parsing took 0 ms 
92869      DEBUG Test worker     d.u.i.k.n.KeyIO           Load declarations of de.uka.ilkd.key.nparser.KeyAst$File:  <unknown>:1#1 
92869      INFO  Test worker     d.u.i.k.n.KeyIO           MODE: declarations took 0 ms 
92869      DEBUG Test worker     d.u.i.k.n.KeyIO           MODE: 2nd degree decls took 0 
93870      INFO  Test worker     d.u.i.k.n.KeyIO           Parsing took 0 ms 
93870      DEBUG Test worker     d.u.i.k.n.KeyIO           Load declarations of de.uka.ilkd.key.nparser.KeyAst$File:  <unknown>:1#1 
93870      INFO  Test worker     d.u.i.k.n.KeyIO           MODE: declarations took 0 ms 
93870      DEBUG Test worker     d.u.i.k.n.KeyIO           MODE: 2nd degree decls took 0 
97262      INFO  Test worker     d.u.i.k.n.KeyIO           Parsing took 0 ms 
97262      DEBUG Test worker     d.u.i.k.n.KeyIO           Load declarations of de.uka.ilkd.key.nparser.KeyAst$File:  <unknown>:1#1 
97262      INFO  Test worker     d.u.i.k.n.KeyIO           MODE: declarations took 0 ms 
97262      DEBUG Test worker     d.u.i.k.n.KeyIO           MODE: 2nd degree decls took 0 
98263      INFO  Test worker     d.u.i.k.n.KeyIO           Parsing took 0 ms 
98263      DEBUG Test worker     d.u.i.k.n.KeyIO           Load declarations of de.uka.ilkd.key.nparser.KeyAst$File:  <unknown>:1#1 
98263      INFO  Test worker     d.u.i.k.n.KeyIO           MODE: declarations took 0 ms 
98263      DEBUG Test worker     d.u.i.k.n.KeyIO           MODE: 2nd degree decls took 0 
]]></system-out>
  <system-err><![CDATA[]]></system-err>
</testsuite>
