<?xml version="1.0" encoding="UTF-8"?>
<testsuite name="de.uka.ilkd.key.logic.TestTermLabelManager" tests="21" skipped="0" failures="0" errors="0" timestamp="2023-04-26T11:26:07" hostname="fv-az456-472" time="64.396">
  <properties/>
  <testcase name="testInstantiateLabels_directChildPolicies_allRules()" classname="de.uka.ilkd.key.logic.TestTermLabelManager" time="5.012"/>
  <testcase name="testInstantiateLabels_childAndGrandchildPolicies_ruleSpecific()" classname="de.uka.ilkd.key.logic.TestTermLabelManager" time="3.252"/>
  <testcase name="testParseLabel()" classname="de.uka.ilkd.key.logic.TestTermLabelManager" time="3.298"/>
  <testcase name="testrefactorGoal_childrenAndGrandchildren_ruleSpecific()" classname="de.uka.ilkd.key.logic.TestTermLabelManager" time="3.298"/>
  <testcase name="testrefactorGoal_directChildren_allRules()" classname="de.uka.ilkd.key.logic.TestTermLabelManager" time="3.377"/>
  <testcase name="testInstantiateLabels_childAndGrandchildPolicies_allRules()" classname="de.uka.ilkd.key.logic.TestTermLabelManager" time="3.314"/>
  <testcase name="testInstantiateLabels_taclet()" classname="de.uka.ilkd.key.logic.TestTermLabelManager" time="3.284"/>
  <testcase name="testrefactorGoal_none_ruleSpecific()" classname="de.uka.ilkd.key.logic.TestTermLabelManager" time="3.315"/>
  <testcase name="testInstantiateLabels_updates_ruleSpecific()" classname="de.uka.ilkd.key.logic.TestTermLabelManager" time="3.33"/>
  <testcase name="testrefactorGoal_sequent_ruleSpecific()" classname="de.uka.ilkd.key.logic.TestTermLabelManager" time="3.315"/>
  <testcase name="testInstantiateLabels_updates_allRules()" classname="de.uka.ilkd.key.logic.TestTermLabelManager" time="3.316"/>
  <testcase name="testrefactorGoal_sequent_allRules()" classname="de.uka.ilkd.key.logic.TestTermLabelManager" time="3.298"/>
  <testcase name="testrefactorGoal_childrenAndGrandchildren_allRules()" classname="de.uka.ilkd.key.logic.TestTermLabelManager" time="3.299"/>
  <testcase name="testGetTermLabelManager()" classname="de.uka.ilkd.key.logic.TestTermLabelManager" time="0.006"/>
  <testcase name="testInstantiateLabels_applicationTermPolicies()" classname="de.uka.ilkd.key.logic.TestTermLabelManager" time="3.262"/>
  <testcase name="testInstantiateLabels_modalityTermPolicies()" classname="de.uka.ilkd.key.logic.TestTermLabelManager" time="3.266"/>
  <testcase name="testrefactorGoal_none_allRules()" classname="de.uka.ilkd.key.logic.TestTermLabelManager" time="3.268"/>
  <testcase name="testInstantiateLabels_null()" classname="de.uka.ilkd.key.logic.TestTermLabelManager" time="0.001"/>
  <testcase name="testrefactorGoal_directChildren_ruleSpecific()" classname="de.uka.ilkd.key.logic.TestTermLabelManager" time="3.298"/>
  <testcase name="testInstantiateLabels_directChildPolicies_ruleSpecific()" classname="de.uka.ilkd.key.logic.TestTermLabelManager" time="3.33"/>
  <testcase name="testGetSupportedTermLabelNames()" classname="de.uka.ilkd.key.logic.TestTermLabelManager" time="3.253"/>
  <system-out><![CDATA[127719     INFO  Test worker     d.u.i.k.p.i.AbstractProblemLoader Loading environment from src\test\resources\testcase\termLabels\flatSteps\FlatSteps.java 
127719     DEBUG Test worker     d.u.i.k.p.i.AbstractProblemLoader Environment load took 330.6ns 
127719     INFO  Test worker     d.u.i.k.p.i.AbstractProblemLoader Creating init config 
127969     DEBUG Test worker     d.u.i.k.j.TypeConverter   No LDT found for Meta 
127969     DEBUG Test worker     d.u.i.k.j.TypeConverter   No LDT found for Meta 
127969     DEBUG Test worker     d.u.i.k.j.TypeConverter   No LDT found for Meta 
127969     DEBUG Test worker     d.u.i.k.j.TypeConverter   No LDT found for Meta 
128845     DEBUG Test worker     d.u.i.k.j.TypeConverter   No LDT found for JavaBigintExpression 
132707     DEBUG Test worker     d.u.i.k.p.i.AbstractProblemLoader Init config took 4.98s 
132707     INFO  Test worker     d.u.i.k.p.i.AbstractProblemLoader Loading environment from src\test\resources\testcase\termLabels\flatSteps\FlatSteps.java 
132707     DEBUG Test worker     d.u.i.k.p.i.AbstractProblemLoader Environment load took 601.4ns 
132722     INFO  Test worker     d.u.i.k.p.i.AbstractProblemLoader Creating init config 
135959     DEBUG Test worker     d.u.i.k.p.i.AbstractProblemLoader Init config took 3.24s 
135959     INFO  Test worker     d.u.i.k.p.i.AbstractProblemLoader Loading environment from src\test\resources\testcase\termLabels\flatSteps\FlatSteps.java 
135959     DEBUG Test worker     d.u.i.k.p.i.AbstractProblemLoader Environment load took 482ns 
135975     INFO  Test worker     d.u.i.k.p.i.AbstractProblemLoader Creating init config 
139257     DEBUG Test worker     d.u.i.k.p.i.AbstractProblemLoader Init config took 3.29s 
139273     INFO  Test worker     d.u.i.k.p.i.AbstractProblemLoader Loading environment from src\test\resources\testcase\termLabels\flatSteps\FlatSteps.java 
139273     DEBUG Test worker     d.u.i.k.p.i.AbstractProblemLoader Environment load took 210.6ns 
139273     INFO  Test worker     d.u.i.k.p.i.AbstractProblemLoader Creating init config 
142555     DEBUG Test worker     d.u.i.k.p.i.AbstractProblemLoader Init config took 3.28s 
142571     INFO  Test worker     d.u.i.k.p.i.AbstractProblemLoader Loading environment from src\test\resources\testcase\termLabels\flatSteps\FlatSteps.java 
142571     DEBUG Test worker     d.u.i.k.p.i.AbstractProblemLoader Environment load took 594.3ns 
142571     INFO  Test worker     d.u.i.k.p.i.AbstractProblemLoader Creating init config 
145917     DEBUG Test worker     d.u.i.k.p.i.AbstractProblemLoader Init config took 3.35s 
145933     INFO  Test worker     d.u.i.k.p.i.AbstractProblemLoader Loading environment from src\test\resources\testcase\termLabels\flatSteps\FlatSteps.java 
145933     DEBUG Test worker     d.u.i.k.p.i.AbstractProblemLoader Environment load took 518.2ns 
145933     INFO  Test worker     d.u.i.k.p.i.AbstractProblemLoader Creating init config 
149247     DEBUG Test worker     d.u.i.k.p.i.AbstractProblemLoader Init config took 3.31s 
149247     INFO  Test worker     d.u.i.k.p.i.AbstractProblemLoader Loading environment from src\test\resources\testcase\termLabels\flatSteps\FlatSteps.java 
149247     DEBUG Test worker     d.u.i.k.p.i.AbstractProblemLoader Environment load took 150.8ns 
149247     INFO  Test worker     d.u.i.k.p.i.AbstractProblemLoader Creating init config 
152531     DEBUG Test worker     d.u.i.k.p.i.AbstractProblemLoader Init config took 3.28s 
152531     INFO  Test worker     d.u.i.k.p.i.AbstractProblemLoader Loading environment from src\test\resources\testcase\termLabels\flatSteps\FlatSteps.java 
152531     DEBUG Test worker     d.u.i.k.p.i.AbstractProblemLoader Environment load took 519.8ns 
152531     INFO  Test worker     d.u.i.k.p.i.AbstractProblemLoader Creating init config 
155830     DEBUG Test worker     d.u.i.k.p.i.AbstractProblemLoader Init config took 3.3s 
155846     INFO  Test worker     d.u.i.k.p.i.AbstractProblemLoader Loading environment from src\test\resources\testcase\termLabels\flatSteps\FlatSteps.java 
155846     DEBUG Test worker     d.u.i.k.p.i.AbstractProblemLoader Environment load took 201.3ns 
155846     INFO  Test worker     d.u.i.k.p.i.AbstractProblemLoader Creating init config 
159160     DEBUG Test worker     d.u.i.k.p.i.AbstractProblemLoader Init config took 3.32s 
159176     INFO  Test worker     d.u.i.k.p.i.AbstractProblemLoader Loading environment from src\test\resources\testcase\termLabels\flatSteps\FlatSteps.java 
159176     DEBUG Test worker     d.u.i.k.p.i.AbstractProblemLoader Environment load took 602.9ns 
159176     INFO  Test worker     d.u.i.k.p.i.AbstractProblemLoader Creating init config 
162491     DEBUG Test worker     d.u.i.k.p.i.AbstractProblemLoader Init config took 3.31s 
162506     INFO  Test worker     d.u.i.k.p.i.AbstractProblemLoader Loading environment from src\test\resources\testcase\termLabels\flatSteps\FlatSteps.java 
162506     DEBUG Test worker     d.u.i.k.p.i.AbstractProblemLoader Environment load took 233.6ns 
162506     INFO  Test worker     d.u.i.k.p.i.AbstractProblemLoader Creating init config 
165807     DEBUG Test worker     d.u.i.k.p.i.AbstractProblemLoader Init config took 3.3s 
165807     INFO  Test worker     d.u.i.k.p.i.AbstractProblemLoader Loading environment from src\test\resources\testcase\termLabels\flatSteps\FlatSteps.java 
165807     DEBUG Test worker     d.u.i.k.p.i.AbstractProblemLoader Environment load took 511ns 
165807     INFO  Test worker     d.u.i.k.p.i.AbstractProblemLoader Creating init config 
169090     DEBUG Test worker     d.u.i.k.p.i.AbstractProblemLoader Init config took 3.27s 
169106     INFO  Test worker     d.u.i.k.p.i.AbstractProblemLoader Loading environment from src\test\resources\testcase\termLabels\flatSteps\FlatSteps.java 
169106     DEBUG Test worker     d.u.i.k.p.i.AbstractProblemLoader Environment load took 538ns 
169106     INFO  Test worker     d.u.i.k.p.i.AbstractProblemLoader Creating init config 
172405     DEBUG Test worker     d.u.i.k.p.i.AbstractProblemLoader Init config took 3.29s 
172420     INFO  Test worker     d.u.i.k.p.i.AbstractProblemLoader Loading environment from src\test\resources\testcase\termLabels\flatSteps\FlatSteps.java 
172420     DEBUG Test worker     d.u.i.k.p.i.AbstractProblemLoader Environment load took 202.7ns 
172420     INFO  Test worker     d.u.i.k.p.i.AbstractProblemLoader Creating init config 
175673     DEBUG Test worker     d.u.i.k.p.i.AbstractProblemLoader Init config took 3.25s 
175673     INFO  Test worker     d.u.i.k.p.i.AbstractProblemLoader Loading environment from src\test\resources\testcase\termLabels\flatSteps\FlatSteps.java 
175673     DEBUG Test worker     d.u.i.k.p.i.AbstractProblemLoader Environment load took 185.1ns 
175673     INFO  Test worker     d.u.i.k.p.i.AbstractProblemLoader Creating init config 
178940     DEBUG Test worker     d.u.i.k.p.i.AbstractProblemLoader Init config took 3.26s 
178940     INFO  Test worker     d.u.i.k.p.i.AbstractProblemLoader Loading environment from src\test\resources\testcase\termLabels\flatSteps\FlatSteps.java 
178940     DEBUG Test worker     d.u.i.k.p.i.AbstractProblemLoader Environment load took 517ns 
178940     INFO  Test worker     d.u.i.k.p.i.AbstractProblemLoader Creating init config 
182193     DEBUG Test worker     d.u.i.k.p.i.AbstractProblemLoader Init config took 3.25s 
182209     INFO  Test worker     d.u.i.k.p.i.AbstractProblemLoader Loading environment from src\test\resources\testcase\termLabels\flatSteps\FlatSteps.java 
182209     DEBUG Test worker     d.u.i.k.p.i.AbstractProblemLoader Environment load took 540ns 
182209     INFO  Test worker     d.u.i.k.p.i.AbstractProblemLoader Creating init config 
185508     DEBUG Test worker     d.u.i.k.p.i.AbstractProblemLoader Init config took 3.29s 
185508     INFO  Test worker     d.u.i.k.p.i.AbstractProblemLoader Loading environment from src\test\resources\testcase\termLabels\flatSteps\FlatSteps.java 
185508     DEBUG Test worker     d.u.i.k.p.i.AbstractProblemLoader Environment load took 192.1ns 
185524     INFO  Test worker     d.u.i.k.p.i.AbstractProblemLoader Creating init config 
188823     DEBUG Test worker     d.u.i.k.p.i.AbstractProblemLoader Init config took 3.31s 
188838     INFO  Test worker     d.u.i.k.p.i.AbstractProblemLoader Loading environment from src\test\resources\testcase\termLabels\flatSteps\FlatSteps.java 
188838     DEBUG Test worker     d.u.i.k.p.i.AbstractProblemLoader Environment load took 440.8ns 
188838     INFO  Test worker     d.u.i.k.p.i.AbstractProblemLoader Creating init config 
192091     DEBUG Test worker     d.u.i.k.p.i.AbstractProblemLoader Init config took 3.25s 
]]></system-out>
  <system-err><![CDATA[]]></system-err>
</testsuite>
