<?xml version="1.0" encoding="UTF-8"?>
<testsuite name="de.uka.ilkd.key.gui.proofdiff.ProofDifferenceTest" tests="2" skipped="0" failures="0" errors="0" timestamp="2023-05-08T21:23:56" hostname="fv-az277-528" time="0.031">
  <properties/>
  <testcase name="testLevensthein()" classname="de.uka.ilkd.key.gui.proofdiff.ProofDifferenceTest" time="0.024"/>
  <testcase name="testPairs1()" classname="de.uka.ilkd.key.gui.proofdiff.ProofDifferenceTest" time="0.005"/>
  <system-out><![CDATA[]]></system-out>
  <system-err><![CDATA[]]></system-err>
</testsuite>
