<?xml version="1.0" encoding="UTF-8"?>
<testsuite name="de.uka.ilkd.key.util.TestProofStarter" tests="2" skipped="0" failures="0" errors="0" timestamp="2023-05-19T08:23:56" hostname="fv-az283-299" time="55.185">
  <properties/>
  <testcase name="testDirectProofWithOneStepSimplification()" classname="de.uka.ilkd.key.util.TestProofStarter" time="28.703"/>
  <testcase name="testDirectProof()" classname="de.uka.ilkd.key.util.TestProofStarter" time="26.482"/>
  <system-out><![CDATA[866959     INFO  Test worker     d.u.i.k.p.i.AbstractProblemLoader Loading environment from src/test/resources/testcase/proofStarter/CC/project.key 
866959     DEBUG Test worker     d.u.i.k.p.i.AbstractProblemLoader Environment load took 78ns 
866960     INFO  Test worker     d.u.i.k.p.i.AbstractProblemLoader Creating init config 
870358     DEBUG Test worker     d.u.i.k.p.i.AbstractProblemLoader Init config took 3.4s 
870401     INFO  Test worker     d.u.i.k.p.i.AbstractProblemLoader Replaying proof CC[CC::calcCoinIndex([I,[I)].JML normal_behavior operation contract.0 
870402     DEBUG Test worker     d.u.i.k.p.i.IntermediateProofReplayer Proof replay took 3.2ns 
895656     INFO  Test worker     d.u.i.k.p.i.AbstractProblemLoader Loading environment from src/test/resources/testcase/proofStarter/CC/project.key 
895656     DEBUG Test worker     d.u.i.k.p.i.AbstractProblemLoader Environment load took 102.8ns 
895657     INFO  Test worker     d.u.i.k.p.i.AbstractProblemLoader Creating init config 
898936     DEBUG Test worker     d.u.i.k.p.i.AbstractProblemLoader Init config took 3.28s 
898974     INFO  Test worker     d.u.i.k.p.i.AbstractProblemLoader Replaying proof CC[CC::calcCoinIndex([I,[I)].JML normal_behavior operation contract.0 
898976     DEBUG Test worker     d.u.i.k.p.i.IntermediateProofReplayer Proof replay took 2.8ns 
]]></system-out>
  <system-err><![CDATA[]]></system-err>
</testsuite>
