<?xml version="1.0" encoding="UTF-8"?>
<testsuite name="de.uka.ilkd.key.taclettranslation.TestTacletTranslator" tests="5" skipped="0" failures="0" errors="0" timestamp="2023-05-19T08:23:46" hostname="fv-az283-299" time="0.008">
  <properties/>
  <testcase name="testPropositional1()" classname="de.uka.ilkd.key.taclettranslation.TestTacletTranslator" time="0.003"/>
  <testcase name="testPropositional2()" classname="de.uka.ilkd.key.taclettranslation.TestTacletTranslator" time="0.001"/>
  <testcase name="testNegativePolarity()" classname="de.uka.ilkd.key.taclettranslation.TestTacletTranslator" time="0.001"/>
  <testcase name="testNoPolarity()" classname="de.uka.ilkd.key.taclettranslation.TestTacletTranslator" time="0.001"/>
  <testcase name="testPositivePolarity()" classname="de.uka.ilkd.key.taclettranslation.TestTacletTranslator" time="0.001"/>
  <system-out><![CDATA[856163     INFO  Test worker     d.u.i.k.n.KeyIO           Parsing took 1 ms 
856163     DEBUG Test worker     d.u.i.k.n.KeyIO           Load declarations of de.uka.ilkd.key.nparser.KeyAst$File:  <unknown>:1#1 
856163     INFO  Test worker     d.u.i.k.n.KeyIO           MODE: declarations took 0 ms 
856163     DEBUG Test worker     d.u.i.k.n.KeyIO           MODE: 2nd degree decls took 0 
856163     DEBUG Test worker     d.u.i.k.n.KeyIO           MODE: taclets took 0ms 
856166     INFO  Test worker     d.u.i.k.n.KeyIO           Parsing took 0 ms 
856166     DEBUG Test worker     d.u.i.k.n.KeyIO           Load declarations of de.uka.ilkd.key.nparser.KeyAst$File:  <unknown>:1#1 
856166     INFO  Test worker     d.u.i.k.n.KeyIO           MODE: declarations took 0 ms 
856166     DEBUG Test worker     d.u.i.k.n.KeyIO           MODE: 2nd degree decls took 0 
856166     DEBUG Test worker     d.u.i.k.n.KeyIO           MODE: taclets took 0ms 
856167     INFO  Test worker     d.u.i.k.n.KeyIO           Parsing took 0 ms 
856167     DEBUG Test worker     d.u.i.k.n.KeyIO           Load declarations of de.uka.ilkd.key.nparser.KeyAst$File:  <unknown>:1#1 
856167     INFO  Test worker     d.u.i.k.n.KeyIO           MODE: declarations took 0 ms 
856167     DEBUG Test worker     d.u.i.k.n.KeyIO           MODE: 2nd degree decls took 0 
856168     DEBUG Test worker     d.u.i.k.n.KeyIO           MODE: taclets took 0ms 
856169     INFO  Test worker     d.u.i.k.n.KeyIO           Parsing took 1 ms 
856169     DEBUG Test worker     d.u.i.k.n.KeyIO           Load declarations of de.uka.ilkd.key.nparser.KeyAst$File:  <unknown>:1#1 
856169     INFO  Test worker     d.u.i.k.n.KeyIO           MODE: declarations took 0 ms 
856169     DEBUG Test worker     d.u.i.k.n.KeyIO           MODE: 2nd degree decls took 0 
856169     DEBUG Test worker     d.u.i.k.n.KeyIO           MODE: taclets took 0ms 
856170     INFO  Test worker     d.u.i.k.n.KeyIO           Parsing took 0 ms 
856170     DEBUG Test worker     d.u.i.k.n.KeyIO           Load declarations of de.uka.ilkd.key.nparser.KeyAst$File:  <unknown>:1#1 
856170     INFO  Test worker     d.u.i.k.n.KeyIO           MODE: declarations took 0 ms 
856170     DEBUG Test worker     d.u.i.k.n.KeyIO           MODE: 2nd degree decls took 0 
856170     DEBUG Test worker     d.u.i.k.n.KeyIO           MODE: taclets took 0ms 
]]></system-out>
  <system-err><![CDATA[]]></system-err>
</testsuite>
