<?xml version="1.0" encoding="UTF-8"?>
<testsuite name="de.uka.ilkd.key.parser.TestDeclParser" tests="14" skipped="2" failures="0" errors="0" timestamp="2023-05-19T08:13:11" hostname="fv-az283-299" time="11.68">
  <properties/>
  <testcase name="testGenericSortDecl1()" classname="de.uka.ilkd.key.parser.TestDeclParser" time="1.055"/>
  <testcase name="testGenericSortDecl2()" classname="de.uka.ilkd.key.parser.TestDeclParser" time="0.919"/>
  <testcase name="testGenericSortDecl3()" classname="de.uka.ilkd.key.parser.TestDeclParser" time="0.968"/>
  <testcase name="testGenericSortDecl4()" classname="de.uka.ilkd.key.parser.TestDeclParser" time="0.967"/>
  <testcase name="testGenericSortDecl5()" classname="de.uka.ilkd.key.parser.TestDeclParser" time="0.0">
    <skipped/>
  </testcase>
  <testcase name="testGenericSortDecl6()" classname="de.uka.ilkd.key.parser.TestDeclParser" time="0.967"/>
  <testcase name="testSortDecl()" classname="de.uka.ilkd.key.parser.TestDeclParser" time="0.958"/>
  <testcase name="testProxySortDecl()" classname="de.uka.ilkd.key.parser.TestDeclParser" time="1.024"/>
  <testcase name="testArrayDecl()" classname="de.uka.ilkd.key.parser.TestDeclParser" time="0.951"/>
  <testcase name="testAmbiguousDecls()" classname="de.uka.ilkd.key.parser.TestDeclParser" time="0.0">
    <skipped/>
  </testcase>
  <testcase name="testHeurDecl()" classname="de.uka.ilkd.key.parser.TestDeclParser" time="0.946"/>
  <testcase name="testFunctionDecl()" classname="de.uka.ilkd.key.parser.TestDeclParser" time="0.97"/>
  <testcase name="testPredicateDecl()" classname="de.uka.ilkd.key.parser.TestDeclParser" time="0.982"/>
  <testcase name="testSVDecl()" classname="de.uka.ilkd.key.parser.TestDeclParser" time="0.971"/>
  <system-out><![CDATA[222427     INFO  Test worker     d.u.i.k.n.KeyIO           Parsing took 1 ms 
222427     DEBUG Test worker     d.u.i.k.n.KeyIO           Load declarations of de.uka.ilkd.key.nparser.KeyAst$File:  <unknown>:1#1 
222427     INFO  Test worker     d.u.i.k.n.KeyIO           MODE: declarations took 0 ms 
222427     DEBUG Test worker     d.u.i.k.n.KeyIO           MODE: 2nd degree decls took 0 
222427     DEBUG Test worker     d.u.i.k.n.KeyIO           MODE: taclets took 0ms 
223346     INFO  Test worker     d.u.i.k.n.KeyIO           Parsing took 1 ms 
223346     DEBUG Test worker     d.u.i.k.n.KeyIO           Load declarations of de.uka.ilkd.key.nparser.KeyAst$File:  <unknown>:1#1 
223346     INFO  Test worker     d.u.i.k.n.KeyIO           MODE: declarations took 0 ms 
223346     DEBUG Test worker     d.u.i.k.n.KeyIO           MODE: 2nd degree decls took 0 
223346     DEBUG Test worker     d.u.i.k.n.KeyIO           MODE: taclets took 0ms 
224313     INFO  Test worker     d.u.i.k.n.KeyIO           Parsing took 0 ms 
224313     DEBUG Test worker     d.u.i.k.n.KeyIO           Load declarations of de.uka.ilkd.key.nparser.KeyAst$File:  <unknown>:1#1 
224313     INFO  Test worker     d.u.i.k.n.KeyIO           MODE: declarations took 0 ms 
224313     DEBUG Test worker     d.u.i.k.n.KeyIO           MODE: 2nd degree decls took 0 
224314     DEBUG Test worker     d.u.i.k.n.KeyIO           MODE: taclets took 1ms 
225281     INFO  Test worker     d.u.i.k.n.KeyIO           Parsing took 0 ms 
225281     DEBUG Test worker     d.u.i.k.n.KeyIO           Load declarations of de.uka.ilkd.key.nparser.KeyAst$File:  <unknown>:1#1 
225281     INFO  Test worker     d.u.i.k.n.KeyIO           MODE: declarations took 0 ms 
225281     DEBUG Test worker     d.u.i.k.n.KeyIO           MODE: 2nd degree decls took 0 
225281     DEBUG Test worker     d.u.i.k.n.KeyIO           MODE: taclets took 0ms 
226249     INFO  Test worker     d.u.i.k.n.KeyIO           Parsing took 0 ms 
226249     DEBUG Test worker     d.u.i.k.n.KeyIO           Load declarations of de.uka.ilkd.key.nparser.KeyAst$File:  <unknown>:1#1 
226249     INFO  Test worker     d.u.i.k.n.KeyIO           MODE: declarations took 0 ms 
226249     DEBUG Test worker     d.u.i.k.n.KeyIO           MODE: 2nd degree decls took 0 
226249     DEBUG Test worker     d.u.i.k.n.KeyIO           MODE: taclets took 0ms 
227207     INFO  Test worker     d.u.i.k.n.KeyIO           Parsing took 0 ms 
227207     DEBUG Test worker     d.u.i.k.n.KeyIO           Load declarations of de.uka.ilkd.key.nparser.KeyAst$File:  <unknown>:1#1 
227208     INFO  Test worker     d.u.i.k.n.KeyIO           MODE: declarations took 1 ms 
227208     DEBUG Test worker     d.u.i.k.n.KeyIO           MODE: 2nd degree decls took 0 
227208     DEBUG Test worker     d.u.i.k.n.KeyIO           MODE: taclets took 0ms 
228232     INFO  Test worker     d.u.i.k.n.KeyIO           Parsing took 1 ms 
228232     DEBUG Test worker     d.u.i.k.n.KeyIO           Load declarations of de.uka.ilkd.key.nparser.KeyAst$File:  <unknown>:1#1 
228232     INFO  Test worker     d.u.i.k.n.KeyIO           MODE: declarations took 0 ms 
228232     DEBUG Test worker     d.u.i.k.n.KeyIO           MODE: 2nd degree decls took 0 
228232     DEBUG Test worker     d.u.i.k.n.KeyIO           MODE: taclets took 0ms 
229183     INFO  Test worker     d.u.i.k.n.KeyIO           Parsing took 0 ms 
229183     DEBUG Test worker     d.u.i.k.n.KeyIO           Load declarations of de.uka.ilkd.key.nparser.KeyAst$File:  <unknown>:1#1 
229183     INFO  Test worker     d.u.i.k.n.KeyIO           MODE: declarations took 0 ms 
229183     DEBUG Test worker     d.u.i.k.n.KeyIO           MODE: 2nd degree decls took 0 
229183     DEBUG Test worker     d.u.i.k.n.KeyIO           MODE: taclets took 0ms 
230129     INFO  Test worker     d.u.i.k.n.KeyIO           Parsing took 0 ms 
230130     DEBUG Test worker     d.u.i.k.n.KeyIO           Load declarations of de.uka.ilkd.key.nparser.KeyAst$File:  <unknown>:1#1 
230130     INFO  Test worker     d.u.i.k.n.KeyIO           MODE: declarations took 0 ms 
230130     DEBUG Test worker     d.u.i.k.n.KeyIO           MODE: 2nd degree decls took 0 
230130     DEBUG Test worker     d.u.i.k.n.KeyIO           MODE: taclets took 0ms 
231098     INFO  Test worker     d.u.i.k.n.KeyIO           Parsing took 0 ms 
231099     DEBUG Test worker     d.u.i.k.n.KeyIO           Load declarations of de.uka.ilkd.key.nparser.KeyAst$File:  <unknown>:1#1 
231099     INFO  Test worker     d.u.i.k.n.KeyIO           MODE: declarations took 0 ms 
231099     DEBUG Test worker     d.u.i.k.n.KeyIO           MODE: 2nd degree decls took 0 
231099     DEBUG Test worker     d.u.i.k.n.KeyIO           MODE: taclets took 0ms 
232081     INFO  Test worker     d.u.i.k.n.KeyIO           Parsing took 0 ms 
232081     DEBUG Test worker     d.u.i.k.n.KeyIO           Load declarations of de.uka.ilkd.key.nparser.KeyAst$File:  <unknown>:1#1 
232081     INFO  Test worker     d.u.i.k.n.KeyIO           MODE: declarations took 0 ms 
232081     DEBUG Test worker     d.u.i.k.n.KeyIO           MODE: 2nd degree decls took 0 
232081     DEBUG Test worker     d.u.i.k.n.KeyIO           MODE: taclets took 0ms 
233052     INFO  Test worker     d.u.i.k.n.KeyIO           Parsing took 0 ms 
233052     DEBUG Test worker     d.u.i.k.n.KeyIO           Load declarations of de.uka.ilkd.key.nparser.KeyAst$File:  <unknown>:1#1 
233052     INFO  Test worker     d.u.i.k.n.KeyIO           MODE: declarations took 0 ms 
233052     DEBUG Test worker     d.u.i.k.n.KeyIO           MODE: 2nd degree decls took 0 
233052     DEBUG Test worker     d.u.i.k.n.KeyIO           MODE: taclets took 0ms 
]]></system-out>
  <system-err><![CDATA[]]></system-err>
</testsuite>
