<?xml version="1.0" encoding="UTF-8"?>
<testsuite name="de.uka.ilkd.key.parser.TestTacletParser" tests="20" skipped="0" failures="0" errors="0" timestamp="2023-05-19T08:14:45" hostname="fv-az283-299" time="0.168">
  <properties/>
  <testcase name="testAllRight()" classname="de.uka.ilkd.key.parser.TestTacletParser" time="0.004"/>
  <testcase name="testSchemaJava0()" classname="de.uka.ilkd.key.parser.TestTacletParser" time="0.002"/>
  <testcase name="testSchemaJava1()" classname="de.uka.ilkd.key.parser.TestTacletParser" time="0.027"/>
  <testcase name="testSchemaJava2()" classname="de.uka.ilkd.key.parser.TestTacletParser" time="0.003"/>
  <testcase name="testSchemaJava4()" classname="de.uka.ilkd.key.parser.TestTacletParser" time="0.003"/>
  <testcase name="testSchemaJava6()" classname="de.uka.ilkd.key.parser.TestTacletParser" time="0.019"/>
  <testcase name="testSchemaJava8()" classname="de.uka.ilkd.key.parser.TestTacletParser" time="0.011"/>
  <testcase name="testCut()" classname="de.uka.ilkd.key.parser.TestTacletParser" time="0.005"/>
  <testcase name="testMakeInsertEq()" classname="de.uka.ilkd.key.parser.TestTacletParser" time="0.013"/>
  <testcase name="testAllLeft()" classname="de.uka.ilkd.key.parser.TestTacletParser" time="0.019"/>
  <testcase name="testClose()" classname="de.uka.ilkd.key.parser.TestTacletParser" time="0.003"/>
  <testcase name="testSchemaJava10()" classname="de.uka.ilkd.key.parser.TestTacletParser" time="0.006"/>
  <testcase name="testSchemaJava11()" classname="de.uka.ilkd.key.parser.TestTacletParser" time="0.009"/>
  <testcase name="testFIdempotent()" classname="de.uka.ilkd.key.parser.TestTacletParser" time="0.006"/>
  <testcase name="testImpRight()" classname="de.uka.ilkd.key.parser.TestTacletParser" time="0.006"/>
  <testcase name="testVarcondNew()" classname="de.uka.ilkd.key.parser.TestTacletParser" time="0.007"/>
  <testcase name="testFreeReplacewithVariables()" classname="de.uka.ilkd.key.parser.TestTacletParser" time="0.006"/>
  <testcase name="testImpLeft()" classname="de.uka.ilkd.key.parser.TestTacletParser" time="0.004"/>
  <testcase name="testContraposition()" classname="de.uka.ilkd.key.parser.TestTacletParser" time="0.005"/>
  <testcase name="testExConjSplit()" classname="de.uka.ilkd.key.parser.TestTacletParser" time="0.005"/>
  <system-out><![CDATA[316067     INFO  Test worker     d.u.i.k.n.KeyIO           Parsing took 1 ms 
316067     DEBUG Test worker     d.u.i.k.n.KeyIO           Load declarations of de.uka.ilkd.key.nparser.KeyAst$File:  <unknown>:1#1 
316067     INFO  Test worker     d.u.i.k.n.KeyIO           MODE: declarations took 0 ms 
316067     DEBUG Test worker     d.u.i.k.n.KeyIO           MODE: 2nd degree decls took 0 
316067     DEBUG Test worker     d.u.i.k.n.KeyIO           MODE: taclets took 0ms 
316070     INFO  Test worker     d.u.i.k.n.KeyIO           Parsing took 0 ms 
316070     DEBUG Test worker     d.u.i.k.n.KeyIO           Load declarations of de.uka.ilkd.key.nparser.KeyAst$File:  <unknown>:2#1 
316070     INFO  Test worker     d.u.i.k.n.KeyIO           MODE: declarations took 0 ms 
316070     DEBUG Test worker     d.u.i.k.n.KeyIO           MODE: 2nd degree decls took 0 
316071     DEBUG Test worker     d.u.i.k.n.KeyIO           MODE: taclets took 1ms 
316071     INFO  Test worker     d.u.i.k.n.KeyIO           Parsing took 0 ms 
316071     DEBUG Test worker     d.u.i.k.n.KeyIO           Load declarations of de.uka.ilkd.key.nparser.KeyAst$File:  <unknown>:1#1 
316071     INFO  Test worker     d.u.i.k.n.KeyIO           MODE: declarations took 0 ms 
316071     DEBUG Test worker     d.u.i.k.n.KeyIO           MODE: 2nd degree decls took 0 
316071     DEBUG Test worker     d.u.i.k.n.KeyIO           MODE: taclets took 0ms 
316071     INFO  Test worker     d.u.i.k.n.KeyIO           Parsing took 0 ms 
316071     DEBUG Test worker     d.u.i.k.n.KeyIO           Load declarations of de.uka.ilkd.key.nparser.KeyAst$File:  <unknown>:2#1 
316072     INFO  Test worker     d.u.i.k.n.KeyIO           MODE: declarations took 1 ms 
316072     DEBUG Test worker     d.u.i.k.n.KeyIO           MODE: 2nd degree decls took 0 
316072     DEBUG Test worker     d.u.i.k.n.KeyIO           MODE: taclets took 0ms 
316073     INFO  Test worker     d.u.i.k.n.KeyIO           Parsing took 0 ms 
316073     DEBUG Test worker     d.u.i.k.n.KeyIO           Load declarations of de.uka.ilkd.key.nparser.KeyAst$File:  <unknown>:1#1 
316073     INFO  Test worker     d.u.i.k.n.KeyIO           MODE: declarations took 0 ms 
316073     DEBUG Test worker     d.u.i.k.n.KeyIO           MODE: 2nd degree decls took 0 
316073     DEBUG Test worker     d.u.i.k.n.KeyIO           MODE: taclets took 0ms 
316074     WARN  Test worker     d.u.i.k.n.KeYParser       [syntax-error] <unknown>:2:21: extraneous input '<' expecting {MODALITY, FORALL, EXISTS, '\if', '\ifEx', 'true', 'false', '(', ')', '{', '@', NOT, '-', STRING_LITERAL, CHAR_LITERAL, BIN_LITERAL, HEX_LITERAL, IDENT, INT_LITERAL, FLOAT_LITERAL, DOUBLE_LITERAL, REAL_LITERAL} [@12,22:22='<',<173>,2:21] (argument_list, call, accessterm, primitive_term, primitive_labeled_term, bracket_term, atom_prefix, strong_arith_term_2, strong_arith_term_1, weak_arith_term, comparison_term, equality_term, term60, conjunction_term, disjunction_term, implication_term, equivalence_term, elementary_update_term, parallel_term, term, taclet, rulesOrAxioms, decls, file) 
316098     WARN  Test worker     d.u.i.k.n.KeYParser       [syntax-error] <unknown>:2:23: no viable alternative at input '{..' [@14,24:25='..',<144>,2:23] (atom_prefix, strong_arith_term_2, strong_arith_term_1, weak_arith_term, comparison_term, equality_term, term60, conjunction_term, disjunction_term, implication_term, equivalence_term, elementary_update_term, parallel_term, term, argument_list, call, accessterm, primitive_term, primitive_labeled_term, bracket_term, atom_prefix, strong_arith_term_2, strong_arith_term_1, weak_arith_term, comparison_term, equality_term, term60, conjunction_term, disjunction_term, implication_term, equivalence_term, elementary_update_term, parallel_term, term, taclet, rulesOrAxioms, decls, file) 
316099     WARN  Test worker     d.u.i.k.n.KeYParser       [syntax-error] <unknown>:2:33: mismatched input ';' expecting {',', ')'} [@21,34:34=';',<138>,2:33] (argument_list, call, accessterm, primitive_term, primitive_labeled_term, bracket_term, atom_prefix, strong_arith_term_2, strong_arith_term_1, weak_arith_term, comparison_term, equality_term, term60, conjunction_term, disjunction_term, implication_term, equivalence_term, elementary_update_term, parallel_term, term, taclet, rulesOrAxioms, decls, file) 
316099     WARN  Test worker     d.u.i.k.n.KeYParser       [syntax-error] <unknown>:2:41: no viable alternative at input '#i;' [@26,42:42=';',<138>,2:41] (option_list, taclet, rulesOrAxioms, decls, file) 
316099     WARN  Test worker     d.u.i.k.n.KeYParser       [syntax-error] <unknown>:2:43: mismatched input '<' expecting {'(', '{'} [@28,44:44='<',<173>,2:43] (taclet, rulesOrAxioms, decls, file) 
316100     WARN  Test worker     d.u.i.k.n.KeYParser       [syntax-error] <unknown>:2:47: mismatched input '+' expecting {'(', '{'} [@32,48:48='+',<167>,2:47] (taclet, rulesOrAxioms, decls, file) 
316100     WARN  Test worker     d.u.i.k.n.KeYParser       [syntax-error] <unknown>:2:52: extraneous input '..' expecting {'\lemma', '}', IDENT, '/*!'} [@37,53:54='..',<144>,2:52] (rulesOrAxioms, decls, file) 
316100     WARN  Test worker     d.u.i.k.n.KeYParser       [syntax-error] <unknown>:2:56: mismatched input '>' expecting {<EOF>, '\problem', '\chooseContract', '\proofObligation', '\proof'} [@40,57:57='>',<168>,2:56] (file) 
316101     INFO  Test worker     d.u.i.k.n.KeyIO           Parsing took 1 ms 
316101     DEBUG Test worker     d.u.i.k.n.KeyIO           Load declarations of de.uka.ilkd.key.nparser.KeyAst$File:  <unknown>:1#1 
316101     INFO  Test worker     d.u.i.k.n.KeyIO           MODE: declarations took 0 ms 
316101     DEBUG Test worker     d.u.i.k.n.KeyIO           MODE: 2nd degree decls took 0 
316101     DEBUG Test worker     d.u.i.k.n.KeyIO           MODE: taclets took 0ms 
316102     WARN  Test worker     d.u.i.k.n.KeYParser       [syntax-error] <unknown>:2:21: extraneous input '<' expecting {MODALITY, FORALL, EXISTS, '\if', '\ifEx', 'true', 'false', '(', ')', '{', '@', NOT, '-', STRING_LITERAL, CHAR_LITERAL, BIN_LITERAL, HEX_LITERAL, IDENT, INT_LITERAL, FLOAT_LITERAL, DOUBLE_LITERAL, REAL_LITERAL} [@12,22:22='<',<173>,2:21] (argument_list, call, accessterm, primitive_term, primitive_labeled_term, bracket_term, atom_prefix, strong_arith_term_2, strong_arith_term_1, weak_arith_term, comparison_term, equality_term, term60, conjunction_term, disjunction_term, implication_term, equivalence_term, elementary_update_term, parallel_term, term, taclet, rulesOrAxioms, decls, file) 
316102     WARN  Test worker     d.u.i.k.n.KeYParser       [syntax-error] <unknown>:2:23: no viable alternative at input '{..' [@14,24:25='..',<144>,2:23] (atom_prefix, strong_arith_term_2, strong_arith_term_1, weak_arith_term, comparison_term, equality_term, term60, conjunction_term, disjunction_term, implication_term, equivalence_term, elementary_update_term, parallel_term, term, argument_list, call, accessterm, primitive_term, primitive_labeled_term, bracket_term, atom_prefix, strong_arith_term_2, strong_arith_term_1, weak_arith_term, comparison_term, equality_term, term60, conjunction_term, disjunction_term, implication_term, equivalence_term, elementary_update_term, parallel_term, term, taclet, rulesOrAxioms, decls, file) 
316102     WARN  Test worker     d.u.i.k.n.KeYParser       [syntax-error] <unknown>:2:33: mismatched input ';' expecting {',', ')'} [@21,34:34=';',<138>,2:33] (argument_list, call, accessterm, primitive_term, primitive_labeled_term, bracket_term, atom_prefix, strong_arith_term_2, strong_arith_term_1, weak_arith_term, comparison_term, equality_term, term60, conjunction_term, disjunction_term, implication_term, equivalence_term, elementary_update_term, parallel_term, term, taclet, rulesOrAxioms, decls, file) 
316102     WARN  Test worker     d.u.i.k.n.KeYParser       [syntax-error] <unknown>:2:43: no viable alternative at input '#lab;' [@26,44:44=';',<138>,2:43] (option_list, taclet, rulesOrAxioms, decls, file) 
316103     WARN  Test worker     d.u.i.k.n.KeYParser       [syntax-error] <unknown>:2:45: mismatched input '<' expecting {'(', '{'} [@28,46:46='<',<173>,2:45] (taclet, rulesOrAxioms, decls, file) 
316103     WARN  Test worker     d.u.i.k.n.KeYParser       [syntax-error] <unknown>:2:50: mismatched input '+' expecting {'(', '{'} [@32,51:51='+',<167>,2:50] (taclet, rulesOrAxioms, decls, file) 
316103     WARN  Test worker     d.u.i.k.n.KeYParser       [syntax-error] <unknown>:2:56: extraneous input '..' expecting {'\lemma', '}', IDENT, '/*!'} [@38,57:58='..',<144>,2:56] (rulesOrAxioms, decls, file) 
316103     WARN  Test worker     d.u.i.k.n.KeYParser       [syntax-error] <unknown>:2:60: mismatched input '>' expecting {<EOF>, '\problem', '\chooseContract', '\proofObligation', '\proof'} [@41,61:61='>',<168>,2:60] (file) 
316103     INFO  Test worker     d.u.i.k.n.KeyIO           Parsing took 0 ms 
316103     DEBUG Test worker     d.u.i.k.n.KeyIO           Load declarations of de.uka.ilkd.key.nparser.KeyAst$File:  <unknown>:1#1 
316104     INFO  Test worker     d.u.i.k.n.KeyIO           MODE: declarations took 1 ms 
316104     DEBUG Test worker     d.u.i.k.n.KeyIO           MODE: 2nd degree decls took 0 
316104     DEBUG Test worker     d.u.i.k.n.KeyIO           MODE: taclets took 0ms 
316104     INFO  Test worker     d.u.i.k.n.KeyIO           Parsing took 0 ms 
316104     DEBUG Test worker     d.u.i.k.n.KeyIO           Load declarations of de.uka.ilkd.key.nparser.KeyAst$File:  <unknown>:2#1 
316104     INFO  Test worker     d.u.i.k.n.KeyIO           MODE: declarations took 0 ms 
316104     DEBUG Test worker     d.u.i.k.n.KeyIO           MODE: 2nd degree decls took 0 
316105     DEBUG Test worker     d.u.i.k.n.KeyIO           MODE: taclets took 0ms 
316122     INFO  Test worker     d.u.i.k.n.KeyIO           Parsing took 5 ms 
316122     DEBUG Test worker     d.u.i.k.n.KeyIO           Load declarations of de.uka.ilkd.key.nparser.KeyAst$File:  <unknown>:1#1 
316122     INFO  Test worker     d.u.i.k.n.KeyIO           MODE: declarations took 0 ms 
316122     DEBUG Test worker     d.u.i.k.n.KeyIO           MODE: 2nd degree decls took 0 
316122     DEBUG Test worker     d.u.i.k.n.KeyIO           MODE: taclets took 0ms 
316123     INFO  Test worker     d.u.i.k.n.KeyIO           Parsing took 0 ms 
316123     DEBUG Test worker     d.u.i.k.n.KeyIO           Load declarations of de.uka.ilkd.key.nparser.KeyAst$File:  <unknown>:2#1 
316123     INFO  Test worker     d.u.i.k.n.KeyIO           MODE: declarations took 0 ms 
316123     DEBUG Test worker     d.u.i.k.n.KeyIO           MODE: 2nd degree decls took 0 
316125     DEBUG Test worker     d.u.i.k.n.KeyIO           MODE: taclets took 1ms 
316130     INFO  Test worker     d.u.i.k.n.KeyIO           Parsing took 5 ms 
316131     DEBUG Test worker     d.u.i.k.n.KeyIO           Load declarations of de.uka.ilkd.key.nparser.KeyAst$File:  <unknown>:1#1 
316131     INFO  Test worker     d.u.i.k.n.KeyIO           MODE: declarations took 0 ms 
316131     DEBUG Test worker     d.u.i.k.n.KeyIO           MODE: 2nd degree decls took 0 
316132     DEBUG Test worker     d.u.i.k.n.KeyIO           MODE: taclets took 0ms 
316132     INFO  Test worker     d.u.i.k.n.KeyIO           Parsing took 0 ms 
316132     DEBUG Test worker     d.u.i.k.n.KeyIO           Load declarations of de.uka.ilkd.key.nparser.KeyAst$File:  <unknown>:2#1 
316132     INFO  Test worker     d.u.i.k.n.KeyIO           MODE: declarations took 0 ms 
316133     DEBUG Test worker     d.u.i.k.n.KeyIO           MODE: 2nd degree decls took 0 
316133     DEBUG Test worker     d.u.i.k.n.KeyIO           MODE: taclets took 0ms 
316137     INFO  Test worker     d.u.i.k.n.KeyIO           Parsing took 0 ms 
316137     DEBUG Test worker     d.u.i.k.n.KeyIO           Load declarations of de.uka.ilkd.key.nparser.KeyAst$File:  <unknown>:1#1 
316137     INFO  Test worker     d.u.i.k.n.KeyIO           MODE: declarations took 0 ms 
316138     DEBUG Test worker     d.u.i.k.n.KeyIO           MODE: 2nd degree decls took 0 
316138     DEBUG Test worker     d.u.i.k.n.KeyIO           MODE: taclets took 0ms 
316139     INFO  Test worker     d.u.i.k.n.KeyIO           Parsing took 1 ms 
316139     DEBUG Test worker     d.u.i.k.n.KeyIO           Load declarations of de.uka.ilkd.key.nparser.KeyAst$File:  <unknown>:2#1 
316139     INFO  Test worker     d.u.i.k.n.KeyIO           MODE: declarations took 0 ms 
316139     DEBUG Test worker     d.u.i.k.n.KeyIO           MODE: 2nd degree decls took 0 
316141     DEBUG Test worker     d.u.i.k.n.KeyIO           MODE: taclets took 0ms 
316143     INFO  Test worker     d.u.i.k.n.KeyIO           Parsing took 0 ms 
316152     DEBUG Test worker     d.u.i.k.n.KeyIO           Load declarations of de.uka.ilkd.key.nparser.KeyAst$File:  <unknown>:1#1 
316152     INFO  Test worker     d.u.i.k.n.KeyIO           MODE: declarations took 0 ms 
316152     DEBUG Test worker     d.u.i.k.n.KeyIO           MODE: 2nd degree decls took 0 
316153     DEBUG Test worker     d.u.i.k.n.KeyIO           MODE: taclets took 0ms 
316153     INFO  Test worker     d.u.i.k.n.KeyIO           Parsing took 0 ms 
316154     DEBUG Test worker     d.u.i.k.n.KeyIO           Load declarations of de.uka.ilkd.key.nparser.KeyAst$File:  <unknown>:2#1 
316154     INFO  Test worker     d.u.i.k.n.KeyIO           MODE: declarations took 0 ms 
316154     DEBUG Test worker     d.u.i.k.n.KeyIO           MODE: 2nd degree decls took 0 
316155     DEBUG Test worker     d.u.i.k.n.KeyIO           MODE: taclets took 1ms 
316156     INFO  Test worker     d.u.i.k.n.KeyIO           Parsing took 1 ms 
316169     DEBUG Test worker     d.u.i.k.n.KeyIO           Load declarations of de.uka.ilkd.key.nparser.KeyAst$File:  <unknown>:1#1 
316169     INFO  Test worker     d.u.i.k.n.KeyIO           MODE: declarations took 0 ms 
316170     DEBUG Test worker     d.u.i.k.n.KeyIO           MODE: 2nd degree decls took 0 
316170     DEBUG Test worker     d.u.i.k.n.KeyIO           MODE: taclets took 0ms 
316172     INFO  Test worker     d.u.i.k.n.KeyIO           Parsing took 0 ms 
316173     DEBUG Test worker     d.u.i.k.n.KeyIO           Load declarations of de.uka.ilkd.key.nparser.KeyAst$File:  <unknown>:2#1 
316173     INFO  Test worker     d.u.i.k.n.KeyIO           MODE: declarations took 0 ms 
316173     DEBUG Test worker     d.u.i.k.n.KeyIO           MODE: 2nd degree decls took 0 
316174     DEBUG Test worker     d.u.i.k.n.KeyIO           MODE: taclets took 0ms 
316175     INFO  Test worker     d.u.i.k.n.KeyIO           Parsing took 0 ms 
316175     DEBUG Test worker     d.u.i.k.n.KeyIO           Load declarations of de.uka.ilkd.key.nparser.KeyAst$File:  <unknown>:1#1 
316175     INFO  Test worker     d.u.i.k.n.KeyIO           MODE: declarations took 0 ms 
316176     DEBUG Test worker     d.u.i.k.n.KeyIO           MODE: 2nd degree decls took 0 
316176     DEBUG Test worker     d.u.i.k.n.KeyIO           MODE: taclets took 0ms 
316177     INFO  Test worker     d.u.i.k.n.KeyIO           Parsing took 0 ms 
316177     DEBUG Test worker     d.u.i.k.n.KeyIO           Load declarations of de.uka.ilkd.key.nparser.KeyAst$File:  <unknown>:2#1 
316177     INFO  Test worker     d.u.i.k.n.KeyIO           MODE: declarations took 0 ms 
316177     DEBUG Test worker     d.u.i.k.n.KeyIO           MODE: 2nd degree decls took 0 
316178     DEBUG Test worker     d.u.i.k.n.KeyIO           MODE: taclets took 0ms 
316179     INFO  Test worker     d.u.i.k.n.KeyIO           Parsing took 0 ms 
316179     DEBUG Test worker     d.u.i.k.n.KeyIO           Load declarations of de.uka.ilkd.key.nparser.KeyAst$File:  <unknown>:1#1 
316179     INFO  Test worker     d.u.i.k.n.KeyIO           MODE: declarations took 0 ms 
316180     DEBUG Test worker     d.u.i.k.n.KeyIO           MODE: 2nd degree decls took 0 
316180     DEBUG Test worker     d.u.i.k.n.KeyIO           MODE: taclets took 0ms 
316183     INFO  Test worker     d.u.i.k.n.KeyIO           Parsing took 3 ms 
316183     DEBUG Test worker     d.u.i.k.n.KeyIO           Load declarations of de.uka.ilkd.key.nparser.KeyAst$File:  <unknown>:2#1 
316183     INFO  Test worker     d.u.i.k.n.KeyIO           MODE: declarations took 0 ms 
316184     DEBUG Test worker     d.u.i.k.n.KeyIO           MODE: 2nd degree decls took 0 
316184     DEBUG Test worker     d.u.i.k.n.KeyIO           MODE: taclets took 0ms 
316186     INFO  Test worker     d.u.i.k.n.KeyIO           Parsing took 1 ms 
316186     DEBUG Test worker     d.u.i.k.n.KeyIO           Load declarations of de.uka.ilkd.key.nparser.KeyAst$File:  <unknown>:1#1 
316186     INFO  Test worker     d.u.i.k.n.KeyIO           MODE: declarations took 0 ms 
316186     DEBUG Test worker     d.u.i.k.n.KeyIO           MODE: 2nd degree decls took 0 
316187     DEBUG Test worker     d.u.i.k.n.KeyIO           MODE: taclets took 0ms 
316188     INFO  Test worker     d.u.i.k.n.KeyIO           Parsing took 1 ms 
316189     DEBUG Test worker     d.u.i.k.n.KeyIO           Load declarations of de.uka.ilkd.key.nparser.KeyAst$File:  <unknown>:2#1 
316189     INFO  Test worker     d.u.i.k.n.KeyIO           MODE: declarations took 0 ms 
316189     DEBUG Test worker     d.u.i.k.n.KeyIO           MODE: 2nd degree decls took 0 
316194     DEBUG Test worker     d.u.i.k.n.KeyIO           MODE: taclets took 4ms 
316195     INFO  Test worker     d.u.i.k.n.KeyIO           Parsing took 0 ms 
316196     DEBUG Test worker     d.u.i.k.n.KeyIO           Load declarations of de.uka.ilkd.key.nparser.KeyAst$File:  <unknown>:1#1 
316196     INFO  Test worker     d.u.i.k.n.KeyIO           MODE: declarations took 0 ms 
316196     DEBUG Test worker     d.u.i.k.n.KeyIO           MODE: 2nd degree decls took 0 
316197     DEBUG Test worker     d.u.i.k.n.KeyIO           MODE: taclets took 0ms 
316198     INFO  Test worker     d.u.i.k.n.KeyIO           Parsing took 1 ms 
316198     DEBUG Test worker     d.u.i.k.n.KeyIO           Load declarations of de.uka.ilkd.key.nparser.KeyAst$File:  <unknown>:2#1 
316198     INFO  Test worker     d.u.i.k.n.KeyIO           MODE: declarations took 0 ms 
316199     DEBUG Test worker     d.u.i.k.n.KeyIO           MODE: 2nd degree decls took 0 
316200     DEBUG Test worker     d.u.i.k.n.KeyIO           MODE: taclets took 1ms 
316201     INFO  Test worker     d.u.i.k.n.KeyIO           Parsing took 0 ms 
316201     DEBUG Test worker     d.u.i.k.n.KeyIO           Load declarations of de.uka.ilkd.key.nparser.KeyAst$File:  <unknown>:1#1 
316202     INFO  Test worker     d.u.i.k.n.KeyIO           MODE: declarations took 1 ms 
316202     DEBUG Test worker     d.u.i.k.n.KeyIO           MODE: 2nd degree decls took 0 
316202     DEBUG Test worker     d.u.i.k.n.KeyIO           MODE: taclets took 0ms 
316205     INFO  Test worker     d.u.i.k.n.KeyIO           Parsing took 1 ms 
316205     DEBUG Test worker     d.u.i.k.n.KeyIO           Load declarations of de.uka.ilkd.key.nparser.KeyAst$File:  <unknown>:2#1 
316206     INFO  Test worker     d.u.i.k.n.KeyIO           MODE: declarations took 1 ms 
316206     DEBUG Test worker     d.u.i.k.n.KeyIO           MODE: 2nd degree decls took 0 
316206     DEBUG Test worker     d.u.i.k.n.KeyIO           MODE: taclets took 0ms 
316208     INFO  Test worker     d.u.i.k.n.KeyIO           Parsing took 0 ms 
316208     DEBUG Test worker     d.u.i.k.n.KeyIO           Load declarations of de.uka.ilkd.key.nparser.KeyAst$File:  <unknown>:1#1 
316208     INFO  Test worker     d.u.i.k.n.KeyIO           MODE: declarations took 0 ms 
316209     DEBUG Test worker     d.u.i.k.n.KeyIO           MODE: 2nd degree decls took 0 
316210     DEBUG Test worker     d.u.i.k.n.KeyIO           MODE: taclets took 0ms 
316211     INFO  Test worker     d.u.i.k.n.KeyIO           Parsing took 0 ms 
316211     DEBUG Test worker     d.u.i.k.n.KeyIO           Load declarations of de.uka.ilkd.key.nparser.KeyAst$File:  <unknown>:2#1 
316211     INFO  Test worker     d.u.i.k.n.KeyIO           MODE: declarations took 0 ms 
316212     DEBUG Test worker     d.u.i.k.n.KeyIO           MODE: 2nd degree decls took 0 
316212     DEBUG Test worker     d.u.i.k.n.KeyIO           MODE: taclets took 0ms 
316212     INFO  Test worker     d.u.i.k.n.KeyIO           Parsing took 0 ms 
316213     DEBUG Test worker     d.u.i.k.n.KeyIO           Load declarations of de.uka.ilkd.key.nparser.KeyAst$File:  <unknown>:2#1 
316213     INFO  Test worker     d.u.i.k.n.KeyIO           MODE: declarations took 0 ms 
316213     DEBUG Test worker     d.u.i.k.n.KeyIO           MODE: 2nd degree decls took 0 
316214     DEBUG Test worker     d.u.i.k.n.KeyIO           MODE: taclets took 0ms 
316217     INFO  Test worker     d.u.i.k.n.KeyIO           Parsing took 1 ms 
316217     DEBUG Test worker     d.u.i.k.n.KeyIO           Load declarations of de.uka.ilkd.key.nparser.KeyAst$File:  <unknown>:1#1 
316217     INFO  Test worker     d.u.i.k.n.KeyIO           MODE: declarations took 0 ms 
316217     DEBUG Test worker     d.u.i.k.n.KeyIO           MODE: 2nd degree decls took 0 
316218     DEBUG Test worker     d.u.i.k.n.KeyIO           MODE: taclets took 0ms 
316218     INFO  Test worker     d.u.i.k.n.KeyIO           Parsing took 0 ms 
316219     DEBUG Test worker     d.u.i.k.n.KeyIO           Load declarations of de.uka.ilkd.key.nparser.KeyAst$File:  <unknown>:2#1 
316219     INFO  Test worker     d.u.i.k.n.KeyIO           MODE: declarations took 0 ms 
316219     DEBUG Test worker     d.u.i.k.n.KeyIO           MODE: 2nd degree decls took 0 
316221     INFO  Test worker     d.u.i.k.n.KeyIO           Parsing took 0 ms 
316222     DEBUG Test worker     d.u.i.k.n.KeyIO           Load declarations of de.uka.ilkd.key.nparser.KeyAst$File:  <unknown>:1#1 
316222     INFO  Test worker     d.u.i.k.n.KeyIO           MODE: declarations took 0 ms 
316222     DEBUG Test worker     d.u.i.k.n.KeyIO           MODE: 2nd degree decls took 0 
316223     DEBUG Test worker     d.u.i.k.n.KeyIO           MODE: taclets took 1ms 
316223     INFO  Test worker     d.u.i.k.n.KeyIO           Parsing took 0 ms 
316223     DEBUG Test worker     d.u.i.k.n.KeyIO           Load declarations of de.uka.ilkd.key.nparser.KeyAst$File:  <unknown>:2#1 
316223     INFO  Test worker     d.u.i.k.n.KeyIO           MODE: declarations took 0 ms 
316224     DEBUG Test worker     d.u.i.k.n.KeyIO           MODE: 2nd degree decls took 0 
316224     DEBUG Test worker     d.u.i.k.n.KeyIO           MODE: taclets took 0ms 
316225     INFO  Test worker     d.u.i.k.n.KeyIO           Parsing took 0 ms 
316225     DEBUG Test worker     d.u.i.k.n.KeyIO           Load declarations of de.uka.ilkd.key.nparser.KeyAst$File:  <unknown>:1#1 
316226     INFO  Test worker     d.u.i.k.n.KeyIO           MODE: declarations took 1 ms 
316226     DEBUG Test worker     d.u.i.k.n.KeyIO           MODE: 2nd degree decls took 0 
316226     DEBUG Test worker     d.u.i.k.n.KeyIO           MODE: taclets took 0ms 
316228     INFO  Test worker     d.u.i.k.n.KeyIO           Parsing took 1 ms 
316228     DEBUG Test worker     d.u.i.k.n.KeyIO           Load declarations of de.uka.ilkd.key.nparser.KeyAst$File:  <unknown>:2#1 
316229     INFO  Test worker     d.u.i.k.n.KeyIO           MODE: declarations took 1 ms 
316229     DEBUG Test worker     d.u.i.k.n.KeyIO           MODE: 2nd degree decls took 0 
316229     DEBUG Test worker     d.u.i.k.n.KeyIO           MODE: taclets took 0ms 
316230     INFO  Test worker     d.u.i.k.n.KeyIO           Parsing took 0 ms 
316230     DEBUG Test worker     d.u.i.k.n.KeyIO           Load declarations of de.uka.ilkd.key.nparser.KeyAst$File:  <unknown>:1#1 
316231     INFO  Test worker     d.u.i.k.n.KeyIO           MODE: declarations took 1 ms 
316231     DEBUG Test worker     d.u.i.k.n.KeyIO           MODE: 2nd degree decls took 0 
316232     DEBUG Test worker     d.u.i.k.n.KeyIO           MODE: taclets took 1ms 
316233     INFO  Test worker     d.u.i.k.n.KeyIO           Parsing took 1 ms 
316233     DEBUG Test worker     d.u.i.k.n.KeyIO           Load declarations of de.uka.ilkd.key.nparser.KeyAst$File:  <unknown>:2#1 
316234     INFO  Test worker     d.u.i.k.n.KeyIO           MODE: declarations took 1 ms 
316234     DEBUG Test worker     d.u.i.k.n.KeyIO           MODE: 2nd degree decls took 0 
316234     DEBUG Test worker     d.u.i.k.n.KeyIO           MODE: taclets took 0ms 
]]></system-out>
  <system-err><![CDATA[]]></system-err>
</testsuite>
