<?xml version="1.0" encoding="UTF-8"?>
<testsuite name="de.uka.ilkd.key.parser.TestTermParserSorts" tests="2" skipped="0" failures="0" errors="0" timestamp="2023-05-19T08:16:52" hostname="fv-az283-299" time="3.046">
  <properties/>
  <testcase name="testParseIntegerArgs()" classname="de.uka.ilkd.key.parser.TestTermParserSorts" time="0.013"/>
  <testcase name="testParseSequencePrettySyntax()" classname="de.uka.ilkd.key.parser.TestTermParserSorts" time="0.001"/>
  <system-out><![CDATA[442854     INFO  Test worker     d.u.i.k.n.KeyIO           Parsing took 0 ms 
442854     DEBUG Test worker     d.u.i.k.n.KeyIO           Load declarations of de.uka.ilkd.key.nparser.KeyAst$File:  <unknown>:1#1 
442854     INFO  Test worker     d.u.i.k.n.KeyIO           MODE: declarations took 0 ms 
442854     DEBUG Test worker     d.u.i.k.n.KeyIO           MODE: 2nd degree decls took 0 
442854     INFO  Test worker     d.u.i.k.n.KeyIO           Parsing took 0 ms 
442854     DEBUG Test worker     d.u.i.k.n.KeyIO           Load declarations of de.uka.ilkd.key.nparser.KeyAst$File:  <unknown>:1#1 
442854     INFO  Test worker     d.u.i.k.n.KeyIO           MODE: declarations took 0 ms 
442854     DEBUG Test worker     d.u.i.k.n.KeyIO           MODE: 2nd degree decls took 0 
442854     INFO  Test worker     d.u.i.k.n.KeyIO           Parsing took 0 ms 
442854     DEBUG Test worker     d.u.i.k.n.KeyIO           Load declarations of de.uka.ilkd.key.nparser.KeyAst$File:  <unknown>:1#1 
442855     INFO  Test worker     d.u.i.k.n.KeyIO           MODE: declarations took 1 ms 
442855     DEBUG Test worker     d.u.i.k.n.KeyIO           MODE: 2nd degree decls took 0 
445898     INFO  Test worker     d.u.i.k.n.KeyIO           Parsing took 0 ms 
445898     DEBUG Test worker     d.u.i.k.n.KeyIO           Load declarations of de.uka.ilkd.key.nparser.KeyAst$File:  <unknown>:1#1 
445898     INFO  Test worker     d.u.i.k.n.KeyIO           MODE: declarations took 0 ms 
445898     DEBUG Test worker     d.u.i.k.n.KeyIO           MODE: 2nd degree decls took 0 
445898     INFO  Test worker     d.u.i.k.n.KeyIO           Parsing took 0 ms 
445898     DEBUG Test worker     d.u.i.k.n.KeyIO           Load declarations of de.uka.ilkd.key.nparser.KeyAst$File:  <unknown>:1#1 
445898     INFO  Test worker     d.u.i.k.n.KeyIO           MODE: declarations took 0 ms 
445898     DEBUG Test worker     d.u.i.k.n.KeyIO           MODE: 2nd degree decls took 0 
445898     INFO  Test worker     d.u.i.k.n.KeyIO           Parsing took 0 ms 
445898     DEBUG Test worker     d.u.i.k.n.KeyIO           Load declarations of de.uka.ilkd.key.nparser.KeyAst$File:  <unknown>:1#1 
445898     INFO  Test worker     d.u.i.k.n.KeyIO           MODE: declarations took 0 ms 
445899     DEBUG Test worker     d.u.i.k.n.KeyIO           MODE: 2nd degree decls took 0 
]]></system-out>
  <system-err><![CDATA[]]></system-err>
</testsuite>
