<?xml version="1.0" encoding="UTF-8"?>
<testsuite name="de.uka.ilkd.key.rule.loop.LoopScopeInvRuleTests" tests="1" skipped="0" failures="0" errors="0" timestamp="2023-05-19T08:17:39" hostname="fv-az283-299" time="4.846">
  <properties/>
  <testcase name="testDoAutomaticProofOfBenchmarkWithLabeledBreaksAndContinues()" classname="de.uka.ilkd.key.rule.loop.LoopScopeInvRuleTests" time="4.846"/>
  <system-out><![CDATA[489121     INFO  Test worker     d.u.i.k.p.i.AbstractProblemLoader Loading environment from src/test/resources/testcase/loopScopeInvRule/Test.key 
489121     DEBUG Test worker     d.u.i.k.p.i.AbstractProblemLoader Environment load took 88.3ns 
489121     INFO  Test worker     d.u.i.k.p.i.AbstractProblemLoader Creating init config 
489259     DEBUG Test worker     d.u.i.k.j.TypeConverter   No LDT found for Meta 
489260     DEBUG Test worker     d.u.i.k.j.TypeConverter   No LDT found for Meta 
489260     DEBUG Test worker     d.u.i.k.j.TypeConverter   No LDT found for Meta 
489260     DEBUG Test worker     d.u.i.k.j.TypeConverter   No LDT found for Meta 
489832     DEBUG Test worker     d.u.i.k.j.TypeConverter   No LDT found for JavaBigintExpression 
493304     DEBUG Test worker     d.u.i.k.p.i.AbstractProblemLoader Init config took 4.18s 
493342     INFO  Test worker     d.u.i.k.p.i.AbstractProblemLoader Replaying proof Test[Test::loopScopeRuleBenchmark(int,boolean)].JML normal_behavior operation contract.0 
493343     DEBUG Test worker     d.u.i.k.p.i.IntermediateProofReplayer Proof replay took 13.4ns 
]]></system-out>
  <system-err><![CDATA[]]></system-err>
</testsuite>
