<?xml version="1.0" encoding="UTF-8"?>
<testsuite name="de.uka.ilkd.key.rule.merge.PredicateAbstractionLatticeTests" tests="3" skipped="0" failures="0" errors="0" timestamp="2023-05-19T08:19:05" hostname="fv-az283-299" time="6.133">
  <properties/>
  <testcase name="testToAndFromString()" classname="de.uka.ilkd.key.rule.merge.PredicateAbstractionLatticeTests" time="3.06"/>
  <testcase name="testCreateSignLatticeWithPredicates()" classname="de.uka.ilkd.key.rule.merge.PredicateAbstractionLatticeTests" time="3.073"/>
  <testcase name="testTrivialPredicatesLattice()" classname="de.uka.ilkd.key.rule.merge.PredicateAbstractionLatticeTests" time="0.0"/>
  <system-out><![CDATA[575888     INFO  Test worker     d.u.i.k.p.i.AbstractProblemLoader Loading environment from src/test/resources/testcase/merge/dummy.key 
575888     DEBUG Test worker     d.u.i.k.p.i.AbstractProblemLoader Environment load took 238ns 
575889     INFO  Test worker     d.u.i.k.p.i.AbstractProblemLoader Creating init config 
578933     DEBUG Test worker     d.u.i.k.p.i.AbstractProblemLoader Init config took 3.04s 
578945     INFO  Test worker     d.u.i.k.p.i.AbstractProblemLoader Replaying proof dummy.key 
578946     DEBUG Test worker     d.u.i.k.p.i.IntermediateProofReplayer Proof replay took 56.1ns 
578948     INFO  Test worker     d.u.i.k.p.i.AbstractProblemLoader Loading environment from src/test/resources/testcase/merge/dummy.key 
578948     DEBUG Test worker     d.u.i.k.p.i.AbstractProblemLoader Environment load took 57.2ns 
578948     INFO  Test worker     d.u.i.k.p.i.AbstractProblemLoader Creating init config 
582004     DEBUG Test worker     d.u.i.k.p.i.AbstractProblemLoader Init config took 3.06s 
582017     INFO  Test worker     d.u.i.k.p.i.AbstractProblemLoader Replaying proof dummy.key 
582018     DEBUG Test worker     d.u.i.k.p.i.IntermediateProofReplayer Proof replay took 3.5ns 
]]></system-out>
  <system-err><![CDATA[]]></system-err>
</testsuite>
