<?xml version="1.0" encoding="UTF-8"?>
<testsuite name="de.uka.ilkd.key.logic.TestTermLabelManager" tests="21" skipped="0" failures="0" errors="0" timestamp="2023-05-19T08:11:25" hostname="fv-az283-299" time="58.617">
  <properties/>
  <testcase name="testInstantiateLabels_directChildPolicies_allRules()" classname="de.uka.ilkd.key.logic.TestTermLabelManager" time="4.467"/>
  <testcase name="testInstantiateLabels_childAndGrandchildPolicies_ruleSpecific()" classname="de.uka.ilkd.key.logic.TestTermLabelManager" time="2.964"/>
  <testcase name="testParseLabel()" classname="de.uka.ilkd.key.logic.TestTermLabelManager" time="3.034"/>
  <testcase name="testrefactorGoal_childrenAndGrandchildren_ruleSpecific()" classname="de.uka.ilkd.key.logic.TestTermLabelManager" time="2.982"/>
  <testcase name="testrefactorGoal_directChildren_allRules()" classname="de.uka.ilkd.key.logic.TestTermLabelManager" time="3.045"/>
  <testcase name="testInstantiateLabels_childAndGrandchildPolicies_allRules()" classname="de.uka.ilkd.key.logic.TestTermLabelManager" time="3.049"/>
  <testcase name="testInstantiateLabels_taclet()" classname="de.uka.ilkd.key.logic.TestTermLabelManager" time="3.035"/>
  <testcase name="testrefactorGoal_none_ruleSpecific()" classname="de.uka.ilkd.key.logic.TestTermLabelManager" time="3.021"/>
  <testcase name="testInstantiateLabels_updates_ruleSpecific()" classname="de.uka.ilkd.key.logic.TestTermLabelManager" time="2.948"/>
  <testcase name="testrefactorGoal_sequent_ruleSpecific()" classname="de.uka.ilkd.key.logic.TestTermLabelManager" time="2.966"/>
  <testcase name="testInstantiateLabels_updates_allRules()" classname="de.uka.ilkd.key.logic.TestTermLabelManager" time="2.955"/>
  <testcase name="testrefactorGoal_sequent_allRules()" classname="de.uka.ilkd.key.logic.TestTermLabelManager" time="3.021"/>
  <testcase name="testrefactorGoal_childrenAndGrandchildren_allRules()" classname="de.uka.ilkd.key.logic.TestTermLabelManager" time="3.019"/>
  <testcase name="testGetTermLabelManager()" classname="de.uka.ilkd.key.logic.TestTermLabelManager" time="0.001"/>
  <testcase name="testInstantiateLabels_applicationTermPolicies()" classname="de.uka.ilkd.key.logic.TestTermLabelManager" time="2.998"/>
  <testcase name="testInstantiateLabels_modalityTermPolicies()" classname="de.uka.ilkd.key.logic.TestTermLabelManager" time="2.998"/>
  <testcase name="testrefactorGoal_none_allRules()" classname="de.uka.ilkd.key.logic.TestTermLabelManager" time="3.094"/>
  <testcase name="testInstantiateLabels_null()" classname="de.uka.ilkd.key.logic.TestTermLabelManager" time="0.0"/>
  <testcase name="testrefactorGoal_directChildren_ruleSpecific()" classname="de.uka.ilkd.key.logic.TestTermLabelManager" time="3.048"/>
  <testcase name="testInstantiateLabels_directChildPolicies_ruleSpecific()" classname="de.uka.ilkd.key.logic.TestTermLabelManager" time="2.999"/>
  <testcase name="testGetSupportedTermLabelNames()" classname="de.uka.ilkd.key.logic.TestTermLabelManager" time="2.968"/>
  <system-out><![CDATA[115129     INFO  Test worker     d.u.i.k.p.i.AbstractProblemLoader Loading environment from src/test/resources/testcase/termLabels/flatSteps/FlatSteps.java 
115130     DEBUG Test worker     d.u.i.k.p.i.AbstractProblemLoader Environment load took 558.5ns 
115131     INFO  Test worker     d.u.i.k.p.i.AbstractProblemLoader Creating init config 
115307     DEBUG Test worker     d.u.i.k.j.TypeConverter   No LDT found for Meta 
115308     DEBUG Test worker     d.u.i.k.j.TypeConverter   No LDT found for Meta 
115309     DEBUG Test worker     d.u.i.k.j.TypeConverter   No LDT found for Meta 
115310     DEBUG Test worker     d.u.i.k.j.TypeConverter   No LDT found for Meta 
116119     DEBUG Test worker     d.u.i.k.j.TypeConverter   No LDT found for JavaBigintExpression 
119592     DEBUG Test worker     d.u.i.k.p.i.AbstractProblemLoader Init config took 4.46s 
119596     INFO  Test worker     d.u.i.k.p.i.AbstractProblemLoader Loading environment from src/test/resources/testcase/termLabels/flatSteps/FlatSteps.java 
119596     DEBUG Test worker     d.u.i.k.p.i.AbstractProblemLoader Environment load took 110.8ns 
119597     INFO  Test worker     d.u.i.k.p.i.AbstractProblemLoader Creating init config 
122557     DEBUG Test worker     d.u.i.k.p.i.AbstractProblemLoader Init config took 2.96s 
122561     INFO  Test worker     d.u.i.k.p.i.AbstractProblemLoader Loading environment from src/test/resources/testcase/termLabels/flatSteps/FlatSteps.java 
122561     DEBUG Test worker     d.u.i.k.p.i.AbstractProblemLoader Environment load took 113.6ns 
122562     INFO  Test worker     d.u.i.k.p.i.AbstractProblemLoader Creating init config 
125590     DEBUG Test worker     d.u.i.k.p.i.AbstractProblemLoader Init config took 3.03s 
125595     INFO  Test worker     d.u.i.k.p.i.AbstractProblemLoader Loading environment from src/test/resources/testcase/termLabels/flatSteps/FlatSteps.java 
125595     DEBUG Test worker     d.u.i.k.p.i.AbstractProblemLoader Environment load took 512.1ns 
125596     INFO  Test worker     d.u.i.k.p.i.AbstractProblemLoader Creating init config 
128569     DEBUG Test worker     d.u.i.k.p.i.AbstractProblemLoader Init config took 2.97s 
128577     INFO  Test worker     d.u.i.k.p.i.AbstractProblemLoader Loading environment from src/test/resources/testcase/termLabels/flatSteps/FlatSteps.java 
128578     DEBUG Test worker     d.u.i.k.p.i.AbstractProblemLoader Environment load took 122.5ns 
128578     INFO  Test worker     d.u.i.k.p.i.AbstractProblemLoader Creating init config 
131616     DEBUG Test worker     d.u.i.k.p.i.AbstractProblemLoader Init config took 3.04s 
131622     INFO  Test worker     d.u.i.k.p.i.AbstractProblemLoader Loading environment from src/test/resources/testcase/termLabels/flatSteps/FlatSteps.java 
131622     DEBUG Test worker     d.u.i.k.p.i.AbstractProblemLoader Environment load took 88.5ns 
131623     INFO  Test worker     d.u.i.k.p.i.AbstractProblemLoader Creating init config 
134668     DEBUG Test worker     d.u.i.k.p.i.AbstractProblemLoader Init config took 3.04s 
134671     INFO  Test worker     d.u.i.k.p.i.AbstractProblemLoader Loading environment from src/test/resources/testcase/termLabels/flatSteps/FlatSteps.java 
134671     DEBUG Test worker     d.u.i.k.p.i.AbstractProblemLoader Environment load took 103.2ns 
134672     INFO  Test worker     d.u.i.k.p.i.AbstractProblemLoader Creating init config 
137703     DEBUG Test worker     d.u.i.k.p.i.AbstractProblemLoader Init config took 3.03s 
137706     INFO  Test worker     d.u.i.k.p.i.AbstractProblemLoader Loading environment from src/test/resources/testcase/termLabels/flatSteps/FlatSteps.java 
137706     DEBUG Test worker     d.u.i.k.p.i.AbstractProblemLoader Environment load took 102.9ns 
137707     INFO  Test worker     d.u.i.k.p.i.AbstractProblemLoader Creating init config 
140720     DEBUG Test worker     d.u.i.k.p.i.AbstractProblemLoader Init config took 3.01s 
140727     INFO  Test worker     d.u.i.k.p.i.AbstractProblemLoader Loading environment from src/test/resources/testcase/termLabels/flatSteps/FlatSteps.java 
140727     DEBUG Test worker     d.u.i.k.p.i.AbstractProblemLoader Environment load took 119.3ns 
140727     INFO  Test worker     d.u.i.k.p.i.AbstractProblemLoader Creating init config 
143672     DEBUG Test worker     d.u.i.k.p.i.AbstractProblemLoader Init config took 2.94s 
143675     INFO  Test worker     d.u.i.k.p.i.AbstractProblemLoader Loading environment from src/test/resources/testcase/termLabels/flatSteps/FlatSteps.java 
143675     DEBUG Test worker     d.u.i.k.p.i.AbstractProblemLoader Environment load took 91.4ns 
143679     INFO  Test worker     d.u.i.k.p.i.AbstractProblemLoader Creating init config 
146635     DEBUG Test worker     d.u.i.k.p.i.AbstractProblemLoader Init config took 2.96s 
146642     INFO  Test worker     d.u.i.k.p.i.AbstractProblemLoader Loading environment from src/test/resources/testcase/termLabels/flatSteps/FlatSteps.java 
146642     DEBUG Test worker     d.u.i.k.p.i.AbstractProblemLoader Environment load took 97.5ns 
146642     INFO  Test worker     d.u.i.k.p.i.AbstractProblemLoader Creating init config 
149595     DEBUG Test worker     d.u.i.k.p.i.AbstractProblemLoader Init config took 2.95s 
149597     INFO  Test worker     d.u.i.k.p.i.AbstractProblemLoader Loading environment from src/test/resources/testcase/termLabels/flatSteps/FlatSteps.java 
149598     DEBUG Test worker     d.u.i.k.p.i.AbstractProblemLoader Environment load took 86.2ns 
149600     INFO  Test worker     d.u.i.k.p.i.AbstractProblemLoader Creating init config 
152612     DEBUG Test worker     d.u.i.k.p.i.AbstractProblemLoader Init config took 3.01s 
152619     INFO  Test worker     d.u.i.k.p.i.AbstractProblemLoader Loading environment from src/test/resources/testcase/termLabels/flatSteps/FlatSteps.java 
152619     DEBUG Test worker     d.u.i.k.p.i.AbstractProblemLoader Environment load took 88.6ns 
152619     INFO  Test worker     d.u.i.k.p.i.AbstractProblemLoader Creating init config 
155631     DEBUG Test worker     d.u.i.k.p.i.AbstractProblemLoader Init config took 3.01s 
155639     INFO  Test worker     d.u.i.k.p.i.AbstractProblemLoader Loading environment from src/test/resources/testcase/termLabels/flatSteps/FlatSteps.java 
155639     DEBUG Test worker     d.u.i.k.p.i.AbstractProblemLoader Environment load took 133.5ns 
155639     INFO  Test worker     d.u.i.k.p.i.AbstractProblemLoader Creating init config 
158634     DEBUG Test worker     d.u.i.k.p.i.AbstractProblemLoader Init config took 2.99s 
158638     INFO  Test worker     d.u.i.k.p.i.AbstractProblemLoader Loading environment from src/test/resources/testcase/termLabels/flatSteps/FlatSteps.java 
158638     DEBUG Test worker     d.u.i.k.p.i.AbstractProblemLoader Environment load took 111ns 
158639     INFO  Test worker     d.u.i.k.p.i.AbstractProblemLoader Creating init config 
161633     DEBUG Test worker     d.u.i.k.p.i.AbstractProblemLoader Init config took 2.99s 
161636     INFO  Test worker     d.u.i.k.p.i.AbstractProblemLoader Loading environment from src/test/resources/testcase/termLabels/flatSteps/FlatSteps.java 
161637     DEBUG Test worker     d.u.i.k.p.i.AbstractProblemLoader Environment load took 100.7ns 
161637     INFO  Test worker     d.u.i.k.p.i.AbstractProblemLoader Creating init config 
164723     DEBUG Test worker     d.u.i.k.p.i.AbstractProblemLoader Init config took 3.09s 
164730     INFO  Test worker     d.u.i.k.p.i.AbstractProblemLoader Loading environment from src/test/resources/testcase/termLabels/flatSteps/FlatSteps.java 
164730     DEBUG Test worker     d.u.i.k.p.i.AbstractProblemLoader Environment load took 109ns 
164731     INFO  Test worker     d.u.i.k.p.i.AbstractProblemLoader Creating init config 
167772     DEBUG Test worker     d.u.i.k.p.i.AbstractProblemLoader Init config took 3.04s 
167778     INFO  Test worker     d.u.i.k.p.i.AbstractProblemLoader Loading environment from src/test/resources/testcase/termLabels/flatSteps/FlatSteps.java 
167778     DEBUG Test worker     d.u.i.k.p.i.AbstractProblemLoader Environment load took 93.9ns 
167779     INFO  Test worker     d.u.i.k.p.i.AbstractProblemLoader Creating init config 
170775     DEBUG Test worker     d.u.i.k.p.i.AbstractProblemLoader Init config took 3s 
170778     INFO  Test worker     d.u.i.k.p.i.AbstractProblemLoader Loading environment from src/test/resources/testcase/termLabels/flatSteps/FlatSteps.java 
170778     DEBUG Test worker     d.u.i.k.p.i.AbstractProblemLoader Environment load took 105ns 
170779     INFO  Test worker     d.u.i.k.p.i.AbstractProblemLoader Creating init config 
173744     DEBUG Test worker     d.u.i.k.p.i.AbstractProblemLoader Init config took 2.97s 
]]></system-out>
  <system-err><![CDATA[]]></system-err>
</testsuite>
