<?xml version="1.0" encoding="UTF-8"?>
<testsuite name="de.uka.ilkd.key.proof.TestOneStepSimplifier" tests="1" skipped="0" failures="0" errors="0" timestamp="2023-05-19T08:16:55" hostname="fv-az283-299" time="4.112">
  <properties/>
  <testcase name="loadWithRestriction()" classname="de.uka.ilkd.key.proof.TestOneStepSimplifier" time="4.112"/>
  <system-out><![CDATA[445921     INFO  Test worker     d.u.i.k.p.i.AbstractProblemLoader Loading environment from src/test/resources/testcase/ossRestriction.proof 
445921     DEBUG Test worker     d.u.i.k.p.i.AbstractProblemLoader Environment load took 107.4ns 
445922     INFO  Test worker     d.u.i.k.p.i.AbstractProblemLoader Creating init config 
446116     DEBUG Test worker     d.u.i.k.j.TypeConverter   No LDT found for Meta 
446116     DEBUG Test worker     d.u.i.k.j.TypeConverter   No LDT found for Meta 
446117     DEBUG Test worker     d.u.i.k.j.TypeConverter   No LDT found for Meta 
446117     DEBUG Test worker     d.u.i.k.j.TypeConverter   No LDT found for Meta 
446685     DEBUG Test worker     d.u.i.k.j.TypeConverter   No LDT found for JavaBigintExpression 
450006     DEBUG Test worker     d.u.i.k.p.i.AbstractProblemLoader Init config took 4.08s 
450029     INFO  Test worker     d.u.i.k.p.i.AbstractProblemLoader Replaying proof ossRestriction.proof 
450032     DEBUG Test worker     d.u.i.k.p.i.IntermediateProofReplayer Proof replay took 854.9ns 
]]></system-out>
  <system-err><![CDATA[]]></system-err>
</testsuite>
