<?xml version="1.0" encoding="UTF-8"?>
<testsuite name="de.uka.ilkd.key.symbolic_execution.testcase.TestTruthValueEvaluationUtil" tests="29" skipped="5" failures="0" errors="0" timestamp="2023-01-31T16:36:37" hostname="fv-az987-979" time="69.48">
  <properties/>
  <testcase name="IGNORE_testAddingOfLabeledSubtree()" classname="de.uka.ilkd.key.symbolic_execution.testcase.TestTruthValueEvaluationUtil" time="0.0">
    <skipped/>
  </testcase>
  <testcase name="IGNORE_testArrayUtil()" classname="de.uka.ilkd.key.symbolic_execution.testcase.TestTruthValueEvaluationUtil" time="0.0">
    <skipped/>
  </testcase>
  <testcase name="IGNORE_testArrayUtil_NoOneStepSimplification()" classname="de.uka.ilkd.key.symbolic_execution.testcase.TestTruthValueEvaluationUtil" time="0.0">
    <skipped/>
  </testcase>
  <testcase name="IGNORE_testAssignableAndLoop()" classname="de.uka.ilkd.key.symbolic_execution.testcase.TestTruthValueEvaluationUtil" time="0.0">
    <skipped/>
  </testcase>
  <testcase name="IGNORE_testBlockContractMagic42()" classname="de.uka.ilkd.key.symbolic_execution.testcase.TestTruthValueEvaluationUtil" time="0.0">
    <skipped/>
  </testcase>
  <testcase name="testAnd3_replaceKnown()" classname="de.uka.ilkd.key.symbolic_execution.testcase.TestTruthValueEvaluationUtil" time="3.548"/>
  <testcase name="testArraySumWhile()" classname="de.uka.ilkd.key.symbolic_execution.testcase.TestTruthValueEvaluationUtil" time="2.844"/>
  <testcase name="testArraySumWhile_NoOneStepSimplification()" classname="de.uka.ilkd.key.symbolic_execution.testcase.TestTruthValueEvaluationUtil" time="2.86"/>
  <testcase name="testDifferentBranchesTest()" classname="de.uka.ilkd.key.symbolic_execution.testcase.TestTruthValueEvaluationUtil" time="3.194"/>
  <testcase name="testEquivExample_NoOneStepSimplification()" classname="de.uka.ilkd.key.symbolic_execution.testcase.TestTruthValueEvaluationUtil" time="2.597"/>
  <testcase name="testExceptinalAssignableNothingTest()" classname="de.uka.ilkd.key.symbolic_execution.testcase.TestTruthValueEvaluationUtil" time="2.803"/>
  <testcase name="testExceptinalAssignableNothingTest_OSS()" classname="de.uka.ilkd.key.symbolic_execution.testcase.TestTruthValueEvaluationUtil" time="2.811"/>
  <testcase name="testIfThenElseFormula()" classname="de.uka.ilkd.key.symbolic_execution.testcase.TestTruthValueEvaluationUtil" time="2.941"/>
  <testcase name="testIfThenElseInteger()" classname="de.uka.ilkd.key.symbolic_execution.testcase.TestTruthValueEvaluationUtil" time="2.904"/>
  <testcase name="testIfThenElseNotFormula()" classname="de.uka.ilkd.key.symbolic_execution.testcase.TestTruthValueEvaluationUtil" time="2.927"/>
  <testcase name="testJoinTestAfterBranchConditionWithWeakeningGoal()" classname="de.uka.ilkd.key.symbolic_execution.testcase.TestTruthValueEvaluationUtil" time="2.752"/>
  <testcase name="testMultiplePredicateResultsTest()" classname="de.uka.ilkd.key.symbolic_execution.testcase.TestTruthValueEvaluationUtil" time="2.798"/>
  <testcase name="testMyInteger()" classname="de.uka.ilkd.key.symbolic_execution.testcase.TestTruthValueEvaluationUtil" time="2.738"/>
  <testcase name="testNotLastEvaluationGivesTruthValue()" classname="de.uka.ilkd.key.symbolic_execution.testcase.TestTruthValueEvaluationUtil" time="2.644"/>
  <testcase name="testSimpleInstanceMethodContractApplication()" classname="de.uka.ilkd.key.symbolic_execution.testcase.TestTruthValueEvaluationUtil" time="2.668"/>
  <testcase name="testSimpleInstanceMethodContractApplication_NoOneStepSimplification()" classname="de.uka.ilkd.key.symbolic_execution.testcase.TestTruthValueEvaluationUtil" time="2.674"/>
  <testcase name="testSimpleMethodContractApplication()" classname="de.uka.ilkd.key.symbolic_execution.testcase.TestTruthValueEvaluationUtil" time="2.54"/>
  <testcase name="testSimpleMethodContractApplication_NoOneStepSimplification()" classname="de.uka.ilkd.key.symbolic_execution.testcase.TestTruthValueEvaluationUtil" time="2.569"/>
  <testcase name="testTruthValueLabelBelowUpdatesDifferentToApplicationTerm()" classname="de.uka.ilkd.key.symbolic_execution.testcase.TestTruthValueEvaluationUtil" time="2.545"/>
  <testcase name="testUnderstandingProofs_Account()" classname="de.uka.ilkd.key.symbolic_execution.testcase.TestTruthValueEvaluationUtil" time="2.925"/>
  <testcase name="testUnderstandingProofs_ArrayUtil()" classname="de.uka.ilkd.key.symbolic_execution.testcase.TestTruthValueEvaluationUtil" time="4.603"/>
  <testcase name="testUnderstandingProofs_Calendar()" classname="de.uka.ilkd.key.symbolic_execution.testcase.TestTruthValueEvaluationUtil" time="3.28"/>
  <testcase name="testUnderstandingProofs_MyInteger()" classname="de.uka.ilkd.key.symbolic_execution.testcase.TestTruthValueEvaluationUtil" time="2.724"/>
  <testcase name="testValueRejectedFormula()" classname="de.uka.ilkd.key.symbolic_execution.testcase.TestTruthValueEvaluationUtil" time="2.582"/>
  <system-out><![CDATA[]]></system-out>
  <system-err><![CDATA[]]></system-err>
</testsuite>
