<?xml version="1.0" encoding="UTF-8"?>
<testsuite name="de.uka.ilkd.key.parser.TestDeclParser" tests="14" skipped="2" failures="0" errors="0" timestamp="2023-04-11T15:18:12" hostname="fv-az269-955" time="10.091">
  <properties/>
  <testcase name="testGenericSortDecl1()" classname="de.uka.ilkd.key.parser.TestDeclParser" time="0.854"/>
  <testcase name="testGenericSortDecl2()" classname="de.uka.ilkd.key.parser.TestDeclParser" time="0.852"/>
  <testcase name="testGenericSortDecl3()" classname="de.uka.ilkd.key.parser.TestDeclParser" time="0.852"/>
  <testcase name="testGenericSortDecl4()" classname="de.uka.ilkd.key.parser.TestDeclParser" time="0.787"/>
  <testcase name="testGenericSortDecl5()" classname="de.uka.ilkd.key.parser.TestDeclParser" time="0.0">
    <skipped/>
  </testcase>
  <testcase name="testGenericSortDecl6()" classname="de.uka.ilkd.key.parser.TestDeclParser" time="0.852"/>
  <testcase name="testSortDecl()" classname="de.uka.ilkd.key.parser.TestDeclParser" time="0.849"/>
  <testcase name="testProxySortDecl()" classname="de.uka.ilkd.key.parser.TestDeclParser" time="0.792"/>
  <testcase name="testArrayDecl()" classname="de.uka.ilkd.key.parser.TestDeclParser" time="0.897"/>
  <testcase name="testAmbiguousDecls()" classname="de.uka.ilkd.key.parser.TestDeclParser" time="0.0">
    <skipped/>
  </testcase>
  <testcase name="testHeurDecl()" classname="de.uka.ilkd.key.parser.TestDeclParser" time="0.857"/>
  <testcase name="testFunctionDecl()" classname="de.uka.ilkd.key.parser.TestDeclParser" time="0.788"/>
  <testcase name="testPredicateDecl()" classname="de.uka.ilkd.key.parser.TestDeclParser" time="0.85"/>
  <testcase name="testSVDecl()" classname="de.uka.ilkd.key.parser.TestDeclParser" time="0.855"/>
  <system-out><![CDATA[194917     INFO  Test worker     d.u.i.k.n.KeyIO           Parsing took 0 ms 
194917     INFO  Test worker     d.u.i.k.n.KeyIO           MODE: declarations took 0 ms 
195777     INFO  Test worker     d.u.i.k.n.KeyIO           Parsing took 0 ms 
195777     INFO  Test worker     d.u.i.k.n.KeyIO           MODE: declarations took 0 ms 
196621     INFO  Test worker     d.u.i.k.n.KeyIO           Parsing took 0 ms 
196621     INFO  Test worker     d.u.i.k.n.KeyIO           MODE: declarations took 0 ms 
197402     INFO  Test worker     d.u.i.k.n.KeyIO           Parsing took 0 ms 
197402     INFO  Test worker     d.u.i.k.n.KeyIO           MODE: declarations took 0 ms 
198262     INFO  Test worker     d.u.i.k.n.KeyIO           Parsing took 0 ms 
198262     INFO  Test worker     d.u.i.k.n.KeyIO           MODE: declarations took 0 ms 
199106     INFO  Test worker     d.u.i.k.n.KeyIO           Parsing took 0 ms 
199106     INFO  Test worker     d.u.i.k.n.KeyIO           MODE: declarations took 0 ms 
199888     INFO  Test worker     d.u.i.k.n.KeyIO           Parsing took 0 ms 
199904     INFO  Test worker     d.u.i.k.n.KeyIO           MODE: declarations took 16 ms 
200796     INFO  Test worker     d.u.i.k.n.KeyIO           Parsing took 0 ms 
200796     INFO  Test worker     d.u.i.k.n.KeyIO           MODE: declarations took 0 ms 
201656     INFO  Test worker     d.u.i.k.n.KeyIO           Parsing took 0 ms 
201656     INFO  Test worker     d.u.i.k.n.KeyIO           MODE: declarations took 0 ms 
202437     INFO  Test worker     d.u.i.k.n.KeyIO           Parsing took 0 ms 
202437     INFO  Test worker     d.u.i.k.n.KeyIO           MODE: declarations took 0 ms 
203297     INFO  Test worker     d.u.i.k.n.KeyIO           Parsing took 0 ms 
203297     INFO  Test worker     d.u.i.k.n.KeyIO           MODE: declarations took 0 ms 
204141     INFO  Test worker     d.u.i.k.n.KeyIO           Parsing took 0 ms 
204157     INFO  Test worker     d.u.i.k.n.KeyIO           MODE: declarations took 0 ms 
]]></system-out>
  <system-err><![CDATA[]]></system-err>
</testsuite>
