<?xml version="1.0" encoding="UTF-8"?>
<testsuite name="de.uka.ilkd.key.java.recoderext.TestEnumClassDeclaration" tests="3" skipped="0" failures="0" errors="0" timestamp="2023-04-11T15:15:31" hostname="fv-az269-955" time="0.025">
  <properties/>
  <testcase name="testTwo()" classname="de.uka.ilkd.key.java.recoderext.TestEnumClassDeclaration" time="0.009"/>
  <testcase name="test2Constr()" classname="de.uka.ilkd.key.java.recoderext.TestEnumClassDeclaration" time="0.005"/>
  <testcase name="testSimple()" classname="de.uka.ilkd.key.java.recoderext.TestEnumClassDeclaration" time="0.01"/>
  <system-out><![CDATA[]]></system-out>
  <system-err><![CDATA[]]></system-err>
</testsuite>
