<?xml version="1.0" encoding="UTF-8"?>
<testsuite name="de.uka.ilkd.key.symbolic_execution.testcase.TestExecutionVariableExtractor" tests="16" skipped="0" failures="0" errors="0" timestamp="2023-02-03T11:23:32" hostname="fv-az507-303" time="115.233">
  <properties/>
  <testcase name="testUpdateVariablesTest()" classname="de.uka.ilkd.key.symbolic_execution.testcase.TestExecutionVariableExtractor" time="4.413"/>
  <testcase name="testVariableArrayIndex()" classname="de.uka.ilkd.key.symbolic_execution.testcase.TestExecutionVariableExtractor" time="4.998"/>
  <testcase name="testVariableMethodContractTest()" classname="de.uka.ilkd.key.symbolic_execution.testcase.TestExecutionVariableExtractor" time="5.703"/>
  <testcase name="testVariableVariablesArrayTest()" classname="de.uka.ilkd.key.symbolic_execution.testcase.TestExecutionVariableExtractor" time="7.858"/>
  <testcase name="testVariablesArrayAssignmentTest()" classname="de.uka.ilkd.key.symbolic_execution.testcase.TestExecutionVariableExtractor" time="4.958"/>
  <testcase name="testVariablesArrayCreationInstanceTest()" classname="de.uka.ilkd.key.symbolic_execution.testcase.TestExecutionVariableExtractor" time="8.247"/>
  <testcase name="testVariablesArrayCreationTest()" classname="de.uka.ilkd.key.symbolic_execution.testcase.TestExecutionVariableExtractor" time="6.895"/>
  <testcase name="testVariablesConditionalCycle()" classname="de.uka.ilkd.key.symbolic_execution.testcase.TestExecutionVariableExtractor" time="4.865"/>
  <testcase name="testVariablesConditionalValuesTest()" classname="de.uka.ilkd.key.symbolic_execution.testcase.TestExecutionVariableExtractor" time="8.03"/>
  <testcase name="testVariablesConditionalValuesTest_next()" classname="de.uka.ilkd.key.symbolic_execution.testcase.TestExecutionVariableExtractor" time="8.829"/>
  <testcase name="testVariablesEmptyArrayCreationTest()" classname="de.uka.ilkd.key.symbolic_execution.testcase.TestExecutionVariableExtractor" time="4.257"/>
  <testcase name="testVariablesLocalVariablesTest()" classname="de.uka.ilkd.key.symbolic_execution.testcase.TestExecutionVariableExtractor" time="3.784"/>
  <testcase name="testVariablesNonSimpleArrayAssignmentTest()" classname="de.uka.ilkd.key.symbolic_execution.testcase.TestExecutionVariableExtractor" time="15.438"/>
  <testcase name="testVariablesNonSimpleArrayCreationTest()" classname="de.uka.ilkd.key.symbolic_execution.testcase.TestExecutionVariableExtractor" time="6.864"/>
  <testcase name="testVariablesSimpleCycle()" classname="de.uka.ilkd.key.symbolic_execution.testcase.TestExecutionVariableExtractor" time="3.933"/>
  <testcase name="testVariablesWithQuantifier()" classname="de.uka.ilkd.key.symbolic_execution.testcase.TestExecutionVariableExtractor" time="16.149"/>
  <system-out><![CDATA[]]></system-out>
  <system-err><![CDATA[]]></system-err>
</testsuite>
