<?xml version="1.0" encoding="UTF-8"?>
<testsuite name="de.uka.ilkd.key.symbolic_execution.testcase.TestSymbolicExecutionTreeBuilder" tests="186" skipped="1" failures="0" errors="0" timestamp="2023-02-03T11:25:31" hostname="fv-az507-303" time="926.866">
  <properties/>
  <testcase name="testAllNodeTypesTest_JavaProfile()" classname="de.uka.ilkd.key.symbolic_execution.testcase.TestSymbolicExecutionTreeBuilder" time="15.202"/>
  <testcase name="testAllNodeTypesTest_JavaProfile_NoOneStepSimplification()" classname="de.uka.ilkd.key.symbolic_execution.testcase.TestSymbolicExecutionTreeBuilder" time="15.062"/>
  <testcase name="testAllNodeTypesTest_SymbolicExecutionProfile()" classname="de.uka.ilkd.key.symbolic_execution.testcase.TestSymbolicExecutionTreeBuilder" time="3.765"/>
  <testcase name="testAnotherInstanceContractTest()" classname="de.uka.ilkd.key.symbolic_execution.testcase.TestSymbolicExecutionTreeBuilder" time="3.957"/>
  <testcase name="testAnotherStaticContractTest()" classname="de.uka.ilkd.key.symbolic_execution.testcase.TestSymbolicExecutionTreeBuilder" time="3.768"/>
  <testcase name="testArraySumWhileWithBreak()" classname="de.uka.ilkd.key.symbolic_execution.testcase.TestSymbolicExecutionTreeBuilder" time="4.485"/>
  <testcase name="testArraySumWhileWithContinue()" classname="de.uka.ilkd.key.symbolic_execution.testcase.TestSymbolicExecutionTreeBuilder" time="5.111"/>
  <testcase name="testArraySumWhileWithException()" classname="de.uka.ilkd.key.symbolic_execution.testcase.TestSymbolicExecutionTreeBuilder" time="4.719"/>
  <testcase name="testArraySumWhileWithReturn()" classname="de.uka.ilkd.key.symbolic_execution.testcase.TestSymbolicExecutionTreeBuilder" time="4.338"/>
  <testcase name="testAssumesUserInputTest()" classname="de.uka.ilkd.key.symbolic_execution.testcase.TestSymbolicExecutionTreeBuilder" time="3.965"/>
  <testcase name="testBlockContractAssignableEverything()" classname="de.uka.ilkd.key.symbolic_execution.testcase.TestSymbolicExecutionTreeBuilder" time="3.648"/>
  <testcase name="testBlockContractAssignableLocationNotRequested()" classname="de.uka.ilkd.key.symbolic_execution.testcase.TestSymbolicExecutionTreeBuilder" time="3.525"/>
  <testcase name="testBlockContractAssignableRequestedLocation()" classname="de.uka.ilkd.key.symbolic_execution.testcase.TestSymbolicExecutionTreeBuilder" time="3.531"/>
  <testcase name="testBlockContractParamRemaned()" classname="de.uka.ilkd.key.symbolic_execution.testcase.TestSymbolicExecutionTreeBuilder" time="3.615"/>
  <testcase name="testBlockContractPreconditionNotVerified()" classname="de.uka.ilkd.key.symbolic_execution.testcase.TestSymbolicExecutionTreeBuilder" time="3.546"/>
  <testcase name="testBlockContractThisTest()" classname="de.uka.ilkd.key.symbolic_execution.testcase.TestSymbolicExecutionTreeBuilder" time="3.609"/>
  <testcase name="testBlockContractVarRenamedLater()" classname="de.uka.ilkd.key.symbolic_execution.testcase.TestSymbolicExecutionTreeBuilder" time="3.581"/>
  <testcase name="testBlockContractWithException()" classname="de.uka.ilkd.key.symbolic_execution.testcase.TestSymbolicExecutionTreeBuilder" time="3.96"/>
  <testcase name="testBlockContractWithExceptionPostconditionNotVerified()" classname="de.uka.ilkd.key.symbolic_execution.testcase.TestSymbolicExecutionTreeBuilder" time="3.956"/>
  <testcase name="testBlockContractWithReturn()" classname="de.uka.ilkd.key.symbolic_execution.testcase.TestSymbolicExecutionTreeBuilder" time="3.497"/>
  <testcase name="testBlockContractWithReturnPostconditionNotVerified()" classname="de.uka.ilkd.key.symbolic_execution.testcase.TestSymbolicExecutionTreeBuilder" time="3.521"/>
  <testcase name="testBranchPruning()" classname="de.uka.ilkd.key.symbolic_execution.testcase.TestSymbolicExecutionTreeBuilder" time="3.689"/>
  <testcase name="testBranchStatementBlockTest_ifNoBlock()" classname="de.uka.ilkd.key.symbolic_execution.testcase.TestSymbolicExecutionTreeBuilder" time="3.639"/>
  <testcase name="testBranchStatementBlockTest_min()" classname="de.uka.ilkd.key.symbolic_execution.testcase.TestSymbolicExecutionTreeBuilder" time="3.733"/>
  <testcase name="testBranchStatementBlockTest_nestedIf()" classname="de.uka.ilkd.key.symbolic_execution.testcase.TestSymbolicExecutionTreeBuilder" time="3.944"/>
  <testcase name="testBranchStatementBlockTest_onlyElse()" classname="de.uka.ilkd.key.symbolic_execution.testcase.TestSymbolicExecutionTreeBuilder" time="3.479"/>
  <testcase name="testBranchStatementBlockTest_onlyEmptyThen()" classname="de.uka.ilkd.key.symbolic_execution.testcase.TestSymbolicExecutionTreeBuilder" time="3.486"/>
  <testcase name="testBranchStatementBlockTest_onlyThen()" classname="de.uka.ilkd.key.symbolic_execution.testcase.TestSymbolicExecutionTreeBuilder" time="3.489"/>
  <testcase name="testBranchStatementBlockTest_recursive()" classname="de.uka.ilkd.key.symbolic_execution.testcase.TestSymbolicExecutionTreeBuilder" time="3.809"/>
  <testcase name="testBranchStatementBlockTest_simpleBlock()" classname="de.uka.ilkd.key.symbolic_execution.testcase.TestSymbolicExecutionTreeBuilder" time="3.463"/>
  <testcase name="testBranchStatementBlockTest_switchTest()" classname="de.uka.ilkd.key.symbolic_execution.testcase.TestSymbolicExecutionTreeBuilder" time="4.502"/>
  <testcase name="testComplexConstructorTest()" classname="de.uka.ilkd.key.symbolic_execution.testcase.TestSymbolicExecutionTreeBuilder" time="0.001">
    <skipped/>
  </testcase>
  <testcase name="testComplexFlatSteps()" classname="de.uka.ilkd.key.symbolic_execution.testcase.TestSymbolicExecutionTreeBuilder" time="3.469"/>
  <testcase name="testComplexIf()" classname="de.uka.ilkd.key.symbolic_execution.testcase.TestSymbolicExecutionTreeBuilder" time="3.684"/>
  <testcase name="testComplexPruning()" classname="de.uka.ilkd.key.symbolic_execution.testcase.TestSymbolicExecutionTreeBuilder" time="3.678"/>
  <testcase name="testConstraintsAfterUsedLoopInvariant()" classname="de.uka.ilkd.key.symbolic_execution.testcase.TestSymbolicExecutionTreeBuilder" time="10.613"/>
  <testcase name="testConstraintsOfAppliedMethodContract()" classname="de.uka.ilkd.key.symbolic_execution.testcase.TestSymbolicExecutionTreeBuilder" time="10.184"/>
  <testcase name="testDoWhileFlaseTest()" classname="de.uka.ilkd.key.symbolic_execution.testcase.TestSymbolicExecutionTreeBuilder" time="3.488"/>
  <testcase name="testDoWhileTest()" classname="de.uka.ilkd.key.symbolic_execution.testcase.TestSymbolicExecutionTreeBuilder" time="3.689"/>
  <testcase name="testElseIfDifferentVariables()" classname="de.uka.ilkd.key.symbolic_execution.testcase.TestSymbolicExecutionTreeBuilder" time="3.862"/>
  <testcase name="testElseIfTest()" classname="de.uka.ilkd.key.symbolic_execution.testcase.TestSymbolicExecutionTreeBuilder" time="4.934"/>
  <testcase name="testElseIfTest_mergedBranchConditions()" classname="de.uka.ilkd.key.symbolic_execution.testcase.TestSymbolicExecutionTreeBuilder" time="4.918"/>
  <testcase name="testElseIfTest_variablesParameterAttributesChange()" classname="de.uka.ilkd.key.symbolic_execution.testcase.TestSymbolicExecutionTreeBuilder" time="5.517"/>
  <testcase name="testEmptyBlockTest()" classname="de.uka.ilkd.key.symbolic_execution.testcase.TestSymbolicExecutionTreeBuilder" time="3.454"/>
  <testcase name="testExceptionalMethodReturnTest()" classname="de.uka.ilkd.key.symbolic_execution.testcase.TestSymbolicExecutionTreeBuilder" time="3.918"/>
  <testcase name="testExceptionalMethodReturnTestWithLoop()" classname="de.uka.ilkd.key.symbolic_execution.testcase.TestSymbolicExecutionTreeBuilder" time="4.677"/>
  <testcase name="testFixedRecursiveMethodCallTest()" classname="de.uka.ilkd.key.symbolic_execution.testcase.TestSymbolicExecutionTreeBuilder" time="3.742"/>
  <testcase name="testForEachTest()" classname="de.uka.ilkd.key.symbolic_execution.testcase.TestSymbolicExecutionTreeBuilder" time="3.892"/>
  <testcase name="testForFalseTest()" classname="de.uka.ilkd.key.symbolic_execution.testcase.TestSymbolicExecutionTreeBuilder" time="3.459"/>
  <testcase name="testForTest()" classname="de.uka.ilkd.key.symbolic_execution.testcase.TestSymbolicExecutionTreeBuilder" time="3.64"/>
  <testcase name="testFunctionalDoWhileTest()" classname="de.uka.ilkd.key.symbolic_execution.testcase.TestSymbolicExecutionTreeBuilder" time="3.832"/>
  <testcase name="testFunctionalForTest()" classname="de.uka.ilkd.key.symbolic_execution.testcase.TestSymbolicExecutionTreeBuilder" time="3.885"/>
  <testcase name="testFunctionalIf()" classname="de.uka.ilkd.key.symbolic_execution.testcase.TestSymbolicExecutionTreeBuilder" time="3.74"/>
  <testcase name="testFunctionalWhileTest()" classname="de.uka.ilkd.key.symbolic_execution.testcase.TestSymbolicExecutionTreeBuilder" time="3.928"/>
  <testcase name="testIdenticalTermsDuringProof()" classname="de.uka.ilkd.key.symbolic_execution.testcase.TestSymbolicExecutionTreeBuilder" time="3.947"/>
  <testcase name="testInstanceContractTest_mainBooleanResultUnspecifiedUnused()" classname="de.uka.ilkd.key.symbolic_execution.testcase.TestSymbolicExecutionTreeBuilder" time="3.498"/>
  <testcase name="testInstanceContractTest_mainBooleanResultUnused()" classname="de.uka.ilkd.key.symbolic_execution.testcase.TestSymbolicExecutionTreeBuilder" time="3.57"/>
  <testcase name="testInstanceContractTest_mainConstructor()" classname="de.uka.ilkd.key.symbolic_execution.testcase.TestSymbolicExecutionTreeBuilder" time="3.552"/>
  <testcase name="testInstanceContractTest_mainExceptinal()" classname="de.uka.ilkd.key.symbolic_execution.testcase.TestSymbolicExecutionTreeBuilder" time="3.544"/>
  <testcase name="testInstanceContractTest_mainExceptinalUnused()" classname="de.uka.ilkd.key.symbolic_execution.testcase.TestSymbolicExecutionTreeBuilder" time="3.552"/>
  <testcase name="testInstanceContractTest_mainExceptinalVoid()" classname="de.uka.ilkd.key.symbolic_execution.testcase.TestSymbolicExecutionTreeBuilder" time="3.505"/>
  <testcase name="testInstanceContractTest_mainExceptionalConstructor()" classname="de.uka.ilkd.key.symbolic_execution.testcase.TestSymbolicExecutionTreeBuilder" time="3.581"/>
  <testcase name="testInstanceContractTest_mainNoArgs()" classname="de.uka.ilkd.key.symbolic_execution.testcase.TestSymbolicExecutionTreeBuilder" time="3.536"/>
  <testcase name="testInstanceContractTest_mainOnObject()" classname="de.uka.ilkd.key.symbolic_execution.testcase.TestSymbolicExecutionTreeBuilder" time="3.635"/>
  <testcase name="testInstanceContractTest_mainResult()" classname="de.uka.ilkd.key.symbolic_execution.testcase.TestSymbolicExecutionTreeBuilder" time="3.613"/>
  <testcase name="testInstanceContractTest_mainResultNotSpecified()" classname="de.uka.ilkd.key.symbolic_execution.testcase.TestSymbolicExecutionTreeBuilder" time="3.621"/>
  <testcase name="testInstanceContractTest_mainVoidMethod()" classname="de.uka.ilkd.key.symbolic_execution.testcase.TestSymbolicExecutionTreeBuilder" time="3.576"/>
  <testcase name="testInstanceOfNotInEndlessLoop()" classname="de.uka.ilkd.key.symbolic_execution.testcase.TestSymbolicExecutionTreeBuilder" time="3.961"/>
  <testcase name="testJoinTestAfterAssignment()" classname="de.uka.ilkd.key.symbolic_execution.testcase.TestSymbolicExecutionTreeBuilder" time="3.56"/>
  <testcase name="testJoinTestAfterBranchCondition()" classname="de.uka.ilkd.key.symbolic_execution.testcase.TestSymbolicExecutionTreeBuilder" time="3.543"/>
  <testcase name="testJoinTestAfterBranchConditionWithWeakeningGoal()" classname="de.uka.ilkd.key.symbolic_execution.testcase.TestSymbolicExecutionTreeBuilder" time="3.487"/>
  <testcase name="testJoinTestAfterBranchConditionWithWeakeningGoalAndSubgoals()" classname="de.uka.ilkd.key.symbolic_execution.testcase.TestSymbolicExecutionTreeBuilder" time="3.472"/>
  <testcase name="testJoinTestAfterBranchConditionWithWeakeningGoalNotVerified()" classname="de.uka.ilkd.key.symbolic_execution.testcase.TestSymbolicExecutionTreeBuilder" time="3.51"/>
  <testcase name="testLabelTest_doubled()" classname="de.uka.ilkd.key.symbolic_execution.testcase.TestSymbolicExecutionTreeBuilder" time="3.433"/>
  <testcase name="testLabelTest_lost()" classname="de.uka.ilkd.key.symbolic_execution.testcase.TestSymbolicExecutionTreeBuilder" time="3.442"/>
  <testcase name="testLoopBodyBranchClosed()" classname="de.uka.ilkd.key.symbolic_execution.testcase.TestSymbolicExecutionTreeBuilder" time="3.43"/>
  <testcase name="testLoopInvariantAndOperationContractStrictlyPure()" classname="de.uka.ilkd.key.symbolic_execution.testcase.TestSymbolicExecutionTreeBuilder" time="6.36"/>
  <testcase name="testLoopInvariantMethodReturnInDifferentModalities()" classname="de.uka.ilkd.key.symbolic_execution.testcase.TestSymbolicExecutionTreeBuilder" time="5.027"/>
  <testcase name="testLoopIteration_LoopStatementCopied()" classname="de.uka.ilkd.key.symbolic_execution.testcase.TestSymbolicExecutionTreeBuilder" time="3.56"/>
  <testcase name="testLoopIteration_LoopStatementReused()" classname="de.uka.ilkd.key.symbolic_execution.testcase.TestSymbolicExecutionTreeBuilder" time="3.568"/>
  <testcase name="testLoopIteration_LoopWithMethod()" classname="de.uka.ilkd.key.symbolic_execution.testcase.TestSymbolicExecutionTreeBuilder" time="4.213"/>
  <testcase name="testLoopStatementBlockTest_nestedLoop()" classname="de.uka.ilkd.key.symbolic_execution.testcase.TestSymbolicExecutionTreeBuilder" time="4.812"/>
  <testcase name="testLoopStatementBlockTest_simpleLoop()" classname="de.uka.ilkd.key.symbolic_execution.testcase.TestSymbolicExecutionTreeBuilder" time="3.582"/>
  <testcase name="testLoopUsageBranchClosed()" classname="de.uka.ilkd.key.symbolic_execution.testcase.TestSymbolicExecutionTreeBuilder" time="3.478"/>
  <testcase name="testMethodCallOnObject()" classname="de.uka.ilkd.key.symbolic_execution.testcase.TestSymbolicExecutionTreeBuilder" time="3.662"/>
  <testcase name="testMethodCallOnObjectWithException()" classname="de.uka.ilkd.key.symbolic_execution.testcase.TestSymbolicExecutionTreeBuilder" time="3.971"/>
  <testcase name="testMethodCallParallelTest()" classname="de.uka.ilkd.key.symbolic_execution.testcase.TestSymbolicExecutionTreeBuilder" time="4.137"/>
  <testcase name="testMethodCallReturnTests()" classname="de.uka.ilkd.key.symbolic_execution.testcase.TestSymbolicExecutionTreeBuilder" time="16.079"/>
  <testcase name="testMethodCallStack()" classname="de.uka.ilkd.key.symbolic_execution.testcase.TestSymbolicExecutionTreeBuilder" time="4.628"/>
  <testcase name="testMethodFormatTest()" classname="de.uka.ilkd.key.symbolic_execution.testcase.TestSymbolicExecutionTreeBuilder" time="3.854"/>
  <testcase name="testMethodHierarchyCallTest()" classname="de.uka.ilkd.key.symbolic_execution.testcase.TestSymbolicExecutionTreeBuilder" time="3.648"/>
  <testcase name="testMethodHierarchyCallWithExceptionTest()" classname="de.uka.ilkd.key.symbolic_execution.testcase.TestSymbolicExecutionTreeBuilder" time="3.611"/>
  <testcase name="testNestedDoWhileTest()" classname="de.uka.ilkd.key.symbolic_execution.testcase.TestSymbolicExecutionTreeBuilder" time="3.633"/>
  <testcase name="testNestedForTest()" classname="de.uka.ilkd.key.symbolic_execution.testcase.TestSymbolicExecutionTreeBuilder" time="3.728"/>
  <testcase name="testNestedLoopsWithContinue()" classname="de.uka.ilkd.key.symbolic_execution.testcase.TestSymbolicExecutionTreeBuilder" time="5.678"/>
  <testcase name="testNestedWhileTest()" classname="de.uka.ilkd.key.symbolic_execution.testcase.TestSymbolicExecutionTreeBuilder" time="3.868"/>
  <testcase name="testPrettyPrinting_Disabled()" classname="de.uka.ilkd.key.symbolic_execution.testcase.TestSymbolicExecutionTreeBuilder" time="7.195"/>
  <testcase name="testPrettyPrinting_Enabled()" classname="de.uka.ilkd.key.symbolic_execution.testcase.TestSymbolicExecutionTreeBuilder" time="7.063"/>
  <testcase name="testRecursiveFibonacci_LONG_RUNNING_TEST()" classname="de.uka.ilkd.key.symbolic_execution.testcase.TestSymbolicExecutionTreeBuilder" time="47.513"/>
  <testcase name="testSimpleConstructorTest()" classname="de.uka.ilkd.key.symbolic_execution.testcase.TestSymbolicExecutionTreeBuilder" time="3.629"/>
  <testcase name="testSimpleIf()" classname="de.uka.ilkd.key.symbolic_execution.testcase.TestSymbolicExecutionTreeBuilder" time="3.788"/>
  <testcase name="testSimpleIfNoConditionSimplification()" classname="de.uka.ilkd.key.symbolic_execution.testcase.TestSymbolicExecutionTreeBuilder" time="3.486"/>
  <testcase name="testSimpleMethodCallStack()" classname="de.uka.ilkd.key.symbolic_execution.testcase.TestSymbolicExecutionTreeBuilder" time="3.479"/>
  <testcase name="testSimpleNullPointerSplitTest()" classname="de.uka.ilkd.key.symbolic_execution.testcase.TestSymbolicExecutionTreeBuilder" time="3.653"/>
  <testcase name="testSimplePruning()" classname="de.uka.ilkd.key.symbolic_execution.testcase.TestSymbolicExecutionTreeBuilder" time="3.638"/>
  <testcase name="testSimpleStaticContractTest()" classname="de.uka.ilkd.key.symbolic_execution.testcase.TestSymbolicExecutionTreeBuilder" time="3.503"/>
  <testcase name="testStatementKindTest()" classname="de.uka.ilkd.key.symbolic_execution.testcase.TestSymbolicExecutionTreeBuilder" time="3.566"/>
  <testcase name="testStatements()" classname="de.uka.ilkd.key.symbolic_execution.testcase.TestSymbolicExecutionTreeBuilder" time="3.445"/>
  <testcase name="testStaticContractTest_mainBooleanResultUnspecifiedUnused()" classname="de.uka.ilkd.key.symbolic_execution.testcase.TestSymbolicExecutionTreeBuilder" time="3.472"/>
  <testcase name="testStaticContractTest_mainBooleanResultUnused()" classname="de.uka.ilkd.key.symbolic_execution.testcase.TestSymbolicExecutionTreeBuilder" time="3.482"/>
  <testcase name="testStaticContractTest_mainConstructor()" classname="de.uka.ilkd.key.symbolic_execution.testcase.TestSymbolicExecutionTreeBuilder" time="3.545"/>
  <testcase name="testStaticContractTest_mainExceptinal()" classname="de.uka.ilkd.key.symbolic_execution.testcase.TestSymbolicExecutionTreeBuilder" time="3.475"/>
  <testcase name="testStaticContractTest_mainExceptinalUnused()" classname="de.uka.ilkd.key.symbolic_execution.testcase.TestSymbolicExecutionTreeBuilder" time="3.497"/>
  <testcase name="testStaticContractTest_mainExceptinalVoid()" classname="de.uka.ilkd.key.symbolic_execution.testcase.TestSymbolicExecutionTreeBuilder" time="3.484"/>
  <testcase name="testStaticContractTest_mainExceptionalConstructor()" classname="de.uka.ilkd.key.symbolic_execution.testcase.TestSymbolicExecutionTreeBuilder" time="3.495"/>
  <testcase name="testStaticContractTest_mainNoArgs()" classname="de.uka.ilkd.key.symbolic_execution.testcase.TestSymbolicExecutionTreeBuilder" time="3.537"/>
  <testcase name="testStaticContractTest_mainOnObject()" classname="de.uka.ilkd.key.symbolic_execution.testcase.TestSymbolicExecutionTreeBuilder" time="3.607"/>
  <testcase name="testStaticContractTest_mainResult()" classname="de.uka.ilkd.key.symbolic_execution.testcase.TestSymbolicExecutionTreeBuilder" time="3.568"/>
  <testcase name="testStaticContractTest_mainResultNotSpecified()" classname="de.uka.ilkd.key.symbolic_execution.testcase.TestSymbolicExecutionTreeBuilder" time="3.524"/>
  <testcase name="testStaticContractTest_mainVoidMethod()" classname="de.uka.ilkd.key.symbolic_execution.testcase.TestSymbolicExecutionTreeBuilder" time="3.506"/>
  <testcase name="testStaticDefaultContractTest()" classname="de.uka.ilkd.key.symbolic_execution.testcase.TestSymbolicExecutionTreeBuilder" time="3.572"/>
  <testcase name="testStaticInstanceFieldChanged()" classname="de.uka.ilkd.key.symbolic_execution.testcase.TestSymbolicExecutionTreeBuilder" time="14.403"/>
  <testcase name="testStaticMethodCall()" classname="de.uka.ilkd.key.symbolic_execution.testcase.TestSymbolicExecutionTreeBuilder" time="3.565"/>
  <testcase name="testSwitchCaseTest()" classname="de.uka.ilkd.key.symbolic_execution.testcase.TestSymbolicExecutionTreeBuilder" time="4.509"/>
  <testcase name="testSwitchCaseTest_mergedBranchConditions()" classname="de.uka.ilkd.key.symbolic_execution.testcase.TestSymbolicExecutionTreeBuilder" time="4.758"/>
  <testcase name="testSymbolicExecutionCompletionsTest()" classname="de.uka.ilkd.key.symbolic_execution.testcase.TestSymbolicExecutionTreeBuilder" time="4.016"/>
  <testcase name="testThrowTest()" classname="de.uka.ilkd.key.symbolic_execution.testcase.TestSymbolicExecutionTreeBuilder" time="3.539"/>
  <testcase name="testThrowVariableTest()" classname="de.uka.ilkd.key.symbolic_execution.testcase.TestSymbolicExecutionTreeBuilder" time="3.587"/>
  <testcase name="testTryCatchFinally()" classname="de.uka.ilkd.key.symbolic_execution.testcase.TestSymbolicExecutionTreeBuilder" time="3.813"/>
  <testcase name="testUnicode_Disabled()" classname="de.uka.ilkd.key.symbolic_execution.testcase.TestSymbolicExecutionTreeBuilder" time="6.815"/>
  <testcase name="testUnicode_Enabled()" classname="de.uka.ilkd.key.symbolic_execution.testcase.TestSymbolicExecutionTreeBuilder" time="6.742"/>
  <testcase name="testUseLoopInvariantArrayAverage()" classname="de.uka.ilkd.key.symbolic_execution.testcase.TestSymbolicExecutionTreeBuilder" time="5.594"/>
  <testcase name="testUseLoopInvariantArraySizeDoWhile()" classname="de.uka.ilkd.key.symbolic_execution.testcase.TestSymbolicExecutionTreeBuilder" time="3.914"/>
  <testcase name="testUseLoopInvariantArraySizeWhile()" classname="de.uka.ilkd.key.symbolic_execution.testcase.TestSymbolicExecutionTreeBuilder" time="3.865"/>
  <testcase name="testUseLoopInvariantArraySumFor()" classname="de.uka.ilkd.key.symbolic_execution.testcase.TestSymbolicExecutionTreeBuilder" time="3.972"/>
  <testcase name="testUseLoopInvariantArraySumForEach()" classname="de.uka.ilkd.key.symbolic_execution.testcase.TestSymbolicExecutionTreeBuilder" time="3.994"/>
  <testcase name="testUseLoopInvariantArraySumWhile()" classname="de.uka.ilkd.key.symbolic_execution.testcase.TestSymbolicExecutionTreeBuilder" time="3.983"/>
  <testcase name="testUseLoopInvariantArraySumWhileInitiallyInvalid()" classname="de.uka.ilkd.key.symbolic_execution.testcase.TestSymbolicExecutionTreeBuilder" time="4.014"/>
  <testcase name="testUseLoopInvariantLoopSplittingCondition()" classname="de.uka.ilkd.key.symbolic_execution.testcase.TestSymbolicExecutionTreeBuilder" time="4.522"/>
  <testcase name="testUseLoopInvariantTwoLoops()" classname="de.uka.ilkd.key.symbolic_execution.testcase.TestSymbolicExecutionTreeBuilder" time="4.237"/>
  <testcase name="testUseLoopInvariantWithoutDecreasing()" classname="de.uka.ilkd.key.symbolic_execution.testcase.TestSymbolicExecutionTreeBuilder" time="3.975"/>
  <testcase name="testUseOperationContractAllBranchesOpenTest()" classname="de.uka.ilkd.key.symbolic_execution.testcase.TestSymbolicExecutionTreeBuilder" time="4.251"/>
  <testcase name="testUseOperationContractApplyContractTwice()" classname="de.uka.ilkd.key.symbolic_execution.testcase.TestSymbolicExecutionTreeBuilder" time="3.449"/>
  <testcase name="testUseOperationContractExceptionalNoPreconditionWithNullCheckTest()" classname="de.uka.ilkd.key.symbolic_execution.testcase.TestSymbolicExecutionTreeBuilder" time="3.527"/>
  <testcase name="testUseOperationContractFalsePreconditionTest()" classname="de.uka.ilkd.key.symbolic_execution.testcase.TestSymbolicExecutionTreeBuilder" time="3.57"/>
  <testcase name="testUseOperationContractFixedNormalPostTest()" classname="de.uka.ilkd.key.symbolic_execution.testcase.TestSymbolicExecutionTreeBuilder" time="3.458"/>
  <testcase name="testUseOperationContractInvalidPreconditionOnObjectTest()" classname="de.uka.ilkd.key.symbolic_execution.testcase.TestSymbolicExecutionTreeBuilder" time="3.478"/>
  <testcase name="testUseOperationContractInvalidPreconditionTest()" classname="de.uka.ilkd.key.symbolic_execution.testcase.TestSymbolicExecutionTreeBuilder" time="3.629"/>
  <testcase name="testUseOperationContractLightweightOperationContractTest()" classname="de.uka.ilkd.key.symbolic_execution.testcase.TestSymbolicExecutionTreeBuilder" time="3.535"/>
  <testcase name="testUseOperationContractNoExceptionTest()" classname="de.uka.ilkd.key.symbolic_execution.testcase.TestSymbolicExecutionTreeBuilder" time="3.5"/>
  <testcase name="testUseOperationContractNoPreconditionTest()" classname="de.uka.ilkd.key.symbolic_execution.testcase.TestSymbolicExecutionTreeBuilder" time="3.453"/>
  <testcase name="testUseOperationContractNoPreconditionWithNullCheckTest()" classname="de.uka.ilkd.key.symbolic_execution.testcase.TestSymbolicExecutionTreeBuilder" time="3.525"/>
  <testcase name="testUseOperationContractNormalAndExceptionalBranchTest()" classname="de.uka.ilkd.key.symbolic_execution.testcase.TestSymbolicExecutionTreeBuilder" time="3.724"/>
  <testcase name="testUseOperationContractNormalAndExceptionalTogetherTest()" classname="de.uka.ilkd.key.symbolic_execution.testcase.TestSymbolicExecutionTreeBuilder" time="3.438"/>
  <testcase name="testUseOperationContractQueryTest()" classname="de.uka.ilkd.key.symbolic_execution.testcase.TestSymbolicExecutionTreeBuilder" time="3.431"/>
  <testcase name="testUseOperationContractStatementsInImpliciteConstructor()" classname="de.uka.ilkd.key.symbolic_execution.testcase.TestSymbolicExecutionTreeBuilder" time="17.582"/>
  <testcase name="testUseOperationContractVariableNestedOperationContractUse()" classname="de.uka.ilkd.key.symbolic_execution.testcase.TestSymbolicExecutionTreeBuilder" time="3.43"/>
  <testcase name="testVariablesArrayAssignmentTest()" classname="de.uka.ilkd.key.symbolic_execution.testcase.TestSymbolicExecutionTreeBuilder" time="5.604"/>
  <testcase name="testVariablesArrayCreationInstanceTest()" classname="de.uka.ilkd.key.symbolic_execution.testcase.TestSymbolicExecutionTreeBuilder" time="7.265"/>
  <testcase name="testVariablesArrayCreationTest()" classname="de.uka.ilkd.key.symbolic_execution.testcase.TestSymbolicExecutionTreeBuilder" time="7.43"/>
  <testcase name="testVariablesArrayTest()" classname="de.uka.ilkd.key.symbolic_execution.testcase.TestSymbolicExecutionTreeBuilder" time="9.892"/>
  <testcase name="testVariablesEmptyArrayCreationTest()" classname="de.uka.ilkd.key.symbolic_execution.testcase.TestSymbolicExecutionTreeBuilder" time="4.462"/>
  <testcase name="testVariablesInstanceVariableTest()" classname="de.uka.ilkd.key.symbolic_execution.testcase.TestSymbolicExecutionTreeBuilder" time="25.68"/>
  <testcase name="testVariablesLocalTest()" classname="de.uka.ilkd.key.symbolic_execution.testcase.TestSymbolicExecutionTreeBuilder" time="5.776"/>
  <testcase name="testVariablesNonSimpleArrayAssignmentTest()" classname="de.uka.ilkd.key.symbolic_execution.testcase.TestSymbolicExecutionTreeBuilder" time="27.995"/>
  <testcase name="testVariablesNonSimpleArrayCreationTest()" classname="de.uka.ilkd.key.symbolic_execution.testcase.TestSymbolicExecutionTreeBuilder" time="9.142"/>
  <testcase name="testVariablesStaticTest()" classname="de.uka.ilkd.key.symbolic_execution.testcase.TestSymbolicExecutionTreeBuilder" time="5.328"/>
  <testcase name="testVariablesUnknownTest()" classname="de.uka.ilkd.key.symbolic_execution.testcase.TestSymbolicExecutionTreeBuilder" time="14.625"/>
  <testcase name="testVerifiedTest_loop()" classname="de.uka.ilkd.key.symbolic_execution.testcase.TestSymbolicExecutionTreeBuilder" time="4.164"/>
  <testcase name="testVerifiedTest_magic()" classname="de.uka.ilkd.key.symbolic_execution.testcase.TestSymbolicExecutionTreeBuilder" time="3.494"/>
  <testcase name="testVerifiedTest_magicException()" classname="de.uka.ilkd.key.symbolic_execution.testcase.TestSymbolicExecutionTreeBuilder" time="3.582"/>
  <testcase name="testVerifiedTest_notLoop()" classname="de.uka.ilkd.key.symbolic_execution.testcase.TestSymbolicExecutionTreeBuilder" time="4.255"/>
  <testcase name="testVerifiedTest_notMagic()" classname="de.uka.ilkd.key.symbolic_execution.testcase.TestSymbolicExecutionTreeBuilder" time="3.462"/>
  <testcase name="testVerifiedTest_notMagicException()" classname="de.uka.ilkd.key.symbolic_execution.testcase.TestSymbolicExecutionTreeBuilder" time="3.588"/>
  <testcase name="testVerifyMin()" classname="de.uka.ilkd.key.symbolic_execution.testcase.TestSymbolicExecutionTreeBuilder" time="6.527"/>
  <testcase name="testVerifyMinTrueBranch()" classname="de.uka.ilkd.key.symbolic_execution.testcase.TestSymbolicExecutionTreeBuilder" time="3.308"/>
  <testcase name="testVerifyNumberNormal()" classname="de.uka.ilkd.key.symbolic_execution.testcase.TestSymbolicExecutionTreeBuilder" time="3.636"/>
  <testcase name="testVoidWhileWithReturn()" classname="de.uka.ilkd.key.symbolic_execution.testcase.TestSymbolicExecutionTreeBuilder" time="4.334"/>
  <testcase name="testWhileFalseTest()" classname="de.uka.ilkd.key.symbolic_execution.testcase.TestSymbolicExecutionTreeBuilder" time="3.418"/>
  <testcase name="testWhileTest()" classname="de.uka.ilkd.key.symbolic_execution.testcase.TestSymbolicExecutionTreeBuilder" time="3.666"/>
  <testcase name="testWhileWithLoopInvariantInCondition()" classname="de.uka.ilkd.key.symbolic_execution.testcase.TestSymbolicExecutionTreeBuilder" time="4.52"/>
  <testcase name="testWhileWithMethodCallAsConditionOnObject()" classname="de.uka.ilkd.key.symbolic_execution.testcase.TestSymbolicExecutionTreeBuilder" time="9.723"/>
  <testcase name="testWhileWithMethodCallAsCondition_NoPreExpandMethods()" classname="de.uka.ilkd.key.symbolic_execution.testcase.TestSymbolicExecutionTreeBuilder" time="4.096"/>
  <testcase name="testWhileWithMethodCallAsCondition_NoPreMethodContract()" classname="de.uka.ilkd.key.symbolic_execution.testcase.TestSymbolicExecutionTreeBuilder" time="5.891"/>
  <testcase name="testWhileWithMethodCallAsCondition_preExpandMethods()" classname="de.uka.ilkd.key.symbolic_execution.testcase.TestSymbolicExecutionTreeBuilder" time="4.091"/>
  <testcase name="testWhileWithMethodCallAsCondition_preMethodContract()" classname="de.uka.ilkd.key.symbolic_execution.testcase.TestSymbolicExecutionTreeBuilder" time="3.883"/>
  <system-out><![CDATA[]]></system-out>
  <system-err><![CDATA[]]></system-err>
</testsuite>
