<?xml version="1.0" encoding="UTF-8"?>
<testsuite name="de.uka.ilkd.key.parser.TestTermParserHeap" tests="39" skipped="0" failures="0" errors="0" timestamp="2023-05-24T08:54:39" hostname="fv-az319-950" time="121.973">
  <properties/>
  <testcase name="testBracketHeapUpdate()" classname="de.uka.ilkd.key.parser.TestTermParserHeap" time="0.017"/>
  <testcase name="testStore()" classname="de.uka.ilkd.key.parser.TestTermParserHeap" time="0.009"/>
  <testcase name="testUnknownConstant()" classname="de.uka.ilkd.key.parser.TestTermParserHeap" time="0.002"/>
  <testcase name="testAllFieldsSelector()" classname="de.uka.ilkd.key.parser.TestTermParserHeap" time="0.004"/>
  <testcase name="testParsePrettyPrintedSelect()" classname="de.uka.ilkd.key.parser.TestTermParserHeap" time="0.004"/>
  <testcase name="testAccessStaticMembers()" classname="de.uka.ilkd.key.parser.TestTermParserHeap" time="0.007"/>
  <testcase name="testAtOperator_1()" classname="de.uka.ilkd.key.parser.TestTermParserHeap" time="0.026"/>
  <testcase name="testAtOperator_2()" classname="de.uka.ilkd.key.parser.TestTermParserHeap" time="0.004"/>
  <testcase name="testAtOperator_3()" classname="de.uka.ilkd.key.parser.TestTermParserHeap" time="0.004"/>
  <testcase name="testAtOperator_4()" classname="de.uka.ilkd.key.parser.TestTermParserHeap" time="0.011"/>
  <testcase name="testAtOperator_5()" classname="de.uka.ilkd.key.parser.TestTermParserHeap" time="0.005"/>
  <testcase name="testAtOperator_6()" classname="de.uka.ilkd.key.parser.TestTermParserHeap" time="0.003"/>
  <testcase name="testAtOperator_7()" classname="de.uka.ilkd.key.parser.TestTermParserHeap" time="0.004"/>
  <testcase name="testAtOperator_8()" classname="de.uka.ilkd.key.parser.TestTermParserHeap" time="0.002"/>
  <testcase name="testVerifyExceptionIfAtOperatorNotPreceededBySelectTerm()" classname="de.uka.ilkd.key.parser.TestTermParserHeap" time="0.007"/>
  <testcase name="testBugResettingCounter()" classname="de.uka.ilkd.key.parser.TestTermParserHeap" time="0.002"/>
  <testcase name="testLocationSets()" classname="de.uka.ilkd.key.parser.TestTermParserHeap" time="0.007"/>
  <testcase name="testQuantifiedSelect()" classname="de.uka.ilkd.key.parser.TestTermParserHeap" time="0.004"/>
  <testcase name="testGenericObjectProperties()" classname="de.uka.ilkd.key.parser.TestTermParserHeap" time="0.005"/>
  <testcase name="testQueryInheritance_1()" classname="de.uka.ilkd.key.parser.TestTermParserHeap" time="0.003"/>
  <testcase name="testQueryInheritance_2()" classname="de.uka.ilkd.key.parser.TestTermParserHeap" time="0.002"/>
  <testcase name="testQueryInheritance_3()" classname="de.uka.ilkd.key.parser.TestTermParserHeap" time="0.009"/>
  <testcase name="testQueryInheritance_4()" classname="de.uka.ilkd.key.parser.TestTermParserHeap" time="0.001"/>
  <testcase name="testQueryInheritance_5()" classname="de.uka.ilkd.key.parser.TestTermParserHeap" time="0.003"/>
  <testcase name="testQueryInheritance_6()" classname="de.uka.ilkd.key.parser.TestTermParserHeap" time="0.003"/>
  <testcase name="testQueryInheritance_7()" classname="de.uka.ilkd.key.parser.TestTermParserHeap" time="0.004"/>
  <testcase name="testQueryInheritance_8()" classname="de.uka.ilkd.key.parser.TestTermParserHeap" time="0.005"/>
  <testcase name="testQueryInheritance_9()" classname="de.uka.ilkd.key.parser.TestTermParserHeap" time="0.001"/>
  <testcase name="testQueryBasic_10()" classname="de.uka.ilkd.key.parser.TestTermParserHeap" time="0.002"/>
  <testcase name="testQueryBasic_11()" classname="de.uka.ilkd.key.parser.TestTermParserHeap" time="0.004"/>
  <testcase name="testQueryBasic_1()" classname="de.uka.ilkd.key.parser.TestTermParserHeap" time="0.002"/>
  <testcase name="testQueryBasic_2()" classname="de.uka.ilkd.key.parser.TestTermParserHeap" time="0.007"/>
  <testcase name="testQueryBasic_3()" classname="de.uka.ilkd.key.parser.TestTermParserHeap" time="0.005"/>
  <testcase name="testQueryBasic_4()" classname="de.uka.ilkd.key.parser.TestTermParserHeap" time="0.004"/>
  <testcase name="testQueryBasic_5()" classname="de.uka.ilkd.key.parser.TestTermParserHeap" time="0.002"/>
  <testcase name="testQueryBasic_6()" classname="de.uka.ilkd.key.parser.TestTermParserHeap" time="0.001"/>
  <testcase name="testQueryBasic_7()" classname="de.uka.ilkd.key.parser.TestTermParserHeap" time="0.001"/>
  <testcase name="testQueryBasic_8()" classname="de.uka.ilkd.key.parser.TestTermParserHeap" time="0.006"/>
  <testcase name="testQueryBasic_9()" classname="de.uka.ilkd.key.parser.TestTermParserHeap" time="0.004"/>
  <system-out><![CDATA[341155     INFO  Test worker     d.u.i.k.n.KeyIO           Parsing took 0 ms 
341155     DEBUG Test worker     d.u.i.k.n.KeyIO           Load declarations of de.uka.ilkd.key.nparser.KeyAst$File:  <unknown>:1#1 
341155     INFO  Test worker     d.u.i.k.n.KeyIO           MODE: declarations took 0 ms 
341155     DEBUG Test worker     d.u.i.k.n.KeyIO           MODE: 2nd degree decls took 0 
341155     INFO  Test worker     d.u.i.k.n.KeyIO           Parsing took 0 ms 
341155     DEBUG Test worker     d.u.i.k.n.KeyIO           Load declarations of de.uka.ilkd.key.nparser.KeyAst$File:  <unknown>:1#1 
341155     INFO  Test worker     d.u.i.k.n.KeyIO           MODE: declarations took 0 ms 
341155     DEBUG Test worker     d.u.i.k.n.KeyIO           MODE: 2nd degree decls took 0 
341155     INFO  Test worker     d.u.i.k.n.KeyIO           Parsing took 0 ms 
341155     DEBUG Test worker     d.u.i.k.n.KeyIO           Load declarations of de.uka.ilkd.key.nparser.KeyAst$File:  <unknown>:1#1 
341155     INFO  Test worker     d.u.i.k.n.KeyIO           MODE: declarations took 0 ms 
341155     DEBUG Test worker     d.u.i.k.n.KeyIO           MODE: 2nd degree decls took 0 
341155     INFO  Test worker     d.u.i.k.n.KeyIO           Parsing took 0 ms 
341155     DEBUG Test worker     d.u.i.k.n.KeyIO           Load declarations of de.uka.ilkd.key.nparser.KeyAst$File:  <unknown>:1#1 
341155     INFO  Test worker     d.u.i.k.n.KeyIO           MODE: declarations took 0 ms 
341155     DEBUG Test worker     d.u.i.k.n.KeyIO           MODE: 2nd degree decls took 0 
341155     INFO  Test worker     d.u.i.k.n.KeyIO           Parsing took 0 ms 
341155     DEBUG Test worker     d.u.i.k.n.KeyIO           Load declarations of de.uka.ilkd.key.nparser.KeyAst$File:  <unknown>:1#1 
341155     INFO  Test worker     d.u.i.k.n.KeyIO           MODE: declarations took 0 ms 
341155     DEBUG Test worker     d.u.i.k.n.KeyIO           MODE: 2nd degree decls took 0 
344450     INFO  Test worker     d.u.i.k.n.KeyIO           Parsing took 0 ms 
344450     DEBUG Test worker     d.u.i.k.n.KeyIO           Load declarations of de.uka.ilkd.key.nparser.KeyAst$File:  <unknown>:1#1 
344450     INFO  Test worker     d.u.i.k.n.KeyIO           MODE: declarations took 0 ms 
344450     DEBUG Test worker     d.u.i.k.n.KeyIO           MODE: 2nd degree decls took 0 
344450     INFO  Test worker     d.u.i.k.n.KeyIO           Parsing took 0 ms 
344450     DEBUG Test worker     d.u.i.k.n.KeyIO           Load declarations of de.uka.ilkd.key.nparser.KeyAst$File:  <unknown>:1#1 
344450     INFO  Test worker     d.u.i.k.n.KeyIO           MODE: declarations took 0 ms 
344450     DEBUG Test worker     d.u.i.k.n.KeyIO           MODE: 2nd degree decls took 0 
344450     INFO  Test worker     d.u.i.k.n.KeyIO           Parsing took 0 ms 
344450     DEBUG Test worker     d.u.i.k.n.KeyIO           Load declarations of de.uka.ilkd.key.nparser.KeyAst$File:  <unknown>:1#1 
344450     INFO  Test worker     d.u.i.k.n.KeyIO           MODE: declarations took 0 ms 
344450     DEBUG Test worker     d.u.i.k.n.KeyIO           MODE: 2nd degree decls took 0 
344450     INFO  Test worker     d.u.i.k.n.KeyIO           Parsing took 0 ms 
344450     DEBUG Test worker     d.u.i.k.n.KeyIO           Load declarations of de.uka.ilkd.key.nparser.KeyAst$File:  <unknown>:1#1 
344450     INFO  Test worker     d.u.i.k.n.KeyIO           MODE: declarations took 0 ms 
344450     DEBUG Test worker     d.u.i.k.n.KeyIO           MODE: 2nd degree decls took 0 
344450     INFO  Test worker     d.u.i.k.n.KeyIO           Parsing took 0 ms 
344450     DEBUG Test worker     d.u.i.k.n.KeyIO           Load declarations of de.uka.ilkd.key.nparser.KeyAst$File:  <unknown>:1#1 
344450     INFO  Test worker     d.u.i.k.n.KeyIO           MODE: declarations took 0 ms 
344450     DEBUG Test worker     d.u.i.k.n.KeyIO           MODE: 2nd degree decls took 0 
347732     INFO  Test worker     d.u.i.k.n.KeyIO           Parsing took 0 ms 
347732     DEBUG Test worker     d.u.i.k.n.KeyIO           Load declarations of de.uka.ilkd.key.nparser.KeyAst$File:  <unknown>:1#1 
347732     INFO  Test worker     d.u.i.k.n.KeyIO           MODE: declarations took 0 ms 
347732     DEBUG Test worker     d.u.i.k.n.KeyIO           MODE: 2nd degree decls took 0 
347732     INFO  Test worker     d.u.i.k.n.KeyIO           Parsing took 0 ms 
347732     DEBUG Test worker     d.u.i.k.n.KeyIO           Load declarations of de.uka.ilkd.key.nparser.KeyAst$File:  <unknown>:1#1 
347732     INFO  Test worker     d.u.i.k.n.KeyIO           MODE: declarations took 0 ms 
347732     DEBUG Test worker     d.u.i.k.n.KeyIO           MODE: 2nd degree decls took 0 
347732     INFO  Test worker     d.u.i.k.n.KeyIO           Parsing took 0 ms 
347732     DEBUG Test worker     d.u.i.k.n.KeyIO           Load declarations of de.uka.ilkd.key.nparser.KeyAst$File:  <unknown>:1#1 
347732     INFO  Test worker     d.u.i.k.n.KeyIO           MODE: declarations took 0 ms 
347732     DEBUG Test worker     d.u.i.k.n.KeyIO           MODE: 2nd degree decls took 0 
347732     INFO  Test worker     d.u.i.k.n.KeyIO           Parsing took 0 ms 
347732     DEBUG Test worker     d.u.i.k.n.KeyIO           Load declarations of de.uka.ilkd.key.nparser.KeyAst$File:  <unknown>:1#1 
347732     INFO  Test worker     d.u.i.k.n.KeyIO           MODE: declarations took 0 ms 
347732     DEBUG Test worker     d.u.i.k.n.KeyIO           MODE: 2nd degree decls took 0 
347732     INFO  Test worker     d.u.i.k.n.KeyIO           Parsing took 0 ms 
347732     DEBUG Test worker     d.u.i.k.n.KeyIO           Load declarations of de.uka.ilkd.key.nparser.KeyAst$File:  <unknown>:1#1 
347732     INFO  Test worker     d.u.i.k.n.KeyIO           MODE: declarations took 0 ms 
347732     DEBUG Test worker     d.u.i.k.n.KeyIO           MODE: 2nd degree decls took 0 
347732     INFO  Test worker     d.u.i.k.n.KeyIO           Parsing took 0 ms 
347732     DEBUG Test worker     d.u.i.k.n.KeyIO           Load declarations of de.uka.ilkd.key.nparser.KeyAst$File:  <unknown>:1#1 
347732     INFO  Test worker     d.u.i.k.n.KeyIO           MODE: declarations took 0 ms 
347732     DEBUG Test worker     d.u.i.k.n.KeyIO           MODE: 2nd degree decls took 0 
351070     INFO  Test worker     d.u.i.k.n.KeyIO           Parsing took 0 ms 
351070     DEBUG Test worker     d.u.i.k.n.KeyIO           Load declarations of de.uka.ilkd.key.nparser.KeyAst$File:  <unknown>:1#1 
351070     INFO  Test worker     d.u.i.k.n.KeyIO           MODE: declarations took 0 ms 
351070     DEBUG Test worker     d.u.i.k.n.KeyIO           MODE: 2nd degree decls took 0 
351070     INFO  Test worker     d.u.i.k.n.KeyIO           Parsing took 0 ms 
351070     DEBUG Test worker     d.u.i.k.n.KeyIO           Load declarations of de.uka.ilkd.key.nparser.KeyAst$File:  <unknown>:1#1 
351070     INFO  Test worker     d.u.i.k.n.KeyIO           MODE: declarations took 0 ms 
351070     DEBUG Test worker     d.u.i.k.n.KeyIO           MODE: 2nd degree decls took 0 
351070     INFO  Test worker     d.u.i.k.n.KeyIO           Parsing took 0 ms 
351070     DEBUG Test worker     d.u.i.k.n.KeyIO           Load declarations of de.uka.ilkd.key.nparser.KeyAst$File:  <unknown>:1#1 
351070     INFO  Test worker     d.u.i.k.n.KeyIO           MODE: declarations took 0 ms 
351070     DEBUG Test worker     d.u.i.k.n.KeyIO           MODE: 2nd degree decls took 0 
351070     INFO  Test worker     d.u.i.k.n.KeyIO           Parsing took 0 ms 
351070     DEBUG Test worker     d.u.i.k.n.KeyIO           Load declarations of de.uka.ilkd.key.nparser.KeyAst$File:  <unknown>:1#1 
351070     INFO  Test worker     d.u.i.k.n.KeyIO           MODE: declarations took 0 ms 
351070     DEBUG Test worker     d.u.i.k.n.KeyIO           MODE: 2nd degree decls took 0 
351070     INFO  Test worker     d.u.i.k.n.KeyIO           Parsing took 0 ms 
351070     DEBUG Test worker     d.u.i.k.n.KeyIO           Load declarations of de.uka.ilkd.key.nparser.KeyAst$File:  <unknown>:1#1 
351070     INFO  Test worker     d.u.i.k.n.KeyIO           MODE: declarations took 0 ms 
351070     DEBUG Test worker     d.u.i.k.n.KeyIO           MODE: 2nd degree decls took 0 
354397     INFO  Test worker     d.u.i.k.n.KeyIO           Parsing took 0 ms 
354397     DEBUG Test worker     d.u.i.k.n.KeyIO           Load declarations of de.uka.ilkd.key.nparser.KeyAst$File:  <unknown>:1#1 
354397     INFO  Test worker     d.u.i.k.n.KeyIO           MODE: declarations took 0 ms 
354397     DEBUG Test worker     d.u.i.k.n.KeyIO           MODE: 2nd degree decls took 0 
354397     INFO  Test worker     d.u.i.k.n.KeyIO           Parsing took 0 ms 
354397     DEBUG Test worker     d.u.i.k.n.KeyIO           Load declarations of de.uka.ilkd.key.nparser.KeyAst$File:  <unknown>:1#1 
354397     INFO  Test worker     d.u.i.k.n.KeyIO           MODE: declarations took 0 ms 
354397     DEBUG Test worker     d.u.i.k.n.KeyIO           MODE: 2nd degree decls took 0 
354397     INFO  Test worker     d.u.i.k.n.KeyIO           Parsing took 0 ms 
354397     DEBUG Test worker     d.u.i.k.n.KeyIO           Load declarations of de.uka.ilkd.key.nparser.KeyAst$File:  <unknown>:1#1 
354397     INFO  Test worker     d.u.i.k.n.KeyIO           MODE: declarations took 0 ms 
354397     DEBUG Test worker     d.u.i.k.n.KeyIO           MODE: 2nd degree decls took 0 
354397     INFO  Test worker     d.u.i.k.n.KeyIO           Parsing took 0 ms 
354397     DEBUG Test worker     d.u.i.k.n.KeyIO           Load declarations of de.uka.ilkd.key.nparser.KeyAst$File:  <unknown>:1#1 
354397     INFO  Test worker     d.u.i.k.n.KeyIO           MODE: declarations took 0 ms 
354397     DEBUG Test worker     d.u.i.k.n.KeyIO           MODE: 2nd degree decls took 0 
354397     INFO  Test worker     d.u.i.k.n.KeyIO           Parsing took 0 ms 
354397     DEBUG Test worker     d.u.i.k.n.KeyIO           Load declarations of de.uka.ilkd.key.nparser.KeyAst$File:  <unknown>:1#1 
354397     INFO  Test worker     d.u.i.k.n.KeyIO           MODE: declarations took 0 ms 
354397     DEBUG Test worker     d.u.i.k.n.KeyIO           MODE: 2nd degree decls took 0 
357582     INFO  Test worker     d.u.i.k.n.KeyIO           Parsing took 0 ms 
357582     DEBUG Test worker     d.u.i.k.n.KeyIO           Load declarations of de.uka.ilkd.key.nparser.KeyAst$File:  <unknown>:1#1 
357582     INFO  Test worker     d.u.i.k.n.KeyIO           MODE: declarations took 0 ms 
357582     DEBUG Test worker     d.u.i.k.n.KeyIO           MODE: 2nd degree decls took 0 
357582     INFO  Test worker     d.u.i.k.n.KeyIO           Parsing took 0 ms 
357582     DEBUG Test worker     d.u.i.k.n.KeyIO           Load declarations of de.uka.ilkd.key.nparser.KeyAst$File:  <unknown>:1#1 
357582     INFO  Test worker     d.u.i.k.n.KeyIO           MODE: declarations took 0 ms 
357582     DEBUG Test worker     d.u.i.k.n.KeyIO           MODE: 2nd degree decls took 0 
357582     INFO  Test worker     d.u.i.k.n.KeyIO           Parsing took 0 ms 
357582     DEBUG Test worker     d.u.i.k.n.KeyIO           Load declarations of de.uka.ilkd.key.nparser.KeyAst$File:  <unknown>:1#1 
357582     INFO  Test worker     d.u.i.k.n.KeyIO           MODE: declarations took 0 ms 
357582     DEBUG Test worker     d.u.i.k.n.KeyIO           MODE: 2nd degree decls took 0 
357582     INFO  Test worker     d.u.i.k.n.KeyIO           Parsing took 0 ms 
357582     DEBUG Test worker     d.u.i.k.n.KeyIO           Load declarations of de.uka.ilkd.key.nparser.KeyAst$File:  <unknown>:1#1 
357582     INFO  Test worker     d.u.i.k.n.KeyIO           MODE: declarations took 0 ms 
357582     DEBUG Test worker     d.u.i.k.n.KeyIO           MODE: 2nd degree decls took 0 
357582     INFO  Test worker     d.u.i.k.n.KeyIO           Parsing took 0 ms 
357582     DEBUG Test worker     d.u.i.k.n.KeyIO           Load declarations of de.uka.ilkd.key.nparser.KeyAst$File:  <unknown>:1#1 
357582     INFO  Test worker     d.u.i.k.n.KeyIO           MODE: declarations took 0 ms 
357582     DEBUG Test worker     d.u.i.k.n.KeyIO           MODE: 2nd degree decls took 0 
360767     INFO  Test worker     d.u.i.k.n.KeyIO           Parsing took 0 ms 
360767     DEBUG Test worker     d.u.i.k.n.KeyIO           Load declarations of de.uka.ilkd.key.nparser.KeyAst$File:  <unknown>:1#1 
360767     INFO  Test worker     d.u.i.k.n.KeyIO           MODE: declarations took 0 ms 
360767     DEBUG Test worker     d.u.i.k.n.KeyIO           MODE: 2nd degree decls took 0 
360767     INFO  Test worker     d.u.i.k.n.KeyIO           Parsing took 0 ms 
360767     DEBUG Test worker     d.u.i.k.n.KeyIO           Load declarations of de.uka.ilkd.key.nparser.KeyAst$File:  <unknown>:1#1 
360767     INFO  Test worker     d.u.i.k.n.KeyIO           MODE: declarations took 0 ms 
360767     DEBUG Test worker     d.u.i.k.n.KeyIO           MODE: 2nd degree decls took 0 
360767     INFO  Test worker     d.u.i.k.n.KeyIO           Parsing took 0 ms 
360767     DEBUG Test worker     d.u.i.k.n.KeyIO           Load declarations of de.uka.ilkd.key.nparser.KeyAst$File:  <unknown>:1#1 
360767     INFO  Test worker     d.u.i.k.n.KeyIO           MODE: declarations took 0 ms 
360767     DEBUG Test worker     d.u.i.k.n.KeyIO           MODE: 2nd degree decls took 0 
360767     INFO  Test worker     d.u.i.k.n.KeyIO           Parsing took 0 ms 
360767     DEBUG Test worker     d.u.i.k.n.KeyIO           Load declarations of de.uka.ilkd.key.nparser.KeyAst$File:  <unknown>:1#1 
360767     INFO  Test worker     d.u.i.k.n.KeyIO           MODE: declarations took 0 ms 
360767     DEBUG Test worker     d.u.i.k.n.KeyIO           MODE: 2nd degree decls took 0 
360767     INFO  Test worker     d.u.i.k.n.KeyIO           Parsing took 0 ms 
360767     DEBUG Test worker     d.u.i.k.n.KeyIO           Load declarations of de.uka.ilkd.key.nparser.KeyAst$File:  <unknown>:1#1 
360767     INFO  Test worker     d.u.i.k.n.KeyIO           MODE: declarations took 0 ms 
360767     DEBUG Test worker     d.u.i.k.n.KeyIO           MODE: 2nd degree decls took 0 
363961     INFO  Test worker     d.u.i.k.n.KeyIO           Parsing took 0 ms 
363961     DEBUG Test worker     d.u.i.k.n.KeyIO           Load declarations of de.uka.ilkd.key.nparser.KeyAst$File:  <unknown>:1#1 
363961     INFO  Test worker     d.u.i.k.n.KeyIO           MODE: declarations took 0 ms 
363961     DEBUG Test worker     d.u.i.k.n.KeyIO           MODE: 2nd degree decls took 0 
363961     INFO  Test worker     d.u.i.k.n.KeyIO           Parsing took 0 ms 
363961     DEBUG Test worker     d.u.i.k.n.KeyIO           Load declarations of de.uka.ilkd.key.nparser.KeyAst$File:  <unknown>:1#1 
363961     INFO  Test worker     d.u.i.k.n.KeyIO           MODE: declarations took 0 ms 
363961     DEBUG Test worker     d.u.i.k.n.KeyIO           MODE: 2nd degree decls took 0 
363961     INFO  Test worker     d.u.i.k.n.KeyIO           Parsing took 0 ms 
363961     DEBUG Test worker     d.u.i.k.n.KeyIO           Load declarations of de.uka.ilkd.key.nparser.KeyAst$File:  <unknown>:1#1 
363961     INFO  Test worker     d.u.i.k.n.KeyIO           MODE: declarations took 0 ms 
363961     DEBUG Test worker     d.u.i.k.n.KeyIO           MODE: 2nd degree decls took 0 
363961     INFO  Test worker     d.u.i.k.n.KeyIO           Parsing took 0 ms 
363961     DEBUG Test worker     d.u.i.k.n.KeyIO           Load declarations of de.uka.ilkd.key.nparser.KeyAst$File:  <unknown>:1#1 
363961     INFO  Test worker     d.u.i.k.n.KeyIO           MODE: declarations took 0 ms 
363961     DEBUG Test worker     d.u.i.k.n.KeyIO           MODE: 2nd degree decls took 0 
363961     INFO  Test worker     d.u.i.k.n.KeyIO           Parsing took 0 ms 
363961     DEBUG Test worker     d.u.i.k.n.KeyIO           Load declarations of de.uka.ilkd.key.nparser.KeyAst$File:  <unknown>:1#1 
363961     INFO  Test worker     d.u.i.k.n.KeyIO           MODE: declarations took 0 ms 
363961     DEBUG Test worker     d.u.i.k.n.KeyIO           MODE: 2nd degree decls took 0 
367190     INFO  Test worker     d.u.i.k.n.KeyIO           Parsing took 0 ms 
367190     DEBUG Test worker     d.u.i.k.n.KeyIO           Load declarations of de.uka.ilkd.key.nparser.KeyAst$File:  <unknown>:1#1 
367190     INFO  Test worker     d.u.i.k.n.KeyIO           MODE: declarations took 0 ms 
367190     DEBUG Test worker     d.u.i.k.n.KeyIO           MODE: 2nd degree decls took 0 
367190     INFO  Test worker     d.u.i.k.n.KeyIO           Parsing took 0 ms 
367190     DEBUG Test worker     d.u.i.k.n.KeyIO           Load declarations of de.uka.ilkd.key.nparser.KeyAst$File:  <unknown>:1#1 
367190     INFO  Test worker     d.u.i.k.n.KeyIO           MODE: declarations took 0 ms 
367190     DEBUG Test worker     d.u.i.k.n.KeyIO           MODE: 2nd degree decls took 0 
367190     INFO  Test worker     d.u.i.k.n.KeyIO           Parsing took 0 ms 
367190     DEBUG Test worker     d.u.i.k.n.KeyIO           Load declarations of de.uka.ilkd.key.nparser.KeyAst$File:  <unknown>:1#1 
367190     INFO  Test worker     d.u.i.k.n.KeyIO           MODE: declarations took 0 ms 
367190     DEBUG Test worker     d.u.i.k.n.KeyIO           MODE: 2nd degree decls took 0 
367190     INFO  Test worker     d.u.i.k.n.KeyIO           Parsing took 0 ms 
367190     DEBUG Test worker     d.u.i.k.n.KeyIO           Load declarations of de.uka.ilkd.key.nparser.KeyAst$File:  <unknown>:1#1 
367190     INFO  Test worker     d.u.i.k.n.KeyIO           MODE: declarations took 0 ms 
367190     DEBUG Test worker     d.u.i.k.n.KeyIO           MODE: 2nd degree decls took 0 
367190     INFO  Test worker     d.u.i.k.n.KeyIO           Parsing took 0 ms 
367190     DEBUG Test worker     d.u.i.k.n.KeyIO           Load declarations of de.uka.ilkd.key.nparser.KeyAst$File:  <unknown>:1#1 
367190     INFO  Test worker     d.u.i.k.n.KeyIO           MODE: declarations took 0 ms 
367190     DEBUG Test worker     d.u.i.k.n.KeyIO           MODE: 2nd degree decls took 0 
370389     INFO  Test worker     d.u.i.k.n.KeyIO           Parsing took 0 ms 
370389     DEBUG Test worker     d.u.i.k.n.KeyIO           Load declarations of de.uka.ilkd.key.nparser.KeyAst$File:  <unknown>:1#1 
370389     INFO  Test worker     d.u.i.k.n.KeyIO           MODE: declarations took 0 ms 
370389     DEBUG Test worker     d.u.i.k.n.KeyIO           MODE: 2nd degree decls took 0 
370389     INFO  Test worker     d.u.i.k.n.KeyIO           Parsing took 0 ms 
370389     DEBUG Test worker     d.u.i.k.n.KeyIO           Load declarations of de.uka.ilkd.key.nparser.KeyAst$File:  <unknown>:1#1 
370389     INFO  Test worker     d.u.i.k.n.KeyIO           MODE: declarations took 0 ms 
370389     DEBUG Test worker     d.u.i.k.n.KeyIO           MODE: 2nd degree decls took 0 
370389     INFO  Test worker     d.u.i.k.n.KeyIO           Parsing took 0 ms 
370389     DEBUG Test worker     d.u.i.k.n.KeyIO           Load declarations of de.uka.ilkd.key.nparser.KeyAst$File:  <unknown>:1#1 
370389     INFO  Test worker     d.u.i.k.n.KeyIO           MODE: declarations took 0 ms 
370389     DEBUG Test worker     d.u.i.k.n.KeyIO           MODE: 2nd degree decls took 0 
370389     INFO  Test worker     d.u.i.k.n.KeyIO           Parsing took 0 ms 
370389     DEBUG Test worker     d.u.i.k.n.KeyIO           Load declarations of de.uka.ilkd.key.nparser.KeyAst$File:  <unknown>:1#1 
370389     INFO  Test worker     d.u.i.k.n.KeyIO           MODE: declarations took 0 ms 
370389     DEBUG Test worker     d.u.i.k.n.KeyIO           MODE: 2nd degree decls took 0 
370389     INFO  Test worker     d.u.i.k.n.KeyIO           Parsing took 0 ms 
370389     DEBUG Test worker     d.u.i.k.n.KeyIO           Load declarations of de.uka.ilkd.key.nparser.KeyAst$File:  <unknown>:1#1 
370389     INFO  Test worker     d.u.i.k.n.KeyIO           MODE: declarations took 0 ms 
370389     DEBUG Test worker     d.u.i.k.n.KeyIO           MODE: 2nd degree decls took 0 
373544     INFO  Test worker     d.u.i.k.n.KeyIO           Parsing took 0 ms 
373544     DEBUG Test worker     d.u.i.k.n.KeyIO           Load declarations of de.uka.ilkd.key.nparser.KeyAst$File:  <unknown>:1#1 
373544     INFO  Test worker     d.u.i.k.n.KeyIO           MODE: declarations took 0 ms 
373544     DEBUG Test worker     d.u.i.k.n.KeyIO           MODE: 2nd degree decls took 0 
373544     INFO  Test worker     d.u.i.k.n.KeyIO           Parsing took 0 ms 
373544     DEBUG Test worker     d.u.i.k.n.KeyIO           Load declarations of de.uka.ilkd.key.nparser.KeyAst$File:  <unknown>:1#1 
373544     INFO  Test worker     d.u.i.k.n.KeyIO           MODE: declarations took 0 ms 
373544     DEBUG Test worker     d.u.i.k.n.KeyIO           MODE: 2nd degree decls took 0 
373544     INFO  Test worker     d.u.i.k.n.KeyIO           Parsing took 0 ms 
373544     DEBUG Test worker     d.u.i.k.n.KeyIO           Load declarations of de.uka.ilkd.key.nparser.KeyAst$File:  <unknown>:1#1 
373544     INFO  Test worker     d.u.i.k.n.KeyIO           MODE: declarations took 0 ms 
373544     DEBUG Test worker     d.u.i.k.n.KeyIO           MODE: 2nd degree decls took 0 
373544     INFO  Test worker     d.u.i.k.n.KeyIO           Parsing took 0 ms 
373544     DEBUG Test worker     d.u.i.k.n.KeyIO           Load declarations of de.uka.ilkd.key.nparser.KeyAst$File:  <unknown>:1#1 
373544     INFO  Test worker     d.u.i.k.n.KeyIO           MODE: declarations took 0 ms 
373544     DEBUG Test worker     d.u.i.k.n.KeyIO           MODE: 2nd degree decls took 0 
373544     INFO  Test worker     d.u.i.k.n.KeyIO           Parsing took 0 ms 
373560     DEBUG Test worker     d.u.i.k.n.KeyIO           Load declarations of de.uka.ilkd.key.nparser.KeyAst$File:  <unknown>:1#1 
373560     INFO  Test worker     d.u.i.k.n.KeyIO           MODE: declarations took 0 ms 
373560     DEBUG Test worker     d.u.i.k.n.KeyIO           MODE: 2nd degree decls took 0 
376752     INFO  Test worker     d.u.i.k.n.KeyIO           Parsing took 0 ms 
376752     DEBUG Test worker     d.u.i.k.n.KeyIO           Load declarations of de.uka.ilkd.key.nparser.KeyAst$File:  <unknown>:1#1 
376752     INFO  Test worker     d.u.i.k.n.KeyIO           MODE: declarations took 0 ms 
376752     DEBUG Test worker     d.u.i.k.n.KeyIO           MODE: 2nd degree decls took 0 
376752     INFO  Test worker     d.u.i.k.n.KeyIO           Parsing took 0 ms 
376752     DEBUG Test worker     d.u.i.k.n.KeyIO           Load declarations of de.uka.ilkd.key.nparser.KeyAst$File:  <unknown>:1#1 
376752     INFO  Test worker     d.u.i.k.n.KeyIO           MODE: declarations took 0 ms 
376752     DEBUG Test worker     d.u.i.k.n.KeyIO           MODE: 2nd degree decls took 0 
376752     INFO  Test worker     d.u.i.k.n.KeyIO           Parsing took 0 ms 
376752     DEBUG Test worker     d.u.i.k.n.KeyIO           Load declarations of de.uka.ilkd.key.nparser.KeyAst$File:  <unknown>:1#1 
376752     INFO  Test worker     d.u.i.k.n.KeyIO           MODE: declarations took 0 ms 
376752     DEBUG Test worker     d.u.i.k.n.KeyIO           MODE: 2nd degree decls took 0 
376752     INFO  Test worker     d.u.i.k.n.KeyIO           Parsing took 0 ms 
376752     DEBUG Test worker     d.u.i.k.n.KeyIO           Load declarations of de.uka.ilkd.key.nparser.KeyAst$File:  <unknown>:1#1 
376752     INFO  Test worker     d.u.i.k.n.KeyIO           MODE: declarations took 0 ms 
376752     DEBUG Test worker     d.u.i.k.n.KeyIO           MODE: 2nd degree decls took 0 
376752     INFO  Test worker     d.u.i.k.n.KeyIO           Parsing took 0 ms 
376752     DEBUG Test worker     d.u.i.k.n.KeyIO           Load declarations of de.uka.ilkd.key.nparser.KeyAst$File:  <unknown>:1#1 
376752     INFO  Test worker     d.u.i.k.n.KeyIO           MODE: declarations took 0 ms 
376752     DEBUG Test worker     d.u.i.k.n.KeyIO           MODE: 2nd degree decls took 0 
379986     INFO  Test worker     d.u.i.k.n.KeyIO           Parsing took 0 ms 
379986     DEBUG Test worker     d.u.i.k.n.KeyIO           Load declarations of de.uka.ilkd.key.nparser.KeyAst$File:  <unknown>:1#1 
379986     INFO  Test worker     d.u.i.k.n.KeyIO           MODE: declarations took 0 ms 
379986     DEBUG Test worker     d.u.i.k.n.KeyIO           MODE: 2nd degree decls took 0 
379986     INFO  Test worker     d.u.i.k.n.KeyIO           Parsing took 0 ms 
379986     DEBUG Test worker     d.u.i.k.n.KeyIO           Load declarations of de.uka.ilkd.key.nparser.KeyAst$File:  <unknown>:1#1 
379986     INFO  Test worker     d.u.i.k.n.KeyIO           MODE: declarations took 0 ms 
379986     DEBUG Test worker     d.u.i.k.n.KeyIO           MODE: 2nd degree decls took 0 
379986     INFO  Test worker     d.u.i.k.n.KeyIO           Parsing took 0 ms 
379986     DEBUG Test worker     d.u.i.k.n.KeyIO           Load declarations of de.uka.ilkd.key.nparser.KeyAst$File:  <unknown>:1#1 
379986     INFO  Test worker     d.u.i.k.n.KeyIO           MODE: declarations took 0 ms 
379986     DEBUG Test worker     d.u.i.k.n.KeyIO           MODE: 2nd degree decls took 0 
379986     INFO  Test worker     d.u.i.k.n.KeyIO           Parsing took 0 ms 
379986     DEBUG Test worker     d.u.i.k.n.KeyIO           Load declarations of de.uka.ilkd.key.nparser.KeyAst$File:  <unknown>:1#1 
379986     INFO  Test worker     d.u.i.k.n.KeyIO           MODE: declarations took 0 ms 
379986     DEBUG Test worker     d.u.i.k.n.KeyIO           MODE: 2nd degree decls took 0 
379986     INFO  Test worker     d.u.i.k.n.KeyIO           Parsing took 0 ms 
379986     DEBUG Test worker     d.u.i.k.n.KeyIO           Load declarations of de.uka.ilkd.key.nparser.KeyAst$File:  <unknown>:1#1 
379986     INFO  Test worker     d.u.i.k.n.KeyIO           MODE: declarations took 0 ms 
379986     DEBUG Test worker     d.u.i.k.n.KeyIO           MODE: 2nd degree decls took 0 
383164     INFO  Test worker     d.u.i.k.n.KeyIO           Parsing took 0 ms 
383164     DEBUG Test worker     d.u.i.k.n.KeyIO           Load declarations of de.uka.ilkd.key.nparser.KeyAst$File:  <unknown>:1#1 
383164     INFO  Test worker     d.u.i.k.n.KeyIO           MODE: declarations took 0 ms 
383164     DEBUG Test worker     d.u.i.k.n.KeyIO           MODE: 2nd degree decls took 0 
383164     INFO  Test worker     d.u.i.k.n.KeyIO           Parsing took 0 ms 
383164     DEBUG Test worker     d.u.i.k.n.KeyIO           Load declarations of de.uka.ilkd.key.nparser.KeyAst$File:  <unknown>:1#1 
383164     INFO  Test worker     d.u.i.k.n.KeyIO           MODE: declarations took 0 ms 
383164     DEBUG Test worker     d.u.i.k.n.KeyIO           MODE: 2nd degree decls took 0 
383164     INFO  Test worker     d.u.i.k.n.KeyIO           Parsing took 0 ms 
383164     DEBUG Test worker     d.u.i.k.n.KeyIO           Load declarations of de.uka.ilkd.key.nparser.KeyAst$File:  <unknown>:1#1 
383164     INFO  Test worker     d.u.i.k.n.KeyIO           MODE: declarations took 0 ms 
383164     DEBUG Test worker     d.u.i.k.n.KeyIO           MODE: 2nd degree decls took 0 
383164     INFO  Test worker     d.u.i.k.n.KeyIO           Parsing took 0 ms 
383164     DEBUG Test worker     d.u.i.k.n.KeyIO           Load declarations of de.uka.ilkd.key.nparser.KeyAst$File:  <unknown>:1#1 
383164     INFO  Test worker     d.u.i.k.n.KeyIO           MODE: declarations took 0 ms 
383164     DEBUG Test worker     d.u.i.k.n.KeyIO           MODE: 2nd degree decls took 0 
383164     INFO  Test worker     d.u.i.k.n.KeyIO           Parsing took 0 ms 
383164     DEBUG Test worker     d.u.i.k.n.KeyIO           Load declarations of de.uka.ilkd.key.nparser.KeyAst$File:  <unknown>:1#1 
383164     INFO  Test worker     d.u.i.k.n.KeyIO           MODE: declarations took 0 ms 
383164     DEBUG Test worker     d.u.i.k.n.KeyIO           MODE: 2nd degree decls took 0 
386358     INFO  Test worker     d.u.i.k.n.KeyIO           Parsing took 0 ms 
386358     DEBUG Test worker     d.u.i.k.n.KeyIO           Load declarations of de.uka.ilkd.key.nparser.KeyAst$File:  <unknown>:1#1 
386358     INFO  Test worker     d.u.i.k.n.KeyIO           MODE: declarations took 0 ms 
386358     DEBUG Test worker     d.u.i.k.n.KeyIO           MODE: 2nd degree decls took 0 
386358     INFO  Test worker     d.u.i.k.n.KeyIO           Parsing took 0 ms 
386358     DEBUG Test worker     d.u.i.k.n.KeyIO           Load declarations of de.uka.ilkd.key.nparser.KeyAst$File:  <unknown>:1#1 
386358     INFO  Test worker     d.u.i.k.n.KeyIO           MODE: declarations took 0 ms 
386358     DEBUG Test worker     d.u.i.k.n.KeyIO           MODE: 2nd degree decls took 0 
386358     INFO  Test worker     d.u.i.k.n.KeyIO           Parsing took 0 ms 
386358     DEBUG Test worker     d.u.i.k.n.KeyIO           Load declarations of de.uka.ilkd.key.nparser.KeyAst$File:  <unknown>:1#1 
386358     INFO  Test worker     d.u.i.k.n.KeyIO           MODE: declarations took 0 ms 
386358     DEBUG Test worker     d.u.i.k.n.KeyIO           MODE: 2nd degree decls took 0 
386358     INFO  Test worker     d.u.i.k.n.KeyIO           Parsing took 0 ms 
386358     DEBUG Test worker     d.u.i.k.n.KeyIO           Load declarations of de.uka.ilkd.key.nparser.KeyAst$File:  <unknown>:1#1 
386358     INFO  Test worker     d.u.i.k.n.KeyIO           MODE: declarations took 0 ms 
386358     DEBUG Test worker     d.u.i.k.n.KeyIO           MODE: 2nd degree decls took 0 
386358     INFO  Test worker     d.u.i.k.n.KeyIO           Parsing took 0 ms 
386358     DEBUG Test worker     d.u.i.k.n.KeyIO           Load declarations of de.uka.ilkd.key.nparser.KeyAst$File:  <unknown>:1#1 
386358     INFO  Test worker     d.u.i.k.n.KeyIO           MODE: declarations took 0 ms 
386358     DEBUG Test worker     d.u.i.k.n.KeyIO           MODE: 2nd degree decls took 0 
386358     WARN  Test worker     d.u.i.k.n.KeYParser       [syntax-error] <unknown>:1:11: mismatched input '@' expecting {'/', ':=', '.', '(', ')', '{', '[', '@', PARALLEL, OR, AND, IMP, '=', NOT_EQUALS, '%', '*', '-', '+', '>', GREATEREQUAL, '<', LESSEQUAL, LGUILLEMETS, EQV} [@11,11:11='@',<153>,1:11] (termEOF) 
389569     INFO  Test worker     d.u.i.k.n.KeyIO           Parsing took 0 ms 
389569     DEBUG Test worker     d.u.i.k.n.KeyIO           Load declarations of de.uka.ilkd.key.nparser.KeyAst$File:  <unknown>:1#1 
389569     INFO  Test worker     d.u.i.k.n.KeyIO           MODE: declarations took 0 ms 
389569     DEBUG Test worker     d.u.i.k.n.KeyIO           MODE: 2nd degree decls took 0 
389569     INFO  Test worker     d.u.i.k.n.KeyIO           Parsing took 0 ms 
389569     DEBUG Test worker     d.u.i.k.n.KeyIO           Load declarations of de.uka.ilkd.key.nparser.KeyAst$File:  <unknown>:1#1 
389569     INFO  Test worker     d.u.i.k.n.KeyIO           MODE: declarations took 0 ms 
389569     DEBUG Test worker     d.u.i.k.n.KeyIO           MODE: 2nd degree decls took 0 
389569     INFO  Test worker     d.u.i.k.n.KeyIO           Parsing took 0 ms 
389569     DEBUG Test worker     d.u.i.k.n.KeyIO           Load declarations of de.uka.ilkd.key.nparser.KeyAst$File:  <unknown>:1#1 
389569     INFO  Test worker     d.u.i.k.n.KeyIO           MODE: declarations took 0 ms 
389569     DEBUG Test worker     d.u.i.k.n.KeyIO           MODE: 2nd degree decls took 0 
389569     INFO  Test worker     d.u.i.k.n.KeyIO           Parsing took 0 ms 
389569     DEBUG Test worker     d.u.i.k.n.KeyIO           Load declarations of de.uka.ilkd.key.nparser.KeyAst$File:  <unknown>:1#1 
389569     INFO  Test worker     d.u.i.k.n.KeyIO           MODE: declarations took 0 ms 
389569     DEBUG Test worker     d.u.i.k.n.KeyIO           MODE: 2nd degree decls took 0 
389569     INFO  Test worker     d.u.i.k.n.KeyIO           Parsing took 0 ms 
389569     DEBUG Test worker     d.u.i.k.n.KeyIO           Load declarations of de.uka.ilkd.key.nparser.KeyAst$File:  <unknown>:1#1 
389569     INFO  Test worker     d.u.i.k.n.KeyIO           MODE: declarations took 0 ms 
389569     DEBUG Test worker     d.u.i.k.n.KeyIO           MODE: 2nd degree decls took 0 
392753     INFO  Test worker     d.u.i.k.n.KeyIO           Parsing took 0 ms 
392753     DEBUG Test worker     d.u.i.k.n.KeyIO           Load declarations of de.uka.ilkd.key.nparser.KeyAst$File:  <unknown>:1#1 
392753     INFO  Test worker     d.u.i.k.n.KeyIO           MODE: declarations took 0 ms 
392753     DEBUG Test worker     d.u.i.k.n.KeyIO           MODE: 2nd degree decls took 0 
392753     INFO  Test worker     d.u.i.k.n.KeyIO           Parsing took 0 ms 
392753     DEBUG Test worker     d.u.i.k.n.KeyIO           Load declarations of de.uka.ilkd.key.nparser.KeyAst$File:  <unknown>:1#1 
392753     INFO  Test worker     d.u.i.k.n.KeyIO           MODE: declarations took 0 ms 
392769     DEBUG Test worker     d.u.i.k.n.KeyIO           MODE: 2nd degree decls took 16 
392769     INFO  Test worker     d.u.i.k.n.KeyIO           Parsing took 0 ms 
392769     DEBUG Test worker     d.u.i.k.n.KeyIO           Load declarations of de.uka.ilkd.key.nparser.KeyAst$File:  <unknown>:1#1 
392769     INFO  Test worker     d.u.i.k.n.KeyIO           MODE: declarations took 0 ms 
392769     DEBUG Test worker     d.u.i.k.n.KeyIO           MODE: 2nd degree decls took 0 
392769     INFO  Test worker     d.u.i.k.n.KeyIO           Parsing took 0 ms 
392769     DEBUG Test worker     d.u.i.k.n.KeyIO           Load declarations of de.uka.ilkd.key.nparser.KeyAst$File:  <unknown>:1#1 
392769     INFO  Test worker     d.u.i.k.n.KeyIO           MODE: declarations took 0 ms 
392769     DEBUG Test worker     d.u.i.k.n.KeyIO           MODE: 2nd degree decls took 0 
392769     INFO  Test worker     d.u.i.k.n.KeyIO           Parsing took 0 ms 
392769     DEBUG Test worker     d.u.i.k.n.KeyIO           Load declarations of de.uka.ilkd.key.nparser.KeyAst$File:  <unknown>:1#1 
392769     INFO  Test worker     d.u.i.k.n.KeyIO           MODE: declarations took 0 ms 
392769     DEBUG Test worker     d.u.i.k.n.KeyIO           MODE: 2nd degree decls took 0 
395998     INFO  Test worker     d.u.i.k.n.KeyIO           Parsing took 0 ms 
395998     DEBUG Test worker     d.u.i.k.n.KeyIO           Load declarations of de.uka.ilkd.key.nparser.KeyAst$File:  <unknown>:1#1 
395998     INFO  Test worker     d.u.i.k.n.KeyIO           MODE: declarations took 0 ms 
395998     DEBUG Test worker     d.u.i.k.n.KeyIO           MODE: 2nd degree decls took 0 
395998     INFO  Test worker     d.u.i.k.n.KeyIO           Parsing took 0 ms 
395998     DEBUG Test worker     d.u.i.k.n.KeyIO           Load declarations of de.uka.ilkd.key.nparser.KeyAst$File:  <unknown>:1#1 
395998     INFO  Test worker     d.u.i.k.n.KeyIO           MODE: declarations took 0 ms 
395998     DEBUG Test worker     d.u.i.k.n.KeyIO           MODE: 2nd degree decls took 0 
395998     INFO  Test worker     d.u.i.k.n.KeyIO           Parsing took 0 ms 
395998     DEBUG Test worker     d.u.i.k.n.KeyIO           Load declarations of de.uka.ilkd.key.nparser.KeyAst$File:  <unknown>:1#1 
395998     INFO  Test worker     d.u.i.k.n.KeyIO           MODE: declarations took 0 ms 
395998     DEBUG Test worker     d.u.i.k.n.KeyIO           MODE: 2nd degree decls took 0 
395998     INFO  Test worker     d.u.i.k.n.KeyIO           Parsing took 0 ms 
395998     DEBUG Test worker     d.u.i.k.n.KeyIO           Load declarations of de.uka.ilkd.key.nparser.KeyAst$File:  <unknown>:1#1 
395998     INFO  Test worker     d.u.i.k.n.KeyIO           MODE: declarations took 0 ms 
395998     DEBUG Test worker     d.u.i.k.n.KeyIO           MODE: 2nd degree decls took 0 
395998     INFO  Test worker     d.u.i.k.n.KeyIO           Parsing took 0 ms 
395998     DEBUG Test worker     d.u.i.k.n.KeyIO           Load declarations of de.uka.ilkd.key.nparser.KeyAst$File:  <unknown>:1#1 
395998     INFO  Test worker     d.u.i.k.n.KeyIO           MODE: declarations took 0 ms 
395998     DEBUG Test worker     d.u.i.k.n.KeyIO           MODE: 2nd degree decls took 0 
399187     INFO  Test worker     d.u.i.k.n.KeyIO           Parsing took 0 ms 
399187     DEBUG Test worker     d.u.i.k.n.KeyIO           Load declarations of de.uka.ilkd.key.nparser.KeyAst$File:  <unknown>:1#1 
399187     INFO  Test worker     d.u.i.k.n.KeyIO           MODE: declarations took 0 ms 
399187     DEBUG Test worker     d.u.i.k.n.KeyIO           MODE: 2nd degree decls took 0 
399187     INFO  Test worker     d.u.i.k.n.KeyIO           Parsing took 0 ms 
399187     DEBUG Test worker     d.u.i.k.n.KeyIO           Load declarations of de.uka.ilkd.key.nparser.KeyAst$File:  <unknown>:1#1 
399187     INFO  Test worker     d.u.i.k.n.KeyIO           MODE: declarations took 0 ms 
399187     DEBUG Test worker     d.u.i.k.n.KeyIO           MODE: 2nd degree decls took 0 
399187     INFO  Test worker     d.u.i.k.n.KeyIO           Parsing took 0 ms 
399187     DEBUG Test worker     d.u.i.k.n.KeyIO           Load declarations of de.uka.ilkd.key.nparser.KeyAst$File:  <unknown>:1#1 
399187     INFO  Test worker     d.u.i.k.n.KeyIO           MODE: declarations took 0 ms 
399187     DEBUG Test worker     d.u.i.k.n.KeyIO           MODE: 2nd degree decls took 0 
399187     INFO  Test worker     d.u.i.k.n.KeyIO           Parsing took 0 ms 
399187     DEBUG Test worker     d.u.i.k.n.KeyIO           Load declarations of de.uka.ilkd.key.nparser.KeyAst$File:  <unknown>:1#1 
399187     INFO  Test worker     d.u.i.k.n.KeyIO           MODE: declarations took 0 ms 
399187     DEBUG Test worker     d.u.i.k.n.KeyIO           MODE: 2nd degree decls took 0 
399187     INFO  Test worker     d.u.i.k.n.KeyIO           Parsing took 0 ms 
399187     DEBUG Test worker     d.u.i.k.n.KeyIO           Load declarations of de.uka.ilkd.key.nparser.KeyAst$File:  <unknown>:1#1 
399187     INFO  Test worker     d.u.i.k.n.KeyIO           MODE: declarations took 0 ms 
399187     DEBUG Test worker     d.u.i.k.n.KeyIO           MODE: 2nd degree decls took 0 
402374     INFO  Test worker     d.u.i.k.n.KeyIO           Parsing took 0 ms 
402374     DEBUG Test worker     d.u.i.k.n.KeyIO           Load declarations of de.uka.ilkd.key.nparser.KeyAst$File:  <unknown>:1#1 
402374     INFO  Test worker     d.u.i.k.n.KeyIO           MODE: declarations took 0 ms 
402374     DEBUG Test worker     d.u.i.k.n.KeyIO           MODE: 2nd degree decls took 0 
402374     INFO  Test worker     d.u.i.k.n.KeyIO           Parsing took 0 ms 
402374     DEBUG Test worker     d.u.i.k.n.KeyIO           Load declarations of de.uka.ilkd.key.nparser.KeyAst$File:  <unknown>:1#1 
402374     INFO  Test worker     d.u.i.k.n.KeyIO           MODE: declarations took 0 ms 
402374     DEBUG Test worker     d.u.i.k.n.KeyIO           MODE: 2nd degree decls took 0 
402374     INFO  Test worker     d.u.i.k.n.KeyIO           Parsing took 0 ms 
402374     DEBUG Test worker     d.u.i.k.n.KeyIO           Load declarations of de.uka.ilkd.key.nparser.KeyAst$File:  <unknown>:1#1 
402374     INFO  Test worker     d.u.i.k.n.KeyIO           MODE: declarations took 0 ms 
402374     DEBUG Test worker     d.u.i.k.n.KeyIO           MODE: 2nd degree decls took 0 
402374     INFO  Test worker     d.u.i.k.n.KeyIO           Parsing took 0 ms 
402374     DEBUG Test worker     d.u.i.k.n.KeyIO           Load declarations of de.uka.ilkd.key.nparser.KeyAst$File:  <unknown>:1#1 
402374     INFO  Test worker     d.u.i.k.n.KeyIO           MODE: declarations took 0 ms 
402374     DEBUG Test worker     d.u.i.k.n.KeyIO           MODE: 2nd degree decls took 0 
402374     INFO  Test worker     d.u.i.k.n.KeyIO           Parsing took 0 ms 
402374     DEBUG Test worker     d.u.i.k.n.KeyIO           Load declarations of de.uka.ilkd.key.nparser.KeyAst$File:  <unknown>:1#1 
402374     INFO  Test worker     d.u.i.k.n.KeyIO           MODE: declarations took 0 ms 
402374     DEBUG Test worker     d.u.i.k.n.KeyIO           MODE: 2nd degree decls took 0 
405541     INFO  Test worker     d.u.i.k.n.KeyIO           Parsing took 0 ms 
405541     DEBUG Test worker     d.u.i.k.n.KeyIO           Load declarations of de.uka.ilkd.key.nparser.KeyAst$File:  <unknown>:1#1 
405541     INFO  Test worker     d.u.i.k.n.KeyIO           MODE: declarations took 0 ms 
405541     DEBUG Test worker     d.u.i.k.n.KeyIO           MODE: 2nd degree decls took 0 
405541     INFO  Test worker     d.u.i.k.n.KeyIO           Parsing took 0 ms 
405541     DEBUG Test worker     d.u.i.k.n.KeyIO           Load declarations of de.uka.ilkd.key.nparser.KeyAst$File:  <unknown>:1#1 
405541     INFO  Test worker     d.u.i.k.n.KeyIO           MODE: declarations took 0 ms 
405541     DEBUG Test worker     d.u.i.k.n.KeyIO           MODE: 2nd degree decls took 0 
405541     INFO  Test worker     d.u.i.k.n.KeyIO           Parsing took 0 ms 
405541     DEBUG Test worker     d.u.i.k.n.KeyIO           Load declarations of de.uka.ilkd.key.nparser.KeyAst$File:  <unknown>:1#1 
405541     INFO  Test worker     d.u.i.k.n.KeyIO           MODE: declarations took 0 ms 
405541     DEBUG Test worker     d.u.i.k.n.KeyIO           MODE: 2nd degree decls took 0 
405541     INFO  Test worker     d.u.i.k.n.KeyIO           Parsing took 0 ms 
405541     DEBUG Test worker     d.u.i.k.n.KeyIO           Load declarations of de.uka.ilkd.key.nparser.KeyAst$File:  <unknown>:1#1 
405541     INFO  Test worker     d.u.i.k.n.KeyIO           MODE: declarations took 0 ms 
405541     DEBUG Test worker     d.u.i.k.n.KeyIO           MODE: 2nd degree decls took 0 
405541     INFO  Test worker     d.u.i.k.n.KeyIO           Parsing took 0 ms 
405541     DEBUG Test worker     d.u.i.k.n.KeyIO           Load declarations of de.uka.ilkd.key.nparser.KeyAst$File:  <unknown>:1#1 
405541     INFO  Test worker     d.u.i.k.n.KeyIO           MODE: declarations took 0 ms 
405541     DEBUG Test worker     d.u.i.k.n.KeyIO           MODE: 2nd degree decls took 0 
408688     INFO  Test worker     d.u.i.k.n.KeyIO           Parsing took 0 ms 
408688     DEBUG Test worker     d.u.i.k.n.KeyIO           Load declarations of de.uka.ilkd.key.nparser.KeyAst$File:  <unknown>:1#1 
408688     INFO  Test worker     d.u.i.k.n.KeyIO           MODE: declarations took 0 ms 
408688     DEBUG Test worker     d.u.i.k.n.KeyIO           MODE: 2nd degree decls took 0 
408688     INFO  Test worker     d.u.i.k.n.KeyIO           Parsing took 0 ms 
408688     DEBUG Test worker     d.u.i.k.n.KeyIO           Load declarations of de.uka.ilkd.key.nparser.KeyAst$File:  <unknown>:1#1 
408688     INFO  Test worker     d.u.i.k.n.KeyIO           MODE: declarations took 0 ms 
408688     DEBUG Test worker     d.u.i.k.n.KeyIO           MODE: 2nd degree decls took 0 
408704     INFO  Test worker     d.u.i.k.n.KeyIO           Parsing took 0 ms 
408704     DEBUG Test worker     d.u.i.k.n.KeyIO           Load declarations of de.uka.ilkd.key.nparser.KeyAst$File:  <unknown>:1#1 
408704     INFO  Test worker     d.u.i.k.n.KeyIO           MODE: declarations took 0 ms 
408704     DEBUG Test worker     d.u.i.k.n.KeyIO           MODE: 2nd degree decls took 0 
408704     INFO  Test worker     d.u.i.k.n.KeyIO           Parsing took 0 ms 
408704     DEBUG Test worker     d.u.i.k.n.KeyIO           Load declarations of de.uka.ilkd.key.nparser.KeyAst$File:  <unknown>:1#1 
408704     INFO  Test worker     d.u.i.k.n.KeyIO           MODE: declarations took 0 ms 
408704     DEBUG Test worker     d.u.i.k.n.KeyIO           MODE: 2nd degree decls took 0 
408704     INFO  Test worker     d.u.i.k.n.KeyIO           Parsing took 0 ms 
408704     DEBUG Test worker     d.u.i.k.n.KeyIO           Load declarations of de.uka.ilkd.key.nparser.KeyAst$File:  <unknown>:1#1 
408704     INFO  Test worker     d.u.i.k.n.KeyIO           MODE: declarations took 0 ms 
408704     DEBUG Test worker     d.u.i.k.n.KeyIO           MODE: 2nd degree decls took 0 
412253     INFO  Test worker     d.u.i.k.n.KeyIO           Parsing took 0 ms 
412253     DEBUG Test worker     d.u.i.k.n.KeyIO           Load declarations of de.uka.ilkd.key.nparser.KeyAst$File:  <unknown>:1#1 
412253     INFO  Test worker     d.u.i.k.n.KeyIO           MODE: declarations took 0 ms 
412253     DEBUG Test worker     d.u.i.k.n.KeyIO           MODE: 2nd degree decls took 0 
412253     INFO  Test worker     d.u.i.k.n.KeyIO           Parsing took 0 ms 
412253     DEBUG Test worker     d.u.i.k.n.KeyIO           Load declarations of de.uka.ilkd.key.nparser.KeyAst$File:  <unknown>:1#1 
412253     INFO  Test worker     d.u.i.k.n.KeyIO           MODE: declarations took 0 ms 
412253     DEBUG Test worker     d.u.i.k.n.KeyIO           MODE: 2nd degree decls took 0 
412253     INFO  Test worker     d.u.i.k.n.KeyIO           Parsing took 0 ms 
412253     DEBUG Test worker     d.u.i.k.n.KeyIO           Load declarations of de.uka.ilkd.key.nparser.KeyAst$File:  <unknown>:1#1 
412253     INFO  Test worker     d.u.i.k.n.KeyIO           MODE: declarations took 0 ms 
412253     DEBUG Test worker     d.u.i.k.n.KeyIO           MODE: 2nd degree decls took 0 
412253     INFO  Test worker     d.u.i.k.n.KeyIO           Parsing took 0 ms 
412253     DEBUG Test worker     d.u.i.k.n.KeyIO           Load declarations of de.uka.ilkd.key.nparser.KeyAst$File:  <unknown>:1#1 
412253     INFO  Test worker     d.u.i.k.n.KeyIO           MODE: declarations took 0 ms 
412253     DEBUG Test worker     d.u.i.k.n.KeyIO           MODE: 2nd degree decls took 0 
412253     INFO  Test worker     d.u.i.k.n.KeyIO           Parsing took 0 ms 
412253     DEBUG Test worker     d.u.i.k.n.KeyIO           Load declarations of de.uka.ilkd.key.nparser.KeyAst$File:  <unknown>:1#1 
412253     INFO  Test worker     d.u.i.k.n.KeyIO           MODE: declarations took 0 ms 
412253     DEBUG Test worker     d.u.i.k.n.KeyIO           MODE: 2nd degree decls took 0 
415413     INFO  Test worker     d.u.i.k.n.KeyIO           Parsing took 0 ms 
415413     DEBUG Test worker     d.u.i.k.n.KeyIO           Load declarations of de.uka.ilkd.key.nparser.KeyAst$File:  <unknown>:1#1 
415413     INFO  Test worker     d.u.i.k.n.KeyIO           MODE: declarations took 0 ms 
415413     DEBUG Test worker     d.u.i.k.n.KeyIO           MODE: 2nd degree decls took 0 
415413     INFO  Test worker     d.u.i.k.n.KeyIO           Parsing took 0 ms 
415413     DEBUG Test worker     d.u.i.k.n.KeyIO           Load declarations of de.uka.ilkd.key.nparser.KeyAst$File:  <unknown>:1#1 
415413     INFO  Test worker     d.u.i.k.n.KeyIO           MODE: declarations took 0 ms 
415413     DEBUG Test worker     d.u.i.k.n.KeyIO           MODE: 2nd degree decls took 0 
415413     INFO  Test worker     d.u.i.k.n.KeyIO           Parsing took 0 ms 
415413     DEBUG Test worker     d.u.i.k.n.KeyIO           Load declarations of de.uka.ilkd.key.nparser.KeyAst$File:  <unknown>:1#1 
415413     INFO  Test worker     d.u.i.k.n.KeyIO           MODE: declarations took 0 ms 
415413     DEBUG Test worker     d.u.i.k.n.KeyIO           MODE: 2nd degree decls took 0 
415413     INFO  Test worker     d.u.i.k.n.KeyIO           Parsing took 0 ms 
415413     DEBUG Test worker     d.u.i.k.n.KeyIO           Load declarations of de.uka.ilkd.key.nparser.KeyAst$File:  <unknown>:1#1 
415413     INFO  Test worker     d.u.i.k.n.KeyIO           MODE: declarations took 0 ms 
415413     DEBUG Test worker     d.u.i.k.n.KeyIO           MODE: 2nd degree decls took 0 
415413     INFO  Test worker     d.u.i.k.n.KeyIO           Parsing took 0 ms 
415413     DEBUG Test worker     d.u.i.k.n.KeyIO           Load declarations of de.uka.ilkd.key.nparser.KeyAst$File:  <unknown>:1#1 
415413     INFO  Test worker     d.u.i.k.n.KeyIO           MODE: declarations took 0 ms 
415413     DEBUG Test worker     d.u.i.k.n.KeyIO           MODE: 2nd degree decls took 0 
418588     INFO  Test worker     d.u.i.k.n.KeyIO           Parsing took 0 ms 
418588     DEBUG Test worker     d.u.i.k.n.KeyIO           Load declarations of de.uka.ilkd.key.nparser.KeyAst$File:  <unknown>:1#1 
418588     INFO  Test worker     d.u.i.k.n.KeyIO           MODE: declarations took 0 ms 
418588     DEBUG Test worker     d.u.i.k.n.KeyIO           MODE: 2nd degree decls took 0 
418588     INFO  Test worker     d.u.i.k.n.KeyIO           Parsing took 0 ms 
418588     DEBUG Test worker     d.u.i.k.n.KeyIO           Load declarations of de.uka.ilkd.key.nparser.KeyAst$File:  <unknown>:1#1 
418588     INFO  Test worker     d.u.i.k.n.KeyIO           MODE: declarations took 0 ms 
418588     DEBUG Test worker     d.u.i.k.n.KeyIO           MODE: 2nd degree decls took 0 
418588     INFO  Test worker     d.u.i.k.n.KeyIO           Parsing took 0 ms 
418588     DEBUG Test worker     d.u.i.k.n.KeyIO           Load declarations of de.uka.ilkd.key.nparser.KeyAst$File:  <unknown>:1#1 
418588     INFO  Test worker     d.u.i.k.n.KeyIO           MODE: declarations took 0 ms 
418588     DEBUG Test worker     d.u.i.k.n.KeyIO           MODE: 2nd degree decls took 0 
418588     INFO  Test worker     d.u.i.k.n.KeyIO           Parsing took 0 ms 
418588     DEBUG Test worker     d.u.i.k.n.KeyIO           Load declarations of de.uka.ilkd.key.nparser.KeyAst$File:  <unknown>:1#1 
418588     INFO  Test worker     d.u.i.k.n.KeyIO           MODE: declarations took 0 ms 
418588     DEBUG Test worker     d.u.i.k.n.KeyIO           MODE: 2nd degree decls took 0 
418588     INFO  Test worker     d.u.i.k.n.KeyIO           Parsing took 0 ms 
418588     DEBUG Test worker     d.u.i.k.n.KeyIO           Load declarations of de.uka.ilkd.key.nparser.KeyAst$File:  <unknown>:1#1 
418604     INFO  Test worker     d.u.i.k.n.KeyIO           MODE: declarations took 16 ms 
418604     DEBUG Test worker     d.u.i.k.n.KeyIO           MODE: 2nd degree decls took 0 
421754     INFO  Test worker     d.u.i.k.n.KeyIO           Parsing took 0 ms 
421754     DEBUG Test worker     d.u.i.k.n.KeyIO           Load declarations of de.uka.ilkd.key.nparser.KeyAst$File:  <unknown>:1#1 
421754     INFO  Test worker     d.u.i.k.n.KeyIO           MODE: declarations took 0 ms 
421754     DEBUG Test worker     d.u.i.k.n.KeyIO           MODE: 2nd degree decls took 0 
421754     INFO  Test worker     d.u.i.k.n.KeyIO           Parsing took 0 ms 
421754     DEBUG Test worker     d.u.i.k.n.KeyIO           Load declarations of de.uka.ilkd.key.nparser.KeyAst$File:  <unknown>:1#1 
421754     INFO  Test worker     d.u.i.k.n.KeyIO           MODE: declarations took 0 ms 
421754     DEBUG Test worker     d.u.i.k.n.KeyIO           MODE: 2nd degree decls took 0 
421754     INFO  Test worker     d.u.i.k.n.KeyIO           Parsing took 0 ms 
421754     DEBUG Test worker     d.u.i.k.n.KeyIO           Load declarations of de.uka.ilkd.key.nparser.KeyAst$File:  <unknown>:1#1 
421754     INFO  Test worker     d.u.i.k.n.KeyIO           MODE: declarations took 0 ms 
421754     DEBUG Test worker     d.u.i.k.n.KeyIO           MODE: 2nd degree decls took 0 
421754     INFO  Test worker     d.u.i.k.n.KeyIO           Parsing took 0 ms 
421754     DEBUG Test worker     d.u.i.k.n.KeyIO           Load declarations of de.uka.ilkd.key.nparser.KeyAst$File:  <unknown>:1#1 
421754     INFO  Test worker     d.u.i.k.n.KeyIO           MODE: declarations took 0 ms 
421754     DEBUG Test worker     d.u.i.k.n.KeyIO           MODE: 2nd degree decls took 0 
421754     INFO  Test worker     d.u.i.k.n.KeyIO           Parsing took 0 ms 
421754     DEBUG Test worker     d.u.i.k.n.KeyIO           Load declarations of de.uka.ilkd.key.nparser.KeyAst$File:  <unknown>:1#1 
421754     INFO  Test worker     d.u.i.k.n.KeyIO           MODE: declarations took 0 ms 
421754     DEBUG Test worker     d.u.i.k.n.KeyIO           MODE: 2nd degree decls took 0 
424926     INFO  Test worker     d.u.i.k.n.KeyIO           Parsing took 0 ms 
424926     DEBUG Test worker     d.u.i.k.n.KeyIO           Load declarations of de.uka.ilkd.key.nparser.KeyAst$File:  <unknown>:1#1 
424926     INFO  Test worker     d.u.i.k.n.KeyIO           MODE: declarations took 0 ms 
424926     DEBUG Test worker     d.u.i.k.n.KeyIO           MODE: 2nd degree decls took 0 
424926     INFO  Test worker     d.u.i.k.n.KeyIO           Parsing took 0 ms 
424926     DEBUG Test worker     d.u.i.k.n.KeyIO           Load declarations of de.uka.ilkd.key.nparser.KeyAst$File:  <unknown>:1#1 
424926     INFO  Test worker     d.u.i.k.n.KeyIO           MODE: declarations took 0 ms 
424926     DEBUG Test worker     d.u.i.k.n.KeyIO           MODE: 2nd degree decls took 0 
424926     INFO  Test worker     d.u.i.k.n.KeyIO           Parsing took 0 ms 
424926     DEBUG Test worker     d.u.i.k.n.KeyIO           Load declarations of de.uka.ilkd.key.nparser.KeyAst$File:  <unknown>:1#1 
424926     INFO  Test worker     d.u.i.k.n.KeyIO           MODE: declarations took 0 ms 
424926     DEBUG Test worker     d.u.i.k.n.KeyIO           MODE: 2nd degree decls took 0 
424926     INFO  Test worker     d.u.i.k.n.KeyIO           Parsing took 0 ms 
424926     DEBUG Test worker     d.u.i.k.n.KeyIO           Load declarations of de.uka.ilkd.key.nparser.KeyAst$File:  <unknown>:1#1 
424926     INFO  Test worker     d.u.i.k.n.KeyIO           MODE: declarations took 0 ms 
424941     DEBUG Test worker     d.u.i.k.n.KeyIO           MODE: 2nd degree decls took 0 
424941     INFO  Test worker     d.u.i.k.n.KeyIO           Parsing took 0 ms 
424941     DEBUG Test worker     d.u.i.k.n.KeyIO           Load declarations of de.uka.ilkd.key.nparser.KeyAst$File:  <unknown>:1#1 
424941     INFO  Test worker     d.u.i.k.n.KeyIO           MODE: declarations took 0 ms 
424941     DEBUG Test worker     d.u.i.k.n.KeyIO           MODE: 2nd degree decls took 0 
428162     INFO  Test worker     d.u.i.k.n.KeyIO           Parsing took 0 ms 
428162     DEBUG Test worker     d.u.i.k.n.KeyIO           Load declarations of de.uka.ilkd.key.nparser.KeyAst$File:  <unknown>:1#1 
428162     INFO  Test worker     d.u.i.k.n.KeyIO           MODE: declarations took 0 ms 
428162     DEBUG Test worker     d.u.i.k.n.KeyIO           MODE: 2nd degree decls took 0 
428162     INFO  Test worker     d.u.i.k.n.KeyIO           Parsing took 0 ms 
428162     DEBUG Test worker     d.u.i.k.n.KeyIO           Load declarations of de.uka.ilkd.key.nparser.KeyAst$File:  <unknown>:1#1 
428162     INFO  Test worker     d.u.i.k.n.KeyIO           MODE: declarations took 0 ms 
428162     DEBUG Test worker     d.u.i.k.n.KeyIO           MODE: 2nd degree decls took 0 
428162     INFO  Test worker     d.u.i.k.n.KeyIO           Parsing took 0 ms 
428162     DEBUG Test worker     d.u.i.k.n.KeyIO           Load declarations of de.uka.ilkd.key.nparser.KeyAst$File:  <unknown>:1#1 
428162     INFO  Test worker     d.u.i.k.n.KeyIO           MODE: declarations took 0 ms 
428162     DEBUG Test worker     d.u.i.k.n.KeyIO           MODE: 2nd degree decls took 0 
428162     INFO  Test worker     d.u.i.k.n.KeyIO           Parsing took 0 ms 
428162     DEBUG Test worker     d.u.i.k.n.KeyIO           Load declarations of de.uka.ilkd.key.nparser.KeyAst$File:  <unknown>:1#1 
428162     INFO  Test worker     d.u.i.k.n.KeyIO           MODE: declarations took 0 ms 
428162     DEBUG Test worker     d.u.i.k.n.KeyIO           MODE: 2nd degree decls took 0 
428162     INFO  Test worker     d.u.i.k.n.KeyIO           Parsing took 0 ms 
428162     DEBUG Test worker     d.u.i.k.n.KeyIO           Load declarations of de.uka.ilkd.key.nparser.KeyAst$File:  <unknown>:1#1 
428162     INFO  Test worker     d.u.i.k.n.KeyIO           MODE: declarations took 0 ms 
428162     DEBUG Test worker     d.u.i.k.n.KeyIO           MODE: 2nd degree decls took 0 
431364     INFO  Test worker     d.u.i.k.n.KeyIO           Parsing took 0 ms 
431364     DEBUG Test worker     d.u.i.k.n.KeyIO           Load declarations of de.uka.ilkd.key.nparser.KeyAst$File:  <unknown>:1#1 
431364     INFO  Test worker     d.u.i.k.n.KeyIO           MODE: declarations took 0 ms 
431364     DEBUG Test worker     d.u.i.k.n.KeyIO           MODE: 2nd degree decls took 0 
431364     INFO  Test worker     d.u.i.k.n.KeyIO           Parsing took 0 ms 
431364     DEBUG Test worker     d.u.i.k.n.KeyIO           Load declarations of de.uka.ilkd.key.nparser.KeyAst$File:  <unknown>:1#1 
431364     INFO  Test worker     d.u.i.k.n.KeyIO           MODE: declarations took 0 ms 
431364     DEBUG Test worker     d.u.i.k.n.KeyIO           MODE: 2nd degree decls took 0 
431364     INFO  Test worker     d.u.i.k.n.KeyIO           Parsing took 0 ms 
431364     DEBUG Test worker     d.u.i.k.n.KeyIO           Load declarations of de.uka.ilkd.key.nparser.KeyAst$File:  <unknown>:1#1 
431364     INFO  Test worker     d.u.i.k.n.KeyIO           MODE: declarations took 0 ms 
431364     DEBUG Test worker     d.u.i.k.n.KeyIO           MODE: 2nd degree decls took 0 
431364     INFO  Test worker     d.u.i.k.n.KeyIO           Parsing took 0 ms 
431364     DEBUG Test worker     d.u.i.k.n.KeyIO           Load declarations of de.uka.ilkd.key.nparser.KeyAst$File:  <unknown>:1#1 
431364     INFO  Test worker     d.u.i.k.n.KeyIO           MODE: declarations took 0 ms 
431364     DEBUG Test worker     d.u.i.k.n.KeyIO           MODE: 2nd degree decls took 0 
431364     INFO  Test worker     d.u.i.k.n.KeyIO           Parsing took 0 ms 
431364     DEBUG Test worker     d.u.i.k.n.KeyIO           Load declarations of de.uka.ilkd.key.nparser.KeyAst$File:  <unknown>:1#1 
431364     INFO  Test worker     d.u.i.k.n.KeyIO           MODE: declarations took 0 ms 
431364     DEBUG Test worker     d.u.i.k.n.KeyIO           MODE: 2nd degree decls took 0 
434552     INFO  Test worker     d.u.i.k.n.KeyIO           Parsing took 0 ms 
434552     DEBUG Test worker     d.u.i.k.n.KeyIO           Load declarations of de.uka.ilkd.key.nparser.KeyAst$File:  <unknown>:1#1 
434552     INFO  Test worker     d.u.i.k.n.KeyIO           MODE: declarations took 0 ms 
434552     DEBUG Test worker     d.u.i.k.n.KeyIO           MODE: 2nd degree decls took 0 
434552     INFO  Test worker     d.u.i.k.n.KeyIO           Parsing took 0 ms 
434552     DEBUG Test worker     d.u.i.k.n.KeyIO           Load declarations of de.uka.ilkd.key.nparser.KeyAst$File:  <unknown>:1#1 
434552     INFO  Test worker     d.u.i.k.n.KeyIO           MODE: declarations took 0 ms 
434552     DEBUG Test worker     d.u.i.k.n.KeyIO           MODE: 2nd degree decls took 0 
434552     INFO  Test worker     d.u.i.k.n.KeyIO           Parsing took 0 ms 
434568     DEBUG Test worker     d.u.i.k.n.KeyIO           Load declarations of de.uka.ilkd.key.nparser.KeyAst$File:  <unknown>:1#1 
434568     INFO  Test worker     d.u.i.k.n.KeyIO           MODE: declarations took 0 ms 
434568     DEBUG Test worker     d.u.i.k.n.KeyIO           MODE: 2nd degree decls took 0 
434568     INFO  Test worker     d.u.i.k.n.KeyIO           Parsing took 0 ms 
434568     DEBUG Test worker     d.u.i.k.n.KeyIO           Load declarations of de.uka.ilkd.key.nparser.KeyAst$File:  <unknown>:1#1 
434568     INFO  Test worker     d.u.i.k.n.KeyIO           MODE: declarations took 0 ms 
434568     DEBUG Test worker     d.u.i.k.n.KeyIO           MODE: 2nd degree decls took 0 
434568     INFO  Test worker     d.u.i.k.n.KeyIO           Parsing took 0 ms 
434568     DEBUG Test worker     d.u.i.k.n.KeyIO           Load declarations of de.uka.ilkd.key.nparser.KeyAst$File:  <unknown>:1#1 
434568     INFO  Test worker     d.u.i.k.n.KeyIO           MODE: declarations took 0 ms 
434568     DEBUG Test worker     d.u.i.k.n.KeyIO           MODE: 2nd degree decls took 0 
437759     INFO  Test worker     d.u.i.k.n.KeyIO           Parsing took 0 ms 
437759     DEBUG Test worker     d.u.i.k.n.KeyIO           Load declarations of de.uka.ilkd.key.nparser.KeyAst$File:  <unknown>:1#1 
437759     INFO  Test worker     d.u.i.k.n.KeyIO           MODE: declarations took 0 ms 
437759     DEBUG Test worker     d.u.i.k.n.KeyIO           MODE: 2nd degree decls took 0 
437759     INFO  Test worker     d.u.i.k.n.KeyIO           Parsing took 0 ms 
437759     DEBUG Test worker     d.u.i.k.n.KeyIO           Load declarations of de.uka.ilkd.key.nparser.KeyAst$File:  <unknown>:1#1 
437759     INFO  Test worker     d.u.i.k.n.KeyIO           MODE: declarations took 0 ms 
437759     DEBUG Test worker     d.u.i.k.n.KeyIO           MODE: 2nd degree decls took 0 
437759     INFO  Test worker     d.u.i.k.n.KeyIO           Parsing took 0 ms 
437759     DEBUG Test worker     d.u.i.k.n.KeyIO           Load declarations of de.uka.ilkd.key.nparser.KeyAst$File:  <unknown>:1#1 
437759     INFO  Test worker     d.u.i.k.n.KeyIO           MODE: declarations took 0 ms 
437759     DEBUG Test worker     d.u.i.k.n.KeyIO           MODE: 2nd degree decls took 0 
437759     INFO  Test worker     d.u.i.k.n.KeyIO           Parsing took 0 ms 
437759     DEBUG Test worker     d.u.i.k.n.KeyIO           Load declarations of de.uka.ilkd.key.nparser.KeyAst$File:  <unknown>:1#1 
437759     INFO  Test worker     d.u.i.k.n.KeyIO           MODE: declarations took 0 ms 
437759     DEBUG Test worker     d.u.i.k.n.KeyIO           MODE: 2nd degree decls took 0 
437759     INFO  Test worker     d.u.i.k.n.KeyIO           Parsing took 0 ms 
437759     DEBUG Test worker     d.u.i.k.n.KeyIO           Load declarations of de.uka.ilkd.key.nparser.KeyAst$File:  <unknown>:1#1 
437759     INFO  Test worker     d.u.i.k.n.KeyIO           MODE: declarations took 0 ms 
437759     DEBUG Test worker     d.u.i.k.n.KeyIO           MODE: 2nd degree decls took 0 
440926     INFO  Test worker     d.u.i.k.n.KeyIO           Parsing took 0 ms 
440926     DEBUG Test worker     d.u.i.k.n.KeyIO           Load declarations of de.uka.ilkd.key.nparser.KeyAst$File:  <unknown>:1#1 
440926     INFO  Test worker     d.u.i.k.n.KeyIO           MODE: declarations took 0 ms 
440926     DEBUG Test worker     d.u.i.k.n.KeyIO           MODE: 2nd degree decls took 0 
440926     INFO  Test worker     d.u.i.k.n.KeyIO           Parsing took 0 ms 
440926     DEBUG Test worker     d.u.i.k.n.KeyIO           Load declarations of de.uka.ilkd.key.nparser.KeyAst$File:  <unknown>:1#1 
440926     INFO  Test worker     d.u.i.k.n.KeyIO           MODE: declarations took 0 ms 
440926     DEBUG Test worker     d.u.i.k.n.KeyIO           MODE: 2nd degree decls took 0 
440926     INFO  Test worker     d.u.i.k.n.KeyIO           Parsing took 0 ms 
440926     DEBUG Test worker     d.u.i.k.n.KeyIO           Load declarations of de.uka.ilkd.key.nparser.KeyAst$File:  <unknown>:1#1 
440926     INFO  Test worker     d.u.i.k.n.KeyIO           MODE: declarations took 0 ms 
440926     DEBUG Test worker     d.u.i.k.n.KeyIO           MODE: 2nd degree decls took 0 
440926     INFO  Test worker     d.u.i.k.n.KeyIO           Parsing took 0 ms 
440942     DEBUG Test worker     d.u.i.k.n.KeyIO           Load declarations of de.uka.ilkd.key.nparser.KeyAst$File:  <unknown>:1#1 
440942     INFO  Test worker     d.u.i.k.n.KeyIO           MODE: declarations took 0 ms 
440942     DEBUG Test worker     d.u.i.k.n.KeyIO           MODE: 2nd degree decls took 0 
440942     INFO  Test worker     d.u.i.k.n.KeyIO           Parsing took 0 ms 
440942     DEBUG Test worker     d.u.i.k.n.KeyIO           Load declarations of de.uka.ilkd.key.nparser.KeyAst$File:  <unknown>:1#1 
440942     INFO  Test worker     d.u.i.k.n.KeyIO           MODE: declarations took 0 ms 
440942     DEBUG Test worker     d.u.i.k.n.KeyIO           MODE: 2nd degree decls took 0 
444114     INFO  Test worker     d.u.i.k.n.KeyIO           Parsing took 0 ms 
444114     DEBUG Test worker     d.u.i.k.n.KeyIO           Load declarations of de.uka.ilkd.key.nparser.KeyAst$File:  <unknown>:1#1 
444114     INFO  Test worker     d.u.i.k.n.KeyIO           MODE: declarations took 0 ms 
444114     DEBUG Test worker     d.u.i.k.n.KeyIO           MODE: 2nd degree decls took 0 
444114     INFO  Test worker     d.u.i.k.n.KeyIO           Parsing took 0 ms 
444114     DEBUG Test worker     d.u.i.k.n.KeyIO           Load declarations of de.uka.ilkd.key.nparser.KeyAst$File:  <unknown>:1#1 
444114     INFO  Test worker     d.u.i.k.n.KeyIO           MODE: declarations took 0 ms 
444114     DEBUG Test worker     d.u.i.k.n.KeyIO           MODE: 2nd degree decls took 0 
444114     INFO  Test worker     d.u.i.k.n.KeyIO           Parsing took 0 ms 
444114     DEBUG Test worker     d.u.i.k.n.KeyIO           Load declarations of de.uka.ilkd.key.nparser.KeyAst$File:  <unknown>:1#1 
444114     INFO  Test worker     d.u.i.k.n.KeyIO           MODE: declarations took 0 ms 
444114     DEBUG Test worker     d.u.i.k.n.KeyIO           MODE: 2nd degree decls took 0 
444114     INFO  Test worker     d.u.i.k.n.KeyIO           Parsing took 0 ms 
444114     DEBUG Test worker     d.u.i.k.n.KeyIO           Load declarations of de.uka.ilkd.key.nparser.KeyAst$File:  <unknown>:1#1 
444114     INFO  Test worker     d.u.i.k.n.KeyIO           MODE: declarations took 0 ms 
444114     DEBUG Test worker     d.u.i.k.n.KeyIO           MODE: 2nd degree decls took 0 
444114     INFO  Test worker     d.u.i.k.n.KeyIO           Parsing took 0 ms 
444114     DEBUG Test worker     d.u.i.k.n.KeyIO           Load declarations of de.uka.ilkd.key.nparser.KeyAst$File:  <unknown>:1#1 
444114     INFO  Test worker     d.u.i.k.n.KeyIO           MODE: declarations took 0 ms 
444114     DEBUG Test worker     d.u.i.k.n.KeyIO           MODE: 2nd degree decls took 0 
447282     INFO  Test worker     d.u.i.k.n.KeyIO           Parsing took 0 ms 
447282     DEBUG Test worker     d.u.i.k.n.KeyIO           Load declarations of de.uka.ilkd.key.nparser.KeyAst$File:  <unknown>:1#1 
447282     INFO  Test worker     d.u.i.k.n.KeyIO           MODE: declarations took 0 ms 
447282     DEBUG Test worker     d.u.i.k.n.KeyIO           MODE: 2nd degree decls took 0 
447282     INFO  Test worker     d.u.i.k.n.KeyIO           Parsing took 0 ms 
447282     DEBUG Test worker     d.u.i.k.n.KeyIO           Load declarations of de.uka.ilkd.key.nparser.KeyAst$File:  <unknown>:1#1 
447282     INFO  Test worker     d.u.i.k.n.KeyIO           MODE: declarations took 0 ms 
447282     DEBUG Test worker     d.u.i.k.n.KeyIO           MODE: 2nd degree decls took 0 
447282     INFO  Test worker     d.u.i.k.n.KeyIO           Parsing took 0 ms 
447282     DEBUG Test worker     d.u.i.k.n.KeyIO           Load declarations of de.uka.ilkd.key.nparser.KeyAst$File:  <unknown>:1#1 
447282     INFO  Test worker     d.u.i.k.n.KeyIO           MODE: declarations took 0 ms 
447282     DEBUG Test worker     d.u.i.k.n.KeyIO           MODE: 2nd degree decls took 0 
447282     INFO  Test worker     d.u.i.k.n.KeyIO           Parsing took 0 ms 
447282     DEBUG Test worker     d.u.i.k.n.KeyIO           Load declarations of de.uka.ilkd.key.nparser.KeyAst$File:  <unknown>:1#1 
447282     INFO  Test worker     d.u.i.k.n.KeyIO           MODE: declarations took 0 ms 
447282     DEBUG Test worker     d.u.i.k.n.KeyIO           MODE: 2nd degree decls took 0 
447282     INFO  Test worker     d.u.i.k.n.KeyIO           Parsing took 0 ms 
447282     DEBUG Test worker     d.u.i.k.n.KeyIO           Load declarations of de.uka.ilkd.key.nparser.KeyAst$File:  <unknown>:1#1 
447282     INFO  Test worker     d.u.i.k.n.KeyIO           MODE: declarations took 0 ms 
447282     DEBUG Test worker     d.u.i.k.n.KeyIO           MODE: 2nd degree decls took 0 
450470     INFO  Test worker     d.u.i.k.n.KeyIO           Parsing took 0 ms 
450470     DEBUG Test worker     d.u.i.k.n.KeyIO           Load declarations of de.uka.ilkd.key.nparser.KeyAst$File:  <unknown>:1#1 
450470     INFO  Test worker     d.u.i.k.n.KeyIO           MODE: declarations took 0 ms 
450470     DEBUG Test worker     d.u.i.k.n.KeyIO           MODE: 2nd degree decls took 0 
450470     INFO  Test worker     d.u.i.k.n.KeyIO           Parsing took 0 ms 
450470     DEBUG Test worker     d.u.i.k.n.KeyIO           Load declarations of de.uka.ilkd.key.nparser.KeyAst$File:  <unknown>:1#1 
450470     INFO  Test worker     d.u.i.k.n.KeyIO           MODE: declarations took 0 ms 
450470     DEBUG Test worker     d.u.i.k.n.KeyIO           MODE: 2nd degree decls took 0 
450470     INFO  Test worker     d.u.i.k.n.KeyIO           Parsing took 0 ms 
450470     DEBUG Test worker     d.u.i.k.n.KeyIO           Load declarations of de.uka.ilkd.key.nparser.KeyAst$File:  <unknown>:1#1 
450470     INFO  Test worker     d.u.i.k.n.KeyIO           MODE: declarations took 0 ms 
450470     DEBUG Test worker     d.u.i.k.n.KeyIO           MODE: 2nd degree decls took 0 
450470     INFO  Test worker     d.u.i.k.n.KeyIO           Parsing took 0 ms 
450470     DEBUG Test worker     d.u.i.k.n.KeyIO           Load declarations of de.uka.ilkd.key.nparser.KeyAst$File:  <unknown>:1#1 
450470     INFO  Test worker     d.u.i.k.n.KeyIO           MODE: declarations took 0 ms 
450470     DEBUG Test worker     d.u.i.k.n.KeyIO           MODE: 2nd degree decls took 0 
450470     INFO  Test worker     d.u.i.k.n.KeyIO           Parsing took 0 ms 
450470     DEBUG Test worker     d.u.i.k.n.KeyIO           Load declarations of de.uka.ilkd.key.nparser.KeyAst$File:  <unknown>:1#1 
450470     INFO  Test worker     d.u.i.k.n.KeyIO           MODE: declarations took 0 ms 
450470     DEBUG Test worker     d.u.i.k.n.KeyIO           MODE: 2nd degree decls took 0 
453626     INFO  Test worker     d.u.i.k.n.KeyIO           Parsing took 0 ms 
453626     DEBUG Test worker     d.u.i.k.n.KeyIO           Load declarations of de.uka.ilkd.key.nparser.KeyAst$File:  <unknown>:1#1 
453626     INFO  Test worker     d.u.i.k.n.KeyIO           MODE: declarations took 0 ms 
453626     DEBUG Test worker     d.u.i.k.n.KeyIO           MODE: 2nd degree decls took 0 
453626     INFO  Test worker     d.u.i.k.n.KeyIO           Parsing took 0 ms 
453626     DEBUG Test worker     d.u.i.k.n.KeyIO           Load declarations of de.uka.ilkd.key.nparser.KeyAst$File:  <unknown>:1#1 
453626     INFO  Test worker     d.u.i.k.n.KeyIO           MODE: declarations took 0 ms 
453626     DEBUG Test worker     d.u.i.k.n.KeyIO           MODE: 2nd degree decls took 0 
453626     INFO  Test worker     d.u.i.k.n.KeyIO           Parsing took 0 ms 
453626     DEBUG Test worker     d.u.i.k.n.KeyIO           Load declarations of de.uka.ilkd.key.nparser.KeyAst$File:  <unknown>:1#1 
453626     INFO  Test worker     d.u.i.k.n.KeyIO           MODE: declarations took 0 ms 
453626     DEBUG Test worker     d.u.i.k.n.KeyIO           MODE: 2nd degree decls took 0 
453626     INFO  Test worker     d.u.i.k.n.KeyIO           Parsing took 0 ms 
453626     DEBUG Test worker     d.u.i.k.n.KeyIO           Load declarations of de.uka.ilkd.key.nparser.KeyAst$File:  <unknown>:1#1 
453626     INFO  Test worker     d.u.i.k.n.KeyIO           MODE: declarations took 0 ms 
453626     DEBUG Test worker     d.u.i.k.n.KeyIO           MODE: 2nd degree decls took 0 
453626     INFO  Test worker     d.u.i.k.n.KeyIO           Parsing took 0 ms 
453626     DEBUG Test worker     d.u.i.k.n.KeyIO           Load declarations of de.uka.ilkd.key.nparser.KeyAst$File:  <unknown>:1#1 
453626     INFO  Test worker     d.u.i.k.n.KeyIO           MODE: declarations took 0 ms 
453626     DEBUG Test worker     d.u.i.k.n.KeyIO           MODE: 2nd degree decls took 0 
456808     INFO  Test worker     d.u.i.k.n.KeyIO           Parsing took 0 ms 
456808     DEBUG Test worker     d.u.i.k.n.KeyIO           Load declarations of de.uka.ilkd.key.nparser.KeyAst$File:  <unknown>:1#1 
456808     INFO  Test worker     d.u.i.k.n.KeyIO           MODE: declarations took 0 ms 
456808     DEBUG Test worker     d.u.i.k.n.KeyIO           MODE: 2nd degree decls took 0 
456808     INFO  Test worker     d.u.i.k.n.KeyIO           Parsing took 0 ms 
456808     DEBUG Test worker     d.u.i.k.n.KeyIO           Load declarations of de.uka.ilkd.key.nparser.KeyAst$File:  <unknown>:1#1 
456808     INFO  Test worker     d.u.i.k.n.KeyIO           MODE: declarations took 0 ms 
456808     DEBUG Test worker     d.u.i.k.n.KeyIO           MODE: 2nd degree decls took 0 
456808     INFO  Test worker     d.u.i.k.n.KeyIO           Parsing took 0 ms 
456808     DEBUG Test worker     d.u.i.k.n.KeyIO           Load declarations of de.uka.ilkd.key.nparser.KeyAst$File:  <unknown>:1#1 
456808     INFO  Test worker     d.u.i.k.n.KeyIO           MODE: declarations took 0 ms 
456808     DEBUG Test worker     d.u.i.k.n.KeyIO           MODE: 2nd degree decls took 0 
456808     INFO  Test worker     d.u.i.k.n.KeyIO           Parsing took 0 ms 
456808     DEBUG Test worker     d.u.i.k.n.KeyIO           Load declarations of de.uka.ilkd.key.nparser.KeyAst$File:  <unknown>:1#1 
456808     INFO  Test worker     d.u.i.k.n.KeyIO           MODE: declarations took 0 ms 
456808     DEBUG Test worker     d.u.i.k.n.KeyIO           MODE: 2nd degree decls took 0 
456808     INFO  Test worker     d.u.i.k.n.KeyIO           Parsing took 0 ms 
456808     DEBUG Test worker     d.u.i.k.n.KeyIO           Load declarations of de.uka.ilkd.key.nparser.KeyAst$File:  <unknown>:1#1 
456808     INFO  Test worker     d.u.i.k.n.KeyIO           MODE: declarations took 0 ms 
456808     DEBUG Test worker     d.u.i.k.n.KeyIO           MODE: 2nd degree decls took 0 
459973     INFO  Test worker     d.u.i.k.n.KeyIO           Parsing took 0 ms 
459973     DEBUG Test worker     d.u.i.k.n.KeyIO           Load declarations of de.uka.ilkd.key.nparser.KeyAst$File:  <unknown>:1#1 
459973     INFO  Test worker     d.u.i.k.n.KeyIO           MODE: declarations took 0 ms 
459973     DEBUG Test worker     d.u.i.k.n.KeyIO           MODE: 2nd degree decls took 0 
459973     INFO  Test worker     d.u.i.k.n.KeyIO           Parsing took 0 ms 
459973     DEBUG Test worker     d.u.i.k.n.KeyIO           Load declarations of de.uka.ilkd.key.nparser.KeyAst$File:  <unknown>:1#1 
459973     INFO  Test worker     d.u.i.k.n.KeyIO           MODE: declarations took 0 ms 
459973     DEBUG Test worker     d.u.i.k.n.KeyIO           MODE: 2nd degree decls took 0 
459973     INFO  Test worker     d.u.i.k.n.KeyIO           Parsing took 0 ms 
459973     DEBUG Test worker     d.u.i.k.n.KeyIO           Load declarations of de.uka.ilkd.key.nparser.KeyAst$File:  <unknown>:1#1 
459973     INFO  Test worker     d.u.i.k.n.KeyIO           MODE: declarations took 0 ms 
459973     DEBUG Test worker     d.u.i.k.n.KeyIO           MODE: 2nd degree decls took 0 
459973     INFO  Test worker     d.u.i.k.n.KeyIO           Parsing took 0 ms 
459973     DEBUG Test worker     d.u.i.k.n.KeyIO           Load declarations of de.uka.ilkd.key.nparser.KeyAst$File:  <unknown>:1#1 
459973     INFO  Test worker     d.u.i.k.n.KeyIO           MODE: declarations took 0 ms 
459973     DEBUG Test worker     d.u.i.k.n.KeyIO           MODE: 2nd degree decls took 0 
459973     INFO  Test worker     d.u.i.k.n.KeyIO           Parsing took 0 ms 
459973     DEBUG Test worker     d.u.i.k.n.KeyIO           Load declarations of de.uka.ilkd.key.nparser.KeyAst$File:  <unknown>:1#1 
459973     INFO  Test worker     d.u.i.k.n.KeyIO           MODE: declarations took 0 ms 
459973     DEBUG Test worker     d.u.i.k.n.KeyIO           MODE: 2nd degree decls took 0 
463124     INFO  Test worker     d.u.i.k.n.KeyIO           Parsing took 0 ms 
463124     DEBUG Test worker     d.u.i.k.n.KeyIO           Load declarations of de.uka.ilkd.key.nparser.KeyAst$File:  <unknown>:1#1 
463124     INFO  Test worker     d.u.i.k.n.KeyIO           MODE: declarations took 0 ms 
463124     DEBUG Test worker     d.u.i.k.n.KeyIO           MODE: 2nd degree decls took 0 
463124     INFO  Test worker     d.u.i.k.n.KeyIO           Parsing took 0 ms 
463124     DEBUG Test worker     d.u.i.k.n.KeyIO           Load declarations of de.uka.ilkd.key.nparser.KeyAst$File:  <unknown>:1#1 
463124     INFO  Test worker     d.u.i.k.n.KeyIO           MODE: declarations took 0 ms 
463124     DEBUG Test worker     d.u.i.k.n.KeyIO           MODE: 2nd degree decls took 0 
463124     INFO  Test worker     d.u.i.k.n.KeyIO           Parsing took 0 ms 
463124     DEBUG Test worker     d.u.i.k.n.KeyIO           Load declarations of de.uka.ilkd.key.nparser.KeyAst$File:  <unknown>:1#1 
463124     INFO  Test worker     d.u.i.k.n.KeyIO           MODE: declarations took 0 ms 
463124     DEBUG Test worker     d.u.i.k.n.KeyIO           MODE: 2nd degree decls took 0 
463124     INFO  Test worker     d.u.i.k.n.KeyIO           Parsing took 0 ms 
463124     DEBUG Test worker     d.u.i.k.n.KeyIO           Load declarations of de.uka.ilkd.key.nparser.KeyAst$File:  <unknown>:1#1 
463124     INFO  Test worker     d.u.i.k.n.KeyIO           MODE: declarations took 0 ms 
463124     DEBUG Test worker     d.u.i.k.n.KeyIO           MODE: 2nd degree decls took 0 
463124     INFO  Test worker     d.u.i.k.n.KeyIO           Parsing took 0 ms 
463124     DEBUG Test worker     d.u.i.k.n.KeyIO           Load declarations of de.uka.ilkd.key.nparser.KeyAst$File:  <unknown>:1#1 
463124     INFO  Test worker     d.u.i.k.n.KeyIO           MODE: declarations took 0 ms 
463124     DEBUG Test worker     d.u.i.k.n.KeyIO           MODE: 2nd degree decls took 0 
]]></system-out>
  <system-err><![CDATA[]]></system-err>
</testsuite>
