<?xml version="1.0" encoding="UTF-8"?>
<testsuite name="de.uka.ilkd.key.rule.merge.PredicateAbstractionLatticeTests" tests="3" skipped="0" failures="0" errors="0" timestamp="2023-05-24T08:58:49" hostname="fv-az319-950" time="6.978">
  <properties/>
  <testcase name="testToAndFromString()" classname="de.uka.ilkd.key.rule.merge.PredicateAbstractionLatticeTests" time="3.144"/>
  <testcase name="testCreateSignLatticeWithPredicates()" classname="de.uka.ilkd.key.rule.merge.PredicateAbstractionLatticeTests" time="3.834"/>
  <testcase name="testTrivialPredicatesLattice()" classname="de.uka.ilkd.key.rule.merge.PredicateAbstractionLatticeTests" time="0.0"/>
  <system-out><![CDATA[591652     INFO  Test worker     d.u.i.k.p.i.AbstractProblemLoader Loading environment from src\test\resources\testcase\merge\dummy.key 
591652     DEBUG Test worker     d.u.i.k.p.i.AbstractProblemLoader Environment load took 141ns 
591652     INFO  Test worker     d.u.i.k.p.i.AbstractProblemLoader Creating init config 
594782     DEBUG Test worker     d.u.i.k.p.i.AbstractProblemLoader Init config took 3.12s 
594797     INFO  Test worker     d.u.i.k.p.i.AbstractProblemLoader Replaying proof dummy.key 
594797     DEBUG Test worker     d.u.i.k.p.i.IntermediateProofReplayer Proof replay took 10ns 
594797     INFO  Test worker     d.u.i.k.p.i.AbstractProblemLoader Loading environment from src\test\resources\testcase\merge\dummy.key 
594797     DEBUG Test worker     d.u.i.k.p.i.AbstractProblemLoader Environment load took 368.8ns 
594797     INFO  Test worker     d.u.i.k.p.i.AbstractProblemLoader Creating init config 
598616     DEBUG Test worker     d.u.i.k.p.i.AbstractProblemLoader Init config took 3.8s 
598631     INFO  Test worker     d.u.i.k.p.i.AbstractProblemLoader Replaying proof dummy.key 
598631     DEBUG Test worker     d.u.i.k.p.i.IntermediateProofReplayer Proof replay took 8.4ns 
]]></system-out>
  <system-err><![CDATA[]]></system-err>
</testsuite>
