<?xml version="1.0" encoding="UTF-8"?>
<testsuite name="de.uka.ilkd.key.parser.TestDeclParser" tests="14" skipped="2" failures="0" errors="0" timestamp="2023-05-24T08:52:51" hostname="fv-az319-950" time="12.358">
  <properties/>
  <testcase name="testGenericSortDecl1()" classname="de.uka.ilkd.key.parser.TestDeclParser" time="1.018"/>
  <testcase name="testGenericSortDecl2()" classname="de.uka.ilkd.key.parser.TestDeclParser" time="1.061"/>
  <testcase name="testGenericSortDecl3()" classname="de.uka.ilkd.key.parser.TestDeclParser" time="1.053"/>
  <testcase name="testGenericSortDecl4()" classname="de.uka.ilkd.key.parser.TestDeclParser" time="0.966"/>
  <testcase name="testGenericSortDecl5()" classname="de.uka.ilkd.key.parser.TestDeclParser" time="0.001">
    <skipped/>
  </testcase>
  <testcase name="testGenericSortDecl6()" classname="de.uka.ilkd.key.parser.TestDeclParser" time="1.056"/>
  <testcase name="testSortDecl()" classname="de.uka.ilkd.key.parser.TestDeclParser" time="1.037"/>
  <testcase name="testProxySortDecl()" classname="de.uka.ilkd.key.parser.TestDeclParser" time="0.97"/>
  <testcase name="testArrayDecl()" classname="de.uka.ilkd.key.parser.TestDeclParser" time="1.059"/>
  <testcase name="testAmbiguousDecls()" classname="de.uka.ilkd.key.parser.TestDeclParser" time="0.0">
    <skipped/>
  </testcase>
  <testcase name="testHeurDecl()" classname="de.uka.ilkd.key.parser.TestDeclParser" time="1.061"/>
  <testcase name="testFunctionDecl()" classname="de.uka.ilkd.key.parser.TestDeclParser" time="0.975"/>
  <testcase name="testPredicateDecl()" classname="de.uka.ilkd.key.parser.TestDeclParser" time="1.054"/>
  <testcase name="testSVDecl()" classname="de.uka.ilkd.key.parser.TestDeclParser" time="1.047"/>
  <system-out><![CDATA[234814     INFO  Test worker     d.u.i.k.n.KeyIO           Parsing took 0 ms 
234814     DEBUG Test worker     d.u.i.k.n.KeyIO           Load declarations of de.uka.ilkd.key.nparser.KeyAst$File:  <unknown>:1#1 
234814     INFO  Test worker     d.u.i.k.n.KeyIO           MODE: declarations took 0 ms 
234814     DEBUG Test worker     d.u.i.k.n.KeyIO           MODE: 2nd degree decls took 0 
234814     DEBUG Test worker     d.u.i.k.n.KeyIO           MODE: taclets took 0ms 
235893     INFO  Test worker     d.u.i.k.n.KeyIO           Parsing took 0 ms 
235893     DEBUG Test worker     d.u.i.k.n.KeyIO           Load declarations of de.uka.ilkd.key.nparser.KeyAst$File:  <unknown>:1#1 
235893     INFO  Test worker     d.u.i.k.n.KeyIO           MODE: declarations took 0 ms 
235893     DEBUG Test worker     d.u.i.k.n.KeyIO           MODE: 2nd degree decls took 0 
235893     DEBUG Test worker     d.u.i.k.n.KeyIO           MODE: taclets took 0ms 
236945     INFO  Test worker     d.u.i.k.n.KeyIO           Parsing took 0 ms 
236945     DEBUG Test worker     d.u.i.k.n.KeyIO           Load declarations of de.uka.ilkd.key.nparser.KeyAst$File:  <unknown>:1#1 
236945     INFO  Test worker     d.u.i.k.n.KeyIO           MODE: declarations took 0 ms 
236945     DEBUG Test worker     d.u.i.k.n.KeyIO           MODE: 2nd degree decls took 0 
236945     DEBUG Test worker     d.u.i.k.n.KeyIO           MODE: taclets took 0ms 
237914     INFO  Test worker     d.u.i.k.n.KeyIO           Parsing took 0 ms 
237914     DEBUG Test worker     d.u.i.k.n.KeyIO           Load declarations of de.uka.ilkd.key.nparser.KeyAst$File:  <unknown>:1#1 
237914     INFO  Test worker     d.u.i.k.n.KeyIO           MODE: declarations took 0 ms 
237914     DEBUG Test worker     d.u.i.k.n.KeyIO           MODE: 2nd degree decls took 0 
237914     DEBUG Test worker     d.u.i.k.n.KeyIO           MODE: taclets took 0ms 
238969     INFO  Test worker     d.u.i.k.n.KeyIO           Parsing took 0 ms 
238969     DEBUG Test worker     d.u.i.k.n.KeyIO           Load declarations of de.uka.ilkd.key.nparser.KeyAst$File:  <unknown>:1#1 
238969     INFO  Test worker     d.u.i.k.n.KeyIO           MODE: declarations took 0 ms 
238969     DEBUG Test worker     d.u.i.k.n.KeyIO           MODE: 2nd degree decls took 0 
238969     DEBUG Test worker     d.u.i.k.n.KeyIO           MODE: taclets took 0ms 
240001     INFO  Test worker     d.u.i.k.n.KeyIO           Parsing took 0 ms 
240001     DEBUG Test worker     d.u.i.k.n.KeyIO           Load declarations of de.uka.ilkd.key.nparser.KeyAst$File:  <unknown>:1#1 
240001     INFO  Test worker     d.u.i.k.n.KeyIO           MODE: declarations took 0 ms 
240001     DEBUG Test worker     d.u.i.k.n.KeyIO           MODE: 2nd degree decls took 0 
240001     DEBUG Test worker     d.u.i.k.n.KeyIO           MODE: taclets took 0ms 
240970     INFO  Test worker     d.u.i.k.n.KeyIO           Parsing took 0 ms 
240970     DEBUG Test worker     d.u.i.k.n.KeyIO           Load declarations of de.uka.ilkd.key.nparser.KeyAst$File:  <unknown>:1#1 
240970     INFO  Test worker     d.u.i.k.n.KeyIO           MODE: declarations took 0 ms 
240970     DEBUG Test worker     d.u.i.k.n.KeyIO           MODE: 2nd degree decls took 0 
240970     DEBUG Test worker     d.u.i.k.n.KeyIO           MODE: taclets took 0ms 
242035     INFO  Test worker     d.u.i.k.n.KeyIO           Parsing took 0 ms 
242035     DEBUG Test worker     d.u.i.k.n.KeyIO           Load declarations of de.uka.ilkd.key.nparser.KeyAst$File:  <unknown>:1#1 
242035     INFO  Test worker     d.u.i.k.n.KeyIO           MODE: declarations took 0 ms 
242035     DEBUG Test worker     d.u.i.k.n.KeyIO           MODE: 2nd degree decls took 0 
242035     DEBUG Test worker     d.u.i.k.n.KeyIO           MODE: taclets took 0ms 
243100     INFO  Test worker     d.u.i.k.n.KeyIO           Parsing took 0 ms 
243100     DEBUG Test worker     d.u.i.k.n.KeyIO           Load declarations of de.uka.ilkd.key.nparser.KeyAst$File:  <unknown>:1#1 
243100     INFO  Test worker     d.u.i.k.n.KeyIO           MODE: declarations took 0 ms 
243100     DEBUG Test worker     d.u.i.k.n.KeyIO           MODE: 2nd degree decls took 0 
243100     DEBUG Test worker     d.u.i.k.n.KeyIO           MODE: taclets took 0ms 
244070     INFO  Test worker     d.u.i.k.n.KeyIO           Parsing took 0 ms 
244070     DEBUG Test worker     d.u.i.k.n.KeyIO           Load declarations of de.uka.ilkd.key.nparser.KeyAst$File:  <unknown>:1#1 
244070     INFO  Test worker     d.u.i.k.n.KeyIO           MODE: declarations took 0 ms 
244086     DEBUG Test worker     d.u.i.k.n.KeyIO           MODE: 2nd degree decls took 16 
244086     DEBUG Test worker     d.u.i.k.n.KeyIO           MODE: taclets took 0ms 
245125     INFO  Test worker     d.u.i.k.n.KeyIO           Parsing took 0 ms 
245125     DEBUG Test worker     d.u.i.k.n.KeyIO           Load declarations of de.uka.ilkd.key.nparser.KeyAst$File:  <unknown>:1#1 
245125     INFO  Test worker     d.u.i.k.n.KeyIO           MODE: declarations took 0 ms 
245125     DEBUG Test worker     d.u.i.k.n.KeyIO           MODE: 2nd degree decls took 0 
245125     DEBUG Test worker     d.u.i.k.n.KeyIO           MODE: taclets took 0ms 
246178     INFO  Test worker     d.u.i.k.n.KeyIO           Parsing took 0 ms 
246178     DEBUG Test worker     d.u.i.k.n.KeyIO           Load declarations of de.uka.ilkd.key.nparser.KeyAst$File:  <unknown>:1#1 
246178     INFO  Test worker     d.u.i.k.n.KeyIO           MODE: declarations took 0 ms 
246178     DEBUG Test worker     d.u.i.k.n.KeyIO           MODE: 2nd degree decls took 0 
246178     DEBUG Test worker     d.u.i.k.n.KeyIO           MODE: taclets took 0ms 
]]></system-out>
  <system-err><![CDATA[]]></system-err>
</testsuite>
