<?xml version="1.0" encoding="UTF-8"?>
<testsuite name="de.uka.ilkd.key.rule.loop.LoopScopeInvRuleTests" tests="1" skipped="0" failures="0" errors="0" timestamp="2023-05-24T08:57:15" hostname="fv-az319-950" time="5.28">
  <properties/>
  <testcase name="testDoAutomaticProofOfBenchmarkWithLabeledBreaksAndContinues()" classname="de.uka.ilkd.key.rule.loop.LoopScopeInvRuleTests" time="5.28"/>
  <system-out><![CDATA[497328     INFO  Test worker     d.u.i.k.p.i.AbstractProblemLoader Loading environment from src\test\resources\testcase\loopScopeInvRule\Test.key 
497328     DEBUG Test worker     d.u.i.k.p.i.AbstractProblemLoader Environment load took 431.4ns 
497328     INFO  Test worker     d.u.i.k.p.i.AbstractProblemLoader Creating init config 
497453     DEBUG Test worker     d.u.i.k.j.TypeConverter   No LDT found for Meta 
497453     DEBUG Test worker     d.u.i.k.j.TypeConverter   No LDT found for Meta 
497453     DEBUG Test worker     d.u.i.k.j.TypeConverter   No LDT found for Meta 
497453     DEBUG Test worker     d.u.i.k.j.TypeConverter   No LDT found for Meta 
498062     DEBUG Test worker     d.u.i.k.j.TypeConverter   No LDT found for JavaBigintExpression 
501890     DEBUG Test worker     d.u.i.k.p.i.AbstractProblemLoader Init config took 4.56s 
501937     INFO  Test worker     d.u.i.k.p.i.AbstractProblemLoader Replaying proof Test[Test::loopScopeRuleBenchmark(int,boolean)].JML normal_behavior operation contract.0 
501937     DEBUG Test worker     d.u.i.k.p.i.IntermediateProofReplayer Proof replay took 18.3ns 
]]></system-out>
  <system-err><![CDATA[]]></system-err>
</testsuite>
