<?xml version="1.0" encoding="UTF-8"?>
<testsuite name="de.uka.ilkd.key.java.TestContextStatementBlock" tests="1" skipped="0" failures="0" errors="0" timestamp="2023-05-24T08:49:24" hostname="fv-az319-950" time="1.335">
  <properties/>
  <testcase name="testContextTermInstantiation()" classname="de.uka.ilkd.key.java.TestContextStatementBlock" time="1.335"/>
  <system-out><![CDATA[27971      INFO  Test worker     d.u.i.k.n.KeyIO           Parsing took 10 ms 
27971      DEBUG Test worker     d.u.i.k.n.KeyIO           Load declarations of de.uka.ilkd.key.nparser.KeyAst$File:  D:\a\key\key\key.core\src\test\resources\testcase\testrules.key:9#1 
27975      INFO  Test worker     d.u.i.k.n.KeyIO           MODE: declarations took 4 ms 
27975      DEBUG Test worker     d.u.i.k.n.KeyIO           MODE: 2nd degree decls took 0 
28092      DEBUG Test worker     d.u.i.k.n.KeyIO           MODE: taclets took 116ms 
]]></system-out>
  <system-err><![CDATA[]]></system-err>
</testsuite>
