<?xml version="1.0" encoding="UTF-8"?>
<testsuite name="de.uka.ilkd.key.proof.TestOneStepSimplifier" tests="1" skipped="0" failures="0" errors="0" timestamp="2023-05-24T08:56:47" hostname="fv-az319-950" time="4.178">
  <properties/>
  <testcase name="loadWithRestriction()" classname="de.uka.ilkd.key.proof.TestOneStepSimplifier" time="4.178"/>
  <system-out><![CDATA[469458     INFO  Test worker     d.u.i.k.p.i.AbstractProblemLoader Loading environment from src\test\resources\testcase\ossRestriction.proof 
469458     DEBUG Test worker     d.u.i.k.p.i.AbstractProblemLoader Environment load took 134ns 
469458     INFO  Test worker     d.u.i.k.p.i.AbstractProblemLoader Creating init config 
469578     DEBUG Test worker     d.u.i.k.j.TypeConverter   No LDT found for Meta 
469578     DEBUG Test worker     d.u.i.k.j.TypeConverter   No LDT found for Meta 
469578     DEBUG Test worker     d.u.i.k.j.TypeConverter   No LDT found for Meta 
469578     DEBUG Test worker     d.u.i.k.j.TypeConverter   No LDT found for Meta 
470157     DEBUG Test worker     d.u.i.k.j.TypeConverter   No LDT found for JavaBigintExpression 
473603     DEBUG Test worker     d.u.i.k.p.i.AbstractProblemLoader Init config took 4.15s 
473635     INFO  Test worker     d.u.i.k.p.i.AbstractProblemLoader Replaying proof ossRestriction.proof 
473635     DEBUG Test worker     d.u.i.k.p.i.IntermediateProofReplayer Proof replay took 782.1ns 
]]></system-out>
  <system-err><![CDATA[]]></system-err>
</testsuite>
