<?xml version="1.0" encoding="UTF-8"?>
<testsuite name="de.uka.ilkd.key.parser.TestTermParserSorts" tests="2" skipped="0" failures="0" errors="0" timestamp="2023-05-24T08:56:44" hostname="fv-az319-950" time="3.173">
  <properties/>
  <testcase name="testParseIntegerArgs()" classname="de.uka.ilkd.key.parser.TestTermParserSorts" time="0.016"/>
  <testcase name="testParseSequencePrettySyntax()" classname="de.uka.ilkd.key.parser.TestTermParserSorts" time="0.003"/>
  <system-out><![CDATA[466241     INFO  Test worker     d.u.i.k.n.KeyIO           Parsing took 0 ms 
466241     DEBUG Test worker     d.u.i.k.n.KeyIO           Load declarations of de.uka.ilkd.key.nparser.KeyAst$File:  <unknown>:1#1 
466241     INFO  Test worker     d.u.i.k.n.KeyIO           MODE: declarations took 0 ms 
466241     DEBUG Test worker     d.u.i.k.n.KeyIO           MODE: 2nd degree decls took 0 
466241     INFO  Test worker     d.u.i.k.n.KeyIO           Parsing took 0 ms 
466241     DEBUG Test worker     d.u.i.k.n.KeyIO           Load declarations of de.uka.ilkd.key.nparser.KeyAst$File:  <unknown>:1#1 
466241     INFO  Test worker     d.u.i.k.n.KeyIO           MODE: declarations took 0 ms 
466241     DEBUG Test worker     d.u.i.k.n.KeyIO           MODE: 2nd degree decls took 0 
466241     INFO  Test worker     d.u.i.k.n.KeyIO           Parsing took 0 ms 
466241     DEBUG Test worker     d.u.i.k.n.KeyIO           Load declarations of de.uka.ilkd.key.nparser.KeyAst$File:  <unknown>:1#1 
466241     INFO  Test worker     d.u.i.k.n.KeyIO           MODE: declarations took 0 ms 
466241     DEBUG Test worker     d.u.i.k.n.KeyIO           MODE: 2nd degree decls took 0 
469411     INFO  Test worker     d.u.i.k.n.KeyIO           Parsing took 0 ms 
469411     DEBUG Test worker     d.u.i.k.n.KeyIO           Load declarations of de.uka.ilkd.key.nparser.KeyAst$File:  <unknown>:1#1 
469411     INFO  Test worker     d.u.i.k.n.KeyIO           MODE: declarations took 0 ms 
469411     DEBUG Test worker     d.u.i.k.n.KeyIO           MODE: 2nd degree decls took 0 
469411     INFO  Test worker     d.u.i.k.n.KeyIO           Parsing took 0 ms 
469411     DEBUG Test worker     d.u.i.k.n.KeyIO           Load declarations of de.uka.ilkd.key.nparser.KeyAst$File:  <unknown>:1#1 
469411     INFO  Test worker     d.u.i.k.n.KeyIO           MODE: declarations took 0 ms 
469411     DEBUG Test worker     d.u.i.k.n.KeyIO           MODE: 2nd degree decls took 0 
469411     INFO  Test worker     d.u.i.k.n.KeyIO           Parsing took 0 ms 
469411     DEBUG Test worker     d.u.i.k.n.KeyIO           Load declarations of de.uka.ilkd.key.nparser.KeyAst$File:  <unknown>:1#1 
469411     INFO  Test worker     d.u.i.k.n.KeyIO           MODE: declarations took 0 ms 
469411     DEBUG Test worker     d.u.i.k.n.KeyIO           MODE: 2nd degree decls took 0 
]]></system-out>
  <system-err><![CDATA[]]></system-err>
</testsuite>
