<?xml version="1.0" encoding="UTF-8"?>
<testsuite name="de.uka.ilkd.key.taclettranslation.TestTacletTranslator" tests="5" skipped="0" failures="0" errors="0" timestamp="2023-05-24T09:03:40" hostname="fv-az319-950" time="0.02">
  <properties/>
  <testcase name="testPropositional1()" classname="de.uka.ilkd.key.taclettranslation.TestTacletTranslator" time="0.008"/>
  <testcase name="testPropositional2()" classname="de.uka.ilkd.key.taclettranslation.TestTacletTranslator" time="0.003"/>
  <testcase name="testNegativePolarity()" classname="de.uka.ilkd.key.taclettranslation.TestTacletTranslator" time="0.002"/>
  <testcase name="testNoPolarity()" classname="de.uka.ilkd.key.taclettranslation.TestTacletTranslator" time="0.002"/>
  <testcase name="testPositivePolarity()" classname="de.uka.ilkd.key.taclettranslation.TestTacletTranslator" time="0.003"/>
  <system-out><![CDATA[882871     INFO  Test worker     d.u.i.k.n.KeyIO           Parsing took 0 ms 
882871     DEBUG Test worker     d.u.i.k.n.KeyIO           Load declarations of de.uka.ilkd.key.nparser.KeyAst$File:  <unknown>:1#1 
882871     INFO  Test worker     d.u.i.k.n.KeyIO           MODE: declarations took 0 ms 
882871     DEBUG Test worker     d.u.i.k.n.KeyIO           MODE: 2nd degree decls took 0 
882871     DEBUG Test worker     d.u.i.k.n.KeyIO           MODE: taclets took 0ms 
882887     INFO  Test worker     d.u.i.k.n.KeyIO           Parsing took 0 ms 
882887     DEBUG Test worker     d.u.i.k.n.KeyIO           Load declarations of de.uka.ilkd.key.nparser.KeyAst$File:  <unknown>:1#1 
882887     INFO  Test worker     d.u.i.k.n.KeyIO           MODE: declarations took 0 ms 
882887     DEBUG Test worker     d.u.i.k.n.KeyIO           MODE: 2nd degree decls took 0 
882887     DEBUG Test worker     d.u.i.k.n.KeyIO           MODE: taclets took 0ms 
882887     INFO  Test worker     d.u.i.k.n.KeyIO           Parsing took 0 ms 
882887     DEBUG Test worker     d.u.i.k.n.KeyIO           Load declarations of de.uka.ilkd.key.nparser.KeyAst$File:  <unknown>:1#1 
882887     INFO  Test worker     d.u.i.k.n.KeyIO           MODE: declarations took 0 ms 
882887     DEBUG Test worker     d.u.i.k.n.KeyIO           MODE: 2nd degree decls took 0 
882887     DEBUG Test worker     d.u.i.k.n.KeyIO           MODE: taclets took 0ms 
882887     INFO  Test worker     d.u.i.k.n.KeyIO           Parsing took 0 ms 
882887     DEBUG Test worker     d.u.i.k.n.KeyIO           Load declarations of de.uka.ilkd.key.nparser.KeyAst$File:  <unknown>:1#1 
882887     INFO  Test worker     d.u.i.k.n.KeyIO           MODE: declarations took 0 ms 
882887     DEBUG Test worker     d.u.i.k.n.KeyIO           MODE: 2nd degree decls took 0 
882887     DEBUG Test worker     d.u.i.k.n.KeyIO           MODE: taclets took 0ms 
882887     INFO  Test worker     d.u.i.k.n.KeyIO           Parsing took 0 ms 
882887     DEBUG Test worker     d.u.i.k.n.KeyIO           Load declarations of de.uka.ilkd.key.nparser.KeyAst$File:  <unknown>:1#1 
882887     INFO  Test worker     d.u.i.k.n.KeyIO           MODE: declarations took 0 ms 
882887     DEBUG Test worker     d.u.i.k.n.KeyIO           MODE: 2nd degree decls took 0 
882887     DEBUG Test worker     d.u.i.k.n.KeyIO           MODE: taclets took 0ms 
]]></system-out>
  <system-err><![CDATA[]]></system-err>
</testsuite>
