<?xml version="1.0" encoding="UTF-8"?>
<testsuite name="de.uka.ilkd.key.rule.TestApplyTaclet" tests="29" skipped="0" failures="0" errors="0" timestamp="2023-03-18T14:17:56" hostname="fv-az351-629" time="2.519">
  <properties/>
  <testcase name="testCatchList()" classname="de.uka.ilkd.key.rule.TestApplyTaclet" time="0.895"/>
  <testcase name="testAntecTacletWithoutIf()" classname="de.uka.ilkd.key.rule.TestApplyTaclet" time="0.031"/>
  <testcase name="testAddExistingFormulaTwoInAntec2()" classname="de.uka.ilkd.key.rule.TestApplyTaclet" time="0.03"/>
  <testcase name="testAddExistingFormulaTwoInAntec()" classname="de.uka.ilkd.key.rule.TestApplyTaclet" time="0.03"/>
  <testcase name="testAddExistingFormulaTwoInSucc2()" classname="de.uka.ilkd.key.rule.TestApplyTaclet" time="0.031"/>
  <testcase name="testTacletWithIf()" classname="de.uka.ilkd.key.rule.TestApplyTaclet" time="0.031"/>
  <testcase name="testRemoveEmptyBlock()" classname="de.uka.ilkd.key.rule.TestApplyTaclet" time="0.031"/>
  <testcase name="testBugBrokenApply()" classname="de.uka.ilkd.key.rule.TestApplyTaclet" time="0.031"/>
  <testcase name="testCompleteContextAddBug()" classname="de.uka.ilkd.key.rule.TestApplyTaclet" time="0.031"/>
  <testcase name="testBugID176()" classname="de.uka.ilkd.key.rule.TestApplyTaclet" time="0.03"/>
  <testcase name="testBugID177()" classname="de.uka.ilkd.key.rule.TestApplyTaclet" time="0.03"/>
  <testcase name="testBugID188()" classname="de.uka.ilkd.key.rule.TestApplyTaclet" time="0.031"/>
  <testcase name="testSuccTacletWithoutIf()" classname="de.uka.ilkd.key.rule.TestApplyTaclet" time="0.03"/>
  <testcase name="testRewriteTacletWithoutIf()" classname="de.uka.ilkd.key.rule.TestApplyTaclet" time="0.031"/>
  <testcase name="testSuccTacletAllRight()" classname="de.uka.ilkd.key.rule.TestApplyTaclet" time="0.031"/>
  <testcase name="testTacletVariableCollector()" classname="de.uka.ilkd.key.rule.TestApplyTaclet" time="0.033"/>
  <testcase name="testIncompleteSuccTacletApp()" classname="de.uka.ilkd.key.rule.TestApplyTaclet" time="0.032"/>
  <testcase name="testAddExistingFormulaSucc()" classname="de.uka.ilkd.key.rule.TestApplyTaclet" time="0.309"/>
  <testcase name="testAddExistingFormulaTwoInSucc()" classname="de.uka.ilkd.key.rule.TestApplyTaclet" time="0.082"/>
  <testcase name="testIncompleteNoFindTacletApp()" classname="de.uka.ilkd.key.rule.TestApplyTaclet" time="0.054"/>
  <testcase name="testNoFindTacletWithoutIf()" classname="de.uka.ilkd.key.rule.TestApplyTaclet" time="0.043"/>
  <testcase name="testModalityLevel0()" classname="de.uka.ilkd.key.rule.TestApplyTaclet" time="0.031"/>
  <testcase name="testModalityLevel1()" classname="de.uka.ilkd.key.rule.TestApplyTaclet" time="0.032"/>
  <testcase name="testModalityLevel2()" classname="de.uka.ilkd.key.rule.TestApplyTaclet" time="0.031"/>
  <testcase name="testContextAdding()" classname="de.uka.ilkd.key.rule.TestApplyTaclet" time="0.304"/>
  <testcase name="testAddingRule()" classname="de.uka.ilkd.key.rule.TestApplyTaclet" time="0.063"/>
  <testcase name="testBugEmptyBlock()" classname="de.uka.ilkd.key.rule.TestApplyTaclet" time="0.044"/>
  <testcase name="testAddExistingFormulaAntec()" classname="de.uka.ilkd.key.rule.TestApplyTaclet" time="0.034"/>
  <testcase name="testPrgTacletApp()" classname="de.uka.ilkd.key.rule.TestApplyTaclet" time="0.092"/>
  <system-out><![CDATA[]]></system-out>
  <system-err><![CDATA[]]></system-err>
</testsuite>
