<?xml version="1.0" encoding="UTF-8"?>
<testsuite name="de.uka.ilkd.key.logic.LabeledTermImplTest" tests="2" skipped="0" failures="0" errors="0" timestamp="2023-03-18T14:12:03" hostname="fv-az351-629" time="0.008">
  <properties/>
  <testcase name="testGetHasAndContainsLabels()" classname="de.uka.ilkd.key.logic.LabeledTermImplTest" time="0.004"/>
  <testcase name="testEqualsLabelOnTop()" classname="de.uka.ilkd.key.logic.LabeledTermImplTest" time="0.003"/>
  <system-out><![CDATA[]]></system-out>
  <system-err><![CDATA[]]></system-err>
</testsuite>
