<?xml version="1.0" encoding="UTF-8"?>
<testsuite name="de.uka.ilkd.key.symbolic_execution.testcase.strategy.TestStepOverSymbolicExecutionTreeNodesStopCondition" tests="1" skipped="0" failures="0" errors="0" timestamp="2023-04-03T11:03:12" hostname="fv-az454-807" time="4.908">
  <properties/>
  <testcase name="testStepOverOnTwoBranches()" classname="de.uka.ilkd.key.symbolic_execution.testcase.strategy.TestStepOverSymbolicExecutionTreeNodesStopCondition" time="4.908"/>
  <system-out><![CDATA[]]></system-out>
  <system-err><![CDATA[]]></system-err>
</testsuite>
