<?xml version="1.0" encoding="UTF-8"?>
<testsuite name="de.uka.ilkd.key.symbolic_execution.testcase.TestExecutionNodePreorderIterator" tests="4" skipped="0" failures="0" errors="0" timestamp="2023-04-03T10:39:02" hostname="fv-az454-807" time="0.031">
  <properties/>
  <testcase name="testNodesThreeLevel()" classname="de.uka.ilkd.key.symbolic_execution.testcase.TestExecutionNodePreorderIterator" time="0.003"/>
  <testcase name="testEmptyRoot()" classname="de.uka.ilkd.key.symbolic_execution.testcase.TestExecutionNodePreorderIterator" time="0.001"/>
  <testcase name="testNodesTwoLevel()" classname="de.uka.ilkd.key.symbolic_execution.testcase.TestExecutionNodePreorderIterator" time="0.014"/>
  <testcase name="testNodesOneLevel()" classname="de.uka.ilkd.key.symbolic_execution.testcase.TestExecutionNodePreorderIterator" time="0.004"/>
  <system-out><![CDATA[]]></system-out>
  <system-err><![CDATA[]]></system-err>
</testsuite>
