<?xml version="1.0" encoding="UTF-8"?>
<testsuite name="de.uka.ilkd.key.gui.proofdiff.ProofDifferenceTest" tests="2" skipped="0" failures="0" errors="0" timestamp="2023-01-31T07:51:08" hostname="fv-az545-349" time="0.017">
  <properties/>
  <testcase name="testLevensthein()" classname="de.uka.ilkd.key.gui.proofdiff.ProofDifferenceTest" time="0.001"/>
  <testcase name="testPairs1()" classname="de.uka.ilkd.key.gui.proofdiff.ProofDifferenceTest" time="0.004"/>
  <system-out><![CDATA[]]></system-out>
  <system-err><![CDATA[]]></system-err>
</testsuite>
