<?xml version="1.0" encoding="UTF-8"?>
<testsuite name="de.uka.ilkd.key.taclettranslation.TestTacletTranslator" tests="5" skipped="0" failures="0" errors="0" timestamp="2023-04-18T01:25:16" hostname="fv-az456-843" time="0.026">
  <properties/>
  <testcase name="testPropositional1()" classname="de.uka.ilkd.key.taclettranslation.TestTacletTranslator" time="0.012"/>
  <testcase name="testPropositional2()" classname="de.uka.ilkd.key.taclettranslation.TestTacletTranslator" time="0.004"/>
  <testcase name="testNegativePolarity()" classname="de.uka.ilkd.key.taclettranslation.TestTacletTranslator" time="0.003"/>
  <testcase name="testNoPolarity()" classname="de.uka.ilkd.key.taclettranslation.TestTacletTranslator" time="0.003"/>
  <testcase name="testPositivePolarity()" classname="de.uka.ilkd.key.taclettranslation.TestTacletTranslator" time="0.003"/>
  <system-out><![CDATA[1011020    INFO  Test worker     d.u.i.k.n.KeyIO           Parsing took 0 ms 
1011020    INFO  Test worker     d.u.i.k.n.KeyIO           MODE: declarations took 0 ms 
1011020    INFO  Test worker     d.u.i.k.n.KeyIO           Parsing took 0 ms 
1011020    INFO  Test worker     d.u.i.k.n.KeyIO           MODE: declarations took 0 ms 
1011036    INFO  Test worker     d.u.i.k.n.KeyIO           Parsing took 0 ms 
1011036    INFO  Test worker     d.u.i.k.n.KeyIO           MODE: declarations took 0 ms 
1011036    INFO  Test worker     d.u.i.k.n.KeyIO           Parsing took 0 ms 
1011036    INFO  Test worker     d.u.i.k.n.KeyIO           MODE: declarations took 0 ms 
1011036    INFO  Test worker     d.u.i.k.n.KeyIO           Parsing took 0 ms 
1011036    INFO  Test worker     d.u.i.k.n.KeyIO           MODE: declarations took 0 ms 
]]></system-out>
  <system-err><![CDATA[]]></system-err>
</testsuite>
