<?xml version="1.0" encoding="UTF-8"?>
<testsuite name="de.uka.ilkd.key.nparser.ParseLDTsTests" tests="2" skipped="0" failures="0" errors="0" timestamp="2023-04-18T01:13:33" hostname="fv-az456-843" time="1.679">
  <properties/>
  <testcase name="testLDT()" classname="de.uka.ilkd.key.nparser.ParseLDTsTests" time="0.05"/>
  <testcase name="testSR()" classname="de.uka.ilkd.key.nparser.ParseLDTsTests" time="1.627"/>
  <system-out><![CDATA[308907     INFO  Test worker     d.u.i.k.n.KeyIO           Parsing took 28 ms 
308907     INFO  Test worker     d.u.i.k.n.KeyIO           MODE: declarations took 0 ms 
309485     INFO  Test worker     d.u.i.k.n.KeyIO           Parsing took 547 ms 
309485     INFO  Test worker     d.u.i.k.n.KeyIO           MODE: declarations took 0 ms 
]]></system-out>
  <system-err><![CDATA[]]></system-err>
</testsuite>
