<?xml version="1.0" encoding="UTF-8"?>
<testsuite name="de.uka.ilkd.key.parser.TestTermParser" tests="47" skipped="4" failures="0" errors="0" timestamp="2023-04-18T01:15:41" hostname="fv-az456-843" time="3.936">
  <properties/>
  <testcase name="testNotEqual()" classname="de.uka.ilkd.key.parser.TestTermParser" time="0.003"/>
  <testcase name="testProgramVariables()" classname="de.uka.ilkd.key.parser.TestTermParser" time="0.073"/>
  <testcase name="testAttributeWithSpecifiedSortOnObject()" classname="de.uka.ilkd.key.parser.TestTermParser" time="0.025"/>
  <testcase name="testCast()" classname="de.uka.ilkd.key.parser.TestTermParser" time="0.003"/>
  <testcase name="testJavaQueryAndAttribute_all()" classname="de.uka.ilkd.key.parser.TestTermParser" time="0.001">
    <skipped/>
  </testcase>
  <testcase name="test10()" classname="de.uka.ilkd.key.parser.TestTermParser" time="0.005"/>
  <testcase name="test11()" classname="de.uka.ilkd.key.parser.TestTermParser" time="0.005"/>
  <testcase name="test12()" classname="de.uka.ilkd.key.parser.TestTermParser" time="0.001">
    <skipped/>
  </testcase>
  <testcase name="test13()" classname="de.uka.ilkd.key.parser.TestTermParser" time="0.012"/>
  <testcase name="test14()" classname="de.uka.ilkd.key.parser.TestTermParser" time="0.005"/>
  <testcase name="test1a()" classname="de.uka.ilkd.key.parser.TestTermParser" time="0.012"/>
  <testcase name="testJavaAttributeAccess_4()" classname="de.uka.ilkd.key.parser.TestTermParser" time="0.004"/>
  <testcase name="testAttributeOnObject()" classname="de.uka.ilkd.key.parser.TestTermParser" time="0.004"/>
  <testcase name="testNegativeLiteralParsing1()" classname="de.uka.ilkd.key.parser.TestTermParser" time="0.003"/>
  <testcase name="testNegativeLiteralParsing2()" classname="de.uka.ilkd.key.parser.TestTermParser" time="0.002"/>
  <testcase name="testNegativeLiteralParsing3()" classname="de.uka.ilkd.key.parser.TestTermParser" time="0.002"/>
  <testcase name="xtestParsingArrayWithSpaces()" classname="de.uka.ilkd.key.parser.TestTermParser" time="0.0">
    <skipped/>
  </testcase>
  <testcase name="testAmbigiousFuncVarPred()" classname="de.uka.ilkd.key.parser.TestTermParser" time="0.008"/>
  <testcase name="test1()" classname="de.uka.ilkd.key.parser.TestTermParser" time="0.003"/>
  <testcase name="test2()" classname="de.uka.ilkd.key.parser.TestTermParser" time="0.002"/>
  <testcase name="test3()" classname="de.uka.ilkd.key.parser.TestTermParser" time="0.001"/>
  <testcase name="test5()" classname="de.uka.ilkd.key.parser.TestTermParser" time="0.003"/>
  <testcase name="test6()" classname="de.uka.ilkd.key.parser.TestTermParser" time="0.005"/>
  <testcase name="test7()" classname="de.uka.ilkd.key.parser.TestTermParser" time="0.003"/>
  <testcase name="test8()" classname="de.uka.ilkd.key.parser.TestTermParser" time="0.002"/>
  <testcase name="test9()" classname="de.uka.ilkd.key.parser.TestTermParser" time="0.004"/>
  <testcase name="testBindingUpdateTerm()" classname="de.uka.ilkd.key.parser.TestTermParser" time="0.004"/>
  <testcase name="testJavaStaticQuery()" classname="de.uka.ilkd.key.parser.TestTermParser" time="0.004"/>
  <testcase name="testInfix1()" classname="de.uka.ilkd.key.parser.TestTermParser" time="0.003"/>
  <testcase name="testInfix2()" classname="de.uka.ilkd.key.parser.TestTermParser" time="0.004"/>
  <testcase name="testInfix3()" classname="de.uka.ilkd.key.parser.TestTermParser" time="0.004"/>
  <testcase name="testInfix4()" classname="de.uka.ilkd.key.parser.TestTermParser" time="0.004"/>
  <testcase name="testIfThenElse()" classname="de.uka.ilkd.key.parser.TestTermParser" time="0.004"/>
  <testcase name="testJavaAttributeAccessBoth_1()" classname="de.uka.ilkd.key.parser.TestTermParser" time="0.004"/>
  <testcase name="testJavaAttributeAccessBoth_2()" classname="de.uka.ilkd.key.parser.TestTermParser" time="0.01"/>
  <testcase name="testJavaAttributeAccessBoth_3()" classname="de.uka.ilkd.key.parser.TestTermParser" time="0.008"/>
  <testcase name="testBindingUpdateTerm_1()" classname="de.uka.ilkd.key.parser.TestTermParser" time="0.003"/>
  <testcase name="testBindingUpdateTerm_3()" classname="de.uka.ilkd.key.parser.TestTermParser" time="0.009"/>
  <testcase name="testBindingUpdateTerm_4()" classname="de.uka.ilkd.key.parser.TestTermParser" time="0.001"/>
  <testcase name="testBindingUpdateTerm_5()" classname="de.uka.ilkd.key.parser.TestTermParser" time="0.004"/>
  <testcase name="testBindingUpdateTerm_6()" classname="de.uka.ilkd.key.parser.TestTermParser" time="0.006"/>
  <testcase name="testBindingUpdateTerm_7()" classname="de.uka.ilkd.key.parser.TestTermParser" time="0.004"/>
  <testcase name="testBindingUpdateTerm_8()" classname="de.uka.ilkd.key.parser.TestTermParser" time="0.005"/>
  <testcase name="testParsingArray()" classname="de.uka.ilkd.key.parser.TestTermParser" time="0.005"/>
  <testcase name="xtestBindingUpdateTermOldBindingAlternative()" classname="de.uka.ilkd.key.parser.TestTermParser" time="0.0">
    <skipped/>
  </testcase>
  <testcase name="testJavaStaticQueryWithParameter()" classname="de.uka.ilkd.key.parser.TestTermParser" time="0.012"/>
  <testcase name="testParsingArrayCombination()" classname="de.uka.ilkd.key.parser.TestTermParser" time="0.015"/>
  <system-out><![CDATA[435914     INFO  Test worker     d.u.i.k.n.KeyIO           Parsing took 0 ms 
435914     INFO  Test worker     d.u.i.k.n.KeyIO           MODE: declarations took 0 ms 
435914     WARN  Test worker     d.u.i.k.j.r.KeYCrossReferenceNameInfo Datatype T declared twice: Once in UNKNOWN:unknown and once in UNKNOWN:unknown, Keeping one from UNKNOWN:unknown 
435977     INFO  Test worker     d.u.i.k.n.KeyIO           Parsing took 0 ms 
435992     INFO  Test worker     d.u.i.k.n.KeyIO           MODE: declarations took 0 ms 
436055     WARN  Test worker     d.u.i.k.j.r.KeYCrossReferenceNameInfo Datatype T declared twice: Once in UNKNOWN:unknown and once in UNKNOWN:unknown, Keeping one from UNKNOWN:unknown 
436133     INFO  Test worker     d.u.i.k.n.KeyIO           Parsing took 0 ms 
436149     INFO  Test worker     d.u.i.k.n.KeyIO           MODE: declarations took 0 ms 
436149     WARN  Test worker     d.u.i.k.j.r.KeYCrossReferenceNameInfo Datatype T declared twice: Once in UNKNOWN:unknown and once in UNKNOWN:unknown, Keeping one from UNKNOWN:unknown 
436227     INFO  Test worker     d.u.i.k.n.KeyIO           Parsing took 0 ms 
436227     INFO  Test worker     d.u.i.k.n.KeyIO           MODE: declarations took 0 ms 
436227     WARN  Test worker     d.u.i.k.j.r.KeYCrossReferenceNameInfo Datatype T declared twice: Once in UNKNOWN:unknown and once in UNKNOWN:unknown, Keeping one from UNKNOWN:unknown 
436305     WARN  Test worker     d.u.i.k.j.r.KeYCrossReferenceNameInfo Datatype T declared twice: Once in UNKNOWN:unknown and once in UNKNOWN:unknown, Keeping one from UNKNOWN:unknown 
436383     INFO  Test worker     d.u.i.k.n.KeyIO           Parsing took 0 ms 
436383     INFO  Test worker     d.u.i.k.n.KeyIO           MODE: declarations took 0 ms 
436383     INFO  Test worker     d.u.i.k.p.TestTermParser  Out: \<{
  int x = 1;
  {
    int s = 2;
  }
}\> (equals(x,x)) 
436399     WARN  Test worker     d.u.i.k.j.r.KeYCrossReferenceNameInfo Datatype T declared twice: Once in UNKNOWN:unknown and once in UNKNOWN:unknown, Keeping one from UNKNOWN:unknown 
436461     INFO  Test worker     d.u.i.k.n.KeyIO           Parsing took 0 ms 
436461     INFO  Test worker     d.u.i.k.n.KeyIO           MODE: declarations took 0 ms 
436461     INFO  Test worker     d.u.i.k.p.TestTermParser  Out: \[{
  int x = 2;
  {
    String s = ""}";
  }
}\] (true) 
436461     WARN  Test worker     d.u.i.k.j.r.KeYCrossReferenceNameInfo Datatype T declared twice: Once in UNKNOWN:unknown and once in UNKNOWN:unknown, Keeping one from UNKNOWN:unknown 
436539     WARN  Test worker     d.u.i.k.j.r.KeYCrossReferenceNameInfo Datatype T declared twice: Once in UNKNOWN:unknown and once in UNKNOWN:unknown, Keeping one from UNKNOWN:unknown 
436602     INFO  Test worker     d.u.i.k.n.KeyIO           Parsing took 0 ms 
436602     INFO  Test worker     d.u.i.k.n.KeyIO           MODE: declarations took 0 ms 
436617     WARN  Test worker     d.u.i.k.j.r.KeYCrossReferenceNameInfo Datatype T declared twice: Once in UNKNOWN:unknown and once in UNKNOWN:unknown, Keeping one from UNKNOWN:unknown 
436696     INFO  Test worker     d.u.i.k.n.KeyIO           Parsing took 0 ms 
436696     INFO  Test worker     d.u.i.k.n.KeyIO           MODE: declarations took 0 ms 
436696     INFO  Test worker     d.u.i.k.p.TestTermParser  Out: \<{
  int[] i;
}\> (diamond(true)) 
436696     WARN  Test worker     d.u.i.k.j.r.KeYCrossReferenceNameInfo Datatype T declared twice: Once in UNKNOWN:unknown and once in UNKNOWN:unknown, Keeping one from UNKNOWN:unknown 
436774     INFO  Test worker     d.u.i.k.n.KeyIO           Parsing took 0 ms 
436774     INFO  Test worker     d.u.i.k.n.KeyIO           MODE: declarations took 0 ms 
436789     WARN  Test worker     d.u.i.k.j.r.KeYCrossReferenceNameInfo Datatype T declared twice: Once in UNKNOWN:unknown and once in UNKNOWN:unknown, Keeping one from UNKNOWN:unknown 
436852     INFO  Test worker     d.u.i.k.n.KeyIO           Parsing took 0 ms 
436852     INFO  Test worker     d.u.i.k.n.KeyIO           MODE: declarations took 0 ms 
436868     WARN  Test worker     d.u.i.k.j.r.KeYCrossReferenceNameInfo Datatype T declared twice: Once in UNKNOWN:unknown and once in UNKNOWN:unknown, Keeping one from UNKNOWN:unknown 
436930     INFO  Test worker     d.u.i.k.n.KeyIO           Parsing took 0 ms 
436930     INFO  Test worker     d.u.i.k.n.KeyIO           MODE: declarations took 0 ms 
436930     WARN  Test worker     d.u.i.k.j.r.KeYCrossReferenceNameInfo Datatype T declared twice: Once in UNKNOWN:unknown and once in UNKNOWN:unknown, Keeping one from UNKNOWN:unknown 
436993     INFO  Test worker     d.u.i.k.n.KeyIO           Parsing took 0 ms 
436993     INFO  Test worker     d.u.i.k.n.KeyIO           MODE: declarations took 0 ms 
437008     WARN  Test worker     d.u.i.k.j.r.KeYCrossReferenceNameInfo Datatype T declared twice: Once in UNKNOWN:unknown and once in UNKNOWN:unknown, Keeping one from UNKNOWN:unknown 
437087     INFO  Test worker     d.u.i.k.n.KeyIO           Parsing took 0 ms 
437087     INFO  Test worker     d.u.i.k.n.KeyIO           MODE: declarations took 0 ms 
437087     WARN  Test worker     d.u.i.k.j.r.KeYCrossReferenceNameInfo Datatype T declared twice: Once in UNKNOWN:unknown and once in UNKNOWN:unknown, Keeping one from UNKNOWN:unknown 
437166     INFO  Test worker     d.u.i.k.n.KeyIO           Parsing took 0 ms 
437166     INFO  Test worker     d.u.i.k.n.KeyIO           MODE: declarations took 0 ms 
437166     WARN  Test worker     d.u.i.k.j.r.KeYCrossReferenceNameInfo Datatype T declared twice: Once in UNKNOWN:unknown and once in UNKNOWN:unknown, Keeping one from UNKNOWN:unknown 
437228     WARN  Test worker     d.u.i.k.j.r.KeYCrossReferenceNameInfo Datatype T declared twice: Once in UNKNOWN:unknown and once in UNKNOWN:unknown, Keeping one from UNKNOWN:unknown 
437306     INFO  Test worker     d.u.i.k.n.KeyIO           Parsing took 0 ms 
437306     INFO  Test worker     d.u.i.k.n.KeyIO           MODE: declarations took 0 ms 
437306     WARN  Test worker     d.u.i.k.j.r.KeYCrossReferenceNameInfo Datatype T declared twice: Once in UNKNOWN:unknown and once in UNKNOWN:unknown, Keeping one from UNKNOWN:unknown 
437385     INFO  Test worker     d.u.i.k.n.KeyIO           Parsing took 0 ms 
437385     INFO  Test worker     d.u.i.k.n.KeyIO           MODE: declarations took 0 ms 
437385     WARN  Test worker     d.u.i.k.j.r.KeYCrossReferenceNameInfo Datatype T declared twice: Once in UNKNOWN:unknown and once in UNKNOWN:unknown, Keeping one from UNKNOWN:unknown 
437447     INFO  Test worker     d.u.i.k.n.KeyIO           Parsing took 0 ms 
437447     INFO  Test worker     d.u.i.k.n.KeyIO           MODE: declarations took 0 ms 
437447     WARN  Test worker     d.u.i.k.j.r.KeYCrossReferenceNameInfo Datatype T declared twice: Once in UNKNOWN:unknown and once in UNKNOWN:unknown, Keeping one from UNKNOWN:unknown 
437525     INFO  Test worker     d.u.i.k.n.KeyIO           Parsing took 0 ms 
437525     INFO  Test worker     d.u.i.k.n.KeyIO           MODE: declarations took 0 ms 
437525     WARN  Test worker     d.u.i.k.j.r.KeYCrossReferenceNameInfo Datatype T declared twice: Once in UNKNOWN:unknown and once in UNKNOWN:unknown, Keeping one from UNKNOWN:unknown 
437604     INFO  Test worker     d.u.i.k.n.KeyIO           Parsing took 0 ms 
437604     INFO  Test worker     d.u.i.k.n.KeyIO           MODE: declarations took 0 ms 
437604     WARN  Test worker     d.u.i.k.j.r.KeYCrossReferenceNameInfo Datatype T declared twice: Once in UNKNOWN:unknown and once in UNKNOWN:unknown, Keeping one from UNKNOWN:unknown 
437682     INFO  Test worker     d.u.i.k.n.KeyIO           Parsing took 0 ms 
437682     INFO  Test worker     d.u.i.k.n.KeyIO           MODE: declarations took 0 ms 
437697     WARN  Test worker     d.u.i.k.j.r.KeYCrossReferenceNameInfo Datatype T declared twice: Once in UNKNOWN:unknown and once in UNKNOWN:unknown, Keeping one from UNKNOWN:unknown 
437760     INFO  Test worker     d.u.i.k.n.KeyIO           Parsing took 0 ms 
437760     INFO  Test worker     d.u.i.k.n.KeyIO           MODE: declarations took 0 ms 
437760     WARN  Test worker     d.u.i.k.j.r.KeYCrossReferenceNameInfo Datatype T declared twice: Once in UNKNOWN:unknown and once in UNKNOWN:unknown, Keeping one from UNKNOWN:unknown 
437838     INFO  Test worker     d.u.i.k.n.KeyIO           Parsing took 0 ms 
437838     INFO  Test worker     d.u.i.k.n.KeyIO           MODE: declarations took 0 ms 
437838     WARN  Test worker     d.u.i.k.j.r.KeYCrossReferenceNameInfo Datatype T declared twice: Once in UNKNOWN:unknown and once in UNKNOWN:unknown, Keeping one from UNKNOWN:unknown 
437916     INFO  Test worker     d.u.i.k.n.KeyIO           Parsing took 0 ms 
437916     INFO  Test worker     d.u.i.k.n.KeyIO           MODE: declarations took 0 ms 
437916     WARN  Test worker     d.u.i.k.j.r.KeYCrossReferenceNameInfo Datatype T declared twice: Once in UNKNOWN:unknown and once in UNKNOWN:unknown, Keeping one from UNKNOWN:unknown 
437979     INFO  Test worker     d.u.i.k.n.KeyIO           Parsing took 0 ms 
437979     INFO  Test worker     d.u.i.k.n.KeyIO           MODE: declarations took 0 ms 
437994     WARN  Test worker     d.u.i.k.j.r.KeYCrossReferenceNameInfo Datatype T declared twice: Once in UNKNOWN:unknown and once in UNKNOWN:unknown, Keeping one from UNKNOWN:unknown 
438057     INFO  Test worker     d.u.i.k.n.KeyIO           Parsing took 0 ms 
438073     INFO  Test worker     d.u.i.k.n.KeyIO           MODE: declarations took 0 ms 
438073     WARN  Test worker     d.u.i.k.j.r.KeYCrossReferenceNameInfo Datatype T declared twice: Once in UNKNOWN:unknown and once in UNKNOWN:unknown, Keeping one from UNKNOWN:unknown 
438151     INFO  Test worker     d.u.i.k.n.KeyIO           Parsing took 0 ms 
438151     INFO  Test worker     d.u.i.k.n.KeyIO           MODE: declarations took 0 ms 
438151     WARN  Test worker     d.u.i.k.j.r.KeYCrossReferenceNameInfo Datatype T declared twice: Once in UNKNOWN:unknown and once in UNKNOWN:unknown, Keeping one from UNKNOWN:unknown 
438213     INFO  Test worker     d.u.i.k.n.KeyIO           Parsing took 0 ms 
438213     INFO  Test worker     d.u.i.k.n.KeyIO           MODE: declarations took 0 ms 
438229     WARN  Test worker     d.u.i.k.j.r.KeYCrossReferenceNameInfo Datatype T declared twice: Once in UNKNOWN:unknown and once in UNKNOWN:unknown, Keeping one from UNKNOWN:unknown 
438292     INFO  Test worker     d.u.i.k.n.KeyIO           Parsing took 0 ms 
438292     INFO  Test worker     d.u.i.k.n.KeyIO           MODE: declarations took 0 ms 
438292     WARN  Test worker     d.u.i.k.j.r.KeYCrossReferenceNameInfo Datatype T declared twice: Once in UNKNOWN:unknown and once in UNKNOWN:unknown, Keeping one from UNKNOWN:unknown 
438354     INFO  Test worker     d.u.i.k.n.KeyIO           Parsing took 0 ms 
438354     INFO  Test worker     d.u.i.k.n.KeyIO           MODE: declarations took 0 ms 
438370     WARN  Test worker     d.u.i.k.j.r.KeYCrossReferenceNameInfo Datatype T declared twice: Once in UNKNOWN:unknown and once in UNKNOWN:unknown, Keeping one from UNKNOWN:unknown 
438448     INFO  Test worker     d.u.i.k.n.KeyIO           Parsing took 0 ms 
438448     INFO  Test worker     d.u.i.k.n.KeyIO           MODE: declarations took 0 ms 
438448     WARN  Test worker     d.u.i.k.j.r.KeYCrossReferenceNameInfo Datatype T declared twice: Once in UNKNOWN:unknown and once in UNKNOWN:unknown, Keeping one from UNKNOWN:unknown 
438510     INFO  Test worker     d.u.i.k.n.KeyIO           Parsing took 0 ms 
438510     INFO  Test worker     d.u.i.k.n.KeyIO           MODE: declarations took 0 ms 
438510     WARN  Test worker     d.u.i.k.j.r.KeYCrossReferenceNameInfo Datatype T declared twice: Once in UNKNOWN:unknown and once in UNKNOWN:unknown, Keeping one from UNKNOWN:unknown 
438651     INFO  Test worker     d.u.i.k.n.KeyIO           Parsing took 0 ms 
438651     INFO  Test worker     d.u.i.k.n.KeyIO           MODE: declarations took 0 ms 
438667     WARN  Test worker     d.u.i.k.j.r.KeYCrossReferenceNameInfo Datatype T declared twice: Once in UNKNOWN:unknown and once in UNKNOWN:unknown, Keeping one from UNKNOWN:unknown 
438792     INFO  Test worker     d.u.i.k.n.KeyIO           Parsing took 0 ms 
438792     INFO  Test worker     d.u.i.k.n.KeyIO           MODE: declarations took 0 ms 
438807     WARN  Test worker     d.u.i.k.j.r.KeYCrossReferenceNameInfo Datatype T declared twice: Once in UNKNOWN:unknown and once in UNKNOWN:unknown, Keeping one from UNKNOWN:unknown 
438885     INFO  Test worker     d.u.i.k.n.KeyIO           Parsing took 0 ms 
438885     INFO  Test worker     d.u.i.k.n.KeyIO           MODE: declarations took 0 ms 
438901     WARN  Test worker     d.u.i.k.j.r.KeYCrossReferenceNameInfo Datatype T declared twice: Once in UNKNOWN:unknown and once in UNKNOWN:unknown, Keeping one from UNKNOWN:unknown 
438979     INFO  Test worker     d.u.i.k.n.KeyIO           Parsing took 0 ms 
438979     INFO  Test worker     d.u.i.k.n.KeyIO           MODE: declarations took 0 ms 
438995     WARN  Test worker     d.u.i.k.j.r.KeYCrossReferenceNameInfo Datatype T declared twice: Once in UNKNOWN:unknown and once in UNKNOWN:unknown, Keeping one from UNKNOWN:unknown 
439088     INFO  Test worker     d.u.i.k.n.KeyIO           Parsing took 0 ms 
439088     INFO  Test worker     d.u.i.k.n.KeyIO           MODE: declarations took 0 ms 
439088     WARN  Test worker     d.u.i.k.j.r.KeYCrossReferenceNameInfo Datatype T declared twice: Once in UNKNOWN:unknown and once in UNKNOWN:unknown, Keeping one from UNKNOWN:unknown 
439183     INFO  Test worker     d.u.i.k.n.KeyIO           Parsing took 0 ms 
439183     INFO  Test worker     d.u.i.k.n.KeyIO           MODE: declarations took 0 ms 
439183     WARN  Test worker     d.u.i.k.j.r.KeYCrossReferenceNameInfo Datatype T declared twice: Once in UNKNOWN:unknown and once in UNKNOWN:unknown, Keeping one from UNKNOWN:unknown 
439276     INFO  Test worker     d.u.i.k.n.KeyIO           Parsing took 0 ms 
439276     INFO  Test worker     d.u.i.k.n.KeyIO           MODE: declarations took 0 ms 
439296     WARN  Test worker     d.u.i.k.j.r.KeYCrossReferenceNameInfo Datatype T declared twice: Once in UNKNOWN:unknown and once in UNKNOWN:unknown, Keeping one from UNKNOWN:unknown 
439401     INFO  Test worker     d.u.i.k.n.KeyIO           Parsing took 0 ms 
439401     INFO  Test worker     d.u.i.k.n.KeyIO           MODE: declarations took 0 ms 
439417     WARN  Test worker     d.u.i.k.j.r.KeYCrossReferenceNameInfo Datatype T declared twice: Once in UNKNOWN:unknown and once in UNKNOWN:unknown, Keeping one from UNKNOWN:unknown 
439495     INFO  Test worker     d.u.i.k.n.KeyIO           Parsing took 0 ms 
439495     INFO  Test worker     d.u.i.k.n.KeyIO           MODE: declarations took 0 ms 
439495     WARN  Test worker     d.u.i.k.j.r.KeYCrossReferenceNameInfo Datatype T declared twice: Once in UNKNOWN:unknown and once in UNKNOWN:unknown, Keeping one from UNKNOWN:unknown 
439573     INFO  Test worker     d.u.i.k.n.KeyIO           Parsing took 0 ms 
439573     INFO  Test worker     d.u.i.k.n.KeyIO           MODE: declarations took 0 ms 
439589     WARN  Test worker     d.u.i.k.j.r.KeYCrossReferenceNameInfo Datatype T declared twice: Once in UNKNOWN:unknown and once in UNKNOWN:unknown, Keeping one from UNKNOWN:unknown 
439651     WARN  Test worker     d.u.i.k.j.r.KeYCrossReferenceNameInfo Datatype T declared twice: Once in UNKNOWN:unknown and once in UNKNOWN:unknown, Keeping one from UNKNOWN:unknown 
439729     INFO  Test worker     d.u.i.k.n.KeyIO           Parsing took 0 ms 
439729     INFO  Test worker     d.u.i.k.n.KeyIO           MODE: declarations took 0 ms 
439745     WARN  Test worker     d.u.i.k.j.r.KeYCrossReferenceNameInfo Datatype T declared twice: Once in UNKNOWN:unknown and once in UNKNOWN:unknown, Keeping one from UNKNOWN:unknown 
439839     INFO  Test worker     d.u.i.k.n.KeyIO           Parsing took 0 ms 
439839     INFO  Test worker     d.u.i.k.n.KeyIO           MODE: declarations took 0 ms 
]]></system-out>
  <system-err><![CDATA[]]></system-err>
</testsuite>
