<?xml version="1.0" encoding="UTF-8"?>
<testsuite name="de.uka.ilkd.key.logic.TestClashFreeSubst" tests="14" skipped="2" failures="0" errors="0" timestamp="2023-04-18T01:09:11" hostname="fv-az456-843" time="65.611">
  <properties/>
  <testcase name="testMultiShareBound()" classname="de.uka.ilkd.key.logic.TestClashFreeSubst" time="1.149"/>
  <testcase name="testClash()" classname="de.uka.ilkd.key.logic.TestClashFreeSubst" time="1.054"/>
  <testcase name="testShare()" classname="de.uka.ilkd.key.logic.TestClashFreeSubst" time="1.137"/>
  <testcase name="testSubst()" classname="de.uka.ilkd.key.logic.TestClashFreeSubst" time="1.234"/>
  <testcase name="testWary0()" classname="de.uka.ilkd.key.logic.TestClashFreeSubst" time="1.282"/>
  <testcase name="testWary1()" classname="de.uka.ilkd.key.logic.TestClashFreeSubst" time="1.211"/>
  <testcase name="testWary2()" classname="de.uka.ilkd.key.logic.TestClashFreeSubst" time="1.145"/>
  <testcase name="testClashInSubstTerm()" classname="de.uka.ilkd.key.logic.TestClashFreeSubst" time="1.445"/>
  <testcase name="testShareWary()" classname="de.uka.ilkd.key.logic.TestClashFreeSubst" time="1.263"/>
  <testcase name="testMultiSubst()" classname="de.uka.ilkd.key.logic.TestClashFreeSubst" time="1.221"/>
  <testcase name="xtestMultiClash()" classname="de.uka.ilkd.key.logic.TestClashFreeSubst" time="0.0">
    <skipped/>
  </testcase>
  <testcase name="testSubstInSubstTerm()" classname="de.uka.ilkd.key.logic.TestClashFreeSubst" time="1.482"/>
  <testcase name="testSubstWary()" classname="de.uka.ilkd.key.logic.TestClashFreeSubst" time="1.532"/>
  <testcase name="xtestMultiClash1()" classname="de.uka.ilkd.key.logic.TestClashFreeSubst" time="0.0">
    <skipped/>
  </testcase>
  <system-out><![CDATA[46357      INFO  Test worker     d.u.i.k.n.KeyIO           Parsing took 0 ms 
46357      INFO  Test worker     d.u.i.k.n.KeyIO           MODE: declarations took 0 ms 
47498      INFO  Test worker     d.u.i.k.n.KeyIO           Parsing took 0 ms 
47498      INFO  Test worker     d.u.i.k.n.KeyIO           MODE: declarations took 0 ms 
51376      INFO  Test worker     d.u.i.k.n.KeyIO           Parsing took 0 ms 
51376      INFO  Test worker     d.u.i.k.n.KeyIO           MODE: declarations took 0 ms 
52409      INFO  Test worker     d.u.i.k.n.KeyIO           Parsing took 0 ms 
52409      INFO  Test worker     d.u.i.k.n.KeyIO           MODE: declarations took 0 ms 
56036      INFO  Test worker     d.u.i.k.n.KeyIO           Parsing took 0 ms 
56036      INFO  Test worker     d.u.i.k.n.KeyIO           MODE: declarations took 0 ms 
57162      INFO  Test worker     d.u.i.k.n.KeyIO           Parsing took 0 ms 
57177      INFO  Test worker     d.u.i.k.n.KeyIO           MODE: declarations took 0 ms 
61023      INFO  Test worker     d.u.i.k.n.KeyIO           Parsing took 0 ms 
61023      INFO  Test worker     d.u.i.k.n.KeyIO           MODE: declarations took 0 ms 
62242      INFO  Test worker     d.u.i.k.n.KeyIO           Parsing took 0 ms 
62242      INFO  Test worker     d.u.i.k.n.KeyIO           MODE: declarations took 0 ms 
66354      INFO  Test worker     d.u.i.k.n.KeyIO           Parsing took 0 ms 
66370      INFO  Test worker     d.u.i.k.n.KeyIO           MODE: declarations took 0 ms 
67636      INFO  Test worker     d.u.i.k.n.KeyIO           Parsing took 0 ms 
67636      INFO  Test worker     d.u.i.k.n.KeyIO           MODE: declarations took 0 ms 
71513      INFO  Test worker     d.u.i.k.n.KeyIO           Parsing took 0 ms 
71513      INFO  Test worker     d.u.i.k.n.KeyIO           MODE: declarations took 0 ms 
72717      INFO  Test worker     d.u.i.k.n.KeyIO           Parsing took 0 ms 
72717      INFO  Test worker     d.u.i.k.n.KeyIO           MODE: declarations took 0 ms 
76391      INFO  Test worker     d.u.i.k.n.KeyIO           Parsing took 0 ms 
76391      INFO  Test worker     d.u.i.k.n.KeyIO           MODE: declarations took 0 ms 
77532      INFO  Test worker     d.u.i.k.n.KeyIO           Parsing took 0 ms 
77532      INFO  Test worker     d.u.i.k.n.KeyIO           MODE: declarations took 0 ms 
81488      INFO  Test worker     d.u.i.k.n.KeyIO           Parsing took 0 ms 
81488      INFO  Test worker     d.u.i.k.n.KeyIO           MODE: declarations took 0 ms 
82927      INFO  Test worker     d.u.i.k.n.KeyIO           Parsing took 0 ms 
82927      INFO  Test worker     d.u.i.k.n.KeyIO           MODE: declarations took 0 ms 
86477      INFO  Test worker     d.u.i.k.n.KeyIO           Parsing took 0 ms 
86492      INFO  Test worker     d.u.i.k.n.KeyIO           MODE: declarations took 15 ms 
87728      INFO  Test worker     d.u.i.k.n.KeyIO           Parsing took 0 ms 
87728      INFO  Test worker     d.u.i.k.n.KeyIO           MODE: declarations took 0 ms 
91729      INFO  Test worker     d.u.i.k.n.KeyIO           Parsing took 0 ms 
91729      INFO  Test worker     d.u.i.k.n.KeyIO           MODE: declarations took 0 ms 
92934      INFO  Test worker     d.u.i.k.n.KeyIO           Parsing took 0 ms 
92934      INFO  Test worker     d.u.i.k.n.KeyIO           MODE: declarations took 0 ms 
100645     INFO  Test worker     d.u.i.k.n.KeyIO           Parsing took 0 ms 
100660     INFO  Test worker     d.u.i.k.n.KeyIO           MODE: declarations took 0 ms 
102129     INFO  Test worker     d.u.i.k.n.KeyIO           Parsing took 0 ms 
102129     INFO  Test worker     d.u.i.k.n.KeyIO           MODE: declarations took 0 ms 
106225     INFO  Test worker     d.u.i.k.n.KeyIO           Parsing took 0 ms 
106225     INFO  Test worker     d.u.i.k.n.KeyIO           MODE: declarations took 0 ms 
107743     INFO  Test worker     d.u.i.k.n.KeyIO           Parsing took 0 ms 
107758     INFO  Test worker     d.u.i.k.n.KeyIO           MODE: declarations took 0 ms 
]]></system-out>
  <system-err><![CDATA[]]></system-err>
</testsuite>
