<?xml version="1.0" encoding="UTF-8"?>
<testsuite name="de.uka.ilkd.key.parser.TestTermParserHeap" tests="39" skipped="0" failures="0" errors="0" timestamp="2023-04-18T01:15:49" hostname="fv-az456-843" time="143.379">
  <properties/>
  <testcase name="testBracketHeapUpdate()" classname="de.uka.ilkd.key.parser.TestTermParserHeap" time="0.051"/>
  <testcase name="testStore()" classname="de.uka.ilkd.key.parser.TestTermParserHeap" time="0.013"/>
  <testcase name="testUnknownConstant()" classname="de.uka.ilkd.key.parser.TestTermParserHeap" time="0.009"/>
  <testcase name="testAllFieldsSelector()" classname="de.uka.ilkd.key.parser.TestTermParserHeap" time="0.005"/>
  <testcase name="testParsePrettyPrintedSelect()" classname="de.uka.ilkd.key.parser.TestTermParserHeap" time="0.004"/>
  <testcase name="testAccessStaticMembers()" classname="de.uka.ilkd.key.parser.TestTermParserHeap" time="0.007"/>
  <testcase name="testAtOperator_1()" classname="de.uka.ilkd.key.parser.TestTermParserHeap" time="0.006"/>
  <testcase name="testAtOperator_2()" classname="de.uka.ilkd.key.parser.TestTermParserHeap" time="0.005"/>
  <testcase name="testAtOperator_3()" classname="de.uka.ilkd.key.parser.TestTermParserHeap" time="0.003"/>
  <testcase name="testAtOperator_4()" classname="de.uka.ilkd.key.parser.TestTermParserHeap" time="0.01"/>
  <testcase name="testAtOperator_5()" classname="de.uka.ilkd.key.parser.TestTermParserHeap" time="0.015"/>
  <testcase name="testAtOperator_6()" classname="de.uka.ilkd.key.parser.TestTermParserHeap" time="0.004"/>
  <testcase name="testAtOperator_7()" classname="de.uka.ilkd.key.parser.TestTermParserHeap" time="0.008"/>
  <testcase name="testAtOperator_8()" classname="de.uka.ilkd.key.parser.TestTermParserHeap" time="0.003"/>
  <testcase name="testVerifyExceptionIfAtOperatorNotPreceededBySelectTerm()" classname="de.uka.ilkd.key.parser.TestTermParserHeap" time="0.006"/>
  <testcase name="testBugResettingCounter()" classname="de.uka.ilkd.key.parser.TestTermParserHeap" time="0.005"/>
  <testcase name="testLocationSets()" classname="de.uka.ilkd.key.parser.TestTermParserHeap" time="0.009"/>
  <testcase name="testQuantifiedSelect()" classname="de.uka.ilkd.key.parser.TestTermParserHeap" time="0.007"/>
  <testcase name="testGenericObjectProperties()" classname="de.uka.ilkd.key.parser.TestTermParserHeap" time="0.004"/>
  <testcase name="testQueryInheritance_1()" classname="de.uka.ilkd.key.parser.TestTermParserHeap" time="0.004"/>
  <testcase name="testQueryInheritance_2()" classname="de.uka.ilkd.key.parser.TestTermParserHeap" time="0.002"/>
  <testcase name="testQueryInheritance_3()" classname="de.uka.ilkd.key.parser.TestTermParserHeap" time="0.004"/>
  <testcase name="testQueryInheritance_4()" classname="de.uka.ilkd.key.parser.TestTermParserHeap" time="0.002"/>
  <testcase name="testQueryInheritance_5()" classname="de.uka.ilkd.key.parser.TestTermParserHeap" time="0.002"/>
  <testcase name="testQueryInheritance_6()" classname="de.uka.ilkd.key.parser.TestTermParserHeap" time="0.002"/>
  <testcase name="testQueryInheritance_7()" classname="de.uka.ilkd.key.parser.TestTermParserHeap" time="0.005"/>
  <testcase name="testQueryInheritance_8()" classname="de.uka.ilkd.key.parser.TestTermParserHeap" time="0.002"/>
  <testcase name="testQueryInheritance_9()" classname="de.uka.ilkd.key.parser.TestTermParserHeap" time="0.003"/>
  <testcase name="testQueryBasic_10()" classname="de.uka.ilkd.key.parser.TestTermParserHeap" time="0.002"/>
  <testcase name="testQueryBasic_11()" classname="de.uka.ilkd.key.parser.TestTermParserHeap" time="0.005"/>
  <testcase name="testQueryBasic_1()" classname="de.uka.ilkd.key.parser.TestTermParserHeap" time="0.003"/>
  <testcase name="testQueryBasic_2()" classname="de.uka.ilkd.key.parser.TestTermParserHeap" time="0.004"/>
  <testcase name="testQueryBasic_3()" classname="de.uka.ilkd.key.parser.TestTermParserHeap" time="0.005"/>
  <testcase name="testQueryBasic_4()" classname="de.uka.ilkd.key.parser.TestTermParserHeap" time="0.009"/>
  <testcase name="testQueryBasic_5()" classname="de.uka.ilkd.key.parser.TestTermParserHeap" time="0.004"/>
  <testcase name="testQueryBasic_6()" classname="de.uka.ilkd.key.parser.TestTermParserHeap" time="0.003"/>
  <testcase name="testQueryBasic_7()" classname="de.uka.ilkd.key.parser.TestTermParserHeap" time="0.001"/>
  <testcase name="testQueryBasic_8()" classname="de.uka.ilkd.key.parser.TestTermParserHeap" time="0.003"/>
  <testcase name="testQueryBasic_9()" classname="de.uka.ilkd.key.parser.TestTermParserHeap" time="0.002"/>
  <system-out><![CDATA[444043     INFO  Test worker     d.u.i.k.n.KeyIO           Parsing took 0 ms 
444043     INFO  Test worker     d.u.i.k.n.KeyIO           MODE: declarations took 0 ms 
444059     INFO  Test worker     d.u.i.k.n.KeyIO           Parsing took 16 ms 
444059     INFO  Test worker     d.u.i.k.n.KeyIO           MODE: declarations took 0 ms 
444059     INFO  Test worker     d.u.i.k.n.KeyIO           Parsing took 0 ms 
444059     INFO  Test worker     d.u.i.k.n.KeyIO           MODE: declarations took 0 ms 
444059     INFO  Test worker     d.u.i.k.n.KeyIO           Parsing took 0 ms 
444059     INFO  Test worker     d.u.i.k.n.KeyIO           MODE: declarations took 0 ms 
444059     INFO  Test worker     d.u.i.k.n.KeyIO           Parsing took 0 ms 
444059     INFO  Test worker     d.u.i.k.n.KeyIO           MODE: declarations took 0 ms 
447812     INFO  Test worker     d.u.i.k.n.KeyIO           Parsing took 0 ms 
447812     INFO  Test worker     d.u.i.k.n.KeyIO           MODE: declarations took 0 ms 
447812     INFO  Test worker     d.u.i.k.n.KeyIO           Parsing took 0 ms 
447812     INFO  Test worker     d.u.i.k.n.KeyIO           MODE: declarations took 0 ms 
447812     INFO  Test worker     d.u.i.k.n.KeyIO           Parsing took 0 ms 
447812     INFO  Test worker     d.u.i.k.n.KeyIO           MODE: declarations took 0 ms 
447812     INFO  Test worker     d.u.i.k.n.KeyIO           Parsing took 0 ms 
447812     INFO  Test worker     d.u.i.k.n.KeyIO           MODE: declarations took 0 ms 
447812     INFO  Test worker     d.u.i.k.n.KeyIO           Parsing took 0 ms 
447812     INFO  Test worker     d.u.i.k.n.KeyIO           MODE: declarations took 0 ms 
451380     INFO  Test worker     d.u.i.k.n.KeyIO           Parsing took 0 ms 
451380     INFO  Test worker     d.u.i.k.n.KeyIO           MODE: declarations took 0 ms 
451380     INFO  Test worker     d.u.i.k.n.KeyIO           Parsing took 0 ms 
451380     INFO  Test worker     d.u.i.k.n.KeyIO           MODE: declarations took 0 ms 
451380     INFO  Test worker     d.u.i.k.n.KeyIO           Parsing took 0 ms 
451380     INFO  Test worker     d.u.i.k.n.KeyIO           MODE: declarations took 0 ms 
451380     INFO  Test worker     d.u.i.k.n.KeyIO           Parsing took 0 ms 
451380     INFO  Test worker     d.u.i.k.n.KeyIO           MODE: declarations took 0 ms 
451380     INFO  Test worker     d.u.i.k.n.KeyIO           Parsing took 0 ms 
451380     INFO  Test worker     d.u.i.k.n.KeyIO           MODE: declarations took 0 ms 
451380     INFO  Test worker     d.u.i.k.n.KeyIO           Parsing took 0 ms 
451380     INFO  Test worker     d.u.i.k.n.KeyIO           MODE: declarations took 0 ms 
455883     INFO  Test worker     d.u.i.k.n.KeyIO           Parsing took 0 ms 
455883     INFO  Test worker     d.u.i.k.n.KeyIO           MODE: declarations took 0 ms 
455883     INFO  Test worker     d.u.i.k.n.KeyIO           Parsing took 0 ms 
455883     INFO  Test worker     d.u.i.k.n.KeyIO           MODE: declarations took 0 ms 
455883     INFO  Test worker     d.u.i.k.n.KeyIO           Parsing took 0 ms 
455883     INFO  Test worker     d.u.i.k.n.KeyIO           MODE: declarations took 0 ms 
455883     INFO  Test worker     d.u.i.k.n.KeyIO           Parsing took 0 ms 
455883     INFO  Test worker     d.u.i.k.n.KeyIO           MODE: declarations took 0 ms 
455883     INFO  Test worker     d.u.i.k.n.KeyIO           Parsing took 0 ms 
455883     INFO  Test worker     d.u.i.k.n.KeyIO           MODE: declarations took 0 ms 
459592     INFO  Test worker     d.u.i.k.n.KeyIO           Parsing took 0 ms 
459592     INFO  Test worker     d.u.i.k.n.KeyIO           MODE: declarations took 0 ms 
459592     INFO  Test worker     d.u.i.k.n.KeyIO           Parsing took 0 ms 
459592     INFO  Test worker     d.u.i.k.n.KeyIO           MODE: declarations took 0 ms 
459592     INFO  Test worker     d.u.i.k.n.KeyIO           Parsing took 0 ms 
459592     INFO  Test worker     d.u.i.k.n.KeyIO           MODE: declarations took 0 ms 
459592     INFO  Test worker     d.u.i.k.n.KeyIO           Parsing took 0 ms 
459592     INFO  Test worker     d.u.i.k.n.KeyIO           MODE: declarations took 0 ms 
459592     INFO  Test worker     d.u.i.k.n.KeyIO           Parsing took 0 ms 
459592     INFO  Test worker     d.u.i.k.n.KeyIO           MODE: declarations took 0 ms 
463452     INFO  Test worker     d.u.i.k.n.KeyIO           Parsing took 0 ms 
463452     INFO  Test worker     d.u.i.k.n.KeyIO           MODE: declarations took 0 ms 
463452     INFO  Test worker     d.u.i.k.n.KeyIO           Parsing took 0 ms 
463452     INFO  Test worker     d.u.i.k.n.KeyIO           MODE: declarations took 0 ms 
463452     INFO  Test worker     d.u.i.k.n.KeyIO           Parsing took 0 ms 
463452     INFO  Test worker     d.u.i.k.n.KeyIO           MODE: declarations took 0 ms 
463452     INFO  Test worker     d.u.i.k.n.KeyIO           Parsing took 0 ms 
463452     INFO  Test worker     d.u.i.k.n.KeyIO           MODE: declarations took 0 ms 
463452     INFO  Test worker     d.u.i.k.n.KeyIO           Parsing took 0 ms 
463452     INFO  Test worker     d.u.i.k.n.KeyIO           MODE: declarations took 0 ms 
467283     INFO  Test worker     d.u.i.k.n.KeyIO           Parsing took 0 ms 
467283     INFO  Test worker     d.u.i.k.n.KeyIO           MODE: declarations took 0 ms 
467299     INFO  Test worker     d.u.i.k.n.KeyIO           Parsing took 0 ms 
467299     INFO  Test worker     d.u.i.k.n.KeyIO           MODE: declarations took 0 ms 
467299     INFO  Test worker     d.u.i.k.n.KeyIO           Parsing took 0 ms 
467299     INFO  Test worker     d.u.i.k.n.KeyIO           MODE: declarations took 0 ms 
467299     INFO  Test worker     d.u.i.k.n.KeyIO           Parsing took 0 ms 
467299     INFO  Test worker     d.u.i.k.n.KeyIO           MODE: declarations took 0 ms 
467299     INFO  Test worker     d.u.i.k.n.KeyIO           Parsing took 0 ms 
467299     INFO  Test worker     d.u.i.k.n.KeyIO           MODE: declarations took 0 ms 
470754     INFO  Test worker     d.u.i.k.n.KeyIO           Parsing took 0 ms 
470754     INFO  Test worker     d.u.i.k.n.KeyIO           MODE: declarations took 0 ms 
470754     INFO  Test worker     d.u.i.k.n.KeyIO           Parsing took 0 ms 
470754     INFO  Test worker     d.u.i.k.n.KeyIO           MODE: declarations took 0 ms 
470754     INFO  Test worker     d.u.i.k.n.KeyIO           Parsing took 0 ms 
470754     INFO  Test worker     d.u.i.k.n.KeyIO           MODE: declarations took 0 ms 
470754     INFO  Test worker     d.u.i.k.n.KeyIO           Parsing took 0 ms 
470754     INFO  Test worker     d.u.i.k.n.KeyIO           MODE: declarations took 0 ms 
470770     INFO  Test worker     d.u.i.k.n.KeyIO           Parsing took 16 ms 
470770     INFO  Test worker     d.u.i.k.n.KeyIO           MODE: declarations took 0 ms 
474241     INFO  Test worker     d.u.i.k.n.KeyIO           Parsing took 0 ms 
474241     INFO  Test worker     d.u.i.k.n.KeyIO           MODE: declarations took 0 ms 
474241     INFO  Test worker     d.u.i.k.n.KeyIO           Parsing took 0 ms 
474241     INFO  Test worker     d.u.i.k.n.KeyIO           MODE: declarations took 0 ms 
474241     INFO  Test worker     d.u.i.k.n.KeyIO           Parsing took 0 ms 
474241     INFO  Test worker     d.u.i.k.n.KeyIO           MODE: declarations took 0 ms 
474241     INFO  Test worker     d.u.i.k.n.KeyIO           Parsing took 0 ms 
474241     INFO  Test worker     d.u.i.k.n.KeyIO           MODE: declarations took 0 ms 
474241     INFO  Test worker     d.u.i.k.n.KeyIO           Parsing took 0 ms 
474241     INFO  Test worker     d.u.i.k.n.KeyIO           MODE: declarations took 0 ms 
478245     INFO  Test worker     d.u.i.k.n.KeyIO           Parsing took 0 ms 
478245     INFO  Test worker     d.u.i.k.n.KeyIO           MODE: declarations took 0 ms 
478245     INFO  Test worker     d.u.i.k.n.KeyIO           Parsing took 0 ms 
478245     INFO  Test worker     d.u.i.k.n.KeyIO           MODE: declarations took 0 ms 
478245     INFO  Test worker     d.u.i.k.n.KeyIO           Parsing took 0 ms 
478245     INFO  Test worker     d.u.i.k.n.KeyIO           MODE: declarations took 0 ms 
478245     INFO  Test worker     d.u.i.k.n.KeyIO           Parsing took 0 ms 
478245     INFO  Test worker     d.u.i.k.n.KeyIO           MODE: declarations took 0 ms 
478245     INFO  Test worker     d.u.i.k.n.KeyIO           Parsing took 0 ms 
478245     INFO  Test worker     d.u.i.k.n.KeyIO           MODE: declarations took 0 ms 
481731     INFO  Test worker     d.u.i.k.n.KeyIO           Parsing took 0 ms 
481731     INFO  Test worker     d.u.i.k.n.KeyIO           MODE: declarations took 0 ms 
481731     INFO  Test worker     d.u.i.k.n.KeyIO           Parsing took 0 ms 
481731     INFO  Test worker     d.u.i.k.n.KeyIO           MODE: declarations took 0 ms 
481731     INFO  Test worker     d.u.i.k.n.KeyIO           Parsing took 0 ms 
481731     INFO  Test worker     d.u.i.k.n.KeyIO           MODE: declarations took 0 ms 
481731     INFO  Test worker     d.u.i.k.n.KeyIO           Parsing took 0 ms 
481731     INFO  Test worker     d.u.i.k.n.KeyIO           MODE: declarations took 0 ms 
481731     INFO  Test worker     d.u.i.k.n.KeyIO           Parsing took 0 ms 
481731     INFO  Test worker     d.u.i.k.n.KeyIO           MODE: declarations took 0 ms 
485092     INFO  Test worker     d.u.i.k.n.KeyIO           Parsing took 0 ms 
485092     INFO  Test worker     d.u.i.k.n.KeyIO           MODE: declarations took 0 ms 
485092     INFO  Test worker     d.u.i.k.n.KeyIO           Parsing took 0 ms 
485092     INFO  Test worker     d.u.i.k.n.KeyIO           MODE: declarations took 0 ms 
485092     INFO  Test worker     d.u.i.k.n.KeyIO           Parsing took 0 ms 
485092     INFO  Test worker     d.u.i.k.n.KeyIO           MODE: declarations took 0 ms 
485092     INFO  Test worker     d.u.i.k.n.KeyIO           Parsing took 0 ms 
485092     INFO  Test worker     d.u.i.k.n.KeyIO           MODE: declarations took 0 ms 
485092     INFO  Test worker     d.u.i.k.n.KeyIO           Parsing took 0 ms 
485092     INFO  Test worker     d.u.i.k.n.KeyIO           MODE: declarations took 0 ms 
488453     INFO  Test worker     d.u.i.k.n.KeyIO           Parsing took 0 ms 
488453     INFO  Test worker     d.u.i.k.n.KeyIO           MODE: declarations took 0 ms 
488453     INFO  Test worker     d.u.i.k.n.KeyIO           Parsing took 0 ms 
488453     INFO  Test worker     d.u.i.k.n.KeyIO           MODE: declarations took 0 ms 
488453     INFO  Test worker     d.u.i.k.n.KeyIO           Parsing took 0 ms 
488453     INFO  Test worker     d.u.i.k.n.KeyIO           MODE: declarations took 0 ms 
488453     INFO  Test worker     d.u.i.k.n.KeyIO           Parsing took 0 ms 
488453     INFO  Test worker     d.u.i.k.n.KeyIO           MODE: declarations took 0 ms 
488453     INFO  Test worker     d.u.i.k.n.KeyIO           Parsing took 0 ms 
488453     INFO  Test worker     d.u.i.k.n.KeyIO           MODE: declarations took 0 ms 
491846     INFO  Test worker     d.u.i.k.n.KeyIO           Parsing took 0 ms 
491846     INFO  Test worker     d.u.i.k.n.KeyIO           MODE: declarations took 0 ms 
491846     INFO  Test worker     d.u.i.k.n.KeyIO           Parsing took 0 ms 
491846     INFO  Test worker     d.u.i.k.n.KeyIO           MODE: declarations took 0 ms 
491846     INFO  Test worker     d.u.i.k.n.KeyIO           Parsing took 0 ms 
491846     INFO  Test worker     d.u.i.k.n.KeyIO           MODE: declarations took 0 ms 
491846     INFO  Test worker     d.u.i.k.n.KeyIO           Parsing took 0 ms 
491846     INFO  Test worker     d.u.i.k.n.KeyIO           MODE: declarations took 0 ms 
491846     INFO  Test worker     d.u.i.k.n.KeyIO           Parsing took 0 ms 
491846     INFO  Test worker     d.u.i.k.n.KeyIO           MODE: declarations took 0 ms 
495207     INFO  Test worker     d.u.i.k.n.KeyIO           Parsing took 0 ms 
495207     INFO  Test worker     d.u.i.k.n.KeyIO           MODE: declarations took 0 ms 
495207     INFO  Test worker     d.u.i.k.n.KeyIO           Parsing took 0 ms 
495207     INFO  Test worker     d.u.i.k.n.KeyIO           MODE: declarations took 0 ms 
495207     INFO  Test worker     d.u.i.k.n.KeyIO           Parsing took 0 ms 
495207     INFO  Test worker     d.u.i.k.n.KeyIO           MODE: declarations took 0 ms 
495207     INFO  Test worker     d.u.i.k.n.KeyIO           Parsing took 0 ms 
495207     INFO  Test worker     d.u.i.k.n.KeyIO           MODE: declarations took 0 ms 
495207     INFO  Test worker     d.u.i.k.n.KeyIO           Parsing took 0 ms 
495222     INFO  Test worker     d.u.i.k.n.KeyIO           MODE: declarations took 0 ms 
495222     WARN  Test worker     d.u.i.k.n.KeYParser       [syntax-error] <unknown>:1:11: mismatched input '@' expecting {'/', ':=', '.', '(', ')', '{', '[', '@', PARALLEL, OR, AND, IMP, '=', NOT_EQUALS, '%', '*', '-', '+', '>', GREATEREQUAL, '<', LESSEQUAL, LGUILLEMETS, EQV} [@11,11:11='@',<153>,1:11] (termEOF) 
498521     INFO  Test worker     d.u.i.k.n.KeyIO           Parsing took 0 ms 
498521     INFO  Test worker     d.u.i.k.n.KeyIO           MODE: declarations took 0 ms 
498521     INFO  Test worker     d.u.i.k.n.KeyIO           Parsing took 0 ms 
498521     INFO  Test worker     d.u.i.k.n.KeyIO           MODE: declarations took 0 ms 
498521     INFO  Test worker     d.u.i.k.n.KeyIO           Parsing took 0 ms 
498521     INFO  Test worker     d.u.i.k.n.KeyIO           MODE: declarations took 0 ms 
498537     INFO  Test worker     d.u.i.k.n.KeyIO           Parsing took 16 ms 
498537     INFO  Test worker     d.u.i.k.n.KeyIO           MODE: declarations took 0 ms 
498537     INFO  Test worker     d.u.i.k.n.KeyIO           Parsing took 0 ms 
498537     INFO  Test worker     d.u.i.k.n.KeyIO           MODE: declarations took 0 ms 
501899     INFO  Test worker     d.u.i.k.n.KeyIO           Parsing took 0 ms 
501899     INFO  Test worker     d.u.i.k.n.KeyIO           MODE: declarations took 0 ms 
501899     INFO  Test worker     d.u.i.k.n.KeyIO           Parsing took 0 ms 
501899     INFO  Test worker     d.u.i.k.n.KeyIO           MODE: declarations took 0 ms 
501899     INFO  Test worker     d.u.i.k.n.KeyIO           Parsing took 0 ms 
501899     INFO  Test worker     d.u.i.k.n.KeyIO           MODE: declarations took 0 ms 
501899     INFO  Test worker     d.u.i.k.n.KeyIO           Parsing took 0 ms 
501899     INFO  Test worker     d.u.i.k.n.KeyIO           MODE: declarations took 0 ms 
501899     INFO  Test worker     d.u.i.k.n.KeyIO           Parsing took 0 ms 
501899     INFO  Test worker     d.u.i.k.n.KeyIO           MODE: declarations took 0 ms 
505260     INFO  Test worker     d.u.i.k.n.KeyIO           Parsing took 0 ms 
505260     INFO  Test worker     d.u.i.k.n.KeyIO           MODE: declarations took 0 ms 
505260     INFO  Test worker     d.u.i.k.n.KeyIO           Parsing took 0 ms 
505260     INFO  Test worker     d.u.i.k.n.KeyIO           MODE: declarations took 0 ms 
505260     INFO  Test worker     d.u.i.k.n.KeyIO           Parsing took 0 ms 
505260     INFO  Test worker     d.u.i.k.n.KeyIO           MODE: declarations took 0 ms 
505260     INFO  Test worker     d.u.i.k.n.KeyIO           Parsing took 0 ms 
505260     INFO  Test worker     d.u.i.k.n.KeyIO           MODE: declarations took 0 ms 
505260     INFO  Test worker     d.u.i.k.n.KeyIO           Parsing took 0 ms 
505260     INFO  Test worker     d.u.i.k.n.KeyIO           MODE: declarations took 0 ms 
508715     INFO  Test worker     d.u.i.k.n.KeyIO           Parsing took 0 ms 
508715     INFO  Test worker     d.u.i.k.n.KeyIO           MODE: declarations took 0 ms 
508715     INFO  Test worker     d.u.i.k.n.KeyIO           Parsing took 0 ms 
508715     INFO  Test worker     d.u.i.k.n.KeyIO           MODE: declarations took 0 ms 
508715     INFO  Test worker     d.u.i.k.n.KeyIO           Parsing took 0 ms 
508715     INFO  Test worker     d.u.i.k.n.KeyIO           MODE: declarations took 0 ms 
508715     INFO  Test worker     d.u.i.k.n.KeyIO           Parsing took 0 ms 
508715     INFO  Test worker     d.u.i.k.n.KeyIO           MODE: declarations took 0 ms 
508715     INFO  Test worker     d.u.i.k.n.KeyIO           Parsing took 0 ms 
508715     INFO  Test worker     d.u.i.k.n.KeyIO           MODE: declarations took 0 ms 
512581     INFO  Test worker     d.u.i.k.n.KeyIO           Parsing took 0 ms 
512581     INFO  Test worker     d.u.i.k.n.KeyIO           MODE: declarations took 0 ms 
512581     INFO  Test worker     d.u.i.k.n.KeyIO           Parsing took 0 ms 
512581     INFO  Test worker     d.u.i.k.n.KeyIO           MODE: declarations took 0 ms 
512581     INFO  Test worker     d.u.i.k.n.KeyIO           Parsing took 0 ms 
512581     INFO  Test worker     d.u.i.k.n.KeyIO           MODE: declarations took 0 ms 
512581     INFO  Test worker     d.u.i.k.n.KeyIO           Parsing took 0 ms 
512581     INFO  Test worker     d.u.i.k.n.KeyIO           MODE: declarations took 0 ms 
512581     INFO  Test worker     d.u.i.k.n.KeyIO           Parsing took 0 ms 
512581     INFO  Test worker     d.u.i.k.n.KeyIO           MODE: declarations took 0 ms 
516364     INFO  Test worker     d.u.i.k.n.KeyIO           Parsing took 0 ms 
516364     INFO  Test worker     d.u.i.k.n.KeyIO           MODE: declarations took 0 ms 
516364     INFO  Test worker     d.u.i.k.n.KeyIO           Parsing took 0 ms 
516364     INFO  Test worker     d.u.i.k.n.KeyIO           MODE: declarations took 0 ms 
516364     INFO  Test worker     d.u.i.k.n.KeyIO           Parsing took 0 ms 
516364     INFO  Test worker     d.u.i.k.n.KeyIO           MODE: declarations took 0 ms 
516364     INFO  Test worker     d.u.i.k.n.KeyIO           Parsing took 0 ms 
516364     INFO  Test worker     d.u.i.k.n.KeyIO           MODE: declarations took 0 ms 
516364     INFO  Test worker     d.u.i.k.n.KeyIO           Parsing took 0 ms 
516364     INFO  Test worker     d.u.i.k.n.KeyIO           MODE: declarations took 0 ms 
519820     INFO  Test worker     d.u.i.k.n.KeyIO           Parsing took 0 ms 
519820     INFO  Test worker     d.u.i.k.n.KeyIO           MODE: declarations took 0 ms 
519820     INFO  Test worker     d.u.i.k.n.KeyIO           Parsing took 0 ms 
519820     INFO  Test worker     d.u.i.k.n.KeyIO           MODE: declarations took 0 ms 
519820     INFO  Test worker     d.u.i.k.n.KeyIO           Parsing took 0 ms 
519820     INFO  Test worker     d.u.i.k.n.KeyIO           MODE: declarations took 0 ms 
519820     INFO  Test worker     d.u.i.k.n.KeyIO           Parsing took 0 ms 
519820     INFO  Test worker     d.u.i.k.n.KeyIO           MODE: declarations took 0 ms 
519820     INFO  Test worker     d.u.i.k.n.KeyIO           Parsing took 0 ms 
519820     INFO  Test worker     d.u.i.k.n.KeyIO           MODE: declarations took 0 ms 
523384     INFO  Test worker     d.u.i.k.n.KeyIO           Parsing took 0 ms 
523384     INFO  Test worker     d.u.i.k.n.KeyIO           MODE: declarations took 0 ms 
523384     INFO  Test worker     d.u.i.k.n.KeyIO           Parsing took 0 ms 
523384     INFO  Test worker     d.u.i.k.n.KeyIO           MODE: declarations took 0 ms 
523384     INFO  Test worker     d.u.i.k.n.KeyIO           Parsing took 0 ms 
523384     INFO  Test worker     d.u.i.k.n.KeyIO           MODE: declarations took 0 ms 
523384     INFO  Test worker     d.u.i.k.n.KeyIO           Parsing took 0 ms 
523384     INFO  Test worker     d.u.i.k.n.KeyIO           MODE: declarations took 0 ms 
523384     INFO  Test worker     d.u.i.k.n.KeyIO           Parsing took 0 ms 
523384     INFO  Test worker     d.u.i.k.n.KeyIO           MODE: declarations took 0 ms 
527106     INFO  Test worker     d.u.i.k.n.KeyIO           Parsing took 0 ms 
527106     INFO  Test worker     d.u.i.k.n.KeyIO           MODE: declarations took 0 ms 
527106     INFO  Test worker     d.u.i.k.n.KeyIO           Parsing took 0 ms 
527106     INFO  Test worker     d.u.i.k.n.KeyIO           MODE: declarations took 0 ms 
527106     INFO  Test worker     d.u.i.k.n.KeyIO           Parsing took 0 ms 
527106     INFO  Test worker     d.u.i.k.n.KeyIO           MODE: declarations took 0 ms 
527106     INFO  Test worker     d.u.i.k.n.KeyIO           Parsing took 0 ms 
527106     INFO  Test worker     d.u.i.k.n.KeyIO           MODE: declarations took 0 ms 
527106     INFO  Test worker     d.u.i.k.n.KeyIO           Parsing took 0 ms 
527106     INFO  Test worker     d.u.i.k.n.KeyIO           MODE: declarations took 0 ms 
530655     INFO  Test worker     d.u.i.k.n.KeyIO           Parsing took 0 ms 
530655     INFO  Test worker     d.u.i.k.n.KeyIO           MODE: declarations took 0 ms 
530655     INFO  Test worker     d.u.i.k.n.KeyIO           Parsing took 0 ms 
530655     INFO  Test worker     d.u.i.k.n.KeyIO           MODE: declarations took 0 ms 
530655     INFO  Test worker     d.u.i.k.n.KeyIO           Parsing took 0 ms 
530655     INFO  Test worker     d.u.i.k.n.KeyIO           MODE: declarations took 0 ms 
530655     INFO  Test worker     d.u.i.k.n.KeyIO           Parsing took 0 ms 
530655     INFO  Test worker     d.u.i.k.n.KeyIO           MODE: declarations took 0 ms 
530655     INFO  Test worker     d.u.i.k.n.KeyIO           Parsing took 0 ms 
530655     INFO  Test worker     d.u.i.k.n.KeyIO           MODE: declarations took 0 ms 
534314     INFO  Test worker     d.u.i.k.n.KeyIO           Parsing took 0 ms 
534314     INFO  Test worker     d.u.i.k.n.KeyIO           MODE: declarations took 0 ms 
534314     INFO  Test worker     d.u.i.k.n.KeyIO           Parsing took 0 ms 
534314     INFO  Test worker     d.u.i.k.n.KeyIO           MODE: declarations took 0 ms 
534314     INFO  Test worker     d.u.i.k.n.KeyIO           Parsing took 0 ms 
534314     INFO  Test worker     d.u.i.k.n.KeyIO           MODE: declarations took 0 ms 
534314     INFO  Test worker     d.u.i.k.n.KeyIO           Parsing took 0 ms 
534314     INFO  Test worker     d.u.i.k.n.KeyIO           MODE: declarations took 0 ms 
534314     INFO  Test worker     d.u.i.k.n.KeyIO           Parsing took 0 ms 
534314     INFO  Test worker     d.u.i.k.n.KeyIO           MODE: declarations took 0 ms 
537801     INFO  Test worker     d.u.i.k.n.KeyIO           Parsing took 0 ms 
537801     INFO  Test worker     d.u.i.k.n.KeyIO           MODE: declarations took 0 ms 
537801     INFO  Test worker     d.u.i.k.n.KeyIO           Parsing took 0 ms 
537801     INFO  Test worker     d.u.i.k.n.KeyIO           MODE: declarations took 0 ms 
537801     INFO  Test worker     d.u.i.k.n.KeyIO           Parsing took 0 ms 
537801     INFO  Test worker     d.u.i.k.n.KeyIO           MODE: declarations took 0 ms 
537801     INFO  Test worker     d.u.i.k.n.KeyIO           Parsing took 0 ms 
537801     INFO  Test worker     d.u.i.k.n.KeyIO           MODE: declarations took 0 ms 
537801     INFO  Test worker     d.u.i.k.n.KeyIO           Parsing took 0 ms 
537801     INFO  Test worker     d.u.i.k.n.KeyIO           MODE: declarations took 0 ms 
541318     INFO  Test worker     d.u.i.k.n.KeyIO           Parsing took 0 ms 
541318     INFO  Test worker     d.u.i.k.n.KeyIO           MODE: declarations took 0 ms 
541318     INFO  Test worker     d.u.i.k.n.KeyIO           Parsing took 0 ms 
541318     INFO  Test worker     d.u.i.k.n.KeyIO           MODE: declarations took 0 ms 
541318     INFO  Test worker     d.u.i.k.n.KeyIO           Parsing took 0 ms 
541318     INFO  Test worker     d.u.i.k.n.KeyIO           MODE: declarations took 0 ms 
541318     INFO  Test worker     d.u.i.k.n.KeyIO           Parsing took 0 ms 
541318     INFO  Test worker     d.u.i.k.n.KeyIO           MODE: declarations took 0 ms 
541318     INFO  Test worker     d.u.i.k.n.KeyIO           Parsing took 0 ms 
541318     INFO  Test worker     d.u.i.k.n.KeyIO           MODE: declarations took 0 ms 
544758     INFO  Test worker     d.u.i.k.n.KeyIO           Parsing took 0 ms 
544758     INFO  Test worker     d.u.i.k.n.KeyIO           MODE: declarations took 0 ms 
544758     INFO  Test worker     d.u.i.k.n.KeyIO           Parsing took 0 ms 
544758     INFO  Test worker     d.u.i.k.n.KeyIO           MODE: declarations took 0 ms 
544758     INFO  Test worker     d.u.i.k.n.KeyIO           Parsing took 0 ms 
544758     INFO  Test worker     d.u.i.k.n.KeyIO           MODE: declarations took 0 ms 
544758     INFO  Test worker     d.u.i.k.n.KeyIO           Parsing took 0 ms 
544758     INFO  Test worker     d.u.i.k.n.KeyIO           MODE: declarations took 0 ms 
544758     INFO  Test worker     d.u.i.k.n.KeyIO           Parsing took 0 ms 
544758     INFO  Test worker     d.u.i.k.n.KeyIO           MODE: declarations took 0 ms 
548917     INFO  Test worker     d.u.i.k.n.KeyIO           Parsing took 0 ms 
548917     INFO  Test worker     d.u.i.k.n.KeyIO           MODE: declarations took 0 ms 
548917     INFO  Test worker     d.u.i.k.n.KeyIO           Parsing took 0 ms 
548917     INFO  Test worker     d.u.i.k.n.KeyIO           MODE: declarations took 0 ms 
548917     INFO  Test worker     d.u.i.k.n.KeyIO           Parsing took 0 ms 
548917     INFO  Test worker     d.u.i.k.n.KeyIO           MODE: declarations took 0 ms 
548917     INFO  Test worker     d.u.i.k.n.KeyIO           Parsing took 0 ms 
548917     INFO  Test worker     d.u.i.k.n.KeyIO           MODE: declarations took 0 ms 
548917     INFO  Test worker     d.u.i.k.n.KeyIO           Parsing took 0 ms 
548917     INFO  Test worker     d.u.i.k.n.KeyIO           MODE: declarations took 0 ms 
553498     INFO  Test worker     d.u.i.k.n.KeyIO           Parsing took 0 ms 
553498     INFO  Test worker     d.u.i.k.n.KeyIO           MODE: declarations took 0 ms 
553498     INFO  Test worker     d.u.i.k.n.KeyIO           Parsing took 0 ms 
553498     INFO  Test worker     d.u.i.k.n.KeyIO           MODE: declarations took 0 ms 
553498     INFO  Test worker     d.u.i.k.n.KeyIO           Parsing took 0 ms 
553498     INFO  Test worker     d.u.i.k.n.KeyIO           MODE: declarations took 0 ms 
553498     INFO  Test worker     d.u.i.k.n.KeyIO           Parsing took 0 ms 
553498     INFO  Test worker     d.u.i.k.n.KeyIO           MODE: declarations took 0 ms 
553498     INFO  Test worker     d.u.i.k.n.KeyIO           Parsing took 0 ms 
553498     INFO  Test worker     d.u.i.k.n.KeyIO           MODE: declarations took 0 ms 
558160     INFO  Test worker     d.u.i.k.n.KeyIO           Parsing took 0 ms 
558160     INFO  Test worker     d.u.i.k.n.KeyIO           MODE: declarations took 0 ms 
558160     INFO  Test worker     d.u.i.k.n.KeyIO           Parsing took 0 ms 
558160     INFO  Test worker     d.u.i.k.n.KeyIO           MODE: declarations took 0 ms 
558160     INFO  Test worker     d.u.i.k.n.KeyIO           Parsing took 0 ms 
558160     INFO  Test worker     d.u.i.k.n.KeyIO           MODE: declarations took 0 ms 
558160     INFO  Test worker     d.u.i.k.n.KeyIO           Parsing took 0 ms 
558160     INFO  Test worker     d.u.i.k.n.KeyIO           MODE: declarations took 0 ms 
558160     INFO  Test worker     d.u.i.k.n.KeyIO           Parsing took 0 ms 
558160     INFO  Test worker     d.u.i.k.n.KeyIO           MODE: declarations took 0 ms 
561912     INFO  Test worker     d.u.i.k.n.KeyIO           Parsing took 0 ms 
561912     INFO  Test worker     d.u.i.k.n.KeyIO           MODE: declarations took 0 ms 
561912     INFO  Test worker     d.u.i.k.n.KeyIO           Parsing took 0 ms 
561912     INFO  Test worker     d.u.i.k.n.KeyIO           MODE: declarations took 0 ms 
561912     INFO  Test worker     d.u.i.k.n.KeyIO           Parsing took 0 ms 
561912     INFO  Test worker     d.u.i.k.n.KeyIO           MODE: declarations took 0 ms 
561912     INFO  Test worker     d.u.i.k.n.KeyIO           Parsing took 0 ms 
561912     INFO  Test worker     d.u.i.k.n.KeyIO           MODE: declarations took 0 ms 
561912     INFO  Test worker     d.u.i.k.n.KeyIO           Parsing took 0 ms 
561912     INFO  Test worker     d.u.i.k.n.KeyIO           MODE: declarations took 0 ms 
565855     INFO  Test worker     d.u.i.k.n.KeyIO           Parsing took 0 ms 
565855     INFO  Test worker     d.u.i.k.n.KeyIO           MODE: declarations took 0 ms 
565855     INFO  Test worker     d.u.i.k.n.KeyIO           Parsing took 0 ms 
565855     INFO  Test worker     d.u.i.k.n.KeyIO           MODE: declarations took 0 ms 
565855     INFO  Test worker     d.u.i.k.n.KeyIO           Parsing took 0 ms 
565855     INFO  Test worker     d.u.i.k.n.KeyIO           MODE: declarations took 0 ms 
565855     INFO  Test worker     d.u.i.k.n.KeyIO           Parsing took 0 ms 
565855     INFO  Test worker     d.u.i.k.n.KeyIO           MODE: declarations took 0 ms 
565855     INFO  Test worker     d.u.i.k.n.KeyIO           Parsing took 0 ms 
565855     INFO  Test worker     d.u.i.k.n.KeyIO           MODE: declarations took 0 ms 
570299     INFO  Test worker     d.u.i.k.n.KeyIO           Parsing took 0 ms 
570299     INFO  Test worker     d.u.i.k.n.KeyIO           MODE: declarations took 0 ms 
570299     INFO  Test worker     d.u.i.k.n.KeyIO           Parsing took 0 ms 
570299     INFO  Test worker     d.u.i.k.n.KeyIO           MODE: declarations took 0 ms 
570299     INFO  Test worker     d.u.i.k.n.KeyIO           Parsing took 0 ms 
570299     INFO  Test worker     d.u.i.k.n.KeyIO           MODE: declarations took 0 ms 
570299     INFO  Test worker     d.u.i.k.n.KeyIO           Parsing took 0 ms 
570299     INFO  Test worker     d.u.i.k.n.KeyIO           MODE: declarations took 0 ms 
570299     INFO  Test worker     d.u.i.k.n.KeyIO           Parsing took 0 ms 
570299     INFO  Test worker     d.u.i.k.n.KeyIO           MODE: declarations took 0 ms 
574191     INFO  Test worker     d.u.i.k.n.KeyIO           Parsing took 0 ms 
574191     INFO  Test worker     d.u.i.k.n.KeyIO           MODE: declarations took 0 ms 
574191     INFO  Test worker     d.u.i.k.n.KeyIO           Parsing took 0 ms 
574191     INFO  Test worker     d.u.i.k.n.KeyIO           MODE: declarations took 0 ms 
574191     INFO  Test worker     d.u.i.k.n.KeyIO           Parsing took 0 ms 
574191     INFO  Test worker     d.u.i.k.n.KeyIO           MODE: declarations took 0 ms 
574191     INFO  Test worker     d.u.i.k.n.KeyIO           Parsing took 0 ms 
574191     INFO  Test worker     d.u.i.k.n.KeyIO           MODE: declarations took 0 ms 
574191     INFO  Test worker     d.u.i.k.n.KeyIO           Parsing took 0 ms 
574191     INFO  Test worker     d.u.i.k.n.KeyIO           MODE: declarations took 0 ms 
577991     INFO  Test worker     d.u.i.k.n.KeyIO           Parsing took 0 ms 
577991     INFO  Test worker     d.u.i.k.n.KeyIO           MODE: declarations took 0 ms 
577991     INFO  Test worker     d.u.i.k.n.KeyIO           Parsing took 0 ms 
577991     INFO  Test worker     d.u.i.k.n.KeyIO           MODE: declarations took 0 ms 
577991     INFO  Test worker     d.u.i.k.n.KeyIO           Parsing took 0 ms 
577991     INFO  Test worker     d.u.i.k.n.KeyIO           MODE: declarations took 0 ms 
577991     INFO  Test worker     d.u.i.k.n.KeyIO           Parsing took 0 ms 
577991     INFO  Test worker     d.u.i.k.n.KeyIO           MODE: declarations took 0 ms 
577991     INFO  Test worker     d.u.i.k.n.KeyIO           Parsing took 0 ms 
577991     INFO  Test worker     d.u.i.k.n.KeyIO           MODE: declarations took 0 ms 
583088     INFO  Test worker     d.u.i.k.n.KeyIO           Parsing took 0 ms 
583088     INFO  Test worker     d.u.i.k.n.KeyIO           MODE: declarations took 0 ms 
583088     INFO  Test worker     d.u.i.k.n.KeyIO           Parsing took 0 ms 
583088     INFO  Test worker     d.u.i.k.n.KeyIO           MODE: declarations took 0 ms 
583088     INFO  Test worker     d.u.i.k.n.KeyIO           Parsing took 0 ms 
583088     INFO  Test worker     d.u.i.k.n.KeyIO           MODE: declarations took 0 ms 
583088     INFO  Test worker     d.u.i.k.n.KeyIO           Parsing took 0 ms 
583088     INFO  Test worker     d.u.i.k.n.KeyIO           MODE: declarations took 0 ms 
583088     INFO  Test worker     d.u.i.k.n.KeyIO           Parsing took 0 ms 
583088     INFO  Test worker     d.u.i.k.n.KeyIO           MODE: declarations took 0 ms 
587420     INFO  Test worker     d.u.i.k.n.KeyIO           Parsing took 0 ms 
587420     INFO  Test worker     d.u.i.k.n.KeyIO           MODE: declarations took 0 ms 
587420     INFO  Test worker     d.u.i.k.n.KeyIO           Parsing took 0 ms 
587420     INFO  Test worker     d.u.i.k.n.KeyIO           MODE: declarations took 0 ms 
587420     INFO  Test worker     d.u.i.k.n.KeyIO           Parsing took 0 ms 
587420     INFO  Test worker     d.u.i.k.n.KeyIO           MODE: declarations took 0 ms 
587420     INFO  Test worker     d.u.i.k.n.KeyIO           Parsing took 0 ms 
587420     INFO  Test worker     d.u.i.k.n.KeyIO           MODE: declarations took 0 ms 
587420     INFO  Test worker     d.u.i.k.n.KeyIO           Parsing took 0 ms 
587420     INFO  Test worker     d.u.i.k.n.KeyIO           MODE: declarations took 0 ms 
]]></system-out>
  <system-err><![CDATA[]]></system-err>
</testsuite>
