<?xml version="1.0" encoding="UTF-8"?>
<testsuite name="de.uka.ilkd.key.logic.TestTermLabelManager" tests="21" skipped="0" failures="0" errors="0" timestamp="2023-04-18T01:10:58" hostname="fv-az456-843" time="101.64">
  <properties/>
  <testcase name="testInstantiateLabels_directChildPolicies_allRules()" classname="de.uka.ilkd.key.logic.TestTermLabelManager" time="9.558"/>
  <testcase name="testInstantiateLabels_childAndGrandchildPolicies_ruleSpecific()" classname="de.uka.ilkd.key.logic.TestTermLabelManager" time="6.845"/>
  <testcase name="testParseLabel()" classname="de.uka.ilkd.key.logic.TestTermLabelManager" time="6.156"/>
  <testcase name="testrefactorGoal_childrenAndGrandchildren_ruleSpecific()" classname="de.uka.ilkd.key.logic.TestTermLabelManager" time="5.38"/>
  <testcase name="testrefactorGoal_directChildren_allRules()" classname="de.uka.ilkd.key.logic.TestTermLabelManager" time="4.28"/>
  <testcase name="testInstantiateLabels_childAndGrandchildPolicies_allRules()" classname="de.uka.ilkd.key.logic.TestTermLabelManager" time="3.957"/>
  <testcase name="testInstantiateLabels_taclet()" classname="de.uka.ilkd.key.logic.TestTermLabelManager" time="4.627"/>
  <testcase name="testrefactorGoal_none_ruleSpecific()" classname="de.uka.ilkd.key.logic.TestTermLabelManager" time="4.377"/>
  <testcase name="testInstantiateLabels_updates_ruleSpecific()" classname="de.uka.ilkd.key.logic.TestTermLabelManager" time="4.843"/>
  <testcase name="testrefactorGoal_sequent_ruleSpecific()" classname="de.uka.ilkd.key.logic.TestTermLabelManager" time="6.421"/>
  <testcase name="testInstantiateLabels_updates_allRules()" classname="de.uka.ilkd.key.logic.TestTermLabelManager" time="5.143"/>
  <testcase name="testrefactorGoal_sequent_allRules()" classname="de.uka.ilkd.key.logic.TestTermLabelManager" time="5.524"/>
  <testcase name="testrefactorGoal_childrenAndGrandchildren_allRules()" classname="de.uka.ilkd.key.logic.TestTermLabelManager" time="5.33"/>
  <testcase name="testGetTermLabelManager()" classname="de.uka.ilkd.key.logic.TestTermLabelManager" time="0.011"/>
  <testcase name="testInstantiateLabels_applicationTermPolicies()" classname="de.uka.ilkd.key.logic.TestTermLabelManager" time="5.161"/>
  <testcase name="testInstantiateLabels_modalityTermPolicies()" classname="de.uka.ilkd.key.logic.TestTermLabelManager" time="4.71"/>
  <testcase name="testrefactorGoal_none_allRules()" classname="de.uka.ilkd.key.logic.TestTermLabelManager" time="5.508"/>
  <testcase name="testInstantiateLabels_null()" classname="de.uka.ilkd.key.logic.TestTermLabelManager" time="0.001"/>
  <testcase name="testrefactorGoal_directChildren_ruleSpecific()" classname="de.uka.ilkd.key.logic.TestTermLabelManager" time="4.557"/>
  <testcase name="testInstantiateLabels_directChildPolicies_ruleSpecific()" classname="de.uka.ilkd.key.logic.TestTermLabelManager" time="4.267"/>
  <testcase name="testGetSupportedTermLabelNames()" classname="de.uka.ilkd.key.logic.TestTermLabelManager" time="4.957"/>
  <system-out><![CDATA[]]></system-out>
  <system-err><![CDATA[]]></system-err>
</testsuite>
