<?xml version="1.0" encoding="UTF-8"?>
<testsuite name="de.uka.ilkd.key.rule.metaconstruct.TestProgramMetaConstructs" tests="7" skipped="1" failures="0" errors="0" timestamp="2023-04-18T01:19:47" hostname="fv-az456-843" time="0.06">
  <properties/>
  <testcase name="testForInitUnfoldTransformer1()" classname="de.uka.ilkd.key.rule.metaconstruct.TestProgramMetaConstructs" time="0.007"/>
  <testcase name="testForInitUnfoldTransformer2()" classname="de.uka.ilkd.key.rule.metaconstruct.TestProgramMetaConstructs" time="0.007"/>
  <testcase name="testForInitUnfoldTransformer3()" classname="de.uka.ilkd.key.rule.metaconstruct.TestProgramMetaConstructs" time="0.003"/>
  <testcase name="testBugId183()" classname="de.uka.ilkd.key.rule.metaconstruct.TestProgramMetaConstructs" time="0.031"/>
  <testcase name="testASTWalker()" classname="de.uka.ilkd.key.rule.metaconstruct.TestProgramMetaConstructs" time="0.0">
    <skipped/>
  </testcase>
  <testcase name="testDoBreak()" classname="de.uka.ilkd.key.rule.metaconstruct.TestProgramMetaConstructs" time="0.005"/>
  <testcase name="testTypeOf()" classname="de.uka.ilkd.key.rule.metaconstruct.TestProgramMetaConstructs" time="0.003"/>
  <system-out><![CDATA[]]></system-out>
  <system-err><![CDATA[]]></system-err>
</testsuite>
