<?xml version="1.0" encoding="UTF-8"?>
<testsuite name="de.uka.ilkd.key.parser.TestDeclParser" tests="14" skipped="2" failures="0" errors="0" timestamp="2023-04-18T01:13:37" hostname="fv-az456-843" time="15.57">
  <properties/>
  <testcase name="testGenericSortDecl1()" classname="de.uka.ilkd.key.parser.TestDeclParser" time="1.595"/>
  <testcase name="testGenericSortDecl2()" classname="de.uka.ilkd.key.parser.TestDeclParser" time="1.157"/>
  <testcase name="testGenericSortDecl3()" classname="de.uka.ilkd.key.parser.TestDeclParser" time="1.243"/>
  <testcase name="testGenericSortDecl4()" classname="de.uka.ilkd.key.parser.TestDeclParser" time="1.289"/>
  <testcase name="testGenericSortDecl5()" classname="de.uka.ilkd.key.parser.TestDeclParser" time="0.0">
    <skipped/>
  </testcase>
  <testcase name="testGenericSortDecl6()" classname="de.uka.ilkd.key.parser.TestDeclParser" time="1.39"/>
  <testcase name="testSortDecl()" classname="de.uka.ilkd.key.parser.TestDeclParser" time="1.278"/>
  <testcase name="testProxySortDecl()" classname="de.uka.ilkd.key.parser.TestDeclParser" time="1.306"/>
  <testcase name="testArrayDecl()" classname="de.uka.ilkd.key.parser.TestDeclParser" time="1.273"/>
  <testcase name="testAmbiguousDecls()" classname="de.uka.ilkd.key.parser.TestDeclParser" time="0.001">
    <skipped/>
  </testcase>
  <testcase name="testHeurDecl()" classname="de.uka.ilkd.key.parser.TestDeclParser" time="1.274"/>
  <testcase name="testFunctionDecl()" classname="de.uka.ilkd.key.parser.TestDeclParser" time="1.271"/>
  <testcase name="testPredicateDecl()" classname="de.uka.ilkd.key.parser.TestDeclParser" time="1.289"/>
  <testcase name="testSVDecl()" classname="de.uka.ilkd.key.parser.TestDeclParser" time="1.161"/>
  <system-out><![CDATA[313861     INFO  Test worker     d.u.i.k.n.KeyIO           Parsing took 0 ms 
313861     INFO  Test worker     d.u.i.k.n.KeyIO           MODE: declarations took 0 ms 
315018     INFO  Test worker     d.u.i.k.n.KeyIO           Parsing took 0 ms 
315018     INFO  Test worker     d.u.i.k.n.KeyIO           MODE: declarations took 0 ms 
316253     INFO  Test worker     d.u.i.k.n.KeyIO           Parsing took 0 ms 
316253     INFO  Test worker     d.u.i.k.n.KeyIO           MODE: declarations took 0 ms 
317551     INFO  Test worker     d.u.i.k.n.KeyIO           Parsing took 0 ms 
317551     INFO  Test worker     d.u.i.k.n.KeyIO           MODE: declarations took 0 ms 
318942     INFO  Test worker     d.u.i.k.n.KeyIO           Parsing took 0 ms 
318942     INFO  Test worker     d.u.i.k.n.KeyIO           MODE: declarations took 0 ms 
320224     INFO  Test worker     d.u.i.k.n.KeyIO           Parsing took 0 ms 
320224     INFO  Test worker     d.u.i.k.n.KeyIO           MODE: declarations took 0 ms 
321538     INFO  Test worker     d.u.i.k.n.KeyIO           Parsing took 0 ms 
321538     INFO  Test worker     d.u.i.k.n.KeyIO           MODE: declarations took 0 ms 
322804     INFO  Test worker     d.u.i.k.n.KeyIO           Parsing took 0 ms 
322804     INFO  Test worker     d.u.i.k.n.KeyIO           MODE: declarations took 0 ms 
324103     INFO  Test worker     d.u.i.k.n.KeyIO           Parsing took 0 ms 
324103     INFO  Test worker     d.u.i.k.n.KeyIO           MODE: declarations took 0 ms 
325370     INFO  Test worker     d.u.i.k.n.KeyIO           Parsing took 0 ms 
325386     INFO  Test worker     d.u.i.k.n.KeyIO           MODE: declarations took 0 ms 
326667     INFO  Test worker     d.u.i.k.n.KeyIO           Parsing took 0 ms 
326667     INFO  Test worker     d.u.i.k.n.KeyIO           MODE: declarations took 0 ms 
327825     INFO  Test worker     d.u.i.k.n.KeyIO           Parsing took 0 ms 
327825     INFO  Test worker     d.u.i.k.n.KeyIO           MODE: declarations took 0 ms 
]]></system-out>
  <system-err><![CDATA[]]></system-err>
</testsuite>
