<?xml version="1.0" encoding="UTF-8"?>
<testsuite name="de.uka.ilkd.key.symbolic_execution.testcase.po.TestProgramMethodPO" tests="7" skipped="0" failures="0" errors="0" timestamp="2023-04-02T13:28:23" hostname="fv-az561-368" time="43.165">
  <properties/>
  <testcase name="testReturnMethod_Precondition()" classname="de.uka.ilkd.key.symbolic_execution.testcase.po.TestProgramMethodPO" time="5.963"/>
  <testcase name="testVoidMethod()" classname="de.uka.ilkd.key.symbolic_execution.testcase.po.TestProgramMethodPO" time="6.287"/>
  <testcase name="testComplicatedMethod()" classname="de.uka.ilkd.key.symbolic_execution.testcase.po.TestProgramMethodPO" time="6.233"/>
  <testcase name="testComplicatedMethod_Precondition()" classname="de.uka.ilkd.key.symbolic_execution.testcase.po.TestProgramMethodPO" time="6.152"/>
  <testcase name="testComplicatedInnerMethod()" classname="de.uka.ilkd.key.symbolic_execution.testcase.po.TestProgramMethodPO" time="6.102"/>
  <testcase name="testVoidMethod_Precondition()" classname="de.uka.ilkd.key.symbolic_execution.testcase.po.TestProgramMethodPO" time="6.021"/>
  <testcase name="testReturnMethod()" classname="de.uka.ilkd.key.symbolic_execution.testcase.po.TestProgramMethodPO" time="6.406"/>
  <system-out><![CDATA[]]></system-out>
  <system-err><![CDATA[]]></system-err>
</testsuite>
