<?xml version="1.0" encoding="UTF-8"?>
<testsuite name="de.uka.ilkd.key.symbolic_execution.testcase.TestConditionalVariables" tests="1" skipped="0" failures="0" errors="0" timestamp="2023-04-02T13:10:01" hostname="fv-az561-368" time="17.674">
  <properties/>
  <testcase name="testVariablesUnderMethodReturnCondition()" classname="de.uka.ilkd.key.symbolic_execution.testcase.TestConditionalVariables" time="17.674"/>
  <system-out><![CDATA[13:10:01,472 |-INFO in ch.qos.logback.classic.LoggerContext[default] - This is logback-classic version 1.4.6
13:10:01,512 |-INFO in ch.qos.logback.classic.LoggerContext[default] - Could NOT find resource [logback-test.xml]
13:10:01,533 |-INFO in ch.qos.logback.classic.LoggerContext[default] - Found resource [logback.xml] at [file:/home/runner/work/key/key/key.core.symbolic_execution/build/resources/test/logback.xml]
13:10:01,534 |-WARN in ch.qos.logback.classic.util.DefaultJoranConfigurator@208e9ef6 - Resource [logback.xml] occurs multiple times on the classpath.
13:10:01,534 |-WARN in ch.qos.logback.classic.util.DefaultJoranConfigurator@208e9ef6 - Resource [logback.xml] occurs at [file:/home/runner/work/key/key/key.core.symbolic_execution/build/resources/test/logback.xml]
13:10:01,534 |-WARN in ch.qos.logback.classic.util.DefaultJoranConfigurator@208e9ef6 - Resource [logback.xml] occurs at [file:/home/runner/work/key/key/key.core/build/resources/test/logback.xml]
13:10:01,643 |-INFO in ch.qos.logback.core.model.processor.AppenderModelHandler - Processing appender named [STDOUT]
13:10:01,643 |-INFO in ch.qos.logback.core.model.processor.AppenderModelHandler - About to instantiate appender of type [ch.qos.logback.core.ConsoleAppender]
13:10:01,657 |-WARN in ch.qos.logback.core.model.processor.ImplicitModelHandler - Ignoring unknown property [file] in [ch.qos.logback.core.ConsoleAppender]
13:10:01,657 |-WARN in ch.qos.logback.core.model.processor.ImplicitModelHandler - Ignoring unknown property [append] in [ch.qos.logback.core.ConsoleAppender]
13:10:01,658 |-INFO in ch.qos.logback.core.model.processor.ImplicitModelHandler - Assuming default type [ch.qos.logback.classic.encoder.PatternLayoutEncoder] for [encoder] property
13:10:01,677 |-INFO in ch.qos.logback.classic.model.processor.RootLoggerModelHandler - Setting level of ROOT logger to WARN
13:10:01,682 |-INFO in ch.qos.logback.core.model.processor.AppenderRefModelHandler - Attaching appender named [STDOUT] to Logger[ROOT]
13:10:01,682 |-INFO in ch.qos.logback.core.model.processor.DefaultProcessor@78b236a0 - End of configuration.
13:10:01,699 |-INFO in ch.qos.logback.classic.joran.JoranConfigurator@261d8190 - Registering current configuration as safe fallback point

425        WARN  Test worker     d.u.i.k.s.ProofSettings   The settings in /home/runner/.key/proof-settings.props are *not* read. 
527        WARN  Test worker     d.u.i.k.s.ProofIndependentSettings The settings in /home/runner/.key/proofIndependentSettings.props are *not* read due to flag 'key.disregardSettings' 
]]></system-out>
  <system-err><![CDATA[]]></system-err>
</testsuite>
