<?xml version="1.0" encoding="UTF-8"?>
<testsuite name="de.uka.ilkd.key.macros.scripts.SMTCommandTest" tests="1" skipped="0" failures="0" errors="0" timestamp="2023-03-13T14:37:45" hostname="fv-az442-492" time="0.001">
  <properties/>
  <testcase name="testInstantiation()" classname="de.uka.ilkd.key.macros.scripts.SMTCommandTest" time="0.001"/>
  <system-out><![CDATA[]]></system-out>
  <system-err><![CDATA[solver = z3
de.uka.ilkd.key.macros.scripts.SMTCommand$SMTCommandArguments@f8d6843
]]></system-err>
</testsuite>
