<?xml version="1.0" encoding="UTF-8"?>
<testsuite name="de.uka.ilkd.key.logic.TestLocalSymbols" tests="2" skipped="0" failures="0" errors="0" timestamp="2023-03-13T14:36:32" hostname="fv-az442-492" time="3.922">
  <properties/>
  <testcase name="testSkolemization()" classname="de.uka.ilkd.key.logic.TestLocalSymbols" time="0.02"/>
  <testcase name="testDoubleInstantiation()" classname="de.uka.ilkd.key.logic.TestLocalSymbols" time="3.901"/>
  <system-out><![CDATA[]]></system-out>
  <system-err><![CDATA[#2 = orRight
de.uka.ilkd.key.macros.scripts.RuleCommand$Parameters@edbc584
#2 = allRight
de.uka.ilkd.key.macros.scripts.RuleCommand$Parameters@ae059d8
formula = all{i:int}(gt(i,Z(0(#))))
de.uka.ilkd.key.macros.scripts.RuleCommand$Parameters@ae059d8
#2 = allRight
de.uka.ilkd.key.macros.scripts.RuleCommand$Parameters@59fae772
formula = all{i:int}(lt(i,Z(0(#))))
de.uka.ilkd.key.macros.scripts.RuleCommand$Parameters@59fae772
]]></system-err>
</testsuite>
