<?xml version="1.0" encoding="UTF-8"?>
<testsuite name="de.uka.ilkd.key.macros.scripts.TestProofScriptCommand" tests="7" skipped="0" failures="0" errors="0" timestamp="2023-03-13T14:37:45" hostname="fv-az442-492" time="18.11">
  <properties/>
  <testcase name="[1] unhide2.props, /home/runner/work/key/key/key.core/build/resources/test/de/uka/ilkd/key/macros/scripts/cases/unhide2.props" classname="de.uka.ilkd.key.macros.scripts.TestProofScriptCommand" time="2.57"/>
  <testcase name="[2] selectFormula.props, /home/runner/work/key/key/key.core/build/resources/test/de/uka/ilkd/key/macros/scripts/cases/selectFormula.props" classname="de.uka.ilkd.key.macros.scripts.TestProofScriptCommand" time="2.56"/>
  <testcase name="[3] unhide.props, /home/runner/work/key/key/key.core/build/resources/test/de/uka/ilkd/key/macros/scripts/cases/unhide.props" classname="de.uka.ilkd.key.macros.scripts.TestProofScriptCommand" time="2.57"/>
  <testcase name="[4] hide.exc.props, /home/runner/work/key/key/key.core/build/resources/test/de/uka/ilkd/key/macros/scripts/cases/hide.exc.props" classname="de.uka.ilkd.key.macros.scripts.TestProofScriptCommand" time="2.606"/>
  <testcase name="[5] rule.exc.props, /home/runner/work/key/key/key.core/build/resources/test/de/uka/ilkd/key/macros/scripts/cases/rule.exc.props" classname="de.uka.ilkd.key.macros.scripts.TestProofScriptCommand" time="2.617"/>
  <testcase name="[6] andRight.props, /home/runner/work/key/key/key.core/build/resources/test/de/uka/ilkd/key/macros/scripts/cases/andRight.props" classname="de.uka.ilkd.key.macros.scripts.TestProofScriptCommand" time="2.593"/>
  <testcase name="[7] hide.props, /home/runner/work/key/key/key.core/build/resources/test/de/uka/ilkd/key/macros/scripts/cases/hide.props" classname="de.uka.ilkd.key.macros.scripts.TestProofScriptCommand" time="2.592"/>
  <system-out><![CDATA[]]></system-out>
  <system-err><![CDATA[#2 = impRight
de.uka.ilkd.key.macros.scripts.RuleCommand$Parameters@25f5b729
#2 = [equals(Z(2(#)),Z(3(#)))]==>[equals(Z(3(#)),Z(4(#)))]
de.uka.ilkd.key.macros.scripts.HideCommand$Parameters@245f66ea
#2 = [equals(Z(2(#)),Z(3(#)))]==>[equals(Z(3(#)),Z(4(#)))]
de.uka.ilkd.key.macros.scripts.UnhideCommand$Parameters@3572fc02
#2 = split-prop
de.uka.ilkd.key.macros.scripts.MacroCommand$Parameters@1a47a0c6
formula = b
de.uka.ilkd.key.macros.scripts.SelectCommand$Parameters@4fa00d3b
#2 = impRight
de.uka.ilkd.key.macros.scripts.RuleCommand$Parameters@2056a9c5
#2 = [equals(Z(2(#)),Z(3(#)))]==>[equals(Z(3(#)),Z(4(#)))]
de.uka.ilkd.key.macros.scripts.HideCommand$Parameters@210616cb
#2 = [equals(Z(2(#)),Z(3(#)))]==>[]
de.uka.ilkd.key.macros.scripts.UnhideCommand$Parameters@1d5e7b9a
#2 = []==>[equals(Z(3(#)),Z(4(#)))]
de.uka.ilkd.key.macros.scripts.UnhideCommand$Parameters@4f8cf2f3
#2 = split-prop
de.uka.ilkd.key.macros.scripts.MacroCommand$Parameters@4bfbfedd
#2 = [b]==>[]
de.uka.ilkd.key.macros.scripts.HideCommand$Parameters@5318931e
#2 = andLeft
de.uka.ilkd.key.macros.scripts.RuleCommand$Parameters@293f4961
#2 = andRight
de.uka.ilkd.key.macros.scripts.RuleCommand$Parameters@355c7094
#2 = split-prop
de.uka.ilkd.key.macros.scripts.MacroCommand$Parameters@2d0b6f59
#2 = [a]==>[d,e]
de.uka.ilkd.key.macros.scripts.HideCommand$Parameters@15fad67e
]]></system-err>
</testsuite>
