<?xml version="1.0" encoding="UTF-8"?>
<testsuite name="de.uka.ilkd.key.macros.scripts.meta.ValueInjectorTest" tests="3" skipped="0" failures="0" errors="0" timestamp="2023-03-13T14:38:09" hostname="fv-az442-492" time="0.003">
  <properties/>
  <testcase name="testRequired()" classname="de.uka.ilkd.key.macros.scripts.meta.ValueInjectorTest" time="0.001"/>
  <testcase name="testInjectionSimple()" classname="de.uka.ilkd.key.macros.scripts.meta.ValueInjectorTest" time="0.0"/>
  <testcase name="testInferScriptArguments()" classname="de.uka.ilkd.key.macros.scripts.meta.ValueInjectorTest" time="0.001"/>
  <system-out><![CDATA[]]></system-out>
  <system-err><![CDATA[b = true
de.uka.ilkd.key.macros.scripts.meta.ValueInjectorTest$PP@767eea73
b = true
de.uka.ilkd.key.macros.scripts.meta.ValueInjectorTest$PP@517b3f73
i = 42
de.uka.ilkd.key.macros.scripts.meta.ValueInjectorTest$PP@517b3f73
s = blubb
de.uka.ilkd.key.macros.scripts.meta.ValueInjectorTest$PP@517b3f73
]]></system-err>
</testsuite>
