<?xml version="1.0" encoding="UTF-8"?>
<testsuite name="de.uka.ilkd.key.macros.scripts.FocusCommandTest" tests="2" skipped="0" failures="0" errors="0" timestamp="2023-03-13T14:37:40" hostname="fv-az442-492" time="5.115">
  <properties/>
  <testcase name="testSelectionWithLabels()" classname="de.uka.ilkd.key.macros.scripts.FocusCommandTest" time="2.582"/>
  <testcase name="testSimpleSelection()" classname="de.uka.ilkd.key.macros.scripts.FocusCommandTest" time="2.532"/>
  <system-out><![CDATA[]]></system-out>
  <system-err><![CDATA[#2 = nosplit-prop
de.uka.ilkd.key.macros.scripts.MacroCommand$Parameters@7ce5978c
#2 = [equals(i,Z(1(#)))]==>[equals(i,Z(3(#)))]
de.uka.ilkd.key.macros.scripts.FocusCommand$Parameters@336713e4
#2 = nosplit-prop
de.uka.ilkd.key.macros.scripts.MacroCommand$Parameters@57ffb4b9
#2 = [equals(i,Z(1(#)))]==>[equals(i,Z(4(#)))]
de.uka.ilkd.key.macros.scripts.FocusCommand$Parameters@7cd491e8
]]></system-err>
</testsuite>
