<?xml version="1.0" encoding="UTF-8"?>
<testsuite name="de.uka.ilkd.key.macros.scripts.meta.RewriteTest" tests="2" skipped="0" failures="0" errors="0" timestamp="2023-03-13T14:38:04" hostname="fv-az442-492" time="5.169">
  <properties/>
  <testcase name="testLessTransitive()" classname="de.uka.ilkd.key.macros.scripts.meta.RewriteTest" time="2.618"/>
  <testcase name="testTransitive()" classname="de.uka.ilkd.key.macros.scripts.meta.RewriteTest" time="2.551"/>
  <system-out><![CDATA[]]></system-out>
  <system-err><![CDATA[find = lt(f,x)
de.uka.ilkd.key.macros.scripts.RewriteCommand$Parameters@74c9e053
replace = gt(x,f)
de.uka.ilkd.key.macros.scripts.RewriteCommand$Parameters@74c9e053
#2 = impRight
de.uka.ilkd.key.macros.scripts.RuleCommand$Parameters@40930325
#2 = andLeft
de.uka.ilkd.key.macros.scripts.RuleCommand$Parameters@121a5961
find = equals(f,x)
de.uka.ilkd.key.macros.scripts.RewriteCommand$Parameters@1252bfdc
replace = equals(x,f)
de.uka.ilkd.key.macros.scripts.RewriteCommand$Parameters@1252bfdc
]]></system-err>
</testsuite>
