<?xml version="1.0" encoding="UTF-8"?>
<testsuite name="recoder.testsuite.basic.syntax.ParserPrinterTest" tests="1" skipped="0" failures="0" errors="0" timestamp="2023-03-08T15:15:30" hostname="fv-az343-924" time="0.006">
  <properties/>
  <testcase name="testParserPrinter" classname="recoder.testsuite.basic.syntax.ParserPrinterTest" time="0.006"/>
  <system-out><![CDATA[]]></system-out>
  <system-err><![CDATA[]]></system-err>
</testsuite>
