<?xml version="1.0" encoding="UTF-8"?>
<testsuite name="de.uka.ilkd.key.proof.runallproofs.RunAllProofsFunctional" tests="34" skipped="0" failures="0" errors="0" timestamp="2023-05-01T21:08:58" hostname="fv-az256-984" time="6697.086">
  <properties/>
  <testcase name="newBook" classname="de.uka.ilkd.key.proof.runallproofs.RunAllProofsFunctional" time="80.496"/>
  <testcase name="oldBook" classname="de.uka.ilkd.key.proof.runallproofs.RunAllProofsFunctional" time="22.691"/>
  <testcase name="comprehensions" classname="de.uka.ilkd.key.proof.runallproofs.RunAllProofsFunctional" time="83.055"/>
  <testcase name="performance" classname="de.uka.ilkd.key.proof.runallproofs.RunAllProofsFunctional" time="298.816"/>
  <testcase name="performancePOConstruction" classname="de.uka.ilkd.key.proof.runallproofs.RunAllProofsFunctional" time="99.164"/>
  <testcase name="applicationRestrictions" classname="de.uka.ilkd.key.proof.runallproofs.RunAllProofsFunctional" time="65.094"/>
  <testcase name="blockContracts" classname="de.uka.ilkd.key.proof.runallproofs.RunAllProofsFunctional" time="167.868"/>
  <testcase name="jmlAsserts" classname="de.uka.ilkd.key.proof.runallproofs.RunAllProofsFunctional" time="112.834"/>
  <testcase name="javaCard" classname="de.uka.ilkd.key.proof.runallproofs.RunAllProofsFunctional" time="171.449"/>
  <testcase name="list" classname="de.uka.ilkd.key.proof.runallproofs.RunAllProofsFunctional" time="338.402"/>
  <testcase name="list_ghost" classname="de.uka.ilkd.key.proof.runallproofs.RunAllProofsFunctional" time="88.557"/>
  <testcase name="list_recursive" classname="de.uka.ilkd.key.proof.runallproofs.RunAllProofsFunctional" time="29.194"/>
  <testcase name="list_seq" classname="de.uka.ilkd.key.proof.runallproofs.RunAllProofsFunctional" time="227.954"/>
  <testcase name="observer" classname="de.uka.ilkd.key.proof.runallproofs.RunAllProofsFunctional" time="115.621"/>
  <testcase name="removeDups" classname="de.uka.ilkd.key.proof.runallproofs.RunAllProofsFunctional" time="186.894"/>
  <testcase name="quicksort" classname="de.uka.ilkd.key.proof.runallproofs.RunAllProofsFunctional" time="143.299"/>
  <testcase name="simpleTests" classname="de.uka.ilkd.key.proof.runallproofs.RunAllProofsFunctional" time="201.456"/>
  <testcase name="SmansEtAl" classname="de.uka.ilkd.key.proof.runallproofs.RunAllProofsFunctional" time="247.516"/>
  <testcase name="VACID0" classname="de.uka.ilkd.key.proof.runallproofs.RunAllProofsFunctional" time="98.42"/>
  <testcase name="VSTTE10" classname="de.uka.ilkd.key.proof.runallproofs.RunAllProofsFunctional" time="229.82"/>
  <testcase name="WeideEtAl" classname="de.uka.ilkd.key.proof.runallproofs.RunAllProofsFunctional" time="35.494"/>
  <testcase name="arithmetic" classname="de.uka.ilkd.key.proof.runallproofs.RunAllProofsFunctional" time="604.904"/>
  <testcase name="arrays" classname="de.uka.ilkd.key.proof.runallproofs.RunAllProofsFunctional" time="69.877"/>
  <testcase name="javadl" classname="de.uka.ilkd.key.proof.runallproofs.RunAllProofsFunctional" time="785.697"/>
  <testcase name="FOL" classname="de.uka.ilkd.key.proof.runallproofs.RunAllProofsFunctional" time="333.748"/>
  <testcase name="strings" classname="de.uka.ilkd.key.proof.runallproofs.RunAllProofsFunctional" time="194.702"/>
  <testcase name="simple_info_flow" classname="de.uka.ilkd.key.proof.runallproofs.RunAllProofsFunctional" time="17.945"/>
  <testcase name="modelMethods" classname="de.uka.ilkd.key.proof.runallproofs.RunAllProofsFunctional" time="222.159"/>
  <testcase name="permissionHeap" classname="de.uka.ilkd.key.proof.runallproofs.RunAllProofsFunctional" time="1032.639"/>
  <testcase name="completionScopes" classname="de.uka.ilkd.key.proof.runallproofs.RunAllProofsFunctional" time="64.732"/>
  <testcase name="reload_examples" classname="de.uka.ilkd.key.proof.runallproofs.RunAllProofsFunctional" time="60.758"/>
  <testcase name="proofLoadRepair" classname="de.uka.ilkd.key.proof.runallproofs.RunAllProofsFunctional" time="25.682"/>
  <testcase name="switch" classname="de.uka.ilkd.key.proof.runallproofs.RunAllProofsFunctional" time="78.357"/>
  <testcase name="redux" classname="de.uka.ilkd.key.proof.runallproofs.RunAllProofsFunctional" time="161.762"/>
  <system-out><![CDATA[367        INFO  Test worker     d.u.i.k.p.r.RunAllProofsTestUnit Running test newBook 
443        INFO  Timeout watchdog d.u.i.k.p.r.p.ForkedTestFileRunner Timeout watcher launched (2000 secs.) 
467        WARN  main            d.u.i.k.s.ProofSettings   No proof-settings could be loaded, using defaults java.io.FileNotFoundException: /home/runner/.key/proof-settings.props (No such file or directory)
	at java.base/java.io.FileInputStream.open0(Native Method)

520        INFO  main            d.u.i.k.p.r.p.TestFile    Now processing file /home/runner/work/key/key/key.core/../key.ui/examples/newBook/09.list_modelfield/ArrayList.add.key 
751        INFO  main            d.u.i.k.p.i.AbstractProblemLoader Loading environment from /home/runner/work/key/key/key.core/../key.ui/examples/newBook/09.list_modelfield/ArrayList.add.key 
778        DEBUG main            d.u.i.k.p.i.AbstractProblemLoader Environment load took 7.56ms 
1096       INFO  main            d.u.i.k.p.i.AbstractProblemLoader Creating init config 
2381       DEBUG main            d.u.i.k.j.TypeConverter   No LDT found for Meta 
2381       DEBUG main            d.u.i.k.j.TypeConverter   No LDT found for Meta 
2386       DEBUG main            d.u.i.k.j.TypeConverter   No LDT found for Meta 
2387       DEBUG main            d.u.i.k.j.TypeConverter   No LDT found for Meta 
4567       DEBUG main            d.u.i.k.j.TypeConverter   No LDT found for JavaBigintExpression 
11342      DEBUG main            d.u.i.k.p.i.AbstractProblemLoader Init config took 10.25s 
11590      INFO  main            d.u.i.k.p.i.AbstractProblemLoader Replaying proof ArrayList[List::add(int)].JML normal_behavior operation contract.0 
11637      DEBUG main            d.u.i.k.p.i.IntermediateProofReplayer Proof replay took 40.6ns 
35229      INFO  main            d.u.i.k.p.r.p.TestFile    ... finished proof: closed. 
35559      INFO  main            d.u.i.k.p.i.AbstractProblemLoader Loading environment from /home/runner/work/key/key/key.core/../key.ui/examples/newBook/09.list_modelfield/ArrayList.add.key.proof 
35560      DEBUG main            d.u.i.k.p.i.AbstractProblemLoader Environment load took 487.6ns 
35572      INFO  main            d.u.i.k.p.i.AbstractProblemLoader Creating init config 
39266      DEBUG main            d.u.i.k.p.i.AbstractProblemLoader Init config took 3.69s 
39342      INFO  main            d.u.i.k.p.i.AbstractProblemLoader Replaying proof ArrayList[List::add(int)].JML normal_behavior operation contract.0 
41475      DEBUG main            d.u.i.k.p.i.IntermediateProofReplayer Proof replay took 2.06s 
41511      DEBUG main            d.u.i.k.p.r.p.TestFile    ... success: reloaded. 
41513      INFO  main            d.u.i.k.p.r.p.TestFile    Now processing file /home/runner/work/key/key/key.core/../key.ui/examples/newBook/09.list_modelfield/ArrayList.remFirst.key 
41516      INFO  main            d.u.i.k.p.i.AbstractProblemLoader Loading environment from /home/runner/work/key/key/key.core/../key.ui/examples/newBook/09.list_modelfield/ArrayList.remFirst.key 
41519      DEBUG main            d.u.i.k.p.i.AbstractProblemLoader Environment load took 115.6ns 
41521      INFO  main            d.u.i.k.p.i.AbstractProblemLoader Creating init config 
45256      DEBUG main            d.u.i.k.p.i.AbstractProblemLoader Init config took 3.73s 
45329      INFO  main            d.u.i.k.p.i.AbstractProblemLoader Replaying proof ArrayList[List::remFirst()].JML normal_behavior operation contract.0 
45332      DEBUG main            d.u.i.k.p.i.IntermediateProofReplayer Proof replay took 6.6ns 
51000      INFO  main            d.u.i.k.p.r.p.TestFile    ... finished proof: closed. 
51256      INFO  main            d.u.i.k.p.i.AbstractProblemLoader Loading environment from /home/runner/work/key/key/key.core/../key.ui/examples/newBook/09.list_modelfield/ArrayList.remFirst.key.proof 
51257      DEBUG main            d.u.i.k.p.i.AbstractProblemLoader Environment load took 1.04ms 
51260      INFO  main            d.u.i.k.p.i.AbstractProblemLoader Creating init config 
54552      DEBUG main            d.u.i.k.p.i.AbstractProblemLoader Init config took 3.29s 
54622      INFO  main            d.u.i.k.p.i.AbstractProblemLoader Replaying proof ArrayList[List::remFirst()].JML normal_behavior operation contract.0 
55527      DEBUG main            d.u.i.k.p.i.IntermediateProofReplayer Proof replay took 882.77ms 
55529      DEBUG main            d.u.i.k.p.r.p.TestFile    ... success: reloaded. 
55530      INFO  main            d.u.i.k.p.r.p.TestFile    Now processing file /home/runner/work/key/key/key.core/../key.ui/examples/newBook/09.list_modelfield/ArrayList.empty.key 
55530      INFO  main            d.u.i.k.p.i.AbstractProblemLoader Loading environment from /home/runner/work/key/key/key.core/../key.ui/examples/newBook/09.list_modelfield/ArrayList.empty.key 
55530      DEBUG main            d.u.i.k.p.i.AbstractProblemLoader Environment load took 81.1ns 
55531      INFO  main            d.u.i.k.p.i.AbstractProblemLoader Creating init config 
58959      DEBUG main            d.u.i.k.p.i.AbstractProblemLoader Init config took 3.43s 
59019      INFO  main            d.u.i.k.p.i.AbstractProblemLoader Replaying proof ArrayList[List::empty()].JML normal_behavior operation contract.0 
59022      DEBUG main            d.u.i.k.p.i.IntermediateProofReplayer Proof replay took 6.5ns 
60431      INFO  main            d.u.i.k.p.r.p.TestFile    ... finished proof: closed. 
60633      INFO  main            d.u.i.k.p.i.AbstractProblemLoader Loading environment from /home/runner/work/key/key/key.core/../key.ui/examples/newBook/09.list_modelfield/ArrayList.empty.key.proof 
60640      DEBUG main            d.u.i.k.p.i.AbstractProblemLoader Environment load took 6.26ms 
60645      INFO  main            d.u.i.k.p.i.AbstractProblemLoader Creating init config 
63901      DEBUG main            d.u.i.k.p.i.AbstractProblemLoader Init config took 3.26s 
63962      INFO  main            d.u.i.k.p.i.AbstractProblemLoader Replaying proof ArrayList[List::empty()].JML normal_behavior operation contract.0 
64172      DEBUG main            d.u.i.k.p.i.IntermediateProofReplayer Proof replay took 186.62ms 
64174      DEBUG main            d.u.i.k.p.r.p.TestFile    ... success: reloaded. 
64175      INFO  main            d.u.i.k.p.r.p.TestFile    Now processing file /home/runner/work/key/key/key.core/../key.ui/examples/newBook/09.list_modelfield/ArrayList.size.key 
64176      INFO  main            d.u.i.k.p.i.AbstractProblemLoader Loading environment from /home/runner/work/key/key/key.core/../key.ui/examples/newBook/09.list_modelfield/ArrayList.size.key 
64177      DEBUG main            d.u.i.k.p.i.AbstractProblemLoader Environment load took 478.6ns 
64178      INFO  main            d.u.i.k.p.i.AbstractProblemLoader Creating init config 
67455      DEBUG main            d.u.i.k.p.i.AbstractProblemLoader Init config took 3.28s 
67538      INFO  main            d.u.i.k.p.i.AbstractProblemLoader Replaying proof ArrayList[List::size()].JML normal_behavior operation contract.0 
67543      DEBUG main            d.u.i.k.p.i.IntermediateProofReplayer Proof replay took 6.9ns 
68148      INFO  main            d.u.i.k.p.r.p.TestFile    ... finished proof: closed. 
68372      INFO  main            d.u.i.k.p.i.AbstractProblemLoader Loading environment from /home/runner/work/key/key/key.core/../key.ui/examples/newBook/09.list_modelfield/ArrayList.size.key.proof 
68373      DEBUG main            d.u.i.k.p.i.AbstractProblemLoader Environment load took 148.9ns 
68375      INFO  main            d.u.i.k.p.i.AbstractProblemLoader Creating init config 
71587      DEBUG main            d.u.i.k.p.i.AbstractProblemLoader Init config took 3.21s 
71647      INFO  main            d.u.i.k.p.i.AbstractProblemLoader Replaying proof ArrayList[List::size()].JML normal_behavior operation contract.0 
71735      DEBUG main            d.u.i.k.p.i.IntermediateProofReplayer Proof replay took 82.1ms 
71736      DEBUG main            d.u.i.k.p.r.p.TestFile    ... success: reloaded. 
71737      INFO  main            d.u.i.k.p.r.p.TestFile    Now processing file /home/runner/work/key/key/key.core/../key.ui/examples/newBook/09.list_modelfield/ArrayList.get.key 
71738      INFO  main            d.u.i.k.p.i.AbstractProblemLoader Loading environment from /home/runner/work/key/key/key.core/../key.ui/examples/newBook/09.list_modelfield/ArrayList.get.key 
71738      DEBUG main            d.u.i.k.p.i.AbstractProblemLoader Environment load took 382.9ns 
71739      INFO  main            d.u.i.k.p.i.AbstractProblemLoader Creating init config 
75028      DEBUG main            d.u.i.k.p.i.AbstractProblemLoader Init config took 3.29s 
75095      INFO  main            d.u.i.k.p.i.AbstractProblemLoader Replaying proof ArrayList[List::get(int)].JML normal_behavior operation contract.0 
75096      DEBUG main            d.u.i.k.p.i.IntermediateProofReplayer Proof replay took 7.2ns 
76403      INFO  main            d.u.i.k.p.r.p.TestFile    ... finished proof: closed. 
76631      INFO  main            d.u.i.k.p.i.AbstractProblemLoader Loading environment from /home/runner/work/key/key/key.core/../key.ui/examples/newBook/09.list_modelfield/ArrayList.get.key.proof 
76632      DEBUG main            d.u.i.k.p.i.AbstractProblemLoader Environment load took 506.9ns 
76633      INFO  main            d.u.i.k.p.i.AbstractProblemLoader Creating init config 
79981      DEBUG main            d.u.i.k.p.i.AbstractProblemLoader Init config took 3.35s 
80051      INFO  main            d.u.i.k.p.i.AbstractProblemLoader Replaying proof ArrayList[List::get(int)].JML normal_behavior operation contract.0 
80214      DEBUG main            d.u.i.k.p.i.IntermediateProofReplayer Proof replay took 154.31ms 
80216      DEBUG main            d.u.i.k.p.r.p.TestFile    ... success: reloaded. 
80855      INFO  Test worker     d.u.i.k.p.r.RunAllProofsTestUnit Returning from test newBook 
80860      INFO  Test worker     d.u.i.k.p.r.RunAllProofsTestUnit Running test oldBook 
487        INFO  Timeout watchdog d.u.i.k.p.r.p.ForkedTestFileRunner Timeout watcher launched (2000 secs.) 
513        WARN  main            d.u.i.k.s.ProofSettings   The settings in /home/runner/.key/proof-settings.props are *not* read. 
575        INFO  main            d.u.i.k.p.r.p.TestFile    Now processing file /home/runner/work/key/key/key.core/../key.ui/examples/standard_key/BookExamples/02FirstOrderLogic/Ex2.58.key 
752        INFO  main            d.u.i.k.p.i.AbstractProblemLoader Loading environment from /home/runner/work/key/key/key.core/../key.ui/examples/standard_key/BookExamples/02FirstOrderLogic/Ex2.58.key 
779        DEBUG main            d.u.i.k.p.i.AbstractProblemLoader Environment load took 3.37ms 
1162       INFO  main            d.u.i.k.p.i.AbstractProblemLoader Creating init config 
2300       DEBUG main            d.u.i.k.j.TypeConverter   No LDT found for Meta 
2303       DEBUG main            d.u.i.k.j.TypeConverter   No LDT found for Meta 
2307       DEBUG main            d.u.i.k.j.TypeConverter   No LDT found for Meta 
2308       DEBUG main            d.u.i.k.j.TypeConverter   No LDT found for Meta 
4024       DEBUG main            d.u.i.k.j.TypeConverter   No LDT found for JavaBigintExpression 
10555      DEBUG main            d.u.i.k.p.i.AbstractProblemLoader Init config took 9.39s 
10630      INFO  main            d.u.i.k.p.i.AbstractProblemLoader Replaying proof Ex2.58.key 
10674      DEBUG main            d.u.i.k.p.i.IntermediateProofReplayer Proof replay took 43.9ns 
10877      INFO  main            d.u.i.k.p.r.p.TestFile    ... finished proof: closed. 
10989      INFO  main            d.u.i.k.p.i.AbstractProblemLoader Loading environment from /home/runner/work/key/key/key.core/../key.ui/examples/standard_key/BookExamples/02FirstOrderLogic/Ex2.58.key.proof 
10989      DEBUG main            d.u.i.k.p.i.AbstractProblemLoader Environment load took 190.8ns 
10994      INFO  main            d.u.i.k.p.i.AbstractProblemLoader Creating init config 
14652      DEBUG main            d.u.i.k.p.i.AbstractProblemLoader Init config took 3.66s 
14707      INFO  main            d.u.i.k.p.i.AbstractProblemLoader Replaying proof Ex2.58.key.proof 
14717      DEBUG main            d.u.i.k.p.i.IntermediateProofReplayer Proof replay took 4.34ms 
14731      DEBUG main            d.u.i.k.p.r.p.TestFile    ... success: reloaded. 
14733      INFO  main            d.u.i.k.p.r.p.TestFile    Now processing file /home/runner/work/key/key/key.core/../key.ui/examples/standard_key/BookExamples/03DynamicLogic/Sect3.3.1.key 
14734      INFO  main            d.u.i.k.p.i.AbstractProblemLoader Loading environment from /home/runner/work/key/key/key.core/../key.ui/examples/standard_key/BookExamples/03DynamicLogic/Sect3.3.1.key 
14734      DEBUG main            d.u.i.k.p.i.AbstractProblemLoader Environment load took 235.6ns 
14736      INFO  main            d.u.i.k.p.i.AbstractProblemLoader Creating init config 
18182      DEBUG main            d.u.i.k.p.i.AbstractProblemLoader Init config took 3.45s 
18223      INFO  main            d.u.i.k.p.i.AbstractProblemLoader Replaying proof Sect3.3.1.key 
18228      DEBUG main            d.u.i.k.p.i.IntermediateProofReplayer Proof replay took 7.5ns 
18736      INFO  main            d.u.i.k.p.r.p.TestFile    ... finished proof: closed. 
18911      INFO  main            d.u.i.k.p.i.AbstractProblemLoader Loading environment from /home/runner/work/key/key/key.core/../key.ui/examples/standard_key/BookExamples/03DynamicLogic/Sect3.3.1.key.proof 
18912      DEBUG main            d.u.i.k.p.i.AbstractProblemLoader Environment load took 1.69ms 
18937      INFO  main            d.u.i.k.p.i.AbstractProblemLoader Creating init config 
22283      DEBUG main            d.u.i.k.p.i.AbstractProblemLoader Init config took 3.35s 
22319      INFO  main            d.u.i.k.p.i.AbstractProblemLoader Replaying proof Sect3.3.1.key.proof 
22474      DEBUG main            d.u.i.k.p.i.IntermediateProofReplayer Proof replay took 149.41ms 
22476      DEBUG main            d.u.i.k.p.r.p.TestFile    ... success: reloaded. 
103550     INFO  Test worker     d.u.i.k.p.r.RunAllProofsTestUnit Returning from test oldBook 
103552     INFO  Test worker     d.u.i.k.p.r.RunAllProofsTestUnit Running test comprehensions 
562        INFO  Timeout watchdog d.u.i.k.p.r.p.ForkedTestFileRunner Timeout watcher launched (2000 secs.) 
577        WARN  main            d.u.i.k.s.ProofSettings   The settings in /home/runner/.key/proof-settings.props are *not* read. 
613        INFO  main            d.u.i.k.p.r.p.TestFile    Now processing file /home/runner/work/key/key/key.core/../key.ui/examples/heap/comprehensions/general_sum.key 
753        INFO  main            d.u.i.k.p.i.AbstractProblemLoader Loading environment from /home/runner/work/key/key/key.core/../key.ui/examples/heap/comprehensions/general_sum.key 
775        DEBUG main            d.u.i.k.p.i.AbstractProblemLoader Environment load took 3.53ms 
1061       INFO  main            d.u.i.k.p.i.AbstractProblemLoader Creating init config 
2090       DEBUG main            d.u.i.k.j.TypeConverter   No LDT found for Meta 
2091       DEBUG main            d.u.i.k.j.TypeConverter   No LDT found for Meta 
2094       DEBUG main            d.u.i.k.j.TypeConverter   No LDT found for Meta 
2095       DEBUG main            d.u.i.k.j.TypeConverter   No LDT found for Meta 
4196       DEBUG main            d.u.i.k.j.TypeConverter   No LDT found for JavaBigintExpression 
10229      DEBUG main            d.u.i.k.p.i.AbstractProblemLoader Init config took 9.17s 
10377      INFO  main            d.u.i.k.p.i.AbstractProblemLoader Replaying proof GSum[GSum::doNothing()].JML operation contract.0 
10421      DEBUG main            d.u.i.k.p.i.IntermediateProofReplayer Proof replay took 38.3ns 
10882      INFO  main            d.u.i.k.p.r.p.TestFile    ... finished proof: closed. 
11012      INFO  main            d.u.i.k.p.i.AbstractProblemLoader Loading environment from /home/runner/work/key/key/key.core/../key.ui/examples/heap/comprehensions/general_sum.key.proof 
11013      DEBUG main            d.u.i.k.p.i.AbstractProblemLoader Environment load took 203ns 
11018      INFO  main            d.u.i.k.p.i.AbstractProblemLoader Creating init config 
14751      DEBUG main            d.u.i.k.p.i.AbstractProblemLoader Init config took 3.73s 
14831      INFO  main            d.u.i.k.p.i.AbstractProblemLoader Replaying proof GSum[GSum::doNothing()].JML operation contract.0 
14852      DEBUG main            d.u.i.k.p.i.IntermediateProofReplayer Proof replay took 16.16ms 
14868      DEBUG main            d.u.i.k.p.r.p.TestFile    ... success: reloaded. 
14871      INFO  main            d.u.i.k.p.r.p.TestFile    Now processing file /home/runner/work/key/key/key.core/../key.ui/examples/heap/comprehensions/sum0.key 
14875      INFO  main            d.u.i.k.p.i.AbstractProblemLoader Loading environment from /home/runner/work/key/key/key.core/../key.ui/examples/heap/comprehensions/sum0.key 
14875      DEBUG main            d.u.i.k.p.i.AbstractProblemLoader Environment load took 444.3ns 
14877      INFO  main            d.u.i.k.p.i.AbstractProblemLoader Creating init config 
18358      DEBUG main            d.u.i.k.p.i.AbstractProblemLoader Init config took 3.48s 
18433      INFO  main            d.u.i.k.p.i.AbstractProblemLoader Replaying proof Sum[Sum::sum0([I)].JML normal_behavior operation contract.0 
18437      DEBUG main            d.u.i.k.p.i.IntermediateProofReplayer Proof replay took 7.6ns 
18592      DEBUG Thread-4        d.u.i.k.l.l.OriginTermLabel commonFileName is null! 
18593      DEBUG Thread-4        d.u.i.k.l.l.OriginTermLabel commonFileName is null! 
18933      DEBUG Thread-4        d.u.i.k.l.l.OriginTermLabel commonFileName is null! 
18935      DEBUG Thread-4        d.u.i.k.l.l.OriginTermLabel commonFileName is null! 
19198      DEBUG Thread-4        d.u.i.k.l.l.OriginTermLabel commonFileName is null! 
19453      INFO  main            d.u.i.k.p.r.p.TestFile    ... finished proof: closed. 
19693      INFO  main            d.u.i.k.p.i.AbstractProblemLoader Loading environment from /home/runner/work/key/key/key.core/../key.ui/examples/heap/comprehensions/sum0.key.proof 
19695      DEBUG main            d.u.i.k.p.i.AbstractProblemLoader Environment load took 2.1ms 
19700      INFO  main            d.u.i.k.p.i.AbstractProblemLoader Creating init config 
23111      DEBUG main            d.u.i.k.p.i.AbstractProblemLoader Init config took 3.41s 
23189      INFO  main            d.u.i.k.p.i.AbstractProblemLoader Replaying proof Sum[Sum::sum0([I)].JML normal_behavior operation contract.0 
23246      DEBUG main            d.u.i.k.l.l.OriginTermLabel commonFileName is null! 
23246      DEBUG main            d.u.i.k.l.l.OriginTermLabel commonFileName is null! 
23341      DEBUG main            d.u.i.k.l.l.OriginTermLabel commonFileName is null! 
23394      DEBUG main            d.u.i.k.l.l.OriginTermLabel commonFileName is null! 
23395      DEBUG main            d.u.i.k.l.l.OriginTermLabel commonFileName is null! 
23399      DEBUG main            d.u.i.k.p.i.IntermediateProofReplayer Proof replay took 198.78ms 
23400      DEBUG main            d.u.i.k.p.r.p.TestFile    ... success: reloaded. 
23404      INFO  main            d.u.i.k.p.r.p.TestFile    Now processing file /home/runner/work/key/key/key.core/../key.ui/examples/heap/comprehensions/sum1.key 
23404      INFO  main            d.u.i.k.p.i.AbstractProblemLoader Loading environment from /home/runner/work/key/key/key.core/../key.ui/examples/heap/comprehensions/sum1.key 
23405      DEBUG main            d.u.i.k.p.i.AbstractProblemLoader Environment load took 524.8ns 
23407      INFO  main            d.u.i.k.p.i.AbstractProblemLoader Creating init config 
26769      DEBUG main            d.u.i.k.p.i.AbstractProblemLoader Init config took 3.36s 
26848      INFO  main            d.u.i.k.p.i.AbstractProblemLoader Replaying proof Sum[Sum::sum1([I)].JML normal_behavior operation contract.0 
26851      DEBUG main            d.u.i.k.p.i.IntermediateProofReplayer Proof replay took 7.7ns 
26928      DEBUG Thread-7        d.u.i.k.l.l.OriginTermLabel commonFileName is null! 
26929      DEBUG Thread-7        d.u.i.k.l.l.OriginTermLabel commonFileName is null! 
27108      DEBUG Thread-7        d.u.i.k.l.l.OriginTermLabel commonFileName is null! 
27109      DEBUG Thread-7        d.u.i.k.l.l.OriginTermLabel commonFileName is null! 
27255      DEBUG Thread-7        d.u.i.k.l.l.OriginTermLabel commonFileName is null! 
27456      INFO  main            d.u.i.k.p.r.p.TestFile    ... finished proof: closed. 
27713      INFO  main            d.u.i.k.p.i.AbstractProblemLoader Loading environment from /home/runner/work/key/key/key.core/../key.ui/examples/heap/comprehensions/sum1.key.proof 
27714      DEBUG main            d.u.i.k.p.i.AbstractProblemLoader Environment load took 858.6ns 
27715      INFO  main            d.u.i.k.p.i.AbstractProblemLoader Creating init config 
30973      DEBUG main            d.u.i.k.p.i.AbstractProblemLoader Init config took 3.26s 
31029      INFO  main            d.u.i.k.p.i.AbstractProblemLoader Replaying proof Sum[Sum::sum1([I)].JML normal_behavior operation contract.0 
31070      DEBUG main            d.u.i.k.l.l.OriginTermLabel commonFileName is null! 
31071      DEBUG main            d.u.i.k.l.l.OriginTermLabel commonFileName is null! 
31136      DEBUG main            d.u.i.k.l.l.OriginTermLabel commonFileName is null! 
31215      DEBUG main            d.u.i.k.l.l.OriginTermLabel commonFileName is null! 
31216      DEBUG main            d.u.i.k.l.l.OriginTermLabel commonFileName is null! 
31220      DEBUG main            d.u.i.k.p.i.IntermediateProofReplayer Proof replay took 184.64ms 
31221      DEBUG main            d.u.i.k.p.r.p.TestFile    ... success: reloaded. 
31223      INFO  main            d.u.i.k.p.r.p.TestFile    Now processing file /home/runner/work/key/key/key.core/../key.ui/examples/heap/comprehensions/sum2.key 
31223      INFO  main            d.u.i.k.p.i.AbstractProblemLoader Loading environment from /home/runner/work/key/key/key.core/../key.ui/examples/heap/comprehensions/sum2.key 
31224      DEBUG main            d.u.i.k.p.i.AbstractProblemLoader Environment load took 423ns 
31225      INFO  main            d.u.i.k.p.i.AbstractProblemLoader Creating init config 
34568      DEBUG main            d.u.i.k.p.i.AbstractProblemLoader Init config took 3.34s 
34656      INFO  main            d.u.i.k.p.i.AbstractProblemLoader Replaying proof Sum[Sum::sum2([I)].JML normal_behavior operation contract.0 
34659      DEBUG main            d.u.i.k.p.i.IntermediateProofReplayer Proof replay took 7.2ns 
34718      DEBUG Thread-10       d.u.i.k.l.l.OriginTermLabel commonFileName is null! 
34719      DEBUG Thread-10       d.u.i.k.l.l.OriginTermLabel commonFileName is null! 
34860      DEBUG Thread-10       d.u.i.k.l.l.OriginTermLabel commonFileName is null! 
34861      DEBUG Thread-10       d.u.i.k.l.l.OriginTermLabel commonFileName is null! 
34963      DEBUG Thread-10       d.u.i.k.l.l.OriginTermLabel commonFileName is null! 
35165      INFO  main            d.u.i.k.p.r.p.TestFile    ... finished proof: closed. 
35370      INFO  main            d.u.i.k.p.i.AbstractProblemLoader Loading environment from /home/runner/work/key/key/key.core/../key.ui/examples/heap/comprehensions/sum2.key.proof 
35371      DEBUG main            d.u.i.k.p.i.AbstractProblemLoader Environment load took 856.4ns 
35373      INFO  main            d.u.i.k.p.i.AbstractProblemLoader Creating init config 
38572      DEBUG main            d.u.i.k.p.i.AbstractProblemLoader Init config took 3.2s 
38624      INFO  main            d.u.i.k.p.i.AbstractProblemLoader Replaying proof Sum[Sum::sum2([I)].JML normal_behavior operation contract.0 
38657      DEBUG main            d.u.i.k.l.l.OriginTermLabel commonFileName is null! 
38658      DEBUG main            d.u.i.k.l.l.OriginTermLabel commonFileName is null! 
38713      DEBUG main            d.u.i.k.l.l.OriginTermLabel commonFileName is null! 
38757      DEBUG main            d.u.i.k.l.l.OriginTermLabel commonFileName is null! 
38758      DEBUG main            d.u.i.k.l.l.OriginTermLabel commonFileName is null! 
38762      DEBUG main            d.u.i.k.p.i.IntermediateProofReplayer Proof replay took 133.32ms 
38763      DEBUG main            d.u.i.k.p.r.p.TestFile    ... success: reloaded. 
38765      INFO  main            d.u.i.k.p.r.p.TestFile    Now processing file /home/runner/work/key/key/key.core/../key.ui/examples/heap/comprehensions/sum3.key 
38766      INFO  main            d.u.i.k.p.i.AbstractProblemLoader Loading environment from /home/runner/work/key/key/key.core/../key.ui/examples/heap/comprehensions/sum3.key 
38766      DEBUG main            d.u.i.k.p.i.AbstractProblemLoader Environment load took 661.7ns 
38768      INFO  main            d.u.i.k.p.i.AbstractProblemLoader Creating init config 
42034      DEBUG main            d.u.i.k.p.i.AbstractProblemLoader Init config took 3.27s 
42114      INFO  main            d.u.i.k.p.i.AbstractProblemLoader Replaying proof Sum[Sum::sum3([I)].JML normal_behavior operation contract.0 
42117      DEBUG main            d.u.i.k.p.i.IntermediateProofReplayer Proof replay took 8ns 
42183      DEBUG Thread-13       d.u.i.k.l.l.OriginTermLabel commonFileName is null! 
42183      DEBUG Thread-13       d.u.i.k.l.l.OriginTermLabel commonFileName is null! 
42334      DEBUG Thread-13       d.u.i.k.l.l.OriginTermLabel commonFileName is null! 
42341      DEBUG Thread-13       d.u.i.k.l.l.OriginTermLabel commonFileName is null! 
42448      DEBUG Thread-13       d.u.i.k.l.l.OriginTermLabel commonFileName is null! 
42621      INFO  main            d.u.i.k.p.r.p.TestFile    ... finished proof: closed. 
42830      INFO  main            d.u.i.k.p.i.AbstractProblemLoader Loading environment from /home/runner/work/key/key/key.core/../key.ui/examples/heap/comprehensions/sum3.key.proof 
42830      DEBUG main            d.u.i.k.p.i.AbstractProblemLoader Environment load took 151.9ns 
42836      INFO  main            d.u.i.k.p.i.AbstractProblemLoader Creating init config 
46043      DEBUG main            d.u.i.k.p.i.AbstractProblemLoader Init config took 3.21s 
46095      INFO  main            d.u.i.k.p.i.AbstractProblemLoader Replaying proof Sum[Sum::sum3([I)].JML normal_behavior operation contract.0 
46150      DEBUG main            d.u.i.k.l.l.OriginTermLabel commonFileName is null! 
46150      DEBUG main            d.u.i.k.l.l.OriginTermLabel commonFileName is null! 
46200      DEBUG main            d.u.i.k.l.l.OriginTermLabel commonFileName is null! 
46236      DEBUG main            d.u.i.k.l.l.OriginTermLabel commonFileName is null! 
46237      DEBUG main            d.u.i.k.l.l.OriginTermLabel commonFileName is null! 
46240      DEBUG main            d.u.i.k.p.i.IntermediateProofReplayer Proof replay took 140.42ms 
46242      DEBUG main            d.u.i.k.p.r.p.TestFile    ... success: reloaded. 
46245      INFO  main            d.u.i.k.p.r.p.TestFile    Now processing file /home/runner/work/key/key/key.core/../key.ui/examples/heap/comprehensions/segsum.key 
46246      INFO  main            d.u.i.k.p.i.AbstractProblemLoader Loading environment from /home/runner/work/key/key/key.core/../key.ui/examples/heap/comprehensions/segsum.key 
46247      DEBUG main            d.u.i.k.p.i.AbstractProblemLoader Environment load took 770.2ns 
46248      INFO  main            d.u.i.k.p.i.AbstractProblemLoader Creating init config 
49507      DEBUG main            d.u.i.k.p.i.AbstractProblemLoader Init config took 3.26s 
49574      INFO  main            d.u.i.k.p.i.AbstractProblemLoader Replaying proof SegSum[SegSum::segSum([I,int,int)].JML normal_behavior operation contract.0 
49575      DEBUG main            d.u.i.k.p.i.IntermediateProofReplayer Proof replay took 7.5ns 
50082      INFO  main            d.u.i.k.p.r.p.TestFile    ... finished proof: closed. 
50300      INFO  main            d.u.i.k.p.i.AbstractProblemLoader Loading environment from /home/runner/work/key/key/key.core/../key.ui/examples/heap/comprehensions/segsum.key.proof 
50301      DEBUG main            d.u.i.k.p.i.AbstractProblemLoader Environment load took 1.22ms 
50302      INFO  main            d.u.i.k.p.i.AbstractProblemLoader Creating init config 
53604      DEBUG main            d.u.i.k.p.i.AbstractProblemLoader Init config took 3.3s 
53667      INFO  main            d.u.i.k.p.i.AbstractProblemLoader Replaying proof SegSum[SegSum::segSum([I,int,int)].JML normal_behavior operation contract.0 
53787      DEBUG main            d.u.i.k.p.i.IntermediateProofReplayer Proof replay took 114.57ms 
53788      DEBUG main            d.u.i.k.p.r.p.TestFile    ... success: reloaded. 
53789      INFO  main            d.u.i.k.p.r.p.TestFile    Now processing file /home/runner/work/key/key/key.core/../key.ui/examples/heap/comprehensions/bsum_negative.key 
53789      INFO  main            d.u.i.k.p.i.AbstractProblemLoader Loading environment from /home/runner/work/key/key/key.core/../key.ui/examples/heap/comprehensions/bsum_negative.key 
53789      DEBUG main            d.u.i.k.p.i.AbstractProblemLoader Environment load took 81.6ns 
53790      INFO  main            d.u.i.k.p.i.AbstractProblemLoader Creating init config 
56786      DEBUG main            d.u.i.k.p.i.AbstractProblemLoader Init config took 3s 
56811      INFO  main            d.u.i.k.p.i.AbstractProblemLoader Replaying proof bsum_negative.key 
56812      DEBUG main            d.u.i.k.p.i.IntermediateProofReplayer Proof replay took 8ns 
56920      INFO  main            d.u.i.k.p.r.p.TestFile    ... finished proof: closed. 
57117      INFO  main            d.u.i.k.p.i.AbstractProblemLoader Loading environment from /home/runner/work/key/key/key.core/../key.ui/examples/heap/comprehensions/bsum_negative.key.proof 
57118      DEBUG main            d.u.i.k.p.i.AbstractProblemLoader Environment load took 136.5ns 
57119      INFO  main            d.u.i.k.p.i.AbstractProblemLoader Creating init config 
60117      DEBUG main            d.u.i.k.p.i.AbstractProblemLoader Init config took 3s 
60144      INFO  main            d.u.i.k.p.i.AbstractProblemLoader Replaying proof bsum_negative.key.proof 
60150      DEBUG main            d.u.i.k.p.i.IntermediateProofReplayer Proof replay took 2.34ms 
60152      DEBUG main            d.u.i.k.p.r.p.TestFile    ... success: reloaded. 
60153      INFO  main            d.u.i.k.p.r.p.TestFile    Now processing file /home/runner/work/key/key/key.core/../key.ui/examples/heap/comprehensions/bsum_neg2.key 
60154      INFO  main            d.u.i.k.p.i.AbstractProblemLoader Loading environment from /home/runner/work/key/key/key.core/../key.ui/examples/heap/comprehensions/bsum_neg2.key 
60154      DEBUG main            d.u.i.k.p.i.AbstractProblemLoader Environment load took 378.8ns 
60155      INFO  main            d.u.i.k.p.i.AbstractProblemLoader Creating init config 
63172      DEBUG main            d.u.i.k.p.i.AbstractProblemLoader Init config took 3.02s 
63193      INFO  main            d.u.i.k.p.i.AbstractProblemLoader Replaying proof bsum_neg2.key 
63195      DEBUG main            d.u.i.k.p.i.IntermediateProofReplayer Proof replay took 7.8ns 
63298      INFO  main            d.u.i.k.p.r.p.TestFile    ... finished proof: closed. 
63553      INFO  main            d.u.i.k.p.i.AbstractProblemLoader Loading environment from /home/runner/work/key/key/key.core/../key.ui/examples/heap/comprehensions/bsum_neg2.key.proof 
63554      DEBUG main            d.u.i.k.p.i.AbstractProblemLoader Environment load took 140ns 
63555      INFO  main            d.u.i.k.p.i.AbstractProblemLoader Creating init config 
66539      DEBUG main            d.u.i.k.p.i.AbstractProblemLoader Init config took 2.98s 
66562      INFO  main            d.u.i.k.p.i.AbstractProblemLoader Replaying proof bsum_neg2.key.proof 
66566      DEBUG main            d.u.i.k.p.i.IntermediateProofReplayer Proof replay took 1.36ms 
66567      DEBUG main            d.u.i.k.p.r.p.TestFile    ... success: reloaded. 
66567      INFO  main            d.u.i.k.p.r.p.TestFile    Now processing file /home/runner/work/key/key/key.core/../key.ui/examples/heap/comprehensions/bsumSplit.key 
66568      INFO  main            d.u.i.k.p.i.AbstractProblemLoader Loading environment from /home/runner/work/key/key/key.core/../key.ui/examples/heap/comprehensions/bsumSplit.key 
66568      DEBUG main            d.u.i.k.p.i.AbstractProblemLoader Environment load took 148.9ns 
66569      INFO  main            d.u.i.k.p.i.AbstractProblemLoader Creating init config 
69598      DEBUG main            d.u.i.k.p.i.AbstractProblemLoader Init config took 3.03s 
69619      INFO  main            d.u.i.k.p.i.AbstractProblemLoader Replaying proof bsumSplit.key 
69628      DEBUG main            d.u.i.k.p.i.IntermediateProofReplayer Proof replay took 7.8ns 
69734      INFO  main            d.u.i.k.p.r.p.TestFile    ... finished proof: closed. 
69945      INFO  main            d.u.i.k.p.i.AbstractProblemLoader Loading environment from /home/runner/work/key/key/key.core/../key.ui/examples/heap/comprehensions/bsumSplit.key.proof 
69945      DEBUG main            d.u.i.k.p.i.AbstractProblemLoader Environment load took 132.6ns 
69948      INFO  main            d.u.i.k.p.i.AbstractProblemLoader Creating init config 
72940      DEBUG main            d.u.i.k.p.i.AbstractProblemLoader Init config took 2.99s 
72959      INFO  main            d.u.i.k.p.i.AbstractProblemLoader Replaying proof bsumSplit.key.proof 
72967      DEBUG main            d.u.i.k.p.i.IntermediateProofReplayer Proof replay took 5.36ms 
72968      DEBUG main            d.u.i.k.p.r.p.TestFile    ... success: reloaded. 
72969      INFO  main            d.u.i.k.p.r.p.TestFile    Now processing file /home/runner/work/key/key/key.core/../key.ui/examples/heap/comprehensions/bprodSplit.key 
72969      INFO  main            d.u.i.k.p.i.AbstractProblemLoader Loading environment from /home/runner/work/key/key/key.core/../key.ui/examples/heap/comprehensions/bprodSplit.key 
72970      DEBUG main            d.u.i.k.p.i.AbstractProblemLoader Environment load took 356.9ns 
72971      INFO  main            d.u.i.k.p.i.AbstractProblemLoader Creating init config 
76080      DEBUG main            d.u.i.k.p.i.AbstractProblemLoader Init config took 3.11s 
76097      INFO  main            d.u.i.k.p.i.AbstractProblemLoader Replaying proof bprodSplit.key 
76099      DEBUG main            d.u.i.k.p.i.IntermediateProofReplayer Proof replay took 7.5ns 
76203      INFO  main            d.u.i.k.p.r.p.TestFile    ... finished proof: closed. 
76422      INFO  main            d.u.i.k.p.i.AbstractProblemLoader Loading environment from /home/runner/work/key/key/key.core/../key.ui/examples/heap/comprehensions/bprodSplit.key.proof 
76422      DEBUG main            d.u.i.k.p.i.AbstractProblemLoader Environment load took 136.8ns 
76427      INFO  main            d.u.i.k.p.i.AbstractProblemLoader Creating init config 
79391      DEBUG main            d.u.i.k.p.i.AbstractProblemLoader Init config took 2.96s 
79410      INFO  main            d.u.i.k.p.i.AbstractProblemLoader Replaying proof bprodSplit.key.proof 
79416      DEBUG main            d.u.i.k.p.i.IntermediateProofReplayer Proof replay took 3.68ms 
79417      DEBUG main            d.u.i.k.p.r.p.TestFile    ... success: reloaded. 
79418      INFO  main            d.u.i.k.p.r.p.TestFile    Now processing file /home/runner/work/key/key/key.core/../key.ui/examples/heap/comprehensions/bsumSplitInvalid.key 
79418      INFO  main            d.u.i.k.p.i.AbstractProblemLoader Loading environment from /home/runner/work/key/key/key.core/../key.ui/examples/heap/comprehensions/bsumSplitInvalid.key 
79418      DEBUG main            d.u.i.k.p.i.AbstractProblemLoader Environment load took 148.3ns 
79419      INFO  main            d.u.i.k.p.i.AbstractProblemLoader Creating init config 
82482      DEBUG main            d.u.i.k.p.i.AbstractProblemLoader Init config took 3.06s 
82501      INFO  main            d.u.i.k.p.i.AbstractProblemLoader Replaying proof bsumSplitInvalid.key 
82502      DEBUG main            d.u.i.k.p.i.IntermediateProofReplayer Proof replay took 7.4ns 
82605      INFO  main            d.u.i.k.p.r.p.TestFile    ... finished proof: open goal(s) 
186606     INFO  Test worker     d.u.i.k.p.r.RunAllProofsTestUnit Returning from test comprehensions 
186607     INFO  Test worker     d.u.i.k.p.r.RunAllProofsTestUnit Running test performance 
506        INFO  Timeout watchdog d.u.i.k.p.r.p.ForkedTestFileRunner Timeout watcher launched (2000 secs.) 
522        WARN  main            d.u.i.k.s.ProofSettings   The settings in /home/runner/.key/proof-settings.props are *not* read. 
555        INFO  main            d.u.i.k.p.r.p.TestFile    Now processing file /home/runner/work/key/key/key.core/../key.ui/examples/performance-test/Disjoint(Disjoint__disjoint_08()).JML_operation_contract.0.key 
688        INFO  main            d.u.i.k.p.i.AbstractProblemLoader Loading environment from /home/runner/work/key/key/key.core/../key.ui/examples/performance-test/Disjoint(Disjoint__disjoint_08()).JML_operation_contract.0.key 
709        DEBUG main            d.u.i.k.p.i.AbstractProblemLoader Environment load took 2.36ms 
1008       INFO  main            d.u.i.k.p.i.AbstractProblemLoader Creating init config 
2288       DEBUG main            d.u.i.k.j.TypeConverter   No LDT found for Meta 
2289       DEBUG main            d.u.i.k.j.TypeConverter   No LDT found for Meta 
2293       DEBUG main            d.u.i.k.j.TypeConverter   No LDT found for Meta 
2293       DEBUG main            d.u.i.k.j.TypeConverter   No LDT found for Meta 
4075       DEBUG main            d.u.i.k.j.TypeConverter   No LDT found for JavaBigintExpression 
11888      DEBUG main            d.u.i.k.j.r.ClassPreparationMethodBuilder clPrepBuilder: Inner Class detected. Reject building class initialisation methods. 
22812      DEBUG main            d.u.i.k.p.i.AbstractProblemLoader Init config took 21.8s 
23063      INFO  main            d.u.i.k.p.i.AbstractProblemLoader Replaying proof Disjoint[Disjoint::disjoint_8()].JML operation contract.0 
23140      DEBUG main            d.u.i.k.p.i.IntermediateProofReplayer Proof replay took 464.4ns 
26528      INFO  main            d.u.i.k.p.r.p.TestFile    ... finished proof: closed. 
26775      INFO  main            d.u.i.k.p.i.AbstractProblemLoader Loading environment from /home/runner/work/key/key/key.core/../key.ui/examples/performance-test/Disjoint(Disjoint__disjoint_08()).JML_operation_contract.0.key.proof 
26775      DEBUG main            d.u.i.k.p.i.AbstractProblemLoader Environment load took 215.4ns 
26782      INFO  main            d.u.i.k.p.i.AbstractProblemLoader Creating init config 
31212      DEBUG main            d.u.i.k.j.r.ClassPreparationMethodBuilder clPrepBuilder: Inner Class detected. Reject building class initialisation methods. 
40758      DEBUG main            d.u.i.k.p.i.AbstractProblemLoader Init config took 13.98s 
40909      INFO  main            d.u.i.k.p.i.AbstractProblemLoader Replaying proof Disjoint[Disjoint::disjoint_8()].JML operation contract.0 
41377      DEBUG main            d.u.i.k.p.i.IntermediateProofReplayer Proof replay took 453.87ms 
41388      DEBUG main            d.u.i.k.p.r.p.TestFile    ... success: reloaded. 
41390      INFO  main            d.u.i.k.p.r.p.TestFile    Now processing file /home/runner/work/key/key/key.core/../key.ui/examples/performance-test/Disjoint(Disjoint__disjoint2_08()).JML_operation_contract.0.key 
41391      INFO  main            d.u.i.k.p.i.AbstractProblemLoader Loading environment from /home/runner/work/key/key/key.core/../key.ui/examples/performance-test/Disjoint(Disjoint__disjoint2_08()).JML_operation_contract.0.key 
41391      DEBUG main            d.u.i.k.p.i.AbstractProblemLoader Environment load took 369.7ns 
41393      INFO  main            d.u.i.k.p.i.AbstractProblemLoader Creating init config 
45497      DEBUG main            d.u.i.k.j.r.ClassPreparationMethodBuilder clPrepBuilder: Inner Class detected. Reject building class initialisation methods. 
54821      DEBUG main            d.u.i.k.p.i.AbstractProblemLoader Init config took 13.43s 
54986      INFO  main            d.u.i.k.p.i.AbstractProblemLoader Replaying proof Disjoint[Disjoint::disjoint2_8()].JML operation contract.0 
54993      DEBUG main            d.u.i.k.p.i.IntermediateProofReplayer Proof replay took 27.7ns 
56401      INFO  main            d.u.i.k.p.r.p.TestFile    ... finished proof: closed. 
56761      INFO  main            d.u.i.k.p.i.AbstractProblemLoader Loading environment from /home/runner/work/key/key/key.core/../key.ui/examples/performance-test/Disjoint(Disjoint__disjoint2_08()).JML_operation_contract.0.key.proof 
56762      DEBUG main            d.u.i.k.p.i.AbstractProblemLoader Environment load took 159.9ns 
56763      INFO  main            d.u.i.k.p.i.AbstractProblemLoader Creating init config 
60778      DEBUG main            d.u.i.k.j.r.ClassPreparationMethodBuilder clPrepBuilder: Inner Class detected. Reject building class initialisation methods. 
70362      DEBUG main            d.u.i.k.p.i.AbstractProblemLoader Init config took 13.6s 
70509      INFO  main            d.u.i.k.p.i.AbstractProblemLoader Replaying proof Disjoint[Disjoint::disjoint2_8()].JML operation contract.0 
70670      DEBUG main            d.u.i.k.p.i.IntermediateProofReplayer Proof replay took 150.32ms 
70678      DEBUG main            d.u.i.k.p.r.p.TestFile    ... success: reloaded. 
70682      INFO  main            d.u.i.k.p.r.p.TestFile    Now processing file /home/runner/work/key/key/key.core/../key.ui/examples/performance-test/AccessChain1(AccessChain1__foo_08()).JML_operation_contract.0.key 
70682      INFO  main            d.u.i.k.p.i.AbstractProblemLoader Loading environment from /home/runner/work/key/key/key.core/../key.ui/examples/performance-test/AccessChain1(AccessChain1__foo_08()).JML_operation_contract.0.key 
70683      DEBUG main            d.u.i.k.p.i.AbstractProblemLoader Environment load took 83ns 
70686      INFO  main            d.u.i.k.p.i.AbstractProblemLoader Creating init config 
74934      DEBUG main            d.u.i.k.j.r.ClassPreparationMethodBuilder clPrepBuilder: Inner Class detected. Reject building class initialisation methods. 
84613      DEBUG main            d.u.i.k.p.i.AbstractProblemLoader Init config took 13.93s 
84753      INFO  main            d.u.i.k.p.i.AbstractProblemLoader Replaying proof AccessChain1[AccessChain1::foo_8()].JML operation contract.0 
84758      DEBUG main            d.u.i.k.p.i.IntermediateProofReplayer Proof replay took 14.5ns 
88405      INFO  main            d.u.i.k.p.r.p.TestFile    ... finished proof: closed. 
88856      INFO  main            d.u.i.k.p.i.AbstractProblemLoader Loading environment from /home/runner/work/key/key/key.core/../key.ui/examples/performance-test/AccessChain1(AccessChain1__foo_08()).JML_operation_contract.0.key.proof 
88861      DEBUG main            d.u.i.k.p.i.AbstractProblemLoader Environment load took 5.22ms 
88868      INFO  main            d.u.i.k.p.i.AbstractProblemLoader Creating init config 
92831      DEBUG main            d.u.i.k.j.r.ClassPreparationMethodBuilder clPrepBuilder: Inner Class detected. Reject building class initialisation methods. 
101996     DEBUG main            d.u.i.k.p.i.AbstractProblemLoader Init config took 13.13s 
102129     INFO  main            d.u.i.k.p.i.AbstractProblemLoader Replaying proof AccessChain1[AccessChain1::foo_8()].JML operation contract.0 
102826     DEBUG main            d.u.i.k.p.i.IntermediateProofReplayer Proof replay took 680.72ms 
102829     DEBUG main            d.u.i.k.p.r.p.TestFile    ... success: reloaded. 
102831     INFO  main            d.u.i.k.p.r.p.TestFile    Now processing file /home/runner/work/key/key/key.core/../key.ui/examples/performance-test/AccessChain4(AccessChain4__foo_08()).JML_operation_contract.0.key 
102832     INFO  main            d.u.i.k.p.i.AbstractProblemLoader Loading environment from /home/runner/work/key/key/key.core/../key.ui/examples/performance-test/AccessChain4(AccessChain4__foo_08()).JML_operation_contract.0.key 
102832     DEBUG main            d.u.i.k.p.i.AbstractProblemLoader Environment load took 99.9ns 
102833     INFO  main            d.u.i.k.p.i.AbstractProblemLoader Creating init config 
106853     DEBUG main            d.u.i.k.j.r.ClassPreparationMethodBuilder clPrepBuilder: Inner Class detected. Reject building class initialisation methods. 
115976     DEBUG main            d.u.i.k.p.i.AbstractProblemLoader Init config took 13.14s 
116098     INFO  main            d.u.i.k.p.i.AbstractProblemLoader Replaying proof AccessChain4[AccessChain4::foo_8()].JML operation contract.0 
116101     DEBUG main            d.u.i.k.p.i.IntermediateProofReplayer Proof replay took 15.9ns 
124950     INFO  main            d.u.i.k.p.r.p.TestFile    ... finished proof: closed. 
125434     INFO  main            d.u.i.k.p.i.AbstractProblemLoader Loading environment from /home/runner/work/key/key/key.core/../key.ui/examples/performance-test/AccessChain4(AccessChain4__foo_08()).JML_operation_contract.0.key.proof 
125436     DEBUG main            d.u.i.k.p.i.AbstractProblemLoader Environment load took 2.4ms 
125446     INFO  main            d.u.i.k.p.i.AbstractProblemLoader Creating init config 
129283     DEBUG main            d.u.i.k.j.r.ClassPreparationMethodBuilder clPrepBuilder: Inner Class detected. Reject building class initialisation methods. 
138298     DEBUG main            d.u.i.k.p.i.AbstractProblemLoader Init config took 12.85s 
138416     INFO  main            d.u.i.k.p.i.AbstractProblemLoader Replaying proof AccessChain4[AccessChain4::foo_8()].JML operation contract.0 
139903     DEBUG main            d.u.i.k.p.i.IntermediateProofReplayer Proof replay took 1.46s 
139906     DEBUG main            d.u.i.k.p.r.p.TestFile    ... success: reloaded. 
139908     INFO  main            d.u.i.k.p.r.p.TestFile    Now processing file /home/runner/work/key/key/key.core/../key.ui/examples/performance-test/Disjoint(Disjoint__xZero_08()).JML_operation_contract.0.key 
139909     INFO  main            d.u.i.k.p.i.AbstractProblemLoader Loading environment from /home/runner/work/key/key/key.core/../key.ui/examples/performance-test/Disjoint(Disjoint__xZero_08()).JML_operation_contract.0.key 
139909     DEBUG main            d.u.i.k.p.i.AbstractProblemLoader Environment load took 321.9ns 
139910     INFO  main            d.u.i.k.p.i.AbstractProblemLoader Creating init config 
144022     DEBUG main            d.u.i.k.j.r.ClassPreparationMethodBuilder clPrepBuilder: Inner Class detected. Reject building class initialisation methods. 
153118     DEBUG main            d.u.i.k.p.i.AbstractProblemLoader Init config took 13.21s 
153262     INFO  main            d.u.i.k.p.i.AbstractProblemLoader Replaying proof Disjoint[Disjoint::xZero_8()].JML operation contract.0 
153264     DEBUG main            d.u.i.k.p.i.IntermediateProofReplayer Proof replay took 15.1ns 
154574     INFO  main            d.u.i.k.p.r.p.TestFile    ... finished proof: closed. 
155045     INFO  main            d.u.i.k.p.i.AbstractProblemLoader Loading environment from /home/runner/work/key/key/key.core/../key.ui/examples/performance-test/Disjoint(Disjoint__xZero_08()).JML_operation_contract.0.key.proof 
155046     DEBUG main            d.u.i.k.p.i.AbstractProblemLoader Environment load took 1.16ms 
155048     INFO  main            d.u.i.k.p.i.AbstractProblemLoader Creating init config 
158983     DEBUG main            d.u.i.k.j.r.ClassPreparationMethodBuilder clPrepBuilder: Inner Class detected. Reject building class initialisation methods. 
167953     DEBUG main            d.u.i.k.p.i.AbstractProblemLoader Init config took 12.9s 
168075     INFO  main            d.u.i.k.p.i.AbstractProblemLoader Replaying proof Disjoint[Disjoint::xZero_8()].JML operation contract.0 
168367     DEBUG main            d.u.i.k.p.i.IntermediateProofReplayer Proof replay took 283.24ms 
168369     DEBUG main            d.u.i.k.p.r.p.TestFile    ... success: reloaded. 
168371     INFO  main            d.u.i.k.p.r.p.TestFile    Now processing file /home/runner/work/key/key/key.core/../key.ui/examples/performance-test/Dynamic(Dynamic__foo_08()).JML_operation_contract.0.key 
168372     INFO  main            d.u.i.k.p.i.AbstractProblemLoader Loading environment from /home/runner/work/key/key/key.core/../key.ui/examples/performance-test/Dynamic(Dynamic__foo_08()).JML_operation_contract.0.key 
168372     DEBUG main            d.u.i.k.p.i.AbstractProblemLoader Environment load took 377.2ns 
168373     INFO  main            d.u.i.k.p.i.AbstractProblemLoader Creating init config 
172341     DEBUG main            d.u.i.k.j.r.ClassPreparationMethodBuilder clPrepBuilder: Inner Class detected. Reject building class initialisation methods. 
181492     DEBUG main            d.u.i.k.p.i.AbstractProblemLoader Init config took 13.12s 
181628     INFO  main            d.u.i.k.p.i.AbstractProblemLoader Replaying proof Dynamic[Dynamic::foo_8()].JML operation contract.0 
181632     DEBUG main            d.u.i.k.p.i.IntermediateProofReplayer Proof replay took 15ns 
189117     INFO  main            d.u.i.k.p.r.p.TestFile    ... finished proof: closed. 
189627     INFO  main            d.u.i.k.p.i.AbstractProblemLoader Loading environment from /home/runner/work/key/key/key.core/../key.ui/examples/performance-test/Dynamic(Dynamic__foo_08()).JML_operation_contract.0.key.proof 
189629     DEBUG main            d.u.i.k.p.i.AbstractProblemLoader Environment load took 1.62ms 
189633     INFO  main            d.u.i.k.p.i.AbstractProblemLoader Creating init config 
193496     DEBUG main            d.u.i.k.j.r.ClassPreparationMethodBuilder clPrepBuilder: Inner Class detected. Reject building class initialisation methods. 
202674     DEBUG main            d.u.i.k.p.i.AbstractProblemLoader Init config took 13.04s 
202793     INFO  main            d.u.i.k.p.i.AbstractProblemLoader Replaying proof Dynamic[Dynamic::foo_8()].JML operation contract.0 
203601     DEBUG main            d.u.i.k.p.i.IntermediateProofReplayer Proof replay took 763.22ms 
203603     DEBUG main            d.u.i.k.p.r.p.TestFile    ... success: reloaded. 
203605     INFO  main            d.u.i.k.p.r.p.TestFile    Now processing file /home/runner/work/key/key/key.core/../key.ui/examples/performance-test/DynamicGhost(DynamicGhost__dynamicGhost_08()).JML_normal_behavior_operation_contract.0.key 
203605     INFO  main            d.u.i.k.p.i.AbstractProblemLoader Loading environment from /home/runner/work/key/key/key.core/../key.ui/examples/performance-test/DynamicGhost(DynamicGhost__dynamicGhost_08()).JML_normal_behavior_operation_contract.0.key 
203606     DEBUG main            d.u.i.k.p.i.AbstractProblemLoader Environment load took 173.4ns 
203607     INFO  main            d.u.i.k.p.i.AbstractProblemLoader Creating init config 
207541     DEBUG main            d.u.i.k.j.r.ClassPreparationMethodBuilder clPrepBuilder: Inner Class detected. Reject building class initialisation methods. 
216539     DEBUG main            d.u.i.k.p.i.AbstractProblemLoader Init config took 12.93s 
216674     INFO  main            d.u.i.k.p.i.AbstractProblemLoader Replaying proof DynamicGhost[DynamicGhost::dynamicGhost_8()].JML normal_behavior operation contract.0 
216677     DEBUG main            d.u.i.k.p.i.IntermediateProofReplayer Proof replay took 15ns 
222733     INFO  main            d.u.i.k.p.r.p.TestFile    ... finished proof: closed. 
223259     INFO  main            d.u.i.k.p.i.AbstractProblemLoader Loading environment from /home/runner/work/key/key/key.core/../key.ui/examples/performance-test/DynamicGhost(DynamicGhost__dynamicGhost_08()).JML_normal_behavior_operation_contract.0.key.proof 
223260     DEBUG main            d.u.i.k.p.i.AbstractProblemLoader Environment load took 483.2ns 
223262     INFO  main            d.u.i.k.p.i.AbstractProblemLoader Creating init config 
227072     DEBUG main            d.u.i.k.j.r.ClassPreparationMethodBuilder clPrepBuilder: Inner Class detected. Reject building class initialisation methods. 
236242     DEBUG main            d.u.i.k.p.i.AbstractProblemLoader Init config took 12.98s 
236359     INFO  main            d.u.i.k.p.i.AbstractProblemLoader Replaying proof DynamicGhost[DynamicGhost::dynamicGhost_8()].JML normal_behavior operation contract.0 
237171     DEBUG main            d.u.i.k.p.i.IntermediateProofReplayer Proof replay took 792.31ms 
237175     DEBUG main            d.u.i.k.p.r.p.TestFile    ... success: reloaded. 
237177     INFO  main            d.u.i.k.p.r.p.TestFile    Now processing file /home/runner/work/key/key/key.core/../key.ui/examples/performance-test/GhostFrame(GhostFrame__foo_08()).JML_operation_contract.0.key 
237177     INFO  main            d.u.i.k.p.i.AbstractProblemLoader Loading environment from /home/runner/work/key/key/key.core/../key.ui/examples/performance-test/GhostFrame(GhostFrame__foo_08()).JML_operation_contract.0.key 
237178     DEBUG main            d.u.i.k.p.i.AbstractProblemLoader Environment load took 371.7ns 
237179     INFO  main            d.u.i.k.p.i.AbstractProblemLoader Creating init config 
241147     DEBUG main            d.u.i.k.j.r.ClassPreparationMethodBuilder clPrepBuilder: Inner Class detected. Reject building class initialisation methods. 
250210     DEBUG main            d.u.i.k.p.i.AbstractProblemLoader Init config took 13.03s 
250322     INFO  main            d.u.i.k.p.i.AbstractProblemLoader Replaying proof GhostFrame[GhostFrame::foo_8()].JML operation contract.0 
250325     DEBUG main            d.u.i.k.p.i.IntermediateProofReplayer Proof replay took 15.4ns 
253064     INFO  main            d.u.i.k.p.r.p.TestFile    ... finished proof: closed. 
253628     INFO  main            d.u.i.k.p.i.AbstractProblemLoader Loading environment from /home/runner/work/key/key/key.core/../key.ui/examples/performance-test/GhostFrame(GhostFrame__foo_08()).JML_operation_contract.0.key.proof 
253629     DEBUG main            d.u.i.k.p.i.AbstractProblemLoader Environment load took 147.7ns 
253630     INFO  main            d.u.i.k.p.i.AbstractProblemLoader Creating init config 
257420     DEBUG main            d.u.i.k.j.r.ClassPreparationMethodBuilder clPrepBuilder: Inner Class detected. Reject building class initialisation methods. 
266508     DEBUG main            d.u.i.k.p.i.AbstractProblemLoader Init config took 12.88s 
266621     INFO  main            d.u.i.k.p.i.AbstractProblemLoader Replaying proof GhostFrame[GhostFrame::foo_8()].JML operation contract.0 
267103     DEBUG main            d.u.i.k.p.i.IntermediateProofReplayer Proof replay took 473.81ms 
267105     DEBUG main            d.u.i.k.p.r.p.TestFile    ... success: reloaded. 
267107     INFO  main            d.u.i.k.p.r.p.TestFile    Now processing file /home/runner/work/key/key/key.core/../key.ui/examples/performance-test/Modelfield(Modelfield__foo_08()).JML_operation_contract.0.key 
267107     INFO  main            d.u.i.k.p.i.AbstractProblemLoader Loading environment from /home/runner/work/key/key/key.core/../key.ui/examples/performance-test/Modelfield(Modelfield__foo_08()).JML_operation_contract.0.key 
267108     DEBUG main            d.u.i.k.p.i.AbstractProblemLoader Environment load took 249.2ns 
267109     INFO  main            d.u.i.k.p.i.AbstractProblemLoader Creating init config 
271061     DEBUG main            d.u.i.k.j.r.ClassPreparationMethodBuilder clPrepBuilder: Inner Class detected. Reject building class initialisation methods. 
280141     DEBUG main            d.u.i.k.p.i.AbstractProblemLoader Init config took 13.03s 
280270     INFO  main            d.u.i.k.p.i.AbstractProblemLoader Replaying proof Modelfield[Modelfield::foo_8()].JML operation contract.0 
280272     DEBUG main            d.u.i.k.p.i.IntermediateProofReplayer Proof replay took 7.3ns 
284525     INFO  main            d.u.i.k.p.r.p.TestFile    ... finished proof: closed. 
285088     INFO  main            d.u.i.k.p.i.AbstractProblemLoader Loading environment from /home/runner/work/key/key/key.core/../key.ui/examples/performance-test/Modelfield(Modelfield__foo_08()).JML_operation_contract.0.key.proof 
285088     DEBUG main            d.u.i.k.p.i.AbstractProblemLoader Environment load took 242.9ns 
285090     INFO  main            d.u.i.k.p.i.AbstractProblemLoader Creating init config 
288897     DEBUG main            d.u.i.k.j.r.ClassPreparationMethodBuilder clPrepBuilder: Inner Class detected. Reject building class initialisation methods. 
297890     DEBUG main            d.u.i.k.p.i.AbstractProblemLoader Init config took 12.8s 
298006     INFO  main            d.u.i.k.p.i.AbstractProblemLoader Replaying proof Modelfield[Modelfield::foo_8()].JML operation contract.0 
298593     DEBUG main            d.u.i.k.p.i.IntermediateProofReplayer Proof replay took 574.55ms 
298595     DEBUG main            d.u.i.k.p.r.p.TestFile    ... success: reloaded. 
485422     INFO  Test worker     d.u.i.k.p.r.RunAllProofsTestUnit Returning from test performance 
485435     INFO  Test worker     d.u.i.k.p.r.RunAllProofsTestUnit Running test performancePOConstruction 
506        INFO  Timeout watchdog d.u.i.k.p.r.p.ForkedTestFileRunner Timeout watcher launched (2000 secs.) 
542        WARN  main            d.u.i.k.s.ProofSettings   The settings in /home/runner/.key/proof-settings.props are *not* read. 
586        INFO  main            d.u.i.k.p.r.p.TestFile    Now processing file /home/runner/work/key/key/key.core/../key.ui/examples/performance-test/Test(Test__a0(int)).JML_normal_behavior_operation_contract.0.key 
738        INFO  main            d.u.i.k.p.i.AbstractProblemLoader Loading environment from /home/runner/work/key/key/key.core/../key.ui/examples/performance-test/Test(Test__a0(int)).JML_normal_behavior_operation_contract.0.key 
761        DEBUG main            d.u.i.k.p.i.AbstractProblemLoader Environment load took 3.07ms 
1059       INFO  main            d.u.i.k.p.i.AbstractProblemLoader Creating init config 
2440       DEBUG main            d.u.i.k.j.TypeConverter   No LDT found for Meta 
2446       DEBUG main            d.u.i.k.j.TypeConverter   No LDT found for Meta 
2450       DEBUG main            d.u.i.k.j.TypeConverter   No LDT found for Meta 
2450       DEBUG main            d.u.i.k.j.TypeConverter   No LDT found for Meta 
4454       DEBUG main            d.u.i.k.j.TypeConverter   No LDT found for JavaBigintExpression 
11583      DEBUG main            d.u.i.k.j.r.ClassPreparationMethodBuilder clPrepBuilder: Inner Class detected. Reject building class initialisation methods. 
22261      DEBUG main            d.u.i.k.p.i.AbstractProblemLoader Init config took 21.2s 
23697      INFO  main            d.u.i.k.p.i.AbstractProblemLoader Replaying proof Test[Test::a0(int)].JML normal_behavior operation contract.0 
23799      DEBUG main            d.u.i.k.p.i.IntermediateProofReplayer Proof replay took 40.7ns 
24243      INFO  main            d.u.i.k.p.r.p.TestFile    ... finished proof: closed. 
24426      INFO  main            d.u.i.k.p.i.AbstractProblemLoader Loading environment from /home/runner/work/key/key/key.core/../key.ui/examples/performance-test/Test(Test__a0(int)).JML_normal_behavior_operation_contract.0.key.proof 
24433      DEBUG main            d.u.i.k.p.i.AbstractProblemLoader Environment load took 6.43ms 
24436      INFO  main            d.u.i.k.p.i.AbstractProblemLoader Creating init config 
28623      DEBUG main            d.u.i.k.j.r.ClassPreparationMethodBuilder clPrepBuilder: Inner Class detected. Reject building class initialisation methods. 
38183      DEBUG main            d.u.i.k.p.i.AbstractProblemLoader Init config took 13.75s 
39418      INFO  main            d.u.i.k.p.i.AbstractProblemLoader Replaying proof Test[Test::a0(int)].JML normal_behavior operation contract.0 
39467      DEBUG main            d.u.i.k.p.i.IntermediateProofReplayer Proof replay took 42.79ms 
39482      DEBUG main            d.u.i.k.p.r.p.TestFile    ... success: reloaded. 
39491      INFO  main            d.u.i.k.p.r.p.TestFile    Now processing file /home/runner/work/key/key/key.core/../key.ui/examples/performance-test/Test(Test__a1(int)).JML_normal_behavior_operation_contract.0.key 
39492      INFO  main            d.u.i.k.p.i.AbstractProblemLoader Loading environment from /home/runner/work/key/key/key.core/../key.ui/examples/performance-test/Test(Test__a1(int)).JML_normal_behavior_operation_contract.0.key 
39493      DEBUG main            d.u.i.k.p.i.AbstractProblemLoader Environment load took 186.3ns 
39495      INFO  main            d.u.i.k.p.i.AbstractProblemLoader Creating init config 
43532      DEBUG main            d.u.i.k.j.r.ClassPreparationMethodBuilder clPrepBuilder: Inner Class detected. Reject building class initialisation methods. 
52928      DEBUG main            d.u.i.k.p.i.AbstractProblemLoader Init config took 13.43s 
54146      INFO  main            d.u.i.k.p.i.AbstractProblemLoader Replaying proof Test[Test::a1(int)].JML normal_behavior operation contract.0 
54149      DEBUG main            d.u.i.k.p.i.IntermediateProofReplayer Proof replay took 8.7ns 
54659      INFO  main            d.u.i.k.p.r.p.TestFile    ... finished proof: closed. 
54973      INFO  main            d.u.i.k.p.i.AbstractProblemLoader Loading environment from /home/runner/work/key/key/key.core/../key.ui/examples/performance-test/Test(Test__a1(int)).JML_normal_behavior_operation_contract.0.key.proof 
54984      DEBUG main            d.u.i.k.p.i.AbstractProblemLoader Environment load took 10.58ms 
54990      INFO  main            d.u.i.k.p.i.AbstractProblemLoader Creating init config 
58947      DEBUG main            d.u.i.k.j.r.ClassPreparationMethodBuilder clPrepBuilder: Inner Class detected. Reject building class initialisation methods. 
68321      DEBUG main            d.u.i.k.p.i.AbstractProblemLoader Init config took 13.33s 
69538      INFO  main            d.u.i.k.p.i.AbstractProblemLoader Replaying proof Test[Test::a1(int)].JML normal_behavior operation contract.0 
69642      DEBUG main            d.u.i.k.p.i.IntermediateProofReplayer Proof replay took 99ms 
69644      DEBUG main            d.u.i.k.p.r.p.TestFile    ... success: reloaded. 
69646      INFO  main            d.u.i.k.p.r.p.TestFile    Now processing file /home/runner/work/key/key/key.core/../key.ui/examples/performance-test/Test(Test__f1(int)).JML_normal_behavior_operation_contract.0.key 
69647      INFO  main            d.u.i.k.p.i.AbstractProblemLoader Loading environment from /home/runner/work/key/key/key.core/../key.ui/examples/performance-test/Test(Test__f1(int)).JML_normal_behavior_operation_contract.0.key 
69647      DEBUG main            d.u.i.k.p.i.AbstractProblemLoader Environment load took 289.6ns 
69649      INFO  main            d.u.i.k.p.i.AbstractProblemLoader Creating init config 
73554      DEBUG main            d.u.i.k.j.r.ClassPreparationMethodBuilder clPrepBuilder: Inner Class detected. Reject building class initialisation methods. 
82714      DEBUG main            d.u.i.k.p.i.AbstractProblemLoader Init config took 13.07s 
83905      INFO  main            d.u.i.k.p.i.AbstractProblemLoader Replaying proof Test[Test::f1(int)].JML normal_behavior operation contract.0 
83908      DEBUG main            d.u.i.k.p.i.IntermediateProofReplayer Proof replay took 7.1ns 
84313      INFO  main            d.u.i.k.p.r.p.TestFile    ... finished proof: closed. 
84688      INFO  main            d.u.i.k.p.i.AbstractProblemLoader Loading environment from /home/runner/work/key/key/key.core/../key.ui/examples/performance-test/Test(Test__f1(int)).JML_normal_behavior_operation_contract.0.key.proof 
84689      DEBUG main            d.u.i.k.p.i.AbstractProblemLoader Environment load took 153ns 
84694      INFO  main            d.u.i.k.p.i.AbstractProblemLoader Creating init config 
88621      DEBUG main            d.u.i.k.j.r.ClassPreparationMethodBuilder clPrepBuilder: Inner Class detected. Reject building class initialisation methods. 
97680      DEBUG main            d.u.i.k.p.i.AbstractProblemLoader Init config took 12.99s 
98875      INFO  main            d.u.i.k.p.i.AbstractProblemLoader Replaying proof Test[Test::f1(int)].JML normal_behavior operation contract.0 
98946      DEBUG main            d.u.i.k.p.i.IntermediateProofReplayer Proof replay took 67.15ms 
98948      DEBUG main            d.u.i.k.p.r.p.TestFile    ... success: reloaded. 
584597     INFO  Test worker     d.u.i.k.p.r.RunAllProofsTestUnit Returning from test performancePOConstruction 
584599     INFO  Test worker     d.u.i.k.p.r.RunAllProofsTestUnit Running test applicationRestrictions 
460        INFO  Timeout watchdog d.u.i.k.p.r.p.ForkedTestFileRunner Timeout watcher launched (2000 secs.) 
459        WARN  main            d.u.i.k.s.ProofSettings   The settings in /home/runner/.key/proof-settings.props are *not* read. 
498        INFO  main            d.u.i.k.p.r.p.TestFile    Now processing file /home/runner/work/key/key/key.core/../key.ui/examples/heap/polarity_tests/wellformed1.key 
643        INFO  main            d.u.i.k.p.i.AbstractProblemLoader Loading environment from /home/runner/work/key/key/key.core/../key.ui/examples/heap/polarity_tests/wellformed1.key 
666        DEBUG main            d.u.i.k.p.i.AbstractProblemLoader Environment load took 2.84ms 
967        INFO  main            d.u.i.k.p.i.AbstractProblemLoader Creating init config 
2296       DEBUG main            d.u.i.k.j.TypeConverter   No LDT found for Meta 
2297       DEBUG main            d.u.i.k.j.TypeConverter   No LDT found for Meta 
2307       DEBUG main            d.u.i.k.j.TypeConverter   No LDT found for Meta 
2307       DEBUG main            d.u.i.k.j.TypeConverter   No LDT found for Meta 
4213       DEBUG main            d.u.i.k.j.TypeConverter   No LDT found for JavaBigintExpression 
10823      DEBUG main            d.u.i.k.p.i.AbstractProblemLoader Init config took 9.86s 
10901      INFO  main            d.u.i.k.p.i.AbstractProblemLoader Replaying proof wellformed1.key 
10947      DEBUG main            d.u.i.k.p.i.IntermediateProofReplayer Proof replay took 44.6ns 
11141      INFO  main            d.u.i.k.p.r.p.TestFile    ... finished proof: closed. 
11276      INFO  main            d.u.i.k.p.i.AbstractProblemLoader Loading environment from /home/runner/work/key/key/key.core/../key.ui/examples/heap/polarity_tests/wellformed1.key.proof 
11277      DEBUG main            d.u.i.k.p.i.AbstractProblemLoader Environment load took 645.8ns 
11282      INFO  main            d.u.i.k.p.i.AbstractProblemLoader Creating init config 
14942      DEBUG main            d.u.i.k.p.i.AbstractProblemLoader Init config took 3.66s 
15013      INFO  main            d.u.i.k.p.i.AbstractProblemLoader Replaying proof wellformed1.key.proof 
15027      DEBUG main            d.u.i.k.p.i.IntermediateProofReplayer Proof replay took 4.12ms 
15040      DEBUG main            d.u.i.k.p.r.p.TestFile    ... success: reloaded. 
15042      INFO  main            d.u.i.k.p.r.p.TestFile    Now processing file /home/runner/work/key/key/key.core/../key.ui/examples/heap/polarity_tests/wellformed2.key 
15043      INFO  main            d.u.i.k.p.i.AbstractProblemLoader Loading environment from /home/runner/work/key/key/key.core/../key.ui/examples/heap/polarity_tests/wellformed2.key 
15043      DEBUG main            d.u.i.k.p.i.AbstractProblemLoader Environment load took 356.9ns 
15047      INFO  main            d.u.i.k.p.i.AbstractProblemLoader Creating init config 
18474      DEBUG main            d.u.i.k.p.i.AbstractProblemLoader Init config took 3.43s 
18530      INFO  main            d.u.i.k.p.i.AbstractProblemLoader Replaying proof wellformed2.key 
18533      DEBUG main            d.u.i.k.p.i.IntermediateProofReplayer Proof replay took 7.9ns 
18636      INFO  main            d.u.i.k.p.r.p.TestFile    ... finished proof: open goal(s) 
18804      INFO  main            d.u.i.k.p.r.p.TestFile    Now processing file /home/runner/work/key/key/key.core/../key.ui/examples/heap/polarity_tests/wellformed3.key 
18804      INFO  main            d.u.i.k.p.i.AbstractProblemLoader Loading environment from /home/runner/work/key/key/key.core/../key.ui/examples/heap/polarity_tests/wellformed3.key 
18804      DEBUG main            d.u.i.k.p.i.AbstractProblemLoader Environment load took 92.1ns 
18809      INFO  main            d.u.i.k.p.i.AbstractProblemLoader Creating init config 
22147      DEBUG main            d.u.i.k.p.i.AbstractProblemLoader Init config took 3.34s 
22177      INFO  main            d.u.i.k.p.i.AbstractProblemLoader Replaying proof wellformed3.key 
22180      DEBUG main            d.u.i.k.p.i.IntermediateProofReplayer Proof replay took 8ns 
22283      INFO  main            d.u.i.k.p.r.p.TestFile    ... finished proof: closed. 
22470      INFO  main            d.u.i.k.p.i.AbstractProblemLoader Loading environment from /home/runner/work/key/key/key.core/../key.ui/examples/heap/polarity_tests/wellformed3.key.proof 
22471      DEBUG main            d.u.i.k.p.i.AbstractProblemLoader Environment load took 1.06ms 
22474      INFO  main            d.u.i.k.p.i.AbstractProblemLoader Creating init config 
25883      DEBUG main            d.u.i.k.p.i.AbstractProblemLoader Init config took 3.41s 
25912      INFO  main            d.u.i.k.p.i.AbstractProblemLoader Replaying proof wellformed3.key.proof 
25918      DEBUG main            d.u.i.k.p.i.IntermediateProofReplayer Proof replay took 2.89ms 
25920      DEBUG main            d.u.i.k.p.r.p.TestFile    ... success: reloaded. 
25921      INFO  main            d.u.i.k.p.r.p.TestFile    Now processing file /home/runner/work/key/key/key.core/../key.ui/examples/heap/polarity_tests/wellformed4.key 
25921      INFO  main            d.u.i.k.p.i.AbstractProblemLoader Loading environment from /home/runner/work/key/key/key.core/../key.ui/examples/heap/polarity_tests/wellformed4.key 
25922      DEBUG main            d.u.i.k.p.i.AbstractProblemLoader Environment load took 325.1ns 
25924      INFO  main            d.u.i.k.p.i.AbstractProblemLoader Creating init config 
29358      DEBUG main            d.u.i.k.p.i.AbstractProblemLoader Init config took 3.43s 
29387      INFO  main            d.u.i.k.p.i.AbstractProblemLoader Replaying proof wellformed4.key 
29389      DEBUG main            d.u.i.k.p.i.IntermediateProofReplayer Proof replay took 71.3ns 
29493      INFO  main            d.u.i.k.p.r.p.TestFile    ... finished proof: open goal(s) 
29737      INFO  main            d.u.i.k.p.r.p.TestFile    Now processing file /home/runner/work/key/key/key.core/../key.ui/examples/heap/polarity_tests/wellformed5.key 
29737      INFO  main            d.u.i.k.p.i.AbstractProblemLoader Loading environment from /home/runner/work/key/key/key.core/../key.ui/examples/heap/polarity_tests/wellformed5.key 
29737      DEBUG main            d.u.i.k.p.i.AbstractProblemLoader Environment load took 85.9ns 
29742      INFO  main            d.u.i.k.p.i.AbstractProblemLoader Creating init config 
33111      DEBUG main            d.u.i.k.p.i.AbstractProblemLoader Init config took 3.37s 
33136      INFO  main            d.u.i.k.p.i.AbstractProblemLoader Replaying proof wellformed5.key 
33138      DEBUG main            d.u.i.k.p.i.IntermediateProofReplayer Proof replay took 8.5ns 
33240      INFO  main            d.u.i.k.p.r.p.TestFile    ... finished proof: closed. 
33398      INFO  main            d.u.i.k.p.i.AbstractProblemLoader Loading environment from /home/runner/work/key/key/key.core/../key.ui/examples/heap/polarity_tests/wellformed5.key.proof 
33399      DEBUG main            d.u.i.k.p.i.AbstractProblemLoader Environment load took 507.9ns 
33400      INFO  main            d.u.i.k.p.i.AbstractProblemLoader Creating init config 
36731      DEBUG main            d.u.i.k.p.i.AbstractProblemLoader Init config took 3.33s 
36758      INFO  main            d.u.i.k.p.i.AbstractProblemLoader Replaying proof wellformed5.key.proof 
36762      DEBUG main            d.u.i.k.p.i.IntermediateProofReplayer Proof replay took 1.69ms 
36764      DEBUG main            d.u.i.k.p.r.p.TestFile    ... success: reloaded. 
36765      INFO  main            d.u.i.k.p.r.p.TestFile    Now processing file /home/runner/work/key/key/key.core/../key.ui/examples/heap/polarity_tests/wellformed6.key 
36765      INFO  main            d.u.i.k.p.i.AbstractProblemLoader Loading environment from /home/runner/work/key/key/key.core/../key.ui/examples/heap/polarity_tests/wellformed6.key 
36765      DEBUG main            d.u.i.k.p.i.AbstractProblemLoader Environment load took 270.6ns 
36768      INFO  main            d.u.i.k.p.i.AbstractProblemLoader Creating init config 
40086      DEBUG main            d.u.i.k.p.i.AbstractProblemLoader Init config took 3.32s 
40109      INFO  main            d.u.i.k.p.i.AbstractProblemLoader Replaying proof wellformed6.key 
40111      DEBUG main            d.u.i.k.p.i.IntermediateProofReplayer Proof replay took 8.8ns 
40214      INFO  main            d.u.i.k.p.r.p.TestFile    ... finished proof: open goal(s) 
40395      INFO  main            d.u.i.k.p.r.p.TestFile    Now processing file /home/runner/work/key/key/key.core/../key.ui/examples/heap/polarity_tests/wellformed7.key 
40396      INFO  main            d.u.i.k.p.i.AbstractProblemLoader Loading environment from /home/runner/work/key/key/key.core/../key.ui/examples/heap/polarity_tests/wellformed7.key 
40396      DEBUG main            d.u.i.k.p.i.AbstractProblemLoader Environment load took 306.1ns 
40398      INFO  main            d.u.i.k.p.i.AbstractProblemLoader Creating init config 
43647      DEBUG main            d.u.i.k.p.i.AbstractProblemLoader Init config took 3.25s 
43671      INFO  main            d.u.i.k.p.i.AbstractProblemLoader Replaying proof wellformed7.key 
43673      DEBUG main            d.u.i.k.p.i.IntermediateProofReplayer Proof replay took 8.8ns 
43776      INFO  main            d.u.i.k.p.r.p.TestFile    ... finished proof: closed. 
44032      INFO  main            d.u.i.k.p.i.AbstractProblemLoader Loading environment from /home/runner/work/key/key/key.core/../key.ui/examples/heap/polarity_tests/wellformed7.key.proof 
44032      DEBUG main            d.u.i.k.p.i.AbstractProblemLoader Environment load took 137.4ns 
44033      INFO  main            d.u.i.k.p.i.AbstractProblemLoader Creating init config 
47323      DEBUG main            d.u.i.k.p.i.AbstractProblemLoader Init config took 3.29s 
47347      INFO  main            d.u.i.k.p.i.AbstractProblemLoader Replaying proof wellformed7.key.proof 
47352      DEBUG main            d.u.i.k.p.i.IntermediateProofReplayer Proof replay took 1.94ms 
47353      DEBUG main            d.u.i.k.p.r.p.TestFile    ... success: reloaded. 
47354      INFO  main            d.u.i.k.p.r.p.TestFile    Now processing file /home/runner/work/key/key/key.core/../key.ui/examples/heap/polarity_tests/wellformed8.key 
47355      INFO  main            d.u.i.k.p.i.AbstractProblemLoader Loading environment from /home/runner/work/key/key/key.core/../key.ui/examples/heap/polarity_tests/wellformed8.key 
47355      DEBUG main            d.u.i.k.p.i.AbstractProblemLoader Environment load took 276.6ns 
47356      INFO  main            d.u.i.k.p.i.AbstractProblemLoader Creating init config 
50570      DEBUG main            d.u.i.k.p.i.AbstractProblemLoader Init config took 3.21s 
50648      INFO  main            d.u.i.k.p.i.AbstractProblemLoader Replaying proof wellformed8.key 
50657      DEBUG main            d.u.i.k.p.i.IntermediateProofReplayer Proof replay took 10.1ns 
50766      INFO  main            d.u.i.k.p.r.p.TestFile    ... finished proof: open goal(s) 
50958      INFO  main            d.u.i.k.p.r.p.TestFile    Now processing file /home/runner/work/key/key/key.core/../key.ui/examples/heap/polarity_tests/wellformed9.key 
50958      INFO  main            d.u.i.k.p.i.AbstractProblemLoader Loading environment from /home/runner/work/key/key/key.core/../key.ui/examples/heap/polarity_tests/wellformed9.key 
50958      DEBUG main            d.u.i.k.p.i.AbstractProblemLoader Environment load took 88.4ns 
50962      INFO  main            d.u.i.k.p.i.AbstractProblemLoader Creating init config 
54238      DEBUG main            d.u.i.k.p.i.AbstractProblemLoader Init config took 3.28s 
54264      INFO  main            d.u.i.k.p.i.AbstractProblemLoader Replaying proof wellformed9.key 
54266      DEBUG main            d.u.i.k.p.i.IntermediateProofReplayer Proof replay took 9.4ns 
54371      INFO  main            d.u.i.k.p.r.p.TestFile    ... finished proof: closed. 
54547      INFO  main            d.u.i.k.p.i.AbstractProblemLoader Loading environment from /home/runner/work/key/key/key.core/../key.ui/examples/heap/polarity_tests/wellformed9.key.proof 
54547      DEBUG main            d.u.i.k.p.i.AbstractProblemLoader Environment load took 136.4ns 
54548      INFO  main            d.u.i.k.p.i.AbstractProblemLoader Creating init config 
57728      DEBUG main            d.u.i.k.p.i.AbstractProblemLoader Init config took 3.18s 
57749      INFO  main            d.u.i.k.p.i.AbstractProblemLoader Replaying proof wellformed9.key.proof 
57753      DEBUG main            d.u.i.k.p.i.IntermediateProofReplayer Proof replay took 1.73ms 
57755      DEBUG main            d.u.i.k.p.r.p.TestFile    ... success: reloaded. 
57756      INFO  main            d.u.i.k.p.r.p.TestFile    Now processing file /home/runner/work/key/key/key.core/../key.ui/examples/heap/polarity_tests/wellformed10.key 
57757      INFO  main            d.u.i.k.p.i.AbstractProblemLoader Loading environment from /home/runner/work/key/key/key.core/../key.ui/examples/heap/polarity_tests/wellformed10.key 
57757      DEBUG main            d.u.i.k.p.i.AbstractProblemLoader Environment load took 291.1ns 
57758      INFO  main            d.u.i.k.p.i.AbstractProblemLoader Creating init config 
61032      DEBUG main            d.u.i.k.p.i.AbstractProblemLoader Init config took 3.27s 
61054      INFO  main            d.u.i.k.p.i.AbstractProblemLoader Replaying proof wellformed10.key 
61056      DEBUG main            d.u.i.k.p.i.IntermediateProofReplayer Proof replay took 10.2ns 
61162      INFO  main            d.u.i.k.p.r.p.TestFile    ... finished proof: open goal(s) 
61371      INFO  main            d.u.i.k.p.r.p.TestFile    Now processing file /home/runner/work/key/key/key.core/../key.ui/examples/heap/polarity_tests/wellformed11.key 
61371      INFO  main            d.u.i.k.p.i.AbstractProblemLoader Loading environment from /home/runner/work/key/key/key.core/../key.ui/examples/heap/polarity_tests/wellformed11.key 
61371      DEBUG main            d.u.i.k.p.i.AbstractProblemLoader Environment load took 95.2ns 
61373      INFO  main            d.u.i.k.p.i.AbstractProblemLoader Creating init config 
64544      DEBUG main            d.u.i.k.p.i.AbstractProblemLoader Init config took 3.17s 
64565      INFO  main            d.u.i.k.p.i.AbstractProblemLoader Replaying proof wellformed11.key 
64566      DEBUG main            d.u.i.k.p.i.IntermediateProofReplayer Proof replay took 9.4ns 
64671      INFO  main            d.u.i.k.p.r.p.TestFile    ... finished proof: open goal(s) 
649691     INFO  Test worker     d.u.i.k.p.r.RunAllProofsTestUnit Returning from test applicationRestrictions 
649693     INFO  Test worker     d.u.i.k.p.r.RunAllProofsTestUnit Running test blockContracts 
457        INFO  Timeout watchdog d.u.i.k.p.r.p.ForkedTestFileRunner Timeout watcher launched (2000 secs.) 
476        WARN  main            d.u.i.k.s.ProofSettings   The settings in /home/runner/.key/proof-settings.props are *not* read. 
544        INFO  main            d.u.i.k.p.r.p.TestFile    Now processing file /home/runner/work/key/key/key.core/../key.ui/examples/heap/block_contracts/Simple__add.key 
690        INFO  main            d.u.i.k.p.i.AbstractProblemLoader Loading environment from /home/runner/work/key/key/key.core/../key.ui/examples/heap/block_contracts/Simple__add.key 
711        DEBUG main            d.u.i.k.p.i.AbstractProblemLoader Environment load took 2.55ms 
989        INFO  main            d.u.i.k.p.i.AbstractProblemLoader Creating init config 
2297       DEBUG main            d.u.i.k.j.TypeConverter   No LDT found for Meta 
2298       DEBUG main            d.u.i.k.j.TypeConverter   No LDT found for Meta 
2300       DEBUG main            d.u.i.k.j.TypeConverter   No LDT found for Meta 
2300       DEBUG main            d.u.i.k.j.TypeConverter   No LDT found for Meta 
4577       DEBUG main            d.u.i.k.j.TypeConverter   No LDT found for JavaBigintExpression 
11660      DEBUG main            d.u.i.k.p.i.AbstractProblemLoader Init config took 10.67s 
11890      INFO  main            d.u.i.k.p.i.AbstractProblemLoader Replaying proof Simple[Simple::add(int,int)].JML operation contract.0 
12015      DEBUG main            d.u.i.k.p.i.IntermediateProofReplayer Proof replay took 550.6ns 
12859      INFO  main            d.u.i.k.p.r.p.TestFile    ... finished proof: closed. 
13053      INFO  main            d.u.i.k.p.i.AbstractProblemLoader Loading environment from /home/runner/work/key/key/key.core/../key.ui/examples/heap/block_contracts/Simple__add.key.proof 
13055      DEBUG main            d.u.i.k.p.i.AbstractProblemLoader Environment load took 2.22ms 
13060      INFO  main            d.u.i.k.p.i.AbstractProblemLoader Creating init config 
17188      DEBUG main            d.u.i.k.p.i.AbstractProblemLoader Init config took 4.13s 
17270      INFO  main            d.u.i.k.p.i.AbstractProblemLoader Replaying proof Simple[Simple::add(int,int)].JML operation contract.0 
17437      DEBUG main            d.u.i.k.p.i.IntermediateProofReplayer Proof replay took 160.55ms 
17446      DEBUG main            d.u.i.k.p.r.p.TestFile    ... success: reloaded. 
17448      INFO  main            d.u.i.k.p.r.p.TestFile    Now processing file /home/runner/work/key/key/key.core/../key.ui/examples/heap/block_contracts/Simple__addAbsoluteValues.key 
17448      INFO  main            d.u.i.k.p.i.AbstractProblemLoader Loading environment from /home/runner/work/key/key/key.core/../key.ui/examples/heap/block_contracts/Simple__addAbsoluteValues.key 
17449      DEBUG main            d.u.i.k.p.i.AbstractProblemLoader Environment load took 317.4ns 
17451      INFO  main            d.u.i.k.p.i.AbstractProblemLoader Creating init config 
21393      DEBUG main            d.u.i.k.p.i.AbstractProblemLoader Init config took 3.94s 
21473      INFO  main            d.u.i.k.p.i.AbstractProblemLoader Replaying proof Simple[Simple::addAbsoluteValues(int,int)].JML normal_behavior operation contract.0 
21477      DEBUG main            d.u.i.k.p.i.IntermediateProofReplayer Proof replay took 15.7ns 
22896      INFO  main            d.u.i.k.p.r.p.TestFile    ... finished proof: closed. 
23135      INFO  main            d.u.i.k.p.i.AbstractProblemLoader Loading environment from /home/runner/work/key/key/key.core/../key.ui/examples/heap/block_contracts/Simple__addAbsoluteValues.key.proof 
23137      DEBUG main            d.u.i.k.p.i.AbstractProblemLoader Environment load took 1.51ms 
23139      INFO  main            d.u.i.k.p.i.AbstractProblemLoader Creating init config 
26894      DEBUG main            d.u.i.k.p.i.AbstractProblemLoader Init config took 3.75s 
26975      INFO  main            d.u.i.k.p.i.AbstractProblemLoader Replaying proof Simple[Simple::addAbsoluteValues(int,int)].JML normal_behavior operation contract.0 
27292      DEBUG main            d.u.i.k.p.i.IntermediateProofReplayer Proof replay took 305.68ms 
27295      DEBUG main            d.u.i.k.p.r.p.TestFile    ... success: reloaded. 
27297      INFO  main            d.u.i.k.p.r.p.TestFile    Now processing file /home/runner/work/key/key/key.core/../key.ui/examples/heap/block_contracts/Simple__addWithJump.key 
27298      INFO  main            d.u.i.k.p.i.AbstractProblemLoader Loading environment from /home/runner/work/key/key/key.core/../key.ui/examples/heap/block_contracts/Simple__addWithJump.key 
27299      DEBUG main            d.u.i.k.p.i.AbstractProblemLoader Environment load took 770.1ns 
27301      INFO  main            d.u.i.k.p.i.AbstractProblemLoader Creating init config 
31166      DEBUG main            d.u.i.k.p.i.AbstractProblemLoader Init config took 3.86s 
31242      INFO  main            d.u.i.k.p.i.AbstractProblemLoader Replaying proof Simple[Simple::addWithJump(int,int,int)].JML operation contract.0 
31248      DEBUG main            d.u.i.k.p.i.IntermediateProofReplayer Proof replay took 28.2ns 
31451      INFO  main            d.u.i.k.p.r.p.TestFile    ... finished proof: closed. 
31681      INFO  main            d.u.i.k.p.i.AbstractProblemLoader Loading environment from /home/runner/work/key/key/key.core/../key.ui/examples/heap/block_contracts/Simple__addWithJump.key.proof 
31681      DEBUG main            d.u.i.k.p.i.AbstractProblemLoader Environment load took 449ns 
31687      INFO  main            d.u.i.k.p.i.AbstractProblemLoader Creating init config 
35398      DEBUG main            d.u.i.k.p.i.AbstractProblemLoader Init config took 3.71s 
35456      INFO  main            d.u.i.k.p.i.AbstractProblemLoader Replaying proof Simple[Simple::addWithJump(int,int,int)].JML operation contract.0 
35517      DEBUG main            d.u.i.k.p.i.IntermediateProofReplayer Proof replay took 57.83ms 
35519      DEBUG main            d.u.i.k.p.r.p.TestFile    ... success: reloaded. 
35521      INFO  main            d.u.i.k.p.r.p.TestFile    Now processing file /home/runner/work/key/key/key.core/../key.ui/examples/heap/block_contracts/Simple__addWithTwoBlockContracts.key 
35521      INFO  main            d.u.i.k.p.i.AbstractProblemLoader Loading environment from /home/runner/work/key/key/key.core/../key.ui/examples/heap/block_contracts/Simple__addWithTwoBlockContracts.key 
35522      DEBUG main            d.u.i.k.p.i.AbstractProblemLoader Environment load took 276.5ns 
35523      INFO  main            d.u.i.k.p.i.AbstractProblemLoader Creating init config 
39319      DEBUG main            d.u.i.k.p.i.AbstractProblemLoader Init config took 3.8s 
39397      INFO  main            d.u.i.k.p.i.AbstractProblemLoader Replaying proof Simple[Simple::addWithTwoBlockContracts(int,int,int)].JML operation contract.0 
39401      DEBUG main            d.u.i.k.p.i.IntermediateProofReplayer Proof replay took 14.3ns 
39705      INFO  main            d.u.i.k.p.r.p.TestFile    ... finished proof: closed. 
39946      INFO  main            d.u.i.k.p.i.AbstractProblemLoader Loading environment from /home/runner/work/key/key/key.core/../key.ui/examples/heap/block_contracts/Simple__addWithTwoBlockContracts.key.proof 
39946      DEBUG main            d.u.i.k.p.i.AbstractProblemLoader Environment load took 1.85ms 
39948      INFO  main            d.u.i.k.p.i.AbstractProblemLoader Creating init config 
43615      DEBUG main            d.u.i.k.p.i.AbstractProblemLoader Init config took 3.67s 
43670      INFO  main            d.u.i.k.p.i.AbstractProblemLoader Replaying proof Simple[Simple::addWithTwoBlockContracts(int,int,int)].JML operation contract.0 
43749      DEBUG main            d.u.i.k.p.i.IntermediateProofReplayer Proof replay took 75.07ms 
43751      DEBUG main            d.u.i.k.p.r.p.TestFile    ... success: reloaded. 
43753      INFO  main            d.u.i.k.p.r.p.TestFile    Now processing file /home/runner/work/key/key/key.core/../key.ui/examples/heap/block_contracts/Simple__generateByteArray.key 
43753      INFO  main            d.u.i.k.p.i.AbstractProblemLoader Loading environment from /home/runner/work/key/key/key.core/../key.ui/examples/heap/block_contracts/Simple__generateByteArray.key 
43753      DEBUG main            d.u.i.k.p.i.AbstractProblemLoader Environment load took 285.7ns 
43755      INFO  main            d.u.i.k.p.i.AbstractProblemLoader Creating init config 
47469      DEBUG main            d.u.i.k.p.i.AbstractProblemLoader Init config took 3.71s 
47524      INFO  main            d.u.i.k.p.i.AbstractProblemLoader Replaying proof Simple[Simple::generateByteArray()].JML normal_behavior operation contract.0 
47526      DEBUG main            d.u.i.k.p.i.IntermediateProofReplayer Proof replay took 14.4ns 
50289      INFO  main            d.u.i.k.p.r.p.TestFile    ... finished proof: closed. 
50565      INFO  main            d.u.i.k.p.i.AbstractProblemLoader Loading environment from /home/runner/work/key/key/key.core/../key.ui/examples/heap/block_contracts/Simple__generateByteArray.key.proof 
50568      DEBUG main            d.u.i.k.p.i.AbstractProblemLoader Environment load took 3.01ms 
50572      INFO  main            d.u.i.k.p.i.AbstractProblemLoader Creating init config 
54246      DEBUG main            d.u.i.k.p.i.AbstractProblemLoader Init config took 3.67s 
54299      INFO  main            d.u.i.k.p.i.AbstractProblemLoader Replaying proof Simple[Simple::generateByteArray()].JML normal_behavior operation contract.0 
54693      DEBUG main            d.u.i.k.p.i.IntermediateProofReplayer Proof replay took 375.11ms 
54695      DEBUG main            d.u.i.k.p.r.p.TestFile    ... success: reloaded. 
54697      INFO  main            d.u.i.k.p.r.p.TestFile    Now processing file /home/runner/work/key/key/key.core/../key.ui/examples/heap/block_contracts/Simple__getLength.key 
54697      INFO  main            d.u.i.k.p.i.AbstractProblemLoader Loading environment from /home/runner/work/key/key/key.core/../key.ui/examples/heap/block_contracts/Simple__getLength.key 
54698      DEBUG main            d.u.i.k.p.i.AbstractProblemLoader Environment load took 300.5ns 
54699      INFO  main            d.u.i.k.p.i.AbstractProblemLoader Creating init config 
58372      DEBUG main            d.u.i.k.p.i.AbstractProblemLoader Init config took 3.67s 
58431      INFO  main            d.u.i.k.p.i.AbstractProblemLoader Replaying proof Simple[Simple::getLength()].JML normal_behavior operation contract.0 
58435      DEBUG main            d.u.i.k.p.i.IntermediateProofReplayer Proof replay took 15.7ns 
58540      INFO  main            d.u.i.k.p.r.p.TestFile    ... finished proof: closed. 
58827      INFO  main            d.u.i.k.p.i.AbstractProblemLoader Loading environment from /home/runner/work/key/key/key.core/../key.ui/examples/heap/block_contracts/Simple__getLength.key.proof 
58827      DEBUG main            d.u.i.k.p.i.AbstractProblemLoader Environment load took 145ns 
58828      INFO  main            d.u.i.k.p.i.AbstractProblemLoader Creating init config 
62368      DEBUG main            d.u.i.k.p.i.AbstractProblemLoader Init config took 3.54s 
62424      INFO  main            d.u.i.k.p.i.AbstractProblemLoader Replaying proof Simple[Simple::getLength()].JML normal_behavior operation contract.0 
62437      DEBUG main            d.u.i.k.p.i.IntermediateProofReplayer Proof replay took 10.06ms 
62438      DEBUG main            d.u.i.k.p.r.p.TestFile    ... success: reloaded. 
62440      INFO  main            d.u.i.k.p.r.p.TestFile    Now processing file /home/runner/work/key/key/key.core/../key.ui/examples/heap/block_contracts/Simple__square.key 
62440      INFO  main            d.u.i.k.p.i.AbstractProblemLoader Loading environment from /home/runner/work/key/key/key.core/../key.ui/examples/heap/block_contracts/Simple__square.key 
62440      DEBUG main            d.u.i.k.p.i.AbstractProblemLoader Environment load took 193.4ns 
62441      INFO  main            d.u.i.k.p.i.AbstractProblemLoader Creating init config 
66129      DEBUG main            d.u.i.k.p.i.AbstractProblemLoader Init config took 3.69s 
66195      INFO  main            d.u.i.k.p.i.AbstractProblemLoader Replaying proof Simple[Simple::square(int)].JML operation contract.0 
66198      DEBUG main            d.u.i.k.p.i.IntermediateProofReplayer Proof replay took 14.2ns 
66708      INFO  main            d.u.i.k.p.r.p.TestFile    ... finished proof: closed. 
66921      INFO  main            d.u.i.k.p.i.AbstractProblemLoader Loading environment from /home/runner/work/key/key/key.core/../key.ui/examples/heap/block_contracts/Simple__square.key.proof 
66922      DEBUG main            d.u.i.k.p.i.AbstractProblemLoader Environment load took 657.2ns 
66923      INFO  main            d.u.i.k.p.i.AbstractProblemLoader Creating init config 
70569      DEBUG main            d.u.i.k.p.i.AbstractProblemLoader Init config took 3.65s 
70619      INFO  main            d.u.i.k.p.i.AbstractProblemLoader Replaying proof Simple[Simple::square(int)].JML operation contract.0 
70793      DEBUG main            d.u.i.k.p.i.IntermediateProofReplayer Proof replay took 169.29ms 
70794      DEBUG main            d.u.i.k.p.r.p.TestFile    ... success: reloaded. 
70796      INFO  main            d.u.i.k.p.r.p.TestFile    Now processing file /home/runner/work/key/key/key.core/../key.ui/examples/heap/block_contracts/Simple__unnecessaryBlockContract.key 
70796      INFO  main            d.u.i.k.p.i.AbstractProblemLoader Loading environment from /home/runner/work/key/key/key.core/../key.ui/examples/heap/block_contracts/Simple__unnecessaryBlockContract.key 
70797      DEBUG main            d.u.i.k.p.i.AbstractProblemLoader Environment load took 297.5ns 
70798      INFO  main            d.u.i.k.p.i.AbstractProblemLoader Creating init config 
74435      DEBUG main            d.u.i.k.p.i.AbstractProblemLoader Init config took 3.64s 
74491      INFO  main            d.u.i.k.p.i.AbstractProblemLoader Replaying proof Simple[Simple::unnecessaryBlockContract()].JML operation contract.0 
74495      DEBUG main            d.u.i.k.p.i.IntermediateProofReplayer Proof replay took 16.8ns 
74597      INFO  main            d.u.i.k.p.r.p.TestFile    ... finished proof: closed. 
74851      INFO  main            d.u.i.k.p.i.AbstractProblemLoader Loading environment from /home/runner/work/key/key/key.core/../key.ui/examples/heap/block_contracts/Simple__unnecessaryBlockContract.key.proof 
74851      DEBUG main            d.u.i.k.p.i.AbstractProblemLoader Environment load took 149.2ns 
74854      INFO  main            d.u.i.k.p.i.AbstractProblemLoader Creating init config 
78449      DEBUG main            d.u.i.k.p.i.AbstractProblemLoader Init config took 3.59s 
78497      INFO  main            d.u.i.k.p.i.AbstractProblemLoader Replaying proof Simple[Simple::unnecessaryBlockContract()].JML operation contract.0 
78530      DEBUG main            d.u.i.k.p.i.IntermediateProofReplayer Proof replay took 30.58ms 
78531      DEBUG main            d.u.i.k.p.r.p.TestFile    ... success: reloaded. 
78533      INFO  main            d.u.i.k.p.r.p.TestFile    Now processing file /home/runner/work/key/key/key.core/../key.ui/examples/heap/block_contracts/Simple__unnecessaryLoopInvariant.key 
78533      INFO  main            d.u.i.k.p.i.AbstractProblemLoader Loading environment from /home/runner/work/key/key/key.core/../key.ui/examples/heap/block_contracts/Simple__unnecessaryLoopInvariant.key 
78533      DEBUG main            d.u.i.k.p.i.AbstractProblemLoader Environment load took 140.5ns 
78534      INFO  main            d.u.i.k.p.i.AbstractProblemLoader Creating init config 
82074      DEBUG main            d.u.i.k.p.i.AbstractProblemLoader Init config took 3.54s 
82123      INFO  main            d.u.i.k.p.i.AbstractProblemLoader Replaying proof Simple[Simple::unnecessaryLoopInvariant()].JML operation contract.0 
82125      DEBUG main            d.u.i.k.p.i.IntermediateProofReplayer Proof replay took 13.6ns 
82230      INFO  main            d.u.i.k.p.r.p.TestFile    ... finished proof: closed. 
82475      INFO  main            d.u.i.k.p.i.AbstractProblemLoader Loading environment from /home/runner/work/key/key/key.core/../key.ui/examples/heap/block_contracts/Simple__unnecessaryLoopInvariant.key.proof 
82475      DEBUG main            d.u.i.k.p.i.AbstractProblemLoader Environment load took 138.8ns 
82476      INFO  main            d.u.i.k.p.i.AbstractProblemLoader Creating init config 
86015      DEBUG main            d.u.i.k.p.i.AbstractProblemLoader Init config took 3.54s 
86060      INFO  main            d.u.i.k.p.i.AbstractProblemLoader Replaying proof Simple[Simple::unnecessaryLoopInvariant()].JML operation contract.0 
86078      DEBUG main            d.u.i.k.p.i.IntermediateProofReplayer Proof replay took 15.38ms 
86079      DEBUG main            d.u.i.k.p.r.p.TestFile    ... success: reloaded. 
86080      INFO  main            d.u.i.k.p.r.p.TestFile    Now processing file /home/runner/work/key/key/key.core/../key.ui/examples/standard_key/java_dl/jml-assert/assert.key 
86080      INFO  main            d.u.i.k.p.i.AbstractProblemLoader Loading environment from /home/runner/work/key/key/key.core/../key.ui/examples/standard_key/java_dl/jml-assert/assert.key 
86081      DEBUG main            d.u.i.k.p.i.AbstractProblemLoader Environment load took 145.1ns 
86082      INFO  main            d.u.i.k.p.i.AbstractProblemLoader Creating init config 
89322      DEBUG main            d.u.i.k.p.i.AbstractProblemLoader Init config took 3.24s 
89369      INFO  main            d.u.i.k.p.i.AbstractProblemLoader Replaying proof Assert[Assert::createArray(int)].JML normal_behavior operation contract.0 
89371      DEBUG main            d.u.i.k.p.i.IntermediateProofReplayer Proof replay took 7.8ns 
89674      INFO  main            d.u.i.k.p.r.p.TestFile    ... finished proof: closed. 
89938      INFO  main            d.u.i.k.p.i.AbstractProblemLoader Loading environment from /home/runner/work/key/key/key.core/../key.ui/examples/standard_key/java_dl/jml-assert/assert.key.proof 
89939      DEBUG main            d.u.i.k.p.i.AbstractProblemLoader Environment load took 161.6ns 
89940      INFO  main            d.u.i.k.p.i.AbstractProblemLoader Creating init config 
93079      DEBUG main            d.u.i.k.p.i.AbstractProblemLoader Init config took 3.14s 
93124      INFO  main            d.u.i.k.p.i.AbstractProblemLoader Replaying proof Assert[Assert::createArray(int)].JML normal_behavior operation contract.0 
93205      DEBUG main            d.u.i.k.p.i.IntermediateProofReplayer Proof replay took 78.38ms 
93208      DEBUG main            d.u.i.k.p.r.p.TestFile    ... success: reloaded. 
93210      INFO  main            d.u.i.k.p.r.p.TestFile    Now processing file /home/runner/work/key/key/key.core/../key.ui/examples/standard_key/java_dl/jml-assert/assert_assume_order.key 
93211      INFO  main            d.u.i.k.p.i.AbstractProblemLoader Loading environment from /home/runner/work/key/key/key.core/../key.ui/examples/standard_key/java_dl/jml-assert/assert_assume_order.key 
93211      DEBUG main            d.u.i.k.p.i.AbstractProblemLoader Environment load took 307.5ns 
93212      INFO  main            d.u.i.k.p.i.AbstractProblemLoader Creating init config 
96340      DEBUG main            d.u.i.k.p.i.AbstractProblemLoader Init config took 3.13s 
96385      INFO  main            d.u.i.k.p.i.AbstractProblemLoader Replaying proof AssertAssume[AssertAssume::singleAssumeAssert(int)].JML normal_behavior operation contract.0 
96386      DEBUG main            d.u.i.k.p.i.IntermediateProofReplayer Proof replay took 7.8ns 
96489      INFO  main            d.u.i.k.p.r.p.TestFile    ... finished proof: closed. 
96730      INFO  main            d.u.i.k.p.i.AbstractProblemLoader Loading environment from /home/runner/work/key/key/key.core/../key.ui/examples/standard_key/java_dl/jml-assert/assert_assume_order.key.proof 
96731      DEBUG main            d.u.i.k.p.i.AbstractProblemLoader Environment load took 141ns 
96732      INFO  main            d.u.i.k.p.i.AbstractProblemLoader Creating init config 
99791      DEBUG main            d.u.i.k.p.i.AbstractProblemLoader Init config took 3.06s 
99835      INFO  main            d.u.i.k.p.i.AbstractProblemLoader Replaying proof AssertAssume[AssertAssume::singleAssumeAssert(int)].JML normal_behavior operation contract.0 
99849      DEBUG main            d.u.i.k.p.i.IntermediateProofReplayer Proof replay took 12.7ms 
99851      DEBUG main            d.u.i.k.p.r.p.TestFile    ... success: reloaded. 
99852      INFO  main            d.u.i.k.p.r.p.TestFile    Now processing file /home/runner/work/key/key/key.core/../key.ui/examples/heap/block_loop_contracts/SimpleVariants/sum_onBlock_external.key 
99853      INFO  main            d.u.i.k.p.i.AbstractProblemLoader Loading environment from /home/runner/work/key/key/key.core/../key.ui/examples/heap/block_loop_contracts/SimpleVariants/sum_onBlock_external.key 
99853      DEBUG main            d.u.i.k.p.i.AbstractProblemLoader Environment load took 138.1ns 
99854      INFO  main            d.u.i.k.p.i.AbstractProblemLoader Creating init config 
103332     DEBUG main            d.u.i.k.p.i.AbstractProblemLoader Init config took 3.48s 
103373     INFO  main            d.u.i.k.p.i.AbstractProblemLoader Replaying proof LoopContractExamplesAll[LoopContractExamplesAll::sum_loopContract_onBlock([I)].JML normal_behavior operation contract.0 
103377     DEBUG main            d.u.i.k.p.i.IntermediateProofReplayer Proof replay took 15ns 
103582     INFO  main            d.u.i.k.p.r.p.TestFile    ... finished proof: closed. 
103864     INFO  main            d.u.i.k.p.i.AbstractProblemLoader Loading environment from /home/runner/work/key/key/key.core/../key.ui/examples/heap/block_loop_contracts/SimpleVariants/sum_onBlock_external.key.proof 
103865     DEBUG main            d.u.i.k.p.i.AbstractProblemLoader Environment load took 313.4ns 
103866     INFO  main            d.u.i.k.p.i.AbstractProblemLoader Creating init config 
107269     DEBUG main            d.u.i.k.p.i.AbstractProblemLoader Init config took 3.4s 
107311     INFO  main            d.u.i.k.p.i.AbstractProblemLoader Replaying proof LoopContractExamplesAll[LoopContractExamplesAll::sum_loopContract_onBlock([I)].JML normal_behavior operation contract.0 
107362     DEBUG main            d.u.i.k.p.i.IntermediateProofReplayer Proof replay took 48.48ms 
107363     DEBUG main            d.u.i.k.p.r.p.TestFile    ... success: reloaded. 
107365     INFO  main            d.u.i.k.p.r.p.TestFile    Now processing file /home/runner/work/key/key/key.core/../key.ui/examples/heap/block_loop_contracts/SimpleVariants/sum_onBlock_internal.key 
107365     INFO  main            d.u.i.k.p.i.AbstractProblemLoader Loading environment from /home/runner/work/key/key/key.core/../key.ui/examples/heap/block_loop_contracts/SimpleVariants/sum_onBlock_internal.key 
107366     DEBUG main            d.u.i.k.p.i.AbstractProblemLoader Environment load took 297.8ns 
107367     INFO  main            d.u.i.k.p.i.AbstractProblemLoader Creating init config 
110784     DEBUG main            d.u.i.k.p.i.AbstractProblemLoader Init config took 3.42s 
110831     INFO  main            d.u.i.k.p.i.AbstractProblemLoader Replaying proof LoopContractExamplesAll[LoopContractExamplesAll::sum_loopContract_onBlock([I)].JML normal_behavior operation contract.0 
110837     DEBUG main            d.u.i.k.p.i.IntermediateProofReplayer Proof replay took 23.5ns 
111640     INFO  main            d.u.i.k.p.r.p.TestFile    ... finished proof: closed. 
111947     INFO  main            d.u.i.k.p.i.AbstractProblemLoader Loading environment from /home/runner/work/key/key/key.core/../key.ui/examples/heap/block_loop_contracts/SimpleVariants/sum_onBlock_internal.key.proof 
111947     DEBUG main            d.u.i.k.p.i.AbstractProblemLoader Environment load took 641.7ns 
111949     INFO  main            d.u.i.k.p.i.AbstractProblemLoader Creating init config 
115275     DEBUG main            d.u.i.k.p.i.AbstractProblemLoader Init config took 3.33s 
115318     INFO  main            d.u.i.k.p.i.AbstractProblemLoader Replaying proof LoopContractExamplesAll[LoopContractExamplesAll::sum_loopContract_onBlock([I)].JML normal_behavior operation contract.0 
115651     DEBUG main            d.u.i.k.p.i.IntermediateProofReplayer Proof replay took 328.8ms 
115653     DEBUG main            d.u.i.k.p.r.p.TestFile    ... success: reloaded. 
115654     INFO  main            d.u.i.k.p.r.p.TestFile    Now processing file /home/runner/work/key/key/key.core/../key.ui/examples/heap/block_loop_contracts/SimpleVariants/sum_onBlock_loop.key 
115654     INFO  main            d.u.i.k.p.i.AbstractProblemLoader Loading environment from /home/runner/work/key/key/key.core/../key.ui/examples/heap/block_loop_contracts/SimpleVariants/sum_onBlock_loop.key 
115654     DEBUG main            d.u.i.k.p.i.AbstractProblemLoader Environment load took 132.6ns 
115656     INFO  main            d.u.i.k.p.i.AbstractProblemLoader Creating init config 
119084     DEBUG main            d.u.i.k.p.i.AbstractProblemLoader Init config took 3.43s 
119129     INFO  main            d.u.i.k.p.i.AbstractProblemLoader Replaying proof LoopContractExamplesAll[LoopContractExamplesAll::sum_loopContract_onBlock([I)].JML normal_behavior loop contract.0 
119131     DEBUG main            d.u.i.k.p.i.IntermediateProofReplayer Proof replay took 28.2ns 
120150     INFO  main            d.u.i.k.p.r.p.TestFile    ... finished proof: closed. 
120477     INFO  main            d.u.i.k.p.i.AbstractProblemLoader Loading environment from /home/runner/work/key/key/key.core/../key.ui/examples/heap/block_loop_contracts/SimpleVariants/sum_onBlock_loop.key.proof 
120478     DEBUG main            d.u.i.k.p.i.AbstractProblemLoader Environment load took 729.7ns 
120479     INFO  main            d.u.i.k.p.i.AbstractProblemLoader Creating init config 
123807     DEBUG main            d.u.i.k.p.i.AbstractProblemLoader Init config took 3.33s 
123850     INFO  main            d.u.i.k.p.i.AbstractProblemLoader Replaying proof LoopContractExamplesAll[LoopContractExamplesAll::sum_loopContract_onBlock([I)].JML normal_behavior loop contract.0 
124179     DEBUG main            d.u.i.k.p.i.IntermediateProofReplayer Proof replay took 323.97ms 
124180     DEBUG main            d.u.i.k.p.r.p.TestFile    ... success: reloaded. 
124182     INFO  main            d.u.i.k.p.r.p.TestFile    Now processing file /home/runner/work/key/key/key.core/../key.ui/examples/heap/block_loop_contracts/SimpleVariants/sum_onLoop_external.key 
124182     INFO  main            d.u.i.k.p.i.AbstractProblemLoader Loading environment from /home/runner/work/key/key/key.core/../key.ui/examples/heap/block_loop_contracts/SimpleVariants/sum_onLoop_external.key 
124182     DEBUG main            d.u.i.k.p.i.AbstractProblemLoader Environment load took 265.4ns 
124184     INFO  main            d.u.i.k.p.i.AbstractProblemLoader Creating init config 
127623     DEBUG main            d.u.i.k.p.i.AbstractProblemLoader Init config took 3.44s 
127690     INFO  main            d.u.i.k.p.i.AbstractProblemLoader Replaying proof LoopContractExamplesAll[LoopContractExamplesAll::sum_loopContract_onLoop([I)].JML normal_behavior operation contract.0 
127692     DEBUG main            d.u.i.k.p.i.IntermediateProofReplayer Proof replay took 13.7ns 
127798     INFO  main            d.u.i.k.p.r.p.TestFile    ... finished proof: closed. 
128142     INFO  main            d.u.i.k.p.i.AbstractProblemLoader Loading environment from /home/runner/work/key/key/key.core/../key.ui/examples/heap/block_loop_contracts/SimpleVariants/sum_onLoop_external.key.proof 
128142     DEBUG main            d.u.i.k.p.i.AbstractProblemLoader Environment load took 141.5ns 
128143     INFO  main            d.u.i.k.p.i.AbstractProblemLoader Creating init config 
131394     DEBUG main            d.u.i.k.p.i.AbstractProblemLoader Init config took 3.25s 
131445     INFO  main            d.u.i.k.p.i.AbstractProblemLoader Replaying proof LoopContractExamplesAll[LoopContractExamplesAll::sum_loopContract_onLoop([I)].JML normal_behavior operation contract.0 
131483     DEBUG main            d.u.i.k.p.i.IntermediateProofReplayer Proof replay took 35.53ms 
131484     DEBUG main            d.u.i.k.p.r.p.TestFile    ... success: reloaded. 
131485     INFO  main            d.u.i.k.p.r.p.TestFile    Now processing file /home/runner/work/key/key/key.core/../key.ui/examples/heap/block_loop_contracts/SimpleVariants/sum_onLoop_internal.key 
131486     INFO  main            d.u.i.k.p.i.AbstractProblemLoader Loading environment from /home/runner/work/key/key/key.core/../key.ui/examples/heap/block_loop_contracts/SimpleVariants/sum_onLoop_internal.key 
131486     DEBUG main            d.u.i.k.p.i.AbstractProblemLoader Environment load took 234ns 
131487     INFO  main            d.u.i.k.p.i.AbstractProblemLoader Creating init config 
134782     DEBUG main            d.u.i.k.p.i.AbstractProblemLoader Init config took 3.3s 
134851     INFO  main            d.u.i.k.p.i.AbstractProblemLoader Replaying proof LoopContractExamplesAll[LoopContractExamplesAll::sum_loopContract_onLoop([I)].JML normal_behavior operation contract.0 
134853     DEBUG main            d.u.i.k.p.i.IntermediateProofReplayer Proof replay took 14ns 
135660     INFO  main            d.u.i.k.p.r.p.TestFile    ... finished proof: closed. 
136058     INFO  main            d.u.i.k.p.i.AbstractProblemLoader Loading environment from /home/runner/work/key/key/key.core/../key.ui/examples/heap/block_loop_contracts/SimpleVariants/sum_onLoop_internal.key.proof 
136058     DEBUG main            d.u.i.k.p.i.AbstractProblemLoader Environment load took 433.7ns 
136060     INFO  main            d.u.i.k.p.i.AbstractProblemLoader Creating init config 
139228     DEBUG main            d.u.i.k.p.i.AbstractProblemLoader Init config took 3.17s 
139269     INFO  main            d.u.i.k.p.i.AbstractProblemLoader Replaying proof LoopContractExamplesAll[LoopContractExamplesAll::sum_loopContract_onLoop([I)].JML normal_behavior operation contract.0 
139619     DEBUG main            d.u.i.k.p.i.IntermediateProofReplayer Proof replay took 344.73ms 
139620     DEBUG main            d.u.i.k.p.r.p.TestFile    ... success: reloaded. 
139621     INFO  main            d.u.i.k.p.r.p.TestFile    Now processing file /home/runner/work/key/key/key.core/../key.ui/examples/heap/block_loop_contracts/SimpleVariants/sum_onLoop_loop.key 
139621     INFO  main            d.u.i.k.p.i.AbstractProblemLoader Loading environment from /home/runner/work/key/key/key.core/../key.ui/examples/heap/block_loop_contracts/SimpleVariants/sum_onLoop_loop.key 
139622     DEBUG main            d.u.i.k.p.i.AbstractProblemLoader Environment load took 271.6ns 
139623     INFO  main            d.u.i.k.p.i.AbstractProblemLoader Creating init config 
142857     DEBUG main            d.u.i.k.p.i.AbstractProblemLoader Init config took 3.23s 
142899     INFO  main            d.u.i.k.p.i.AbstractProblemLoader Replaying proof LoopContractExamplesAll[LoopContractExamplesAll::sum_loopContract_onLoop([I)].JML normal_behavior loop contract.0 
142901     DEBUG main            d.u.i.k.p.i.IntermediateProofReplayer Proof replay took 13.1ns 
143805     INFO  main            d.u.i.k.p.r.p.TestFile    ... finished proof: closed. 
144172     INFO  main            d.u.i.k.p.i.AbstractProblemLoader Loading environment from /home/runner/work/key/key/key.core/../key.ui/examples/heap/block_loop_contracts/SimpleVariants/sum_onLoop_loop.key.proof 
144172     DEBUG main            d.u.i.k.p.i.AbstractProblemLoader Environment load took 623.1ns 
144174     INFO  main            d.u.i.k.p.i.AbstractProblemLoader Creating init config 
147297     DEBUG main            d.u.i.k.p.i.AbstractProblemLoader Init config took 3.12s 
147349     INFO  main            d.u.i.k.p.i.AbstractProblemLoader Replaying proof LoopContractExamplesAll[LoopContractExamplesAll::sum_loopContract_onLoop([I)].JML normal_behavior loop contract.0 
147649     DEBUG main            d.u.i.k.p.i.IntermediateProofReplayer Proof replay took 295.68ms 
147650     DEBUG main            d.u.i.k.p.r.p.TestFile    ... success: reloaded. 
147651     INFO  main            d.u.i.k.p.r.p.TestFile    Now processing file /home/runner/work/key/key/key.core/../key.ui/examples/heap/block_loop_contracts/Free/blockContracts0.key 
147652     INFO  main            d.u.i.k.p.i.AbstractProblemLoader Loading environment from /home/runner/work/key/key/key.core/../key.ui/examples/heap/block_loop_contracts/Free/blockContracts0.key 
147652     DEBUG main            d.u.i.k.p.i.AbstractProblemLoader Environment load took 128.5ns 
147653     INFO  main            d.u.i.k.p.i.AbstractProblemLoader Creating init config 
150501     DEBUG main            d.u.i.k.p.i.AbstractProblemLoader Init config took 2.85s 
150543     INFO  main            d.u.i.k.p.i.AbstractProblemLoader Replaying proof FreeConditions[FreeConditions::blockContract0()].JML normal_behavior operation contract.0 
150545     DEBUG main            d.u.i.k.p.i.IntermediateProofReplayer Proof replay took 13.3ns 
150647     INFO  main            d.u.i.k.p.r.p.TestFile    ... finished proof: closed. 
151002     INFO  main            d.u.i.k.p.i.AbstractProblemLoader Loading environment from /home/runner/work/key/key/key.core/../key.ui/examples/heap/block_loop_contracts/Free/blockContracts0.key.proof 
151002     DEBUG main            d.u.i.k.p.i.AbstractProblemLoader Environment load took 149.6ns 
151003     INFO  main            d.u.i.k.p.i.AbstractProblemLoader Creating init config 
153820     DEBUG main            d.u.i.k.p.i.AbstractProblemLoader Init config took 2.82s 
153864     INFO  main            d.u.i.k.p.i.AbstractProblemLoader Replaying proof FreeConditions[FreeConditions::blockContract0()].JML normal_behavior operation contract.0 
153893     DEBUG main            d.u.i.k.p.i.IntermediateProofReplayer Proof replay took 26.64ms 
153894     DEBUG main            d.u.i.k.p.r.p.TestFile    ... success: reloaded. 
153895     INFO  main            d.u.i.k.p.r.p.TestFile    Now processing file /home/runner/work/key/key/key.core/../key.ui/examples/heap/block_loop_contracts/Free/blockContracts1.key 
153895     INFO  main            d.u.i.k.p.i.AbstractProblemLoader Loading environment from /home/runner/work/key/key/key.core/../key.ui/examples/heap/block_loop_contracts/Free/blockContracts1.key 
153895     DEBUG main            d.u.i.k.p.i.AbstractProblemLoader Environment load took 142.6ns 
153896     INFO  main            d.u.i.k.p.i.AbstractProblemLoader Creating init config 
156672     DEBUG main            d.u.i.k.p.i.AbstractProblemLoader Init config took 2.78s 
156730     INFO  main            d.u.i.k.p.i.AbstractProblemLoader Replaying proof FreeConditions[FreeConditions::blockContract1()].JML normal_behavior operation contract.0 
156732     DEBUG main            d.u.i.k.p.i.IntermediateProofReplayer Proof replay took 12ns 
156836     INFO  main            d.u.i.k.p.r.p.TestFile    ... finished proof: closed. 
157150     INFO  main            d.u.i.k.p.i.AbstractProblemLoader Loading environment from /home/runner/work/key/key/key.core/../key.ui/examples/heap/block_loop_contracts/Free/blockContracts1.key.proof 
157150     DEBUG main            d.u.i.k.p.i.AbstractProblemLoader Environment load took 145.6ns 
157151     INFO  main            d.u.i.k.p.i.AbstractProblemLoader Creating init config 
159854     DEBUG main            d.u.i.k.p.i.AbstractProblemLoader Init config took 2.7s 
159894     INFO  main            d.u.i.k.p.i.AbstractProblemLoader Replaying proof FreeConditions[FreeConditions::blockContract1()].JML normal_behavior operation contract.0 
159919     DEBUG main            d.u.i.k.p.i.IntermediateProofReplayer Proof replay took 22.27ms 
159920     DEBUG main            d.u.i.k.p.r.p.TestFile    ... success: reloaded. 
159921     INFO  main            d.u.i.k.p.r.p.TestFile    Now processing file /home/runner/work/key/key/key.core/../key.ui/examples/heap/block_loop_contracts/Finally/block_finally.key 
159921     INFO  main            d.u.i.k.p.i.AbstractProblemLoader Loading environment from /home/runner/work/key/key/key.core/../key.ui/examples/heap/block_loop_contracts/Finally/block_finally.key 
159922     DEBUG main            d.u.i.k.p.i.AbstractProblemLoader Environment load took 116ns 
159923     INFO  main            d.u.i.k.p.i.AbstractProblemLoader Creating init config 
162748     DEBUG main            d.u.i.k.p.i.AbstractProblemLoader Init config took 2.83s 
162788     INFO  main            d.u.i.k.p.i.AbstractProblemLoader Replaying proof AuxiliaryContractsFinally[AuxiliaryContractsFinally::breakThrowContinueBlockContract(java.lang.Exception)].JML block contract.0 
162790     DEBUG main            d.u.i.k.p.i.IntermediateProofReplayer Proof replay took 11.9ns 
163396     INFO  main            d.u.i.k.p.r.p.TestFile    ... finished proof: open goal(s) 
163741     INFO  main            d.u.i.k.p.r.p.TestFile    Now processing file /home/runner/work/key/key/key.core/../key.ui/examples/heap/block_loop_contracts/Finally/loop_finally.key 
163742     INFO  main            d.u.i.k.p.i.AbstractProblemLoader Loading environment from /home/runner/work/key/key/key.core/../key.ui/examples/heap/block_loop_contracts/Finally/loop_finally.key 
163742     DEBUG main            d.u.i.k.p.i.AbstractProblemLoader Environment load took 81.5ns 
163743     INFO  main            d.u.i.k.p.i.AbstractProblemLoader Creating init config 
166431     DEBUG main            d.u.i.k.p.i.AbstractProblemLoader Init config took 2.69s 
166472     INFO  main            d.u.i.k.p.i.AbstractProblemLoader Replaying proof AuxiliaryContractsFinally[AuxiliaryContractsFinally::breakThrowContinueLoopContract(java.lang.Exception)].JML normal_behavior loop contract.0 
166474     DEBUG main            d.u.i.k.p.i.IntermediateProofReplayer Proof replay took 11.8ns 
167292     INFO  main            d.u.i.k.p.r.p.TestFile    ... finished proof: open goal(s) 
817559     INFO  Test worker     d.u.i.k.p.r.RunAllProofsTestUnit Returning from test blockContracts 
817562     INFO  Test worker     d.u.i.k.p.r.RunAllProofsTestUnit Running test jmlAsserts 
418        INFO  Timeout watchdog d.u.i.k.p.r.p.ForkedTestFileRunner Timeout watcher launched (2000 secs.) 
454        WARN  main            d.u.i.k.s.ProofSettings   The settings in /home/runner/.key/proof-settings.props are *not* read. 
486        INFO  main            d.u.i.k.p.r.p.TestFile    Now processing file /home/runner/work/key/key/key.core/../key.ui/examples/standard_key/java_dl/jml-assert/assert.key 
615        INFO  main            d.u.i.k.p.i.AbstractProblemLoader Loading environment from /home/runner/work/key/key/key.core/../key.ui/examples/standard_key/java_dl/jml-assert/assert.key 
642        DEBUG main            d.u.i.k.p.i.AbstractProblemLoader Environment load took 1.96ms 
919        INFO  main            d.u.i.k.p.i.AbstractProblemLoader Creating init config 
2099       DEBUG main            d.u.i.k.j.TypeConverter   No LDT found for Meta 
2100       DEBUG main            d.u.i.k.j.TypeConverter   No LDT found for Meta 
2102       DEBUG main            d.u.i.k.j.TypeConverter   No LDT found for Meta 
2102       DEBUG main            d.u.i.k.j.TypeConverter   No LDT found for Meta 
4105       DEBUG main            d.u.i.k.j.TypeConverter   No LDT found for JavaBigintExpression 
10659      DEBUG main            d.u.i.k.p.i.AbstractProblemLoader Init config took 9.74s 
10817      INFO  main            d.u.i.k.p.i.AbstractProblemLoader Replaying proof Assert[Assert::createArray(int)].JML normal_behavior operation contract.0 
10859      DEBUG main            d.u.i.k.p.i.IntermediateProofReplayer Proof replay took 29.6ns 
11888      INFO  main            d.u.i.k.p.r.p.TestFile    ... finished proof: closed. 
12021      INFO  main            d.u.i.k.p.i.AbstractProblemLoader Loading environment from /home/runner/work/key/key/key.core/../key.ui/examples/standard_key/java_dl/jml-assert/assert.key.proof 
12021      DEBUG main            d.u.i.k.p.i.AbstractProblemLoader Environment load took 703.1ns 
12024      INFO  main            d.u.i.k.p.i.AbstractProblemLoader Creating init config 
15542      DEBUG main            d.u.i.k.p.i.AbstractProblemLoader Init config took 3.52s 
15658      INFO  main            d.u.i.k.p.i.AbstractProblemLoader Replaying proof Assert[Assert::createArray(int)].JML normal_behavior operation contract.0 
15792      DEBUG main            d.u.i.k.p.i.IntermediateProofReplayer Proof replay took 126.73ms 
15802      DEBUG main            d.u.i.k.p.r.p.TestFile    ... success: reloaded. 
15804      INFO  main            d.u.i.k.p.r.p.TestFile    Now processing file /home/runner/work/key/key/key.core/../key.ui/examples/heap/block_loop_contracts/Free/assertions0.key 
15805      INFO  main            d.u.i.k.p.i.AbstractProblemLoader Loading environment from /home/runner/work/key/key/key.core/../key.ui/examples/heap/block_loop_contracts/Free/assertions0.key 
15805      DEBUG main            d.u.i.k.p.i.AbstractProblemLoader Environment load took 661.2ns 
15807      INFO  main            d.u.i.k.p.i.AbstractProblemLoader Creating init config 
19110      DEBUG main            d.u.i.k.p.i.AbstractProblemLoader Init config took 3.3s 
19180      INFO  main            d.u.i.k.p.i.AbstractProblemLoader Replaying proof FreeConditions[FreeConditions::assertions0()].JML normal_behavior operation contract.0 
19186      DEBUG main            d.u.i.k.p.i.IntermediateProofReplayer Proof replay took 13.5ns 
19390      INFO  main            d.u.i.k.p.r.p.TestFile    ... finished proof: closed. 
19542      INFO  main            d.u.i.k.p.i.AbstractProblemLoader Loading environment from /home/runner/work/key/key/key.core/../key.ui/examples/heap/block_loop_contracts/Free/assertions0.key.proof 
19545      DEBUG main            d.u.i.k.p.i.AbstractProblemLoader Environment load took 2.25ms 
19546      INFO  main            d.u.i.k.p.i.AbstractProblemLoader Creating init config 
22698      DEBUG main            d.u.i.k.p.i.AbstractProblemLoader Init config took 3.15s 
22755      INFO  main            d.u.i.k.p.i.AbstractProblemLoader Replaying proof FreeConditions[FreeConditions::assertions0()].JML normal_behavior operation contract.0 
22789      DEBUG main            d.u.i.k.p.i.IntermediateProofReplayer Proof replay took 29.55ms 
22790      DEBUG main            d.u.i.k.p.r.p.TestFile    ... success: reloaded. 
22792      INFO  main            d.u.i.k.p.r.p.TestFile    Now processing file /home/runner/work/key/key/key.core/../key.ui/examples/heap/block_loop_contracts/Free/assertions1.key 
22793      INFO  main            d.u.i.k.p.i.AbstractProblemLoader Loading environment from /home/runner/work/key/key/key.core/../key.ui/examples/heap/block_loop_contracts/Free/assertions1.key 
22793      DEBUG main            d.u.i.k.p.i.AbstractProblemLoader Environment load took 312.6ns 
22795      INFO  main            d.u.i.k.p.i.AbstractProblemLoader Creating init config 
25981      DEBUG main            d.u.i.k.p.i.AbstractProblemLoader Init config took 3.19s 
26035      INFO  main            d.u.i.k.p.i.AbstractProblemLoader Replaying proof FreeConditions[FreeConditions::assertions1()].JML normal_behavior operation contract.0 
26038      DEBUG main            d.u.i.k.p.i.IntermediateProofReplayer Proof replay took 14ns 
26141      INFO  main            d.u.i.k.p.r.p.TestFile    ... finished proof: closed. 
26320      INFO  main            d.u.i.k.p.i.AbstractProblemLoader Loading environment from /home/runner/work/key/key/key.core/../key.ui/examples/heap/block_loop_contracts/Free/assertions1.key.proof 
26321      DEBUG main            d.u.i.k.p.i.AbstractProblemLoader Environment load took 182.2ns 
26323      INFO  main            d.u.i.k.p.i.AbstractProblemLoader Creating init config 
29345      DEBUG main            d.u.i.k.p.i.AbstractProblemLoader Init config took 3.02s 
29407      INFO  main            d.u.i.k.p.i.AbstractProblemLoader Replaying proof FreeConditions[FreeConditions::assertions1()].JML normal_behavior operation contract.0 
29417      DEBUG main            d.u.i.k.p.i.IntermediateProofReplayer Proof replay took 7.16ms 
29418      DEBUG main            d.u.i.k.p.r.p.TestFile    ... success: reloaded. 
29419      INFO  main            d.u.i.k.p.r.p.TestFile    Now processing file /home/runner/work/key/key/key.core/../key.ui/examples/standard_key/java_dl/jml-assert/recursion-assert.key 
29420      INFO  main            d.u.i.k.p.i.AbstractProblemLoader Loading environment from /home/runner/work/key/key/key.core/../key.ui/examples/standard_key/java_dl/jml-assert/recursion-assert.key 
29420      DEBUG main            d.u.i.k.p.i.AbstractProblemLoader Environment load took 271.9ns 
29421      INFO  main            d.u.i.k.p.i.AbstractProblemLoader Creating init config 
32609      DEBUG main            d.u.i.k.p.i.AbstractProblemLoader Init config took 3.19s 
32665      INFO  main            d.u.i.k.p.i.AbstractProblemLoader Replaying proof RecursiveMethod[RecursiveMethod::fac1(int)].JML normal_behavior operation contract.0 
32668      DEBUG main            d.u.i.k.p.i.IntermediateProofReplayer Proof replay took 7.4ns 
32975      INFO  main            d.u.i.k.p.r.p.TestFile    ... finished proof: closed. 
33158      INFO  main            d.u.i.k.p.i.AbstractProblemLoader Loading environment from /home/runner/work/key/key/key.core/../key.ui/examples/standard_key/java_dl/jml-assert/recursion-assert.key.proof 
33160      DEBUG main            d.u.i.k.p.i.AbstractProblemLoader Environment load took 1.36ms 
33161      INFO  main            d.u.i.k.p.i.AbstractProblemLoader Creating init config 
36351      DEBUG main            d.u.i.k.p.i.AbstractProblemLoader Init config took 3.19s 
36403      INFO  main            d.u.i.k.p.i.AbstractProblemLoader Replaying proof RecursiveMethod[RecursiveMethod::fac1(int)].JML normal_behavior operation contract.0 
36463      DEBUG main            d.u.i.k.p.i.IntermediateProofReplayer Proof replay took 56.55ms 
36464      DEBUG main            d.u.i.k.p.r.p.TestFile    ... success: reloaded. 
36465      INFO  main            d.u.i.k.p.r.p.TestFile    Now processing file /home/runner/work/key/key/key.core/../key.ui/examples/standard_key/java_dl/jml-assert/recursion-assume.key 
36466      INFO  main            d.u.i.k.p.i.AbstractProblemLoader Loading environment from /home/runner/work/key/key/key.core/../key.ui/examples/standard_key/java_dl/jml-assert/recursion-assume.key 
36466      DEBUG main            d.u.i.k.p.i.AbstractProblemLoader Environment load took 294.5ns 
36468      INFO  main            d.u.i.k.p.i.AbstractProblemLoader Creating init config 
39725      DEBUG main            d.u.i.k.p.i.AbstractProblemLoader Init config took 3.26s 
39778      INFO  main            d.u.i.k.p.i.AbstractProblemLoader Replaying proof RecursiveMethod[RecursiveMethod::fac2(int)].JML normal_behavior operation contract.0 
39780      DEBUG main            d.u.i.k.p.i.IntermediateProofReplayer Proof replay took 7.1ns 
39983      INFO  main            d.u.i.k.p.r.p.TestFile    ... finished proof: closed. 
40198      INFO  main            d.u.i.k.p.i.AbstractProblemLoader Loading environment from /home/runner/work/key/key/key.core/../key.ui/examples/standard_key/java_dl/jml-assert/recursion-assume.key.proof 
40198      DEBUG main            d.u.i.k.p.i.AbstractProblemLoader Environment load took 133.5ns 
40199      INFO  main            d.u.i.k.p.i.AbstractProblemLoader Creating init config 
43277      DEBUG main            d.u.i.k.p.i.AbstractProblemLoader Init config took 3.08s 
43329      INFO  main            d.u.i.k.p.i.AbstractProblemLoader Replaying proof RecursiveMethod[RecursiveMethod::fac2(int)].JML normal_behavior operation contract.0 
43381      DEBUG main            d.u.i.k.p.i.IntermediateProofReplayer Proof replay took 49.23ms 
43383      DEBUG main            d.u.i.k.p.r.p.TestFile    ... success: reloaded. 
43384      INFO  main            d.u.i.k.p.r.p.TestFile    Now processing file /home/runner/work/key/key/key.core/../key.ui/examples/standard_key/java_dl/jml-assert/quantor-assert.key 
43385      INFO  main            d.u.i.k.p.i.AbstractProblemLoader Loading environment from /home/runner/work/key/key/key.core/../key.ui/examples/standard_key/java_dl/jml-assert/quantor-assert.key 
43385      DEBUG main            d.u.i.k.p.i.AbstractProblemLoader Environment load took 266.5ns 
43386      INFO  main            d.u.i.k.p.i.AbstractProblemLoader Creating init config 
46587      DEBUG main            d.u.i.k.p.i.AbstractProblemLoader Init config took 3.2s 
46637      INFO  main            d.u.i.k.p.i.AbstractProblemLoader Replaying proof Quantor[Quantor::square1(int)].JML normal_behavior operation contract.0 
46639      DEBUG main            d.u.i.k.p.i.IntermediateProofReplayer Proof replay took 6.6ns 
46742      INFO  main            d.u.i.k.p.r.p.TestFile    ... finished proof: closed. 
46958      INFO  main            d.u.i.k.p.i.AbstractProblemLoader Loading environment from /home/runner/work/key/key/key.core/../key.ui/examples/standard_key/java_dl/jml-assert/quantor-assert.key.proof 
46958      DEBUG main            d.u.i.k.p.i.AbstractProblemLoader Environment load took 184.2ns 
46960      INFO  main            d.u.i.k.p.i.AbstractProblemLoader Creating init config 
50138      DEBUG main            d.u.i.k.p.i.AbstractProblemLoader Init config took 3.18s 
50190      INFO  main            d.u.i.k.p.i.AbstractProblemLoader Replaying proof Quantor[Quantor::square1(int)].JML normal_behavior operation contract.0 
50218      DEBUG main            d.u.i.k.p.i.IntermediateProofReplayer Proof replay took 25.15ms 
50219      DEBUG main            d.u.i.k.p.r.p.TestFile    ... success: reloaded. 
50220      INFO  main            d.u.i.k.p.r.p.TestFile    Now processing file /home/runner/work/key/key/key.core/../key.ui/examples/standard_key/java_dl/jml-assert/quantor-assume.key 
50220      INFO  main            d.u.i.k.p.i.AbstractProblemLoader Loading environment from /home/runner/work/key/key/key.core/../key.ui/examples/standard_key/java_dl/jml-assert/quantor-assume.key 
50221      DEBUG main            d.u.i.k.p.i.AbstractProblemLoader Environment load took 161.2ns 
50222      INFO  main            d.u.i.k.p.i.AbstractProblemLoader Creating init config 
53392      DEBUG main            d.u.i.k.p.i.AbstractProblemLoader Init config took 3.17s 
53443      INFO  main            d.u.i.k.p.i.AbstractProblemLoader Replaying proof Quantor[Quantor::square2(int)].JML normal_behavior operation contract.0 
53444      DEBUG main            d.u.i.k.p.i.IntermediateProofReplayer Proof replay took 7ns 
53550      INFO  main            d.u.i.k.p.r.p.TestFile    ... finished proof: closed. 
53777      INFO  main            d.u.i.k.p.i.AbstractProblemLoader Loading environment from /home/runner/work/key/key/key.core/../key.ui/examples/standard_key/java_dl/jml-assert/quantor-assume.key.proof 
53777      DEBUG main            d.u.i.k.p.i.AbstractProblemLoader Environment load took 131.4ns 
53778      INFO  main            d.u.i.k.p.i.AbstractProblemLoader Creating init config 
56860      DEBUG main            d.u.i.k.p.i.AbstractProblemLoader Init config took 3.08s 
56909      INFO  main            d.u.i.k.p.i.AbstractProblemLoader Replaying proof Quantor[Quantor::square2(int)].JML normal_behavior operation contract.0 
56930      DEBUG main            d.u.i.k.p.i.IntermediateProofReplayer Proof replay took 18.68ms 
56931      DEBUG main            d.u.i.k.p.r.p.TestFile    ... success: reloaded. 
56932      INFO  main            d.u.i.k.p.r.p.TestFile    Now processing file /home/runner/work/key/key/key.core/../key.ui/examples/standard_key/java_dl/jml-assert/model-methods-static-static.key 
56932      INFO  main            d.u.i.k.p.i.AbstractProblemLoader Loading environment from /home/runner/work/key/key/key.core/../key.ui/examples/standard_key/java_dl/jml-assert/model-methods-static-static.key 
56933      DEBUG main            d.u.i.k.p.i.AbstractProblemLoader Environment load took 200.9ns 
56934      INFO  main            d.u.i.k.p.i.AbstractProblemLoader Creating init config 
60060      DEBUG main            d.u.i.k.p.i.AbstractProblemLoader Init config took 3.13s 
60106      INFO  main            d.u.i.k.p.i.AbstractProblemLoader Replaying proof ModelMethods[ModelMethods::test1()].JML normal_behavior operation contract.0 
60107      DEBUG main            d.u.i.k.p.i.IntermediateProofReplayer Proof replay took 6.2ns 
60211      INFO  main            d.u.i.k.p.r.p.TestFile    ... finished proof: closed. 
60438      INFO  main            d.u.i.k.p.i.AbstractProblemLoader Loading environment from /home/runner/work/key/key/key.core/../key.ui/examples/standard_key/java_dl/jml-assert/model-methods-static-static.key.proof 
60439      DEBUG main            d.u.i.k.p.i.AbstractProblemLoader Environment load took 232.6ns 
60440      INFO  main            d.u.i.k.p.i.AbstractProblemLoader Creating init config 
63541      DEBUG main            d.u.i.k.p.i.AbstractProblemLoader Init config took 3.1s 
63602      INFO  main            d.u.i.k.p.i.AbstractProblemLoader Replaying proof ModelMethods[ModelMethods::test1()].JML normal_behavior operation contract.0 
63611      DEBUG main            d.u.i.k.p.i.IntermediateProofReplayer Proof replay took 7.82ms 
63614      DEBUG main            d.u.i.k.p.r.p.TestFile    ... success: reloaded. 
63615      INFO  main            d.u.i.k.p.r.p.TestFile    Now processing file /home/runner/work/key/key/key.core/../key.ui/examples/standard_key/java_dl/jml-assert/model-methods-instance-static.key 
63615      INFO  main            d.u.i.k.p.i.AbstractProblemLoader Loading environment from /home/runner/work/key/key/key.core/../key.ui/examples/standard_key/java_dl/jml-assert/model-methods-instance-static.key 
63616      DEBUG main            d.u.i.k.p.i.AbstractProblemLoader Environment load took 212.8ns 
63617      INFO  main            d.u.i.k.p.i.AbstractProblemLoader Creating init config 
66804      DEBUG main            d.u.i.k.p.i.AbstractProblemLoader Init config took 3.19s 
66850      INFO  main            d.u.i.k.p.i.AbstractProblemLoader Replaying proof ModelMethods[ModelMethods::test2()].JML normal_behavior operation contract.0 
66852      DEBUG main            d.u.i.k.p.i.IntermediateProofReplayer Proof replay took 7.2ns 
66955      INFO  main            d.u.i.k.p.r.p.TestFile    ... finished proof: closed. 
67295      INFO  main            d.u.i.k.p.i.AbstractProblemLoader Loading environment from /home/runner/work/key/key/key.core/../key.ui/examples/standard_key/java_dl/jml-assert/model-methods-instance-static.key.proof 
67295      DEBUG main            d.u.i.k.p.i.AbstractProblemLoader Environment load took 155.4ns 
67297      INFO  main            d.u.i.k.p.i.AbstractProblemLoader Creating init config 
70325      DEBUG main            d.u.i.k.p.i.AbstractProblemLoader Init config took 3.03s 
70383      INFO  main            d.u.i.k.p.i.AbstractProblemLoader Replaying proof ModelMethods[ModelMethods::test2()].JML normal_behavior operation contract.0 
70396      DEBUG main            d.u.i.k.p.i.IntermediateProofReplayer Proof replay took 10.32ms 
70397      DEBUG main            d.u.i.k.p.r.p.TestFile    ... success: reloaded. 
70399      INFO  main            d.u.i.k.p.r.p.TestFile    Now processing file /home/runner/work/key/key/key.core/../key.ui/examples/standard_key/java_dl/jml-assert/model-methods-instance-instance.key 
70399      INFO  main            d.u.i.k.p.i.AbstractProblemLoader Loading environment from /home/runner/work/key/key/key.core/../key.ui/examples/standard_key/java_dl/jml-assert/model-methods-instance-instance.key 
70399      DEBUG main            d.u.i.k.p.i.AbstractProblemLoader Environment load took 240.5ns 
70400      INFO  main            d.u.i.k.p.i.AbstractProblemLoader Creating init config 
73580      DEBUG main            d.u.i.k.p.i.AbstractProblemLoader Init config took 3.18s 
73626      INFO  main            d.u.i.k.p.i.AbstractProblemLoader Replaying proof ModelMethods[ModelMethods::test3()].JML normal_behavior operation contract.0 
73627      DEBUG main            d.u.i.k.p.i.IntermediateProofReplayer Proof replay took 7.6ns 
73730      INFO  main            d.u.i.k.p.r.p.TestFile    ... finished proof: closed. 
73985      INFO  main            d.u.i.k.p.i.AbstractProblemLoader Loading environment from /home/runner/work/key/key/key.core/../key.ui/examples/standard_key/java_dl/jml-assert/model-methods-instance-instance.key.proof 
73985      DEBUG main            d.u.i.k.p.i.AbstractProblemLoader Environment load took 144.4ns 
73986      INFO  main            d.u.i.k.p.i.AbstractProblemLoader Creating init config 
77351      DEBUG main            d.u.i.k.p.i.AbstractProblemLoader Init config took 3.36s 
77398      INFO  main            d.u.i.k.p.i.AbstractProblemLoader Replaying proof ModelMethods[ModelMethods::test3()].JML normal_behavior operation contract.0 
77415      DEBUG main            d.u.i.k.p.i.IntermediateProofReplayer Proof replay took 14.2ms 
77417      DEBUG main            d.u.i.k.p.r.p.TestFile    ... success: reloaded. 
77418      INFO  main            d.u.i.k.p.r.p.TestFile    Now processing file /home/runner/work/key/key/key.core/../key.ui/examples/standard_key/java_dl/jml-assert/model-methods-static-instance.key 
77418      INFO  main            d.u.i.k.p.i.AbstractProblemLoader Loading environment from /home/runner/work/key/key/key.core/../key.ui/examples/standard_key/java_dl/jml-assert/model-methods-static-instance.key 
77419      DEBUG main            d.u.i.k.p.i.AbstractProblemLoader Environment load took 280ns 
77420      INFO  main            d.u.i.k.p.i.AbstractProblemLoader Creating init config 
80776      DEBUG main            d.u.i.k.p.i.AbstractProblemLoader Init config took 3.36s 
80824      INFO  main            d.u.i.k.p.i.AbstractProblemLoader Replaying proof ModelMethods[ModelMethods::test4()].JML normal_behavior operation contract.0 
80827      DEBUG main            d.u.i.k.p.i.IntermediateProofReplayer Proof replay took 9.5ns 
81031      INFO  main            d.u.i.k.p.r.p.TestFile    ... finished proof: closed. 
81306      INFO  main            d.u.i.k.p.i.AbstractProblemLoader Loading environment from /home/runner/work/key/key/key.core/../key.ui/examples/standard_key/java_dl/jml-assert/model-methods-static-instance.key.proof 
81307      DEBUG main            d.u.i.k.p.i.AbstractProblemLoader Environment load took 274.9ns 
81308      INFO  main            d.u.i.k.p.i.AbstractProblemLoader Creating init config 
84731      DEBUG main            d.u.i.k.p.i.AbstractProblemLoader Init config took 3.42s 
84782      INFO  main            d.u.i.k.p.i.AbstractProblemLoader Replaying proof ModelMethods[ModelMethods::test4()].JML normal_behavior operation contract.0 
84824      DEBUG main            d.u.i.k.p.i.IntermediateProofReplayer Proof replay took 39.49ms 
84825      DEBUG main            d.u.i.k.p.r.p.TestFile    ... success: reloaded. 
84827      INFO  main            d.u.i.k.p.r.p.TestFile    Now processing file /home/runner/work/key/key/key.core/../key.ui/examples/standard_key/java_dl/jml-assert/assert-old/inc-field.key 
84827      INFO  main            d.u.i.k.p.i.AbstractProblemLoader Loading environment from /home/runner/work/key/key/key.core/../key.ui/examples/standard_key/java_dl/jml-assert/assert-old/inc-field.key 
84827      DEBUG main            d.u.i.k.p.i.AbstractProblemLoader Environment load took 133.3ns 
84828      INFO  main            d.u.i.k.p.i.AbstractProblemLoader Creating init config 
88105      DEBUG main            d.u.i.k.p.i.AbstractProblemLoader Init config took 3.28s 
88153      INFO  main            d.u.i.k.p.i.AbstractProblemLoader Replaying proof Inc[Inc::inc_field()].JML normal_behavior operation contract.0 
88154      DEBUG main            d.u.i.k.p.i.IntermediateProofReplayer Proof replay took 17ns 
88358      INFO  main            d.u.i.k.p.r.p.TestFile    ... finished proof: closed. 
88637      INFO  main            d.u.i.k.p.i.AbstractProblemLoader Loading environment from /home/runner/work/key/key/key.core/../key.ui/examples/standard_key/java_dl/jml-assert/assert-old/inc-field.key.proof 
88638      DEBUG main            d.u.i.k.p.i.AbstractProblemLoader Environment load took 671.5ns 
88640      INFO  main            d.u.i.k.p.i.AbstractProblemLoader Creating init config 
91868      DEBUG main            d.u.i.k.p.i.AbstractProblemLoader Init config took 3.23s 
91915      INFO  main            d.u.i.k.p.i.AbstractProblemLoader Replaying proof Inc[Inc::inc_field()].JML normal_behavior operation contract.0 
91958      DEBUG main            d.u.i.k.p.i.IntermediateProofReplayer Proof replay took 40.5ms 
91959      DEBUG main            d.u.i.k.p.r.p.TestFile    ... success: reloaded. 
91960      INFO  main            d.u.i.k.p.r.p.TestFile    Now processing file /home/runner/work/key/key/key.core/../key.ui/examples/standard_key/java_dl/jml-assert/assert-old/inc-parameter.key 
91960      INFO  main            d.u.i.k.p.i.AbstractProblemLoader Loading environment from /home/runner/work/key/key/key.core/../key.ui/examples/standard_key/java_dl/jml-assert/assert-old/inc-parameter.key 
91961      DEBUG main            d.u.i.k.p.i.AbstractProblemLoader Environment load took 173.9ns 
91962      INFO  main            d.u.i.k.p.i.AbstractProblemLoader Creating init config 
95095      DEBUG main            d.u.i.k.p.i.AbstractProblemLoader Init config took 3.13s 
95139      INFO  main            d.u.i.k.p.i.AbstractProblemLoader Replaying proof Inc[Inc::inc_parameter(int)].JML normal_behavior operation contract.0 
95140      DEBUG main            d.u.i.k.p.i.IntermediateProofReplayer Proof replay took 7.4ns 
95243      INFO  main            d.u.i.k.p.r.p.TestFile    ... finished proof: closed. 
95514      INFO  main            d.u.i.k.p.i.AbstractProblemLoader Loading environment from /home/runner/work/key/key/key.core/../key.ui/examples/standard_key/java_dl/jml-assert/assert-old/inc-parameter.key.proof 
95514      DEBUG main            d.u.i.k.p.i.AbstractProblemLoader Environment load took 122ns 
95515      INFO  main            d.u.i.k.p.i.AbstractProblemLoader Creating init config 
98566      DEBUG main            d.u.i.k.p.i.AbstractProblemLoader Init config took 3.05s 
98610      INFO  main            d.u.i.k.p.i.AbstractProblemLoader Replaying proof Inc[Inc::inc_parameter(int)].JML normal_behavior operation contract.0 
98633      DEBUG main            d.u.i.k.p.i.IntermediateProofReplayer Proof replay took 20.03ms 
98634      DEBUG main            d.u.i.k.p.r.p.TestFile    ... success: reloaded. 
98635      INFO  main            d.u.i.k.p.r.p.TestFile    Now processing file /home/runner/work/key/key/key.core/../key.ui/examples/standard_key/java_dl/jml-assert/assert-old/inc-parameter-field.key 
98636      INFO  main            d.u.i.k.p.i.AbstractProblemLoader Loading environment from /home/runner/work/key/key/key.core/../key.ui/examples/standard_key/java_dl/jml-assert/assert-old/inc-parameter-field.key 
98636      DEBUG main            d.u.i.k.p.i.AbstractProblemLoader Environment load took 331.4ns 
98638      INFO  main            d.u.i.k.p.i.AbstractProblemLoader Creating init config 
102008     DEBUG main            d.u.i.k.p.i.AbstractProblemLoader Init config took 3.37s 
102052     INFO  main            d.u.i.k.p.i.AbstractProblemLoader Replaying proof Inc[Inc::inc_parameter_field(Inc)].JML normal_behavior operation contract.0 
102053     DEBUG main            d.u.i.k.p.i.IntermediateProofReplayer Proof replay took 9.7ns 
102258     INFO  main            d.u.i.k.p.r.p.TestFile    ... finished proof: closed. 
102581     INFO  main            d.u.i.k.p.i.AbstractProblemLoader Loading environment from /home/runner/work/key/key/key.core/../key.ui/examples/standard_key/java_dl/jml-assert/assert-old/inc-parameter-field.key.proof 
102581     DEBUG main            d.u.i.k.p.i.AbstractProblemLoader Environment load took 581.5ns 
102583     INFO  main            d.u.i.k.p.i.AbstractProblemLoader Creating init config 
105720     DEBUG main            d.u.i.k.p.i.AbstractProblemLoader Init config took 3.14s 
105760     INFO  main            d.u.i.k.p.i.AbstractProblemLoader Replaying proof Inc[Inc::inc_parameter_field(Inc)].JML normal_behavior operation contract.0 
105840     DEBUG main            d.u.i.k.p.i.IntermediateProofReplayer Proof replay took 77.84ms 
105841     DEBUG main            d.u.i.k.p.r.p.TestFile    ... success: reloaded. 
105844     INFO  main            d.u.i.k.p.r.p.TestFile    Now processing file /home/runner/work/key/key/key.core/../key.ui/examples/standard_key/java_dl/jml-assert/assert-old/inc-ghost-field.key 
105844     INFO  main            d.u.i.k.p.i.AbstractProblemLoader Loading environment from /home/runner/work/key/key/key.core/../key.ui/examples/standard_key/java_dl/jml-assert/assert-old/inc-ghost-field.key 
105845     DEBUG main            d.u.i.k.p.i.AbstractProblemLoader Environment load took 262.5ns 
105846     INFO  main            d.u.i.k.p.i.AbstractProblemLoader Creating init config 
108788     DEBUG main            d.u.i.k.p.i.AbstractProblemLoader Init config took 2.94s 
108830     INFO  main            d.u.i.k.p.i.AbstractProblemLoader Replaying proof Inc[Inc::inc_ghost_field()].JML normal_behavior operation contract.0 
108831     DEBUG main            d.u.i.k.p.i.IntermediateProofReplayer Proof replay took 6.7ns 
109034     INFO  main            d.u.i.k.p.r.p.TestFile    ... finished proof: closed. 
109323     INFO  main            d.u.i.k.p.i.AbstractProblemLoader Loading environment from /home/runner/work/key/key/key.core/../key.ui/examples/standard_key/java_dl/jml-assert/assert-old/inc-ghost-field.key.proof 
109323     DEBUG main            d.u.i.k.p.i.AbstractProblemLoader Environment load took 799.5ns 
109325     INFO  main            d.u.i.k.p.i.AbstractProblemLoader Creating init config 
112526     DEBUG main            d.u.i.k.p.i.AbstractProblemLoader Init config took 3.2s 
112583     INFO  main            d.u.i.k.p.i.AbstractProblemLoader Replaying proof Inc[Inc::inc_ghost_field()].JML normal_behavior operation contract.0 
112628     DEBUG main            d.u.i.k.p.i.IntermediateProofReplayer Proof replay took 42.5ms 
112630     DEBUG main            d.u.i.k.p.r.p.TestFile    ... success: reloaded. 
930395     INFO  Test worker     d.u.i.k.p.r.RunAllProofsTestUnit Returning from test jmlAsserts 
930396     INFO  Test worker     d.u.i.k.p.r.RunAllProofsTestUnit Running test javaCard 
520        INFO  Timeout watchdog d.u.i.k.p.r.p.ForkedTestFileRunner Timeout watcher launched (2000 secs.) 
556        WARN  main            d.u.i.k.s.ProofSettings   The settings in /home/runner/.key/proof-settings.props are *not* read. 
606        INFO  main            d.u.i.k.p.r.p.TestFile    Now processing file /home/runner/work/key/key/key.core/../key.ui/examples/heap/javacard/updateBalance0.key 
745        INFO  main            d.u.i.k.p.i.AbstractProblemLoader Loading environment from /home/runner/work/key/key/key.core/../key.ui/examples/heap/javacard/updateBalance0.key 
766        DEBUG main            d.u.i.k.p.i.AbstractProblemLoader Environment load took 2.45ms 
1075       INFO  main            d.u.i.k.p.i.AbstractProblemLoader Creating init config 
2298       DEBUG main            d.u.i.k.j.TypeConverter   No LDT found for Meta 
2299       DEBUG main            d.u.i.k.j.TypeConverter   No LDT found for Meta 
2301       DEBUG main            d.u.i.k.j.TypeConverter   No LDT found for Meta 
2301       DEBUG main            d.u.i.k.j.TypeConverter   No LDT found for Meta 
3891       DEBUG main            d.u.i.k.j.TypeConverter   No LDT found for JavaBigintExpression 
8601       DEBUG main            d.u.i.k.p.i.AbstractProblemLoader Init config took 7.53s 
8830       INFO  main            d.u.i.k.p.i.AbstractProblemLoader Replaying proof Examples[Examples::updateBalance(short)].JML normal_behavior operation contract.0 
8883       DEBUG main            d.u.i.k.p.i.IntermediateProofReplayer Proof replay took 161ns 
10735      INFO  main            d.u.i.k.p.r.p.TestFile    ... finished proof: closed. 
10915      INFO  main            d.u.i.k.p.i.AbstractProblemLoader Loading environment from /home/runner/work/key/key/key.core/../key.ui/examples/heap/javacard/updateBalance0.key.proof 
10920      DEBUG main            d.u.i.k.p.i.AbstractProblemLoader Environment load took 4.17ms 
10928      INFO  main            d.u.i.k.p.i.AbstractProblemLoader Creating init config 
13236      DEBUG main            d.u.i.k.p.i.AbstractProblemLoader Init config took 2.31s 
13310      INFO  main            d.u.i.k.p.i.AbstractProblemLoader Replaying proof Examples[Examples::updateBalance(short)].JML normal_behavior operation contract.0 
13689      DEBUG main            d.u.i.k.p.i.IntermediateProofReplayer Proof replay took 368.4ms 
13706      DEBUG main            d.u.i.k.p.r.p.TestFile    ... success: reloaded. 
13715      INFO  main            d.u.i.k.p.r.p.TestFile    Now processing file /home/runner/work/key/key/key.core/../key.ui/examples/heap/javacard/updateBalance1.key 
13716      INFO  main            d.u.i.k.p.i.AbstractProblemLoader Loading environment from /home/runner/work/key/key/key.core/../key.ui/examples/heap/javacard/updateBalance1.key 
13716      DEBUG main            d.u.i.k.p.i.AbstractProblemLoader Environment load took 310.9ns 
13720      INFO  main            d.u.i.k.p.i.AbstractProblemLoader Creating init config 
15811      DEBUG main            d.u.i.k.p.i.AbstractProblemLoader Init config took 2.09s 
15874      INFO  main            d.u.i.k.p.i.AbstractProblemLoader Replaying proof Examples[Examples::updateBalance(short)].JML normal_behavior operation contract.1 
15878      DEBUG main            d.u.i.k.p.i.IntermediateProofReplayer Proof replay took 6.2ns 
16684      INFO  main            d.u.i.k.p.r.p.TestFile    ... finished proof: closed. 
16816      INFO  main            d.u.i.k.p.i.AbstractProblemLoader Loading environment from /home/runner/work/key/key/key.core/../key.ui/examples/heap/javacard/updateBalance1.key.proof 
16817      DEBUG main            d.u.i.k.p.i.AbstractProblemLoader Environment load took 711.4ns 
16819      INFO  main            d.u.i.k.p.i.AbstractProblemLoader Creating init config 
18750      DEBUG main            d.u.i.k.p.i.AbstractProblemLoader Init config took 1.93s 
18805      INFO  main            d.u.i.k.p.i.AbstractProblemLoader Replaying proof Examples[Examples::updateBalance(short)].JML normal_behavior operation contract.1 
19027      DEBUG main            d.u.i.k.p.i.IntermediateProofReplayer Proof replay took 217.36ms 
19031      DEBUG main            d.u.i.k.p.r.p.TestFile    ... success: reloaded. 
19035      INFO  main            d.u.i.k.p.r.p.TestFile    Now processing file /home/runner/work/key/key/key.core/../key.ui/examples/heap/javacard/setArray1.key 
19035      INFO  main            d.u.i.k.p.i.AbstractProblemLoader Loading environment from /home/runner/work/key/key/key.core/../key.ui/examples/heap/javacard/setArray1.key 
19035      DEBUG main            d.u.i.k.p.i.AbstractProblemLoader Environment load took 284.2ns 
19037      INFO  main            d.u.i.k.p.i.AbstractProblemLoader Creating init config 
21144      DEBUG main            d.u.i.k.p.i.AbstractProblemLoader Init config took 2.11s 
21201      INFO  main            d.u.i.k.p.i.AbstractProblemLoader Replaying proof Examples[Examples::setArray1([B)].JML normal_behavior operation contract.0 
21204      DEBUG main            d.u.i.k.p.i.IntermediateProofReplayer Proof replay took 7.8ns 
22611      INFO  main            d.u.i.k.p.r.p.TestFile    ... finished proof: closed. 
22808      INFO  main            d.u.i.k.p.i.AbstractProblemLoader Loading environment from /home/runner/work/key/key/key.core/../key.ui/examples/heap/javacard/setArray1.key.proof 
22808      DEBUG main            d.u.i.k.p.i.AbstractProblemLoader Environment load took 169.4ns 
22811      INFO  main            d.u.i.k.p.i.AbstractProblemLoader Creating init config 
24741      DEBUG main            d.u.i.k.p.i.AbstractProblemLoader Init config took 1.93s 
24802      INFO  main            d.u.i.k.p.i.AbstractProblemLoader Replaying proof Examples[Examples::setArray1([B)].JML normal_behavior operation contract.0 
25128      DEBUG main            d.u.i.k.p.i.IntermediateProofReplayer Proof replay took 318.52ms 
25132      DEBUG main            d.u.i.k.p.r.p.TestFile    ... success: reloaded. 
25137      INFO  main            d.u.i.k.p.r.p.TestFile    Now processing file /home/runner/work/key/key/key.core/../key.ui/examples/heap/javacard/setArray2.key 
25138      INFO  main            d.u.i.k.p.i.AbstractProblemLoader Loading environment from /home/runner/work/key/key/key.core/../key.ui/examples/heap/javacard/setArray2.key 
25140      DEBUG main            d.u.i.k.p.i.AbstractProblemLoader Environment load took 2.59ms 
25142      INFO  main            d.u.i.k.p.i.AbstractProblemLoader Creating init config 
26966      DEBUG main            d.u.i.k.p.i.AbstractProblemLoader Init config took 1.82s 
27012      INFO  main            d.u.i.k.p.i.AbstractProblemLoader Replaying proof Examples[Examples::setArray2([B)].JML normal_behavior operation contract.0 
27015      DEBUG main            d.u.i.k.p.i.IntermediateProofReplayer Proof replay took 6.1ns 
28324      INFO  main            d.u.i.k.p.r.p.TestFile    ... finished proof: closed. 
28488      INFO  main            d.u.i.k.p.i.AbstractProblemLoader Loading environment from /home/runner/work/key/key/key.core/../key.ui/examples/heap/javacard/setArray2.key.proof 
28490      DEBUG main            d.u.i.k.p.i.AbstractProblemLoader Environment load took 1.96ms 
28492      INFO  main            d.u.i.k.p.i.AbstractProblemLoader Creating init config 
30372      DEBUG main            d.u.i.k.p.i.AbstractProblemLoader Init config took 1.88s 
30423      INFO  main            d.u.i.k.p.i.AbstractProblemLoader Replaying proof Examples[Examples::setArray2([B)].JML normal_behavior operation contract.0 
30703      DEBUG main            d.u.i.k.p.i.IntermediateProofReplayer Proof replay took 271.49ms 
30718      DEBUG main            d.u.i.k.p.r.p.TestFile    ... success: reloaded. 
30720      INFO  main            d.u.i.k.p.r.p.TestFile    Now processing file /home/runner/work/key/key/key.core/../key.ui/examples/heap/javacard/arrayFillNonAtomic.key 
30721      INFO  main            d.u.i.k.p.i.AbstractProblemLoader Loading environment from /home/runner/work/key/key/key.core/../key.ui/examples/heap/javacard/arrayFillNonAtomic.key 
30721      DEBUG main            d.u.i.k.p.i.AbstractProblemLoader Environment load took 249.6ns 
30723      INFO  main            d.u.i.k.p.i.AbstractProblemLoader Creating init config 
32594      DEBUG main            d.u.i.k.p.i.AbstractProblemLoader Init config took 1.87s 
32678      INFO  main            d.u.i.k.p.i.AbstractProblemLoader Replaying proof javacard.framework.Util[javacard.framework.Util::arrayFillNonAtomic([B,short,short,byte)].JML behavior operation contract.0.transaction_inactive 
32680      DEBUG main            d.u.i.k.p.i.IntermediateProofReplayer Proof replay took 5.8ns 
33723      DEBUG Thread-13       d.u.i.k.l.o.ProgramSV     Match failed: Former match of  SchemaVariable incompatible with  the current match. 
33723      DEBUG Thread-13       d.u.i.k.l.o.ProgramSV     Match failed: Former match of  SchemaVariable incompatible with  the current match. 
35454      DEBUG Thread-13       d.u.i.k.l.o.ProgramSV     Match failed: Former match of  SchemaVariable incompatible with  the current match. 
35454      DEBUG Thread-13       d.u.i.k.l.o.ProgramSV     Match failed: Former match of  SchemaVariable incompatible with  the current match. 
37337      INFO  main            d.u.i.k.p.r.p.TestFile    ... finished proof: closed. 
37549      INFO  main            d.u.i.k.p.i.AbstractProblemLoader Loading environment from /home/runner/work/key/key/key.core/../key.ui/examples/heap/javacard/arrayFillNonAtomic.key.proof 
37551      DEBUG main            d.u.i.k.p.i.AbstractProblemLoader Environment load took 1.73ms 
37553      INFO  main            d.u.i.k.p.i.AbstractProblemLoader Creating init config 
39396      DEBUG main            d.u.i.k.p.i.AbstractProblemLoader Init config took 1.84s 
39462      INFO  main            d.u.i.k.p.i.AbstractProblemLoader Replaying proof javacard.framework.Util[javacard.framework.Util::arrayFillNonAtomic([B,short,short,byte)].JML behavior operation contract.0.transaction_inactive 
40650      DEBUG main            d.u.i.k.p.i.IntermediateProofReplayer Proof replay took 1.17s 
40651      DEBUG main            d.u.i.k.p.r.p.TestFile    ... success: reloaded. 
40652      INFO  main            d.u.i.k.p.r.p.TestFile    Now processing file /home/runner/work/key/key/key.core/../key.ui/examples/heap/coincidence_count/project.key 
40652      INFO  main            d.u.i.k.p.i.AbstractProblemLoader Loading environment from /home/runner/work/key/key/key.core/../key.ui/examples/heap/coincidence_count/project.key 
40653      DEBUG main            d.u.i.k.p.i.AbstractProblemLoader Environment load took 191.5ns 
40654      INFO  main            d.u.i.k.p.i.AbstractProblemLoader Creating init config 
44760      DEBUG main            d.u.i.k.p.i.AbstractProblemLoader Init config took 4.11s 
44814      INFO  main            d.u.i.k.p.i.AbstractProblemLoader Replaying proof CC[CC::calcCoinIndex([I,[I)].JML normal_behavior operation contract.0 
44822      DEBUG main            d.u.i.k.p.i.IntermediateProofReplayer Proof replay took 6.6ns 
69552      INFO  main            d.u.i.k.p.r.p.TestFile    ... finished proof: closed. 
69937      INFO  main            d.u.i.k.p.i.AbstractProblemLoader Loading environment from /home/runner/work/key/key/key.core/../key.ui/examples/heap/coincidence_count/project.key.proof 
69939      DEBUG main            d.u.i.k.p.i.AbstractProblemLoader Environment load took 1.61ms 
69944      INFO  main            d.u.i.k.p.i.AbstractProblemLoader Creating init config 
73227      DEBUG main            d.u.i.k.p.i.AbstractProblemLoader Init config took 3.28s 
73288      INFO  main            d.u.i.k.p.i.AbstractProblemLoader Replaying proof CC[CC::calcCoinIndex([I,[I)].JML normal_behavior operation contract.0 
74733      DEBUG main            d.u.i.k.p.i.IntermediateProofReplayer Proof replay took 1.37s 
74737      DEBUG main            d.u.i.k.p.r.p.TestFile    ... success: reloaded. 
74739      INFO  main            d.u.i.k.p.r.p.TestFile    Now processing file /home/runner/work/key/key/key.core/../key.ui/examples/heap/verifyThis11_1_Maximum/project.key 
74739      INFO  main            d.u.i.k.p.i.AbstractProblemLoader Loading environment from /home/runner/work/key/key/key.core/../key.ui/examples/heap/verifyThis11_1_Maximum/project.key 
74739      DEBUG main            d.u.i.k.p.i.AbstractProblemLoader Environment load took 138.6ns 
74740      INFO  main            d.u.i.k.p.i.AbstractProblemLoader Creating init config 
78195      DEBUG main            d.u.i.k.p.i.AbstractProblemLoader Init config took 3.45s 
78246      INFO  main            d.u.i.k.p.i.AbstractProblemLoader Replaying proof Maximum[Maximum::maxIndex([I)].JML normal_behavior operation contract.0 
78248      DEBUG main            d.u.i.k.p.i.IntermediateProofReplayer Proof replay took 9.2ns 
79557      INFO  main            d.u.i.k.p.r.p.TestFile    ... finished proof: closed. 
79894      INFO  main            d.u.i.k.p.i.AbstractProblemLoader Loading environment from /home/runner/work/key/key/key.core/../key.ui/examples/heap/verifyThis11_1_Maximum/project.key.proof 
79894      DEBUG main            d.u.i.k.p.i.AbstractProblemLoader Environment load took 159.9ns 
79896      INFO  main            d.u.i.k.p.i.AbstractProblemLoader Creating init config 
83081      DEBUG main            d.u.i.k.p.i.AbstractProblemLoader Init config took 3.18s 
83149      INFO  main            d.u.i.k.p.i.AbstractProblemLoader Replaying proof Maximum[Maximum::maxIndex([I)].JML normal_behavior operation contract.0 
83386      DEBUG main            d.u.i.k.p.i.IntermediateProofReplayer Proof replay took 230.15ms 
83388      DEBUG main            d.u.i.k.p.r.p.TestFile    ... success: reloaded. 
83388      INFO  main            d.u.i.k.p.r.p.TestFile    Now processing file /home/runner/work/key/key/key.core/../key.ui/examples/heap/fm12_01_LRS/lcp.key 
83389      INFO  main            d.u.i.k.p.i.AbstractProblemLoader Loading environment from /home/runner/work/key/key/key.core/../key.ui/examples/heap/fm12_01_LRS/lcp.key 
83389      DEBUG main            d.u.i.k.p.i.AbstractProblemLoader Environment load took 197.9ns 
83390      INFO  main            d.u.i.k.p.i.AbstractProblemLoader Creating init config 
87533      DEBUG main            d.u.i.k.p.i.AbstractProblemLoader Init config took 4.14s 
87617      INFO  main            d.u.i.k.p.i.AbstractProblemLoader Replaying proof LCP[LCP::lcp([I,int,int)].JML normal_behavior operation contract.0 
87622      DEBUG main            d.u.i.k.p.i.IntermediateProofReplayer Proof replay took 10ns 
89030      INFO  main            d.u.i.k.p.r.p.TestFile    ... finished proof: closed. 
89397      INFO  main            d.u.i.k.p.i.AbstractProblemLoader Loading environment from /home/runner/work/key/key/key.core/../key.ui/examples/heap/fm12_01_LRS/lcp.key.proof 
89397      DEBUG main            d.u.i.k.p.i.AbstractProblemLoader Environment load took 159.1ns 
89399      INFO  main            d.u.i.k.p.i.AbstractProblemLoader Creating init config 
93164      DEBUG main            d.u.i.k.p.i.AbstractProblemLoader Init config took 3.76s 
93231      INFO  main            d.u.i.k.p.i.AbstractProblemLoader Replaying proof LCP[LCP::lcp([I,int,int)].JML normal_behavior operation contract.0 
93527      DEBUG main            d.u.i.k.p.i.IntermediateProofReplayer Proof replay took 289.88ms 
93529      DEBUG main            d.u.i.k.p.r.p.TestFile    ... success: reloaded. 
93530      INFO  main            d.u.i.k.p.r.p.TestFile    Now processing file /home/runner/work/key/key/key.core/../key.ui/examples/heap/SemanticSlicing/project.key 
93531      INFO  main            d.u.i.k.p.i.AbstractProblemLoader Loading environment from /home/runner/work/key/key/key.core/../key.ui/examples/heap/SemanticSlicing/project.key 
93531      DEBUG main            d.u.i.k.p.i.AbstractProblemLoader Environment load took 301ns 
93533      INFO  main            d.u.i.k.p.i.AbstractProblemLoader Creating init config 
96891      DEBUG main            d.u.i.k.p.i.AbstractProblemLoader Init config took 3.36s 
96958      INFO  main            d.u.i.k.p.i.AbstractProblemLoader Replaying proof unsatcore_after.competition.postcond5.scope333.LRS[unsatcore_after.competition.postcond5.scope333.LRS::doLRS()].JML operation contract.0 
96961      DEBUG main            d.u.i.k.p.i.IntermediateProofReplayer Proof replay took 8.3ns 
102490     INFO  main            d.u.i.k.p.r.p.TestFile    ... finished proof: closed. 
102898     INFO  main            d.u.i.k.p.i.AbstractProblemLoader Loading environment from /home/runner/work/key/key/key.core/../key.ui/examples/heap/SemanticSlicing/project.key.proof 
102898     DEBUG main            d.u.i.k.p.i.AbstractProblemLoader Environment load took 635.6ns 
102900     INFO  main            d.u.i.k.p.i.AbstractProblemLoader Creating init config 
106228     DEBUG main            d.u.i.k.p.i.AbstractProblemLoader Init config took 3.33s 
106293     INFO  main            d.u.i.k.p.i.AbstractProblemLoader Replaying proof unsatcore_after.competition.postcond5.scope333.LRS[unsatcore_after.competition.postcond5.scope333.LRS::doLRS()].JML operation contract.0 
107415     DEBUG main            d.u.i.k.p.i.IntermediateProofReplayer Proof replay took 1.11s 
107417     DEBUG main            d.u.i.k.p.r.p.TestFile    ... success: reloaded. 
107419     INFO  main            d.u.i.k.p.r.p.TestFile    Now processing file /home/runner/work/key/key/key.core/../key.ui/examples/heap/information_flow/ArrayList_contains.key 
107419     INFO  main            d.u.i.k.p.i.AbstractProblemLoader Loading environment from /home/runner/work/key/key/key.core/../key.ui/examples/heap/information_flow/ArrayList_contains.key 
107420     DEBUG main            d.u.i.k.p.i.AbstractProblemLoader Environment load took 276.9ns 
107421     INFO  main            d.u.i.k.p.i.AbstractProblemLoader Creating init config 
110982     DEBUG main            d.u.i.k.p.i.AbstractProblemLoader Init config took 3.56s 
111066     INFO  main            d.u.i.k.p.i.AbstractProblemLoader Replaying proof ArrayList[ArrayList::get(int)].JML normal_behavior operation contract.0 
111069     DEBUG main            d.u.i.k.p.i.IntermediateProofReplayer Proof replay took 8ns 
111478     INFO  main            d.u.i.k.p.r.p.TestFile    ... finished proof: closed. 
111812     INFO  main            d.u.i.k.p.i.AbstractProblemLoader Loading environment from /home/runner/work/key/key/key.core/../key.ui/examples/heap/information_flow/ArrayList_contains.key.proof 
111813     DEBUG main            d.u.i.k.p.i.AbstractProblemLoader Environment load took 783.1ns 
111815     INFO  main            d.u.i.k.p.i.AbstractProblemLoader Creating init config 
115288     DEBUG main            d.u.i.k.p.i.AbstractProblemLoader Init config took 3.47s 
115336     INFO  main            d.u.i.k.p.i.AbstractProblemLoader Replaying proof ArrayList[ArrayList::get(int)].JML normal_behavior operation contract.0 
115411     DEBUG main            d.u.i.k.p.i.IntermediateProofReplayer Proof replay took 72.17ms 
115412     DEBUG main            d.u.i.k.p.r.p.TestFile    ... success: reloaded. 
115413     INFO  main            d.u.i.k.p.r.p.TestFile    Now processing file /home/runner/work/key/key/key.core/../key.ui/examples/heap/information_flow/ArrayList_get.key 
115414     INFO  main            d.u.i.k.p.i.AbstractProblemLoader Loading environment from /home/runner/work/key/key/key.core/../key.ui/examples/heap/information_flow/ArrayList_get.key 
115414     DEBUG main            d.u.i.k.p.i.AbstractProblemLoader Environment load took 147ns 
115415     INFO  main            d.u.i.k.p.i.AbstractProblemLoader Creating init config 
119056     DEBUG main            d.u.i.k.p.i.AbstractProblemLoader Init config took 3.64s 
119109     INFO  main            d.u.i.k.p.i.AbstractProblemLoader Replaying proof ArrayList[ArrayList::contains(java.lang.Object)].JML normal_behavior operation contract.0 
119110     DEBUG main            d.u.i.k.p.i.IntermediateProofReplayer Proof replay took 7.4ns 
120318     INFO  main            d.u.i.k.p.r.p.TestFile    ... finished proof: closed. 
120657     INFO  main            d.u.i.k.p.i.AbstractProblemLoader Loading environment from /home/runner/work/key/key/key.core/../key.ui/examples/heap/information_flow/ArrayList_get.key.proof 
120657     DEBUG main            d.u.i.k.p.i.AbstractProblemLoader Environment load took 571.7ns 
120660     INFO  main            d.u.i.k.p.i.AbstractProblemLoader Creating init config 
124164     DEBUG main            d.u.i.k.p.i.AbstractProblemLoader Init config took 3.5s 
124211     INFO  main            d.u.i.k.p.i.AbstractProblemLoader Replaying proof ArrayList[ArrayList::contains(java.lang.Object)].JML normal_behavior operation contract.0 
124445     DEBUG main            d.u.i.k.p.i.IntermediateProofReplayer Proof replay took 228.95ms 
124446     DEBUG main            d.u.i.k.p.r.p.TestFile    ... success: reloaded. 
124447     INFO  main            d.u.i.k.p.r.p.TestFile    Now processing file /home/runner/work/key/key/key.core/../key.ui/examples/heap/information_flow/ArrayList_size.key 
124448     INFO  main            d.u.i.k.p.i.AbstractProblemLoader Loading environment from /home/runner/work/key/key/key.core/../key.ui/examples/heap/information_flow/ArrayList_size.key 
124448     DEBUG main            d.u.i.k.p.i.AbstractProblemLoader Environment load took 111.2ns 
124449     INFO  main            d.u.i.k.p.i.AbstractProblemLoader Creating init config 
127981     DEBUG main            d.u.i.k.p.i.AbstractProblemLoader Init config took 3.53s 
128032     INFO  main            d.u.i.k.p.i.AbstractProblemLoader Replaying proof ArrayList[ArrayList::size()].JML normal_behavior operation contract.0 
128033     DEBUG main            d.u.i.k.p.i.IntermediateProofReplayer Proof replay took 7.7ns 
128137     INFO  main            d.u.i.k.p.r.p.TestFile    ... finished proof: closed. 
128471     INFO  main            d.u.i.k.p.i.AbstractProblemLoader Loading environment from /home/runner/work/key/key/key.core/../key.ui/examples/heap/information_flow/ArrayList_size.key.proof 
128471     DEBUG main            d.u.i.k.p.i.AbstractProblemLoader Environment load took 146.5ns 
128472     INFO  main            d.u.i.k.p.i.AbstractProblemLoader Creating init config 
131858     DEBUG main            d.u.i.k.p.i.AbstractProblemLoader Init config took 3.39s 
131913     INFO  main            d.u.i.k.p.i.AbstractProblemLoader Replaying proof ArrayList[ArrayList::size()].JML normal_behavior operation contract.0 
131939     DEBUG main            d.u.i.k.p.i.IntermediateProofReplayer Proof replay took 20.69ms 
131941     DEBUG main            d.u.i.k.p.r.p.TestFile    ... success: reloaded. 
131942     INFO  main            d.u.i.k.p.r.p.TestFile    Now processing file /home/runner/work/key/key/key.core/../key.ui/examples/heap/information_flow/UpdateAbstraction_ex7_3_secure.key 
131943     INFO  main            d.u.i.k.p.i.AbstractProblemLoader Loading environment from /home/runner/work/key/key/key.core/../key.ui/examples/heap/information_flow/UpdateAbstraction_ex7_3_secure.key 
131944     DEBUG main            d.u.i.k.p.i.AbstractProblemLoader Environment load took 782.1ns 
131946     INFO  main            d.u.i.k.p.i.AbstractProblemLoader Creating init config 
135424     DEBUG main            d.u.i.k.p.i.AbstractProblemLoader Init config took 3.48s 
135470     INFO  main            d.u.i.k.p.i.AbstractProblemLoader Replaying proof UpdateAbstraction[UpdateAbstraction::ex7_3_secure()].JML operation contract.0 
135471     DEBUG main            d.u.i.k.p.i.IntermediateProofReplayer Proof replay took 7.8ns 
135674     INFO  main            d.u.i.k.p.r.p.TestFile    ... finished proof: closed. 
136017     INFO  main            d.u.i.k.p.i.AbstractProblemLoader Loading environment from /home/runner/work/key/key/key.core/../key.ui/examples/heap/information_flow/UpdateAbstraction_ex7_3_secure.key.proof 
136017     DEBUG main            d.u.i.k.p.i.AbstractProblemLoader Environment load took 141.2ns 
136019     INFO  main            d.u.i.k.p.i.AbstractProblemLoader Creating init config 
139409     DEBUG main            d.u.i.k.p.i.AbstractProblemLoader Init config took 3.39s 
139452     INFO  main            d.u.i.k.p.i.AbstractProblemLoader Replaying proof UpdateAbstraction[UpdateAbstraction::ex7_3_secure()].JML operation contract.0 
139494     DEBUG main            d.u.i.k.p.i.IntermediateProofReplayer Proof replay took 39.5ms 
139495     DEBUG main            d.u.i.k.p.r.p.TestFile    ... success: reloaded. 
139496     INFO  main            d.u.i.k.p.r.p.TestFile    Now processing file /home/runner/work/key/key/key.core/../key.ui/examples/heap/information_flow/UpdateAbstraction_ex7_4_secure.key 
139496     INFO  main            d.u.i.k.p.i.AbstractProblemLoader Loading environment from /home/runner/work/key/key/key.core/../key.ui/examples/heap/information_flow/UpdateAbstraction_ex7_4_secure.key 
139496     DEBUG main            d.u.i.k.p.i.AbstractProblemLoader Environment load took 100.5ns 
139497     INFO  main            d.u.i.k.p.i.AbstractProblemLoader Creating init config 
142891     DEBUG main            d.u.i.k.p.i.AbstractProblemLoader Init config took 3.39s 
142933     INFO  main            d.u.i.k.p.i.AbstractProblemLoader Replaying proof UpdateAbstraction[UpdateAbstraction::ex7_4_secure()].JML operation contract.0 
142935     DEBUG main            d.u.i.k.p.i.IntermediateProofReplayer Proof replay took 7.4ns 
143237     INFO  main            d.u.i.k.p.r.p.TestFile    ... finished proof: closed. 
143658     INFO  main            d.u.i.k.p.i.AbstractProblemLoader Loading environment from /home/runner/work/key/key/key.core/../key.ui/examples/heap/information_flow/UpdateAbstraction_ex7_4_secure.key.proof 
143658     DEBUG main            d.u.i.k.p.i.AbstractProblemLoader Environment load took 143.6ns 
143659     INFO  main            d.u.i.k.p.i.AbstractProblemLoader Creating init config 
147005     DEBUG main            d.u.i.k.p.i.AbstractProblemLoader Init config took 3.35s 
147074     INFO  main            d.u.i.k.p.i.AbstractProblemLoader Replaying proof UpdateAbstraction[UpdateAbstraction::ex7_4_secure()].JML operation contract.0 
147136     DEBUG main            d.u.i.k.p.i.IntermediateProofReplayer Proof replay took 59.21ms 
147138     DEBUG main            d.u.i.k.p.r.p.TestFile    ... success: reloaded. 
147139     INFO  main            d.u.i.k.p.r.p.TestFile    Now processing file /home/runner/work/key/key/key.core/../key.ui/examples/heap/information_flow/UpdateAbstraction_ex7_5_secure.key 
147139     INFO  main            d.u.i.k.p.i.AbstractProblemLoader Loading environment from /home/runner/work/key/key/key.core/../key.ui/examples/heap/information_flow/UpdateAbstraction_ex7_5_secure.key 
147139     DEBUG main            d.u.i.k.p.i.AbstractProblemLoader Environment load took 280.1ns 
147141     INFO  main            d.u.i.k.p.i.AbstractProblemLoader Creating init config 
150557     DEBUG main            d.u.i.k.p.i.AbstractProblemLoader Init config took 3.42s 
150599     INFO  main            d.u.i.k.p.i.AbstractProblemLoader Replaying proof UpdateAbstraction[UpdateAbstraction::ex7_5_secure()].JML operation contract.0 
150600     DEBUG main            d.u.i.k.p.i.IntermediateProofReplayer Proof replay took 7.8ns 
150703     INFO  main            d.u.i.k.p.r.p.TestFile    ... finished proof: closed. 
151058     INFO  main            d.u.i.k.p.i.AbstractProblemLoader Loading environment from /home/runner/work/key/key/key.core/../key.ui/examples/heap/information_flow/UpdateAbstraction_ex7_5_secure.key.proof 
151058     DEBUG main            d.u.i.k.p.i.AbstractProblemLoader Environment load took 137.5ns 
151059     INFO  main            d.u.i.k.p.i.AbstractProblemLoader Creating init config 
154532     DEBUG main            d.u.i.k.p.i.AbstractProblemLoader Init config took 3.47s 
154576     INFO  main            d.u.i.k.p.i.AbstractProblemLoader Replaying proof UpdateAbstraction[UpdateAbstraction::ex7_5_secure()].JML operation contract.0 
154601     DEBUG main            d.u.i.k.p.i.IntermediateProofReplayer Proof replay took 23.52ms 
154603     DEBUG main            d.u.i.k.p.r.p.TestFile    ... success: reloaded. 
154603     INFO  main            d.u.i.k.p.r.p.TestFile    Now processing file /home/runner/work/key/key/key.core/../key.ui/examples/heap/information_flow/UpdateAbstraction_ex7_6_secure.key 
154604     INFO  main            d.u.i.k.p.i.AbstractProblemLoader Loading environment from /home/runner/work/key/key/key.core/../key.ui/examples/heap/information_flow/UpdateAbstraction_ex7_6_secure.key 
154604     DEBUG main            d.u.i.k.p.i.AbstractProblemLoader Environment load took 131.6ns 
154605     INFO  main            d.u.i.k.p.i.AbstractProblemLoader Creating init config 
158070     DEBUG main            d.u.i.k.p.i.AbstractProblemLoader Init config took 3.46s 
158113     INFO  main            d.u.i.k.p.i.AbstractProblemLoader Replaying proof UpdateAbstraction[UpdateAbstraction::ex7_6_secure()].JML operation contract.0 
158114     DEBUG main            d.u.i.k.p.i.IntermediateProofReplayer Proof replay took 7.7ns 
158517     INFO  main            d.u.i.k.p.r.p.TestFile    ... finished proof: closed. 
158921     INFO  main            d.u.i.k.p.i.AbstractProblemLoader Loading environment from /home/runner/work/key/key/key.core/../key.ui/examples/heap/information_flow/UpdateAbstraction_ex7_6_secure.key.proof 
158921     DEBUG main            d.u.i.k.p.i.AbstractProblemLoader Environment load took 136.6ns 
158922     INFO  main            d.u.i.k.p.i.AbstractProblemLoader Creating init config 
162332     DEBUG main            d.u.i.k.p.i.AbstractProblemLoader Init config took 3.41s 
162393     INFO  main            d.u.i.k.p.i.AbstractProblemLoader Replaying proof UpdateAbstraction[UpdateAbstraction::ex7_6_secure()].JML operation contract.0 
162477     DEBUG main            d.u.i.k.p.i.IntermediateProofReplayer Proof replay took 81.17ms 
162478     DEBUG main            d.u.i.k.p.r.p.TestFile    ... success: reloaded. 
162481     INFO  main            d.u.i.k.p.r.p.TestFile    Now processing file /home/runner/work/key/key/key.core/../key.ui/examples/heap/information_flow/UpdateAbstraction_ex9_secure.key 
162482     INFO  main            d.u.i.k.p.i.AbstractProblemLoader Loading environment from /home/runner/work/key/key/key.core/../key.ui/examples/heap/information_flow/UpdateAbstraction_ex9_secure.key 
162483     DEBUG main            d.u.i.k.p.i.AbstractProblemLoader Environment load took 674.9ns 
162485     INFO  main            d.u.i.k.p.i.AbstractProblemLoader Creating init config 
165889     DEBUG main            d.u.i.k.p.i.AbstractProblemLoader Init config took 3.4s 
165956     INFO  main            d.u.i.k.p.i.AbstractProblemLoader Replaying proof UpdateAbstraction[UpdateAbstraction::ex9_secure()].JML operation contract.0 
165958     DEBUG main            d.u.i.k.p.i.IntermediateProofReplayer Proof replay took 8ns 
167163     INFO  main            d.u.i.k.p.r.p.TestFile    ... finished proof: closed. 
167552     INFO  main            d.u.i.k.p.i.AbstractProblemLoader Loading environment from /home/runner/work/key/key/key.core/../key.ui/examples/heap/information_flow/UpdateAbstraction_ex9_secure.key.proof 
167552     DEBUG main            d.u.i.k.p.i.AbstractProblemLoader Environment load took 138.7ns 
167553     INFO  main            d.u.i.k.p.i.AbstractProblemLoader Creating init config 
170867     DEBUG main            d.u.i.k.p.i.AbstractProblemLoader Init config took 3.31s 
170910     INFO  main            d.u.i.k.p.i.AbstractProblemLoader Replaying proof UpdateAbstraction[UpdateAbstraction::ex9_secure()].JML operation contract.0 
171206     DEBUG main            d.u.i.k.p.i.IntermediateProofReplayer Proof replay took 289.42ms 
171208     DEBUG main            d.u.i.k.p.r.p.TestFile    ... success: reloaded. 
1101844    INFO  Test worker     d.u.i.k.p.r.RunAllProofsTestUnit Returning from test javaCard 
1101846    INFO  Test worker     d.u.i.k.p.r.RunAllProofsTestUnit Running test list 
420        INFO  Timeout watchdog d.u.i.k.p.r.p.ForkedTestFileRunner Timeout watcher launched (2000 secs.) 
443        WARN  main            d.u.i.k.s.ProofSettings   The settings in /home/runner/.key/proof-settings.props are *not* read. 
481        INFO  main            d.u.i.k.p.r.p.TestFile    Now processing file /home/runner/work/key/key/key.core/../key.ui/examples/heap/list/ArrayList_add.key 
707        INFO  main            d.u.i.k.p.i.AbstractProblemLoader Loading environment from /home/runner/work/key/key/key.core/../key.ui/examples/heap/list/ArrayList_add.key 
728        DEBUG main            d.u.i.k.p.i.AbstractProblemLoader Environment load took 2.97ms 
1032       INFO  main            d.u.i.k.p.i.AbstractProblemLoader Creating init config 
2274       DEBUG main            d.u.i.k.j.TypeConverter   No LDT found for Meta 
2275       DEBUG main            d.u.i.k.j.TypeConverter   No LDT found for Meta 
2277       DEBUG main            d.u.i.k.j.TypeConverter   No LDT found for Meta 
2278       DEBUG main            d.u.i.k.j.TypeConverter   No LDT found for Meta 
4620       DEBUG main            d.u.i.k.j.TypeConverter   No LDT found for JavaBigintExpression 
8609       DEBUG main            d.u.i.k.j.r.ClassPreparationMethodBuilder clPrepBuilder: Inner Class detected. Reject building class initialisation methods. 
11890      DEBUG main            d.u.i.k.p.i.AbstractProblemLoader Init config took 10.86s 
12144      INFO  main            d.u.i.k.p.i.AbstractProblemLoader Replaying proof ArrayList[List::add(java.lang.Object)].JML normal_behavior operation contract.0 
12188      DEBUG main            d.u.i.k.p.i.IntermediateProofReplayer Proof replay took 39.5ns 
20022      INFO  main            d.u.i.k.p.r.p.TestFile    ... finished proof: closed. 
20263      INFO  main            d.u.i.k.p.i.AbstractProblemLoader Loading environment from /home/runner/work/key/key/key.core/../key.ui/examples/heap/list/ArrayList_add.key.proof 
20268      DEBUG main            d.u.i.k.p.i.AbstractProblemLoader Environment load took 4.51ms 
20276      INFO  main            d.u.i.k.p.i.AbstractProblemLoader Creating init config 
21726      DEBUG main            d.u.i.k.j.r.ClassPreparationMethodBuilder clPrepBuilder: Inner Class detected. Reject building class initialisation methods. 
24595      DEBUG main            d.u.i.k.p.i.AbstractProblemLoader Init config took 4.32s 
24731      INFO  main            d.u.i.k.p.i.AbstractProblemLoader Replaying proof ArrayList[List::add(java.lang.Object)].JML normal_behavior operation contract.0 
26239      DEBUG main            d.u.i.k.p.i.IntermediateProofReplayer Proof replay took 1.44s 
26249      DEBUG main            d.u.i.k.p.r.p.TestFile    ... success: reloaded. 
26251      INFO  main            d.u.i.k.p.r.p.TestFile    Now processing file /home/runner/work/key/key/key.core/../key.ui/examples/heap/list/ArrayList_ArrayList.key 
26252      INFO  main            d.u.i.k.p.i.AbstractProblemLoader Loading environment from /home/runner/work/key/key/key.core/../key.ui/examples/heap/list/ArrayList_ArrayList.key 
26253      DEBUG main            d.u.i.k.p.i.AbstractProblemLoader Environment load took 343.5ns 
26254      INFO  main            d.u.i.k.p.i.AbstractProblemLoader Creating init config 
27609      DEBUG main            d.u.i.k.j.r.ClassPreparationMethodBuilder clPrepBuilder: Inner Class detected. Reject building class initialisation methods. 
30312      DEBUG main            d.u.i.k.p.i.AbstractProblemLoader Init config took 4.06s 
30403      INFO  main            d.u.i.k.p.i.AbstractProblemLoader Replaying proof ArrayList[ArrayList::ArrayList()].JML normal_behavior operation contract.0 
30406      DEBUG main            d.u.i.k.p.i.IntermediateProofReplayer Proof replay took 6.7ns 
32459      INFO  main            d.u.i.k.p.r.p.TestFile    ... finished proof: closed. 
32707      INFO  main            d.u.i.k.p.i.AbstractProblemLoader Loading environment from /home/runner/work/key/key/key.core/../key.ui/examples/heap/list/ArrayList_ArrayList.key.proof 
32708      DEBUG main            d.u.i.k.p.i.AbstractProblemLoader Environment load took 590.9ns 
32710      INFO  main            d.u.i.k.p.i.AbstractProblemLoader Creating init config 
33934      DEBUG main            d.u.i.k.j.r.ClassPreparationMethodBuilder clPrepBuilder: Inner Class detected. Reject building class initialisation methods. 
36602      DEBUG main            d.u.i.k.p.i.AbstractProblemLoader Init config took 3.89s 
36713      INFO  main            d.u.i.k.p.i.AbstractProblemLoader Replaying proof ArrayList[ArrayList::ArrayList()].JML normal_behavior operation contract.0 
37086      DEBUG main            d.u.i.k.p.i.IntermediateProofReplayer Proof replay took 360.41ms 
37089      DEBUG main            d.u.i.k.p.r.p.TestFile    ... success: reloaded. 
37091      INFO  main            d.u.i.k.p.r.p.TestFile    Now processing file /home/runner/work/key/key/key.core/../key.ui/examples/heap/list/ArrayList_concatenate.key 
37091      INFO  main            d.u.i.k.p.i.AbstractProblemLoader Loading environment from /home/runner/work/key/key/key.core/../key.ui/examples/heap/list/ArrayList_concatenate.key 
37091      DEBUG main            d.u.i.k.p.i.AbstractProblemLoader Environment load took 198.9ns 
37095      INFO  main            d.u.i.k.p.i.AbstractProblemLoader Creating init config 
38404      DEBUG main            d.u.i.k.j.r.ClassPreparationMethodBuilder clPrepBuilder: Inner Class detected. Reject building class initialisation methods. 
41077      DEBUG main            d.u.i.k.p.i.AbstractProblemLoader Init config took 3.98s 
41159      INFO  main            d.u.i.k.p.i.AbstractProblemLoader Replaying proof ArrayList[List::concatenate(List)].JML normal_behavior operation contract.0 
41162      DEBUG main            d.u.i.k.p.i.IntermediateProofReplayer Proof replay took 9.1ns 
76455      INFO  main            d.u.i.k.p.r.p.TestFile    ... finished proof: closed. 
76770      INFO  main            d.u.i.k.p.i.AbstractProblemLoader Loading environment from /home/runner/work/key/key/key.core/../key.ui/examples/heap/list/ArrayList_concatenate.key.proof 
76771      DEBUG main            d.u.i.k.p.i.AbstractProblemLoader Environment load took 604.6ns 
76780      INFO  main            d.u.i.k.p.i.AbstractProblemLoader Creating init config 
78016      DEBUG main            d.u.i.k.j.r.ClassPreparationMethodBuilder clPrepBuilder: Inner Class detected. Reject building class initialisation methods. 
80658      DEBUG main            d.u.i.k.p.i.AbstractProblemLoader Init config took 3.88s 
80748      INFO  main            d.u.i.k.p.i.AbstractProblemLoader Replaying proof ArrayList[List::concatenate(List)].JML normal_behavior operation contract.0 
83783      DEBUG main            d.u.i.k.p.i.IntermediateProofReplayer Proof replay took 2.95s 
83788      DEBUG main            d.u.i.k.p.r.p.TestFile    ... success: reloaded. 
83790      INFO  main            d.u.i.k.p.r.p.TestFile    Now processing file /home/runner/work/key/key/key.core/../key.ui/examples/heap/list/ArrayList_contains_dep.key 
83790      INFO  main            d.u.i.k.p.i.AbstractProblemLoader Loading environment from /home/runner/work/key/key/key.core/../key.ui/examples/heap/list/ArrayList_contains_dep.key 
83790      DEBUG main            d.u.i.k.p.i.AbstractProblemLoader Environment load took 141.8ns 
83791      INFO  main            d.u.i.k.p.i.AbstractProblemLoader Creating init config 
85103      DEBUG main            d.u.i.k.j.r.ClassPreparationMethodBuilder clPrepBuilder: Inner Class detected. Reject building class initialisation methods. 
87926      DEBUG main            d.u.i.k.p.i.AbstractProblemLoader Init config took 4.13s 
88014      INFO  main            d.u.i.k.p.i.AbstractProblemLoader Replaying proof ArrayList[List::contains(java.lang.Object)].JML accessible clause.0 
88016      DEBUG main            d.u.i.k.p.i.IntermediateProofReplayer Proof replay took 7.3ns 
91728      INFO  main            d.u.i.k.p.r.p.TestFile    ... finished proof: closed. 
92071      INFO  main            d.u.i.k.p.i.AbstractProblemLoader Loading environment from /home/runner/work/key/key/key.core/../key.ui/examples/heap/list/ArrayList_contains_dep.key.proof 
92072      DEBUG main            d.u.i.k.p.i.AbstractProblemLoader Environment load took 560.9ns 
92075      INFO  main            d.u.i.k.p.i.AbstractProblemLoader Creating init config 
93228      DEBUG main            d.u.i.k.j.r.ClassPreparationMethodBuilder clPrepBuilder: Inner Class detected. Reject building class initialisation methods. 
95737      DEBUG main            d.u.i.k.p.i.AbstractProblemLoader Init config took 3.66s 
95799      INFO  main            d.u.i.k.p.i.AbstractProblemLoader Replaying proof ArrayList[List::contains(java.lang.Object)].JML accessible clause.0 
96411      DEBUG main            d.u.i.k.p.i.IntermediateProofReplayer Proof replay took 600.53ms 
96414      DEBUG main            d.u.i.k.p.r.p.TestFile    ... success: reloaded. 
96415      INFO  main            d.u.i.k.p.r.p.TestFile    Now processing file /home/runner/work/key/key/key.core/../key.ui/examples/heap/list/ArrayList_enlarge.key 
96416      INFO  main            d.u.i.k.p.i.AbstractProblemLoader Loading environment from /home/runner/work/key/key/key.core/../key.ui/examples/heap/list/ArrayList_enlarge.key 
96416      DEBUG main            d.u.i.k.p.i.AbstractProblemLoader Environment load took 302.2ns 
96418      INFO  main            d.u.i.k.p.i.AbstractProblemLoader Creating init config 
97621      DEBUG main            d.u.i.k.j.r.ClassPreparationMethodBuilder clPrepBuilder: Inner Class detected. Reject building class initialisation methods. 
100123     DEBUG main            d.u.i.k.p.i.AbstractProblemLoader Init config took 3.7s 
100187     INFO  main            d.u.i.k.p.i.AbstractProblemLoader Replaying proof ArrayList[ArrayList::enlarge()].JML normal_behavior operation contract.0 
100190     DEBUG main            d.u.i.k.p.i.IntermediateProofReplayer Proof replay took 5.5ns 
103202     INFO  main            d.u.i.k.p.r.p.TestFile    ... finished proof: closed. 
103462     INFO  main            d.u.i.k.p.i.AbstractProblemLoader Loading environment from /home/runner/work/key/key/key.core/../key.ui/examples/heap/list/ArrayList_enlarge.key.proof 
103463     DEBUG main            d.u.i.k.p.i.AbstractProblemLoader Environment load took 1.82ms 
103465     INFO  main            d.u.i.k.p.i.AbstractProblemLoader Creating init config 
104611     DEBUG main            d.u.i.k.j.r.ClassPreparationMethodBuilder clPrepBuilder: Inner Class detected. Reject building class initialisation methods. 
107325     DEBUG main            d.u.i.k.p.i.AbstractProblemLoader Init config took 3.86s 
107401     INFO  main            d.u.i.k.p.i.AbstractProblemLoader Replaying proof ArrayList[ArrayList::enlarge()].JML normal_behavior operation contract.0 
107941     DEBUG main            d.u.i.k.p.i.IntermediateProofReplayer Proof replay took 529.54ms 
107943     DEBUG main            d.u.i.k.p.r.p.TestFile    ... success: reloaded. 
107944     INFO  main            d.u.i.k.p.r.p.TestFile    Now processing file /home/runner/work/key/key/key.core/../key.ui/examples/heap/list/ArrayList_footprint.key 
107945     INFO  main            d.u.i.k.p.i.AbstractProblemLoader Loading environment from /home/runner/work/key/key/key.core/../key.ui/examples/heap/list/ArrayList_footprint.key 
107945     DEBUG main            d.u.i.k.p.i.AbstractProblemLoader Environment load took 130.5ns 
107946     INFO  main            d.u.i.k.p.i.AbstractProblemLoader Creating init config 
109110     DEBUG main            d.u.i.k.j.r.ClassPreparationMethodBuilder clPrepBuilder: Inner Class detected. Reject building class initialisation methods. 
111608     DEBUG main            d.u.i.k.p.i.AbstractProblemLoader Init config took 3.66s 
111680     INFO  main            d.u.i.k.p.i.AbstractProblemLoader Replaying proof List[List::$footprint()].JML accessible clause.0 
111682     DEBUG main            d.u.i.k.p.i.IntermediateProofReplayer Proof replay took 5.4ns 
111788     INFO  main            d.u.i.k.p.r.p.TestFile    ... finished proof: closed. 
111995     INFO  main            d.u.i.k.p.i.AbstractProblemLoader Loading environment from /home/runner/work/key/key/key.core/../key.ui/examples/heap/list/ArrayList_footprint.key.proof 
111995     DEBUG main            d.u.i.k.p.i.AbstractProblemLoader Environment load took 123.1ns 
111996     INFO  main            d.u.i.k.p.i.AbstractProblemLoader Creating init config 
113171     DEBUG main            d.u.i.k.j.r.ClassPreparationMethodBuilder clPrepBuilder: Inner Class detected. Reject building class initialisation methods. 
115637     DEBUG main            d.u.i.k.p.i.AbstractProblemLoader Init config took 3.64s 
115689     INFO  main            d.u.i.k.p.i.AbstractProblemLoader Replaying proof List[List::$footprint()].JML accessible clause.0 
115692     DEBUG main            d.u.i.k.p.i.IntermediateProofReplayer Proof replay took 1.56ms 
115693     DEBUG main            d.u.i.k.p.r.p.TestFile    ... success: reloaded. 
115695     INFO  main            d.u.i.k.p.r.p.TestFile    Now processing file /home/runner/work/key/key/key.core/../key.ui/examples/heap/list/ArrayList_get_dep.key 
115695     INFO  main            d.u.i.k.p.i.AbstractProblemLoader Loading environment from /home/runner/work/key/key/key.core/../key.ui/examples/heap/list/ArrayList_get_dep.key 
115695     DEBUG main            d.u.i.k.p.i.AbstractProblemLoader Environment load took 128.7ns 
115696     INFO  main            d.u.i.k.p.i.AbstractProblemLoader Creating init config 
116854     DEBUG main            d.u.i.k.j.r.ClassPreparationMethodBuilder clPrepBuilder: Inner Class detected. Reject building class initialisation methods. 
119336     DEBUG main            d.u.i.k.p.i.AbstractProblemLoader Init config took 3.64s 
119393     INFO  main            d.u.i.k.p.i.AbstractProblemLoader Replaying proof ArrayList[List::get(int)].JML accessible clause.0 
119395     DEBUG main            d.u.i.k.p.i.IntermediateProofReplayer Proof replay took 5.7ns 
120004     INFO  main            d.u.i.k.p.r.p.TestFile    ... finished proof: closed. 
120296     INFO  main            d.u.i.k.p.i.AbstractProblemLoader Loading environment from /home/runner/work/key/key/key.core/../key.ui/examples/heap/list/ArrayList_get_dep.key.proof 
120297     DEBUG main            d.u.i.k.p.i.AbstractProblemLoader Environment load took 1.55ms 
120299     INFO  main            d.u.i.k.p.i.AbstractProblemLoader Creating init config 
121469     DEBUG main            d.u.i.k.j.r.ClassPreparationMethodBuilder clPrepBuilder: Inner Class detected. Reject building class initialisation methods. 
123933     DEBUG main            d.u.i.k.p.i.AbstractProblemLoader Init config took 3.63s 
123993     INFO  main            d.u.i.k.p.i.AbstractProblemLoader Replaying proof ArrayList[List::get(int)].JML accessible clause.0 
124123     DEBUG main            d.u.i.k.p.i.IntermediateProofReplayer Proof replay took 125.14ms 
124124     DEBUG main            d.u.i.k.p.r.p.TestFile    ... success: reloaded. 
124126     INFO  main            d.u.i.k.p.r.p.TestFile    Now processing file /home/runner/work/key/key/key.core/../key.ui/examples/heap/list/ArrayList_get_exceptional.key 
124126     INFO  main            d.u.i.k.p.i.AbstractProblemLoader Loading environment from /home/runner/work/key/key/key.core/../key.ui/examples/heap/list/ArrayList_get_exceptional.key 
124126     DEBUG main            d.u.i.k.p.i.AbstractProblemLoader Environment load took 160.1ns 
124127     INFO  main            d.u.i.k.p.i.AbstractProblemLoader Creating init config 
125396     DEBUG main            d.u.i.k.j.r.ClassPreparationMethodBuilder clPrepBuilder: Inner Class detected. Reject building class initialisation methods. 
128114     DEBUG main            d.u.i.k.p.i.AbstractProblemLoader Init config took 3.99s 
128176     INFO  main            d.u.i.k.p.i.AbstractProblemLoader Replaying proof ArrayList[List::get(int)].JML exceptional_behavior operation contract.0 
128178     DEBUG main            d.u.i.k.p.i.IntermediateProofReplayer Proof replay took 7.8ns 
129784     INFO  main            d.u.i.k.p.r.p.TestFile    ... finished proof: closed. 
130048     INFO  main            d.u.i.k.p.i.AbstractProblemLoader Loading environment from /home/runner/work/key/key/key.core/../key.ui/examples/heap/list/ArrayList_get_exceptional.key.proof 
130049     DEBUG main            d.u.i.k.p.i.AbstractProblemLoader Environment load took 184.4ns 
130050     INFO  main            d.u.i.k.p.i.AbstractProblemLoader Creating init config 
131260     DEBUG main            d.u.i.k.j.r.ClassPreparationMethodBuilder clPrepBuilder: Inner Class detected. Reject building class initialisation methods. 
133964     DEBUG main            d.u.i.k.p.i.AbstractProblemLoader Init config took 3.91s 
134023     INFO  main            d.u.i.k.p.i.AbstractProblemLoader Replaying proof ArrayList[List::get(int)].JML exceptional_behavior operation contract.0 
134334     DEBUG main            d.u.i.k.p.i.IntermediateProofReplayer Proof replay took 302.11ms 
134335     DEBUG main            d.u.i.k.p.r.p.TestFile    ... success: reloaded. 
134337     INFO  main            d.u.i.k.p.r.p.TestFile    Now processing file /home/runner/work/key/key/key.core/../key.ui/examples/heap/list/ArrayList_get_normal.key 
134337     INFO  main            d.u.i.k.p.i.AbstractProblemLoader Loading environment from /home/runner/work/key/key/key.core/../key.ui/examples/heap/list/ArrayList_get_normal.key 
134337     DEBUG main            d.u.i.k.p.i.AbstractProblemLoader Environment load took 137.9ns 
134338     INFO  main            d.u.i.k.p.i.AbstractProblemLoader Creating init config 
135569     DEBUG main            d.u.i.k.j.r.ClassPreparationMethodBuilder clPrepBuilder: Inner Class detected. Reject building class initialisation methods. 
138263     DEBUG main            d.u.i.k.p.i.AbstractProblemLoader Init config took 3.93s 
138324     INFO  main            d.u.i.k.p.i.AbstractProblemLoader Replaying proof ArrayList[List::get(int)].JML normal_behavior operation contract.0 
138326     DEBUG main            d.u.i.k.p.i.IntermediateProofReplayer Proof replay took 7.9ns 
138929     INFO  main            d.u.i.k.p.r.p.TestFile    ... finished proof: closed. 
139201     INFO  main            d.u.i.k.p.i.AbstractProblemLoader Loading environment from /home/runner/work/key/key/key.core/../key.ui/examples/heap/list/ArrayList_get_normal.key.proof 
139201     DEBUG main            d.u.i.k.p.i.AbstractProblemLoader Environment load took 258.9ns 
139202     INFO  main            d.u.i.k.p.i.AbstractProblemLoader Creating init config 
140409     DEBUG main            d.u.i.k.j.r.ClassPreparationMethodBuilder clPrepBuilder: Inner Class detected. Reject building class initialisation methods. 
143128     DEBUG main            d.u.i.k.p.i.AbstractProblemLoader Init config took 3.93s 
143189     INFO  main            d.u.i.k.p.i.AbstractProblemLoader Replaying proof ArrayList[List::get(int)].JML normal_behavior operation contract.0 
143333     DEBUG main            d.u.i.k.p.i.IntermediateProofReplayer Proof replay took 138.55ms 
143335     DEBUG main            d.u.i.k.p.r.p.TestFile    ... success: reloaded. 
143338     INFO  main            d.u.i.k.p.r.p.TestFile    Now processing file /home/runner/work/key/key/key.core/../key.ui/examples/heap/list/ArrayList_inv.key 
143339     INFO  main            d.u.i.k.p.i.AbstractProblemLoader Loading environment from /home/runner/work/key/key/key.core/../key.ui/examples/heap/list/ArrayList_inv.key 
143339     DEBUG main            d.u.i.k.p.i.AbstractProblemLoader Environment load took 168.6ns 
143341     INFO  main            d.u.i.k.p.i.AbstractProblemLoader Creating init config 
144614     DEBUG main            d.u.i.k.j.r.ClassPreparationMethodBuilder clPrepBuilder: Inner Class detected. Reject building class initialisation methods. 
147224     DEBUG main            d.u.i.k.p.i.AbstractProblemLoader Init config took 3.88s 
147301     INFO  main            d.u.i.k.p.i.AbstractProblemLoader Replaying proof ArrayList[java.lang.Object::<inv>()].JML accessible clause.0 
147305     DEBUG main            d.u.i.k.p.i.IntermediateProofReplayer Proof replay took 8ns 
147808     INFO  main            d.u.i.k.p.r.p.TestFile    ... finished proof: closed. 
148092     INFO  main            d.u.i.k.p.i.AbstractProblemLoader Loading environment from /home/runner/work/key/key/key.core/../key.ui/examples/heap/list/ArrayList_inv.key.proof 
148093     DEBUG main            d.u.i.k.p.i.AbstractProblemLoader Environment load took 642.3ns 
148094     INFO  main            d.u.i.k.p.i.AbstractProblemLoader Creating init config 
149284     DEBUG main            d.u.i.k.j.r.ClassPreparationMethodBuilder clPrepBuilder: Inner Class detected. Reject building class initialisation methods. 
151914     DEBUG main            d.u.i.k.p.i.AbstractProblemLoader Init config took 3.82s 
151972     INFO  main            d.u.i.k.p.i.AbstractProblemLoader Replaying proof ArrayList[java.lang.Object::<inv>()].JML accessible clause.0 
152036     DEBUG main            d.u.i.k.p.i.IntermediateProofReplayer Proof replay took 60.49ms 
152038     DEBUG main            d.u.i.k.p.r.p.TestFile    ... success: reloaded. 
152039     INFO  main            d.u.i.k.p.r.p.TestFile    Now processing file /home/runner/work/key/key/key.core/../key.ui/examples/heap/list/ArrayList_iterator.key 
152039     INFO  main            d.u.i.k.p.i.AbstractProblemLoader Loading environment from /home/runner/work/key/key/key.core/../key.ui/examples/heap/list/ArrayList_iterator.key 
152039     DEBUG main            d.u.i.k.p.i.AbstractProblemLoader Environment load took 111.6ns 
152041     INFO  main            d.u.i.k.p.i.AbstractProblemLoader Creating init config 
153262     DEBUG main            d.u.i.k.j.r.ClassPreparationMethodBuilder clPrepBuilder: Inner Class detected. Reject building class initialisation methods. 
155964     DEBUG main            d.u.i.k.p.i.AbstractProblemLoader Init config took 3.92s 
156028     INFO  main            d.u.i.k.p.i.AbstractProblemLoader Replaying proof ArrayList[List::iterator()].JML normal_behavior operation contract.0 
156032     DEBUG main            d.u.i.k.p.i.IntermediateProofReplayer Proof replay took 7.4ns 
156737     INFO  main            d.u.i.k.p.r.p.TestFile    ... finished proof: closed. 
157047     INFO  main            d.u.i.k.p.i.AbstractProblemLoader Loading environment from /home/runner/work/key/key/key.core/../key.ui/examples/heap/list/ArrayList_iterator.key.proof 
157048     DEBUG main            d.u.i.k.p.i.AbstractProblemLoader Environment load took 639.4ns 
157051     INFO  main            d.u.i.k.p.i.AbstractProblemLoader Creating init config 
158265     DEBUG main            d.u.i.k.j.r.ClassPreparationMethodBuilder clPrepBuilder: Inner Class detected. Reject building class initialisation methods. 
160821     DEBUG main            d.u.i.k.p.i.AbstractProblemLoader Init config took 3.77s 
160881     INFO  main            d.u.i.k.p.i.AbstractProblemLoader Replaying proof ArrayList[List::iterator()].JML normal_behavior operation contract.0 
161007     DEBUG main            d.u.i.k.p.i.IntermediateProofReplayer Proof replay took 120.3ms 
161008     DEBUG main            d.u.i.k.p.r.p.TestFile    ... success: reloaded. 
161010     INFO  main            d.u.i.k.p.r.p.TestFile    Now processing file /home/runner/work/key/key/key.core/../key.ui/examples/heap/list/ArrayList_size_dep.key 
161010     INFO  main            d.u.i.k.p.i.AbstractProblemLoader Loading environment from /home/runner/work/key/key/key.core/../key.ui/examples/heap/list/ArrayList_size_dep.key 
161011     DEBUG main            d.u.i.k.p.i.AbstractProblemLoader Environment load took 275.3ns 
161012     INFO  main            d.u.i.k.p.i.AbstractProblemLoader Creating init config 
162259     DEBUG main            d.u.i.k.j.r.ClassPreparationMethodBuilder clPrepBuilder: Inner Class detected. Reject building class initialisation methods. 
164920     DEBUG main            d.u.i.k.p.i.AbstractProblemLoader Init config took 3.91s 
164981     INFO  main            d.u.i.k.p.i.AbstractProblemLoader Replaying proof ArrayList[List::size()].JML accessible clause.0 
164985     DEBUG main            d.u.i.k.p.i.IntermediateProofReplayer Proof replay took 8.8ns 
165187     INFO  main            d.u.i.k.p.r.p.TestFile    ... finished proof: closed. 
165472     INFO  main            d.u.i.k.p.i.AbstractProblemLoader Loading environment from /home/runner/work/key/key/key.core/../key.ui/examples/heap/list/ArrayList_size_dep.key.proof 
165472     DEBUG main            d.u.i.k.p.i.AbstractProblemLoader Environment load took 150.1ns 
165474     INFO  main            d.u.i.k.p.i.AbstractProblemLoader Creating init config 
166674     DEBUG main            d.u.i.k.j.r.ClassPreparationMethodBuilder clPrepBuilder: Inner Class detected. Reject building class initialisation methods. 
169279     DEBUG main            d.u.i.k.p.i.AbstractProblemLoader Init config took 3.81s 
169347     INFO  main            d.u.i.k.p.i.AbstractProblemLoader Replaying proof ArrayList[List::size()].JML accessible clause.0 
169387     DEBUG main            d.u.i.k.p.i.IntermediateProofReplayer Proof replay took 37.19ms 
169388     DEBUG main            d.u.i.k.p.r.p.TestFile    ... success: reloaded. 
169390     INFO  main            d.u.i.k.p.r.p.TestFile    Now processing file /home/runner/work/key/key/key.core/../key.ui/examples/heap/list/ArrayList_size.key 
169390     INFO  main            d.u.i.k.p.i.AbstractProblemLoader Loading environment from /home/runner/work/key/key/key.core/../key.ui/examples/heap/list/ArrayList_size.key 
169390     DEBUG main            d.u.i.k.p.i.AbstractProblemLoader Environment load took 115.4ns 
169391     INFO  main            d.u.i.k.p.i.AbstractProblemLoader Creating init config 
170661     DEBUG main            d.u.i.k.j.r.ClassPreparationMethodBuilder clPrepBuilder: Inner Class detected. Reject building class initialisation methods. 
173397     DEBUG main            d.u.i.k.p.i.AbstractProblemLoader Init config took 4.01s 
173454     INFO  main            d.u.i.k.p.i.AbstractProblemLoader Replaying proof ArrayList[List::size()].JML normal_behavior operation contract.0 
173456     DEBUG main            d.u.i.k.p.i.IntermediateProofReplayer Proof replay took 7.4ns 
173760     INFO  main            d.u.i.k.p.r.p.TestFile    ... finished proof: closed. 
174068     INFO  main            d.u.i.k.p.i.AbstractProblemLoader Loading environment from /home/runner/work/key/key/key.core/../key.ui/examples/heap/list/ArrayList_size.key.proof 
174069     DEBUG main            d.u.i.k.p.i.AbstractProblemLoader Environment load took 784.2ns 
174070     INFO  main            d.u.i.k.p.i.AbstractProblemLoader Creating init config 
175254     DEBUG main            d.u.i.k.j.r.ClassPreparationMethodBuilder clPrepBuilder: Inner Class detected. Reject building class initialisation methods. 
177893     DEBUG main            d.u.i.k.p.i.AbstractProblemLoader Init config took 3.82s 
177950     INFO  main            d.u.i.k.p.i.AbstractProblemLoader Replaying proof ArrayList[List::size()].JML normal_behavior operation contract.0 
178002     DEBUG main            d.u.i.k.p.i.IntermediateProofReplayer Proof replay took 49.63ms 
178004     DEBUG main            d.u.i.k.p.r.p.TestFile    ... success: reloaded. 
178005     INFO  main            d.u.i.k.p.r.p.TestFile    Now processing file /home/runner/work/key/key/key.core/../key.ui/examples/heap/list/ArrayList.ArrayListIterator_ArrayListIterator.key 
178005     INFO  main            d.u.i.k.p.i.AbstractProblemLoader Loading environment from /home/runner/work/key/key/key.core/../key.ui/examples/heap/list/ArrayList.ArrayListIterator_ArrayListIterator.key 
178005     DEBUG main            d.u.i.k.p.i.AbstractProblemLoader Environment load took 117.2ns 
178006     INFO  main            d.u.i.k.p.i.AbstractProblemLoader Creating init config 
179209     DEBUG main            d.u.i.k.j.r.ClassPreparationMethodBuilder clPrepBuilder: Inner Class detected. Reject building class initialisation methods. 
181868     DEBUG main            d.u.i.k.p.i.AbstractProblemLoader Init config took 3.86s 
181939     INFO  main            d.u.i.k.p.i.AbstractProblemLoader Replaying proof ArrayList.ArrayListIterator[ArrayList.ArrayListIterator::ArrayListIterator(ArrayList)].JML normal_behavior operation contract.0 
181941     DEBUG main            d.u.i.k.p.i.IntermediateProofReplayer Proof replay took 8.1ns 
182846     INFO  main            d.u.i.k.p.r.p.TestFile    ... finished proof: closed. 
183198     INFO  main            d.u.i.k.p.i.AbstractProblemLoader Loading environment from /home/runner/work/key/key/key.core/../key.ui/examples/heap/list/ArrayList.ArrayListIterator_ArrayListIterator.key.proof 
183198     DEBUG main            d.u.i.k.p.i.AbstractProblemLoader Environment load took 166.1ns 
183199     INFO  main            d.u.i.k.p.i.AbstractProblemLoader Creating init config 
184397     DEBUG main            d.u.i.k.j.r.ClassPreparationMethodBuilder clPrepBuilder: Inner Class detected. Reject building class initialisation methods. 
186974     DEBUG main            d.u.i.k.p.i.AbstractProblemLoader Init config took 3.78s 
187044     INFO  main            d.u.i.k.p.i.AbstractProblemLoader Replaying proof ArrayList.ArrayListIterator[ArrayList.ArrayListIterator::ArrayListIterator(ArrayList)].JML normal_behavior operation contract.0 
187193     DEBUG main            d.u.i.k.p.i.IntermediateProofReplayer Proof replay took 143.46ms 
187194     DEBUG main            d.u.i.k.p.r.p.TestFile    ... success: reloaded. 
187196     INFO  main            d.u.i.k.p.r.p.TestFile    Now processing file /home/runner/work/key/key/key.core/../key.ui/examples/heap/list/ArrayList.ArrayListIterator_hasNext_dep.key 
187196     INFO  main            d.u.i.k.p.i.AbstractProblemLoader Loading environment from /home/runner/work/key/key/key.core/../key.ui/examples/heap/list/ArrayList.ArrayListIterator_hasNext_dep.key 
187197     DEBUG main            d.u.i.k.p.i.AbstractProblemLoader Environment load took 315.3ns 
187198     INFO  main            d.u.i.k.p.i.AbstractProblemLoader Creating init config 
188428     DEBUG main            d.u.i.k.j.r.ClassPreparationMethodBuilder clPrepBuilder: Inner Class detected. Reject building class initialisation methods. 
191141     DEBUG main            d.u.i.k.p.i.AbstractProblemLoader Init config took 3.94s 
191241     INFO  main            d.u.i.k.p.i.AbstractProblemLoader Replaying proof ArrayList.ArrayListIterator[ListIterator::hasNext()].JML accessible clause.0 
191243     DEBUG main            d.u.i.k.p.i.IntermediateProofReplayer Proof replay took 6.9ns 
191747     INFO  main            d.u.i.k.p.r.p.TestFile    ... finished proof: closed. 
192085     INFO  main            d.u.i.k.p.i.AbstractProblemLoader Loading environment from /home/runner/work/key/key/key.core/../key.ui/examples/heap/list/ArrayList.ArrayListIterator_hasNext_dep.key.proof 
192085     DEBUG main            d.u.i.k.p.i.AbstractProblemLoader Environment load took 626.9ns 
192087     INFO  main            d.u.i.k.p.i.AbstractProblemLoader Creating init config 
193292     DEBUG main            d.u.i.k.j.r.ClassPreparationMethodBuilder clPrepBuilder: Inner Class detected. Reject building class initialisation methods. 
195888     DEBUG main            d.u.i.k.p.i.AbstractProblemLoader Init config took 3.8s 
195968     INFO  main            d.u.i.k.p.i.AbstractProblemLoader Replaying proof ArrayList.ArrayListIterator[ListIterator::hasNext()].JML accessible clause.0 
196048     DEBUG main            d.u.i.k.p.i.IntermediateProofReplayer Proof replay took 76.1ms 
196050     DEBUG main            d.u.i.k.p.r.p.TestFile    ... success: reloaded. 
196051     INFO  main            d.u.i.k.p.r.p.TestFile    Now processing file /home/runner/work/key/key/key.core/../key.ui/examples/heap/list/ArrayList.ArrayListIterator_hasNext.key 
196051     INFO  main            d.u.i.k.p.i.AbstractProblemLoader Loading environment from /home/runner/work/key/key/key.core/../key.ui/examples/heap/list/ArrayList.ArrayListIterator_hasNext.key 
196051     DEBUG main            d.u.i.k.p.i.AbstractProblemLoader Environment load took 132.3ns 
196053     INFO  main            d.u.i.k.p.i.AbstractProblemLoader Creating init config 
197263     DEBUG main            d.u.i.k.j.r.ClassPreparationMethodBuilder clPrepBuilder: Inner Class detected. Reject building class initialisation methods. 
199898     DEBUG main            d.u.i.k.p.i.AbstractProblemLoader Init config took 3.85s 
199967     INFO  main            d.u.i.k.p.i.AbstractProblemLoader Replaying proof ArrayList.ArrayListIterator[ListIterator::hasNext()].JML normal_behavior operation contract.0 
199969     DEBUG main            d.u.i.k.p.i.IntermediateProofReplayer Proof replay took 8.8ns 
200473     INFO  main            d.u.i.k.p.r.p.TestFile    ... finished proof: closed. 
200811     INFO  main            d.u.i.k.p.i.AbstractProblemLoader Loading environment from /home/runner/work/key/key/key.core/../key.ui/examples/heap/list/ArrayList.ArrayListIterator_hasNext.key.proof 
200811     DEBUG main            d.u.i.k.p.i.AbstractProblemLoader Environment load took 141.5ns 
200814     INFO  main            d.u.i.k.p.i.AbstractProblemLoader Creating init config 
201999     DEBUG main            d.u.i.k.j.r.ClassPreparationMethodBuilder clPrepBuilder: Inner Class detected. Reject building class initialisation methods. 
204561     DEBUG main            d.u.i.k.p.i.AbstractProblemLoader Init config took 3.75s 
204627     INFO  main            d.u.i.k.p.i.AbstractProblemLoader Replaying proof ArrayList.ArrayListIterator[ListIterator::hasNext()].JML normal_behavior operation contract.0 
204738     DEBUG main            d.u.i.k.p.i.IntermediateProofReplayer Proof replay took 107.35ms 
204740     DEBUG main            d.u.i.k.p.r.p.TestFile    ... success: reloaded. 
204741     INFO  main            d.u.i.k.p.r.p.TestFile    Now processing file /home/runner/work/key/key/key.core/../key.ui/examples/heap/list/ArrayList.ArrayListIterator_inv.key 
204741     INFO  main            d.u.i.k.p.i.AbstractProblemLoader Loading environment from /home/runner/work/key/key/key.core/../key.ui/examples/heap/list/ArrayList.ArrayListIterator_inv.key 
204741     DEBUG main            d.u.i.k.p.i.AbstractProblemLoader Environment load took 76.2ns 
204742     INFO  main            d.u.i.k.p.i.AbstractProblemLoader Creating init config 
205933     DEBUG main            d.u.i.k.j.r.ClassPreparationMethodBuilder clPrepBuilder: Inner Class detected. Reject building class initialisation methods. 
208584     DEBUG main            d.u.i.k.p.i.AbstractProblemLoader Init config took 3.84s 
208650     INFO  main            d.u.i.k.p.i.AbstractProblemLoader Replaying proof ArrayList.ArrayListIterator[java.lang.Object::<inv>()].JML accessible clause.0 
208652     DEBUG main            d.u.i.k.p.i.IntermediateProofReplayer Proof replay took 7.2ns 
209995     INFO  main            d.u.i.k.p.r.p.TestFile    ... finished proof: closed. 
210318     INFO  main            d.u.i.k.p.i.AbstractProblemLoader Loading environment from /home/runner/work/key/key/key.core/../key.ui/examples/heap/list/ArrayList.ArrayListIterator_inv.key.proof 
210318     DEBUG main            d.u.i.k.p.i.AbstractProblemLoader Environment load took 155.6ns 
210319     INFO  main            d.u.i.k.p.i.AbstractProblemLoader Creating init config 
211524     DEBUG main            d.u.i.k.j.r.ClassPreparationMethodBuilder clPrepBuilder: Inner Class detected. Reject building class initialisation methods. 
214069     DEBUG main            d.u.i.k.p.i.AbstractProblemLoader Init config took 3.75s 
214134     INFO  main            d.u.i.k.p.i.AbstractProblemLoader Replaying proof ArrayList.ArrayListIterator[java.lang.Object::<inv>()].JML accessible clause.0 
214310     DEBUG main            d.u.i.k.p.i.IntermediateProofReplayer Proof replay took 170.75ms 
214314     DEBUG main            d.u.i.k.p.r.p.TestFile    ... success: reloaded. 
214315     INFO  main            d.u.i.k.p.r.p.TestFile    Now processing file /home/runner/work/key/key/key.core/../key.ui/examples/heap/list/ArrayList.ArrayListIterator_list.key 
214316     INFO  main            d.u.i.k.p.i.AbstractProblemLoader Loading environment from /home/runner/work/key/key/key.core/../key.ui/examples/heap/list/ArrayList.ArrayListIterator_list.key 
214316     DEBUG main            d.u.i.k.p.i.AbstractProblemLoader Environment load took 107.6ns 
214317     INFO  main            d.u.i.k.p.i.AbstractProblemLoader Creating init config 
215551     DEBUG main            d.u.i.k.j.r.ClassPreparationMethodBuilder clPrepBuilder: Inner Class detected. Reject building class initialisation methods. 
218135     DEBUG main            d.u.i.k.p.i.AbstractProblemLoader Init config took 3.82s 
218185     INFO  main            d.u.i.k.p.i.AbstractProblemLoader Replaying proof ListIterator[ListIterator::$list()].JML accessible clause.0 
218187     DEBUG main            d.u.i.k.p.i.IntermediateProofReplayer Proof replay took 7.2ns 
218289     INFO  main            d.u.i.k.p.r.p.TestFile    ... finished proof: closed. 
218617     INFO  main            d.u.i.k.p.i.AbstractProblemLoader Loading environment from /home/runner/work/key/key/key.core/../key.ui/examples/heap/list/ArrayList.ArrayListIterator_list.key.proof 
218617     DEBUG main            d.u.i.k.p.i.AbstractProblemLoader Environment load took 151.6ns 
218619     INFO  main            d.u.i.k.p.i.AbstractProblemLoader Creating init config 
219819     DEBUG main            d.u.i.k.j.r.ClassPreparationMethodBuilder clPrepBuilder: Inner Class detected. Reject building class initialisation methods. 
222401     DEBUG main            d.u.i.k.p.i.AbstractProblemLoader Init config took 3.78s 
222456     INFO  main            d.u.i.k.p.i.AbstractProblemLoader Replaying proof ListIterator[ListIterator::$list()].JML accessible clause.0 
222460     DEBUG main            d.u.i.k.p.i.IntermediateProofReplayer Proof replay took 1.44ms 
222461     DEBUG main            d.u.i.k.p.r.p.TestFile    ... success: reloaded. 
222462     INFO  main            d.u.i.k.p.r.p.TestFile    Now processing file /home/runner/work/key/key/key.core/../key.ui/examples/heap/list/ArrayList.ArrayListIterator_next_exceptional.key 
222462     INFO  main            d.u.i.k.p.i.AbstractProblemLoader Loading environment from /home/runner/work/key/key/key.core/../key.ui/examples/heap/list/ArrayList.ArrayListIterator_next_exceptional.key 
222462     DEBUG main            d.u.i.k.p.i.AbstractProblemLoader Environment load took 129ns 
222463     INFO  main            d.u.i.k.p.i.AbstractProblemLoader Creating init config 
223656     DEBUG main            d.u.i.k.j.r.ClassPreparationMethodBuilder clPrepBuilder: Inner Class detected. Reject building class initialisation methods. 
226213     DEBUG main            d.u.i.k.p.i.AbstractProblemLoader Init config took 3.75s 
226275     INFO  main            d.u.i.k.p.i.AbstractProblemLoader Replaying proof ArrayList.ArrayListIterator[ListIterator::next()].JML exceptional_behavior operation contract.0 
226277     DEBUG main            d.u.i.k.p.i.IntermediateProofReplayer Proof replay took 6.8ns 
227385     INFO  main            d.u.i.k.p.r.p.TestFile    ... finished proof: closed. 
227737     INFO  main            d.u.i.k.p.i.AbstractProblemLoader Loading environment from /home/runner/work/key/key/key.core/../key.ui/examples/heap/list/ArrayList.ArrayListIterator_next_exceptional.key.proof 
227737     DEBUG main            d.u.i.k.p.i.AbstractProblemLoader Environment load took 134.7ns 
227739     INFO  main            d.u.i.k.p.i.AbstractProblemLoader Creating init config 
228904     DEBUG main            d.u.i.k.j.r.ClassPreparationMethodBuilder clPrepBuilder: Inner Class detected. Reject building class initialisation methods. 
231431     DEBUG main            d.u.i.k.p.i.AbstractProblemLoader Init config took 3.69s 
231496     INFO  main            d.u.i.k.p.i.AbstractProblemLoader Replaying proof ArrayList.ArrayListIterator[ListIterator::next()].JML exceptional_behavior operation contract.0 
231711     DEBUG main            d.u.i.k.p.i.IntermediateProofReplayer Proof replay took 209.68ms 
231713     DEBUG main            d.u.i.k.p.r.p.TestFile    ... success: reloaded. 
231714     INFO  main            d.u.i.k.p.r.p.TestFile    Now processing file /home/runner/work/key/key/key.core/../key.ui/examples/heap/list/ArrayList.ArrayListIterator_next_normal.key 
231715     INFO  main            d.u.i.k.p.i.AbstractProblemLoader Loading environment from /home/runner/work/key/key/key.core/../key.ui/examples/heap/list/ArrayList.ArrayListIterator_next_normal.key 
231715     DEBUG main            d.u.i.k.p.i.AbstractProblemLoader Environment load took 286.1ns 
231716     INFO  main            d.u.i.k.p.i.AbstractProblemLoader Creating init config 
232893     DEBUG main            d.u.i.k.j.r.ClassPreparationMethodBuilder clPrepBuilder: Inner Class detected. Reject building class initialisation methods. 
235459     DEBUG main            d.u.i.k.p.i.AbstractProblemLoader Init config took 3.74s 
235556     INFO  main            d.u.i.k.p.i.AbstractProblemLoader Replaying proof ArrayList.ArrayListIterator[ListIterator::next()].JML normal_behavior operation contract.0 
235558     DEBUG main            d.u.i.k.p.i.IntermediateProofReplayer Proof replay took 7.7ns 
236663     INFO  main            d.u.i.k.p.r.p.TestFile    ... finished proof: closed. 
237043     INFO  main            d.u.i.k.p.i.AbstractProblemLoader Loading environment from /home/runner/work/key/key/key.core/../key.ui/examples/heap/list/ArrayList.ArrayListIterator_next_normal.key.proof 
237043     DEBUG main            d.u.i.k.p.i.AbstractProblemLoader Environment load took 623.4ns 
237046     INFO  main            d.u.i.k.p.i.AbstractProblemLoader Creating init config 
238213     DEBUG main            d.u.i.k.j.r.ClassPreparationMethodBuilder clPrepBuilder: Inner Class detected. Reject building class initialisation methods. 
240639     DEBUG main            d.u.i.k.p.i.AbstractProblemLoader Init config took 3.59s 
240701     INFO  main            d.u.i.k.p.i.AbstractProblemLoader Replaying proof ArrayList.ArrayListIterator[ListIterator::next()].JML normal_behavior operation contract.0 
240959     DEBUG main            d.u.i.k.p.i.IntermediateProofReplayer Proof replay took 252.18ms 
240961     DEBUG main            d.u.i.k.p.r.p.TestFile    ... success: reloaded. 
240962     INFO  main            d.u.i.k.p.r.p.TestFile    Now processing file /home/runner/work/key/key/key.core/../key.ui/examples/heap/list/ArrayList.ArrayListIterator_pos.key 
240962     INFO  main            d.u.i.k.p.i.AbstractProblemLoader Loading environment from /home/runner/work/key/key/key.core/../key.ui/examples/heap/list/ArrayList.ArrayListIterator_pos.key 
240962     DEBUG main            d.u.i.k.p.i.AbstractProblemLoader Environment load took 142.6ns 
240963     INFO  main            d.u.i.k.p.i.AbstractProblemLoader Creating init config 
242145     DEBUG main            d.u.i.k.j.r.ClassPreparationMethodBuilder clPrepBuilder: Inner Class detected. Reject building class initialisation methods. 
244627     DEBUG main            d.u.i.k.p.i.AbstractProblemLoader Init config took 3.66s 
244699     INFO  main            d.u.i.k.p.i.AbstractProblemLoader Replaying proof ListIterator[ListIterator::$pos()].JML accessible clause.0 
244701     DEBUG main            d.u.i.k.p.i.IntermediateProofReplayer Proof replay took 7.2ns 
244810     INFO  main            d.u.i.k.p.r.p.TestFile    ... finished proof: closed. 
245188     INFO  main            d.u.i.k.p.i.AbstractProblemLoader Loading environment from /home/runner/work/key/key/key.core/../key.ui/examples/heap/list/ArrayList.ArrayListIterator_pos.key.proof 
245188     DEBUG main            d.u.i.k.p.i.AbstractProblemLoader Environment load took 125.8ns 
245189     INFO  main            d.u.i.k.p.i.AbstractProblemLoader Creating init config 
246339     DEBUG main            d.u.i.k.j.r.ClassPreparationMethodBuilder clPrepBuilder: Inner Class detected. Reject building class initialisation methods. 
248703     DEBUG main            d.u.i.k.p.i.AbstractProblemLoader Init config took 3.51s 
248754     INFO  main            d.u.i.k.p.i.AbstractProblemLoader Replaying proof ListIterator[ListIterator::$pos()].JML accessible clause.0 
248759     DEBUG main            d.u.i.k.p.i.IntermediateProofReplayer Proof replay took 1.64ms 
248763     DEBUG main            d.u.i.k.p.r.p.TestFile    ... success: reloaded. 
248764     INFO  main            d.u.i.k.p.r.p.TestFile    Now processing file /home/runner/work/key/key/key.core/../key.ui/examples/heap/list/Client_m.key 
248765     INFO  main            d.u.i.k.p.i.AbstractProblemLoader Loading environment from /home/runner/work/key/key/key.core/../key.ui/examples/heap/list/Client_m.key 
248765     DEBUG main            d.u.i.k.p.i.AbstractProblemLoader Environment load took 235ns 
248766     INFO  main            d.u.i.k.p.i.AbstractProblemLoader Creating init config 
249935     DEBUG main            d.u.i.k.j.r.ClassPreparationMethodBuilder clPrepBuilder: Inner Class detected. Reject building class initialisation methods. 
252379     DEBUG main            d.u.i.k.p.i.AbstractProblemLoader Init config took 3.61s 
252445     INFO  main            d.u.i.k.p.i.AbstractProblemLoader Replaying proof Client[Client::m(List)].JML normal_behavior operation contract.0 
252449     DEBUG main            d.u.i.k.p.i.IntermediateProofReplayer Proof replay took 6.4ns 
252854     INFO  main            d.u.i.k.p.r.p.TestFile    ... finished proof: closed. 
253214     INFO  main            d.u.i.k.p.i.AbstractProblemLoader Loading environment from /home/runner/work/key/key/key.core/../key.ui/examples/heap/list/Client_m.key.proof 
253214     DEBUG main            d.u.i.k.p.i.AbstractProblemLoader Environment load took 118.8ns 
253215     INFO  main            d.u.i.k.p.i.AbstractProblemLoader Creating init config 
254380     DEBUG main            d.u.i.k.j.r.ClassPreparationMethodBuilder clPrepBuilder: Inner Class detected. Reject building class initialisation methods. 
256714     DEBUG main            d.u.i.k.p.i.AbstractProblemLoader Init config took 3.5s 
256762     INFO  main            d.u.i.k.p.i.AbstractProblemLoader Replaying proof Client[Client::m(List)].JML normal_behavior operation contract.0 
256851     DEBUG main            d.u.i.k.p.i.IntermediateProofReplayer Proof replay took 85.07ms 
256852     DEBUG main            d.u.i.k.p.r.p.TestFile    ... success: reloaded. 
256853     INFO  main            d.u.i.k.p.r.p.TestFile    Now processing file /home/runner/work/key/key/key.core/../key.ui/examples/heap/list/Client_n.key 
256853     INFO  main            d.u.i.k.p.i.AbstractProblemLoader Loading environment from /home/runner/work/key/key/key.core/../key.ui/examples/heap/list/Client_n.key 
256854     DEBUG main            d.u.i.k.p.i.AbstractProblemLoader Environment load took 97.6ns 
256855     INFO  main            d.u.i.k.p.i.AbstractProblemLoader Creating init config 
257952     DEBUG main            d.u.i.k.j.r.ClassPreparationMethodBuilder clPrepBuilder: Inner Class detected. Reject building class initialisation methods. 
260373     DEBUG main            d.u.i.k.p.i.AbstractProblemLoader Init config took 3.52s 
260421     INFO  main            d.u.i.k.p.i.AbstractProblemLoader Replaying proof Client[Client::n(List)].JML normal_behavior operation contract.0 
260423     DEBUG main            d.u.i.k.p.i.IntermediateProofReplayer Proof replay took 6.9ns 
260526     INFO  main            d.u.i.k.p.r.p.TestFile    ... finished proof: closed. 
260893     INFO  main            d.u.i.k.p.i.AbstractProblemLoader Loading environment from /home/runner/work/key/key/key.core/../key.ui/examples/heap/list/Client_n.key.proof 
260893     DEBUG main            d.u.i.k.p.i.AbstractProblemLoader Environment load took 107.6ns 
260894     INFO  main            d.u.i.k.p.i.AbstractProblemLoader Creating init config 
262022     DEBUG main            d.u.i.k.j.r.ClassPreparationMethodBuilder clPrepBuilder: Inner Class detected. Reject building class initialisation methods. 
264408     DEBUG main            d.u.i.k.p.i.AbstractProblemLoader Init config took 3.51s 
264460     INFO  main            d.u.i.k.p.i.AbstractProblemLoader Replaying proof Client[Client::n(List)].JML normal_behavior operation contract.0 
264490     DEBUG main            d.u.i.k.p.i.IntermediateProofReplayer Proof replay took 28.21ms 
264492     DEBUG main            d.u.i.k.p.r.p.TestFile    ... success: reloaded. 
264493     INFO  main            d.u.i.k.p.r.p.TestFile    Now processing file /home/runner/work/key/key/key.core/../key.ui/examples/heap/list/LinkedList_get_exceptional.key 
264493     INFO  main            d.u.i.k.p.i.AbstractProblemLoader Loading environment from /home/runner/work/key/key/key.core/../key.ui/examples/heap/list/LinkedList_get_exceptional.key 
264493     DEBUG main            d.u.i.k.p.i.AbstractProblemLoader Environment load took 120.1ns 
264494     INFO  main            d.u.i.k.p.i.AbstractProblemLoader Creating init config 
265761     DEBUG main            d.u.i.k.j.r.ClassPreparationMethodBuilder clPrepBuilder: Inner Class detected. Reject building class initialisation methods. 
268476     DEBUG main            d.u.i.k.p.i.AbstractProblemLoader Init config took 3.98s 
268563     INFO  main            d.u.i.k.p.i.AbstractProblemLoader Replaying proof LinkedList[List::get(int)].JML exceptional_behavior operation contract.0 
268565     DEBUG main            d.u.i.k.p.i.IntermediateProofReplayer Proof replay took 8.5ns 
271674     INFO  main            d.u.i.k.p.r.p.TestFile    ... finished proof: closed. 
272094     INFO  main            d.u.i.k.p.i.AbstractProblemLoader Loading environment from /home/runner/work/key/key/key.core/../key.ui/examples/heap/list/LinkedList_get_exceptional.key.proof 
272095     DEBUG main            d.u.i.k.p.i.AbstractProblemLoader Environment load took 652.2ns 
272096     INFO  main            d.u.i.k.p.i.AbstractProblemLoader Creating init config 
273352     DEBUG main            d.u.i.k.j.r.ClassPreparationMethodBuilder clPrepBuilder: Inner Class detected. Reject building class initialisation methods. 
275955     DEBUG main            d.u.i.k.p.i.AbstractProblemLoader Init config took 3.86s 
276045     INFO  main            d.u.i.k.p.i.AbstractProblemLoader Replaying proof LinkedList[List::get(int)].JML exceptional_behavior operation contract.0 
276625     DEBUG main            d.u.i.k.p.i.IntermediateProofReplayer Proof replay took 565ms 
276629     DEBUG main            d.u.i.k.p.r.p.TestFile    ... success: reloaded. 
276632     INFO  main            d.u.i.k.p.r.p.TestFile    Now processing file /home/runner/work/key/key/key.core/../key.ui/examples/heap/list/LinkedList_get_normal.key 
276634     INFO  main            d.u.i.k.p.i.AbstractProblemLoader Loading environment from /home/runner/work/key/key/key.core/../key.ui/examples/heap/list/LinkedList_get_normal.key 
276635     DEBUG main            d.u.i.k.p.i.AbstractProblemLoader Environment load took 584.1ns 
276637     INFO  main            d.u.i.k.p.i.AbstractProblemLoader Creating init config 
277858     DEBUG main            d.u.i.k.j.r.ClassPreparationMethodBuilder clPrepBuilder: Inner Class detected. Reject building class initialisation methods. 
280677     DEBUG main            d.u.i.k.p.i.AbstractProblemLoader Init config took 4.04s 
280740     INFO  main            d.u.i.k.p.i.AbstractProblemLoader Replaying proof LinkedList[List::get(int)].JML normal_behavior operation contract.0 
280742     DEBUG main            d.u.i.k.p.i.IntermediateProofReplayer Proof replay took 8.7ns 
287992     INFO  main            d.u.i.k.p.r.p.TestFile    ... finished proof: closed. 
288438     INFO  main            d.u.i.k.p.i.AbstractProblemLoader Loading environment from /home/runner/work/key/key/key.core/../key.ui/examples/heap/list/LinkedList_get_normal.key.proof 
288438     DEBUG main            d.u.i.k.p.i.AbstractProblemLoader Environment load took 556.2ns 
288441     INFO  main            d.u.i.k.p.i.AbstractProblemLoader Creating init config 
289614     DEBUG main            d.u.i.k.j.r.ClassPreparationMethodBuilder clPrepBuilder: Inner Class detected. Reject building class initialisation methods. 
292122     DEBUG main            d.u.i.k.p.i.AbstractProblemLoader Init config took 3.68s 
292177     INFO  main            d.u.i.k.p.i.AbstractProblemLoader Replaying proof LinkedList[List::get(int)].JML normal_behavior operation contract.0 
292830     DEBUG main            d.u.i.k.p.i.IntermediateProofReplayer Proof replay took 628.82ms 
292832     DEBUG main            d.u.i.k.p.r.p.TestFile    ... success: reloaded. 
292833     INFO  main            d.u.i.k.p.r.p.TestFile    Now processing file /home/runner/work/key/key/key.core/../key.ui/examples/heap/list/LinkedList_LinkedList.key 
292834     INFO  main            d.u.i.k.p.i.AbstractProblemLoader Loading environment from /home/runner/work/key/key/key.core/../key.ui/examples/heap/list/LinkedList_LinkedList.key 
292834     DEBUG main            d.u.i.k.p.i.AbstractProblemLoader Environment load took 131.1ns 
292835     INFO  main            d.u.i.k.p.i.AbstractProblemLoader Creating init config 
294047     DEBUG main            d.u.i.k.j.r.ClassPreparationMethodBuilder clPrepBuilder: Inner Class detected. Reject building class initialisation methods. 
296660     DEBUG main            d.u.i.k.p.i.AbstractProblemLoader Init config took 3.82s 
296715     INFO  main            d.u.i.k.p.i.AbstractProblemLoader Replaying proof LinkedList[LinkedList::LinkedList()].JML normal_behavior operation contract.0 
296716     DEBUG main            d.u.i.k.p.i.IntermediateProofReplayer Proof replay took 8ns 
297420     INFO  main            d.u.i.k.p.r.p.TestFile    ... finished proof: closed. 
297844     INFO  main            d.u.i.k.p.i.AbstractProblemLoader Loading environment from /home/runner/work/key/key/key.core/../key.ui/examples/heap/list/LinkedList_LinkedList.key.proof 
297844     DEBUG main            d.u.i.k.p.i.AbstractProblemLoader Environment load took 236.9ns 
297846     INFO  main            d.u.i.k.p.i.AbstractProblemLoader Creating init config 
299021     DEBUG main            d.u.i.k.j.r.ClassPreparationMethodBuilder clPrepBuilder: Inner Class detected. Reject building class initialisation methods. 
301560     DEBUG main            d.u.i.k.p.i.AbstractProblemLoader Init config took 3.71s 
301616     INFO  main            d.u.i.k.p.i.AbstractProblemLoader Replaying proof LinkedList[LinkedList::LinkedList()].JML normal_behavior operation contract.0 
301753     DEBUG main            d.u.i.k.p.i.IntermediateProofReplayer Proof replay took 132.67ms 
301754     DEBUG main            d.u.i.k.p.r.p.TestFile    ... success: reloaded. 
301756     INFO  main            d.u.i.k.p.r.p.TestFile    Now processing file /home/runner/work/key/key/key.core/../key.ui/examples/heap/list/LinkedList_size_dep.key 
301756     INFO  main            d.u.i.k.p.i.AbstractProblemLoader Loading environment from /home/runner/work/key/key/key.core/../key.ui/examples/heap/list/LinkedList_size_dep.key 
301756     DEBUG main            d.u.i.k.p.i.AbstractProblemLoader Environment load took 248ns 
301758     INFO  main            d.u.i.k.p.i.AbstractProblemLoader Creating init config 
302952     DEBUG main            d.u.i.k.j.r.ClassPreparationMethodBuilder clPrepBuilder: Inner Class detected. Reject building class initialisation methods. 
305528     DEBUG main            d.u.i.k.p.i.AbstractProblemLoader Init config took 3.77s 
305583     INFO  main            d.u.i.k.p.i.AbstractProblemLoader Replaying proof LinkedList[List::size()].JML accessible clause.0 
305585     DEBUG main            d.u.i.k.p.i.IntermediateProofReplayer Proof replay took 8.4ns 
306288     INFO  main            d.u.i.k.p.r.p.TestFile    ... finished proof: closed. 
306688     INFO  main            d.u.i.k.p.i.AbstractProblemLoader Loading environment from /home/runner/work/key/key/key.core/../key.ui/examples/heap/list/LinkedList_size_dep.key.proof 
306688     DEBUG main            d.u.i.k.p.i.AbstractProblemLoader Environment load took 122.8ns 
306691     INFO  main            d.u.i.k.p.i.AbstractProblemLoader Creating init config 
307884     DEBUG main            d.u.i.k.j.r.ClassPreparationMethodBuilder clPrepBuilder: Inner Class detected. Reject building class initialisation methods. 
310403     DEBUG main            d.u.i.k.p.i.AbstractProblemLoader Init config took 3.71s 
310455     INFO  main            d.u.i.k.p.i.AbstractProblemLoader Replaying proof LinkedList[List::size()].JML accessible clause.0 
310529     DEBUG main            d.u.i.k.p.i.IntermediateProofReplayer Proof replay took 70.4ms 
310531     DEBUG main            d.u.i.k.p.r.p.TestFile    ... success: reloaded. 
310532     INFO  main            d.u.i.k.p.r.p.TestFile    Now processing file /home/runner/work/key/key/key.core/../key.ui/examples/heap/list/LinkedList_size.key 
310532     INFO  main            d.u.i.k.p.i.AbstractProblemLoader Loading environment from /home/runner/work/key/key/key.core/../key.ui/examples/heap/list/LinkedList_size.key 
310532     DEBUG main            d.u.i.k.p.i.AbstractProblemLoader Environment load took 113.2ns 
310533     INFO  main            d.u.i.k.p.i.AbstractProblemLoader Creating init config 
311729     DEBUG main            d.u.i.k.j.r.ClassPreparationMethodBuilder clPrepBuilder: Inner Class detected. Reject building class initialisation methods. 
314313     DEBUG main            d.u.i.k.p.i.AbstractProblemLoader Init config took 3.78s 
314370     INFO  main            d.u.i.k.p.i.AbstractProblemLoader Replaying proof LinkedList[List::size()].JML normal_behavior operation contract.0 
314372     DEBUG main            d.u.i.k.p.i.IntermediateProofReplayer Proof replay took 7.5ns 
314989     INFO  main            d.u.i.k.p.r.p.TestFile    ... finished proof: closed. 
315397     INFO  main            d.u.i.k.p.i.AbstractProblemLoader Loading environment from /home/runner/work/key/key/key.core/../key.ui/examples/heap/list/LinkedList_size.key.proof 
315397     DEBUG main            d.u.i.k.p.i.AbstractProblemLoader Environment load took 148.5ns 
315398     INFO  main            d.u.i.k.p.i.AbstractProblemLoader Creating init config 
316572     DEBUG main            d.u.i.k.j.r.ClassPreparationMethodBuilder clPrepBuilder: Inner Class detected. Reject building class initialisation methods. 
319069     DEBUG main            d.u.i.k.p.i.AbstractProblemLoader Init config took 3.67s 
319124     INFO  main            d.u.i.k.p.i.AbstractProblemLoader Replaying proof LinkedList[List::size()].JML normal_behavior operation contract.0 
319187     DEBUG main            d.u.i.k.p.i.IntermediateProofReplayer Proof replay took 60.21ms 
319188     DEBUG main            d.u.i.k.p.r.p.TestFile    ... success: reloaded. 
319189     INFO  main            d.u.i.k.p.r.p.TestFile    Now processing file /home/runner/work/key/key/key.core/../key.ui/examples/heap/list/MySet_footprint.key 
319190     INFO  main            d.u.i.k.p.i.AbstractProblemLoader Loading environment from /home/runner/work/key/key/key.core/../key.ui/examples/heap/list/MySet_footprint.key 
319190     DEBUG main            d.u.i.k.p.i.AbstractProblemLoader Environment load took 121.6ns 
319191     INFO  main            d.u.i.k.p.i.AbstractProblemLoader Creating init config 
320390     DEBUG main            d.u.i.k.j.r.ClassPreparationMethodBuilder clPrepBuilder: Inner Class detected. Reject building class initialisation methods. 
322888     DEBUG main            d.u.i.k.p.i.AbstractProblemLoader Init config took 3.7s 
322966     INFO  main            d.u.i.k.p.i.AbstractProblemLoader Replaying proof MySet[MySet::$footprint()].JML accessible clause.0 
322968     DEBUG main            d.u.i.k.p.i.IntermediateProofReplayer Proof replay took 7.8ns 
323271     INFO  main            d.u.i.k.p.r.p.TestFile    ... finished proof: closed. 
323685     INFO  main            d.u.i.k.p.i.AbstractProblemLoader Loading environment from /home/runner/work/key/key/key.core/../key.ui/examples/heap/list/MySet_footprint.key.proof 
323685     DEBUG main            d.u.i.k.p.i.AbstractProblemLoader Environment load took 99.4ns 
323687     INFO  main            d.u.i.k.p.i.AbstractProblemLoader Creating init config 
324789     DEBUG main            d.u.i.k.j.r.ClassPreparationMethodBuilder clPrepBuilder: Inner Class detected. Reject building class initialisation methods. 
327122     DEBUG main            d.u.i.k.p.i.AbstractProblemLoader Init config took 3.43s 
327192     INFO  main            d.u.i.k.p.i.AbstractProblemLoader Replaying proof MySet[MySet::$footprint()].JML accessible clause.0 
327236     DEBUG main            d.u.i.k.p.i.IntermediateProofReplayer Proof replay took 40.26ms 
327238     DEBUG main            d.u.i.k.p.r.p.TestFile    ... success: reloaded. 
327239     INFO  main            d.u.i.k.p.r.p.TestFile    Now processing file /home/runner/work/key/key/key.core/../key.ui/examples/heap/list/MySet_MySet.key 
327239     INFO  main            d.u.i.k.p.i.AbstractProblemLoader Loading environment from /home/runner/work/key/key/key.core/../key.ui/examples/heap/list/MySet_MySet.key 
327239     DEBUG main            d.u.i.k.p.i.AbstractProblemLoader Environment load took 90.5ns 
327243     INFO  main            d.u.i.k.p.i.AbstractProblemLoader Creating init config 
328341     DEBUG main            d.u.i.k.j.r.ClassPreparationMethodBuilder clPrepBuilder: Inner Class detected. Reject building class initialisation methods. 
330725     DEBUG main            d.u.i.k.p.i.AbstractProblemLoader Init config took 3.48s 
330778     INFO  main            d.u.i.k.p.i.AbstractProblemLoader Replaying proof MySet[MySet::MySet()].JML normal_behavior operation contract.0 
330780     DEBUG main            d.u.i.k.p.i.IntermediateProofReplayer Proof replay took 6.9ns 
333809     INFO  main            d.u.i.k.p.r.p.TestFile    ... finished proof: closed. 
334245     INFO  main            d.u.i.k.p.i.AbstractProblemLoader Loading environment from /home/runner/work/key/key/key.core/../key.ui/examples/heap/list/MySet_MySet.key.proof 
334245     DEBUG main            d.u.i.k.p.i.AbstractProblemLoader Environment load took 166.8ns 
334247     INFO  main            d.u.i.k.p.i.AbstractProblemLoader Creating init config 
335328     DEBUG main            d.u.i.k.j.r.ClassPreparationMethodBuilder clPrepBuilder: Inner Class detected. Reject building class initialisation methods. 
337666     DEBUG main            d.u.i.k.p.i.AbstractProblemLoader Init config took 3.42s 
337723     INFO  main            d.u.i.k.p.i.AbstractProblemLoader Replaying proof MySet[MySet::MySet()].JML normal_behavior operation contract.0 
338175     DEBUG main            d.u.i.k.p.i.IntermediateProofReplayer Proof replay took 438.48ms 
338176     DEBUG main            d.u.i.k.p.r.p.TestFile    ... success: reloaded. 
1440247    INFO  Test worker     d.u.i.k.p.r.RunAllProofsTestUnit Returning from test list 
1440249    INFO  Test worker     d.u.i.k.p.r.RunAllProofsTestUnit Running test list_ghost 
412        INFO  Timeout watchdog d.u.i.k.p.r.p.ForkedTestFileRunner Timeout watcher launched (2000 secs.) 
434        WARN  main            d.u.i.k.s.ProofSettings   The settings in /home/runner/.key/proof-settings.props are *not* read. 
472        INFO  main            d.u.i.k.p.r.p.TestFile    Now processing file /home/runner/work/key/key/key.core/../key.ui/examples/heap/list_ghost/ArrayList_add.key 
639        INFO  main            d.u.i.k.p.i.AbstractProblemLoader Loading environment from /home/runner/work/key/key/key.core/../key.ui/examples/heap/list_ghost/ArrayList_add.key 
659        DEBUG main            d.u.i.k.p.i.AbstractProblemLoader Environment load took 2.23ms 
951        INFO  main            d.u.i.k.p.i.AbstractProblemLoader Creating init config 
2300       DEBUG main            d.u.i.k.j.TypeConverter   No LDT found for Meta 
2302       DEBUG main            d.u.i.k.j.TypeConverter   No LDT found for Meta 
2304       DEBUG main            d.u.i.k.j.TypeConverter   No LDT found for Meta 
2306       DEBUG main            d.u.i.k.j.TypeConverter   No LDT found for Meta 
4275       DEBUG main            d.u.i.k.j.TypeConverter   No LDT found for JavaBigintExpression 
11120      DEBUG main            d.u.i.k.p.i.AbstractProblemLoader Init config took 10.17s 
11346      INFO  main            d.u.i.k.p.i.AbstractProblemLoader Replaying proof ArrayList[List::add(java.lang.Object)].JML normal_behavior operation contract.0 
11395      DEBUG main            d.u.i.k.p.i.IntermediateProofReplayer Proof replay took 34.8ns 
17664      INFO  main            d.u.i.k.p.r.p.TestFile    ... finished proof: closed. 
17883      INFO  main            d.u.i.k.p.i.AbstractProblemLoader Loading environment from /home/runner/work/key/key/key.core/../key.ui/examples/heap/list_ghost/ArrayList_add.key.proof 
17884      DEBUG main            d.u.i.k.p.i.AbstractProblemLoader Environment load took 153.7ns 
17893      INFO  main            d.u.i.k.p.i.AbstractProblemLoader Creating init config 
21532      DEBUG main            d.u.i.k.p.i.AbstractProblemLoader Init config took 3.64s 
21624      INFO  main            d.u.i.k.p.i.AbstractProblemLoader Replaying proof ArrayList[List::add(java.lang.Object)].JML normal_behavior operation contract.0 
22703      DEBUG main            d.u.i.k.p.i.IntermediateProofReplayer Proof replay took 1.05s 
22716      DEBUG main            d.u.i.k.p.r.p.TestFile    ... success: reloaded. 
22720      INFO  main            d.u.i.k.p.r.p.TestFile    Now processing file /home/runner/work/key/key/key.core/../key.ui/examples/heap/list_ghost/ArrayList_ArrayList.key 
22720      INFO  main            d.u.i.k.p.i.AbstractProblemLoader Loading environment from /home/runner/work/key/key/key.core/../key.ui/examples/heap/list_ghost/ArrayList_ArrayList.key 
22721      DEBUG main            d.u.i.k.p.i.AbstractProblemLoader Environment load took 353.9ns 
22726      INFO  main            d.u.i.k.p.i.AbstractProblemLoader Creating init config 
26258      DEBUG main            d.u.i.k.p.i.AbstractProblemLoader Init config took 3.53s 
26339      INFO  main            d.u.i.k.p.i.AbstractProblemLoader Replaying proof ArrayList[ArrayList::ArrayList()].JML normal_behavior operation contract.0 
26342      DEBUG main            d.u.i.k.p.i.IntermediateProofReplayer Proof replay took 14.1ns 
27778      INFO  main            d.u.i.k.p.r.p.TestFile    ... finished proof: closed. 
27947      INFO  main            d.u.i.k.p.i.AbstractProblemLoader Loading environment from /home/runner/work/key/key/key.core/../key.ui/examples/heap/list_ghost/ArrayList_ArrayList.key.proof 
27947      DEBUG main            d.u.i.k.p.i.AbstractProblemLoader Environment load took 160.1ns 
27950      INFO  main            d.u.i.k.p.i.AbstractProblemLoader Creating init config 
31332      DEBUG main            d.u.i.k.p.i.AbstractProblemLoader Init config took 3.38s 
31397      INFO  main            d.u.i.k.p.i.AbstractProblemLoader Replaying proof ArrayList[ArrayList::ArrayList()].JML normal_behavior operation contract.0 
31660      DEBUG main            d.u.i.k.p.i.IntermediateProofReplayer Proof replay took 253.85ms 
31662      DEBUG main            d.u.i.k.p.r.p.TestFile    ... success: reloaded. 
31664      INFO  main            d.u.i.k.p.r.p.TestFile    Now processing file /home/runner/work/key/key/key.core/../key.ui/examples/heap/list_ghost/ArrayList_enlarge.key 
31665      INFO  main            d.u.i.k.p.i.AbstractProblemLoader Loading environment from /home/runner/work/key/key/key.core/../key.ui/examples/heap/list_ghost/ArrayList_enlarge.key 
31665      DEBUG main            d.u.i.k.p.i.AbstractProblemLoader Environment load took 292.7ns 
31666      INFO  main            d.u.i.k.p.i.AbstractProblemLoader Creating init config 
34983      DEBUG main            d.u.i.k.p.i.AbstractProblemLoader Init config took 3.32s 
35044      INFO  main            d.u.i.k.p.i.AbstractProblemLoader Replaying proof ArrayList[ArrayList::enlarge()].JML normal_behavior operation contract.0 
35047      DEBUG main            d.u.i.k.p.i.IntermediateProofReplayer Proof replay took 6.5ns 
37812      INFO  main            d.u.i.k.p.r.p.TestFile    ... finished proof: closed. 
38032      INFO  main            d.u.i.k.p.i.AbstractProblemLoader Loading environment from /home/runner/work/key/key/key.core/../key.ui/examples/heap/list_ghost/ArrayList_enlarge.key.proof 
38033      DEBUG main            d.u.i.k.p.i.AbstractProblemLoader Environment load took 679.8ns 
38037      INFO  main            d.u.i.k.p.i.AbstractProblemLoader Creating init config 
41346      DEBUG main            d.u.i.k.p.i.AbstractProblemLoader Init config took 3.31s 
41449      INFO  main            d.u.i.k.p.i.AbstractProblemLoader Replaying proof ArrayList[ArrayList::enlarge()].JML normal_behavior operation contract.0 
42017      DEBUG main            d.u.i.k.p.i.IntermediateProofReplayer Proof replay took 546.73ms 
42019      DEBUG main            d.u.i.k.p.r.p.TestFile    ... success: reloaded. 
42021      INFO  main            d.u.i.k.p.r.p.TestFile    Now processing file /home/runner/work/key/key/key.core/../key.ui/examples/heap/list_ghost/ArrayList_get_dep.key 
42021      INFO  main            d.u.i.k.p.i.AbstractProblemLoader Loading environment from /home/runner/work/key/key/key.core/../key.ui/examples/heap/list_ghost/ArrayList_get_dep.key 
42022      DEBUG main            d.u.i.k.p.i.AbstractProblemLoader Environment load took 289ns 
42023      INFO  main            d.u.i.k.p.i.AbstractProblemLoader Creating init config 
45369      DEBUG main            d.u.i.k.p.i.AbstractProblemLoader Init config took 3.35s 
45430      INFO  main            d.u.i.k.p.i.AbstractProblemLoader Replaying proof ArrayList[List::get(int)].JML accessible clause.0 
45432      DEBUG main            d.u.i.k.p.i.IntermediateProofReplayer Proof replay took 18.4ns 
45940      INFO  main            d.u.i.k.p.r.p.TestFile    ... finished proof: closed. 
46148      INFO  main            d.u.i.k.p.i.AbstractProblemLoader Loading environment from /home/runner/work/key/key/key.core/../key.ui/examples/heap/list_ghost/ArrayList_get_dep.key.proof 
46153      DEBUG main            d.u.i.k.p.i.AbstractProblemLoader Environment load took 4.69ms 
46154      INFO  main            d.u.i.k.p.i.AbstractProblemLoader Creating init config 
49636      DEBUG main            d.u.i.k.p.i.AbstractProblemLoader Init config took 3.48s 
49694      INFO  main            d.u.i.k.p.i.AbstractProblemLoader Replaying proof ArrayList[List::get(int)].JML accessible clause.0 
49803      DEBUG main            d.u.i.k.p.i.IntermediateProofReplayer Proof replay took 104.5ms 
49805      DEBUG main            d.u.i.k.p.r.p.TestFile    ... success: reloaded. 
49806      INFO  main            d.u.i.k.p.r.p.TestFile    Now processing file /home/runner/work/key/key/key.core/../key.ui/examples/heap/list_ghost/ArrayList_get_exceptional.key 
49807      INFO  main            d.u.i.k.p.i.AbstractProblemLoader Loading environment from /home/runner/work/key/key/key.core/../key.ui/examples/heap/list_ghost/ArrayList_get_exceptional.key 
49807      DEBUG main            d.u.i.k.p.i.AbstractProblemLoader Environment load took 290.5ns 
49809      INFO  main            d.u.i.k.p.i.AbstractProblemLoader Creating init config 
53370      DEBUG main            d.u.i.k.p.i.AbstractProblemLoader Init config took 3.56s 
53433      INFO  main            d.u.i.k.p.i.AbstractProblemLoader Replaying proof ArrayList[List::get(int)].JML exceptional_behavior operation contract.0 
53436      DEBUG main            d.u.i.k.p.i.IntermediateProofReplayer Proof replay took 8.7ns 
54541      INFO  main            d.u.i.k.p.r.p.TestFile    ... finished proof: closed. 
54795      INFO  main            d.u.i.k.p.i.AbstractProblemLoader Loading environment from /home/runner/work/key/key/key.core/../key.ui/examples/heap/list_ghost/ArrayList_get_exceptional.key.proof 
54795      DEBUG main            d.u.i.k.p.i.AbstractProblemLoader Environment load took 325.5ns 
54797      INFO  main            d.u.i.k.p.i.AbstractProblemLoader Creating init config 
58269      DEBUG main            d.u.i.k.p.i.AbstractProblemLoader Init config took 3.47s 
58345      INFO  main            d.u.i.k.p.i.AbstractProblemLoader Replaying proof ArrayList[List::get(int)].JML exceptional_behavior operation contract.0 
58593      DEBUG main            d.u.i.k.p.i.IntermediateProofReplayer Proof replay took 240.1ms 
58595      DEBUG main            d.u.i.k.p.r.p.TestFile    ... success: reloaded. 
58596      INFO  main            d.u.i.k.p.r.p.TestFile    Now processing file /home/runner/work/key/key/key.core/../key.ui/examples/heap/list_ghost/ArrayList_get_normal.key 
58597      INFO  main            d.u.i.k.p.i.AbstractProblemLoader Loading environment from /home/runner/work/key/key/key.core/../key.ui/examples/heap/list_ghost/ArrayList_get_normal.key 
58597      DEBUG main            d.u.i.k.p.i.AbstractProblemLoader Environment load took 340.4ns 
58598      INFO  main            d.u.i.k.p.i.AbstractProblemLoader Creating init config 
62168      DEBUG main            d.u.i.k.p.i.AbstractProblemLoader Init config took 3.57s 
62222      INFO  main            d.u.i.k.p.i.AbstractProblemLoader Replaying proof ArrayList[List::get(int)].JML normal_behavior operation contract.0 
62224      DEBUG main            d.u.i.k.p.i.IntermediateProofReplayer Proof replay took 9.3ns 
62528      INFO  main            d.u.i.k.p.r.p.TestFile    ... finished proof: closed. 
62761      INFO  main            d.u.i.k.p.i.AbstractProblemLoader Loading environment from /home/runner/work/key/key/key.core/../key.ui/examples/heap/list_ghost/ArrayList_get_normal.key.proof 
62762      DEBUG main            d.u.i.k.p.i.AbstractProblemLoader Environment load took 545.7ns 
62763      INFO  main            d.u.i.k.p.i.AbstractProblemLoader Creating init config 
66264      DEBUG main            d.u.i.k.p.i.AbstractProblemLoader Init config took 3.5s 
66337      INFO  main            d.u.i.k.p.i.AbstractProblemLoader Replaying proof ArrayList[List::get(int)].JML normal_behavior operation contract.0 
66428      DEBUG main            d.u.i.k.p.i.IntermediateProofReplayer Proof replay took 84.76ms 
66429      DEBUG main            d.u.i.k.p.r.p.TestFile    ... success: reloaded. 
66430      INFO  main            d.u.i.k.p.r.p.TestFile    Now processing file /home/runner/work/key/key/key.core/../key.ui/examples/heap/list_ghost/ArrayList_inv.key 
66431      INFO  main            d.u.i.k.p.i.AbstractProblemLoader Loading environment from /home/runner/work/key/key/key.core/../key.ui/examples/heap/list_ghost/ArrayList_inv.key 
66431      DEBUG main            d.u.i.k.p.i.AbstractProblemLoader Environment load took 132.1ns 
66432      INFO  main            d.u.i.k.p.i.AbstractProblemLoader Creating init config 
69882      DEBUG main            d.u.i.k.p.i.AbstractProblemLoader Init config took 3.45s 
69953      INFO  main            d.u.i.k.p.i.AbstractProblemLoader Replaying proof ArrayList[java.lang.Object::<inv>()].JML accessible clause.0 
69958      DEBUG main            d.u.i.k.p.i.IntermediateProofReplayer Proof replay took 9.1ns 
70061      INFO  main            d.u.i.k.p.r.p.TestFile    ... finished proof: closed. 
70298      INFO  main            d.u.i.k.p.i.AbstractProblemLoader Loading environment from /home/runner/work/key/key/key.core/../key.ui/examples/heap/list_ghost/ArrayList_inv.key.proof 
70299      DEBUG main            d.u.i.k.p.i.AbstractProblemLoader Environment load took 145.9ns 
70300      INFO  main            d.u.i.k.p.i.AbstractProblemLoader Creating init config 
73782      DEBUG main            d.u.i.k.p.i.AbstractProblemLoader Init config took 3.48s 
73831      INFO  main            d.u.i.k.p.i.AbstractProblemLoader Replaying proof ArrayList[java.lang.Object::<inv>()].JML accessible clause.0 
73849      DEBUG main            d.u.i.k.p.i.IntermediateProofReplayer Proof replay took 14.57ms 
73851      DEBUG main            d.u.i.k.p.r.p.TestFile    ... success: reloaded. 
73852      INFO  main            d.u.i.k.p.r.p.TestFile    Now processing file /home/runner/work/key/key/key.core/../key.ui/examples/heap/list_ghost/ArrayList_size_dep.key 
73852      INFO  main            d.u.i.k.p.i.AbstractProblemLoader Loading environment from /home/runner/work/key/key/key.core/../key.ui/examples/heap/list_ghost/ArrayList_size_dep.key 
73853      DEBUG main            d.u.i.k.p.i.AbstractProblemLoader Environment load took 289.8ns 
73854      INFO  main            d.u.i.k.p.i.AbstractProblemLoader Creating init config 
77237      DEBUG main            d.u.i.k.p.i.AbstractProblemLoader Init config took 3.38s 
77289      INFO  main            d.u.i.k.p.i.AbstractProblemLoader Replaying proof ArrayList[List::size()].JML accessible clause.0 
77291      DEBUG main            d.u.i.k.p.i.IntermediateProofReplayer Proof replay took 17.9ns 
77395      INFO  main            d.u.i.k.p.r.p.TestFile    ... finished proof: closed. 
77622      INFO  main            d.u.i.k.p.i.AbstractProblemLoader Loading environment from /home/runner/work/key/key/key.core/../key.ui/examples/heap/list_ghost/ArrayList_size_dep.key.proof 
77622      DEBUG main            d.u.i.k.p.i.AbstractProblemLoader Environment load took 144.9ns 
77624      INFO  main            d.u.i.k.p.i.AbstractProblemLoader Creating init config 
81072      DEBUG main            d.u.i.k.p.i.AbstractProblemLoader Init config took 3.45s 
81130      INFO  main            d.u.i.k.p.i.AbstractProblemLoader Replaying proof ArrayList[List::size()].JML accessible clause.0 
81151      DEBUG main            d.u.i.k.p.i.IntermediateProofReplayer Proof replay took 18.6ms 
81152      DEBUG main            d.u.i.k.p.r.p.TestFile    ... success: reloaded. 
81154      INFO  main            d.u.i.k.p.r.p.TestFile    Now processing file /home/runner/work/key/key/key.core/../key.ui/examples/heap/list_ghost/ArrayList_size.key 
81154      INFO  main            d.u.i.k.p.i.AbstractProblemLoader Loading environment from /home/runner/work/key/key/key.core/../key.ui/examples/heap/list_ghost/ArrayList_size.key 
81155      DEBUG main            d.u.i.k.p.i.AbstractProblemLoader Environment load took 349.4ns 
81156      INFO  main            d.u.i.k.p.i.AbstractProblemLoader Creating init config 
84558      DEBUG main            d.u.i.k.p.i.AbstractProblemLoader Init config took 3.4s 
84613      INFO  main            d.u.i.k.p.i.AbstractProblemLoader Replaying proof ArrayList[List::size()].JML normal_behavior operation contract.0 
84616      DEBUG main            d.u.i.k.p.i.IntermediateProofReplayer Proof replay took 7ns 
84719      INFO  main            d.u.i.k.p.r.p.TestFile    ... finished proof: closed. 
84950      INFO  main            d.u.i.k.p.i.AbstractProblemLoader Loading environment from /home/runner/work/key/key/key.core/../key.ui/examples/heap/list_ghost/ArrayList_size.key.proof 
84950      DEBUG main            d.u.i.k.p.i.AbstractProblemLoader Environment load took 137.3ns 
84952      INFO  main            d.u.i.k.p.i.AbstractProblemLoader Creating init config 
88252      DEBUG main            d.u.i.k.p.i.AbstractProblemLoader Init config took 3.3s 
88300      INFO  main            d.u.i.k.p.i.AbstractProblemLoader Replaying proof ArrayList[List::size()].JML normal_behavior operation contract.0 
88327      DEBUG main            d.u.i.k.p.i.IntermediateProofReplayer Proof replay took 24.09ms 
88328      DEBUG main            d.u.i.k.p.r.p.TestFile    ... success: reloaded. 
1528805    INFO  Test worker     d.u.i.k.p.r.RunAllProofsTestUnit Returning from test list_ghost 
1528807    INFO  Test worker     d.u.i.k.p.r.RunAllProofsTestUnit Running test list_recursive 
452        INFO  Timeout watchdog d.u.i.k.p.r.p.ForkedTestFileRunner Timeout watcher launched (2000 secs.) 
472        WARN  main            d.u.i.k.s.ProofSettings   The settings in /home/runner/.key/proof-settings.props are *not* read. 
513        INFO  main            d.u.i.k.p.r.p.TestFile    Now processing file /home/runner/work/key/key/key.core/../key.ui/examples/heap/list_recursiveSpec/ListOperationsNonNull_getNextNN_normal_behavior.key 
646        INFO  main            d.u.i.k.p.i.AbstractProblemLoader Loading environment from /home/runner/work/key/key/key.core/../key.ui/examples/heap/list_recursiveSpec/ListOperationsNonNull_getNextNN_normal_behavior.key 
667        DEBUG main            d.u.i.k.p.i.AbstractProblemLoader Environment load took 2.52ms 
983        INFO  main            d.u.i.k.p.i.AbstractProblemLoader Creating init config 
2191       DEBUG main            d.u.i.k.j.TypeConverter   No LDT found for Meta 
2192       DEBUG main            d.u.i.k.j.TypeConverter   No LDT found for Meta 
2194       DEBUG main            d.u.i.k.j.TypeConverter   No LDT found for Meta 
2194       DEBUG main            d.u.i.k.j.TypeConverter   No LDT found for Meta 
3898       DEBUG main            d.u.i.k.j.TypeConverter   No LDT found for JavaBigintExpression 
11068      DEBUG main            d.u.i.k.p.i.AbstractProblemLoader Init config took 10.08s 
11230      INFO  main            d.u.i.k.p.i.AbstractProblemLoader Replaying proof ListOperationsNonNull[ListOperationsNonNull::getNextNN(ListNN,int)].JML normal_behavior operation contract.0 
11276      DEBUG main            d.u.i.k.p.i.IntermediateProofReplayer Proof replay took 33.1ns 
12715      INFO  main            d.u.i.k.p.r.p.TestFile    ... finished proof: closed. 
12905      INFO  main            d.u.i.k.p.i.AbstractProblemLoader Loading environment from /home/runner/work/key/key/key.core/../key.ui/examples/heap/list_recursiveSpec/ListOperationsNonNull_getNextNN_normal_behavior.key.proof 
12905      DEBUG main            d.u.i.k.p.i.AbstractProblemLoader Environment load took 166.9ns 
12907      INFO  main            d.u.i.k.p.i.AbstractProblemLoader Creating init config 
16780      DEBUG main            d.u.i.k.p.i.AbstractProblemLoader Init config took 3.87s 
16875      INFO  main            d.u.i.k.p.i.AbstractProblemLoader Replaying proof ListOperationsNonNull[ListOperationsNonNull::getNextNN(ListNN,int)].JML normal_behavior operation contract.0 
17212      DEBUG main            d.u.i.k.p.i.IntermediateProofReplayer Proof replay took 325.3ms 
17225      DEBUG main            d.u.i.k.p.r.p.TestFile    ... success: reloaded. 
17233      INFO  main            d.u.i.k.p.r.p.TestFile    Now processing file /home/runner/work/key/key/key.core/../key.ui/examples/heap/list_recursiveSpec/ListOperationsNonNull_setValueAt_normal_behavior.key 
17235      INFO  main            d.u.i.k.p.i.AbstractProblemLoader Loading environment from /home/runner/work/key/key/key.core/../key.ui/examples/heap/list_recursiveSpec/ListOperationsNonNull_setValueAt_normal_behavior.key 
17235      DEBUG main            d.u.i.k.p.i.AbstractProblemLoader Environment load took 178.2ns 
17240      INFO  main            d.u.i.k.p.i.AbstractProblemLoader Creating init config 
21021      DEBUG main            d.u.i.k.p.i.AbstractProblemLoader Init config took 3.78s 
21100      INFO  main            d.u.i.k.p.i.AbstractProblemLoader Replaying proof ListOperationsNonNull[ListOperationsNonNull::setValueAt_NN(ListNN,int,int)].JML normal_behavior operation contract.0 
21104      DEBUG main            d.u.i.k.p.i.IntermediateProofReplayer Proof replay took 8.5ns 
21142      DEBUG main            d.u.i.k.m.s.ProofScriptEngine 1: 'macro autopilot' 
24874      DEBUG main            d.u.i.k.m.s.ProofScriptEngine 2: 'macro simp-upd' 
24884      DEBUG main            d.u.i.k.m.s.ProofScriptEngine 3: 'rule observerDependencyEQ' 
24912      DEBUG main            d.u.i.k.m.s.ProofScriptEngine 4: 'tryclose' 
24956      INFO  main            d.u.i.k.p.r.p.TestFile    ... finished proof: closed. 
25167      INFO  main            d.u.i.k.p.i.AbstractProblemLoader Loading environment from /home/runner/work/key/key/key.core/../key.ui/examples/heap/list_recursiveSpec/ListOperationsNonNull_setValueAt_normal_behavior.key.proof 
25167      DEBUG main            d.u.i.k.p.i.AbstractProblemLoader Environment load took 159.7ns 
25169      INFO  main            d.u.i.k.p.i.AbstractProblemLoader Creating init config 
28674      DEBUG main            d.u.i.k.p.i.AbstractProblemLoader Init config took 3.5s 
28743      INFO  main            d.u.i.k.p.i.AbstractProblemLoader Replaying proof ListOperationsNonNull[ListOperationsNonNull::setValueAt_NN(ListNN,int,int)].JML normal_behavior operation contract.0 
28953      DEBUG main            d.u.i.k.p.i.IntermediateProofReplayer Proof replay took 203.77ms 
28957      DEBUG main            d.u.i.k.p.r.p.TestFile    ... success: reloaded. 
1557999    INFO  Test worker     d.u.i.k.p.r.RunAllProofsTestUnit Returning from test list_recursive 
1558001    INFO  Test worker     d.u.i.k.p.r.RunAllProofsTestUnit Running test list_seq 
454        INFO  Timeout watchdog d.u.i.k.p.r.p.ForkedTestFileRunner Timeout watcher launched (2000 secs.) 
473        WARN  main            d.u.i.k.s.ProofSettings   The settings in /home/runner/.key/proof-settings.props are *not* read. 
547        INFO  main            d.u.i.k.p.r.p.TestFile    Now processing file /home/runner/work/key/key/key.core/../key.ui/examples/heap/list_seq/SimplifiedLinkedList.remove.key 
714        INFO  main            d.u.i.k.p.i.AbstractProblemLoader Loading environment from /home/runner/work/key/key/key.core/../key.ui/examples/heap/list_seq/SimplifiedLinkedList.remove.key 
736        DEBUG main            d.u.i.k.p.i.AbstractProblemLoader Environment load took 2.84ms 
1024       INFO  main            d.u.i.k.p.i.AbstractProblemLoader Creating init config 
2219       DEBUG main            d.u.i.k.j.TypeConverter   No LDT found for Meta 
2220       DEBUG main            d.u.i.k.j.TypeConverter   No LDT found for Meta 
2222       DEBUG main            d.u.i.k.j.TypeConverter   No LDT found for Meta 
2222       DEBUG main            d.u.i.k.j.TypeConverter   No LDT found for Meta 
4174       DEBUG main            d.u.i.k.j.TypeConverter   No LDT found for JavaBigintExpression 
11599      DEBUG main            d.u.i.k.p.i.AbstractProblemLoader Init config took 10.58s 
11923      INFO  main            d.u.i.k.p.i.AbstractProblemLoader Replaying proof SimplifiedLinkedList[SimplifiedLinkedList::remove(int)].JML normal_behavior operation contract.0 
12035      DEBUG main            d.u.i.k.p.i.IntermediateProofReplayer Proof replay took 50ns 
127121     INFO  main            d.u.i.k.p.r.p.TestFile    ... finished proof: closed. 
127714     INFO  main            d.u.i.k.p.i.AbstractProblemLoader Loading environment from /home/runner/work/key/key/key.core/../key.ui/examples/heap/list_seq/SimplifiedLinkedList.remove.key.proof 
127714     DEBUG main            d.u.i.k.p.i.AbstractProblemLoader Environment load took 362.5ns 
127736     INFO  main            d.u.i.k.p.i.AbstractProblemLoader Creating init config 
131859     DEBUG main            d.u.i.k.p.i.AbstractProblemLoader Init config took 4.12s 
132030     INFO  main            d.u.i.k.p.i.AbstractProblemLoader Replaying proof SimplifiedLinkedList[SimplifiedLinkedList::remove(int)].JML normal_behavior operation contract.0 
138251     DEBUG main            d.u.i.k.p.i.IntermediateProofReplayer Proof replay took 5.88s 
138279     DEBUG main            d.u.i.k.p.r.p.TestFile    ... success: reloaded. 
138284     INFO  main            d.u.i.k.p.r.p.TestFile    Now processing file /home/runner/work/key/key/key.core/../key.ui/examples/heap/list_seq/ArrayList.ArrayList.key 
138284     INFO  main            d.u.i.k.p.i.AbstractProblemLoader Loading environment from /home/runner/work/key/key/key.core/../key.ui/examples/heap/list_seq/ArrayList.ArrayList.key 
138284     DEBUG main            d.u.i.k.p.i.AbstractProblemLoader Environment load took 250.5ns 
138289     INFO  main            d.u.i.k.p.i.AbstractProblemLoader Creating init config 
142119     DEBUG main            d.u.i.k.p.i.AbstractProblemLoader Init config took 3.83s 
142227     INFO  main            d.u.i.k.p.i.AbstractProblemLoader Replaying proof ArrayList[ArrayList::ArrayList()].JML normal_behavior operation contract.0 
142230     DEBUG main            d.u.i.k.p.i.IntermediateProofReplayer Proof replay took 6.6ns 
143236     INFO  main            d.u.i.k.p.r.p.TestFile    ... finished proof: closed. 
143455     INFO  main            d.u.i.k.p.i.AbstractProblemLoader Loading environment from /home/runner/work/key/key/key.core/../key.ui/examples/heap/list_seq/ArrayList.ArrayList.key.proof 
143455     DEBUG main            d.u.i.k.p.i.AbstractProblemLoader Environment load took 503.8ns 
143458     INFO  main            d.u.i.k.p.i.AbstractProblemLoader Creating init config 
146899     DEBUG main            d.u.i.k.p.i.AbstractProblemLoader Init config took 3.44s 
146994     INFO  main            d.u.i.k.p.i.AbstractProblemLoader Replaying proof ArrayList[ArrayList::ArrayList()].JML normal_behavior operation contract.0 
147207     DEBUG main            d.u.i.k.p.i.IntermediateProofReplayer Proof replay took 206.4ms 
147208     DEBUG main            d.u.i.k.p.r.p.TestFile    ... success: reloaded. 
147215     INFO  main            d.u.i.k.p.r.p.TestFile    Now processing file /home/runner/work/key/key/key.core/../key.ui/examples/heap/list_seq/ArrayList.add.key 
147215     INFO  main            d.u.i.k.p.i.AbstractProblemLoader Loading environment from /home/runner/work/key/key/key.core/../key.ui/examples/heap/list_seq/ArrayList.add.key 
147216     DEBUG main            d.u.i.k.p.i.AbstractProblemLoader Environment load took 228.6ns 
147218     INFO  main            d.u.i.k.p.i.AbstractProblemLoader Creating init config 
150749     DEBUG main            d.u.i.k.p.i.AbstractProblemLoader Init config took 3.53s 
150840     INFO  main            d.u.i.k.p.i.AbstractProblemLoader Replaying proof ArrayList[List::add(java.lang.Object)].JML normal_behavior operation contract.0 
150842     DEBUG main            d.u.i.k.p.i.IntermediateProofReplayer Proof replay took 5.2ns 
155171     INFO  main            d.u.i.k.p.r.p.TestFile    ... finished proof: closed. 
155414     INFO  main            d.u.i.k.p.i.AbstractProblemLoader Loading environment from /home/runner/work/key/key/key.core/../key.ui/examples/heap/list_seq/ArrayList.add.key.proof 
155414     DEBUG main            d.u.i.k.p.i.AbstractProblemLoader Environment load took 537.3ns 
155417     INFO  main            d.u.i.k.p.i.AbstractProblemLoader Creating init config 
158832     DEBUG main            d.u.i.k.p.i.AbstractProblemLoader Init config took 3.42s 
158925     INFO  main            d.u.i.k.p.i.AbstractProblemLoader Replaying proof ArrayList[List::add(java.lang.Object)].JML normal_behavior operation contract.0 
159497     DEBUG main            d.u.i.k.p.i.IntermediateProofReplayer Proof replay took 554.77ms 
159499     DEBUG main            d.u.i.k.p.r.p.TestFile    ... success: reloaded. 
159500     INFO  main            d.u.i.k.p.r.p.TestFile    Now processing file /home/runner/work/key/key/key.core/../key.ui/examples/heap/list_seq/ArrayList.contains.key 
159501     INFO  main            d.u.i.k.p.i.AbstractProblemLoader Loading environment from /home/runner/work/key/key/key.core/../key.ui/examples/heap/list_seq/ArrayList.contains.key 
159501     DEBUG main            d.u.i.k.p.i.AbstractProblemLoader Environment load took 258.8ns 
159502     INFO  main            d.u.i.k.p.i.AbstractProblemLoader Creating init config 
163038     DEBUG main            d.u.i.k.p.i.AbstractProblemLoader Init config took 3.54s 
163130     INFO  main            d.u.i.k.p.i.AbstractProblemLoader Replaying proof ArrayList[List::contains(java.lang.Object)].JML normal_behavior operation contract.0 
163133     DEBUG main            d.u.i.k.p.i.IntermediateProofReplayer Proof replay took 6ns 
165053     INFO  main            d.u.i.k.p.r.p.TestFile    ... finished proof: closed. 
165298     INFO  main            d.u.i.k.p.i.AbstractProblemLoader Loading environment from /home/runner/work/key/key/key.core/../key.ui/examples/heap/list_seq/ArrayList.contains.key.proof 
165298     DEBUG main            d.u.i.k.p.i.AbstractProblemLoader Environment load took 509.7ns 
165300     INFO  main            d.u.i.k.p.i.AbstractProblemLoader Creating init config 
168676     DEBUG main            d.u.i.k.p.i.AbstractProblemLoader Init config took 3.38s 
168766     INFO  main            d.u.i.k.p.i.AbstractProblemLoader Replaying proof ArrayList[List::contains(java.lang.Object)].JML normal_behavior operation contract.0 
169089     DEBUG main            d.u.i.k.p.i.IntermediateProofReplayer Proof replay took 314.74ms 
169091     DEBUG main            d.u.i.k.p.r.p.TestFile    ... success: reloaded. 
169092     INFO  main            d.u.i.k.p.r.p.TestFile    Now processing file /home/runner/work/key/key/key.core/../key.ui/examples/heap/list_seq/ArrayList.enlarge.key 
169093     INFO  main            d.u.i.k.p.i.AbstractProblemLoader Loading environment from /home/runner/work/key/key/key.core/../key.ui/examples/heap/list_seq/ArrayList.enlarge.key 
169093     DEBUG main            d.u.i.k.p.i.AbstractProblemLoader Environment load took 298.7ns 
169094     INFO  main            d.u.i.k.p.i.AbstractProblemLoader Creating init config 
172519     DEBUG main            d.u.i.k.p.i.AbstractProblemLoader Init config took 3.42s 
172607     INFO  main            d.u.i.k.p.i.AbstractProblemLoader Replaying proof ArrayList[ArrayList::enlarge()].JML normal_behavior operation contract.0 
172608     DEBUG main            d.u.i.k.p.i.IntermediateProofReplayer Proof replay took 5.1ns 
175037     INFO  main            d.u.i.k.p.r.p.TestFile    ... finished proof: closed. 
175288     INFO  main            d.u.i.k.p.i.AbstractProblemLoader Loading environment from /home/runner/work/key/key/key.core/../key.ui/examples/heap/list_seq/ArrayList.enlarge.key.proof 
175289     DEBUG main            d.u.i.k.p.i.AbstractProblemLoader Environment load took 624.8ns 
175292     INFO  main            d.u.i.k.p.i.AbstractProblemLoader Creating init config 
178631     DEBUG main            d.u.i.k.p.i.AbstractProblemLoader Init config took 3.34s 
178752     INFO  main            d.u.i.k.p.i.AbstractProblemLoader Replaying proof ArrayList[ArrayList::enlarge()].JML normal_behavior operation contract.0 
179213     DEBUG main            d.u.i.k.p.i.IntermediateProofReplayer Proof replay took 448.32ms 
179215     DEBUG main            d.u.i.k.p.r.p.TestFile    ... success: reloaded. 
179216     INFO  main            d.u.i.k.p.r.p.TestFile    Now processing file /home/runner/work/key/key/key.core/../key.ui/examples/heap/list_seq/ArrayList.get.key 
179216     INFO  main            d.u.i.k.p.i.AbstractProblemLoader Loading environment from /home/runner/work/key/key/key.core/../key.ui/examples/heap/list_seq/ArrayList.get.key 
179216     DEBUG main            d.u.i.k.p.i.AbstractProblemLoader Environment load took 101.8ns 
179217     INFO  main            d.u.i.k.p.i.AbstractProblemLoader Creating init config 
182735     DEBUG main            d.u.i.k.p.i.AbstractProblemLoader Init config took 3.52s 
182827     INFO  main            d.u.i.k.p.i.AbstractProblemLoader Replaying proof ArrayList[List::get(int)].JML normal_behavior operation contract.0 
182829     DEBUG main            d.u.i.k.p.i.IntermediateProofReplayer Proof replay took 7.4ns 
183533     INFO  main            d.u.i.k.p.r.p.TestFile    ... finished proof: closed. 
183798     INFO  main            d.u.i.k.p.i.AbstractProblemLoader Loading environment from /home/runner/work/key/key/key.core/../key.ui/examples/heap/list_seq/ArrayList.get.key.proof 
183798     DEBUG main            d.u.i.k.p.i.AbstractProblemLoader Environment load took 883.3ns 
183800     INFO  main            d.u.i.k.p.i.AbstractProblemLoader Creating init config 
187444     DEBUG main            d.u.i.k.p.i.AbstractProblemLoader Init config took 3.64s 
187535     INFO  main            d.u.i.k.p.i.AbstractProblemLoader Replaying proof ArrayList[List::get(int)].JML normal_behavior operation contract.0 
187620     DEBUG main            d.u.i.k.p.i.IntermediateProofReplayer Proof replay took 81.51ms 
187622     DEBUG main            d.u.i.k.p.r.p.TestFile    ... success: reloaded. 
187623     INFO  main            d.u.i.k.p.r.p.TestFile    Now processing file /home/runner/work/key/key/key.core/../key.ui/examples/heap/list_seq/ArrayList.newArray.key 
187623     INFO  main            d.u.i.k.p.i.AbstractProblemLoader Loading environment from /home/runner/work/key/key/key.core/../key.ui/examples/heap/list_seq/ArrayList.newArray.key 
187623     DEBUG main            d.u.i.k.p.i.AbstractProblemLoader Environment load took 214.6ns 
187625     INFO  main            d.u.i.k.p.i.AbstractProblemLoader Creating init config 
190935     DEBUG main            d.u.i.k.p.i.AbstractProblemLoader Init config took 3.31s 
191019     INFO  main            d.u.i.k.p.i.AbstractProblemLoader Replaying proof ArrayList[ArrayList::newArray(int)].JML normal_behavior operation contract.0 
191021     DEBUG main            d.u.i.k.p.i.IntermediateProofReplayer Proof replay took 6.7ns 
191324     INFO  main            d.u.i.k.p.r.p.TestFile    ... finished proof: closed. 
191544     INFO  main            d.u.i.k.p.i.AbstractProblemLoader Loading environment from /home/runner/work/key/key/key.core/../key.ui/examples/heap/list_seq/ArrayList.newArray.key.proof 
191546     DEBUG main            d.u.i.k.p.i.AbstractProblemLoader Environment load took 2.6ms 
191547     INFO  main            d.u.i.k.p.i.AbstractProblemLoader Creating init config 
194864     DEBUG main            d.u.i.k.p.i.AbstractProblemLoader Init config took 3.32s 
194960     INFO  main            d.u.i.k.p.i.AbstractProblemLoader Replaying proof ArrayList[ArrayList::newArray(int)].JML normal_behavior operation contract.0 
195060     DEBUG main            d.u.i.k.p.i.IntermediateProofReplayer Proof replay took 91.65ms 
195063     DEBUG main            d.u.i.k.p.r.p.TestFile    ... success: reloaded. 
195065     INFO  main            d.u.i.k.p.r.p.TestFile    Now processing file /home/runner/work/key/key/key.core/../key.ui/examples/heap/list_seq/ArrayList.remove.0.key 
195065     INFO  main            d.u.i.k.p.i.AbstractProblemLoader Loading environment from /home/runner/work/key/key/key.core/../key.ui/examples/heap/list_seq/ArrayList.remove.0.key 
195065     DEBUG main            d.u.i.k.p.i.AbstractProblemLoader Environment load took 327.2ns 
195066     INFO  main            d.u.i.k.p.i.AbstractProblemLoader Creating init config 
198373     DEBUG main            d.u.i.k.p.i.AbstractProblemLoader Init config took 3.31s 
198453     INFO  main            d.u.i.k.p.i.AbstractProblemLoader Replaying proof ArrayList[List::remove(java.lang.Object)].JML normal_behavior operation contract.0 
198455     DEBUG main            d.u.i.k.p.i.IntermediateProofReplayer Proof replay took 6.6ns 
200834     INFO  main            d.u.i.k.p.r.p.TestFile    ... finished proof: closed. 
201094     INFO  main            d.u.i.k.p.i.AbstractProblemLoader Loading environment from /home/runner/work/key/key/key.core/../key.ui/examples/heap/list_seq/ArrayList.remove.0.key.proof 
201095     DEBUG main            d.u.i.k.p.i.AbstractProblemLoader Environment load took 512.6ns 
201096     INFO  main            d.u.i.k.p.i.AbstractProblemLoader Creating init config 
204358     DEBUG main            d.u.i.k.p.i.AbstractProblemLoader Init config took 3.26s 
204446     INFO  main            d.u.i.k.p.i.AbstractProblemLoader Replaying proof ArrayList[List::remove(java.lang.Object)].JML normal_behavior operation contract.0 
205064     DEBUG main            d.u.i.k.p.i.IntermediateProofReplayer Proof replay took 609.1ms 
205066     DEBUG main            d.u.i.k.p.r.p.TestFile    ... success: reloaded. 
205067     INFO  main            d.u.i.k.p.r.p.TestFile    Now processing file /home/runner/work/key/key/key.core/../key.ui/examples/heap/list_seq/ArrayList.remove.1.key 
205067     INFO  main            d.u.i.k.p.i.AbstractProblemLoader Loading environment from /home/runner/work/key/key/key.core/../key.ui/examples/heap/list_seq/ArrayList.remove.1.key 
205067     DEBUG main            d.u.i.k.p.i.AbstractProblemLoader Environment load took 189.2ns 
205068     INFO  main            d.u.i.k.p.i.AbstractProblemLoader Creating init config 
208373     DEBUG main            d.u.i.k.p.i.AbstractProblemLoader Init config took 3.3s 
208453     INFO  main            d.u.i.k.p.i.AbstractProblemLoader Replaying proof ArrayList[List::remove(java.lang.Object)].JML normal_behavior operation contract.1 
208456     DEBUG main            d.u.i.k.p.i.IntermediateProofReplayer Proof replay took 5.8ns 
222296     INFO  main            d.u.i.k.p.r.p.TestFile    ... finished proof: closed. 
222643     INFO  main            d.u.i.k.p.i.AbstractProblemLoader Loading environment from /home/runner/work/key/key/key.core/../key.ui/examples/heap/list_seq/ArrayList.remove.1.key.proof 
222644     DEBUG main            d.u.i.k.p.i.AbstractProblemLoader Environment load took 557ns 
222647     INFO  main            d.u.i.k.p.i.AbstractProblemLoader Creating init config 
225891     DEBUG main            d.u.i.k.p.i.AbstractProblemLoader Init config took 3.24s 
225971     INFO  main            d.u.i.k.p.i.AbstractProblemLoader Replaying proof ArrayList[List::remove(java.lang.Object)].JML normal_behavior operation contract.1 
227727     DEBUG main            d.u.i.k.p.i.IntermediateProofReplayer Proof replay took 1.72s 
227730     DEBUG main            d.u.i.k.p.r.p.TestFile    ... success: reloaded. 
1785954    INFO  Test worker     d.u.i.k.p.r.RunAllProofsTestUnit Returning from test list_seq 
1785957    INFO  Test worker     d.u.i.k.p.r.RunAllProofsTestUnit Running test observer 
402        INFO  Timeout watchdog d.u.i.k.p.r.p.ForkedTestFileRunner Timeout watcher launched (2000 secs.) 
421        WARN  main            d.u.i.k.s.ProofSettings   The settings in /home/runner/.key/proof-settings.props are *not* read. 
454        INFO  main            d.u.i.k.p.r.p.TestFile    Now processing file /home/runner/work/key/key/key.core/../key.ui/examples/heap/observer/ExampleObserver_ExampleObserver.key 
599        INFO  main            d.u.i.k.p.i.AbstractProblemLoader Loading environment from /home/runner/work/key/key/key.core/../key.ui/examples/heap/observer/ExampleObserver_ExampleObserver.key 
618        DEBUG main            d.u.i.k.p.i.AbstractProblemLoader Environment load took 2.48ms 
886        INFO  main            d.u.i.k.p.i.AbstractProblemLoader Creating init config 
2044       DEBUG main            d.u.i.k.j.TypeConverter   No LDT found for Meta 
2047       DEBUG main            d.u.i.k.j.TypeConverter   No LDT found for Meta 
2051       DEBUG main            d.u.i.k.j.TypeConverter   No LDT found for Meta 
2052       DEBUG main            d.u.i.k.j.TypeConverter   No LDT found for Meta 
3617       DEBUG main            d.u.i.k.j.TypeConverter   No LDT found for JavaBigintExpression 
10005      DEBUG main            d.u.i.k.p.i.AbstractProblemLoader Init config took 9.12s 
10167      INFO  main            d.u.i.k.p.i.AbstractProblemLoader Replaying proof ExampleObserver[ExampleObserver::ExampleObserver(ExampleSubject)].JML normal_behavior operation contract.0 
10211      DEBUG main            d.u.i.k.p.i.IntermediateProofReplayer Proof replay took 36ns 
11447      INFO  main            d.u.i.k.p.r.p.TestFile    ... finished proof: closed. 
11598      INFO  main            d.u.i.k.p.i.AbstractProblemLoader Loading environment from /home/runner/work/key/key/key.core/../key.ui/examples/heap/observer/ExampleObserver_ExampleObserver.key.proof 
11600      DEBUG main            d.u.i.k.p.i.AbstractProblemLoader Environment load took 1.79ms 
11609      INFO  main            d.u.i.k.p.i.AbstractProblemLoader Creating init config 
15229      DEBUG main            d.u.i.k.p.i.AbstractProblemLoader Init config took 3.62s 
15340      INFO  main            d.u.i.k.p.i.AbstractProblemLoader Replaying proof ExampleObserver[ExampleObserver::ExampleObserver(ExampleSubject)].JML normal_behavior operation contract.0 
15590      DEBUG main            d.u.i.k.p.i.IntermediateProofReplayer Proof replay took 235.49ms 
15610      DEBUG main            d.u.i.k.p.r.p.TestFile    ... success: reloaded. 
15613      INFO  main            d.u.i.k.p.r.p.TestFile    Now processing file /home/runner/work/key/key/key.core/../key.ui/examples/heap/observer/ExampleObserver_inv.key 
15614      INFO  main            d.u.i.k.p.i.AbstractProblemLoader Loading environment from /home/runner/work/key/key/key.core/../key.ui/examples/heap/observer/ExampleObserver_inv.key 
15614      DEBUG main            d.u.i.k.p.i.AbstractProblemLoader Environment load took 319.6ns 
15619      INFO  main            d.u.i.k.p.i.AbstractProblemLoader Creating init config 
19181      DEBUG main            d.u.i.k.p.i.AbstractProblemLoader Init config took 3.56s 
19276      INFO  main            d.u.i.k.p.i.AbstractProblemLoader Replaying proof ExampleObserver[java.lang.Object::<inv>()].JML accessible clause.0 
19279      DEBUG main            d.u.i.k.p.i.IntermediateProofReplayer Proof replay took 6.3ns 
19382      INFO  main            d.u.i.k.p.r.p.TestFile    ... finished proof: closed. 
19566      INFO  main            d.u.i.k.p.i.AbstractProblemLoader Loading environment from /home/runner/work/key/key/key.core/../key.ui/examples/heap/observer/ExampleObserver_inv.key.proof 
19567      DEBUG main            d.u.i.k.p.i.AbstractProblemLoader Environment load took 669ns 
19569      INFO  main            d.u.i.k.p.i.AbstractProblemLoader Creating init config 
22982      DEBUG main            d.u.i.k.p.i.AbstractProblemLoader Init config took 3.41s 
23046      INFO  main            d.u.i.k.p.i.AbstractProblemLoader Replaying proof ExampleObserver[java.lang.Object::<inv>()].JML accessible clause.0 
23067      DEBUG main            d.u.i.k.p.i.IntermediateProofReplayer Proof replay took 18.05ms 
23069      DEBUG main            d.u.i.k.p.r.p.TestFile    ... success: reloaded. 
23071      INFO  main            d.u.i.k.p.r.p.TestFile    Now processing file /home/runner/work/key/key/key.core/../key.ui/examples/heap/observer/ExampleObserver_subject.key 
23071      INFO  main            d.u.i.k.p.i.AbstractProblemLoader Loading environment from /home/runner/work/key/key/key.core/../key.ui/examples/heap/observer/ExampleObserver_subject.key 
23072      DEBUG main            d.u.i.k.p.i.AbstractProblemLoader Environment load took 298.2ns 
23073      INFO  main            d.u.i.k.p.i.AbstractProblemLoader Creating init config 
26373      DEBUG main            d.u.i.k.p.i.AbstractProblemLoader Init config took 3.3s 
26432      INFO  main            d.u.i.k.p.i.AbstractProblemLoader Replaying proof Observer[Observer::$subject()].JML accessible clause.0 
26437      DEBUG main            d.u.i.k.p.i.IntermediateProofReplayer Proof replay took 7.5ns 
26542      INFO  main            d.u.i.k.p.r.p.TestFile    ... finished proof: closed. 
26710      INFO  main            d.u.i.k.p.i.AbstractProblemLoader Loading environment from /home/runner/work/key/key/key.core/../key.ui/examples/heap/observer/ExampleObserver_subject.key.proof 
26710      DEBUG main            d.u.i.k.p.i.AbstractProblemLoader Environment load took 149ns 
26711      INFO  main            d.u.i.k.p.i.AbstractProblemLoader Creating init config 
29889      DEBUG main            d.u.i.k.p.i.AbstractProblemLoader Init config took 3.18s 
29960      INFO  main            d.u.i.k.p.i.AbstractProblemLoader Replaying proof Observer[Observer::$subject()].JML accessible clause.0 
29964      DEBUG main            d.u.i.k.p.i.IntermediateProofReplayer Proof replay took 2.57ms 
29965      DEBUG main            d.u.i.k.p.r.p.TestFile    ... success: reloaded. 
29967      INFO  main            d.u.i.k.p.r.p.TestFile    Now processing file /home/runner/work/key/key/key.core/../key.ui/examples/heap/observer/ExampleObserver_update.key 
29968      INFO  main            d.u.i.k.p.i.AbstractProblemLoader Loading environment from /home/runner/work/key/key/key.core/../key.ui/examples/heap/observer/ExampleObserver_update.key 
29968      DEBUG main            d.u.i.k.p.i.AbstractProblemLoader Environment load took 236.5ns 
29969      INFO  main            d.u.i.k.p.i.AbstractProblemLoader Creating init config 
33168      DEBUG main            d.u.i.k.p.i.AbstractProblemLoader Init config took 3.2s 
33226      INFO  main            d.u.i.k.p.i.AbstractProblemLoader Replaying proof ExampleObserver[Observer::update()].JML normal_behavior operation contract.0 
33228      DEBUG main            d.u.i.k.p.i.IntermediateProofReplayer Proof replay took 6.2ns 
33534      INFO  main            d.u.i.k.p.r.p.TestFile    ... finished proof: closed. 
33725      INFO  main            d.u.i.k.p.i.AbstractProblemLoader Loading environment from /home/runner/work/key/key/key.core/../key.ui/examples/heap/observer/ExampleObserver_update.key.proof 
33725      DEBUG main            d.u.i.k.p.i.AbstractProblemLoader Environment load took 171.7ns 
33726      INFO  main            d.u.i.k.p.i.AbstractProblemLoader Creating init config 
36748      DEBUG main            d.u.i.k.p.i.AbstractProblemLoader Init config took 3.02s 
36806      INFO  main            d.u.i.k.p.i.AbstractProblemLoader Replaying proof ExampleObserver[Observer::update()].JML normal_behavior operation contract.0 
36906      DEBUG main            d.u.i.k.p.i.IntermediateProofReplayer Proof replay took 95.78ms 
36908      DEBUG main            d.u.i.k.p.r.p.TestFile    ... success: reloaded. 
36910      INFO  main            d.u.i.k.p.r.p.TestFile    Now processing file /home/runner/work/key/key/key.core/../key.ui/examples/heap/observer/ExampleObserver_upToDate.key 
36911      INFO  main            d.u.i.k.p.i.AbstractProblemLoader Loading environment from /home/runner/work/key/key/key.core/../key.ui/examples/heap/observer/ExampleObserver_upToDate.key 
36911      DEBUG main            d.u.i.k.p.i.AbstractProblemLoader Environment load took 264.5ns 
36912      INFO  main            d.u.i.k.p.i.AbstractProblemLoader Creating init config 
40198      DEBUG main            d.u.i.k.p.i.AbstractProblemLoader Init config took 3.29s 
40253      INFO  main            d.u.i.k.p.i.AbstractProblemLoader Replaying proof ExampleObserver[Observer::$upToDate()].JML accessible clause.0 
40255      DEBUG main            d.u.i.k.p.i.IntermediateProofReplayer Proof replay took 6.4ns 
40458      INFO  main            d.u.i.k.p.r.p.TestFile    ... finished proof: closed. 
40768      INFO  main            d.u.i.k.p.i.AbstractProblemLoader Loading environment from /home/runner/work/key/key/key.core/../key.ui/examples/heap/observer/ExampleObserver_upToDate.key.proof 
40769      DEBUG main            d.u.i.k.p.i.AbstractProblemLoader Environment load took 583.4ns 
40770      INFO  main            d.u.i.k.p.i.AbstractProblemLoader Creating init config 
44078      DEBUG main            d.u.i.k.p.i.AbstractProblemLoader Init config took 3.31s 
44148      INFO  main            d.u.i.k.p.i.AbstractProblemLoader Replaying proof ExampleObserver[Observer::$upToDate()].JML accessible clause.0 
44176      DEBUG main            d.u.i.k.p.i.IntermediateProofReplayer Proof replay took 23.96ms 
44177      DEBUG main            d.u.i.k.p.r.p.TestFile    ... success: reloaded. 
44178      INFO  main            d.u.i.k.p.r.p.TestFile    Now processing file /home/runner/work/key/key/key.core/../key.ui/examples/heap/observer/ExampleObserver_value.key 
44179      INFO  main            d.u.i.k.p.i.AbstractProblemLoader Loading environment from /home/runner/work/key/key/key.core/../key.ui/examples/heap/observer/ExampleObserver_value.key 
44179      DEBUG main            d.u.i.k.p.i.AbstractProblemLoader Environment load took 145.4ns 
44180      INFO  main            d.u.i.k.p.i.AbstractProblemLoader Creating init config 
47602      DEBUG main            d.u.i.k.p.i.AbstractProblemLoader Init config took 3.42s 
47662      INFO  main            d.u.i.k.p.i.AbstractProblemLoader Replaying proof ExampleObserver[ExampleObserver::value()].JML normal_behavior operation contract.0 
47664      DEBUG main            d.u.i.k.p.i.IntermediateProofReplayer Proof replay took 7.9ns 
47767      INFO  main            d.u.i.k.p.r.p.TestFile    ... finished proof: closed. 
48009      INFO  main            d.u.i.k.p.i.AbstractProblemLoader Loading environment from /home/runner/work/key/key/key.core/../key.ui/examples/heap/observer/ExampleObserver_value.key.proof 
48012      DEBUG main            d.u.i.k.p.i.AbstractProblemLoader Environment load took 2.92ms 
48013      INFO  main            d.u.i.k.p.i.AbstractProblemLoader Creating init config 
51298      DEBUG main            d.u.i.k.p.i.AbstractProblemLoader Init config took 3.28s 
51354      INFO  main            d.u.i.k.p.i.AbstractProblemLoader Replaying proof ExampleObserver[ExampleObserver::value()].JML normal_behavior operation contract.0 
51381      DEBUG main            d.u.i.k.p.i.IntermediateProofReplayer Proof replay took 24.39ms 
51383      DEBUG main            d.u.i.k.p.r.p.TestFile    ... success: reloaded. 
51384      INFO  main            d.u.i.k.p.r.p.TestFile    Now processing file /home/runner/work/key/key/key.core/../key.ui/examples/heap/observer/ExampleSubject_addObserver.key 
51384      INFO  main            d.u.i.k.p.i.AbstractProblemLoader Loading environment from /home/runner/work/key/key/key.core/../key.ui/examples/heap/observer/ExampleSubject_addObserver.key 
51385      DEBUG main            d.u.i.k.p.i.AbstractProblemLoader Environment load took 124.9ns 
51386      INFO  main            d.u.i.k.p.i.AbstractProblemLoader Creating init config 
54488      DEBUG main            d.u.i.k.p.i.AbstractProblemLoader Init config took 3.1s 
54549      INFO  main            d.u.i.k.p.i.AbstractProblemLoader Replaying proof ExampleSubject[Subject::addObserver(Observer)].JML normal_behavior operation contract.0 
54551      DEBUG main            d.u.i.k.p.i.IntermediateProofReplayer Proof replay took 7ns 
61602      INFO  main            d.u.i.k.p.r.p.TestFile    ... finished proof: closed. 
61875      INFO  main            d.u.i.k.p.i.AbstractProblemLoader Loading environment from /home/runner/work/key/key/key.core/../key.ui/examples/heap/observer/ExampleSubject_addObserver.key.proof 
61876      DEBUG main            d.u.i.k.p.i.AbstractProblemLoader Environment load took 658.5ns 
61879      INFO  main            d.u.i.k.p.i.AbstractProblemLoader Creating init config 
64933      DEBUG main            d.u.i.k.p.i.AbstractProblemLoader Init config took 3.05s 
64994      INFO  main            d.u.i.k.p.i.AbstractProblemLoader Replaying proof ExampleSubject[Subject::addObserver(Observer)].JML normal_behavior operation contract.0 
66010      DEBUG main            d.u.i.k.p.i.IntermediateProofReplayer Proof replay took 990.37ms 
66012      DEBUG main            d.u.i.k.p.r.p.TestFile    ... success: reloaded. 
66014      INFO  main            d.u.i.k.p.r.p.TestFile    Now processing file /home/runner/work/key/key/key.core/../key.ui/examples/heap/observer/ExampleSubject_change.key 
66014      INFO  main            d.u.i.k.p.i.AbstractProblemLoader Loading environment from /home/runner/work/key/key/key.core/../key.ui/examples/heap/observer/ExampleSubject_change.key 
66014      DEBUG main            d.u.i.k.p.i.AbstractProblemLoader Environment load took 223.3ns 
66016      INFO  main            d.u.i.k.p.i.AbstractProblemLoader Creating init config 
69132      DEBUG main            d.u.i.k.p.i.AbstractProblemLoader Init config took 3.12s 
69186      INFO  main            d.u.i.k.p.i.AbstractProblemLoader Replaying proof ExampleSubject[ExampleSubject::change()].JML normal_behavior operation contract.0 
69188      DEBUG main            d.u.i.k.p.i.IntermediateProofReplayer Proof replay took 22.9ns 
69793      INFO  main            d.u.i.k.p.r.p.TestFile    ... finished proof: closed. 
70038      INFO  main            d.u.i.k.p.i.AbstractProblemLoader Loading environment from /home/runner/work/key/key/key.core/../key.ui/examples/heap/observer/ExampleSubject_change.key.proof 
70039      DEBUG main            d.u.i.k.p.i.AbstractProblemLoader Environment load took 741.1ns 
70041      INFO  main            d.u.i.k.p.i.AbstractProblemLoader Creating init config 
73114      DEBUG main            d.u.i.k.p.i.AbstractProblemLoader Init config took 3.07s 
73182      INFO  main            d.u.i.k.p.i.AbstractProblemLoader Replaying proof ExampleSubject[ExampleSubject::change()].JML normal_behavior operation contract.0 
73298      DEBUG main            d.u.i.k.p.i.IntermediateProofReplayer Proof replay took 109.96ms 
73299      DEBUG main            d.u.i.k.p.r.p.TestFile    ... success: reloaded. 
73301      INFO  main            d.u.i.k.p.r.p.TestFile    Now processing file /home/runner/work/key/key/key.core/../key.ui/examples/heap/observer/ExampleSubject_ExampleSubject.key 
73302      INFO  main            d.u.i.k.p.i.AbstractProblemLoader Loading environment from /home/runner/work/key/key/key.core/../key.ui/examples/heap/observer/ExampleSubject_ExampleSubject.key 
73302      DEBUG main            d.u.i.k.p.i.AbstractProblemLoader Environment load took 253.7ns 
73304      INFO  main            d.u.i.k.p.i.AbstractProblemLoader Creating init config 
76372      DEBUG main            d.u.i.k.p.i.AbstractProblemLoader Init config took 3.07s 
76427      INFO  main            d.u.i.k.p.i.AbstractProblemLoader Replaying proof ExampleSubject[ExampleSubject::ExampleSubject()].JML normal_behavior operation contract.0 
76429      DEBUG main            d.u.i.k.p.i.IntermediateProofReplayer Proof replay took 6.3ns 
77737      INFO  main            d.u.i.k.p.r.p.TestFile    ... finished proof: closed. 
77981      INFO  main            d.u.i.k.p.i.AbstractProblemLoader Loading environment from /home/runner/work/key/key/key.core/../key.ui/examples/heap/observer/ExampleSubject_ExampleSubject.key.proof 
77982      DEBUG main            d.u.i.k.p.i.AbstractProblemLoader Environment load took 515ns 
77983      INFO  main            d.u.i.k.p.i.AbstractProblemLoader Creating init config 
80992      DEBUG main            d.u.i.k.p.i.AbstractProblemLoader Init config took 3.01s 
81043      INFO  main            d.u.i.k.p.i.AbstractProblemLoader Replaying proof ExampleSubject[ExampleSubject::ExampleSubject()].JML normal_behavior operation contract.0 
81292      DEBUG main            d.u.i.k.p.i.IntermediateProofReplayer Proof replay took 240.23ms 
81294      DEBUG main            d.u.i.k.p.r.p.TestFile    ... success: reloaded. 
81296      INFO  main            d.u.i.k.p.r.p.TestFile    Now processing file /home/runner/work/key/key/key.core/../key.ui/examples/heap/observer/ExampleSubject_footprint.key 
81296      INFO  main            d.u.i.k.p.i.AbstractProblemLoader Loading environment from /home/runner/work/key/key/key.core/../key.ui/examples/heap/observer/ExampleSubject_footprint.key 
81297      DEBUG main            d.u.i.k.p.i.AbstractProblemLoader Environment load took 323.6ns 
81298      INFO  main            d.u.i.k.p.i.AbstractProblemLoader Creating init config 
84374      DEBUG main            d.u.i.k.p.i.AbstractProblemLoader Init config took 3.08s 
84426      INFO  main            d.u.i.k.p.i.AbstractProblemLoader Replaying proof ExampleSubject[Subject::$footprint()].JML accessible clause.0 
84428      DEBUG main            d.u.i.k.p.i.IntermediateProofReplayer Proof replay took 16.7ns 
84535      INFO  main            d.u.i.k.p.r.p.TestFile    ... finished proof: closed. 
84784      INFO  main            d.u.i.k.p.i.AbstractProblemLoader Loading environment from /home/runner/work/key/key/key.core/../key.ui/examples/heap/observer/ExampleSubject_footprint.key.proof 
84784      DEBUG main            d.u.i.k.p.i.AbstractProblemLoader Environment load took 132.5ns 
84786      INFO  main            d.u.i.k.p.i.AbstractProblemLoader Creating init config 
87730      DEBUG main            d.u.i.k.p.i.AbstractProblemLoader Init config took 2.94s 
87782      INFO  main            d.u.i.k.p.i.AbstractProblemLoader Replaying proof ExampleSubject[Subject::$footprint()].JML accessible clause.0 
87804      DEBUG main            d.u.i.k.p.i.IntermediateProofReplayer Proof replay took 19.43ms 
87805      DEBUG main            d.u.i.k.p.r.p.TestFile    ... success: reloaded. 
87807      INFO  main            d.u.i.k.p.r.p.TestFile    Now processing file /home/runner/work/key/key/key.core/../key.ui/examples/heap/observer/ExampleSubject_inv.key 
87807      INFO  main            d.u.i.k.p.i.AbstractProblemLoader Loading environment from /home/runner/work/key/key/key.core/../key.ui/examples/heap/observer/ExampleSubject_inv.key 
87808      DEBUG main            d.u.i.k.p.i.AbstractProblemLoader Environment load took 297.6ns 
87809      INFO  main            d.u.i.k.p.i.AbstractProblemLoader Creating init config 
90829      DEBUG main            d.u.i.k.p.i.AbstractProblemLoader Init config took 3.02s 
90879      INFO  main            d.u.i.k.p.i.AbstractProblemLoader Replaying proof ExampleSubject[java.lang.Object::<inv>()].JML accessible clause.0 
90882      DEBUG main            d.u.i.k.p.i.IntermediateProofReplayer Proof replay took 6.8ns 
92289      INFO  main            d.u.i.k.p.r.p.TestFile    ... finished proof: closed. 
92542      INFO  main            d.u.i.k.p.i.AbstractProblemLoader Loading environment from /home/runner/work/key/key/key.core/../key.ui/examples/heap/observer/ExampleSubject_inv.key.proof 
92543      DEBUG main            d.u.i.k.p.i.AbstractProblemLoader Environment load took 570.4ns 
92545      INFO  main            d.u.i.k.p.i.AbstractProblemLoader Creating init config 
95556      DEBUG main            d.u.i.k.p.i.AbstractProblemLoader Init config took 3.01s 
95613      INFO  main            d.u.i.k.p.i.AbstractProblemLoader Replaying proof ExampleSubject[java.lang.Object::<inv>()].JML accessible clause.0 
95818      DEBUG main            d.u.i.k.p.i.IntermediateProofReplayer Proof replay took 195.98ms 
95821      DEBUG main            d.u.i.k.p.r.p.TestFile    ... success: reloaded. 
95823      INFO  main            d.u.i.k.p.r.p.TestFile    Now processing file /home/runner/work/key/key/key.core/../key.ui/examples/heap/observer/ExampleSubject_notifyObservers.key 
95823      INFO  main            d.u.i.k.p.i.AbstractProblemLoader Loading environment from /home/runner/work/key/key/key.core/../key.ui/examples/heap/observer/ExampleSubject_notifyObservers.key 
95824      DEBUG main            d.u.i.k.p.i.AbstractProblemLoader Environment load took 313.5ns 
95825      INFO  main            d.u.i.k.p.i.AbstractProblemLoader Creating init config 
98881      DEBUG main            d.u.i.k.p.i.AbstractProblemLoader Init config took 3.06s 
98932      INFO  main            d.u.i.k.p.i.AbstractProblemLoader Replaying proof Subject[Subject::notifyObservers()].JML normal_behavior operation contract.0 
98934      DEBUG main            d.u.i.k.p.i.IntermediateProofReplayer Proof replay took 7ns 
99037      INFO  main            d.u.i.k.p.r.p.TestFile    ... finished proof: closed. 
99280      INFO  main            d.u.i.k.p.i.AbstractProblemLoader Loading environment from /home/runner/work/key/key/key.core/../key.ui/examples/heap/observer/ExampleSubject_notifyObservers.key.proof 
99281      DEBUG main            d.u.i.k.p.i.AbstractProblemLoader Environment load took 120.4ns 
99282      INFO  main            d.u.i.k.p.i.AbstractProblemLoader Creating init config 
102237     DEBUG main            d.u.i.k.p.i.AbstractProblemLoader Init config took 2.96s 
102288     INFO  main            d.u.i.k.p.i.AbstractProblemLoader Replaying proof Subject[Subject::notifyObservers()].JML normal_behavior operation contract.0 
102294     DEBUG main            d.u.i.k.p.i.IntermediateProofReplayer Proof replay took 3.89ms 
102295     DEBUG main            d.u.i.k.p.r.p.TestFile    ... success: reloaded. 
102296     INFO  main            d.u.i.k.p.r.p.TestFile    Now processing file /home/runner/work/key/key/key.core/../key.ui/examples/heap/observer/ExampleSubject_value_dep.key 
102297     INFO  main            d.u.i.k.p.i.AbstractProblemLoader Loading environment from /home/runner/work/key/key/key.core/../key.ui/examples/heap/observer/ExampleSubject_value_dep.key 
102297     DEBUG main            d.u.i.k.p.i.AbstractProblemLoader Environment load took 175.9ns 
102298     INFO  main            d.u.i.k.p.i.AbstractProblemLoader Creating init config 
105370     DEBUG main            d.u.i.k.p.i.AbstractProblemLoader Init config took 3.07s 
105421     INFO  main            d.u.i.k.p.i.AbstractProblemLoader Replaying proof ExampleSubject[ExampleSubject::value()].JML accessible clause.0 
105423     DEBUG main            d.u.i.k.p.i.IntermediateProofReplayer Proof replay took 7.6ns 
105525     INFO  main            d.u.i.k.p.r.p.TestFile    ... finished proof: closed. 
105796     INFO  main            d.u.i.k.p.i.AbstractProblemLoader Loading environment from /home/runner/work/key/key/key.core/../key.ui/examples/heap/observer/ExampleSubject_value_dep.key.proof 
105796     DEBUG main            d.u.i.k.p.i.AbstractProblemLoader Environment load took 118.3ns 
105797     INFO  main            d.u.i.k.p.i.AbstractProblemLoader Creating init config 
108720     DEBUG main            d.u.i.k.p.i.AbstractProblemLoader Init config took 2.92s 
108770     INFO  main            d.u.i.k.p.i.AbstractProblemLoader Replaying proof ExampleSubject[ExampleSubject::value()].JML accessible clause.0 
108788     DEBUG main            d.u.i.k.p.i.IntermediateProofReplayer Proof replay took 16.57ms 
108789     DEBUG main            d.u.i.k.p.r.p.TestFile    ... success: reloaded. 
108790     INFO  main            d.u.i.k.p.r.p.TestFile    Now processing file /home/runner/work/key/key/key.core/../key.ui/examples/heap/observer/ExampleSubject_value.key 
108791     INFO  main            d.u.i.k.p.i.AbstractProblemLoader Loading environment from /home/runner/work/key/key/key.core/../key.ui/examples/heap/observer/ExampleSubject_value.key 
108791     DEBUG main            d.u.i.k.p.i.AbstractProblemLoader Environment load took 111.6ns 
108792     INFO  main            d.u.i.k.p.i.AbstractProblemLoader Creating init config 
111930     DEBUG main            d.u.i.k.p.i.AbstractProblemLoader Init config took 3.14s 
111978     INFO  main            d.u.i.k.p.i.AbstractProblemLoader Replaying proof ExampleSubject[ExampleSubject::value()].JML normal_behavior operation contract.0 
111980     DEBUG main            d.u.i.k.p.i.IntermediateProofReplayer Proof replay took 7.1ns 
112083     INFO  main            d.u.i.k.p.r.p.TestFile    ... finished proof: closed. 
112368     INFO  main            d.u.i.k.p.i.AbstractProblemLoader Loading environment from /home/runner/work/key/key/key.core/../key.ui/examples/heap/observer/ExampleSubject_value.key.proof 
112369     DEBUG main            d.u.i.k.p.i.AbstractProblemLoader Environment load took 205.7ns 
112370     INFO  main            d.u.i.k.p.i.AbstractProblemLoader Creating init config 
115343     DEBUG main            d.u.i.k.p.i.AbstractProblemLoader Init config took 2.97s 
115396     INFO  main            d.u.i.k.p.i.AbstractProblemLoader Replaying proof ExampleSubject[ExampleSubject::value()].JML normal_behavior operation contract.0 
115413     DEBUG main            d.u.i.k.p.i.IntermediateProofReplayer Proof replay took 14.87ms 
115414     DEBUG main            d.u.i.k.p.r.p.TestFile    ... success: reloaded. 
1901575    INFO  Test worker     d.u.i.k.p.r.RunAllProofsTestUnit Returning from test observer 
1901577    INFO  Test worker     d.u.i.k.p.r.RunAllProofsTestUnit Running test removeDups 
441        INFO  Timeout watchdog d.u.i.k.p.r.p.ForkedTestFileRunner Timeout watcher launched (2000 secs.) 
452        WARN  main            d.u.i.k.s.ProofSettings   The settings in /home/runner/.key/proof-settings.props are *not* read. 
486        INFO  main            d.u.i.k.p.r.p.TestFile    Now processing file /home/runner/work/key/key/key.core/../key.ui/examples/heap/removeDups/arrayPart.key 
615        INFO  main            d.u.i.k.p.i.AbstractProblemLoader Loading environment from /home/runner/work/key/key/key.core/../key.ui/examples/heap/removeDups/arrayPart.key 
639        DEBUG main            d.u.i.k.p.i.AbstractProblemLoader Environment load took 2.39ms 
893        INFO  main            d.u.i.k.p.i.AbstractProblemLoader Creating init config 
1973       DEBUG main            d.u.i.k.j.TypeConverter   No LDT found for Meta 
1974       DEBUG main            d.u.i.k.j.TypeConverter   No LDT found for Meta 
1976       DEBUG main            d.u.i.k.j.TypeConverter   No LDT found for Meta 
1976       DEBUG main            d.u.i.k.j.TypeConverter   No LDT found for Meta 
3970       DEBUG main            d.u.i.k.j.TypeConverter   No LDT found for JavaBigintExpression 
10034      DEBUG main            d.u.i.k.p.i.AbstractProblemLoader Init config took 9.14s 
10184      INFO  main            d.u.i.k.p.i.AbstractProblemLoader Replaying proof RemoveDup[RemoveDup::arrayPart([I,int)].JML normal_behavior operation contract.0 
10226      DEBUG main            d.u.i.k.p.i.IntermediateProofReplayer Proof replay took 48.9ns 
13503      INFO  main            d.u.i.k.p.r.p.TestFile    ... finished proof: closed. 
13725      INFO  main            d.u.i.k.p.i.AbstractProblemLoader Loading environment from /home/runner/work/key/key/key.core/../key.ui/examples/heap/removeDups/arrayPart.key.proof 
13727      DEBUG main            d.u.i.k.p.i.AbstractProblemLoader Environment load took 2.24ms 
13730      INFO  main            d.u.i.k.p.i.AbstractProblemLoader Creating init config 
17134      DEBUG main            d.u.i.k.p.i.AbstractProblemLoader Init config took 3.4s 
17220      INFO  main            d.u.i.k.p.i.AbstractProblemLoader Replaying proof RemoveDup[RemoveDup::arrayPart([I,int)].JML normal_behavior operation contract.0 
17646      DEBUG main            d.u.i.k.p.i.IntermediateProofReplayer Proof replay took 406.4ms 
17656      DEBUG main            d.u.i.k.p.r.p.TestFile    ... success: reloaded. 
17658      INFO  main            d.u.i.k.p.r.p.TestFile    Now processing file /home/runner/work/key/key/key.core/../key.ui/examples/heap/removeDups/contains.key 
17659      INFO  main            d.u.i.k.p.i.AbstractProblemLoader Loading environment from /home/runner/work/key/key/key.core/../key.ui/examples/heap/removeDups/contains.key 
17659      DEBUG main            d.u.i.k.p.i.AbstractProblemLoader Environment load took 178.5ns 
17662      INFO  main            d.u.i.k.p.i.AbstractProblemLoader Creating init config 
20903      DEBUG main            d.u.i.k.p.i.AbstractProblemLoader Init config took 3.24s 
20972      INFO  main            d.u.i.k.p.i.AbstractProblemLoader Replaying proof RemoveDup[RemoveDup::contains([I,int,int)].JML normal_behavior operation contract.0 
20978      DEBUG main            d.u.i.k.p.i.IntermediateProofReplayer Proof replay took 7.5ns 
21784      INFO  main            d.u.i.k.p.r.p.TestFile    ... finished proof: closed. 
21966      INFO  main            d.u.i.k.p.i.AbstractProblemLoader Loading environment from /home/runner/work/key/key/key.core/../key.ui/examples/heap/removeDups/contains.key.proof 
21967      DEBUG main            d.u.i.k.p.i.AbstractProblemLoader Environment load took 1.2ms 
21970      INFO  main            d.u.i.k.p.i.AbstractProblemLoader Creating init config 
25074      DEBUG main            d.u.i.k.p.i.AbstractProblemLoader Init config took 3.1s 
25134      INFO  main            d.u.i.k.p.i.AbstractProblemLoader Replaying proof RemoveDup[RemoveDup::contains([I,int,int)].JML normal_behavior operation contract.0 
25289      DEBUG main            d.u.i.k.p.i.IntermediateProofReplayer Proof replay took 149.52ms 
25291      DEBUG main            d.u.i.k.p.r.p.TestFile    ... success: reloaded. 
25292      INFO  main            d.u.i.k.p.r.p.TestFile    Now processing file /home/runner/work/key/key/key.core/../key.ui/examples/heap/removeDups/removeDup.key 
25293      INFO  main            d.u.i.k.p.i.AbstractProblemLoader Loading environment from /home/runner/work/key/key/key.core/../key.ui/examples/heap/removeDups/removeDup.key 
25293      DEBUG main            d.u.i.k.p.i.AbstractProblemLoader Environment load took 572.3ns 
25295      INFO  main            d.u.i.k.p.i.AbstractProblemLoader Creating init config 
28357      DEBUG main            d.u.i.k.p.i.AbstractProblemLoader Init config took 3.06s 
28416      INFO  main            d.u.i.k.p.i.AbstractProblemLoader Replaying proof RemoveDup[RemoveDup::removeDup([I)].JML normal_behavior operation contract.0 
28419      DEBUG main            d.u.i.k.p.i.IntermediateProofReplayer Proof replay took 6.6ns 
34386      DEBUG Thread-7        d.u.i.k.j.d.VariableSpecification Program match. Variables have different dimension (template #v0 = #vi;, source a#11[] = var;) 
61542      INFO  main            d.u.i.k.p.r.p.TestFile    ... finished proof: closed. 
61867      INFO  main            d.u.i.k.p.i.AbstractProblemLoader Loading environment from /home/runner/work/key/key/key.core/../key.ui/examples/heap/removeDups/removeDup.key.proof 
61867      DEBUG main            d.u.i.k.p.i.AbstractProblemLoader Environment load took 564.4ns 
61872      INFO  main            d.u.i.k.p.i.AbstractProblemLoader Creating init config 
64841      DEBUG main            d.u.i.k.p.i.AbstractProblemLoader Init config took 2.97s 
64916      INFO  main            d.u.i.k.p.i.AbstractProblemLoader Replaying proof RemoveDup[RemoveDup::removeDup([I)].JML normal_behavior operation contract.0 
67480      DEBUG main            d.u.i.k.p.i.IntermediateProofReplayer Proof replay took 2.46s 
67484      DEBUG main            d.u.i.k.p.r.p.TestFile    ... success: reloaded. 
67485      INFO  main            d.u.i.k.p.r.p.TestFile    Now processing file /home/runner/work/key/key/key.core/../key.ui/examples/heap/saddleback_search/Saddleback_search.key 
67486      INFO  main            d.u.i.k.p.i.AbstractProblemLoader Loading environment from /home/runner/work/key/key/key.core/../key.ui/examples/heap/saddleback_search/Saddleback_search.key 
67486      DEBUG main            d.u.i.k.p.i.AbstractProblemLoader Environment load took 319.2ns 
67488      INFO  main            d.u.i.k.p.i.AbstractProblemLoader Creating init config 
70612      DEBUG main            d.u.i.k.p.i.AbstractProblemLoader Init config took 3.12s 
70659      INFO  main            d.u.i.k.p.i.AbstractProblemLoader Replaying proof Saddleback[Saddleback::search([[I,int)].JML normal_behavior operation contract.0 
70668      DEBUG main            d.u.i.k.p.i.IntermediateProofReplayer Proof replay took 6.2ns 
178464     INFO  main            d.u.i.k.p.r.p.TestFile    ... finished proof: closed. 
178940     INFO  main            d.u.i.k.p.i.AbstractProblemLoader Loading environment from /home/runner/work/key/key/key.core/../key.ui/examples/heap/saddleback_search/Saddleback_search.key.proof 
178941     DEBUG main            d.u.i.k.p.i.AbstractProblemLoader Environment load took 505.1ns 
178951     INFO  main            d.u.i.k.p.i.AbstractProblemLoader Creating init config 
182008     DEBUG main            d.u.i.k.p.i.AbstractProblemLoader Init config took 3.06s 
182068     INFO  main            d.u.i.k.p.i.AbstractProblemLoader Replaying proof Saddleback[Saddleback::search([[I,int)].JML normal_behavior operation contract.0 
185699     DEBUG main            d.u.i.k.p.i.IntermediateProofReplayer Proof replay took 3.45s 
185763     DEBUG main            d.u.i.k.p.r.p.TestFile    ... success: reloaded. 
2088471    INFO  Test worker     d.u.i.k.p.r.RunAllProofsTestUnit Returning from test removeDups 
2088473    INFO  Test worker     d.u.i.k.p.r.RunAllProofsTestUnit Running test quicksort 
436        INFO  Timeout watchdog d.u.i.k.p.r.p.ForkedTestFileRunner Timeout watcher launched (2000 secs.) 
450        WARN  main            d.u.i.k.s.ProofSettings   The settings in /home/runner/.key/proof-settings.props are *not* read. 
486        INFO  main            d.u.i.k.p.r.p.TestFile    Now processing file /home/runner/work/key/key/key.core/../key.ui/examples/heap/quicksort/toplevel.key 
664        INFO  main            d.u.i.k.p.i.AbstractProblemLoader Loading environment from /home/runner/work/key/key/key.core/../key.ui/examples/heap/quicksort/toplevel.key 
686        DEBUG main            d.u.i.k.p.i.AbstractProblemLoader Environment load took 3.52ms 
999        INFO  main            d.u.i.k.p.i.AbstractProblemLoader Creating init config 
2359       DEBUG main            d.u.i.k.j.TypeConverter   No LDT found for Meta 
2360       DEBUG main            d.u.i.k.j.TypeConverter   No LDT found for Meta 
2363       DEBUG main            d.u.i.k.j.TypeConverter   No LDT found for Meta 
2364       DEBUG main            d.u.i.k.j.TypeConverter   No LDT found for Meta 
4606       DEBUG main            d.u.i.k.j.TypeConverter   No LDT found for JavaBigintExpression 
10835      DEBUG main            d.u.i.k.p.i.AbstractProblemLoader Init config took 9.84s 
11080      INFO  main            d.u.i.k.p.i.AbstractProblemLoader Replaying proof Quicksort[Quicksort::sort([I)].JML normal_behavior operation contract.0 
11131      DEBUG main            d.u.i.k.p.i.IntermediateProofReplayer Proof replay took 42.5ns 
12736      INFO  main            d.u.i.k.p.r.p.TestFile    ... finished proof: closed. 
12914      INFO  main            d.u.i.k.p.i.AbstractProblemLoader Loading environment from /home/runner/work/key/key/key.core/../key.ui/examples/heap/quicksort/toplevel.key.proof 
12923      DEBUG main            d.u.i.k.p.i.AbstractProblemLoader Environment load took 8.75ms 
12926      INFO  main            d.u.i.k.p.i.AbstractProblemLoader Creating init config 
16683      DEBUG main            d.u.i.k.p.i.AbstractProblemLoader Init config took 3.76s 
16773      INFO  main            d.u.i.k.p.i.AbstractProblemLoader Replaying proof Quicksort[Quicksort::sort([I)].JML normal_behavior operation contract.0 
17052      DEBUG main            d.u.i.k.p.i.IntermediateProofReplayer Proof replay took 269.7ms 
17061      DEBUG main            d.u.i.k.p.r.p.TestFile    ... success: reloaded. 
17065      INFO  main            d.u.i.k.p.r.p.TestFile    Now processing file /home/runner/work/key/key/key.core/../key.ui/examples/heap/quicksort/sort.key 
17066      INFO  main            d.u.i.k.p.i.AbstractProblemLoader Loading environment from /home/runner/work/key/key/key.core/../key.ui/examples/heap/quicksort/sort.key 
17066      DEBUG main            d.u.i.k.p.i.AbstractProblemLoader Environment load took 288.5ns 
17068      INFO  main            d.u.i.k.p.i.AbstractProblemLoader Creating init config 
20526      DEBUG main            d.u.i.k.p.i.AbstractProblemLoader Init config took 3.46s 
20598      INFO  main            d.u.i.k.p.i.AbstractProblemLoader Replaying proof Quicksort[Quicksort::sort([I,int,int)].JML normal_behavior operation contract.0 
20605      DEBUG main            d.u.i.k.p.i.IntermediateProofReplayer Proof replay took 8.1ns 
20647      DEBUG main            d.u.i.k.m.s.ProofScriptEngine 1: 'script 'sort.script'' 
20656      INFO  main            d.u.i.k.m.s.ProofScriptCommand Included script /home/runner/work/key/key/key.core/../key.ui/examples/heap/quicksort/sort.script 
20656      DEBUG main            d.u.i.k.m.s.ProofScriptEngine 1: 'macro autopilot-prep' 
22137      DEBUG main            d.u.i.k.m.s.ProofScriptEngine 2: 'select formula="{heapAtPre:=heap || exc:=null || heap:=heapAfter_sort_0}
   seq ...' 
22148      DEBUG main            d.u.i.k.m.s.ProofScriptEngine 3: 'macro simp-upd' 
22162      DEBUG main            d.u.i.k.m.s.ProofScriptEngine 4: 'let   @seqPre="seqDef{int u;}(0, array.length, array[u])"
    @seqSplit="seqDef ...' 
22169      DEBUG main            d.u.i.k.m.s.ProofScriptEngine 5: 'rule seqPermSym 
  formula="seqPerm(@seqSplit, @seqPre)"' 
22193      DEBUG main            d.u.i.k.m.s.ProofScriptEngine 6: 'rule seqPermSym
  formula="seqPerm(@seqSort, @seqSplit)"' 
22209      DEBUG main            d.u.i.k.m.s.ProofScriptEngine 7: 'rule seqPermSym
  formula="seqPerm(@seqSort0, @seqSort)"' 
22211      DEBUG main            d.u.i.k.m.s.ProofScriptEngine 8: 'rule seqPermTrans
  formula="seqPerm(@seqPre, @seqSplit)"' 
22212      DEBUG main            d.u.i.k.m.s.ProofScriptEngine 9: 'rule seqPermTrans
  formula="seqPerm(@seqPre, @seqSort)"' 
22213      DEBUG main            d.u.i.k.m.s.ProofScriptEngine 10: 'rule seqPermSym
  formula="seqPerm(@seqPre, @seqSort0)"' 
22217      DEBUG main            d.u.i.k.m.s.ProofScriptEngine 11: 'tryclose' 
56790      INFO  main            d.u.i.k.p.r.p.TestFile    ... finished proof: closed. 
57139      INFO  main            d.u.i.k.p.i.AbstractProblemLoader Loading environment from /home/runner/work/key/key/key.core/../key.ui/examples/heap/quicksort/sort.key.proof 
57139      DEBUG main            d.u.i.k.p.i.AbstractProblemLoader Environment load took 178.3ns 
57152      INFO  main            d.u.i.k.p.i.AbstractProblemLoader Creating init config 
60523      DEBUG main            d.u.i.k.p.i.AbstractProblemLoader Init config took 3.37s 
60587      INFO  main            d.u.i.k.p.i.AbstractProblemLoader Replaying proof Quicksort[Quicksort::sort([I,int,int)].JML normal_behavior operation contract.0 
63341      DEBUG main            d.u.i.k.p.i.IntermediateProofReplayer Proof replay took 2.59s 
63349      DEBUG main            d.u.i.k.p.r.p.TestFile    ... success: reloaded. 
63358      INFO  main            d.u.i.k.p.r.p.TestFile    Now processing file /home/runner/work/key/key/key.core/../key.ui/examples/heap/quicksort/split.key 
63359      INFO  main            d.u.i.k.p.i.AbstractProblemLoader Loading environment from /home/runner/work/key/key/key.core/../key.ui/examples/heap/quicksort/split.key 
63359      DEBUG main            d.u.i.k.p.i.AbstractProblemLoader Environment load took 556.2ns 
63362      INFO  main            d.u.i.k.p.i.AbstractProblemLoader Creating init config 
66827      DEBUG main            d.u.i.k.p.i.AbstractProblemLoader Init config took 3.46s 
66882      INFO  main            d.u.i.k.p.i.AbstractProblemLoader Replaying proof Quicksort[Quicksort::split([I,int,int)].JML normal_behavior operation contract.0 
66886      DEBUG main            d.u.i.k.p.i.IntermediateProofReplayer Proof replay took 6.3ns 
66887      DEBUG main            d.u.i.k.m.s.ProofScriptEngine 1: 'macro autopilot-prep' 
68477      DEBUG main            d.u.i.k.m.s.ProofScriptEngine 2: 'tryclose' 
118922     DEBUG main            d.u.i.k.m.s.ProofScriptEngine 3: 'macro simp-upd' 
119057     DEBUG main            d.u.i.k.m.s.ProofScriptEngine 4: 'rule seqPermFromSwap' 
119076     DEBUG main            d.u.i.k.m.s.ProofScriptEngine 5: 'rule andRight' 
119078     DEBUG main            d.u.i.k.m.s.ProofScriptEngine 6: 'auto' 
119108     DEBUG main            d.u.i.k.m.s.ProofScriptEngine 7: 'instantiate hide var=iv with=i_0' 
119114     DEBUG main            d.u.i.k.m.s.ProofScriptEngine 8: 'instantiate hide var=jv with=j_0' 
119115     DEBUG main            d.u.i.k.m.s.ProofScriptEngine 9: 'auto' 
127415     DEBUG main            d.u.i.k.m.s.ProofScriptEngine 10: 'macro simp-upd' 
127532     DEBUG main            d.u.i.k.m.s.ProofScriptEngine 11: 'rule seqPermFromSwap' 
127538     DEBUG main            d.u.i.k.m.s.ProofScriptEngine 12: 'rule andRight' 
127539     DEBUG main            d.u.i.k.m.s.ProofScriptEngine 13: 'auto' 
127557     DEBUG main            d.u.i.k.m.s.ProofScriptEngine 14: 'instantiate hide var=iv with=i_0' 
127560     DEBUG main            d.u.i.k.m.s.ProofScriptEngine 15: 'instantiate hide var=jv with=to' 
127564     DEBUG main            d.u.i.k.m.s.ProofScriptEngine 16: 'auto' 
134397     INFO  main            d.u.i.k.p.r.p.TestFile    ... finished proof: closed. 
135071     INFO  main            d.u.i.k.p.i.AbstractProblemLoader Loading environment from /home/runner/work/key/key/key.core/../key.ui/examples/heap/quicksort/split.key.proof 
135072     DEBUG main            d.u.i.k.p.i.AbstractProblemLoader Environment load took 630.8ns 
135084     INFO  main            d.u.i.k.p.i.AbstractProblemLoader Creating init config 
138105     DEBUG main            d.u.i.k.p.i.AbstractProblemLoader Init config took 3.02s 
138161     INFO  main            d.u.i.k.p.i.AbstractProblemLoader Replaying proof Quicksort[Quicksort::split([I,int,int)].JML normal_behavior operation contract.0 
143071     DEBUG main            d.u.i.k.p.i.IntermediateProofReplayer Proof replay took 4.59s 
143084     DEBUG main            d.u.i.k.p.r.p.TestFile    ... success: reloaded. 
2231771    INFO  Test worker     d.u.i.k.p.r.RunAllProofsTestUnit Returning from test quicksort 
2231774    INFO  Test worker     d.u.i.k.p.r.RunAllProofsTestUnit Running test simpleTests 
404        INFO  Timeout watchdog d.u.i.k.p.r.p.ForkedTestFileRunner Timeout watcher launched (2000 secs.) 
421        WARN  main            d.u.i.k.s.ProofSettings   The settings in /home/runner/.key/proof-settings.props are *not* read. 
474        INFO  main            d.u.i.k.p.r.p.TestFile    Now processing file /home/runner/work/key/key/key.core/../key.ui/examples/heap/simple/anonymise_datagroup.key 
626        INFO  main            d.u.i.k.p.i.AbstractProblemLoader Loading environment from /home/runner/work/key/key/key.core/../key.ui/examples/heap/simple/anonymise_datagroup.key 
644        DEBUG main            d.u.i.k.p.i.AbstractProblemLoader Environment load took 1.87ms 
1002       INFO  main            d.u.i.k.p.i.AbstractProblemLoader Creating init config 
2212       DEBUG main            d.u.i.k.j.TypeConverter   No LDT found for Meta 
2213       DEBUG main            d.u.i.k.j.TypeConverter   No LDT found for Meta 
2216       DEBUG main            d.u.i.k.j.TypeConverter   No LDT found for Meta 
2217       DEBUG main            d.u.i.k.j.TypeConverter   No LDT found for Meta 
3937       DEBUG main            d.u.i.k.j.TypeConverter   No LDT found for JavaBigintExpression 
10156      DEBUG main            d.u.i.k.p.i.AbstractProblemLoader Init config took 9.15s 
10225      INFO  main            d.u.i.k.p.i.AbstractProblemLoader Replaying proof anonymise_datagroup.key 
10268      DEBUG main            d.u.i.k.p.i.IntermediateProofReplayer Proof replay took 37.4ns 
10537      INFO  main            d.u.i.k.p.r.p.TestFile    ... finished proof: closed. 
10662      INFO  main            d.u.i.k.p.i.AbstractProblemLoader Loading environment from /home/runner/work/key/key/key.core/../key.ui/examples/heap/simple/anonymise_datagroup.key.proof 
10663      DEBUG main            d.u.i.k.p.i.AbstractProblemLoader Environment load took 590.5ns 
10668      INFO  main            d.u.i.k.p.i.AbstractProblemLoader Creating init config 
14100      DEBUG main            d.u.i.k.p.i.AbstractProblemLoader Init config took 3.43s 
14134      INFO  main            d.u.i.k.p.i.AbstractProblemLoader Replaying proof anonymise_datagroup.key.proof 
14152      DEBUG main            d.u.i.k.p.i.IntermediateProofReplayer Proof replay took 12.66ms 
14170      DEBUG main            d.u.i.k.p.r.p.TestFile    ... success: reloaded. 
14172      INFO  main            d.u.i.k.p.r.p.TestFile    Now processing file /home/runner/work/key/key/key.core/../key.ui/examples/heap/simple/array_creation.key 
14172      INFO  main            d.u.i.k.p.i.AbstractProblemLoader Loading environment from /home/runner/work/key/key/key.core/../key.ui/examples/heap/simple/array_creation.key 
14172      DEBUG main            d.u.i.k.p.i.AbstractProblemLoader Environment load took 135.7ns 
14176      INFO  main            d.u.i.k.p.i.AbstractProblemLoader Creating init config 
17405      DEBUG main            d.u.i.k.p.i.AbstractProblemLoader Init config took 3.23s 
17442      INFO  main            d.u.i.k.p.i.AbstractProblemLoader Replaying proof array_creation.key 
17446      DEBUG main            d.u.i.k.p.i.IntermediateProofReplayer Proof replay took 5.5ns 
18159      INFO  main            d.u.i.k.p.r.p.TestFile    ... finished proof: closed. 
18329      INFO  main            d.u.i.k.p.i.AbstractProblemLoader Loading environment from /home/runner/work/key/key/key.core/../key.ui/examples/heap/simple/array_creation.key.proof 
18329      DEBUG main            d.u.i.k.p.i.AbstractProblemLoader Environment load took 536.29ns 
18331      INFO  main            d.u.i.k.p.i.AbstractProblemLoader Creating init config 
21478      DEBUG main            d.u.i.k.p.i.AbstractProblemLoader Init config took 3.15s 
21516      INFO  main            d.u.i.k.p.i.AbstractProblemLoader Replaying proof array_creation.key.proof 
21741      DEBUG main            d.u.i.k.p.i.IntermediateProofReplayer Proof replay took 216.16ms 
21743      DEBUG main            d.u.i.k.p.r.p.TestFile    ... success: reloaded. 
21746      INFO  main            d.u.i.k.p.r.p.TestFile    Now processing file /home/runner/work/key/key/key.core/../key.ui/examples/heap/simple/arrays_with_disjoint_sorts.key 
21746      INFO  main            d.u.i.k.p.i.AbstractProblemLoader Loading environment from /home/runner/work/key/key/key.core/../key.ui/examples/heap/simple/arrays_with_disjoint_sorts.key 
21747      DEBUG main            d.u.i.k.p.i.AbstractProblemLoader Environment load took 142.1ns 
21749      INFO  main            d.u.i.k.p.i.AbstractProblemLoader Creating init config 
24901      DEBUG main            d.u.i.k.p.i.AbstractProblemLoader Init config took 3.15s 
24929      INFO  main            d.u.i.k.p.i.AbstractProblemLoader Replaying proof arrays_with_disjoint_sorts.key 
24931      DEBUG main            d.u.i.k.p.i.IntermediateProofReplayer Proof replay took 5.7ns 
25139      INFO  main            d.u.i.k.p.r.p.TestFile    ... finished proof: closed. 
25317      INFO  main            d.u.i.k.p.i.AbstractProblemLoader Loading environment from /home/runner/work/key/key/key.core/../key.ui/examples/heap/simple/arrays_with_disjoint_sorts.key.proof 
25318      DEBUG main            d.u.i.k.p.i.AbstractProblemLoader Environment load took 592.8ns 
25323      INFO  main            d.u.i.k.p.i.AbstractProblemLoader Creating init config 
28343      DEBUG main            d.u.i.k.p.i.AbstractProblemLoader Init config took 3.02s 
28368      INFO  main            d.u.i.k.p.i.AbstractProblemLoader Replaying proof arrays_with_disjoint_sorts.key.proof 
28399      DEBUG main            d.u.i.k.p.i.IntermediateProofReplayer Proof replay took 26.87ms 
28400      DEBUG main            d.u.i.k.p.r.p.TestFile    ... success: reloaded. 
28401      INFO  main            d.u.i.k.p.r.p.TestFile    Now processing file /home/runner/work/key/key/key.core/../key.ui/examples/heap/simple/arrays.key 
28401      INFO  main            d.u.i.k.p.i.AbstractProblemLoader Loading environment from /home/runner/work/key/key/key.core/../key.ui/examples/heap/simple/arrays.key 
28401      DEBUG main            d.u.i.k.p.i.AbstractProblemLoader Environment load took 111.1ns 
28403      INFO  main            d.u.i.k.p.i.AbstractProblemLoader Creating init config 
31422      DEBUG main            d.u.i.k.p.i.AbstractProblemLoader Init config took 3.02s 
31448      INFO  main            d.u.i.k.p.i.AbstractProblemLoader Replaying proof arrays.key 
31452      DEBUG main            d.u.i.k.p.i.IntermediateProofReplayer Proof replay took 7.1ns 
31655      INFO  main            d.u.i.k.p.r.p.TestFile    ... finished proof: closed. 
31876      INFO  main            d.u.i.k.p.i.AbstractProblemLoader Loading environment from /home/runner/work/key/key/key.core/../key.ui/examples/heap/simple/arrays.key.proof 
31877      DEBUG main            d.u.i.k.p.i.AbstractProblemLoader Environment load took 136.5ns 
31879      INFO  main            d.u.i.k.p.i.AbstractProblemLoader Creating init config 
34912      DEBUG main            d.u.i.k.p.i.AbstractProblemLoader Init config took 3.03s 
34939      INFO  main            d.u.i.k.p.i.AbstractProblemLoader Replaying proof arrays.key.proof 
34973      DEBUG main            d.u.i.k.p.i.IntermediateProofReplayer Proof replay took 31.27ms 
34975      DEBUG main            d.u.i.k.p.r.p.TestFile    ... success: reloaded. 
34977      INFO  main            d.u.i.k.p.r.p.TestFile    Now processing file /home/runner/work/key/key/key.core/../key.ui/examples/heap/simple/attributes.key 
34978      INFO  main            d.u.i.k.p.i.AbstractProblemLoader Loading environment from /home/runner/work/key/key/key.core/../key.ui/examples/heap/simple/attributes.key 
34978      DEBUG main            d.u.i.k.p.i.AbstractProblemLoader Environment load took 319ns 
34980      INFO  main            d.u.i.k.p.i.AbstractProblemLoader Creating init config 
37986      DEBUG main            d.u.i.k.p.i.AbstractProblemLoader Init config took 3.01s 
38010      INFO  main            d.u.i.k.p.i.AbstractProblemLoader Replaying proof attributes.key 
38012      DEBUG main            d.u.i.k.p.i.IntermediateProofReplayer Proof replay took 6.4ns 
38114      INFO  main            d.u.i.k.p.r.p.TestFile    ... finished proof: closed. 
38389      INFO  main            d.u.i.k.p.i.AbstractProblemLoader Loading environment from /home/runner/work/key/key/key.core/../key.ui/examples/heap/simple/attributes.key.proof 
38392      DEBUG main            d.u.i.k.p.i.AbstractProblemLoader Environment load took 2.29ms 
38393      INFO  main            d.u.i.k.p.i.AbstractProblemLoader Creating init config 
41366      DEBUG main            d.u.i.k.p.i.AbstractProblemLoader Init config took 2.97s 
41389      INFO  main            d.u.i.k.p.i.AbstractProblemLoader Replaying proof attributes.key.proof 
41396      DEBUG main            d.u.i.k.p.i.IntermediateProofReplayer Proof replay took 2.99ms 
41397      DEBUG main            d.u.i.k.p.r.p.TestFile    ... success: reloaded. 
41398      INFO  main            d.u.i.k.p.r.p.TestFile    Now processing file /home/runner/work/key/key/key.core/../key.ui/examples/heap/simple/constructor_contracts.key 
41399      INFO  main            d.u.i.k.p.i.AbstractProblemLoader Loading environment from /home/runner/work/key/key/key.core/../key.ui/examples/heap/simple/constructor_contracts.key 
41399      DEBUG main            d.u.i.k.p.i.AbstractProblemLoader Environment load took 382.7ns 
41402      INFO  main            d.u.i.k.p.i.AbstractProblemLoader Creating init config 
44948      DEBUG main            d.u.i.k.p.i.AbstractProblemLoader Init config took 3.55s 
44976      INFO  main            d.u.i.k.p.i.AbstractProblemLoader Replaying proof constructor_contracts.key 
44978      DEBUG main            d.u.i.k.p.i.IntermediateProofReplayer Proof replay took 8.3ns 
45788      INFO  main            d.u.i.k.p.r.p.TestFile    ... finished proof: closed. 
46032      INFO  main            d.u.i.k.p.i.AbstractProblemLoader Loading environment from /home/runner/work/key/key/key.core/../key.ui/examples/heap/simple/constructor_contracts.key.proof 
46033      DEBUG main            d.u.i.k.p.i.AbstractProblemLoader Environment load took 582.7ns 
46035      INFO  main            d.u.i.k.p.i.AbstractProblemLoader Creating init config 
49728      DEBUG main            d.u.i.k.p.i.AbstractProblemLoader Init config took 3.69s 
49754      INFO  main            d.u.i.k.p.i.AbstractProblemLoader Replaying proof constructor_contracts.key.proof 
49908      DEBUG main            d.u.i.k.p.i.IntermediateProofReplayer Proof replay took 148.15ms 
49911      DEBUG main            d.u.i.k.p.r.p.TestFile    ... success: reloaded. 
49913      INFO  main            d.u.i.k.p.r.p.TestFile    Now processing file /home/runner/work/key/key/key.core/../key.ui/examples/heap/simple/dependencies.key 
49914      INFO  main            d.u.i.k.p.i.AbstractProblemLoader Loading environment from /home/runner/work/key/key/key.core/../key.ui/examples/heap/simple/dependencies.key 
49914      DEBUG main            d.u.i.k.p.i.AbstractProblemLoader Environment load took 267.1ns 
49916      INFO  main            d.u.i.k.p.i.AbstractProblemLoader Creating init config 
53090      DEBUG main            d.u.i.k.p.i.AbstractProblemLoader Init config took 3.17s 
53114      INFO  main            d.u.i.k.p.i.AbstractProblemLoader Replaying proof dependencies.key 
53116      DEBUG main            d.u.i.k.p.i.IntermediateProofReplayer Proof replay took 8ns 
53219      INFO  main            d.u.i.k.p.r.p.TestFile    ... finished proof: closed. 
53454      INFO  main            d.u.i.k.p.i.AbstractProblemLoader Loading environment from /home/runner/work/key/key/key.core/../key.ui/examples/heap/simple/dependencies.key.proof 
53454      DEBUG main            d.u.i.k.p.i.AbstractProblemLoader Environment load took 143.5ns 
53457      INFO  main            d.u.i.k.p.i.AbstractProblemLoader Creating init config 
56516      DEBUG main            d.u.i.k.p.i.AbstractProblemLoader Init config took 3.06s 
56540      INFO  main            d.u.i.k.p.i.AbstractProblemLoader Replaying proof dependencies.key.proof 
56553      DEBUG main            d.u.i.k.p.i.IntermediateProofReplayer Proof replay took 10.9ms 
56554      DEBUG main            d.u.i.k.p.r.p.TestFile    ... success: reloaded. 
56555      INFO  main            d.u.i.k.p.r.p.TestFile    Now processing file /home/runner/work/key/key/key.core/../key.ui/examples/heap/simple/dependency_contracts.key 
56555      INFO  main            d.u.i.k.p.i.AbstractProblemLoader Loading environment from /home/runner/work/key/key/key.core/../key.ui/examples/heap/simple/dependency_contracts.key 
56555      DEBUG main            d.u.i.k.p.i.AbstractProblemLoader Environment load took 124.9ns 
56557      INFO  main            d.u.i.k.p.i.AbstractProblemLoader Creating init config 
59998      DEBUG main            d.u.i.k.p.i.AbstractProblemLoader Init config took 3.44s 
60024      INFO  main            d.u.i.k.p.i.AbstractProblemLoader Replaying proof dependency_contracts.key 
60026      DEBUG main            d.u.i.k.p.i.IntermediateProofReplayer Proof replay took 10.3ns 
61748      INFO  main            d.u.i.k.p.r.p.TestFile    ... finished proof: closed. 
61995      INFO  main            d.u.i.k.p.i.AbstractProblemLoader Loading environment from /home/runner/work/key/key/key.core/../key.ui/examples/heap/simple/dependency_contracts.key.proof 
61996      DEBUG main            d.u.i.k.p.i.AbstractProblemLoader Environment load took 912.7ns 
61999      INFO  main            d.u.i.k.p.i.AbstractProblemLoader Creating init config 
65400      DEBUG main            d.u.i.k.p.i.AbstractProblemLoader Init config took 3.4s 
65432      INFO  main            d.u.i.k.p.i.AbstractProblemLoader Replaying proof dependency_contracts.key.proof 
65723      DEBUG main            d.u.i.k.p.i.IntermediateProofReplayer Proof replay took 277.25ms 
65725      DEBUG main            d.u.i.k.p.r.p.TestFile    ... success: reloaded. 
65727      INFO  main            d.u.i.k.p.r.p.TestFile    Now processing file /home/runner/work/key/key/key.core/../key.ui/examples/heap/simple/invariant_preservation.key 
65727      INFO  main            d.u.i.k.p.i.AbstractProblemLoader Loading environment from /home/runner/work/key/key/key.core/../key.ui/examples/heap/simple/invariant_preservation.key 
65728      DEBUG main            d.u.i.k.p.i.AbstractProblemLoader Environment load took 327.3ns 
65729      INFO  main            d.u.i.k.p.i.AbstractProblemLoader Creating init config 
69117      DEBUG main            d.u.i.k.p.i.AbstractProblemLoader Init config took 3.39s 
69140      INFO  main            d.u.i.k.p.i.AbstractProblemLoader Replaying proof invariant_preservation.key 
69142      DEBUG main            d.u.i.k.p.i.IntermediateProofReplayer Proof replay took 6.7ns 
69349      INFO  main            d.u.i.k.p.r.p.TestFile    ... finished proof: closed. 
69610      INFO  main            d.u.i.k.p.i.AbstractProblemLoader Loading environment from /home/runner/work/key/key/key.core/../key.ui/examples/heap/simple/invariant_preservation.key.proof 
69611      DEBUG main            d.u.i.k.p.i.AbstractProblemLoader Environment load took 503.4ns 
69613      INFO  main            d.u.i.k.p.i.AbstractProblemLoader Creating init config 
72839      DEBUG main            d.u.i.k.p.i.AbstractProblemLoader Init config took 3.23s 
72862      INFO  main            d.u.i.k.p.i.AbstractProblemLoader Replaying proof invariant_preservation.key.proof 
72904      DEBUG main            d.u.i.k.p.i.IntermediateProofReplayer Proof replay took 39.87ms 
72907      DEBUG main            d.u.i.k.p.r.p.TestFile    ... success: reloaded. 
72908      INFO  main            d.u.i.k.p.r.p.TestFile    Now processing file /home/runner/work/key/key/key.core/../key.ui/examples/heap/simple/locsets.key 
72909      INFO  main            d.u.i.k.p.i.AbstractProblemLoader Loading environment from /home/runner/work/key/key/key.core/../key.ui/examples/heap/simple/locsets.key 
72909      DEBUG main            d.u.i.k.p.i.AbstractProblemLoader Environment load took 101.9ns 
72910      INFO  main            d.u.i.k.p.i.AbstractProblemLoader Creating init config 
75843      DEBUG main            d.u.i.k.p.i.AbstractProblemLoader Init config took 2.93s 
75860      INFO  main            d.u.i.k.p.i.AbstractProblemLoader Replaying proof locsets.key 
75862      DEBUG main            d.u.i.k.p.i.IntermediateProofReplayer Proof replay took 8.1ns 
75965      INFO  main            d.u.i.k.p.r.p.TestFile    ... finished proof: closed. 
76208      INFO  main            d.u.i.k.p.i.AbstractProblemLoader Loading environment from /home/runner/work/key/key/key.core/../key.ui/examples/heap/simple/locsets.key.proof 
76209      DEBUG main            d.u.i.k.p.i.AbstractProblemLoader Environment load took 118.1ns 
76210      INFO  main            d.u.i.k.p.i.AbstractProblemLoader Creating init config 
79199      DEBUG main            d.u.i.k.p.i.AbstractProblemLoader Init config took 2.99s 
79217      INFO  main            d.u.i.k.p.i.AbstractProblemLoader Replaying proof locsets.key.proof 
79222      DEBUG main            d.u.i.k.p.i.IntermediateProofReplayer Proof replay took 2.61ms 
79223      DEBUG main            d.u.i.k.p.r.p.TestFile    ... success: reloaded. 
79224      INFO  main            d.u.i.k.p.r.p.TestFile    Now processing file /home/runner/work/key/key/key.core/../key.ui/examples/heap/simple/loop1.key 
79224      INFO  main            d.u.i.k.p.i.AbstractProblemLoader Loading environment from /home/runner/work/key/key/key.core/../key.ui/examples/heap/simple/loop1.key 
79224      DEBUG main            d.u.i.k.p.i.AbstractProblemLoader Environment load took 135.2ns 
79225      INFO  main            d.u.i.k.p.i.AbstractProblemLoader Creating init config 
82616      DEBUG main            d.u.i.k.p.i.AbstractProblemLoader Init config took 3.39s 
82637      INFO  main            d.u.i.k.p.i.AbstractProblemLoader Replaying proof loop1.key 
82639      DEBUG main            d.u.i.k.p.i.IntermediateProofReplayer Proof replay took 8.2ns 
82845      INFO  main            d.u.i.k.p.r.p.TestFile    ... finished proof: closed. 
83121      INFO  main            d.u.i.k.p.i.AbstractProblemLoader Loading environment from /home/runner/work/key/key/key.core/../key.ui/examples/heap/simple/loop1.key.proof 
83122      DEBUG main            d.u.i.k.p.i.AbstractProblemLoader Environment load took 133.3ns 
83123      INFO  main            d.u.i.k.p.i.AbstractProblemLoader Creating init config 
86542      DEBUG main            d.u.i.k.p.i.AbstractProblemLoader Init config took 3.42s 
86564      INFO  main            d.u.i.k.p.i.AbstractProblemLoader Replaying proof loop1.key.proof 
86682      DEBUG main            d.u.i.k.p.i.IntermediateProofReplayer Proof replay took 113.01ms 
86686      DEBUG main            d.u.i.k.p.r.p.TestFile    ... success: reloaded. 
86687      INFO  main            d.u.i.k.p.r.p.TestFile    Now processing file /home/runner/work/key/key/key.core/../key.ui/examples/heap/simple/loop2.key 
86688      INFO  main            d.u.i.k.p.i.AbstractProblemLoader Loading environment from /home/runner/work/key/key/key.core/../key.ui/examples/heap/simple/loop2.key 
86688      DEBUG main            d.u.i.k.p.i.AbstractProblemLoader Environment load took 295.5ns 
86692      INFO  main            d.u.i.k.p.i.AbstractProblemLoader Creating init config 
90175      DEBUG main            d.u.i.k.p.i.AbstractProblemLoader Init config took 3.48s 
90196      INFO  main            d.u.i.k.p.i.AbstractProblemLoader Replaying proof loop2.key 
90199      DEBUG main            d.u.i.k.p.i.IntermediateProofReplayer Proof replay took 7.2ns 
90907      INFO  main            d.u.i.k.p.r.p.TestFile    ... finished proof: closed. 
91241      INFO  main            d.u.i.k.p.i.AbstractProblemLoader Loading environment from /home/runner/work/key/key/key.core/../key.ui/examples/heap/simple/loop2.key.proof 
91241      DEBUG main            d.u.i.k.p.i.AbstractProblemLoader Environment load took 515.5ns 
91243      INFO  main            d.u.i.k.p.i.AbstractProblemLoader Creating init config 
94607      DEBUG main            d.u.i.k.p.i.AbstractProblemLoader Init config took 3.36s 
94626      INFO  main            d.u.i.k.p.i.AbstractProblemLoader Replaying proof loop2.key.proof 
94792      DEBUG main            d.u.i.k.p.i.IntermediateProofReplayer Proof replay took 159.56ms 
94794      DEBUG main            d.u.i.k.p.r.p.TestFile    ... success: reloaded. 
94796      INFO  main            d.u.i.k.p.r.p.TestFile    Now processing file /home/runner/work/key/key/key.core/../key.ui/examples/heap/simple/modifies_datagroup.key 
94796      INFO  main            d.u.i.k.p.i.AbstractProblemLoader Loading environment from /home/runner/work/key/key/key.core/../key.ui/examples/heap/simple/modifies_datagroup.key 
94797      DEBUG main            d.u.i.k.p.i.AbstractProblemLoader Environment load took 248ns 
94798      INFO  main            d.u.i.k.p.i.AbstractProblemLoader Creating init config 
97960      DEBUG main            d.u.i.k.p.i.AbstractProblemLoader Init config took 3.16s 
97980      INFO  main            d.u.i.k.p.i.AbstractProblemLoader Replaying proof modifies_datagroup.key 
97982      DEBUG main            d.u.i.k.p.i.IntermediateProofReplayer Proof replay took 9.5ns 
98084      INFO  main            d.u.i.k.p.r.p.TestFile    ... finished proof: closed. 
98360      INFO  main            d.u.i.k.p.i.AbstractProblemLoader Loading environment from /home/runner/work/key/key/key.core/../key.ui/examples/heap/simple/modifies_datagroup.key.proof 
98360      DEBUG main            d.u.i.k.p.i.AbstractProblemLoader Environment load took 135ns 
98362      INFO  main            d.u.i.k.p.i.AbstractProblemLoader Creating init config 
101459     DEBUG main            d.u.i.k.p.i.AbstractProblemLoader Init config took 3.1s 
101478     INFO  main            d.u.i.k.p.i.AbstractProblemLoader Replaying proof modifies_datagroup.key.proof 
101485     DEBUG main            d.u.i.k.p.i.IntermediateProofReplayer Proof replay took 5.29ms 
101487     DEBUG main            d.u.i.k.p.r.p.TestFile    ... success: reloaded. 
101488     INFO  main            d.u.i.k.p.r.p.TestFile    Now processing file /home/runner/work/key/key/key.core/../key.ui/examples/heap/simple/modifies.key 
101488     INFO  main            d.u.i.k.p.i.AbstractProblemLoader Loading environment from /home/runner/work/key/key/key.core/../key.ui/examples/heap/simple/modifies.key 
101488     DEBUG main            d.u.i.k.p.i.AbstractProblemLoader Environment load took 250.8ns 
101491     INFO  main            d.u.i.k.p.i.AbstractProblemLoader Creating init config 
104594     DEBUG main            d.u.i.k.p.i.AbstractProblemLoader Init config took 3.1s 
104613     INFO  main            d.u.i.k.p.i.AbstractProblemLoader Replaying proof modifies.key 
104615     DEBUG main            d.u.i.k.p.i.IntermediateProofReplayer Proof replay took 8.8ns 
104718     INFO  main            d.u.i.k.p.r.p.TestFile    ... finished proof: closed. 
105006     INFO  main            d.u.i.k.p.i.AbstractProblemLoader Loading environment from /home/runner/work/key/key/key.core/../key.ui/examples/heap/simple/modifies.key.proof 
105006     DEBUG main            d.u.i.k.p.i.AbstractProblemLoader Environment load took 131.9ns 
105009     INFO  main            d.u.i.k.p.i.AbstractProblemLoader Creating init config 
107941     DEBUG main            d.u.i.k.p.i.AbstractProblemLoader Init config took 2.93s 
107960     INFO  main            d.u.i.k.p.i.AbstractProblemLoader Replaying proof modifies.key.proof 
107978     DEBUG main            d.u.i.k.p.i.IntermediateProofReplayer Proof replay took 16.18ms 
107980     DEBUG main            d.u.i.k.p.r.p.TestFile    ... success: reloaded. 
107981     INFO  main            d.u.i.k.p.r.p.TestFile    Now processing file /home/runner/work/key/key/key.core/../key.ui/examples/heap/simple/object_creation.key 
107981     INFO  main            d.u.i.k.p.i.AbstractProblemLoader Loading environment from /home/runner/work/key/key/key.core/../key.ui/examples/heap/simple/object_creation.key 
107981     DEBUG main            d.u.i.k.p.i.AbstractProblemLoader Environment load took 309.4ns 
107983     INFO  main            d.u.i.k.p.i.AbstractProblemLoader Creating init config 
110960     DEBUG main            d.u.i.k.p.i.AbstractProblemLoader Init config took 2.98s 
110980     INFO  main            d.u.i.k.p.i.AbstractProblemLoader Replaying proof object_creation.key 
110981     DEBUG main            d.u.i.k.p.i.IntermediateProofReplayer Proof replay took 7.6ns 
111285     INFO  main            d.u.i.k.p.r.p.TestFile    ... finished proof: closed. 
111563     INFO  main            d.u.i.k.p.i.AbstractProblemLoader Loading environment from /home/runner/work/key/key/key.core/../key.ui/examples/heap/simple/object_creation.key.proof 
111564     DEBUG main            d.u.i.k.p.i.AbstractProblemLoader Environment load took 529.6ns 
111565     INFO  main            d.u.i.k.p.i.AbstractProblemLoader Creating init config 
114499     DEBUG main            d.u.i.k.p.i.AbstractProblemLoader Init config took 2.93s 
114517     INFO  main            d.u.i.k.p.i.AbstractProblemLoader Replaying proof object_creation.key.proof 
114582     DEBUG main            d.u.i.k.p.i.IntermediateProofReplayer Proof replay took 61.71ms 
114584     DEBUG main            d.u.i.k.p.r.p.TestFile    ... success: reloaded. 
114584     INFO  main            d.u.i.k.p.r.p.TestFile    Now processing file /home/runner/work/key/key/key.core/../key.ui/examples/heap/simple/operation_contracts.key 
114585     INFO  main            d.u.i.k.p.i.AbstractProblemLoader Loading environment from /home/runner/work/key/key/key.core/../key.ui/examples/heap/simple/operation_contracts.key 
114585     DEBUG main            d.u.i.k.p.i.AbstractProblemLoader Environment load took 236.6ns 
114587     INFO  main            d.u.i.k.p.i.AbstractProblemLoader Creating init config 
117833     DEBUG main            d.u.i.k.p.i.AbstractProblemLoader Init config took 3.25s 
117853     INFO  main            d.u.i.k.p.i.AbstractProblemLoader Replaying proof operation_contracts.key 
117855     DEBUG main            d.u.i.k.p.i.IntermediateProofReplayer Proof replay took 7.4ns 
118867     INFO  main            d.u.i.k.p.r.p.TestFile    ... finished proof: closed. 
119171     INFO  main            d.u.i.k.p.i.AbstractProblemLoader Loading environment from /home/runner/work/key/key/key.core/../key.ui/examples/heap/simple/operation_contracts.key.proof 
119173     DEBUG main            d.u.i.k.p.i.AbstractProblemLoader Environment load took 1.94ms 
119175     INFO  main            d.u.i.k.p.i.AbstractProblemLoader Creating init config 
122431     DEBUG main            d.u.i.k.p.i.AbstractProblemLoader Init config took 3.26s 
122451     INFO  main            d.u.i.k.p.i.AbstractProblemLoader Replaying proof operation_contracts.key.proof 
122659     DEBUG main            d.u.i.k.p.i.IntermediateProofReplayer Proof replay took 198.55ms 
122661     DEBUG main            d.u.i.k.p.r.p.TestFile    ... success: reloaded. 
122663     INFO  main            d.u.i.k.p.r.p.TestFile    Now processing file /home/runner/work/key/key/key.core/../key.ui/examples/heap/simple/select_store.key 
122663     INFO  main            d.u.i.k.p.i.AbstractProblemLoader Loading environment from /home/runner/work/key/key/key.core/../key.ui/examples/heap/simple/select_store.key 
122663     DEBUG main            d.u.i.k.p.i.AbstractProblemLoader Environment load took 129.7ns 
122665     INFO  main            d.u.i.k.p.i.AbstractProblemLoader Creating init config 
125697     DEBUG main            d.u.i.k.p.i.AbstractProblemLoader Init config took 3.03s 
125715     INFO  main            d.u.i.k.p.i.AbstractProblemLoader Replaying proof select_store.key 
125716     DEBUG main            d.u.i.k.p.i.IntermediateProofReplayer Proof replay took 8.4ns 
125821     INFO  main            d.u.i.k.p.r.p.TestFile    ... finished proof: closed. 
126136     INFO  main            d.u.i.k.p.i.AbstractProblemLoader Loading environment from /home/runner/work/key/key/key.core/../key.ui/examples/heap/simple/select_store.key.proof 
126136     DEBUG main            d.u.i.k.p.i.AbstractProblemLoader Environment load took 225.1ns 
126138     INFO  main            d.u.i.k.p.i.AbstractProblemLoader Creating init config 
129133     DEBUG main            d.u.i.k.p.i.AbstractProblemLoader Init config took 2.99s 
129150     INFO  main            d.u.i.k.p.i.AbstractProblemLoader Replaying proof select_store.key.proof 
129155     DEBUG main            d.u.i.k.p.i.IntermediateProofReplayer Proof replay took 3.43ms 
129156     DEBUG main            d.u.i.k.p.r.p.TestFile    ... success: reloaded. 
129157     INFO  main            d.u.i.k.p.r.p.TestFile    Now processing file /home/runner/work/key/key/key.core/../key.ui/examples/heap/simple/selection_sort.key 
129157     INFO  main            d.u.i.k.p.i.AbstractProblemLoader Loading environment from /home/runner/work/key/key/key.core/../key.ui/examples/heap/simple/selection_sort.key 
129157     DEBUG main            d.u.i.k.p.i.AbstractProblemLoader Environment load took 107.3ns 
129159     INFO  main            d.u.i.k.p.i.AbstractProblemLoader Creating init config 
132638     DEBUG main            d.u.i.k.p.i.AbstractProblemLoader Init config took 3.48s 
132656     INFO  main            d.u.i.k.p.i.AbstractProblemLoader Replaying proof selection_sort.key 
132659     DEBUG main            d.u.i.k.p.i.IntermediateProofReplayer Proof replay took 8.7ns 
137968     INFO  main            d.u.i.k.p.r.p.TestFile    ... finished proof: closed. 
138336     INFO  main            d.u.i.k.p.i.AbstractProblemLoader Loading environment from /home/runner/work/key/key/key.core/../key.ui/examples/heap/simple/selection_sort.key.proof 
138337     DEBUG main            d.u.i.k.p.i.AbstractProblemLoader Environment load took 550.1ns 
138339     INFO  main            d.u.i.k.p.i.AbstractProblemLoader Creating init config 
141708     DEBUG main            d.u.i.k.p.i.AbstractProblemLoader Init config took 3.37s 
141726     INFO  main            d.u.i.k.p.i.AbstractProblemLoader Replaying proof selection_sort.key.proof 
142647     DEBUG main            d.u.i.k.p.i.IntermediateProofReplayer Proof replay took 892.34ms 
142649     DEBUG main            d.u.i.k.p.r.p.TestFile    ... success: reloaded. 
142650     INFO  main            d.u.i.k.p.r.p.TestFile    Now processing file /home/runner/work/key/key/key.core/../key.ui/examples/heap/simple/seq.key 
142651     INFO  main            d.u.i.k.p.i.AbstractProblemLoader Loading environment from /home/runner/work/key/key/key.core/../key.ui/examples/heap/simple/seq.key 
142651     DEBUG main            d.u.i.k.p.i.AbstractProblemLoader Environment load took 269.6ns 
142652     INFO  main            d.u.i.k.p.i.AbstractProblemLoader Creating init config 
145837     DEBUG main            d.u.i.k.p.i.AbstractProblemLoader Init config took 3.18s 
145854     INFO  main            d.u.i.k.p.i.AbstractProblemLoader Replaying proof seq.key 
145856     DEBUG main            d.u.i.k.p.i.IntermediateProofReplayer Proof replay took 8.7ns 
146463     INFO  main            d.u.i.k.p.r.p.TestFile    ... finished proof: closed. 
146871     INFO  main            d.u.i.k.p.i.AbstractProblemLoader Loading environment from /home/runner/work/key/key/key.core/../key.ui/examples/heap/simple/seq.key.proof 
146872     DEBUG main            d.u.i.k.p.i.AbstractProblemLoader Environment load took 1.5ms 
146874     INFO  main            d.u.i.k.p.i.AbstractProblemLoader Creating init config 
149917     DEBUG main            d.u.i.k.p.i.AbstractProblemLoader Init config took 3.04s 
149935     INFO  main            d.u.i.k.p.i.AbstractProblemLoader Replaying proof seq.key.proof 
150013     DEBUG main            d.u.i.k.p.i.IntermediateProofReplayer Proof replay took 72.39ms 
150015     DEBUG main            d.u.i.k.p.r.p.TestFile    ... success: reloaded. 
150015     INFO  main            d.u.i.k.p.r.p.TestFile    Now processing file /home/runner/work/key/key/key.core/../key.ui/examples/heap/simple/oldForParams.key 
150016     INFO  main            d.u.i.k.p.i.AbstractProblemLoader Loading environment from /home/runner/work/key/key/key.core/../key.ui/examples/heap/simple/oldForParams.key 
150016     DEBUG main            d.u.i.k.p.i.AbstractProblemLoader Environment load took 134.2ns 
150017     INFO  main            d.u.i.k.p.i.AbstractProblemLoader Creating init config 
153486     DEBUG main            d.u.i.k.p.i.AbstractProblemLoader Init config took 3.47s 
153566     INFO  main            d.u.i.k.p.i.AbstractProblemLoader Replaying proof OldForParameters[OldForParameters::method(int)].JML operation contract.0 
153569     DEBUG main            d.u.i.k.p.i.IntermediateProofReplayer Proof replay took 8.8ns 
153874     INFO  main            d.u.i.k.p.r.p.TestFile    ... finished proof: closed. 
154242     INFO  main            d.u.i.k.p.i.AbstractProblemLoader Loading environment from /home/runner/work/key/key/key.core/../key.ui/examples/heap/simple/oldForParams.key.proof 
154242     DEBUG main            d.u.i.k.p.i.AbstractProblemLoader Environment load took 784.9ns 
154245     INFO  main            d.u.i.k.p.i.AbstractProblemLoader Creating init config 
157546     DEBUG main            d.u.i.k.p.i.AbstractProblemLoader Init config took 3.3s 
157605     INFO  main            d.u.i.k.p.i.AbstractProblemLoader Replaying proof OldForParameters[OldForParameters::method(int)].JML operation contract.0 
157678     DEBUG main            d.u.i.k.p.i.IntermediateProofReplayer Proof replay took 69.78ms 
157681     DEBUG main            d.u.i.k.p.r.p.TestFile    ... success: reloaded. 
157683     INFO  main            d.u.i.k.p.r.p.TestFile    Now processing file /home/runner/work/key/key/key.core/../key.ui/examples/heap/simple/parse_lmtd.key 
157683     INFO  main            d.u.i.k.p.i.AbstractProblemLoader Loading environment from /home/runner/work/key/key/key.core/../key.ui/examples/heap/simple/parse_lmtd.key 
157683     DEBUG main            d.u.i.k.p.i.AbstractProblemLoader Environment load took 255.6ns 
157685     INFO  main            d.u.i.k.p.i.AbstractProblemLoader Creating init config 
160891     DEBUG main            d.u.i.k.p.i.AbstractProblemLoader Init config took 3.21s 
160938     INFO  main            d.u.i.k.p.i.AbstractProblemLoader Replaying proof ParseLmtd[ParseLmtd::simple(int)].JML normal_behavior operation contract.0 
160940     DEBUG main            d.u.i.k.p.i.IntermediateProofReplayer Proof replay took 7.3ns 
161142     INFO  main            d.u.i.k.p.r.p.TestFile    ... finished proof: closed. 
161517     INFO  main            d.u.i.k.p.i.AbstractProblemLoader Loading environment from /home/runner/work/key/key/key.core/../key.ui/examples/heap/simple/parse_lmtd.key.proof 
161517     DEBUG main            d.u.i.k.p.i.AbstractProblemLoader Environment load took 515.2ns 
161519     INFO  main            d.u.i.k.p.i.AbstractProblemLoader Creating init config 
164531     DEBUG main            d.u.i.k.p.i.AbstractProblemLoader Init config took 3.01s 
164581     INFO  main            d.u.i.k.p.i.AbstractProblemLoader Replaying proof ParseLmtd[ParseLmtd::simple(int)].JML normal_behavior operation contract.0 
164614     DEBUG main            d.u.i.k.p.i.IntermediateProofReplayer Proof replay took 30.39ms 
164615     DEBUG main            d.u.i.k.p.r.p.TestFile    ... success: reloaded. 
164617     INFO  main            d.u.i.k.p.r.p.TestFile    Now processing file /home/runner/work/key/key/key.core/../key.ui/examples/heap/strictly_pure/strictlyPureMethod.key 
164617     INFO  main            d.u.i.k.p.i.AbstractProblemLoader Loading environment from /home/runner/work/key/key/key.core/../key.ui/examples/heap/strictly_pure/strictlyPureMethod.key 
164617     DEBUG main            d.u.i.k.p.i.AbstractProblemLoader Environment load took 88ns 
164618     INFO  main            d.u.i.k.p.i.AbstractProblemLoader Creating init config 
167542     DEBUG main            d.u.i.k.p.i.AbstractProblemLoader Init config took 2.92s 
167590     INFO  main            d.u.i.k.p.i.AbstractProblemLoader Replaying proof StrictlyPure[StrictlyPure::strictlyPureMethod()].JML operation contract.0 
167592     DEBUG main            d.u.i.k.p.i.IntermediateProofReplayer Proof replay took 7.9ns 
167799     INFO  main            d.u.i.k.p.r.p.TestFile    ... finished proof: closed. 
168145     INFO  main            d.u.i.k.p.i.AbstractProblemLoader Loading environment from /home/runner/work/key/key/key.core/../key.ui/examples/heap/strictly_pure/strictlyPureMethod.key.proof 
168145     DEBUG main            d.u.i.k.p.i.AbstractProblemLoader Environment load took 559.49ns 
168146     INFO  main            d.u.i.k.p.i.AbstractProblemLoader Creating init config 
171031     DEBUG main            d.u.i.k.p.i.AbstractProblemLoader Init config took 2.88s 
171073     INFO  main            d.u.i.k.p.i.AbstractProblemLoader Replaying proof StrictlyPure[StrictlyPure::strictlyPureMethod()].JML operation contract.0 
171126     DEBUG main            d.u.i.k.p.i.IntermediateProofReplayer Proof replay took 49.82ms 
171127     DEBUG main            d.u.i.k.p.r.p.TestFile    ... success: reloaded. 
171128     INFO  main            d.u.i.k.p.r.p.TestFile    Now processing file /home/runner/work/key/key/key.core/../key.ui/examples/heap/strictly_pure/useStrictlyPureMethod.key 
171128     INFO  main            d.u.i.k.p.i.AbstractProblemLoader Loading environment from /home/runner/work/key/key/key.core/../key.ui/examples/heap/strictly_pure/useStrictlyPureMethod.key 
171128     DEBUG main            d.u.i.k.p.i.AbstractProblemLoader Environment load took 136.1ns 
171129     INFO  main            d.u.i.k.p.i.AbstractProblemLoader Creating init config 
173995     DEBUG main            d.u.i.k.p.i.AbstractProblemLoader Init config took 2.87s 
174039     INFO  main            d.u.i.k.p.i.AbstractProblemLoader Replaying proof StrictlyPure[StrictlyPure::useStrictlyPureMethod(StrictlyPureClass)].JML operation contract.0 
174041     DEBUG main            d.u.i.k.p.i.IntermediateProofReplayer Proof replay took 8.6ns 
174346     INFO  main            d.u.i.k.p.r.p.TestFile    ... finished proof: closed. 
174713     INFO  main            d.u.i.k.p.i.AbstractProblemLoader Loading environment from /home/runner/work/key/key/key.core/../key.ui/examples/heap/strictly_pure/useStrictlyPureMethod.key.proof 
174714     DEBUG main            d.u.i.k.p.i.AbstractProblemLoader Environment load took 449.5ns 
174715     INFO  main            d.u.i.k.p.i.AbstractProblemLoader Creating init config 
177614     DEBUG main            d.u.i.k.p.i.AbstractProblemLoader Init config took 2.9s 
177657     INFO  main            d.u.i.k.p.i.AbstractProblemLoader Replaying proof StrictlyPure[StrictlyPure::useStrictlyPureMethod(StrictlyPureClass)].JML operation contract.0 
177731     DEBUG main            d.u.i.k.p.i.IntermediateProofReplayer Proof replay took 70.39ms 
177732     DEBUG main            d.u.i.k.p.r.p.TestFile    ... success: reloaded. 
177733     INFO  main            d.u.i.k.p.r.p.TestFile    Now processing file /home/runner/work/key/key/key.core/../key.ui/examples/heap/Wellfounded/ackermann.key 
177733     INFO  main            d.u.i.k.p.i.AbstractProblemLoader Loading environment from /home/runner/work/key/key/key.core/../key.ui/examples/heap/Wellfounded/ackermann.key 
177734     DEBUG main            d.u.i.k.p.i.AbstractProblemLoader Environment load took 101.3ns 
177735     INFO  main            d.u.i.k.p.i.AbstractProblemLoader Creating init config 
180813     DEBUG main            d.u.i.k.p.i.AbstractProblemLoader Init config took 3.08s 
180884     INFO  main            d.u.i.k.p.i.AbstractProblemLoader Replaying proof Ackermann[Ackermann::a(int,int)].JML normal_behavior operation contract.0 
180888     DEBUG main            d.u.i.k.p.i.IntermediateProofReplayer Proof replay took 7.9ns 
181291     INFO  main            d.u.i.k.p.r.p.TestFile    ... finished proof: closed. 
181667     INFO  main            d.u.i.k.p.i.AbstractProblemLoader Loading environment from /home/runner/work/key/key/key.core/../key.ui/examples/heap/Wellfounded/ackermann.key.proof 
181668     DEBUG main            d.u.i.k.p.i.AbstractProblemLoader Environment load took 730.8ns 
181669     INFO  main            d.u.i.k.p.i.AbstractProblemLoader Creating init config 
184817     DEBUG main            d.u.i.k.p.i.AbstractProblemLoader Init config took 3.15s 
184863     INFO  main            d.u.i.k.p.i.AbstractProblemLoader Replaying proof Ackermann[Ackermann::a(int,int)].JML normal_behavior operation contract.0 
184980     DEBUG main            d.u.i.k.p.i.IntermediateProofReplayer Proof replay took 112.64ms 
184982     DEBUG main            d.u.i.k.p.r.p.TestFile    ... success: reloaded. 
184983     INFO  main            d.u.i.k.p.r.p.TestFile    Now processing file /home/runner/work/key/key/key.core/../key.ui/examples/standard_key/unicode_test.key 
184984     INFO  main            d.u.i.k.p.i.AbstractProblemLoader Loading environment from /home/runner/work/key/key/key.core/../key.ui/examples/standard_key/unicode_test.key 
184984     DEBUG main            d.u.i.k.p.i.AbstractProblemLoader Environment load took 254ns 
184988     INFO  main            d.u.i.k.p.i.AbstractProblemLoader Creating init config 
187969     DEBUG main            d.u.i.k.p.i.AbstractProblemLoader Init config took 2.98s 
187985     INFO  main            d.u.i.k.p.i.AbstractProblemLoader Replaying proof unicode_test.key 
187987     DEBUG main            d.u.i.k.p.i.IntermediateProofReplayer Proof replay took 7.8ns 
188093     INFO  main            d.u.i.k.p.r.p.TestFile    ... finished proof: closed. 
188427     INFO  main            d.u.i.k.p.i.AbstractProblemLoader Loading environment from /home/runner/work/key/key/key.core/../key.ui/examples/standard_key/unicode_test.key.proof 
188427     DEBUG main            d.u.i.k.p.i.AbstractProblemLoader Environment load took 172.7ns 
188428     INFO  main            d.u.i.k.p.i.AbstractProblemLoader Creating init config 
191129     DEBUG main            d.u.i.k.p.i.AbstractProblemLoader Init config took 2.7s 
191145     INFO  main            d.u.i.k.p.i.AbstractProblemLoader Replaying proof unicode_test.key.proof 
191148     DEBUG main            d.u.i.k.p.i.IntermediateProofReplayer Proof replay took 554.4ns 
191149     DEBUG main            d.u.i.k.p.r.p.TestFile    ... success: reloaded. 
191150     INFO  main            d.u.i.k.p.r.p.TestFile    Now processing file /home/runner/work/key/key/key.core/../key.ui/examples/heap/strictlyModular/mayExpand.key 
191151     INFO  main            d.u.i.k.p.i.AbstractProblemLoader Loading environment from /home/runner/work/key/key/key.core/../key.ui/examples/heap/strictlyModular/mayExpand.key 
191151     DEBUG main            d.u.i.k.p.i.AbstractProblemLoader Environment load took 167.4ns 
191152     INFO  main            d.u.i.k.p.i.AbstractProblemLoader Creating init config 
194156     DEBUG main            d.u.i.k.p.i.AbstractProblemLoader Init config took 3s 
194198     INFO  main            d.u.i.k.p.i.AbstractProblemLoader Replaying proof Modular[Modular::m()].JML operation contract.0 
194200     DEBUG main            d.u.i.k.p.i.IntermediateProofReplayer Proof replay took 8.2ns 
194302     INFO  main            d.u.i.k.p.r.p.TestFile    ... finished proof: closed. 
194650     INFO  main            d.u.i.k.p.i.AbstractProblemLoader Loading environment from /home/runner/work/key/key/key.core/../key.ui/examples/heap/strictlyModular/mayExpand.key.proof 
194651     DEBUG main            d.u.i.k.p.i.AbstractProblemLoader Environment load took 115.2ns 
194653     INFO  main            d.u.i.k.p.i.AbstractProblemLoader Creating init config 
197661     DEBUG main            d.u.i.k.p.i.AbstractProblemLoader Init config took 3.01s 
197706     INFO  main            d.u.i.k.p.i.AbstractProblemLoader Replaying proof Modular[Modular::m()].JML operation contract.0 
197729     DEBUG main            d.u.i.k.p.i.IntermediateProofReplayer Proof replay took 20.77ms 
197730     DEBUG main            d.u.i.k.p.r.p.TestFile    ... success: reloaded. 
197731     INFO  main            d.u.i.k.p.r.p.TestFile    Now processing file /home/runner/work/key/key/key.core/../key.ui/examples/heap/strictlyModular/modularOnly.key 
197731     INFO  main            d.u.i.k.p.i.AbstractProblemLoader Loading environment from /home/runner/work/key/key/key.core/../key.ui/examples/heap/strictlyModular/modularOnly.key 
197731     DEBUG main            d.u.i.k.p.i.AbstractProblemLoader Environment load took 117.9ns 
197733     INFO  main            d.u.i.k.p.i.AbstractProblemLoader Creating init config 
200725     DEBUG main            d.u.i.k.p.i.AbstractProblemLoader Init config took 2.99s 
200765     INFO  main            d.u.i.k.p.i.AbstractProblemLoader Replaying proof Modular[Modular::m()].JML operation contract.0 
200767     DEBUG main            d.u.i.k.p.i.IntermediateProofReplayer Proof replay took 7.7ns 
200870     INFO  main            d.u.i.k.p.r.p.TestFile    ... finished proof: open goal(s) 
2433227    INFO  Test worker     d.u.i.k.p.r.RunAllProofsTestUnit Returning from test simpleTests 
2433228    INFO  Test worker     d.u.i.k.p.r.RunAllProofsTestUnit Running test SmansEtAl 
405        INFO  Timeout watchdog d.u.i.k.p.r.p.ForkedTestFileRunner Timeout watcher launched (2000 secs.) 
436        WARN  main            d.u.i.k.s.ProofSettings   The settings in /home/runner/.key/proof-settings.props are *not* read. 
489        INFO  main            d.u.i.k.p.r.p.TestFile    Now processing file /home/runner/work/key/key/key.core/../key.ui/examples/heap/SmansEtAl/ArrayList_add.key 
631        INFO  main            d.u.i.k.p.i.AbstractProblemLoader Loading environment from /home/runner/work/key/key/key.core/../key.ui/examples/heap/SmansEtAl/ArrayList_add.key 
652        DEBUG main            d.u.i.k.p.i.AbstractProblemLoader Environment load took 1.94ms 
946        INFO  main            d.u.i.k.p.i.AbstractProblemLoader Creating init config 
2146       DEBUG main            d.u.i.k.j.TypeConverter   No LDT found for Meta 
2146       DEBUG main            d.u.i.k.j.TypeConverter   No LDT found for Meta 
2151       DEBUG main            d.u.i.k.j.TypeConverter   No LDT found for Meta 
2151       DEBUG main            d.u.i.k.j.TypeConverter   No LDT found for Meta 
4133       DEBUG main            d.u.i.k.j.TypeConverter   No LDT found for JavaBigintExpression 
11260      DEBUG main            d.u.i.k.p.i.AbstractProblemLoader Init config took 10.31s 
11488      INFO  main            d.u.i.k.p.i.AbstractProblemLoader Replaying proof ArrayList[ArrayList::add(java.lang.Object)].JML normal_behavior operation contract.0 
11534      DEBUG main            d.u.i.k.p.i.IntermediateProofReplayer Proof replay took 31.6ns 
20692      INFO  main            d.u.i.k.p.r.p.TestFile    ... finished proof: closed. 
21010      INFO  main            d.u.i.k.p.i.AbstractProblemLoader Loading environment from /home/runner/work/key/key/key.core/../key.ui/examples/heap/SmansEtAl/ArrayList_add.key.proof 
21010      DEBUG main            d.u.i.k.p.i.AbstractProblemLoader Environment load took 540.7ns 
21017      INFO  main            d.u.i.k.p.i.AbstractProblemLoader Creating init config 
24800      DEBUG main            d.u.i.k.p.i.AbstractProblemLoader Init config took 3.78s 
24884      INFO  main            d.u.i.k.p.i.AbstractProblemLoader Replaying proof ArrayList[ArrayList::add(java.lang.Object)].JML normal_behavior operation contract.0 
26301      DEBUG main            d.u.i.k.p.i.IntermediateProofReplayer Proof replay took 1.38s 
26312      DEBUG main            d.u.i.k.p.r.p.TestFile    ... success: reloaded. 
26315      INFO  main            d.u.i.k.p.r.p.TestFile    Now processing file /home/runner/work/key/key/key.core/../key.ui/examples/heap/SmansEtAl/ArrayList_ArrayList.key 
26315      INFO  main            d.u.i.k.p.i.AbstractProblemLoader Loading environment from /home/runner/work/key/key/key.core/../key.ui/examples/heap/SmansEtAl/ArrayList_ArrayList.key 
26316      DEBUG main            d.u.i.k.p.i.AbstractProblemLoader Environment load took 305.2ns 
26318      INFO  main            d.u.i.k.p.i.AbstractProblemLoader Creating init config 
29959      DEBUG main            d.u.i.k.p.i.AbstractProblemLoader Init config took 3.64s 
30034      INFO  main            d.u.i.k.p.i.AbstractProblemLoader Replaying proof ArrayList[ArrayList::ArrayList()].JML normal_behavior operation contract.0 
30040      DEBUG main            d.u.i.k.p.i.IntermediateProofReplayer Proof replay took 5.8ns 
31275      INFO  main            d.u.i.k.p.r.p.TestFile    ... finished proof: closed. 
31464      INFO  main            d.u.i.k.p.i.AbstractProblemLoader Loading environment from /home/runner/work/key/key/key.core/../key.ui/examples/heap/SmansEtAl/ArrayList_ArrayList.key.proof 
31465      DEBUG main            d.u.i.k.p.i.AbstractProblemLoader Environment load took 743.3ns 
31468      INFO  main            d.u.i.k.p.i.AbstractProblemLoader Creating init config 
35115      DEBUG main            d.u.i.k.p.i.AbstractProblemLoader Init config took 3.65s 
35173      INFO  main            d.u.i.k.p.i.AbstractProblemLoader Replaying proof ArrayList[ArrayList::ArrayList()].JML normal_behavior operation contract.0 
35391      DEBUG main            d.u.i.k.p.i.IntermediateProofReplayer Proof replay took 204.46ms 
35393      DEBUG main            d.u.i.k.p.r.p.TestFile    ... success: reloaded. 
35395      INFO  main            d.u.i.k.p.r.p.TestFile    Now processing file /home/runner/work/key/key/key.core/../key.ui/examples/heap/SmansEtAl/ArrayList_footprint.key 
35395      INFO  main            d.u.i.k.p.i.AbstractProblemLoader Loading environment from /home/runner/work/key/key/key.core/../key.ui/examples/heap/SmansEtAl/ArrayList_footprint.key 
35399      DEBUG main            d.u.i.k.p.i.AbstractProblemLoader Environment load took 3.66ms 
35401      INFO  main            d.u.i.k.p.i.AbstractProblemLoader Creating init config 
38960      DEBUG main            d.u.i.k.p.i.AbstractProblemLoader Init config took 3.56s 
39019      INFO  main            d.u.i.k.p.i.AbstractProblemLoader Replaying proof ArrayList[ArrayList::$footprint()].JML accessible clause.0 
39022      DEBUG main            d.u.i.k.p.i.IntermediateProofReplayer Proof replay took 6.5ns 
39125      INFO  main            d.u.i.k.p.r.p.TestFile    ... finished proof: closed. 
39348      INFO  main            d.u.i.k.p.i.AbstractProblemLoader Loading environment from /home/runner/work/key/key/key.core/../key.ui/examples/heap/SmansEtAl/ArrayList_footprint.key.proof 
39348      DEBUG main            d.u.i.k.p.i.AbstractProblemLoader Environment load took 932.4ns 
39350      INFO  main            d.u.i.k.p.i.AbstractProblemLoader Creating init config 
42962      DEBUG main            d.u.i.k.p.i.AbstractProblemLoader Init config took 3.61s 
43020      INFO  main            d.u.i.k.p.i.AbstractProblemLoader Replaying proof ArrayList[ArrayList::$footprint()].JML accessible clause.0 
43037      DEBUG main            d.u.i.k.p.i.IntermediateProofReplayer Proof replay took 13.46ms 
43039      DEBUG main            d.u.i.k.p.r.p.TestFile    ... success: reloaded. 
43042      INFO  main            d.u.i.k.p.r.p.TestFile    Now processing file /home/runner/work/key/key/key.core/../key.ui/examples/heap/SmansEtAl/ArrayList_get_dep.key 
43042      INFO  main            d.u.i.k.p.i.AbstractProblemLoader Loading environment from /home/runner/work/key/key/key.core/../key.ui/examples/heap/SmansEtAl/ArrayList_get_dep.key 
43042      DEBUG main            d.u.i.k.p.i.AbstractProblemLoader Environment load took 167.8ns 
43044      INFO  main            d.u.i.k.p.i.AbstractProblemLoader Creating init config 
46632      DEBUG main            d.u.i.k.p.i.AbstractProblemLoader Init config took 3.59s 
46686      INFO  main            d.u.i.k.p.i.AbstractProblemLoader Replaying proof ArrayList[ArrayList::get(int)].JML accessible clause.0 
46689      DEBUG main            d.u.i.k.p.i.IntermediateProofReplayer Proof replay took 7.1ns 
47093      INFO  main            d.u.i.k.p.r.p.TestFile    ... finished proof: closed. 
47327      INFO  main            d.u.i.k.p.i.AbstractProblemLoader Loading environment from /home/runner/work/key/key/key.core/../key.ui/examples/heap/SmansEtAl/ArrayList_get_dep.key.proof 
47328      DEBUG main            d.u.i.k.p.i.AbstractProblemLoader Environment load took 507.3ns 
47329      INFO  main            d.u.i.k.p.i.AbstractProblemLoader Creating init config 
51013      DEBUG main            d.u.i.k.p.i.AbstractProblemLoader Init config took 3.68s 
51091      INFO  main            d.u.i.k.p.i.AbstractProblemLoader Replaying proof ArrayList[ArrayList::get(int)].JML accessible clause.0 
51186      DEBUG main            d.u.i.k.p.i.IntermediateProofReplayer Proof replay took 88.47ms 
51187      DEBUG main            d.u.i.k.p.r.p.TestFile    ... success: reloaded. 
51189      INFO  main            d.u.i.k.p.r.p.TestFile    Now processing file /home/runner/work/key/key/key.core/../key.ui/examples/heap/SmansEtAl/ArrayList_get.key 
51189      INFO  main            d.u.i.k.p.i.AbstractProblemLoader Loading environment from /home/runner/work/key/key/key.core/../key.ui/examples/heap/SmansEtAl/ArrayList_get.key 
51190      DEBUG main            d.u.i.k.p.i.AbstractProblemLoader Environment load took 290.9ns 
51191      INFO  main            d.u.i.k.p.i.AbstractProblemLoader Creating init config 
54781      DEBUG main            d.u.i.k.p.i.AbstractProblemLoader Init config took 3.59s 
54837      INFO  main            d.u.i.k.p.i.AbstractProblemLoader Replaying proof ArrayList[ArrayList::get(int)].JML normal_behavior operation contract.0 
54840      DEBUG main            d.u.i.k.p.i.IntermediateProofReplayer Proof replay took 8.5ns 
55043      INFO  main            d.u.i.k.p.r.p.TestFile    ... finished proof: closed. 
55262      INFO  main            d.u.i.k.p.i.AbstractProblemLoader Loading environment from /home/runner/work/key/key/key.core/../key.ui/examples/heap/SmansEtAl/ArrayList_get.key.proof 
55263      DEBUG main            d.u.i.k.p.i.AbstractProblemLoader Environment load took 554.9ns 
55264      INFO  main            d.u.i.k.p.i.AbstractProblemLoader Creating init config 
58786      DEBUG main            d.u.i.k.p.i.AbstractProblemLoader Init config took 3.52s 
58838      INFO  main            d.u.i.k.p.i.AbstractProblemLoader Replaying proof ArrayList[ArrayList::get(int)].JML normal_behavior operation contract.0 
58883      DEBUG main            d.u.i.k.p.i.IntermediateProofReplayer Proof replay took 41.93ms 
58884      DEBUG main            d.u.i.k.p.r.p.TestFile    ... success: reloaded. 
58886      INFO  main            d.u.i.k.p.r.p.TestFile    Now processing file /home/runner/work/key/key/key.core/../key.ui/examples/heap/SmansEtAl/ArrayList_inv.key 
58886      INFO  main            d.u.i.k.p.i.AbstractProblemLoader Loading environment from /home/runner/work/key/key/key.core/../key.ui/examples/heap/SmansEtAl/ArrayList_inv.key 
58886      DEBUG main            d.u.i.k.p.i.AbstractProblemLoader Environment load took 135.8ns 
58887      INFO  main            d.u.i.k.p.i.AbstractProblemLoader Creating init config 
62492      DEBUG main            d.u.i.k.p.i.AbstractProblemLoader Init config took 3.6s 
62543      INFO  main            d.u.i.k.p.i.AbstractProblemLoader Replaying proof ArrayList[java.lang.Object::<inv>()].JML accessible clause.0 
62546      DEBUG main            d.u.i.k.p.i.IntermediateProofReplayer Proof replay took 8.7ns 
62651      INFO  main            d.u.i.k.p.r.p.TestFile    ... finished proof: closed. 
62877      INFO  main            d.u.i.k.p.i.AbstractProblemLoader Loading environment from /home/runner/work/key/key/key.core/../key.ui/examples/heap/SmansEtAl/ArrayList_inv.key.proof 
62877      DEBUG main            d.u.i.k.p.i.AbstractProblemLoader Environment load took 145.8ns 
62879      INFO  main            d.u.i.k.p.i.AbstractProblemLoader Creating init config 
66440      DEBUG main            d.u.i.k.p.i.AbstractProblemLoader Init config took 3.56s 
66494      INFO  main            d.u.i.k.p.i.AbstractProblemLoader Replaying proof ArrayList[java.lang.Object::<inv>()].JML accessible clause.0 
66512      DEBUG main            d.u.i.k.p.i.IntermediateProofReplayer Proof replay took 14.95ms 
66514      DEBUG main            d.u.i.k.p.r.p.TestFile    ... success: reloaded. 
66515      INFO  main            d.u.i.k.p.r.p.TestFile    Now processing file /home/runner/work/key/key/key.core/../key.ui/examples/heap/SmansEtAl/ArrayList_size_dep.key 
66515      INFO  main            d.u.i.k.p.i.AbstractProblemLoader Loading environment from /home/runner/work/key/key/key.core/../key.ui/examples/heap/SmansEtAl/ArrayList_size_dep.key 
66515      DEBUG main            d.u.i.k.p.i.AbstractProblemLoader Environment load took 130.7ns 
66517      INFO  main            d.u.i.k.p.i.AbstractProblemLoader Creating init config 
70028      DEBUG main            d.u.i.k.p.i.AbstractProblemLoader Init config took 3.51s 
70079      INFO  main            d.u.i.k.p.i.AbstractProblemLoader Replaying proof ArrayList[ArrayList::size()].JML accessible clause.0 
70081      DEBUG main            d.u.i.k.p.i.IntermediateProofReplayer Proof replay took 22.8ns 
70184      INFO  main            d.u.i.k.p.r.p.TestFile    ... finished proof: closed. 
70443      INFO  main            d.u.i.k.p.i.AbstractProblemLoader Loading environment from /home/runner/work/key/key/key.core/../key.ui/examples/heap/SmansEtAl/ArrayList_size_dep.key.proof 
70443      DEBUG main            d.u.i.k.p.i.AbstractProblemLoader Environment load took 142.4ns 
70444      INFO  main            d.u.i.k.p.i.AbstractProblemLoader Creating init config 
73908      DEBUG main            d.u.i.k.p.i.AbstractProblemLoader Init config took 3.46s 
73954      INFO  main            d.u.i.k.p.i.AbstractProblemLoader Replaying proof ArrayList[ArrayList::size()].JML accessible clause.0 
73978      DEBUG main            d.u.i.k.p.i.IntermediateProofReplayer Proof replay took 20.92ms 
73980      DEBUG main            d.u.i.k.p.r.p.TestFile    ... success: reloaded. 
73982      INFO  main            d.u.i.k.p.r.p.TestFile    Now processing file /home/runner/work/key/key/key.core/../key.ui/examples/heap/SmansEtAl/ArrayList_size.key 
73982      INFO  main            d.u.i.k.p.i.AbstractProblemLoader Loading environment from /home/runner/work/key/key/key.core/../key.ui/examples/heap/SmansEtAl/ArrayList_size.key 
73982      DEBUG main            d.u.i.k.p.i.AbstractProblemLoader Environment load took 259.7ns 
73984      INFO  main            d.u.i.k.p.i.AbstractProblemLoader Creating init config 
77346      DEBUG main            d.u.i.k.p.i.AbstractProblemLoader Init config took 3.36s 
77393      INFO  main            d.u.i.k.p.i.AbstractProblemLoader Replaying proof ArrayList[ArrayList::size()].JML normal_behavior operation contract.0 
77396      DEBUG main            d.u.i.k.p.i.IntermediateProofReplayer Proof replay took 7.6ns 
77500      INFO  main            d.u.i.k.p.r.p.TestFile    ... finished proof: closed. 
77719      INFO  main            d.u.i.k.p.i.AbstractProblemLoader Loading environment from /home/runner/work/key/key/key.core/../key.ui/examples/heap/SmansEtAl/ArrayList_size.key.proof 
77719      DEBUG main            d.u.i.k.p.i.AbstractProblemLoader Environment load took 136ns 
77720      INFO  main            d.u.i.k.p.i.AbstractProblemLoader Creating init config 
80920      DEBUG main            d.u.i.k.p.i.AbstractProblemLoader Init config took 3.2s 
80968      INFO  main            d.u.i.k.p.i.AbstractProblemLoader Replaying proof ArrayList[ArrayList::size()].JML normal_behavior operation contract.0 
80988      DEBUG main            d.u.i.k.p.i.IntermediateProofReplayer Proof replay took 17.67ms 
80989      DEBUG main            d.u.i.k.p.r.p.TestFile    ... success: reloaded. 
80991      INFO  main            d.u.i.k.p.r.p.TestFile    Now processing file /home/runner/work/key/key/key.core/../key.ui/examples/heap/SmansEtAl/Cell_Cell.key 
80991      INFO  main            d.u.i.k.p.i.AbstractProblemLoader Loading environment from /home/runner/work/key/key/key.core/../key.ui/examples/heap/SmansEtAl/Cell_Cell.key 
80991      DEBUG main            d.u.i.k.p.i.AbstractProblemLoader Environment load took 326.1ns 
80993      INFO  main            d.u.i.k.p.i.AbstractProblemLoader Creating init config 
84231      DEBUG main            d.u.i.k.p.i.AbstractProblemLoader Init config took 3.24s 
84272      INFO  main            d.u.i.k.p.i.AbstractProblemLoader Replaying proof Cell[Cell::Cell()].JML normal_behavior operation contract.0 
84274      DEBUG main            d.u.i.k.p.i.IntermediateProofReplayer Proof replay took 6.3ns 
84479      INFO  main            d.u.i.k.p.r.p.TestFile    ... finished proof: closed. 
84707      INFO  main            d.u.i.k.p.i.AbstractProblemLoader Loading environment from /home/runner/work/key/key/key.core/../key.ui/examples/heap/SmansEtAl/Cell_Cell.key.proof 
84707      DEBUG main            d.u.i.k.p.i.AbstractProblemLoader Environment load took 133.5ns 
84709      INFO  main            d.u.i.k.p.i.AbstractProblemLoader Creating init config 
87985      DEBUG main            d.u.i.k.p.i.AbstractProblemLoader Init config took 3.28s 
88035      INFO  main            d.u.i.k.p.i.AbstractProblemLoader Replaying proof Cell[Cell::Cell()].JML normal_behavior operation contract.0 
88099      DEBUG main            d.u.i.k.p.i.IntermediateProofReplayer Proof replay took 60.57ms 
88100      DEBUG main            d.u.i.k.p.r.p.TestFile    ... success: reloaded. 
88102      INFO  main            d.u.i.k.p.r.p.TestFile    Now processing file /home/runner/work/key/key/key.core/../key.ui/examples/heap/SmansEtAl/Cell_footprint.key 
88102      INFO  main            d.u.i.k.p.i.AbstractProblemLoader Loading environment from /home/runner/work/key/key/key.core/../key.ui/examples/heap/SmansEtAl/Cell_footprint.key 
88102      DEBUG main            d.u.i.k.p.i.AbstractProblemLoader Environment load took 132.1ns 
88103      INFO  main            d.u.i.k.p.i.AbstractProblemLoader Creating init config 
91312      DEBUG main            d.u.i.k.p.i.AbstractProblemLoader Init config took 3.21s 
91371      INFO  main            d.u.i.k.p.i.AbstractProblemLoader Replaying proof Cell[Cell::$footprint()].JML accessible clause.0 
91373      DEBUG main            d.u.i.k.p.i.IntermediateProofReplayer Proof replay took 7.4ns 
91475      INFO  main            d.u.i.k.p.r.p.TestFile    ... finished proof: closed. 
91698      INFO  main            d.u.i.k.p.i.AbstractProblemLoader Loading environment from /home/runner/work/key/key/key.core/../key.ui/examples/heap/SmansEtAl/Cell_footprint.key.proof 
91699      DEBUG main            d.u.i.k.p.i.AbstractProblemLoader Environment load took 181.7ns 
91700      INFO  main            d.u.i.k.p.i.AbstractProblemLoader Creating init config 
94887      DEBUG main            d.u.i.k.p.i.AbstractProblemLoader Init config took 3.19s 
94928      INFO  main            d.u.i.k.p.i.AbstractProblemLoader Replaying proof Cell[Cell::$footprint()].JML accessible clause.0 
94934      DEBUG main            d.u.i.k.p.i.IntermediateProofReplayer Proof replay took 4.45ms 
94935      DEBUG main            d.u.i.k.p.r.p.TestFile    ... success: reloaded. 
94937      INFO  main            d.u.i.k.p.r.p.TestFile    Now processing file /home/runner/work/key/key/key.core/../key.ui/examples/heap/SmansEtAl/Cell_getX_dep.key 
94937      INFO  main            d.u.i.k.p.i.AbstractProblemLoader Loading environment from /home/runner/work/key/key/key.core/../key.ui/examples/heap/SmansEtAl/Cell_getX_dep.key 
94937      DEBUG main            d.u.i.k.p.i.AbstractProblemLoader Environment load took 172.8ns 
94938      INFO  main            d.u.i.k.p.i.AbstractProblemLoader Creating init config 
98203      DEBUG main            d.u.i.k.p.i.AbstractProblemLoader Init config took 3.27s 
98259      INFO  main            d.u.i.k.p.i.AbstractProblemLoader Replaying proof Cell[Cell::getX()].JML accessible clause.0 
98261      DEBUG main            d.u.i.k.p.i.IntermediateProofReplayer Proof replay took 6.8ns 
98363      INFO  main            d.u.i.k.p.r.p.TestFile    ... finished proof: closed. 
98601      INFO  main            d.u.i.k.p.i.AbstractProblemLoader Loading environment from /home/runner/work/key/key/key.core/../key.ui/examples/heap/SmansEtAl/Cell_getX_dep.key.proof 
98601      DEBUG main            d.u.i.k.p.i.AbstractProblemLoader Environment load took 126.8ns 
98603      INFO  main            d.u.i.k.p.i.AbstractProblemLoader Creating init config 
101822     DEBUG main            d.u.i.k.p.i.AbstractProblemLoader Init config took 3.22s 
101868     INFO  main            d.u.i.k.p.i.AbstractProblemLoader Replaying proof Cell[Cell::getX()].JML accessible clause.0 
101889     DEBUG main            d.u.i.k.p.i.IntermediateProofReplayer Proof replay took 18.06ms 
101890     DEBUG main            d.u.i.k.p.r.p.TestFile    ... success: reloaded. 
101891     INFO  main            d.u.i.k.p.r.p.TestFile    Now processing file /home/runner/work/key/key/key.core/../key.ui/examples/heap/SmansEtAl/Cell_getX.key 
101892     INFO  main            d.u.i.k.p.i.AbstractProblemLoader Loading environment from /home/runner/work/key/key/key.core/../key.ui/examples/heap/SmansEtAl/Cell_getX.key 
101892     DEBUG main            d.u.i.k.p.i.AbstractProblemLoader Environment load took 106ns 
101893     INFO  main            d.u.i.k.p.i.AbstractProblemLoader Creating init config 
105205     DEBUG main            d.u.i.k.p.i.AbstractProblemLoader Init config took 3.31s 
105245     INFO  main            d.u.i.k.p.i.AbstractProblemLoader Replaying proof Cell[Cell::getX()].JML normal_behavior operation contract.0 
105247     DEBUG main            d.u.i.k.p.i.IntermediateProofReplayer Proof replay took 7.8ns 
105351     INFO  main            d.u.i.k.p.r.p.TestFile    ... finished proof: closed. 
105608     INFO  main            d.u.i.k.p.i.AbstractProblemLoader Loading environment from /home/runner/work/key/key/key.core/../key.ui/examples/heap/SmansEtAl/Cell_getX.key.proof 
105609     DEBUG main            d.u.i.k.p.i.AbstractProblemLoader Environment load took 442.5ns 
105610     INFO  main            d.u.i.k.p.i.AbstractProblemLoader Creating init config 
108827     DEBUG main            d.u.i.k.p.i.AbstractProblemLoader Init config took 3.22s 
108874     INFO  main            d.u.i.k.p.i.AbstractProblemLoader Replaying proof Cell[Cell::getX()].JML normal_behavior operation contract.0 
108897     DEBUG main            d.u.i.k.p.i.IntermediateProofReplayer Proof replay took 21.21ms 
108899     DEBUG main            d.u.i.k.p.r.p.TestFile    ... success: reloaded. 
108900     INFO  main            d.u.i.k.p.r.p.TestFile    Now processing file /home/runner/work/key/key/key.core/../key.ui/examples/heap/SmansEtAl/Cell_inv.key 
108901     INFO  main            d.u.i.k.p.i.AbstractProblemLoader Loading environment from /home/runner/work/key/key/key.core/../key.ui/examples/heap/SmansEtAl/Cell_inv.key 
108901     DEBUG main            d.u.i.k.p.i.AbstractProblemLoader Environment load took 247.2ns 
108902     INFO  main            d.u.i.k.p.i.AbstractProblemLoader Creating init config 
112175     DEBUG main            d.u.i.k.p.i.AbstractProblemLoader Init config took 3.27s 
112217     INFO  main            d.u.i.k.p.i.AbstractProblemLoader Replaying proof Cell[java.lang.Object::<inv>()].JML accessible clause.0 
112219     DEBUG main            d.u.i.k.p.i.IntermediateProofReplayer Proof replay took 7.2ns 
112323     INFO  main            d.u.i.k.p.r.p.TestFile    ... finished proof: closed. 
112586     INFO  main            d.u.i.k.p.i.AbstractProblemLoader Loading environment from /home/runner/work/key/key/key.core/../key.ui/examples/heap/SmansEtAl/Cell_inv.key.proof 
112586     DEBUG main            d.u.i.k.p.i.AbstractProblemLoader Environment load took 149.2ns 
112587     INFO  main            d.u.i.k.p.i.AbstractProblemLoader Creating init config 
115834     DEBUG main            d.u.i.k.p.i.AbstractProblemLoader Init config took 3.25s 
115874     INFO  main            d.u.i.k.p.i.AbstractProblemLoader Replaying proof Cell[java.lang.Object::<inv>()].JML accessible clause.0 
115879     DEBUG main            d.u.i.k.p.i.IntermediateProofReplayer Proof replay took 2.4ms 
115882     DEBUG main            d.u.i.k.p.r.p.TestFile    ... success: reloaded. 
115883     INFO  main            d.u.i.k.p.r.p.TestFile    Now processing file /home/runner/work/key/key/key.core/../key.ui/examples/heap/SmansEtAl/Cell_setX.key 
115884     INFO  main            d.u.i.k.p.i.AbstractProblemLoader Loading environment from /home/runner/work/key/key/key.core/../key.ui/examples/heap/SmansEtAl/Cell_setX.key 
115884     DEBUG main            d.u.i.k.p.i.AbstractProblemLoader Environment load took 221.9ns 
115886     INFO  main            d.u.i.k.p.i.AbstractProblemLoader Creating init config 
119144     DEBUG main            d.u.i.k.p.i.AbstractProblemLoader Init config took 3.26s 
119207     INFO  main            d.u.i.k.p.i.AbstractProblemLoader Replaying proof Cell[Cell::setX(int)].JML normal_behavior operation contract.0 
119209     DEBUG main            d.u.i.k.p.i.IntermediateProofReplayer Proof replay took 7.3ns 
119319     INFO  main            d.u.i.k.p.r.p.TestFile    ... finished proof: closed. 
119607     INFO  main            d.u.i.k.p.i.AbstractProblemLoader Loading environment from /home/runner/work/key/key/key.core/../key.ui/examples/heap/SmansEtAl/Cell_setX.key.proof 
119607     DEBUG main            d.u.i.k.p.i.AbstractProblemLoader Environment load took 162.2ns 
119609     INFO  main            d.u.i.k.p.i.AbstractProblemLoader Creating init config 
123142     DEBUG main            d.u.i.k.p.i.AbstractProblemLoader Init config took 3.53s 
123200     INFO  main            d.u.i.k.p.i.AbstractProblemLoader Replaying proof Cell[Cell::setX(int)].JML normal_behavior operation contract.0 
123239     DEBUG main            d.u.i.k.p.i.IntermediateProofReplayer Proof replay took 36.27ms 
123241     DEBUG main            d.u.i.k.p.r.p.TestFile    ... success: reloaded. 
123244     INFO  main            d.u.i.k.p.r.p.TestFile    Now processing file /home/runner/work/key/key/key.core/../key.ui/examples/heap/SmansEtAl/CellClient_m.key 
123244     INFO  main            d.u.i.k.p.i.AbstractProblemLoader Loading environment from /home/runner/work/key/key/key.core/../key.ui/examples/heap/SmansEtAl/CellClient_m.key 
123244     DEBUG main            d.u.i.k.p.i.AbstractProblemLoader Environment load took 269.4ns 
123246     INFO  main            d.u.i.k.p.i.AbstractProblemLoader Creating init config 
126765     DEBUG main            d.u.i.k.p.i.AbstractProblemLoader Init config took 3.52s 
126807     INFO  main            d.u.i.k.p.i.AbstractProblemLoader Replaying proof CellClient[CellClient::m()].JML operation contract.0 
126810     DEBUG main            d.u.i.k.p.i.IntermediateProofReplayer Proof replay took 7.6ns 
127417     INFO  main            d.u.i.k.p.r.p.TestFile    ... finished proof: closed. 
127741     INFO  main            d.u.i.k.p.i.AbstractProblemLoader Loading environment from /home/runner/work/key/key/key.core/../key.ui/examples/heap/SmansEtAl/CellClient_m.key.proof 
127741     DEBUG main            d.u.i.k.p.i.AbstractProblemLoader Environment load took 582.6ns 
127743     INFO  main            d.u.i.k.p.i.AbstractProblemLoader Creating init config 
130924     DEBUG main            d.u.i.k.p.i.AbstractProblemLoader Init config took 3.18s 
130963     INFO  main            d.u.i.k.p.i.AbstractProblemLoader Replaying proof CellClient[CellClient::m()].JML operation contract.0 
131096     DEBUG main            d.u.i.k.p.i.IntermediateProofReplayer Proof replay took 128.39ms 
131098     DEBUG main            d.u.i.k.p.r.p.TestFile    ... success: reloaded. 
131099     INFO  main            d.u.i.k.p.r.p.TestFile    Now processing file /home/runner/work/key/key/key.core/../key.ui/examples/heap/SmansEtAl/Iterator_footprint.key 
131100     INFO  main            d.u.i.k.p.i.AbstractProblemLoader Loading environment from /home/runner/work/key/key/key.core/../key.ui/examples/heap/SmansEtAl/Iterator_footprint.key 
131100     DEBUG main            d.u.i.k.p.i.AbstractProblemLoader Environment load took 125ns 
131101     INFO  main            d.u.i.k.p.i.AbstractProblemLoader Creating init config 
134454     DEBUG main            d.u.i.k.p.i.AbstractProblemLoader Init config took 3.35s 
134498     INFO  main            d.u.i.k.p.i.AbstractProblemLoader Replaying proof Iterator[Iterator::$footprint()].JML accessible clause.0 
134500     DEBUG main            d.u.i.k.p.i.IntermediateProofReplayer Proof replay took 7.1ns 
134603     INFO  main            d.u.i.k.p.r.p.TestFile    ... finished proof: closed. 
134881     INFO  main            d.u.i.k.p.i.AbstractProblemLoader Loading environment from /home/runner/work/key/key/key.core/../key.ui/examples/heap/SmansEtAl/Iterator_footprint.key.proof 
134881     DEBUG main            d.u.i.k.p.i.AbstractProblemLoader Environment load took 134.7ns 
134883     INFO  main            d.u.i.k.p.i.AbstractProblemLoader Creating init config 
138099     DEBUG main            d.u.i.k.p.i.AbstractProblemLoader Init config took 3.22s 
138144     INFO  main            d.u.i.k.p.i.AbstractProblemLoader Replaying proof Iterator[Iterator::$footprint()].JML accessible clause.0 
138154     DEBUG main            d.u.i.k.p.i.IntermediateProofReplayer Proof replay took 7.95ms 
138155     DEBUG main            d.u.i.k.p.r.p.TestFile    ... success: reloaded. 
138156     INFO  main            d.u.i.k.p.r.p.TestFile    Now processing file /home/runner/work/key/key/key.core/../key.ui/examples/heap/SmansEtAl/Iterator_hasNext_dep.key 
138157     INFO  main            d.u.i.k.p.i.AbstractProblemLoader Loading environment from /home/runner/work/key/key/key.core/../key.ui/examples/heap/SmansEtAl/Iterator_hasNext_dep.key 
138157     DEBUG main            d.u.i.k.p.i.AbstractProblemLoader Environment load took 133.7ns 
138158     INFO  main            d.u.i.k.p.i.AbstractProblemLoader Creating init config 
141398     DEBUG main            d.u.i.k.p.i.AbstractProblemLoader Init config took 3.24s 
141465     INFO  main            d.u.i.k.p.i.AbstractProblemLoader Replaying proof Iterator[Iterator::hasNext()].JML accessible clause.0 
141468     DEBUG main            d.u.i.k.p.i.IntermediateProofReplayer Proof replay took 7.2ns 
142173     INFO  main            d.u.i.k.p.r.p.TestFile    ... finished proof: closed. 
142515     INFO  main            d.u.i.k.p.i.AbstractProblemLoader Loading environment from /home/runner/work/key/key/key.core/../key.ui/examples/heap/SmansEtAl/Iterator_hasNext_dep.key.proof 
142516     DEBUG main            d.u.i.k.p.i.AbstractProblemLoader Environment load took 633.1ns 
142518     INFO  main            d.u.i.k.p.i.AbstractProblemLoader Creating init config 
145718     DEBUG main            d.u.i.k.p.i.AbstractProblemLoader Init config took 3.2s 
145765     INFO  main            d.u.i.k.p.i.AbstractProblemLoader Replaying proof Iterator[Iterator::hasNext()].JML accessible clause.0 
145894     DEBUG main            d.u.i.k.p.i.IntermediateProofReplayer Proof replay took 121.86ms 
145896     DEBUG main            d.u.i.k.p.r.p.TestFile    ... success: reloaded. 
145897     INFO  main            d.u.i.k.p.r.p.TestFile    Now processing file /home/runner/work/key/key/key.core/../key.ui/examples/heap/SmansEtAl/Iterator_hasNext.key 
145898     INFO  main            d.u.i.k.p.i.AbstractProblemLoader Loading environment from /home/runner/work/key/key/key.core/../key.ui/examples/heap/SmansEtAl/Iterator_hasNext.key 
145898     DEBUG main            d.u.i.k.p.i.AbstractProblemLoader Environment load took 266.7ns 
145899     INFO  main            d.u.i.k.p.i.AbstractProblemLoader Creating init config 
149416     DEBUG main            d.u.i.k.p.i.AbstractProblemLoader Init config took 3.52s 
149462     INFO  main            d.u.i.k.p.i.AbstractProblemLoader Replaying proof Iterator[Iterator::hasNext()].JML normal_behavior operation contract.0 
149464     DEBUG main            d.u.i.k.p.i.IntermediateProofReplayer Proof replay took 9.3ns 
150178     INFO  main            d.u.i.k.p.r.p.TestFile    ... finished proof: closed. 
150515     INFO  main            d.u.i.k.p.i.AbstractProblemLoader Loading environment from /home/runner/work/key/key/key.core/../key.ui/examples/heap/SmansEtAl/Iterator_hasNext.key.proof 
150515     DEBUG main            d.u.i.k.p.i.AbstractProblemLoader Environment load took 540.3ns 
150520     INFO  main            d.u.i.k.p.i.AbstractProblemLoader Creating init config 
153901     DEBUG main            d.u.i.k.p.i.AbstractProblemLoader Init config took 3.38s 
153946     INFO  main            d.u.i.k.p.i.AbstractProblemLoader Replaying proof Iterator[Iterator::hasNext()].JML normal_behavior operation contract.0 
154084     DEBUG main            d.u.i.k.p.i.IntermediateProofReplayer Proof replay took 130.77ms 
154087     DEBUG main            d.u.i.k.p.r.p.TestFile    ... success: reloaded. 
154088     INFO  main            d.u.i.k.p.r.p.TestFile    Now processing file /home/runner/work/key/key/key.core/../key.ui/examples/heap/SmansEtAl/Iterator_inv.key 
154088     INFO  main            d.u.i.k.p.i.AbstractProblemLoader Loading environment from /home/runner/work/key/key/key.core/../key.ui/examples/heap/SmansEtAl/Iterator_inv.key 
154089     DEBUG main            d.u.i.k.p.i.AbstractProblemLoader Environment load took 283.7ns 
154090     INFO  main            d.u.i.k.p.i.AbstractProblemLoader Creating init config 
157557     DEBUG main            d.u.i.k.p.i.AbstractProblemLoader Init config took 3.47s 
157601     INFO  main            d.u.i.k.p.i.AbstractProblemLoader Replaying proof Iterator[java.lang.Object::<inv>()].JML accessible clause.0 
157603     DEBUG main            d.u.i.k.p.i.IntermediateProofReplayer Proof replay took 9ns 
157808     INFO  main            d.u.i.k.p.r.p.TestFile    ... finished proof: closed. 
158137     INFO  main            d.u.i.k.p.i.AbstractProblemLoader Loading environment from /home/runner/work/key/key/key.core/../key.ui/examples/heap/SmansEtAl/Iterator_inv.key.proof 
158138     DEBUG main            d.u.i.k.p.i.AbstractProblemLoader Environment load took 307.3ns 
158139     INFO  main            d.u.i.k.p.i.AbstractProblemLoader Creating init config 
161576     DEBUG main            d.u.i.k.p.i.AbstractProblemLoader Init config took 3.44s 
161619     INFO  main            d.u.i.k.p.i.AbstractProblemLoader Replaying proof Iterator[java.lang.Object::<inv>()].JML accessible clause.0 
161655     DEBUG main            d.u.i.k.p.i.IntermediateProofReplayer Proof replay took 32.16ms 
161656     DEBUG main            d.u.i.k.p.r.p.TestFile    ... success: reloaded. 
161657     INFO  main            d.u.i.k.p.r.p.TestFile    Now processing file /home/runner/work/key/key/key.core/../key.ui/examples/heap/SmansEtAl/Iterator_Iterator.key 
161657     INFO  main            d.u.i.k.p.i.AbstractProblemLoader Loading environment from /home/runner/work/key/key/key.core/../key.ui/examples/heap/SmansEtAl/Iterator_Iterator.key 
161657     DEBUG main            d.u.i.k.p.i.AbstractProblemLoader Environment load took 123.3ns 
161658     INFO  main            d.u.i.k.p.i.AbstractProblemLoader Creating init config 
165040     DEBUG main            d.u.i.k.p.i.AbstractProblemLoader Init config took 3.38s 
165082     INFO  main            d.u.i.k.p.i.AbstractProblemLoader Replaying proof Iterator[Iterator::Iterator(ArrayList)].JML normal_behavior operation contract.0 
165084     DEBUG main            d.u.i.k.p.i.IntermediateProofReplayer Proof replay took 8ns 
166793     INFO  main            d.u.i.k.p.r.p.TestFile    ... finished proof: closed. 
167148     INFO  main            d.u.i.k.p.i.AbstractProblemLoader Loading environment from /home/runner/work/key/key/key.core/../key.ui/examples/heap/SmansEtAl/Iterator_Iterator.key.proof 
167149     DEBUG main            d.u.i.k.p.i.AbstractProblemLoader Environment load took 545.4ns 
167151     INFO  main            d.u.i.k.p.i.AbstractProblemLoader Creating init config 
170421     DEBUG main            d.u.i.k.p.i.AbstractProblemLoader Init config took 3.27s 
170461     INFO  main            d.u.i.k.p.i.AbstractProblemLoader Replaying proof Iterator[Iterator::Iterator(ArrayList)].JML normal_behavior operation contract.0 
170704     DEBUG main            d.u.i.k.p.i.IntermediateProofReplayer Proof replay took 229ms 
170706     DEBUG main            d.u.i.k.p.r.p.TestFile    ... success: reloaded. 
170707     INFO  main            d.u.i.k.p.r.p.TestFile    Now processing file /home/runner/work/key/key/key.core/../key.ui/examples/heap/SmansEtAl/Iterator_list_dep.key 
170707     INFO  main            d.u.i.k.p.i.AbstractProblemLoader Loading environment from /home/runner/work/key/key/key.core/../key.ui/examples/heap/SmansEtAl/Iterator_list_dep.key 
170707     DEBUG main            d.u.i.k.p.i.AbstractProblemLoader Environment load took 228.6ns 
170709     INFO  main            d.u.i.k.p.i.AbstractProblemLoader Creating init config 
173910     DEBUG main            d.u.i.k.p.i.AbstractProblemLoader Init config took 3.2s 
173951     INFO  main            d.u.i.k.p.i.AbstractProblemLoader Replaying proof Iterator[Iterator::list()].JML accessible clause.0 
173952     DEBUG main            d.u.i.k.p.i.IntermediateProofReplayer Proof replay took 6.9ns 
174055     INFO  main            d.u.i.k.p.r.p.TestFile    ... finished proof: closed. 
174383     INFO  main            d.u.i.k.p.i.AbstractProblemLoader Loading environment from /home/runner/work/key/key/key.core/../key.ui/examples/heap/SmansEtAl/Iterator_list_dep.key.proof 
174383     DEBUG main            d.u.i.k.p.i.AbstractProblemLoader Environment load took 152.2ns 
174385     INFO  main            d.u.i.k.p.i.AbstractProblemLoader Creating init config 
177512     DEBUG main            d.u.i.k.p.i.AbstractProblemLoader Init config took 3.13s 
177566     INFO  main            d.u.i.k.p.i.AbstractProblemLoader Replaying proof Iterator[Iterator::list()].JML accessible clause.0 
177597     DEBUG main            d.u.i.k.p.i.IntermediateProofReplayer Proof replay took 24.82ms 
177599     DEBUG main            d.u.i.k.p.r.p.TestFile    ... success: reloaded. 
177600     INFO  main            d.u.i.k.p.r.p.TestFile    Now processing file /home/runner/work/key/key/key.core/../key.ui/examples/heap/SmansEtAl/Iterator_list.key 
177601     INFO  main            d.u.i.k.p.i.AbstractProblemLoader Loading environment from /home/runner/work/key/key/key.core/../key.ui/examples/heap/SmansEtAl/Iterator_list.key 
177601     DEBUG main            d.u.i.k.p.i.AbstractProblemLoader Environment load took 229.6ns 
177602     INFO  main            d.u.i.k.p.i.AbstractProblemLoader Creating init config 
180805     DEBUG main            d.u.i.k.p.i.AbstractProblemLoader Init config took 3.2s 
180844     INFO  main            d.u.i.k.p.i.AbstractProblemLoader Replaying proof Iterator[Iterator::list()].JML normal_behavior operation contract.0 
180846     DEBUG main            d.u.i.k.p.i.IntermediateProofReplayer Proof replay took 6.5ns 
180951     INFO  main            d.u.i.k.p.r.p.TestFile    ... finished proof: closed. 
181294     INFO  main            d.u.i.k.p.i.AbstractProblemLoader Loading environment from /home/runner/work/key/key/key.core/../key.ui/examples/heap/SmansEtAl/Iterator_list.key.proof 
181294     DEBUG main            d.u.i.k.p.i.AbstractProblemLoader Environment load took 279.7ns 
181295     INFO  main            d.u.i.k.p.i.AbstractProblemLoader Creating init config 
184468     DEBUG main            d.u.i.k.p.i.AbstractProblemLoader Init config took 3.17s 
184509     INFO  main            d.u.i.k.p.i.AbstractProblemLoader Replaying proof Iterator[Iterator::list()].JML normal_behavior operation contract.0 
184529     DEBUG main            d.u.i.k.p.i.IntermediateProofReplayer Proof replay took 17.6ms 
184530     DEBUG main            d.u.i.k.p.r.p.TestFile    ... success: reloaded. 
184531     INFO  main            d.u.i.k.p.r.p.TestFile    Now processing file /home/runner/work/key/key/key.core/../key.ui/examples/heap/SmansEtAl/Iterator_next.key 
184531     INFO  main            d.u.i.k.p.i.AbstractProblemLoader Loading environment from /home/runner/work/key/key/key.core/../key.ui/examples/heap/SmansEtAl/Iterator_next.key 
184532     DEBUG main            d.u.i.k.p.i.AbstractProblemLoader Environment load took 129.1ns 
184532     INFO  main            d.u.i.k.p.i.AbstractProblemLoader Creating init config 
187713     DEBUG main            d.u.i.k.p.i.AbstractProblemLoader Init config took 3.18s 
187776     INFO  main            d.u.i.k.p.i.AbstractProblemLoader Replaying proof Iterator[Iterator::next()].JML normal_behavior operation contract.0 
187779     DEBUG main            d.u.i.k.p.i.IntermediateProofReplayer Proof replay took 8.2ns 
191213     INFO  main            d.u.i.k.p.r.p.TestFile    ... finished proof: closed. 
191600     INFO  main            d.u.i.k.p.i.AbstractProblemLoader Loading environment from /home/runner/work/key/key/key.core/../key.ui/examples/heap/SmansEtAl/Iterator_next.key.proof 
191601     DEBUG main            d.u.i.k.p.i.AbstractProblemLoader Environment load took 533.6ns 
191603     INFO  main            d.u.i.k.p.i.AbstractProblemLoader Creating init config 
194738     DEBUG main            d.u.i.k.p.i.AbstractProblemLoader Init config took 3.14s 
194779     INFO  main            d.u.i.k.p.i.AbstractProblemLoader Replaying proof Iterator[Iterator::next()].JML normal_behavior operation contract.0 
195193     DEBUG main            d.u.i.k.p.i.IntermediateProofReplayer Proof replay took 393.36ms 
195195     DEBUG main            d.u.i.k.p.r.p.TestFile    ... success: reloaded. 
195197     INFO  main            d.u.i.k.p.r.p.TestFile    Now processing file /home/runner/work/key/key/key.core/../key.ui/examples/heap/SmansEtAl/Stack_footprint.key 
195197     INFO  main            d.u.i.k.p.i.AbstractProblemLoader Loading environment from /home/runner/work/key/key/key.core/../key.ui/examples/heap/SmansEtAl/Stack_footprint.key 
195197     DEBUG main            d.u.i.k.p.i.AbstractProblemLoader Environment load took 164.6ns 
195198     INFO  main            d.u.i.k.p.i.AbstractProblemLoader Creating init config 
198457     DEBUG main            d.u.i.k.p.i.AbstractProblemLoader Init config took 3.26s 
198503     INFO  main            d.u.i.k.p.i.AbstractProblemLoader Replaying proof Stack[Stack::$footprint()].JML accessible clause.0 
198504     DEBUG main            d.u.i.k.p.i.IntermediateProofReplayer Proof replay took 8.9ns 
198807     INFO  main            d.u.i.k.p.r.p.TestFile    ... finished proof: closed. 
199176     INFO  main            d.u.i.k.p.i.AbstractProblemLoader Loading environment from /home/runner/work/key/key/key.core/../key.ui/examples/heap/SmansEtAl/Stack_footprint.key.proof 
199178     DEBUG main            d.u.i.k.p.i.AbstractProblemLoader Environment load took 1.78ms 
199179     INFO  main            d.u.i.k.p.i.AbstractProblemLoader Creating init config 
202601     DEBUG main            d.u.i.k.p.i.AbstractProblemLoader Init config took 3.42s 
202643     INFO  main            d.u.i.k.p.i.AbstractProblemLoader Replaying proof Stack[Stack::$footprint()].JML accessible clause.0 
202690     DEBUG main            d.u.i.k.p.i.IntermediateProofReplayer Proof replay took 42.82ms 
202692     DEBUG main            d.u.i.k.p.r.p.TestFile    ... success: reloaded. 
202693     INFO  main            d.u.i.k.p.r.p.TestFile    Now processing file /home/runner/work/key/key/key.core/../key.ui/examples/heap/SmansEtAl/Stack_inv.key 
202693     INFO  main            d.u.i.k.p.i.AbstractProblemLoader Loading environment from /home/runner/work/key/key/key.core/../key.ui/examples/heap/SmansEtAl/Stack_inv.key 
202693     DEBUG main            d.u.i.k.p.i.AbstractProblemLoader Environment load took 152.3ns 
202696     INFO  main            d.u.i.k.p.i.AbstractProblemLoader Creating init config 
206261     DEBUG main            d.u.i.k.p.i.AbstractProblemLoader Init config took 3.57s 
206301     INFO  main            d.u.i.k.p.i.AbstractProblemLoader Replaying proof Stack[java.lang.Object::<inv>()].JML accessible clause.0 
206303     DEBUG main            d.u.i.k.p.i.IntermediateProofReplayer Proof replay took 7.9ns 
206406     INFO  main            d.u.i.k.p.r.p.TestFile    ... finished proof: closed. 
206765     INFO  main            d.u.i.k.p.i.AbstractProblemLoader Loading environment from /home/runner/work/key/key/key.core/../key.ui/examples/heap/SmansEtAl/Stack_inv.key.proof 
206765     DEBUG main            d.u.i.k.p.i.AbstractProblemLoader Environment load took 116.2ns 
206767     INFO  main            d.u.i.k.p.i.AbstractProblemLoader Creating init config 
209898     DEBUG main            d.u.i.k.p.i.AbstractProblemLoader Init config took 3.13s 
209937     INFO  main            d.u.i.k.p.i.AbstractProblemLoader Replaying proof Stack[java.lang.Object::<inv>()].JML accessible clause.0 
209952     DEBUG main            d.u.i.k.p.i.IntermediateProofReplayer Proof replay took 12.55ms 
209953     DEBUG main            d.u.i.k.p.r.p.TestFile    ... success: reloaded. 
209954     INFO  main            d.u.i.k.p.r.p.TestFile    Now processing file /home/runner/work/key/key/key.core/../key.ui/examples/heap/SmansEtAl/Stack_push.key 
209954     INFO  main            d.u.i.k.p.i.AbstractProblemLoader Loading environment from /home/runner/work/key/key/key.core/../key.ui/examples/heap/SmansEtAl/Stack_push.key 
209954     DEBUG main            d.u.i.k.p.i.AbstractProblemLoader Environment load took 300ns 
209955     INFO  main            d.u.i.k.p.i.AbstractProblemLoader Creating init config 
213207     DEBUG main            d.u.i.k.p.i.AbstractProblemLoader Init config took 3.25s 
213277     INFO  main            d.u.i.k.p.i.AbstractProblemLoader Replaying proof Stack[Stack::push(java.lang.Object)].JML normal_behavior operation contract.0 
213279     DEBUG main            d.u.i.k.p.i.IntermediateProofReplayer Proof replay took 7.1ns 
214084     INFO  main            d.u.i.k.p.r.p.TestFile    ... finished proof: closed. 
214489     INFO  main            d.u.i.k.p.i.AbstractProblemLoader Loading environment from /home/runner/work/key/key/key.core/../key.ui/examples/heap/SmansEtAl/Stack_push.key.proof 
214490     DEBUG main            d.u.i.k.p.i.AbstractProblemLoader Environment load took 565.4ns 
214491     INFO  main            d.u.i.k.p.i.AbstractProblemLoader Creating init config 
217597     DEBUG main            d.u.i.k.p.i.AbstractProblemLoader Init config took 3.11s 
217638     INFO  main            d.u.i.k.p.i.AbstractProblemLoader Replaying proof Stack[Stack::push(java.lang.Object)].JML normal_behavior operation contract.0 
217797     DEBUG main            d.u.i.k.p.i.IntermediateProofReplayer Proof replay took 152.2ms 
217798     DEBUG main            d.u.i.k.p.r.p.TestFile    ... success: reloaded. 
217803     INFO  main            d.u.i.k.p.r.p.TestFile    Now processing file /home/runner/work/key/key/key.core/../key.ui/examples/heap/SmansEtAl/Stack_size.key 
217804     INFO  main            d.u.i.k.p.i.AbstractProblemLoader Loading environment from /home/runner/work/key/key/key.core/../key.ui/examples/heap/SmansEtAl/Stack_size.key 
217804     DEBUG main            d.u.i.k.p.i.AbstractProblemLoader Environment load took 138ns 
217805     INFO  main            d.u.i.k.p.i.AbstractProblemLoader Creating init config 
221009     DEBUG main            d.u.i.k.p.i.AbstractProblemLoader Init config took 3.2s 
221049     INFO  main            d.u.i.k.p.i.AbstractProblemLoader Replaying proof Stack[Stack::size()].JML accessible clause.0 
221051     DEBUG main            d.u.i.k.p.i.IntermediateProofReplayer Proof replay took 8ns 
221354     INFO  main            d.u.i.k.p.r.p.TestFile    ... finished proof: closed. 
221743     INFO  main            d.u.i.k.p.i.AbstractProblemLoader Loading environment from /home/runner/work/key/key/key.core/../key.ui/examples/heap/SmansEtAl/Stack_size.key.proof 
221743     DEBUG main            d.u.i.k.p.i.AbstractProblemLoader Environment load took 115.8ns 
221744     INFO  main            d.u.i.k.p.i.AbstractProblemLoader Creating init config 
224886     DEBUG main            d.u.i.k.p.i.AbstractProblemLoader Init config took 3.14s 
224925     INFO  main            d.u.i.k.p.i.AbstractProblemLoader Replaying proof Stack[Stack::size()].JML accessible clause.0 
224982     DEBUG main            d.u.i.k.p.i.IntermediateProofReplayer Proof replay took 54.62ms 
224984     DEBUG main            d.u.i.k.p.r.p.TestFile    ... success: reloaded. 
224985     INFO  main            d.u.i.k.p.r.p.TestFile    Now processing file /home/runner/work/key/key/key.core/../key.ui/examples/heap/SmansEtAl/Stack_Stack.key 
224985     INFO  main            d.u.i.k.p.i.AbstractProblemLoader Loading environment from /home/runner/work/key/key/key.core/../key.ui/examples/heap/SmansEtAl/Stack_Stack.key 
224986     DEBUG main            d.u.i.k.p.i.AbstractProblemLoader Environment load took 264.4ns 
224987     INFO  main            d.u.i.k.p.i.AbstractProblemLoader Creating init config 
228190     DEBUG main            d.u.i.k.p.i.AbstractProblemLoader Init config took 3.2s 
228232     INFO  main            d.u.i.k.p.i.AbstractProblemLoader Replaying proof Stack[Stack::Stack()].JML normal_behavior operation contract.0 
228233     DEBUG main            d.u.i.k.p.i.IntermediateProofReplayer Proof replay took 7.1ns 
229570     INFO  main            d.u.i.k.p.r.p.TestFile    ... finished proof: closed. 
229960     INFO  main            d.u.i.k.p.i.AbstractProblemLoader Loading environment from /home/runner/work/key/key/key.core/../key.ui/examples/heap/SmansEtAl/Stack_Stack.key.proof 
229961     DEBUG main            d.u.i.k.p.i.AbstractProblemLoader Environment load took 473.3ns 
229962     INFO  main            d.u.i.k.p.i.AbstractProblemLoader Creating init config 
233101     DEBUG main            d.u.i.k.p.i.AbstractProblemLoader Init config took 3.14s 
233141     INFO  main            d.u.i.k.p.i.AbstractProblemLoader Replaying proof Stack[Stack::Stack()].JML normal_behavior operation contract.0 
233380     DEBUG main            d.u.i.k.p.i.IntermediateProofReplayer Proof replay took 229.02ms 
233382     DEBUG main            d.u.i.k.p.r.p.TestFile    ... success: reloaded. 
233383     INFO  main            d.u.i.k.p.r.p.TestFile    Now processing file /home/runner/work/key/key/key.core/../key.ui/examples/heap/SmansEtAl/Stack_switchContents.key 
233383     INFO  main            d.u.i.k.p.i.AbstractProblemLoader Loading environment from /home/runner/work/key/key/key.core/../key.ui/examples/heap/SmansEtAl/Stack_switchContents.key 
233384     DEBUG main            d.u.i.k.p.i.AbstractProblemLoader Environment load took 222.5ns 
233385     INFO  main            d.u.i.k.p.i.AbstractProblemLoader Creating init config 
236680     DEBUG main            d.u.i.k.p.i.AbstractProblemLoader Init config took 3.3s 
236722     INFO  main            d.u.i.k.p.i.AbstractProblemLoader Replaying proof Stack[Stack::switchContents(Stack)].JML normal_behavior operation contract.0 
236723     DEBUG main            d.u.i.k.p.i.IntermediateProofReplayer Proof replay took 8.1ns 
242688     INFO  main            d.u.i.k.p.r.p.TestFile    ... finished proof: closed. 
243131     INFO  main            d.u.i.k.p.i.AbstractProblemLoader Loading environment from /home/runner/work/key/key/key.core/../key.ui/examples/heap/SmansEtAl/Stack_switchContents.key.proof 
243131     DEBUG main            d.u.i.k.p.i.AbstractProblemLoader Environment load took 222ns 
243134     INFO  main            d.u.i.k.p.i.AbstractProblemLoader Creating init config 
246556     DEBUG main            d.u.i.k.p.i.AbstractProblemLoader Init config took 3.42s 
246600     INFO  main            d.u.i.k.p.i.AbstractProblemLoader Replaying proof Stack[Stack::switchContents(Stack)].JML normal_behavior operation contract.0 
247305     DEBUG main            d.u.i.k.p.i.IntermediateProofReplayer Proof replay took 683.35ms 
247308     DEBUG main            d.u.i.k.p.r.p.TestFile    ... success: reloaded. 
2680744    INFO  Test worker     d.u.i.k.p.r.RunAllProofsTestUnit Returning from test SmansEtAl 
2680745    INFO  Test worker     d.u.i.k.p.r.RunAllProofsTestUnit Running test VACID0 
452        INFO  Timeout watchdog d.u.i.k.p.r.p.ForkedTestFileRunner Timeout watcher launched (2000 secs.) 
463        WARN  main            d.u.i.k.s.ProofSettings   The settings in /home/runner/.key/proof-settings.props are *not* read. 
540        INFO  main            d.u.i.k.p.r.p.TestFile    Now processing file /home/runner/work/key/key/key.core/../key.ui/examples/heap/vacid0_01_SparseArray/Harness_sparseArrayTestHarness1.key 
703        INFO  main            d.u.i.k.p.i.AbstractProblemLoader Loading environment from /home/runner/work/key/key/key.core/../key.ui/examples/heap/vacid0_01_SparseArray/Harness_sparseArrayTestHarness1.key 
723        DEBUG main            d.u.i.k.p.i.AbstractProblemLoader Environment load took 2.66ms 
1015       INFO  main            d.u.i.k.p.i.AbstractProblemLoader Creating init config 
2137       DEBUG main            d.u.i.k.j.TypeConverter   No LDT found for Meta 
2137       DEBUG main            d.u.i.k.j.TypeConverter   No LDT found for Meta 
2139       DEBUG main            d.u.i.k.j.TypeConverter   No LDT found for Meta 
2140       DEBUG main            d.u.i.k.j.TypeConverter   No LDT found for Meta 
3706       DEBUG main            d.u.i.k.j.TypeConverter   No LDT found for JavaBigintExpression 
9859       DEBUG main            d.u.i.k.p.i.AbstractProblemLoader Init config took 8.84s 
10029      INFO  main            d.u.i.k.p.i.AbstractProblemLoader Replaying proof Harness[Harness::sparseArrayTestHarness1()].JML normal_behavior operation contract.0 
10074      DEBUG main            d.u.i.k.p.i.IntermediateProofReplayer Proof replay took 34.3ns 
12125      INFO  main            d.u.i.k.p.r.p.TestFile    ... finished proof: closed. 
12299      INFO  main            d.u.i.k.p.i.AbstractProblemLoader Loading environment from /home/runner/work/key/key/key.core/../key.ui/examples/heap/vacid0_01_SparseArray/Harness_sparseArrayTestHarness1.key.proof 
12306      DEBUG main            d.u.i.k.p.i.AbstractProblemLoader Environment load took 6.87ms 
12309      INFO  main            d.u.i.k.p.i.AbstractProblemLoader Creating init config 
15986      DEBUG main            d.u.i.k.p.i.AbstractProblemLoader Init config took 3.68s 
16073      INFO  main            d.u.i.k.p.i.AbstractProblemLoader Replaying proof Harness[Harness::sparseArrayTestHarness1()].JML normal_behavior operation contract.0 
16398      DEBUG main            d.u.i.k.p.i.IntermediateProofReplayer Proof replay took 311.95ms 
16409      DEBUG main            d.u.i.k.p.r.p.TestFile    ... success: reloaded. 
16412      INFO  main            d.u.i.k.p.r.p.TestFile    Now processing file /home/runner/work/key/key/key.core/../key.ui/examples/heap/vacid0_01_SparseArray/Harness_sparseArrayTestHarness2.key 
16412      INFO  main            d.u.i.k.p.i.AbstractProblemLoader Loading environment from /home/runner/work/key/key/key.core/../key.ui/examples/heap/vacid0_01_SparseArray/Harness_sparseArrayTestHarness2.key 
16414      DEBUG main            d.u.i.k.p.i.AbstractProblemLoader Environment load took 1.58ms 
16418      INFO  main            d.u.i.k.p.i.AbstractProblemLoader Creating init config 
20233      DEBUG main            d.u.i.k.p.i.AbstractProblemLoader Init config took 3.81s 
20331      INFO  main            d.u.i.k.p.i.AbstractProblemLoader Replaying proof Harness[Harness::sparseArrayTestHarness2()].JML normal_behavior operation contract.0 
20337      DEBUG main            d.u.i.k.p.i.IntermediateProofReplayer Proof replay took 16.4ns 
33786      INFO  main            d.u.i.k.p.r.p.TestFile    ... finished proof: closed. 
34068      INFO  main            d.u.i.k.p.i.AbstractProblemLoader Loading environment from /home/runner/work/key/key/key.core/../key.ui/examples/heap/vacid0_01_SparseArray/Harness_sparseArrayTestHarness2.key.proof 
34069      DEBUG main            d.u.i.k.p.i.AbstractProblemLoader Environment load took 651.6ns 
34079      INFO  main            d.u.i.k.p.i.AbstractProblemLoader Creating init config 
37497      DEBUG main            d.u.i.k.p.i.AbstractProblemLoader Init config took 3.42s 
37558      INFO  main            d.u.i.k.p.i.AbstractProblemLoader Replaying proof Harness[Harness::sparseArrayTestHarness2()].JML normal_behavior operation contract.0 
39000      DEBUG main            d.u.i.k.p.i.IntermediateProofReplayer Proof replay took 1.38s 
39004      DEBUG main            d.u.i.k.p.r.p.TestFile    ... success: reloaded. 
39006      INFO  main            d.u.i.k.p.r.p.TestFile    Now processing file /home/runner/work/key/key/key.core/../key.ui/examples/heap/vacid0_01_SparseArray/MemoryAllocator_alloc_unsigned.key 
39006      INFO  main            d.u.i.k.p.i.AbstractProblemLoader Loading environment from /home/runner/work/key/key/key.core/../key.ui/examples/heap/vacid0_01_SparseArray/MemoryAllocator_alloc_unsigned.key 
39007      DEBUG main            d.u.i.k.p.i.AbstractProblemLoader Environment load took 349.2ns 
39008      INFO  main            d.u.i.k.p.i.AbstractProblemLoader Creating init config 
42327      DEBUG main            d.u.i.k.p.i.AbstractProblemLoader Init config took 3.32s 
42380      INFO  main            d.u.i.k.p.i.AbstractProblemLoader Replaying proof MemoryAllocator[MemoryAllocator::alloc_unsigned(int)].JML normal_behavior operation contract.0 
42383      DEBUG main            d.u.i.k.p.i.IntermediateProofReplayer Proof replay took 6.4ns 
43592      INFO  main            d.u.i.k.p.r.p.TestFile    ... finished proof: closed. 
43805      INFO  main            d.u.i.k.p.i.AbstractProblemLoader Loading environment from /home/runner/work/key/key/key.core/../key.ui/examples/heap/vacid0_01_SparseArray/MemoryAllocator_alloc_unsigned.key.proof 
43805      DEBUG main            d.u.i.k.p.i.AbstractProblemLoader Environment load took 577.1ns 
43807      INFO  main            d.u.i.k.p.i.AbstractProblemLoader Creating init config 
47093      DEBUG main            d.u.i.k.p.i.AbstractProblemLoader Init config took 3.29s 
47142      INFO  main            d.u.i.k.p.i.AbstractProblemLoader Replaying proof MemoryAllocator[MemoryAllocator::alloc_unsigned(int)].JML normal_behavior operation contract.0 
47443      DEBUG main            d.u.i.k.p.i.IntermediateProofReplayer Proof replay took 294.09ms 
47444      DEBUG main            d.u.i.k.p.r.p.TestFile    ... success: reloaded. 
47446      INFO  main            d.u.i.k.p.r.p.TestFile    Now processing file /home/runner/work/key/key/key.core/../key.ui/examples/heap/vacid0_01_SparseArray/MemoryAllocator_alloc.key 
47447      INFO  main            d.u.i.k.p.i.AbstractProblemLoader Loading environment from /home/runner/work/key/key/key.core/../key.ui/examples/heap/vacid0_01_SparseArray/MemoryAllocator_alloc.key 
47447      DEBUG main            d.u.i.k.p.i.AbstractProblemLoader Environment load took 301.2ns 
47448      INFO  main            d.u.i.k.p.i.AbstractProblemLoader Creating init config 
50784      DEBUG main            d.u.i.k.p.i.AbstractProblemLoader Init config took 3.34s 
50834      INFO  main            d.u.i.k.p.i.AbstractProblemLoader Replaying proof MemoryAllocator[MemoryAllocator::alloc(int)].JML normal_behavior operation contract.0 
50836      DEBUG main            d.u.i.k.p.i.IntermediateProofReplayer Proof replay took 7.4ns 
51544      INFO  main            d.u.i.k.p.r.p.TestFile    ... finished proof: closed. 
51777      INFO  main            d.u.i.k.p.i.AbstractProblemLoader Loading environment from /home/runner/work/key/key/key.core/../key.ui/examples/heap/vacid0_01_SparseArray/MemoryAllocator_alloc.key.proof 
51777      DEBUG main            d.u.i.k.p.i.AbstractProblemLoader Environment load took 523.9ns 
51779      INFO  main            d.u.i.k.p.i.AbstractProblemLoader Creating init config 
55105      DEBUG main            d.u.i.k.p.i.AbstractProblemLoader Init config took 3.33s 
55154      INFO  main            d.u.i.k.p.i.AbstractProblemLoader Replaying proof MemoryAllocator[MemoryAllocator::alloc(int)].JML normal_behavior operation contract.0 
55348      DEBUG main            d.u.i.k.p.i.IntermediateProofReplayer Proof replay took 188.67ms 
55350      DEBUG main            d.u.i.k.p.r.p.TestFile    ... success: reloaded. 
55352      INFO  main            d.u.i.k.p.r.p.TestFile    Now processing file /home/runner/work/key/key/key.core/../key.ui/examples/heap/vacid0_01_SparseArray/SparseArray_get_dep.key 
55352      INFO  main            d.u.i.k.p.i.AbstractProblemLoader Loading environment from /home/runner/work/key/key/key.core/../key.ui/examples/heap/vacid0_01_SparseArray/SparseArray_get_dep.key 
55353      DEBUG main            d.u.i.k.p.i.AbstractProblemLoader Environment load took 292.9ns 
55354      INFO  main            d.u.i.k.p.i.AbstractProblemLoader Creating init config 
58745      DEBUG main            d.u.i.k.p.i.AbstractProblemLoader Init config took 3.39s 
58832      INFO  main            d.u.i.k.p.i.AbstractProblemLoader Replaying proof SparseArray[SparseArray::get(int)].JML accessible clause.0 
58835      DEBUG main            d.u.i.k.p.i.IntermediateProofReplayer Proof replay took 5.9ns 
63046      INFO  main            d.u.i.k.p.r.p.TestFile    ... finished proof: closed. 
63307      INFO  main            d.u.i.k.p.i.AbstractProblemLoader Loading environment from /home/runner/work/key/key/key.core/../key.ui/examples/heap/vacid0_01_SparseArray/SparseArray_get_dep.key.proof 
63307      DEBUG main            d.u.i.k.p.i.AbstractProblemLoader Environment load took 590.4ns 
63309      INFO  main            d.u.i.k.p.i.AbstractProblemLoader Creating init config 
66691      DEBUG main            d.u.i.k.p.i.AbstractProblemLoader Init config took 3.38s 
66764      INFO  main            d.u.i.k.p.i.AbstractProblemLoader Replaying proof SparseArray[SparseArray::get(int)].JML accessible clause.0 
67298      DEBUG main            d.u.i.k.p.i.IntermediateProofReplayer Proof replay took 518.39ms 
67307      DEBUG main            d.u.i.k.p.r.p.TestFile    ... success: reloaded. 
67309      INFO  main            d.u.i.k.p.r.p.TestFile    Now processing file /home/runner/work/key/key/key.core/../key.ui/examples/heap/vacid0_01_SparseArray/SparseArray_get.key 
67310      INFO  main            d.u.i.k.p.i.AbstractProblemLoader Loading environment from /home/runner/work/key/key/key.core/../key.ui/examples/heap/vacid0_01_SparseArray/SparseArray_get.key 
67310      DEBUG main            d.u.i.k.p.i.AbstractProblemLoader Environment load took 389.3ns 
67311      INFO  main            d.u.i.k.p.i.AbstractProblemLoader Creating init config 
70602      DEBUG main            d.u.i.k.p.i.AbstractProblemLoader Init config took 3.29s 
70670      INFO  main            d.u.i.k.p.i.AbstractProblemLoader Replaying proof SparseArray[SparseArray::get(int)].JML normal_behavior operation contract.0 
70673      DEBUG main            d.u.i.k.p.i.IntermediateProofReplayer Proof replay took 7ns 
73389      INFO  main            d.u.i.k.p.r.p.TestFile    ... finished proof: closed. 
73630      INFO  main            d.u.i.k.p.i.AbstractProblemLoader Loading environment from /home/runner/work/key/key/key.core/../key.ui/examples/heap/vacid0_01_SparseArray/SparseArray_get.key.proof 
73631      DEBUG main            d.u.i.k.p.i.AbstractProblemLoader Environment load took 473.2ns 
73632      INFO  main            d.u.i.k.p.i.AbstractProblemLoader Creating init config 
76862      DEBUG main            d.u.i.k.p.i.AbstractProblemLoader Init config took 3.23s 
76947      INFO  main            d.u.i.k.p.i.AbstractProblemLoader Replaying proof SparseArray[SparseArray::get(int)].JML normal_behavior operation contract.0 
77315      DEBUG main            d.u.i.k.p.i.IntermediateProofReplayer Proof replay took 355.86ms 
77317      DEBUG main            d.u.i.k.p.r.p.TestFile    ... success: reloaded. 
77319      INFO  main            d.u.i.k.p.r.p.TestFile    Now processing file /home/runner/work/key/key/key.core/../key.ui/examples/heap/vacid0_01_SparseArray/SparseArray_inv.key 
77319      INFO  main            d.u.i.k.p.i.AbstractProblemLoader Loading environment from /home/runner/work/key/key/key.core/../key.ui/examples/heap/vacid0_01_SparseArray/SparseArray_inv.key 
77319      DEBUG main            d.u.i.k.p.i.AbstractProblemLoader Environment load took 257.7ns 
77321      INFO  main            d.u.i.k.p.i.AbstractProblemLoader Creating init config 
80533      DEBUG main            d.u.i.k.p.i.AbstractProblemLoader Init config took 3.21s 
80608      INFO  main            d.u.i.k.p.i.AbstractProblemLoader Replaying proof SparseArray[java.lang.Object::<inv>()].JML accessible clause.0 
80615      DEBUG main            d.u.i.k.p.i.IntermediateProofReplayer Proof replay took 6.9ns 
82949      INFO  main            d.u.i.k.p.r.p.TestFile    ... finished proof: closed. 
83176      INFO  main            d.u.i.k.p.i.AbstractProblemLoader Loading environment from /home/runner/work/key/key/key.core/../key.ui/examples/heap/vacid0_01_SparseArray/SparseArray_inv.key.proof 
83177      DEBUG main            d.u.i.k.p.i.AbstractProblemLoader Environment load took 698.3ns 
83178      INFO  main            d.u.i.k.p.i.AbstractProblemLoader Creating init config 
86321      DEBUG main            d.u.i.k.p.i.AbstractProblemLoader Init config took 3.14s 
86399      INFO  main            d.u.i.k.p.i.AbstractProblemLoader Replaying proof SparseArray[java.lang.Object::<inv>()].JML accessible clause.0 
86568      DEBUG main            d.u.i.k.p.i.IntermediateProofReplayer Proof replay took 162.04ms 
86569      DEBUG main            d.u.i.k.p.r.p.TestFile    ... success: reloaded. 
86570      INFO  main            d.u.i.k.p.r.p.TestFile    Now processing file /home/runner/work/key/key/key.core/../key.ui/examples/heap/vacid0_01_SparseArray/SparseArray_SparseArray.key 
86570      INFO  main            d.u.i.k.p.i.AbstractProblemLoader Loading environment from /home/runner/work/key/key/key.core/../key.ui/examples/heap/vacid0_01_SparseArray/SparseArray_SparseArray.key 
86571      DEBUG main            d.u.i.k.p.i.AbstractProblemLoader Environment load took 74.2ns 
86571      INFO  main            d.u.i.k.p.i.AbstractProblemLoader Creating init config 
89702      DEBUG main            d.u.i.k.p.i.AbstractProblemLoader Init config took 3.13s 
89766      INFO  main            d.u.i.k.p.i.AbstractProblemLoader Replaying proof SparseArray[SparseArray::SparseArray(int)].JML normal_behavior operation contract.0 
89769      DEBUG main            d.u.i.k.p.i.IntermediateProofReplayer Proof replay took 6.5ns 
94008      INFO  main            d.u.i.k.p.r.p.TestFile    ... finished proof: closed. 
94282      INFO  main            d.u.i.k.p.i.AbstractProblemLoader Loading environment from /home/runner/work/key/key/key.core/../key.ui/examples/heap/vacid0_01_SparseArray/SparseArray_SparseArray.key.proof 
94283      DEBUG main            d.u.i.k.p.i.AbstractProblemLoader Environment load took 482.9ns 
94285      INFO  main            d.u.i.k.p.i.AbstractProblemLoader Creating init config 
97474      DEBUG main            d.u.i.k.p.i.AbstractProblemLoader Init config took 3.19s 
97540      INFO  main            d.u.i.k.p.i.AbstractProblemLoader Replaying proof SparseArray[SparseArray::SparseArray(int)].JML normal_behavior operation contract.0 
98199      DEBUG main            d.u.i.k.p.i.IntermediateProofReplayer Proof replay took 645.68ms 
98201      DEBUG main            d.u.i.k.p.r.p.TestFile    ... success: reloaded. 
2779163    INFO  Test worker     d.u.i.k.p.r.RunAllProofsTestUnit Returning from test VACID0 
2779164    INFO  Test worker     d.u.i.k.p.r.RunAllProofsTestUnit Running test VSTTE10 
416        INFO  Timeout watchdog d.u.i.k.p.r.p.ForkedTestFileRunner Timeout watcher launched (2000 secs.) 
433        WARN  main            d.u.i.k.s.ProofSettings   The settings in /home/runner/.key/proof-settings.props are *not* read. 
468        INFO  main            d.u.i.k.p.r.p.TestFile    Now processing file /home/runner/work/key/key/key.core/../key.ui/examples/heap/vstte10_01_SumAndMax/SumAndMax_sumAndMax.key 
604        INFO  main            d.u.i.k.p.i.AbstractProblemLoader Loading environment from /home/runner/work/key/key/key.core/../key.ui/examples/heap/vstte10_01_SumAndMax/SumAndMax_sumAndMax.key 
623        DEBUG main            d.u.i.k.p.i.AbstractProblemLoader Environment load took 2.48ms 
906        INFO  main            d.u.i.k.p.i.AbstractProblemLoader Creating init config 
2071       DEBUG main            d.u.i.k.j.TypeConverter   No LDT found for Meta 
2072       DEBUG main            d.u.i.k.j.TypeConverter   No LDT found for Meta 
2074       DEBUG main            d.u.i.k.j.TypeConverter   No LDT found for Meta 
2075       DEBUG main            d.u.i.k.j.TypeConverter   No LDT found for Meta 
3909       DEBUG main            d.u.i.k.j.TypeConverter   No LDT found for JavaBigintExpression 
10551      DEBUG main            d.u.i.k.p.i.AbstractProblemLoader Init config took 9.64s 
10709      INFO  main            d.u.i.k.p.i.AbstractProblemLoader Replaying proof SumAndMax[SumAndMax::sumAndMax([I)].JML normal_behavior operation contract.0 
10754      DEBUG main            d.u.i.k.p.i.IntermediateProofReplayer Proof replay took 37.7ns 
17267      INFO  main            d.u.i.k.p.r.p.TestFile    ... finished proof: closed. 
17500      INFO  main            d.u.i.k.p.i.AbstractProblemLoader Loading environment from /home/runner/work/key/key/key.core/../key.ui/examples/heap/vstte10_01_SumAndMax/SumAndMax_sumAndMax.key.proof 
17500      DEBUG main            d.u.i.k.p.i.AbstractProblemLoader Environment load took 660.4ns 
17504      INFO  main            d.u.i.k.p.i.AbstractProblemLoader Creating init config 
21140      DEBUG main            d.u.i.k.p.i.AbstractProblemLoader Init config took 3.64s 
21230      INFO  main            d.u.i.k.p.i.AbstractProblemLoader Replaying proof SumAndMax[SumAndMax::sumAndMax([I)].JML normal_behavior operation contract.0 
22167      DEBUG main            d.u.i.k.p.i.IntermediateProofReplayer Proof replay took 909.42ms 
22178      DEBUG main            d.u.i.k.p.r.p.TestFile    ... success: reloaded. 
22180      INFO  main            d.u.i.k.p.r.p.TestFile    Now processing file /home/runner/work/key/key/key.core/../key.ui/examples/heap/vstte10_03_LinkedList/Node_cons.key 
22181      INFO  main            d.u.i.k.p.i.AbstractProblemLoader Loading environment from /home/runner/work/key/key/key.core/../key.ui/examples/heap/vstte10_03_LinkedList/Node_cons.key 
22182      DEBUG main            d.u.i.k.p.i.AbstractProblemLoader Environment load took 313.6ns 
22185      INFO  main            d.u.i.k.p.i.AbstractProblemLoader Creating init config 
25844      DEBUG main            d.u.i.k.p.i.AbstractProblemLoader Init config took 3.66s 
25935      INFO  main            d.u.i.k.p.i.AbstractProblemLoader Replaying proof Node[Node::cons(int,Node)].JML normal_behavior operation contract.0 
25938      DEBUG main            d.u.i.k.p.i.IntermediateProofReplayer Proof replay took 6.6ns 
27950      INFO  main            d.u.i.k.p.r.p.TestFile    ... finished proof: closed. 
28167      INFO  main            d.u.i.k.p.i.AbstractProblemLoader Loading environment from /home/runner/work/key/key/key.core/../key.ui/examples/heap/vstte10_03_LinkedList/Node_cons.key.proof 
28169      DEBUG main            d.u.i.k.p.i.AbstractProblemLoader Environment load took 1.49ms 
28175      INFO  main            d.u.i.k.p.i.AbstractProblemLoader Creating init config 
31743      DEBUG main            d.u.i.k.p.i.AbstractProblemLoader Init config took 3.57s 
31836      INFO  main            d.u.i.k.p.i.AbstractProblemLoader Replaying proof Node[Node::cons(int,Node)].JML normal_behavior operation contract.0 
32234      DEBUG main            d.u.i.k.p.i.IntermediateProofReplayer Proof replay took 383.29ms 
32236      DEBUG main            d.u.i.k.p.r.p.TestFile    ... success: reloaded. 
32238      INFO  main            d.u.i.k.p.r.p.TestFile    Now processing file /home/runner/work/key/key/key.core/../key.ui/examples/heap/vstte10_03_LinkedList/Node_inv.key 
32239      INFO  main            d.u.i.k.p.i.AbstractProblemLoader Loading environment from /home/runner/work/key/key/key.core/../key.ui/examples/heap/vstte10_03_LinkedList/Node_inv.key 
32239      DEBUG main            d.u.i.k.p.i.AbstractProblemLoader Environment load took 245.5ns 
32241      INFO  main            d.u.i.k.p.i.AbstractProblemLoader Creating init config 
35685      DEBUG main            d.u.i.k.p.i.AbstractProblemLoader Init config took 3.44s 
35754      INFO  main            d.u.i.k.p.i.AbstractProblemLoader Replaying proof Node[java.lang.Object::<inv>()].JML accessible clause.0 
35757      DEBUG main            d.u.i.k.p.i.IntermediateProofReplayer Proof replay took 5.6ns 
36161      INFO  main            d.u.i.k.p.r.p.TestFile    ... finished proof: closed. 
36331      INFO  main            d.u.i.k.p.i.AbstractProblemLoader Loading environment from /home/runner/work/key/key/key.core/../key.ui/examples/heap/vstte10_03_LinkedList/Node_inv.key.proof 
36331      DEBUG main            d.u.i.k.p.i.AbstractProblemLoader Environment load took 558.4ns 
36333      INFO  main            d.u.i.k.p.i.AbstractProblemLoader Creating init config 
39567      DEBUG main            d.u.i.k.p.i.AbstractProblemLoader Init config took 3.23s 
39641      INFO  main            d.u.i.k.p.i.AbstractProblemLoader Replaying proof Node[java.lang.Object::<inv>()].JML accessible clause.0 
39694      DEBUG main            d.u.i.k.p.i.IntermediateProofReplayer Proof replay took 48.69ms 
39696      DEBUG main            d.u.i.k.p.r.p.TestFile    ... success: reloaded. 
39697      INFO  main            d.u.i.k.p.r.p.TestFile    Now processing file /home/runner/work/key/key/key.core/../key.ui/examples/heap/vstte10_03_LinkedList/Node_search.key 
39698      INFO  main            d.u.i.k.p.i.AbstractProblemLoader Loading environment from /home/runner/work/key/key/key.core/../key.ui/examples/heap/vstte10_03_LinkedList/Node_search.key 
39698      DEBUG main            d.u.i.k.p.i.AbstractProblemLoader Environment load took 299.5ns 
39699      INFO  main            d.u.i.k.p.i.AbstractProblemLoader Creating init config 
43108      DEBUG main            d.u.i.k.p.i.AbstractProblemLoader Init config took 3.41s 
43178      INFO  main            d.u.i.k.p.i.AbstractProblemLoader Replaying proof Node[Node::search()].JML normal_behavior operation contract.0 
43181      DEBUG main            d.u.i.k.p.i.IntermediateProofReplayer Proof replay took 8ns 
51743      INFO  main            d.u.i.k.p.r.p.TestFile    ... finished proof: closed. 
52001      INFO  main            d.u.i.k.p.i.AbstractProblemLoader Loading environment from /home/runner/work/key/key/key.core/../key.ui/examples/heap/vstte10_03_LinkedList/Node_search.key.proof 
52001      DEBUG main            d.u.i.k.p.i.AbstractProblemLoader Environment load took 214.4ns 
52004      INFO  main            d.u.i.k.p.i.AbstractProblemLoader Creating init config 
55315      DEBUG main            d.u.i.k.p.i.AbstractProblemLoader Init config took 3.31s 
55379      INFO  main            d.u.i.k.p.i.AbstractProblemLoader Replaying proof Node[Node::search()].JML normal_behavior operation contract.0 
56430      DEBUG main            d.u.i.k.p.i.IntermediateProofReplayer Proof replay took 998.37ms 
56433      DEBUG main            d.u.i.k.p.r.p.TestFile    ... success: reloaded. 
56434      INFO  main            d.u.i.k.p.r.p.TestFile    Now processing file /home/runner/work/key/key/key.core/../key.ui/examples/heap/vstte10_04_Queens/Queens_isConsistent.key 
56435      INFO  main            d.u.i.k.p.i.AbstractProblemLoader Loading environment from /home/runner/work/key/key/key.core/../key.ui/examples/heap/vstte10_04_Queens/Queens_isConsistent.key 
56435      DEBUG main            d.u.i.k.p.i.AbstractProblemLoader Environment load took 240.9ns 
56436      INFO  main            d.u.i.k.p.i.AbstractProblemLoader Creating init config 
60271      DEBUG main            d.u.i.k.p.i.AbstractProblemLoader Init config took 3.83s 
60336      INFO  main            d.u.i.k.p.i.AbstractProblemLoader Replaying proof Queens[Queens::isConsistent([I,int)].JML normal_behavior operation contract.0 
60339      DEBUG main            d.u.i.k.p.i.IntermediateProofReplayer Proof replay took 7.5ns 
62763      INFO  main            d.u.i.k.p.r.p.TestFile    ... finished proof: closed. 
63062      INFO  main            d.u.i.k.p.i.AbstractProblemLoader Loading environment from /home/runner/work/key/key/key.core/../key.ui/examples/heap/vstte10_04_Queens/Queens_isConsistent.key.proof 
63062      DEBUG main            d.u.i.k.p.i.AbstractProblemLoader Environment load took 552.3ns 
63064      INFO  main            d.u.i.k.p.i.AbstractProblemLoader Creating init config 
66580      DEBUG main            d.u.i.k.p.i.AbstractProblemLoader Init config took 3.52s 
66640      INFO  main            d.u.i.k.p.i.AbstractProblemLoader Replaying proof Queens[Queens::isConsistent([I,int)].JML normal_behavior operation contract.0 
67211      DEBUG main            d.u.i.k.p.i.IntermediateProofReplayer Proof replay took 557.97ms 
67213      DEBUG main            d.u.i.k.p.r.p.TestFile    ... success: reloaded. 
67215      INFO  main            d.u.i.k.p.r.p.TestFile    Now processing file /home/runner/work/key/key/key.core/../key.ui/examples/heap/vstte10_04_Queens/Queens_nQueens.key 
67215      INFO  main            d.u.i.k.p.i.AbstractProblemLoader Loading environment from /home/runner/work/key/key/key.core/../key.ui/examples/heap/vstte10_04_Queens/Queens_nQueens.key 
67216      DEBUG main            d.u.i.k.p.i.AbstractProblemLoader Environment load took 675ns 
67219      INFO  main            d.u.i.k.p.i.AbstractProblemLoader Creating init config 
70585      DEBUG main            d.u.i.k.p.i.AbstractProblemLoader Init config took 3.37s 
70633      INFO  main            d.u.i.k.p.i.AbstractProblemLoader Replaying proof Queens[Queens::nQueens(int)].JML normal_behavior operation contract.0 
70635      DEBUG main            d.u.i.k.p.i.IntermediateProofReplayer Proof replay took 6.3ns 
86052      INFO  main            d.u.i.k.p.r.p.TestFile    ... finished proof: closed. 
86350      INFO  main            d.u.i.k.p.i.AbstractProblemLoader Loading environment from /home/runner/work/key/key/key.core/../key.ui/examples/heap/vstte10_04_Queens/Queens_nQueens.key.proof 
86350      DEBUG main            d.u.i.k.p.i.AbstractProblemLoader Environment load took 678ns 
86353      INFO  main            d.u.i.k.p.i.AbstractProblemLoader Creating init config 
89641      DEBUG main            d.u.i.k.p.i.AbstractProblemLoader Init config took 3.29s 
89689      INFO  main            d.u.i.k.p.i.AbstractProblemLoader Replaying proof Queens[Queens::nQueens(int)].JML normal_behavior operation contract.0 
90953      DEBUG main            d.u.i.k.p.i.IntermediateProofReplayer Proof replay took 1.25s 
90955      DEBUG main            d.u.i.k.p.r.p.TestFile    ... success: reloaded. 
90957      INFO  main            d.u.i.k.p.r.p.TestFile    Now processing file /home/runner/work/key/key/key.core/../key.ui/examples/heap/vstte10_05_Queue/AmortizedQueue_AmortizedQueue.key 
90957      INFO  main            d.u.i.k.p.i.AbstractProblemLoader Loading environment from /home/runner/work/key/key/key.core/../key.ui/examples/heap/vstte10_05_Queue/AmortizedQueue_AmortizedQueue.key 
90957      DEBUG main            d.u.i.k.p.i.AbstractProblemLoader Environment load took 134.3ns 
90958      INFO  main            d.u.i.k.p.i.AbstractProblemLoader Creating init config 
94366      DEBUG main            d.u.i.k.p.i.AbstractProblemLoader Init config took 3.41s 
94419      INFO  main            d.u.i.k.p.i.AbstractProblemLoader Replaying proof AmortizedQueue[AmortizedQueue::AmortizedQueue()].JML normal_behavior operation contract.0 
94421      DEBUG main            d.u.i.k.p.i.IntermediateProofReplayer Proof replay took 6.4ns 
96156      INFO  main            d.u.i.k.p.r.p.TestFile    ... finished proof: closed. 
96456      INFO  main            d.u.i.k.p.i.AbstractProblemLoader Loading environment from /home/runner/work/key/key/key.core/../key.ui/examples/heap/vstte10_05_Queue/AmortizedQueue_AmortizedQueue.key.proof 
96456      DEBUG main            d.u.i.k.p.i.AbstractProblemLoader Environment load took 497.6ns 
96458      INFO  main            d.u.i.k.p.i.AbstractProblemLoader Creating init config 
99711      DEBUG main            d.u.i.k.p.i.AbstractProblemLoader Init config took 3.25s 
99764      INFO  main            d.u.i.k.p.i.AbstractProblemLoader Replaying proof AmortizedQueue[AmortizedQueue::AmortizedQueue()].JML normal_behavior operation contract.0 
100047     DEBUG main            d.u.i.k.p.i.IntermediateProofReplayer Proof replay took 276.12ms 
100049     DEBUG main            d.u.i.k.p.r.p.TestFile    ... success: reloaded. 
100050     INFO  main            d.u.i.k.p.r.p.TestFile    Now processing file /home/runner/work/key/key/key.core/../key.ui/examples/heap/vstte10_05_Queue/AmortizedQueue_front.key 
100050     INFO  main            d.u.i.k.p.i.AbstractProblemLoader Loading environment from /home/runner/work/key/key/key.core/../key.ui/examples/heap/vstte10_05_Queue/AmortizedQueue_front.key 
100050     DEBUG main            d.u.i.k.p.i.AbstractProblemLoader Environment load took 110ns 
100051     INFO  main            d.u.i.k.p.i.AbstractProblemLoader Creating init config 
103425     DEBUG main            d.u.i.k.p.i.AbstractProblemLoader Init config took 3.37s 
103479     INFO  main            d.u.i.k.p.i.AbstractProblemLoader Replaying proof AmortizedQueue[AmortizedQueue::front()].JML normal_behavior operation contract.0 
103481     DEBUG main            d.u.i.k.p.i.IntermediateProofReplayer Proof replay took 6.8ns 
104085     INFO  main            d.u.i.k.p.r.p.TestFile    ... finished proof: closed. 
104329     INFO  main            d.u.i.k.p.i.AbstractProblemLoader Loading environment from /home/runner/work/key/key/key.core/../key.ui/examples/heap/vstte10_05_Queue/AmortizedQueue_front.key.proof 
104329     DEBUG main            d.u.i.k.p.i.AbstractProblemLoader Environment load took 549.7ns 
104331     INFO  main            d.u.i.k.p.i.AbstractProblemLoader Creating init config 
107585     DEBUG main            d.u.i.k.p.i.AbstractProblemLoader Init config took 3.25s 
107633     INFO  main            d.u.i.k.p.i.AbstractProblemLoader Replaying proof AmortizedQueue[AmortizedQueue::front()].JML normal_behavior operation contract.0 
107726     DEBUG main            d.u.i.k.p.i.IntermediateProofReplayer Proof replay took 89.34ms 
107727     DEBUG main            d.u.i.k.p.r.p.TestFile    ... success: reloaded. 
107729     INFO  main            d.u.i.k.p.r.p.TestFile    Now processing file /home/runner/work/key/key/key.core/../key.ui/examples/heap/vstte10_05_Queue/LinkedList_concat.key 
107729     INFO  main            d.u.i.k.p.i.AbstractProblemLoader Loading environment from /home/runner/work/key/key/key.core/../key.ui/examples/heap/vstte10_05_Queue/LinkedList_concat.key 
107730     DEBUG main            d.u.i.k.p.i.AbstractProblemLoader Environment load took 345.8ns 
107731     INFO  main            d.u.i.k.p.i.AbstractProblemLoader Creating init config 
111067     DEBUG main            d.u.i.k.p.i.AbstractProblemLoader Init config took 3.34s 
111121     INFO  main            d.u.i.k.p.i.AbstractProblemLoader Replaying proof LinkedList[LinkedList::concat(LinkedList)].JML normal_behavior operation contract.0 
111124     DEBUG main            d.u.i.k.p.i.IntermediateProofReplayer Proof replay took 22.9ns 
121912     INFO  main            d.u.i.k.p.r.p.TestFile    ... finished proof: closed. 
122251     INFO  main            d.u.i.k.p.i.AbstractProblemLoader Loading environment from /home/runner/work/key/key/key.core/../key.ui/examples/heap/vstte10_05_Queue/LinkedList_concat.key.proof 
122252     DEBUG main            d.u.i.k.p.i.AbstractProblemLoader Environment load took 516.8ns 
122255     INFO  main            d.u.i.k.p.i.AbstractProblemLoader Creating init config 
125447     DEBUG main            d.u.i.k.p.i.AbstractProblemLoader Init config took 3.19s 
125499     INFO  main            d.u.i.k.p.i.AbstractProblemLoader Replaying proof LinkedList[LinkedList::concat(LinkedList)].JML normal_behavior operation contract.0 
126556     DEBUG main            d.u.i.k.p.i.IntermediateProofReplayer Proof replay took 1.02s 
126559     DEBUG main            d.u.i.k.p.r.p.TestFile    ... success: reloaded. 
126560     INFO  main            d.u.i.k.p.r.p.TestFile    Now processing file /home/runner/work/key/key/key.core/../key.ui/examples/heap/vstte10_05_Queue/LinkedList_cons.key 
126560     INFO  main            d.u.i.k.p.i.AbstractProblemLoader Loading environment from /home/runner/work/key/key/key.core/../key.ui/examples/heap/vstte10_05_Queue/LinkedList_cons.key 
126560     DEBUG main            d.u.i.k.p.i.AbstractProblemLoader Environment load took 125.4ns 
126561     INFO  main            d.u.i.k.p.i.AbstractProblemLoader Creating init config 
129840     DEBUG main            d.u.i.k.p.i.AbstractProblemLoader Init config took 3.28s 
129893     INFO  main            d.u.i.k.p.i.AbstractProblemLoader Replaying proof LinkedList[LinkedList::cons(int)].JML normal_behavior operation contract.0 
129895     DEBUG main            d.u.i.k.p.i.IntermediateProofReplayer Proof replay took 7ns 
132814     INFO  main            d.u.i.k.p.r.p.TestFile    ... finished proof: closed. 
133093     INFO  main            d.u.i.k.p.i.AbstractProblemLoader Loading environment from /home/runner/work/key/key/key.core/../key.ui/examples/heap/vstte10_05_Queue/LinkedList_cons.key.proof 
133093     DEBUG main            d.u.i.k.p.i.AbstractProblemLoader Environment load took 495.1ns 
133097     INFO  main            d.u.i.k.p.i.AbstractProblemLoader Creating init config 
136381     DEBUG main            d.u.i.k.p.i.AbstractProblemLoader Init config took 3.28s 
136441     INFO  main            d.u.i.k.p.i.AbstractProblemLoader Replaying proof LinkedList[LinkedList::cons(int)].JML normal_behavior operation contract.0 
136819     DEBUG main            d.u.i.k.p.i.IntermediateProofReplayer Proof replay took 366.8ms 
136821     DEBUG main            d.u.i.k.p.r.p.TestFile    ... success: reloaded. 
136822     INFO  main            d.u.i.k.p.r.p.TestFile    Now processing file /home/runner/work/key/key/key.core/../key.ui/examples/heap/vstte10_05_Queue/LinkedList_head.key 
136822     INFO  main            d.u.i.k.p.i.AbstractProblemLoader Loading environment from /home/runner/work/key/key/key.core/../key.ui/examples/heap/vstte10_05_Queue/LinkedList_head.key 
136823     DEBUG main            d.u.i.k.p.i.AbstractProblemLoader Environment load took 169.2ns 
136824     INFO  main            d.u.i.k.p.i.AbstractProblemLoader Creating init config 
140103     DEBUG main            d.u.i.k.p.i.AbstractProblemLoader Init config took 3.28s 
140154     INFO  main            d.u.i.k.p.i.AbstractProblemLoader Replaying proof LinkedList[LinkedList::head()].JML normal_behavior operation contract.0 
140156     DEBUG main            d.u.i.k.p.i.IntermediateProofReplayer Proof replay took 6.8ns 
140358     INFO  main            d.u.i.k.p.r.p.TestFile    ... finished proof: closed. 
140597     INFO  main            d.u.i.k.p.i.AbstractProblemLoader Loading environment from /home/runner/work/key/key/key.core/../key.ui/examples/heap/vstte10_05_Queue/LinkedList_head.key.proof 
140597     DEBUG main            d.u.i.k.p.i.AbstractProblemLoader Environment load took 138.3ns 
140598     INFO  main            d.u.i.k.p.i.AbstractProblemLoader Creating init config 
143826     DEBUG main            d.u.i.k.p.i.AbstractProblemLoader Init config took 3.23s 
143900     INFO  main            d.u.i.k.p.i.AbstractProblemLoader Replaying proof LinkedList[LinkedList::head()].JML normal_behavior operation contract.0 
143919     DEBUG main            d.u.i.k.p.i.IntermediateProofReplayer Proof replay took 15.81ms 
143919     DEBUG main            d.u.i.k.p.r.p.TestFile    ... success: reloaded. 
143921     INFO  main            d.u.i.k.p.r.p.TestFile    Now processing file /home/runner/work/key/key/key.core/../key.ui/examples/heap/vstte10_05_Queue/LinkedList_inv.key 
143921     INFO  main            d.u.i.k.p.i.AbstractProblemLoader Loading environment from /home/runner/work/key/key/key.core/../key.ui/examples/heap/vstte10_05_Queue/LinkedList_inv.key 
143922     DEBUG main            d.u.i.k.p.i.AbstractProblemLoader Environment load took 217.9ns 
143923     INFO  main            d.u.i.k.p.i.AbstractProblemLoader Creating init config 
147149     DEBUG main            d.u.i.k.p.i.AbstractProblemLoader Init config took 3.23s 
147203     INFO  main            d.u.i.k.p.i.AbstractProblemLoader Replaying proof LinkedList[java.lang.Object::<inv>()].JML accessible clause.0 
147205     DEBUG main            d.u.i.k.p.i.IntermediateProofReplayer Proof replay took 7.4ns 
147608     INFO  main            d.u.i.k.p.r.p.TestFile    ... finished proof: closed. 
147868     INFO  main            d.u.i.k.p.i.AbstractProblemLoader Loading environment from /home/runner/work/key/key/key.core/../key.ui/examples/heap/vstte10_05_Queue/LinkedList_inv.key.proof 
147868     DEBUG main            d.u.i.k.p.i.AbstractProblemLoader Environment load took 474.5ns 
147869     INFO  main            d.u.i.k.p.i.AbstractProblemLoader Creating init config 
150970     DEBUG main            d.u.i.k.p.i.AbstractProblemLoader Init config took 3.1s 
151020     INFO  main            d.u.i.k.p.i.AbstractProblemLoader Replaying proof LinkedList[java.lang.Object::<inv>()].JML accessible clause.0 
151058     DEBUG main            d.u.i.k.p.i.IntermediateProofReplayer Proof replay took 35.26ms 
151060     DEBUG main            d.u.i.k.p.r.p.TestFile    ... success: reloaded. 
151061     INFO  main            d.u.i.k.p.r.p.TestFile    Now processing file /home/runner/work/key/key/key.core/../key.ui/examples/heap/vstte10_05_Queue/LinkedList_length.key 
151061     INFO  main            d.u.i.k.p.i.AbstractProblemLoader Loading environment from /home/runner/work/key/key/key.core/../key.ui/examples/heap/vstte10_05_Queue/LinkedList_length.key 
151061     DEBUG main            d.u.i.k.p.i.AbstractProblemLoader Environment load took 192.7ns 
151062     INFO  main            d.u.i.k.p.i.AbstractProblemLoader Creating init config 
154404     DEBUG main            d.u.i.k.p.i.AbstractProblemLoader Init config took 3.34s 
154453     INFO  main            d.u.i.k.p.i.AbstractProblemLoader Replaying proof LinkedList[LinkedList::length()].JML normal_behavior operation contract.0 
154455     DEBUG main            d.u.i.k.p.i.IntermediateProofReplayer Proof replay took 6.8ns 
154557     INFO  main            d.u.i.k.p.r.p.TestFile    ... finished proof: closed. 
154823     INFO  main            d.u.i.k.p.i.AbstractProblemLoader Loading environment from /home/runner/work/key/key/key.core/../key.ui/examples/heap/vstte10_05_Queue/LinkedList_length.key.proof 
154823     DEBUG main            d.u.i.k.p.i.AbstractProblemLoader Environment load took 176.8ns 
154824     INFO  main            d.u.i.k.p.i.AbstractProblemLoader Creating init config 
158005     DEBUG main            d.u.i.k.p.i.AbstractProblemLoader Init config took 3.18s 
158055     INFO  main            d.u.i.k.p.i.AbstractProblemLoader Replaying proof LinkedList[LinkedList::length()].JML normal_behavior operation contract.0 
158071     DEBUG main            d.u.i.k.p.i.IntermediateProofReplayer Proof replay took 14.42ms 
158072     DEBUG main            d.u.i.k.p.r.p.TestFile    ... success: reloaded. 
158073     INFO  main            d.u.i.k.p.r.p.TestFile    Now processing file /home/runner/work/key/key/key.core/../key.ui/examples/heap/vstte10_05_Queue/LinkedList_LinkedList1.key 
158074     INFO  main            d.u.i.k.p.i.AbstractProblemLoader Loading environment from /home/runner/work/key/key/key.core/../key.ui/examples/heap/vstte10_05_Queue/LinkedList_LinkedList1.key 
158074     DEBUG main            d.u.i.k.p.i.AbstractProblemLoader Environment load took 133.9ns 
158075     INFO  main            d.u.i.k.p.i.AbstractProblemLoader Creating init config 
161319     DEBUG main            d.u.i.k.p.i.AbstractProblemLoader Init config took 3.24s 
161370     INFO  main            d.u.i.k.p.i.AbstractProblemLoader Replaying proof LinkedList[LinkedList::LinkedList(int,LinkedList)].JML normal_behavior operation contract.0 
161372     DEBUG main            d.u.i.k.p.i.IntermediateProofReplayer Proof replay took 6.9ns 
163619     INFO  main            d.u.i.k.p.r.p.TestFile    ... finished proof: closed. 
163917     INFO  main            d.u.i.k.p.i.AbstractProblemLoader Loading environment from /home/runner/work/key/key/key.core/../key.ui/examples/heap/vstte10_05_Queue/LinkedList_LinkedList1.key.proof 
163917     DEBUG main            d.u.i.k.p.i.AbstractProblemLoader Environment load took 454.5ns 
163919     INFO  main            d.u.i.k.p.i.AbstractProblemLoader Creating init config 
167084     DEBUG main            d.u.i.k.p.i.AbstractProblemLoader Init config took 3.16s 
167143     INFO  main            d.u.i.k.p.i.AbstractProblemLoader Replaying proof LinkedList[LinkedList::LinkedList(int,LinkedList)].JML normal_behavior operation contract.0 
167474     DEBUG main            d.u.i.k.p.i.IntermediateProofReplayer Proof replay took 322.6ms 
167475     DEBUG main            d.u.i.k.p.r.p.TestFile    ... success: reloaded. 
167477     INFO  main            d.u.i.k.p.r.p.TestFile    Now processing file /home/runner/work/key/key/key.core/../key.ui/examples/heap/vstte10_05_Queue/LinkedList_LinkedList2.key 
167477     INFO  main            d.u.i.k.p.i.AbstractProblemLoader Loading environment from /home/runner/work/key/key/key.core/../key.ui/examples/heap/vstte10_05_Queue/LinkedList_LinkedList2.key 
167478     DEBUG main            d.u.i.k.p.i.AbstractProblemLoader Environment load took 128.3ns 
167479     INFO  main            d.u.i.k.p.i.AbstractProblemLoader Creating init config 
170742     DEBUG main            d.u.i.k.p.i.AbstractProblemLoader Init config took 3.26s 
170814     INFO  main            d.u.i.k.p.i.AbstractProblemLoader Replaying proof LinkedList[LinkedList::LinkedList(int,LinkedList)].JML normal_behavior operation contract.0 
170816     DEBUG main            d.u.i.k.p.i.IntermediateProofReplayer Proof replay took 6.3ns 
173123     INFO  main            d.u.i.k.p.r.p.TestFile    ... finished proof: closed. 
173458     INFO  main            d.u.i.k.p.i.AbstractProblemLoader Loading environment from /home/runner/work/key/key/key.core/../key.ui/examples/heap/vstte10_05_Queue/LinkedList_LinkedList2.key.proof 
173461     DEBUG main            d.u.i.k.p.i.AbstractProblemLoader Environment load took 2.93ms 
173463     INFO  main            d.u.i.k.p.i.AbstractProblemLoader Creating init config 
176683     DEBUG main            d.u.i.k.p.i.AbstractProblemLoader Init config took 3.22s 
176734     INFO  main            d.u.i.k.p.i.AbstractProblemLoader Replaying proof LinkedList[LinkedList::LinkedList(int,LinkedList)].JML normal_behavior operation contract.0 
177057     DEBUG main            d.u.i.k.p.i.IntermediateProofReplayer Proof replay took 314.55ms 
177058     DEBUG main            d.u.i.k.p.r.p.TestFile    ... success: reloaded. 
177059     INFO  main            d.u.i.k.p.r.p.TestFile    Now processing file /home/runner/work/key/key/key.core/../key.ui/examples/heap/vstte10_05_Queue/LinkedList_LinkedList3.key 
177059     INFO  main            d.u.i.k.p.i.AbstractProblemLoader Loading environment from /home/runner/work/key/key/key.core/../key.ui/examples/heap/vstte10_05_Queue/LinkedList_LinkedList3.key 
177060     DEBUG main            d.u.i.k.p.i.AbstractProblemLoader Environment load took 89.5ns 
177060     INFO  main            d.u.i.k.p.i.AbstractProblemLoader Creating init config 
180409     DEBUG main            d.u.i.k.p.i.AbstractProblemLoader Init config took 3.35s 
180462     INFO  main            d.u.i.k.p.i.AbstractProblemLoader Replaying proof LinkedList[LinkedList::LinkedList(int,LinkedList)].JML normal_behavior operation contract.0 
180465     DEBUG main            d.u.i.k.p.i.IntermediateProofReplayer Proof replay took 6.9ns 
197607     INFO  main            d.u.i.k.p.r.p.TestFile    ... finished proof: closed. 
198031     INFO  main            d.u.i.k.p.i.AbstractProblemLoader Loading environment from /home/runner/work/key/key/key.core/../key.ui/examples/heap/vstte10_05_Queue/LinkedList_LinkedList3.key.proof 
198032     DEBUG main            d.u.i.k.p.i.AbstractProblemLoader Environment load took 726.1ns 
198038     INFO  main            d.u.i.k.p.i.AbstractProblemLoader Creating init config 
201226     DEBUG main            d.u.i.k.p.i.AbstractProblemLoader Init config took 3.19s 
201280     INFO  main            d.u.i.k.p.i.AbstractProblemLoader Replaying proof LinkedList[LinkedList::LinkedList(int,LinkedList)].JML normal_behavior operation contract.0 
202872     DEBUG main            d.u.i.k.p.i.IntermediateProofReplayer Proof replay took 1.5s 
202879     DEBUG main            d.u.i.k.p.r.p.TestFile    ... success: reloaded. 
202880     INFO  main            d.u.i.k.p.r.p.TestFile    Now processing file /home/runner/work/key/key/key.core/../key.ui/examples/heap/vstte10_05_Queue/LinkedList_reverse.key 
202880     INFO  main            d.u.i.k.p.i.AbstractProblemLoader Loading environment from /home/runner/work/key/key/key.core/../key.ui/examples/heap/vstte10_05_Queue/LinkedList_reverse.key 
202881     DEBUG main            d.u.i.k.p.i.AbstractProblemLoader Environment load took 212.1ns 
202882     INFO  main            d.u.i.k.p.i.AbstractProblemLoader Creating init config 
206149     DEBUG main            d.u.i.k.p.i.AbstractProblemLoader Init config took 3.27s 
206204     INFO  main            d.u.i.k.p.i.AbstractProblemLoader Replaying proof LinkedList[LinkedList::reverse()].JML normal_behavior operation contract.0 
206206     DEBUG main            d.u.i.k.p.i.IntermediateProofReplayer Proof replay took 6.9ns 
217418     INFO  main            d.u.i.k.p.r.p.TestFile    ... finished proof: closed. 
217790     INFO  main            d.u.i.k.p.i.AbstractProblemLoader Loading environment from /home/runner/work/key/key/key.core/../key.ui/examples/heap/vstte10_05_Queue/LinkedList_reverse.key.proof 
217790     DEBUG main            d.u.i.k.p.i.AbstractProblemLoader Environment load took 468.5ns 
217793     INFO  main            d.u.i.k.p.i.AbstractProblemLoader Creating init config 
220955     DEBUG main            d.u.i.k.p.i.AbstractProblemLoader Init config took 3.16s 
221008     INFO  main            d.u.i.k.p.i.AbstractProblemLoader Replaying proof LinkedList[LinkedList::reverse()].JML normal_behavior operation contract.0 
222015     DEBUG main            d.u.i.k.p.i.IntermediateProofReplayer Proof replay took 977.36ms 
222019     DEBUG main            d.u.i.k.p.r.p.TestFile    ... success: reloaded. 
222020     INFO  main            d.u.i.k.p.r.p.TestFile    Now processing file /home/runner/work/key/key/key.core/../key.ui/examples/heap/vstte10_05_Queue/LinkedList_tail.key 
222020     INFO  main            d.u.i.k.p.i.AbstractProblemLoader Loading environment from /home/runner/work/key/key/key.core/../key.ui/examples/heap/vstte10_05_Queue/LinkedList_tail.key 
222020     DEBUG main            d.u.i.k.p.i.AbstractProblemLoader Environment load took 120.4ns 
222021     INFO  main            d.u.i.k.p.i.AbstractProblemLoader Creating init config 
225323     DEBUG main            d.u.i.k.p.i.AbstractProblemLoader Init config took 3.3s 
225372     INFO  main            d.u.i.k.p.i.AbstractProblemLoader Replaying proof LinkedList[LinkedList::tail()].JML normal_behavior operation contract.0 
225375     DEBUG main            d.u.i.k.p.i.IntermediateProofReplayer Proof replay took 121.5ns 
225980     INFO  main            d.u.i.k.p.r.p.TestFile    ... finished proof: closed. 
226293     INFO  main            d.u.i.k.p.i.AbstractProblemLoader Loading environment from /home/runner/work/key/key/key.core/../key.ui/examples/heap/vstte10_05_Queue/LinkedList_tail.key.proof 
226294     DEBUG main            d.u.i.k.p.i.AbstractProblemLoader Environment load took 690.4ns 
226295     INFO  main            d.u.i.k.p.i.AbstractProblemLoader Creating init config 
229435     DEBUG main            d.u.i.k.p.i.AbstractProblemLoader Init config took 3.14s 
229486     INFO  main            d.u.i.k.p.i.AbstractProblemLoader Replaying proof LinkedList[LinkedList::tail()].JML normal_behavior operation contract.0 
229609     DEBUG main            d.u.i.k.p.i.IntermediateProofReplayer Proof replay took 119.81ms 
229610     DEBUG main            d.u.i.k.p.r.p.TestFile    ... success: reloaded. 
3008984    INFO  Test worker     d.u.i.k.p.r.RunAllProofsTestUnit Returning from test VSTTE10 
3008987    INFO  Test worker     d.u.i.k.p.r.RunAllProofsTestUnit Running test WeideEtAl 
439        INFO  Timeout watchdog d.u.i.k.p.r.p.ForkedTestFileRunner Timeout watcher launched (2000 secs.) 
461        WARN  main            d.u.i.k.s.ProofSettings   The settings in /home/runner/.key/proof-settings.props are *not* read. 
519        INFO  main            d.u.i.k.p.r.p.TestFile    Now processing file /home/runner/work/key/key/key.core/../key.ui/examples/heap/WeideEtAl_01_AddAndMultiply/AddAndMultiply_add.key 
683        INFO  main            d.u.i.k.p.i.AbstractProblemLoader Loading environment from /home/runner/work/key/key/key.core/../key.ui/examples/heap/WeideEtAl_01_AddAndMultiply/AddAndMultiply_add.key 
704        DEBUG main            d.u.i.k.p.i.AbstractProblemLoader Environment load took 3.2ms 
985        INFO  main            d.u.i.k.p.i.AbstractProblemLoader Creating init config 
2109       DEBUG main            d.u.i.k.j.TypeConverter   No LDT found for Meta 
2110       DEBUG main            d.u.i.k.j.TypeConverter   No LDT found for Meta 
2112       DEBUG main            d.u.i.k.j.TypeConverter   No LDT found for Meta 
2112       DEBUG main            d.u.i.k.j.TypeConverter   No LDT found for Meta 
4156       DEBUG main            d.u.i.k.j.TypeConverter   No LDT found for JavaBigintExpression 
9963       DEBUG main            d.u.i.k.p.i.AbstractProblemLoader Init config took 8.98s 
10167      INFO  main            d.u.i.k.p.i.AbstractProblemLoader Replaying proof AddAndMultiply[AddAndMultiply::add(int,int)].JML normal_behavior operation contract.0 
10214      DEBUG main            d.u.i.k.p.i.IntermediateProofReplayer Proof replay took 31.1ns 
12070      INFO  main            d.u.i.k.p.r.p.TestFile    ... finished proof: closed. 
12331      INFO  main            d.u.i.k.p.i.AbstractProblemLoader Loading environment from /home/runner/work/key/key/key.core/../key.ui/examples/heap/WeideEtAl_01_AddAndMultiply/AddAndMultiply_add.key.proof 
12332      DEBUG main            d.u.i.k.p.i.AbstractProblemLoader Environment load took 532.4ns 
12335      INFO  main            d.u.i.k.p.i.AbstractProblemLoader Creating init config 
15647      DEBUG main            d.u.i.k.p.i.AbstractProblemLoader Init config took 3.31s 
15721      INFO  main            d.u.i.k.p.i.AbstractProblemLoader Replaying proof AddAndMultiply[AddAndMultiply::add(int,int)].JML normal_behavior operation contract.0 
16111      DEBUG main            d.u.i.k.p.i.IntermediateProofReplayer Proof replay took 362.16ms 
16119      DEBUG main            d.u.i.k.p.r.p.TestFile    ... success: reloaded. 
16122      INFO  main            d.u.i.k.p.r.p.TestFile    Now processing file /home/runner/work/key/key/key.core/../key.ui/examples/heap/WeideEtAl_01_AddAndMultiply/AddAndMultiply_mul.key 
16122      INFO  main            d.u.i.k.p.i.AbstractProblemLoader Loading environment from /home/runner/work/key/key/key.core/../key.ui/examples/heap/WeideEtAl_01_AddAndMultiply/AddAndMultiply_mul.key 
16123      DEBUG main            d.u.i.k.p.i.AbstractProblemLoader Environment load took 305.9ns 
16124      INFO  main            d.u.i.k.p.i.AbstractProblemLoader Creating init config 
19341      DEBUG main            d.u.i.k.p.i.AbstractProblemLoader Init config took 3.22s 
19410      INFO  main            d.u.i.k.p.i.AbstractProblemLoader Replaying proof AddAndMultiply[AddAndMultiply::mul(int,int)].JML normal_behavior operation contract.0 
19413      DEBUG main            d.u.i.k.p.i.IntermediateProofReplayer Proof replay took 6.6ns 
20037      INFO  main            d.u.i.k.p.r.p.TestFile    ... finished proof: closed. 
20207      INFO  main            d.u.i.k.p.i.AbstractProblemLoader Loading environment from /home/runner/work/key/key/key.core/../key.ui/examples/heap/WeideEtAl_01_AddAndMultiply/AddAndMultiply_mul.key.proof 
20207      DEBUG main            d.u.i.k.p.i.AbstractProblemLoader Environment load took 488ns 
20209      INFO  main            d.u.i.k.p.i.AbstractProblemLoader Creating init config 
23286      DEBUG main            d.u.i.k.p.i.AbstractProblemLoader Init config took 3.08s 
23380      INFO  main            d.u.i.k.p.i.AbstractProblemLoader Replaying proof AddAndMultiply[AddAndMultiply::mul(int,int)].JML normal_behavior operation contract.0 
23572      DEBUG main            d.u.i.k.p.i.IntermediateProofReplayer Proof replay took 184.27ms 
23574      DEBUG main            d.u.i.k.p.r.p.TestFile    ... success: reloaded. 
23577      INFO  main            d.u.i.k.p.r.p.TestFile    Now processing file /home/runner/work/key/key/key.core/../key.ui/examples/heap/WeideEtAl_02_BinarySearch/BinarySearch_search.key 
23578      INFO  main            d.u.i.k.p.i.AbstractProblemLoader Loading environment from /home/runner/work/key/key/key.core/../key.ui/examples/heap/WeideEtAl_02_BinarySearch/BinarySearch_search.key 
23578      DEBUG main            d.u.i.k.p.i.AbstractProblemLoader Environment load took 269.7ns 
23581      INFO  main            d.u.i.k.p.i.AbstractProblemLoader Creating init config 
26772      DEBUG main            d.u.i.k.p.i.AbstractProblemLoader Init config took 3.19s 
26826      INFO  main            d.u.i.k.p.i.AbstractProblemLoader Replaying proof BinarySearch[BinarySearch::search([I,int)].JML normal_behavior operation contract.0 
26833      DEBUG main            d.u.i.k.p.i.IntermediateProofReplayer Proof replay took 7.1ns 
31161      INFO  main            d.u.i.k.p.r.p.TestFile    ... finished proof: closed. 
31418      INFO  main            d.u.i.k.p.i.AbstractProblemLoader Loading environment from /home/runner/work/key/key/key.core/../key.ui/examples/heap/WeideEtAl_02_BinarySearch/BinarySearch_search.key.proof 
31419      DEBUG main            d.u.i.k.p.i.AbstractProblemLoader Environment load took 533.7ns 
31421      INFO  main            d.u.i.k.p.i.AbstractProblemLoader Creating init config 
34458      DEBUG main            d.u.i.k.p.i.AbstractProblemLoader Init config took 3.04s 
34525      INFO  main            d.u.i.k.p.i.AbstractProblemLoader Replaying proof BinarySearch[BinarySearch::search([I,int)].JML normal_behavior operation contract.0 
35283      DEBUG main            d.u.i.k.p.i.IntermediateProofReplayer Proof replay took 723.05ms 
35285      DEBUG main            d.u.i.k.p.r.p.TestFile    ... success: reloaded. 
3044479    INFO  Test worker     d.u.i.k.p.r.RunAllProofsTestUnit Returning from test WeideEtAl 
3044481    INFO  Test worker     d.u.i.k.p.r.RunAllProofsTestUnit Running test arithmetic 
477        INFO  Timeout watchdog d.u.i.k.p.r.p.ForkedTestFileRunner Timeout watcher launched (2000 secs.) 
502        WARN  main            d.u.i.k.s.ProofSettings   The settings in /home/runner/.key/proof-settings.props are *not* read. 
574        INFO  main            d.u.i.k.p.r.p.TestFile    Now processing file /home/runner/work/key/key/key.core/../key.ui/examples/standard_key/arith/binomial1.key 
716        INFO  main            d.u.i.k.p.i.AbstractProblemLoader Loading environment from /home/runner/work/key/key/key.core/../key.ui/examples/standard_key/arith/binomial1.key 
735        DEBUG main            d.u.i.k.p.i.AbstractProblemLoader Environment load took 2.25ms 
1037       INFO  main            d.u.i.k.p.i.AbstractProblemLoader Creating init config 
2290       DEBUG main            d.u.i.k.j.TypeConverter   No LDT found for Meta 
2291       DEBUG main            d.u.i.k.j.TypeConverter   No LDT found for Meta 
2294       DEBUG main            d.u.i.k.j.TypeConverter   No LDT found for Meta 
2295       DEBUG main            d.u.i.k.j.TypeConverter   No LDT found for Meta 
4228       DEBUG main            d.u.i.k.j.TypeConverter   No LDT found for JavaBigintExpression 
9908       DEBUG main            d.u.i.k.p.i.AbstractProblemLoader Init config took 8.87s 
9982       INFO  main            d.u.i.k.p.i.AbstractProblemLoader Replaying proof binomial1.key 
10028      DEBUG main            d.u.i.k.p.i.IntermediateProofReplayer Proof replay took 40.8ns 
10418      INFO  main            d.u.i.k.p.r.p.TestFile    ... finished proof: closed. 
10544      INFO  main            d.u.i.k.p.i.AbstractProblemLoader Loading environment from /home/runner/work/key/key/key.core/../key.ui/examples/standard_key/arith/binomial1.key.proof 
10546      DEBUG main            d.u.i.k.p.i.AbstractProblemLoader Environment load took 1.22ms 
10552      INFO  main            d.u.i.k.p.i.AbstractProblemLoader Creating init config 
13988      DEBUG main            d.u.i.k.p.i.AbstractProblemLoader Init config took 3.44s 
14026      INFO  main            d.u.i.k.p.i.AbstractProblemLoader Replaying proof binomial1.key.proof 
14050      DEBUG main            d.u.i.k.p.i.IntermediateProofReplayer Proof replay took 17.09ms 
14070      DEBUG main            d.u.i.k.p.r.p.TestFile    ... success: reloaded. 
14071      INFO  main            d.u.i.k.p.r.p.TestFile    Now processing file /home/runner/work/key/key/key.core/../key.ui/examples/standard_key/arith/binomial2.key 
14072      INFO  main            d.u.i.k.p.i.AbstractProblemLoader Loading environment from /home/runner/work/key/key/key.core/../key.ui/examples/standard_key/arith/binomial2.key 
14072      DEBUG main            d.u.i.k.p.i.AbstractProblemLoader Environment load took 275.9ns 
14074      INFO  main            d.u.i.k.p.i.AbstractProblemLoader Creating init config 
17291      DEBUG main            d.u.i.k.p.i.AbstractProblemLoader Init config took 3.22s 
17325      INFO  main            d.u.i.k.p.i.AbstractProblemLoader Replaying proof binomial2.key 
17329      DEBUG main            d.u.i.k.p.i.IntermediateProofReplayer Proof replay took 7.5ns 
17533      INFO  main            d.u.i.k.p.r.p.TestFile    ... finished proof: closed. 
17697      INFO  main            d.u.i.k.p.i.AbstractProblemLoader Loading environment from /home/runner/work/key/key/key.core/../key.ui/examples/standard_key/arith/binomial2.key.proof 
17698      DEBUG main            d.u.i.k.p.i.AbstractProblemLoader Environment load took 865.5ns 
17702      INFO  main            d.u.i.k.p.i.AbstractProblemLoader Creating init config 
20857      DEBUG main            d.u.i.k.p.i.AbstractProblemLoader Init config took 3.15s 
20885      INFO  main            d.u.i.k.p.i.AbstractProblemLoader Replaying proof binomial2.key.proof 
20918      DEBUG main            d.u.i.k.p.i.IntermediateProofReplayer Proof replay took 29.8ms 
20919      DEBUG main            d.u.i.k.p.r.p.TestFile    ... success: reloaded. 
20921      INFO  main            d.u.i.k.p.r.p.TestFile    Now processing file /home/runner/work/key/key/key.core/../key.ui/examples/standard_key/arith/check_jdiv.key 
20921      INFO  main            d.u.i.k.p.i.AbstractProblemLoader Loading environment from /home/runner/work/key/key/key.core/../key.ui/examples/standard_key/arith/check_jdiv.key 
20922      DEBUG main            d.u.i.k.p.i.AbstractProblemLoader Environment load took 291.9ns 
20924      INFO  main            d.u.i.k.p.i.AbstractProblemLoader Creating init config 
24010      DEBUG main            d.u.i.k.p.i.AbstractProblemLoader Init config took 3.09s 
24048      INFO  main            d.u.i.k.p.i.AbstractProblemLoader Replaying proof check_jdiv.key 
24055      DEBUG main            d.u.i.k.p.i.IntermediateProofReplayer Proof replay took 8.7ns 
31238      INFO  main            d.u.i.k.p.r.p.TestFile    ... finished proof: closed. 
31521      INFO  main            d.u.i.k.p.i.AbstractProblemLoader Loading environment from /home/runner/work/key/key/key.core/../key.ui/examples/standard_key/arith/check_jdiv.key.proof 
31524      DEBUG main            d.u.i.k.p.i.AbstractProblemLoader Environment load took 2.37ms 
31529      INFO  main            d.u.i.k.p.i.AbstractProblemLoader Creating init config 
34531      DEBUG main            d.u.i.k.p.i.AbstractProblemLoader Init config took 3s 
34556      INFO  main            d.u.i.k.p.i.AbstractProblemLoader Replaying proof check_jdiv.key.proof 
35142      DEBUG main            d.u.i.k.p.i.IntermediateProofReplayer Proof replay took 542.84ms 
35144      DEBUG main            d.u.i.k.p.r.p.TestFile    ... success: reloaded. 
35146      INFO  main            d.u.i.k.p.r.p.TestFile    Now processing file /home/runner/work/key/key/key.core/../key.ui/examples/standard_key/arith/check_jdiv_concrete.key 
35146      INFO  main            d.u.i.k.p.i.AbstractProblemLoader Loading environment from /home/runner/work/key/key/key.core/../key.ui/examples/standard_key/arith/check_jdiv_concrete.key 
35147      DEBUG main            d.u.i.k.p.i.AbstractProblemLoader Environment load took 265.9ns 
35149      INFO  main            d.u.i.k.p.i.AbstractProblemLoader Creating init config 
38228      DEBUG main            d.u.i.k.p.i.AbstractProblemLoader Init config took 3.08s 
38255      INFO  main            d.u.i.k.p.i.AbstractProblemLoader Replaying proof check_jdiv_concrete.key 
38260      DEBUG main            d.u.i.k.p.i.IntermediateProofReplayer Proof replay took 7.5ns 
38363      INFO  main            d.u.i.k.p.r.p.TestFile    ... finished proof: closed. 
38620      INFO  main            d.u.i.k.p.i.AbstractProblemLoader Loading environment from /home/runner/work/key/key/key.core/../key.ui/examples/standard_key/arith/check_jdiv_concrete.key.proof 
38621      DEBUG main            d.u.i.k.p.i.AbstractProblemLoader Environment load took 149.5ns 
38623      INFO  main            d.u.i.k.p.i.AbstractProblemLoader Creating init config 
41605      DEBUG main            d.u.i.k.p.i.AbstractProblemLoader Init config took 2.98s 
41630      INFO  main            d.u.i.k.p.i.AbstractProblemLoader Replaying proof check_jdiv_concrete.key.proof 
41637      DEBUG main            d.u.i.k.p.i.IntermediateProofReplayer Proof replay took 4.65ms 
41638      DEBUG main            d.u.i.k.p.r.p.TestFile    ... success: reloaded. 
41640      INFO  main            d.u.i.k.p.r.p.TestFile    Now processing file /home/runner/work/key/key/key.core/../key.ui/examples/standard_key/arith/check_jdiv_instantiated.key 
41640      INFO  main            d.u.i.k.p.i.AbstractProblemLoader Loading environment from /home/runner/work/key/key/key.core/../key.ui/examples/standard_key/arith/check_jdiv_instantiated.key 
41640      DEBUG main            d.u.i.k.p.i.AbstractProblemLoader Environment load took 165.5ns 
41642      INFO  main            d.u.i.k.p.i.AbstractProblemLoader Creating init config 
44682      DEBUG main            d.u.i.k.p.i.AbstractProblemLoader Init config took 3.04s 
44707      INFO  main            d.u.i.k.p.i.AbstractProblemLoader Replaying proof check_jdiv_instantiated.key 
44710      DEBUG main            d.u.i.k.p.i.IntermediateProofReplayer Proof replay took 7.7ns 
49192      INFO  main            d.u.i.k.p.r.p.TestFile    ... finished proof: closed. 
49504      INFO  main            d.u.i.k.p.i.AbstractProblemLoader Loading environment from /home/runner/work/key/key/key.core/../key.ui/examples/standard_key/arith/check_jdiv_instantiated.key.proof 
49505      DEBUG main            d.u.i.k.p.i.AbstractProblemLoader Environment load took 605.4ns 
49508      INFO  main            d.u.i.k.p.i.AbstractProblemLoader Creating init config 
52452      DEBUG main            d.u.i.k.p.i.AbstractProblemLoader Init config took 2.94s 
52477      INFO  main            d.u.i.k.p.i.AbstractProblemLoader Replaying proof check_jdiv_instantiated.key.proof 
52820      DEBUG main            d.u.i.k.p.i.IntermediateProofReplayer Proof replay took 313.22ms 
52823      DEBUG main            d.u.i.k.p.r.p.TestFile    ... success: reloaded. 
52824      INFO  main            d.u.i.k.p.r.p.TestFile    Now processing file /home/runner/work/key/key/key.core/../key.ui/examples/standard_key/arith/check_jmod.key 
52824      INFO  main            d.u.i.k.p.i.AbstractProblemLoader Loading environment from /home/runner/work/key/key/key.core/../key.ui/examples/standard_key/arith/check_jmod.key 
52825      DEBUG main            d.u.i.k.p.i.AbstractProblemLoader Environment load took 152.4ns 
52826      INFO  main            d.u.i.k.p.i.AbstractProblemLoader Creating init config 
55857      DEBUG main            d.u.i.k.p.i.AbstractProblemLoader Init config took 3.03s 
55881      INFO  main            d.u.i.k.p.i.AbstractProblemLoader Replaying proof check_jmod.key 
55884      DEBUG main            d.u.i.k.p.i.IntermediateProofReplayer Proof replay took 7.9ns 
56590      INFO  main            d.u.i.k.p.r.p.TestFile    ... finished proof: closed. 
56925      INFO  main            d.u.i.k.p.i.AbstractProblemLoader Loading environment from /home/runner/work/key/key/key.core/../key.ui/examples/standard_key/arith/check_jmod.key.proof 
56926      DEBUG main            d.u.i.k.p.i.AbstractProblemLoader Environment load took 612.4ns 
56927      INFO  main            d.u.i.k.p.i.AbstractProblemLoader Creating init config 
59858      DEBUG main            d.u.i.k.p.i.AbstractProblemLoader Init config took 2.93s 
59880      INFO  main            d.u.i.k.p.i.AbstractProblemLoader Replaying proof check_jmod.key.proof 
59944      DEBUG main            d.u.i.k.p.i.IntermediateProofReplayer Proof replay took 57.55ms 
59946      DEBUG main            d.u.i.k.p.r.p.TestFile    ... success: reloaded. 
59947      INFO  main            d.u.i.k.p.r.p.TestFile    Now processing file /home/runner/work/key/key/key.core/../key.ui/examples/standard_key/arith/complexExpressions.key 
59948      INFO  main            d.u.i.k.p.i.AbstractProblemLoader Loading environment from /home/runner/work/key/key/key.core/../key.ui/examples/standard_key/arith/complexExpressions.key 
59948      DEBUG main            d.u.i.k.p.i.AbstractProblemLoader Environment load took 256.6ns 
59950      INFO  main            d.u.i.k.p.i.AbstractProblemLoader Creating init config 
63059      DEBUG main            d.u.i.k.p.i.AbstractProblemLoader Init config took 3.11s 
63083      INFO  main            d.u.i.k.p.i.AbstractProblemLoader Replaying proof complexExpressions.key 
63085      DEBUG main            d.u.i.k.p.i.IntermediateProofReplayer Proof replay took 8.5ns 
63298      INFO  main            d.u.i.k.p.r.p.TestFile    ... finished proof: closed. 
63508      INFO  main            d.u.i.k.p.i.AbstractProblemLoader Loading environment from /home/runner/work/key/key/key.core/../key.ui/examples/standard_key/arith/complexExpressions.key.proof 
63508      DEBUG main            d.u.i.k.p.i.AbstractProblemLoader Environment load took 147ns 
63509      INFO  main            d.u.i.k.p.i.AbstractProblemLoader Creating init config 
66607      DEBUG main            d.u.i.k.p.i.AbstractProblemLoader Init config took 3.1s 
66630      INFO  main            d.u.i.k.p.i.AbstractProblemLoader Replaying proof complexExpressions.key.proof 
66659      DEBUG main            d.u.i.k.p.i.IntermediateProofReplayer Proof replay took 22.7ms 
66660      DEBUG main            d.u.i.k.p.r.p.TestFile    ... success: reloaded. 
66662      INFO  main            d.u.i.k.p.r.p.TestFile    Now processing file /home/runner/work/key/key/key.core/../key.ui/examples/standard_key/arith/compound_unaryMinus.key 
66662      INFO  main            d.u.i.k.p.i.AbstractProblemLoader Loading environment from /home/runner/work/key/key/key.core/../key.ui/examples/standard_key/arith/compound_unaryMinus.key 
66663      DEBUG main            d.u.i.k.p.i.AbstractProblemLoader Environment load took 285.3ns 
66664      INFO  main            d.u.i.k.p.i.AbstractProblemLoader Creating init config 
69805      DEBUG main            d.u.i.k.p.i.AbstractProblemLoader Init config took 3.14s 
69826      INFO  main            d.u.i.k.p.i.AbstractProblemLoader Replaying proof compound_unaryMinus.key 
69828      DEBUG main            d.u.i.k.p.i.IntermediateProofReplayer Proof replay took 7.6ns 
69931      INFO  main            d.u.i.k.p.r.p.TestFile    ... finished proof: closed. 
70144      INFO  main            d.u.i.k.p.i.AbstractProblemLoader Loading environment from /home/runner/work/key/key/key.core/../key.ui/examples/standard_key/arith/compound_unaryMinus.key.proof 
70144      DEBUG main            d.u.i.k.p.i.AbstractProblemLoader Environment load took 214.1ns 
70148      INFO  main            d.u.i.k.p.i.AbstractProblemLoader Creating init config 
73178      DEBUG main            d.u.i.k.p.i.AbstractProblemLoader Init config took 3.03s 
73208      INFO  main            d.u.i.k.p.i.AbstractProblemLoader Replaying proof compound_unaryMinus.key.proof 
73216      DEBUG main            d.u.i.k.p.i.IntermediateProofReplayer Proof replay took 4.97ms 
73217      DEBUG main            d.u.i.k.p.r.p.TestFile    ... success: reloaded. 
73218      INFO  main            d.u.i.k.p.r.p.TestFile    Now processing file /home/runner/work/key/key/key.core/../key.ui/examples/standard_key/arith/computation.key 
73218      INFO  main            d.u.i.k.p.i.AbstractProblemLoader Loading environment from /home/runner/work/key/key/key.core/../key.ui/examples/standard_key/arith/computation.key 
73218      DEBUG main            d.u.i.k.p.i.AbstractProblemLoader Environment load took 263.9ns 
73220      INFO  main            d.u.i.k.p.i.AbstractProblemLoader Creating init config 
76219      DEBUG main            d.u.i.k.p.i.AbstractProblemLoader Init config took 3s 
76242      INFO  main            d.u.i.k.p.i.AbstractProblemLoader Replaying proof computation.key 
76247      DEBUG main            d.u.i.k.p.i.IntermediateProofReplayer Proof replay took 6.8ns 
78182      INFO  main            d.u.i.k.p.r.p.TestFile    ... finished proof: closed. 
78497      INFO  main            d.u.i.k.p.i.AbstractProblemLoader Loading environment from /home/runner/work/key/key/key.core/../key.ui/examples/standard_key/arith/computation.key.proof 
78498      DEBUG main            d.u.i.k.p.i.AbstractProblemLoader Environment load took 568.1ns 
78500      INFO  main            d.u.i.k.p.i.AbstractProblemLoader Creating init config 
81378      DEBUG main            d.u.i.k.p.i.AbstractProblemLoader Init config took 2.88s 
81400      INFO  main            d.u.i.k.p.i.AbstractProblemLoader Replaying proof computation.key.proof 
81586      DEBUG main            d.u.i.k.p.i.IntermediateProofReplayer Proof replay took 179.8ms 
81587      DEBUG main            d.u.i.k.p.r.p.TestFile    ... success: reloaded. 
81589      INFO  main            d.u.i.k.p.r.p.TestFile    Now processing file /home/runner/work/key/key/key.core/../key.ui/examples/standard_key/arith/cubicSum.key 
81589      INFO  main            d.u.i.k.p.i.AbstractProblemLoader Loading environment from /home/runner/work/key/key/key.core/../key.ui/examples/standard_key/arith/cubicSum.key 
81590      DEBUG main            d.u.i.k.p.i.AbstractProblemLoader Environment load took 283.9ns 
81591      INFO  main            d.u.i.k.p.i.AbstractProblemLoader Creating init config 
84845      DEBUG main            d.u.i.k.p.i.AbstractProblemLoader Init config took 3.25s 
84893      INFO  main            d.u.i.k.p.i.AbstractProblemLoader Replaying proof cubicSum.key 
84896      DEBUG main            d.u.i.k.p.i.IntermediateProofReplayer Proof replay took 7.8ns 
86408      INFO  main            d.u.i.k.p.r.p.TestFile    ... finished proof: closed. 
86875      INFO  main            d.u.i.k.p.i.AbstractProblemLoader Loading environment from /home/runner/work/key/key/key.core/../key.ui/examples/standard_key/arith/cubicSum.key.proof 
86876      DEBUG main            d.u.i.k.p.i.AbstractProblemLoader Environment load took 1.2ms 
86878      INFO  main            d.u.i.k.p.i.AbstractProblemLoader Creating init config 
90107      DEBUG main            d.u.i.k.p.i.AbstractProblemLoader Init config took 3.23s 
90128      INFO  main            d.u.i.k.p.i.AbstractProblemLoader Replaying proof cubicSum.key.proof 
90337      DEBUG main            d.u.i.k.p.i.IntermediateProofReplayer Proof replay took 204.15ms 
90339      DEBUG main            d.u.i.k.p.r.p.TestFile    ... success: reloaded. 
90340      INFO  main            d.u.i.k.p.r.p.TestFile    Now processing file /home/runner/work/key/key/key.core/../key.ui/examples/standard_key/arith/divByZero.key 
90341      INFO  main            d.u.i.k.p.i.AbstractProblemLoader Loading environment from /home/runner/work/key/key/key.core/../key.ui/examples/standard_key/arith/divByZero.key 
90341      DEBUG main            d.u.i.k.p.i.AbstractProblemLoader Environment load took 291ns 
90343      INFO  main            d.u.i.k.p.i.AbstractProblemLoader Creating init config 
93371      DEBUG main            d.u.i.k.p.i.AbstractProblemLoader Init config took 3.03s 
93390      INFO  main            d.u.i.k.p.i.AbstractProblemLoader Replaying proof divByZero.key 
93393      DEBUG main            d.u.i.k.p.i.IntermediateProofReplayer Proof replay took 7.8ns 
93596      INFO  main            d.u.i.k.p.r.p.TestFile    ... finished proof: closed. 
93968      INFO  main            d.u.i.k.p.i.AbstractProblemLoader Loading environment from /home/runner/work/key/key/key.core/../key.ui/examples/standard_key/arith/divByZero.key.proof 
93969      DEBUG main            d.u.i.k.p.i.AbstractProblemLoader Environment load took 532ns 
93971      INFO  main            d.u.i.k.p.i.AbstractProblemLoader Creating init config 
96916      DEBUG main            d.u.i.k.p.i.AbstractProblemLoader Init config took 2.95s 
96935      INFO  main            d.u.i.k.p.i.AbstractProblemLoader Replaying proof divByZero.key.proof 
96987      DEBUG main            d.u.i.k.p.i.IntermediateProofReplayer Proof replay took 48.65ms 
96988      DEBUG main            d.u.i.k.p.r.p.TestFile    ... success: reloaded. 
96989      INFO  main            d.u.i.k.p.r.p.TestFile    Now processing file /home/runner/work/key/key/key.core/../key.ui/examples/standard_key/arith/divisionAssoc.key 
96990      INFO  main            d.u.i.k.p.i.AbstractProblemLoader Loading environment from /home/runner/work/key/key/key.core/../key.ui/examples/standard_key/arith/divisionAssoc.key 
96990      DEBUG main            d.u.i.k.p.i.AbstractProblemLoader Environment load took 200ns 
96992      INFO  main            d.u.i.k.p.i.AbstractProblemLoader Creating init config 
100020     DEBUG main            d.u.i.k.p.i.AbstractProblemLoader Init config took 3.03s 
100039     INFO  main            d.u.i.k.p.i.AbstractProblemLoader Replaying proof divisionAssoc.key 
100041     DEBUG main            d.u.i.k.p.i.IntermediateProofReplayer Proof replay took 7.1ns 
100946     INFO  main            d.u.i.k.p.r.p.TestFile    ... finished proof: closed. 
101302     INFO  main            d.u.i.k.p.i.AbstractProblemLoader Loading environment from /home/runner/work/key/key/key.core/../key.ui/examples/standard_key/arith/divisionAssoc.key.proof 
101302     DEBUG main            d.u.i.k.p.i.AbstractProblemLoader Environment load took 531.3ns 
101304     INFO  main            d.u.i.k.p.i.AbstractProblemLoader Creating init config 
104205     DEBUG main            d.u.i.k.p.i.AbstractProblemLoader Init config took 2.9s 
104223     INFO  main            d.u.i.k.p.i.AbstractProblemLoader Replaying proof divisionAssoc.key.proof 
104294     DEBUG main            d.u.i.k.p.i.IntermediateProofReplayer Proof replay took 64.5ms 
104295     DEBUG main            d.u.i.k.p.r.p.TestFile    ... success: reloaded. 
104297     INFO  main            d.u.i.k.p.r.p.TestFile    Now processing file /home/runner/work/key/key/key.core/../key.ui/examples/standard_key/arith/divisionBy2.key 
104297     INFO  main            d.u.i.k.p.i.AbstractProblemLoader Loading environment from /home/runner/work/key/key/key.core/../key.ui/examples/standard_key/arith/divisionBy2.key 
104297     DEBUG main            d.u.i.k.p.i.AbstractProblemLoader Environment load took 253.6ns 
104299     INFO  main            d.u.i.k.p.i.AbstractProblemLoader Creating init config 
107298     DEBUG main            d.u.i.k.p.i.AbstractProblemLoader Init config took 3s 
107316     INFO  main            d.u.i.k.p.i.AbstractProblemLoader Replaying proof divisionBy2.key 
107317     DEBUG main            d.u.i.k.p.i.IntermediateProofReplayer Proof replay took 7.8ns 
107420     INFO  main            d.u.i.k.p.r.p.TestFile    ... finished proof: closed. 
107703     INFO  main            d.u.i.k.p.i.AbstractProblemLoader Loading environment from /home/runner/work/key/key/key.core/../key.ui/examples/standard_key/arith/divisionBy2.key.proof 
107703     DEBUG main            d.u.i.k.p.i.AbstractProblemLoader Environment load took 163.8ns 
107705     INFO  main            d.u.i.k.p.i.AbstractProblemLoader Creating init config 
110594     DEBUG main            d.u.i.k.p.i.AbstractProblemLoader Init config took 2.89s 
110611     INFO  main            d.u.i.k.p.i.AbstractProblemLoader Replaying proof divisionBy2.key.proof 
110621     DEBUG main            d.u.i.k.p.i.IntermediateProofReplayer Proof replay took 7.74ms 
110622     DEBUG main            d.u.i.k.p.r.p.TestFile    ... success: reloaded. 
110623     INFO  main            d.u.i.k.p.r.p.TestFile    Now processing file /home/runner/work/key/key/key.core/../key.ui/examples/standard_key/arith/euclidean/gcdHelp-post.key 
110624     INFO  main            d.u.i.k.p.i.AbstractProblemLoader Loading environment from /home/runner/work/key/key/key.core/../key.ui/examples/standard_key/arith/euclidean/gcdHelp-post.key 
110624     DEBUG main            d.u.i.k.p.i.AbstractProblemLoader Environment load took 253.9ns 
110626     INFO  main            d.u.i.k.p.i.AbstractProblemLoader Creating init config 
113756     DEBUG main            d.u.i.k.p.i.AbstractProblemLoader Init config took 3.13s 
113775     INFO  main            d.u.i.k.p.i.AbstractProblemLoader Replaying proof gcdHelp-post.key 
113778     DEBUG main            d.u.i.k.p.i.IntermediateProofReplayer Proof replay took 6.9ns 
118151     INFO  main            d.u.i.k.p.r.p.TestFile    ... finished proof: closed. 
118450     INFO  main            d.u.i.k.p.i.AbstractProblemLoader Loading environment from /home/runner/work/key/key/key.core/../key.ui/examples/standard_key/arith/euclidean/gcdHelp-post.key.proof 
118451     DEBUG main            d.u.i.k.p.i.AbstractProblemLoader Environment load took 528.4ns 
118453     INFO  main            d.u.i.k.p.i.AbstractProblemLoader Creating init config 
121462     DEBUG main            d.u.i.k.p.i.AbstractProblemLoader Init config took 3.01s 
121482     INFO  main            d.u.i.k.p.i.AbstractProblemLoader Replaying proof gcdHelp-post.key.proof 
121831     DEBUG main            d.u.i.k.p.i.IntermediateProofReplayer Proof replay took 335.34ms 
121833     DEBUG main            d.u.i.k.p.r.p.TestFile    ... success: reloaded. 
121835     INFO  main            d.u.i.k.p.r.p.TestFile    Now processing file /home/runner/work/key/key/key.core/../key.ui/examples/standard_key/arith/gemplusDecimal/add.key 
121835     INFO  main            d.u.i.k.p.i.AbstractProblemLoader Loading environment from /home/runner/work/key/key/key.core/../key.ui/examples/standard_key/arith/gemplusDecimal/add.key 
121835     DEBUG main            d.u.i.k.p.i.AbstractProblemLoader Environment load took 270.7ns 
121838     INFO  main            d.u.i.k.p.i.AbstractProblemLoader Creating init config 
124924     DEBUG main            d.u.i.k.p.i.AbstractProblemLoader Init config took 3.09s 
124947     INFO  main            d.u.i.k.p.i.AbstractProblemLoader Replaying proof add.key 
124949     DEBUG main            d.u.i.k.p.i.IntermediateProofReplayer Proof replay took 8ns 
181573     INFO  main            d.u.i.k.p.r.p.TestFile    ... finished proof: closed. 
182039     INFO  main            d.u.i.k.p.i.AbstractProblemLoader Loading environment from /home/runner/work/key/key/key.core/../key.ui/examples/standard_key/arith/gemplusDecimal/add.key.proof 
182040     DEBUG main            d.u.i.k.p.i.AbstractProblemLoader Environment load took 604.6ns 
182048     INFO  main            d.u.i.k.p.i.AbstractProblemLoader Creating init config 
184852     DEBUG main            d.u.i.k.p.i.AbstractProblemLoader Init config took 2.8s 
184876     INFO  main            d.u.i.k.p.i.AbstractProblemLoader Replaying proof add.key.proof 
190586     DEBUG main            d.u.i.k.p.i.IntermediateProofReplayer Proof replay took 5.52s 
190595     DEBUG main            d.u.i.k.p.r.p.TestFile    ... success: reloaded. 
190596     INFO  main            d.u.i.k.p.r.p.TestFile    Now processing file /home/runner/work/key/key/key.core/../key.ui/examples/standard_key/arith/jdivevenodd.key 
190596     INFO  main            d.u.i.k.p.i.AbstractProblemLoader Loading environment from /home/runner/work/key/key/key.core/../key.ui/examples/standard_key/arith/jdivevenodd.key 
190597     DEBUG main            d.u.i.k.p.i.AbstractProblemLoader Environment load took 86.7ns 
190598     INFO  main            d.u.i.k.p.i.AbstractProblemLoader Creating init config 
193667     DEBUG main            d.u.i.k.p.i.AbstractProblemLoader Init config took 3.07s 
193685     INFO  main            d.u.i.k.p.i.AbstractProblemLoader Replaying proof jdivevenodd.key 
193687     DEBUG main            d.u.i.k.p.i.IntermediateProofReplayer Proof replay took 6.9ns 
193892     INFO  main            d.u.i.k.p.r.p.TestFile    ... finished proof: closed. 
194351     INFO  main            d.u.i.k.p.i.AbstractProblemLoader Loading environment from /home/runner/work/key/key/key.core/../key.ui/examples/standard_key/arith/jdivevenodd.key.proof 
194353     DEBUG main            d.u.i.k.p.i.AbstractProblemLoader Environment load took 1.43ms 
194355     INFO  main            d.u.i.k.p.i.AbstractProblemLoader Creating init config 
197323     DEBUG main            d.u.i.k.p.i.AbstractProblemLoader Init config took 2.97s 
197341     INFO  main            d.u.i.k.p.i.AbstractProblemLoader Replaying proof jdivevenodd.key.proof 
197375     DEBUG main            d.u.i.k.p.i.IntermediateProofReplayer Proof replay took 29.91ms 
197377     DEBUG main            d.u.i.k.p.r.p.TestFile    ... success: reloaded. 
197379     INFO  main            d.u.i.k.p.r.p.TestFile    Now processing file /home/runner/work/key/key/key.core/../key.ui/examples/standard_key/arith/median.key 
197380     INFO  main            d.u.i.k.p.i.AbstractProblemLoader Loading environment from /home/runner/work/key/key/key.core/../key.ui/examples/standard_key/arith/median.key 
197380     DEBUG main            d.u.i.k.p.i.AbstractProblemLoader Environment load took 163.9ns 
197382     INFO  main            d.u.i.k.p.i.AbstractProblemLoader Creating init config 
200323     DEBUG main            d.u.i.k.p.i.AbstractProblemLoader Init config took 2.94s 
200342     INFO  main            d.u.i.k.p.i.AbstractProblemLoader Replaying proof median.key 
200344     DEBUG main            d.u.i.k.p.i.IntermediateProofReplayer Proof replay took 7.4ns 
219683     INFO  main            d.u.i.k.p.r.p.TestFile    ... finished proof: closed. 
220098     INFO  main            d.u.i.k.p.i.AbstractProblemLoader Loading environment from /home/runner/work/key/key/key.core/../key.ui/examples/standard_key/arith/median.key.proof 
220099     DEBUG main            d.u.i.k.p.i.AbstractProblemLoader Environment load took 855.3ns 
220103     INFO  main            d.u.i.k.p.i.AbstractProblemLoader Creating init config 
222763     DEBUG main            d.u.i.k.p.i.AbstractProblemLoader Init config took 2.66s 
222780     INFO  main            d.u.i.k.p.i.AbstractProblemLoader Replaying proof median.key.proof 
224436     DEBUG main            d.u.i.k.p.i.IntermediateProofReplayer Proof replay took 1.57s 
224439     DEBUG main            d.u.i.k.p.r.p.TestFile    ... success: reloaded. 
224440     INFO  main            d.u.i.k.p.r.p.TestFile    Now processing file /home/runner/work/key/key/key.core/../key.ui/examples/standard_key/arith/mod1.key 
224440     INFO  main            d.u.i.k.p.i.AbstractProblemLoader Loading environment from /home/runner/work/key/key/key.core/../key.ui/examples/standard_key/arith/mod1.key 
224441     DEBUG main            d.u.i.k.p.i.AbstractProblemLoader Environment load took 135.5ns 
224442     INFO  main            d.u.i.k.p.i.AbstractProblemLoader Creating init config 
227203     DEBUG main            d.u.i.k.p.i.AbstractProblemLoader Init config took 2.76s 
227220     INFO  main            d.u.i.k.p.i.AbstractProblemLoader Replaying proof mod1.key 
227222     DEBUG main            d.u.i.k.p.i.IntermediateProofReplayer Proof replay took 5.7ns 
227327     INFO  main            d.u.i.k.p.r.p.TestFile    ... finished proof: closed. 
227713     INFO  main            d.u.i.k.p.i.AbstractProblemLoader Loading environment from /home/runner/work/key/key/key.core/../key.ui/examples/standard_key/arith/mod1.key.proof 
227713     DEBUG main            d.u.i.k.p.i.AbstractProblemLoader Environment load took 123.7ns 
227714     INFO  main            d.u.i.k.p.i.AbstractProblemLoader Creating init config 
230678     DEBUG main            d.u.i.k.p.i.AbstractProblemLoader Init config took 2.96s 
230694     INFO  main            d.u.i.k.p.i.AbstractProblemLoader Replaying proof mod1.key.proof 
230700     DEBUG main            d.u.i.k.p.i.IntermediateProofReplayer Proof replay took 3.78ms 
230701     DEBUG main            d.u.i.k.p.r.p.TestFile    ... success: reloaded. 
230703     INFO  main            d.u.i.k.p.r.p.TestFile    Now processing file /home/runner/work/key/key/key.core/../key.ui/examples/standard_key/arith/mod2.key 
230703     INFO  main            d.u.i.k.p.i.AbstractProblemLoader Loading environment from /home/runner/work/key/key/key.core/../key.ui/examples/standard_key/arith/mod2.key 
230703     DEBUG main            d.u.i.k.p.i.AbstractProblemLoader Environment load took 154.4ns 
230704     INFO  main            d.u.i.k.p.i.AbstractProblemLoader Creating init config 
233621     DEBUG main            d.u.i.k.p.i.AbstractProblemLoader Init config took 2.92s 
233636     INFO  main            d.u.i.k.p.i.AbstractProblemLoader Replaying proof mod2.key 
233639     DEBUG main            d.u.i.k.p.i.IntermediateProofReplayer Proof replay took 6.8ns 
233743     INFO  main            d.u.i.k.p.r.p.TestFile    ... finished proof: closed. 
234136     INFO  main            d.u.i.k.p.i.AbstractProblemLoader Loading environment from /home/runner/work/key/key/key.core/../key.ui/examples/standard_key/arith/mod2.key.proof 
234136     DEBUG main            d.u.i.k.p.i.AbstractProblemLoader Environment load took 280.4ns 
234138     INFO  main            d.u.i.k.p.i.AbstractProblemLoader Creating init config 
237074     DEBUG main            d.u.i.k.p.i.AbstractProblemLoader Init config took 2.94s 
237090     INFO  main            d.u.i.k.p.i.AbstractProblemLoader Replaying proof mod2.key.proof 
237094     DEBUG main            d.u.i.k.p.i.IntermediateProofReplayer Proof replay took 2.15ms 
237095     DEBUG main            d.u.i.k.p.r.p.TestFile    ... success: reloaded. 
237096     INFO  main            d.u.i.k.p.r.p.TestFile    Now processing file /home/runner/work/key/key/key.core/../key.ui/examples/standard_key/arith/mod7.key 
237096     INFO  main            d.u.i.k.p.i.AbstractProblemLoader Loading environment from /home/runner/work/key/key/key.core/../key.ui/examples/standard_key/arith/mod7.key 
237096     DEBUG main            d.u.i.k.p.i.AbstractProblemLoader Environment load took 104.7ns 
237097     INFO  main            d.u.i.k.p.i.AbstractProblemLoader Creating init config 
239996     DEBUG main            d.u.i.k.p.i.AbstractProblemLoader Init config took 2.9s 
240012     INFO  main            d.u.i.k.p.i.AbstractProblemLoader Replaying proof mod7.key 
240014     DEBUG main            d.u.i.k.p.i.IntermediateProofReplayer Proof replay took 7.1ns 
240119     INFO  main            d.u.i.k.p.r.p.TestFile    ... finished proof: closed. 
240413     INFO  main            d.u.i.k.p.i.AbstractProblemLoader Loading environment from /home/runner/work/key/key/key.core/../key.ui/examples/standard_key/arith/mod7.key.proof 
240413     DEBUG main            d.u.i.k.p.i.AbstractProblemLoader Environment load took 136.2ns 
240415     INFO  main            d.u.i.k.p.i.AbstractProblemLoader Creating init config 
243214     DEBUG main            d.u.i.k.p.i.AbstractProblemLoader Init config took 2.8s 
243230     INFO  main            d.u.i.k.p.i.AbstractProblemLoader Replaying proof mod7.key.proof 
243241     DEBUG main            d.u.i.k.p.i.IntermediateProofReplayer Proof replay took 8.8ms 
243242     DEBUG main            d.u.i.k.p.r.p.TestFile    ... success: reloaded. 
243243     INFO  main            d.u.i.k.p.r.p.TestFile    Now processing file /home/runner/work/key/key/key.core/../key.ui/examples/standard_key/arith/overflow_hija.key 
243243     INFO  main            d.u.i.k.p.i.AbstractProblemLoader Loading environment from /home/runner/work/key/key/key.core/../key.ui/examples/standard_key/arith/overflow_hija.key 
243243     DEBUG main            d.u.i.k.p.i.AbstractProblemLoader Environment load took 93.3ns 
243245     INFO  main            d.u.i.k.p.i.AbstractProblemLoader Creating init config 
246139     DEBUG main            d.u.i.k.p.i.AbstractProblemLoader Init config took 2.89s 
246166     INFO  main            d.u.i.k.p.i.AbstractProblemLoader Replaying proof overflow_hija.key 
246170     DEBUG main            d.u.i.k.p.i.IntermediateProofReplayer Proof replay took 7.8ns 
251900     INFO  main            d.u.i.k.p.r.p.TestFile    ... finished proof: closed. 
252273     INFO  main            d.u.i.k.p.i.AbstractProblemLoader Loading environment from /home/runner/work/key/key/key.core/../key.ui/examples/standard_key/arith/overflow_hija.key.proof 
252273     DEBUG main            d.u.i.k.p.i.AbstractProblemLoader Environment load took 382.2ns 
252276     INFO  main            d.u.i.k.p.i.AbstractProblemLoader Creating init config 
255082     DEBUG main            d.u.i.k.p.i.AbstractProblemLoader Init config took 2.81s 
255102     INFO  main            d.u.i.k.p.i.AbstractProblemLoader Replaying proof overflow_hija.key.proof 
255583     DEBUG main            d.u.i.k.p.i.IntermediateProofReplayer Proof replay took 469.95ms 
255585     DEBUG main            d.u.i.k.p.r.p.TestFile    ... success: reloaded. 
255586     INFO  main            d.u.i.k.p.r.p.TestFile    Now processing file /home/runner/work/key/key/key.core/../key.ui/examples/standard_key/arith/poly_division0.key 
255587     INFO  main            d.u.i.k.p.i.AbstractProblemLoader Loading environment from /home/runner/work/key/key/key.core/../key.ui/examples/standard_key/arith/poly_division0.key 
255587     DEBUG main            d.u.i.k.p.i.AbstractProblemLoader Environment load took 128.3ns 
255588     INFO  main            d.u.i.k.p.i.AbstractProblemLoader Creating init config 
258390     DEBUG main            d.u.i.k.p.i.AbstractProblemLoader Init config took 2.8s 
258405     INFO  main            d.u.i.k.p.i.AbstractProblemLoader Replaying proof poly_division0.key 
258406     DEBUG main            d.u.i.k.p.i.IntermediateProofReplayer Proof replay took 6.3ns 
258510     INFO  main            d.u.i.k.p.r.p.TestFile    ... finished proof: closed. 
258890     INFO  main            d.u.i.k.p.i.AbstractProblemLoader Loading environment from /home/runner/work/key/key/key.core/../key.ui/examples/standard_key/arith/poly_division0.key.proof 
258890     DEBUG main            d.u.i.k.p.i.AbstractProblemLoader Environment load took 129.1ns 
258891     INFO  main            d.u.i.k.p.i.AbstractProblemLoader Creating init config 
261579     DEBUG main            d.u.i.k.p.i.AbstractProblemLoader Init config took 2.69s 
261594     INFO  main            d.u.i.k.p.i.AbstractProblemLoader Replaying proof poly_division0.key.proof 
261607     DEBUG main            d.u.i.k.p.i.IntermediateProofReplayer Proof replay took 11.57ms 
261608     DEBUG main            d.u.i.k.p.r.p.TestFile    ... success: reloaded. 
261609     INFO  main            d.u.i.k.p.r.p.TestFile    Now processing file /home/runner/work/key/key/key.core/../key.ui/examples/standard_key/arith/poly_division1.key 
261609     INFO  main            d.u.i.k.p.i.AbstractProblemLoader Loading environment from /home/runner/work/key/key/key.core/../key.ui/examples/standard_key/arith/poly_division1.key 
261609     DEBUG main            d.u.i.k.p.i.AbstractProblemLoader Environment load took 130.1ns 
261610     INFO  main            d.u.i.k.p.i.AbstractProblemLoader Creating init config 
264473     DEBUG main            d.u.i.k.p.i.AbstractProblemLoader Init config took 2.86s 
264489     INFO  main            d.u.i.k.p.i.AbstractProblemLoader Replaying proof poly_division1.key 
264491     DEBUG main            d.u.i.k.p.i.IntermediateProofReplayer Proof replay took 7.3ns 
264593     INFO  main            d.u.i.k.p.r.p.TestFile    ... finished proof: closed. 
264903     INFO  main            d.u.i.k.p.i.AbstractProblemLoader Loading environment from /home/runner/work/key/key/key.core/../key.ui/examples/standard_key/arith/poly_division1.key.proof 
264903     DEBUG main            d.u.i.k.p.i.AbstractProblemLoader Environment load took 136.5ns 
264904     INFO  main            d.u.i.k.p.i.AbstractProblemLoader Creating init config 
267658     DEBUG main            d.u.i.k.p.i.AbstractProblemLoader Init config took 2.75s 
267673     INFO  main            d.u.i.k.p.i.AbstractProblemLoader Replaying proof poly_division1.key.proof 
267683     DEBUG main            d.u.i.k.p.i.IntermediateProofReplayer Proof replay took 7.98ms 
267684     DEBUG main            d.u.i.k.p.r.p.TestFile    ... success: reloaded. 
267684     INFO  main            d.u.i.k.p.r.p.TestFile    Now processing file /home/runner/work/key/key/key.core/../key.ui/examples/standard_key/inEqSimp/division.key 
267684     INFO  main            d.u.i.k.p.i.AbstractProblemLoader Loading environment from /home/runner/work/key/key/key.core/../key.ui/examples/standard_key/inEqSimp/division.key 
267685     DEBUG main            d.u.i.k.p.i.AbstractProblemLoader Environment load took 131.5ns 
267686     INFO  main            d.u.i.k.p.i.AbstractProblemLoader Creating init config 
270488     DEBUG main            d.u.i.k.p.i.AbstractProblemLoader Init config took 2.8s 
270503     INFO  main            d.u.i.k.p.i.AbstractProblemLoader Replaying proof division.key 
270505     DEBUG main            d.u.i.k.p.i.IntermediateProofReplayer Proof replay took 7.5ns 
273017     INFO  main            d.u.i.k.p.r.p.TestFile    ... finished proof: closed. 
273364     INFO  main            d.u.i.k.p.i.AbstractProblemLoader Loading environment from /home/runner/work/key/key/key.core/../key.ui/examples/standard_key/inEqSimp/division.key.proof 
273365     DEBUG main            d.u.i.k.p.i.AbstractProblemLoader Environment load took 512.2ns 
273366     INFO  main            d.u.i.k.p.i.AbstractProblemLoader Creating init config 
276168     DEBUG main            d.u.i.k.p.i.AbstractProblemLoader Init config took 2.8s 
276184     INFO  main            d.u.i.k.p.i.AbstractProblemLoader Replaying proof division.key.proof 
276293     DEBUG main            d.u.i.k.p.i.IntermediateProofReplayer Proof replay took 99.26ms 
276295     DEBUG main            d.u.i.k.p.r.p.TestFile    ... success: reloaded. 
276296     INFO  main            d.u.i.k.p.r.p.TestFile    Now processing file /home/runner/work/key/key/key.core/../key.ui/examples/standard_key/inEqSimp/inequations0.key 
276296     INFO  main            d.u.i.k.p.i.AbstractProblemLoader Loading environment from /home/runner/work/key/key/key.core/../key.ui/examples/standard_key/inEqSimp/inequations0.key 
276297     DEBUG main            d.u.i.k.p.i.AbstractProblemLoader Environment load took 252.3ns 
276298     INFO  main            d.u.i.k.p.i.AbstractProblemLoader Creating init config 
279198     DEBUG main            d.u.i.k.p.i.AbstractProblemLoader Init config took 2.9s 
279215     INFO  main            d.u.i.k.p.i.AbstractProblemLoader Replaying proof inequations0.key 
279216     DEBUG main            d.u.i.k.p.i.IntermediateProofReplayer Proof replay took 46ns 
279318     INFO  main            d.u.i.k.p.r.p.TestFile    ... finished proof: closed. 
279681     INFO  main            d.u.i.k.p.i.AbstractProblemLoader Loading environment from /home/runner/work/key/key/key.core/../key.ui/examples/standard_key/inEqSimp/inequations0.key.proof 
279681     DEBUG main            d.u.i.k.p.i.AbstractProblemLoader Environment load took 124.8ns 
279683     INFO  main            d.u.i.k.p.i.AbstractProblemLoader Creating init config 
282425     DEBUG main            d.u.i.k.p.i.AbstractProblemLoader Init config took 2.74s 
282441     INFO  main            d.u.i.k.p.i.AbstractProblemLoader Replaying proof inequations0.key.proof 
282446     DEBUG main            d.u.i.k.p.i.IntermediateProofReplayer Proof replay took 3.18ms 
282447     DEBUG main            d.u.i.k.p.r.p.TestFile    ... success: reloaded. 
282447     INFO  main            d.u.i.k.p.r.p.TestFile    Now processing file /home/runner/work/key/key/key.core/../key.ui/examples/standard_key/inEqSimp/inequations1.key 
282448     INFO  main            d.u.i.k.p.i.AbstractProblemLoader Loading environment from /home/runner/work/key/key/key.core/../key.ui/examples/standard_key/inEqSimp/inequations1.key 
282448     DEBUG main            d.u.i.k.p.i.AbstractProblemLoader Environment load took 226.8ns 
282449     INFO  main            d.u.i.k.p.i.AbstractProblemLoader Creating init config 
285279     DEBUG main            d.u.i.k.p.i.AbstractProblemLoader Init config took 2.83s 
285294     INFO  main            d.u.i.k.p.i.AbstractProblemLoader Replaying proof inequations1.key 
285296     DEBUG main            d.u.i.k.p.i.IntermediateProofReplayer Proof replay took 3.6ns 
285398     INFO  main            d.u.i.k.p.r.p.TestFile    ... finished proof: closed. 
285736     INFO  main            d.u.i.k.p.i.AbstractProblemLoader Loading environment from /home/runner/work/key/key/key.core/../key.ui/examples/standard_key/inEqSimp/inequations1.key.proof 
285736     DEBUG main            d.u.i.k.p.i.AbstractProblemLoader Environment load took 122.2ns 
285737     INFO  main            d.u.i.k.p.i.AbstractProblemLoader Creating init config 
288541     DEBUG main            d.u.i.k.p.i.AbstractProblemLoader Init config took 2.8s 
288558     INFO  main            d.u.i.k.p.i.AbstractProblemLoader Replaying proof inequations1.key.proof 
288564     DEBUG main            d.u.i.k.p.i.IntermediateProofReplayer Proof replay took 3.27ms 
288565     DEBUG main            d.u.i.k.p.r.p.TestFile    ... success: reloaded. 
288566     INFO  main            d.u.i.k.p.r.p.TestFile    Now processing file /home/runner/work/key/key/key.core/../key.ui/examples/standard_key/inEqSimp/inequations2.key 
288566     INFO  main            d.u.i.k.p.i.AbstractProblemLoader Loading environment from /home/runner/work/key/key/key.core/../key.ui/examples/standard_key/inEqSimp/inequations2.key 
288566     DEBUG main            d.u.i.k.p.i.AbstractProblemLoader Environment load took 90.7ns 
288567     INFO  main            d.u.i.k.p.i.AbstractProblemLoader Creating init config 
291445     DEBUG main            d.u.i.k.p.i.AbstractProblemLoader Init config took 2.88s 
291460     INFO  main            d.u.i.k.p.i.AbstractProblemLoader Replaying proof inequations2.key 
291461     DEBUG main            d.u.i.k.p.i.IntermediateProofReplayer Proof replay took 3.1ns 
291563     INFO  main            d.u.i.k.p.r.p.TestFile    ... finished proof: closed. 
291918     INFO  main            d.u.i.k.p.i.AbstractProblemLoader Loading environment from /home/runner/work/key/key/key.core/../key.ui/examples/standard_key/inEqSimp/inequations2.key.proof 
291918     DEBUG main            d.u.i.k.p.i.AbstractProblemLoader Environment load took 115.2ns 
291919     INFO  main            d.u.i.k.p.i.AbstractProblemLoader Creating init config 
294650     DEBUG main            d.u.i.k.p.i.AbstractProblemLoader Init config took 2.73s 
294665     INFO  main            d.u.i.k.p.i.AbstractProblemLoader Replaying proof inequations2.key.proof 
294669     DEBUG main            d.u.i.k.p.i.IntermediateProofReplayer Proof replay took 2.03ms 
294670     DEBUG main            d.u.i.k.p.r.p.TestFile    ... success: reloaded. 
294671     INFO  main            d.u.i.k.p.r.p.TestFile    Now processing file /home/runner/work/key/key/key.core/../key.ui/examples/standard_key/inEqSimp/linApprox.key 
294671     INFO  main            d.u.i.k.p.i.AbstractProblemLoader Loading environment from /home/runner/work/key/key/key.core/../key.ui/examples/standard_key/inEqSimp/linApprox.key 
294671     DEBUG main            d.u.i.k.p.i.AbstractProblemLoader Environment load took 126.9ns 
294672     INFO  main            d.u.i.k.p.i.AbstractProblemLoader Creating init config 
297435     DEBUG main            d.u.i.k.p.i.AbstractProblemLoader Init config took 2.76s 
297451     INFO  main            d.u.i.k.p.i.AbstractProblemLoader Replaying proof linApprox.key 
297453     DEBUG main            d.u.i.k.p.i.IntermediateProofReplayer Proof replay took 3.2ns 
297555     INFO  main            d.u.i.k.p.r.p.TestFile    ... finished proof: closed. 
297912     INFO  main            d.u.i.k.p.i.AbstractProblemLoader Loading environment from /home/runner/work/key/key/key.core/../key.ui/examples/standard_key/inEqSimp/linApprox.key.proof 
297913     DEBUG main            d.u.i.k.p.i.AbstractProblemLoader Environment load took 129.9ns 
297914     INFO  main            d.u.i.k.p.i.AbstractProblemLoader Creating init config 
300563     DEBUG main            d.u.i.k.p.i.AbstractProblemLoader Init config took 2.65s 
300578     INFO  main            d.u.i.k.p.i.AbstractProblemLoader Replaying proof linApprox.key.proof 
300586     DEBUG main            d.u.i.k.p.i.IntermediateProofReplayer Proof replay took 3.89ms 
300588     DEBUG main            d.u.i.k.p.r.p.TestFile    ... success: reloaded. 
300589     INFO  main            d.u.i.k.p.r.p.TestFile    Now processing file /home/runner/work/key/key/key.core/../key.ui/examples/standard_key/inEqSimp/nonLinInEqExample0.key 
300589     INFO  main            d.u.i.k.p.i.AbstractProblemLoader Loading environment from /home/runner/work/key/key/key.core/../key.ui/examples/standard_key/inEqSimp/nonLinInEqExample0.key 
300589     DEBUG main            d.u.i.k.p.i.AbstractProblemLoader Environment load took 202.5ns 
300590     INFO  main            d.u.i.k.p.i.AbstractProblemLoader Creating init config 
303286     DEBUG main            d.u.i.k.p.i.AbstractProblemLoader Init config took 2.7s 
303301     INFO  main            d.u.i.k.p.i.AbstractProblemLoader Replaying proof nonLinInEqExample0.key 
303303     DEBUG main            d.u.i.k.p.i.IntermediateProofReplayer Proof replay took 3.5ns 
303405     INFO  main            d.u.i.k.p.r.p.TestFile    ... finished proof: closed. 
303759     INFO  main            d.u.i.k.p.i.AbstractProblemLoader Loading environment from /home/runner/work/key/key/key.core/../key.ui/examples/standard_key/inEqSimp/nonLinInEqExample0.key.proof 
303759     DEBUG main            d.u.i.k.p.i.AbstractProblemLoader Environment load took 137.3ns 
303760     INFO  main            d.u.i.k.p.i.AbstractProblemLoader Creating init config 
306325     DEBUG main            d.u.i.k.p.i.AbstractProblemLoader Init config took 2.57s 
306341     INFO  main            d.u.i.k.p.i.AbstractProblemLoader Replaying proof nonLinInEqExample0.key.proof 
306343     DEBUG main            d.u.i.k.p.i.IntermediateProofReplayer Proof replay took 1.1ms 
306344     DEBUG main            d.u.i.k.p.r.p.TestFile    ... success: reloaded. 
306345     INFO  main            d.u.i.k.p.r.p.TestFile    Now processing file /home/runner/work/key/key/key.core/../key.ui/examples/standard_key/inEqSimp/nonLinInEqExample2.key 
306345     INFO  main            d.u.i.k.p.i.AbstractProblemLoader Loading environment from /home/runner/work/key/key/key.core/../key.ui/examples/standard_key/inEqSimp/nonLinInEqExample2.key 
306345     DEBUG main            d.u.i.k.p.i.AbstractProblemLoader Environment load took 139.3ns 
306347     INFO  main            d.u.i.k.p.i.AbstractProblemLoader Creating init config 
309015     DEBUG main            d.u.i.k.p.i.AbstractProblemLoader Init config took 2.67s 
309030     INFO  main            d.u.i.k.p.i.AbstractProblemLoader Replaying proof nonLinInEqExample2.key 
309032     DEBUG main            d.u.i.k.p.i.IntermediateProofReplayer Proof replay took 3.5ns 
309435     INFO  main            d.u.i.k.p.r.p.TestFile    ... finished proof: closed. 
309796     INFO  main            d.u.i.k.p.i.AbstractProblemLoader Loading environment from /home/runner/work/key/key/key.core/../key.ui/examples/standard_key/inEqSimp/nonLinInEqExample2.key.proof 
309796     DEBUG main            d.u.i.k.p.i.AbstractProblemLoader Environment load took 111.2ns 
309798     INFO  main            d.u.i.k.p.i.AbstractProblemLoader Creating init config 
312365     DEBUG main            d.u.i.k.p.i.AbstractProblemLoader Init config took 2.57s 
312381     INFO  main            d.u.i.k.p.i.AbstractProblemLoader Replaying proof nonLinInEqExample2.key.proof 
312436     DEBUG main            d.u.i.k.p.i.IntermediateProofReplayer Proof replay took 51.21ms 
312437     DEBUG main            d.u.i.k.p.r.p.TestFile    ... success: reloaded. 
312438     INFO  main            d.u.i.k.p.r.p.TestFile    Now processing file /home/runner/work/key/key/key.core/../key.ui/examples/standard_key/inEqSimp/nonLinInEqExample3.key 
312438     INFO  main            d.u.i.k.p.i.AbstractProblemLoader Loading environment from /home/runner/work/key/key/key.core/../key.ui/examples/standard_key/inEqSimp/nonLinInEqExample3.key 
312438     DEBUG main            d.u.i.k.p.i.AbstractProblemLoader Environment load took 87.2ns 
312439     INFO  main            d.u.i.k.p.i.AbstractProblemLoader Creating init config 
315139     DEBUG main            d.u.i.k.p.i.AbstractProblemLoader Init config took 2.7s 
315157     INFO  main            d.u.i.k.p.i.AbstractProblemLoader Replaying proof nonLinInEqExample3.key 
315159     DEBUG main            d.u.i.k.p.i.IntermediateProofReplayer Proof replay took 3ns 
315463     INFO  main            d.u.i.k.p.r.p.TestFile    ... finished proof: closed. 
315845     INFO  main            d.u.i.k.p.i.AbstractProblemLoader Loading environment from /home/runner/work/key/key/key.core/../key.ui/examples/standard_key/inEqSimp/nonLinInEqExample3.key.proof 
315845     DEBUG main            d.u.i.k.p.i.AbstractProblemLoader Environment load took 132.1ns 
315847     INFO  main            d.u.i.k.p.i.AbstractProblemLoader Creating init config 
318497     DEBUG main            d.u.i.k.p.i.AbstractProblemLoader Init config took 2.65s 
318511     INFO  main            d.u.i.k.p.i.AbstractProblemLoader Replaying proof nonLinInEqExample3.key.proof 
318538     DEBUG main            d.u.i.k.p.i.IntermediateProofReplayer Proof replay took 23.33ms 
318538     DEBUG main            d.u.i.k.p.r.p.TestFile    ... success: reloaded. 
318539     INFO  main            d.u.i.k.p.r.p.TestFile    Now processing file /home/runner/work/key/key/key.core/../key.ui/examples/standard_key/inEqSimp/nonLinInEqExample4.key 
318540     INFO  main            d.u.i.k.p.i.AbstractProblemLoader Loading environment from /home/runner/work/key/key/key.core/../key.ui/examples/standard_key/inEqSimp/nonLinInEqExample4.key 
318540     DEBUG main            d.u.i.k.p.i.AbstractProblemLoader Environment load took 62.8ns 
318541     INFO  main            d.u.i.k.p.i.AbstractProblemLoader Creating init config 
321187     DEBUG main            d.u.i.k.p.i.AbstractProblemLoader Init config took 2.65s 
321202     INFO  main            d.u.i.k.p.i.AbstractProblemLoader Replaying proof nonLinInEqExample4.key 
321203     DEBUG main            d.u.i.k.p.i.IntermediateProofReplayer Proof replay took 4ns 
321305     INFO  main            d.u.i.k.p.r.p.TestFile    ... finished proof: closed. 
321690     INFO  main            d.u.i.k.p.i.AbstractProblemLoader Loading environment from /home/runner/work/key/key/key.core/../key.ui/examples/standard_key/inEqSimp/nonLinInEqExample4.key.proof 
321690     DEBUG main            d.u.i.k.p.i.AbstractProblemLoader Environment load took 111.7ns 
321691     INFO  main            d.u.i.k.p.i.AbstractProblemLoader Creating init config 
324309     DEBUG main            d.u.i.k.p.i.AbstractProblemLoader Init config took 2.62s 
324323     INFO  main            d.u.i.k.p.i.AbstractProblemLoader Replaying proof nonLinInEqExample4.key.proof 
324331     DEBUG main            d.u.i.k.p.i.IntermediateProofReplayer Proof replay took 5.28ms 
324331     DEBUG main            d.u.i.k.p.r.p.TestFile    ... success: reloaded. 
324332     INFO  main            d.u.i.k.p.r.p.TestFile    Now processing file /home/runner/work/key/key/key.core/../key.ui/examples/standard_key/inEqSimp/quadraticInEq.key 
324332     INFO  main            d.u.i.k.p.i.AbstractProblemLoader Loading environment from /home/runner/work/key/key/key.core/../key.ui/examples/standard_key/inEqSimp/quadraticInEq.key 
324332     DEBUG main            d.u.i.k.p.i.AbstractProblemLoader Environment load took 154.7ns 
324334     INFO  main            d.u.i.k.p.i.AbstractProblemLoader Creating init config 
327035     DEBUG main            d.u.i.k.p.i.AbstractProblemLoader Init config took 2.7s 
327052     INFO  main            d.u.i.k.p.i.AbstractProblemLoader Replaying proof quadraticInEq.key 
327054     DEBUG main            d.u.i.k.p.i.IntermediateProofReplayer Proof replay took 4.1ns 
327459     INFO  main            d.u.i.k.p.r.p.TestFile    ... finished proof: closed. 
327908     INFO  main            d.u.i.k.p.i.AbstractProblemLoader Loading environment from /home/runner/work/key/key/key.core/../key.ui/examples/standard_key/inEqSimp/quadraticInEq.key.proof 
327909     DEBUG main            d.u.i.k.p.i.AbstractProblemLoader Environment load took 625.3ns 
327911     INFO  main            d.u.i.k.p.i.AbstractProblemLoader Creating init config 
330691     DEBUG main            d.u.i.k.p.i.AbstractProblemLoader Init config took 2.78s 
330707     INFO  main            d.u.i.k.p.i.AbstractProblemLoader Replaying proof quadraticInEq.key.proof 
330766     DEBUG main            d.u.i.k.p.i.IntermediateProofReplayer Proof replay took 53.12ms 
330767     DEBUG main            d.u.i.k.p.r.p.TestFile    ... success: reloaded. 
330768     INFO  main            d.u.i.k.p.r.p.TestFile    Now processing file /home/runner/work/key/key/key.core/../key.ui/examples/standard_key/inEqSimp/quadraticInEq10.key 
330769     INFO  main            d.u.i.k.p.i.AbstractProblemLoader Loading environment from /home/runner/work/key/key/key.core/../key.ui/examples/standard_key/inEqSimp/quadraticInEq10.key 
330769     DEBUG main            d.u.i.k.p.i.AbstractProblemLoader Environment load took 289.8ns 
330771     INFO  main            d.u.i.k.p.i.AbstractProblemLoader Creating init config 
333680     DEBUG main            d.u.i.k.p.i.AbstractProblemLoader Init config took 2.91s 
333695     INFO  main            d.u.i.k.p.i.AbstractProblemLoader Replaying proof quadraticInEq10.key 
333696     DEBUG main            d.u.i.k.p.i.IntermediateProofReplayer Proof replay took 3.1ns 
333900     INFO  main            d.u.i.k.p.r.p.TestFile    ... finished proof: closed. 
334327     INFO  main            d.u.i.k.p.i.AbstractProblemLoader Loading environment from /home/runner/work/key/key/key.core/../key.ui/examples/standard_key/inEqSimp/quadraticInEq10.key.proof 
334328     DEBUG main            d.u.i.k.p.i.AbstractProblemLoader Environment load took 124.6ns 
334329     INFO  main            d.u.i.k.p.i.AbstractProblemLoader Creating init config 
337091     DEBUG main            d.u.i.k.p.i.AbstractProblemLoader Init config took 2.76s 
337106     INFO  main            d.u.i.k.p.i.AbstractProblemLoader Replaying proof quadraticInEq10.key.proof 
337128     DEBUG main            d.u.i.k.p.i.IntermediateProofReplayer Proof replay took 19.05ms 
337129     DEBUG main            d.u.i.k.p.r.p.TestFile    ... success: reloaded. 
337130     INFO  main            d.u.i.k.p.r.p.TestFile    Now processing file /home/runner/work/key/key/key.core/../key.ui/examples/standard_key/inEqSimp/quadraticInEq13.key 
337130     INFO  main            d.u.i.k.p.i.AbstractProblemLoader Loading environment from /home/runner/work/key/key/key.core/../key.ui/examples/standard_key/inEqSimp/quadraticInEq13.key 
337131     DEBUG main            d.u.i.k.p.i.AbstractProblemLoader Environment load took 122.6ns 
337132     INFO  main            d.u.i.k.p.i.AbstractProblemLoader Creating init config 
340015     DEBUG main            d.u.i.k.p.i.AbstractProblemLoader Init config took 2.88s 
340029     INFO  main            d.u.i.k.p.i.AbstractProblemLoader Replaying proof quadraticInEq13.key 
340034     DEBUG main            d.u.i.k.p.i.IntermediateProofReplayer Proof replay took 4.6ns 
340337     INFO  main            d.u.i.k.p.r.p.TestFile    ... finished proof: closed. 
340776     INFO  main            d.u.i.k.p.i.AbstractProblemLoader Loading environment from /home/runner/work/key/key/key.core/../key.ui/examples/standard_key/inEqSimp/quadraticInEq13.key.proof 
340776     DEBUG main            d.u.i.k.p.i.AbstractProblemLoader Environment load took 111.6ns 
340778     INFO  main            d.u.i.k.p.i.AbstractProblemLoader Creating init config 
343442     DEBUG main            d.u.i.k.p.i.AbstractProblemLoader Init config took 2.66s 
343457     INFO  main            d.u.i.k.p.i.AbstractProblemLoader Replaying proof quadraticInEq13.key.proof 
343483     DEBUG main            d.u.i.k.p.i.IntermediateProofReplayer Proof replay took 23.37ms 
343484     DEBUG main            d.u.i.k.p.r.p.TestFile    ... success: reloaded. 
343485     INFO  main            d.u.i.k.p.r.p.TestFile    Now processing file /home/runner/work/key/key/key.core/../key.ui/examples/standard_key/inEqSimp/quadraticInEq14.key 
343486     INFO  main            d.u.i.k.p.i.AbstractProblemLoader Loading environment from /home/runner/work/key/key/key.core/../key.ui/examples/standard_key/inEqSimp/quadraticInEq14.key 
343486     DEBUG main            d.u.i.k.p.i.AbstractProblemLoader Environment load took 195.8ns 
343487     INFO  main            d.u.i.k.p.i.AbstractProblemLoader Creating init config 
346157     DEBUG main            d.u.i.k.p.i.AbstractProblemLoader Init config took 2.67s 
346171     INFO  main            d.u.i.k.p.i.AbstractProblemLoader Replaying proof quadraticInEq14.key 
346173     DEBUG main            d.u.i.k.p.i.IntermediateProofReplayer Proof replay took 3.7ns 
346477     INFO  main            d.u.i.k.p.r.p.TestFile    ... finished proof: closed. 
346905     INFO  main            d.u.i.k.p.i.AbstractProblemLoader Loading environment from /home/runner/work/key/key/key.core/../key.ui/examples/standard_key/inEqSimp/quadraticInEq14.key.proof 
346906     DEBUG main            d.u.i.k.p.i.AbstractProblemLoader Environment load took 906.79ns 
346907     INFO  main            d.u.i.k.p.i.AbstractProblemLoader Creating init config 
349638     DEBUG main            d.u.i.k.p.i.AbstractProblemLoader Init config took 2.73s 
349654     INFO  main            d.u.i.k.p.i.AbstractProblemLoader Replaying proof quadraticInEq14.key.proof 
349687     DEBUG main            d.u.i.k.p.i.IntermediateProofReplayer Proof replay took 29.23ms 
349688     DEBUG main            d.u.i.k.p.r.p.TestFile    ... success: reloaded. 
349689     INFO  main            d.u.i.k.p.r.p.TestFile    Now processing file /home/runner/work/key/key/key.core/../key.ui/examples/standard_key/inEqSimp/quadraticInEq2.key 
349689     INFO  main            d.u.i.k.p.i.AbstractProblemLoader Loading environment from /home/runner/work/key/key/key.core/../key.ui/examples/standard_key/inEqSimp/quadraticInEq2.key 
349689     DEBUG main            d.u.i.k.p.i.AbstractProblemLoader Environment load took 108.5ns 
349690     INFO  main            d.u.i.k.p.i.AbstractProblemLoader Creating init config 
352602     DEBUG main            d.u.i.k.p.i.AbstractProblemLoader Init config took 2.91s 
352618     INFO  main            d.u.i.k.p.i.AbstractProblemLoader Replaying proof quadraticInEq2.key 
352619     DEBUG main            d.u.i.k.p.i.IntermediateProofReplayer Proof replay took 3.3ns 
352722     INFO  main            d.u.i.k.p.r.p.TestFile    ... finished proof: closed. 
353195     INFO  main            d.u.i.k.p.i.AbstractProblemLoader Loading environment from /home/runner/work/key/key/key.core/../key.ui/examples/standard_key/inEqSimp/quadraticInEq2.key.proof 
353195     DEBUG main            d.u.i.k.p.i.AbstractProblemLoader Environment load took 106.9ns 
353196     INFO  main            d.u.i.k.p.i.AbstractProblemLoader Creating init config 
356058     DEBUG main            d.u.i.k.p.i.AbstractProblemLoader Init config took 2.86s 
356074     INFO  main            d.u.i.k.p.i.AbstractProblemLoader Replaying proof quadraticInEq2.key.proof 
356079     DEBUG main            d.u.i.k.p.i.IntermediateProofReplayer Proof replay took 3.1ms 
356080     DEBUG main            d.u.i.k.p.r.p.TestFile    ... success: reloaded. 
356080     INFO  main            d.u.i.k.p.r.p.TestFile    Now processing file /home/runner/work/key/key/key.core/../key.ui/examples/standard_key/inEqSimp/quadraticInEq3.key 
356081     INFO  main            d.u.i.k.p.i.AbstractProblemLoader Loading environment from /home/runner/work/key/key/key.core/../key.ui/examples/standard_key/inEqSimp/quadraticInEq3.key 
356081     DEBUG main            d.u.i.k.p.i.AbstractProblemLoader Environment load took 150.6ns 
356082     INFO  main            d.u.i.k.p.i.AbstractProblemLoader Creating init config 
358863     DEBUG main            d.u.i.k.p.i.AbstractProblemLoader Init config took 2.78s 
358878     INFO  main            d.u.i.k.p.i.AbstractProblemLoader Replaying proof quadraticInEq3.key 
358880     DEBUG main            d.u.i.k.p.i.IntermediateProofReplayer Proof replay took 3ns 
358982     INFO  main            d.u.i.k.p.r.p.TestFile    ... finished proof: closed. 
359401     INFO  main            d.u.i.k.p.i.AbstractProblemLoader Loading environment from /home/runner/work/key/key/key.core/../key.ui/examples/standard_key/inEqSimp/quadraticInEq3.key.proof 
359401     DEBUG main            d.u.i.k.p.i.AbstractProblemLoader Environment load took 96.4ns 
359402     INFO  main            d.u.i.k.p.i.AbstractProblemLoader Creating init config 
362095     DEBUG main            d.u.i.k.p.i.AbstractProblemLoader Init config took 2.69s 
362110     INFO  main            d.u.i.k.p.i.AbstractProblemLoader Replaying proof quadraticInEq3.key.proof 
362119     DEBUG main            d.u.i.k.p.i.IntermediateProofReplayer Proof replay took 6.97ms 
362120     DEBUG main            d.u.i.k.p.r.p.TestFile    ... success: reloaded. 
362121     INFO  main            d.u.i.k.p.r.p.TestFile    Now processing file /home/runner/work/key/key/key.core/../key.ui/examples/standard_key/inEqSimp/quadraticInEq4.key 
362121     INFO  main            d.u.i.k.p.i.AbstractProblemLoader Loading environment from /home/runner/work/key/key/key.core/../key.ui/examples/standard_key/inEqSimp/quadraticInEq4.key 
362121     DEBUG main            d.u.i.k.p.i.AbstractProblemLoader Environment load took 127.8ns 
362122     INFO  main            d.u.i.k.p.i.AbstractProblemLoader Creating init config 
364750     DEBUG main            d.u.i.k.p.i.AbstractProblemLoader Init config took 2.63s 
364763     INFO  main            d.u.i.k.p.i.AbstractProblemLoader Replaying proof quadraticInEq4.key 
364766     DEBUG main            d.u.i.k.p.i.IntermediateProofReplayer Proof replay took 3.3ns 
364868     INFO  main            d.u.i.k.p.r.p.TestFile    ... finished proof: closed. 
365299     INFO  main            d.u.i.k.p.i.AbstractProblemLoader Loading environment from /home/runner/work/key/key/key.core/../key.ui/examples/standard_key/inEqSimp/quadraticInEq4.key.proof 
365299     DEBUG main            d.u.i.k.p.i.AbstractProblemLoader Environment load took 98.3ns 
365300     INFO  main            d.u.i.k.p.i.AbstractProblemLoader Creating init config 
367872     DEBUG main            d.u.i.k.p.i.AbstractProblemLoader Init config took 2.57s 
367887     INFO  main            d.u.i.k.p.i.AbstractProblemLoader Replaying proof quadraticInEq4.key.proof 
367894     DEBUG main            d.u.i.k.p.i.IntermediateProofReplayer Proof replay took 5.47ms 
367895     DEBUG main            d.u.i.k.p.r.p.TestFile    ... success: reloaded. 
367896     INFO  main            d.u.i.k.p.r.p.TestFile    Now processing file /home/runner/work/key/key/key.core/../key.ui/examples/standard_key/inEqSimp/quadraticInEq5.key 
367896     INFO  main            d.u.i.k.p.i.AbstractProblemLoader Loading environment from /home/runner/work/key/key/key.core/../key.ui/examples/standard_key/inEqSimp/quadraticInEq5.key 
367897     DEBUG main            d.u.i.k.p.i.AbstractProblemLoader Environment load took 182ns 
367898     INFO  main            d.u.i.k.p.i.AbstractProblemLoader Creating init config 
370505     DEBUG main            d.u.i.k.p.i.AbstractProblemLoader Init config took 2.61s 
370520     INFO  main            d.u.i.k.p.i.AbstractProblemLoader Replaying proof quadraticInEq5.key 
370523     DEBUG main            d.u.i.k.p.i.IntermediateProofReplayer Proof replay took 184ns 
370625     INFO  main            d.u.i.k.p.r.p.TestFile    ... finished proof: closed. 
371048     INFO  main            d.u.i.k.p.i.AbstractProblemLoader Loading environment from /home/runner/work/key/key/key.core/../key.ui/examples/standard_key/inEqSimp/quadraticInEq5.key.proof 
371049     DEBUG main            d.u.i.k.p.i.AbstractProblemLoader Environment load took 93.6ns 
371050     INFO  main            d.u.i.k.p.i.AbstractProblemLoader Creating init config 
373657     DEBUG main            d.u.i.k.p.i.AbstractProblemLoader Init config took 2.61s 
373671     INFO  main            d.u.i.k.p.i.AbstractProblemLoader Replaying proof quadraticInEq5.key.proof 
373679     DEBUG main            d.u.i.k.p.i.IntermediateProofReplayer Proof replay took 5.82ms 
373679     DEBUG main            d.u.i.k.p.r.p.TestFile    ... success: reloaded. 
373680     INFO  main            d.u.i.k.p.r.p.TestFile    Now processing file /home/runner/work/key/key/key.core/../key.ui/examples/standard_key/inEqSimp/quadraticInEq6.key 
373681     INFO  main            d.u.i.k.p.i.AbstractProblemLoader Loading environment from /home/runner/work/key/key/key.core/../key.ui/examples/standard_key/inEqSimp/quadraticInEq6.key 
373681     DEBUG main            d.u.i.k.p.i.AbstractProblemLoader Environment load took 109ns 
373682     INFO  main            d.u.i.k.p.i.AbstractProblemLoader Creating init config 
376468     DEBUG main            d.u.i.k.p.i.AbstractProblemLoader Init config took 2.79s 
376484     INFO  main            d.u.i.k.p.i.AbstractProblemLoader Replaying proof quadraticInEq6.key 
376485     DEBUG main            d.u.i.k.p.i.IntermediateProofReplayer Proof replay took 3.2ns 
376588     INFO  main            d.u.i.k.p.r.p.TestFile    ... finished proof: closed. 
377028     INFO  main            d.u.i.k.p.i.AbstractProblemLoader Loading environment from /home/runner/work/key/key/key.core/../key.ui/examples/standard_key/inEqSimp/quadraticInEq6.key.proof 
377028     DEBUG main            d.u.i.k.p.i.AbstractProblemLoader Environment load took 111.2ns 
377029     INFO  main            d.u.i.k.p.i.AbstractProblemLoader Creating init config 
379729     DEBUG main            d.u.i.k.p.i.AbstractProblemLoader Init config took 2.7s 
379743     INFO  main            d.u.i.k.p.i.AbstractProblemLoader Replaying proof quadraticInEq6.key.proof 
379751     DEBUG main            d.u.i.k.p.i.IntermediateProofReplayer Proof replay took 5.89ms 
379752     DEBUG main            d.u.i.k.p.r.p.TestFile    ... success: reloaded. 
379753     INFO  main            d.u.i.k.p.r.p.TestFile    Now processing file /home/runner/work/key/key/key.core/../key.ui/examples/standard_key/inEqSimp/quadraticInEq7.key 
379753     INFO  main            d.u.i.k.p.i.AbstractProblemLoader Loading environment from /home/runner/work/key/key/key.core/../key.ui/examples/standard_key/inEqSimp/quadraticInEq7.key 
379753     DEBUG main            d.u.i.k.p.i.AbstractProblemLoader Environment load took 75.1ns 
379754     INFO  main            d.u.i.k.p.i.AbstractProblemLoader Creating init config 
382467     DEBUG main            d.u.i.k.p.i.AbstractProblemLoader Init config took 2.71s 
382508     INFO  main            d.u.i.k.p.i.AbstractProblemLoader Replaying proof quadraticInEq7.key 
382510     DEBUG main            d.u.i.k.p.i.IntermediateProofReplayer Proof replay took 2.7ns 
382612     INFO  main            d.u.i.k.p.r.p.TestFile    ... finished proof: closed. 
383068     INFO  main            d.u.i.k.p.i.AbstractProblemLoader Loading environment from /home/runner/work/key/key/key.core/../key.ui/examples/standard_key/inEqSimp/quadraticInEq7.key.proof 
383068     DEBUG main            d.u.i.k.p.i.AbstractProblemLoader Environment load took 92.9ns 
383069     INFO  main            d.u.i.k.p.i.AbstractProblemLoader Creating init config 
385722     DEBUG main            d.u.i.k.p.i.AbstractProblemLoader Init config took 2.65s 
385737     INFO  main            d.u.i.k.p.i.AbstractProblemLoader Replaying proof quadraticInEq7.key.proof 
385742     DEBUG main            d.u.i.k.p.i.IntermediateProofReplayer Proof replay took 3.22ms 
385743     DEBUG main            d.u.i.k.p.r.p.TestFile    ... success: reloaded. 
385744     INFO  main            d.u.i.k.p.r.p.TestFile    Now processing file /home/runner/work/key/key/key.core/../key.ui/examples/standard_key/inEqSimp/quadraticInEq8.key 
385744     INFO  main            d.u.i.k.p.i.AbstractProblemLoader Loading environment from /home/runner/work/key/key/key.core/../key.ui/examples/standard_key/inEqSimp/quadraticInEq8.key 
385745     DEBUG main            d.u.i.k.p.i.AbstractProblemLoader Environment load took 104.4ns 
385746     INFO  main            d.u.i.k.p.i.AbstractProblemLoader Creating init config 
388461     DEBUG main            d.u.i.k.p.i.AbstractProblemLoader Init config took 2.71s 
388475     INFO  main            d.u.i.k.p.i.AbstractProblemLoader Replaying proof quadraticInEq8.key 
388477     DEBUG main            d.u.i.k.p.i.IntermediateProofReplayer Proof replay took 3.1ns 
388680     INFO  main            d.u.i.k.p.r.p.TestFile    ... finished proof: closed. 
389153     INFO  main            d.u.i.k.p.i.AbstractProblemLoader Loading environment from /home/runner/work/key/key/key.core/../key.ui/examples/standard_key/inEqSimp/quadraticInEq8.key.proof 
389153     DEBUG main            d.u.i.k.p.i.AbstractProblemLoader Environment load took 88.2ns 
389154     INFO  main            d.u.i.k.p.i.AbstractProblemLoader Creating init config 
391689     DEBUG main            d.u.i.k.p.i.AbstractProblemLoader Init config took 2.54s 
391703     INFO  main            d.u.i.k.p.i.AbstractProblemLoader Replaying proof quadraticInEq8.key.proof 
391714     DEBUG main            d.u.i.k.p.i.IntermediateProofReplayer Proof replay took 9.22ms 
391715     DEBUG main            d.u.i.k.p.r.p.TestFile    ... success: reloaded. 
391716     INFO  main            d.u.i.k.p.r.p.TestFile    Now processing file /home/runner/work/key/key/key.core/../key.ui/examples/standard_key/inEqSimp/simplify0.key 
391716     INFO  main            d.u.i.k.p.i.AbstractProblemLoader Loading environment from /home/runner/work/key/key/key.core/../key.ui/examples/standard_key/inEqSimp/simplify0.key 
391716     DEBUG main            d.u.i.k.p.i.AbstractProblemLoader Environment load took 119.1ns 
391717     INFO  main            d.u.i.k.p.i.AbstractProblemLoader Creating init config 
394343     DEBUG main            d.u.i.k.p.i.AbstractProblemLoader Init config took 2.63s 
394359     INFO  main            d.u.i.k.p.i.AbstractProblemLoader Replaying proof simplify0.key 
394360     DEBUG main            d.u.i.k.p.i.IntermediateProofReplayer Proof replay took 2.8ns 
394462     INFO  main            d.u.i.k.p.r.p.TestFile    ... finished proof: closed. 
394926     INFO  main            d.u.i.k.p.i.AbstractProblemLoader Loading environment from /home/runner/work/key/key/key.core/../key.ui/examples/standard_key/inEqSimp/simplify0.key.proof 
394926     DEBUG main            d.u.i.k.p.i.AbstractProblemLoader Environment load took 105.4ns 
394927     INFO  main            d.u.i.k.p.i.AbstractProblemLoader Creating init config 
397523     DEBUG main            d.u.i.k.p.i.AbstractProblemLoader Init config took 2.6s 
397538     INFO  main            d.u.i.k.p.i.AbstractProblemLoader Replaying proof simplify0.key.proof 
397543     DEBUG main            d.u.i.k.p.i.IntermediateProofReplayer Proof replay took 2.99ms 
397544     DEBUG main            d.u.i.k.p.r.p.TestFile    ... success: reloaded. 
397544     INFO  main            d.u.i.k.p.r.p.TestFile    Now processing file /home/runner/work/key/key/key.core/../key.ui/examples/standard_key/inEqSimp/simplify1.key 
397544     INFO  main            d.u.i.k.p.i.AbstractProblemLoader Loading environment from /home/runner/work/key/key/key.core/../key.ui/examples/standard_key/inEqSimp/simplify1.key 
397544     DEBUG main            d.u.i.k.p.i.AbstractProblemLoader Environment load took 55.2ns 
397545     INFO  main            d.u.i.k.p.i.AbstractProblemLoader Creating init config 
400188     DEBUG main            d.u.i.k.p.i.AbstractProblemLoader Init config took 2.64s 
400203     INFO  main            d.u.i.k.p.i.AbstractProblemLoader Replaying proof simplify1.key 
400204     DEBUG main            d.u.i.k.p.i.IntermediateProofReplayer Proof replay took 3.8ns 
400306     INFO  main            d.u.i.k.p.r.p.TestFile    ... finished proof: closed. 
400768     INFO  main            d.u.i.k.p.i.AbstractProblemLoader Loading environment from /home/runner/work/key/key/key.core/../key.ui/examples/standard_key/inEqSimp/simplify1.key.proof 
400768     DEBUG main            d.u.i.k.p.i.AbstractProblemLoader Environment load took 81.3ns 
400769     INFO  main            d.u.i.k.p.i.AbstractProblemLoader Creating init config 
403446     DEBUG main            d.u.i.k.p.i.AbstractProblemLoader Init config took 2.68s 
403461     INFO  main            d.u.i.k.p.i.AbstractProblemLoader Replaying proof simplify1.key.proof 
403464     DEBUG main            d.u.i.k.p.i.IntermediateProofReplayer Proof replay took 1.62ms 
403464     DEBUG main            d.u.i.k.p.r.p.TestFile    ... success: reloaded. 
403465     INFO  main            d.u.i.k.p.r.p.TestFile    Now processing file /home/runner/work/key/key/key.core/../key.ui/examples/standard_key/inEqSimp/simplify2.key 
403465     INFO  main            d.u.i.k.p.i.AbstractProblemLoader Loading environment from /home/runner/work/key/key/key.core/../key.ui/examples/standard_key/inEqSimp/simplify2.key 
403466     DEBUG main            d.u.i.k.p.i.AbstractProblemLoader Environment load took 155.7ns 
403467     INFO  main            d.u.i.k.p.i.AbstractProblemLoader Creating init config 
406120     DEBUG main            d.u.i.k.p.i.AbstractProblemLoader Init config took 2.65s 
406135     INFO  main            d.u.i.k.p.i.AbstractProblemLoader Replaying proof simplify2.key 
406136     DEBUG main            d.u.i.k.p.i.IntermediateProofReplayer Proof replay took 3.3ns 
406339     INFO  main            d.u.i.k.p.r.p.TestFile    ... finished proof: closed. 
406808     INFO  main            d.u.i.k.p.i.AbstractProblemLoader Loading environment from /home/runner/work/key/key/key.core/../key.ui/examples/standard_key/inEqSimp/simplify2.key.proof 
406808     DEBUG main            d.u.i.k.p.i.AbstractProblemLoader Environment load took 87.1ns 
406809     INFO  main            d.u.i.k.p.i.AbstractProblemLoader Creating init config 
409387     DEBUG main            d.u.i.k.p.i.AbstractProblemLoader Init config took 2.58s 
409403     INFO  main            d.u.i.k.p.i.AbstractProblemLoader Replaying proof simplify2.key.proof 
409419     DEBUG main            d.u.i.k.p.i.IntermediateProofReplayer Proof replay took 14.26ms 
409420     DEBUG main            d.u.i.k.p.r.p.TestFile    ... success: reloaded. 
409420     INFO  main            d.u.i.k.p.r.p.TestFile    Now processing file /home/runner/work/key/key/key.core/../key.ui/examples/standard_key/inEqSimp/simplify3.key 
409421     INFO  main            d.u.i.k.p.i.AbstractProblemLoader Loading environment from /home/runner/work/key/key/key.core/../key.ui/examples/standard_key/inEqSimp/simplify3.key 
409421     DEBUG main            d.u.i.k.p.i.AbstractProblemLoader Environment load took 95.1ns 
409422     INFO  main            d.u.i.k.p.i.AbstractProblemLoader Creating init config 
412084     DEBUG main            d.u.i.k.p.i.AbstractProblemLoader Init config took 2.66s 
412098     INFO  main            d.u.i.k.p.i.AbstractProblemLoader Replaying proof simplify3.key 
412099     DEBUG main            d.u.i.k.p.i.IntermediateProofReplayer Proof replay took 2.9ns 
412202     INFO  main            d.u.i.k.p.r.p.TestFile    ... finished proof: closed. 
412684     INFO  main            d.u.i.k.p.i.AbstractProblemLoader Loading environment from /home/runner/work/key/key/key.core/../key.ui/examples/standard_key/inEqSimp/simplify3.key.proof 
412684     DEBUG main            d.u.i.k.p.i.AbstractProblemLoader Environment load took 91.2ns 
412685     INFO  main            d.u.i.k.p.i.AbstractProblemLoader Creating init config 
415451     DEBUG main            d.u.i.k.p.i.AbstractProblemLoader Init config took 2.77s 
415468     INFO  main            d.u.i.k.p.i.AbstractProblemLoader Replaying proof simplify3.key.proof 
415473     DEBUG main            d.u.i.k.p.i.IntermediateProofReplayer Proof replay took 2.35ms 
415473     DEBUG main            d.u.i.k.p.r.p.TestFile    ... success: reloaded. 
415474     INFO  main            d.u.i.k.p.r.p.TestFile    Now processing file /home/runner/work/key/key/key.core/../key.ui/examples/standard_key/inEqSimp/simplify4.key 
415474     INFO  main            d.u.i.k.p.i.AbstractProblemLoader Loading environment from /home/runner/work/key/key/key.core/../key.ui/examples/standard_key/inEqSimp/simplify4.key 
415474     DEBUG main            d.u.i.k.p.i.AbstractProblemLoader Environment load took 56.8ns 
415475     INFO  main            d.u.i.k.p.i.AbstractProblemLoader Creating init config 
418160     DEBUG main            d.u.i.k.p.i.AbstractProblemLoader Init config took 2.69s 
418176     INFO  main            d.u.i.k.p.i.AbstractProblemLoader Replaying proof simplify4.key 
418178     DEBUG main            d.u.i.k.p.i.IntermediateProofReplayer Proof replay took 3.5ns 
418282     INFO  main            d.u.i.k.p.r.p.TestFile    ... finished proof: closed. 
418768     INFO  main            d.u.i.k.p.i.AbstractProblemLoader Loading environment from /home/runner/work/key/key/key.core/../key.ui/examples/standard_key/inEqSimp/simplify4.key.proof 
418768     DEBUG main            d.u.i.k.p.i.AbstractProblemLoader Environment load took 97.5ns 
418770     INFO  main            d.u.i.k.p.i.AbstractProblemLoader Creating init config 
421444     DEBUG main            d.u.i.k.p.i.AbstractProblemLoader Init config took 2.67s 
421461     INFO  main            d.u.i.k.p.i.AbstractProblemLoader Replaying proof simplify4.key.proof 
421482     DEBUG main            d.u.i.k.p.i.IntermediateProofReplayer Proof replay took 18.51ms 
421483     DEBUG main            d.u.i.k.p.r.p.TestFile    ... success: reloaded. 
421484     INFO  main            d.u.i.k.p.r.p.TestFile    Now processing file /home/runner/work/key/key/key.core/../key.ui/examples/standard_key/inEqSimp/simplify5.key 
421484     INFO  main            d.u.i.k.p.i.AbstractProblemLoader Loading environment from /home/runner/work/key/key/key.core/../key.ui/examples/standard_key/inEqSimp/simplify5.key 
421484     DEBUG main            d.u.i.k.p.i.AbstractProblemLoader Environment load took 119.8ns 
421485     INFO  main            d.u.i.k.p.i.AbstractProblemLoader Creating init config 
424160     DEBUG main            d.u.i.k.p.i.AbstractProblemLoader Init config took 2.67s 
424175     INFO  main            d.u.i.k.p.i.AbstractProblemLoader Replaying proof simplify5.key 
424176     DEBUG main            d.u.i.k.p.i.IntermediateProofReplayer Proof replay took 3ns 
424887     INFO  main            d.u.i.k.p.r.p.TestFile    ... finished proof: closed. 
425410     INFO  main            d.u.i.k.p.i.AbstractProblemLoader Loading environment from /home/runner/work/key/key/key.core/../key.ui/examples/standard_key/inEqSimp/simplify5.key.proof 
425410     DEBUG main            d.u.i.k.p.i.AbstractProblemLoader Environment load took 475.4ns 
425412     INFO  main            d.u.i.k.p.i.AbstractProblemLoader Creating init config 
427996     DEBUG main            d.u.i.k.p.i.AbstractProblemLoader Init config took 2.58s 
428013     INFO  main            d.u.i.k.p.i.AbstractProblemLoader Replaying proof simplify5.key.proof 
428086     DEBUG main            d.u.i.k.p.i.IntermediateProofReplayer Proof replay took 68.09ms 
428088     DEBUG main            d.u.i.k.p.r.p.TestFile    ... success: reloaded. 
428089     INFO  main            d.u.i.k.p.r.p.TestFile    Now processing file /home/runner/work/key/key/key.core/../key.ui/examples/standard_key/inEqSimp/subsumptionExample.key 
428089     INFO  main            d.u.i.k.p.i.AbstractProblemLoader Loading environment from /home/runner/work/key/key/key.core/../key.ui/examples/standard_key/inEqSimp/subsumptionExample.key 
428090     DEBUG main            d.u.i.k.p.i.AbstractProblemLoader Environment load took 248.9ns 
428091     INFO  main            d.u.i.k.p.i.AbstractProblemLoader Creating init config 
430708     DEBUG main            d.u.i.k.p.i.AbstractProblemLoader Init config took 2.62s 
430722     INFO  main            d.u.i.k.p.i.AbstractProblemLoader Replaying proof subsumptionExample.key 
430724     DEBUG main            d.u.i.k.p.i.IntermediateProofReplayer Proof replay took 3.1ns 
430825     INFO  main            d.u.i.k.p.r.p.TestFile    ... finished proof: closed. 
431347     INFO  main            d.u.i.k.p.i.AbstractProblemLoader Loading environment from /home/runner/work/key/key/key.core/../key.ui/examples/standard_key/inEqSimp/subsumptionExample.key.proof 
431347     DEBUG main            d.u.i.k.p.i.AbstractProblemLoader Environment load took 95.5ns 
431348     INFO  main            d.u.i.k.p.i.AbstractProblemLoader Creating init config 
433911     DEBUG main            d.u.i.k.p.i.AbstractProblemLoader Init config took 2.56s 
433925     INFO  main            d.u.i.k.p.i.AbstractProblemLoader Replaying proof subsumptionExample.key.proof 
433928     DEBUG main            d.u.i.k.p.i.IntermediateProofReplayer Proof replay took 960ns 
433929     DEBUG main            d.u.i.k.p.r.p.TestFile    ... success: reloaded. 
433929     INFO  main            d.u.i.k.p.r.p.TestFile    Now processing file /home/runner/work/key/key/key.core/../key.ui/examples/standard_key/polySimp/simplify0.key 
433929     INFO  main            d.u.i.k.p.i.AbstractProblemLoader Loading environment from /home/runner/work/key/key/key.core/../key.ui/examples/standard_key/polySimp/simplify0.key 
433930     DEBUG main            d.u.i.k.p.i.AbstractProblemLoader Environment load took 88.4ns 
433931     INFO  main            d.u.i.k.p.i.AbstractProblemLoader Creating init config 
436643     DEBUG main            d.u.i.k.p.i.AbstractProblemLoader Init config took 2.71s 
436658     INFO  main            d.u.i.k.p.i.AbstractProblemLoader Replaying proof simplify0.key 
436659     DEBUG main            d.u.i.k.p.i.IntermediateProofReplayer Proof replay took 3ns 
436862     INFO  main            d.u.i.k.p.r.p.TestFile    ... finished proof: closed. 
437393     INFO  main            d.u.i.k.p.i.AbstractProblemLoader Loading environment from /home/runner/work/key/key/key.core/../key.ui/examples/standard_key/polySimp/simplify0.key.proof 
437393     DEBUG main            d.u.i.k.p.i.AbstractProblemLoader Environment load took 171.5ns 
437394     INFO  main            d.u.i.k.p.i.AbstractProblemLoader Creating init config 
439985     DEBUG main            d.u.i.k.p.i.AbstractProblemLoader Init config took 2.59s 
440001     INFO  main            d.u.i.k.p.i.AbstractProblemLoader Replaying proof simplify0.key.proof 
440023     DEBUG main            d.u.i.k.p.i.IntermediateProofReplayer Proof replay took 19.69ms 
440024     DEBUG main            d.u.i.k.p.r.p.TestFile    ... success: reloaded. 
440024     INFO  main            d.u.i.k.p.r.p.TestFile    Now processing file /home/runner/work/key/key/key.core/../key.ui/examples/standard_key/polySimp/simplify1.key 
440025     INFO  main            d.u.i.k.p.i.AbstractProblemLoader Loading environment from /home/runner/work/key/key/key.core/../key.ui/examples/standard_key/polySimp/simplify1.key 
440025     DEBUG main            d.u.i.k.p.i.AbstractProblemLoader Environment load took 97.2ns 
440026     INFO  main            d.u.i.k.p.i.AbstractProblemLoader Creating init config 
442791     DEBUG main            d.u.i.k.p.i.AbstractProblemLoader Init config took 2.76s 
442807     INFO  main            d.u.i.k.p.i.AbstractProblemLoader Replaying proof simplify1.key 
442810     DEBUG main            d.u.i.k.p.i.IntermediateProofReplayer Proof replay took 3.5ns 
443214     INFO  main            d.u.i.k.p.r.p.TestFile    ... finished proof: closed. 
443835     INFO  main            d.u.i.k.p.i.AbstractProblemLoader Loading environment from /home/runner/work/key/key/key.core/../key.ui/examples/standard_key/polySimp/simplify1.key.proof 
443835     DEBUG main            d.u.i.k.p.i.AbstractProblemLoader Environment load took 115ns 
443837     INFO  main            d.u.i.k.p.i.AbstractProblemLoader Creating init config 
446434     DEBUG main            d.u.i.k.p.i.AbstractProblemLoader Init config took 2.6s 
446450     INFO  main            d.u.i.k.p.i.AbstractProblemLoader Replaying proof simplify1.key.proof 
446480     DEBUG main            d.u.i.k.p.i.IntermediateProofReplayer Proof replay took 28.27ms 
446481     DEBUG main            d.u.i.k.p.r.p.TestFile    ... success: reloaded. 
446482     INFO  main            d.u.i.k.p.r.p.TestFile    Now processing file /home/runner/work/key/key/key.core/../key.ui/examples/standard_key/polySimp/simplify10.key 
446482     INFO  main            d.u.i.k.p.i.AbstractProblemLoader Loading environment from /home/runner/work/key/key/key.core/../key.ui/examples/standard_key/polySimp/simplify10.key 
446483     DEBUG main            d.u.i.k.p.i.AbstractProblemLoader Environment load took 110.7ns 
446484     INFO  main            d.u.i.k.p.i.AbstractProblemLoader Creating init config 
449054     DEBUG main            d.u.i.k.p.i.AbstractProblemLoader Init config took 2.57s 
449070     INFO  main            d.u.i.k.p.i.AbstractProblemLoader Replaying proof simplify10.key 
449071     DEBUG main            d.u.i.k.p.i.IntermediateProofReplayer Proof replay took 2.7ns 
449375     INFO  main            d.u.i.k.p.r.p.TestFile    ... finished proof: closed. 
449947     INFO  main            d.u.i.k.p.i.AbstractProblemLoader Loading environment from /home/runner/work/key/key/key.core/../key.ui/examples/standard_key/polySimp/simplify10.key.proof 
449947     DEBUG main            d.u.i.k.p.i.AbstractProblemLoader Environment load took 78.2ns 
449948     INFO  main            d.u.i.k.p.i.AbstractProblemLoader Creating init config 
452529     DEBUG main            d.u.i.k.p.i.AbstractProblemLoader Init config took 2.58s 
452545     INFO  main            d.u.i.k.p.i.AbstractProblemLoader Replaying proof simplify10.key.proof 
452585     DEBUG main            d.u.i.k.p.i.IntermediateProofReplayer Proof replay took 37.34ms 
452587     DEBUG main            d.u.i.k.p.r.p.TestFile    ... success: reloaded. 
452587     INFO  main            d.u.i.k.p.r.p.TestFile    Now processing file /home/runner/work/key/key/key.core/../key.ui/examples/standard_key/polySimp/simplify11.key 
452587     INFO  main            d.u.i.k.p.i.AbstractProblemLoader Loading environment from /home/runner/work/key/key/key.core/../key.ui/examples/standard_key/polySimp/simplify11.key 
452587     DEBUG main            d.u.i.k.p.i.AbstractProblemLoader Environment load took 55.2ns 
452588     INFO  main            d.u.i.k.p.i.AbstractProblemLoader Creating init config 
455215     DEBUG main            d.u.i.k.p.i.AbstractProblemLoader Init config took 2.63s 
455254     INFO  main            d.u.i.k.p.i.AbstractProblemLoader Replaying proof simplify11.key 
455255     DEBUG main            d.u.i.k.p.i.IntermediateProofReplayer Proof replay took 2.8ns 
455557     INFO  main            d.u.i.k.p.r.p.TestFile    ... finished proof: closed. 
456121     INFO  main            d.u.i.k.p.i.AbstractProblemLoader Loading environment from /home/runner/work/key/key/key.core/../key.ui/examples/standard_key/polySimp/simplify11.key.proof 
456121     DEBUG main            d.u.i.k.p.i.AbstractProblemLoader Environment load took 136.6ns 
456122     INFO  main            d.u.i.k.p.i.AbstractProblemLoader Creating init config 
458842     DEBUG main            d.u.i.k.p.i.AbstractProblemLoader Init config took 2.72s 
458858     INFO  main            d.u.i.k.p.i.AbstractProblemLoader Replaying proof simplify11.key.proof 
458887     DEBUG main            d.u.i.k.p.i.IntermediateProofReplayer Proof replay took 26.97ms 
458889     DEBUG main            d.u.i.k.p.r.p.TestFile    ... success: reloaded. 
458889     INFO  main            d.u.i.k.p.r.p.TestFile    Now processing file /home/runner/work/key/key/key.core/../key.ui/examples/standard_key/polySimp/simplify12.key 
458889     INFO  main            d.u.i.k.p.i.AbstractProblemLoader Loading environment from /home/runner/work/key/key/key.core/../key.ui/examples/standard_key/polySimp/simplify12.key 
458889     DEBUG main            d.u.i.k.p.i.AbstractProblemLoader Environment load took 107.7ns 
458891     INFO  main            d.u.i.k.p.i.AbstractProblemLoader Creating init config 
461777     DEBUG main            d.u.i.k.p.i.AbstractProblemLoader Init config took 2.89s 
461792     INFO  main            d.u.i.k.p.i.AbstractProblemLoader Replaying proof simplify12.key 
461794     DEBUG main            d.u.i.k.p.i.IntermediateProofReplayer Proof replay took 2.9ns 
461996     INFO  main            d.u.i.k.p.r.p.TestFile    ... finished proof: closed. 
462560     INFO  main            d.u.i.k.p.i.AbstractProblemLoader Loading environment from /home/runner/work/key/key/key.core/../key.ui/examples/standard_key/polySimp/simplify12.key.proof 
462560     DEBUG main            d.u.i.k.p.i.AbstractProblemLoader Environment load took 191.6ns 
462562     INFO  main            d.u.i.k.p.i.AbstractProblemLoader Creating init config 
465243     DEBUG main            d.u.i.k.p.i.AbstractProblemLoader Init config took 2.68s 
465259     INFO  main            d.u.i.k.p.i.AbstractProblemLoader Replaying proof simplify12.key.proof 
465274     DEBUG main            d.u.i.k.p.i.IntermediateProofReplayer Proof replay took 12.25ms 
465274     DEBUG main            d.u.i.k.p.r.p.TestFile    ... success: reloaded. 
465275     INFO  main            d.u.i.k.p.r.p.TestFile    Now processing file /home/runner/work/key/key/key.core/../key.ui/examples/standard_key/polySimp/simplify13.key 
465275     INFO  main            d.u.i.k.p.i.AbstractProblemLoader Loading environment from /home/runner/work/key/key/key.core/../key.ui/examples/standard_key/polySimp/simplify13.key 
465276     DEBUG main            d.u.i.k.p.i.AbstractProblemLoader Environment load took 55.3ns 
465277     INFO  main            d.u.i.k.p.i.AbstractProblemLoader Creating init config 
468137     DEBUG main            d.u.i.k.p.i.AbstractProblemLoader Init config took 2.86s 
468173     INFO  main            d.u.i.k.p.i.AbstractProblemLoader Replaying proof simplify13.key 
468174     DEBUG main            d.u.i.k.p.i.IntermediateProofReplayer Proof replay took 3ns 
468276     INFO  main            d.u.i.k.p.r.p.TestFile    ... finished proof: closed. 
468826     INFO  main            d.u.i.k.p.i.AbstractProblemLoader Loading environment from /home/runner/work/key/key/key.core/../key.ui/examples/standard_key/polySimp/simplify13.key.proof 
468826     DEBUG main            d.u.i.k.p.i.AbstractProblemLoader Environment load took 84.5ns 
468827     INFO  main            d.u.i.k.p.i.AbstractProblemLoader Creating init config 
471694     DEBUG main            d.u.i.k.p.i.AbstractProblemLoader Init config took 2.87s 
471712     INFO  main            d.u.i.k.p.i.AbstractProblemLoader Replaying proof simplify13.key.proof 
471721     DEBUG main            d.u.i.k.p.i.IntermediateProofReplayer Proof replay took 7.07ms 
471722     DEBUG main            d.u.i.k.p.r.p.TestFile    ... success: reloaded. 
471723     INFO  main            d.u.i.k.p.r.p.TestFile    Now processing file /home/runner/work/key/key/key.core/../key.ui/examples/standard_key/polySimp/simplify14.key 
471723     INFO  main            d.u.i.k.p.i.AbstractProblemLoader Loading environment from /home/runner/work/key/key/key.core/../key.ui/examples/standard_key/polySimp/simplify14.key 
471723     DEBUG main            d.u.i.k.p.i.AbstractProblemLoader Environment load took 59.3ns 
471724     INFO  main            d.u.i.k.p.i.AbstractProblemLoader Creating init config 
474615     DEBUG main            d.u.i.k.p.i.AbstractProblemLoader Init config took 2.89s 
474631     INFO  main            d.u.i.k.p.i.AbstractProblemLoader Replaying proof simplify14.key 
474633     DEBUG main            d.u.i.k.p.i.IntermediateProofReplayer Proof replay took 2.9ns 
474735     INFO  main            d.u.i.k.p.r.p.TestFile    ... finished proof: closed. 
475308     INFO  main            d.u.i.k.p.i.AbstractProblemLoader Loading environment from /home/runner/work/key/key/key.core/../key.ui/examples/standard_key/polySimp/simplify14.key.proof 
475308     DEBUG main            d.u.i.k.p.i.AbstractProblemLoader Environment load took 87.1ns 
475309     INFO  main            d.u.i.k.p.i.AbstractProblemLoader Creating init config 
478128     DEBUG main            d.u.i.k.p.i.AbstractProblemLoader Init config took 2.82s 
478154     INFO  main            d.u.i.k.p.i.AbstractProblemLoader Replaying proof simplify14.key.proof 
478160     DEBUG main            d.u.i.k.p.i.IntermediateProofReplayer Proof replay took 2.55ms 
478162     DEBUG main            d.u.i.k.p.r.p.TestFile    ... success: reloaded. 
478163     INFO  main            d.u.i.k.p.r.p.TestFile    Now processing file /home/runner/work/key/key/key.core/../key.ui/examples/standard_key/polySimp/simplify15.key 
478163     INFO  main            d.u.i.k.p.i.AbstractProblemLoader Loading environment from /home/runner/work/key/key/key.core/../key.ui/examples/standard_key/polySimp/simplify15.key 
478164     DEBUG main            d.u.i.k.p.i.AbstractProblemLoader Environment load took 86.9ns 
478165     INFO  main            d.u.i.k.p.i.AbstractProblemLoader Creating init config 
481087     DEBUG main            d.u.i.k.p.i.AbstractProblemLoader Init config took 2.92s 
481101     INFO  main            d.u.i.k.p.i.AbstractProblemLoader Replaying proof simplify15.key 
481103     DEBUG main            d.u.i.k.p.i.IntermediateProofReplayer Proof replay took 3.7ns 
481204     INFO  main            d.u.i.k.p.r.p.TestFile    ... finished proof: closed. 
481796     INFO  main            d.u.i.k.p.i.AbstractProblemLoader Loading environment from /home/runner/work/key/key/key.core/../key.ui/examples/standard_key/polySimp/simplify15.key.proof 
481796     DEBUG main            d.u.i.k.p.i.AbstractProblemLoader Environment load took 97.3ns 
481797     INFO  main            d.u.i.k.p.i.AbstractProblemLoader Creating init config 
484633     DEBUG main            d.u.i.k.p.i.AbstractProblemLoader Init config took 2.84s 
484648     INFO  main            d.u.i.k.p.i.AbstractProblemLoader Replaying proof simplify15.key.proof 
484650     DEBUG main            d.u.i.k.p.i.IntermediateProofReplayer Proof replay took 867.3ns 
484651     DEBUG main            d.u.i.k.p.r.p.TestFile    ... success: reloaded. 
484652     INFO  main            d.u.i.k.p.r.p.TestFile    Now processing file /home/runner/work/key/key/key.core/../key.ui/examples/standard_key/polySimp/simplify16.key 
484652     INFO  main            d.u.i.k.p.i.AbstractProblemLoader Loading environment from /home/runner/work/key/key/key.core/../key.ui/examples/standard_key/polySimp/simplify16.key 
484652     DEBUG main            d.u.i.k.p.i.AbstractProblemLoader Environment load took 82.5ns 
484653     INFO  main            d.u.i.k.p.i.AbstractProblemLoader Creating init config 
487558     DEBUG main            d.u.i.k.p.i.AbstractProblemLoader Init config took 2.9s 
487573     INFO  main            d.u.i.k.p.i.AbstractProblemLoader Replaying proof simplify16.key 
487574     DEBUG main            d.u.i.k.p.i.IntermediateProofReplayer Proof replay took 2.8ns 
487676     INFO  main            d.u.i.k.p.r.p.TestFile    ... finished proof: closed. 
488264     INFO  main            d.u.i.k.p.i.AbstractProblemLoader Loading environment from /home/runner/work/key/key/key.core/../key.ui/examples/standard_key/polySimp/simplify16.key.proof 
488264     DEBUG main            d.u.i.k.p.i.AbstractProblemLoader Environment load took 94.4ns 
488265     INFO  main            d.u.i.k.p.i.AbstractProblemLoader Creating init config 
490816     DEBUG main            d.u.i.k.p.i.AbstractProblemLoader Init config took 2.55s 
490830     INFO  main            d.u.i.k.p.i.AbstractProblemLoader Replaying proof simplify16.key.proof 
490832     DEBUG main            d.u.i.k.p.i.IntermediateProofReplayer Proof replay took 634.4ns 
490832     DEBUG main            d.u.i.k.p.r.p.TestFile    ... success: reloaded. 
490833     INFO  main            d.u.i.k.p.r.p.TestFile    Now processing file /home/runner/work/key/key/key.core/../key.ui/examples/standard_key/polySimp/simplify17.key 
490833     INFO  main            d.u.i.k.p.i.AbstractProblemLoader Loading environment from /home/runner/work/key/key/key.core/../key.ui/examples/standard_key/polySimp/simplify17.key 
490833     DEBUG main            d.u.i.k.p.i.AbstractProblemLoader Environment load took 100.4ns 
490834     INFO  main            d.u.i.k.p.i.AbstractProblemLoader Creating init config 
493428     DEBUG main            d.u.i.k.p.i.AbstractProblemLoader Init config took 2.59s 
493442     INFO  main            d.u.i.k.p.i.AbstractProblemLoader Replaying proof simplify17.key 
493443     DEBUG main            d.u.i.k.p.i.IntermediateProofReplayer Proof replay took 2.9ns 
493545     INFO  main            d.u.i.k.p.r.p.TestFile    ... finished proof: closed. 
494121     INFO  main            d.u.i.k.p.i.AbstractProblemLoader Loading environment from /home/runner/work/key/key/key.core/../key.ui/examples/standard_key/polySimp/simplify17.key.proof 
494121     DEBUG main            d.u.i.k.p.i.AbstractProblemLoader Environment load took 73ns 
494122     INFO  main            d.u.i.k.p.i.AbstractProblemLoader Creating init config 
496926     DEBUG main            d.u.i.k.p.i.AbstractProblemLoader Init config took 2.8s 
496943     INFO  main            d.u.i.k.p.i.AbstractProblemLoader Replaying proof simplify17.key.proof 
496953     DEBUG main            d.u.i.k.p.i.IntermediateProofReplayer Proof replay took 8.49ms 
496954     DEBUG main            d.u.i.k.p.r.p.TestFile    ... success: reloaded. 
496955     INFO  main            d.u.i.k.p.r.p.TestFile    Now processing file /home/runner/work/key/key/key.core/../key.ui/examples/standard_key/polySimp/simplify18.key 
496955     INFO  main            d.u.i.k.p.i.AbstractProblemLoader Loading environment from /home/runner/work/key/key/key.core/../key.ui/examples/standard_key/polySimp/simplify18.key 
496955     DEBUG main            d.u.i.k.p.i.AbstractProblemLoader Environment load took 71.6ns 
496958     INFO  main            d.u.i.k.p.i.AbstractProblemLoader Creating init config 
499831     DEBUG main            d.u.i.k.p.i.AbstractProblemLoader Init config took 2.87s 
499845     INFO  main            d.u.i.k.p.i.AbstractProblemLoader Replaying proof simplify18.key 
499847     DEBUG main            d.u.i.k.p.i.IntermediateProofReplayer Proof replay took 2.5ns 
500049     INFO  main            d.u.i.k.p.r.p.TestFile    ... finished proof: closed. 
500658     INFO  main            d.u.i.k.p.i.AbstractProblemLoader Loading environment from /home/runner/work/key/key/key.core/../key.ui/examples/standard_key/polySimp/simplify18.key.proof 
500658     DEBUG main            d.u.i.k.p.i.AbstractProblemLoader Environment load took 85ns 
500659     INFO  main            d.u.i.k.p.i.AbstractProblemLoader Creating init config 
503248     DEBUG main            d.u.i.k.p.i.AbstractProblemLoader Init config took 2.59s 
503267     INFO  main            d.u.i.k.p.i.AbstractProblemLoader Replaying proof simplify18.key.proof 
503290     DEBUG main            d.u.i.k.p.i.IntermediateProofReplayer Proof replay took 21.08ms 
503291     DEBUG main            d.u.i.k.p.r.p.TestFile    ... success: reloaded. 
503292     INFO  main            d.u.i.k.p.r.p.TestFile    Now processing file /home/runner/work/key/key/key.core/../key.ui/examples/standard_key/polySimp/simplify19.key 
503292     INFO  main            d.u.i.k.p.i.AbstractProblemLoader Loading environment from /home/runner/work/key/key/key.core/../key.ui/examples/standard_key/polySimp/simplify19.key 
503292     DEBUG main            d.u.i.k.p.i.AbstractProblemLoader Environment load took 105.2ns 
503294     INFO  main            d.u.i.k.p.i.AbstractProblemLoader Creating init config 
505917     DEBUG main            d.u.i.k.p.i.AbstractProblemLoader Init config took 2.62s 
505932     INFO  main            d.u.i.k.p.i.AbstractProblemLoader Replaying proof simplify19.key 
505933     DEBUG main            d.u.i.k.p.i.IntermediateProofReplayer Proof replay took 2.8ns 
509543     INFO  main            d.u.i.k.p.r.p.TestFile    ... finished proof: closed. 
510182     INFO  main            d.u.i.k.p.i.AbstractProblemLoader Loading environment from /home/runner/work/key/key/key.core/../key.ui/examples/standard_key/polySimp/simplify19.key.proof 
510182     DEBUG main            d.u.i.k.p.i.AbstractProblemLoader Environment load took 74.9ns 
510184     INFO  main            d.u.i.k.p.i.AbstractProblemLoader Creating init config 
512783     DEBUG main            d.u.i.k.p.i.AbstractProblemLoader Init config took 2.6s 
512798     INFO  main            d.u.i.k.p.i.AbstractProblemLoader Replaying proof simplify19.key.proof 
513147     DEBUG main            d.u.i.k.p.i.IntermediateProofReplayer Proof replay took 332.76ms 
513148     DEBUG main            d.u.i.k.p.r.p.TestFile    ... success: reloaded. 
513149     INFO  main            d.u.i.k.p.r.p.TestFile    Now processing file /home/runner/work/key/key/key.core/../key.ui/examples/standard_key/polySimp/simplify2.key 
513149     INFO  main            d.u.i.k.p.i.AbstractProblemLoader Loading environment from /home/runner/work/key/key/key.core/../key.ui/examples/standard_key/polySimp/simplify2.key 
513149     DEBUG main            d.u.i.k.p.i.AbstractProblemLoader Environment load took 72.6ns 
513150     INFO  main            d.u.i.k.p.i.AbstractProblemLoader Creating init config 
515854     DEBUG main            d.u.i.k.p.i.AbstractProblemLoader Init config took 2.7s 
515869     INFO  main            d.u.i.k.p.i.AbstractProblemLoader Replaying proof simplify2.key 
515873     DEBUG main            d.u.i.k.p.i.IntermediateProofReplayer Proof replay took 2.9ns 
515975     INFO  main            d.u.i.k.p.r.p.TestFile    ... finished proof: closed. 
516629     INFO  main            d.u.i.k.p.i.AbstractProblemLoader Loading environment from /home/runner/work/key/key/key.core/../key.ui/examples/standard_key/polySimp/simplify2.key.proof 
516629     DEBUG main            d.u.i.k.p.i.AbstractProblemLoader Environment load took 73ns 
516631     INFO  main            d.u.i.k.p.i.AbstractProblemLoader Creating init config 
519320     DEBUG main            d.u.i.k.p.i.AbstractProblemLoader Init config took 2.69s 
519334     INFO  main            d.u.i.k.p.i.AbstractProblemLoader Replaying proof simplify2.key.proof 
519337     DEBUG main            d.u.i.k.p.i.IntermediateProofReplayer Proof replay took 959.5ns 
519337     DEBUG main            d.u.i.k.p.r.p.TestFile    ... success: reloaded. 
519338     INFO  main            d.u.i.k.p.r.p.TestFile    Now processing file /home/runner/work/key/key/key.core/../key.ui/examples/standard_key/polySimp/simplify20.key 
519338     INFO  main            d.u.i.k.p.i.AbstractProblemLoader Loading environment from /home/runner/work/key/key/key.core/../key.ui/examples/standard_key/polySimp/simplify20.key 
519338     DEBUG main            d.u.i.k.p.i.AbstractProblemLoader Environment load took 99.1ns 
519339     INFO  main            d.u.i.k.p.i.AbstractProblemLoader Creating init config 
521936     DEBUG main            d.u.i.k.p.i.AbstractProblemLoader Init config took 2.6s 
521950     INFO  main            d.u.i.k.p.i.AbstractProblemLoader Replaying proof simplify20.key 
521952     DEBUG main            d.u.i.k.p.i.IntermediateProofReplayer Proof replay took 2.8ns 
522756     INFO  main            d.u.i.k.p.r.p.TestFile    ... finished proof: closed. 
523444     INFO  main            d.u.i.k.p.i.AbstractProblemLoader Loading environment from /home/runner/work/key/key/key.core/../key.ui/examples/standard_key/polySimp/simplify20.key.proof 
523445     DEBUG main            d.u.i.k.p.i.AbstractProblemLoader Environment load took 522.7ns 
523446     INFO  main            d.u.i.k.p.i.AbstractProblemLoader Creating init config 
526049     DEBUG main            d.u.i.k.p.i.AbstractProblemLoader Init config took 2.6s 
526064     INFO  main            d.u.i.k.p.i.AbstractProblemLoader Replaying proof simplify20.key.proof 
526149     DEBUG main            d.u.i.k.p.i.IntermediateProofReplayer Proof replay took 80.02ms 
526150     DEBUG main            d.u.i.k.p.r.p.TestFile    ... success: reloaded. 
526151     INFO  main            d.u.i.k.p.r.p.TestFile    Now processing file /home/runner/work/key/key/key.core/../key.ui/examples/standard_key/polySimp/simplify21.key 
526151     INFO  main            d.u.i.k.p.i.AbstractProblemLoader Loading environment from /home/runner/work/key/key/key.core/../key.ui/examples/standard_key/polySimp/simplify21.key 
526151     DEBUG main            d.u.i.k.p.i.AbstractProblemLoader Environment load took 98.9ns 
526154     INFO  main            d.u.i.k.p.i.AbstractProblemLoader Creating init config 
528773     DEBUG main            d.u.i.k.p.i.AbstractProblemLoader Init config took 2.62s 
528789     INFO  main            d.u.i.k.p.i.AbstractProblemLoader Replaying proof simplify21.key 
528790     DEBUG main            d.u.i.k.p.i.IntermediateProofReplayer Proof replay took 3.1ns 
529497     INFO  main            d.u.i.k.p.r.p.TestFile    ... finished proof: closed. 
530178     INFO  main            d.u.i.k.p.i.AbstractProblemLoader Loading environment from /home/runner/work/key/key/key.core/../key.ui/examples/standard_key/polySimp/simplify21.key.proof 
530178     DEBUG main            d.u.i.k.p.i.AbstractProblemLoader Environment load took 198.5ns 
530180     INFO  main            d.u.i.k.p.i.AbstractProblemLoader Creating init config 
532755     DEBUG main            d.u.i.k.p.i.AbstractProblemLoader Init config took 2.57s 
532772     INFO  main            d.u.i.k.p.i.AbstractProblemLoader Replaying proof simplify21.key.proof 
532844     DEBUG main            d.u.i.k.p.i.IntermediateProofReplayer Proof replay took 63.93ms 
532846     DEBUG main            d.u.i.k.p.r.p.TestFile    ... success: reloaded. 
532847     INFO  main            d.u.i.k.p.r.p.TestFile    Now processing file /home/runner/work/key/key/key.core/../key.ui/examples/standard_key/polySimp/simplify22.key 
532847     INFO  main            d.u.i.k.p.i.AbstractProblemLoader Loading environment from /home/runner/work/key/key/key.core/../key.ui/examples/standard_key/polySimp/simplify22.key 
532847     DEBUG main            d.u.i.k.p.i.AbstractProblemLoader Environment load took 49.6ns 
532848     INFO  main            d.u.i.k.p.i.AbstractProblemLoader Creating init config 
535480     DEBUG main            d.u.i.k.p.i.AbstractProblemLoader Init config took 2.63s 
535495     INFO  main            d.u.i.k.p.i.AbstractProblemLoader Replaying proof simplify22.key 
535496     DEBUG main            d.u.i.k.p.i.IntermediateProofReplayer Proof replay took 3.5ns 
535598     INFO  main            d.u.i.k.p.r.p.TestFile    ... finished proof: closed. 
536244     INFO  main            d.u.i.k.p.i.AbstractProblemLoader Loading environment from /home/runner/work/key/key/key.core/../key.ui/examples/standard_key/polySimp/simplify22.key.proof 
536244     DEBUG main            d.u.i.k.p.i.AbstractProblemLoader Environment load took 73.8ns 
536245     INFO  main            d.u.i.k.p.i.AbstractProblemLoader Creating init config 
538923     DEBUG main            d.u.i.k.p.i.AbstractProblemLoader Init config took 2.68s 
538936     INFO  main            d.u.i.k.p.i.AbstractProblemLoader Replaying proof simplify22.key.proof 
538941     DEBUG main            d.u.i.k.p.i.IntermediateProofReplayer Proof replay took 2.81ms 
538942     DEBUG main            d.u.i.k.p.r.p.TestFile    ... success: reloaded. 
538942     INFO  main            d.u.i.k.p.r.p.TestFile    Now processing file /home/runner/work/key/key/key.core/../key.ui/examples/standard_key/polySimp/simplify23.key 
538942     INFO  main            d.u.i.k.p.i.AbstractProblemLoader Loading environment from /home/runner/work/key/key/key.core/../key.ui/examples/standard_key/polySimp/simplify23.key 
538943     DEBUG main            d.u.i.k.p.i.AbstractProblemLoader Environment load took 112.9ns 
538947     INFO  main            d.u.i.k.p.i.AbstractProblemLoader Creating init config 
541554     DEBUG main            d.u.i.k.p.i.AbstractProblemLoader Init config took 2.61s 
541569     INFO  main            d.u.i.k.p.i.AbstractProblemLoader Replaying proof simplify23.key 
541570     DEBUG main            d.u.i.k.p.i.IntermediateProofReplayer Proof replay took 3.3ns 
541773     INFO  main            d.u.i.k.p.r.p.TestFile    ... finished proof: closed. 
542430     INFO  main            d.u.i.k.p.i.AbstractProblemLoader Loading environment from /home/runner/work/key/key/key.core/../key.ui/examples/standard_key/polySimp/simplify23.key.proof 
542430     DEBUG main            d.u.i.k.p.i.AbstractProblemLoader Environment load took 87.5ns 
542432     INFO  main            d.u.i.k.p.i.AbstractProblemLoader Creating init config 
545084     DEBUG main            d.u.i.k.p.i.AbstractProblemLoader Init config took 2.65s 
545099     INFO  main            d.u.i.k.p.i.AbstractProblemLoader Replaying proof simplify23.key.proof 
545116     DEBUG main            d.u.i.k.p.i.IntermediateProofReplayer Proof replay took 14.75ms 
545116     DEBUG main            d.u.i.k.p.r.p.TestFile    ... success: reloaded. 
545117     INFO  main            d.u.i.k.p.r.p.TestFile    Now processing file /home/runner/work/key/key/key.core/../key.ui/examples/standard_key/polySimp/simplify24.key 
545117     INFO  main            d.u.i.k.p.i.AbstractProblemLoader Loading environment from /home/runner/work/key/key/key.core/../key.ui/examples/standard_key/polySimp/simplify24.key 
545117     DEBUG main            d.u.i.k.p.i.AbstractProblemLoader Environment load took 47.6ns 
545119     INFO  main            d.u.i.k.p.i.AbstractProblemLoader Creating init config 
547806     DEBUG main            d.u.i.k.p.i.AbstractProblemLoader Init config took 2.69s 
547819     INFO  main            d.u.i.k.p.i.AbstractProblemLoader Replaying proof simplify24.key 
547821     DEBUG main            d.u.i.k.p.i.IntermediateProofReplayer Proof replay took 17.5ns 
547922     INFO  main            d.u.i.k.p.r.p.TestFile    ... finished proof: closed. 
548595     INFO  main            d.u.i.k.p.i.AbstractProblemLoader Loading environment from /home/runner/work/key/key/key.core/../key.ui/examples/standard_key/polySimp/simplify24.key.proof 
548595     DEBUG main            d.u.i.k.p.i.AbstractProblemLoader Environment load took 83.2ns 
548596     INFO  main            d.u.i.k.p.i.AbstractProblemLoader Creating init config 
551333     DEBUG main            d.u.i.k.p.i.AbstractProblemLoader Init config took 2.74s 
551349     INFO  main            d.u.i.k.p.i.AbstractProblemLoader Replaying proof simplify24.key.proof 
551354     DEBUG main            d.u.i.k.p.i.IntermediateProofReplayer Proof replay took 3.5ms 
551355     DEBUG main            d.u.i.k.p.r.p.TestFile    ... success: reloaded. 
551355     INFO  main            d.u.i.k.p.r.p.TestFile    Now processing file /home/runner/work/key/key/key.core/../key.ui/examples/standard_key/polySimp/simplify25.key 
551355     INFO  main            d.u.i.k.p.i.AbstractProblemLoader Loading environment from /home/runner/work/key/key/key.core/../key.ui/examples/standard_key/polySimp/simplify25.key 
551355     DEBUG main            d.u.i.k.p.i.AbstractProblemLoader Environment load took 81.6ns 
551356     INFO  main            d.u.i.k.p.i.AbstractProblemLoader Creating init config 
554142     DEBUG main            d.u.i.k.p.i.AbstractProblemLoader Init config took 2.79s 
554156     INFO  main            d.u.i.k.p.i.AbstractProblemLoader Replaying proof simplify25.key 
554157     DEBUG main            d.u.i.k.p.i.IntermediateProofReplayer Proof replay took 2.2ns 
554261     INFO  main            d.u.i.k.p.r.p.TestFile    ... finished proof: closed. 
554889     INFO  main            d.u.i.k.p.i.AbstractProblemLoader Loading environment from /home/runner/work/key/key/key.core/../key.ui/examples/standard_key/polySimp/simplify25.key.proof 
554889     DEBUG main            d.u.i.k.p.i.AbstractProblemLoader Environment load took 90.5ns 
554890     INFO  main            d.u.i.k.p.i.AbstractProblemLoader Creating init config 
557452     DEBUG main            d.u.i.k.p.i.AbstractProblemLoader Init config took 2.56s 
557466     INFO  main            d.u.i.k.p.i.AbstractProblemLoader Replaying proof simplify25.key.proof 
557471     DEBUG main            d.u.i.k.p.i.IntermediateProofReplayer Proof replay took 3.21ms 
557472     DEBUG main            d.u.i.k.p.r.p.TestFile    ... success: reloaded. 
557472     INFO  main            d.u.i.k.p.r.p.TestFile    Now processing file /home/runner/work/key/key/key.core/../key.ui/examples/standard_key/polySimp/simplify3.key 
557472     INFO  main            d.u.i.k.p.i.AbstractProblemLoader Loading environment from /home/runner/work/key/key/key.core/../key.ui/examples/standard_key/polySimp/simplify3.key 
557472     DEBUG main            d.u.i.k.p.i.AbstractProblemLoader Environment load took 60.7ns 
557473     INFO  main            d.u.i.k.p.i.AbstractProblemLoader Creating init config 
560257     DEBUG main            d.u.i.k.p.i.AbstractProblemLoader Init config took 2.78s 
560271     INFO  main            d.u.i.k.p.i.AbstractProblemLoader Replaying proof simplify3.key 
560273     DEBUG main            d.u.i.k.p.i.IntermediateProofReplayer Proof replay took 2.1ns 
560374     INFO  main            d.u.i.k.p.r.p.TestFile    ... finished proof: closed. 
561008     INFO  main            d.u.i.k.p.i.AbstractProblemLoader Loading environment from /home/runner/work/key/key/key.core/../key.ui/examples/standard_key/polySimp/simplify3.key.proof 
561008     DEBUG main            d.u.i.k.p.i.AbstractProblemLoader Environment load took 80.3ns 
561009     INFO  main            d.u.i.k.p.i.AbstractProblemLoader Creating init config 
563580     DEBUG main            d.u.i.k.p.i.AbstractProblemLoader Init config took 2.57s 
563594     INFO  main            d.u.i.k.p.i.AbstractProblemLoader Replaying proof simplify3.key.proof 
563597     DEBUG main            d.u.i.k.p.i.IntermediateProofReplayer Proof replay took 1.18ms 
563597     DEBUG main            d.u.i.k.p.r.p.TestFile    ... success: reloaded. 
563598     INFO  main            d.u.i.k.p.r.p.TestFile    Now processing file /home/runner/work/key/key/key.core/../key.ui/examples/standard_key/polySimp/simplify4.key 
563598     INFO  main            d.u.i.k.p.i.AbstractProblemLoader Loading environment from /home/runner/work/key/key/key.core/../key.ui/examples/standard_key/polySimp/simplify4.key 
563598     DEBUG main            d.u.i.k.p.i.AbstractProblemLoader Environment load took 106.9ns 
563599     INFO  main            d.u.i.k.p.i.AbstractProblemLoader Creating init config 
566182     DEBUG main            d.u.i.k.p.i.AbstractProblemLoader Init config took 2.58s 
566198     INFO  main            d.u.i.k.p.i.AbstractProblemLoader Replaying proof simplify4.key 
566199     DEBUG main            d.u.i.k.p.i.IntermediateProofReplayer Proof replay took 3.1ns 
566301     INFO  main            d.u.i.k.p.r.p.TestFile    ... finished proof: closed. 
566958     INFO  main            d.u.i.k.p.i.AbstractProblemLoader Loading environment from /home/runner/work/key/key/key.core/../key.ui/examples/standard_key/polySimp/simplify4.key.proof 
566958     DEBUG main            d.u.i.k.p.i.AbstractProblemLoader Environment load took 70.7ns 
566960     INFO  main            d.u.i.k.p.i.AbstractProblemLoader Creating init config 
569509     DEBUG main            d.u.i.k.p.i.AbstractProblemLoader Init config took 2.55s 
569523     INFO  main            d.u.i.k.p.i.AbstractProblemLoader Replaying proof simplify4.key.proof 
569526     DEBUG main            d.u.i.k.p.i.IntermediateProofReplayer Proof replay took 1.69ms 
569527     DEBUG main            d.u.i.k.p.r.p.TestFile    ... success: reloaded. 
569528     INFO  main            d.u.i.k.p.r.p.TestFile    Now processing file /home/runner/work/key/key/key.core/../key.ui/examples/standard_key/polySimp/simplify5.key 
569528     INFO  main            d.u.i.k.p.i.AbstractProblemLoader Loading environment from /home/runner/work/key/key/key.core/../key.ui/examples/standard_key/polySimp/simplify5.key 
569528     DEBUG main            d.u.i.k.p.i.AbstractProblemLoader Environment load took 85.3ns 
569529     INFO  main            d.u.i.k.p.i.AbstractProblemLoader Creating init config 
572158     DEBUG main            d.u.i.k.p.i.AbstractProblemLoader Init config took 2.63s 
572173     INFO  main            d.u.i.k.p.i.AbstractProblemLoader Replaying proof simplify5.key 
572175     DEBUG main            d.u.i.k.p.i.IntermediateProofReplayer Proof replay took 2.7ns 
572277     INFO  main            d.u.i.k.p.r.p.TestFile    ... finished proof: closed. 
572962     INFO  main            d.u.i.k.p.i.AbstractProblemLoader Loading environment from /home/runner/work/key/key/key.core/../key.ui/examples/standard_key/polySimp/simplify5.key.proof 
572962     DEBUG main            d.u.i.k.p.i.AbstractProblemLoader Environment load took 90.8ns 
572963     INFO  main            d.u.i.k.p.i.AbstractProblemLoader Creating init config 
575721     DEBUG main            d.u.i.k.p.i.AbstractProblemLoader Init config took 2.76s 
575737     INFO  main            d.u.i.k.p.i.AbstractProblemLoader Replaying proof simplify5.key.proof 
575748     DEBUG main            d.u.i.k.p.i.IntermediateProofReplayer Proof replay took 8.68ms 
575748     DEBUG main            d.u.i.k.p.r.p.TestFile    ... success: reloaded. 
575749     INFO  main            d.u.i.k.p.r.p.TestFile    Now processing file /home/runner/work/key/key/key.core/../key.ui/examples/standard_key/polySimp/simplify6.key 
575749     INFO  main            d.u.i.k.p.i.AbstractProblemLoader Loading environment from /home/runner/work/key/key/key.core/../key.ui/examples/standard_key/polySimp/simplify6.key 
575749     DEBUG main            d.u.i.k.p.i.AbstractProblemLoader Environment load took 55.7ns 
575750     INFO  main            d.u.i.k.p.i.AbstractProblemLoader Creating init config 
578560     DEBUG main            d.u.i.k.p.i.AbstractProblemLoader Init config took 2.81s 
578575     INFO  main            d.u.i.k.p.i.AbstractProblemLoader Replaying proof simplify6.key 
578577     DEBUG main            d.u.i.k.p.i.IntermediateProofReplayer Proof replay took 2.8ns 
578678     INFO  main            d.u.i.k.p.r.p.TestFile    ... finished proof: closed. 
579367     INFO  main            d.u.i.k.p.i.AbstractProblemLoader Loading environment from /home/runner/work/key/key/key.core/../key.ui/examples/standard_key/polySimp/simplify6.key.proof 
579367     DEBUG main            d.u.i.k.p.i.AbstractProblemLoader Environment load took 85ns 
579369     INFO  main            d.u.i.k.p.i.AbstractProblemLoader Creating init config 
582000     DEBUG main            d.u.i.k.p.i.AbstractProblemLoader Init config took 2.63s 
582015     INFO  main            d.u.i.k.p.i.AbstractProblemLoader Replaying proof simplify6.key.proof 
582017     DEBUG main            d.u.i.k.p.i.IntermediateProofReplayer Proof replay took 361.5ns 
582017     DEBUG main            d.u.i.k.p.r.p.TestFile    ... success: reloaded. 
582018     INFO  main            d.u.i.k.p.r.p.TestFile    Now processing file /home/runner/work/key/key/key.core/../key.ui/examples/standard_key/polySimp/simplify7.key 
582018     INFO  main            d.u.i.k.p.i.AbstractProblemLoader Loading environment from /home/runner/work/key/key/key.core/../key.ui/examples/standard_key/polySimp/simplify7.key 
582018     DEBUG main            d.u.i.k.p.i.AbstractProblemLoader Environment load took 51.9ns 
582019     INFO  main            d.u.i.k.p.i.AbstractProblemLoader Creating init config 
584780     DEBUG main            d.u.i.k.p.i.AbstractProblemLoader Init config took 2.76s 
584795     INFO  main            d.u.i.k.p.i.AbstractProblemLoader Replaying proof simplify7.key 
584796     DEBUG main            d.u.i.k.p.i.IntermediateProofReplayer Proof replay took 2.8ns 
584898     INFO  main            d.u.i.k.p.r.p.TestFile    ... finished proof: closed. 
585572     INFO  main            d.u.i.k.p.i.AbstractProblemLoader Loading environment from /home/runner/work/key/key/key.core/../key.ui/examples/standard_key/polySimp/simplify7.key.proof 
585572     DEBUG main            d.u.i.k.p.i.AbstractProblemLoader Environment load took 92.7ns 
585573     INFO  main            d.u.i.k.p.i.AbstractProblemLoader Creating init config 
588218     DEBUG main            d.u.i.k.p.i.AbstractProblemLoader Init config took 2.65s 
588234     INFO  main            d.u.i.k.p.i.AbstractProblemLoader Replaying proof simplify7.key.proof 
588236     DEBUG main            d.u.i.k.p.i.IntermediateProofReplayer Proof replay took 752.5ns 
588236     DEBUG main            d.u.i.k.p.r.p.TestFile    ... success: reloaded. 
588237     INFO  main            d.u.i.k.p.r.p.TestFile    Now processing file /home/runner/work/key/key/key.core/../key.ui/examples/standard_key/polySimp/simplify8.key 
588237     INFO  main            d.u.i.k.p.i.AbstractProblemLoader Loading environment from /home/runner/work/key/key/key.core/../key.ui/examples/standard_key/polySimp/simplify8.key 
588237     DEBUG main            d.u.i.k.p.i.AbstractProblemLoader Environment load took 58.8ns 
588241     INFO  main            d.u.i.k.p.i.AbstractProblemLoader Creating init config 
590798     DEBUG main            d.u.i.k.p.i.AbstractProblemLoader Init config took 2.56s 
590814     INFO  main            d.u.i.k.p.i.AbstractProblemLoader Replaying proof simplify8.key 
590815     DEBUG main            d.u.i.k.p.i.IntermediateProofReplayer Proof replay took 3ns 
594964     INFO  main            d.u.i.k.p.r.p.TestFile    ... finished proof: closed. 
595655     INFO  main            d.u.i.k.p.i.AbstractProblemLoader Loading environment from /home/runner/work/key/key/key.core/../key.ui/examples/standard_key/polySimp/simplify8.key.proof 
595655     DEBUG main            d.u.i.k.p.i.AbstractProblemLoader Environment load took 66.9ns 
595658     INFO  main            d.u.i.k.p.i.AbstractProblemLoader Creating init config 
598223     DEBUG main            d.u.i.k.p.i.AbstractProblemLoader Init config took 2.56s 
598242     INFO  main            d.u.i.k.p.i.AbstractProblemLoader Replaying proof simplify8.key.proof 
598468     DEBUG main            d.u.i.k.p.i.IntermediateProofReplayer Proof replay took 221.36ms 
598471     DEBUG main            d.u.i.k.p.r.p.TestFile    ... success: reloaded. 
598471     INFO  main            d.u.i.k.p.r.p.TestFile    Now processing file /home/runner/work/key/key/key.core/../key.ui/examples/standard_key/polySimp/simplify9.key 
598472     INFO  main            d.u.i.k.p.i.AbstractProblemLoader Loading environment from /home/runner/work/key/key/key.core/../key.ui/examples/standard_key/polySimp/simplify9.key 
598472     DEBUG main            d.u.i.k.p.i.AbstractProblemLoader Environment load took 65.9ns 
598474     INFO  main            d.u.i.k.p.i.AbstractProblemLoader Creating init config 
601156     DEBUG main            d.u.i.k.p.i.AbstractProblemLoader Init config took 2.68s 
601171     INFO  main            d.u.i.k.p.i.AbstractProblemLoader Replaying proof simplify9.key 
601172     DEBUG main            d.u.i.k.p.i.IntermediateProofReplayer Proof replay took 2.7ns 
601375     INFO  main            d.u.i.k.p.r.p.TestFile    ... finished proof: closed. 
602115     INFO  main            d.u.i.k.p.i.AbstractProblemLoader Loading environment from /home/runner/work/key/key/key.core/../key.ui/examples/standard_key/polySimp/simplify9.key.proof 
602115     DEBUG main            d.u.i.k.p.i.AbstractProblemLoader Environment load took 82.5ns 
602116     INFO  main            d.u.i.k.p.i.AbstractProblemLoader Creating init config 
604651     DEBUG main            d.u.i.k.p.i.AbstractProblemLoader Init config took 2.53s 
604666     INFO  main            d.u.i.k.p.i.AbstractProblemLoader Replaying proof simplify9.key.proof 
604679     DEBUG main            d.u.i.k.p.i.IntermediateProofReplayer Proof replay took 12.07ms 
604680     DEBUG main            d.u.i.k.p.r.p.TestFile    ... success: reloaded. 
3649384    INFO  Test worker     d.u.i.k.p.r.RunAllProofsTestUnit Returning from test arithmetic 
3649390    INFO  Test worker     d.u.i.k.p.r.RunAllProofsTestUnit Running test arrays 
377        INFO  Timeout watchdog d.u.i.k.p.r.p.ForkedTestFileRunner Timeout watcher launched (2000 secs.) 
399        WARN  main            d.u.i.k.s.ProofSettings   The settings in /home/runner/.key/proof-settings.props are *not* read. 
434        INFO  main            d.u.i.k.p.r.p.TestFile    Now processing file /home/runner/work/key/key/key.core/../key.ui/examples/standard_key/arrays/arrayStoreException/array2DimPrim.key 
579        INFO  main            d.u.i.k.p.i.AbstractProblemLoader Loading environment from /home/runner/work/key/key/key.core/../key.ui/examples/standard_key/arrays/arrayStoreException/array2DimPrim.key 
599        DEBUG main            d.u.i.k.p.i.AbstractProblemLoader Environment load took 2.57ms 
942        INFO  main            d.u.i.k.p.i.AbstractProblemLoader Creating init config 
2142       DEBUG main            d.u.i.k.j.TypeConverter   No LDT found for Meta 
2143       DEBUG main            d.u.i.k.j.TypeConverter   No LDT found for Meta 
2147       DEBUG main            d.u.i.k.j.TypeConverter   No LDT found for Meta 
2147       DEBUG main            d.u.i.k.j.TypeConverter   No LDT found for Meta 
3944       DEBUG main            d.u.i.k.j.TypeConverter   No LDT found for JavaBigintExpression 
10532      DEBUG main            d.u.i.k.p.i.AbstractProblemLoader Init config took 9.59s 
10640      INFO  main            d.u.i.k.p.i.AbstractProblemLoader Replaying proof array2DimPrim.key 
10696      DEBUG main            d.u.i.k.p.i.IntermediateProofReplayer Proof replay took 42.7ns 
15573      INFO  main            d.u.i.k.p.r.p.TestFile    ... finished proof: closed. 
15817      INFO  main            d.u.i.k.p.i.AbstractProblemLoader Loading environment from /home/runner/work/key/key/key.core/../key.ui/examples/standard_key/arrays/arrayStoreException/array2DimPrim.key.proof 
15821      DEBUG main            d.u.i.k.p.i.AbstractProblemLoader Environment load took 4.29ms 
15827      INFO  main            d.u.i.k.p.i.AbstractProblemLoader Creating init config 
19043      DEBUG main            d.u.i.k.p.i.AbstractProblemLoader Init config took 3.22s 
19080      INFO  main            d.u.i.k.p.i.AbstractProblemLoader Replaying proof array2DimPrim.key.proof 
19803      DEBUG main            d.u.i.k.p.i.IntermediateProofReplayer Proof replay took 704.47ms 
19826      DEBUG main            d.u.i.k.p.r.p.TestFile    ... success: reloaded. 
19831      INFO  main            d.u.i.k.p.r.p.TestFile    Now processing file /home/runner/work/key/key/key.core/../key.ui/examples/standard_key/arrays/arrayStoreException/arrayStoreKnownDynType.key 
19832      INFO  main            d.u.i.k.p.i.AbstractProblemLoader Loading environment from /home/runner/work/key/key/key.core/../key.ui/examples/standard_key/arrays/arrayStoreException/arrayStoreKnownDynType.key 
19832      DEBUG main            d.u.i.k.p.i.AbstractProblemLoader Environment load took 114.1ns 
19837      INFO  main            d.u.i.k.p.i.AbstractProblemLoader Creating init config 
23096      DEBUG main            d.u.i.k.p.i.AbstractProblemLoader Init config took 3.26s 
23129      INFO  main            d.u.i.k.p.i.AbstractProblemLoader Replaying proof arrayStoreKnownDynType.key 
23132      DEBUG main            d.u.i.k.p.i.IntermediateProofReplayer Proof replay took 6.9ns 
23437      INFO  main            d.u.i.k.p.r.p.TestFile    ... finished proof: closed. 
23733      INFO  main            d.u.i.k.p.i.AbstractProblemLoader Loading environment from /home/runner/work/key/key/key.core/../key.ui/examples/standard_key/arrays/arrayStoreException/arrayStoreKnownDynType.key.proof 
23734      DEBUG main            d.u.i.k.p.i.AbstractProblemLoader Environment load took 546.6ns 
23735      INFO  main            d.u.i.k.p.i.AbstractProblemLoader Creating init config 
26785      DEBUG main            d.u.i.k.p.i.AbstractProblemLoader Init config took 3.05s 
26816      INFO  main            d.u.i.k.p.i.AbstractProblemLoader Replaying proof arrayStoreKnownDynType.key.proof 
26872      DEBUG main            d.u.i.k.p.i.IntermediateProofReplayer Proof replay took 51.28ms 
26874      DEBUG main            d.u.i.k.p.r.p.TestFile    ... success: reloaded. 
26875      INFO  main            d.u.i.k.p.r.p.TestFile    Now processing file /home/runner/work/key/key/key.core/../key.ui/examples/standard_key/arrays/arrayStoreException/reverseArray.key 
26876      INFO  main            d.u.i.k.p.i.AbstractProblemLoader Loading environment from /home/runner/work/key/key/key.core/../key.ui/examples/standard_key/arrays/arrayStoreException/reverseArray.key 
26876      DEBUG main            d.u.i.k.p.i.AbstractProblemLoader Environment load took 257.5ns 
26878      INFO  main            d.u.i.k.p.i.AbstractProblemLoader Creating init config 
29842      DEBUG main            d.u.i.k.p.i.AbstractProblemLoader Init config took 2.96s 
29884      INFO  main            d.u.i.k.p.i.AbstractProblemLoader Replaying proof reverseArray.key 
29887      DEBUG main            d.u.i.k.p.i.IntermediateProofReplayer Proof replay took 7.1ns 
30593      INFO  main            d.u.i.k.p.r.p.TestFile    ... finished proof: closed. 
30891      INFO  main            d.u.i.k.p.i.AbstractProblemLoader Loading environment from /home/runner/work/key/key/key.core/../key.ui/examples/standard_key/arrays/arrayStoreException/reverseArray.key.proof 
30892      DEBUG main            d.u.i.k.p.i.AbstractProblemLoader Environment load took 1.47ms 
30897      INFO  main            d.u.i.k.p.i.AbstractProblemLoader Creating init config 
33897      DEBUG main            d.u.i.k.p.i.AbstractProblemLoader Init config took 3s 
33923      INFO  main            d.u.i.k.p.i.AbstractProblemLoader Replaying proof reverseArray.key.proof 
34116      DEBUG main            d.u.i.k.p.i.IntermediateProofReplayer Proof replay took 186.03ms 
34118      DEBUG main            d.u.i.k.p.r.p.TestFile    ... success: reloaded. 
34120      INFO  main            d.u.i.k.p.r.p.TestFile    Now processing file /home/runner/work/key/key/key.core/../key.ui/examples/standard_key/arrays/arrayStoreException/throwArrayStoreException.key 
34120      INFO  main            d.u.i.k.p.i.AbstractProblemLoader Loading environment from /home/runner/work/key/key/key.core/../key.ui/examples/standard_key/arrays/arrayStoreException/throwArrayStoreException.key 
34120      DEBUG main            d.u.i.k.p.i.AbstractProblemLoader Environment load took 232ns 
34122      INFO  main            d.u.i.k.p.i.AbstractProblemLoader Creating init config 
37135      DEBUG main            d.u.i.k.p.i.AbstractProblemLoader Init config took 3.01s 
37165      INFO  main            d.u.i.k.p.i.AbstractProblemLoader Replaying proof throwArrayStoreException.key 
37169      DEBUG main            d.u.i.k.p.i.IntermediateProofReplayer Proof replay took 14.8ns 
37674      INFO  main            d.u.i.k.p.r.p.TestFile    ... finished proof: closed. 
37898      INFO  main            d.u.i.k.p.i.AbstractProblemLoader Loading environment from /home/runner/work/key/key/key.core/../key.ui/examples/standard_key/arrays/arrayStoreException/throwArrayStoreException.key.proof 
37899      DEBUG main            d.u.i.k.p.i.AbstractProblemLoader Environment load took 687.2ns 
37901      INFO  main            d.u.i.k.p.i.AbstractProblemLoader Creating init config 
40745      DEBUG main            d.u.i.k.p.i.AbstractProblemLoader Init config took 2.84s 
40770      INFO  main            d.u.i.k.p.i.AbstractProblemLoader Replaying proof throwArrayStoreException.key.proof 
40903      DEBUG main            d.u.i.k.p.i.IntermediateProofReplayer Proof replay took 127.96ms 
40904      DEBUG main            d.u.i.k.p.r.p.TestFile    ... success: reloaded. 
40905      INFO  main            d.u.i.k.p.r.p.TestFile    Now processing file /home/runner/work/key/key/key.core/../key.ui/examples/standard_key/arrays/creation/arrayCreation1.key 
40906      INFO  main            d.u.i.k.p.i.AbstractProblemLoader Loading environment from /home/runner/work/key/key/key.core/../key.ui/examples/standard_key/arrays/creation/arrayCreation1.key 
40906      DEBUG main            d.u.i.k.p.i.AbstractProblemLoader Environment load took 115.3ns 
40907      INFO  main            d.u.i.k.p.i.AbstractProblemLoader Creating init config 
43886      DEBUG main            d.u.i.k.p.i.AbstractProblemLoader Init config took 2.98s 
43912      INFO  main            d.u.i.k.p.i.AbstractProblemLoader Replaying proof arrayCreation1.key 
43916      DEBUG main            d.u.i.k.p.i.IntermediateProofReplayer Proof replay took 7.4ns 
44119      INFO  main            d.u.i.k.p.r.p.TestFile    ... finished proof: closed. 
44334      INFO  main            d.u.i.k.p.i.AbstractProblemLoader Loading environment from /home/runner/work/key/key/key.core/../key.ui/examples/standard_key/arrays/creation/arrayCreation1.key.proof 
44334      DEBUG main            d.u.i.k.p.i.AbstractProblemLoader Environment load took 125.5ns 
44335      INFO  main            d.u.i.k.p.i.AbstractProblemLoader Creating init config 
47175      DEBUG main            d.u.i.k.p.i.AbstractProblemLoader Init config took 2.84s 
47198      INFO  main            d.u.i.k.p.i.AbstractProblemLoader Replaying proof arrayCreation1.key.proof 
47233      DEBUG main            d.u.i.k.p.i.IntermediateProofReplayer Proof replay took 31.47ms 
47234      DEBUG main            d.u.i.k.p.r.p.TestFile    ... success: reloaded. 
47235      INFO  main            d.u.i.k.p.r.p.TestFile    Now processing file /home/runner/work/key/key/key.core/../key.ui/examples/standard_key/arrays/arrayStoreException/array2Dim.key 
47236      INFO  main            d.u.i.k.p.i.AbstractProblemLoader Loading environment from /home/runner/work/key/key/key.core/../key.ui/examples/standard_key/arrays/arrayStoreException/array2Dim.key 
47236      DEBUG main            d.u.i.k.p.i.AbstractProblemLoader Environment load took 297.5ns 
47238      INFO  main            d.u.i.k.p.i.AbstractProblemLoader Creating init config 
50144      DEBUG main            d.u.i.k.p.i.AbstractProblemLoader Init config took 2.91s 
50180      INFO  main            d.u.i.k.p.i.AbstractProblemLoader Replaying proof array2Dim.key 
50183      DEBUG main            d.u.i.k.p.i.IntermediateProofReplayer Proof replay took 5.8ns 
54315      INFO  main            d.u.i.k.p.r.p.TestFile    ... finished proof: open goal(s) 
54628      INFO  main            d.u.i.k.p.r.p.TestFile    Now processing file /home/runner/work/key/key/key.core/../key.ui/examples/standard_key/arrays/arrayStoreException/array2DimClose.key 
54628      INFO  main            d.u.i.k.p.i.AbstractProblemLoader Loading environment from /home/runner/work/key/key/key.core/../key.ui/examples/standard_key/arrays/arrayStoreException/array2DimClose.key 
54628      DEBUG main            d.u.i.k.p.i.AbstractProblemLoader Environment load took 195.5ns 
54630      INFO  main            d.u.i.k.p.i.AbstractProblemLoader Creating init config 
57435      DEBUG main            d.u.i.k.p.i.AbstractProblemLoader Init config took 2.8s 
57466      INFO  main            d.u.i.k.p.i.AbstractProblemLoader Replaying proof array2DimClose.key 
57469      DEBUG main            d.u.i.k.p.i.IntermediateProofReplayer Proof replay took 38.2ns 
60411      INFO  main            d.u.i.k.p.r.p.TestFile    ... finished proof: open goal(s) 
60852      INFO  main            d.u.i.k.p.r.p.TestFile    Now processing file /home/runner/work/key/key/key.core/../key.ui/examples/standard_key/arrays/arrayStoreException/throwASEForPrim.key 
60853      INFO  main            d.u.i.k.p.i.AbstractProblemLoader Loading environment from /home/runner/work/key/key/key.core/../key.ui/examples/standard_key/arrays/arrayStoreException/throwASEForPrim.key 
60853      DEBUG main            d.u.i.k.p.i.AbstractProblemLoader Environment load took 251ns 
60855      INFO  main            d.u.i.k.p.i.AbstractProblemLoader Creating init config 
63690      DEBUG main            d.u.i.k.p.i.AbstractProblemLoader Init config took 2.83s 
63709      INFO  main            d.u.i.k.p.i.AbstractProblemLoader Replaying proof throwASEForPrim.key 
63711      DEBUG main            d.u.i.k.p.i.IntermediateProofReplayer Proof replay took 6ns 
69271      INFO  main            d.u.i.k.p.r.p.TestFile    ... finished proof: open goal(s) 
3719264    INFO  Test worker     d.u.i.k.p.r.RunAllProofsTestUnit Returning from test arrays 
3719265    INFO  Test worker     d.u.i.k.p.r.RunAllProofsTestUnit Running test javadl 
485        INFO  Timeout watchdog d.u.i.k.p.r.p.ForkedTestFileRunner Timeout watcher launched (2000 secs.) 
540        WARN  main            d.u.i.k.s.ProofSettings   The settings in /home/runner/.key/proof-settings.props are *not* read. 
609        INFO  main            d.u.i.k.p.r.p.TestFile    Now processing file /home/runner/work/key/key/key.core/../key.ui/examples/standard_key/instanceCreation/instanceCreation1.key 
784        INFO  main            d.u.i.k.p.i.AbstractProblemLoader Loading environment from /home/runner/work/key/key/key.core/../key.ui/examples/standard_key/instanceCreation/instanceCreation1.key 
804        DEBUG main            d.u.i.k.p.i.AbstractProblemLoader Environment load took 2.16ms 
1124       INFO  main            d.u.i.k.p.i.AbstractProblemLoader Creating init config 
2328       DEBUG main            d.u.i.k.j.TypeConverter   No LDT found for Meta 
2329       DEBUG main            d.u.i.k.j.TypeConverter   No LDT found for Meta 
2331       DEBUG main            d.u.i.k.j.TypeConverter   No LDT found for Meta 
2331       DEBUG main            d.u.i.k.j.TypeConverter   No LDT found for Meta 
4096       DEBUG main            d.u.i.k.j.TypeConverter   No LDT found for JavaBigintExpression 
10254      DEBUG main            d.u.i.k.p.i.AbstractProblemLoader Init config took 9.13s 
10350      INFO  main            d.u.i.k.p.i.AbstractProblemLoader Replaying proof instanceCreation1.key 
10399      DEBUG main            d.u.i.k.p.i.IntermediateProofReplayer Proof replay took 68.3ns 
11636      INFO  main            d.u.i.k.p.r.p.TestFile    ... finished proof: closed. 
11787      INFO  main            d.u.i.k.p.i.AbstractProblemLoader Loading environment from /home/runner/work/key/key/key.core/../key.ui/examples/standard_key/instanceCreation/instanceCreation1.key.proof 
11789      DEBUG main            d.u.i.k.p.i.AbstractProblemLoader Environment load took 2.49ms 
11796      INFO  main            d.u.i.k.p.i.AbstractProblemLoader Creating init config 
15267      DEBUG main            d.u.i.k.p.i.AbstractProblemLoader Init config took 3.47s 
15328      INFO  main            d.u.i.k.p.i.AbstractProblemLoader Replaying proof instanceCreation1.key.proof 
15526      DEBUG main            d.u.i.k.p.i.IntermediateProofReplayer Proof replay took 190.8ms 
15543      DEBUG main            d.u.i.k.p.r.p.TestFile    ... success: reloaded. 
15544      INFO  main            d.u.i.k.p.r.p.TestFile    Now processing file /home/runner/work/key/key/key.core/../key.ui/examples/standard_key/instanceCreation/instanceCreation2.key 
15545      INFO  main            d.u.i.k.p.i.AbstractProblemLoader Loading environment from /home/runner/work/key/key/key.core/../key.ui/examples/standard_key/instanceCreation/instanceCreation2.key 
15545      DEBUG main            d.u.i.k.p.i.AbstractProblemLoader Environment load took 197.4ns 
15549      INFO  main            d.u.i.k.p.i.AbstractProblemLoader Creating init config 
18823      DEBUG main            d.u.i.k.p.i.AbstractProblemLoader Init config took 3.27s 
18868      INFO  main            d.u.i.k.p.i.AbstractProblemLoader Replaying proof instanceCreation2.key 
18871      DEBUG main            d.u.i.k.p.i.IntermediateProofReplayer Proof replay took 6.8ns 
19578      INFO  main            d.u.i.k.p.r.p.TestFile    ... finished proof: closed. 
19785      INFO  main            d.u.i.k.p.i.AbstractProblemLoader Loading environment from /home/runner/work/key/key/key.core/../key.ui/examples/standard_key/instanceCreation/instanceCreation2.key.proof 
19787      DEBUG main            d.u.i.k.p.i.AbstractProblemLoader Environment load took 1.72ms 
19789      INFO  main            d.u.i.k.p.i.AbstractProblemLoader Creating init config 
22975      DEBUG main            d.u.i.k.p.i.AbstractProblemLoader Init config took 3.19s 
23014      INFO  main            d.u.i.k.p.i.AbstractProblemLoader Replaying proof instanceCreation2.key.proof 
23213      DEBUG main            d.u.i.k.p.i.IntermediateProofReplayer Proof replay took 186.47ms 
23215      DEBUG main            d.u.i.k.p.r.p.TestFile    ... success: reloaded. 
23222      INFO  main            d.u.i.k.p.r.p.TestFile    Now processing file /home/runner/work/key/key/key.core/../key.ui/examples/standard_key/instanceCreation/interfacesAndAbstractClassesHaveNoInstances.key 
23222      INFO  main            d.u.i.k.p.i.AbstractProblemLoader Loading environment from /home/runner/work/key/key/key.core/../key.ui/examples/standard_key/instanceCreation/interfacesAndAbstractClassesHaveNoInstances.key 
23223      DEBUG main            d.u.i.k.p.i.AbstractProblemLoader Environment load took 278.8ns 
23225      INFO  main            d.u.i.k.p.i.AbstractProblemLoader Creating init config 
26371      DEBUG main            d.u.i.k.p.i.AbstractProblemLoader Init config took 3.15s 
26400      INFO  main            d.u.i.k.p.i.AbstractProblemLoader Replaying proof interfacesAndAbstractClassesHaveNoInstances.key 
26402      DEBUG main            d.u.i.k.p.i.IntermediateProofReplayer Proof replay took 6.1ns 
26506      INFO  main            d.u.i.k.p.r.p.TestFile    ... finished proof: closed. 
26703      INFO  main            d.u.i.k.p.i.AbstractProblemLoader Loading environment from /home/runner/work/key/key/key.core/../key.ui/examples/standard_key/instanceCreation/interfacesAndAbstractClassesHaveNoInstances.key.proof 
26704      DEBUG main            d.u.i.k.p.i.AbstractProblemLoader Environment load took 132ns 
26705      INFO  main            d.u.i.k.p.i.AbstractProblemLoader Creating init config 
29757      DEBUG main            d.u.i.k.p.i.AbstractProblemLoader Init config took 3.05s 
29782      INFO  main            d.u.i.k.p.i.AbstractProblemLoader Replaying proof interfacesAndAbstractClassesHaveNoInstances.key.proof 
29786      DEBUG main            d.u.i.k.p.i.IntermediateProofReplayer Proof replay took 1.77ms 
29787      DEBUG main            d.u.i.k.p.r.p.TestFile    ... success: reloaded. 
29788      INFO  main            d.u.i.k.p.r.p.TestFile    Now processing file /home/runner/work/key/key/key.core/../key.ui/examples/standard_key/instanceCreation/successiveCreatedObjectsAreDistinct.key 
29789      INFO  main            d.u.i.k.p.i.AbstractProblemLoader Loading environment from /home/runner/work/key/key/key.core/../key.ui/examples/standard_key/instanceCreation/successiveCreatedObjectsAreDistinct.key 
29789      DEBUG main            d.u.i.k.p.i.AbstractProblemLoader Environment load took 333.7ns 
29791      INFO  main            d.u.i.k.p.i.AbstractProblemLoader Creating init config 
32886      DEBUG main            d.u.i.k.p.i.AbstractProblemLoader Init config took 3.1s 
32917      INFO  main            d.u.i.k.p.i.AbstractProblemLoader Replaying proof successiveCreatedObjectsAreDistinct.key 
32921      DEBUG main            d.u.i.k.p.i.IntermediateProofReplayer Proof replay took 6.3ns 
33425      INFO  main            d.u.i.k.p.r.p.TestFile    ... finished proof: closed. 
33606      INFO  main            d.u.i.k.p.i.AbstractProblemLoader Loading environment from /home/runner/work/key/key/key.core/../key.ui/examples/standard_key/instanceCreation/successiveCreatedObjectsAreDistinct.key.proof 
33607      DEBUG main            d.u.i.k.p.i.AbstractProblemLoader Environment load took 506.5ns 
33609      INFO  main            d.u.i.k.p.i.AbstractProblemLoader Creating init config 
36749      DEBUG main            d.u.i.k.p.i.AbstractProblemLoader Init config took 3.14s 
36776      INFO  main            d.u.i.k.p.i.AbstractProblemLoader Replaying proof successiveCreatedObjectsAreDistinct.key.proof 
36853      DEBUG main            d.u.i.k.p.i.IntermediateProofReplayer Proof replay took 73.03ms 
36854      DEBUG main            d.u.i.k.p.r.p.TestFile    ... success: reloaded. 
36855      INFO  main            d.u.i.k.p.r.p.TestFile    Now processing file /home/runner/work/key/key/key.core/../key.ui/examples/standard_key/instanceCreation/testOverloadingConstructors.key 
36856      INFO  main            d.u.i.k.p.i.AbstractProblemLoader Loading environment from /home/runner/work/key/key/key.core/../key.ui/examples/standard_key/instanceCreation/testOverloadingConstructors.key 
36856      DEBUG main            d.u.i.k.p.i.AbstractProblemLoader Environment load took 346.8ns 
36858      INFO  main            d.u.i.k.p.i.AbstractProblemLoader Creating init config 
39929      DEBUG main            d.u.i.k.p.i.AbstractProblemLoader Init config took 3.07s 
39955      INFO  main            d.u.i.k.p.i.AbstractProblemLoader Replaying proof testOverloadingConstructors.key 
39958      DEBUG main            d.u.i.k.p.i.IntermediateProofReplayer Proof replay took 6.5ns 
40262      INFO  main            d.u.i.k.p.r.p.TestFile    ... finished proof: closed. 
40462      INFO  main            d.u.i.k.p.i.AbstractProblemLoader Loading environment from /home/runner/work/key/key/key.core/../key.ui/examples/standard_key/instanceCreation/testOverloadingConstructors.key.proof 
40462      DEBUG main            d.u.i.k.p.i.AbstractProblemLoader Environment load took 651.7ns 
40474      INFO  main            d.u.i.k.p.i.AbstractProblemLoader Creating init config 
43542      DEBUG main            d.u.i.k.p.i.AbstractProblemLoader Init config took 3.07s 
43568      INFO  main            d.u.i.k.p.i.AbstractProblemLoader Replaying proof testOverloadingConstructors.key.proof 
43644      DEBUG main            d.u.i.k.p.i.IntermediateProofReplayer Proof replay took 71.77ms 
43646      DEBUG main            d.u.i.k.p.r.p.TestFile    ... success: reloaded. 
43647      INFO  main            d.u.i.k.p.r.p.TestFile    Now processing file /home/runner/work/key/key/key.core/../key.ui/examples/standard_key/java_dl/SimpleAttributes.key 
43648      INFO  main            d.u.i.k.p.i.AbstractProblemLoader Loading environment from /home/runner/work/key/key/key.core/../key.ui/examples/standard_key/java_dl/SimpleAttributes.key 
43648      DEBUG main            d.u.i.k.p.i.AbstractProblemLoader Environment load took 307.3ns 
43649      INFO  main            d.u.i.k.p.i.AbstractProblemLoader Creating init config 
46629      DEBUG main            d.u.i.k.p.i.AbstractProblemLoader Init config took 2.98s 
46657      INFO  main            d.u.i.k.p.i.AbstractProblemLoader Replaying proof SimpleAttributes.key 
46659      DEBUG main            d.u.i.k.p.i.IntermediateProofReplayer Proof replay took 6.5ns 
46762      INFO  main            d.u.i.k.p.r.p.TestFile    ... finished proof: closed. 
47033      INFO  main            d.u.i.k.p.i.AbstractProblemLoader Loading environment from /home/runner/work/key/key/key.core/../key.ui/examples/standard_key/java_dl/SimpleAttributes.key.proof 
47034      DEBUG main            d.u.i.k.p.i.AbstractProblemLoader Environment load took 730.9ns 
47036      INFO  main            d.u.i.k.p.i.AbstractProblemLoader Creating init config 
49915      DEBUG main            d.u.i.k.p.i.AbstractProblemLoader Init config took 2.88s 
49943      INFO  main            d.u.i.k.p.i.AbstractProblemLoader Replaying proof SimpleAttributes.key.proof 
49986      DEBUG main            d.u.i.k.p.i.IntermediateProofReplayer Proof replay took 39.16ms 
49987      DEBUG main            d.u.i.k.p.r.p.TestFile    ... success: reloaded. 
49988      INFO  main            d.u.i.k.p.r.p.TestFile    Now processing file /home/runner/work/key/key/key.core/../key.ui/examples/standard_key/java_dl/arrayMax.key 
49989      INFO  main            d.u.i.k.p.i.AbstractProblemLoader Loading environment from /home/runner/work/key/key/key.core/../key.ui/examples/standard_key/java_dl/arrayMax.key 
49989      DEBUG main            d.u.i.k.p.i.AbstractProblemLoader Environment load took 155.3ns 
49991      INFO  main            d.u.i.k.p.i.AbstractProblemLoader Creating init config 
52953      DEBUG main            d.u.i.k.p.i.AbstractProblemLoader Init config took 2.96s 
52979      INFO  main            d.u.i.k.p.i.AbstractProblemLoader Replaying proof arrayMax.key 
52981      DEBUG main            d.u.i.k.p.i.IntermediateProofReplayer Proof replay took 6.7ns 
54892      INFO  main            d.u.i.k.p.r.p.TestFile    ... finished proof: closed. 
55156      INFO  main            d.u.i.k.p.i.AbstractProblemLoader Loading environment from /home/runner/work/key/key/key.core/../key.ui/examples/standard_key/java_dl/arrayMax.key.proof 
55157      DEBUG main            d.u.i.k.p.i.AbstractProblemLoader Environment load took 513.2ns 
55159      INFO  main            d.u.i.k.p.i.AbstractProblemLoader Creating init config 
58452      DEBUG main            d.u.i.k.p.i.AbstractProblemLoader Init config took 3.29s 
58479      INFO  main            d.u.i.k.p.i.AbstractProblemLoader Replaying proof arrayMax.key.proof 
58818      DEBUG main            d.u.i.k.p.i.IntermediateProofReplayer Proof replay took 328.99ms 
58820      DEBUG main            d.u.i.k.p.r.p.TestFile    ... success: reloaded. 
58821      INFO  main            d.u.i.k.p.r.p.TestFile    Now processing file /home/runner/work/key/key/key.core/../key.ui/examples/standard_key/java_dl/arrayUpdateSimp.key 
58822      INFO  main            d.u.i.k.p.i.AbstractProblemLoader Loading environment from /home/runner/work/key/key/key.core/../key.ui/examples/standard_key/java_dl/arrayUpdateSimp.key 
58822      DEBUG main            d.u.i.k.p.i.AbstractProblemLoader Environment load took 260.8ns 
58825      INFO  main            d.u.i.k.p.i.AbstractProblemLoader Creating init config 
58858      WARN  main            d.u.i.k.j.r.KeYCrossReferenceNameInfo Datatype java.lang.System declared twice: Once in FILE:/home/runner/work/key/key/key.core/../key.ui/examples/standard_key/java_dl/./classpath/System.java and once in URL:file:/home/runner/work/key/key/key.core/build/resources/main/de/uka/ilkd/key/java/JavaRedux/java/lang/System.java, Keeping one from URL:file:/home/runner/work/key/key/key.core/build/resources/main/de/uka/ilkd/key/java/JavaRedux/java/lang/System.java 
58859      WARN  main            d.u.i.k.j.r.KeYCrossReferenceNameInfo Datatype java.io.InputStream declared twice: Once in FILE:/home/runner/work/key/key/key.core/../key.ui/examples/standard_key/java_dl/./classpath/InputStream.java and once in URL:file:/home/runner/work/key/key/key.core/build/resources/main/de/uka/ilkd/key/java/JavaRedux/java/io/InputStream.java, Keeping one from URL:file:/home/runner/work/key/key/key.core/build/resources/main/de/uka/ilkd/key/java/JavaRedux/java/io/InputStream.java 
58859      WARN  main            d.u.i.k.j.r.KeYCrossReferenceNameInfo Datatype java.io.PrintStream declared twice: Once in FILE:/home/runner/work/key/key/key.core/../key.ui/examples/standard_key/java_dl/./classpath/PrintStream.java and once in URL:file:/home/runner/work/key/key/key.core/build/resources/main/de/uka/ilkd/key/java/JavaRedux/java/io/PrintStream.java, Keeping one from URL:file:/home/runner/work/key/key/key.core/build/resources/main/de/uka/ilkd/key/java/JavaRedux/java/io/PrintStream.java 
58866      DEBUG main            d.u.i.k.j.r.ClassFileDeclarationBuilder Parsing: package java.io; public class Closeable { } 
58866      DEBUG main            r.s.KeYCrossReferenceSourceInfo Dynamically created class: java.io.Closeable 
62181      DEBUG main            d.u.i.k.p.i.AbstractProblemLoader Init config took 3.36s 
62207      INFO  main            d.u.i.k.p.i.AbstractProblemLoader Replaying proof arrayUpdateSimp.key 
62208      DEBUG main            d.u.i.k.p.i.IntermediateProofReplayer Proof replay took 9.1ns 
62321      INFO  main            d.u.i.k.p.r.p.TestFile    ... finished proof: closed. 
62580      INFO  main            d.u.i.k.p.i.AbstractProblemLoader Loading environment from /home/runner/work/key/key/key.core/../key.ui/examples/standard_key/java_dl/arrayUpdateSimp.key.proof 
62580      DEBUG main            d.u.i.k.p.i.AbstractProblemLoader Environment load took 138.1ns 
62592      INFO  main            d.u.i.k.p.i.AbstractProblemLoader Creating init config 
62625      WARN  main            d.u.i.k.j.r.KeYCrossReferenceNameInfo Datatype java.lang.System declared twice: Once in FILE:/home/runner/work/key/key/key.core/../key.ui/examples/standard_key/java_dl/classpath/System.java and once in URL:file:/home/runner/work/key/key/key.core/build/resources/main/de/uka/ilkd/key/java/JavaRedux/java/lang/System.java, Keeping one from URL:file:/home/runner/work/key/key/key.core/build/resources/main/de/uka/ilkd/key/java/JavaRedux/java/lang/System.java 
62626      WARN  main            d.u.i.k.j.r.KeYCrossReferenceNameInfo Datatype java.io.InputStream declared twice: Once in FILE:/home/runner/work/key/key/key.core/../key.ui/examples/standard_key/java_dl/classpath/InputStream.java and once in URL:file:/home/runner/work/key/key/key.core/build/resources/main/de/uka/ilkd/key/java/JavaRedux/java/io/InputStream.java, Keeping one from URL:file:/home/runner/work/key/key/key.core/build/resources/main/de/uka/ilkd/key/java/JavaRedux/java/io/InputStream.java 
62626      WARN  main            d.u.i.k.j.r.KeYCrossReferenceNameInfo Datatype java.io.PrintStream declared twice: Once in FILE:/home/runner/work/key/key/key.core/../key.ui/examples/standard_key/java_dl/classpath/PrintStream.java and once in URL:file:/home/runner/work/key/key/key.core/build/resources/main/de/uka/ilkd/key/java/JavaRedux/java/io/PrintStream.java, Keeping one from URL:file:/home/runner/work/key/key/key.core/build/resources/main/de/uka/ilkd/key/java/JavaRedux/java/io/PrintStream.java 
62631      DEBUG main            d.u.i.k.j.r.ClassFileDeclarationBuilder Parsing: package java.io; public class Closeable { } 
62631      DEBUG main            r.s.KeYCrossReferenceSourceInfo Dynamically created class: java.io.Closeable 
65861      DEBUG main            d.u.i.k.p.i.AbstractProblemLoader Init config took 3.27s 
65892      INFO  main            d.u.i.k.p.i.AbstractProblemLoader Replaying proof arrayUpdateSimp.key.proof 
65896      DEBUG main            d.u.i.k.p.i.IntermediateProofReplayer Proof replay took 796.6ns 
65898      DEBUG main            d.u.i.k.p.r.p.TestFile    ... success: reloaded. 
65900      INFO  main            d.u.i.k.p.r.p.TestFile    Now processing file /home/runner/work/key/key/key.core/../key.ui/examples/standard_key/java_dl/attributes.key 
65900      INFO  main            d.u.i.k.p.i.AbstractProblemLoader Loading environment from /home/runner/work/key/key/key.core/../key.ui/examples/standard_key/java_dl/attributes.key 
65901      DEBUG main            d.u.i.k.p.i.AbstractProblemLoader Environment load took 332.1ns 
65902      INFO  main            d.u.i.k.p.i.AbstractProblemLoader Creating init config 
69077      DEBUG main            d.u.i.k.p.i.AbstractProblemLoader Init config took 3.18s 
69104      INFO  main            d.u.i.k.p.i.AbstractProblemLoader Replaying proof attributes.key 
69106      DEBUG main            d.u.i.k.p.i.IntermediateProofReplayer Proof replay took 7.5ns 
69309      INFO  main            d.u.i.k.p.r.p.TestFile    ... finished proof: closed. 
69556      INFO  main            d.u.i.k.p.i.AbstractProblemLoader Loading environment from /home/runner/work/key/key/key.core/../key.ui/examples/standard_key/java_dl/attributes.key.proof 
69558      DEBUG main            d.u.i.k.p.i.AbstractProblemLoader Environment load took 1.45ms 
69559      INFO  main            d.u.i.k.p.i.AbstractProblemLoader Creating init config 
72481      DEBUG main            d.u.i.k.p.i.AbstractProblemLoader Init config took 2.92s 
72505      INFO  main            d.u.i.k.p.i.AbstractProblemLoader Replaying proof attributes.key.proof 
72553      DEBUG main            d.u.i.k.p.i.IntermediateProofReplayer Proof replay took 45.31ms 
72555      DEBUG main            d.u.i.k.p.r.p.TestFile    ... success: reloaded. 
72556      INFO  main            d.u.i.k.p.r.p.TestFile    Now processing file /home/runner/work/key/key/key.core/../key.ui/examples/standard_key/java_dl/break.key 
72557      INFO  main            d.u.i.k.p.i.AbstractProblemLoader Loading environment from /home/runner/work/key/key/key.core/../key.ui/examples/standard_key/java_dl/break.key 
72557      DEBUG main            d.u.i.k.p.i.AbstractProblemLoader Environment load took 216.1ns 
72558      INFO  main            d.u.i.k.p.i.AbstractProblemLoader Creating init config 
72586      WARN  main            d.u.i.k.j.r.KeYCrossReferenceNameInfo Datatype java.lang.System declared twice: Once in FILE:/home/runner/work/key/key/key.core/../key.ui/examples/standard_key/java_dl/classpath/System.java and once in URL:file:/home/runner/work/key/key/key.core/build/resources/main/de/uka/ilkd/key/java/JavaRedux/java/lang/System.java, Keeping one from URL:file:/home/runner/work/key/key/key.core/build/resources/main/de/uka/ilkd/key/java/JavaRedux/java/lang/System.java 
72586      WARN  main            d.u.i.k.j.r.KeYCrossReferenceNameInfo Datatype java.io.InputStream declared twice: Once in FILE:/home/runner/work/key/key/key.core/../key.ui/examples/standard_key/java_dl/classpath/InputStream.java and once in URL:file:/home/runner/work/key/key/key.core/build/resources/main/de/uka/ilkd/key/java/JavaRedux/java/io/InputStream.java, Keeping one from URL:file:/home/runner/work/key/key/key.core/build/resources/main/de/uka/ilkd/key/java/JavaRedux/java/io/InputStream.java 
72586      WARN  main            d.u.i.k.j.r.KeYCrossReferenceNameInfo Datatype java.io.PrintStream declared twice: Once in FILE:/home/runner/work/key/key/key.core/../key.ui/examples/standard_key/java_dl/classpath/PrintStream.java and once in URL:file:/home/runner/work/key/key/key.core/build/resources/main/de/uka/ilkd/key/java/JavaRedux/java/io/PrintStream.java, Keeping one from URL:file:/home/runner/work/key/key/key.core/build/resources/main/de/uka/ilkd/key/java/JavaRedux/java/io/PrintStream.java 
72592      DEBUG main            d.u.i.k.j.r.ClassFileDeclarationBuilder Parsing: package java.io; public class Closeable { } 
72592      DEBUG main            r.s.KeYCrossReferenceSourceInfo Dynamically created class: java.io.Closeable 
75598      DEBUG main            d.u.i.k.p.i.AbstractProblemLoader Init config took 3.04s 
75618      INFO  main            d.u.i.k.p.i.AbstractProblemLoader Replaying proof break.key 
75620      DEBUG main            d.u.i.k.p.i.IntermediateProofReplayer Proof replay took 8ns 
75726      INFO  main            d.u.i.k.p.r.p.TestFile    ... finished proof: closed. 
75982      INFO  main            d.u.i.k.p.i.AbstractProblemLoader Loading environment from /home/runner/work/key/key/key.core/../key.ui/examples/standard_key/java_dl/break.key.proof 
75983      DEBUG main            d.u.i.k.p.i.AbstractProblemLoader Environment load took 128.4ns 
75984      INFO  main            d.u.i.k.p.i.AbstractProblemLoader Creating init config 
76013      WARN  main            d.u.i.k.j.r.KeYCrossReferenceNameInfo Datatype java.lang.System declared twice: Once in FILE:/home/runner/work/key/key/key.core/../key.ui/examples/standard_key/java_dl/classpath/System.java and once in URL:file:/home/runner/work/key/key/key.core/build/resources/main/de/uka/ilkd/key/java/JavaRedux/java/lang/System.java, Keeping one from URL:file:/home/runner/work/key/key/key.core/build/resources/main/de/uka/ilkd/key/java/JavaRedux/java/lang/System.java 
76013      WARN  main            d.u.i.k.j.r.KeYCrossReferenceNameInfo Datatype java.io.InputStream declared twice: Once in FILE:/home/runner/work/key/key/key.core/../key.ui/examples/standard_key/java_dl/classpath/InputStream.java and once in URL:file:/home/runner/work/key/key/key.core/build/resources/main/de/uka/ilkd/key/java/JavaRedux/java/io/InputStream.java, Keeping one from URL:file:/home/runner/work/key/key/key.core/build/resources/main/de/uka/ilkd/key/java/JavaRedux/java/io/InputStream.java 
76013      WARN  main            d.u.i.k.j.r.KeYCrossReferenceNameInfo Datatype java.io.PrintStream declared twice: Once in FILE:/home/runner/work/key/key/key.core/../key.ui/examples/standard_key/java_dl/classpath/PrintStream.java and once in URL:file:/home/runner/work/key/key/key.core/build/resources/main/de/uka/ilkd/key/java/JavaRedux/java/io/PrintStream.java, Keeping one from URL:file:/home/runner/work/key/key/key.core/build/resources/main/de/uka/ilkd/key/java/JavaRedux/java/io/PrintStream.java 
76017      DEBUG main            d.u.i.k.j.r.ClassFileDeclarationBuilder Parsing: package java.io; public class Closeable { } 
76017      DEBUG main            r.s.KeYCrossReferenceSourceInfo Dynamically created class: java.io.Closeable 
78902      DEBUG main            d.u.i.k.p.i.AbstractProblemLoader Init config took 2.92s 
78926      INFO  main            d.u.i.k.p.i.AbstractProblemLoader Replaying proof break.key.proof 
78939      DEBUG main            d.u.i.k.p.i.IntermediateProofReplayer Proof replay took 10.85ms 
78941      DEBUG main            d.u.i.k.p.r.p.TestFile    ... success: reloaded. 
78943      INFO  main            d.u.i.k.p.r.p.TestFile    Now processing file /home/runner/work/key/key/key.core/../key.ui/examples/standard_key/java_dl/char.key 
78944      INFO  main            d.u.i.k.p.i.AbstractProblemLoader Loading environment from /home/runner/work/key/key/key.core/../key.ui/examples/standard_key/java_dl/char.key 
78944      DEBUG main            d.u.i.k.p.i.AbstractProblemLoader Environment load took 237.2ns 
78945      INFO  main            d.u.i.k.p.i.AbstractProblemLoader Creating init config 
81905      DEBUG main            d.u.i.k.p.i.AbstractProblemLoader Init config took 2.96s 
81924      INFO  main            d.u.i.k.p.i.AbstractProblemLoader Replaying proof char.key 
81925      DEBUG main            d.u.i.k.p.i.IntermediateProofReplayer Proof replay took 7.5ns 
82032      INFO  main            d.u.i.k.p.r.p.TestFile    ... finished proof: closed. 
82330      INFO  main            d.u.i.k.p.i.AbstractProblemLoader Loading environment from /home/runner/work/key/key/key.core/../key.ui/examples/standard_key/java_dl/char.key.proof 
82330      DEBUG main            d.u.i.k.p.i.AbstractProblemLoader Environment load took 147.3ns 
82331      INFO  main            d.u.i.k.p.i.AbstractProblemLoader Creating init config 
85212      DEBUG main            d.u.i.k.p.i.AbstractProblemLoader Init config took 2.88s 
85229      INFO  main            d.u.i.k.p.i.AbstractProblemLoader Replaying proof char.key.proof 
85235      DEBUG main            d.u.i.k.p.i.IntermediateProofReplayer Proof replay took 3.54ms 
85236      DEBUG main            d.u.i.k.p.r.p.TestFile    ... success: reloaded. 
85237      INFO  main            d.u.i.k.p.r.p.TestFile    Now processing file /home/runner/work/key/key/key.core/../key.ui/examples/standard_key/java_dl/compileTimeConstants.key 
85237      INFO  main            d.u.i.k.p.i.AbstractProblemLoader Loading environment from /home/runner/work/key/key/key.core/../key.ui/examples/standard_key/java_dl/compileTimeConstants.key 
85238      DEBUG main            d.u.i.k.p.i.AbstractProblemLoader Environment load took 223.9ns 
85239      INFO  main            d.u.i.k.p.i.AbstractProblemLoader Creating init config 
88232      DEBUG main            d.u.i.k.p.i.AbstractProblemLoader Init config took 2.99s 
88251      INFO  main            d.u.i.k.p.i.AbstractProblemLoader Replaying proof compileTimeConstants.key 
88253      DEBUG main            d.u.i.k.p.i.IntermediateProofReplayer Proof replay took 7.6ns 
88358      INFO  main            d.u.i.k.p.r.p.TestFile    ... finished proof: closed. 
88638      INFO  main            d.u.i.k.p.i.AbstractProblemLoader Loading environment from /home/runner/work/key/key/key.core/../key.ui/examples/standard_key/java_dl/compileTimeConstants.key.proof 
88638      DEBUG main            d.u.i.k.p.i.AbstractProblemLoader Environment load took 138.1ns 
88640      INFO  main            d.u.i.k.p.i.AbstractProblemLoader Creating init config 
91651      DEBUG main            d.u.i.k.p.i.AbstractProblemLoader Init config took 3.01s 
91669      INFO  main            d.u.i.k.p.i.AbstractProblemLoader Replaying proof compileTimeConstants.key.proof 
91709      DEBUG main            d.u.i.k.p.i.IntermediateProofReplayer Proof replay took 26.25ms 
91710      DEBUG main            d.u.i.k.p.r.p.TestFile    ... success: reloaded. 
91711      INFO  main            d.u.i.k.p.r.p.TestFile    Now processing file /home/runner/work/key/key/key.core/../key.ui/examples/standard_key/java_dl/constructorException/test.key 
91712      INFO  main            d.u.i.k.p.i.AbstractProblemLoader Loading environment from /home/runner/work/key/key/key.core/../key.ui/examples/standard_key/java_dl/constructorException/test.key 
91712      DEBUG main            d.u.i.k.p.i.AbstractProblemLoader Environment load took 117.3ns 
91713      INFO  main            d.u.i.k.p.i.AbstractProblemLoader Creating init config 
94740      DEBUG main            d.u.i.k.p.i.AbstractProblemLoader Init config took 3.03s 
94819      INFO  main            d.u.i.k.p.i.AbstractProblemLoader Replaying proof Test[Test::Test(int)].JML operation contract.0 
94821      DEBUG main            d.u.i.k.p.i.IntermediateProofReplayer Proof replay took 7ns 
95127      INFO  main            d.u.i.k.p.r.p.TestFile    ... finished proof: closed. 
95378      INFO  main            d.u.i.k.p.i.AbstractProblemLoader Loading environment from /home/runner/work/key/key/key.core/../key.ui/examples/standard_key/java_dl/constructorException/test.key.proof 
95378      DEBUG main            d.u.i.k.p.i.AbstractProblemLoader Environment load took 405.9ns 
95380      INFO  main            d.u.i.k.p.i.AbstractProblemLoader Creating init config 
98382      DEBUG main            d.u.i.k.p.i.AbstractProblemLoader Init config took 3s 
98434      INFO  main            d.u.i.k.p.i.AbstractProblemLoader Replaying proof Test[Test::Test(int)].JML operation contract.0 
98519      DEBUG main            d.u.i.k.p.i.IntermediateProofReplayer Proof replay took 81.31ms 
98520      DEBUG main            d.u.i.k.p.r.p.TestFile    ... success: reloaded. 
98521      INFO  main            d.u.i.k.p.r.p.TestFile    Now processing file /home/runner/work/key/key/key.core/../key.ui/examples/standard_key/java_dl/constructorException/regressionTestBug1333.key 
98522      INFO  main            d.u.i.k.p.i.AbstractProblemLoader Loading environment from /home/runner/work/key/key/key.core/../key.ui/examples/standard_key/java_dl/constructorException/regressionTestBug1333.key 
98522      DEBUG main            d.u.i.k.p.i.AbstractProblemLoader Environment load took 321ns 
98523      INFO  main            d.u.i.k.p.i.AbstractProblemLoader Creating init config 
101466     DEBUG main            d.u.i.k.p.i.AbstractProblemLoader Init config took 2.94s 
101516     INFO  main            d.u.i.k.p.i.AbstractProblemLoader Replaying proof False[False::False()].JML normal_behavior operation contract.0 
101522     DEBUG main            d.u.i.k.p.i.IntermediateProofReplayer Proof replay took 6.4ns 
101626     INFO  main            d.u.i.k.p.r.p.TestFile    ... finished proof: open goal(s) 
101895     INFO  main            d.u.i.k.p.r.p.TestFile    Now processing file /home/runner/work/key/key/key.core/../key.ui/examples/standard_key/java_dl/continue1.key 
101895     INFO  main            d.u.i.k.p.i.AbstractProblemLoader Loading environment from /home/runner/work/key/key/key.core/../key.ui/examples/standard_key/java_dl/continue1.key 
101895     DEBUG main            d.u.i.k.p.i.AbstractProblemLoader Environment load took 69ns 
101896     INFO  main            d.u.i.k.p.i.AbstractProblemLoader Creating init config 
101922     WARN  main            d.u.i.k.j.r.KeYCrossReferenceNameInfo Datatype java.lang.System declared twice: Once in FILE:/home/runner/work/key/key/key.core/../key.ui/examples/standard_key/java_dl/classpath/System.java and once in URL:file:/home/runner/work/key/key/key.core/build/resources/main/de/uka/ilkd/key/java/JavaRedux/java/lang/System.java, Keeping one from URL:file:/home/runner/work/key/key/key.core/build/resources/main/de/uka/ilkd/key/java/JavaRedux/java/lang/System.java 
101923     WARN  main            d.u.i.k.j.r.KeYCrossReferenceNameInfo Datatype java.io.InputStream declared twice: Once in FILE:/home/runner/work/key/key/key.core/../key.ui/examples/standard_key/java_dl/classpath/InputStream.java and once in URL:file:/home/runner/work/key/key/key.core/build/resources/main/de/uka/ilkd/key/java/JavaRedux/java/io/InputStream.java, Keeping one from URL:file:/home/runner/work/key/key/key.core/build/resources/main/de/uka/ilkd/key/java/JavaRedux/java/io/InputStream.java 
101923     WARN  main            d.u.i.k.j.r.KeYCrossReferenceNameInfo Datatype java.io.PrintStream declared twice: Once in FILE:/home/runner/work/key/key/key.core/../key.ui/examples/standard_key/java_dl/classpath/PrintStream.java and once in URL:file:/home/runner/work/key/key/key.core/build/resources/main/de/uka/ilkd/key/java/JavaRedux/java/io/PrintStream.java, Keeping one from URL:file:/home/runner/work/key/key/key.core/build/resources/main/de/uka/ilkd/key/java/JavaRedux/java/io/PrintStream.java 
101926     DEBUG main            d.u.i.k.j.r.ClassFileDeclarationBuilder Parsing: package java.io; public class Closeable { } 
101927     DEBUG main            r.s.KeYCrossReferenceSourceInfo Dynamically created class: java.io.Closeable 
104753     DEBUG main            d.u.i.k.p.i.AbstractProblemLoader Init config took 2.86s 
104769     INFO  main            d.u.i.k.p.i.AbstractProblemLoader Replaying proof continue1.key 
104771     DEBUG main            d.u.i.k.p.i.IntermediateProofReplayer Proof replay took 7.1ns 
104874     INFO  main            d.u.i.k.p.r.p.TestFile    ... finished proof: closed. 
105122     INFO  main            d.u.i.k.p.i.AbstractProblemLoader Loading environment from /home/runner/work/key/key/key.core/../key.ui/examples/standard_key/java_dl/continue1.key.proof 
105122     DEBUG main            d.u.i.k.p.i.AbstractProblemLoader Environment load took 307.4ns 
105124     INFO  main            d.u.i.k.p.i.AbstractProblemLoader Creating init config 
105149     WARN  main            d.u.i.k.j.r.KeYCrossReferenceNameInfo Datatype java.lang.System declared twice: Once in FILE:/home/runner/work/key/key/key.core/../key.ui/examples/standard_key/java_dl/classpath/System.java and once in URL:file:/home/runner/work/key/key/key.core/build/resources/main/de/uka/ilkd/key/java/JavaRedux/java/lang/System.java, Keeping one from URL:file:/home/runner/work/key/key/key.core/build/resources/main/de/uka/ilkd/key/java/JavaRedux/java/lang/System.java 
105150     WARN  main            d.u.i.k.j.r.KeYCrossReferenceNameInfo Datatype java.io.InputStream declared twice: Once in FILE:/home/runner/work/key/key/key.core/../key.ui/examples/standard_key/java_dl/classpath/InputStream.java and once in URL:file:/home/runner/work/key/key/key.core/build/resources/main/de/uka/ilkd/key/java/JavaRedux/java/io/InputStream.java, Keeping one from URL:file:/home/runner/work/key/key/key.core/build/resources/main/de/uka/ilkd/key/java/JavaRedux/java/io/InputStream.java 
105150     WARN  main            d.u.i.k.j.r.KeYCrossReferenceNameInfo Datatype java.io.PrintStream declared twice: Once in FILE:/home/runner/work/key/key/key.core/../key.ui/examples/standard_key/java_dl/classpath/PrintStream.java and once in URL:file:/home/runner/work/key/key/key.core/build/resources/main/de/uka/ilkd/key/java/JavaRedux/java/io/PrintStream.java, Keeping one from URL:file:/home/runner/work/key/key/key.core/build/resources/main/de/uka/ilkd/key/java/JavaRedux/java/io/PrintStream.java 
105153     DEBUG main            d.u.i.k.j.r.ClassFileDeclarationBuilder Parsing: package java.io; public class Closeable { } 
105153     DEBUG main            r.s.KeYCrossReferenceSourceInfo Dynamically created class: java.io.Closeable 
107996     DEBUG main            d.u.i.k.p.i.AbstractProblemLoader Init config took 2.87s 
108018     INFO  main            d.u.i.k.p.i.AbstractProblemLoader Replaying proof continue1.key.proof 
108049     DEBUG main            d.u.i.k.p.i.IntermediateProofReplayer Proof replay took 27.4ms 
108066     DEBUG main            d.u.i.k.p.r.p.TestFile    ... success: reloaded. 
108070     INFO  main            d.u.i.k.p.r.p.TestFile    Now processing file /home/runner/work/key/key/key.core/../key.ui/examples/standard_key/java_dl/continue2.key 
108074     INFO  main            d.u.i.k.p.i.AbstractProblemLoader Loading environment from /home/runner/work/key/key/key.core/../key.ui/examples/standard_key/java_dl/continue2.key 
108074     DEBUG main            d.u.i.k.p.i.AbstractProblemLoader Environment load took 876.89ns 
108076     INFO  main            d.u.i.k.p.i.AbstractProblemLoader Creating init config 
108118     WARN  main            d.u.i.k.j.r.KeYCrossReferenceNameInfo Datatype java.lang.System declared twice: Once in FILE:/home/runner/work/key/key/key.core/../key.ui/examples/standard_key/java_dl/classpath/System.java and once in URL:file:/home/runner/work/key/key/key.core/build/resources/main/de/uka/ilkd/key/java/JavaRedux/java/lang/System.java, Keeping one from URL:file:/home/runner/work/key/key/key.core/build/resources/main/de/uka/ilkd/key/java/JavaRedux/java/lang/System.java 
108119     WARN  main            d.u.i.k.j.r.KeYCrossReferenceNameInfo Datatype java.io.InputStream declared twice: Once in FILE:/home/runner/work/key/key/key.core/../key.ui/examples/standard_key/java_dl/classpath/InputStream.java and once in URL:file:/home/runner/work/key/key/key.core/build/resources/main/de/uka/ilkd/key/java/JavaRedux/java/io/InputStream.java, Keeping one from URL:file:/home/runner/work/key/key/key.core/build/resources/main/de/uka/ilkd/key/java/JavaRedux/java/io/InputStream.java 
108119     WARN  main            d.u.i.k.j.r.KeYCrossReferenceNameInfo Datatype java.io.PrintStream declared twice: Once in FILE:/home/runner/work/key/key/key.core/../key.ui/examples/standard_key/java_dl/classpath/PrintStream.java and once in URL:file:/home/runner/work/key/key/key.core/build/resources/main/de/uka/ilkd/key/java/JavaRedux/java/io/PrintStream.java, Keeping one from URL:file:/home/runner/work/key/key/key.core/build/resources/main/de/uka/ilkd/key/java/JavaRedux/java/io/PrintStream.java 
108122     DEBUG main            d.u.i.k.j.r.ClassFileDeclarationBuilder Parsing: package java.io; public class Closeable { } 
108122     DEBUG main            r.s.KeYCrossReferenceSourceInfo Dynamically created class: java.io.Closeable 
111143     DEBUG main            d.u.i.k.p.i.AbstractProblemLoader Init config took 3.07s 
111163     INFO  main            d.u.i.k.p.i.AbstractProblemLoader Replaying proof continue2.key 
111166     DEBUG main            d.u.i.k.p.i.IntermediateProofReplayer Proof replay took 8.6ns 
111471     INFO  main            d.u.i.k.p.r.p.TestFile    ... finished proof: closed. 
111772     INFO  main            d.u.i.k.p.i.AbstractProblemLoader Loading environment from /home/runner/work/key/key/key.core/../key.ui/examples/standard_key/java_dl/continue2.key.proof 
111773     DEBUG main            d.u.i.k.p.i.AbstractProblemLoader Environment load took 599.7ns 
111774     INFO  main            d.u.i.k.p.i.AbstractProblemLoader Creating init config 
111803     WARN  main            d.u.i.k.j.r.KeYCrossReferenceNameInfo Datatype java.lang.System declared twice: Once in FILE:/home/runner/work/key/key/key.core/../key.ui/examples/standard_key/java_dl/classpath/System.java and once in URL:file:/home/runner/work/key/key/key.core/build/resources/main/de/uka/ilkd/key/java/JavaRedux/java/lang/System.java, Keeping one from URL:file:/home/runner/work/key/key/key.core/build/resources/main/de/uka/ilkd/key/java/JavaRedux/java/lang/System.java 
111804     WARN  main            d.u.i.k.j.r.KeYCrossReferenceNameInfo Datatype java.io.InputStream declared twice: Once in FILE:/home/runner/work/key/key/key.core/../key.ui/examples/standard_key/java_dl/classpath/InputStream.java and once in URL:file:/home/runner/work/key/key/key.core/build/resources/main/de/uka/ilkd/key/java/JavaRedux/java/io/InputStream.java, Keeping one from URL:file:/home/runner/work/key/key/key.core/build/resources/main/de/uka/ilkd/key/java/JavaRedux/java/io/InputStream.java 
111804     WARN  main            d.u.i.k.j.r.KeYCrossReferenceNameInfo Datatype java.io.PrintStream declared twice: Once in FILE:/home/runner/work/key/key/key.core/../key.ui/examples/standard_key/java_dl/classpath/PrintStream.java and once in URL:file:/home/runner/work/key/key/key.core/build/resources/main/de/uka/ilkd/key/java/JavaRedux/java/io/PrintStream.java, Keeping one from URL:file:/home/runner/work/key/key/key.core/build/resources/main/de/uka/ilkd/key/java/JavaRedux/java/io/PrintStream.java 
111808     DEBUG main            d.u.i.k.j.r.ClassFileDeclarationBuilder Parsing: package java.io; public class Closeable { } 
111808     DEBUG main            r.s.KeYCrossReferenceSourceInfo Dynamically created class: java.io.Closeable 
114722     DEBUG main            d.u.i.k.p.i.AbstractProblemLoader Init config took 2.95s 
114740     INFO  main            d.u.i.k.p.i.AbstractProblemLoader Replaying proof continue2.key.proof 
114873     DEBUG main            d.u.i.k.p.i.IntermediateProofReplayer Proof replay took 127.94ms 
114876     DEBUG main            d.u.i.k.p.r.p.TestFile    ... success: reloaded. 
114878     INFO  main            d.u.i.k.p.r.p.TestFile    Now processing file /home/runner/work/key/key/key.core/../key.ui/examples/standard_key/java_dl/complexAssignment.key 
114878     INFO  main            d.u.i.k.p.i.AbstractProblemLoader Loading environment from /home/runner/work/key/key/key.core/../key.ui/examples/standard_key/java_dl/complexAssignment.key 
114879     DEBUG main            d.u.i.k.p.i.AbstractProblemLoader Environment load took 116.3ns 
114880     INFO  main            d.u.i.k.p.i.AbstractProblemLoader Creating init config 
117955     DEBUG main            d.u.i.k.p.i.AbstractProblemLoader Init config took 3.08s 
117973     INFO  main            d.u.i.k.p.i.AbstractProblemLoader Replaying proof complexAssignment.key 
117975     DEBUG main            d.u.i.k.p.i.IntermediateProofReplayer Proof replay took 8.5ns 
118079     INFO  main            d.u.i.k.p.r.p.TestFile    ... finished proof: closed. 
118377     INFO  main            d.u.i.k.p.i.AbstractProblemLoader Loading environment from /home/runner/work/key/key/key.core/../key.ui/examples/standard_key/java_dl/complexAssignment.key.proof 
118377     DEBUG main            d.u.i.k.p.i.AbstractProblemLoader Environment load took 147.7ns 
118378     INFO  main            d.u.i.k.p.i.AbstractProblemLoader Creating init config 
121282     DEBUG main            d.u.i.k.p.i.AbstractProblemLoader Init config took 2.9s 
121299     INFO  main            d.u.i.k.p.i.AbstractProblemLoader Replaying proof complexAssignment.key.proof 
121309     DEBUG main            d.u.i.k.p.i.IntermediateProofReplayer Proof replay took 7.97ms 
121310     DEBUG main            d.u.i.k.p.r.p.TestFile    ... success: reloaded. 
121311     INFO  main            d.u.i.k.p.r.p.TestFile    Now processing file /home/runner/work/key/key/key.core/../key.ui/examples/standard_key/java_dl/danglingElseSolution1.key 
121315     INFO  main            d.u.i.k.p.i.AbstractProblemLoader Loading environment from /home/runner/work/key/key/key.core/../key.ui/examples/standard_key/java_dl/danglingElseSolution1.key 
121315     DEBUG main            d.u.i.k.p.i.AbstractProblemLoader Environment load took 151.5ns 
121316     INFO  main            d.u.i.k.p.i.AbstractProblemLoader Creating init config 
124238     DEBUG main            d.u.i.k.p.i.AbstractProblemLoader Init config took 2.92s 
124255     INFO  main            d.u.i.k.p.i.AbstractProblemLoader Replaying proof danglingElseSolution1.key 
124256     DEBUG main            d.u.i.k.p.i.IntermediateProofReplayer Proof replay took 7.1ns 
124359     INFO  main            d.u.i.k.p.r.p.TestFile    ... finished proof: closed. 
124644     INFO  main            d.u.i.k.p.i.AbstractProblemLoader Loading environment from /home/runner/work/key/key/key.core/../key.ui/examples/standard_key/java_dl/danglingElseSolution1.key.proof 
124644     DEBUG main            d.u.i.k.p.i.AbstractProblemLoader Environment load took 117.9ns 
124647     INFO  main            d.u.i.k.p.i.AbstractProblemLoader Creating init config 
127588     DEBUG main            d.u.i.k.p.i.AbstractProblemLoader Init config took 2.94s 
127605     INFO  main            d.u.i.k.p.i.AbstractProblemLoader Replaying proof danglingElseSolution1.key.proof 
127621     DEBUG main            d.u.i.k.p.i.IntermediateProofReplayer Proof replay took 13.61ms 
127622     DEBUG main            d.u.i.k.p.r.p.TestFile    ... success: reloaded. 
127622     INFO  main            d.u.i.k.p.r.p.TestFile    Now processing file /home/runner/work/key/key/key.core/../key.ui/examples/standard_key/java_dl/danglingElseSolution2.key 
127623     INFO  main            d.u.i.k.p.i.AbstractProblemLoader Loading environment from /home/runner/work/key/key/key.core/../key.ui/examples/standard_key/java_dl/danglingElseSolution2.key 
127623     DEBUG main            d.u.i.k.p.i.AbstractProblemLoader Environment load took 74ns 
127624     INFO  main            d.u.i.k.p.i.AbstractProblemLoader Creating init config 
130675     DEBUG main            d.u.i.k.p.i.AbstractProblemLoader Init config took 3.05s 
130693     INFO  main            d.u.i.k.p.i.AbstractProblemLoader Replaying proof danglingElseSolution2.key 
130695     DEBUG main            d.u.i.k.p.i.IntermediateProofReplayer Proof replay took 7.9ns 
130801     INFO  main            d.u.i.k.p.r.p.TestFile    ... finished proof: closed. 
131106     INFO  main            d.u.i.k.p.i.AbstractProblemLoader Loading environment from /home/runner/work/key/key/key.core/../key.ui/examples/standard_key/java_dl/danglingElseSolution2.key.proof 
131106     DEBUG main            d.u.i.k.p.i.AbstractProblemLoader Environment load took 124.9ns 
131108     INFO  main            d.u.i.k.p.i.AbstractProblemLoader Creating init config 
133941     DEBUG main            d.u.i.k.p.i.AbstractProblemLoader Init config took 2.83s 
133958     INFO  main            d.u.i.k.p.i.AbstractProblemLoader Replaying proof danglingElseSolution2.key.proof 
133977     DEBUG main            d.u.i.k.p.i.IntermediateProofReplayer Proof replay took 15.8ms 
133978     DEBUG main            d.u.i.k.p.r.p.TestFile    ... success: reloaded. 
133979     INFO  main            d.u.i.k.p.r.p.TestFile    Now processing file /home/runner/work/key/key/key.core/../key.ui/examples/standard_key/java_dl/deepNonNull/deepNonNull0.key 
133979     INFO  main            d.u.i.k.p.i.AbstractProblemLoader Loading environment from /home/runner/work/key/key/key.core/../key.ui/examples/standard_key/java_dl/deepNonNull/deepNonNull0.key 
133979     DEBUG main            d.u.i.k.p.i.AbstractProblemLoader Environment load took 344.3ns 
133981     INFO  main            d.u.i.k.p.i.AbstractProblemLoader Creating init config 
136974     DEBUG main            d.u.i.k.p.i.AbstractProblemLoader Init config took 2.99s 
137042     INFO  main            d.u.i.k.p.i.AbstractProblemLoader Replaying proof Arrays[Arrays::get()].JML operation contract.0 
137045     DEBUG main            d.u.i.k.p.i.IntermediateProofReplayer Proof replay took 7.6ns 
137247     INFO  main            d.u.i.k.p.r.p.TestFile    ... finished proof: closed. 
137581     INFO  main            d.u.i.k.p.i.AbstractProblemLoader Loading environment from /home/runner/work/key/key/key.core/../key.ui/examples/standard_key/java_dl/deepNonNull/deepNonNull0.key.proof 
137581     DEBUG main            d.u.i.k.p.i.AbstractProblemLoader Environment load took 165.4ns 
137582     INFO  main            d.u.i.k.p.i.AbstractProblemLoader Creating init config 
140474     DEBUG main            d.u.i.k.p.i.AbstractProblemLoader Init config took 2.89s 
140522     INFO  main            d.u.i.k.p.i.AbstractProblemLoader Replaying proof Arrays[Arrays::get()].JML operation contract.0 
140562     DEBUG main            d.u.i.k.p.i.IntermediateProofReplayer Proof replay took 36.93ms 
140563     DEBUG main            d.u.i.k.p.r.p.TestFile    ... success: reloaded. 
140564     INFO  main            d.u.i.k.p.r.p.TestFile    Now processing file /home/runner/work/key/key/key.core/../key.ui/examples/standard_key/java_dl/deepNonNull/deepNonNull1.key 
140564     INFO  main            d.u.i.k.p.i.AbstractProblemLoader Loading environment from /home/runner/work/key/key/key.core/../key.ui/examples/standard_key/java_dl/deepNonNull/deepNonNull1.key 
140564     DEBUG main            d.u.i.k.p.i.AbstractProblemLoader Environment load took 98.8ns 
140565     INFO  main            d.u.i.k.p.i.AbstractProblemLoader Creating init config 
143447     DEBUG main            d.u.i.k.p.i.AbstractProblemLoader Init config took 2.88s 
143492     INFO  main            d.u.i.k.p.i.AbstractProblemLoader Replaying proof Arrays[Arrays::head()].JML operation contract.0 
143494     DEBUG main            d.u.i.k.p.i.IntermediateProofReplayer Proof replay took 8.3ns 
143699     INFO  main            d.u.i.k.p.r.p.TestFile    ... finished proof: closed. 
144035     INFO  main            d.u.i.k.p.i.AbstractProblemLoader Loading environment from /home/runner/work/key/key/key.core/../key.ui/examples/standard_key/java_dl/deepNonNull/deepNonNull1.key.proof 
144039     DEBUG main            d.u.i.k.p.i.AbstractProblemLoader Environment load took 3.57ms 
144040     INFO  main            d.u.i.k.p.i.AbstractProblemLoader Creating init config 
146929     DEBUG main            d.u.i.k.p.i.AbstractProblemLoader Init config took 2.89s 
146971     INFO  main            d.u.i.k.p.i.AbstractProblemLoader Replaying proof Arrays[Arrays::head()].JML operation contract.0 
147006     DEBUG main            d.u.i.k.p.i.IntermediateProofReplayer Proof replay took 31.71ms 
147007     DEBUG main            d.u.i.k.p.r.p.TestFile    ... success: reloaded. 
147007     INFO  main            d.u.i.k.p.r.p.TestFile    Now processing file /home/runner/work/key/key/key.core/../key.ui/examples/standard_key/java_dl/deepNonNull/deepNonNull2.key 
147008     INFO  main            d.u.i.k.p.i.AbstractProblemLoader Loading environment from /home/runner/work/key/key/key.core/../key.ui/examples/standard_key/java_dl/deepNonNull/deepNonNull2.key 
147008     DEBUG main            d.u.i.k.p.i.AbstractProblemLoader Environment load took 145.4ns 
147009     INFO  main            d.u.i.k.p.i.AbstractProblemLoader Creating init config 
149963     DEBUG main            d.u.i.k.p.i.AbstractProblemLoader Init config took 2.95s 
150031     INFO  main            d.u.i.k.p.i.AbstractProblemLoader Replaying proof Arrays[Arrays::unprovable(java.lang.Object)].JML operation contract.0 
150033     DEBUG main            d.u.i.k.p.i.IntermediateProofReplayer Proof replay took 52.8ns 
150142     INFO  main            d.u.i.k.p.r.p.TestFile    ... finished proof: open goal(s) 
150453     INFO  main            d.u.i.k.p.r.p.TestFile    Now processing file /home/runner/work/key/key/key.core/../key.ui/examples/standard_key/java_dl/deepNonNull/deepNonNull3.key 
150453     INFO  main            d.u.i.k.p.i.AbstractProblemLoader Loading environment from /home/runner/work/key/key/key.core/../key.ui/examples/standard_key/java_dl/deepNonNull/deepNonNull3.key 
150453     DEBUG main            d.u.i.k.p.i.AbstractProblemLoader Environment load took 62.4ns 
150454     INFO  main            d.u.i.k.p.i.AbstractProblemLoader Creating init config 
153244     DEBUG main            d.u.i.k.p.i.AbstractProblemLoader Init config took 2.79s 
153287     INFO  main            d.u.i.k.p.i.AbstractProblemLoader Replaying proof Arrays[Arrays::head([[[[Ljava.lang.Object)].JML operation contract.0 
153288     DEBUG main            d.u.i.k.p.i.IntermediateProofReplayer Proof replay took 7.4ns 
154397     INFO  main            d.u.i.k.p.r.p.TestFile    ... finished proof: closed. 
154764     INFO  main            d.u.i.k.p.i.AbstractProblemLoader Loading environment from /home/runner/work/key/key/key.core/../key.ui/examples/standard_key/java_dl/deepNonNull/deepNonNull3.key.proof 
154766     DEBUG main            d.u.i.k.p.i.AbstractProblemLoader Environment load took 2.25ms 
154767     INFO  main            d.u.i.k.p.i.AbstractProblemLoader Creating init config 
157680     DEBUG main            d.u.i.k.p.i.AbstractProblemLoader Init config took 2.91s 
157723     INFO  main            d.u.i.k.p.i.AbstractProblemLoader Replaying proof Arrays[Arrays::head([[[[Ljava.lang.Object)].JML operation contract.0 
157872     DEBUG main            d.u.i.k.p.i.IntermediateProofReplayer Proof replay took 142.28ms 
157873     DEBUG main            d.u.i.k.p.r.p.TestFile    ... success: reloaded. 
157874     INFO  main            d.u.i.k.p.r.p.TestFile    Now processing file /home/runner/work/key/key/key.core/../key.ui/examples/standard_key/java_dl/exceptions.key 
157876     INFO  main            d.u.i.k.p.i.AbstractProblemLoader Loading environment from /home/runner/work/key/key/key.core/../key.ui/examples/standard_key/java_dl/exceptions.key 
157877     DEBUG main            d.u.i.k.p.i.AbstractProblemLoader Environment load took 1.21ms 
157879     INFO  main            d.u.i.k.p.i.AbstractProblemLoader Creating init config 
157907     WARN  main            d.u.i.k.j.r.KeYCrossReferenceNameInfo Datatype java.lang.System declared twice: Once in FILE:/home/runner/work/key/key/key.core/../key.ui/examples/standard_key/java_dl/classpath/System.java and once in URL:file:/home/runner/work/key/key/key.core/build/resources/main/de/uka/ilkd/key/java/JavaRedux/java/lang/System.java, Keeping one from URL:file:/home/runner/work/key/key/key.core/build/resources/main/de/uka/ilkd/key/java/JavaRedux/java/lang/System.java 
157909     WARN  main            d.u.i.k.j.r.KeYCrossReferenceNameInfo Datatype java.io.InputStream declared twice: Once in FILE:/home/runner/work/key/key/key.core/../key.ui/examples/standard_key/java_dl/classpath/InputStream.java and once in URL:file:/home/runner/work/key/key/key.core/build/resources/main/de/uka/ilkd/key/java/JavaRedux/java/io/InputStream.java, Keeping one from URL:file:/home/runner/work/key/key/key.core/build/resources/main/de/uka/ilkd/key/java/JavaRedux/java/io/InputStream.java 
157912     WARN  main            d.u.i.k.j.r.KeYCrossReferenceNameInfo Datatype java.io.PrintStream declared twice: Once in FILE:/home/runner/work/key/key/key.core/../key.ui/examples/standard_key/java_dl/classpath/PrintStream.java and once in URL:file:/home/runner/work/key/key/key.core/build/resources/main/de/uka/ilkd/key/java/JavaRedux/java/io/PrintStream.java, Keeping one from URL:file:/home/runner/work/key/key/key.core/build/resources/main/de/uka/ilkd/key/java/JavaRedux/java/io/PrintStream.java 
157915     DEBUG main            d.u.i.k.j.r.ClassFileDeclarationBuilder Parsing: package java.io; public class Closeable { } 
157915     DEBUG main            r.s.KeYCrossReferenceSourceInfo Dynamically created class: java.io.Closeable 
160786     DEBUG main            d.u.i.k.p.i.AbstractProblemLoader Init config took 2.91s 
160801     INFO  main            d.u.i.k.p.i.AbstractProblemLoader Replaying proof exceptions.key 
160803     DEBUG main            d.u.i.k.p.i.IntermediateProofReplayer Proof replay took 8.4ns 
161006     INFO  main            d.u.i.k.p.r.p.TestFile    ... finished proof: closed. 
161379     INFO  main            d.u.i.k.p.i.AbstractProblemLoader Loading environment from /home/runner/work/key/key/key.core/../key.ui/examples/standard_key/java_dl/exceptions.key.proof 
161379     DEBUG main            d.u.i.k.p.i.AbstractProblemLoader Environment load took 90.7ns 
161381     INFO  main            d.u.i.k.p.i.AbstractProblemLoader Creating init config 
161414     WARN  main            d.u.i.k.j.r.KeYCrossReferenceNameInfo Datatype java.lang.System declared twice: Once in FILE:/home/runner/work/key/key/key.core/../key.ui/examples/standard_key/java_dl/classpath/System.java and once in URL:file:/home/runner/work/key/key/key.core/build/resources/main/de/uka/ilkd/key/java/JavaRedux/java/lang/System.java, Keeping one from URL:file:/home/runner/work/key/key/key.core/build/resources/main/de/uka/ilkd/key/java/JavaRedux/java/lang/System.java 
161415     WARN  main            d.u.i.k.j.r.KeYCrossReferenceNameInfo Datatype java.io.InputStream declared twice: Once in FILE:/home/runner/work/key/key/key.core/../key.ui/examples/standard_key/java_dl/classpath/InputStream.java and once in URL:file:/home/runner/work/key/key/key.core/build/resources/main/de/uka/ilkd/key/java/JavaRedux/java/io/InputStream.java, Keeping one from URL:file:/home/runner/work/key/key/key.core/build/resources/main/de/uka/ilkd/key/java/JavaRedux/java/io/InputStream.java 
161415     WARN  main            d.u.i.k.j.r.KeYCrossReferenceNameInfo Datatype java.io.PrintStream declared twice: Once in FILE:/home/runner/work/key/key/key.core/../key.ui/examples/standard_key/java_dl/classpath/PrintStream.java and once in URL:file:/home/runner/work/key/key/key.core/build/resources/main/de/uka/ilkd/key/java/JavaRedux/java/io/PrintStream.java, Keeping one from URL:file:/home/runner/work/key/key/key.core/build/resources/main/de/uka/ilkd/key/java/JavaRedux/java/io/PrintStream.java 
161418     DEBUG main            d.u.i.k.j.r.ClassFileDeclarationBuilder Parsing: package java.io; public class Closeable { } 
161418     DEBUG main            r.s.KeYCrossReferenceSourceInfo Dynamically created class: java.io.Closeable 
164350     DEBUG main            d.u.i.k.p.i.AbstractProblemLoader Init config took 2.97s 
164367     INFO  main            d.u.i.k.p.i.AbstractProblemLoader Replaying proof exceptions.key.proof 
164440     DEBUG main            d.u.i.k.p.i.IntermediateProofReplayer Proof replay took 70.32ms 
164442     DEBUG main            d.u.i.k.p.r.p.TestFile    ... success: reloaded. 
164443     INFO  main            d.u.i.k.p.r.p.TestFile    Now processing file /home/runner/work/key/key/key.core/../key.ui/examples/standard_key/java_dl/exceptions1.key 
164443     INFO  main            d.u.i.k.p.i.AbstractProblemLoader Loading environment from /home/runner/work/key/key/key.core/../key.ui/examples/standard_key/java_dl/exceptions1.key 
164443     DEBUG main            d.u.i.k.p.i.AbstractProblemLoader Environment load took 207.4ns 
164444     INFO  main            d.u.i.k.p.i.AbstractProblemLoader Creating init config 
167212     DEBUG main            d.u.i.k.p.i.AbstractProblemLoader Init config took 2.77s 
167229     INFO  main            d.u.i.k.p.i.AbstractProblemLoader Replaying proof exceptions1.key 
167232     DEBUG main            d.u.i.k.p.i.IntermediateProofReplayer Proof replay took 7.8ns 
167436     INFO  main            d.u.i.k.p.r.p.TestFile    ... finished proof: closed. 
167780     INFO  main            d.u.i.k.p.i.AbstractProblemLoader Loading environment from /home/runner/work/key/key/key.core/../key.ui/examples/standard_key/java_dl/exceptions1.key.proof 
167780     DEBUG main            d.u.i.k.p.i.AbstractProblemLoader Environment load took 291.4ns 
167782     INFO  main            d.u.i.k.p.i.AbstractProblemLoader Creating init config 
170511     DEBUG main            d.u.i.k.p.i.AbstractProblemLoader Init config took 2.73s 
170526     INFO  main            d.u.i.k.p.i.AbstractProblemLoader Replaying proof exceptions1.key.proof 
170566     DEBUG main            d.u.i.k.p.i.IntermediateProofReplayer Proof replay took 36.88ms 
170567     DEBUG main            d.u.i.k.p.r.p.TestFile    ... success: reloaded. 
170568     INFO  main            d.u.i.k.p.r.p.TestFile    Now processing file /home/runner/work/key/key/key.core/../key.ui/examples/standard_key/java_dl/exceptions2.key 
170568     INFO  main            d.u.i.k.p.i.AbstractProblemLoader Loading environment from /home/runner/work/key/key/key.core/../key.ui/examples/standard_key/java_dl/exceptions2.key 
170569     DEBUG main            d.u.i.k.p.i.AbstractProblemLoader Environment load took 259.2ns 
170569     INFO  main            d.u.i.k.p.i.AbstractProblemLoader Creating init config 
173366     DEBUG main            d.u.i.k.p.i.AbstractProblemLoader Init config took 2.8s 
173383     INFO  main            d.u.i.k.p.i.AbstractProblemLoader Replaying proof exceptions2.key 
173386     DEBUG main            d.u.i.k.p.i.IntermediateProofReplayer Proof replay took 23.9ns 
173589     INFO  main            d.u.i.k.p.r.p.TestFile    ... finished proof: closed. 
173933     INFO  main            d.u.i.k.p.i.AbstractProblemLoader Loading environment from /home/runner/work/key/key/key.core/../key.ui/examples/standard_key/java_dl/exceptions2.key.proof 
173933     DEBUG main            d.u.i.k.p.i.AbstractProblemLoader Environment load took 99.9ns 
173935     INFO  main            d.u.i.k.p.i.AbstractProblemLoader Creating init config 
176608     DEBUG main            d.u.i.k.p.i.AbstractProblemLoader Init config took 2.67s 
176625     INFO  main            d.u.i.k.p.i.AbstractProblemLoader Replaying proof exceptions2.key.proof 
176666     DEBUG main            d.u.i.k.p.i.IntermediateProofReplayer Proof replay took 38.21ms 
176667     DEBUG main            d.u.i.k.p.r.p.TestFile    ... success: reloaded. 
176668     INFO  main            d.u.i.k.p.r.p.TestFile    Now processing file /home/runner/work/key/key/key.core/../key.ui/examples/standard_key/java_dl/exceptions3.key 
176668     INFO  main            d.u.i.k.p.i.AbstractProblemLoader Loading environment from /home/runner/work/key/key/key.core/../key.ui/examples/standard_key/java_dl/exceptions3.key 
176668     DEBUG main            d.u.i.k.p.i.AbstractProblemLoader Environment load took 104.7ns 
176669     INFO  main            d.u.i.k.p.i.AbstractProblemLoader Creating init config 
176697     WARN  main            d.u.i.k.j.r.KeYCrossReferenceNameInfo Datatype java.lang.System declared twice: Once in FILE:/home/runner/work/key/key/key.core/../key.ui/examples/standard_key/java_dl/classpath/System.java and once in URL:file:/home/runner/work/key/key/key.core/build/resources/main/de/uka/ilkd/key/java/JavaRedux/java/lang/System.java, Keeping one from URL:file:/home/runner/work/key/key/key.core/build/resources/main/de/uka/ilkd/key/java/JavaRedux/java/lang/System.java 
176697     WARN  main            d.u.i.k.j.r.KeYCrossReferenceNameInfo Datatype java.io.InputStream declared twice: Once in FILE:/home/runner/work/key/key/key.core/../key.ui/examples/standard_key/java_dl/classpath/InputStream.java and once in URL:file:/home/runner/work/key/key/key.core/build/resources/main/de/uka/ilkd/key/java/JavaRedux/java/io/InputStream.java, Keeping one from URL:file:/home/runner/work/key/key/key.core/build/resources/main/de/uka/ilkd/key/java/JavaRedux/java/io/InputStream.java 
176697     WARN  main            d.u.i.k.j.r.KeYCrossReferenceNameInfo Datatype java.io.PrintStream declared twice: Once in FILE:/home/runner/work/key/key/key.core/../key.ui/examples/standard_key/java_dl/classpath/PrintStream.java and once in URL:file:/home/runner/work/key/key/key.core/build/resources/main/de/uka/ilkd/key/java/JavaRedux/java/io/PrintStream.java, Keeping one from URL:file:/home/runner/work/key/key/key.core/build/resources/main/de/uka/ilkd/key/java/JavaRedux/java/io/PrintStream.java 
176700     DEBUG main            d.u.i.k.j.r.ClassFileDeclarationBuilder Parsing: package java.io; public class Closeable { } 
176700     DEBUG main            r.s.KeYCrossReferenceSourceInfo Dynamically created class: java.io.Closeable 
179502     DEBUG main            d.u.i.k.p.i.AbstractProblemLoader Init config took 2.83s 
179518     INFO  main            d.u.i.k.p.i.AbstractProblemLoader Replaying proof exceptions3.key 
179520     DEBUG main            d.u.i.k.p.i.IntermediateProofReplayer Proof replay took 10.1ns 
179624     INFO  main            d.u.i.k.p.r.p.TestFile    ... finished proof: closed. 
179965     INFO  main            d.u.i.k.p.i.AbstractProblemLoader Loading environment from /home/runner/work/key/key/key.core/../key.ui/examples/standard_key/java_dl/exceptions3.key.proof 
179965     DEBUG main            d.u.i.k.p.i.AbstractProblemLoader Environment load took 105.4ns 
179966     INFO  main            d.u.i.k.p.i.AbstractProblemLoader Creating init config 
179994     WARN  main            d.u.i.k.j.r.KeYCrossReferenceNameInfo Datatype java.lang.System declared twice: Once in FILE:/home/runner/work/key/key/key.core/../key.ui/examples/standard_key/java_dl/classpath/System.java and once in URL:file:/home/runner/work/key/key/key.core/build/resources/main/de/uka/ilkd/key/java/JavaRedux/java/lang/System.java, Keeping one from URL:file:/home/runner/work/key/key/key.core/build/resources/main/de/uka/ilkd/key/java/JavaRedux/java/lang/System.java 
179994     WARN  main            d.u.i.k.j.r.KeYCrossReferenceNameInfo Datatype java.io.InputStream declared twice: Once in FILE:/home/runner/work/key/key/key.core/../key.ui/examples/standard_key/java_dl/classpath/InputStream.java and once in URL:file:/home/runner/work/key/key/key.core/build/resources/main/de/uka/ilkd/key/java/JavaRedux/java/io/InputStream.java, Keeping one from URL:file:/home/runner/work/key/key/key.core/build/resources/main/de/uka/ilkd/key/java/JavaRedux/java/io/InputStream.java 
179994     WARN  main            d.u.i.k.j.r.KeYCrossReferenceNameInfo Datatype java.io.PrintStream declared twice: Once in FILE:/home/runner/work/key/key/key.core/../key.ui/examples/standard_key/java_dl/classpath/PrintStream.java and once in URL:file:/home/runner/work/key/key/key.core/build/resources/main/de/uka/ilkd/key/java/JavaRedux/java/io/PrintStream.java, Keeping one from URL:file:/home/runner/work/key/key/key.core/build/resources/main/de/uka/ilkd/key/java/JavaRedux/java/io/PrintStream.java 
179997     DEBUG main            d.u.i.k.j.r.ClassFileDeclarationBuilder Parsing: package java.io; public class Closeable { } 
179997     DEBUG main            r.s.KeYCrossReferenceSourceInfo Dynamically created class: java.io.Closeable 
182909     DEBUG main            d.u.i.k.p.i.AbstractProblemLoader Init config took 2.94s 
182926     INFO  main            d.u.i.k.p.i.AbstractProblemLoader Replaying proof exceptions3.key.proof 
182936     DEBUG main            d.u.i.k.p.i.IntermediateProofReplayer Proof replay took 7.2ms 
182938     DEBUG main            d.u.i.k.p.r.p.TestFile    ... success: reloaded. 
182939     INFO  main            d.u.i.k.p.r.p.TestFile    Now processing file /home/runner/work/key/key/key.core/../key.ui/examples/standard_key/java_dl/exchange.key 
182939     INFO  main            d.u.i.k.p.i.AbstractProblemLoader Loading environment from /home/runner/work/key/key/key.core/../key.ui/examples/standard_key/java_dl/exchange.key 
182939     DEBUG main            d.u.i.k.p.i.AbstractProblemLoader Environment load took 179.7ns 
182941     INFO  main            d.u.i.k.p.i.AbstractProblemLoader Creating init config 
185826     DEBUG main            d.u.i.k.p.i.AbstractProblemLoader Init config took 2.89s 
185844     INFO  main            d.u.i.k.p.i.AbstractProblemLoader Replaying proof exchange.key 
185846     DEBUG main            d.u.i.k.p.i.IntermediateProofReplayer Proof replay took 8.7ns 
185949     INFO  main            d.u.i.k.p.r.p.TestFile    ... finished proof: closed. 
186312     INFO  main            d.u.i.k.p.i.AbstractProblemLoader Loading environment from /home/runner/work/key/key/key.core/../key.ui/examples/standard_key/java_dl/exchange.key.proof 
186312     DEBUG main            d.u.i.k.p.i.AbstractProblemLoader Environment load took 86ns 
186313     INFO  main            d.u.i.k.p.i.AbstractProblemLoader Creating init config 
189104     DEBUG main            d.u.i.k.p.i.AbstractProblemLoader Init config took 2.79s 
189121     INFO  main            d.u.i.k.p.i.AbstractProblemLoader Replaying proof exchange.key.proof 
189132     DEBUG main            d.u.i.k.p.i.IntermediateProofReplayer Proof replay took 7.85ms 
189133     DEBUG main            d.u.i.k.p.r.p.TestFile    ... success: reloaded. 
189133     INFO  main            d.u.i.k.p.r.p.TestFile    Now processing file /home/runner/work/key/key/key.core/../key.ui/examples/standard_key/java_dl/if.key 
189134     INFO  main            d.u.i.k.p.i.AbstractProblemLoader Loading environment from /home/runner/work/key/key/key.core/../key.ui/examples/standard_key/java_dl/if.key 
189134     DEBUG main            d.u.i.k.p.i.AbstractProblemLoader Environment load took 95ns 
189135     INFO  main            d.u.i.k.p.i.AbstractProblemLoader Creating init config 
192027     DEBUG main            d.u.i.k.p.i.AbstractProblemLoader Init config took 2.89s 
192044     INFO  main            d.u.i.k.p.i.AbstractProblemLoader Replaying proof if.key 
192045     DEBUG main            d.u.i.k.p.i.IntermediateProofReplayer Proof replay took 18.5ns 
192147     INFO  main            d.u.i.k.p.r.p.TestFile    ... finished proof: closed. 
192526     INFO  main            d.u.i.k.p.i.AbstractProblemLoader Loading environment from /home/runner/work/key/key/key.core/../key.ui/examples/standard_key/java_dl/if.key.proof 
192526     DEBUG main            d.u.i.k.p.i.AbstractProblemLoader Environment load took 104.8ns 
192527     INFO  main            d.u.i.k.p.i.AbstractProblemLoader Creating init config 
195518     DEBUG main            d.u.i.k.p.i.AbstractProblemLoader Init config took 2.99s 
195534     INFO  main            d.u.i.k.p.i.AbstractProblemLoader Replaying proof if.key.proof 
195540     DEBUG main            d.u.i.k.p.i.IntermediateProofReplayer Proof replay took 3.72ms 
195541     DEBUG main            d.u.i.k.p.r.p.TestFile    ... success: reloaded. 
195541     INFO  main            d.u.i.k.p.r.p.TestFile    Now processing file /home/runner/work/key/key/key.core/../key.ui/examples/standard_key/java_dl/incrementcounter.key 
195542     INFO  main            d.u.i.k.p.i.AbstractProblemLoader Loading environment from /home/runner/work/key/key/key.core/../key.ui/examples/standard_key/java_dl/incrementcounter.key 
195542     DEBUG main            d.u.i.k.p.i.AbstractProblemLoader Environment load took 102.8ns 
195543     INFO  main            d.u.i.k.p.i.AbstractProblemLoader Creating init config 
198476     DEBUG main            d.u.i.k.p.i.AbstractProblemLoader Init config took 2.93s 
198515     INFO  main            d.u.i.k.p.i.AbstractProblemLoader Replaying proof incrementcounter.key 
198517     DEBUG main            d.u.i.k.p.i.IntermediateProofReplayer Proof replay took 9.6ns 
198619     INFO  main            d.u.i.k.p.r.p.TestFile    ... finished proof: closed. 
198974     INFO  main            d.u.i.k.p.i.AbstractProblemLoader Loading environment from /home/runner/work/key/key/key.core/../key.ui/examples/standard_key/java_dl/incrementcounter.key.proof 
198974     DEBUG main            d.u.i.k.p.i.AbstractProblemLoader Environment load took 98.3ns 
198978     INFO  main            d.u.i.k.p.i.AbstractProblemLoader Creating init config 
201740     DEBUG main            d.u.i.k.p.i.AbstractProblemLoader Init config took 2.76s 
201757     INFO  main            d.u.i.k.p.i.AbstractProblemLoader Replaying proof incrementcounter.key.proof 
201762     DEBUG main            d.u.i.k.p.i.IntermediateProofReplayer Proof replay took 2.38ms 
201762     DEBUG main            d.u.i.k.p.r.p.TestFile    ... success: reloaded. 
201763     INFO  main            d.u.i.k.p.r.p.TestFile    Now processing file /home/runner/work/key/key/key.core/../key.ui/examples/standard_key/java_dl/danglingElse.key 
201763     INFO  main            d.u.i.k.p.i.AbstractProblemLoader Loading environment from /home/runner/work/key/key/key.core/../key.ui/examples/standard_key/java_dl/danglingElse.key 
201763     DEBUG main            d.u.i.k.p.i.AbstractProblemLoader Environment load took 106ns 
201765     INFO  main            d.u.i.k.p.i.AbstractProblemLoader Creating init config 
204581     DEBUG main            d.u.i.k.p.i.AbstractProblemLoader Init config took 2.82s 
204596     INFO  main            d.u.i.k.p.i.AbstractProblemLoader Replaying proof danglingElse.key 
204598     DEBUG main            d.u.i.k.p.i.IntermediateProofReplayer Proof replay took 8.3ns 
204701     INFO  main            d.u.i.k.p.r.p.TestFile    ... finished proof: open goal(s) 
205073     INFO  main            d.u.i.k.p.r.p.TestFile    Now processing file /home/runner/work/key/key/key.core/../key.ui/examples/standard_key/java_dl/iteratedAssignment.key 
205073     INFO  main            d.u.i.k.p.i.AbstractProblemLoader Loading environment from /home/runner/work/key/key/key.core/../key.ui/examples/standard_key/java_dl/iteratedAssignment.key 
205074     DEBUG main            d.u.i.k.p.i.AbstractProblemLoader Environment load took 501.2ns 
205075     INFO  main            d.u.i.k.p.i.AbstractProblemLoader Creating init config 
207714     DEBUG main            d.u.i.k.p.i.AbstractProblemLoader Init config took 2.64s 
207730     INFO  main            d.u.i.k.p.i.AbstractProblemLoader Replaying proof iteratedAssignment.key 
207741     DEBUG main            d.u.i.k.p.i.IntermediateProofReplayer Proof replay took 8.3ns 
208145     INFO  main            d.u.i.k.p.r.p.TestFile    ... finished proof: closed. 
208591     INFO  main            d.u.i.k.p.i.AbstractProblemLoader Loading environment from /home/runner/work/key/key/key.core/../key.ui/examples/standard_key/java_dl/iteratedAssignment.key.proof 
208592     DEBUG main            d.u.i.k.p.i.AbstractProblemLoader Environment load took 563.8ns 
208594     INFO  main            d.u.i.k.p.i.AbstractProblemLoader Creating init config 
211445     DEBUG main            d.u.i.k.p.i.AbstractProblemLoader Init config took 2.85s 
211463     INFO  main            d.u.i.k.p.i.AbstractProblemLoader Replaying proof iteratedAssignment.key.proof 
211549     DEBUG main            d.u.i.k.p.i.IntermediateProofReplayer Proof replay took 81.95ms 
211550     DEBUG main            d.u.i.k.p.r.p.TestFile    ... success: reloaded. 
211551     INFO  main            d.u.i.k.p.r.p.TestFile    Now processing file /home/runner/work/key/key/key.core/../key.ui/examples/standard_key/java_dl/assert/assert1.key 
211552     INFO  main            d.u.i.k.p.i.AbstractProblemLoader Loading environment from /home/runner/work/key/key/key.core/../key.ui/examples/standard_key/java_dl/assert/assert1.key 
211552     DEBUG main            d.u.i.k.p.i.AbstractProblemLoader Environment load took 79.1ns 
211553     INFO  main            d.u.i.k.p.i.AbstractProblemLoader Creating init config 
214446     DEBUG main            d.u.i.k.p.i.AbstractProblemLoader Init config took 2.89s 
214487     INFO  main            d.u.i.k.p.i.AbstractProblemLoader Replaying proof C[C::foo()].JML normal_behavior operation contract.0 
214489     DEBUG main            d.u.i.k.p.i.IntermediateProofReplayer Proof replay took 8.3ns 
214712     INFO  main            d.u.i.k.p.r.p.TestFile    ... finished proof: open goal(s) 
215124     INFO  main            d.u.i.k.p.r.p.TestFile    Now processing file /home/runner/work/key/key/key.core/../key.ui/examples/standard_key/java_dl/assert/assert2.key 
215125     INFO  main            d.u.i.k.p.i.AbstractProblemLoader Loading environment from /home/runner/work/key/key/key.core/../key.ui/examples/standard_key/java_dl/assert/assert2.key 
215125     DEBUG main            d.u.i.k.p.i.AbstractProblemLoader Environment load took 55.8ns 
215126     INFO  main            d.u.i.k.p.i.AbstractProblemLoader Creating init config 
218073     DEBUG main            d.u.i.k.p.i.AbstractProblemLoader Init config took 2.95s 
218113     INFO  main            d.u.i.k.p.i.AbstractProblemLoader Replaying proof C[C::bar()].JML exceptional_behavior operation contract.0 
218115     DEBUG main            d.u.i.k.p.i.IntermediateProofReplayer Proof replay took 9.6ns 
218318     INFO  main            d.u.i.k.p.r.p.TestFile    ... finished proof: closed. 
218798     INFO  main            d.u.i.k.p.i.AbstractProblemLoader Loading environment from /home/runner/work/key/key/key.core/../key.ui/examples/standard_key/java_dl/assert/assert2.key.proof 
218798     DEBUG main            d.u.i.k.p.i.AbstractProblemLoader Environment load took 83.9ns 
218799     INFO  main            d.u.i.k.p.i.AbstractProblemLoader Creating init config 
221680     DEBUG main            d.u.i.k.p.i.AbstractProblemLoader Init config took 2.88s 
221721     INFO  main            d.u.i.k.p.i.AbstractProblemLoader Replaying proof C[C::bar()].JML exceptional_behavior operation contract.0 
221779     DEBUG main            d.u.i.k.p.i.IntermediateProofReplayer Proof replay took 56.08ms 
221781     DEBUG main            d.u.i.k.p.r.p.TestFile    ... success: reloaded. 
221782     INFO  main            d.u.i.k.p.r.p.TestFile    Now processing file /home/runner/work/key/key/key.core/../key.ui/examples/standard_key/java_dl/assert/assert3.key 
221782     INFO  main            d.u.i.k.p.i.AbstractProblemLoader Loading environment from /home/runner/work/key/key/key.core/../key.ui/examples/standard_key/java_dl/assert/assert3.key 
221782     DEBUG main            d.u.i.k.p.i.AbstractProblemLoader Environment load took 98.9ns 
221783     INFO  main            d.u.i.k.p.i.AbstractProblemLoader Creating init config 
224625     DEBUG main            d.u.i.k.p.i.AbstractProblemLoader Init config took 2.84s 
224690     INFO  main            d.u.i.k.p.i.AbstractProblemLoader Replaying proof C[C::foo()].JML normal_behavior operation contract.0 
224695     DEBUG main            d.u.i.k.p.i.IntermediateProofReplayer Proof replay took 9.7ns 
224799     INFO  main            d.u.i.k.p.r.p.TestFile    ... finished proof: open goal(s) 
225205     INFO  main            d.u.i.k.p.r.p.TestFile    Now processing file /home/runner/work/key/key/key.core/../key.ui/examples/standard_key/java_dl/java5/vararg.key 
225206     INFO  main            d.u.i.k.p.i.AbstractProblemLoader Loading environment from /home/runner/work/key/key/key.core/../key.ui/examples/standard_key/java_dl/java5/vararg.key 
225206     DEBUG main            d.u.i.k.p.i.AbstractProblemLoader Environment load took 65.7ns 
225207     INFO  main            d.u.i.k.p.i.AbstractProblemLoader Creating init config 
226254     DEBUG main            d.u.i.k.j.r.ClassPreparationMethodBuilder clPrepBuilder: Inner Class detected. Reject building class initialisation methods. 
228547     DEBUG main            d.u.i.k.p.i.AbstractProblemLoader Init config took 3.34s 
228591     INFO  main            d.u.i.k.p.i.AbstractProblemLoader Replaying proof vararg.key 
228594     DEBUG main            d.u.i.k.p.i.IntermediateProofReplayer Proof replay took 7.9ns 
228975     DEBUG Thread-101      d.u.i.k.j.d.VariableSpecification Program match. Variables have different dimension (template #v0 = #vi;, source var#17[] = new java.lang.Object[]{d1, d2};) 
229154     DEBUG Thread-101      d.u.i.k.j.d.VariableSpecification Program match. Variables have different dimension (template #v0 = #vi;, source var#24[] = new java.lang.Object[]{d1, d2};) 
229341     DEBUG Thread-101      d.u.i.k.j.d.VariableSpecification Program match. Variables have different dimension (template #v0 = #vi;, source var#33[] = new java.lang.Object[]{var_1};) 
229342     DEBUG Thread-101      d.u.i.k.j.d.VariableSpecification Program match. Variables have different dimension (template #v0 = #vi;, source var#33[] = new java.lang.Object[]{var_1};) 
229488     DEBUG Thread-101      d.u.i.k.j.d.VariableSpecification Program match. Variables have different dimension (template #v0 = #vi;, source var#39[] = new java.lang.Object[]{null, null};) 
229673     DEBUG Thread-101      d.u.i.k.j.d.VariableSpecification Program match. Variables have different dimension (template #v0 = #vi;, source var#46[] = new java.lang.Object[]{};) 
230103     INFO  main            d.u.i.k.p.r.p.TestFile    ... finished proof: closed. 
230603     INFO  main            d.u.i.k.p.i.AbstractProblemLoader Loading environment from /home/runner/work/key/key/key.core/../key.ui/examples/standard_key/java_dl/java5/vararg.key.proof 
230611     DEBUG main            d.u.i.k.p.i.AbstractProblemLoader Environment load took 8.02ms 
230613     INFO  main            d.u.i.k.p.i.AbstractProblemLoader Creating init config 
231672     DEBUG main            d.u.i.k.j.r.ClassPreparationMethodBuilder clPrepBuilder: Inner Class detected. Reject building class initialisation methods. 
233895     DEBUG main            d.u.i.k.p.i.AbstractProblemLoader Init config took 3.28s 
233924     INFO  main            d.u.i.k.p.i.AbstractProblemLoader Replaying proof vararg.key.proof 
234394     DEBUG main            d.u.i.k.p.i.IntermediateProofReplayer Proof replay took 454.94ms 
234396     DEBUG main            d.u.i.k.p.r.p.TestFile    ... success: reloaded. 
234397     INFO  main            d.u.i.k.p.r.p.TestFile    Now processing file /home/runner/work/key/key/key.core/../key.ui/examples/standard_key/java_dl/java5/for_Array.key 
234397     INFO  main            d.u.i.k.p.i.AbstractProblemLoader Loading environment from /home/runner/work/key/key/key.core/../key.ui/examples/standard_key/java_dl/java5/for_Array.key 
234398     DEBUG main            d.u.i.k.p.i.AbstractProblemLoader Environment load took 194.7ns 
234399     INFO  main            d.u.i.k.p.i.AbstractProblemLoader Creating init config 
235404     DEBUG main            d.u.i.k.j.r.ClassPreparationMethodBuilder clPrepBuilder: Inner Class detected. Reject building class initialisation methods. 
237681     DEBUG main            d.u.i.k.p.i.AbstractProblemLoader Init config took 3.28s 
237775     INFO  main            d.u.i.k.p.i.AbstractProblemLoader Replaying proof For[For::sum([I)].JML operation contract.0 
237777     DEBUG main            d.u.i.k.p.i.IntermediateProofReplayer Proof replay took 8.5ns 
238183     INFO  main            d.u.i.k.p.r.p.TestFile    ... finished proof: closed. 
238670     INFO  main            d.u.i.k.p.i.AbstractProblemLoader Loading environment from /home/runner/work/key/key/key.core/../key.ui/examples/standard_key/java_dl/java5/for_Array.key.proof 
238670     DEBUG main            d.u.i.k.p.i.AbstractProblemLoader Environment load took 392.2ns 
238672     INFO  main            d.u.i.k.p.i.AbstractProblemLoader Creating init config 
239661     DEBUG main            d.u.i.k.j.r.ClassPreparationMethodBuilder clPrepBuilder: Inner Class detected. Reject building class initialisation methods. 
241825     DEBUG main            d.u.i.k.p.i.AbstractProblemLoader Init config took 3.15s 
241887     INFO  main            d.u.i.k.p.i.AbstractProblemLoader Replaying proof For[For::sum([I)].JML operation contract.0 
242010     DEBUG main            d.u.i.k.p.i.IntermediateProofReplayer Proof replay took 118.23ms 
242011     DEBUG main            d.u.i.k.p.r.p.TestFile    ... success: reloaded. 
242012     INFO  main            d.u.i.k.p.r.p.TestFile    Now processing file /home/runner/work/key/key/key.core/../key.ui/examples/standard_key/java_dl/java5/for_Iterable.key 
242012     INFO  main            d.u.i.k.p.i.AbstractProblemLoader Loading environment from /home/runner/work/key/key/key.core/../key.ui/examples/standard_key/java_dl/java5/for_Iterable.key 
242013     DEBUG main            d.u.i.k.p.i.AbstractProblemLoader Environment load took 184.6ns 
242014     INFO  main            d.u.i.k.p.i.AbstractProblemLoader Creating init config 
243051     DEBUG main            d.u.i.k.j.r.ClassPreparationMethodBuilder clPrepBuilder: Inner Class detected. Reject building class initialisation methods. 
245102     DEBUG main            d.u.i.k.p.i.AbstractProblemLoader Init config took 3.09s 
245164     INFO  main            d.u.i.k.p.i.AbstractProblemLoader Replaying proof For[For::infiniteLoop(For)].JML operation contract.0 
245166     DEBUG main            d.u.i.k.p.i.IntermediateProofReplayer Proof replay took 7.6ns 
245370     INFO  main            d.u.i.k.p.r.p.TestFile    ... finished proof: closed. 
245803     INFO  main            d.u.i.k.p.i.AbstractProblemLoader Loading environment from /home/runner/work/key/key/key.core/../key.ui/examples/standard_key/java_dl/java5/for_Iterable.key.proof 
245803     DEBUG main            d.u.i.k.p.i.AbstractProblemLoader Environment load took 307.4ns 
245804     INFO  main            d.u.i.k.p.i.AbstractProblemLoader Creating init config 
246733     DEBUG main            d.u.i.k.j.r.ClassPreparationMethodBuilder clPrepBuilder: Inner Class detected. Reject building class initialisation methods. 
248744     DEBUG main            d.u.i.k.p.i.AbstractProblemLoader Init config took 2.94s 
248823     INFO  main            d.u.i.k.p.i.AbstractProblemLoader Replaying proof For[For::infiniteLoop(For)].JML operation contract.0 
248891     DEBUG main            d.u.i.k.p.i.IntermediateProofReplayer Proof replay took 65.58ms 
248892     DEBUG main            d.u.i.k.p.r.p.TestFile    ... success: reloaded. 
248893     INFO  main            d.u.i.k.p.r.p.TestFile    Now processing file /home/runner/work/key/key/key.core/../key.ui/examples/standard_key/java_dl/java5/for_ReferenceArray.key 
248894     INFO  main            d.u.i.k.p.i.AbstractProblemLoader Loading environment from /home/runner/work/key/key/key.core/../key.ui/examples/standard_key/java_dl/java5/for_ReferenceArray.key 
248894     DEBUG main            d.u.i.k.p.i.AbstractProblemLoader Environment load took 102.3ns 
248895     INFO  main            d.u.i.k.p.i.AbstractProblemLoader Creating init config 
249816     DEBUG main            d.u.i.k.j.r.ClassPreparationMethodBuilder clPrepBuilder: Inner Class detected. Reject building class initialisation methods. 
251848     DEBUG main            d.u.i.k.p.i.AbstractProblemLoader Init config took 2.95s 
251906     INFO  main            d.u.i.k.p.i.AbstractProblemLoader Replaying proof ForReferenceArray[ForReferenceArray::foo([Ljava.lang.Object)].JML operation contract.0 
251909     DEBUG main            d.u.i.k.p.i.IntermediateProofReplayer Proof replay took 7.7ns 
252212     INFO  main            d.u.i.k.p.r.p.TestFile    ... finished proof: closed. 
252689     INFO  main            d.u.i.k.p.i.AbstractProblemLoader Loading environment from /home/runner/work/key/key/key.core/../key.ui/examples/standard_key/java_dl/java5/for_ReferenceArray.key.proof 
252690     DEBUG main            d.u.i.k.p.i.AbstractProblemLoader Environment load took 428.5ns 
252691     INFO  main            d.u.i.k.p.i.AbstractProblemLoader Creating init config 
253656     DEBUG main            d.u.i.k.j.r.ClassPreparationMethodBuilder clPrepBuilder: Inner Class detected. Reject building class initialisation methods. 
255685     DEBUG main            d.u.i.k.p.i.AbstractProblemLoader Init config took 2.99s 
255759     INFO  main            d.u.i.k.p.i.AbstractProblemLoader Replaying proof ForReferenceArray[ForReferenceArray::foo([Ljava.lang.Object)].JML operation contract.0 
255840     DEBUG main            d.u.i.k.p.i.IntermediateProofReplayer Proof replay took 77.7ms 
255841     DEBUG main            d.u.i.k.p.r.p.TestFile    ... success: reloaded. 
255842     INFO  main            d.u.i.k.p.r.p.TestFile    Now processing file /home/runner/work/key/key/key.core/../key.ui/examples/standard_key/java_dl/jml-bigint/cast.key 
255842     INFO  main            d.u.i.k.p.i.AbstractProblemLoader Loading environment from /home/runner/work/key/key/key.core/../key.ui/examples/standard_key/java_dl/jml-bigint/cast.key 
255842     DEBUG main            d.u.i.k.p.i.AbstractProblemLoader Environment load took 93.8ns 
255843     INFO  main            d.u.i.k.p.i.AbstractProblemLoader Creating init config 
258793     DEBUG main            d.u.i.k.p.i.AbstractProblemLoader Init config took 2.95s 
258833     INFO  main            d.u.i.k.p.i.AbstractProblemLoader Replaying proof Mult[Mult::cast()].JML operation contract.0 
258835     DEBUG main            d.u.i.k.p.i.IntermediateProofReplayer Proof replay took 7.4ns 
258938     INFO  main            d.u.i.k.p.r.p.TestFile    ... finished proof: closed. 
259465     INFO  main            d.u.i.k.p.i.AbstractProblemLoader Loading environment from /home/runner/work/key/key/key.core/../key.ui/examples/standard_key/java_dl/jml-bigint/cast.key.proof 
259465     DEBUG main            d.u.i.k.p.i.AbstractProblemLoader Environment load took 134.7ns 
259466     INFO  main            d.u.i.k.p.i.AbstractProblemLoader Creating init config 
262282     DEBUG main            d.u.i.k.p.i.AbstractProblemLoader Init config took 2.82s 
262324     INFO  main            d.u.i.k.p.i.AbstractProblemLoader Replaying proof Mult[Mult::cast()].JML operation contract.0 
262348     DEBUG main            d.u.i.k.p.i.IntermediateProofReplayer Proof replay took 21.15ms 
262349     DEBUG main            d.u.i.k.p.r.p.TestFile    ... success: reloaded. 
262350     INFO  main            d.u.i.k.p.r.p.TestFile    Now processing file /home/runner/work/key/key/key.core/../key.ui/examples/standard_key/java_dl/jml-free/loopInvFree.key 
262350     INFO  main            d.u.i.k.p.i.AbstractProblemLoader Loading environment from /home/runner/work/key/key/key.core/../key.ui/examples/standard_key/java_dl/jml-free/loopInvFree.key 
262351     DEBUG main            d.u.i.k.p.i.AbstractProblemLoader Environment load took 235.1ns 
262352     INFO  main            d.u.i.k.p.i.AbstractProblemLoader Creating init config 
265226     DEBUG main            d.u.i.k.p.i.AbstractProblemLoader Init config took 2.87s 
265264     INFO  main            d.u.i.k.p.i.AbstractProblemLoader Replaying proof LoopInvFree[LoopInvFree::test()].JML operation contract.0 
265266     DEBUG main            d.u.i.k.p.i.IntermediateProofReplayer Proof replay took 8.1ns 
265470     INFO  main            d.u.i.k.p.r.p.TestFile    ... finished proof: closed. 
265934     INFO  main            d.u.i.k.p.i.AbstractProblemLoader Loading environment from /home/runner/work/key/key/key.core/../key.ui/examples/standard_key/java_dl/jml-free/loopInvFree.key.proof 
265934     DEBUG main            d.u.i.k.p.i.AbstractProblemLoader Environment load took 96.6ns 
265935     INFO  main            d.u.i.k.p.i.AbstractProblemLoader Creating init config 
268713     DEBUG main            d.u.i.k.p.i.AbstractProblemLoader Init config took 2.78s 
268749     INFO  main            d.u.i.k.p.i.AbstractProblemLoader Replaying proof LoopInvFree[LoopInvFree::test()].JML operation contract.0 
268802     DEBUG main            d.u.i.k.p.i.IntermediateProofReplayer Proof replay took 50.51ms 
268803     DEBUG main            d.u.i.k.p.r.p.TestFile    ... success: reloaded. 
268804     INFO  main            d.u.i.k.p.r.p.TestFile    Now processing file /home/runner/work/key/key/key.core/../key.ui/examples/standard_key/java_dl/jml-free/ensuresFree.key 
268804     INFO  main            d.u.i.k.p.i.AbstractProblemLoader Loading environment from /home/runner/work/key/key/key.core/../key.ui/examples/standard_key/java_dl/jml-free/ensuresFree.key 
268805     DEBUG main            d.u.i.k.p.i.AbstractProblemLoader Environment load took 240.3ns 
268806     INFO  main            d.u.i.k.p.i.AbstractProblemLoader Creating init config 
271654     DEBUG main            d.u.i.k.p.i.AbstractProblemLoader Init config took 2.85s 
271693     INFO  main            d.u.i.k.p.i.AbstractProblemLoader Replaying proof EnsuresFree[EnsuresFree::test()].JML operation contract.0 
271695     DEBUG main            d.u.i.k.p.i.IntermediateProofReplayer Proof replay took 9.1ns 
271799     INFO  main            d.u.i.k.p.r.p.TestFile    ... finished proof: closed. 
272274     INFO  main            d.u.i.k.p.i.AbstractProblemLoader Loading environment from /home/runner/work/key/key/key.core/../key.ui/examples/standard_key/java_dl/jml-free/ensuresFree.key.proof 
272274     DEBUG main            d.u.i.k.p.i.AbstractProblemLoader Environment load took 79.4ns 
272275     INFO  main            d.u.i.k.p.i.AbstractProblemLoader Creating init config 
275123     DEBUG main            d.u.i.k.p.i.AbstractProblemLoader Init config took 2.85s 
275159     INFO  main            d.u.i.k.p.i.AbstractProblemLoader Replaying proof EnsuresFree[EnsuresFree::test()].JML operation contract.0 
275184     DEBUG main            d.u.i.k.p.i.IntermediateProofReplayer Proof replay took 22.84ms 
275185     DEBUG main            d.u.i.k.p.r.p.TestFile    ... success: reloaded. 
275186     INFO  main            d.u.i.k.p.r.p.TestFile    Now processing file /home/runner/work/key/key/key.core/../key.ui/examples/standard_key/java_dl/jml-information-flow.key 
275186     INFO  main            d.u.i.k.p.i.AbstractProblemLoader Loading environment from /home/runner/work/key/key/key.core/../key.ui/examples/standard_key/java_dl/jml-information-flow.key 
275186     DEBUG main            d.u.i.k.p.i.AbstractProblemLoader Environment load took 72.8ns 
275193     INFO  main            d.u.i.k.p.i.AbstractProblemLoader Creating init config 
278230     DEBUG main            d.u.i.k.p.i.AbstractProblemLoader Init config took 3.04s 
278263     INFO  main            d.u.i.k.p.i.AbstractProblemLoader Replaying proof jml-information-flow.key 
278266     DEBUG main            d.u.i.k.p.i.IntermediateProofReplayer Proof replay took 7.4ns 
426331     INFO  main            d.u.i.k.p.r.p.TestFile    ... finished proof: closed. 
427018     INFO  main            d.u.i.k.p.i.AbstractProblemLoader Loading environment from /home/runner/work/key/key/key.core/../key.ui/examples/standard_key/java_dl/jml-information-flow.key.proof 
427019     DEBUG main            d.u.i.k.p.i.AbstractProblemLoader Environment load took 469.2ns 
427028     INFO  main            d.u.i.k.p.i.AbstractProblemLoader Creating init config 
430021     DEBUG main            d.u.i.k.p.i.AbstractProblemLoader Init config took 2.99s 
430048     INFO  main            d.u.i.k.p.i.AbstractProblemLoader Replaying proof jml-information-flow.key.proof 
434934     DEBUG main            d.u.i.k.p.i.IntermediateProofReplayer Proof replay took 4.74s 
434942     DEBUG main            d.u.i.k.p.r.p.TestFile    ... success: reloaded. 
434943     INFO  main            d.u.i.k.p.r.p.TestFile    Now processing file /home/runner/work/key/key/key.core/../key.ui/examples/standard_key/java_dl/jml-min/min-unprovable1.key 
434943     INFO  main            d.u.i.k.p.i.AbstractProblemLoader Loading environment from /home/runner/work/key/key/key.core/../key.ui/examples/standard_key/java_dl/jml-min/min-unprovable1.key 
434943     DEBUG main            d.u.i.k.p.i.AbstractProblemLoader Environment load took 57.5ns 
434944     INFO  main            d.u.i.k.p.i.AbstractProblemLoader Creating init config 
438036     DEBUG main            d.u.i.k.p.i.AbstractProblemLoader Init config took 3.09s 
438074     INFO  main            d.u.i.k.p.i.AbstractProblemLoader Replaying proof Min[Min::foo()].JML operation contract.0 
438076     DEBUG main            d.u.i.k.p.i.IntermediateProofReplayer Proof replay took 8.2ns 
438178     INFO  main            d.u.i.k.p.r.p.TestFile    ... finished proof: open goal(s) 
438862     INFO  main            d.u.i.k.p.r.p.TestFile    Now processing file /home/runner/work/key/key/key.core/../key.ui/examples/standard_key/java_dl/jml-min/min-unprovable2.key 
438862     INFO  main            d.u.i.k.p.i.AbstractProblemLoader Loading environment from /home/runner/work/key/key/key.core/../key.ui/examples/standard_key/java_dl/jml-min/min-unprovable2.key 
438862     DEBUG main            d.u.i.k.p.i.AbstractProblemLoader Environment load took 50ns 
438863     INFO  main            d.u.i.k.p.i.AbstractProblemLoader Creating init config 
441807     DEBUG main            d.u.i.k.p.i.AbstractProblemLoader Init config took 2.94s 
441845     INFO  main            d.u.i.k.p.i.AbstractProblemLoader Replaying proof Min[Min::foo2()].JML operation contract.0 
441847     DEBUG main            d.u.i.k.p.i.IntermediateProofReplayer Proof replay took 7.1ns 
441949     INFO  main            d.u.i.k.p.r.p.TestFile    ... finished proof: open goal(s) 
442441     INFO  main            d.u.i.k.p.r.p.TestFile    Now processing file /home/runner/work/key/key/key.core/../key.ui/examples/standard_key/java_dl/methodCall.key 
442441     INFO  main            d.u.i.k.p.i.AbstractProblemLoader Loading environment from /home/runner/work/key/key/key.core/../key.ui/examples/standard_key/java_dl/methodCall.key 
442441     DEBUG main            d.u.i.k.p.i.AbstractProblemLoader Environment load took 60.9ns 
442442     INFO  main            d.u.i.k.p.i.AbstractProblemLoader Creating init config 
445395     DEBUG main            d.u.i.k.p.i.AbstractProblemLoader Init config took 2.95s 
445411     INFO  main            d.u.i.k.p.i.AbstractProblemLoader Replaying proof methodCall.key 
445413     DEBUG main            d.u.i.k.p.i.IntermediateProofReplayer Proof replay took 7.6ns 
445515     INFO  main            d.u.i.k.p.r.p.TestFile    ... finished proof: closed. 
446024     INFO  main            d.u.i.k.p.i.AbstractProblemLoader Loading environment from /home/runner/work/key/key/key.core/../key.ui/examples/standard_key/java_dl/methodCall.key.proof 
446025     DEBUG main            d.u.i.k.p.i.AbstractProblemLoader Environment load took 100.4ns 
446026     INFO  main            d.u.i.k.p.i.AbstractProblemLoader Creating init config 
448837     DEBUG main            d.u.i.k.p.i.AbstractProblemLoader Init config took 2.81s 
448852     INFO  main            d.u.i.k.p.i.AbstractProblemLoader Replaying proof methodCall.key.proof 
448856     DEBUG main            d.u.i.k.p.i.IntermediateProofReplayer Proof replay took 2.35ms 
448857     DEBUG main            d.u.i.k.p.r.p.TestFile    ... success: reloaded. 
448858     INFO  main            d.u.i.k.p.r.p.TestFile    Now processing file /home/runner/work/key/key/key.core/../key.ui/examples/standard_key/java_dl/methodCall1.key 
448858     INFO  main            d.u.i.k.p.i.AbstractProblemLoader Loading environment from /home/runner/work/key/key/key.core/../key.ui/examples/standard_key/java_dl/methodCall1.key 
448858     DEBUG main            d.u.i.k.p.i.AbstractProblemLoader Environment load took 87.7ns 
448859     INFO  main            d.u.i.k.p.i.AbstractProblemLoader Creating init config 
451687     DEBUG main            d.u.i.k.p.i.AbstractProblemLoader Init config took 2.83s 
451704     INFO  main            d.u.i.k.p.i.AbstractProblemLoader Replaying proof methodCall1.key 
451706     DEBUG main            d.u.i.k.p.i.IntermediateProofReplayer Proof replay took 8.6ns 
451809     INFO  main            d.u.i.k.p.r.p.TestFile    ... finished proof: closed. 
452333     INFO  main            d.u.i.k.p.i.AbstractProblemLoader Loading environment from /home/runner/work/key/key/key.core/../key.ui/examples/standard_key/java_dl/methodCall1.key.proof 
452333     DEBUG main            d.u.i.k.p.i.AbstractProblemLoader Environment load took 81.8ns 
452335     INFO  main            d.u.i.k.p.i.AbstractProblemLoader Creating init config 
455202     DEBUG main            d.u.i.k.p.i.AbstractProblemLoader Init config took 2.87s 
455219     INFO  main            d.u.i.k.p.i.AbstractProblemLoader Replaying proof methodCall1.key.proof 
455239     DEBUG main            d.u.i.k.p.i.IntermediateProofReplayer Proof replay took 17.35ms 
455240     DEBUG main            d.u.i.k.p.r.p.TestFile    ... success: reloaded. 
455241     INFO  main            d.u.i.k.p.r.p.TestFile    Now processing file /home/runner/work/key/key/key.core/../key.ui/examples/standard_key/java_dl/methodCall1box.key 
455241     INFO  main            d.u.i.k.p.i.AbstractProblemLoader Loading environment from /home/runner/work/key/key/key.core/../key.ui/examples/standard_key/java_dl/methodCall1box.key 
455241     DEBUG main            d.u.i.k.p.i.AbstractProblemLoader Environment load took 69.7ns 
455242     INFO  main            d.u.i.k.p.i.AbstractProblemLoader Creating init config 
458299     DEBUG main            d.u.i.k.p.i.AbstractProblemLoader Init config took 3.06s 
458315     INFO  main            d.u.i.k.p.i.AbstractProblemLoader Replaying proof methodCall1box.key 
458317     DEBUG main            d.u.i.k.p.i.IntermediateProofReplayer Proof replay took 28.2ns 
458418     INFO  main            d.u.i.k.p.r.p.TestFile    ... finished proof: closed. 
458931     INFO  main            d.u.i.k.p.i.AbstractProblemLoader Loading environment from /home/runner/work/key/key/key.core/../key.ui/examples/standard_key/java_dl/methodCall1box.key.proof 
458931     DEBUG main            d.u.i.k.p.i.AbstractProblemLoader Environment load took 108.9ns 
458932     INFO  main            d.u.i.k.p.i.AbstractProblemLoader Creating init config 
461760     DEBUG main            d.u.i.k.p.i.AbstractProblemLoader Init config took 2.83s 
461776     INFO  main            d.u.i.k.p.i.AbstractProblemLoader Replaying proof methodCall1box.key.proof 
461795     DEBUG main            d.u.i.k.p.i.IntermediateProofReplayer Proof replay took 17.6ms 
461796     DEBUG main            d.u.i.k.p.r.p.TestFile    ... success: reloaded. 
461797     INFO  main            d.u.i.k.p.r.p.TestFile    Now processing file /home/runner/work/key/key/key.core/../key.ui/examples/standard_key/java_dl/methodCall3.key 
461797     INFO  main            d.u.i.k.p.i.AbstractProblemLoader Loading environment from /home/runner/work/key/key/key.core/../key.ui/examples/standard_key/java_dl/methodCall3.key 
461797     DEBUG main            d.u.i.k.p.i.AbstractProblemLoader Environment load took 51.6ns 
461798     INFO  main            d.u.i.k.p.i.AbstractProblemLoader Creating init config 
464543     DEBUG main            d.u.i.k.p.i.AbstractProblemLoader Init config took 2.74s 
464559     INFO  main            d.u.i.k.p.i.AbstractProblemLoader Replaying proof methodCall3.key 
464561     DEBUG main            d.u.i.k.p.i.IntermediateProofReplayer Proof replay took 7.6ns 
464663     INFO  main            d.u.i.k.p.r.p.TestFile    ... finished proof: closed. 
465162     INFO  main            d.u.i.k.p.i.AbstractProblemLoader Loading environment from /home/runner/work/key/key/key.core/../key.ui/examples/standard_key/java_dl/methodCall3.key.proof 
465162     DEBUG main            d.u.i.k.p.i.AbstractProblemLoader Environment load took 106.1ns 
465163     INFO  main            d.u.i.k.p.i.AbstractProblemLoader Creating init config 
467928     DEBUG main            d.u.i.k.p.i.AbstractProblemLoader Init config took 2.76s 
467945     INFO  main            d.u.i.k.p.i.AbstractProblemLoader Replaying proof methodCall3.key.proof 
467957     DEBUG main            d.u.i.k.p.i.IntermediateProofReplayer Proof replay took 10.12ms 
467961     DEBUG main            d.u.i.k.p.r.p.TestFile    ... success: reloaded. 
467962     INFO  main            d.u.i.k.p.r.p.TestFile    Now processing file /home/runner/work/key/key/key.core/../key.ui/examples/standard_key/java_dl/polishFlagSort.key 
467963     INFO  main            d.u.i.k.p.i.AbstractProblemLoader Loading environment from /home/runner/work/key/key/key.core/../key.ui/examples/standard_key/java_dl/polishFlagSort.key 
467963     DEBUG main            d.u.i.k.p.i.AbstractProblemLoader Environment load took 210.3ns 
467965     INFO  main            d.u.i.k.p.i.AbstractProblemLoader Creating init config 
470919     DEBUG main            d.u.i.k.p.i.AbstractProblemLoader Init config took 2.95s 
470935     INFO  main            d.u.i.k.p.i.AbstractProblemLoader Replaying proof polishFlagSort.key 
470937     DEBUG main            d.u.i.k.p.i.IntermediateProofReplayer Proof replay took 7.2ns 
473580     INFO  main            d.u.i.k.p.r.p.TestFile    ... finished proof: closed. 
474169     INFO  main            d.u.i.k.p.i.AbstractProblemLoader Loading environment from /home/runner/work/key/key/key.core/../key.ui/examples/standard_key/java_dl/polishFlagSort.key.proof 
474170     DEBUG main            d.u.i.k.p.i.AbstractProblemLoader Environment load took 343.7ns 
474172     INFO  main            d.u.i.k.p.i.AbstractProblemLoader Creating init config 
476956     DEBUG main            d.u.i.k.p.i.AbstractProblemLoader Init config took 2.78s 
476973     INFO  main            d.u.i.k.p.i.AbstractProblemLoader Replaying proof polishFlagSort.key.proof 
477450     DEBUG main            d.u.i.k.p.i.IntermediateProofReplayer Proof replay took 463.66ms 
477452     DEBUG main            d.u.i.k.p.r.p.TestFile    ... success: reloaded. 
477453     INFO  main            d.u.i.k.p.r.p.TestFile    Now processing file /home/runner/work/key/key/key.core/../key.ui/examples/standard_key/java_dl/postConditionTaclets1.key 
477454     INFO  main            d.u.i.k.p.i.AbstractProblemLoader Loading environment from /home/runner/work/key/key/key.core/../key.ui/examples/standard_key/java_dl/postConditionTaclets1.key 
477454     DEBUG main            d.u.i.k.p.i.AbstractProblemLoader Environment load took 181ns 
477455     INFO  main            d.u.i.k.p.i.AbstractProblemLoader Creating init config 
480143     DEBUG main            d.u.i.k.p.i.AbstractProblemLoader Init config took 2.69s 
480159     INFO  main            d.u.i.k.p.i.AbstractProblemLoader Replaying proof postConditionTaclets1.key 
480161     DEBUG main            d.u.i.k.p.i.IntermediateProofReplayer Proof replay took 23.6ns 
480263     INFO  main            d.u.i.k.p.r.p.TestFile    ... finished proof: closed. 
480837     INFO  main            d.u.i.k.p.i.AbstractProblemLoader Loading environment from /home/runner/work/key/key/key.core/../key.ui/examples/standard_key/java_dl/postConditionTaclets1.key.proof 
480837     DEBUG main            d.u.i.k.p.i.AbstractProblemLoader Environment load took 143.4ns 
480839     INFO  main            d.u.i.k.p.i.AbstractProblemLoader Creating init config 
483517     DEBUG main            d.u.i.k.p.i.AbstractProblemLoader Init config took 2.68s 
483534     INFO  main            d.u.i.k.p.i.AbstractProblemLoader Replaying proof postConditionTaclets1.key.proof 
483536     DEBUG main            d.u.i.k.p.i.IntermediateProofReplayer Proof replay took 563.4ns 
483537     DEBUG main            d.u.i.k.p.r.p.TestFile    ... success: reloaded. 
483538     INFO  main            d.u.i.k.p.r.p.TestFile    Now processing file /home/runner/work/key/key/key.core/../key.ui/examples/standard_key/java_dl/postConditionTaclets2.key 
483538     INFO  main            d.u.i.k.p.i.AbstractProblemLoader Loading environment from /home/runner/work/key/key/key.core/../key.ui/examples/standard_key/java_dl/postConditionTaclets2.key 
483538     DEBUG main            d.u.i.k.p.i.AbstractProblemLoader Environment load took 100.5ns 
483539     INFO  main            d.u.i.k.p.i.AbstractProblemLoader Creating init config 
486293     DEBUG main            d.u.i.k.p.i.AbstractProblemLoader Init config took 2.75s 
486308     INFO  main            d.u.i.k.p.i.AbstractProblemLoader Replaying proof postConditionTaclets2.key 
486309     DEBUG main            d.u.i.k.p.i.IntermediateProofReplayer Proof replay took 7ns 
486411     INFO  main            d.u.i.k.p.r.p.TestFile    ... finished proof: closed. 
486932     INFO  main            d.u.i.k.p.i.AbstractProblemLoader Loading environment from /home/runner/work/key/key/key.core/../key.ui/examples/standard_key/java_dl/postConditionTaclets2.key.proof 
486933     DEBUG main            d.u.i.k.p.i.AbstractProblemLoader Environment load took 149.8ns 
486934     INFO  main            d.u.i.k.p.i.AbstractProblemLoader Creating init config 
489583     DEBUG main            d.u.i.k.p.i.AbstractProblemLoader Init config took 2.65s 
489598     INFO  main            d.u.i.k.p.i.AbstractProblemLoader Replaying proof postConditionTaclets2.key.proof 
489600     DEBUG main            d.u.i.k.p.i.IntermediateProofReplayer Proof replay took 812.9ns 
489601     DEBUG main            d.u.i.k.p.r.p.TestFile    ... success: reloaded. 
489602     INFO  main            d.u.i.k.p.r.p.TestFile    Now processing file /home/runner/work/key/key/key.core/../key.ui/examples/standard_key/java_dl/quantifiedQuery.key 
489602     INFO  main            d.u.i.k.p.i.AbstractProblemLoader Loading environment from /home/runner/work/key/key/key.core/../key.ui/examples/standard_key/java_dl/quantifiedQuery.key 
489602     DEBUG main            d.u.i.k.p.i.AbstractProblemLoader Environment load took 78.1ns 
489604     INFO  main            d.u.i.k.p.i.AbstractProblemLoader Creating init config 
492356     DEBUG main            d.u.i.k.p.i.AbstractProblemLoader Init config took 2.75s 
492373     INFO  main            d.u.i.k.p.i.AbstractProblemLoader Replaying proof quantifiedQuery.key 
492376     DEBUG main            d.u.i.k.p.i.IntermediateProofReplayer Proof replay took 7.6ns 
492478     INFO  main            d.u.i.k.p.r.p.TestFile    ... finished proof: closed. 
493026     INFO  main            d.u.i.k.p.i.AbstractProblemLoader Loading environment from /home/runner/work/key/key/key.core/../key.ui/examples/standard_key/java_dl/quantifiedQuery.key.proof 
493026     DEBUG main            d.u.i.k.p.i.AbstractProblemLoader Environment load took 87.3ns 
493028     INFO  main            d.u.i.k.p.i.AbstractProblemLoader Creating init config 
495776     DEBUG main            d.u.i.k.p.i.AbstractProblemLoader Init config took 2.75s 
495792     INFO  main            d.u.i.k.p.i.AbstractProblemLoader Replaying proof quantifiedQuery.key.proof 
495811     DEBUG main            d.u.i.k.p.i.IntermediateProofReplayer Proof replay took 16.91ms 
495812     DEBUG main            d.u.i.k.p.r.p.TestFile    ... success: reloaded. 
495813     INFO  main            d.u.i.k.p.r.p.TestFile    Now processing file /home/runner/work/key/key/key.core/../key.ui/examples/standard_key/java_dl/recursion/triangular.key 
495813     INFO  main            d.u.i.k.p.i.AbstractProblemLoader Loading environment from /home/runner/work/key/key/key.core/../key.ui/examples/standard_key/java_dl/recursion/triangular.key 
495813     DEBUG main            d.u.i.k.p.i.AbstractProblemLoader Environment load took 106.5ns 
495814     INFO  main            d.u.i.k.p.i.AbstractProblemLoader Creating init config 
498529     DEBUG main            d.u.i.k.p.i.AbstractProblemLoader Init config took 2.71s 
498570     INFO  main            d.u.i.k.p.i.AbstractProblemLoader Replaying proof Triangular[Triangular::tria(int)].JML normal_behavior operation contract.0 
498571     DEBUG main            d.u.i.k.p.i.IntermediateProofReplayer Proof replay took 7.4ns 
498774     INFO  main            d.u.i.k.p.r.p.TestFile    ... finished proof: closed. 
499307     INFO  main            d.u.i.k.p.i.AbstractProblemLoader Loading environment from /home/runner/work/key/key/key.core/../key.ui/examples/standard_key/java_dl/recursion/triangular.key.proof 
499307     DEBUG main            d.u.i.k.p.i.AbstractProblemLoader Environment load took 85ns 
499308     INFO  main            d.u.i.k.p.i.AbstractProblemLoader Creating init config 
502055     DEBUG main            d.u.i.k.p.i.AbstractProblemLoader Init config took 2.75s 
502096     INFO  main            d.u.i.k.p.i.AbstractProblemLoader Replaying proof Triangular[Triangular::tria(int)].JML normal_behavior operation contract.0 
502140     DEBUG main            d.u.i.k.p.i.IntermediateProofReplayer Proof replay took 41.22ms 
502141     DEBUG main            d.u.i.k.p.r.p.TestFile    ... success: reloaded. 
502142     INFO  main            d.u.i.k.p.r.p.TestFile    Now processing file /home/runner/work/key/key/key.core/../key.ui/examples/standard_key/java_dl/reverseArray.key 
502142     INFO  main            d.u.i.k.p.i.AbstractProblemLoader Loading environment from /home/runner/work/key/key/key.core/../key.ui/examples/standard_key/java_dl/reverseArray.key 
502142     DEBUG main            d.u.i.k.p.i.AbstractProblemLoader Environment load took 85.2ns 
502144     INFO  main            d.u.i.k.p.i.AbstractProblemLoader Creating init config 
502168     WARN  main            d.u.i.k.j.r.KeYCrossReferenceNameInfo Datatype java.lang.System declared twice: Once in FILE:/home/runner/work/key/key/key.core/../key.ui/examples/standard_key/java_dl/./classpath/System.java and once in URL:file:/home/runner/work/key/key/key.core/build/resources/main/de/uka/ilkd/key/java/JavaRedux/java/lang/System.java, Keeping one from URL:file:/home/runner/work/key/key/key.core/build/resources/main/de/uka/ilkd/key/java/JavaRedux/java/lang/System.java 
502168     WARN  main            d.u.i.k.j.r.KeYCrossReferenceNameInfo Datatype java.io.InputStream declared twice: Once in FILE:/home/runner/work/key/key/key.core/../key.ui/examples/standard_key/java_dl/./classpath/InputStream.java and once in URL:file:/home/runner/work/key/key/key.core/build/resources/main/de/uka/ilkd/key/java/JavaRedux/java/io/InputStream.java, Keeping one from URL:file:/home/runner/work/key/key/key.core/build/resources/main/de/uka/ilkd/key/java/JavaRedux/java/io/InputStream.java 
502168     WARN  main            d.u.i.k.j.r.KeYCrossReferenceNameInfo Datatype java.io.PrintStream declared twice: Once in FILE:/home/runner/work/key/key/key.core/../key.ui/examples/standard_key/java_dl/./classpath/PrintStream.java and once in URL:file:/home/runner/work/key/key/key.core/build/resources/main/de/uka/ilkd/key/java/JavaRedux/java/io/PrintStream.java, Keeping one from URL:file:/home/runner/work/key/key/key.core/build/resources/main/de/uka/ilkd/key/java/JavaRedux/java/io/PrintStream.java 
502171     DEBUG main            d.u.i.k.j.r.ClassFileDeclarationBuilder Parsing: package java.io; public class Closeable { } 
502171     DEBUG main            r.s.KeYCrossReferenceSourceInfo Dynamically created class: java.io.Closeable 
505025     DEBUG main            d.u.i.k.p.i.AbstractProblemLoader Init config took 2.88s 
505041     INFO  main            d.u.i.k.p.i.AbstractProblemLoader Replaying proof reverseArray.key 
505043     DEBUG main            d.u.i.k.p.i.IntermediateProofReplayer Proof replay took 7ns 
510355     INFO  main            d.u.i.k.p.r.p.TestFile    ... finished proof: closed. 
510981     INFO  main            d.u.i.k.p.i.AbstractProblemLoader Loading environment from /home/runner/work/key/key/key.core/../key.ui/examples/standard_key/java_dl/reverseArray.key.proof 
510982     DEBUG main            d.u.i.k.p.i.AbstractProblemLoader Environment load took 338.8ns 
510984     INFO  main            d.u.i.k.p.i.AbstractProblemLoader Creating init config 
511009     WARN  main            d.u.i.k.j.r.KeYCrossReferenceNameInfo Datatype java.lang.System declared twice: Once in FILE:/home/runner/work/key/key/key.core/../key.ui/examples/standard_key/java_dl/classpath/System.java and once in URL:file:/home/runner/work/key/key/key.core/build/resources/main/de/uka/ilkd/key/java/JavaRedux/java/lang/System.java, Keeping one from URL:file:/home/runner/work/key/key/key.core/build/resources/main/de/uka/ilkd/key/java/JavaRedux/java/lang/System.java 
511010     WARN  main            d.u.i.k.j.r.KeYCrossReferenceNameInfo Datatype java.io.InputStream declared twice: Once in FILE:/home/runner/work/key/key/key.core/../key.ui/examples/standard_key/java_dl/classpath/InputStream.java and once in URL:file:/home/runner/work/key/key/key.core/build/resources/main/de/uka/ilkd/key/java/JavaRedux/java/io/InputStream.java, Keeping one from URL:file:/home/runner/work/key/key/key.core/build/resources/main/de/uka/ilkd/key/java/JavaRedux/java/io/InputStream.java 
511010     WARN  main            d.u.i.k.j.r.KeYCrossReferenceNameInfo Datatype java.io.PrintStream declared twice: Once in FILE:/home/runner/work/key/key/key.core/../key.ui/examples/standard_key/java_dl/classpath/PrintStream.java and once in URL:file:/home/runner/work/key/key/key.core/build/resources/main/de/uka/ilkd/key/java/JavaRedux/java/io/PrintStream.java, Keeping one from URL:file:/home/runner/work/key/key/key.core/build/resources/main/de/uka/ilkd/key/java/JavaRedux/java/io/PrintStream.java 
511013     DEBUG main            d.u.i.k.j.r.ClassFileDeclarationBuilder Parsing: package java.io; public class Closeable { } 
511013     DEBUG main            r.s.KeYCrossReferenceSourceInfo Dynamically created class: java.io.Closeable 
513906     DEBUG main            d.u.i.k.p.i.AbstractProblemLoader Init config took 2.92s 
513926     INFO  main            d.u.i.k.p.i.AbstractProblemLoader Replaying proof reverseArray.key.proof 
514759     DEBUG main            d.u.i.k.p.i.IntermediateProofReplayer Proof replay took 819.46ms 
514761     DEBUG main            d.u.i.k.p.r.p.TestFile    ... success: reloaded. 
514762     INFO  main            d.u.i.k.p.r.p.TestFile    Now processing file /home/runner/work/key/key/key.core/../key.ui/examples/standard_key/java_dl/reverseArray2.key 
514763     INFO  main            d.u.i.k.p.i.AbstractProblemLoader Loading environment from /home/runner/work/key/key/key.core/../key.ui/examples/standard_key/java_dl/reverseArray2.key 
514763     DEBUG main            d.u.i.k.p.i.AbstractProblemLoader Environment load took 175.6ns 
514765     INFO  main            d.u.i.k.p.i.AbstractProblemLoader Creating init config 
514814     WARN  main            d.u.i.k.j.r.KeYCrossReferenceNameInfo Datatype java.lang.System declared twice: Once in FILE:/home/runner/work/key/key/key.core/../key.ui/examples/standard_key/java_dl/classpath/System.java and once in URL:file:/home/runner/work/key/key/key.core/build/resources/main/de/uka/ilkd/key/java/JavaRedux/java/lang/System.java, Keeping one from URL:file:/home/runner/work/key/key/key.core/build/resources/main/de/uka/ilkd/key/java/JavaRedux/java/lang/System.java 
514815     WARN  main            d.u.i.k.j.r.KeYCrossReferenceNameInfo Datatype java.io.InputStream declared twice: Once in FILE:/home/runner/work/key/key/key.core/../key.ui/examples/standard_key/java_dl/classpath/InputStream.java and once in URL:file:/home/runner/work/key/key/key.core/build/resources/main/de/uka/ilkd/key/java/JavaRedux/java/io/InputStream.java, Keeping one from URL:file:/home/runner/work/key/key/key.core/build/resources/main/de/uka/ilkd/key/java/JavaRedux/java/io/InputStream.java 
514815     WARN  main            d.u.i.k.j.r.KeYCrossReferenceNameInfo Datatype java.io.PrintStream declared twice: Once in FILE:/home/runner/work/key/key/key.core/../key.ui/examples/standard_key/java_dl/classpath/PrintStream.java and once in URL:file:/home/runner/work/key/key/key.core/build/resources/main/de/uka/ilkd/key/java/JavaRedux/java/io/PrintStream.java, Keeping one from URL:file:/home/runner/work/key/key/key.core/build/resources/main/de/uka/ilkd/key/java/JavaRedux/java/io/PrintStream.java 
514819     DEBUG main            d.u.i.k.j.r.ClassFileDeclarationBuilder Parsing: package java.io; public class Closeable { } 
514819     DEBUG main            r.s.KeYCrossReferenceSourceInfo Dynamically created class: java.io.Closeable 
517755     DEBUG main            d.u.i.k.p.i.AbstractProblemLoader Init config took 2.99s 
517771     INFO  main            d.u.i.k.p.i.AbstractProblemLoader Replaying proof reverseArray2.key 
517773     DEBUG main            d.u.i.k.p.i.IntermediateProofReplayer Proof replay took 46.5ns 
519391     INFO  main            d.u.i.k.p.r.p.TestFile    ... finished proof: closed. 
520059     INFO  main            d.u.i.k.p.i.AbstractProblemLoader Loading environment from /home/runner/work/key/key/key.core/../key.ui/examples/standard_key/java_dl/reverseArray2.key.proof 
520059     DEBUG main            d.u.i.k.p.i.AbstractProblemLoader Environment load took 102.8ns 
520060     INFO  main            d.u.i.k.p.i.AbstractProblemLoader Creating init config 
520088     WARN  main            d.u.i.k.j.r.KeYCrossReferenceNameInfo Datatype java.lang.System declared twice: Once in FILE:/home/runner/work/key/key/key.core/../key.ui/examples/standard_key/java_dl/classpath/System.java and once in URL:file:/home/runner/work/key/key/key.core/build/resources/main/de/uka/ilkd/key/java/JavaRedux/java/lang/System.java, Keeping one from URL:file:/home/runner/work/key/key/key.core/build/resources/main/de/uka/ilkd/key/java/JavaRedux/java/lang/System.java 
520088     WARN  main            d.u.i.k.j.r.KeYCrossReferenceNameInfo Datatype java.io.InputStream declared twice: Once in FILE:/home/runner/work/key/key/key.core/../key.ui/examples/standard_key/java_dl/classpath/InputStream.java and once in URL:file:/home/runner/work/key/key/key.core/build/resources/main/de/uka/ilkd/key/java/JavaRedux/java/io/InputStream.java, Keeping one from URL:file:/home/runner/work/key/key/key.core/build/resources/main/de/uka/ilkd/key/java/JavaRedux/java/io/InputStream.java 
520089     WARN  main            d.u.i.k.j.r.KeYCrossReferenceNameInfo Datatype java.io.PrintStream declared twice: Once in FILE:/home/runner/work/key/key/key.core/../key.ui/examples/standard_key/java_dl/classpath/PrintStream.java and once in URL:file:/home/runner/work/key/key/key.core/build/resources/main/de/uka/ilkd/key/java/JavaRedux/java/io/PrintStream.java, Keeping one from URL:file:/home/runner/work/key/key/key.core/build/resources/main/de/uka/ilkd/key/java/JavaRedux/java/io/PrintStream.java 
520092     DEBUG main            d.u.i.k.j.r.ClassFileDeclarationBuilder Parsing: package java.io; public class Closeable { } 
520092     DEBUG main            r.s.KeYCrossReferenceSourceInfo Dynamically created class: java.io.Closeable 
522991     DEBUG main            d.u.i.k.p.i.AbstractProblemLoader Init config took 2.93s 
523008     INFO  main            d.u.i.k.p.i.AbstractProblemLoader Replaying proof reverseArray2.key.proof 
523299     DEBUG main            d.u.i.k.p.i.IntermediateProofReplayer Proof replay took 285.45ms 
523301     DEBUG main            d.u.i.k.p.r.p.TestFile    ... success: reloaded. 
523302     INFO  main            d.u.i.k.p.r.p.TestFile    Now processing file /home/runner/work/key/key/key.core/../key.ui/examples/standard_key/java_dl/simpleAssignment.key 
523302     INFO  main            d.u.i.k.p.i.AbstractProblemLoader Loading environment from /home/runner/work/key/key/key.core/../key.ui/examples/standard_key/java_dl/simpleAssignment.key 
523302     DEBUG main            d.u.i.k.p.i.AbstractProblemLoader Environment load took 132.8ns 
523303     INFO  main            d.u.i.k.p.i.AbstractProblemLoader Creating init config 
526080     DEBUG main            d.u.i.k.p.i.AbstractProblemLoader Init config took 2.78s 
526097     INFO  main            d.u.i.k.p.i.AbstractProblemLoader Replaying proof simpleAssignment.key 
526098     DEBUG main            d.u.i.k.p.i.IntermediateProofReplayer Proof replay took 4ns 
526206     INFO  main            d.u.i.k.p.r.p.TestFile    ... finished proof: closed. 
526830     INFO  main            d.u.i.k.p.i.AbstractProblemLoader Loading environment from /home/runner/work/key/key/key.core/../key.ui/examples/standard_key/java_dl/simpleAssignment.key.proof 
526830     DEBUG main            d.u.i.k.p.i.AbstractProblemLoader Environment load took 78.4ns 
526831     INFO  main            d.u.i.k.p.i.AbstractProblemLoader Creating init config 
529490     DEBUG main            d.u.i.k.p.i.AbstractProblemLoader Init config took 2.66s 
529506     INFO  main            d.u.i.k.p.i.AbstractProblemLoader Replaying proof simpleAssignment.key.proof 
529508     DEBUG main            d.u.i.k.p.i.IntermediateProofReplayer Proof replay took 655.7ns 
529509     DEBUG main            d.u.i.k.p.r.p.TestFile    ... success: reloaded. 
529509     INFO  main            d.u.i.k.p.r.p.TestFile    Now processing file /home/runner/work/key/key/key.core/../key.ui/examples/standard_key/java_dl/simpleAssignment2.key 
529509     INFO  main            d.u.i.k.p.i.AbstractProblemLoader Loading environment from /home/runner/work/key/key/key.core/../key.ui/examples/standard_key/java_dl/simpleAssignment2.key 
529510     DEBUG main            d.u.i.k.p.i.AbstractProblemLoader Environment load took 81.3ns 
529510     INFO  main            d.u.i.k.p.i.AbstractProblemLoader Creating init config 
532202     DEBUG main            d.u.i.k.p.i.AbstractProblemLoader Init config took 2.69s 
532217     INFO  main            d.u.i.k.p.i.AbstractProblemLoader Replaying proof simpleAssignment2.key 
532219     DEBUG main            d.u.i.k.p.i.IntermediateProofReplayer Proof replay took 3.4ns 
532320     INFO  main            d.u.i.k.p.r.p.TestFile    ... finished proof: closed. 
532900     INFO  main            d.u.i.k.p.i.AbstractProblemLoader Loading environment from /home/runner/work/key/key/key.core/../key.ui/examples/standard_key/java_dl/simpleAssignment2.key.proof 
532900     DEBUG main            d.u.i.k.p.i.AbstractProblemLoader Environment load took 79.3ns 
532901     INFO  main            d.u.i.k.p.i.AbstractProblemLoader Creating init config 
535571     DEBUG main            d.u.i.k.p.i.AbstractProblemLoader Init config took 2.67s 
535596     INFO  main            d.u.i.k.p.i.AbstractProblemLoader Replaying proof simpleAssignment2.key.proof 
535598     DEBUG main            d.u.i.k.p.i.IntermediateProofReplayer Proof replay took 407.4ns 
535599     DEBUG main            d.u.i.k.p.r.p.TestFile    ... success: reloaded. 
535599     INFO  main            d.u.i.k.p.r.p.TestFile    Now processing file /home/runner/work/key/key/key.core/../key.ui/examples/standard_key/java_dl/splittingWithQueries.key 
535599     INFO  main            d.u.i.k.p.i.AbstractProblemLoader Loading environment from /home/runner/work/key/key/key.core/../key.ui/examples/standard_key/java_dl/splittingWithQueries.key 
535600     DEBUG main            d.u.i.k.p.i.AbstractProblemLoader Environment load took 48.7ns 
535601     INFO  main            d.u.i.k.p.i.AbstractProblemLoader Creating init config 
538391     DEBUG main            d.u.i.k.p.i.AbstractProblemLoader Init config took 2.79s 
538405     INFO  main            d.u.i.k.p.i.AbstractProblemLoader Replaying proof splittingWithQueries.key 
538407     DEBUG main            d.u.i.k.p.i.IntermediateProofReplayer Proof replay took 3.8ns 
538509     INFO  main            d.u.i.k.p.r.p.TestFile    ... finished proof: closed. 
539109     INFO  main            d.u.i.k.p.i.AbstractProblemLoader Loading environment from /home/runner/work/key/key/key.core/../key.ui/examples/standard_key/java_dl/splittingWithQueries.key.proof 
539109     DEBUG main            d.u.i.k.p.i.AbstractProblemLoader Environment load took 78.3ns 
539110     INFO  main            d.u.i.k.p.i.AbstractProblemLoader Creating init config 
541911     DEBUG main            d.u.i.k.p.i.AbstractProblemLoader Init config took 2.8s 
541925     INFO  main            d.u.i.k.p.i.AbstractProblemLoader Replaying proof splittingWithQueries.key.proof 
541929     DEBUG main            d.u.i.k.p.i.IntermediateProofReplayer Proof replay took 2.2ms 
541930     DEBUG main            d.u.i.k.p.r.p.TestFile    ... success: reloaded. 
541933     INFO  main            d.u.i.k.p.r.p.TestFile    Now processing file /home/runner/work/key/key/key.core/../key.ui/examples/standard_key/java_dl/strassen/strassen.key 
541933     INFO  main            d.u.i.k.p.i.AbstractProblemLoader Loading environment from /home/runner/work/key/key/key.core/../key.ui/examples/standard_key/java_dl/strassen/strassen.key 
541933     DEBUG main            d.u.i.k.p.i.AbstractProblemLoader Environment load took 96.6ns 
541934     INFO  main            d.u.i.k.p.i.AbstractProblemLoader Creating init config 
544784     DEBUG main            d.u.i.k.p.i.AbstractProblemLoader Init config took 2.85s 
544823     INFO  main            d.u.i.k.p.i.AbstractProblemLoader Replaying proof Matrix22[Matrix22::strassen(Matrix22,Matrix22)].JML normal_behavior operation contract.0 
544825     DEBUG main            d.u.i.k.p.i.IntermediateProofReplayer Proof replay took 3.3ns 
550834     INFO  main            d.u.i.k.p.r.p.TestFile    ... finished proof: closed. 
551659     INFO  main            d.u.i.k.p.i.AbstractProblemLoader Loading environment from /home/runner/work/key/key/key.core/../key.ui/examples/standard_key/java_dl/strassen/strassen.key.proof 
551659     DEBUG main            d.u.i.k.p.i.AbstractProblemLoader Environment load took 93.5ns 
551661     INFO  main            d.u.i.k.p.i.AbstractProblemLoader Creating init config 
554610     DEBUG main            d.u.i.k.p.i.AbstractProblemLoader Init config took 2.95s 
554653     INFO  main            d.u.i.k.p.i.AbstractProblemLoader Replaying proof Matrix22[Matrix22::strassen(Matrix22,Matrix22)].JML normal_behavior operation contract.0 
555665     DEBUG main            d.u.i.k.p.i.IntermediateProofReplayer Proof replay took 1s 
555667     DEBUG main            d.u.i.k.p.r.p.TestFile    ... success: reloaded. 
555668     INFO  main            d.u.i.k.p.r.p.TestFile    Now processing file /home/runner/work/key/key/key.core/../key.ui/examples/standard_key/java_dl/symmArray.key 
555668     INFO  main            d.u.i.k.p.i.AbstractProblemLoader Loading environment from /home/runner/work/key/key/key.core/../key.ui/examples/standard_key/java_dl/symmArray.key 
555669     DEBUG main            d.u.i.k.p.i.AbstractProblemLoader Environment load took 220.4ns 
555673     INFO  main            d.u.i.k.p.i.AbstractProblemLoader Creating init config 
558759     DEBUG main            d.u.i.k.p.i.AbstractProblemLoader Init config took 3.09s 
558777     INFO  main            d.u.i.k.p.i.AbstractProblemLoader Replaying proof symmArray.key 
558779     DEBUG main            d.u.i.k.p.i.IntermediateProofReplayer Proof replay took 3.3ns 
688314     INFO  main            d.u.i.k.p.r.p.TestFile    ... finished proof: closed. 
689106     INFO  main            d.u.i.k.p.i.AbstractProblemLoader Loading environment from /home/runner/work/key/key/key.core/../key.ui/examples/standard_key/java_dl/symmArray.key.proof 
689107     DEBUG main            d.u.i.k.p.i.AbstractProblemLoader Environment load took 451.4ns 
689113     INFO  main            d.u.i.k.p.i.AbstractProblemLoader Creating init config 
692013     DEBUG main            d.u.i.k.p.i.AbstractProblemLoader Init config took 2.9s 
692033     INFO  main            d.u.i.k.p.i.AbstractProblemLoader Replaying proof symmArray.key.proof 
693515     DEBUG main            d.u.i.k.p.i.IntermediateProofReplayer Proof replay took 1.41s 
693522     DEBUG main            d.u.i.k.p.r.p.TestFile    ... success: reloaded. 
693523     INFO  main            d.u.i.k.p.r.p.TestFile    Now processing file /home/runner/work/key/key/key.core/../key.ui/examples/standard_key/java_dl/testcontext.key 
693523     INFO  main            d.u.i.k.p.i.AbstractProblemLoader Loading environment from /home/runner/work/key/key/key.core/../key.ui/examples/standard_key/java_dl/testcontext.key 
693524     DEBUG main            d.u.i.k.p.i.AbstractProblemLoader Environment load took 94.3ns 
693525     INFO  main            d.u.i.k.p.i.AbstractProblemLoader Creating init config 
693550     WARN  main            d.u.i.k.j.r.KeYCrossReferenceNameInfo Datatype java.lang.System declared twice: Once in FILE:/home/runner/work/key/key/key.core/../key.ui/examples/standard_key/java_dl/classpath/System.java and once in URL:file:/home/runner/work/key/key/key.core/build/resources/main/de/uka/ilkd/key/java/JavaRedux/java/lang/System.java, Keeping one from URL:file:/home/runner/work/key/key/key.core/build/resources/main/de/uka/ilkd/key/java/JavaRedux/java/lang/System.java 
693550     WARN  main            d.u.i.k.j.r.KeYCrossReferenceNameInfo Datatype java.io.InputStream declared twice: Once in FILE:/home/runner/work/key/key/key.core/../key.ui/examples/standard_key/java_dl/classpath/InputStream.java and once in URL:file:/home/runner/work/key/key/key.core/build/resources/main/de/uka/ilkd/key/java/JavaRedux/java/io/InputStream.java, Keeping one from URL:file:/home/runner/work/key/key/key.core/build/resources/main/de/uka/ilkd/key/java/JavaRedux/java/io/InputStream.java 
693550     WARN  main            d.u.i.k.j.r.KeYCrossReferenceNameInfo Datatype java.io.PrintStream declared twice: Once in FILE:/home/runner/work/key/key/key.core/../key.ui/examples/standard_key/java_dl/classpath/PrintStream.java and once in URL:file:/home/runner/work/key/key/key.core/build/resources/main/de/uka/ilkd/key/java/JavaRedux/java/io/PrintStream.java, Keeping one from URL:file:/home/runner/work/key/key/key.core/build/resources/main/de/uka/ilkd/key/java/JavaRedux/java/io/PrintStream.java 
693553     DEBUG main            d.u.i.k.j.r.ClassFileDeclarationBuilder Parsing: package java.io; public class Closeable { } 
693553     DEBUG main            r.s.KeYCrossReferenceSourceInfo Dynamically created class: java.io.Closeable 
696529     DEBUG main            d.u.i.k.p.i.AbstractProblemLoader Init config took 3s 
696546     INFO  main            d.u.i.k.p.i.AbstractProblemLoader Replaying proof testcontext.key 
696547     DEBUG main            d.u.i.k.p.i.IntermediateProofReplayer Proof replay took 3.3ns 
696850     INFO  main            d.u.i.k.p.r.p.TestFile    ... finished proof: closed. 
697643     INFO  main            d.u.i.k.p.i.AbstractProblemLoader Loading environment from /home/runner/work/key/key/key.core/../key.ui/examples/standard_key/java_dl/testcontext.key.proof 
697643     DEBUG main            d.u.i.k.p.i.AbstractProblemLoader Environment load took 93.3ns 
697645     INFO  main            d.u.i.k.p.i.AbstractProblemLoader Creating init config 
697671     WARN  main            d.u.i.k.j.r.KeYCrossReferenceNameInfo Datatype java.lang.System declared twice: Once in FILE:/home/runner/work/key/key/key.core/../key.ui/examples/standard_key/java_dl/classpath/System.java and once in URL:file:/home/runner/work/key/key/key.core/build/resources/main/de/uka/ilkd/key/java/JavaRedux/java/lang/System.java, Keeping one from URL:file:/home/runner/work/key/key/key.core/build/resources/main/de/uka/ilkd/key/java/JavaRedux/java/lang/System.java 
697671     WARN  main            d.u.i.k.j.r.KeYCrossReferenceNameInfo Datatype java.io.InputStream declared twice: Once in FILE:/home/runner/work/key/key/key.core/../key.ui/examples/standard_key/java_dl/classpath/InputStream.java and once in URL:file:/home/runner/work/key/key/key.core/build/resources/main/de/uka/ilkd/key/java/JavaRedux/java/io/InputStream.java, Keeping one from URL:file:/home/runner/work/key/key/key.core/build/resources/main/de/uka/ilkd/key/java/JavaRedux/java/io/InputStream.java 
697671     WARN  main            d.u.i.k.j.r.KeYCrossReferenceNameInfo Datatype java.io.PrintStream declared twice: Once in FILE:/home/runner/work/key/key/key.core/../key.ui/examples/standard_key/java_dl/classpath/PrintStream.java and once in URL:file:/home/runner/work/key/key/key.core/build/resources/main/de/uka/ilkd/key/java/JavaRedux/java/io/PrintStream.java, Keeping one from URL:file:/home/runner/work/key/key/key.core/build/resources/main/de/uka/ilkd/key/java/JavaRedux/java/io/PrintStream.java 
697675     DEBUG main            d.u.i.k.j.r.ClassFileDeclarationBuilder Parsing: package java.io; public class Closeable { } 
697675     DEBUG main            r.s.KeYCrossReferenceSourceInfo Dynamically created class: java.io.Closeable 
700408     DEBUG main            d.u.i.k.p.i.AbstractProblemLoader Init config took 2.76s 
700423     INFO  main            d.u.i.k.p.i.AbstractProblemLoader Replaying proof testcontext.key.proof 
700497     DEBUG main            d.u.i.k.p.i.IntermediateProofReplayer Proof replay took 70.08ms 
700498     DEBUG main            d.u.i.k.p.r.p.TestFile    ... success: reloaded. 
700499     INFO  main            d.u.i.k.p.r.p.TestFile    Now processing file /home/runner/work/key/key/key.core/../key.ui/examples/standard_key/staticInitialisation/cascadeStaticInitialisation.key 
700499     INFO  main            d.u.i.k.p.i.AbstractProblemLoader Loading environment from /home/runner/work/key/key/key.core/../key.ui/examples/standard_key/staticInitialisation/cascadeStaticInitialisation.key 
700499     DEBUG main            d.u.i.k.p.i.AbstractProblemLoader Environment load took 52.7ns 
700502     INFO  main            d.u.i.k.p.i.AbstractProblemLoader Creating init config 
700525     WARN  main            d.u.i.k.j.r.KeYCrossReferenceNameInfo Datatype java.lang.System declared twice: Once in FILE:/home/runner/work/key/key/key.core/../key.ui/examples/standard_key/staticInitialisation/classpath/System.java and once in URL:file:/home/runner/work/key/key/key.core/build/resources/main/de/uka/ilkd/key/java/JavaRedux/java/lang/System.java, Keeping one from URL:file:/home/runner/work/key/key/key.core/build/resources/main/de/uka/ilkd/key/java/JavaRedux/java/lang/System.java 
700525     WARN  main            d.u.i.k.j.r.KeYCrossReferenceNameInfo Datatype java.io.PrintStream declared twice: Once in FILE:/home/runner/work/key/key/key.core/../key.ui/examples/standard_key/staticInitialisation/classpath/PrintStream.java and once in URL:file:/home/runner/work/key/key/key.core/build/resources/main/de/uka/ilkd/key/java/JavaRedux/java/io/PrintStream.java, Keeping one from URL:file:/home/runner/work/key/key/key.core/build/resources/main/de/uka/ilkd/key/java/JavaRedux/java/io/PrintStream.java 
703312     DEBUG main            d.u.i.k.p.i.AbstractProblemLoader Init config took 2.81s 
703330     INFO  main            d.u.i.k.p.i.AbstractProblemLoader Replaying proof cascadeStaticInitialisation.key 
703332     DEBUG main            d.u.i.k.p.i.IntermediateProofReplayer Proof replay took 4.2ns 
704137     INFO  main            d.u.i.k.p.r.p.TestFile    ... finished proof: closed. 
704821     INFO  main            d.u.i.k.p.i.AbstractProblemLoader Loading environment from /home/runner/work/key/key/key.core/../key.ui/examples/standard_key/staticInitialisation/cascadeStaticInitialisation.key.proof 
704821     DEBUG main            d.u.i.k.p.i.AbstractProblemLoader Environment load took 93.4ns 
704822     INFO  main            d.u.i.k.p.i.AbstractProblemLoader Creating init config 
704851     WARN  main            d.u.i.k.j.r.KeYCrossReferenceNameInfo Datatype java.lang.System declared twice: Once in FILE:/home/runner/work/key/key/key.core/../key.ui/examples/standard_key/staticInitialisation/classpath/System.java and once in URL:file:/home/runner/work/key/key/key.core/build/resources/main/de/uka/ilkd/key/java/JavaRedux/java/lang/System.java, Keeping one from URL:file:/home/runner/work/key/key/key.core/build/resources/main/de/uka/ilkd/key/java/JavaRedux/java/lang/System.java 
704851     WARN  main            d.u.i.k.j.r.KeYCrossReferenceNameInfo Datatype java.io.PrintStream declared twice: Once in FILE:/home/runner/work/key/key/key.core/../key.ui/examples/standard_key/staticInitialisation/classpath/PrintStream.java and once in URL:file:/home/runner/work/key/key/key.core/build/resources/main/de/uka/ilkd/key/java/JavaRedux/java/io/PrintStream.java, Keeping one from URL:file:/home/runner/work/key/key/key.core/build/resources/main/de/uka/ilkd/key/java/JavaRedux/java/io/PrintStream.java 
707598     DEBUG main            d.u.i.k.p.i.AbstractProblemLoader Init config took 2.78s 
707614     INFO  main            d.u.i.k.p.i.AbstractProblemLoader Replaying proof cascadeStaticInitialisation.key.proof 
707799     DEBUG main            d.u.i.k.p.i.IntermediateProofReplayer Proof replay took 181.69ms 
707801     DEBUG main            d.u.i.k.p.r.p.TestFile    ... success: reloaded. 
707802     INFO  main            d.u.i.k.p.r.p.TestFile    Now processing file /home/runner/work/key/key/key.core/../key.ui/examples/standard_key/staticInitialisation/erroneousClassImpliesErroneousSubclass.key 
707802     INFO  main            d.u.i.k.p.i.AbstractProblemLoader Loading environment from /home/runner/work/key/key/key.core/../key.ui/examples/standard_key/staticInitialisation/erroneousClassImpliesErroneousSubclass.key 
707802     DEBUG main            d.u.i.k.p.i.AbstractProblemLoader Environment load took 88.8ns 
707803     INFO  main            d.u.i.k.p.i.AbstractProblemLoader Creating init config 
707827     WARN  main            d.u.i.k.j.r.KeYCrossReferenceNameInfo Datatype java.lang.System declared twice: Once in FILE:/home/runner/work/key/key/key.core/../key.ui/examples/standard_key/staticInitialisation/classpath/System.java and once in URL:file:/home/runner/work/key/key/key.core/build/resources/main/de/uka/ilkd/key/java/JavaRedux/java/lang/System.java, Keeping one from URL:file:/home/runner/work/key/key/key.core/build/resources/main/de/uka/ilkd/key/java/JavaRedux/java/lang/System.java 
707827     WARN  main            d.u.i.k.j.r.KeYCrossReferenceNameInfo Datatype java.io.PrintStream declared twice: Once in FILE:/home/runner/work/key/key/key.core/../key.ui/examples/standard_key/staticInitialisation/classpath/PrintStream.java and once in URL:file:/home/runner/work/key/key/key.core/build/resources/main/de/uka/ilkd/key/java/JavaRedux/java/io/PrintStream.java, Keeping one from URL:file:/home/runner/work/key/key/key.core/build/resources/main/de/uka/ilkd/key/java/JavaRedux/java/io/PrintStream.java 
710611     DEBUG main            d.u.i.k.p.i.AbstractProblemLoader Init config took 2.81s 
710625     INFO  main            d.u.i.k.p.i.AbstractProblemLoader Replaying proof erroneousClassImpliesErroneousSubclass.key 
710627     DEBUG main            d.u.i.k.p.i.IntermediateProofReplayer Proof replay took 3.6ns 
710729     INFO  main            d.u.i.k.p.r.p.TestFile    ... finished proof: closed. 
711416     INFO  main            d.u.i.k.p.i.AbstractProblemLoader Loading environment from /home/runner/work/key/key/key.core/../key.ui/examples/standard_key/staticInitialisation/erroneousClassImpliesErroneousSubclass.key.proof 
711416     DEBUG main            d.u.i.k.p.i.AbstractProblemLoader Environment load took 93.4ns 
711417     INFO  main            d.u.i.k.p.i.AbstractProblemLoader Creating init config 
711440     WARN  main            d.u.i.k.j.r.KeYCrossReferenceNameInfo Datatype java.lang.System declared twice: Once in FILE:/home/runner/work/key/key/key.core/../key.ui/examples/standard_key/staticInitialisation/classpath/System.java and once in URL:file:/home/runner/work/key/key/key.core/build/resources/main/de/uka/ilkd/key/java/JavaRedux/java/lang/System.java, Keeping one from URL:file:/home/runner/work/key/key/key.core/build/resources/main/de/uka/ilkd/key/java/JavaRedux/java/lang/System.java 
711440     WARN  main            d.u.i.k.j.r.KeYCrossReferenceNameInfo Datatype java.io.PrintStream declared twice: Once in FILE:/home/runner/work/key/key/key.core/../key.ui/examples/standard_key/staticInitialisation/classpath/PrintStream.java and once in URL:file:/home/runner/work/key/key/key.core/build/resources/main/de/uka/ilkd/key/java/JavaRedux/java/io/PrintStream.java, Keeping one from URL:file:/home/runner/work/key/key/key.core/build/resources/main/de/uka/ilkd/key/java/JavaRedux/java/io/PrintStream.java 
714167     DEBUG main            d.u.i.k.p.i.AbstractProblemLoader Init config took 2.75s 
714181     INFO  main            d.u.i.k.p.i.AbstractProblemLoader Replaying proof erroneousClassImpliesErroneousSubclass.key.proof 
714183     DEBUG main            d.u.i.k.p.i.IntermediateProofReplayer Proof replay took 636.9ns 
714185     DEBUG main            d.u.i.k.p.r.p.TestFile    ... success: reloaded. 
714188     INFO  main            d.u.i.k.p.r.p.TestFile    Now processing file /home/runner/work/key/key/key.core/../key.ui/examples/standard_key/staticInitialisation/initializedSubclassImpliesInitializedSuperclass.key 
714189     INFO  main            d.u.i.k.p.i.AbstractProblemLoader Loading environment from /home/runner/work/key/key/key.core/../key.ui/examples/standard_key/staticInitialisation/initializedSubclassImpliesInitializedSuperclass.key 
714189     DEBUG main            d.u.i.k.p.i.AbstractProblemLoader Environment load took 202.6ns 
714190     INFO  main            d.u.i.k.p.i.AbstractProblemLoader Creating init config 
714220     WARN  main            d.u.i.k.j.r.KeYCrossReferenceNameInfo Datatype java.lang.System declared twice: Once in FILE:/home/runner/work/key/key/key.core/../key.ui/examples/standard_key/staticInitialisation/classpath/System.java and once in URL:file:/home/runner/work/key/key/key.core/build/resources/main/de/uka/ilkd/key/java/JavaRedux/java/lang/System.java, Keeping one from URL:file:/home/runner/work/key/key/key.core/build/resources/main/de/uka/ilkd/key/java/JavaRedux/java/lang/System.java 
714220     WARN  main            d.u.i.k.j.r.KeYCrossReferenceNameInfo Datatype java.io.PrintStream declared twice: Once in FILE:/home/runner/work/key/key/key.core/../key.ui/examples/standard_key/staticInitialisation/classpath/PrintStream.java and once in URL:file:/home/runner/work/key/key/key.core/build/resources/main/de/uka/ilkd/key/java/JavaRedux/java/io/PrintStream.java, Keeping one from URL:file:/home/runner/work/key/key/key.core/build/resources/main/de/uka/ilkd/key/java/JavaRedux/java/io/PrintStream.java 
716970     DEBUG main            d.u.i.k.p.i.AbstractProblemLoader Init config took 2.78s 
716984     INFO  main            d.u.i.k.p.i.AbstractProblemLoader Replaying proof initializedSubclassImpliesInitializedSuperclass.key 
716985     DEBUG main            d.u.i.k.p.i.IntermediateProofReplayer Proof replay took 3.4ns 
717086     INFO  main            d.u.i.k.p.r.p.TestFile    ... finished proof: closed. 
717730     INFO  main            d.u.i.k.p.i.AbstractProblemLoader Loading environment from /home/runner/work/key/key/key.core/../key.ui/examples/standard_key/staticInitialisation/initializedSubclassImpliesInitializedSuperclass.key.proof 
717730     DEBUG main            d.u.i.k.p.i.AbstractProblemLoader Environment load took 82.8ns 
717731     INFO  main            d.u.i.k.p.i.AbstractProblemLoader Creating init config 
717754     WARN  main            d.u.i.k.j.r.KeYCrossReferenceNameInfo Datatype java.lang.System declared twice: Once in FILE:/home/runner/work/key/key/key.core/../key.ui/examples/standard_key/staticInitialisation/classpath/System.java and once in URL:file:/home/runner/work/key/key/key.core/build/resources/main/de/uka/ilkd/key/java/JavaRedux/java/lang/System.java, Keeping one from URL:file:/home/runner/work/key/key/key.core/build/resources/main/de/uka/ilkd/key/java/JavaRedux/java/lang/System.java 
717754     WARN  main            d.u.i.k.j.r.KeYCrossReferenceNameInfo Datatype java.io.PrintStream declared twice: Once in FILE:/home/runner/work/key/key/key.core/../key.ui/examples/standard_key/staticInitialisation/classpath/PrintStream.java and once in URL:file:/home/runner/work/key/key/key.core/build/resources/main/de/uka/ilkd/key/java/JavaRedux/java/io/PrintStream.java, Keeping one from URL:file:/home/runner/work/key/key/key.core/build/resources/main/de/uka/ilkd/key/java/JavaRedux/java/io/PrintStream.java 
720486     DEBUG main            d.u.i.k.p.i.AbstractProblemLoader Init config took 2.76s 
720503     INFO  main            d.u.i.k.p.i.AbstractProblemLoader Replaying proof initializedSubclassImpliesInitializedSuperclass.key.proof 
720505     DEBUG main            d.u.i.k.p.i.IntermediateProofReplayer Proof replay took 546ns 
720507     DEBUG main            d.u.i.k.p.r.p.TestFile    ... success: reloaded. 
720507     INFO  main            d.u.i.k.p.r.p.TestFile    Now processing file /home/runner/work/key/key/key.core/../key.ui/examples/standard_key/staticInitialisation/localDeclared.key 
720507     INFO  main            d.u.i.k.p.i.AbstractProblemLoader Loading environment from /home/runner/work/key/key/key.core/../key.ui/examples/standard_key/staticInitialisation/localDeclared.key 
720508     DEBUG main            d.u.i.k.p.i.AbstractProblemLoader Environment load took 71.3ns 
720509     INFO  main            d.u.i.k.p.i.AbstractProblemLoader Creating init config 
720535     WARN  main            d.u.i.k.j.r.KeYCrossReferenceNameInfo Datatype java.lang.System declared twice: Once in FILE:/home/runner/work/key/key/key.core/../key.ui/examples/standard_key/staticInitialisation/classpath/System.java and once in URL:file:/home/runner/work/key/key/key.core/build/resources/main/de/uka/ilkd/key/java/JavaRedux/java/lang/System.java, Keeping one from URL:file:/home/runner/work/key/key/key.core/build/resources/main/de/uka/ilkd/key/java/JavaRedux/java/lang/System.java 
720535     WARN  main            d.u.i.k.j.r.KeYCrossReferenceNameInfo Datatype java.io.PrintStream declared twice: Once in FILE:/home/runner/work/key/key/key.core/../key.ui/examples/standard_key/staticInitialisation/classpath/PrintStream.java and once in URL:file:/home/runner/work/key/key/key.core/build/resources/main/de/uka/ilkd/key/java/JavaRedux/java/io/PrintStream.java, Keeping one from URL:file:/home/runner/work/key/key/key.core/build/resources/main/de/uka/ilkd/key/java/JavaRedux/java/io/PrintStream.java 
723217     DEBUG main            d.u.i.k.p.i.AbstractProblemLoader Init config took 2.71s 
723233     INFO  main            d.u.i.k.p.i.AbstractProblemLoader Replaying proof localDeclared.key 
723234     DEBUG main            d.u.i.k.p.i.IntermediateProofReplayer Proof replay took 3.6ns 
723537     INFO  main            d.u.i.k.p.r.p.TestFile    ... finished proof: closed. 
724210     INFO  main            d.u.i.k.p.i.AbstractProblemLoader Loading environment from /home/runner/work/key/key/key.core/../key.ui/examples/standard_key/staticInitialisation/localDeclared.key.proof 
724210     DEBUG main            d.u.i.k.p.i.AbstractProblemLoader Environment load took 84.9ns 
724211     INFO  main            d.u.i.k.p.i.AbstractProblemLoader Creating init config 
724234     WARN  main            d.u.i.k.j.r.KeYCrossReferenceNameInfo Datatype java.lang.System declared twice: Once in FILE:/home/runner/work/key/key/key.core/../key.ui/examples/standard_key/staticInitialisation/classpath/System.java and once in URL:file:/home/runner/work/key/key/key.core/build/resources/main/de/uka/ilkd/key/java/JavaRedux/java/lang/System.java, Keeping one from URL:file:/home/runner/work/key/key/key.core/build/resources/main/de/uka/ilkd/key/java/JavaRedux/java/lang/System.java 
724235     WARN  main            d.u.i.k.j.r.KeYCrossReferenceNameInfo Datatype java.io.PrintStream declared twice: Once in FILE:/home/runner/work/key/key/key.core/../key.ui/examples/standard_key/staticInitialisation/classpath/PrintStream.java and once in URL:file:/home/runner/work/key/key/key.core/build/resources/main/de/uka/ilkd/key/java/JavaRedux/java/io/PrintStream.java, Keeping one from URL:file:/home/runner/work/key/key/key.core/build/resources/main/de/uka/ilkd/key/java/JavaRedux/java/io/PrintStream.java 
726949     DEBUG main            d.u.i.k.p.i.AbstractProblemLoader Init config took 2.74s 
726965     INFO  main            d.u.i.k.p.i.AbstractProblemLoader Replaying proof localDeclared.key.proof 
727046     DEBUG main            d.u.i.k.p.i.IntermediateProofReplayer Proof replay took 75.56ms 
727048     DEBUG main            d.u.i.k.p.r.p.TestFile    ... success: reloaded. 
727049     INFO  main            d.u.i.k.p.r.p.TestFile    Now processing file /home/runner/work/key/key/key.core/../key.ui/examples/standard_key/staticInitialisation/localDeclaredMethod.key 
727049     INFO  main            d.u.i.k.p.i.AbstractProblemLoader Loading environment from /home/runner/work/key/key/key.core/../key.ui/examples/standard_key/staticInitialisation/localDeclaredMethod.key 
727050     DEBUG main            d.u.i.k.p.i.AbstractProblemLoader Environment load took 208.7ns 
727052     INFO  main            d.u.i.k.p.i.AbstractProblemLoader Creating init config 
727077     WARN  main            d.u.i.k.j.r.KeYCrossReferenceNameInfo Datatype java.lang.System declared twice: Once in FILE:/home/runner/work/key/key/key.core/../key.ui/examples/standard_key/staticInitialisation/classpath/System.java and once in URL:file:/home/runner/work/key/key/key.core/build/resources/main/de/uka/ilkd/key/java/JavaRedux/java/lang/System.java, Keeping one from URL:file:/home/runner/work/key/key/key.core/build/resources/main/de/uka/ilkd/key/java/JavaRedux/java/lang/System.java 
727078     WARN  main            d.u.i.k.j.r.KeYCrossReferenceNameInfo Datatype java.io.PrintStream declared twice: Once in FILE:/home/runner/work/key/key/key.core/../key.ui/examples/standard_key/staticInitialisation/classpath/PrintStream.java and once in URL:file:/home/runner/work/key/key/key.core/build/resources/main/de/uka/ilkd/key/java/JavaRedux/java/io/PrintStream.java, Keeping one from URL:file:/home/runner/work/key/key/key.core/build/resources/main/de/uka/ilkd/key/java/JavaRedux/java/io/PrintStream.java 
729902     DEBUG main            d.u.i.k.p.i.AbstractProblemLoader Init config took 2.85s 
729918     INFO  main            d.u.i.k.p.i.AbstractProblemLoader Replaying proof localDeclaredMethod.key 
729919     DEBUG main            d.u.i.k.p.i.IntermediateProofReplayer Proof replay took 2.9ns 
730224     INFO  main            d.u.i.k.p.r.p.TestFile    ... finished proof: closed. 
730880     INFO  main            d.u.i.k.p.i.AbstractProblemLoader Loading environment from /home/runner/work/key/key/key.core/../key.ui/examples/standard_key/staticInitialisation/localDeclaredMethod.key.proof 
730880     DEBUG main            d.u.i.k.p.i.AbstractProblemLoader Environment load took 78ns 
730882     INFO  main            d.u.i.k.p.i.AbstractProblemLoader Creating init config 
730905     WARN  main            d.u.i.k.j.r.KeYCrossReferenceNameInfo Datatype java.lang.System declared twice: Once in FILE:/home/runner/work/key/key/key.core/../key.ui/examples/standard_key/staticInitialisation/classpath/System.java and once in URL:file:/home/runner/work/key/key/key.core/build/resources/main/de/uka/ilkd/key/java/JavaRedux/java/lang/System.java, Keeping one from URL:file:/home/runner/work/key/key/key.core/build/resources/main/de/uka/ilkd/key/java/JavaRedux/java/lang/System.java 
730905     WARN  main            d.u.i.k.j.r.KeYCrossReferenceNameInfo Datatype java.io.PrintStream declared twice: Once in FILE:/home/runner/work/key/key/key.core/../key.ui/examples/standard_key/staticInitialisation/classpath/PrintStream.java and once in URL:file:/home/runner/work/key/key/key.core/build/resources/main/de/uka/ilkd/key/java/JavaRedux/java/io/PrintStream.java, Keeping one from URL:file:/home/runner/work/key/key/key.core/build/resources/main/de/uka/ilkd/key/java/JavaRedux/java/io/PrintStream.java 
733566     DEBUG main            d.u.i.k.p.i.AbstractProblemLoader Init config took 2.68s 
733582     INFO  main            d.u.i.k.p.i.AbstractProblemLoader Replaying proof localDeclaredMethod.key.proof 
733649     DEBUG main            d.u.i.k.p.i.IntermediateProofReplayer Proof replay took 65.24ms 
733651     DEBUG main            d.u.i.k.p.r.p.TestFile    ... success: reloaded. 
733652     INFO  main            d.u.i.k.p.r.p.TestFile    Now processing file /home/runner/work/key/key/key.core/../key.ui/examples/standard_key/staticInitialisation/objectOfErroneousClass.key 
733652     INFO  main            d.u.i.k.p.i.AbstractProblemLoader Loading environment from /home/runner/work/key/key/key.core/../key.ui/examples/standard_key/staticInitialisation/objectOfErroneousClass.key 
733652     DEBUG main            d.u.i.k.p.i.AbstractProblemLoader Environment load took 131.9ns 
733654     INFO  main            d.u.i.k.p.i.AbstractProblemLoader Creating init config 
733678     WARN  main            d.u.i.k.j.r.KeYCrossReferenceNameInfo Datatype java.lang.System declared twice: Once in FILE:/home/runner/work/key/key/key.core/../key.ui/examples/standard_key/staticInitialisation/classpath/System.java and once in URL:file:/home/runner/work/key/key/key.core/build/resources/main/de/uka/ilkd/key/java/JavaRedux/java/lang/System.java, Keeping one from URL:file:/home/runner/work/key/key/key.core/build/resources/main/de/uka/ilkd/key/java/JavaRedux/java/lang/System.java 
733678     WARN  main            d.u.i.k.j.r.KeYCrossReferenceNameInfo Datatype java.io.PrintStream declared twice: Once in FILE:/home/runner/work/key/key/key.core/../key.ui/examples/standard_key/staticInitialisation/classpath/PrintStream.java and once in URL:file:/home/runner/work/key/key/key.core/build/resources/main/de/uka/ilkd/key/java/JavaRedux/java/io/PrintStream.java, Keeping one from URL:file:/home/runner/work/key/key/key.core/build/resources/main/de/uka/ilkd/key/java/JavaRedux/java/io/PrintStream.java 
736476     DEBUG main            d.u.i.k.p.i.AbstractProblemLoader Init config took 2.82s 
736493     INFO  main            d.u.i.k.p.i.AbstractProblemLoader Replaying proof objectOfErroneousClass.key 
736496     DEBUG main            d.u.i.k.p.i.IntermediateProofReplayer Proof replay took 3.3ns 
752209     INFO  main            d.u.i.k.p.r.p.TestFile    ... finished proof: closed. 
752946     INFO  main            d.u.i.k.p.i.AbstractProblemLoader Loading environment from /home/runner/work/key/key/key.core/../key.ui/examples/standard_key/staticInitialisation/objectOfErroneousClass.key.proof 
752946     DEBUG main            d.u.i.k.p.i.AbstractProblemLoader Environment load took 95.7ns 
752949     INFO  main            d.u.i.k.p.i.AbstractProblemLoader Creating init config 
752973     WARN  main            d.u.i.k.j.r.KeYCrossReferenceNameInfo Datatype java.lang.System declared twice: Once in FILE:/home/runner/work/key/key/key.core/../key.ui/examples/standard_key/staticInitialisation/classpath/System.java and once in URL:file:/home/runner/work/key/key/key.core/build/resources/main/de/uka/ilkd/key/java/JavaRedux/java/lang/System.java, Keeping one from URL:file:/home/runner/work/key/key/key.core/build/resources/main/de/uka/ilkd/key/java/JavaRedux/java/lang/System.java 
752973     WARN  main            d.u.i.k.j.r.KeYCrossReferenceNameInfo Datatype java.io.PrintStream declared twice: Once in FILE:/home/runner/work/key/key/key.core/../key.ui/examples/standard_key/staticInitialisation/classpath/PrintStream.java and once in URL:file:/home/runner/work/key/key/key.core/build/resources/main/de/uka/ilkd/key/java/JavaRedux/java/io/PrintStream.java, Keeping one from URL:file:/home/runner/work/key/key/key.core/build/resources/main/de/uka/ilkd/key/java/JavaRedux/java/io/PrintStream.java 
755679     DEBUG main            d.u.i.k.p.i.AbstractProblemLoader Init config took 2.73s 
755696     INFO  main            d.u.i.k.p.i.AbstractProblemLoader Replaying proof objectOfErroneousClass.key.proof 
758405     DEBUG main            d.u.i.k.p.i.IntermediateProofReplayer Proof replay took 2.67s 
758409     DEBUG main            d.u.i.k.p.r.p.TestFile    ... success: reloaded. 
758410     INFO  main            d.u.i.k.p.r.p.TestFile    Now processing file /home/runner/work/key/key/key.core/../key.ui/examples/standard_key/staticInitialisation/staticInitialisersAreNonSimple.key 
758410     INFO  main            d.u.i.k.p.i.AbstractProblemLoader Loading environment from /home/runner/work/key/key/key.core/../key.ui/examples/standard_key/staticInitialisation/staticInitialisersAreNonSimple.key 
758410     DEBUG main            d.u.i.k.p.i.AbstractProblemLoader Environment load took 97.2ns 
758412     INFO  main            d.u.i.k.p.i.AbstractProblemLoader Creating init config 
758435     WARN  main            d.u.i.k.j.r.KeYCrossReferenceNameInfo Datatype java.lang.System declared twice: Once in FILE:/home/runner/work/key/key/key.core/../key.ui/examples/standard_key/staticInitialisation/classpath/System.java and once in URL:file:/home/runner/work/key/key/key.core/build/resources/main/de/uka/ilkd/key/java/JavaRedux/java/lang/System.java, Keeping one from URL:file:/home/runner/work/key/key/key.core/build/resources/main/de/uka/ilkd/key/java/JavaRedux/java/lang/System.java 
758435     WARN  main            d.u.i.k.j.r.KeYCrossReferenceNameInfo Datatype java.io.PrintStream declared twice: Once in FILE:/home/runner/work/key/key/key.core/../key.ui/examples/standard_key/staticInitialisation/classpath/PrintStream.java and once in URL:file:/home/runner/work/key/key/key.core/build/resources/main/de/uka/ilkd/key/java/JavaRedux/java/io/PrintStream.java, Keeping one from URL:file:/home/runner/work/key/key/key.core/build/resources/main/de/uka/ilkd/key/java/JavaRedux/java/io/PrintStream.java 
761257     DEBUG main            d.u.i.k.p.i.AbstractProblemLoader Init config took 2.85s 
761275     INFO  main            d.u.i.k.p.i.AbstractProblemLoader Replaying proof staticInitialisersAreNonSimple.key 
761276     DEBUG main            d.u.i.k.p.i.IntermediateProofReplayer Proof replay took 4.2ns 
761680     INFO  main            d.u.i.k.p.r.p.TestFile    ... finished proof: closed. 
762441     INFO  main            d.u.i.k.p.i.AbstractProblemLoader Loading environment from /home/runner/work/key/key/key.core/../key.ui/examples/standard_key/staticInitialisation/staticInitialisersAreNonSimple.key.proof 
762441     DEBUG main            d.u.i.k.p.i.AbstractProblemLoader Environment load took 78.1ns 
762443     INFO  main            d.u.i.k.p.i.AbstractProblemLoader Creating init config 
762467     WARN  main            d.u.i.k.j.r.KeYCrossReferenceNameInfo Datatype java.lang.System declared twice: Once in FILE:/home/runner/work/key/key/key.core/../key.ui/examples/standard_key/staticInitialisation/classpath/System.java and once in URL:file:/home/runner/work/key/key/key.core/build/resources/main/de/uka/ilkd/key/java/JavaRedux/java/lang/System.java, Keeping one from URL:file:/home/runner/work/key/key/key.core/build/resources/main/de/uka/ilkd/key/java/JavaRedux/java/lang/System.java 
762467     WARN  main            d.u.i.k.j.r.KeYCrossReferenceNameInfo Datatype java.io.PrintStream declared twice: Once in FILE:/home/runner/work/key/key/key.core/../key.ui/examples/standard_key/staticInitialisation/classpath/PrintStream.java and once in URL:file:/home/runner/work/key/key/key.core/build/resources/main/de/uka/ilkd/key/java/JavaRedux/java/io/PrintStream.java, Keeping one from URL:file:/home/runner/work/key/key/key.core/build/resources/main/de/uka/ilkd/key/java/JavaRedux/java/io/PrintStream.java 
765269     DEBUG main            d.u.i.k.p.i.AbstractProblemLoader Init config took 2.83s 
765284     INFO  main            d.u.i.k.p.i.AbstractProblemLoader Replaying proof staticInitialisersAreNonSimple.key.proof 
765382     DEBUG main            d.u.i.k.p.i.IntermediateProofReplayer Proof replay took 94.85ms 
765400     DEBUG main            d.u.i.k.p.r.p.TestFile    ... success: reloaded. 
765401     INFO  main            d.u.i.k.p.r.p.TestFile    Now processing file /home/runner/work/key/key/key.core/../key.ui/examples/standard_key/types/disjoint.key 
765401     INFO  main            d.u.i.k.p.i.AbstractProblemLoader Loading environment from /home/runner/work/key/key/key.core/../key.ui/examples/standard_key/types/disjoint.key 
765401     DEBUG main            d.u.i.k.p.i.AbstractProblemLoader Environment load took 48.6ns 
765402     INFO  main            d.u.i.k.p.i.AbstractProblemLoader Creating init config 
768070     DEBUG main            d.u.i.k.p.i.AbstractProblemLoader Init config took 2.67s 
768095     INFO  main            d.u.i.k.p.i.AbstractProblemLoader Replaying proof disjoint.key 
768096     DEBUG main            d.u.i.k.p.i.IntermediateProofReplayer Proof replay took 3.7ns 
768198     INFO  main            d.u.i.k.p.r.p.TestFile    ... finished proof: closed. 
768881     INFO  main            d.u.i.k.p.i.AbstractProblemLoader Loading environment from /home/runner/work/key/key/key.core/../key.ui/examples/standard_key/types/disjoint.key.proof 
768881     DEBUG main            d.u.i.k.p.i.AbstractProblemLoader Environment load took 170.1ns 
768882     INFO  main            d.u.i.k.p.i.AbstractProblemLoader Creating init config 
771538     DEBUG main            d.u.i.k.p.i.AbstractProblemLoader Init config took 2.66s 
771553     INFO  main            d.u.i.k.p.i.AbstractProblemLoader Replaying proof disjoint.key.proof 
771557     DEBUG main            d.u.i.k.p.i.IntermediateProofReplayer Proof replay took 699ns 
771558     DEBUG main            d.u.i.k.p.r.p.TestFile    ... success: reloaded. 
771559     INFO  main            d.u.i.k.p.r.p.TestFile    Now processing file /home/runner/work/key/key/key.core/../key.ui/examples/../../key.core/src/test/resources/testcase/classpath/classpath.key 
771559     INFO  main            d.u.i.k.p.i.AbstractProblemLoader Loading environment from /home/runner/work/key/key/key.core/../key.ui/examples/../../key.core/src/test/resources/testcase/classpath/classpath.key 
771559     DEBUG main            d.u.i.k.p.i.AbstractProblemLoader Environment load took 232.9ns 
771561     INFO  main            d.u.i.k.p.i.AbstractProblemLoader Creating init config 
771587     WARN  main            d.u.i.k.j.r.KeYCrossReferenceNameInfo Datatype cp.C declared twice: Once in FILE:/home/runner/work/key/key/key.core/../key.ui/examples/../../key.core/src/test/resources/testcase/classpath/classpath/C.class and once in FILE:/home/runner/work/key/key/key.core/../key.ui/examples/../../key.core/src/test/resources/testcase/classpath/classpath/C.jml, Keeping one from FILE:/home/runner/work/key/key/key.core/../key.ui/examples/../../key.core/src/test/resources/testcase/classpath/classpath/C.jml 
771591     DEBUG main            d.u.i.k.j.r.ClassFileDeclarationBuilder Parsing: package cp; public class Unresolved1 { } 
771591     DEBUG main            r.s.KeYCrossReferenceSourceInfo Dynamically created class: cp.Unresolved1 
771591     DEBUG main            d.u.i.k.j.r.ClassFileDeclarationBuilder Parsing: package cp; public class Unresolved2 { } 
771591     DEBUG main            r.s.KeYCrossReferenceSourceInfo Dynamically created class: cp.Unresolved2 
774394     DEBUG main            d.u.i.k.p.i.AbstractProblemLoader Init config took 2.83s 
774411     INFO  main            d.u.i.k.p.i.AbstractProblemLoader Replaying proof classpath.key 
774413     DEBUG main            d.u.i.k.p.i.IntermediateProofReplayer Proof replay took 3.6ns 
774518     INFO  main            d.u.i.k.p.r.p.TestFile    ... finished proof: closed. 
775257     INFO  main            d.u.i.k.p.i.AbstractProblemLoader Loading environment from /home/runner/work/key/key/key.core/../key.ui/examples/../../key.core/src/test/resources/testcase/classpath/classpath.key.proof 
775257     DEBUG main            d.u.i.k.p.i.AbstractProblemLoader Environment load took 95ns 
775258     INFO  main            d.u.i.k.p.i.AbstractProblemLoader Creating init config 
775288     WARN  main            d.u.i.k.j.r.KeYCrossReferenceNameInfo Datatype cp.C declared twice: Once in FILE:/home/runner/work/key/key/key.core/../key.ui/examples/../../key.core/src/test/resources/testcase/classpath/classpath/C.class and once in FILE:/home/runner/work/key/key/key.core/../key.ui/examples/../../key.core/src/test/resources/testcase/classpath/classpath/C.jml, Keeping one from FILE:/home/runner/work/key/key/key.core/../key.ui/examples/../../key.core/src/test/resources/testcase/classpath/classpath/C.jml 
775292     DEBUG main            d.u.i.k.j.r.ClassFileDeclarationBuilder Parsing: package cp; public class Unresolved1 { } 
775293     DEBUG main            r.s.KeYCrossReferenceSourceInfo Dynamically created class: cp.Unresolved1 
775293     DEBUG main            d.u.i.k.j.r.ClassFileDeclarationBuilder Parsing: package cp; public class Unresolved2 { } 
775293     DEBUG main            r.s.KeYCrossReferenceSourceInfo Dynamically created class: cp.Unresolved2 
778127     DEBUG main            d.u.i.k.p.i.AbstractProblemLoader Init config took 2.87s 
778146     INFO  main            d.u.i.k.p.i.AbstractProblemLoader Replaying proof classpath.key.proof 
778149     DEBUG main            d.u.i.k.p.i.IntermediateProofReplayer Proof replay took 796.9ns 
778151     DEBUG main            d.u.i.k.p.r.p.TestFile    ... success: reloaded. 
778151     INFO  main            d.u.i.k.p.r.p.TestFile    Now processing file /home/runner/work/key/key/key.core/../key.ui/examples/heap/inconsistent_represents/MyClass_m.key 
778152     INFO  main            d.u.i.k.p.i.AbstractProblemLoader Loading environment from /home/runner/work/key/key/key.core/../key.ui/examples/heap/inconsistent_represents/MyClass_m.key 
778152     DEBUG main            d.u.i.k.p.i.AbstractProblemLoader Environment load took 55.9ns 
778153     INFO  main            d.u.i.k.p.i.AbstractProblemLoader Creating init config 
780964     DEBUG main            d.u.i.k.p.i.AbstractProblemLoader Init config took 2.81s 
781006     INFO  main            d.u.i.k.p.i.AbstractProblemLoader Replaying proof MyClass[MyClass::m()].JML operation contract.0 
781008     DEBUG main            d.u.i.k.p.i.IntermediateProofReplayer Proof replay took 3.3ns 
781114     INFO  main            d.u.i.k.p.r.p.TestFile    ... finished proof: open goal(s) 
781829     INFO  main            d.u.i.k.p.r.p.TestFile    Now processing file /home/runner/work/key/key/key.core/../key.ui/examples/heap/inconsistent_represents/MyClass_n.key 
781829     INFO  main            d.u.i.k.p.i.AbstractProblemLoader Loading environment from /home/runner/work/key/key/key.core/../key.ui/examples/heap/inconsistent_represents/MyClass_n.key 
781829     DEBUG main            d.u.i.k.p.i.AbstractProblemLoader Environment load took 60.4ns 
781830     INFO  main            d.u.i.k.p.i.AbstractProblemLoader Creating init config 
784587     DEBUG main            d.u.i.k.p.i.AbstractProblemLoader Init config took 2.76s 
784627     INFO  main            d.u.i.k.p.i.AbstractProblemLoader Replaying proof MyClass[MyClass::n()].JML operation contract.0 
784628     DEBUG main            d.u.i.k.p.i.IntermediateProofReplayer Proof replay took 3.8ns 
784734     INFO  main            d.u.i.k.p.r.p.TestFile    ... finished proof: open goal(s) 
4504958    INFO  Test worker     d.u.i.k.p.r.RunAllProofsTestUnit Returning from test javadl 
4504964    INFO  Test worker     d.u.i.k.p.r.RunAllProofsTestUnit Running test FOL 
426        INFO  Timeout watchdog d.u.i.k.p.r.p.ForkedTestFileRunner Timeout watcher launched (2000 secs.) 
452        WARN  main            d.u.i.k.s.ProofSettings   The settings in /home/runner/.key/proof-settings.props are *not* read. 
510        INFO  main            d.u.i.k.p.r.p.TestFile    Now processing file /home/runner/work/key/key/key.core/../key.ui/examples/standard_key/pred_log/count.key 
675        INFO  main            d.u.i.k.p.i.AbstractProblemLoader Loading environment from /home/runner/work/key/key/key.core/../key.ui/examples/standard_key/pred_log/count.key 
693        DEBUG main            d.u.i.k.p.i.AbstractProblemLoader Environment load took 2.32ms 
1020       INFO  main            d.u.i.k.p.i.AbstractProblemLoader Creating init config 
2164       DEBUG main            d.u.i.k.j.TypeConverter   No LDT found for Meta 
2164       DEBUG main            d.u.i.k.j.TypeConverter   No LDT found for Meta 
2165       DEBUG main            d.u.i.k.j.TypeConverter   No LDT found for Meta 
2165       DEBUG main            d.u.i.k.j.TypeConverter   No LDT found for Meta 
3770       DEBUG main            d.u.i.k.j.TypeConverter   No LDT found for JavaBigintExpression 
9361       DEBUG main            d.u.i.k.p.i.AbstractProblemLoader Init config took 8.34s 
9442       INFO  main            d.u.i.k.p.i.AbstractProblemLoader Replaying proof count.key 
9497       DEBUG main            d.u.i.k.p.i.IntermediateProofReplayer Proof replay took 38.5ns 
9761       INFO  main            d.u.i.k.p.r.p.TestFile    ... finished proof: closed. 
9874       INFO  main            d.u.i.k.p.i.AbstractProblemLoader Loading environment from /home/runner/work/key/key/key.core/../key.ui/examples/standard_key/pred_log/count.key.proof 
9874       DEBUG main            d.u.i.k.p.i.AbstractProblemLoader Environment load took 339.1ns 
9882       INFO  main            d.u.i.k.p.i.AbstractProblemLoader Creating init config 
13227      DEBUG main            d.u.i.k.p.i.AbstractProblemLoader Init config took 3.34s 
13275      INFO  main            d.u.i.k.p.i.AbstractProblemLoader Replaying proof count.key.proof 
13307      DEBUG main            d.u.i.k.p.i.IntermediateProofReplayer Proof replay took 24.42ms 
13323      DEBUG main            d.u.i.k.p.r.p.TestFile    ... success: reloaded. 
13325      INFO  main            d.u.i.k.p.r.p.TestFile    Now processing file /home/runner/work/key/key/key.core/../key.ui/examples/standard_key/pred_log/count2.key 
13325      INFO  main            d.u.i.k.p.i.AbstractProblemLoader Loading environment from /home/runner/work/key/key/key.core/../key.ui/examples/standard_key/pred_log/count2.key 
13325      DEBUG main            d.u.i.k.p.i.AbstractProblemLoader Environment load took 251.7ns 
13329      INFO  main            d.u.i.k.p.i.AbstractProblemLoader Creating init config 
16474      DEBUG main            d.u.i.k.p.i.AbstractProblemLoader Init config took 3.14s 
16514      INFO  main            d.u.i.k.p.i.AbstractProblemLoader Replaying proof count2.key 
16516      DEBUG main            d.u.i.k.p.i.IntermediateProofReplayer Proof replay took 7.2ns 
16619      INFO  main            d.u.i.k.p.r.p.TestFile    ... finished proof: closed. 
16767      INFO  main            d.u.i.k.p.i.AbstractProblemLoader Loading environment from /home/runner/work/key/key/key.core/../key.ui/examples/standard_key/pred_log/count2.key.proof 
16768      DEBUG main            d.u.i.k.p.i.AbstractProblemLoader Environment load took 397.1ns 
16770      INFO  main            d.u.i.k.p.i.AbstractProblemLoader Creating init config 
19763      DEBUG main            d.u.i.k.p.i.AbstractProblemLoader Init config took 2.99s 
19789      INFO  main            d.u.i.k.p.i.AbstractProblemLoader Replaying proof count2.key.proof 
19796      DEBUG main            d.u.i.k.p.i.IntermediateProofReplayer Proof replay took 4.44ms 
19797      DEBUG main            d.u.i.k.p.r.p.TestFile    ... success: reloaded. 
19798      INFO  main            d.u.i.k.p.r.p.TestFile    Now processing file /home/runner/work/key/key/key.core/../key.ui/examples/standard_key/pred_log/count3.key 
19799      INFO  main            d.u.i.k.p.i.AbstractProblemLoader Loading environment from /home/runner/work/key/key/key.core/../key.ui/examples/standard_key/pred_log/count3.key 
19799      DEBUG main            d.u.i.k.p.i.AbstractProblemLoader Environment load took 215ns 
19800      INFO  main            d.u.i.k.p.i.AbstractProblemLoader Creating init config 
22716      DEBUG main            d.u.i.k.p.i.AbstractProblemLoader Init config took 2.92s 
22739      INFO  main            d.u.i.k.p.i.AbstractProblemLoader Replaying proof count3.key 
22741      DEBUG main            d.u.i.k.p.i.IntermediateProofReplayer Proof replay took 6.5ns 
22850      INFO  main            d.u.i.k.p.r.p.TestFile    ... finished proof: closed. 
22999      INFO  main            d.u.i.k.p.i.AbstractProblemLoader Loading environment from /home/runner/work/key/key/key.core/../key.ui/examples/standard_key/pred_log/count3.key.proof 
23000      DEBUG main            d.u.i.k.p.i.AbstractProblemLoader Environment load took 141ns 
23002      INFO  main            d.u.i.k.p.i.AbstractProblemLoader Creating init config 
25843      DEBUG main            d.u.i.k.p.i.AbstractProblemLoader Init config took 2.84s 
25866      INFO  main            d.u.i.k.p.i.AbstractProblemLoader Replaying proof count3.key.proof 
25873      DEBUG main            d.u.i.k.p.i.IntermediateProofReplayer Proof replay took 3.53ms 
25874      DEBUG main            d.u.i.k.p.r.p.TestFile    ... success: reloaded. 
25875      INFO  main            d.u.i.k.p.r.p.TestFile    Now processing file /home/runner/work/key/key/key.core/../key.ui/examples/standard_key/pred_log/equalities.key 
25875      INFO  main            d.u.i.k.p.i.AbstractProblemLoader Loading environment from /home/runner/work/key/key/key.core/../key.ui/examples/standard_key/pred_log/equalities.key 
25875      DEBUG main            d.u.i.k.p.i.AbstractProblemLoader Environment load took 211.9ns 
25877      INFO  main            d.u.i.k.p.i.AbstractProblemLoader Creating init config 
28774      DEBUG main            d.u.i.k.p.i.AbstractProblemLoader Init config took 2.9s 
28798      INFO  main            d.u.i.k.p.i.AbstractProblemLoader Replaying proof equalities.key 
28801      DEBUG main            d.u.i.k.p.i.IntermediateProofReplayer Proof replay took 7.9ns 
28906      INFO  main            d.u.i.k.p.r.p.TestFile    ... finished proof: closed. 
29062      INFO  main            d.u.i.k.p.i.AbstractProblemLoader Loading environment from /home/runner/work/key/key/key.core/../key.ui/examples/standard_key/pred_log/equalities.key.proof 
29062      DEBUG main            d.u.i.k.p.i.AbstractProblemLoader Environment load took 130.2ns 
29064      INFO  main            d.u.i.k.p.i.AbstractProblemLoader Creating init config 
31946      DEBUG main            d.u.i.k.p.i.AbstractProblemLoader Init config took 2.88s 
31968      INFO  main            d.u.i.k.p.i.AbstractProblemLoader Replaying proof equalities.key.proof 
31973      DEBUG main            d.u.i.k.p.i.IntermediateProofReplayer Proof replay took 1.84ms 
31974      DEBUG main            d.u.i.k.p.r.p.TestFile    ... success: reloaded. 
31975      INFO  main            d.u.i.k.p.r.p.TestFile    Now processing file /home/runner/work/key/key/key.core/../key.ui/examples/standard_key/pred_log/equalities2.key 
31975      INFO  main            d.u.i.k.p.i.AbstractProblemLoader Loading environment from /home/runner/work/key/key/key.core/../key.ui/examples/standard_key/pred_log/equalities2.key 
31975      DEBUG main            d.u.i.k.p.i.AbstractProblemLoader Environment load took 251.1ns 
31977      INFO  main            d.u.i.k.p.i.AbstractProblemLoader Creating init config 
34798      DEBUG main            d.u.i.k.p.i.AbstractProblemLoader Init config took 2.82s 
34823      INFO  main            d.u.i.k.p.i.AbstractProblemLoader Replaying proof equalities2.key 
34825      DEBUG main            d.u.i.k.p.i.IntermediateProofReplayer Proof replay took 8.1ns 
34930      INFO  main            d.u.i.k.p.r.p.TestFile    ... finished proof: closed. 
35111      INFO  main            d.u.i.k.p.i.AbstractProblemLoader Loading environment from /home/runner/work/key/key/key.core/../key.ui/examples/standard_key/pred_log/equalities2.key.proof 
35113      DEBUG main            d.u.i.k.p.i.AbstractProblemLoader Environment load took 159.9ns 
35114      INFO  main            d.u.i.k.p.i.AbstractProblemLoader Creating init config 
37918      DEBUG main            d.u.i.k.p.i.AbstractProblemLoader Init config took 2.8s 
37939      INFO  main            d.u.i.k.p.i.AbstractProblemLoader Replaying proof equalities2.key.proof 
37947      DEBUG main            d.u.i.k.p.i.IntermediateProofReplayer Proof replay took 5.38ms 
37949      DEBUG main            d.u.i.k.p.r.p.TestFile    ... success: reloaded. 
37950      INFO  main            d.u.i.k.p.r.p.TestFile    Now processing file /home/runner/work/key/key/key.core/../key.ui/examples/standard_key/pred_log/equalities3.key 
37950      INFO  main            d.u.i.k.p.i.AbstractProblemLoader Loading environment from /home/runner/work/key/key/key.core/../key.ui/examples/standard_key/pred_log/equalities3.key 
37951      DEBUG main            d.u.i.k.p.i.AbstractProblemLoader Environment load took 316.4ns 
37952      INFO  main            d.u.i.k.p.i.AbstractProblemLoader Creating init config 
40820      DEBUG main            d.u.i.k.p.i.AbstractProblemLoader Init config took 2.87s 
40847      INFO  main            d.u.i.k.p.i.AbstractProblemLoader Replaying proof equalities3.key 
40850      DEBUG main            d.u.i.k.p.i.IntermediateProofReplayer Proof replay took 7.4ns 
40955      INFO  main            d.u.i.k.p.r.p.TestFile    ... finished proof: closed. 
41139      INFO  main            d.u.i.k.p.i.AbstractProblemLoader Loading environment from /home/runner/work/key/key/key.core/../key.ui/examples/standard_key/pred_log/equalities3.key.proof 
41139      DEBUG main            d.u.i.k.p.i.AbstractProblemLoader Environment load took 127.9ns 
41140      INFO  main            d.u.i.k.p.i.AbstractProblemLoader Creating init config 
43900      DEBUG main            d.u.i.k.p.i.AbstractProblemLoader Init config took 2.76s 
43923      INFO  main            d.u.i.k.p.i.AbstractProblemLoader Replaying proof equalities3.key.proof 
43933      DEBUG main            d.u.i.k.p.i.IntermediateProofReplayer Proof replay took 8.03ms 
43934      DEBUG main            d.u.i.k.p.r.p.TestFile    ... success: reloaded. 
43935      INFO  main            d.u.i.k.p.r.p.TestFile    Now processing file /home/runner/work/key/key/key.core/../key.ui/examples/standard_key/pred_log/functions.key 
43936      INFO  main            d.u.i.k.p.i.AbstractProblemLoader Loading environment from /home/runner/work/key/key/key.core/../key.ui/examples/standard_key/pred_log/functions.key 
43936      DEBUG main            d.u.i.k.p.i.AbstractProblemLoader Environment load took 331.8ns 
43937      INFO  main            d.u.i.k.p.i.AbstractProblemLoader Creating init config 
46745      DEBUG main            d.u.i.k.p.i.AbstractProblemLoader Init config took 2.81s 
46764      INFO  main            d.u.i.k.p.i.AbstractProblemLoader Replaying proof functions.key 
46766      DEBUG main            d.u.i.k.p.i.IntermediateProofReplayer Proof replay took 6.3ns 
46868      INFO  main            d.u.i.k.p.r.p.TestFile    ... finished proof: closed. 
47054      INFO  main            d.u.i.k.p.i.AbstractProblemLoader Loading environment from /home/runner/work/key/key/key.core/../key.ui/examples/standard_key/pred_log/functions.key.proof 
47055      DEBUG main            d.u.i.k.p.i.AbstractProblemLoader Environment load took 155ns 
47056      INFO  main            d.u.i.k.p.i.AbstractProblemLoader Creating init config 
49820      DEBUG main            d.u.i.k.p.i.AbstractProblemLoader Init config took 2.76s 
49839      INFO  main            d.u.i.k.p.i.AbstractProblemLoader Replaying proof functions.key.proof 
49844      DEBUG main            d.u.i.k.p.i.IntermediateProofReplayer Proof replay took 3.1ms 
49844      DEBUG main            d.u.i.k.p.r.p.TestFile    ... success: reloaded. 
49845      INFO  main            d.u.i.k.p.r.p.TestFile    Now processing file /home/runner/work/key/key/key.core/../key.ui/examples/standard_key/pred_log/mv1.key 
49845      INFO  main            d.u.i.k.p.i.AbstractProblemLoader Loading environment from /home/runner/work/key/key/key.core/../key.ui/examples/standard_key/pred_log/mv1.key 
49846      DEBUG main            d.u.i.k.p.i.AbstractProblemLoader Environment load took 108.9ns 
49847      INFO  main            d.u.i.k.p.i.AbstractProblemLoader Creating init config 
52686      DEBUG main            d.u.i.k.p.i.AbstractProblemLoader Init config took 2.84s 
52705      INFO  main            d.u.i.k.p.i.AbstractProblemLoader Replaying proof mv1.key 
52706      DEBUG main            d.u.i.k.p.i.IntermediateProofReplayer Proof replay took 7ns 
52808      INFO  main            d.u.i.k.p.r.p.TestFile    ... finished proof: closed. 
53004      INFO  main            d.u.i.k.p.i.AbstractProblemLoader Loading environment from /home/runner/work/key/key/key.core/../key.ui/examples/standard_key/pred_log/mv1.key.proof 
53004      DEBUG main            d.u.i.k.p.i.AbstractProblemLoader Environment load took 132.4ns 
53005      INFO  main            d.u.i.k.p.i.AbstractProblemLoader Creating init config 
55790      DEBUG main            d.u.i.k.p.i.AbstractProblemLoader Init config took 2.78s 
55807      INFO  main            d.u.i.k.p.i.AbstractProblemLoader Replaying proof mv1.key.proof 
55811      DEBUG main            d.u.i.k.p.i.IntermediateProofReplayer Proof replay took 1.27ms 
55811      DEBUG main            d.u.i.k.p.r.p.TestFile    ... success: reloaded. 
55812      INFO  main            d.u.i.k.p.r.p.TestFile    Now processing file /home/runner/work/key/key/key.core/../key.ui/examples/standard_key/pred_log/mv2.key 
55812      INFO  main            d.u.i.k.p.i.AbstractProblemLoader Loading environment from /home/runner/work/key/key/key.core/../key.ui/examples/standard_key/pred_log/mv2.key 
55813      DEBUG main            d.u.i.k.p.i.AbstractProblemLoader Environment load took 136.3ns 
55814      INFO  main            d.u.i.k.p.i.AbstractProblemLoader Creating init config 
58562      DEBUG main            d.u.i.k.p.i.AbstractProblemLoader Init config took 2.75s 
58579      INFO  main            d.u.i.k.p.i.AbstractProblemLoader Replaying proof mv2.key 
58581      DEBUG main            d.u.i.k.p.i.IntermediateProofReplayer Proof replay took 23.1ns 
58683      INFO  main            d.u.i.k.p.r.p.TestFile    ... finished proof: closed. 
58885      INFO  main            d.u.i.k.p.i.AbstractProblemLoader Loading environment from /home/runner/work/key/key/key.core/../key.ui/examples/standard_key/pred_log/mv2.key.proof 
58885      DEBUG main            d.u.i.k.p.i.AbstractProblemLoader Environment load took 194.9ns 
58887      INFO  main            d.u.i.k.p.i.AbstractProblemLoader Creating init config 
61851      DEBUG main            d.u.i.k.p.i.AbstractProblemLoader Init config took 2.96s 
61867      INFO  main            d.u.i.k.p.i.AbstractProblemLoader Replaying proof mv2.key.proof 
61871      DEBUG main            d.u.i.k.p.i.IntermediateProofReplayer Proof replay took 1.66ms 
61871      DEBUG main            d.u.i.k.p.r.p.TestFile    ... success: reloaded. 
61872      INFO  main            d.u.i.k.p.r.p.TestFile    Now processing file /home/runner/work/key/key/key.core/../key.ui/examples/standard_key/pred_log/quantifiers.key 
61872      INFO  main            d.u.i.k.p.i.AbstractProblemLoader Loading environment from /home/runner/work/key/key/key.core/../key.ui/examples/standard_key/pred_log/quantifiers.key 
61872      DEBUG main            d.u.i.k.p.i.AbstractProblemLoader Environment load took 106.7ns 
61873      INFO  main            d.u.i.k.p.i.AbstractProblemLoader Creating init config 
64871      DEBUG main            d.u.i.k.p.i.AbstractProblemLoader Init config took 3s 
64889      INFO  main            d.u.i.k.p.i.AbstractProblemLoader Replaying proof quantifiers.key 
64890      DEBUG main            d.u.i.k.p.i.IntermediateProofReplayer Proof replay took 8ns 
64994      INFO  main            d.u.i.k.p.r.p.TestFile    ... finished proof: closed. 
65214      INFO  main            d.u.i.k.p.i.AbstractProblemLoader Loading environment from /home/runner/work/key/key/key.core/../key.ui/examples/standard_key/pred_log/quantifiers.key.proof 
65215      DEBUG main            d.u.i.k.p.i.AbstractProblemLoader Environment load took 140.1ns 
65216      INFO  main            d.u.i.k.p.i.AbstractProblemLoader Creating init config 
68101      DEBUG main            d.u.i.k.p.i.AbstractProblemLoader Init config took 2.88s 
68121      INFO  main            d.u.i.k.p.i.AbstractProblemLoader Replaying proof quantifiers.key.proof 
68128      DEBUG main            d.u.i.k.p.i.IntermediateProofReplayer Proof replay took 5.13ms 
68129      DEBUG main            d.u.i.k.p.r.p.TestFile    ... success: reloaded. 
68129      INFO  main            d.u.i.k.p.r.p.TestFile    Now processing file /home/runner/work/key/key/key.core/../key.ui/examples/standard_key/pred_log/simpleEps.key 
68130      INFO  main            d.u.i.k.p.i.AbstractProblemLoader Loading environment from /home/runner/work/key/key/key.core/../key.ui/examples/standard_key/pred_log/simpleEps.key 
68130      DEBUG main            d.u.i.k.p.i.AbstractProblemLoader Environment load took 111.1ns 
68131      INFO  main            d.u.i.k.p.i.AbstractProblemLoader Creating init config 
71177      DEBUG main            d.u.i.k.p.i.AbstractProblemLoader Init config took 3.05s 
71194      INFO  main            d.u.i.k.p.i.AbstractProblemLoader Replaying proof simpleEps.key 
71197      DEBUG main            d.u.i.k.p.i.IntermediateProofReplayer Proof replay took 8.8ns 
71301      INFO  main            d.u.i.k.p.r.p.TestFile    ... finished proof: closed. 
71551      INFO  main            d.u.i.k.p.i.AbstractProblemLoader Loading environment from /home/runner/work/key/key/key.core/../key.ui/examples/standard_key/pred_log/simpleEps.key.proof 
71551      DEBUG main            d.u.i.k.p.i.AbstractProblemLoader Environment load took 132.9ns 
71554      INFO  main            d.u.i.k.p.i.AbstractProblemLoader Creating init config 
74435      DEBUG main            d.u.i.k.p.i.AbstractProblemLoader Init config took 2.88s 
74454      INFO  main            d.u.i.k.p.i.AbstractProblemLoader Replaying proof simpleEps.key.proof 
74462      DEBUG main            d.u.i.k.p.i.IntermediateProofReplayer Proof replay took 5.04ms 
74464      DEBUG main            d.u.i.k.p.r.p.TestFile    ... success: reloaded. 
74465      INFO  main            d.u.i.k.p.r.p.TestFile    Now processing file /home/runner/work/key/key/key.core/../key.ui/examples/standard_key/pred_log/steam1.key 
74465      INFO  main            d.u.i.k.p.i.AbstractProblemLoader Loading environment from /home/runner/work/key/key/key.core/../key.ui/examples/standard_key/pred_log/steam1.key 
74466      DEBUG main            d.u.i.k.p.i.AbstractProblemLoader Environment load took 200.5ns 
74470      INFO  main            d.u.i.k.p.i.AbstractProblemLoader Creating init config 
77382      DEBUG main            d.u.i.k.p.i.AbstractProblemLoader Init config took 2.91s 
77412      INFO  main            d.u.i.k.p.i.AbstractProblemLoader Replaying proof steam1.key 
77415      DEBUG main            d.u.i.k.p.i.IntermediateProofReplayer Proof replay took 7.6ns 
77827      INFO  main            d.u.i.k.p.r.p.TestFile    ... finished proof: closed. 
78092      INFO  main            d.u.i.k.p.i.AbstractProblemLoader Loading environment from /home/runner/work/key/key/key.core/../key.ui/examples/standard_key/pred_log/steam1.key.proof 
78093      DEBUG main            d.u.i.k.p.i.AbstractProblemLoader Environment load took 621.3ns 
78096      INFO  main            d.u.i.k.p.i.AbstractProblemLoader Creating init config 
80872      DEBUG main            d.u.i.k.p.i.AbstractProblemLoader Init config took 2.78s 
80894      INFO  main            d.u.i.k.p.i.AbstractProblemLoader Replaying proof steam1.key.proof 
80923      DEBUG main            d.u.i.k.p.i.IntermediateProofReplayer Proof replay took 24.36ms 
80925      DEBUG main            d.u.i.k.p.r.p.TestFile    ... success: reloaded. 
80926      INFO  main            d.u.i.k.p.r.p.TestFile    Now processing file /home/runner/work/key/key/key.core/../key.ui/examples/standard_key/pred_log/tptp/PUZ/PUZ001p1.key 
80926      INFO  main            d.u.i.k.p.i.AbstractProblemLoader Loading environment from /home/runner/work/key/key/key.core/../key.ui/examples/standard_key/pred_log/tptp/PUZ/PUZ001p1.key 
80926      DEBUG main            d.u.i.k.p.i.AbstractProblemLoader Environment load took 204ns 
80928      INFO  main            d.u.i.k.p.i.AbstractProblemLoader Creating init config 
83667      DEBUG main            d.u.i.k.p.i.AbstractProblemLoader Init config took 2.74s 
83688      INFO  main            d.u.i.k.p.i.AbstractProblemLoader Replaying proof PUZ001p1.key 
83689      DEBUG main            d.u.i.k.p.i.IntermediateProofReplayer Proof replay took 6.5ns 
87464      INFO  main            d.u.i.k.p.r.p.TestFile    ... finished proof: closed. 
87718      INFO  main            d.u.i.k.p.i.AbstractProblemLoader Loading environment from /home/runner/work/key/key/key.core/../key.ui/examples/standard_key/pred_log/tptp/PUZ/PUZ001p1.key.proof 
87718      DEBUG main            d.u.i.k.p.i.AbstractProblemLoader Environment load took 140.3ns 
87721      INFO  main            d.u.i.k.p.i.AbstractProblemLoader Creating init config 
90501      DEBUG main            d.u.i.k.p.i.AbstractProblemLoader Init config took 2.78s 
90525      INFO  main            d.u.i.k.p.i.AbstractProblemLoader Replaying proof PUZ001p1.key.proof 
90753      DEBUG main            d.u.i.k.p.i.IntermediateProofReplayer Proof replay took 214.2ms 
90755      DEBUG main            d.u.i.k.p.r.p.TestFile    ... success: reloaded. 
90756      INFO  main            d.u.i.k.p.r.p.TestFile    Now processing file /home/runner/work/key/key/key.core/../key.ui/examples/standard_key/pred_log/tptp/PUZ/PUZ001p1-eq.key 
90756      INFO  main            d.u.i.k.p.i.AbstractProblemLoader Loading environment from /home/runner/work/key/key/key.core/../key.ui/examples/standard_key/pred_log/tptp/PUZ/PUZ001p1-eq.key 
90756      DEBUG main            d.u.i.k.p.i.AbstractProblemLoader Environment load took 113.9ns 
90758      INFO  main            d.u.i.k.p.i.AbstractProblemLoader Creating init config 
93551      DEBUG main            d.u.i.k.p.i.AbstractProblemLoader Init config took 2.79s 
93568      INFO  main            d.u.i.k.p.i.AbstractProblemLoader Replaying proof PUZ001p1-eq.key 
93569      DEBUG main            d.u.i.k.p.i.IntermediateProofReplayer Proof replay took 6.2ns 
93773      INFO  main            d.u.i.k.p.r.p.TestFile    ... finished proof: closed. 
94046      INFO  main            d.u.i.k.p.i.AbstractProblemLoader Loading environment from /home/runner/work/key/key/key.core/../key.ui/examples/standard_key/pred_log/tptp/PUZ/PUZ001p1-eq.key.proof 
94048      DEBUG main            d.u.i.k.p.i.AbstractProblemLoader Environment load took 1.82ms 
94050      INFO  main            d.u.i.k.p.i.AbstractProblemLoader Creating init config 
96789      DEBUG main            d.u.i.k.p.i.AbstractProblemLoader Init config took 2.74s 
96806      INFO  main            d.u.i.k.p.i.AbstractProblemLoader Replaying proof PUZ001p1-eq.key.proof 
96826      DEBUG main            d.u.i.k.p.i.IntermediateProofReplayer Proof replay took 16.49ms 
96827      DEBUG main            d.u.i.k.p.r.p.TestFile    ... success: reloaded. 
96828      INFO  main            d.u.i.k.p.r.p.TestFile    Now processing file /home/runner/work/key/key/key.core/../key.ui/examples/standard_key/pred_log/tptp/PUZ/PUZ031p1.key 
96829      INFO  main            d.u.i.k.p.i.AbstractProblemLoader Loading environment from /home/runner/work/key/key/key.core/../key.ui/examples/standard_key/pred_log/tptp/PUZ/PUZ031p1.key 
96829      DEBUG main            d.u.i.k.p.i.AbstractProblemLoader Environment load took 209.3ns 
96831      INFO  main            d.u.i.k.p.i.AbstractProblemLoader Creating init config 
99520      DEBUG main            d.u.i.k.p.i.AbstractProblemLoader Init config took 2.69s 
99541      INFO  main            d.u.i.k.p.i.AbstractProblemLoader Replaying proof PUZ031p1.key 
99542      DEBUG main            d.u.i.k.p.i.IntermediateProofReplayer Proof replay took 6.5ns 
109289     INFO  main            d.u.i.k.p.r.p.TestFile    ... finished proof: closed. 
109546     INFO  main            d.u.i.k.p.i.AbstractProblemLoader Loading environment from /home/runner/work/key/key/key.core/../key.ui/examples/standard_key/pred_log/tptp/PUZ/PUZ031p1.key.proof 
109550     DEBUG main            d.u.i.k.p.i.AbstractProblemLoader Environment load took 3.35ms 
109552     INFO  main            d.u.i.k.p.i.AbstractProblemLoader Creating init config 
112221     DEBUG main            d.u.i.k.p.i.AbstractProblemLoader Init config took 2.67s 
112240     INFO  main            d.u.i.k.p.i.AbstractProblemLoader Replaying proof PUZ031p1.key.proof 
112321     DEBUG main            d.u.i.k.p.i.IntermediateProofReplayer Proof replay took 75.52ms 
112323     DEBUG main            d.u.i.k.p.r.p.TestFile    ... success: reloaded. 
112324     INFO  main            d.u.i.k.p.r.p.TestFile    Now processing file /home/runner/work/key/key/key.core/../key.ui/examples/standard_key/pred_log/tptp/SET/SET027p3.key 
112324     INFO  main            d.u.i.k.p.i.AbstractProblemLoader Loading environment from /home/runner/work/key/key/key.core/../key.ui/examples/standard_key/pred_log/tptp/SET/SET027p3.key 
112325     DEBUG main            d.u.i.k.p.i.AbstractProblemLoader Environment load took 255.7ns 
112326     INFO  main            d.u.i.k.p.i.AbstractProblemLoader Creating init config 
115118     DEBUG main            d.u.i.k.p.i.AbstractProblemLoader Init config took 2.79s 
115135     INFO  main            d.u.i.k.p.i.AbstractProblemLoader Replaying proof SET027p3.key 
115136     DEBUG main            d.u.i.k.p.i.IntermediateProofReplayer Proof replay took 7.6ns 
115239     INFO  main            d.u.i.k.p.r.p.TestFile    ... finished proof: closed. 
115512     INFO  main            d.u.i.k.p.i.AbstractProblemLoader Loading environment from /home/runner/work/key/key/key.core/../key.ui/examples/standard_key/pred_log/tptp/SET/SET027p3.key.proof 
115512     DEBUG main            d.u.i.k.p.i.AbstractProblemLoader Environment load took 125.5ns 
115514     INFO  main            d.u.i.k.p.i.AbstractProblemLoader Creating init config 
118217     DEBUG main            d.u.i.k.p.i.AbstractProblemLoader Init config took 2.7s 
118235     INFO  main            d.u.i.k.p.i.AbstractProblemLoader Replaying proof SET027p3.key.proof 
118244     DEBUG main            d.u.i.k.p.i.IntermediateProofReplayer Proof replay took 7.41ms 
118245     DEBUG main            d.u.i.k.p.r.p.TestFile    ... success: reloaded. 
118246     INFO  main            d.u.i.k.p.r.p.TestFile    Now processing file /home/runner/work/key/key/key.core/../key.ui/examples/standard_key/pred_log/tptp/SET/SET043p1.key 
118246     INFO  main            d.u.i.k.p.i.AbstractProblemLoader Loading environment from /home/runner/work/key/key/key.core/../key.ui/examples/standard_key/pred_log/tptp/SET/SET043p1.key 
118247     DEBUG main            d.u.i.k.p.i.AbstractProblemLoader Environment load took 243.6ns 
118248     INFO  main            d.u.i.k.p.i.AbstractProblemLoader Creating init config 
120987     DEBUG main            d.u.i.k.p.i.AbstractProblemLoader Init config took 2.74s 
121002     INFO  main            d.u.i.k.p.i.AbstractProblemLoader Replaying proof SET043p1.key 
121004     DEBUG main            d.u.i.k.p.i.IntermediateProofReplayer Proof replay took 7.2ns 
121106     INFO  main            d.u.i.k.p.r.p.TestFile    ... finished proof: closed. 
121402     INFO  main            d.u.i.k.p.i.AbstractProblemLoader Loading environment from /home/runner/work/key/key/key.core/../key.ui/examples/standard_key/pred_log/tptp/SET/SET043p1.key.proof 
121402     DEBUG main            d.u.i.k.p.i.AbstractProblemLoader Environment load took 201.1ns 
121404     INFO  main            d.u.i.k.p.i.AbstractProblemLoader Creating init config 
124068     DEBUG main            d.u.i.k.p.i.AbstractProblemLoader Init config took 2.66s 
124084     INFO  main            d.u.i.k.p.i.AbstractProblemLoader Replaying proof SET043p1.key.proof 
124087     DEBUG main            d.u.i.k.p.i.IntermediateProofReplayer Proof replay took 1.77ms 
124088     DEBUG main            d.u.i.k.p.r.p.TestFile    ... success: reloaded. 
124089     INFO  main            d.u.i.k.p.r.p.TestFile    Now processing file /home/runner/work/key/key/key.core/../key.ui/examples/standard_key/pred_log/tptp/SET/SET045p1.key 
124089     INFO  main            d.u.i.k.p.i.AbstractProblemLoader Loading environment from /home/runner/work/key/key/key.core/../key.ui/examples/standard_key/pred_log/tptp/SET/SET045p1.key 
124089     DEBUG main            d.u.i.k.p.i.AbstractProblemLoader Environment load took 99.6ns 
124091     INFO  main            d.u.i.k.p.i.AbstractProblemLoader Creating init config 
126763     DEBUG main            d.u.i.k.p.i.AbstractProblemLoader Init config took 2.67s 
126778     INFO  main            d.u.i.k.p.i.AbstractProblemLoader Replaying proof SET045p1.key 
126779     DEBUG main            d.u.i.k.p.i.IntermediateProofReplayer Proof replay took 8.1ns 
126884     INFO  main            d.u.i.k.p.r.p.TestFile    ... finished proof: closed. 
127168     INFO  main            d.u.i.k.p.i.AbstractProblemLoader Loading environment from /home/runner/work/key/key/key.core/../key.ui/examples/standard_key/pred_log/tptp/SET/SET045p1.key.proof 
127168     DEBUG main            d.u.i.k.p.i.AbstractProblemLoader Environment load took 114ns 
127169     INFO  main            d.u.i.k.p.i.AbstractProblemLoader Creating init config 
129812     DEBUG main            d.u.i.k.p.i.AbstractProblemLoader Init config took 2.64s 
129829     INFO  main            d.u.i.k.p.i.AbstractProblemLoader Replaying proof SET045p1.key.proof 
129837     DEBUG main            d.u.i.k.p.i.IntermediateProofReplayer Proof replay took 5.92ms 
129838     DEBUG main            d.u.i.k.p.r.p.TestFile    ... success: reloaded. 
129839     INFO  main            d.u.i.k.p.r.p.TestFile    Now processing file /home/runner/work/key/key/key.core/../key.ui/examples/standard_key/pred_log/tptp/SET/SET062p3.key 
129839     INFO  main            d.u.i.k.p.i.AbstractProblemLoader Loading environment from /home/runner/work/key/key/key.core/../key.ui/examples/standard_key/pred_log/tptp/SET/SET062p3.key 
129839     DEBUG main            d.u.i.k.p.i.AbstractProblemLoader Environment load took 200.9ns 
129841     INFO  main            d.u.i.k.p.i.AbstractProblemLoader Creating init config 
132575     DEBUG main            d.u.i.k.p.i.AbstractProblemLoader Init config took 2.73s 
132590     INFO  main            d.u.i.k.p.i.AbstractProblemLoader Replaying proof SET062p3.key 
132591     DEBUG main            d.u.i.k.p.i.IntermediateProofReplayer Proof replay took 7ns 
132695     INFO  main            d.u.i.k.p.r.p.TestFile    ... finished proof: closed. 
132969     INFO  main            d.u.i.k.p.i.AbstractProblemLoader Loading environment from /home/runner/work/key/key/key.core/../key.ui/examples/standard_key/pred_log/tptp/SET/SET062p3.key.proof 
132969     DEBUG main            d.u.i.k.p.i.AbstractProblemLoader Environment load took 123.4ns 
132971     INFO  main            d.u.i.k.p.i.AbstractProblemLoader Creating init config 
135625     DEBUG main            d.u.i.k.p.i.AbstractProblemLoader Init config took 2.65s 
135641     INFO  main            d.u.i.k.p.i.AbstractProblemLoader Replaying proof SET062p3.key.proof 
135648     DEBUG main            d.u.i.k.p.i.IntermediateProofReplayer Proof replay took 5.41ms 
135649     DEBUG main            d.u.i.k.p.r.p.TestFile    ... success: reloaded. 
135650     INFO  main            d.u.i.k.p.r.p.TestFile    Now processing file /home/runner/work/key/key/key.core/../key.ui/examples/standard_key/pred_log/tptp/SET/SET063p3.key 
135650     INFO  main            d.u.i.k.p.i.AbstractProblemLoader Loading environment from /home/runner/work/key/key/key.core/../key.ui/examples/standard_key/pred_log/tptp/SET/SET063p3.key 
135650     DEBUG main            d.u.i.k.p.i.AbstractProblemLoader Environment load took 94.3ns 
135651     INFO  main            d.u.i.k.p.i.AbstractProblemLoader Creating init config 
138350     DEBUG main            d.u.i.k.p.i.AbstractProblemLoader Init config took 2.7s 
138370     INFO  main            d.u.i.k.p.i.AbstractProblemLoader Replaying proof SET063p3.key 
138372     DEBUG main            d.u.i.k.p.i.IntermediateProofReplayer Proof replay took 8.3ns 
138475     INFO  main            d.u.i.k.p.r.p.TestFile    ... finished proof: closed. 
138776     INFO  main            d.u.i.k.p.i.AbstractProblemLoader Loading environment from /home/runner/work/key/key/key.core/../key.ui/examples/standard_key/pred_log/tptp/SET/SET063p3.key.proof 
138776     DEBUG main            d.u.i.k.p.i.AbstractProblemLoader Environment load took 116.2ns 
138778     INFO  main            d.u.i.k.p.i.AbstractProblemLoader Creating init config 
141412     DEBUG main            d.u.i.k.p.i.AbstractProblemLoader Init config took 2.63s 
141432     INFO  main            d.u.i.k.p.i.AbstractProblemLoader Replaying proof SET063p3.key.proof 
141441     DEBUG main            d.u.i.k.p.i.IntermediateProofReplayer Proof replay took 6.47ms 
141442     DEBUG main            d.u.i.k.p.r.p.TestFile    ... success: reloaded. 
141442     INFO  main            d.u.i.k.p.r.p.TestFile    Now processing file /home/runner/work/key/key/key.core/../key.ui/examples/standard_key/pred_log/tptp/SYN/SYN036p2.key 
141443     INFO  main            d.u.i.k.p.i.AbstractProblemLoader Loading environment from /home/runner/work/key/key/key.core/../key.ui/examples/standard_key/pred_log/tptp/SYN/SYN036p2.key 
141443     DEBUG main            d.u.i.k.p.i.AbstractProblemLoader Environment load took 184.3ns 
141444     INFO  main            d.u.i.k.p.i.AbstractProblemLoader Creating init config 
144142     DEBUG main            d.u.i.k.p.i.AbstractProblemLoader Init config took 2.7s 
144160     INFO  main            d.u.i.k.p.i.AbstractProblemLoader Replaying proof SYN036p2.key 
144161     DEBUG main            d.u.i.k.p.i.IntermediateProofReplayer Proof replay took 7.2ns 
144572     INFO  main            d.u.i.k.p.r.p.TestFile    ... finished proof: closed. 
144898     INFO  main            d.u.i.k.p.i.AbstractProblemLoader Loading environment from /home/runner/work/key/key/key.core/../key.ui/examples/standard_key/pred_log/tptp/SYN/SYN036p2.key.proof 
144898     DEBUG main            d.u.i.k.p.i.AbstractProblemLoader Environment load took 424.2ns 
144900     INFO  main            d.u.i.k.p.i.AbstractProblemLoader Creating init config 
147558     DEBUG main            d.u.i.k.p.i.AbstractProblemLoader Init config took 2.66s 
147573     INFO  main            d.u.i.k.p.i.AbstractProblemLoader Replaying proof SYN036p2.key.proof 
147692     DEBUG main            d.u.i.k.p.i.IntermediateProofReplayer Proof replay took 110.11ms 
147693     DEBUG main            d.u.i.k.p.r.p.TestFile    ... success: reloaded. 
147694     INFO  main            d.u.i.k.p.r.p.TestFile    Now processing file /home/runner/work/key/key/key.core/../key.ui/examples/standard_key/pred_log/tptp/SYN/SYN550p1.key 
147695     INFO  main            d.u.i.k.p.i.AbstractProblemLoader Loading environment from /home/runner/work/key/key/key.core/../key.ui/examples/standard_key/pred_log/tptp/SYN/SYN550p1.key 
147695     DEBUG main            d.u.i.k.p.i.AbstractProblemLoader Environment load took 259ns 
147696     INFO  main            d.u.i.k.p.i.AbstractProblemLoader Creating init config 
150480     DEBUG main            d.u.i.k.p.i.AbstractProblemLoader Init config took 2.78s 
150497     INFO  main            d.u.i.k.p.i.AbstractProblemLoader Replaying proof SYN550p1.key 
150498     DEBUG main            d.u.i.k.p.i.IntermediateProofReplayer Proof replay took 7.6ns 
153837     INFO  main            d.u.i.k.p.r.p.TestFile    ... finished proof: closed. 
154161     INFO  main            d.u.i.k.p.i.AbstractProblemLoader Loading environment from /home/runner/work/key/key/key.core/../key.ui/examples/standard_key/pred_log/tptp/SYN/SYN550p1.key.proof 
154162     DEBUG main            d.u.i.k.p.i.AbstractProblemLoader Environment load took 390.9ns 
154163     INFO  main            d.u.i.k.p.i.AbstractProblemLoader Creating init config 
156781     DEBUG main            d.u.i.k.p.i.AbstractProblemLoader Init config took 2.62s 
156797     INFO  main            d.u.i.k.p.i.AbstractProblemLoader Replaying proof SYN550p1.key.proof 
156898     DEBUG main            d.u.i.k.p.i.IntermediateProofReplayer Proof replay took 93.41ms 
156899     DEBUG main            d.u.i.k.p.r.p.TestFile    ... success: reloaded. 
156900     INFO  main            d.u.i.k.p.r.p.TestFile    Now processing file /home/runner/work/key/key/key.core/../key.ui/examples/standard_key/prop_log/reallySimple.key 
156900     INFO  main            d.u.i.k.p.i.AbstractProblemLoader Loading environment from /home/runner/work/key/key/key.core/../key.ui/examples/standard_key/prop_log/reallySimple.key 
156900     DEBUG main            d.u.i.k.p.i.AbstractProblemLoader Environment load took 130.5ns 
156902     INFO  main            d.u.i.k.p.i.AbstractProblemLoader Creating init config 
159613     DEBUG main            d.u.i.k.p.i.AbstractProblemLoader Init config took 2.71s 
159628     INFO  main            d.u.i.k.p.i.AbstractProblemLoader Replaying proof reallySimple.key 
159630     DEBUG main            d.u.i.k.p.i.IntermediateProofReplayer Proof replay took 6.4ns 
159738     INFO  main            d.u.i.k.p.r.p.TestFile    ... finished proof: open goal(s) 
160086     INFO  main            d.u.i.k.p.r.p.TestFile    Now processing file /home/runner/work/key/key/key.core/../key.ui/examples/standard_key/pred_log/sameName1.key 
160087     INFO  main            d.u.i.k.p.i.AbstractProblemLoader Loading environment from /home/runner/work/key/key/key.core/../key.ui/examples/standard_key/pred_log/sameName1.key 
160087     DEBUG main            d.u.i.k.p.i.AbstractProblemLoader Environment load took 61.9ns 
160088     INFO  main            d.u.i.k.p.i.AbstractProblemLoader Creating init config 
162764     DEBUG main            d.u.i.k.p.i.AbstractProblemLoader Init config took 2.68s 
162782     INFO  main            d.u.i.k.p.i.AbstractProblemLoader Replaying proof sameName1.key 
162783     DEBUG main            d.u.i.k.p.i.IntermediateProofReplayer Proof replay took 6.7ns 
162889     INFO  main            d.u.i.k.p.r.p.TestFile    ... finished proof: open goal(s) 
163185     INFO  main            d.u.i.k.p.r.p.TestFile    Now processing file /home/runner/work/key/key/key.core/../key.ui/examples/standard_key/pred_log/jbyteIfEx.key 
163185     INFO  main            d.u.i.k.p.i.AbstractProblemLoader Loading environment from /home/runner/work/key/key/key.core/../key.ui/examples/standard_key/pred_log/jbyteIfEx.key 
163185     DEBUG main            d.u.i.k.p.i.AbstractProblemLoader Environment load took 79.6ns 
163187     INFO  main            d.u.i.k.p.i.AbstractProblemLoader Creating init config 
165865     DEBUG main            d.u.i.k.p.i.AbstractProblemLoader Init config took 2.68s 
165881     INFO  main            d.u.i.k.p.i.AbstractProblemLoader Replaying proof jbyteIfEx.key 
165883     DEBUG main            d.u.i.k.p.i.IntermediateProofReplayer Proof replay took 6.8ns 
165985     INFO  main            d.u.i.k.p.r.p.TestFile    ... finished proof: closed. 
166288     INFO  main            d.u.i.k.p.i.AbstractProblemLoader Loading environment from /home/runner/work/key/key/key.core/../key.ui/examples/standard_key/pred_log/jbyteIfEx.key.proof 
166288     DEBUG main            d.u.i.k.p.i.AbstractProblemLoader Environment load took 114.3ns 
166290     INFO  main            d.u.i.k.p.i.AbstractProblemLoader Creating init config 
168983     DEBUG main            d.u.i.k.p.i.AbstractProblemLoader Init config took 2.69s 
169000     INFO  main            d.u.i.k.p.i.AbstractProblemLoader Replaying proof jbyteIfEx.key.proof 
169017     DEBUG main            d.u.i.k.p.i.IntermediateProofReplayer Proof replay took 11.21ms 
169018     DEBUG main            d.u.i.k.p.r.p.TestFile    ... success: reloaded. 
169019     INFO  main            d.u.i.k.p.r.p.TestFile    Now processing file /home/runner/work/key/key/key.core/../key.ui/examples/standard_key/prop_log/allClausesLength4.key 
169019     INFO  main            d.u.i.k.p.i.AbstractProblemLoader Loading environment from /home/runner/work/key/key/key.core/../key.ui/examples/standard_key/prop_log/allClausesLength4.key 
169019     DEBUG main            d.u.i.k.p.i.AbstractProblemLoader Environment load took 183.6ns 
169021     INFO  main            d.u.i.k.p.i.AbstractProblemLoader Creating init config 
171933     DEBUG main            d.u.i.k.p.i.AbstractProblemLoader Init config took 2.91s 
171952     INFO  main            d.u.i.k.p.i.AbstractProblemLoader Replaying proof allClausesLength4.key 
171954     DEBUG main            d.u.i.k.p.i.IntermediateProofReplayer Proof replay took 7ns 
172060     INFO  main            d.u.i.k.p.r.p.TestFile    ... finished proof: closed. 
172394     INFO  main            d.u.i.k.p.i.AbstractProblemLoader Loading environment from /home/runner/work/key/key/key.core/../key.ui/examples/standard_key/prop_log/allClausesLength4.key.proof 
172394     DEBUG main            d.u.i.k.p.i.AbstractProblemLoader Environment load took 126.8ns 
172395     INFO  main            d.u.i.k.p.i.AbstractProblemLoader Creating init config 
175176     DEBUG main            d.u.i.k.p.i.AbstractProblemLoader Init config took 2.78s 
175196     INFO  main            d.u.i.k.p.i.AbstractProblemLoader Replaying proof allClausesLength4.key.proof 
175216     DEBUG main            d.u.i.k.p.i.IntermediateProofReplayer Proof replay took 16.2ms 
175217     DEBUG main            d.u.i.k.p.r.p.TestFile    ... success: reloaded. 
175218     INFO  main            d.u.i.k.p.r.p.TestFile    Now processing file /home/runner/work/key/key/key.core/../key.ui/examples/standard_key/prop_log/allClausesLength5.key 
175218     INFO  main            d.u.i.k.p.i.AbstractProblemLoader Loading environment from /home/runner/work/key/key/key.core/../key.ui/examples/standard_key/prop_log/allClausesLength5.key 
175219     DEBUG main            d.u.i.k.p.i.AbstractProblemLoader Environment load took 195.4ns 
175220     INFO  main            d.u.i.k.p.i.AbstractProblemLoader Creating init config 
178149     DEBUG main            d.u.i.k.p.i.AbstractProblemLoader Init config took 2.93s 
178167     INFO  main            d.u.i.k.p.i.AbstractProblemLoader Replaying proof allClausesLength5.key 
178168     DEBUG main            d.u.i.k.p.i.IntermediateProofReplayer Proof replay took 7ns 
178473     INFO  main            d.u.i.k.p.r.p.TestFile    ... finished proof: closed. 
178830     INFO  main            d.u.i.k.p.i.AbstractProblemLoader Loading environment from /home/runner/work/key/key/key.core/../key.ui/examples/standard_key/prop_log/allClausesLength5.key.proof 
178830     DEBUG main            d.u.i.k.p.i.AbstractProblemLoader Environment load took 118.7ns 
178832     INFO  main            d.u.i.k.p.i.AbstractProblemLoader Creating init config 
181683     DEBUG main            d.u.i.k.p.i.AbstractProblemLoader Init config took 2.85s 
181701     INFO  main            d.u.i.k.p.i.AbstractProblemLoader Replaying proof allClausesLength5.key.proof 
181751     DEBUG main            d.u.i.k.p.i.IntermediateProofReplayer Proof replay took 44.85ms 
181752     DEBUG main            d.u.i.k.p.r.p.TestFile    ... success: reloaded. 
181753     INFO  main            d.u.i.k.p.r.p.TestFile    Now processing file /home/runner/work/key/key/key.core/../key.ui/examples/standard_key/prop_log/doubleNeg.key 
181753     INFO  main            d.u.i.k.p.i.AbstractProblemLoader Loading environment from /home/runner/work/key/key/key.core/../key.ui/examples/standard_key/prop_log/doubleNeg.key 
181753     DEBUG main            d.u.i.k.p.i.AbstractProblemLoader Environment load took 116.7ns 
181755     INFO  main            d.u.i.k.p.i.AbstractProblemLoader Creating init config 
184554     DEBUG main            d.u.i.k.p.i.AbstractProblemLoader Init config took 2.8s 
184569     INFO  main            d.u.i.k.p.i.AbstractProblemLoader Replaying proof doubleNeg.key 
184570     DEBUG main            d.u.i.k.p.i.IntermediateProofReplayer Proof replay took 5.8ns 
184676     INFO  main            d.u.i.k.p.r.p.TestFile    ... finished proof: closed. 
185014     INFO  main            d.u.i.k.p.i.AbstractProblemLoader Loading environment from /home/runner/work/key/key/key.core/../key.ui/examples/standard_key/prop_log/doubleNeg.key.proof 
185014     DEBUG main            d.u.i.k.p.i.AbstractProblemLoader Environment load took 125.6ns 
185015     INFO  main            d.u.i.k.p.i.AbstractProblemLoader Creating init config 
187704     DEBUG main            d.u.i.k.p.i.AbstractProblemLoader Init config took 2.69s 
187720     INFO  main            d.u.i.k.p.i.AbstractProblemLoader Replaying proof doubleNeg.key.proof 
187722     DEBUG main            d.u.i.k.p.i.IntermediateProofReplayer Proof replay took 409ns 
187723     DEBUG main            d.u.i.k.p.r.p.TestFile    ... success: reloaded. 
187724     INFO  main            d.u.i.k.p.r.p.TestFile    Now processing file /home/runner/work/key/key/key.core/../key.ui/examples/standard_key/prop_log/liarsville.key 
187725     INFO  main            d.u.i.k.p.i.AbstractProblemLoader Loading environment from /home/runner/work/key/key/key.core/../key.ui/examples/standard_key/prop_log/liarsville.key 
187725     DEBUG main            d.u.i.k.p.i.AbstractProblemLoader Environment load took 150.2ns 
187726     INFO  main            d.u.i.k.p.i.AbstractProblemLoader Creating init config 
190424     DEBUG main            d.u.i.k.p.i.AbstractProblemLoader Init config took 2.7s 
190439     INFO  main            d.u.i.k.p.i.AbstractProblemLoader Replaying proof liarsville.key 
190440     DEBUG main            d.u.i.k.p.i.IntermediateProofReplayer Proof replay took 6.7ns 
190542     INFO  main            d.u.i.k.p.r.p.TestFile    ... finished proof: closed. 
190893     INFO  main            d.u.i.k.p.i.AbstractProblemLoader Loading environment from /home/runner/work/key/key/key.core/../key.ui/examples/standard_key/prop_log/liarsville.key.proof 
190894     DEBUG main            d.u.i.k.p.i.AbstractProblemLoader Environment load took 121.8ns 
190895     INFO  main            d.u.i.k.p.i.AbstractProblemLoader Creating init config 
193646     DEBUG main            d.u.i.k.p.i.AbstractProblemLoader Init config took 2.75s 
193666     INFO  main            d.u.i.k.p.i.AbstractProblemLoader Replaying proof liarsville.key.proof 
193669     DEBUG main            d.u.i.k.p.i.IntermediateProofReplayer Proof replay took 2.03ms 
193670     DEBUG main            d.u.i.k.p.r.p.TestFile    ... success: reloaded. 
193671     INFO  main            d.u.i.k.p.r.p.TestFile    Now processing file /home/runner/work/key/key/key.core/../key.ui/examples/standard_key/prop_log/simplest.key 
193671     INFO  main            d.u.i.k.p.i.AbstractProblemLoader Loading environment from /home/runner/work/key/key/key.core/../key.ui/examples/standard_key/prop_log/simplest.key 
193671     DEBUG main            d.u.i.k.p.i.AbstractProblemLoader Environment load took 100.9ns 
193673     INFO  main            d.u.i.k.p.i.AbstractProblemLoader Creating init config 
196425     DEBUG main            d.u.i.k.p.i.AbstractProblemLoader Init config took 2.75s 
196439     INFO  main            d.u.i.k.p.i.AbstractProblemLoader Replaying proof simplest.key 
196441     DEBUG main            d.u.i.k.p.i.IntermediateProofReplayer Proof replay took 7.9ns 
196543     INFO  main            d.u.i.k.p.r.p.TestFile    ... finished proof: closed. 
196905     INFO  main            d.u.i.k.p.i.AbstractProblemLoader Loading environment from /home/runner/work/key/key/key.core/../key.ui/examples/standard_key/prop_log/simplest.key.proof 
196905     DEBUG main            d.u.i.k.p.i.AbstractProblemLoader Environment load took 129.3ns 
196906     INFO  main            d.u.i.k.p.i.AbstractProblemLoader Creating init config 
199677     DEBUG main            d.u.i.k.p.i.AbstractProblemLoader Init config took 2.77s 
199692     INFO  main            d.u.i.k.p.i.AbstractProblemLoader Replaying proof simplest.key.proof 
199694     DEBUG main            d.u.i.k.p.i.IntermediateProofReplayer Proof replay took 95.4ns 
199694     DEBUG main            d.u.i.k.p.r.p.TestFile    ... success: reloaded. 
199695     INFO  main            d.u.i.k.p.r.p.TestFile    Now processing file /home/runner/work/key/key/key.core/../key.ui/examples/standard_key/prop_log/contraposition.key 
199695     INFO  main            d.u.i.k.p.i.AbstractProblemLoader Loading environment from /home/runner/work/key/key/key.core/../key.ui/examples/standard_key/prop_log/contraposition.key 
199695     DEBUG main            d.u.i.k.p.i.AbstractProblemLoader Environment load took 60.9ns 
199696     INFO  main            d.u.i.k.p.i.AbstractProblemLoader Creating init config 
202494     DEBUG main            d.u.i.k.p.i.AbstractProblemLoader Init config took 2.8s 
202509     INFO  main            d.u.i.k.p.i.AbstractProblemLoader Replaying proof contraposition.key 
202510     DEBUG main            d.u.i.k.p.i.IntermediateProofReplayer Proof replay took 6.5ns 
202612     INFO  main            d.u.i.k.p.r.p.TestFile    ... finished proof: closed. 
202977     INFO  main            d.u.i.k.p.i.AbstractProblemLoader Loading environment from /home/runner/work/key/key/key.core/../key.ui/examples/standard_key/prop_log/contraposition.key.proof 
202978     DEBUG main            d.u.i.k.p.i.AbstractProblemLoader Environment load took 109.4ns 
202979     INFO  main            d.u.i.k.p.i.AbstractProblemLoader Creating init config 
205795     DEBUG main            d.u.i.k.p.i.AbstractProblemLoader Init config took 2.82s 
205811     INFO  main            d.u.i.k.p.i.AbstractProblemLoader Replaying proof contraposition.key.proof 
205813     DEBUG main            d.u.i.k.p.i.IntermediateProofReplayer Proof replay took 727.1ns 
205814     DEBUG main            d.u.i.k.p.r.p.TestFile    ... success: reloaded. 
205815     INFO  main            d.u.i.k.p.r.p.TestFile    Now processing file /home/runner/work/key/key/key.core/../key.ui/examples/standard_key/quantifiers/elimination0.key 
205815     INFO  main            d.u.i.k.p.i.AbstractProblemLoader Loading environment from /home/runner/work/key/key/key.core/../key.ui/examples/standard_key/quantifiers/elimination0.key 
205815     DEBUG main            d.u.i.k.p.i.AbstractProblemLoader Environment load took 61.2ns 
205816     INFO  main            d.u.i.k.p.i.AbstractProblemLoader Creating init config 
208692     DEBUG main            d.u.i.k.p.i.AbstractProblemLoader Init config took 2.88s 
208708     INFO  main            d.u.i.k.p.i.AbstractProblemLoader Replaying proof elimination0.key 
208710     DEBUG main            d.u.i.k.p.i.IntermediateProofReplayer Proof replay took 6.7ns 
208814     INFO  main            d.u.i.k.p.r.p.TestFile    ... finished proof: closed. 
209173     INFO  main            d.u.i.k.p.i.AbstractProblemLoader Loading environment from /home/runner/work/key/key/key.core/../key.ui/examples/standard_key/quantifiers/elimination0.key.proof 
209173     DEBUG main            d.u.i.k.p.i.AbstractProblemLoader Environment load took 103.6ns 
209174     INFO  main            d.u.i.k.p.i.AbstractProblemLoader Creating init config 
211955     DEBUG main            d.u.i.k.p.i.AbstractProblemLoader Init config took 2.78s 
211982     INFO  main            d.u.i.k.p.i.AbstractProblemLoader Replaying proof elimination0.key.proof 
211985     DEBUG main            d.u.i.k.p.i.IntermediateProofReplayer Proof replay took 1.51ms 
211986     DEBUG main            d.u.i.k.p.r.p.TestFile    ... success: reloaded. 
211987     INFO  main            d.u.i.k.p.r.p.TestFile    Now processing file /home/runner/work/key/key/key.core/../key.ui/examples/standard_key/quantifiers/heuristic_PUZ001p1-eq.key 
211987     INFO  main            d.u.i.k.p.i.AbstractProblemLoader Loading environment from /home/runner/work/key/key/key.core/../key.ui/examples/standard_key/quantifiers/heuristic_PUZ001p1-eq.key 
211987     DEBUG main            d.u.i.k.p.i.AbstractProblemLoader Environment load took 103.6ns 
211988     INFO  main            d.u.i.k.p.i.AbstractProblemLoader Creating init config 
214793     DEBUG main            d.u.i.k.p.i.AbstractProblemLoader Init config took 2.8s 
214810     INFO  main            d.u.i.k.p.i.AbstractProblemLoader Replaying proof heuristic_PUZ001p1-eq.key 
214812     DEBUG main            d.u.i.k.p.i.IntermediateProofReplayer Proof replay took 6.8ns 
214914     INFO  main            d.u.i.k.p.r.p.TestFile    ... finished proof: closed. 
215372     INFO  main            d.u.i.k.p.i.AbstractProblemLoader Loading environment from /home/runner/work/key/key/key.core/../key.ui/examples/standard_key/quantifiers/heuristic_PUZ001p1-eq.key.proof 
215372     DEBUG main            d.u.i.k.p.i.AbstractProblemLoader Environment load took 125.9ns 
215373     INFO  main            d.u.i.k.p.i.AbstractProblemLoader Creating init config 
218067     DEBUG main            d.u.i.k.p.i.AbstractProblemLoader Init config took 2.69s 
218084     INFO  main            d.u.i.k.p.i.AbstractProblemLoader Replaying proof heuristic_PUZ001p1-eq.key.proof 
218099     DEBUG main            d.u.i.k.p.i.IntermediateProofReplayer Proof replay took 12.85ms 
218101     DEBUG main            d.u.i.k.p.r.p.TestFile    ... success: reloaded. 
218102     INFO  main            d.u.i.k.p.r.p.TestFile    Now processing file /home/runner/work/key/key/key.core/../key.ui/examples/standard_key/quantifiers/heuristic_PUZ001p1.key 
218102     INFO  main            d.u.i.k.p.i.AbstractProblemLoader Loading environment from /home/runner/work/key/key/key.core/../key.ui/examples/standard_key/quantifiers/heuristic_PUZ001p1.key 
218102     DEBUG main            d.u.i.k.p.i.AbstractProblemLoader Environment load took 182ns 
218104     INFO  main            d.u.i.k.p.i.AbstractProblemLoader Creating init config 
220908     DEBUG main            d.u.i.k.p.i.AbstractProblemLoader Init config took 2.8s 
220925     INFO  main            d.u.i.k.p.i.AbstractProblemLoader Replaying proof heuristic_PUZ001p1.key 
220927     DEBUG main            d.u.i.k.p.i.IntermediateProofReplayer Proof replay took 7.3ns 
222562     INFO  main            d.u.i.k.p.r.p.TestFile    ... finished proof: closed. 
222972     INFO  main            d.u.i.k.p.i.AbstractProblemLoader Loading environment from /home/runner/work/key/key/key.core/../key.ui/examples/standard_key/quantifiers/heuristic_PUZ001p1.key.proof 
222973     DEBUG main            d.u.i.k.p.i.AbstractProblemLoader Environment load took 215.2ns 
222975     INFO  main            d.u.i.k.p.i.AbstractProblemLoader Creating init config 
225674     DEBUG main            d.u.i.k.p.i.AbstractProblemLoader Init config took 2.7s 
225695     INFO  main            d.u.i.k.p.i.AbstractProblemLoader Replaying proof heuristic_PUZ001p1.key.proof 
225762     DEBUG main            d.u.i.k.p.i.IntermediateProofReplayer Proof replay took 62.32ms 
225764     DEBUG main            d.u.i.k.p.r.p.TestFile    ... success: reloaded. 
225765     INFO  main            d.u.i.k.p.r.p.TestFile    Now processing file /home/runner/work/key/key/key.core/../key.ui/examples/standard_key/quantifiers/heuristic_PUZ031p1.key 
225765     INFO  main            d.u.i.k.p.i.AbstractProblemLoader Loading environment from /home/runner/work/key/key/key.core/../key.ui/examples/standard_key/quantifiers/heuristic_PUZ031p1.key 
225766     DEBUG main            d.u.i.k.p.i.AbstractProblemLoader Environment load took 226.9ns 
225768     INFO  main            d.u.i.k.p.i.AbstractProblemLoader Creating init config 
228629     DEBUG main            d.u.i.k.p.i.AbstractProblemLoader Init config took 2.86s 
228646     INFO  main            d.u.i.k.p.i.AbstractProblemLoader Replaying proof heuristic_PUZ031p1.key 
228648     DEBUG main            d.u.i.k.p.i.IntermediateProofReplayer Proof replay took 7.6ns 
234513     INFO  main            d.u.i.k.p.r.p.TestFile    ... finished proof: closed. 
234951     INFO  main            d.u.i.k.p.i.AbstractProblemLoader Loading environment from /home/runner/work/key/key/key.core/../key.ui/examples/standard_key/quantifiers/heuristic_PUZ031p1.key.proof 
234951     DEBUG main            d.u.i.k.p.i.AbstractProblemLoader Environment load took 442.5ns 
234953     INFO  main            d.u.i.k.p.i.AbstractProblemLoader Creating init config 
237643     DEBUG main            d.u.i.k.p.i.AbstractProblemLoader Init config took 2.69s 
237659     INFO  main            d.u.i.k.p.i.AbstractProblemLoader Replaying proof heuristic_PUZ031p1.key.proof 
237745     DEBUG main            d.u.i.k.p.i.IntermediateProofReplayer Proof replay took 81.29ms 
237746     DEBUG main            d.u.i.k.p.r.p.TestFile    ... success: reloaded. 
237747     INFO  main            d.u.i.k.p.r.p.TestFile    Now processing file /home/runner/work/key/key/key.core/../key.ui/examples/standard_key/quantifiers/heuristic_SYN036p2.key 
237748     INFO  main            d.u.i.k.p.i.AbstractProblemLoader Loading environment from /home/runner/work/key/key/key.core/../key.ui/examples/standard_key/quantifiers/heuristic_SYN036p2.key 
237748     DEBUG main            d.u.i.k.p.i.AbstractProblemLoader Environment load took 158ns 
237750     INFO  main            d.u.i.k.p.i.AbstractProblemLoader Creating init config 
240489     DEBUG main            d.u.i.k.p.i.AbstractProblemLoader Init config took 2.74s 
240505     INFO  main            d.u.i.k.p.i.AbstractProblemLoader Replaying proof heuristic_SYN036p2.key 
240507     DEBUG main            d.u.i.k.p.i.IntermediateProofReplayer Proof replay took 7.4ns 
240813     INFO  main            d.u.i.k.p.r.p.TestFile    ... finished proof: closed. 
241327     INFO  main            d.u.i.k.p.i.AbstractProblemLoader Loading environment from /home/runner/work/key/key/key.core/../key.ui/examples/standard_key/quantifiers/heuristic_SYN036p2.key.proof 
241327     DEBUG main            d.u.i.k.p.i.AbstractProblemLoader Environment load took 124.5ns 
241328     INFO  main            d.u.i.k.p.i.AbstractProblemLoader Creating init config 
244058     DEBUG main            d.u.i.k.p.i.AbstractProblemLoader Init config took 2.73s 
244074     INFO  main            d.u.i.k.p.i.AbstractProblemLoader Replaying proof heuristic_SYN036p2.key.proof 
244180     DEBUG main            d.u.i.k.p.i.IntermediateProofReplayer Proof replay took 96.76ms 
244182     DEBUG main            d.u.i.k.p.r.p.TestFile    ... success: reloaded. 
244183     INFO  main            d.u.i.k.p.r.p.TestFile    Now processing file /home/runner/work/key/key/key.core/../key.ui/examples/standard_key/quantifiers/injectivity.key 
244183     INFO  main            d.u.i.k.p.i.AbstractProblemLoader Loading environment from /home/runner/work/key/key/key.core/../key.ui/examples/standard_key/quantifiers/injectivity.key 
244184     DEBUG main            d.u.i.k.p.i.AbstractProblemLoader Environment load took 252.1ns 
244185     INFO  main            d.u.i.k.p.i.AbstractProblemLoader Creating init config 
246999     DEBUG main            d.u.i.k.p.i.AbstractProblemLoader Init config took 2.81s 
247018     INFO  main            d.u.i.k.p.i.AbstractProblemLoader Replaying proof injectivity.key 
247020     DEBUG main            d.u.i.k.p.i.IntermediateProofReplayer Proof replay took 6.8ns 
247122     INFO  main            d.u.i.k.p.r.p.TestFile    ... finished proof: closed. 
247553     INFO  main            d.u.i.k.p.i.AbstractProblemLoader Loading environment from /home/runner/work/key/key/key.core/../key.ui/examples/standard_key/quantifiers/injectivity.key.proof 
247553     DEBUG main            d.u.i.k.p.i.AbstractProblemLoader Environment load took 163.2ns 
247554     INFO  main            d.u.i.k.p.i.AbstractProblemLoader Creating init config 
250268     DEBUG main            d.u.i.k.p.i.AbstractProblemLoader Init config took 2.71s 
250284     INFO  main            d.u.i.k.p.i.AbstractProblemLoader Replaying proof injectivity.key.proof 
250288     DEBUG main            d.u.i.k.p.i.IntermediateProofReplayer Proof replay took 2.11ms 
250289     DEBUG main            d.u.i.k.p.r.p.TestFile    ... success: reloaded. 
250290     INFO  main            d.u.i.k.p.r.p.TestFile    Now processing file /home/runner/work/key/key/key.core/../key.ui/examples/standard_key/quantifiers/normalisation0.key 
250291     INFO  main            d.u.i.k.p.i.AbstractProblemLoader Loading environment from /home/runner/work/key/key/key.core/../key.ui/examples/standard_key/quantifiers/normalisation0.key 
250291     DEBUG main            d.u.i.k.p.i.AbstractProblemLoader Environment load took 180.8ns 
250292     INFO  main            d.u.i.k.p.i.AbstractProblemLoader Creating init config 
253047     DEBUG main            d.u.i.k.p.i.AbstractProblemLoader Init config took 2.75s 
253062     INFO  main            d.u.i.k.p.i.AbstractProblemLoader Replaying proof normalisation0.key 
253064     DEBUG main            d.u.i.k.p.i.IntermediateProofReplayer Proof replay took 6.3ns 
253166     INFO  main            d.u.i.k.p.r.p.TestFile    ... finished proof: closed. 
253580     INFO  main            d.u.i.k.p.i.AbstractProblemLoader Loading environment from /home/runner/work/key/key/key.core/../key.ui/examples/standard_key/quantifiers/normalisation0.key.proof 
253580     DEBUG main            d.u.i.k.p.i.AbstractProblemLoader Environment load took 100ns 
253582     INFO  main            d.u.i.k.p.i.AbstractProblemLoader Creating init config 
256304     DEBUG main            d.u.i.k.p.i.AbstractProblemLoader Init config took 2.72s 
256318     INFO  main            d.u.i.k.p.i.AbstractProblemLoader Replaying proof normalisation0.key.proof 
256323     DEBUG main            d.u.i.k.p.i.IntermediateProofReplayer Proof replay took 2.31ms 
256324     DEBUG main            d.u.i.k.p.r.p.TestFile    ... success: reloaded. 
256325     INFO  main            d.u.i.k.p.r.p.TestFile    Now processing file /home/runner/work/key/key/key.core/../key.ui/examples/standard_key/quantifiers/normalisation1.key 
256325     INFO  main            d.u.i.k.p.i.AbstractProblemLoader Loading environment from /home/runner/work/key/key/key.core/../key.ui/examples/standard_key/quantifiers/normalisation1.key 
256325     DEBUG main            d.u.i.k.p.i.AbstractProblemLoader Environment load took 140ns 
256326     INFO  main            d.u.i.k.p.i.AbstractProblemLoader Creating init config 
259058     DEBUG main            d.u.i.k.p.i.AbstractProblemLoader Init config took 2.73s 
259076     INFO  main            d.u.i.k.p.i.AbstractProblemLoader Replaying proof normalisation1.key 
259078     DEBUG main            d.u.i.k.p.i.IntermediateProofReplayer Proof replay took 7ns 
259184     INFO  main            d.u.i.k.p.r.p.TestFile    ... finished proof: closed. 
259603     INFO  main            d.u.i.k.p.i.AbstractProblemLoader Loading environment from /home/runner/work/key/key/key.core/../key.ui/examples/standard_key/quantifiers/normalisation1.key.proof 
259604     DEBUG main            d.u.i.k.p.i.AbstractProblemLoader Environment load took 85.4ns 
259605     INFO  main            d.u.i.k.p.i.AbstractProblemLoader Creating init config 
262426     DEBUG main            d.u.i.k.p.i.AbstractProblemLoader Init config took 2.82s 
262444     INFO  main            d.u.i.k.p.i.AbstractProblemLoader Replaying proof normalisation1.key.proof 
262451     DEBUG main            d.u.i.k.p.i.IntermediateProofReplayer Proof replay took 4.6ms 
262452     DEBUG main            d.u.i.k.p.r.p.TestFile    ... success: reloaded. 
262453     INFO  main            d.u.i.k.p.r.p.TestFile    Now processing file /home/runner/work/key/key/key.core/../key.ui/examples/standard_key/quantifiers/normalisation2.key 
262453     INFO  main            d.u.i.k.p.i.AbstractProblemLoader Loading environment from /home/runner/work/key/key/key.core/../key.ui/examples/standard_key/quantifiers/normalisation2.key 
262454     DEBUG main            d.u.i.k.p.i.AbstractProblemLoader Environment load took 95.1ns 
262455     INFO  main            d.u.i.k.p.i.AbstractProblemLoader Creating init config 
265178     DEBUG main            d.u.i.k.p.i.AbstractProblemLoader Init config took 2.72s 
265193     INFO  main            d.u.i.k.p.i.AbstractProblemLoader Replaying proof normalisation2.key 
265194     DEBUG main            d.u.i.k.p.i.IntermediateProofReplayer Proof replay took 26.3ns 
265296     INFO  main            d.u.i.k.p.r.p.TestFile    ... finished proof: closed. 
265715     INFO  main            d.u.i.k.p.i.AbstractProblemLoader Loading environment from /home/runner/work/key/key/key.core/../key.ui/examples/standard_key/quantifiers/normalisation2.key.proof 
265716     DEBUG main            d.u.i.k.p.i.AbstractProblemLoader Environment load took 184.3ns 
265717     INFO  main            d.u.i.k.p.i.AbstractProblemLoader Creating init config 
268293     DEBUG main            d.u.i.k.p.i.AbstractProblemLoader Init config took 2.58s 
268309     INFO  main            d.u.i.k.p.i.AbstractProblemLoader Replaying proof normalisation2.key.proof 
268313     DEBUG main            d.u.i.k.p.i.IntermediateProofReplayer Proof replay took 2.9ms 
268314     DEBUG main            d.u.i.k.p.r.p.TestFile    ... success: reloaded. 
268315     INFO  main            d.u.i.k.p.r.p.TestFile    Now processing file /home/runner/work/key/key/key.core/../key.ui/examples/standard_key/quantifiers/normalisation3.key 
268316     INFO  main            d.u.i.k.p.i.AbstractProblemLoader Loading environment from /home/runner/work/key/key/key.core/../key.ui/examples/standard_key/quantifiers/normalisation3.key 
268316     DEBUG main            d.u.i.k.p.i.AbstractProblemLoader Environment load took 249.8ns 
268317     INFO  main            d.u.i.k.p.i.AbstractProblemLoader Creating init config 
270996     DEBUG main            d.u.i.k.p.i.AbstractProblemLoader Init config took 2.68s 
271011     INFO  main            d.u.i.k.p.i.AbstractProblemLoader Replaying proof normalisation3.key 
271012     DEBUG main            d.u.i.k.p.i.IntermediateProofReplayer Proof replay took 24ns 
271116     INFO  main            d.u.i.k.p.r.p.TestFile    ... finished proof: closed. 
271528     INFO  main            d.u.i.k.p.i.AbstractProblemLoader Loading environment from /home/runner/work/key/key/key.core/../key.ui/examples/standard_key/quantifiers/normalisation3.key.proof 
271529     DEBUG main            d.u.i.k.p.i.AbstractProblemLoader Environment load took 117.2ns 
271530     INFO  main            d.u.i.k.p.i.AbstractProblemLoader Creating init config 
274110     DEBUG main            d.u.i.k.p.i.AbstractProblemLoader Init config took 2.58s 
274125     INFO  main            d.u.i.k.p.i.AbstractProblemLoader Replaying proof normalisation3.key.proof 
274130     DEBUG main            d.u.i.k.p.i.IntermediateProofReplayer Proof replay took 3.05ms 
274130     DEBUG main            d.u.i.k.p.r.p.TestFile    ... success: reloaded. 
274131     INFO  main            d.u.i.k.p.r.p.TestFile    Now processing file /home/runner/work/key/key/key.core/../key.ui/examples/standard_key/quantifiers/normalisation4.key 
274132     INFO  main            d.u.i.k.p.i.AbstractProblemLoader Loading environment from /home/runner/work/key/key/key.core/../key.ui/examples/standard_key/quantifiers/normalisation4.key 
274132     DEBUG main            d.u.i.k.p.i.AbstractProblemLoader Environment load took 97.9ns 
274134     INFO  main            d.u.i.k.p.i.AbstractProblemLoader Creating init config 
276820     DEBUG main            d.u.i.k.p.i.AbstractProblemLoader Init config took 2.69s 
276835     INFO  main            d.u.i.k.p.i.AbstractProblemLoader Replaying proof normalisation4.key 
276837     DEBUG main            d.u.i.k.p.i.IntermediateProofReplayer Proof replay took 7.5ns 
276939     INFO  main            d.u.i.k.p.r.p.TestFile    ... finished proof: closed. 
277363     INFO  main            d.u.i.k.p.i.AbstractProblemLoader Loading environment from /home/runner/work/key/key/key.core/../key.ui/examples/standard_key/quantifiers/normalisation4.key.proof 
277363     DEBUG main            d.u.i.k.p.i.AbstractProblemLoader Environment load took 109.7ns 
277365     INFO  main            d.u.i.k.p.i.AbstractProblemLoader Creating init config 
279978     DEBUG main            d.u.i.k.p.i.AbstractProblemLoader Init config took 2.61s 
279993     INFO  main            d.u.i.k.p.i.AbstractProblemLoader Replaying proof normalisation4.key.proof 
280001     DEBUG main            d.u.i.k.p.i.IntermediateProofReplayer Proof replay took 5.88ms 
280002     DEBUG main            d.u.i.k.p.r.p.TestFile    ... success: reloaded. 
280002     INFO  main            d.u.i.k.p.r.p.TestFile    Now processing file /home/runner/work/key/key/key.core/../key.ui/examples/standard_key/quantifiers/normalisation5.key 
280003     INFO  main            d.u.i.k.p.i.AbstractProblemLoader Loading environment from /home/runner/work/key/key/key.core/../key.ui/examples/standard_key/quantifiers/normalisation5.key 
280003     DEBUG main            d.u.i.k.p.i.AbstractProblemLoader Environment load took 103.3ns 
280004     INFO  main            d.u.i.k.p.i.AbstractProblemLoader Creating init config 
282612     DEBUG main            d.u.i.k.p.i.AbstractProblemLoader Init config took 2.61s 
282626     INFO  main            d.u.i.k.p.i.AbstractProblemLoader Replaying proof normalisation5.key 
282627     DEBUG main            d.u.i.k.p.i.IntermediateProofReplayer Proof replay took 7.2ns 
282730     INFO  main            d.u.i.k.p.r.p.TestFile    ... finished proof: closed. 
283146     INFO  main            d.u.i.k.p.i.AbstractProblemLoader Loading environment from /home/runner/work/key/key/key.core/../key.ui/examples/standard_key/quantifiers/normalisation5.key.proof 
283146     DEBUG main            d.u.i.k.p.i.AbstractProblemLoader Environment load took 112.1ns 
283147     INFO  main            d.u.i.k.p.i.AbstractProblemLoader Creating init config 
285742     DEBUG main            d.u.i.k.p.i.AbstractProblemLoader Init config took 2.6s 
285757     INFO  main            d.u.i.k.p.i.AbstractProblemLoader Replaying proof normalisation5.key.proof 
285763     DEBUG main            d.u.i.k.p.i.IntermediateProofReplayer Proof replay took 4.53ms 
285764     DEBUG main            d.u.i.k.p.r.p.TestFile    ... success: reloaded. 
285764     INFO  main            d.u.i.k.p.r.p.TestFile    Now processing file /home/runner/work/key/key/key.core/../key.ui/examples/standard_key/quantifiers/normalisation6.key 
285765     INFO  main            d.u.i.k.p.i.AbstractProblemLoader Loading environment from /home/runner/work/key/key/key.core/../key.ui/examples/standard_key/quantifiers/normalisation6.key 
285768     DEBUG main            d.u.i.k.p.i.AbstractProblemLoader Environment load took 2.99ms 
285771     INFO  main            d.u.i.k.p.i.AbstractProblemLoader Creating init config 
288435     DEBUG main            d.u.i.k.p.i.AbstractProblemLoader Init config took 2.66s 
288450     INFO  main            d.u.i.k.p.i.AbstractProblemLoader Replaying proof normalisation6.key 
288454     DEBUG main            d.u.i.k.p.i.IntermediateProofReplayer Proof replay took 6.5ns 
288558     INFO  main            d.u.i.k.p.r.p.TestFile    ... finished proof: closed. 
289003     INFO  main            d.u.i.k.p.i.AbstractProblemLoader Loading environment from /home/runner/work/key/key/key.core/../key.ui/examples/standard_key/quantifiers/normalisation6.key.proof 
289003     DEBUG main            d.u.i.k.p.i.AbstractProblemLoader Environment load took 95.8ns 
289004     INFO  main            d.u.i.k.p.i.AbstractProblemLoader Creating init config 
291587     DEBUG main            d.u.i.k.p.i.AbstractProblemLoader Init config took 2.58s 
291602     INFO  main            d.u.i.k.p.i.AbstractProblemLoader Replaying proof normalisation6.key.proof 
291606     DEBUG main            d.u.i.k.p.i.IntermediateProofReplayer Proof replay took 2.86ms 
291607     DEBUG main            d.u.i.k.p.r.p.TestFile    ... success: reloaded. 
291608     INFO  main            d.u.i.k.p.r.p.TestFile    Now processing file /home/runner/work/key/key/key.core/../key.ui/examples/standard_key/quantifiers/normalisation7.key 
291608     INFO  main            d.u.i.k.p.i.AbstractProblemLoader Loading environment from /home/runner/work/key/key/key.core/../key.ui/examples/standard_key/quantifiers/normalisation7.key 
291608     DEBUG main            d.u.i.k.p.i.AbstractProblemLoader Environment load took 103.1ns 
291610     INFO  main            d.u.i.k.p.i.AbstractProblemLoader Creating init config 
294292     DEBUG main            d.u.i.k.p.i.AbstractProblemLoader Init config took 2.68s 
294307     INFO  main            d.u.i.k.p.i.AbstractProblemLoader Replaying proof normalisation7.key 
294309     DEBUG main            d.u.i.k.p.i.IntermediateProofReplayer Proof replay took 6.2ns 
294411     INFO  main            d.u.i.k.p.r.p.TestFile    ... finished proof: closed. 
294885     INFO  main            d.u.i.k.p.i.AbstractProblemLoader Loading environment from /home/runner/work/key/key/key.core/../key.ui/examples/standard_key/quantifiers/normalisation7.key.proof 
294886     DEBUG main            d.u.i.k.p.i.AbstractProblemLoader Environment load took 113ns 
294887     INFO  main            d.u.i.k.p.i.AbstractProblemLoader Creating init config 
297493     DEBUG main            d.u.i.k.p.i.AbstractProblemLoader Init config took 2.61s 
297511     INFO  main            d.u.i.k.p.i.AbstractProblemLoader Replaying proof normalisation7.key.proof 
297516     DEBUG main            d.u.i.k.p.i.IntermediateProofReplayer Proof replay took 2.52ms 
297516     DEBUG main            d.u.i.k.p.r.p.TestFile    ... success: reloaded. 
297517     INFO  main            d.u.i.k.p.r.p.TestFile    Now processing file /home/runner/work/key/key/key.core/../key.ui/examples/standard_key/quantifiers/normalisation8.key 
297517     INFO  main            d.u.i.k.p.i.AbstractProblemLoader Loading environment from /home/runner/work/key/key/key.core/../key.ui/examples/standard_key/quantifiers/normalisation8.key 
297518     DEBUG main            d.u.i.k.p.i.AbstractProblemLoader Environment load took 90.3ns 
297519     INFO  main            d.u.i.k.p.i.AbstractProblemLoader Creating init config 
300190     DEBUG main            d.u.i.k.p.i.AbstractProblemLoader Init config took 2.67s 
300206     INFO  main            d.u.i.k.p.i.AbstractProblemLoader Replaying proof normalisation8.key 
300208     DEBUG main            d.u.i.k.p.i.IntermediateProofReplayer Proof replay took 6.2ns 
300310     INFO  main            d.u.i.k.p.r.p.TestFile    ... finished proof: closed. 
300796     INFO  main            d.u.i.k.p.i.AbstractProblemLoader Loading environment from /home/runner/work/key/key/key.core/../key.ui/examples/standard_key/quantifiers/normalisation8.key.proof 
300796     DEBUG main            d.u.i.k.p.i.AbstractProblemLoader Environment load took 84.5ns 
300797     INFO  main            d.u.i.k.p.i.AbstractProblemLoader Creating init config 
303431     DEBUG main            d.u.i.k.p.i.AbstractProblemLoader Init config took 2.63s 
303446     INFO  main            d.u.i.k.p.i.AbstractProblemLoader Replaying proof normalisation8.key.proof 
303453     DEBUG main            d.u.i.k.p.i.IntermediateProofReplayer Proof replay took 5.93ms 
303454     DEBUG main            d.u.i.k.p.r.p.TestFile    ... success: reloaded. 
303455     INFO  main            d.u.i.k.p.r.p.TestFile    Now processing file /home/runner/work/key/key/key.core/../key.ui/examples/standard_key/quantifiers/normalisation9.key 
303455     INFO  main            d.u.i.k.p.i.AbstractProblemLoader Loading environment from /home/runner/work/key/key/key.core/../key.ui/examples/standard_key/quantifiers/normalisation9.key 
303455     DEBUG main            d.u.i.k.p.i.AbstractProblemLoader Environment load took 105.3ns 
303456     INFO  main            d.u.i.k.p.i.AbstractProblemLoader Creating init config 
306051     DEBUG main            d.u.i.k.p.i.AbstractProblemLoader Init config took 2.59s 
306065     INFO  main            d.u.i.k.p.i.AbstractProblemLoader Replaying proof normalisation9.key 
306067     DEBUG main            d.u.i.k.p.i.IntermediateProofReplayer Proof replay took 22.7ns 
306169     INFO  main            d.u.i.k.p.r.p.TestFile    ... finished proof: closed. 
306640     INFO  main            d.u.i.k.p.i.AbstractProblemLoader Loading environment from /home/runner/work/key/key/key.core/../key.ui/examples/standard_key/quantifiers/normalisation9.key.proof 
306640     DEBUG main            d.u.i.k.p.i.AbstractProblemLoader Environment load took 88.6ns 
306642     INFO  main            d.u.i.k.p.i.AbstractProblemLoader Creating init config 
309255     DEBUG main            d.u.i.k.p.i.AbstractProblemLoader Init config took 2.61s 
309269     INFO  main            d.u.i.k.p.i.AbstractProblemLoader Replaying proof normalisation9.key.proof 
309278     DEBUG main            d.u.i.k.p.i.IntermediateProofReplayer Proof replay took 7.65ms 
309279     DEBUG main            d.u.i.k.p.r.p.TestFile    ... success: reloaded. 
309280     INFO  main            d.u.i.k.p.r.p.TestFile    Now processing file /home/runner/work/key/key/key.core/../key.ui/examples/standard_key/quantifiers/normalisation10.key 
309280     INFO  main            d.u.i.k.p.i.AbstractProblemLoader Loading environment from /home/runner/work/key/key/key.core/../key.ui/examples/standard_key/quantifiers/normalisation10.key 
309280     DEBUG main            d.u.i.k.p.i.AbstractProblemLoader Environment load took 72.1ns 
309282     INFO  main            d.u.i.k.p.i.AbstractProblemLoader Creating init config 
311938     DEBUG main            d.u.i.k.p.i.AbstractProblemLoader Init config took 2.66s 
311953     INFO  main            d.u.i.k.p.i.AbstractProblemLoader Replaying proof normalisation10.key 
311955     DEBUG main            d.u.i.k.p.i.IntermediateProofReplayer Proof replay took 6.5ns 
312057     INFO  main            d.u.i.k.p.r.p.TestFile    ... finished proof: closed. 
312524     INFO  main            d.u.i.k.p.i.AbstractProblemLoader Loading environment from /home/runner/work/key/key/key.core/../key.ui/examples/standard_key/quantifiers/normalisation10.key.proof 
312524     DEBUG main            d.u.i.k.p.i.AbstractProblemLoader Environment load took 78.6ns 
312527     INFO  main            d.u.i.k.p.i.AbstractProblemLoader Creating init config 
315155     DEBUG main            d.u.i.k.p.i.AbstractProblemLoader Init config took 2.63s 
315170     INFO  main            d.u.i.k.p.i.AbstractProblemLoader Replaying proof normalisation10.key.proof 
315178     DEBUG main            d.u.i.k.p.i.IntermediateProofReplayer Proof replay took 6.52ms 
315180     DEBUG main            d.u.i.k.p.r.p.TestFile    ... success: reloaded. 
315181     INFO  main            d.u.i.k.p.r.p.TestFile    Now processing file /home/runner/work/key/key/key.core/../key.ui/examples/standard_key/quantifiers/normalisation12.key 
315181     INFO  main            d.u.i.k.p.i.AbstractProblemLoader Loading environment from /home/runner/work/key/key/key.core/../key.ui/examples/standard_key/quantifiers/normalisation12.key 
315181     DEBUG main            d.u.i.k.p.i.AbstractProblemLoader Environment load took 76.9ns 
315182     INFO  main            d.u.i.k.p.i.AbstractProblemLoader Creating init config 
317887     DEBUG main            d.u.i.k.p.i.AbstractProblemLoader Init config took 2.71s 
317904     INFO  main            d.u.i.k.p.i.AbstractProblemLoader Replaying proof normalisation12.key 
317906     DEBUG main            d.u.i.k.p.i.IntermediateProofReplayer Proof replay took 7.5ns 
318007     INFO  main            d.u.i.k.p.r.p.TestFile    ... finished proof: closed. 
318478     INFO  main            d.u.i.k.p.i.AbstractProblemLoader Loading environment from /home/runner/work/key/key/key.core/../key.ui/examples/standard_key/quantifiers/normalisation12.key.proof 
318478     DEBUG main            d.u.i.k.p.i.AbstractProblemLoader Environment load took 106.9ns 
318479     INFO  main            d.u.i.k.p.i.AbstractProblemLoader Creating init config 
321148     DEBUG main            d.u.i.k.p.i.AbstractProblemLoader Init config took 2.67s 
321163     INFO  main            d.u.i.k.p.i.AbstractProblemLoader Replaying proof normalisation12.key.proof 
321166     DEBUG main            d.u.i.k.p.i.IntermediateProofReplayer Proof replay took 1.48ms 
321167     DEBUG main            d.u.i.k.p.r.p.TestFile    ... success: reloaded. 
321168     INFO  main            d.u.i.k.p.r.p.TestFile    Now processing file /home/runner/work/key/key/key.core/../key.ui/examples/standard_key/quantifiers/normalisation13.key 
321168     INFO  main            d.u.i.k.p.i.AbstractProblemLoader Loading environment from /home/runner/work/key/key/key.core/../key.ui/examples/standard_key/quantifiers/normalisation13.key 
321168     DEBUG main            d.u.i.k.p.i.AbstractProblemLoader Environment load took 74.2ns 
321169     INFO  main            d.u.i.k.p.i.AbstractProblemLoader Creating init config 
323937     DEBUG main            d.u.i.k.p.i.AbstractProblemLoader Init config took 2.77s 
323952     INFO  main            d.u.i.k.p.i.AbstractProblemLoader Replaying proof normalisation13.key 
323953     DEBUG main            d.u.i.k.p.i.IntermediateProofReplayer Proof replay took 23.4ns 
324056     INFO  main            d.u.i.k.p.r.p.TestFile    ... finished proof: closed. 
324556     INFO  main            d.u.i.k.p.i.AbstractProblemLoader Loading environment from /home/runner/work/key/key/key.core/../key.ui/examples/standard_key/quantifiers/normalisation13.key.proof 
324556     DEBUG main            d.u.i.k.p.i.AbstractProblemLoader Environment load took 93.6ns 
324557     INFO  main            d.u.i.k.p.i.AbstractProblemLoader Creating init config 
327281     DEBUG main            d.u.i.k.p.i.AbstractProblemLoader Init config took 2.72s 
327301     INFO  main            d.u.i.k.p.i.AbstractProblemLoader Replaying proof normalisation13.key.proof 
327303     DEBUG main            d.u.i.k.p.i.IntermediateProofReplayer Proof replay took 823ns 
327304     DEBUG main            d.u.i.k.p.r.p.TestFile    ... success: reloaded. 
327306     INFO  main            d.u.i.k.p.r.p.TestFile    Now processing file /home/runner/work/key/key/key.core/../key.ui/examples/standard_key/quantifiers/triggers0.key 
327307     INFO  main            d.u.i.k.p.i.AbstractProblemLoader Loading environment from /home/runner/work/key/key/key.core/../key.ui/examples/standard_key/quantifiers/triggers0.key 
327307     DEBUG main            d.u.i.k.p.i.AbstractProblemLoader Environment load took 323.9ns 
327309     INFO  main            d.u.i.k.p.i.AbstractProblemLoader Creating init config 
330104     DEBUG main            d.u.i.k.p.i.AbstractProblemLoader Init config took 2.8s 
330120     INFO  main            d.u.i.k.p.i.AbstractProblemLoader Replaying proof triggers0.key 
330121     DEBUG main            d.u.i.k.p.i.IntermediateProofReplayer Proof replay took 6.9ns 
330223     INFO  main            d.u.i.k.p.r.p.TestFile    ... finished proof: closed. 
330758     INFO  main            d.u.i.k.p.i.AbstractProblemLoader Loading environment from /home/runner/work/key/key/key.core/../key.ui/examples/standard_key/quantifiers/triggers0.key.proof 
330758     DEBUG main            d.u.i.k.p.i.AbstractProblemLoader Environment load took 116.5ns 
330759     INFO  main            d.u.i.k.p.i.AbstractProblemLoader Creating init config 
333509     DEBUG main            d.u.i.k.p.i.AbstractProblemLoader Init config took 2.75s 
333523     INFO  main            d.u.i.k.p.i.AbstractProblemLoader Replaying proof triggers0.key.proof 
333526     DEBUG main            d.u.i.k.p.i.IntermediateProofReplayer Proof replay took 1.87ms 
333527     DEBUG main            d.u.i.k.p.r.p.TestFile    ... success: reloaded. 
4838711    INFO  Test worker     d.u.i.k.p.r.RunAllProofsTestUnit Returning from test FOL 
4838713    INFO  Test worker     d.u.i.k.p.r.RunAllProofsTestUnit Running test strings 
411        INFO  Timeout watchdog d.u.i.k.p.r.p.ForkedTestFileRunner Timeout watcher launched (2000 secs.) 
432        WARN  main            d.u.i.k.s.ProofSettings   The settings in /home/runner/.key/proof-settings.props are *not* read. 
491        INFO  main            d.u.i.k.p.r.p.TestFile    Now processing file /home/runner/work/key/key/key.core/../key.ui/examples/standard_key/strings/charAt0.key 
668        INFO  main            d.u.i.k.p.i.AbstractProblemLoader Loading environment from /home/runner/work/key/key/key.core/../key.ui/examples/standard_key/strings/charAt0.key 
692        DEBUG main            d.u.i.k.p.i.AbstractProblemLoader Environment load took 2.85ms 
1047       INFO  main            d.u.i.k.p.i.AbstractProblemLoader Creating init config 
2112       DEBUG main            d.u.i.k.j.TypeConverter   No LDT found for Meta 
2112       DEBUG main            d.u.i.k.j.TypeConverter   No LDT found for Meta 
2115       DEBUG main            d.u.i.k.j.TypeConverter   No LDT found for Meta 
2115       DEBUG main            d.u.i.k.j.TypeConverter   No LDT found for Meta 
4135       DEBUG main            d.u.i.k.j.TypeConverter   No LDT found for JavaBigintExpression 
10769      DEBUG main            d.u.i.k.p.i.AbstractProblemLoader Init config took 9.72s 
10844      INFO  main            d.u.i.k.p.i.AbstractProblemLoader Replaying proof charAt0.key 
10887      DEBUG main            d.u.i.k.p.i.IntermediateProofReplayer Proof replay took 30.6ns 
11363      INFO  main            d.u.i.k.p.r.p.TestFile    ... finished proof: closed. 
11492      INFO  main            d.u.i.k.p.i.AbstractProblemLoader Loading environment from /home/runner/work/key/key/key.core/../key.ui/examples/standard_key/strings/charAt0.key.proof 
11495      DEBUG main            d.u.i.k.p.i.AbstractProblemLoader Environment load took 2.7ms 
11502      INFO  main            d.u.i.k.p.i.AbstractProblemLoader Creating init config 
15170      DEBUG main            d.u.i.k.p.i.AbstractProblemLoader Init config took 3.67s 
15205      INFO  main            d.u.i.k.p.i.AbstractProblemLoader Replaying proof charAt0.key.proof 
15233      DEBUG main            d.u.i.k.p.i.IntermediateProofReplayer Proof replay took 22.58ms 
15249      DEBUG main            d.u.i.k.p.r.p.TestFile    ... success: reloaded. 
15250      INFO  main            d.u.i.k.p.r.p.TestFile    Now processing file /home/runner/work/key/key/key.core/../key.ui/examples/standard_key/strings/charAt1.key 
15251      INFO  main            d.u.i.k.p.i.AbstractProblemLoader Loading environment from /home/runner/work/key/key/key.core/../key.ui/examples/standard_key/strings/charAt1.key 
15251      DEBUG main            d.u.i.k.p.i.AbstractProblemLoader Environment load took 213.2ns 
15256      INFO  main            d.u.i.k.p.i.AbstractProblemLoader Creating init config 
18588      DEBUG main            d.u.i.k.p.i.AbstractProblemLoader Init config took 3.33s 
18624      INFO  main            d.u.i.k.p.i.AbstractProblemLoader Replaying proof charAt1.key 
18627      DEBUG main            d.u.i.k.p.i.IntermediateProofReplayer Proof replay took 8ns 
18831      INFO  main            d.u.i.k.p.r.p.TestFile    ... finished proof: closed. 
18996      INFO  main            d.u.i.k.p.i.AbstractProblemLoader Loading environment from /home/runner/work/key/key/key.core/../key.ui/examples/standard_key/strings/charAt1.key.proof 
18998      DEBUG main            d.u.i.k.p.i.AbstractProblemLoader Environment load took 1.96ms 
19002      INFO  main            d.u.i.k.p.i.AbstractProblemLoader Creating init config 
22305      DEBUG main            d.u.i.k.p.i.AbstractProblemLoader Init config took 3.3s 
22348      INFO  main            d.u.i.k.p.i.AbstractProblemLoader Replaying proof charAt1.key.proof 
22393      DEBUG main            d.u.i.k.p.i.IntermediateProofReplayer Proof replay took 41.79ms 
22395      DEBUG main            d.u.i.k.p.r.p.TestFile    ... success: reloaded. 
22397      INFO  main            d.u.i.k.p.r.p.TestFile    Now processing file /home/runner/work/key/key/key.core/../key.ui/examples/standard_key/strings/concat1.key 
22397      INFO  main            d.u.i.k.p.i.AbstractProblemLoader Loading environment from /home/runner/work/key/key/key.core/../key.ui/examples/standard_key/strings/concat1.key 
22397      DEBUG main            d.u.i.k.p.i.AbstractProblemLoader Environment load took 216.8ns 
22399      INFO  main            d.u.i.k.p.i.AbstractProblemLoader Creating init config 
25765      DEBUG main            d.u.i.k.p.i.AbstractProblemLoader Init config took 3.37s 
25791      INFO  main            d.u.i.k.p.i.AbstractProblemLoader Replaying proof concat1.key 
25793      DEBUG main            d.u.i.k.p.i.IntermediateProofReplayer Proof replay took 6.4ns 
25899      INFO  main            d.u.i.k.p.r.p.TestFile    ... finished proof: closed. 
26071      INFO  main            d.u.i.k.p.i.AbstractProblemLoader Loading environment from /home/runner/work/key/key/key.core/../key.ui/examples/standard_key/strings/concat1.key.proof 
26072      DEBUG main            d.u.i.k.p.i.AbstractProblemLoader Environment load took 139.4ns 
26073      INFO  main            d.u.i.k.p.i.AbstractProblemLoader Creating init config 
29249      DEBUG main            d.u.i.k.p.i.AbstractProblemLoader Init config took 3.18s 
29280      INFO  main            d.u.i.k.p.i.AbstractProblemLoader Replaying proof concat1.key.proof 
29285      DEBUG main            d.u.i.k.p.i.IntermediateProofReplayer Proof replay took 1.68ms 
29286      DEBUG main            d.u.i.k.p.r.p.TestFile    ... success: reloaded. 
29287      INFO  main            d.u.i.k.p.r.p.TestFile    Now processing file /home/runner/work/key/key/key.core/../key.ui/examples/standard_key/strings/concat2.key 
29287      INFO  main            d.u.i.k.p.i.AbstractProblemLoader Loading environment from /home/runner/work/key/key/key.core/../key.ui/examples/standard_key/strings/concat2.key 
29287      DEBUG main            d.u.i.k.p.i.AbstractProblemLoader Environment load took 180.7ns 
29289      INFO  main            d.u.i.k.p.i.AbstractProblemLoader Creating init config 
32509      DEBUG main            d.u.i.k.p.i.AbstractProblemLoader Init config took 3.22s 
32534      INFO  main            d.u.i.k.p.i.AbstractProblemLoader Replaying proof concat2.key 
32536      DEBUG main            d.u.i.k.p.i.IntermediateProofReplayer Proof replay took 6.5ns 
32639      INFO  main            d.u.i.k.p.r.p.TestFile    ... finished proof: closed. 
32844      INFO  main            d.u.i.k.p.i.AbstractProblemLoader Loading environment from /home/runner/work/key/key/key.core/../key.ui/examples/standard_key/strings/concat2.key.proof 
32844      DEBUG main            d.u.i.k.p.i.AbstractProblemLoader Environment load took 462.1ns 
32846      INFO  main            d.u.i.k.p.i.AbstractProblemLoader Creating init config 
35924      DEBUG main            d.u.i.k.p.i.AbstractProblemLoader Init config took 3.08s 
35949      INFO  main            d.u.i.k.p.i.AbstractProblemLoader Replaying proof concat2.key.proof 
35964      DEBUG main            d.u.i.k.p.i.IntermediateProofReplayer Proof replay took 12.16ms 
35965      DEBUG main            d.u.i.k.p.r.p.TestFile    ... success: reloaded. 
35966      INFO  main            d.u.i.k.p.r.p.TestFile    Now processing file /home/runner/work/key/key/key.core/../key.ui/examples/standard_key/strings/deriveLength1.key 
35966      INFO  main            d.u.i.k.p.i.AbstractProblemLoader Loading environment from /home/runner/work/key/key/key.core/../key.ui/examples/standard_key/strings/deriveLength1.key 
35966      DEBUG main            d.u.i.k.p.i.AbstractProblemLoader Environment load took 268ns 
35968      INFO  main            d.u.i.k.p.i.AbstractProblemLoader Creating init config 
39187      DEBUG main            d.u.i.k.p.i.AbstractProblemLoader Init config took 3.22s 
39213      INFO  main            d.u.i.k.p.i.AbstractProblemLoader Replaying proof deriveLength1.key 
39215      DEBUG main            d.u.i.k.p.i.IntermediateProofReplayer Proof replay took 7.4ns 
39320      INFO  main            d.u.i.k.p.r.p.TestFile    ... finished proof: closed. 
39535      INFO  main            d.u.i.k.p.i.AbstractProblemLoader Loading environment from /home/runner/work/key/key/key.core/../key.ui/examples/standard_key/strings/deriveLength1.key.proof 
39536      DEBUG main            d.u.i.k.p.i.AbstractProblemLoader Environment load took 837.3ns 
39538      INFO  main            d.u.i.k.p.i.AbstractProblemLoader Creating init config 
42538      DEBUG main            d.u.i.k.p.i.AbstractProblemLoader Init config took 3s 
42560      INFO  main            d.u.i.k.p.i.AbstractProblemLoader Replaying proof deriveLength1.key.proof 
42574      DEBUG main            d.u.i.k.p.i.IntermediateProofReplayer Proof replay took 11.65ms 
42575      DEBUG main            d.u.i.k.p.r.p.TestFile    ... success: reloaded. 
42576      INFO  main            d.u.i.k.p.r.p.TestFile    Now processing file /home/runner/work/key/key/key.core/../key.ui/examples/standard_key/strings/emptyStringLengthZero.key 
42576      INFO  main            d.u.i.k.p.i.AbstractProblemLoader Loading environment from /home/runner/work/key/key/key.core/../key.ui/examples/standard_key/strings/emptyStringLengthZero.key 
42577      DEBUG main            d.u.i.k.p.i.AbstractProblemLoader Environment load took 211.1ns 
42578      INFO  main            d.u.i.k.p.i.AbstractProblemLoader Creating init config 
45744      DEBUG main            d.u.i.k.p.i.AbstractProblemLoader Init config took 3.17s 
45768      INFO  main            d.u.i.k.p.i.AbstractProblemLoader Replaying proof emptyStringLengthZero.key 
45770      DEBUG main            d.u.i.k.p.i.IntermediateProofReplayer Proof replay took 8ns 
45874      INFO  main            d.u.i.k.p.r.p.TestFile    ... finished proof: closed. 
46092      INFO  main            d.u.i.k.p.i.AbstractProblemLoader Loading environment from /home/runner/work/key/key/key.core/../key.ui/examples/standard_key/strings/emptyStringLengthZero.key.proof 
46092      DEBUG main            d.u.i.k.p.i.AbstractProblemLoader Environment load took 631.89ns 
46095      INFO  main            d.u.i.k.p.i.AbstractProblemLoader Creating init config 
49285      DEBUG main            d.u.i.k.p.i.AbstractProblemLoader Init config took 3.19s 
49306      INFO  main            d.u.i.k.p.i.AbstractProblemLoader Replaying proof emptyStringLengthZero.key.proof 
49314      DEBUG main            d.u.i.k.p.i.IntermediateProofReplayer Proof replay took 5.04ms 
49315      DEBUG main            d.u.i.k.p.r.p.TestFile    ... success: reloaded. 
49316      INFO  main            d.u.i.k.p.r.p.TestFile    Now processing file /home/runner/work/key/key/key.core/../key.ui/examples/standard_key/strings/implicitBooleanStringConversion.key 
49316      INFO  main            d.u.i.k.p.i.AbstractProblemLoader Loading environment from /home/runner/work/key/key/key.core/../key.ui/examples/standard_key/strings/implicitBooleanStringConversion.key 
49317      DEBUG main            d.u.i.k.p.i.AbstractProblemLoader Environment load took 306.8ns 
49319      INFO  main            d.u.i.k.p.i.AbstractProblemLoader Creating init config 
52491      DEBUG main            d.u.i.k.p.i.AbstractProblemLoader Init config took 3.17s 
52516      INFO  main            d.u.i.k.p.i.AbstractProblemLoader Replaying proof implicitBooleanStringConversion.key 
52518      DEBUG main            d.u.i.k.p.i.IntermediateProofReplayer Proof replay took 7.4ns 
53732      INFO  main            d.u.i.k.p.r.p.TestFile    ... finished proof: closed. 
53979      INFO  main            d.u.i.k.p.i.AbstractProblemLoader Loading environment from /home/runner/work/key/key/key.core/../key.ui/examples/standard_key/strings/implicitBooleanStringConversion.key.proof 
53982      DEBUG main            d.u.i.k.p.i.AbstractProblemLoader Environment load took 2.71ms 
53983      INFO  main            d.u.i.k.p.i.AbstractProblemLoader Creating init config 
57131      DEBUG main            d.u.i.k.p.i.AbstractProblemLoader Init config took 3.15s 
57156      INFO  main            d.u.i.k.p.i.AbstractProblemLoader Replaying proof implicitBooleanStringConversion.key.proof 
57293      DEBUG main            d.u.i.k.p.i.IntermediateProofReplayer Proof replay took 129.52ms 
57295      DEBUG main            d.u.i.k.p.r.p.TestFile    ... success: reloaded. 
57296      INFO  main            d.u.i.k.p.r.p.TestFile    Now processing file /home/runner/work/key/key/key.core/../key.ui/examples/standard_key/strings/implicitBooleanStringConversion2.key 
57296      INFO  main            d.u.i.k.p.i.AbstractProblemLoader Loading environment from /home/runner/work/key/key/key.core/../key.ui/examples/standard_key/strings/implicitBooleanStringConversion2.key 
57297      DEBUG main            d.u.i.k.p.i.AbstractProblemLoader Environment load took 226.9ns 
57298      INFO  main            d.u.i.k.p.i.AbstractProblemLoader Creating init config 
60457      DEBUG main            d.u.i.k.p.i.AbstractProblemLoader Init config took 3.16s 
60490      INFO  main            d.u.i.k.p.i.AbstractProblemLoader Replaying proof implicitBooleanStringConversion2.key 
60492      DEBUG main            d.u.i.k.p.i.IntermediateProofReplayer Proof replay took 8.3ns 
60895      INFO  main            d.u.i.k.p.r.p.TestFile    ... finished proof: closed. 
61132      INFO  main            d.u.i.k.p.i.AbstractProblemLoader Loading environment from /home/runner/work/key/key/key.core/../key.ui/examples/standard_key/strings/implicitBooleanStringConversion2.key.proof 
61135      DEBUG main            d.u.i.k.p.i.AbstractProblemLoader Environment load took 2.46ms 
61137      INFO  main            d.u.i.k.p.i.AbstractProblemLoader Creating init config 
64114      DEBUG main            d.u.i.k.p.i.AbstractProblemLoader Init config took 2.98s 
64136      INFO  main            d.u.i.k.p.i.AbstractProblemLoader Replaying proof implicitBooleanStringConversion2.key.proof 
64192      DEBUG main            d.u.i.k.p.i.IntermediateProofReplayer Proof replay took 52.93ms 
64194      DEBUG main            d.u.i.k.p.r.p.TestFile    ... success: reloaded. 
64196      INFO  main            d.u.i.k.p.r.p.TestFile    Now processing file /home/runner/work/key/key/key.core/../key.ui/examples/standard_key/strings/implicitIntStringConversion.key 
64198      INFO  main            d.u.i.k.p.i.AbstractProblemLoader Loading environment from /home/runner/work/key/key/key.core/../key.ui/examples/standard_key/strings/implicitIntStringConversion.key 
64199      DEBUG main            d.u.i.k.p.i.AbstractProblemLoader Environment load took 222.3ns 
64200      INFO  main            d.u.i.k.p.i.AbstractProblemLoader Creating init config 
67154      DEBUG main            d.u.i.k.p.i.AbstractProblemLoader Init config took 2.95s 
67175      INFO  main            d.u.i.k.p.i.AbstractProblemLoader Replaying proof implicitIntStringConversion.key 
67177      DEBUG main            d.u.i.k.p.i.IntermediateProofReplayer Proof replay took 7ns 
68081      INFO  main            d.u.i.k.p.r.p.TestFile    ... finished proof: closed. 
68337      INFO  main            d.u.i.k.p.i.AbstractProblemLoader Loading environment from /home/runner/work/key/key/key.core/../key.ui/examples/standard_key/strings/implicitIntStringConversion.key.proof 
68341      DEBUG main            d.u.i.k.p.i.AbstractProblemLoader Environment load took 3.88ms 
68343      INFO  main            d.u.i.k.p.i.AbstractProblemLoader Creating init config 
71309      DEBUG main            d.u.i.k.p.i.AbstractProblemLoader Init config took 2.97s 
71329      INFO  main            d.u.i.k.p.i.AbstractProblemLoader Replaying proof implicitIntStringConversion.key.proof 
71448      DEBUG main            d.u.i.k.p.i.IntermediateProofReplayer Proof replay took 113.48ms 
71450      DEBUG main            d.u.i.k.p.r.p.TestFile    ... success: reloaded. 
71451      INFO  main            d.u.i.k.p.r.p.TestFile    Now processing file /home/runner/work/key/key/key.core/../key.ui/examples/standard_key/strings/implicitNullStringConversion.key 
71451      INFO  main            d.u.i.k.p.i.AbstractProblemLoader Loading environment from /home/runner/work/key/key/key.core/../key.ui/examples/standard_key/strings/implicitNullStringConversion.key 
71451      DEBUG main            d.u.i.k.p.i.AbstractProblemLoader Environment load took 217.8ns 
71452      INFO  main            d.u.i.k.p.i.AbstractProblemLoader Creating init config 
74573      DEBUG main            d.u.i.k.p.i.AbstractProblemLoader Init config took 3.12s 
74593      INFO  main            d.u.i.k.p.i.AbstractProblemLoader Replaying proof implicitNullStringConversion.key 
74594      DEBUG main            d.u.i.k.p.i.IntermediateProofReplayer Proof replay took 7.1ns 
74998      INFO  main            d.u.i.k.p.r.p.TestFile    ... finished proof: closed. 
75259      INFO  main            d.u.i.k.p.i.AbstractProblemLoader Loading environment from /home/runner/work/key/key/key.core/../key.ui/examples/standard_key/strings/implicitNullStringConversion.key.proof 
75259      DEBUG main            d.u.i.k.p.i.AbstractProblemLoader Environment load took 404.6ns 
75261      INFO  main            d.u.i.k.p.i.AbstractProblemLoader Creating init config 
78352      DEBUG main            d.u.i.k.p.i.AbstractProblemLoader Init config took 3.09s 
78377      INFO  main            d.u.i.k.p.i.AbstractProblemLoader Replaying proof implicitNullStringConversion.key.proof 
78432      DEBUG main            d.u.i.k.p.i.IntermediateProofReplayer Proof replay took 50.29ms 
78433      DEBUG main            d.u.i.k.p.r.p.TestFile    ... success: reloaded. 
78434      INFO  main            d.u.i.k.p.r.p.TestFile    Now processing file /home/runner/work/key/key/key.core/../key.ui/examples/standard_key/strings/implicitNullStringConversion2.key 
78434      INFO  main            d.u.i.k.p.i.AbstractProblemLoader Loading environment from /home/runner/work/key/key/key.core/../key.ui/examples/standard_key/strings/implicitNullStringConversion2.key 
78434      DEBUG main            d.u.i.k.p.i.AbstractProblemLoader Environment load took 161.8ns 
78435      INFO  main            d.u.i.k.p.i.AbstractProblemLoader Creating init config 
81384      DEBUG main            d.u.i.k.p.i.AbstractProblemLoader Init config took 2.95s 
81404      INFO  main            d.u.i.k.p.i.AbstractProblemLoader Replaying proof implicitNullStringConversion2.key 
81406      DEBUG main            d.u.i.k.p.i.IntermediateProofReplayer Proof replay took 8.2ns 
81727      INFO  main            d.u.i.k.p.r.p.TestFile    ... finished proof: closed. 
81965      INFO  main            d.u.i.k.p.i.AbstractProblemLoader Loading environment from /home/runner/work/key/key/key.core/../key.ui/examples/standard_key/strings/implicitNullStringConversion2.key.proof 
81970      DEBUG main            d.u.i.k.p.i.AbstractProblemLoader Environment load took 4.72ms 
81971      INFO  main            d.u.i.k.p.i.AbstractProblemLoader Creating init config 
85008      DEBUG main            d.u.i.k.p.i.AbstractProblemLoader Init config took 3.04s 
85028      INFO  main            d.u.i.k.p.i.AbstractProblemLoader Replaying proof implicitNullStringConversion2.key.proof 
85063      DEBUG main            d.u.i.k.p.i.IntermediateProofReplayer Proof replay took 32.05ms 
85065      DEBUG main            d.u.i.k.p.r.p.TestFile    ... success: reloaded. 
85066      INFO  main            d.u.i.k.p.r.p.TestFile    Now processing file /home/runner/work/key/key/key.core/../key.ui/examples/standard_key/strings/implicitObjectStringConversion.key 
85066      INFO  main            d.u.i.k.p.i.AbstractProblemLoader Loading environment from /home/runner/work/key/key/key.core/../key.ui/examples/standard_key/strings/implicitObjectStringConversion.key 
85066      DEBUG main            d.u.i.k.p.i.AbstractProblemLoader Environment load took 229.4ns 
85068      INFO  main            d.u.i.k.p.i.AbstractProblemLoader Creating init config 
88393      DEBUG main            d.u.i.k.p.i.AbstractProblemLoader Init config took 3.33s 
88412      INFO  main            d.u.i.k.p.i.AbstractProblemLoader Replaying proof implicitObjectStringConversion.key 
88414      DEBUG main            d.u.i.k.p.i.IntermediateProofReplayer Proof replay took 7.2ns 
89024      INFO  main            d.u.i.k.p.r.p.TestFile    ... finished proof: closed. 
89324      INFO  main            d.u.i.k.p.i.AbstractProblemLoader Loading environment from /home/runner/work/key/key/key.core/../key.ui/examples/standard_key/strings/implicitObjectStringConversion.key.proof 
89326      DEBUG main            d.u.i.k.p.i.AbstractProblemLoader Environment load took 1.63ms 
89328      INFO  main            d.u.i.k.p.i.AbstractProblemLoader Creating init config 
92501      DEBUG main            d.u.i.k.p.i.AbstractProblemLoader Init config took 3.17s 
92525      INFO  main            d.u.i.k.p.i.AbstractProblemLoader Replaying proof implicitObjectStringConversion.key.proof 
92596      DEBUG main            d.u.i.k.p.i.IntermediateProofReplayer Proof replay took 67.5ms 
92598      DEBUG main            d.u.i.k.p.r.p.TestFile    ... success: reloaded. 
92599      INFO  main            d.u.i.k.p.r.p.TestFile    Now processing file /home/runner/work/key/key/key.core/../key.ui/examples/standard_key/strings/literalEquality.key 
92599      INFO  main            d.u.i.k.p.i.AbstractProblemLoader Loading environment from /home/runner/work/key/key/key.core/../key.ui/examples/standard_key/strings/literalEquality.key 
92599      DEBUG main            d.u.i.k.p.i.AbstractProblemLoader Environment load took 188.4ns 
92601      INFO  main            d.u.i.k.p.i.AbstractProblemLoader Creating init config 
95617      DEBUG main            d.u.i.k.p.i.AbstractProblemLoader Init config took 3.02s 
95637      INFO  main            d.u.i.k.p.i.AbstractProblemLoader Replaying proof literalEquality.key 
95638      DEBUG main            d.u.i.k.p.i.IntermediateProofReplayer Proof replay took 6.8ns 
95740      INFO  main            d.u.i.k.p.r.p.TestFile    ... finished proof: closed. 
96000      INFO  main            d.u.i.k.p.i.AbstractProblemLoader Loading environment from /home/runner/work/key/key/key.core/../key.ui/examples/standard_key/strings/literalEquality.key.proof 
96000      DEBUG main            d.u.i.k.p.i.AbstractProblemLoader Environment load took 142.4ns 
96002      INFO  main            d.u.i.k.p.i.AbstractProblemLoader Creating init config 
99036      DEBUG main            d.u.i.k.p.i.AbstractProblemLoader Init config took 3.03s 
99054      INFO  main            d.u.i.k.p.i.AbstractProblemLoader Replaying proof literalEquality.key.proof 
99060      DEBUG main            d.u.i.k.p.i.IntermediateProofReplayer Proof replay took 2.9ms 
99061      DEBUG main            d.u.i.k.p.r.p.TestFile    ... success: reloaded. 
99061      INFO  main            d.u.i.k.p.r.p.TestFile    Now processing file /home/runner/work/key/key/key.core/../key.ui/examples/standard_key/strings/replace0.key 
99062      INFO  main            d.u.i.k.p.i.AbstractProblemLoader Loading environment from /home/runner/work/key/key/key.core/../key.ui/examples/standard_key/strings/replace0.key 
99062      DEBUG main            d.u.i.k.p.i.AbstractProblemLoader Environment load took 180.4ns 
99063      INFO  main            d.u.i.k.p.i.AbstractProblemLoader Creating init config 
102134     DEBUG main            d.u.i.k.p.i.AbstractProblemLoader Init config took 3.07s 
102153     INFO  main            d.u.i.k.p.i.AbstractProblemLoader Replaying proof replace0.key 
102155     DEBUG main            d.u.i.k.p.i.IntermediateProofReplayer Proof replay took 67.9ns 
102259     INFO  main            d.u.i.k.p.r.p.TestFile    ... finished proof: closed. 
102516     INFO  main            d.u.i.k.p.i.AbstractProblemLoader Loading environment from /home/runner/work/key/key/key.core/../key.ui/examples/standard_key/strings/replace0.key.proof 
102516     DEBUG main            d.u.i.k.p.i.AbstractProblemLoader Environment load took 128.3ns 
102518     INFO  main            d.u.i.k.p.i.AbstractProblemLoader Creating init config 
105467     DEBUG main            d.u.i.k.p.i.AbstractProblemLoader Init config took 2.95s 
105488     INFO  main            d.u.i.k.p.i.AbstractProblemLoader Replaying proof replace0.key.proof 
105496     DEBUG main            d.u.i.k.p.i.IntermediateProofReplayer Proof replay took 6.54ms 
105497     DEBUG main            d.u.i.k.p.r.p.TestFile    ... success: reloaded. 
105498     INFO  main            d.u.i.k.p.r.p.TestFile    Now processing file /home/runner/work/key/key/key.core/../key.ui/examples/standard_key/strings/replace1.key 
105498     INFO  main            d.u.i.k.p.i.AbstractProblemLoader Loading environment from /home/runner/work/key/key/key.core/../key.ui/examples/standard_key/strings/replace1.key 
105499     DEBUG main            d.u.i.k.p.i.AbstractProblemLoader Environment load took 102.2ns 
105499     INFO  main            d.u.i.k.p.i.AbstractProblemLoader Creating init config 
108609     DEBUG main            d.u.i.k.p.i.AbstractProblemLoader Init config took 3.11s 
108627     INFO  main            d.u.i.k.p.i.AbstractProblemLoader Replaying proof replace1.key 
108628     DEBUG main            d.u.i.k.p.i.IntermediateProofReplayer Proof replay took 7.8ns 
108732     INFO  main            d.u.i.k.p.r.p.TestFile    ... finished proof: closed. 
109000     INFO  main            d.u.i.k.p.i.AbstractProblemLoader Loading environment from /home/runner/work/key/key/key.core/../key.ui/examples/standard_key/strings/replace1.key.proof 
109001     DEBUG main            d.u.i.k.p.i.AbstractProblemLoader Environment load took 124.4ns 
109002     INFO  main            d.u.i.k.p.i.AbstractProblemLoader Creating init config 
112031     DEBUG main            d.u.i.k.p.i.AbstractProblemLoader Init config took 3.03s 
112048     INFO  main            d.u.i.k.p.i.AbstractProblemLoader Replaying proof replace1.key.proof 
112058     DEBUG main            d.u.i.k.p.i.IntermediateProofReplayer Proof replay took 7.79ms 
112059     DEBUG main            d.u.i.k.p.r.p.TestFile    ... success: reloaded. 
112060     INFO  main            d.u.i.k.p.r.p.TestFile    Now processing file /home/runner/work/key/key/key.core/../key.ui/examples/standard_key/strings/simpleAssignment.key 
112060     INFO  main            d.u.i.k.p.i.AbstractProblemLoader Loading environment from /home/runner/work/key/key/key.core/../key.ui/examples/standard_key/strings/simpleAssignment.key 
112060     DEBUG main            d.u.i.k.p.i.AbstractProblemLoader Environment load took 128.6ns 
112062     INFO  main            d.u.i.k.p.i.AbstractProblemLoader Creating init config 
115139     DEBUG main            d.u.i.k.p.i.AbstractProblemLoader Init config took 3.08s 
115156     INFO  main            d.u.i.k.p.i.AbstractProblemLoader Replaying proof simpleAssignment.key 
115157     DEBUG main            d.u.i.k.p.i.IntermediateProofReplayer Proof replay took 7.7ns 
115264     INFO  main            d.u.i.k.p.r.p.TestFile    ... finished proof: closed. 
115581     INFO  main            d.u.i.k.p.i.AbstractProblemLoader Loading environment from /home/runner/work/key/key/key.core/../key.ui/examples/standard_key/strings/simpleAssignment.key.proof 
115581     DEBUG main            d.u.i.k.p.i.AbstractProblemLoader Environment load took 150.5ns 
115582     INFO  main            d.u.i.k.p.i.AbstractProblemLoader Creating init config 
118625     DEBUG main            d.u.i.k.p.i.AbstractProblemLoader Init config took 3.04s 
118642     INFO  main            d.u.i.k.p.i.AbstractProblemLoader Replaying proof simpleAssignment.key.proof 
118646     DEBUG main            d.u.i.k.p.i.IntermediateProofReplayer Proof replay took 2.27ms 
118647     DEBUG main            d.u.i.k.p.r.p.TestFile    ... success: reloaded. 
118649     INFO  main            d.u.i.k.p.r.p.TestFile    Now processing file /home/runner/work/key/key/key.core/../key.ui/examples/standard_key/strings/simpleLengthComp.key 
118650     INFO  main            d.u.i.k.p.i.AbstractProblemLoader Loading environment from /home/runner/work/key/key/key.core/../key.ui/examples/standard_key/strings/simpleLengthComp.key 
118650     DEBUG main            d.u.i.k.p.i.AbstractProblemLoader Environment load took 213.7ns 
118652     INFO  main            d.u.i.k.p.i.AbstractProblemLoader Creating init config 
121727     DEBUG main            d.u.i.k.p.i.AbstractProblemLoader Init config took 3.07s 
121745     INFO  main            d.u.i.k.p.i.AbstractProblemLoader Replaying proof simpleLengthComp.key 
121748     DEBUG main            d.u.i.k.p.i.IntermediateProofReplayer Proof replay took 23.6ns 
122055     INFO  main            d.u.i.k.p.r.p.TestFile    ... finished proof: closed. 
122337     INFO  main            d.u.i.k.p.i.AbstractProblemLoader Loading environment from /home/runner/work/key/key/key.core/../key.ui/examples/standard_key/strings/simpleLengthComp.key.proof 
122337     DEBUG main            d.u.i.k.p.i.AbstractProblemLoader Environment load took 153.4ns 
122340     INFO  main            d.u.i.k.p.i.AbstractProblemLoader Creating init config 
125384     DEBUG main            d.u.i.k.p.i.AbstractProblemLoader Init config took 3.04s 
125405     INFO  main            d.u.i.k.p.i.AbstractProblemLoader Replaying proof simpleLengthComp.key.proof 
125446     DEBUG main            d.u.i.k.p.i.IntermediateProofReplayer Proof replay took 37.8ms 
125447     DEBUG main            d.u.i.k.p.r.p.TestFile    ... success: reloaded. 
125448     INFO  main            d.u.i.k.p.r.p.TestFile    Now processing file /home/runner/work/key/key/key.core/../key.ui/examples/standard_key/strings/stringCompileTimeConstant1.key 
125448     INFO  main            d.u.i.k.p.i.AbstractProblemLoader Loading environment from /home/runner/work/key/key/key.core/../key.ui/examples/standard_key/strings/stringCompileTimeConstant1.key 
125448     DEBUG main            d.u.i.k.p.i.AbstractProblemLoader Environment load took 245.9ns 
125450     INFO  main            d.u.i.k.p.i.AbstractProblemLoader Creating init config 
128449     DEBUG main            d.u.i.k.p.i.AbstractProblemLoader Init config took 3s 
128468     INFO  main            d.u.i.k.p.i.AbstractProblemLoader Replaying proof stringCompileTimeConstant1.key 
128469     DEBUG main            d.u.i.k.p.i.IntermediateProofReplayer Proof replay took 7.5ns 
128572     INFO  main            d.u.i.k.p.r.p.TestFile    ... finished proof: closed. 
128867     INFO  main            d.u.i.k.p.i.AbstractProblemLoader Loading environment from /home/runner/work/key/key/key.core/../key.ui/examples/standard_key/strings/stringCompileTimeConstant1.key.proof 
128867     DEBUG main            d.u.i.k.p.i.AbstractProblemLoader Environment load took 108ns 
128869     INFO  main            d.u.i.k.p.i.AbstractProblemLoader Creating init config 
131754     DEBUG main            d.u.i.k.p.i.AbstractProblemLoader Init config took 2.89s 
131773     INFO  main            d.u.i.k.p.i.AbstractProblemLoader Replaying proof stringCompileTimeConstant1.key.proof 
131780     DEBUG main            d.u.i.k.p.i.IntermediateProofReplayer Proof replay took 4.36ms 
131781     DEBUG main            d.u.i.k.p.r.p.TestFile    ... success: reloaded. 
131782     INFO  main            d.u.i.k.p.r.p.TestFile    Now processing file /home/runner/work/key/key/key.core/../key.ui/examples/standard_key/strings/stringCompileTimeConstant2.key 
131782     INFO  main            d.u.i.k.p.i.AbstractProblemLoader Loading environment from /home/runner/work/key/key/key.core/../key.ui/examples/standard_key/strings/stringCompileTimeConstant2.key 
131782     DEBUG main            d.u.i.k.p.i.AbstractProblemLoader Environment load took 129.1ns 
131783     INFO  main            d.u.i.k.p.i.AbstractProblemLoader Creating init config 
134997     DEBUG main            d.u.i.k.p.i.AbstractProblemLoader Init config took 3.21s 
135014     INFO  main            d.u.i.k.p.i.AbstractProblemLoader Replaying proof stringCompileTimeConstant2.key 
135016     DEBUG main            d.u.i.k.p.i.IntermediateProofReplayer Proof replay took 6.7ns 
138505     INFO  main            d.u.i.k.p.r.p.TestFile    ... finished proof: closed. 
138835     INFO  main            d.u.i.k.p.i.AbstractProblemLoader Loading environment from /home/runner/work/key/key/key.core/../key.ui/examples/standard_key/strings/stringCompileTimeConstant2.key.proof 
138836     DEBUG main            d.u.i.k.p.i.AbstractProblemLoader Environment load took 1.34ms 
138838     INFO  main            d.u.i.k.p.i.AbstractProblemLoader Creating init config 
141995     DEBUG main            d.u.i.k.p.i.AbstractProblemLoader Init config took 3.16s 
142018     INFO  main            d.u.i.k.p.i.AbstractProblemLoader Replaying proof stringCompileTimeConstant2.key.proof 
142478     DEBUG main            d.u.i.k.p.i.IntermediateProofReplayer Proof replay took 449.14ms 
142480     DEBUG main            d.u.i.k.p.r.p.TestFile    ... success: reloaded. 
142482     INFO  main            d.u.i.k.p.r.p.TestFile    Now processing file /home/runner/work/key/key/key.core/../key.ui/examples/standard_key/strings/stringEquality1.key 
142482     INFO  main            d.u.i.k.p.i.AbstractProblemLoader Loading environment from /home/runner/work/key/key/key.core/../key.ui/examples/standard_key/strings/stringEquality1.key 
142482     DEBUG main            d.u.i.k.p.i.AbstractProblemLoader Environment load took 206.4ns 
142484     INFO  main            d.u.i.k.p.i.AbstractProblemLoader Creating init config 
145508     DEBUG main            d.u.i.k.p.i.AbstractProblemLoader Init config took 3.02s 
145524     INFO  main            d.u.i.k.p.i.AbstractProblemLoader Replaying proof stringEquality1.key 
145526     DEBUG main            d.u.i.k.p.i.IntermediateProofReplayer Proof replay took 8.3ns 
145629     INFO  main            d.u.i.k.p.r.p.TestFile    ... finished proof: closed. 
145981     INFO  main            d.u.i.k.p.i.AbstractProblemLoader Loading environment from /home/runner/work/key/key/key.core/../key.ui/examples/standard_key/strings/stringEquality1.key.proof 
145981     DEBUG main            d.u.i.k.p.i.AbstractProblemLoader Environment load took 115.2ns 
145988     INFO  main            d.u.i.k.p.i.AbstractProblemLoader Creating init config 
148992     DEBUG main            d.u.i.k.p.i.AbstractProblemLoader Init config took 3s 
149009     INFO  main            d.u.i.k.p.i.AbstractProblemLoader Replaying proof stringEquality1.key.proof 
149022     DEBUG main            d.u.i.k.p.i.IntermediateProofReplayer Proof replay took 11.08ms 
149023     DEBUG main            d.u.i.k.p.r.p.TestFile    ... success: reloaded. 
149024     INFO  main            d.u.i.k.p.r.p.TestFile    Now processing file /home/runner/work/key/key/key.core/../key.ui/examples/standard_key/strings/stringEquality2.key 
149024     INFO  main            d.u.i.k.p.i.AbstractProblemLoader Loading environment from /home/runner/work/key/key/key.core/../key.ui/examples/standard_key/strings/stringEquality2.key 
149024     DEBUG main            d.u.i.k.p.i.AbstractProblemLoader Environment load took 109.7ns 
149025     INFO  main            d.u.i.k.p.i.AbstractProblemLoader Creating init config 
151976     DEBUG main            d.u.i.k.p.i.AbstractProblemLoader Init config took 2.95s 
151993     INFO  main            d.u.i.k.p.i.AbstractProblemLoader Replaying proof stringEquality2.key 
151994     DEBUG main            d.u.i.k.p.i.IntermediateProofReplayer Proof replay took 7.4ns 
152498     INFO  main            d.u.i.k.p.r.p.TestFile    ... finished proof: closed. 
152828     INFO  main            d.u.i.k.p.i.AbstractProblemLoader Loading environment from /home/runner/work/key/key/key.core/../key.ui/examples/standard_key/strings/stringEquality2.key.proof 
152829     DEBUG main            d.u.i.k.p.i.AbstractProblemLoader Environment load took 511.7ns 
152831     INFO  main            d.u.i.k.p.i.AbstractProblemLoader Creating init config 
155759     DEBUG main            d.u.i.k.p.i.AbstractProblemLoader Init config took 2.93s 
155777     INFO  main            d.u.i.k.p.i.AbstractProblemLoader Replaying proof stringEquality2.key.proof 
155854     DEBUG main            d.u.i.k.p.i.IntermediateProofReplayer Proof replay took 71.79ms 
155856     DEBUG main            d.u.i.k.p.r.p.TestFile    ... success: reloaded. 
155859     INFO  main            d.u.i.k.p.r.p.TestFile    Now processing file /home/runner/work/key/key/key.core/../key.ui/examples/standard_key/strings/substring0.key 
155859     INFO  main            d.u.i.k.p.i.AbstractProblemLoader Loading environment from /home/runner/work/key/key/key.core/../key.ui/examples/standard_key/strings/substring0.key 
155859     DEBUG main            d.u.i.k.p.i.AbstractProblemLoader Environment load took 96.5ns 
155860     INFO  main            d.u.i.k.p.i.AbstractProblemLoader Creating init config 
158814     DEBUG main            d.u.i.k.p.i.AbstractProblemLoader Init config took 2.95s 
158829     INFO  main            d.u.i.k.p.i.AbstractProblemLoader Replaying proof substring0.key 
158830     DEBUG main            d.u.i.k.p.i.IntermediateProofReplayer Proof replay took 17.9ns 
158936     INFO  main            d.u.i.k.p.r.p.TestFile    ... finished proof: closed. 
159251     INFO  main            d.u.i.k.p.i.AbstractProblemLoader Loading environment from /home/runner/work/key/key/key.core/../key.ui/examples/standard_key/strings/substring0.key.proof 
159251     DEBUG main            d.u.i.k.p.i.AbstractProblemLoader Environment load took 108.7ns 
159253     INFO  main            d.u.i.k.p.i.AbstractProblemLoader Creating init config 
162124     DEBUG main            d.u.i.k.p.i.AbstractProblemLoader Init config took 2.87s 
162141     INFO  main            d.u.i.k.p.i.AbstractProblemLoader Replaying proof substring0.key.proof 
162143     DEBUG main            d.u.i.k.p.i.IntermediateProofReplayer Proof replay took 505.6ns 
162144     DEBUG main            d.u.i.k.p.r.p.TestFile    ... success: reloaded. 
162145     INFO  main            d.u.i.k.p.r.p.TestFile    Now processing file /home/runner/work/key/key/key.core/../key.ui/examples/standard_key/strings/substring1.key 
162145     INFO  main            d.u.i.k.p.i.AbstractProblemLoader Loading environment from /home/runner/work/key/key/key.core/../key.ui/examples/standard_key/strings/substring1.key 
162145     DEBUG main            d.u.i.k.p.i.AbstractProblemLoader Environment load took 79ns 
162146     INFO  main            d.u.i.k.p.i.AbstractProblemLoader Creating init config 
165074     DEBUG main            d.u.i.k.p.i.AbstractProblemLoader Init config took 2.93s 
165093     INFO  main            d.u.i.k.p.i.AbstractProblemLoader Replaying proof substring1.key 
165095     DEBUG main            d.u.i.k.p.i.IntermediateProofReplayer Proof replay took 8.1ns 
165197     INFO  main            d.u.i.k.p.r.p.TestFile    ... finished proof: closed. 
165523     INFO  main            d.u.i.k.p.i.AbstractProblemLoader Loading environment from /home/runner/work/key/key/key.core/../key.ui/examples/standard_key/strings/substring1.key.proof 
165523     DEBUG main            d.u.i.k.p.i.AbstractProblemLoader Environment load took 111.3ns 
165525     INFO  main            d.u.i.k.p.i.AbstractProblemLoader Creating init config 
168490     DEBUG main            d.u.i.k.p.i.AbstractProblemLoader Init config took 2.97s 
168505     INFO  main            d.u.i.k.p.i.AbstractProblemLoader Replaying proof substring1.key.proof 
168507     DEBUG main            d.u.i.k.p.i.IntermediateProofReplayer Proof replay took 473.2ns 
168507     DEBUG main            d.u.i.k.p.r.p.TestFile    ... success: reloaded. 
168508     INFO  main            d.u.i.k.p.r.p.TestFile    Now processing file /home/runner/work/key/key/key.core/../key.ui/examples/standard_key/strings/substring2.key 
168508     INFO  main            d.u.i.k.p.i.AbstractProblemLoader Loading environment from /home/runner/work/key/key/key.core/../key.ui/examples/standard_key/strings/substring2.key 
168508     DEBUG main            d.u.i.k.p.i.AbstractProblemLoader Environment load took 91ns 
168510     INFO  main            d.u.i.k.p.i.AbstractProblemLoader Creating init config 
171538     DEBUG main            d.u.i.k.p.i.AbstractProblemLoader Init config took 3.03s 
171555     INFO  main            d.u.i.k.p.i.AbstractProblemLoader Replaying proof substring2.key 
171556     DEBUG main            d.u.i.k.p.i.IntermediateProofReplayer Proof replay took 8.2ns 
171661     INFO  main            d.u.i.k.p.r.p.TestFile    ... finished proof: closed. 
171984     INFO  main            d.u.i.k.p.i.AbstractProblemLoader Loading environment from /home/runner/work/key/key/key.core/../key.ui/examples/standard_key/strings/substring2.key.proof 
171984     DEBUG main            d.u.i.k.p.i.AbstractProblemLoader Environment load took 112.8ns 
171986     INFO  main            d.u.i.k.p.i.AbstractProblemLoader Creating init config 
174942     DEBUG main            d.u.i.k.p.i.AbstractProblemLoader Init config took 2.96s 
174959     INFO  main            d.u.i.k.p.i.AbstractProblemLoader Replaying proof substring2.key.proof 
174962     DEBUG main            d.u.i.k.p.i.IntermediateProofReplayer Proof replay took 1.39ms 
174963     DEBUG main            d.u.i.k.p.r.p.TestFile    ... success: reloaded. 
174964     INFO  main            d.u.i.k.p.r.p.TestFile    Now processing file /home/runner/work/key/key/key.core/../key.ui/examples/standard_key/strings/substring3.key 
174964     INFO  main            d.u.i.k.p.i.AbstractProblemLoader Loading environment from /home/runner/work/key/key/key.core/../key.ui/examples/standard_key/strings/substring3.key 
174964     DEBUG main            d.u.i.k.p.i.AbstractProblemLoader Environment load took 84.9ns 
174965     INFO  main            d.u.i.k.p.i.AbstractProblemLoader Creating init config 
178011     DEBUG main            d.u.i.k.p.i.AbstractProblemLoader Init config took 3.05s 
178029     INFO  main            d.u.i.k.p.i.AbstractProblemLoader Replaying proof substring3.key 
178030     DEBUG main            d.u.i.k.p.i.IntermediateProofReplayer Proof replay took 7.5ns 
178132     INFO  main            d.u.i.k.p.r.p.TestFile    ... finished proof: closed. 
178456     INFO  main            d.u.i.k.p.i.AbstractProblemLoader Loading environment from /home/runner/work/key/key/key.core/../key.ui/examples/standard_key/strings/substring3.key.proof 
178456     DEBUG main            d.u.i.k.p.i.AbstractProblemLoader Environment load took 104.1ns 
178460     INFO  main            d.u.i.k.p.i.AbstractProblemLoader Creating init config 
181419     DEBUG main            d.u.i.k.p.i.AbstractProblemLoader Init config took 2.96s 
181435     INFO  main            d.u.i.k.p.i.AbstractProblemLoader Replaying proof substring3.key.proof 
181441     DEBUG main            d.u.i.k.p.i.IntermediateProofReplayer Proof replay took 3.75ms 
181442     DEBUG main            d.u.i.k.p.r.p.TestFile    ... success: reloaded. 
181443     INFO  main            d.u.i.k.p.r.p.TestFile    Now processing file /home/runner/work/key/key/key.core/../key.ui/examples/standard_key/strings/substring4.key 
181443     INFO  main            d.u.i.k.p.i.AbstractProblemLoader Loading environment from /home/runner/work/key/key/key.core/../key.ui/examples/standard_key/strings/substring4.key 
181443     DEBUG main            d.u.i.k.p.i.AbstractProblemLoader Environment load took 100.3ns 
181444     INFO  main            d.u.i.k.p.i.AbstractProblemLoader Creating init config 
184432     DEBUG main            d.u.i.k.p.i.AbstractProblemLoader Init config took 2.99s 
184447     INFO  main            d.u.i.k.p.i.AbstractProblemLoader Replaying proof substring4.key 
184448     DEBUG main            d.u.i.k.p.i.IntermediateProofReplayer Proof replay took 6.7ns 
184551     INFO  main            d.u.i.k.p.r.p.TestFile    ... finished proof: closed. 
184894     INFO  main            d.u.i.k.p.i.AbstractProblemLoader Loading environment from /home/runner/work/key/key/key.core/../key.ui/examples/standard_key/strings/substring4.key.proof 
184894     DEBUG main            d.u.i.k.p.i.AbstractProblemLoader Environment load took 147ns 
184895     INFO  main            d.u.i.k.p.i.AbstractProblemLoader Creating init config 
187777     DEBUG main            d.u.i.k.p.i.AbstractProblemLoader Init config took 2.88s 
187793     INFO  main            d.u.i.k.p.i.AbstractProblemLoader Replaying proof substring4.key.proof 
187800     DEBUG main            d.u.i.k.p.i.IntermediateProofReplayer Proof replay took 4.28ms 
187801     DEBUG main            d.u.i.k.p.r.p.TestFile    ... success: reloaded. 
187801     INFO  main            d.u.i.k.p.r.p.TestFile    Now processing file /home/runner/work/key/key/key.core/../key.ui/examples/standard_key/strings/substring5.key 
187802     INFO  main            d.u.i.k.p.i.AbstractProblemLoader Loading environment from /home/runner/work/key/key/key.core/../key.ui/examples/standard_key/strings/substring5.key 
187802     DEBUG main            d.u.i.k.p.i.AbstractProblemLoader Environment load took 225.6ns 
187803     INFO  main            d.u.i.k.p.i.AbstractProblemLoader Creating init config 
190805     DEBUG main            d.u.i.k.p.i.AbstractProblemLoader Init config took 3s 
190820     INFO  main            d.u.i.k.p.i.AbstractProblemLoader Replaying proof substring5.key 
190822     DEBUG main            d.u.i.k.p.i.IntermediateProofReplayer Proof replay took 8ns 
191128     INFO  main            d.u.i.k.p.r.p.TestFile    ... finished proof: closed. 
191525     INFO  main            d.u.i.k.p.i.AbstractProblemLoader Loading environment from /home/runner/work/key/key/key.core/../key.ui/examples/standard_key/strings/substring5.key.proof 
191525     DEBUG main            d.u.i.k.p.i.AbstractProblemLoader Environment load took 205.5ns 
191527     INFO  main            d.u.i.k.p.i.AbstractProblemLoader Creating init config 
194383     DEBUG main            d.u.i.k.p.i.AbstractProblemLoader Init config took 2.86s 
194398     INFO  main            d.u.i.k.p.i.AbstractProblemLoader Replaying proof substring5.key.proof 
194440     DEBUG main            d.u.i.k.p.i.IntermediateProofReplayer Proof replay took 38.09ms 
194442     DEBUG main            d.u.i.k.p.r.p.TestFile    ... success: reloaded. 
5033413    INFO  Test worker     d.u.i.k.p.r.RunAllProofsTestUnit Returning from test strings 
5033415    INFO  Test worker     d.u.i.k.p.r.RunAllProofsTestUnit Running test simple_info_flow 
396        INFO  Timeout watchdog d.u.i.k.p.r.p.ForkedTestFileRunner Timeout watcher launched (2000 secs.) 
410        WARN  main            d.u.i.k.s.ProofSettings   The settings in /home/runner/.key/proof-settings.props are *not* read. 
440        INFO  main            d.u.i.k.p.r.p.TestFile    Now processing file /home/runner/work/key/key/key.core/../key.ui/examples/heap/information_flow/UpdateAbstraction_ex7_1_insecure.key 
575        INFO  main            d.u.i.k.p.i.AbstractProblemLoader Loading environment from /home/runner/work/key/key/key.core/../key.ui/examples/heap/information_flow/UpdateAbstraction_ex7_1_insecure.key 
595        DEBUG main            d.u.i.k.p.i.AbstractProblemLoader Environment load took 2.4ms 
904        INFO  main            d.u.i.k.p.i.AbstractProblemLoader Creating init config 
2243       DEBUG main            d.u.i.k.j.TypeConverter   No LDT found for Meta 
2244       DEBUG main            d.u.i.k.j.TypeConverter   No LDT found for Meta 
2250       DEBUG main            d.u.i.k.j.TypeConverter   No LDT found for Meta 
2251       DEBUG main            d.u.i.k.j.TypeConverter   No LDT found for Meta 
3896       DEBUG main            d.u.i.k.j.TypeConverter   No LDT found for JavaBigintExpression 
11667      DEBUG main            d.u.i.k.p.i.AbstractProblemLoader Init config took 10.76s 
11823      INFO  main            d.u.i.k.p.i.AbstractProblemLoader Replaying proof UpdateAbstraction[UpdateAbstraction::ex7_1_insecure()].JML operation contract.0 
11908      DEBUG main            d.u.i.k.p.i.IntermediateProofReplayer Proof replay took 83.3ns 
12767      INFO  main            d.u.i.k.p.r.p.TestFile    ... finished proof: open goal(s) 
12968      INFO  main            d.u.i.k.p.r.p.TestFile    Now processing file /home/runner/work/key/key/key.core/../key.ui/examples/heap/information_flow/UpdateAbstraction_ex7_2_insecure.key 
12971      INFO  main            d.u.i.k.p.i.AbstractProblemLoader Loading environment from /home/runner/work/key/key/key.core/../key.ui/examples/heap/information_flow/UpdateAbstraction_ex7_2_insecure.key 
12972      DEBUG main            d.u.i.k.p.i.AbstractProblemLoader Environment load took 1.08ms 
12976      INFO  main            d.u.i.k.p.i.AbstractProblemLoader Creating init config 
16979      DEBUG main            d.u.i.k.p.i.AbstractProblemLoader Init config took 4s 
17058      INFO  main            d.u.i.k.p.i.AbstractProblemLoader Replaying proof UpdateAbstraction[UpdateAbstraction::ex7_2_insecure()].JML operation contract.0 
17061      DEBUG main            d.u.i.k.p.i.IntermediateProofReplayer Proof replay took 6.7ns 
17568      INFO  main            d.u.i.k.p.r.p.TestFile    ... finished proof: open goal(s) 
5051359    INFO  Test worker     d.u.i.k.p.r.RunAllProofsTestUnit Returning from test simple_info_flow 
5051360    INFO  Test worker     d.u.i.k.p.r.RunAllProofsTestUnit Running test modelMethods 
466        INFO  Timeout watchdog d.u.i.k.p.r.p.ForkedTestFileRunner Timeout watcher launched (2000 secs.) 
501        WARN  main            d.u.i.k.s.ProofSettings   The settings in /home/runner/.key/proof-settings.props are *not* read. 
547        INFO  main            d.u.i.k.p.r.p.TestFile    Now processing file /home/runner/work/key/key/key.core/../key.ui/examples/heap/model_methods/Cell_footprint_acc.key 
735        INFO  main            d.u.i.k.p.i.AbstractProblemLoader Loading environment from /home/runner/work/key/key/key.core/../key.ui/examples/heap/model_methods/Cell_footprint_acc.key 
755        DEBUG main            d.u.i.k.p.i.AbstractProblemLoader Environment load took 2.4ms 
1050       INFO  main            d.u.i.k.p.i.AbstractProblemLoader Creating init config 
2303       DEBUG main            d.u.i.k.j.TypeConverter   No LDT found for Meta 
2303       DEBUG main            d.u.i.k.j.TypeConverter   No LDT found for Meta 
2305       DEBUG main            d.u.i.k.j.TypeConverter   No LDT found for Meta 
2306       DEBUG main            d.u.i.k.j.TypeConverter   No LDT found for Meta 
3896       DEBUG main            d.u.i.k.j.TypeConverter   No LDT found for JavaBigintExpression 
10311      DEBUG main            d.u.i.k.p.i.AbstractProblemLoader Init config took 9.26s 
10482      INFO  main            d.u.i.k.p.i.AbstractProblemLoader Replaying proof Cell[Cell::footprint()].JML accessible clause.0 
10530      DEBUG main            d.u.i.k.p.i.IntermediateProofReplayer Proof replay took 34.1ns 
11287      INFO  main            d.u.i.k.p.r.p.TestFile    ... finished proof: closed. 
11423      INFO  main            d.u.i.k.p.i.AbstractProblemLoader Loading environment from /home/runner/work/key/key/key.core/../key.ui/examples/heap/model_methods/Cell_footprint_acc.key.proof 
11426      DEBUG main            d.u.i.k.p.i.AbstractProblemLoader Environment load took 2.34ms 
11430      INFO  main            d.u.i.k.p.i.AbstractProblemLoader Creating init config 
15108      DEBUG main            d.u.i.k.p.i.AbstractProblemLoader Init config took 3.68s 
15225      INFO  main            d.u.i.k.p.i.AbstractProblemLoader Replaying proof Cell[Cell::footprint()].JML accessible clause.0 
15313      DEBUG main            d.u.i.k.p.i.IntermediateProofReplayer Proof replay took 75.95ms 
15322      DEBUG main            d.u.i.k.p.r.p.TestFile    ... success: reloaded. 
15326      INFO  main            d.u.i.k.p.r.p.TestFile    Now processing file /home/runner/work/key/key/key.core/../key.ui/examples/heap/model_methods/Cell_footprint.key 
15326      INFO  main            d.u.i.k.p.i.AbstractProblemLoader Loading environment from /home/runner/work/key/key/key.core/../key.ui/examples/heap/model_methods/Cell_footprint.key 
15326      DEBUG main            d.u.i.k.p.i.AbstractProblemLoader Environment load took 228.8ns 
15331      INFO  main            d.u.i.k.p.i.AbstractProblemLoader Creating init config 
18737      DEBUG main            d.u.i.k.p.i.AbstractProblemLoader Init config took 3.41s 
18825      INFO  main            d.u.i.k.p.i.AbstractProblemLoader Replaying proof Cell[Cell::footprint()].JML model_behavior operation contract.0 
18831      DEBUG main            d.u.i.k.p.i.IntermediateProofReplayer Proof replay took 8.2ns 
18935      INFO  main            d.u.i.k.p.r.p.TestFile    ... finished proof: closed. 
19125      INFO  main            d.u.i.k.p.i.AbstractProblemLoader Loading environment from /home/runner/work/key/key/key.core/../key.ui/examples/heap/model_methods/Cell_footprint.key.proof 
19125      DEBUG main            d.u.i.k.p.i.AbstractProblemLoader Environment load took 175.6ns 
19127      INFO  main            d.u.i.k.p.i.AbstractProblemLoader Creating init config 
22610      DEBUG main            d.u.i.k.p.i.AbstractProblemLoader Init config took 3.48s 
22683      INFO  main            d.u.i.k.p.i.AbstractProblemLoader Replaying proof Cell[Cell::footprint()].JML model_behavior operation contract.0 
22698      DEBUG main            d.u.i.k.p.i.IntermediateProofReplayer Proof replay took 12.46ms 
22700      DEBUG main            d.u.i.k.p.r.p.TestFile    ... success: reloaded. 
22702      INFO  main            d.u.i.k.p.r.p.TestFile    Now processing file /home/runner/work/key/key/key.core/../key.ui/examples/heap/model_methods/Cell_get_acc.key 
22703      INFO  main            d.u.i.k.p.i.AbstractProblemLoader Loading environment from /home/runner/work/key/key/key.core/../key.ui/examples/heap/model_methods/Cell_get_acc.key 
22703      DEBUG main            d.u.i.k.p.i.AbstractProblemLoader Environment load took 181.9ns 
22705      INFO  main            d.u.i.k.p.i.AbstractProblemLoader Creating init config 
26163      DEBUG main            d.u.i.k.p.i.AbstractProblemLoader Init config took 3.46s 
26227      INFO  main            d.u.i.k.p.i.AbstractProblemLoader Replaying proof Cell[Cell::get()].JML accessible clause.0 
26230      DEBUG main            d.u.i.k.p.i.IntermediateProofReplayer Proof replay took 6.4ns 
26537      INFO  main            d.u.i.k.p.r.p.TestFile    ... finished proof: closed. 
26696      INFO  main            d.u.i.k.p.i.AbstractProblemLoader Loading environment from /home/runner/work/key/key/key.core/../key.ui/examples/heap/model_methods/Cell_get_acc.key.proof 
26696      DEBUG main            d.u.i.k.p.i.AbstractProblemLoader Environment load took 160.4ns 
26697      INFO  main            d.u.i.k.p.i.AbstractProblemLoader Creating init config 
29983      DEBUG main            d.u.i.k.p.i.AbstractProblemLoader Init config took 3.29s 
30068      INFO  main            d.u.i.k.p.i.AbstractProblemLoader Replaying proof Cell[Cell::get()].JML accessible clause.0 
30154      DEBUG main            d.u.i.k.p.i.IntermediateProofReplayer Proof replay took 80.56ms 
30157      DEBUG main            d.u.i.k.p.r.p.TestFile    ... success: reloaded. 
30159      INFO  main            d.u.i.k.p.r.p.TestFile    Now processing file /home/runner/work/key/key/key.core/../key.ui/examples/heap/model_methods/Cell_get.key 
30159      INFO  main            d.u.i.k.p.i.AbstractProblemLoader Loading environment from /home/runner/work/key/key/key.core/../key.ui/examples/heap/model_methods/Cell_get.key 
30160      DEBUG main            d.u.i.k.p.i.AbstractProblemLoader Environment load took 223.1ns 
30161      INFO  main            d.u.i.k.p.i.AbstractProblemLoader Creating init config 
33465      DEBUG main            d.u.i.k.p.i.AbstractProblemLoader Init config took 3.3s 
33534      INFO  main            d.u.i.k.p.i.AbstractProblemLoader Replaying proof Cell[Cell::get()].JML operation contract.0 
33536      DEBUG main            d.u.i.k.p.i.IntermediateProofReplayer Proof replay took 6.1ns 
33639      INFO  main            d.u.i.k.p.r.p.TestFile    ... finished proof: closed. 
33829      INFO  main            d.u.i.k.p.i.AbstractProblemLoader Loading environment from /home/runner/work/key/key/key.core/../key.ui/examples/heap/model_methods/Cell_get.key.proof 
33830      DEBUG main            d.u.i.k.p.i.AbstractProblemLoader Environment load took 556.8ns 
33831      INFO  main            d.u.i.k.p.i.AbstractProblemLoader Creating init config 
37199      DEBUG main            d.u.i.k.p.i.AbstractProblemLoader Init config took 3.37s 
37256      INFO  main            d.u.i.k.p.i.AbstractProblemLoader Replaying proof Cell[Cell::get()].JML operation contract.0 
37281      DEBUG main            d.u.i.k.p.i.IntermediateProofReplayer Proof replay took 21.99ms 
37282      DEBUG main            d.u.i.k.p.r.p.TestFile    ... success: reloaded. 
37284      INFO  main            d.u.i.k.p.r.p.TestFile    Now processing file /home/runner/work/key/key/key.core/../key.ui/examples/heap/model_methods/Cell_post_set.key 
37284      INFO  main            d.u.i.k.p.i.AbstractProblemLoader Loading environment from /home/runner/work/key/key/key.core/../key.ui/examples/heap/model_methods/Cell_post_set.key 
37285      DEBUG main            d.u.i.k.p.i.AbstractProblemLoader Environment load took 172.2ns 
37286      INFO  main            d.u.i.k.p.i.AbstractProblemLoader Creating init config 
40546      DEBUG main            d.u.i.k.p.i.AbstractProblemLoader Init config took 3.26s 
40600      INFO  main            d.u.i.k.p.i.AbstractProblemLoader Replaying proof Cell[Cell::post_set(int)].JML model_behavior operation contract.0 
40603      DEBUG main            d.u.i.k.p.i.IntermediateProofReplayer Proof replay took 6.7ns 
40705      INFO  main            d.u.i.k.p.r.p.TestFile    ... finished proof: closed. 
40934      INFO  main            d.u.i.k.p.i.AbstractProblemLoader Loading environment from /home/runner/work/key/key/key.core/../key.ui/examples/heap/model_methods/Cell_post_set.key.proof 
40934      DEBUG main            d.u.i.k.p.i.AbstractProblemLoader Environment load took 127.7ns 
40935      INFO  main            d.u.i.k.p.i.AbstractProblemLoader Creating init config 
43984      DEBUG main            d.u.i.k.p.i.AbstractProblemLoader Init config took 3.05s 
44040      INFO  main            d.u.i.k.p.i.AbstractProblemLoader Replaying proof Cell[Cell::post_set(int)].JML model_behavior operation contract.0 
44049      DEBUG main            d.u.i.k.p.i.IntermediateProofReplayer Proof replay took 6.69ms 
44050      DEBUG main            d.u.i.k.p.r.p.TestFile    ... success: reloaded. 
44051      INFO  main            d.u.i.k.p.r.p.TestFile    Now processing file /home/runner/work/key/key/key.core/../key.ui/examples/heap/model_methods/Cell_set.key 
44052      INFO  main            d.u.i.k.p.i.AbstractProblemLoader Loading environment from /home/runner/work/key/key/key.core/../key.ui/examples/heap/model_methods/Cell_set.key 
44052      DEBUG main            d.u.i.k.p.i.AbstractProblemLoader Environment load took 320.7ns 
44053      INFO  main            d.u.i.k.p.i.AbstractProblemLoader Creating init config 
47421      DEBUG main            d.u.i.k.p.i.AbstractProblemLoader Init config took 3.37s 
47479      INFO  main            d.u.i.k.p.i.AbstractProblemLoader Replaying proof Cell[Cell::set(int)].JML operation contract.0 
47482      DEBUG main            d.u.i.k.p.i.IntermediateProofReplayer Proof replay took 7ns 
56160      INFO  main            d.u.i.k.p.r.p.TestFile    ... finished proof: closed. 
56453      INFO  main            d.u.i.k.p.i.AbstractProblemLoader Loading environment from /home/runner/work/key/key/key.core/../key.ui/examples/heap/model_methods/Cell_set.key.proof 
56456      DEBUG main            d.u.i.k.p.i.AbstractProblemLoader Environment load took 3.47ms 
56458      INFO  main            d.u.i.k.p.i.AbstractProblemLoader Creating init config 
59696      DEBUG main            d.u.i.k.p.i.AbstractProblemLoader Init config took 3.24s 
59755      INFO  main            d.u.i.k.p.i.AbstractProblemLoader Replaying proof Cell[Cell::set(int)].JML operation contract.0 
60576      DEBUG main            d.u.i.k.p.i.IntermediateProofReplayer Proof replay took 803.66ms 
60579      DEBUG main            d.u.i.k.p.r.p.TestFile    ... success: reloaded. 
60580      INFO  main            d.u.i.k.p.r.p.TestFile    Now processing file /home/runner/work/key/key/key.core/../key.ui/examples/heap/model_methods/CellTest_callSet.key 
60581      INFO  main            d.u.i.k.p.i.AbstractProblemLoader Loading environment from /home/runner/work/key/key/key.core/../key.ui/examples/heap/model_methods/CellTest_callSet.key 
60581      DEBUG main            d.u.i.k.p.i.AbstractProblemLoader Environment load took 159.5ns 
60582      INFO  main            d.u.i.k.p.i.AbstractProblemLoader Creating init config 
63966      DEBUG main            d.u.i.k.p.i.AbstractProblemLoader Init config took 3.38s 
64030      INFO  main            d.u.i.k.p.i.AbstractProblemLoader Replaying proof CellTest[CellTest::callSet(Cell,int)].JML operation contract.0 
64033      DEBUG main            d.u.i.k.p.i.IntermediateProofReplayer Proof replay took 6.9ns 
64236      INFO  main            d.u.i.k.p.r.p.TestFile    ... finished proof: closed. 
64460      INFO  main            d.u.i.k.p.i.AbstractProblemLoader Loading environment from /home/runner/work/key/key/key.core/../key.ui/examples/heap/model_methods/CellTest_callSet.key.proof 
64461      DEBUG main            d.u.i.k.p.i.AbstractProblemLoader Environment load took 846.2ns 
64462      INFO  main            d.u.i.k.p.i.AbstractProblemLoader Creating init config 
67613      DEBUG main            d.u.i.k.p.i.AbstractProblemLoader Init config took 3.15s 
67680      INFO  main            d.u.i.k.p.i.AbstractProblemLoader Replaying proof CellTest[CellTest::callSet(Cell,int)].JML operation contract.0 
67738      DEBUG main            d.u.i.k.p.i.IntermediateProofReplayer Proof replay took 55.08ms 
67739      DEBUG main            d.u.i.k.p.r.p.TestFile    ... success: reloaded. 
67740      INFO  main            d.u.i.k.p.r.p.TestFile    Now processing file /home/runner/work/key/key/key.core/../key.ui/examples/heap/model_methods/CellTest_test2.key 
67740      INFO  main            d.u.i.k.p.i.AbstractProblemLoader Loading environment from /home/runner/work/key/key/key.core/../key.ui/examples/heap/model_methods/CellTest_test2.key 
67741      DEBUG main            d.u.i.k.p.i.AbstractProblemLoader Environment load took 130.5ns 
67742      INFO  main            d.u.i.k.p.i.AbstractProblemLoader Creating init config 
70932      DEBUG main            d.u.i.k.p.i.AbstractProblemLoader Init config took 3.19s 
70986      INFO  main            d.u.i.k.p.i.AbstractProblemLoader Replaying proof CellTest[CellTest::test2(Cell)].JML operation contract.0 
70989      DEBUG main            d.u.i.k.p.i.IntermediateProofReplayer Proof replay took 7.6ns 
71396      INFO  main            d.u.i.k.p.r.p.TestFile    ... finished proof: closed. 
71637      INFO  main            d.u.i.k.p.i.AbstractProblemLoader Loading environment from /home/runner/work/key/key/key.core/../key.ui/examples/heap/model_methods/CellTest_test2.key.proof 
71638      DEBUG main            d.u.i.k.p.i.AbstractProblemLoader Environment load took 641.9ns 
71639      INFO  main            d.u.i.k.p.i.AbstractProblemLoader Creating init config 
74829      DEBUG main            d.u.i.k.p.i.AbstractProblemLoader Init config took 3.19s 
74881      INFO  main            d.u.i.k.p.i.AbstractProblemLoader Replaying proof CellTest[CellTest::test2(Cell)].JML operation contract.0 
75006      DEBUG main            d.u.i.k.p.i.IntermediateProofReplayer Proof replay took 121.85ms 
75008      DEBUG main            d.u.i.k.p.r.p.TestFile    ... success: reloaded. 
75009      INFO  main            d.u.i.k.p.r.p.TestFile    Now processing file /home/runner/work/key/key/key.core/../key.ui/examples/heap/model_methods/CellTest_test.key 
75009      INFO  main            d.u.i.k.p.i.AbstractProblemLoader Loading environment from /home/runner/work/key/key/key.core/../key.ui/examples/heap/model_methods/CellTest_test.key 
75011      DEBUG main            d.u.i.k.p.i.AbstractProblemLoader Environment load took 253ns 
75012      INFO  main            d.u.i.k.p.i.AbstractProblemLoader Creating init config 
78287      DEBUG main            d.u.i.k.p.i.AbstractProblemLoader Init config took 3.27s 
78366      INFO  main            d.u.i.k.p.i.AbstractProblemLoader Replaying proof CellTest[CellTest::test(Recell)].JML operation contract.0 
78368      DEBUG main            d.u.i.k.p.i.IntermediateProofReplayer Proof replay took 8.4ns 
81787      INFO  main            d.u.i.k.p.r.p.TestFile    ... finished proof: closed. 
82081      INFO  main            d.u.i.k.p.i.AbstractProblemLoader Loading environment from /home/runner/work/key/key/key.core/../key.ui/examples/heap/model_methods/CellTest_test.key.proof 
82082      DEBUG main            d.u.i.k.p.i.AbstractProblemLoader Environment load took 542.7ns 
82084      INFO  main            d.u.i.k.p.i.AbstractProblemLoader Creating init config 
85265      DEBUG main            d.u.i.k.p.i.AbstractProblemLoader Init config took 3.18s 
85319      INFO  main            d.u.i.k.p.i.AbstractProblemLoader Replaying proof CellTest[CellTest::test(Recell)].JML operation contract.0 
86051      DEBUG main            d.u.i.k.p.i.IntermediateProofReplayer Proof replay took 712.13ms 
86053      DEBUG main            d.u.i.k.p.r.p.TestFile    ... success: reloaded. 
86055      INFO  main            d.u.i.k.p.r.p.TestFile    Now processing file /home/runner/work/key/key/key.core/../key.ui/examples/heap/model_methods/Coll1_add.key 
86055      INFO  main            d.u.i.k.p.i.AbstractProblemLoader Loading environment from /home/runner/work/key/key/key.core/../key.ui/examples/heap/model_methods/Coll1_add.key 
86056      DEBUG main            d.u.i.k.p.i.AbstractProblemLoader Environment load took 225.4ns 
86057      INFO  main            d.u.i.k.p.i.AbstractProblemLoader Creating init config 
89276      DEBUG main            d.u.i.k.p.i.AbstractProblemLoader Init config took 3.22s 
89330      INFO  main            d.u.i.k.p.i.AbstractProblemLoader Replaying proof Coll1[Coll::add(int)].JML operation contract.0 
89332      DEBUG main            d.u.i.k.p.i.IntermediateProofReplayer Proof replay took 8.5ns 
89434      INFO  main            d.u.i.k.p.r.p.TestFile    ... finished proof: closed. 
89678      INFO  main            d.u.i.k.p.i.AbstractProblemLoader Loading environment from /home/runner/work/key/key/key.core/../key.ui/examples/heap/model_methods/Coll1_add.key.proof 
89678      DEBUG main            d.u.i.k.p.i.AbstractProblemLoader Environment load took 126.9ns 
89679      INFO  main            d.u.i.k.p.i.AbstractProblemLoader Creating init config 
92824      DEBUG main            d.u.i.k.p.i.AbstractProblemLoader Init config took 3.15s 
92875      INFO  main            d.u.i.k.p.i.AbstractProblemLoader Replaying proof Coll1[Coll::add(int)].JML operation contract.0 
92886      DEBUG main            d.u.i.k.p.i.IntermediateProofReplayer Proof replay took 9.18ms 
92887      DEBUG main            d.u.i.k.p.r.p.TestFile    ... success: reloaded. 
92889      INFO  main            d.u.i.k.p.r.p.TestFile    Now processing file /home/runner/work/key/key/key.core/../key.ui/examples/heap/model_methods/Coll1_Coll1_add_pre.key 
92889      INFO  main            d.u.i.k.p.i.AbstractProblemLoader Loading environment from /home/runner/work/key/key/key.core/../key.ui/examples/heap/model_methods/Coll1_Coll1_add_pre.key 
92889      DEBUG main            d.u.i.k.p.i.AbstractProblemLoader Environment load took 226.4ns 
92890      INFO  main            d.u.i.k.p.i.AbstractProblemLoader Creating init config 
96053      DEBUG main            d.u.i.k.p.i.AbstractProblemLoader Init config took 3.16s 
96117      INFO  main            d.u.i.k.p.i.AbstractProblemLoader Replaying proof Coll1[Coll1::add_pre(int)].JML model_behavior operation contract.0 
96119      DEBUG main            d.u.i.k.p.i.IntermediateProofReplayer Proof replay took 7ns 
96221      INFO  main            d.u.i.k.p.r.p.TestFile    ... finished proof: closed. 
96455      INFO  main            d.u.i.k.p.i.AbstractProblemLoader Loading environment from /home/runner/work/key/key/key.core/../key.ui/examples/heap/model_methods/Coll1_Coll1_add_pre.key.proof 
96455      DEBUG main            d.u.i.k.p.i.AbstractProblemLoader Environment load took 153.1ns 
96456      INFO  main            d.u.i.k.p.i.AbstractProblemLoader Creating init config 
99512      DEBUG main            d.u.i.k.p.i.AbstractProblemLoader Init config took 3.06s 
99568      INFO  main            d.u.i.k.p.i.AbstractProblemLoader Replaying proof Coll1[Coll1::add_pre(int)].JML model_behavior operation contract.0 
99572      DEBUG main            d.u.i.k.p.i.IntermediateProofReplayer Proof replay took 1.82ms 
99573      DEBUG main            d.u.i.k.p.r.p.TestFile    ... success: reloaded. 
99575      INFO  main            d.u.i.k.p.r.p.TestFile    Now processing file /home/runner/work/key/key/key.core/../key.ui/examples/heap/model_methods/Coll1_Coll_add_pre.key 
99575      INFO  main            d.u.i.k.p.i.AbstractProblemLoader Loading environment from /home/runner/work/key/key/key.core/../key.ui/examples/heap/model_methods/Coll1_Coll_add_pre.key 
99575      DEBUG main            d.u.i.k.p.i.AbstractProblemLoader Environment load took 250ns 
99576      INFO  main            d.u.i.k.p.i.AbstractProblemLoader Creating init config 
102659     DEBUG main            d.u.i.k.p.i.AbstractProblemLoader Init config took 3.08s 
102709     INFO  main            d.u.i.k.p.i.AbstractProblemLoader Replaying proof Coll1[Coll::add_pre(int)].JML model_behavior operation contract.0 
102713     DEBUG main            d.u.i.k.p.i.IntermediateProofReplayer Proof replay took 26.1ns 
102815     INFO  main            d.u.i.k.p.r.p.TestFile    ... finished proof: closed. 
103069     INFO  main            d.u.i.k.p.i.AbstractProblemLoader Loading environment from /home/runner/work/key/key/key.core/../key.ui/examples/heap/model_methods/Coll1_Coll_add_pre.key.proof 
103069     DEBUG main            d.u.i.k.p.i.AbstractProblemLoader Environment load took 198.1ns 
103070     INFO  main            d.u.i.k.p.i.AbstractProblemLoader Creating init config 
106255     DEBUG main            d.u.i.k.p.i.AbstractProblemLoader Init config took 3.18s 
106305     INFO  main            d.u.i.k.p.i.AbstractProblemLoader Replaying proof Coll1[Coll::add_pre(int)].JML model_behavior operation contract.0 
106310     DEBUG main            d.u.i.k.p.i.IntermediateProofReplayer Proof replay took 2.76ms 
106311     DEBUG main            d.u.i.k.p.r.p.TestFile    ... success: reloaded. 
106312     INFO  main            d.u.i.k.p.r.p.TestFile    Now processing file /home/runner/work/key/key/key.core/../key.ui/examples/heap/model_methods/Coll2_add.key 
106312     INFO  main            d.u.i.k.p.i.AbstractProblemLoader Loading environment from /home/runner/work/key/key/key.core/../key.ui/examples/heap/model_methods/Coll2_add.key 
106313     DEBUG main            d.u.i.k.p.i.AbstractProblemLoader Environment load took 96.5ns 
106314     INFO  main            d.u.i.k.p.i.AbstractProblemLoader Creating init config 
109606     DEBUG main            d.u.i.k.p.i.AbstractProblemLoader Init config took 3.29s 
109660     INFO  main            d.u.i.k.p.i.AbstractProblemLoader Replaying proof Coll2[Coll::add(int)].JML operation contract.0 
109662     DEBUG main            d.u.i.k.p.i.IntermediateProofReplayer Proof replay took 24.1ns 
109767     INFO  main            d.u.i.k.p.r.p.TestFile    ... finished proof: closed. 
110035     INFO  main            d.u.i.k.p.i.AbstractProblemLoader Loading environment from /home/runner/work/key/key/key.core/../key.ui/examples/heap/model_methods/Coll2_add.key.proof 
110035     DEBUG main            d.u.i.k.p.i.AbstractProblemLoader Environment load took 132.5ns 
110037     INFO  main            d.u.i.k.p.i.AbstractProblemLoader Creating init config 
113163     DEBUG main            d.u.i.k.p.i.AbstractProblemLoader Init config took 3.13s 
113209     INFO  main            d.u.i.k.p.i.AbstractProblemLoader Replaying proof Coll2[Coll::add(int)].JML operation contract.0 
113219     DEBUG main            d.u.i.k.p.i.IntermediateProofReplayer Proof replay took 7.94ms 
113220     DEBUG main            d.u.i.k.p.r.p.TestFile    ... success: reloaded. 
113221     INFO  main            d.u.i.k.p.r.p.TestFile    Now processing file /home/runner/work/key/key/key.core/../key.ui/examples/heap/model_methods/Coll2_Coll2_add_pre.key 
113222     INFO  main            d.u.i.k.p.i.AbstractProblemLoader Loading environment from /home/runner/work/key/key/key.core/../key.ui/examples/heap/model_methods/Coll2_Coll2_add_pre.key 
113222     DEBUG main            d.u.i.k.p.i.AbstractProblemLoader Environment load took 395.8ns 
113224     INFO  main            d.u.i.k.p.i.AbstractProblemLoader Creating init config 
116407     DEBUG main            d.u.i.k.p.i.AbstractProblemLoader Init config took 3.18s 
116483     INFO  main            d.u.i.k.p.i.AbstractProblemLoader Replaying proof Coll2[Coll2::add_pre(int)].JML model_behavior operation contract.0 
116485     DEBUG main            d.u.i.k.p.i.IntermediateProofReplayer Proof replay took 8.4ns 
116587     INFO  main            d.u.i.k.p.r.p.TestFile    ... finished proof: closed. 
116851     INFO  main            d.u.i.k.p.i.AbstractProblemLoader Loading environment from /home/runner/work/key/key/key.core/../key.ui/examples/heap/model_methods/Coll2_Coll2_add_pre.key.proof 
116851     DEBUG main            d.u.i.k.p.i.AbstractProblemLoader Environment load took 166.6ns 
116852     INFO  main            d.u.i.k.p.i.AbstractProblemLoader Creating init config 
119923     DEBUG main            d.u.i.k.p.i.AbstractProblemLoader Init config took 3.07s 
119972     INFO  main            d.u.i.k.p.i.AbstractProblemLoader Replaying proof Coll2[Coll2::add_pre(int)].JML model_behavior operation contract.0 
119976     DEBUG main            d.u.i.k.p.i.IntermediateProofReplayer Proof replay took 1.87ms 
119976     DEBUG main            d.u.i.k.p.r.p.TestFile    ... success: reloaded. 
119979     INFO  main            d.u.i.k.p.r.p.TestFile    Now processing file /home/runner/work/key/key/key.core/../key.ui/examples/heap/model_methods/Coll2_Coll_add_pre.key 
119979     INFO  main            d.u.i.k.p.i.AbstractProblemLoader Loading environment from /home/runner/work/key/key/key.core/../key.ui/examples/heap/model_methods/Coll2_Coll_add_pre.key 
119979     DEBUG main            d.u.i.k.p.i.AbstractProblemLoader Environment load took 219.3ns 
119981     INFO  main            d.u.i.k.p.i.AbstractProblemLoader Creating init config 
123014     DEBUG main            d.u.i.k.p.i.AbstractProblemLoader Init config took 3.03s 
123066     INFO  main            d.u.i.k.p.i.AbstractProblemLoader Replaying proof Coll2[Coll::add_pre(int)].JML model_behavior operation contract.0 
123069     DEBUG main            d.u.i.k.p.i.IntermediateProofReplayer Proof replay took 7.1ns 
123171     INFO  main            d.u.i.k.p.r.p.TestFile    ... finished proof: closed. 
123433     INFO  main            d.u.i.k.p.i.AbstractProblemLoader Loading environment from /home/runner/work/key/key/key.core/../key.ui/examples/heap/model_methods/Coll2_Coll_add_pre.key.proof 
123433     DEBUG main            d.u.i.k.p.i.AbstractProblemLoader Environment load took 121.7ns 
123435     INFO  main            d.u.i.k.p.i.AbstractProblemLoader Creating init config 
126463     DEBUG main            d.u.i.k.p.i.AbstractProblemLoader Init config took 3.03s 
126525     INFO  main            d.u.i.k.p.i.AbstractProblemLoader Replaying proof Coll2[Coll::add_pre(int)].JML model_behavior operation contract.0 
126529     DEBUG main            d.u.i.k.p.i.IntermediateProofReplayer Proof replay took 2.38ms 
126530     DEBUG main            d.u.i.k.p.r.p.TestFile    ... success: reloaded. 
126531     INFO  main            d.u.i.k.p.r.p.TestFile    Now processing file /home/runner/work/key/key/key.core/../key.ui/examples/heap/model_methods/Coll_add.key 
126532     INFO  main            d.u.i.k.p.i.AbstractProblemLoader Loading environment from /home/runner/work/key/key/key.core/../key.ui/examples/heap/model_methods/Coll_add.key 
126532     DEBUG main            d.u.i.k.p.i.AbstractProblemLoader Environment load took 193.2ns 
126533     INFO  main            d.u.i.k.p.i.AbstractProblemLoader Creating init config 
129531     DEBUG main            d.u.i.k.p.i.AbstractProblemLoader Init config took 3s 
129596     INFO  main            d.u.i.k.p.i.AbstractProblemLoader Replaying proof Coll[Coll::add(int)].JML operation contract.0 
129598     DEBUG main            d.u.i.k.p.i.IntermediateProofReplayer Proof replay took 7.4ns 
129700     INFO  main            d.u.i.k.p.r.p.TestFile    ... finished proof: closed. 
130000     INFO  main            d.u.i.k.p.i.AbstractProblemLoader Loading environment from /home/runner/work/key/key/key.core/../key.ui/examples/heap/model_methods/Coll_add.key.proof 
130000     DEBUG main            d.u.i.k.p.i.AbstractProblemLoader Environment load took 229.4ns 
130001     INFO  main            d.u.i.k.p.i.AbstractProblemLoader Creating init config 
133060     DEBUG main            d.u.i.k.p.i.AbstractProblemLoader Init config took 3.06s 
133105     INFO  main            d.u.i.k.p.i.AbstractProblemLoader Replaying proof Coll[Coll::add(int)].JML operation contract.0 
133109     DEBUG main            d.u.i.k.p.i.IntermediateProofReplayer Proof replay took 2.49ms 
133110     DEBUG main            d.u.i.k.p.r.p.TestFile    ... success: reloaded. 
133111     INFO  main            d.u.i.k.p.r.p.TestFile    Now processing file /home/runner/work/key/key/key.core/../key.ui/examples/heap/model_methods/Coll_add_pre.key 
133112     INFO  main            d.u.i.k.p.i.AbstractProblemLoader Loading environment from /home/runner/work/key/key/key.core/../key.ui/examples/heap/model_methods/Coll_add_pre.key 
133112     DEBUG main            d.u.i.k.p.i.AbstractProblemLoader Environment load took 186ns 
133113     INFO  main            d.u.i.k.p.i.AbstractProblemLoader Creating init config 
136217     DEBUG main            d.u.i.k.p.i.AbstractProblemLoader Init config took 3.1s 
136261     INFO  main            d.u.i.k.p.i.AbstractProblemLoader Replaying proof Coll[Coll::add_pre(int)].JML model_behavior operation contract.0 
136263     DEBUG main            d.u.i.k.p.i.IntermediateProofReplayer Proof replay took 6.3ns 
136366     INFO  main            d.u.i.k.p.r.p.TestFile    ... finished proof: closed. 
136647     INFO  main            d.u.i.k.p.i.AbstractProblemLoader Loading environment from /home/runner/work/key/key/key.core/../key.ui/examples/heap/model_methods/Coll_add_pre.key.proof 
136648     DEBUG main            d.u.i.k.p.i.AbstractProblemLoader Environment load took 217.4ns 
136649     INFO  main            d.u.i.k.p.i.AbstractProblemLoader Creating init config 
139726     DEBUG main            d.u.i.k.p.i.AbstractProblemLoader Init config took 3.08s 
139770     INFO  main            d.u.i.k.p.i.AbstractProblemLoader Replaying proof Coll[Coll::add_pre(int)].JML model_behavior operation contract.0 
139775     DEBUG main            d.u.i.k.p.i.IntermediateProofReplayer Proof replay took 2.84ms 
139776     DEBUG main            d.u.i.k.p.r.p.TestFile    ... success: reloaded. 
139777     INFO  main            d.u.i.k.p.r.p.TestFile    Now processing file /home/runner/work/key/key/key.core/../key.ui/examples/heap/model_methods/Indirect_callAdd.key 
139778     INFO  main            d.u.i.k.p.i.AbstractProblemLoader Loading environment from /home/runner/work/key/key/key.core/../key.ui/examples/heap/model_methods/Indirect_callAdd.key 
139778     DEBUG main            d.u.i.k.p.i.AbstractProblemLoader Environment load took 108.6ns 
139779     INFO  main            d.u.i.k.p.i.AbstractProblemLoader Creating init config 
142867     DEBUG main            d.u.i.k.p.i.AbstractProblemLoader Init config took 3.09s 
142912     INFO  main            d.u.i.k.p.i.AbstractProblemLoader Replaying proof Indirect[Indirect::callAdd(Coll,int)].JML operation contract.0 
142916     DEBUG main            d.u.i.k.p.i.IntermediateProofReplayer Proof replay took 7.3ns 
143118     INFO  main            d.u.i.k.p.r.p.TestFile    ... finished proof: closed. 
143429     INFO  main            d.u.i.k.p.i.AbstractProblemLoader Loading environment from /home/runner/work/key/key/key.core/../key.ui/examples/heap/model_methods/Indirect_callAdd.key.proof 
143429     DEBUG main            d.u.i.k.p.i.AbstractProblemLoader Environment load took 129.9ns 
143430     INFO  main            d.u.i.k.p.i.AbstractProblemLoader Creating init config 
146439     DEBUG main            d.u.i.k.p.i.AbstractProblemLoader Init config took 3.01s 
146485     INFO  main            d.u.i.k.p.i.AbstractProblemLoader Replaying proof Indirect[Indirect::callAdd(Coll,int)].JML operation contract.0 
146516     DEBUG main            d.u.i.k.p.i.IntermediateProofReplayer Proof replay took 28.78ms 
146517     DEBUG main            d.u.i.k.p.r.p.TestFile    ... success: reloaded. 
146518     INFO  main            d.u.i.k.p.r.p.TestFile    Now processing file /home/runner/work/key/key/key.core/../key.ui/examples/heap/model_methods/Indirect_test.key 
146519     INFO  main            d.u.i.k.p.i.AbstractProblemLoader Loading environment from /home/runner/work/key/key/key.core/../key.ui/examples/heap/model_methods/Indirect_test.key 
146519     DEBUG main            d.u.i.k.p.i.AbstractProblemLoader Environment load took 170ns 
146520     INFO  main            d.u.i.k.p.i.AbstractProblemLoader Creating init config 
149647     DEBUG main            d.u.i.k.p.i.AbstractProblemLoader Init config took 3.13s 
149720     INFO  main            d.u.i.k.p.i.AbstractProblemLoader Replaying proof Indirect[Indirect::test(Coll1,Coll2)].JML operation contract.0 
149722     DEBUG main            d.u.i.k.p.i.IntermediateProofReplayer Proof replay took 7.9ns 
150024     INFO  main            d.u.i.k.p.r.p.TestFile    ... finished proof: closed. 
150340     INFO  main            d.u.i.k.p.i.AbstractProblemLoader Loading environment from /home/runner/work/key/key/key.core/../key.ui/examples/heap/model_methods/Indirect_test.key.proof 
150340     DEBUG main            d.u.i.k.p.i.AbstractProblemLoader Environment load took 425.4ns 
150341     INFO  main            d.u.i.k.p.i.AbstractProblemLoader Creating init config 
153368     DEBUG main            d.u.i.k.p.i.AbstractProblemLoader Init config took 3.03s 
153417     INFO  main            d.u.i.k.p.i.AbstractProblemLoader Replaying proof Indirect[Indirect::test(Coll1,Coll2)].JML operation contract.0 
153491     DEBUG main            d.u.i.k.p.i.IntermediateProofReplayer Proof replay took 70.35ms 
153493     DEBUG main            d.u.i.k.p.r.p.TestFile    ... success: reloaded. 
153495     INFO  main            d.u.i.k.p.r.p.TestFile    Now processing file /home/runner/work/key/key/key.core/../key.ui/examples/heap/model_methods/Recell_Cell_footprint.key 
153496     INFO  main            d.u.i.k.p.i.AbstractProblemLoader Loading environment from /home/runner/work/key/key/key.core/../key.ui/examples/heap/model_methods/Recell_Cell_footprint.key 
153497     DEBUG main            d.u.i.k.p.i.AbstractProblemLoader Environment load took 154.8ns 
153498     INFO  main            d.u.i.k.p.i.AbstractProblemLoader Creating init config 
156646     DEBUG main            d.u.i.k.p.i.AbstractProblemLoader Init config took 3.15s 
156695     INFO  main            d.u.i.k.p.i.AbstractProblemLoader Replaying proof Recell[Cell::footprint()].JML model_behavior operation contract.0 
156698     DEBUG main            d.u.i.k.p.i.IntermediateProofReplayer Proof replay took 7.6ns 
156800     INFO  main            d.u.i.k.p.r.p.TestFile    ... finished proof: closed. 
157117     INFO  main            d.u.i.k.p.i.AbstractProblemLoader Loading environment from /home/runner/work/key/key/key.core/../key.ui/examples/heap/model_methods/Recell_Cell_footprint.key.proof 
157117     DEBUG main            d.u.i.k.p.i.AbstractProblemLoader Environment load took 141.7ns 
157118     INFO  main            d.u.i.k.p.i.AbstractProblemLoader Creating init config 
160144     DEBUG main            d.u.i.k.p.i.AbstractProblemLoader Init config took 3.03s 
160202     INFO  main            d.u.i.k.p.i.AbstractProblemLoader Replaying proof Recell[Cell::footprint()].JML model_behavior operation contract.0 
160208     DEBUG main            d.u.i.k.p.i.IntermediateProofReplayer Proof replay took 3.89ms 
160209     DEBUG main            d.u.i.k.p.r.p.TestFile    ... success: reloaded. 
160210     INFO  main            d.u.i.k.p.r.p.TestFile    Now processing file /home/runner/work/key/key/key.core/../key.ui/examples/heap/model_methods/Recell_Cell_post_set.key 
160210     INFO  main            d.u.i.k.p.i.AbstractProblemLoader Loading environment from /home/runner/work/key/key/key.core/../key.ui/examples/heap/model_methods/Recell_Cell_post_set.key 
160210     DEBUG main            d.u.i.k.p.i.AbstractProblemLoader Environment load took 67.6ns 
160211     INFO  main            d.u.i.k.p.i.AbstractProblemLoader Creating init config 
163203     DEBUG main            d.u.i.k.p.i.AbstractProblemLoader Init config took 2.99s 
163247     INFO  main            d.u.i.k.p.i.AbstractProblemLoader Replaying proof Recell[Cell::post_set(int)].JML model_behavior operation contract.0 
163249     DEBUG main            d.u.i.k.p.i.IntermediateProofReplayer Proof replay took 7ns 
163351     INFO  main            d.u.i.k.p.r.p.TestFile    ... finished proof: closed. 
163667     INFO  main            d.u.i.k.p.i.AbstractProblemLoader Loading environment from /home/runner/work/key/key/key.core/../key.ui/examples/heap/model_methods/Recell_Cell_post_set.key.proof 
163668     DEBUG main            d.u.i.k.p.i.AbstractProblemLoader Environment load took 139.4ns 
163669     INFO  main            d.u.i.k.p.i.AbstractProblemLoader Creating init config 
166685     DEBUG main            d.u.i.k.p.i.AbstractProblemLoader Init config took 3.02s 
166729     INFO  main            d.u.i.k.p.i.AbstractProblemLoader Replaying proof Recell[Cell::post_set(int)].JML model_behavior operation contract.0 
166736     DEBUG main            d.u.i.k.p.i.IntermediateProofReplayer Proof replay took 5.27ms 
166737     DEBUG main            d.u.i.k.p.r.p.TestFile    ... success: reloaded. 
166738     INFO  main            d.u.i.k.p.r.p.TestFile    Now processing file /home/runner/work/key/key/key.core/../key.ui/examples/heap/model_methods/Recell_footprint_acc.key 
166739     INFO  main            d.u.i.k.p.i.AbstractProblemLoader Loading environment from /home/runner/work/key/key/key.core/../key.ui/examples/heap/model_methods/Recell_footprint_acc.key 
166739     DEBUG main            d.u.i.k.p.i.AbstractProblemLoader Environment load took 148ns 
166740     INFO  main            d.u.i.k.p.i.AbstractProblemLoader Creating init config 
169769     DEBUG main            d.u.i.k.p.i.AbstractProblemLoader Init config took 3.03s 
169814     INFO  main            d.u.i.k.p.i.AbstractProblemLoader Replaying proof Recell[Cell::footprint()].JML accessible clause.0 
169815     DEBUG main            d.u.i.k.p.i.IntermediateProofReplayer Proof replay took 8.2ns 
169917     INFO  main            d.u.i.k.p.r.p.TestFile    ... finished proof: closed. 
170240     INFO  main            d.u.i.k.p.i.AbstractProblemLoader Loading environment from /home/runner/work/key/key/key.core/../key.ui/examples/heap/model_methods/Recell_footprint_acc.key.proof 
170240     DEBUG main            d.u.i.k.p.i.AbstractProblemLoader Environment load took 129.2ns 
170241     INFO  main            d.u.i.k.p.i.AbstractProblemLoader Creating init config 
173234     DEBUG main            d.u.i.k.p.i.AbstractProblemLoader Init config took 2.99s 
173279     INFO  main            d.u.i.k.p.i.AbstractProblemLoader Replaying proof Recell[Cell::footprint()].JML accessible clause.0 
173305     DEBUG main            d.u.i.k.p.i.IntermediateProofReplayer Proof replay took 22.9ms 
173306     DEBUG main            d.u.i.k.p.r.p.TestFile    ... success: reloaded. 
173307     INFO  main            d.u.i.k.p.r.p.TestFile    Now processing file /home/runner/work/key/key/key.core/../key.ui/examples/heap/model_methods/Recell_get_acc.key 
173307     INFO  main            d.u.i.k.p.i.AbstractProblemLoader Loading environment from /home/runner/work/key/key/key.core/../key.ui/examples/heap/model_methods/Recell_get_acc.key 
173307     DEBUG main            d.u.i.k.p.i.AbstractProblemLoader Environment load took 140.9ns 
173308     INFO  main            d.u.i.k.p.i.AbstractProblemLoader Creating init config 
176353     DEBUG main            d.u.i.k.p.i.AbstractProblemLoader Init config took 3.04s 
176399     INFO  main            d.u.i.k.p.i.AbstractProblemLoader Replaying proof Recell[Cell::get()].JML accessible clause.0 
176401     DEBUG main            d.u.i.k.p.i.IntermediateProofReplayer Proof replay took 8ns 
176504     INFO  main            d.u.i.k.p.r.p.TestFile    ... finished proof: closed. 
176854     INFO  main            d.u.i.k.p.i.AbstractProblemLoader Loading environment from /home/runner/work/key/key/key.core/../key.ui/examples/heap/model_methods/Recell_get_acc.key.proof 
176854     DEBUG main            d.u.i.k.p.i.AbstractProblemLoader Environment load took 126.7ns 
176855     INFO  main            d.u.i.k.p.i.AbstractProblemLoader Creating init config 
179810     DEBUG main            d.u.i.k.p.i.AbstractProblemLoader Init config took 2.95s 
179855     INFO  main            d.u.i.k.p.i.AbstractProblemLoader Replaying proof Recell[Cell::get()].JML accessible clause.0 
179879     DEBUG main            d.u.i.k.p.i.IntermediateProofReplayer Proof replay took 21.23ms 
179880     DEBUG main            d.u.i.k.p.r.p.TestFile    ... success: reloaded. 
179881     INFO  main            d.u.i.k.p.r.p.TestFile    Now processing file /home/runner/work/key/key/key.core/../key.ui/examples/heap/model_methods/Recell_get.key 
179881     INFO  main            d.u.i.k.p.i.AbstractProblemLoader Loading environment from /home/runner/work/key/key/key.core/../key.ui/examples/heap/model_methods/Recell_get.key 
179881     DEBUG main            d.u.i.k.p.i.AbstractProblemLoader Environment load took 124ns 
179882     INFO  main            d.u.i.k.p.i.AbstractProblemLoader Creating init config 
182881     DEBUG main            d.u.i.k.p.i.AbstractProblemLoader Init config took 3s 
182927     INFO  main            d.u.i.k.p.i.AbstractProblemLoader Replaying proof Recell[Cell::get()].JML operation contract.0 
182929     DEBUG main            d.u.i.k.p.i.IntermediateProofReplayer Proof replay took 7.8ns 
183035     INFO  main            d.u.i.k.p.r.p.TestFile    ... finished proof: closed. 
183371     INFO  main            d.u.i.k.p.i.AbstractProblemLoader Loading environment from /home/runner/work/key/key/key.core/../key.ui/examples/heap/model_methods/Recell_get.key.proof 
183371     DEBUG main            d.u.i.k.p.i.AbstractProblemLoader Environment load took 124.8ns 
183372     INFO  main            d.u.i.k.p.i.AbstractProblemLoader Creating init config 
186340     DEBUG main            d.u.i.k.p.i.AbstractProblemLoader Init config took 2.97s 
186384     INFO  main            d.u.i.k.p.i.AbstractProblemLoader Replaying proof Recell[Cell::get()].JML operation contract.0 
186398     DEBUG main            d.u.i.k.p.i.IntermediateProofReplayer Proof replay took 11.64ms 
186398     DEBUG main            d.u.i.k.p.r.p.TestFile    ... success: reloaded. 
186399     INFO  main            d.u.i.k.p.r.p.TestFile    Now processing file /home/runner/work/key/key/key.core/../key.ui/examples/heap/model_methods/Recell_Recell_footprint.key 
186400     INFO  main            d.u.i.k.p.i.AbstractProblemLoader Loading environment from /home/runner/work/key/key/key.core/../key.ui/examples/heap/model_methods/Recell_Recell_footprint.key 
186400     DEBUG main            d.u.i.k.p.i.AbstractProblemLoader Environment load took 102.6ns 
186401     INFO  main            d.u.i.k.p.i.AbstractProblemLoader Creating init config 
189505     DEBUG main            d.u.i.k.p.i.AbstractProblemLoader Init config took 3.1s 
189549     INFO  main            d.u.i.k.p.i.AbstractProblemLoader Replaying proof Recell[Recell::footprint()].JML model_behavior operation contract.0 
189551     DEBUG main            d.u.i.k.p.i.IntermediateProofReplayer Proof replay took 6.8ns 
189653     INFO  main            d.u.i.k.p.r.p.TestFile    ... finished proof: closed. 
190004     INFO  main            d.u.i.k.p.i.AbstractProblemLoader Loading environment from /home/runner/work/key/key/key.core/../key.ui/examples/heap/model_methods/Recell_Recell_footprint.key.proof 
190004     DEBUG main            d.u.i.k.p.i.AbstractProblemLoader Environment load took 107.1ns 
190005     INFO  main            d.u.i.k.p.i.AbstractProblemLoader Creating init config 
192970     DEBUG main            d.u.i.k.p.i.AbstractProblemLoader Init config took 2.96s 
193030     INFO  main            d.u.i.k.p.i.AbstractProblemLoader Replaying proof Recell[Recell::footprint()].JML model_behavior operation contract.0 
193033     DEBUG main            d.u.i.k.p.i.IntermediateProofReplayer Proof replay took 1.61ms 
193034     DEBUG main            d.u.i.k.p.r.p.TestFile    ... success: reloaded. 
193035     INFO  main            d.u.i.k.p.r.p.TestFile    Now processing file /home/runner/work/key/key/key.core/../key.ui/examples/heap/model_methods/Recell_Recell_post_set.key 
193036     INFO  main            d.u.i.k.p.i.AbstractProblemLoader Loading environment from /home/runner/work/key/key/key.core/../key.ui/examples/heap/model_methods/Recell_Recell_post_set.key 
193036     DEBUG main            d.u.i.k.p.i.AbstractProblemLoader Environment load took 280.2ns 
193037     INFO  main            d.u.i.k.p.i.AbstractProblemLoader Creating init config 
196082     DEBUG main            d.u.i.k.p.i.AbstractProblemLoader Init config took 3.04s 
196139     INFO  main            d.u.i.k.p.i.AbstractProblemLoader Replaying proof Recell[Recell::post_set(int)].JML model_behavior operation contract.0 
196141     DEBUG main            d.u.i.k.p.i.IntermediateProofReplayer Proof replay took 7.5ns 
196243     INFO  main            d.u.i.k.p.r.p.TestFile    ... finished proof: closed. 
196609     INFO  main            d.u.i.k.p.i.AbstractProblemLoader Loading environment from /home/runner/work/key/key/key.core/../key.ui/examples/heap/model_methods/Recell_Recell_post_set.key.proof 
196609     DEBUG main            d.u.i.k.p.i.AbstractProblemLoader Environment load took 154ns 
196610     INFO  main            d.u.i.k.p.i.AbstractProblemLoader Creating init config 
199618     DEBUG main            d.u.i.k.p.i.AbstractProblemLoader Init config took 3.01s 
199666     INFO  main            d.u.i.k.p.i.AbstractProblemLoader Replaying proof Recell[Recell::post_set(int)].JML model_behavior operation contract.0 
199673     DEBUG main            d.u.i.k.p.i.IntermediateProofReplayer Proof replay took 4.59ms 
199674     DEBUG main            d.u.i.k.p.r.p.TestFile    ... success: reloaded. 
199676     INFO  main            d.u.i.k.p.r.p.TestFile    Now processing file /home/runner/work/key/key/key.core/../key.ui/examples/heap/model_methods/Recell_set.key 
199676     INFO  main            d.u.i.k.p.i.AbstractProblemLoader Loading environment from /home/runner/work/key/key/key.core/../key.ui/examples/heap/model_methods/Recell_set.key 
199676     DEBUG main            d.u.i.k.p.i.AbstractProblemLoader Environment load took 129.1ns 
199677     INFO  main            d.u.i.k.p.i.AbstractProblemLoader Creating init config 
202670     DEBUG main            d.u.i.k.p.i.AbstractProblemLoader Init config took 2.99s 
202715     INFO  main            d.u.i.k.p.i.AbstractProblemLoader Replaying proof Recell[Cell::set(int)].JML operation contract.0 
202718     DEBUG main            d.u.i.k.p.i.IntermediateProofReplayer Proof replay took 7.9ns 
210903     INFO  main            d.u.i.k.p.r.p.TestFile    ... finished proof: closed. 
211306     INFO  main            d.u.i.k.p.i.AbstractProblemLoader Loading environment from /home/runner/work/key/key/key.core/../key.ui/examples/heap/model_methods/Recell_set.key.proof 
211306     DEBUG main            d.u.i.k.p.i.AbstractProblemLoader Environment load took 407.4ns 
211308     INFO  main            d.u.i.k.p.i.AbstractProblemLoader Creating init config 
214280     DEBUG main            d.u.i.k.p.i.AbstractProblemLoader Init config took 2.97s 
214324     INFO  main            d.u.i.k.p.i.AbstractProblemLoader Replaying proof Recell[Cell::set(int)].JML operation contract.0 
214964     DEBUG main            d.u.i.k.p.i.IntermediateProofReplayer Proof replay took 621.1ms 
214966     DEBUG main            d.u.i.k.p.r.p.TestFile    ... success: reloaded. 
214967     INFO  main            d.u.i.k.p.r.p.TestFile    Now processing file /home/runner/work/key/key/key.core/../key.ui/examples/heap/model_methods/Recell_undo.key 
214968     INFO  main            d.u.i.k.p.i.AbstractProblemLoader Loading environment from /home/runner/work/key/key/key.core/../key.ui/examples/heap/model_methods/Recell_undo.key 
214968     DEBUG main            d.u.i.k.p.i.AbstractProblemLoader Environment load took 311.2ns 
214969     INFO  main            d.u.i.k.p.i.AbstractProblemLoader Creating init config 
218075     DEBUG main            d.u.i.k.p.i.AbstractProblemLoader Init config took 3.11s 
218123     INFO  main            d.u.i.k.p.i.AbstractProblemLoader Replaying proof Recell[Recell::undo()].JML operation contract.0 
218125     DEBUG main            d.u.i.k.p.i.IntermediateProofReplayer Proof replay took 19.2ns 
218329     INFO  main            d.u.i.k.p.r.p.TestFile    ... finished proof: closed. 
218709     INFO  main            d.u.i.k.p.i.AbstractProblemLoader Loading environment from /home/runner/work/key/key/key.core/../key.ui/examples/heap/model_methods/Recell_undo.key.proof 
218709     DEBUG main            d.u.i.k.p.i.AbstractProblemLoader Environment load took 112.3ns 
218710     INFO  main            d.u.i.k.p.i.AbstractProblemLoader Creating init config 
221828     DEBUG main            d.u.i.k.p.i.AbstractProblemLoader Init config took 3.12s 
221884     INFO  main            d.u.i.k.p.i.AbstractProblemLoader Replaying proof Recell[Recell::undo()].JML operation contract.0 
221928     DEBUG main            d.u.i.k.p.i.IntermediateProofReplayer Proof replay took 40.29ms 
221928     DEBUG main            d.u.i.k.p.r.p.TestFile    ... success: reloaded. 
5273518    INFO  Test worker     d.u.i.k.p.r.RunAllProofsTestUnit Returning from test modelMethods 
5273519    INFO  Test worker     d.u.i.k.p.r.RunAllProofsTestUnit Running test permissionHeap 
441        INFO  Timeout watchdog d.u.i.k.p.r.p.ForkedTestFileRunner Timeout watcher launched (2000 secs.) 
456        WARN  main            d.u.i.k.s.ProofSettings   The settings in /home/runner/.key/proof-settings.props are *not* read. 
509        INFO  main            d.u.i.k.p.r.p.TestFile    Now processing file /home/runner/work/key/key/key.core/../key.ui/examples/heap/permissions/permissions_method0.key 
673        INFO  main            d.u.i.k.p.i.AbstractProblemLoader Loading environment from /home/runner/work/key/key/key.core/../key.ui/examples/heap/permissions/permissions_method0.key 
695        DEBUG main            d.u.i.k.p.i.AbstractProblemLoader Environment load took 2.27ms 
982        INFO  main            d.u.i.k.p.i.AbstractProblemLoader Creating init config 
2277       DEBUG main            d.u.i.k.j.TypeConverter   No LDT found for Meta 
2277       DEBUG main            d.u.i.k.j.TypeConverter   No LDT found for Meta 
2282       DEBUG main            d.u.i.k.j.TypeConverter   No LDT found for Meta 
2282       DEBUG main            d.u.i.k.j.TypeConverter   No LDT found for Meta 
3999       DEBUG main            d.u.i.k.j.TypeConverter   No LDT found for JavaBigintExpression 
10214      DEBUG main            d.u.i.k.p.i.AbstractProblemLoader Init config took 9.23s 
10359      INFO  main            d.u.i.k.p.i.AbstractProblemLoader Replaying proof MyClass[MyClass::method0()].JML normal_behavior operation contract.0 
10405      DEBUG main            d.u.i.k.p.i.IntermediateProofReplayer Proof replay took 35.2ns 
11439      INFO  main            d.u.i.k.p.r.p.TestFile    ... finished proof: closed. 
11580      INFO  main            d.u.i.k.p.i.AbstractProblemLoader Loading environment from /home/runner/work/key/key/key.core/../key.ui/examples/heap/permissions/permissions_method0.key.proof 
11585      DEBUG main            d.u.i.k.p.i.AbstractProblemLoader Environment load took 4.65ms 
11588      INFO  main            d.u.i.k.p.i.AbstractProblemLoader Creating init config 
15216      DEBUG main            d.u.i.k.p.i.AbstractProblemLoader Init config took 3.63s 
15297      INFO  main            d.u.i.k.p.i.AbstractProblemLoader Replaying proof MyClass[MyClass::method0()].JML normal_behavior operation contract.0 
15517      DEBUG main            d.u.i.k.p.i.IntermediateProofReplayer Proof replay took 212.92ms 
15527      DEBUG main            d.u.i.k.p.r.p.TestFile    ... success: reloaded. 
15530      INFO  main            d.u.i.k.p.r.p.TestFile    Now processing file /home/runner/work/key/key/key.core/../key.ui/examples/heap/permissions/permissions_method1.key 
15530      INFO  main            d.u.i.k.p.i.AbstractProblemLoader Loading environment from /home/runner/work/key/key/key.core/../key.ui/examples/heap/permissions/permissions_method1.key 
15530      DEBUG main            d.u.i.k.p.i.AbstractProblemLoader Environment load took 210.8ns 
15533      INFO  main            d.u.i.k.p.i.AbstractProblemLoader Creating init config 
18994      DEBUG main            d.u.i.k.p.i.AbstractProblemLoader Init config took 3.46s 
19063      INFO  main            d.u.i.k.p.i.AbstractProblemLoader Replaying proof MyClass[MyClass::method1()].JML normal_behavior operation contract.0 
19066      DEBUG main            d.u.i.k.p.i.IntermediateProofReplayer Proof replay took 6.4ns 
19370      INFO  main            d.u.i.k.p.r.p.TestFile    ... finished proof: closed. 
19557      INFO  main            d.u.i.k.p.i.AbstractProblemLoader Loading environment from /home/runner/work/key/key/key.core/../key.ui/examples/heap/permissions/permissions_method1.key.proof 
19561      DEBUG main            d.u.i.k.p.i.AbstractProblemLoader Environment load took 3.66ms 
19563      INFO  main            d.u.i.k.p.i.AbstractProblemLoader Creating init config 
22795      DEBUG main            d.u.i.k.p.i.AbstractProblemLoader Init config took 3.23s 
22854      INFO  main            d.u.i.k.p.i.AbstractProblemLoader Replaying proof MyClass[MyClass::method1()].JML normal_behavior operation contract.0 
22935      DEBUG main            d.u.i.k.p.i.IntermediateProofReplayer Proof replay took 76.26ms 
22937      DEBUG main            d.u.i.k.p.r.p.TestFile    ... success: reloaded. 
22938      INFO  main            d.u.i.k.p.r.p.TestFile    Now processing file /home/runner/work/key/key/key.core/../key.ui/examples/heap/permissions/permissions_method3.key 
22939      INFO  main            d.u.i.k.p.i.AbstractProblemLoader Loading environment from /home/runner/work/key/key/key.core/../key.ui/examples/heap/permissions/permissions_method3.key 
22939      DEBUG main            d.u.i.k.p.i.AbstractProblemLoader Environment load took 203.3ns 
22940      INFO  main            d.u.i.k.p.i.AbstractProblemLoader Creating init config 
26140      DEBUG main            d.u.i.k.p.i.AbstractProblemLoader Init config took 3.2s 
26201      INFO  main            d.u.i.k.p.i.AbstractProblemLoader Replaying proof MyClass[MyClass::method3()].JML normal_behavior operation contract.0 
26204      DEBUG main            d.u.i.k.p.i.IntermediateProofReplayer Proof replay took 6.1ns 
28037      INFO  main            d.u.i.k.p.r.p.TestFile    ... finished proof: closed. 
28266      INFO  main            d.u.i.k.p.i.AbstractProblemLoader Loading environment from /home/runner/work/key/key/key.core/../key.ui/examples/heap/permissions/permissions_method3.key.proof 
28267      DEBUG main            d.u.i.k.p.i.AbstractProblemLoader Environment load took 1.11ms 
28269      INFO  main            d.u.i.k.p.i.AbstractProblemLoader Creating init config 
31472      DEBUG main            d.u.i.k.p.i.AbstractProblemLoader Init config took 3.2s 
31532      INFO  main            d.u.i.k.p.i.AbstractProblemLoader Replaying proof MyClass[MyClass::method3()].JML normal_behavior operation contract.0 
31970      DEBUG main            d.u.i.k.p.i.IntermediateProofReplayer Proof replay took 426.75ms 
31972      DEBUG main            d.u.i.k.p.r.p.TestFile    ... success: reloaded. 
31974      INFO  main            d.u.i.k.p.r.p.TestFile    Now processing file /home/runner/work/key/key/key.core/../key.ui/examples/heap/permissions/permissions_setAB.key 
31975      INFO  main            d.u.i.k.p.i.AbstractProblemLoader Loading environment from /home/runner/work/key/key/key.core/../key.ui/examples/heap/permissions/permissions_setAB.key 
31975      DEBUG main            d.u.i.k.p.i.AbstractProblemLoader Environment load took 196.1ns 
31976      INFO  main            d.u.i.k.p.i.AbstractProblemLoader Creating init config 
35261      DEBUG main            d.u.i.k.p.i.AbstractProblemLoader Init config took 3.29s 
35320      INFO  main            d.u.i.k.p.i.AbstractProblemLoader Replaying proof MyClass[MyClass::setAB()].JML normal_behavior operation contract.0 
35322      DEBUG main            d.u.i.k.p.i.IntermediateProofReplayer Proof replay took 6.5ns 
37335      INFO  main            d.u.i.k.p.r.p.TestFile    ... finished proof: closed. 
37597      INFO  main            d.u.i.k.p.i.AbstractProblemLoader Loading environment from /home/runner/work/key/key/key.core/../key.ui/examples/heap/permissions/permissions_setAB.key.proof 
37598      DEBUG main            d.u.i.k.p.i.AbstractProblemLoader Environment load took 443.1ns 
37599      INFO  main            d.u.i.k.p.i.AbstractProblemLoader Creating init config 
40840      DEBUG main            d.u.i.k.p.i.AbstractProblemLoader Init config took 3.24s 
40899      INFO  main            d.u.i.k.p.i.AbstractProblemLoader Replaying proof MyClass[MyClass::setAB()].JML normal_behavior operation contract.0 
41185      DEBUG main            d.u.i.k.p.i.IntermediateProofReplayer Proof replay took 278.78ms 
41187      DEBUG main            d.u.i.k.p.r.p.TestFile    ... success: reloaded. 
41188      INFO  main            d.u.i.k.p.r.p.TestFile    Now processing file /home/runner/work/key/key/key.core/../key.ui/examples/heap/permissions/permissionProperties.key 
41189      INFO  main            d.u.i.k.p.i.AbstractProblemLoader Loading environment from /home/runner/work/key/key/key.core/../key.ui/examples/heap/permissions/permissionProperties.key 
41189      DEBUG main            d.u.i.k.p.i.AbstractProblemLoader Environment load took 244.2ns 
41191      INFO  main            d.u.i.k.p.i.AbstractProblemLoader Creating init config 
41384      DEBUG main            d.u.i.k.j.TypeConverter   No LDT found for Meta 
41385      DEBUG main            d.u.i.k.j.TypeConverter   No LDT found for Meta 
41386      DEBUG main            d.u.i.k.j.TypeConverter   No LDT found for Meta 
41386      DEBUG main            d.u.i.k.j.TypeConverter   No LDT found for Meta 
42249      DEBUG main            d.u.i.k.j.TypeConverter   No LDT found for JavaBigintExpression 
45558      DEBUG main            d.u.i.k.p.i.AbstractProblemLoader Init config took 4.37s 
45583      INFO  main            d.u.i.k.p.i.AbstractProblemLoader Replaying proof permissionProperties.key 
45586      DEBUG main            d.u.i.k.p.i.IntermediateProofReplayer Proof replay took 6.4ns 
45691      INFO  main            d.u.i.k.p.r.p.TestFile    ... finished proof: closed. 
45888      INFO  main            d.u.i.k.p.i.AbstractProblemLoader Loading environment from /home/runner/work/key/key/key.core/../key.ui/examples/heap/permissions/permissionProperties.key.proof 
45889      DEBUG main            d.u.i.k.p.i.AbstractProblemLoader Environment load took 559.4ns 
45890      INFO  main            d.u.i.k.p.i.AbstractProblemLoader Creating init config 
48800      DEBUG main            d.u.i.k.p.i.AbstractProblemLoader Init config took 2.91s 
48827      INFO  main            d.u.i.k.p.i.AbstractProblemLoader Replaying proof permissionProperties.key.proof 
48859      DEBUG main            d.u.i.k.p.i.IntermediateProofReplayer Proof replay took 28.78ms 
48860      DEBUG main            d.u.i.k.p.r.p.TestFile    ... success: reloaded. 
48862      INFO  main            d.u.i.k.p.r.p.TestFile    Now processing file /home/runner/work/key/key/key.core/../key.ui/examples/heap/permissions/threads/AFilter_AFilter.key 
48862      INFO  main            d.u.i.k.p.i.AbstractProblemLoader Loading environment from /home/runner/work/key/key/key.core/../key.ui/examples/heap/permissions/threads/AFilter_AFilter.key 
48862      DEBUG main            d.u.i.k.p.i.AbstractProblemLoader Environment load took 343.8ns 
48864      INFO  main            d.u.i.k.p.i.AbstractProblemLoader Creating init config 
49025      DEBUG main            d.u.i.k.j.TypeConverter   No LDT found for Meta 
49026      DEBUG main            d.u.i.k.j.TypeConverter   No LDT found for Meta 
49027      DEBUG main            d.u.i.k.j.TypeConverter   No LDT found for Meta 
49027      DEBUG main            d.u.i.k.j.TypeConverter   No LDT found for Meta 
49924      DEBUG main            d.u.i.k.j.TypeConverter   No LDT found for JavaBigintExpression 
56258      DEBUG main            d.u.i.k.p.i.AbstractProblemLoader Init config took 7.39s 
56384      INFO  main            d.u.i.k.p.i.AbstractProblemLoader Replaying proof AFilter[AFilter::AFilter(Sampler,Buffer)].JML normal_behavior operation contract.0 
56386      DEBUG main            d.u.i.k.p.i.IntermediateProofReplayer Proof replay took 7.1ns 
57592      INFO  main            d.u.i.k.p.r.p.TestFile    ... finished proof: closed. 
57931      INFO  main            d.u.i.k.p.i.AbstractProblemLoader Loading environment from /home/runner/work/key/key/key.core/../key.ui/examples/heap/permissions/threads/AFilter_AFilter.key.proof 
57933      DEBUG main            d.u.i.k.p.i.AbstractProblemLoader Environment load took 1.88ms 
57934      INFO  main            d.u.i.k.p.i.AbstractProblemLoader Creating init config 
63477      DEBUG main            d.u.i.k.p.i.AbstractProblemLoader Init config took 5.54s 
63611      INFO  main            d.u.i.k.p.i.AbstractProblemLoader Replaying proof AFilter[AFilter::AFilter(Sampler,Buffer)].JML normal_behavior operation contract.0 
63816      DEBUG main            d.u.i.k.p.i.IntermediateProofReplayer Proof replay took 199.89ms 
63817      DEBUG main            d.u.i.k.p.r.p.TestFile    ... success: reloaded. 
63819      INFO  main            d.u.i.k.p.r.p.TestFile    Now processing file /home/runner/work/key/key/key.core/../key.ui/examples/heap/permissions/threads/AFilter_initPost_accessible.key 
63820      INFO  main            d.u.i.k.p.i.AbstractProblemLoader Loading environment from /home/runner/work/key/key/key.core/../key.ui/examples/heap/permissions/threads/AFilter_initPost_accessible.key 
63820      DEBUG main            d.u.i.k.p.i.AbstractProblemLoader Environment load took 228.4ns 
63821      INFO  main            d.u.i.k.p.i.AbstractProblemLoader Creating init config 
69439      DEBUG main            d.u.i.k.p.i.AbstractProblemLoader Init config took 5.62s 
69574      INFO  main            d.u.i.k.p.i.AbstractProblemLoader Replaying proof AFilter[ThreadSpec2::initPost()].JML accessible clause.0 
69577      DEBUG main            d.u.i.k.p.i.IntermediateProofReplayer Proof replay took 7.1ns 
69679      INFO  main            d.u.i.k.p.r.p.TestFile    ... finished proof: closed. 
69950      INFO  main            d.u.i.k.p.i.AbstractProblemLoader Loading environment from /home/runner/work/key/key/key.core/../key.ui/examples/heap/permissions/threads/AFilter_initPost_accessible.key.proof 
69950      DEBUG main            d.u.i.k.p.i.AbstractProblemLoader Environment load took 138.6ns 
69951      INFO  main            d.u.i.k.p.i.AbstractProblemLoader Creating init config 
75522      DEBUG main            d.u.i.k.p.i.AbstractProblemLoader Init config took 5.57s 
75625      INFO  main            d.u.i.k.p.i.AbstractProblemLoader Replaying proof AFilter[ThreadSpec2::initPost()].JML accessible clause.0 
75643      DEBUG main            d.u.i.k.p.i.IntermediateProofReplayer Proof replay took 15.64ms 
75644      DEBUG main            d.u.i.k.p.r.p.TestFile    ... success: reloaded. 
75646      INFO  main            d.u.i.k.p.r.p.TestFile    Now processing file /home/runner/work/key/key/key.core/../key.ui/examples/heap/permissions/threads/AFilter_inv_accessible1.key 
75646      INFO  main            d.u.i.k.p.i.AbstractProblemLoader Loading environment from /home/runner/work/key/key/key.core/../key.ui/examples/heap/permissions/threads/AFilter_inv_accessible1.key 
75646      DEBUG main            d.u.i.k.p.i.AbstractProblemLoader Environment load took 217.2ns 
75647      INFO  main            d.u.i.k.p.i.AbstractProblemLoader Creating init config 
81141      DEBUG main            d.u.i.k.p.i.AbstractProblemLoader Init config took 5.49s 
81263      INFO  main            d.u.i.k.p.i.AbstractProblemLoader Replaying proof AFilter[java.lang.Object::<inv>()].JML accessible clause.0 
81266      DEBUG main            d.u.i.k.p.i.IntermediateProofReplayer Proof replay took 23.7ns 
81368      INFO  main            d.u.i.k.p.r.p.TestFile    ... finished proof: closed. 
81633      INFO  main            d.u.i.k.p.i.AbstractProblemLoader Loading environment from /home/runner/work/key/key/key.core/../key.ui/examples/heap/permissions/threads/AFilter_inv_accessible1.key.proof 
81633      DEBUG main            d.u.i.k.p.i.AbstractProblemLoader Environment load took 145.6ns 
81635      INFO  main            d.u.i.k.p.i.AbstractProblemLoader Creating init config 
87169      DEBUG main            d.u.i.k.p.i.AbstractProblemLoader Init config took 5.53s 
87303      INFO  main            d.u.i.k.p.i.AbstractProblemLoader Replaying proof AFilter[java.lang.Object::<inv>()].JML accessible clause.0 
87308      DEBUG main            d.u.i.k.p.i.IntermediateProofReplayer Proof replay took 2.96ms 
87310      DEBUG main            d.u.i.k.p.r.p.TestFile    ... success: reloaded. 
87312      INFO  main            d.u.i.k.p.r.p.TestFile    Now processing file /home/runner/work/key/key/key.core/../key.ui/examples/heap/permissions/threads/AFilter_inv_accessible2.key 
87314      INFO  main            d.u.i.k.p.i.AbstractProblemLoader Loading environment from /home/runner/work/key/key/key.core/../key.ui/examples/heap/permissions/threads/AFilter_inv_accessible2.key 
87314      DEBUG main            d.u.i.k.p.i.AbstractProblemLoader Environment load took 252.5ns 
87317      INFO  main            d.u.i.k.p.i.AbstractProblemLoader Creating init config 
92775      DEBUG main            d.u.i.k.p.i.AbstractProblemLoader Init config took 5.46s 
92901      INFO  main            d.u.i.k.p.i.AbstractProblemLoader Replaying proof AFilter[java.lang.Object::<inv>()].JML accessible clause.1 
92903      DEBUG main            d.u.i.k.p.i.IntermediateProofReplayer Proof replay took 7.7ns 
93005      INFO  main            d.u.i.k.p.r.p.TestFile    ... finished proof: closed. 
93268      INFO  main            d.u.i.k.p.i.AbstractProblemLoader Loading environment from /home/runner/work/key/key/key.core/../key.ui/examples/heap/permissions/threads/AFilter_inv_accessible2.key.proof 
93269      DEBUG main            d.u.i.k.p.i.AbstractProblemLoader Environment load took 149ns 
93270      INFO  main            d.u.i.k.p.i.AbstractProblemLoader Creating init config 
98770      DEBUG main            d.u.i.k.p.i.AbstractProblemLoader Init config took 5.5s 
98871      INFO  main            d.u.i.k.p.i.AbstractProblemLoader Replaying proof AFilter[java.lang.Object::<inv>()].JML accessible clause.1 
98877      DEBUG main            d.u.i.k.p.i.IntermediateProofReplayer Proof replay took 3.02ms 
98878      DEBUG main            d.u.i.k.p.r.p.TestFile    ... success: reloaded. 
98880      INFO  main            d.u.i.k.p.r.p.TestFile    Now processing file /home/runner/work/key/key/key.core/../key.ui/examples/heap/permissions/threads/AFilter_joinTransfer_accessible.key 
98880      INFO  main            d.u.i.k.p.i.AbstractProblemLoader Loading environment from /home/runner/work/key/key/key.core/../key.ui/examples/heap/permissions/threads/AFilter_joinTransfer_accessible.key 
98880      DEBUG main            d.u.i.k.p.i.AbstractProblemLoader Environment load took 193.5ns 
98881      INFO  main            d.u.i.k.p.i.AbstractProblemLoader Creating init config 
104386     DEBUG main            d.u.i.k.p.i.AbstractProblemLoader Init config took 5.5s 
104487     INFO  main            d.u.i.k.p.i.AbstractProblemLoader Replaying proof AFilter[ThreadSpec2::joinTransfer()].JML accessible clause.0 
104489     DEBUG main            d.u.i.k.p.i.IntermediateProofReplayer Proof replay took 8ns 
105894     INFO  main            d.u.i.k.p.r.p.TestFile    ... finished proof: closed. 
106217     INFO  main            d.u.i.k.p.i.AbstractProblemLoader Loading environment from /home/runner/work/key/key/key.core/../key.ui/examples/heap/permissions/threads/AFilter_joinTransfer_accessible.key.proof 
106217     DEBUG main            d.u.i.k.p.i.AbstractProblemLoader Environment load took 445.6ns 
106218     INFO  main            d.u.i.k.p.i.AbstractProblemLoader Creating init config 
111650     DEBUG main            d.u.i.k.p.i.AbstractProblemLoader Init config took 5.43s 
111754     INFO  main            d.u.i.k.p.i.AbstractProblemLoader Replaying proof AFilter[ThreadSpec2::joinTransfer()].JML accessible clause.0 
111922     DEBUG main            d.u.i.k.p.i.IntermediateProofReplayer Proof replay took 161.67ms 
111923     DEBUG main            d.u.i.k.p.r.p.TestFile    ... success: reloaded. 
111925     INFO  main            d.u.i.k.p.r.p.TestFile    Now processing file /home/runner/work/key/key/key.core/../key.ui/examples/heap/permissions/threads/AFilter_joinTransfer_contract.key 
111925     INFO  main            d.u.i.k.p.i.AbstractProblemLoader Loading environment from /home/runner/work/key/key/key.core/../key.ui/examples/heap/permissions/threads/AFilter_joinTransfer_contract.key 
111925     DEBUG main            d.u.i.k.p.i.AbstractProblemLoader Environment load took 207.1ns 
111926     INFO  main            d.u.i.k.p.i.AbstractProblemLoader Creating init config 
117465     DEBUG main            d.u.i.k.p.i.AbstractProblemLoader Init config took 5.54s 
117566     INFO  main            d.u.i.k.p.i.AbstractProblemLoader Replaying proof AFilter[ThreadSpec2::joinTransfer()].JML model_behavior operation contract.0 
117568     DEBUG main            d.u.i.k.p.i.IntermediateProofReplayer Proof replay took 8ns 
117670     INFO  main            d.u.i.k.p.r.p.TestFile    ... finished proof: closed. 
117950     INFO  main            d.u.i.k.p.i.AbstractProblemLoader Loading environment from /home/runner/work/key/key/key.core/../key.ui/examples/heap/permissions/threads/AFilter_joinTransfer_contract.key.proof 
117950     DEBUG main            d.u.i.k.p.i.AbstractProblemLoader Environment load took 152.4ns 
117951     INFO  main            d.u.i.k.p.i.AbstractProblemLoader Creating init config 
123410     DEBUG main            d.u.i.k.p.i.AbstractProblemLoader Init config took 5.46s 
123519     INFO  main            d.u.i.k.p.i.AbstractProblemLoader Replaying proof AFilter[ThreadSpec2::joinTransfer()].JML model_behavior operation contract.0 
123531     DEBUG main            d.u.i.k.p.i.IntermediateProofReplayer Proof replay took 9.99ms 
123532     DEBUG main            d.u.i.k.p.r.p.TestFile    ... success: reloaded. 
123534     INFO  main            d.u.i.k.p.r.p.TestFile    Now processing file /home/runner/work/key/key/key.core/../key.ui/examples/heap/permissions/threads/AFilter_postJoin_accessible.key 
123534     INFO  main            d.u.i.k.p.i.AbstractProblemLoader Loading environment from /home/runner/work/key/key/key.core/../key.ui/examples/heap/permissions/threads/AFilter_postJoin_accessible.key 
123534     DEBUG main            d.u.i.k.p.i.AbstractProblemLoader Environment load took 180.9ns 
123536     INFO  main            d.u.i.k.p.i.AbstractProblemLoader Creating init config 
129108     DEBUG main            d.u.i.k.p.i.AbstractProblemLoader Init config took 5.57s 
129210     INFO  main            d.u.i.k.p.i.AbstractProblemLoader Replaying proof AFilter[ThreadSpec2::postJoin(java.lang.Object)].JML accessible clause.0 
129216     DEBUG main            d.u.i.k.p.i.IntermediateProofReplayer Proof replay took 7.8ns 
129324     INFO  main            d.u.i.k.p.r.p.TestFile    ... finished proof: closed. 
129752     INFO  main            d.u.i.k.p.i.AbstractProblemLoader Loading environment from /home/runner/work/key/key/key.core/../key.ui/examples/heap/permissions/threads/AFilter_postJoin_accessible.key.proof 
129753     DEBUG main            d.u.i.k.p.i.AbstractProblemLoader Environment load took 773.1ns 
129754     INFO  main            d.u.i.k.p.i.AbstractProblemLoader Creating init config 
135132     DEBUG main            d.u.i.k.p.i.AbstractProblemLoader Init config took 5.38s 
135227     INFO  main            d.u.i.k.p.i.AbstractProblemLoader Replaying proof AFilter[ThreadSpec2::postJoin(java.lang.Object)].JML accessible clause.0 
135238     DEBUG main            d.u.i.k.p.i.IntermediateProofReplayer Proof replay took 8.55ms 
135239     DEBUG main            d.u.i.k.p.r.p.TestFile    ... success: reloaded. 
135240     INFO  main            d.u.i.k.p.r.p.TestFile    Now processing file /home/runner/work/key/key/key.core/../key.ui/examples/heap/permissions/threads/AFilter_preStart_accessible.key 
135241     INFO  main            d.u.i.k.p.i.AbstractProblemLoader Loading environment from /home/runner/work/key/key/key.core/../key.ui/examples/heap/permissions/threads/AFilter_preStart_accessible.key 
135241     DEBUG main            d.u.i.k.p.i.AbstractProblemLoader Environment load took 189.7ns 
135242     INFO  main            d.u.i.k.p.i.AbstractProblemLoader Creating init config 
140724     DEBUG main            d.u.i.k.p.i.AbstractProblemLoader Init config took 5.48s 
140837     INFO  main            d.u.i.k.p.i.AbstractProblemLoader Replaying proof AFilter[ThreadSpec2::preStart(java.lang.Object)].JML accessible clause.0 
140840     DEBUG main            d.u.i.k.p.i.IntermediateProofReplayer Proof replay took 7.7ns 
141243     INFO  main            d.u.i.k.p.r.p.TestFile    ... finished proof: closed. 
141623     INFO  main            d.u.i.k.p.i.AbstractProblemLoader Loading environment from /home/runner/work/key/key/key.core/../key.ui/examples/heap/permissions/threads/AFilter_preStart_accessible.key.proof 
141626     DEBUG main            d.u.i.k.p.i.AbstractProblemLoader Environment load took 2.81ms 
141627     INFO  main            d.u.i.k.p.i.AbstractProblemLoader Creating init config 
147064     DEBUG main            d.u.i.k.p.i.AbstractProblemLoader Init config took 5.44s 
147160     INFO  main            d.u.i.k.p.i.AbstractProblemLoader Replaying proof AFilter[ThreadSpec2::preStart(java.lang.Object)].JML accessible clause.0 
147237     DEBUG main            d.u.i.k.p.i.IntermediateProofReplayer Proof replay took 72.45ms 
147238     DEBUG main            d.u.i.k.p.r.p.TestFile    ... success: reloaded. 
147239     INFO  main            d.u.i.k.p.r.p.TestFile    Now processing file /home/runner/work/key/key/key.core/../key.ui/examples/heap/permissions/threads/AFilter_startTransfer_accessible.key 
147240     INFO  main            d.u.i.k.p.i.AbstractProblemLoader Loading environment from /home/runner/work/key/key/key.core/../key.ui/examples/heap/permissions/threads/AFilter_startTransfer_accessible.key 
147240     DEBUG main            d.u.i.k.p.i.AbstractProblemLoader Environment load took 213.7ns 
147241     INFO  main            d.u.i.k.p.i.AbstractProblemLoader Creating init config 
152696     DEBUG main            d.u.i.k.p.i.AbstractProblemLoader Init config took 5.45s 
152797     INFO  main            d.u.i.k.p.i.AbstractProblemLoader Replaying proof AFilter[ThreadSpec2::startTransfer()].JML accessible clause.0 
152799     DEBUG main            d.u.i.k.p.i.IntermediateProofReplayer Proof replay took 7.7ns 
164572     INFO  main            d.u.i.k.p.r.p.TestFile    ... finished proof: closed. 
164945     INFO  main            d.u.i.k.p.i.AbstractProblemLoader Loading environment from /home/runner/work/key/key/key.core/../key.ui/examples/heap/permissions/threads/AFilter_startTransfer_accessible.key.proof 
164946     DEBUG main            d.u.i.k.p.i.AbstractProblemLoader Environment load took 296.8ns 
164948     INFO  main            d.u.i.k.p.i.AbstractProblemLoader Creating init config 
170306     DEBUG main            d.u.i.k.p.i.AbstractProblemLoader Init config took 5.36s 
170417     INFO  main            d.u.i.k.p.i.AbstractProblemLoader Replaying proof AFilter[ThreadSpec2::startTransfer()].JML accessible clause.0 
171456     DEBUG main            d.u.i.k.p.i.IntermediateProofReplayer Proof replay took 1.01s 
171458     DEBUG main            d.u.i.k.p.r.p.TestFile    ... success: reloaded. 
171460     INFO  main            d.u.i.k.p.r.p.TestFile    Now processing file /home/runner/work/key/key/key.core/../key.ui/examples/heap/permissions/threads/AFilter_startTransfer_contract.key 
171460     INFO  main            d.u.i.k.p.i.AbstractProblemLoader Loading environment from /home/runner/work/key/key/key.core/../key.ui/examples/heap/permissions/threads/AFilter_startTransfer_contract.key 
171461     DEBUG main            d.u.i.k.p.i.AbstractProblemLoader Environment load took 262.4ns 
171462     INFO  main            d.u.i.k.p.i.AbstractProblemLoader Creating init config 
176995     DEBUG main            d.u.i.k.p.i.AbstractProblemLoader Init config took 5.53s 
177091     INFO  main            d.u.i.k.p.i.AbstractProblemLoader Replaying proof AFilter[ThreadSpec2::startTransfer()].JML model_behavior operation contract.0 
177093     DEBUG main            d.u.i.k.p.i.IntermediateProofReplayer Proof replay took 8ns 
177601     INFO  main            d.u.i.k.p.r.p.TestFile    ... finished proof: closed. 
178015     INFO  main            d.u.i.k.p.i.AbstractProblemLoader Loading environment from /home/runner/work/key/key/key.core/../key.ui/examples/heap/permissions/threads/AFilter_startTransfer_contract.key.proof 
178016     DEBUG main            d.u.i.k.p.i.AbstractProblemLoader Environment load took 398.9ns 
178017     INFO  main            d.u.i.k.p.i.AbstractProblemLoader Creating init config 
183339     DEBUG main            d.u.i.k.p.i.AbstractProblemLoader Init config took 5.32s 
183453     INFO  main            d.u.i.k.p.i.AbstractProblemLoader Replaying proof AFilter[ThreadSpec2::startTransfer()].JML model_behavior operation contract.0 
183517     DEBUG main            d.u.i.k.p.i.IntermediateProofReplayer Proof replay took 59.01ms 
183518     DEBUG main            d.u.i.k.p.r.p.TestFile    ... success: reloaded. 
183520     INFO  main            d.u.i.k.p.r.p.TestFile    Now processing file /home/runner/work/key/key/key.core/../key.ui/examples/heap/permissions/threads/AFilter_stateInv_accessible.key 
183520     INFO  main            d.u.i.k.p.i.AbstractProblemLoader Loading environment from /home/runner/work/key/key/key.core/../key.ui/examples/heap/permissions/threads/AFilter_stateInv_accessible.key 
183520     DEBUG main            d.u.i.k.p.i.AbstractProblemLoader Environment load took 171.3ns 
183521     INFO  main            d.u.i.k.p.i.AbstractProblemLoader Creating init config 
189083     DEBUG main            d.u.i.k.p.i.AbstractProblemLoader Init config took 5.56s 
189203     INFO  main            d.u.i.k.p.i.AbstractProblemLoader Replaying proof AFilter[ThreadSpec2::stateInv()].JML accessible clause.0 
189205     DEBUG main            d.u.i.k.p.i.IntermediateProofReplayer Proof replay took 7.4ns 
189608     INFO  main            d.u.i.k.p.r.p.TestFile    ... finished proof: closed. 
189974     INFO  main            d.u.i.k.p.i.AbstractProblemLoader Loading environment from /home/runner/work/key/key/key.core/../key.ui/examples/heap/permissions/threads/AFilter_stateInv_accessible.key.proof 
189974     DEBUG main            d.u.i.k.p.i.AbstractProblemLoader Environment load took 501.9ns 
189975     INFO  main            d.u.i.k.p.i.AbstractProblemLoader Creating init config 
195351     DEBUG main            d.u.i.k.p.i.AbstractProblemLoader Init config took 5.38s 
195448     INFO  main            d.u.i.k.p.i.AbstractProblemLoader Replaying proof AFilter[ThreadSpec2::stateInv()].JML accessible clause.0 
195498     DEBUG main            d.u.i.k.p.i.IntermediateProofReplayer Proof replay took 46.78ms 
195500     DEBUG main            d.u.i.k.p.r.p.TestFile    ... success: reloaded. 
195501     INFO  main            d.u.i.k.p.r.p.TestFile    Now processing file /home/runner/work/key/key/key.core/../key.ui/examples/heap/permissions/threads/AFilter_staticPermissions_accessible.key 
195502     INFO  main            d.u.i.k.p.i.AbstractProblemLoader Loading environment from /home/runner/work/key/key/key.core/../key.ui/examples/heap/permissions/threads/AFilter_staticPermissions_accessible.key 
195502     DEBUG main            d.u.i.k.p.i.AbstractProblemLoader Environment load took 215.1ns 
195503     INFO  main            d.u.i.k.p.i.AbstractProblemLoader Creating init config 
201027     DEBUG main            d.u.i.k.p.i.AbstractProblemLoader Init config took 5.52s 
201128     INFO  main            d.u.i.k.p.i.AbstractProblemLoader Replaying proof AFilter[ThreadSpec2::staticPermissions()].JML accessible clause.0 
201131     DEBUG main            d.u.i.k.p.i.IntermediateProofReplayer Proof replay took 7.8ns 
201233     INFO  main            d.u.i.k.p.r.p.TestFile    ... finished proof: closed. 
201566     INFO  main            d.u.i.k.p.i.AbstractProblemLoader Loading environment from /home/runner/work/key/key/key.core/../key.ui/examples/heap/permissions/threads/AFilter_staticPermissions_accessible.key.proof 
201566     DEBUG main            d.u.i.k.p.i.AbstractProblemLoader Environment load took 112.3ns 
201569     INFO  main            d.u.i.k.p.i.AbstractProblemLoader Creating init config 
207053     DEBUG main            d.u.i.k.p.i.AbstractProblemLoader Init config took 5.48s 
207153     INFO  main            d.u.i.k.p.i.AbstractProblemLoader Replaying proof AFilter[ThreadSpec2::staticPermissions()].JML accessible clause.0 
207167     DEBUG main            d.u.i.k.p.i.IntermediateProofReplayer Proof replay took 11.83ms 
207168     DEBUG main            d.u.i.k.p.r.p.TestFile    ... success: reloaded. 
207170     INFO  main            d.u.i.k.p.r.p.TestFile    Now processing file /home/runner/work/key/key/key.core/../key.ui/examples/heap/permissions/threads/AFilter_workingPermissions_accessible.key 
207170     INFO  main            d.u.i.k.p.i.AbstractProblemLoader Loading environment from /home/runner/work/key/key/key.core/../key.ui/examples/heap/permissions/threads/AFilter_workingPermissions_accessible.key 
207170     DEBUG main            d.u.i.k.p.i.AbstractProblemLoader Environment load took 106.2ns 
207171     INFO  main            d.u.i.k.p.i.AbstractProblemLoader Creating init config 
213062     DEBUG main            d.u.i.k.p.i.AbstractProblemLoader Init config took 5.89s 
213185     INFO  main            d.u.i.k.p.i.AbstractProblemLoader Replaying proof AFilter[ThreadSpec2::workingPermissions()].JML accessible clause.0 
213189     DEBUG main            d.u.i.k.p.i.IntermediateProofReplayer Proof replay took 7.3ns 
213291     INFO  main            d.u.i.k.p.r.p.TestFile    ... finished proof: closed. 
213660     INFO  main            d.u.i.k.p.i.AbstractProblemLoader Loading environment from /home/runner/work/key/key/key.core/../key.ui/examples/heap/permissions/threads/AFilter_workingPermissions_accessible.key.proof 
213660     DEBUG main            d.u.i.k.p.i.AbstractProblemLoader Environment load took 156.2ns 
213662     INFO  main            d.u.i.k.p.i.AbstractProblemLoader Creating init config 
219323     DEBUG main            d.u.i.k.p.i.AbstractProblemLoader Init config took 5.66s 
219438     INFO  main            d.u.i.k.p.i.AbstractProblemLoader Replaying proof AFilter[ThreadSpec2::workingPermissions()].JML accessible clause.0 
219451     DEBUG main            d.u.i.k.p.i.IntermediateProofReplayer Proof replay took 10.01ms 
219452     DEBUG main            d.u.i.k.p.r.p.TestFile    ... success: reloaded. 
219453     INFO  main            d.u.i.k.p.r.p.TestFile    Now processing file /home/runner/work/key/key/key.core/../key.ui/examples/heap/permissions/threads/BFilter_BFilter.key 
219453     INFO  main            d.u.i.k.p.i.AbstractProblemLoader Loading environment from /home/runner/work/key/key/key.core/../key.ui/examples/heap/permissions/threads/BFilter_BFilter.key 
219453     DEBUG main            d.u.i.k.p.i.AbstractProblemLoader Environment load took 89.8ns 
219454     INFO  main            d.u.i.k.p.i.AbstractProblemLoader Creating init config 
225014     DEBUG main            d.u.i.k.p.i.AbstractProblemLoader Init config took 5.56s 
225109     INFO  main            d.u.i.k.p.i.AbstractProblemLoader Replaying proof BFilter[BFilter::BFilter(Sampler,Buffer)].JML normal_behavior operation contract.0 
225111     DEBUG main            d.u.i.k.p.i.IntermediateProofReplayer Proof replay took 6.6ns 
226318     INFO  main            d.u.i.k.p.r.p.TestFile    ... finished proof: closed. 
226711     INFO  main            d.u.i.k.p.i.AbstractProblemLoader Loading environment from /home/runner/work/key/key/key.core/../key.ui/examples/heap/permissions/threads/BFilter_BFilter.key.proof 
226711     DEBUG main            d.u.i.k.p.i.AbstractProblemLoader Environment load took 200.5ns 
226712     INFO  main            d.u.i.k.p.i.AbstractProblemLoader Creating init config 
232090     DEBUG main            d.u.i.k.p.i.AbstractProblemLoader Init config took 5.38s 
232189     INFO  main            d.u.i.k.p.i.AbstractProblemLoader Replaying proof BFilter[BFilter::BFilter(Sampler,Buffer)].JML normal_behavior operation contract.0 
232382     DEBUG main            d.u.i.k.p.i.IntermediateProofReplayer Proof replay took 187.67ms 
232383     DEBUG main            d.u.i.k.p.r.p.TestFile    ... success: reloaded. 
232384     INFO  main            d.u.i.k.p.r.p.TestFile    Now processing file /home/runner/work/key/key/key.core/../key.ui/examples/heap/permissions/threads/BFilter_initPost_accessible.key 
232384     INFO  main            d.u.i.k.p.i.AbstractProblemLoader Loading environment from /home/runner/work/key/key/key.core/../key.ui/examples/heap/permissions/threads/BFilter_initPost_accessible.key 
232384     DEBUG main            d.u.i.k.p.i.AbstractProblemLoader Environment load took 148ns 
232386     INFO  main            d.u.i.k.p.i.AbstractProblemLoader Creating init config 
237973     DEBUG main            d.u.i.k.p.i.AbstractProblemLoader Init config took 5.59s 
238084     INFO  main            d.u.i.k.p.i.AbstractProblemLoader Replaying proof BFilter[ThreadSpec2::initPost()].JML accessible clause.0 
238086     DEBUG main            d.u.i.k.p.i.IntermediateProofReplayer Proof replay took 7.4ns 
238188     INFO  main            d.u.i.k.p.r.p.TestFile    ... finished proof: closed. 
238545     INFO  main            d.u.i.k.p.i.AbstractProblemLoader Loading environment from /home/runner/work/key/key/key.core/../key.ui/examples/heap/permissions/threads/BFilter_initPost_accessible.key.proof 
238545     DEBUG main            d.u.i.k.p.i.AbstractProblemLoader Environment load took 152.5ns 
238546     INFO  main            d.u.i.k.p.i.AbstractProblemLoader Creating init config 
243884     DEBUG main            d.u.i.k.p.i.AbstractProblemLoader Init config took 5.34s 
243977     INFO  main            d.u.i.k.p.i.AbstractProblemLoader Replaying proof BFilter[ThreadSpec2::initPost()].JML accessible clause.0 
243992     DEBUG main            d.u.i.k.p.i.IntermediateProofReplayer Proof replay took 13.52ms 
243993     DEBUG main            d.u.i.k.p.r.p.TestFile    ... success: reloaded. 
243994     INFO  main            d.u.i.k.p.r.p.TestFile    Now processing file /home/runner/work/key/key/key.core/../key.ui/examples/heap/permissions/threads/BFilter_inv_accessible1.key 
243995     INFO  main            d.u.i.k.p.i.AbstractProblemLoader Loading environment from /home/runner/work/key/key/key.core/../key.ui/examples/heap/permissions/threads/BFilter_inv_accessible1.key 
243995     DEBUG main            d.u.i.k.p.i.AbstractProblemLoader Environment load took 169.8ns 
243996     INFO  main            d.u.i.k.p.i.AbstractProblemLoader Creating init config 
249481     DEBUG main            d.u.i.k.p.i.AbstractProblemLoader Init config took 5.49s 
249577     INFO  main            d.u.i.k.p.i.AbstractProblemLoader Replaying proof BFilter[java.lang.Object::<inv>()].JML accessible clause.0 
249579     DEBUG main            d.u.i.k.p.i.IntermediateProofReplayer Proof replay took 7.2ns 
249681     INFO  main            d.u.i.k.p.r.p.TestFile    ... finished proof: closed. 
250042     INFO  main            d.u.i.k.p.i.AbstractProblemLoader Loading environment from /home/runner/work/key/key/key.core/../key.ui/examples/heap/permissions/threads/BFilter_inv_accessible1.key.proof 
250042     DEBUG main            d.u.i.k.p.i.AbstractProblemLoader Environment load took 116.9ns 
250044     INFO  main            d.u.i.k.p.i.AbstractProblemLoader Creating init config 
255464     DEBUG main            d.u.i.k.p.i.AbstractProblemLoader Init config took 5.42s 
255562     INFO  main            d.u.i.k.p.i.AbstractProblemLoader Replaying proof BFilter[java.lang.Object::<inv>()].JML accessible clause.0 
255566     DEBUG main            d.u.i.k.p.i.IntermediateProofReplayer Proof replay took 2.13ms 
255567     DEBUG main            d.u.i.k.p.r.p.TestFile    ... success: reloaded. 
255568     INFO  main            d.u.i.k.p.r.p.TestFile    Now processing file /home/runner/work/key/key/key.core/../key.ui/examples/heap/permissions/threads/BFilter_inv_accessible2.key 
255569     INFO  main            d.u.i.k.p.i.AbstractProblemLoader Loading environment from /home/runner/work/key/key/key.core/../key.ui/examples/heap/permissions/threads/BFilter_inv_accessible2.key 
255569     DEBUG main            d.u.i.k.p.i.AbstractProblemLoader Environment load took 114.4ns 
255570     INFO  main            d.u.i.k.p.i.AbstractProblemLoader Creating init config 
261003     DEBUG main            d.u.i.k.p.i.AbstractProblemLoader Init config took 5.43s 
261101     INFO  main            d.u.i.k.p.i.AbstractProblemLoader Replaying proof BFilter[java.lang.Object::<inv>()].JML accessible clause.1 
261105     DEBUG main            d.u.i.k.p.i.IntermediateProofReplayer Proof replay took 8.3ns 
261208     INFO  main            d.u.i.k.p.r.p.TestFile    ... finished proof: closed. 
261591     INFO  main            d.u.i.k.p.i.AbstractProblemLoader Loading environment from /home/runner/work/key/key/key.core/../key.ui/examples/heap/permissions/threads/BFilter_inv_accessible2.key.proof 
261591     DEBUG main            d.u.i.k.p.i.AbstractProblemLoader Environment load took 119.3ns 
261592     INFO  main            d.u.i.k.p.i.AbstractProblemLoader Creating init config 
267002     DEBUG main            d.u.i.k.p.i.AbstractProblemLoader Init config took 5.41s 
267098     INFO  main            d.u.i.k.p.i.AbstractProblemLoader Replaying proof BFilter[java.lang.Object::<inv>()].JML accessible clause.1 
267102     DEBUG main            d.u.i.k.p.i.IntermediateProofReplayer Proof replay took 2.35ms 
267104     DEBUG main            d.u.i.k.p.r.p.TestFile    ... success: reloaded. 
267105     INFO  main            d.u.i.k.p.r.p.TestFile    Now processing file /home/runner/work/key/key/key.core/../key.ui/examples/heap/permissions/threads/BFilter_joinTransfer_accessible.key 
267105     INFO  main            d.u.i.k.p.i.AbstractProblemLoader Loading environment from /home/runner/work/key/key/key.core/../key.ui/examples/heap/permissions/threads/BFilter_joinTransfer_accessible.key 
267105     DEBUG main            d.u.i.k.p.i.AbstractProblemLoader Environment load took 155.1ns 
267106     INFO  main            d.u.i.k.p.i.AbstractProblemLoader Creating init config 
272541     DEBUG main            d.u.i.k.p.i.AbstractProblemLoader Init config took 5.43s 
272637     INFO  main            d.u.i.k.p.i.AbstractProblemLoader Replaying proof BFilter[ThreadSpec2::joinTransfer()].JML accessible clause.0 
272639     DEBUG main            d.u.i.k.p.i.IntermediateProofReplayer Proof replay took 7.5ns 
273952     INFO  main            d.u.i.k.p.r.p.TestFile    ... finished proof: closed. 
274351     INFO  main            d.u.i.k.p.i.AbstractProblemLoader Loading environment from /home/runner/work/key/key/key.core/../key.ui/examples/heap/permissions/threads/BFilter_joinTransfer_accessible.key.proof 
274351     DEBUG main            d.u.i.k.p.i.AbstractProblemLoader Environment load took 145.1ns 
274352     INFO  main            d.u.i.k.p.i.AbstractProblemLoader Creating init config 
279678     DEBUG main            d.u.i.k.p.i.AbstractProblemLoader Init config took 5.33s 
279774     INFO  main            d.u.i.k.p.i.AbstractProblemLoader Replaying proof BFilter[ThreadSpec2::joinTransfer()].JML accessible clause.0 
279926     DEBUG main            d.u.i.k.p.i.IntermediateProofReplayer Proof replay took 146.47ms 
279928     DEBUG main            d.u.i.k.p.r.p.TestFile    ... success: reloaded. 
279930     INFO  main            d.u.i.k.p.r.p.TestFile    Now processing file /home/runner/work/key/key/key.core/../key.ui/examples/heap/permissions/threads/BFilter_joinTransfer_contract.key 
279931     INFO  main            d.u.i.k.p.i.AbstractProblemLoader Loading environment from /home/runner/work/key/key/key.core/../key.ui/examples/heap/permissions/threads/BFilter_joinTransfer_contract.key 
279931     DEBUG main            d.u.i.k.p.i.AbstractProblemLoader Environment load took 227.6ns 
279932     INFO  main            d.u.i.k.p.i.AbstractProblemLoader Creating init config 
285473     DEBUG main            d.u.i.k.p.i.AbstractProblemLoader Init config took 5.54s 
285570     INFO  main            d.u.i.k.p.i.AbstractProblemLoader Replaying proof BFilter[ThreadSpec2::joinTransfer()].JML model_behavior operation contract.0 
285571     DEBUG main            d.u.i.k.p.i.IntermediateProofReplayer Proof replay took 7.4ns 
285674     INFO  main            d.u.i.k.p.r.p.TestFile    ... finished proof: closed. 
286069     INFO  main            d.u.i.k.p.i.AbstractProblemLoader Loading environment from /home/runner/work/key/key/key.core/../key.ui/examples/heap/permissions/threads/BFilter_joinTransfer_contract.key.proof 
286069     DEBUG main            d.u.i.k.p.i.AbstractProblemLoader Environment load took 123.6ns 
286070     INFO  main            d.u.i.k.p.i.AbstractProblemLoader Creating init config 
291439     DEBUG main            d.u.i.k.p.i.AbstractProblemLoader Init config took 5.37s 
291535     INFO  main            d.u.i.k.p.i.AbstractProblemLoader Replaying proof BFilter[ThreadSpec2::joinTransfer()].JML model_behavior operation contract.0 
291547     DEBUG main            d.u.i.k.p.i.IntermediateProofReplayer Proof replay took 9.18ms 
291548     DEBUG main            d.u.i.k.p.r.p.TestFile    ... success: reloaded. 
291549     INFO  main            d.u.i.k.p.r.p.TestFile    Now processing file /home/runner/work/key/key/key.core/../key.ui/examples/heap/permissions/threads/BFilter_postJoin_accessible.key 
291549     INFO  main            d.u.i.k.p.i.AbstractProblemLoader Loading environment from /home/runner/work/key/key/key.core/../key.ui/examples/heap/permissions/threads/BFilter_postJoin_accessible.key 
291549     DEBUG main            d.u.i.k.p.i.AbstractProblemLoader Environment load took 105.5ns 
291550     INFO  main            d.u.i.k.p.i.AbstractProblemLoader Creating init config 
296977     DEBUG main            d.u.i.k.p.i.AbstractProblemLoader Init config took 5.43s 
297070     INFO  main            d.u.i.k.p.i.AbstractProblemLoader Replaying proof BFilter[ThreadSpec2::postJoin(java.lang.Object)].JML accessible clause.0 
297072     DEBUG main            d.u.i.k.p.i.IntermediateProofReplayer Proof replay took 6.9ns 
297176     INFO  main            d.u.i.k.p.r.p.TestFile    ... finished proof: closed. 
297629     INFO  main            d.u.i.k.p.i.AbstractProblemLoader Loading environment from /home/runner/work/key/key/key.core/../key.ui/examples/heap/permissions/threads/BFilter_postJoin_accessible.key.proof 
297629     DEBUG main            d.u.i.k.p.i.AbstractProblemLoader Environment load took 141.8ns 
297631     INFO  main            d.u.i.k.p.i.AbstractProblemLoader Creating init config 
302981     DEBUG main            d.u.i.k.p.i.AbstractProblemLoader Init config took 5.35s 
303071     INFO  main            d.u.i.k.p.i.AbstractProblemLoader Replaying proof BFilter[ThreadSpec2::postJoin(java.lang.Object)].JML accessible clause.0 
303081     DEBUG main            d.u.i.k.p.i.IntermediateProofReplayer Proof replay took 7.87ms 
303082     DEBUG main            d.u.i.k.p.r.p.TestFile    ... success: reloaded. 
303083     INFO  main            d.u.i.k.p.r.p.TestFile    Now processing file /home/runner/work/key/key/key.core/../key.ui/examples/heap/permissions/threads/BFilter_preStart_accessible.key 
303083     INFO  main            d.u.i.k.p.i.AbstractProblemLoader Loading environment from /home/runner/work/key/key/key.core/../key.ui/examples/heap/permissions/threads/BFilter_preStart_accessible.key 
303083     DEBUG main            d.u.i.k.p.i.AbstractProblemLoader Environment load took 63.4ns 
303084     INFO  main            d.u.i.k.p.i.AbstractProblemLoader Creating init config 
308560     DEBUG main            d.u.i.k.p.i.AbstractProblemLoader Init config took 5.48s 
308653     INFO  main            d.u.i.k.p.i.AbstractProblemLoader Replaying proof BFilter[ThreadSpec2::preStart(java.lang.Object)].JML accessible clause.0 
308655     DEBUG main            d.u.i.k.p.i.IntermediateProofReplayer Proof replay took 6.7ns 
309058     INFO  main            d.u.i.k.p.r.p.TestFile    ... finished proof: closed. 
309476     INFO  main            d.u.i.k.p.i.AbstractProblemLoader Loading environment from /home/runner/work/key/key/key.core/../key.ui/examples/heap/permissions/threads/BFilter_preStart_accessible.key.proof 
309477     DEBUG main            d.u.i.k.p.i.AbstractProblemLoader Environment load took 299.3ns 
309478     INFO  main            d.u.i.k.p.i.AbstractProblemLoader Creating init config 
314798     DEBUG main            d.u.i.k.p.i.AbstractProblemLoader Init config took 5.32s 
314910     INFO  main            d.u.i.k.p.i.AbstractProblemLoader Replaying proof BFilter[ThreadSpec2::preStart(java.lang.Object)].JML accessible clause.0 
314953     DEBUG main            d.u.i.k.p.i.IntermediateProofReplayer Proof replay took 38.23ms 
314954     DEBUG main            d.u.i.k.p.r.p.TestFile    ... success: reloaded. 
314956     INFO  main            d.u.i.k.p.r.p.TestFile    Now processing file /home/runner/work/key/key/key.core/../key.ui/examples/heap/permissions/threads/BFilter_startTransfer_accessible.key 
314956     INFO  main            d.u.i.k.p.i.AbstractProblemLoader Loading environment from /home/runner/work/key/key/key.core/../key.ui/examples/heap/permissions/threads/BFilter_startTransfer_accessible.key 
314956     DEBUG main            d.u.i.k.p.i.AbstractProblemLoader Environment load took 229.7ns 
314958     INFO  main            d.u.i.k.p.i.AbstractProblemLoader Creating init config 
320356     DEBUG main            d.u.i.k.p.i.AbstractProblemLoader Init config took 5.4s 
320446     INFO  main            d.u.i.k.p.i.AbstractProblemLoader Replaying proof BFilter[ThreadSpec2::startTransfer()].JML accessible clause.0 
320448     DEBUG main            d.u.i.k.p.i.IntermediateProofReplayer Proof replay took 23.9ns 
332514     INFO  main            d.u.i.k.p.r.p.TestFile    ... finished proof: closed. 
332968     INFO  main            d.u.i.k.p.i.AbstractProblemLoader Loading environment from /home/runner/work/key/key/key.core/../key.ui/examples/heap/permissions/threads/BFilter_startTransfer_accessible.key.proof 
332968     DEBUG main            d.u.i.k.p.i.AbstractProblemLoader Environment load took 127.9ns 
332970     INFO  main            d.u.i.k.p.i.AbstractProblemLoader Creating init config 
338322     DEBUG main            d.u.i.k.p.i.AbstractProblemLoader Init config took 5.35s 
338415     INFO  main            d.u.i.k.p.i.AbstractProblemLoader Replaying proof BFilter[ThreadSpec2::startTransfer()].JML accessible clause.0 
339448     DEBUG main            d.u.i.k.p.i.IntermediateProofReplayer Proof replay took 1.01s 
339452     DEBUG main            d.u.i.k.p.r.p.TestFile    ... success: reloaded. 
339453     INFO  main            d.u.i.k.p.r.p.TestFile    Now processing file /home/runner/work/key/key/key.core/../key.ui/examples/heap/permissions/threads/BFilter_startTransfer_contract.key 
339454     INFO  main            d.u.i.k.p.i.AbstractProblemLoader Loading environment from /home/runner/work/key/key/key.core/../key.ui/examples/heap/permissions/threads/BFilter_startTransfer_contract.key 
339454     DEBUG main            d.u.i.k.p.i.AbstractProblemLoader Environment load took 140.8ns 
339455     INFO  main            d.u.i.k.p.i.AbstractProblemLoader Creating init config 
344933     DEBUG main            d.u.i.k.p.i.AbstractProblemLoader Init config took 5.48s 
345034     INFO  main            d.u.i.k.p.i.AbstractProblemLoader Replaying proof BFilter[ThreadSpec2::startTransfer()].JML model_behavior operation contract.0 
345036     DEBUG main            d.u.i.k.p.i.IntermediateProofReplayer Proof replay took 7.3ns 
346343     INFO  main            d.u.i.k.p.r.p.TestFile    ... finished proof: closed. 
346786     INFO  main            d.u.i.k.p.i.AbstractProblemLoader Loading environment from /home/runner/work/key/key/key.core/../key.ui/examples/heap/permissions/threads/BFilter_startTransfer_contract.key.proof 
346786     DEBUG main            d.u.i.k.p.i.AbstractProblemLoader Environment load took 120.4ns 
346788     INFO  main            d.u.i.k.p.i.AbstractProblemLoader Creating init config 
352049     DEBUG main            d.u.i.k.p.i.AbstractProblemLoader Init config took 5.26s 
352141     INFO  main            d.u.i.k.p.i.AbstractProblemLoader Replaying proof BFilter[ThreadSpec2::startTransfer()].JML model_behavior operation contract.0 
352273     DEBUG main            d.u.i.k.p.i.IntermediateProofReplayer Proof replay took 124.61ms 
352275     DEBUG main            d.u.i.k.p.r.p.TestFile    ... success: reloaded. 
352276     INFO  main            d.u.i.k.p.r.p.TestFile    Now processing file /home/runner/work/key/key/key.core/../key.ui/examples/heap/permissions/threads/BFilter_stateInv_accessible.key 
352276     INFO  main            d.u.i.k.p.i.AbstractProblemLoader Loading environment from /home/runner/work/key/key/key.core/../key.ui/examples/heap/permissions/threads/BFilter_stateInv_accessible.key 
352276     DEBUG main            d.u.i.k.p.i.AbstractProblemLoader Environment load took 127.8ns 
352277     INFO  main            d.u.i.k.p.i.AbstractProblemLoader Creating init config 
357680     DEBUG main            d.u.i.k.p.i.AbstractProblemLoader Init config took 5.4s 
357774     INFO  main            d.u.i.k.p.i.AbstractProblemLoader Replaying proof BFilter[ThreadSpec2::stateInv()].JML accessible clause.0 
357776     DEBUG main            d.u.i.k.p.i.IntermediateProofReplayer Proof replay took 6.8ns 
358178     INFO  main            d.u.i.k.p.r.p.TestFile    ... finished proof: closed. 
358779     INFO  main            d.u.i.k.p.i.AbstractProblemLoader Loading environment from /home/runner/work/key/key/key.core/../key.ui/examples/heap/permissions/threads/BFilter_stateInv_accessible.key.proof 
358779     DEBUG main            d.u.i.k.p.i.AbstractProblemLoader Environment load took 103.1ns 
358780     INFO  main            d.u.i.k.p.i.AbstractProblemLoader Creating init config 
364131     DEBUG main            d.u.i.k.p.i.AbstractProblemLoader Init config took 5.35s 
364229     INFO  main            d.u.i.k.p.i.AbstractProblemLoader Replaying proof BFilter[ThreadSpec2::stateInv()].JML accessible clause.0 
364276     DEBUG main            d.u.i.k.p.i.IntermediateProofReplayer Proof replay took 43.75ms 
364276     DEBUG main            d.u.i.k.p.r.p.TestFile    ... success: reloaded. 
364277     INFO  main            d.u.i.k.p.r.p.TestFile    Now processing file /home/runner/work/key/key/key.core/../key.ui/examples/heap/permissions/threads/BFilter_staticPermissions_accessible.key 
364278     INFO  main            d.u.i.k.p.i.AbstractProblemLoader Loading environment from /home/runner/work/key/key/key.core/../key.ui/examples/heap/permissions/threads/BFilter_staticPermissions_accessible.key 
364278     DEBUG main            d.u.i.k.p.i.AbstractProblemLoader Environment load took 85.8ns 
364279     INFO  main            d.u.i.k.p.i.AbstractProblemLoader Creating init config 
369687     DEBUG main            d.u.i.k.p.i.AbstractProblemLoader Init config took 5.41s 
369780     INFO  main            d.u.i.k.p.i.AbstractProblemLoader Replaying proof BFilter[ThreadSpec2::staticPermissions()].JML accessible clause.0 
369782     DEBUG main            d.u.i.k.p.i.IntermediateProofReplayer Proof replay took 6.4ns 
369886     INFO  main            d.u.i.k.p.r.p.TestFile    ... finished proof: closed. 
370323     INFO  main            d.u.i.k.p.i.AbstractProblemLoader Loading environment from /home/runner/work/key/key/key.core/../key.ui/examples/heap/permissions/threads/BFilter_staticPermissions_accessible.key.proof 
370323     DEBUG main            d.u.i.k.p.i.AbstractProblemLoader Environment load took 110.2ns 
370324     INFO  main            d.u.i.k.p.i.AbstractProblemLoader Creating init config 
375621     DEBUG main            d.u.i.k.p.i.AbstractProblemLoader Init config took 5.3s 
375712     INFO  main            d.u.i.k.p.i.AbstractProblemLoader Replaying proof BFilter[ThreadSpec2::staticPermissions()].JML accessible clause.0 
375725     DEBUG main            d.u.i.k.p.i.IntermediateProofReplayer Proof replay took 10.88ms 
375726     DEBUG main            d.u.i.k.p.r.p.TestFile    ... success: reloaded. 
375727     INFO  main            d.u.i.k.p.r.p.TestFile    Now processing file /home/runner/work/key/key/key.core/../key.ui/examples/heap/permissions/threads/BFilter_workingPermissions_accessible.key 
375727     INFO  main            d.u.i.k.p.i.AbstractProblemLoader Loading environment from /home/runner/work/key/key/key.core/../key.ui/examples/heap/permissions/threads/BFilter_workingPermissions_accessible.key 
375728     DEBUG main            d.u.i.k.p.i.AbstractProblemLoader Environment load took 124.4ns 
375729     INFO  main            d.u.i.k.p.i.AbstractProblemLoader Creating init config 
381297     DEBUG main            d.u.i.k.p.i.AbstractProblemLoader Init config took 5.57s 
381388     INFO  main            d.u.i.k.p.i.AbstractProblemLoader Replaying proof BFilter[ThreadSpec2::workingPermissions()].JML accessible clause.0 
381390     DEBUG main            d.u.i.k.p.i.IntermediateProofReplayer Proof replay took 6.8ns 
381492     INFO  main            d.u.i.k.p.r.p.TestFile    ... finished proof: closed. 
381934     INFO  main            d.u.i.k.p.i.AbstractProblemLoader Loading environment from /home/runner/work/key/key/key.core/../key.ui/examples/heap/permissions/threads/BFilter_workingPermissions_accessible.key.proof 
381934     DEBUG main            d.u.i.k.p.i.AbstractProblemLoader Environment load took 104.2ns 
381935     INFO  main            d.u.i.k.p.i.AbstractProblemLoader Creating init config 
387200     DEBUG main            d.u.i.k.p.i.AbstractProblemLoader Init config took 5.26s 
387295     INFO  main            d.u.i.k.p.i.AbstractProblemLoader Replaying proof BFilter[ThreadSpec2::workingPermissions()].JML accessible clause.0 
387307     DEBUG main            d.u.i.k.p.i.IntermediateProofReplayer Proof replay took 9.72ms 
387308     DEBUG main            d.u.i.k.p.r.p.TestFile    ... success: reloaded. 
387309     INFO  main            d.u.i.k.p.r.p.TestFile    Now processing file /home/runner/work/key/key/key.core/../key.ui/examples/heap/permissions/threads/Fib_Fib.key 
387310     INFO  main            d.u.i.k.p.i.AbstractProblemLoader Loading environment from /home/runner/work/key/key/key.core/../key.ui/examples/heap/permissions/threads/Fib_Fib.key 
387310     DEBUG main            d.u.i.k.p.i.AbstractProblemLoader Environment load took 130.2ns 
387311     INFO  main            d.u.i.k.p.i.AbstractProblemLoader Creating init config 
392714     DEBUG main            d.u.i.k.p.i.AbstractProblemLoader Init config took 5.4s 
392813     INFO  main            d.u.i.k.p.i.AbstractProblemLoader Replaying proof Fib[Fib::Fib(int)].JML normal_behavior operation contract.0 
392815     DEBUG main            d.u.i.k.p.i.IntermediateProofReplayer Proof replay took 7.4ns 
393618     INFO  main            d.u.i.k.p.r.p.TestFile    ... finished proof: closed. 
394084     INFO  main            d.u.i.k.p.i.AbstractProblemLoader Loading environment from /home/runner/work/key/key/key.core/../key.ui/examples/heap/permissions/threads/Fib_Fib.key.proof 
394085     DEBUG main            d.u.i.k.p.i.AbstractProblemLoader Environment load took 1.09ms 
394086     INFO  main            d.u.i.k.p.i.AbstractProblemLoader Creating init config 
399385     DEBUG main            d.u.i.k.p.i.AbstractProblemLoader Init config took 5.3s 
399476     INFO  main            d.u.i.k.p.i.AbstractProblemLoader Replaying proof Fib[Fib::Fib(int)].JML normal_behavior operation contract.0 
399618     DEBUG main            d.u.i.k.p.i.IntermediateProofReplayer Proof replay took 138.96ms 
399619     DEBUG main            d.u.i.k.p.r.p.TestFile    ... success: reloaded. 
399620     INFO  main            d.u.i.k.p.r.p.TestFile    Now processing file /home/runner/work/key/key/key.core/../key.ui/examples/heap/permissions/threads/Fib_initPost_accessible.key 
399620     INFO  main            d.u.i.k.p.i.AbstractProblemLoader Loading environment from /home/runner/work/key/key/key.core/../key.ui/examples/heap/permissions/threads/Fib_initPost_accessible.key 
399620     DEBUG main            d.u.i.k.p.i.AbstractProblemLoader Environment load took 126.5ns 
399621     INFO  main            d.u.i.k.p.i.AbstractProblemLoader Creating init config 
405152     DEBUG main            d.u.i.k.p.i.AbstractProblemLoader Init config took 5.53s 
405246     INFO  main            d.u.i.k.p.i.AbstractProblemLoader Replaying proof Fib[ThreadSpec::initPost()].JML accessible clause.0 
405248     DEBUG main            d.u.i.k.p.i.IntermediateProofReplayer Proof replay took 6.3ns 
405350     INFO  main            d.u.i.k.p.r.p.TestFile    ... finished proof: closed. 
405817     INFO  main            d.u.i.k.p.i.AbstractProblemLoader Loading environment from /home/runner/work/key/key/key.core/../key.ui/examples/heap/permissions/threads/Fib_initPost_accessible.key.proof 
405818     DEBUG main            d.u.i.k.p.i.AbstractProblemLoader Environment load took 172.2ns 
405818     INFO  main            d.u.i.k.p.i.AbstractProblemLoader Creating init config 
411199     DEBUG main            d.u.i.k.p.i.AbstractProblemLoader Init config took 5.38s 
411292     INFO  main            d.u.i.k.p.i.AbstractProblemLoader Replaying proof Fib[ThreadSpec::initPost()].JML accessible clause.0 
411300     DEBUG main            d.u.i.k.p.i.IntermediateProofReplayer Proof replay took 5.8ms 
411300     DEBUG main            d.u.i.k.p.r.p.TestFile    ... success: reloaded. 
411302     INFO  main            d.u.i.k.p.r.p.TestFile    Now processing file /home/runner/work/key/key/key.core/../key.ui/examples/heap/permissions/threads/Fib_inv1_accessible.key 
411302     INFO  main            d.u.i.k.p.i.AbstractProblemLoader Loading environment from /home/runner/work/key/key/key.core/../key.ui/examples/heap/permissions/threads/Fib_inv1_accessible.key 
411302     DEBUG main            d.u.i.k.p.i.AbstractProblemLoader Environment load took 127.5ns 
411303     INFO  main            d.u.i.k.p.i.AbstractProblemLoader Creating init config 
416778     DEBUG main            d.u.i.k.p.i.AbstractProblemLoader Init config took 5.47s 
416876     INFO  main            d.u.i.k.p.i.AbstractProblemLoader Replaying proof Fib[java.lang.Object::<inv>()].JML accessible clause.0 
416878     DEBUG main            d.u.i.k.p.i.IntermediateProofReplayer Proof replay took 6.7ns 
416982     INFO  main            d.u.i.k.p.r.p.TestFile    ... finished proof: closed. 
417466     INFO  main            d.u.i.k.p.i.AbstractProblemLoader Loading environment from /home/runner/work/key/key/key.core/../key.ui/examples/heap/permissions/threads/Fib_inv1_accessible.key.proof 
417466     DEBUG main            d.u.i.k.p.i.AbstractProblemLoader Environment load took 92.3ns 
417467     INFO  main            d.u.i.k.p.i.AbstractProblemLoader Creating init config 
422772     DEBUG main            d.u.i.k.p.i.AbstractProblemLoader Init config took 5.3s 
422879     INFO  main            d.u.i.k.p.i.AbstractProblemLoader Replaying proof Fib[java.lang.Object::<inv>()].JML accessible clause.0 
422883     DEBUG main            d.u.i.k.p.i.IntermediateProofReplayer Proof replay took 2.07ms 
422884     DEBUG main            d.u.i.k.p.r.p.TestFile    ... success: reloaded. 
422885     INFO  main            d.u.i.k.p.r.p.TestFile    Now processing file /home/runner/work/key/key/key.core/../key.ui/examples/heap/permissions/threads/Fib_inv2_accessible.key 
422886     INFO  main            d.u.i.k.p.i.AbstractProblemLoader Loading environment from /home/runner/work/key/key/key.core/../key.ui/examples/heap/permissions/threads/Fib_inv2_accessible.key 
422886     DEBUG main            d.u.i.k.p.i.AbstractProblemLoader Environment load took 332.2ns 
422887     INFO  main            d.u.i.k.p.i.AbstractProblemLoader Creating init config 
428418     DEBUG main            d.u.i.k.p.i.AbstractProblemLoader Init config took 5.53s 
428510     INFO  main            d.u.i.k.p.i.AbstractProblemLoader Replaying proof Fib[java.lang.Object::<inv>()].JML accessible clause.1 
428512     DEBUG main            d.u.i.k.p.i.IntermediateProofReplayer Proof replay took 7ns 
428613     INFO  main            d.u.i.k.p.r.p.TestFile    ... finished proof: closed. 
429101     INFO  main            d.u.i.k.p.i.AbstractProblemLoader Loading environment from /home/runner/work/key/key/key.core/../key.ui/examples/heap/permissions/threads/Fib_inv2_accessible.key.proof 
429101     DEBUG main            d.u.i.k.p.i.AbstractProblemLoader Environment load took 109.9ns 
429103     INFO  main            d.u.i.k.p.i.AbstractProblemLoader Creating init config 
434430     DEBUG main            d.u.i.k.p.i.AbstractProblemLoader Init config took 5.33s 
434536     INFO  main            d.u.i.k.p.i.AbstractProblemLoader Replaying proof Fib[java.lang.Object::<inv>()].JML accessible clause.1 
434540     DEBUG main            d.u.i.k.p.i.IntermediateProofReplayer Proof replay took 2ms 
434540     DEBUG main            d.u.i.k.p.r.p.TestFile    ... success: reloaded. 
434542     INFO  main            d.u.i.k.p.r.p.TestFile    Now processing file /home/runner/work/key/key/key.core/../key.ui/examples/heap/permissions/threads/Fib_joinTransfer_accessible.key 
434542     INFO  main            d.u.i.k.p.i.AbstractProblemLoader Loading environment from /home/runner/work/key/key/key.core/../key.ui/examples/heap/permissions/threads/Fib_joinTransfer_accessible.key 
434542     DEBUG main            d.u.i.k.p.i.AbstractProblemLoader Environment load took 54.8ns 
434543     INFO  main            d.u.i.k.p.i.AbstractProblemLoader Creating init config 
439952     DEBUG main            d.u.i.k.p.i.AbstractProblemLoader Init config took 5.41s 
440046     INFO  main            d.u.i.k.p.i.AbstractProblemLoader Replaying proof Fib[ThreadSpec::joinTransfer()].JML accessible clause.0 
440049     DEBUG main            d.u.i.k.p.i.IntermediateProofReplayer Proof replay took 7.9ns 
440251     INFO  main            d.u.i.k.p.r.p.TestFile    ... finished proof: closed. 
440743     INFO  main            d.u.i.k.p.i.AbstractProblemLoader Loading environment from /home/runner/work/key/key/key.core/../key.ui/examples/heap/permissions/threads/Fib_joinTransfer_accessible.key.proof 
440743     DEBUG main            d.u.i.k.p.i.AbstractProblemLoader Environment load took 103.7ns 
440744     INFO  main            d.u.i.k.p.i.AbstractProblemLoader Creating init config 
446002     DEBUG main            d.u.i.k.p.i.AbstractProblemLoader Init config took 5.26s 
446092     INFO  main            d.u.i.k.p.i.AbstractProblemLoader Replaying proof Fib[ThreadSpec::joinTransfer()].JML accessible clause.0 
446124     DEBUG main            d.u.i.k.p.i.IntermediateProofReplayer Proof replay took 29.16ms 
446124     DEBUG main            d.u.i.k.p.r.p.TestFile    ... success: reloaded. 
446125     INFO  main            d.u.i.k.p.r.p.TestFile    Now processing file /home/runner/work/key/key/key.core/../key.ui/examples/heap/permissions/threads/Fib_joinTransfer_contract.key 
446126     INFO  main            d.u.i.k.p.i.AbstractProblemLoader Loading environment from /home/runner/work/key/key/key.core/../key.ui/examples/heap/permissions/threads/Fib_joinTransfer_contract.key 
446126     DEBUG main            d.u.i.k.p.i.AbstractProblemLoader Environment load took 182.4ns 
446127     INFO  main            d.u.i.k.p.i.AbstractProblemLoader Creating init config 
451611     DEBUG main            d.u.i.k.p.i.AbstractProblemLoader Init config took 5.48s 
451721     INFO  main            d.u.i.k.p.i.AbstractProblemLoader Replaying proof Fib[ThreadSpec::joinTransfer()].JML model_behavior operation contract.0 
451723     DEBUG main            d.u.i.k.p.i.IntermediateProofReplayer Proof replay took 7ns 
451825     INFO  main            d.u.i.k.p.r.p.TestFile    ... finished proof: closed. 
452314     INFO  main            d.u.i.k.p.i.AbstractProblemLoader Loading environment from /home/runner/work/key/key/key.core/../key.ui/examples/heap/permissions/threads/Fib_joinTransfer_contract.key.proof 
452314     DEBUG main            d.u.i.k.p.i.AbstractProblemLoader Environment load took 124.7ns 
452315     INFO  main            d.u.i.k.p.i.AbstractProblemLoader Creating init config 
457815     DEBUG main            d.u.i.k.p.i.AbstractProblemLoader Init config took 5.5s 
457912     INFO  main            d.u.i.k.p.i.AbstractProblemLoader Replaying proof Fib[ThreadSpec::joinTransfer()].JML model_behavior operation contract.0 
457922     DEBUG main            d.u.i.k.p.i.IntermediateProofReplayer Proof replay took 8.15ms 
457922     DEBUG main            d.u.i.k.p.r.p.TestFile    ... success: reloaded. 
457924     INFO  main            d.u.i.k.p.r.p.TestFile    Now processing file /home/runner/work/key/key/key.core/../key.ui/examples/heap/permissions/threads/Fib_postJoin_accessible.key 
457924     INFO  main            d.u.i.k.p.i.AbstractProblemLoader Loading environment from /home/runner/work/key/key/key.core/../key.ui/examples/heap/permissions/threads/Fib_postJoin_accessible.key 
457924     DEBUG main            d.u.i.k.p.i.AbstractProblemLoader Environment load took 90.2ns 
457925     INFO  main            d.u.i.k.p.i.AbstractProblemLoader Creating init config 
463356     DEBUG main            d.u.i.k.p.i.AbstractProblemLoader Init config took 5.43s 
463446     INFO  main            d.u.i.k.p.i.AbstractProblemLoader Replaying proof Fib[ThreadSpec::postJoin(java.lang.Object)].JML accessible clause.0 
463448     DEBUG main            d.u.i.k.p.i.IntermediateProofReplayer Proof replay took 7.3ns 
463550     INFO  main            d.u.i.k.p.r.p.TestFile    ... finished proof: closed. 
464052     INFO  main            d.u.i.k.p.i.AbstractProblemLoader Loading environment from /home/runner/work/key/key/key.core/../key.ui/examples/heap/permissions/threads/Fib_postJoin_accessible.key.proof 
464052     DEBUG main            d.u.i.k.p.i.AbstractProblemLoader Environment load took 186.9ns 
464053     INFO  main            d.u.i.k.p.i.AbstractProblemLoader Creating init config 
469356     DEBUG main            d.u.i.k.p.i.AbstractProblemLoader Init config took 5.3s 
469451     INFO  main            d.u.i.k.p.i.AbstractProblemLoader Replaying proof Fib[ThreadSpec::postJoin(java.lang.Object)].JML accessible clause.0 
469461     DEBUG main            d.u.i.k.p.i.IntermediateProofReplayer Proof replay took 7.28ms 
469461     DEBUG main            d.u.i.k.p.r.p.TestFile    ... success: reloaded. 
469462     INFO  main            d.u.i.k.p.r.p.TestFile    Now processing file /home/runner/work/key/key/key.core/../key.ui/examples/heap/permissions/threads/Fib_preStart_accessible.key 
469463     INFO  main            d.u.i.k.p.i.AbstractProblemLoader Loading environment from /home/runner/work/key/key/key.core/../key.ui/examples/heap/permissions/threads/Fib_preStart_accessible.key 
469463     DEBUG main            d.u.i.k.p.i.AbstractProblemLoader Environment load took 115.5ns 
469464     INFO  main            d.u.i.k.p.i.AbstractProblemLoader Creating init config 
474919     DEBUG main            d.u.i.k.p.i.AbstractProblemLoader Init config took 5.46s 
475010     INFO  main            d.u.i.k.p.i.AbstractProblemLoader Replaying proof Fib[ThreadSpec::preStart(java.lang.Object)].JML accessible clause.0 
475012     DEBUG main            d.u.i.k.p.i.IntermediateProofReplayer Proof replay took 25.8ns 
475114     INFO  main            d.u.i.k.p.r.p.TestFile    ... finished proof: closed. 
475621     INFO  main            d.u.i.k.p.i.AbstractProblemLoader Loading environment from /home/runner/work/key/key/key.core/../key.ui/examples/heap/permissions/threads/Fib_preStart_accessible.key.proof 
475621     DEBUG main            d.u.i.k.p.i.AbstractProblemLoader Environment load took 98.9ns 
475622     INFO  main            d.u.i.k.p.i.AbstractProblemLoader Creating init config 
480917     DEBUG main            d.u.i.k.p.i.AbstractProblemLoader Init config took 5.29s 
481007     INFO  main            d.u.i.k.p.i.AbstractProblemLoader Replaying proof Fib[ThreadSpec::preStart(java.lang.Object)].JML accessible clause.0 
481017     DEBUG main            d.u.i.k.p.i.IntermediateProofReplayer Proof replay took 7.94ms 
481018     DEBUG main            d.u.i.k.p.r.p.TestFile    ... success: reloaded. 
481019     INFO  main            d.u.i.k.p.r.p.TestFile    Now processing file /home/runner/work/key/key/key.core/../key.ui/examples/heap/permissions/threads/Fib_startTransfer_accessible.key 
481019     INFO  main            d.u.i.k.p.i.AbstractProblemLoader Loading environment from /home/runner/work/key/key/key.core/../key.ui/examples/heap/permissions/threads/Fib_startTransfer_accessible.key 
481020     DEBUG main            d.u.i.k.p.i.AbstractProblemLoader Environment load took 150.9ns 
481021     INFO  main            d.u.i.k.p.i.AbstractProblemLoader Creating init config 
486444     DEBUG main            d.u.i.k.p.i.AbstractProblemLoader Init config took 5.42s 
486548     INFO  main            d.u.i.k.p.i.AbstractProblemLoader Replaying proof Fib[ThreadSpec::startTransfer()].JML accessible clause.0 
486550     DEBUG main            d.u.i.k.p.i.IntermediateProofReplayer Proof replay took 7.2ns 
486858     INFO  main            d.u.i.k.p.r.p.TestFile    ... finished proof: closed. 
487408     INFO  main            d.u.i.k.p.i.AbstractProblemLoader Loading environment from /home/runner/work/key/key/key.core/../key.ui/examples/heap/permissions/threads/Fib_startTransfer_accessible.key.proof 
487408     DEBUG main            d.u.i.k.p.i.AbstractProblemLoader Environment load took 108ns 
487410     INFO  main            d.u.i.k.p.i.AbstractProblemLoader Creating init config 
492782     DEBUG main            d.u.i.k.p.i.AbstractProblemLoader Init config took 5.37s 
492872     INFO  main            d.u.i.k.p.i.AbstractProblemLoader Replaying proof Fib[ThreadSpec::startTransfer()].JML accessible clause.0 
492939     DEBUG main            d.u.i.k.p.i.IntermediateProofReplayer Proof replay took 64.67ms 
492941     DEBUG main            d.u.i.k.p.r.p.TestFile    ... success: reloaded. 
492942     INFO  main            d.u.i.k.p.r.p.TestFile    Now processing file /home/runner/work/key/key/key.core/../key.ui/examples/heap/permissions/threads/Fib_startTransfer_contract.key 
492942     INFO  main            d.u.i.k.p.i.AbstractProblemLoader Loading environment from /home/runner/work/key/key/key.core/../key.ui/examples/heap/permissions/threads/Fib_startTransfer_contract.key 
492942     DEBUG main            d.u.i.k.p.i.AbstractProblemLoader Environment load took 120.5ns 
492943     INFO  main            d.u.i.k.p.i.AbstractProblemLoader Creating init config 
498349     DEBUG main            d.u.i.k.p.i.AbstractProblemLoader Init config took 5.41s 
498440     INFO  main            d.u.i.k.p.i.AbstractProblemLoader Replaying proof Fib[ThreadSpec::startTransfer()].JML model_behavior operation contract.0 
498442     DEBUG main            d.u.i.k.p.i.IntermediateProofReplayer Proof replay took 6.4ns 
498546     INFO  main            d.u.i.k.p.r.p.TestFile    ... finished proof: closed. 
499069     INFO  main            d.u.i.k.p.i.AbstractProblemLoader Loading environment from /home/runner/work/key/key/key.core/../key.ui/examples/heap/permissions/threads/Fib_startTransfer_contract.key.proof 
499069     DEBUG main            d.u.i.k.p.i.AbstractProblemLoader Environment load took 88.9ns 
499070     INFO  main            d.u.i.k.p.i.AbstractProblemLoader Creating init config 
504540     DEBUG main            d.u.i.k.p.i.AbstractProblemLoader Init config took 5.47s 
504646     INFO  main            d.u.i.k.p.i.AbstractProblemLoader Replaying proof Fib[ThreadSpec::startTransfer()].JML model_behavior operation contract.0 
504656     DEBUG main            d.u.i.k.p.i.IntermediateProofReplayer Proof replay took 8.53ms 
504657     DEBUG main            d.u.i.k.p.r.p.TestFile    ... success: reloaded. 
504658     INFO  main            d.u.i.k.p.r.p.TestFile    Now processing file /home/runner/work/key/key/key.core/../key.ui/examples/heap/permissions/threads/Fib_workingPermissions_accessible.key 
504658     INFO  main            d.u.i.k.p.i.AbstractProblemLoader Loading environment from /home/runner/work/key/key/key.core/../key.ui/examples/heap/permissions/threads/Fib_workingPermissions_accessible.key 
504658     DEBUG main            d.u.i.k.p.i.AbstractProblemLoader Environment load took 111.9ns 
504659     INFO  main            d.u.i.k.p.i.AbstractProblemLoader Creating init config 
510119     DEBUG main            d.u.i.k.p.i.AbstractProblemLoader Init config took 5.46s 
510208     INFO  main            d.u.i.k.p.i.AbstractProblemLoader Replaying proof Fib[ThreadSpec::workingPermissions()].JML accessible clause.0 
510210     DEBUG main            d.u.i.k.p.i.IntermediateProofReplayer Proof replay took 6.1ns 
510312     INFO  main            d.u.i.k.p.r.p.TestFile    ... finished proof: closed. 
510859     INFO  main            d.u.i.k.p.i.AbstractProblemLoader Loading environment from /home/runner/work/key/key/key.core/../key.ui/examples/heap/permissions/threads/Fib_workingPermissions_accessible.key.proof 
510859     DEBUG main            d.u.i.k.p.i.AbstractProblemLoader Environment load took 161.4ns 
510860     INFO  main            d.u.i.k.p.i.AbstractProblemLoader Creating init config 
516344     DEBUG main            d.u.i.k.p.i.AbstractProblemLoader Init config took 5.48s 
516459     INFO  main            d.u.i.k.p.i.AbstractProblemLoader Replaying proof Fib[ThreadSpec::workingPermissions()].JML accessible clause.0 
516463     DEBUG main            d.u.i.k.p.i.IntermediateProofReplayer Proof replay took 2.94ms 
516464     DEBUG main            d.u.i.k.p.r.p.TestFile    ... success: reloaded. 
516465     INFO  main            d.u.i.k.p.r.p.TestFile    Now processing file /home/runner/work/key/key/key.core/../key.ui/examples/heap/permissions/threads/Plotter_initPost_accessible.key 
516466     INFO  main            d.u.i.k.p.i.AbstractProblemLoader Loading environment from /home/runner/work/key/key/key.core/../key.ui/examples/heap/permissions/threads/Plotter_initPost_accessible.key 
516466     DEBUG main            d.u.i.k.p.i.AbstractProblemLoader Environment load took 62ns 
516467     INFO  main            d.u.i.k.p.i.AbstractProblemLoader Creating init config 
522229     DEBUG main            d.u.i.k.p.i.AbstractProblemLoader Init config took 5.76s 
522322     INFO  main            d.u.i.k.p.i.AbstractProblemLoader Replaying proof Plotter[ThreadSpec2::initPost()].JML accessible clause.0 
522324     DEBUG main            d.u.i.k.p.i.IntermediateProofReplayer Proof replay took 6.9ns 
522526     INFO  main            d.u.i.k.p.r.p.TestFile    ... finished proof: closed. 
523089     INFO  main            d.u.i.k.p.i.AbstractProblemLoader Loading environment from /home/runner/work/key/key/key.core/../key.ui/examples/heap/permissions/threads/Plotter_initPost_accessible.key.proof 
523089     DEBUG main            d.u.i.k.p.i.AbstractProblemLoader Environment load took 84.8ns 
523090     INFO  main            d.u.i.k.p.i.AbstractProblemLoader Creating init config 
528497     DEBUG main            d.u.i.k.p.i.AbstractProblemLoader Init config took 5.41s 
528589     INFO  main            d.u.i.k.p.i.AbstractProblemLoader Replaying proof Plotter[ThreadSpec2::initPost()].JML accessible clause.0 
528613     DEBUG main            d.u.i.k.p.i.IntermediateProofReplayer Proof replay took 17.16ms 
528614     DEBUG main            d.u.i.k.p.r.p.TestFile    ... success: reloaded. 
528615     INFO  main            d.u.i.k.p.r.p.TestFile    Now processing file /home/runner/work/key/key/key.core/../key.ui/examples/heap/permissions/threads/Plotter_inv_accessible1.key 
528615     INFO  main            d.u.i.k.p.i.AbstractProblemLoader Loading environment from /home/runner/work/key/key/key.core/../key.ui/examples/heap/permissions/threads/Plotter_inv_accessible1.key 
528615     DEBUG main            d.u.i.k.p.i.AbstractProblemLoader Environment load took 75.7ns 
528616     INFO  main            d.u.i.k.p.i.AbstractProblemLoader Creating init config 
534058     DEBUG main            d.u.i.k.p.i.AbstractProblemLoader Init config took 5.44s 
534167     INFO  main            d.u.i.k.p.i.AbstractProblemLoader Replaying proof Plotter[java.lang.Object::<inv>()].JML accessible clause.0 
534169     DEBUG main            d.u.i.k.p.i.IntermediateProofReplayer Proof replay took 7.1ns 
534271     INFO  main            d.u.i.k.p.r.p.TestFile    ... finished proof: closed. 
534846     INFO  main            d.u.i.k.p.i.AbstractProblemLoader Loading environment from /home/runner/work/key/key/key.core/../key.ui/examples/heap/permissions/threads/Plotter_inv_accessible1.key.proof 
534847     DEBUG main            d.u.i.k.p.i.AbstractProblemLoader Environment load took 128.7ns 
534848     INFO  main            d.u.i.k.p.i.AbstractProblemLoader Creating init config 
540214     DEBUG main            d.u.i.k.p.i.AbstractProblemLoader Init config took 5.37s 
540304     INFO  main            d.u.i.k.p.i.AbstractProblemLoader Replaying proof Plotter[java.lang.Object::<inv>()].JML accessible clause.0 
540307     DEBUG main            d.u.i.k.p.i.IntermediateProofReplayer Proof replay took 1.77ms 
540308     DEBUG main            d.u.i.k.p.r.p.TestFile    ... success: reloaded. 
540310     INFO  main            d.u.i.k.p.r.p.TestFile    Now processing file /home/runner/work/key/key/key.core/../key.ui/examples/heap/permissions/threads/Plotter_inv_accessible2.key 
540310     INFO  main            d.u.i.k.p.i.AbstractProblemLoader Loading environment from /home/runner/work/key/key/key.core/../key.ui/examples/heap/permissions/threads/Plotter_inv_accessible2.key 
540310     DEBUG main            d.u.i.k.p.i.AbstractProblemLoader Environment load took 216.6ns 
540311     INFO  main            d.u.i.k.p.i.AbstractProblemLoader Creating init config 
545772     DEBUG main            d.u.i.k.p.i.AbstractProblemLoader Init config took 5.46s 
545864     INFO  main            d.u.i.k.p.i.AbstractProblemLoader Replaying proof Plotter[java.lang.Object::<inv>()].JML accessible clause.1 
545866     DEBUG main            d.u.i.k.p.i.IntermediateProofReplayer Proof replay took 7.7ns 
545967     INFO  main            d.u.i.k.p.r.p.TestFile    ... finished proof: closed. 
546564     INFO  main            d.u.i.k.p.i.AbstractProblemLoader Loading environment from /home/runner/work/key/key/key.core/../key.ui/examples/heap/permissions/threads/Plotter_inv_accessible2.key.proof 
546564     DEBUG main            d.u.i.k.p.i.AbstractProblemLoader Environment load took 128.4ns 
546565     INFO  main            d.u.i.k.p.i.AbstractProblemLoader Creating init config 
552249     DEBUG main            d.u.i.k.p.i.AbstractProblemLoader Init config took 5.68s 
552351     INFO  main            d.u.i.k.p.i.AbstractProblemLoader Replaying proof Plotter[java.lang.Object::<inv>()].JML accessible clause.1 
552356     DEBUG main            d.u.i.k.p.i.IntermediateProofReplayer Proof replay took 2.54ms 
552357     DEBUG main            d.u.i.k.p.r.p.TestFile    ... success: reloaded. 
552358     INFO  main            d.u.i.k.p.r.p.TestFile    Now processing file /home/runner/work/key/key/key.core/../key.ui/examples/heap/permissions/threads/Plotter_joinTransfer_contract.key 
552358     INFO  main            d.u.i.k.p.i.AbstractProblemLoader Loading environment from /home/runner/work/key/key/key.core/../key.ui/examples/heap/permissions/threads/Plotter_joinTransfer_contract.key 
552358     DEBUG main            d.u.i.k.p.i.AbstractProblemLoader Environment load took 109.5ns 
552359     INFO  main            d.u.i.k.p.i.AbstractProblemLoader Creating init config 
557918     DEBUG main            d.u.i.k.p.i.AbstractProblemLoader Init config took 5.56s 
558014     INFO  main            d.u.i.k.p.i.AbstractProblemLoader Replaying proof Plotter[ThreadSpec2::joinTransfer()].JML model_behavior operation contract.0 
558016     DEBUG main            d.u.i.k.p.i.IntermediateProofReplayer Proof replay took 8ns 
558118     INFO  main            d.u.i.k.p.r.p.TestFile    ... finished proof: closed. 
558714     INFO  main            d.u.i.k.p.i.AbstractProblemLoader Loading environment from /home/runner/work/key/key/key.core/../key.ui/examples/heap/permissions/threads/Plotter_joinTransfer_contract.key.proof 
558714     DEBUG main            d.u.i.k.p.i.AbstractProblemLoader Environment load took 82.6ns 
558715     INFO  main            d.u.i.k.p.i.AbstractProblemLoader Creating init config 
564112     DEBUG main            d.u.i.k.p.i.AbstractProblemLoader Init config took 5.4s 
564208     INFO  main            d.u.i.k.p.i.AbstractProblemLoader Replaying proof Plotter[ThreadSpec2::joinTransfer()].JML model_behavior operation contract.0 
564219     DEBUG main            d.u.i.k.p.i.IntermediateProofReplayer Proof replay took 9.18ms 
564220     DEBUG main            d.u.i.k.p.r.p.TestFile    ... success: reloaded. 
564221     INFO  main            d.u.i.k.p.r.p.TestFile    Now processing file /home/runner/work/key/key/key.core/../key.ui/examples/heap/permissions/threads/Plotter_Plotter.key 
564222     INFO  main            d.u.i.k.p.i.AbstractProblemLoader Loading environment from /home/runner/work/key/key/key.core/../key.ui/examples/heap/permissions/threads/Plotter_Plotter.key 
564222     DEBUG main            d.u.i.k.p.i.AbstractProblemLoader Environment load took 137ns 
564223     INFO  main            d.u.i.k.p.i.AbstractProblemLoader Creating init config 
569705     DEBUG main            d.u.i.k.p.i.AbstractProblemLoader Init config took 5.48s 
569796     INFO  main            d.u.i.k.p.i.AbstractProblemLoader Replaying proof Plotter[Plotter::Plotter(AFilter,BFilter,Buffer)].JML normal_behavior operation contract.0 
569798     DEBUG main            d.u.i.k.p.i.IntermediateProofReplayer Proof replay took 8.1ns 
572020     INFO  main            d.u.i.k.p.r.p.TestFile    ... finished proof: closed. 
572652     INFO  main            d.u.i.k.p.i.AbstractProblemLoader Loading environment from /home/runner/work/key/key/key.core/../key.ui/examples/heap/permissions/threads/Plotter_Plotter.key.proof 
572657     DEBUG main            d.u.i.k.p.i.AbstractProblemLoader Environment load took 5.02ms 
572658     INFO  main            d.u.i.k.p.i.AbstractProblemLoader Creating init config 
578251     DEBUG main            d.u.i.k.p.i.AbstractProblemLoader Init config took 5.59s 
578355     INFO  main            d.u.i.k.p.i.AbstractProblemLoader Replaying proof Plotter[Plotter::Plotter(AFilter,BFilter,Buffer)].JML normal_behavior operation contract.0 
578682     DEBUG main            d.u.i.k.p.i.IntermediateProofReplayer Proof replay took 320.98ms 
578683     DEBUG main            d.u.i.k.p.r.p.TestFile    ... success: reloaded. 
578684     INFO  main            d.u.i.k.p.r.p.TestFile    Now processing file /home/runner/work/key/key/key.core/../key.ui/examples/heap/permissions/threads/Plotter_postJoin_accessible.key 
578685     INFO  main            d.u.i.k.p.i.AbstractProblemLoader Loading environment from /home/runner/work/key/key/key.core/../key.ui/examples/heap/permissions/threads/Plotter_postJoin_accessible.key 
578685     DEBUG main            d.u.i.k.p.i.AbstractProblemLoader Environment load took 126.3ns 
578686     INFO  main            d.u.i.k.p.i.AbstractProblemLoader Creating init config 
584438     DEBUG main            d.u.i.k.p.i.AbstractProblemLoader Init config took 5.75s 
584529     INFO  main            d.u.i.k.p.i.AbstractProblemLoader Replaying proof Plotter[ThreadSpec2::postJoin(java.lang.Object)].JML accessible clause.0 
584530     DEBUG main            d.u.i.k.p.i.IntermediateProofReplayer Proof replay took 7.2ns 
584632     INFO  main            d.u.i.k.p.r.p.TestFile    ... finished proof: closed. 
585236     INFO  main            d.u.i.k.p.i.AbstractProblemLoader Loading environment from /home/runner/work/key/key/key.core/../key.ui/examples/heap/permissions/threads/Plotter_postJoin_accessible.key.proof 
585237     DEBUG main            d.u.i.k.p.i.AbstractProblemLoader Environment load took 396.8ns 
585238     INFO  main            d.u.i.k.p.i.AbstractProblemLoader Creating init config 
590699     DEBUG main            d.u.i.k.p.i.AbstractProblemLoader Init config took 5.46s 
590796     INFO  main            d.u.i.k.p.i.AbstractProblemLoader Replaying proof Plotter[ThreadSpec2::postJoin(java.lang.Object)].JML accessible clause.0 
590815     DEBUG main            d.u.i.k.p.i.IntermediateProofReplayer Proof replay took 15.34ms 
590815     DEBUG main            d.u.i.k.p.r.p.TestFile    ... success: reloaded. 
590816     INFO  main            d.u.i.k.p.r.p.TestFile    Now processing file /home/runner/work/key/key/key.core/../key.ui/examples/heap/permissions/threads/Plotter_preStart_accessible.key 
590817     INFO  main            d.u.i.k.p.i.AbstractProblemLoader Loading environment from /home/runner/work/key/key/key.core/../key.ui/examples/heap/permissions/threads/Plotter_preStart_accessible.key 
590817     DEBUG main            d.u.i.k.p.i.AbstractProblemLoader Environment load took 80.7ns 
590818     INFO  main            d.u.i.k.p.i.AbstractProblemLoader Creating init config 
596423     DEBUG main            d.u.i.k.p.i.AbstractProblemLoader Init config took 5.61s 
596551     INFO  main            d.u.i.k.p.i.AbstractProblemLoader Replaying proof Plotter[ThreadSpec2::preStart(java.lang.Object)].JML accessible clause.0 
596553     DEBUG main            d.u.i.k.p.i.IntermediateProofReplayer Proof replay took 7.2ns 
597857     INFO  main            d.u.i.k.p.r.p.TestFile    ... finished proof: closed. 
598527     INFO  main            d.u.i.k.p.i.AbstractProblemLoader Loading environment from /home/runner/work/key/key/key.core/../key.ui/examples/heap/permissions/threads/Plotter_preStart_accessible.key.proof 
598527     DEBUG main            d.u.i.k.p.i.AbstractProblemLoader Environment load took 92.8ns 
598528     INFO  main            d.u.i.k.p.i.AbstractProblemLoader Creating init config 
603976     DEBUG main            d.u.i.k.p.i.AbstractProblemLoader Init config took 5.45s 
604068     INFO  main            d.u.i.k.p.i.AbstractProblemLoader Replaying proof Plotter[ThreadSpec2::preStart(java.lang.Object)].JML accessible clause.0 
604173     DEBUG main            d.u.i.k.p.i.IntermediateProofReplayer Proof replay took 100.98ms 
604174     DEBUG main            d.u.i.k.p.r.p.TestFile    ... success: reloaded. 
604175     INFO  main            d.u.i.k.p.r.p.TestFile    Now processing file /home/runner/work/key/key/key.core/../key.ui/examples/heap/permissions/threads/Plotter_stateInv_accessible.key 
604176     INFO  main            d.u.i.k.p.i.AbstractProblemLoader Loading environment from /home/runner/work/key/key/key.core/../key.ui/examples/heap/permissions/threads/Plotter_stateInv_accessible.key 
604176     DEBUG main            d.u.i.k.p.i.AbstractProblemLoader Environment load took 65.7ns 
604177     INFO  main            d.u.i.k.p.i.AbstractProblemLoader Creating init config 
609888     DEBUG main            d.u.i.k.p.i.AbstractProblemLoader Init config took 5.71s 
609980     INFO  main            d.u.i.k.p.i.AbstractProblemLoader Replaying proof Plotter[ThreadSpec2::stateInv()].JML accessible clause.0 
609982     DEBUG main            d.u.i.k.p.i.IntermediateProofReplayer Proof replay took 7.5ns 
619546     INFO  main            d.u.i.k.p.r.p.TestFile    ... finished proof: closed. 
620200     INFO  main            d.u.i.k.p.i.AbstractProblemLoader Loading environment from /home/runner/work/key/key/key.core/../key.ui/examples/heap/permissions/threads/Plotter_stateInv_accessible.key.proof 
620201     DEBUG main            d.u.i.k.p.i.AbstractProblemLoader Environment load took 935.89ns 
620202     INFO  main            d.u.i.k.p.i.AbstractProblemLoader Creating init config 
625584     DEBUG main            d.u.i.k.p.i.AbstractProblemLoader Init config took 5.38s 
625674     INFO  main            d.u.i.k.p.i.AbstractProblemLoader Replaying proof Plotter[ThreadSpec2::stateInv()].JML accessible clause.0 
626456     DEBUG main            d.u.i.k.p.i.IntermediateProofReplayer Proof replay took 749.15ms 
626459     DEBUG main            d.u.i.k.p.r.p.TestFile    ... success: reloaded. 
626460     INFO  main            d.u.i.k.p.r.p.TestFile    Now processing file /home/runner/work/key/key/key.core/../key.ui/examples/heap/permissions/threads/Plotter_staticPermissions_accessible.key 
626461     INFO  main            d.u.i.k.p.i.AbstractProblemLoader Loading environment from /home/runner/work/key/key/key.core/../key.ui/examples/heap/permissions/threads/Plotter_staticPermissions_accessible.key 
626461     DEBUG main            d.u.i.k.p.i.AbstractProblemLoader Environment load took 138.2ns 
626462     INFO  main            d.u.i.k.p.i.AbstractProblemLoader Creating init config 
632171     DEBUG main            d.u.i.k.p.i.AbstractProblemLoader Init config took 5.71s 
632270     INFO  main            d.u.i.k.p.i.AbstractProblemLoader Replaying proof Plotter[ThreadSpec2::staticPermissions()].JML accessible clause.0 
632272     DEBUG main            d.u.i.k.p.i.IntermediateProofReplayer Proof replay took 42.7ns 
633175     INFO  main            d.u.i.k.p.r.p.TestFile    ... finished proof: closed. 
633807     INFO  main            d.u.i.k.p.i.AbstractProblemLoader Loading environment from /home/runner/work/key/key/key.core/../key.ui/examples/heap/permissions/threads/Plotter_staticPermissions_accessible.key.proof 
633807     DEBUG main            d.u.i.k.p.i.AbstractProblemLoader Environment load took 126.5ns 
633808     INFO  main            d.u.i.k.p.i.AbstractProblemLoader Creating init config 
639449     DEBUG main            d.u.i.k.p.i.AbstractProblemLoader Init config took 5.64s 
639552     INFO  main            d.u.i.k.p.i.AbstractProblemLoader Replaying proof Plotter[ThreadSpec2::staticPermissions()].JML accessible clause.0 
639637     DEBUG main            d.u.i.k.p.i.IntermediateProofReplayer Proof replay took 82.34ms 
639638     DEBUG main            d.u.i.k.p.r.p.TestFile    ... success: reloaded. 
639639     INFO  main            d.u.i.k.p.r.p.TestFile    Now processing file /home/runner/work/key/key/key.core/../key.ui/examples/heap/permissions/threads/Plotter_workingPermissions_accessible.key 
639639     INFO  main            d.u.i.k.p.i.AbstractProblemLoader Loading environment from /home/runner/work/key/key/key.core/../key.ui/examples/heap/permissions/threads/Plotter_workingPermissions_accessible.key 
639639     DEBUG main            d.u.i.k.p.i.AbstractProblemLoader Environment load took 89.3ns 
639640     INFO  main            d.u.i.k.p.i.AbstractProblemLoader Creating init config 
645393     DEBUG main            d.u.i.k.p.i.AbstractProblemLoader Init config took 5.75s 
645492     INFO  main            d.u.i.k.p.i.AbstractProblemLoader Replaying proof Plotter[ThreadSpec2::workingPermissions()].JML accessible clause.0 
645494     DEBUG main            d.u.i.k.p.i.IntermediateProofReplayer Proof replay took 3.9ns 
645696     INFO  main            d.u.i.k.p.r.p.TestFile    ... finished proof: closed. 
646356     INFO  main            d.u.i.k.p.i.AbstractProblemLoader Loading environment from /home/runner/work/key/key/key.core/../key.ui/examples/heap/permissions/threads/Plotter_workingPermissions_accessible.key.proof 
646356     DEBUG main            d.u.i.k.p.i.AbstractProblemLoader Environment load took 86.1ns 
646357     INFO  main            d.u.i.k.p.i.AbstractProblemLoader Creating init config 
651832     DEBUG main            d.u.i.k.p.i.AbstractProblemLoader Init config took 5.47s 
651927     INFO  main            d.u.i.k.p.i.AbstractProblemLoader Replaying proof Plotter[ThreadSpec2::workingPermissions()].JML accessible clause.0 
651948     DEBUG main            d.u.i.k.p.i.IntermediateProofReplayer Proof replay took 19.79ms 
651949     DEBUG main            d.u.i.k.p.r.p.TestFile    ... success: reloaded. 
651950     INFO  main            d.u.i.k.p.r.p.TestFile    Now processing file /home/runner/work/key/key/key.core/../key.ui/examples/heap/permissions/threads/Sampler_initPost_accessible.key 
651950     INFO  main            d.u.i.k.p.i.AbstractProblemLoader Loading environment from /home/runner/work/key/key/key.core/../key.ui/examples/heap/permissions/threads/Sampler_initPost_accessible.key 
651951     DEBUG main            d.u.i.k.p.i.AbstractProblemLoader Environment load took 94.8ns 
651951     INFO  main            d.u.i.k.p.i.AbstractProblemLoader Creating init config 
657378     DEBUG main            d.u.i.k.p.i.AbstractProblemLoader Init config took 5.43s 
657472     INFO  main            d.u.i.k.p.i.AbstractProblemLoader Replaying proof Sampler[ThreadSpec2::initPost()].JML accessible clause.0 
657474     DEBUG main            d.u.i.k.p.i.IntermediateProofReplayer Proof replay took 3ns 
657575     INFO  main            d.u.i.k.p.r.p.TestFile    ... finished proof: closed. 
658234     INFO  main            d.u.i.k.p.i.AbstractProblemLoader Loading environment from /home/runner/work/key/key/key.core/../key.ui/examples/heap/permissions/threads/Sampler_initPost_accessible.key.proof 
658234     DEBUG main            d.u.i.k.p.i.AbstractProblemLoader Environment load took 83.3ns 
658235     INFO  main            d.u.i.k.p.i.AbstractProblemLoader Creating init config 
663610     DEBUG main            d.u.i.k.p.i.AbstractProblemLoader Init config took 5.37s 
663701     INFO  main            d.u.i.k.p.i.AbstractProblemLoader Replaying proof Sampler[ThreadSpec2::initPost()].JML accessible clause.0 
663709     DEBUG main            d.u.i.k.p.i.IntermediateProofReplayer Proof replay took 6.41ms 
663710     DEBUG main            d.u.i.k.p.r.p.TestFile    ... success: reloaded. 
663711     INFO  main            d.u.i.k.p.r.p.TestFile    Now processing file /home/runner/work/key/key/key.core/../key.ui/examples/heap/permissions/threads/Sampler_inv_accessible1.key 
663711     INFO  main            d.u.i.k.p.i.AbstractProblemLoader Loading environment from /home/runner/work/key/key/key.core/../key.ui/examples/heap/permissions/threads/Sampler_inv_accessible1.key 
663711     DEBUG main            d.u.i.k.p.i.AbstractProblemLoader Environment load took 69.6ns 
663712     INFO  main            d.u.i.k.p.i.AbstractProblemLoader Creating init config 
669292     DEBUG main            d.u.i.k.p.i.AbstractProblemLoader Init config took 5.58s 
669388     INFO  main            d.u.i.k.p.i.AbstractProblemLoader Replaying proof Sampler[java.lang.Object::<inv>()].JML accessible clause.0 
669390     DEBUG main            d.u.i.k.p.i.IntermediateProofReplayer Proof replay took 3.1ns 
669492     INFO  main            d.u.i.k.p.r.p.TestFile    ... finished proof: closed. 
670163     INFO  main            d.u.i.k.p.i.AbstractProblemLoader Loading environment from /home/runner/work/key/key/key.core/../key.ui/examples/heap/permissions/threads/Sampler_inv_accessible1.key.proof 
670163     DEBUG main            d.u.i.k.p.i.AbstractProblemLoader Environment load took 119.8ns 
670164     INFO  main            d.u.i.k.p.i.AbstractProblemLoader Creating init config 
675620     DEBUG main            d.u.i.k.p.i.AbstractProblemLoader Init config took 5.46s 
675710     INFO  main            d.u.i.k.p.i.AbstractProblemLoader Replaying proof Sampler[java.lang.Object::<inv>()].JML accessible clause.0 
675714     DEBUG main            d.u.i.k.p.i.IntermediateProofReplayer Proof replay took 2.3ms 
675715     DEBUG main            d.u.i.k.p.r.p.TestFile    ... success: reloaded. 
675716     INFO  main            d.u.i.k.p.r.p.TestFile    Now processing file /home/runner/work/key/key/key.core/../key.ui/examples/heap/permissions/threads/Sampler_inv_accessible2.key 
675716     INFO  main            d.u.i.k.p.i.AbstractProblemLoader Loading environment from /home/runner/work/key/key/key.core/../key.ui/examples/heap/permissions/threads/Sampler_inv_accessible2.key 
675716     DEBUG main            d.u.i.k.p.i.AbstractProblemLoader Environment load took 58.8ns 
675717     INFO  main            d.u.i.k.p.i.AbstractProblemLoader Creating init config 
681326     DEBUG main            d.u.i.k.p.i.AbstractProblemLoader Init config took 5.61s 
681448     INFO  main            d.u.i.k.p.i.AbstractProblemLoader Replaying proof Sampler[java.lang.Object::<inv>()].JML accessible clause.1 
681449     DEBUG main            d.u.i.k.p.i.IntermediateProofReplayer Proof replay took 3.4ns 
681551     INFO  main            d.u.i.k.p.r.p.TestFile    ... finished proof: closed. 
682214     INFO  main            d.u.i.k.p.i.AbstractProblemLoader Loading environment from /home/runner/work/key/key/key.core/../key.ui/examples/heap/permissions/threads/Sampler_inv_accessible2.key.proof 
682214     DEBUG main            d.u.i.k.p.i.AbstractProblemLoader Environment load took 85.8ns 
682215     INFO  main            d.u.i.k.p.i.AbstractProblemLoader Creating init config 
687697     DEBUG main            d.u.i.k.p.i.AbstractProblemLoader Init config took 5.48s 
687805     INFO  main            d.u.i.k.p.i.AbstractProblemLoader Replaying proof Sampler[java.lang.Object::<inv>()].JML accessible clause.1 
687808     DEBUG main            d.u.i.k.p.i.IntermediateProofReplayer Proof replay took 1.79ms 
687809     DEBUG main            d.u.i.k.p.r.p.TestFile    ... success: reloaded. 
687810     INFO  main            d.u.i.k.p.r.p.TestFile    Now processing file /home/runner/work/key/key/key.core/../key.ui/examples/heap/permissions/threads/Sampler_joinTransfer_accessible.key 
687811     INFO  main            d.u.i.k.p.i.AbstractProblemLoader Loading environment from /home/runner/work/key/key/key.core/../key.ui/examples/heap/permissions/threads/Sampler_joinTransfer_accessible.key 
687811     DEBUG main            d.u.i.k.p.i.AbstractProblemLoader Environment load took 104ns 
687812     INFO  main            d.u.i.k.p.i.AbstractProblemLoader Creating init config 
693408     DEBUG main            d.u.i.k.p.i.AbstractProblemLoader Init config took 5.6s 
693499     INFO  main            d.u.i.k.p.i.AbstractProblemLoader Replaying proof Sampler[ThreadSpec2::joinTransfer()].JML accessible clause.0 
693501     DEBUG main            d.u.i.k.p.i.IntermediateProofReplayer Proof replay took 4.2ns 
697912     INFO  main            d.u.i.k.p.r.p.TestFile    ... finished proof: closed. 
698598     INFO  main            d.u.i.k.p.i.AbstractProblemLoader Loading environment from /home/runner/work/key/key/key.core/../key.ui/examples/heap/permissions/threads/Sampler_joinTransfer_accessible.key.proof 
698599     DEBUG main            d.u.i.k.p.i.AbstractProblemLoader Environment load took 102.1ns 
698600     INFO  main            d.u.i.k.p.i.AbstractProblemLoader Creating init config 
704253     DEBUG main            d.u.i.k.p.i.AbstractProblemLoader Init config took 5.65s 
704349     INFO  main            d.u.i.k.p.i.AbstractProblemLoader Replaying proof Sampler[ThreadSpec2::joinTransfer()].JML accessible clause.0 
705116     DEBUG main            d.u.i.k.p.i.IntermediateProofReplayer Proof replay took 756.8ms 
705118     DEBUG main            d.u.i.k.p.r.p.TestFile    ... success: reloaded. 
705119     INFO  main            d.u.i.k.p.r.p.TestFile    Now processing file /home/runner/work/key/key/key.core/../key.ui/examples/heap/permissions/threads/Sampler_joinTransfer_contract.key 
705119     INFO  main            d.u.i.k.p.i.AbstractProblemLoader Loading environment from /home/runner/work/key/key/key.core/../key.ui/examples/heap/permissions/threads/Sampler_joinTransfer_contract.key 
705119     DEBUG main            d.u.i.k.p.i.AbstractProblemLoader Environment load took 106.3ns 
705121     INFO  main            d.u.i.k.p.i.AbstractProblemLoader Creating init config 
710692     DEBUG main            d.u.i.k.p.i.AbstractProblemLoader Init config took 5.57s 
710811     INFO  main            d.u.i.k.p.i.AbstractProblemLoader Replaying proof Sampler[ThreadSpec2::joinTransfer()].JML model_behavior operation contract.0 
710812     DEBUG main            d.u.i.k.p.i.IntermediateProofReplayer Proof replay took 3.1ns 
710918     INFO  main            d.u.i.k.p.r.p.TestFile    ... finished proof: closed. 
711606     INFO  main            d.u.i.k.p.i.AbstractProblemLoader Loading environment from /home/runner/work/key/key/key.core/../key.ui/examples/heap/permissions/threads/Sampler_joinTransfer_contract.key.proof 
711606     DEBUG main            d.u.i.k.p.i.AbstractProblemLoader Environment load took 84ns 
711607     INFO  main            d.u.i.k.p.i.AbstractProblemLoader Creating init config 
717126     DEBUG main            d.u.i.k.p.i.AbstractProblemLoader Init config took 5.52s 
717236     INFO  main            d.u.i.k.p.i.AbstractProblemLoader Replaying proof Sampler[ThreadSpec2::joinTransfer()].JML model_behavior operation contract.0 
717246     DEBUG main            d.u.i.k.p.i.IntermediateProofReplayer Proof replay took 8.13ms 
717247     DEBUG main            d.u.i.k.p.r.p.TestFile    ... success: reloaded. 
717248     INFO  main            d.u.i.k.p.r.p.TestFile    Now processing file /home/runner/work/key/key/key.core/../key.ui/examples/heap/permissions/threads/Sampler_postJoin_accessible.key 
717249     INFO  main            d.u.i.k.p.i.AbstractProblemLoader Loading environment from /home/runner/work/key/key/key.core/../key.ui/examples/heap/permissions/threads/Sampler_postJoin_accessible.key 
717249     DEBUG main            d.u.i.k.p.i.AbstractProblemLoader Environment load took 288.7ns 
717250     INFO  main            d.u.i.k.p.i.AbstractProblemLoader Creating init config 
722900     DEBUG main            d.u.i.k.p.i.AbstractProblemLoader Init config took 5.65s 
722994     INFO  main            d.u.i.k.p.i.AbstractProblemLoader Replaying proof Sampler[ThreadSpec2::postJoin(java.lang.Object)].JML accessible clause.0 
722997     DEBUG main            d.u.i.k.p.i.IntermediateProofReplayer Proof replay took 3.6ns 
723098     INFO  main            d.u.i.k.p.r.p.TestFile    ... finished proof: closed. 
723777     INFO  main            d.u.i.k.p.i.AbstractProblemLoader Loading environment from /home/runner/work/key/key/key.core/../key.ui/examples/heap/permissions/threads/Sampler_postJoin_accessible.key.proof 
723777     DEBUG main            d.u.i.k.p.i.AbstractProblemLoader Environment load took 90.5ns 
723778     INFO  main            d.u.i.k.p.i.AbstractProblemLoader Creating init config 
729326     DEBUG main            d.u.i.k.p.i.AbstractProblemLoader Init config took 5.55s 
729441     INFO  main            d.u.i.k.p.i.AbstractProblemLoader Replaying proof Sampler[ThreadSpec2::postJoin(java.lang.Object)].JML accessible clause.0 
729454     DEBUG main            d.u.i.k.p.i.IntermediateProofReplayer Proof replay took 11.06ms 
729455     DEBUG main            d.u.i.k.p.r.p.TestFile    ... success: reloaded. 
729456     INFO  main            d.u.i.k.p.r.p.TestFile    Now processing file /home/runner/work/key/key/key.core/../key.ui/examples/heap/permissions/threads/Sampler_preStart_accessible.key 
729456     INFO  main            d.u.i.k.p.i.AbstractProblemLoader Loading environment from /home/runner/work/key/key/key.core/../key.ui/examples/heap/permissions/threads/Sampler_preStart_accessible.key 
729456     DEBUG main            d.u.i.k.p.i.AbstractProblemLoader Environment load took 96.5ns 
729457     INFO  main            d.u.i.k.p.i.AbstractProblemLoader Creating init config 
735113     DEBUG main            d.u.i.k.p.i.AbstractProblemLoader Init config took 5.66s 
735208     INFO  main            d.u.i.k.p.i.AbstractProblemLoader Replaying proof Sampler[ThreadSpec2::preStart(java.lang.Object)].JML accessible clause.0 
735209     DEBUG main            d.u.i.k.p.i.IntermediateProofReplayer Proof replay took 3.7ns 
735311     INFO  main            d.u.i.k.p.r.p.TestFile    ... finished proof: closed. 
736014     INFO  main            d.u.i.k.p.i.AbstractProblemLoader Loading environment from /home/runner/work/key/key/key.core/../key.ui/examples/heap/permissions/threads/Sampler_preStart_accessible.key.proof 
736014     DEBUG main            d.u.i.k.p.i.AbstractProblemLoader Environment load took 84.4ns 
736015     INFO  main            d.u.i.k.p.i.AbstractProblemLoader Creating init config 
741717     DEBUG main            d.u.i.k.p.i.AbstractProblemLoader Init config took 5.7s 
741808     INFO  main            d.u.i.k.p.i.AbstractProblemLoader Replaying proof Sampler[ThreadSpec2::preStart(java.lang.Object)].JML accessible clause.0 
741823     DEBUG main            d.u.i.k.p.i.IntermediateProofReplayer Proof replay took 13.28ms 
741825     DEBUG main            d.u.i.k.p.r.p.TestFile    ... success: reloaded. 
741826     INFO  main            d.u.i.k.p.r.p.TestFile    Now processing file /home/runner/work/key/key/key.core/../key.ui/examples/heap/permissions/threads/Sampler_run.key 
741826     INFO  main            d.u.i.k.p.i.AbstractProblemLoader Loading environment from /home/runner/work/key/key/key.core/../key.ui/examples/heap/permissions/threads/Sampler_run.key 
741826     DEBUG main            d.u.i.k.p.i.AbstractProblemLoader Environment load took 122.5ns 
741827     INFO  main            d.u.i.k.p.i.AbstractProblemLoader Creating init config 
747424     DEBUG main            d.u.i.k.p.i.AbstractProblemLoader Init config took 5.6s 
747518     INFO  main            d.u.i.k.p.i.AbstractProblemLoader Replaying proof Sampler[ThreadSpec2::run()].JML normal_behavior operation contract.0 
747520     DEBUG main            d.u.i.k.p.i.IntermediateProofReplayer Proof replay took 2.9ns 
747722     INFO  main            d.u.i.k.p.r.p.TestFile    ... finished proof: closed. 
748433     INFO  main            d.u.i.k.p.i.AbstractProblemLoader Loading environment from /home/runner/work/key/key/key.core/../key.ui/examples/heap/permissions/threads/Sampler_run.key.proof 
748433     DEBUG main            d.u.i.k.p.i.AbstractProblemLoader Environment load took 83.7ns 
748434     INFO  main            d.u.i.k.p.i.AbstractProblemLoader Creating init config 
753927     DEBUG main            d.u.i.k.p.i.AbstractProblemLoader Init config took 5.49s 
754024     INFO  main            d.u.i.k.p.i.AbstractProblemLoader Replaying proof Sampler[ThreadSpec2::run()].JML normal_behavior operation contract.0 
754070     DEBUG main            d.u.i.k.p.i.IntermediateProofReplayer Proof replay took 44.05ms 
754071     DEBUG main            d.u.i.k.p.r.p.TestFile    ... success: reloaded. 
754071     INFO  main            d.u.i.k.p.r.p.TestFile    Now processing file /home/runner/work/key/key/key.core/../key.ui/examples/heap/permissions/threads/Sampler_Sampler.key 
754072     INFO  main            d.u.i.k.p.i.AbstractProblemLoader Loading environment from /home/runner/work/key/key/key.core/../key.ui/examples/heap/permissions/threads/Sampler_Sampler.key 
754072     DEBUG main            d.u.i.k.p.i.AbstractProblemLoader Environment load took 55.8ns 
754073     INFO  main            d.u.i.k.p.i.AbstractProblemLoader Creating init config 
759766     DEBUG main            d.u.i.k.p.i.AbstractProblemLoader Init config took 5.69s 
759900     INFO  main            d.u.i.k.p.i.AbstractProblemLoader Replaying proof Sampler[Sampler::Sampler(Buffer)].JML normal_behavior operation contract.0 
759902     DEBUG main            d.u.i.k.p.i.IntermediateProofReplayer Proof replay took 3.3ns 
760605     INFO  main            d.u.i.k.p.r.p.TestFile    ... finished proof: closed. 
761398     INFO  main            d.u.i.k.p.i.AbstractProblemLoader Loading environment from /home/runner/work/key/key/key.core/../key.ui/examples/heap/permissions/threads/Sampler_Sampler.key.proof 
761398     DEBUG main            d.u.i.k.p.i.AbstractProblemLoader Environment load took 80.9ns 
761400     INFO  main            d.u.i.k.p.i.AbstractProblemLoader Creating init config 
766870     DEBUG main            d.u.i.k.p.i.AbstractProblemLoader Init config took 5.47s 
766967     INFO  main            d.u.i.k.p.i.AbstractProblemLoader Replaying proof Sampler[Sampler::Sampler(Buffer)].JML normal_behavior operation contract.0 
767077     DEBUG main            d.u.i.k.p.i.IntermediateProofReplayer Proof replay took 107.34ms 
767078     DEBUG main            d.u.i.k.p.r.p.TestFile    ... success: reloaded. 
767079     INFO  main            d.u.i.k.p.r.p.TestFile    Now processing file /home/runner/work/key/key/key.core/../key.ui/examples/heap/permissions/threads/Sampler_startTransfer_accessible.key 
767079     INFO  main            d.u.i.k.p.i.AbstractProblemLoader Loading environment from /home/runner/work/key/key/key.core/../key.ui/examples/heap/permissions/threads/Sampler_startTransfer_accessible.key 
767080     DEBUG main            d.u.i.k.p.i.AbstractProblemLoader Environment load took 99.2ns 
767081     INFO  main            d.u.i.k.p.i.AbstractProblemLoader Creating init config 
772608     DEBUG main            d.u.i.k.p.i.AbstractProblemLoader Init config took 5.53s 
772697     INFO  main            d.u.i.k.p.i.AbstractProblemLoader Replaying proof Sampler[ThreadSpec2::startTransfer()].JML accessible clause.0 
772699     DEBUG main            d.u.i.k.p.i.IntermediateProofReplayer Proof replay took 3ns 
777962     INFO  main            d.u.i.k.p.r.p.TestFile    ... finished proof: closed. 
778690     INFO  main            d.u.i.k.p.i.AbstractProblemLoader Loading environment from /home/runner/work/key/key/key.core/../key.ui/examples/heap/permissions/threads/Sampler_startTransfer_accessible.key.proof 
778690     DEBUG main            d.u.i.k.p.i.AbstractProblemLoader Environment load took 83ns 
778693     INFO  main            d.u.i.k.p.i.AbstractProblemLoader Creating init config 
784057     DEBUG main            d.u.i.k.p.i.AbstractProblemLoader Init config took 5.36s 
784155     INFO  main            d.u.i.k.p.i.AbstractProblemLoader Replaying proof Sampler[ThreadSpec2::startTransfer()].JML accessible clause.0 
784888     DEBUG main            d.u.i.k.p.i.IntermediateProofReplayer Proof replay took 721.64ms 
784890     DEBUG main            d.u.i.k.p.r.p.TestFile    ... success: reloaded. 
784891     INFO  main            d.u.i.k.p.r.p.TestFile    Now processing file /home/runner/work/key/key/key.core/../key.ui/examples/heap/permissions/threads/Sampler_startTransfer_contract.key 
784891     INFO  main            d.u.i.k.p.i.AbstractProblemLoader Loading environment from /home/runner/work/key/key/key.core/../key.ui/examples/heap/permissions/threads/Sampler_startTransfer_contract.key 
784891     DEBUG main            d.u.i.k.p.i.AbstractProblemLoader Environment load took 56ns 
784892     INFO  main            d.u.i.k.p.i.AbstractProblemLoader Creating init config 
790478     DEBUG main            d.u.i.k.p.i.AbstractProblemLoader Init config took 5.59s 
790572     INFO  main            d.u.i.k.p.i.AbstractProblemLoader Replaying proof Sampler[ThreadSpec2::startTransfer()].JML model_behavior operation contract.0 
790574     DEBUG main            d.u.i.k.p.i.IntermediateProofReplayer Proof replay took 2.8ns 
790675     INFO  main            d.u.i.k.p.r.p.TestFile    ... finished proof: closed. 
791402     INFO  main            d.u.i.k.p.i.AbstractProblemLoader Loading environment from /home/runner/work/key/key/key.core/../key.ui/examples/heap/permissions/threads/Sampler_startTransfer_contract.key.proof 
791402     DEBUG main            d.u.i.k.p.i.AbstractProblemLoader Environment load took 78.3ns 
791403     INFO  main            d.u.i.k.p.i.AbstractProblemLoader Creating init config 
796683     DEBUG main            d.u.i.k.p.i.AbstractProblemLoader Init config took 5.28s 
796770     INFO  main            d.u.i.k.p.i.AbstractProblemLoader Replaying proof Sampler[ThreadSpec2::startTransfer()].JML model_behavior operation contract.0 
796781     DEBUG main            d.u.i.k.p.i.IntermediateProofReplayer Proof replay took 9.41ms 
796782     DEBUG main            d.u.i.k.p.r.p.TestFile    ... success: reloaded. 
796783     INFO  main            d.u.i.k.p.r.p.TestFile    Now processing file /home/runner/work/key/key/key.core/../key.ui/examples/heap/permissions/threads/Sampler_stateInv_accessible.key 
796784     INFO  main            d.u.i.k.p.i.AbstractProblemLoader Loading environment from /home/runner/work/key/key/key.core/../key.ui/examples/heap/permissions/threads/Sampler_stateInv_accessible.key 
796784     DEBUG main            d.u.i.k.p.i.AbstractProblemLoader Environment load took 95.8ns 
796785     INFO  main            d.u.i.k.p.i.AbstractProblemLoader Creating init config 
802316     DEBUG main            d.u.i.k.p.i.AbstractProblemLoader Init config took 5.53s 
802403     INFO  main            d.u.i.k.p.i.AbstractProblemLoader Replaying proof Sampler[ThreadSpec2::stateInv()].JML accessible clause.0 
802405     DEBUG main            d.u.i.k.p.i.IntermediateProofReplayer Proof replay took 2.7ns 
802507     INFO  main            d.u.i.k.p.r.p.TestFile    ... finished proof: closed. 
803252     INFO  main            d.u.i.k.p.i.AbstractProblemLoader Loading environment from /home/runner/work/key/key/key.core/../key.ui/examples/heap/permissions/threads/Sampler_stateInv_accessible.key.proof 
803252     DEBUG main            d.u.i.k.p.i.AbstractProblemLoader Environment load took 93.7ns 
803253     INFO  main            d.u.i.k.p.i.AbstractProblemLoader Creating init config 
808661     DEBUG main            d.u.i.k.p.i.AbstractProblemLoader Init config took 5.41s 
808755     INFO  main            d.u.i.k.p.i.AbstractProblemLoader Replaying proof Sampler[ThreadSpec2::stateInv()].JML accessible clause.0 
808765     DEBUG main            d.u.i.k.p.i.IntermediateProofReplayer Proof replay took 7.89ms 
808767     DEBUG main            d.u.i.k.p.r.p.TestFile    ... success: reloaded. 
808768     INFO  main            d.u.i.k.p.r.p.TestFile    Now processing file /home/runner/work/key/key/key.core/../key.ui/examples/heap/permissions/threads/Sampler_staticPermissions_accessible.key 
808768     INFO  main            d.u.i.k.p.i.AbstractProblemLoader Loading environment from /home/runner/work/key/key/key.core/../key.ui/examples/heap/permissions/threads/Sampler_staticPermissions_accessible.key 
808768     DEBUG main            d.u.i.k.p.i.AbstractProblemLoader Environment load took 129.6ns 
808769     INFO  main            d.u.i.k.p.i.AbstractProblemLoader Creating init config 
814365     DEBUG main            d.u.i.k.p.i.AbstractProblemLoader Init config took 5.6s 
814459     INFO  main            d.u.i.k.p.i.AbstractProblemLoader Replaying proof Sampler[ThreadSpec2::staticPermissions()].JML accessible clause.0 
814461     DEBUG main            d.u.i.k.p.i.IntermediateProofReplayer Proof replay took 4.2ns 
814563     INFO  main            d.u.i.k.p.r.p.TestFile    ... finished proof: closed. 
815306     INFO  main            d.u.i.k.p.i.AbstractProblemLoader Loading environment from /home/runner/work/key/key/key.core/../key.ui/examples/heap/permissions/threads/Sampler_staticPermissions_accessible.key.proof 
815306     DEBUG main            d.u.i.k.p.i.AbstractProblemLoader Environment load took 77.4ns 
815307     INFO  main            d.u.i.k.p.i.AbstractProblemLoader Creating init config 
820862     DEBUG main            d.u.i.k.p.i.AbstractProblemLoader Init config took 5.55s 
820953     INFO  main            d.u.i.k.p.i.AbstractProblemLoader Replaying proof Sampler[ThreadSpec2::staticPermissions()].JML accessible clause.0 
820959     DEBUG main            d.u.i.k.p.i.IntermediateProofReplayer Proof replay took 5.37ms 
820961     DEBUG main            d.u.i.k.p.r.p.TestFile    ... success: reloaded. 
820963     INFO  main            d.u.i.k.p.r.p.TestFile    Now processing file /home/runner/work/key/key/key.core/../key.ui/examples/heap/permissions/threads/Sampler_workingPermissions_accessible.key 
820963     INFO  main            d.u.i.k.p.i.AbstractProblemLoader Loading environment from /home/runner/work/key/key/key.core/../key.ui/examples/heap/permissions/threads/Sampler_workingPermissions_accessible.key 
820963     DEBUG main            d.u.i.k.p.i.AbstractProblemLoader Environment load took 97.6ns 
820964     INFO  main            d.u.i.k.p.i.AbstractProblemLoader Creating init config 
826596     DEBUG main            d.u.i.k.p.i.AbstractProblemLoader Init config took 5.63s 
826684     INFO  main            d.u.i.k.p.i.AbstractProblemLoader Replaying proof Sampler[ThreadSpec2::workingPermissions()].JML accessible clause.0 
826686     DEBUG main            d.u.i.k.p.i.IntermediateProofReplayer Proof replay took 3.1ns 
826788     INFO  main            d.u.i.k.p.r.p.TestFile    ... finished proof: closed. 
827518     INFO  main            d.u.i.k.p.i.AbstractProblemLoader Loading environment from /home/runner/work/key/key/key.core/../key.ui/examples/heap/permissions/threads/Sampler_workingPermissions_accessible.key.proof 
827518     DEBUG main            d.u.i.k.p.i.AbstractProblemLoader Environment load took 91.4ns 
827519     INFO  main            d.u.i.k.p.i.AbstractProblemLoader Creating init config 
833179     DEBUG main            d.u.i.k.p.i.AbstractProblemLoader Init config took 5.66s 
833276     INFO  main            d.u.i.k.p.i.AbstractProblemLoader Replaying proof Sampler[ThreadSpec2::workingPermissions()].JML accessible clause.0 
833283     DEBUG main            d.u.i.k.p.i.IntermediateProofReplayer Proof replay took 5.8ms 
833284     DEBUG main            d.u.i.k.p.r.p.TestFile    ... success: reloaded. 
833285     INFO  main            d.u.i.k.p.r.p.TestFile    Now processing file /home/runner/work/key/key/key.core/../key.ui/examples/heap/permissions/mulleretal/ReadWrite_doRead_contract.key 
833285     INFO  main            d.u.i.k.p.i.AbstractProblemLoader Loading environment from /home/runner/work/key/key/key.core/../key.ui/examples/heap/permissions/mulleretal/ReadWrite_doRead_contract.key 
833285     DEBUG main            d.u.i.k.p.i.AbstractProblemLoader Environment load took 93.6ns 
833286     INFO  main            d.u.i.k.p.i.AbstractProblemLoader Creating init config 
836635     DEBUG main            d.u.i.k.p.i.AbstractProblemLoader Init config took 3.35s 
836675     INFO  main            d.u.i.k.p.i.AbstractProblemLoader Replaying proof ReadWrite[ReadWrite::doRead()].JML normal_behavior operation contract.0 
836678     DEBUG main            d.u.i.k.p.i.IntermediateProofReplayer Proof replay took 4.6ns 
838785     INFO  main            d.u.i.k.p.r.p.TestFile    ... finished proof: closed. 
839688     INFO  main            d.u.i.k.p.i.AbstractProblemLoader Loading environment from /home/runner/work/key/key/key.core/../key.ui/examples/heap/permissions/mulleretal/ReadWrite_doRead_contract.key.proof 
839688     DEBUG main            d.u.i.k.p.i.AbstractProblemLoader Environment load took 365.1ns 
839689     INFO  main            d.u.i.k.p.i.AbstractProblemLoader Creating init config 
843028     DEBUG main            d.u.i.k.p.i.AbstractProblemLoader Init config took 3.34s 
843079     INFO  main            d.u.i.k.p.i.AbstractProblemLoader Replaying proof ReadWrite[ReadWrite::doRead()].JML normal_behavior operation contract.0 
843571     DEBUG main            d.u.i.k.p.i.IntermediateProofReplayer Proof replay took 483.71ms 
843573     DEBUG main            d.u.i.k.p.r.p.TestFile    ... success: reloaded. 
843574     INFO  main            d.u.i.k.p.r.p.TestFile    Now processing file /home/runner/work/key/key/key.core/../key.ui/examples/heap/permissions/mulleretal/ReadWrite_doWrite_contract.key 
843574     INFO  main            d.u.i.k.p.i.AbstractProblemLoader Loading environment from /home/runner/work/key/key/key.core/../key.ui/examples/heap/permissions/mulleretal/ReadWrite_doWrite_contract.key 
843575     DEBUG main            d.u.i.k.p.i.AbstractProblemLoader Environment load took 178.4ns 
843578     INFO  main            d.u.i.k.p.i.AbstractProblemLoader Creating init config 
846795     DEBUG main            d.u.i.k.p.i.AbstractProblemLoader Init config took 3.22s 
846836     INFO  main            d.u.i.k.p.i.AbstractProblemLoader Replaying proof ReadWrite[ReadWrite::doWrite()].JML normal_behavior operation contract.0 
846838     DEBUG main            d.u.i.k.p.i.IntermediateProofReplayer Proof replay took 3ns 
848951     INFO  main            d.u.i.k.p.r.p.TestFile    ... finished proof: closed. 
849792     INFO  main            d.u.i.k.p.i.AbstractProblemLoader Loading environment from /home/runner/work/key/key/key.core/../key.ui/examples/heap/permissions/mulleretal/ReadWrite_doWrite_contract.key.proof 
849793     DEBUG main            d.u.i.k.p.i.AbstractProblemLoader Environment load took 416.5ns 
849794     INFO  main            d.u.i.k.p.i.AbstractProblemLoader Creating init config 
852986     DEBUG main            d.u.i.k.p.i.AbstractProblemLoader Init config took 3.19s 
853026     INFO  main            d.u.i.k.p.i.AbstractProblemLoader Replaying proof ReadWrite[ReadWrite::doWrite()].JML normal_behavior operation contract.0 
853538     DEBUG main            d.u.i.k.p.i.IntermediateProofReplayer Proof replay took 505.09ms 
853540     DEBUG main            d.u.i.k.p.r.p.TestFile    ... success: reloaded. 
853541     INFO  main            d.u.i.k.p.r.p.TestFile    Now processing file /home/runner/work/key/key/key.core/../key.ui/examples/heap/permissions/mulleretal/ReadWrite_read_contract.key 
853541     INFO  main            d.u.i.k.p.i.AbstractProblemLoader Loading environment from /home/runner/work/key/key/key.core/../key.ui/examples/heap/permissions/mulleretal/ReadWrite_read_contract.key 
853541     DEBUG main            d.u.i.k.p.i.AbstractProblemLoader Environment load took 163.8ns 
853542     INFO  main            d.u.i.k.p.i.AbstractProblemLoader Creating init config 
856688     DEBUG main            d.u.i.k.p.i.AbstractProblemLoader Init config took 3.15s 
856723     INFO  main            d.u.i.k.p.i.AbstractProblemLoader Replaying proof ReadWrite[ReadWrite::read()].JML normal_behavior operation contract.0 
856724     DEBUG main            d.u.i.k.p.i.IntermediateProofReplayer Proof replay took 2.6ns 
856826     INFO  main            d.u.i.k.p.r.p.TestFile    ... finished proof: closed. 
857595     INFO  main            d.u.i.k.p.i.AbstractProblemLoader Loading environment from /home/runner/work/key/key/key.core/../key.ui/examples/heap/permissions/mulleretal/ReadWrite_read_contract.key.proof 
857595     DEBUG main            d.u.i.k.p.i.AbstractProblemLoader Environment load took 80.3ns 
857596     INFO  main            d.u.i.k.p.i.AbstractProblemLoader Creating init config 
860656     DEBUG main            d.u.i.k.p.i.AbstractProblemLoader Init config took 3.06s 
860695     INFO  main            d.u.i.k.p.i.AbstractProblemLoader Replaying proof ReadWrite[ReadWrite::read()].JML normal_behavior operation contract.0 
860705     DEBUG main            d.u.i.k.p.i.IntermediateProofReplayer Proof replay took 9.08ms 
860706     DEBUG main            d.u.i.k.p.r.p.TestFile    ... success: reloaded. 
860707     INFO  main            d.u.i.k.p.r.p.TestFile    Now processing file /home/runner/work/key/key/key.core/../key.ui/examples/heap/permissions/mulleretal/ReadWrite_write_contract.key 
860707     INFO  main            d.u.i.k.p.i.AbstractProblemLoader Loading environment from /home/runner/work/key/key/key.core/../key.ui/examples/heap/permissions/mulleretal/ReadWrite_write_contract.key 
860707     DEBUG main            d.u.i.k.p.i.AbstractProblemLoader Environment load took 111.2ns 
860708     INFO  main            d.u.i.k.p.i.AbstractProblemLoader Creating init config 
863862     DEBUG main            d.u.i.k.p.i.AbstractProblemLoader Init config took 3.15s 
863900     INFO  main            d.u.i.k.p.i.AbstractProblemLoader Replaying proof ReadWrite[ReadWrite::write()].JML normal_behavior operation contract.0 
863903     DEBUG main            d.u.i.k.p.i.IntermediateProofReplayer Proof replay took 4.1ns 
864106     INFO  main            d.u.i.k.p.r.p.TestFile    ... finished proof: closed. 
864867     INFO  main            d.u.i.k.p.i.AbstractProblemLoader Loading environment from /home/runner/work/key/key/key.core/../key.ui/examples/heap/permissions/mulleretal/ReadWrite_write_contract.key.proof 
864867     DEBUG main            d.u.i.k.p.i.AbstractProblemLoader Environment load took 78.7ns 
864868     INFO  main            d.u.i.k.p.i.AbstractProblemLoader Creating init config 
867960     DEBUG main            d.u.i.k.p.i.AbstractProblemLoader Init config took 3.09s 
868011     INFO  main            d.u.i.k.p.i.AbstractProblemLoader Replaying proof ReadWrite[ReadWrite::write()].JML normal_behavior operation contract.0 
868044     DEBUG main            d.u.i.k.p.i.IntermediateProofReplayer Proof replay took 30.93ms 
868044     DEBUG main            d.u.i.k.p.r.p.TestFile    ... success: reloaded. 
868045     INFO  main            d.u.i.k.p.r.p.TestFile    Now processing file /home/runner/work/key/key/key.core/../key.ui/examples/heap/permissions/mulleretal/ReadWrite_inv1_accessible.key 
868046     INFO  main            d.u.i.k.p.i.AbstractProblemLoader Loading environment from /home/runner/work/key/key/key.core/../key.ui/examples/heap/permissions/mulleretal/ReadWrite_inv1_accessible.key 
868046     DEBUG main            d.u.i.k.p.i.AbstractProblemLoader Environment load took 106.1ns 
868047     INFO  main            d.u.i.k.p.i.AbstractProblemLoader Creating init config 
871218     DEBUG main            d.u.i.k.p.i.AbstractProblemLoader Init config took 3.17s 
871254     INFO  main            d.u.i.k.p.i.AbstractProblemLoader Replaying proof ReadWrite[java.lang.Object::<inv>()].JML accessible clause.0 
871255     DEBUG main            d.u.i.k.p.i.IntermediateProofReplayer Proof replay took 3ns 
871357     INFO  main            d.u.i.k.p.r.p.TestFile    ... finished proof: closed. 
872131     INFO  main            d.u.i.k.p.i.AbstractProblemLoader Loading environment from /home/runner/work/key/key/key.core/../key.ui/examples/heap/permissions/mulleretal/ReadWrite_inv1_accessible.key.proof 
872132     DEBUG main            d.u.i.k.p.i.AbstractProblemLoader Environment load took 164.2ns 
872133     INFO  main            d.u.i.k.p.i.AbstractProblemLoader Creating init config 
875171     DEBUG main            d.u.i.k.p.i.AbstractProblemLoader Init config took 3.04s 
875209     INFO  main            d.u.i.k.p.i.AbstractProblemLoader Replaying proof ReadWrite[java.lang.Object::<inv>()].JML accessible clause.0 
875213     DEBUG main            d.u.i.k.p.i.IntermediateProofReplayer Proof replay took 2.19ms 
875213     DEBUG main            d.u.i.k.p.r.p.TestFile    ... success: reloaded. 
875214     INFO  main            d.u.i.k.p.r.p.TestFile    Now processing file /home/runner/work/key/key/key.core/../key.ui/examples/heap/permissions/mulleretal/ReadWrite_inv2_accessible.key 
875214     INFO  main            d.u.i.k.p.i.AbstractProblemLoader Loading environment from /home/runner/work/key/key/key.core/../key.ui/examples/heap/permissions/mulleretal/ReadWrite_inv2_accessible.key 
875214     DEBUG main            d.u.i.k.p.i.AbstractProblemLoader Environment load took 69.2ns 
875215     INFO  main            d.u.i.k.p.i.AbstractProblemLoader Creating init config 
878427     DEBUG main            d.u.i.k.p.i.AbstractProblemLoader Init config took 3.21s 
878469     INFO  main            d.u.i.k.p.i.AbstractProblemLoader Replaying proof ReadWrite[java.lang.Object::<inv>()].JML accessible clause.1 
878470     DEBUG main            d.u.i.k.p.i.IntermediateProofReplayer Proof replay took 3ns 
878572     INFO  main            d.u.i.k.p.r.p.TestFile    ... finished proof: closed. 
879363     INFO  main            d.u.i.k.p.i.AbstractProblemLoader Loading environment from /home/runner/work/key/key/key.core/../key.ui/examples/heap/permissions/mulleretal/ReadWrite_inv2_accessible.key.proof 
879363     DEBUG main            d.u.i.k.p.i.AbstractProblemLoader Environment load took 183.9ns 
879365     INFO  main            d.u.i.k.p.i.AbstractProblemLoader Creating init config 
882478     DEBUG main            d.u.i.k.p.i.AbstractProblemLoader Init config took 3.11s 
882516     INFO  main            d.u.i.k.p.i.AbstractProblemLoader Replaying proof ReadWrite[java.lang.Object::<inv>()].JML accessible clause.1 
882520     DEBUG main            d.u.i.k.p.i.IntermediateProofReplayer Proof replay took 1.88ms 
882520     DEBUG main            d.u.i.k.p.r.p.TestFile    ... success: reloaded. 
882521     INFO  main            d.u.i.k.p.r.p.TestFile    Now processing file /home/runner/work/key/key/key.core/../key.ui/examples/heap/permissions/lockspec/Counter_lockConsistent_contract.key 
882522     INFO  main            d.u.i.k.p.i.AbstractProblemLoader Loading environment from /home/runner/work/key/key/key.core/../key.ui/examples/heap/permissions/lockspec/Counter_lockConsistent_contract.key 
882522     DEBUG main            d.u.i.k.p.i.AbstractProblemLoader Environment load took 71ns 
882523     INFO  main            d.u.i.k.p.i.AbstractProblemLoader Creating init config 
886282     DEBUG main            d.u.i.k.p.i.AbstractProblemLoader Init config took 3.76s 
886341     INFO  main            d.u.i.k.p.i.AbstractProblemLoader Replaying proof Counter[LockSpec::lockConsistent()].JML model_behavior operation contract.0 
886343     DEBUG main            d.u.i.k.p.i.IntermediateProofReplayer Proof replay took 3ns 
887647     INFO  main            d.u.i.k.p.r.p.TestFile    ... finished proof: closed. 
888433     INFO  main            d.u.i.k.p.i.AbstractProblemLoader Loading environment from /home/runner/work/key/key/key.core/../key.ui/examples/heap/permissions/lockspec/Counter_lockConsistent_contract.key.proof 
888434     DEBUG main            d.u.i.k.p.i.AbstractProblemLoader Environment load took 131.9ns 
888435     INFO  main            d.u.i.k.p.i.AbstractProblemLoader Creating init config 
892077     DEBUG main            d.u.i.k.p.i.AbstractProblemLoader Init config took 3.64s 
892143     INFO  main            d.u.i.k.p.i.AbstractProblemLoader Replaying proof Counter[LockSpec::lockConsistent()].JML model_behavior operation contract.0 
892554     DEBUG main            d.u.i.k.p.i.IntermediateProofReplayer Proof replay took 402.4ms 
892555     DEBUG main            d.u.i.k.p.r.p.TestFile    ... success: reloaded. 
892558     INFO  main            d.u.i.k.p.r.p.TestFile    Now processing file /home/runner/work/key/key/key.core/../key.ui/examples/heap/permissions/lockspec/Counter_increase_contract.key 
892558     INFO  main            d.u.i.k.p.i.AbstractProblemLoader Loading environment from /home/runner/work/key/key/key.core/../key.ui/examples/heap/permissions/lockspec/Counter_increase_contract.key 
892558     DEBUG main            d.u.i.k.p.i.AbstractProblemLoader Environment load took 85.4ns 
892559     INFO  main            d.u.i.k.p.i.AbstractProblemLoader Creating init config 
896385     DEBUG main            d.u.i.k.p.i.AbstractProblemLoader Init config took 3.83s 
896438     INFO  main            d.u.i.k.p.i.AbstractProblemLoader Replaying proof Counter[Counter::increase()].JML normal_behavior operation contract.0 
896444     DEBUG main            d.u.i.k.p.i.IntermediateProofReplayer Proof replay took 2.5ns 
898557     INFO  main            d.u.i.k.p.r.p.TestFile    ... finished proof: closed. 
899381     INFO  main            d.u.i.k.p.i.AbstractProblemLoader Loading environment from /home/runner/work/key/key/key.core/../key.ui/examples/heap/permissions/lockspec/Counter_increase_contract.key.proof 
899381     DEBUG main            d.u.i.k.p.i.AbstractProblemLoader Environment load took 445.8ns 
899383     INFO  main            d.u.i.k.p.i.AbstractProblemLoader Creating init config 
903181     DEBUG main            d.u.i.k.p.i.AbstractProblemLoader Init config took 3.8s 
903244     INFO  main            d.u.i.k.p.i.AbstractProblemLoader Replaying proof Counter[Counter::increase()].JML normal_behavior operation contract.0 
903732     DEBUG main            d.u.i.k.p.i.IntermediateProofReplayer Proof replay took 469.46ms 
903743     DEBUG main            d.u.i.k.p.r.p.TestFile    ... success: reloaded. 
903744     INFO  main            d.u.i.k.p.r.p.TestFile    Now processing file /home/runner/work/key/key/key.core/../key.ui/examples/heap/permissions/lockspec/Counter_fp_accessible.key 
903744     INFO  main            d.u.i.k.p.i.AbstractProblemLoader Loading environment from /home/runner/work/key/key/key.core/../key.ui/examples/heap/permissions/lockspec/Counter_fp_accessible.key 
903744     DEBUG main            d.u.i.k.p.i.AbstractProblemLoader Environment load took 59.3ns 
903745     INFO  main            d.u.i.k.p.i.AbstractProblemLoader Creating init config 
907538     DEBUG main            d.u.i.k.p.i.AbstractProblemLoader Init config took 3.79s 
907599     INFO  main            d.u.i.k.p.i.AbstractProblemLoader Replaying proof Counter[LockSpec::fp()].JML accessible clause.0 
907601     DEBUG main            d.u.i.k.p.i.IntermediateProofReplayer Proof replay took 2.6ns 
907703     INFO  main            d.u.i.k.p.r.p.TestFile    ... finished proof: closed. 
908493     INFO  main            d.u.i.k.p.i.AbstractProblemLoader Loading environment from /home/runner/work/key/key/key.core/../key.ui/examples/heap/permissions/lockspec/Counter_fp_accessible.key.proof 
908493     DEBUG main            d.u.i.k.p.i.AbstractProblemLoader Environment load took 75.7ns 
908494     INFO  main            d.u.i.k.p.i.AbstractProblemLoader Creating init config 
912228     DEBUG main            d.u.i.k.p.i.AbstractProblemLoader Init config took 3.73s 
912296     INFO  main            d.u.i.k.p.i.AbstractProblemLoader Replaying proof Counter[LockSpec::fp()].JML accessible clause.0 
912311     DEBUG main            d.u.i.k.p.i.IntermediateProofReplayer Proof replay took 13.05ms 
912312     DEBUG main            d.u.i.k.p.r.p.TestFile    ... success: reloaded. 
912313     INFO  main            d.u.i.k.p.r.p.TestFile    Now processing file /home/runner/work/key/key/key.core/../key.ui/examples/heap/permissions/lockspec/Counter_fpLock_accessible.key 
912313     INFO  main            d.u.i.k.p.i.AbstractProblemLoader Loading environment from /home/runner/work/key/key/key.core/../key.ui/examples/heap/permissions/lockspec/Counter_fpLock_accessible.key 
912314     DEBUG main            d.u.i.k.p.i.AbstractProblemLoader Environment load took 93.1ns 
912314     INFO  main            d.u.i.k.p.i.AbstractProblemLoader Creating init config 
916467     DEBUG main            d.u.i.k.p.i.AbstractProblemLoader Init config took 4.15s 
916526     INFO  main            d.u.i.k.p.i.AbstractProblemLoader Replaying proof Counter[LockSpec::fpLock()].JML accessible clause.0 
916528     DEBUG main            d.u.i.k.p.i.IntermediateProofReplayer Proof replay took 3.6ns 
916630     INFO  main            d.u.i.k.p.r.p.TestFile    ... finished proof: closed. 
917430     INFO  main            d.u.i.k.p.i.AbstractProblemLoader Loading environment from /home/runner/work/key/key/key.core/../key.ui/examples/heap/permissions/lockspec/Counter_fpLock_accessible.key.proof 
917430     DEBUG main            d.u.i.k.p.i.AbstractProblemLoader Environment load took 89.4ns 
917431     INFO  main            d.u.i.k.p.i.AbstractProblemLoader Creating init config 
921161     DEBUG main            d.u.i.k.p.i.AbstractProblemLoader Init config took 3.73s 
921230     INFO  main            d.u.i.k.p.i.AbstractProblemLoader Replaying proof Counter[LockSpec::fpLock()].JML accessible clause.0 
921244     DEBUG main            d.u.i.k.p.i.IntermediateProofReplayer Proof replay took 11.73ms 
921245     DEBUG main            d.u.i.k.p.r.p.TestFile    ... success: reloaded. 
921246     INFO  main            d.u.i.k.p.r.p.TestFile    Now processing file /home/runner/work/key/key/key.core/../key.ui/examples/heap/permissions/lockspec/Counter_fpPerm_accessible.key 
921246     INFO  main            d.u.i.k.p.i.AbstractProblemLoader Loading environment from /home/runner/work/key/key/key.core/../key.ui/examples/heap/permissions/lockspec/Counter_fpPerm_accessible.key 
921246     DEBUG main            d.u.i.k.p.i.AbstractProblemLoader Environment load took 185.9ns 
921247     INFO  main            d.u.i.k.p.i.AbstractProblemLoader Creating init config 
925131     DEBUG main            d.u.i.k.p.i.AbstractProblemLoader Init config took 3.88s 
925198     INFO  main            d.u.i.k.p.i.AbstractProblemLoader Replaying proof Counter[LockSpec::fpPerm()].JML accessible clause.0 
925200     DEBUG main            d.u.i.k.p.i.IntermediateProofReplayer Proof replay took 3.3ns 
925302     INFO  main            d.u.i.k.p.r.p.TestFile    ... finished proof: closed. 
926132     INFO  main            d.u.i.k.p.i.AbstractProblemLoader Loading environment from /home/runner/work/key/key/key.core/../key.ui/examples/heap/permissions/lockspec/Counter_fpPerm_accessible.key.proof 
926132     DEBUG main            d.u.i.k.p.i.AbstractProblemLoader Environment load took 92.4ns 
926133     INFO  main            d.u.i.k.p.i.AbstractProblemLoader Creating init config 
930041     DEBUG main            d.u.i.k.p.i.AbstractProblemLoader Init config took 3.91s 
930105     INFO  main            d.u.i.k.p.i.AbstractProblemLoader Replaying proof Counter[LockSpec::fpPerm()].JML accessible clause.0 
930120     DEBUG main            d.u.i.k.p.i.IntermediateProofReplayer Proof replay took 11.99ms 
930121     DEBUG main            d.u.i.k.p.r.p.TestFile    ... success: reloaded. 
930122     INFO  main            d.u.i.k.p.r.p.TestFile    Now processing file /home/runner/work/key/key/key.core/../key.ui/examples/heap/permissions/lockspec/Counter_inv_accessible1.key 
930123     INFO  main            d.u.i.k.p.i.AbstractProblemLoader Loading environment from /home/runner/work/key/key/key.core/../key.ui/examples/heap/permissions/lockspec/Counter_inv_accessible1.key 
930123     DEBUG main            d.u.i.k.p.i.AbstractProblemLoader Environment load took 180.7ns 
930124     INFO  main            d.u.i.k.p.i.AbstractProblemLoader Creating init config 
934080     DEBUG main            d.u.i.k.p.i.AbstractProblemLoader Init config took 3.96s 
934160     INFO  main            d.u.i.k.p.i.AbstractProblemLoader Replaying proof Counter[java.lang.Object::<inv>()].JML accessible clause.0 
934162     DEBUG main            d.u.i.k.p.i.IntermediateProofReplayer Proof replay took 2.9ns 
934264     INFO  main            d.u.i.k.p.r.p.TestFile    ... finished proof: closed. 
935084     INFO  main            d.u.i.k.p.i.AbstractProblemLoader Loading environment from /home/runner/work/key/key/key.core/../key.ui/examples/heap/permissions/lockspec/Counter_inv_accessible1.key.proof 
935084     DEBUG main            d.u.i.k.p.i.AbstractProblemLoader Environment load took 69ns 
935085     INFO  main            d.u.i.k.p.i.AbstractProblemLoader Creating init config 
939002     DEBUG main            d.u.i.k.p.i.AbstractProblemLoader Init config took 3.92s 
939074     INFO  main            d.u.i.k.p.i.AbstractProblemLoader Replaying proof Counter[java.lang.Object::<inv>()].JML accessible clause.0 
939092     DEBUG main            d.u.i.k.p.i.IntermediateProofReplayer Proof replay took 15.72ms 
939093     DEBUG main            d.u.i.k.p.r.p.TestFile    ... success: reloaded. 
939094     INFO  main            d.u.i.k.p.r.p.TestFile    Now processing file /home/runner/work/key/key/key.core/../key.ui/examples/heap/permissions/lockspec/Counter_inv_accessible2.key 
939094     INFO  main            d.u.i.k.p.i.AbstractProblemLoader Loading environment from /home/runner/work/key/key/key.core/../key.ui/examples/heap/permissions/lockspec/Counter_inv_accessible2.key 
939095     DEBUG main            d.u.i.k.p.i.AbstractProblemLoader Environment load took 175.9ns 
939096     INFO  main            d.u.i.k.p.i.AbstractProblemLoader Creating init config 
943187     DEBUG main            d.u.i.k.p.i.AbstractProblemLoader Init config took 4.09s 
943249     INFO  main            d.u.i.k.p.i.AbstractProblemLoader Replaying proof Counter[java.lang.Object::<inv>()].JML accessible clause.1 
943251     DEBUG main            d.u.i.k.p.i.IntermediateProofReplayer Proof replay took 3ns 
943353     INFO  main            d.u.i.k.p.r.p.TestFile    ... finished proof: closed. 
944220     INFO  main            d.u.i.k.p.i.AbstractProblemLoader Loading environment from /home/runner/work/key/key/key.core/../key.ui/examples/heap/permissions/lockspec/Counter_inv_accessible2.key.proof 
944220     DEBUG main            d.u.i.k.p.i.AbstractProblemLoader Environment load took 83.2ns 
944221     INFO  main            d.u.i.k.p.i.AbstractProblemLoader Creating init config 
948379     DEBUG main            d.u.i.k.p.i.AbstractProblemLoader Init config took 4.16s 
948451     INFO  main            d.u.i.k.p.i.AbstractProblemLoader Replaying proof Counter[java.lang.Object::<inv>()].JML accessible clause.1 
948471     DEBUG main            d.u.i.k.p.i.IntermediateProofReplayer Proof replay took 15.32ms 
948472     DEBUG main            d.u.i.k.p.r.p.TestFile    ... success: reloaded. 
948473     INFO  main            d.u.i.k.p.r.p.TestFile    Now processing file /home/runner/work/key/key/key.core/../key.ui/examples/heap/permissions/lockspec/Counter_lockRef_accessible.key 
948473     INFO  main            d.u.i.k.p.i.AbstractProblemLoader Loading environment from /home/runner/work/key/key/key.core/../key.ui/examples/heap/permissions/lockspec/Counter_lockRef_accessible.key 
948473     DEBUG main            d.u.i.k.p.i.AbstractProblemLoader Environment load took 95.1ns 
948474     INFO  main            d.u.i.k.p.i.AbstractProblemLoader Creating init config 
952644     DEBUG main            d.u.i.k.p.i.AbstractProblemLoader Init config took 4.17s 
952710     INFO  main            d.u.i.k.p.i.AbstractProblemLoader Replaying proof Counter[LockSpec::lockRef()].JML accessible clause.0 
952712     DEBUG main            d.u.i.k.p.i.IntermediateProofReplayer Proof replay took 3ns 
953015     INFO  main            d.u.i.k.p.r.p.TestFile    ... finished proof: closed. 
953877     INFO  main            d.u.i.k.p.i.AbstractProblemLoader Loading environment from /home/runner/work/key/key/key.core/../key.ui/examples/heap/permissions/lockspec/Counter_lockRef_accessible.key.proof 
953877     DEBUG main            d.u.i.k.p.i.AbstractProblemLoader Environment load took 79.9ns 
953878     INFO  main            d.u.i.k.p.i.AbstractProblemLoader Creating init config 
957747     DEBUG main            d.u.i.k.p.i.AbstractProblemLoader Init config took 3.87s 
957815     INFO  main            d.u.i.k.p.i.AbstractProblemLoader Replaying proof Counter[LockSpec::lockRef()].JML accessible clause.0 
957870     DEBUG main            d.u.i.k.p.i.IntermediateProofReplayer Proof replay took 51.42ms 
957871     DEBUG main            d.u.i.k.p.r.p.TestFile    ... success: reloaded. 
957871     INFO  main            d.u.i.k.p.r.p.TestFile    Now processing file /home/runner/work/key/key/key.core/../key.ui/examples/heap/permissions/lockspec/Counter_lockRef_contract1.key 
957872     INFO  main            d.u.i.k.p.i.AbstractProblemLoader Loading environment from /home/runner/work/key/key/key.core/../key.ui/examples/heap/permissions/lockspec/Counter_lockRef_contract1.key 
957872     DEBUG main            d.u.i.k.p.i.AbstractProblemLoader Environment load took 270.1ns 
957873     INFO  main            d.u.i.k.p.i.AbstractProblemLoader Creating init config 
961808     DEBUG main            d.u.i.k.p.i.AbstractProblemLoader Init config took 3.93s 
961869     INFO  main            d.u.i.k.p.i.AbstractProblemLoader Replaying proof Counter[LockSpec::lockRef()].JML model_behavior operation contract.0 
961871     DEBUG main            d.u.i.k.p.i.IntermediateProofReplayer Proof replay took 2.9ns 
961973     INFO  main            d.u.i.k.p.r.p.TestFile    ... finished proof: closed. 
962821     INFO  main            d.u.i.k.p.i.AbstractProblemLoader Loading environment from /home/runner/work/key/key/key.core/../key.ui/examples/heap/permissions/lockspec/Counter_lockRef_contract1.key.proof 
962821     DEBUG main            d.u.i.k.p.i.AbstractProblemLoader Environment load took 81.1ns 
962822     INFO  main            d.u.i.k.p.i.AbstractProblemLoader Creating init config 
966609     DEBUG main            d.u.i.k.p.i.AbstractProblemLoader Init config took 3.79s 
966678     INFO  main            d.u.i.k.p.i.AbstractProblemLoader Replaying proof Counter[LockSpec::lockRef()].JML model_behavior operation contract.0 
966685     DEBUG main            d.u.i.k.p.i.IntermediateProofReplayer Proof replay took 5.8ms 
966686     DEBUG main            d.u.i.k.p.r.p.TestFile    ... success: reloaded. 
966687     INFO  main            d.u.i.k.p.r.p.TestFile    Now processing file /home/runner/work/key/key/key.core/../key.ui/examples/heap/permissions/lockspec/Counter_lockRef_contract2.key 
966687     INFO  main            d.u.i.k.p.i.AbstractProblemLoader Loading environment from /home/runner/work/key/key/key.core/../key.ui/examples/heap/permissions/lockspec/Counter_lockRef_contract2.key 
966687     DEBUG main            d.u.i.k.p.i.AbstractProblemLoader Environment load took 97.5ns 
966688     INFO  main            d.u.i.k.p.i.AbstractProblemLoader Creating init config 
970840     DEBUG main            d.u.i.k.p.i.AbstractProblemLoader Init config took 4.15s 
970911     INFO  main            d.u.i.k.p.i.AbstractProblemLoader Replaying proof Counter[Counter::lockRef()].JML model_behavior operation contract.0 
970913     DEBUG main            d.u.i.k.p.i.IntermediateProofReplayer Proof replay took 3.9ns 
971015     INFO  main            d.u.i.k.p.r.p.TestFile    ... finished proof: closed. 
971898     INFO  main            d.u.i.k.p.i.AbstractProblemLoader Loading environment from /home/runner/work/key/key/key.core/../key.ui/examples/heap/permissions/lockspec/Counter_lockRef_contract2.key.proof 
971898     DEBUG main            d.u.i.k.p.i.AbstractProblemLoader Environment load took 78.1ns 
971899     INFO  main            d.u.i.k.p.i.AbstractProblemLoader Creating init config 
975785     DEBUG main            d.u.i.k.p.i.AbstractProblemLoader Init config took 3.89s 
975858     INFO  main            d.u.i.k.p.i.AbstractProblemLoader Replaying proof Counter[Counter::lockRef()].JML model_behavior operation contract.0 
975865     DEBUG main            d.u.i.k.p.i.IntermediateProofReplayer Proof replay took 5.32ms 
975866     DEBUG main            d.u.i.k.p.r.p.TestFile    ... success: reloaded. 
975867     INFO  main            d.u.i.k.p.r.p.TestFile    Now processing file /home/runner/work/key/key/key.core/../key.ui/examples/heap/permissions/lockspec/Counter_lockState_accessible.key 
975868     INFO  main            d.u.i.k.p.i.AbstractProblemLoader Loading environment from /home/runner/work/key/key/key.core/../key.ui/examples/heap/permissions/lockspec/Counter_lockState_accessible.key 
975868     DEBUG main            d.u.i.k.p.i.AbstractProblemLoader Environment load took 182ns 
975869     INFO  main            d.u.i.k.p.i.AbstractProblemLoader Creating init config 
980132     DEBUG main            d.u.i.k.p.i.AbstractProblemLoader Init config took 4.26s 
980198     INFO  main            d.u.i.k.p.i.AbstractProblemLoader Replaying proof Counter[LockSpec::lockState(boolean)].JML accessible clause.0 
980199     DEBUG main            d.u.i.k.p.i.IntermediateProofReplayer Proof replay took 3ns 
980602     INFO  main            d.u.i.k.p.r.p.TestFile    ... finished proof: closed. 
981485     INFO  main            d.u.i.k.p.i.AbstractProblemLoader Loading environment from /home/runner/work/key/key/key.core/../key.ui/examples/heap/permissions/lockspec/Counter_lockState_accessible.key.proof 
981485     DEBUG main            d.u.i.k.p.i.AbstractProblemLoader Environment load took 83.6ns 
981486     INFO  main            d.u.i.k.p.i.AbstractProblemLoader Creating init config 
985451     DEBUG main            d.u.i.k.p.i.AbstractProblemLoader Init config took 3.97s 
985537     INFO  main            d.u.i.k.p.i.AbstractProblemLoader Replaying proof Counter[LockSpec::lockState(boolean)].JML accessible clause.0 
985618     DEBUG main            d.u.i.k.p.i.IntermediateProofReplayer Proof replay took 77.75ms 
985619     DEBUG main            d.u.i.k.p.r.p.TestFile    ... success: reloaded. 
985620     INFO  main            d.u.i.k.p.r.p.TestFile    Now processing file /home/runner/work/key/key/key.core/../key.ui/examples/heap/permissions/lockspec/Counter_lockStatus_accessible.key 
985621     INFO  main            d.u.i.k.p.i.AbstractProblemLoader Loading environment from /home/runner/work/key/key/key.core/../key.ui/examples/heap/permissions/lockspec/Counter_lockStatus_accessible.key 
985621     DEBUG main            d.u.i.k.p.i.AbstractProblemLoader Environment load took 188.6ns 
985622     INFO  main            d.u.i.k.p.i.AbstractProblemLoader Creating init config 
989598     DEBUG main            d.u.i.k.p.i.AbstractProblemLoader Init config took 3.98s 
989695     INFO  main            d.u.i.k.p.i.AbstractProblemLoader Replaying proof Counter[LockSpec::lockStatus(boolean)].JML accessible clause.0 
989700     DEBUG main            d.u.i.k.p.i.IntermediateProofReplayer Proof replay took 3.7ns 
989902     INFO  main            d.u.i.k.p.r.p.TestFile    ... finished proof: closed. 
990758     INFO  main            d.u.i.k.p.i.AbstractProblemLoader Loading environment from /home/runner/work/key/key/key.core/../key.ui/examples/heap/permissions/lockspec/Counter_lockStatus_accessible.key.proof 
990758     DEBUG main            d.u.i.k.p.i.AbstractProblemLoader Environment load took 84.4ns 
990759     INFO  main            d.u.i.k.p.i.AbstractProblemLoader Creating init config 
994573     DEBUG main            d.u.i.k.p.i.AbstractProblemLoader Init config took 3.81s 
994641     INFO  main            d.u.i.k.p.i.AbstractProblemLoader Replaying proof Counter[LockSpec::lockStatus(boolean)].JML accessible clause.0 
994672     DEBUG main            d.u.i.k.p.i.IntermediateProofReplayer Proof replay took 28.33ms 
994673     DEBUG main            d.u.i.k.p.r.p.TestFile    ... success: reloaded. 
994674     INFO  main            d.u.i.k.p.r.p.TestFile    Now processing file /home/runner/work/key/key/key.core/../key.ui/examples/heap/permissions/lockspec/Counter_lockTransfer_accessible.key 
994675     INFO  main            d.u.i.k.p.i.AbstractProblemLoader Loading environment from /home/runner/work/key/key/key.core/../key.ui/examples/heap/permissions/lockspec/Counter_lockTransfer_accessible.key 
994675     DEBUG main            d.u.i.k.p.i.AbstractProblemLoader Environment load took 229.5ns 
994676     INFO  main            d.u.i.k.p.i.AbstractProblemLoader Creating init config 
998616     DEBUG main            d.u.i.k.p.i.AbstractProblemLoader Init config took 3.94s 
998678     INFO  main            d.u.i.k.p.i.AbstractProblemLoader Replaying proof Counter[LockSpec::lockTransfer()].JML accessible clause.0 
998679     DEBUG main            d.u.i.k.p.i.IntermediateProofReplayer Proof replay took 2.6ns 
999082     INFO  main            d.u.i.k.p.r.p.TestFile    ... finished proof: closed. 
999990     INFO  main            d.u.i.k.p.i.AbstractProblemLoader Loading environment from /home/runner/work/key/key/key.core/../key.ui/examples/heap/permissions/lockspec/Counter_lockTransfer_accessible.key.proof 
999990     DEBUG main            d.u.i.k.p.i.AbstractProblemLoader Environment load took 88ns 
999991     INFO  main            d.u.i.k.p.i.AbstractProblemLoader Creating init config 
1004084    DEBUG main            d.u.i.k.p.i.AbstractProblemLoader Init config took 4.09s 
1004165    INFO  main            d.u.i.k.p.i.AbstractProblemLoader Replaying proof Counter[LockSpec::lockTransfer()].JML accessible clause.0 
1004259    DEBUG main            d.u.i.k.p.i.IntermediateProofReplayer Proof replay took 89.46ms 
1004260    DEBUG main            d.u.i.k.p.r.p.TestFile    ... success: reloaded. 
1004261    INFO  main            d.u.i.k.p.r.p.TestFile    Now processing file /home/runner/work/key/key/key.core/../key.ui/examples/heap/permissions/lockspec/Counter_unlockTransfer_accessible.key 
1004262    INFO  main            d.u.i.k.p.i.AbstractProblemLoader Loading environment from /home/runner/work/key/key/key.core/../key.ui/examples/heap/permissions/lockspec/Counter_unlockTransfer_accessible.key 
1004262    DEBUG main            d.u.i.k.p.i.AbstractProblemLoader Environment load took 209.2ns 
1004264    INFO  main            d.u.i.k.p.i.AbstractProblemLoader Creating init config 
1008376    DEBUG main            d.u.i.k.p.i.AbstractProblemLoader Init config took 4.11s 
1008441    INFO  main            d.u.i.k.p.i.AbstractProblemLoader Replaying proof Counter[LockSpec::unlockTransfer()].JML accessible clause.0 
1008443    DEBUG main            d.u.i.k.p.i.IntermediateProofReplayer Proof replay took 3.9ns 
1008847    INFO  main            d.u.i.k.p.r.p.TestFile    ... finished proof: closed. 
1009791    INFO  main            d.u.i.k.p.i.AbstractProblemLoader Loading environment from /home/runner/work/key/key/key.core/../key.ui/examples/heap/permissions/lockspec/Counter_unlockTransfer_accessible.key.proof 
1009791    DEBUG main            d.u.i.k.p.i.AbstractProblemLoader Environment load took 75.2ns 
1009792    INFO  main            d.u.i.k.p.i.AbstractProblemLoader Creating init config 
1013515    DEBUG main            d.u.i.k.p.i.AbstractProblemLoader Init config took 3.72s 
1013605    INFO  main            d.u.i.k.p.i.AbstractProblemLoader Replaying proof Counter[LockSpec::unlockTransfer()].JML accessible clause.0 
1013679    DEBUG main            d.u.i.k.p.i.IntermediateProofReplayer Proof replay took 70.17ms 
1013680    DEBUG main            d.u.i.k.p.r.p.TestFile    ... success: reloaded. 
1013681    INFO  main            d.u.i.k.p.r.p.TestFile    Now processing file /home/runner/work/key/key/key.core/../key.ui/examples/heap/permissions/threads/Plotter_startTransfer_contract.proof 
1013682    INFO  main            d.u.i.k.p.i.AbstractProblemLoader Loading environment from /home/runner/work/key/key/key.core/../key.ui/examples/heap/permissions/threads/Plotter_startTransfer_contract.proof 
1013682    DEBUG main            d.u.i.k.p.i.AbstractProblemLoader Environment load took 196.1ns 
1013683    INFO  main            d.u.i.k.p.i.AbstractProblemLoader Creating init config 
1019618    DEBUG main            d.u.i.k.p.i.AbstractProblemLoader Init config took 5.93s 
1019723    INFO  main            d.u.i.k.p.i.AbstractProblemLoader Replaying proof Plotter[ThreadSpec2::startTransfer()].JML model_behavior operation contract.0 
1019858    DEBUG main            d.u.i.k.p.i.IntermediateProofReplayer Proof replay took 127.36ms 
1019859    INFO  main            d.u.i.k.p.r.p.TestFile    ... success: loaded 
1019860    INFO  main            d.u.i.k.p.r.p.TestFile    Now processing file /home/runner/work/key/key/key.core/../key.ui/examples/heap/permissions/threads/Plotter_startTransfer_accessible.proof 
1019860    INFO  main            d.u.i.k.p.i.AbstractProblemLoader Loading environment from /home/runner/work/key/key/key.core/../key.ui/examples/heap/permissions/threads/Plotter_startTransfer_accessible.proof 
1019860    DEBUG main            d.u.i.k.p.i.AbstractProblemLoader Environment load took 92ns 
1019861    INFO  main            d.u.i.k.p.i.AbstractProblemLoader Creating init config 
1025758    DEBUG main            d.u.i.k.p.i.AbstractProblemLoader Init config took 5.9s 
1025862    INFO  main            d.u.i.k.p.i.AbstractProblemLoader Replaying proof Plotter[ThreadSpec2::startTransfer()].JML accessible clause.0 
1026079    DEBUG main            d.u.i.k.p.i.IntermediateProofReplayer Proof replay took 204.01ms 
1026089    INFO  main            d.u.i.k.p.r.p.TestFile    ... success: loaded 
1026090    INFO  main            d.u.i.k.p.r.p.TestFile    Now processing file /home/runner/work/key/key/key.core/../key.ui/examples/heap/permissions/threads/Plotter_joinTransfer_accessible.proof 
1026091    INFO  main            d.u.i.k.p.i.AbstractProblemLoader Loading environment from /home/runner/work/key/key/key.core/../key.ui/examples/heap/permissions/threads/Plotter_joinTransfer_accessible.proof 
1026101    DEBUG main            d.u.i.k.p.i.AbstractProblemLoader Environment load took 9.76ms 
1026102    INFO  main            d.u.i.k.p.i.AbstractProblemLoader Creating init config 
1032101    DEBUG main            d.u.i.k.p.i.AbstractProblemLoader Init config took 6s 
1032203    INFO  main            d.u.i.k.p.i.AbstractProblemLoader Replaying proof Plotter[ThreadSpec2::joinTransfer()].JML accessible clause.0 
1032220    WARN  main            d.u.i.k.p.i.IntermediateProofReplayer Proof contains wrong number of \assumes instatiations for Definition_axiom_for_stateInv_in_Plotter 
1032233    WARN  main            d.u.i.k.p.i.IntermediateProofReplayer Proof contains wrong number of \assumes instatiations for Definition_axiom_for_stateInv_in_Plotter 
1032236    WARN  main            d.u.i.k.p.i.IntermediateProofReplayer Proof contains wrong number of \assumes instatiations for Definition_axiom_for_workingPermissions_in_Plotter 
1032236    WARN  main            d.u.i.k.p.i.IntermediateProofReplayer Proof contains wrong number of \assumes instatiations for Definition_axiom_for_staticPermissions_in_Plotter 
1032238    WARN  main            d.u.i.k.p.i.IntermediateProofReplayer Proof contains wrong number of \assumes instatiations for Definition_axiom_for_joinTransfer_in_Plotter 
1032240    WARN  main            d.u.i.k.p.i.IntermediateProofReplayer Proof contains wrong number of \assumes instatiations for Definition_axiom_for_stateInv_in_BFilter 
1032242    WARN  main            d.u.i.k.p.i.IntermediateProofReplayer Proof contains wrong number of \assumes instatiations for Definition_axiom_for_stateInv_in_AFilter 
1032244    WARN  main            d.u.i.k.p.i.IntermediateProofReplayer Proof contains wrong number of \assumes instatiations for Definition_axiom_for_stateInv_in_BFilter 
1032247    WARN  main            d.u.i.k.p.i.IntermediateProofReplayer Proof contains wrong number of \assumes instatiations for Definition_axiom_for_stateInv_in_AFilter 
1032253    WARN  main            d.u.i.k.p.i.IntermediateProofReplayer Proof contains wrong number of \assumes instatiations for Definition_axiom_for_staticPermissions_in_AFilter 
1032255    WARN  main            d.u.i.k.p.i.IntermediateProofReplayer Proof contains wrong number of \assumes instatiations for Definition_axiom_for_staticPermissions_in_Plotter 
1032256    WARN  main            d.u.i.k.p.i.IntermediateProofReplayer Proof contains wrong number of \assumes instatiations for Definition_axiom_for_staticPermissions_in_BFilter 
1032257    WARN  main            d.u.i.k.p.i.IntermediateProofReplayer Proof contains wrong number of \assumes instatiations for Definition_axiom_for_workingPermissions_in_Plotter 
1032258    WARN  main            d.u.i.k.p.i.IntermediateProofReplayer Proof contains wrong number of \assumes instatiations for Definition_axiom_for_stateInv_in_Sampler 
1032259    WARN  main            d.u.i.k.p.i.IntermediateProofReplayer Proof contains wrong number of \assumes instatiations for Definition_axiom_for_stateInv_in_Sampler 
1032260    WARN  main            d.u.i.k.p.i.IntermediateProofReplayer Proof contains wrong number of \assumes instatiations for Definition_axiom_for_staticPermissions_in_Sampler 
1032261    WARN  main            d.u.i.k.p.i.IntermediateProofReplayer Proof contains wrong number of \assumes instatiations for Definition_axiom_for_staticPermissions_in_BFilter 
1032262    WARN  main            d.u.i.k.p.i.IntermediateProofReplayer Proof contains wrong number of \assumes instatiations for Definition_axiom_for_staticPermissions_in_AFilter 
1032263    WARN  main            d.u.i.k.p.i.IntermediateProofReplayer Proof contains wrong number of \assumes instatiations for Definition_axiom_for_staticPermissions_in_Sampler 
1032264    WARN  main            d.u.i.k.p.i.IntermediateProofReplayer Proof contains wrong number of \assumes instatiations for Definition_axiom_for_staticPermissions_in_Sampler 
1032265    WARN  main            d.u.i.k.p.i.IntermediateProofReplayer Proof contains wrong number of \assumes instatiations for Definition_axiom_for_staticPermissions_in_Sampler 
1032266    WARN  main            d.u.i.k.p.i.IntermediateProofReplayer Proof contains wrong number of \assumes instatiations for Definition_axiom_for_joinTransfer_in_Plotter 
1032383    DEBUG main            d.u.i.k.p.i.IntermediateProofReplayer Proof replay took 174.08ms 
1032384    INFO  main            d.u.i.k.p.r.p.TestFile    ... success: loaded 
6306157    INFO  Test worker     d.u.i.k.p.r.RunAllProofsTestUnit Returning from test permissionHeap 
6306158    INFO  Test worker     d.u.i.k.p.r.RunAllProofsTestUnit Running test completionScopes 
457        INFO  Timeout watchdog d.u.i.k.p.r.p.ForkedTestFileRunner Timeout watcher launched (2000 secs.) 
473        WARN  main            d.u.i.k.s.ProofSettings   The settings in /home/runner/.key/proof-settings.props are *not* read. 
521        INFO  main            d.u.i.k.p.r.p.TestFile    Now processing file /home/runner/work/key/key/key.core/../key.ui/examples/completionscopes/testCcatchReturnVal.key 
690        INFO  main            d.u.i.k.p.i.AbstractProblemLoader Loading environment from /home/runner/work/key/key/key.core/../key.ui/examples/completionscopes/testCcatchReturnVal.key 
718        DEBUG main            d.u.i.k.p.i.AbstractProblemLoader Environment load took 2.97ms 
1047       INFO  main            d.u.i.k.p.i.AbstractProblemLoader Creating init config 
2632       DEBUG main            d.u.i.k.j.TypeConverter   No LDT found for Meta 
2633       DEBUG main            d.u.i.k.j.TypeConverter   No LDT found for Meta 
2634       DEBUG main            d.u.i.k.j.TypeConverter   No LDT found for Meta 
2634       DEBUG main            d.u.i.k.j.TypeConverter   No LDT found for Meta 
4953       DEBUG main            d.u.i.k.j.TypeConverter   No LDT found for JavaBigintExpression 
11860      DEBUG main            d.u.i.k.p.i.AbstractProblemLoader Init config took 10.81s 
12042      INFO  main            d.u.i.k.p.i.AbstractProblemLoader Replaying proof CompletionScopes[CompletionScopes::testCcatchReturnVal()].JML normal_behavior operation contract.0 
12090      DEBUG main            d.u.i.k.p.i.IntermediateProofReplayer Proof replay took 45.2ns 
12834      INFO  main            d.u.i.k.p.r.p.TestFile    ... finished proof: closed. 
12971      INFO  main            d.u.i.k.p.i.AbstractProblemLoader Loading environment from /home/runner/work/key/key/key.core/../key.ui/examples/completionscopes/testCcatchReturnVal.key.proof 
12971      DEBUG main            d.u.i.k.p.i.AbstractProblemLoader Environment load took 632.3ns 
12976      INFO  main            d.u.i.k.p.i.AbstractProblemLoader Creating init config 
16503      DEBUG main            d.u.i.k.p.i.AbstractProblemLoader Init config took 3.53s 
16611      INFO  main            d.u.i.k.p.i.AbstractProblemLoader Replaying proof CompletionScopes[CompletionScopes::testCcatchReturnVal()].JML normal_behavior operation contract.0 
16667      DEBUG main            d.u.i.k.p.i.IntermediateProofReplayer Proof replay took 49.51ms 
16676      DEBUG main            d.u.i.k.p.r.p.TestFile    ... success: reloaded. 
16678      INFO  main            d.u.i.k.p.r.p.TestFile    Now processing file /home/runner/work/key/key/key.core/../key.ui/examples/completionscopes/testMultCcatchClauses.key 
16678      INFO  main            d.u.i.k.p.i.AbstractProblemLoader Loading environment from /home/runner/work/key/key/key.core/../key.ui/examples/completionscopes/testMultCcatchClauses.key 
16679      DEBUG main            d.u.i.k.p.i.AbstractProblemLoader Environment load took 252.2ns 
16681      INFO  main            d.u.i.k.p.i.AbstractProblemLoader Creating init config 
20086      DEBUG main            d.u.i.k.p.i.AbstractProblemLoader Init config took 3.41s 
20184      INFO  main            d.u.i.k.p.i.AbstractProblemLoader Replaying proof CompletionScopes[CompletionScopes::testMultCcatchClauses()].JML normal_behavior operation contract.0 
20189      DEBUG main            d.u.i.k.p.i.IntermediateProofReplayer Proof replay took 7.5ns 
20697      INFO  main            d.u.i.k.p.r.p.TestFile    ... finished proof: closed. 
20889      INFO  main            d.u.i.k.p.i.AbstractProblemLoader Loading environment from /home/runner/work/key/key/key.core/../key.ui/examples/completionscopes/testMultCcatchClauses.key.proof 
20889      DEBUG main            d.u.i.k.p.i.AbstractProblemLoader Environment load took 150.1ns 
20897      INFO  main            d.u.i.k.p.i.AbstractProblemLoader Creating init config 
24145      DEBUG main            d.u.i.k.p.i.AbstractProblemLoader Init config took 3.25s 
24268      INFO  main            d.u.i.k.p.i.AbstractProblemLoader Replaying proof CompletionScopes[CompletionScopes::testMultCcatchClauses()].JML normal_behavior operation contract.0 
24481      DEBUG main            d.u.i.k.p.i.IntermediateProofReplayer Proof replay took 200.86ms 
24491      DEBUG main            d.u.i.k.p.r.p.TestFile    ... success: reloaded. 
24495      INFO  main            d.u.i.k.p.r.p.TestFile    Now processing file /home/runner/work/key/key/key.core/../key.ui/examples/completionscopes/testNestedExec.key 
24495      INFO  main            d.u.i.k.p.i.AbstractProblemLoader Loading environment from /home/runner/work/key/key/key.core/../key.ui/examples/completionscopes/testNestedExec.key 
24495      DEBUG main            d.u.i.k.p.i.AbstractProblemLoader Environment load took 137ns 
24498      INFO  main            d.u.i.k.p.i.AbstractProblemLoader Creating init config 
27756      DEBUG main            d.u.i.k.p.i.AbstractProblemLoader Init config took 3.26s 
27820      INFO  main            d.u.i.k.p.i.AbstractProblemLoader Replaying proof CompletionScopes[CompletionScopes::testMultCcatchClauses()].JML normal_behavior operation contract.0 
27823      DEBUG main            d.u.i.k.p.i.IntermediateProofReplayer Proof replay took 8.2ns 
28227      INFO  main            d.u.i.k.p.r.p.TestFile    ... finished proof: closed. 
28428      INFO  main            d.u.i.k.p.i.AbstractProblemLoader Loading environment from /home/runner/work/key/key/key.core/../key.ui/examples/completionscopes/testNestedExec.key.proof 
28429      DEBUG main            d.u.i.k.p.i.AbstractProblemLoader Environment load took 1.56ms 
28431      INFO  main            d.u.i.k.p.i.AbstractProblemLoader Creating init config 
31732      DEBUG main            d.u.i.k.p.i.AbstractProblemLoader Init config took 3.3s 
31791      INFO  main            d.u.i.k.p.i.AbstractProblemLoader Replaying proof CompletionScopes[CompletionScopes::testMultCcatchClauses()].JML normal_behavior operation contract.0 
31902      DEBUG main            d.u.i.k.p.i.IntermediateProofReplayer Proof replay took 106.28ms 
31903      DEBUG main            d.u.i.k.p.r.p.TestFile    ... success: reloaded. 
31905      INFO  main            d.u.i.k.p.r.p.TestFile    Now processing file /home/runner/work/key/key/key.core/../key.ui/examples/completionscopes/testCcatchBreakLabel.key 
31905      INFO  main            d.u.i.k.p.i.AbstractProblemLoader Loading environment from /home/runner/work/key/key/key.core/../key.ui/examples/completionscopes/testCcatchBreakLabel.key 
31905      DEBUG main            d.u.i.k.p.i.AbstractProblemLoader Environment load took 276ns 
31907      INFO  main            d.u.i.k.p.i.AbstractProblemLoader Creating init config 
35184      DEBUG main            d.u.i.k.p.i.AbstractProblemLoader Init config took 3.28s 
35242      INFO  main            d.u.i.k.p.i.AbstractProblemLoader Replaying proof CompletionScopes[CompletionScopes::testBreakLabel()].JML normal_behavior operation contract.0 
35245      DEBUG main            d.u.i.k.p.i.IntermediateProofReplayer Proof replay took 7ns 
35267      DEBUG Thread-10       d.u.i.k.l.o.ProgramSV     Match failed: Former match of  SchemaVariable incompatible with  the current match. 
35347      INFO  main            d.u.i.k.p.r.p.TestFile    ... finished proof: closed. 
35570      INFO  main            d.u.i.k.p.i.AbstractProblemLoader Loading environment from /home/runner/work/key/key/key.core/../key.ui/examples/completionscopes/testCcatchBreakLabel.key.proof 
35570      DEBUG main            d.u.i.k.p.i.AbstractProblemLoader Environment load took 144.3ns 
35572      INFO  main            d.u.i.k.p.i.AbstractProblemLoader Creating init config 
38733      DEBUG main            d.u.i.k.p.i.AbstractProblemLoader Init config took 3.16s 
38809      INFO  main            d.u.i.k.p.i.AbstractProblemLoader Replaying proof CompletionScopes[CompletionScopes::testBreakLabel()].JML normal_behavior operation contract.0 
38823      DEBUG main            d.u.i.k.p.i.IntermediateProofReplayer Proof replay took 11.46ms 
38824      DEBUG main            d.u.i.k.p.r.p.TestFile    ... success: reloaded. 
38826      INFO  main            d.u.i.k.p.r.p.TestFile    Now processing file /home/runner/work/key/key/key.core/../key.ui/examples/completionscopes/testCcatchContinueLabel.key 
38826      INFO  main            d.u.i.k.p.i.AbstractProblemLoader Loading environment from /home/runner/work/key/key/key.core/../key.ui/examples/completionscopes/testCcatchContinueLabel.key 
38826      DEBUG main            d.u.i.k.p.i.AbstractProblemLoader Environment load took 221.7ns 
38828      INFO  main            d.u.i.k.p.i.AbstractProblemLoader Creating init config 
41959      DEBUG main            d.u.i.k.p.i.AbstractProblemLoader Init config took 3.13s 
42015      INFO  main            d.u.i.k.p.i.AbstractProblemLoader Replaying proof CompletionScopes[CompletionScopes::testContinueLabel()].JML normal_behavior operation contract.0 
42017      DEBUG main            d.u.i.k.p.i.IntermediateProofReplayer Proof replay took 6.8ns 
42040      DEBUG Thread-13       d.u.i.k.l.o.ProgramSV     Match failed: Former match of  SchemaVariable incompatible with  the current match. 
42120      INFO  main            d.u.i.k.p.r.p.TestFile    ... finished proof: closed. 
42310      INFO  main            d.u.i.k.p.i.AbstractProblemLoader Loading environment from /home/runner/work/key/key/key.core/../key.ui/examples/completionscopes/testCcatchContinueLabel.key.proof 
42311      DEBUG main            d.u.i.k.p.i.AbstractProblemLoader Environment load took 251.2ns 
42313      INFO  main            d.u.i.k.p.i.AbstractProblemLoader Creating init config 
45506      DEBUG main            d.u.i.k.p.i.AbstractProblemLoader Init config took 3.19s 
45567      INFO  main            d.u.i.k.p.i.AbstractProblemLoader Replaying proof CompletionScopes[CompletionScopes::testContinueLabel()].JML normal_behavior operation contract.0 
45582      DEBUG main            d.u.i.k.p.i.IntermediateProofReplayer Proof replay took 12.15ms 
45584      DEBUG main            d.u.i.k.p.r.p.TestFile    ... success: reloaded. 
45585      INFO  main            d.u.i.k.p.r.p.TestFile    Now processing file /home/runner/work/key/key/key.core/../key.ui/examples/completionscopes/testCcatchBreakLabelWildcard.key 
45586      INFO  main            d.u.i.k.p.i.AbstractProblemLoader Loading environment from /home/runner/work/key/key/key.core/../key.ui/examples/completionscopes/testCcatchBreakLabelWildcard.key 
45586      DEBUG main            d.u.i.k.p.i.AbstractProblemLoader Environment load took 235.1ns 
45587      INFO  main            d.u.i.k.p.i.AbstractProblemLoader Creating init config 
48732      DEBUG main            d.u.i.k.p.i.AbstractProblemLoader Init config took 3.14s 
48784      INFO  main            d.u.i.k.p.i.AbstractProblemLoader Replaying proof CompletionScopes[CompletionScopes::testBreakLabelWildcard()].JML normal_behavior operation contract.0 
48788      DEBUG main            d.u.i.k.p.i.IntermediateProofReplayer Proof replay took 7.1ns 
48806      DEBUG Thread-16       d.u.i.k.l.o.ProgramSV     Match failed: Former match of  SchemaVariable incompatible with  the current match. 
48829      DEBUG Thread-16       d.u.i.k.l.o.ProgramSV     Match failed: Former match of  SchemaVariable incompatible with  the current match. 
48891      INFO  main            d.u.i.k.p.r.p.TestFile    ... finished proof: closed. 
49102      INFO  main            d.u.i.k.p.i.AbstractProblemLoader Loading environment from /home/runner/work/key/key/key.core/../key.ui/examples/completionscopes/testCcatchBreakLabelWildcard.key.proof 
49103      DEBUG main            d.u.i.k.p.i.AbstractProblemLoader Environment load took 201.2ns 
49104      INFO  main            d.u.i.k.p.i.AbstractProblemLoader Creating init config 
52024      DEBUG main            d.u.i.k.p.i.AbstractProblemLoader Init config took 2.92s 
52080      INFO  main            d.u.i.k.p.i.AbstractProblemLoader Replaying proof CompletionScopes[CompletionScopes::testBreakLabelWildcard()].JML normal_behavior operation contract.0 
52092      DEBUG main            d.u.i.k.p.i.IntermediateProofReplayer Proof replay took 9.82ms 
52093      DEBUG main            d.u.i.k.p.r.p.TestFile    ... success: reloaded. 
52094      INFO  main            d.u.i.k.p.r.p.TestFile    Now processing file /home/runner/work/key/key/key.core/../key.ui/examples/completionscopes/testCcatchContinueLabelWildcard.key 
52094      INFO  main            d.u.i.k.p.i.AbstractProblemLoader Loading environment from /home/runner/work/key/key/key.core/../key.ui/examples/completionscopes/testCcatchContinueLabelWildcard.key 
52095      DEBUG main            d.u.i.k.p.i.AbstractProblemLoader Environment load took 174.8ns 
52096      INFO  main            d.u.i.k.p.i.AbstractProblemLoader Creating init config 
55007      DEBUG main            d.u.i.k.p.i.AbstractProblemLoader Init config took 2.91s 
55059      INFO  main            d.u.i.k.p.i.AbstractProblemLoader Replaying proof CompletionScopes[CompletionScopes::testContinueLabelWildcard()].JML normal_behavior operation contract.0 
55062      DEBUG main            d.u.i.k.p.i.IntermediateProofReplayer Proof replay took 7ns 
55086      DEBUG Thread-19       d.u.i.k.l.o.ProgramSV     Match failed: Former match of  SchemaVariable incompatible with  the current match. 
55087      DEBUG Thread-19       d.u.i.k.l.o.ProgramSV     Match failed: Former match of  SchemaVariable incompatible with  the current match. 
55164      INFO  main            d.u.i.k.p.r.p.TestFile    ... finished proof: closed. 
55382      INFO  main            d.u.i.k.p.i.AbstractProblemLoader Loading environment from /home/runner/work/key/key/key.core/../key.ui/examples/completionscopes/testCcatchContinueLabelWildcard.key.proof 
55383      DEBUG main            d.u.i.k.p.i.AbstractProblemLoader Environment load took 137.8ns 
55384      INFO  main            d.u.i.k.p.i.AbstractProblemLoader Creating init config 
58269      DEBUG main            d.u.i.k.p.i.AbstractProblemLoader Init config took 2.89s 
58319      INFO  main            d.u.i.k.p.i.AbstractProblemLoader Replaying proof CompletionScopes[CompletionScopes::testContinueLabelWildcard()].JML normal_behavior operation contract.0 
58331      DEBUG main            d.u.i.k.p.i.IntermediateProofReplayer Proof replay took 10.29ms 
58332      DEBUG main            d.u.i.k.p.r.p.TestFile    ... success: reloaded. 
58333      INFO  main            d.u.i.k.p.r.p.TestFile    Now processing file /home/runner/work/key/key/key.core/../key.ui/examples/completionscopes/testCcatchBreakLabelNonmatchingNested.key 
58334      INFO  main            d.u.i.k.p.i.AbstractProblemLoader Loading environment from /home/runner/work/key/key/key.core/../key.ui/examples/completionscopes/testCcatchBreakLabelNonmatchingNested.key 
58334      DEBUG main            d.u.i.k.p.i.AbstractProblemLoader Environment load took 124ns 
58335      INFO  main            d.u.i.k.p.i.AbstractProblemLoader Creating init config 
61281      DEBUG main            d.u.i.k.p.i.AbstractProblemLoader Init config took 2.95s 
61331      INFO  main            d.u.i.k.p.i.AbstractProblemLoader Replaying proof CompletionScopes[CompletionScopes::testBreakLabelNonmatchingNested()].JML normal_behavior operation contract.0 
61333      DEBUG main            d.u.i.k.p.i.IntermediateProofReplayer Proof replay took 6ns 
61349      DEBUG Thread-22       d.u.i.k.l.o.ProgramSV     Match failed: Former match of  SchemaVariable incompatible with  the current match. 
61350      DEBUG Thread-22       d.u.i.k.l.o.ProgramSV     Match failed: Former match of  SchemaVariable incompatible with  the current match. 
61435      INFO  main            d.u.i.k.p.r.p.TestFile    ... finished proof: closed. 
61639      INFO  main            d.u.i.k.p.i.AbstractProblemLoader Loading environment from /home/runner/work/key/key/key.core/../key.ui/examples/completionscopes/testCcatchBreakLabelNonmatchingNested.key.proof 
61640      DEBUG main            d.u.i.k.p.i.AbstractProblemLoader Environment load took 548.4ns 
61641      INFO  main            d.u.i.k.p.i.AbstractProblemLoader Creating init config 
64430      DEBUG main            d.u.i.k.p.i.AbstractProblemLoader Init config took 2.79s 
64485      INFO  main            d.u.i.k.p.i.AbstractProblemLoader Replaying proof CompletionScopes[CompletionScopes::testBreakLabelNonmatchingNested()].JML normal_behavior operation contract.0 
64498      DEBUG main            d.u.i.k.p.i.IntermediateProofReplayer Proof replay took 11.43ms 
64499      DEBUG main            d.u.i.k.p.r.p.TestFile    ... success: reloaded. 
6370889    INFO  Test worker     d.u.i.k.p.r.RunAllProofsTestUnit Returning from test completionScopes 
6370890    INFO  Test worker     d.u.i.k.p.r.RunAllProofsTestUnit Running test reload_examples 
424        INFO  Timeout watchdog d.u.i.k.p.r.p.ForkedTestFileRunner Timeout watcher launched (2000 secs.) 
440        WARN  main            d.u.i.k.s.ProofSettings   The settings in /home/runner/.key/proof-settings.props are *not* read. 
480        INFO  main            d.u.i.k.p.r.p.TestFile    Now processing file /home/runner/work/key/key/key.core/../key.ui/examples/firstTouch/05-ReverseArray/reverseArray.key 
626        INFO  main            d.u.i.k.p.i.AbstractProblemLoader Loading environment from /home/runner/work/key/key/key.core/../key.ui/examples/firstTouch/05-ReverseArray/reverseArray.key 
645        DEBUG main            d.u.i.k.p.i.AbstractProblemLoader Environment load took 2.24ms 
961        INFO  main            d.u.i.k.p.i.AbstractProblemLoader Creating init config 
2129       DEBUG main            d.u.i.k.j.TypeConverter   No LDT found for Meta 
2130       DEBUG main            d.u.i.k.j.TypeConverter   No LDT found for Meta 
2134       DEBUG main            d.u.i.k.j.TypeConverter   No LDT found for Meta 
2135       DEBUG main            d.u.i.k.j.TypeConverter   No LDT found for Meta 
3791       DEBUG main            d.u.i.k.j.TypeConverter   No LDT found for JavaBigintExpression 
10652      DEBUG main            d.u.i.k.p.i.AbstractProblemLoader Init config took 9.69s 
10800      INFO  main            d.u.i.k.p.i.AbstractProblemLoader Replaying proof ReverseArray[ReverseArray::reverse()].JML normal_behavior operation contract.0 
10871      DEBUG main            d.u.i.k.p.i.IntermediateProofReplayer Proof replay took 49ns 
26187      INFO  main            d.u.i.k.p.r.p.TestFile    ... finished proof: closed. 
26448      INFO  main            d.u.i.k.p.i.AbstractProblemLoader Loading environment from /home/runner/work/key/key/key.core/../key.ui/examples/firstTouch/05-ReverseArray/reverseArray.key.proof 
26449      DEBUG main            d.u.i.k.p.i.AbstractProblemLoader Environment load took 1.03ms 
26458      INFO  main            d.u.i.k.p.i.AbstractProblemLoader Creating init config 
30668      DEBUG main            d.u.i.k.p.i.AbstractProblemLoader Init config took 4.21s 
30742      INFO  main            d.u.i.k.p.i.AbstractProblemLoader Replaying proof ReverseArray[ReverseArray::reverse()].JML normal_behavior operation contract.0 
32517      DEBUG main            d.u.i.k.p.i.IntermediateProofReplayer Proof replay took 1.71s 
32530      DEBUG main            d.u.i.k.p.r.p.TestFile    ... success: reloaded. 
32532      INFO  main            d.u.i.k.p.r.p.TestFile    Now processing file /home/runner/work/key/key/key.core/../key.ui/examples/standard_key/arith/saveProofTest.key.proof 
32532      INFO  main            d.u.i.k.p.i.AbstractProblemLoader Loading environment from /home/runner/work/key/key/key.core/../key.ui/examples/standard_key/arith/saveProofTest.key.proof 
32533      DEBUG main            d.u.i.k.p.i.AbstractProblemLoader Environment load took 270.7ns 
32535      INFO  main            d.u.i.k.p.i.AbstractProblemLoader Creating init config 
36092      DEBUG main            d.u.i.k.p.i.AbstractProblemLoader Init config took 3.56s 
36131      INFO  main            d.u.i.k.p.i.AbstractProblemLoader Replaying proof saveProofTest.key.proof 
36144      DEBUG main            d.u.i.k.p.i.IntermediateProofReplayer Proof replay took 5.3ms 
36145      INFO  main            d.u.i.k.p.r.p.TestFile    ... success: loaded 
36147      INFO  main            d.u.i.k.p.r.p.TestFile    Now processing file /home/runner/work/key/key/key.core/../key.ui/examples/heap/permutedSum/perm.proof 
36148      INFO  main            d.u.i.k.p.i.AbstractProblemLoader Loading environment from /home/runner/work/key/key/key.core/../key.ui/examples/heap/permutedSum/perm.proof 
36148      DEBUG main            d.u.i.k.p.i.AbstractProblemLoader Environment load took 242.9ns 
36152      INFO  main            d.u.i.k.p.i.AbstractProblemLoader Creating init config 
39989      DEBUG main            d.u.i.k.p.i.AbstractProblemLoader Init config took 3.84s 
40081      INFO  main            d.u.i.k.p.i.AbstractProblemLoader Replaying proof Perm[Perm::foo()].JML normal_behavior operation contract.0 
41702      DEBUG main            d.u.i.k.p.i.IntermediateProofReplayer Proof replay took 1.57s 
41705      INFO  main            d.u.i.k.p.r.p.TestFile    ... success: loaded 
41706      INFO  main            d.u.i.k.p.r.p.TestFile    Now processing file /home/runner/work/key/key/key.core/../key.ui/examples/firstTouch/05-ReverseArray/reverseArray.proof 
41707      INFO  main            d.u.i.k.p.i.AbstractProblemLoader Loading environment from /home/runner/work/key/key/key.core/../key.ui/examples/firstTouch/05-ReverseArray/reverseArray.proof 
41707      DEBUG main            d.u.i.k.p.i.AbstractProblemLoader Environment load took 274.7ns 
41710      INFO  main            d.u.i.k.p.i.AbstractProblemLoader Creating init config 
45169      DEBUG main            d.u.i.k.p.i.AbstractProblemLoader Init config took 3.46s 
45218      INFO  main            d.u.i.k.p.i.AbstractProblemLoader Replaying proof ReverseArray[ReverseArray::reverse()].JML normal_behavior operation contract.0 
46735      DEBUG main            d.u.i.k.p.i.IntermediateProofReplayer Proof replay took 1.48s 
46744      INFO  main            d.u.i.k.p.r.p.TestFile    ... success: loaded 
46747      INFO  main            d.u.i.k.p.r.p.TestFile    Now processing file /home/runner/work/key/key/key.core/../key.ui/examples/heap/verifyThis15_1_RelaxedPrefix/relax.proof 
46747      INFO  main            d.u.i.k.p.i.AbstractProblemLoader Loading environment from /home/runner/work/key/key/key.core/../key.ui/examples/heap/verifyThis15_1_RelaxedPrefix/relax.proof 
46747      DEBUG main            d.u.i.k.p.i.AbstractProblemLoader Environment load took 219.2ns 
46750      INFO  main            d.u.i.k.p.i.AbstractProblemLoader Creating init config 
50206      DEBUG main            d.u.i.k.p.i.AbstractProblemLoader Init config took 3.46s 
50262      INFO  main            d.u.i.k.p.i.AbstractProblemLoader Replaying proof Relaxed[Relaxed::isRelaxedPrefix([I,[I)].JML operation contract.0 
50907      DEBUG main            d.u.i.k.p.i.IntermediateProofReplayer Proof replay took 625.46ms 
50909      INFO  main            d.u.i.k.p.r.p.TestFile    ... success: loaded 
50911      INFO  main            d.u.i.k.p.r.p.TestFile    Now processing file /home/runner/work/key/key/key.core/../key.ui/examples/heap/verifyThis15_3_DLL/doUndo.proof 
50911      INFO  main            d.u.i.k.p.i.AbstractProblemLoader Loading environment from /home/runner/work/key/key/key.core/../key.ui/examples/heap/verifyThis15_3_DLL/doUndo.proof 
50912      DEBUG main            d.u.i.k.p.i.AbstractProblemLoader Environment load took 232.3ns 
50914      INFO  main            d.u.i.k.p.i.AbstractProblemLoader Creating init config 
52170      DEBUG main            d.u.i.k.j.r.ClassPreparationMethodBuilder clPrepBuilder: Inner Class detected. Reject building class initialisation methods. 
54585      DEBUG main            d.u.i.k.p.i.AbstractProblemLoader Init config took 3.67s 
54678      INFO  main            d.u.i.k.p.i.AbstractProblemLoader Replaying proof DoubleLinkedList[DoubleLinkedList::doUndo(DoubleLinkedList.Node,int)].JML normal_behavior operation contract.0 
55803      DEBUG main            d.u.i.k.p.i.IntermediateProofReplayer Proof replay took 1.09s 
55805      INFO  main            d.u.i.k.p.r.p.TestFile    ... success: loaded 
55806      INFO  main            d.u.i.k.p.r.p.TestFile    Now processing file /home/runner/work/key/key/key.core/../key.ui/examples/heap/verifyThis15_2_ParallelGcd/parallelGcd.proof 
55807      INFO  main            d.u.i.k.p.i.AbstractProblemLoader Loading environment from /home/runner/work/key/key/key.core/../key.ui/examples/heap/verifyThis15_2_ParallelGcd/parallelGcd.proof 
55807      DEBUG main            d.u.i.k.p.i.AbstractProblemLoader Environment load took 203.8ns 
55809      INFO  main            d.u.i.k.p.i.AbstractProblemLoader Creating init config 
59407      DEBUG main            d.u.i.k.p.i.AbstractProblemLoader Init config took 3.6s 
59476      INFO  main            d.u.i.k.p.i.AbstractProblemLoader Replaying proof ParallelGcd[ParallelGcd::parallelGcd(int,int,[Z)].JML behavior operation contract.0 
60538      DEBUG main            d.u.i.k.p.i.IntermediateProofReplayer Proof replay took 1.04s 
60540      INFO  main            d.u.i.k.p.r.p.TestFile    ... success: loaded 
6431647    INFO  Test worker     d.u.i.k.p.r.RunAllProofsTestUnit Returning from test reload_examples 
6431648    INFO  Test worker     d.u.i.k.p.r.RunAllProofsTestUnit Running test proofLoadRepair 
474        INFO  Timeout watchdog d.u.i.k.p.r.p.ForkedTestFileRunner Timeout watcher launched (2000 secs.) 
502        WARN  main            d.u.i.k.s.ProofSettings   The settings in /home/runner/.key/proof-settings.props are *not* read. 
543        INFO  main            d.u.i.k.p.r.p.TestFile    Now processing file /home/runner/work/key/key/key.core/../key.ui/examples/proofLoadRepair/disjConj-manipulated.proof 
697        INFO  main            d.u.i.k.p.i.AbstractProblemLoader Loading environment from /home/runner/work/key/key/key.core/../key.ui/examples/proofLoadRepair/disjConj-manipulated.proof 
720        DEBUG main            d.u.i.k.p.i.AbstractProblemLoader Environment load took 3.15ms 
1063       INFO  main            d.u.i.k.p.i.AbstractProblemLoader Creating init config 
2330       DEBUG main            d.u.i.k.j.TypeConverter   No LDT found for Meta 
2331       DEBUG main            d.u.i.k.j.TypeConverter   No LDT found for Meta 
2333       DEBUG main            d.u.i.k.j.TypeConverter   No LDT found for Meta 
2333       DEBUG main            d.u.i.k.j.TypeConverter   No LDT found for Meta 
4141       DEBUG main            d.u.i.k.j.TypeConverter   No LDT found for JavaBigintExpression 
10975      DEBUG main            d.u.i.k.p.i.AbstractProblemLoader Init config took 9.91s 
11067      INFO  main            d.u.i.k.p.i.AbstractProblemLoader Replaying proof disjConj-manipulated.proof 
11140      WARN  main            d.u.i.k.p.i.IntermediateProofReplayer Proof contains wrong number of \assumes instatiations for andLeft 
11141      WARN  main            d.u.i.k.p.i.IntermediateProofReplayer Proof contains wrong number of \assumes instatiations for replace_known_right 
11146      WARN  main            d.u.i.k.p.i.IntermediateProofReplayer Proof contains wrong number of \assumes instatiations for close 
11147      DEBUG main            d.u.i.k.p.i.IntermediateProofReplayer Proof replay took 24.79ms 
11153      INFO  main            d.u.i.k.p.r.p.TestFile    ... success: loaded 
11158      INFO  main            d.u.i.k.p.r.p.TestFile    Now processing file /home/runner/work/key/key/key.core/../key.ui/examples/proofLoadRepair/insufficient-manipulated.proof 
11158      INFO  main            d.u.i.k.p.i.AbstractProblemLoader Loading environment from /home/runner/work/key/key/key.core/../key.ui/examples/proofLoadRepair/insufficient-manipulated.proof 
11158      DEBUG main            d.u.i.k.p.i.AbstractProblemLoader Environment load took 182.6ns 
11163      INFO  main            d.u.i.k.p.i.AbstractProblemLoader Creating init config 
14942      DEBUG main            d.u.i.k.p.i.AbstractProblemLoader Init config took 3.78s 
14963      INFO  main            d.u.i.k.p.i.AbstractProblemLoader Replaying proof insufficient-manipulated.proof 
14986      WARN  main            d.u.i.k.p.i.IntermediateProofReplayer Proof contains wrong number of \assumes instatiations for applyEq 
14999      DEBUG main            d.u.i.k.p.i.IntermediateProofReplayer Proof replay took 16.55ms 
15002      INFO  main            d.u.i.k.p.r.p.TestFile    ... success: loading failed 
15003      INFO  main            d.u.i.k.p.r.p.TestFile    Now processing file /home/runner/work/key/key/key.core/../key.ui/examples/../../key.core/src/test/resources/testcase/issues/1716/incorrectPolarity.proof 
15004      INFO  main            d.u.i.k.p.i.AbstractProblemLoader Loading environment from /home/runner/work/key/key/key.core/../key.ui/examples/../../key.core/src/test/resources/testcase/issues/1716/incorrectPolarity.proof 
15004      DEBUG main            d.u.i.k.p.i.AbstractProblemLoader Environment load took 271.8ns 
15006      INFO  main            d.u.i.k.p.i.AbstractProblemLoader Creating init config 
18611      DEBUG main            d.u.i.k.p.i.AbstractProblemLoader Init config took 3.61s 
18653      INFO  main            d.u.i.k.p.i.AbstractProblemLoader Replaying proof incorrectPolarity.proof 
18663      DEBUG main            d.u.i.k.p.i.IntermediateProofReplayer Proof replay took 231.2ns 
18664      INFO  main            d.u.i.k.p.r.p.TestFile    ... success: loading failed 
18666      INFO  main            d.u.i.k.p.r.p.TestFile    Now processing file /home/runner/work/key/key/key.core/../key.ui/examples/../../key.core/src/test/resources/testcase/issues/1716/incorrectPolarity2.proof 
18669      INFO  main            d.u.i.k.p.i.AbstractProblemLoader Loading environment from /home/runner/work/key/key/key.core/../key.ui/examples/../../key.core/src/test/resources/testcase/issues/1716/incorrectPolarity2.proof 
18670      DEBUG main            d.u.i.k.p.i.AbstractProblemLoader Environment load took 242.3ns 
18671      INFO  main            d.u.i.k.p.i.AbstractProblemLoader Creating init config 
22007      DEBUG main            d.u.i.k.p.i.AbstractProblemLoader Init config took 3.34s 
22036      INFO  main            d.u.i.k.p.i.AbstractProblemLoader Replaying proof incorrectPolarity2.proof 
22040      DEBUG main            d.u.i.k.p.i.IntermediateProofReplayer Proof replay took 452.7ns 
22041      INFO  main            d.u.i.k.p.r.p.TestFile    ... success: loading failed 
22042      INFO  main            d.u.i.k.p.r.p.TestFile    Now processing file /home/runner/work/key/key/key.core/../key.ui/examples/../../key.core/src/test/resources/testcase/issues/1716/incorrectPolarity3.proof 
22042      INFO  main            d.u.i.k.p.i.AbstractProblemLoader Loading environment from /home/runner/work/key/key/key.core/../key.ui/examples/../../key.core/src/test/resources/testcase/issues/1716/incorrectPolarity3.proof 
22043      DEBUG main            d.u.i.k.p.i.AbstractProblemLoader Environment load took 231.9ns 
22044      INFO  main            d.u.i.k.p.i.AbstractProblemLoader Creating init config 
25414      DEBUG main            d.u.i.k.p.i.AbstractProblemLoader Init config took 3.37s 
25442      INFO  main            d.u.i.k.p.i.AbstractProblemLoader Replaying proof incorrectPolarity3.proof 
25450      DEBUG main            d.u.i.k.p.i.IntermediateProofReplayer Proof replay took 3.8ms 
25452      INFO  main            d.u.i.k.p.r.p.TestFile    ... success: loading failed 
6457323    INFO  Test worker     d.u.i.k.p.r.RunAllProofsTestUnit Returning from test proofLoadRepair 
6457330    INFO  Test worker     d.u.i.k.p.r.RunAllProofsTestUnit Running test switch 
438        INFO  Timeout watchdog d.u.i.k.p.r.p.ForkedTestFileRunner Timeout watcher launched (2000 secs.) 
463        WARN  main            d.u.i.k.s.ProofSettings   The settings in /home/runner/.key/proof-settings.props are *not* read. 
535        INFO  main            d.u.i.k.p.r.p.TestFile    Now processing file /home/runner/work/key/key/key.core/../key.ui/examples/standard_key/java_dl/switch/labeled_case.key 
695        INFO  main            d.u.i.k.p.i.AbstractProblemLoader Loading environment from /home/runner/work/key/key/key.core/../key.ui/examples/standard_key/java_dl/switch/labeled_case.key 
717        DEBUG main            d.u.i.k.p.i.AbstractProblemLoader Environment load took 2.66ms 
1013       INFO  main            d.u.i.k.p.i.AbstractProblemLoader Creating init config 
2547       DEBUG main            d.u.i.k.j.TypeConverter   No LDT found for Meta 
2548       DEBUG main            d.u.i.k.j.TypeConverter   No LDT found for Meta 
2552       DEBUG main            d.u.i.k.j.TypeConverter   No LDT found for Meta 
2553       DEBUG main            d.u.i.k.j.TypeConverter   No LDT found for Meta 
4679       DEBUG main            d.u.i.k.j.TypeConverter   No LDT found for JavaBigintExpression 
10988      DEBUG main            d.u.i.k.p.i.AbstractProblemLoader Init config took 9.97s 
11150      INFO  main            d.u.i.k.p.i.AbstractProblemLoader Replaying proof LabeledCase[LabeledCase::m(int)].JML normal_behavior operation contract.0 
11194      DEBUG main            d.u.i.k.p.i.IntermediateProofReplayer Proof replay took 36.9ns 
12032      INFO  main            d.u.i.k.p.r.p.TestFile    ... finished proof: closed. 
12175      INFO  main            d.u.i.k.p.i.AbstractProblemLoader Loading environment from /home/runner/work/key/key/key.core/../key.ui/examples/standard_key/java_dl/switch/labeled_case.key.proof 
12178      DEBUG main            d.u.i.k.p.i.AbstractProblemLoader Environment load took 3.38ms 
12182      INFO  main            d.u.i.k.p.i.AbstractProblemLoader Creating init config 
15923      DEBUG main            d.u.i.k.p.i.AbstractProblemLoader Init config took 3.74s 
16013      INFO  main            d.u.i.k.p.i.AbstractProblemLoader Replaying proof LabeledCase[LabeledCase::m(int)].JML normal_behavior operation contract.0 
16119      DEBUG main            d.u.i.k.p.i.IntermediateProofReplayer Proof replay took 99.78ms 
16127      DEBUG main            d.u.i.k.p.r.p.TestFile    ... success: reloaded. 
16129      INFO  main            d.u.i.k.p.r.p.TestFile    Now processing file /home/runner/work/key/key/key.core/../key.ui/examples/standard_key/java_dl/switch/empty_switch.key 
16129      INFO  main            d.u.i.k.p.i.AbstractProblemLoader Loading environment from /home/runner/work/key/key/key.core/../key.ui/examples/standard_key/java_dl/switch/empty_switch.key 
16130      DEBUG main            d.u.i.k.p.i.AbstractProblemLoader Environment load took 234.9ns 
16131      INFO  main            d.u.i.k.p.i.AbstractProblemLoader Creating init config 
19363      DEBUG main            d.u.i.k.p.i.AbstractProblemLoader Init config took 3.23s 
19398      INFO  main            d.u.i.k.p.i.AbstractProblemLoader Replaying proof empty_switch.key 
19409      DEBUG main            d.u.i.k.p.i.IntermediateProofReplayer Proof replay took 125.3ns 
19515      INFO  main            d.u.i.k.p.r.p.TestFile    ... finished proof: closed. 
19666      INFO  main            d.u.i.k.p.i.AbstractProblemLoader Loading environment from /home/runner/work/key/key/key.core/../key.ui/examples/standard_key/java_dl/switch/empty_switch.key.proof 
19666      DEBUG main            d.u.i.k.p.i.AbstractProblemLoader Environment load took 158.4ns 
19668      INFO  main            d.u.i.k.p.i.AbstractProblemLoader Creating init config 
22794      DEBUG main            d.u.i.k.p.i.AbstractProblemLoader Init config took 3.13s 
22824      INFO  main            d.u.i.k.p.i.AbstractProblemLoader Replaying proof empty_switch.key.proof 
22831      DEBUG main            d.u.i.k.p.i.IntermediateProofReplayer Proof replay took 3.45ms 
22832      DEBUG main            d.u.i.k.p.r.p.TestFile    ... success: reloaded. 
22833      INFO  main            d.u.i.k.p.r.p.TestFile    Now processing file /home/runner/work/key/key/key.core/../key.ui/examples/standard_key/java_dl/switch/empty_switch_null.key 
22834      INFO  main            d.u.i.k.p.i.AbstractProblemLoader Loading environment from /home/runner/work/key/key/key.core/../key.ui/examples/standard_key/java_dl/switch/empty_switch_null.key 
22834      DEBUG main            d.u.i.k.p.i.AbstractProblemLoader Environment load took 250.7ns 
22835      INFO  main            d.u.i.k.p.i.AbstractProblemLoader Creating init config 
26007      DEBUG main            d.u.i.k.p.i.AbstractProblemLoader Init config took 3.17s 
26032      INFO  main            d.u.i.k.p.i.AbstractProblemLoader Replaying proof empty_switch_null.key 
26035      DEBUG main            d.u.i.k.p.i.IntermediateProofReplayer Proof replay took 6.6ns 
26239      INFO  main            d.u.i.k.p.r.p.TestFile    ... finished proof: closed. 
26405      INFO  main            d.u.i.k.p.i.AbstractProblemLoader Loading environment from /home/runner/work/key/key/key.core/../key.ui/examples/standard_key/java_dl/switch/empty_switch_null.key.proof 
26405      DEBUG main            d.u.i.k.p.i.AbstractProblemLoader Environment load took 1.83ms 
26407      INFO  main            d.u.i.k.p.i.AbstractProblemLoader Creating init config 
29343      DEBUG main            d.u.i.k.p.i.AbstractProblemLoader Init config took 2.94s 
29369      INFO  main            d.u.i.k.p.i.AbstractProblemLoader Replaying proof empty_switch_null.key.proof 
29410      DEBUG main            d.u.i.k.p.i.IntermediateProofReplayer Proof replay took 38.11ms 
29412      DEBUG main            d.u.i.k.p.r.p.TestFile    ... success: reloaded. 
29413      INFO  main            d.u.i.k.p.r.p.TestFile    Now processing file /home/runner/work/key/key/key.core/../key.ui/examples/standard_key/java_dl/switch/empty_switch_null_catch.key 
29413      INFO  main            d.u.i.k.p.i.AbstractProblemLoader Loading environment from /home/runner/work/key/key/key.core/../key.ui/examples/standard_key/java_dl/switch/empty_switch_null_catch.key 
29413      DEBUG main            d.u.i.k.p.i.AbstractProblemLoader Environment load took 195ns 
29414      INFO  main            d.u.i.k.p.i.AbstractProblemLoader Creating init config 
32390      DEBUG main            d.u.i.k.p.i.AbstractProblemLoader Init config took 2.98s 
32415      INFO  main            d.u.i.k.p.i.AbstractProblemLoader Replaying proof empty_switch_null_catch.key 
32417      DEBUG main            d.u.i.k.p.i.IntermediateProofReplayer Proof replay took 6.6ns 
32621      INFO  main            d.u.i.k.p.r.p.TestFile    ... finished proof: closed. 
32834      INFO  main            d.u.i.k.p.i.AbstractProblemLoader Loading environment from /home/runner/work/key/key/key.core/../key.ui/examples/standard_key/java_dl/switch/empty_switch_null_catch.key.proof 
32834      DEBUG main            d.u.i.k.p.i.AbstractProblemLoader Environment load took 485.7ns 
32836      INFO  main            d.u.i.k.p.i.AbstractProblemLoader Creating init config 
35781      DEBUG main            d.u.i.k.p.i.AbstractProblemLoader Init config took 2.95s 
35807      INFO  main            d.u.i.k.p.i.AbstractProblemLoader Replaying proof empty_switch_null_catch.key.proof 
35867      DEBUG main            d.u.i.k.p.i.IntermediateProofReplayer Proof replay took 56.39ms 
35868      DEBUG main            d.u.i.k.p.r.p.TestFile    ... success: reloaded. 
35869      INFO  main            d.u.i.k.p.r.p.TestFile    Now processing file /home/runner/work/key/key/key.core/../key.ui/examples/standard_key/java_dl/switch/empty_switch_array_out_of_bounds.key 
35869      INFO  main            d.u.i.k.p.i.AbstractProblemLoader Loading environment from /home/runner/work/key/key/key.core/../key.ui/examples/standard_key/java_dl/switch/empty_switch_array_out_of_bounds.key 
35870      DEBUG main            d.u.i.k.p.i.AbstractProblemLoader Environment load took 204ns 
35871      INFO  main            d.u.i.k.p.i.AbstractProblemLoader Creating init config 
38893      DEBUG main            d.u.i.k.p.i.AbstractProblemLoader Init config took 3.02s 
38917      INFO  main            d.u.i.k.p.i.AbstractProblemLoader Replaying proof empty_switch_array_out_of_bounds.key 
38921      DEBUG main            d.u.i.k.p.i.IntermediateProofReplayer Proof replay took 22.7ns 
39227      INFO  main            d.u.i.k.p.r.p.TestFile    ... finished proof: closed. 
39449      INFO  main            d.u.i.k.p.i.AbstractProblemLoader Loading environment from /home/runner/work/key/key/key.core/../key.ui/examples/standard_key/java_dl/switch/empty_switch_array_out_of_bounds.key.proof 
39449      DEBUG main            d.u.i.k.p.i.AbstractProblemLoader Environment load took 529.6ns 
39451      INFO  main            d.u.i.k.p.i.AbstractProblemLoader Creating init config 
42361      DEBUG main            d.u.i.k.p.i.AbstractProblemLoader Init config took 2.91s 
42385      INFO  main            d.u.i.k.p.i.AbstractProblemLoader Replaying proof empty_switch_array_out_of_bounds.key.proof 
42466      DEBUG main            d.u.i.k.p.i.IntermediateProofReplayer Proof replay took 77.91ms 
42467      DEBUG main            d.u.i.k.p.r.p.TestFile    ... success: reloaded. 
42469      INFO  main            d.u.i.k.p.r.p.TestFile    Now processing file /home/runner/work/key/key/key.core/../key.ui/examples/standard_key/java_dl/switch/empty_switch_array_out_of_bounds_catch.key 
42469      INFO  main            d.u.i.k.p.i.AbstractProblemLoader Loading environment from /home/runner/work/key/key/key.core/../key.ui/examples/standard_key/java_dl/switch/empty_switch_array_out_of_bounds_catch.key 
42470      DEBUG main            d.u.i.k.p.i.AbstractProblemLoader Environment load took 619.7ns 
42471      INFO  main            d.u.i.k.p.i.AbstractProblemLoader Creating init config 
45439      DEBUG main            d.u.i.k.p.i.AbstractProblemLoader Init config took 2.97s 
45464      INFO  main            d.u.i.k.p.i.AbstractProblemLoader Replaying proof empty_switch_array_out_of_bounds_catch.key 
45469      DEBUG main            d.u.i.k.p.i.IntermediateProofReplayer Proof replay took 7.7ns 
45672      INFO  main            d.u.i.k.p.r.p.TestFile    ... finished proof: closed. 
45871      INFO  main            d.u.i.k.p.i.AbstractProblemLoader Loading environment from /home/runner/work/key/key/key.core/../key.ui/examples/standard_key/java_dl/switch/empty_switch_array_out_of_bounds_catch.key.proof 
45874      DEBUG main            d.u.i.k.p.i.AbstractProblemLoader Environment load took 2.92ms 
45876      INFO  main            d.u.i.k.p.i.AbstractProblemLoader Creating init config 
48750      DEBUG main            d.u.i.k.p.i.AbstractProblemLoader Init config took 2.87s 
48773      INFO  main            d.u.i.k.p.i.AbstractProblemLoader Replaying proof empty_switch_array_out_of_bounds_catch.key.proof 
48821      DEBUG main            d.u.i.k.p.i.IntermediateProofReplayer Proof replay took 44.95ms 
48823      DEBUG main            d.u.i.k.p.r.p.TestFile    ... success: reloaded. 
48824      INFO  main            d.u.i.k.p.r.p.TestFile    Now processing file /home/runner/work/key/key/key.core/../key.ui/examples/standard_key/java_dl/switch/switch_in_switch.key 
48825      INFO  main            d.u.i.k.p.i.AbstractProblemLoader Loading environment from /home/runner/work/key/key/key.core/../key.ui/examples/standard_key/java_dl/switch/switch_in_switch.key 
48825      DEBUG main            d.u.i.k.p.i.AbstractProblemLoader Environment load took 283.2ns 
48826      INFO  main            d.u.i.k.p.i.AbstractProblemLoader Creating init config 
51993      DEBUG main            d.u.i.k.p.i.AbstractProblemLoader Init config took 3.17s 
52055      INFO  main            d.u.i.k.p.i.AbstractProblemLoader Replaying proof SwitchInSwitch[SwitchInSwitch::m(int)].JML normal_behavior operation contract.0 
52056      DEBUG main            d.u.i.k.p.i.IntermediateProofReplayer Proof replay took 7.4ns 
57670      INFO  main            d.u.i.k.p.r.p.TestFile    ... finished proof: closed. 
58017      INFO  main            d.u.i.k.p.i.AbstractProblemLoader Loading environment from /home/runner/work/key/key/key.core/../key.ui/examples/standard_key/java_dl/switch/switch_in_switch.key.proof 
58027      DEBUG main            d.u.i.k.p.i.AbstractProblemLoader Environment load took 9.88ms 
58030      INFO  main            d.u.i.k.p.i.AbstractProblemLoader Creating init config 
60995      DEBUG main            d.u.i.k.p.i.AbstractProblemLoader Init config took 2.97s 
61048      INFO  main            d.u.i.k.p.i.AbstractProblemLoader Replaying proof SwitchInSwitch[SwitchInSwitch::m(int)].JML normal_behavior operation contract.0 
61767      DEBUG main            d.u.i.k.p.i.IntermediateProofReplayer Proof replay took 688.37ms 
61769      DEBUG main            d.u.i.k.p.r.p.TestFile    ... success: reloaded. 
61770      INFO  main            d.u.i.k.p.r.p.TestFile    Now processing file /home/runner/work/key/key/key.core/../key.ui/examples/standard_key/java_dl/switch/while_and_switch.key 
61771      INFO  main            d.u.i.k.p.i.AbstractProblemLoader Loading environment from /home/runner/work/key/key/key.core/../key.ui/examples/standard_key/java_dl/switch/while_and_switch.key 
61771      DEBUG main            d.u.i.k.p.i.AbstractProblemLoader Environment load took 424.1ns 
61773      INFO  main            d.u.i.k.p.i.AbstractProblemLoader Creating init config 
64927      DEBUG main            d.u.i.k.p.i.AbstractProblemLoader Init config took 3.15s 
64987      INFO  main            d.u.i.k.p.i.AbstractProblemLoader Replaying proof WhileAndSwitch[WhileAndSwitch::m(int)].JML normal_behavior operation contract.0 
64990      DEBUG main            d.u.i.k.p.i.IntermediateProofReplayer Proof replay took 7.3ns 
65997      INFO  main            d.u.i.k.p.r.p.TestFile    ... finished proof: closed. 
66334      INFO  main            d.u.i.k.p.i.AbstractProblemLoader Loading environment from /home/runner/work/key/key/key.core/../key.ui/examples/standard_key/java_dl/switch/while_and_switch.key.proof 
66336      DEBUG main            d.u.i.k.p.i.AbstractProblemLoader Environment load took 1.85ms 
66337      INFO  main            d.u.i.k.p.i.AbstractProblemLoader Creating init config 
69387      DEBUG main            d.u.i.k.p.i.AbstractProblemLoader Init config took 3.05s 
69435      INFO  main            d.u.i.k.p.i.AbstractProblemLoader Replaying proof WhileAndSwitch[WhileAndSwitch::m(int)].JML normal_behavior operation contract.0 
69627      DEBUG main            d.u.i.k.p.i.IntermediateProofReplayer Proof replay took 184.75ms 
69629      DEBUG main            d.u.i.k.p.r.p.TestFile    ... success: reloaded. 
69630      INFO  main            d.u.i.k.p.r.p.TestFile    Now processing file /home/runner/work/key/key/key.core/../key.ui/examples/standard_key/java_dl/switch/large_switch.key 
69631      INFO  main            d.u.i.k.p.i.AbstractProblemLoader Loading environment from /home/runner/work/key/key/key.core/../key.ui/examples/standard_key/java_dl/switch/large_switch.key 
69631      DEBUG main            d.u.i.k.p.i.AbstractProblemLoader Environment load took 192.8ns 
69632      INFO  main            d.u.i.k.p.i.AbstractProblemLoader Creating init config 
72647      DEBUG main            d.u.i.k.p.i.AbstractProblemLoader Init config took 3.01s 
72698      INFO  main            d.u.i.k.p.i.AbstractProblemLoader Replaying proof LargeSwitch[LargeSwitch::m(int)].JML normal_behavior operation contract.0 
72700      DEBUG main            d.u.i.k.p.i.IntermediateProofReplayer Proof replay took 6.3ns 
74416      INFO  main            d.u.i.k.p.r.p.TestFile    ... finished proof: closed. 
74709      INFO  main            d.u.i.k.p.i.AbstractProblemLoader Loading environment from /home/runner/work/key/key/key.core/../key.ui/examples/standard_key/java_dl/switch/large_switch.key.proof 
74710      DEBUG main            d.u.i.k.p.i.AbstractProblemLoader Environment load took 424.1ns 
74712      INFO  main            d.u.i.k.p.i.AbstractProblemLoader Creating init config 
77639      DEBUG main            d.u.i.k.p.i.AbstractProblemLoader Init config took 2.93s 
77685      INFO  main            d.u.i.k.p.i.AbstractProblemLoader Replaying proof LargeSwitch[LargeSwitch::m(int)].JML normal_behavior operation contract.0 
78124      DEBUG main            d.u.i.k.p.i.IntermediateProofReplayer Proof replay took 422.14ms 
78126      DEBUG main            d.u.i.k.p.r.p.TestFile    ... success: reloaded. 
6535686    INFO  Test worker     d.u.i.k.p.r.RunAllProofsTestUnit Returning from test switch 
6535687    INFO  Test worker     d.u.i.k.p.r.RunAllProofsTestUnit Running test redux 
418        INFO  Timeout watchdog d.u.i.k.p.r.p.ForkedTestFileRunner Timeout watcher launched (2000 secs.) 
428        WARN  main            d.u.i.k.s.ProofSettings   The settings in /home/runner/.key/proof-settings.props are *not* read. 
488        INFO  main            d.u.i.k.p.r.p.TestFile    Now processing file /home/runner/work/key/key/key.core/../key.ui/examples/redux/arrays/Arrays.copyOf.key 
634        INFO  main            d.u.i.k.p.i.AbstractProblemLoader Loading environment from /home/runner/work/key/key/key.core/../key.ui/examples/redux/arrays/Arrays.copyOf.key 
654        DEBUG main            d.u.i.k.p.i.AbstractProblemLoader Environment load took 2.31ms 
941        INFO  main            d.u.i.k.p.i.AbstractProblemLoader Creating init config 
2076       DEBUG main            d.u.i.k.j.TypeConverter   No LDT found for Meta 
2077       DEBUG main            d.u.i.k.j.TypeConverter   No LDT found for Meta 
2079       DEBUG main            d.u.i.k.j.TypeConverter   No LDT found for Meta 
2079       DEBUG main            d.u.i.k.j.TypeConverter   No LDT found for Meta 
3578       DEBUG main            d.u.i.k.j.TypeConverter   No LDT found for JavaBigintExpression 
10360      DEBUG main            d.u.i.k.p.i.AbstractProblemLoader Init config took 9.42s 
10565      INFO  main            d.u.i.k.p.i.AbstractProblemLoader Replaying proof Arrays[Arrays::copyOf([I,int)].JML normal_behavior operation contract.0 
10616      DEBUG main            d.u.i.k.p.i.IntermediateProofReplayer Proof replay took 40.2ns 
16756      INFO  main            d.u.i.k.p.r.p.TestFile    ... finished proof: closed. 
16997      INFO  main            d.u.i.k.p.i.AbstractProblemLoader Loading environment from /home/runner/work/key/key/key.core/../key.ui/examples/redux/arrays/Arrays.copyOf.key.proof 
17008      DEBUG main            d.u.i.k.p.i.AbstractProblemLoader Environment load took 10.24ms 
17023      INFO  main            d.u.i.k.p.i.AbstractProblemLoader Creating init config 
21348      DEBUG main            d.u.i.k.p.i.AbstractProblemLoader Init config took 4.32s 
21419      INFO  main            d.u.i.k.p.i.AbstractProblemLoader Replaying proof Arrays[Arrays::copyOf([I,int)].JML normal_behavior operation contract.0 
22121      DEBUG main            d.u.i.k.p.i.IntermediateProofReplayer Proof replay took 675.45ms 
22133      DEBUG main            d.u.i.k.p.r.p.TestFile    ... success: reloaded. 
22134      INFO  main            d.u.i.k.p.r.p.TestFile    Now processing file /home/runner/work/key/key/key.core/../key.ui/examples/redux/arrays/Arrays.copyOf.float.key 
22134      INFO  main            d.u.i.k.p.i.AbstractProblemLoader Loading environment from /home/runner/work/key/key/key.core/../key.ui/examples/redux/arrays/Arrays.copyOf.float.key 
22135      DEBUG main            d.u.i.k.p.i.AbstractProblemLoader Environment load took 227.5ns 
22136      INFO  main            d.u.i.k.p.i.AbstractProblemLoader Creating init config 
26183      DEBUG main            d.u.i.k.p.i.AbstractProblemLoader Init config took 4.05s 
26270      INFO  main            d.u.i.k.p.i.AbstractProblemLoader Replaying proof Arrays[Arrays::copyOf([F,int)].JML normal_behavior operation contract.0 
26276      DEBUG main            d.u.i.k.p.i.IntermediateProofReplayer Proof replay took 32.9ns 
26317      DEBUG main            d.u.i.k.m.s.ProofScriptEngine 1: 'macro autopilot' 
31727      DEBUG main            d.u.i.k.m.s.ProofScriptEngine 2: 'smt solver=Z3' 
31826      INFO  main            d.u.i.k.m.s.SMTCommand    Finished run on goal 17 in 60ms, result is valid 
31827      DEBUG main            d.u.i.k.m.s.ProofScriptEngine 3: 'tryclose' 
33853      INFO  main            d.u.i.k.p.r.p.TestFile    ... finished proof: closed. 
34180      INFO  main            d.u.i.k.p.i.AbstractProblemLoader Loading environment from /home/runner/work/key/key/key.core/../key.ui/examples/redux/arrays/Arrays.copyOf.float.key.proof 
34182      DEBUG main            d.u.i.k.p.i.AbstractProblemLoader Environment load took 1.87ms 
34190      INFO  main            d.u.i.k.p.i.AbstractProblemLoader Creating init config 
37938      DEBUG main            d.u.i.k.p.i.AbstractProblemLoader Init config took 3.75s 
38019      INFO  main            d.u.i.k.p.i.AbstractProblemLoader Replaying proof Arrays[Arrays::copyOf([F,int)].JML normal_behavior operation contract.0 
38969      DEBUG main            d.u.i.k.p.i.IntermediateProofReplayer Proof replay took 927.08ms 
38973      DEBUG main            d.u.i.k.p.r.p.TestFile    ... success: reloaded. 
38976      INFO  main            d.u.i.k.p.r.p.TestFile    Now processing file /home/runner/work/key/key/key.core/../key.ui/examples/redux/arrays/Arrays.copyOfRange.key 
38976      INFO  main            d.u.i.k.p.i.AbstractProblemLoader Loading environment from /home/runner/work/key/key/key.core/../key.ui/examples/redux/arrays/Arrays.copyOfRange.key 
38977      DEBUG main            d.u.i.k.p.i.AbstractProblemLoader Environment load took 201.6ns 
38979      INFO  main            d.u.i.k.p.i.AbstractProblemLoader Creating init config 
42954      DEBUG main            d.u.i.k.p.i.AbstractProblemLoader Init config took 3.97s 
43008      INFO  main            d.u.i.k.p.i.AbstractProblemLoader Replaying proof Arrays[Arrays::copyOfRange([I,int,int)].JML normal_behavior operation contract.0 
43010      DEBUG main            d.u.i.k.p.i.IntermediateProofReplayer Proof replay took 5.8ns 
48621      INFO  main            d.u.i.k.p.r.p.TestFile    ... finished proof: closed. 
48938      INFO  main            d.u.i.k.p.i.AbstractProblemLoader Loading environment from /home/runner/work/key/key/key.core/../key.ui/examples/redux/arrays/Arrays.copyOfRange.key.proof 
48938      DEBUG main            d.u.i.k.p.i.AbstractProblemLoader Environment load took 276.1ns 
48940      INFO  main            d.u.i.k.p.i.AbstractProblemLoader Creating init config 
52785      DEBUG main            d.u.i.k.p.i.AbstractProblemLoader Init config took 3.84s 
52854      INFO  main            d.u.i.k.p.i.AbstractProblemLoader Replaying proof Arrays[Arrays::copyOfRange([I,int,int)].JML normal_behavior operation contract.0 
53597      DEBUG main            d.u.i.k.p.i.IntermediateProofReplayer Proof replay took 717.45ms 
53599      DEBUG main            d.u.i.k.p.r.p.TestFile    ... success: reloaded. 
53600      INFO  main            d.u.i.k.p.r.p.TestFile    Now processing file /home/runner/work/key/key/key.core/../key.ui/examples/redux/arrays/Arrays.copyOfRange.float.key 
53600      INFO  main            d.u.i.k.p.i.AbstractProblemLoader Loading environment from /home/runner/work/key/key/key.core/../key.ui/examples/redux/arrays/Arrays.copyOfRange.float.key 
53600      DEBUG main            d.u.i.k.p.i.AbstractProblemLoader Environment load took 244.19ns 
53602      INFO  main            d.u.i.k.p.i.AbstractProblemLoader Creating init config 
57353      DEBUG main            d.u.i.k.p.i.AbstractProblemLoader Init config took 3.75s 
57406      INFO  main            d.u.i.k.p.i.AbstractProblemLoader Replaying proof Arrays[Arrays::copyOfRange([F,int,int)].JML normal_behavior operation contract.0 
57408      DEBUG main            d.u.i.k.p.i.IntermediateProofReplayer Proof replay took 6.5ns 
57409      DEBUG main            d.u.i.k.m.s.ProofScriptEngine 1: 'macro autopilot' 
64873      DEBUG main            d.u.i.k.m.s.ProofScriptEngine 2: 'smt solver=Z3' 
64920      INFO  main            d.u.i.k.m.s.SMTCommand    Finished run on goal 27 in 39ms, result is valid 
64920      DEBUG main            d.u.i.k.m.s.ProofScriptEngine 3: 'tryclose' 
69375      INFO  main            d.u.i.k.p.r.p.TestFile    ... finished proof: closed. 
69617      INFO  main            d.u.i.k.p.i.AbstractProblemLoader Loading environment from /home/runner/work/key/key/key.core/../key.ui/examples/redux/arrays/Arrays.copyOfRange.float.key.proof 
69618      DEBUG main            d.u.i.k.p.i.AbstractProblemLoader Environment load took 453.4ns 
69621      INFO  main            d.u.i.k.p.i.AbstractProblemLoader Creating init config 
73385      DEBUG main            d.u.i.k.p.i.AbstractProblemLoader Init config took 3.76s 
73438      INFO  main            d.u.i.k.p.i.AbstractProblemLoader Replaying proof Arrays[Arrays::copyOfRange([F,int,int)].JML normal_behavior operation contract.0 
74762      DEBUG main            d.u.i.k.p.i.IntermediateProofReplayer Proof replay took 1.3s 
74765      DEBUG main            d.u.i.k.p.r.p.TestFile    ... success: reloaded. 
74766      INFO  main            d.u.i.k.p.r.p.TestFile    Now processing file /home/runner/work/key/key/key.core/../key.ui/examples/redux/arrays/Arrays.equals.key 
74767      INFO  main            d.u.i.k.p.i.AbstractProblemLoader Loading environment from /home/runner/work/key/key/key.core/../key.ui/examples/redux/arrays/Arrays.equals.key 
74767      DEBUG main            d.u.i.k.p.i.AbstractProblemLoader Environment load took 227.5ns 
74768      INFO  main            d.u.i.k.p.i.AbstractProblemLoader Creating init config 
78690      DEBUG main            d.u.i.k.p.i.AbstractProblemLoader Init config took 3.92s 
78746      INFO  main            d.u.i.k.p.i.AbstractProblemLoader Replaying proof Arrays[Arrays::equals([B,[B)].JML normal_behavior operation contract.0 
78747      DEBUG main            d.u.i.k.p.i.IntermediateProofReplayer Proof replay took 6.7ns 
79452      INFO  main            d.u.i.k.p.r.p.TestFile    ... finished proof: closed. 
79776      INFO  main            d.u.i.k.p.i.AbstractProblemLoader Loading environment from /home/runner/work/key/key/key.core/../key.ui/examples/redux/arrays/Arrays.equals.key.proof 
79777      DEBUG main            d.u.i.k.p.i.AbstractProblemLoader Environment load took 478.9ns 
79779      INFO  main            d.u.i.k.p.i.AbstractProblemLoader Creating init config 
83682      DEBUG main            d.u.i.k.p.i.AbstractProblemLoader Init config took 3.9s 
83736      INFO  main            d.u.i.k.p.i.AbstractProblemLoader Replaying proof Arrays[Arrays::equals([B,[B)].JML normal_behavior operation contract.0 
83955      DEBUG main            d.u.i.k.p.i.IntermediateProofReplayer Proof replay took 213.38ms 
83957      DEBUG main            d.u.i.k.p.r.p.TestFile    ... success: reloaded. 
83958      INFO  main            d.u.i.k.p.r.p.TestFile    Now processing file /home/runner/work/key/key/key.core/../key.ui/examples/redux/arrays/Arrays.fill.key 
83958      INFO  main            d.u.i.k.p.i.AbstractProblemLoader Loading environment from /home/runner/work/key/key/key.core/../key.ui/examples/redux/arrays/Arrays.fill.key 
83959      DEBUG main            d.u.i.k.p.i.AbstractProblemLoader Environment load took 125.1ns 
83959      INFO  main            d.u.i.k.p.i.AbstractProblemLoader Creating init config 
87892      DEBUG main            d.u.i.k.p.i.AbstractProblemLoader Init config took 3.93s 
87954      INFO  main            d.u.i.k.p.i.AbstractProblemLoader Replaying proof Arrays[Arrays::fill([I,int)].JML normal_behavior operation contract.0 
87956      DEBUG main            d.u.i.k.p.i.IntermediateProofReplayer Proof replay took 7.7ns 
88159      INFO  main            d.u.i.k.p.r.p.TestFile    ... finished proof: closed. 
88363      INFO  main            d.u.i.k.p.i.AbstractProblemLoader Loading environment from /home/runner/work/key/key/key.core/../key.ui/examples/redux/arrays/Arrays.fill.key.proof 
88363      DEBUG main            d.u.i.k.p.i.AbstractProblemLoader Environment load took 172ns 
88365      INFO  main            d.u.i.k.p.i.AbstractProblemLoader Creating init config 
91920      DEBUG main            d.u.i.k.p.i.AbstractProblemLoader Init config took 3.56s 
91974      INFO  main            d.u.i.k.p.i.AbstractProblemLoader Replaying proof Arrays[Arrays::fill([I,int)].JML normal_behavior operation contract.0 
92021      DEBUG main            d.u.i.k.p.i.IntermediateProofReplayer Proof replay took 43.21ms 
92022      DEBUG main            d.u.i.k.p.r.p.TestFile    ... success: reloaded. 
92024      INFO  main            d.u.i.k.p.r.p.TestFile    Now processing file /home/runner/work/key/key/key.core/../key.ui/examples/redux/arrays/Arrays.fill.float.key 
92024      INFO  main            d.u.i.k.p.i.AbstractProblemLoader Loading environment from /home/runner/work/key/key/key.core/../key.ui/examples/redux/arrays/Arrays.fill.float.key 
92024      DEBUG main            d.u.i.k.p.i.AbstractProblemLoader Environment load took 138.7ns 
92026      INFO  main            d.u.i.k.p.i.AbstractProblemLoader Creating init config 
95683      DEBUG main            d.u.i.k.p.i.AbstractProblemLoader Init config took 3.66s 
95731      INFO  main            d.u.i.k.p.i.AbstractProblemLoader Replaying proof Arrays[Arrays::fill([F,float)].JML normal_behavior operation contract.0 
95732      DEBUG main            d.u.i.k.p.i.IntermediateProofReplayer Proof replay took 6.2ns 
96035      INFO  main            d.u.i.k.p.r.p.TestFile    ... finished proof: closed. 
96271      INFO  main            d.u.i.k.p.i.AbstractProblemLoader Loading environment from /home/runner/work/key/key/key.core/../key.ui/examples/redux/arrays/Arrays.fill.float.key.proof 
96272      DEBUG main            d.u.i.k.p.i.AbstractProblemLoader Environment load took 260.9ns 
96273      INFO  main            d.u.i.k.p.i.AbstractProblemLoader Creating init config 
99980      DEBUG main            d.u.i.k.p.i.AbstractProblemLoader Init config took 3.71s 
100034     INFO  main            d.u.i.k.p.i.AbstractProblemLoader Replaying proof Arrays[Arrays::fill([F,float)].JML normal_behavior operation contract.0 
100097     DEBUG main            d.u.i.k.p.i.IntermediateProofReplayer Proof replay took 60.24ms 
100098     DEBUG main            d.u.i.k.p.r.p.TestFile    ... success: reloaded. 
100099     INFO  main            d.u.i.k.p.r.p.TestFile    Now processing file /home/runner/work/key/key/key.core/../key.ui/examples/redux/arrays/Arrays.fillFromTo.key 
100099     INFO  main            d.u.i.k.p.i.AbstractProblemLoader Loading environment from /home/runner/work/key/key/key.core/../key.ui/examples/redux/arrays/Arrays.fillFromTo.key 
100100     DEBUG main            d.u.i.k.p.i.AbstractProblemLoader Environment load took 114.3ns 
100101     INFO  main            d.u.i.k.p.i.AbstractProblemLoader Creating init config 
103743     DEBUG main            d.u.i.k.p.i.AbstractProblemLoader Init config took 3.64s 
103788     INFO  main            d.u.i.k.p.i.AbstractProblemLoader Replaying proof Arrays[Arrays::fill([I,int,int,int)].JML normal_behavior operation contract.0 
103790     DEBUG main            d.u.i.k.p.i.IntermediateProofReplayer Proof replay took 6.3ns 
104497     INFO  main            d.u.i.k.p.r.p.TestFile    ... finished proof: closed. 
104770     INFO  main            d.u.i.k.p.i.AbstractProblemLoader Loading environment from /home/runner/work/key/key/key.core/../key.ui/examples/redux/arrays/Arrays.fillFromTo.key.proof 
104770     DEBUG main            d.u.i.k.p.i.AbstractProblemLoader Environment load took 167.3ns 
104772     INFO  main            d.u.i.k.p.i.AbstractProblemLoader Creating init config 
108329     DEBUG main            d.u.i.k.p.i.AbstractProblemLoader Init config took 3.56s 
108373     INFO  main            d.u.i.k.p.i.AbstractProblemLoader Replaying proof Arrays[Arrays::fill([I,int,int,int)].JML normal_behavior operation contract.0 
108550     DEBUG main            d.u.i.k.p.i.IntermediateProofReplayer Proof replay took 172.94ms 
108551     DEBUG main            d.u.i.k.p.r.p.TestFile    ... success: reloaded. 
108552     INFO  main            d.u.i.k.p.r.p.TestFile    Now processing file /home/runner/work/key/key/key.core/../key.ui/examples/redux/arrays/Arrays.fillFromTo.float.key 
108552     INFO  main            d.u.i.k.p.i.AbstractProblemLoader Loading environment from /home/runner/work/key/key/key.core/../key.ui/examples/redux/arrays/Arrays.fillFromTo.float.key 
108552     DEBUG main            d.u.i.k.p.i.AbstractProblemLoader Environment load took 71.6ns 
108553     INFO  main            d.u.i.k.p.i.AbstractProblemLoader Creating init config 
112171     DEBUG main            d.u.i.k.p.i.AbstractProblemLoader Init config took 3.62s 
112216     INFO  main            d.u.i.k.p.i.AbstractProblemLoader Replaying proof Arrays[Arrays::fill([F,int,int,float)].JML normal_behavior operation contract.0 
112217     DEBUG main            d.u.i.k.p.i.IntermediateProofReplayer Proof replay took 6.6ns 
113021     INFO  main            d.u.i.k.p.r.p.TestFile    ... finished proof: closed. 
113276     INFO  main            d.u.i.k.p.i.AbstractProblemLoader Loading environment from /home/runner/work/key/key/key.core/../key.ui/examples/redux/arrays/Arrays.fillFromTo.float.key.proof 
113277     DEBUG main            d.u.i.k.p.i.AbstractProblemLoader Environment load took 135.1ns 
113278     INFO  main            d.u.i.k.p.i.AbstractProblemLoader Creating init config 
116836     DEBUG main            d.u.i.k.p.i.AbstractProblemLoader Init config took 3.56s 
116877     INFO  main            d.u.i.k.p.i.AbstractProblemLoader Replaying proof Arrays[Arrays::fill([F,int,int,float)].JML normal_behavior operation contract.0 
117096     DEBUG main            d.u.i.k.p.i.IntermediateProofReplayer Proof replay took 205.05ms 
117098     DEBUG main            d.u.i.k.p.r.p.TestFile    ... success: reloaded. 
117099     INFO  main            d.u.i.k.p.r.p.TestFile    Now processing file /home/runner/work/key/key/key.core/../key.ui/examples/redux/arrays/ArrayCopy.arraycopy.normal.0.key 
117099     INFO  main            d.u.i.k.p.i.AbstractProblemLoader Loading environment from /home/runner/work/key/key/key.core/../key.ui/examples/redux/arrays/ArrayCopy.arraycopy.normal.0.key 
117099     DEBUG main            d.u.i.k.p.i.AbstractProblemLoader Environment load took 120.6ns 
117100     INFO  main            d.u.i.k.p.i.AbstractProblemLoader Creating init config 
120853     DEBUG main            d.u.i.k.p.i.AbstractProblemLoader Init config took 3.75s 
120897     INFO  main            d.u.i.k.p.i.AbstractProblemLoader Replaying proof ArrayCopy[ArrayCopy::arraycopy(java.lang.Object,int,java.lang.Object,int,int)].JML normal_behavior operation contract.0 
120899     DEBUG main            d.u.i.k.p.i.IntermediateProofReplayer Proof replay took 6.9ns 
129235     INFO  main            d.u.i.k.p.r.p.TestFile    ... finished proof: closed. 
129549     INFO  main            d.u.i.k.p.i.AbstractProblemLoader Loading environment from /home/runner/work/key/key/key.core/../key.ui/examples/redux/arrays/ArrayCopy.arraycopy.normal.0.key.proof 
129549     DEBUG main            d.u.i.k.p.i.AbstractProblemLoader Environment load took 247.2ns 
129552     INFO  main            d.u.i.k.p.i.AbstractProblemLoader Creating init config 
133277     DEBUG main            d.u.i.k.p.i.AbstractProblemLoader Init config took 3.73s 
133324     INFO  main            d.u.i.k.p.i.AbstractProblemLoader Replaying proof ArrayCopy[ArrayCopy::arraycopy(java.lang.Object,int,java.lang.Object,int,int)].JML normal_behavior operation contract.0 
134614     DEBUG main            d.u.i.k.p.i.IntermediateProofReplayer Proof replay took 1.27s 
134616     DEBUG main            d.u.i.k.p.r.p.TestFile    ... success: reloaded. 
134617     INFO  main            d.u.i.k.p.r.p.TestFile    Now processing file /home/runner/work/key/key/key.core/../key.ui/examples/redux/arrays/ArrayCopy.arraycopy.exceptional.0.key 
134617     INFO  main            d.u.i.k.p.i.AbstractProblemLoader Loading environment from /home/runner/work/key/key/key.core/../key.ui/examples/redux/arrays/ArrayCopy.arraycopy.exceptional.0.key 
134617     DEBUG main            d.u.i.k.p.i.AbstractProblemLoader Environment load took 146.7ns 
134618     INFO  main            d.u.i.k.p.i.AbstractProblemLoader Creating init config 
138647     DEBUG main            d.u.i.k.p.i.AbstractProblemLoader Init config took 4.03s 
138696     INFO  main            d.u.i.k.p.i.AbstractProblemLoader Replaying proof ArrayCopy[ArrayCopy::arraycopy(java.lang.Object,int,java.lang.Object,int,int)].JML exceptional_behavior operation contract.0 
138697     DEBUG main            d.u.i.k.p.i.IntermediateProofReplayer Proof replay took 9ns 
139205     INFO  main            d.u.i.k.p.r.p.TestFile    ... finished proof: closed. 
139559     INFO  main            d.u.i.k.p.i.AbstractProblemLoader Loading environment from /home/runner/work/key/key/key.core/../key.ui/examples/redux/arrays/ArrayCopy.arraycopy.exceptional.0.key.proof 
139559     DEBUG main            d.u.i.k.p.i.AbstractProblemLoader Environment load took 681.2ns 
139561     INFO  main            d.u.i.k.p.i.AbstractProblemLoader Creating init config 
143575     DEBUG main            d.u.i.k.p.i.AbstractProblemLoader Init config took 4.01s 
143618     INFO  main            d.u.i.k.p.i.AbstractProblemLoader Replaying proof ArrayCopy[ArrayCopy::arraycopy(java.lang.Object,int,java.lang.Object,int,int)].JML exceptional_behavior operation contract.0 
143777     DEBUG main            d.u.i.k.p.i.IntermediateProofReplayer Proof replay took 155.38ms 
143779     DEBUG main            d.u.i.k.p.r.p.TestFile    ... success: reloaded. 
143780     INFO  main            d.u.i.k.p.r.p.TestFile    Now processing file /home/runner/work/key/key/key.core/../key.ui/examples/redux/arrays/ArrayCopy.arraycopy.exceptional.1.key 
143781     INFO  main            d.u.i.k.p.i.AbstractProblemLoader Loading environment from /home/runner/work/key/key/key.core/../key.ui/examples/redux/arrays/ArrayCopy.arraycopy.exceptional.1.key 
143781     DEBUG main            d.u.i.k.p.i.AbstractProblemLoader Environment load took 113ns 
143782     INFO  main            d.u.i.k.p.i.AbstractProblemLoader Creating init config 
147796     DEBUG main            d.u.i.k.p.i.AbstractProblemLoader Init config took 4.01s 
147840     INFO  main            d.u.i.k.p.i.AbstractProblemLoader Replaying proof ArrayCopy[ArrayCopy::arraycopy(java.lang.Object,int,java.lang.Object,int,int)].JML exceptional_behavior operation contract.1 
147841     DEBUG main            d.u.i.k.p.i.IntermediateProofReplayer Proof replay took 7.2ns 
155648     INFO  main            d.u.i.k.p.r.p.TestFile    ... finished proof: closed. 
155977     INFO  main            d.u.i.k.p.i.AbstractProblemLoader Loading environment from /home/runner/work/key/key/key.core/../key.ui/examples/redux/arrays/ArrayCopy.arraycopy.exceptional.1.key.proof 
155977     DEBUG main            d.u.i.k.p.i.AbstractProblemLoader Environment load took 423.6ns 
155980     INFO  main            d.u.i.k.p.i.AbstractProblemLoader Creating init config 
159497     DEBUG main            d.u.i.k.p.i.AbstractProblemLoader Init config took 3.52s 
159538     INFO  main            d.u.i.k.p.i.AbstractProblemLoader Replaying proof ArrayCopy[ArrayCopy::arraycopy(java.lang.Object,int,java.lang.Object,int,int)].JML exceptional_behavior operation contract.1 
161537     DEBUG main            d.u.i.k.p.i.IntermediateProofReplayer Proof replay took 1.98s 
161541     DEBUG main            d.u.i.k.p.r.p.TestFile    ... success: reloaded. 
6697447    INFO  Test worker     d.u.i.k.p.r.RunAllProofsTestUnit Returning from test redux 
]]></system-out>
  <system-err><![CDATA[]]></system-err>
</testsuite>
