<?xml version="1.0" encoding="UTF-8"?>
<testsuite name="de.uka.ilkd.key.testcase.smt.testgen.TestTestgen" tests="1" skipped="0" failures="0" errors="0" timestamp="2023-05-22T21:23:45" hostname="fv-az206-343" time="5.502">
  <properties/>
  <testcase name="testMiddle()" classname="de.uka.ilkd.key.testcase.smt.testgen.TestTestgen" time="5.502"/>
  <system-out><![CDATA[18697      WARN  Test worker     d.u.i.k.t.s.t.TestTestgen Warning: Z3_CE is not installed, tests skipped. 
18697      WARN  Test worker     d.u.i.k.t.s.t.TestTestgen Maybe use JVM system property "z3SolverPath" to define the path to the Z3 command. 
18697      INFO  Test worker     d.u.i.k.p.i.AbstractProblemLoader Loading environment from src\test\resources\testcase\smt\tg\middle.key 
18697      DEBUG Test worker     d.u.i.k.p.i.AbstractProblemLoader Environment load took 689.7ns 
18706      INFO  Test worker     d.u.i.k.p.i.AbstractProblemLoader Creating init config 
23221      DEBUG Test worker     d.u.i.k.p.i.AbstractProblemLoader Init config took 4.52s 
23346      INFO  Test worker     d.u.i.k.p.i.AbstractProblemLoader Replaying proof Middle[Middle::middle(int,int,int)].JML normal_behavior operation contract.0 
23346      DEBUG Test worker     d.u.i.k.p.i.IntermediateProofReplayer Proof replay took 21.7ns 
]]></system-out>
  <system-err><![CDATA[]]></system-err>
</testsuite>
