<?xml version="1.0" encoding="UTF-8"?>
<testsuite name="de.uka.ilkd.key.rule.merge.PredicateAbstractionLatticeTests" tests="3" skipped="0" failures="0" errors="0" timestamp="2023-05-26T21:43:24" hostname="fv-az319-950" time="6.739">
  <properties/>
  <testcase name="testToAndFromString()" classname="de.uka.ilkd.key.rule.merge.PredicateAbstractionLatticeTests" time="3.222"/>
  <testcase name="testCreateSignLatticeWithPredicates()" classname="de.uka.ilkd.key.rule.merge.PredicateAbstractionLatticeTests" time="3.517"/>
  <testcase name="testTrivialPredicatesLattice()" classname="de.uka.ilkd.key.rule.merge.PredicateAbstractionLatticeTests" time="0.0"/>
  <system-out><![CDATA[626618     INFO  Test worker     d.u.i.k.p.i.AbstractProblemLoader Loading environment from src\test\resources\testcase\merge\dummy.key 
626618     DEBUG Test worker     d.u.i.k.p.i.AbstractProblemLoader Environment load took 118.6ns 
626618     INFO  Test worker     d.u.i.k.p.i.AbstractProblemLoader Creating init config 
629825     DEBUG Test worker     d.u.i.k.p.i.AbstractProblemLoader Init config took 3.21s 
629841     INFO  Test worker     d.u.i.k.p.i.AbstractProblemLoader Replaying proof dummy.key 
629841     DEBUG Test worker     d.u.i.k.p.i.IntermediateProofReplayer Proof replay took 7.9ns 
629841     INFO  Test worker     d.u.i.k.p.i.AbstractProblemLoader Loading environment from src\test\resources\testcase\merge\dummy.key 
629841     DEBUG Test worker     d.u.i.k.p.i.AbstractProblemLoader Environment load took 174.9ns 
629856     INFO  Test worker     d.u.i.k.p.i.AbstractProblemLoader Creating init config 
633326     DEBUG Test worker     d.u.i.k.p.i.AbstractProblemLoader Init config took 3.48s 
633342     INFO  Test worker     d.u.i.k.p.i.AbstractProblemLoader Replaying proof dummy.key 
633358     DEBUG Test worker     d.u.i.k.p.i.IntermediateProofReplayer Proof replay took 8.8ns 
]]></system-out>
  <system-err><![CDATA[]]></system-err>
</testsuite>
