<?xml version="1.0" encoding="UTF-8"?>
<testsuite name="de.uka.ilkd.key.proof.TestOneStepSimplifier" tests="1" skipped="0" failures="0" errors="0" timestamp="2023-05-26T21:41:14" hostname="fv-az319-950" time="5.612">
  <properties/>
  <testcase name="loadWithRestriction()" classname="de.uka.ilkd.key.proof.TestOneStepSimplifier" time="5.612"/>
  <system-out><![CDATA[496728     INFO  Test worker     d.u.i.k.p.i.AbstractProblemLoader Loading environment from src\test\resources\testcase\ossRestriction.proof 
496728     DEBUG Test worker     d.u.i.k.p.i.AbstractProblemLoader Environment load took 161ns 
496728     INFO  Test worker     d.u.i.k.p.i.AbstractProblemLoader Creating init config 
496884     DEBUG Test worker     d.u.i.k.j.TypeConverter   No LDT found for Meta 
496884     DEBUG Test worker     d.u.i.k.j.TypeConverter   No LDT found for Meta 
496900     DEBUG Test worker     d.u.i.k.j.TypeConverter   No LDT found for Meta 
496900     DEBUG Test worker     d.u.i.k.j.TypeConverter   No LDT found for Meta 
497510     DEBUG Test worker     d.u.i.k.j.TypeConverter   No LDT found for JavaBigintExpression 
501195     DEBUG Test worker     d.u.i.k.p.i.AbstractProblemLoader Init config took 4.45s 
501916     INFO  Test worker     d.u.i.k.p.i.AbstractProblemLoader Replaying proof ossRestriction.proof 
502336     DEBUG Test worker     d.u.i.k.p.i.IntermediateProofReplayer Proof replay took 391.82ms 
]]></system-out>
  <system-err><![CDATA[]]></system-err>
</testsuite>
