<?xml version="1.0" encoding="UTF-8"?>
<testsuite name="de.uka.ilkd.key.proof.io.TestZipProofSaving" tests="1" skipped="0" failures="0" errors="0" timestamp="2023-05-26T21:41:21" hostname="fv-az319-950" time="8.264">
  <properties/>
  <testcase name="testZip()" classname="de.uka.ilkd.key.proof.io.TestZipProofSaving" time="8.264"/>
  <system-out><![CDATA[503589     INFO  Test worker     d.u.i.k.p.i.AbstractProblemLoader Loading environment from C:\Users\RUNNER~1\AppData\Local\Temp\keyZipTest9522247145745051505.key 
503589     DEBUG Test worker     d.u.i.k.p.i.AbstractProblemLoader Environment load took 161.4ns 
503589     INFO  Test worker     d.u.i.k.p.i.AbstractProblemLoader Creating init config 
503746     DEBUG Test worker     d.u.i.k.j.TypeConverter   No LDT found for Meta 
503746     DEBUG Test worker     d.u.i.k.j.TypeConverter   No LDT found for Meta 
503746     DEBUG Test worker     d.u.i.k.j.TypeConverter   No LDT found for Meta 
503746     DEBUG Test worker     d.u.i.k.j.TypeConverter   No LDT found for Meta 
504360     DEBUG Test worker     d.u.i.k.j.TypeConverter   No LDT found for JavaBigintExpression 
507966     DEBUG Test worker     d.u.i.k.p.i.AbstractProblemLoader Init config took 4.37s 
507982     INFO  Test worker     d.u.i.k.p.i.AbstractProblemLoader Replaying proof keyZipTest9522247145745051505.key 
507982     DEBUG Test worker     d.u.i.k.p.i.IntermediateProofReplayer Proof replay took 8.6ns 
508138     INFO  Test worker     d.u.i.k.p.i.AbstractProblemLoader Loading environment from C:\Users\RUNNER~1\AppData\Local\Temp\keyZipTest14287668508738910468.proof.gz 
508138     DEBUG Test worker     d.u.i.k.p.i.AbstractProblemLoader Environment load took 501.1ns 
508154     INFO  Test worker     d.u.i.k.p.i.AbstractProblemLoader Creating init config 
511718     DEBUG Test worker     d.u.i.k.p.i.AbstractProblemLoader Init config took 3.57s 
511733     INFO  Test worker     d.u.i.k.p.i.AbstractProblemLoader Replaying proof keyZipTest14287668508738910468.proof.gz 
511733     DEBUG Test worker     d.u.i.k.p.i.IntermediateProofReplayer Proof replay took 3.42ms 
]]></system-out>
  <system-err><![CDATA[]]></system-err>
</testsuite>
