<?xml version="1.0" encoding="UTF-8"?>
<testsuite name="de.uka.ilkd.key.parser.TestTermParserHeap" tests="39" skipped="0" failures="0" errors="0" timestamp="2023-05-26T21:39:02" hostname="fv-az319-950" time="125.837">
  <properties/>
  <testcase name="testBracketHeapUpdate()" classname="de.uka.ilkd.key.parser.TestTermParserHeap" time="0.02"/>
  <testcase name="testStore()" classname="de.uka.ilkd.key.parser.TestTermParserHeap" time="0.012"/>
  <testcase name="testUnknownConstant()" classname="de.uka.ilkd.key.parser.TestTermParserHeap" time="0.011"/>
  <testcase name="testAllFieldsSelector()" classname="de.uka.ilkd.key.parser.TestTermParserHeap" time="0.004"/>
  <testcase name="testParsePrettyPrintedSelect()" classname="de.uka.ilkd.key.parser.TestTermParserHeap" time="0.002"/>
  <testcase name="testAccessStaticMembers()" classname="de.uka.ilkd.key.parser.TestTermParserHeap" time="0.005"/>
  <testcase name="testAtOperator_1()" classname="de.uka.ilkd.key.parser.TestTermParserHeap" time="0.002"/>
  <testcase name="testAtOperator_2()" classname="de.uka.ilkd.key.parser.TestTermParserHeap" time="0.001"/>
  <testcase name="testAtOperator_3()" classname="de.uka.ilkd.key.parser.TestTermParserHeap" time="0.004"/>
  <testcase name="testAtOperator_4()" classname="de.uka.ilkd.key.parser.TestTermParserHeap" time="0.009"/>
  <testcase name="testAtOperator_5()" classname="de.uka.ilkd.key.parser.TestTermParserHeap" time="0.002"/>
  <testcase name="testAtOperator_6()" classname="de.uka.ilkd.key.parser.TestTermParserHeap" time="0.002"/>
  <testcase name="testAtOperator_7()" classname="de.uka.ilkd.key.parser.TestTermParserHeap" time="0.001"/>
  <testcase name="testAtOperator_8()" classname="de.uka.ilkd.key.parser.TestTermParserHeap" time="0.002"/>
  <testcase name="testVerifyExceptionIfAtOperatorNotPreceededBySelectTerm()" classname="de.uka.ilkd.key.parser.TestTermParserHeap" time="0.006"/>
  <testcase name="testBugResettingCounter()" classname="de.uka.ilkd.key.parser.TestTermParserHeap" time="0.005"/>
  <testcase name="testLocationSets()" classname="de.uka.ilkd.key.parser.TestTermParserHeap" time="0.008"/>
  <testcase name="testQuantifiedSelect()" classname="de.uka.ilkd.key.parser.TestTermParserHeap" time="0.004"/>
  <testcase name="testGenericObjectProperties()" classname="de.uka.ilkd.key.parser.TestTermParserHeap" time="0.005"/>
  <testcase name="testQueryInheritance_1()" classname="de.uka.ilkd.key.parser.TestTermParserHeap" time="0.005"/>
  <testcase name="testQueryInheritance_2()" classname="de.uka.ilkd.key.parser.TestTermParserHeap" time="0.034"/>
  <testcase name="testQueryInheritance_3()" classname="de.uka.ilkd.key.parser.TestTermParserHeap" time="0.009"/>
  <testcase name="testQueryInheritance_4()" classname="de.uka.ilkd.key.parser.TestTermParserHeap" time="0.005"/>
  <testcase name="testQueryInheritance_5()" classname="de.uka.ilkd.key.parser.TestTermParserHeap" time="0.003"/>
  <testcase name="testQueryInheritance_6()" classname="de.uka.ilkd.key.parser.TestTermParserHeap" time="0.004"/>
  <testcase name="testQueryInheritance_7()" classname="de.uka.ilkd.key.parser.TestTermParserHeap" time="0.005"/>
  <testcase name="testQueryInheritance_8()" classname="de.uka.ilkd.key.parser.TestTermParserHeap" time="0.005"/>
  <testcase name="testQueryInheritance_9()" classname="de.uka.ilkd.key.parser.TestTermParserHeap" time="0.001"/>
  <testcase name="testQueryBasic_10()" classname="de.uka.ilkd.key.parser.TestTermParserHeap" time="0.003"/>
  <testcase name="testQueryBasic_11()" classname="de.uka.ilkd.key.parser.TestTermParserHeap" time="0.002"/>
  <testcase name="testQueryBasic_1()" classname="de.uka.ilkd.key.parser.TestTermParserHeap" time="0.001"/>
  <testcase name="testQueryBasic_2()" classname="de.uka.ilkd.key.parser.TestTermParserHeap" time="0.005"/>
  <testcase name="testQueryBasic_3()" classname="de.uka.ilkd.key.parser.TestTermParserHeap" time="0.005"/>
  <testcase name="testQueryBasic_4()" classname="de.uka.ilkd.key.parser.TestTermParserHeap" time="0.013"/>
  <testcase name="testQueryBasic_5()" classname="de.uka.ilkd.key.parser.TestTermParserHeap" time="0.003"/>
  <testcase name="testQueryBasic_6()" classname="de.uka.ilkd.key.parser.TestTermParserHeap" time="0.003"/>
  <testcase name="testQueryBasic_7()" classname="de.uka.ilkd.key.parser.TestTermParserHeap" time="0.01"/>
  <testcase name="testQueryBasic_8()" classname="de.uka.ilkd.key.parser.TestTermParserHeap" time="0.01"/>
  <testcase name="testQueryBasic_9()" classname="de.uka.ilkd.key.parser.TestTermParserHeap" time="0.001"/>
  <system-out><![CDATA[364330     INFO  Test worker     d.u.i.k.n.KeyIO           Parsing took 0 ms 
364330     DEBUG Test worker     d.u.i.k.n.KeyIO           Load declarations of de.uka.ilkd.key.nparser.KeyAst$File:  <unknown>:1#1 
364330     INFO  Test worker     d.u.i.k.n.KeyIO           MODE: declarations took 0 ms 
364330     DEBUG Test worker     d.u.i.k.n.KeyIO           MODE: 2nd degree decls took 0 
364330     INFO  Test worker     d.u.i.k.n.KeyIO           Parsing took 0 ms 
364330     DEBUG Test worker     d.u.i.k.n.KeyIO           Load declarations of de.uka.ilkd.key.nparser.KeyAst$File:  <unknown>:1#1 
364330     INFO  Test worker     d.u.i.k.n.KeyIO           MODE: declarations took 0 ms 
364330     DEBUG Test worker     d.u.i.k.n.KeyIO           MODE: 2nd degree decls took 0 
364330     INFO  Test worker     d.u.i.k.n.KeyIO           Parsing took 0 ms 
364330     DEBUG Test worker     d.u.i.k.n.KeyIO           Load declarations of de.uka.ilkd.key.nparser.KeyAst$File:  <unknown>:1#1 
364330     INFO  Test worker     d.u.i.k.n.KeyIO           MODE: declarations took 0 ms 
364330     DEBUG Test worker     d.u.i.k.n.KeyIO           MODE: 2nd degree decls took 0 
364330     INFO  Test worker     d.u.i.k.n.KeyIO           Parsing took 0 ms 
364330     DEBUG Test worker     d.u.i.k.n.KeyIO           Load declarations of de.uka.ilkd.key.nparser.KeyAst$File:  <unknown>:1#1 
364330     INFO  Test worker     d.u.i.k.n.KeyIO           MODE: declarations took 0 ms 
364330     DEBUG Test worker     d.u.i.k.n.KeyIO           MODE: 2nd degree decls took 0 
364330     INFO  Test worker     d.u.i.k.n.KeyIO           Parsing took 0 ms 
364330     DEBUG Test worker     d.u.i.k.n.KeyIO           Load declarations of de.uka.ilkd.key.nparser.KeyAst$File:  <unknown>:1#1 
364330     INFO  Test worker     d.u.i.k.n.KeyIO           MODE: declarations took 0 ms 
364330     DEBUG Test worker     d.u.i.k.n.KeyIO           MODE: 2nd degree decls took 0 
367731     INFO  Test worker     d.u.i.k.n.KeyIO           Parsing took 0 ms 
367731     DEBUG Test worker     d.u.i.k.n.KeyIO           Load declarations of de.uka.ilkd.key.nparser.KeyAst$File:  <unknown>:1#1 
367731     INFO  Test worker     d.u.i.k.n.KeyIO           MODE: declarations took 0 ms 
367731     DEBUG Test worker     d.u.i.k.n.KeyIO           MODE: 2nd degree decls took 0 
367731     INFO  Test worker     d.u.i.k.n.KeyIO           Parsing took 0 ms 
367731     DEBUG Test worker     d.u.i.k.n.KeyIO           Load declarations of de.uka.ilkd.key.nparser.KeyAst$File:  <unknown>:1#1 
367731     INFO  Test worker     d.u.i.k.n.KeyIO           MODE: declarations took 0 ms 
367747     DEBUG Test worker     d.u.i.k.n.KeyIO           MODE: 2nd degree decls took 0 
367747     INFO  Test worker     d.u.i.k.n.KeyIO           Parsing took 0 ms 
367747     DEBUG Test worker     d.u.i.k.n.KeyIO           Load declarations of de.uka.ilkd.key.nparser.KeyAst$File:  <unknown>:1#1 
367747     INFO  Test worker     d.u.i.k.n.KeyIO           MODE: declarations took 0 ms 
367747     DEBUG Test worker     d.u.i.k.n.KeyIO           MODE: 2nd degree decls took 0 
367747     INFO  Test worker     d.u.i.k.n.KeyIO           Parsing took 0 ms 
367747     DEBUG Test worker     d.u.i.k.n.KeyIO           Load declarations of de.uka.ilkd.key.nparser.KeyAst$File:  <unknown>:1#1 
367747     INFO  Test worker     d.u.i.k.n.KeyIO           MODE: declarations took 0 ms 
367747     DEBUG Test worker     d.u.i.k.n.KeyIO           MODE: 2nd degree decls took 0 
367747     INFO  Test worker     d.u.i.k.n.KeyIO           Parsing took 0 ms 
367747     DEBUG Test worker     d.u.i.k.n.KeyIO           Load declarations of de.uka.ilkd.key.nparser.KeyAst$File:  <unknown>:1#1 
367747     INFO  Test worker     d.u.i.k.n.KeyIO           MODE: declarations took 0 ms 
367747     DEBUG Test worker     d.u.i.k.n.KeyIO           MODE: 2nd degree decls took 0 
371219     INFO  Test worker     d.u.i.k.n.KeyIO           Parsing took 0 ms 
371219     DEBUG Test worker     d.u.i.k.n.KeyIO           Load declarations of de.uka.ilkd.key.nparser.KeyAst$File:  <unknown>:1#1 
371219     INFO  Test worker     d.u.i.k.n.KeyIO           MODE: declarations took 0 ms 
371219     DEBUG Test worker     d.u.i.k.n.KeyIO           MODE: 2nd degree decls took 0 
371219     INFO  Test worker     d.u.i.k.n.KeyIO           Parsing took 0 ms 
371219     DEBUG Test worker     d.u.i.k.n.KeyIO           Load declarations of de.uka.ilkd.key.nparser.KeyAst$File:  <unknown>:1#1 
371219     INFO  Test worker     d.u.i.k.n.KeyIO           MODE: declarations took 0 ms 
371219     DEBUG Test worker     d.u.i.k.n.KeyIO           MODE: 2nd degree decls took 0 
371219     INFO  Test worker     d.u.i.k.n.KeyIO           Parsing took 0 ms 
371219     DEBUG Test worker     d.u.i.k.n.KeyIO           Load declarations of de.uka.ilkd.key.nparser.KeyAst$File:  <unknown>:1#1 
371219     INFO  Test worker     d.u.i.k.n.KeyIO           MODE: declarations took 0 ms 
371219     DEBUG Test worker     d.u.i.k.n.KeyIO           MODE: 2nd degree decls took 0 
371219     INFO  Test worker     d.u.i.k.n.KeyIO           Parsing took 0 ms 
371219     DEBUG Test worker     d.u.i.k.n.KeyIO           Load declarations of de.uka.ilkd.key.nparser.KeyAst$File:  <unknown>:1#1 
371219     INFO  Test worker     d.u.i.k.n.KeyIO           MODE: declarations took 0 ms 
371219     DEBUG Test worker     d.u.i.k.n.KeyIO           MODE: 2nd degree decls took 0 
371219     INFO  Test worker     d.u.i.k.n.KeyIO           Parsing took 0 ms 
371219     DEBUG Test worker     d.u.i.k.n.KeyIO           Load declarations of de.uka.ilkd.key.nparser.KeyAst$File:  <unknown>:1#1 
371219     INFO  Test worker     d.u.i.k.n.KeyIO           MODE: declarations took 0 ms 
371219     DEBUG Test worker     d.u.i.k.n.KeyIO           MODE: 2nd degree decls took 0 
371219     INFO  Test worker     d.u.i.k.n.KeyIO           Parsing took 0 ms 
371219     DEBUG Test worker     d.u.i.k.n.KeyIO           Load declarations of de.uka.ilkd.key.nparser.KeyAst$File:  <unknown>:1#1 
371219     INFO  Test worker     d.u.i.k.n.KeyIO           MODE: declarations took 0 ms 
371235     DEBUG Test worker     d.u.i.k.n.KeyIO           MODE: 2nd degree decls took 0 
374635     INFO  Test worker     d.u.i.k.n.KeyIO           Parsing took 0 ms 
374635     DEBUG Test worker     d.u.i.k.n.KeyIO           Load declarations of de.uka.ilkd.key.nparser.KeyAst$File:  <unknown>:1#1 
374635     INFO  Test worker     d.u.i.k.n.KeyIO           MODE: declarations took 0 ms 
374635     DEBUG Test worker     d.u.i.k.n.KeyIO           MODE: 2nd degree decls took 0 
374635     INFO  Test worker     d.u.i.k.n.KeyIO           Parsing took 0 ms 
374635     DEBUG Test worker     d.u.i.k.n.KeyIO           Load declarations of de.uka.ilkd.key.nparser.KeyAst$File:  <unknown>:1#1 
374635     INFO  Test worker     d.u.i.k.n.KeyIO           MODE: declarations took 0 ms 
374635     DEBUG Test worker     d.u.i.k.n.KeyIO           MODE: 2nd degree decls took 0 
374635     INFO  Test worker     d.u.i.k.n.KeyIO           Parsing took 0 ms 
374635     DEBUG Test worker     d.u.i.k.n.KeyIO           Load declarations of de.uka.ilkd.key.nparser.KeyAst$File:  <unknown>:1#1 
374635     INFO  Test worker     d.u.i.k.n.KeyIO           MODE: declarations took 0 ms 
374635     DEBUG Test worker     d.u.i.k.n.KeyIO           MODE: 2nd degree decls took 0 
374635     INFO  Test worker     d.u.i.k.n.KeyIO           Parsing took 0 ms 
374635     DEBUG Test worker     d.u.i.k.n.KeyIO           Load declarations of de.uka.ilkd.key.nparser.KeyAst$File:  <unknown>:1#1 
374635     INFO  Test worker     d.u.i.k.n.KeyIO           MODE: declarations took 0 ms 
374651     DEBUG Test worker     d.u.i.k.n.KeyIO           MODE: 2nd degree decls took 0 
374651     INFO  Test worker     d.u.i.k.n.KeyIO           Parsing took 0 ms 
374651     DEBUG Test worker     d.u.i.k.n.KeyIO           Load declarations of de.uka.ilkd.key.nparser.KeyAst$File:  <unknown>:1#1 
374651     INFO  Test worker     d.u.i.k.n.KeyIO           MODE: declarations took 0 ms 
374651     DEBUG Test worker     d.u.i.k.n.KeyIO           MODE: 2nd degree decls took 0 
378091     INFO  Test worker     d.u.i.k.n.KeyIO           Parsing took 0 ms 
378091     DEBUG Test worker     d.u.i.k.n.KeyIO           Load declarations of de.uka.ilkd.key.nparser.KeyAst$File:  <unknown>:1#1 
378091     INFO  Test worker     d.u.i.k.n.KeyIO           MODE: declarations took 0 ms 
378091     DEBUG Test worker     d.u.i.k.n.KeyIO           MODE: 2nd degree decls took 0 
378091     INFO  Test worker     d.u.i.k.n.KeyIO           Parsing took 0 ms 
378091     DEBUG Test worker     d.u.i.k.n.KeyIO           Load declarations of de.uka.ilkd.key.nparser.KeyAst$File:  <unknown>:1#1 
378091     INFO  Test worker     d.u.i.k.n.KeyIO           MODE: declarations took 0 ms 
378091     DEBUG Test worker     d.u.i.k.n.KeyIO           MODE: 2nd degree decls took 0 
378091     INFO  Test worker     d.u.i.k.n.KeyIO           Parsing took 0 ms 
378091     DEBUG Test worker     d.u.i.k.n.KeyIO           Load declarations of de.uka.ilkd.key.nparser.KeyAst$File:  <unknown>:1#1 
378091     INFO  Test worker     d.u.i.k.n.KeyIO           MODE: declarations took 0 ms 
378091     DEBUG Test worker     d.u.i.k.n.KeyIO           MODE: 2nd degree decls took 0 
378091     INFO  Test worker     d.u.i.k.n.KeyIO           Parsing took 0 ms 
378091     DEBUG Test worker     d.u.i.k.n.KeyIO           Load declarations of de.uka.ilkd.key.nparser.KeyAst$File:  <unknown>:1#1 
378091     INFO  Test worker     d.u.i.k.n.KeyIO           MODE: declarations took 0 ms 
378091     DEBUG Test worker     d.u.i.k.n.KeyIO           MODE: 2nd degree decls took 0 
378091     INFO  Test worker     d.u.i.k.n.KeyIO           Parsing took 0 ms 
378091     DEBUG Test worker     d.u.i.k.n.KeyIO           Load declarations of de.uka.ilkd.key.nparser.KeyAst$File:  <unknown>:1#1 
378091     INFO  Test worker     d.u.i.k.n.KeyIO           MODE: declarations took 0 ms 
378091     DEBUG Test worker     d.u.i.k.n.KeyIO           MODE: 2nd degree decls took 0 
381466     INFO  Test worker     d.u.i.k.n.KeyIO           Parsing took 0 ms 
381466     DEBUG Test worker     d.u.i.k.n.KeyIO           Load declarations of de.uka.ilkd.key.nparser.KeyAst$File:  <unknown>:1#1 
381466     INFO  Test worker     d.u.i.k.n.KeyIO           MODE: declarations took 0 ms 
381466     DEBUG Test worker     d.u.i.k.n.KeyIO           MODE: 2nd degree decls took 0 
381466     INFO  Test worker     d.u.i.k.n.KeyIO           Parsing took 0 ms 
381466     DEBUG Test worker     d.u.i.k.n.KeyIO           Load declarations of de.uka.ilkd.key.nparser.KeyAst$File:  <unknown>:1#1 
381466     INFO  Test worker     d.u.i.k.n.KeyIO           MODE: declarations took 0 ms 
381466     DEBUG Test worker     d.u.i.k.n.KeyIO           MODE: 2nd degree decls took 0 
381466     INFO  Test worker     d.u.i.k.n.KeyIO           Parsing took 0 ms 
381466     DEBUG Test worker     d.u.i.k.n.KeyIO           Load declarations of de.uka.ilkd.key.nparser.KeyAst$File:  <unknown>:1#1 
381466     INFO  Test worker     d.u.i.k.n.KeyIO           MODE: declarations took 0 ms 
381466     DEBUG Test worker     d.u.i.k.n.KeyIO           MODE: 2nd degree decls took 0 
381466     INFO  Test worker     d.u.i.k.n.KeyIO           Parsing took 0 ms 
381466     DEBUG Test worker     d.u.i.k.n.KeyIO           Load declarations of de.uka.ilkd.key.nparser.KeyAst$File:  <unknown>:1#1 
381466     INFO  Test worker     d.u.i.k.n.KeyIO           MODE: declarations took 0 ms 
381466     DEBUG Test worker     d.u.i.k.n.KeyIO           MODE: 2nd degree decls took 0 
381466     INFO  Test worker     d.u.i.k.n.KeyIO           Parsing took 0 ms 
381466     DEBUG Test worker     d.u.i.k.n.KeyIO           Load declarations of de.uka.ilkd.key.nparser.KeyAst$File:  <unknown>:1#1 
381466     INFO  Test worker     d.u.i.k.n.KeyIO           MODE: declarations took 0 ms 
381466     DEBUG Test worker     d.u.i.k.n.KeyIO           MODE: 2nd degree decls took 0 
384860     INFO  Test worker     d.u.i.k.n.KeyIO           Parsing took 0 ms 
384860     DEBUG Test worker     d.u.i.k.n.KeyIO           Load declarations of de.uka.ilkd.key.nparser.KeyAst$File:  <unknown>:1#1 
384860     INFO  Test worker     d.u.i.k.n.KeyIO           MODE: declarations took 0 ms 
384860     DEBUG Test worker     d.u.i.k.n.KeyIO           MODE: 2nd degree decls took 0 
384860     INFO  Test worker     d.u.i.k.n.KeyIO           Parsing took 0 ms 
384860     DEBUG Test worker     d.u.i.k.n.KeyIO           Load declarations of de.uka.ilkd.key.nparser.KeyAst$File:  <unknown>:1#1 
384860     INFO  Test worker     d.u.i.k.n.KeyIO           MODE: declarations took 0 ms 
384860     DEBUG Test worker     d.u.i.k.n.KeyIO           MODE: 2nd degree decls took 0 
384860     INFO  Test worker     d.u.i.k.n.KeyIO           Parsing took 0 ms 
384860     DEBUG Test worker     d.u.i.k.n.KeyIO           Load declarations of de.uka.ilkd.key.nparser.KeyAst$File:  <unknown>:1#1 
384860     INFO  Test worker     d.u.i.k.n.KeyIO           MODE: declarations took 0 ms 
384860     DEBUG Test worker     d.u.i.k.n.KeyIO           MODE: 2nd degree decls took 0 
384860     INFO  Test worker     d.u.i.k.n.KeyIO           Parsing took 0 ms 
384860     DEBUG Test worker     d.u.i.k.n.KeyIO           Load declarations of de.uka.ilkd.key.nparser.KeyAst$File:  <unknown>:1#1 
384860     INFO  Test worker     d.u.i.k.n.KeyIO           MODE: declarations took 0 ms 
384860     DEBUG Test worker     d.u.i.k.n.KeyIO           MODE: 2nd degree decls took 0 
384860     INFO  Test worker     d.u.i.k.n.KeyIO           Parsing took 0 ms 
384860     DEBUG Test worker     d.u.i.k.n.KeyIO           Load declarations of de.uka.ilkd.key.nparser.KeyAst$File:  <unknown>:1#1 
384860     INFO  Test worker     d.u.i.k.n.KeyIO           MODE: declarations took 0 ms 
384860     DEBUG Test worker     d.u.i.k.n.KeyIO           MODE: 2nd degree decls took 0 
388158     INFO  Test worker     d.u.i.k.n.KeyIO           Parsing took 0 ms 
388158     DEBUG Test worker     d.u.i.k.n.KeyIO           Load declarations of de.uka.ilkd.key.nparser.KeyAst$File:  <unknown>:1#1 
388158     INFO  Test worker     d.u.i.k.n.KeyIO           MODE: declarations took 0 ms 
388158     DEBUG Test worker     d.u.i.k.n.KeyIO           MODE: 2nd degree decls took 0 
388158     INFO  Test worker     d.u.i.k.n.KeyIO           Parsing took 0 ms 
388158     DEBUG Test worker     d.u.i.k.n.KeyIO           Load declarations of de.uka.ilkd.key.nparser.KeyAst$File:  <unknown>:1#1 
388158     INFO  Test worker     d.u.i.k.n.KeyIO           MODE: declarations took 0 ms 
388158     DEBUG Test worker     d.u.i.k.n.KeyIO           MODE: 2nd degree decls took 0 
388158     INFO  Test worker     d.u.i.k.n.KeyIO           Parsing took 0 ms 
388158     DEBUG Test worker     d.u.i.k.n.KeyIO           Load declarations of de.uka.ilkd.key.nparser.KeyAst$File:  <unknown>:1#1 
388158     INFO  Test worker     d.u.i.k.n.KeyIO           MODE: declarations took 0 ms 
388158     DEBUG Test worker     d.u.i.k.n.KeyIO           MODE: 2nd degree decls took 0 
388158     INFO  Test worker     d.u.i.k.n.KeyIO           Parsing took 0 ms 
388158     DEBUG Test worker     d.u.i.k.n.KeyIO           Load declarations of de.uka.ilkd.key.nparser.KeyAst$File:  <unknown>:1#1 
388158     INFO  Test worker     d.u.i.k.n.KeyIO           MODE: declarations took 0 ms 
388158     DEBUG Test worker     d.u.i.k.n.KeyIO           MODE: 2nd degree decls took 0 
388158     INFO  Test worker     d.u.i.k.n.KeyIO           Parsing took 0 ms 
388158     DEBUG Test worker     d.u.i.k.n.KeyIO           Load declarations of de.uka.ilkd.key.nparser.KeyAst$File:  <unknown>:1#1 
388158     INFO  Test worker     d.u.i.k.n.KeyIO           MODE: declarations took 0 ms 
388158     DEBUG Test worker     d.u.i.k.n.KeyIO           MODE: 2nd degree decls took 0 
391479     INFO  Test worker     d.u.i.k.n.KeyIO           Parsing took 0 ms 
391479     DEBUG Test worker     d.u.i.k.n.KeyIO           Load declarations of de.uka.ilkd.key.nparser.KeyAst$File:  <unknown>:1#1 
391479     INFO  Test worker     d.u.i.k.n.KeyIO           MODE: declarations took 0 ms 
391479     DEBUG Test worker     d.u.i.k.n.KeyIO           MODE: 2nd degree decls took 0 
391479     INFO  Test worker     d.u.i.k.n.KeyIO           Parsing took 0 ms 
391479     DEBUG Test worker     d.u.i.k.n.KeyIO           Load declarations of de.uka.ilkd.key.nparser.KeyAst$File:  <unknown>:1#1 
391479     INFO  Test worker     d.u.i.k.n.KeyIO           MODE: declarations took 0 ms 
391479     DEBUG Test worker     d.u.i.k.n.KeyIO           MODE: 2nd degree decls took 0 
391479     INFO  Test worker     d.u.i.k.n.KeyIO           Parsing took 0 ms 
391479     DEBUG Test worker     d.u.i.k.n.KeyIO           Load declarations of de.uka.ilkd.key.nparser.KeyAst$File:  <unknown>:1#1 
391479     INFO  Test worker     d.u.i.k.n.KeyIO           MODE: declarations took 0 ms 
391479     DEBUG Test worker     d.u.i.k.n.KeyIO           MODE: 2nd degree decls took 0 
391479     INFO  Test worker     d.u.i.k.n.KeyIO           Parsing took 0 ms 
391479     DEBUG Test worker     d.u.i.k.n.KeyIO           Load declarations of de.uka.ilkd.key.nparser.KeyAst$File:  <unknown>:1#1 
391479     INFO  Test worker     d.u.i.k.n.KeyIO           MODE: declarations took 0 ms 
391479     DEBUG Test worker     d.u.i.k.n.KeyIO           MODE: 2nd degree decls took 0 
391479     INFO  Test worker     d.u.i.k.n.KeyIO           Parsing took 0 ms 
391479     DEBUG Test worker     d.u.i.k.n.KeyIO           Load declarations of de.uka.ilkd.key.nparser.KeyAst$File:  <unknown>:1#1 
391479     INFO  Test worker     d.u.i.k.n.KeyIO           MODE: declarations took 0 ms 
391479     DEBUG Test worker     d.u.i.k.n.KeyIO           MODE: 2nd degree decls took 0 
394793     INFO  Test worker     d.u.i.k.n.KeyIO           Parsing took 0 ms 
394793     DEBUG Test worker     d.u.i.k.n.KeyIO           Load declarations of de.uka.ilkd.key.nparser.KeyAst$File:  <unknown>:1#1 
394793     INFO  Test worker     d.u.i.k.n.KeyIO           MODE: declarations took 0 ms 
394793     DEBUG Test worker     d.u.i.k.n.KeyIO           MODE: 2nd degree decls took 0 
394793     INFO  Test worker     d.u.i.k.n.KeyIO           Parsing took 0 ms 
394793     DEBUG Test worker     d.u.i.k.n.KeyIO           Load declarations of de.uka.ilkd.key.nparser.KeyAst$File:  <unknown>:1#1 
394793     INFO  Test worker     d.u.i.k.n.KeyIO           MODE: declarations took 0 ms 
394793     DEBUG Test worker     d.u.i.k.n.KeyIO           MODE: 2nd degree decls took 0 
394793     INFO  Test worker     d.u.i.k.n.KeyIO           Parsing took 0 ms 
394793     DEBUG Test worker     d.u.i.k.n.KeyIO           Load declarations of de.uka.ilkd.key.nparser.KeyAst$File:  <unknown>:1#1 
394793     INFO  Test worker     d.u.i.k.n.KeyIO           MODE: declarations took 0 ms 
394793     DEBUG Test worker     d.u.i.k.n.KeyIO           MODE: 2nd degree decls took 0 
394793     INFO  Test worker     d.u.i.k.n.KeyIO           Parsing took 0 ms 
394793     DEBUG Test worker     d.u.i.k.n.KeyIO           Load declarations of de.uka.ilkd.key.nparser.KeyAst$File:  <unknown>:1#1 
394793     INFO  Test worker     d.u.i.k.n.KeyIO           MODE: declarations took 0 ms 
394793     DEBUG Test worker     d.u.i.k.n.KeyIO           MODE: 2nd degree decls took 0 
394793     INFO  Test worker     d.u.i.k.n.KeyIO           Parsing took 0 ms 
394793     DEBUG Test worker     d.u.i.k.n.KeyIO           Load declarations of de.uka.ilkd.key.nparser.KeyAst$File:  <unknown>:1#1 
394793     INFO  Test worker     d.u.i.k.n.KeyIO           MODE: declarations took 0 ms 
394793     DEBUG Test worker     d.u.i.k.n.KeyIO           MODE: 2nd degree decls took 0 
398117     INFO  Test worker     d.u.i.k.n.KeyIO           Parsing took 0 ms 
398117     DEBUG Test worker     d.u.i.k.n.KeyIO           Load declarations of de.uka.ilkd.key.nparser.KeyAst$File:  <unknown>:1#1 
398117     INFO  Test worker     d.u.i.k.n.KeyIO           MODE: declarations took 0 ms 
398117     DEBUG Test worker     d.u.i.k.n.KeyIO           MODE: 2nd degree decls took 0 
398117     INFO  Test worker     d.u.i.k.n.KeyIO           Parsing took 0 ms 
398117     DEBUG Test worker     d.u.i.k.n.KeyIO           Load declarations of de.uka.ilkd.key.nparser.KeyAst$File:  <unknown>:1#1 
398117     INFO  Test worker     d.u.i.k.n.KeyIO           MODE: declarations took 0 ms 
398117     DEBUG Test worker     d.u.i.k.n.KeyIO           MODE: 2nd degree decls took 0 
398117     INFO  Test worker     d.u.i.k.n.KeyIO           Parsing took 0 ms 
398117     DEBUG Test worker     d.u.i.k.n.KeyIO           Load declarations of de.uka.ilkd.key.nparser.KeyAst$File:  <unknown>:1#1 
398117     INFO  Test worker     d.u.i.k.n.KeyIO           MODE: declarations took 0 ms 
398117     DEBUG Test worker     d.u.i.k.n.KeyIO           MODE: 2nd degree decls took 0 
398117     INFO  Test worker     d.u.i.k.n.KeyIO           Parsing took 0 ms 
398117     DEBUG Test worker     d.u.i.k.n.KeyIO           Load declarations of de.uka.ilkd.key.nparser.KeyAst$File:  <unknown>:1#1 
398117     INFO  Test worker     d.u.i.k.n.KeyIO           MODE: declarations took 0 ms 
398117     DEBUG Test worker     d.u.i.k.n.KeyIO           MODE: 2nd degree decls took 0 
398117     INFO  Test worker     d.u.i.k.n.KeyIO           Parsing took 0 ms 
398117     DEBUG Test worker     d.u.i.k.n.KeyIO           Load declarations of de.uka.ilkd.key.nparser.KeyAst$File:  <unknown>:1#1 
398117     INFO  Test worker     d.u.i.k.n.KeyIO           MODE: declarations took 0 ms 
398117     DEBUG Test worker     d.u.i.k.n.KeyIO           MODE: 2nd degree decls took 0 
401396     INFO  Test worker     d.u.i.k.n.KeyIO           Parsing took 0 ms 
401396     DEBUG Test worker     d.u.i.k.n.KeyIO           Load declarations of de.uka.ilkd.key.nparser.KeyAst$File:  <unknown>:1#1 
401396     INFO  Test worker     d.u.i.k.n.KeyIO           MODE: declarations took 0 ms 
401396     DEBUG Test worker     d.u.i.k.n.KeyIO           MODE: 2nd degree decls took 0 
401396     INFO  Test worker     d.u.i.k.n.KeyIO           Parsing took 0 ms 
401396     DEBUG Test worker     d.u.i.k.n.KeyIO           Load declarations of de.uka.ilkd.key.nparser.KeyAst$File:  <unknown>:1#1 
401396     INFO  Test worker     d.u.i.k.n.KeyIO           MODE: declarations took 0 ms 
401396     DEBUG Test worker     d.u.i.k.n.KeyIO           MODE: 2nd degree decls took 0 
401396     INFO  Test worker     d.u.i.k.n.KeyIO           Parsing took 0 ms 
401396     DEBUG Test worker     d.u.i.k.n.KeyIO           Load declarations of de.uka.ilkd.key.nparser.KeyAst$File:  <unknown>:1#1 
401396     INFO  Test worker     d.u.i.k.n.KeyIO           MODE: declarations took 0 ms 
401396     DEBUG Test worker     d.u.i.k.n.KeyIO           MODE: 2nd degree decls took 0 
401396     INFO  Test worker     d.u.i.k.n.KeyIO           Parsing took 0 ms 
401396     DEBUG Test worker     d.u.i.k.n.KeyIO           Load declarations of de.uka.ilkd.key.nparser.KeyAst$File:  <unknown>:1#1 
401396     INFO  Test worker     d.u.i.k.n.KeyIO           MODE: declarations took 0 ms 
401396     DEBUG Test worker     d.u.i.k.n.KeyIO           MODE: 2nd degree decls took 0 
401396     INFO  Test worker     d.u.i.k.n.KeyIO           Parsing took 0 ms 
401396     DEBUG Test worker     d.u.i.k.n.KeyIO           Load declarations of de.uka.ilkd.key.nparser.KeyAst$File:  <unknown>:1#1 
401396     INFO  Test worker     d.u.i.k.n.KeyIO           MODE: declarations took 0 ms 
401396     DEBUG Test worker     d.u.i.k.n.KeyIO           MODE: 2nd degree decls took 0 
404648     INFO  Test worker     d.u.i.k.n.KeyIO           Parsing took 0 ms 
404648     DEBUG Test worker     d.u.i.k.n.KeyIO           Load declarations of de.uka.ilkd.key.nparser.KeyAst$File:  <unknown>:1#1 
404648     INFO  Test worker     d.u.i.k.n.KeyIO           MODE: declarations took 0 ms 
404648     DEBUG Test worker     d.u.i.k.n.KeyIO           MODE: 2nd degree decls took 0 
404648     INFO  Test worker     d.u.i.k.n.KeyIO           Parsing took 0 ms 
404648     DEBUG Test worker     d.u.i.k.n.KeyIO           Load declarations of de.uka.ilkd.key.nparser.KeyAst$File:  <unknown>:1#1 
404648     INFO  Test worker     d.u.i.k.n.KeyIO           MODE: declarations took 0 ms 
404648     DEBUG Test worker     d.u.i.k.n.KeyIO           MODE: 2nd degree decls took 0 
404648     INFO  Test worker     d.u.i.k.n.KeyIO           Parsing took 0 ms 
404648     DEBUG Test worker     d.u.i.k.n.KeyIO           Load declarations of de.uka.ilkd.key.nparser.KeyAst$File:  <unknown>:1#1 
404648     INFO  Test worker     d.u.i.k.n.KeyIO           MODE: declarations took 0 ms 
404648     DEBUG Test worker     d.u.i.k.n.KeyIO           MODE: 2nd degree decls took 0 
404648     INFO  Test worker     d.u.i.k.n.KeyIO           Parsing took 0 ms 
404648     DEBUG Test worker     d.u.i.k.n.KeyIO           Load declarations of de.uka.ilkd.key.nparser.KeyAst$File:  <unknown>:1#1 
404648     INFO  Test worker     d.u.i.k.n.KeyIO           MODE: declarations took 0 ms 
404648     DEBUG Test worker     d.u.i.k.n.KeyIO           MODE: 2nd degree decls took 0 
404648     INFO  Test worker     d.u.i.k.n.KeyIO           Parsing took 0 ms 
404648     DEBUG Test worker     d.u.i.k.n.KeyIO           Load declarations of de.uka.ilkd.key.nparser.KeyAst$File:  <unknown>:1#1 
404648     INFO  Test worker     d.u.i.k.n.KeyIO           MODE: declarations took 0 ms 
404648     DEBUG Test worker     d.u.i.k.n.KeyIO           MODE: 2nd degree decls took 0 
407925     INFO  Test worker     d.u.i.k.n.KeyIO           Parsing took 0 ms 
407925     DEBUG Test worker     d.u.i.k.n.KeyIO           Load declarations of de.uka.ilkd.key.nparser.KeyAst$File:  <unknown>:1#1 
407925     INFO  Test worker     d.u.i.k.n.KeyIO           MODE: declarations took 0 ms 
407925     DEBUG Test worker     d.u.i.k.n.KeyIO           MODE: 2nd degree decls took 0 
407925     INFO  Test worker     d.u.i.k.n.KeyIO           Parsing took 0 ms 
407925     DEBUG Test worker     d.u.i.k.n.KeyIO           Load declarations of de.uka.ilkd.key.nparser.KeyAst$File:  <unknown>:1#1 
407925     INFO  Test worker     d.u.i.k.n.KeyIO           MODE: declarations took 0 ms 
407925     DEBUG Test worker     d.u.i.k.n.KeyIO           MODE: 2nd degree decls took 0 
407925     INFO  Test worker     d.u.i.k.n.KeyIO           Parsing took 0 ms 
407925     DEBUG Test worker     d.u.i.k.n.KeyIO           Load declarations of de.uka.ilkd.key.nparser.KeyAst$File:  <unknown>:1#1 
407925     INFO  Test worker     d.u.i.k.n.KeyIO           MODE: declarations took 0 ms 
407925     DEBUG Test worker     d.u.i.k.n.KeyIO           MODE: 2nd degree decls took 0 
407925     INFO  Test worker     d.u.i.k.n.KeyIO           Parsing took 0 ms 
407925     DEBUG Test worker     d.u.i.k.n.KeyIO           Load declarations of de.uka.ilkd.key.nparser.KeyAst$File:  <unknown>:1#1 
407925     INFO  Test worker     d.u.i.k.n.KeyIO           MODE: declarations took 0 ms 
407925     DEBUG Test worker     d.u.i.k.n.KeyIO           MODE: 2nd degree decls took 0 
407925     INFO  Test worker     d.u.i.k.n.KeyIO           Parsing took 0 ms 
407925     DEBUG Test worker     d.u.i.k.n.KeyIO           Load declarations of de.uka.ilkd.key.nparser.KeyAst$File:  <unknown>:1#1 
407925     INFO  Test worker     d.u.i.k.n.KeyIO           MODE: declarations took 0 ms 
407925     DEBUG Test worker     d.u.i.k.n.KeyIO           MODE: 2nd degree decls took 0 
411260     INFO  Test worker     d.u.i.k.n.KeyIO           Parsing took 0 ms 
411260     DEBUG Test worker     d.u.i.k.n.KeyIO           Load declarations of de.uka.ilkd.key.nparser.KeyAst$File:  <unknown>:1#1 
411260     INFO  Test worker     d.u.i.k.n.KeyIO           MODE: declarations took 0 ms 
411260     DEBUG Test worker     d.u.i.k.n.KeyIO           MODE: 2nd degree decls took 0 
411260     INFO  Test worker     d.u.i.k.n.KeyIO           Parsing took 0 ms 
411260     DEBUG Test worker     d.u.i.k.n.KeyIO           Load declarations of de.uka.ilkd.key.nparser.KeyAst$File:  <unknown>:1#1 
411260     INFO  Test worker     d.u.i.k.n.KeyIO           MODE: declarations took 0 ms 
411260     DEBUG Test worker     d.u.i.k.n.KeyIO           MODE: 2nd degree decls took 0 
411260     INFO  Test worker     d.u.i.k.n.KeyIO           Parsing took 0 ms 
411260     DEBUG Test worker     d.u.i.k.n.KeyIO           Load declarations of de.uka.ilkd.key.nparser.KeyAst$File:  <unknown>:1#1 
411260     INFO  Test worker     d.u.i.k.n.KeyIO           MODE: declarations took 0 ms 
411260     DEBUG Test worker     d.u.i.k.n.KeyIO           MODE: 2nd degree decls took 0 
411260     INFO  Test worker     d.u.i.k.n.KeyIO           Parsing took 0 ms 
411260     DEBUG Test worker     d.u.i.k.n.KeyIO           Load declarations of de.uka.ilkd.key.nparser.KeyAst$File:  <unknown>:1#1 
411260     INFO  Test worker     d.u.i.k.n.KeyIO           MODE: declarations took 0 ms 
411260     DEBUG Test worker     d.u.i.k.n.KeyIO           MODE: 2nd degree decls took 0 
411260     INFO  Test worker     d.u.i.k.n.KeyIO           Parsing took 0 ms 
411260     DEBUG Test worker     d.u.i.k.n.KeyIO           Load declarations of de.uka.ilkd.key.nparser.KeyAst$File:  <unknown>:1#1 
411260     INFO  Test worker     d.u.i.k.n.KeyIO           MODE: declarations took 0 ms 
411260     DEBUG Test worker     d.u.i.k.n.KeyIO           MODE: 2nd degree decls took 0 
411260     WARN  Test worker     d.u.i.k.n.KeYParser       [syntax-error] <unknown>:1:11: mismatched input '@' expecting {'/', ':=', '.', '(', ')', '{', '[', '@', PARALLEL, OR, AND, IMP, '=', NOT_EQUALS, '%', '*', '-', '+', '>', GREATEREQUAL, '<', LESSEQUAL, LGUILLEMETS, EQV} [@11,11:11='@',<153>,1:11] (termEOF) 
414469     INFO  Test worker     d.u.i.k.n.KeyIO           Parsing took 0 ms 
414469     DEBUG Test worker     d.u.i.k.n.KeyIO           Load declarations of de.uka.ilkd.key.nparser.KeyAst$File:  <unknown>:1#1 
414469     INFO  Test worker     d.u.i.k.n.KeyIO           MODE: declarations took 0 ms 
414469     DEBUG Test worker     d.u.i.k.n.KeyIO           MODE: 2nd degree decls took 0 
414469     INFO  Test worker     d.u.i.k.n.KeyIO           Parsing took 0 ms 
414469     DEBUG Test worker     d.u.i.k.n.KeyIO           Load declarations of de.uka.ilkd.key.nparser.KeyAst$File:  <unknown>:1#1 
414469     INFO  Test worker     d.u.i.k.n.KeyIO           MODE: declarations took 0 ms 
414469     DEBUG Test worker     d.u.i.k.n.KeyIO           MODE: 2nd degree decls took 0 
414469     INFO  Test worker     d.u.i.k.n.KeyIO           Parsing took 0 ms 
414469     DEBUG Test worker     d.u.i.k.n.KeyIO           Load declarations of de.uka.ilkd.key.nparser.KeyAst$File:  <unknown>:1#1 
414469     INFO  Test worker     d.u.i.k.n.KeyIO           MODE: declarations took 0 ms 
414469     DEBUG Test worker     d.u.i.k.n.KeyIO           MODE: 2nd degree decls took 0 
414469     INFO  Test worker     d.u.i.k.n.KeyIO           Parsing took 0 ms 
414469     DEBUG Test worker     d.u.i.k.n.KeyIO           Load declarations of de.uka.ilkd.key.nparser.KeyAst$File:  <unknown>:1#1 
414469     INFO  Test worker     d.u.i.k.n.KeyIO           MODE: declarations took 0 ms 
414469     DEBUG Test worker     d.u.i.k.n.KeyIO           MODE: 2nd degree decls took 0 
414469     INFO  Test worker     d.u.i.k.n.KeyIO           Parsing took 0 ms 
414469     DEBUG Test worker     d.u.i.k.n.KeyIO           Load declarations of de.uka.ilkd.key.nparser.KeyAst$File:  <unknown>:1#1 
414469     INFO  Test worker     d.u.i.k.n.KeyIO           MODE: declarations took 0 ms 
414469     DEBUG Test worker     d.u.i.k.n.KeyIO           MODE: 2nd degree decls took 0 
417789     INFO  Test worker     d.u.i.k.n.KeyIO           Parsing took 0 ms 
417789     DEBUG Test worker     d.u.i.k.n.KeyIO           Load declarations of de.uka.ilkd.key.nparser.KeyAst$File:  <unknown>:1#1 
417789     INFO  Test worker     d.u.i.k.n.KeyIO           MODE: declarations took 0 ms 
417789     DEBUG Test worker     d.u.i.k.n.KeyIO           MODE: 2nd degree decls took 0 
417789     INFO  Test worker     d.u.i.k.n.KeyIO           Parsing took 0 ms 
417789     DEBUG Test worker     d.u.i.k.n.KeyIO           Load declarations of de.uka.ilkd.key.nparser.KeyAst$File:  <unknown>:1#1 
417789     INFO  Test worker     d.u.i.k.n.KeyIO           MODE: declarations took 0 ms 
417789     DEBUG Test worker     d.u.i.k.n.KeyIO           MODE: 2nd degree decls took 0 
417789     INFO  Test worker     d.u.i.k.n.KeyIO           Parsing took 0 ms 
417789     DEBUG Test worker     d.u.i.k.n.KeyIO           Load declarations of de.uka.ilkd.key.nparser.KeyAst$File:  <unknown>:1#1 
417789     INFO  Test worker     d.u.i.k.n.KeyIO           MODE: declarations took 0 ms 
417789     DEBUG Test worker     d.u.i.k.n.KeyIO           MODE: 2nd degree decls took 0 
417789     INFO  Test worker     d.u.i.k.n.KeyIO           Parsing took 0 ms 
417789     DEBUG Test worker     d.u.i.k.n.KeyIO           Load declarations of de.uka.ilkd.key.nparser.KeyAst$File:  <unknown>:1#1 
417789     INFO  Test worker     d.u.i.k.n.KeyIO           MODE: declarations took 0 ms 
417789     DEBUG Test worker     d.u.i.k.n.KeyIO           MODE: 2nd degree decls took 0 
417789     INFO  Test worker     d.u.i.k.n.KeyIO           Parsing took 0 ms 
417789     DEBUG Test worker     d.u.i.k.n.KeyIO           Load declarations of de.uka.ilkd.key.nparser.KeyAst$File:  <unknown>:1#1 
417789     INFO  Test worker     d.u.i.k.n.KeyIO           MODE: declarations took 0 ms 
417804     DEBUG Test worker     d.u.i.k.n.KeyIO           MODE: 2nd degree decls took 0 
421082     INFO  Test worker     d.u.i.k.n.KeyIO           Parsing took 0 ms 
421082     DEBUG Test worker     d.u.i.k.n.KeyIO           Load declarations of de.uka.ilkd.key.nparser.KeyAst$File:  <unknown>:1#1 
421082     INFO  Test worker     d.u.i.k.n.KeyIO           MODE: declarations took 0 ms 
421082     DEBUG Test worker     d.u.i.k.n.KeyIO           MODE: 2nd degree decls took 0 
421082     INFO  Test worker     d.u.i.k.n.KeyIO           Parsing took 0 ms 
421082     DEBUG Test worker     d.u.i.k.n.KeyIO           Load declarations of de.uka.ilkd.key.nparser.KeyAst$File:  <unknown>:1#1 
421082     INFO  Test worker     d.u.i.k.n.KeyIO           MODE: declarations took 0 ms 
421082     DEBUG Test worker     d.u.i.k.n.KeyIO           MODE: 2nd degree decls took 0 
421082     INFO  Test worker     d.u.i.k.n.KeyIO           Parsing took 0 ms 
421082     DEBUG Test worker     d.u.i.k.n.KeyIO           Load declarations of de.uka.ilkd.key.nparser.KeyAst$File:  <unknown>:1#1 
421082     INFO  Test worker     d.u.i.k.n.KeyIO           MODE: declarations took 0 ms 
421082     DEBUG Test worker     d.u.i.k.n.KeyIO           MODE: 2nd degree decls took 0 
421082     INFO  Test worker     d.u.i.k.n.KeyIO           Parsing took 0 ms 
421082     DEBUG Test worker     d.u.i.k.n.KeyIO           Load declarations of de.uka.ilkd.key.nparser.KeyAst$File:  <unknown>:1#1 
421082     INFO  Test worker     d.u.i.k.n.KeyIO           MODE: declarations took 0 ms 
421082     DEBUG Test worker     d.u.i.k.n.KeyIO           MODE: 2nd degree decls took 0 
421082     INFO  Test worker     d.u.i.k.n.KeyIO           Parsing took 0 ms 
421082     DEBUG Test worker     d.u.i.k.n.KeyIO           Load declarations of de.uka.ilkd.key.nparser.KeyAst$File:  <unknown>:1#1 
421082     INFO  Test worker     d.u.i.k.n.KeyIO           MODE: declarations took 0 ms 
421082     DEBUG Test worker     d.u.i.k.n.KeyIO           MODE: 2nd degree decls took 0 
424349     INFO  Test worker     d.u.i.k.n.KeyIO           Parsing took 0 ms 
424349     DEBUG Test worker     d.u.i.k.n.KeyIO           Load declarations of de.uka.ilkd.key.nparser.KeyAst$File:  <unknown>:1#1 
424349     INFO  Test worker     d.u.i.k.n.KeyIO           MODE: declarations took 0 ms 
424349     DEBUG Test worker     d.u.i.k.n.KeyIO           MODE: 2nd degree decls took 0 
424349     INFO  Test worker     d.u.i.k.n.KeyIO           Parsing took 0 ms 
424349     DEBUG Test worker     d.u.i.k.n.KeyIO           Load declarations of de.uka.ilkd.key.nparser.KeyAst$File:  <unknown>:1#1 
424349     INFO  Test worker     d.u.i.k.n.KeyIO           MODE: declarations took 0 ms 
424349     DEBUG Test worker     d.u.i.k.n.KeyIO           MODE: 2nd degree decls took 0 
424349     INFO  Test worker     d.u.i.k.n.KeyIO           Parsing took 0 ms 
424349     DEBUG Test worker     d.u.i.k.n.KeyIO           Load declarations of de.uka.ilkd.key.nparser.KeyAst$File:  <unknown>:1#1 
424349     INFO  Test worker     d.u.i.k.n.KeyIO           MODE: declarations took 0 ms 
424349     DEBUG Test worker     d.u.i.k.n.KeyIO           MODE: 2nd degree decls took 0 
424349     INFO  Test worker     d.u.i.k.n.KeyIO           Parsing took 0 ms 
424349     DEBUG Test worker     d.u.i.k.n.KeyIO           Load declarations of de.uka.ilkd.key.nparser.KeyAst$File:  <unknown>:1#1 
424349     INFO  Test worker     d.u.i.k.n.KeyIO           MODE: declarations took 0 ms 
424349     DEBUG Test worker     d.u.i.k.n.KeyIO           MODE: 2nd degree decls took 0 
424349     INFO  Test worker     d.u.i.k.n.KeyIO           Parsing took 0 ms 
424349     DEBUG Test worker     d.u.i.k.n.KeyIO           Load declarations of de.uka.ilkd.key.nparser.KeyAst$File:  <unknown>:1#1 
424349     INFO  Test worker     d.u.i.k.n.KeyIO           MODE: declarations took 0 ms 
424349     DEBUG Test worker     d.u.i.k.n.KeyIO           MODE: 2nd degree decls took 0 
427649     INFO  Test worker     d.u.i.k.n.KeyIO           Parsing took 0 ms 
427649     DEBUG Test worker     d.u.i.k.n.KeyIO           Load declarations of de.uka.ilkd.key.nparser.KeyAst$File:  <unknown>:1#1 
427649     INFO  Test worker     d.u.i.k.n.KeyIO           MODE: declarations took 0 ms 
427649     DEBUG Test worker     d.u.i.k.n.KeyIO           MODE: 2nd degree decls took 0 
427649     INFO  Test worker     d.u.i.k.n.KeyIO           Parsing took 0 ms 
427649     DEBUG Test worker     d.u.i.k.n.KeyIO           Load declarations of de.uka.ilkd.key.nparser.KeyAst$File:  <unknown>:1#1 
427649     INFO  Test worker     d.u.i.k.n.KeyIO           MODE: declarations took 0 ms 
427649     DEBUG Test worker     d.u.i.k.n.KeyIO           MODE: 2nd degree decls took 0 
427649     INFO  Test worker     d.u.i.k.n.KeyIO           Parsing took 0 ms 
427649     DEBUG Test worker     d.u.i.k.n.KeyIO           Load declarations of de.uka.ilkd.key.nparser.KeyAst$File:  <unknown>:1#1 
427649     INFO  Test worker     d.u.i.k.n.KeyIO           MODE: declarations took 0 ms 
427649     DEBUG Test worker     d.u.i.k.n.KeyIO           MODE: 2nd degree decls took 0 
427649     INFO  Test worker     d.u.i.k.n.KeyIO           Parsing took 0 ms 
427649     DEBUG Test worker     d.u.i.k.n.KeyIO           Load declarations of de.uka.ilkd.key.nparser.KeyAst$File:  <unknown>:1#1 
427649     INFO  Test worker     d.u.i.k.n.KeyIO           MODE: declarations took 0 ms 
427649     DEBUG Test worker     d.u.i.k.n.KeyIO           MODE: 2nd degree decls took 0 
427649     INFO  Test worker     d.u.i.k.n.KeyIO           Parsing took 0 ms 
427649     DEBUG Test worker     d.u.i.k.n.KeyIO           Load declarations of de.uka.ilkd.key.nparser.KeyAst$File:  <unknown>:1#1 
427649     INFO  Test worker     d.u.i.k.n.KeyIO           MODE: declarations took 0 ms 
427649     DEBUG Test worker     d.u.i.k.n.KeyIO           MODE: 2nd degree decls took 0 
431048     INFO  Test worker     d.u.i.k.n.KeyIO           Parsing took 0 ms 
431048     DEBUG Test worker     d.u.i.k.n.KeyIO           Load declarations of de.uka.ilkd.key.nparser.KeyAst$File:  <unknown>:1#1 
431048     INFO  Test worker     d.u.i.k.n.KeyIO           MODE: declarations took 0 ms 
431048     DEBUG Test worker     d.u.i.k.n.KeyIO           MODE: 2nd degree decls took 0 
431048     INFO  Test worker     d.u.i.k.n.KeyIO           Parsing took 0 ms 
431048     DEBUG Test worker     d.u.i.k.n.KeyIO           Load declarations of de.uka.ilkd.key.nparser.KeyAst$File:  <unknown>:1#1 
431048     INFO  Test worker     d.u.i.k.n.KeyIO           MODE: declarations took 0 ms 
431048     DEBUG Test worker     d.u.i.k.n.KeyIO           MODE: 2nd degree decls took 0 
431048     INFO  Test worker     d.u.i.k.n.KeyIO           Parsing took 0 ms 
431048     DEBUG Test worker     d.u.i.k.n.KeyIO           Load declarations of de.uka.ilkd.key.nparser.KeyAst$File:  <unknown>:1#1 
431079     INFO  Test worker     d.u.i.k.n.KeyIO           MODE: declarations took 31 ms 
431079     DEBUG Test worker     d.u.i.k.n.KeyIO           MODE: 2nd degree decls took 0 
431079     INFO  Test worker     d.u.i.k.n.KeyIO           Parsing took 0 ms 
431079     DEBUG Test worker     d.u.i.k.n.KeyIO           Load declarations of de.uka.ilkd.key.nparser.KeyAst$File:  <unknown>:1#1 
431079     INFO  Test worker     d.u.i.k.n.KeyIO           MODE: declarations took 0 ms 
431079     DEBUG Test worker     d.u.i.k.n.KeyIO           MODE: 2nd degree decls took 0 
431079     INFO  Test worker     d.u.i.k.n.KeyIO           Parsing took 0 ms 
431079     DEBUG Test worker     d.u.i.k.n.KeyIO           Load declarations of de.uka.ilkd.key.nparser.KeyAst$File:  <unknown>:1#1 
431079     INFO  Test worker     d.u.i.k.n.KeyIO           MODE: declarations took 0 ms 
431079     DEBUG Test worker     d.u.i.k.n.KeyIO           MODE: 2nd degree decls took 0 
434575     INFO  Test worker     d.u.i.k.n.KeyIO           Parsing took 0 ms 
434575     DEBUG Test worker     d.u.i.k.n.KeyIO           Load declarations of de.uka.ilkd.key.nparser.KeyAst$File:  <unknown>:1#1 
434575     INFO  Test worker     d.u.i.k.n.KeyIO           MODE: declarations took 0 ms 
434575     DEBUG Test worker     d.u.i.k.n.KeyIO           MODE: 2nd degree decls took 0 
434575     INFO  Test worker     d.u.i.k.n.KeyIO           Parsing took 0 ms 
434575     DEBUG Test worker     d.u.i.k.n.KeyIO           Load declarations of de.uka.ilkd.key.nparser.KeyAst$File:  <unknown>:1#1 
434575     INFO  Test worker     d.u.i.k.n.KeyIO           MODE: declarations took 0 ms 
434575     DEBUG Test worker     d.u.i.k.n.KeyIO           MODE: 2nd degree decls took 0 
434575     INFO  Test worker     d.u.i.k.n.KeyIO           Parsing took 0 ms 
434575     DEBUG Test worker     d.u.i.k.n.KeyIO           Load declarations of de.uka.ilkd.key.nparser.KeyAst$File:  <unknown>:1#1 
434575     INFO  Test worker     d.u.i.k.n.KeyIO           MODE: declarations took 0 ms 
434575     DEBUG Test worker     d.u.i.k.n.KeyIO           MODE: 2nd degree decls took 0 
434575     INFO  Test worker     d.u.i.k.n.KeyIO           Parsing took 0 ms 
434575     DEBUG Test worker     d.u.i.k.n.KeyIO           Load declarations of de.uka.ilkd.key.nparser.KeyAst$File:  <unknown>:1#1 
434575     INFO  Test worker     d.u.i.k.n.KeyIO           MODE: declarations took 0 ms 
434575     DEBUG Test worker     d.u.i.k.n.KeyIO           MODE: 2nd degree decls took 0 
434575     INFO  Test worker     d.u.i.k.n.KeyIO           Parsing took 0 ms 
434575     DEBUG Test worker     d.u.i.k.n.KeyIO           Load declarations of de.uka.ilkd.key.nparser.KeyAst$File:  <unknown>:1#1 
434591     INFO  Test worker     d.u.i.k.n.KeyIO           MODE: declarations took 16 ms 
434591     DEBUG Test worker     d.u.i.k.n.KeyIO           MODE: 2nd degree decls took 0 
437901     INFO  Test worker     d.u.i.k.n.KeyIO           Parsing took 0 ms 
437901     DEBUG Test worker     d.u.i.k.n.KeyIO           Load declarations of de.uka.ilkd.key.nparser.KeyAst$File:  <unknown>:1#1 
437901     INFO  Test worker     d.u.i.k.n.KeyIO           MODE: declarations took 0 ms 
437901     DEBUG Test worker     d.u.i.k.n.KeyIO           MODE: 2nd degree decls took 0 
437901     INFO  Test worker     d.u.i.k.n.KeyIO           Parsing took 0 ms 
437901     DEBUG Test worker     d.u.i.k.n.KeyIO           Load declarations of de.uka.ilkd.key.nparser.KeyAst$File:  <unknown>:1#1 
437901     INFO  Test worker     d.u.i.k.n.KeyIO           MODE: declarations took 0 ms 
437901     DEBUG Test worker     d.u.i.k.n.KeyIO           MODE: 2nd degree decls took 0 
437901     INFO  Test worker     d.u.i.k.n.KeyIO           Parsing took 0 ms 
437901     DEBUG Test worker     d.u.i.k.n.KeyIO           Load declarations of de.uka.ilkd.key.nparser.KeyAst$File:  <unknown>:1#1 
437901     INFO  Test worker     d.u.i.k.n.KeyIO           MODE: declarations took 0 ms 
437901     DEBUG Test worker     d.u.i.k.n.KeyIO           MODE: 2nd degree decls took 0 
437901     INFO  Test worker     d.u.i.k.n.KeyIO           Parsing took 0 ms 
437901     DEBUG Test worker     d.u.i.k.n.KeyIO           Load declarations of de.uka.ilkd.key.nparser.KeyAst$File:  <unknown>:1#1 
437901     INFO  Test worker     d.u.i.k.n.KeyIO           MODE: declarations took 0 ms 
437901     DEBUG Test worker     d.u.i.k.n.KeyIO           MODE: 2nd degree decls took 0 
437901     INFO  Test worker     d.u.i.k.n.KeyIO           Parsing took 0 ms 
437901     DEBUG Test worker     d.u.i.k.n.KeyIO           Load declarations of de.uka.ilkd.key.nparser.KeyAst$File:  <unknown>:1#1 
437901     INFO  Test worker     d.u.i.k.n.KeyIO           MODE: declarations took 0 ms 
437901     DEBUG Test worker     d.u.i.k.n.KeyIO           MODE: 2nd degree decls took 0 
441239     INFO  Test worker     d.u.i.k.n.KeyIO           Parsing took 0 ms 
441239     DEBUG Test worker     d.u.i.k.n.KeyIO           Load declarations of de.uka.ilkd.key.nparser.KeyAst$File:  <unknown>:1#1 
441239     INFO  Test worker     d.u.i.k.n.KeyIO           MODE: declarations took 0 ms 
441239     DEBUG Test worker     d.u.i.k.n.KeyIO           MODE: 2nd degree decls took 0 
441239     INFO  Test worker     d.u.i.k.n.KeyIO           Parsing took 0 ms 
441239     DEBUG Test worker     d.u.i.k.n.KeyIO           Load declarations of de.uka.ilkd.key.nparser.KeyAst$File:  <unknown>:1#1 
441239     INFO  Test worker     d.u.i.k.n.KeyIO           MODE: declarations took 0 ms 
441239     DEBUG Test worker     d.u.i.k.n.KeyIO           MODE: 2nd degree decls took 0 
441239     INFO  Test worker     d.u.i.k.n.KeyIO           Parsing took 0 ms 
441239     DEBUG Test worker     d.u.i.k.n.KeyIO           Load declarations of de.uka.ilkd.key.nparser.KeyAst$File:  <unknown>:1#1 
441239     INFO  Test worker     d.u.i.k.n.KeyIO           MODE: declarations took 0 ms 
441239     DEBUG Test worker     d.u.i.k.n.KeyIO           MODE: 2nd degree decls took 0 
441239     INFO  Test worker     d.u.i.k.n.KeyIO           Parsing took 0 ms 
441239     DEBUG Test worker     d.u.i.k.n.KeyIO           Load declarations of de.uka.ilkd.key.nparser.KeyAst$File:  <unknown>:1#1 
441239     INFO  Test worker     d.u.i.k.n.KeyIO           MODE: declarations took 0 ms 
441239     DEBUG Test worker     d.u.i.k.n.KeyIO           MODE: 2nd degree decls took 0 
441239     INFO  Test worker     d.u.i.k.n.KeyIO           Parsing took 0 ms 
441239     DEBUG Test worker     d.u.i.k.n.KeyIO           Load declarations of de.uka.ilkd.key.nparser.KeyAst$File:  <unknown>:1#1 
441239     INFO  Test worker     d.u.i.k.n.KeyIO           MODE: declarations took 0 ms 
441239     DEBUG Test worker     d.u.i.k.n.KeyIO           MODE: 2nd degree decls took 0 
444514     INFO  Test worker     d.u.i.k.n.KeyIO           Parsing took 0 ms 
444514     DEBUG Test worker     d.u.i.k.n.KeyIO           Load declarations of de.uka.ilkd.key.nparser.KeyAst$File:  <unknown>:1#1 
444514     INFO  Test worker     d.u.i.k.n.KeyIO           MODE: declarations took 0 ms 
444514     DEBUG Test worker     d.u.i.k.n.KeyIO           MODE: 2nd degree decls took 0 
444514     INFO  Test worker     d.u.i.k.n.KeyIO           Parsing took 0 ms 
444514     DEBUG Test worker     d.u.i.k.n.KeyIO           Load declarations of de.uka.ilkd.key.nparser.KeyAst$File:  <unknown>:1#1 
444514     INFO  Test worker     d.u.i.k.n.KeyIO           MODE: declarations took 0 ms 
444514     DEBUG Test worker     d.u.i.k.n.KeyIO           MODE: 2nd degree decls took 0 
444514     INFO  Test worker     d.u.i.k.n.KeyIO           Parsing took 0 ms 
444514     DEBUG Test worker     d.u.i.k.n.KeyIO           Load declarations of de.uka.ilkd.key.nparser.KeyAst$File:  <unknown>:1#1 
444514     INFO  Test worker     d.u.i.k.n.KeyIO           MODE: declarations took 0 ms 
444514     DEBUG Test worker     d.u.i.k.n.KeyIO           MODE: 2nd degree decls took 0 
444514     INFO  Test worker     d.u.i.k.n.KeyIO           Parsing took 0 ms 
444514     DEBUG Test worker     d.u.i.k.n.KeyIO           Load declarations of de.uka.ilkd.key.nparser.KeyAst$File:  <unknown>:1#1 
444514     INFO  Test worker     d.u.i.k.n.KeyIO           MODE: declarations took 0 ms 
444514     DEBUG Test worker     d.u.i.k.n.KeyIO           MODE: 2nd degree decls took 0 
444514     INFO  Test worker     d.u.i.k.n.KeyIO           Parsing took 0 ms 
444514     DEBUG Test worker     d.u.i.k.n.KeyIO           Load declarations of de.uka.ilkd.key.nparser.KeyAst$File:  <unknown>:1#1 
444514     INFO  Test worker     d.u.i.k.n.KeyIO           MODE: declarations took 0 ms 
444514     DEBUG Test worker     d.u.i.k.n.KeyIO           MODE: 2nd degree decls took 0 
447861     INFO  Test worker     d.u.i.k.n.KeyIO           Parsing took 0 ms 
447861     DEBUG Test worker     d.u.i.k.n.KeyIO           Load declarations of de.uka.ilkd.key.nparser.KeyAst$File:  <unknown>:1#1 
447861     INFO  Test worker     d.u.i.k.n.KeyIO           MODE: declarations took 0 ms 
447861     DEBUG Test worker     d.u.i.k.n.KeyIO           MODE: 2nd degree decls took 0 
447861     INFO  Test worker     d.u.i.k.n.KeyIO           Parsing took 0 ms 
447861     DEBUG Test worker     d.u.i.k.n.KeyIO           Load declarations of de.uka.ilkd.key.nparser.KeyAst$File:  <unknown>:1#1 
447861     INFO  Test worker     d.u.i.k.n.KeyIO           MODE: declarations took 0 ms 
447861     DEBUG Test worker     d.u.i.k.n.KeyIO           MODE: 2nd degree decls took 0 
447861     INFO  Test worker     d.u.i.k.n.KeyIO           Parsing took 0 ms 
447861     DEBUG Test worker     d.u.i.k.n.KeyIO           Load declarations of de.uka.ilkd.key.nparser.KeyAst$File:  <unknown>:1#1 
447861     INFO  Test worker     d.u.i.k.n.KeyIO           MODE: declarations took 0 ms 
447861     DEBUG Test worker     d.u.i.k.n.KeyIO           MODE: 2nd degree decls took 0 
447861     INFO  Test worker     d.u.i.k.n.KeyIO           Parsing took 0 ms 
447861     DEBUG Test worker     d.u.i.k.n.KeyIO           Load declarations of de.uka.ilkd.key.nparser.KeyAst$File:  <unknown>:1#1 
447861     INFO  Test worker     d.u.i.k.n.KeyIO           MODE: declarations took 0 ms 
447861     DEBUG Test worker     d.u.i.k.n.KeyIO           MODE: 2nd degree decls took 0 
447861     INFO  Test worker     d.u.i.k.n.KeyIO           Parsing took 0 ms 
447861     DEBUG Test worker     d.u.i.k.n.KeyIO           Load declarations of de.uka.ilkd.key.nparser.KeyAst$File:  <unknown>:1#1 
447861     INFO  Test worker     d.u.i.k.n.KeyIO           MODE: declarations took 0 ms 
447861     DEBUG Test worker     d.u.i.k.n.KeyIO           MODE: 2nd degree decls took 0 
451082     INFO  Test worker     d.u.i.k.n.KeyIO           Parsing took 0 ms 
451082     DEBUG Test worker     d.u.i.k.n.KeyIO           Load declarations of de.uka.ilkd.key.nparser.KeyAst$File:  <unknown>:1#1 
451082     INFO  Test worker     d.u.i.k.n.KeyIO           MODE: declarations took 0 ms 
451082     DEBUG Test worker     d.u.i.k.n.KeyIO           MODE: 2nd degree decls took 0 
451082     INFO  Test worker     d.u.i.k.n.KeyIO           Parsing took 0 ms 
451082     DEBUG Test worker     d.u.i.k.n.KeyIO           Load declarations of de.uka.ilkd.key.nparser.KeyAst$File:  <unknown>:1#1 
451082     INFO  Test worker     d.u.i.k.n.KeyIO           MODE: declarations took 0 ms 
451082     DEBUG Test worker     d.u.i.k.n.KeyIO           MODE: 2nd degree decls took 0 
451082     INFO  Test worker     d.u.i.k.n.KeyIO           Parsing took 0 ms 
451082     DEBUG Test worker     d.u.i.k.n.KeyIO           Load declarations of de.uka.ilkd.key.nparser.KeyAst$File:  <unknown>:1#1 
451082     INFO  Test worker     d.u.i.k.n.KeyIO           MODE: declarations took 0 ms 
451082     DEBUG Test worker     d.u.i.k.n.KeyIO           MODE: 2nd degree decls took 0 
451082     INFO  Test worker     d.u.i.k.n.KeyIO           Parsing took 0 ms 
451082     DEBUG Test worker     d.u.i.k.n.KeyIO           Load declarations of de.uka.ilkd.key.nparser.KeyAst$File:  <unknown>:1#1 
451082     INFO  Test worker     d.u.i.k.n.KeyIO           MODE: declarations took 0 ms 
451082     DEBUG Test worker     d.u.i.k.n.KeyIO           MODE: 2nd degree decls took 0 
451082     INFO  Test worker     d.u.i.k.n.KeyIO           Parsing took 0 ms 
451082     DEBUG Test worker     d.u.i.k.n.KeyIO           Load declarations of de.uka.ilkd.key.nparser.KeyAst$File:  <unknown>:1#1 
451082     INFO  Test worker     d.u.i.k.n.KeyIO           MODE: declarations took 0 ms 
451082     DEBUG Test worker     d.u.i.k.n.KeyIO           MODE: 2nd degree decls took 0 
454275     INFO  Test worker     d.u.i.k.n.KeyIO           Parsing took 0 ms 
454275     DEBUG Test worker     d.u.i.k.n.KeyIO           Load declarations of de.uka.ilkd.key.nparser.KeyAst$File:  <unknown>:1#1 
454275     INFO  Test worker     d.u.i.k.n.KeyIO           MODE: declarations took 0 ms 
454275     DEBUG Test worker     d.u.i.k.n.KeyIO           MODE: 2nd degree decls took 0 
454275     INFO  Test worker     d.u.i.k.n.KeyIO           Parsing took 0 ms 
454275     DEBUG Test worker     d.u.i.k.n.KeyIO           Load declarations of de.uka.ilkd.key.nparser.KeyAst$File:  <unknown>:1#1 
454275     INFO  Test worker     d.u.i.k.n.KeyIO           MODE: declarations took 0 ms 
454275     DEBUG Test worker     d.u.i.k.n.KeyIO           MODE: 2nd degree decls took 0 
454275     INFO  Test worker     d.u.i.k.n.KeyIO           Parsing took 0 ms 
454275     DEBUG Test worker     d.u.i.k.n.KeyIO           Load declarations of de.uka.ilkd.key.nparser.KeyAst$File:  <unknown>:1#1 
454275     INFO  Test worker     d.u.i.k.n.KeyIO           MODE: declarations took 0 ms 
454275     DEBUG Test worker     d.u.i.k.n.KeyIO           MODE: 2nd degree decls took 0 
454275     INFO  Test worker     d.u.i.k.n.KeyIO           Parsing took 0 ms 
454275     DEBUG Test worker     d.u.i.k.n.KeyIO           Load declarations of de.uka.ilkd.key.nparser.KeyAst$File:  <unknown>:1#1 
454275     INFO  Test worker     d.u.i.k.n.KeyIO           MODE: declarations took 0 ms 
454275     DEBUG Test worker     d.u.i.k.n.KeyIO           MODE: 2nd degree decls took 0 
454275     INFO  Test worker     d.u.i.k.n.KeyIO           Parsing took 0 ms 
454275     DEBUG Test worker     d.u.i.k.n.KeyIO           Load declarations of de.uka.ilkd.key.nparser.KeyAst$File:  <unknown>:1#1 
454275     INFO  Test worker     d.u.i.k.n.KeyIO           MODE: declarations took 0 ms 
454275     DEBUG Test worker     d.u.i.k.n.KeyIO           MODE: 2nd degree decls took 0 
457495     INFO  Test worker     d.u.i.k.n.KeyIO           Parsing took 0 ms 
457495     DEBUG Test worker     d.u.i.k.n.KeyIO           Load declarations of de.uka.ilkd.key.nparser.KeyAst$File:  <unknown>:1#1 
457495     INFO  Test worker     d.u.i.k.n.KeyIO           MODE: declarations took 0 ms 
457495     DEBUG Test worker     d.u.i.k.n.KeyIO           MODE: 2nd degree decls took 0 
457495     INFO  Test worker     d.u.i.k.n.KeyIO           Parsing took 0 ms 
457510     DEBUG Test worker     d.u.i.k.n.KeyIO           Load declarations of de.uka.ilkd.key.nparser.KeyAst$File:  <unknown>:1#1 
457510     INFO  Test worker     d.u.i.k.n.KeyIO           MODE: declarations took 0 ms 
457510     DEBUG Test worker     d.u.i.k.n.KeyIO           MODE: 2nd degree decls took 0 
457510     INFO  Test worker     d.u.i.k.n.KeyIO           Parsing took 0 ms 
457510     DEBUG Test worker     d.u.i.k.n.KeyIO           Load declarations of de.uka.ilkd.key.nparser.KeyAst$File:  <unknown>:1#1 
457510     INFO  Test worker     d.u.i.k.n.KeyIO           MODE: declarations took 0 ms 
457510     DEBUG Test worker     d.u.i.k.n.KeyIO           MODE: 2nd degree decls took 0 
457510     INFO  Test worker     d.u.i.k.n.KeyIO           Parsing took 0 ms 
457510     DEBUG Test worker     d.u.i.k.n.KeyIO           Load declarations of de.uka.ilkd.key.nparser.KeyAst$File:  <unknown>:1#1 
457510     INFO  Test worker     d.u.i.k.n.KeyIO           MODE: declarations took 0 ms 
457510     DEBUG Test worker     d.u.i.k.n.KeyIO           MODE: 2nd degree decls took 0 
457510     INFO  Test worker     d.u.i.k.n.KeyIO           Parsing took 0 ms 
457510     DEBUG Test worker     d.u.i.k.n.KeyIO           Load declarations of de.uka.ilkd.key.nparser.KeyAst$File:  <unknown>:1#1 
457510     INFO  Test worker     d.u.i.k.n.KeyIO           MODE: declarations took 0 ms 
457510     DEBUG Test worker     d.u.i.k.n.KeyIO           MODE: 2nd degree decls took 0 
460736     INFO  Test worker     d.u.i.k.n.KeyIO           Parsing took 0 ms 
460736     DEBUG Test worker     d.u.i.k.n.KeyIO           Load declarations of de.uka.ilkd.key.nparser.KeyAst$File:  <unknown>:1#1 
460736     INFO  Test worker     d.u.i.k.n.KeyIO           MODE: declarations took 0 ms 
460736     DEBUG Test worker     d.u.i.k.n.KeyIO           MODE: 2nd degree decls took 0 
460736     INFO  Test worker     d.u.i.k.n.KeyIO           Parsing took 0 ms 
460736     DEBUG Test worker     d.u.i.k.n.KeyIO           Load declarations of de.uka.ilkd.key.nparser.KeyAst$File:  <unknown>:1#1 
460736     INFO  Test worker     d.u.i.k.n.KeyIO           MODE: declarations took 0 ms 
460736     DEBUG Test worker     d.u.i.k.n.KeyIO           MODE: 2nd degree decls took 0 
460736     INFO  Test worker     d.u.i.k.n.KeyIO           Parsing took 0 ms 
460736     DEBUG Test worker     d.u.i.k.n.KeyIO           Load declarations of de.uka.ilkd.key.nparser.KeyAst$File:  <unknown>:1#1 
460736     INFO  Test worker     d.u.i.k.n.KeyIO           MODE: declarations took 0 ms 
460736     DEBUG Test worker     d.u.i.k.n.KeyIO           MODE: 2nd degree decls took 0 
460736     INFO  Test worker     d.u.i.k.n.KeyIO           Parsing took 0 ms 
460736     DEBUG Test worker     d.u.i.k.n.KeyIO           Load declarations of de.uka.ilkd.key.nparser.KeyAst$File:  <unknown>:1#1 
460736     INFO  Test worker     d.u.i.k.n.KeyIO           MODE: declarations took 0 ms 
460736     DEBUG Test worker     d.u.i.k.n.KeyIO           MODE: 2nd degree decls took 0 
460736     INFO  Test worker     d.u.i.k.n.KeyIO           Parsing took 0 ms 
460736     DEBUG Test worker     d.u.i.k.n.KeyIO           Load declarations of de.uka.ilkd.key.nparser.KeyAst$File:  <unknown>:1#1 
460736     INFO  Test worker     d.u.i.k.n.KeyIO           MODE: declarations took 0 ms 
460736     DEBUG Test worker     d.u.i.k.n.KeyIO           MODE: 2nd degree decls took 0 
463924     INFO  Test worker     d.u.i.k.n.KeyIO           Parsing took 0 ms 
463924     DEBUG Test worker     d.u.i.k.n.KeyIO           Load declarations of de.uka.ilkd.key.nparser.KeyAst$File:  <unknown>:1#1 
463924     INFO  Test worker     d.u.i.k.n.KeyIO           MODE: declarations took 0 ms 
463924     DEBUG Test worker     d.u.i.k.n.KeyIO           MODE: 2nd degree decls took 0 
463924     INFO  Test worker     d.u.i.k.n.KeyIO           Parsing took 0 ms 
463924     DEBUG Test worker     d.u.i.k.n.KeyIO           Load declarations of de.uka.ilkd.key.nparser.KeyAst$File:  <unknown>:1#1 
463924     INFO  Test worker     d.u.i.k.n.KeyIO           MODE: declarations took 0 ms 
463924     DEBUG Test worker     d.u.i.k.n.KeyIO           MODE: 2nd degree decls took 0 
463924     INFO  Test worker     d.u.i.k.n.KeyIO           Parsing took 0 ms 
463924     DEBUG Test worker     d.u.i.k.n.KeyIO           Load declarations of de.uka.ilkd.key.nparser.KeyAst$File:  <unknown>:1#1 
463924     INFO  Test worker     d.u.i.k.n.KeyIO           MODE: declarations took 0 ms 
463924     DEBUG Test worker     d.u.i.k.n.KeyIO           MODE: 2nd degree decls took 0 
463924     INFO  Test worker     d.u.i.k.n.KeyIO           Parsing took 0 ms 
463924     DEBUG Test worker     d.u.i.k.n.KeyIO           Load declarations of de.uka.ilkd.key.nparser.KeyAst$File:  <unknown>:1#1 
463924     INFO  Test worker     d.u.i.k.n.KeyIO           MODE: declarations took 0 ms 
463924     DEBUG Test worker     d.u.i.k.n.KeyIO           MODE: 2nd degree decls took 0 
463924     INFO  Test worker     d.u.i.k.n.KeyIO           Parsing took 0 ms 
463924     DEBUG Test worker     d.u.i.k.n.KeyIO           Load declarations of de.uka.ilkd.key.nparser.KeyAst$File:  <unknown>:1#1 
463924     INFO  Test worker     d.u.i.k.n.KeyIO           MODE: declarations took 0 ms 
463924     DEBUG Test worker     d.u.i.k.n.KeyIO           MODE: 2nd degree decls took 0 
467138     INFO  Test worker     d.u.i.k.n.KeyIO           Parsing took 0 ms 
467138     DEBUG Test worker     d.u.i.k.n.KeyIO           Load declarations of de.uka.ilkd.key.nparser.KeyAst$File:  <unknown>:1#1 
467138     INFO  Test worker     d.u.i.k.n.KeyIO           MODE: declarations took 0 ms 
467138     DEBUG Test worker     d.u.i.k.n.KeyIO           MODE: 2nd degree decls took 0 
467138     INFO  Test worker     d.u.i.k.n.KeyIO           Parsing took 0 ms 
467138     DEBUG Test worker     d.u.i.k.n.KeyIO           Load declarations of de.uka.ilkd.key.nparser.KeyAst$File:  <unknown>:1#1 
467138     INFO  Test worker     d.u.i.k.n.KeyIO           MODE: declarations took 0 ms 
467138     DEBUG Test worker     d.u.i.k.n.KeyIO           MODE: 2nd degree decls took 0 
467138     INFO  Test worker     d.u.i.k.n.KeyIO           Parsing took 0 ms 
467138     DEBUG Test worker     d.u.i.k.n.KeyIO           Load declarations of de.uka.ilkd.key.nparser.KeyAst$File:  <unknown>:1#1 
467138     INFO  Test worker     d.u.i.k.n.KeyIO           MODE: declarations took 0 ms 
467138     DEBUG Test worker     d.u.i.k.n.KeyIO           MODE: 2nd degree decls took 0 
467153     INFO  Test worker     d.u.i.k.n.KeyIO           Parsing took 15 ms 
467153     DEBUG Test worker     d.u.i.k.n.KeyIO           Load declarations of de.uka.ilkd.key.nparser.KeyAst$File:  <unknown>:1#1 
467153     INFO  Test worker     d.u.i.k.n.KeyIO           MODE: declarations took 0 ms 
467153     DEBUG Test worker     d.u.i.k.n.KeyIO           MODE: 2nd degree decls took 0 
467153     INFO  Test worker     d.u.i.k.n.KeyIO           Parsing took 0 ms 
467153     DEBUG Test worker     d.u.i.k.n.KeyIO           Load declarations of de.uka.ilkd.key.nparser.KeyAst$File:  <unknown>:1#1 
467153     INFO  Test worker     d.u.i.k.n.KeyIO           MODE: declarations took 0 ms 
467153     DEBUG Test worker     d.u.i.k.n.KeyIO           MODE: 2nd degree decls took 0 
470377     INFO  Test worker     d.u.i.k.n.KeyIO           Parsing took 0 ms 
470377     DEBUG Test worker     d.u.i.k.n.KeyIO           Load declarations of de.uka.ilkd.key.nparser.KeyAst$File:  <unknown>:1#1 
470377     INFO  Test worker     d.u.i.k.n.KeyIO           MODE: declarations took 0 ms 
470377     DEBUG Test worker     d.u.i.k.n.KeyIO           MODE: 2nd degree decls took 0 
470377     INFO  Test worker     d.u.i.k.n.KeyIO           Parsing took 0 ms 
470377     DEBUG Test worker     d.u.i.k.n.KeyIO           Load declarations of de.uka.ilkd.key.nparser.KeyAst$File:  <unknown>:1#1 
470377     INFO  Test worker     d.u.i.k.n.KeyIO           MODE: declarations took 0 ms 
470377     DEBUG Test worker     d.u.i.k.n.KeyIO           MODE: 2nd degree decls took 0 
470377     INFO  Test worker     d.u.i.k.n.KeyIO           Parsing took 0 ms 
470377     DEBUG Test worker     d.u.i.k.n.KeyIO           Load declarations of de.uka.ilkd.key.nparser.KeyAst$File:  <unknown>:1#1 
470377     INFO  Test worker     d.u.i.k.n.KeyIO           MODE: declarations took 0 ms 
470377     DEBUG Test worker     d.u.i.k.n.KeyIO           MODE: 2nd degree decls took 0 
470377     INFO  Test worker     d.u.i.k.n.KeyIO           Parsing took 0 ms 
470377     DEBUG Test worker     d.u.i.k.n.KeyIO           Load declarations of de.uka.ilkd.key.nparser.KeyAst$File:  <unknown>:1#1 
470377     INFO  Test worker     d.u.i.k.n.KeyIO           MODE: declarations took 0 ms 
470377     DEBUG Test worker     d.u.i.k.n.KeyIO           MODE: 2nd degree decls took 0 
470377     INFO  Test worker     d.u.i.k.n.KeyIO           Parsing took 0 ms 
470377     DEBUG Test worker     d.u.i.k.n.KeyIO           Load declarations of de.uka.ilkd.key.nparser.KeyAst$File:  <unknown>:1#1 
470377     INFO  Test worker     d.u.i.k.n.KeyIO           MODE: declarations took 0 ms 
470377     DEBUG Test worker     d.u.i.k.n.KeyIO           MODE: 2nd degree decls took 0 
473558     INFO  Test worker     d.u.i.k.n.KeyIO           Parsing took 0 ms 
473558     DEBUG Test worker     d.u.i.k.n.KeyIO           Load declarations of de.uka.ilkd.key.nparser.KeyAst$File:  <unknown>:1#1 
473558     INFO  Test worker     d.u.i.k.n.KeyIO           MODE: declarations took 0 ms 
473558     DEBUG Test worker     d.u.i.k.n.KeyIO           MODE: 2nd degree decls took 0 
473558     INFO  Test worker     d.u.i.k.n.KeyIO           Parsing took 0 ms 
473558     DEBUG Test worker     d.u.i.k.n.KeyIO           Load declarations of de.uka.ilkd.key.nparser.KeyAst$File:  <unknown>:1#1 
473558     INFO  Test worker     d.u.i.k.n.KeyIO           MODE: declarations took 0 ms 
473558     DEBUG Test worker     d.u.i.k.n.KeyIO           MODE: 2nd degree decls took 0 
473558     INFO  Test worker     d.u.i.k.n.KeyIO           Parsing took 0 ms 
473558     DEBUG Test worker     d.u.i.k.n.KeyIO           Load declarations of de.uka.ilkd.key.nparser.KeyAst$File:  <unknown>:1#1 
473558     INFO  Test worker     d.u.i.k.n.KeyIO           MODE: declarations took 0 ms 
473558     DEBUG Test worker     d.u.i.k.n.KeyIO           MODE: 2nd degree decls took 0 
473558     INFO  Test worker     d.u.i.k.n.KeyIO           Parsing took 0 ms 
473558     DEBUG Test worker     d.u.i.k.n.KeyIO           Load declarations of de.uka.ilkd.key.nparser.KeyAst$File:  <unknown>:1#1 
473558     INFO  Test worker     d.u.i.k.n.KeyIO           MODE: declarations took 0 ms 
473558     DEBUG Test worker     d.u.i.k.n.KeyIO           MODE: 2nd degree decls took 0 
473558     INFO  Test worker     d.u.i.k.n.KeyIO           Parsing took 0 ms 
473558     DEBUG Test worker     d.u.i.k.n.KeyIO           Load declarations of de.uka.ilkd.key.nparser.KeyAst$File:  <unknown>:1#1 
473558     INFO  Test worker     d.u.i.k.n.KeyIO           MODE: declarations took 0 ms 
473558     DEBUG Test worker     d.u.i.k.n.KeyIO           MODE: 2nd degree decls took 0 
476807     INFO  Test worker     d.u.i.k.n.KeyIO           Parsing took 0 ms 
476807     DEBUG Test worker     d.u.i.k.n.KeyIO           Load declarations of de.uka.ilkd.key.nparser.KeyAst$File:  <unknown>:1#1 
476807     INFO  Test worker     d.u.i.k.n.KeyIO           MODE: declarations took 0 ms 
476807     DEBUG Test worker     d.u.i.k.n.KeyIO           MODE: 2nd degree decls took 0 
476807     INFO  Test worker     d.u.i.k.n.KeyIO           Parsing took 0 ms 
476807     DEBUG Test worker     d.u.i.k.n.KeyIO           Load declarations of de.uka.ilkd.key.nparser.KeyAst$File:  <unknown>:1#1 
476807     INFO  Test worker     d.u.i.k.n.KeyIO           MODE: declarations took 0 ms 
476807     DEBUG Test worker     d.u.i.k.n.KeyIO           MODE: 2nd degree decls took 0 
476807     INFO  Test worker     d.u.i.k.n.KeyIO           Parsing took 0 ms 
476807     DEBUG Test worker     d.u.i.k.n.KeyIO           Load declarations of de.uka.ilkd.key.nparser.KeyAst$File:  <unknown>:1#1 
476807     INFO  Test worker     d.u.i.k.n.KeyIO           MODE: declarations took 0 ms 
476807     DEBUG Test worker     d.u.i.k.n.KeyIO           MODE: 2nd degree decls took 0 
476807     INFO  Test worker     d.u.i.k.n.KeyIO           Parsing took 0 ms 
476807     DEBUG Test worker     d.u.i.k.n.KeyIO           Load declarations of de.uka.ilkd.key.nparser.KeyAst$File:  <unknown>:1#1 
476807     INFO  Test worker     d.u.i.k.n.KeyIO           MODE: declarations took 0 ms 
476807     DEBUG Test worker     d.u.i.k.n.KeyIO           MODE: 2nd degree decls took 0 
476807     INFO  Test worker     d.u.i.k.n.KeyIO           Parsing took 0 ms 
476807     DEBUG Test worker     d.u.i.k.n.KeyIO           Load declarations of de.uka.ilkd.key.nparser.KeyAst$File:  <unknown>:1#1 
476807     INFO  Test worker     d.u.i.k.n.KeyIO           MODE: declarations took 0 ms 
476807     DEBUG Test worker     d.u.i.k.n.KeyIO           MODE: 2nd degree decls took 0 
480066     INFO  Test worker     d.u.i.k.n.KeyIO           Parsing took 0 ms 
480066     DEBUG Test worker     d.u.i.k.n.KeyIO           Load declarations of de.uka.ilkd.key.nparser.KeyAst$File:  <unknown>:1#1 
480066     INFO  Test worker     d.u.i.k.n.KeyIO           MODE: declarations took 0 ms 
480066     DEBUG Test worker     d.u.i.k.n.KeyIO           MODE: 2nd degree decls took 0 
480066     INFO  Test worker     d.u.i.k.n.KeyIO           Parsing took 0 ms 
480066     DEBUG Test worker     d.u.i.k.n.KeyIO           Load declarations of de.uka.ilkd.key.nparser.KeyAst$File:  <unknown>:1#1 
480066     INFO  Test worker     d.u.i.k.n.KeyIO           MODE: declarations took 0 ms 
480066     DEBUG Test worker     d.u.i.k.n.KeyIO           MODE: 2nd degree decls took 0 
480066     INFO  Test worker     d.u.i.k.n.KeyIO           Parsing took 0 ms 
480066     DEBUG Test worker     d.u.i.k.n.KeyIO           Load declarations of de.uka.ilkd.key.nparser.KeyAst$File:  <unknown>:1#1 
480066     INFO  Test worker     d.u.i.k.n.KeyIO           MODE: declarations took 0 ms 
480066     DEBUG Test worker     d.u.i.k.n.KeyIO           MODE: 2nd degree decls took 0 
480066     INFO  Test worker     d.u.i.k.n.KeyIO           Parsing took 0 ms 
480066     DEBUG Test worker     d.u.i.k.n.KeyIO           Load declarations of de.uka.ilkd.key.nparser.KeyAst$File:  <unknown>:1#1 
480066     INFO  Test worker     d.u.i.k.n.KeyIO           MODE: declarations took 0 ms 
480066     DEBUG Test worker     d.u.i.k.n.KeyIO           MODE: 2nd degree decls took 0 
480066     INFO  Test worker     d.u.i.k.n.KeyIO           Parsing took 0 ms 
480066     DEBUG Test worker     d.u.i.k.n.KeyIO           Load declarations of de.uka.ilkd.key.nparser.KeyAst$File:  <unknown>:1#1 
480066     INFO  Test worker     d.u.i.k.n.KeyIO           MODE: declarations took 0 ms 
480066     DEBUG Test worker     d.u.i.k.n.KeyIO           MODE: 2nd degree decls took 0 
483327     INFO  Test worker     d.u.i.k.n.KeyIO           Parsing took 0 ms 
483327     DEBUG Test worker     d.u.i.k.n.KeyIO           Load declarations of de.uka.ilkd.key.nparser.KeyAst$File:  <unknown>:1#1 
483327     INFO  Test worker     d.u.i.k.n.KeyIO           MODE: declarations took 0 ms 
483327     DEBUG Test worker     d.u.i.k.n.KeyIO           MODE: 2nd degree decls took 0 
483327     INFO  Test worker     d.u.i.k.n.KeyIO           Parsing took 0 ms 
483327     DEBUG Test worker     d.u.i.k.n.KeyIO           Load declarations of de.uka.ilkd.key.nparser.KeyAst$File:  <unknown>:1#1 
483327     INFO  Test worker     d.u.i.k.n.KeyIO           MODE: declarations took 0 ms 
483327     DEBUG Test worker     d.u.i.k.n.KeyIO           MODE: 2nd degree decls took 0 
483327     INFO  Test worker     d.u.i.k.n.KeyIO           Parsing took 0 ms 
483327     DEBUG Test worker     d.u.i.k.n.KeyIO           Load declarations of de.uka.ilkd.key.nparser.KeyAst$File:  <unknown>:1#1 
483327     INFO  Test worker     d.u.i.k.n.KeyIO           MODE: declarations took 0 ms 
483327     DEBUG Test worker     d.u.i.k.n.KeyIO           MODE: 2nd degree decls took 0 
483327     INFO  Test worker     d.u.i.k.n.KeyIO           Parsing took 0 ms 
483327     DEBUG Test worker     d.u.i.k.n.KeyIO           Load declarations of de.uka.ilkd.key.nparser.KeyAst$File:  <unknown>:1#1 
483327     INFO  Test worker     d.u.i.k.n.KeyIO           MODE: declarations took 0 ms 
483327     DEBUG Test worker     d.u.i.k.n.KeyIO           MODE: 2nd degree decls took 0 
483327     INFO  Test worker     d.u.i.k.n.KeyIO           Parsing took 0 ms 
483342     DEBUG Test worker     d.u.i.k.n.KeyIO           Load declarations of de.uka.ilkd.key.nparser.KeyAst$File:  <unknown>:1#1 
483342     INFO  Test worker     d.u.i.k.n.KeyIO           MODE: declarations took 0 ms 
483342     DEBUG Test worker     d.u.i.k.n.KeyIO           MODE: 2nd degree decls took 0 
486778     INFO  Test worker     d.u.i.k.n.KeyIO           Parsing took 0 ms 
486778     DEBUG Test worker     d.u.i.k.n.KeyIO           Load declarations of de.uka.ilkd.key.nparser.KeyAst$File:  <unknown>:1#1 
486778     INFO  Test worker     d.u.i.k.n.KeyIO           MODE: declarations took 0 ms 
486778     DEBUG Test worker     d.u.i.k.n.KeyIO           MODE: 2nd degree decls took 0 
486778     INFO  Test worker     d.u.i.k.n.KeyIO           Parsing took 0 ms 
486778     DEBUG Test worker     d.u.i.k.n.KeyIO           Load declarations of de.uka.ilkd.key.nparser.KeyAst$File:  <unknown>:1#1 
486778     INFO  Test worker     d.u.i.k.n.KeyIO           MODE: declarations took 0 ms 
486778     DEBUG Test worker     d.u.i.k.n.KeyIO           MODE: 2nd degree decls took 0 
486778     INFO  Test worker     d.u.i.k.n.KeyIO           Parsing took 0 ms 
486778     DEBUG Test worker     d.u.i.k.n.KeyIO           Load declarations of de.uka.ilkd.key.nparser.KeyAst$File:  <unknown>:1#1 
486778     INFO  Test worker     d.u.i.k.n.KeyIO           MODE: declarations took 0 ms 
486778     DEBUG Test worker     d.u.i.k.n.KeyIO           MODE: 2nd degree decls took 0 
486778     INFO  Test worker     d.u.i.k.n.KeyIO           Parsing took 0 ms 
486778     DEBUG Test worker     d.u.i.k.n.KeyIO           Load declarations of de.uka.ilkd.key.nparser.KeyAst$File:  <unknown>:1#1 
486778     INFO  Test worker     d.u.i.k.n.KeyIO           MODE: declarations took 0 ms 
486778     DEBUG Test worker     d.u.i.k.n.KeyIO           MODE: 2nd degree decls took 0 
486778     INFO  Test worker     d.u.i.k.n.KeyIO           Parsing took 0 ms 
486778     DEBUG Test worker     d.u.i.k.n.KeyIO           Load declarations of de.uka.ilkd.key.nparser.KeyAst$File:  <unknown>:1#1 
486778     INFO  Test worker     d.u.i.k.n.KeyIO           MODE: declarations took 0 ms 
486778     DEBUG Test worker     d.u.i.k.n.KeyIO           MODE: 2nd degree decls took 0 
490150     INFO  Test worker     d.u.i.k.n.KeyIO           Parsing took 0 ms 
490150     DEBUG Test worker     d.u.i.k.n.KeyIO           Load declarations of de.uka.ilkd.key.nparser.KeyAst$File:  <unknown>:1#1 
490150     INFO  Test worker     d.u.i.k.n.KeyIO           MODE: declarations took 0 ms 
490150     DEBUG Test worker     d.u.i.k.n.KeyIO           MODE: 2nd degree decls took 0 
490150     INFO  Test worker     d.u.i.k.n.KeyIO           Parsing took 0 ms 
490150     DEBUG Test worker     d.u.i.k.n.KeyIO           Load declarations of de.uka.ilkd.key.nparser.KeyAst$File:  <unknown>:1#1 
490150     INFO  Test worker     d.u.i.k.n.KeyIO           MODE: declarations took 0 ms 
490150     DEBUG Test worker     d.u.i.k.n.KeyIO           MODE: 2nd degree decls took 0 
490150     INFO  Test worker     d.u.i.k.n.KeyIO           Parsing took 0 ms 
490150     DEBUG Test worker     d.u.i.k.n.KeyIO           Load declarations of de.uka.ilkd.key.nparser.KeyAst$File:  <unknown>:1#1 
490150     INFO  Test worker     d.u.i.k.n.KeyIO           MODE: declarations took 0 ms 
490150     DEBUG Test worker     d.u.i.k.n.KeyIO           MODE: 2nd degree decls took 0 
490150     INFO  Test worker     d.u.i.k.n.KeyIO           Parsing took 0 ms 
490150     DEBUG Test worker     d.u.i.k.n.KeyIO           Load declarations of de.uka.ilkd.key.nparser.KeyAst$File:  <unknown>:1#1 
490150     INFO  Test worker     d.u.i.k.n.KeyIO           MODE: declarations took 0 ms 
490150     DEBUG Test worker     d.u.i.k.n.KeyIO           MODE: 2nd degree decls took 0 
490150     INFO  Test worker     d.u.i.k.n.KeyIO           Parsing took 0 ms 
490150     DEBUG Test worker     d.u.i.k.n.KeyIO           Load declarations of de.uka.ilkd.key.nparser.KeyAst$File:  <unknown>:1#1 
490150     INFO  Test worker     d.u.i.k.n.KeyIO           MODE: declarations took 0 ms 
490150     DEBUG Test worker     d.u.i.k.n.KeyIO           MODE: 2nd degree decls took 0 
]]></system-out>
  <system-err><![CDATA[]]></system-err>
</testsuite>
