<?xml version="1.0" encoding="UTF-8"?>
<testsuite name="de.uka.ilkd.key.taclettranslation.TestTacletTranslator" tests="5" skipped="0" failures="0" errors="0" timestamp="2023-05-26T21:48:26" hostname="fv-az319-950" time="0.025">
  <properties/>
  <testcase name="testPropositional1()" classname="de.uka.ilkd.key.taclettranslation.TestTacletTranslator" time="0.01"/>
  <testcase name="testPropositional2()" classname="de.uka.ilkd.key.taclettranslation.TestTacletTranslator" time="0.005"/>
  <testcase name="testNegativePolarity()" classname="de.uka.ilkd.key.taclettranslation.TestTacletTranslator" time="0.003"/>
  <testcase name="testNoPolarity()" classname="de.uka.ilkd.key.taclettranslation.TestTacletTranslator" time="0.003"/>
  <testcase name="testPositivePolarity()" classname="de.uka.ilkd.key.taclettranslation.TestTacletTranslator" time="0.004"/>
  <system-out><![CDATA[928170     INFO  Test worker     d.u.i.k.n.KeyIO           Parsing took 0 ms 
928170     DEBUG Test worker     d.u.i.k.n.KeyIO           Load declarations of de.uka.ilkd.key.nparser.KeyAst$File:  <unknown>:1#1 
928170     INFO  Test worker     d.u.i.k.n.KeyIO           MODE: declarations took 0 ms 
928170     DEBUG Test worker     d.u.i.k.n.KeyIO           MODE: 2nd degree decls took 0 
928170     DEBUG Test worker     d.u.i.k.n.KeyIO           MODE: taclets took 0ms 
928191     INFO  Test worker     d.u.i.k.n.KeyIO           Parsing took 0 ms 
928191     DEBUG Test worker     d.u.i.k.n.KeyIO           Load declarations of de.uka.ilkd.key.nparser.KeyAst$File:  <unknown>:1#1 
928191     INFO  Test worker     d.u.i.k.n.KeyIO           MODE: declarations took 0 ms 
928191     DEBUG Test worker     d.u.i.k.n.KeyIO           MODE: 2nd degree decls took 0 
928191     DEBUG Test worker     d.u.i.k.n.KeyIO           MODE: taclets took 0ms 
928194     INFO  Test worker     d.u.i.k.n.KeyIO           Parsing took 0 ms 
928194     DEBUG Test worker     d.u.i.k.n.KeyIO           Load declarations of de.uka.ilkd.key.nparser.KeyAst$File:  <unknown>:1#1 
928194     INFO  Test worker     d.u.i.k.n.KeyIO           MODE: declarations took 0 ms 
928194     DEBUG Test worker     d.u.i.k.n.KeyIO           MODE: 2nd degree decls took 0 
928195     DEBUG Test worker     d.u.i.k.n.KeyIO           MODE: taclets took 1ms 
928197     INFO  Test worker     d.u.i.k.n.KeyIO           Parsing took 0 ms 
928197     DEBUG Test worker     d.u.i.k.n.KeyIO           Load declarations of de.uka.ilkd.key.nparser.KeyAst$File:  <unknown>:1#1 
928197     INFO  Test worker     d.u.i.k.n.KeyIO           MODE: declarations took 0 ms 
928197     DEBUG Test worker     d.u.i.k.n.KeyIO           MODE: 2nd degree decls took 0 
928198     DEBUG Test worker     d.u.i.k.n.KeyIO           MODE: taclets took 1ms 
928199     INFO  Test worker     d.u.i.k.n.KeyIO           Parsing took 0 ms 
928199     DEBUG Test worker     d.u.i.k.n.KeyIO           Load declarations of de.uka.ilkd.key.nparser.KeyAst$File:  <unknown>:1#1 
928199     INFO  Test worker     d.u.i.k.n.KeyIO           MODE: declarations took 0 ms 
928199     DEBUG Test worker     d.u.i.k.n.KeyIO           MODE: 2nd degree decls took 0 
928199     DEBUG Test worker     d.u.i.k.n.KeyIO           MODE: taclets took 0ms 
]]></system-out>
  <system-err><![CDATA[]]></system-err>
</testsuite>
