<?xml version="1.0" encoding="UTF-8"?>
<testsuite name="de.uka.ilkd.key.parser.TestDeclParser" tests="14" skipped="2" failures="0" errors="0" timestamp="2023-05-26T21:37:11" hostname="fv-az319-950" time="12.911">
  <properties/>
  <testcase name="testGenericSortDecl1()" classname="de.uka.ilkd.key.parser.TestDeclParser" time="1.224"/>
  <testcase name="testGenericSortDecl2()" classname="de.uka.ilkd.key.parser.TestDeclParser" time="1.063"/>
  <testcase name="testGenericSortDecl3()" classname="de.uka.ilkd.key.parser.TestDeclParser" time="1.102"/>
  <testcase name="testGenericSortDecl4()" classname="de.uka.ilkd.key.parser.TestDeclParser" time="1.104"/>
  <testcase name="testGenericSortDecl5()" classname="de.uka.ilkd.key.parser.TestDeclParser" time="0.0">
    <skipped/>
  </testcase>
  <testcase name="testGenericSortDecl6()" classname="de.uka.ilkd.key.parser.TestDeclParser" time="0.979"/>
  <testcase name="testSortDecl()" classname="de.uka.ilkd.key.parser.TestDeclParser" time="1.114"/>
  <testcase name="testProxySortDecl()" classname="de.uka.ilkd.key.parser.TestDeclParser" time="1.025"/>
  <testcase name="testArrayDecl()" classname="de.uka.ilkd.key.parser.TestDeclParser" time="1.112"/>
  <testcase name="testAmbiguousDecls()" classname="de.uka.ilkd.key.parser.TestDeclParser" time="0.0">
    <skipped/>
  </testcase>
  <testcase name="testHeurDecl()" classname="de.uka.ilkd.key.parser.TestDeclParser" time="0.991"/>
  <testcase name="testFunctionDecl()" classname="de.uka.ilkd.key.parser.TestDeclParser" time="1.119"/>
  <testcase name="testPredicateDecl()" classname="de.uka.ilkd.key.parser.TestDeclParser" time="1.004"/>
  <testcase name="testSVDecl()" classname="de.uka.ilkd.key.parser.TestDeclParser" time="1.069"/>
  <system-out><![CDATA[255094     INFO  Test worker     d.u.i.k.n.KeyIO           Parsing took 0 ms 
255094     DEBUG Test worker     d.u.i.k.n.KeyIO           Load declarations of de.uka.ilkd.key.nparser.KeyAst$File:  <unknown>:1#1 
255094     INFO  Test worker     d.u.i.k.n.KeyIO           MODE: declarations took 0 ms 
255094     DEBUG Test worker     d.u.i.k.n.KeyIO           MODE: 2nd degree decls took 0 
255094     DEBUG Test worker     d.u.i.k.n.KeyIO           MODE: taclets took 0ms 
256156     INFO  Test worker     d.u.i.k.n.KeyIO           Parsing took 0 ms 
256156     DEBUG Test worker     d.u.i.k.n.KeyIO           Load declarations of de.uka.ilkd.key.nparser.KeyAst$File:  <unknown>:1#1 
256156     INFO  Test worker     d.u.i.k.n.KeyIO           MODE: declarations took 0 ms 
256156     DEBUG Test worker     d.u.i.k.n.KeyIO           MODE: 2nd degree decls took 0 
256156     DEBUG Test worker     d.u.i.k.n.KeyIO           MODE: taclets took 0ms 
257260     INFO  Test worker     d.u.i.k.n.KeyIO           Parsing took 0 ms 
257260     DEBUG Test worker     d.u.i.k.n.KeyIO           Load declarations of de.uka.ilkd.key.nparser.KeyAst$File:  <unknown>:1#1 
257260     INFO  Test worker     d.u.i.k.n.KeyIO           MODE: declarations took 0 ms 
257260     DEBUG Test worker     d.u.i.k.n.KeyIO           MODE: 2nd degree decls took 0 
257260     DEBUG Test worker     d.u.i.k.n.KeyIO           MODE: taclets took 0ms 
258373     INFO  Test worker     d.u.i.k.n.KeyIO           Parsing took 0 ms 
258373     DEBUG Test worker     d.u.i.k.n.KeyIO           Load declarations of de.uka.ilkd.key.nparser.KeyAst$File:  <unknown>:1#1 
258373     INFO  Test worker     d.u.i.k.n.KeyIO           MODE: declarations took 0 ms 
258373     DEBUG Test worker     d.u.i.k.n.KeyIO           MODE: 2nd degree decls took 0 
258373     DEBUG Test worker     d.u.i.k.n.KeyIO           MODE: taclets took 0ms 
259343     INFO  Test worker     d.u.i.k.n.KeyIO           Parsing took 0 ms 
259343     DEBUG Test worker     d.u.i.k.n.KeyIO           Load declarations of de.uka.ilkd.key.nparser.KeyAst$File:  <unknown>:1#1 
259343     INFO  Test worker     d.u.i.k.n.KeyIO           MODE: declarations took 0 ms 
259343     DEBUG Test worker     d.u.i.k.n.KeyIO           MODE: 2nd degree decls took 0 
259343     DEBUG Test worker     d.u.i.k.n.KeyIO           MODE: taclets took 0ms 
260452     INFO  Test worker     d.u.i.k.n.KeyIO           Parsing took 0 ms 
260452     DEBUG Test worker     d.u.i.k.n.KeyIO           Load declarations of de.uka.ilkd.key.nparser.KeyAst$File:  <unknown>:1#1 
260452     INFO  Test worker     d.u.i.k.n.KeyIO           MODE: declarations took 0 ms 
260452     DEBUG Test worker     d.u.i.k.n.KeyIO           MODE: 2nd degree decls took 0 
260452     DEBUG Test worker     d.u.i.k.n.KeyIO           MODE: taclets took 0ms 
261484     INFO  Test worker     d.u.i.k.n.KeyIO           Parsing took 0 ms 
261484     DEBUG Test worker     d.u.i.k.n.KeyIO           Load declarations of de.uka.ilkd.key.nparser.KeyAst$File:  <unknown>:1#1 
261484     INFO  Test worker     d.u.i.k.n.KeyIO           MODE: declarations took 0 ms 
261484     DEBUG Test worker     d.u.i.k.n.KeyIO           MODE: 2nd degree decls took 0 
261484     DEBUG Test worker     d.u.i.k.n.KeyIO           MODE: taclets took 0ms 
262579     INFO  Test worker     d.u.i.k.n.KeyIO           Parsing took 0 ms 
262579     DEBUG Test worker     d.u.i.k.n.KeyIO           Load declarations of de.uka.ilkd.key.nparser.KeyAst$File:  <unknown>:1#1 
262579     INFO  Test worker     d.u.i.k.n.KeyIO           MODE: declarations took 0 ms 
262579     DEBUG Test worker     d.u.i.k.n.KeyIO           MODE: 2nd degree decls took 0 
262594     DEBUG Test worker     d.u.i.k.n.KeyIO           MODE: taclets took 0ms 
263579     INFO  Test worker     d.u.i.k.n.KeyIO           Parsing took 0 ms 
263579     DEBUG Test worker     d.u.i.k.n.KeyIO           Load declarations of de.uka.ilkd.key.nparser.KeyAst$File:  <unknown>:1#1 
263579     INFO  Test worker     d.u.i.k.n.KeyIO           MODE: declarations took 0 ms 
263579     DEBUG Test worker     d.u.i.k.n.KeyIO           MODE: 2nd degree decls took 0 
263579     DEBUG Test worker     d.u.i.k.n.KeyIO           MODE: taclets took 0ms 
264693     INFO  Test worker     d.u.i.k.n.KeyIO           Parsing took 0 ms 
264693     DEBUG Test worker     d.u.i.k.n.KeyIO           Load declarations of de.uka.ilkd.key.nparser.KeyAst$File:  <unknown>:1#1 
264693     INFO  Test worker     d.u.i.k.n.KeyIO           MODE: declarations took 0 ms 
264693     DEBUG Test worker     d.u.i.k.n.KeyIO           MODE: 2nd degree decls took 0 
264693     DEBUG Test worker     d.u.i.k.n.KeyIO           MODE: taclets took 0ms 
265710     INFO  Test worker     d.u.i.k.n.KeyIO           Parsing took 0 ms 
265710     DEBUG Test worker     d.u.i.k.n.KeyIO           Load declarations of de.uka.ilkd.key.nparser.KeyAst$File:  <unknown>:1#1 
265710     INFO  Test worker     d.u.i.k.n.KeyIO           MODE: declarations took 0 ms 
265710     DEBUG Test worker     d.u.i.k.n.KeyIO           MODE: 2nd degree decls took 0 
265710     DEBUG Test worker     d.u.i.k.n.KeyIO           MODE: taclets took 0ms 
266773     INFO  Test worker     d.u.i.k.n.KeyIO           Parsing took 0 ms 
266773     DEBUG Test worker     d.u.i.k.n.KeyIO           Load declarations of de.uka.ilkd.key.nparser.KeyAst$File:  <unknown>:1#1 
266773     INFO  Test worker     d.u.i.k.n.KeyIO           MODE: declarations took 0 ms 
266773     DEBUG Test worker     d.u.i.k.n.KeyIO           MODE: 2nd degree decls took 0 
266773     DEBUG Test worker     d.u.i.k.n.KeyIO           MODE: taclets took 0ms 
]]></system-out>
  <system-err><![CDATA[]]></system-err>
</testsuite>
