<?xml version="1.0" encoding="UTF-8"?>
<testsuite name="de.uka.ilkd.key.rule.loop.LoopScopeInvRuleTests" tests="1" skipped="0" failures="0" errors="0" timestamp="2023-05-26T21:41:45" hostname="fv-az319-950" time="5.51">
  <properties/>
  <testcase name="testDoAutomaticProofOfBenchmarkWithLabeledBreaksAndContinues()" classname="de.uka.ilkd.key.rule.loop.LoopScopeInvRuleTests" time="5.51"/>
  <system-out><![CDATA[527627     INFO  Test worker     d.u.i.k.p.i.AbstractProblemLoader Loading environment from src\test\resources\testcase\loopScopeInvRule\Test.key 
527627     DEBUG Test worker     d.u.i.k.p.i.AbstractProblemLoader Environment load took 128.2ns 
527627     INFO  Test worker     d.u.i.k.p.i.AbstractProblemLoader Creating init config 
527768     DEBUG Test worker     d.u.i.k.j.TypeConverter   No LDT found for Meta 
527768     DEBUG Test worker     d.u.i.k.j.TypeConverter   No LDT found for Meta 
527783     DEBUG Test worker     d.u.i.k.j.TypeConverter   No LDT found for Meta 
527783     DEBUG Test worker     d.u.i.k.j.TypeConverter   No LDT found for Meta 
528576     DEBUG Test worker     d.u.i.k.j.TypeConverter   No LDT found for JavaBigintExpression 
532364     DEBUG Test worker     d.u.i.k.p.i.AbstractProblemLoader Init config took 4.73s 
532395     INFO  Test worker     d.u.i.k.p.i.AbstractProblemLoader Replaying proof Test[Test::loopScopeRuleBenchmark(int,boolean)].JML normal_behavior operation contract.0 
532411     DEBUG Test worker     d.u.i.k.p.i.IntermediateProofReplayer Proof replay took 16.7ns 
]]></system-out>
  <system-err><![CDATA[]]></system-err>
</testsuite>
