<?xml version="1.0" encoding="UTF-8"?>
<testsuite name="de.uka.ilkd.key.parser.TestTermParserSorts" tests="2" skipped="0" failures="0" errors="0" timestamp="2023-05-26T21:41:11" hostname="fv-az319-950" time="3.256">
  <properties/>
  <testcase name="testParseIntegerArgs()" classname="de.uka.ilkd.key.parser.TestTermParserSorts" time="0.021"/>
  <testcase name="testParseSequencePrettySyntax()" classname="de.uka.ilkd.key.parser.TestTermParserSorts" time="0.003"/>
  <system-out><![CDATA[493428     INFO  Test worker     d.u.i.k.n.KeyIO           Parsing took 0 ms 
493428     DEBUG Test worker     d.u.i.k.n.KeyIO           Load declarations of de.uka.ilkd.key.nparser.KeyAst$File:  <unknown>:1#1 
493428     INFO  Test worker     d.u.i.k.n.KeyIO           MODE: declarations took 0 ms 
493428     DEBUG Test worker     d.u.i.k.n.KeyIO           MODE: 2nd degree decls took 0 
493428     INFO  Test worker     d.u.i.k.n.KeyIO           Parsing took 0 ms 
493428     DEBUG Test worker     d.u.i.k.n.KeyIO           Load declarations of de.uka.ilkd.key.nparser.KeyAst$File:  <unknown>:1#1 
493428     INFO  Test worker     d.u.i.k.n.KeyIO           MODE: declarations took 0 ms 
493428     DEBUG Test worker     d.u.i.k.n.KeyIO           MODE: 2nd degree decls took 0 
493428     INFO  Test worker     d.u.i.k.n.KeyIO           Parsing took 0 ms 
493428     DEBUG Test worker     d.u.i.k.n.KeyIO           Load declarations of de.uka.ilkd.key.nparser.KeyAst$File:  <unknown>:1#1 
493428     INFO  Test worker     d.u.i.k.n.KeyIO           MODE: declarations took 0 ms 
493428     DEBUG Test worker     d.u.i.k.n.KeyIO           MODE: 2nd degree decls took 0 
496681     INFO  Test worker     d.u.i.k.n.KeyIO           Parsing took 0 ms 
496681     DEBUG Test worker     d.u.i.k.n.KeyIO           Load declarations of de.uka.ilkd.key.nparser.KeyAst$File:  <unknown>:1#1 
496681     INFO  Test worker     d.u.i.k.n.KeyIO           MODE: declarations took 0 ms 
496681     DEBUG Test worker     d.u.i.k.n.KeyIO           MODE: 2nd degree decls took 0 
496681     INFO  Test worker     d.u.i.k.n.KeyIO           Parsing took 0 ms 
496681     DEBUG Test worker     d.u.i.k.n.KeyIO           Load declarations of de.uka.ilkd.key.nparser.KeyAst$File:  <unknown>:1#1 
496681     INFO  Test worker     d.u.i.k.n.KeyIO           MODE: declarations took 0 ms 
496681     DEBUG Test worker     d.u.i.k.n.KeyIO           MODE: 2nd degree decls took 0 
496681     INFO  Test worker     d.u.i.k.n.KeyIO           Parsing took 0 ms 
496681     DEBUG Test worker     d.u.i.k.n.KeyIO           Load declarations of de.uka.ilkd.key.nparser.KeyAst$File:  <unknown>:1#1 
496681     INFO  Test worker     d.u.i.k.n.KeyIO           MODE: declarations took 0 ms 
496681     DEBUG Test worker     d.u.i.k.n.KeyIO           MODE: 2nd degree decls took 0 
]]></system-out>
  <system-err><![CDATA[]]></system-err>
</testsuite>
