<?xml version="1.0" encoding="UTF-8"?>
<testsuite name="de.uka.ilkd.key.testcase.smt.testgen.TestTestgen" tests="1" skipped="0" failures="0" errors="0" timestamp="2023-06-09T11:03:45" hostname="fv-az553-785" time="6.498">
  <properties/>
  <testcase name="testMiddle()" classname="de.uka.ilkd.key.testcase.smt.testgen.TestTestgen" time="6.498"/>
  <system-out><![CDATA[21687      WARN  Test worker     d.u.i.k.t.s.t.TestTestgen Warning: Z3_CE is not installed, tests skipped. 
21687      WARN  Test worker     d.u.i.k.t.s.t.TestTestgen Maybe use JVM system property "z3SolverPath" to define the path to the Z3 command. 
21687      INFO  Test worker     d.u.i.k.p.i.AbstractProblemLoader Loading environment from src\test\resources\testcase\smt\tg\middle.key 
21687      DEBUG Test worker     d.u.i.k.p.i.AbstractProblemLoader Environment load took 315.5ns 
21687      INFO  Test worker     d.u.i.k.p.i.AbstractProblemLoader Creating init config 
27424      DEBUG Test worker     d.u.i.k.p.i.AbstractProblemLoader Init config took 5.73s 
27549      INFO  Test worker     d.u.i.k.p.i.AbstractProblemLoader Replaying proof Middle[Middle::middle(int,int,int)].JML normal_behavior operation contract.0 
27565      DEBUG Test worker     d.u.i.k.p.i.IntermediateProofReplayer Proof replay took 19.4ns 
]]></system-out>
  <system-err><![CDATA[]]></system-err>
</testsuite>
