<?xml version="1.0" encoding="UTF-8"?>
<testsuite name="de.uka.ilkd.key.parser.TestDeclParser" tests="14" skipped="2" failures="0" errors="0" timestamp="2023-05-08T21:09:17" hostname="fv-az277-528" time="13.87">
  <properties/>
  <testcase name="testGenericSortDecl1()" classname="de.uka.ilkd.key.parser.TestDeclParser" time="1.325"/>
  <testcase name="testGenericSortDecl2()" classname="de.uka.ilkd.key.parser.TestDeclParser" time="1.172"/>
  <testcase name="testGenericSortDecl3()" classname="de.uka.ilkd.key.parser.TestDeclParser" time="1.073"/>
  <testcase name="testGenericSortDecl4()" classname="de.uka.ilkd.key.parser.TestDeclParser" time="1.172"/>
  <testcase name="testGenericSortDecl5()" classname="de.uka.ilkd.key.parser.TestDeclParser" time="0.0">
    <skipped/>
  </testcase>
  <testcase name="testGenericSortDecl6()" classname="de.uka.ilkd.key.parser.TestDeclParser" time="1.182"/>
  <testcase name="testSortDecl()" classname="de.uka.ilkd.key.parser.TestDeclParser" time="1.159"/>
  <testcase name="testProxySortDecl()" classname="de.uka.ilkd.key.parser.TestDeclParser" time="1.097"/>
  <testcase name="testArrayDecl()" classname="de.uka.ilkd.key.parser.TestDeclParser" time="1.154"/>
  <testcase name="testAmbiguousDecls()" classname="de.uka.ilkd.key.parser.TestDeclParser" time="0.0">
    <skipped/>
  </testcase>
  <testcase name="testHeurDecl()" classname="de.uka.ilkd.key.parser.TestDeclParser" time="1.167"/>
  <testcase name="testFunctionDecl()" classname="de.uka.ilkd.key.parser.TestDeclParser" time="1.09"/>
  <testcase name="testPredicateDecl()" classname="de.uka.ilkd.key.parser.TestDeclParser" time="1.152"/>
  <testcase name="testSVDecl()" classname="de.uka.ilkd.key.parser.TestDeclParser" time="1.122"/>
  <system-out><![CDATA[274868     INFO  Test worker     d.u.i.k.n.KeyIO           Parsing took 0 ms 
274868     DEBUG Test worker     d.u.i.k.n.KeyIO           Load declarations of de.uka.ilkd.key.nparser.KeyAst$File:  <unknown>:1#1 
274868     INFO  Test worker     d.u.i.k.n.KeyIO           MODE: declarations took 0 ms 
274868     DEBUG Test worker     d.u.i.k.n.KeyIO           MODE: 2nd degree decls took 0 
274868     DEBUG Test worker     d.u.i.k.n.KeyIO           MODE: taclets took 0ms 
276034     INFO  Test worker     d.u.i.k.n.KeyIO           Parsing took 0 ms 
276034     DEBUG Test worker     d.u.i.k.n.KeyIO           Load declarations of de.uka.ilkd.key.nparser.KeyAst$File:  <unknown>:1#1 
276034     INFO  Test worker     d.u.i.k.n.KeyIO           MODE: declarations took 0 ms 
276034     DEBUG Test worker     d.u.i.k.n.KeyIO           MODE: 2nd degree decls took 0 
276034     DEBUG Test worker     d.u.i.k.n.KeyIO           MODE: taclets took 0ms 
277112     INFO  Test worker     d.u.i.k.n.KeyIO           Parsing took 0 ms 
277112     DEBUG Test worker     d.u.i.k.n.KeyIO           Load declarations of de.uka.ilkd.key.nparser.KeyAst$File:  <unknown>:1#1 
277112     INFO  Test worker     d.u.i.k.n.KeyIO           MODE: declarations took 0 ms 
277112     DEBUG Test worker     d.u.i.k.n.KeyIO           MODE: 2nd degree decls took 0 
277112     DEBUG Test worker     d.u.i.k.n.KeyIO           MODE: taclets took 0ms 
278285     INFO  Test worker     d.u.i.k.n.KeyIO           Parsing took 0 ms 
278285     DEBUG Test worker     d.u.i.k.n.KeyIO           Load declarations of de.uka.ilkd.key.nparser.KeyAst$File:  <unknown>:1#1 
278285     INFO  Test worker     d.u.i.k.n.KeyIO           MODE: declarations took 0 ms 
278285     DEBUG Test worker     d.u.i.k.n.KeyIO           MODE: 2nd degree decls took 0 
278285     DEBUG Test worker     d.u.i.k.n.KeyIO           MODE: taclets took 0ms 
279479     INFO  Test worker     d.u.i.k.n.KeyIO           Parsing took 0 ms 
279479     DEBUG Test worker     d.u.i.k.n.KeyIO           Load declarations of de.uka.ilkd.key.nparser.KeyAst$File:  <unknown>:1#1 
279479     INFO  Test worker     d.u.i.k.n.KeyIO           MODE: declarations took 0 ms 
279479     DEBUG Test worker     d.u.i.k.n.KeyIO           MODE: 2nd degree decls took 0 
279479     DEBUG Test worker     d.u.i.k.n.KeyIO           MODE: taclets took 0ms 
280638     INFO  Test worker     d.u.i.k.n.KeyIO           Parsing took 0 ms 
280638     DEBUG Test worker     d.u.i.k.n.KeyIO           Load declarations of de.uka.ilkd.key.nparser.KeyAst$File:  <unknown>:1#1 
280638     INFO  Test worker     d.u.i.k.n.KeyIO           MODE: declarations took 0 ms 
280638     DEBUG Test worker     d.u.i.k.n.KeyIO           MODE: 2nd degree decls took 0 
280638     DEBUG Test worker     d.u.i.k.n.KeyIO           MODE: taclets took 0ms 
281710     INFO  Test worker     d.u.i.k.n.KeyIO           Parsing took 0 ms 
281710     DEBUG Test worker     d.u.i.k.n.KeyIO           Load declarations of de.uka.ilkd.key.nparser.KeyAst$File:  <unknown>:1#1 
281710     INFO  Test worker     d.u.i.k.n.KeyIO           MODE: declarations took 0 ms 
281710     DEBUG Test worker     d.u.i.k.n.KeyIO           MODE: 2nd degree decls took 0 
281710     DEBUG Test worker     d.u.i.k.n.KeyIO           MODE: taclets took 0ms 
282869     INFO  Test worker     d.u.i.k.n.KeyIO           Parsing took 0 ms 
282869     DEBUG Test worker     d.u.i.k.n.KeyIO           Load declarations of de.uka.ilkd.key.nparser.KeyAst$File:  <unknown>:1#1 
282869     INFO  Test worker     d.u.i.k.n.KeyIO           MODE: declarations took 0 ms 
282869     DEBUG Test worker     d.u.i.k.n.KeyIO           MODE: 2nd degree decls took 0 
282869     DEBUG Test worker     d.u.i.k.n.KeyIO           MODE: taclets took 0ms 
284043     INFO  Test worker     d.u.i.k.n.KeyIO           Parsing took 0 ms 
284043     DEBUG Test worker     d.u.i.k.n.KeyIO           Load declarations of de.uka.ilkd.key.nparser.KeyAst$File:  <unknown>:1#1 
284043     INFO  Test worker     d.u.i.k.n.KeyIO           MODE: declarations took 0 ms 
284043     DEBUG Test worker     d.u.i.k.n.KeyIO           MODE: 2nd degree decls took 0 
284043     DEBUG Test worker     d.u.i.k.n.KeyIO           MODE: taclets took 0ms 
285138     INFO  Test worker     d.u.i.k.n.KeyIO           Parsing took 0 ms 
285138     DEBUG Test worker     d.u.i.k.n.KeyIO           Load declarations of de.uka.ilkd.key.nparser.KeyAst$File:  <unknown>:1#1 
285138     INFO  Test worker     d.u.i.k.n.KeyIO           MODE: declarations took 0 ms 
285138     DEBUG Test worker     d.u.i.k.n.KeyIO           MODE: 2nd degree decls took 0 
285138     DEBUG Test worker     d.u.i.k.n.KeyIO           MODE: taclets took 0ms 
286281     INFO  Test worker     d.u.i.k.n.KeyIO           Parsing took 0 ms 
286281     DEBUG Test worker     d.u.i.k.n.KeyIO           Load declarations of de.uka.ilkd.key.nparser.KeyAst$File:  <unknown>:1#1 
286281     INFO  Test worker     d.u.i.k.n.KeyIO           MODE: declarations took 0 ms 
286281     DEBUG Test worker     d.u.i.k.n.KeyIO           MODE: 2nd degree decls took 0 
286281     DEBUG Test worker     d.u.i.k.n.KeyIO           MODE: taclets took 0ms 
287404     INFO  Test worker     d.u.i.k.n.KeyIO           Parsing took 0 ms 
287404     DEBUG Test worker     d.u.i.k.n.KeyIO           Load declarations of de.uka.ilkd.key.nparser.KeyAst$File:  <unknown>:1#1 
287404     INFO  Test worker     d.u.i.k.n.KeyIO           MODE: declarations took 0 ms 
287404     DEBUG Test worker     d.u.i.k.n.KeyIO           MODE: 2nd degree decls took 0 
287404     DEBUG Test worker     d.u.i.k.n.KeyIO           MODE: taclets took 0ms 
]]></system-out>
  <system-err><![CDATA[]]></system-err>
</testsuite>
