<?xml version="1.0" encoding="UTF-8"?>
<testsuite name="de.uka.ilkd.key.parser.TestParser" tests="5" skipped="1" failures="0" errors="0" timestamp="2023-05-08T21:11:03" hostname="fv-az277-528" time="6.025">
  <properties/>
  <testcase name="testConstantEvaluationError()" classname="de.uka.ilkd.key.parser.TestParser" time="1.216"/>
  <testcase name="testGenericSort()" classname="de.uka.ilkd.key.parser.TestParser" time="0.004"/>
  <testcase name="testIssue1566()" classname="de.uka.ilkd.key.parser.TestParser" time="3.623"/>
  <testcase name="testIssue39()" classname="de.uka.ilkd.key.parser.TestParser" time="1.179"/>
  <testcase name="testRelativeInclude()" classname="de.uka.ilkd.key.parser.TestParser" time="0.002">
    <skipped/>
  </testcase>
  <system-out><![CDATA[379163     INFO  Test worker     d.u.i.k.p.i.AbstractProblemLoader Loading environment from src\test\resources\testcase\parserErrorTest\AssignToArray.java 
379163     DEBUG Test worker     d.u.i.k.p.i.AbstractProblemLoader Environment load took 112.7ns 
379179     INFO  Test worker     d.u.i.k.p.i.AbstractProblemLoader Creating init config 
380381     INFO  Test worker     d.u.i.k.n.KeyIO           Parsing took 0 ms 
380381     DEBUG Test worker     d.u.i.k.n.KeyIO           Load declarations of de.uka.ilkd.key.nparser.KeyAst$File:  <unknown>:1#1 
380381     INFO  Test worker     d.u.i.k.n.KeyIO           MODE: declarations took 0 ms 
380381     DEBUG Test worker     d.u.i.k.n.KeyIO           MODE: 2nd degree decls took 0 
380381     DEBUG Test worker     d.u.i.k.n.KeyIO           MODE: taclets took 0ms 
380381     INFO  Test worker     d.u.i.k.p.i.AbstractProblemLoader Loading environment from src\test\resources\testcase\issues\1566\a.key 
380381     DEBUG Test worker     d.u.i.k.p.i.AbstractProblemLoader Environment load took 208.3ns 
380397     INFO  Test worker     d.u.i.k.p.i.AbstractProblemLoader Creating init config 
383992     DEBUG Test worker     d.u.i.k.p.i.AbstractProblemLoader Init config took 3.6s 
384008     INFO  Test worker     d.u.i.k.p.i.AbstractProblemLoader Replaying proof a.key 
384008     DEBUG Test worker     d.u.i.k.p.i.IntermediateProofReplayer Proof replay took 9.7ns 
384008     INFO  Test worker     d.u.i.k.p.i.AbstractProblemLoader Loading environment from src\test\resources\testcase\issues\39\A.java 
384008     DEBUG Test worker     d.u.i.k.p.i.AbstractProblemLoader Environment load took 117ns 
384008     INFO  Test worker     d.u.i.k.p.i.AbstractProblemLoader Creating init config 
]]></system-out>
  <system-err><![CDATA[]]></system-err>
</testsuite>
