<?xml version="1.0" encoding="UTF-8"?>
<testsuite name="de.uka.ilkd.key.proof.TestOneStepSimplifier" tests="1" skipped="0" failures="0" errors="0" timestamp="2023-05-08T21:13:40" hostname="fv-az277-528" time="4.835">
  <properties/>
  <testcase name="loadWithRestriction()" classname="de.uka.ilkd.key.proof.TestOneStepSimplifier" time="4.835"/>
  <system-out><![CDATA[536739     INFO  Test worker     d.u.i.k.p.i.AbstractProblemLoader Loading environment from src\test\resources\testcase\ossRestriction.proof 
536739     DEBUG Test worker     d.u.i.k.p.i.AbstractProblemLoader Environment load took 178.7ns 
536739     INFO  Test worker     d.u.i.k.p.i.AbstractProblemLoader Creating init config 
536927     DEBUG Test worker     d.u.i.k.j.TypeConverter   No LDT found for Meta 
536927     DEBUG Test worker     d.u.i.k.j.TypeConverter   No LDT found for Meta 
536943     DEBUG Test worker     d.u.i.k.j.TypeConverter   No LDT found for Meta 
536943     DEBUG Test worker     d.u.i.k.j.TypeConverter   No LDT found for Meta 
537654     DEBUG Test worker     d.u.i.k.j.TypeConverter   No LDT found for JavaBigintExpression 
541523     DEBUG Test worker     d.u.i.k.p.i.AbstractProblemLoader Init config took 4.79s 
541554     INFO  Test worker     d.u.i.k.p.i.AbstractProblemLoader Replaying proof ossRestriction.proof 
541570     DEBUG Test worker     d.u.i.k.p.i.IntermediateProofReplayer Proof replay took 1.14ms 
]]></system-out>
  <system-err><![CDATA[]]></system-err>
</testsuite>
