<?xml version="1.0" encoding="UTF-8"?>
<testsuite name="de.uka.ilkd.key.parser.TestTermParserSorts" tests="2" skipped="0" failures="0" errors="0" timestamp="2023-05-08T21:13:37" hostname="fv-az277-528" time="3.584">
  <properties/>
  <testcase name="testParseIntegerArgs()" classname="de.uka.ilkd.key.parser.TestTermParserSorts" time="0.021"/>
  <testcase name="testParseSequencePrettySyntax()" classname="de.uka.ilkd.key.parser.TestTermParserSorts" time="0.005"/>
  <system-out><![CDATA[533067     INFO  Test worker     d.u.i.k.n.KeyIO           Parsing took 0 ms 
533067     DEBUG Test worker     d.u.i.k.n.KeyIO           Load declarations of de.uka.ilkd.key.nparser.KeyAst$File:  <unknown>:1#1 
533067     INFO  Test worker     d.u.i.k.n.KeyIO           MODE: declarations took 0 ms 
533067     DEBUG Test worker     d.u.i.k.n.KeyIO           MODE: 2nd degree decls took 0 
533067     INFO  Test worker     d.u.i.k.n.KeyIO           Parsing took 0 ms 
533067     DEBUG Test worker     d.u.i.k.n.KeyIO           Load declarations of de.uka.ilkd.key.nparser.KeyAst$File:  <unknown>:1#1 
533067     INFO  Test worker     d.u.i.k.n.KeyIO           MODE: declarations took 0 ms 
533067     DEBUG Test worker     d.u.i.k.n.KeyIO           MODE: 2nd degree decls took 0 
533067     INFO  Test worker     d.u.i.k.n.KeyIO           Parsing took 0 ms 
533067     DEBUG Test worker     d.u.i.k.n.KeyIO           Load declarations of de.uka.ilkd.key.nparser.KeyAst$File:  <unknown>:1#1 
533082     INFO  Test worker     d.u.i.k.n.KeyIO           MODE: declarations took 15 ms 
533082     DEBUG Test worker     d.u.i.k.n.KeyIO           MODE: 2nd degree decls took 0 
536646     INFO  Test worker     d.u.i.k.n.KeyIO           Parsing took 0 ms 
536646     DEBUG Test worker     d.u.i.k.n.KeyIO           Load declarations of de.uka.ilkd.key.nparser.KeyAst$File:  <unknown>:1#1 
536646     INFO  Test worker     d.u.i.k.n.KeyIO           MODE: declarations took 0 ms 
536646     DEBUG Test worker     d.u.i.k.n.KeyIO           MODE: 2nd degree decls took 0 
536646     INFO  Test worker     d.u.i.k.n.KeyIO           Parsing took 0 ms 
536646     DEBUG Test worker     d.u.i.k.n.KeyIO           Load declarations of de.uka.ilkd.key.nparser.KeyAst$File:  <unknown>:1#1 
536646     INFO  Test worker     d.u.i.k.n.KeyIO           MODE: declarations took 0 ms 
536646     DEBUG Test worker     d.u.i.k.n.KeyIO           MODE: 2nd degree decls took 0 
536646     INFO  Test worker     d.u.i.k.n.KeyIO           Parsing took 0 ms 
536646     DEBUG Test worker     d.u.i.k.n.KeyIO           Load declarations of de.uka.ilkd.key.nparser.KeyAst$File:  <unknown>:1#1 
536646     INFO  Test worker     d.u.i.k.n.KeyIO           MODE: declarations took 0 ms 
536646     DEBUG Test worker     d.u.i.k.n.KeyIO           MODE: 2nd degree decls took 0 
]]></system-out>
  <system-err><![CDATA[]]></system-err>
</testsuite>
