<?xml version="1.0" encoding="UTF-8"?>
<testsuite name="de.uka.ilkd.key.proof.io.consistency.TestProofBundleIO" tests="3" skipped="0" failures="0" errors="0" timestamp="2023-05-08T21:13:55" hostname="fv-az277-528" time="9.588">
  <properties/>
  <testcase name="testSimpleFileRepo()" classname="de.uka.ilkd.key.proof.io.consistency.TestProofBundleIO" time="0.048"/>
  <testcase name="testComplexBundleGeneration()" classname="de.uka.ilkd.key.proof.io.consistency.TestProofBundleIO" time="1.766"/>
  <testcase name="testSimpleBundleGeneration()" classname="de.uka.ilkd.key.proof.io.consistency.TestProofBundleIO" time="7.773"/>
  <system-out><![CDATA[551678     INFO  Test worker     d.u.i.k.p.i.AbstractProblemLoader Loading environment from D:\a\key\key\key.core\src\test\resources\testcase\proofBundle\complexBundleGeneration\test.key 
551678     DEBUG Test worker     d.u.i.k.p.i.AbstractProblemLoader Environment load took 135.5ns 
551678     INFO  Test worker     d.u.i.k.p.i.AbstractProblemLoader Creating init config 
552231     DEBUG Test worker     d.u.i.k.p.i.AbstractProblemLoader Init config took 554.42ms 
552278     INFO  Test worker     d.u.i.k.p.i.AbstractProblemLoader Replaying proof Test[Test::constant()].JML normal_behavior operation contract.0 
552278     DEBUG Test worker     d.u.i.k.p.i.IntermediateProofReplayer Proof replay took 9.7ns 
552700     INFO  Test worker     d.u.i.k.p.i.AbstractProblemLoader Loading environment from D:\a\key\key\key.core\src\test\resources\testcase\proofBundle\complexBundleGeneration\test.zproof 
552812     DEBUG Test worker     d.u.i.k.p.i.AbstractProblemLoader Environment load took 103.08ms 
552817     INFO  Test worker     d.u.i.k.p.i.AbstractProblemLoader Creating init config 
553360     DEBUG Test worker     d.u.i.k.p.i.AbstractProblemLoader Init config took 556.89ms 
553407     INFO  Test worker     d.u.i.k.p.i.AbstractProblemLoader Replaying proof Test[Test::constant()].JML normal_behavior operation contract.0 
553438     DEBUG Test worker     d.u.i.k.p.i.IntermediateProofReplayer Proof replay took 28.26ms 
553438     INFO  Test worker     d.u.i.k.p.i.AbstractProblemLoader Loading environment from D:\a\key\key\key.core\src\test\resources\testcase\proofBundle\simpleBundleGeneration\test.key 
553438     DEBUG Test worker     d.u.i.k.p.i.AbstractProblemLoader Environment load took 108.7ns 
553454     INFO  Test worker     d.u.i.k.p.i.AbstractProblemLoader Creating init config 
557146     DEBUG Test worker     d.u.i.k.p.i.AbstractProblemLoader Init config took 3.7s 
557209     INFO  Test worker     d.u.i.k.p.i.AbstractProblemLoader Replaying proof Test[Test::constant()].JML normal_behavior operation contract.0 
557209     DEBUG Test worker     d.u.i.k.p.i.IntermediateProofReplayer Proof replay took 9.5ns 
557334     INFO  Test worker     d.u.i.k.p.i.AbstractProblemLoader Loading environment from D:\a\key\key\key.core\src\test\resources\testcase\proofBundle\simpleBundleGeneration\test.zproof 
557350     DEBUG Test worker     d.u.i.k.p.i.AbstractProblemLoader Environment load took 4.2ms 
557350     INFO  Test worker     d.u.i.k.p.i.AbstractProblemLoader Creating init config 
561096     DEBUG Test worker     d.u.i.k.p.i.AbstractProblemLoader Init config took 3.74s 
561158     INFO  Test worker     d.u.i.k.p.i.AbstractProblemLoader Replaying proof Test[Test::constant()].JML normal_behavior operation contract.0 
561174     DEBUG Test worker     d.u.i.k.p.i.IntermediateProofReplayer Proof replay took 9.75ms 
]]></system-out>
  <system-err><![CDATA[]]></system-err>
</testsuite>
