<?xml version="1.0" encoding="UTF-8"?>
<testsuite name="de.uka.ilkd.key.rule.merge.PredicateAbstractionLatticeTests" tests="3" skipped="0" failures="0" errors="0" timestamp="2023-05-08T21:16:04" hostname="fv-az277-528" time="7.194">
  <properties/>
  <testcase name="testToAndFromString()" classname="de.uka.ilkd.key.rule.merge.PredicateAbstractionLatticeTests" time="3.567"/>
  <testcase name="testCreateSignLatticeWithPredicates()" classname="de.uka.ilkd.key.rule.merge.PredicateAbstractionLatticeTests" time="3.627"/>
  <testcase name="testTrivialPredicatesLattice()" classname="de.uka.ilkd.key.rule.merge.PredicateAbstractionLatticeTests" time="0.0"/>
  <system-out><![CDATA[680517     INFO  Test worker     d.u.i.k.p.i.AbstractProblemLoader Loading environment from src\test\resources\testcase\merge\dummy.key 
680517     DEBUG Test worker     d.u.i.k.p.i.AbstractProblemLoader Environment load took 128.2ns 
680517     INFO  Test worker     d.u.i.k.p.i.AbstractProblemLoader Creating init config 
684070     DEBUG Test worker     d.u.i.k.p.i.AbstractProblemLoader Init config took 3.54s 
684086     INFO  Test worker     d.u.i.k.p.i.AbstractProblemLoader Replaying proof dummy.key 
684086     DEBUG Test worker     d.u.i.k.p.i.IntermediateProofReplayer Proof replay took 11.2ns 
684086     INFO  Test worker     d.u.i.k.p.i.AbstractProblemLoader Loading environment from src\test\resources\testcase\merge\dummy.key 
684086     DEBUG Test worker     d.u.i.k.p.i.AbstractProblemLoader Environment load took 194.9ns 
684086     INFO  Test worker     d.u.i.k.p.i.AbstractProblemLoader Creating init config 
687681     DEBUG Test worker     d.u.i.k.p.i.AbstractProblemLoader Init config took 3.59s 
687697     INFO  Test worker     d.u.i.k.p.i.AbstractProblemLoader Replaying proof dummy.key 
687713     DEBUG Test worker     d.u.i.k.p.i.IntermediateProofReplayer Proof replay took 11ns 
]]></system-out>
  <system-err><![CDATA[]]></system-err>
</testsuite>
