<?xml version="1.0" encoding="UTF-8"?>
<testsuite name="de.uka.ilkd.key.rule.loop.LoopScopeInvRuleTests" tests="1" skipped="0" failures="0" errors="0" timestamp="2023-05-08T21:14:13" hostname="fv-az277-528" time="6.072">
  <properties/>
  <testcase name="testDoAutomaticProofOfBenchmarkWithLabeledBreaksAndContinues()" classname="de.uka.ilkd.key.rule.loop.LoopScopeInvRuleTests" time="6.072"/>
  <system-out><![CDATA[569409     INFO  Test worker     d.u.i.k.p.i.AbstractProblemLoader Loading environment from src\test\resources\testcase\loopScopeInvRule\Test.key 
569409     DEBUG Test worker     d.u.i.k.p.i.AbstractProblemLoader Environment load took 157.3ns 
569409     INFO  Test worker     d.u.i.k.p.i.AbstractProblemLoader Creating init config 
569603     DEBUG Test worker     d.u.i.k.j.TypeConverter   No LDT found for Meta 
569603     DEBUG Test worker     d.u.i.k.j.TypeConverter   No LDT found for Meta 
569603     DEBUG Test worker     d.u.i.k.j.TypeConverter   No LDT found for Meta 
569603     DEBUG Test worker     d.u.i.k.j.TypeConverter   No LDT found for Meta 
570477     DEBUG Test worker     d.u.i.k.j.TypeConverter   No LDT found for JavaBigintExpression 
574535     DEBUG Test worker     d.u.i.k.p.i.AbstractProblemLoader Init config took 5.12s 
574597     INFO  Test worker     d.u.i.k.p.i.AbstractProblemLoader Replaying proof Test[Test::loopScopeRuleBenchmark(int,boolean)].JML normal_behavior operation contract.0 
574597     DEBUG Test worker     d.u.i.k.p.i.IntermediateProofReplayer Proof replay took 22.5ns 
]]></system-out>
  <system-err><![CDATA[]]></system-err>
</testsuite>
