<?xml version="1.0" encoding="UTF-8"?>
<testsuite name="de.uka.ilkd.key.macros.scripts.FocusCommandTest" tests="2" skipped="0" failures="0" errors="0" timestamp="2023-05-08T21:08:18" hostname="fv-az277-528" time="7.766">
  <properties/>
  <testcase name="testSelectionWithLabels()" classname="de.uka.ilkd.key.macros.scripts.FocusCommandTest" time="4.015"/>
  <testcase name="testSimpleSelection()" classname="de.uka.ilkd.key.macros.scripts.FocusCommandTest" time="3.751"/>
  <system-out><![CDATA[215024     INFO  Test worker     d.u.i.k.p.i.AbstractProblemLoader Loading environment from C:\Users\RUNNER~1\AppData\Local\Temp\key-focus-command1715701879263239215.key 
215024     DEBUG Test worker     d.u.i.k.p.i.AbstractProblemLoader Environment load took 828.2ns 
215024     INFO  Test worker     d.u.i.k.p.i.AbstractProblemLoader Creating init config 
218794     DEBUG Test worker     d.u.i.k.p.i.AbstractProblemLoader Init config took 3.76s 
218950     INFO  Test worker     d.u.i.k.p.i.AbstractProblemLoader Replaying proof key-focus-command1715701879263239215.key 
218950     DEBUG Test worker     d.u.i.k.p.i.IntermediateProofReplayer Proof replay took 9.9ns 
218950     DEBUG Test worker     d.u.i.k.m.s.ProofScriptEngine 1: 'macro 'nosplit-prop'' 
219013     DEBUG Test worker     d.u.i.k.m.s.ProofScriptEngine 2: 'focus 'i=1 ==> i = 3'' 
219041     INFO  Test worker     d.u.i.k.p.i.AbstractProblemLoader Loading environment from C:\Users\RUNNER~1\AppData\Local\Temp\key-focus-command1152632545487793523.key 
219044     DEBUG Test worker     d.u.i.k.p.i.AbstractProblemLoader Environment load took 2.33ms 
219048     INFO  Test worker     d.u.i.k.p.i.AbstractProblemLoader Creating init config 
222695     DEBUG Test worker     d.u.i.k.p.i.AbstractProblemLoader Init config took 3.65s 
222727     INFO  Test worker     d.u.i.k.p.i.AbstractProblemLoader Replaying proof key-focus-command1152632545487793523.key 
222742     DEBUG Test worker     d.u.i.k.p.i.IntermediateProofReplayer Proof replay took 9.6ns 
222742     DEBUG Test worker     d.u.i.k.m.s.ProofScriptEngine 1: 'macro 'nosplit-prop'' 
222789     DEBUG Test worker     d.u.i.k.m.s.ProofScriptEngine 2: 'focus 'i=1 ==> i = 4'' 
]]></system-out>
  <system-err><![CDATA[]]></system-err>
</testsuite>
