<?xml version="1.0" encoding="UTF-8"?>
<testsuite name="de.uka.ilkd.key.proof.runallproofs.RunAllProofsInfFlow" tests="29" skipped="0" failures="0" errors="0" timestamp="2023-05-27T17:30:32" hostname="fv-az436-226" time="2771.87">
  <properties/>
  <testcase name="ToyVoting" classname="de.uka.ilkd.key.proof.runallproofs.RunAllProofsInfFlow" time="25.113"/>
  <testcase name="ConditionalConfidential" classname="de.uka.ilkd.key.proof.runallproofs.RunAllProofsInfFlow" time="14.152"/>
  <testcase name="SumExample" classname="de.uka.ilkd.key.proof.runallproofs.RunAllProofsInfFlow" time="9.3"/>
  <testcase name="ToyBanking" classname="de.uka.ilkd.key.proof.runallproofs.RunAllProofsInfFlow" time="113.091"/>
  <testcase name="BlockContracts" classname="de.uka.ilkd.key.proof.runallproofs.RunAllProofsInfFlow" time="59.634"/>
  <testcase name="MethodContracts" classname="de.uka.ilkd.key.proof.runallproofs.RunAllProofsInfFlow" time="72.351"/>
  <testcase name="LoopInvariants" classname="de.uka.ilkd.key.proof.runallproofs.RunAllProofsInfFlow" time="67.902"/>
  <testcase name="MiniExamples" classname="de.uka.ilkd.key.proof.runallproofs.RunAllProofsInfFlow" time="94.136"/>
  <testcase name="NewObjects" classname="de.uka.ilkd.key.proof.runallproofs.RunAllProofsInfFlow" time="78.31"/>
  <testcase name="SimpleEvoting" classname="de.uka.ilkd.key.proof.runallproofs.RunAllProofsInfFlow" time="172.697"/>
  <testcase name="ToyVoting_nomacro" classname="de.uka.ilkd.key.proof.runallproofs.RunAllProofsInfFlow" time="35.368"/>
  <testcase name="ConditionalConfidential_nomacro" classname="de.uka.ilkd.key.proof.runallproofs.RunAllProofsInfFlow" time="0.0"/>
  <testcase name="SumExample_nomacro" classname="de.uka.ilkd.key.proof.runallproofs.RunAllProofsInfFlow" time="11.84"/>
  <testcase name="ToyBanking_nomacro" classname="de.uka.ilkd.key.proof.runallproofs.RunAllProofsInfFlow" time="76.335"/>
  <testcase name="BlockContracts_nomacro" classname="de.uka.ilkd.key.proof.runallproofs.RunAllProofsInfFlow" time="77.475"/>
  <testcase name="MethodContracts_nomacro" classname="de.uka.ilkd.key.proof.runallproofs.RunAllProofsInfFlow" time="72.512"/>
  <testcase name="LoopInvariants_nomacro" classname="de.uka.ilkd.key.proof.runallproofs.RunAllProofsInfFlow" time="110.705"/>
  <testcase name="MiniExamples_nomacro" classname="de.uka.ilkd.key.proof.runallproofs.RunAllProofsInfFlow" time="95.645"/>
  <testcase name="NewObjects_nomacro" classname="de.uka.ilkd.key.proof.runallproofs.RunAllProofsInfFlow" time="135.54"/>
  <testcase name="SimpleEvoting_nomacro" classname="de.uka.ilkd.key.proof.runallproofs.RunAllProofsInfFlow" time="137.335"/>
  <testcase name="ToyVoting_fullmacro" classname="de.uka.ilkd.key.proof.runallproofs.RunAllProofsInfFlow" time="57.92"/>
  <testcase name="SumExample_fullmacro" classname="de.uka.ilkd.key.proof.runallproofs.RunAllProofsInfFlow" time="10.53"/>
  <testcase name="ToyBanking_fullmacro" classname="de.uka.ilkd.key.proof.runallproofs.RunAllProofsInfFlow" time="283.59"/>
  <testcase name="BlockContracts_fullmacro" classname="de.uka.ilkd.key.proof.runallproofs.RunAllProofsInfFlow" time="80.21"/>
  <testcase name="MethodContracts_fullmacro" classname="de.uka.ilkd.key.proof.runallproofs.RunAllProofsInfFlow" time="73.077"/>
  <testcase name="InformationFlow_fullmacro" classname="de.uka.ilkd.key.proof.runallproofs.RunAllProofsInfFlow" time="331.193"/>
  <testcase name="MiniExamples_fullmacro" classname="de.uka.ilkd.key.proof.runallproofs.RunAllProofsInfFlow" time="98.926"/>
  <testcase name="NewObjects_fullmacro" classname="de.uka.ilkd.key.proof.runallproofs.RunAllProofsInfFlow" time="196.47"/>
  <testcase name="SimpleEvoting_fullmacro" classname="de.uka.ilkd.key.proof.runallproofs.RunAllProofsInfFlow" time="180.506"/>
  <system-out><![CDATA[233        INFO  Test worker     d.u.i.k.p.r.RunAllProofsTestUnit Running test ToyVoting 
342        INFO  Timeout watchdog d.u.i.k.p.r.p.ForkedTestFileRunner Timeout watcher launched (1000 secs.) 
349        WARN  main            d.u.i.k.s.ProofSettings   No proof-settings could be loaded, using defaults java.io.FileNotFoundException: /home/runner/.key/proof-settings.props (No such file or directory)
	at java.base/java.io.FileInputStream.open0(Native Method)

373        INFO  main            d.u.i.k.p.r.p.TestFile    Now processing file /home/runner/work/key/key/key.core/../key.ui/examples/InformationFlow/ToyVoting/Voter(Voter__insecure_voting()).JML normal_behavior operation contract.0.key 
533        INFO  main            d.u.i.k.p.i.AbstractProblemLoader Loading environment from /home/runner/work/key/key/key.core/../key.ui/examples/InformationFlow/ToyVoting/Voter(Voter__insecure_voting()).JML normal_behavior operation contract.0.key 
552        DEBUG main            d.u.i.k.p.i.AbstractProblemLoader Environment load took 2.49ms 
778        INFO  main            d.u.i.k.p.i.AbstractProblemLoader Creating init config 
1560       DEBUG main            d.u.i.k.j.TypeConverter   No LDT found for Meta 
1560       DEBUG main            d.u.i.k.j.TypeConverter   No LDT found for Meta 
1561       DEBUG main            d.u.i.k.j.TypeConverter   No LDT found for Meta 
1561       DEBUG main            d.u.i.k.j.TypeConverter   No LDT found for Meta 
3176       DEBUG main            d.u.i.k.j.TypeConverter   No LDT found for JavaBigintExpression 
7990       DEBUG main            d.u.i.k.p.i.AbstractProblemLoader Init config took 7.21s 
8112       INFO  main            d.u.i.k.p.i.AbstractProblemLoader Replaying proof Voter[Voter::insecure_voting()].JML normal_behavior operation contract.0 
8208       DEBUG main            d.u.i.k.p.i.IntermediateProofReplayer Proof replay took 404.7ns 
9355       INFO  main            d.u.i.k.p.r.p.TestFile    ... finished proof: closed. 
9508       INFO  main            d.u.i.k.p.r.p.TestFile    Now processing file /home/runner/work/key/key/key.core/../key.ui/examples/InformationFlow/ToyVoting/Voter(Voter__publishVoterParticipation()).JML normal_behavior operation contract.0.key 
9509       INFO  main            d.u.i.k.p.i.AbstractProblemLoader Loading environment from /home/runner/work/key/key/key.core/../key.ui/examples/InformationFlow/ToyVoting/Voter(Voter__publishVoterParticipation()).JML normal_behavior operation contract.0.key 
9509       DEBUG main            d.u.i.k.p.i.AbstractProblemLoader Environment load took 93.6ns 
9513       INFO  main            d.u.i.k.p.i.AbstractProblemLoader Creating init config 
12266      DEBUG main            d.u.i.k.p.i.AbstractProblemLoader Init config took 2.75s 
12325      INFO  main            d.u.i.k.p.i.AbstractProblemLoader Replaying proof Voter[Voter::publishVoterParticipation()].JML normal_behavior operation contract.0 
12329      DEBUG main            d.u.i.k.p.i.IntermediateProofReplayer Proof replay took 11.7ns 
12431      INFO  main            d.u.i.k.p.r.p.TestFile    ... finished proof: closed. 
12559      INFO  main            d.u.i.k.p.r.p.TestFile    Now processing file /home/runner/work/key/key/key.core/../key.ui/examples/InformationFlow/ToyVoting/Voter(Voter__isValid(int)).JML normal_behavior operation contract.0.key 
12559      INFO  main            d.u.i.k.p.i.AbstractProblemLoader Loading environment from /home/runner/work/key/key/key.core/../key.ui/examples/InformationFlow/ToyVoting/Voter(Voter__isValid(int)).JML normal_behavior operation contract.0.key 
12559      DEBUG main            d.u.i.k.p.i.AbstractProblemLoader Environment load took 92.2ns 
12562      INFO  main            d.u.i.k.p.i.AbstractProblemLoader Creating init config 
15260      DEBUG main            d.u.i.k.p.i.AbstractProblemLoader Init config took 2.7s 
15318      INFO  main            d.u.i.k.p.i.AbstractProblemLoader Replaying proof Voter[Voter::isValid(int)].JML normal_behavior operation contract.0 
15321      DEBUG main            d.u.i.k.p.i.IntermediateProofReplayer Proof replay took 12.3ns 
15424      INFO  main            d.u.i.k.p.r.p.TestFile    ... finished proof: closed. 
15539      INFO  main            d.u.i.k.p.r.p.TestFile    Now processing file /home/runner/work/key/key/key.core/../key.ui/examples/InformationFlow/ToyVoting/Voter(Voter__sendVote(int)).JML normal_behavior operation contract.0.key 
15540      INFO  main            d.u.i.k.p.i.AbstractProblemLoader Loading environment from /home/runner/work/key/key/key.core/../key.ui/examples/InformationFlow/ToyVoting/Voter(Voter__sendVote(int)).JML normal_behavior operation contract.0.key 
15540      DEBUG main            d.u.i.k.p.i.AbstractProblemLoader Environment load took 69.5ns 
15541      INFO  main            d.u.i.k.p.i.AbstractProblemLoader Creating init config 
18079      DEBUG main            d.u.i.k.p.i.AbstractProblemLoader Init config took 2.54s 
18129      INFO  main            d.u.i.k.p.i.AbstractProblemLoader Replaying proof Voter[Voter::sendVote(int)].JML normal_behavior operation contract.0 
18132      DEBUG main            d.u.i.k.p.i.IntermediateProofReplayer Proof replay took 12.4ns 
18235      INFO  main            d.u.i.k.p.r.p.TestFile    ... finished proof: closed. 
18371      INFO  main            d.u.i.k.p.r.p.TestFile    Now processing file /home/runner/work/key/key/key.core/../key.ui/examples/InformationFlow/ToyVoting/Voter(Voter__inputVote()).JML normal_behavior operation contract.0.key 
18371      INFO  main            d.u.i.k.p.i.AbstractProblemLoader Loading environment from /home/runner/work/key/key/key.core/../key.ui/examples/InformationFlow/ToyVoting/Voter(Voter__inputVote()).JML normal_behavior operation contract.0.key 
18372      DEBUG main            d.u.i.k.p.i.AbstractProblemLoader Environment load took 502.61ns 
18377      INFO  main            d.u.i.k.p.i.AbstractProblemLoader Creating init config 
20933      DEBUG main            d.u.i.k.p.i.AbstractProblemLoader Init config took 2.56s 
20987      INFO  main            d.u.i.k.p.i.AbstractProblemLoader Replaying proof Voter[Voter::inputVote()].JML normal_behavior operation contract.0 
20992      DEBUG main            d.u.i.k.p.i.IntermediateProofReplayer Proof replay took 13.2ns 
21094      INFO  main            d.u.i.k.p.r.p.TestFile    ... finished proof: closed. 
21231      INFO  main            d.u.i.k.p.r.p.TestFile    Now processing file /home/runner/work/key/key/key.core/../key.ui/examples/InformationFlow/ToyVoting/Voter(Voter__secure_voting()).JML normal_behavior operation contract.0.key 
21232      INFO  main            d.u.i.k.p.i.AbstractProblemLoader Loading environment from /home/runner/work/key/key/key.core/../key.ui/examples/InformationFlow/ToyVoting/Voter(Voter__secure_voting()).JML normal_behavior operation contract.0.key 
21232      DEBUG main            d.u.i.k.p.i.AbstractProblemLoader Environment load took 71.6ns 
21233      INFO  main            d.u.i.k.p.i.AbstractProblemLoader Creating init config 
23742      DEBUG main            d.u.i.k.p.i.AbstractProblemLoader Init config took 2.51s 
23785      INFO  main            d.u.i.k.p.i.AbstractProblemLoader Replaying proof Voter[Voter::secure_voting()].JML normal_behavior operation contract.0 
23790      DEBUG main            d.u.i.k.p.i.IntermediateProofReplayer Proof replay took 12.1ns 
24700      INFO  main            d.u.i.k.p.r.p.TestFile    ... finished proof: closed. 
25339      INFO  Test worker     d.u.i.k.p.r.RunAllProofsTestUnit Returning from test ToyVoting 
25343      INFO  Test worker     d.u.i.k.p.r.RunAllProofsTestUnit Running test ConditionalConfidential 
351        INFO  Timeout watchdog d.u.i.k.p.r.p.ForkedTestFileRunner Timeout watcher launched (1000 secs.) 
359        WARN  main            d.u.i.k.s.ProofSettings   The settings in /home/runner/.key/proof-settings.props are *not* read. 
380        INFO  main            d.u.i.k.p.r.p.TestFile    Now processing file /home/runner/work/key/key/key.core/../key.ui/examples/InformationFlow/ConditionalConfidential/CCExample(CCExample__hasAccessRight(CCExample.User)).JML normal_behavior operation contract.0.key 
484        INFO  main            d.u.i.k.p.i.AbstractProblemLoader Loading environment from /home/runner/work/key/key/key.core/../key.ui/examples/InformationFlow/ConditionalConfidential/CCExample(CCExample__hasAccessRight(CCExample.User)).JML normal_behavior operation contract.0.key 
507        DEBUG main            d.u.i.k.p.i.AbstractProblemLoader Environment load took 2.31ms 
728        INFO  main            d.u.i.k.p.i.AbstractProblemLoader Creating init config 
1447       DEBUG main            d.u.i.k.j.TypeConverter   No LDT found for Meta 
1448       DEBUG main            d.u.i.k.j.TypeConverter   No LDT found for Meta 
1449       DEBUG main            d.u.i.k.j.TypeConverter   No LDT found for Meta 
1449       DEBUG main            d.u.i.k.j.TypeConverter   No LDT found for Meta 
3066       DEBUG main            d.u.i.k.j.TypeConverter   No LDT found for JavaBigintExpression 
5518       DEBUG main            d.u.i.k.j.r.ClassPreparationMethodBuilder clPrepBuilder: Inner Class detected. Reject building class initialisation methods. 
7820       DEBUG main            d.u.i.k.p.i.AbstractProblemLoader Init config took 7.09s 
8024       INFO  main            d.u.i.k.p.i.AbstractProblemLoader Replaying proof ConditionalConfidentialExample[ConditionalConfidentialExample::hasAccessRight(ConditionalConfidentialExample.User)].JML normal_behavior operation contract.0 
8064       DEBUG main            d.u.i.k.p.i.IntermediateProofReplayer Proof replay took 317.3ns 
10410      INFO  main            d.u.i.k.p.r.p.TestFile    ... finished proof: closed. 
10570      INFO  main            d.u.i.k.p.r.p.TestFile    Now processing file /home/runner/work/key/key/key.core/../key.ui/examples/InformationFlow/ConditionalConfidential/CCExample(CCExample__getConfidentialData(CCExample.User)).JML normal_behavior operation contract.0.key 
10570      INFO  main            d.u.i.k.p.i.AbstractProblemLoader Loading environment from /home/runner/work/key/key/key.core/../key.ui/examples/InformationFlow/ConditionalConfidential/CCExample(CCExample__getConfidentialData(CCExample.User)).JML normal_behavior operation contract.0.key 
10570      DEBUG main            d.u.i.k.p.i.AbstractProblemLoader Environment load took 92ns 
10572      INFO  main            d.u.i.k.p.i.AbstractProblemLoader Creating init config 
11477      DEBUG main            d.u.i.k.j.r.ClassPreparationMethodBuilder clPrepBuilder: Inner Class detected. Reject building class initialisation methods. 
13279      DEBUG main            d.u.i.k.p.i.AbstractProblemLoader Init config took 2.71s 
13353      INFO  main            d.u.i.k.p.i.AbstractProblemLoader Replaying proof ConditionalConfidentialExample[ConditionalConfidentialExample::getConfidentialData(ConditionalConfidentialExample.User)].JML normal_behavior operation contract.0 
13358      DEBUG main            d.u.i.k.p.i.IntermediateProofReplayer Proof replay took 12ns 
13863      INFO  main            d.u.i.k.p.r.p.TestFile    ... finished proof: closed. 
39494      INFO  Test worker     d.u.i.k.p.r.RunAllProofsTestUnit Returning from test ConditionalConfidential 
39496      INFO  Test worker     d.u.i.k.p.r.RunAllProofsTestUnit Running test SumExample 
330        INFO  Timeout watchdog d.u.i.k.p.r.p.ForkedTestFileRunner Timeout watcher launched (1000 secs.) 
337        WARN  main            d.u.i.k.s.ProofSettings   The settings in /home/runner/.key/proof-settings.props are *not* read. 
370        INFO  main            d.u.i.k.p.r.p.TestFile    Now processing file /home/runner/work/key/key/key.core/../key.ui/examples/InformationFlow/Sum/SumExample(SumExample__getSum()).JML normal_behavior operation contract.0.key 
511        INFO  main            d.u.i.k.p.i.AbstractProblemLoader Loading environment from /home/runner/work/key/key/key.core/../key.ui/examples/InformationFlow/Sum/SumExample(SumExample__getSum()).JML normal_behavior operation contract.0.key 
560        DEBUG main            d.u.i.k.p.i.AbstractProblemLoader Environment load took 4.99ms 
810        INFO  main            d.u.i.k.p.i.AbstractProblemLoader Creating init config 
1697       DEBUG main            d.u.i.k.j.TypeConverter   No LDT found for Meta 
1697       DEBUG main            d.u.i.k.j.TypeConverter   No LDT found for Meta 
1701       DEBUG main            d.u.i.k.j.TypeConverter   No LDT found for Meta 
1701       DEBUG main            d.u.i.k.j.TypeConverter   No LDT found for Meta 
3043       DEBUG main            d.u.i.k.j.TypeConverter   No LDT found for JavaBigintExpression 
7806       DEBUG main            d.u.i.k.p.i.AbstractProblemLoader Init config took 7s 
7927       INFO  main            d.u.i.k.p.i.AbstractProblemLoader Replaying proof SumExample[SumExample::getSum()].JML normal_behavior operation contract.0 
7962       DEBUG main            d.u.i.k.p.i.IntermediateProofReplayer Proof replay took 372.31ns 
9019       INFO  main            d.u.i.k.p.r.p.TestFile    ... finished proof: closed. 
48794      INFO  Test worker     d.u.i.k.p.r.RunAllProofsTestUnit Returning from test SumExample 
48796      INFO  Test worker     d.u.i.k.p.r.RunAllProofsTestUnit Running test ToyBanking 
403        INFO  Timeout watchdog d.u.i.k.p.r.p.ForkedTestFileRunner Timeout watcher launched (1000 secs.) 
425        WARN  main            d.u.i.k.s.ProofSettings   The settings in /home/runner/.key/proof-settings.props are *not* read. 
461        INFO  main            d.u.i.k.p.r.p.TestFile    Now processing file /home/runner/work/key/key/key.core/../key.ui/examples/InformationFlow/ToyBanking/banking_example.UserAccount(banking_example.UserAccount__getBankAccount(int)).JML normal_behavior operation contract.0.key 
596        INFO  main            d.u.i.k.p.i.AbstractProblemLoader Loading environment from /home/runner/work/key/key/key.core/../key.ui/examples/InformationFlow/ToyBanking/banking_example.UserAccount(banking_example.UserAccount__getBankAccount(int)).JML normal_behavior operation contract.0.key 
614        DEBUG main            d.u.i.k.p.i.AbstractProblemLoader Environment load took 2.11ms 
842        INFO  main            d.u.i.k.p.i.AbstractProblemLoader Creating init config 
1628       DEBUG main            d.u.i.k.j.TypeConverter   No LDT found for Meta 
1629       DEBUG main            d.u.i.k.j.TypeConverter   No LDT found for Meta 
1631       DEBUG main            d.u.i.k.j.TypeConverter   No LDT found for Meta 
1631       DEBUG main            d.u.i.k.j.TypeConverter   No LDT found for Meta 
2937       DEBUG main            d.u.i.k.j.TypeConverter   No LDT found for JavaBigintExpression 
8242       DEBUG main            d.u.i.k.p.i.AbstractProblemLoader Init config took 7.4s 
8420       INFO  main            d.u.i.k.p.i.AbstractProblemLoader Replaying proof banking_example.UserAccount[banking_example.UserAccount::getBankAccount(int)].JML normal_behavior operation contract.0 
8456       DEBUG main            d.u.i.k.p.i.IntermediateProofReplayer Proof replay took 329.7ns 
9838       INFO  main            d.u.i.k.p.r.p.TestFile    ... finished proof: closed. 
9972       INFO  main            d.u.i.k.p.r.p.TestFile    Now processing file /home/runner/work/key/key/key.core/../key.ui/examples/InformationFlow/ToyBanking/banking_example.UserAccount(banking_example.UserAccount__tryLogin(int,(C)).JML normal_behavior operation contract.0.key 
9972       INFO  main            d.u.i.k.p.i.AbstractProblemLoader Loading environment from /home/runner/work/key/key/key.core/../key.ui/examples/InformationFlow/ToyBanking/banking_example.UserAccount(banking_example.UserAccount__tryLogin(int,(C)).JML normal_behavior operation contract.0.key 
9972       DEBUG main            d.u.i.k.p.i.AbstractProblemLoader Environment load took 81.8ns 
9974       INFO  main            d.u.i.k.p.i.AbstractProblemLoader Creating init config 
12961      DEBUG main            d.u.i.k.p.i.AbstractProblemLoader Init config took 2.99s 
13086      INFO  main            d.u.i.k.p.i.AbstractProblemLoader Replaying proof banking_example.UserAccount[banking_example.UserAccount::tryLogin(int,[C)].JML normal_behavior operation contract.0 
13095      DEBUG main            d.u.i.k.p.i.IntermediateProofReplayer Proof replay took 12.8ns 
36533      INFO  main            d.u.i.k.p.r.p.TestFile    ... finished proof: closed. 
36758      INFO  main            d.u.i.k.p.r.p.TestFile    Now processing file /home/runner/work/key/key/key.core/../key.ui/examples/InformationFlow/ToyBanking/banking_example.UserAccount(java.lang.Object___inv_()).JML accessible clause.0.key 
36759      INFO  main            d.u.i.k.p.i.AbstractProblemLoader Loading environment from /home/runner/work/key/key/key.core/../key.ui/examples/InformationFlow/ToyBanking/banking_example.UserAccount(java.lang.Object___inv_()).JML accessible clause.0.key 
36761      DEBUG main            d.u.i.k.p.i.AbstractProblemLoader Environment load took 2.74ms 
36763      INFO  main            d.u.i.k.p.i.AbstractProblemLoader Creating init config 
39542      DEBUG main            d.u.i.k.p.i.AbstractProblemLoader Init config took 2.78s 
39634      INFO  main            d.u.i.k.p.i.AbstractProblemLoader Replaying proof banking_example.UserAccount[java.lang.Object::<inv>()].JML accessible clause.0 
39639      DEBUG main            d.u.i.k.p.i.IntermediateProofReplayer Proof replay took 12.7ns 
43587      INFO  main            d.u.i.k.p.r.p.TestFile    ... finished proof: closed. 
43800      INFO  main            d.u.i.k.p.r.p.TestFile    Now processing file /home/runner/work/key/key/key.core/../key.ui/examples/InformationFlow/ToyBanking/banking_example.BankAccount(banking_example.BankAccount__depositMoney(int)).JML normal_behavior operation contract.0.key 
43802      INFO  main            d.u.i.k.p.i.AbstractProblemLoader Loading environment from /home/runner/work/key/key/key.core/../key.ui/examples/InformationFlow/ToyBanking/banking_example.BankAccount(banking_example.BankAccount__depositMoney(int)).JML normal_behavior operation contract.0.key 
43802      DEBUG main            d.u.i.k.p.i.AbstractProblemLoader Environment load took 1.61ms 
43803      INFO  main            d.u.i.k.p.i.AbstractProblemLoader Creating init config 
46590      DEBUG main            d.u.i.k.p.i.AbstractProblemLoader Init config took 2.79s 
46644      INFO  main            d.u.i.k.p.i.AbstractProblemLoader Replaying proof banking_example.BankAccount[banking_example.BankAccount::depositMoney(int)].JML normal_behavior operation contract.0 
46648      DEBUG main            d.u.i.k.p.i.IntermediateProofReplayer Proof replay took 12.1ns 
46952      INFO  main            d.u.i.k.p.r.p.TestFile    ... finished proof: closed. 
47099      INFO  main            d.u.i.k.p.r.p.TestFile    Now processing file /home/runner/work/key/key/key.core/../key.ui/examples/InformationFlow/ToyBanking/banking_example.BankAccount(banking_example.BankAccount__getBalance()).JML normal_behavior operation contract.0.key 
47100      INFO  main            d.u.i.k.p.i.AbstractProblemLoader Loading environment from /home/runner/work/key/key/key.core/../key.ui/examples/InformationFlow/ToyBanking/banking_example.BankAccount(banking_example.BankAccount__getBalance()).JML normal_behavior operation contract.0.key 
47100      DEBUG main            d.u.i.k.p.i.AbstractProblemLoader Environment load took 452.7ns 
47101      INFO  main            d.u.i.k.p.i.AbstractProblemLoader Creating init config 
49869      DEBUG main            d.u.i.k.p.i.AbstractProblemLoader Init config took 2.77s 
49921      INFO  main            d.u.i.k.p.i.AbstractProblemLoader Replaying proof banking_example.BankAccount[banking_example.BankAccount::getBalance()].JML normal_behavior operation contract.0 
49924      DEBUG main            d.u.i.k.p.i.IntermediateProofReplayer Proof replay took 11.8ns 
50027      INFO  main            d.u.i.k.p.r.p.TestFile    ... finished proof: closed. 
50163      INFO  main            d.u.i.k.p.r.p.TestFile    Now processing file /home/runner/work/key/key/key.core/../key.ui/examples/InformationFlow/ToyBanking/banking_example.BankAccount(banking_example.BankAccount__getId()).JML normal_behavior operation contract.0.key 
50170      INFO  main            d.u.i.k.p.i.AbstractProblemLoader Loading environment from /home/runner/work/key/key/key.core/../key.ui/examples/InformationFlow/ToyBanking/banking_example.BankAccount(banking_example.BankAccount__getId()).JML normal_behavior operation contract.0.key 
50170      DEBUG main            d.u.i.k.p.i.AbstractProblemLoader Environment load took 199.8ns 
50172      INFO  main            d.u.i.k.p.i.AbstractProblemLoader Creating init config 
52928      DEBUG main            d.u.i.k.p.i.AbstractProblemLoader Init config took 2.76s 
52982      INFO  main            d.u.i.k.p.i.AbstractProblemLoader Replaying proof banking_example.BankAccount[banking_example.BankAccount::getId()].JML normal_behavior operation contract.0 
52985      DEBUG main            d.u.i.k.p.i.IntermediateProofReplayer Proof replay took 12.1ns 
53087      INFO  main            d.u.i.k.p.r.p.TestFile    ... finished proof: closed. 
53224      INFO  main            d.u.i.k.p.r.p.TestFile    Now processing file /home/runner/work/key/key/key.core/../key.ui/examples/InformationFlow/ToyBanking/banking_example.Bank(banking_example.Bank__login(int,(C)).JML normal_behavior operation contract.0.key 
53224      INFO  main            d.u.i.k.p.i.AbstractProblemLoader Loading environment from /home/runner/work/key/key/key.core/../key.ui/examples/InformationFlow/ToyBanking/banking_example.Bank(banking_example.Bank__login(int,(C)).JML normal_behavior operation contract.0.key 
53224      DEBUG main            d.u.i.k.p.i.AbstractProblemLoader Environment load took 72.2ns 
53225      INFO  main            d.u.i.k.p.i.AbstractProblemLoader Creating init config 
55957      DEBUG main            d.u.i.k.p.i.AbstractProblemLoader Init config took 2.73s 
56018      INFO  main            d.u.i.k.p.i.AbstractProblemLoader Replaying proof banking_example.Bank[banking_example.Bank::login(int,[C)].JML normal_behavior operation contract.0 
56021      DEBUG main            d.u.i.k.p.i.IntermediateProofReplayer Proof replay took 11.7ns 
61669      INFO  main            d.u.i.k.p.r.p.TestFile    ... finished proof: closed. 
61853      INFO  main            d.u.i.k.p.r.p.TestFile    Now processing file /home/runner/work/key/key/key.core/../key.ui/examples/InformationFlow/ToyBanking/banking_example2.UserAccount(banking_example2.UserAccount__getBankAccount(int)).JML normal_behavior operation contract.0.key 
61854      INFO  main            d.u.i.k.p.i.AbstractProblemLoader Loading environment from /home/runner/work/key/key/key.core/../key.ui/examples/InformationFlow/ToyBanking/banking_example2.UserAccount(banking_example2.UserAccount__getBankAccount(int)).JML normal_behavior operation contract.0.key 
61854      DEBUG main            d.u.i.k.p.i.AbstractProblemLoader Environment load took 75.4ns 
61855      INFO  main            d.u.i.k.p.i.AbstractProblemLoader Creating init config 
64516      DEBUG main            d.u.i.k.p.i.AbstractProblemLoader Init config took 2.66s 
64592      INFO  main            d.u.i.k.p.i.AbstractProblemLoader Replaying proof banking_example2.UserAccount[banking_example2.UserAccount::getBankAccount(int)].JML normal_behavior operation contract.0 
64595      DEBUG main            d.u.i.k.p.i.IntermediateProofReplayer Proof replay took 13.1ns 
64999      INFO  main            d.u.i.k.p.r.p.TestFile    ... finished proof: closed. 
65159      INFO  main            d.u.i.k.p.r.p.TestFile    Now processing file /home/runner/work/key/key/key.core/../key.ui/examples/InformationFlow/ToyBanking/banking_example2.UserAccount(banking_example2.UserAccount__tryLogin(int,(C)).JML normal_behavior operation contract.0.key 
65160      INFO  main            d.u.i.k.p.i.AbstractProblemLoader Loading environment from /home/runner/work/key/key/key.core/../key.ui/examples/InformationFlow/ToyBanking/banking_example2.UserAccount(banking_example2.UserAccount__tryLogin(int,(C)).JML normal_behavior operation contract.0.key 
65160      DEBUG main            d.u.i.k.p.i.AbstractProblemLoader Environment load took 140.5ns 
65161      INFO  main            d.u.i.k.p.i.AbstractProblemLoader Creating init config 
67794      DEBUG main            d.u.i.k.p.i.AbstractProblemLoader Init config took 2.63s 
67851      INFO  main            d.u.i.k.p.i.AbstractProblemLoader Replaying proof banking_example2.UserAccount[banking_example2.UserAccount::tryLogin(int,[C)].JML normal_behavior operation contract.0 
67854      DEBUG main            d.u.i.k.p.i.IntermediateProofReplayer Proof replay took 13ns 
89531      INFO  main            d.u.i.k.p.r.p.TestFile    ... finished proof: closed. 
89758      INFO  main            d.u.i.k.p.r.p.TestFile    Now processing file /home/runner/work/key/key/key.core/../key.ui/examples/InformationFlow/ToyBanking/banking_example2.UserAccount(java.lang.Object___inv_()).JML accessible clause.0.key 
89759      INFO  main            d.u.i.k.p.i.AbstractProblemLoader Loading environment from /home/runner/work/key/key/key.core/../key.ui/examples/InformationFlow/ToyBanking/banking_example2.UserAccount(java.lang.Object___inv_()).JML accessible clause.0.key 
89759      DEBUG main            d.u.i.k.p.i.AbstractProblemLoader Environment load took 158.6ns 
89760      INFO  main            d.u.i.k.p.i.AbstractProblemLoader Creating init config 
92353      DEBUG main            d.u.i.k.p.i.AbstractProblemLoader Init config took 2.59s 
92413      INFO  main            d.u.i.k.p.i.AbstractProblemLoader Replaying proof banking_example2.UserAccount[java.lang.Object::<inv>()].JML accessible clause.0 
92416      DEBUG main            d.u.i.k.p.i.IntermediateProofReplayer Proof replay took 13.8ns 
97206      INFO  main            d.u.i.k.p.r.p.TestFile    ... finished proof: open goal(s) 
97405      INFO  main            d.u.i.k.p.r.p.TestFile    Now processing file /home/runner/work/key/key/key.core/../key.ui/examples/InformationFlow/ToyBanking/banking_example2.BankAccount(banking_example2.BankAccount__depositMoney(int)).JML normal_behavior operation contract.0.key 
97405      INFO  main            d.u.i.k.p.i.AbstractProblemLoader Loading environment from /home/runner/work/key/key/key.core/../key.ui/examples/InformationFlow/ToyBanking/banking_example2.BankAccount(banking_example2.BankAccount__depositMoney(int)).JML normal_behavior operation contract.0.key 
97405      DEBUG main            d.u.i.k.p.i.AbstractProblemLoader Environment load took 78.4ns 
97408      INFO  main            d.u.i.k.p.i.AbstractProblemLoader Creating init config 
99955      DEBUG main            d.u.i.k.p.i.AbstractProblemLoader Init config took 2.55s 
100001     INFO  main            d.u.i.k.p.i.AbstractProblemLoader Replaying proof banking_example2.BankAccount[banking_example2.BankAccount::depositMoney(int)].JML normal_behavior operation contract.0 
100004     DEBUG main            d.u.i.k.p.i.IntermediateProofReplayer Proof replay took 13.6ns 
100307     INFO  main            d.u.i.k.p.r.p.TestFile    ... finished proof: closed. 
100479     INFO  main            d.u.i.k.p.r.p.TestFile    Now processing file /home/runner/work/key/key/key.core/../key.ui/examples/InformationFlow/ToyBanking/banking_example2.BankAccount(banking_example2.BankAccount__getBalance()).JML normal_behavior operation contract.0.key 
100479     INFO  main            d.u.i.k.p.i.AbstractProblemLoader Loading environment from /home/runner/work/key/key/key.core/../key.ui/examples/InformationFlow/ToyBanking/banking_example2.BankAccount(banking_example2.BankAccount__getBalance()).JML normal_behavior operation contract.0.key 
100479     DEBUG main            d.u.i.k.p.i.AbstractProblemLoader Environment load took 120.8ns 
100481     INFO  main            d.u.i.k.p.i.AbstractProblemLoader Creating init config 
103111     DEBUG main            d.u.i.k.p.i.AbstractProblemLoader Init config took 2.63s 
103156     INFO  main            d.u.i.k.p.i.AbstractProblemLoader Replaying proof banking_example2.BankAccount[banking_example2.BankAccount::getBalance()].JML normal_behavior operation contract.0 
103159     DEBUG main            d.u.i.k.p.i.IntermediateProofReplayer Proof replay took 12.3ns 
103263     INFO  main            d.u.i.k.p.r.p.TestFile    ... finished proof: closed. 
103421     INFO  main            d.u.i.k.p.r.p.TestFile    Now processing file /home/runner/work/key/key/key.core/../key.ui/examples/InformationFlow/ToyBanking/banking_example2.BankAccount(banking_example2.BankAccount__getId()).JML normal_behavior operation contract.0.key 
103421     INFO  main            d.u.i.k.p.i.AbstractProblemLoader Loading environment from /home/runner/work/key/key/key.core/../key.ui/examples/InformationFlow/ToyBanking/banking_example2.BankAccount(banking_example2.BankAccount__getId()).JML normal_behavior operation contract.0.key 
103421     DEBUG main            d.u.i.k.p.i.AbstractProblemLoader Environment load took 65.1ns 
103422     INFO  main            d.u.i.k.p.i.AbstractProblemLoader Creating init config 
105987     DEBUG main            d.u.i.k.p.i.AbstractProblemLoader Init config took 2.56s 
106029     INFO  main            d.u.i.k.p.i.AbstractProblemLoader Replaying proof banking_example2.BankAccount[banking_example2.BankAccount::getId()].JML normal_behavior operation contract.0 
106032     DEBUG main            d.u.i.k.p.i.IntermediateProofReplayer Proof replay took 13.9ns 
106135     INFO  main            d.u.i.k.p.r.p.TestFile    ... finished proof: closed. 
106294     INFO  main            d.u.i.k.p.r.p.TestFile    Now processing file /home/runner/work/key/key/key.core/../key.ui/examples/InformationFlow/ToyBanking/banking_example2.Bank(banking_example2.Bank__login(int,(C)).JML normal_behavior operation contract.0.key 
106295     INFO  main            d.u.i.k.p.i.AbstractProblemLoader Loading environment from /home/runner/work/key/key/key.core/../key.ui/examples/InformationFlow/ToyBanking/banking_example2.Bank(banking_example2.Bank__login(int,(C)).JML normal_behavior operation contract.0.key 
106295     DEBUG main            d.u.i.k.p.i.AbstractProblemLoader Environment load took 80.2ns 
106296     INFO  main            d.u.i.k.p.i.AbstractProblemLoader Creating init config 
108849     DEBUG main            d.u.i.k.p.i.AbstractProblemLoader Init config took 2.55s 
108894     INFO  main            d.u.i.k.p.i.AbstractProblemLoader Replaying proof banking_example2.Bank[banking_example2.Bank::login(int,[C)].JML normal_behavior operation contract.0 
108896     DEBUG main            d.u.i.k.p.i.IntermediateProofReplayer Proof replay took 14ns 
112710     INFO  main            d.u.i.k.p.r.p.TestFile    ... finished proof: closed. 
161885     INFO  Test worker     d.u.i.k.p.r.RunAllProofsTestUnit Returning from test ToyBanking 
161889     INFO  Test worker     d.u.i.k.p.r.RunAllProofsTestUnit Running test BlockContracts 
326        INFO  Timeout watchdog d.u.i.k.p.r.p.ForkedTestFileRunner Timeout watcher launched (1000 secs.) 
340        WARN  main            d.u.i.k.s.ProofSettings   The settings in /home/runner/.key/proof-settings.props are *not* read. 
363        INFO  main            d.u.i.k.p.r.p.TestFile    Now processing file /home/runner/work/key/key/key.core/../key.ui/examples/InformationFlow/BlockContracts/contract.IFBlockExamples(contract.IFBlockExamples__secure_5()).JML operation contract.0.key 
476        INFO  main            d.u.i.k.p.i.AbstractProblemLoader Loading environment from /home/runner/work/key/key/key.core/../key.ui/examples/InformationFlow/BlockContracts/contract.IFBlockExamples(contract.IFBlockExamples__secure_5()).JML operation contract.0.key 
494        DEBUG main            d.u.i.k.p.i.AbstractProblemLoader Environment load took 2.41ms 
704        INFO  main            d.u.i.k.p.i.AbstractProblemLoader Creating init config 
1630       DEBUG main            d.u.i.k.j.TypeConverter   No LDT found for Meta 
1630       DEBUG main            d.u.i.k.j.TypeConverter   No LDT found for Meta 
1631       DEBUG main            d.u.i.k.j.TypeConverter   No LDT found for Meta 
1631       DEBUG main            d.u.i.k.j.TypeConverter   No LDT found for Meta 
2865       DEBUG main            d.u.i.k.j.TypeConverter   No LDT found for JavaBigintExpression 
7889       DEBUG main            d.u.i.k.p.i.AbstractProblemLoader Init config took 7.18s 
8011       INFO  main            d.u.i.k.p.i.AbstractProblemLoader Replaying proof contract.IFBlockExamples[contract.IFBlockExamples::secure_5()].JML operation contract.0 
8082       DEBUG main            d.u.i.k.p.i.IntermediateProofReplayer Proof replay took 394.61ns 
8816       INFO  main            d.u.i.k.p.r.p.TestFile    ... finished proof: closed. 
8928       INFO  main            d.u.i.k.p.r.p.TestFile    Now processing file /home/runner/work/key/key/key.core/../key.ui/examples/InformationFlow/BlockContracts/contract.IFBlockExamples(contract.IFBlockExamples__block_no_return_secure(int)).JML operation contract.0.key 
8931       INFO  main            d.u.i.k.p.i.AbstractProblemLoader Loading environment from /home/runner/work/key/key/key.core/../key.ui/examples/InformationFlow/BlockContracts/contract.IFBlockExamples(contract.IFBlockExamples__block_no_return_secure(int)).JML operation contract.0.key 
8932       DEBUG main            d.u.i.k.p.i.AbstractProblemLoader Environment load took 1.12ms 
8936       INFO  main            d.u.i.k.p.i.AbstractProblemLoader Creating init config 
11896      DEBUG main            d.u.i.k.p.i.AbstractProblemLoader Init config took 2.96s 
11959      INFO  main            d.u.i.k.p.i.AbstractProblemLoader Replaying proof contract.IFBlockExamples[contract.IFBlockExamples::block_no_return_secure(int)].JML operation contract.0 
11963      DEBUG main            d.u.i.k.p.i.IntermediateProofReplayer Proof replay took 13ns 
12167      INFO  main            d.u.i.k.p.r.p.TestFile    ... finished proof: closed. 
12293      INFO  main            d.u.i.k.p.r.p.TestFile    Now processing file /home/runner/work/key/key/key.core/../key.ui/examples/InformationFlow/BlockContracts/contract.IFBlockExamples(contract.IFBlockExamples__while_block_insecure(int)).JML operation contract.0.key 
12293      INFO  main            d.u.i.k.p.i.AbstractProblemLoader Loading environment from /home/runner/work/key/key/key.core/../key.ui/examples/InformationFlow/BlockContracts/contract.IFBlockExamples(contract.IFBlockExamples__while_block_insecure(int)).JML operation contract.0.key 
12293      DEBUG main            d.u.i.k.p.i.AbstractProblemLoader Environment load took 104.3ns 
12296      INFO  main            d.u.i.k.p.i.AbstractProblemLoader Creating init config 
15097      DEBUG main            d.u.i.k.p.i.AbstractProblemLoader Init config took 2.8s 
15156      INFO  main            d.u.i.k.p.i.AbstractProblemLoader Replaying proof contract.IFBlockExamples[contract.IFBlockExamples::while_block_insecure(int)].JML operation contract.0 
15164      DEBUG main            d.u.i.k.p.i.IntermediateProofReplayer Proof replay took 11.6ns 
15570      INFO  main            d.u.i.k.p.r.p.TestFile    ... finished proof: closed. 
15709      INFO  main            d.u.i.k.p.r.p.TestFile    Now processing file /home/runner/work/key/key/key.core/../key.ui/examples/InformationFlow/BlockContracts/contract.IFBlockExamples(contract.IFBlockExamples__while_block_secure(int)).JML operation contract.0.key 
15709      INFO  main            d.u.i.k.p.i.AbstractProblemLoader Loading environment from /home/runner/work/key/key/key.core/../key.ui/examples/InformationFlow/BlockContracts/contract.IFBlockExamples(contract.IFBlockExamples__while_block_secure(int)).JML operation contract.0.key 
15709      DEBUG main            d.u.i.k.p.i.AbstractProblemLoader Environment load took 103.5ns 
15711      INFO  main            d.u.i.k.p.i.AbstractProblemLoader Creating init config 
18358      DEBUG main            d.u.i.k.p.i.AbstractProblemLoader Init config took 2.65s 
18425      INFO  main            d.u.i.k.p.i.AbstractProblemLoader Replaying proof contract.IFBlockExamples[contract.IFBlockExamples::while_block_secure(int)].JML operation contract.0 
18428      DEBUG main            d.u.i.k.p.i.IntermediateProofReplayer Proof replay took 12.5ns 
18732      INFO  main            d.u.i.k.p.r.p.TestFile    ... finished proof: closed. 
18871      INFO  main            d.u.i.k.p.r.p.TestFile    Now processing file /home/runner/work/key/key/key.core/../key.ui/examples/InformationFlow/BlockContracts/contract.IFBlockExamples(contract.IFBlockExamples__block_while_secure(int)).JML operation contract.0.key 
18871      INFO  main            d.u.i.k.p.i.AbstractProblemLoader Loading environment from /home/runner/work/key/key/key.core/../key.ui/examples/InformationFlow/BlockContracts/contract.IFBlockExamples(contract.IFBlockExamples__block_while_secure(int)).JML operation contract.0.key 
18871      DEBUG main            d.u.i.k.p.i.AbstractProblemLoader Environment load took 70.3ns 
18872      INFO  main            d.u.i.k.p.i.AbstractProblemLoader Creating init config 
21492      DEBUG main            d.u.i.k.p.i.AbstractProblemLoader Init config took 2.62s 
21565      INFO  main            d.u.i.k.p.i.AbstractProblemLoader Replaying proof contract.IFBlockExamples[contract.IFBlockExamples::block_while_secure(int)].JML operation contract.0 
21568      DEBUG main            d.u.i.k.p.i.IntermediateProofReplayer Proof replay took 12.7ns 
21872      INFO  main            d.u.i.k.p.r.p.TestFile    ... finished proof: closed. 
22020      INFO  main            d.u.i.k.p.r.p.TestFile    Now processing file /home/runner/work/key/key/key.core/../key.ui/examples/InformationFlow/BlockContracts/contract.IFBlockExamples(contract.IFBlockExamples__insecure_4(int)).JML operation contract.0.key 
22021      INFO  main            d.u.i.k.p.i.AbstractProblemLoader Loading environment from /home/runner/work/key/key/key.core/../key.ui/examples/InformationFlow/BlockContracts/contract.IFBlockExamples(contract.IFBlockExamples__insecure_4(int)).JML operation contract.0.key 
22021      DEBUG main            d.u.i.k.p.i.AbstractProblemLoader Environment load took 80.5ns 
22022      INFO  main            d.u.i.k.p.i.AbstractProblemLoader Creating init config 
24636      DEBUG main            d.u.i.k.p.i.AbstractProblemLoader Init config took 2.61s 
24683      INFO  main            d.u.i.k.p.i.AbstractProblemLoader Replaying proof contract.IFBlockExamples[contract.IFBlockExamples::insecure_4(int)].JML operation contract.0 
24686      DEBUG main            d.u.i.k.p.i.IntermediateProofReplayer Proof replay took 34.7ns 
25190      INFO  main            d.u.i.k.p.r.p.TestFile    ... finished proof: closed. 
25334      INFO  main            d.u.i.k.p.r.p.TestFile    Now processing file /home/runner/work/key/key/key.core/../key.ui/examples/InformationFlow/BlockContracts/contract.IFBlockExamples(contract.IFBlockExamples__insecure_3(int)).JML operation contract.0.key 
25335      INFO  main            d.u.i.k.p.i.AbstractProblemLoader Loading environment from /home/runner/work/key/key/key.core/../key.ui/examples/InformationFlow/BlockContracts/contract.IFBlockExamples(contract.IFBlockExamples__insecure_3(int)).JML operation contract.0.key 
25335      DEBUG main            d.u.i.k.p.i.AbstractProblemLoader Environment load took 680.41ns 
25337      INFO  main            d.u.i.k.p.i.AbstractProblemLoader Creating init config 
27980      DEBUG main            d.u.i.k.p.i.AbstractProblemLoader Init config took 2.64s 
28024      INFO  main            d.u.i.k.p.i.AbstractProblemLoader Replaying proof contract.IFBlockExamples[contract.IFBlockExamples::insecure_3(int)].JML operation contract.0 
28026      DEBUG main            d.u.i.k.p.i.IntermediateProofReplayer Proof replay took 12ns 
28430      INFO  main            d.u.i.k.p.r.p.TestFile    ... finished proof: closed. 
28591      INFO  main            d.u.i.k.p.r.p.TestFile    Now processing file /home/runner/work/key/key/key.core/../key.ui/examples/InformationFlow/BlockContracts/contract.IFBlockExamples(contract.IFBlockExamples__secure_3(int)).JML operation contract.0.key 
28591      INFO  main            d.u.i.k.p.i.AbstractProblemLoader Loading environment from /home/runner/work/key/key/key.core/../key.ui/examples/InformationFlow/BlockContracts/contract.IFBlockExamples(contract.IFBlockExamples__secure_3(int)).JML operation contract.0.key 
28591      DEBUG main            d.u.i.k.p.i.AbstractProblemLoader Environment load took 77.2ns 
28592      INFO  main            d.u.i.k.p.i.AbstractProblemLoader Creating init config 
31208      DEBUG main            d.u.i.k.p.i.AbstractProblemLoader Init config took 2.61s 
31264      INFO  main            d.u.i.k.p.i.AbstractProblemLoader Replaying proof contract.IFBlockExamples[contract.IFBlockExamples::secure_3(int)].JML operation contract.0 
31269      DEBUG main            d.u.i.k.p.i.IntermediateProofReplayer Proof replay took 13.5ns 
31672      INFO  main            d.u.i.k.p.r.p.TestFile    ... finished proof: closed. 
31823      INFO  main            d.u.i.k.p.r.p.TestFile    Now processing file /home/runner/work/key/key/key.core/../key.ui/examples/InformationFlow/BlockContracts/contract.IFBlockExamples(contract.IFBlockExamples__secure_2(int)).JML operation contract.0.key 
31823      INFO  main            d.u.i.k.p.i.AbstractProblemLoader Loading environment from /home/runner/work/key/key/key.core/../key.ui/examples/InformationFlow/BlockContracts/contract.IFBlockExamples(contract.IFBlockExamples__secure_2(int)).JML operation contract.0.key 
31823      DEBUG main            d.u.i.k.p.i.AbstractProblemLoader Environment load took 72.3ns 
31824      INFO  main            d.u.i.k.p.i.AbstractProblemLoader Creating init config 
34415      DEBUG main            d.u.i.k.p.i.AbstractProblemLoader Init config took 2.59s 
34462      INFO  main            d.u.i.k.p.i.AbstractProblemLoader Replaying proof contract.IFBlockExamples[contract.IFBlockExamples::secure_2(int)].JML operation contract.0 
34465      DEBUG main            d.u.i.k.p.i.IntermediateProofReplayer Proof replay took 13.1ns 
34773      INFO  main            d.u.i.k.p.r.p.TestFile    ... finished proof: closed. 
34925      INFO  main            d.u.i.k.p.r.p.TestFile    Now processing file /home/runner/work/key/key/key.core/../key.ui/examples/InformationFlow/BlockContracts/contract.IFBlockExamples(contract.IFBlockExamples__secure_8(int)).JML operation contract.0.key 
34925      INFO  main            d.u.i.k.p.i.AbstractProblemLoader Loading environment from /home/runner/work/key/key/key.core/../key.ui/examples/InformationFlow/BlockContracts/contract.IFBlockExamples(contract.IFBlockExamples__secure_8(int)).JML operation contract.0.key 
34926      DEBUG main            d.u.i.k.p.i.AbstractProblemLoader Environment load took 714.31ns 
34927      INFO  main            d.u.i.k.p.i.AbstractProblemLoader Creating init config 
37492      DEBUG main            d.u.i.k.p.i.AbstractProblemLoader Init config took 2.57s 
37537      INFO  main            d.u.i.k.p.i.AbstractProblemLoader Replaying proof contract.IFBlockExamples[contract.IFBlockExamples::secure_8(int)].JML operation contract.0 
37539      DEBUG main            d.u.i.k.p.i.IntermediateProofReplayer Proof replay took 12.5ns 
37742      INFO  main            d.u.i.k.p.r.p.TestFile    ... finished proof: closed. 
37910      INFO  main            d.u.i.k.p.r.p.TestFile    Now processing file /home/runner/work/key/key/key.core/../key.ui/examples/InformationFlow/BlockContracts/contract.IFBlockExamples(contract.IFBlockExamples__secure_7(int)).JML operation contract.0.key 
37910      INFO  main            d.u.i.k.p.i.AbstractProblemLoader Loading environment from /home/runner/work/key/key/key.core/../key.ui/examples/InformationFlow/BlockContracts/contract.IFBlockExamples(contract.IFBlockExamples__secure_7(int)).JML operation contract.0.key 
37914      DEBUG main            d.u.i.k.p.i.AbstractProblemLoader Environment load took 83.1ns 
37915      INFO  main            d.u.i.k.p.i.AbstractProblemLoader Creating init config 
40489      DEBUG main            d.u.i.k.p.i.AbstractProblemLoader Init config took 2.57s 
40533      INFO  main            d.u.i.k.p.i.AbstractProblemLoader Replaying proof contract.IFBlockExamples[contract.IFBlockExamples::secure_7(int)].JML operation contract.0 
40535      DEBUG main            d.u.i.k.p.i.IntermediateProofReplayer Proof replay took 13.4ns 
40738      INFO  main            d.u.i.k.p.r.p.TestFile    ... finished proof: closed. 
40886      INFO  main            d.u.i.k.p.r.p.TestFile    Now processing file /home/runner/work/key/key/key.core/../key.ui/examples/InformationFlow/BlockContracts/contract.IFBlockExamples(contract.IFBlockExamples__secure_6(int)).JML operation contract.0.key 
40886      INFO  main            d.u.i.k.p.i.AbstractProblemLoader Loading environment from /home/runner/work/key/key/key.core/../key.ui/examples/InformationFlow/BlockContracts/contract.IFBlockExamples(contract.IFBlockExamples__secure_6(int)).JML operation contract.0.key 
40887      DEBUG main            d.u.i.k.p.i.AbstractProblemLoader Environment load took 120.2ns 
40888      INFO  main            d.u.i.k.p.i.AbstractProblemLoader Creating init config 
43457      DEBUG main            d.u.i.k.p.i.AbstractProblemLoader Init config took 2.57s 
43514      INFO  main            d.u.i.k.p.i.AbstractProblemLoader Replaying proof contract.IFBlockExamples[contract.IFBlockExamples::secure_6(int)].JML operation contract.0 
43518      DEBUG main            d.u.i.k.p.i.IntermediateProofReplayer Proof replay took 13.6ns 
43721      INFO  main            d.u.i.k.p.r.p.TestFile    ... finished proof: closed. 
43875      INFO  main            d.u.i.k.p.r.p.TestFile    Now processing file /home/runner/work/key/key/key.core/../key.ui/examples/InformationFlow/BlockContracts/contract.IFBlockExamples(contract.IFBlockExamples__insecure_1(int)).JML operation contract.0.key 
43876      INFO  main            d.u.i.k.p.i.AbstractProblemLoader Loading environment from /home/runner/work/key/key/key.core/../key.ui/examples/InformationFlow/BlockContracts/contract.IFBlockExamples(contract.IFBlockExamples__insecure_1(int)).JML operation contract.0.key 
43876      DEBUG main            d.u.i.k.p.i.AbstractProblemLoader Environment load took 134.7ns 
43877      INFO  main            d.u.i.k.p.i.AbstractProblemLoader Creating init config 
46431      DEBUG main            d.u.i.k.p.i.AbstractProblemLoader Init config took 2.55s 
46471      INFO  main            d.u.i.k.p.i.AbstractProblemLoader Replaying proof contract.IFBlockExamples[contract.IFBlockExamples::insecure_1(int)].JML operation contract.0 
46473      DEBUG main            d.u.i.k.p.i.IntermediateProofReplayer Proof replay took 13.9ns 
46679      INFO  main            d.u.i.k.p.r.p.TestFile    ... finished proof: closed. 
46910      INFO  main            d.u.i.k.p.r.p.TestFile    Now processing file /home/runner/work/key/key/key.core/../key.ui/examples/InformationFlow/BlockContracts/contract.IFBlockExamples(contract.IFBlockExamples__secure_4(int)).JML operation contract.0.key 
46910      INFO  main            d.u.i.k.p.i.AbstractProblemLoader Loading environment from /home/runner/work/key/key/key.core/../key.ui/examples/InformationFlow/BlockContracts/contract.IFBlockExamples(contract.IFBlockExamples__secure_4(int)).JML operation contract.0.key 
46910      DEBUG main            d.u.i.k.p.i.AbstractProblemLoader Environment load took 89.2ns 
46911      INFO  main            d.u.i.k.p.i.AbstractProblemLoader Creating init config 
49457      DEBUG main            d.u.i.k.p.i.AbstractProblemLoader Init config took 2.55s 
49496      INFO  main            d.u.i.k.p.i.AbstractProblemLoader Replaying proof contract.IFBlockExamples[contract.IFBlockExamples::secure_4(int)].JML operation contract.0 
49499      DEBUG main            d.u.i.k.p.i.IntermediateProofReplayer Proof replay took 12.6ns 
49702      INFO  main            d.u.i.k.p.r.p.TestFile    ... finished proof: closed. 
49873      INFO  main            d.u.i.k.p.r.p.TestFile    Now processing file /home/runner/work/key/key/key.core/../key.ui/examples/InformationFlow/BlockContracts/contract.IFBlockExamples(contract.IFBlockExamples__secure_1(int)).JML operation contract.0.key 
49873      INFO  main            d.u.i.k.p.i.AbstractProblemLoader Loading environment from /home/runner/work/key/key/key.core/../key.ui/examples/InformationFlow/BlockContracts/contract.IFBlockExamples(contract.IFBlockExamples__secure_1(int)).JML operation contract.0.key 
49873      DEBUG main            d.u.i.k.p.i.AbstractProblemLoader Environment load took 64.5ns 
49874      INFO  main            d.u.i.k.p.i.AbstractProblemLoader Creating init config 
52406      DEBUG main            d.u.i.k.p.i.AbstractProblemLoader Init config took 2.53s 
52444      INFO  main            d.u.i.k.p.i.AbstractProblemLoader Replaying proof contract.IFBlockExamples[contract.IFBlockExamples::secure_1(int)].JML operation contract.0 
52447      DEBUG main            d.u.i.k.p.i.IntermediateProofReplayer Proof replay took 13.9ns 
52652      INFO  main            d.u.i.k.p.r.p.TestFile    ... finished proof: closed. 
52818      INFO  main            d.u.i.k.p.r.p.TestFile    Now processing file /home/runner/work/key/key/key.core/../key.ui/examples/InformationFlow/BlockContracts/contract.IFEfficiencyExamples(contract.IFEfficiencyExamples__mWithoutBlockContract()).JML operation contract.0.key 
52818      INFO  main            d.u.i.k.p.i.AbstractProblemLoader Loading environment from /home/runner/work/key/key/key.core/../key.ui/examples/InformationFlow/BlockContracts/contract.IFEfficiencyExamples(contract.IFEfficiencyExamples__mWithoutBlockContract()).JML operation contract.0.key 
52818      DEBUG main            d.u.i.k.p.i.AbstractProblemLoader Environment load took 103.1ns 
52819      INFO  main            d.u.i.k.p.i.AbstractProblemLoader Creating init config 
55342      DEBUG main            d.u.i.k.p.i.AbstractProblemLoader Init config took 2.52s 
55399      INFO  main            d.u.i.k.p.i.AbstractProblemLoader Replaying proof contract.IFEfficiencyExamples[contract.IFEfficiencyExamples::mWithoutBlockContract()].JML operation contract.0 
55401      DEBUG main            d.u.i.k.p.i.IntermediateProofReplayer Proof replay took 12.5ns 
56106      INFO  main            d.u.i.k.p.r.p.TestFile    ... finished proof: closed. 
56298      INFO  main            d.u.i.k.p.r.p.TestFile    Now processing file /home/runner/work/key/key/key.core/../key.ui/examples/InformationFlow/BlockContracts/contract.IFEfficiencyExamples(contract.IFEfficiencyExamples__mWithBlockContract()).JML operation contract.0.key 
56298      INFO  main            d.u.i.k.p.i.AbstractProblemLoader Loading environment from /home/runner/work/key/key/key.core/../key.ui/examples/InformationFlow/BlockContracts/contract.IFEfficiencyExamples(contract.IFEfficiencyExamples__mWithBlockContract()).JML operation contract.0.key 
56298      DEBUG main            d.u.i.k.p.i.AbstractProblemLoader Environment load took 74.5ns 
56300      INFO  main            d.u.i.k.p.i.AbstractProblemLoader Creating init config 
58824      DEBUG main            d.u.i.k.p.i.AbstractProblemLoader Init config took 2.52s 
58860      INFO  main            d.u.i.k.p.i.AbstractProblemLoader Replaying proof contract.IFEfficiencyExamples[contract.IFEfficiencyExamples::mWithBlockContract()].JML operation contract.0 
58862      DEBUG main            d.u.i.k.p.i.IntermediateProofReplayer Proof replay took 13.1ns 
59269      INFO  main            d.u.i.k.p.r.p.TestFile    ... finished proof: closed. 
221521     INFO  Test worker     d.u.i.k.p.r.RunAllProofsTestUnit Returning from test BlockContracts 
221526     INFO  Test worker     d.u.i.k.p.r.RunAllProofsTestUnit Running test MethodContracts 
343        INFO  Timeout watchdog d.u.i.k.p.r.p.ForkedTestFileRunner Timeout watcher launched (1000 secs.) 
350        WARN  main            d.u.i.k.s.ProofSettings   The settings in /home/runner/.key/proof-settings.props are *not* read. 
372        INFO  main            d.u.i.k.p.r.p.TestFile    Now processing file /home/runner/work/key/key/key.core/../key.ui/examples/InformationFlow/MethodContracts/contract.IFMethodContract(contract.IFMethodContract__secure_recursion_2((I,int)).JML normal_behavior operation contract.0.key 
479        INFO  main            d.u.i.k.p.i.AbstractProblemLoader Loading environment from /home/runner/work/key/key/key.core/../key.ui/examples/InformationFlow/MethodContracts/contract.IFMethodContract(contract.IFMethodContract__secure_recursion_2((I,int)).JML normal_behavior operation contract.0.key 
497        DEBUG main            d.u.i.k.p.i.AbstractProblemLoader Environment load took 1.84ms 
712        INFO  main            d.u.i.k.p.i.AbstractProblemLoader Creating init config 
1485       DEBUG main            d.u.i.k.j.TypeConverter   No LDT found for Meta 
1486       DEBUG main            d.u.i.k.j.TypeConverter   No LDT found for Meta 
1487       DEBUG main            d.u.i.k.j.TypeConverter   No LDT found for Meta 
1487       DEBUG main            d.u.i.k.j.TypeConverter   No LDT found for Meta 
2870       DEBUG main            d.u.i.k.j.TypeConverter   No LDT found for JavaBigintExpression 
7997       DEBUG main            d.u.i.k.p.i.AbstractProblemLoader Init config took 7.28s 
8118       INFO  main            d.u.i.k.p.i.AbstractProblemLoader Replaying proof contract.IFMethodContract[contract.IFMethodContract::secure_recursion_2([I,int)].JML normal_behavior operation contract.0 
8152       DEBUG main            d.u.i.k.p.i.IntermediateProofReplayer Proof replay took 321.5ns 
9197       INFO  main            d.u.i.k.p.r.p.TestFile    ... finished proof: closed. 
9311       INFO  main            d.u.i.k.p.r.p.TestFile    Now processing file /home/runner/work/key/key/key.core/../key.ui/examples/InformationFlow/MethodContracts/contract.IFMethodContract(contract.IFMethodContract__secure_recursion(int)).JML normal_behavior operation contract.0.key 
9312       INFO  main            d.u.i.k.p.i.AbstractProblemLoader Loading environment from /home/runner/work/key/key/key.core/../key.ui/examples/InformationFlow/MethodContracts/contract.IFMethodContract(contract.IFMethodContract__secure_recursion(int)).JML normal_behavior operation contract.0.key 
9312       DEBUG main            d.u.i.k.p.i.AbstractProblemLoader Environment load took 356.11ns 
9315       INFO  main            d.u.i.k.p.i.AbstractProblemLoader Creating init config 
12310      DEBUG main            d.u.i.k.p.i.AbstractProblemLoader Init config took 3s 
12372      INFO  main            d.u.i.k.p.i.AbstractProblemLoader Replaying proof contract.IFMethodContract[contract.IFMethodContract::secure_recursion(int)].JML normal_behavior operation contract.0 
12375      DEBUG main            d.u.i.k.p.i.IntermediateProofReplayer Proof replay took 13.7ns 
12578      INFO  main            d.u.i.k.p.r.p.TestFile    ... finished proof: closed. 
12697      INFO  main            d.u.i.k.p.r.p.TestFile    Now processing file /home/runner/work/key/key/key.core/../key.ui/examples/InformationFlow/MethodContracts/contract.IFMethodContract(contract.IFMethodContract__secure_catch_exception()).JML operation contract.0.key 
12698      INFO  main            d.u.i.k.p.i.AbstractProblemLoader Loading environment from /home/runner/work/key/key/key.core/../key.ui/examples/InformationFlow/MethodContracts/contract.IFMethodContract(contract.IFMethodContract__secure_catch_exception()).JML operation contract.0.key 
12698      DEBUG main            d.u.i.k.p.i.AbstractProblemLoader Environment load took 137ns 
12699      INFO  main            d.u.i.k.p.i.AbstractProblemLoader Creating init config 
15538      DEBUG main            d.u.i.k.p.i.AbstractProblemLoader Init config took 2.84s 
15596      INFO  main            d.u.i.k.p.i.AbstractProblemLoader Replaying proof contract.IFMethodContract[contract.IFMethodContract::secure_catch_exception()].JML operation contract.0 
15600      DEBUG main            d.u.i.k.p.i.IntermediateProofReplayer Proof replay took 11.5ns 
15803      INFO  main            d.u.i.k.p.r.p.TestFile    ... finished proof: closed. 
15927      INFO  main            d.u.i.k.p.r.p.TestFile    Now processing file /home/runner/work/key/key/key.core/../key.ui/examples/InformationFlow/MethodContracts/contract.IFMethodContract(contract.IFMethodContract__n6()).JML normal_behavior operation contract.0.key 
15929      INFO  main            d.u.i.k.p.i.AbstractProblemLoader Loading environment from /home/runner/work/key/key/key.core/../key.ui/examples/InformationFlow/MethodContracts/contract.IFMethodContract(contract.IFMethodContract__n6()).JML normal_behavior operation contract.0.key 
15929      DEBUG main            d.u.i.k.p.i.AbstractProblemLoader Environment load took 129.3ns 
15930      INFO  main            d.u.i.k.p.i.AbstractProblemLoader Creating init config 
18709      DEBUG main            d.u.i.k.p.i.AbstractProblemLoader Init config took 2.78s 
18781      INFO  main            d.u.i.k.p.i.AbstractProblemLoader Replaying proof contract.IFMethodContract[contract.IFMethodContract::n6()].JML normal_behavior operation contract.0 
18787      DEBUG main            d.u.i.k.p.i.IntermediateProofReplayer Proof replay took 13.9ns 
18890      INFO  main            d.u.i.k.p.r.p.TestFile    ... finished proof: closed. 
19012      INFO  main            d.u.i.k.p.r.p.TestFile    Now processing file /home/runner/work/key/key/key.core/../key.ui/examples/InformationFlow/MethodContracts/contract.IFMethodContract(contract.IFMethodContract__secure_n6()).JML operation contract.0.key 
19012      INFO  main            d.u.i.k.p.i.AbstractProblemLoader Loading environment from /home/runner/work/key/key/key.core/../key.ui/examples/InformationFlow/MethodContracts/contract.IFMethodContract(contract.IFMethodContract__secure_n6()).JML operation contract.0.key 
19012      DEBUG main            d.u.i.k.p.i.AbstractProblemLoader Environment load took 65.1ns 
19013      INFO  main            d.u.i.k.p.i.AbstractProblemLoader Creating init config 
21734      DEBUG main            d.u.i.k.p.i.AbstractProblemLoader Init config took 2.72s 
21780      INFO  main            d.u.i.k.p.i.AbstractProblemLoader Replaying proof contract.IFMethodContract[contract.IFMethodContract::secure_n6()].JML operation contract.0 
21784      DEBUG main            d.u.i.k.p.i.IntermediateProofReplayer Proof replay took 13.7ns 
21887      INFO  main            d.u.i.k.p.r.p.TestFile    ... finished proof: closed. 
22039      INFO  main            d.u.i.k.p.r.p.TestFile    Now processing file /home/runner/work/key/key/key.core/../key.ui/examples/InformationFlow/MethodContracts/contract.IFMethodContract(contract.IFMethodContract__secure_array_param_helper()).JML normal_behavior operation contract.0.key 
22039      INFO  main            d.u.i.k.p.i.AbstractProblemLoader Loading environment from /home/runner/work/key/key/key.core/../key.ui/examples/InformationFlow/MethodContracts/contract.IFMethodContract(contract.IFMethodContract__secure_array_param_helper()).JML normal_behavior operation contract.0.key 
22039      DEBUG main            d.u.i.k.p.i.AbstractProblemLoader Environment load took 66.7ns 
22041      INFO  main            d.u.i.k.p.i.AbstractProblemLoader Creating init config 
24700      DEBUG main            d.u.i.k.p.i.AbstractProblemLoader Init config took 2.66s 
24744      INFO  main            d.u.i.k.p.i.AbstractProblemLoader Replaying proof contract.IFMethodContract[contract.IFMethodContract::secure_array_param_helper()].JML normal_behavior operation contract.0 
24750      DEBUG main            d.u.i.k.p.i.IntermediateProofReplayer Proof replay took 28.6ns 
24852      INFO  main            d.u.i.k.p.r.p.TestFile    ... finished proof: closed. 
25013      INFO  main            d.u.i.k.p.r.p.TestFile    Now processing file /home/runner/work/key/key/key.core/../key.ui/examples/InformationFlow/MethodContracts/contract.IFMethodContract(contract.IFMethodContract__secure_array_param((I,int)).JML operation contract.0.key 
25013      INFO  main            d.u.i.k.p.i.AbstractProblemLoader Loading environment from /home/runner/work/key/key/key.core/../key.ui/examples/InformationFlow/MethodContracts/contract.IFMethodContract(contract.IFMethodContract__secure_array_param((I,int)).JML operation contract.0.key 
25013      DEBUG main            d.u.i.k.p.i.AbstractProblemLoader Environment load took 81.5ns 
25015      INFO  main            d.u.i.k.p.i.AbstractProblemLoader Creating init config 
27700      DEBUG main            d.u.i.k.p.i.AbstractProblemLoader Init config took 2.69s 
27744      INFO  main            d.u.i.k.p.i.AbstractProblemLoader Replaying proof contract.IFMethodContract[contract.IFMethodContract::secure_array_param([I,int)].JML operation contract.0 
27747      DEBUG main            d.u.i.k.p.i.IntermediateProofReplayer Proof replay took 13.4ns 
27849      INFO  main            d.u.i.k.p.r.p.TestFile    ... finished proof: closed. 
28002      INFO  main            d.u.i.k.p.r.p.TestFile    Now processing file /home/runner/work/key/key/key.core/../key.ui/examples/InformationFlow/MethodContracts/contract.IFMethodContract(contract.IFMethodContract__n9()).JML normal_behavior operation contract.0.key 
28002      INFO  main            d.u.i.k.p.i.AbstractProblemLoader Loading environment from /home/runner/work/key/key/key.core/../key.ui/examples/InformationFlow/MethodContracts/contract.IFMethodContract(contract.IFMethodContract__n9()).JML normal_behavior operation contract.0.key 
28003      DEBUG main            d.u.i.k.p.i.AbstractProblemLoader Environment load took 127.2ns 
28004      INFO  main            d.u.i.k.p.i.AbstractProblemLoader Creating init config 
30650      DEBUG main            d.u.i.k.p.i.AbstractProblemLoader Init config took 2.65s 
30693      INFO  main            d.u.i.k.p.i.AbstractProblemLoader Replaying proof contract.IFMethodContract[contract.IFMethodContract::n9()].JML normal_behavior operation contract.0 
30696      DEBUG main            d.u.i.k.p.i.IntermediateProofReplayer Proof replay took 13.1ns 
30798      INFO  main            d.u.i.k.p.r.p.TestFile    ... finished proof: closed. 
30934      INFO  main            d.u.i.k.p.r.p.TestFile    Now processing file /home/runner/work/key/key/key.core/../key.ui/examples/InformationFlow/MethodContracts/contract.IFMethodContract(contract.IFMethodContract__secure_assignment_0_n9()).JML operation contract.0.key 
30934      INFO  main            d.u.i.k.p.i.AbstractProblemLoader Loading environment from /home/runner/work/key/key/key.core/../key.ui/examples/InformationFlow/MethodContracts/contract.IFMethodContract(contract.IFMethodContract__secure_assignment_0_n9()).JML operation contract.0.key 
30935      DEBUG main            d.u.i.k.p.i.AbstractProblemLoader Environment load took 120.7ns 
30935      INFO  main            d.u.i.k.p.i.AbstractProblemLoader Creating init config 
33591      DEBUG main            d.u.i.k.p.i.AbstractProblemLoader Init config took 2.66s 
33631      INFO  main            d.u.i.k.p.i.AbstractProblemLoader Replaying proof contract.IFMethodContract[contract.IFMethodContract::secure_assignment_0_n9()].JML operation contract.0 
33645      DEBUG main            d.u.i.k.p.i.IntermediateProofReplayer Proof replay took 14.6ns 
33747      INFO  main            d.u.i.k.p.r.p.TestFile    ... finished proof: closed. 
33885      INFO  main            d.u.i.k.p.r.p.TestFile    Now processing file /home/runner/work/key/key/key.core/../key.ui/examples/InformationFlow/MethodContracts/contract.IFMethodContract(contract.IFMethodContract__insecure_if_high_n5_n1()).JML operation contract.0.key 
33885      INFO  main            d.u.i.k.p.i.AbstractProblemLoader Loading environment from /home/runner/work/key/key/key.core/../key.ui/examples/InformationFlow/MethodContracts/contract.IFMethodContract(contract.IFMethodContract__insecure_if_high_n5_n1()).JML operation contract.0.key 
33885      DEBUG main            d.u.i.k.p.i.AbstractProblemLoader Environment load took 75.1ns 
33887      INFO  main            d.u.i.k.p.i.AbstractProblemLoader Creating init config 
36504      DEBUG main            d.u.i.k.p.i.AbstractProblemLoader Init config took 2.62s 
36544      INFO  main            d.u.i.k.p.i.AbstractProblemLoader Replaying proof contract.IFMethodContract[contract.IFMethodContract::insecure_if_high_n5_n1()].JML operation contract.0 
36547      DEBUG main            d.u.i.k.p.i.IntermediateProofReplayer Proof replay took 13.5ns 
36750      INFO  main            d.u.i.k.p.r.p.TestFile    ... finished proof: closed. 
36888      INFO  main            d.u.i.k.p.r.p.TestFile    Now processing file /home/runner/work/key/key/key.core/../key.ui/examples/InformationFlow/MethodContracts/contract.IFMethodContract(contract.IFMethodContract__n5(int)).JML normal_behavior operation contract.0.key 
36889      INFO  main            d.u.i.k.p.i.AbstractProblemLoader Loading environment from /home/runner/work/key/key/key.core/../key.ui/examples/InformationFlow/MethodContracts/contract.IFMethodContract(contract.IFMethodContract__n5(int)).JML normal_behavior operation contract.0.key 
36889      DEBUG main            d.u.i.k.p.i.AbstractProblemLoader Environment load took 107.9ns 
36890      INFO  main            d.u.i.k.p.i.AbstractProblemLoader Creating init config 
39534      DEBUG main            d.u.i.k.p.i.AbstractProblemLoader Init config took 2.64s 
39574      INFO  main            d.u.i.k.p.i.AbstractProblemLoader Replaying proof contract.IFMethodContract[contract.IFMethodContract::n5(int)].JML normal_behavior operation contract.0 
39577      DEBUG main            d.u.i.k.p.i.IntermediateProofReplayer Proof replay took 12.4ns 
39679      INFO  main            d.u.i.k.p.r.p.TestFile    ... finished proof: closed. 
39857      INFO  main            d.u.i.k.p.r.p.TestFile    Now processing file /home/runner/work/key/key/key.core/../key.ui/examples/InformationFlow/MethodContracts/contract.IFMethodContract(contract.IFMethodContract__secure_if_high_n5_n1()).JML operation contract.0.key 
39857      INFO  main            d.u.i.k.p.i.AbstractProblemLoader Loading environment from /home/runner/work/key/key/key.core/../key.ui/examples/InformationFlow/MethodContracts/contract.IFMethodContract(contract.IFMethodContract__secure_if_high_n5_n1()).JML operation contract.0.key 
39857      DEBUG main            d.u.i.k.p.i.AbstractProblemLoader Environment load took 67.7ns 
39858      INFO  main            d.u.i.k.p.i.AbstractProblemLoader Creating init config 
42495      DEBUG main            d.u.i.k.p.i.AbstractProblemLoader Init config took 2.64s 
42537      INFO  main            d.u.i.k.p.i.AbstractProblemLoader Replaying proof contract.IFMethodContract[contract.IFMethodContract::secure_if_high_n5_n1()].JML operation contract.0 
42540      DEBUG main            d.u.i.k.p.i.IntermediateProofReplayer Proof replay took 12.6ns 
42743      INFO  main            d.u.i.k.p.r.p.TestFile    ... finished proof: closed. 
42899      INFO  main            d.u.i.k.p.r.p.TestFile    Now processing file /home/runner/work/key/key/key.core/../key.ui/examples/InformationFlow/MethodContracts/contract.IFMethodContract(contract.IFMethodContract__secure_if_high_n1()).JML operation contract.0.key 
42899      INFO  main            d.u.i.k.p.i.AbstractProblemLoader Loading environment from /home/runner/work/key/key/key.core/../key.ui/examples/InformationFlow/MethodContracts/contract.IFMethodContract(contract.IFMethodContract__secure_if_high_n1()).JML operation contract.0.key 
42899      DEBUG main            d.u.i.k.p.i.AbstractProblemLoader Environment load took 65.8ns 
42901      INFO  main            d.u.i.k.p.i.AbstractProblemLoader Creating init config 
45510      DEBUG main            d.u.i.k.p.i.AbstractProblemLoader Init config took 2.61s 
45555      INFO  main            d.u.i.k.p.i.AbstractProblemLoader Replaying proof contract.IFMethodContract[contract.IFMethodContract::secure_if_high_n1()].JML operation contract.0 
45558      DEBUG main            d.u.i.k.p.i.IntermediateProofReplayer Proof replay took 42.5ns 
45760      INFO  main            d.u.i.k.p.r.p.TestFile    ... finished proof: closed. 
45910      INFO  main            d.u.i.k.p.r.p.TestFile    Now processing file /home/runner/work/key/key/key.core/../key.ui/examples/InformationFlow/MethodContracts/contract.IFMethodContract(contract.IFMethodContract__secure_n5()).JML operation contract.0.key 
45910      INFO  main            d.u.i.k.p.i.AbstractProblemLoader Loading environment from /home/runner/work/key/key/key.core/../key.ui/examples/InformationFlow/MethodContracts/contract.IFMethodContract(contract.IFMethodContract__secure_n5()).JML operation contract.0.key 
45910      DEBUG main            d.u.i.k.p.i.AbstractProblemLoader Environment load took 129.6ns 
45911      INFO  main            d.u.i.k.p.i.AbstractProblemLoader Creating init config 
48523      DEBUG main            d.u.i.k.p.i.AbstractProblemLoader Init config took 2.61s 
48560      INFO  main            d.u.i.k.p.i.AbstractProblemLoader Replaying proof contract.IFMethodContract[contract.IFMethodContract::secure_n5()].JML operation contract.0 
48563      DEBUG main            d.u.i.k.p.i.IntermediateProofReplayer Proof replay took 12.8ns 
48667      INFO  main            d.u.i.k.p.r.p.TestFile    ... finished proof: closed. 
48816      INFO  main            d.u.i.k.p.r.p.TestFile    Now processing file /home/runner/work/key/key/key.core/../key.ui/examples/InformationFlow/MethodContracts/contract.IFMethodContract(contract.IFMethodContract__n4()).JML normal_behavior operation contract.0.key 
48817      INFO  main            d.u.i.k.p.i.AbstractProblemLoader Loading environment from /home/runner/work/key/key/key.core/../key.ui/examples/InformationFlow/MethodContracts/contract.IFMethodContract(contract.IFMethodContract__n4()).JML normal_behavior operation contract.0.key 
48817      DEBUG main            d.u.i.k.p.i.AbstractProblemLoader Environment load took 66.8ns 
48818      INFO  main            d.u.i.k.p.i.AbstractProblemLoader Creating init config 
51443      DEBUG main            d.u.i.k.p.i.AbstractProblemLoader Init config took 2.63s 
51480      INFO  main            d.u.i.k.p.i.AbstractProblemLoader Replaying proof contract.IFMethodContract[contract.IFMethodContract::n4()].JML normal_behavior operation contract.0 
51483      DEBUG main            d.u.i.k.p.i.IntermediateProofReplayer Proof replay took 14.3ns 
51590      INFO  main            d.u.i.k.p.r.p.TestFile    ... finished proof: closed. 
51744      INFO  main            d.u.i.k.p.r.p.TestFile    Now processing file /home/runner/work/key/key/key.core/../key.ui/examples/InformationFlow/MethodContracts/contract.IFMethodContract(contract.IFMethodContract__n3()).JML normal_behavior operation contract.0.key 
51745      INFO  main            d.u.i.k.p.i.AbstractProblemLoader Loading environment from /home/runner/work/key/key/key.core/../key.ui/examples/InformationFlow/MethodContracts/contract.IFMethodContract(contract.IFMethodContract__n3()).JML normal_behavior operation contract.0.key 
51746      DEBUG main            d.u.i.k.p.i.AbstractProblemLoader Environment load took 828.41ns 
51747      INFO  main            d.u.i.k.p.i.AbstractProblemLoader Creating init config 
54353      DEBUG main            d.u.i.k.p.i.AbstractProblemLoader Init config took 2.61s 
54391      INFO  main            d.u.i.k.p.i.AbstractProblemLoader Replaying proof contract.IFMethodContract[contract.IFMethodContract::n3()].JML normal_behavior operation contract.0 
54394      DEBUG main            d.u.i.k.p.i.IntermediateProofReplayer Proof replay took 13.4ns 
54499      INFO  main            d.u.i.k.p.r.p.TestFile    ... finished proof: closed. 
54654      INFO  main            d.u.i.k.p.r.p.TestFile    Now processing file /home/runner/work/key/key/key.core/../key.ui/examples/InformationFlow/MethodContracts/contract.IFMethodContract(contract.IFMethodContract__secure_sequential_n3_precond_n4()).JML operation contract.0.key 
54655      INFO  main            d.u.i.k.p.i.AbstractProblemLoader Loading environment from /home/runner/work/key/key/key.core/../key.ui/examples/InformationFlow/MethodContracts/contract.IFMethodContract(contract.IFMethodContract__secure_sequential_n3_precond_n4()).JML operation contract.0.key 
54655      DEBUG main            d.u.i.k.p.i.AbstractProblemLoader Environment load took 151.7ns 
54656      INFO  main            d.u.i.k.p.i.AbstractProblemLoader Creating init config 
57258      DEBUG main            d.u.i.k.p.i.AbstractProblemLoader Init config took 2.6s 
57295      INFO  main            d.u.i.k.p.i.AbstractProblemLoader Replaying proof contract.IFMethodContract[contract.IFMethodContract::secure_sequential_n3_precond_n4()].JML operation contract.0 
57297      DEBUG main            d.u.i.k.p.i.IntermediateProofReplayer Proof replay took 12.8ns 
57400      INFO  main            d.u.i.k.p.r.p.TestFile    ... finished proof: closed. 
57648      INFO  main            d.u.i.k.p.r.p.TestFile    Now processing file /home/runner/work/key/key/key.core/../key.ui/examples/InformationFlow/MethodContracts/contract.IFMethodContract(contract.IFMethodContract__insecure_assignment_n2()).JML operation contract.0.key 
57648      INFO  main            d.u.i.k.p.i.AbstractProblemLoader Loading environment from /home/runner/work/key/key/key.core/../key.ui/examples/InformationFlow/MethodContracts/contract.IFMethodContract(contract.IFMethodContract__insecure_assignment_n2()).JML operation contract.0.key 
57649      DEBUG main            d.u.i.k.p.i.AbstractProblemLoader Environment load took 66.7ns 
57650      INFO  main            d.u.i.k.p.i.AbstractProblemLoader Creating init config 
60242      DEBUG main            d.u.i.k.p.i.AbstractProblemLoader Init config took 2.59s 
60280      INFO  main            d.u.i.k.p.i.AbstractProblemLoader Replaying proof contract.IFMethodContract[contract.IFMethodContract::insecure_assignment_n2()].JML operation contract.0 
60285      DEBUG main            d.u.i.k.p.i.IntermediateProofReplayer Proof replay took 15.2ns 
60388      INFO  main            d.u.i.k.p.r.p.TestFile    ... finished proof: closed. 
60550      INFO  main            d.u.i.k.p.r.p.TestFile    Now processing file /home/runner/work/key/key/key.core/../key.ui/examples/InformationFlow/MethodContracts/contract.IFMethodContract(contract.IFMethodContract__secure_assignments_n2()).JML operation contract.0.key 
60551      INFO  main            d.u.i.k.p.i.AbstractProblemLoader Loading environment from /home/runner/work/key/key/key.core/../key.ui/examples/InformationFlow/MethodContracts/contract.IFMethodContract(contract.IFMethodContract__secure_assignments_n2()).JML operation contract.0.key 
60551      DEBUG main            d.u.i.k.p.i.AbstractProblemLoader Environment load took 80.2ns 
60552      INFO  main            d.u.i.k.p.i.AbstractProblemLoader Creating init config 
63139      DEBUG main            d.u.i.k.p.i.AbstractProblemLoader Init config took 2.59s 
63176      INFO  main            d.u.i.k.p.i.AbstractProblemLoader Replaying proof contract.IFMethodContract[contract.IFMethodContract::secure_assignments_n2()].JML operation contract.0 
63178      DEBUG main            d.u.i.k.p.i.IntermediateProofReplayer Proof replay took 13.7ns 
63283      INFO  main            d.u.i.k.p.r.p.TestFile    ... finished proof: closed. 
63450      INFO  main            d.u.i.k.p.r.p.TestFile    Now processing file /home/runner/work/key/key/key.core/../key.ui/examples/InformationFlow/MethodContracts/contract.IFMethodContract(contract.IFMethodContract__n2()).JML normal_behavior operation contract.0.key 
63450      INFO  main            d.u.i.k.p.i.AbstractProblemLoader Loading environment from /home/runner/work/key/key/key.core/../key.ui/examples/InformationFlow/MethodContracts/contract.IFMethodContract(contract.IFMethodContract__n2()).JML normal_behavior operation contract.0.key 
63450      DEBUG main            d.u.i.k.p.i.AbstractProblemLoader Environment load took 62.9ns 
63451      INFO  main            d.u.i.k.p.i.AbstractProblemLoader Creating init config 
66027      DEBUG main            d.u.i.k.p.i.AbstractProblemLoader Init config took 2.58s 
66065      INFO  main            d.u.i.k.p.i.AbstractProblemLoader Replaying proof contract.IFMethodContract[contract.IFMethodContract::n2()].JML normal_behavior operation contract.0 
66068      DEBUG main            d.u.i.k.p.i.IntermediateProofReplayer Proof replay took 14ns 
66170      INFO  main            d.u.i.k.p.r.p.TestFile    ... finished proof: closed. 
66336      INFO  main            d.u.i.k.p.r.p.TestFile    Now processing file /home/runner/work/key/key/key.core/../key.ui/examples/InformationFlow/MethodContracts/contract.IFMethodContract(contract.IFMethodContract__n1()).JML normal_behavior operation contract.0.key 
66337      INFO  main            d.u.i.k.p.i.AbstractProblemLoader Loading environment from /home/runner/work/key/key/key.core/../key.ui/examples/InformationFlow/MethodContracts/contract.IFMethodContract(contract.IFMethodContract__n1()).JML normal_behavior operation contract.0.key 
66337      DEBUG main            d.u.i.k.p.i.AbstractProblemLoader Environment load took 128ns 
66338      INFO  main            d.u.i.k.p.i.AbstractProblemLoader Creating init config 
68936      DEBUG main            d.u.i.k.p.i.AbstractProblemLoader Init config took 2.6s 
68983      INFO  main            d.u.i.k.p.i.AbstractProblemLoader Replaying proof contract.IFMethodContract[contract.IFMethodContract::n1()].JML normal_behavior operation contract.0 
68985      DEBUG main            d.u.i.k.p.i.IntermediateProofReplayer Proof replay took 12.5ns 
69087      INFO  main            d.u.i.k.p.r.p.TestFile    ... finished proof: closed. 
69253      INFO  main            d.u.i.k.p.r.p.TestFile    Now processing file /home/runner/work/key/key/key.core/../key.ui/examples/InformationFlow/MethodContracts/contract.IFMethodContract(contract.IFMethodContract__secure_sequential_n1_n2()).JML operation contract.0.key 
69253      INFO  main            d.u.i.k.p.i.AbstractProblemLoader Loading environment from /home/runner/work/key/key/key.core/../key.ui/examples/InformationFlow/MethodContracts/contract.IFMethodContract(contract.IFMethodContract__secure_sequential_n1_n2()).JML operation contract.0.key 
69253      DEBUG main            d.u.i.k.p.i.AbstractProblemLoader Environment load took 72.7ns 
69254      INFO  main            d.u.i.k.p.i.AbstractProblemLoader Creating init config 
71830      DEBUG main            d.u.i.k.p.i.AbstractProblemLoader Init config took 2.58s 
71884      INFO  main            d.u.i.k.p.i.AbstractProblemLoader Replaying proof contract.IFMethodContract[contract.IFMethodContract::secure_sequential_n1_n2()].JML operation contract.0 
71889      DEBUG main            d.u.i.k.p.i.IntermediateProofReplayer Proof replay took 14.4ns 
71995      INFO  main            d.u.i.k.p.r.p.TestFile    ... finished proof: closed. 
293871     INFO  Test worker     d.u.i.k.p.r.RunAllProofsTestUnit Returning from test MethodContracts 
293873     INFO  Test worker     d.u.i.k.p.r.RunAllProofsTestUnit Running test LoopInvariants 
394        INFO  Timeout watchdog d.u.i.k.p.r.p.ForkedTestFileRunner Timeout watcher launched (1000 secs.) 
415        WARN  main            d.u.i.k.s.ProofSettings   The settings in /home/runner/.key/proof-settings.props are *not* read. 
440        INFO  main            d.u.i.k.p.r.p.TestFile    Now processing file /home/runner/work/key/key/key.core/../key.ui/examples/InformationFlow/LoopInvariants/loop.IFLoopExamples(loop.IFLoopExamples__insecure_while_3(int)).JML operation contract.0.key 
543        INFO  main            d.u.i.k.p.i.AbstractProblemLoader Loading environment from /home/runner/work/key/key/key.core/../key.ui/examples/InformationFlow/LoopInvariants/loop.IFLoopExamples(loop.IFLoopExamples__insecure_while_3(int)).JML operation contract.0.key 
565        DEBUG main            d.u.i.k.p.i.AbstractProblemLoader Environment load took 1.73ms 
776        INFO  main            d.u.i.k.p.i.AbstractProblemLoader Creating init config 
1627       DEBUG main            d.u.i.k.j.TypeConverter   No LDT found for Meta 
1628       DEBUG main            d.u.i.k.j.TypeConverter   No LDT found for Meta 
1629       DEBUG main            d.u.i.k.j.TypeConverter   No LDT found for Meta 
1629       DEBUG main            d.u.i.k.j.TypeConverter   No LDT found for Meta 
3050       DEBUG main            d.u.i.k.j.TypeConverter   No LDT found for JavaBigintExpression 
8221       DEBUG main            d.u.i.k.p.i.AbstractProblemLoader Init config took 7.44s 
8388       INFO  main            d.u.i.k.p.i.AbstractProblemLoader Replaying proof loop.IFLoopExamples[loop.IFLoopExamples::insecure_while_3(int)].JML operation contract.0 
8427       DEBUG main            d.u.i.k.p.i.IntermediateProofReplayer Proof replay took 375.4ns 
9662       INFO  main            d.u.i.k.p.r.p.TestFile    ... finished proof: closed. 
9808       INFO  main            d.u.i.k.p.r.p.TestFile    Now processing file /home/runner/work/key/key/key.core/../key.ui/examples/InformationFlow/LoopInvariants/loop.IFLoopExamples(loop.IFLoopExamples__secure_while_2(int)).JML operation contract.0.key 
9808       INFO  main            d.u.i.k.p.i.AbstractProblemLoader Loading environment from /home/runner/work/key/key/key.core/../key.ui/examples/InformationFlow/LoopInvariants/loop.IFLoopExamples(loop.IFLoopExamples__secure_while_2(int)).JML operation contract.0.key 
9810       DEBUG main            d.u.i.k.p.i.AbstractProblemLoader Environment load took 1.4ms 
9811       INFO  main            d.u.i.k.p.i.AbstractProblemLoader Creating init config 
13078      DEBUG main            d.u.i.k.p.i.AbstractProblemLoader Init config took 3.27s 
13141      INFO  main            d.u.i.k.p.i.AbstractProblemLoader Replaying proof loop.IFLoopExamples[loop.IFLoopExamples::secure_while_2(int)].JML operation contract.0 
13145      DEBUG main            d.u.i.k.p.i.IntermediateProofReplayer Proof replay took 12.9ns 
13649      INFO  main            d.u.i.k.p.r.p.TestFile    ... finished proof: closed. 
13798      INFO  main            d.u.i.k.p.r.p.TestFile    Now processing file /home/runner/work/key/key/key.core/../key.ui/examples/InformationFlow/LoopInvariants/loop.IFLoopExamples(loop.IFLoopExamples__secure_while_4(int)).JML operation contract.0.key 
13799      INFO  main            d.u.i.k.p.i.AbstractProblemLoader Loading environment from /home/runner/work/key/key/key.core/../key.ui/examples/InformationFlow/LoopInvariants/loop.IFLoopExamples(loop.IFLoopExamples__secure_while_4(int)).JML operation contract.0.key 
13799      DEBUG main            d.u.i.k.p.i.AbstractProblemLoader Environment load took 113.7ns 
13801      INFO  main            d.u.i.k.p.i.AbstractProblemLoader Creating init config 
16857      DEBUG main            d.u.i.k.p.i.AbstractProblemLoader Init config took 3.06s 
16915      INFO  main            d.u.i.k.p.i.AbstractProblemLoader Replaying proof loop.IFLoopExamples[loop.IFLoopExamples::secure_while_4(int)].JML operation contract.0 
16918      DEBUG main            d.u.i.k.p.i.IntermediateProofReplayer Proof replay took 12.6ns 
17422      INFO  main            d.u.i.k.p.r.p.TestFile    ... finished proof: closed. 
17553      INFO  main            d.u.i.k.p.r.p.TestFile    Now processing file /home/runner/work/key/key/key.core/../key.ui/examples/InformationFlow/LoopInvariants/loop.IFLoopExamples(loop.IFLoopExamples__insecure_doubleNestedWhile2(int)).JML operation contract.0.key 
17554      INFO  main            d.u.i.k.p.i.AbstractProblemLoader Loading environment from /home/runner/work/key/key/key.core/../key.ui/examples/InformationFlow/LoopInvariants/loop.IFLoopExamples(loop.IFLoopExamples__insecure_doubleNestedWhile2(int)).JML operation contract.0.key 
17554      DEBUG main            d.u.i.k.p.i.AbstractProblemLoader Environment load took 80.4ns 
17555      INFO  main            d.u.i.k.p.i.AbstractProblemLoader Creating init config 
20594      DEBUG main            d.u.i.k.p.i.AbstractProblemLoader Init config took 3.04s 
20665      INFO  main            d.u.i.k.p.i.AbstractProblemLoader Replaying proof loop.IFLoopExamples[loop.IFLoopExamples::insecure_doubleNestedWhile2(int)].JML operation contract.0 
20670      DEBUG main            d.u.i.k.p.i.IntermediateProofReplayer Proof replay took 12.7ns 
21776      INFO  main            d.u.i.k.p.r.p.TestFile    ... finished proof: closed. 
21926      INFO  main            d.u.i.k.p.r.p.TestFile    Now processing file /home/runner/work/key/key/key.core/../key.ui/examples/InformationFlow/LoopInvariants/loop.IFLoopExamples(loop.IFLoopExamples__insecure_doubleNestedWhile(int)).JML operation contract.0.key 
21927      INFO  main            d.u.i.k.p.i.AbstractProblemLoader Loading environment from /home/runner/work/key/key/key.core/../key.ui/examples/InformationFlow/LoopInvariants/loop.IFLoopExamples(loop.IFLoopExamples__insecure_doubleNestedWhile(int)).JML operation contract.0.key 
21927      DEBUG main            d.u.i.k.p.i.AbstractProblemLoader Environment load took 109.2ns 
21928      INFO  main            d.u.i.k.p.i.AbstractProblemLoader Creating init config 
24881      DEBUG main            d.u.i.k.p.i.AbstractProblemLoader Init config took 2.95s 
24926      INFO  main            d.u.i.k.p.i.AbstractProblemLoader Replaying proof loop.IFLoopExamples[loop.IFLoopExamples::insecure_doubleNestedWhile(int)].JML operation contract.0 
24929      DEBUG main            d.u.i.k.p.i.IntermediateProofReplayer Proof replay took 11.9ns 
25948      INFO  main            d.u.i.k.p.r.p.TestFile    ... finished proof: closed. 
26104      INFO  main            d.u.i.k.p.r.p.TestFile    Now processing file /home/runner/work/key/key/key.core/../key.ui/examples/InformationFlow/LoopInvariants/loop.IFLoopExamples(loop.IFLoopExamples__secure_doubleNestedWhile(int)).JML operation contract.0.key 
26105      INFO  main            d.u.i.k.p.i.AbstractProblemLoader Loading environment from /home/runner/work/key/key/key.core/../key.ui/examples/InformationFlow/LoopInvariants/loop.IFLoopExamples(loop.IFLoopExamples__secure_doubleNestedWhile(int)).JML operation contract.0.key 
26105      DEBUG main            d.u.i.k.p.i.AbstractProblemLoader Environment load took 86.9ns 
26106      INFO  main            d.u.i.k.p.i.AbstractProblemLoader Creating init config 
28971      DEBUG main            d.u.i.k.p.i.AbstractProblemLoader Init config took 2.86s 
29015      INFO  main            d.u.i.k.p.i.AbstractProblemLoader Replaying proof loop.IFLoopExamples[loop.IFLoopExamples::secure_doubleNestedWhile(int)].JML operation contract.0 
29018      DEBUG main            d.u.i.k.p.i.IntermediateProofReplayer Proof replay took 13.1ns 
30033      INFO  main            d.u.i.k.p.r.p.TestFile    ... finished proof: closed. 
30180      INFO  main            d.u.i.k.p.r.p.TestFile    Now processing file /home/runner/work/key/key/key.core/../key.ui/examples/InformationFlow/LoopInvariants/loop.IFLoopExamples(loop.IFLoopExamples__secure_nestedTwoWhile(int)).JML operation contract.0.key 
30180      INFO  main            d.u.i.k.p.i.AbstractProblemLoader Loading environment from /home/runner/work/key/key/key.core/../key.ui/examples/InformationFlow/LoopInvariants/loop.IFLoopExamples(loop.IFLoopExamples__secure_nestedTwoWhile(int)).JML operation contract.0.key 
30180      DEBUG main            d.u.i.k.p.i.AbstractProblemLoader Environment load took 78.5ns 
30183      INFO  main            d.u.i.k.p.i.AbstractProblemLoader Creating init config 
33107      DEBUG main            d.u.i.k.p.i.AbstractProblemLoader Init config took 2.92s 
33150      INFO  main            d.u.i.k.p.i.AbstractProblemLoader Replaying proof loop.IFLoopExamples[loop.IFLoopExamples::secure_nestedTwoWhile(int)].JML operation contract.0 
33153      DEBUG main            d.u.i.k.p.i.IntermediateProofReplayer Proof replay took 12.5ns 
33957      INFO  main            d.u.i.k.p.r.p.TestFile    ... finished proof: closed. 
34122      INFO  main            d.u.i.k.p.r.p.TestFile    Now processing file /home/runner/work/key/key/key.core/../key.ui/examples/InformationFlow/LoopInvariants/loop.IFLoopExamples(loop.IFLoopExamples__secure_nestedWhile(int)).JML operation contract.0.key 
34124      INFO  main            d.u.i.k.p.i.AbstractProblemLoader Loading environment from /home/runner/work/key/key/key.core/../key.ui/examples/InformationFlow/LoopInvariants/loop.IFLoopExamples(loop.IFLoopExamples__secure_nestedWhile(int)).JML operation contract.0.key 
34124      DEBUG main            d.u.i.k.p.i.AbstractProblemLoader Environment load took 116.7ns 
34126      INFO  main            d.u.i.k.p.i.AbstractProblemLoader Creating init config 
37012      DEBUG main            d.u.i.k.p.i.AbstractProblemLoader Init config took 2.89s 
37054      INFO  main            d.u.i.k.p.i.AbstractProblemLoader Replaying proof loop.IFLoopExamples[loop.IFLoopExamples::secure_nestedWhile(int)].JML operation contract.0 
37056      DEBUG main            d.u.i.k.p.i.IntermediateProofReplayer Proof replay took 13.7ns 
37564      INFO  main            d.u.i.k.p.r.p.TestFile    ... finished proof: closed. 
37730      INFO  main            d.u.i.k.p.r.p.TestFile    Now processing file /home/runner/work/key/key/key.core/../key.ui/examples/InformationFlow/LoopInvariants/loop.IFLoopExamples(loop.IFLoopExamples__notSecure_while(int)).JML operation contract.0.key 
37730      INFO  main            d.u.i.k.p.i.AbstractProblemLoader Loading environment from /home/runner/work/key/key/key.core/../key.ui/examples/InformationFlow/LoopInvariants/loop.IFLoopExamples(loop.IFLoopExamples__notSecure_while(int)).JML operation contract.0.key 
37731      DEBUG main            d.u.i.k.p.i.AbstractProblemLoader Environment load took 63.9ns 
37733      INFO  main            d.u.i.k.p.i.AbstractProblemLoader Creating init config 
40608      DEBUG main            d.u.i.k.p.i.AbstractProblemLoader Init config took 2.88s 
40658      INFO  main            d.u.i.k.p.i.AbstractProblemLoader Replaying proof loop.IFLoopExamples[loop.IFLoopExamples::notSecure_while(int)].JML operation contract.0 
40661      DEBUG main            d.u.i.k.p.i.IntermediateProofReplayer Proof replay took 12.8ns 
40863      INFO  main            d.u.i.k.p.r.p.TestFile    ... finished proof: closed. 
41017      INFO  main            d.u.i.k.p.r.p.TestFile    Now processing file /home/runner/work/key/key/key.core/../key.ui/examples/InformationFlow/LoopInvariants/loop.IFLoopExamples(loop.IFLoopExamples__notSecure_while_wrongInv(int)).JML operation contract.0.key 
41017      INFO  main            d.u.i.k.p.i.AbstractProblemLoader Loading environment from /home/runner/work/key/key/key.core/../key.ui/examples/InformationFlow/LoopInvariants/loop.IFLoopExamples(loop.IFLoopExamples__notSecure_while_wrongInv(int)).JML operation contract.0.key 
41018      DEBUG main            d.u.i.k.p.i.AbstractProblemLoader Environment load took 635.01ns 
41018      INFO  main            d.u.i.k.p.i.AbstractProblemLoader Creating init config 
43848      DEBUG main            d.u.i.k.p.i.AbstractProblemLoader Init config took 2.83s 
43888      INFO  main            d.u.i.k.p.i.AbstractProblemLoader Replaying proof loop.IFLoopExamples[loop.IFLoopExamples::notSecure_while_wrongInv(int)].JML operation contract.0 
43890      DEBUG main            d.u.i.k.p.i.IntermediateProofReplayer Proof replay took 13.3ns 
44099      INFO  main            d.u.i.k.p.r.p.TestFile    ... finished proof: open goal(s) 
44304      INFO  main            d.u.i.k.p.r.p.TestFile    Now processing file /home/runner/work/key/key/key.core/../key.ui/examples/InformationFlow/LoopInvariants/loop.IFLoopExamples(loop.IFLoopExamples__insecure_twoWhile(int)).JML operation contract.0.key 
44304      INFO  main            d.u.i.k.p.i.AbstractProblemLoader Loading environment from /home/runner/work/key/key/key.core/../key.ui/examples/InformationFlow/LoopInvariants/loop.IFLoopExamples(loop.IFLoopExamples__insecure_twoWhile(int)).JML operation contract.0.key 
44304      DEBUG main            d.u.i.k.p.i.AbstractProblemLoader Environment load took 79.3ns 
44306      INFO  main            d.u.i.k.p.i.AbstractProblemLoader Creating init config 
47225      DEBUG main            d.u.i.k.p.i.AbstractProblemLoader Init config took 2.92s 
47264      INFO  main            d.u.i.k.p.i.AbstractProblemLoader Replaying proof loop.IFLoopExamples[loop.IFLoopExamples::insecure_twoWhile(int)].JML operation contract.0 
47266      DEBUG main            d.u.i.k.p.i.IntermediateProofReplayer Proof replay took 13.2ns 
47671      INFO  main            d.u.i.k.p.r.p.TestFile    ... finished proof: closed. 
47830      INFO  main            d.u.i.k.p.r.p.TestFile    Now processing file /home/runner/work/key/key/key.core/../key.ui/examples/InformationFlow/LoopInvariants/loop.IFLoopExamples(loop.IFLoopExamples__insecure_twoWhile_2(int)).JML operation contract.0.key 
47830      INFO  main            d.u.i.k.p.i.AbstractProblemLoader Loading environment from /home/runner/work/key/key/key.core/../key.ui/examples/InformationFlow/LoopInvariants/loop.IFLoopExamples(loop.IFLoopExamples__insecure_twoWhile_2(int)).JML operation contract.0.key 
47830      DEBUG main            d.u.i.k.p.i.AbstractProblemLoader Environment load took 69.5ns 
47833      INFO  main            d.u.i.k.p.i.AbstractProblemLoader Creating init config 
50685      DEBUG main            d.u.i.k.p.i.AbstractProblemLoader Init config took 2.85s 
50724      INFO  main            d.u.i.k.p.i.AbstractProblemLoader Replaying proof loop.IFLoopExamples[loop.IFLoopExamples::insecure_twoWhile_2(int)].JML operation contract.0 
50727      DEBUG main            d.u.i.k.p.i.IntermediateProofReplayer Proof replay took 13.1ns 
51130      INFO  main            d.u.i.k.p.r.p.TestFile    ... finished proof: closed. 
51320      INFO  main            d.u.i.k.p.r.p.TestFile    Now processing file /home/runner/work/key/key/key.core/../key.ui/examples/InformationFlow/LoopInvariants/loop.IFLoopExamples(loop.IFLoopExamples__secure_twoWhile(int)).JML operation contract.0.key 
51321      INFO  main            d.u.i.k.p.i.AbstractProblemLoader Loading environment from /home/runner/work/key/key/key.core/../key.ui/examples/InformationFlow/LoopInvariants/loop.IFLoopExamples(loop.IFLoopExamples__secure_twoWhile(int)).JML operation contract.0.key 
51321      DEBUG main            d.u.i.k.p.i.AbstractProblemLoader Environment load took 135ns 
51322      INFO  main            d.u.i.k.p.i.AbstractProblemLoader Creating init config 
54152      DEBUG main            d.u.i.k.p.i.AbstractProblemLoader Init config took 2.83s 
54191      INFO  main            d.u.i.k.p.i.AbstractProblemLoader Replaying proof loop.IFLoopExamples[loop.IFLoopExamples::secure_twoWhile(int)].JML operation contract.0 
54194      DEBUG main            d.u.i.k.p.i.IntermediateProofReplayer Proof replay took 12.5ns 
54599      INFO  main            d.u.i.k.p.r.p.TestFile    ... finished proof: closed. 
54811      INFO  main            d.u.i.k.p.r.p.TestFile    Now processing file /home/runner/work/key/key/key.core/../key.ui/examples/InformationFlow/LoopInvariants/loop.IFLoopExamples(loop.IFLoopExamples__loc_secure_while(int)).JML operation contract.0.key 
54811      INFO  main            d.u.i.k.p.i.AbstractProblemLoader Loading environment from /home/runner/work/key/key/key.core/../key.ui/examples/InformationFlow/LoopInvariants/loop.IFLoopExamples(loop.IFLoopExamples__loc_secure_while(int)).JML operation contract.0.key 
54811      DEBUG main            d.u.i.k.p.i.AbstractProblemLoader Environment load took 146.5ns 
54813      INFO  main            d.u.i.k.p.i.AbstractProblemLoader Creating init config 
57638      DEBUG main            d.u.i.k.p.i.AbstractProblemLoader Init config took 2.83s 
57678      INFO  main            d.u.i.k.p.i.AbstractProblemLoader Replaying proof loop.IFLoopExamples[loop.IFLoopExamples::loc_secure_while(int)].JML operation contract.0 
57681      DEBUG main            d.u.i.k.p.i.IntermediateProofReplayer Proof replay took 14.4ns 
57883      INFO  main            d.u.i.k.p.r.p.TestFile    ... finished proof: closed. 
58053      INFO  main            d.u.i.k.p.r.p.TestFile    Now processing file /home/runner/work/key/key/key.core/../key.ui/examples/InformationFlow/LoopInvariants/loop.IFLoopExamples(loop.IFLoopExamples__secure_while(int)).JML operation contract.0.key 
58054      INFO  main            d.u.i.k.p.i.AbstractProblemLoader Loading environment from /home/runner/work/key/key/key.core/../key.ui/examples/InformationFlow/LoopInvariants/loop.IFLoopExamples(loop.IFLoopExamples__secure_while(int)).JML operation contract.0.key 
58054      DEBUG main            d.u.i.k.p.i.AbstractProblemLoader Environment load took 105.6ns 
58055      INFO  main            d.u.i.k.p.i.AbstractProblemLoader Creating init config 
60878      DEBUG main            d.u.i.k.p.i.AbstractProblemLoader Init config took 2.82s 
60914      INFO  main            d.u.i.k.p.i.AbstractProblemLoader Replaying proof loop.IFLoopExamples[loop.IFLoopExamples::secure_while(int)].JML operation contract.0 
60916      DEBUG main            d.u.i.k.p.i.IntermediateProofReplayer Proof replay took 15.1ns 
61119      INFO  main            d.u.i.k.p.r.p.TestFile    ... finished proof: closed. 
61294      INFO  main            d.u.i.k.p.r.p.TestFile    Now processing file /home/runner/work/key/key/key.core/../key.ui/examples/InformationFlow/LoopInvariants/loop.IFLoopExamples(loop.IFLoopExamples__print(int)).JML normal_behavior operation contract.0.key 
61295      INFO  main            d.u.i.k.p.i.AbstractProblemLoader Loading environment from /home/runner/work/key/key/key.core/../key.ui/examples/InformationFlow/LoopInvariants/loop.IFLoopExamples(loop.IFLoopExamples__print(int)).JML normal_behavior operation contract.0.key 
61295      DEBUG main            d.u.i.k.p.i.AbstractProblemLoader Environment load took 72.8ns 
61296      INFO  main            d.u.i.k.p.i.AbstractProblemLoader Creating init config 
64110      DEBUG main            d.u.i.k.p.i.AbstractProblemLoader Init config took 2.81s 
64145      INFO  main            d.u.i.k.p.i.AbstractProblemLoader Replaying proof loop.IFLoopExamples[loop.IFLoopExamples::print(int)].JML normal_behavior operation contract.0 
64147      DEBUG main            d.u.i.k.p.i.IntermediateProofReplayer Proof replay took 12.8ns 
64249      INFO  main            d.u.i.k.p.r.p.TestFile    ... finished proof: closed. 
64409      INFO  main            d.u.i.k.p.r.p.TestFile    Now processing file /home/runner/work/key/key/key.core/../key.ui/examples/InformationFlow/LoopInvariants/loop.IFLoopExamples(loop.IFLoopExamples__hammer(int)).JML normal_behavior operation contract.0.key 
64410      INFO  main            d.u.i.k.p.i.AbstractProblemLoader Loading environment from /home/runner/work/key/key/key.core/../key.ui/examples/InformationFlow/LoopInvariants/loop.IFLoopExamples(loop.IFLoopExamples__hammer(int)).JML normal_behavior operation contract.0.key 
64410      DEBUG main            d.u.i.k.p.i.AbstractProblemLoader Environment load took 60.8ns 
64411      INFO  main            d.u.i.k.p.i.AbstractProblemLoader Creating init config 
67210      DEBUG main            d.u.i.k.p.i.AbstractProblemLoader Init config took 2.8s 
67244      INFO  main            d.u.i.k.p.i.AbstractProblemLoader Replaying proof loop.IFLoopExamples[loop.IFLoopExamples::hammer(int)].JML normal_behavior operation contract.0 
67247      DEBUG main            d.u.i.k.p.i.IntermediateProofReplayer Proof replay took 14.1ns 
67551      INFO  main            d.u.i.k.p.r.p.TestFile    ... finished proof: closed. 
361774     INFO  Test worker     d.u.i.k.p.r.RunAllProofsTestUnit Returning from test LoopInvariants 
361775     INFO  Test worker     d.u.i.k.p.r.RunAllProofsTestUnit Running test MiniExamples 
327        INFO  Timeout watchdog d.u.i.k.p.r.p.ForkedTestFileRunner Timeout watcher launched (1000 secs.) 
335        WARN  main            d.u.i.k.s.ProofSettings   The settings in /home/runner/.key/proof-settings.props are *not* read. 
370        INFO  main            d.u.i.k.p.r.p.TestFile    Now processing file /home/runner/work/key/key/key.core/../key.ui/examples/InformationFlow/MiniExamples/mini.AliasingExamples(mini.AliasingExamples__insecure_1(mini.AliasingExamples,mini.AliasingExamples,int)).JML operation contract.0.key 
492        INFO  main            d.u.i.k.p.i.AbstractProblemLoader Loading environment from /home/runner/work/key/key/key.core/../key.ui/examples/InformationFlow/MiniExamples/mini.AliasingExamples(mini.AliasingExamples__insecure_1(mini.AliasingExamples,mini.AliasingExamples,int)).JML operation contract.0.key 
510        DEBUG main            d.u.i.k.p.i.AbstractProblemLoader Environment load took 2.23ms 
716        INFO  main            d.u.i.k.p.i.AbstractProblemLoader Creating init config 
1791       DEBUG main            d.u.i.k.j.TypeConverter   No LDT found for Meta 
1791       DEBUG main            d.u.i.k.j.TypeConverter   No LDT found for Meta 
1793       DEBUG main            d.u.i.k.j.TypeConverter   No LDT found for Meta 
1794       DEBUG main            d.u.i.k.j.TypeConverter   No LDT found for Meta 
3198       DEBUG main            d.u.i.k.j.TypeConverter   No LDT found for JavaBigintExpression 
8066       DEBUG main            d.u.i.k.p.i.AbstractProblemLoader Init config took 7.35s 
8257       INFO  main            d.u.i.k.p.i.AbstractProblemLoader Replaying proof mini.AliasingExamples[mini.AliasingExamples::insecure_1(mini.AliasingExamples,mini.AliasingExamples,int)].JML operation contract.0 
8295       DEBUG main            d.u.i.k.p.i.IntermediateProofReplayer Proof replay took 346.1ns 
8826       INFO  main            d.u.i.k.p.r.p.TestFile    ... finished proof: closed. 
8941       INFO  main            d.u.i.k.p.r.p.TestFile    Now processing file /home/runner/work/key/key/key.core/../key.ui/examples/InformationFlow/MiniExamples/mini.AliasingExamples(mini.AliasingExamples__secure_1(mini.AliasingExamples,mini.AliasingExamples,int)).JML operation contract.0.key 
8941       INFO  main            d.u.i.k.p.i.AbstractProblemLoader Loading environment from /home/runner/work/key/key/key.core/../key.ui/examples/InformationFlow/MiniExamples/mini.AliasingExamples(mini.AliasingExamples__secure_1(mini.AliasingExamples,mini.AliasingExamples,int)).JML operation contract.0.key 
8942       DEBUG main            d.u.i.k.p.i.AbstractProblemLoader Environment load took 385.1ns 
8946       INFO  main            d.u.i.k.p.i.AbstractProblemLoader Creating init config 
11977      DEBUG main            d.u.i.k.p.i.AbstractProblemLoader Init config took 3.03s 
12052      INFO  main            d.u.i.k.p.i.AbstractProblemLoader Replaying proof mini.AliasingExamples[mini.AliasingExamples::secure_1(mini.AliasingExamples,mini.AliasingExamples,int)].JML operation contract.0 
12056      DEBUG main            d.u.i.k.p.i.IntermediateProofReplayer Proof replay took 13ns 
12158      INFO  main            d.u.i.k.p.r.p.TestFile    ... finished proof: closed. 
12276      INFO  main            d.u.i.k.p.r.p.TestFile    Now processing file /home/runner/work/key/key/key.core/../key.ui/examples/InformationFlow/MiniExamples/mini.MiniExamplesLecture(mini.MiniExamplesLecture__m_6()).JML normal_behavior operation contract.0.key 
12276      INFO  main            d.u.i.k.p.i.AbstractProblemLoader Loading environment from /home/runner/work/key/key/key.core/../key.ui/examples/InformationFlow/MiniExamples/mini.MiniExamplesLecture(mini.MiniExamplesLecture__m_6()).JML normal_behavior operation contract.0.key 
12276      DEBUG main            d.u.i.k.p.i.AbstractProblemLoader Environment load took 92.4ns 
12279      INFO  main            d.u.i.k.p.i.AbstractProblemLoader Creating init config 
15073      DEBUG main            d.u.i.k.p.i.AbstractProblemLoader Init config took 2.79s 
15132      INFO  main            d.u.i.k.p.i.AbstractProblemLoader Replaying proof mini.MiniExamplesLecture[mini.MiniExamplesLecture::m_6()].JML normal_behavior operation contract.0 
15142      DEBUG main            d.u.i.k.p.i.IntermediateProofReplayer Proof replay took 12.5ns 
15246      INFO  main            d.u.i.k.p.r.p.TestFile    ... finished proof: closed. 
15364      INFO  main            d.u.i.k.p.r.p.TestFile    Now processing file /home/runner/work/key/key/key.core/../key.ui/examples/InformationFlow/MiniExamples/mini.MiniExamplesLecture(mini.MiniExamplesLecture__m_5()).JML normal_behavior operation contract.0.key 
15364      INFO  main            d.u.i.k.p.i.AbstractProblemLoader Loading environment from /home/runner/work/key/key/key.core/../key.ui/examples/InformationFlow/MiniExamples/mini.MiniExamplesLecture(mini.MiniExamplesLecture__m_5()).JML normal_behavior operation contract.0.key 
15366      DEBUG main            d.u.i.k.p.i.AbstractProblemLoader Environment load took 1.79ms 
15367      INFO  main            d.u.i.k.p.i.AbstractProblemLoader Creating init config 
18087      DEBUG main            d.u.i.k.p.i.AbstractProblemLoader Init config took 2.72s 
18147      INFO  main            d.u.i.k.p.i.AbstractProblemLoader Replaying proof mini.MiniExamplesLecture[mini.MiniExamplesLecture::m_5()].JML normal_behavior operation contract.0 
18151      DEBUG main            d.u.i.k.p.i.IntermediateProofReplayer Proof replay took 13.2ns 
18253      INFO  main            d.u.i.k.p.r.p.TestFile    ... finished proof: closed. 
18402      INFO  main            d.u.i.k.p.r.p.TestFile    Now processing file /home/runner/work/key/key/key.core/../key.ui/examples/InformationFlow/MiniExamples/mini.MiniExamplesLecture(mini.MiniExamplesLecture__m_4()).JML normal_behavior operation contract.0.key 
18402      INFO  main            d.u.i.k.p.i.AbstractProblemLoader Loading environment from /home/runner/work/key/key/key.core/../key.ui/examples/InformationFlow/MiniExamples/mini.MiniExamplesLecture(mini.MiniExamplesLecture__m_4()).JML normal_behavior operation contract.0.key 
18403      DEBUG main            d.u.i.k.p.i.AbstractProblemLoader Environment load took 64.7ns 
18405      INFO  main            d.u.i.k.p.i.AbstractProblemLoader Creating init config 
21127      DEBUG main            d.u.i.k.p.i.AbstractProblemLoader Init config took 2.72s 
21175      INFO  main            d.u.i.k.p.i.AbstractProblemLoader Replaying proof mini.MiniExamplesLecture[mini.MiniExamplesLecture::m_4()].JML normal_behavior operation contract.0 
21178      DEBUG main            d.u.i.k.p.i.IntermediateProofReplayer Proof replay took 13ns 
21280      INFO  main            d.u.i.k.p.r.p.TestFile    ... finished proof: closed. 
21403      INFO  main            d.u.i.k.p.r.p.TestFile    Now processing file /home/runner/work/key/key/key.core/../key.ui/examples/InformationFlow/MiniExamples/mini.MiniExamplesLecture(mini.MiniExamplesLecture__m_3()).JML normal_behavior operation contract.0.key 
21404      INFO  main            d.u.i.k.p.i.AbstractProblemLoader Loading environment from /home/runner/work/key/key/key.core/../key.ui/examples/InformationFlow/MiniExamples/mini.MiniExamplesLecture(mini.MiniExamplesLecture__m_3()).JML normal_behavior operation contract.0.key 
21404      DEBUG main            d.u.i.k.p.i.AbstractProblemLoader Environment load took 68.8ns 
21405      INFO  main            d.u.i.k.p.i.AbstractProblemLoader Creating init config 
24086      DEBUG main            d.u.i.k.p.i.AbstractProblemLoader Init config took 2.68s 
24131      INFO  main            d.u.i.k.p.i.AbstractProblemLoader Replaying proof mini.MiniExamplesLecture[mini.MiniExamplesLecture::m_3()].JML normal_behavior operation contract.0 
24134      DEBUG main            d.u.i.k.p.i.IntermediateProofReplayer Proof replay took 12.2ns 
24238      INFO  main            d.u.i.k.p.r.p.TestFile    ... finished proof: closed. 
24363      INFO  main            d.u.i.k.p.r.p.TestFile    Now processing file /home/runner/work/key/key/key.core/../key.ui/examples/InformationFlow/MiniExamples/mini.MiniExamplesLecture(mini.MiniExamplesLecture__m_2()).JML normal_behavior operation contract.0.key 
24364      INFO  main            d.u.i.k.p.i.AbstractProblemLoader Loading environment from /home/runner/work/key/key/key.core/../key.ui/examples/InformationFlow/MiniExamples/mini.MiniExamplesLecture(mini.MiniExamplesLecture__m_2()).JML normal_behavior operation contract.0.key 
24364      DEBUG main            d.u.i.k.p.i.AbstractProblemLoader Environment load took 105.9ns 
24365      INFO  main            d.u.i.k.p.i.AbstractProblemLoader Creating init config 
27016      DEBUG main            d.u.i.k.p.i.AbstractProblemLoader Init config took 2.65s 
27059      INFO  main            d.u.i.k.p.i.AbstractProblemLoader Replaying proof mini.MiniExamplesLecture[mini.MiniExamplesLecture::m_2()].JML normal_behavior operation contract.0 
27062      DEBUG main            d.u.i.k.p.i.IntermediateProofReplayer Proof replay took 14.1ns 
27164      INFO  main            d.u.i.k.p.r.p.TestFile    ... finished proof: closed. 
27340      INFO  main            d.u.i.k.p.r.p.TestFile    Now processing file /home/runner/work/key/key/key.core/../key.ui/examples/InformationFlow/MiniExamples/mini.MiniExamplesLecture(mini.MiniExamplesLecture__m_1()).JML normal_behavior operation contract.0.key 
27340      INFO  main            d.u.i.k.p.i.AbstractProblemLoader Loading environment from /home/runner/work/key/key/key.core/../key.ui/examples/InformationFlow/MiniExamples/mini.MiniExamplesLecture(mini.MiniExamplesLecture__m_1()).JML normal_behavior operation contract.0.key 
27340      DEBUG main            d.u.i.k.p.i.AbstractProblemLoader Environment load took 68.7ns 
27344      INFO  main            d.u.i.k.p.i.AbstractProblemLoader Creating init config 
29962      DEBUG main            d.u.i.k.p.i.AbstractProblemLoader Init config took 2.62s 
30005      INFO  main            d.u.i.k.p.i.AbstractProblemLoader Replaying proof mini.MiniExamplesLecture[mini.MiniExamplesLecture::m_1()].JML normal_behavior operation contract.0 
30008      DEBUG main            d.u.i.k.p.i.IntermediateProofReplayer Proof replay took 14.5ns 
30110      INFO  main            d.u.i.k.p.r.p.TestFile    ... finished proof: closed. 
30241      INFO  main            d.u.i.k.p.r.p.TestFile    Now processing file /home/runner/work/key/key/key.core/../key.ui/examples/InformationFlow/MiniExamples/mini.DifferenceSeqLocset(mini.DifferenceSeqLocset__m()).JML normal_behavior operation contract.1.key 
30241      INFO  main            d.u.i.k.p.i.AbstractProblemLoader Loading environment from /home/runner/work/key/key/key.core/../key.ui/examples/InformationFlow/MiniExamples/mini.DifferenceSeqLocset(mini.DifferenceSeqLocset__m()).JML normal_behavior operation contract.1.key 
30242      DEBUG main            d.u.i.k.p.i.AbstractProblemLoader Environment load took 65.3ns 
30243      INFO  main            d.u.i.k.p.i.AbstractProblemLoader Creating init config 
32830      DEBUG main            d.u.i.k.p.i.AbstractProblemLoader Init config took 2.59s 
32877      INFO  main            d.u.i.k.p.i.AbstractProblemLoader Replaying proof mini.DifferenceSeqLocset[mini.DifferenceSeqLocset::m()].JML normal_behavior operation contract.1 
32880      DEBUG main            d.u.i.k.p.i.IntermediateProofReplayer Proof replay took 13.2ns 
33083      INFO  main            d.u.i.k.p.r.p.TestFile    ... finished proof: closed. 
33222      INFO  main            d.u.i.k.p.r.p.TestFile    Now processing file /home/runner/work/key/key/key.core/../key.ui/examples/InformationFlow/MiniExamples/mini.DifferenceSeqLocset(mini.DifferenceSeqLocset__m()).JML normal_behavior operation contract.0.key 
33222      INFO  main            d.u.i.k.p.i.AbstractProblemLoader Loading environment from /home/runner/work/key/key/key.core/../key.ui/examples/InformationFlow/MiniExamples/mini.DifferenceSeqLocset(mini.DifferenceSeqLocset__m()).JML normal_behavior operation contract.0.key 
33222      DEBUG main            d.u.i.k.p.i.AbstractProblemLoader Environment load took 69.7ns 
33223      INFO  main            d.u.i.k.p.i.AbstractProblemLoader Creating init config 
35896      DEBUG main            d.u.i.k.p.i.AbstractProblemLoader Init config took 2.67s 
35952      INFO  main            d.u.i.k.p.i.AbstractProblemLoader Replaying proof mini.DifferenceSeqLocset[mini.DifferenceSeqLocset::m()].JML normal_behavior operation contract.0 
35954      DEBUG main            d.u.i.k.p.i.IntermediateProofReplayer Proof replay took 12.9ns 
36159      INFO  main            d.u.i.k.p.r.p.TestFile    ... finished proof: closed. 
36304      INFO  main            d.u.i.k.p.r.p.TestFile    Now processing file /home/runner/work/key/key/key.core/../key.ui/examples/InformationFlow/MiniExamples/mini.MiniExamples(mini.MiniExamples__secure_p2_8()).JML normal_behavior operation contract.0.key 
36305      INFO  main            d.u.i.k.p.i.AbstractProblemLoader Loading environment from /home/runner/work/key/key/key.core/../key.ui/examples/InformationFlow/MiniExamples/mini.MiniExamples(mini.MiniExamples__secure_p2_8()).JML normal_behavior operation contract.0.key 
36305      DEBUG main            d.u.i.k.p.i.AbstractProblemLoader Environment load took 77.2ns 
36306      INFO  main            d.u.i.k.p.i.AbstractProblemLoader Creating init config 
38901      DEBUG main            d.u.i.k.p.i.AbstractProblemLoader Init config took 2.59s 
38941      INFO  main            d.u.i.k.p.i.AbstractProblemLoader Replaying proof mini.MiniExamples[mini.MiniExamples::secure_p2_8()].JML normal_behavior operation contract.0 
38944      DEBUG main            d.u.i.k.p.i.IntermediateProofReplayer Proof replay took 13.2ns 
39046      INFO  main            d.u.i.k.p.r.p.TestFile    ... finished proof: closed. 
39187      INFO  main            d.u.i.k.p.r.p.TestFile    Now processing file /home/runner/work/key/key/key.core/../key.ui/examples/InformationFlow/MiniExamples/mini.MiniExamples(mini.MiniExamples__secure_parameter(int)).JML operation contract.0.key 
39188      INFO  main            d.u.i.k.p.i.AbstractProblemLoader Loading environment from /home/runner/work/key/key/key.core/../key.ui/examples/InformationFlow/MiniExamples/mini.MiniExamples(mini.MiniExamples__secure_parameter(int)).JML operation contract.0.key 
39188      DEBUG main            d.u.i.k.p.i.AbstractProblemLoader Environment load took 129.3ns 
39189      INFO  main            d.u.i.k.p.i.AbstractProblemLoader Creating init config 
41770      DEBUG main            d.u.i.k.p.i.AbstractProblemLoader Init config took 2.58s 
41810      INFO  main            d.u.i.k.p.i.AbstractProblemLoader Replaying proof mini.MiniExamples[mini.MiniExamples::secure_parameter(int)].JML operation contract.0 
41813      DEBUG main            d.u.i.k.p.i.IntermediateProofReplayer Proof replay took 14.9ns 
41915      INFO  main            d.u.i.k.p.r.p.TestFile    ... finished proof: closed. 
42059      INFO  main            d.u.i.k.p.r.p.TestFile    Now processing file /home/runner/work/key/key/key.core/../key.ui/examples/InformationFlow/MiniExamples/mini.MiniExamples(mini.MiniExamples__secure_p2_7()).JML normal_behavior operation contract.0.key 
42060      INFO  main            d.u.i.k.p.i.AbstractProblemLoader Loading environment from /home/runner/work/key/key/key.core/../key.ui/examples/InformationFlow/MiniExamples/mini.MiniExamples(mini.MiniExamples__secure_p2_7()).JML normal_behavior operation contract.0.key 
42060      DEBUG main            d.u.i.k.p.i.AbstractProblemLoader Environment load took 112.9ns 
42061      INFO  main            d.u.i.k.p.i.AbstractProblemLoader Creating init config 
44647      DEBUG main            d.u.i.k.p.i.AbstractProblemLoader Init config took 2.59s 
44686      INFO  main            d.u.i.k.p.i.AbstractProblemLoader Replaying proof mini.MiniExamples[mini.MiniExamples::secure_p2_7()].JML normal_behavior operation contract.0 
44689      DEBUG main            d.u.i.k.p.i.IntermediateProofReplayer Proof replay took 13.3ns 
44791      INFO  main            d.u.i.k.p.r.p.TestFile    ... finished proof: closed. 
44940      INFO  main            d.u.i.k.p.r.p.TestFile    Now processing file /home/runner/work/key/key/key.core/../key.ui/examples/InformationFlow/MiniExamples/mini.MiniExamples(mini.MiniExamples__insecure_p2_2()).JML normal_behavior operation contract.0.key 
44940      INFO  main            d.u.i.k.p.i.AbstractProblemLoader Loading environment from /home/runner/work/key/key/key.core/../key.ui/examples/InformationFlow/MiniExamples/mini.MiniExamples(mini.MiniExamples__insecure_p2_2()).JML normal_behavior operation contract.0.key 
44940      DEBUG main            d.u.i.k.p.i.AbstractProblemLoader Environment load took 59.2ns 
44943      INFO  main            d.u.i.k.p.i.AbstractProblemLoader Creating init config 
47515      DEBUG main            d.u.i.k.p.i.AbstractProblemLoader Init config took 2.57s 
47552      INFO  main            d.u.i.k.p.i.AbstractProblemLoader Replaying proof mini.MiniExamples[mini.MiniExamples::insecure_p2_2()].JML normal_behavior operation contract.0 
47555      DEBUG main            d.u.i.k.p.i.IntermediateProofReplayer Proof replay took 14.1ns 
47658      INFO  main            d.u.i.k.p.r.p.TestFile    ... finished proof: closed. 
47812      INFO  main            d.u.i.k.p.r.p.TestFile    Now processing file /home/runner/work/key/key/key.core/../key.ui/examples/InformationFlow/MiniExamples/mini.MiniExamples(mini.MiniExamples__secure_p2_6()).JML normal_behavior operation contract.0.key 
47812      INFO  main            d.u.i.k.p.i.AbstractProblemLoader Loading environment from /home/runner/work/key/key/key.core/../key.ui/examples/InformationFlow/MiniExamples/mini.MiniExamples(mini.MiniExamples__secure_p2_6()).JML normal_behavior operation contract.0.key 
47812      DEBUG main            d.u.i.k.p.i.AbstractProblemLoader Environment load took 77ns 
47813      INFO  main            d.u.i.k.p.i.AbstractProblemLoader Creating init config 
50388      DEBUG main            d.u.i.k.p.i.AbstractProblemLoader Init config took 2.58s 
50427      INFO  main            d.u.i.k.p.i.AbstractProblemLoader Replaying proof mini.MiniExamples[mini.MiniExamples::secure_p2_6()].JML normal_behavior operation contract.0 
50429      DEBUG main            d.u.i.k.p.i.IntermediateProofReplayer Proof replay took 14.9ns 
50531      INFO  main            d.u.i.k.p.r.p.TestFile    ... finished proof: closed. 
50703      INFO  main            d.u.i.k.p.r.p.TestFile    Now processing file /home/runner/work/key/key/key.core/../key.ui/examples/InformationFlow/MiniExamples/mini.MiniExamples(mini.MiniExamples__secure_p2_5()).JML normal_behavior operation contract.0.key 
50703      INFO  main            d.u.i.k.p.i.AbstractProblemLoader Loading environment from /home/runner/work/key/key/key.core/../key.ui/examples/InformationFlow/MiniExamples/mini.MiniExamples(mini.MiniExamples__secure_p2_5()).JML normal_behavior operation contract.0.key 
50703      DEBUG main            d.u.i.k.p.i.AbstractProblemLoader Environment load took 64.3ns 
50705      INFO  main            d.u.i.k.p.i.AbstractProblemLoader Creating init config 
53278      DEBUG main            d.u.i.k.p.i.AbstractProblemLoader Init config took 2.57s 
53315      INFO  main            d.u.i.k.p.i.AbstractProblemLoader Replaying proof mini.MiniExamples[mini.MiniExamples::secure_p2_5()].JML normal_behavior operation contract.0 
53317      DEBUG main            d.u.i.k.p.i.IntermediateProofReplayer Proof replay took 14.9ns 
53422      INFO  main            d.u.i.k.p.r.p.TestFile    ... finished proof: closed. 
53582      INFO  main            d.u.i.k.p.r.p.TestFile    Now processing file /home/runner/work/key/key/key.core/../key.ui/examples/InformationFlow/MiniExamples/mini.MiniExamples(mini.MiniExamples__secure_p2_4()).JML normal_behavior operation contract.0.key 
53582      INFO  main            d.u.i.k.p.i.AbstractProblemLoader Loading environment from /home/runner/work/key/key/key.core/../key.ui/examples/InformationFlow/MiniExamples/mini.MiniExamples(mini.MiniExamples__secure_p2_4()).JML normal_behavior operation contract.0.key 
53582      DEBUG main            d.u.i.k.p.i.AbstractProblemLoader Environment load took 62.5ns 
53583      INFO  main            d.u.i.k.p.i.AbstractProblemLoader Creating init config 
56151      DEBUG main            d.u.i.k.p.i.AbstractProblemLoader Init config took 2.57s 
56195      INFO  main            d.u.i.k.p.i.AbstractProblemLoader Replaying proof mini.MiniExamples[mini.MiniExamples::secure_p2_4()].JML normal_behavior operation contract.0 
56198      DEBUG main            d.u.i.k.p.i.IntermediateProofReplayer Proof replay took 13.5ns 
56302      INFO  main            d.u.i.k.p.r.p.TestFile    ... finished proof: closed. 
56498      INFO  main            d.u.i.k.p.r.p.TestFile    Now processing file /home/runner/work/key/key/key.core/../key.ui/examples/InformationFlow/MiniExamples/mini.MiniExamples(mini.MiniExamples__secure_p2_3()).JML normal_behavior operation contract.0.key 
56499      INFO  main            d.u.i.k.p.i.AbstractProblemLoader Loading environment from /home/runner/work/key/key/key.core/../key.ui/examples/InformationFlow/MiniExamples/mini.MiniExamples(mini.MiniExamples__secure_p2_3()).JML normal_behavior operation contract.0.key 
56499      DEBUG main            d.u.i.k.p.i.AbstractProblemLoader Environment load took 111.1ns 
56500      INFO  main            d.u.i.k.p.i.AbstractProblemLoader Creating init config 
59042      DEBUG main            d.u.i.k.p.i.AbstractProblemLoader Init config took 2.54s 
59079      INFO  main            d.u.i.k.p.i.AbstractProblemLoader Replaying proof mini.MiniExamples[mini.MiniExamples::secure_p2_3()].JML normal_behavior operation contract.0 
59081      DEBUG main            d.u.i.k.p.i.IntermediateProofReplayer Proof replay took 14.2ns 
59186      INFO  main            d.u.i.k.p.r.p.TestFile    ... finished proof: closed. 
59389      INFO  main            d.u.i.k.p.r.p.TestFile    Now processing file /home/runner/work/key/key/key.core/../key.ui/examples/InformationFlow/MiniExamples/mini.MiniExamples(mini.MiniExamples__secure_p2_2()).JML normal_behavior operation contract.0.key 
59391      INFO  main            d.u.i.k.p.i.AbstractProblemLoader Loading environment from /home/runner/work/key/key/key.core/../key.ui/examples/InformationFlow/MiniExamples/mini.MiniExamples(mini.MiniExamples__secure_p2_2()).JML normal_behavior operation contract.0.key 
59391      DEBUG main            d.u.i.k.p.i.AbstractProblemLoader Environment load took 131.2ns 
59392      INFO  main            d.u.i.k.p.i.AbstractProblemLoader Creating init config 
61936      DEBUG main            d.u.i.k.p.i.AbstractProblemLoader Init config took 2.54s 
61972      INFO  main            d.u.i.k.p.i.AbstractProblemLoader Replaying proof mini.MiniExamples[mini.MiniExamples::secure_p2_2()].JML normal_behavior operation contract.0 
61975      DEBUG main            d.u.i.k.p.i.IntermediateProofReplayer Proof replay took 14.1ns 
62077      INFO  main            d.u.i.k.p.r.p.TestFile    ... finished proof: closed. 
62241      INFO  main            d.u.i.k.p.r.p.TestFile    Now processing file /home/runner/work/key/key/key.core/../key.ui/examples/InformationFlow/MiniExamples/mini.MiniExamples(mini.MiniExamples__secure_p2_1()).JML normal_behavior operation contract.0.key 
62241      INFO  main            d.u.i.k.p.i.AbstractProblemLoader Loading environment from /home/runner/work/key/key/key.core/../key.ui/examples/InformationFlow/MiniExamples/mini.MiniExamples(mini.MiniExamples__secure_p2_1()).JML normal_behavior operation contract.0.key 
62241      DEBUG main            d.u.i.k.p.i.AbstractProblemLoader Environment load took 62.7ns 
62242      INFO  main            d.u.i.k.p.i.AbstractProblemLoader Creating init config 
64800      DEBUG main            d.u.i.k.p.i.AbstractProblemLoader Init config took 2.56s 
64837      INFO  main            d.u.i.k.p.i.AbstractProblemLoader Replaying proof mini.MiniExamples[mini.MiniExamples::secure_p2_1()].JML normal_behavior operation contract.0 
64839      DEBUG main            d.u.i.k.p.i.IntermediateProofReplayer Proof replay took 14.3ns 
64942      INFO  main            d.u.i.k.p.r.p.TestFile    ... finished proof: closed. 
65118      INFO  main            d.u.i.k.p.r.p.TestFile    Now processing file /home/runner/work/key/key/key.core/../key.ui/examples/InformationFlow/MiniExamples/mini.MiniExamples(mini.MiniExamples__insecure_p2_1()).JML normal_behavior operation contract.0.key 
65118      INFO  main            d.u.i.k.p.i.AbstractProblemLoader Loading environment from /home/runner/work/key/key/key.core/../key.ui/examples/InformationFlow/MiniExamples/mini.MiniExamples(mini.MiniExamples__insecure_p2_1()).JML normal_behavior operation contract.0.key 
65118      DEBUG main            d.u.i.k.p.i.AbstractProblemLoader Environment load took 65ns 
65120      INFO  main            d.u.i.k.p.i.AbstractProblemLoader Creating init config 
67649      DEBUG main            d.u.i.k.p.i.AbstractProblemLoader Init config took 2.53s 
67685      INFO  main            d.u.i.k.p.i.AbstractProblemLoader Replaying proof mini.MiniExamples[mini.MiniExamples::insecure_p2_1()].JML normal_behavior operation contract.0 
67687      DEBUG main            d.u.i.k.p.i.IntermediateProofReplayer Proof replay took 14.2ns 
67790      INFO  main            d.u.i.k.p.r.p.TestFile    ... finished proof: closed. 
67983      INFO  main            d.u.i.k.p.r.p.TestFile    Now processing file /home/runner/work/key/key/key.core/../key.ui/examples/InformationFlow/MiniExamples/mini.MiniExamples(mini.MiniExamples__secure_p1_6()).JML normal_behavior operation contract.0.key 
67984      INFO  main            d.u.i.k.p.i.AbstractProblemLoader Loading environment from /home/runner/work/key/key/key.core/../key.ui/examples/InformationFlow/MiniExamples/mini.MiniExamples(mini.MiniExamples__secure_p1_6()).JML normal_behavior operation contract.0.key 
67984      DEBUG main            d.u.i.k.p.i.AbstractProblemLoader Environment load took 100.3ns 
67985      INFO  main            d.u.i.k.p.i.AbstractProblemLoader Creating init config 
70530      DEBUG main            d.u.i.k.p.i.AbstractProblemLoader Init config took 2.55s 
70566      INFO  main            d.u.i.k.p.i.AbstractProblemLoader Replaying proof mini.MiniExamples[mini.MiniExamples::secure_p1_6()].JML normal_behavior operation contract.0 
70568      DEBUG main            d.u.i.k.p.i.IntermediateProofReplayer Proof replay took 13.6ns 
70674      INFO  main            d.u.i.k.p.r.p.TestFile    ... finished proof: closed. 
70879      INFO  main            d.u.i.k.p.r.p.TestFile    Now processing file /home/runner/work/key/key/key.core/../key.ui/examples/InformationFlow/MiniExamples/mini.MiniExamples(mini.MiniExamples__secure_p1_5()).JML normal_behavior operation contract.0.key 
70880      INFO  main            d.u.i.k.p.i.AbstractProblemLoader Loading environment from /home/runner/work/key/key/key.core/../key.ui/examples/InformationFlow/MiniExamples/mini.MiniExamples(mini.MiniExamples__secure_p1_5()).JML normal_behavior operation contract.0.key 
70880      DEBUG main            d.u.i.k.p.i.AbstractProblemLoader Environment load took 72.4ns 
70880      INFO  main            d.u.i.k.p.i.AbstractProblemLoader Creating init config 
73469      DEBUG main            d.u.i.k.p.i.AbstractProblemLoader Init config took 2.59s 
73504      INFO  main            d.u.i.k.p.i.AbstractProblemLoader Replaying proof mini.MiniExamples[mini.MiniExamples::secure_p1_5()].JML normal_behavior operation contract.0 
73508      DEBUG main            d.u.i.k.p.i.IntermediateProofReplayer Proof replay took 13.9ns 
73610      INFO  main            d.u.i.k.p.r.p.TestFile    ... finished proof: closed. 
73796      INFO  main            d.u.i.k.p.r.p.TestFile    Now processing file /home/runner/work/key/key/key.core/../key.ui/examples/InformationFlow/MiniExamples/mini.MiniExamples(mini.MiniExamples__secure_p1_4()).JML normal_behavior operation contract.0.key 
73797      INFO  main            d.u.i.k.p.i.AbstractProblemLoader Loading environment from /home/runner/work/key/key/key.core/../key.ui/examples/InformationFlow/MiniExamples/mini.MiniExamples(mini.MiniExamples__secure_p1_4()).JML normal_behavior operation contract.0.key 
73797      DEBUG main            d.u.i.k.p.i.AbstractProblemLoader Environment load took 75.2ns 
73798      INFO  main            d.u.i.k.p.i.AbstractProblemLoader Creating init config 
76359      DEBUG main            d.u.i.k.p.i.AbstractProblemLoader Init config took 2.56s 
76394      INFO  main            d.u.i.k.p.i.AbstractProblemLoader Replaying proof mini.MiniExamples[mini.MiniExamples::secure_p1_4()].JML normal_behavior operation contract.0 
76396      DEBUG main            d.u.i.k.p.i.IntermediateProofReplayer Proof replay took 12.7ns 
76498      INFO  main            d.u.i.k.p.r.p.TestFile    ... finished proof: closed. 
76680      INFO  main            d.u.i.k.p.r.p.TestFile    Now processing file /home/runner/work/key/key/key.core/../key.ui/examples/InformationFlow/MiniExamples/mini.MiniExamples(mini.MiniExamples__secure_p1_3()).JML normal_behavior operation contract.0.key 
76681      INFO  main            d.u.i.k.p.i.AbstractProblemLoader Loading environment from /home/runner/work/key/key/key.core/../key.ui/examples/InformationFlow/MiniExamples/mini.MiniExamples(mini.MiniExamples__secure_p1_3()).JML normal_behavior operation contract.0.key 
76681      DEBUG main            d.u.i.k.p.i.AbstractProblemLoader Environment load took 107.5ns 
76682      INFO  main            d.u.i.k.p.i.AbstractProblemLoader Creating init config 
79248      DEBUG main            d.u.i.k.p.i.AbstractProblemLoader Init config took 2.57s 
79282      INFO  main            d.u.i.k.p.i.AbstractProblemLoader Replaying proof mini.MiniExamples[mini.MiniExamples::secure_p1_3()].JML normal_behavior operation contract.0 
79285      DEBUG main            d.u.i.k.p.i.IntermediateProofReplayer Proof replay took 14.2ns 
79387      INFO  main            d.u.i.k.p.r.p.TestFile    ... finished proof: closed. 
79565      INFO  main            d.u.i.k.p.r.p.TestFile    Now processing file /home/runner/work/key/key/key.core/../key.ui/examples/InformationFlow/MiniExamples/mini.MiniExamples(mini.MiniExamples__secure_p1_2()).JML normal_behavior operation contract.0.key 
79566      INFO  main            d.u.i.k.p.i.AbstractProblemLoader Loading environment from /home/runner/work/key/key/key.core/../key.ui/examples/InformationFlow/MiniExamples/mini.MiniExamples(mini.MiniExamples__secure_p1_2()).JML normal_behavior operation contract.0.key 
79566      DEBUG main            d.u.i.k.p.i.AbstractProblemLoader Environment load took 63.7ns 
79567      INFO  main            d.u.i.k.p.i.AbstractProblemLoader Creating init config 
82094      DEBUG main            d.u.i.k.p.i.AbstractProblemLoader Init config took 2.53s 
82128      INFO  main            d.u.i.k.p.i.AbstractProblemLoader Replaying proof mini.MiniExamples[mini.MiniExamples::secure_p1_2()].JML normal_behavior operation contract.0 
82131      DEBUG main            d.u.i.k.p.i.IntermediateProofReplayer Proof replay took 13.8ns 
82233      INFO  main            d.u.i.k.p.r.p.TestFile    ... finished proof: closed. 
82432      INFO  main            d.u.i.k.p.r.p.TestFile    Now processing file /home/runner/work/key/key/key.core/../key.ui/examples/InformationFlow/MiniExamples/mini.MiniExamples(mini.MiniExamples__secure_p1_1()).JML normal_behavior operation contract.1.key 
82433      INFO  main            d.u.i.k.p.i.AbstractProblemLoader Loading environment from /home/runner/work/key/key/key.core/../key.ui/examples/InformationFlow/MiniExamples/mini.MiniExamples(mini.MiniExamples__secure_p1_1()).JML normal_behavior operation contract.1.key 
82433      DEBUG main            d.u.i.k.p.i.AbstractProblemLoader Environment load took 60.1ns 
82434      INFO  main            d.u.i.k.p.i.AbstractProblemLoader Creating init config 
84994      DEBUG main            d.u.i.k.p.i.AbstractProblemLoader Init config took 2.56s 
85027      INFO  main            d.u.i.k.p.i.AbstractProblemLoader Replaying proof mini.MiniExamples[mini.MiniExamples::secure_p1_1()].JML normal_behavior operation contract.1 
85030      DEBUG main            d.u.i.k.p.i.IntermediateProofReplayer Proof replay took 14.3ns 
85132      INFO  main            d.u.i.k.p.r.p.TestFile    ... finished proof: closed. 
85329      INFO  main            d.u.i.k.p.r.p.TestFile    Now processing file /home/runner/work/key/key/key.core/../key.ui/examples/InformationFlow/MiniExamples/mini.MiniExamples(mini.MiniExamples__secure_p1_1()).JML normal_behavior operation contract.0.key 
85329      INFO  main            d.u.i.k.p.i.AbstractProblemLoader Loading environment from /home/runner/work/key/key/key.core/../key.ui/examples/InformationFlow/MiniExamples/mini.MiniExamples(mini.MiniExamples__secure_p1_1()).JML normal_behavior operation contract.0.key 
85329      DEBUG main            d.u.i.k.p.i.AbstractProblemLoader Environment load took 96.1ns 
85330      INFO  main            d.u.i.k.p.i.AbstractProblemLoader Creating init config 
87851      DEBUG main            d.u.i.k.p.i.AbstractProblemLoader Init config took 2.52s 
87885      INFO  main            d.u.i.k.p.i.AbstractProblemLoader Replaying proof mini.MiniExamples[mini.MiniExamples::secure_p1_1()].JML normal_behavior operation contract.0 
87888      DEBUG main            d.u.i.k.p.i.IntermediateProofReplayer Proof replay took 14.5ns 
87990      INFO  main            d.u.i.k.p.r.p.TestFile    ... finished proof: closed. 
88185      INFO  main            d.u.i.k.p.r.p.TestFile    Now processing file /home/runner/work/key/key/key.core/../key.ui/examples/InformationFlow/MiniExamples/mini.MiniExamples(mini.MiniExamples__insecure_p1_2()).JML normal_behavior operation contract.0.key 
88185      INFO  main            d.u.i.k.p.i.AbstractProblemLoader Loading environment from /home/runner/work/key/key/key.core/../key.ui/examples/InformationFlow/MiniExamples/mini.MiniExamples(mini.MiniExamples__insecure_p1_2()).JML normal_behavior operation contract.0.key 
88185      DEBUG main            d.u.i.k.p.i.AbstractProblemLoader Environment load took 319.9ns 
88186      INFO  main            d.u.i.k.p.i.AbstractProblemLoader Creating init config 
90772      DEBUG main            d.u.i.k.p.i.AbstractProblemLoader Init config took 2.59s 
90805      INFO  main            d.u.i.k.p.i.AbstractProblemLoader Replaying proof mini.MiniExamples[mini.MiniExamples::insecure_p1_2()].JML normal_behavior operation contract.0 
90807      DEBUG main            d.u.i.k.p.i.IntermediateProofReplayer Proof replay took 13.2ns 
90909      INFO  main            d.u.i.k.p.r.p.TestFile    ... finished proof: closed. 
91111      INFO  main            d.u.i.k.p.r.p.TestFile    Now processing file /home/runner/work/key/key/key.core/../key.ui/examples/InformationFlow/MiniExamples/mini.MiniExamples(mini.MiniExamples__insecure_p1_1()).JML normal_behavior operation contract.0.key 
91111      INFO  main            d.u.i.k.p.i.AbstractProblemLoader Loading environment from /home/runner/work/key/key/key.core/../key.ui/examples/InformationFlow/MiniExamples/mini.MiniExamples(mini.MiniExamples__insecure_p1_1()).JML normal_behavior operation contract.0.key 
91111      DEBUG main            d.u.i.k.p.i.AbstractProblemLoader Environment load took 61.8ns 
91112      INFO  main            d.u.i.k.p.i.AbstractProblemLoader Creating init config 
93636      DEBUG main            d.u.i.k.p.i.AbstractProblemLoader Init config took 2.52s 
93673      INFO  main            d.u.i.k.p.i.AbstractProblemLoader Replaying proof mini.MiniExamples[mini.MiniExamples::insecure_p1_1()].JML normal_behavior operation contract.0 
93675      DEBUG main            d.u.i.k.p.i.IntermediateProofReplayer Proof replay took 14.4ns 
93777      INFO  main            d.u.i.k.p.r.p.TestFile    ... finished proof: closed. 
455909     INFO  Test worker     d.u.i.k.p.r.RunAllProofsTestUnit Returning from test MiniExamples 
455911     INFO  Test worker     d.u.i.k.p.r.RunAllProofsTestUnit Running test NewObjects 
322        INFO  Timeout watchdog d.u.i.k.p.r.p.ForkedTestFileRunner Timeout watcher launched (1000 secs.) 
350        WARN  main            d.u.i.k.s.ProofSettings   The settings in /home/runner/.key/proof-settings.props are *not* read. 
377        INFO  main            d.u.i.k.p.r.p.TestFile    Now processing file /home/runner/work/key/key/key.core/../key.ui/examples/InformationFlow/NewObjects/object.AmtoftBanerjee3(object.AmtoftBanerjee3__m()).JML operation contract.0.key 
497        INFO  main            d.u.i.k.p.i.AbstractProblemLoader Loading environment from /home/runner/work/key/key/key.core/../key.ui/examples/InformationFlow/NewObjects/object.AmtoftBanerjee3(object.AmtoftBanerjee3__m()).JML operation contract.0.key 
515        DEBUG main            d.u.i.k.p.i.AbstractProblemLoader Environment load took 1.95ms 
735        INFO  main            d.u.i.k.p.i.AbstractProblemLoader Creating init config 
1458       DEBUG main            d.u.i.k.j.TypeConverter   No LDT found for Meta 
1458       DEBUG main            d.u.i.k.j.TypeConverter   No LDT found for Meta 
1459       DEBUG main            d.u.i.k.j.TypeConverter   No LDT found for Meta 
1459       DEBUG main            d.u.i.k.j.TypeConverter   No LDT found for Meta 
2979       DEBUG main            d.u.i.k.j.TypeConverter   No LDT found for JavaBigintExpression 
5706       DEBUG main            d.u.i.k.j.r.ClassPreparationMethodBuilder clPrepBuilder: Inner Class detected. Reject building class initialisation methods. 
8067       DEBUG main            d.u.i.k.p.i.AbstractProblemLoader Init config took 7.33s 
8252       INFO  main            d.u.i.k.p.i.AbstractProblemLoader Replaying proof object.AmtoftBanerjee3[object.AmtoftBanerjee3::m()].JML operation contract.0 
8318       DEBUG main            d.u.i.k.p.i.IntermediateProofReplayer Proof replay took 295.9ns 
8860       INFO  main            d.u.i.k.p.r.p.TestFile    ... finished proof: closed. 
8966       INFO  main            d.u.i.k.p.r.p.TestFile    Now processing file /home/runner/work/key/key/key.core/../key.ui/examples/InformationFlow/NewObjects/object.AmtoftBanerjee(object.AmtoftBanerjee__m_2()).JML normal_behavior operation contract.0.key 
8966       INFO  main            d.u.i.k.p.i.AbstractProblemLoader Loading environment from /home/runner/work/key/key/key.core/../key.ui/examples/InformationFlow/NewObjects/object.AmtoftBanerjee(object.AmtoftBanerjee__m_2()).JML normal_behavior operation contract.0.key 
8967       DEBUG main            d.u.i.k.p.i.AbstractProblemLoader Environment load took 566.21ns 
8969       INFO  main            d.u.i.k.p.i.AbstractProblemLoader Creating init config 
9958       DEBUG main            d.u.i.k.j.r.ClassPreparationMethodBuilder clPrepBuilder: Inner Class detected. Reject building class initialisation methods. 
12044      DEBUG main            d.u.i.k.p.i.AbstractProblemLoader Init config took 3.07s 
12109      INFO  main            d.u.i.k.p.i.AbstractProblemLoader Replaying proof object.AmtoftBanerjee[object.AmtoftBanerjee::m_2()].JML normal_behavior operation contract.0 
12113      DEBUG main            d.u.i.k.p.i.IntermediateProofReplayer Proof replay took 13.4ns 
12618      INFO  main            d.u.i.k.p.r.p.TestFile    ... finished proof: closed. 
12751      INFO  main            d.u.i.k.p.r.p.TestFile    Now processing file /home/runner/work/key/key/key.core/../key.ui/examples/InformationFlow/NewObjects/object.AmtoftBanerjee(object.AmtoftBanerjee__m_1()).JML normal_behavior operation contract.1.key 
12752      INFO  main            d.u.i.k.p.i.AbstractProblemLoader Loading environment from /home/runner/work/key/key/key.core/../key.ui/examples/InformationFlow/NewObjects/object.AmtoftBanerjee(object.AmtoftBanerjee__m_1()).JML normal_behavior operation contract.1.key 
12752      DEBUG main            d.u.i.k.p.i.AbstractProblemLoader Environment load took 131.3ns 
12754      INFO  main            d.u.i.k.p.i.AbstractProblemLoader Creating init config 
13675      DEBUG main            d.u.i.k.j.r.ClassPreparationMethodBuilder clPrepBuilder: Inner Class detected. Reject building class initialisation methods. 
15587      DEBUG main            d.u.i.k.p.i.AbstractProblemLoader Init config took 2.83s 
15645      INFO  main            d.u.i.k.p.i.AbstractProblemLoader Replaying proof object.AmtoftBanerjee[object.AmtoftBanerjee::m_1()].JML normal_behavior operation contract.1 
15649      DEBUG main            d.u.i.k.p.i.IntermediateProofReplayer Proof replay took 14.1ns 
15852      INFO  main            d.u.i.k.p.r.p.TestFile    ... finished proof: closed. 
15979      INFO  main            d.u.i.k.p.r.p.TestFile    Now processing file /home/runner/work/key/key/key.core/../key.ui/examples/InformationFlow/NewObjects/object.AmtoftBanerjee(object.AmtoftBanerjee__m_1()).JML normal_behavior operation contract.0.key 
15980      INFO  main            d.u.i.k.p.i.AbstractProblemLoader Loading environment from /home/runner/work/key/key/key.core/../key.ui/examples/InformationFlow/NewObjects/object.AmtoftBanerjee(object.AmtoftBanerjee__m_1()).JML normal_behavior operation contract.0.key 
15980      DEBUG main            d.u.i.k.p.i.AbstractProblemLoader Environment load took 74.2ns 
15982      INFO  main            d.u.i.k.p.i.AbstractProblemLoader Creating init config 
16866      DEBUG main            d.u.i.k.j.r.ClassPreparationMethodBuilder clPrepBuilder: Inner Class detected. Reject building class initialisation methods. 
18773      DEBUG main            d.u.i.k.p.i.AbstractProblemLoader Init config took 2.79s 
18829      INFO  main            d.u.i.k.p.i.AbstractProblemLoader Replaying proof object.AmtoftBanerjee[object.AmtoftBanerjee::m_1()].JML normal_behavior operation contract.0 
18834      DEBUG main            d.u.i.k.p.i.IntermediateProofReplayer Proof replay took 12.2ns 
19037      INFO  main            d.u.i.k.p.r.p.TestFile    ... finished proof: closed. 
19184      INFO  main            d.u.i.k.p.r.p.TestFile    Now processing file /home/runner/work/key/key/key.core/../key.ui/examples/InformationFlow/NewObjects/object.AmtoftBanerjee(object.AmtoftBanerjee__getQ()).JML normal_behavior operation contract.0.key 
19184      INFO  main            d.u.i.k.p.i.AbstractProblemLoader Loading environment from /home/runner/work/key/key/key.core/../key.ui/examples/InformationFlow/NewObjects/object.AmtoftBanerjee(object.AmtoftBanerjee__getQ()).JML normal_behavior operation contract.0.key 
19184      DEBUG main            d.u.i.k.p.i.AbstractProblemLoader Environment load took 80.7ns 
19185      INFO  main            d.u.i.k.p.i.AbstractProblemLoader Creating init config 
20137      DEBUG main            d.u.i.k.j.r.ClassPreparationMethodBuilder clPrepBuilder: Inner Class detected. Reject building class initialisation methods. 
22016      DEBUG main            d.u.i.k.p.i.AbstractProblemLoader Init config took 2.83s 
22064      INFO  main            d.u.i.k.p.i.AbstractProblemLoader Replaying proof object.AmtoftBanerjee[object.AmtoftBanerjee::getQ()].JML normal_behavior operation contract.0 
22067      DEBUG main            d.u.i.k.p.i.IntermediateProofReplayer Proof replay took 13.2ns 
22173      INFO  main            d.u.i.k.p.r.p.TestFile    ... finished proof: closed. 
22299      INFO  main            d.u.i.k.p.r.p.TestFile    Now processing file /home/runner/work/key/key/key.core/../key.ui/examples/InformationFlow/NewObjects/object.Naumann(object.Naumann__Pair_m(int,int)).JML operation contract.0.key 
22299      INFO  main            d.u.i.k.p.i.AbstractProblemLoader Loading environment from /home/runner/work/key/key/key.core/../key.ui/examples/InformationFlow/NewObjects/object.Naumann(object.Naumann__Pair_m(int,int)).JML operation contract.0.key 
22299      DEBUG main            d.u.i.k.p.i.AbstractProblemLoader Environment load took 287.8ns 
22303      INFO  main            d.u.i.k.p.i.AbstractProblemLoader Creating init config 
23179      DEBUG main            d.u.i.k.j.r.ClassPreparationMethodBuilder clPrepBuilder: Inner Class detected. Reject building class initialisation methods. 
25021      DEBUG main            d.u.i.k.p.i.AbstractProblemLoader Init config took 2.72s 
25070      INFO  main            d.u.i.k.p.i.AbstractProblemLoader Replaying proof object.Naumann[object.Naumann::Pair_m(int,int)].JML operation contract.0 
25072      DEBUG main            d.u.i.k.p.i.IntermediateProofReplayer Proof replay took 14ns 
26683      INFO  main            d.u.i.k.p.r.p.TestFile    ... finished proof: closed. 
26863      INFO  main            d.u.i.k.p.r.p.TestFile    Now processing file /home/runner/work/key/key/key.core/../key.ui/examples/InformationFlow/NewObjects/object.ObjectOrientation(object.ObjectOrientation__secure_while_i((Ljava.lang.Object)).JML operation contract.0.key 
26865      INFO  main            d.u.i.k.p.i.AbstractProblemLoader Loading environment from /home/runner/work/key/key/key.core/../key.ui/examples/InformationFlow/NewObjects/object.ObjectOrientation(object.ObjectOrientation__secure_while_i((Ljava.lang.Object)).JML operation contract.0.key 
26865      DEBUG main            d.u.i.k.p.i.AbstractProblemLoader Environment load took 108.1ns 
26866      INFO  main            d.u.i.k.p.i.AbstractProblemLoader Creating init config 
27733      DEBUG main            d.u.i.k.j.r.ClassPreparationMethodBuilder clPrepBuilder: Inner Class detected. Reject building class initialisation methods. 
29573      DEBUG main            d.u.i.k.p.i.AbstractProblemLoader Init config took 2.71s 
29621      INFO  main            d.u.i.k.p.i.AbstractProblemLoader Replaying proof object.ObjectOrientation[object.ObjectOrientation::secure_while_i([Ljava.lang.Object)].JML operation contract.0 
29624      DEBUG main            d.u.i.k.p.i.IntermediateProofReplayer Proof replay took 13.4ns 
30231      INFO  main            d.u.i.k.p.r.p.TestFile    ... finished proof: closed. 
30410      INFO  main            d.u.i.k.p.r.p.TestFile    Now processing file /home/runner/work/key/key/key.core/../key.ui/examples/InformationFlow/NewObjects/object.ObjectOrientation(object.ObjectOrientation__secure_method_call()).JML operation contract.0.key 
30410      INFO  main            d.u.i.k.p.i.AbstractProblemLoader Loading environment from /home/runner/work/key/key/key.core/../key.ui/examples/InformationFlow/NewObjects/object.ObjectOrientation(object.ObjectOrientation__secure_method_call()).JML operation contract.0.key 
30411      DEBUG main            d.u.i.k.p.i.AbstractProblemLoader Environment load took 76.1ns 
30411      INFO  main            d.u.i.k.p.i.AbstractProblemLoader Creating init config 
31279      DEBUG main            d.u.i.k.j.r.ClassPreparationMethodBuilder clPrepBuilder: Inner Class detected. Reject building class initialisation methods. 
33090      DEBUG main            d.u.i.k.p.i.AbstractProblemLoader Init config took 2.68s 
33142      INFO  main            d.u.i.k.p.i.AbstractProblemLoader Replaying proof object.ObjectOrientation[object.ObjectOrientation::secure_method_call()].JML operation contract.0 
33145      DEBUG main            d.u.i.k.p.i.IntermediateProofReplayer Proof replay took 13.8ns 
33247      INFO  main            d.u.i.k.p.r.p.TestFile    ... finished proof: closed. 
33421      INFO  main            d.u.i.k.p.r.p.TestFile    Now processing file /home/runner/work/key/key/key.core/../key.ui/examples/InformationFlow/NewObjects/object.ObjectOrientation(object.ObjectOrientation__if_two_object_creation_next()).JML operation contract.1.key 
33421      INFO  main            d.u.i.k.p.i.AbstractProblemLoader Loading environment from /home/runner/work/key/key/key.core/../key.ui/examples/InformationFlow/NewObjects/object.ObjectOrientation(object.ObjectOrientation__if_two_object_creation_next()).JML operation contract.1.key 
33422      DEBUG main            d.u.i.k.p.i.AbstractProblemLoader Environment load took 609.21ns 
33423      INFO  main            d.u.i.k.p.i.AbstractProblemLoader Creating init config 
34270      DEBUG main            d.u.i.k.j.r.ClassPreparationMethodBuilder clPrepBuilder: Inner Class detected. Reject building class initialisation methods. 
36112      DEBUG main            d.u.i.k.p.i.AbstractProblemLoader Init config took 2.69s 
36158      INFO  main            d.u.i.k.p.i.AbstractProblemLoader Replaying proof object.ObjectOrientation[object.ObjectOrientation::if_two_object_creation_next()].JML operation contract.1 
36160      DEBUG main            d.u.i.k.p.i.IntermediateProofReplayer Proof replay took 13.4ns 
37065      INFO  main            d.u.i.k.p.r.p.TestFile    ... finished proof: closed. 
37258      INFO  main            d.u.i.k.p.r.p.TestFile    Now processing file /home/runner/work/key/key/key.core/../key.ui/examples/InformationFlow/NewObjects/object.ObjectOrientation(object.ObjectOrientation__if_two_object_creation_next()).JML operation contract.0.key 
37258      INFO  main            d.u.i.k.p.i.AbstractProblemLoader Loading environment from /home/runner/work/key/key/key.core/../key.ui/examples/InformationFlow/NewObjects/object.ObjectOrientation(object.ObjectOrientation__if_two_object_creation_next()).JML operation contract.0.key 
37258      DEBUG main            d.u.i.k.p.i.AbstractProblemLoader Environment load took 82.4ns 
37259      INFO  main            d.u.i.k.p.i.AbstractProblemLoader Creating init config 
38070      DEBUG main            d.u.i.k.j.r.ClassPreparationMethodBuilder clPrepBuilder: Inner Class detected. Reject building class initialisation methods. 
39871      DEBUG main            d.u.i.k.p.i.AbstractProblemLoader Init config took 2.61s 
39929      INFO  main            d.u.i.k.p.i.AbstractProblemLoader Replaying proof object.ObjectOrientation[object.ObjectOrientation::if_two_object_creation_next()].JML operation contract.0 
39931      DEBUG main            d.u.i.k.p.i.IntermediateProofReplayer Proof replay took 13.5ns 
40741      INFO  main            d.u.i.k.p.r.p.TestFile    ... finished proof: closed. 
40939      INFO  main            d.u.i.k.p.r.p.TestFile    Now processing file /home/runner/work/key/key/key.core/../key.ui/examples/InformationFlow/NewObjects/object.ObjectOrientation(object.ObjectOrientation__secure_if_two_object_creation()).JML operation contract.0.key 
40939      INFO  main            d.u.i.k.p.i.AbstractProblemLoader Loading environment from /home/runner/work/key/key/key.core/../key.ui/examples/InformationFlow/NewObjects/object.ObjectOrientation(object.ObjectOrientation__secure_if_two_object_creation()).JML operation contract.0.key 
40939      DEBUG main            d.u.i.k.p.i.AbstractProblemLoader Environment load took 69.7ns 
40941      INFO  main            d.u.i.k.p.i.AbstractProblemLoader Creating init config 
41795      DEBUG main            d.u.i.k.j.r.ClassPreparationMethodBuilder clPrepBuilder: Inner Class detected. Reject building class initialisation methods. 
43570      DEBUG main            d.u.i.k.p.i.AbstractProblemLoader Init config took 2.63s 
43615      INFO  main            d.u.i.k.p.i.AbstractProblemLoader Replaying proof object.ObjectOrientation[object.ObjectOrientation::secure_if_two_object_creation()].JML operation contract.0 
43618      DEBUG main            d.u.i.k.p.i.IntermediateProofReplayer Proof replay took 12.8ns 
44422      INFO  main            d.u.i.k.p.r.p.TestFile    ... finished proof: closed. 
44620      INFO  main            d.u.i.k.p.r.p.TestFile    Now processing file /home/runner/work/key/key/key.core/../key.ui/examples/InformationFlow/NewObjects/object.ObjectOrientation(object.ObjectOrientation__insecure_two_object_creation()).JML operation contract.0.key 
44620      INFO  main            d.u.i.k.p.i.AbstractProblemLoader Loading environment from /home/runner/work/key/key/key.core/../key.ui/examples/InformationFlow/NewObjects/object.ObjectOrientation(object.ObjectOrientation__insecure_two_object_creation()).JML operation contract.0.key 
44621      DEBUG main            d.u.i.k.p.i.AbstractProblemLoader Environment load took 65.7ns 
44621      INFO  main            d.u.i.k.p.i.AbstractProblemLoader Creating init config 
45432      DEBUG main            d.u.i.k.j.r.ClassPreparationMethodBuilder clPrepBuilder: Inner Class detected. Reject building class initialisation methods. 
47250      DEBUG main            d.u.i.k.p.i.AbstractProblemLoader Init config took 2.63s 
47294      INFO  main            d.u.i.k.p.i.AbstractProblemLoader Replaying proof object.ObjectOrientation[object.ObjectOrientation::insecure_two_object_creation()].JML operation contract.0 
47296      DEBUG main            d.u.i.k.p.i.IntermediateProofReplayer Proof replay took 12.9ns 
47903      INFO  main            d.u.i.k.p.r.p.TestFile    ... finished proof: closed. 
48101      INFO  main            d.u.i.k.p.r.p.TestFile    Now processing file /home/runner/work/key/key/key.core/../key.ui/examples/InformationFlow/NewObjects/object.ObjectOrientation(object.ObjectOrientation__secure_two_object_creation()).JML normal_behavior operation contract.0.key 
48101      INFO  main            d.u.i.k.p.i.AbstractProblemLoader Loading environment from /home/runner/work/key/key/key.core/../key.ui/examples/InformationFlow/NewObjects/object.ObjectOrientation(object.ObjectOrientation__secure_two_object_creation()).JML normal_behavior operation contract.0.key 
48101      DEBUG main            d.u.i.k.p.i.AbstractProblemLoader Environment load took 67.9ns 
48102      INFO  main            d.u.i.k.p.i.AbstractProblemLoader Creating init config 
48965      DEBUG main            d.u.i.k.j.r.ClassPreparationMethodBuilder clPrepBuilder: Inner Class detected. Reject building class initialisation methods. 
50715      DEBUG main            d.u.i.k.p.i.AbstractProblemLoader Init config took 2.61s 
50756      INFO  main            d.u.i.k.p.i.AbstractProblemLoader Replaying proof object.ObjectOrientation[object.ObjectOrientation::secure_two_object_creation()].JML normal_behavior operation contract.0 
50758      DEBUG main            d.u.i.k.p.i.IntermediateProofReplayer Proof replay took 14.7ns 
51161      INFO  main            d.u.i.k.p.r.p.TestFile    ... finished proof: closed. 
51322      INFO  main            d.u.i.k.p.r.p.TestFile    Now processing file /home/runner/work/key/key/key.core/../key.ui/examples/InformationFlow/NewObjects/object.ObjectOrientation(object.ObjectOrientation__insecure_object_assignment()).JML operation contract.1.key 
51322      INFO  main            d.u.i.k.p.i.AbstractProblemLoader Loading environment from /home/runner/work/key/key/key.core/../key.ui/examples/InformationFlow/NewObjects/object.ObjectOrientation(object.ObjectOrientation__insecure_object_assignment()).JML operation contract.1.key 
51323      DEBUG main            d.u.i.k.p.i.AbstractProblemLoader Environment load took 79.1ns 
51323      INFO  main            d.u.i.k.p.i.AbstractProblemLoader Creating init config 
52148      DEBUG main            d.u.i.k.j.r.ClassPreparationMethodBuilder clPrepBuilder: Inner Class detected. Reject building class initialisation methods. 
53953      DEBUG main            d.u.i.k.p.i.AbstractProblemLoader Init config took 2.63s 
54008      INFO  main            d.u.i.k.p.i.AbstractProblemLoader Replaying proof object.ObjectOrientation[object.ObjectOrientation::insecure_object_assignment()].JML operation contract.1 
54011      DEBUG main            d.u.i.k.p.i.IntermediateProofReplayer Proof replay took 13.2ns 
54115      INFO  main            d.u.i.k.p.r.p.TestFile    ... finished proof: closed. 
54275      INFO  main            d.u.i.k.p.r.p.TestFile    Now processing file /home/runner/work/key/key/key.core/../key.ui/examples/InformationFlow/NewObjects/object.ObjectOrientation(object.ObjectOrientation__insecure_object_assignment()).JML operation contract.0.key 
54276      INFO  main            d.u.i.k.p.i.AbstractProblemLoader Loading environment from /home/runner/work/key/key/key.core/../key.ui/examples/InformationFlow/NewObjects/object.ObjectOrientation(object.ObjectOrientation__insecure_object_assignment()).JML operation contract.0.key 
54276      DEBUG main            d.u.i.k.p.i.AbstractProblemLoader Environment load took 160ns 
54277      INFO  main            d.u.i.k.p.i.AbstractProblemLoader Creating init config 
55083      DEBUG main            d.u.i.k.j.r.ClassPreparationMethodBuilder clPrepBuilder: Inner Class detected. Reject building class initialisation methods. 
56919      DEBUG main            d.u.i.k.p.i.AbstractProblemLoader Init config took 2.64s 
56962      INFO  main            d.u.i.k.p.i.AbstractProblemLoader Replaying proof object.ObjectOrientation[object.ObjectOrientation::insecure_object_assignment()].JML operation contract.0 
56964      DEBUG main            d.u.i.k.p.i.IntermediateProofReplayer Proof replay took 15.6ns 
57069      INFO  main            d.u.i.k.p.r.p.TestFile    ... finished proof: closed. 
57231      INFO  main            d.u.i.k.p.r.p.TestFile    Now processing file /home/runner/work/key/key/key.core/../key.ui/examples/InformationFlow/NewObjects/object.ObjectOrientation(object.ObjectOrientation__secure_object_creation_3()).JML operation contract.0.key 
57232      INFO  main            d.u.i.k.p.i.AbstractProblemLoader Loading environment from /home/runner/work/key/key/key.core/../key.ui/examples/InformationFlow/NewObjects/object.ObjectOrientation(object.ObjectOrientation__secure_object_creation_3()).JML operation contract.0.key 
57232      DEBUG main            d.u.i.k.p.i.AbstractProblemLoader Environment load took 150.8ns 
57233      INFO  main            d.u.i.k.p.i.AbstractProblemLoader Creating init config 
58037      DEBUG main            d.u.i.k.j.r.ClassPreparationMethodBuilder clPrepBuilder: Inner Class detected. Reject building class initialisation methods. 
59833      DEBUG main            d.u.i.k.p.i.AbstractProblemLoader Init config took 2.6s 
59892      INFO  main            d.u.i.k.p.i.AbstractProblemLoader Replaying proof object.ObjectOrientation[object.ObjectOrientation::secure_object_creation_3()].JML operation contract.0 
59895      DEBUG main            d.u.i.k.p.i.IntermediateProofReplayer Proof replay took 14.4ns 
60098      INFO  main            d.u.i.k.p.r.p.TestFile    ... finished proof: closed. 
60267      INFO  main            d.u.i.k.p.r.p.TestFile    Now processing file /home/runner/work/key/key/key.core/../key.ui/examples/InformationFlow/NewObjects/object.ObjectOrientation(object.ObjectOrientation__secure_object_creation_2()).JML operation contract.0.key 
60267      INFO  main            d.u.i.k.p.i.AbstractProblemLoader Loading environment from /home/runner/work/key/key/key.core/../key.ui/examples/InformationFlow/NewObjects/object.ObjectOrientation(object.ObjectOrientation__secure_object_creation_2()).JML operation contract.0.key 
60268      DEBUG main            d.u.i.k.p.i.AbstractProblemLoader Environment load took 70.7ns 
60269      INFO  main            d.u.i.k.p.i.AbstractProblemLoader Creating init config 
61077      DEBUG main            d.u.i.k.j.r.ClassPreparationMethodBuilder clPrepBuilder: Inner Class detected. Reject building class initialisation methods. 
62853      DEBUG main            d.u.i.k.p.i.AbstractProblemLoader Init config took 2.58s 
62911      INFO  main            d.u.i.k.p.i.AbstractProblemLoader Replaying proof object.ObjectOrientation[object.ObjectOrientation::secure_object_creation_2()].JML operation contract.0 
62914      DEBUG main            d.u.i.k.p.i.IntermediateProofReplayer Proof replay took 15.2ns 
63118      INFO  main            d.u.i.k.p.r.p.TestFile    ... finished proof: closed. 
63288      INFO  main            d.u.i.k.p.r.p.TestFile    Now processing file /home/runner/work/key/key/key.core/../key.ui/examples/InformationFlow/NewObjects/object.ObjectOrientation(object.ObjectOrientation__secure_object_creation()).JML operation contract.0.key 
63288      INFO  main            d.u.i.k.p.i.AbstractProblemLoader Loading environment from /home/runner/work/key/key/key.core/../key.ui/examples/InformationFlow/NewObjects/object.ObjectOrientation(object.ObjectOrientation__secure_object_creation()).JML operation contract.0.key 
63288      DEBUG main            d.u.i.k.p.i.AbstractProblemLoader Environment load took 80.8ns 
63289      INFO  main            d.u.i.k.p.i.AbstractProblemLoader Creating init config 
64091      DEBUG main            d.u.i.k.j.r.ClassPreparationMethodBuilder clPrepBuilder: Inner Class detected. Reject building class initialisation methods. 
65860      DEBUG main            d.u.i.k.p.i.AbstractProblemLoader Init config took 2.57s 
65915      INFO  main            d.u.i.k.p.i.AbstractProblemLoader Replaying proof object.ObjectOrientation[object.ObjectOrientation::secure_object_creation()].JML operation contract.0 
65917      DEBUG main            d.u.i.k.p.i.IntermediateProofReplayer Proof replay took 13.8ns 
66121      INFO  main            d.u.i.k.p.r.p.TestFile    ... finished proof: closed. 
66293      INFO  main            d.u.i.k.p.r.p.TestFile    Now processing file /home/runner/work/key/key/key.core/../key.ui/examples/InformationFlow/NewObjects/object.AmtoftBanerjee2(object.AmtoftBanerjee2__expensive(int)).JML accessible clause.0.key 
66293      INFO  main            d.u.i.k.p.i.AbstractProblemLoader Loading environment from /home/runner/work/key/key/key.core/../key.ui/examples/InformationFlow/NewObjects/object.AmtoftBanerjee2(object.AmtoftBanerjee2__expensive(int)).JML accessible clause.0.key 
66293      DEBUG main            d.u.i.k.p.i.AbstractProblemLoader Environment load took 104.1ns 
66294      INFO  main            d.u.i.k.p.i.AbstractProblemLoader Creating init config 
67100      DEBUG main            d.u.i.k.j.r.ClassPreparationMethodBuilder clPrepBuilder: Inner Class detected. Reject building class initialisation methods. 
68898      DEBUG main            d.u.i.k.p.i.AbstractProblemLoader Init config took 2.6s 
68950      INFO  main            d.u.i.k.p.i.AbstractProblemLoader Replaying proof object.AmtoftBanerjee2[object.AmtoftBanerjee2::expensive(int)].JML accessible clause.0 
68952      DEBUG main            d.u.i.k.p.i.IntermediateProofReplayer Proof replay took 14ns 
69057      INFO  main            d.u.i.k.p.r.p.TestFile    ... finished proof: closed. 
69241      INFO  main            d.u.i.k.p.r.p.TestFile    Now processing file /home/runner/work/key/key/key.core/../key.ui/examples/InformationFlow/NewObjects/object.AmtoftBanerjee2(object.AmtoftBanerjee2__expensive(int)).JML normal_behavior operation contract.0.key 
69241      INFO  main            d.u.i.k.p.i.AbstractProblemLoader Loading environment from /home/runner/work/key/key/key.core/../key.ui/examples/InformationFlow/NewObjects/object.AmtoftBanerjee2(object.AmtoftBanerjee2__expensive(int)).JML normal_behavior operation contract.0.key 
69241      DEBUG main            d.u.i.k.p.i.AbstractProblemLoader Environment load took 82.4ns 
69242      INFO  main            d.u.i.k.p.i.AbstractProblemLoader Creating init config 
70065      DEBUG main            d.u.i.k.j.r.ClassPreparationMethodBuilder clPrepBuilder: Inner Class detected. Reject building class initialisation methods. 
71814      DEBUG main            d.u.i.k.p.i.AbstractProblemLoader Init config took 2.57s 
71855      INFO  main            d.u.i.k.p.i.AbstractProblemLoader Replaying proof object.AmtoftBanerjee2[object.AmtoftBanerjee2::expensive(int)].JML normal_behavior operation contract.0 
71859      DEBUG main            d.u.i.k.p.i.IntermediateProofReplayer Proof replay took 12.9ns 
71961      INFO  main            d.u.i.k.p.r.p.TestFile    ... finished proof: closed. 
72142      INFO  main            d.u.i.k.p.r.p.TestFile    Now processing file /home/runner/work/key/key/key.core/../key.ui/examples/InformationFlow/NewObjects/object.AmtoftBanerjee2(object.AmtoftBanerjee2__cexp(int)).JML normal_behavior operation contract.0.key 
72142      INFO  main            d.u.i.k.p.i.AbstractProblemLoader Loading environment from /home/runner/work/key/key/key.core/../key.ui/examples/InformationFlow/NewObjects/object.AmtoftBanerjee2(object.AmtoftBanerjee2__cexp(int)).JML normal_behavior operation contract.0.key 
72142      DEBUG main            d.u.i.k.p.i.AbstractProblemLoader Environment load took 75.8ns 
72143      INFO  main            d.u.i.k.p.i.AbstractProblemLoader Creating init config 
72951      DEBUG main            d.u.i.k.j.r.ClassPreparationMethodBuilder clPrepBuilder: Inner Class detected. Reject building class initialisation methods. 
74712      DEBUG main            d.u.i.k.p.i.AbstractProblemLoader Init config took 2.57s 
74750      INFO  main            d.u.i.k.p.i.AbstractProblemLoader Replaying proof object.AmtoftBanerjee2[object.AmtoftBanerjee2::cexp(int)].JML normal_behavior operation contract.0 
74753      DEBUG main            d.u.i.k.p.i.IntermediateProofReplayer Proof replay took 14.5ns 
75056      INFO  main            d.u.i.k.p.r.p.TestFile    ... finished proof: closed. 
75333      INFO  main            d.u.i.k.p.r.p.TestFile    Now processing file /home/runner/work/key/key/key.core/../key.ui/examples/InformationFlow/PasswordFile/passwordfile.SecurePasswordFile(passwordfile.SecurePasswordFile___userIndex()).JML accessible clause.0.key 
75334      INFO  main            d.u.i.k.p.i.AbstractProblemLoader Loading environment from /home/runner/work/key/key/key.core/../key.ui/examples/InformationFlow/PasswordFile/passwordfile.SecurePasswordFile(passwordfile.SecurePasswordFile___userIndex()).JML accessible clause.0.key 
75334      DEBUG main            d.u.i.k.p.i.AbstractProblemLoader Environment load took 75.5ns 
75335      INFO  main            d.u.i.k.p.i.AbstractProblemLoader Creating init config 
77817      DEBUG main            d.u.i.k.p.i.AbstractProblemLoader Init config took 2.48s 
77855      INFO  main            d.u.i.k.p.i.AbstractProblemLoader Replaying proof passwordfile.SecurePasswordFile[passwordfile.SecurePasswordFile::$userIndex()].JML accessible clause.0 
77858      DEBUG main            d.u.i.k.p.i.IntermediateProofReplayer Proof replay took 14.4ns 
77960      INFO  main            d.u.i.k.p.r.p.TestFile    ... finished proof: open goal(s) 
534220     INFO  Test worker     d.u.i.k.p.r.RunAllProofsTestUnit Returning from test NewObjects 
534221     INFO  Test worker     d.u.i.k.p.r.RunAllProofsTestUnit Running test SimpleEvoting 
341        INFO  Timeout watchdog d.u.i.k.p.r.p.ForkedTestFileRunner Timeout watcher launched (1000 secs.) 
346        WARN  main            d.u.i.k.s.ProofSettings   The settings in /home/runner/.key/proof-settings.props are *not* read. 
384        INFO  main            d.u.i.k.p.r.p.TestFile    Now processing file /home/runner/work/key/key/key.core/../key.ui/examples/InformationFlow/SimpleEvoting/simple_evoting.Environment(simple_evoting.Environment__untrustedOutputMessage((B)).JML normal_behavior operation contract.0.key 
540        INFO  main            d.u.i.k.p.i.AbstractProblemLoader Loading environment from /home/runner/work/key/key/key.core/../key.ui/examples/InformationFlow/SimpleEvoting/simple_evoting.Environment(simple_evoting.Environment__untrustedOutputMessage((B)).JML normal_behavior operation contract.0.key 
570        DEBUG main            d.u.i.k.p.i.AbstractProblemLoader Environment load took 3.12ms 
800        INFO  main            d.u.i.k.p.i.AbstractProblemLoader Creating init config 
1640       DEBUG main            d.u.i.k.j.TypeConverter   No LDT found for Meta 
1641       DEBUG main            d.u.i.k.j.TypeConverter   No LDT found for Meta 
1644       DEBUG main            d.u.i.k.j.TypeConverter   No LDT found for Meta 
1644       DEBUG main            d.u.i.k.j.TypeConverter   No LDT found for Meta 
3232       DEBUG main            d.u.i.k.j.TypeConverter   No LDT found for JavaBigintExpression 
8881       DEBUG main            d.u.i.k.p.i.AbstractProblemLoader Init config took 8.08s 
9135       INFO  main            d.u.i.k.p.i.AbstractProblemLoader Replaying proof simple_evoting.Environment[simple_evoting.Environment::untrustedOutputMessage([B)].JML normal_behavior operation contract.0 
9234       DEBUG main            d.u.i.k.p.i.IntermediateProofReplayer Proof replay took 315.5ns 
10671      INFO  main            d.u.i.k.p.r.p.TestFile    ... finished proof: closed. 
10809      INFO  main            d.u.i.k.p.r.p.TestFile    Now processing file /home/runner/work/key/key/key.core/../key.ui/examples/InformationFlow/SimpleEvoting/simple_evoting.Environment(simple_evoting.Environment__untrustedInputMessage((B)).JML normal_behavior operation contract.0.key 
10809      INFO  main            d.u.i.k.p.i.AbstractProblemLoader Loading environment from /home/runner/work/key/key/key.core/../key.ui/examples/InformationFlow/SimpleEvoting/simple_evoting.Environment(simple_evoting.Environment__untrustedInputMessage((B)).JML normal_behavior operation contract.0.key 
10809      DEBUG main            d.u.i.k.p.i.AbstractProblemLoader Environment load took 90.9ns 
10811      INFO  main            d.u.i.k.p.i.AbstractProblemLoader Creating init config 
14293      DEBUG main            d.u.i.k.p.i.AbstractProblemLoader Init config took 3.48s 
14381      INFO  main            d.u.i.k.p.i.AbstractProblemLoader Replaying proof simple_evoting.Environment[simple_evoting.Environment::untrustedInputMessage([B)].JML normal_behavior operation contract.0 
14384      DEBUG main            d.u.i.k.p.i.IntermediateProofReplayer Proof replay took 12.8ns 
14993      INFO  main            d.u.i.k.p.r.p.TestFile    ... finished proof: closed. 
15141      INFO  main            d.u.i.k.p.r.p.TestFile    Now processing file /home/runner/work/key/key/key.core/../key.ui/examples/InformationFlow/SimpleEvoting/simple_evoting.Environment(simple_evoting.Environment__untrustedInputMessage()).JML normal_behavior operation contract.0.key 
15142      INFO  main            d.u.i.k.p.i.AbstractProblemLoader Loading environment from /home/runner/work/key/key/key.core/../key.ui/examples/InformationFlow/SimpleEvoting/simple_evoting.Environment(simple_evoting.Environment__untrustedInputMessage()).JML normal_behavior operation contract.0.key 
15143      DEBUG main            d.u.i.k.p.i.AbstractProblemLoader Environment load took 130.4ns 
15144      INFO  main            d.u.i.k.p.i.AbstractProblemLoader Creating init config 
18429      DEBUG main            d.u.i.k.p.i.AbstractProblemLoader Init config took 3.29s 
18511      INFO  main            d.u.i.k.p.i.AbstractProblemLoader Replaying proof simple_evoting.Environment[simple_evoting.Environment::untrustedInputMessage()].JML normal_behavior operation contract.0 
18514      DEBUG main            d.u.i.k.p.i.IntermediateProofReplayer Proof replay took 13.2ns 
19923      INFO  main            d.u.i.k.p.r.p.TestFile    ... finished proof: closed. 
20087      INFO  main            d.u.i.k.p.r.p.TestFile    Now processing file /home/runner/work/key/key/key.core/../key.ui/examples/InformationFlow/SimpleEvoting/simple_evoting.Environment(simple_evoting.Environment__untrustedOutput(int)).JML normal_behavior operation contract.0.key 
20088      INFO  main            d.u.i.k.p.i.AbstractProblemLoader Loading environment from /home/runner/work/key/key/key.core/../key.ui/examples/InformationFlow/SimpleEvoting/simple_evoting.Environment(simple_evoting.Environment__untrustedOutput(int)).JML normal_behavior operation contract.0.key 
20088      DEBUG main            d.u.i.k.p.i.AbstractProblemLoader Environment load took 69.9ns 
20089      INFO  main            d.u.i.k.p.i.AbstractProblemLoader Creating init config 
23166      DEBUG main            d.u.i.k.p.i.AbstractProblemLoader Init config took 3.08s 
23229      INFO  main            d.u.i.k.p.i.AbstractProblemLoader Replaying proof simple_evoting.Environment[simple_evoting.Environment::untrustedOutput(int)].JML normal_behavior operation contract.0 
23231      DEBUG main            d.u.i.k.p.i.IntermediateProofReplayer Proof replay took 12.3ns 
23337      INFO  main            d.u.i.k.p.r.p.TestFile    ... finished proof: closed. 
23513      INFO  main            d.u.i.k.p.r.p.TestFile    Now processing file /home/runner/work/key/key/key.core/../key.ui/examples/InformationFlow/SimpleEvoting/simple_evoting.Environment(simple_evoting.Environment__untrustedInput(int)).JML normal_behavior operation contract.0.key 
23513      INFO  main            d.u.i.k.p.i.AbstractProblemLoader Loading environment from /home/runner/work/key/key/key.core/../key.ui/examples/InformationFlow/SimpleEvoting/simple_evoting.Environment(simple_evoting.Environment__untrustedInput(int)).JML normal_behavior operation contract.0.key 
23513      DEBUG main            d.u.i.k.p.i.AbstractProblemLoader Environment load took 65.8ns 
23515      INFO  main            d.u.i.k.p.i.AbstractProblemLoader Creating init config 
26580      DEBUG main            d.u.i.k.p.i.AbstractProblemLoader Init config took 3.07s 
26658      INFO  main            d.u.i.k.p.i.AbstractProblemLoader Replaying proof simple_evoting.Environment[simple_evoting.Environment::untrustedInput(int)].JML normal_behavior operation contract.0 
26660      DEBUG main            d.u.i.k.p.i.IntermediateProofReplayer Proof replay took 12.5ns 
26767      INFO  main            d.u.i.k.p.r.p.TestFile    ... finished proof: open goal(s) 
26971      INFO  main            d.u.i.k.p.r.p.TestFile    Now processing file /home/runner/work/key/key/key.core/../key.ui/examples/InformationFlow/SimpleEvoting/simple_evoting.Environment(simple_evoting.Environment__untrustedInput()).JML normal_behavior operation contract.0.key 
26972      INFO  main            d.u.i.k.p.i.AbstractProblemLoader Loading environment from /home/runner/work/key/key/key.core/../key.ui/examples/InformationFlow/SimpleEvoting/simple_evoting.Environment(simple_evoting.Environment__untrustedInput()).JML normal_behavior operation contract.0.key 
26973      DEBUG main            d.u.i.k.p.i.AbstractProblemLoader Environment load took 79.6ns 
26975      INFO  main            d.u.i.k.p.i.AbstractProblemLoader Creating init config 
30061      DEBUG main            d.u.i.k.p.i.AbstractProblemLoader Init config took 3.09s 
30123      INFO  main            d.u.i.k.p.i.AbstractProblemLoader Replaying proof simple_evoting.Environment[simple_evoting.Environment::untrustedInput()].JML normal_behavior operation contract.0 
30126      DEBUG main            d.u.i.k.p.i.IntermediateProofReplayer Proof replay took 12.3ns 
30230      INFO  main            d.u.i.k.p.r.p.TestFile    ... finished proof: open goal(s) 
30368      INFO  main            d.u.i.k.p.r.p.TestFile    Now processing file /home/runner/work/key/key/key.core/../key.ui/examples/InformationFlow/SimpleEvoting/simple_evoting.Environment(simple_evoting.Environment___rep()).JML accessible clause.0.key 
30369      INFO  main            d.u.i.k.p.i.AbstractProblemLoader Loading environment from /home/runner/work/key/key/key.core/../key.ui/examples/InformationFlow/SimpleEvoting/simple_evoting.Environment(simple_evoting.Environment___rep()).JML accessible clause.0.key 
30369      DEBUG main            d.u.i.k.p.i.AbstractProblemLoader Environment load took 113.5ns 
30370      INFO  main            d.u.i.k.p.i.AbstractProblemLoader Creating init config 
33453      DEBUG main            d.u.i.k.p.i.AbstractProblemLoader Init config took 3.08s 
33511      INFO  main            d.u.i.k.p.i.AbstractProblemLoader Replaying proof simple_evoting.Environment[simple_evoting.Environment::$rep()].JML accessible clause.0 
33514      DEBUG main            d.u.i.k.p.i.IntermediateProofReplayer Proof replay took 11.7ns 
33617      INFO  main            d.u.i.k.p.r.p.TestFile    ... finished proof: closed. 
33805      INFO  main            d.u.i.k.p.r.p.TestFile    Now processing file /home/runner/work/key/key/key.core/../key.ui/examples/InformationFlow/SimpleEvoting/simple_evoting.SMT(simple_evoting.SMT__send(simple_evoting.Message,int,simple_evoting.Server)).JML normal_behavior operation contract.1.key 
33806      INFO  main            d.u.i.k.p.i.AbstractProblemLoader Loading environment from /home/runner/work/key/key/key.core/../key.ui/examples/InformationFlow/SimpleEvoting/simple_evoting.SMT(simple_evoting.SMT__send(simple_evoting.Message,int,simple_evoting.Server)).JML normal_behavior operation contract.1.key 
33806      DEBUG main            d.u.i.k.p.i.AbstractProblemLoader Environment load took 107ns 
33807      INFO  main            d.u.i.k.p.i.AbstractProblemLoader Creating init config 
36880      DEBUG main            d.u.i.k.p.i.AbstractProblemLoader Init config took 3.07s 
36936      INFO  main            d.u.i.k.p.i.AbstractProblemLoader Replaying proof simple_evoting.SMT[simple_evoting.SMT::send(simple_evoting.Message,int,simple_evoting.Server)].JML normal_behavior operation contract.1 
36939      DEBUG main            d.u.i.k.p.i.IntermediateProofReplayer Proof replay took 12.2ns 
49278      INFO  main            d.u.i.k.p.r.p.TestFile    ... finished proof: closed. 
49498      INFO  main            d.u.i.k.p.r.p.TestFile    Now processing file /home/runner/work/key/key/key.core/../key.ui/examples/InformationFlow/SimpleEvoting/simple_evoting.SMT(simple_evoting.SMT__send(simple_evoting.Message,int,simple_evoting.Server)).JML normal_behavior operation contract.0.key 
49499      INFO  main            d.u.i.k.p.i.AbstractProblemLoader Loading environment from /home/runner/work/key/key/key.core/../key.ui/examples/InformationFlow/SimpleEvoting/simple_evoting.SMT(simple_evoting.SMT__send(simple_evoting.Message,int,simple_evoting.Server)).JML normal_behavior operation contract.0.key 
49499      DEBUG main            d.u.i.k.p.i.AbstractProblemLoader Environment load took 64.3ns 
49501      INFO  main            d.u.i.k.p.i.AbstractProblemLoader Creating init config 
52544      DEBUG main            d.u.i.k.p.i.AbstractProblemLoader Init config took 3.04s 
52599      INFO  main            d.u.i.k.p.i.AbstractProblemLoader Replaying proof simple_evoting.SMT[simple_evoting.SMT::send(simple_evoting.Message,int,simple_evoting.Server)].JML normal_behavior operation contract.0 
52602      DEBUG main            d.u.i.k.p.i.IntermediateProofReplayer Proof replay took 13.5ns 
62434      INFO  main            d.u.i.k.p.r.p.TestFile    ... finished proof: closed. 
62632      INFO  main            d.u.i.k.p.r.p.TestFile    Now processing file /home/runner/work/key/key/key.core/../key.ui/examples/InformationFlow/SimpleEvoting/simple_evoting.Message(java.lang.Object___inv_()).JML accessible clause.0.key 
62633      INFO  main            d.u.i.k.p.i.AbstractProblemLoader Loading environment from /home/runner/work/key/key/key.core/../key.ui/examples/InformationFlow/SimpleEvoting/simple_evoting.Message(java.lang.Object___inv_()).JML accessible clause.0.key 
62633      DEBUG main            d.u.i.k.p.i.AbstractProblemLoader Environment load took 510.91ns 
62634      INFO  main            d.u.i.k.p.i.AbstractProblemLoader Creating init config 
65649      DEBUG main            d.u.i.k.p.i.AbstractProblemLoader Init config took 3.01s 
65702      INFO  main            d.u.i.k.p.i.AbstractProblemLoader Replaying proof simple_evoting.Message[java.lang.Object::<inv>()].JML accessible clause.0 
65705      DEBUG main            d.u.i.k.p.i.IntermediateProofReplayer Proof replay took 13.5ns 
65907      INFO  main            d.u.i.k.p.r.p.TestFile    ... finished proof: closed. 
66073      INFO  main            d.u.i.k.p.r.p.TestFile    Now processing file /home/runner/work/key/key/key.core/../key.ui/examples/InformationFlow/SimpleEvoting/simple_evoting.Server(simple_evoting.Server__resultReady()).JML accessible clause.0.key 
66073      INFO  main            d.u.i.k.p.i.AbstractProblemLoader Loading environment from /home/runner/work/key/key/key.core/../key.ui/examples/InformationFlow/SimpleEvoting/simple_evoting.Server(simple_evoting.Server__resultReady()).JML accessible clause.0.key 
66074      DEBUG main            d.u.i.k.p.i.AbstractProblemLoader Environment load took 471.51ns 
66075      INFO  main            d.u.i.k.p.i.AbstractProblemLoader Creating init config 
69087      DEBUG main            d.u.i.k.p.i.AbstractProblemLoader Init config took 3.01s 
69138      INFO  main            d.u.i.k.p.i.AbstractProblemLoader Replaying proof simple_evoting.Server[simple_evoting.Server::resultReady()].JML accessible clause.0 
69142      DEBUG main            d.u.i.k.p.i.IntermediateProofReplayer Proof replay took 13ns 
70649      INFO  main            d.u.i.k.p.r.p.TestFile    ... finished proof: closed. 
70841      INFO  main            d.u.i.k.p.r.p.TestFile    Now processing file /home/runner/work/key/key/key.core/../key.ui/examples/InformationFlow/SimpleEvoting/simple_evoting.Server(simple_evoting.Server__resultReady()).JML normal_behavior operation contract.0.key 
70841      INFO  main            d.u.i.k.p.i.AbstractProblemLoader Loading environment from /home/runner/work/key/key/key.core/../key.ui/examples/InformationFlow/SimpleEvoting/simple_evoting.Server(simple_evoting.Server__resultReady()).JML normal_behavior operation contract.0.key 
70842      DEBUG main            d.u.i.k.p.i.AbstractProblemLoader Environment load took 76ns 
70843      INFO  main            d.u.i.k.p.i.AbstractProblemLoader Creating init config 
73819      DEBUG main            d.u.i.k.p.i.AbstractProblemLoader Init config took 2.98s 
73869      INFO  main            d.u.i.k.p.i.AbstractProblemLoader Replaying proof simple_evoting.Server[simple_evoting.Server::resultReady()].JML normal_behavior operation contract.0 
73871      DEBUG main            d.u.i.k.p.i.IntermediateProofReplayer Proof replay took 12.1ns 
74575      INFO  main            d.u.i.k.p.r.p.TestFile    ... finished proof: closed. 
74771      INFO  main            d.u.i.k.p.r.p.TestFile    Now processing file /home/runner/work/key/key/key.core/../key.ui/examples/InformationFlow/SimpleEvoting/simple_evoting.Server(simple_evoting.Server__onSendResult()).JML normal_behavior operation contract.0.key 
74772      INFO  main            d.u.i.k.p.i.AbstractProblemLoader Loading environment from /home/runner/work/key/key/key.core/../key.ui/examples/InformationFlow/SimpleEvoting/simple_evoting.Server(simple_evoting.Server__onSendResult()).JML normal_behavior operation contract.0.key 
74772      DEBUG main            d.u.i.k.p.i.AbstractProblemLoader Environment load took 67.6ns 
74773      INFO  main            d.u.i.k.p.i.AbstractProblemLoader Creating init config 
77785      DEBUG main            d.u.i.k.p.i.AbstractProblemLoader Init config took 3.01s 
77834      INFO  main            d.u.i.k.p.i.AbstractProblemLoader Replaying proof simple_evoting.Server[simple_evoting.Server::onSendResult()].JML normal_behavior operation contract.0 
77837      DEBUG main            d.u.i.k.p.i.IntermediateProofReplayer Proof replay took 12.9ns 
78042      INFO  main            d.u.i.k.p.r.p.TestFile    ... finished proof: closed. 
78229      INFO  main            d.u.i.k.p.r.p.TestFile    Now processing file /home/runner/work/key/key/key.core/../key.ui/examples/InformationFlow/SimpleEvoting/simple_evoting.Server(simple_evoting.Server__onCollectBallot(simple_evoting.Message)).JML normal_behavior operation contract.1.key 
78229      INFO  main            d.u.i.k.p.i.AbstractProblemLoader Loading environment from /home/runner/work/key/key/key.core/../key.ui/examples/InformationFlow/SimpleEvoting/simple_evoting.Server(simple_evoting.Server__onCollectBallot(simple_evoting.Message)).JML normal_behavior operation contract.1.key 
78229      DEBUG main            d.u.i.k.p.i.AbstractProblemLoader Environment load took 62.1ns 
78230      INFO  main            d.u.i.k.p.i.AbstractProblemLoader Creating init config 
81190      DEBUG main            d.u.i.k.p.i.AbstractProblemLoader Init config took 2.96s 
81238      INFO  main            d.u.i.k.p.i.AbstractProblemLoader Replaying proof simple_evoting.Server[simple_evoting.Server::onCollectBallot(simple_evoting.Message)].JML normal_behavior operation contract.1 
81240      DEBUG main            d.u.i.k.p.i.IntermediateProofReplayer Proof replay took 13.9ns 
81545      INFO  main            d.u.i.k.p.r.p.TestFile    ... finished proof: closed. 
81709      INFO  main            d.u.i.k.p.r.p.TestFile    Now processing file /home/runner/work/key/key/key.core/../key.ui/examples/InformationFlow/SimpleEvoting/simple_evoting.Server(simple_evoting.Server__onCollectBallot(simple_evoting.Message)).JML normal_behavior operation contract.0.key 
81710      INFO  main            d.u.i.k.p.i.AbstractProblemLoader Loading environment from /home/runner/work/key/key/key.core/../key.ui/examples/InformationFlow/SimpleEvoting/simple_evoting.Server(simple_evoting.Server__onCollectBallot(simple_evoting.Message)).JML normal_behavior operation contract.0.key 
81710      DEBUG main            d.u.i.k.p.i.AbstractProblemLoader Environment load took 75.7ns 
81711      INFO  main            d.u.i.k.p.i.AbstractProblemLoader Creating init config 
84693      DEBUG main            d.u.i.k.p.i.AbstractProblemLoader Init config took 2.98s 
84742      INFO  main            d.u.i.k.p.i.AbstractProblemLoader Replaying proof simple_evoting.Server[simple_evoting.Server::onCollectBallot(simple_evoting.Message)].JML normal_behavior operation contract.0 
84744      DEBUG main            d.u.i.k.p.i.IntermediateProofReplayer Proof replay took 15.8ns 
85347      INFO  main            d.u.i.k.p.r.p.TestFile    ... finished proof: closed. 
85541      INFO  main            d.u.i.k.p.r.p.TestFile    Now processing file /home/runner/work/key/key/key.core/../key.ui/examples/InformationFlow/SimpleEvoting/simple_evoting.Server(java.lang.Object___inv_()).JML accessible clause.0.key 
85541      INFO  main            d.u.i.k.p.i.AbstractProblemLoader Loading environment from /home/runner/work/key/key/key.core/../key.ui/examples/InformationFlow/SimpleEvoting/simple_evoting.Server(java.lang.Object___inv_()).JML accessible clause.0.key 
85541      DEBUG main            d.u.i.k.p.i.AbstractProblemLoader Environment load took 62.5ns 
85542      INFO  main            d.u.i.k.p.i.AbstractProblemLoader Creating init config 
88540      DEBUG main            d.u.i.k.p.i.AbstractProblemLoader Init config took 3s 
88588      INFO  main            d.u.i.k.p.i.AbstractProblemLoader Replaying proof simple_evoting.Server[java.lang.Object::<inv>()].JML accessible clause.0 
88590      DEBUG main            d.u.i.k.p.i.IntermediateProofReplayer Proof replay took 12.5ns 
88793      INFO  main            d.u.i.k.p.r.p.TestFile    ... finished proof: closed. 
88977      INFO  main            d.u.i.k.p.r.p.TestFile    Now processing file /home/runner/work/key/key/key.core/../key.ui/examples/InformationFlow/SimpleEvoting/simple_evoting.SMTEnv(simple_evoting.SMTEnv__send(int,int,int,simple_evoting.Server,int)).JML normal_behavior operation contract.0.key 
88977      INFO  main            d.u.i.k.p.i.AbstractProblemLoader Loading environment from /home/runner/work/key/key/key.core/../key.ui/examples/InformationFlow/SimpleEvoting/simple_evoting.SMTEnv(simple_evoting.SMTEnv__send(int,int,int,simple_evoting.Server,int)).JML normal_behavior operation contract.0.key 
88977      DEBUG main            d.u.i.k.p.i.AbstractProblemLoader Environment load took 61.1ns 
88978      INFO  main            d.u.i.k.p.i.AbstractProblemLoader Creating init config 
91947      DEBUG main            d.u.i.k.p.i.AbstractProblemLoader Init config took 2.97s 
91995      INFO  main            d.u.i.k.p.i.AbstractProblemLoader Replaying proof simple_evoting.SMTEnv[simple_evoting.SMTEnv::send(int,int,int,simple_evoting.Server,int)].JML normal_behavior operation contract.0 
91998      DEBUG main            d.u.i.k.p.i.IntermediateProofReplayer Proof replay took 14.4ns 
92302      INFO  main            d.u.i.k.p.r.p.TestFile    ... finished proof: closed. 
92497      INFO  main            d.u.i.k.p.r.p.TestFile    Now processing file /home/runner/work/key/key/key.core/../key.ui/examples/InformationFlow/SimpleEvoting/simple_evoting.NetworkClient(simple_evoting.NetworkClient__send((B,simple_evoting.Server,int)).JML normal_behavior operation contract.0.key 
92497      INFO  main            d.u.i.k.p.i.AbstractProblemLoader Loading environment from /home/runner/work/key/key/key.core/../key.ui/examples/InformationFlow/SimpleEvoting/simple_evoting.NetworkClient(simple_evoting.NetworkClient__send((B,simple_evoting.Server,int)).JML normal_behavior operation contract.0.key 
92497      DEBUG main            d.u.i.k.p.i.AbstractProblemLoader Environment load took 72.5ns 
92499      INFO  main            d.u.i.k.p.i.AbstractProblemLoader Creating init config 
95455      DEBUG main            d.u.i.k.p.i.AbstractProblemLoader Init config took 2.96s 
95502      INFO  main            d.u.i.k.p.i.AbstractProblemLoader Replaying proof simple_evoting.NetworkClient[simple_evoting.NetworkClient::send([B,simple_evoting.Server,int)].JML normal_behavior operation contract.0 
95505      DEBUG main            d.u.i.k.p.i.IntermediateProofReplayer Proof replay took 12.8ns 
95609      INFO  main            d.u.i.k.p.r.p.TestFile    ... finished proof: closed. 
95797      INFO  main            d.u.i.k.p.r.p.TestFile    Now processing file /home/runner/work/key/key/key.core/../key.ui/examples/InformationFlow/SimpleEvoting/simple_evoting.Setup(simple_evoting.Setup__publishResult()).JML normal_behavior operation contract.0.key 
95797      INFO  main            d.u.i.k.p.i.AbstractProblemLoader Loading environment from /home/runner/work/key/key/key.core/../key.ui/examples/InformationFlow/SimpleEvoting/simple_evoting.Setup(simple_evoting.Setup__publishResult()).JML normal_behavior operation contract.0.key 
95797      DEBUG main            d.u.i.k.p.i.AbstractProblemLoader Environment load took 321.1ns 
95798      INFO  main            d.u.i.k.p.i.AbstractProblemLoader Creating init config 
98748      DEBUG main            d.u.i.k.p.i.AbstractProblemLoader Init config took 2.95s 
98799      INFO  main            d.u.i.k.p.i.AbstractProblemLoader Replaying proof simple_evoting.Setup[simple_evoting.Setup::publishResult()].JML normal_behavior operation contract.0 
98801      DEBUG main            d.u.i.k.p.i.IntermediateProofReplayer Proof replay took 12.5ns 
99504      INFO  main            d.u.i.k.p.r.p.TestFile    ... finished proof: closed. 
99695      INFO  main            d.u.i.k.p.r.p.TestFile    Now processing file /home/runner/work/key/key/key.core/../key.ui/examples/InformationFlow/SimpleEvoting/simple_evoting.Setup(simple_evoting.Setup__main()).JML normal_behavior operation contract.0.key 
99696      INFO  main            d.u.i.k.p.i.AbstractProblemLoader Loading environment from /home/runner/work/key/key/key.core/../key.ui/examples/InformationFlow/SimpleEvoting/simple_evoting.Setup(simple_evoting.Setup__main()).JML normal_behavior operation contract.0.key 
99696      DEBUG main            d.u.i.k.p.i.AbstractProblemLoader Environment load took 565.61ns 
99697      INFO  main            d.u.i.k.p.i.AbstractProblemLoader Creating init config 
102664     DEBUG main            d.u.i.k.p.i.AbstractProblemLoader Init config took 2.97s 
102718     INFO  main            d.u.i.k.p.i.AbstractProblemLoader Replaying proof simple_evoting.Setup[simple_evoting.Setup::main()].JML normal_behavior operation contract.0 
102720     DEBUG main            d.u.i.k.p.i.IntermediateProofReplayer Proof replay took 14.4ns 
142935     INFO  main            d.u.i.k.p.r.p.TestFile    ... finished proof: open goal(s) 
143220     INFO  main            d.u.i.k.p.r.p.TestFile    Now processing file /home/runner/work/key/key/key.core/../key.ui/examples/InformationFlow/SimpleEvoting/simple_evoting.Setup(java.lang.Object___inv_()).JML accessible clause.0.key 
143220     INFO  main            d.u.i.k.p.i.AbstractProblemLoader Loading environment from /home/runner/work/key/key/key.core/../key.ui/examples/InformationFlow/SimpleEvoting/simple_evoting.Setup(java.lang.Object___inv_()).JML accessible clause.0.key 
143220     DEBUG main            d.u.i.k.p.i.AbstractProblemLoader Environment load took 89.7ns 
143221     INFO  main            d.u.i.k.p.i.AbstractProblemLoader Creating init config 
146115     DEBUG main            d.u.i.k.p.i.AbstractProblemLoader Init config took 2.89s 
146176     INFO  main            d.u.i.k.p.i.AbstractProblemLoader Replaying proof simple_evoting.Setup[java.lang.Object::<inv>()].JML accessible clause.0 
146178     DEBUG main            d.u.i.k.p.i.IntermediateProofReplayer Proof replay took 12.7ns 
150014     INFO  main            d.u.i.k.p.r.p.TestFile    ... finished proof: closed. 
150349     INFO  main            d.u.i.k.p.r.p.TestFile    Now processing file /home/runner/work/key/key/key.core/../key.ui/examples/InformationFlow/SimpleEvoting/simple_evoting.Voter(simple_evoting.Voter__onSendBallot(simple_evoting.Server)).JML normal_behavior operation contract.1.key 
150349     INFO  main            d.u.i.k.p.i.AbstractProblemLoader Loading environment from /home/runner/work/key/key/key.core/../key.ui/examples/InformationFlow/SimpleEvoting/simple_evoting.Voter(simple_evoting.Voter__onSendBallot(simple_evoting.Server)).JML normal_behavior operation contract.1.key 
150349     DEBUG main            d.u.i.k.p.i.AbstractProblemLoader Environment load took 71.4ns 
150351     INFO  main            d.u.i.k.p.i.AbstractProblemLoader Creating init config 
153258     DEBUG main            d.u.i.k.p.i.AbstractProblemLoader Init config took 2.91s 
153305     INFO  main            d.u.i.k.p.i.AbstractProblemLoader Replaying proof simple_evoting.Voter[simple_evoting.Voter::onSendBallot(simple_evoting.Server)].JML normal_behavior operation contract.1 
153307     DEBUG main            d.u.i.k.p.i.IntermediateProofReplayer Proof replay took 13.1ns 
157761     INFO  main            d.u.i.k.p.r.p.TestFile    ... finished proof: closed. 
157997     INFO  main            d.u.i.k.p.r.p.TestFile    Now processing file /home/runner/work/key/key/key.core/../key.ui/examples/InformationFlow/SimpleEvoting/simple_evoting.Voter(simple_evoting.Voter__onSendBallot(simple_evoting.Server)).JML normal_behavior operation contract.0.key 
157997     INFO  main            d.u.i.k.p.i.AbstractProblemLoader Loading environment from /home/runner/work/key/key/key.core/../key.ui/examples/InformationFlow/SimpleEvoting/simple_evoting.Voter(simple_evoting.Voter__onSendBallot(simple_evoting.Server)).JML normal_behavior operation contract.0.key 
157997     DEBUG main            d.u.i.k.p.i.AbstractProblemLoader Environment load took 67.8ns 
157999     INFO  main            d.u.i.k.p.i.AbstractProblemLoader Creating init config 
160948     DEBUG main            d.u.i.k.p.i.AbstractProblemLoader Init config took 2.95s 
161006     INFO  main            d.u.i.k.p.i.AbstractProblemLoader Replaying proof simple_evoting.Voter[simple_evoting.Voter::onSendBallot(simple_evoting.Server)].JML normal_behavior operation contract.0 
161008     DEBUG main            d.u.i.k.p.i.IntermediateProofReplayer Proof replay took 13.6ns 
168893     INFO  main            d.u.i.k.p.r.p.TestFile    ... finished proof: closed. 
169163     INFO  main            d.u.i.k.p.r.p.TestFile    Now processing file /home/runner/work/key/key/key.core/../key.ui/examples/InformationFlow/SimpleEvoting/simple_evoting.Voter(java.lang.Object___inv_()).JML accessible clause.0.key 
169163     INFO  main            d.u.i.k.p.i.AbstractProblemLoader Loading environment from /home/runner/work/key/key/key.core/../key.ui/examples/InformationFlow/SimpleEvoting/simple_evoting.Voter(java.lang.Object___inv_()).JML accessible clause.0.key 
169163     DEBUG main            d.u.i.k.p.i.AbstractProblemLoader Environment load took 65.6ns 
169166     INFO  main            d.u.i.k.p.i.AbstractProblemLoader Creating init config 
172073     DEBUG main            d.u.i.k.p.i.AbstractProblemLoader Init config took 2.91s 
172119     INFO  main            d.u.i.k.p.i.AbstractProblemLoader Replaying proof simple_evoting.Voter[java.lang.Object::<inv>()].JML accessible clause.0 
172121     DEBUG main            d.u.i.k.p.i.IntermediateProofReplayer Proof replay took 13.6ns 
172323     INFO  main            d.u.i.k.p.r.p.TestFile    ... finished proof: closed. 
706918     INFO  Test worker     d.u.i.k.p.r.RunAllProofsTestUnit Returning from test SimpleEvoting 
706919     INFO  Test worker     d.u.i.k.p.r.RunAllProofsTestUnit Running test ToyVoting_nomacro 
338        INFO  Timeout watchdog d.u.i.k.p.r.p.ForkedTestFileRunner Timeout watcher launched (1000 secs.) 
349        WARN  main            d.u.i.k.s.ProofSettings   The settings in /home/runner/.key/proof-settings.props are *not* read. 
385        INFO  main            d.u.i.k.p.r.p.TestFile    Now processing file /home/runner/work/key/key/key.core/../key.ui/examples/InformationFlow/ToyVoting/Voter(Voter__insecure_voting()).Non-interference contract.0.key 
539        INFO  main            d.u.i.k.p.i.AbstractProblemLoader Loading environment from /home/runner/work/key/key/key.core/../key.ui/examples/InformationFlow/ToyVoting/Voter(Voter__insecure_voting()).Non-interference contract.0.key 
563        DEBUG main            d.u.i.k.p.i.AbstractProblemLoader Environment load took 3.12ms 
778        INFO  main            d.u.i.k.p.i.AbstractProblemLoader Creating init config 
1654       DEBUG main            d.u.i.k.j.TypeConverter   No LDT found for Meta 
1655       DEBUG main            d.u.i.k.j.TypeConverter   No LDT found for Meta 
1656       DEBUG main            d.u.i.k.j.TypeConverter   No LDT found for Meta 
1657       DEBUG main            d.u.i.k.j.TypeConverter   No LDT found for Meta 
2875       DEBUG main            d.u.i.k.j.TypeConverter   No LDT found for JavaBigintExpression 
8131       DEBUG main            d.u.i.k.p.i.AbstractProblemLoader Init config took 7.35s 
8262       INFO  main            d.u.i.k.p.i.AbstractProblemLoader Replaying proof Voter[Voter::insecure_voting()].Non-interference contract.0 
8344       DEBUG main            d.u.i.k.p.i.IntermediateProofReplayer Proof replay took 413ns 
22079      INFO  main            d.u.i.k.p.r.p.TestFile    ... finished proof: open goal(s) 
22274      INFO  main            d.u.i.k.p.r.p.TestFile    Now processing file /home/runner/work/key/key/key.core/../key.ui/examples/InformationFlow/ToyVoting/Voter(Voter__publishVoterParticipation()).Non-interference contract.0.key 
22274      INFO  main            d.u.i.k.p.i.AbstractProblemLoader Loading environment from /home/runner/work/key/key/key.core/../key.ui/examples/InformationFlow/ToyVoting/Voter(Voter__publishVoterParticipation()).Non-interference contract.0.key 
22274      DEBUG main            d.u.i.k.p.i.AbstractProblemLoader Environment load took 79.4ns 
22276      INFO  main            d.u.i.k.p.i.AbstractProblemLoader Creating init config 
25074      DEBUG main            d.u.i.k.p.i.AbstractProblemLoader Init config took 2.8s 
25145      INFO  main            d.u.i.k.p.i.AbstractProblemLoader Replaying proof Voter[Voter::publishVoterParticipation()].Non-interference contract.0 
25149      DEBUG main            d.u.i.k.p.i.IntermediateProofReplayer Proof replay took 13.9ns 
25451      INFO  main            d.u.i.k.p.r.p.TestFile    ... finished proof: closed. 
25655      INFO  main            d.u.i.k.p.r.p.TestFile    Now processing file /home/runner/work/key/key/key.core/../key.ui/examples/InformationFlow/ToyVoting/Voter(Voter__isValid(int)).Non-interference contract.0.key 
25656      INFO  main            d.u.i.k.p.i.AbstractProblemLoader Loading environment from /home/runner/work/key/key/key.core/../key.ui/examples/InformationFlow/ToyVoting/Voter(Voter__isValid(int)).Non-interference contract.0.key 
25656      DEBUG main            d.u.i.k.p.i.AbstractProblemLoader Environment load took 109.7ns 
25657      INFO  main            d.u.i.k.p.i.AbstractProblemLoader Creating init config 
28352      DEBUG main            d.u.i.k.p.i.AbstractProblemLoader Init config took 2.69s 
28407      INFO  main            d.u.i.k.p.i.AbstractProblemLoader Replaying proof Voter[Voter::isValid(int)].Non-interference contract.0 
28411      DEBUG main            d.u.i.k.p.i.IntermediateProofReplayer Proof replay took 13.8ns 
28815      INFO  main            d.u.i.k.p.r.p.TestFile    ... finished proof: closed. 
28978      INFO  main            d.u.i.k.p.r.p.TestFile    Now processing file /home/runner/work/key/key/key.core/../key.ui/examples/InformationFlow/ToyVoting/Voter(Voter__sendVote(int)).Non-interference contract.0.key 
28978      INFO  main            d.u.i.k.p.i.AbstractProblemLoader Loading environment from /home/runner/work/key/key/key.core/../key.ui/examples/InformationFlow/ToyVoting/Voter(Voter__sendVote(int)).Non-interference contract.0.key 
28978      DEBUG main            d.u.i.k.p.i.AbstractProblemLoader Environment load took 67.8ns 
28981      INFO  main            d.u.i.k.p.i.AbstractProblemLoader Creating init config 
31703      DEBUG main            d.u.i.k.p.i.AbstractProblemLoader Init config took 2.72s 
31749      INFO  main            d.u.i.k.p.i.AbstractProblemLoader Replaying proof Voter[Voter::sendVote(int)].Non-interference contract.0 
31753      DEBUG main            d.u.i.k.p.i.IntermediateProofReplayer Proof replay took 13.4ns 
32060      INFO  main            d.u.i.k.p.r.p.TestFile    ... finished proof: closed. 
32206      INFO  main            d.u.i.k.p.r.p.TestFile    Now processing file /home/runner/work/key/key/key.core/../key.ui/examples/InformationFlow/ToyVoting/Voter(Voter__inputVote()).Non-interference contract.0.key 
32207      INFO  main            d.u.i.k.p.i.AbstractProblemLoader Loading environment from /home/runner/work/key/key/key.core/../key.ui/examples/InformationFlow/ToyVoting/Voter(Voter__inputVote()).Non-interference contract.0.key 
32207      DEBUG main            d.u.i.k.p.i.AbstractProblemLoader Environment load took 109.9ns 
32208      INFO  main            d.u.i.k.p.i.AbstractProblemLoader Creating init config 
34831      DEBUG main            d.u.i.k.p.i.AbstractProblemLoader Init config took 2.62s 
34878      INFO  main            d.u.i.k.p.i.AbstractProblemLoader Replaying proof Voter[Voter::inputVote()].Non-interference contract.0 
34883      DEBUG main            d.u.i.k.p.i.IntermediateProofReplayer Proof replay took 15.2ns 
35085      INFO  main            d.u.i.k.p.r.p.TestFile    ... finished proof: closed. 
742285     INFO  Test worker     d.u.i.k.p.r.RunAllProofsTestUnit Returning from test ToyVoting_nomacro 
742287     INFO  Test worker     d.u.i.k.p.r.RunAllProofsTestUnit Running test ConditionalConfidential_nomacro 
742287     INFO  Test worker     d.u.i.k.p.r.RunAllProofsTestUnit Returning from test ConditionalConfidential_nomacro 
742288     INFO  Test worker     d.u.i.k.p.r.RunAllProofsTestUnit Running test SumExample_nomacro 
312        INFO  Timeout watchdog d.u.i.k.p.r.p.ForkedTestFileRunner Timeout watcher launched (1000 secs.) 
315        WARN  main            d.u.i.k.s.ProofSettings   The settings in /home/runner/.key/proof-settings.props are *not* read. 
337        INFO  main            d.u.i.k.p.r.p.TestFile    Now processing file /home/runner/work/key/key/key.core/../key.ui/examples/InformationFlow/Sum/SumExample(SumExample__getSum()).Non-interference contract.0.key 
444        INFO  main            d.u.i.k.p.i.AbstractProblemLoader Loading environment from /home/runner/work/key/key/key.core/../key.ui/examples/InformationFlow/Sum/SumExample(SumExample__getSum()).Non-interference contract.0.key 
476        DEBUG main            d.u.i.k.p.i.AbstractProblemLoader Environment load took 5.36ms 
742        INFO  main            d.u.i.k.p.i.AbstractProblemLoader Creating init config 
1684       DEBUG main            d.u.i.k.j.TypeConverter   No LDT found for Meta 
1685       DEBUG main            d.u.i.k.j.TypeConverter   No LDT found for Meta 
1686       DEBUG main            d.u.i.k.j.TypeConverter   No LDT found for Meta 
1687       DEBUG main            d.u.i.k.j.TypeConverter   No LDT found for Meta 
3196       DEBUG main            d.u.i.k.j.TypeConverter   No LDT found for JavaBigintExpression 
8012       DEBUG main            d.u.i.k.p.i.AbstractProblemLoader Init config took 7.27s 
8147       INFO  main            d.u.i.k.p.i.AbstractProblemLoader Replaying proof SumExample[SumExample::getSum()].Non-interference contract.0 
8211       DEBUG main            d.u.i.k.p.i.IntermediateProofReplayer Proof replay took 365.1ns 
11367      INFO  main            d.u.i.k.p.r.p.TestFile    ... finished proof: closed. 
754127     INFO  Test worker     d.u.i.k.p.r.RunAllProofsTestUnit Returning from test SumExample_nomacro 
754129     INFO  Test worker     d.u.i.k.p.r.RunAllProofsTestUnit Running test ToyBanking_nomacro 
348        INFO  Timeout watchdog d.u.i.k.p.r.p.ForkedTestFileRunner Timeout watcher launched (1000 secs.) 
352        WARN  main            d.u.i.k.s.ProofSettings   The settings in /home/runner/.key/proof-settings.props are *not* read. 
377        INFO  main            d.u.i.k.p.r.p.TestFile    Now processing file /home/runner/work/key/key/key.core/../key.ui/examples/InformationFlow/ToyBanking/banking_example.UserAccount(banking_example.UserAccount__getBankAccount(int)).Non-interference contract.0.key 
487        INFO  main            d.u.i.k.p.i.AbstractProblemLoader Loading environment from /home/runner/work/key/key/key.core/../key.ui/examples/InformationFlow/ToyBanking/banking_example.UserAccount(banking_example.UserAccount__getBankAccount(int)).Non-interference contract.0.key 
505        DEBUG main            d.u.i.k.p.i.AbstractProblemLoader Environment load took 1.87ms 
738        INFO  main            d.u.i.k.p.i.AbstractProblemLoader Creating init config 
1563       DEBUG main            d.u.i.k.j.TypeConverter   No LDT found for Meta 
1563       DEBUG main            d.u.i.k.j.TypeConverter   No LDT found for Meta 
1564       DEBUG main            d.u.i.k.j.TypeConverter   No LDT found for Meta 
1564       DEBUG main            d.u.i.k.j.TypeConverter   No LDT found for Meta 
3150       DEBUG main            d.u.i.k.j.TypeConverter   No LDT found for JavaBigintExpression 
8552       DEBUG main            d.u.i.k.p.i.AbstractProblemLoader Init config took 7.81s 
8712       INFO  main            d.u.i.k.p.i.AbstractProblemLoader Replaying proof banking_example.UserAccount[banking_example.UserAccount::getBankAccount(int)].Non-interference contract.0 
8787       DEBUG main            d.u.i.k.p.i.IntermediateProofReplayer Proof replay took 397.9ns 
12378      INFO  main            d.u.i.k.p.r.p.TestFile    ... finished proof: closed. 
12551      INFO  main            d.u.i.k.p.r.p.TestFile    Now processing file /home/runner/work/key/key/key.core/../key.ui/examples/InformationFlow/ToyBanking/banking_example.BankAccount(banking_example.BankAccount__depositMoney(int)).Non-interference contract.0.key 
12552      INFO  main            d.u.i.k.p.i.AbstractProblemLoader Loading environment from /home/runner/work/key/key/key.core/../key.ui/examples/InformationFlow/ToyBanking/banking_example.BankAccount(banking_example.BankAccount__depositMoney(int)).Non-interference contract.0.key 
12553      DEBUG main            d.u.i.k.p.i.AbstractProblemLoader Environment load took 1.04ms 
12559      INFO  main            d.u.i.k.p.i.AbstractProblemLoader Creating init config 
15485      DEBUG main            d.u.i.k.p.i.AbstractProblemLoader Init config took 2.93s 
15559      INFO  main            d.u.i.k.p.i.AbstractProblemLoader Replaying proof banking_example.BankAccount[banking_example.BankAccount::depositMoney(int)].Non-interference contract.0 
15566      DEBUG main            d.u.i.k.p.i.IntermediateProofReplayer Proof replay took 14.9ns 
16772      INFO  main            d.u.i.k.p.r.p.TestFile    ... finished proof: closed. 
16950      INFO  main            d.u.i.k.p.r.p.TestFile    Now processing file /home/runner/work/key/key/key.core/../key.ui/examples/InformationFlow/ToyBanking/banking_example.BankAccount(banking_example.BankAccount__getBalance()).Non-interference contract.0.key 
16950      INFO  main            d.u.i.k.p.i.AbstractProblemLoader Loading environment from /home/runner/work/key/key/key.core/../key.ui/examples/InformationFlow/ToyBanking/banking_example.BankAccount(banking_example.BankAccount__getBalance()).Non-interference contract.0.key 
16950      DEBUG main            d.u.i.k.p.i.AbstractProblemLoader Environment load took 92.9ns 
16952      INFO  main            d.u.i.k.p.i.AbstractProblemLoader Creating init config 
19873      DEBUG main            d.u.i.k.p.i.AbstractProblemLoader Init config took 2.92s 
19957      INFO  main            d.u.i.k.p.i.AbstractProblemLoader Replaying proof banking_example.BankAccount[banking_example.BankAccount::getBalance()].Non-interference contract.0 
19967      DEBUG main            d.u.i.k.p.i.IntermediateProofReplayer Proof replay took 12.8ns 
20371      INFO  main            d.u.i.k.p.r.p.TestFile    ... finished proof: closed. 
20590      INFO  main            d.u.i.k.p.r.p.TestFile    Now processing file /home/runner/work/key/key/key.core/../key.ui/examples/InformationFlow/ToyBanking/banking_example.BankAccount(banking_example.BankAccount__getId()).Non-interference contract.0.key 
20590      INFO  main            d.u.i.k.p.i.AbstractProblemLoader Loading environment from /home/runner/work/key/key/key.core/../key.ui/examples/InformationFlow/ToyBanking/banking_example.BankAccount(banking_example.BankAccount__getId()).Non-interference contract.0.key 
20591      DEBUG main            d.u.i.k.p.i.AbstractProblemLoader Environment load took 86.3ns 
20592      INFO  main            d.u.i.k.p.i.AbstractProblemLoader Creating init config 
23455      DEBUG main            d.u.i.k.p.i.AbstractProblemLoader Init config took 2.86s 
23513      INFO  main            d.u.i.k.p.i.AbstractProblemLoader Replaying proof banking_example.BankAccount[banking_example.BankAccount::getId()].Non-interference contract.0 
23516      DEBUG main            d.u.i.k.p.i.IntermediateProofReplayer Proof replay took 13.1ns 
23819      INFO  main            d.u.i.k.p.r.p.TestFile    ... finished proof: closed. 
23966      INFO  main            d.u.i.k.p.r.p.TestFile    Now processing file /home/runner/work/key/key/key.core/../key.ui/examples/InformationFlow/ToyBanking/banking_example.Bank(banking_example.Bank__login(int,(C)).Non-interference contract.0.key 
23966      INFO  main            d.u.i.k.p.i.AbstractProblemLoader Loading environment from /home/runner/work/key/key/key.core/../key.ui/examples/InformationFlow/ToyBanking/banking_example.Bank(banking_example.Bank__login(int,(C)).Non-interference contract.0.key 
23967      DEBUG main            d.u.i.k.p.i.AbstractProblemLoader Environment load took 605.31ns 
23968      INFO  main            d.u.i.k.p.i.AbstractProblemLoader Creating init config 
26690      DEBUG main            d.u.i.k.p.i.AbstractProblemLoader Init config took 2.72s 
26766      INFO  main            d.u.i.k.p.i.AbstractProblemLoader Replaying proof banking_example.Bank[banking_example.Bank::login(int,[C)].Non-interference contract.0 
26769      DEBUG main            d.u.i.k.p.i.IntermediateProofReplayer Proof replay took 10.9ns 
61242      INFO  main            d.u.i.k.p.r.p.TestFile    ... finished proof: open goal(s) 
61502      INFO  main            d.u.i.k.p.r.p.TestFile    Now processing file /home/runner/work/key/key/key.core/../key.ui/examples/InformationFlow/ToyBanking/banking_example2.UserAccount(banking_example2.UserAccount__getBankAccount(int)).Non-interference contract.0.key 
61502      INFO  main            d.u.i.k.p.i.AbstractProblemLoader Loading environment from /home/runner/work/key/key/key.core/../key.ui/examples/InformationFlow/ToyBanking/banking_example2.UserAccount(banking_example2.UserAccount__getBankAccount(int)).Non-interference contract.0.key 
61502      DEBUG main            d.u.i.k.p.i.AbstractProblemLoader Environment load took 197ns 
61504      INFO  main            d.u.i.k.p.i.AbstractProblemLoader Creating init config 
64108      DEBUG main            d.u.i.k.p.i.AbstractProblemLoader Init config took 2.6s 
64213      INFO  main            d.u.i.k.p.i.AbstractProblemLoader Replaying proof banking_example2.UserAccount[banking_example2.UserAccount::getBankAccount(int)].Non-interference contract.0 
64217      DEBUG main            d.u.i.k.p.i.IntermediateProofReplayer Proof replay took 14ns 
65945      INFO  main            d.u.i.k.p.r.p.TestFile    ... finished proof: closed. 
66235      INFO  main            d.u.i.k.p.r.p.TestFile    Now processing file /home/runner/work/key/key/key.core/../key.ui/examples/InformationFlow/ToyBanking/banking_example2.BankAccount(banking_example2.BankAccount__depositMoney(int)).Non-interference contract.0.key 
66235      INFO  main            d.u.i.k.p.i.AbstractProblemLoader Loading environment from /home/runner/work/key/key/key.core/../key.ui/examples/InformationFlow/ToyBanking/banking_example2.BankAccount(banking_example2.BankAccount__depositMoney(int)).Non-interference contract.0.key 
66236      DEBUG main            d.u.i.k.p.i.AbstractProblemLoader Environment load took 265.6ns 
66237      INFO  main            d.u.i.k.p.i.AbstractProblemLoader Creating init config 
68864      DEBUG main            d.u.i.k.p.i.AbstractProblemLoader Init config took 2.63s 
68923      INFO  main            d.u.i.k.p.i.AbstractProblemLoader Replaying proof banking_example2.BankAccount[banking_example2.BankAccount::depositMoney(int)].Non-interference contract.0 
68926      DEBUG main            d.u.i.k.p.i.IntermediateProofReplayer Proof replay took 13ns 
69733      INFO  main            d.u.i.k.p.r.p.TestFile    ... finished proof: closed. 
69905      INFO  main            d.u.i.k.p.r.p.TestFile    Now processing file /home/runner/work/key/key/key.core/../key.ui/examples/InformationFlow/ToyBanking/banking_example2.BankAccount(banking_example2.BankAccount__getBalance()).Non-interference contract.0.key 
69908      INFO  main            d.u.i.k.p.i.AbstractProblemLoader Loading environment from /home/runner/work/key/key/key.core/../key.ui/examples/InformationFlow/ToyBanking/banking_example2.BankAccount(banking_example2.BankAccount__getBalance()).Non-interference contract.0.key 
69908      DEBUG main            d.u.i.k.p.i.AbstractProblemLoader Environment load took 86.3ns 
69909      INFO  main            d.u.i.k.p.i.AbstractProblemLoader Creating init config 
72541      DEBUG main            d.u.i.k.p.i.AbstractProblemLoader Init config took 2.63s 
72597      INFO  main            d.u.i.k.p.i.AbstractProblemLoader Replaying proof banking_example2.BankAccount[banking_example2.BankAccount::getBalance()].Non-interference contract.0 
72601      DEBUG main            d.u.i.k.p.i.IntermediateProofReplayer Proof replay took 12.7ns 
72904      INFO  main            d.u.i.k.p.r.p.TestFile    ... finished proof: closed. 
73054      INFO  main            d.u.i.k.p.r.p.TestFile    Now processing file /home/runner/work/key/key/key.core/../key.ui/examples/InformationFlow/ToyBanking/banking_example2.BankAccount(banking_example2.BankAccount__getId()).Non-interference contract.0.key 
73054      INFO  main            d.u.i.k.p.i.AbstractProblemLoader Loading environment from /home/runner/work/key/key/key.core/../key.ui/examples/InformationFlow/ToyBanking/banking_example2.BankAccount(banking_example2.BankAccount__getId()).Non-interference contract.0.key 
73055      DEBUG main            d.u.i.k.p.i.AbstractProblemLoader Environment load took 87.9ns 
73056      INFO  main            d.u.i.k.p.i.AbstractProblemLoader Creating init config 
75671      DEBUG main            d.u.i.k.p.i.AbstractProblemLoader Init config took 2.62s 
75722      INFO  main            d.u.i.k.p.i.AbstractProblemLoader Replaying proof banking_example2.BankAccount[banking_example2.BankAccount::getId()].Non-interference contract.0 
75724      DEBUG main            d.u.i.k.p.i.IntermediateProofReplayer Proof replay took 14.3ns 
76027      INFO  main            d.u.i.k.p.r.p.TestFile    ... finished proof: closed. 
830463     INFO  Test worker     d.u.i.k.p.r.RunAllProofsTestUnit Returning from test ToyBanking_nomacro 
830464     INFO  Test worker     d.u.i.k.p.r.RunAllProofsTestUnit Running test BlockContracts_nomacro 
338        INFO  Timeout watchdog d.u.i.k.p.r.p.ForkedTestFileRunner Timeout watcher launched (1000 secs.) 
349        WARN  main            d.u.i.k.s.ProofSettings   The settings in /home/runner/.key/proof-settings.props are *not* read. 
380        INFO  main            d.u.i.k.p.r.p.TestFile    Now processing file /home/runner/work/key/key/key.core/../key.ui/examples/InformationFlow/BlockContracts/contract.IFBlockExamples(contract.IFBlockExamples__secure_5()).Non-interference contract.0.key 
493        INFO  main            d.u.i.k.p.i.AbstractProblemLoader Loading environment from /home/runner/work/key/key/key.core/../key.ui/examples/InformationFlow/BlockContracts/contract.IFBlockExamples(contract.IFBlockExamples__secure_5()).Non-interference contract.0.key 
511        DEBUG main            d.u.i.k.p.i.AbstractProblemLoader Environment load took 2.13ms 
721        INFO  main            d.u.i.k.p.i.AbstractProblemLoader Creating init config 
1819       DEBUG main            d.u.i.k.j.TypeConverter   No LDT found for Meta 
1819       DEBUG main            d.u.i.k.j.TypeConverter   No LDT found for Meta 
1822       DEBUG main            d.u.i.k.j.TypeConverter   No LDT found for Meta 
1822       DEBUG main            d.u.i.k.j.TypeConverter   No LDT found for Meta 
3151       DEBUG main            d.u.i.k.j.TypeConverter   No LDT found for JavaBigintExpression 
8230       DEBUG main            d.u.i.k.p.i.AbstractProblemLoader Init config took 7.51s 
8363       INFO  main            d.u.i.k.p.i.AbstractProblemLoader Replaying proof contract.IFBlockExamples[contract.IFBlockExamples::secure_5()].Non-interference contract.0 
8435       DEBUG main            d.u.i.k.p.i.IntermediateProofReplayer Proof replay took 402.81ns 
9873       INFO  main            d.u.i.k.p.r.p.TestFile    ... finished proof: closed. 
10003      INFO  main            d.u.i.k.p.r.p.TestFile    Now processing file /home/runner/work/key/key/key.core/../key.ui/examples/InformationFlow/BlockContracts/contract.IFBlockExamples(contract.IFBlockExamples__block_no_return_secure(int)).Non-interference contract.0.key 
10004      INFO  main            d.u.i.k.p.i.AbstractProblemLoader Loading environment from /home/runner/work/key/key/key.core/../key.ui/examples/InformationFlow/BlockContracts/contract.IFBlockExamples(contract.IFBlockExamples__block_no_return_secure(int)).Non-interference contract.0.key 
10004      DEBUG main            d.u.i.k.p.i.AbstractProblemLoader Environment load took 359.6ns 
10007      INFO  main            d.u.i.k.p.i.AbstractProblemLoader Creating init config 
12848      DEBUG main            d.u.i.k.p.i.AbstractProblemLoader Init config took 2.84s 
12935      INFO  main            d.u.i.k.p.i.AbstractProblemLoader Replaying proof contract.IFBlockExamples[contract.IFBlockExamples::block_no_return_secure(int)].Non-interference contract.0 
12939      DEBUG main            d.u.i.k.p.i.IntermediateProofReplayer Proof replay took 14ns 
13549      INFO  main            d.u.i.k.p.r.p.TestFile    ... finished proof: closed. 
13703      INFO  main            d.u.i.k.p.r.p.TestFile    Now processing file /home/runner/work/key/key/key.core/../key.ui/examples/InformationFlow/BlockContracts/contract.IFBlockExamples(contract.IFBlockExamples__while_block_insecure(int)).Non-interference contract.0.key 
13704      INFO  main            d.u.i.k.p.i.AbstractProblemLoader Loading environment from /home/runner/work/key/key/key.core/../key.ui/examples/InformationFlow/BlockContracts/contract.IFBlockExamples(contract.IFBlockExamples__while_block_insecure(int)).Non-interference contract.0.key 
13704      DEBUG main            d.u.i.k.p.i.AbstractProblemLoader Environment load took 80.9ns 
13706      INFO  main            d.u.i.k.p.i.AbstractProblemLoader Creating init config 
16440      DEBUG main            d.u.i.k.p.i.AbstractProblemLoader Init config took 2.73s 
16498      INFO  main            d.u.i.k.p.i.AbstractProblemLoader Replaying proof contract.IFBlockExamples[contract.IFBlockExamples::while_block_insecure(int)].Non-interference contract.0 
16501      DEBUG main            d.u.i.k.p.i.IntermediateProofReplayer Proof replay took 12.1ns 
18027      INFO  main            d.u.i.k.p.r.p.TestFile    ... finished proof: open goal(s) 
18199      INFO  main            d.u.i.k.p.r.p.TestFile    Now processing file /home/runner/work/key/key/key.core/../key.ui/examples/InformationFlow/BlockContracts/contract.IFBlockExamples(contract.IFBlockExamples__while_block_secure(int)).Non-interference contract.0.key 
18199      INFO  main            d.u.i.k.p.i.AbstractProblemLoader Loading environment from /home/runner/work/key/key/key.core/../key.ui/examples/InformationFlow/BlockContracts/contract.IFBlockExamples(contract.IFBlockExamples__while_block_secure(int)).Non-interference contract.0.key 
18201      DEBUG main            d.u.i.k.p.i.AbstractProblemLoader Environment load took 1.79ms 
18204      INFO  main            d.u.i.k.p.i.AbstractProblemLoader Creating init config 
20882      DEBUG main            d.u.i.k.p.i.AbstractProblemLoader Init config took 2.68s 
20933      INFO  main            d.u.i.k.p.i.AbstractProblemLoader Replaying proof contract.IFBlockExamples[contract.IFBlockExamples::while_block_secure(int)].Non-interference contract.0 
20936      DEBUG main            d.u.i.k.p.i.IntermediateProofReplayer Proof replay took 11.8ns 
22142      INFO  main            d.u.i.k.p.r.p.TestFile    ... finished proof: closed. 
22381      INFO  main            d.u.i.k.p.r.p.TestFile    Now processing file /home/runner/work/key/key/key.core/../key.ui/examples/InformationFlow/BlockContracts/contract.IFBlockExamples(contract.IFBlockExamples__block_while_secure(int)).Non-interference contract.0.key 
22381      INFO  main            d.u.i.k.p.i.AbstractProblemLoader Loading environment from /home/runner/work/key/key/key.core/../key.ui/examples/InformationFlow/BlockContracts/contract.IFBlockExamples(contract.IFBlockExamples__block_while_secure(int)).Non-interference contract.0.key 
22382      DEBUG main            d.u.i.k.p.i.AbstractProblemLoader Environment load took 76ns 
22383      INFO  main            d.u.i.k.p.i.AbstractProblemLoader Creating init config 
25023      DEBUG main            d.u.i.k.p.i.AbstractProblemLoader Init config took 2.64s 
25076      INFO  main            d.u.i.k.p.i.AbstractProblemLoader Replaying proof contract.IFBlockExamples[contract.IFBlockExamples::block_while_secure(int)].Non-interference contract.0 
25081      DEBUG main            d.u.i.k.p.i.IntermediateProofReplayer Proof replay took 15.2ns 
26588      INFO  main            d.u.i.k.p.r.p.TestFile    ... finished proof: closed. 
26781      INFO  main            d.u.i.k.p.r.p.TestFile    Now processing file /home/runner/work/key/key/key.core/../key.ui/examples/InformationFlow/BlockContracts/contract.IFBlockExamples(contract.IFBlockExamples__insecure_4(int)).Non-interference contract.0.key 
26782      INFO  main            d.u.i.k.p.i.AbstractProblemLoader Loading environment from /home/runner/work/key/key/key.core/../key.ui/examples/InformationFlow/BlockContracts/contract.IFBlockExamples(contract.IFBlockExamples__insecure_4(int)).Non-interference contract.0.key 
26782      DEBUG main            d.u.i.k.p.i.AbstractProblemLoader Environment load took 115.2ns 
26783      INFO  main            d.u.i.k.p.i.AbstractProblemLoader Creating init config 
29403      DEBUG main            d.u.i.k.p.i.AbstractProblemLoader Init config took 2.62s 
29453      INFO  main            d.u.i.k.p.i.AbstractProblemLoader Replaying proof contract.IFBlockExamples[contract.IFBlockExamples::insecure_4(int)].Non-interference contract.0 
29459      DEBUG main            d.u.i.k.p.i.IntermediateProofReplayer Proof replay took 13.6ns 
31399      INFO  main            d.u.i.k.p.r.p.TestFile    ... finished proof: open goal(s) 
31616      INFO  main            d.u.i.k.p.r.p.TestFile    Now processing file /home/runner/work/key/key/key.core/../key.ui/examples/InformationFlow/BlockContracts/contract.IFBlockExamples(contract.IFBlockExamples__insecure_3(int)).Non-interference contract.0.key 
31617      INFO  main            d.u.i.k.p.i.AbstractProblemLoader Loading environment from /home/runner/work/key/key/key.core/../key.ui/examples/InformationFlow/BlockContracts/contract.IFBlockExamples(contract.IFBlockExamples__insecure_3(int)).Non-interference contract.0.key 
31617      DEBUG main            d.u.i.k.p.i.AbstractProblemLoader Environment load took 523.51ns 
31618      INFO  main            d.u.i.k.p.i.AbstractProblemLoader Creating init config 
34200      DEBUG main            d.u.i.k.p.i.AbstractProblemLoader Init config took 2.58s 
34244      INFO  main            d.u.i.k.p.i.AbstractProblemLoader Replaying proof contract.IFBlockExamples[contract.IFBlockExamples::insecure_3(int)].Non-interference contract.0 
34246      DEBUG main            d.u.i.k.p.i.IntermediateProofReplayer Proof replay took 12.3ns 
36264      INFO  main            d.u.i.k.p.r.p.TestFile    ... finished proof: open goal(s) 
36505      INFO  main            d.u.i.k.p.r.p.TestFile    Now processing file /home/runner/work/key/key/key.core/../key.ui/examples/InformationFlow/BlockContracts/contract.IFBlockExamples(contract.IFBlockExamples__secure_3(int)).Non-interference contract.0.key 
36505      INFO  main            d.u.i.k.p.i.AbstractProblemLoader Loading environment from /home/runner/work/key/key/key.core/../key.ui/examples/InformationFlow/BlockContracts/contract.IFBlockExamples(contract.IFBlockExamples__secure_3(int)).Non-interference contract.0.key 
36505      DEBUG main            d.u.i.k.p.i.AbstractProblemLoader Environment load took 71.3ns 
36506      INFO  main            d.u.i.k.p.i.AbstractProblemLoader Creating init config 
39093      DEBUG main            d.u.i.k.p.i.AbstractProblemLoader Init config took 2.58s 
39144      INFO  main            d.u.i.k.p.i.AbstractProblemLoader Replaying proof contract.IFBlockExamples[contract.IFBlockExamples::secure_3(int)].Non-interference contract.0 
39149      DEBUG main            d.u.i.k.p.i.IntermediateProofReplayer Proof replay took 12.8ns 
40984      INFO  main            d.u.i.k.p.r.p.TestFile    ... finished proof: closed. 
41219      INFO  main            d.u.i.k.p.r.p.TestFile    Now processing file /home/runner/work/key/key/key.core/../key.ui/examples/InformationFlow/BlockContracts/contract.IFBlockExamples(contract.IFBlockExamples__secure_2(int)).Non-interference contract.0.key 
41220      INFO  main            d.u.i.k.p.i.AbstractProblemLoader Loading environment from /home/runner/work/key/key/key.core/../key.ui/examples/InformationFlow/BlockContracts/contract.IFBlockExamples(contract.IFBlockExamples__secure_2(int)).Non-interference contract.0.key 
41220      DEBUG main            d.u.i.k.p.i.AbstractProblemLoader Environment load took 68.1ns 
41221      INFO  main            d.u.i.k.p.i.AbstractProblemLoader Creating init config 
43747      DEBUG main            d.u.i.k.p.i.AbstractProblemLoader Init config took 2.53s 
43817      INFO  main            d.u.i.k.p.i.AbstractProblemLoader Replaying proof contract.IFBlockExamples[contract.IFBlockExamples::secure_2(int)].Non-interference contract.0 
43821      DEBUG main            d.u.i.k.p.i.IntermediateProofReplayer Proof replay took 12.7ns 
46031      INFO  main            d.u.i.k.p.r.p.TestFile    ... finished proof: closed. 
46299      INFO  main            d.u.i.k.p.r.p.TestFile    Now processing file /home/runner/work/key/key/key.core/../key.ui/examples/InformationFlow/BlockContracts/contract.IFBlockExamples(contract.IFBlockExamples__secure_8(int)).Non-interference contract.0.key 
46300      INFO  main            d.u.i.k.p.i.AbstractProblemLoader Loading environment from /home/runner/work/key/key/key.core/../key.ui/examples/InformationFlow/BlockContracts/contract.IFBlockExamples(contract.IFBlockExamples__secure_8(int)).Non-interference contract.0.key 
46300      DEBUG main            d.u.i.k.p.i.AbstractProblemLoader Environment load took 503.91ns 
46301      INFO  main            d.u.i.k.p.i.AbstractProblemLoader Creating init config 
48847      DEBUG main            d.u.i.k.p.i.AbstractProblemLoader Init config took 2.55s 
48888      INFO  main            d.u.i.k.p.i.AbstractProblemLoader Replaying proof contract.IFBlockExamples[contract.IFBlockExamples::secure_8(int)].Non-interference contract.0 
48891      DEBUG main            d.u.i.k.p.i.IntermediateProofReplayer Proof replay took 12.7ns 
49496      INFO  main            d.u.i.k.p.r.p.TestFile    ... finished proof: closed. 
49721      INFO  main            d.u.i.k.p.r.p.TestFile    Now processing file /home/runner/work/key/key/key.core/../key.ui/examples/InformationFlow/BlockContracts/contract.IFBlockExamples(contract.IFBlockExamples__secure_7(int)).Non-interference contract.0.key 
49722      INFO  main            d.u.i.k.p.i.AbstractProblemLoader Loading environment from /home/runner/work/key/key/key.core/../key.ui/examples/InformationFlow/BlockContracts/contract.IFBlockExamples(contract.IFBlockExamples__secure_7(int)).Non-interference contract.0.key 
49722      DEBUG main            d.u.i.k.p.i.AbstractProblemLoader Environment load took 73.8ns 
49723      INFO  main            d.u.i.k.p.i.AbstractProblemLoader Creating init config 
52258      DEBUG main            d.u.i.k.p.i.AbstractProblemLoader Init config took 2.54s 
52297      INFO  main            d.u.i.k.p.i.AbstractProblemLoader Replaying proof contract.IFBlockExamples[contract.IFBlockExamples::secure_7(int)].Non-interference contract.0 
52300      DEBUG main            d.u.i.k.p.i.IntermediateProofReplayer Proof replay took 14ns 
52803      INFO  main            d.u.i.k.p.r.p.TestFile    ... finished proof: closed. 
52978      INFO  main            d.u.i.k.p.r.p.TestFile    Now processing file /home/runner/work/key/key/key.core/../key.ui/examples/InformationFlow/BlockContracts/contract.IFBlockExamples(contract.IFBlockExamples__secure_6(int)).Non-interference contract.0.key 
52978      INFO  main            d.u.i.k.p.i.AbstractProblemLoader Loading environment from /home/runner/work/key/key/key.core/../key.ui/examples/InformationFlow/BlockContracts/contract.IFBlockExamples(contract.IFBlockExamples__secure_6(int)).Non-interference contract.0.key 
52978      DEBUG main            d.u.i.k.p.i.AbstractProblemLoader Environment load took 61.9ns 
52979      INFO  main            d.u.i.k.p.i.AbstractProblemLoader Creating init config 
55528      DEBUG main            d.u.i.k.p.i.AbstractProblemLoader Init config took 2.55s 
55567      INFO  main            d.u.i.k.p.i.AbstractProblemLoader Replaying proof contract.IFBlockExamples[contract.IFBlockExamples::secure_6(int)].Non-interference contract.0 
55570      DEBUG main            d.u.i.k.p.i.IntermediateProofReplayer Proof replay took 14.1ns 
56076      INFO  main            d.u.i.k.p.r.p.TestFile    ... finished proof: closed. 
56258      INFO  main            d.u.i.k.p.r.p.TestFile    Now processing file /home/runner/work/key/key/key.core/../key.ui/examples/InformationFlow/BlockContracts/contract.IFBlockExamples(contract.IFBlockExamples__insecure_1(int)).Non-interference contract.0.key 
56258      INFO  main            d.u.i.k.p.i.AbstractProblemLoader Loading environment from /home/runner/work/key/key/key.core/../key.ui/examples/InformationFlow/BlockContracts/contract.IFBlockExamples(contract.IFBlockExamples__insecure_1(int)).Non-interference contract.0.key 
56258      DEBUG main            d.u.i.k.p.i.AbstractProblemLoader Environment load took 93.6ns 
56260      INFO  main            d.u.i.k.p.i.AbstractProblemLoader Creating init config 
58837      DEBUG main            d.u.i.k.p.i.AbstractProblemLoader Init config took 2.58s 
58876      INFO  main            d.u.i.k.p.i.AbstractProblemLoader Replaying proof contract.IFBlockExamples[contract.IFBlockExamples::insecure_1(int)].Non-interference contract.0 
58879      DEBUG main            d.u.i.k.p.i.IntermediateProofReplayer Proof replay took 13ns 
59384      INFO  main            d.u.i.k.p.r.p.TestFile    ... finished proof: open goal(s) 
59611      INFO  main            d.u.i.k.p.r.p.TestFile    Now processing file /home/runner/work/key/key/key.core/../key.ui/examples/InformationFlow/BlockContracts/contract.IFBlockExamples(contract.IFBlockExamples__secure_4(int)).Non-interference contract.0.key 
59611      INFO  main            d.u.i.k.p.i.AbstractProblemLoader Loading environment from /home/runner/work/key/key/key.core/../key.ui/examples/InformationFlow/BlockContracts/contract.IFBlockExamples(contract.IFBlockExamples__secure_4(int)).Non-interference contract.0.key 
59612      DEBUG main            d.u.i.k.p.i.AbstractProblemLoader Environment load took 68ns 
59612      INFO  main            d.u.i.k.p.i.AbstractProblemLoader Creating init config 
62159      DEBUG main            d.u.i.k.p.i.AbstractProblemLoader Init config took 2.55s 
62197      INFO  main            d.u.i.k.p.i.AbstractProblemLoader Replaying proof contract.IFBlockExamples[contract.IFBlockExamples::secure_4(int)].Non-interference contract.0 
62199      DEBUG main            d.u.i.k.p.i.IntermediateProofReplayer Proof replay took 13.5ns 
62804      INFO  main            d.u.i.k.p.r.p.TestFile    ... finished proof: closed. 
63073      INFO  main            d.u.i.k.p.r.p.TestFile    Now processing file /home/runner/work/key/key/key.core/../key.ui/examples/InformationFlow/BlockContracts/contract.IFBlockExamples(contract.IFBlockExamples__secure_1(int)).Non-interference contract.0.key 
63073      INFO  main            d.u.i.k.p.i.AbstractProblemLoader Loading environment from /home/runner/work/key/key/key.core/../key.ui/examples/InformationFlow/BlockContracts/contract.IFBlockExamples(contract.IFBlockExamples__secure_1(int)).Non-interference contract.0.key 
63073      DEBUG main            d.u.i.k.p.i.AbstractProblemLoader Environment load took 76.9ns 
63075      INFO  main            d.u.i.k.p.i.AbstractProblemLoader Creating init config 
65629      DEBUG main            d.u.i.k.p.i.AbstractProblemLoader Init config took 2.55s 
65666      INFO  main            d.u.i.k.p.i.AbstractProblemLoader Replaying proof contract.IFBlockExamples[contract.IFBlockExamples::secure_1(int)].Non-interference contract.0 
65669      DEBUG main            d.u.i.k.p.i.IntermediateProofReplayer Proof replay took 15.9ns 
66372      INFO  main            d.u.i.k.p.r.p.TestFile    ... finished proof: closed. 
66562      INFO  main            d.u.i.k.p.r.p.TestFile    Now processing file /home/runner/work/key/key/key.core/../key.ui/examples/InformationFlow/BlockContracts/contract.IFEfficiencyExamples(contract.IFEfficiencyExamples__mWithoutBlockContract()).Non-interference contract.0.key 
66563      INFO  main            d.u.i.k.p.i.AbstractProblemLoader Loading environment from /home/runner/work/key/key/key.core/../key.ui/examples/InformationFlow/BlockContracts/contract.IFEfficiencyExamples(contract.IFEfficiencyExamples__mWithoutBlockContract()).Non-interference contract.0.key 
66563      DEBUG main            d.u.i.k.p.i.AbstractProblemLoader Environment load took 79.1ns 
66564      INFO  main            d.u.i.k.p.i.AbstractProblemLoader Creating init config 
69170      DEBUG main            d.u.i.k.p.i.AbstractProblemLoader Init config took 2.61s 
69215      INFO  main            d.u.i.k.p.i.AbstractProblemLoader Replaying proof contract.IFEfficiencyExamples[contract.IFEfficiencyExamples::mWithoutBlockContract()].Non-interference contract.0 
69219      DEBUG main            d.u.i.k.p.i.IntermediateProofReplayer Proof replay took 13.2ns 
71932      INFO  main            d.u.i.k.p.r.p.TestFile    ... finished proof: closed. 
72184      INFO  main            d.u.i.k.p.r.p.TestFile    Now processing file /home/runner/work/key/key/key.core/../key.ui/examples/InformationFlow/BlockContracts/contract.IFEfficiencyExamples(contract.IFEfficiencyExamples__mWithBlockContract()).Non-interference contract.0.key 
72185      INFO  main            d.u.i.k.p.i.AbstractProblemLoader Loading environment from /home/runner/work/key/key/key.core/../key.ui/examples/InformationFlow/BlockContracts/contract.IFEfficiencyExamples(contract.IFEfficiencyExamples__mWithBlockContract()).Non-interference contract.0.key 
72185      DEBUG main            d.u.i.k.p.i.AbstractProblemLoader Environment load took 148.8ns 
72186      INFO  main            d.u.i.k.p.i.AbstractProblemLoader Creating init config 
74713      DEBUG main            d.u.i.k.p.i.AbstractProblemLoader Init config took 2.53s 
74749      INFO  main            d.u.i.k.p.i.AbstractProblemLoader Replaying proof contract.IFEfficiencyExamples[contract.IFEfficiencyExamples::mWithBlockContract()].Non-interference contract.0 
74751      DEBUG main            d.u.i.k.p.i.IntermediateProofReplayer Proof replay took 13.5ns 
77089      INFO  main            d.u.i.k.p.r.p.TestFile    ... finished proof: closed. 
907938     INFO  Test worker     d.u.i.k.p.r.RunAllProofsTestUnit Returning from test BlockContracts_nomacro 
907939     INFO  Test worker     d.u.i.k.p.r.RunAllProofsTestUnit Running test MethodContracts_nomacro 
344        INFO  Timeout watchdog d.u.i.k.p.r.p.ForkedTestFileRunner Timeout watcher launched (1000 secs.) 
359        WARN  main            d.u.i.k.s.ProofSettings   The settings in /home/runner/.key/proof-settings.props are *not* read. 
380        INFO  main            d.u.i.k.p.r.p.TestFile    Now processing file /home/runner/work/key/key/key.core/../key.ui/examples/InformationFlow/MethodContracts/contract.IFMethodContract(contract.IFMethodContract__secure_recursion_2((I,int)).Non-interference contract.0.key 
484        INFO  main            d.u.i.k.p.i.AbstractProblemLoader Loading environment from /home/runner/work/key/key/key.core/../key.ui/examples/InformationFlow/MethodContracts/contract.IFMethodContract(contract.IFMethodContract__secure_recursion_2((I,int)).Non-interference contract.0.key 
514        DEBUG main            d.u.i.k.p.i.AbstractProblemLoader Environment load took 2.87ms 
721        INFO  main            d.u.i.k.p.i.AbstractProblemLoader Creating init config 
1500       DEBUG main            d.u.i.k.j.TypeConverter   No LDT found for Meta 
1501       DEBUG main            d.u.i.k.j.TypeConverter   No LDT found for Meta 
1502       DEBUG main            d.u.i.k.j.TypeConverter   No LDT found for Meta 
1502       DEBUG main            d.u.i.k.j.TypeConverter   No LDT found for Meta 
2815       DEBUG main            d.u.i.k.j.TypeConverter   No LDT found for JavaBigintExpression 
7877       DEBUG main            d.u.i.k.p.i.AbstractProblemLoader Init config took 7.16s 
8086       INFO  main            d.u.i.k.p.i.AbstractProblemLoader Replaying proof contract.IFMethodContract[contract.IFMethodContract::secure_recursion_2([I,int)].Non-interference contract.0 
8161       DEBUG main            d.u.i.k.p.i.IntermediateProofReplayer Proof replay took 400.11ns 
12009      INFO  main            d.u.i.k.p.r.p.TestFile    ... finished proof: closed. 
12227      INFO  main            d.u.i.k.p.r.p.TestFile    Now processing file /home/runner/work/key/key/key.core/../key.ui/examples/InformationFlow/MethodContracts/contract.IFMethodContract(contract.IFMethodContract__secure_recursion(int)).Non-interference contract.0.key 
12233      INFO  main            d.u.i.k.p.i.AbstractProblemLoader Loading environment from /home/runner/work/key/key/key.core/../key.ui/examples/InformationFlow/MethodContracts/contract.IFMethodContract(contract.IFMethodContract__secure_recursion(int)).Non-interference contract.0.key 
12234      DEBUG main            d.u.i.k.p.i.AbstractProblemLoader Environment load took 1.58ms 
12237      INFO  main            d.u.i.k.p.i.AbstractProblemLoader Creating init config 
15078      DEBUG main            d.u.i.k.p.i.AbstractProblemLoader Init config took 2.84s 
15139      INFO  main            d.u.i.k.p.i.AbstractProblemLoader Replaying proof contract.IFMethodContract[contract.IFMethodContract::secure_recursion(int)].Non-interference contract.0 
15143      DEBUG main            d.u.i.k.p.i.IntermediateProofReplayer Proof replay took 12.9ns 
15547      INFO  main            d.u.i.k.p.r.p.TestFile    ... finished proof: closed. 
15672      INFO  main            d.u.i.k.p.r.p.TestFile    Now processing file /home/runner/work/key/key/key.core/../key.ui/examples/InformationFlow/MethodContracts/contract.IFMethodContract(contract.IFMethodContract__secure_catch_exception()).Non-interference contract.0.key 
15672      INFO  main            d.u.i.k.p.i.AbstractProblemLoader Loading environment from /home/runner/work/key/key/key.core/../key.ui/examples/InformationFlow/MethodContracts/contract.IFMethodContract(contract.IFMethodContract__secure_catch_exception()).Non-interference contract.0.key 
15673      DEBUG main            d.u.i.k.p.i.AbstractProblemLoader Environment load took 124.1ns 
15674      INFO  main            d.u.i.k.p.i.AbstractProblemLoader Creating init config 
18454      DEBUG main            d.u.i.k.p.i.AbstractProblemLoader Init config took 2.78s 
18509      INFO  main            d.u.i.k.p.i.AbstractProblemLoader Replaying proof contract.IFMethodContract[contract.IFMethodContract::secure_catch_exception()].Non-interference contract.0 
18516      DEBUG main            d.u.i.k.p.i.IntermediateProofReplayer Proof replay took 13.4ns 
18920      INFO  main            d.u.i.k.p.r.p.TestFile    ... finished proof: closed. 
19051      INFO  main            d.u.i.k.p.r.p.TestFile    Now processing file /home/runner/work/key/key/key.core/../key.ui/examples/InformationFlow/MethodContracts/contract.IFMethodContract(contract.IFMethodContract__n6()).Non-interference contract.0.key 
19053      INFO  main            d.u.i.k.p.i.AbstractProblemLoader Loading environment from /home/runner/work/key/key/key.core/../key.ui/examples/InformationFlow/MethodContracts/contract.IFMethodContract(contract.IFMethodContract__n6()).Non-interference contract.0.key 
19054      DEBUG main            d.u.i.k.p.i.AbstractProblemLoader Environment load took 134.8ns 
19056      INFO  main            d.u.i.k.p.i.AbstractProblemLoader Creating init config 
21798      DEBUG main            d.u.i.k.p.i.AbstractProblemLoader Init config took 2.74s 
21859      INFO  main            d.u.i.k.p.i.AbstractProblemLoader Replaying proof contract.IFMethodContract[contract.IFMethodContract::n6()].Non-interference contract.0 
21862      DEBUG main            d.u.i.k.p.i.IntermediateProofReplayer Proof replay took 13.7ns 
22065      INFO  main            d.u.i.k.p.r.p.TestFile    ... finished proof: closed. 
22197      INFO  main            d.u.i.k.p.r.p.TestFile    Now processing file /home/runner/work/key/key/key.core/../key.ui/examples/InformationFlow/MethodContracts/contract.IFMethodContract(contract.IFMethodContract__secure_n6()).Non-interference contract.0.key 
22198      INFO  main            d.u.i.k.p.i.AbstractProblemLoader Loading environment from /home/runner/work/key/key/key.core/../key.ui/examples/InformationFlow/MethodContracts/contract.IFMethodContract(contract.IFMethodContract__secure_n6()).Non-interference contract.0.key 
22198      DEBUG main            d.u.i.k.p.i.AbstractProblemLoader Environment load took 106.6ns 
22200      INFO  main            d.u.i.k.p.i.AbstractProblemLoader Creating init config 
24866      DEBUG main            d.u.i.k.p.i.AbstractProblemLoader Init config took 2.67s 
24912      INFO  main            d.u.i.k.p.i.AbstractProblemLoader Replaying proof contract.IFMethodContract[contract.IFMethodContract::secure_n6()].Non-interference contract.0 
24914      DEBUG main            d.u.i.k.p.i.IntermediateProofReplayer Proof replay took 12.3ns 
25118      INFO  main            d.u.i.k.p.r.p.TestFile    ... finished proof: closed. 
25253      INFO  main            d.u.i.k.p.r.p.TestFile    Now processing file /home/runner/work/key/key/key.core/../key.ui/examples/InformationFlow/MethodContracts/contract.IFMethodContract(contract.IFMethodContract__secure_array_param((I,int)).Non-interference contract.0.key 
25253      INFO  main            d.u.i.k.p.i.AbstractProblemLoader Loading environment from /home/runner/work/key/key/key.core/../key.ui/examples/InformationFlow/MethodContracts/contract.IFMethodContract(contract.IFMethodContract__secure_array_param((I,int)).Non-interference contract.0.key 
25254      DEBUG main            d.u.i.k.p.i.AbstractProblemLoader Environment load took 489.21ns 
25255      INFO  main            d.u.i.k.p.i.AbstractProblemLoader Creating init config 
27903      DEBUG main            d.u.i.k.p.i.AbstractProblemLoader Init config took 2.65s 
27970      INFO  main            d.u.i.k.p.i.AbstractProblemLoader Replaying proof contract.IFMethodContract[contract.IFMethodContract::secure_array_param([I,int)].Non-interference contract.0 
27980      DEBUG main            d.u.i.k.p.i.IntermediateProofReplayer Proof replay took 14.4ns 
29085      INFO  main            d.u.i.k.p.r.p.TestFile    ... finished proof: closed. 
29233      INFO  main            d.u.i.k.p.r.p.TestFile    Now processing file /home/runner/work/key/key/key.core/../key.ui/examples/InformationFlow/MethodContracts/contract.IFMethodContract(contract.IFMethodContract__secure_assignment_0_n9()).Non-interference contract.0.key 
29233      INFO  main            d.u.i.k.p.i.AbstractProblemLoader Loading environment from /home/runner/work/key/key/key.core/../key.ui/examples/InformationFlow/MethodContracts/contract.IFMethodContract(contract.IFMethodContract__secure_assignment_0_n9()).Non-interference contract.0.key 
29233      DEBUG main            d.u.i.k.p.i.AbstractProblemLoader Environment load took 62.4ns 
29235      INFO  main            d.u.i.k.p.i.AbstractProblemLoader Creating init config 
31838      DEBUG main            d.u.i.k.p.i.AbstractProblemLoader Init config took 2.6s 
31883      INFO  main            d.u.i.k.p.i.AbstractProblemLoader Replaying proof contract.IFMethodContract[contract.IFMethodContract::secure_assignment_0_n9()].Non-interference contract.0 
31885      DEBUG main            d.u.i.k.p.i.IntermediateProofReplayer Proof replay took 13.2ns 
32088      INFO  main            d.u.i.k.p.r.p.TestFile    ... finished proof: closed. 
32235      INFO  main            d.u.i.k.p.r.p.TestFile    Now processing file /home/runner/work/key/key/key.core/../key.ui/examples/InformationFlow/MethodContracts/contract.IFMethodContract(contract.IFMethodContract__insecure_if_high_n5_n1()).Non-interference contract.0.key 
32235      INFO  main            d.u.i.k.p.i.AbstractProblemLoader Loading environment from /home/runner/work/key/key/key.core/../key.ui/examples/InformationFlow/MethodContracts/contract.IFMethodContract(contract.IFMethodContract__insecure_if_high_n5_n1()).Non-interference contract.0.key 
32236      DEBUG main            d.u.i.k.p.i.AbstractProblemLoader Environment load took 62.4ns 
32237      INFO  main            d.u.i.k.p.i.AbstractProblemLoader Creating init config 
34860      DEBUG main            d.u.i.k.p.i.AbstractProblemLoader Init config took 2.62s 
34915      INFO  main            d.u.i.k.p.i.AbstractProblemLoader Replaying proof contract.IFMethodContract[contract.IFMethodContract::insecure_if_high_n5_n1()].Non-interference contract.0 
34920      DEBUG main            d.u.i.k.p.i.IntermediateProofReplayer Proof replay took 14.4ns 
35629      INFO  main            d.u.i.k.p.r.p.TestFile    ... finished proof: open goal(s) 
35854      INFO  main            d.u.i.k.p.r.p.TestFile    Now processing file /home/runner/work/key/key/key.core/../key.ui/examples/InformationFlow/MethodContracts/contract.IFMethodContract(contract.IFMethodContract__n5(int)).Non-interference contract.0.key 
35854      INFO  main            d.u.i.k.p.i.AbstractProblemLoader Loading environment from /home/runner/work/key/key/key.core/../key.ui/examples/InformationFlow/MethodContracts/contract.IFMethodContract(contract.IFMethodContract__n5(int)).Non-interference contract.0.key 
35854      DEBUG main            d.u.i.k.p.i.AbstractProblemLoader Environment load took 94.3ns 
35855      INFO  main            d.u.i.k.p.i.AbstractProblemLoader Creating init config 
38429      DEBUG main            d.u.i.k.p.i.AbstractProblemLoader Init config took 2.57s 
38472      INFO  main            d.u.i.k.p.i.AbstractProblemLoader Replaying proof contract.IFMethodContract[contract.IFMethodContract::n5(int)].Non-interference contract.0 
38475      DEBUG main            d.u.i.k.p.i.IntermediateProofReplayer Proof replay took 13.2ns 
38577      INFO  main            d.u.i.k.p.r.p.TestFile    ... finished proof: closed. 
38729      INFO  main            d.u.i.k.p.r.p.TestFile    Now processing file /home/runner/work/key/key/key.core/../key.ui/examples/InformationFlow/MethodContracts/contract.IFMethodContract(contract.IFMethodContract__secure_if_high_n5_n1()).Non-interference contract.0.key 
38729      INFO  main            d.u.i.k.p.i.AbstractProblemLoader Loading environment from /home/runner/work/key/key/key.core/../key.ui/examples/InformationFlow/MethodContracts/contract.IFMethodContract(contract.IFMethodContract__secure_if_high_n5_n1()).Non-interference contract.0.key 
38729      DEBUG main            d.u.i.k.p.i.AbstractProblemLoader Environment load took 96.1ns 
38730      INFO  main            d.u.i.k.p.i.AbstractProblemLoader Creating init config 
41301      DEBUG main            d.u.i.k.p.i.AbstractProblemLoader Init config took 2.57s 
41343      INFO  main            d.u.i.k.p.i.AbstractProblemLoader Replaying proof contract.IFMethodContract[contract.IFMethodContract::secure_if_high_n5_n1()].Non-interference contract.0 
41345      DEBUG main            d.u.i.k.p.i.IntermediateProofReplayer Proof replay took 13.1ns 
42252      INFO  main            d.u.i.k.p.r.p.TestFile    ... finished proof: closed. 
42439      INFO  main            d.u.i.k.p.r.p.TestFile    Now processing file /home/runner/work/key/key/key.core/../key.ui/examples/InformationFlow/MethodContracts/contract.IFMethodContract(contract.IFMethodContract__secure_if_high_n1()).Non-interference contract.0.key 
42440      INFO  main            d.u.i.k.p.i.AbstractProblemLoader Loading environment from /home/runner/work/key/key/key.core/../key.ui/examples/InformationFlow/MethodContracts/contract.IFMethodContract(contract.IFMethodContract__secure_if_high_n1()).Non-interference contract.0.key 
42442      DEBUG main            d.u.i.k.p.i.AbstractProblemLoader Environment load took 82ns 
42443      INFO  main            d.u.i.k.p.i.AbstractProblemLoader Creating init config 
45020      DEBUG main            d.u.i.k.p.i.AbstractProblemLoader Init config took 2.58s 
45067      INFO  main            d.u.i.k.p.i.AbstractProblemLoader Replaying proof contract.IFMethodContract[contract.IFMethodContract::secure_if_high_n1()].Non-interference contract.0 
45070      DEBUG main            d.u.i.k.p.i.IntermediateProofReplayer Proof replay took 14.5ns 
45699      INFO  main            d.u.i.k.p.r.p.TestFile    ... finished proof: closed. 
45926      INFO  main            d.u.i.k.p.r.p.TestFile    Now processing file /home/runner/work/key/key/key.core/../key.ui/examples/InformationFlow/MethodContracts/contract.IFMethodContract(contract.IFMethodContract__secure_n5()).Non-interference contract.0.key 
45928      INFO  main            d.u.i.k.p.i.AbstractProblemLoader Loading environment from /home/runner/work/key/key/key.core/../key.ui/examples/InformationFlow/MethodContracts/contract.IFMethodContract(contract.IFMethodContract__secure_n5()).Non-interference contract.0.key 
45928      DEBUG main            d.u.i.k.p.i.AbstractProblemLoader Environment load took 119.6ns 
45930      INFO  main            d.u.i.k.p.i.AbstractProblemLoader Creating init config 
48480      DEBUG main            d.u.i.k.p.i.AbstractProblemLoader Init config took 2.55s 
48521      INFO  main            d.u.i.k.p.i.AbstractProblemLoader Replaying proof contract.IFMethodContract[contract.IFMethodContract::secure_n5()].Non-interference contract.0 
48523      DEBUG main            d.u.i.k.p.i.IntermediateProofReplayer Proof replay took 13.8ns 
48726      INFO  main            d.u.i.k.p.r.p.TestFile    ... finished proof: closed. 
48912      INFO  main            d.u.i.k.p.r.p.TestFile    Now processing file /home/runner/work/key/key/key.core/../key.ui/examples/InformationFlow/MethodContracts/contract.IFMethodContract(contract.IFMethodContract__n4()).Non-interference contract.0.key 
48913      INFO  main            d.u.i.k.p.i.AbstractProblemLoader Loading environment from /home/runner/work/key/key/key.core/../key.ui/examples/InformationFlow/MethodContracts/contract.IFMethodContract(contract.IFMethodContract__n4()).Non-interference contract.0.key 
48913      DEBUG main            d.u.i.k.p.i.AbstractProblemLoader Environment load took 111.1ns 
48914      INFO  main            d.u.i.k.p.i.AbstractProblemLoader Creating init config 
51482      DEBUG main            d.u.i.k.p.i.AbstractProblemLoader Init config took 2.57s 
51520      INFO  main            d.u.i.k.p.i.AbstractProblemLoader Replaying proof contract.IFMethodContract[contract.IFMethodContract::n4()].Non-interference contract.0 
51522      DEBUG main            d.u.i.k.p.i.IntermediateProofReplayer Proof replay took 13ns 
51726      INFO  main            d.u.i.k.p.r.p.TestFile    ... finished proof: closed. 
51882      INFO  main            d.u.i.k.p.r.p.TestFile    Now processing file /home/runner/work/key/key/key.core/../key.ui/examples/InformationFlow/MethodContracts/contract.IFMethodContract(contract.IFMethodContract__n3()).Non-interference contract.0.key 
51882      INFO  main            d.u.i.k.p.i.AbstractProblemLoader Loading environment from /home/runner/work/key/key/key.core/../key.ui/examples/InformationFlow/MethodContracts/contract.IFMethodContract(contract.IFMethodContract__n3()).Non-interference contract.0.key 
51882      DEBUG main            d.u.i.k.p.i.AbstractProblemLoader Environment load took 57ns 
51884      INFO  main            d.u.i.k.p.i.AbstractProblemLoader Creating init config 
54438      DEBUG main            d.u.i.k.p.i.AbstractProblemLoader Init config took 2.55s 
54488      INFO  main            d.u.i.k.p.i.AbstractProblemLoader Replaying proof contract.IFMethodContract[contract.IFMethodContract::n3()].Non-interference contract.0 
54492      DEBUG main            d.u.i.k.p.i.IntermediateProofReplayer Proof replay took 17.7ns 
54594      INFO  main            d.u.i.k.p.r.p.TestFile    ... finished proof: closed. 
54750      INFO  main            d.u.i.k.p.r.p.TestFile    Now processing file /home/runner/work/key/key/key.core/../key.ui/examples/InformationFlow/MethodContracts/contract.IFMethodContract(contract.IFMethodContract__secure_sequential_n3_precond_n4()).Non-interference contract.0.key 
54750      INFO  main            d.u.i.k.p.i.AbstractProblemLoader Loading environment from /home/runner/work/key/key/key.core/../key.ui/examples/InformationFlow/MethodContracts/contract.IFMethodContract(contract.IFMethodContract__secure_sequential_n3_precond_n4()).Non-interference contract.0.key 
54750      DEBUG main            d.u.i.k.p.i.AbstractProblemLoader Environment load took 61.7ns 
54751      INFO  main            d.u.i.k.p.i.AbstractProblemLoader Creating init config 
57302      DEBUG main            d.u.i.k.p.i.AbstractProblemLoader Init config took 2.55s 
57339      INFO  main            d.u.i.k.p.i.AbstractProblemLoader Replaying proof contract.IFMethodContract[contract.IFMethodContract::secure_sequential_n3_precond_n4()].Non-interference contract.0 
57342      DEBUG main            d.u.i.k.p.i.IntermediateProofReplayer Proof replay took 17.8ns 
57646      INFO  main            d.u.i.k.p.r.p.TestFile    ... finished proof: closed. 
57815      INFO  main            d.u.i.k.p.r.p.TestFile    Now processing file /home/runner/work/key/key/key.core/../key.ui/examples/InformationFlow/MethodContracts/contract.IFMethodContract(contract.IFMethodContract__insecure_assignment_n2()).Non-interference contract.0.key 
57816      INFO  main            d.u.i.k.p.i.AbstractProblemLoader Loading environment from /home/runner/work/key/key/key.core/../key.ui/examples/InformationFlow/MethodContracts/contract.IFMethodContract(contract.IFMethodContract__insecure_assignment_n2()).Non-interference contract.0.key 
57816      DEBUG main            d.u.i.k.p.i.AbstractProblemLoader Environment load took 194.1ns 
57817      INFO  main            d.u.i.k.p.i.AbstractProblemLoader Creating init config 
60346      DEBUG main            d.u.i.k.p.i.AbstractProblemLoader Init config took 2.53s 
60382      INFO  main            d.u.i.k.p.i.AbstractProblemLoader Replaying proof contract.IFMethodContract[contract.IFMethodContract::insecure_assignment_n2()].Non-interference contract.0 
60385      DEBUG main            d.u.i.k.p.i.IntermediateProofReplayer Proof replay took 13ns 
60590      INFO  main            d.u.i.k.p.r.p.TestFile    ... finished proof: open goal(s) 
60750      INFO  main            d.u.i.k.p.r.p.TestFile    Now processing file /home/runner/work/key/key/key.core/../key.ui/examples/InformationFlow/MethodContracts/contract.IFMethodContract(contract.IFMethodContract__secure_assignments_n2()).Non-interference contract.0.key 
60750      INFO  main            d.u.i.k.p.i.AbstractProblemLoader Loading environment from /home/runner/work/key/key/key.core/../key.ui/examples/InformationFlow/MethodContracts/contract.IFMethodContract(contract.IFMethodContract__secure_assignments_n2()).Non-interference contract.0.key 
60750      DEBUG main            d.u.i.k.p.i.AbstractProblemLoader Environment load took 89.2ns 
60751      INFO  main            d.u.i.k.p.i.AbstractProblemLoader Creating init config 
63293      DEBUG main            d.u.i.k.p.i.AbstractProblemLoader Init config took 2.54s 
63329      INFO  main            d.u.i.k.p.i.AbstractProblemLoader Replaying proof contract.IFMethodContract[contract.IFMethodContract::secure_assignments_n2()].Non-interference contract.0 
63331      DEBUG main            d.u.i.k.p.i.IntermediateProofReplayer Proof replay took 13.5ns 
63533      INFO  main            d.u.i.k.p.r.p.TestFile    ... finished proof: closed. 
63713      INFO  main            d.u.i.k.p.r.p.TestFile    Now processing file /home/runner/work/key/key/key.core/../key.ui/examples/InformationFlow/MethodContracts/contract.IFMethodContract(contract.IFMethodContract__n2()).Non-interference contract.0.key 
63713      INFO  main            d.u.i.k.p.i.AbstractProblemLoader Loading environment from /home/runner/work/key/key/key.core/../key.ui/examples/InformationFlow/MethodContracts/contract.IFMethodContract(contract.IFMethodContract__n2()).Non-interference contract.0.key 
63713      DEBUG main            d.u.i.k.p.i.AbstractProblemLoader Environment load took 61.8ns 
63714      INFO  main            d.u.i.k.p.i.AbstractProblemLoader Creating init config 
66229      DEBUG main            d.u.i.k.p.i.AbstractProblemLoader Init config took 2.51s 
66265      INFO  main            d.u.i.k.p.i.AbstractProblemLoader Replaying proof contract.IFMethodContract[contract.IFMethodContract::n2()].Non-interference contract.0 
66267      DEBUG main            d.u.i.k.p.i.IntermediateProofReplayer Proof replay took 14ns 
66369      INFO  main            d.u.i.k.p.r.p.TestFile    ... finished proof: closed. 
66543      INFO  main            d.u.i.k.p.r.p.TestFile    Now processing file /home/runner/work/key/key/key.core/../key.ui/examples/InformationFlow/MethodContracts/contract.IFMethodContract(contract.IFMethodContract__n1()).Non-interference contract.0.key 
66544      INFO  main            d.u.i.k.p.i.AbstractProblemLoader Loading environment from /home/runner/work/key/key/key.core/../key.ui/examples/InformationFlow/MethodContracts/contract.IFMethodContract(contract.IFMethodContract__n1()).Non-interference contract.0.key 
66544      DEBUG main            d.u.i.k.p.i.AbstractProblemLoader Environment load took 66.6ns 
66545      INFO  main            d.u.i.k.p.i.AbstractProblemLoader Creating init config 
69062      DEBUG main            d.u.i.k.p.i.AbstractProblemLoader Init config took 2.52s 
69098      INFO  main            d.u.i.k.p.i.AbstractProblemLoader Replaying proof contract.IFMethodContract[contract.IFMethodContract::n1()].Non-interference contract.0 
69102      DEBUG main            d.u.i.k.p.i.IntermediateProofReplayer Proof replay took 14.5ns 
69204      INFO  main            d.u.i.k.p.r.p.TestFile    ... finished proof: closed. 
69372      INFO  main            d.u.i.k.p.r.p.TestFile    Now processing file /home/runner/work/key/key/key.core/../key.ui/examples/InformationFlow/MethodContracts/contract.IFMethodContract(contract.IFMethodContract__secure_sequential_n1_n2()).Non-interference contract.0.key 
69372      INFO  main            d.u.i.k.p.i.AbstractProblemLoader Loading environment from /home/runner/work/key/key/key.core/../key.ui/examples/InformationFlow/MethodContracts/contract.IFMethodContract(contract.IFMethodContract__secure_sequential_n1_n2()).Non-interference contract.0.key 
69372      DEBUG main            d.u.i.k.p.i.AbstractProblemLoader Environment load took 58.7ns 
69373      INFO  main            d.u.i.k.p.i.AbstractProblemLoader Creating init config 
71882      DEBUG main            d.u.i.k.p.i.AbstractProblemLoader Init config took 2.51s 
71920      INFO  main            d.u.i.k.p.i.AbstractProblemLoader Replaying proof contract.IFMethodContract[contract.IFMethodContract::secure_sequential_n1_n2()].Non-interference contract.0 
71922      DEBUG main            d.u.i.k.p.i.IntermediateProofReplayer Proof replay took 13.8ns 
72124      INFO  main            d.u.i.k.p.r.p.TestFile    ... finished proof: closed. 
980450     INFO  Test worker     d.u.i.k.p.r.RunAllProofsTestUnit Returning from test MethodContracts_nomacro 
980451     INFO  Test worker     d.u.i.k.p.r.RunAllProofsTestUnit Running test LoopInvariants_nomacro 
341        INFO  Timeout watchdog d.u.i.k.p.r.p.ForkedTestFileRunner Timeout watcher launched (1000 secs.) 
348        WARN  main            d.u.i.k.s.ProofSettings   The settings in /home/runner/.key/proof-settings.props are *not* read. 
392        INFO  main            d.u.i.k.p.r.p.TestFile    Now processing file /home/runner/work/key/key/key.core/../key.ui/examples/InformationFlow/LoopInvariants/loop.IFLoopExamples(loop.IFLoopExamples__insecure_while_3(int)).Non-interference contract.0.key 
502        INFO  main            d.u.i.k.p.i.AbstractProblemLoader Loading environment from /home/runner/work/key/key/key.core/../key.ui/examples/InformationFlow/LoopInvariants/loop.IFLoopExamples(loop.IFLoopExamples__insecure_while_3(int)).Non-interference contract.0.key 
527        DEBUG main            d.u.i.k.p.i.AbstractProblemLoader Environment load took 2.27ms 
742        INFO  main            d.u.i.k.p.i.AbstractProblemLoader Creating init config 
1642       DEBUG main            d.u.i.k.j.TypeConverter   No LDT found for Meta 
1646       DEBUG main            d.u.i.k.j.TypeConverter   No LDT found for Meta 
1649       DEBUG main            d.u.i.k.j.TypeConverter   No LDT found for Meta 
1650       DEBUG main            d.u.i.k.j.TypeConverter   No LDT found for Meta 
3078       DEBUG main            d.u.i.k.j.TypeConverter   No LDT found for JavaBigintExpression 
8552       DEBUG main            d.u.i.k.p.i.AbstractProblemLoader Init config took 7.81s 
8753       INFO  main            d.u.i.k.p.i.AbstractProblemLoader Replaying proof loop.IFLoopExamples[loop.IFLoopExamples::insecure_while_3(int)].Non-interference contract.0 
8834       DEBUG main            d.u.i.k.p.i.IntermediateProofReplayer Proof replay took 365.11ns 
11826      INFO  main            d.u.i.k.p.r.p.TestFile    ... finished proof: open goal(s) 
11979      INFO  main            d.u.i.k.p.r.p.TestFile    Now processing file /home/runner/work/key/key/key.core/../key.ui/examples/InformationFlow/LoopInvariants/loop.IFLoopExamples(loop.IFLoopExamples__secure_while_2(int)).Non-interference contract.0.key 
11981      INFO  main            d.u.i.k.p.i.AbstractProblemLoader Loading environment from /home/runner/work/key/key/key.core/../key.ui/examples/InformationFlow/LoopInvariants/loop.IFLoopExamples(loop.IFLoopExamples__secure_while_2(int)).Non-interference contract.0.key 
11983      DEBUG main            d.u.i.k.p.i.AbstractProblemLoader Environment load took 1.52ms 
11986      INFO  main            d.u.i.k.p.i.AbstractProblemLoader Creating init config 
15116      DEBUG main            d.u.i.k.p.i.AbstractProblemLoader Init config took 3.13s 
15199      INFO  main            d.u.i.k.p.i.AbstractProblemLoader Replaying proof loop.IFLoopExamples[loop.IFLoopExamples::secure_while_2(int)].Non-interference contract.0 
15208      DEBUG main            d.u.i.k.p.i.IntermediateProofReplayer Proof replay took 13.5ns 
16816      INFO  main            d.u.i.k.p.r.p.TestFile    ... finished proof: closed. 
17009      INFO  main            d.u.i.k.p.r.p.TestFile    Now processing file /home/runner/work/key/key/key.core/../key.ui/examples/InformationFlow/LoopInvariants/loop.IFLoopExamples(loop.IFLoopExamples__secure_while_4(int)).Non-interference contract.0.key 
17009      INFO  main            d.u.i.k.p.i.AbstractProblemLoader Loading environment from /home/runner/work/key/key/key.core/../key.ui/examples/InformationFlow/LoopInvariants/loop.IFLoopExamples(loop.IFLoopExamples__secure_while_4(int)).Non-interference contract.0.key 
17010      DEBUG main            d.u.i.k.p.i.AbstractProblemLoader Environment load took 122.3ns 
17012      INFO  main            d.u.i.k.p.i.AbstractProblemLoader Creating init config 
19997      DEBUG main            d.u.i.k.p.i.AbstractProblemLoader Init config took 2.99s 
20051      INFO  main            d.u.i.k.p.i.AbstractProblemLoader Replaying proof loop.IFLoopExamples[loop.IFLoopExamples::secure_while_4(int)].Non-interference contract.0 
20055      DEBUG main            d.u.i.k.p.i.IntermediateProofReplayer Proof replay took 12.2ns 
21497      INFO  main            d.u.i.k.p.r.p.TestFile    ... finished proof: closed. 
21648      INFO  main            d.u.i.k.p.r.p.TestFile    Now processing file /home/runner/work/key/key/key.core/../key.ui/examples/InformationFlow/LoopInvariants/loop.IFLoopExamples(loop.IFLoopExamples__insecure_doubleNestedWhile2(int)).Non-interference contract.0.key 
21648      INFO  main            d.u.i.k.p.i.AbstractProblemLoader Loading environment from /home/runner/work/key/key/key.core/../key.ui/examples/InformationFlow/LoopInvariants/loop.IFLoopExamples(loop.IFLoopExamples__insecure_doubleNestedWhile2(int)).Non-interference contract.0.key 
21648      DEBUG main            d.u.i.k.p.i.AbstractProblemLoader Environment load took 98.8ns 
21649      INFO  main            d.u.i.k.p.i.AbstractProblemLoader Creating init config 
24597      DEBUG main            d.u.i.k.p.i.AbstractProblemLoader Init config took 2.95s 
24644      INFO  main            d.u.i.k.p.i.AbstractProblemLoader Replaying proof loop.IFLoopExamples[loop.IFLoopExamples::insecure_doubleNestedWhile2(int)].Non-interference contract.0 
24648      DEBUG main            d.u.i.k.p.i.IntermediateProofReplayer Proof replay took 13.1ns 
33736      INFO  main            d.u.i.k.p.r.p.TestFile    ... finished proof: open goal(s) 
33945      INFO  main            d.u.i.k.p.r.p.TestFile    Now processing file /home/runner/work/key/key/key.core/../key.ui/examples/InformationFlow/LoopInvariants/loop.IFLoopExamples(loop.IFLoopExamples__insecure_doubleNestedWhile(int)).Non-interference contract.0.key 
33946      INFO  main            d.u.i.k.p.i.AbstractProblemLoader Loading environment from /home/runner/work/key/key/key.core/../key.ui/examples/InformationFlow/LoopInvariants/loop.IFLoopExamples(loop.IFLoopExamples__insecure_doubleNestedWhile(int)).Non-interference contract.0.key 
33946      DEBUG main            d.u.i.k.p.i.AbstractProblemLoader Environment load took 118.8ns 
33947      INFO  main            d.u.i.k.p.i.AbstractProblemLoader Creating init config 
36807      DEBUG main            d.u.i.k.p.i.AbstractProblemLoader Init config took 2.86s 
36851      INFO  main            d.u.i.k.p.i.AbstractProblemLoader Replaying proof loop.IFLoopExamples[loop.IFLoopExamples::insecure_doubleNestedWhile(int)].Non-interference contract.0 
36854      DEBUG main            d.u.i.k.p.i.IntermediateProofReplayer Proof replay took 13ns 
44857      INFO  main            d.u.i.k.p.r.p.TestFile    ... finished proof: open goal(s) 
45159      INFO  main            d.u.i.k.p.r.p.TestFile    Now processing file /home/runner/work/key/key/key.core/../key.ui/examples/InformationFlow/LoopInvariants/loop.IFLoopExamples(loop.IFLoopExamples__secure_doubleNestedWhile(int)).Non-interference contract.0.key 
45159      INFO  main            d.u.i.k.p.i.AbstractProblemLoader Loading environment from /home/runner/work/key/key/key.core/../key.ui/examples/InformationFlow/LoopInvariants/loop.IFLoopExamples(loop.IFLoopExamples__secure_doubleNestedWhile(int)).Non-interference contract.0.key 
45159      DEBUG main            d.u.i.k.p.i.AbstractProblemLoader Environment load took 105.7ns 
45161      INFO  main            d.u.i.k.p.i.AbstractProblemLoader Creating init config 
47957      DEBUG main            d.u.i.k.p.i.AbstractProblemLoader Init config took 2.8s 
47999      INFO  main            d.u.i.k.p.i.AbstractProblemLoader Replaying proof loop.IFLoopExamples[loop.IFLoopExamples::secure_doubleNestedWhile(int)].Non-interference contract.0 
48002      DEBUG main            d.u.i.k.p.i.IntermediateProofReplayer Proof replay took 12.8ns 
55583      INFO  main            d.u.i.k.p.r.p.TestFile    ... finished proof: closed. 
55904      INFO  main            d.u.i.k.p.r.p.TestFile    Now processing file /home/runner/work/key/key/key.core/../key.ui/examples/InformationFlow/LoopInvariants/loop.IFLoopExamples(loop.IFLoopExamples__secure_nestedTwoWhile(int)).Non-interference contract.0.key 
55904      INFO  main            d.u.i.k.p.i.AbstractProblemLoader Loading environment from /home/runner/work/key/key/key.core/../key.ui/examples/InformationFlow/LoopInvariants/loop.IFLoopExamples(loop.IFLoopExamples__secure_nestedTwoWhile(int)).Non-interference contract.0.key 
55905      DEBUG main            d.u.i.k.p.i.AbstractProblemLoader Environment load took 70ns 
55905      INFO  main            d.u.i.k.p.i.AbstractProblemLoader Creating init config 
58675      DEBUG main            d.u.i.k.p.i.AbstractProblemLoader Init config took 2.77s 
58715      INFO  main            d.u.i.k.p.i.AbstractProblemLoader Replaying proof loop.IFLoopExamples[loop.IFLoopExamples::secure_nestedTwoWhile(int)].Non-interference contract.0 
58718      DEBUG main            d.u.i.k.p.i.IntermediateProofReplayer Proof replay took 14ns 
64276      INFO  main            d.u.i.k.p.r.p.TestFile    ... finished proof: closed. 
64485      INFO  main            d.u.i.k.p.r.p.TestFile    Now processing file /home/runner/work/key/key/key.core/../key.ui/examples/InformationFlow/LoopInvariants/loop.IFLoopExamples(loop.IFLoopExamples__secure_nestedWhile(int)).Non-interference contract.0.key 
64486      INFO  main            d.u.i.k.p.i.AbstractProblemLoader Loading environment from /home/runner/work/key/key/key.core/../key.ui/examples/InformationFlow/LoopInvariants/loop.IFLoopExamples(loop.IFLoopExamples__secure_nestedWhile(int)).Non-interference contract.0.key 
64486      DEBUG main            d.u.i.k.p.i.AbstractProblemLoader Environment load took 118.8ns 
64487      INFO  main            d.u.i.k.p.i.AbstractProblemLoader Creating init config 
67276      DEBUG main            d.u.i.k.p.i.AbstractProblemLoader Init config took 2.79s 
67315      INFO  main            d.u.i.k.p.i.AbstractProblemLoader Replaying proof loop.IFLoopExamples[loop.IFLoopExamples::secure_nestedWhile(int)].Non-interference contract.0 
67318      DEBUG main            d.u.i.k.p.i.IntermediateProofReplayer Proof replay took 14.1ns 
70548      INFO  main            d.u.i.k.p.r.p.TestFile    ... finished proof: closed. 
70746      INFO  main            d.u.i.k.p.r.p.TestFile    Now processing file /home/runner/work/key/key/key.core/../key.ui/examples/InformationFlow/LoopInvariants/loop.IFLoopExamples(loop.IFLoopExamples__notSecure_while(int)).Non-interference contract.0.key 
70747      INFO  main            d.u.i.k.p.i.AbstractProblemLoader Loading environment from /home/runner/work/key/key/key.core/../key.ui/examples/InformationFlow/LoopInvariants/loop.IFLoopExamples(loop.IFLoopExamples__notSecure_while(int)).Non-interference contract.0.key 
70747      DEBUG main            d.u.i.k.p.i.AbstractProblemLoader Environment load took 112.4ns 
70749      INFO  main            d.u.i.k.p.i.AbstractProblemLoader Creating init config 
73648      DEBUG main            d.u.i.k.p.i.AbstractProblemLoader Init config took 2.9s 
73687      INFO  main            d.u.i.k.p.i.AbstractProblemLoader Replaying proof loop.IFLoopExamples[loop.IFLoopExamples::notSecure_while(int)].Non-interference contract.0 
73694      DEBUG main            d.u.i.k.p.i.IntermediateProofReplayer Proof replay took 14.4ns 
74803      INFO  main            d.u.i.k.p.r.p.TestFile    ... finished proof: open goal(s) 
74989      INFO  main            d.u.i.k.p.r.p.TestFile    Now processing file /home/runner/work/key/key/key.core/../key.ui/examples/InformationFlow/LoopInvariants/loop.IFLoopExamples(loop.IFLoopExamples__notSecure_while_wrongInv(int)).Non-interference contract.0.key 
74989      INFO  main            d.u.i.k.p.i.AbstractProblemLoader Loading environment from /home/runner/work/key/key/key.core/../key.ui/examples/InformationFlow/LoopInvariants/loop.IFLoopExamples(loop.IFLoopExamples__notSecure_while_wrongInv(int)).Non-interference contract.0.key 
74989      DEBUG main            d.u.i.k.p.i.AbstractProblemLoader Environment load took 486.41ns 
74990      INFO  main            d.u.i.k.p.i.AbstractProblemLoader Creating init config 
77844      DEBUG main            d.u.i.k.p.i.AbstractProblemLoader Init config took 2.85s 
77892      INFO  main            d.u.i.k.p.i.AbstractProblemLoader Replaying proof loop.IFLoopExamples[loop.IFLoopExamples::notSecure_while_wrongInv(int)].Non-interference contract.0 
77895      DEBUG main            d.u.i.k.p.i.IntermediateProofReplayer Proof replay took 14.8ns 
78299      INFO  main            d.u.i.k.p.r.p.TestFile    ... finished proof: open goal(s) 
78497      INFO  main            d.u.i.k.p.r.p.TestFile    Now processing file /home/runner/work/key/key/key.core/../key.ui/examples/InformationFlow/LoopInvariants/loop.IFLoopExamples(loop.IFLoopExamples__insecure_twoWhile(int)).Non-interference contract.0.key 
78497      INFO  main            d.u.i.k.p.i.AbstractProblemLoader Loading environment from /home/runner/work/key/key/key.core/../key.ui/examples/InformationFlow/LoopInvariants/loop.IFLoopExamples(loop.IFLoopExamples__insecure_twoWhile(int)).Non-interference contract.0.key 
78497      DEBUG main            d.u.i.k.p.i.AbstractProblemLoader Environment load took 91.7ns 
78498      INFO  main            d.u.i.k.p.i.AbstractProblemLoader Creating init config 
81381      DEBUG main            d.u.i.k.p.i.AbstractProblemLoader Init config took 2.88s 
81421      INFO  main            d.u.i.k.p.i.AbstractProblemLoader Replaying proof loop.IFLoopExamples[loop.IFLoopExamples::insecure_twoWhile(int)].Non-interference contract.0 
81425      DEBUG main            d.u.i.k.p.i.IntermediateProofReplayer Proof replay took 14ns 
83433      INFO  main            d.u.i.k.p.r.p.TestFile    ... finished proof: open goal(s) 
83651      INFO  main            d.u.i.k.p.r.p.TestFile    Now processing file /home/runner/work/key/key/key.core/../key.ui/examples/InformationFlow/LoopInvariants/loop.IFLoopExamples(loop.IFLoopExamples__insecure_twoWhile_2(int)).Non-interference contract.0.key 
83651      INFO  main            d.u.i.k.p.i.AbstractProblemLoader Loading environment from /home/runner/work/key/key/key.core/../key.ui/examples/InformationFlow/LoopInvariants/loop.IFLoopExamples(loop.IFLoopExamples__insecure_twoWhile_2(int)).Non-interference contract.0.key 
83651      DEBUG main            d.u.i.k.p.i.AbstractProblemLoader Environment load took 61.6ns 
83652      INFO  main            d.u.i.k.p.i.AbstractProblemLoader Creating init config 
86492      DEBUG main            d.u.i.k.p.i.AbstractProblemLoader Init config took 2.84s 
86537      INFO  main            d.u.i.k.p.i.AbstractProblemLoader Replaying proof loop.IFLoopExamples[loop.IFLoopExamples::insecure_twoWhile_2(int)].Non-interference contract.0 
86543      DEBUG main            d.u.i.k.p.i.IntermediateProofReplayer Proof replay took 13.5ns 
88959      INFO  main            d.u.i.k.p.r.p.TestFile    ... finished proof: open goal(s) 
89221      INFO  main            d.u.i.k.p.r.p.TestFile    Now processing file /home/runner/work/key/key/key.core/../key.ui/examples/InformationFlow/LoopInvariants/loop.IFLoopExamples(loop.IFLoopExamples__secure_twoWhile(int)).Non-interference contract.0.key 
89221      INFO  main            d.u.i.k.p.i.AbstractProblemLoader Loading environment from /home/runner/work/key/key/key.core/../key.ui/examples/InformationFlow/LoopInvariants/loop.IFLoopExamples(loop.IFLoopExamples__secure_twoWhile(int)).Non-interference contract.0.key 
89221      DEBUG main            d.u.i.k.p.i.AbstractProblemLoader Environment load took 65ns 
89223      INFO  main            d.u.i.k.p.i.AbstractProblemLoader Creating init config 
92000      DEBUG main            d.u.i.k.p.i.AbstractProblemLoader Init config took 2.78s 
92036      INFO  main            d.u.i.k.p.i.AbstractProblemLoader Replaying proof loop.IFLoopExamples[loop.IFLoopExamples::secure_twoWhile(int)].Non-interference contract.0 
92039      DEBUG main            d.u.i.k.p.i.IntermediateProofReplayer Proof replay took 13ns 
93946      INFO  main            d.u.i.k.p.r.p.TestFile    ... finished proof: closed. 
94213      INFO  main            d.u.i.k.p.r.p.TestFile    Now processing file /home/runner/work/key/key/key.core/../key.ui/examples/InformationFlow/LoopInvariants/loop.IFLoopExamples(loop.IFLoopExamples__loc_secure_while(int)).Non-interference contract.0.key 
94214      INFO  main            d.u.i.k.p.i.AbstractProblemLoader Loading environment from /home/runner/work/key/key/key.core/../key.ui/examples/InformationFlow/LoopInvariants/loop.IFLoopExamples(loop.IFLoopExamples__loc_secure_while(int)).Non-interference contract.0.key 
94214      DEBUG main            d.u.i.k.p.i.AbstractProblemLoader Environment load took 140.9ns 
94215      INFO  main            d.u.i.k.p.i.AbstractProblemLoader Creating init config 
96985      DEBUG main            d.u.i.k.p.i.AbstractProblemLoader Init config took 2.77s 
97020      INFO  main            d.u.i.k.p.i.AbstractProblemLoader Replaying proof loop.IFLoopExamples[loop.IFLoopExamples::loc_secure_while(int)].Non-interference contract.0 
97023      DEBUG main            d.u.i.k.p.i.IntermediateProofReplayer Proof replay took 24.9ns 
98232      INFO  main            d.u.i.k.p.r.p.TestFile    ... finished proof: closed. 
98413      INFO  main            d.u.i.k.p.r.p.TestFile    Now processing file /home/runner/work/key/key/key.core/../key.ui/examples/InformationFlow/LoopInvariants/loop.IFLoopExamples(loop.IFLoopExamples__secure_while(int)).Non-interference contract.0.key 
98413      INFO  main            d.u.i.k.p.i.AbstractProblemLoader Loading environment from /home/runner/work/key/key/key.core/../key.ui/examples/InformationFlow/LoopInvariants/loop.IFLoopExamples(loop.IFLoopExamples__secure_while(int)).Non-interference contract.0.key 
98414      DEBUG main            d.u.i.k.p.i.AbstractProblemLoader Environment load took 64.8ns 
98415      INFO  main            d.u.i.k.p.i.AbstractProblemLoader Creating init config 
101213     DEBUG main            d.u.i.k.p.i.AbstractProblemLoader Init config took 2.8s 
101252     INFO  main            d.u.i.k.p.i.AbstractProblemLoader Replaying proof loop.IFLoopExamples[loop.IFLoopExamples::secure_while(int)].Non-interference contract.0 
101255     DEBUG main            d.u.i.k.p.i.IntermediateProofReplayer Proof replay took 15.8ns 
102260     INFO  main            d.u.i.k.p.r.p.TestFile    ... finished proof: closed. 
102446     INFO  main            d.u.i.k.p.r.p.TestFile    Now processing file /home/runner/work/key/key/key.core/../key.ui/examples/InformationFlow/LoopInvariants/loop.IFLoopExamples(loop.IFLoopExamples__print(int)).Non-interference contract.0.key 
102446     INFO  main            d.u.i.k.p.i.AbstractProblemLoader Loading environment from /home/runner/work/key/key/key.core/../key.ui/examples/InformationFlow/LoopInvariants/loop.IFLoopExamples(loop.IFLoopExamples__print(int)).Non-interference contract.0.key 
102446     DEBUG main            d.u.i.k.p.i.AbstractProblemLoader Environment load took 65.7ns 
102447     INFO  main            d.u.i.k.p.i.AbstractProblemLoader Creating init config 
105251     DEBUG main            d.u.i.k.p.i.AbstractProblemLoader Init config took 2.8s 
105287     INFO  main            d.u.i.k.p.i.AbstractProblemLoader Replaying proof loop.IFLoopExamples[loop.IFLoopExamples::print(int)].Non-interference contract.0 
105289     DEBUG main            d.u.i.k.p.i.IntermediateProofReplayer Proof replay took 15.3ns 
105393     INFO  main            d.u.i.k.p.r.p.TestFile    ... finished proof: closed. 
105555     INFO  main            d.u.i.k.p.r.p.TestFile    Now processing file /home/runner/work/key/key/key.core/../key.ui/examples/InformationFlow/LoopInvariants/loop.IFLoopExamples(loop.IFLoopExamples__hammer(int)).Non-interference contract.0.key 
105555     INFO  main            d.u.i.k.p.i.AbstractProblemLoader Loading environment from /home/runner/work/key/key/key.core/../key.ui/examples/InformationFlow/LoopInvariants/loop.IFLoopExamples(loop.IFLoopExamples__hammer(int)).Non-interference contract.0.key 
105556     DEBUG main            d.u.i.k.p.i.AbstractProblemLoader Environment load took 69.2ns 
105557     INFO  main            d.u.i.k.p.i.AbstractProblemLoader Creating init config 
108359     DEBUG main            d.u.i.k.p.i.AbstractProblemLoader Init config took 2.8s 
108393     INFO  main            d.u.i.k.p.i.AbstractProblemLoader Replaying proof loop.IFLoopExamples[loop.IFLoopExamples::hammer(int)].Non-interference contract.0 
108396     DEBUG main            d.u.i.k.p.i.IntermediateProofReplayer Proof replay took 14ns 
110322     INFO  main            d.u.i.k.p.r.p.TestFile    ... finished proof: closed. 
1091154    INFO  Test worker     d.u.i.k.p.r.RunAllProofsTestUnit Returning from test LoopInvariants_nomacro 
1091155    INFO  Test worker     d.u.i.k.p.r.RunAllProofsTestUnit Running test MiniExamples_nomacro 
320        INFO  Timeout watchdog d.u.i.k.p.r.p.ForkedTestFileRunner Timeout watcher launched (1000 secs.) 
330        WARN  main            d.u.i.k.s.ProofSettings   The settings in /home/runner/.key/proof-settings.props are *not* read. 
351        INFO  main            d.u.i.k.p.r.p.TestFile    Now processing file /home/runner/work/key/key/key.core/../key.ui/examples/InformationFlow/MiniExamples/mini.AliasingExamples(mini.AliasingExamples__insecure_1(mini.AliasingExamples,mini.AliasingExamples,int)).Non-interference contract.0.key 
469        INFO  main            d.u.i.k.p.i.AbstractProblemLoader Loading environment from /home/runner/work/key/key/key.core/../key.ui/examples/InformationFlow/MiniExamples/mini.AliasingExamples(mini.AliasingExamples__insecure_1(mini.AliasingExamples,mini.AliasingExamples,int)).Non-interference contract.0.key 
498        DEBUG main            d.u.i.k.p.i.AbstractProblemLoader Environment load took 2.52ms 
735        INFO  main            d.u.i.k.p.i.AbstractProblemLoader Creating init config 
1640       DEBUG main            d.u.i.k.j.TypeConverter   No LDT found for Meta 
1643       DEBUG main            d.u.i.k.j.TypeConverter   No LDT found for Meta 
1644       DEBUG main            d.u.i.k.j.TypeConverter   No LDT found for Meta 
1645       DEBUG main            d.u.i.k.j.TypeConverter   No LDT found for Meta 
3015       DEBUG main            d.u.i.k.j.TypeConverter   No LDT found for JavaBigintExpression 
7728       DEBUG main            d.u.i.k.p.i.AbstractProblemLoader Init config took 6.99s 
7899       INFO  main            d.u.i.k.p.i.AbstractProblemLoader Replaying proof mini.AliasingExamples[mini.AliasingExamples::insecure_1(mini.AliasingExamples,mini.AliasingExamples,int)].Non-interference contract.0 
7968       DEBUG main            d.u.i.k.p.i.IntermediateProofReplayer Proof replay took 400.61ns 
8899       INFO  main            d.u.i.k.p.r.p.TestFile    ... finished proof: open goal(s) 
9013       INFO  main            d.u.i.k.p.r.p.TestFile    Now processing file /home/runner/work/key/key/key.core/../key.ui/examples/InformationFlow/MiniExamples/mini.AliasingExamples(mini.AliasingExamples__secure_1(mini.AliasingExamples,mini.AliasingExamples,int)).Non-interference contract.0.key 
9014       INFO  main            d.u.i.k.p.i.AbstractProblemLoader Loading environment from /home/runner/work/key/key/key.core/../key.ui/examples/InformationFlow/MiniExamples/mini.AliasingExamples(mini.AliasingExamples__secure_1(mini.AliasingExamples,mini.AliasingExamples,int)).Non-interference contract.0.key 
9014       DEBUG main            d.u.i.k.p.i.AbstractProblemLoader Environment load took 312.1ns 
9018       INFO  main            d.u.i.k.p.i.AbstractProblemLoader Creating init config 
11814      DEBUG main            d.u.i.k.p.i.AbstractProblemLoader Init config took 2.8s 
11884      INFO  main            d.u.i.k.p.i.AbstractProblemLoader Replaying proof mini.AliasingExamples[mini.AliasingExamples::secure_1(mini.AliasingExamples,mini.AliasingExamples,int)].Non-interference contract.0 
11890      DEBUG main            d.u.i.k.p.i.IntermediateProofReplayer Proof replay took 13.3ns 
12296      INFO  main            d.u.i.k.p.r.p.TestFile    ... finished proof: closed. 
12414      INFO  main            d.u.i.k.p.r.p.TestFile    Now processing file /home/runner/work/key/key/key.core/../key.ui/examples/InformationFlow/MiniExamples/mini.MiniExamplesLecture(mini.MiniExamplesLecture__m_6()).Non-interference contract.0.key 
12414      INFO  main            d.u.i.k.p.i.AbstractProblemLoader Loading environment from /home/runner/work/key/key/key.core/../key.ui/examples/InformationFlow/MiniExamples/mini.MiniExamplesLecture(mini.MiniExamplesLecture__m_6()).Non-interference contract.0.key 
12415      DEBUG main            d.u.i.k.p.i.AbstractProblemLoader Environment load took 1.03ms 
12417      INFO  main            d.u.i.k.p.i.AbstractProblemLoader Creating init config 
15076      DEBUG main            d.u.i.k.p.i.AbstractProblemLoader Init config took 2.66s 
15142      INFO  main            d.u.i.k.p.i.AbstractProblemLoader Replaying proof mini.MiniExamplesLecture[mini.MiniExamplesLecture::m_6()].Non-interference contract.0 
15145      DEBUG main            d.u.i.k.p.i.IntermediateProofReplayer Proof replay took 12.5ns 
15353      INFO  main            d.u.i.k.p.r.p.TestFile    ... finished proof: closed. 
15474      INFO  main            d.u.i.k.p.r.p.TestFile    Now processing file /home/runner/work/key/key/key.core/../key.ui/examples/InformationFlow/MiniExamples/mini.MiniExamplesLecture(mini.MiniExamplesLecture__m_5()).Non-interference contract.0.key 
15474      INFO  main            d.u.i.k.p.i.AbstractProblemLoader Loading environment from /home/runner/work/key/key/key.core/../key.ui/examples/InformationFlow/MiniExamples/mini.MiniExamplesLecture(mini.MiniExamplesLecture__m_5()).Non-interference contract.0.key 
15474      DEBUG main            d.u.i.k.p.i.AbstractProblemLoader Environment load took 78.6ns 
15476      INFO  main            d.u.i.k.p.i.AbstractProblemLoader Creating init config 
18045      DEBUG main            d.u.i.k.p.i.AbstractProblemLoader Init config took 2.57s 
18095      INFO  main            d.u.i.k.p.i.AbstractProblemLoader Replaying proof mini.MiniExamplesLecture[mini.MiniExamplesLecture::m_5()].Non-interference contract.0 
18098      DEBUG main            d.u.i.k.p.i.IntermediateProofReplayer Proof replay took 11.4ns 
18302      INFO  main            d.u.i.k.p.r.p.TestFile    ... finished proof: closed. 
18428      INFO  main            d.u.i.k.p.r.p.TestFile    Now processing file /home/runner/work/key/key/key.core/../key.ui/examples/InformationFlow/MiniExamples/mini.MiniExamplesLecture(mini.MiniExamplesLecture__m_4()).Non-interference contract.0.key 
18428      INFO  main            d.u.i.k.p.i.AbstractProblemLoader Loading environment from /home/runner/work/key/key/key.core/../key.ui/examples/InformationFlow/MiniExamples/mini.MiniExamplesLecture(mini.MiniExamplesLecture__m_4()).Non-interference contract.0.key 
18428      DEBUG main            d.u.i.k.p.i.AbstractProblemLoader Environment load took 64.2ns 
18430      INFO  main            d.u.i.k.p.i.AbstractProblemLoader Creating init config 
20950      DEBUG main            d.u.i.k.p.i.AbstractProblemLoader Init config took 2.52s 
20998      INFO  main            d.u.i.k.p.i.AbstractProblemLoader Replaying proof mini.MiniExamplesLecture[mini.MiniExamplesLecture::m_4()].Non-interference contract.0 
21001      DEBUG main            d.u.i.k.p.i.IntermediateProofReplayer Proof replay took 12.5ns 
21204      INFO  main            d.u.i.k.p.r.p.TestFile    ... finished proof: closed. 
21335      INFO  main            d.u.i.k.p.r.p.TestFile    Now processing file /home/runner/work/key/key/key.core/../key.ui/examples/InformationFlow/MiniExamples/mini.MiniExamplesLecture(mini.MiniExamplesLecture__m_3()).Non-interference contract.0.key 
21336      INFO  main            d.u.i.k.p.i.AbstractProblemLoader Loading environment from /home/runner/work/key/key/key.core/../key.ui/examples/InformationFlow/MiniExamples/mini.MiniExamplesLecture(mini.MiniExamplesLecture__m_3()).Non-interference contract.0.key 
21336      DEBUG main            d.u.i.k.p.i.AbstractProblemLoader Environment load took 123.9ns 
21337      INFO  main            d.u.i.k.p.i.AbstractProblemLoader Creating init config 
23876      DEBUG main            d.u.i.k.p.i.AbstractProblemLoader Init config took 2.54s 
23923      INFO  main            d.u.i.k.p.i.AbstractProblemLoader Replaying proof mini.MiniExamplesLecture[mini.MiniExamplesLecture::m_3()].Non-interference contract.0 
23925      DEBUG main            d.u.i.k.p.i.IntermediateProofReplayer Proof replay took 12.6ns 
24230      INFO  main            d.u.i.k.p.r.p.TestFile    ... finished proof: open goal(s) 
24384      INFO  main            d.u.i.k.p.r.p.TestFile    Now processing file /home/runner/work/key/key/key.core/../key.ui/examples/InformationFlow/MiniExamples/mini.MiniExamplesLecture(mini.MiniExamplesLecture__m_2()).Non-interference contract.0.key 
24384      INFO  main            d.u.i.k.p.i.AbstractProblemLoader Loading environment from /home/runner/work/key/key/key.core/../key.ui/examples/InformationFlow/MiniExamples/mini.MiniExamplesLecture(mini.MiniExamplesLecture__m_2()).Non-interference contract.0.key 
24384      DEBUG main            d.u.i.k.p.i.AbstractProblemLoader Environment load took 76.4ns 
24385      INFO  main            d.u.i.k.p.i.AbstractProblemLoader Creating init config 
26903      DEBUG main            d.u.i.k.p.i.AbstractProblemLoader Init config took 2.52s 
26949      INFO  main            d.u.i.k.p.i.AbstractProblemLoader Replaying proof mini.MiniExamplesLecture[mini.MiniExamplesLecture::m_2()].Non-interference contract.0 
26952      DEBUG main            d.u.i.k.p.i.IntermediateProofReplayer Proof replay took 13.1ns 
27155      INFO  main            d.u.i.k.p.r.p.TestFile    ... finished proof: closed. 
27298      INFO  main            d.u.i.k.p.r.p.TestFile    Now processing file /home/runner/work/key/key/key.core/../key.ui/examples/InformationFlow/MiniExamples/mini.MiniExamplesLecture(mini.MiniExamplesLecture__m_1()).Non-interference contract.0.key 
27299      INFO  main            d.u.i.k.p.i.AbstractProblemLoader Loading environment from /home/runner/work/key/key/key.core/../key.ui/examples/InformationFlow/MiniExamples/mini.MiniExamplesLecture(mini.MiniExamplesLecture__m_1()).Non-interference contract.0.key 
27299      DEBUG main            d.u.i.k.p.i.AbstractProblemLoader Environment load took 134.2ns 
27300      INFO  main            d.u.i.k.p.i.AbstractProblemLoader Creating init config 
29818      DEBUG main            d.u.i.k.p.i.AbstractProblemLoader Init config took 2.52s 
29863      INFO  main            d.u.i.k.p.i.AbstractProblemLoader Replaying proof mini.MiniExamplesLecture[mini.MiniExamplesLecture::m_1()].Non-interference contract.0 
29866      DEBUG main            d.u.i.k.p.i.IntermediateProofReplayer Proof replay took 13.5ns 
29968      INFO  main            d.u.i.k.p.r.p.TestFile    ... finished proof: open goal(s) 
30112      INFO  main            d.u.i.k.p.r.p.TestFile    Now processing file /home/runner/work/key/key/key.core/../key.ui/examples/InformationFlow/MiniExamples/mini.DifferenceSeqLocset(mini.DifferenceSeqLocset__m()).Non-interference contract.1.key 
30112      INFO  main            d.u.i.k.p.i.AbstractProblemLoader Loading environment from /home/runner/work/key/key/key.core/../key.ui/examples/InformationFlow/MiniExamples/mini.DifferenceSeqLocset(mini.DifferenceSeqLocset__m()).Non-interference contract.1.key 
30112      DEBUG main            d.u.i.k.p.i.AbstractProblemLoader Environment load took 81.8ns 
30114      INFO  main            d.u.i.k.p.i.AbstractProblemLoader Creating init config 
32625      DEBUG main            d.u.i.k.p.i.AbstractProblemLoader Init config took 2.51s 
32680      INFO  main            d.u.i.k.p.i.AbstractProblemLoader Replaying proof mini.DifferenceSeqLocset[mini.DifferenceSeqLocset::m()].Non-interference contract.1 
32684      DEBUG main            d.u.i.k.p.i.IntermediateProofReplayer Proof replay took 15.6ns 
33592      INFO  main            d.u.i.k.p.r.p.TestFile    ... finished proof: open goal(s) 
33752      INFO  main            d.u.i.k.p.r.p.TestFile    Now processing file /home/runner/work/key/key/key.core/../key.ui/examples/InformationFlow/MiniExamples/mini.DifferenceSeqLocset(mini.DifferenceSeqLocset__m()).Non-interference contract.0.key 
33752      INFO  main            d.u.i.k.p.i.AbstractProblemLoader Loading environment from /home/runner/work/key/key/key.core/../key.ui/examples/InformationFlow/MiniExamples/mini.DifferenceSeqLocset(mini.DifferenceSeqLocset__m()).Non-interference contract.0.key 
33752      DEBUG main            d.u.i.k.p.i.AbstractProblemLoader Environment load took 474ns 
33753      INFO  main            d.u.i.k.p.i.AbstractProblemLoader Creating init config 
36268      DEBUG main            d.u.i.k.p.i.AbstractProblemLoader Init config took 2.51s 
36316      INFO  main            d.u.i.k.p.i.AbstractProblemLoader Replaying proof mini.DifferenceSeqLocset[mini.DifferenceSeqLocset::m()].Non-interference contract.0 
36319      DEBUG main            d.u.i.k.p.i.IntermediateProofReplayer Proof replay took 12.7ns 
38466      INFO  main            d.u.i.k.p.r.p.TestFile    ... finished proof: open goal(s) 
38668      INFO  main            d.u.i.k.p.r.p.TestFile    Now processing file /home/runner/work/key/key/key.core/../key.ui/examples/InformationFlow/MiniExamples/mini.MiniExamples(mini.MiniExamples__secure_p2_8()).Non-interference contract.0.key 
38669      INFO  main            d.u.i.k.p.i.AbstractProblemLoader Loading environment from /home/runner/work/key/key/key.core/../key.ui/examples/InformationFlow/MiniExamples/mini.MiniExamples(mini.MiniExamples__secure_p2_8()).Non-interference contract.0.key 
38669      DEBUG main            d.u.i.k.p.i.AbstractProblemLoader Environment load took 558.11ns 
38670      INFO  main            d.u.i.k.p.i.AbstractProblemLoader Creating init config 
41127      DEBUG main            d.u.i.k.p.i.AbstractProblemLoader Init config took 2.46s 
41181      INFO  main            d.u.i.k.p.i.AbstractProblemLoader Replaying proof mini.MiniExamples[mini.MiniExamples::secure_p2_8()].Non-interference contract.0 
41188      DEBUG main            d.u.i.k.p.i.IntermediateProofReplayer Proof replay took 15.1ns 
41491      INFO  main            d.u.i.k.p.r.p.TestFile    ... finished proof: closed. 
41660      INFO  main            d.u.i.k.p.r.p.TestFile    Now processing file /home/runner/work/key/key/key.core/../key.ui/examples/InformationFlow/MiniExamples/mini.MiniExamples(mini.MiniExamples__secure_parameter(int)).Non-interference contract.0.key 
41660      INFO  main            d.u.i.k.p.i.AbstractProblemLoader Loading environment from /home/runner/work/key/key/key.core/../key.ui/examples/InformationFlow/MiniExamples/mini.MiniExamples(mini.MiniExamples__secure_parameter(int)).Non-interference contract.0.key 
41660      DEBUG main            d.u.i.k.p.i.AbstractProblemLoader Environment load took 68ns 
41666      INFO  main            d.u.i.k.p.i.AbstractProblemLoader Creating init config 
44133      DEBUG main            d.u.i.k.p.i.AbstractProblemLoader Init config took 2.47s 
44173      INFO  main            d.u.i.k.p.i.AbstractProblemLoader Replaying proof mini.MiniExamples[mini.MiniExamples::secure_parameter(int)].Non-interference contract.0 
44176      DEBUG main            d.u.i.k.p.i.IntermediateProofReplayer Proof replay took 14ns 
44278      INFO  main            d.u.i.k.p.r.p.TestFile    ... finished proof: closed. 
44425      INFO  main            d.u.i.k.p.r.p.TestFile    Now processing file /home/runner/work/key/key/key.core/../key.ui/examples/InformationFlow/MiniExamples/mini.MiniExamples(mini.MiniExamples__secure_p2_7()).Non-interference contract.0.key 
44426      INFO  main            d.u.i.k.p.i.AbstractProblemLoader Loading environment from /home/runner/work/key/key/key.core/../key.ui/examples/InformationFlow/MiniExamples/mini.MiniExamples(mini.MiniExamples__secure_p2_7()).Non-interference contract.0.key 
44426      DEBUG main            d.u.i.k.p.i.AbstractProblemLoader Environment load took 121.1ns 
44427      INFO  main            d.u.i.k.p.i.AbstractProblemLoader Creating init config 
46860      DEBUG main            d.u.i.k.p.i.AbstractProblemLoader Init config took 2.43s 
46902      INFO  main            d.u.i.k.p.i.AbstractProblemLoader Replaying proof mini.MiniExamples[mini.MiniExamples::secure_p2_7()].Non-interference contract.0 
46904      DEBUG main            d.u.i.k.p.i.IntermediateProofReplayer Proof replay took 13.7ns 
47207      INFO  main            d.u.i.k.p.r.p.TestFile    ... finished proof: closed. 
47364      INFO  main            d.u.i.k.p.r.p.TestFile    Now processing file /home/runner/work/key/key/key.core/../key.ui/examples/InformationFlow/MiniExamples/mini.MiniExamples(mini.MiniExamples__insecure_p2_2()).Non-interference contract.0.key 
47364      INFO  main            d.u.i.k.p.i.AbstractProblemLoader Loading environment from /home/runner/work/key/key/key.core/../key.ui/examples/InformationFlow/MiniExamples/mini.MiniExamples(mini.MiniExamples__insecure_p2_2()).Non-interference contract.0.key 
47364      DEBUG main            d.u.i.k.p.i.AbstractProblemLoader Environment load took 88.4ns 
47365      INFO  main            d.u.i.k.p.i.AbstractProblemLoader Creating init config 
49803      DEBUG main            d.u.i.k.p.i.AbstractProblemLoader Init config took 2.44s 
49867      INFO  main            d.u.i.k.p.i.AbstractProblemLoader Replaying proof mini.MiniExamples[mini.MiniExamples::insecure_p2_2()].Non-interference contract.0 
49871      DEBUG main            d.u.i.k.p.i.IntermediateProofReplayer Proof replay took 16.4ns 
50174      INFO  main            d.u.i.k.p.r.p.TestFile    ... finished proof: open goal(s) 
50335      INFO  main            d.u.i.k.p.r.p.TestFile    Now processing file /home/runner/work/key/key/key.core/../key.ui/examples/InformationFlow/MiniExamples/mini.MiniExamples(mini.MiniExamples__secure_p2_6()).Non-interference contract.0.key 
50336      INFO  main            d.u.i.k.p.i.AbstractProblemLoader Loading environment from /home/runner/work/key/key/key.core/../key.ui/examples/InformationFlow/MiniExamples/mini.MiniExamples(mini.MiniExamples__secure_p2_6()).Non-interference contract.0.key 
50336      DEBUG main            d.u.i.k.p.i.AbstractProblemLoader Environment load took 128.2ns 
50337      INFO  main            d.u.i.k.p.i.AbstractProblemLoader Creating init config 
52740      DEBUG main            d.u.i.k.p.i.AbstractProblemLoader Init config took 2.4s 
52803      INFO  main            d.u.i.k.p.i.AbstractProblemLoader Replaying proof mini.MiniExamples[mini.MiniExamples::secure_p2_6()].Non-interference contract.0 
52805      DEBUG main            d.u.i.k.p.i.IntermediateProofReplayer Proof replay took 17.9ns 
52908      INFO  main            d.u.i.k.p.r.p.TestFile    ... finished proof: closed. 
53070      INFO  main            d.u.i.k.p.r.p.TestFile    Now processing file /home/runner/work/key/key/key.core/../key.ui/examples/InformationFlow/MiniExamples/mini.MiniExamples(mini.MiniExamples__secure_p2_5()).Non-interference contract.0.key 
53070      INFO  main            d.u.i.k.p.i.AbstractProblemLoader Loading environment from /home/runner/work/key/key/key.core/../key.ui/examples/InformationFlow/MiniExamples/mini.MiniExamples(mini.MiniExamples__secure_p2_5()).Non-interference contract.0.key 
53070      DEBUG main            d.u.i.k.p.i.AbstractProblemLoader Environment load took 109.3ns 
53071      INFO  main            d.u.i.k.p.i.AbstractProblemLoader Creating init config 
55493      DEBUG main            d.u.i.k.p.i.AbstractProblemLoader Init config took 2.42s 
55532      INFO  main            d.u.i.k.p.i.AbstractProblemLoader Replaying proof mini.MiniExamples[mini.MiniExamples::secure_p2_5()].Non-interference contract.0 
55535      DEBUG main            d.u.i.k.p.i.IntermediateProofReplayer Proof replay took 13.7ns 
55737      INFO  main            d.u.i.k.p.r.p.TestFile    ... finished proof: closed. 
55900      INFO  main            d.u.i.k.p.r.p.TestFile    Now processing file /home/runner/work/key/key/key.core/../key.ui/examples/InformationFlow/MiniExamples/mini.MiniExamples(mini.MiniExamples__secure_p2_4()).Non-interference contract.0.key 
55901      INFO  main            d.u.i.k.p.i.AbstractProblemLoader Loading environment from /home/runner/work/key/key/key.core/../key.ui/examples/InformationFlow/MiniExamples/mini.MiniExamples(mini.MiniExamples__secure_p2_4()).Non-interference contract.0.key 
55901      DEBUG main            d.u.i.k.p.i.AbstractProblemLoader Environment load took 63.3ns 
55902      INFO  main            d.u.i.k.p.i.AbstractProblemLoader Creating init config 
58343      DEBUG main            d.u.i.k.p.i.AbstractProblemLoader Init config took 2.44s 
58380      INFO  main            d.u.i.k.p.i.AbstractProblemLoader Replaying proof mini.MiniExamples[mini.MiniExamples::secure_p2_4()].Non-interference contract.0 
58383      DEBUG main            d.u.i.k.p.i.IntermediateProofReplayer Proof replay took 14.7ns 
58589      INFO  main            d.u.i.k.p.r.p.TestFile    ... finished proof: closed. 
58754      INFO  main            d.u.i.k.p.r.p.TestFile    Now processing file /home/runner/work/key/key/key.core/../key.ui/examples/InformationFlow/MiniExamples/mini.MiniExamples(mini.MiniExamples__secure_p2_3()).Non-interference contract.0.key 
58755      INFO  main            d.u.i.k.p.i.AbstractProblemLoader Loading environment from /home/runner/work/key/key/key.core/../key.ui/examples/InformationFlow/MiniExamples/mini.MiniExamples(mini.MiniExamples__secure_p2_3()).Non-interference contract.0.key 
58755      DEBUG main            d.u.i.k.p.i.AbstractProblemLoader Environment load took 118.2ns 
58756      INFO  main            d.u.i.k.p.i.AbstractProblemLoader Creating init config 
61165      DEBUG main            d.u.i.k.p.i.AbstractProblemLoader Init config took 2.41s 
61202      INFO  main            d.u.i.k.p.i.AbstractProblemLoader Replaying proof mini.MiniExamples[mini.MiniExamples::secure_p2_3()].Non-interference contract.0 
61204      DEBUG main            d.u.i.k.p.i.IntermediateProofReplayer Proof replay took 13ns 
61308      INFO  main            d.u.i.k.p.r.p.TestFile    ... finished proof: closed. 
61475      INFO  main            d.u.i.k.p.r.p.TestFile    Now processing file /home/runner/work/key/key/key.core/../key.ui/examples/InformationFlow/MiniExamples/mini.MiniExamples(mini.MiniExamples__secure_p2_2()).Non-interference contract.0.key 
61476      INFO  main            d.u.i.k.p.i.AbstractProblemLoader Loading environment from /home/runner/work/key/key/key.core/../key.ui/examples/InformationFlow/MiniExamples/mini.MiniExamples(mini.MiniExamples__secure_p2_2()).Non-interference contract.0.key 
61476      DEBUG main            d.u.i.k.p.i.AbstractProblemLoader Environment load took 66.6ns 
61477      INFO  main            d.u.i.k.p.i.AbstractProblemLoader Creating init config 
63897      DEBUG main            d.u.i.k.p.i.AbstractProblemLoader Init config took 2.42s 
63934      INFO  main            d.u.i.k.p.i.AbstractProblemLoader Replaying proof mini.MiniExamples[mini.MiniExamples::secure_p2_2()].Non-interference contract.0 
63937      DEBUG main            d.u.i.k.p.i.IntermediateProofReplayer Proof replay took 13.8ns 
64040      INFO  main            d.u.i.k.p.r.p.TestFile    ... finished proof: closed. 
64208      INFO  main            d.u.i.k.p.r.p.TestFile    Now processing file /home/runner/work/key/key/key.core/../key.ui/examples/InformationFlow/MiniExamples/mini.MiniExamples(mini.MiniExamples__secure_p2_1()).Non-interference contract.0.key 
64208      INFO  main            d.u.i.k.p.i.AbstractProblemLoader Loading environment from /home/runner/work/key/key/key.core/../key.ui/examples/InformationFlow/MiniExamples/mini.MiniExamples(mini.MiniExamples__secure_p2_1()).Non-interference contract.0.key 
64208      DEBUG main            d.u.i.k.p.i.AbstractProblemLoader Environment load took 77.7ns 
64209      INFO  main            d.u.i.k.p.i.AbstractProblemLoader Creating init config 
66624      DEBUG main            d.u.i.k.p.i.AbstractProblemLoader Init config took 2.42s 
66662      INFO  main            d.u.i.k.p.i.AbstractProblemLoader Replaying proof mini.MiniExamples[mini.MiniExamples::secure_p2_1()].Non-interference contract.0 
66664      DEBUG main            d.u.i.k.p.i.IntermediateProofReplayer Proof replay took 14.6ns 
66767      INFO  main            d.u.i.k.p.r.p.TestFile    ... finished proof: closed. 
67009      INFO  main            d.u.i.k.p.r.p.TestFile    Now processing file /home/runner/work/key/key/key.core/../key.ui/examples/InformationFlow/MiniExamples/mini.MiniExamples(mini.MiniExamples__insecure_p2_1()).Non-interference contract.0.key 
67009      INFO  main            d.u.i.k.p.i.AbstractProblemLoader Loading environment from /home/runner/work/key/key/key.core/../key.ui/examples/InformationFlow/MiniExamples/mini.MiniExamples(mini.MiniExamples__insecure_p2_1()).Non-interference contract.0.key 
67009      DEBUG main            d.u.i.k.p.i.AbstractProblemLoader Environment load took 74.5ns 
67010      INFO  main            d.u.i.k.p.i.AbstractProblemLoader Creating init config 
69402      DEBUG main            d.u.i.k.p.i.AbstractProblemLoader Init config took 2.39s 
69438      INFO  main            d.u.i.k.p.i.AbstractProblemLoader Replaying proof mini.MiniExamples[mini.MiniExamples::insecure_p2_1()].Non-interference contract.0 
69441      DEBUG main            d.u.i.k.p.i.IntermediateProofReplayer Proof replay took 13.4ns 
69545      INFO  main            d.u.i.k.p.r.p.TestFile    ... finished proof: open goal(s) 
69717      INFO  main            d.u.i.k.p.r.p.TestFile    Now processing file /home/runner/work/key/key/key.core/../key.ui/examples/InformationFlow/MiniExamples/mini.MiniExamples(mini.MiniExamples__secure_p1_6()).Non-interference contract.0.key 
69717      INFO  main            d.u.i.k.p.i.AbstractProblemLoader Loading environment from /home/runner/work/key/key/key.core/../key.ui/examples/InformationFlow/MiniExamples/mini.MiniExamples(mini.MiniExamples__secure_p1_6()).Non-interference contract.0.key 
69717      DEBUG main            d.u.i.k.p.i.AbstractProblemLoader Environment load took 68.4ns 
69718      INFO  main            d.u.i.k.p.i.AbstractProblemLoader Creating init config 
72112      DEBUG main            d.u.i.k.p.i.AbstractProblemLoader Init config took 2.39s 
72151      INFO  main            d.u.i.k.p.i.AbstractProblemLoader Replaying proof mini.MiniExamples[mini.MiniExamples::secure_p1_6()].Non-interference contract.0 
72153      DEBUG main            d.u.i.k.p.i.IntermediateProofReplayer Proof replay took 13.6ns 
72356      INFO  main            d.u.i.k.p.r.p.TestFile    ... finished proof: closed. 
72535      INFO  main            d.u.i.k.p.r.p.TestFile    Now processing file /home/runner/work/key/key/key.core/../key.ui/examples/InformationFlow/MiniExamples/mini.MiniExamples(mini.MiniExamples__secure_p1_5()).Non-interference contract.0.key 
72535      INFO  main            d.u.i.k.p.i.AbstractProblemLoader Loading environment from /home/runner/work/key/key/key.core/../key.ui/examples/InformationFlow/MiniExamples/mini.MiniExamples(mini.MiniExamples__secure_p1_5()).Non-interference contract.0.key 
72535      DEBUG main            d.u.i.k.p.i.AbstractProblemLoader Environment load took 91ns 
72536      INFO  main            d.u.i.k.p.i.AbstractProblemLoader Creating init config 
74966      DEBUG main            d.u.i.k.p.i.AbstractProblemLoader Init config took 2.43s 
75002      INFO  main            d.u.i.k.p.i.AbstractProblemLoader Replaying proof mini.MiniExamples[mini.MiniExamples::secure_p1_5()].Non-interference contract.0 
75004      DEBUG main            d.u.i.k.p.i.IntermediateProofReplayer Proof replay took 14ns 
75313      INFO  main            d.u.i.k.p.r.p.TestFile    ... finished proof: closed. 
75502      INFO  main            d.u.i.k.p.r.p.TestFile    Now processing file /home/runner/work/key/key/key.core/../key.ui/examples/InformationFlow/MiniExamples/mini.MiniExamples(mini.MiniExamples__secure_p1_4()).Non-interference contract.0.key 
75502      INFO  main            d.u.i.k.p.i.AbstractProblemLoader Loading environment from /home/runner/work/key/key/key.core/../key.ui/examples/InformationFlow/MiniExamples/mini.MiniExamples(mini.MiniExamples__secure_p1_4()).Non-interference contract.0.key 
75502      DEBUG main            d.u.i.k.p.i.AbstractProblemLoader Environment load took 75.1ns 
75503      INFO  main            d.u.i.k.p.i.AbstractProblemLoader Creating init config 
77907      DEBUG main            d.u.i.k.p.i.AbstractProblemLoader Init config took 2.4s 
77949      INFO  main            d.u.i.k.p.i.AbstractProblemLoader Replaying proof mini.MiniExamples[mini.MiniExamples::secure_p1_4()].Non-interference contract.0 
77954      DEBUG main            d.u.i.k.p.i.IntermediateProofReplayer Proof replay took 14.2ns 
78257      INFO  main            d.u.i.k.p.r.p.TestFile    ... finished proof: closed. 
78511      INFO  main            d.u.i.k.p.r.p.TestFile    Now processing file /home/runner/work/key/key/key.core/../key.ui/examples/InformationFlow/MiniExamples/mini.MiniExamples(mini.MiniExamples__secure_p1_3()).Non-interference contract.0.key 
78511      INFO  main            d.u.i.k.p.i.AbstractProblemLoader Loading environment from /home/runner/work/key/key/key.core/../key.ui/examples/InformationFlow/MiniExamples/mini.MiniExamples(mini.MiniExamples__secure_p1_3()).Non-interference contract.0.key 
78511      DEBUG main            d.u.i.k.p.i.AbstractProblemLoader Environment load took 67.4ns 
78513      INFO  main            d.u.i.k.p.i.AbstractProblemLoader Creating init config 
80894      DEBUG main            d.u.i.k.p.i.AbstractProblemLoader Init config took 2.38s 
80929      INFO  main            d.u.i.k.p.i.AbstractProblemLoader Replaying proof mini.MiniExamples[mini.MiniExamples::secure_p1_3()].Non-interference contract.0 
80932      DEBUG main            d.u.i.k.p.i.IntermediateProofReplayer Proof replay took 13.2ns 
81036      INFO  main            d.u.i.k.p.r.p.TestFile    ... finished proof: closed. 
81311      INFO  main            d.u.i.k.p.r.p.TestFile    Now processing file /home/runner/work/key/key/key.core/../key.ui/examples/InformationFlow/MiniExamples/mini.MiniExamples(mini.MiniExamples__secure_p1_2()).Non-interference contract.0.key 
81311      INFO  main            d.u.i.k.p.i.AbstractProblemLoader Loading environment from /home/runner/work/key/key/key.core/../key.ui/examples/InformationFlow/MiniExamples/mini.MiniExamples(mini.MiniExamples__secure_p1_2()).Non-interference contract.0.key 
81311      DEBUG main            d.u.i.k.p.i.AbstractProblemLoader Environment load took 69.7ns 
81312      INFO  main            d.u.i.k.p.i.AbstractProblemLoader Creating init config 
83716      DEBUG main            d.u.i.k.p.i.AbstractProblemLoader Init config took 2.4s 
83758      INFO  main            d.u.i.k.p.i.AbstractProblemLoader Replaying proof mini.MiniExamples[mini.MiniExamples::secure_p1_2()].Non-interference contract.0 
83761      DEBUG main            d.u.i.k.p.i.IntermediateProofReplayer Proof replay took 14.5ns 
84064      INFO  main            d.u.i.k.p.r.p.TestFile    ... finished proof: closed. 
84271      INFO  main            d.u.i.k.p.r.p.TestFile    Now processing file /home/runner/work/key/key/key.core/../key.ui/examples/InformationFlow/MiniExamples/mini.MiniExamples(mini.MiniExamples__secure_p1_1()).Non-interference contract.1.key 
84271      INFO  main            d.u.i.k.p.i.AbstractProblemLoader Loading environment from /home/runner/work/key/key/key.core/../key.ui/examples/InformationFlow/MiniExamples/mini.MiniExamples(mini.MiniExamples__secure_p1_1()).Non-interference contract.1.key 
84271      DEBUG main            d.u.i.k.p.i.AbstractProblemLoader Environment load took 94.3ns 
84272      INFO  main            d.u.i.k.p.i.AbstractProblemLoader Creating init config 
86651      DEBUG main            d.u.i.k.p.i.AbstractProblemLoader Init config took 2.38s 
86686      INFO  main            d.u.i.k.p.i.AbstractProblemLoader Replaying proof mini.MiniExamples[mini.MiniExamples::secure_p1_1()].Non-interference contract.1 
86688      DEBUG main            d.u.i.k.p.i.IntermediateProofReplayer Proof replay took 13.6ns 
86890      INFO  main            d.u.i.k.p.r.p.TestFile    ... finished proof: closed. 
87087      INFO  main            d.u.i.k.p.r.p.TestFile    Now processing file /home/runner/work/key/key/key.core/../key.ui/examples/InformationFlow/MiniExamples/mini.MiniExamples(mini.MiniExamples__secure_p1_1()).Non-interference contract.0.key 
87088      INFO  main            d.u.i.k.p.i.AbstractProblemLoader Loading environment from /home/runner/work/key/key/key.core/../key.ui/examples/InformationFlow/MiniExamples/mini.MiniExamples(mini.MiniExamples__secure_p1_1()).Non-interference contract.0.key 
87088      DEBUG main            d.u.i.k.p.i.AbstractProblemLoader Environment load took 64.6ns 
87088      INFO  main            d.u.i.k.p.i.AbstractProblemLoader Creating init config 
89488      DEBUG main            d.u.i.k.p.i.AbstractProblemLoader Init config took 2.4s 
89523      INFO  main            d.u.i.k.p.i.AbstractProblemLoader Replaying proof mini.MiniExamples[mini.MiniExamples::secure_p1_1()].Non-interference contract.0 
89526      DEBUG main            d.u.i.k.p.i.IntermediateProofReplayer Proof replay took 14.4ns 
89728      INFO  main            d.u.i.k.p.r.p.TestFile    ... finished proof: closed. 
89943      INFO  main            d.u.i.k.p.r.p.TestFile    Now processing file /home/runner/work/key/key/key.core/../key.ui/examples/InformationFlow/MiniExamples/mini.MiniExamples(mini.MiniExamples__insecure_p1_2()).Non-interference contract.0.key 
89943      INFO  main            d.u.i.k.p.i.AbstractProblemLoader Loading environment from /home/runner/work/key/key/key.core/../key.ui/examples/InformationFlow/MiniExamples/mini.MiniExamples(mini.MiniExamples__insecure_p1_2()).Non-interference contract.0.key 
89943      DEBUG main            d.u.i.k.p.i.AbstractProblemLoader Environment load took 116.4ns 
89944      INFO  main            d.u.i.k.p.i.AbstractProblemLoader Creating init config 
92309      DEBUG main            d.u.i.k.p.i.AbstractProblemLoader Init config took 2.36s 
92354      INFO  main            d.u.i.k.p.i.AbstractProblemLoader Replaying proof mini.MiniExamples[mini.MiniExamples::insecure_p1_2()].Non-interference contract.0 
92357      DEBUG main            d.u.i.k.p.i.IntermediateProofReplayer Proof replay took 14ns 
92559      INFO  main            d.u.i.k.p.r.p.TestFile    ... finished proof: open goal(s) 
92762      INFO  main            d.u.i.k.p.r.p.TestFile    Now processing file /home/runner/work/key/key/key.core/../key.ui/examples/InformationFlow/MiniExamples/mini.MiniExamples(mini.MiniExamples__insecure_p1_1()).Non-interference contract.0.key 
92762      INFO  main            d.u.i.k.p.i.AbstractProblemLoader Loading environment from /home/runner/work/key/key/key.core/../key.ui/examples/InformationFlow/MiniExamples/mini.MiniExamples(mini.MiniExamples__insecure_p1_1()).Non-interference contract.0.key 
92762      DEBUG main            d.u.i.k.p.i.AbstractProblemLoader Environment load took 63.6ns 
92763      INFO  main            d.u.i.k.p.i.AbstractProblemLoader Creating init config 
95124      DEBUG main            d.u.i.k.p.i.AbstractProblemLoader Init config took 2.36s 
95168      INFO  main            d.u.i.k.p.i.AbstractProblemLoader Replaying proof mini.MiniExamples[mini.MiniExamples::insecure_p1_1()].Non-interference contract.0 
95170      DEBUG main            d.u.i.k.p.i.IntermediateProofReplayer Proof replay took 13.4ns 
95272      INFO  main            d.u.i.k.p.r.p.TestFile    ... finished proof: open goal(s) 
1186800    INFO  Test worker     d.u.i.k.p.r.RunAllProofsTestUnit Returning from test MiniExamples_nomacro 
1186801    INFO  Test worker     d.u.i.k.p.r.RunAllProofsTestUnit Running test NewObjects_nomacro 
335        INFO  Timeout watchdog d.u.i.k.p.r.p.ForkedTestFileRunner Timeout watcher launched (1000 secs.) 
345        WARN  main            d.u.i.k.s.ProofSettings   The settings in /home/runner/.key/proof-settings.props are *not* read. 
367        INFO  main            d.u.i.k.p.r.p.TestFile    Now processing file /home/runner/work/key/key/key.core/../key.ui/examples/InformationFlow/NewObjects/object.AmtoftBanerjee3(object.AmtoftBanerjee3__m()).Non-interference contract.0.key 
487        INFO  main            d.u.i.k.p.i.AbstractProblemLoader Loading environment from /home/runner/work/key/key/key.core/../key.ui/examples/InformationFlow/NewObjects/object.AmtoftBanerjee3(object.AmtoftBanerjee3__m()).Non-interference contract.0.key 
506        DEBUG main            d.u.i.k.p.i.AbstractProblemLoader Environment load took 2.28ms 
727        INFO  main            d.u.i.k.p.i.AbstractProblemLoader Creating init config 
1599       DEBUG main            d.u.i.k.j.TypeConverter   No LDT found for Meta 
1603       DEBUG main            d.u.i.k.j.TypeConverter   No LDT found for Meta 
1607       DEBUG main            d.u.i.k.j.TypeConverter   No LDT found for Meta 
1607       DEBUG main            d.u.i.k.j.TypeConverter   No LDT found for Meta 
3071       DEBUG main            d.u.i.k.j.TypeConverter   No LDT found for JavaBigintExpression 
5962       DEBUG main            d.u.i.k.j.r.ClassPreparationMethodBuilder clPrepBuilder: Inner Class detected. Reject building class initialisation methods. 
8281       DEBUG main            d.u.i.k.p.i.AbstractProblemLoader Init config took 7.55s 
8420       INFO  main            d.u.i.k.p.i.AbstractProblemLoader Replaying proof object.AmtoftBanerjee3[object.AmtoftBanerjee3::m()].Non-interference contract.0 
8523       DEBUG main            d.u.i.k.p.i.IntermediateProofReplayer Proof replay took 374.3ns 
9464       INFO  main            d.u.i.k.p.r.p.TestFile    ... finished proof: closed. 
9578       INFO  main            d.u.i.k.p.r.p.TestFile    Now processing file /home/runner/work/key/key/key.core/../key.ui/examples/InformationFlow/NewObjects/object.AmtoftBanerjee(object.AmtoftBanerjee__m_2()).Non-interference contract.0.key 
9580       INFO  main            d.u.i.k.p.i.AbstractProblemLoader Loading environment from /home/runner/work/key/key/key.core/../key.ui/examples/InformationFlow/NewObjects/object.AmtoftBanerjee(object.AmtoftBanerjee__m_2()).Non-interference contract.0.key 
9581       DEBUG main            d.u.i.k.p.i.AbstractProblemLoader Environment load took 852.91ns 
9585       INFO  main            d.u.i.k.p.i.AbstractProblemLoader Creating init config 
10638      DEBUG main            d.u.i.k.j.r.ClassPreparationMethodBuilder clPrepBuilder: Inner Class detected. Reject building class initialisation methods. 
12619      DEBUG main            d.u.i.k.p.i.AbstractProblemLoader Init config took 3.03s 
12699      INFO  main            d.u.i.k.p.i.AbstractProblemLoader Replaying proof object.AmtoftBanerjee[object.AmtoftBanerjee::m_2()].Non-interference contract.0 
12703      DEBUG main            d.u.i.k.p.i.IntermediateProofReplayer Proof replay took 12.6ns 
13934      INFO  main            d.u.i.k.p.r.p.TestFile    ... finished proof: closed. 
14054      INFO  main            d.u.i.k.p.r.p.TestFile    Now processing file /home/runner/work/key/key/key.core/../key.ui/examples/InformationFlow/NewObjects/object.AmtoftBanerjee(object.AmtoftBanerjee__m_1()).Non-interference contract.1.key 
14054      INFO  main            d.u.i.k.p.i.AbstractProblemLoader Loading environment from /home/runner/work/key/key/key.core/../key.ui/examples/InformationFlow/NewObjects/object.AmtoftBanerjee(object.AmtoftBanerjee__m_1()).Non-interference contract.1.key 
14055      DEBUG main            d.u.i.k.p.i.AbstractProblemLoader Environment load took 81.3ns 
14056      INFO  main            d.u.i.k.p.i.AbstractProblemLoader Creating init config 
15011      DEBUG main            d.u.i.k.j.r.ClassPreparationMethodBuilder clPrepBuilder: Inner Class detected. Reject building class initialisation methods. 
16972      DEBUG main            d.u.i.k.p.i.AbstractProblemLoader Init config took 2.92s 
17033      INFO  main            d.u.i.k.p.i.AbstractProblemLoader Replaying proof object.AmtoftBanerjee[object.AmtoftBanerjee::m_1()].Non-interference contract.1 
17036      DEBUG main            d.u.i.k.p.i.IntermediateProofReplayer Proof replay took 12.9ns 
17653      INFO  main            d.u.i.k.p.r.p.TestFile    ... finished proof: open goal(s) 
17820      INFO  main            d.u.i.k.p.r.p.TestFile    Now processing file /home/runner/work/key/key/key.core/../key.ui/examples/InformationFlow/NewObjects/object.AmtoftBanerjee(object.AmtoftBanerjee__m_1()).Non-interference contract.0.key 
17820      INFO  main            d.u.i.k.p.i.AbstractProblemLoader Loading environment from /home/runner/work/key/key/key.core/../key.ui/examples/InformationFlow/NewObjects/object.AmtoftBanerjee(object.AmtoftBanerjee__m_1()).Non-interference contract.0.key 
17820      DEBUG main            d.u.i.k.p.i.AbstractProblemLoader Environment load took 74.5ns 
17822      INFO  main            d.u.i.k.p.i.AbstractProblemLoader Creating init config 
18735      DEBUG main            d.u.i.k.j.r.ClassPreparationMethodBuilder clPrepBuilder: Inner Class detected. Reject building class initialisation methods. 
20660      DEBUG main            d.u.i.k.p.i.AbstractProblemLoader Init config took 2.84s 
20731      INFO  main            d.u.i.k.p.i.AbstractProblemLoader Replaying proof object.AmtoftBanerjee[object.AmtoftBanerjee::m_1()].Non-interference contract.0 
20734      DEBUG main            d.u.i.k.p.i.IntermediateProofReplayer Proof replay took 13ns 
21238      INFO  main            d.u.i.k.p.r.p.TestFile    ... finished proof: closed. 
21379      INFO  main            d.u.i.k.p.r.p.TestFile    Now processing file /home/runner/work/key/key/key.core/../key.ui/examples/InformationFlow/NewObjects/object.AmtoftBanerjee(object.AmtoftBanerjee__getQ()).Non-interference contract.0.key 
21380      INFO  main            d.u.i.k.p.i.AbstractProblemLoader Loading environment from /home/runner/work/key/key/key.core/../key.ui/examples/InformationFlow/NewObjects/object.AmtoftBanerjee(object.AmtoftBanerjee__getQ()).Non-interference contract.0.key 
21380      DEBUG main            d.u.i.k.p.i.AbstractProblemLoader Environment load took 84.2ns 
21381      INFO  main            d.u.i.k.p.i.AbstractProblemLoader Creating init config 
22248      DEBUG main            d.u.i.k.j.r.ClassPreparationMethodBuilder clPrepBuilder: Inner Class detected. Reject building class initialisation methods. 
24157      DEBUG main            d.u.i.k.p.i.AbstractProblemLoader Init config took 2.78s 
24206      INFO  main            d.u.i.k.p.i.AbstractProblemLoader Replaying proof object.AmtoftBanerjee[object.AmtoftBanerjee::getQ()].Non-interference contract.0 
24210      DEBUG main            d.u.i.k.p.i.IntermediateProofReplayer Proof replay took 43.6ns 
24312      INFO  main            d.u.i.k.p.r.p.TestFile    ... finished proof: closed. 
24464      INFO  main            d.u.i.k.p.r.p.TestFile    Now processing file /home/runner/work/key/key/key.core/../key.ui/examples/InformationFlow/NewObjects/object.ObjectOrientation(object.ObjectOrientation__secure_while_i((Ljava.lang.Object)).Non-interference contract.0.key 
24464      INFO  main            d.u.i.k.p.i.AbstractProblemLoader Loading environment from /home/runner/work/key/key/key.core/../key.ui/examples/InformationFlow/NewObjects/object.ObjectOrientation(object.ObjectOrientation__secure_while_i((Ljava.lang.Object)).Non-interference contract.0.key 
24464      DEBUG main            d.u.i.k.p.i.AbstractProblemLoader Environment load took 73.5ns 
24466      INFO  main            d.u.i.k.p.i.AbstractProblemLoader Creating init config 
25344      DEBUG main            d.u.i.k.j.r.ClassPreparationMethodBuilder clPrepBuilder: Inner Class detected. Reject building class initialisation methods. 
27249      DEBUG main            d.u.i.k.p.i.AbstractProblemLoader Init config took 2.78s 
27307      INFO  main            d.u.i.k.p.i.AbstractProblemLoader Replaying proof object.ObjectOrientation[object.ObjectOrientation::secure_while_i([Ljava.lang.Object)].Non-interference contract.0 
27310      DEBUG main            d.u.i.k.p.i.IntermediateProofReplayer Proof replay took 13.5ns 
38537      INFO  main            d.u.i.k.p.r.p.TestFile    ... finished proof: closed. 
38746      INFO  main            d.u.i.k.p.r.p.TestFile    Now processing file /home/runner/work/key/key/key.core/../key.ui/examples/InformationFlow/NewObjects/object.ObjectOrientation(object.ObjectOrientation__secure_method_call()).Non-interference contract.0.key 
38747      INFO  main            d.u.i.k.p.i.AbstractProblemLoader Loading environment from /home/runner/work/key/key/key.core/../key.ui/examples/InformationFlow/NewObjects/object.ObjectOrientation(object.ObjectOrientation__secure_method_call()).Non-interference contract.0.key 
38747      DEBUG main            d.u.i.k.p.i.AbstractProblemLoader Environment load took 94ns 
38748      INFO  main            d.u.i.k.p.i.AbstractProblemLoader Creating init config 
39605      DEBUG main            d.u.i.k.j.r.ClassPreparationMethodBuilder clPrepBuilder: Inner Class detected. Reject building class initialisation methods. 
41463      DEBUG main            d.u.i.k.p.i.AbstractProblemLoader Init config took 2.72s 
41513      INFO  main            d.u.i.k.p.i.AbstractProblemLoader Replaying proof object.ObjectOrientation[object.ObjectOrientation::secure_method_call()].Non-interference contract.0 
41516      DEBUG main            d.u.i.k.p.i.IntermediateProofReplayer Proof replay took 14ns 
42020      INFO  main            d.u.i.k.p.r.p.TestFile    ... finished proof: closed. 
42163      INFO  main            d.u.i.k.p.r.p.TestFile    Now processing file /home/runner/work/key/key/key.core/../key.ui/examples/InformationFlow/NewObjects/object.ObjectOrientation(object.ObjectOrientation__if_two_object_creation_next()).Non-interference contract.1.key 
42164      INFO  main            d.u.i.k.p.i.AbstractProblemLoader Loading environment from /home/runner/work/key/key/key.core/../key.ui/examples/InformationFlow/NewObjects/object.ObjectOrientation(object.ObjectOrientation__if_two_object_creation_next()).Non-interference contract.1.key 
42164      DEBUG main            d.u.i.k.p.i.AbstractProblemLoader Environment load took 70.6ns 
42165      INFO  main            d.u.i.k.p.i.AbstractProblemLoader Creating init config 
43038      DEBUG main            d.u.i.k.j.r.ClassPreparationMethodBuilder clPrepBuilder: Inner Class detected. Reject building class initialisation methods. 
44940      DEBUG main            d.u.i.k.p.i.AbstractProblemLoader Init config took 2.78s 
44993      INFO  main            d.u.i.k.p.i.AbstractProblemLoader Replaying proof object.ObjectOrientation[object.ObjectOrientation::if_two_object_creation_next()].Non-interference contract.1 
44996      DEBUG main            d.u.i.k.p.i.IntermediateProofReplayer Proof replay took 13.3ns 
64031      INFO  main            d.u.i.k.p.r.p.TestFile    ... finished proof: open goal(s) 
64231      INFO  main            d.u.i.k.p.r.p.TestFile    Now processing file /home/runner/work/key/key/key.core/../key.ui/examples/InformationFlow/NewObjects/object.ObjectOrientation(object.ObjectOrientation__insecure_two_object_creation()).Non-interference contract.0.key 
64231      INFO  main            d.u.i.k.p.i.AbstractProblemLoader Loading environment from /home/runner/work/key/key/key.core/../key.ui/examples/InformationFlow/NewObjects/object.ObjectOrientation(object.ObjectOrientation__insecure_two_object_creation()).Non-interference contract.0.key 
64231      DEBUG main            d.u.i.k.p.i.AbstractProblemLoader Environment load took 80.2ns 
64232      INFO  main            d.u.i.k.p.i.AbstractProblemLoader Creating init config 
65081      DEBUG main            d.u.i.k.j.r.ClassPreparationMethodBuilder clPrepBuilder: Inner Class detected. Reject building class initialisation methods. 
66918      DEBUG main            d.u.i.k.p.i.AbstractProblemLoader Init config took 2.69s 
66968      INFO  main            d.u.i.k.p.i.AbstractProblemLoader Replaying proof object.ObjectOrientation[object.ObjectOrientation::insecure_two_object_creation()].Non-interference contract.0 
66972      DEBUG main            d.u.i.k.p.i.IntermediateProofReplayer Proof replay took 13.9ns 
85472      INFO  main            d.u.i.k.p.r.p.TestFile    ... finished proof: open goal(s) 
85755      INFO  main            d.u.i.k.p.r.p.TestFile    Now processing file /home/runner/work/key/key/key.core/../key.ui/examples/InformationFlow/NewObjects/object.ObjectOrientation(object.ObjectOrientation__secure_two_object_creation()).Non-interference contract.0.key 
85756      INFO  main            d.u.i.k.p.i.AbstractProblemLoader Loading environment from /home/runner/work/key/key/key.core/../key.ui/examples/InformationFlow/NewObjects/object.ObjectOrientation(object.ObjectOrientation__secure_two_object_creation()).Non-interference contract.0.key 
85756      DEBUG main            d.u.i.k.p.i.AbstractProblemLoader Environment load took 86.5ns 
85757      INFO  main            d.u.i.k.p.i.AbstractProblemLoader Creating init config 
86639      DEBUG main            d.u.i.k.j.r.ClassPreparationMethodBuilder clPrepBuilder: Inner Class detected. Reject building class initialisation methods. 
88468      DEBUG main            d.u.i.k.p.i.AbstractProblemLoader Init config took 2.71s 
88514      INFO  main            d.u.i.k.p.i.AbstractProblemLoader Replaying proof object.ObjectOrientation[object.ObjectOrientation::secure_two_object_creation()].Non-interference contract.0 
88517      DEBUG main            d.u.i.k.p.i.IntermediateProofReplayer Proof replay took 13.1ns 
101767     INFO  main            d.u.i.k.p.r.p.TestFile    ... finished proof: closed. 
102042     INFO  main            d.u.i.k.p.r.p.TestFile    Now processing file /home/runner/work/key/key/key.core/../key.ui/examples/InformationFlow/NewObjects/object.ObjectOrientation(object.ObjectOrientation__insecure_object_assignment()).Non-interference contract.1.key 
102042     INFO  main            d.u.i.k.p.i.AbstractProblemLoader Loading environment from /home/runner/work/key/key/key.core/../key.ui/examples/InformationFlow/NewObjects/object.ObjectOrientation(object.ObjectOrientation__insecure_object_assignment()).Non-interference contract.1.key 
102043     DEBUG main            d.u.i.k.p.i.AbstractProblemLoader Environment load took 75.2ns 
102043     INFO  main            d.u.i.k.p.i.AbstractProblemLoader Creating init config 
102932     DEBUG main            d.u.i.k.j.r.ClassPreparationMethodBuilder clPrepBuilder: Inner Class detected. Reject building class initialisation methods. 
104771     DEBUG main            d.u.i.k.p.i.AbstractProblemLoader Init config took 2.73s 
104813     INFO  main            d.u.i.k.p.i.AbstractProblemLoader Replaying proof object.ObjectOrientation[object.ObjectOrientation::insecure_object_assignment()].Non-interference contract.1 
104816     DEBUG main            d.u.i.k.p.i.IntermediateProofReplayer Proof replay took 13.3ns 
113982     INFO  main            d.u.i.k.p.r.p.TestFile    ... finished proof: open goal(s) 
114185     INFO  main            d.u.i.k.p.r.p.TestFile    Now processing file /home/runner/work/key/key/key.core/../key.ui/examples/InformationFlow/NewObjects/object.ObjectOrientation(object.ObjectOrientation__insecure_object_assignment()).Non-interference contract.0.key 
114185     INFO  main            d.u.i.k.p.i.AbstractProblemLoader Loading environment from /home/runner/work/key/key/key.core/../key.ui/examples/InformationFlow/NewObjects/object.ObjectOrientation(object.ObjectOrientation__insecure_object_assignment()).Non-interference contract.0.key 
114185     DEBUG main            d.u.i.k.p.i.AbstractProblemLoader Environment load took 124.6ns 
114186     INFO  main            d.u.i.k.p.i.AbstractProblemLoader Creating init config 
115031     DEBUG main            d.u.i.k.j.r.ClassPreparationMethodBuilder clPrepBuilder: Inner Class detected. Reject building class initialisation methods. 
116860     DEBUG main            d.u.i.k.p.i.AbstractProblemLoader Init config took 2.67s 
116902     INFO  main            d.u.i.k.p.i.AbstractProblemLoader Replaying proof object.ObjectOrientation[object.ObjectOrientation::insecure_object_assignment()].Non-interference contract.0 
116904     DEBUG main            d.u.i.k.p.i.IntermediateProofReplayer Proof replay took 14.1ns 
117111     INFO  main            d.u.i.k.p.r.p.TestFile    ... finished proof: open goal(s) 
117300     INFO  main            d.u.i.k.p.r.p.TestFile    Now processing file /home/runner/work/key/key/key.core/../key.ui/examples/InformationFlow/NewObjects/object.ObjectOrientation(object.ObjectOrientation__secure_object_creation_3()).Non-interference contract.0.key 
117300     INFO  main            d.u.i.k.p.i.AbstractProblemLoader Loading environment from /home/runner/work/key/key/key.core/../key.ui/examples/InformationFlow/NewObjects/object.ObjectOrientation(object.ObjectOrientation__secure_object_creation_3()).Non-interference contract.0.key 
117300     DEBUG main            d.u.i.k.p.i.AbstractProblemLoader Environment load took 68.5ns 
117301     INFO  main            d.u.i.k.p.i.AbstractProblemLoader Creating init config 
118130     DEBUG main            d.u.i.k.j.r.ClassPreparationMethodBuilder clPrepBuilder: Inner Class detected. Reject building class initialisation methods. 
119978     DEBUG main            d.u.i.k.p.i.AbstractProblemLoader Init config took 2.68s 
120031     INFO  main            d.u.i.k.p.i.AbstractProblemLoader Replaying proof object.ObjectOrientation[object.ObjectOrientation::secure_object_creation_3()].Non-interference contract.0 
120034     DEBUG main            d.u.i.k.p.i.IntermediateProofReplayer Proof replay took 14.6ns 
120539     INFO  main            d.u.i.k.p.r.p.TestFile    ... finished proof: closed. 
120717     INFO  main            d.u.i.k.p.r.p.TestFile    Now processing file /home/runner/work/key/key/key.core/../key.ui/examples/InformationFlow/NewObjects/object.ObjectOrientation(object.ObjectOrientation__secure_object_creation_2()).Non-interference contract.0.key 
120718     INFO  main            d.u.i.k.p.i.AbstractProblemLoader Loading environment from /home/runner/work/key/key/key.core/../key.ui/examples/InformationFlow/NewObjects/object.ObjectOrientation(object.ObjectOrientation__secure_object_creation_2()).Non-interference contract.0.key 
120718     DEBUG main            d.u.i.k.p.i.AbstractProblemLoader Environment load took 108ns 
120719     INFO  main            d.u.i.k.p.i.AbstractProblemLoader Creating init config 
121552     DEBUG main            d.u.i.k.j.r.ClassPreparationMethodBuilder clPrepBuilder: Inner Class detected. Reject building class initialisation methods. 
123413     DEBUG main            d.u.i.k.p.i.AbstractProblemLoader Init config took 2.69s 
123454     INFO  main            d.u.i.k.p.i.AbstractProblemLoader Replaying proof object.ObjectOrientation[object.ObjectOrientation::secure_object_creation_2()].Non-interference contract.0 
123456     DEBUG main            d.u.i.k.p.i.IntermediateProofReplayer Proof replay took 15.6ns 
123862     INFO  main            d.u.i.k.p.r.p.TestFile    ... finished proof: closed. 
124032     INFO  main            d.u.i.k.p.r.p.TestFile    Now processing file /home/runner/work/key/key/key.core/../key.ui/examples/InformationFlow/NewObjects/object.ObjectOrientation(object.ObjectOrientation__secure_object_creation()).Non-interference contract.0.key 
124032     INFO  main            d.u.i.k.p.i.AbstractProblemLoader Loading environment from /home/runner/work/key/key/key.core/../key.ui/examples/InformationFlow/NewObjects/object.ObjectOrientation(object.ObjectOrientation__secure_object_creation()).Non-interference contract.0.key 
124032     DEBUG main            d.u.i.k.p.i.AbstractProblemLoader Environment load took 100.8ns 
124033     INFO  main            d.u.i.k.p.i.AbstractProblemLoader Creating init config 
124872     DEBUG main            d.u.i.k.j.r.ClassPreparationMethodBuilder clPrepBuilder: Inner Class detected. Reject building class initialisation methods. 
126727     DEBUG main            d.u.i.k.p.i.AbstractProblemLoader Init config took 2.69s 
126767     INFO  main            d.u.i.k.p.i.AbstractProblemLoader Replaying proof object.ObjectOrientation[object.ObjectOrientation::secure_object_creation()].Non-interference contract.0 
126769     DEBUG main            d.u.i.k.p.i.IntermediateProofReplayer Proof replay took 16ns 
127673     INFO  main            d.u.i.k.p.r.p.TestFile    ... finished proof: closed. 
127858     INFO  main            d.u.i.k.p.r.p.TestFile    Now processing file /home/runner/work/key/key/key.core/../key.ui/examples/InformationFlow/NewObjects/object.AmtoftBanerjee2(object.AmtoftBanerjee2__expensive(int)).Non-interference contract.0.key 
127858     INFO  main            d.u.i.k.p.i.AbstractProblemLoader Loading environment from /home/runner/work/key/key/key.core/../key.ui/examples/InformationFlow/NewObjects/object.AmtoftBanerjee2(object.AmtoftBanerjee2__expensive(int)).Non-interference contract.0.key 
127858     DEBUG main            d.u.i.k.p.i.AbstractProblemLoader Environment load took 67.4ns 
127859     INFO  main            d.u.i.k.p.i.AbstractProblemLoader Creating init config 
128712     DEBUG main            d.u.i.k.j.r.ClassPreparationMethodBuilder clPrepBuilder: Inner Class detected. Reject building class initialisation methods. 
130610     DEBUG main            d.u.i.k.p.i.AbstractProblemLoader Init config took 2.75s 
130652     INFO  main            d.u.i.k.p.i.AbstractProblemLoader Replaying proof object.AmtoftBanerjee2[object.AmtoftBanerjee2::expensive(int)].Non-interference contract.0 
130654     DEBUG main            d.u.i.k.p.i.IntermediateProofReplayer Proof replay took 15.5ns 
130756     INFO  main            d.u.i.k.p.r.p.TestFile    ... finished proof: closed. 
130933     INFO  main            d.u.i.k.p.r.p.TestFile    Now processing file /home/runner/work/key/key/key.core/../key.ui/examples/InformationFlow/NewObjects/object.AmtoftBanerjee2(object.AmtoftBanerjee2__cexp(int)).Non-interference contract.0.key 
130933     INFO  main            d.u.i.k.p.i.AbstractProblemLoader Loading environment from /home/runner/work/key/key/key.core/../key.ui/examples/InformationFlow/NewObjects/object.AmtoftBanerjee2(object.AmtoftBanerjee2__cexp(int)).Non-interference contract.0.key 
130934     DEBUG main            d.u.i.k.p.i.AbstractProblemLoader Environment load took 106.8ns 
130934     INFO  main            d.u.i.k.p.i.AbstractProblemLoader Creating init config 
131764     DEBUG main            d.u.i.k.j.r.ClassPreparationMethodBuilder clPrepBuilder: Inner Class detected. Reject building class initialisation methods. 
133599     DEBUG main            d.u.i.k.p.i.AbstractProblemLoader Init config took 2.66s 
133652     INFO  main            d.u.i.k.p.i.AbstractProblemLoader Replaying proof object.AmtoftBanerjee2[object.AmtoftBanerjee2::cexp(int)].Non-interference contract.0 
133659     DEBUG main            d.u.i.k.p.i.IntermediateProofReplayer Proof replay took 14.3ns 
135167     INFO  main            d.u.i.k.p.r.p.TestFile    ... finished proof: closed. 
1322340    INFO  Test worker     d.u.i.k.p.r.RunAllProofsTestUnit Returning from test NewObjects_nomacro 
1322341    INFO  Test worker     d.u.i.k.p.r.RunAllProofsTestUnit Running test SimpleEvoting_nomacro 
331        INFO  Timeout watchdog d.u.i.k.p.r.p.ForkedTestFileRunner Timeout watcher launched (1000 secs.) 
343        WARN  main            d.u.i.k.s.ProofSettings   The settings in /home/runner/.key/proof-settings.props are *not* read. 
364        INFO  main            d.u.i.k.p.r.p.TestFile    Now processing file /home/runner/work/key/key/key.core/../key.ui/examples/InformationFlow/SimpleEvoting/simple_evoting.Environment(simple_evoting.Environment__untrustedOutputMessage((B)).Non-interference contract.0.key 
472        INFO  main            d.u.i.k.p.i.AbstractProblemLoader Loading environment from /home/runner/work/key/key/key.core/../key.ui/examples/InformationFlow/SimpleEvoting/simple_evoting.Environment(simple_evoting.Environment__untrustedOutputMessage((B)).Non-interference contract.0.key 
501        DEBUG main            d.u.i.k.p.i.AbstractProblemLoader Environment load took 1.84ms 
754        INFO  main            d.u.i.k.p.i.AbstractProblemLoader Creating init config 
1689       DEBUG main            d.u.i.k.j.TypeConverter   No LDT found for Meta 
1689       DEBUG main            d.u.i.k.j.TypeConverter   No LDT found for Meta 
1691       DEBUG main            d.u.i.k.j.TypeConverter   No LDT found for Meta 
1691       DEBUG main            d.u.i.k.j.TypeConverter   No LDT found for Meta 
3433       DEBUG main            d.u.i.k.j.TypeConverter   No LDT found for JavaBigintExpression 
9064       DEBUG main            d.u.i.k.p.i.AbstractProblemLoader Init config took 8.31s 
9289       INFO  main            d.u.i.k.p.i.AbstractProblemLoader Replaying proof simple_evoting.Environment[simple_evoting.Environment::untrustedOutputMessage([B)].Non-interference contract.0 
9367       DEBUG main            d.u.i.k.p.i.IntermediateProofReplayer Proof replay took 349.81ns 
17627      INFO  main            d.u.i.k.p.r.p.TestFile    ... finished proof: closed. 
17810      INFO  main            d.u.i.k.p.r.p.TestFile    Now processing file /home/runner/work/key/key/key.core/../key.ui/examples/InformationFlow/SimpleEvoting/simple_evoting.Environment(simple_evoting.Environment__untrustedOutput(int)).Non-interference contract.0.key 
17811      INFO  main            d.u.i.k.p.i.AbstractProblemLoader Loading environment from /home/runner/work/key/key/key.core/../key.ui/examples/InformationFlow/SimpleEvoting/simple_evoting.Environment(simple_evoting.Environment__untrustedOutput(int)).Non-interference contract.0.key 
17811      DEBUG main            d.u.i.k.p.i.AbstractProblemLoader Environment load took 399.11ns 
17813      INFO  main            d.u.i.k.p.i.AbstractProblemLoader Creating init config 
21116      DEBUG main            d.u.i.k.p.i.AbstractProblemLoader Init config took 3.3s 
21196      INFO  main            d.u.i.k.p.i.AbstractProblemLoader Replaying proof simple_evoting.Environment[simple_evoting.Environment::untrustedOutput(int)].Non-interference contract.0 
21200      DEBUG main            d.u.i.k.p.i.IntermediateProofReplayer Proof replay took 12.8ns 
21304      INFO  main            d.u.i.k.p.r.p.TestFile    ... finished proof: closed. 
21432      INFO  main            d.u.i.k.p.r.p.TestFile    Now processing file /home/runner/work/key/key/key.core/../key.ui/examples/InformationFlow/SimpleEvoting/simple_evoting.Environment(simple_evoting.Environment__untrustedInput(int)).Non-interference contract.0.key 
21432      INFO  main            d.u.i.k.p.i.AbstractProblemLoader Loading environment from /home/runner/work/key/key/key.core/../key.ui/examples/InformationFlow/SimpleEvoting/simple_evoting.Environment(simple_evoting.Environment__untrustedInput(int)).Non-interference contract.0.key 
21432      DEBUG main            d.u.i.k.p.i.AbstractProblemLoader Environment load took 73.3ns 
21434      INFO  main            d.u.i.k.p.i.AbstractProblemLoader Creating init config 
24616      DEBUG main            d.u.i.k.p.i.AbstractProblemLoader Init config took 3.18s 
24686      INFO  main            d.u.i.k.p.i.AbstractProblemLoader Replaying proof simple_evoting.Environment[simple_evoting.Environment::untrustedInput(int)].Non-interference contract.0 
24689      DEBUG main            d.u.i.k.p.i.IntermediateProofReplayer Proof replay took 12.8ns 
24793      INFO  main            d.u.i.k.p.r.p.TestFile    ... finished proof: open goal(s) 
24940      INFO  main            d.u.i.k.p.r.p.TestFile    Now processing file /home/runner/work/key/key/key.core/../key.ui/examples/InformationFlow/SimpleEvoting/simple_evoting.Environment(simple_evoting.Environment__untrustedInput()).Non-interference contract.0.key 
24941      INFO  main            d.u.i.k.p.i.AbstractProblemLoader Loading environment from /home/runner/work/key/key/key.core/../key.ui/examples/InformationFlow/SimpleEvoting/simple_evoting.Environment(simple_evoting.Environment__untrustedInput()).Non-interference contract.0.key 
24941      DEBUG main            d.u.i.k.p.i.AbstractProblemLoader Environment load took 82.3ns 
24942      INFO  main            d.u.i.k.p.i.AbstractProblemLoader Creating init config 
28044      DEBUG main            d.u.i.k.p.i.AbstractProblemLoader Init config took 3.1s 
28130      INFO  main            d.u.i.k.p.i.AbstractProblemLoader Replaying proof simple_evoting.Environment[simple_evoting.Environment::untrustedInput()].Non-interference contract.0 
28133      DEBUG main            d.u.i.k.p.i.IntermediateProofReplayer Proof replay took 13.6ns 
28236      INFO  main            d.u.i.k.p.r.p.TestFile    ... finished proof: open goal(s) 
28416      INFO  main            d.u.i.k.p.r.p.TestFile    Now processing file /home/runner/work/key/key/key.core/../key.ui/examples/InformationFlow/SimpleEvoting/simple_evoting.SMT(simple_evoting.SMT__send(simple_evoting.Message,int,simple_evoting.Server)).Non-interference contract.1.key 
28416      INFO  main            d.u.i.k.p.i.AbstractProblemLoader Loading environment from /home/runner/work/key/key/key.core/../key.ui/examples/InformationFlow/SimpleEvoting/simple_evoting.SMT(simple_evoting.SMT__send(simple_evoting.Message,int,simple_evoting.Server)).Non-interference contract.1.key 
28416      DEBUG main            d.u.i.k.p.i.AbstractProblemLoader Environment load took 480.81ns 
28418      INFO  main            d.u.i.k.p.i.AbstractProblemLoader Creating init config 
31487      DEBUG main            d.u.i.k.p.i.AbstractProblemLoader Init config took 3.07s 
31549      INFO  main            d.u.i.k.p.i.AbstractProblemLoader Replaying proof simple_evoting.SMT[simple_evoting.SMT::send(simple_evoting.Message,int,simple_evoting.Server)].Non-interference contract.1 
31552      DEBUG main            d.u.i.k.p.i.IntermediateProofReplayer Proof replay took 12.8ns 
62243      INFO  main            d.u.i.k.p.r.p.TestFile    ... finished proof: closed. 
62486      INFO  main            d.u.i.k.p.r.p.TestFile    Now processing file /home/runner/work/key/key/key.core/../key.ui/examples/InformationFlow/SimpleEvoting/simple_evoting.SMT(simple_evoting.SMT__send(simple_evoting.Message,int,simple_evoting.Server)).Non-interference contract.0.key 
62486      INFO  main            d.u.i.k.p.i.AbstractProblemLoader Loading environment from /home/runner/work/key/key/key.core/../key.ui/examples/InformationFlow/SimpleEvoting/simple_evoting.SMT(simple_evoting.SMT__send(simple_evoting.Message,int,simple_evoting.Server)).Non-interference contract.0.key 
62486      DEBUG main            d.u.i.k.p.i.AbstractProblemLoader Environment load took 64.8ns 
62489      INFO  main            d.u.i.k.p.i.AbstractProblemLoader Creating init config 
65429      DEBUG main            d.u.i.k.p.i.AbstractProblemLoader Init config took 2.94s 
65494      INFO  main            d.u.i.k.p.i.AbstractProblemLoader Replaying proof simple_evoting.SMT[simple_evoting.SMT::send(simple_evoting.Message,int,simple_evoting.Server)].Non-interference contract.0 
65497      DEBUG main            d.u.i.k.p.i.IntermediateProofReplayer Proof replay took 13.4ns 
99256      INFO  main            d.u.i.k.p.r.p.TestFile    ... finished proof: closed. 
99518      INFO  main            d.u.i.k.p.r.p.TestFile    Now processing file /home/runner/work/key/key/key.core/../key.ui/examples/InformationFlow/SimpleEvoting/simple_evoting.NetworkClient(simple_evoting.NetworkClient__send((B,simple_evoting.Server,int)).Non-interference contract.0.key 
99518      INFO  main            d.u.i.k.p.i.AbstractProblemLoader Loading environment from /home/runner/work/key/key/key.core/../key.ui/examples/InformationFlow/SimpleEvoting/simple_evoting.NetworkClient(simple_evoting.NetworkClient__send((B,simple_evoting.Server,int)).Non-interference contract.0.key 
99518      DEBUG main            d.u.i.k.p.i.AbstractProblemLoader Environment load took 73.9ns 
99524      INFO  main            d.u.i.k.p.i.AbstractProblemLoader Creating init config 
102456     DEBUG main            d.u.i.k.p.i.AbstractProblemLoader Init config took 2.93s 
102514     INFO  main            d.u.i.k.p.i.AbstractProblemLoader Replaying proof simple_evoting.NetworkClient[simple_evoting.NetworkClient::send([B,simple_evoting.Server,int)].Non-interference contract.0 
102519     DEBUG main            d.u.i.k.p.i.IntermediateProofReplayer Proof replay took 13.8ns 
105833     INFO  main            d.u.i.k.p.r.p.TestFile    ... finished proof: closed. 
106006     INFO  main            d.u.i.k.p.r.p.TestFile    Now processing file /home/runner/work/key/key/key.core/../key.ui/examples/InformationFlow/SimpleEvoting/simple_evoting.Voter(simple_evoting.Voter__onSendBallot(simple_evoting.Server)).Non-interference contract.1.key 
106007     INFO  main            d.u.i.k.p.i.AbstractProblemLoader Loading environment from /home/runner/work/key/key/key.core/../key.ui/examples/InformationFlow/SimpleEvoting/simple_evoting.Voter(simple_evoting.Voter__onSendBallot(simple_evoting.Server)).Non-interference contract.1.key 
106007     DEBUG main            d.u.i.k.p.i.AbstractProblemLoader Environment load took 81.3ns 
106008     INFO  main            d.u.i.k.p.i.AbstractProblemLoader Creating init config 
108955     DEBUG main            d.u.i.k.p.i.AbstractProblemLoader Init config took 2.95s 
109011     INFO  main            d.u.i.k.p.i.AbstractProblemLoader Replaying proof simple_evoting.Voter[simple_evoting.Voter::onSendBallot(simple_evoting.Server)].Non-interference contract.1 
109013     DEBUG main            d.u.i.k.p.i.IntermediateProofReplayer Proof replay took 12.4ns 
120842     INFO  main            d.u.i.k.p.r.p.TestFile    ... finished proof: closed. 
121056     INFO  main            d.u.i.k.p.r.p.TestFile    Now processing file /home/runner/work/key/key/key.core/../key.ui/examples/InformationFlow/SimpleEvoting/simple_evoting.Voter(simple_evoting.Voter__onSendBallot(simple_evoting.Server)).Non-interference contract.0.key 
121056     INFO  main            d.u.i.k.p.i.AbstractProblemLoader Loading environment from /home/runner/work/key/key/key.core/../key.ui/examples/InformationFlow/SimpleEvoting/simple_evoting.Voter(simple_evoting.Voter__onSendBallot(simple_evoting.Server)).Non-interference contract.0.key 
121057     DEBUG main            d.u.i.k.p.i.AbstractProblemLoader Environment load took 620.5ns 
121058     INFO  main            d.u.i.k.p.i.AbstractProblemLoader Creating init config 
124019     DEBUG main            d.u.i.k.p.i.AbstractProblemLoader Init config took 2.96s 
124074     INFO  main            d.u.i.k.p.i.AbstractProblemLoader Replaying proof simple_evoting.Voter[simple_evoting.Voter::onSendBallot(simple_evoting.Server)].Non-interference contract.0 
124077     DEBUG main            d.u.i.k.p.i.IntermediateProofReplayer Proof replay took 13.6ns 
136942     INFO  main            d.u.i.k.p.r.p.TestFile    ... finished proof: closed. 
1459675    INFO  Test worker     d.u.i.k.p.r.RunAllProofsTestUnit Returning from test SimpleEvoting_nomacro 
1459676    INFO  Test worker     d.u.i.k.p.r.RunAllProofsTestUnit Running test ToyVoting_fullmacro 
331        INFO  Timeout watchdog d.u.i.k.p.r.p.ForkedTestFileRunner Timeout watcher launched (1000 secs.) 
342        WARN  main            d.u.i.k.s.ProofSettings   The settings in /home/runner/.key/proof-settings.props are *not* read. 
374        INFO  main            d.u.i.k.p.r.p.TestFile    Now processing file /home/runner/work/key/key/key.core/../key.ui/examples/InformationFlow/ToyVoting/Voter(Voter__insecure_voting()).Non-interference contract.0.m.key 
484        INFO  main            d.u.i.k.p.i.AbstractProblemLoader Loading environment from /home/runner/work/key/key/key.core/../key.ui/examples/InformationFlow/ToyVoting/Voter(Voter__insecure_voting()).Non-interference contract.0.m.key 
502        DEBUG main            d.u.i.k.p.i.AbstractProblemLoader Environment load took 2.15ms 
723        INFO  main            d.u.i.k.p.i.AbstractProblemLoader Creating init config 
1805       DEBUG main            d.u.i.k.j.TypeConverter   No LDT found for Meta 
1806       DEBUG main            d.u.i.k.j.TypeConverter   No LDT found for Meta 
1807       DEBUG main            d.u.i.k.j.TypeConverter   No LDT found for Meta 
1807       DEBUG main            d.u.i.k.j.TypeConverter   No LDT found for Meta 
3377       DEBUG main            d.u.i.k.j.TypeConverter   No LDT found for JavaBigintExpression 
8546       DEBUG main            d.u.i.k.p.i.AbstractProblemLoader Init config took 7.82s 
8685       INFO  main            d.u.i.k.p.i.AbstractProblemLoader Replaying proof Voter[Voter::insecure_voting()].Non-interference contract.0 
8756       DEBUG main            d.u.i.k.p.i.IntermediateProofReplayer Proof replay took 360.3ns 
8834       DEBUG main            d.u.i.k.m.s.ProofScriptEngine 1: 'macro 'infflow-autopilot'' on goal 0 (script from line 51) 
9142       DEBUG main            d.u.i.k.p.m.ProofCorrectnessMgt No justification found for rule Class_invariant_axiom_for_Voter 
9331       DEBUG main            d.u.i.k.p.m.ProofCorrectnessMgt No justification found for rule Class_invariant_axiom_for_Voter 
9334       DEBUG main            d.u.i.k.p.m.ProofCorrectnessMgt No justification found for rule Class_invariant_axiom_for_Voter 
9543       DEBUG main            d.u.i.k.p.m.ProofCorrectnessMgt No justification found for rule Class_invariant_axiom_for_Voter 
9545       DEBUG main            d.u.i.k.p.m.ProofCorrectnessMgt No justification found for rule Class_invariant_axiom_for_Voter 
9602       DEBUG main            d.u.i.k.p.m.ProofCorrectnessMgt No justification found for rule Class_invariant_axiom_for_Voter 
9607       DEBUG main            d.u.i.k.p.m.ProofCorrectnessMgt No justification found for rule Class_invariant_axiom_for_Voter 
9695       DEBUG main            d.u.i.k.p.m.ProofCorrectnessMgt No justification found for rule Class_invariant_axiom_for_Voter 
9696       DEBUG main            d.u.i.k.p.m.ProofCorrectnessMgt No justification found for rule Class_invariant_axiom_for_Voter 
9840       DEBUG main            d.u.i.k.p.m.ProofCorrectnessMgt No justification found for rule Class_invariant_axiom_for_Voter 
9842       DEBUG main            d.u.i.k.p.m.ProofCorrectnessMgt No justification found for rule Class_invariant_axiom_for_Voter 
9931       DEBUG main            d.u.i.k.p.m.ProofCorrectnessMgt No justification found for rule Class_invariant_axiom_for_Voter 
9933       DEBUG main            d.u.i.k.p.m.ProofCorrectnessMgt No justification found for rule Class_invariant_axiom_for_Voter 
9976       DEBUG main            d.u.i.k.p.m.ProofCorrectnessMgt No justification found for rule Class_invariant_axiom_for_Voter 
9978       DEBUG main            d.u.i.k.p.m.ProofCorrectnessMgt No justification found for rule Class_invariant_axiom_for_Voter 
10065      DEBUG main            d.u.i.k.p.m.ProofCorrectnessMgt No justification found for rule Class_invariant_axiom_for_Voter 
10080      DEBUG main            d.u.i.k.p.m.ProofCorrectnessMgt No justification found for rule Class_invariant_axiom_for_Voter 
10149      DEBUG main            d.u.i.k.p.m.ProofCorrectnessMgt No justification found for rule Class_invariant_axiom_for_Voter 
10162      DEBUG main            d.u.i.k.p.m.ProofCorrectnessMgt No justification found for rule Class_invariant_axiom_for_Voter 
10232      DEBUG main            d.u.i.k.p.m.ProofCorrectnessMgt No justification found for rule Class_invariant_axiom_for_Voter 
10250      DEBUG main            d.u.i.k.p.m.ProofCorrectnessMgt No justification found for rule Class_invariant_axiom_for_Voter 
10255      DEBUG main            d.u.i.k.p.m.ProofCorrectnessMgt No justification found for rule Class_invariant_axiom_for_Voter 
33373      INFO  main            d.u.i.k.p.r.p.TestFile    ... finished proof: open goal(s) 
33580      INFO  main            d.u.i.k.p.r.p.TestFile    Now processing file /home/runner/work/key/key/key.core/../key.ui/examples/InformationFlow/ToyVoting/Voter(Voter__publishVoterParticipation()).Non-interference contract.0.m.key 
33581      INFO  main            d.u.i.k.p.i.AbstractProblemLoader Loading environment from /home/runner/work/key/key/key.core/../key.ui/examples/InformationFlow/ToyVoting/Voter(Voter__publishVoterParticipation()).Non-interference contract.0.m.key 
33581      DEBUG main            d.u.i.k.p.i.AbstractProblemLoader Environment load took 295.7ns 
33585      INFO  main            d.u.i.k.p.i.AbstractProblemLoader Creating init config 
36336      DEBUG main            d.u.i.k.p.i.AbstractProblemLoader Init config took 2.75s 
36440      INFO  main            d.u.i.k.p.i.AbstractProblemLoader Replaying proof Voter[Voter::publishVoterParticipation()].Non-interference contract.0 
36443      DEBUG main            d.u.i.k.p.i.IntermediateProofReplayer Proof replay took 12.2ns 
36444      DEBUG main            d.u.i.k.m.s.ProofScriptEngine 1: 'macro 'infflow-autopilot'' on goal 0 (script from line 51) 
36528      DEBUG main            d.u.i.k.p.m.ProofCorrectnessMgt No justification found for rule Class_invariant_axiom_for_Voter 
36711      INFO  main            d.u.i.k.p.r.p.TestFile    ... finished proof: closed. 
36928      INFO  main            d.u.i.k.p.r.p.TestFile    Now processing file /home/runner/work/key/key/key.core/../key.ui/examples/InformationFlow/ToyVoting/Voter(Voter__isValid(int)).Non-interference contract.0.m.key 
36928      INFO  main            d.u.i.k.p.i.AbstractProblemLoader Loading environment from /home/runner/work/key/key/key.core/../key.ui/examples/InformationFlow/ToyVoting/Voter(Voter__isValid(int)).Non-interference contract.0.m.key 
36928      DEBUG main            d.u.i.k.p.i.AbstractProblemLoader Environment load took 99.1ns 
36932      INFO  main            d.u.i.k.p.i.AbstractProblemLoader Creating init config 
39556      DEBUG main            d.u.i.k.p.i.AbstractProblemLoader Init config took 2.62s 
39612      INFO  main            d.u.i.k.p.i.AbstractProblemLoader Replaying proof Voter[Voter::isValid(int)].Non-interference contract.0 
39614      DEBUG main            d.u.i.k.p.i.IntermediateProofReplayer Proof replay took 12.5ns 
39615      DEBUG main            d.u.i.k.m.s.ProofScriptEngine 1: 'macro 'infflow-autopilot'' on goal 0 (script from line 51) 
39659      DEBUG main            d.u.i.k.p.m.ProofCorrectnessMgt No justification found for rule Class_invariant_axiom_for_Voter 
39937      INFO  main            d.u.i.k.p.r.p.TestFile    ... finished proof: closed. 
40088      INFO  main            d.u.i.k.p.r.p.TestFile    Now processing file /home/runner/work/key/key/key.core/../key.ui/examples/InformationFlow/ToyVoting/Voter(Voter__sendVote(int)).Non-interference contract.0.m.key 
40089      INFO  main            d.u.i.k.p.i.AbstractProblemLoader Loading environment from /home/runner/work/key/key/key.core/../key.ui/examples/InformationFlow/ToyVoting/Voter(Voter__sendVote(int)).Non-interference contract.0.m.key 
40089      DEBUG main            d.u.i.k.p.i.AbstractProblemLoader Environment load took 115.2ns 
40090      INFO  main            d.u.i.k.p.i.AbstractProblemLoader Creating init config 
42665      DEBUG main            d.u.i.k.p.i.AbstractProblemLoader Init config took 2.58s 
42722      INFO  main            d.u.i.k.p.i.AbstractProblemLoader Replaying proof Voter[Voter::sendVote(int)].Non-interference contract.0 
42725      DEBUG main            d.u.i.k.p.i.IntermediateProofReplayer Proof replay took 14.7ns 
42726      DEBUG main            d.u.i.k.m.s.ProofScriptEngine 1: 'macro 'infflow-autopilot'' on goal 0 (script from line 51) 
42764      DEBUG main            d.u.i.k.p.m.ProofCorrectnessMgt No justification found for rule Class_invariant_axiom_for_Voter 
42971      INFO  main            d.u.i.k.p.r.p.TestFile    ... finished proof: closed. 
43112      INFO  main            d.u.i.k.p.r.p.TestFile    Now processing file /home/runner/work/key/key/key.core/../key.ui/examples/InformationFlow/ToyVoting/Voter(Voter__inputVote()).Non-interference contract.0.m.key 
43112      INFO  main            d.u.i.k.p.i.AbstractProblemLoader Loading environment from /home/runner/work/key/key/key.core/../key.ui/examples/InformationFlow/ToyVoting/Voter(Voter__inputVote()).Non-interference contract.0.m.key 
43113      DEBUG main            d.u.i.k.p.i.AbstractProblemLoader Environment load took 61.6ns 
43114      INFO  main            d.u.i.k.p.i.AbstractProblemLoader Creating init config 
45655      DEBUG main            d.u.i.k.p.i.AbstractProblemLoader Init config took 2.54s 
45700      INFO  main            d.u.i.k.p.i.AbstractProblemLoader Replaying proof Voter[Voter::inputVote()].Non-interference contract.0 
45702      DEBUG main            d.u.i.k.p.i.IntermediateProofReplayer Proof replay took 27.7ns 
45703      DEBUG main            d.u.i.k.m.s.ProofScriptEngine 1: 'macro 'infflow-autopilot'' on goal 0 (script from line 51) 
45739      DEBUG main            d.u.i.k.p.m.ProofCorrectnessMgt No justification found for rule Class_invariant_axiom_for_Voter 
45837      INFO  main            d.u.i.k.p.r.p.TestFile    ... finished proof: closed. 
45985      INFO  main            d.u.i.k.p.r.p.TestFile    Now processing file /home/runner/work/key/key/key.core/../key.ui/examples/InformationFlow/ToyVoting/Voter(Voter__secure_voting()).Non-interference contract.0.m.key 
45985      INFO  main            d.u.i.k.p.i.AbstractProblemLoader Loading environment from /home/runner/work/key/key/key.core/../key.ui/examples/InformationFlow/ToyVoting/Voter(Voter__secure_voting()).Non-interference contract.0.m.key 
45985      DEBUG main            d.u.i.k.p.i.AbstractProblemLoader Environment load took 68ns 
45986      INFO  main            d.u.i.k.p.i.AbstractProblemLoader Creating init config 
48482      DEBUG main            d.u.i.k.p.i.AbstractProblemLoader Init config took 2.5s 
48525      INFO  main            d.u.i.k.p.i.AbstractProblemLoader Replaying proof Voter[Voter::secure_voting()].Non-interference contract.0 
48527      DEBUG main            d.u.i.k.p.i.IntermediateProofReplayer Proof replay took 14.2ns 
48528      DEBUG main            d.u.i.k.m.s.ProofScriptEngine 1: 'macro 'infflow-autopilot'' on goal 0 (script from line 51) 
48563      DEBUG main            d.u.i.k.p.m.ProofCorrectnessMgt No justification found for rule Class_invariant_axiom_for_Voter 
48675      DEBUG main            d.u.i.k.p.m.ProofCorrectnessMgt No justification found for rule Class_invariant_axiom_for_Voter 
48738      DEBUG main            d.u.i.k.p.m.ProofCorrectnessMgt No justification found for rule Class_invariant_axiom_for_Voter 
48739      DEBUG main            d.u.i.k.p.m.ProofCorrectnessMgt No justification found for rule Class_invariant_axiom_for_Voter 
48861      DEBUG main            d.u.i.k.p.m.ProofCorrectnessMgt No justification found for rule Class_invariant_axiom_for_Voter 
48987      DEBUG main            d.u.i.k.p.m.ProofCorrectnessMgt No justification found for rule Class_invariant_axiom_for_Voter 
48989      DEBUG main            d.u.i.k.p.m.ProofCorrectnessMgt No justification found for rule Class_invariant_axiom_for_Voter 
49248      DEBUG main            d.u.i.k.p.m.ProofCorrectnessMgt No justification found for rule Class_invariant_axiom_for_Voter 
49335      DEBUG main            d.u.i.k.p.m.ProofCorrectnessMgt No justification found for rule Class_invariant_axiom_for_Voter 
49337      DEBUG main            d.u.i.k.p.m.ProofCorrectnessMgt No justification found for rule Class_invariant_axiom_for_Voter 
49350      DEBUG main            d.u.i.k.p.m.ProofCorrectnessMgt No justification found for rule Class_invariant_axiom_for_Voter 
49419      DEBUG main            d.u.i.k.p.m.ProofCorrectnessMgt No justification found for rule Class_invariant_axiom_for_Voter 
49421      DEBUG main            d.u.i.k.p.m.ProofCorrectnessMgt No justification found for rule Class_invariant_axiom_for_Voter 
50184      DEBUG main            d.u.i.k.p.m.ProofCorrectnessMgt No justification found for rule Class_invariant_axiom_for_Voter 
50188      DEBUG main            d.u.i.k.p.m.ProofCorrectnessMgt No justification found for rule Class_invariant_axiom_for_Voter 
50238      DEBUG main            d.u.i.k.p.m.ProofCorrectnessMgt No justification found for rule Class_invariant_axiom_for_Voter 
50241      DEBUG main            d.u.i.k.p.m.ProofCorrectnessMgt No justification found for rule Class_invariant_axiom_for_Voter 
50291      DEBUG main            d.u.i.k.p.m.ProofCorrectnessMgt No justification found for rule Class_invariant_axiom_for_Voter 
50294      DEBUG main            d.u.i.k.p.m.ProofCorrectnessMgt No justification found for rule Class_invariant_axiom_for_Voter 
50340      DEBUG main            d.u.i.k.p.m.ProofCorrectnessMgt No justification found for rule Class_invariant_axiom_for_Voter 
50404      DEBUG main            d.u.i.k.p.m.ProofCorrectnessMgt No justification found for rule Class_invariant_axiom_for_Voter 
50482      DEBUG main            d.u.i.k.p.m.ProofCorrectnessMgt No justification found for rule Class_invariant_axiom_for_Voter 
50483      DEBUG main            d.u.i.k.p.m.ProofCorrectnessMgt No justification found for rule Class_invariant_axiom_for_Voter 
50958      DEBUG main            d.u.i.k.p.m.ProofCorrectnessMgt No justification found for rule Class_invariant_axiom_for_Voter 
50981      DEBUG main            d.u.i.k.p.m.ProofCorrectnessMgt No justification found for rule Class_invariant_axiom_for_Voter 
50983      DEBUG main            d.u.i.k.p.m.ProofCorrectnessMgt No justification found for rule Class_invariant_axiom_for_Voter 
50994      DEBUG main            d.u.i.k.p.m.ProofCorrectnessMgt No justification found for rule Class_invariant_axiom_for_Voter 
51018      DEBUG main            d.u.i.k.p.m.ProofCorrectnessMgt No justification found for rule Class_invariant_axiom_for_Voter 
51020      DEBUG main            d.u.i.k.p.m.ProofCorrectnessMgt No justification found for rule Class_invariant_axiom_for_Voter 
51045      DEBUG main            d.u.i.k.p.m.ProofCorrectnessMgt No justification found for rule Class_invariant_axiom_for_Voter 
51075      DEBUG main            d.u.i.k.p.m.ProofCorrectnessMgt No justification found for rule Class_invariant_axiom_for_Voter 
51077      DEBUG main            d.u.i.k.p.m.ProofCorrectnessMgt No justification found for rule Class_invariant_axiom_for_Voter 
51159      DEBUG main            d.u.i.k.p.m.ProofCorrectnessMgt No justification found for rule Class_invariant_axiom_for_Voter 
51190      DEBUG main            d.u.i.k.p.m.ProofCorrectnessMgt No justification found for rule Class_invariant_axiom_for_Voter 
51192      DEBUG main            d.u.i.k.p.m.ProofCorrectnessMgt No justification found for rule Class_invariant_axiom_for_Voter 
51338      DEBUG main            d.u.i.k.p.m.ProofCorrectnessMgt No justification found for rule Class_invariant_axiom_for_Voter 
51343      DEBUG main            d.u.i.k.p.m.ProofCorrectnessMgt No justification found for rule Class_invariant_axiom_for_Voter 
51482      DEBUG main            d.u.i.k.p.m.ProofCorrectnessMgt No justification found for rule Class_invariant_axiom_for_Voter 
51485      DEBUG main            d.u.i.k.p.m.ProofCorrectnessMgt No justification found for rule Class_invariant_axiom_for_Voter 
51587      DEBUG main            d.u.i.k.p.m.ProofCorrectnessMgt No justification found for rule Class_invariant_axiom_for_Voter 
51590      DEBUG main            d.u.i.k.p.m.ProofCorrectnessMgt No justification found for rule Class_invariant_axiom_for_Voter 
51660      DEBUG main            d.u.i.k.p.m.ProofCorrectnessMgt No justification found for rule Class_invariant_axiom_for_Voter 
51662      DEBUG main            d.u.i.k.p.m.ProofCorrectnessMgt No justification found for rule Class_invariant_axiom_for_Voter 
51715      DEBUG main            d.u.i.k.p.m.ProofCorrectnessMgt No justification found for rule Class_invariant_axiom_for_Voter 
51718      DEBUG main            d.u.i.k.p.m.ProofCorrectnessMgt No justification found for rule Class_invariant_axiom_for_Voter 
51821      DEBUG main            d.u.i.k.p.m.ProofCorrectnessMgt No justification found for rule Class_invariant_axiom_for_Voter 
51825      DEBUG main            d.u.i.k.p.m.ProofCorrectnessMgt No justification found for rule Class_invariant_axiom_for_Voter 
51918      DEBUG main            d.u.i.k.p.m.ProofCorrectnessMgt No justification found for rule Class_invariant_axiom_for_Voter 
51921      DEBUG main            d.u.i.k.p.m.ProofCorrectnessMgt No justification found for rule Class_invariant_axiom_for_Voter 
52072      DEBUG main            d.u.i.k.p.m.ProofCorrectnessMgt No justification found for rule Class_invariant_axiom_for_Voter 
52153      DEBUG main            d.u.i.k.p.m.ProofCorrectnessMgt No justification found for rule Class_invariant_axiom_for_Voter 
52154      DEBUG main            d.u.i.k.p.m.ProofCorrectnessMgt No justification found for rule Class_invariant_axiom_for_Voter 
52191      DEBUG main            d.u.i.k.p.m.ProofCorrectnessMgt No justification found for rule Class_invariant_axiom_for_Voter 
52192      DEBUG main            d.u.i.k.p.m.ProofCorrectnessMgt No justification found for rule Class_invariant_axiom_for_Voter 
52232      DEBUG main            d.u.i.k.p.m.ProofCorrectnessMgt No justification found for rule Class_invariant_axiom_for_Voter 
52232      DEBUG main            d.u.i.k.p.m.ProofCorrectnessMgt No justification found for rule Class_invariant_axiom_for_Voter 
52258      DEBUG main            d.u.i.k.p.m.ProofCorrectnessMgt No justification found for rule Class_invariant_axiom_for_Voter 
52277      DEBUG main            d.u.i.k.p.m.ProofCorrectnessMgt No justification found for rule Class_invariant_axiom_for_Voter 
52279      DEBUG main            d.u.i.k.p.m.ProofCorrectnessMgt No justification found for rule Class_invariant_axiom_for_Voter 
52797      DEBUG main            d.u.i.k.p.m.ProofCorrectnessMgt No justification found for rule Class_invariant_axiom_for_Voter 
52800      DEBUG main            d.u.i.k.p.m.ProofCorrectnessMgt No justification found for rule Class_invariant_axiom_for_Voter 
52803      DEBUG main            d.u.i.k.p.m.ProofCorrectnessMgt No justification found for rule Class_invariant_axiom_for_Voter 
52806      DEBUG main            d.u.i.k.p.m.ProofCorrectnessMgt No justification found for rule Class_invariant_axiom_for_Voter 
52991      DEBUG main            d.u.i.k.p.m.ProofCorrectnessMgt No justification found for rule Class_invariant_axiom_for_Voter 
52994      DEBUG main            d.u.i.k.p.m.ProofCorrectnessMgt No justification found for rule Class_invariant_axiom_for_Voter 
53086      DEBUG main            d.u.i.k.p.m.ProofCorrectnessMgt No justification found for rule Class_invariant_axiom_for_Voter 
53089      DEBUG main            d.u.i.k.p.m.ProofCorrectnessMgt No justification found for rule Class_invariant_axiom_for_Voter 
53202      DEBUG main            d.u.i.k.p.m.ProofCorrectnessMgt No justification found for rule Class_invariant_axiom_for_Voter 
53206      DEBUG main            d.u.i.k.p.m.ProofCorrectnessMgt No justification found for rule Class_invariant_axiom_for_Voter 
53279      DEBUG main            d.u.i.k.p.m.ProofCorrectnessMgt No justification found for rule Class_invariant_axiom_for_Voter 
53281      DEBUG main            d.u.i.k.p.m.ProofCorrectnessMgt No justification found for rule Class_invariant_axiom_for_Voter 
53389      DEBUG main            d.u.i.k.p.m.ProofCorrectnessMgt No justification found for rule Class_invariant_axiom_for_Voter 
53392      DEBUG main            d.u.i.k.p.m.ProofCorrectnessMgt No justification found for rule Class_invariant_axiom_for_Voter 
53444      DEBUG main            d.u.i.k.p.m.ProofCorrectnessMgt No justification found for rule Class_invariant_axiom_for_Voter 
53446      DEBUG main            d.u.i.k.p.m.ProofCorrectnessMgt No justification found for rule Class_invariant_axiom_for_Voter 
53577      DEBUG main            d.u.i.k.p.m.ProofCorrectnessMgt No justification found for rule Class_invariant_axiom_for_Voter 
53582      DEBUG main            d.u.i.k.p.m.ProofCorrectnessMgt No justification found for rule Class_invariant_axiom_for_Voter 
53654      DEBUG main            d.u.i.k.p.m.ProofCorrectnessMgt No justification found for rule Class_invariant_axiom_for_Voter 
53656      DEBUG main            d.u.i.k.p.m.ProofCorrectnessMgt No justification found for rule Class_invariant_axiom_for_Voter 
53829      DEBUG main            d.u.i.k.p.m.ProofCorrectnessMgt No justification found for rule Class_invariant_axiom_for_Voter 
53832      DEBUG main            d.u.i.k.p.m.ProofCorrectnessMgt No justification found for rule Class_invariant_axiom_for_Voter 
54000      DEBUG main            d.u.i.k.p.m.ProofCorrectnessMgt No justification found for rule Class_invariant_axiom_for_Voter 
54003      DEBUG main            d.u.i.k.p.m.ProofCorrectnessMgt No justification found for rule Class_invariant_axiom_for_Voter 
54047      DEBUG main            d.u.i.k.p.m.ProofCorrectnessMgt No justification found for rule Class_invariant_axiom_for_Voter 
54049      DEBUG main            d.u.i.k.p.m.ProofCorrectnessMgt No justification found for rule Class_invariant_axiom_for_Voter 
54854      DEBUG main            d.u.i.k.p.m.ProofCorrectnessMgt No justification found for rule Class_invariant_axiom_for_Voter 
54857      DEBUG main            d.u.i.k.p.m.ProofCorrectnessMgt No justification found for rule Class_invariant_axiom_for_Voter 
55200      DEBUG main            d.u.i.k.p.m.ProofCorrectnessMgt No justification found for rule Class_invariant_axiom_for_Voter 
55203      DEBUG main            d.u.i.k.p.m.ProofCorrectnessMgt No justification found for rule Class_invariant_axiom_for_Voter 
55314      DEBUG main            d.u.i.k.p.m.ProofCorrectnessMgt No justification found for rule Class_invariant_axiom_for_Voter 
55316      DEBUG main            d.u.i.k.p.m.ProofCorrectnessMgt No justification found for rule Class_invariant_axiom_for_Voter 
55638      DEBUG main            d.u.i.k.p.m.ProofCorrectnessMgt No justification found for rule Class_invariant_axiom_for_Voter 
55641      DEBUG main            d.u.i.k.p.m.ProofCorrectnessMgt No justification found for rule Class_invariant_axiom_for_Voter 
55811      DEBUG main            d.u.i.k.p.m.ProofCorrectnessMgt No justification found for rule Class_invariant_axiom_for_Voter 
55813      DEBUG main            d.u.i.k.p.m.ProofCorrectnessMgt No justification found for rule Class_invariant_axiom_for_Voter 
56013      DEBUG main            d.u.i.k.p.m.ProofCorrectnessMgt No justification found for rule Class_invariant_axiom_for_Voter 
56016      DEBUG main            d.u.i.k.p.m.ProofCorrectnessMgt No justification found for rule Class_invariant_axiom_for_Voter 
56187      DEBUG main            d.u.i.k.p.m.ProofCorrectnessMgt No justification found for rule Class_invariant_axiom_for_Voter 
56189      DEBUG main            d.u.i.k.p.m.ProofCorrectnessMgt No justification found for rule Class_invariant_axiom_for_Voter 
56331      DEBUG main            d.u.i.k.p.m.ProofCorrectnessMgt No justification found for rule Class_invariant_axiom_for_Voter 
56333      DEBUG main            d.u.i.k.p.m.ProofCorrectnessMgt No justification found for rule Class_invariant_axiom_for_Voter 
56438      DEBUG main            d.u.i.k.p.m.ProofCorrectnessMgt No justification found for rule Class_invariant_axiom_for_Voter 
56441      DEBUG main            d.u.i.k.p.m.ProofCorrectnessMgt No justification found for rule Class_invariant_axiom_for_Voter 
57553      INFO  main            d.u.i.k.p.r.p.TestFile    ... finished proof: closed. 
1517595    INFO  Test worker     d.u.i.k.p.r.RunAllProofsTestUnit Returning from test ToyVoting_fullmacro 
1517596    INFO  Test worker     d.u.i.k.p.r.RunAllProofsTestUnit Running test SumExample_fullmacro 
359        INFO  Timeout watchdog d.u.i.k.p.r.p.ForkedTestFileRunner Timeout watcher launched (1000 secs.) 
359        WARN  main            d.u.i.k.s.ProofSettings   The settings in /home/runner/.key/proof-settings.props are *not* read. 
401        INFO  main            d.u.i.k.p.r.p.TestFile    Now processing file /home/runner/work/key/key/key.core/../key.ui/examples/InformationFlow/Sum/SumExample(SumExample__getSum()).Non-interference contract.0.m.key 
554        INFO  main            d.u.i.k.p.i.AbstractProblemLoader Loading environment from /home/runner/work/key/key/key.core/../key.ui/examples/InformationFlow/Sum/SumExample(SumExample__getSum()).Non-interference contract.0.m.key 
576        DEBUG main            d.u.i.k.p.i.AbstractProblemLoader Environment load took 2.21ms 
786        INFO  main            d.u.i.k.p.i.AbstractProblemLoader Creating init config 
1727       DEBUG main            d.u.i.k.j.TypeConverter   No LDT found for Meta 
1727       DEBUG main            d.u.i.k.j.TypeConverter   No LDT found for Meta 
1731       DEBUG main            d.u.i.k.j.TypeConverter   No LDT found for Meta 
1731       DEBUG main            d.u.i.k.j.TypeConverter   No LDT found for Meta 
3027       DEBUG main            d.u.i.k.j.TypeConverter   No LDT found for JavaBigintExpression 
7812       DEBUG main            d.u.i.k.p.i.AbstractProblemLoader Init config took 7.03s 
8017       INFO  main            d.u.i.k.p.i.AbstractProblemLoader Replaying proof SumExample[SumExample::getSum()].Non-interference contract.0 
8083       DEBUG main            d.u.i.k.p.i.IntermediateProofReplayer Proof replay took 413.4ns 
8168       DEBUG main            d.u.i.k.m.s.ProofScriptEngine 1: 'macro 'infflow-autopilot'' on goal 0 (script from line 51) 
8507       DEBUG main            d.u.i.k.p.m.ProofCorrectnessMgt No justification found for rule Class_invariant_axiom_for_SumExample 
10183      INFO  main            d.u.i.k.p.r.p.TestFile    ... finished proof: closed. 
1528126    INFO  Test worker     d.u.i.k.p.r.RunAllProofsTestUnit Returning from test SumExample_fullmacro 
1528127    INFO  Test worker     d.u.i.k.p.r.RunAllProofsTestUnit Running test ToyBanking_fullmacro 
370        INFO  Timeout watchdog d.u.i.k.p.r.p.ForkedTestFileRunner Timeout watcher launched (1000 secs.) 
381        WARN  main            d.u.i.k.s.ProofSettings   The settings in /home/runner/.key/proof-settings.props are *not* read. 
421        INFO  main            d.u.i.k.p.r.p.TestFile    Now processing file /home/runner/work/key/key/key.core/../key.ui/examples/InformationFlow/ToyBanking/banking_example.UserAccount(banking_example.UserAccount__getBankAccount(int)).Non-interference contract.0.m.key 
536        INFO  main            d.u.i.k.p.i.AbstractProblemLoader Loading environment from /home/runner/work/key/key/key.core/../key.ui/examples/InformationFlow/ToyBanking/banking_example.UserAccount(banking_example.UserAccount__getBankAccount(int)).Non-interference contract.0.m.key 
558        DEBUG main            d.u.i.k.p.i.AbstractProblemLoader Environment load took 1.85ms 
777        INFO  main            d.u.i.k.p.i.AbstractProblemLoader Creating init config 
1598       DEBUG main            d.u.i.k.j.TypeConverter   No LDT found for Meta 
1599       DEBUG main            d.u.i.k.j.TypeConverter   No LDT found for Meta 
1600       DEBUG main            d.u.i.k.j.TypeConverter   No LDT found for Meta 
1600       DEBUG main            d.u.i.k.j.TypeConverter   No LDT found for Meta 
2874       DEBUG main            d.u.i.k.j.TypeConverter   No LDT found for JavaBigintExpression 
8271       DEBUG main            d.u.i.k.p.i.AbstractProblemLoader Init config took 7.49s 
8420       INFO  main            d.u.i.k.p.i.AbstractProblemLoader Replaying proof banking_example.UserAccount[banking_example.UserAccount::getBankAccount(int)].Non-interference contract.0 
8510       DEBUG main            d.u.i.k.p.i.IntermediateProofReplayer Proof replay took 365.2ns 
8576       DEBUG main            d.u.i.k.m.s.ProofScriptEngine 1: 'macro 'infflow-autopilot'' on goal 0 (script from line 51) 
8896       DEBUG main            d.u.i.k.p.m.ProofCorrectnessMgt No justification found for rule Class_invariant_axiom_for_banking_example_UserAccount 
12789      INFO  main            d.u.i.k.p.r.p.TestFile    ... finished proof: closed. 
12968      INFO  main            d.u.i.k.p.r.p.TestFile    Now processing file /home/runner/work/key/key/key.core/../key.ui/examples/InformationFlow/ToyBanking/banking_example.UserAccount(banking_example.UserAccount__tryLogin(int,(C)).Non-interference contract.0.m.key 
12969      INFO  main            d.u.i.k.p.i.AbstractProblemLoader Loading environment from /home/runner/work/key/key/key.core/../key.ui/examples/InformationFlow/ToyBanking/banking_example.UserAccount(banking_example.UserAccount__tryLogin(int,(C)).Non-interference contract.0.m.key 
12969      DEBUG main            d.u.i.k.p.i.AbstractProblemLoader Environment load took 304.6ns 
12971      INFO  main            d.u.i.k.p.i.AbstractProblemLoader Creating init config 
15951      DEBUG main            d.u.i.k.p.i.AbstractProblemLoader Init config took 2.98s 
16047      INFO  main            d.u.i.k.p.i.AbstractProblemLoader Replaying proof banking_example.UserAccount[banking_example.UserAccount::tryLogin(int,[C)].Non-interference contract.0 
16049      DEBUG main            d.u.i.k.p.i.IntermediateProofReplayer Proof replay took 13.9ns 
16051      DEBUG main            d.u.i.k.m.s.ProofScriptEngine 1: 'macro 'infflow-autopilot'' on goal 0 (script from line 51) 
16122      DEBUG main            d.u.i.k.p.m.ProofCorrectnessMgt No justification found for rule Class_invariant_axiom_for_banking_example_UserAccount 
71596      INFO  main            d.u.i.k.p.r.p.TestFile    ... finished proof: closed. 
71896      INFO  main            d.u.i.k.p.r.p.TestFile    Now processing file /home/runner/work/key/key/key.core/../key.ui/examples/InformationFlow/ToyBanking/banking_example.BankAccount(banking_example.BankAccount__depositMoney(int)).Non-interference contract.0.m.key 
71897      INFO  main            d.u.i.k.p.i.AbstractProblemLoader Loading environment from /home/runner/work/key/key/key.core/../key.ui/examples/InformationFlow/ToyBanking/banking_example.BankAccount(banking_example.BankAccount__depositMoney(int)).Non-interference contract.0.m.key 
71897      DEBUG main            d.u.i.k.p.i.AbstractProblemLoader Environment load took 117.1ns 
71901      INFO  main            d.u.i.k.p.i.AbstractProblemLoader Creating init config 
74845      DEBUG main            d.u.i.k.p.i.AbstractProblemLoader Init config took 2.94s 
74912      INFO  main            d.u.i.k.p.i.AbstractProblemLoader Replaying proof banking_example.BankAccount[banking_example.BankAccount::depositMoney(int)].Non-interference contract.0 
74914      DEBUG main            d.u.i.k.p.i.IntermediateProofReplayer Proof replay took 14.8ns 
74915      DEBUG main            d.u.i.k.m.s.ProofScriptEngine 1: 'macro 'infflow-autopilot'' on goal 0 (script from line 51) 
74959      DEBUG main            d.u.i.k.p.m.ProofCorrectnessMgt No justification found for rule Class_invariant_axiom_for_banking_example_BankAccount 
75514      INFO  main            d.u.i.k.p.r.p.TestFile    ... finished proof: closed. 
75758      INFO  main            d.u.i.k.p.r.p.TestFile    Now processing file /home/runner/work/key/key/key.core/../key.ui/examples/InformationFlow/ToyBanking/banking_example.BankAccount(banking_example.BankAccount__getBalance()).Non-interference contract.0.m.key 
75758      INFO  main            d.u.i.k.p.i.AbstractProblemLoader Loading environment from /home/runner/work/key/key/key.core/../key.ui/examples/InformationFlow/ToyBanking/banking_example.BankAccount(banking_example.BankAccount__getBalance()).Non-interference contract.0.m.key 
75759      DEBUG main            d.u.i.k.p.i.AbstractProblemLoader Environment load took 117.5ns 
75760      INFO  main            d.u.i.k.p.i.AbstractProblemLoader Creating init config 
78564      DEBUG main            d.u.i.k.p.i.AbstractProblemLoader Init config took 2.8s 
78647      INFO  main            d.u.i.k.p.i.AbstractProblemLoader Replaying proof banking_example.BankAccount[banking_example.BankAccount::getBalance()].Non-interference contract.0 
78655      DEBUG main            d.u.i.k.p.i.IntermediateProofReplayer Proof replay took 17ns 
78655      DEBUG main            d.u.i.k.m.s.ProofScriptEngine 1: 'macro 'infflow-autopilot'' on goal 0 (script from line 51) 
78709      DEBUG main            d.u.i.k.p.m.ProofCorrectnessMgt No justification found for rule Class_invariant_axiom_for_banking_example_BankAccount 
78835      INFO  main            d.u.i.k.p.r.p.TestFile    ... finished proof: closed. 
78995      INFO  main            d.u.i.k.p.r.p.TestFile    Now processing file /home/runner/work/key/key/key.core/../key.ui/examples/InformationFlow/ToyBanking/banking_example.BankAccount(banking_example.BankAccount__getId()).Non-interference contract.0.m.key 
78996      INFO  main            d.u.i.k.p.i.AbstractProblemLoader Loading environment from /home/runner/work/key/key/key.core/../key.ui/examples/InformationFlow/ToyBanking/banking_example.BankAccount(banking_example.BankAccount__getId()).Non-interference contract.0.m.key 
78996      DEBUG main            d.u.i.k.p.i.AbstractProblemLoader Environment load took 67.8ns 
78999      INFO  main            d.u.i.k.p.i.AbstractProblemLoader Creating init config 
81798      DEBUG main            d.u.i.k.p.i.AbstractProblemLoader Init config took 2.8s 
81857      INFO  main            d.u.i.k.p.i.AbstractProblemLoader Replaying proof banking_example.BankAccount[banking_example.BankAccount::getId()].Non-interference contract.0 
81859      DEBUG main            d.u.i.k.p.i.IntermediateProofReplayer Proof replay took 28ns 
81860      DEBUG main            d.u.i.k.m.s.ProofScriptEngine 1: 'macro 'infflow-autopilot'' on goal 0 (script from line 51) 
81915      DEBUG main            d.u.i.k.p.m.ProofCorrectnessMgt No justification found for rule Class_invariant_axiom_for_banking_example_BankAccount 
82026      INFO  main            d.u.i.k.p.r.p.TestFile    ... finished proof: closed. 
82180      INFO  main            d.u.i.k.p.r.p.TestFile    Now processing file /home/runner/work/key/key/key.core/../key.ui/examples/InformationFlow/ToyBanking/banking_example.Bank(banking_example.Bank__login(int,(C)).Non-interference contract.0.m.key 
82180      INFO  main            d.u.i.k.p.i.AbstractProblemLoader Loading environment from /home/runner/work/key/key/key.core/../key.ui/examples/InformationFlow/ToyBanking/banking_example.Bank(banking_example.Bank__login(int,(C)).Non-interference contract.0.m.key 
82180      DEBUG main            d.u.i.k.p.i.AbstractProblemLoader Environment load took 89.1ns 
82182      INFO  main            d.u.i.k.p.i.AbstractProblemLoader Creating init config 
85015      DEBUG main            d.u.i.k.p.i.AbstractProblemLoader Init config took 2.83s 
85098      INFO  main            d.u.i.k.p.i.AbstractProblemLoader Replaying proof banking_example.Bank[banking_example.Bank::login(int,[C)].Non-interference contract.0 
85101      DEBUG main            d.u.i.k.p.i.IntermediateProofReplayer Proof replay took 14.2ns 
85103      DEBUG main            d.u.i.k.m.s.ProofScriptEngine 1: 'macro 'infflow-autopilot'' on goal 0 (script from line 51) 
85150      DEBUG main            d.u.i.k.p.m.ProofCorrectnessMgt No justification found for rule Class_invariant_axiom_for_banking_example_Bank 
86298      DEBUG main            d.u.i.k.p.m.ProofCorrectnessMgt No justification found for rule Partial_inv_axiom_for_JML_class_invariant_nr_15_in_UserAccount 
86306      DEBUG main            d.u.i.k.p.m.ProofCorrectnessMgt No justification found for rule Partial_inv_axiom_for_JML_class_invariant_nr_11_in_UserAccount_EQ 
86445      DEBUG main            d.u.i.k.p.m.ProofCorrectnessMgt No justification found for rule Partial_inv_axiom_for_JML_class_invariant_nr_9_in_UserAccount_EQ 
86452      DEBUG main            d.u.i.k.p.m.ProofCorrectnessMgt No justification found for rule Partial_inv_axiom_for_JML_class_invariant_nr_13_in_UserAccount_EQ 
86545      DEBUG main            d.u.i.k.p.m.ProofCorrectnessMgt No justification found for rule Partial_inv_axiom_for_JML_class_invariant_nr_13_in_UserAccount 
86556      DEBUG main            d.u.i.k.p.m.ProofCorrectnessMgt No justification found for rule Partial_inv_axiom_for_JML_class_invariant_nr_9_in_UserAccount 
86561      DEBUG main            d.u.i.k.p.m.ProofCorrectnessMgt No justification found for rule Partial_inv_axiom_for_JML_class_invariant_nr_15_in_UserAccount_EQ 
86573      DEBUG main            d.u.i.k.p.m.ProofCorrectnessMgt No justification found for rule Partial_inv_axiom_for_JML_class_invariant_nr_11_in_UserAccount 
87101      DEBUG main            d.u.i.k.p.m.ProofCorrectnessMgt No justification found for rule Partial_inv_axiom_for_JML_class_invariant_nr_11_in_UserAccount 
87112      DEBUG main            d.u.i.k.p.m.ProofCorrectnessMgt No justification found for rule Partial_inv_axiom_for_JML_class_invariant_nr_15_in_UserAccount 
87122      DEBUG main            d.u.i.k.p.m.ProofCorrectnessMgt No justification found for rule Partial_inv_axiom_for_JML_class_invariant_nr_11_in_UserAccount_EQ 
87152      DEBUG main            d.u.i.k.p.m.ProofCorrectnessMgt No justification found for rule Partial_inv_axiom_for_JML_class_invariant_nr_13_in_UserAccount_EQ 
87849      DEBUG main            d.u.i.k.p.m.ProofCorrectnessMgt No justification found for rule Partial_inv_axiom_for_JML_class_invariant_nr_15_in_UserAccount 
87875      DEBUG main            d.u.i.k.p.m.ProofCorrectnessMgt No justification found for rule Partial_inv_axiom_for_JML_class_invariant_nr_11_in_UserAccount 
88471      DEBUG main            d.u.i.k.p.m.ProofCorrectnessMgt No justification found for rule Partial_inv_axiom_for_JML_class_invariant_nr_13_in_UserAccount 
251350     INFO  main            d.u.i.k.p.r.p.TestFile    ... finished proof: open goal(s) 
251676     INFO  main            d.u.i.k.p.r.p.TestFile    Now processing file /home/runner/work/key/key/key.core/../key.ui/examples/InformationFlow/ToyBanking/banking_example2.UserAccount(banking_example2.UserAccount__getBankAccount(int)).Non-interference contract.0.m.key 
251676     INFO  main            d.u.i.k.p.i.AbstractProblemLoader Loading environment from /home/runner/work/key/key/key.core/../key.ui/examples/InformationFlow/ToyBanking/banking_example2.UserAccount(banking_example2.UserAccount__getBankAccount(int)).Non-interference contract.0.m.key 
251676     DEBUG main            d.u.i.k.p.i.AbstractProblemLoader Environment load took 121.9ns 
251678     INFO  main            d.u.i.k.p.i.AbstractProblemLoader Creating init config 
254312     DEBUG main            d.u.i.k.p.i.AbstractProblemLoader Init config took 2.63s 
254370     INFO  main            d.u.i.k.p.i.AbstractProblemLoader Replaying proof banking_example2.UserAccount[banking_example2.UserAccount::getBankAccount(int)].Non-interference contract.0 
254373     DEBUG main            d.u.i.k.p.i.IntermediateProofReplayer Proof replay took 15.2ns 
254374     DEBUG main            d.u.i.k.m.s.ProofScriptEngine 1: 'macro 'infflow-autopilot'' on goal 0 (script from line 51) 
254411     DEBUG main            d.u.i.k.p.m.ProofCorrectnessMgt No justification found for rule Class_invariant_axiom_for_banking_example2_UserAccount 
256465     INFO  main            d.u.i.k.p.r.p.TestFile    ... finished proof: closed. 
256883     INFO  main            d.u.i.k.p.r.p.TestFile    Now processing file /home/runner/work/key/key/key.core/../key.ui/examples/InformationFlow/ToyBanking/banking_example2.UserAccount(banking_example2.UserAccount__tryLogin(int,(C)).Non-interference contract.0.m.key 
256883     INFO  main            d.u.i.k.p.i.AbstractProblemLoader Loading environment from /home/runner/work/key/key/key.core/../key.ui/examples/InformationFlow/ToyBanking/banking_example2.UserAccount(banking_example2.UserAccount__tryLogin(int,(C)).Non-interference contract.0.m.key 
256884     DEBUG main            d.u.i.k.p.i.AbstractProblemLoader Environment load took 562.91ns 
256886     INFO  main            d.u.i.k.p.i.AbstractProblemLoader Creating init config 
259516     DEBUG main            d.u.i.k.p.i.AbstractProblemLoader Init config took 2.63s 
259573     INFO  main            d.u.i.k.p.i.AbstractProblemLoader Replaying proof banking_example2.UserAccount[banking_example2.UserAccount::tryLogin(int,[C)].Non-interference contract.0 
259575     DEBUG main            d.u.i.k.p.i.IntermediateProofReplayer Proof replay took 14.4ns 
259576     DEBUG main            d.u.i.k.m.s.ProofScriptEngine 1: 'macro 'infflow-autopilot'' on goal 0 (script from line 51) 
259613     DEBUG main            d.u.i.k.p.m.ProofCorrectnessMgt No justification found for rule Class_invariant_axiom_for_banking_example2_UserAccount 
273664     INFO  main            d.u.i.k.p.r.p.TestFile    ... finished proof: closed. 
273923     INFO  main            d.u.i.k.p.r.p.TestFile    Now processing file /home/runner/work/key/key/key.core/../key.ui/examples/InformationFlow/ToyBanking/banking_example2.BankAccount(banking_example2.BankAccount__depositMoney(int)).Non-interference contract.0.m.key 
273924     INFO  main            d.u.i.k.p.i.AbstractProblemLoader Loading environment from /home/runner/work/key/key/key.core/../key.ui/examples/InformationFlow/ToyBanking/banking_example2.BankAccount(banking_example2.BankAccount__depositMoney(int)).Non-interference contract.0.m.key 
273924     DEBUG main            d.u.i.k.p.i.AbstractProblemLoader Environment load took 142ns 
273925     INFO  main            d.u.i.k.p.i.AbstractProblemLoader Creating init config 
276585     DEBUG main            d.u.i.k.p.i.AbstractProblemLoader Init config took 2.66s 
276631     INFO  main            d.u.i.k.p.i.AbstractProblemLoader Replaying proof banking_example2.BankAccount[banking_example2.BankAccount::depositMoney(int)].Non-interference contract.0 
276633     DEBUG main            d.u.i.k.p.i.IntermediateProofReplayer Proof replay took 14.6ns 
276634     DEBUG main            d.u.i.k.m.s.ProofScriptEngine 1: 'macro 'infflow-autopilot'' on goal 0 (script from line 51) 
276680     DEBUG main            d.u.i.k.p.m.ProofCorrectnessMgt No justification found for rule Class_invariant_axiom_for_banking_example2_BankAccount 
277201     INFO  main            d.u.i.k.p.r.p.TestFile    ... finished proof: closed. 
277414     INFO  main            d.u.i.k.p.r.p.TestFile    Now processing file /home/runner/work/key/key/key.core/../key.ui/examples/InformationFlow/ToyBanking/banking_example2.BankAccount(banking_example2.BankAccount__getBalance()).Non-interference contract.0.m.key 
277414     INFO  main            d.u.i.k.p.i.AbstractProblemLoader Loading environment from /home/runner/work/key/key/key.core/../key.ui/examples/InformationFlow/ToyBanking/banking_example2.BankAccount(banking_example2.BankAccount__getBalance()).Non-interference contract.0.m.key 
277414     DEBUG main            d.u.i.k.p.i.AbstractProblemLoader Environment load took 123ns 
277415     INFO  main            d.u.i.k.p.i.AbstractProblemLoader Creating init config 
280055     DEBUG main            d.u.i.k.p.i.AbstractProblemLoader Init config took 2.64s 
280109     INFO  main            d.u.i.k.p.i.AbstractProblemLoader Replaying proof banking_example2.BankAccount[banking_example2.BankAccount::getBalance()].Non-interference contract.0 
280112     DEBUG main            d.u.i.k.p.i.IntermediateProofReplayer Proof replay took 14.6ns 
280112     DEBUG main            d.u.i.k.m.s.ProofScriptEngine 1: 'macro 'infflow-autopilot'' on goal 0 (script from line 51) 
280142     DEBUG main            d.u.i.k.p.m.ProofCorrectnessMgt No justification found for rule Class_invariant_axiom_for_banking_example2_BankAccount 
280248     INFO  main            d.u.i.k.p.r.p.TestFile    ... finished proof: closed. 
280412     INFO  main            d.u.i.k.p.r.p.TestFile    Now processing file /home/runner/work/key/key/key.core/../key.ui/examples/InformationFlow/ToyBanking/banking_example2.BankAccount(banking_example2.BankAccount__getId()).Non-interference contract.0.m.key 
280412     INFO  main            d.u.i.k.p.i.AbstractProblemLoader Loading environment from /home/runner/work/key/key/key.core/../key.ui/examples/InformationFlow/ToyBanking/banking_example2.BankAccount(banking_example2.BankAccount__getId()).Non-interference contract.0.m.key 
280413     DEBUG main            d.u.i.k.p.i.AbstractProblemLoader Environment load took 69.9ns 
280414     INFO  main            d.u.i.k.p.i.AbstractProblemLoader Creating init config 
283067     DEBUG main            d.u.i.k.p.i.AbstractProblemLoader Init config took 2.65s 
283110     INFO  main            d.u.i.k.p.i.AbstractProblemLoader Replaying proof banking_example2.BankAccount[banking_example2.BankAccount::getId()].Non-interference contract.0 
283113     DEBUG main            d.u.i.k.p.i.IntermediateProofReplayer Proof replay took 15.6ns 
283114     DEBUG main            d.u.i.k.m.s.ProofScriptEngine 1: 'macro 'infflow-autopilot'' on goal 0 (script from line 51) 
283143     DEBUG main            d.u.i.k.p.m.ProofCorrectnessMgt No justification found for rule Class_invariant_axiom_for_banking_example2_BankAccount 
283249     INFO  main            d.u.i.k.p.r.p.TestFile    ... finished proof: closed. 
1811716    INFO  Test worker     d.u.i.k.p.r.RunAllProofsTestUnit Returning from test ToyBanking_fullmacro 
1811716    INFO  Test worker     d.u.i.k.p.r.RunAllProofsTestUnit Running test BlockContracts_fullmacro 
342        INFO  Timeout watchdog d.u.i.k.p.r.p.ForkedTestFileRunner Timeout watcher launched (1000 secs.) 
354        WARN  main            d.u.i.k.s.ProofSettings   The settings in /home/runner/.key/proof-settings.props are *not* read. 
386        INFO  main            d.u.i.k.p.r.p.TestFile    Now processing file /home/runner/work/key/key/key.core/../key.ui/examples/InformationFlow/BlockContracts/contract.IFBlockExamples(contract.IFBlockExamples__secure_5()).Non-interference contract.0.m.key 
498        INFO  main            d.u.i.k.p.i.AbstractProblemLoader Loading environment from /home/runner/work/key/key/key.core/../key.ui/examples/InformationFlow/BlockContracts/contract.IFBlockExamples(contract.IFBlockExamples__secure_5()).Non-interference contract.0.m.key 
532        DEBUG main            d.u.i.k.p.i.AbstractProblemLoader Environment load took 1.86ms 
779        INFO  main            d.u.i.k.p.i.AbstractProblemLoader Creating init config 
1758       DEBUG main            d.u.i.k.j.TypeConverter   No LDT found for Meta 
1758       DEBUG main            d.u.i.k.j.TypeConverter   No LDT found for Meta 
1760       DEBUG main            d.u.i.k.j.TypeConverter   No LDT found for Meta 
1762       DEBUG main            d.u.i.k.j.TypeConverter   No LDT found for Meta 
3188       DEBUG main            d.u.i.k.j.TypeConverter   No LDT found for JavaBigintExpression 
8142       DEBUG main            d.u.i.k.p.i.AbstractProblemLoader Init config took 7.36s 
8322       INFO  main            d.u.i.k.p.i.AbstractProblemLoader Replaying proof contract.IFBlockExamples[contract.IFBlockExamples::secure_5()].Non-interference contract.0 
8387       DEBUG main            d.u.i.k.p.i.IntermediateProofReplayer Proof replay took 354.7ns 
8433       DEBUG main            d.u.i.k.m.s.ProofScriptEngine 1: 'macro 'infflow-autopilot'' on goal 0 (script from line 51) 
8793       DEBUG main            d.u.i.k.p.m.ProofCorrectnessMgt No justification found for rule Class_invariant_axiom_for_contract_IFBlockExamples 
9632       INFO  main            d.u.i.k.p.r.p.TestFile    ... finished proof: closed. 
9787       INFO  main            d.u.i.k.p.r.p.TestFile    Now processing file /home/runner/work/key/key/key.core/../key.ui/examples/InformationFlow/BlockContracts/contract.IFBlockExamples(contract.IFBlockExamples__block_no_return_secure(int)).Non-interference contract.0.m.key 
9788       INFO  main            d.u.i.k.p.i.AbstractProblemLoader Loading environment from /home/runner/work/key/key/key.core/../key.ui/examples/InformationFlow/BlockContracts/contract.IFBlockExamples(contract.IFBlockExamples__block_no_return_secure(int)).Non-interference contract.0.m.key 
9788       DEBUG main            d.u.i.k.p.i.AbstractProblemLoader Environment load took 317.7ns 
9790       INFO  main            d.u.i.k.p.i.AbstractProblemLoader Creating init config 
12601      DEBUG main            d.u.i.k.p.i.AbstractProblemLoader Init config took 2.81s 
12700      INFO  main            d.u.i.k.p.i.AbstractProblemLoader Replaying proof contract.IFBlockExamples[contract.IFBlockExamples::block_no_return_secure(int)].Non-interference contract.0 
12704      DEBUG main            d.u.i.k.p.i.IntermediateProofReplayer Proof replay took 12.7ns 
12705      DEBUG main            d.u.i.k.m.s.ProofScriptEngine 1: 'macro 'infflow-autopilot'' on goal 0 (script from line 51) 
12776      DEBUG main            d.u.i.k.p.m.ProofCorrectnessMgt No justification found for rule Class_invariant_axiom_for_contract_IFBlockExamples 
13324      INFO  main            d.u.i.k.p.r.p.TestFile    ... finished proof: closed. 
13522      INFO  main            d.u.i.k.p.r.p.TestFile    Now processing file /home/runner/work/key/key/key.core/../key.ui/examples/InformationFlow/BlockContracts/contract.IFBlockExamples(contract.IFBlockExamples__while_block_insecure(int)).Non-interference contract.0.m.key 
13522      INFO  main            d.u.i.k.p.i.AbstractProblemLoader Loading environment from /home/runner/work/key/key/key.core/../key.ui/examples/InformationFlow/BlockContracts/contract.IFBlockExamples(contract.IFBlockExamples__while_block_insecure(int)).Non-interference contract.0.m.key 
13523      DEBUG main            d.u.i.k.p.i.AbstractProblemLoader Environment load took 468.61ns 
13524      INFO  main            d.u.i.k.p.i.AbstractProblemLoader Creating init config 
16260      DEBUG main            d.u.i.k.p.i.AbstractProblemLoader Init config took 2.74s 
16312      INFO  main            d.u.i.k.p.i.AbstractProblemLoader Replaying proof contract.IFBlockExamples[contract.IFBlockExamples::while_block_insecure(int)].Non-interference contract.0 
16314      DEBUG main            d.u.i.k.p.i.IntermediateProofReplayer Proof replay took 11.9ns 
16315      DEBUG main            d.u.i.k.m.s.ProofScriptEngine 1: 'macro 'infflow-autopilot'' on goal 0 (script from line 51) 
16364      DEBUG main            d.u.i.k.p.m.ProofCorrectnessMgt No justification found for rule Class_invariant_axiom_for_contract_IFBlockExamples 
17616      INFO  main            d.u.i.k.p.r.p.TestFile    ... finished proof: open goal(s) 
17802      INFO  main            d.u.i.k.p.r.p.TestFile    Now processing file /home/runner/work/key/key/key.core/../key.ui/examples/InformationFlow/BlockContracts/contract.IFBlockExamples(contract.IFBlockExamples__while_block_secure(int)).Non-interference contract.0.m.key 
17802      INFO  main            d.u.i.k.p.i.AbstractProblemLoader Loading environment from /home/runner/work/key/key/key.core/../key.ui/examples/InformationFlow/BlockContracts/contract.IFBlockExamples(contract.IFBlockExamples__while_block_secure(int)).Non-interference contract.0.m.key 
17802      DEBUG main            d.u.i.k.p.i.AbstractProblemLoader Environment load took 120.4ns 
17804      INFO  main            d.u.i.k.p.i.AbstractProblemLoader Creating init config 
20434      DEBUG main            d.u.i.k.p.i.AbstractProblemLoader Init config took 2.63s 
20481      INFO  main            d.u.i.k.p.i.AbstractProblemLoader Replaying proof contract.IFBlockExamples[contract.IFBlockExamples::while_block_secure(int)].Non-interference contract.0 
20483      DEBUG main            d.u.i.k.p.i.IntermediateProofReplayer Proof replay took 12.2ns 
20484      DEBUG main            d.u.i.k.m.s.ProofScriptEngine 1: 'macro 'infflow-autopilot'' on goal 0 (script from line 51) 
20526      DEBUG main            d.u.i.k.p.m.ProofCorrectnessMgt No justification found for rule Class_invariant_axiom_for_contract_IFBlockExamples 
21546      INFO  main            d.u.i.k.p.r.p.TestFile    ... finished proof: closed. 
21753      INFO  main            d.u.i.k.p.r.p.TestFile    Now processing file /home/runner/work/key/key/key.core/../key.ui/examples/InformationFlow/BlockContracts/contract.IFBlockExamples(contract.IFBlockExamples__block_while_secure(int)).Non-interference contract.0.m.key 
21753      INFO  main            d.u.i.k.p.i.AbstractProblemLoader Loading environment from /home/runner/work/key/key/key.core/../key.ui/examples/InformationFlow/BlockContracts/contract.IFBlockExamples(contract.IFBlockExamples__block_while_secure(int)).Non-interference contract.0.m.key 
21754      DEBUG main            d.u.i.k.p.i.AbstractProblemLoader Environment load took 93.1ns 
21755      INFO  main            d.u.i.k.p.i.AbstractProblemLoader Creating init config 
24319      DEBUG main            d.u.i.k.p.i.AbstractProblemLoader Init config took 2.56s 
24366      INFO  main            d.u.i.k.p.i.AbstractProblemLoader Replaying proof contract.IFBlockExamples[contract.IFBlockExamples::block_while_secure(int)].Non-interference contract.0 
24368      DEBUG main            d.u.i.k.p.i.IntermediateProofReplayer Proof replay took 14.3ns 
24369      DEBUG main            d.u.i.k.m.s.ProofScriptEngine 1: 'macro 'infflow-autopilot'' on goal 0 (script from line 51) 
24408      DEBUG main            d.u.i.k.p.m.ProofCorrectnessMgt No justification found for rule Class_invariant_axiom_for_contract_IFBlockExamples 
25560      INFO  main            d.u.i.k.p.r.p.TestFile    ... finished proof: closed. 
25751      INFO  main            d.u.i.k.p.r.p.TestFile    Now processing file /home/runner/work/key/key/key.core/../key.ui/examples/InformationFlow/BlockContracts/contract.IFBlockExamples(contract.IFBlockExamples__insecure_4(int)).Non-interference contract.0.m.key 
25751      INFO  main            d.u.i.k.p.i.AbstractProblemLoader Loading environment from /home/runner/work/key/key/key.core/../key.ui/examples/InformationFlow/BlockContracts/contract.IFBlockExamples(contract.IFBlockExamples__insecure_4(int)).Non-interference contract.0.m.key 
25751      DEBUG main            d.u.i.k.p.i.AbstractProblemLoader Environment load took 67.7ns 
25753      INFO  main            d.u.i.k.p.i.AbstractProblemLoader Creating init config 
28326      DEBUG main            d.u.i.k.p.i.AbstractProblemLoader Init config took 2.57s 
28370      INFO  main            d.u.i.k.p.i.AbstractProblemLoader Replaying proof contract.IFBlockExamples[contract.IFBlockExamples::insecure_4(int)].Non-interference contract.0 
28372      DEBUG main            d.u.i.k.p.i.IntermediateProofReplayer Proof replay took 13.2ns 
28373      DEBUG main            d.u.i.k.m.s.ProofScriptEngine 1: 'macro 'infflow-autopilot'' on goal 0 (script from line 51) 
28411      DEBUG main            d.u.i.k.p.m.ProofCorrectnessMgt No justification found for rule Class_invariant_axiom_for_contract_IFBlockExamples 
29772      INFO  main            d.u.i.k.p.r.p.TestFile    ... finished proof: open goal(s) 
30003      INFO  main            d.u.i.k.p.r.p.TestFile    Now processing file /home/runner/work/key/key/key.core/../key.ui/examples/InformationFlow/BlockContracts/contract.IFBlockExamples(contract.IFBlockExamples__insecure_3(int)).Non-interference contract.0.m.key 
30003      INFO  main            d.u.i.k.p.i.AbstractProblemLoader Loading environment from /home/runner/work/key/key/key.core/../key.ui/examples/InformationFlow/BlockContracts/contract.IFBlockExamples(contract.IFBlockExamples__insecure_3(int)).Non-interference contract.0.m.key 
30003      DEBUG main            d.u.i.k.p.i.AbstractProblemLoader Environment load took 67.8ns 
30005      INFO  main            d.u.i.k.p.i.AbstractProblemLoader Creating init config 
32568      DEBUG main            d.u.i.k.p.i.AbstractProblemLoader Init config took 2.56s 
32614      INFO  main            d.u.i.k.p.i.AbstractProblemLoader Replaying proof contract.IFBlockExamples[contract.IFBlockExamples::insecure_3(int)].Non-interference contract.0 
32617      DEBUG main            d.u.i.k.p.i.IntermediateProofReplayer Proof replay took 14.1ns 
32620      DEBUG main            d.u.i.k.m.s.ProofScriptEngine 1: 'macro 'infflow-autopilot'' on goal 0 (script from line 51) 
32658      DEBUG main            d.u.i.k.p.m.ProofCorrectnessMgt No justification found for rule Class_invariant_axiom_for_contract_IFBlockExamples 
40208      INFO  main            d.u.i.k.p.r.p.TestFile    ... finished proof: open goal(s) 
40495      INFO  main            d.u.i.k.p.r.p.TestFile    Now processing file /home/runner/work/key/key/key.core/../key.ui/examples/InformationFlow/BlockContracts/contract.IFBlockExamples(contract.IFBlockExamples__secure_3(int)).Non-interference contract.0.m.key 
40495      INFO  main            d.u.i.k.p.i.AbstractProblemLoader Loading environment from /home/runner/work/key/key/key.core/../key.ui/examples/InformationFlow/BlockContracts/contract.IFBlockExamples(contract.IFBlockExamples__secure_3(int)).Non-interference contract.0.m.key 
40495      DEBUG main            d.u.i.k.p.i.AbstractProblemLoader Environment load took 64.9ns 
40496      INFO  main            d.u.i.k.p.i.AbstractProblemLoader Creating init config 
43020      DEBUG main            d.u.i.k.p.i.AbstractProblemLoader Init config took 2.52s 
43083      INFO  main            d.u.i.k.p.i.AbstractProblemLoader Replaying proof contract.IFBlockExamples[contract.IFBlockExamples::secure_3(int)].Non-interference contract.0 
43086      DEBUG main            d.u.i.k.p.i.IntermediateProofReplayer Proof replay took 15ns 
43087      DEBUG main            d.u.i.k.m.s.ProofScriptEngine 1: 'macro 'infflow-autopilot'' on goal 0 (script from line 51) 
43122      DEBUG main            d.u.i.k.p.m.ProofCorrectnessMgt No justification found for rule Class_invariant_axiom_for_contract_IFBlockExamples 
44282      INFO  main            d.u.i.k.p.r.p.TestFile    ... finished proof: closed. 
44540      INFO  main            d.u.i.k.p.r.p.TestFile    Now processing file /home/runner/work/key/key/key.core/../key.ui/examples/InformationFlow/BlockContracts/contract.IFBlockExamples(contract.IFBlockExamples__secure_2(int)).Non-interference contract.0.m.key 
44540      INFO  main            d.u.i.k.p.i.AbstractProblemLoader Loading environment from /home/runner/work/key/key/key.core/../key.ui/examples/InformationFlow/BlockContracts/contract.IFBlockExamples(contract.IFBlockExamples__secure_2(int)).Non-interference contract.0.m.key 
44541      DEBUG main            d.u.i.k.p.i.AbstractProblemLoader Environment load took 744.91ns 
44542      INFO  main            d.u.i.k.p.i.AbstractProblemLoader Creating init config 
47034      DEBUG main            d.u.i.k.p.i.AbstractProblemLoader Init config took 2.49s 
47081      INFO  main            d.u.i.k.p.i.AbstractProblemLoader Replaying proof contract.IFBlockExamples[contract.IFBlockExamples::secure_2(int)].Non-interference contract.0 
47083      DEBUG main            d.u.i.k.p.i.IntermediateProofReplayer Proof replay took 14.1ns 
47084      DEBUG main            d.u.i.k.m.s.ProofScriptEngine 1: 'macro 'infflow-autopilot'' on goal 0 (script from line 51) 
47118      DEBUG main            d.u.i.k.p.m.ProofCorrectnessMgt No justification found for rule Class_invariant_axiom_for_contract_IFBlockExamples 
48526      INFO  main            d.u.i.k.p.r.p.TestFile    ... finished proof: closed. 
48817      INFO  main            d.u.i.k.p.r.p.TestFile    Now processing file /home/runner/work/key/key/key.core/../key.ui/examples/InformationFlow/BlockContracts/contract.IFBlockExamples(contract.IFBlockExamples__secure_8(int)).Non-interference contract.0.m.key 
48817      INFO  main            d.u.i.k.p.i.AbstractProblemLoader Loading environment from /home/runner/work/key/key/key.core/../key.ui/examples/InformationFlow/BlockContracts/contract.IFBlockExamples(contract.IFBlockExamples__secure_8(int)).Non-interference contract.0.m.key 
48817      DEBUG main            d.u.i.k.p.i.AbstractProblemLoader Environment load took 116.3ns 
48819      INFO  main            d.u.i.k.p.i.AbstractProblemLoader Creating init config 
51340      DEBUG main            d.u.i.k.p.i.AbstractProblemLoader Init config took 2.52s 
51379      INFO  main            d.u.i.k.p.i.AbstractProblemLoader Replaying proof contract.IFBlockExamples[contract.IFBlockExamples::secure_8(int)].Non-interference contract.0 
51385      DEBUG main            d.u.i.k.p.i.IntermediateProofReplayer Proof replay took 15.6ns 
51386      DEBUG main            d.u.i.k.m.s.ProofScriptEngine 1: 'macro 'infflow-autopilot'' on goal 0 (script from line 51) 
51418      DEBUG main            d.u.i.k.p.m.ProofCorrectnessMgt No justification found for rule Class_invariant_axiom_for_contract_IFBlockExamples 
51886      INFO  main            d.u.i.k.p.r.p.TestFile    ... finished proof: closed. 
52108      INFO  main            d.u.i.k.p.r.p.TestFile    Now processing file /home/runner/work/key/key/key.core/../key.ui/examples/InformationFlow/BlockContracts/contract.IFBlockExamples(contract.IFBlockExamples__secure_7(int)).Non-interference contract.0.m.key 
52108      INFO  main            d.u.i.k.p.i.AbstractProblemLoader Loading environment from /home/runner/work/key/key/key.core/../key.ui/examples/InformationFlow/BlockContracts/contract.IFBlockExamples(contract.IFBlockExamples__secure_7(int)).Non-interference contract.0.m.key 
52108      DEBUG main            d.u.i.k.p.i.AbstractProblemLoader Environment load took 78.1ns 
52109      INFO  main            d.u.i.k.p.i.AbstractProblemLoader Creating init config 
54631      DEBUG main            d.u.i.k.p.i.AbstractProblemLoader Init config took 2.52s 
54673      INFO  main            d.u.i.k.p.i.AbstractProblemLoader Replaying proof contract.IFBlockExamples[contract.IFBlockExamples::secure_7(int)].Non-interference contract.0 
54676      DEBUG main            d.u.i.k.p.i.IntermediateProofReplayer Proof replay took 15.4ns 
54676      DEBUG main            d.u.i.k.m.s.ProofScriptEngine 1: 'macro 'infflow-autopilot'' on goal 0 (script from line 51) 
54708      DEBUG main            d.u.i.k.p.m.ProofCorrectnessMgt No justification found for rule Class_invariant_axiom_for_contract_IFBlockExamples 
55036      INFO  main            d.u.i.k.p.r.p.TestFile    ... finished proof: closed. 
55235      INFO  main            d.u.i.k.p.r.p.TestFile    Now processing file /home/runner/work/key/key/key.core/../key.ui/examples/InformationFlow/BlockContracts/contract.IFBlockExamples(contract.IFBlockExamples__secure_6(int)).Non-interference contract.0.m.key 
55235      INFO  main            d.u.i.k.p.i.AbstractProblemLoader Loading environment from /home/runner/work/key/key/key.core/../key.ui/examples/InformationFlow/BlockContracts/contract.IFBlockExamples(contract.IFBlockExamples__secure_6(int)).Non-interference contract.0.m.key 
55236      DEBUG main            d.u.i.k.p.i.AbstractProblemLoader Environment load took 114.8ns 
55237      INFO  main            d.u.i.k.p.i.AbstractProblemLoader Creating init config 
57723      DEBUG main            d.u.i.k.p.i.AbstractProblemLoader Init config took 2.49s 
57760      INFO  main            d.u.i.k.p.i.AbstractProblemLoader Replaying proof contract.IFBlockExamples[contract.IFBlockExamples::secure_6(int)].Non-interference contract.0 
57763      DEBUG main            d.u.i.k.p.i.IntermediateProofReplayer Proof replay took 14.9ns 
57763      DEBUG main            d.u.i.k.m.s.ProofScriptEngine 1: 'macro 'infflow-autopilot'' on goal 0 (script from line 51) 
57795      DEBUG main            d.u.i.k.p.m.ProofCorrectnessMgt No justification found for rule Class_invariant_axiom_for_contract_IFBlockExamples 
58147      INFO  main            d.u.i.k.p.r.p.TestFile    ... finished proof: closed. 
58327      INFO  main            d.u.i.k.p.r.p.TestFile    Now processing file /home/runner/work/key/key/key.core/../key.ui/examples/InformationFlow/BlockContracts/contract.IFBlockExamples(contract.IFBlockExamples__insecure_1(int)).Non-interference contract.0.m.key 
58327      INFO  main            d.u.i.k.p.i.AbstractProblemLoader Loading environment from /home/runner/work/key/key/key.core/../key.ui/examples/InformationFlow/BlockContracts/contract.IFBlockExamples(contract.IFBlockExamples__insecure_1(int)).Non-interference contract.0.m.key 
58327      DEBUG main            d.u.i.k.p.i.AbstractProblemLoader Environment load took 68.5ns 
58328      INFO  main            d.u.i.k.p.i.AbstractProblemLoader Creating init config 
60848      DEBUG main            d.u.i.k.p.i.AbstractProblemLoader Init config took 2.52s 
60896      INFO  main            d.u.i.k.p.i.AbstractProblemLoader Replaying proof contract.IFBlockExamples[contract.IFBlockExamples::insecure_1(int)].Non-interference contract.0 
60898      DEBUG main            d.u.i.k.p.i.IntermediateProofReplayer Proof replay took 14.9ns 
60899      DEBUG main            d.u.i.k.m.s.ProofScriptEngine 1: 'macro 'infflow-autopilot'' on goal 0 (script from line 51) 
60931      DEBUG main            d.u.i.k.p.m.ProofCorrectnessMgt No justification found for rule Class_invariant_axiom_for_contract_IFBlockExamples 
61471      INFO  main            d.u.i.k.p.r.p.TestFile    ... finished proof: open goal(s) 
61675      INFO  main            d.u.i.k.p.r.p.TestFile    Now processing file /home/runner/work/key/key/key.core/../key.ui/examples/InformationFlow/BlockContracts/contract.IFBlockExamples(contract.IFBlockExamples__secure_4(int)).Non-interference contract.0.m.key 
61676      INFO  main            d.u.i.k.p.i.AbstractProblemLoader Loading environment from /home/runner/work/key/key/key.core/../key.ui/examples/InformationFlow/BlockContracts/contract.IFBlockExamples(contract.IFBlockExamples__secure_4(int)).Non-interference contract.0.m.key 
61676      DEBUG main            d.u.i.k.p.i.AbstractProblemLoader Environment load took 116.5ns 
61677      INFO  main            d.u.i.k.p.i.AbstractProblemLoader Creating init config 
64188      DEBUG main            d.u.i.k.p.i.AbstractProblemLoader Init config took 2.51s 
64230      INFO  main            d.u.i.k.p.i.AbstractProblemLoader Replaying proof contract.IFBlockExamples[contract.IFBlockExamples::secure_4(int)].Non-interference contract.0 
64232      DEBUG main            d.u.i.k.p.i.IntermediateProofReplayer Proof replay took 13.4ns 
64233      DEBUG main            d.u.i.k.m.s.ProofScriptEngine 1: 'macro 'infflow-autopilot'' on goal 0 (script from line 51) 
64267      DEBUG main            d.u.i.k.p.m.ProofCorrectnessMgt No justification found for rule Class_invariant_axiom_for_contract_IFBlockExamples 
64729      INFO  main            d.u.i.k.p.r.p.TestFile    ... finished proof: closed. 
64945      INFO  main            d.u.i.k.p.r.p.TestFile    Now processing file /home/runner/work/key/key/key.core/../key.ui/examples/InformationFlow/BlockContracts/contract.IFBlockExamples(contract.IFBlockExamples__secure_1(int)).Non-interference contract.0.m.key 
64946      INFO  main            d.u.i.k.p.i.AbstractProblemLoader Loading environment from /home/runner/work/key/key/key.core/../key.ui/examples/InformationFlow/BlockContracts/contract.IFBlockExamples(contract.IFBlockExamples__secure_1(int)).Non-interference contract.0.m.key 
64946      DEBUG main            d.u.i.k.p.i.AbstractProblemLoader Environment load took 68.9ns 
64947      INFO  main            d.u.i.k.p.i.AbstractProblemLoader Creating init config 
67428      DEBUG main            d.u.i.k.p.i.AbstractProblemLoader Init config took 2.48s 
67481      INFO  main            d.u.i.k.p.i.AbstractProblemLoader Replaying proof contract.IFBlockExamples[contract.IFBlockExamples::secure_1(int)].Non-interference contract.0 
67484      DEBUG main            d.u.i.k.p.i.IntermediateProofReplayer Proof replay took 16.2ns 
67485      DEBUG main            d.u.i.k.m.s.ProofScriptEngine 1: 'macro 'infflow-autopilot'' on goal 0 (script from line 51) 
67523      DEBUG main            d.u.i.k.p.m.ProofCorrectnessMgt No justification found for rule Class_invariant_axiom_for_contract_IFBlockExamples 
68057      INFO  main            d.u.i.k.p.r.p.TestFile    ... finished proof: closed. 
68277      INFO  main            d.u.i.k.p.r.p.TestFile    Now processing file /home/runner/work/key/key/key.core/../key.ui/examples/InformationFlow/BlockContracts/contract.IFEfficiencyExamples(contract.IFEfficiencyExamples__mWithoutBlockContract()).Non-interference contract.0.m.key 
68277      INFO  main            d.u.i.k.p.i.AbstractProblemLoader Loading environment from /home/runner/work/key/key/key.core/../key.ui/examples/InformationFlow/BlockContracts/contract.IFEfficiencyExamples(contract.IFEfficiencyExamples__mWithoutBlockContract()).Non-interference contract.0.m.key 
68277      DEBUG main            d.u.i.k.p.i.AbstractProblemLoader Environment load took 67.2ns 
68278      INFO  main            d.u.i.k.p.i.AbstractProblemLoader Creating init config 
70764      DEBUG main            d.u.i.k.p.i.AbstractProblemLoader Init config took 2.49s 
70798      INFO  main            d.u.i.k.p.i.AbstractProblemLoader Replaying proof contract.IFEfficiencyExamples[contract.IFEfficiencyExamples::mWithoutBlockContract()].Non-interference contract.0 
70800      DEBUG main            d.u.i.k.p.i.IntermediateProofReplayer Proof replay took 14.3ns 
70801      DEBUG main            d.u.i.k.m.s.ProofScriptEngine 1: 'macro 'infflow-autopilot'' on goal 0 (script from line 51) 
70829      DEBUG main            d.u.i.k.p.m.ProofCorrectnessMgt No justification found for rule Class_invariant_axiom_for_contract_IFEfficiencyExamples 
75459      INFO  main            d.u.i.k.p.r.p.TestFile    ... finished proof: closed. 
75718      INFO  main            d.u.i.k.p.r.p.TestFile    Now processing file /home/runner/work/key/key/key.core/../key.ui/examples/InformationFlow/BlockContracts/contract.IFEfficiencyExamples(contract.IFEfficiencyExamples__mWithBlockContract()).Non-interference contract.0.m.key 
75719      INFO  main            d.u.i.k.p.i.AbstractProblemLoader Loading environment from /home/runner/work/key/key/key.core/../key.ui/examples/InformationFlow/BlockContracts/contract.IFEfficiencyExamples(contract.IFEfficiencyExamples__mWithBlockContract()).Non-interference contract.0.m.key 
75719      DEBUG main            d.u.i.k.p.i.AbstractProblemLoader Environment load took 88.1ns 
75720      INFO  main            d.u.i.k.p.i.AbstractProblemLoader Creating init config 
78177      DEBUG main            d.u.i.k.p.i.AbstractProblemLoader Init config took 2.46s 
78210      INFO  main            d.u.i.k.p.i.AbstractProblemLoader Replaying proof contract.IFEfficiencyExamples[contract.IFEfficiencyExamples::mWithBlockContract()].Non-interference contract.0 
78212      DEBUG main            d.u.i.k.p.i.IntermediateProofReplayer Proof replay took 14.1ns 
78213      DEBUG main            d.u.i.k.m.s.ProofScriptEngine 1: 'macro 'infflow-autopilot'' on goal 0 (script from line 51) 
78240      DEBUG main            d.u.i.k.p.m.ProofCorrectnessMgt No justification found for rule Class_invariant_axiom_for_contract_IFEfficiencyExamples 
79798      INFO  main            d.u.i.k.p.r.p.TestFile    ... finished proof: closed. 
1891925    INFO  Test worker     d.u.i.k.p.r.RunAllProofsTestUnit Returning from test BlockContracts_fullmacro 
1891927    INFO  Test worker     d.u.i.k.p.r.RunAllProofsTestUnit Running test MethodContracts_fullmacro 
334        INFO  Timeout watchdog d.u.i.k.p.r.p.ForkedTestFileRunner Timeout watcher launched (1000 secs.) 
351        WARN  main            d.u.i.k.s.ProofSettings   The settings in /home/runner/.key/proof-settings.props are *not* read. 
389        INFO  main            d.u.i.k.p.r.p.TestFile    Now processing file /home/runner/work/key/key/key.core/../key.ui/examples/InformationFlow/MethodContracts/contract.IFMethodContract(contract.IFMethodContract__secure_recursion_2((I,int)).Non-interference contract.0.m.key 
548        INFO  main            d.u.i.k.p.i.AbstractProblemLoader Loading environment from /home/runner/work/key/key/key.core/../key.ui/examples/InformationFlow/MethodContracts/contract.IFMethodContract(contract.IFMethodContract__secure_recursion_2((I,int)).Non-interference contract.0.m.key 
576        DEBUG main            d.u.i.k.p.i.AbstractProblemLoader Environment load took 2.22ms 
790        INFO  main            d.u.i.k.p.i.AbstractProblemLoader Creating init config 
1739       DEBUG main            d.u.i.k.j.TypeConverter   No LDT found for Meta 
1740       DEBUG main            d.u.i.k.j.TypeConverter   No LDT found for Meta 
1741       DEBUG main            d.u.i.k.j.TypeConverter   No LDT found for Meta 
1741       DEBUG main            d.u.i.k.j.TypeConverter   No LDT found for Meta 
3213       DEBUG main            d.u.i.k.j.TypeConverter   No LDT found for JavaBigintExpression 
8946       DEBUG main            d.u.i.k.p.i.AbstractProblemLoader Init config took 8.16s 
9138       INFO  main            d.u.i.k.p.i.AbstractProblemLoader Replaying proof contract.IFMethodContract[contract.IFMethodContract::secure_recursion_2([I,int)].Non-interference contract.0 
9213       DEBUG main            d.u.i.k.p.i.IntermediateProofReplayer Proof replay took 399.2ns 
9260       DEBUG main            d.u.i.k.m.s.ProofScriptEngine 1: 'macro 'infflow-autopilot'' on goal 0 (script from line 51) 
9662       DEBUG main            d.u.i.k.p.m.ProofCorrectnessMgt No justification found for rule Class_invariant_axiom_for_contract_IFMethodContract 
9997       DEBUG main            d.u.i.k.p.m.ProofCorrectnessMgt No justification found for rule Class_invariant_axiom_for_contract_IFMethodContract 
9999       DEBUG main            d.u.i.k.p.m.ProofCorrectnessMgt No justification found for rule Class_invariant_axiom_for_contract_IFMethodContract 
10187      DEBUG main            d.u.i.k.p.m.ProofCorrectnessMgt No justification found for rule Class_invariant_axiom_for_contract_IFMethodContract 
13216      INFO  main            d.u.i.k.p.r.p.TestFile    ... finished proof: closed. 
13353      INFO  main            d.u.i.k.p.r.p.TestFile    Now processing file /home/runner/work/key/key/key.core/../key.ui/examples/InformationFlow/MethodContracts/contract.IFMethodContract(contract.IFMethodContract__secure_recursion(int)).Non-interference contract.0.m.key 
13357      INFO  main            d.u.i.k.p.i.AbstractProblemLoader Loading environment from /home/runner/work/key/key/key.core/../key.ui/examples/InformationFlow/MethodContracts/contract.IFMethodContract(contract.IFMethodContract__secure_recursion(int)).Non-interference contract.0.m.key 
13357      DEBUG main            d.u.i.k.p.i.AbstractProblemLoader Environment load took 349.8ns 
13359      INFO  main            d.u.i.k.p.i.AbstractProblemLoader Creating init config 
16171      DEBUG main            d.u.i.k.p.i.AbstractProblemLoader Init config took 2.81s 
16240      INFO  main            d.u.i.k.p.i.AbstractProblemLoader Replaying proof contract.IFMethodContract[contract.IFMethodContract::secure_recursion(int)].Non-interference contract.0 
16243      DEBUG main            d.u.i.k.p.i.IntermediateProofReplayer Proof replay took 13.4ns 
16244      DEBUG main            d.u.i.k.m.s.ProofScriptEngine 1: 'macro 'infflow-autopilot'' on goal 0 (script from line 51) 
16309      DEBUG main            d.u.i.k.p.m.ProofCorrectnessMgt No justification found for rule Class_invariant_axiom_for_contract_IFMethodContract 
16368      DEBUG main            d.u.i.k.p.m.ProofCorrectnessMgt No justification found for rule Class_invariant_axiom_for_contract_IFMethodContract 
16369      DEBUG main            d.u.i.k.p.m.ProofCorrectnessMgt No justification found for rule Class_invariant_axiom_for_contract_IFMethodContract 
16425      DEBUG main            d.u.i.k.p.m.ProofCorrectnessMgt No justification found for rule Class_invariant_axiom_for_contract_IFMethodContract 
16901      INFO  main            d.u.i.k.p.r.p.TestFile    ... finished proof: closed. 
17044      INFO  main            d.u.i.k.p.r.p.TestFile    Now processing file /home/runner/work/key/key/key.core/../key.ui/examples/InformationFlow/MethodContracts/contract.IFMethodContract(contract.IFMethodContract__secure_catch_exception()).Non-interference contract.0.m.key 
17045      INFO  main            d.u.i.k.p.i.AbstractProblemLoader Loading environment from /home/runner/work/key/key/key.core/../key.ui/examples/InformationFlow/MethodContracts/contract.IFMethodContract(contract.IFMethodContract__secure_catch_exception()).Non-interference contract.0.m.key 
17045      DEBUG main            d.u.i.k.p.i.AbstractProblemLoader Environment load took 132.1ns 
17048      INFO  main            d.u.i.k.p.i.AbstractProblemLoader Creating init config 
19754      DEBUG main            d.u.i.k.p.i.AbstractProblemLoader Init config took 2.71s 
19809      INFO  main            d.u.i.k.p.i.AbstractProblemLoader Replaying proof contract.IFMethodContract[contract.IFMethodContract::secure_catch_exception()].Non-interference contract.0 
19812      DEBUG main            d.u.i.k.p.i.IntermediateProofReplayer Proof replay took 12.4ns 
19813      DEBUG main            d.u.i.k.m.s.ProofScriptEngine 1: 'macro 'infflow-autopilot'' on goal 0 (script from line 51) 
19855      DEBUG main            d.u.i.k.p.m.ProofCorrectnessMgt No justification found for rule Class_invariant_axiom_for_contract_IFMethodContract 
20128      INFO  main            d.u.i.k.p.r.p.TestFile    ... finished proof: closed. 
20315      INFO  main            d.u.i.k.p.r.p.TestFile    Now processing file /home/runner/work/key/key/key.core/../key.ui/examples/InformationFlow/MethodContracts/contract.IFMethodContract(contract.IFMethodContract__n6()).Non-interference contract.0.m.key 
20315      INFO  main            d.u.i.k.p.i.AbstractProblemLoader Loading environment from /home/runner/work/key/key/key.core/../key.ui/examples/InformationFlow/MethodContracts/contract.IFMethodContract(contract.IFMethodContract__n6()).Non-interference contract.0.m.key 
20316      DEBUG main            d.u.i.k.p.i.AbstractProblemLoader Environment load took 611.81ns 
20317      INFO  main            d.u.i.k.p.i.AbstractProblemLoader Creating init config 
22910      DEBUG main            d.u.i.k.p.i.AbstractProblemLoader Init config took 2.59s 
22957      INFO  main            d.u.i.k.p.i.AbstractProblemLoader Replaying proof contract.IFMethodContract[contract.IFMethodContract::n6()].Non-interference contract.0 
22960      DEBUG main            d.u.i.k.p.i.IntermediateProofReplayer Proof replay took 13.4ns 
22961      DEBUG main            d.u.i.k.m.s.ProofScriptEngine 1: 'macro 'infflow-autopilot'' on goal 0 (script from line 51) 
23002      DEBUG main            d.u.i.k.p.m.ProofCorrectnessMgt No justification found for rule Class_invariant_axiom_for_contract_IFMethodContract 
23104      INFO  main            d.u.i.k.p.r.p.TestFile    ... finished proof: closed. 
23250      INFO  main            d.u.i.k.p.r.p.TestFile    Now processing file /home/runner/work/key/key/key.core/../key.ui/examples/InformationFlow/MethodContracts/contract.IFMethodContract(contract.IFMethodContract__secure_n6()).Non-interference contract.0.m.key 
23250      INFO  main            d.u.i.k.p.i.AbstractProblemLoader Loading environment from /home/runner/work/key/key/key.core/../key.ui/examples/InformationFlow/MethodContracts/contract.IFMethodContract(contract.IFMethodContract__secure_n6()).Non-interference contract.0.m.key 
23250      DEBUG main            d.u.i.k.p.i.AbstractProblemLoader Environment load took 70.7ns 
23252      INFO  main            d.u.i.k.p.i.AbstractProblemLoader Creating init config 
25805      DEBUG main            d.u.i.k.p.i.AbstractProblemLoader Init config took 2.55s 
25852      INFO  main            d.u.i.k.p.i.AbstractProblemLoader Replaying proof contract.IFMethodContract[contract.IFMethodContract::secure_n6()].Non-interference contract.0 
25855      DEBUG main            d.u.i.k.p.i.IntermediateProofReplayer Proof replay took 27.8ns 
25856      DEBUG main            d.u.i.k.m.s.ProofScriptEngine 1: 'macro 'infflow-autopilot'' on goal 0 (script from line 51) 
25894      DEBUG main            d.u.i.k.p.m.ProofCorrectnessMgt No justification found for rule Class_invariant_axiom_for_contract_IFMethodContract 
25915      DEBUG main            d.u.i.k.p.m.ProofCorrectnessMgt No justification found for rule Class_invariant_axiom_for_contract_IFMethodContract 
25916      DEBUG main            d.u.i.k.p.m.ProofCorrectnessMgt No justification found for rule Class_invariant_axiom_for_contract_IFMethodContract 
25931      DEBUG main            d.u.i.k.p.m.ProofCorrectnessMgt No justification found for rule Class_invariant_axiom_for_contract_IFMethodContract 
26073      INFO  main            d.u.i.k.p.r.p.TestFile    ... finished proof: closed. 
26225      INFO  main            d.u.i.k.p.r.p.TestFile    Now processing file /home/runner/work/key/key/key.core/../key.ui/examples/InformationFlow/MethodContracts/contract.IFMethodContract(contract.IFMethodContract__secure_array_param((I,int)).Non-interference contract.0.m.key 
26226      INFO  main            d.u.i.k.p.i.AbstractProblemLoader Loading environment from /home/runner/work/key/key/key.core/../key.ui/examples/InformationFlow/MethodContracts/contract.IFMethodContract(contract.IFMethodContract__secure_array_param((I,int)).Non-interference contract.0.m.key 
26226      DEBUG main            d.u.i.k.p.i.AbstractProblemLoader Environment load took 72.2ns 
26227      INFO  main            d.u.i.k.p.i.AbstractProblemLoader Creating init config 
28822      DEBUG main            d.u.i.k.p.i.AbstractProblemLoader Init config took 2.59s 
28866      INFO  main            d.u.i.k.p.i.AbstractProblemLoader Replaying proof contract.IFMethodContract[contract.IFMethodContract::secure_array_param([I,int)].Non-interference contract.0 
28869      DEBUG main            d.u.i.k.p.i.IntermediateProofReplayer Proof replay took 13.4ns 
28869      DEBUG main            d.u.i.k.m.s.ProofScriptEngine 1: 'macro 'infflow-autopilot'' on goal 0 (script from line 51) 
28916      DEBUG main            d.u.i.k.p.m.ProofCorrectnessMgt No justification found for rule Class_invariant_axiom_for_contract_IFMethodContract 
28956      DEBUG main            d.u.i.k.p.m.ProofCorrectnessMgt No justification found for rule Class_invariant_axiom_for_contract_IFMethodContract 
28957      DEBUG main            d.u.i.k.p.m.ProofCorrectnessMgt No justification found for rule Class_invariant_axiom_for_contract_IFMethodContract 
29009      DEBUG main            d.u.i.k.p.m.ProofCorrectnessMgt No justification found for rule Class_invariant_axiom_for_contract_IFMethodContract 
30479      INFO  main            d.u.i.k.p.r.p.TestFile    ... finished proof: closed. 
30643      INFO  main            d.u.i.k.p.r.p.TestFile    Now processing file /home/runner/work/key/key/key.core/../key.ui/examples/InformationFlow/MethodContracts/contract.IFMethodContract(contract.IFMethodContract__secure_assignment_0_n9()).Non-interference contract.0.m.key 
30643      INFO  main            d.u.i.k.p.i.AbstractProblemLoader Loading environment from /home/runner/work/key/key/key.core/../key.ui/examples/InformationFlow/MethodContracts/contract.IFMethodContract(contract.IFMethodContract__secure_assignment_0_n9()).Non-interference contract.0.m.key 
30644      DEBUG main            d.u.i.k.p.i.AbstractProblemLoader Environment load took 62.8ns 
30644      INFO  main            d.u.i.k.p.i.AbstractProblemLoader Creating init config 
33215      DEBUG main            d.u.i.k.p.i.AbstractProblemLoader Init config took 2.57s 
33255      INFO  main            d.u.i.k.p.i.AbstractProblemLoader Replaying proof contract.IFMethodContract[contract.IFMethodContract::secure_assignment_0_n9()].Non-interference contract.0 
33258      DEBUG main            d.u.i.k.p.i.IntermediateProofReplayer Proof replay took 13.4ns 
33258      DEBUG main            d.u.i.k.m.s.ProofScriptEngine 1: 'macro 'infflow-autopilot'' on goal 0 (script from line 51) 
33292      DEBUG main            d.u.i.k.p.m.ProofCorrectnessMgt No justification found for rule Class_invariant_axiom_for_contract_IFMethodContract 
33341      DEBUG main            d.u.i.k.p.m.ProofCorrectnessMgt No justification found for rule Class_invariant_axiom_for_contract_IFMethodContract 
33342      DEBUG main            d.u.i.k.p.m.ProofCorrectnessMgt No justification found for rule Class_invariant_axiom_for_contract_IFMethodContract 
33353      DEBUG main            d.u.i.k.p.m.ProofCorrectnessMgt No justification found for rule Class_invariant_axiom_for_contract_IFMethodContract 
33465      INFO  main            d.u.i.k.p.r.p.TestFile    ... finished proof: closed. 
33626      INFO  main            d.u.i.k.p.r.p.TestFile    Now processing file /home/runner/work/key/key/key.core/../key.ui/examples/InformationFlow/MethodContracts/contract.IFMethodContract(contract.IFMethodContract__insecure_if_high_n5_n1()).Non-interference contract.0.m.key 
33626      INFO  main            d.u.i.k.p.i.AbstractProblemLoader Loading environment from /home/runner/work/key/key/key.core/../key.ui/examples/InformationFlow/MethodContracts/contract.IFMethodContract(contract.IFMethodContract__insecure_if_high_n5_n1()).Non-interference contract.0.m.key 
33627      DEBUG main            d.u.i.k.p.i.AbstractProblemLoader Environment load took 68ns 
33627      INFO  main            d.u.i.k.p.i.AbstractProblemLoader Creating init config 
36131      DEBUG main            d.u.i.k.p.i.AbstractProblemLoader Init config took 2.5s 
36182      INFO  main            d.u.i.k.p.i.AbstractProblemLoader Replaying proof contract.IFMethodContract[contract.IFMethodContract::insecure_if_high_n5_n1()].Non-interference contract.0 
36184      DEBUG main            d.u.i.k.p.i.IntermediateProofReplayer Proof replay took 14.7ns 
36185      DEBUG main            d.u.i.k.m.s.ProofScriptEngine 1: 'macro 'infflow-autopilot'' on goal 0 (script from line 51) 
36217      DEBUG main            d.u.i.k.p.m.ProofCorrectnessMgt No justification found for rule Class_invariant_axiom_for_contract_IFMethodContract 
36251      DEBUG main            d.u.i.k.p.m.ProofCorrectnessMgt No justification found for rule Class_invariant_axiom_for_contract_IFMethodContract 
36252      DEBUG main            d.u.i.k.p.m.ProofCorrectnessMgt No justification found for rule Class_invariant_axiom_for_contract_IFMethodContract 
36293      DEBUG main            d.u.i.k.p.m.ProofCorrectnessMgt No justification found for rule Class_invariant_axiom_for_contract_IFMethodContract 
36293      DEBUG main            d.u.i.k.p.m.ProofCorrectnessMgt No justification found for rule Class_invariant_axiom_for_contract_IFMethodContract 
36312      DEBUG main            d.u.i.k.p.m.ProofCorrectnessMgt No justification found for rule Class_invariant_axiom_for_contract_IFMethodContract 
36313      DEBUG main            d.u.i.k.p.m.ProofCorrectnessMgt No justification found for rule Class_invariant_axiom_for_contract_IFMethodContract 
36334      DEBUG main            d.u.i.k.p.m.ProofCorrectnessMgt No justification found for rule Class_invariant_axiom_for_contract_IFMethodContract 
36341      DEBUG main            d.u.i.k.p.m.ProofCorrectnessMgt No justification found for rule Class_invariant_axiom_for_contract_IFMethodContract 
36352      DEBUG main            d.u.i.k.p.m.ProofCorrectnessMgt No justification found for rule Class_invariant_axiom_for_contract_IFMethodContract 
36981      INFO  main            d.u.i.k.p.r.p.TestFile    ... finished proof: open goal(s) 
37196      INFO  main            d.u.i.k.p.r.p.TestFile    Now processing file /home/runner/work/key/key/key.core/../key.ui/examples/InformationFlow/MethodContracts/contract.IFMethodContract(contract.IFMethodContract__n5(int)).Non-interference contract.0.m.key 
37196      INFO  main            d.u.i.k.p.i.AbstractProblemLoader Loading environment from /home/runner/work/key/key/key.core/../key.ui/examples/InformationFlow/MethodContracts/contract.IFMethodContract(contract.IFMethodContract__n5(int)).Non-interference contract.0.m.key 
37196      DEBUG main            d.u.i.k.p.i.AbstractProblemLoader Environment load took 73.1ns 
37197      INFO  main            d.u.i.k.p.i.AbstractProblemLoader Creating init config 
39693      DEBUG main            d.u.i.k.p.i.AbstractProblemLoader Init config took 2.5s 
39731      INFO  main            d.u.i.k.p.i.AbstractProblemLoader Replaying proof contract.IFMethodContract[contract.IFMethodContract::n5(int)].Non-interference contract.0 
39734      DEBUG main            d.u.i.k.p.i.IntermediateProofReplayer Proof replay took 16ns 
39735      DEBUG main            d.u.i.k.m.s.ProofScriptEngine 1: 'macro 'infflow-autopilot'' on goal 0 (script from line 51) 
39770      DEBUG main            d.u.i.k.p.m.ProofCorrectnessMgt No justification found for rule Class_invariant_axiom_for_contract_IFMethodContract 
39877      INFO  main            d.u.i.k.p.r.p.TestFile    ... finished proof: closed. 
40058      INFO  main            d.u.i.k.p.r.p.TestFile    Now processing file /home/runner/work/key/key/key.core/../key.ui/examples/InformationFlow/MethodContracts/contract.IFMethodContract(contract.IFMethodContract__secure_if_high_n5_n1()).Non-interference contract.0.m.key 
40058      INFO  main            d.u.i.k.p.i.AbstractProblemLoader Loading environment from /home/runner/work/key/key/key.core/../key.ui/examples/InformationFlow/MethodContracts/contract.IFMethodContract(contract.IFMethodContract__secure_if_high_n5_n1()).Non-interference contract.0.m.key 
40058      DEBUG main            d.u.i.k.p.i.AbstractProblemLoader Environment load took 68.4ns 
40060      INFO  main            d.u.i.k.p.i.AbstractProblemLoader Creating init config 
42543      DEBUG main            d.u.i.k.p.i.AbstractProblemLoader Init config took 2.48s 
42587      INFO  main            d.u.i.k.p.i.AbstractProblemLoader Replaying proof contract.IFMethodContract[contract.IFMethodContract::secure_if_high_n5_n1()].Non-interference contract.0 
42589      DEBUG main            d.u.i.k.p.i.IntermediateProofReplayer Proof replay took 16ns 
42589      DEBUG main            d.u.i.k.m.s.ProofScriptEngine 1: 'macro 'infflow-autopilot'' on goal 0 (script from line 51) 
42623      DEBUG main            d.u.i.k.p.m.ProofCorrectnessMgt No justification found for rule Class_invariant_axiom_for_contract_IFMethodContract 
42718      DEBUG main            d.u.i.k.p.m.ProofCorrectnessMgt No justification found for rule Class_invariant_axiom_for_contract_IFMethodContract 
42719      DEBUG main            d.u.i.k.p.m.ProofCorrectnessMgt No justification found for rule Class_invariant_axiom_for_contract_IFMethodContract 
42738      DEBUG main            d.u.i.k.p.m.ProofCorrectnessMgt No justification found for rule Class_invariant_axiom_for_contract_IFMethodContract 
42739      DEBUG main            d.u.i.k.p.m.ProofCorrectnessMgt No justification found for rule Class_invariant_axiom_for_contract_IFMethodContract 
42781      DEBUG main            d.u.i.k.p.m.ProofCorrectnessMgt No justification found for rule Class_invariant_axiom_for_contract_IFMethodContract 
42781      DEBUG main            d.u.i.k.p.m.ProofCorrectnessMgt No justification found for rule Class_invariant_axiom_for_contract_IFMethodContract 
42800      DEBUG main            d.u.i.k.p.m.ProofCorrectnessMgt No justification found for rule Class_invariant_axiom_for_contract_IFMethodContract 
42801      DEBUG main            d.u.i.k.p.m.ProofCorrectnessMgt No justification found for rule Class_invariant_axiom_for_contract_IFMethodContract 
42821      DEBUG main            d.u.i.k.p.m.ProofCorrectnessMgt No justification found for rule Class_invariant_axiom_for_contract_IFMethodContract 
42828      DEBUG main            d.u.i.k.p.m.ProofCorrectnessMgt No justification found for rule Class_invariant_axiom_for_contract_IFMethodContract 
42847      DEBUG main            d.u.i.k.p.m.ProofCorrectnessMgt No justification found for rule Class_invariant_axiom_for_contract_IFMethodContract 
42852      DEBUG main            d.u.i.k.p.m.ProofCorrectnessMgt No justification found for rule Class_invariant_axiom_for_contract_IFMethodContract 
43447      INFO  main            d.u.i.k.p.r.p.TestFile    ... finished proof: closed. 
43634      INFO  main            d.u.i.k.p.r.p.TestFile    Now processing file /home/runner/work/key/key/key.core/../key.ui/examples/InformationFlow/MethodContracts/contract.IFMethodContract(contract.IFMethodContract__secure_if_high_n1()).Non-interference contract.0.m.key 
43634      INFO  main            d.u.i.k.p.i.AbstractProblemLoader Loading environment from /home/runner/work/key/key/key.core/../key.ui/examples/InformationFlow/MethodContracts/contract.IFMethodContract(contract.IFMethodContract__secure_if_high_n1()).Non-interference contract.0.m.key 
43634      DEBUG main            d.u.i.k.p.i.AbstractProblemLoader Environment load took 69.5ns 
43635      INFO  main            d.u.i.k.p.i.AbstractProblemLoader Creating init config 
46111      DEBUG main            d.u.i.k.p.i.AbstractProblemLoader Init config took 2.48s 
46147      INFO  main            d.u.i.k.p.i.AbstractProblemLoader Replaying proof contract.IFMethodContract[contract.IFMethodContract::secure_if_high_n1()].Non-interference contract.0 
46149      DEBUG main            d.u.i.k.p.i.IntermediateProofReplayer Proof replay took 14.4ns 
46150      DEBUG main            d.u.i.k.m.s.ProofScriptEngine 1: 'macro 'infflow-autopilot'' on goal 0 (script from line 51) 
46183      DEBUG main            d.u.i.k.p.m.ProofCorrectnessMgt No justification found for rule Class_invariant_axiom_for_contract_IFMethodContract 
46240      DEBUG main            d.u.i.k.p.m.ProofCorrectnessMgt No justification found for rule Class_invariant_axiom_for_contract_IFMethodContract 
46241      DEBUG main            d.u.i.k.p.m.ProofCorrectnessMgt No justification found for rule Class_invariant_axiom_for_contract_IFMethodContract 
46285      DEBUG main            d.u.i.k.p.m.ProofCorrectnessMgt No justification found for rule Class_invariant_axiom_for_contract_IFMethodContract 
46285      DEBUG main            d.u.i.k.p.m.ProofCorrectnessMgt No justification found for rule Class_invariant_axiom_for_contract_IFMethodContract 
46304      DEBUG main            d.u.i.k.p.m.ProofCorrectnessMgt No justification found for rule Class_invariant_axiom_for_contract_IFMethodContract 
46317      DEBUG main            d.u.i.k.p.m.ProofCorrectnessMgt No justification found for rule Class_invariant_axiom_for_contract_IFMethodContract 
46688      INFO  main            d.u.i.k.p.r.p.TestFile    ... finished proof: closed. 
46868      INFO  main            d.u.i.k.p.r.p.TestFile    Now processing file /home/runner/work/key/key/key.core/../key.ui/examples/InformationFlow/MethodContracts/contract.IFMethodContract(contract.IFMethodContract__secure_n5()).Non-interference contract.0.m.key 
46868      INFO  main            d.u.i.k.p.i.AbstractProblemLoader Loading environment from /home/runner/work/key/key/key.core/../key.ui/examples/InformationFlow/MethodContracts/contract.IFMethodContract(contract.IFMethodContract__secure_n5()).Non-interference contract.0.m.key 
46868      DEBUG main            d.u.i.k.p.i.AbstractProblemLoader Environment load took 89.3ns 
46869      INFO  main            d.u.i.k.p.i.AbstractProblemLoader Creating init config 
49344      DEBUG main            d.u.i.k.p.i.AbstractProblemLoader Init config took 2.47s 
49383      INFO  main            d.u.i.k.p.i.AbstractProblemLoader Replaying proof contract.IFMethodContract[contract.IFMethodContract::secure_n5()].Non-interference contract.0 
49385      DEBUG main            d.u.i.k.p.i.IntermediateProofReplayer Proof replay took 16.8ns 
49386      DEBUG main            d.u.i.k.m.s.ProofScriptEngine 1: 'macro 'infflow-autopilot'' on goal 0 (script from line 51) 
49417      DEBUG main            d.u.i.k.p.m.ProofCorrectnessMgt No justification found for rule Class_invariant_axiom_for_contract_IFMethodContract 
49451      DEBUG main            d.u.i.k.p.m.ProofCorrectnessMgt No justification found for rule Class_invariant_axiom_for_contract_IFMethodContract 
49452      DEBUG main            d.u.i.k.p.m.ProofCorrectnessMgt No justification found for rule Class_invariant_axiom_for_contract_IFMethodContract 
49463      DEBUG main            d.u.i.k.p.m.ProofCorrectnessMgt No justification found for rule Class_invariant_axiom_for_contract_IFMethodContract 
49591      INFO  main            d.u.i.k.p.r.p.TestFile    ... finished proof: closed. 
49768      INFO  main            d.u.i.k.p.r.p.TestFile    Now processing file /home/runner/work/key/key/key.core/../key.ui/examples/InformationFlow/MethodContracts/contract.IFMethodContract(contract.IFMethodContract__n4()).Non-interference contract.0.m.key 
49769      INFO  main            d.u.i.k.p.i.AbstractProblemLoader Loading environment from /home/runner/work/key/key/key.core/../key.ui/examples/InformationFlow/MethodContracts/contract.IFMethodContract(contract.IFMethodContract__n4()).Non-interference contract.0.m.key 
49769      DEBUG main            d.u.i.k.p.i.AbstractProblemLoader Environment load took 72.4ns 
49770      INFO  main            d.u.i.k.p.i.AbstractProblemLoader Creating init config 
52239      DEBUG main            d.u.i.k.p.i.AbstractProblemLoader Init config took 2.47s 
52292      INFO  main            d.u.i.k.p.i.AbstractProblemLoader Replaying proof contract.IFMethodContract[contract.IFMethodContract::n4()].Non-interference contract.0 
52294      DEBUG main            d.u.i.k.p.i.IntermediateProofReplayer Proof replay took 15.1ns 
52295      DEBUG main            d.u.i.k.m.s.ProofScriptEngine 1: 'macro 'infflow-autopilot'' on goal 0 (script from line 51) 
52325      DEBUG main            d.u.i.k.p.m.ProofCorrectnessMgt No justification found for rule Class_invariant_axiom_for_contract_IFMethodContract 
52442      INFO  main            d.u.i.k.p.r.p.TestFile    ... finished proof: closed. 
52610      INFO  main            d.u.i.k.p.r.p.TestFile    Now processing file /home/runner/work/key/key/key.core/../key.ui/examples/InformationFlow/MethodContracts/contract.IFMethodContract(contract.IFMethodContract__n3()).Non-interference contract.0.m.key 
52610      INFO  main            d.u.i.k.p.i.AbstractProblemLoader Loading environment from /home/runner/work/key/key/key.core/../key.ui/examples/InformationFlow/MethodContracts/contract.IFMethodContract(contract.IFMethodContract__n3()).Non-interference contract.0.m.key 
52610      DEBUG main            d.u.i.k.p.i.AbstractProblemLoader Environment load took 66.9ns 
52611      INFO  main            d.u.i.k.p.i.AbstractProblemLoader Creating init config 
55062      DEBUG main            d.u.i.k.p.i.AbstractProblemLoader Init config took 2.45s 
55097      INFO  main            d.u.i.k.p.i.AbstractProblemLoader Replaying proof contract.IFMethodContract[contract.IFMethodContract::n3()].Non-interference contract.0 
55099      DEBUG main            d.u.i.k.p.i.IntermediateProofReplayer Proof replay took 13.4ns 
55100      DEBUG main            d.u.i.k.m.s.ProofScriptEngine 1: 'macro 'infflow-autopilot'' on goal 0 (script from line 51) 
55143      DEBUG main            d.u.i.k.p.m.ProofCorrectnessMgt No justification found for rule Class_invariant_axiom_for_contract_IFMethodContract 
55208      INFO  main            d.u.i.k.p.r.p.TestFile    ... finished proof: closed. 
55387      INFO  main            d.u.i.k.p.r.p.TestFile    Now processing file /home/runner/work/key/key/key.core/../key.ui/examples/InformationFlow/MethodContracts/contract.IFMethodContract(contract.IFMethodContract__secure_sequential_n3_precond_n4()).Non-interference contract.0.m.key 
55387      INFO  main            d.u.i.k.p.i.AbstractProblemLoader Loading environment from /home/runner/work/key/key/key.core/../key.ui/examples/InformationFlow/MethodContracts/contract.IFMethodContract(contract.IFMethodContract__secure_sequential_n3_precond_n4()).Non-interference contract.0.m.key 
55387      DEBUG main            d.u.i.k.p.i.AbstractProblemLoader Environment load took 61.1ns 
55389      INFO  main            d.u.i.k.p.i.AbstractProblemLoader Creating init config 
57876      DEBUG main            d.u.i.k.p.i.AbstractProblemLoader Init config took 2.49s 
57913      INFO  main            d.u.i.k.p.i.AbstractProblemLoader Replaying proof contract.IFMethodContract[contract.IFMethodContract::secure_sequential_n3_precond_n4()].Non-interference contract.0 
57915      DEBUG main            d.u.i.k.p.i.IntermediateProofReplayer Proof replay took 15.6ns 
57916      DEBUG main            d.u.i.k.m.s.ProofScriptEngine 1: 'macro 'infflow-autopilot'' on goal 0 (script from line 51) 
57944      DEBUG main            d.u.i.k.p.m.ProofCorrectnessMgt No justification found for rule Class_invariant_axiom_for_contract_IFMethodContract 
57967      DEBUG main            d.u.i.k.p.m.ProofCorrectnessMgt No justification found for rule Class_invariant_axiom_for_contract_IFMethodContract 
57967      DEBUG main            d.u.i.k.p.m.ProofCorrectnessMgt No justification found for rule Class_invariant_axiom_for_contract_IFMethodContract 
57996      DEBUG main            d.u.i.k.p.m.ProofCorrectnessMgt No justification found for rule Class_invariant_axiom_for_contract_IFMethodContract 
57997      DEBUG main            d.u.i.k.p.m.ProofCorrectnessMgt No justification found for rule Class_invariant_axiom_for_contract_IFMethodContract 
58024      DEBUG main            d.u.i.k.p.m.ProofCorrectnessMgt No justification found for rule Class_invariant_axiom_for_contract_IFMethodContract 
58028      DEBUG main            d.u.i.k.p.m.ProofCorrectnessMgt No justification found for rule Class_invariant_axiom_for_contract_IFMethodContract 
58295      INFO  main            d.u.i.k.p.r.p.TestFile    ... finished proof: closed. 
58479      INFO  main            d.u.i.k.p.r.p.TestFile    Now processing file /home/runner/work/key/key/key.core/../key.ui/examples/InformationFlow/MethodContracts/contract.IFMethodContract(contract.IFMethodContract__insecure_assignment_n2()).Non-interference contract.0.m.key 
58479      INFO  main            d.u.i.k.p.i.AbstractProblemLoader Loading environment from /home/runner/work/key/key/key.core/../key.ui/examples/InformationFlow/MethodContracts/contract.IFMethodContract(contract.IFMethodContract__insecure_assignment_n2()).Non-interference contract.0.m.key 
58479      DEBUG main            d.u.i.k.p.i.AbstractProblemLoader Environment load took 64.8ns 
58481      INFO  main            d.u.i.k.p.i.AbstractProblemLoader Creating init config 
60932      DEBUG main            d.u.i.k.p.i.AbstractProblemLoader Init config took 2.45s 
60972      INFO  main            d.u.i.k.p.i.AbstractProblemLoader Replaying proof contract.IFMethodContract[contract.IFMethodContract::insecure_assignment_n2()].Non-interference contract.0 
60975      DEBUG main            d.u.i.k.p.i.IntermediateProofReplayer Proof replay took 16ns 
60975      DEBUG main            d.u.i.k.m.s.ProofScriptEngine 1: 'macro 'infflow-autopilot'' on goal 0 (script from line 51) 
61006      DEBUG main            d.u.i.k.p.m.ProofCorrectnessMgt No justification found for rule Class_invariant_axiom_for_contract_IFMethodContract 
61033      DEBUG main            d.u.i.k.p.m.ProofCorrectnessMgt No justification found for rule Class_invariant_axiom_for_contract_IFMethodContract 
61034      DEBUG main            d.u.i.k.p.m.ProofCorrectnessMgt No justification found for rule Class_invariant_axiom_for_contract_IFMethodContract 
61044      DEBUG main            d.u.i.k.p.m.ProofCorrectnessMgt No justification found for rule Class_invariant_axiom_for_contract_IFMethodContract 
61278      INFO  main            d.u.i.k.p.r.p.TestFile    ... finished proof: open goal(s) 
61462      INFO  main            d.u.i.k.p.r.p.TestFile    Now processing file /home/runner/work/key/key/key.core/../key.ui/examples/InformationFlow/MethodContracts/contract.IFMethodContract(contract.IFMethodContract__secure_assignments_n2()).Non-interference contract.0.m.key 
61462      INFO  main            d.u.i.k.p.i.AbstractProblemLoader Loading environment from /home/runner/work/key/key/key.core/../key.ui/examples/InformationFlow/MethodContracts/contract.IFMethodContract(contract.IFMethodContract__secure_assignments_n2()).Non-interference contract.0.m.key 
61462      DEBUG main            d.u.i.k.p.i.AbstractProblemLoader Environment load took 66.4ns 
61463      INFO  main            d.u.i.k.p.i.AbstractProblemLoader Creating init config 
63893      DEBUG main            d.u.i.k.p.i.AbstractProblemLoader Init config took 2.43s 
63927      INFO  main            d.u.i.k.p.i.AbstractProblemLoader Replaying proof contract.IFMethodContract[contract.IFMethodContract::secure_assignments_n2()].Non-interference contract.0 
63929      DEBUG main            d.u.i.k.p.i.IntermediateProofReplayer Proof replay took 26.7ns 
63930      DEBUG main            d.u.i.k.m.s.ProofScriptEngine 1: 'macro 'infflow-autopilot'' on goal 0 (script from line 51) 
63973      DEBUG main            d.u.i.k.p.m.ProofCorrectnessMgt No justification found for rule Class_invariant_axiom_for_contract_IFMethodContract 
64019      DEBUG main            d.u.i.k.p.m.ProofCorrectnessMgt No justification found for rule Class_invariant_axiom_for_contract_IFMethodContract 
64019      DEBUG main            d.u.i.k.p.m.ProofCorrectnessMgt No justification found for rule Class_invariant_axiom_for_contract_IFMethodContract 
64032      DEBUG main            d.u.i.k.p.m.ProofCorrectnessMgt No justification found for rule Class_invariant_axiom_for_contract_IFMethodContract 
64241      INFO  main            d.u.i.k.p.r.p.TestFile    ... finished proof: closed. 
64456      INFO  main            d.u.i.k.p.r.p.TestFile    Now processing file /home/runner/work/key/key/key.core/../key.ui/examples/InformationFlow/MethodContracts/contract.IFMethodContract(contract.IFMethodContract__n2()).Non-interference contract.0.m.key 
64457      INFO  main            d.u.i.k.p.i.AbstractProblemLoader Loading environment from /home/runner/work/key/key/key.core/../key.ui/examples/InformationFlow/MethodContracts/contract.IFMethodContract(contract.IFMethodContract__n2()).Non-interference contract.0.m.key 
64457      DEBUG main            d.u.i.k.p.i.AbstractProblemLoader Environment load took 452.11ns 
64458      INFO  main            d.u.i.k.p.i.AbstractProblemLoader Creating init config 
66892      DEBUG main            d.u.i.k.p.i.AbstractProblemLoader Init config took 2.43s 
66935      INFO  main            d.u.i.k.p.i.AbstractProblemLoader Replaying proof contract.IFMethodContract[contract.IFMethodContract::n2()].Non-interference contract.0 
66938      DEBUG main            d.u.i.k.p.i.IntermediateProofReplayer Proof replay took 16ns 
66939      DEBUG main            d.u.i.k.m.s.ProofScriptEngine 1: 'macro 'infflow-autopilot'' on goal 0 (script from line 51) 
66966      DEBUG main            d.u.i.k.p.m.ProofCorrectnessMgt No justification found for rule Class_invariant_axiom_for_contract_IFMethodContract 
67057      INFO  main            d.u.i.k.p.r.p.TestFile    ... finished proof: closed. 
67237      INFO  main            d.u.i.k.p.r.p.TestFile    Now processing file /home/runner/work/key/key/key.core/../key.ui/examples/InformationFlow/MethodContracts/contract.IFMethodContract(contract.IFMethodContract__n1()).Non-interference contract.0.m.key 
67238      INFO  main            d.u.i.k.p.i.AbstractProblemLoader Loading environment from /home/runner/work/key/key/key.core/../key.ui/examples/InformationFlow/MethodContracts/contract.IFMethodContract(contract.IFMethodContract__n1()).Non-interference contract.0.m.key 
67238      DEBUG main            d.u.i.k.p.i.AbstractProblemLoader Environment load took 101.5ns 
67240      INFO  main            d.u.i.k.p.i.AbstractProblemLoader Creating init config 
69670      DEBUG main            d.u.i.k.p.i.AbstractProblemLoader Init config took 2.43s 
69703      INFO  main            d.u.i.k.p.i.AbstractProblemLoader Replaying proof contract.IFMethodContract[contract.IFMethodContract::n1()].Non-interference contract.0 
69706      DEBUG main            d.u.i.k.p.i.IntermediateProofReplayer Proof replay took 15.4ns 
69706      DEBUG main            d.u.i.k.m.s.ProofScriptEngine 1: 'macro 'infflow-autopilot'' on goal 0 (script from line 51) 
69734      DEBUG main            d.u.i.k.p.m.ProofCorrectnessMgt No justification found for rule Class_invariant_axiom_for_contract_IFMethodContract 
69801      INFO  main            d.u.i.k.p.r.p.TestFile    ... finished proof: closed. 
69979      INFO  main            d.u.i.k.p.r.p.TestFile    Now processing file /home/runner/work/key/key/key.core/../key.ui/examples/InformationFlow/MethodContracts/contract.IFMethodContract(contract.IFMethodContract__secure_sequential_n1_n2()).Non-interference contract.0.m.key 
69980      INFO  main            d.u.i.k.p.i.AbstractProblemLoader Loading environment from /home/runner/work/key/key/key.core/../key.ui/examples/InformationFlow/MethodContracts/contract.IFMethodContract(contract.IFMethodContract__secure_sequential_n1_n2()).Non-interference contract.0.m.key 
69980      DEBUG main            d.u.i.k.p.i.AbstractProblemLoader Environment load took 117.4ns 
69981      INFO  main            d.u.i.k.p.i.AbstractProblemLoader Creating init config 
72417      DEBUG main            d.u.i.k.p.i.AbstractProblemLoader Init config took 2.44s 
72450      INFO  main            d.u.i.k.p.i.AbstractProblemLoader Replaying proof contract.IFMethodContract[contract.IFMethodContract::secure_sequential_n1_n2()].Non-interference contract.0 
72452      DEBUG main            d.u.i.k.p.i.IntermediateProofReplayer Proof replay took 14.4ns 
72452      DEBUG main            d.u.i.k.m.s.ProofScriptEngine 1: 'macro 'infflow-autopilot'' on goal 0 (script from line 51) 
72495      DEBUG main            d.u.i.k.p.m.ProofCorrectnessMgt No justification found for rule Class_invariant_axiom_for_contract_IFMethodContract 
72510      DEBUG main            d.u.i.k.p.m.ProofCorrectnessMgt No justification found for rule Class_invariant_axiom_for_contract_IFMethodContract 
72511      DEBUG main            d.u.i.k.p.m.ProofCorrectnessMgt No justification found for rule Class_invariant_axiom_for_contract_IFMethodContract 
72525      DEBUG main            d.u.i.k.p.m.ProofCorrectnessMgt No justification found for rule Class_invariant_axiom_for_contract_IFMethodContract 
72526      DEBUG main            d.u.i.k.p.m.ProofCorrectnessMgt No justification found for rule Class_invariant_axiom_for_contract_IFMethodContract 
72537      DEBUG main            d.u.i.k.p.m.ProofCorrectnessMgt No justification found for rule Class_invariant_axiom_for_contract_IFMethodContract 
72540      DEBUG main            d.u.i.k.p.m.ProofCorrectnessMgt No justification found for rule Class_invariant_axiom_for_contract_IFMethodContract 
72699      INFO  main            d.u.i.k.p.r.p.TestFile    ... finished proof: closed. 
1965002    INFO  Test worker     d.u.i.k.p.r.RunAllProofsTestUnit Returning from test MethodContracts_fullmacro 
1965003    INFO  Test worker     d.u.i.k.p.r.RunAllProofsTestUnit Running test InformationFlow_fullmacro 
351        INFO  Timeout watchdog d.u.i.k.p.r.p.ForkedTestFileRunner Timeout watcher launched (1000 secs.) 
374        WARN  main            d.u.i.k.s.ProofSettings   The settings in /home/runner/.key/proof-settings.props are *not* read. 
397        INFO  main            d.u.i.k.p.r.p.TestFile    Now processing file /home/runner/work/key/key/key.core/../key.ui/examples/InformationFlow/LoopInvariants/loop.IFLoopExamples(loop.IFLoopExamples__insecure_while_3(int)).Non-interference contract.0.m.key 
510        INFO  main            d.u.i.k.p.i.AbstractProblemLoader Loading environment from /home/runner/work/key/key/key.core/../key.ui/examples/InformationFlow/LoopInvariants/loop.IFLoopExamples(loop.IFLoopExamples__insecure_while_3(int)).Non-interference contract.0.m.key 
528        DEBUG main            d.u.i.k.p.i.AbstractProblemLoader Environment load took 2.28ms 
743        INFO  main            d.u.i.k.p.i.AbstractProblemLoader Creating init config 
1560       DEBUG main            d.u.i.k.j.TypeConverter   No LDT found for Meta 
1560       DEBUG main            d.u.i.k.j.TypeConverter   No LDT found for Meta 
1561       DEBUG main            d.u.i.k.j.TypeConverter   No LDT found for Meta 
1561       DEBUG main            d.u.i.k.j.TypeConverter   No LDT found for Meta 
2928       DEBUG main            d.u.i.k.j.TypeConverter   No LDT found for JavaBigintExpression 
8283       DEBUG main            d.u.i.k.p.i.AbstractProblemLoader Init config took 7.54s 
8417       INFO  main            d.u.i.k.p.i.AbstractProblemLoader Replaying proof loop.IFLoopExamples[loop.IFLoopExamples::insecure_while_3(int)].Non-interference contract.0 
8507       DEBUG main            d.u.i.k.p.i.IntermediateProofReplayer Proof replay took 424.9ns 
8585       DEBUG main            d.u.i.k.m.s.ProofScriptEngine 1: 'macro 'infflow-autopilot'' on goal 0 (script from line 51) 
8967       DEBUG main            d.u.i.k.p.m.ProofCorrectnessMgt No justification found for rule Class_invariant_axiom_for_loop_IFLoopExamples 
14410      INFO  main            d.u.i.k.p.r.p.TestFile    ... finished proof: open goal(s) 
14595      INFO  main            d.u.i.k.p.r.p.TestFile    Now processing file /home/runner/work/key/key/key.core/../key.ui/examples/InformationFlow/LoopInvariants/loop.IFLoopExamples(loop.IFLoopExamples__secure_while_2(int)).Non-interference contract.0.m.key 
14596      INFO  main            d.u.i.k.p.i.AbstractProblemLoader Loading environment from /home/runner/work/key/key/key.core/../key.ui/examples/InformationFlow/LoopInvariants/loop.IFLoopExamples(loop.IFLoopExamples__secure_while_2(int)).Non-interference contract.0.m.key 
14597      DEBUG main            d.u.i.k.p.i.AbstractProblemLoader Environment load took 1.46ms 
14601      INFO  main            d.u.i.k.p.i.AbstractProblemLoader Creating init config 
17819      DEBUG main            d.u.i.k.p.i.AbstractProblemLoader Init config took 3.22s 
17869      INFO  main            d.u.i.k.p.i.AbstractProblemLoader Replaying proof loop.IFLoopExamples[loop.IFLoopExamples::secure_while_2(int)].Non-interference contract.0 
17872      DEBUG main            d.u.i.k.p.i.IntermediateProofReplayer Proof replay took 12.4ns 
17873      DEBUG main            d.u.i.k.m.s.ProofScriptEngine 1: 'macro 'infflow-autopilot'' on goal 0 (script from line 51) 
17917      DEBUG main            d.u.i.k.p.m.ProofCorrectnessMgt No justification found for rule Class_invariant_axiom_for_loop_IFLoopExamples 
19249      INFO  main            d.u.i.k.p.r.p.TestFile    ... finished proof: closed. 
19409      INFO  main            d.u.i.k.p.r.p.TestFile    Now processing file /home/runner/work/key/key/key.core/../key.ui/examples/InformationFlow/LoopInvariants/loop.IFLoopExamples(loop.IFLoopExamples__secure_while_4(int)).Non-interference contract.0.m.key 
19410      INFO  main            d.u.i.k.p.i.AbstractProblemLoader Loading environment from /home/runner/work/key/key/key.core/../key.ui/examples/InformationFlow/LoopInvariants/loop.IFLoopExamples(loop.IFLoopExamples__secure_while_4(int)).Non-interference contract.0.m.key 
19410      DEBUG main            d.u.i.k.p.i.AbstractProblemLoader Environment load took 133.1ns 
19412      INFO  main            d.u.i.k.p.i.AbstractProblemLoader Creating init config 
22475      DEBUG main            d.u.i.k.p.i.AbstractProblemLoader Init config took 3.06s 
22521      INFO  main            d.u.i.k.p.i.AbstractProblemLoader Replaying proof loop.IFLoopExamples[loop.IFLoopExamples::secure_while_4(int)].Non-interference contract.0 
22524      DEBUG main            d.u.i.k.p.i.IntermediateProofReplayer Proof replay took 12.8ns 
22525      DEBUG main            d.u.i.k.m.s.ProofScriptEngine 1: 'macro 'infflow-autopilot'' on goal 0 (script from line 51) 
22565      DEBUG main            d.u.i.k.p.m.ProofCorrectnessMgt No justification found for rule Class_invariant_axiom_for_loop_IFLoopExamples 
23763      INFO  main            d.u.i.k.p.r.p.TestFile    ... finished proof: closed. 
23930      INFO  main            d.u.i.k.p.r.p.TestFile    Now processing file /home/runner/work/key/key/key.core/../key.ui/examples/InformationFlow/LoopInvariants/loop.IFLoopExamples(loop.IFLoopExamples__insecure_doubleNestedWhile2(int)).Non-interference contract.0.m.key 
23931      INFO  main            d.u.i.k.p.i.AbstractProblemLoader Loading environment from /home/runner/work/key/key/key.core/../key.ui/examples/InformationFlow/LoopInvariants/loop.IFLoopExamples(loop.IFLoopExamples__insecure_doubleNestedWhile2(int)).Non-interference contract.0.m.key 
23931      DEBUG main            d.u.i.k.p.i.AbstractProblemLoader Environment load took 149.1ns 
23932      INFO  main            d.u.i.k.p.i.AbstractProblemLoader Creating init config 
26861      DEBUG main            d.u.i.k.p.i.AbstractProblemLoader Init config took 2.93s 
26904      INFO  main            d.u.i.k.p.i.AbstractProblemLoader Replaying proof loop.IFLoopExamples[loop.IFLoopExamples::insecure_doubleNestedWhile2(int)].Non-interference contract.0 
26907      DEBUG main            d.u.i.k.p.i.IntermediateProofReplayer Proof replay took 13.3ns 
26908      DEBUG main            d.u.i.k.m.s.ProofScriptEngine 1: 'macro 'infflow-autopilot'' on goal 0 (script from line 51) 
26946      DEBUG main            d.u.i.k.p.m.ProofCorrectnessMgt No justification found for rule Class_invariant_axiom_for_loop_IFLoopExamples 
262452     INFO  main            d.u.i.k.p.r.p.TestFile    ... finished proof: open goal(s) 
262719     INFO  main            d.u.i.k.p.r.p.TestFile    Now processing file /home/runner/work/key/key/key.core/../key.ui/examples/InformationFlow/LoopInvariants/loop.IFLoopExamples(loop.IFLoopExamples__insecure_doubleNestedWhile(int)).Non-interference contract.0.m.key 
262720     INFO  main            d.u.i.k.p.i.AbstractProblemLoader Loading environment from /home/runner/work/key/key/key.core/../key.ui/examples/InformationFlow/LoopInvariants/loop.IFLoopExamples(loop.IFLoopExamples__insecure_doubleNestedWhile(int)).Non-interference contract.0.m.key 
262720     DEBUG main            d.u.i.k.p.i.AbstractProblemLoader Environment load took 110.7ns 
262721     INFO  main            d.u.i.k.p.i.AbstractProblemLoader Creating init config 
265540     DEBUG main            d.u.i.k.p.i.AbstractProblemLoader Init config took 2.82s 
265579     INFO  main            d.u.i.k.p.i.AbstractProblemLoader Replaying proof loop.IFLoopExamples[loop.IFLoopExamples::insecure_doubleNestedWhile(int)].Non-interference contract.0 
265582     DEBUG main            d.u.i.k.p.i.IntermediateProofReplayer Proof replay took 13.6ns 
265582     DEBUG main            d.u.i.k.m.s.ProofScriptEngine 1: 'macro 'infflow-autopilot'' on goal 0 (script from line 51) 
265616     DEBUG main            d.u.i.k.p.m.ProofCorrectnessMgt No justification found for rule Class_invariant_axiom_for_loop_IFLoopExamples 
270519     INFO  main            d.u.i.k.p.r.p.TestFile    ... finished proof: open goal(s) 
270811     INFO  main            d.u.i.k.p.r.p.TestFile    Now processing file /home/runner/work/key/key/key.core/../key.ui/examples/InformationFlow/LoopInvariants/loop.IFLoopExamples(loop.IFLoopExamples__secure_doubleNestedWhile(int)).Non-interference contract.0.m.key 
270811     INFO  main            d.u.i.k.p.i.AbstractProblemLoader Loading environment from /home/runner/work/key/key/key.core/../key.ui/examples/InformationFlow/LoopInvariants/loop.IFLoopExamples(loop.IFLoopExamples__secure_doubleNestedWhile(int)).Non-interference contract.0.m.key 
270811     DEBUG main            d.u.i.k.p.i.AbstractProblemLoader Environment load took 72.7ns 
270812     INFO  main            d.u.i.k.p.i.AbstractProblemLoader Creating init config 
273586     DEBUG main            d.u.i.k.p.i.AbstractProblemLoader Init config took 2.77s 
273628     INFO  main            d.u.i.k.p.i.AbstractProblemLoader Replaying proof loop.IFLoopExamples[loop.IFLoopExamples::secure_doubleNestedWhile(int)].Non-interference contract.0 
273630     DEBUG main            d.u.i.k.p.i.IntermediateProofReplayer Proof replay took 14.4ns 
273631     DEBUG main            d.u.i.k.m.s.ProofScriptEngine 1: 'macro 'infflow-autopilot'' on goal 0 (script from line 51) 
273665     DEBUG main            d.u.i.k.p.m.ProofCorrectnessMgt No justification found for rule Class_invariant_axiom_for_loop_IFLoopExamples 
278095     INFO  main            d.u.i.k.p.r.p.TestFile    ... finished proof: closed. 
278387     INFO  main            d.u.i.k.p.r.p.TestFile    Now processing file /home/runner/work/key/key/key.core/../key.ui/examples/InformationFlow/LoopInvariants/loop.IFLoopExamples(loop.IFLoopExamples__secure_nestedTwoWhile(int)).Non-interference contract.0.m.key 
278387     INFO  main            d.u.i.k.p.i.AbstractProblemLoader Loading environment from /home/runner/work/key/key/key.core/../key.ui/examples/InformationFlow/LoopInvariants/loop.IFLoopExamples(loop.IFLoopExamples__secure_nestedTwoWhile(int)).Non-interference contract.0.m.key 
278388     DEBUG main            d.u.i.k.p.i.AbstractProblemLoader Environment load took 131.4ns 
278389     INFO  main            d.u.i.k.p.i.AbstractProblemLoader Creating init config 
281210     DEBUG main            d.u.i.k.p.i.AbstractProblemLoader Init config took 2.82s 
281251     INFO  main            d.u.i.k.p.i.AbstractProblemLoader Replaying proof loop.IFLoopExamples[loop.IFLoopExamples::secure_nestedTwoWhile(int)].Non-interference contract.0 
281254     DEBUG main            d.u.i.k.p.i.IntermediateProofReplayer Proof replay took 15.9ns 
281254     DEBUG main            d.u.i.k.m.s.ProofScriptEngine 1: 'macro 'infflow-autopilot'' on goal 0 (script from line 51) 
281289     DEBUG main            d.u.i.k.p.m.ProofCorrectnessMgt No justification found for rule Class_invariant_axiom_for_loop_IFLoopExamples 
284853     INFO  main            d.u.i.k.p.r.p.TestFile    ... finished proof: closed. 
285088     INFO  main            d.u.i.k.p.r.p.TestFile    Now processing file /home/runner/work/key/key/key.core/../key.ui/examples/InformationFlow/LoopInvariants/loop.IFLoopExamples(loop.IFLoopExamples__secure_nestedWhile(int)).Non-interference contract.0.m.key 
285088     INFO  main            d.u.i.k.p.i.AbstractProblemLoader Loading environment from /home/runner/work/key/key/key.core/../key.ui/examples/InformationFlow/LoopInvariants/loop.IFLoopExamples(loop.IFLoopExamples__secure_nestedWhile(int)).Non-interference contract.0.m.key 
285088     DEBUG main            d.u.i.k.p.i.AbstractProblemLoader Environment load took 85.2ns 
285089     INFO  main            d.u.i.k.p.i.AbstractProblemLoader Creating init config 
287947     DEBUG main            d.u.i.k.p.i.AbstractProblemLoader Init config took 2.86s 
287983     INFO  main            d.u.i.k.p.i.AbstractProblemLoader Replaying proof loop.IFLoopExamples[loop.IFLoopExamples::secure_nestedWhile(int)].Non-interference contract.0 
287985     DEBUG main            d.u.i.k.p.i.IntermediateProofReplayer Proof replay took 15.9ns 
287986     DEBUG main            d.u.i.k.m.s.ProofScriptEngine 1: 'macro 'infflow-autopilot'' on goal 0 (script from line 51) 
288015     DEBUG main            d.u.i.k.p.m.ProofCorrectnessMgt No justification found for rule Class_invariant_axiom_for_loop_IFLoopExamples 
290437     INFO  main            d.u.i.k.p.r.p.TestFile    ... finished proof: closed. 
290675     INFO  main            d.u.i.k.p.r.p.TestFile    Now processing file /home/runner/work/key/key/key.core/../key.ui/examples/InformationFlow/LoopInvariants/loop.IFLoopExamples(loop.IFLoopExamples__notSecure_while(int)).Non-interference contract.0.m.key 
290675     INFO  main            d.u.i.k.p.i.AbstractProblemLoader Loading environment from /home/runner/work/key/key/key.core/../key.ui/examples/InformationFlow/LoopInvariants/loop.IFLoopExamples(loop.IFLoopExamples__notSecure_while(int)).Non-interference contract.0.m.key 
290675     DEBUG main            d.u.i.k.p.i.AbstractProblemLoader Environment load took 93.7ns 
290676     INFO  main            d.u.i.k.p.i.AbstractProblemLoader Creating init config 
293547     DEBUG main            d.u.i.k.p.i.AbstractProblemLoader Init config took 2.87s 
293584     INFO  main            d.u.i.k.p.i.AbstractProblemLoader Replaying proof loop.IFLoopExamples[loop.IFLoopExamples::notSecure_while(int)].Non-interference contract.0 
293586     DEBUG main            d.u.i.k.p.i.IntermediateProofReplayer Proof replay took 13.9ns 
293587     DEBUG main            d.u.i.k.m.s.ProofScriptEngine 1: 'macro 'infflow-autopilot'' on goal 0 (script from line 51) 
293614     DEBUG main            d.u.i.k.p.m.ProofCorrectnessMgt No justification found for rule Class_invariant_axiom_for_loop_IFLoopExamples 
296167     INFO  main            d.u.i.k.p.r.p.TestFile    ... finished proof: open goal(s) 
296370     INFO  main            d.u.i.k.p.r.p.TestFile    Now processing file /home/runner/work/key/key/key.core/../key.ui/examples/InformationFlow/LoopInvariants/loop.IFLoopExamples(loop.IFLoopExamples__notSecure_while_wrongInv(int)).Non-interference contract.0.m.key 
296370     INFO  main            d.u.i.k.p.i.AbstractProblemLoader Loading environment from /home/runner/work/key/key/key.core/../key.ui/examples/InformationFlow/LoopInvariants/loop.IFLoopExamples(loop.IFLoopExamples__notSecure_while_wrongInv(int)).Non-interference contract.0.m.key 
296370     DEBUG main            d.u.i.k.p.i.AbstractProblemLoader Environment load took 73ns 
296372     INFO  main            d.u.i.k.p.i.AbstractProblemLoader Creating init config 
299193     DEBUG main            d.u.i.k.p.i.AbstractProblemLoader Init config took 2.82s 
299227     INFO  main            d.u.i.k.p.i.AbstractProblemLoader Replaying proof loop.IFLoopExamples[loop.IFLoopExamples::notSecure_while_wrongInv(int)].Non-interference contract.0 
299229     DEBUG main            d.u.i.k.p.i.IntermediateProofReplayer Proof replay took 15.3ns 
299229     DEBUG main            d.u.i.k.m.s.ProofScriptEngine 1: 'macro 'infflow-autopilot'' on goal 0 (script from line 51) 
299257     DEBUG main            d.u.i.k.p.m.ProofCorrectnessMgt No justification found for rule Class_invariant_axiom_for_loop_IFLoopExamples 
300882     INFO  main            d.u.i.k.p.r.p.TestFile    ... finished proof: open goal(s) 
301118     INFO  main            d.u.i.k.p.r.p.TestFile    Now processing file /home/runner/work/key/key/key.core/../key.ui/examples/InformationFlow/LoopInvariants/loop.IFLoopExamples(loop.IFLoopExamples__insecure_twoWhile(int)).Non-interference contract.0.m.key 
301119     INFO  main            d.u.i.k.p.i.AbstractProblemLoader Loading environment from /home/runner/work/key/key/key.core/../key.ui/examples/InformationFlow/LoopInvariants/loop.IFLoopExamples(loop.IFLoopExamples__insecure_twoWhile(int)).Non-interference contract.0.m.key 
301119     DEBUG main            d.u.i.k.p.i.AbstractProblemLoader Environment load took 76.6ns 
301120     INFO  main            d.u.i.k.p.i.AbstractProblemLoader Creating init config 
303902     DEBUG main            d.u.i.k.p.i.AbstractProblemLoader Init config took 2.78s 
303941     INFO  main            d.u.i.k.p.i.AbstractProblemLoader Replaying proof loop.IFLoopExamples[loop.IFLoopExamples::insecure_twoWhile(int)].Non-interference contract.0 
303943     DEBUG main            d.u.i.k.p.i.IntermediateProofReplayer Proof replay took 15.8ns 
303944     DEBUG main            d.u.i.k.m.s.ProofScriptEngine 1: 'macro 'infflow-autopilot'' on goal 0 (script from line 51) 
303977     DEBUG main            d.u.i.k.p.m.ProofCorrectnessMgt No justification found for rule Class_invariant_axiom_for_loop_IFLoopExamples 
305664     INFO  main            d.u.i.k.p.r.p.TestFile    ... finished proof: open goal(s) 
305900     INFO  main            d.u.i.k.p.r.p.TestFile    Now processing file /home/runner/work/key/key/key.core/../key.ui/examples/InformationFlow/LoopInvariants/loop.IFLoopExamples(loop.IFLoopExamples__insecure_twoWhile_2(int)).Non-interference contract.0.m.key 
305901     INFO  main            d.u.i.k.p.i.AbstractProblemLoader Loading environment from /home/runner/work/key/key/key.core/../key.ui/examples/InformationFlow/LoopInvariants/loop.IFLoopExamples(loop.IFLoopExamples__insecure_twoWhile_2(int)).Non-interference contract.0.m.key 
305901     DEBUG main            d.u.i.k.p.i.AbstractProblemLoader Environment load took 61.5ns 
305902     INFO  main            d.u.i.k.p.i.AbstractProblemLoader Creating init config 
308741     DEBUG main            d.u.i.k.p.i.AbstractProblemLoader Init config took 2.84s 
308785     INFO  main            d.u.i.k.p.i.AbstractProblemLoader Replaying proof loop.IFLoopExamples[loop.IFLoopExamples::insecure_twoWhile_2(int)].Non-interference contract.0 
308790     DEBUG main            d.u.i.k.p.i.IntermediateProofReplayer Proof replay took 13.9ns 
308791     DEBUG main            d.u.i.k.m.s.ProofScriptEngine 1: 'macro 'infflow-autopilot'' on goal 0 (script from line 51) 
308821     DEBUG main            d.u.i.k.p.m.ProofCorrectnessMgt No justification found for rule Class_invariant_axiom_for_loop_IFLoopExamples 
311101     INFO  main            d.u.i.k.p.r.p.TestFile    ... finished proof: open goal(s) 
311341     INFO  main            d.u.i.k.p.r.p.TestFile    Now processing file /home/runner/work/key/key/key.core/../key.ui/examples/InformationFlow/LoopInvariants/loop.IFLoopExamples(loop.IFLoopExamples__secure_twoWhile(int)).Non-interference contract.0.m.key 
311341     INFO  main            d.u.i.k.p.i.AbstractProblemLoader Loading environment from /home/runner/work/key/key/key.core/../key.ui/examples/InformationFlow/LoopInvariants/loop.IFLoopExamples(loop.IFLoopExamples__secure_twoWhile(int)).Non-interference contract.0.m.key 
311341     DEBUG main            d.u.i.k.p.i.AbstractProblemLoader Environment load took 65.8ns 
311342     INFO  main            d.u.i.k.p.i.AbstractProblemLoader Creating init config 
314105     DEBUG main            d.u.i.k.p.i.AbstractProblemLoader Init config took 2.76s 
314137     INFO  main            d.u.i.k.p.i.AbstractProblemLoader Replaying proof loop.IFLoopExamples[loop.IFLoopExamples::secure_twoWhile(int)].Non-interference contract.0 
314139     DEBUG main            d.u.i.k.p.i.IntermediateProofReplayer Proof replay took 15.6ns 
314140     DEBUG main            d.u.i.k.m.s.ProofScriptEngine 1: 'macro 'infflow-autopilot'' on goal 0 (script from line 51) 
314168     DEBUG main            d.u.i.k.p.m.ProofCorrectnessMgt No justification found for rule Class_invariant_axiom_for_loop_IFLoopExamples 
315612     INFO  main            d.u.i.k.p.r.p.TestFile    ... finished proof: closed. 
315866     INFO  main            d.u.i.k.p.r.p.TestFile    Now processing file /home/runner/work/key/key/key.core/../key.ui/examples/InformationFlow/LoopInvariants/loop.IFLoopExamples(loop.IFLoopExamples__loc_secure_while(int)).Non-interference contract.0.m.key 
315866     INFO  main            d.u.i.k.p.i.AbstractProblemLoader Loading environment from /home/runner/work/key/key/key.core/../key.ui/examples/InformationFlow/LoopInvariants/loop.IFLoopExamples(loop.IFLoopExamples__loc_secure_while(int)).Non-interference contract.0.m.key 
315866     DEBUG main            d.u.i.k.p.i.AbstractProblemLoader Environment load took 68.6ns 
315867     INFO  main            d.u.i.k.p.i.AbstractProblemLoader Creating init config 
318601     DEBUG main            d.u.i.k.p.i.AbstractProblemLoader Init config took 2.73s 
318633     INFO  main            d.u.i.k.p.i.AbstractProblemLoader Replaying proof loop.IFLoopExamples[loop.IFLoopExamples::loc_secure_while(int)].Non-interference contract.0 
318635     DEBUG main            d.u.i.k.p.i.IntermediateProofReplayer Proof replay took 14.9ns 
318636     DEBUG main            d.u.i.k.m.s.ProofScriptEngine 1: 'macro 'infflow-autopilot'' on goal 0 (script from line 51) 
318664     DEBUG main            d.u.i.k.p.m.ProofCorrectnessMgt No justification found for rule Class_invariant_axiom_for_loop_IFLoopExamples 
319593     INFO  main            d.u.i.k.p.r.p.TestFile    ... finished proof: closed. 
319796     INFO  main            d.u.i.k.p.r.p.TestFile    Now processing file /home/runner/work/key/key/key.core/../key.ui/examples/InformationFlow/LoopInvariants/loop.IFLoopExamples(loop.IFLoopExamples__secure_while(int)).Non-interference contract.0.m.key 
319797     INFO  main            d.u.i.k.p.i.AbstractProblemLoader Loading environment from /home/runner/work/key/key/key.core/../key.ui/examples/InformationFlow/LoopInvariants/loop.IFLoopExamples(loop.IFLoopExamples__secure_while(int)).Non-interference contract.0.m.key 
319797     DEBUG main            d.u.i.k.p.i.AbstractProblemLoader Environment load took 68.2ns 
319798     INFO  main            d.u.i.k.p.i.AbstractProblemLoader Creating init config 
322595     DEBUG main            d.u.i.k.p.i.AbstractProblemLoader Init config took 2.8s 
322636     INFO  main            d.u.i.k.p.i.AbstractProblemLoader Replaying proof loop.IFLoopExamples[loop.IFLoopExamples::secure_while(int)].Non-interference contract.0 
322639     DEBUG main            d.u.i.k.p.i.IntermediateProofReplayer Proof replay took 17.5ns 
322639     DEBUG main            d.u.i.k.m.s.ProofScriptEngine 1: 'macro 'infflow-autopilot'' on goal 0 (script from line 51) 
322669     DEBUG main            d.u.i.k.p.m.ProofCorrectnessMgt No justification found for rule Class_invariant_axiom_for_loop_IFLoopExamples 
323386     INFO  main            d.u.i.k.p.r.p.TestFile    ... finished proof: closed. 
323582     INFO  main            d.u.i.k.p.r.p.TestFile    Now processing file /home/runner/work/key/key/key.core/../key.ui/examples/InformationFlow/LoopInvariants/loop.IFLoopExamples(loop.IFLoopExamples__print(int)).Non-interference contract.0.m.key 
323583     INFO  main            d.u.i.k.p.i.AbstractProblemLoader Loading environment from /home/runner/work/key/key/key.core/../key.ui/examples/InformationFlow/LoopInvariants/loop.IFLoopExamples(loop.IFLoopExamples__print(int)).Non-interference contract.0.m.key 
323583     DEBUG main            d.u.i.k.p.i.AbstractProblemLoader Environment load took 76.8ns 
323585     INFO  main            d.u.i.k.p.i.AbstractProblemLoader Creating init config 
326348     DEBUG main            d.u.i.k.p.i.AbstractProblemLoader Init config took 2.76s 
326385     INFO  main            d.u.i.k.p.i.AbstractProblemLoader Replaying proof loop.IFLoopExamples[loop.IFLoopExamples::print(int)].Non-interference contract.0 
326392     DEBUG main            d.u.i.k.p.i.IntermediateProofReplayer Proof replay took 16.3ns 
326393     DEBUG main            d.u.i.k.m.s.ProofScriptEngine 1: 'macro 'infflow-autopilot'' on goal 0 (script from line 51) 
326483     INFO  main            d.u.i.k.p.r.p.TestFile    ... finished proof: closed. 
326668     INFO  main            d.u.i.k.p.r.p.TestFile    Now processing file /home/runner/work/key/key/key.core/../key.ui/examples/InformationFlow/LoopInvariants/loop.IFLoopExamples(loop.IFLoopExamples__hammer(int)).Non-interference contract.0.m.key 
326669     INFO  main            d.u.i.k.p.i.AbstractProblemLoader Loading environment from /home/runner/work/key/key/key.core/../key.ui/examples/InformationFlow/LoopInvariants/loop.IFLoopExamples(loop.IFLoopExamples__hammer(int)).Non-interference contract.0.m.key 
326670     DEBUG main            d.u.i.k.p.i.AbstractProblemLoader Environment load took 110.5ns 
326670     INFO  main            d.u.i.k.p.i.AbstractProblemLoader Creating init config 
329437     DEBUG main            d.u.i.k.p.i.AbstractProblemLoader Init config took 2.77s 
329475     INFO  main            d.u.i.k.p.i.AbstractProblemLoader Replaying proof loop.IFLoopExamples[loop.IFLoopExamples::hammer(int)].Non-interference contract.0 
329477     DEBUG main            d.u.i.k.p.i.IntermediateProofReplayer Proof replay took 15ns 
329478     DEBUG main            d.u.i.k.m.s.ProofScriptEngine 1: 'macro 'infflow-autopilot'' on goal 0 (script from line 51) 
329508     DEBUG main            d.u.i.k.p.m.ProofCorrectnessMgt No justification found for rule Class_invariant_axiom_for_loop_IFLoopExamples 
330830     INFO  main            d.u.i.k.p.r.p.TestFile    ... finished proof: closed. 
2296195    INFO  Test worker     d.u.i.k.p.r.RunAllProofsTestUnit Returning from test InformationFlow_fullmacro 
2296197    INFO  Test worker     d.u.i.k.p.r.RunAllProofsTestUnit Running test MiniExamples_fullmacro 
375        INFO  Timeout watchdog d.u.i.k.p.r.p.ForkedTestFileRunner Timeout watcher launched (1000 secs.) 
384        WARN  main            d.u.i.k.s.ProofSettings   The settings in /home/runner/.key/proof-settings.props are *not* read. 
416        INFO  main            d.u.i.k.p.r.p.TestFile    Now processing file /home/runner/work/key/key/key.core/../key.ui/examples/InformationFlow/MiniExamples/mini.AliasingExamples(mini.AliasingExamples__insecure_1(mini.AliasingExamples,mini.AliasingExamples,int)).Non-interference contract.0.m.key 
517        INFO  main            d.u.i.k.p.i.AbstractProblemLoader Loading environment from /home/runner/work/key/key/key.core/../key.ui/examples/InformationFlow/MiniExamples/mini.AliasingExamples(mini.AliasingExamples__insecure_1(mini.AliasingExamples,mini.AliasingExamples,int)).Non-interference contract.0.m.key 
547        DEBUG main            d.u.i.k.p.i.AbstractProblemLoader Environment load took 1.84ms 
768        INFO  main            d.u.i.k.p.i.AbstractProblemLoader Creating init config 
1713       DEBUG main            d.u.i.k.j.TypeConverter   No LDT found for Meta 
1713       DEBUG main            d.u.i.k.j.TypeConverter   No LDT found for Meta 
1716       DEBUG main            d.u.i.k.j.TypeConverter   No LDT found for Meta 
1716       DEBUG main            d.u.i.k.j.TypeConverter   No LDT found for Meta 
2867       DEBUG main            d.u.i.k.j.TypeConverter   No LDT found for JavaBigintExpression 
7909       DEBUG main            d.u.i.k.p.i.AbstractProblemLoader Init config took 7.14s 
8104       INFO  main            d.u.i.k.p.i.AbstractProblemLoader Replaying proof mini.AliasingExamples[mini.AliasingExamples::insecure_1(mini.AliasingExamples,mini.AliasingExamples,int)].Non-interference contract.0 
8182       DEBUG main            d.u.i.k.p.i.IntermediateProofReplayer Proof replay took 403.2ns 
8251       DEBUG main            d.u.i.k.m.s.ProofScriptEngine 1: 'macro 'infflow-autopilot'' on goal 0 (script from line 51) 
8736       DEBUG main            d.u.i.k.p.m.ProofCorrectnessMgt No justification found for rule Class_invariant_axiom_for_mini_AliasingExamples 
9639       INFO  main            d.u.i.k.p.r.p.TestFile    ... finished proof: open goal(s) 
9766       INFO  main            d.u.i.k.p.r.p.TestFile    Now processing file /home/runner/work/key/key/key.core/../key.ui/examples/InformationFlow/MiniExamples/mini.AliasingExamples(mini.AliasingExamples__secure_1(mini.AliasingExamples,mini.AliasingExamples,int)).Non-interference contract.0.m.key 
9767       INFO  main            d.u.i.k.p.i.AbstractProblemLoader Loading environment from /home/runner/work/key/key/key.core/../key.ui/examples/InformationFlow/MiniExamples/mini.AliasingExamples(mini.AliasingExamples__secure_1(mini.AliasingExamples,mini.AliasingExamples,int)).Non-interference contract.0.m.key 
9767       DEBUG main            d.u.i.k.p.i.AbstractProblemLoader Environment load took 127.5ns 
9769       INFO  main            d.u.i.k.p.i.AbstractProblemLoader Creating init config 
12703      DEBUG main            d.u.i.k.p.i.AbstractProblemLoader Init config took 2.93s 
12759      INFO  main            d.u.i.k.p.i.AbstractProblemLoader Replaying proof mini.AliasingExamples[mini.AliasingExamples::secure_1(mini.AliasingExamples,mini.AliasingExamples,int)].Non-interference contract.0 
12762      DEBUG main            d.u.i.k.p.i.IntermediateProofReplayer Proof replay took 13.9ns 
12763      DEBUG main            d.u.i.k.m.s.ProofScriptEngine 1: 'macro 'infflow-autopilot'' on goal 0 (script from line 51) 
12883      DEBUG main            d.u.i.k.p.m.ProofCorrectnessMgt No justification found for rule Class_invariant_axiom_for_mini_AliasingExamples 
13194      INFO  main            d.u.i.k.p.r.p.TestFile    ... finished proof: closed. 
13368      INFO  main            d.u.i.k.p.r.p.TestFile    Now processing file /home/runner/work/key/key/key.core/../key.ui/examples/InformationFlow/MiniExamples/mini.MiniExamplesLecture(mini.MiniExamplesLecture__m_6()).Non-interference contract.0.m.key 
13369      INFO  main            d.u.i.k.p.i.AbstractProblemLoader Loading environment from /home/runner/work/key/key/key.core/../key.ui/examples/InformationFlow/MiniExamples/mini.MiniExamplesLecture(mini.MiniExamplesLecture__m_6()).Non-interference contract.0.m.key 
13369      DEBUG main            d.u.i.k.p.i.AbstractProblemLoader Environment load took 77ns 
13371      INFO  main            d.u.i.k.p.i.AbstractProblemLoader Creating init config 
16151      DEBUG main            d.u.i.k.p.i.AbstractProblemLoader Init config took 2.78s 
16201      INFO  main            d.u.i.k.p.i.AbstractProblemLoader Replaying proof mini.MiniExamplesLecture[mini.MiniExamplesLecture::m_6()].Non-interference contract.0 
16204      DEBUG main            d.u.i.k.p.i.IntermediateProofReplayer Proof replay took 12.9ns 
16205      DEBUG main            d.u.i.k.m.s.ProofScriptEngine 1: 'macro 'infflow-autopilot'' on goal 0 (script from line 51) 
16250      DEBUG main            d.u.i.k.p.m.ProofCorrectnessMgt No justification found for rule Class_invariant_axiom_for_mini_MiniExamplesLecture 
16329      INFO  main            d.u.i.k.p.r.p.TestFile    ... finished proof: closed. 
16462      INFO  main            d.u.i.k.p.r.p.TestFile    Now processing file /home/runner/work/key/key/key.core/../key.ui/examples/InformationFlow/MiniExamples/mini.MiniExamplesLecture(mini.MiniExamplesLecture__m_5()).Non-interference contract.0.m.key 
16463      INFO  main            d.u.i.k.p.i.AbstractProblemLoader Loading environment from /home/runner/work/key/key/key.core/../key.ui/examples/InformationFlow/MiniExamples/mini.MiniExamplesLecture(mini.MiniExamplesLecture__m_5()).Non-interference contract.0.m.key 
16463      DEBUG main            d.u.i.k.p.i.AbstractProblemLoader Environment load took 128.3ns 
16464      INFO  main            d.u.i.k.p.i.AbstractProblemLoader Creating init config 
19150      DEBUG main            d.u.i.k.p.i.AbstractProblemLoader Init config took 2.69s 
19197      INFO  main            d.u.i.k.p.i.AbstractProblemLoader Replaying proof mini.MiniExamplesLecture[mini.MiniExamplesLecture::m_5()].Non-interference contract.0 
19200      DEBUG main            d.u.i.k.p.i.IntermediateProofReplayer Proof replay took 13.9ns 
19201      DEBUG main            d.u.i.k.m.s.ProofScriptEngine 1: 'macro 'infflow-autopilot'' on goal 0 (script from line 51) 
19242      DEBUG main            d.u.i.k.p.m.ProofCorrectnessMgt No justification found for rule Class_invariant_axiom_for_mini_MiniExamplesLecture 
19384      INFO  main            d.u.i.k.p.r.p.TestFile    ... finished proof: closed. 
19559      INFO  main            d.u.i.k.p.r.p.TestFile    Now processing file /home/runner/work/key/key/key.core/../key.ui/examples/InformationFlow/MiniExamples/mini.MiniExamplesLecture(mini.MiniExamplesLecture__m_4()).Non-interference contract.0.m.key 
19559      INFO  main            d.u.i.k.p.i.AbstractProblemLoader Loading environment from /home/runner/work/key/key/key.core/../key.ui/examples/InformationFlow/MiniExamples/mini.MiniExamplesLecture(mini.MiniExamplesLecture__m_4()).Non-interference contract.0.m.key 
19559      DEBUG main            d.u.i.k.p.i.AbstractProblemLoader Environment load took 82.3ns 
19560      INFO  main            d.u.i.k.p.i.AbstractProblemLoader Creating init config 
22189      DEBUG main            d.u.i.k.p.i.AbstractProblemLoader Init config took 2.63s 
22234      INFO  main            d.u.i.k.p.i.AbstractProblemLoader Replaying proof mini.MiniExamplesLecture[mini.MiniExamplesLecture::m_4()].Non-interference contract.0 
22237      DEBUG main            d.u.i.k.p.i.IntermediateProofReplayer Proof replay took 15.4ns 
22238      DEBUG main            d.u.i.k.m.s.ProofScriptEngine 1: 'macro 'infflow-autopilot'' on goal 0 (script from line 51) 
22290      DEBUG main            d.u.i.k.p.m.ProofCorrectnessMgt No justification found for rule Class_invariant_axiom_for_mini_MiniExamplesLecture 
22401      INFO  main            d.u.i.k.p.r.p.TestFile    ... finished proof: closed. 
22542      INFO  main            d.u.i.k.p.r.p.TestFile    Now processing file /home/runner/work/key/key/key.core/../key.ui/examples/InformationFlow/MiniExamples/mini.MiniExamplesLecture(mini.MiniExamplesLecture__m_3()).Non-interference contract.0.m.key 
22545      INFO  main            d.u.i.k.p.i.AbstractProblemLoader Loading environment from /home/runner/work/key/key/key.core/../key.ui/examples/InformationFlow/MiniExamples/mini.MiniExamplesLecture(mini.MiniExamplesLecture__m_3()).Non-interference contract.0.m.key 
22545      DEBUG main            d.u.i.k.p.i.AbstractProblemLoader Environment load took 133.2ns 
22546      INFO  main            d.u.i.k.p.i.AbstractProblemLoader Creating init config 
25215      DEBUG main            d.u.i.k.p.i.AbstractProblemLoader Init config took 2.67s 
25257      INFO  main            d.u.i.k.p.i.AbstractProblemLoader Replaying proof mini.MiniExamplesLecture[mini.MiniExamplesLecture::m_3()].Non-interference contract.0 
25259      DEBUG main            d.u.i.k.p.i.IntermediateProofReplayer Proof replay took 12.8ns 
25260      DEBUG main            d.u.i.k.m.s.ProofScriptEngine 1: 'macro 'infflow-autopilot'' on goal 0 (script from line 51) 
25296      DEBUG main            d.u.i.k.p.m.ProofCorrectnessMgt No justification found for rule Class_invariant_axiom_for_mini_MiniExamplesLecture 
25565      INFO  main            d.u.i.k.p.r.p.TestFile    ... finished proof: open goal(s) 
25718      INFO  main            d.u.i.k.p.r.p.TestFile    Now processing file /home/runner/work/key/key/key.core/../key.ui/examples/InformationFlow/MiniExamples/mini.MiniExamplesLecture(mini.MiniExamplesLecture__m_2()).Non-interference contract.0.m.key 
25718      INFO  main            d.u.i.k.p.i.AbstractProblemLoader Loading environment from /home/runner/work/key/key/key.core/../key.ui/examples/InformationFlow/MiniExamples/mini.MiniExamplesLecture(mini.MiniExamplesLecture__m_2()).Non-interference contract.0.m.key 
25718      DEBUG main            d.u.i.k.p.i.AbstractProblemLoader Environment load took 68.8ns 
25720      INFO  main            d.u.i.k.p.i.AbstractProblemLoader Creating init config 
28327      DEBUG main            d.u.i.k.p.i.AbstractProblemLoader Init config took 2.61s 
28370      INFO  main            d.u.i.k.p.i.AbstractProblemLoader Replaying proof mini.MiniExamplesLecture[mini.MiniExamplesLecture::m_2()].Non-interference contract.0 
28372      DEBUG main            d.u.i.k.p.i.IntermediateProofReplayer Proof replay took 14.3ns 
28373      DEBUG main            d.u.i.k.m.s.ProofScriptEngine 1: 'macro 'infflow-autopilot'' on goal 0 (script from line 51) 
28407      DEBUG main            d.u.i.k.p.m.ProofCorrectnessMgt No justification found for rule Class_invariant_axiom_for_mini_MiniExamplesLecture 
28592      INFO  main            d.u.i.k.p.r.p.TestFile    ... finished proof: closed. 
28758      INFO  main            d.u.i.k.p.r.p.TestFile    Now processing file /home/runner/work/key/key/key.core/../key.ui/examples/InformationFlow/MiniExamples/mini.MiniExamplesLecture(mini.MiniExamplesLecture__m_1()).Non-interference contract.0.m.key 
28758      INFO  main            d.u.i.k.p.i.AbstractProblemLoader Loading environment from /home/runner/work/key/key/key.core/../key.ui/examples/InformationFlow/MiniExamples/mini.MiniExamplesLecture(mini.MiniExamplesLecture__m_1()).Non-interference contract.0.m.key 
28758      DEBUG main            d.u.i.k.p.i.AbstractProblemLoader Environment load took 69ns 
28760      INFO  main            d.u.i.k.p.i.AbstractProblemLoader Creating init config 
31407      DEBUG main            d.u.i.k.p.i.AbstractProblemLoader Init config took 2.65s 
31446      INFO  main            d.u.i.k.p.i.AbstractProblemLoader Replaying proof mini.MiniExamplesLecture[mini.MiniExamplesLecture::m_1()].Non-interference contract.0 
31449      DEBUG main            d.u.i.k.p.i.IntermediateProofReplayer Proof replay took 12.5ns 
31450      DEBUG main            d.u.i.k.m.s.ProofScriptEngine 1: 'macro 'infflow-autopilot'' on goal 0 (script from line 51) 
31482      DEBUG main            d.u.i.k.p.m.ProofCorrectnessMgt No justification found for rule Class_invariant_axiom_for_mini_MiniExamplesLecture 
31612      INFO  main            d.u.i.k.p.r.p.TestFile    ... finished proof: open goal(s) 
31813      INFO  main            d.u.i.k.p.r.p.TestFile    Now processing file /home/runner/work/key/key/key.core/../key.ui/examples/InformationFlow/MiniExamples/mini.DifferenceSeqLocset(mini.DifferenceSeqLocset__m()).Non-interference contract.1.m.key 
31814      INFO  main            d.u.i.k.p.i.AbstractProblemLoader Loading environment from /home/runner/work/key/key/key.core/../key.ui/examples/InformationFlow/MiniExamples/mini.DifferenceSeqLocset(mini.DifferenceSeqLocset__m()).Non-interference contract.1.m.key 
31814      DEBUG main            d.u.i.k.p.i.AbstractProblemLoader Environment load took 124.4ns 
31815      INFO  main            d.u.i.k.p.i.AbstractProblemLoader Creating init config 
34453      DEBUG main            d.u.i.k.p.i.AbstractProblemLoader Init config took 2.64s 
34495      INFO  main            d.u.i.k.p.i.AbstractProblemLoader Replaying proof mini.DifferenceSeqLocset[mini.DifferenceSeqLocset::m()].Non-interference contract.1 
34497      DEBUG main            d.u.i.k.p.i.IntermediateProofReplayer Proof replay took 14.4ns 
34498      DEBUG main            d.u.i.k.m.s.ProofScriptEngine 1: 'macro 'infflow-autopilot'' on goal 0 (script from line 51) 
34530      DEBUG main            d.u.i.k.p.m.ProofCorrectnessMgt No justification found for rule Class_invariant_axiom_for_mini_DifferenceSeqLocset 
35093      INFO  main            d.u.i.k.p.r.p.TestFile    ... finished proof: open goal(s) 
35270      INFO  main            d.u.i.k.p.r.p.TestFile    Now processing file /home/runner/work/key/key/key.core/../key.ui/examples/InformationFlow/MiniExamples/mini.DifferenceSeqLocset(mini.DifferenceSeqLocset__m()).Non-interference contract.0.m.key 
35270      INFO  main            d.u.i.k.p.i.AbstractProblemLoader Loading environment from /home/runner/work/key/key/key.core/../key.ui/examples/InformationFlow/MiniExamples/mini.DifferenceSeqLocset(mini.DifferenceSeqLocset__m()).Non-interference contract.0.m.key 
35270      DEBUG main            d.u.i.k.p.i.AbstractProblemLoader Environment load took 83.7ns 
35272      INFO  main            d.u.i.k.p.i.AbstractProblemLoader Creating init config 
37869      DEBUG main            d.u.i.k.p.i.AbstractProblemLoader Init config took 2.6s 
37916      INFO  main            d.u.i.k.p.i.AbstractProblemLoader Replaying proof mini.DifferenceSeqLocset[mini.DifferenceSeqLocset::m()].Non-interference contract.0 
37918      DEBUG main            d.u.i.k.p.i.IntermediateProofReplayer Proof replay took 16.4ns 
37919      DEBUG main            d.u.i.k.m.s.ProofScriptEngine 1: 'macro 'infflow-autopilot'' on goal 0 (script from line 51) 
37953      DEBUG main            d.u.i.k.p.m.ProofCorrectnessMgt No justification found for rule Class_invariant_axiom_for_mini_DifferenceSeqLocset 
39582      INFO  main            d.u.i.k.p.r.p.TestFile    ... finished proof: open goal(s) 
39754      INFO  main            d.u.i.k.p.r.p.TestFile    Now processing file /home/runner/work/key/key/key.core/../key.ui/examples/InformationFlow/MiniExamples/mini.MiniExamples(mini.MiniExamples__secure_p2_8()).Non-interference contract.0.m.key 
39755      INFO  main            d.u.i.k.p.i.AbstractProblemLoader Loading environment from /home/runner/work/key/key/key.core/../key.ui/examples/InformationFlow/MiniExamples/mini.MiniExamples(mini.MiniExamples__secure_p2_8()).Non-interference contract.0.m.key 
39755      DEBUG main            d.u.i.k.p.i.AbstractProblemLoader Environment load took 74.1ns 
39756      INFO  main            d.u.i.k.p.i.AbstractProblemLoader Creating init config 
42380      DEBUG main            d.u.i.k.p.i.AbstractProblemLoader Init config took 2.62s 
42416      INFO  main            d.u.i.k.p.i.AbstractProblemLoader Replaying proof mini.MiniExamples[mini.MiniExamples::secure_p2_8()].Non-interference contract.0 
42418      DEBUG main            d.u.i.k.p.i.IntermediateProofReplayer Proof replay took 13.8ns 
42419      DEBUG main            d.u.i.k.m.s.ProofScriptEngine 1: 'macro 'infflow-autopilot'' on goal 0 (script from line 51) 
42449      DEBUG main            d.u.i.k.p.m.ProofCorrectnessMgt No justification found for rule Class_invariant_axiom_for_mini_MiniExamples 
42678      INFO  main            d.u.i.k.p.r.p.TestFile    ... finished proof: closed. 
42871      INFO  main            d.u.i.k.p.r.p.TestFile    Now processing file /home/runner/work/key/key/key.core/../key.ui/examples/InformationFlow/MiniExamples/mini.MiniExamples(mini.MiniExamples__secure_parameter(int)).Non-interference contract.0.m.key 
42871      INFO  main            d.u.i.k.p.i.AbstractProblemLoader Loading environment from /home/runner/work/key/key/key.core/../key.ui/examples/InformationFlow/MiniExamples/mini.MiniExamples(mini.MiniExamples__secure_parameter(int)).Non-interference contract.0.m.key 
42871      DEBUG main            d.u.i.k.p.i.AbstractProblemLoader Environment load took 82.2ns 
42872      INFO  main            d.u.i.k.p.i.AbstractProblemLoader Creating init config 
45498      DEBUG main            d.u.i.k.p.i.AbstractProblemLoader Init config took 2.63s 
45535      INFO  main            d.u.i.k.p.i.AbstractProblemLoader Replaying proof mini.MiniExamples[mini.MiniExamples::secure_parameter(int)].Non-interference contract.0 
45537      DEBUG main            d.u.i.k.p.i.IntermediateProofReplayer Proof replay took 16.6ns 
45538      DEBUG main            d.u.i.k.m.s.ProofScriptEngine 1: 'macro 'infflow-autopilot'' on goal 0 (script from line 51) 
45571      DEBUG main            d.u.i.k.p.m.ProofCorrectnessMgt No justification found for rule Class_invariant_axiom_for_mini_MiniExamples 
45669      INFO  main            d.u.i.k.p.r.p.TestFile    ... finished proof: closed. 
45833      INFO  main            d.u.i.k.p.r.p.TestFile    Now processing file /home/runner/work/key/key/key.core/../key.ui/examples/InformationFlow/MiniExamples/mini.MiniExamples(mini.MiniExamples__secure_p2_7()).Non-interference contract.0.m.key 
45833      INFO  main            d.u.i.k.p.i.AbstractProblemLoader Loading environment from /home/runner/work/key/key/key.core/../key.ui/examples/InformationFlow/MiniExamples/mini.MiniExamples(mini.MiniExamples__secure_p2_7()).Non-interference contract.0.m.key 
45833      DEBUG main            d.u.i.k.p.i.AbstractProblemLoader Environment load took 65.4ns 
45835      INFO  main            d.u.i.k.p.i.AbstractProblemLoader Creating init config 
48394      DEBUG main            d.u.i.k.p.i.AbstractProblemLoader Init config took 2.56s 
48452      INFO  main            d.u.i.k.p.i.AbstractProblemLoader Replaying proof mini.MiniExamples[mini.MiniExamples::secure_p2_7()].Non-interference contract.0 
48455      DEBUG main            d.u.i.k.p.i.IntermediateProofReplayer Proof replay took 17.6ns 
48456      DEBUG main            d.u.i.k.m.s.ProofScriptEngine 1: 'macro 'infflow-autopilot'' on goal 0 (script from line 51) 
48490      DEBUG main            d.u.i.k.p.m.ProofCorrectnessMgt No justification found for rule Class_invariant_axiom_for_mini_MiniExamples 
48719      INFO  main            d.u.i.k.p.r.p.TestFile    ... finished proof: closed. 
48890      INFO  main            d.u.i.k.p.r.p.TestFile    Now processing file /home/runner/work/key/key/key.core/../key.ui/examples/InformationFlow/MiniExamples/mini.MiniExamples(mini.MiniExamples__insecure_p2_2()).Non-interference contract.0.m.key 
48891      INFO  main            d.u.i.k.p.i.AbstractProblemLoader Loading environment from /home/runner/work/key/key/key.core/../key.ui/examples/InformationFlow/MiniExamples/mini.MiniExamples(mini.MiniExamples__insecure_p2_2()).Non-interference contract.0.m.key 
48891      DEBUG main            d.u.i.k.p.i.AbstractProblemLoader Environment load took 69.4ns 
48892      INFO  main            d.u.i.k.p.i.AbstractProblemLoader Creating init config 
51458      DEBUG main            d.u.i.k.p.i.AbstractProblemLoader Init config took 2.57s 
51493      INFO  main            d.u.i.k.p.i.AbstractProblemLoader Replaying proof mini.MiniExamples[mini.MiniExamples::insecure_p2_2()].Non-interference contract.0 
51495      DEBUG main            d.u.i.k.p.i.IntermediateProofReplayer Proof replay took 15.1ns 
51495      DEBUG main            d.u.i.k.m.s.ProofScriptEngine 1: 'macro 'infflow-autopilot'' on goal 0 (script from line 51) 
51523      DEBUG main            d.u.i.k.p.m.ProofCorrectnessMgt No justification found for rule Class_invariant_axiom_for_mini_MiniExamples 
51727      INFO  main            d.u.i.k.p.r.p.TestFile    ... finished proof: open goal(s) 
51914      INFO  main            d.u.i.k.p.r.p.TestFile    Now processing file /home/runner/work/key/key/key.core/../key.ui/examples/InformationFlow/MiniExamples/mini.MiniExamples(mini.MiniExamples__secure_p2_6()).Non-interference contract.0.m.key 
51914      INFO  main            d.u.i.k.p.i.AbstractProblemLoader Loading environment from /home/runner/work/key/key/key.core/../key.ui/examples/InformationFlow/MiniExamples/mini.MiniExamples(mini.MiniExamples__secure_p2_6()).Non-interference contract.0.m.key 
51914      DEBUG main            d.u.i.k.p.i.AbstractProblemLoader Environment load took 65.6ns 
51916      INFO  main            d.u.i.k.p.i.AbstractProblemLoader Creating init config 
54514      DEBUG main            d.u.i.k.p.i.AbstractProblemLoader Init config took 2.6s 
54577      INFO  main            d.u.i.k.p.i.AbstractProblemLoader Replaying proof mini.MiniExamples[mini.MiniExamples::secure_p2_6()].Non-interference contract.0 
54579      DEBUG main            d.u.i.k.p.i.IntermediateProofReplayer Proof replay took 18.3ns 
54580      DEBUG main            d.u.i.k.m.s.ProofScriptEngine 1: 'macro 'infflow-autopilot'' on goal 0 (script from line 51) 
54625      DEBUG main            d.u.i.k.p.m.ProofCorrectnessMgt No justification found for rule Class_invariant_axiom_for_mini_MiniExamples 
54701      INFO  main            d.u.i.k.p.r.p.TestFile    ... finished proof: closed. 
54882      INFO  main            d.u.i.k.p.r.p.TestFile    Now processing file /home/runner/work/key/key/key.core/../key.ui/examples/InformationFlow/MiniExamples/mini.MiniExamples(mini.MiniExamples__secure_p2_5()).Non-interference contract.0.m.key 
54882      INFO  main            d.u.i.k.p.i.AbstractProblemLoader Loading environment from /home/runner/work/key/key/key.core/../key.ui/examples/InformationFlow/MiniExamples/mini.MiniExamples(mini.MiniExamples__secure_p2_5()).Non-interference contract.0.m.key 
54882      DEBUG main            d.u.i.k.p.i.AbstractProblemLoader Environment load took 71.3ns 
54883      INFO  main            d.u.i.k.p.i.AbstractProblemLoader Creating init config 
57483      DEBUG main            d.u.i.k.p.i.AbstractProblemLoader Init config took 2.6s 
57518      INFO  main            d.u.i.k.p.i.AbstractProblemLoader Replaying proof mini.MiniExamples[mini.MiniExamples::secure_p2_5()].Non-interference contract.0 
57520      DEBUG main            d.u.i.k.p.i.IntermediateProofReplayer Proof replay took 15.7ns 
57521      DEBUG main            d.u.i.k.m.s.ProofScriptEngine 1: 'macro 'infflow-autopilot'' on goal 0 (script from line 51) 
57548      DEBUG main            d.u.i.k.p.m.ProofCorrectnessMgt No justification found for rule Class_invariant_axiom_for_mini_MiniExamples 
57647      INFO  main            d.u.i.k.p.r.p.TestFile    ... finished proof: closed. 
57845      INFO  main            d.u.i.k.p.r.p.TestFile    Now processing file /home/runner/work/key/key/key.core/../key.ui/examples/InformationFlow/MiniExamples/mini.MiniExamples(mini.MiniExamples__secure_p2_4()).Non-interference contract.0.m.key 
57845      INFO  main            d.u.i.k.p.i.AbstractProblemLoader Loading environment from /home/runner/work/key/key/key.core/../key.ui/examples/InformationFlow/MiniExamples/mini.MiniExamples(mini.MiniExamples__secure_p2_4()).Non-interference contract.0.m.key 
57845      DEBUG main            d.u.i.k.p.i.AbstractProblemLoader Environment load took 119.7ns 
57846      INFO  main            d.u.i.k.p.i.AbstractProblemLoader Creating init config 
60386      DEBUG main            d.u.i.k.p.i.AbstractProblemLoader Init config took 2.54s 
60421      INFO  main            d.u.i.k.p.i.AbstractProblemLoader Replaying proof mini.MiniExamples[mini.MiniExamples::secure_p2_4()].Non-interference contract.0 
60424      DEBUG main            d.u.i.k.p.i.IntermediateProofReplayer Proof replay took 15.5ns 
60425      DEBUG main            d.u.i.k.m.s.ProofScriptEngine 1: 'macro 'infflow-autopilot'' on goal 0 (script from line 51) 
60452      DEBUG main            d.u.i.k.p.m.ProofCorrectnessMgt No justification found for rule Class_invariant_axiom_for_mini_MiniExamples 
60540      INFO  main            d.u.i.k.p.r.p.TestFile    ... finished proof: closed. 
60766      INFO  main            d.u.i.k.p.r.p.TestFile    Now processing file /home/runner/work/key/key/key.core/../key.ui/examples/InformationFlow/MiniExamples/mini.MiniExamples(mini.MiniExamples__secure_p2_3()).Non-interference contract.0.m.key 
60766      INFO  main            d.u.i.k.p.i.AbstractProblemLoader Loading environment from /home/runner/work/key/key/key.core/../key.ui/examples/InformationFlow/MiniExamples/mini.MiniExamples(mini.MiniExamples__secure_p2_3()).Non-interference contract.0.m.key 
60766      DEBUG main            d.u.i.k.p.i.AbstractProblemLoader Environment load took 66ns 
60768      INFO  main            d.u.i.k.p.i.AbstractProblemLoader Creating init config 
63296      DEBUG main            d.u.i.k.p.i.AbstractProblemLoader Init config took 2.53s 
63331      INFO  main            d.u.i.k.p.i.AbstractProblemLoader Replaying proof mini.MiniExamples[mini.MiniExamples::secure_p2_3()].Non-interference contract.0 
63335      DEBUG main            d.u.i.k.p.i.IntermediateProofReplayer Proof replay took 16.1ns 
63336      DEBUG main            d.u.i.k.m.s.ProofScriptEngine 1: 'macro 'infflow-autopilot'' on goal 0 (script from line 51) 
63370      DEBUG main            d.u.i.k.p.m.ProofCorrectnessMgt No justification found for rule Class_invariant_axiom_for_mini_MiniExamples 
63447      INFO  main            d.u.i.k.p.r.p.TestFile    ... finished proof: closed. 
63625      INFO  main            d.u.i.k.p.r.p.TestFile    Now processing file /home/runner/work/key/key/key.core/../key.ui/examples/InformationFlow/MiniExamples/mini.MiniExamples(mini.MiniExamples__secure_p2_2()).Non-interference contract.0.m.key 
63627      INFO  main            d.u.i.k.p.i.AbstractProblemLoader Loading environment from /home/runner/work/key/key/key.core/../key.ui/examples/InformationFlow/MiniExamples/mini.MiniExamples(mini.MiniExamples__secure_p2_2()).Non-interference contract.0.m.key 
63627      DEBUG main            d.u.i.k.p.i.AbstractProblemLoader Environment load took 148ns 
63628      INFO  main            d.u.i.k.p.i.AbstractProblemLoader Creating init config 
66166      DEBUG main            d.u.i.k.p.i.AbstractProblemLoader Init config took 2.54s 
66201      INFO  main            d.u.i.k.p.i.AbstractProblemLoader Replaying proof mini.MiniExamples[mini.MiniExamples::secure_p2_2()].Non-interference contract.0 
66203      DEBUG main            d.u.i.k.p.i.IntermediateProofReplayer Proof replay took 15.3ns 
66204      DEBUG main            d.u.i.k.m.s.ProofScriptEngine 1: 'macro 'infflow-autopilot'' on goal 0 (script from line 51) 
66231      DEBUG main            d.u.i.k.p.m.ProofCorrectnessMgt No justification found for rule Class_invariant_axiom_for_mini_MiniExamples 
66297      INFO  main            d.u.i.k.p.r.p.TestFile    ... finished proof: closed. 
66481      INFO  main            d.u.i.k.p.r.p.TestFile    Now processing file /home/runner/work/key/key/key.core/../key.ui/examples/InformationFlow/MiniExamples/mini.MiniExamples(mini.MiniExamples__secure_p2_1()).Non-interference contract.0.m.key 
66481      INFO  main            d.u.i.k.p.i.AbstractProblemLoader Loading environment from /home/runner/work/key/key/key.core/../key.ui/examples/InformationFlow/MiniExamples/mini.MiniExamples(mini.MiniExamples__secure_p2_1()).Non-interference contract.0.m.key 
66482      DEBUG main            d.u.i.k.p.i.AbstractProblemLoader Environment load took 61.2ns 
66483      INFO  main            d.u.i.k.p.i.AbstractProblemLoader Creating init config 
69009      DEBUG main            d.u.i.k.p.i.AbstractProblemLoader Init config took 2.53s 
69044      INFO  main            d.u.i.k.p.i.AbstractProblemLoader Replaying proof mini.MiniExamples[mini.MiniExamples::secure_p2_1()].Non-interference contract.0 
69046      DEBUG main            d.u.i.k.p.i.IntermediateProofReplayer Proof replay took 15.1ns 
69046      DEBUG main            d.u.i.k.m.s.ProofScriptEngine 1: 'macro 'infflow-autopilot'' on goal 0 (script from line 51) 
69073      DEBUG main            d.u.i.k.p.m.ProofCorrectnessMgt No justification found for rule Class_invariant_axiom_for_mini_MiniExamples 
69132      INFO  main            d.u.i.k.p.r.p.TestFile    ... finished proof: closed. 
69322      INFO  main            d.u.i.k.p.r.p.TestFile    Now processing file /home/runner/work/key/key/key.core/../key.ui/examples/InformationFlow/MiniExamples/mini.MiniExamples(mini.MiniExamples__insecure_p2_1()).Non-interference contract.0.m.key 
69322      INFO  main            d.u.i.k.p.i.AbstractProblemLoader Loading environment from /home/runner/work/key/key/key.core/../key.ui/examples/InformationFlow/MiniExamples/mini.MiniExamples(mini.MiniExamples__insecure_p2_1()).Non-interference contract.0.m.key 
69322      DEBUG main            d.u.i.k.p.i.AbstractProblemLoader Environment load took 65.7ns 
69323      INFO  main            d.u.i.k.p.i.AbstractProblemLoader Creating init config 
71847      DEBUG main            d.u.i.k.p.i.AbstractProblemLoader Init config took 2.52s 
71881      INFO  main            d.u.i.k.p.i.AbstractProblemLoader Replaying proof mini.MiniExamples[mini.MiniExamples::insecure_p2_1()].Non-interference contract.0 
71883      DEBUG main            d.u.i.k.p.i.IntermediateProofReplayer Proof replay took 15.7ns 
71884      DEBUG main            d.u.i.k.m.s.ProofScriptEngine 1: 'macro 'infflow-autopilot'' on goal 0 (script from line 51) 
71911      DEBUG main            d.u.i.k.p.m.ProofCorrectnessMgt No justification found for rule Class_invariant_axiom_for_mini_MiniExamples 
72000      INFO  main            d.u.i.k.p.r.p.TestFile    ... finished proof: open goal(s) 
72193      INFO  main            d.u.i.k.p.r.p.TestFile    Now processing file /home/runner/work/key/key/key.core/../key.ui/examples/InformationFlow/MiniExamples/mini.MiniExamples(mini.MiniExamples__secure_p1_6()).Non-interference contract.0.m.key 
72194      INFO  main            d.u.i.k.p.i.AbstractProblemLoader Loading environment from /home/runner/work/key/key/key.core/../key.ui/examples/InformationFlow/MiniExamples/mini.MiniExamples(mini.MiniExamples__secure_p1_6()).Non-interference contract.0.m.key 
72194      DEBUG main            d.u.i.k.p.i.AbstractProblemLoader Environment load took 82.2ns 
72195      INFO  main            d.u.i.k.p.i.AbstractProblemLoader Creating init config 
74745      DEBUG main            d.u.i.k.p.i.AbstractProblemLoader Init config took 2.55s 
74780      INFO  main            d.u.i.k.p.i.AbstractProblemLoader Replaying proof mini.MiniExamples[mini.MiniExamples::secure_p1_6()].Non-interference contract.0 
74782      DEBUG main            d.u.i.k.p.i.IntermediateProofReplayer Proof replay took 15.6ns 
74783      DEBUG main            d.u.i.k.m.s.ProofScriptEngine 1: 'macro 'infflow-autopilot'' on goal 0 (script from line 51) 
74810      DEBUG main            d.u.i.k.p.m.ProofCorrectnessMgt No justification found for rule Class_invariant_axiom_for_mini_MiniExamples 
74893      INFO  main            d.u.i.k.p.r.p.TestFile    ... finished proof: closed. 
75097      INFO  main            d.u.i.k.p.r.p.TestFile    Now processing file /home/runner/work/key/key/key.core/../key.ui/examples/InformationFlow/MiniExamples/mini.MiniExamples(mini.MiniExamples__secure_p1_5()).Non-interference contract.0.m.key 
75098      INFO  main            d.u.i.k.p.i.AbstractProblemLoader Loading environment from /home/runner/work/key/key/key.core/../key.ui/examples/InformationFlow/MiniExamples/mini.MiniExamples(mini.MiniExamples__secure_p1_5()).Non-interference contract.0.m.key 
75098      DEBUG main            d.u.i.k.p.i.AbstractProblemLoader Environment load took 155.7ns 
75099      INFO  main            d.u.i.k.p.i.AbstractProblemLoader Creating init config 
77597      DEBUG main            d.u.i.k.p.i.AbstractProblemLoader Init config took 2.5s 
77632      INFO  main            d.u.i.k.p.i.AbstractProblemLoader Replaying proof mini.MiniExamples[mini.MiniExamples::secure_p1_5()].Non-interference contract.0 
77634      DEBUG main            d.u.i.k.p.i.IntermediateProofReplayer Proof replay took 15.1ns 
77635      DEBUG main            d.u.i.k.m.s.ProofScriptEngine 1: 'macro 'infflow-autopilot'' on goal 0 (script from line 51) 
77661      DEBUG main            d.u.i.k.p.m.ProofCorrectnessMgt No justification found for rule Class_invariant_axiom_for_mini_MiniExamples 
77882      INFO  main            d.u.i.k.p.r.p.TestFile    ... finished proof: closed. 
78094      INFO  main            d.u.i.k.p.r.p.TestFile    Now processing file /home/runner/work/key/key/key.core/../key.ui/examples/InformationFlow/MiniExamples/mini.MiniExamples(mini.MiniExamples__secure_p1_4()).Non-interference contract.0.m.key 
78094      INFO  main            d.u.i.k.p.i.AbstractProblemLoader Loading environment from /home/runner/work/key/key/key.core/../key.ui/examples/InformationFlow/MiniExamples/mini.MiniExamples(mini.MiniExamples__secure_p1_4()).Non-interference contract.0.m.key 
78094      DEBUG main            d.u.i.k.p.i.AbstractProblemLoader Environment load took 113.9ns 
78096      INFO  main            d.u.i.k.p.i.AbstractProblemLoader Creating init config 
80619      DEBUG main            d.u.i.k.p.i.AbstractProblemLoader Init config took 2.52s 
80653      INFO  main            d.u.i.k.p.i.AbstractProblemLoader Replaying proof mini.MiniExamples[mini.MiniExamples::secure_p1_4()].Non-interference contract.0 
80655      DEBUG main            d.u.i.k.p.i.IntermediateProofReplayer Proof replay took 27.8ns 
80656      DEBUG main            d.u.i.k.m.s.ProofScriptEngine 1: 'macro 'infflow-autopilot'' on goal 0 (script from line 51) 
80696      DEBUG main            d.u.i.k.p.m.ProofCorrectnessMgt No justification found for rule Class_invariant_axiom_for_mini_MiniExamples 
80873      INFO  main            d.u.i.k.p.r.p.TestFile    ... finished proof: closed. 
81076      INFO  main            d.u.i.k.p.r.p.TestFile    Now processing file /home/runner/work/key/key/key.core/../key.ui/examples/InformationFlow/MiniExamples/mini.MiniExamples(mini.MiniExamples__secure_p1_3()).Non-interference contract.0.m.key 
81076      INFO  main            d.u.i.k.p.i.AbstractProblemLoader Loading environment from /home/runner/work/key/key/key.core/../key.ui/examples/InformationFlow/MiniExamples/mini.MiniExamples(mini.MiniExamples__secure_p1_3()).Non-interference contract.0.m.key 
81076      DEBUG main            d.u.i.k.p.i.AbstractProblemLoader Environment load took 67.8ns 
81078      INFO  main            d.u.i.k.p.i.AbstractProblemLoader Creating init config 
83594      DEBUG main            d.u.i.k.p.i.AbstractProblemLoader Init config took 2.52s 
83628      INFO  main            d.u.i.k.p.i.AbstractProblemLoader Replaying proof mini.MiniExamples[mini.MiniExamples::secure_p1_3()].Non-interference contract.0 
83630      DEBUG main            d.u.i.k.p.i.IntermediateProofReplayer Proof replay took 15.5ns 
83630      DEBUG main            d.u.i.k.m.s.ProofScriptEngine 1: 'macro 'infflow-autopilot'' on goal 0 (script from line 51) 
83657      DEBUG main            d.u.i.k.p.m.ProofCorrectnessMgt No justification found for rule Class_invariant_axiom_for_mini_MiniExamples 
83746      INFO  main            d.u.i.k.p.r.p.TestFile    ... finished proof: closed. 
83947      INFO  main            d.u.i.k.p.r.p.TestFile    Now processing file /home/runner/work/key/key/key.core/../key.ui/examples/InformationFlow/MiniExamples/mini.MiniExamples(mini.MiniExamples__secure_p1_2()).Non-interference contract.0.m.key 
83947      INFO  main            d.u.i.k.p.i.AbstractProblemLoader Loading environment from /home/runner/work/key/key/key.core/../key.ui/examples/InformationFlow/MiniExamples/mini.MiniExamples(mini.MiniExamples__secure_p1_2()).Non-interference contract.0.m.key 
83947      DEBUG main            d.u.i.k.p.i.AbstractProblemLoader Environment load took 577.41ns 
83948      INFO  main            d.u.i.k.p.i.AbstractProblemLoader Creating init config 
86452      DEBUG main            d.u.i.k.p.i.AbstractProblemLoader Init config took 2.5s 
86485      INFO  main            d.u.i.k.p.i.AbstractProblemLoader Replaying proof mini.MiniExamples[mini.MiniExamples::secure_p1_2()].Non-interference contract.0 
86487      DEBUG main            d.u.i.k.p.i.IntermediateProofReplayer Proof replay took 29.9ns 
86488      DEBUG main            d.u.i.k.m.s.ProofScriptEngine 1: 'macro 'infflow-autopilot'' on goal 0 (script from line 51) 
86514      DEBUG main            d.u.i.k.p.m.ProofCorrectnessMgt No justification found for rule Class_invariant_axiom_for_mini_MiniExamples 
86701      INFO  main            d.u.i.k.p.r.p.TestFile    ... finished proof: closed. 
86911      INFO  main            d.u.i.k.p.r.p.TestFile    Now processing file /home/runner/work/key/key/key.core/../key.ui/examples/InformationFlow/MiniExamples/mini.MiniExamples(mini.MiniExamples__secure_p1_1()).Non-interference contract.1.m.key 
86912      INFO  main            d.u.i.k.p.i.AbstractProblemLoader Loading environment from /home/runner/work/key/key/key.core/../key.ui/examples/InformationFlow/MiniExamples/mini.MiniExamples(mini.MiniExamples__secure_p1_1()).Non-interference contract.1.m.key 
86912      DEBUG main            d.u.i.k.p.i.AbstractProblemLoader Environment load took 61.4ns 
86913      INFO  main            d.u.i.k.p.i.AbstractProblemLoader Creating init config 
89481      DEBUG main            d.u.i.k.p.i.AbstractProblemLoader Init config took 2.57s 
89514      INFO  main            d.u.i.k.p.i.AbstractProblemLoader Replaying proof mini.MiniExamples[mini.MiniExamples::secure_p1_1()].Non-interference contract.1 
89516      DEBUG main            d.u.i.k.p.i.IntermediateProofReplayer Proof replay took 15.7ns 
89517      DEBUG main            d.u.i.k.m.s.ProofScriptEngine 1: 'macro 'infflow-autopilot'' on goal 0 (script from line 51) 
89543      DEBUG main            d.u.i.k.p.m.ProofCorrectnessMgt No justification found for rule Class_invariant_axiom_for_mini_MiniExamples 
89677      INFO  main            d.u.i.k.p.r.p.TestFile    ... finished proof: closed. 
89912      INFO  main            d.u.i.k.p.r.p.TestFile    Now processing file /home/runner/work/key/key/key.core/../key.ui/examples/InformationFlow/MiniExamples/mini.MiniExamples(mini.MiniExamples__secure_p1_1()).Non-interference contract.0.m.key 
89912      INFO  main            d.u.i.k.p.i.AbstractProblemLoader Loading environment from /home/runner/work/key/key/key.core/../key.ui/examples/InformationFlow/MiniExamples/mini.MiniExamples(mini.MiniExamples__secure_p1_1()).Non-interference contract.0.m.key 
89912      DEBUG main            d.u.i.k.p.i.AbstractProblemLoader Environment load took 59.3ns 
89913      INFO  main            d.u.i.k.p.i.AbstractProblemLoader Creating init config 
92406      DEBUG main            d.u.i.k.p.i.AbstractProblemLoader Init config took 2.49s 
92451      INFO  main            d.u.i.k.p.i.AbstractProblemLoader Replaying proof mini.MiniExamples[mini.MiniExamples::secure_p1_1()].Non-interference contract.0 
92453      DEBUG main            d.u.i.k.p.i.IntermediateProofReplayer Proof replay took 14.8ns 
92454      DEBUG main            d.u.i.k.m.s.ProofScriptEngine 1: 'macro 'infflow-autopilot'' on goal 0 (script from line 51) 
92480      DEBUG main            d.u.i.k.p.m.ProofCorrectnessMgt No justification found for rule Class_invariant_axiom_for_mini_MiniExamples 
92616      INFO  main            d.u.i.k.p.r.p.TestFile    ... finished proof: closed. 
92899      INFO  main            d.u.i.k.p.r.p.TestFile    Now processing file /home/runner/work/key/key/key.core/../key.ui/examples/InformationFlow/MiniExamples/mini.MiniExamples(mini.MiniExamples__insecure_p1_2()).Non-interference contract.0.m.key 
92900      INFO  main            d.u.i.k.p.i.AbstractProblemLoader Loading environment from /home/runner/work/key/key/key.core/../key.ui/examples/InformationFlow/MiniExamples/mini.MiniExamples(mini.MiniExamples__insecure_p1_2()).Non-interference contract.0.m.key 
92900      DEBUG main            d.u.i.k.p.i.AbstractProblemLoader Environment load took 60.5ns 
92901      INFO  main            d.u.i.k.p.i.AbstractProblemLoader Creating init config 
95386      DEBUG main            d.u.i.k.p.i.AbstractProblemLoader Init config took 2.49s 
95429      INFO  main            d.u.i.k.p.i.AbstractProblemLoader Replaying proof mini.MiniExamples[mini.MiniExamples::insecure_p1_2()].Non-interference contract.0 
95430      DEBUG main            d.u.i.k.p.i.IntermediateProofReplayer Proof replay took 15.3ns 
95431      DEBUG main            d.u.i.k.m.s.ProofScriptEngine 1: 'macro 'infflow-autopilot'' on goal 0 (script from line 51) 
95457      DEBUG main            d.u.i.k.p.m.ProofCorrectnessMgt No justification found for rule Class_invariant_axiom_for_mini_MiniExamples 
95653      INFO  main            d.u.i.k.p.r.p.TestFile    ... finished proof: open goal(s) 
95881      INFO  main            d.u.i.k.p.r.p.TestFile    Now processing file /home/runner/work/key/key/key.core/../key.ui/examples/InformationFlow/MiniExamples/mini.MiniExamples(mini.MiniExamples__insecure_p1_1()).Non-interference contract.0.m.key 
95881      INFO  main            d.u.i.k.p.i.AbstractProblemLoader Loading environment from /home/runner/work/key/key/key.core/../key.ui/examples/InformationFlow/MiniExamples/mini.MiniExamples(mini.MiniExamples__insecure_p1_1()).Non-interference contract.0.m.key 
95881      DEBUG main            d.u.i.k.p.i.AbstractProblemLoader Environment load took 102.8ns 
95882      INFO  main            d.u.i.k.p.i.AbstractProblemLoader Creating init config 
98387      DEBUG main            d.u.i.k.p.i.AbstractProblemLoader Init config took 2.5s 
98420      INFO  main            d.u.i.k.p.i.AbstractProblemLoader Replaying proof mini.MiniExamples[mini.MiniExamples::insecure_p1_1()].Non-interference contract.0 
98423      DEBUG main            d.u.i.k.p.i.IntermediateProofReplayer Proof replay took 15.7ns 
98423      DEBUG main            d.u.i.k.m.s.ProofScriptEngine 1: 'macro 'infflow-autopilot'' on goal 0 (script from line 51) 
98450      DEBUG main            d.u.i.k.p.m.ProofCorrectnessMgt No justification found for rule Class_invariant_axiom_for_mini_MiniExamples 
98537      INFO  main            d.u.i.k.p.r.p.TestFile    ... finished proof: open goal(s) 
2395122    INFO  Test worker     d.u.i.k.p.r.RunAllProofsTestUnit Returning from test MiniExamples_fullmacro 
2395123    INFO  Test worker     d.u.i.k.p.r.RunAllProofsTestUnit Running test NewObjects_fullmacro 
363        INFO  Timeout watchdog d.u.i.k.p.r.p.ForkedTestFileRunner Timeout watcher launched (1000 secs.) 
388        WARN  main            d.u.i.k.s.ProofSettings   The settings in /home/runner/.key/proof-settings.props are *not* read. 
424        INFO  main            d.u.i.k.p.r.p.TestFile    Now processing file /home/runner/work/key/key/key.core/../key.ui/examples/InformationFlow/NewObjects/object.AmtoftBanerjee3(object.AmtoftBanerjee3__m()).Non-interference contract.0.m.key 
585        INFO  main            d.u.i.k.p.i.AbstractProblemLoader Loading environment from /home/runner/work/key/key/key.core/../key.ui/examples/InformationFlow/NewObjects/object.AmtoftBanerjee3(object.AmtoftBanerjee3__m()).Non-interference contract.0.m.key 
607        DEBUG main            d.u.i.k.p.i.AbstractProblemLoader Environment load took 2.15ms 
824        INFO  main            d.u.i.k.p.i.AbstractProblemLoader Creating init config 
1727       DEBUG main            d.u.i.k.j.TypeConverter   No LDT found for Meta 
1727       DEBUG main            d.u.i.k.j.TypeConverter   No LDT found for Meta 
1728       DEBUG main            d.u.i.k.j.TypeConverter   No LDT found for Meta 
1728       DEBUG main            d.u.i.k.j.TypeConverter   No LDT found for Meta 
2976       DEBUG main            d.u.i.k.j.TypeConverter   No LDT found for JavaBigintExpression 
5879       DEBUG main            d.u.i.k.j.r.ClassPreparationMethodBuilder clPrepBuilder: Inner Class detected. Reject building class initialisation methods. 
8493       DEBUG main            d.u.i.k.p.i.AbstractProblemLoader Init config took 7.67s 
8632       INFO  main            d.u.i.k.p.i.AbstractProblemLoader Replaying proof object.AmtoftBanerjee3[object.AmtoftBanerjee3::m()].Non-interference contract.0 
8727       DEBUG main            d.u.i.k.p.i.IntermediateProofReplayer Proof replay took 357ns 
8802       DEBUG main            d.u.i.k.m.s.ProofScriptEngine 1: 'macro 'infflow-autopilot'' on goal 0 (script from line 51) 
9139       DEBUG main            d.u.i.k.p.m.ProofCorrectnessMgt No justification found for rule Class_invariant_axiom_for_object_AmtoftBanerjee3 
9718       INFO  main            d.u.i.k.p.r.p.TestFile    ... finished proof: closed. 
9844       INFO  main            d.u.i.k.p.r.p.TestFile    Now processing file /home/runner/work/key/key/key.core/../key.ui/examples/InformationFlow/NewObjects/object.AmtoftBanerjee(object.AmtoftBanerjee__m_2()).Non-interference contract.0.m.key 
9844       INFO  main            d.u.i.k.p.i.AbstractProblemLoader Loading environment from /home/runner/work/key/key/key.core/../key.ui/examples/InformationFlow/NewObjects/object.AmtoftBanerjee(object.AmtoftBanerjee__m_2()).Non-interference contract.0.m.key 
9845       DEBUG main            d.u.i.k.p.i.AbstractProblemLoader Environment load took 119.8ns 
9848       INFO  main            d.u.i.k.p.i.AbstractProblemLoader Creating init config 
10915      DEBUG main            d.u.i.k.j.r.ClassPreparationMethodBuilder clPrepBuilder: Inner Class detected. Reject building class initialisation methods. 
12907      DEBUG main            d.u.i.k.p.i.AbstractProblemLoader Init config took 3.06s 
12980      INFO  main            d.u.i.k.p.i.AbstractProblemLoader Replaying proof object.AmtoftBanerjee[object.AmtoftBanerjee::m_2()].Non-interference contract.0 
12983      DEBUG main            d.u.i.k.p.i.IntermediateProofReplayer Proof replay took 11.8ns 
12984      DEBUG main            d.u.i.k.m.s.ProofScriptEngine 1: 'macro 'infflow-autopilot'' on goal 0 (script from line 51) 
13504      DEBUG main            d.u.i.k.p.m.ProofCorrectnessMgt No justification found for rule Class_invariant_axiom_for_object_AmtoftBanerjee 
13506      DEBUG main            d.u.i.k.p.m.ProofCorrectnessMgt No justification found for rule Class_invariant_axiom_for_object_AmtoftBanerjee 
13616      DEBUG main            d.u.i.k.p.m.ProofCorrectnessMgt No justification found for rule Class_invariant_axiom_for_object_AmtoftBanerjee 
14227      INFO  main            d.u.i.k.p.r.p.TestFile    ... finished proof: closed. 
14378      INFO  main            d.u.i.k.p.r.p.TestFile    Now processing file /home/runner/work/key/key/key.core/../key.ui/examples/InformationFlow/NewObjects/object.AmtoftBanerjee(object.AmtoftBanerjee__m_1()).Non-interference contract.1.m.key 
14378      INFO  main            d.u.i.k.p.i.AbstractProblemLoader Loading environment from /home/runner/work/key/key/key.core/../key.ui/examples/InformationFlow/NewObjects/object.AmtoftBanerjee(object.AmtoftBanerjee__m_1()).Non-interference contract.1.m.key 
14378      DEBUG main            d.u.i.k.p.i.AbstractProblemLoader Environment load took 77ns 
14380      INFO  main            d.u.i.k.p.i.AbstractProblemLoader Creating init config 
15360      DEBUG main            d.u.i.k.j.r.ClassPreparationMethodBuilder clPrepBuilder: Inner Class detected. Reject building class initialisation methods. 
17361      DEBUG main            d.u.i.k.p.i.AbstractProblemLoader Init config took 2.98s 
17416      INFO  main            d.u.i.k.p.i.AbstractProblemLoader Replaying proof object.AmtoftBanerjee[object.AmtoftBanerjee::m_1()].Non-interference contract.1 
17419      DEBUG main            d.u.i.k.p.i.IntermediateProofReplayer Proof replay took 10.3ns 
17420      DEBUG main            d.u.i.k.m.s.ProofScriptEngine 1: 'macro 'infflow-autopilot'' on goal 0 (script from line 51) 
17625      DEBUG main            d.u.i.k.p.m.ProofCorrectnessMgt No justification found for rule Class_invariant_axiom_for_object_AmtoftBanerjee 
17626      DEBUG main            d.u.i.k.p.m.ProofCorrectnessMgt No justification found for rule Class_invariant_axiom_for_object_AmtoftBanerjee 
17657      DEBUG main            d.u.i.k.p.m.ProofCorrectnessMgt No justification found for rule Class_invariant_axiom_for_object_AmtoftBanerjee 
17959      INFO  main            d.u.i.k.p.r.p.TestFile    ... finished proof: open goal(s) 
18084      INFO  main            d.u.i.k.p.r.p.TestFile    Now processing file /home/runner/work/key/key/key.core/../key.ui/examples/InformationFlow/NewObjects/object.AmtoftBanerjee(object.AmtoftBanerjee__m_1()).Non-interference contract.0.m.key 
18084      INFO  main            d.u.i.k.p.i.AbstractProblemLoader Loading environment from /home/runner/work/key/key/key.core/../key.ui/examples/InformationFlow/NewObjects/object.AmtoftBanerjee(object.AmtoftBanerjee__m_1()).Non-interference contract.0.m.key 
18084      DEBUG main            d.u.i.k.p.i.AbstractProblemLoader Environment load took 64ns 
18086      INFO  main            d.u.i.k.p.i.AbstractProblemLoader Creating init config 
19041      DEBUG main            d.u.i.k.j.r.ClassPreparationMethodBuilder clPrepBuilder: Inner Class detected. Reject building class initialisation methods. 
20997      DEBUG main            d.u.i.k.p.i.AbstractProblemLoader Init config took 2.91s 
21047      INFO  main            d.u.i.k.p.i.AbstractProblemLoader Replaying proof object.AmtoftBanerjee[object.AmtoftBanerjee::m_1()].Non-interference contract.0 
21050      DEBUG main            d.u.i.k.p.i.IntermediateProofReplayer Proof replay took 12.8ns 
21051      DEBUG main            d.u.i.k.m.s.ProofScriptEngine 1: 'macro 'infflow-autopilot'' on goal 0 (script from line 51) 
21245      DEBUG main            d.u.i.k.p.m.ProofCorrectnessMgt No justification found for rule Class_invariant_axiom_for_object_AmtoftBanerjee 
21246      DEBUG main            d.u.i.k.p.m.ProofCorrectnessMgt No justification found for rule Class_invariant_axiom_for_object_AmtoftBanerjee 
21274      DEBUG main            d.u.i.k.p.m.ProofCorrectnessMgt No justification found for rule Class_invariant_axiom_for_object_AmtoftBanerjee 
21471      INFO  main            d.u.i.k.p.r.p.TestFile    ... finished proof: closed. 
21640      INFO  main            d.u.i.k.p.r.p.TestFile    Now processing file /home/runner/work/key/key/key.core/../key.ui/examples/InformationFlow/NewObjects/object.AmtoftBanerjee(object.AmtoftBanerjee__getQ()).Non-interference contract.0.m.key 
21640      INFO  main            d.u.i.k.p.i.AbstractProblemLoader Loading environment from /home/runner/work/key/key/key.core/../key.ui/examples/InformationFlow/NewObjects/object.AmtoftBanerjee(object.AmtoftBanerjee__getQ()).Non-interference contract.0.m.key 
21640      DEBUG main            d.u.i.k.p.i.AbstractProblemLoader Environment load took 66.2ns 
21642      INFO  main            d.u.i.k.p.i.AbstractProblemLoader Creating init config 
22559      DEBUG main            d.u.i.k.j.r.ClassPreparationMethodBuilder clPrepBuilder: Inner Class detected. Reject building class initialisation methods. 
24448      DEBUG main            d.u.i.k.p.i.AbstractProblemLoader Init config took 2.81s 
24496      INFO  main            d.u.i.k.p.i.AbstractProblemLoader Replaying proof object.AmtoftBanerjee[object.AmtoftBanerjee::getQ()].Non-interference contract.0 
24499      DEBUG main            d.u.i.k.p.i.IntermediateProofReplayer Proof replay took 25.6ns 
24499      DEBUG main            d.u.i.k.m.s.ProofScriptEngine 1: 'macro 'infflow-autopilot'' on goal 0 (script from line 51) 
24538      DEBUG main            d.u.i.k.p.m.ProofCorrectnessMgt No justification found for rule Class_invariant_axiom_for_object_AmtoftBanerjee 
24619      INFO  main            d.u.i.k.p.r.p.TestFile    ... finished proof: closed. 
24768      INFO  main            d.u.i.k.p.r.p.TestFile    Now processing file /home/runner/work/key/key/key.core/../key.ui/examples/InformationFlow/NewObjects/object.Naumann(object.Naumann__Pair_m(int,int)).Non-interference contract.0.m.key 
24768      INFO  main            d.u.i.k.p.i.AbstractProblemLoader Loading environment from /home/runner/work/key/key/key.core/../key.ui/examples/InformationFlow/NewObjects/object.Naumann(object.Naumann__Pair_m(int,int)).Non-interference contract.0.m.key 
24768      DEBUG main            d.u.i.k.p.i.AbstractProblemLoader Environment load took 90ns 
24769      INFO  main            d.u.i.k.p.i.AbstractProblemLoader Creating init config 
25669      DEBUG main            d.u.i.k.j.r.ClassPreparationMethodBuilder clPrepBuilder: Inner Class detected. Reject building class initialisation methods. 
27621      DEBUG main            d.u.i.k.p.i.AbstractProblemLoader Init config took 2.85s 
27670      INFO  main            d.u.i.k.p.i.AbstractProblemLoader Replaying proof object.Naumann[object.Naumann::Pair_m(int,int)].Non-interference contract.0 
27672      DEBUG main            d.u.i.k.p.i.IntermediateProofReplayer Proof replay took 12.7ns 
27673      DEBUG main            d.u.i.k.m.s.ProofScriptEngine 1: 'macro 'infflow-autopilot'' on goal 0 (script from line 51) 
39186      INFO  main            d.u.i.k.p.r.p.TestFile    ... finished proof: closed. 
39420      INFO  main            d.u.i.k.p.r.p.TestFile    Now processing file /home/runner/work/key/key/key.core/../key.ui/examples/InformationFlow/NewObjects/object.ObjectOrientation(object.ObjectOrientation__secure_while_i((Ljava.lang.Object)).Non-interference contract.0.m.key 
39421      INFO  main            d.u.i.k.p.i.AbstractProblemLoader Loading environment from /home/runner/work/key/key/key.core/../key.ui/examples/InformationFlow/NewObjects/object.ObjectOrientation(object.ObjectOrientation__secure_while_i((Ljava.lang.Object)).Non-interference contract.0.m.key 
39421      DEBUG main            d.u.i.k.p.i.AbstractProblemLoader Environment load took 95ns 
39422      INFO  main            d.u.i.k.p.i.AbstractProblemLoader Creating init config 
40314      DEBUG main            d.u.i.k.j.r.ClassPreparationMethodBuilder clPrepBuilder: Inner Class detected. Reject building class initialisation methods. 
42168      DEBUG main            d.u.i.k.p.i.AbstractProblemLoader Init config took 2.75s 
42237      INFO  main            d.u.i.k.p.i.AbstractProblemLoader Replaying proof object.ObjectOrientation[object.ObjectOrientation::secure_while_i([Ljava.lang.Object)].Non-interference contract.0 
42241      DEBUG main            d.u.i.k.p.i.IntermediateProofReplayer Proof replay took 15.4ns 
42241      DEBUG main            d.u.i.k.m.s.ProofScriptEngine 1: 'macro 'infflow-autopilot'' on goal 0 (script from line 51) 
42295      DEBUG main            d.u.i.k.p.m.ProofCorrectnessMgt No justification found for rule Class_invariant_axiom_for_object_ObjectOrientation 
48287      INFO  main            d.u.i.k.p.r.p.TestFile    ... finished proof: closed. 
48704      INFO  main            d.u.i.k.p.r.p.TestFile    Now processing file /home/runner/work/key/key/key.core/../key.ui/examples/InformationFlow/NewObjects/object.ObjectOrientation(object.ObjectOrientation__secure_method_call()).Non-interference contract.0.m.key 
48704      INFO  main            d.u.i.k.p.i.AbstractProblemLoader Loading environment from /home/runner/work/key/key/key.core/../key.ui/examples/InformationFlow/NewObjects/object.ObjectOrientation(object.ObjectOrientation__secure_method_call()).Non-interference contract.0.m.key 
48704      DEBUG main            d.u.i.k.p.i.AbstractProblemLoader Environment load took 67.1ns 
48705      INFO  main            d.u.i.k.p.i.AbstractProblemLoader Creating init config 
49621      DEBUG main            d.u.i.k.j.r.ClassPreparationMethodBuilder clPrepBuilder: Inner Class detected. Reject building class initialisation methods. 
51455      DEBUG main            d.u.i.k.p.i.AbstractProblemLoader Init config took 2.75s 
51499      INFO  main            d.u.i.k.p.i.AbstractProblemLoader Replaying proof object.ObjectOrientation[object.ObjectOrientation::secure_method_call()].Non-interference contract.0 
51502      DEBUG main            d.u.i.k.p.i.IntermediateProofReplayer Proof replay took 12ns 
51502      DEBUG main            d.u.i.k.m.s.ProofScriptEngine 1: 'macro 'infflow-autopilot'' on goal 0 (script from line 51) 
51546      DEBUG main            d.u.i.k.p.m.ProofCorrectnessMgt No justification found for rule Class_invariant_axiom_for_object_ObjectOrientation 
51580      DEBUG main            d.u.i.k.p.m.ProofCorrectnessMgt No justification found for rule Class_invariant_axiom_for_object_ObjectOrientation 
51602      DEBUG main            d.u.i.k.p.m.ProofCorrectnessMgt No justification found for rule Class_invariant_axiom_for_object_ObjectOrientation 
51647      DEBUG main            d.u.i.k.p.m.ProofCorrectnessMgt No justification found for rule Class_invariant_axiom_for_object_ObjectOrientation 
51964      INFO  main            d.u.i.k.p.r.p.TestFile    ... finished proof: closed. 
52151      INFO  main            d.u.i.k.p.r.p.TestFile    Now processing file /home/runner/work/key/key/key.core/../key.ui/examples/InformationFlow/NewObjects/object.ObjectOrientation(object.ObjectOrientation__if_two_object_creation_next()).Non-interference contract.1.m.key 
52151      INFO  main            d.u.i.k.p.i.AbstractProblemLoader Loading environment from /home/runner/work/key/key/key.core/../key.ui/examples/InformationFlow/NewObjects/object.ObjectOrientation(object.ObjectOrientation__if_two_object_creation_next()).Non-interference contract.1.m.key 
52151      DEBUG main            d.u.i.k.p.i.AbstractProblemLoader Environment load took 79.5ns 
52152      INFO  main            d.u.i.k.p.i.AbstractProblemLoader Creating init config 
53017      DEBUG main            d.u.i.k.j.r.ClassPreparationMethodBuilder clPrepBuilder: Inner Class detected. Reject building class initialisation methods. 
54912      DEBUG main            d.u.i.k.p.i.AbstractProblemLoader Init config took 2.76s 
54953      INFO  main            d.u.i.k.p.i.AbstractProblemLoader Replaying proof object.ObjectOrientation[object.ObjectOrientation::if_two_object_creation_next()].Non-interference contract.1 
54956      DEBUG main            d.u.i.k.p.i.IntermediateProofReplayer Proof replay took 12.7ns 
54956      DEBUG main            d.u.i.k.m.s.ProofScriptEngine 1: 'macro 'infflow-autopilot'' on goal 0 (script from line 51) 
54986      DEBUG main            d.u.i.k.p.m.ProofCorrectnessMgt No justification found for rule Class_invariant_axiom_for_object_ObjectOrientation 
85664      INFO  main            d.u.i.k.p.r.p.TestFile    ... finished proof: open goal(s) 
85905      INFO  main            d.u.i.k.p.r.p.TestFile    Now processing file /home/runner/work/key/key/key.core/../key.ui/examples/InformationFlow/NewObjects/object.ObjectOrientation(object.ObjectOrientation__if_two_object_creation_next()).Non-interference contract.0.m.key 
85905      INFO  main            d.u.i.k.p.i.AbstractProblemLoader Loading environment from /home/runner/work/key/key/key.core/../key.ui/examples/InformationFlow/NewObjects/object.ObjectOrientation(object.ObjectOrientation__if_two_object_creation_next()).Non-interference contract.0.m.key 
85905      DEBUG main            d.u.i.k.p.i.AbstractProblemLoader Environment load took 68.4ns 
85906      INFO  main            d.u.i.k.p.i.AbstractProblemLoader Creating init config 
86755      DEBUG main            d.u.i.k.j.r.ClassPreparationMethodBuilder clPrepBuilder: Inner Class detected. Reject building class initialisation methods. 
88658      DEBUG main            d.u.i.k.p.i.AbstractProblemLoader Init config took 2.75s 
88699      INFO  main            d.u.i.k.p.i.AbstractProblemLoader Replaying proof object.ObjectOrientation[object.ObjectOrientation::if_two_object_creation_next()].Non-interference contract.0 
88701      DEBUG main            d.u.i.k.p.i.IntermediateProofReplayer Proof replay took 24.4ns 
88702      DEBUG main            d.u.i.k.m.s.ProofScriptEngine 1: 'macro 'infflow-autopilot'' on goal 0 (script from line 51) 
88730      DEBUG main            d.u.i.k.p.m.ProofCorrectnessMgt No justification found for rule Class_invariant_axiom_for_object_ObjectOrientation 
101549     INFO  main            d.u.i.k.p.r.p.TestFile    ... finished proof: closed. 
101871     INFO  main            d.u.i.k.p.r.p.TestFile    Now processing file /home/runner/work/key/key/key.core/../key.ui/examples/InformationFlow/NewObjects/object.ObjectOrientation(object.ObjectOrientation__secure_if_two_object_creation()).Non-interference contract.0.m.key 
101871     INFO  main            d.u.i.k.p.i.AbstractProblemLoader Loading environment from /home/runner/work/key/key/key.core/../key.ui/examples/InformationFlow/NewObjects/object.ObjectOrientation(object.ObjectOrientation__secure_if_two_object_creation()).Non-interference contract.0.m.key 
101871     DEBUG main            d.u.i.k.p.i.AbstractProblemLoader Environment load took 117.6ns 
101872     INFO  main            d.u.i.k.p.i.AbstractProblemLoader Creating init config 
102731     DEBUG main            d.u.i.k.j.r.ClassPreparationMethodBuilder clPrepBuilder: Inner Class detected. Reject building class initialisation methods. 
104564     DEBUG main            d.u.i.k.p.i.AbstractProblemLoader Init config took 2.69s 
104615     INFO  main            d.u.i.k.p.i.AbstractProblemLoader Replaying proof object.ObjectOrientation[object.ObjectOrientation::secure_if_two_object_creation()].Non-interference contract.0 
104618     DEBUG main            d.u.i.k.p.i.IntermediateProofReplayer Proof replay took 14.7ns 
104618     DEBUG main            d.u.i.k.m.s.ProofScriptEngine 1: 'macro 'infflow-autopilot'' on goal 0 (script from line 51) 
104648     DEBUG main            d.u.i.k.p.m.ProofCorrectnessMgt No justification found for rule Class_invariant_axiom_for_object_ObjectOrientation 
117252     INFO  main            d.u.i.k.p.r.p.TestFile    ... finished proof: closed. 
117511     INFO  main            d.u.i.k.p.r.p.TestFile    Now processing file /home/runner/work/key/key/key.core/../key.ui/examples/InformationFlow/NewObjects/object.ObjectOrientation(object.ObjectOrientation__insecure_two_object_creation()).Non-interference contract.0.m.key 
117511     INFO  main            d.u.i.k.p.i.AbstractProblemLoader Loading environment from /home/runner/work/key/key/key.core/../key.ui/examples/InformationFlow/NewObjects/object.ObjectOrientation(object.ObjectOrientation__insecure_two_object_creation()).Non-interference contract.0.m.key 
117512     DEBUG main            d.u.i.k.p.i.AbstractProblemLoader Environment load took 63.2ns 
117512     INFO  main            d.u.i.k.p.i.AbstractProblemLoader Creating init config 
118372     DEBUG main            d.u.i.k.j.r.ClassPreparationMethodBuilder clPrepBuilder: Inner Class detected. Reject building class initialisation methods. 
120221     DEBUG main            d.u.i.k.p.i.AbstractProblemLoader Init config took 2.71s 
120274     INFO  main            d.u.i.k.p.i.AbstractProblemLoader Replaying proof object.ObjectOrientation[object.ObjectOrientation::insecure_two_object_creation()].Non-interference contract.0 
120277     DEBUG main            d.u.i.k.p.i.IntermediateProofReplayer Proof replay took 14.7ns 
120277     DEBUG main            d.u.i.k.m.s.ProofScriptEngine 1: 'macro 'infflow-autopilot'' on goal 0 (script from line 51) 
120322     DEBUG main            d.u.i.k.p.m.ProofCorrectnessMgt No justification found for rule Class_invariant_axiom_for_object_ObjectOrientation 
150424     INFO  main            d.u.i.k.p.r.p.TestFile    ... finished proof: open goal(s) 
150707     INFO  main            d.u.i.k.p.r.p.TestFile    Now processing file /home/runner/work/key/key/key.core/../key.ui/examples/InformationFlow/NewObjects/object.ObjectOrientation(object.ObjectOrientation__secure_two_object_creation()).Non-interference contract.0.m.key 
150707     INFO  main            d.u.i.k.p.i.AbstractProblemLoader Loading environment from /home/runner/work/key/key/key.core/../key.ui/examples/InformationFlow/NewObjects/object.ObjectOrientation(object.ObjectOrientation__secure_two_object_creation()).Non-interference contract.0.m.key 
150707     DEBUG main            d.u.i.k.p.i.AbstractProblemLoader Environment load took 81.9ns 
150708     INFO  main            d.u.i.k.p.i.AbstractProblemLoader Creating init config 
151548     DEBUG main            d.u.i.k.j.r.ClassPreparationMethodBuilder clPrepBuilder: Inner Class detected. Reject building class initialisation methods. 
153387     DEBUG main            d.u.i.k.p.i.AbstractProblemLoader Init config took 2.68s 
153424     INFO  main            d.u.i.k.p.i.AbstractProblemLoader Replaying proof object.ObjectOrientation[object.ObjectOrientation::secure_two_object_creation()].Non-interference contract.0 
153426     DEBUG main            d.u.i.k.p.i.IntermediateProofReplayer Proof replay took 12.6ns 
153427     DEBUG main            d.u.i.k.m.s.ProofScriptEngine 1: 'macro 'infflow-autopilot'' on goal 0 (script from line 51) 
153453     DEBUG main            d.u.i.k.p.m.ProofCorrectnessMgt No justification found for rule Class_invariant_axiom_for_object_ObjectOrientation 
163605     INFO  main            d.u.i.k.p.r.p.TestFile    ... finished proof: closed. 
163908     INFO  main            d.u.i.k.p.r.p.TestFile    Now processing file /home/runner/work/key/key/key.core/../key.ui/examples/InformationFlow/NewObjects/object.ObjectOrientation(object.ObjectOrientation__insecure_object_assignment()).Non-interference contract.1.m.key 
163908     INFO  main            d.u.i.k.p.i.AbstractProblemLoader Loading environment from /home/runner/work/key/key/key.core/../key.ui/examples/InformationFlow/NewObjects/object.ObjectOrientation(object.ObjectOrientation__insecure_object_assignment()).Non-interference contract.1.m.key 
163909     DEBUG main            d.u.i.k.p.i.AbstractProblemLoader Environment load took 497.61ns 
163910     INFO  main            d.u.i.k.p.i.AbstractProblemLoader Creating init config 
164758     DEBUG main            d.u.i.k.j.r.ClassPreparationMethodBuilder clPrepBuilder: Inner Class detected. Reject building class initialisation methods. 
166577     DEBUG main            d.u.i.k.p.i.AbstractProblemLoader Init config took 2.67s 
166614     INFO  main            d.u.i.k.p.i.AbstractProblemLoader Replaying proof object.ObjectOrientation[object.ObjectOrientation::insecure_object_assignment()].Non-interference contract.1 
166616     DEBUG main            d.u.i.k.p.i.IntermediateProofReplayer Proof replay took 12.5ns 
166617     DEBUG main            d.u.i.k.m.s.ProofScriptEngine 1: 'macro 'infflow-autopilot'' on goal 0 (script from line 51) 
166658     DEBUG main            d.u.i.k.p.m.ProofCorrectnessMgt No justification found for rule Class_invariant_axiom_for_object_ObjectOrientation 
175481     INFO  main            d.u.i.k.p.r.p.TestFile    ... finished proof: open goal(s) 
175690     INFO  main            d.u.i.k.p.r.p.TestFile    Now processing file /home/runner/work/key/key/key.core/../key.ui/examples/InformationFlow/NewObjects/object.ObjectOrientation(object.ObjectOrientation__insecure_object_assignment()).Non-interference contract.0.m.key 
175691     INFO  main            d.u.i.k.p.i.AbstractProblemLoader Loading environment from /home/runner/work/key/key/key.core/../key.ui/examples/InformationFlow/NewObjects/object.ObjectOrientation(object.ObjectOrientation__insecure_object_assignment()).Non-interference contract.0.m.key 
175691     DEBUG main            d.u.i.k.p.i.AbstractProblemLoader Environment load took 71.2ns 
175692     INFO  main            d.u.i.k.p.i.AbstractProblemLoader Creating init config 
176545     DEBUG main            d.u.i.k.j.r.ClassPreparationMethodBuilder clPrepBuilder: Inner Class detected. Reject building class initialisation methods. 
178375     DEBUG main            d.u.i.k.p.i.AbstractProblemLoader Init config took 2.68s 
178412     INFO  main            d.u.i.k.p.i.AbstractProblemLoader Replaying proof object.ObjectOrientation[object.ObjectOrientation::insecure_object_assignment()].Non-interference contract.0 
178414     DEBUG main            d.u.i.k.p.i.IntermediateProofReplayer Proof replay took 15.6ns 
178415     DEBUG main            d.u.i.k.m.s.ProofScriptEngine 1: 'macro 'infflow-autopilot'' on goal 0 (script from line 51) 
178442     DEBUG main            d.u.i.k.p.m.ProofCorrectnessMgt No justification found for rule Class_invariant_axiom_for_object_ObjectOrientation 
178655     INFO  main            d.u.i.k.p.r.p.TestFile    ... finished proof: open goal(s) 
178860     INFO  main            d.u.i.k.p.r.p.TestFile    Now processing file /home/runner/work/key/key/key.core/../key.ui/examples/InformationFlow/NewObjects/object.ObjectOrientation(object.ObjectOrientation__secure_object_creation_3()).Non-interference contract.0.m.key 
178860     INFO  main            d.u.i.k.p.i.AbstractProblemLoader Loading environment from /home/runner/work/key/key/key.core/../key.ui/examples/InformationFlow/NewObjects/object.ObjectOrientation(object.ObjectOrientation__secure_object_creation_3()).Non-interference contract.0.m.key 
178860     DEBUG main            d.u.i.k.p.i.AbstractProblemLoader Environment load took 67.3ns 
178864     INFO  main            d.u.i.k.p.i.AbstractProblemLoader Creating init config 
179716     DEBUG main            d.u.i.k.j.r.ClassPreparationMethodBuilder clPrepBuilder: Inner Class detected. Reject building class initialisation methods. 
181555     DEBUG main            d.u.i.k.p.i.AbstractProblemLoader Init config took 2.69s 
181592     INFO  main            d.u.i.k.p.i.AbstractProblemLoader Replaying proof object.ObjectOrientation[object.ObjectOrientation::secure_object_creation_3()].Non-interference contract.0 
181594     DEBUG main            d.u.i.k.p.i.IntermediateProofReplayer Proof replay took 12.7ns 
181594     DEBUG main            d.u.i.k.m.s.ProofScriptEngine 1: 'macro 'infflow-autopilot'' on goal 0 (script from line 51) 
181621     DEBUG main            d.u.i.k.p.m.ProofCorrectnessMgt No justification found for rule Class_invariant_axiom_for_object_ObjectOrientation 
182032     INFO  main            d.u.i.k.p.r.p.TestFile    ... finished proof: closed. 
182235     INFO  main            d.u.i.k.p.r.p.TestFile    Now processing file /home/runner/work/key/key/key.core/../key.ui/examples/InformationFlow/NewObjects/object.ObjectOrientation(object.ObjectOrientation__secure_object_creation_2()).Non-interference contract.0.m.key 
182236     INFO  main            d.u.i.k.p.i.AbstractProblemLoader Loading environment from /home/runner/work/key/key/key.core/../key.ui/examples/InformationFlow/NewObjects/object.ObjectOrientation(object.ObjectOrientation__secure_object_creation_2()).Non-interference contract.0.m.key 
182236     DEBUG main            d.u.i.k.p.i.AbstractProblemLoader Environment load took 71.3ns 
182237     INFO  main            d.u.i.k.p.i.AbstractProblemLoader Creating init config 
183079     DEBUG main            d.u.i.k.j.r.ClassPreparationMethodBuilder clPrepBuilder: Inner Class detected. Reject building class initialisation methods. 
184929     DEBUG main            d.u.i.k.p.i.AbstractProblemLoader Init config took 2.69s 
184966     INFO  main            d.u.i.k.p.i.AbstractProblemLoader Replaying proof object.ObjectOrientation[object.ObjectOrientation::secure_object_creation_2()].Non-interference contract.0 
184968     DEBUG main            d.u.i.k.p.i.IntermediateProofReplayer Proof replay took 13.3ns 
184969     DEBUG main            d.u.i.k.m.s.ProofScriptEngine 1: 'macro 'infflow-autopilot'' on goal 0 (script from line 51) 
184996     DEBUG main            d.u.i.k.p.m.ProofCorrectnessMgt No justification found for rule Class_invariant_axiom_for_object_ObjectOrientation 
185283     INFO  main            d.u.i.k.p.r.p.TestFile    ... finished proof: closed. 
185476     INFO  main            d.u.i.k.p.r.p.TestFile    Now processing file /home/runner/work/key/key/key.core/../key.ui/examples/InformationFlow/NewObjects/object.ObjectOrientation(object.ObjectOrientation__secure_object_creation()).Non-interference contract.0.m.key 
185476     INFO  main            d.u.i.k.p.i.AbstractProblemLoader Loading environment from /home/runner/work/key/key/key.core/../key.ui/examples/InformationFlow/NewObjects/object.ObjectOrientation(object.ObjectOrientation__secure_object_creation()).Non-interference contract.0.m.key 
185476     DEBUG main            d.u.i.k.p.i.AbstractProblemLoader Environment load took 104.8ns 
185477     INFO  main            d.u.i.k.p.i.AbstractProblemLoader Creating init config 
186316     DEBUG main            d.u.i.k.j.r.ClassPreparationMethodBuilder clPrepBuilder: Inner Class detected. Reject building class initialisation methods. 
188166     DEBUG main            d.u.i.k.p.i.AbstractProblemLoader Init config took 2.69s 
188202     INFO  main            d.u.i.k.p.i.AbstractProblemLoader Replaying proof object.ObjectOrientation[object.ObjectOrientation::secure_object_creation()].Non-interference contract.0 
188204     DEBUG main            d.u.i.k.p.i.IntermediateProofReplayer Proof replay took 15.3ns 
188205     DEBUG main            d.u.i.k.m.s.ProofScriptEngine 1: 'macro 'infflow-autopilot'' on goal 0 (script from line 51) 
188232     DEBUG main            d.u.i.k.p.m.ProofCorrectnessMgt No justification found for rule Class_invariant_axiom_for_object_ObjectOrientation 
188595     INFO  main            d.u.i.k.p.r.p.TestFile    ... finished proof: closed. 
188794     INFO  main            d.u.i.k.p.r.p.TestFile    Now processing file /home/runner/work/key/key/key.core/../key.ui/examples/InformationFlow/NewObjects/object.AmtoftBanerjee2(object.AmtoftBanerjee2__expensive(int)).Non-interference contract.0.m.key 
188794     INFO  main            d.u.i.k.p.i.AbstractProblemLoader Loading environment from /home/runner/work/key/key/key.core/../key.ui/examples/InformationFlow/NewObjects/object.AmtoftBanerjee2(object.AmtoftBanerjee2__expensive(int)).Non-interference contract.0.m.key 
188794     DEBUG main            d.u.i.k.p.i.AbstractProblemLoader Environment load took 65.6ns 
188795     INFO  main            d.u.i.k.p.i.AbstractProblemLoader Creating init config 
189642     DEBUG main            d.u.i.k.j.r.ClassPreparationMethodBuilder clPrepBuilder: Inner Class detected. Reject building class initialisation methods. 
191516     DEBUG main            d.u.i.k.p.i.AbstractProblemLoader Init config took 2.72s 
191555     INFO  main            d.u.i.k.p.i.AbstractProblemLoader Replaying proof object.AmtoftBanerjee2[object.AmtoftBanerjee2::expensive(int)].Non-interference contract.0 
191557     DEBUG main            d.u.i.k.p.i.IntermediateProofReplayer Proof replay took 13.6ns 
191558     DEBUG main            d.u.i.k.m.s.ProofScriptEngine 1: 'macro 'infflow-autopilot'' on goal 0 (script from line 51) 
191641     INFO  main            d.u.i.k.p.r.p.TestFile    ... finished proof: closed. 
191835     INFO  main            d.u.i.k.p.r.p.TestFile    Now processing file /home/runner/work/key/key/key.core/../key.ui/examples/InformationFlow/NewObjects/object.AmtoftBanerjee2(object.AmtoftBanerjee2__cexp(int)).Non-interference contract.0.m.key 
191837     INFO  main            d.u.i.k.p.i.AbstractProblemLoader Loading environment from /home/runner/work/key/key/key.core/../key.ui/examples/InformationFlow/NewObjects/object.AmtoftBanerjee2(object.AmtoftBanerjee2__cexp(int)).Non-interference contract.0.m.key 
191837     DEBUG main            d.u.i.k.p.i.AbstractProblemLoader Environment load took 109.6ns 
191838     INFO  main            d.u.i.k.p.i.AbstractProblemLoader Creating init config 
192682     DEBUG main            d.u.i.k.j.r.ClassPreparationMethodBuilder clPrepBuilder: Inner Class detected. Reject building class initialisation methods. 
194531     DEBUG main            d.u.i.k.p.i.AbstractProblemLoader Init config took 2.69s 
194568     INFO  main            d.u.i.k.p.i.AbstractProblemLoader Replaying proof object.AmtoftBanerjee2[object.AmtoftBanerjee2::cexp(int)].Non-interference contract.0 
194571     DEBUG main            d.u.i.k.p.i.IntermediateProofReplayer Proof replay took 15.5ns 
194572     DEBUG main            d.u.i.k.m.s.ProofScriptEngine 1: 'macro 'infflow-autopilot'' on goal 0 (script from line 51) 
194616     DEBUG main            d.u.i.k.p.m.ProofCorrectnessMgt No justification found for rule Class_invariant_axiom_for_object_AmtoftBanerjee2 
196075     INFO  main            d.u.i.k.p.r.p.TestFile    ... finished proof: closed. 
2591592    INFO  Test worker     d.u.i.k.p.r.RunAllProofsTestUnit Returning from test NewObjects_fullmacro 
2591592    INFO  Test worker     d.u.i.k.p.r.RunAllProofsTestUnit Running test SimpleEvoting_fullmacro 
301        INFO  Timeout watchdog d.u.i.k.p.r.p.ForkedTestFileRunner Timeout watcher launched (1000 secs.) 
312        WARN  main            d.u.i.k.s.ProofSettings   The settings in /home/runner/.key/proof-settings.props are *not* read. 
337        INFO  main            d.u.i.k.p.r.p.TestFile    Now processing file /home/runner/work/key/key/key.core/../key.ui/examples/InformationFlow/SimpleEvoting/simple_evoting.Environment(simple_evoting.Environment__untrustedOutputMessage((B)).Non-interference contract.0.m.key 
454        INFO  main            d.u.i.k.p.i.AbstractProblemLoader Loading environment from /home/runner/work/key/key/key.core/../key.ui/examples/InformationFlow/SimpleEvoting/simple_evoting.Environment(simple_evoting.Environment__untrustedOutputMessage((B)).Non-interference contract.0.m.key 
482        DEBUG main            d.u.i.k.p.i.AbstractProblemLoader Environment load took 2.94ms 
709        INFO  main            d.u.i.k.p.i.AbstractProblemLoader Creating init config 
1516       DEBUG main            d.u.i.k.j.TypeConverter   No LDT found for Meta 
1516       DEBUG main            d.u.i.k.j.TypeConverter   No LDT found for Meta 
1518       DEBUG main            d.u.i.k.j.TypeConverter   No LDT found for Meta 
1518       DEBUG main            d.u.i.k.j.TypeConverter   No LDT found for Meta 
2824       DEBUG main            d.u.i.k.j.TypeConverter   No LDT found for JavaBigintExpression 
8529       DEBUG main            d.u.i.k.p.i.AbstractProblemLoader Init config took 7.82s 
8736       INFO  main            d.u.i.k.p.i.AbstractProblemLoader Replaying proof simple_evoting.Environment[simple_evoting.Environment::untrustedOutputMessage([B)].Non-interference contract.0 
8830       DEBUG main            d.u.i.k.p.i.IntermediateProofReplayer Proof replay took 337.2ns 
8913       DEBUG main            d.u.i.k.m.s.ProofScriptEngine 1: 'macro 'infflow-autopilot'' on goal 0 (script from line 51) 
9447       DEBUG main            d.u.i.k.p.m.ProofCorrectnessMgt No justification found for rule JML_represents_clause_for_simple_evoting_Environment_rep 
9664       DEBUG main            d.u.i.k.p.m.ProofCorrectnessMgt No justification found for rule JML_represents_clause_for_simple_evoting_Environment_rep 
10749      DEBUG main            d.u.i.k.p.m.ProofCorrectnessMgt No justification found for rule JML_represents_clause_for_simple_evoting_Environment_rep 
11312      DEBUG main            d.u.i.k.p.m.ProofCorrectnessMgt No justification found for rule JML_represents_clause_for_simple_evoting_Environment_rep 
12614      DEBUG main            d.u.i.k.p.m.ProofCorrectnessMgt No justification found for rule JML_represents_clause_for_simple_evoting_Environment_rep 
14686      INFO  main            d.u.i.k.p.r.p.TestFile    ... finished proof: closed. 
14874      INFO  main            d.u.i.k.p.r.p.TestFile    Now processing file /home/runner/work/key/key/key.core/../key.ui/examples/InformationFlow/SimpleEvoting/simple_evoting.Environment(simple_evoting.Environment__untrustedInputMessage()).Non-interference contract.0.m.key 
14874      INFO  main            d.u.i.k.p.i.AbstractProblemLoader Loading environment from /home/runner/work/key/key/key.core/../key.ui/examples/InformationFlow/SimpleEvoting/simple_evoting.Environment(simple_evoting.Environment__untrustedInputMessage()).Non-interference contract.0.m.key 
14874      DEBUG main            d.u.i.k.p.i.AbstractProblemLoader Environment load took 115.2ns 
14876      INFO  main            d.u.i.k.p.i.AbstractProblemLoader Creating init config 
18480      DEBUG main            d.u.i.k.p.i.AbstractProblemLoader Init config took 3.6s 
18549      INFO  main            d.u.i.k.p.i.AbstractProblemLoader Replaying proof simple_evoting.Environment[simple_evoting.Environment::untrustedInputMessage()].Non-interference contract.0 
18552      DEBUG main            d.u.i.k.p.i.IntermediateProofReplayer Proof replay took 12.5ns 
18553      DEBUG main            d.u.i.k.m.s.ProofScriptEngine 1: 'macro 'infflow-autopilot'' on goal 0 (script from line 51) 
18618      DEBUG main            d.u.i.k.p.m.ProofCorrectnessMgt No justification found for rule JML_represents_clause_for_simple_evoting_Environment_rep 
18817      DEBUG main            d.u.i.k.p.m.ProofCorrectnessMgt No justification found for rule JML_represents_clause_for_simple_evoting_Environment_rep 
21523      INFO  main            d.u.i.k.p.r.p.TestFile    ... finished proof: closed. 
21778      INFO  main            d.u.i.k.p.r.p.TestFile    Now processing file /home/runner/work/key/key/key.core/../key.ui/examples/InformationFlow/SimpleEvoting/simple_evoting.Environment(simple_evoting.Environment__untrustedOutput(int)).Non-interference contract.0.m.key 
21779      INFO  main            d.u.i.k.p.i.AbstractProblemLoader Loading environment from /home/runner/work/key/key/key.core/../key.ui/examples/InformationFlow/SimpleEvoting/simple_evoting.Environment(simple_evoting.Environment__untrustedOutput(int)).Non-interference contract.0.m.key 
21779      DEBUG main            d.u.i.k.p.i.AbstractProblemLoader Environment load took 317.1ns 
21782      INFO  main            d.u.i.k.p.i.AbstractProblemLoader Creating init config 
25157      DEBUG main            d.u.i.k.p.i.AbstractProblemLoader Init config took 3.38s 
25218      INFO  main            d.u.i.k.p.i.AbstractProblemLoader Replaying proof simple_evoting.Environment[simple_evoting.Environment::untrustedOutput(int)].Non-interference contract.0 
25221      DEBUG main            d.u.i.k.p.i.IntermediateProofReplayer Proof replay took 13ns 
25221      DEBUG main            d.u.i.k.m.s.ProofScriptEngine 1: 'macro 'infflow-autopilot'' on goal 0 (script from line 51) 
25317      INFO  main            d.u.i.k.p.r.p.TestFile    ... finished proof: closed. 
25489      INFO  main            d.u.i.k.p.r.p.TestFile    Now processing file /home/runner/work/key/key/key.core/../key.ui/examples/InformationFlow/SimpleEvoting/simple_evoting.Environment(simple_evoting.Environment__untrustedInput(int)).Non-interference contract.0.m.key 
25490      INFO  main            d.u.i.k.p.i.AbstractProblemLoader Loading environment from /home/runner/work/key/key/key.core/../key.ui/examples/InformationFlow/SimpleEvoting/simple_evoting.Environment(simple_evoting.Environment__untrustedInput(int)).Non-interference contract.0.m.key 
25490      DEBUG main            d.u.i.k.p.i.AbstractProblemLoader Environment load took 488.21ns 
25492      INFO  main            d.u.i.k.p.i.AbstractProblemLoader Creating init config 
28723      DEBUG main            d.u.i.k.p.i.AbstractProblemLoader Init config took 3.23s 
28799      INFO  main            d.u.i.k.p.i.AbstractProblemLoader Replaying proof simple_evoting.Environment[simple_evoting.Environment::untrustedInput(int)].Non-interference contract.0 
28803      DEBUG main            d.u.i.k.p.i.IntermediateProofReplayer Proof replay took 24.8ns 
28803      DEBUG main            d.u.i.k.m.s.ProofScriptEngine 1: 'macro 'infflow-autopilot'' on goal 0 (script from line 51) 
28911      INFO  main            d.u.i.k.p.r.p.TestFile    ... finished proof: open goal(s) 
29061      INFO  main            d.u.i.k.p.r.p.TestFile    Now processing file /home/runner/work/key/key/key.core/../key.ui/examples/InformationFlow/SimpleEvoting/simple_evoting.Environment(simple_evoting.Environment__untrustedInput()).Non-interference contract.0.m.key 
29062      INFO  main            d.u.i.k.p.i.AbstractProblemLoader Loading environment from /home/runner/work/key/key/key.core/../key.ui/examples/InformationFlow/SimpleEvoting/simple_evoting.Environment(simple_evoting.Environment__untrustedInput()).Non-interference contract.0.m.key 
29062      DEBUG main            d.u.i.k.p.i.AbstractProblemLoader Environment load took 124.8ns 
29063      INFO  main            d.u.i.k.p.i.AbstractProblemLoader Creating init config 
32291      DEBUG main            d.u.i.k.p.i.AbstractProblemLoader Init config took 3.23s 
32349      INFO  main            d.u.i.k.p.i.AbstractProblemLoader Replaying proof simple_evoting.Environment[simple_evoting.Environment::untrustedInput()].Non-interference contract.0 
32351      DEBUG main            d.u.i.k.p.i.IntermediateProofReplayer Proof replay took 13.5ns 
32352      DEBUG main            d.u.i.k.m.s.ProofScriptEngine 1: 'macro 'infflow-autopilot'' on goal 0 (script from line 51) 
32450      INFO  main            d.u.i.k.p.r.p.TestFile    ... finished proof: open goal(s) 
32597      INFO  main            d.u.i.k.p.r.p.TestFile    Now processing file /home/runner/work/key/key/key.core/../key.ui/examples/InformationFlow/SimpleEvoting/simple_evoting.SMT(simple_evoting.SMT__send(simple_evoting.Message,int,simple_evoting.Server)).Non-interference contract.1.m.key 
32597      INFO  main            d.u.i.k.p.i.AbstractProblemLoader Loading environment from /home/runner/work/key/key/key.core/../key.ui/examples/InformationFlow/SimpleEvoting/simple_evoting.SMT(simple_evoting.SMT__send(simple_evoting.Message,int,simple_evoting.Server)).Non-interference contract.1.m.key 
32598      DEBUG main            d.u.i.k.p.i.AbstractProblemLoader Environment load took 82.4ns 
32598      INFO  main            d.u.i.k.p.i.AbstractProblemLoader Creating init config 
35772      DEBUG main            d.u.i.k.p.i.AbstractProblemLoader Init config took 3.17s 
35838      INFO  main            d.u.i.k.p.i.AbstractProblemLoader Replaying proof simple_evoting.SMT[simple_evoting.SMT::send(simple_evoting.Message,int,simple_evoting.Server)].Non-interference contract.1 
35841      DEBUG main            d.u.i.k.p.i.IntermediateProofReplayer Proof replay took 13.2ns 
35841      DEBUG main            d.u.i.k.m.s.ProofScriptEngine 1: 'macro 'infflow-autopilot'' on goal 0 (script from line 51) 
35890      DEBUG main            d.u.i.k.p.m.ProofCorrectnessMgt No justification found for rule Class_invariant_axiom_for_simple_evoting_Server 
35898      DEBUG main            d.u.i.k.p.m.ProofCorrectnessMgt No justification found for rule Class_invariant_axiom_for_simple_evoting_Message 
35939      DEBUG main            d.u.i.k.p.m.ProofCorrectnessMgt No justification found for rule JML_represents_clause_for_simple_evoting_Environment_rep 
36181      DEBUG main            d.u.i.k.p.m.ProofCorrectnessMgt No justification found for rule Class_invariant_axiom_for_simple_evoting_Server 
36270      DEBUG main            d.u.i.k.p.m.ProofCorrectnessMgt No justification found for rule Class_invariant_axiom_for_simple_evoting_Message 
36301      DEBUG main            d.u.i.k.p.m.ProofCorrectnessMgt No justification found for rule Class_invariant_axiom_for_simple_evoting_Server 
36341      DEBUG main            d.u.i.k.p.m.ProofCorrectnessMgt No justification found for rule Class_invariant_axiom_for_simple_evoting_Message 
37420      DEBUG main            d.u.i.k.p.m.ProofCorrectnessMgt No justification found for rule Class_invariant_axiom_for_simple_evoting_Server 
37625      DEBUG main            d.u.i.k.p.m.ProofCorrectnessMgt No justification found for rule Class_invariant_axiom_for_simple_evoting_Message 
37697      DEBUG main            d.u.i.k.p.m.ProofCorrectnessMgt No justification found for rule Class_invariant_axiom_for_simple_evoting_Message 
37727      DEBUG main            d.u.i.k.p.m.ProofCorrectnessMgt No justification found for rule Class_invariant_axiom_for_simple_evoting_Server 
37791      DEBUG main            d.u.i.k.p.m.ProofCorrectnessMgt No justification found for rule Class_invariant_axiom_for_simple_evoting_Message 
37807      DEBUG main            d.u.i.k.p.m.ProofCorrectnessMgt No justification found for rule Class_invariant_axiom_for_simple_evoting_Message 
37826      DEBUG main            d.u.i.k.p.m.ProofCorrectnessMgt No justification found for rule Class_invariant_axiom_for_simple_evoting_Server 
37884      DEBUG main            d.u.i.k.p.m.ProofCorrectnessMgt No justification found for rule Class_invariant_axiom_for_simple_evoting_Server 
38134      DEBUG main            d.u.i.k.p.m.ProofCorrectnessMgt No justification found for rule Class_invariant_axiom_for_simple_evoting_Message 
38158      DEBUG main            d.u.i.k.p.m.ProofCorrectnessMgt No justification found for rule Class_invariant_axiom_for_simple_evoting_Server 
38204      DEBUG main            d.u.i.k.p.m.ProofCorrectnessMgt No justification found for rule Class_invariant_axiom_for_simple_evoting_Server 
38257      DEBUG main            d.u.i.k.p.m.ProofCorrectnessMgt No justification found for rule Class_invariant_axiom_for_simple_evoting_Message 
38289      DEBUG main            d.u.i.k.p.m.ProofCorrectnessMgt No justification found for rule Class_invariant_axiom_for_simple_evoting_Server 
38322      DEBUG main            d.u.i.k.p.m.ProofCorrectnessMgt No justification found for rule Class_invariant_axiom_for_simple_evoting_Server 
38423      DEBUG main            d.u.i.k.p.m.ProofCorrectnessMgt No justification found for rule Class_invariant_axiom_for_simple_evoting_Server 
38487      DEBUG main            d.u.i.k.p.m.ProofCorrectnessMgt No justification found for rule Class_invariant_axiom_for_simple_evoting_Message 
38518      DEBUG main            d.u.i.k.p.m.ProofCorrectnessMgt No justification found for rule Class_invariant_axiom_for_simple_evoting_Server 
38579      DEBUG main            d.u.i.k.p.m.ProofCorrectnessMgt No justification found for rule Class_invariant_axiom_for_simple_evoting_Server 
38630      DEBUG main            d.u.i.k.p.m.ProofCorrectnessMgt No justification found for rule Class_invariant_axiom_for_simple_evoting_Message 
38648      DEBUG main            d.u.i.k.p.m.ProofCorrectnessMgt No justification found for rule Class_invariant_axiom_for_simple_evoting_Message 
38681      DEBUG main            d.u.i.k.p.m.ProofCorrectnessMgt No justification found for rule Class_invariant_axiom_for_simple_evoting_Server 
38749      DEBUG main            d.u.i.k.p.m.ProofCorrectnessMgt No justification found for rule Class_invariant_axiom_for_simple_evoting_Message 
38777      DEBUG main            d.u.i.k.p.m.ProofCorrectnessMgt No justification found for rule Class_invariant_axiom_for_simple_evoting_Message 
38822      DEBUG main            d.u.i.k.p.m.ProofCorrectnessMgt No justification found for rule Class_invariant_axiom_for_simple_evoting_Server 
38921      DEBUG main            d.u.i.k.p.m.ProofCorrectnessMgt No justification found for rule Class_invariant_axiom_for_simple_evoting_Message 
38955      DEBUG main            d.u.i.k.p.m.ProofCorrectnessMgt No justification found for rule Class_invariant_axiom_for_simple_evoting_Server 
39035      DEBUG main            d.u.i.k.p.m.ProofCorrectnessMgt No justification found for rule Class_invariant_axiom_for_simple_evoting_Message 
39072      DEBUG main            d.u.i.k.p.m.ProofCorrectnessMgt No justification found for rule Class_invariant_axiom_for_simple_evoting_Server 
39143      DEBUG main            d.u.i.k.p.m.ProofCorrectnessMgt No justification found for rule Class_invariant_axiom_for_simple_evoting_Message 
39171      DEBUG main            d.u.i.k.p.m.ProofCorrectnessMgt No justification found for rule Class_invariant_axiom_for_simple_evoting_Server 
39233      DEBUG main            d.u.i.k.p.m.ProofCorrectnessMgt No justification found for rule Class_invariant_axiom_for_simple_evoting_Message 
39260      DEBUG main            d.u.i.k.p.m.ProofCorrectnessMgt No justification found for rule Class_invariant_axiom_for_simple_evoting_Server 
39385      DEBUG main            d.u.i.k.p.m.ProofCorrectnessMgt No justification found for rule Class_invariant_axiom_for_simple_evoting_Server 
39459      DEBUG main            d.u.i.k.p.m.ProofCorrectnessMgt No justification found for rule Class_invariant_axiom_for_simple_evoting_Message 
39491      DEBUG main            d.u.i.k.p.m.ProofCorrectnessMgt No justification found for rule Class_invariant_axiom_for_simple_evoting_Message 
40555      DEBUG main            d.u.i.k.p.m.ProofCorrectnessMgt No justification found for rule JML_represents_clause_for_simple_evoting_Environment_rep 
40600      DEBUG main            d.u.i.k.p.m.ProofCorrectnessMgt No justification found for rule Class_invariant_axiom_for_simple_evoting_Message 
40643      DEBUG main            d.u.i.k.p.m.ProofCorrectnessMgt No justification found for rule Class_invariant_axiom_for_simple_evoting_Message 
40681      DEBUG main            d.u.i.k.p.m.ProofCorrectnessMgt No justification found for rule Class_invariant_axiom_for_simple_evoting_Message 
40722      DEBUG main            d.u.i.k.p.m.ProofCorrectnessMgt No justification found for rule Class_invariant_axiom_for_simple_evoting_Message 
40758      DEBUG main            d.u.i.k.p.m.ProofCorrectnessMgt No justification found for rule Class_invariant_axiom_for_simple_evoting_Message 
40799      DEBUG main            d.u.i.k.p.m.ProofCorrectnessMgt No justification found for rule Class_invariant_axiom_for_simple_evoting_Message 
40836      DEBUG main            d.u.i.k.p.m.ProofCorrectnessMgt No justification found for rule Class_invariant_axiom_for_simple_evoting_Message 
40877      DEBUG main            d.u.i.k.p.m.ProofCorrectnessMgt No justification found for rule Class_invariant_axiom_for_simple_evoting_Message 
40913      DEBUG main            d.u.i.k.p.m.ProofCorrectnessMgt No justification found for rule Class_invariant_axiom_for_simple_evoting_Message 
40954      DEBUG main            d.u.i.k.p.m.ProofCorrectnessMgt No justification found for rule Class_invariant_axiom_for_simple_evoting_Message 
41020      DEBUG main            d.u.i.k.p.m.ProofCorrectnessMgt No justification found for rule Class_invariant_axiom_for_simple_evoting_Message 
41287      DEBUG main            d.u.i.k.p.m.ProofCorrectnessMgt No justification found for rule Class_invariant_axiom_for_simple_evoting_Server 
41387      DEBUG main            d.u.i.k.p.m.ProofCorrectnessMgt No justification found for rule Class_invariant_axiom_for_simple_evoting_Server 
41480      DEBUG main            d.u.i.k.p.m.ProofCorrectnessMgt No justification found for rule Class_invariant_axiom_for_simple_evoting_Server 
41550      DEBUG main            d.u.i.k.p.m.ProofCorrectnessMgt No justification found for rule Class_invariant_axiom_for_simple_evoting_Server 
41633      DEBUG main            d.u.i.k.p.m.ProofCorrectnessMgt No justification found for rule Class_invariant_axiom_for_simple_evoting_Server 
41710      DEBUG main            d.u.i.k.p.m.ProofCorrectnessMgt No justification found for rule Class_invariant_axiom_for_simple_evoting_Server 
41777      DEBUG main            d.u.i.k.p.m.ProofCorrectnessMgt No justification found for rule Class_invariant_axiom_for_simple_evoting_Server 
41857      DEBUG main            d.u.i.k.p.m.ProofCorrectnessMgt No justification found for rule Class_invariant_axiom_for_simple_evoting_Server 
41925      DEBUG main            d.u.i.k.p.m.ProofCorrectnessMgt No justification found for rule Class_invariant_axiom_for_simple_evoting_Server 
42007      DEBUG main            d.u.i.k.p.m.ProofCorrectnessMgt No justification found for rule Class_invariant_axiom_for_simple_evoting_Server 
42125      DEBUG main            d.u.i.k.p.m.ProofCorrectnessMgt No justification found for rule Class_invariant_axiom_for_simple_evoting_Server 
42206      DEBUG main            d.u.i.k.p.m.ProofCorrectnessMgt No justification found for rule Class_invariant_axiom_for_simple_evoting_Server 
59258      DEBUG main            d.u.i.k.p.m.ProofCorrectnessMgt No justification found for rule Class_invariant_axiom_for_simple_evoting_Message 
59323      DEBUG main            d.u.i.k.p.m.ProofCorrectnessMgt No justification found for rule Class_invariant_axiom_for_simple_evoting_Server 
59406      DEBUG main            d.u.i.k.p.m.ProofCorrectnessMgt No justification found for rule Class_invariant_axiom_for_simple_evoting_Server 
59453      DEBUG main            d.u.i.k.p.m.ProofCorrectnessMgt No justification found for rule Class_invariant_axiom_for_simple_evoting_Message 
59520      DEBUG main            d.u.i.k.p.m.ProofCorrectnessMgt No justification found for rule Class_invariant_axiom_for_simple_evoting_Server 
59563      DEBUG main            d.u.i.k.p.m.ProofCorrectnessMgt No justification found for rule Class_invariant_axiom_for_simple_evoting_Message 
81005      INFO  main            d.u.i.k.p.r.p.TestFile    ... finished proof: closed. 
81365      INFO  main            d.u.i.k.p.r.p.TestFile    Now processing file /home/runner/work/key/key/key.core/../key.ui/examples/InformationFlow/SimpleEvoting/simple_evoting.SMT(simple_evoting.SMT__send(simple_evoting.Message,int,simple_evoting.Server)).Non-interference contract.0.m.key 
81365      INFO  main            d.u.i.k.p.i.AbstractProblemLoader Loading environment from /home/runner/work/key/key/key.core/../key.ui/examples/InformationFlow/SimpleEvoting/simple_evoting.SMT(simple_evoting.SMT__send(simple_evoting.Message,int,simple_evoting.Server)).Non-interference contract.0.m.key 
81366      DEBUG main            d.u.i.k.p.i.AbstractProblemLoader Environment load took 127.7ns 
81368      INFO  main            d.u.i.k.p.i.AbstractProblemLoader Creating init config 
84500      DEBUG main            d.u.i.k.p.i.AbstractProblemLoader Init config took 3.13s 
84555      INFO  main            d.u.i.k.p.i.AbstractProblemLoader Replaying proof simple_evoting.SMT[simple_evoting.SMT::send(simple_evoting.Message,int,simple_evoting.Server)].Non-interference contract.0 
84557      DEBUG main            d.u.i.k.p.i.IntermediateProofReplayer Proof replay took 13.7ns 
84558      DEBUG main            d.u.i.k.m.s.ProofScriptEngine 1: 'macro 'infflow-autopilot'' on goal 0 (script from line 51) 
84609      DEBUG main            d.u.i.k.p.m.ProofCorrectnessMgt No justification found for rule Class_invariant_axiom_for_simple_evoting_Server 
84617      DEBUG main            d.u.i.k.p.m.ProofCorrectnessMgt No justification found for rule Class_invariant_axiom_for_simple_evoting_Message 
84657      DEBUG main            d.u.i.k.p.m.ProofCorrectnessMgt No justification found for rule JML_represents_clause_for_simple_evoting_Environment_rep 
84874      DEBUG main            d.u.i.k.p.m.ProofCorrectnessMgt No justification found for rule Class_invariant_axiom_for_simple_evoting_Server 
84954      DEBUG main            d.u.i.k.p.m.ProofCorrectnessMgt No justification found for rule Class_invariant_axiom_for_simple_evoting_Message 
84983      DEBUG main            d.u.i.k.p.m.ProofCorrectnessMgt No justification found for rule Class_invariant_axiom_for_simple_evoting_Message 
84994      DEBUG main            d.u.i.k.p.m.ProofCorrectnessMgt No justification found for rule Class_invariant_axiom_for_simple_evoting_Server 
86067      DEBUG main            d.u.i.k.p.m.ProofCorrectnessMgt No justification found for rule Class_invariant_axiom_for_simple_evoting_Server 
86211      DEBUG main            d.u.i.k.p.m.ProofCorrectnessMgt No justification found for rule Class_invariant_axiom_for_simple_evoting_Message 
86276      DEBUG main            d.u.i.k.p.m.ProofCorrectnessMgt No justification found for rule Class_invariant_axiom_for_simple_evoting_Message 
86300      DEBUG main            d.u.i.k.p.m.ProofCorrectnessMgt No justification found for rule Class_invariant_axiom_for_simple_evoting_Server 
86366      DEBUG main            d.u.i.k.p.m.ProofCorrectnessMgt No justification found for rule Class_invariant_axiom_for_simple_evoting_Server 
86436      DEBUG main            d.u.i.k.p.m.ProofCorrectnessMgt No justification found for rule Class_invariant_axiom_for_simple_evoting_Message 
86461      DEBUG main            d.u.i.k.p.m.ProofCorrectnessMgt No justification found for rule Class_invariant_axiom_for_simple_evoting_Server 
86713      DEBUG main            d.u.i.k.p.m.ProofCorrectnessMgt No justification found for rule Class_invariant_axiom_for_simple_evoting_Message 
86784      DEBUG main            d.u.i.k.p.m.ProofCorrectnessMgt No justification found for rule Class_invariant_axiom_for_simple_evoting_Message 
86801      DEBUG main            d.u.i.k.p.m.ProofCorrectnessMgt No justification found for rule Class_invariant_axiom_for_simple_evoting_Server 
86869      DEBUG main            d.u.i.k.p.m.ProofCorrectnessMgt No justification found for rule Class_invariant_axiom_for_simple_evoting_Message 
86897      DEBUG main            d.u.i.k.p.m.ProofCorrectnessMgt No justification found for rule Class_invariant_axiom_for_simple_evoting_Message 
86918      DEBUG main            d.u.i.k.p.m.ProofCorrectnessMgt No justification found for rule Class_invariant_axiom_for_simple_evoting_Server 
86968      DEBUG main            d.u.i.k.p.m.ProofCorrectnessMgt No justification found for rule Class_invariant_axiom_for_simple_evoting_Message 
86990      DEBUG main            d.u.i.k.p.m.ProofCorrectnessMgt No justification found for rule Class_invariant_axiom_for_simple_evoting_Message 
87017      DEBUG main            d.u.i.k.p.m.ProofCorrectnessMgt No justification found for rule Class_invariant_axiom_for_simple_evoting_Server 
87084      DEBUG main            d.u.i.k.p.m.ProofCorrectnessMgt No justification found for rule Class_invariant_axiom_for_simple_evoting_Server 
87121      DEBUG main            d.u.i.k.p.m.ProofCorrectnessMgt No justification found for rule Class_invariant_axiom_for_simple_evoting_Message 
87144      DEBUG main            d.u.i.k.p.m.ProofCorrectnessMgt No justification found for rule Class_invariant_axiom_for_simple_evoting_Server 
87202      DEBUG main            d.u.i.k.p.m.ProofCorrectnessMgt No justification found for rule Class_invariant_axiom_for_simple_evoting_Server 
87251      DEBUG main            d.u.i.k.p.m.ProofCorrectnessMgt No justification found for rule Class_invariant_axiom_for_simple_evoting_Server 
87281      DEBUG main            d.u.i.k.p.m.ProofCorrectnessMgt No justification found for rule Class_invariant_axiom_for_simple_evoting_Server 
87328      DEBUG main            d.u.i.k.p.m.ProofCorrectnessMgt No justification found for rule Class_invariant_axiom_for_simple_evoting_Server 
87421      DEBUG main            d.u.i.k.p.m.ProofCorrectnessMgt No justification found for rule Class_invariant_axiom_for_simple_evoting_Server 
87503      DEBUG main            d.u.i.k.p.m.ProofCorrectnessMgt No justification found for rule Class_invariant_axiom_for_simple_evoting_Message 
87532      DEBUG main            d.u.i.k.p.m.ProofCorrectnessMgt No justification found for rule Class_invariant_axiom_for_simple_evoting_Message 
87556      DEBUG main            d.u.i.k.p.m.ProofCorrectnessMgt No justification found for rule Class_invariant_axiom_for_simple_evoting_Message 
87590      DEBUG main            d.u.i.k.p.m.ProofCorrectnessMgt No justification found for rule Class_invariant_axiom_for_simple_evoting_Server 
87666      DEBUG main            d.u.i.k.p.m.ProofCorrectnessMgt No justification found for rule Class_invariant_axiom_for_simple_evoting_Message 
87694      DEBUG main            d.u.i.k.p.m.ProofCorrectnessMgt No justification found for rule Class_invariant_axiom_for_simple_evoting_Server 
87932      DEBUG main            d.u.i.k.p.m.ProofCorrectnessMgt No justification found for rule Class_invariant_axiom_for_simple_evoting_Server 
88018      DEBUG main            d.u.i.k.p.m.ProofCorrectnessMgt No justification found for rule Class_invariant_axiom_for_simple_evoting_Message 
88051      DEBUG main            d.u.i.k.p.m.ProofCorrectnessMgt No justification found for rule Class_invariant_axiom_for_simple_evoting_Message 
88078      DEBUG main            d.u.i.k.p.m.ProofCorrectnessMgt No justification found for rule Class_invariant_axiom_for_simple_evoting_Message 
88115      DEBUG main            d.u.i.k.p.m.ProofCorrectnessMgt No justification found for rule Class_invariant_axiom_for_simple_evoting_Message 
88148      DEBUG main            d.u.i.k.p.m.ProofCorrectnessMgt No justification found for rule Class_invariant_axiom_for_simple_evoting_Server 
88212      DEBUG main            d.u.i.k.p.m.ProofCorrectnessMgt No justification found for rule Class_invariant_axiom_for_simple_evoting_Server 
88261      DEBUG main            d.u.i.k.p.m.ProofCorrectnessMgt No justification found for rule Class_invariant_axiom_for_simple_evoting_Server 
89156      DEBUG main            d.u.i.k.p.m.ProofCorrectnessMgt No justification found for rule JML_represents_clause_for_simple_evoting_Environment_rep 
89295      DEBUG main            d.u.i.k.p.m.ProofCorrectnessMgt No justification found for rule Class_invariant_axiom_for_simple_evoting_Message 
89335      DEBUG main            d.u.i.k.p.m.ProofCorrectnessMgt No justification found for rule Class_invariant_axiom_for_simple_evoting_Message 
89370      DEBUG main            d.u.i.k.p.m.ProofCorrectnessMgt No justification found for rule Class_invariant_axiom_for_simple_evoting_Message 
89410      DEBUG main            d.u.i.k.p.m.ProofCorrectnessMgt No justification found for rule Class_invariant_axiom_for_simple_evoting_Message 
89446      DEBUG main            d.u.i.k.p.m.ProofCorrectnessMgt No justification found for rule Class_invariant_axiom_for_simple_evoting_Message 
89486      DEBUG main            d.u.i.k.p.m.ProofCorrectnessMgt No justification found for rule Class_invariant_axiom_for_simple_evoting_Message 
89521      DEBUG main            d.u.i.k.p.m.ProofCorrectnessMgt No justification found for rule Class_invariant_axiom_for_simple_evoting_Message 
89560      DEBUG main            d.u.i.k.p.m.ProofCorrectnessMgt No justification found for rule Class_invariant_axiom_for_simple_evoting_Message 
89596      DEBUG main            d.u.i.k.p.m.ProofCorrectnessMgt No justification found for rule Class_invariant_axiom_for_simple_evoting_Message 
89636      DEBUG main            d.u.i.k.p.m.ProofCorrectnessMgt No justification found for rule Class_invariant_axiom_for_simple_evoting_Message 
89897      DEBUG main            d.u.i.k.p.m.ProofCorrectnessMgt No justification found for rule Class_invariant_axiom_for_simple_evoting_Server 
90008      DEBUG main            d.u.i.k.p.m.ProofCorrectnessMgt No justification found for rule Class_invariant_axiom_for_simple_evoting_Server 
90092      DEBUG main            d.u.i.k.p.m.ProofCorrectnessMgt No justification found for rule Class_invariant_axiom_for_simple_evoting_Server 
90157      DEBUG main            d.u.i.k.p.m.ProofCorrectnessMgt No justification found for rule Class_invariant_axiom_for_simple_evoting_Server 
90235      DEBUG main            d.u.i.k.p.m.ProofCorrectnessMgt No justification found for rule Class_invariant_axiom_for_simple_evoting_Server 
90300      DEBUG main            d.u.i.k.p.m.ProofCorrectnessMgt No justification found for rule Class_invariant_axiom_for_simple_evoting_Server 
90377      DEBUG main            d.u.i.k.p.m.ProofCorrectnessMgt No justification found for rule Class_invariant_axiom_for_simple_evoting_Server 
90438      DEBUG main            d.u.i.k.p.m.ProofCorrectnessMgt No justification found for rule Class_invariant_axiom_for_simple_evoting_Server 
90517      DEBUG main            d.u.i.k.p.m.ProofCorrectnessMgt No justification found for rule Class_invariant_axiom_for_simple_evoting_Server 
90582      DEBUG main            d.u.i.k.p.m.ProofCorrectnessMgt No justification found for rule Class_invariant_axiom_for_simple_evoting_Server 
106164     DEBUG main            d.u.i.k.p.m.ProofCorrectnessMgt No justification found for rule Class_invariant_axiom_for_simple_evoting_Message 
106223     DEBUG main            d.u.i.k.p.m.ProofCorrectnessMgt No justification found for rule Class_invariant_axiom_for_simple_evoting_Server 
106350     DEBUG main            d.u.i.k.p.m.ProofCorrectnessMgt No justification found for rule Class_invariant_axiom_for_simple_evoting_Message 
106380     DEBUG main            d.u.i.k.p.m.ProofCorrectnessMgt No justification found for rule Class_invariant_axiom_for_simple_evoting_Server 
106450     DEBUG main            d.u.i.k.p.m.ProofCorrectnessMgt No justification found for rule Class_invariant_axiom_for_simple_evoting_Message 
106476     DEBUG main            d.u.i.k.p.m.ProofCorrectnessMgt No justification found for rule Class_invariant_axiom_for_simple_evoting_Server 
129137     INFO  main            d.u.i.k.p.r.p.TestFile    ... finished proof: closed. 
129455     INFO  main            d.u.i.k.p.r.p.TestFile    Now processing file /home/runner/work/key/key/key.core/../key.ui/examples/InformationFlow/SimpleEvoting/simple_evoting.SMTEnv(simple_evoting.SMTEnv__send(int,int,int,simple_evoting.Server,int)).Non-interference contract.0.m.key 
129455     INFO  main            d.u.i.k.p.i.AbstractProblemLoader Loading environment from /home/runner/work/key/key/key.core/../key.ui/examples/InformationFlow/SimpleEvoting/simple_evoting.SMTEnv(simple_evoting.SMTEnv__send(int,int,int,simple_evoting.Server,int)).Non-interference contract.0.m.key 
129455     DEBUG main            d.u.i.k.p.i.AbstractProblemLoader Environment load took 64.5ns 
129456     INFO  main            d.u.i.k.p.i.AbstractProblemLoader Creating init config 
132533     DEBUG main            d.u.i.k.p.i.AbstractProblemLoader Init config took 3.08s 
132587     INFO  main            d.u.i.k.p.i.AbstractProblemLoader Replaying proof simple_evoting.SMTEnv[simple_evoting.SMTEnv::send(int,int,int,simple_evoting.Server,int)].Non-interference contract.0 
132589     DEBUG main            d.u.i.k.p.i.IntermediateProofReplayer Proof replay took 13.9ns 
132590     DEBUG main            d.u.i.k.m.s.ProofScriptEngine 1: 'macro 'infflow-autopilot'' on goal 0 (script from line 51) 
132640     DEBUG main            d.u.i.k.p.m.ProofCorrectnessMgt No justification found for rule JML_represents_clause_for_simple_evoting_Environment_rep 
132655     DEBUG main            d.u.i.k.p.m.ProofCorrectnessMgt No justification found for rule JML_represents_clause_for_simple_evoting_Environment_rep 
132669     DEBUG main            d.u.i.k.p.m.ProofCorrectnessMgt No justification found for rule JML_represents_clause_for_simple_evoting_Environment_rep 
132684     DEBUG main            d.u.i.k.p.m.ProofCorrectnessMgt No justification found for rule JML_represents_clause_for_simple_evoting_Environment_rep 
132699     DEBUG main            d.u.i.k.p.m.ProofCorrectnessMgt No justification found for rule JML_represents_clause_for_simple_evoting_Environment_rep 
132753     DEBUG main            d.u.i.k.p.m.ProofCorrectnessMgt No justification found for rule JML_represents_clause_for_simple_evoting_Environment_rep 
134054     INFO  main            d.u.i.k.p.r.p.TestFile    ... finished proof: closed. 
134338     INFO  main            d.u.i.k.p.r.p.TestFile    Now processing file /home/runner/work/key/key/key.core/../key.ui/examples/InformationFlow/SimpleEvoting/simple_evoting.NetworkClient(simple_evoting.NetworkClient__send((B,simple_evoting.Server,int)).Non-interference contract.0.m.key 
134338     INFO  main            d.u.i.k.p.i.AbstractProblemLoader Loading environment from /home/runner/work/key/key/key.core/../key.ui/examples/InformationFlow/SimpleEvoting/simple_evoting.NetworkClient(simple_evoting.NetworkClient__send((B,simple_evoting.Server,int)).Non-interference contract.0.m.key 
134338     DEBUG main            d.u.i.k.p.i.AbstractProblemLoader Environment load took 88.2ns 
134339     INFO  main            d.u.i.k.p.i.AbstractProblemLoader Creating init config 
137420     DEBUG main            d.u.i.k.p.i.AbstractProblemLoader Init config took 3.08s 
137472     INFO  main            d.u.i.k.p.i.AbstractProblemLoader Replaying proof simple_evoting.NetworkClient[simple_evoting.NetworkClient::send([B,simple_evoting.Server,int)].Non-interference contract.0 
137475     DEBUG main            d.u.i.k.p.i.IntermediateProofReplayer Proof replay took 13.3ns 
137476     DEBUG main            d.u.i.k.m.s.ProofScriptEngine 1: 'macro 'infflow-autopilot'' on goal 0 (script from line 51) 
137522     DEBUG main            d.u.i.k.p.m.ProofCorrectnessMgt No justification found for rule JML_represents_clause_for_simple_evoting_Environment_rep 
137549     DEBUG main            d.u.i.k.p.m.ProofCorrectnessMgt No justification found for rule JML_represents_clause_for_simple_evoting_Environment_rep 
137563     DEBUG main            d.u.i.k.p.m.ProofCorrectnessMgt No justification found for rule JML_represents_clause_for_simple_evoting_Environment_rep 
138598     INFO  main            d.u.i.k.p.r.p.TestFile    ... finished proof: closed. 
138795     INFO  main            d.u.i.k.p.r.p.TestFile    Now processing file /home/runner/work/key/key/key.core/../key.ui/examples/InformationFlow/SimpleEvoting/simple_evoting.Voter(simple_evoting.Voter__onSendBallot(simple_evoting.Server)).Non-interference contract.1.m.key 
138795     INFO  main            d.u.i.k.p.i.AbstractProblemLoader Loading environment from /home/runner/work/key/key/key.core/../key.ui/examples/InformationFlow/SimpleEvoting/simple_evoting.Voter(simple_evoting.Voter__onSendBallot(simple_evoting.Server)).Non-interference contract.1.m.key 
138795     DEBUG main            d.u.i.k.p.i.AbstractProblemLoader Environment load took 66.2ns 
138797     INFO  main            d.u.i.k.p.i.AbstractProblemLoader Creating init config 
141890     DEBUG main            d.u.i.k.p.i.AbstractProblemLoader Init config took 3.09s 
141951     INFO  main            d.u.i.k.p.i.AbstractProblemLoader Replaying proof simple_evoting.Voter[simple_evoting.Voter::onSendBallot(simple_evoting.Server)].Non-interference contract.1 
141953     DEBUG main            d.u.i.k.p.i.IntermediateProofReplayer Proof replay took 14.1ns 
141954     DEBUG main            d.u.i.k.m.s.ProofScriptEngine 1: 'macro 'infflow-autopilot'' on goal 0 (script from line 51) 
141993     DEBUG main            d.u.i.k.p.m.ProofCorrectnessMgt No justification found for rule Class_invariant_axiom_for_simple_evoting_Voter 
141997     DEBUG main            d.u.i.k.p.m.ProofCorrectnessMgt No justification found for rule Class_invariant_axiom_for_simple_evoting_Server 
142593     DEBUG main            d.u.i.k.p.m.ProofCorrectnessMgt No justification found for rule Class_invariant_axiom_for_simple_evoting_Message 
142648     DEBUG main            d.u.i.k.p.m.ProofCorrectnessMgt No justification found for rule Class_invariant_axiom_for_simple_evoting_Server 
142787     DEBUG main            d.u.i.k.p.m.ProofCorrectnessMgt No justification found for rule Class_invariant_axiom_for_simple_evoting_Message 
142843     DEBUG main            d.u.i.k.p.m.ProofCorrectnessMgt No justification found for rule Class_invariant_axiom_for_simple_evoting_Server 
145480     DEBUG main            d.u.i.k.p.m.ProofCorrectnessMgt No justification found for rule JML_represents_clause_for_simple_evoting_Environment_rep 
145487     DEBUG main            d.u.i.k.p.m.ProofCorrectnessMgt No justification found for rule JML_represents_clause_for_simple_evoting_Environment_rep 
145553     DEBUG main            d.u.i.k.p.m.ProofCorrectnessMgt No justification found for rule JML_represents_clause_for_simple_evoting_Environment_rep 
145569     DEBUG main            d.u.i.k.p.m.ProofCorrectnessMgt No justification found for rule JML_represents_clause_for_simple_evoting_Environment_rep 
145582     DEBUG main            d.u.i.k.p.m.ProofCorrectnessMgt No justification found for rule JML_represents_clause_for_simple_evoting_Environment_rep 
145604     DEBUG main            d.u.i.k.p.m.ProofCorrectnessMgt No justification found for rule JML_represents_clause_for_simple_evoting_Environment_rep 
145612     DEBUG main            d.u.i.k.p.m.ProofCorrectnessMgt No justification found for rule JML_represents_clause_for_simple_evoting_Environment_rep 
145634     DEBUG main            d.u.i.k.p.m.ProofCorrectnessMgt No justification found for rule JML_represents_clause_for_simple_evoting_Environment_rep 
145641     DEBUG main            d.u.i.k.p.m.ProofCorrectnessMgt No justification found for rule JML_represents_clause_for_simple_evoting_Environment_rep 
145649     DEBUG main            d.u.i.k.p.m.ProofCorrectnessMgt No justification found for rule JML_represents_clause_for_simple_evoting_Environment_rep 
145669     DEBUG main            d.u.i.k.p.m.ProofCorrectnessMgt No justification found for rule JML_represents_clause_for_simple_evoting_Environment_rep 
145677     DEBUG main            d.u.i.k.p.m.ProofCorrectnessMgt No justification found for rule JML_represents_clause_for_simple_evoting_Environment_rep 
145690     DEBUG main            d.u.i.k.p.m.ProofCorrectnessMgt No justification found for rule JML_represents_clause_for_simple_evoting_Environment_rep 
145697     DEBUG main            d.u.i.k.p.m.ProofCorrectnessMgt No justification found for rule JML_represents_clause_for_simple_evoting_Environment_rep 
145719     DEBUG main            d.u.i.k.p.m.ProofCorrectnessMgt No justification found for rule Class_invariant_axiom_for_simple_evoting_Server 
146094     DEBUG main            d.u.i.k.p.m.ProofCorrectnessMgt No justification found for rule Class_invariant_axiom_for_simple_evoting_Server 
146339     DEBUG main            d.u.i.k.p.m.ProofCorrectnessMgt No justification found for rule Class_invariant_axiom_for_simple_evoting_Message 
146447     DEBUG main            d.u.i.k.p.m.ProofCorrectnessMgt No justification found for rule Class_invariant_axiom_for_simple_evoting_Server 
146667     DEBUG main            d.u.i.k.p.m.ProofCorrectnessMgt No justification found for rule Class_invariant_axiom_for_simple_evoting_Message 
146734     DEBUG main            d.u.i.k.p.m.ProofCorrectnessMgt No justification found for rule Class_invariant_axiom_for_simple_evoting_Server 
147087     DEBUG main            d.u.i.k.p.m.ProofCorrectnessMgt No justification found for rule Class_invariant_axiom_for_simple_evoting_Message 
147213     DEBUG main            d.u.i.k.p.m.ProofCorrectnessMgt No justification found for rule Class_invariant_axiom_for_simple_evoting_Message 
147334     DEBUG main            d.u.i.k.p.m.ProofCorrectnessMgt No justification found for rule Class_invariant_axiom_for_simple_evoting_Server 
147648     DEBUG main            d.u.i.k.p.m.ProofCorrectnessMgt No justification found for rule Class_invariant_axiom_for_simple_evoting_Message 
147772     DEBUG main            d.u.i.k.p.m.ProofCorrectnessMgt No justification found for rule Class_invariant_axiom_for_simple_evoting_Server 
148164     DEBUG main            d.u.i.k.p.m.ProofCorrectnessMgt No justification found for rule Class_invariant_axiom_for_simple_evoting_Message 
148290     DEBUG main            d.u.i.k.p.m.ProofCorrectnessMgt No justification found for rule Class_invariant_axiom_for_simple_evoting_Message 
148426     DEBUG main            d.u.i.k.p.m.ProofCorrectnessMgt No justification found for rule Class_invariant_axiom_for_simple_evoting_Server 
148767     DEBUG main            d.u.i.k.p.m.ProofCorrectnessMgt No justification found for rule Class_invariant_axiom_for_simple_evoting_Server 
149130     DEBUG main            d.u.i.k.p.m.ProofCorrectnessMgt No justification found for rule Class_invariant_axiom_for_simple_evoting_Message 
149304     DEBUG main            d.u.i.k.p.m.ProofCorrectnessMgt No justification found for rule Class_invariant_axiom_for_simple_evoting_Message 
149567     DEBUG main            d.u.i.k.p.m.ProofCorrectnessMgt No justification found for rule Class_invariant_axiom_for_simple_evoting_Message 
149648     DEBUG main            d.u.i.k.p.m.ProofCorrectnessMgt No justification found for rule Class_invariant_axiom_for_simple_evoting_Message 
149767     DEBUG main            d.u.i.k.p.m.ProofCorrectnessMgt No justification found for rule Class_invariant_axiom_for_simple_evoting_Message 
149874     DEBUG main            d.u.i.k.p.m.ProofCorrectnessMgt No justification found for rule Class_invariant_axiom_for_simple_evoting_Message 
149985     DEBUG main            d.u.i.k.p.m.ProofCorrectnessMgt No justification found for rule Class_invariant_axiom_for_simple_evoting_Server 
150342     DEBUG main            d.u.i.k.p.m.ProofCorrectnessMgt No justification found for rule Class_invariant_axiom_for_simple_evoting_Message 
150455     DEBUG main            d.u.i.k.p.m.ProofCorrectnessMgt No justification found for rule Class_invariant_axiom_for_simple_evoting_Message 
150574     DEBUG main            d.u.i.k.p.m.ProofCorrectnessMgt No justification found for rule Class_invariant_axiom_for_simple_evoting_Message 
150696     DEBUG main            d.u.i.k.p.m.ProofCorrectnessMgt No justification found for rule Class_invariant_axiom_for_simple_evoting_Server 
150995     DEBUG main            d.u.i.k.p.m.ProofCorrectnessMgt No justification found for rule Class_invariant_axiom_for_simple_evoting_Server 
151275     DEBUG main            d.u.i.k.p.m.ProofCorrectnessMgt No justification found for rule Class_invariant_axiom_for_simple_evoting_Message 
152773     DEBUG main            d.u.i.k.p.m.ProofCorrectnessMgt No justification found for rule Class_invariant_axiom_for_simple_evoting_Server 
152972     DEBUG main            d.u.i.k.p.m.ProofCorrectnessMgt No justification found for rule Class_invariant_axiom_for_simple_evoting_Server 
153203     DEBUG main            d.u.i.k.p.m.ProofCorrectnessMgt No justification found for rule Class_invariant_axiom_for_simple_evoting_Server 
153414     DEBUG main            d.u.i.k.p.m.ProofCorrectnessMgt No justification found for rule Class_invariant_axiom_for_simple_evoting_Server 
154244     DEBUG main            d.u.i.k.p.m.ProofCorrectnessMgt No justification found for rule Class_invariant_axiom_for_simple_evoting_Message 
154307     DEBUG main            d.u.i.k.p.m.ProofCorrectnessMgt No justification found for rule Class_invariant_axiom_for_simple_evoting_Server 
159967     INFO  main            d.u.i.k.p.r.p.TestFile    ... finished proof: closed. 
160256     INFO  main            d.u.i.k.p.r.p.TestFile    Now processing file /home/runner/work/key/key/key.core/../key.ui/examples/InformationFlow/SimpleEvoting/simple_evoting.Voter(simple_evoting.Voter__onSendBallot(simple_evoting.Server)).Non-interference contract.0.m.key 
160256     INFO  main            d.u.i.k.p.i.AbstractProblemLoader Loading environment from /home/runner/work/key/key/key.core/../key.ui/examples/InformationFlow/SimpleEvoting/simple_evoting.Voter(simple_evoting.Voter__onSendBallot(simple_evoting.Server)).Non-interference contract.0.m.key 
160256     DEBUG main            d.u.i.k.p.i.AbstractProblemLoader Environment load took 82.4ns 
160257     INFO  main            d.u.i.k.p.i.AbstractProblemLoader Creating init config 
163303     DEBUG main            d.u.i.k.p.i.AbstractProblemLoader Init config took 3.05s 
163365     INFO  main            d.u.i.k.p.i.AbstractProblemLoader Replaying proof simple_evoting.Voter[simple_evoting.Voter::onSendBallot(simple_evoting.Server)].Non-interference contract.0 
163368     DEBUG main            d.u.i.k.p.i.IntermediateProofReplayer Proof replay took 14.2ns 
163368     DEBUG main            d.u.i.k.m.s.ProofScriptEngine 1: 'macro 'infflow-autopilot'' on goal 0 (script from line 51) 
163405     DEBUG main            d.u.i.k.p.m.ProofCorrectnessMgt No justification found for rule Class_invariant_axiom_for_simple_evoting_Voter 
163408     DEBUG main            d.u.i.k.p.m.ProofCorrectnessMgt No justification found for rule Class_invariant_axiom_for_simple_evoting_Server 
163955     DEBUG main            d.u.i.k.p.m.ProofCorrectnessMgt No justification found for rule Class_invariant_axiom_for_simple_evoting_Server 
164108     DEBUG main            d.u.i.k.p.m.ProofCorrectnessMgt No justification found for rule Class_invariant_axiom_for_simple_evoting_Message 
164194     DEBUG main            d.u.i.k.p.m.ProofCorrectnessMgt No justification found for rule Class_invariant_axiom_for_simple_evoting_Message 
164240     DEBUG main            d.u.i.k.p.m.ProofCorrectnessMgt No justification found for rule Class_invariant_axiom_for_simple_evoting_Server 
166924     DEBUG main            d.u.i.k.p.m.ProofCorrectnessMgt No justification found for rule JML_represents_clause_for_simple_evoting_Environment_rep 
166931     DEBUG main            d.u.i.k.p.m.ProofCorrectnessMgt No justification found for rule JML_represents_clause_for_simple_evoting_Environment_rep 
166990     DEBUG main            d.u.i.k.p.m.ProofCorrectnessMgt No justification found for rule JML_represents_clause_for_simple_evoting_Environment_rep 
167006     DEBUG main            d.u.i.k.p.m.ProofCorrectnessMgt No justification found for rule JML_represents_clause_for_simple_evoting_Environment_rep 
167013     DEBUG main            d.u.i.k.p.m.ProofCorrectnessMgt No justification found for rule JML_represents_clause_for_simple_evoting_Environment_rep 
167020     DEBUG main            d.u.i.k.p.m.ProofCorrectnessMgt No justification found for rule JML_represents_clause_for_simple_evoting_Environment_rep 
167035     DEBUG main            d.u.i.k.p.m.ProofCorrectnessMgt No justification found for rule JML_represents_clause_for_simple_evoting_Environment_rep 
167042     DEBUG main            d.u.i.k.p.m.ProofCorrectnessMgt No justification found for rule JML_represents_clause_for_simple_evoting_Environment_rep 
167063     DEBUG main            d.u.i.k.p.m.ProofCorrectnessMgt No justification found for rule JML_represents_clause_for_simple_evoting_Environment_rep 
167077     DEBUG main            d.u.i.k.p.m.ProofCorrectnessMgt No justification found for rule JML_represents_clause_for_simple_evoting_Environment_rep 
167084     DEBUG main            d.u.i.k.p.m.ProofCorrectnessMgt No justification found for rule JML_represents_clause_for_simple_evoting_Environment_rep 
167091     DEBUG main            d.u.i.k.p.m.ProofCorrectnessMgt No justification found for rule JML_represents_clause_for_simple_evoting_Environment_rep 
167106     DEBUG main            d.u.i.k.p.m.ProofCorrectnessMgt No justification found for rule JML_represents_clause_for_simple_evoting_Environment_rep 
167113     DEBUG main            d.u.i.k.p.m.ProofCorrectnessMgt No justification found for rule JML_represents_clause_for_simple_evoting_Environment_rep 
167152     DEBUG main            d.u.i.k.p.m.ProofCorrectnessMgt No justification found for rule Class_invariant_axiom_for_simple_evoting_Message 
167293     DEBUG main            d.u.i.k.p.m.ProofCorrectnessMgt No justification found for rule Class_invariant_axiom_for_simple_evoting_Message 
167368     DEBUG main            d.u.i.k.p.m.ProofCorrectnessMgt No justification found for rule Class_invariant_axiom_for_simple_evoting_Message 
167524     DEBUG main            d.u.i.k.p.m.ProofCorrectnessMgt No justification found for rule Class_invariant_axiom_for_simple_evoting_Server 
167891     DEBUG main            d.u.i.k.p.m.ProofCorrectnessMgt No justification found for rule Class_invariant_axiom_for_simple_evoting_Message 
168008     DEBUG main            d.u.i.k.p.m.ProofCorrectnessMgt No justification found for rule Class_invariant_axiom_for_simple_evoting_Server 
168356     DEBUG main            d.u.i.k.p.m.ProofCorrectnessMgt No justification found for rule Class_invariant_axiom_for_simple_evoting_Message 
168465     DEBUG main            d.u.i.k.p.m.ProofCorrectnessMgt No justification found for rule Class_invariant_axiom_for_simple_evoting_Server 
168763     DEBUG main            d.u.i.k.p.m.ProofCorrectnessMgt No justification found for rule Class_invariant_axiom_for_simple_evoting_Message 
168884     DEBUG main            d.u.i.k.p.m.ProofCorrectnessMgt No justification found for rule Class_invariant_axiom_for_simple_evoting_Message 
169011     DEBUG main            d.u.i.k.p.m.ProofCorrectnessMgt No justification found for rule Class_invariant_axiom_for_simple_evoting_Message 
169179     DEBUG main            d.u.i.k.p.m.ProofCorrectnessMgt No justification found for rule Class_invariant_axiom_for_simple_evoting_Message 
169368     DEBUG main            d.u.i.k.p.m.ProofCorrectnessMgt No justification found for rule Class_invariant_axiom_for_simple_evoting_Message 
169472     DEBUG main            d.u.i.k.p.m.ProofCorrectnessMgt No justification found for rule Class_invariant_axiom_for_simple_evoting_Message 
169593     DEBUG main            d.u.i.k.p.m.ProofCorrectnessMgt No justification found for rule Class_invariant_axiom_for_simple_evoting_Server 
169890     DEBUG main            d.u.i.k.p.m.ProofCorrectnessMgt No justification found for rule Class_invariant_axiom_for_simple_evoting_Server 
170193     DEBUG main            d.u.i.k.p.m.ProofCorrectnessMgt No justification found for rule Class_invariant_axiom_for_simple_evoting_Message 
170305     DEBUG main            d.u.i.k.p.m.ProofCorrectnessMgt No justification found for rule Class_invariant_axiom_for_simple_evoting_Message 
170420     DEBUG main            d.u.i.k.p.m.ProofCorrectnessMgt No justification found for rule Class_invariant_axiom_for_simple_evoting_Message 
170529     DEBUG main            d.u.i.k.p.m.ProofCorrectnessMgt No justification found for rule Class_invariant_axiom_for_simple_evoting_Server 
170829     DEBUG main            d.u.i.k.p.m.ProofCorrectnessMgt No justification found for rule Class_invariant_axiom_for_simple_evoting_Message 
170945     DEBUG main            d.u.i.k.p.m.ProofCorrectnessMgt No justification found for rule Class_invariant_axiom_for_simple_evoting_Server 
171184     DEBUG main            d.u.i.k.p.m.ProofCorrectnessMgt No justification found for rule Class_invariant_axiom_for_simple_evoting_Message 
172878     DEBUG main            d.u.i.k.p.m.ProofCorrectnessMgt No justification found for rule Class_invariant_axiom_for_simple_evoting_Message 
172964     DEBUG main            d.u.i.k.p.m.ProofCorrectnessMgt No justification found for rule Class_invariant_axiom_for_simple_evoting_Server 
173872     DEBUG main            d.u.i.k.p.m.ProofCorrectnessMgt No justification found for rule Class_invariant_axiom_for_simple_evoting_Message 
173936     DEBUG main            d.u.i.k.p.m.ProofCorrectnessMgt No justification found for rule Class_invariant_axiom_for_simple_evoting_Server 
180031     INFO  main            d.u.i.k.p.r.p.TestFile    ... finished proof: closed. 
2772098    INFO  Test worker     d.u.i.k.p.r.RunAllProofsTestUnit Returning from test SimpleEvoting_fullmacro 
]]></system-out>
  <system-err><![CDATA[]]></system-err>
</testsuite>
