<?xml version="1.0" encoding="UTF-8"?>
<testsuite name="de.uka.ilkd.key.testcase.smt.testgen.TestTestgen" tests="1" skipped="0" failures="0" errors="0" timestamp="2023-06-15T13:41:44" hostname="fv-az206-505" time="7.449">
  <properties/>
  <testcase name="testMiddle()" classname="de.uka.ilkd.key.testcase.smt.testgen.TestTestgen" time="7.449"/>
  <system-out><![CDATA[27449      WARN  Test worker     d.u.i.k.t.s.t.TestTestgen Warning: Z3_CE is not installed, tests skipped. 
27449      WARN  Test worker     d.u.i.k.t.s.t.TestTestgen Maybe use JVM system property "z3SolverPath" to define the path to the Z3 command. 
27449      INFO  Test worker     d.u.i.k.p.i.AbstractProblemLoader Loading environment from src\test\resources\testcase\smt\tg\middle.key 
27449      DEBUG Test worker     d.u.i.k.p.i.AbstractProblemLoader Environment load took 250.2ns 
27465      INFO  Test worker     d.u.i.k.p.i.AbstractProblemLoader Creating init config 
33880      DEBUG Test worker     d.u.i.k.p.i.AbstractProblemLoader Init config took 6.42s 
34005      INFO  Test worker     d.u.i.k.p.i.AbstractProblemLoader Replaying proof Middle[Middle::middle(int,int,int)].JML normal_behavior operation contract.0 
34021      DEBUG Test worker     d.u.i.k.p.i.IntermediateProofReplayer Proof replay took 20.8ns 
]]></system-out>
  <system-err><![CDATA[]]></system-err>
</testsuite>
