<?xml version="1.0" encoding="UTF-8"?>
<testsuite name="de.uka.ilkd.key.symbolic_execution.testcase.util.TestSymbolicExecutionUtil" tests="2" skipped="0" failures="0" errors="0" timestamp="2023-01-30T19:34:23" hostname="fv-az553-898" time="3.577">
  <properties/>
  <testcase name="test1ImproveReadability()" classname="de.uka.ilkd.key.symbolic_execution.testcase.util.TestSymbolicExecutionUtil" time="3.576"/>
  <testcase name="test2GetAndSetChoiceSetting()" classname="de.uka.ilkd.key.symbolic_execution.testcase.util.TestSymbolicExecutionUtil" time="0.001"/>
  <system-out><![CDATA[]]></system-out>
  <system-err><![CDATA[]]></system-err>
</testsuite>
