<?xml version="1.0" encoding="UTF-8"?>
<testsuite name="de.uka.ilkd.key.symbolic_execution.testcase.strategy.TestKeYWatchpointGlobalVariablesOnSatisfiable" tests="1" skipped="0" failures="0" errors="0" timestamp="2023-01-30T19:31:52" hostname="fv-az553-898" time="3.432">
  <properties/>
  <testcase name="testBreakpointStopCondition()" classname="de.uka.ilkd.key.symbolic_execution.testcase.strategy.TestKeYWatchpointGlobalVariablesOnSatisfiable" time="3.432"/>
  <system-out><![CDATA[]]></system-out>
  <system-err><![CDATA[]]></system-err>
</testsuite>
