<?xml version="1.0" encoding="UTF-8"?>
<testsuite name="de.uka.ilkd.key.nparser.ExprTest" tests="23" skipped="0" failures="0" errors="0" timestamp="2023-04-06T18:00:14" hostname="fv-az561-772" time="2.301">
  <properties/>
  <testcase name="[1] (bprod{int y;}(1, 2, y) = 0)" classname="de.uka.ilkd.key.nparser.ExprTest" time="0.024"/>
  <testcase name="[2] 1 = 1 -&gt; 2 = 2" classname="de.uka.ilkd.key.nparser.ExprTest" time="0.014"/>
  <testcase name="[3] \&lt; { int x = 1; } \&gt; x=1" classname="de.uka.ilkd.key.nparser.ExprTest" time="0.976"/>
  <testcase name="[4] \&lt;{ int x = 1; {int s = 2;} }\&gt; x=x" classname="de.uka.ilkd.key.nparser.ExprTest" time="0.905"/>
  <testcase name="[5] true" classname="de.uka.ilkd.key.nparser.ExprTest" time="0.019"/>
  <testcase name="[6] true &amp; false" classname="de.uka.ilkd.key.nparser.ExprTest" time="0.014"/>
  <testcase name="[7] 0" classname="de.uka.ilkd.key.nparser.ExprTest" time="0.013"/>
  <testcase name="[8] 1" classname="de.uka.ilkd.key.nparser.ExprTest" time="0.092"/>
  <testcase name="[9] 42" classname="de.uka.ilkd.key.nparser.ExprTest" time="0.014"/>
  <testcase name="[10] -5" classname="de.uka.ilkd.key.nparser.ExprTest" time="0.014"/>
  <testcase name="[11] 1 + 1 = 2" classname="de.uka.ilkd.key.nparser.ExprTest" time="0.02"/>
  <testcase name="[12] \if (3=4) \then (1) \else (2)" classname="de.uka.ilkd.key.nparser.ExprTest" time="0.013"/>
  <testcase name="[13] \if (3=4 &amp; 1=1) \then (\if (3=4) \then (1) \else (2)) \else (2)" classname="de.uka.ilkd.key.nparser.ExprTest" time="0.013"/>
  <testcase name="[14] aa + bb*cc" classname="de.uka.ilkd.key.nparser.ExprTest" time="0.013"/>
  <testcase name="[15] aa%bb*cc &lt; -123" classname="de.uka.ilkd.key.nparser.ExprTest" time="0.013"/>
  <testcase name="[16] \forall int x; true" classname="de.uka.ilkd.key.nparser.ExprTest" time="0.02"/>
  <testcase name="[17] \forall numbers x; x = x" classname="de.uka.ilkd.key.nparser.ExprTest" time="0.014"/>
  <testcase name="[18] (int)3+2" classname="de.uka.ilkd.key.nparser.ExprTest" time="0.017"/>
  <testcase name="[19] 1.f + 1f = 20e-1f * (2f-1f)" classname="de.uka.ilkd.key.nparser.ExprTest" time="0.017"/>
  <testcase name="[20] 1.d + 1d &lt;= 20e+1d * .01d" classname="de.uka.ilkd.key.nparser.ExprTest" time="0.011"/>
  <testcase name="[21] 1f &lt;= 2f" classname="de.uka.ilkd.key.nparser.ExprTest" time="0.011"/>
  <testcase name="[22] 2d &gt; 1d" classname="de.uka.ilkd.key.nparser.ExprTest" time="0.011"/>
  <testcase name="[23] seqEmpty + seqEmpty" classname="de.uka.ilkd.key.nparser.ExprTest" time="0.014"/>
  <system-out><![CDATA[195495     INFO  Test worker     d.u.i.k.n.KeyIO           Parsing took 15 ms 
195498     INFO  Test worker     d.u.i.k.n.KeyIO           MODE: declarations took 2 ms 
195502     INFO  Test worker     d.u.i.k.n.ExprTest        Term: equals(bprod{y:int}(Z(1(#)),Z(2(#)),y),Z(0(#))) 
195513     INFO  Test worker     d.u.i.k.n.KeyIO           Parsing took 9 ms 
195514     INFO  Test worker     d.u.i.k.n.KeyIO           MODE: declarations took 1 ms 
195516     INFO  Test worker     d.u.i.k.n.ExprTest        Term: imp(equals(Z(1(#)),Z(1(#))),equals(Z(2(#)),Z(2(#)))) 
195527     INFO  Test worker     d.u.i.k.n.KeyIO           Parsing took 9 ms 
195528     INFO  Test worker     d.u.i.k.n.KeyIO           MODE: declarations took 1 ms 
196491     INFO  Test worker     d.u.i.k.n.ExprTest        Term: \<{
  int x = 1;
}\> (equals(x,Z(1(#)))) 
196507     INFO  Test worker     d.u.i.k.n.KeyIO           Parsing took 7 ms 
196508     INFO  Test worker     d.u.i.k.n.KeyIO           MODE: declarations took 1 ms 
197402     INFO  Test worker     d.u.i.k.n.ExprTest        Term: \<{
  int x = 1;
  {
    int s = 2;
  }
}\> (equals(x,x)) 
197412     INFO  Test worker     d.u.i.k.n.KeyIO           Parsing took 8 ms 
197414     INFO  Test worker     d.u.i.k.n.KeyIO           MODE: declarations took 2 ms 
197422     INFO  Test worker     d.u.i.k.n.ExprTest        Term: true 
197432     INFO  Test worker     d.u.i.k.n.KeyIO           Parsing took 7 ms 
197434     INFO  Test worker     d.u.i.k.n.KeyIO           MODE: declarations took 1 ms 
197437     INFO  Test worker     d.u.i.k.n.ExprTest        Term: and(true,false) 
197449     INFO  Test worker     d.u.i.k.n.KeyIO           Parsing took 8 ms 
197450     INFO  Test worker     d.u.i.k.n.KeyIO           MODE: declarations took 1 ms 
197452     INFO  Test worker     d.u.i.k.n.ExprTest        Term: Z(0(#)) 
197534     INFO  Test worker     d.u.i.k.n.KeyIO           Parsing took 77 ms 
197540     INFO  Test worker     d.u.i.k.n.KeyIO           MODE: declarations took 1 ms 
197545     INFO  Test worker     d.u.i.k.n.ExprTest        Term: Z(1(#)) 
197556     INFO  Test worker     d.u.i.k.n.KeyIO           Parsing took 8 ms 
197557     INFO  Test worker     d.u.i.k.n.KeyIO           MODE: declarations took 1 ms 
197560     INFO  Test worker     d.u.i.k.n.ExprTest        Term: Z(2(4(#))) 
197570     INFO  Test worker     d.u.i.k.n.KeyIO           Parsing took 8 ms 
197571     INFO  Test worker     d.u.i.k.n.KeyIO           MODE: declarations took 0 ms 
197574     INFO  Test worker     d.u.i.k.n.ExprTest        Term: Z(neglit(5(#))) 
197592     INFO  Test worker     d.u.i.k.n.KeyIO           Parsing took 14 ms 
197593     INFO  Test worker     d.u.i.k.n.KeyIO           MODE: declarations took 0 ms 
197596     INFO  Test worker     d.u.i.k.n.ExprTest        Term: equals(add(Z(1(#)),Z(1(#))),Z(2(#))) 
197606     INFO  Test worker     d.u.i.k.n.KeyIO           Parsing took 8 ms 
197607     INFO  Test worker     d.u.i.k.n.KeyIO           MODE: declarations took 1 ms 
197610     INFO  Test worker     d.u.i.k.n.ExprTest        Term: if-then-else(equals(Z(3(#)),Z(4(#))),Z(1(#)),Z(2(#))) 
197619     INFO  Test worker     d.u.i.k.n.KeyIO           Parsing took 7 ms 
197621     INFO  Test worker     d.u.i.k.n.KeyIO           MODE: declarations took 1 ms 
197623     INFO  Test worker     d.u.i.k.n.ExprTest        Term: if-then-else(and(equals(Z(3(#)),Z(4(#))),equals(Z(1(#)),Z(1(#)))),if-then-else(equals(Z(3(#)),Z(4(#))),Z(1(#)),Z(2(#))),Z(2(#))) 
197633     INFO  Test worker     d.u.i.k.n.KeyIO           Parsing took 7 ms 
197635     INFO  Test worker     d.u.i.k.n.KeyIO           MODE: declarations took 1 ms 
197637     INFO  Test worker     d.u.i.k.n.ExprTest        Term: add(aa,mul(bb,cc)) 
197647     INFO  Test worker     d.u.i.k.n.KeyIO           Parsing took 7 ms 
197649     INFO  Test worker     d.u.i.k.n.KeyIO           MODE: declarations took 1 ms 
197652     INFO  Test worker     d.u.i.k.n.ExprTest        Term: lt(mul(mod(aa,bb),cc),Z(neglit(3(2(1(#)))))) 
197669     INFO  Test worker     d.u.i.k.n.KeyIO           Parsing took 14 ms 
197670     INFO  Test worker     d.u.i.k.n.KeyIO           MODE: declarations took 1 ms 
197673     INFO  Test worker     d.u.i.k.n.ExprTest        Term: all{x:int}(true) 
197685     INFO  Test worker     d.u.i.k.n.KeyIO           Parsing took 8 ms 
197686     INFO  Test worker     d.u.i.k.n.KeyIO           MODE: declarations took 1 ms 
197688     INFO  Test worker     d.u.i.k.n.ExprTest        Term: all{x:numbers}(equals(x,x)) 
197707     INFO  Test worker     d.u.i.k.n.KeyIO           Parsing took 13 ms 
197708     INFO  Test worker     d.u.i.k.n.KeyIO           MODE: declarations took 0 ms 
197710     INFO  Test worker     d.u.i.k.n.ExprTest        Term: add(int::cast(Z(3(#))),Z(2(#))) 
197720     INFO  Test worker     d.u.i.k.n.KeyIO           Parsing took 8 ms 
197721     INFO  Test worker     d.u.i.k.n.KeyIO           MODE: declarations took 1 ms 
197723     INFO  Test worker     d.u.i.k.n.ExprTest        Term: equals(addFloat(FP(6(1(2(3(5(3(5(6(0(1(#))))))))))),FP(6(1(2(3(5(3(5(6(0(1(#)))))))))))),mulFloat(FP(4(2(8(1(4(7(3(7(0(1(#))))))))))),subFloat(FP(4(2(8(1(4(7(3(7(0(1(#))))))))))),FP(6(1(2(3(5(3(5(6(0(1(#)))))))))))))) 
197735     INFO  Test worker     d.u.i.k.n.KeyIO           Parsing took 6 ms 
197736     INFO  Test worker     d.u.i.k.n.KeyIO           MODE: declarations took 1 ms 
197738     INFO  Test worker     d.u.i.k.n.ExprTest        Term: leqDouble(addDouble(DFP(8(0(4(7(1(0(0(0(8(8(1(4(2(8(1(7(0(6(4(#)))))))))))))))))))),DFP(8(0(4(7(1(0(0(0(8(8(1(4(2(8(1(7(0(6(4(#))))))))))))))))))))),mulDouble(DFP(4(8(7(6(0(0(2(8(9(0(9(8(0(4(2(1(4(6(4(#)))))))))))))))))))),DFP(5(7(6(7(8(0(4(0(3(9(2(2(8(1(9(6(7(5(4(#)))))))))))))))))))))) 
197749     INFO  Test worker     d.u.i.k.n.KeyIO           Parsing took 7 ms 
197750     INFO  Test worker     d.u.i.k.n.KeyIO           MODE: declarations took 1 ms 
197752     INFO  Test worker     d.u.i.k.n.ExprTest        Term: leqFloat(FP(6(1(2(3(5(3(5(6(0(1(#))))))))))),FP(4(2(8(1(4(7(3(7(0(1(#)))))))))))) 
197761     INFO  Test worker     d.u.i.k.n.KeyIO           Parsing took 7 ms 
197761     INFO  Test worker     d.u.i.k.n.KeyIO           MODE: declarations took 0 ms 
197763     INFO  Test worker     d.u.i.k.n.ExprTest        Term: gtDouble(DFP(4(0(9(7(8(3(7(2(4(8(1(0(6(8(6(1(1(6(4(#)))))))))))))))))))),DFP(8(0(4(7(1(0(0(0(8(8(1(4(2(8(1(7(0(6(4(#))))))))))))))))))))) 
197773     INFO  Test worker     d.u.i.k.n.KeyIO           Parsing took 7 ms 
197775     INFO  Test worker     d.u.i.k.n.KeyIO           MODE: declarations took 1 ms 
197778     INFO  Test worker     d.u.i.k.n.ExprTest        Term: seqConcat(seqEmpty,seqEmpty) 
]]></system-out>
  <system-err><![CDATA[]]></system-err>
</testsuite>
