<?xml version="1.0" encoding="UTF-8"?>
<testsuite name="de.uka.ilkd.key.parser.TestTermParserHeap" tests="39" skipped="0" failures="0" errors="0" timestamp="2023-04-06T18:02:04" hostname="fv-az561-772" time="111.13">
  <properties/>
  <testcase name="testBracketHeapUpdate()" classname="de.uka.ilkd.key.parser.TestTermParserHeap" time="0.045"/>
  <testcase name="testStore()" classname="de.uka.ilkd.key.parser.TestTermParserHeap" time="0.007"/>
  <testcase name="testUnknownConstant()" classname="de.uka.ilkd.key.parser.TestTermParserHeap" time="0.001"/>
  <testcase name="testAllFieldsSelector()" classname="de.uka.ilkd.key.parser.TestTermParserHeap" time="0.002"/>
  <testcase name="testParsePrettyPrintedSelect()" classname="de.uka.ilkd.key.parser.TestTermParserHeap" time="0.001"/>
  <testcase name="testAccessStaticMembers()" classname="de.uka.ilkd.key.parser.TestTermParserHeap" time="0.003"/>
  <testcase name="testAtOperator_1()" classname="de.uka.ilkd.key.parser.TestTermParserHeap" time="0.001"/>
  <testcase name="testAtOperator_2()" classname="de.uka.ilkd.key.parser.TestTermParserHeap" time="0.001"/>
  <testcase name="testAtOperator_3()" classname="de.uka.ilkd.key.parser.TestTermParserHeap" time="0.001"/>
  <testcase name="testAtOperator_4()" classname="de.uka.ilkd.key.parser.TestTermParserHeap" time="0.004"/>
  <testcase name="testAtOperator_5()" classname="de.uka.ilkd.key.parser.TestTermParserHeap" time="0.001"/>
  <testcase name="testAtOperator_6()" classname="de.uka.ilkd.key.parser.TestTermParserHeap" time="0.002"/>
  <testcase name="testAtOperator_7()" classname="de.uka.ilkd.key.parser.TestTermParserHeap" time="0.002"/>
  <testcase name="testAtOperator_8()" classname="de.uka.ilkd.key.parser.TestTermParserHeap" time="0.002"/>
  <testcase name="testVerifyExceptionIfAtOperatorNotPreceededBySelectTerm()" classname="de.uka.ilkd.key.parser.TestTermParserHeap" time="0.003"/>
  <testcase name="testBugResettingCounter()" classname="de.uka.ilkd.key.parser.TestTermParserHeap" time="0.002"/>
  <testcase name="testLocationSets()" classname="de.uka.ilkd.key.parser.TestTermParserHeap" time="0.001"/>
  <testcase name="testQuantifiedSelect()" classname="de.uka.ilkd.key.parser.TestTermParserHeap" time="0.003"/>
  <testcase name="testGenericObjectProperties()" classname="de.uka.ilkd.key.parser.TestTermParserHeap" time="0.002"/>
  <testcase name="testQueryInheritance_1()" classname="de.uka.ilkd.key.parser.TestTermParserHeap" time="0.002"/>
  <testcase name="testQueryInheritance_2()" classname="de.uka.ilkd.key.parser.TestTermParserHeap" time="0.002"/>
  <testcase name="testQueryInheritance_3()" classname="de.uka.ilkd.key.parser.TestTermParserHeap" time="0.002"/>
  <testcase name="testQueryInheritance_4()" classname="de.uka.ilkd.key.parser.TestTermParserHeap" time="0.006"/>
  <testcase name="testQueryInheritance_5()" classname="de.uka.ilkd.key.parser.TestTermParserHeap" time="0.001"/>
  <testcase name="testQueryInheritance_6()" classname="de.uka.ilkd.key.parser.TestTermParserHeap" time="0.001"/>
  <testcase name="testQueryInheritance_7()" classname="de.uka.ilkd.key.parser.TestTermParserHeap" time="0.005"/>
  <testcase name="testQueryInheritance_8()" classname="de.uka.ilkd.key.parser.TestTermParserHeap" time="0.001"/>
  <testcase name="testQueryInheritance_9()" classname="de.uka.ilkd.key.parser.TestTermParserHeap" time="0.001"/>
  <testcase name="testQueryBasic_10()" classname="de.uka.ilkd.key.parser.TestTermParserHeap" time="0.001"/>
  <testcase name="testQueryBasic_11()" classname="de.uka.ilkd.key.parser.TestTermParserHeap" time="0.003"/>
  <testcase name="testQueryBasic_1()" classname="de.uka.ilkd.key.parser.TestTermParserHeap" time="0.001"/>
  <testcase name="testQueryBasic_2()" classname="de.uka.ilkd.key.parser.TestTermParserHeap" time="0.002"/>
  <testcase name="testQueryBasic_3()" classname="de.uka.ilkd.key.parser.TestTermParserHeap" time="0.001"/>
  <testcase name="testQueryBasic_4()" classname="de.uka.ilkd.key.parser.TestTermParserHeap" time="0.002"/>
  <testcase name="testQueryBasic_5()" classname="de.uka.ilkd.key.parser.TestTermParserHeap" time="0.001"/>
  <testcase name="testQueryBasic_6()" classname="de.uka.ilkd.key.parser.TestTermParserHeap" time="0.002"/>
  <testcase name="testQueryBasic_7()" classname="de.uka.ilkd.key.parser.TestTermParserHeap" time="0.001"/>
  <testcase name="testQueryBasic_8()" classname="de.uka.ilkd.key.parser.TestTermParserHeap" time="0.004"/>
  <testcase name="testQueryBasic_9()" classname="de.uka.ilkd.key.parser.TestTermParserHeap" time="0.001"/>
  <system-out><![CDATA[305597     INFO  Test worker     d.u.i.k.n.KeyIO           Parsing took 0 ms 
305600     INFO  Test worker     d.u.i.k.n.KeyIO           MODE: declarations took 0 ms 
305600     INFO  Test worker     d.u.i.k.n.KeyIO           Parsing took 0 ms 
305600     INFO  Test worker     d.u.i.k.n.KeyIO           MODE: declarations took 0 ms 
305600     INFO  Test worker     d.u.i.k.n.KeyIO           Parsing took 0 ms 
305600     INFO  Test worker     d.u.i.k.n.KeyIO           MODE: declarations took 0 ms 
305600     INFO  Test worker     d.u.i.k.n.KeyIO           Parsing took 0 ms 
305600     INFO  Test worker     d.u.i.k.n.KeyIO           MODE: declarations took 0 ms 
305600     INFO  Test worker     d.u.i.k.n.KeyIO           Parsing took 0 ms 
305600     INFO  Test worker     d.u.i.k.n.KeyIO           MODE: declarations took 0 ms 
308579     INFO  Test worker     d.u.i.k.n.KeyIO           Parsing took 0 ms 
308579     INFO  Test worker     d.u.i.k.n.KeyIO           MODE: declarations took 0 ms 
308579     INFO  Test worker     d.u.i.k.n.KeyIO           Parsing took 0 ms 
308579     INFO  Test worker     d.u.i.k.n.KeyIO           MODE: declarations took 0 ms 
308579     INFO  Test worker     d.u.i.k.n.KeyIO           Parsing took 0 ms 
308579     INFO  Test worker     d.u.i.k.n.KeyIO           MODE: declarations took 0 ms 
308579     INFO  Test worker     d.u.i.k.n.KeyIO           Parsing took 0 ms 
308579     INFO  Test worker     d.u.i.k.n.KeyIO           MODE: declarations took 0 ms 
308579     INFO  Test worker     d.u.i.k.n.KeyIO           Parsing took 0 ms 
308579     INFO  Test worker     d.u.i.k.n.KeyIO           MODE: declarations took 0 ms 
311564     INFO  Test worker     d.u.i.k.n.KeyIO           Parsing took 1 ms 
311564     INFO  Test worker     d.u.i.k.n.KeyIO           MODE: declarations took 0 ms 
311564     INFO  Test worker     d.u.i.k.n.KeyIO           Parsing took 0 ms 
311564     INFO  Test worker     d.u.i.k.n.KeyIO           MODE: declarations took 0 ms 
311564     INFO  Test worker     d.u.i.k.n.KeyIO           Parsing took 0 ms 
311564     INFO  Test worker     d.u.i.k.n.KeyIO           MODE: declarations took 0 ms 
311564     INFO  Test worker     d.u.i.k.n.KeyIO           Parsing took 0 ms 
311564     INFO  Test worker     d.u.i.k.n.KeyIO           MODE: declarations took 0 ms 
311564     INFO  Test worker     d.u.i.k.n.KeyIO           Parsing took 0 ms 
311564     INFO  Test worker     d.u.i.k.n.KeyIO           MODE: declarations took 0 ms 
311564     INFO  Test worker     d.u.i.k.n.KeyIO           Parsing took 0 ms 
311564     INFO  Test worker     d.u.i.k.n.KeyIO           MODE: declarations took 0 ms 
314561     INFO  Test worker     d.u.i.k.n.KeyIO           Parsing took 0 ms 
314562     INFO  Test worker     d.u.i.k.n.KeyIO           MODE: declarations took 1 ms 
314562     INFO  Test worker     d.u.i.k.n.KeyIO           Parsing took 0 ms 
314562     INFO  Test worker     d.u.i.k.n.KeyIO           MODE: declarations took 0 ms 
314562     INFO  Test worker     d.u.i.k.n.KeyIO           Parsing took 0 ms 
314562     INFO  Test worker     d.u.i.k.n.KeyIO           MODE: declarations took 0 ms 
314562     INFO  Test worker     d.u.i.k.n.KeyIO           Parsing took 0 ms 
314562     INFO  Test worker     d.u.i.k.n.KeyIO           MODE: declarations took 0 ms 
314562     INFO  Test worker     d.u.i.k.n.KeyIO           Parsing took 0 ms 
314562     INFO  Test worker     d.u.i.k.n.KeyIO           MODE: declarations took 0 ms 
317474     INFO  Test worker     d.u.i.k.n.KeyIO           Parsing took 0 ms 
317474     INFO  Test worker     d.u.i.k.n.KeyIO           MODE: declarations took 0 ms 
317474     INFO  Test worker     d.u.i.k.n.KeyIO           Parsing took 0 ms 
317474     INFO  Test worker     d.u.i.k.n.KeyIO           MODE: declarations took 0 ms 
317474     INFO  Test worker     d.u.i.k.n.KeyIO           Parsing took 0 ms 
317474     INFO  Test worker     d.u.i.k.n.KeyIO           MODE: declarations took 0 ms 
317474     INFO  Test worker     d.u.i.k.n.KeyIO           Parsing took 0 ms 
317474     INFO  Test worker     d.u.i.k.n.KeyIO           MODE: declarations took 0 ms 
317474     INFO  Test worker     d.u.i.k.n.KeyIO           Parsing took 0 ms 
317474     INFO  Test worker     d.u.i.k.n.KeyIO           MODE: declarations took 0 ms 
320391     INFO  Test worker     d.u.i.k.n.KeyIO           Parsing took 0 ms 
320391     INFO  Test worker     d.u.i.k.n.KeyIO           MODE: declarations took 0 ms 
320392     INFO  Test worker     d.u.i.k.n.KeyIO           Parsing took 1 ms 
320392     INFO  Test worker     d.u.i.k.n.KeyIO           MODE: declarations took 0 ms 
320392     INFO  Test worker     d.u.i.k.n.KeyIO           Parsing took 0 ms 
320392     INFO  Test worker     d.u.i.k.n.KeyIO           MODE: declarations took 0 ms 
320392     INFO  Test worker     d.u.i.k.n.KeyIO           Parsing took 0 ms 
320392     INFO  Test worker     d.u.i.k.n.KeyIO           MODE: declarations took 0 ms 
320392     INFO  Test worker     d.u.i.k.n.KeyIO           Parsing took 0 ms 
320392     INFO  Test worker     d.u.i.k.n.KeyIO           MODE: declarations took 0 ms 
323266     INFO  Test worker     d.u.i.k.n.KeyIO           Parsing took 0 ms 
323266     INFO  Test worker     d.u.i.k.n.KeyIO           MODE: declarations took 0 ms 
323266     INFO  Test worker     d.u.i.k.n.KeyIO           Parsing took 0 ms 
323266     INFO  Test worker     d.u.i.k.n.KeyIO           MODE: declarations took 0 ms 
323266     INFO  Test worker     d.u.i.k.n.KeyIO           Parsing took 0 ms 
323266     INFO  Test worker     d.u.i.k.n.KeyIO           MODE: declarations took 0 ms 
323266     INFO  Test worker     d.u.i.k.n.KeyIO           Parsing took 0 ms 
323266     INFO  Test worker     d.u.i.k.n.KeyIO           MODE: declarations took 0 ms 
323266     INFO  Test worker     d.u.i.k.n.KeyIO           Parsing took 0 ms 
323266     INFO  Test worker     d.u.i.k.n.KeyIO           MODE: declarations took 0 ms 
326224     INFO  Test worker     d.u.i.k.n.KeyIO           Parsing took 0 ms 
326224     INFO  Test worker     d.u.i.k.n.KeyIO           MODE: declarations took 0 ms 
326224     INFO  Test worker     d.u.i.k.n.KeyIO           Parsing took 0 ms 
326224     INFO  Test worker     d.u.i.k.n.KeyIO           MODE: declarations took 0 ms 
326224     INFO  Test worker     d.u.i.k.n.KeyIO           Parsing took 0 ms 
326224     INFO  Test worker     d.u.i.k.n.KeyIO           MODE: declarations took 0 ms 
326224     INFO  Test worker     d.u.i.k.n.KeyIO           Parsing took 0 ms 
326224     INFO  Test worker     d.u.i.k.n.KeyIO           MODE: declarations took 0 ms 
326224     INFO  Test worker     d.u.i.k.n.KeyIO           Parsing took 0 ms 
326224     INFO  Test worker     d.u.i.k.n.KeyIO           MODE: declarations took 0 ms 
329295     INFO  Test worker     d.u.i.k.n.KeyIO           Parsing took 0 ms 
329295     INFO  Test worker     d.u.i.k.n.KeyIO           MODE: declarations took 0 ms 
329295     INFO  Test worker     d.u.i.k.n.KeyIO           Parsing took 0 ms 
329295     INFO  Test worker     d.u.i.k.n.KeyIO           MODE: declarations took 0 ms 
329295     INFO  Test worker     d.u.i.k.n.KeyIO           Parsing took 0 ms 
329295     INFO  Test worker     d.u.i.k.n.KeyIO           MODE: declarations took 0 ms 
329295     INFO  Test worker     d.u.i.k.n.KeyIO           Parsing took 0 ms 
329295     INFO  Test worker     d.u.i.k.n.KeyIO           MODE: declarations took 0 ms 
329295     INFO  Test worker     d.u.i.k.n.KeyIO           Parsing took 0 ms 
329295     INFO  Test worker     d.u.i.k.n.KeyIO           MODE: declarations took 0 ms 
332219     INFO  Test worker     d.u.i.k.n.KeyIO           Parsing took 0 ms 
332219     INFO  Test worker     d.u.i.k.n.KeyIO           MODE: declarations took 0 ms 
332220     INFO  Test worker     d.u.i.k.n.KeyIO           Parsing took 1 ms 
332220     INFO  Test worker     d.u.i.k.n.KeyIO           MODE: declarations took 0 ms 
332220     INFO  Test worker     d.u.i.k.n.KeyIO           Parsing took 0 ms 
332220     INFO  Test worker     d.u.i.k.n.KeyIO           MODE: declarations took 0 ms 
332220     INFO  Test worker     d.u.i.k.n.KeyIO           Parsing took 0 ms 
332220     INFO  Test worker     d.u.i.k.n.KeyIO           MODE: declarations took 0 ms 
332220     INFO  Test worker     d.u.i.k.n.KeyIO           Parsing took 0 ms 
332220     INFO  Test worker     d.u.i.k.n.KeyIO           MODE: declarations took 0 ms 
335157     INFO  Test worker     d.u.i.k.n.KeyIO           Parsing took 0 ms 
335157     INFO  Test worker     d.u.i.k.n.KeyIO           MODE: declarations took 0 ms 
335158     INFO  Test worker     d.u.i.k.n.KeyIO           Parsing took 1 ms 
335158     INFO  Test worker     d.u.i.k.n.KeyIO           MODE: declarations took 0 ms 
335158     INFO  Test worker     d.u.i.k.n.KeyIO           Parsing took 0 ms 
335158     INFO  Test worker     d.u.i.k.n.KeyIO           MODE: declarations took 0 ms 
335158     INFO  Test worker     d.u.i.k.n.KeyIO           Parsing took 0 ms 
335158     INFO  Test worker     d.u.i.k.n.KeyIO           MODE: declarations took 0 ms 
335158     INFO  Test worker     d.u.i.k.n.KeyIO           Parsing took 0 ms 
335158     INFO  Test worker     d.u.i.k.n.KeyIO           MODE: declarations took 0 ms 
338105     INFO  Test worker     d.u.i.k.n.KeyIO           Parsing took 0 ms 
338105     INFO  Test worker     d.u.i.k.n.KeyIO           MODE: declarations took 0 ms 
338105     INFO  Test worker     d.u.i.k.n.KeyIO           Parsing took 0 ms 
338105     INFO  Test worker     d.u.i.k.n.KeyIO           MODE: declarations took 0 ms 
338105     INFO  Test worker     d.u.i.k.n.KeyIO           Parsing took 0 ms 
338105     INFO  Test worker     d.u.i.k.n.KeyIO           MODE: declarations took 0 ms 
338105     INFO  Test worker     d.u.i.k.n.KeyIO           Parsing took 0 ms 
338105     INFO  Test worker     d.u.i.k.n.KeyIO           MODE: declarations took 0 ms 
338105     INFO  Test worker     d.u.i.k.n.KeyIO           Parsing took 0 ms 
338105     INFO  Test worker     d.u.i.k.n.KeyIO           MODE: declarations took 0 ms 
341097     INFO  Test worker     d.u.i.k.n.KeyIO           Parsing took 0 ms 
341097     INFO  Test worker     d.u.i.k.n.KeyIO           MODE: declarations took 0 ms 
341097     INFO  Test worker     d.u.i.k.n.KeyIO           Parsing took 0 ms 
341097     INFO  Test worker     d.u.i.k.n.KeyIO           MODE: declarations took 0 ms 
341097     INFO  Test worker     d.u.i.k.n.KeyIO           Parsing took 0 ms 
341097     INFO  Test worker     d.u.i.k.n.KeyIO           MODE: declarations took 0 ms 
341098     INFO  Test worker     d.u.i.k.n.KeyIO           Parsing took 0 ms 
341098     INFO  Test worker     d.u.i.k.n.KeyIO           MODE: declarations took 0 ms 
341098     INFO  Test worker     d.u.i.k.n.KeyIO           Parsing took 0 ms 
341098     INFO  Test worker     d.u.i.k.n.KeyIO           MODE: declarations took 0 ms 
344041     INFO  Test worker     d.u.i.k.n.KeyIO           Parsing took 0 ms 
344042     INFO  Test worker     d.u.i.k.n.KeyIO           MODE: declarations took 0 ms 
344042     INFO  Test worker     d.u.i.k.n.KeyIO           Parsing took 0 ms 
344042     INFO  Test worker     d.u.i.k.n.KeyIO           MODE: declarations took 0 ms 
344042     INFO  Test worker     d.u.i.k.n.KeyIO           Parsing took 0 ms 
344042     INFO  Test worker     d.u.i.k.n.KeyIO           MODE: declarations took 0 ms 
344042     INFO  Test worker     d.u.i.k.n.KeyIO           Parsing took 0 ms 
344042     INFO  Test worker     d.u.i.k.n.KeyIO           MODE: declarations took 0 ms 
344042     INFO  Test worker     d.u.i.k.n.KeyIO           Parsing took 0 ms 
344042     INFO  Test worker     d.u.i.k.n.KeyIO           MODE: declarations took 0 ms 
346955     INFO  Test worker     d.u.i.k.n.KeyIO           Parsing took 0 ms 
346955     INFO  Test worker     d.u.i.k.n.KeyIO           MODE: declarations took 0 ms 
346955     INFO  Test worker     d.u.i.k.n.KeyIO           Parsing took 0 ms 
346955     INFO  Test worker     d.u.i.k.n.KeyIO           MODE: declarations took 0 ms 
346955     INFO  Test worker     d.u.i.k.n.KeyIO           Parsing took 0 ms 
346955     INFO  Test worker     d.u.i.k.n.KeyIO           MODE: declarations took 0 ms 
346955     INFO  Test worker     d.u.i.k.n.KeyIO           Parsing took 0 ms 
346955     INFO  Test worker     d.u.i.k.n.KeyIO           MODE: declarations took 0 ms 
346955     INFO  Test worker     d.u.i.k.n.KeyIO           Parsing took 0 ms 
346955     INFO  Test worker     d.u.i.k.n.KeyIO           MODE: declarations took 0 ms 
346958     WARN  Test worker     d.u.i.k.n.KeYParser       [syntax-error] <unknown>:1:11: mismatched input '@' expecting {'/', ':=', '.', '(', ')', '{', '[', '@', PARALLEL, OR, AND, IMP, '=', NOT_EQUALS, '%', '*', '-', '+', '>', GREATEREQUAL, '<', LESSEQUAL, LGUILLEMETS, EQV} [@11,11:11='@',<153>,1:11] (termEOF) 
349837     INFO  Test worker     d.u.i.k.n.KeyIO           Parsing took 0 ms 
349837     INFO  Test worker     d.u.i.k.n.KeyIO           MODE: declarations took 0 ms 
349837     INFO  Test worker     d.u.i.k.n.KeyIO           Parsing took 0 ms 
349837     INFO  Test worker     d.u.i.k.n.KeyIO           MODE: declarations took 0 ms 
349837     INFO  Test worker     d.u.i.k.n.KeyIO           Parsing took 0 ms 
349837     INFO  Test worker     d.u.i.k.n.KeyIO           MODE: declarations took 0 ms 
349837     INFO  Test worker     d.u.i.k.n.KeyIO           Parsing took 0 ms 
349837     INFO  Test worker     d.u.i.k.n.KeyIO           MODE: declarations took 0 ms 
349837     INFO  Test worker     d.u.i.k.n.KeyIO           Parsing took 0 ms 
349837     INFO  Test worker     d.u.i.k.n.KeyIO           MODE: declarations took 0 ms 
352721     INFO  Test worker     d.u.i.k.n.KeyIO           Parsing took 0 ms 
352721     INFO  Test worker     d.u.i.k.n.KeyIO           MODE: declarations took 0 ms 
352721     INFO  Test worker     d.u.i.k.n.KeyIO           Parsing took 0 ms 
352721     INFO  Test worker     d.u.i.k.n.KeyIO           MODE: declarations took 0 ms 
352721     INFO  Test worker     d.u.i.k.n.KeyIO           Parsing took 0 ms 
352721     INFO  Test worker     d.u.i.k.n.KeyIO           MODE: declarations took 0 ms 
352721     INFO  Test worker     d.u.i.k.n.KeyIO           Parsing took 0 ms 
352721     INFO  Test worker     d.u.i.k.n.KeyIO           MODE: declarations took 0 ms 
352721     INFO  Test worker     d.u.i.k.n.KeyIO           Parsing took 0 ms 
352721     INFO  Test worker     d.u.i.k.n.KeyIO           MODE: declarations took 0 ms 
355612     INFO  Test worker     d.u.i.k.n.KeyIO           Parsing took 0 ms 
355612     INFO  Test worker     d.u.i.k.n.KeyIO           MODE: declarations took 0 ms 
355612     INFO  Test worker     d.u.i.k.n.KeyIO           Parsing took 0 ms 
355612     INFO  Test worker     d.u.i.k.n.KeyIO           MODE: declarations took 0 ms 
355612     INFO  Test worker     d.u.i.k.n.KeyIO           Parsing took 0 ms 
355612     INFO  Test worker     d.u.i.k.n.KeyIO           MODE: declarations took 0 ms 
355612     INFO  Test worker     d.u.i.k.n.KeyIO           Parsing took 0 ms 
355612     INFO  Test worker     d.u.i.k.n.KeyIO           MODE: declarations took 0 ms 
355612     INFO  Test worker     d.u.i.k.n.KeyIO           Parsing took 0 ms 
355612     INFO  Test worker     d.u.i.k.n.KeyIO           MODE: declarations took 0 ms 
358492     INFO  Test worker     d.u.i.k.n.KeyIO           Parsing took 0 ms 
358493     INFO  Test worker     d.u.i.k.n.KeyIO           MODE: declarations took 0 ms 
358493     INFO  Test worker     d.u.i.k.n.KeyIO           Parsing took 0 ms 
358493     INFO  Test worker     d.u.i.k.n.KeyIO           MODE: declarations took 0 ms 
358493     INFO  Test worker     d.u.i.k.n.KeyIO           Parsing took 0 ms 
358493     INFO  Test worker     d.u.i.k.n.KeyIO           MODE: declarations took 0 ms 
358493     INFO  Test worker     d.u.i.k.n.KeyIO           Parsing took 0 ms 
358493     INFO  Test worker     d.u.i.k.n.KeyIO           MODE: declarations took 0 ms 
358493     INFO  Test worker     d.u.i.k.n.KeyIO           Parsing took 0 ms 
358493     INFO  Test worker     d.u.i.k.n.KeyIO           MODE: declarations took 0 ms 
361391     INFO  Test worker     d.u.i.k.n.KeyIO           Parsing took 0 ms 
361391     INFO  Test worker     d.u.i.k.n.KeyIO           MODE: declarations took 0 ms 
361391     INFO  Test worker     d.u.i.k.n.KeyIO           Parsing took 0 ms 
361392     INFO  Test worker     d.u.i.k.n.KeyIO           MODE: declarations took 0 ms 
361392     INFO  Test worker     d.u.i.k.n.KeyIO           Parsing took 0 ms 
361392     INFO  Test worker     d.u.i.k.n.KeyIO           MODE: declarations took 0 ms 
361392     INFO  Test worker     d.u.i.k.n.KeyIO           Parsing took 0 ms 
361392     INFO  Test worker     d.u.i.k.n.KeyIO           MODE: declarations took 0 ms 
361392     INFO  Test worker     d.u.i.k.n.KeyIO           Parsing took 0 ms 
361392     INFO  Test worker     d.u.i.k.n.KeyIO           MODE: declarations took 0 ms 
364338     INFO  Test worker     d.u.i.k.n.KeyIO           Parsing took 0 ms 
364338     INFO  Test worker     d.u.i.k.n.KeyIO           MODE: declarations took 0 ms 
364338     INFO  Test worker     d.u.i.k.n.KeyIO           Parsing took 0 ms 
364338     INFO  Test worker     d.u.i.k.n.KeyIO           MODE: declarations took 0 ms 
364338     INFO  Test worker     d.u.i.k.n.KeyIO           Parsing took 0 ms 
364338     INFO  Test worker     d.u.i.k.n.KeyIO           MODE: declarations took 0 ms 
364338     INFO  Test worker     d.u.i.k.n.KeyIO           Parsing took 0 ms 
364338     INFO  Test worker     d.u.i.k.n.KeyIO           MODE: declarations took 0 ms 
364338     INFO  Test worker     d.u.i.k.n.KeyIO           Parsing took 0 ms 
364338     INFO  Test worker     d.u.i.k.n.KeyIO           MODE: declarations took 0 ms 
367251     INFO  Test worker     d.u.i.k.n.KeyIO           Parsing took 0 ms 
367251     INFO  Test worker     d.u.i.k.n.KeyIO           MODE: declarations took 0 ms 
367251     INFO  Test worker     d.u.i.k.n.KeyIO           Parsing took 0 ms 
367251     INFO  Test worker     d.u.i.k.n.KeyIO           MODE: declarations took 0 ms 
367251     INFO  Test worker     d.u.i.k.n.KeyIO           Parsing took 0 ms 
367251     INFO  Test worker     d.u.i.k.n.KeyIO           MODE: declarations took 0 ms 
367251     INFO  Test worker     d.u.i.k.n.KeyIO           Parsing took 0 ms 
367251     INFO  Test worker     d.u.i.k.n.KeyIO           MODE: declarations took 0 ms 
367251     INFO  Test worker     d.u.i.k.n.KeyIO           Parsing took 0 ms 
367251     INFO  Test worker     d.u.i.k.n.KeyIO           MODE: declarations took 0 ms 
370156     INFO  Test worker     d.u.i.k.n.KeyIO           Parsing took 0 ms 
370156     INFO  Test worker     d.u.i.k.n.KeyIO           MODE: declarations took 0 ms 
370156     INFO  Test worker     d.u.i.k.n.KeyIO           Parsing took 0 ms 
370156     INFO  Test worker     d.u.i.k.n.KeyIO           MODE: declarations took 0 ms 
370156     INFO  Test worker     d.u.i.k.n.KeyIO           Parsing took 0 ms 
370156     INFO  Test worker     d.u.i.k.n.KeyIO           MODE: declarations took 0 ms 
370156     INFO  Test worker     d.u.i.k.n.KeyIO           Parsing took 0 ms 
370156     INFO  Test worker     d.u.i.k.n.KeyIO           MODE: declarations took 0 ms 
370156     INFO  Test worker     d.u.i.k.n.KeyIO           Parsing took 0 ms 
370161     INFO  Test worker     d.u.i.k.n.KeyIO           MODE: declarations took 0 ms 
373072     INFO  Test worker     d.u.i.k.n.KeyIO           Parsing took 0 ms 
373072     INFO  Test worker     d.u.i.k.n.KeyIO           MODE: declarations took 0 ms 
373072     INFO  Test worker     d.u.i.k.n.KeyIO           Parsing took 0 ms 
373072     INFO  Test worker     d.u.i.k.n.KeyIO           MODE: declarations took 0 ms 
373072     INFO  Test worker     d.u.i.k.n.KeyIO           Parsing took 0 ms 
373072     INFO  Test worker     d.u.i.k.n.KeyIO           MODE: declarations took 0 ms 
373072     INFO  Test worker     d.u.i.k.n.KeyIO           Parsing took 0 ms 
373072     INFO  Test worker     d.u.i.k.n.KeyIO           MODE: declarations took 0 ms 
373072     INFO  Test worker     d.u.i.k.n.KeyIO           Parsing took 0 ms 
373072     INFO  Test worker     d.u.i.k.n.KeyIO           MODE: declarations took 0 ms 
375959     INFO  Test worker     d.u.i.k.n.KeyIO           Parsing took 0 ms 
375959     INFO  Test worker     d.u.i.k.n.KeyIO           MODE: declarations took 0 ms 
375959     INFO  Test worker     d.u.i.k.n.KeyIO           Parsing took 0 ms 
375959     INFO  Test worker     d.u.i.k.n.KeyIO           MODE: declarations took 0 ms 
375959     INFO  Test worker     d.u.i.k.n.KeyIO           Parsing took 0 ms 
375959     INFO  Test worker     d.u.i.k.n.KeyIO           MODE: declarations took 0 ms 
375959     INFO  Test worker     d.u.i.k.n.KeyIO           Parsing took 0 ms 
375959     INFO  Test worker     d.u.i.k.n.KeyIO           MODE: declarations took 0 ms 
375959     INFO  Test worker     d.u.i.k.n.KeyIO           Parsing took 0 ms 
375959     INFO  Test worker     d.u.i.k.n.KeyIO           MODE: declarations took 0 ms 
378849     INFO  Test worker     d.u.i.k.n.KeyIO           Parsing took 0 ms 
378849     INFO  Test worker     d.u.i.k.n.KeyIO           MODE: declarations took 0 ms 
378849     INFO  Test worker     d.u.i.k.n.KeyIO           Parsing took 0 ms 
378851     INFO  Test worker     d.u.i.k.n.KeyIO           MODE: declarations took 1 ms 
378851     INFO  Test worker     d.u.i.k.n.KeyIO           Parsing took 0 ms 
378853     INFO  Test worker     d.u.i.k.n.KeyIO           MODE: declarations took 2 ms 
378853     INFO  Test worker     d.u.i.k.n.KeyIO           Parsing took 0 ms 
378853     INFO  Test worker     d.u.i.k.n.KeyIO           MODE: declarations took 0 ms 
378853     INFO  Test worker     d.u.i.k.n.KeyIO           Parsing took 0 ms 
378853     INFO  Test worker     d.u.i.k.n.KeyIO           MODE: declarations took 0 ms 
381737     INFO  Test worker     d.u.i.k.n.KeyIO           Parsing took 0 ms 
381737     INFO  Test worker     d.u.i.k.n.KeyIO           MODE: declarations took 0 ms 
381737     INFO  Test worker     d.u.i.k.n.KeyIO           Parsing took 0 ms 
381737     INFO  Test worker     d.u.i.k.n.KeyIO           MODE: declarations took 0 ms 
381737     INFO  Test worker     d.u.i.k.n.KeyIO           Parsing took 0 ms 
381737     INFO  Test worker     d.u.i.k.n.KeyIO           MODE: declarations took 0 ms 
381737     INFO  Test worker     d.u.i.k.n.KeyIO           Parsing took 0 ms 
381737     INFO  Test worker     d.u.i.k.n.KeyIO           MODE: declarations took 0 ms 
381737     INFO  Test worker     d.u.i.k.n.KeyIO           Parsing took 0 ms 
381737     INFO  Test worker     d.u.i.k.n.KeyIO           MODE: declarations took 0 ms 
384623     INFO  Test worker     d.u.i.k.n.KeyIO           Parsing took 0 ms 
384623     INFO  Test worker     d.u.i.k.n.KeyIO           MODE: declarations took 0 ms 
384623     INFO  Test worker     d.u.i.k.n.KeyIO           Parsing took 0 ms 
384623     INFO  Test worker     d.u.i.k.n.KeyIO           MODE: declarations took 0 ms 
384623     INFO  Test worker     d.u.i.k.n.KeyIO           Parsing took 0 ms 
384623     INFO  Test worker     d.u.i.k.n.KeyIO           MODE: declarations took 0 ms 
384623     INFO  Test worker     d.u.i.k.n.KeyIO           Parsing took 0 ms 
384623     INFO  Test worker     d.u.i.k.n.KeyIO           MODE: declarations took 0 ms 
384623     INFO  Test worker     d.u.i.k.n.KeyIO           Parsing took 0 ms 
384623     INFO  Test worker     d.u.i.k.n.KeyIO           MODE: declarations took 0 ms 
387553     INFO  Test worker     d.u.i.k.n.KeyIO           Parsing took 0 ms 
387553     INFO  Test worker     d.u.i.k.n.KeyIO           MODE: declarations took 0 ms 
387553     INFO  Test worker     d.u.i.k.n.KeyIO           Parsing took 0 ms 
387553     INFO  Test worker     d.u.i.k.n.KeyIO           MODE: declarations took 0 ms 
387554     INFO  Test worker     d.u.i.k.n.KeyIO           Parsing took 0 ms 
387554     INFO  Test worker     d.u.i.k.n.KeyIO           MODE: declarations took 0 ms 
387554     INFO  Test worker     d.u.i.k.n.KeyIO           Parsing took 0 ms 
387554     INFO  Test worker     d.u.i.k.n.KeyIO           MODE: declarations took 0 ms 
387554     INFO  Test worker     d.u.i.k.n.KeyIO           Parsing took 0 ms 
387554     INFO  Test worker     d.u.i.k.n.KeyIO           MODE: declarations took 0 ms 
390482     INFO  Test worker     d.u.i.k.n.KeyIO           Parsing took 0 ms 
390482     INFO  Test worker     d.u.i.k.n.KeyIO           MODE: declarations took 0 ms 
390482     INFO  Test worker     d.u.i.k.n.KeyIO           Parsing took 0 ms 
390483     INFO  Test worker     d.u.i.k.n.KeyIO           MODE: declarations took 1 ms 
390483     INFO  Test worker     d.u.i.k.n.KeyIO           Parsing took 0 ms 
390483     INFO  Test worker     d.u.i.k.n.KeyIO           MODE: declarations took 0 ms 
390483     INFO  Test worker     d.u.i.k.n.KeyIO           Parsing took 0 ms 
390483     INFO  Test worker     d.u.i.k.n.KeyIO           MODE: declarations took 0 ms 
390483     INFO  Test worker     d.u.i.k.n.KeyIO           Parsing took 0 ms 
390483     INFO  Test worker     d.u.i.k.n.KeyIO           MODE: declarations took 0 ms 
393413     INFO  Test worker     d.u.i.k.n.KeyIO           Parsing took 0 ms 
393413     INFO  Test worker     d.u.i.k.n.KeyIO           MODE: declarations took 0 ms 
393413     INFO  Test worker     d.u.i.k.n.KeyIO           Parsing took 0 ms 
393413     INFO  Test worker     d.u.i.k.n.KeyIO           MODE: declarations took 0 ms 
393413     INFO  Test worker     d.u.i.k.n.KeyIO           Parsing took 0 ms 
393413     INFO  Test worker     d.u.i.k.n.KeyIO           MODE: declarations took 0 ms 
393413     INFO  Test worker     d.u.i.k.n.KeyIO           Parsing took 0 ms 
393413     INFO  Test worker     d.u.i.k.n.KeyIO           MODE: declarations took 0 ms 
393413     INFO  Test worker     d.u.i.k.n.KeyIO           Parsing took 0 ms 
393413     INFO  Test worker     d.u.i.k.n.KeyIO           MODE: declarations took 0 ms 
396326     INFO  Test worker     d.u.i.k.n.KeyIO           Parsing took 0 ms 
396326     INFO  Test worker     d.u.i.k.n.KeyIO           MODE: declarations took 0 ms 
396326     INFO  Test worker     d.u.i.k.n.KeyIO           Parsing took 0 ms 
396326     INFO  Test worker     d.u.i.k.n.KeyIO           MODE: declarations took 0 ms 
396326     INFO  Test worker     d.u.i.k.n.KeyIO           Parsing took 0 ms 
396326     INFO  Test worker     d.u.i.k.n.KeyIO           MODE: declarations took 0 ms 
396326     INFO  Test worker     d.u.i.k.n.KeyIO           Parsing took 0 ms 
396326     INFO  Test worker     d.u.i.k.n.KeyIO           MODE: declarations took 0 ms 
396326     INFO  Test worker     d.u.i.k.n.KeyIO           Parsing took 0 ms 
396326     INFO  Test worker     d.u.i.k.n.KeyIO           MODE: declarations took 0 ms 
399240     INFO  Test worker     d.u.i.k.n.KeyIO           Parsing took 0 ms 
399240     INFO  Test worker     d.u.i.k.n.KeyIO           MODE: declarations took 0 ms 
399240     INFO  Test worker     d.u.i.k.n.KeyIO           Parsing took 0 ms 
399240     INFO  Test worker     d.u.i.k.n.KeyIO           MODE: declarations took 0 ms 
399240     INFO  Test worker     d.u.i.k.n.KeyIO           Parsing took 0 ms 
399240     INFO  Test worker     d.u.i.k.n.KeyIO           MODE: declarations took 0 ms 
399240     INFO  Test worker     d.u.i.k.n.KeyIO           Parsing took 0 ms 
399240     INFO  Test worker     d.u.i.k.n.KeyIO           MODE: declarations took 0 ms 
399240     INFO  Test worker     d.u.i.k.n.KeyIO           Parsing took 0 ms 
399240     INFO  Test worker     d.u.i.k.n.KeyIO           MODE: declarations took 0 ms 
402139     INFO  Test worker     d.u.i.k.n.KeyIO           Parsing took 0 ms 
402139     INFO  Test worker     d.u.i.k.n.KeyIO           MODE: declarations took 0 ms 
402140     INFO  Test worker     d.u.i.k.n.KeyIO           Parsing took 1 ms 
402140     INFO  Test worker     d.u.i.k.n.KeyIO           MODE: declarations took 0 ms 
402140     INFO  Test worker     d.u.i.k.n.KeyIO           Parsing took 0 ms 
402140     INFO  Test worker     d.u.i.k.n.KeyIO           MODE: declarations took 0 ms 
402140     INFO  Test worker     d.u.i.k.n.KeyIO           Parsing took 0 ms 
402140     INFO  Test worker     d.u.i.k.n.KeyIO           MODE: declarations took 0 ms 
402140     INFO  Test worker     d.u.i.k.n.KeyIO           Parsing took 0 ms 
402140     INFO  Test worker     d.u.i.k.n.KeyIO           MODE: declarations took 0 ms 
405061     INFO  Test worker     d.u.i.k.n.KeyIO           Parsing took 0 ms 
405061     INFO  Test worker     d.u.i.k.n.KeyIO           MODE: declarations took 0 ms 
405061     INFO  Test worker     d.u.i.k.n.KeyIO           Parsing took 0 ms 
405061     INFO  Test worker     d.u.i.k.n.KeyIO           MODE: declarations took 0 ms 
405061     INFO  Test worker     d.u.i.k.n.KeyIO           Parsing took 0 ms 
405061     INFO  Test worker     d.u.i.k.n.KeyIO           MODE: declarations took 0 ms 
405061     INFO  Test worker     d.u.i.k.n.KeyIO           Parsing took 0 ms 
405061     INFO  Test worker     d.u.i.k.n.KeyIO           MODE: declarations took 0 ms 
405061     INFO  Test worker     d.u.i.k.n.KeyIO           Parsing took 0 ms 
405061     INFO  Test worker     d.u.i.k.n.KeyIO           MODE: declarations took 0 ms 
407946     INFO  Test worker     d.u.i.k.n.KeyIO           Parsing took 1 ms 
407946     INFO  Test worker     d.u.i.k.n.KeyIO           MODE: declarations took 0 ms 
407946     INFO  Test worker     d.u.i.k.n.KeyIO           Parsing took 0 ms 
407946     INFO  Test worker     d.u.i.k.n.KeyIO           MODE: declarations took 0 ms 
407946     INFO  Test worker     d.u.i.k.n.KeyIO           Parsing took 0 ms 
407946     INFO  Test worker     d.u.i.k.n.KeyIO           MODE: declarations took 0 ms 
407946     INFO  Test worker     d.u.i.k.n.KeyIO           Parsing took 0 ms 
407946     INFO  Test worker     d.u.i.k.n.KeyIO           MODE: declarations took 0 ms 
407946     INFO  Test worker     d.u.i.k.n.KeyIO           Parsing took 0 ms 
407946     INFO  Test worker     d.u.i.k.n.KeyIO           MODE: declarations took 0 ms 
410836     INFO  Test worker     d.u.i.k.n.KeyIO           Parsing took 0 ms 
410836     INFO  Test worker     d.u.i.k.n.KeyIO           MODE: declarations took 0 ms 
410836     INFO  Test worker     d.u.i.k.n.KeyIO           Parsing took 0 ms 
410836     INFO  Test worker     d.u.i.k.n.KeyIO           MODE: declarations took 0 ms 
410836     INFO  Test worker     d.u.i.k.n.KeyIO           Parsing took 0 ms 
410836     INFO  Test worker     d.u.i.k.n.KeyIO           MODE: declarations took 0 ms 
410836     INFO  Test worker     d.u.i.k.n.KeyIO           Parsing took 0 ms 
410836     INFO  Test worker     d.u.i.k.n.KeyIO           MODE: declarations took 0 ms 
410836     INFO  Test worker     d.u.i.k.n.KeyIO           Parsing took 0 ms 
410836     INFO  Test worker     d.u.i.k.n.KeyIO           MODE: declarations took 0 ms 
413758     INFO  Test worker     d.u.i.k.n.KeyIO           Parsing took 0 ms 
413758     INFO  Test worker     d.u.i.k.n.KeyIO           MODE: declarations took 0 ms 
413759     INFO  Test worker     d.u.i.k.n.KeyIO           Parsing took 0 ms 
413759     INFO  Test worker     d.u.i.k.n.KeyIO           MODE: declarations took 0 ms 
413759     INFO  Test worker     d.u.i.k.n.KeyIO           Parsing took 0 ms 
413759     INFO  Test worker     d.u.i.k.n.KeyIO           MODE: declarations took 0 ms 
413760     INFO  Test worker     d.u.i.k.n.KeyIO           Parsing took 0 ms 
413760     INFO  Test worker     d.u.i.k.n.KeyIO           MODE: declarations took 0 ms 
413760     INFO  Test worker     d.u.i.k.n.KeyIO           Parsing took 0 ms 
413760     INFO  Test worker     d.u.i.k.n.KeyIO           MODE: declarations took 0 ms 
416724     INFO  Test worker     d.u.i.k.n.KeyIO           Parsing took 0 ms 
416725     INFO  Test worker     d.u.i.k.n.KeyIO           MODE: declarations took 0 ms 
416725     INFO  Test worker     d.u.i.k.n.KeyIO           Parsing took 0 ms 
416725     INFO  Test worker     d.u.i.k.n.KeyIO           MODE: declarations took 0 ms 
416725     INFO  Test worker     d.u.i.k.n.KeyIO           Parsing took 0 ms 
416725     INFO  Test worker     d.u.i.k.n.KeyIO           MODE: declarations took 0 ms 
416725     INFO  Test worker     d.u.i.k.n.KeyIO           Parsing took 0 ms 
416725     INFO  Test worker     d.u.i.k.n.KeyIO           MODE: declarations took 0 ms 
416725     INFO  Test worker     d.u.i.k.n.KeyIO           Parsing took 0 ms 
416725     INFO  Test worker     d.u.i.k.n.KeyIO           MODE: declarations took 0 ms 
]]></system-out>
  <system-err><![CDATA[]]></system-err>
</testsuite>
