<?xml version="1.0" encoding="UTF-8"?>
<testsuite name="de.uka.ilkd.key.parser.TestDeclParser" tests="14" skipped="2" failures="0" errors="0" timestamp="2023-04-06T18:00:26" hostname="fv-az561-772" time="11.572">
  <properties/>
  <testcase name="testGenericSortDecl1()" classname="de.uka.ilkd.key.parser.TestDeclParser" time="1.056"/>
  <testcase name="testGenericSortDecl2()" classname="de.uka.ilkd.key.parser.TestDeclParser" time="1.009"/>
  <testcase name="testGenericSortDecl3()" classname="de.uka.ilkd.key.parser.TestDeclParser" time="0.964"/>
  <testcase name="testGenericSortDecl4()" classname="de.uka.ilkd.key.parser.TestDeclParser" time="0.977"/>
  <testcase name="testGenericSortDecl5()" classname="de.uka.ilkd.key.parser.TestDeclParser" time="0.0">
    <skipped/>
  </testcase>
  <testcase name="testGenericSortDecl6()" classname="de.uka.ilkd.key.parser.TestDeclParser" time="0.895"/>
  <testcase name="testSortDecl()" classname="de.uka.ilkd.key.parser.TestDeclParser" time="0.962"/>
  <testcase name="testProxySortDecl()" classname="de.uka.ilkd.key.parser.TestDeclParser" time="0.964"/>
  <testcase name="testArrayDecl()" classname="de.uka.ilkd.key.parser.TestDeclParser" time="0.97"/>
  <testcase name="testAmbiguousDecls()" classname="de.uka.ilkd.key.parser.TestDeclParser" time="0.0">
    <skipped/>
  </testcase>
  <testcase name="testHeurDecl()" classname="de.uka.ilkd.key.parser.TestDeclParser" time="0.894"/>
  <testcase name="testFunctionDecl()" classname="de.uka.ilkd.key.parser.TestDeclParser" time="0.965"/>
  <testcase name="testPredicateDecl()" classname="de.uka.ilkd.key.parser.TestDeclParser" time="0.961"/>
  <testcase name="testSVDecl()" classname="de.uka.ilkd.key.parser.TestDeclParser" time="0.954"/>
  <system-out><![CDATA[208178     INFO  Test worker     d.u.i.k.n.KeyIO           Parsing took 0 ms 
208179     INFO  Test worker     d.u.i.k.n.KeyIO           MODE: declarations took 0 ms 
209188     INFO  Test worker     d.u.i.k.n.KeyIO           Parsing took 0 ms 
209189     INFO  Test worker     d.u.i.k.n.KeyIO           MODE: declarations took 0 ms 
210153     INFO  Test worker     d.u.i.k.n.KeyIO           Parsing took 1 ms 
210153     INFO  Test worker     d.u.i.k.n.KeyIO           MODE: declarations took 0 ms 
211130     INFO  Test worker     d.u.i.k.n.KeyIO           Parsing took 0 ms 
211131     INFO  Test worker     d.u.i.k.n.KeyIO           MODE: declarations took 1 ms 
212026     INFO  Test worker     d.u.i.k.n.KeyIO           Parsing took 0 ms 
212027     INFO  Test worker     d.u.i.k.n.KeyIO           MODE: declarations took 1 ms 
212988     INFO  Test worker     d.u.i.k.n.KeyIO           Parsing took 0 ms 
212989     INFO  Test worker     d.u.i.k.n.KeyIO           MODE: declarations took 0 ms 
213950     INFO  Test worker     d.u.i.k.n.KeyIO           Parsing took 0 ms 
213952     INFO  Test worker     d.u.i.k.n.KeyIO           MODE: declarations took 2 ms 
214921     INFO  Test worker     d.u.i.k.n.KeyIO           Parsing took 0 ms 
214921     INFO  Test worker     d.u.i.k.n.KeyIO           MODE: declarations took 0 ms 
215817     INFO  Test worker     d.u.i.k.n.KeyIO           Parsing took 0 ms 
215817     INFO  Test worker     d.u.i.k.n.KeyIO           MODE: declarations took 0 ms 
216781     INFO  Test worker     d.u.i.k.n.KeyIO           Parsing took 1 ms 
216781     INFO  Test worker     d.u.i.k.n.KeyIO           MODE: declarations took 0 ms 
217742     INFO  Test worker     d.u.i.k.n.KeyIO           Parsing took 0 ms 
217742     INFO  Test worker     d.u.i.k.n.KeyIO           MODE: declarations took 0 ms 
218695     INFO  Test worker     d.u.i.k.n.KeyIO           Parsing took 0 ms 
218696     INFO  Test worker     d.u.i.k.n.KeyIO           MODE: declarations took 1 ms 
]]></system-out>
  <system-err><![CDATA[]]></system-err>
</testsuite>
