<?xml version="1.0" encoding="UTF-8"?>
<testsuite name="de.uka.ilkd.key.parser.TestTermParserSorts" tests="2" skipped="0" failures="0" errors="0" timestamp="2023-04-06T18:03:58" hostname="fv-az561-772" time="2.919">
  <properties/>
  <testcase name="testParseIntegerArgs()" classname="de.uka.ilkd.key.parser.TestTermParserSorts" time="0.014"/>
  <testcase name="testParseSequencePrettySyntax()" classname="de.uka.ilkd.key.parser.TestTermParserSorts" time="0.001"/>
  <system-out><![CDATA[419664     INFO  Test worker     d.u.i.k.n.KeyIO           Parsing took 0 ms 
419664     INFO  Test worker     d.u.i.k.n.KeyIO           MODE: declarations took 0 ms 
419664     INFO  Test worker     d.u.i.k.n.KeyIO           Parsing took 0 ms 
419664     INFO  Test worker     d.u.i.k.n.KeyIO           MODE: declarations took 0 ms 
419664     INFO  Test worker     d.u.i.k.n.KeyIO           Parsing took 0 ms 
419664     INFO  Test worker     d.u.i.k.n.KeyIO           MODE: declarations took 0 ms 
422582     INFO  Test worker     d.u.i.k.n.KeyIO           Parsing took 0 ms 
422582     INFO  Test worker     d.u.i.k.n.KeyIO           MODE: declarations took 0 ms 
422582     INFO  Test worker     d.u.i.k.n.KeyIO           Parsing took 0 ms 
422582     INFO  Test worker     d.u.i.k.n.KeyIO           MODE: declarations took 0 ms 
422582     INFO  Test worker     d.u.i.k.n.KeyIO           Parsing took 0 ms 
422582     INFO  Test worker     d.u.i.k.n.KeyIO           MODE: declarations took 0 ms 
]]></system-out>
  <system-err><![CDATA[]]></system-err>
</testsuite>
