<?xml version="1.0" encoding="UTF-8"?>
<testsuite name="de.uka.ilkd.key.nparser.ParseLDTsTests" tests="2" skipped="0" failures="0" errors="0" timestamp="2023-04-06T18:00:16" hostname="fv-az561-772" time="0.834">
  <properties/>
  <testcase name="testLDT()" classname="de.uka.ilkd.key.nparser.ParseLDTsTests" time="0.015"/>
  <testcase name="testSR()" classname="de.uka.ilkd.key.nparser.ParseLDTsTests" time="0.818"/>
  <system-out><![CDATA[197788     INFO  Test worker     d.u.i.k.n.KeyIO           Parsing took 7 ms 
197789     INFO  Test worker     d.u.i.k.n.KeyIO           MODE: declarations took 1 ms 
198108     INFO  Test worker     d.u.i.k.n.KeyIO           Parsing took 308 ms 
198112     INFO  Test worker     d.u.i.k.n.KeyIO           MODE: declarations took 2 ms 
]]></system-out>
  <system-err><![CDATA[]]></system-err>
</testsuite>
