<?xml version="1.0" encoding="UTF-8"?>
<testsuite name="de.uka.ilkd.key.logic.TestClashFreeSubst" tests="14" skipped="2" failures="0" errors="0" timestamp="2023-04-06T17:57:34" hostname="fv-az561-772" time="49.609">
  <properties/>
  <testcase name="testMultiShareBound()" classname="de.uka.ilkd.key.logic.TestClashFreeSubst" time="1.087"/>
  <testcase name="testClash()" classname="de.uka.ilkd.key.logic.TestClashFreeSubst" time="0.941"/>
  <testcase name="testShare()" classname="de.uka.ilkd.key.logic.TestClashFreeSubst" time="0.912"/>
  <testcase name="testSubst()" classname="de.uka.ilkd.key.logic.TestClashFreeSubst" time="0.892"/>
  <testcase name="testWary0()" classname="de.uka.ilkd.key.logic.TestClashFreeSubst" time="0.939"/>
  <testcase name="testWary1()" classname="de.uka.ilkd.key.logic.TestClashFreeSubst" time="0.904"/>
  <testcase name="testWary2()" classname="de.uka.ilkd.key.logic.TestClashFreeSubst" time="0.923"/>
  <testcase name="testClashInSubstTerm()" classname="de.uka.ilkd.key.logic.TestClashFreeSubst" time="0.902"/>
  <testcase name="testShareWary()" classname="de.uka.ilkd.key.logic.TestClashFreeSubst" time="0.893"/>
  <testcase name="testMultiSubst()" classname="de.uka.ilkd.key.logic.TestClashFreeSubst" time="0.914"/>
  <testcase name="xtestMultiClash()" classname="de.uka.ilkd.key.logic.TestClashFreeSubst" time="0.0">
    <skipped/>
  </testcase>
  <testcase name="testSubstInSubstTerm()" classname="de.uka.ilkd.key.logic.TestClashFreeSubst" time="0.912"/>
  <testcase name="testSubstWary()" classname="de.uka.ilkd.key.logic.TestClashFreeSubst" time="0.907"/>
  <testcase name="xtestMultiClash1()" classname="de.uka.ilkd.key.logic.TestClashFreeSubst" time="0.0">
    <skipped/>
  </testcase>
  <system-out><![CDATA[35559      INFO  Test worker     d.u.i.k.n.KeyIO           Parsing took 0 ms 
35560      INFO  Test worker     d.u.i.k.n.KeyIO           MODE: declarations took 0 ms 
36632      INFO  Test worker     d.u.i.k.n.KeyIO           Parsing took 0 ms 
36633      INFO  Test worker     d.u.i.k.n.KeyIO           MODE: declarations took 1 ms 
39690      INFO  Test worker     d.u.i.k.n.KeyIO           Parsing took 0 ms 
39691      INFO  Test worker     d.u.i.k.n.KeyIO           MODE: declarations took 1 ms 
40626      INFO  Test worker     d.u.i.k.n.KeyIO           Parsing took 0 ms 
40627      INFO  Test worker     d.u.i.k.n.KeyIO           MODE: declarations took 0 ms 
43614      INFO  Test worker     d.u.i.k.n.KeyIO           Parsing took 0 ms 
43614      INFO  Test worker     d.u.i.k.n.KeyIO           MODE: declarations took 0 ms 
44524      INFO  Test worker     d.u.i.k.n.KeyIO           Parsing took 0 ms 
44525      INFO  Test worker     d.u.i.k.n.KeyIO           MODE: declarations took 1 ms 
47488      INFO  Test worker     d.u.i.k.n.KeyIO           Parsing took 0 ms 
47488      INFO  Test worker     d.u.i.k.n.KeyIO           MODE: declarations took 0 ms 
48378      INFO  Test worker     d.u.i.k.n.KeyIO           Parsing took 0 ms 
48378      INFO  Test worker     d.u.i.k.n.KeyIO           MODE: declarations took 0 ms 
51354      INFO  Test worker     d.u.i.k.n.KeyIO           Parsing took 0 ms 
51355      INFO  Test worker     d.u.i.k.n.KeyIO           MODE: declarations took 0 ms 
52288      INFO  Test worker     d.u.i.k.n.KeyIO           Parsing took 0 ms 
52289      INFO  Test worker     d.u.i.k.n.KeyIO           MODE: declarations took 0 ms 
55232      INFO  Test worker     d.u.i.k.n.KeyIO           Parsing took 0 ms 
55235      INFO  Test worker     d.u.i.k.n.KeyIO           MODE: declarations took 0 ms 
56132      INFO  Test worker     d.u.i.k.n.KeyIO           Parsing took 0 ms 
56133      INFO  Test worker     d.u.i.k.n.KeyIO           MODE: declarations took 0 ms 
59071      INFO  Test worker     d.u.i.k.n.KeyIO           Parsing took 0 ms 
59072      INFO  Test worker     d.u.i.k.n.KeyIO           MODE: declarations took 0 ms 
59989      INFO  Test worker     d.u.i.k.n.KeyIO           Parsing took 0 ms 
59989      INFO  Test worker     d.u.i.k.n.KeyIO           MODE: declarations took 0 ms 
62973      INFO  Test worker     d.u.i.k.n.KeyIO           Parsing took 0 ms 
62974      INFO  Test worker     d.u.i.k.n.KeyIO           MODE: declarations took 1 ms 
63873      INFO  Test worker     d.u.i.k.n.KeyIO           Parsing took 0 ms 
63873      INFO  Test worker     d.u.i.k.n.KeyIO           MODE: declarations took 0 ms 
66823      INFO  Test worker     d.u.i.k.n.KeyIO           Parsing took 0 ms 
66823      INFO  Test worker     d.u.i.k.n.KeyIO           MODE: declarations took 0 ms 
67712      INFO  Test worker     d.u.i.k.n.KeyIO           Parsing took 0 ms 
67713      INFO  Test worker     d.u.i.k.n.KeyIO           MODE: declarations took 0 ms 
70657      INFO  Test worker     d.u.i.k.n.KeyIO           Parsing took 0 ms 
70659      INFO  Test worker     d.u.i.k.n.KeyIO           MODE: declarations took 0 ms 
71567      INFO  Test worker     d.u.i.k.n.KeyIO           Parsing took 0 ms 
71568      INFO  Test worker     d.u.i.k.n.KeyIO           MODE: declarations took 0 ms 
77472      INFO  Test worker     d.u.i.k.n.KeyIO           Parsing took 0 ms 
77472      INFO  Test worker     d.u.i.k.n.KeyIO           MODE: declarations took 0 ms 
78379      INFO  Test worker     d.u.i.k.n.KeyIO           Parsing took 0 ms 
78380      INFO  Test worker     d.u.i.k.n.KeyIO           MODE: declarations took 0 ms 
81297      INFO  Test worker     d.u.i.k.n.KeyIO           Parsing took 0 ms 
81298      INFO  Test worker     d.u.i.k.n.KeyIO           MODE: declarations took 1 ms 
82198      INFO  Test worker     d.u.i.k.n.KeyIO           Parsing took 0 ms 
82199      INFO  Test worker     d.u.i.k.n.KeyIO           MODE: declarations took 1 ms 
]]></system-out>
  <system-err><![CDATA[]]></system-err>
</testsuite>
