<?xml version="1.0" encoding="UTF-8"?>
<testsuite name="de.uka.ilkd.key.rule.merge.PredicateAbstractionLatticeTests" tests="3" skipped="0" failures="0" errors="0" timestamp="2023-06-10T12:40:04" hostname="fv-az210-601" time="8.558">
  <properties/>
  <testcase name="testToAndFromString()" classname="de.uka.ilkd.key.rule.merge.PredicateAbstractionLatticeTests" time="4.232"/>
  <testcase name="testCreateSignLatticeWithPredicates()" classname="de.uka.ilkd.key.rule.merge.PredicateAbstractionLatticeTests" time="4.326"/>
  <testcase name="testTrivialPredicatesLattice()" classname="de.uka.ilkd.key.rule.merge.PredicateAbstractionLatticeTests" time="0.0"/>
  <system-out><![CDATA[757289     INFO  Test worker     d.u.i.k.p.i.AbstractProblemLoader Loading environment from src/test/resources/testcase/merge/dummy.key 
757289     DEBUG Test worker     d.u.i.k.p.i.AbstractProblemLoader Environment load took 104.61ns 
757290     INFO  Test worker     d.u.i.k.p.i.AbstractProblemLoader Creating init config 
761503     DEBUG Test worker     d.u.i.k.p.i.AbstractProblemLoader Init config took 4.21s 
761518     INFO  Test worker     d.u.i.k.p.i.AbstractProblemLoader Replaying proof dummy.key 
761519     DEBUG Test worker     d.u.i.k.p.i.IntermediateProofReplayer Proof replay took 10.3ns 
761521     INFO  Test worker     d.u.i.k.p.i.AbstractProblemLoader Loading environment from src/test/resources/testcase/merge/dummy.key 
761521     DEBUG Test worker     d.u.i.k.p.i.AbstractProblemLoader Environment load took 118.61ns 
761522     INFO  Test worker     d.u.i.k.p.i.AbstractProblemLoader Creating init config 
765828     DEBUG Test worker     d.u.i.k.p.i.AbstractProblemLoader Init config took 4.31s 
765843     INFO  Test worker     d.u.i.k.p.i.AbstractProblemLoader Replaying proof dummy.key 
765845     DEBUG Test worker     d.u.i.k.p.i.IntermediateProofReplayer Proof replay took 9.5ns 
]]></system-out>
  <system-err><![CDATA[]]></system-err>
</testsuite>
