<?xml version="1.0" encoding="UTF-8"?>
<testsuite name="de.uka.ilkd.key.speclang.njml.JMLParserExceptionTest" tests="6" skipped="4" failures="0" errors="0" timestamp="2023-06-10T12:46:11" hostname="fv-az210-601" time="2.752">
  <properties/>
  <testcase name="case TypeError.java" classname="de.uka.ilkd.key.speclang.njml.JMLParserExceptionTest" time="0.001">
    <skipped/>
  </testcase>
  <testcase name="case UnknownVarInJML.java" classname="de.uka.ilkd.key.speclang.njml.JMLParserExceptionTest" time="1.414"/>
  <testcase name="case IllegalInv.java" classname="de.uka.ilkd.key.speclang.njml.JMLParserExceptionTest" time="0.0">
    <skipped/>
  </testcase>
  <testcase name="case Bevhavioural.java" classname="de.uka.ilkd.key.speclang.njml.JMLParserExceptionTest" time="0.0">
    <skipped/>
  </testcase>
  <testcase name="case UnknownVar.java" classname="de.uka.ilkd.key.speclang.njml.JMLParserExceptionTest" time="1.334"/>
  <testcase name="case KeyTest.java" classname="de.uka.ilkd.key.speclang.njml.JMLParserExceptionTest" time="0.001">
    <skipped/>
  </testcase>
  <system-out><![CDATA[1123671    INFO  Test worker     d.u.i.k.p.i.AbstractProblemLoader Loading environment from /home/runner/work/key/key/key.core/build/resources/test/de/uka/ilkd/key/speclang/njml/exceptional/UnknownVarInJML.java 
1123671    DEBUG Test worker     d.u.i.k.p.i.AbstractProblemLoader Environment load took 446.23ns 
1123672    INFO  Test worker     d.u.i.k.p.i.AbstractProblemLoader Creating init config 
1125079    INFO  Test worker     d.u.i.k.p.i.AbstractProblemLoader Loading environment from /home/runner/work/key/key/key.core/build/resources/test/de/uka/ilkd/key/speclang/njml/exceptional/UnknownVar.java 
1125079    DEBUG Test worker     d.u.i.k.p.i.AbstractProblemLoader Environment load took 83.81ns 
1125079    INFO  Test worker     d.u.i.k.p.i.AbstractProblemLoader Creating init config 
]]></system-out>
  <system-err><![CDATA[]]></system-err>
</testsuite>
