<?xml version="1.0" encoding="UTF-8"?>
<testsuite name="de.uka.ilkd.key.parser.TestDeclParser" tests="14" skipped="2" failures="0" errors="0" timestamp="2023-06-10T12:32:35" hostname="fv-az210-601" time="16.086">
  <properties/>
  <testcase name="testGenericSortDecl1()" classname="de.uka.ilkd.key.parser.TestDeclParser" time="1.391"/>
  <testcase name="testGenericSortDecl2()" classname="de.uka.ilkd.key.parser.TestDeclParser" time="1.342"/>
  <testcase name="testGenericSortDecl3()" classname="de.uka.ilkd.key.parser.TestDeclParser" time="1.335"/>
  <testcase name="testGenericSortDecl4()" classname="de.uka.ilkd.key.parser.TestDeclParser" time="1.332"/>
  <testcase name="testGenericSortDecl5()" classname="de.uka.ilkd.key.parser.TestDeclParser" time="0.0">
    <skipped/>
  </testcase>
  <testcase name="testGenericSortDecl6()" classname="de.uka.ilkd.key.parser.TestDeclParser" time="1.346"/>
  <testcase name="testSortDecl()" classname="de.uka.ilkd.key.parser.TestDeclParser" time="1.33"/>
  <testcase name="testProxySortDecl()" classname="de.uka.ilkd.key.parser.TestDeclParser" time="1.332"/>
  <testcase name="testArrayDecl()" classname="de.uka.ilkd.key.parser.TestDeclParser" time="1.299"/>
  <testcase name="testAmbiguousDecls()" classname="de.uka.ilkd.key.parser.TestDeclParser" time="0.0">
    <skipped/>
  </testcase>
  <testcase name="testHeurDecl()" classname="de.uka.ilkd.key.parser.TestDeclParser" time="1.353"/>
  <testcase name="testFunctionDecl()" classname="de.uka.ilkd.key.parser.TestDeclParser" time="1.331"/>
  <testcase name="testPredicateDecl()" classname="de.uka.ilkd.key.parser.TestDeclParser" time="1.349"/>
  <testcase name="testSVDecl()" classname="de.uka.ilkd.key.parser.TestDeclParser" time="1.345"/>
  <system-out><![CDATA[309077     INFO  Test worker     d.u.i.k.n.KeyIO           Parsing took 0 ms 
309078     DEBUG Test worker     d.u.i.k.n.KeyIO           Load declarations of de.uka.ilkd.key.nparser.KeyAst$File:  <unknown>:1#1 
309079     INFO  Test worker     d.u.i.k.n.KeyIO           MODE: declarations took 1 ms 
309079     DEBUG Test worker     d.u.i.k.n.KeyIO           MODE: 2nd degree decls took 0 
309079     DEBUG Test worker     d.u.i.k.n.KeyIO           MODE: taclets took 0ms 
310422     INFO  Test worker     d.u.i.k.n.KeyIO           Parsing took 1 ms 
310422     DEBUG Test worker     d.u.i.k.n.KeyIO           Load declarations of de.uka.ilkd.key.nparser.KeyAst$File:  <unknown>:1#1 
310422     INFO  Test worker     d.u.i.k.n.KeyIO           MODE: declarations took 0 ms 
310422     DEBUG Test worker     d.u.i.k.n.KeyIO           MODE: 2nd degree decls took 0 
310422     DEBUG Test worker     d.u.i.k.n.KeyIO           MODE: taclets took 0ms 
311757     INFO  Test worker     d.u.i.k.n.KeyIO           Parsing took 0 ms 
311757     DEBUG Test worker     d.u.i.k.n.KeyIO           Load declarations of de.uka.ilkd.key.nparser.KeyAst$File:  <unknown>:1#1 
311757     INFO  Test worker     d.u.i.k.n.KeyIO           MODE: declarations took 0 ms 
311757     DEBUG Test worker     d.u.i.k.n.KeyIO           MODE: 2nd degree decls took 0 
311757     DEBUG Test worker     d.u.i.k.n.KeyIO           MODE: taclets took 0ms 
313089     INFO  Test worker     d.u.i.k.n.KeyIO           Parsing took 0 ms 
313089     DEBUG Test worker     d.u.i.k.n.KeyIO           Load declarations of de.uka.ilkd.key.nparser.KeyAst$File:  <unknown>:1#1 
313089     INFO  Test worker     d.u.i.k.n.KeyIO           MODE: declarations took 0 ms 
313089     DEBUG Test worker     d.u.i.k.n.KeyIO           MODE: 2nd degree decls took 0 
313089     DEBUG Test worker     d.u.i.k.n.KeyIO           MODE: taclets took 0ms 
314434     INFO  Test worker     d.u.i.k.n.KeyIO           Parsing took 0 ms 
314435     DEBUG Test worker     d.u.i.k.n.KeyIO           Load declarations of de.uka.ilkd.key.nparser.KeyAst$File:  <unknown>:1#1 
314435     INFO  Test worker     d.u.i.k.n.KeyIO           MODE: declarations took 0 ms 
314435     DEBUG Test worker     d.u.i.k.n.KeyIO           MODE: 2nd degree decls took 0 
314435     DEBUG Test worker     d.u.i.k.n.KeyIO           MODE: taclets took 0ms 
315765     INFO  Test worker     d.u.i.k.n.KeyIO           Parsing took 0 ms 
315765     DEBUG Test worker     d.u.i.k.n.KeyIO           Load declarations of de.uka.ilkd.key.nparser.KeyAst$File:  <unknown>:1#1 
315765     INFO  Test worker     d.u.i.k.n.KeyIO           MODE: declarations took 0 ms 
315765     DEBUG Test worker     d.u.i.k.n.KeyIO           MODE: 2nd degree decls took 0 
315765     DEBUG Test worker     d.u.i.k.n.KeyIO           MODE: taclets took 0ms 
317096     INFO  Test worker     d.u.i.k.n.KeyIO           Parsing took 0 ms 
317097     DEBUG Test worker     d.u.i.k.n.KeyIO           Load declarations of de.uka.ilkd.key.nparser.KeyAst$File:  <unknown>:1#1 
317097     INFO  Test worker     d.u.i.k.n.KeyIO           MODE: declarations took 0 ms 
317097     DEBUG Test worker     d.u.i.k.n.KeyIO           MODE: 2nd degree decls took 0 
317097     DEBUG Test worker     d.u.i.k.n.KeyIO           MODE: taclets took 0ms 
318394     INFO  Test worker     d.u.i.k.n.KeyIO           Parsing took 1 ms 
318394     DEBUG Test worker     d.u.i.k.n.KeyIO           Load declarations of de.uka.ilkd.key.nparser.KeyAst$File:  <unknown>:1#1 
318394     INFO  Test worker     d.u.i.k.n.KeyIO           MODE: declarations took 0 ms 
318395     DEBUG Test worker     d.u.i.k.n.KeyIO           MODE: 2nd degree decls took 1 
318396     DEBUG Test worker     d.u.i.k.n.KeyIO           MODE: taclets took 0ms 
319749     INFO  Test worker     d.u.i.k.n.KeyIO           Parsing took 1 ms 
319749     DEBUG Test worker     d.u.i.k.n.KeyIO           Load declarations of de.uka.ilkd.key.nparser.KeyAst$File:  <unknown>:1#1 
319750     INFO  Test worker     d.u.i.k.n.KeyIO           MODE: declarations took 1 ms 
319750     DEBUG Test worker     d.u.i.k.n.KeyIO           MODE: 2nd degree decls took 0 
319750     DEBUG Test worker     d.u.i.k.n.KeyIO           MODE: taclets took 0ms 
321079     INFO  Test worker     d.u.i.k.n.KeyIO           Parsing took 0 ms 
321080     DEBUG Test worker     d.u.i.k.n.KeyIO           Load declarations of de.uka.ilkd.key.nparser.KeyAst$File:  <unknown>:1#1 
321080     INFO  Test worker     d.u.i.k.n.KeyIO           MODE: declarations took 0 ms 
321081     DEBUG Test worker     d.u.i.k.n.KeyIO           MODE: 2nd degree decls took 1 
321081     DEBUG Test worker     d.u.i.k.n.KeyIO           MODE: taclets took 0ms 
322429     INFO  Test worker     d.u.i.k.n.KeyIO           Parsing took 1 ms 
322430     DEBUG Test worker     d.u.i.k.n.KeyIO           Load declarations of de.uka.ilkd.key.nparser.KeyAst$File:  <unknown>:1#1 
322430     INFO  Test worker     d.u.i.k.n.KeyIO           MODE: declarations took 0 ms 
322430     DEBUG Test worker     d.u.i.k.n.KeyIO           MODE: 2nd degree decls took 0 
322430     DEBUG Test worker     d.u.i.k.n.KeyIO           MODE: taclets took 0ms 
323775     INFO  Test worker     d.u.i.k.n.KeyIO           Parsing took 1 ms 
323775     DEBUG Test worker     d.u.i.k.n.KeyIO           Load declarations of de.uka.ilkd.key.nparser.KeyAst$File:  <unknown>:1#1 
323775     INFO  Test worker     d.u.i.k.n.KeyIO           MODE: declarations took 0 ms 
323775     DEBUG Test worker     d.u.i.k.n.KeyIO           MODE: 2nd degree decls took 0 
323775     DEBUG Test worker     d.u.i.k.n.KeyIO           MODE: taclets took 0ms 
]]></system-out>
  <system-err><![CDATA[]]></system-err>
</testsuite>
