<?xml version="1.0" encoding="UTF-8"?>
<testsuite name="de.uka.ilkd.key.logic.TestClashFreeSubst" tests="14" skipped="2" failures="0" errors="0" timestamp="2023-06-10T12:28:21" hostname="fv-az210-601" time="74.406">
  <properties/>
  <testcase name="testMultiShareBound()" classname="de.uka.ilkd.key.logic.TestClashFreeSubst" time="1.463"/>
  <testcase name="testClash()" classname="de.uka.ilkd.key.logic.TestClashFreeSubst" time="1.386"/>
  <testcase name="testShare()" classname="de.uka.ilkd.key.logic.TestClashFreeSubst" time="1.368"/>
  <testcase name="testSubst()" classname="de.uka.ilkd.key.logic.TestClashFreeSubst" time="1.35"/>
  <testcase name="testWary0()" classname="de.uka.ilkd.key.logic.TestClashFreeSubst" time="1.35"/>
  <testcase name="testWary1()" classname="de.uka.ilkd.key.logic.TestClashFreeSubst" time="1.365"/>
  <testcase name="testWary2()" classname="de.uka.ilkd.key.logic.TestClashFreeSubst" time="1.328"/>
  <testcase name="testClashInSubstTerm()" classname="de.uka.ilkd.key.logic.TestClashFreeSubst" time="1.384"/>
  <testcase name="testShareWary()" classname="de.uka.ilkd.key.logic.TestClashFreeSubst" time="1.372"/>
  <testcase name="testMultiSubst()" classname="de.uka.ilkd.key.logic.TestClashFreeSubst" time="1.373"/>
  <testcase name="xtestMultiClash()" classname="de.uka.ilkd.key.logic.TestClashFreeSubst" time="0.0">
    <skipped/>
  </testcase>
  <testcase name="testSubstInSubstTerm()" classname="de.uka.ilkd.key.logic.TestClashFreeSubst" time="1.362"/>
  <testcase name="testSubstWary()" classname="de.uka.ilkd.key.logic.TestClashFreeSubst" time="1.34"/>
  <testcase name="xtestMultiClash1()" classname="de.uka.ilkd.key.logic.TestClashFreeSubst" time="0.0">
    <skipped/>
  </testcase>
  <system-out><![CDATA[54243      INFO  Test worker     d.u.i.k.n.KeyIO           Parsing took 0 ms 
54243      DEBUG Test worker     d.u.i.k.n.KeyIO           Load declarations of de.uka.ilkd.key.nparser.KeyAst$File:  <unknown>:1#1 
54243      INFO  Test worker     d.u.i.k.n.KeyIO           MODE: declarations took 0 ms 
54243      DEBUG Test worker     d.u.i.k.n.KeyIO           MODE: 2nd degree decls took 0 
55700      INFO  Test worker     d.u.i.k.n.KeyIO           Parsing took 0 ms 
55701      DEBUG Test worker     d.u.i.k.n.KeyIO           Load declarations of de.uka.ilkd.key.nparser.KeyAst$File:  <unknown>:1#1 
55701      INFO  Test worker     d.u.i.k.n.KeyIO           MODE: declarations took 0 ms 
55701      DEBUG Test worker     d.u.i.k.n.KeyIO           MODE: 2nd degree decls took 0 
60277      INFO  Test worker     d.u.i.k.n.KeyIO           Parsing took 0 ms 
60278      DEBUG Test worker     d.u.i.k.n.KeyIO           Load declarations of de.uka.ilkd.key.nparser.KeyAst$File:  <unknown>:1#1 
60278      INFO  Test worker     d.u.i.k.n.KeyIO           MODE: declarations took 0 ms 
60278      DEBUG Test worker     d.u.i.k.n.KeyIO           MODE: 2nd degree decls took 0 
61659      INFO  Test worker     d.u.i.k.n.KeyIO           Parsing took 0 ms 
61659      DEBUG Test worker     d.u.i.k.n.KeyIO           Load declarations of de.uka.ilkd.key.nparser.KeyAst$File:  <unknown>:1#1 
61660      INFO  Test worker     d.u.i.k.n.KeyIO           MODE: declarations took 1 ms 
61660      DEBUG Test worker     d.u.i.k.n.KeyIO           MODE: 2nd degree decls took 0 
66195      INFO  Test worker     d.u.i.k.n.KeyIO           Parsing took 0 ms 
66195      DEBUG Test worker     d.u.i.k.n.KeyIO           Load declarations of de.uka.ilkd.key.nparser.KeyAst$File:  <unknown>:1#1 
66196      INFO  Test worker     d.u.i.k.n.KeyIO           MODE: declarations took 1 ms 
66196      DEBUG Test worker     d.u.i.k.n.KeyIO           MODE: 2nd degree decls took 0 
67559      INFO  Test worker     d.u.i.k.n.KeyIO           Parsing took 0 ms 
67559      DEBUG Test worker     d.u.i.k.n.KeyIO           Load declarations of de.uka.ilkd.key.nparser.KeyAst$File:  <unknown>:1#1 
67559      INFO  Test worker     d.u.i.k.n.KeyIO           MODE: declarations took 0 ms 
67559      DEBUG Test worker     d.u.i.k.n.KeyIO           MODE: 2nd degree decls took 0 
72028      INFO  Test worker     d.u.i.k.n.KeyIO           Parsing took 0 ms 
72028      DEBUG Test worker     d.u.i.k.n.KeyIO           Load declarations of de.uka.ilkd.key.nparser.KeyAst$File:  <unknown>:1#1 
72029      INFO  Test worker     d.u.i.k.n.KeyIO           MODE: declarations took 1 ms 
72029      DEBUG Test worker     d.u.i.k.n.KeyIO           MODE: 2nd degree decls took 0 
73376      INFO  Test worker     d.u.i.k.n.KeyIO           Parsing took 0 ms 
73376      DEBUG Test worker     d.u.i.k.n.KeyIO           Load declarations of de.uka.ilkd.key.nparser.KeyAst$File:  <unknown>:1#1 
73376      INFO  Test worker     d.u.i.k.n.KeyIO           MODE: declarations took 0 ms 
73376      DEBUG Test worker     d.u.i.k.n.KeyIO           MODE: 2nd degree decls took 0 
77823      INFO  Test worker     d.u.i.k.n.KeyIO           Parsing took 0 ms 
77823      DEBUG Test worker     d.u.i.k.n.KeyIO           Load declarations of de.uka.ilkd.key.nparser.KeyAst$File:  <unknown>:1#1 
77823      INFO  Test worker     d.u.i.k.n.KeyIO           MODE: declarations took 0 ms 
77823      DEBUG Test worker     d.u.i.k.n.KeyIO           MODE: 2nd degree decls took 0 
79169      INFO  Test worker     d.u.i.k.n.KeyIO           Parsing took 0 ms 
79170      DEBUG Test worker     d.u.i.k.n.KeyIO           Load declarations of de.uka.ilkd.key.nparser.KeyAst$File:  <unknown>:1#1 
79170      INFO  Test worker     d.u.i.k.n.KeyIO           MODE: declarations took 0 ms 
79170      DEBUG Test worker     d.u.i.k.n.KeyIO           MODE: 2nd degree decls took 0 
83651      INFO  Test worker     d.u.i.k.n.KeyIO           Parsing took 1 ms 
83651      DEBUG Test worker     d.u.i.k.n.KeyIO           Load declarations of de.uka.ilkd.key.nparser.KeyAst$File:  <unknown>:1#1 
83652      INFO  Test worker     d.u.i.k.n.KeyIO           MODE: declarations took 1 ms 
83652      DEBUG Test worker     d.u.i.k.n.KeyIO           MODE: 2nd degree decls took 0 
85010      INFO  Test worker     d.u.i.k.n.KeyIO           Parsing took 0 ms 
85010      DEBUG Test worker     d.u.i.k.n.KeyIO           Load declarations of de.uka.ilkd.key.nparser.KeyAst$File:  <unknown>:1#1 
85011      INFO  Test worker     d.u.i.k.n.KeyIO           MODE: declarations took 1 ms 
85012      DEBUG Test worker     d.u.i.k.n.KeyIO           MODE: 2nd degree decls took 1 
89484      INFO  Test worker     d.u.i.k.n.KeyIO           Parsing took 0 ms 
89485      DEBUG Test worker     d.u.i.k.n.KeyIO           Load declarations of de.uka.ilkd.key.nparser.KeyAst$File:  <unknown>:1#1 
89485      INFO  Test worker     d.u.i.k.n.KeyIO           MODE: declarations took 0 ms 
89485      DEBUG Test worker     d.u.i.k.n.KeyIO           MODE: 2nd degree decls took 0 
90808      INFO  Test worker     d.u.i.k.n.KeyIO           Parsing took 0 ms 
90808      DEBUG Test worker     d.u.i.k.n.KeyIO           Load declarations of de.uka.ilkd.key.nparser.KeyAst$File:  <unknown>:1#1 
90809      INFO  Test worker     d.u.i.k.n.KeyIO           MODE: declarations took 1 ms 
90809      DEBUG Test worker     d.u.i.k.n.KeyIO           MODE: 2nd degree decls took 0 
95231      INFO  Test worker     d.u.i.k.n.KeyIO           Parsing took 0 ms 
95232      DEBUG Test worker     d.u.i.k.n.KeyIO           Load declarations of de.uka.ilkd.key.nparser.KeyAst$File:  <unknown>:1#1 
95233      INFO  Test worker     d.u.i.k.n.KeyIO           MODE: declarations took 1 ms 
95233      DEBUG Test worker     d.u.i.k.n.KeyIO           MODE: 2nd degree decls took 0 
96610      INFO  Test worker     d.u.i.k.n.KeyIO           Parsing took 0 ms 
96611      DEBUG Test worker     d.u.i.k.n.KeyIO           Load declarations of de.uka.ilkd.key.nparser.KeyAst$File:  <unknown>:1#1 
96611      INFO  Test worker     d.u.i.k.n.KeyIO           MODE: declarations took 0 ms 
96612      DEBUG Test worker     d.u.i.k.n.KeyIO           MODE: 2nd degree decls took 0 
101059     INFO  Test worker     d.u.i.k.n.KeyIO           Parsing took 0 ms 
101059     DEBUG Test worker     d.u.i.k.n.KeyIO           Load declarations of de.uka.ilkd.key.nparser.KeyAst$File:  <unknown>:1#1 
101060     INFO  Test worker     d.u.i.k.n.KeyIO           MODE: declarations took 1 ms 
101060     DEBUG Test worker     d.u.i.k.n.KeyIO           MODE: 2nd degree decls took 0 
102428     INFO  Test worker     d.u.i.k.n.KeyIO           Parsing took 0 ms 
102428     DEBUG Test worker     d.u.i.k.n.KeyIO           Load declarations of de.uka.ilkd.key.nparser.KeyAst$File:  <unknown>:1#1 
102429     INFO  Test worker     d.u.i.k.n.KeyIO           MODE: declarations took 1 ms 
102429     DEBUG Test worker     d.u.i.k.n.KeyIO           MODE: 2nd degree decls took 0 
106860     INFO  Test worker     d.u.i.k.n.KeyIO           Parsing took 0 ms 
106860     DEBUG Test worker     d.u.i.k.n.KeyIO           Load declarations of de.uka.ilkd.key.nparser.KeyAst$File:  <unknown>:1#1 
106860     INFO  Test worker     d.u.i.k.n.KeyIO           MODE: declarations took 0 ms 
106860     DEBUG Test worker     d.u.i.k.n.KeyIO           MODE: 2nd degree decls took 0 
108230     INFO  Test worker     d.u.i.k.n.KeyIO           Parsing took 0 ms 
108231     DEBUG Test worker     d.u.i.k.n.KeyIO           Load declarations of de.uka.ilkd.key.nparser.KeyAst$File:  <unknown>:1#1 
108231     INFO  Test worker     d.u.i.k.n.KeyIO           MODE: declarations took 0 ms 
108231     DEBUG Test worker     d.u.i.k.n.KeyIO           MODE: 2nd degree decls took 0 
117101     INFO  Test worker     d.u.i.k.n.KeyIO           Parsing took 0 ms 
117101     DEBUG Test worker     d.u.i.k.n.KeyIO           Load declarations of de.uka.ilkd.key.nparser.KeyAst$File:  <unknown>:1#1 
117102     INFO  Test worker     d.u.i.k.n.KeyIO           MODE: declarations took 1 ms 
117102     DEBUG Test worker     d.u.i.k.n.KeyIO           MODE: 2nd degree decls took 0 
118461     INFO  Test worker     d.u.i.k.n.KeyIO           Parsing took 1 ms 
118461     DEBUG Test worker     d.u.i.k.n.KeyIO           Load declarations of de.uka.ilkd.key.nparser.KeyAst$File:  <unknown>:1#1 
118461     INFO  Test worker     d.u.i.k.n.KeyIO           MODE: declarations took 0 ms 
118461     DEBUG Test worker     d.u.i.k.n.KeyIO           MODE: 2nd degree decls took 0 
122870     INFO  Test worker     d.u.i.k.n.KeyIO           Parsing took 1 ms 
122870     DEBUG Test worker     d.u.i.k.n.KeyIO           Load declarations of de.uka.ilkd.key.nparser.KeyAst$File:  <unknown>:1#1 
122870     INFO  Test worker     d.u.i.k.n.KeyIO           MODE: declarations took 0 ms 
122870     DEBUG Test worker     d.u.i.k.n.KeyIO           MODE: 2nd degree decls took 0 
124207     INFO  Test worker     d.u.i.k.n.KeyIO           Parsing took 0 ms 
124207     DEBUG Test worker     d.u.i.k.n.KeyIO           Load declarations of de.uka.ilkd.key.nparser.KeyAst$File:  <unknown>:1#1 
124208     INFO  Test worker     d.u.i.k.n.KeyIO           MODE: declarations took 1 ms 
124208     DEBUG Test worker     d.u.i.k.n.KeyIO           MODE: 2nd degree decls took 0 
]]></system-out>
  <system-err><![CDATA[]]></system-err>
</testsuite>
