<?xml version="1.0" encoding="UTF-8"?>
<testsuite name="de.uka.ilkd.key.taclettranslation.TestTacletTranslator" tests="5" skipped="0" failures="0" errors="0" timestamp="2023-06-10T12:46:35" hostname="fv-az210-601" time="0.012">
  <properties/>
  <testcase name="testPropositional1()" classname="de.uka.ilkd.key.taclettranslation.TestTacletTranslator" time="0.005"/>
  <testcase name="testPropositional2()" classname="de.uka.ilkd.key.taclettranslation.TestTacletTranslator" time="0.002"/>
  <testcase name="testNegativePolarity()" classname="de.uka.ilkd.key.taclettranslation.TestTacletTranslator" time="0.001"/>
  <testcase name="testNoPolarity()" classname="de.uka.ilkd.key.taclettranslation.TestTacletTranslator" time="0.002"/>
  <testcase name="testPositivePolarity()" classname="de.uka.ilkd.key.taclettranslation.TestTacletTranslator" time="0.002"/>
  <system-out><![CDATA[1147703    INFO  Test worker     d.u.i.k.n.KeyIO           Parsing took 0 ms 
1147703    DEBUG Test worker     d.u.i.k.n.KeyIO           Load declarations of de.uka.ilkd.key.nparser.KeyAst$File:  <unknown>:1#1 
1147703    INFO  Test worker     d.u.i.k.n.KeyIO           MODE: declarations took 0 ms 
1147703    DEBUG Test worker     d.u.i.k.n.KeyIO           MODE: 2nd degree decls took 0 
1147704    DEBUG Test worker     d.u.i.k.n.KeyIO           MODE: taclets took 1ms 
1147707    INFO  Test worker     d.u.i.k.n.KeyIO           Parsing took 0 ms 
1147708    DEBUG Test worker     d.u.i.k.n.KeyIO           Load declarations of de.uka.ilkd.key.nparser.KeyAst$File:  <unknown>:1#1 
1147708    INFO  Test worker     d.u.i.k.n.KeyIO           MODE: declarations took 0 ms 
1147708    DEBUG Test worker     d.u.i.k.n.KeyIO           MODE: 2nd degree decls took 0 
1147708    DEBUG Test worker     d.u.i.k.n.KeyIO           MODE: taclets took 0ms 
1147709    INFO  Test worker     d.u.i.k.n.KeyIO           Parsing took 0 ms 
1147709    DEBUG Test worker     d.u.i.k.n.KeyIO           Load declarations of de.uka.ilkd.key.nparser.KeyAst$File:  <unknown>:1#1 
1147709    INFO  Test worker     d.u.i.k.n.KeyIO           MODE: declarations took 0 ms 
1147710    DEBUG Test worker     d.u.i.k.n.KeyIO           MODE: 2nd degree decls took 0 
1147710    DEBUG Test worker     d.u.i.k.n.KeyIO           MODE: taclets took 0ms 
1147711    INFO  Test worker     d.u.i.k.n.KeyIO           Parsing took 0 ms 
1147711    DEBUG Test worker     d.u.i.k.n.KeyIO           Load declarations of de.uka.ilkd.key.nparser.KeyAst$File:  <unknown>:1#1 
1147711    INFO  Test worker     d.u.i.k.n.KeyIO           MODE: declarations took 0 ms 
1147711    DEBUG Test worker     d.u.i.k.n.KeyIO           MODE: 2nd degree decls took 0 
1147712    DEBUG Test worker     d.u.i.k.n.KeyIO           MODE: taclets took 1ms 
1147713    INFO  Test worker     d.u.i.k.n.KeyIO           Parsing took 0 ms 
1147713    DEBUG Test worker     d.u.i.k.n.KeyIO           Load declarations of de.uka.ilkd.key.nparser.KeyAst$File:  <unknown>:1#1 
1147713    INFO  Test worker     d.u.i.k.n.KeyIO           MODE: declarations took 0 ms 
1147713    DEBUG Test worker     d.u.i.k.n.KeyIO           MODE: 2nd degree decls took 0 
1147714    DEBUG Test worker     d.u.i.k.n.KeyIO           MODE: taclets took 0ms 
]]></system-out>
  <system-err><![CDATA[]]></system-err>
</testsuite>
