<?xml version="1.0" encoding="UTF-8"?>
<testsuite name="de.uka.ilkd.key.parser.proofjava.TestProofJavaParser" tests="4" skipped="0" failures="0" errors="0" timestamp="2023-06-10T12:37:48" hostname="fv-az210-601" time="0.01">
  <properties/>
  <testcase name="testGenericWithWithoutSpaces()" classname="de.uka.ilkd.key.parser.proofjava.TestProofJavaParser" time="0.001"/>
  <testcase name="testExpressions()" classname="de.uka.ilkd.key.parser.proofjava.TestProofJavaParser" time="0.004"/>
  <testcase name="testGenericClassDeclarations()" classname="de.uka.ilkd.key.parser.proofjava.TestProofJavaParser" time="0.002"/>
  <testcase name="testMemberDeclarations()" classname="de.uka.ilkd.key.parser.proofjava.TestProofJavaParser" time="0.001"/>
  <system-out><![CDATA[621083     DEBUG Test worker     d.u.i.k.p.p.TestProofJavaParser <a>+2 <-> 
                                        <a> + 2 
621084     DEBUG Test worker     d.u.i.k.p.p.TestProofJavaParser a >> <a> <-> 
     a >> <a> 
621084     DEBUG Test worker     d.u.i.k.p.p.TestProofJavaParser a<<b>-2 <-> 
        a << b > -2 
621087     DEBUG Test worker     d.u.i.k.p.p.TestProofJavaParser A<T>.<B><S>.class <-> 
       A.<B><S>.class 
]]></system-out>
  <system-err><![CDATA[]]></system-err>
</testsuite>
