<?xml version="1.0" encoding="UTF-8"?>
<testsuite name="de.uka.ilkd.key.parser.TestTermParserSorts" tests="2" skipped="0" failures="0" errors="0" timestamp="2023-06-10T12:37:44" hostname="fv-az210-601" time="4.307">
  <properties/>
  <testcase name="testParseIntegerArgs()" classname="de.uka.ilkd.key.parser.TestTermParserSorts" time="0.019"/>
  <testcase name="testParseSequencePrettySyntax()" classname="de.uka.ilkd.key.parser.TestTermParserSorts" time="0.006"/>
  <system-out><![CDATA[616769     INFO  Test worker     d.u.i.k.n.KeyIO           Parsing took 0 ms 
616769     DEBUG Test worker     d.u.i.k.n.KeyIO           Load declarations of de.uka.ilkd.key.nparser.KeyAst$File:  <unknown>:1#1 
616769     INFO  Test worker     d.u.i.k.n.KeyIO           MODE: declarations took 0 ms 
616769     DEBUG Test worker     d.u.i.k.n.KeyIO           MODE: 2nd degree decls took 0 
616769     INFO  Test worker     d.u.i.k.n.KeyIO           Parsing took 0 ms 
616769     DEBUG Test worker     d.u.i.k.n.KeyIO           Load declarations of de.uka.ilkd.key.nparser.KeyAst$File:  <unknown>:1#1 
616769     INFO  Test worker     d.u.i.k.n.KeyIO           MODE: declarations took 0 ms 
616769     DEBUG Test worker     d.u.i.k.n.KeyIO           MODE: 2nd degree decls took 0 
616769     INFO  Test worker     d.u.i.k.n.KeyIO           Parsing took 0 ms 
616769     DEBUG Test worker     d.u.i.k.n.KeyIO           Load declarations of de.uka.ilkd.key.nparser.KeyAst$File:  <unknown>:1#1 
616769     INFO  Test worker     d.u.i.k.n.KeyIO           MODE: declarations took 0 ms 
616770     DEBUG Test worker     d.u.i.k.n.KeyIO           MODE: 2nd degree decls took 0 
621070     INFO  Test worker     d.u.i.k.n.KeyIO           Parsing took 0 ms 
621071     DEBUG Test worker     d.u.i.k.n.KeyIO           Load declarations of de.uka.ilkd.key.nparser.KeyAst$File:  <unknown>:1#1 
621072     INFO  Test worker     d.u.i.k.n.KeyIO           MODE: declarations took 1 ms 
621073     DEBUG Test worker     d.u.i.k.n.KeyIO           MODE: 2nd degree decls took 0 
621073     INFO  Test worker     d.u.i.k.n.KeyIO           Parsing took 0 ms 
621073     DEBUG Test worker     d.u.i.k.n.KeyIO           Load declarations of de.uka.ilkd.key.nparser.KeyAst$File:  <unknown>:1#1 
621073     INFO  Test worker     d.u.i.k.n.KeyIO           MODE: declarations took 0 ms 
621074     DEBUG Test worker     d.u.i.k.n.KeyIO           MODE: 2nd degree decls took 0 
621074     INFO  Test worker     d.u.i.k.n.KeyIO           Parsing took 0 ms 
621074     DEBUG Test worker     d.u.i.k.n.KeyIO           Load declarations of de.uka.ilkd.key.nparser.KeyAst$File:  <unknown>:1#1 
621074     INFO  Test worker     d.u.i.k.n.KeyIO           MODE: declarations took 0 ms 
621075     DEBUG Test worker     d.u.i.k.n.KeyIO           MODE: 2nd degree decls took 0 
]]></system-out>
  <system-err><![CDATA[]]></system-err>
</testsuite>
