<?xml version="1.0" encoding="UTF-8"?>
<testsuite name="de.uka.ilkd.key.proof.TestOneStepSimplifier" tests="1" skipped="0" failures="0" errors="0" timestamp="2023-06-10T12:37:48" hostname="fv-az210-601" time="5.446">
  <properties/>
  <testcase name="loadWithRestriction()" classname="de.uka.ilkd.key.proof.TestOneStepSimplifier" time="5.446"/>
  <system-out><![CDATA[621106     INFO  Test worker     d.u.i.k.p.i.AbstractProblemLoader Loading environment from src/test/resources/testcase/ossRestriction.proof 
621107     DEBUG Test worker     d.u.i.k.p.i.AbstractProblemLoader Environment load took 301.52ns 
621108     INFO  Test worker     d.u.i.k.p.i.AbstractProblemLoader Creating init config 
621278     DEBUG Test worker     d.u.i.k.j.TypeConverter   No LDT found for Meta 
621279     DEBUG Test worker     d.u.i.k.j.TypeConverter   No LDT found for Meta 
621279     DEBUG Test worker     d.u.i.k.j.TypeConverter   No LDT found for Meta 
621280     DEBUG Test worker     d.u.i.k.j.TypeConverter   No LDT found for Meta 
622016     DEBUG Test worker     d.u.i.k.j.TypeConverter   No LDT found for JavaBigintExpression 
626524     DEBUG Test worker     d.u.i.k.p.i.AbstractProblemLoader Init config took 5.42s 
626548     INFO  Test worker     d.u.i.k.p.i.AbstractProblemLoader Replaying proof ossRestriction.proof 
626551     DEBUG Test worker     d.u.i.k.p.i.IntermediateProofReplayer Proof replay took 964.16ns 
]]></system-out>
  <system-err><![CDATA[]]></system-err>
</testsuite>
