<?xml version="1.0" encoding="UTF-8"?>
<testsuite name="de.uka.ilkd.key.java.visitor.TestDeclarationProgramVariableCollector" tests="1" skipped="0" failures="0" errors="0" timestamp="2023-06-10T12:28:17" hostname="fv-az210-601" time="0.004">
  <properties/>
  <testcase name="testVisitor()" classname="de.uka.ilkd.key.java.visitor.TestDeclarationProgramVariableCollector" time="0.004"/>
  <system-out><![CDATA[]]></system-out>
  <system-err><![CDATA[]]></system-err>
</testsuite>
