<?xml version="1.0" encoding="UTF-8"?>
<testsuite name="de.uka.ilkd.key.rule.loop.LoopScopeInvRuleTests" tests="1" skipped="0" failures="0" errors="0" timestamp="2023-06-10T12:38:22" hostname="fv-az210-601" time="6.19">
  <properties/>
  <testcase name="testDoAutomaticProofOfBenchmarkWithLabeledBreaksAndContinues()" classname="de.uka.ilkd.key.rule.loop.LoopScopeInvRuleTests" time="6.19"/>
  <system-out><![CDATA[654655     INFO  Test worker     d.u.i.k.p.i.AbstractProblemLoader Loading environment from src/test/resources/testcase/loopScopeInvRule/Test.key 
654655     DEBUG Test worker     d.u.i.k.p.i.AbstractProblemLoader Environment load took 115.61ns 
654656     INFO  Test worker     d.u.i.k.p.i.AbstractProblemLoader Creating init config 
654828     DEBUG Test worker     d.u.i.k.j.TypeConverter   No LDT found for Meta 
654829     DEBUG Test worker     d.u.i.k.j.TypeConverter   No LDT found for Meta 
654829     DEBUG Test worker     d.u.i.k.j.TypeConverter   No LDT found for Meta 
654829     DEBUG Test worker     d.u.i.k.j.TypeConverter   No LDT found for Meta 
655576     DEBUG Test worker     d.u.i.k.j.TypeConverter   No LDT found for JavaBigintExpression 
660207     DEBUG Test worker     d.u.i.k.p.i.AbstractProblemLoader Init config took 5.55s 
660248     INFO  Test worker     d.u.i.k.p.i.AbstractProblemLoader Replaying proof Test[Test::loopScopeRuleBenchmark(int,boolean)].JML normal_behavior operation contract.0 
660250     DEBUG Test worker     d.u.i.k.p.i.IntermediateProofReplayer Proof replay took 19.4ns 
]]></system-out>
  <system-err><![CDATA[]]></system-err>
</testsuite>
