<?xml version="1.0" encoding="UTF-8"?>
<testsuite name="de.uka.ilkd.key.proof.runallproofs.RunAllProofsInfFlow" tests="29" skipped="0" failures="0" errors="0" timestamp="2023-05-21T21:49:17" hostname="fv-az173-550" time="2780.879">
  <properties/>
  <testcase name="ToyVoting" classname="de.uka.ilkd.key.proof.runallproofs.RunAllProofsInfFlow" time="25.659"/>
  <testcase name="ConditionalConfidential" classname="de.uka.ilkd.key.proof.runallproofs.RunAllProofsInfFlow" time="14.117"/>
  <testcase name="SumExample" classname="de.uka.ilkd.key.proof.runallproofs.RunAllProofsInfFlow" time="10.097"/>
  <testcase name="ToyBanking" classname="de.uka.ilkd.key.proof.runallproofs.RunAllProofsInfFlow" time="115.619"/>
  <testcase name="BlockContracts" classname="de.uka.ilkd.key.proof.runallproofs.RunAllProofsInfFlow" time="59.829"/>
  <testcase name="MethodContracts" classname="de.uka.ilkd.key.proof.runallproofs.RunAllProofsInfFlow" time="69.37"/>
  <testcase name="LoopInvariants" classname="de.uka.ilkd.key.proof.runallproofs.RunAllProofsInfFlow" time="69.94"/>
  <testcase name="MiniExamples" classname="de.uka.ilkd.key.proof.runallproofs.RunAllProofsInfFlow" time="93.206"/>
  <testcase name="NewObjects" classname="de.uka.ilkd.key.proof.runallproofs.RunAllProofsInfFlow" time="78.12"/>
  <testcase name="SimpleEvoting" classname="de.uka.ilkd.key.proof.runallproofs.RunAllProofsInfFlow" time="162.98"/>
  <testcase name="ToyVoting_nomacro" classname="de.uka.ilkd.key.proof.runallproofs.RunAllProofsInfFlow" time="34.111"/>
  <testcase name="ConditionalConfidential_nomacro" classname="de.uka.ilkd.key.proof.runallproofs.RunAllProofsInfFlow" time="0.002"/>
  <testcase name="SumExample_nomacro" classname="de.uka.ilkd.key.proof.runallproofs.RunAllProofsInfFlow" time="11.191"/>
  <testcase name="ToyBanking_nomacro" classname="de.uka.ilkd.key.proof.runallproofs.RunAllProofsInfFlow" time="80.394"/>
  <testcase name="BlockContracts_nomacro" classname="de.uka.ilkd.key.proof.runallproofs.RunAllProofsInfFlow" time="80.304"/>
  <testcase name="MethodContracts_nomacro" classname="de.uka.ilkd.key.proof.runallproofs.RunAllProofsInfFlow" time="72.977"/>
  <testcase name="LoopInvariants_nomacro" classname="de.uka.ilkd.key.proof.runallproofs.RunAllProofsInfFlow" time="110.784"/>
  <testcase name="MiniExamples_nomacro" classname="de.uka.ilkd.key.proof.runallproofs.RunAllProofsInfFlow" time="95.072"/>
  <testcase name="NewObjects_nomacro" classname="de.uka.ilkd.key.proof.runallproofs.RunAllProofsInfFlow" time="135.304"/>
  <testcase name="SimpleEvoting_nomacro" classname="de.uka.ilkd.key.proof.runallproofs.RunAllProofsInfFlow" time="136.842"/>
  <testcase name="ToyVoting_fullmacro" classname="de.uka.ilkd.key.proof.runallproofs.RunAllProofsInfFlow" time="59.652"/>
  <testcase name="SumExample_fullmacro" classname="de.uka.ilkd.key.proof.runallproofs.RunAllProofsInfFlow" time="10.78"/>
  <testcase name="ToyBanking_fullmacro" classname="de.uka.ilkd.key.proof.runallproofs.RunAllProofsInfFlow" time="285.937"/>
  <testcase name="BlockContracts_fullmacro" classname="de.uka.ilkd.key.proof.runallproofs.RunAllProofsInfFlow" time="83.007"/>
  <testcase name="MethodContracts_fullmacro" classname="de.uka.ilkd.key.proof.runallproofs.RunAllProofsInfFlow" time="72.665"/>
  <testcase name="InformationFlow_fullmacro" classname="de.uka.ilkd.key.proof.runallproofs.RunAllProofsInfFlow" time="331.663"/>
  <testcase name="MiniExamples_fullmacro" classname="de.uka.ilkd.key.proof.runallproofs.RunAllProofsInfFlow" time="100.03"/>
  <testcase name="NewObjects_fullmacro" classname="de.uka.ilkd.key.proof.runallproofs.RunAllProofsInfFlow" time="195.772"/>
  <testcase name="SimpleEvoting_fullmacro" classname="de.uka.ilkd.key.proof.runallproofs.RunAllProofsInfFlow" time="185.447"/>
  <system-out><![CDATA[409        INFO  Test worker     d.u.i.k.p.r.RunAllProofsTestUnit Running test ToyVoting 
317        INFO  Timeout watchdog d.u.i.k.p.r.p.ForkedTestFileRunner Timeout watcher launched (1000 secs.) 
327        WARN  main            d.u.i.k.s.ProofSettings   No proof-settings could be loaded, using defaults java.io.FileNotFoundException: /home/runner/.key/proof-settings.props (No such file or directory)
	at java.base/java.io.FileInputStream.open0(Native Method)

350        INFO  main            d.u.i.k.p.r.p.TestFile    Now processing file /home/runner/work/key/key/key.core/../key.ui/examples/InformationFlow/ToyVoting/Voter(Voter__insecure_voting()).JML normal_behavior operation contract.0.key 
464        INFO  main            d.u.i.k.p.i.AbstractProblemLoader Loading environment from /home/runner/work/key/key/key.core/../key.ui/examples/InformationFlow/ToyVoting/Voter(Voter__insecure_voting()).JML normal_behavior operation contract.0.key 
496        DEBUG main            d.u.i.k.p.i.AbstractProblemLoader Environment load took 3.38ms 
757        INFO  main            d.u.i.k.p.i.AbstractProblemLoader Creating init config 
1767       DEBUG main            d.u.i.k.j.TypeConverter   No LDT found for Meta 
1768       DEBUG main            d.u.i.k.j.TypeConverter   No LDT found for Meta 
1784       DEBUG main            d.u.i.k.j.TypeConverter   No LDT found for Meta 
1784       DEBUG main            d.u.i.k.j.TypeConverter   No LDT found for Meta 
3259       DEBUG main            d.u.i.k.j.TypeConverter   No LDT found for JavaBigintExpression 
8538       DEBUG main            d.u.i.k.p.i.AbstractProblemLoader Init config took 7.78s 
8652       INFO  main            d.u.i.k.p.i.AbstractProblemLoader Replaying proof Voter[Voter::insecure_voting()].JML normal_behavior operation contract.0 
8733       DEBUG main            d.u.i.k.p.i.IntermediateProofReplayer Proof replay took 345.2ns 
9788       INFO  main            d.u.i.k.p.r.p.TestFile    ... finished proof: closed. 
9916       INFO  main            d.u.i.k.p.r.p.TestFile    Now processing file /home/runner/work/key/key/key.core/../key.ui/examples/InformationFlow/ToyVoting/Voter(Voter__publishVoterParticipation()).JML normal_behavior operation contract.0.key 
9917       INFO  main            d.u.i.k.p.i.AbstractProblemLoader Loading environment from /home/runner/work/key/key/key.core/../key.ui/examples/InformationFlow/ToyVoting/Voter(Voter__publishVoterParticipation()).JML normal_behavior operation contract.0.key 
9917       DEBUG main            d.u.i.k.p.i.AbstractProblemLoader Environment load took 411.9ns 
9919       INFO  main            d.u.i.k.p.i.AbstractProblemLoader Creating init config 
12756      DEBUG main            d.u.i.k.p.i.AbstractProblemLoader Init config took 2.84s 
12837      INFO  main            d.u.i.k.p.i.AbstractProblemLoader Replaying proof Voter[Voter::publishVoterParticipation()].JML normal_behavior operation contract.0 
12842      DEBUG main            d.u.i.k.p.i.IntermediateProofReplayer Proof replay took 12.3ns 
12944      INFO  main            d.u.i.k.p.r.p.TestFile    ... finished proof: closed. 
13058      INFO  main            d.u.i.k.p.r.p.TestFile    Now processing file /home/runner/work/key/key/key.core/../key.ui/examples/InformationFlow/ToyVoting/Voter(Voter__isValid(int)).JML normal_behavior operation contract.0.key 
13058      INFO  main            d.u.i.k.p.i.AbstractProblemLoader Loading environment from /home/runner/work/key/key/key.core/../key.ui/examples/InformationFlow/ToyVoting/Voter(Voter__isValid(int)).JML normal_behavior operation contract.0.key 
13058      DEBUG main            d.u.i.k.p.i.AbstractProblemLoader Environment load took 85.8ns 
13059      INFO  main            d.u.i.k.p.i.AbstractProblemLoader Creating init config 
15736      DEBUG main            d.u.i.k.p.i.AbstractProblemLoader Init config took 2.68s 
15795      INFO  main            d.u.i.k.p.i.AbstractProblemLoader Replaying proof Voter[Voter::isValid(int)].JML normal_behavior operation contract.0 
15798      DEBUG main            d.u.i.k.p.i.IntermediateProofReplayer Proof replay took 12ns 
15900      INFO  main            d.u.i.k.p.r.p.TestFile    ... finished proof: closed. 
16012      INFO  main            d.u.i.k.p.r.p.TestFile    Now processing file /home/runner/work/key/key/key.core/../key.ui/examples/InformationFlow/ToyVoting/Voter(Voter__sendVote(int)).JML normal_behavior operation contract.0.key 
16012      INFO  main            d.u.i.k.p.i.AbstractProblemLoader Loading environment from /home/runner/work/key/key/key.core/../key.ui/examples/InformationFlow/ToyVoting/Voter(Voter__sendVote(int)).JML normal_behavior operation contract.0.key 
16012      DEBUG main            d.u.i.k.p.i.AbstractProblemLoader Environment load took 70.8ns 
16014      INFO  main            d.u.i.k.p.i.AbstractProblemLoader Creating init config 
18703      DEBUG main            d.u.i.k.p.i.AbstractProblemLoader Init config took 2.69s 
18751      INFO  main            d.u.i.k.p.i.AbstractProblemLoader Replaying proof Voter[Voter::sendVote(int)].JML normal_behavior operation contract.0 
18754      DEBUG main            d.u.i.k.p.i.IntermediateProofReplayer Proof replay took 12ns 
18856      INFO  main            d.u.i.k.p.r.p.TestFile    ... finished proof: closed. 
18991      INFO  main            d.u.i.k.p.r.p.TestFile    Now processing file /home/runner/work/key/key/key.core/../key.ui/examples/InformationFlow/ToyVoting/Voter(Voter__inputVote()).JML normal_behavior operation contract.0.key 
18992      INFO  main            d.u.i.k.p.i.AbstractProblemLoader Loading environment from /home/runner/work/key/key/key.core/../key.ui/examples/InformationFlow/ToyVoting/Voter(Voter__inputVote()).JML normal_behavior operation contract.0.key 
18992      DEBUG main            d.u.i.k.p.i.AbstractProblemLoader Environment load took 83.4ns 
18993      INFO  main            d.u.i.k.p.i.AbstractProblemLoader Creating init config 
21595      DEBUG main            d.u.i.k.p.i.AbstractProblemLoader Init config took 2.6s 
21638      INFO  main            d.u.i.k.p.i.AbstractProblemLoader Replaying proof Voter[Voter::inputVote()].JML normal_behavior operation contract.0 
21641      DEBUG main            d.u.i.k.p.i.IntermediateProofReplayer Proof replay took 12ns 
21744      INFO  main            d.u.i.k.p.r.p.TestFile    ... finished proof: closed. 
21864      INFO  main            d.u.i.k.p.r.p.TestFile    Now processing file /home/runner/work/key/key/key.core/../key.ui/examples/InformationFlow/ToyVoting/Voter(Voter__secure_voting()).JML normal_behavior operation contract.0.key 
21864      INFO  main            d.u.i.k.p.i.AbstractProblemLoader Loading environment from /home/runner/work/key/key/key.core/../key.ui/examples/InformationFlow/ToyVoting/Voter(Voter__secure_voting()).JML normal_behavior operation contract.0.key 
21864      DEBUG main            d.u.i.k.p.i.AbstractProblemLoader Environment load took 71.1ns 
21865      INFO  main            d.u.i.k.p.i.AbstractProblemLoader Creating init config 
24538      DEBUG main            d.u.i.k.p.i.AbstractProblemLoader Init config took 2.67s 
24594      INFO  main            d.u.i.k.p.i.AbstractProblemLoader Replaying proof Voter[Voter::secure_voting()].JML normal_behavior operation contract.0 
24600      DEBUG main            d.u.i.k.p.i.IntermediateProofReplayer Proof replay took 12.5ns 
25306      INFO  main            d.u.i.k.p.r.p.TestFile    ... finished proof: closed. 
26063      INFO  Test worker     d.u.i.k.p.r.RunAllProofsTestUnit Returning from test ToyVoting 
26066      INFO  Test worker     d.u.i.k.p.r.RunAllProofsTestUnit Running test ConditionalConfidential 
364        INFO  Timeout watchdog d.u.i.k.p.r.p.ForkedTestFileRunner Timeout watcher launched (1000 secs.) 
375        WARN  main            d.u.i.k.s.ProofSettings   The settings in /home/runner/.key/proof-settings.props are *not* read. 
396        INFO  main            d.u.i.k.p.r.p.TestFile    Now processing file /home/runner/work/key/key/key.core/../key.ui/examples/InformationFlow/ConditionalConfidential/CCExample(CCExample__hasAccessRight(CCExample.User)).JML normal_behavior operation contract.0.key 
496        INFO  main            d.u.i.k.p.i.AbstractProblemLoader Loading environment from /home/runner/work/key/key/key.core/../key.ui/examples/InformationFlow/ConditionalConfidential/CCExample(CCExample__hasAccessRight(CCExample.User)).JML normal_behavior operation contract.0.key 
516        DEBUG main            d.u.i.k.p.i.AbstractProblemLoader Environment load took 3.97ms 
735        INFO  main            d.u.i.k.p.i.AbstractProblemLoader Creating init config 
1696       DEBUG main            d.u.i.k.j.TypeConverter   No LDT found for Meta 
1696       DEBUG main            d.u.i.k.j.TypeConverter   No LDT found for Meta 
1699       DEBUG main            d.u.i.k.j.TypeConverter   No LDT found for Meta 
1699       DEBUG main            d.u.i.k.j.TypeConverter   No LDT found for Meta 
3024       DEBUG main            d.u.i.k.j.TypeConverter   No LDT found for JavaBigintExpression 
5802       DEBUG main            d.u.i.k.j.r.ClassPreparationMethodBuilder clPrepBuilder: Inner Class detected. Reject building class initialisation methods. 
8073       DEBUG main            d.u.i.k.p.i.AbstractProblemLoader Init config took 7.34s 
8191       INFO  main            d.u.i.k.p.i.AbstractProblemLoader Replaying proof ConditionalConfidentialExample[ConditionalConfidentialExample::hasAccessRight(ConditionalConfidentialExample.User)].JML normal_behavior operation contract.0 
8225       DEBUG main            d.u.i.k.p.i.IntermediateProofReplayer Proof replay took 280.6ns 
10262      INFO  main            d.u.i.k.p.r.p.TestFile    ... finished proof: closed. 
10432      INFO  main            d.u.i.k.p.r.p.TestFile    Now processing file /home/runner/work/key/key/key.core/../key.ui/examples/InformationFlow/ConditionalConfidential/CCExample(CCExample__getConfidentialData(CCExample.User)).JML normal_behavior operation contract.0.key 
10432      INFO  main            d.u.i.k.p.i.AbstractProblemLoader Loading environment from /home/runner/work/key/key/key.core/../key.ui/examples/InformationFlow/ConditionalConfidential/CCExample(CCExample__getConfidentialData(CCExample.User)).JML normal_behavior operation contract.0.key 
10432      DEBUG main            d.u.i.k.p.i.AbstractProblemLoader Environment load took 90.1ns 
10437      INFO  main            d.u.i.k.p.i.AbstractProblemLoader Creating init config 
11339      DEBUG main            d.u.i.k.j.r.ClassPreparationMethodBuilder clPrepBuilder: Inner Class detected. Reject building class initialisation methods. 
13135      DEBUG main            d.u.i.k.p.i.AbstractProblemLoader Init config took 2.7s 
13209      INFO  main            d.u.i.k.p.i.AbstractProblemLoader Replaying proof ConditionalConfidentialExample[ConditionalConfidentialExample::getConfidentialData(ConditionalConfidentialExample.User)].JML normal_behavior operation contract.0 
13213      DEBUG main            d.u.i.k.p.i.IntermediateProofReplayer Proof replay took 13.2ns 
13818      INFO  main            d.u.i.k.p.r.p.TestFile    ... finished proof: closed. 
40183      INFO  Test worker     d.u.i.k.p.r.RunAllProofsTestUnit Returning from test ConditionalConfidential 
40184      INFO  Test worker     d.u.i.k.p.r.RunAllProofsTestUnit Running test SumExample 
318        INFO  Timeout watchdog d.u.i.k.p.r.p.ForkedTestFileRunner Timeout watcher launched (1000 secs.) 
330        WARN  main            d.u.i.k.s.ProofSettings   The settings in /home/runner/.key/proof-settings.props are *not* read. 
362        INFO  main            d.u.i.k.p.r.p.TestFile    Now processing file /home/runner/work/key/key/key.core/../key.ui/examples/InformationFlow/Sum/SumExample(SumExample__getSum()).JML normal_behavior operation contract.0.key 
468        INFO  main            d.u.i.k.p.i.AbstractProblemLoader Loading environment from /home/runner/work/key/key/key.core/../key.ui/examples/InformationFlow/Sum/SumExample(SumExample__getSum()).JML normal_behavior operation contract.0.key 
492        DEBUG main            d.u.i.k.p.i.AbstractProblemLoader Environment load took 2.82ms 
705        INFO  main            d.u.i.k.p.i.AbstractProblemLoader Creating init config 
1593       DEBUG main            d.u.i.k.j.TypeConverter   No LDT found for Meta 
1597       DEBUG main            d.u.i.k.j.TypeConverter   No LDT found for Meta 
1601       DEBUG main            d.u.i.k.j.TypeConverter   No LDT found for Meta 
1601       DEBUG main            d.u.i.k.j.TypeConverter   No LDT found for Meta 
3045       DEBUG main            d.u.i.k.j.TypeConverter   No LDT found for JavaBigintExpression 
8363       DEBUG main            d.u.i.k.p.i.AbstractProblemLoader Init config took 7.66s 
8547       INFO  main            d.u.i.k.p.i.AbstractProblemLoader Replaying proof SumExample[SumExample::getSum()].JML normal_behavior operation contract.0 
8585       DEBUG main            d.u.i.k.p.i.IntermediateProofReplayer Proof replay took 289.5ns 
9821       INFO  main            d.u.i.k.p.r.p.TestFile    ... finished proof: closed. 
50281      INFO  Test worker     d.u.i.k.p.r.RunAllProofsTestUnit Returning from test SumExample 
50282      INFO  Test worker     d.u.i.k.p.r.RunAllProofsTestUnit Running test ToyBanking 
360        INFO  Timeout watchdog d.u.i.k.p.r.p.ForkedTestFileRunner Timeout watcher launched (1000 secs.) 
360        WARN  main            d.u.i.k.s.ProofSettings   The settings in /home/runner/.key/proof-settings.props are *not* read. 
405        INFO  main            d.u.i.k.p.r.p.TestFile    Now processing file /home/runner/work/key/key/key.core/../key.ui/examples/InformationFlow/ToyBanking/banking_example.UserAccount(banking_example.UserAccount__getBankAccount(int)).JML normal_behavior operation contract.0.key 
536        INFO  main            d.u.i.k.p.i.AbstractProblemLoader Loading environment from /home/runner/work/key/key/key.core/../key.ui/examples/InformationFlow/ToyBanking/banking_example.UserAccount(banking_example.UserAccount__getBankAccount(int)).JML normal_behavior operation contract.0.key 
553        DEBUG main            d.u.i.k.p.i.AbstractProblemLoader Environment load took 2.29ms 
764        INFO  main            d.u.i.k.p.i.AbstractProblemLoader Creating init config 
1645       DEBUG main            d.u.i.k.j.TypeConverter   No LDT found for Meta 
1645       DEBUG main            d.u.i.k.j.TypeConverter   No LDT found for Meta 
1648       DEBUG main            d.u.i.k.j.TypeConverter   No LDT found for Meta 
1648       DEBUG main            d.u.i.k.j.TypeConverter   No LDT found for Meta 
2937       DEBUG main            d.u.i.k.j.TypeConverter   No LDT found for JavaBigintExpression 
8321       DEBUG main            d.u.i.k.p.i.AbstractProblemLoader Init config took 7.56s 
8466       INFO  main            d.u.i.k.p.i.AbstractProblemLoader Replaying proof banking_example.UserAccount[banking_example.UserAccount::getBankAccount(int)].JML normal_behavior operation contract.0 
8500       DEBUG main            d.u.i.k.p.i.IntermediateProofReplayer Proof replay took 298.2ns 
9661       INFO  main            d.u.i.k.p.r.p.TestFile    ... finished proof: closed. 
9815       INFO  main            d.u.i.k.p.r.p.TestFile    Now processing file /home/runner/work/key/key/key.core/../key.ui/examples/InformationFlow/ToyBanking/banking_example.UserAccount(banking_example.UserAccount__tryLogin(int,(C)).JML normal_behavior operation contract.0.key 
9815       INFO  main            d.u.i.k.p.i.AbstractProblemLoader Loading environment from /home/runner/work/key/key/key.core/../key.ui/examples/InformationFlow/ToyBanking/banking_example.UserAccount(banking_example.UserAccount__tryLogin(int,(C)).JML normal_behavior operation contract.0.key 
9815       DEBUG main            d.u.i.k.p.i.AbstractProblemLoader Environment load took 104.5ns 
9818       INFO  main            d.u.i.k.p.i.AbstractProblemLoader Creating init config 
12910      DEBUG main            d.u.i.k.p.i.AbstractProblemLoader Init config took 3.09s 
13013      INFO  main            d.u.i.k.p.i.AbstractProblemLoader Replaying proof banking_example.UserAccount[banking_example.UserAccount::tryLogin(int,[C)].JML normal_behavior operation contract.0 
13019      DEBUG main            d.u.i.k.p.i.IntermediateProofReplayer Proof replay took 11.2ns 
35988      INFO  main            d.u.i.k.p.r.p.TestFile    ... finished proof: closed. 
36211      INFO  main            d.u.i.k.p.r.p.TestFile    Now processing file /home/runner/work/key/key/key.core/../key.ui/examples/InformationFlow/ToyBanking/banking_example.UserAccount(java.lang.Object___inv_()).JML accessible clause.0.key 
36211      INFO  main            d.u.i.k.p.i.AbstractProblemLoader Loading environment from /home/runner/work/key/key/key.core/../key.ui/examples/InformationFlow/ToyBanking/banking_example.UserAccount(java.lang.Object___inv_()).JML accessible clause.0.key 
36211      DEBUG main            d.u.i.k.p.i.AbstractProblemLoader Environment load took 92.5ns 
36214      INFO  main            d.u.i.k.p.i.AbstractProblemLoader Creating init config 
39182      DEBUG main            d.u.i.k.p.i.AbstractProblemLoader Init config took 2.97s 
39258      INFO  main            d.u.i.k.p.i.AbstractProblemLoader Replaying proof banking_example.UserAccount[java.lang.Object::<inv>()].JML accessible clause.0 
39260      DEBUG main            d.u.i.k.p.i.IntermediateProofReplayer Proof replay took 12.3ns 
44900      INFO  main            d.u.i.k.p.r.p.TestFile    ... finished proof: closed. 
45119      INFO  main            d.u.i.k.p.r.p.TestFile    Now processing file /home/runner/work/key/key/key.core/../key.ui/examples/InformationFlow/ToyBanking/banking_example.BankAccount(banking_example.BankAccount__depositMoney(int)).JML normal_behavior operation contract.0.key 
45119      INFO  main            d.u.i.k.p.i.AbstractProblemLoader Loading environment from /home/runner/work/key/key/key.core/../key.ui/examples/InformationFlow/ToyBanking/banking_example.BankAccount(banking_example.BankAccount__depositMoney(int)).JML normal_behavior operation contract.0.key 
45119      DEBUG main            d.u.i.k.p.i.AbstractProblemLoader Environment load took 78.1ns 
45123      INFO  main            d.u.i.k.p.i.AbstractProblemLoader Creating init config 
48023      DEBUG main            d.u.i.k.p.i.AbstractProblemLoader Init config took 2.9s 
48080      INFO  main            d.u.i.k.p.i.AbstractProblemLoader Replaying proof banking_example.BankAccount[banking_example.BankAccount::depositMoney(int)].JML normal_behavior operation contract.0 
48084      DEBUG main            d.u.i.k.p.i.IntermediateProofReplayer Proof replay took 12.3ns 
48388      INFO  main            d.u.i.k.p.r.p.TestFile    ... finished proof: closed. 
48521      INFO  main            d.u.i.k.p.r.p.TestFile    Now processing file /home/runner/work/key/key/key.core/../key.ui/examples/InformationFlow/ToyBanking/banking_example.BankAccount(banking_example.BankAccount__getBalance()).JML normal_behavior operation contract.0.key 
48521      INFO  main            d.u.i.k.p.i.AbstractProblemLoader Loading environment from /home/runner/work/key/key/key.core/../key.ui/examples/InformationFlow/ToyBanking/banking_example.BankAccount(banking_example.BankAccount__getBalance()).JML normal_behavior operation contract.0.key 
48521      DEBUG main            d.u.i.k.p.i.AbstractProblemLoader Environment load took 95.3ns 
48523      INFO  main            d.u.i.k.p.i.AbstractProblemLoader Creating init config 
51373      DEBUG main            d.u.i.k.p.i.AbstractProblemLoader Init config took 2.85s 
51427      INFO  main            d.u.i.k.p.i.AbstractProblemLoader Replaying proof banking_example.BankAccount[banking_example.BankAccount::getBalance()].JML normal_behavior operation contract.0 
51430      DEBUG main            d.u.i.k.p.i.IntermediateProofReplayer Proof replay took 11.7ns 
51535      INFO  main            d.u.i.k.p.r.p.TestFile    ... finished proof: closed. 
51672      INFO  main            d.u.i.k.p.r.p.TestFile    Now processing file /home/runner/work/key/key/key.core/../key.ui/examples/InformationFlow/ToyBanking/banking_example.BankAccount(banking_example.BankAccount__getId()).JML normal_behavior operation contract.0.key 
51673      INFO  main            d.u.i.k.p.i.AbstractProblemLoader Loading environment from /home/runner/work/key/key/key.core/../key.ui/examples/InformationFlow/ToyBanking/banking_example.BankAccount(banking_example.BankAccount__getId()).JML normal_behavior operation contract.0.key 
51673      DEBUG main            d.u.i.k.p.i.AbstractProblemLoader Environment load took 110.4ns 
51674      INFO  main            d.u.i.k.p.i.AbstractProblemLoader Creating init config 
54488      DEBUG main            d.u.i.k.p.i.AbstractProblemLoader Init config took 2.81s 
54540      INFO  main            d.u.i.k.p.i.AbstractProblemLoader Replaying proof banking_example.BankAccount[banking_example.BankAccount::getId()].JML normal_behavior operation contract.0 
54543      DEBUG main            d.u.i.k.p.i.IntermediateProofReplayer Proof replay took 12.1ns 
54645      INFO  main            d.u.i.k.p.r.p.TestFile    ... finished proof: closed. 
54778      INFO  main            d.u.i.k.p.r.p.TestFile    Now processing file /home/runner/work/key/key/key.core/../key.ui/examples/InformationFlow/ToyBanking/banking_example.Bank(banking_example.Bank__login(int,(C)).JML normal_behavior operation contract.0.key 
54778      INFO  main            d.u.i.k.p.i.AbstractProblemLoader Loading environment from /home/runner/work/key/key/key.core/../key.ui/examples/InformationFlow/ToyBanking/banking_example.Bank(banking_example.Bank__login(int,(C)).JML normal_behavior operation contract.0.key 
54778      DEBUG main            d.u.i.k.p.i.AbstractProblemLoader Environment load took 65.9ns 
54779      INFO  main            d.u.i.k.p.i.AbstractProblemLoader Creating init config 
57604      DEBUG main            d.u.i.k.p.i.AbstractProblemLoader Init config took 2.82s 
57671      INFO  main            d.u.i.k.p.i.AbstractProblemLoader Replaying proof banking_example.Bank[banking_example.Bank::login(int,[C)].JML normal_behavior operation contract.0 
57673      DEBUG main            d.u.i.k.p.i.IntermediateProofReplayer Proof replay took 13.2ns 
64476      INFO  main            d.u.i.k.p.r.p.TestFile    ... finished proof: closed. 
64681      INFO  main            d.u.i.k.p.r.p.TestFile    Now processing file /home/runner/work/key/key/key.core/../key.ui/examples/InformationFlow/ToyBanking/banking_example2.UserAccount(banking_example2.UserAccount__getBankAccount(int)).JML normal_behavior operation contract.0.key 
64682      INFO  main            d.u.i.k.p.i.AbstractProblemLoader Loading environment from /home/runner/work/key/key/key.core/../key.ui/examples/InformationFlow/ToyBanking/banking_example2.UserAccount(banking_example2.UserAccount__getBankAccount(int)).JML normal_behavior operation contract.0.key 
64682      DEBUG main            d.u.i.k.p.i.AbstractProblemLoader Environment load took 73.1ns 
64683      INFO  main            d.u.i.k.p.i.AbstractProblemLoader Creating init config 
67465      DEBUG main            d.u.i.k.p.i.AbstractProblemLoader Init config took 2.78s 
67538      INFO  main            d.u.i.k.p.i.AbstractProblemLoader Replaying proof banking_example2.UserAccount[banking_example2.UserAccount::getBankAccount(int)].JML normal_behavior operation contract.0 
67542      DEBUG main            d.u.i.k.p.i.IntermediateProofReplayer Proof replay took 13.3ns 
67954      INFO  main            d.u.i.k.p.r.p.TestFile    ... finished proof: closed. 
68105      INFO  main            d.u.i.k.p.r.p.TestFile    Now processing file /home/runner/work/key/key/key.core/../key.ui/examples/InformationFlow/ToyBanking/banking_example2.UserAccount(banking_example2.UserAccount__tryLogin(int,(C)).JML normal_behavior operation contract.0.key 
68105      INFO  main            d.u.i.k.p.i.AbstractProblemLoader Loading environment from /home/runner/work/key/key/key.core/../key.ui/examples/InformationFlow/ToyBanking/banking_example2.UserAccount(banking_example2.UserAccount__tryLogin(int,(C)).JML normal_behavior operation contract.0.key 
68105      DEBUG main            d.u.i.k.p.i.AbstractProblemLoader Environment load took 70.4ns 
68107      INFO  main            d.u.i.k.p.i.AbstractProblemLoader Creating init config 
70833      DEBUG main            d.u.i.k.p.i.AbstractProblemLoader Init config took 2.73s 
70887      INFO  main            d.u.i.k.p.i.AbstractProblemLoader Replaying proof banking_example2.UserAccount[banking_example2.UserAccount::tryLogin(int,[C)].JML normal_behavior operation contract.0 
70892      DEBUG main            d.u.i.k.p.i.IntermediateProofReplayer Proof replay took 12.7ns 
92278      INFO  main            d.u.i.k.p.r.p.TestFile    ... finished proof: closed. 
92554      INFO  main            d.u.i.k.p.r.p.TestFile    Now processing file /home/runner/work/key/key/key.core/../key.ui/examples/InformationFlow/ToyBanking/banking_example2.UserAccount(java.lang.Object___inv_()).JML accessible clause.0.key 
92554      INFO  main            d.u.i.k.p.i.AbstractProblemLoader Loading environment from /home/runner/work/key/key/key.core/../key.ui/examples/InformationFlow/ToyBanking/banking_example2.UserAccount(java.lang.Object___inv_()).JML accessible clause.0.key 
92554      DEBUG main            d.u.i.k.p.i.AbstractProblemLoader Environment load took 67.3ns 
92557      INFO  main            d.u.i.k.p.i.AbstractProblemLoader Creating init config 
95241      DEBUG main            d.u.i.k.p.i.AbstractProblemLoader Init config took 2.68s 
95292      INFO  main            d.u.i.k.p.i.AbstractProblemLoader Replaying proof banking_example2.UserAccount[java.lang.Object::<inv>()].JML accessible clause.0 
95294      DEBUG main            d.u.i.k.p.i.IntermediateProofReplayer Proof replay took 13ns 
100036     INFO  main            d.u.i.k.p.r.p.TestFile    ... finished proof: open goal(s) 
100243     INFO  main            d.u.i.k.p.r.p.TestFile    Now processing file /home/runner/work/key/key/key.core/../key.ui/examples/InformationFlow/ToyBanking/banking_example2.BankAccount(banking_example2.BankAccount__depositMoney(int)).JML normal_behavior operation contract.0.key 
100243     INFO  main            d.u.i.k.p.i.AbstractProblemLoader Loading environment from /home/runner/work/key/key/key.core/../key.ui/examples/InformationFlow/ToyBanking/banking_example2.BankAccount(banking_example2.BankAccount__depositMoney(int)).JML normal_behavior operation contract.0.key 
100243     DEBUG main            d.u.i.k.p.i.AbstractProblemLoader Environment load took 128.5ns 
100244     INFO  main            d.u.i.k.p.i.AbstractProblemLoader Creating init config 
102876     DEBUG main            d.u.i.k.p.i.AbstractProblemLoader Init config took 2.63s 
102935     INFO  main            d.u.i.k.p.i.AbstractProblemLoader Replaying proof banking_example2.BankAccount[banking_example2.BankAccount::depositMoney(int)].JML normal_behavior operation contract.0 
102938     DEBUG main            d.u.i.k.p.i.IntermediateProofReplayer Proof replay took 14.2ns 
103244     INFO  main            d.u.i.k.p.r.p.TestFile    ... finished proof: closed. 
103414     INFO  main            d.u.i.k.p.r.p.TestFile    Now processing file /home/runner/work/key/key/key.core/../key.ui/examples/InformationFlow/ToyBanking/banking_example2.BankAccount(banking_example2.BankAccount__getBalance()).JML normal_behavior operation contract.0.key 
103415     INFO  main            d.u.i.k.p.i.AbstractProblemLoader Loading environment from /home/runner/work/key/key/key.core/../key.ui/examples/InformationFlow/ToyBanking/banking_example2.BankAccount(banking_example2.BankAccount__getBalance()).JML normal_behavior operation contract.0.key 
103415     DEBUG main            d.u.i.k.p.i.AbstractProblemLoader Environment load took 114.2ns 
103416     INFO  main            d.u.i.k.p.i.AbstractProblemLoader Creating init config 
106107     DEBUG main            d.u.i.k.p.i.AbstractProblemLoader Init config took 2.69s 
106151     INFO  main            d.u.i.k.p.i.AbstractProblemLoader Replaying proof banking_example2.BankAccount[banking_example2.BankAccount::getBalance()].JML normal_behavior operation contract.0 
106156     DEBUG main            d.u.i.k.p.i.IntermediateProofReplayer Proof replay took 14.1ns 
106258     INFO  main            d.u.i.k.p.r.p.TestFile    ... finished proof: closed. 
106413     INFO  main            d.u.i.k.p.r.p.TestFile    Now processing file /home/runner/work/key/key/key.core/../key.ui/examples/InformationFlow/ToyBanking/banking_example2.BankAccount(banking_example2.BankAccount__getId()).JML normal_behavior operation contract.0.key 
106413     INFO  main            d.u.i.k.p.i.AbstractProblemLoader Loading environment from /home/runner/work/key/key/key.core/../key.ui/examples/InformationFlow/ToyBanking/banking_example2.BankAccount(banking_example2.BankAccount__getId()).JML normal_behavior operation contract.0.key 
106413     DEBUG main            d.u.i.k.p.i.AbstractProblemLoader Environment load took 68.7ns 
106415     INFO  main            d.u.i.k.p.i.AbstractProblemLoader Creating init config 
109071     DEBUG main            d.u.i.k.p.i.AbstractProblemLoader Init config took 2.66s 
109115     INFO  main            d.u.i.k.p.i.AbstractProblemLoader Replaying proof banking_example2.BankAccount[banking_example2.BankAccount::getId()].JML normal_behavior operation contract.0 
109117     DEBUG main            d.u.i.k.p.i.IntermediateProofReplayer Proof replay took 12.7ns 
109222     INFO  main            d.u.i.k.p.r.p.TestFile    ... finished proof: closed. 
109386     INFO  main            d.u.i.k.p.r.p.TestFile    Now processing file /home/runner/work/key/key/key.core/../key.ui/examples/InformationFlow/ToyBanking/banking_example2.Bank(banking_example2.Bank__login(int,(C)).JML normal_behavior operation contract.0.key 
109387     INFO  main            d.u.i.k.p.i.AbstractProblemLoader Loading environment from /home/runner/work/key/key/key.core/../key.ui/examples/InformationFlow/ToyBanking/banking_example2.Bank(banking_example2.Bank__login(int,(C)).JML normal_behavior operation contract.0.key 
109387     DEBUG main            d.u.i.k.p.i.AbstractProblemLoader Environment load took 77.9ns 
109388     INFO  main            d.u.i.k.p.i.AbstractProblemLoader Creating init config 
112068     DEBUG main            d.u.i.k.p.i.AbstractProblemLoader Init config took 2.68s 
112111     INFO  main            d.u.i.k.p.i.AbstractProblemLoader Replaying proof banking_example2.Bank[banking_example2.Bank::login(int,[C)].JML normal_behavior operation contract.0 
112114     DEBUG main            d.u.i.k.p.i.IntermediateProofReplayer Proof replay took 14.5ns 
115247     INFO  main            d.u.i.k.p.r.p.TestFile    ... finished proof: closed. 
165900     INFO  Test worker     d.u.i.k.p.r.RunAllProofsTestUnit Returning from test ToyBanking 
165901     INFO  Test worker     d.u.i.k.p.r.RunAllProofsTestUnit Running test BlockContracts 
351        INFO  Timeout watchdog d.u.i.k.p.r.p.ForkedTestFileRunner Timeout watcher launched (1000 secs.) 
373        WARN  main            d.u.i.k.s.ProofSettings   The settings in /home/runner/.key/proof-settings.props are *not* read. 
396        INFO  main            d.u.i.k.p.r.p.TestFile    Now processing file /home/runner/work/key/key/key.core/../key.ui/examples/InformationFlow/BlockContracts/contract.IFBlockExamples(contract.IFBlockExamples__secure_5()).JML operation contract.0.key 
506        INFO  main            d.u.i.k.p.i.AbstractProblemLoader Loading environment from /home/runner/work/key/key/key.core/../key.ui/examples/InformationFlow/BlockContracts/contract.IFBlockExamples(contract.IFBlockExamples__secure_5()).JML operation contract.0.key 
523        DEBUG main            d.u.i.k.p.i.AbstractProblemLoader Environment load took 2.02ms 
742        INFO  main            d.u.i.k.p.i.AbstractProblemLoader Creating init config 
1788       DEBUG main            d.u.i.k.j.TypeConverter   No LDT found for Meta 
1789       DEBUG main            d.u.i.k.j.TypeConverter   No LDT found for Meta 
1791       DEBUG main            d.u.i.k.j.TypeConverter   No LDT found for Meta 
1792       DEBUG main            d.u.i.k.j.TypeConverter   No LDT found for Meta 
3022       DEBUG main            d.u.i.k.j.TypeConverter   No LDT found for JavaBigintExpression 
8307       DEBUG main            d.u.i.k.p.i.AbstractProblemLoader Init config took 7.56s 
8456       INFO  main            d.u.i.k.p.i.AbstractProblemLoader Replaying proof contract.IFBlockExamples[contract.IFBlockExamples::secure_5()].JML operation contract.0 
8539       DEBUG main            d.u.i.k.p.i.IntermediateProofReplayer Proof replay took 361.8ns 
9281       INFO  main            d.u.i.k.p.r.p.TestFile    ... finished proof: closed. 
9402       INFO  main            d.u.i.k.p.r.p.TestFile    Now processing file /home/runner/work/key/key/key.core/../key.ui/examples/InformationFlow/BlockContracts/contract.IFBlockExamples(contract.IFBlockExamples__block_no_return_secure(int)).JML operation contract.0.key 
9405       INFO  main            d.u.i.k.p.i.AbstractProblemLoader Loading environment from /home/runner/work/key/key/key.core/../key.ui/examples/InformationFlow/BlockContracts/contract.IFBlockExamples(contract.IFBlockExamples__block_no_return_secure(int)).JML operation contract.0.key 
9406       DEBUG main            d.u.i.k.p.i.AbstractProblemLoader Environment load took 1.06ms 
9409       INFO  main            d.u.i.k.p.i.AbstractProblemLoader Creating init config 
12332      DEBUG main            d.u.i.k.p.i.AbstractProblemLoader Init config took 2.92s 
12396      INFO  main            d.u.i.k.p.i.AbstractProblemLoader Replaying proof contract.IFBlockExamples[contract.IFBlockExamples::block_no_return_secure(int)].JML operation contract.0 
12400      DEBUG main            d.u.i.k.p.i.IntermediateProofReplayer Proof replay took 11.9ns 
12605      INFO  main            d.u.i.k.p.r.p.TestFile    ... finished proof: closed. 
12724      INFO  main            d.u.i.k.p.r.p.TestFile    Now processing file /home/runner/work/key/key/key.core/../key.ui/examples/InformationFlow/BlockContracts/contract.IFBlockExamples(contract.IFBlockExamples__while_block_insecure(int)).JML operation contract.0.key 
12725      INFO  main            d.u.i.k.p.i.AbstractProblemLoader Loading environment from /home/runner/work/key/key/key.core/../key.ui/examples/InformationFlow/BlockContracts/contract.IFBlockExamples(contract.IFBlockExamples__while_block_insecure(int)).JML operation contract.0.key 
12725      DEBUG main            d.u.i.k.p.i.AbstractProblemLoader Environment load took 116.8ns 
12729      INFO  main            d.u.i.k.p.i.AbstractProblemLoader Creating init config 
15452      DEBUG main            d.u.i.k.p.i.AbstractProblemLoader Init config took 2.72s 
15510      INFO  main            d.u.i.k.p.i.AbstractProblemLoader Replaying proof contract.IFBlockExamples[contract.IFBlockExamples::while_block_insecure(int)].JML operation contract.0 
15516      DEBUG main            d.u.i.k.p.i.IntermediateProofReplayer Proof replay took 12ns 
15925      INFO  main            d.u.i.k.p.r.p.TestFile    ... finished proof: closed. 
16061      INFO  main            d.u.i.k.p.r.p.TestFile    Now processing file /home/runner/work/key/key/key.core/../key.ui/examples/InformationFlow/BlockContracts/contract.IFBlockExamples(contract.IFBlockExamples__while_block_secure(int)).JML operation contract.0.key 
16061      INFO  main            d.u.i.k.p.i.AbstractProblemLoader Loading environment from /home/runner/work/key/key/key.core/../key.ui/examples/InformationFlow/BlockContracts/contract.IFBlockExamples(contract.IFBlockExamples__while_block_secure(int)).JML operation contract.0.key 
16061      DEBUG main            d.u.i.k.p.i.AbstractProblemLoader Environment load took 86.2ns 
16066      INFO  main            d.u.i.k.p.i.AbstractProblemLoader Creating init config 
18805      DEBUG main            d.u.i.k.p.i.AbstractProblemLoader Init config took 2.74s 
18877      INFO  main            d.u.i.k.p.i.AbstractProblemLoader Replaying proof contract.IFBlockExamples[contract.IFBlockExamples::while_block_secure(int)].JML operation contract.0 
18882      DEBUG main            d.u.i.k.p.i.IntermediateProofReplayer Proof replay took 11.6ns 
19187      INFO  main            d.u.i.k.p.r.p.TestFile    ... finished proof: closed. 
19325      INFO  main            d.u.i.k.p.r.p.TestFile    Now processing file /home/runner/work/key/key/key.core/../key.ui/examples/InformationFlow/BlockContracts/contract.IFBlockExamples(contract.IFBlockExamples__block_while_secure(int)).JML operation contract.0.key 
19325      INFO  main            d.u.i.k.p.i.AbstractProblemLoader Loading environment from /home/runner/work/key/key/key.core/../key.ui/examples/InformationFlow/BlockContracts/contract.IFBlockExamples(contract.IFBlockExamples__block_while_secure(int)).JML operation contract.0.key 
19325      DEBUG main            d.u.i.k.p.i.AbstractProblemLoader Environment load took 98.1ns 
19327      INFO  main            d.u.i.k.p.i.AbstractProblemLoader Creating init config 
22038      DEBUG main            d.u.i.k.p.i.AbstractProblemLoader Init config took 2.71s 
22085      INFO  main            d.u.i.k.p.i.AbstractProblemLoader Replaying proof contract.IFBlockExamples[contract.IFBlockExamples::block_while_secure(int)].JML operation contract.0 
22089      DEBUG main            d.u.i.k.p.i.IntermediateProofReplayer Proof replay took 12.7ns 
22392      INFO  main            d.u.i.k.p.r.p.TestFile    ... finished proof: closed. 
22543      INFO  main            d.u.i.k.p.r.p.TestFile    Now processing file /home/runner/work/key/key/key.core/../key.ui/examples/InformationFlow/BlockContracts/contract.IFBlockExamples(contract.IFBlockExamples__insecure_4(int)).JML operation contract.0.key 
22543      INFO  main            d.u.i.k.p.i.AbstractProblemLoader Loading environment from /home/runner/work/key/key/key.core/../key.ui/examples/InformationFlow/BlockContracts/contract.IFBlockExamples(contract.IFBlockExamples__insecure_4(int)).JML operation contract.0.key 
22543      DEBUG main            d.u.i.k.p.i.AbstractProblemLoader Environment load took 107.8ns 
22544      INFO  main            d.u.i.k.p.i.AbstractProblemLoader Creating init config 
25143      DEBUG main            d.u.i.k.p.i.AbstractProblemLoader Init config took 2.6s 
25197      INFO  main            d.u.i.k.p.i.AbstractProblemLoader Replaying proof contract.IFBlockExamples[contract.IFBlockExamples::insecure_4(int)].JML operation contract.0 
25204      DEBUG main            d.u.i.k.p.i.IntermediateProofReplayer Proof replay took 12.6ns 
25607      INFO  main            d.u.i.k.p.r.p.TestFile    ... finished proof: closed. 
25763      INFO  main            d.u.i.k.p.r.p.TestFile    Now processing file /home/runner/work/key/key/key.core/../key.ui/examples/InformationFlow/BlockContracts/contract.IFBlockExamples(contract.IFBlockExamples__insecure_3(int)).JML operation contract.0.key 
25764      INFO  main            d.u.i.k.p.i.AbstractProblemLoader Loading environment from /home/runner/work/key/key/key.core/../key.ui/examples/InformationFlow/BlockContracts/contract.IFBlockExamples(contract.IFBlockExamples__insecure_3(int)).JML operation contract.0.key 
25764      DEBUG main            d.u.i.k.p.i.AbstractProblemLoader Environment load took 76.9ns 
25765      INFO  main            d.u.i.k.p.i.AbstractProblemLoader Creating init config 
28381      DEBUG main            d.u.i.k.p.i.AbstractProblemLoader Init config took 2.62s 
28426      INFO  main            d.u.i.k.p.i.AbstractProblemLoader Replaying proof contract.IFBlockExamples[contract.IFBlockExamples::insecure_3(int)].JML operation contract.0 
28428      DEBUG main            d.u.i.k.p.i.IntermediateProofReplayer Proof replay took 11ns 
28732      INFO  main            d.u.i.k.p.r.p.TestFile    ... finished proof: closed. 
28902      INFO  main            d.u.i.k.p.r.p.TestFile    Now processing file /home/runner/work/key/key/key.core/../key.ui/examples/InformationFlow/BlockContracts/contract.IFBlockExamples(contract.IFBlockExamples__secure_3(int)).JML operation contract.0.key 
28902      INFO  main            d.u.i.k.p.i.AbstractProblemLoader Loading environment from /home/runner/work/key/key/key.core/../key.ui/examples/InformationFlow/BlockContracts/contract.IFBlockExamples(contract.IFBlockExamples__secure_3(int)).JML operation contract.0.key 
28903      DEBUG main            d.u.i.k.p.i.AbstractProblemLoader Environment load took 68ns 
28904      INFO  main            d.u.i.k.p.i.AbstractProblemLoader Creating init config 
31457      DEBUG main            d.u.i.k.p.i.AbstractProblemLoader Init config took 2.55s 
31500      INFO  main            d.u.i.k.p.i.AbstractProblemLoader Replaying proof contract.IFBlockExamples[contract.IFBlockExamples::secure_3(int)].JML operation contract.0 
31503      DEBUG main            d.u.i.k.p.i.IntermediateProofReplayer Proof replay took 12.1ns 
31806      INFO  main            d.u.i.k.p.r.p.TestFile    ... finished proof: closed. 
31967      INFO  main            d.u.i.k.p.r.p.TestFile    Now processing file /home/runner/work/key/key/key.core/../key.ui/examples/InformationFlow/BlockContracts/contract.IFBlockExamples(contract.IFBlockExamples__secure_2(int)).JML operation contract.0.key 
31967      INFO  main            d.u.i.k.p.i.AbstractProblemLoader Loading environment from /home/runner/work/key/key/key.core/../key.ui/examples/InformationFlow/BlockContracts/contract.IFBlockExamples(contract.IFBlockExamples__secure_2(int)).JML operation contract.0.key 
31967      DEBUG main            d.u.i.k.p.i.AbstractProblemLoader Environment load took 70ns 
31972      INFO  main            d.u.i.k.p.i.AbstractProblemLoader Creating init config 
34547      DEBUG main            d.u.i.k.p.i.AbstractProblemLoader Init config took 2.57s 
34591      INFO  main            d.u.i.k.p.i.AbstractProblemLoader Replaying proof contract.IFBlockExamples[contract.IFBlockExamples::secure_2(int)].JML operation contract.0 
34594      DEBUG main            d.u.i.k.p.i.IntermediateProofReplayer Proof replay took 12.1ns 
34899      INFO  main            d.u.i.k.p.r.p.TestFile    ... finished proof: closed. 
35058      INFO  main            d.u.i.k.p.r.p.TestFile    Now processing file /home/runner/work/key/key/key.core/../key.ui/examples/InformationFlow/BlockContracts/contract.IFBlockExamples(contract.IFBlockExamples__secure_8(int)).JML operation contract.0.key 
35058      INFO  main            d.u.i.k.p.i.AbstractProblemLoader Loading environment from /home/runner/work/key/key/key.core/../key.ui/examples/InformationFlow/BlockContracts/contract.IFBlockExamples(contract.IFBlockExamples__secure_8(int)).JML operation contract.0.key 
35058      DEBUG main            d.u.i.k.p.i.AbstractProblemLoader Environment load took 67.4ns 
35059      INFO  main            d.u.i.k.p.i.AbstractProblemLoader Creating init config 
37604      DEBUG main            d.u.i.k.p.i.AbstractProblemLoader Init config took 2.55s 
37648      INFO  main            d.u.i.k.p.i.AbstractProblemLoader Replaying proof contract.IFBlockExamples[contract.IFBlockExamples::secure_8(int)].JML operation contract.0 
37650      DEBUG main            d.u.i.k.p.i.IntermediateProofReplayer Proof replay took 13.3ns 
37853      INFO  main            d.u.i.k.p.r.p.TestFile    ... finished proof: closed. 
38047      INFO  main            d.u.i.k.p.r.p.TestFile    Now processing file /home/runner/work/key/key/key.core/../key.ui/examples/InformationFlow/BlockContracts/contract.IFBlockExamples(contract.IFBlockExamples__secure_7(int)).JML operation contract.0.key 
38047      INFO  main            d.u.i.k.p.i.AbstractProblemLoader Loading environment from /home/runner/work/key/key/key.core/../key.ui/examples/InformationFlow/BlockContracts/contract.IFBlockExamples(contract.IFBlockExamples__secure_7(int)).JML operation contract.0.key 
38050      DEBUG main            d.u.i.k.p.i.AbstractProblemLoader Environment load took 2.42ms 
38051      INFO  main            d.u.i.k.p.i.AbstractProblemLoader Creating init config 
40605      DEBUG main            d.u.i.k.p.i.AbstractProblemLoader Init config took 2.55s 
40647      INFO  main            d.u.i.k.p.i.AbstractProblemLoader Replaying proof contract.IFBlockExamples[contract.IFBlockExamples::secure_7(int)].JML operation contract.0 
40649      DEBUG main            d.u.i.k.p.i.IntermediateProofReplayer Proof replay took 13.8ns 
40865      INFO  main            d.u.i.k.p.r.p.TestFile    ... finished proof: closed. 
41050      INFO  main            d.u.i.k.p.r.p.TestFile    Now processing file /home/runner/work/key/key/key.core/../key.ui/examples/InformationFlow/BlockContracts/contract.IFBlockExamples(contract.IFBlockExamples__secure_6(int)).JML operation contract.0.key 
41050      INFO  main            d.u.i.k.p.i.AbstractProblemLoader Loading environment from /home/runner/work/key/key/key.core/../key.ui/examples/InformationFlow/BlockContracts/contract.IFBlockExamples(contract.IFBlockExamples__secure_6(int)).JML operation contract.0.key 
41050      DEBUG main            d.u.i.k.p.i.AbstractProblemLoader Environment load took 66.1ns 
41052      INFO  main            d.u.i.k.p.i.AbstractProblemLoader Creating init config 
43602      DEBUG main            d.u.i.k.p.i.AbstractProblemLoader Init config took 2.55s 
43643      INFO  main            d.u.i.k.p.i.AbstractProblemLoader Replaying proof contract.IFBlockExamples[contract.IFBlockExamples::secure_6(int)].JML operation contract.0 
43646      DEBUG main            d.u.i.k.p.i.IntermediateProofReplayer Proof replay took 13.5ns 
43848      INFO  main            d.u.i.k.p.r.p.TestFile    ... finished proof: closed. 
44005      INFO  main            d.u.i.k.p.r.p.TestFile    Now processing file /home/runner/work/key/key/key.core/../key.ui/examples/InformationFlow/BlockContracts/contract.IFBlockExamples(contract.IFBlockExamples__insecure_1(int)).JML operation contract.0.key 
44005      INFO  main            d.u.i.k.p.i.AbstractProblemLoader Loading environment from /home/runner/work/key/key/key.core/../key.ui/examples/InformationFlow/BlockContracts/contract.IFBlockExamples(contract.IFBlockExamples__insecure_1(int)).JML operation contract.0.key 
44006      DEBUG main            d.u.i.k.p.i.AbstractProblemLoader Environment load took 82.4ns 
44007      INFO  main            d.u.i.k.p.i.AbstractProblemLoader Creating init config 
46549      DEBUG main            d.u.i.k.p.i.AbstractProblemLoader Init config took 2.54s 
46601      INFO  main            d.u.i.k.p.i.AbstractProblemLoader Replaying proof contract.IFBlockExamples[contract.IFBlockExamples::insecure_1(int)].JML operation contract.0 
46612      DEBUG main            d.u.i.k.p.i.IntermediateProofReplayer Proof replay took 14.3ns 
46815      INFO  main            d.u.i.k.p.r.p.TestFile    ... finished proof: closed. 
47014      INFO  main            d.u.i.k.p.r.p.TestFile    Now processing file /home/runner/work/key/key/key.core/../key.ui/examples/InformationFlow/BlockContracts/contract.IFBlockExamples(contract.IFBlockExamples__secure_4(int)).JML operation contract.0.key 
47014      INFO  main            d.u.i.k.p.i.AbstractProblemLoader Loading environment from /home/runner/work/key/key/key.core/../key.ui/examples/InformationFlow/BlockContracts/contract.IFBlockExamples(contract.IFBlockExamples__secure_4(int)).JML operation contract.0.key 
47014      DEBUG main            d.u.i.k.p.i.AbstractProblemLoader Environment load took 66.4ns 
47015      INFO  main            d.u.i.k.p.i.AbstractProblemLoader Creating init config 
49565      DEBUG main            d.u.i.k.p.i.AbstractProblemLoader Init config took 2.55s 
49607      INFO  main            d.u.i.k.p.i.AbstractProblemLoader Replaying proof contract.IFBlockExamples[contract.IFBlockExamples::secure_4(int)].JML operation contract.0 
49609      DEBUG main            d.u.i.k.p.i.IntermediateProofReplayer Proof replay took 13.9ns 
49811      INFO  main            d.u.i.k.p.r.p.TestFile    ... finished proof: closed. 
49973      INFO  main            d.u.i.k.p.r.p.TestFile    Now processing file /home/runner/work/key/key/key.core/../key.ui/examples/InformationFlow/BlockContracts/contract.IFBlockExamples(contract.IFBlockExamples__secure_1(int)).JML operation contract.0.key 
49973      INFO  main            d.u.i.k.p.i.AbstractProblemLoader Loading environment from /home/runner/work/key/key/key.core/../key.ui/examples/InformationFlow/BlockContracts/contract.IFBlockExamples(contract.IFBlockExamples__secure_1(int)).JML operation contract.0.key 
49973      DEBUG main            d.u.i.k.p.i.AbstractProblemLoader Environment load took 67.2ns 
49974      INFO  main            d.u.i.k.p.i.AbstractProblemLoader Creating init config 
52515      DEBUG main            d.u.i.k.p.i.AbstractProblemLoader Init config took 2.54s 
52556      INFO  main            d.u.i.k.p.i.AbstractProblemLoader Replaying proof contract.IFBlockExamples[contract.IFBlockExamples::secure_1(int)].JML operation contract.0 
52559      DEBUG main            d.u.i.k.p.i.IntermediateProofReplayer Proof replay took 14.2ns 
52763      INFO  main            d.u.i.k.p.r.p.TestFile    ... finished proof: closed. 
52931      INFO  main            d.u.i.k.p.r.p.TestFile    Now processing file /home/runner/work/key/key/key.core/../key.ui/examples/InformationFlow/BlockContracts/contract.IFEfficiencyExamples(contract.IFEfficiencyExamples__mWithoutBlockContract()).JML operation contract.0.key 
52931      INFO  main            d.u.i.k.p.i.AbstractProblemLoader Loading environment from /home/runner/work/key/key/key.core/../key.ui/examples/InformationFlow/BlockContracts/contract.IFEfficiencyExamples(contract.IFEfficiencyExamples__mWithoutBlockContract()).JML operation contract.0.key 
52931      DEBUG main            d.u.i.k.p.i.AbstractProblemLoader Environment load took 69.6ns 
52932      INFO  main            d.u.i.k.p.i.AbstractProblemLoader Creating init config 
55478      DEBUG main            d.u.i.k.p.i.AbstractProblemLoader Init config took 2.55s 
55534      INFO  main            d.u.i.k.p.i.AbstractProblemLoader Replaying proof contract.IFEfficiencyExamples[contract.IFEfficiencyExamples::mWithoutBlockContract()].JML operation contract.0 
55537      DEBUG main            d.u.i.k.p.i.IntermediateProofReplayer Proof replay took 12.1ns 
56242      INFO  main            d.u.i.k.p.r.p.TestFile    ... finished proof: closed. 
56432      INFO  main            d.u.i.k.p.r.p.TestFile    Now processing file /home/runner/work/key/key/key.core/../key.ui/examples/InformationFlow/BlockContracts/contract.IFEfficiencyExamples(contract.IFEfficiencyExamples__mWithBlockContract()).JML operation contract.0.key 
56433      INFO  main            d.u.i.k.p.i.AbstractProblemLoader Loading environment from /home/runner/work/key/key/key.core/../key.ui/examples/InformationFlow/BlockContracts/contract.IFEfficiencyExamples(contract.IFEfficiencyExamples__mWithBlockContract()).JML operation contract.0.key 
56433      DEBUG main            d.u.i.k.p.i.AbstractProblemLoader Environment load took 71.5ns 
56434      INFO  main            d.u.i.k.p.i.AbstractProblemLoader Creating init config 
58939      DEBUG main            d.u.i.k.p.i.AbstractProblemLoader Init config took 2.5s 
58977      INFO  main            d.u.i.k.p.i.AbstractProblemLoader Replaying proof contract.IFEfficiencyExamples[contract.IFEfficiencyExamples::mWithBlockContract()].JML operation contract.0 
58982      DEBUG main            d.u.i.k.p.i.IntermediateProofReplayer Proof replay took 13.6ns 
59486      INFO  main            d.u.i.k.p.r.p.TestFile    ... finished proof: closed. 
225729     INFO  Test worker     d.u.i.k.p.r.RunAllProofsTestUnit Returning from test BlockContracts 
225732     INFO  Test worker     d.u.i.k.p.r.RunAllProofsTestUnit Running test MethodContracts 
350        INFO  Timeout watchdog d.u.i.k.p.r.p.ForkedTestFileRunner Timeout watcher launched (1000 secs.) 
360        WARN  main            d.u.i.k.s.ProofSettings   The settings in /home/runner/.key/proof-settings.props are *not* read. 
381        INFO  main            d.u.i.k.p.r.p.TestFile    Now processing file /home/runner/work/key/key/key.core/../key.ui/examples/InformationFlow/MethodContracts/contract.IFMethodContract(contract.IFMethodContract__secure_recursion_2((I,int)).JML normal_behavior operation contract.0.key 
487        INFO  main            d.u.i.k.p.i.AbstractProblemLoader Loading environment from /home/runner/work/key/key/key.core/../key.ui/examples/InformationFlow/MethodContracts/contract.IFMethodContract(contract.IFMethodContract__secure_recursion_2((I,int)).JML normal_behavior operation contract.0.key 
509        DEBUG main            d.u.i.k.p.i.AbstractProblemLoader Environment load took 3.2ms 
737        INFO  main            d.u.i.k.p.i.AbstractProblemLoader Creating init config 
1737       DEBUG main            d.u.i.k.j.TypeConverter   No LDT found for Meta 
1738       DEBUG main            d.u.i.k.j.TypeConverter   No LDT found for Meta 
1739       DEBUG main            d.u.i.k.j.TypeConverter   No LDT found for Meta 
1743       DEBUG main            d.u.i.k.j.TypeConverter   No LDT found for Meta 
3053       DEBUG main            d.u.i.k.j.TypeConverter   No LDT found for JavaBigintExpression 
8079       DEBUG main            d.u.i.k.p.i.AbstractProblemLoader Init config took 7.34s 
8201       INFO  main            d.u.i.k.p.i.AbstractProblemLoader Replaying proof contract.IFMethodContract[contract.IFMethodContract::secure_recursion_2([I,int)].JML normal_behavior operation contract.0 
8238       DEBUG main            d.u.i.k.p.i.IntermediateProofReplayer Proof replay took 285.7ns 
9074       INFO  main            d.u.i.k.p.r.p.TestFile    ... finished proof: closed. 
9189       INFO  main            d.u.i.k.p.r.p.TestFile    Now processing file /home/runner/work/key/key/key.core/../key.ui/examples/InformationFlow/MethodContracts/contract.IFMethodContract(contract.IFMethodContract__secure_recursion(int)).JML normal_behavior operation contract.0.key 
9189       INFO  main            d.u.i.k.p.i.AbstractProblemLoader Loading environment from /home/runner/work/key/key/key.core/../key.ui/examples/InformationFlow/MethodContracts/contract.IFMethodContract(contract.IFMethodContract__secure_recursion(int)).JML normal_behavior operation contract.0.key 
9189       DEBUG main            d.u.i.k.p.i.AbstractProblemLoader Environment load took 104.4ns 
9192       INFO  main            d.u.i.k.p.i.AbstractProblemLoader Creating init config 
12065      DEBUG main            d.u.i.k.p.i.AbstractProblemLoader Init config took 2.87s 
12142      INFO  main            d.u.i.k.p.i.AbstractProblemLoader Replaying proof contract.IFMethodContract[contract.IFMethodContract::secure_recursion(int)].JML normal_behavior operation contract.0 
12153      DEBUG main            d.u.i.k.p.i.IntermediateProofReplayer Proof replay took 13.6ns 
12356      INFO  main            d.u.i.k.p.r.p.TestFile    ... finished proof: closed. 
12477      INFO  main            d.u.i.k.p.r.p.TestFile    Now processing file /home/runner/work/key/key/key.core/../key.ui/examples/InformationFlow/MethodContracts/contract.IFMethodContract(contract.IFMethodContract__secure_catch_exception()).JML operation contract.0.key 
12477      INFO  main            d.u.i.k.p.i.AbstractProblemLoader Loading environment from /home/runner/work/key/key/key.core/../key.ui/examples/InformationFlow/MethodContracts/contract.IFMethodContract(contract.IFMethodContract__secure_catch_exception()).JML operation contract.0.key 
12477      DEBUG main            d.u.i.k.p.i.AbstractProblemLoader Environment load took 89.3ns 
12480      INFO  main            d.u.i.k.p.i.AbstractProblemLoader Creating init config 
15213      DEBUG main            d.u.i.k.p.i.AbstractProblemLoader Init config took 2.73s 
15271      INFO  main            d.u.i.k.p.i.AbstractProblemLoader Replaying proof contract.IFMethodContract[contract.IFMethodContract::secure_catch_exception()].JML operation contract.0 
15276      DEBUG main            d.u.i.k.p.i.IntermediateProofReplayer Proof replay took 11.9ns 
15479      INFO  main            d.u.i.k.p.r.p.TestFile    ... finished proof: closed. 
15601      INFO  main            d.u.i.k.p.r.p.TestFile    Now processing file /home/runner/work/key/key/key.core/../key.ui/examples/InformationFlow/MethodContracts/contract.IFMethodContract(contract.IFMethodContract__n6()).JML normal_behavior operation contract.0.key 
15601      INFO  main            d.u.i.k.p.i.AbstractProblemLoader Loading environment from /home/runner/work/key/key/key.core/../key.ui/examples/InformationFlow/MethodContracts/contract.IFMethodContract(contract.IFMethodContract__n6()).JML normal_behavior operation contract.0.key 
15601      DEBUG main            d.u.i.k.p.i.AbstractProblemLoader Environment load took 84.4ns 
15603      INFO  main            d.u.i.k.p.i.AbstractProblemLoader Creating init config 
18218      DEBUG main            d.u.i.k.p.i.AbstractProblemLoader Init config took 2.61s 
18267      INFO  main            d.u.i.k.p.i.AbstractProblemLoader Replaying proof contract.IFMethodContract[contract.IFMethodContract::n6()].JML normal_behavior operation contract.0 
18270      DEBUG main            d.u.i.k.p.i.IntermediateProofReplayer Proof replay took 11.8ns 
18372      INFO  main            d.u.i.k.p.r.p.TestFile    ... finished proof: closed. 
18519      INFO  main            d.u.i.k.p.r.p.TestFile    Now processing file /home/runner/work/key/key/key.core/../key.ui/examples/InformationFlow/MethodContracts/contract.IFMethodContract(contract.IFMethodContract__secure_n6()).JML operation contract.0.key 
18520      INFO  main            d.u.i.k.p.i.AbstractProblemLoader Loading environment from /home/runner/work/key/key/key.core/../key.ui/examples/InformationFlow/MethodContracts/contract.IFMethodContract(contract.IFMethodContract__secure_n6()).JML operation contract.0.key 
18520      DEBUG main            d.u.i.k.p.i.AbstractProblemLoader Environment load took 72ns 
18521      INFO  main            d.u.i.k.p.i.AbstractProblemLoader Creating init config 
21078      DEBUG main            d.u.i.k.p.i.AbstractProblemLoader Init config took 2.56s 
21123      INFO  main            d.u.i.k.p.i.AbstractProblemLoader Replaying proof contract.IFMethodContract[contract.IFMethodContract::secure_n6()].JML operation contract.0 
21126      DEBUG main            d.u.i.k.p.i.IntermediateProofReplayer Proof replay took 12.3ns 
21228      INFO  main            d.u.i.k.p.r.p.TestFile    ... finished proof: closed. 
21350      INFO  main            d.u.i.k.p.r.p.TestFile    Now processing file /home/runner/work/key/key/key.core/../key.ui/examples/InformationFlow/MethodContracts/contract.IFMethodContract(contract.IFMethodContract__secure_array_param_helper()).JML normal_behavior operation contract.0.key 
21350      INFO  main            d.u.i.k.p.i.AbstractProblemLoader Loading environment from /home/runner/work/key/key/key.core/../key.ui/examples/InformationFlow/MethodContracts/contract.IFMethodContract(contract.IFMethodContract__secure_array_param_helper()).JML normal_behavior operation contract.0.key 
21350      DEBUG main            d.u.i.k.p.i.AbstractProblemLoader Environment load took 83.6ns 
21352      INFO  main            d.u.i.k.p.i.AbstractProblemLoader Creating init config 
23888      DEBUG main            d.u.i.k.p.i.AbstractProblemLoader Init config took 2.54s 
23932      INFO  main            d.u.i.k.p.i.AbstractProblemLoader Replaying proof contract.IFMethodContract[contract.IFMethodContract::secure_array_param_helper()].JML normal_behavior operation contract.0 
23935      DEBUG main            d.u.i.k.p.i.IntermediateProofReplayer Proof replay took 11.8ns 
24037      INFO  main            d.u.i.k.p.r.p.TestFile    ... finished proof: closed. 
24220      INFO  main            d.u.i.k.p.r.p.TestFile    Now processing file /home/runner/work/key/key/key.core/../key.ui/examples/InformationFlow/MethodContracts/contract.IFMethodContract(contract.IFMethodContract__secure_array_param((I,int)).JML operation contract.0.key 
24220      INFO  main            d.u.i.k.p.i.AbstractProblemLoader Loading environment from /home/runner/work/key/key/key.core/../key.ui/examples/InformationFlow/MethodContracts/contract.IFMethodContract(contract.IFMethodContract__secure_array_param((I,int)).JML operation contract.0.key 
24221      DEBUG main            d.u.i.k.p.i.AbstractProblemLoader Environment load took 592.31ns 
24222      INFO  main            d.u.i.k.p.i.AbstractProblemLoader Creating init config 
26753      DEBUG main            d.u.i.k.p.i.AbstractProblemLoader Init config took 2.53s 
26812      INFO  main            d.u.i.k.p.i.AbstractProblemLoader Replaying proof contract.IFMethodContract[contract.IFMethodContract::secure_array_param([I,int)].JML operation contract.0 
26815      DEBUG main            d.u.i.k.p.i.IntermediateProofReplayer Proof replay took 12.2ns 
26917      INFO  main            d.u.i.k.p.r.p.TestFile    ... finished proof: closed. 
27056      INFO  main            d.u.i.k.p.r.p.TestFile    Now processing file /home/runner/work/key/key/key.core/../key.ui/examples/InformationFlow/MethodContracts/contract.IFMethodContract(contract.IFMethodContract__n9()).JML normal_behavior operation contract.0.key 
27056      INFO  main            d.u.i.k.p.i.AbstractProblemLoader Loading environment from /home/runner/work/key/key/key.core/../key.ui/examples/InformationFlow/MethodContracts/contract.IFMethodContract(contract.IFMethodContract__n9()).JML normal_behavior operation contract.0.key 
27056      DEBUG main            d.u.i.k.p.i.AbstractProblemLoader Environment load took 71.9ns 
27057      INFO  main            d.u.i.k.p.i.AbstractProblemLoader Creating init config 
29598      DEBUG main            d.u.i.k.p.i.AbstractProblemLoader Init config took 2.54s 
29639      INFO  main            d.u.i.k.p.i.AbstractProblemLoader Replaying proof contract.IFMethodContract[contract.IFMethodContract::n9()].JML normal_behavior operation contract.0 
29642      DEBUG main            d.u.i.k.p.i.IntermediateProofReplayer Proof replay took 12.6ns 
29748      INFO  main            d.u.i.k.p.r.p.TestFile    ... finished proof: closed. 
29882      INFO  main            d.u.i.k.p.r.p.TestFile    Now processing file /home/runner/work/key/key/key.core/../key.ui/examples/InformationFlow/MethodContracts/contract.IFMethodContract(contract.IFMethodContract__secure_assignment_0_n9()).JML operation contract.0.key 
29882      INFO  main            d.u.i.k.p.i.AbstractProblemLoader Loading environment from /home/runner/work/key/key/key.core/../key.ui/examples/InformationFlow/MethodContracts/contract.IFMethodContract(contract.IFMethodContract__secure_assignment_0_n9()).JML operation contract.0.key 
29882      DEBUG main            d.u.i.k.p.i.AbstractProblemLoader Environment load took 83.8ns 
29884      INFO  main            d.u.i.k.p.i.AbstractProblemLoader Creating init config 
32398      DEBUG main            d.u.i.k.p.i.AbstractProblemLoader Init config took 2.51s 
32452      INFO  main            d.u.i.k.p.i.AbstractProblemLoader Replaying proof contract.IFMethodContract[contract.IFMethodContract::secure_assignment_0_n9()].JML operation contract.0 
32454      DEBUG main            d.u.i.k.p.i.IntermediateProofReplayer Proof replay took 12.8ns 
32556      INFO  main            d.u.i.k.p.r.p.TestFile    ... finished proof: closed. 
32749      INFO  main            d.u.i.k.p.r.p.TestFile    Now processing file /home/runner/work/key/key/key.core/../key.ui/examples/InformationFlow/MethodContracts/contract.IFMethodContract(contract.IFMethodContract__insecure_if_high_n5_n1()).JML operation contract.0.key 
32749      INFO  main            d.u.i.k.p.i.AbstractProblemLoader Loading environment from /home/runner/work/key/key/key.core/../key.ui/examples/InformationFlow/MethodContracts/contract.IFMethodContract(contract.IFMethodContract__insecure_if_high_n5_n1()).JML operation contract.0.key 
32749      DEBUG main            d.u.i.k.p.i.AbstractProblemLoader Environment load took 85.2ns 
32750      INFO  main            d.u.i.k.p.i.AbstractProblemLoader Creating init config 
35230      DEBUG main            d.u.i.k.p.i.AbstractProblemLoader Init config took 2.48s 
35284      INFO  main            d.u.i.k.p.i.AbstractProblemLoader Replaying proof contract.IFMethodContract[contract.IFMethodContract::insecure_if_high_n5_n1()].JML operation contract.0 
35294      DEBUG main            d.u.i.k.p.i.IntermediateProofReplayer Proof replay took 15.1ns 
35500      INFO  main            d.u.i.k.p.r.p.TestFile    ... finished proof: closed. 
35649      INFO  main            d.u.i.k.p.r.p.TestFile    Now processing file /home/runner/work/key/key/key.core/../key.ui/examples/InformationFlow/MethodContracts/contract.IFMethodContract(contract.IFMethodContract__n5(int)).JML normal_behavior operation contract.0.key 
35649      INFO  main            d.u.i.k.p.i.AbstractProblemLoader Loading environment from /home/runner/work/key/key/key.core/../key.ui/examples/InformationFlow/MethodContracts/contract.IFMethodContract(contract.IFMethodContract__n5(int)).JML normal_behavior operation contract.0.key 
35649      DEBUG main            d.u.i.k.p.i.AbstractProblemLoader Environment load took 72.1ns 
35653      INFO  main            d.u.i.k.p.i.AbstractProblemLoader Creating init config 
38172      DEBUG main            d.u.i.k.p.i.AbstractProblemLoader Init config took 2.52s 
38212      INFO  main            d.u.i.k.p.i.AbstractProblemLoader Replaying proof contract.IFMethodContract[contract.IFMethodContract::n5(int)].JML normal_behavior operation contract.0 
38214      DEBUG main            d.u.i.k.p.i.IntermediateProofReplayer Proof replay took 12.8ns 
38320      INFO  main            d.u.i.k.p.r.p.TestFile    ... finished proof: closed. 
38460      INFO  main            d.u.i.k.p.r.p.TestFile    Now processing file /home/runner/work/key/key/key.core/../key.ui/examples/InformationFlow/MethodContracts/contract.IFMethodContract(contract.IFMethodContract__secure_if_high_n5_n1()).JML operation contract.0.key 
38461      INFO  main            d.u.i.k.p.i.AbstractProblemLoader Loading environment from /home/runner/work/key/key/key.core/../key.ui/examples/InformationFlow/MethodContracts/contract.IFMethodContract(contract.IFMethodContract__secure_if_high_n5_n1()).JML operation contract.0.key 
38461      DEBUG main            d.u.i.k.p.i.AbstractProblemLoader Environment load took 84.4ns 
38462      INFO  main            d.u.i.k.p.i.AbstractProblemLoader Creating init config 
40974      DEBUG main            d.u.i.k.p.i.AbstractProblemLoader Init config took 2.51s 
41014      INFO  main            d.u.i.k.p.i.AbstractProblemLoader Replaying proof contract.IFMethodContract[contract.IFMethodContract::secure_if_high_n5_n1()].JML operation contract.0 
41017      DEBUG main            d.u.i.k.p.i.IntermediateProofReplayer Proof replay took 13.7ns 
41219      INFO  main            d.u.i.k.p.r.p.TestFile    ... finished proof: closed. 
41383      INFO  main            d.u.i.k.p.r.p.TestFile    Now processing file /home/runner/work/key/key/key.core/../key.ui/examples/InformationFlow/MethodContracts/contract.IFMethodContract(contract.IFMethodContract__secure_if_high_n1()).JML operation contract.0.key 
41383      INFO  main            d.u.i.k.p.i.AbstractProblemLoader Loading environment from /home/runner/work/key/key/key.core/../key.ui/examples/InformationFlow/MethodContracts/contract.IFMethodContract(contract.IFMethodContract__secure_if_high_n1()).JML operation contract.0.key 
41383      DEBUG main            d.u.i.k.p.i.AbstractProblemLoader Environment load took 70ns 
41384      INFO  main            d.u.i.k.p.i.AbstractProblemLoader Creating init config 
43873      DEBUG main            d.u.i.k.p.i.AbstractProblemLoader Init config took 2.49s 
43913      INFO  main            d.u.i.k.p.i.AbstractProblemLoader Replaying proof contract.IFMethodContract[contract.IFMethodContract::secure_if_high_n1()].JML operation contract.0 
43919      DEBUG main            d.u.i.k.p.i.IntermediateProofReplayer Proof replay took 12.3ns 
44139      INFO  main            d.u.i.k.p.r.p.TestFile    ... finished proof: closed. 
44292      INFO  main            d.u.i.k.p.r.p.TestFile    Now processing file /home/runner/work/key/key/key.core/../key.ui/examples/InformationFlow/MethodContracts/contract.IFMethodContract(contract.IFMethodContract__secure_n5()).JML operation contract.0.key 
44292      INFO  main            d.u.i.k.p.i.AbstractProblemLoader Loading environment from /home/runner/work/key/key/key.core/../key.ui/examples/InformationFlow/MethodContracts/contract.IFMethodContract(contract.IFMethodContract__secure_n5()).JML operation contract.0.key 
44292      DEBUG main            d.u.i.k.p.i.AbstractProblemLoader Environment load took 99.5ns 
44293      INFO  main            d.u.i.k.p.i.AbstractProblemLoader Creating init config 
46766      DEBUG main            d.u.i.k.p.i.AbstractProblemLoader Init config took 2.47s 
46819      INFO  main            d.u.i.k.p.i.AbstractProblemLoader Replaying proof contract.IFMethodContract[contract.IFMethodContract::secure_n5()].JML operation contract.0 
46822      DEBUG main            d.u.i.k.p.i.IntermediateProofReplayer Proof replay took 13.1ns 
46924      INFO  main            d.u.i.k.p.r.p.TestFile    ... finished proof: closed. 
47073      INFO  main            d.u.i.k.p.r.p.TestFile    Now processing file /home/runner/work/key/key/key.core/../key.ui/examples/InformationFlow/MethodContracts/contract.IFMethodContract(contract.IFMethodContract__n4()).JML normal_behavior operation contract.0.key 
47073      INFO  main            d.u.i.k.p.i.AbstractProblemLoader Loading environment from /home/runner/work/key/key/key.core/../key.ui/examples/InformationFlow/MethodContracts/contract.IFMethodContract(contract.IFMethodContract__n4()).JML normal_behavior operation contract.0.key 
47073      DEBUG main            d.u.i.k.p.i.AbstractProblemLoader Environment load took 65.6ns 
47074      INFO  main            d.u.i.k.p.i.AbstractProblemLoader Creating init config 
49550      DEBUG main            d.u.i.k.p.i.AbstractProblemLoader Init config took 2.48s 
49590      INFO  main            d.u.i.k.p.i.AbstractProblemLoader Replaying proof contract.IFMethodContract[contract.IFMethodContract::n4()].JML normal_behavior operation contract.0 
49593      DEBUG main            d.u.i.k.p.i.IntermediateProofReplayer Proof replay took 14.3ns 
49696      INFO  main            d.u.i.k.p.r.p.TestFile    ... finished proof: closed. 
49849      INFO  main            d.u.i.k.p.r.p.TestFile    Now processing file /home/runner/work/key/key/key.core/../key.ui/examples/InformationFlow/MethodContracts/contract.IFMethodContract(contract.IFMethodContract__n3()).JML normal_behavior operation contract.0.key 
49849      INFO  main            d.u.i.k.p.i.AbstractProblemLoader Loading environment from /home/runner/work/key/key/key.core/../key.ui/examples/InformationFlow/MethodContracts/contract.IFMethodContract(contract.IFMethodContract__n3()).JML normal_behavior operation contract.0.key 
49849      DEBUG main            d.u.i.k.p.i.AbstractProblemLoader Environment load took 71.2ns 
49850      INFO  main            d.u.i.k.p.i.AbstractProblemLoader Creating init config 
52319      DEBUG main            d.u.i.k.p.i.AbstractProblemLoader Init config took 2.47s 
52357      INFO  main            d.u.i.k.p.i.AbstractProblemLoader Replaying proof contract.IFMethodContract[contract.IFMethodContract::n3()].JML normal_behavior operation contract.0 
52359      DEBUG main            d.u.i.k.p.i.IntermediateProofReplayer Proof replay took 12.2ns 
52464      INFO  main            d.u.i.k.p.r.p.TestFile    ... finished proof: closed. 
52620      INFO  main            d.u.i.k.p.r.p.TestFile    Now processing file /home/runner/work/key/key/key.core/../key.ui/examples/InformationFlow/MethodContracts/contract.IFMethodContract(contract.IFMethodContract__secure_sequential_n3_precond_n4()).JML operation contract.0.key 
52620      INFO  main            d.u.i.k.p.i.AbstractProblemLoader Loading environment from /home/runner/work/key/key/key.core/../key.ui/examples/InformationFlow/MethodContracts/contract.IFMethodContract(contract.IFMethodContract__secure_sequential_n3_precond_n4()).JML operation contract.0.key 
52620      DEBUG main            d.u.i.k.p.i.AbstractProblemLoader Environment load took 64.7ns 
52622      INFO  main            d.u.i.k.p.i.AbstractProblemLoader Creating init config 
55107      DEBUG main            d.u.i.k.p.i.AbstractProblemLoader Init config took 2.49s 
55144      INFO  main            d.u.i.k.p.i.AbstractProblemLoader Replaying proof contract.IFMethodContract[contract.IFMethodContract::secure_sequential_n3_precond_n4()].JML operation contract.0 
55147      DEBUG main            d.u.i.k.p.i.IntermediateProofReplayer Proof replay took 12.6ns 
55253      INFO  main            d.u.i.k.p.r.p.TestFile    ... finished proof: closed. 
55412      INFO  main            d.u.i.k.p.r.p.TestFile    Now processing file /home/runner/work/key/key/key.core/../key.ui/examples/InformationFlow/MethodContracts/contract.IFMethodContract(contract.IFMethodContract__insecure_assignment_n2()).JML operation contract.0.key 
55413      INFO  main            d.u.i.k.p.i.AbstractProblemLoader Loading environment from /home/runner/work/key/key/key.core/../key.ui/examples/InformationFlow/MethodContracts/contract.IFMethodContract(contract.IFMethodContract__insecure_assignment_n2()).JML operation contract.0.key 
55413      DEBUG main            d.u.i.k.p.i.AbstractProblemLoader Environment load took 67.8ns 
55414      INFO  main            d.u.i.k.p.i.AbstractProblemLoader Creating init config 
57876      DEBUG main            d.u.i.k.p.i.AbstractProblemLoader Init config took 2.46s 
57913      INFO  main            d.u.i.k.p.i.AbstractProblemLoader Replaying proof contract.IFMethodContract[contract.IFMethodContract::insecure_assignment_n2()].JML operation contract.0 
57916      DEBUG main            d.u.i.k.p.i.IntermediateProofReplayer Proof replay took 12.9ns 
58018      INFO  main            d.u.i.k.p.r.p.TestFile    ... finished proof: closed. 
58176      INFO  main            d.u.i.k.p.r.p.TestFile    Now processing file /home/runner/work/key/key/key.core/../key.ui/examples/InformationFlow/MethodContracts/contract.IFMethodContract(contract.IFMethodContract__secure_assignments_n2()).JML operation contract.0.key 
58177      INFO  main            d.u.i.k.p.i.AbstractProblemLoader Loading environment from /home/runner/work/key/key/key.core/../key.ui/examples/InformationFlow/MethodContracts/contract.IFMethodContract(contract.IFMethodContract__secure_assignments_n2()).JML operation contract.0.key 
58177      DEBUG main            d.u.i.k.p.i.AbstractProblemLoader Environment load took 62.7ns 
58178      INFO  main            d.u.i.k.p.i.AbstractProblemLoader Creating init config 
60629      DEBUG main            d.u.i.k.p.i.AbstractProblemLoader Init config took 2.45s 
60665      INFO  main            d.u.i.k.p.i.AbstractProblemLoader Replaying proof contract.IFMethodContract[contract.IFMethodContract::secure_assignments_n2()].JML operation contract.0 
60667      DEBUG main            d.u.i.k.p.i.IntermediateProofReplayer Proof replay took 14.1ns 
60769      INFO  main            d.u.i.k.p.r.p.TestFile    ... finished proof: closed. 
60934      INFO  main            d.u.i.k.p.r.p.TestFile    Now processing file /home/runner/work/key/key/key.core/../key.ui/examples/InformationFlow/MethodContracts/contract.IFMethodContract(contract.IFMethodContract__n2()).JML normal_behavior operation contract.0.key 
60935      INFO  main            d.u.i.k.p.i.AbstractProblemLoader Loading environment from /home/runner/work/key/key/key.core/../key.ui/examples/InformationFlow/MethodContracts/contract.IFMethodContract(contract.IFMethodContract__n2()).JML normal_behavior operation contract.0.key 
60935      DEBUG main            d.u.i.k.p.i.AbstractProblemLoader Environment load took 108.5ns 
60936      INFO  main            d.u.i.k.p.i.AbstractProblemLoader Creating init config 
63373      DEBUG main            d.u.i.k.p.i.AbstractProblemLoader Init config took 2.44s 
63417      INFO  main            d.u.i.k.p.i.AbstractProblemLoader Replaying proof contract.IFMethodContract[contract.IFMethodContract::n2()].JML normal_behavior operation contract.0 
63420      DEBUG main            d.u.i.k.p.i.IntermediateProofReplayer Proof replay took 13.2ns 
63524      INFO  main            d.u.i.k.p.r.p.TestFile    ... finished proof: closed. 
63690      INFO  main            d.u.i.k.p.r.p.TestFile    Now processing file /home/runner/work/key/key/key.core/../key.ui/examples/InformationFlow/MethodContracts/contract.IFMethodContract(contract.IFMethodContract__n1()).JML normal_behavior operation contract.0.key 
63691      INFO  main            d.u.i.k.p.i.AbstractProblemLoader Loading environment from /home/runner/work/key/key/key.core/../key.ui/examples/InformationFlow/MethodContracts/contract.IFMethodContract(contract.IFMethodContract__n1()).JML normal_behavior operation contract.0.key 
63691      DEBUG main            d.u.i.k.p.i.AbstractProblemLoader Environment load took 75.6ns 
63692      INFO  main            d.u.i.k.p.i.AbstractProblemLoader Creating init config 
66146      DEBUG main            d.u.i.k.p.i.AbstractProblemLoader Init config took 2.45s 
66181      INFO  main            d.u.i.k.p.i.AbstractProblemLoader Replaying proof contract.IFMethodContract[contract.IFMethodContract::n1()].JML normal_behavior operation contract.0 
66183      DEBUG main            d.u.i.k.p.i.IntermediateProofReplayer Proof replay took 13.4ns 
66284      INFO  main            d.u.i.k.p.r.p.TestFile    ... finished proof: closed. 
66448      INFO  main            d.u.i.k.p.r.p.TestFile    Now processing file /home/runner/work/key/key/key.core/../key.ui/examples/InformationFlow/MethodContracts/contract.IFMethodContract(contract.IFMethodContract__secure_sequential_n1_n2()).JML operation contract.0.key 
66448      INFO  main            d.u.i.k.p.i.AbstractProblemLoader Loading environment from /home/runner/work/key/key/key.core/../key.ui/examples/InformationFlow/MethodContracts/contract.IFMethodContract(contract.IFMethodContract__secure_sequential_n1_n2()).JML operation contract.0.key 
66448      DEBUG main            d.u.i.k.p.i.AbstractProblemLoader Environment load took 64.9ns 
66449      INFO  main            d.u.i.k.p.i.AbstractProblemLoader Creating init config 
68894      DEBUG main            d.u.i.k.p.i.AbstractProblemLoader Init config took 2.44s 
68935      INFO  main            d.u.i.k.p.i.AbstractProblemLoader Replaying proof contract.IFMethodContract[contract.IFMethodContract::secure_sequential_n1_n2()].JML operation contract.0 
68937      DEBUG main            d.u.i.k.p.i.IntermediateProofReplayer Proof replay took 12.7ns 
69040      INFO  main            d.u.i.k.p.r.p.TestFile    ... finished proof: closed. 
295101     INFO  Test worker     d.u.i.k.p.r.RunAllProofsTestUnit Returning from test MethodContracts 
295102     INFO  Test worker     d.u.i.k.p.r.RunAllProofsTestUnit Running test LoopInvariants 
322        INFO  Timeout watchdog d.u.i.k.p.r.p.ForkedTestFileRunner Timeout watcher launched (1000 secs.) 
331        WARN  main            d.u.i.k.s.ProofSettings   The settings in /home/runner/.key/proof-settings.props are *not* read. 
359        INFO  main            d.u.i.k.p.r.p.TestFile    Now processing file /home/runner/work/key/key/key.core/../key.ui/examples/InformationFlow/LoopInvariants/loop.IFLoopExamples(loop.IFLoopExamples__insecure_while_3(int)).JML operation contract.0.key 
459        INFO  main            d.u.i.k.p.i.AbstractProblemLoader Loading environment from /home/runner/work/key/key/key.core/../key.ui/examples/InformationFlow/LoopInvariants/loop.IFLoopExamples(loop.IFLoopExamples__insecure_while_3(int)).JML operation contract.0.key 
480        DEBUG main            d.u.i.k.p.i.AbstractProblemLoader Environment load took 2.07ms 
694        INFO  main            d.u.i.k.p.i.AbstractProblemLoader Creating init config 
1517       DEBUG main            d.u.i.k.j.TypeConverter   No LDT found for Meta 
1518       DEBUG main            d.u.i.k.j.TypeConverter   No LDT found for Meta 
1521       DEBUG main            d.u.i.k.j.TypeConverter   No LDT found for Meta 
1521       DEBUG main            d.u.i.k.j.TypeConverter   No LDT found for Meta 
2767       DEBUG main            d.u.i.k.j.TypeConverter   No LDT found for JavaBigintExpression 
8293       DEBUG main            d.u.i.k.p.i.AbstractProblemLoader Init config took 7.6s 
8407       INFO  main            d.u.i.k.p.i.AbstractProblemLoader Replaying proof loop.IFLoopExamples[loop.IFLoopExamples::insecure_while_3(int)].JML operation contract.0 
8440       DEBUG main            d.u.i.k.p.i.IntermediateProofReplayer Proof replay took 292.8ns 
9682       INFO  main            d.u.i.k.p.r.p.TestFile    ... finished proof: closed. 
9799       INFO  main            d.u.i.k.p.r.p.TestFile    Now processing file /home/runner/work/key/key/key.core/../key.ui/examples/InformationFlow/LoopInvariants/loop.IFLoopExamples(loop.IFLoopExamples__secure_while_2(int)).JML operation contract.0.key 
9800       INFO  main            d.u.i.k.p.i.AbstractProblemLoader Loading environment from /home/runner/work/key/key/key.core/../key.ui/examples/InformationFlow/LoopInvariants/loop.IFLoopExamples(loop.IFLoopExamples__secure_while_2(int)).JML operation contract.0.key 
9800       DEBUG main            d.u.i.k.p.i.AbstractProblemLoader Environment load took 139.3ns 
9802       INFO  main            d.u.i.k.p.i.AbstractProblemLoader Creating init config 
13099      DEBUG main            d.u.i.k.p.i.AbstractProblemLoader Init config took 3.3s 
13158      INFO  main            d.u.i.k.p.i.AbstractProblemLoader Replaying proof loop.IFLoopExamples[loop.IFLoopExamples::secure_while_2(int)].JML operation contract.0 
13161      DEBUG main            d.u.i.k.p.i.IntermediateProofReplayer Proof replay took 12.2ns 
13666      INFO  main            d.u.i.k.p.r.p.TestFile    ... finished proof: closed. 
13824      INFO  main            d.u.i.k.p.r.p.TestFile    Now processing file /home/runner/work/key/key/key.core/../key.ui/examples/InformationFlow/LoopInvariants/loop.IFLoopExamples(loop.IFLoopExamples__secure_while_4(int)).JML operation contract.0.key 
13824      INFO  main            d.u.i.k.p.i.AbstractProblemLoader Loading environment from /home/runner/work/key/key/key.core/../key.ui/examples/InformationFlow/LoopInvariants/loop.IFLoopExamples(loop.IFLoopExamples__secure_while_4(int)).JML operation contract.0.key 
13824      DEBUG main            d.u.i.k.p.i.AbstractProblemLoader Environment load took 88.8ns 
13825      INFO  main            d.u.i.k.p.i.AbstractProblemLoader Creating init config 
17010      DEBUG main            d.u.i.k.p.i.AbstractProblemLoader Init config took 3.18s 
17080      INFO  main            d.u.i.k.p.i.AbstractProblemLoader Replaying proof loop.IFLoopExamples[loop.IFLoopExamples::secure_while_4(int)].JML operation contract.0 
17087      DEBUG main            d.u.i.k.p.i.IntermediateProofReplayer Proof replay took 12.5ns 
17594      INFO  main            d.u.i.k.p.r.p.TestFile    ... finished proof: closed. 
17786      INFO  main            d.u.i.k.p.r.p.TestFile    Now processing file /home/runner/work/key/key/key.core/../key.ui/examples/InformationFlow/LoopInvariants/loop.IFLoopExamples(loop.IFLoopExamples__insecure_doubleNestedWhile2(int)).JML operation contract.0.key 
17788      INFO  main            d.u.i.k.p.i.AbstractProblemLoader Loading environment from /home/runner/work/key/key/key.core/../key.ui/examples/InformationFlow/LoopInvariants/loop.IFLoopExamples(loop.IFLoopExamples__insecure_doubleNestedWhile2(int)).JML operation contract.0.key 
17788      DEBUG main            d.u.i.k.p.i.AbstractProblemLoader Environment load took 128.5ns 
17790      INFO  main            d.u.i.k.p.i.AbstractProblemLoader Creating init config 
20948      DEBUG main            d.u.i.k.p.i.AbstractProblemLoader Init config took 3.16s 
20996      INFO  main            d.u.i.k.p.i.AbstractProblemLoader Replaying proof loop.IFLoopExamples[loop.IFLoopExamples::insecure_doubleNestedWhile2(int)].JML operation contract.0 
20998      DEBUG main            d.u.i.k.p.i.IntermediateProofReplayer Proof replay took 12.6ns 
22007      INFO  main            d.u.i.k.p.r.p.TestFile    ... finished proof: closed. 
22164      INFO  main            d.u.i.k.p.r.p.TestFile    Now processing file /home/runner/work/key/key/key.core/../key.ui/examples/InformationFlow/LoopInvariants/loop.IFLoopExamples(loop.IFLoopExamples__insecure_doubleNestedWhile(int)).JML operation contract.0.key 
22164      INFO  main            d.u.i.k.p.i.AbstractProblemLoader Loading environment from /home/runner/work/key/key/key.core/../key.ui/examples/InformationFlow/LoopInvariants/loop.IFLoopExamples(loop.IFLoopExamples__insecure_doubleNestedWhile(int)).JML operation contract.0.key 
22165      DEBUG main            d.u.i.k.p.i.AbstractProblemLoader Environment load took 557.01ns 
22166      INFO  main            d.u.i.k.p.i.AbstractProblemLoader Creating init config 
25242      DEBUG main            d.u.i.k.p.i.AbstractProblemLoader Init config took 3.08s 
25295      INFO  main            d.u.i.k.p.i.AbstractProblemLoader Replaying proof loop.IFLoopExamples[loop.IFLoopExamples::insecure_doubleNestedWhile(int)].JML operation contract.0 
25300      DEBUG main            d.u.i.k.p.i.IntermediateProofReplayer Proof replay took 14.3ns 
26205      INFO  main            d.u.i.k.p.r.p.TestFile    ... finished proof: closed. 
26360      INFO  main            d.u.i.k.p.r.p.TestFile    Now processing file /home/runner/work/key/key/key.core/../key.ui/examples/InformationFlow/LoopInvariants/loop.IFLoopExamples(loop.IFLoopExamples__secure_doubleNestedWhile(int)).JML operation contract.0.key 
26360      INFO  main            d.u.i.k.p.i.AbstractProblemLoader Loading environment from /home/runner/work/key/key/key.core/../key.ui/examples/InformationFlow/LoopInvariants/loop.IFLoopExamples(loop.IFLoopExamples__secure_doubleNestedWhile(int)).JML operation contract.0.key 
26360      DEBUG main            d.u.i.k.p.i.AbstractProblemLoader Environment load took 78.4ns 
26361      INFO  main            d.u.i.k.p.i.AbstractProblemLoader Creating init config 
29452      DEBUG main            d.u.i.k.p.i.AbstractProblemLoader Init config took 3.09s 
29495      INFO  main            d.u.i.k.p.i.AbstractProblemLoader Replaying proof loop.IFLoopExamples[loop.IFLoopExamples::secure_doubleNestedWhile(int)].JML operation contract.0 
29498      DEBUG main            d.u.i.k.p.i.IntermediateProofReplayer Proof replay took 11.6ns 
30402      INFO  main            d.u.i.k.p.r.p.TestFile    ... finished proof: closed. 
30548      INFO  main            d.u.i.k.p.r.p.TestFile    Now processing file /home/runner/work/key/key/key.core/../key.ui/examples/InformationFlow/LoopInvariants/loop.IFLoopExamples(loop.IFLoopExamples__secure_nestedTwoWhile(int)).JML operation contract.0.key 
30549      INFO  main            d.u.i.k.p.i.AbstractProblemLoader Loading environment from /home/runner/work/key/key/key.core/../key.ui/examples/InformationFlow/LoopInvariants/loop.IFLoopExamples(loop.IFLoopExamples__secure_nestedTwoWhile(int)).JML operation contract.0.key 
30549      DEBUG main            d.u.i.k.p.i.AbstractProblemLoader Environment load took 86.8ns 
30550      INFO  main            d.u.i.k.p.i.AbstractProblemLoader Creating init config 
33560      DEBUG main            d.u.i.k.p.i.AbstractProblemLoader Init config took 3.01s 
33611      INFO  main            d.u.i.k.p.i.AbstractProblemLoader Replaying proof loop.IFLoopExamples[loop.IFLoopExamples::secure_nestedTwoWhile(int)].JML operation contract.0 
33615      DEBUG main            d.u.i.k.p.i.IntermediateProofReplayer Proof replay took 12.3ns 
34522      INFO  main            d.u.i.k.p.r.p.TestFile    ... finished proof: closed. 
34689      INFO  main            d.u.i.k.p.r.p.TestFile    Now processing file /home/runner/work/key/key/key.core/../key.ui/examples/InformationFlow/LoopInvariants/loop.IFLoopExamples(loop.IFLoopExamples__secure_nestedWhile(int)).JML operation contract.0.key 
34689      INFO  main            d.u.i.k.p.i.AbstractProblemLoader Loading environment from /home/runner/work/key/key/key.core/../key.ui/examples/InformationFlow/LoopInvariants/loop.IFLoopExamples(loop.IFLoopExamples__secure_nestedWhile(int)).JML operation contract.0.key 
34689      DEBUG main            d.u.i.k.p.i.AbstractProblemLoader Environment load took 75.2ns 
34690      INFO  main            d.u.i.k.p.i.AbstractProblemLoader Creating init config 
37775      DEBUG main            d.u.i.k.p.i.AbstractProblemLoader Init config took 3.09s 
37820      INFO  main            d.u.i.k.p.i.AbstractProblemLoader Replaying proof loop.IFLoopExamples[loop.IFLoopExamples::secure_nestedWhile(int)].JML operation contract.0 
37822      DEBUG main            d.u.i.k.p.i.IntermediateProofReplayer Proof replay took 30.9ns 
38330      INFO  main            d.u.i.k.p.r.p.TestFile    ... finished proof: closed. 
38495      INFO  main            d.u.i.k.p.r.p.TestFile    Now processing file /home/runner/work/key/key/key.core/../key.ui/examples/InformationFlow/LoopInvariants/loop.IFLoopExamples(loop.IFLoopExamples__notSecure_while(int)).JML operation contract.0.key 
38497      INFO  main            d.u.i.k.p.i.AbstractProblemLoader Loading environment from /home/runner/work/key/key/key.core/../key.ui/examples/InformationFlow/LoopInvariants/loop.IFLoopExamples(loop.IFLoopExamples__notSecure_while(int)).JML operation contract.0.key 
38497      DEBUG main            d.u.i.k.p.i.AbstractProblemLoader Environment load took 120.7ns 
38498      INFO  main            d.u.i.k.p.i.AbstractProblemLoader Creating init config 
41497      DEBUG main            d.u.i.k.p.i.AbstractProblemLoader Init config took 3s 
41549      INFO  main            d.u.i.k.p.i.AbstractProblemLoader Replaying proof loop.IFLoopExamples[loop.IFLoopExamples::notSecure_while(int)].JML operation contract.0 
41552      DEBUG main            d.u.i.k.p.i.IntermediateProofReplayer Proof replay took 13.1ns 
41756      INFO  main            d.u.i.k.p.r.p.TestFile    ... finished proof: closed. 
41898      INFO  main            d.u.i.k.p.r.p.TestFile    Now processing file /home/runner/work/key/key/key.core/../key.ui/examples/InformationFlow/LoopInvariants/loop.IFLoopExamples(loop.IFLoopExamples__notSecure_while_wrongInv(int)).JML operation contract.0.key 
41899      INFO  main            d.u.i.k.p.i.AbstractProblemLoader Loading environment from /home/runner/work/key/key/key.core/../key.ui/examples/InformationFlow/LoopInvariants/loop.IFLoopExamples(loop.IFLoopExamples__notSecure_while_wrongInv(int)).JML operation contract.0.key 
41899      DEBUG main            d.u.i.k.p.i.AbstractProblemLoader Environment load took 85.8ns 
41900      INFO  main            d.u.i.k.p.i.AbstractProblemLoader Creating init config 
44911      DEBUG main            d.u.i.k.p.i.AbstractProblemLoader Init config took 3.01s 
44962      INFO  main            d.u.i.k.p.i.AbstractProblemLoader Replaying proof loop.IFLoopExamples[loop.IFLoopExamples::notSecure_while_wrongInv(int)].JML operation contract.0 
44966      DEBUG main            d.u.i.k.p.i.IntermediateProofReplayer Proof replay took 12.7ns 
45173      INFO  main            d.u.i.k.p.r.p.TestFile    ... finished proof: open goal(s) 
45314      INFO  main            d.u.i.k.p.r.p.TestFile    Now processing file /home/runner/work/key/key/key.core/../key.ui/examples/InformationFlow/LoopInvariants/loop.IFLoopExamples(loop.IFLoopExamples__insecure_twoWhile(int)).JML operation contract.0.key 
45315      INFO  main            d.u.i.k.p.i.AbstractProblemLoader Loading environment from /home/runner/work/key/key/key.core/../key.ui/examples/InformationFlow/LoopInvariants/loop.IFLoopExamples(loop.IFLoopExamples__insecure_twoWhile(int)).JML operation contract.0.key 
45315      DEBUG main            d.u.i.k.p.i.AbstractProblemLoader Environment load took 86.9ns 
45316      INFO  main            d.u.i.k.p.i.AbstractProblemLoader Creating init config 
48329      DEBUG main            d.u.i.k.p.i.AbstractProblemLoader Init config took 3.01s 
48370      INFO  main            d.u.i.k.p.i.AbstractProblemLoader Replaying proof loop.IFLoopExamples[loop.IFLoopExamples::insecure_twoWhile(int)].JML operation contract.0 
48372      DEBUG main            d.u.i.k.p.i.IntermediateProofReplayer Proof replay took 13.7ns 
48777      INFO  main            d.u.i.k.p.r.p.TestFile    ... finished proof: closed. 
48946      INFO  main            d.u.i.k.p.r.p.TestFile    Now processing file /home/runner/work/key/key/key.core/../key.ui/examples/InformationFlow/LoopInvariants/loop.IFLoopExamples(loop.IFLoopExamples__insecure_twoWhile_2(int)).JML operation contract.0.key 
48947      INFO  main            d.u.i.k.p.i.AbstractProblemLoader Loading environment from /home/runner/work/key/key/key.core/../key.ui/examples/InformationFlow/LoopInvariants/loop.IFLoopExamples(loop.IFLoopExamples__insecure_twoWhile_2(int)).JML operation contract.0.key 
48947      DEBUG main            d.u.i.k.p.i.AbstractProblemLoader Environment load took 119.2ns 
48948      INFO  main            d.u.i.k.p.i.AbstractProblemLoader Creating init config 
51944      DEBUG main            d.u.i.k.p.i.AbstractProblemLoader Init config took 3s 
51981      INFO  main            d.u.i.k.p.i.AbstractProblemLoader Replaying proof loop.IFLoopExamples[loop.IFLoopExamples::insecure_twoWhile_2(int)].JML operation contract.0 
51984      DEBUG main            d.u.i.k.p.i.IntermediateProofReplayer Proof replay took 14.5ns 
52387      INFO  main            d.u.i.k.p.r.p.TestFile    ... finished proof: closed. 
52540      INFO  main            d.u.i.k.p.r.p.TestFile    Now processing file /home/runner/work/key/key/key.core/../key.ui/examples/InformationFlow/LoopInvariants/loop.IFLoopExamples(loop.IFLoopExamples__secure_twoWhile(int)).JML operation contract.0.key 
52540      INFO  main            d.u.i.k.p.i.AbstractProblemLoader Loading environment from /home/runner/work/key/key/key.core/../key.ui/examples/InformationFlow/LoopInvariants/loop.IFLoopExamples(loop.IFLoopExamples__secure_twoWhile(int)).JML operation contract.0.key 
52540      DEBUG main            d.u.i.k.p.i.AbstractProblemLoader Environment load took 71.5ns 
52541      INFO  main            d.u.i.k.p.i.AbstractProblemLoader Creating init config 
55518      DEBUG main            d.u.i.k.p.i.AbstractProblemLoader Init config took 2.98s 
55562      INFO  main            d.u.i.k.p.i.AbstractProblemLoader Replaying proof loop.IFLoopExamples[loop.IFLoopExamples::secure_twoWhile(int)].JML operation contract.0 
55566      DEBUG main            d.u.i.k.p.i.IntermediateProofReplayer Proof replay took 14.9ns 
56069      INFO  main            d.u.i.k.p.r.p.TestFile    ... finished proof: closed. 
56224      INFO  main            d.u.i.k.p.r.p.TestFile    Now processing file /home/runner/work/key/key/key.core/../key.ui/examples/InformationFlow/LoopInvariants/loop.IFLoopExamples(loop.IFLoopExamples__loc_secure_while(int)).JML operation contract.0.key 
56224      INFO  main            d.u.i.k.p.i.AbstractProblemLoader Loading environment from /home/runner/work/key/key/key.core/../key.ui/examples/InformationFlow/LoopInvariants/loop.IFLoopExamples(loop.IFLoopExamples__loc_secure_while(int)).JML operation contract.0.key 
56224      DEBUG main            d.u.i.k.p.i.AbstractProblemLoader Environment load took 130.4ns 
56225      INFO  main            d.u.i.k.p.i.AbstractProblemLoader Creating init config 
59193      DEBUG main            d.u.i.k.p.i.AbstractProblemLoader Init config took 2.97s 
59229      INFO  main            d.u.i.k.p.i.AbstractProblemLoader Replaying proof loop.IFLoopExamples[loop.IFLoopExamples::loc_secure_while(int)].JML operation contract.0 
59232      DEBUG main            d.u.i.k.p.i.IntermediateProofReplayer Proof replay took 13.2ns 
59535      INFO  main            d.u.i.k.p.r.p.TestFile    ... finished proof: closed. 
59689      INFO  main            d.u.i.k.p.r.p.TestFile    Now processing file /home/runner/work/key/key/key.core/../key.ui/examples/InformationFlow/LoopInvariants/loop.IFLoopExamples(loop.IFLoopExamples__secure_while(int)).JML operation contract.0.key 
59689      INFO  main            d.u.i.k.p.i.AbstractProblemLoader Loading environment from /home/runner/work/key/key/key.core/../key.ui/examples/InformationFlow/LoopInvariants/loop.IFLoopExamples(loop.IFLoopExamples__secure_while(int)).JML operation contract.0.key 
59689      DEBUG main            d.u.i.k.p.i.AbstractProblemLoader Environment load took 67.1ns 
59690      INFO  main            d.u.i.k.p.i.AbstractProblemLoader Creating init config 
62634      DEBUG main            d.u.i.k.p.i.AbstractProblemLoader Init config took 2.94s 
62682      INFO  main            d.u.i.k.p.i.AbstractProblemLoader Replaying proof loop.IFLoopExamples[loop.IFLoopExamples::secure_while(int)].JML operation contract.0 
62685      DEBUG main            d.u.i.k.p.i.IntermediateProofReplayer Proof replay took 13.8ns 
62887      INFO  main            d.u.i.k.p.r.p.TestFile    ... finished proof: closed. 
63066      INFO  main            d.u.i.k.p.r.p.TestFile    Now processing file /home/runner/work/key/key/key.core/../key.ui/examples/InformationFlow/LoopInvariants/loop.IFLoopExamples(loop.IFLoopExamples__print(int)).JML normal_behavior operation contract.0.key 
63067      INFO  main            d.u.i.k.p.i.AbstractProblemLoader Loading environment from /home/runner/work/key/key/key.core/../key.ui/examples/InformationFlow/LoopInvariants/loop.IFLoopExamples(loop.IFLoopExamples__print(int)).JML normal_behavior operation contract.0.key 
63067      DEBUG main            d.u.i.k.p.i.AbstractProblemLoader Environment load took 79.9ns 
63068      INFO  main            d.u.i.k.p.i.AbstractProblemLoader Creating init config 
66030      DEBUG main            d.u.i.k.p.i.AbstractProblemLoader Init config took 2.96s 
66065      INFO  main            d.u.i.k.p.i.AbstractProblemLoader Replaying proof loop.IFLoopExamples[loop.IFLoopExamples::print(int)].JML normal_behavior operation contract.0 
66068      DEBUG main            d.u.i.k.p.i.IntermediateProofReplayer Proof replay took 12.1ns 
66170      INFO  main            d.u.i.k.p.r.p.TestFile    ... finished proof: closed. 
66327      INFO  main            d.u.i.k.p.r.p.TestFile    Now processing file /home/runner/work/key/key/key.core/../key.ui/examples/InformationFlow/LoopInvariants/loop.IFLoopExamples(loop.IFLoopExamples__hammer(int)).JML normal_behavior operation contract.0.key 
66327      INFO  main            d.u.i.k.p.i.AbstractProblemLoader Loading environment from /home/runner/work/key/key/key.core/../key.ui/examples/InformationFlow/LoopInvariants/loop.IFLoopExamples(loop.IFLoopExamples__hammer(int)).JML normal_behavior operation contract.0.key 
66327      DEBUG main            d.u.i.k.p.i.AbstractProblemLoader Environment load took 63.2ns 
66328      INFO  main            d.u.i.k.p.i.AbstractProblemLoader Creating init config 
69249      DEBUG main            d.u.i.k.p.i.AbstractProblemLoader Init config took 2.92s 
69284      INFO  main            d.u.i.k.p.i.AbstractProblemLoader Replaying proof loop.IFLoopExamples[loop.IFLoopExamples::hammer(int)].JML normal_behavior operation contract.0 
69286      DEBUG main            d.u.i.k.p.i.IntermediateProofReplayer Proof replay took 11.6ns 
69592      INFO  main            d.u.i.k.p.r.p.TestFile    ... finished proof: closed. 
365040     INFO  Test worker     d.u.i.k.p.r.RunAllProofsTestUnit Returning from test LoopInvariants 
365042     INFO  Test worker     d.u.i.k.p.r.RunAllProofsTestUnit Running test MiniExamples 
314        INFO  Timeout watchdog d.u.i.k.p.r.p.ForkedTestFileRunner Timeout watcher launched (1000 secs.) 
326        WARN  main            d.u.i.k.s.ProofSettings   The settings in /home/runner/.key/proof-settings.props are *not* read. 
346        INFO  main            d.u.i.k.p.r.p.TestFile    Now processing file /home/runner/work/key/key/key.core/../key.ui/examples/InformationFlow/MiniExamples/mini.AliasingExamples(mini.AliasingExamples__insecure_1(mini.AliasingExamples,mini.AliasingExamples,int)).JML operation contract.0.key 
447        INFO  main            d.u.i.k.p.i.AbstractProblemLoader Loading environment from /home/runner/work/key/key/key.core/../key.ui/examples/InformationFlow/MiniExamples/mini.AliasingExamples(mini.AliasingExamples__insecure_1(mini.AliasingExamples,mini.AliasingExamples,int)).JML operation contract.0.key 
475        DEBUG main            d.u.i.k.p.i.AbstractProblemLoader Environment load took 2.04ms 
724        INFO  main            d.u.i.k.p.i.AbstractProblemLoader Creating init config 
1586       DEBUG main            d.u.i.k.j.TypeConverter   No LDT found for Meta 
1586       DEBUG main            d.u.i.k.j.TypeConverter   No LDT found for Meta 
1587       DEBUG main            d.u.i.k.j.TypeConverter   No LDT found for Meta 
1587       DEBUG main            d.u.i.k.j.TypeConverter   No LDT found for Meta 
2933       DEBUG main            d.u.i.k.j.TypeConverter   No LDT found for JavaBigintExpression 
7883       DEBUG main            d.u.i.k.p.i.AbstractProblemLoader Init config took 7.16s 
8009       INFO  main            d.u.i.k.p.i.AbstractProblemLoader Replaying proof mini.AliasingExamples[mini.AliasingExamples::insecure_1(mini.AliasingExamples,mini.AliasingExamples,int)].JML operation contract.0 
8043       DEBUG main            d.u.i.k.p.i.IntermediateProofReplayer Proof replay took 309.5ns 
8609       INFO  main            d.u.i.k.p.r.p.TestFile    ... finished proof: closed. 
8708       INFO  main            d.u.i.k.p.r.p.TestFile    Now processing file /home/runner/work/key/key/key.core/../key.ui/examples/InformationFlow/MiniExamples/mini.AliasingExamples(mini.AliasingExamples__secure_1(mini.AliasingExamples,mini.AliasingExamples,int)).JML operation contract.0.key 
8709       INFO  main            d.u.i.k.p.i.AbstractProblemLoader Loading environment from /home/runner/work/key/key/key.core/../key.ui/examples/InformationFlow/MiniExamples/mini.AliasingExamples(mini.AliasingExamples__secure_1(mini.AliasingExamples,mini.AliasingExamples,int)).JML operation contract.0.key 
8709       DEBUG main            d.u.i.k.p.i.AbstractProblemLoader Environment load took 326.9ns 
8711       INFO  main            d.u.i.k.p.i.AbstractProblemLoader Creating init config 
11546      DEBUG main            d.u.i.k.p.i.AbstractProblemLoader Init config took 2.83s 
11626      INFO  main            d.u.i.k.p.i.AbstractProblemLoader Replaying proof mini.AliasingExamples[mini.AliasingExamples::secure_1(mini.AliasingExamples,mini.AliasingExamples,int)].JML operation contract.0 
11630      DEBUG main            d.u.i.k.p.i.IntermediateProofReplayer Proof replay took 12.6ns 
11732      INFO  main            d.u.i.k.p.r.p.TestFile    ... finished proof: closed. 
11846      INFO  main            d.u.i.k.p.r.p.TestFile    Now processing file /home/runner/work/key/key/key.core/../key.ui/examples/InformationFlow/MiniExamples/mini.MiniExamplesLecture(mini.MiniExamplesLecture__m_6()).JML normal_behavior operation contract.0.key 
11846      INFO  main            d.u.i.k.p.i.AbstractProblemLoader Loading environment from /home/runner/work/key/key/key.core/../key.ui/examples/InformationFlow/MiniExamples/mini.MiniExamplesLecture(mini.MiniExamplesLecture__m_6()).JML normal_behavior operation contract.0.key 
11847      DEBUG main            d.u.i.k.p.i.AbstractProblemLoader Environment load took 102.3ns 
11848      INFO  main            d.u.i.k.p.i.AbstractProblemLoader Creating init config 
14696      DEBUG main            d.u.i.k.p.i.AbstractProblemLoader Init config took 2.85s 
14754      INFO  main            d.u.i.k.p.i.AbstractProblemLoader Replaying proof mini.MiniExamplesLecture[mini.MiniExamplesLecture::m_6()].JML normal_behavior operation contract.0 
14758      DEBUG main            d.u.i.k.p.i.IntermediateProofReplayer Proof replay took 12.4ns 
14860      INFO  main            d.u.i.k.p.r.p.TestFile    ... finished proof: closed. 
14976      INFO  main            d.u.i.k.p.r.p.TestFile    Now processing file /home/runner/work/key/key/key.core/../key.ui/examples/InformationFlow/MiniExamples/mini.MiniExamplesLecture(mini.MiniExamplesLecture__m_5()).JML normal_behavior operation contract.0.key 
14976      INFO  main            d.u.i.k.p.i.AbstractProblemLoader Loading environment from /home/runner/work/key/key/key.core/../key.ui/examples/InformationFlow/MiniExamples/mini.MiniExamplesLecture(mini.MiniExamplesLecture__m_5()).JML normal_behavior operation contract.0.key 
14976      DEBUG main            d.u.i.k.p.i.AbstractProblemLoader Environment load took 78.1ns 
14978      INFO  main            d.u.i.k.p.i.AbstractProblemLoader Creating init config 
17723      DEBUG main            d.u.i.k.p.i.AbstractProblemLoader Init config took 2.74s 
17775      INFO  main            d.u.i.k.p.i.AbstractProblemLoader Replaying proof mini.MiniExamplesLecture[mini.MiniExamplesLecture::m_5()].JML normal_behavior operation contract.0 
17782      DEBUG main            d.u.i.k.p.i.IntermediateProofReplayer Proof replay took 12.4ns 
17898      INFO  main            d.u.i.k.p.r.p.TestFile    ... finished proof: closed. 
18048      INFO  main            d.u.i.k.p.r.p.TestFile    Now processing file /home/runner/work/key/key/key.core/../key.ui/examples/InformationFlow/MiniExamples/mini.MiniExamplesLecture(mini.MiniExamplesLecture__m_4()).JML normal_behavior operation contract.0.key 
18049      INFO  main            d.u.i.k.p.i.AbstractProblemLoader Loading environment from /home/runner/work/key/key/key.core/../key.ui/examples/InformationFlow/MiniExamples/mini.MiniExamplesLecture(mini.MiniExamplesLecture__m_4()).JML normal_behavior operation contract.0.key 
18049      DEBUG main            d.u.i.k.p.i.AbstractProblemLoader Environment load took 70.1ns 
18050      INFO  main            d.u.i.k.p.i.AbstractProblemLoader Creating init config 
20746      DEBUG main            d.u.i.k.p.i.AbstractProblemLoader Init config took 2.7s 
20793      INFO  main            d.u.i.k.p.i.AbstractProblemLoader Replaying proof mini.MiniExamplesLecture[mini.MiniExamplesLecture::m_4()].JML normal_behavior operation contract.0 
20796      DEBUG main            d.u.i.k.p.i.IntermediateProofReplayer Proof replay took 12ns 
20898      INFO  main            d.u.i.k.p.r.p.TestFile    ... finished proof: closed. 
21024      INFO  main            d.u.i.k.p.r.p.TestFile    Now processing file /home/runner/work/key/key/key.core/../key.ui/examples/InformationFlow/MiniExamples/mini.MiniExamplesLecture(mini.MiniExamplesLecture__m_3()).JML normal_behavior operation contract.0.key 
21024      INFO  main            d.u.i.k.p.i.AbstractProblemLoader Loading environment from /home/runner/work/key/key/key.core/../key.ui/examples/InformationFlow/MiniExamples/mini.MiniExamplesLecture(mini.MiniExamplesLecture__m_3()).JML normal_behavior operation contract.0.key 
21024      DEBUG main            d.u.i.k.p.i.AbstractProblemLoader Environment load took 107.7ns 
21026      INFO  main            d.u.i.k.p.i.AbstractProblemLoader Creating init config 
23703      DEBUG main            d.u.i.k.p.i.AbstractProblemLoader Init config took 2.68s 
23749      INFO  main            d.u.i.k.p.i.AbstractProblemLoader Replaying proof mini.MiniExamplesLecture[mini.MiniExamplesLecture::m_3()].JML normal_behavior operation contract.0 
23752      DEBUG main            d.u.i.k.p.i.IntermediateProofReplayer Proof replay took 12.3ns 
23855      INFO  main            d.u.i.k.p.r.p.TestFile    ... finished proof: closed. 
23986      INFO  main            d.u.i.k.p.r.p.TestFile    Now processing file /home/runner/work/key/key/key.core/../key.ui/examples/InformationFlow/MiniExamples/mini.MiniExamplesLecture(mini.MiniExamplesLecture__m_2()).JML normal_behavior operation contract.0.key 
23986      INFO  main            d.u.i.k.p.i.AbstractProblemLoader Loading environment from /home/runner/work/key/key/key.core/../key.ui/examples/InformationFlow/MiniExamples/mini.MiniExamplesLecture(mini.MiniExamplesLecture__m_2()).JML normal_behavior operation contract.0.key 
23986      DEBUG main            d.u.i.k.p.i.AbstractProblemLoader Environment load took 68.8ns 
23987      INFO  main            d.u.i.k.p.i.AbstractProblemLoader Creating init config 
26623      DEBUG main            d.u.i.k.p.i.AbstractProblemLoader Init config took 2.64s 
26667      INFO  main            d.u.i.k.p.i.AbstractProblemLoader Replaying proof mini.MiniExamplesLecture[mini.MiniExamplesLecture::m_2()].JML normal_behavior operation contract.0 
26670      DEBUG main            d.u.i.k.p.i.IntermediateProofReplayer Proof replay took 12.2ns 
26772      INFO  main            d.u.i.k.p.r.p.TestFile    ... finished proof: closed. 
26902      INFO  main            d.u.i.k.p.r.p.TestFile    Now processing file /home/runner/work/key/key/key.core/../key.ui/examples/InformationFlow/MiniExamples/mini.MiniExamplesLecture(mini.MiniExamplesLecture__m_1()).JML normal_behavior operation contract.0.key 
26903      INFO  main            d.u.i.k.p.i.AbstractProblemLoader Loading environment from /home/runner/work/key/key/key.core/../key.ui/examples/InformationFlow/MiniExamples/mini.MiniExamplesLecture(mini.MiniExamplesLecture__m_1()).JML normal_behavior operation contract.0.key 
26903      DEBUG main            d.u.i.k.p.i.AbstractProblemLoader Environment load took 71.6ns 
26904      INFO  main            d.u.i.k.p.i.AbstractProblemLoader Creating init config 
29536      DEBUG main            d.u.i.k.p.i.AbstractProblemLoader Init config took 2.63s 
29583      INFO  main            d.u.i.k.p.i.AbstractProblemLoader Replaying proof mini.MiniExamplesLecture[mini.MiniExamplesLecture::m_1()].JML normal_behavior operation contract.0 
29587      DEBUG main            d.u.i.k.p.i.IntermediateProofReplayer Proof replay took 12.1ns 
29690      INFO  main            d.u.i.k.p.r.p.TestFile    ... finished proof: closed. 
29820      INFO  main            d.u.i.k.p.r.p.TestFile    Now processing file /home/runner/work/key/key/key.core/../key.ui/examples/InformationFlow/MiniExamples/mini.DifferenceSeqLocset(mini.DifferenceSeqLocset__m()).JML normal_behavior operation contract.1.key 
29821      INFO  main            d.u.i.k.p.i.AbstractProblemLoader Loading environment from /home/runner/work/key/key/key.core/../key.ui/examples/InformationFlow/MiniExamples/mini.DifferenceSeqLocset(mini.DifferenceSeqLocset__m()).JML normal_behavior operation contract.1.key 
29821      DEBUG main            d.u.i.k.p.i.AbstractProblemLoader Environment load took 69ns 
29822      INFO  main            d.u.i.k.p.i.AbstractProblemLoader Creating init config 
32429      DEBUG main            d.u.i.k.p.i.AbstractProblemLoader Init config took 2.61s 
32477      INFO  main            d.u.i.k.p.i.AbstractProblemLoader Replaying proof mini.DifferenceSeqLocset[mini.DifferenceSeqLocset::m()].JML normal_behavior operation contract.1 
32479      DEBUG main            d.u.i.k.p.i.IntermediateProofReplayer Proof replay took 12.1ns 
32584      INFO  main            d.u.i.k.p.r.p.TestFile    ... finished proof: closed. 
32719      INFO  main            d.u.i.k.p.r.p.TestFile    Now processing file /home/runner/work/key/key/key.core/../key.ui/examples/InformationFlow/MiniExamples/mini.DifferenceSeqLocset(mini.DifferenceSeqLocset__m()).JML normal_behavior operation contract.0.key 
32720      INFO  main            d.u.i.k.p.i.AbstractProblemLoader Loading environment from /home/runner/work/key/key/key.core/../key.ui/examples/InformationFlow/MiniExamples/mini.DifferenceSeqLocset(mini.DifferenceSeqLocset__m()).JML normal_behavior operation contract.0.key 
32720      DEBUG main            d.u.i.k.p.i.AbstractProblemLoader Environment load took 71.2ns 
32721      INFO  main            d.u.i.k.p.i.AbstractProblemLoader Creating init config 
35342      DEBUG main            d.u.i.k.p.i.AbstractProblemLoader Init config took 2.62s 
35388      INFO  main            d.u.i.k.p.i.AbstractProblemLoader Replaying proof mini.DifferenceSeqLocset[mini.DifferenceSeqLocset::m()].JML normal_behavior operation contract.0 
35390      DEBUG main            d.u.i.k.p.i.IntermediateProofReplayer Proof replay took 13ns 
35495      INFO  main            d.u.i.k.p.r.p.TestFile    ... finished proof: closed. 
35635      INFO  main            d.u.i.k.p.r.p.TestFile    Now processing file /home/runner/work/key/key/key.core/../key.ui/examples/InformationFlow/MiniExamples/mini.MiniExamples(mini.MiniExamples__secure_p2_8()).JML normal_behavior operation contract.0.key 
35636      INFO  main            d.u.i.k.p.i.AbstractProblemLoader Loading environment from /home/runner/work/key/key/key.core/../key.ui/examples/InformationFlow/MiniExamples/mini.MiniExamples(mini.MiniExamples__secure_p2_8()).JML normal_behavior operation contract.0.key 
35636      DEBUG main            d.u.i.k.p.i.AbstractProblemLoader Environment load took 73ns 
35637      INFO  main            d.u.i.k.p.i.AbstractProblemLoader Creating init config 
38243      DEBUG main            d.u.i.k.p.i.AbstractProblemLoader Init config took 2.61s 
38284      INFO  main            d.u.i.k.p.i.AbstractProblemLoader Replaying proof mini.MiniExamples[mini.MiniExamples::secure_p2_8()].JML normal_behavior operation contract.0 
38286      DEBUG main            d.u.i.k.p.i.IntermediateProofReplayer Proof replay took 11.8ns 
38388      INFO  main            d.u.i.k.p.r.p.TestFile    ... finished proof: closed. 
38530      INFO  main            d.u.i.k.p.r.p.TestFile    Now processing file /home/runner/work/key/key/key.core/../key.ui/examples/InformationFlow/MiniExamples/mini.MiniExamples(mini.MiniExamples__secure_parameter(int)).JML operation contract.0.key 
38530      INFO  main            d.u.i.k.p.i.AbstractProblemLoader Loading environment from /home/runner/work/key/key/key.core/../key.ui/examples/InformationFlow/MiniExamples/mini.MiniExamples(mini.MiniExamples__secure_parameter(int)).JML operation contract.0.key 
38530      DEBUG main            d.u.i.k.p.i.AbstractProblemLoader Environment load took 65.1ns 
38532      INFO  main            d.u.i.k.p.i.AbstractProblemLoader Creating init config 
41132      DEBUG main            d.u.i.k.p.i.AbstractProblemLoader Init config took 2.6s 
41186      INFO  main            d.u.i.k.p.i.AbstractProblemLoader Replaying proof mini.MiniExamples[mini.MiniExamples::secure_parameter(int)].JML operation contract.0 
41191      DEBUG main            d.u.i.k.p.i.IntermediateProofReplayer Proof replay took 13.2ns 
41293      INFO  main            d.u.i.k.p.r.p.TestFile    ... finished proof: closed. 
41440      INFO  main            d.u.i.k.p.r.p.TestFile    Now processing file /home/runner/work/key/key/key.core/../key.ui/examples/InformationFlow/MiniExamples/mini.MiniExamples(mini.MiniExamples__secure_p2_7()).JML normal_behavior operation contract.0.key 
41440      INFO  main            d.u.i.k.p.i.AbstractProblemLoader Loading environment from /home/runner/work/key/key/key.core/../key.ui/examples/InformationFlow/MiniExamples/mini.MiniExamples(mini.MiniExamples__secure_p2_7()).JML normal_behavior operation contract.0.key 
41440      DEBUG main            d.u.i.k.p.i.AbstractProblemLoader Environment load took 65.5ns 
41441      INFO  main            d.u.i.k.p.i.AbstractProblemLoader Creating init config 
44049      DEBUG main            d.u.i.k.p.i.AbstractProblemLoader Init config took 2.61s 
44088      INFO  main            d.u.i.k.p.i.AbstractProblemLoader Replaying proof mini.MiniExamples[mini.MiniExamples::secure_p2_7()].JML normal_behavior operation contract.0 
44090      DEBUG main            d.u.i.k.p.i.IntermediateProofReplayer Proof replay took 13.8ns 
44196      INFO  main            d.u.i.k.p.r.p.TestFile    ... finished proof: closed. 
44351      INFO  main            d.u.i.k.p.r.p.TestFile    Now processing file /home/runner/work/key/key/key.core/../key.ui/examples/InformationFlow/MiniExamples/mini.MiniExamples(mini.MiniExamples__insecure_p2_2()).JML normal_behavior operation contract.0.key 
44351      INFO  main            d.u.i.k.p.i.AbstractProblemLoader Loading environment from /home/runner/work/key/key/key.core/../key.ui/examples/InformationFlow/MiniExamples/mini.MiniExamples(mini.MiniExamples__insecure_p2_2()).JML normal_behavior operation contract.0.key 
44351      DEBUG main            d.u.i.k.p.i.AbstractProblemLoader Environment load took 67.2ns 
44352      INFO  main            d.u.i.k.p.i.AbstractProblemLoader Creating init config 
46925      DEBUG main            d.u.i.k.p.i.AbstractProblemLoader Init config took 2.57s 
46964      INFO  main            d.u.i.k.p.i.AbstractProblemLoader Replaying proof mini.MiniExamples[mini.MiniExamples::insecure_p2_2()].JML normal_behavior operation contract.0 
46968      DEBUG main            d.u.i.k.p.i.IntermediateProofReplayer Proof replay took 13.3ns 
47070      INFO  main            d.u.i.k.p.r.p.TestFile    ... finished proof: closed. 
47230      INFO  main            d.u.i.k.p.r.p.TestFile    Now processing file /home/runner/work/key/key/key.core/../key.ui/examples/InformationFlow/MiniExamples/mini.MiniExamples(mini.MiniExamples__secure_p2_6()).JML normal_behavior operation contract.0.key 
47231      INFO  main            d.u.i.k.p.i.AbstractProblemLoader Loading environment from /home/runner/work/key/key/key.core/../key.ui/examples/InformationFlow/MiniExamples/mini.MiniExamples(mini.MiniExamples__secure_p2_6()).JML normal_behavior operation contract.0.key 
47231      DEBUG main            d.u.i.k.p.i.AbstractProblemLoader Environment load took 100.7ns 
47232      INFO  main            d.u.i.k.p.i.AbstractProblemLoader Creating init config 
49801      DEBUG main            d.u.i.k.p.i.AbstractProblemLoader Init config took 2.57s 
49840      INFO  main            d.u.i.k.p.i.AbstractProblemLoader Replaying proof mini.MiniExamples[mini.MiniExamples::secure_p2_6()].JML normal_behavior operation contract.0 
49843      DEBUG main            d.u.i.k.p.i.IntermediateProofReplayer Proof replay took 15.4ns 
49945      INFO  main            d.u.i.k.p.r.p.TestFile    ... finished proof: closed. 
50140      INFO  main            d.u.i.k.p.r.p.TestFile    Now processing file /home/runner/work/key/key/key.core/../key.ui/examples/InformationFlow/MiniExamples/mini.MiniExamples(mini.MiniExamples__secure_p2_5()).JML normal_behavior operation contract.0.key 
50141      INFO  main            d.u.i.k.p.i.AbstractProblemLoader Loading environment from /home/runner/work/key/key/key.core/../key.ui/examples/InformationFlow/MiniExamples/mini.MiniExamples(mini.MiniExamples__secure_p2_5()).JML normal_behavior operation contract.0.key 
50141      DEBUG main            d.u.i.k.p.i.AbstractProblemLoader Environment load took 66.7ns 
50142      INFO  main            d.u.i.k.p.i.AbstractProblemLoader Creating init config 
52696      DEBUG main            d.u.i.k.p.i.AbstractProblemLoader Init config took 2.55s 
52734      INFO  main            d.u.i.k.p.i.AbstractProblemLoader Replaying proof mini.MiniExamples[mini.MiniExamples::secure_p2_5()].JML normal_behavior operation contract.0 
52736      DEBUG main            d.u.i.k.p.i.IntermediateProofReplayer Proof replay took 12.3ns 
52840      INFO  main            d.u.i.k.p.r.p.TestFile    ... finished proof: closed. 
52996      INFO  main            d.u.i.k.p.r.p.TestFile    Now processing file /home/runner/work/key/key/key.core/../key.ui/examples/InformationFlow/MiniExamples/mini.MiniExamples(mini.MiniExamples__secure_p2_4()).JML normal_behavior operation contract.0.key 
52996      INFO  main            d.u.i.k.p.i.AbstractProblemLoader Loading environment from /home/runner/work/key/key/key.core/../key.ui/examples/InformationFlow/MiniExamples/mini.MiniExamples(mini.MiniExamples__secure_p2_4()).JML normal_behavior operation contract.0.key 
52996      DEBUG main            d.u.i.k.p.i.AbstractProblemLoader Environment load took 63ns 
52997      INFO  main            d.u.i.k.p.i.AbstractProblemLoader Creating init config 
55569      DEBUG main            d.u.i.k.p.i.AbstractProblemLoader Init config took 2.57s 
55605      INFO  main            d.u.i.k.p.i.AbstractProblemLoader Replaying proof mini.MiniExamples[mini.MiniExamples::secure_p2_4()].JML normal_behavior operation contract.0 
55608      DEBUG main            d.u.i.k.p.i.IntermediateProofReplayer Proof replay took 12.5ns 
55712      INFO  main            d.u.i.k.p.r.p.TestFile    ... finished proof: closed. 
55873      INFO  main            d.u.i.k.p.r.p.TestFile    Now processing file /home/runner/work/key/key/key.core/../key.ui/examples/InformationFlow/MiniExamples/mini.MiniExamples(mini.MiniExamples__secure_p2_3()).JML normal_behavior operation contract.0.key 
55873      INFO  main            d.u.i.k.p.i.AbstractProblemLoader Loading environment from /home/runner/work/key/key/key.core/../key.ui/examples/InformationFlow/MiniExamples/mini.MiniExamples(mini.MiniExamples__secure_p2_3()).JML normal_behavior operation contract.0.key 
55873      DEBUG main            d.u.i.k.p.i.AbstractProblemLoader Environment load took 67ns 
55874      INFO  main            d.u.i.k.p.i.AbstractProblemLoader Creating init config 
58406      DEBUG main            d.u.i.k.p.i.AbstractProblemLoader Init config took 2.53s 
58452      INFO  main            d.u.i.k.p.i.AbstractProblemLoader Replaying proof mini.MiniExamples[mini.MiniExamples::secure_p2_3()].JML normal_behavior operation contract.0 
58454      DEBUG main            d.u.i.k.p.i.IntermediateProofReplayer Proof replay took 12.4ns 
58559      INFO  main            d.u.i.k.p.r.p.TestFile    ... finished proof: closed. 
58732      INFO  main            d.u.i.k.p.r.p.TestFile    Now processing file /home/runner/work/key/key/key.core/../key.ui/examples/InformationFlow/MiniExamples/mini.MiniExamples(mini.MiniExamples__secure_p2_2()).JML normal_behavior operation contract.0.key 
58732      INFO  main            d.u.i.k.p.i.AbstractProblemLoader Loading environment from /home/runner/work/key/key/key.core/../key.ui/examples/InformationFlow/MiniExamples/mini.MiniExamples(mini.MiniExamples__secure_p2_2()).JML normal_behavior operation contract.0.key 
58732      DEBUG main            d.u.i.k.p.i.AbstractProblemLoader Environment load took 63.3ns 
58736      INFO  main            d.u.i.k.p.i.AbstractProblemLoader Creating init config 
61265      DEBUG main            d.u.i.k.p.i.AbstractProblemLoader Init config took 2.53s 
61301      INFO  main            d.u.i.k.p.i.AbstractProblemLoader Replaying proof mini.MiniExamples[mini.MiniExamples::secure_p2_2()].JML normal_behavior operation contract.0 
61303      DEBUG main            d.u.i.k.p.i.IntermediateProofReplayer Proof replay took 14.1ns 
61405      INFO  main            d.u.i.k.p.r.p.TestFile    ... finished proof: closed. 
61570      INFO  main            d.u.i.k.p.r.p.TestFile    Now processing file /home/runner/work/key/key/key.core/../key.ui/examples/InformationFlow/MiniExamples/mini.MiniExamples(mini.MiniExamples__secure_p2_1()).JML normal_behavior operation contract.0.key 
61570      INFO  main            d.u.i.k.p.i.AbstractProblemLoader Loading environment from /home/runner/work/key/key/key.core/../key.ui/examples/InformationFlow/MiniExamples/mini.MiniExamples(mini.MiniExamples__secure_p2_1()).JML normal_behavior operation contract.0.key 
61570      DEBUG main            d.u.i.k.p.i.AbstractProblemLoader Environment load took 62.8ns 
61571      INFO  main            d.u.i.k.p.i.AbstractProblemLoader Creating init config 
64138      DEBUG main            d.u.i.k.p.i.AbstractProblemLoader Init config took 2.57s 
64175      INFO  main            d.u.i.k.p.i.AbstractProblemLoader Replaying proof mini.MiniExamples[mini.MiniExamples::secure_p2_1()].JML normal_behavior operation contract.0 
64179      DEBUG main            d.u.i.k.p.i.IntermediateProofReplayer Proof replay took 13.8ns 
64281      INFO  main            d.u.i.k.p.r.p.TestFile    ... finished proof: closed. 
64445      INFO  main            d.u.i.k.p.r.p.TestFile    Now processing file /home/runner/work/key/key/key.core/../key.ui/examples/InformationFlow/MiniExamples/mini.MiniExamples(mini.MiniExamples__insecure_p2_1()).JML normal_behavior operation contract.0.key 
64446      INFO  main            d.u.i.k.p.i.AbstractProblemLoader Loading environment from /home/runner/work/key/key/key.core/../key.ui/examples/InformationFlow/MiniExamples/mini.MiniExamples(mini.MiniExamples__insecure_p2_1()).JML normal_behavior operation contract.0.key 
64446      DEBUG main            d.u.i.k.p.i.AbstractProblemLoader Environment load took 65.8ns 
64447      INFO  main            d.u.i.k.p.i.AbstractProblemLoader Creating init config 
66975      DEBUG main            d.u.i.k.p.i.AbstractProblemLoader Init config took 2.53s 
67021      INFO  main            d.u.i.k.p.i.AbstractProblemLoader Replaying proof mini.MiniExamples[mini.MiniExamples::insecure_p2_1()].JML normal_behavior operation contract.0 
67024      DEBUG main            d.u.i.k.p.i.IntermediateProofReplayer Proof replay took 13.2ns 
67128      INFO  main            d.u.i.k.p.r.p.TestFile    ... finished proof: closed. 
67297      INFO  main            d.u.i.k.p.r.p.TestFile    Now processing file /home/runner/work/key/key/key.core/../key.ui/examples/InformationFlow/MiniExamples/mini.MiniExamples(mini.MiniExamples__secure_p1_6()).JML normal_behavior operation contract.0.key 
67297      INFO  main            d.u.i.k.p.i.AbstractProblemLoader Loading environment from /home/runner/work/key/key/key.core/../key.ui/examples/InformationFlow/MiniExamples/mini.MiniExamples(mini.MiniExamples__secure_p1_6()).JML normal_behavior operation contract.0.key 
67297      DEBUG main            d.u.i.k.p.i.AbstractProblemLoader Environment load took 79.8ns 
67298      INFO  main            d.u.i.k.p.i.AbstractProblemLoader Creating init config 
69827      DEBUG main            d.u.i.k.p.i.AbstractProblemLoader Init config took 2.53s 
69864      INFO  main            d.u.i.k.p.i.AbstractProblemLoader Replaying proof mini.MiniExamples[mini.MiniExamples::secure_p1_6()].JML normal_behavior operation contract.0 
69867      DEBUG main            d.u.i.k.p.i.IntermediateProofReplayer Proof replay took 13.1ns 
69972      INFO  main            d.u.i.k.p.r.p.TestFile    ... finished proof: closed. 
70146      INFO  main            d.u.i.k.p.r.p.TestFile    Now processing file /home/runner/work/key/key/key.core/../key.ui/examples/InformationFlow/MiniExamples/mini.MiniExamples(mini.MiniExamples__secure_p1_5()).JML normal_behavior operation contract.0.key 
70147      INFO  main            d.u.i.k.p.i.AbstractProblemLoader Loading environment from /home/runner/work/key/key/key.core/../key.ui/examples/InformationFlow/MiniExamples/mini.MiniExamples(mini.MiniExamples__secure_p1_5()).JML normal_behavior operation contract.0.key 
70147      DEBUG main            d.u.i.k.p.i.AbstractProblemLoader Environment load took 88.8ns 
70148      INFO  main            d.u.i.k.p.i.AbstractProblemLoader Creating init config 
72692      DEBUG main            d.u.i.k.p.i.AbstractProblemLoader Init config took 2.54s 
72728      INFO  main            d.u.i.k.p.i.AbstractProblemLoader Replaying proof mini.MiniExamples[mini.MiniExamples::secure_p1_5()].JML normal_behavior operation contract.0 
72730      DEBUG main            d.u.i.k.p.i.IntermediateProofReplayer Proof replay took 13.3ns 
72832      INFO  main            d.u.i.k.p.r.p.TestFile    ... finished proof: closed. 
73025      INFO  main            d.u.i.k.p.r.p.TestFile    Now processing file /home/runner/work/key/key/key.core/../key.ui/examples/InformationFlow/MiniExamples/mini.MiniExamples(mini.MiniExamples__secure_p1_4()).JML normal_behavior operation contract.0.key 
73025      INFO  main            d.u.i.k.p.i.AbstractProblemLoader Loading environment from /home/runner/work/key/key/key.core/../key.ui/examples/InformationFlow/MiniExamples/mini.MiniExamples(mini.MiniExamples__secure_p1_4()).JML normal_behavior operation contract.0.key 
73025      DEBUG main            d.u.i.k.p.i.AbstractProblemLoader Environment load took 64.5ns 
73027      INFO  main            d.u.i.k.p.i.AbstractProblemLoader Creating init config 
75542      DEBUG main            d.u.i.k.p.i.AbstractProblemLoader Init config took 2.51s 
75582      INFO  main            d.u.i.k.p.i.AbstractProblemLoader Replaying proof mini.MiniExamples[mini.MiniExamples::secure_p1_4()].JML normal_behavior operation contract.0 
75586      DEBUG main            d.u.i.k.p.i.IntermediateProofReplayer Proof replay took 12.3ns 
75688      INFO  main            d.u.i.k.p.r.p.TestFile    ... finished proof: closed. 
75875      INFO  main            d.u.i.k.p.r.p.TestFile    Now processing file /home/runner/work/key/key/key.core/../key.ui/examples/InformationFlow/MiniExamples/mini.MiniExamples(mini.MiniExamples__secure_p1_3()).JML normal_behavior operation contract.0.key 
75876      INFO  main            d.u.i.k.p.i.AbstractProblemLoader Loading environment from /home/runner/work/key/key/key.core/../key.ui/examples/InformationFlow/MiniExamples/mini.MiniExamples(mini.MiniExamples__secure_p1_3()).JML normal_behavior operation contract.0.key 
75876      DEBUG main            d.u.i.k.p.i.AbstractProblemLoader Environment load took 62.8ns 
75877      INFO  main            d.u.i.k.p.i.AbstractProblemLoader Creating init config 
78411      DEBUG main            d.u.i.k.p.i.AbstractProblemLoader Init config took 2.53s 
78446      INFO  main            d.u.i.k.p.i.AbstractProblemLoader Replaying proof mini.MiniExamples[mini.MiniExamples::secure_p1_3()].JML normal_behavior operation contract.0 
78448      DEBUG main            d.u.i.k.p.i.IntermediateProofReplayer Proof replay took 13.4ns 
78550      INFO  main            d.u.i.k.p.r.p.TestFile    ... finished proof: closed. 
78736      INFO  main            d.u.i.k.p.r.p.TestFile    Now processing file /home/runner/work/key/key/key.core/../key.ui/examples/InformationFlow/MiniExamples/mini.MiniExamples(mini.MiniExamples__secure_p1_2()).JML normal_behavior operation contract.0.key 
78737      INFO  main            d.u.i.k.p.i.AbstractProblemLoader Loading environment from /home/runner/work/key/key/key.core/../key.ui/examples/InformationFlow/MiniExamples/mini.MiniExamples(mini.MiniExamples__secure_p1_2()).JML normal_behavior operation contract.0.key 
78737      DEBUG main            d.u.i.k.p.i.AbstractProblemLoader Environment load took 64.5ns 
78738      INFO  main            d.u.i.k.p.i.AbstractProblemLoader Creating init config 
81266      DEBUG main            d.u.i.k.p.i.AbstractProblemLoader Init config took 2.53s 
81301      INFO  main            d.u.i.k.p.i.AbstractProblemLoader Replaying proof mini.MiniExamples[mini.MiniExamples::secure_p1_2()].JML normal_behavior operation contract.0 
81304      DEBUG main            d.u.i.k.p.i.IntermediateProofReplayer Proof replay took 13ns 
81406      INFO  main            d.u.i.k.p.r.p.TestFile    ... finished proof: closed. 
81597      INFO  main            d.u.i.k.p.r.p.TestFile    Now processing file /home/runner/work/key/key/key.core/../key.ui/examples/InformationFlow/MiniExamples/mini.MiniExamples(mini.MiniExamples__secure_p1_1()).JML normal_behavior operation contract.1.key 
81597      INFO  main            d.u.i.k.p.i.AbstractProblemLoader Loading environment from /home/runner/work/key/key/key.core/../key.ui/examples/InformationFlow/MiniExamples/mini.MiniExamples(mini.MiniExamples__secure_p1_1()).JML normal_behavior operation contract.1.key 
81597      DEBUG main            d.u.i.k.p.i.AbstractProblemLoader Environment load took 68.8ns 
81598      INFO  main            d.u.i.k.p.i.AbstractProblemLoader Creating init config 
84125      DEBUG main            d.u.i.k.p.i.AbstractProblemLoader Init config took 2.53s 
84161      INFO  main            d.u.i.k.p.i.AbstractProblemLoader Replaying proof mini.MiniExamples[mini.MiniExamples::secure_p1_1()].JML normal_behavior operation contract.1 
84164      DEBUG main            d.u.i.k.p.i.IntermediateProofReplayer Proof replay took 15.2ns 
84266      INFO  main            d.u.i.k.p.r.p.TestFile    ... finished proof: closed. 
84451      INFO  main            d.u.i.k.p.r.p.TestFile    Now processing file /home/runner/work/key/key/key.core/../key.ui/examples/InformationFlow/MiniExamples/mini.MiniExamples(mini.MiniExamples__secure_p1_1()).JML normal_behavior operation contract.0.key 
84451      INFO  main            d.u.i.k.p.i.AbstractProblemLoader Loading environment from /home/runner/work/key/key/key.core/../key.ui/examples/InformationFlow/MiniExamples/mini.MiniExamples(mini.MiniExamples__secure_p1_1()).JML normal_behavior operation contract.0.key 
84451      DEBUG main            d.u.i.k.p.i.AbstractProblemLoader Environment load took 63.4ns 
84453      INFO  main            d.u.i.k.p.i.AbstractProblemLoader Creating init config 
86985      DEBUG main            d.u.i.k.p.i.AbstractProblemLoader Init config took 2.53s 
87021      INFO  main            d.u.i.k.p.i.AbstractProblemLoader Replaying proof mini.MiniExamples[mini.MiniExamples::secure_p1_1()].JML normal_behavior operation contract.0 
87023      DEBUG main            d.u.i.k.p.i.IntermediateProofReplayer Proof replay took 13ns 
87124      INFO  main            d.u.i.k.p.r.p.TestFile    ... finished proof: closed. 
87327      INFO  main            d.u.i.k.p.r.p.TestFile    Now processing file /home/runner/work/key/key/key.core/../key.ui/examples/InformationFlow/MiniExamples/mini.MiniExamples(mini.MiniExamples__insecure_p1_2()).JML normal_behavior operation contract.0.key 
87327      INFO  main            d.u.i.k.p.i.AbstractProblemLoader Loading environment from /home/runner/work/key/key/key.core/../key.ui/examples/InformationFlow/MiniExamples/mini.MiniExamples(mini.MiniExamples__insecure_p1_2()).JML normal_behavior operation contract.0.key 
87327      DEBUG main            d.u.i.k.p.i.AbstractProblemLoader Environment load took 64.3ns 
87330      INFO  main            d.u.i.k.p.i.AbstractProblemLoader Creating init config 
89843      DEBUG main            d.u.i.k.p.i.AbstractProblemLoader Init config took 2.51s 
89878      INFO  main            d.u.i.k.p.i.AbstractProblemLoader Replaying proof mini.MiniExamples[mini.MiniExamples::insecure_p1_2()].JML normal_behavior operation contract.0 
89880      DEBUG main            d.u.i.k.p.i.IntermediateProofReplayer Proof replay took 13.1ns 
89982      INFO  main            d.u.i.k.p.r.p.TestFile    ... finished proof: closed. 
90192      INFO  main            d.u.i.k.p.r.p.TestFile    Now processing file /home/runner/work/key/key/key.core/../key.ui/examples/InformationFlow/MiniExamples/mini.MiniExamples(mini.MiniExamples__insecure_p1_1()).JML normal_behavior operation contract.0.key 
90193      INFO  main            d.u.i.k.p.i.AbstractProblemLoader Loading environment from /home/runner/work/key/key/key.core/../key.ui/examples/InformationFlow/MiniExamples/mini.MiniExamples(mini.MiniExamples__insecure_p1_1()).JML normal_behavior operation contract.0.key 
90193      DEBUG main            d.u.i.k.p.i.AbstractProblemLoader Environment load took 61ns 
90193      INFO  main            d.u.i.k.p.i.AbstractProblemLoader Creating init config 
92711      DEBUG main            d.u.i.k.p.i.AbstractProblemLoader Init config took 2.52s 
92746      INFO  main            d.u.i.k.p.i.AbstractProblemLoader Replaying proof mini.MiniExamples[mini.MiniExamples::insecure_p1_1()].JML normal_behavior operation contract.0 
92748      DEBUG main            d.u.i.k.p.i.IntermediateProofReplayer Proof replay took 13.2ns 
92849      INFO  main            d.u.i.k.p.r.p.TestFile    ... finished proof: closed. 
458246     INFO  Test worker     d.u.i.k.p.r.RunAllProofsTestUnit Returning from test MiniExamples 
458247     INFO  Test worker     d.u.i.k.p.r.RunAllProofsTestUnit Running test NewObjects 
336        INFO  Timeout watchdog d.u.i.k.p.r.p.ForkedTestFileRunner Timeout watcher launched (1000 secs.) 
341        WARN  main            d.u.i.k.s.ProofSettings   The settings in /home/runner/.key/proof-settings.props are *not* read. 
363        INFO  main            d.u.i.k.p.r.p.TestFile    Now processing file /home/runner/work/key/key/key.core/../key.ui/examples/InformationFlow/NewObjects/object.AmtoftBanerjee3(object.AmtoftBanerjee3__m()).JML operation contract.0.key 
465        INFO  main            d.u.i.k.p.i.AbstractProblemLoader Loading environment from /home/runner/work/key/key/key.core/../key.ui/examples/InformationFlow/NewObjects/object.AmtoftBanerjee3(object.AmtoftBanerjee3__m()).JML operation contract.0.key 
493        DEBUG main            d.u.i.k.p.i.AbstractProblemLoader Environment load took 2.12ms 
709        INFO  main            d.u.i.k.p.i.AbstractProblemLoader Creating init config 
1664       DEBUG main            d.u.i.k.j.TypeConverter   No LDT found for Meta 
1665       DEBUG main            d.u.i.k.j.TypeConverter   No LDT found for Meta 
1667       DEBUG main            d.u.i.k.j.TypeConverter   No LDT found for Meta 
1668       DEBUG main            d.u.i.k.j.TypeConverter   No LDT found for Meta 
2950       DEBUG main            d.u.i.k.j.TypeConverter   No LDT found for JavaBigintExpression 
5638       DEBUG main            d.u.i.k.j.r.ClassPreparationMethodBuilder clPrepBuilder: Inner Class detected. Reject building class initialisation methods. 
8203       DEBUG main            d.u.i.k.p.i.AbstractProblemLoader Init config took 7.49s 
8381       INFO  main            d.u.i.k.p.i.AbstractProblemLoader Replaying proof object.AmtoftBanerjee3[object.AmtoftBanerjee3::m()].JML operation contract.0 
8467       DEBUG main            d.u.i.k.p.i.IntermediateProofReplayer Proof replay took 370ns 
9022       INFO  main            d.u.i.k.p.r.p.TestFile    ... finished proof: closed. 
9146       INFO  main            d.u.i.k.p.r.p.TestFile    Now processing file /home/runner/work/key/key/key.core/../key.ui/examples/InformationFlow/NewObjects/object.AmtoftBanerjee(object.AmtoftBanerjee__m_2()).JML normal_behavior operation contract.0.key 
9147       INFO  main            d.u.i.k.p.i.AbstractProblemLoader Loading environment from /home/runner/work/key/key/key.core/../key.ui/examples/InformationFlow/NewObjects/object.AmtoftBanerjee(object.AmtoftBanerjee__m_2()).JML normal_behavior operation contract.0.key 
9148       DEBUG main            d.u.i.k.p.i.AbstractProblemLoader Environment load took 795.31ns 
9151       INFO  main            d.u.i.k.p.i.AbstractProblemLoader Creating init config 
10186      DEBUG main            d.u.i.k.j.r.ClassPreparationMethodBuilder clPrepBuilder: Inner Class detected. Reject building class initialisation methods. 
12195      DEBUG main            d.u.i.k.p.i.AbstractProblemLoader Init config took 3.04s 
12266      INFO  main            d.u.i.k.p.i.AbstractProblemLoader Replaying proof object.AmtoftBanerjee[object.AmtoftBanerjee::m_2()].JML normal_behavior operation contract.0 
12270      DEBUG main            d.u.i.k.p.i.IntermediateProofReplayer Proof replay took 12.4ns 
12776      INFO  main            d.u.i.k.p.r.p.TestFile    ... finished proof: closed. 
12902      INFO  main            d.u.i.k.p.r.p.TestFile    Now processing file /home/runner/work/key/key/key.core/../key.ui/examples/InformationFlow/NewObjects/object.AmtoftBanerjee(object.AmtoftBanerjee__m_1()).JML normal_behavior operation contract.1.key 
12903      INFO  main            d.u.i.k.p.i.AbstractProblemLoader Loading environment from /home/runner/work/key/key/key.core/../key.ui/examples/InformationFlow/NewObjects/object.AmtoftBanerjee(object.AmtoftBanerjee__m_1()).JML normal_behavior operation contract.1.key 
12903      DEBUG main            d.u.i.k.p.i.AbstractProblemLoader Environment load took 640.01ns 
12905      INFO  main            d.u.i.k.p.i.AbstractProblemLoader Creating init config 
13810      DEBUG main            d.u.i.k.j.r.ClassPreparationMethodBuilder clPrepBuilder: Inner Class detected. Reject building class initialisation methods. 
15721      DEBUG main            d.u.i.k.p.i.AbstractProblemLoader Init config took 2.82s 
15781      INFO  main            d.u.i.k.p.i.AbstractProblemLoader Replaying proof object.AmtoftBanerjee[object.AmtoftBanerjee::m_1()].JML normal_behavior operation contract.1 
15785      DEBUG main            d.u.i.k.p.i.IntermediateProofReplayer Proof replay took 12.3ns 
15988      INFO  main            d.u.i.k.p.r.p.TestFile    ... finished proof: closed. 
16117      INFO  main            d.u.i.k.p.r.p.TestFile    Now processing file /home/runner/work/key/key/key.core/../key.ui/examples/InformationFlow/NewObjects/object.AmtoftBanerjee(object.AmtoftBanerjee__m_1()).JML normal_behavior operation contract.0.key 
16117      INFO  main            d.u.i.k.p.i.AbstractProblemLoader Loading environment from /home/runner/work/key/key/key.core/../key.ui/examples/InformationFlow/NewObjects/object.AmtoftBanerjee(object.AmtoftBanerjee__m_1()).JML normal_behavior operation contract.0.key 
16118      DEBUG main            d.u.i.k.p.i.AbstractProblemLoader Environment load took 69.5ns 
16119      INFO  main            d.u.i.k.p.i.AbstractProblemLoader Creating init config 
17010      DEBUG main            d.u.i.k.j.r.ClassPreparationMethodBuilder clPrepBuilder: Inner Class detected. Reject building class initialisation methods. 
18826      DEBUG main            d.u.i.k.p.i.AbstractProblemLoader Init config took 2.71s 
18891      INFO  main            d.u.i.k.p.i.AbstractProblemLoader Replaying proof object.AmtoftBanerjee[object.AmtoftBanerjee::m_1()].JML normal_behavior operation contract.0 
18894      DEBUG main            d.u.i.k.p.i.IntermediateProofReplayer Proof replay took 11.1ns 
19097      INFO  main            d.u.i.k.p.r.p.TestFile    ... finished proof: closed. 
19262      INFO  main            d.u.i.k.p.r.p.TestFile    Now processing file /home/runner/work/key/key/key.core/../key.ui/examples/InformationFlow/NewObjects/object.AmtoftBanerjee(object.AmtoftBanerjee__getQ()).JML normal_behavior operation contract.0.key 
19262      INFO  main            d.u.i.k.p.i.AbstractProblemLoader Loading environment from /home/runner/work/key/key/key.core/../key.ui/examples/InformationFlow/NewObjects/object.AmtoftBanerjee(object.AmtoftBanerjee__getQ()).JML normal_behavior operation contract.0.key 
19262      DEBUG main            d.u.i.k.p.i.AbstractProblemLoader Environment load took 82.2ns 
19263      INFO  main            d.u.i.k.p.i.AbstractProblemLoader Creating init config 
20128      DEBUG main            d.u.i.k.j.r.ClassPreparationMethodBuilder clPrepBuilder: Inner Class detected. Reject building class initialisation methods. 
21980      DEBUG main            d.u.i.k.p.i.AbstractProblemLoader Init config took 2.72s 
22031      INFO  main            d.u.i.k.p.i.AbstractProblemLoader Replaying proof object.AmtoftBanerjee[object.AmtoftBanerjee::getQ()].JML normal_behavior operation contract.0 
22034      DEBUG main            d.u.i.k.p.i.IntermediateProofReplayer Proof replay took 11.2ns 
22136      INFO  main            d.u.i.k.p.r.p.TestFile    ... finished proof: closed. 
22270      INFO  main            d.u.i.k.p.r.p.TestFile    Now processing file /home/runner/work/key/key/key.core/../key.ui/examples/InformationFlow/NewObjects/object.Naumann(object.Naumann__Pair_m(int,int)).JML operation contract.0.key 
22271      INFO  main            d.u.i.k.p.i.AbstractProblemLoader Loading environment from /home/runner/work/key/key/key.core/../key.ui/examples/InformationFlow/NewObjects/object.Naumann(object.Naumann__Pair_m(int,int)).JML operation contract.0.key 
22271      DEBUG main            d.u.i.k.p.i.AbstractProblemLoader Environment load took 73.5ns 
22274      INFO  main            d.u.i.k.p.i.AbstractProblemLoader Creating init config 
23137      DEBUG main            d.u.i.k.j.r.ClassPreparationMethodBuilder clPrepBuilder: Inner Class detected. Reject building class initialisation methods. 
24948      DEBUG main            d.u.i.k.p.i.AbstractProblemLoader Init config took 2.67s 
24996      INFO  main            d.u.i.k.p.i.AbstractProblemLoader Replaying proof object.Naumann[object.Naumann::Pair_m(int,int)].JML operation contract.0 
24999      DEBUG main            d.u.i.k.p.i.IntermediateProofReplayer Proof replay took 10.7ns 
26708      INFO  main            d.u.i.k.p.r.p.TestFile    ... finished proof: closed. 
26865      INFO  main            d.u.i.k.p.r.p.TestFile    Now processing file /home/runner/work/key/key/key.core/../key.ui/examples/InformationFlow/NewObjects/object.ObjectOrientation(object.ObjectOrientation__secure_while_i((Ljava.lang.Object)).JML operation contract.0.key 
26866      INFO  main            d.u.i.k.p.i.AbstractProblemLoader Loading environment from /home/runner/work/key/key/key.core/../key.ui/examples/InformationFlow/NewObjects/object.ObjectOrientation(object.ObjectOrientation__secure_while_i((Ljava.lang.Object)).JML operation contract.0.key 
26866      DEBUG main            d.u.i.k.p.i.AbstractProblemLoader Environment load took 70.4ns 
26867      INFO  main            d.u.i.k.p.i.AbstractProblemLoader Creating init config 
27741      DEBUG main            d.u.i.k.j.r.ClassPreparationMethodBuilder clPrepBuilder: Inner Class detected. Reject building class initialisation methods. 
29580      DEBUG main            d.u.i.k.p.i.AbstractProblemLoader Init config took 2.71s 
29626      INFO  main            d.u.i.k.p.i.AbstractProblemLoader Replaying proof object.ObjectOrientation[object.ObjectOrientation::secure_while_i([Ljava.lang.Object)].JML operation contract.0 
29629      DEBUG main            d.u.i.k.p.i.IntermediateProofReplayer Proof replay took 12.8ns 
30333      INFO  main            d.u.i.k.p.r.p.TestFile    ... finished proof: closed. 
30517      INFO  main            d.u.i.k.p.r.p.TestFile    Now processing file /home/runner/work/key/key/key.core/../key.ui/examples/InformationFlow/NewObjects/object.ObjectOrientation(object.ObjectOrientation__secure_method_call()).JML operation contract.0.key 
30517      INFO  main            d.u.i.k.p.i.AbstractProblemLoader Loading environment from /home/runner/work/key/key/key.core/../key.ui/examples/InformationFlow/NewObjects/object.ObjectOrientation(object.ObjectOrientation__secure_method_call()).JML operation contract.0.key 
30517      DEBUG main            d.u.i.k.p.i.AbstractProblemLoader Environment load took 67.3ns 
30519      INFO  main            d.u.i.k.p.i.AbstractProblemLoader Creating init config 
31339      DEBUG main            d.u.i.k.j.r.ClassPreparationMethodBuilder clPrepBuilder: Inner Class detected. Reject building class initialisation methods. 
33137      DEBUG main            d.u.i.k.p.i.AbstractProblemLoader Init config took 2.62s 
33195      INFO  main            d.u.i.k.p.i.AbstractProblemLoader Replaying proof object.ObjectOrientation[object.ObjectOrientation::secure_method_call()].JML operation contract.0 
33201      DEBUG main            d.u.i.k.p.i.IntermediateProofReplayer Proof replay took 12.6ns 
33407      INFO  main            d.u.i.k.p.r.p.TestFile    ... finished proof: closed. 
33597      INFO  main            d.u.i.k.p.r.p.TestFile    Now processing file /home/runner/work/key/key/key.core/../key.ui/examples/InformationFlow/NewObjects/object.ObjectOrientation(object.ObjectOrientation__if_two_object_creation_next()).JML operation contract.1.key 
33597      INFO  main            d.u.i.k.p.i.AbstractProblemLoader Loading environment from /home/runner/work/key/key/key.core/../key.ui/examples/InformationFlow/NewObjects/object.ObjectOrientation(object.ObjectOrientation__if_two_object_creation_next()).JML operation contract.1.key 
33598      DEBUG main            d.u.i.k.p.i.AbstractProblemLoader Environment load took 66.1ns 
33599      INFO  main            d.u.i.k.p.i.AbstractProblemLoader Creating init config 
34424      DEBUG main            d.u.i.k.j.r.ClassPreparationMethodBuilder clPrepBuilder: Inner Class detected. Reject building class initialisation methods. 
36263      DEBUG main            d.u.i.k.p.i.AbstractProblemLoader Init config took 2.66s 
36316      INFO  main            d.u.i.k.p.i.AbstractProblemLoader Replaying proof object.ObjectOrientation[object.ObjectOrientation::if_two_object_creation_next()].JML operation contract.1 
36319      DEBUG main            d.u.i.k.p.i.IntermediateProofReplayer Proof replay took 14.6ns 
37324      INFO  main            d.u.i.k.p.r.p.TestFile    ... finished proof: closed. 
37494      INFO  main            d.u.i.k.p.r.p.TestFile    Now processing file /home/runner/work/key/key/key.core/../key.ui/examples/InformationFlow/NewObjects/object.ObjectOrientation(object.ObjectOrientation__if_two_object_creation_next()).JML operation contract.0.key 
37495      INFO  main            d.u.i.k.p.i.AbstractProblemLoader Loading environment from /home/runner/work/key/key/key.core/../key.ui/examples/InformationFlow/NewObjects/object.ObjectOrientation(object.ObjectOrientation__if_two_object_creation_next()).JML operation contract.0.key 
37495      DEBUG main            d.u.i.k.p.i.AbstractProblemLoader Environment load took 115.4ns 
37496      INFO  main            d.u.i.k.p.i.AbstractProblemLoader Creating init config 
38346      DEBUG main            d.u.i.k.j.r.ClassPreparationMethodBuilder clPrepBuilder: Inner Class detected. Reject building class initialisation methods. 
40087      DEBUG main            d.u.i.k.p.i.AbstractProblemLoader Init config took 2.59s 
40142      INFO  main            d.u.i.k.p.i.AbstractProblemLoader Replaying proof object.ObjectOrientation[object.ObjectOrientation::if_two_object_creation_next()].JML operation contract.0 
40145      DEBUG main            d.u.i.k.p.i.IntermediateProofReplayer Proof replay took 12.7ns 
41053      INFO  main            d.u.i.k.p.r.p.TestFile    ... finished proof: closed. 
41241      INFO  main            d.u.i.k.p.r.p.TestFile    Now processing file /home/runner/work/key/key/key.core/../key.ui/examples/InformationFlow/NewObjects/object.ObjectOrientation(object.ObjectOrientation__secure_if_two_object_creation()).JML operation contract.0.key 
41242      INFO  main            d.u.i.k.p.i.AbstractProblemLoader Loading environment from /home/runner/work/key/key/key.core/../key.ui/examples/InformationFlow/NewObjects/object.ObjectOrientation(object.ObjectOrientation__secure_if_two_object_creation()).JML operation contract.0.key 
41242      DEBUG main            d.u.i.k.p.i.AbstractProblemLoader Environment load took 71.3ns 
41243      INFO  main            d.u.i.k.p.i.AbstractProblemLoader Creating init config 
42080      DEBUG main            d.u.i.k.j.r.ClassPreparationMethodBuilder clPrepBuilder: Inner Class detected. Reject building class initialisation methods. 
43850      DEBUG main            d.u.i.k.p.i.AbstractProblemLoader Init config took 2.61s 
43903      INFO  main            d.u.i.k.p.i.AbstractProblemLoader Replaying proof object.ObjectOrientation[object.ObjectOrientation::secure_if_two_object_creation()].JML operation contract.0 
43907      DEBUG main            d.u.i.k.p.i.IntermediateProofReplayer Proof replay took 12.2ns 
44714      INFO  main            d.u.i.k.p.r.p.TestFile    ... finished proof: closed. 
44937      INFO  main            d.u.i.k.p.r.p.TestFile    Now processing file /home/runner/work/key/key/key.core/../key.ui/examples/InformationFlow/NewObjects/object.ObjectOrientation(object.ObjectOrientation__insecure_two_object_creation()).JML operation contract.0.key 
44937      INFO  main            d.u.i.k.p.i.AbstractProblemLoader Loading environment from /home/runner/work/key/key/key.core/../key.ui/examples/InformationFlow/NewObjects/object.ObjectOrientation(object.ObjectOrientation__insecure_two_object_creation()).JML operation contract.0.key 
44937      DEBUG main            d.u.i.k.p.i.AbstractProblemLoader Environment load took 66.5ns 
44938      INFO  main            d.u.i.k.p.i.AbstractProblemLoader Creating init config 
45749      DEBUG main            d.u.i.k.j.r.ClassPreparationMethodBuilder clPrepBuilder: Inner Class detected. Reject building class initialisation methods. 
47523      DEBUG main            d.u.i.k.p.i.AbstractProblemLoader Init config took 2.58s 
47575      INFO  main            d.u.i.k.p.i.AbstractProblemLoader Replaying proof object.ObjectOrientation[object.ObjectOrientation::insecure_two_object_creation()].JML operation contract.0 
47577      DEBUG main            d.u.i.k.p.i.IntermediateProofReplayer Proof replay took 13.5ns 
48183      INFO  main            d.u.i.k.p.r.p.TestFile    ... finished proof: closed. 
48418      INFO  main            d.u.i.k.p.r.p.TestFile    Now processing file /home/runner/work/key/key/key.core/../key.ui/examples/InformationFlow/NewObjects/object.ObjectOrientation(object.ObjectOrientation__secure_two_object_creation()).JML normal_behavior operation contract.0.key 
48419      INFO  main            d.u.i.k.p.i.AbstractProblemLoader Loading environment from /home/runner/work/key/key/key.core/../key.ui/examples/InformationFlow/NewObjects/object.ObjectOrientation(object.ObjectOrientation__secure_two_object_creation()).JML normal_behavior operation contract.0.key 
48419      DEBUG main            d.u.i.k.p.i.AbstractProblemLoader Environment load took 64.3ns 
48420      INFO  main            d.u.i.k.p.i.AbstractProblemLoader Creating init config 
49245      DEBUG main            d.u.i.k.j.r.ClassPreparationMethodBuilder clPrepBuilder: Inner Class detected. Reject building class initialisation methods. 
50985      DEBUG main            d.u.i.k.p.i.AbstractProblemLoader Init config took 2.57s 
51026      INFO  main            d.u.i.k.p.i.AbstractProblemLoader Replaying proof object.ObjectOrientation[object.ObjectOrientation::secure_two_object_creation()].JML normal_behavior operation contract.0 
51028      DEBUG main            d.u.i.k.p.i.IntermediateProofReplayer Proof replay took 13.4ns 
51435      INFO  main            d.u.i.k.p.r.p.TestFile    ... finished proof: closed. 
51604      INFO  main            d.u.i.k.p.r.p.TestFile    Now processing file /home/runner/work/key/key/key.core/../key.ui/examples/InformationFlow/NewObjects/object.ObjectOrientation(object.ObjectOrientation__insecure_object_assignment()).JML operation contract.1.key 
51605      INFO  main            d.u.i.k.p.i.AbstractProblemLoader Loading environment from /home/runner/work/key/key/key.core/../key.ui/examples/InformationFlow/NewObjects/object.ObjectOrientation(object.ObjectOrientation__insecure_object_assignment()).JML operation contract.1.key 
51605      DEBUG main            d.u.i.k.p.i.AbstractProblemLoader Environment load took 72.2ns 
51606      INFO  main            d.u.i.k.p.i.AbstractProblemLoader Creating init config 
52422      DEBUG main            d.u.i.k.j.r.ClassPreparationMethodBuilder clPrepBuilder: Inner Class detected. Reject building class initialisation methods. 
54147      DEBUG main            d.u.i.k.p.i.AbstractProblemLoader Init config took 2.54s 
54199      INFO  main            d.u.i.k.p.i.AbstractProblemLoader Replaying proof object.ObjectOrientation[object.ObjectOrientation::insecure_object_assignment()].JML operation contract.1 
54201      DEBUG main            d.u.i.k.p.i.IntermediateProofReplayer Proof replay took 12.9ns 
54306      INFO  main            d.u.i.k.p.r.p.TestFile    ... finished proof: closed. 
54463      INFO  main            d.u.i.k.p.r.p.TestFile    Now processing file /home/runner/work/key/key/key.core/../key.ui/examples/InformationFlow/NewObjects/object.ObjectOrientation(object.ObjectOrientation__insecure_object_assignment()).JML operation contract.0.key 
54464      INFO  main            d.u.i.k.p.i.AbstractProblemLoader Loading environment from /home/runner/work/key/key/key.core/../key.ui/examples/InformationFlow/NewObjects/object.ObjectOrientation(object.ObjectOrientation__insecure_object_assignment()).JML operation contract.0.key 
54464      DEBUG main            d.u.i.k.p.i.AbstractProblemLoader Environment load took 65.7ns 
54465      INFO  main            d.u.i.k.p.i.AbstractProblemLoader Creating init config 
55271      DEBUG main            d.u.i.k.j.r.ClassPreparationMethodBuilder clPrepBuilder: Inner Class detected. Reject building class initialisation methods. 
57039      DEBUG main            d.u.i.k.p.i.AbstractProblemLoader Init config took 2.57s 
57078      INFO  main            d.u.i.k.p.i.AbstractProblemLoader Replaying proof object.ObjectOrientation[object.ObjectOrientation::insecure_object_assignment()].JML operation contract.0 
57080      DEBUG main            d.u.i.k.p.i.IntermediateProofReplayer Proof replay took 15ns 
57182      INFO  main            d.u.i.k.p.r.p.TestFile    ... finished proof: closed. 
57375      INFO  main            d.u.i.k.p.r.p.TestFile    Now processing file /home/runner/work/key/key/key.core/../key.ui/examples/InformationFlow/NewObjects/object.ObjectOrientation(object.ObjectOrientation__secure_object_creation_3()).JML operation contract.0.key 
57375      INFO  main            d.u.i.k.p.i.AbstractProblemLoader Loading environment from /home/runner/work/key/key/key.core/../key.ui/examples/InformationFlow/NewObjects/object.ObjectOrientation(object.ObjectOrientation__secure_object_creation_3()).JML operation contract.0.key 
57375      DEBUG main            d.u.i.k.p.i.AbstractProblemLoader Environment load took 66.5ns 
57377      INFO  main            d.u.i.k.p.i.AbstractProblemLoader Creating init config 
58171      DEBUG main            d.u.i.k.j.r.ClassPreparationMethodBuilder clPrepBuilder: Inner Class detected. Reject building class initialisation methods. 
59931      DEBUG main            d.u.i.k.p.i.AbstractProblemLoader Init config took 2.55s 
59971      INFO  main            d.u.i.k.p.i.AbstractProblemLoader Replaying proof object.ObjectOrientation[object.ObjectOrientation::secure_object_creation_3()].JML operation contract.0 
59973      DEBUG main            d.u.i.k.p.i.IntermediateProofReplayer Proof replay took 13.5ns 
60176      INFO  main            d.u.i.k.p.r.p.TestFile    ... finished proof: closed. 
60347      INFO  main            d.u.i.k.p.r.p.TestFile    Now processing file /home/runner/work/key/key/key.core/../key.ui/examples/InformationFlow/NewObjects/object.ObjectOrientation(object.ObjectOrientation__secure_object_creation_2()).JML operation contract.0.key 
60348      INFO  main            d.u.i.k.p.i.AbstractProblemLoader Loading environment from /home/runner/work/key/key/key.core/../key.ui/examples/InformationFlow/NewObjects/object.ObjectOrientation(object.ObjectOrientation__secure_object_creation_2()).JML operation contract.0.key 
60348      DEBUG main            d.u.i.k.p.i.AbstractProblemLoader Environment load took 65.9ns 
60349      INFO  main            d.u.i.k.p.i.AbstractProblemLoader Creating init config 
61166      DEBUG main            d.u.i.k.j.r.ClassPreparationMethodBuilder clPrepBuilder: Inner Class detected. Reject building class initialisation methods. 
62925      DEBUG main            d.u.i.k.p.i.AbstractProblemLoader Init config took 2.58s 
62966      INFO  main            d.u.i.k.p.i.AbstractProblemLoader Replaying proof object.ObjectOrientation[object.ObjectOrientation::secure_object_creation_2()].JML operation contract.0 
62968      DEBUG main            d.u.i.k.p.i.IntermediateProofReplayer Proof replay took 13.8ns 
63170      INFO  main            d.u.i.k.p.r.p.TestFile    ... finished proof: closed. 
63346      INFO  main            d.u.i.k.p.r.p.TestFile    Now processing file /home/runner/work/key/key/key.core/../key.ui/examples/InformationFlow/NewObjects/object.ObjectOrientation(object.ObjectOrientation__secure_object_creation()).JML operation contract.0.key 
63347      INFO  main            d.u.i.k.p.i.AbstractProblemLoader Loading environment from /home/runner/work/key/key/key.core/../key.ui/examples/InformationFlow/NewObjects/object.ObjectOrientation(object.ObjectOrientation__secure_object_creation()).JML operation contract.0.key 
63347      DEBUG main            d.u.i.k.p.i.AbstractProblemLoader Environment load took 71.1ns 
63348      INFO  main            d.u.i.k.p.i.AbstractProblemLoader Creating init config 
64143      DEBUG main            d.u.i.k.j.r.ClassPreparationMethodBuilder clPrepBuilder: Inner Class detected. Reject building class initialisation methods. 
65902      DEBUG main            d.u.i.k.p.i.AbstractProblemLoader Init config took 2.55s 
65942      INFO  main            d.u.i.k.p.i.AbstractProblemLoader Replaying proof object.ObjectOrientation[object.ObjectOrientation::secure_object_creation()].JML operation contract.0 
65947      DEBUG main            d.u.i.k.p.i.IntermediateProofReplayer Proof replay took 12.5ns 
66149      INFO  main            d.u.i.k.p.r.p.TestFile    ... finished proof: closed. 
66324      INFO  main            d.u.i.k.p.r.p.TestFile    Now processing file /home/runner/work/key/key/key.core/../key.ui/examples/InformationFlow/NewObjects/object.AmtoftBanerjee2(object.AmtoftBanerjee2__expensive(int)).JML accessible clause.0.key 
66325      INFO  main            d.u.i.k.p.i.AbstractProblemLoader Loading environment from /home/runner/work/key/key/key.core/../key.ui/examples/InformationFlow/NewObjects/object.AmtoftBanerjee2(object.AmtoftBanerjee2__expensive(int)).JML accessible clause.0.key 
66325      DEBUG main            d.u.i.k.p.i.AbstractProblemLoader Environment load took 70.4ns 
66326      INFO  main            d.u.i.k.p.i.AbstractProblemLoader Creating init config 
67119      DEBUG main            d.u.i.k.j.r.ClassPreparationMethodBuilder clPrepBuilder: Inner Class detected. Reject building class initialisation methods. 
68897      DEBUG main            d.u.i.k.p.i.AbstractProblemLoader Init config took 2.57s 
68938      INFO  main            d.u.i.k.p.i.AbstractProblemLoader Replaying proof object.AmtoftBanerjee2[object.AmtoftBanerjee2::expensive(int)].JML accessible clause.0 
68941      DEBUG main            d.u.i.k.p.i.IntermediateProofReplayer Proof replay took 13.6ns 
69046      INFO  main            d.u.i.k.p.r.p.TestFile    ... finished proof: closed. 
69219      INFO  main            d.u.i.k.p.r.p.TestFile    Now processing file /home/runner/work/key/key/key.core/../key.ui/examples/InformationFlow/NewObjects/object.AmtoftBanerjee2(object.AmtoftBanerjee2__expensive(int)).JML normal_behavior operation contract.0.key 
69219      INFO  main            d.u.i.k.p.i.AbstractProblemLoader Loading environment from /home/runner/work/key/key/key.core/../key.ui/examples/InformationFlow/NewObjects/object.AmtoftBanerjee2(object.AmtoftBanerjee2__expensive(int)).JML normal_behavior operation contract.0.key 
69219      DEBUG main            d.u.i.k.p.i.AbstractProblemLoader Environment load took 62.3ns 
69220      INFO  main            d.u.i.k.p.i.AbstractProblemLoader Creating init config 
70043      DEBUG main            d.u.i.k.j.r.ClassPreparationMethodBuilder clPrepBuilder: Inner Class detected. Reject building class initialisation methods. 
71773      DEBUG main            d.u.i.k.p.i.AbstractProblemLoader Init config took 2.55s 
71813      INFO  main            d.u.i.k.p.i.AbstractProblemLoader Replaying proof object.AmtoftBanerjee2[object.AmtoftBanerjee2::expensive(int)].JML normal_behavior operation contract.0 
71815      DEBUG main            d.u.i.k.p.i.IntermediateProofReplayer Proof replay took 13.7ns 
71917      INFO  main            d.u.i.k.p.r.p.TestFile    ... finished proof: closed. 
72096      INFO  main            d.u.i.k.p.r.p.TestFile    Now processing file /home/runner/work/key/key/key.core/../key.ui/examples/InformationFlow/NewObjects/object.AmtoftBanerjee2(object.AmtoftBanerjee2__cexp(int)).JML normal_behavior operation contract.0.key 
72096      INFO  main            d.u.i.k.p.i.AbstractProblemLoader Loading environment from /home/runner/work/key/key/key.core/../key.ui/examples/InformationFlow/NewObjects/object.AmtoftBanerjee2(object.AmtoftBanerjee2__cexp(int)).JML normal_behavior operation contract.0.key 
72096      DEBUG main            d.u.i.k.p.i.AbstractProblemLoader Environment load took 66.9ns 
72097      INFO  main            d.u.i.k.p.i.AbstractProblemLoader Creating init config 
72894      DEBUG main            d.u.i.k.j.r.ClassPreparationMethodBuilder clPrepBuilder: Inner Class detected. Reject building class initialisation methods. 
74659      DEBUG main            d.u.i.k.p.i.AbstractProblemLoader Init config took 2.56s 
74698      INFO  main            d.u.i.k.p.i.AbstractProblemLoader Replaying proof object.AmtoftBanerjee2[object.AmtoftBanerjee2::cexp(int)].JML normal_behavior operation contract.0 
74701      DEBUG main            d.u.i.k.p.i.IntermediateProofReplayer Proof replay took 14ns 
75006      INFO  main            d.u.i.k.p.r.p.TestFile    ... finished proof: closed. 
75201      INFO  main            d.u.i.k.p.r.p.TestFile    Now processing file /home/runner/work/key/key/key.core/../key.ui/examples/InformationFlow/PasswordFile/passwordfile.SecurePasswordFile(passwordfile.SecurePasswordFile___userIndex()).JML accessible clause.0.key 
75202      INFO  main            d.u.i.k.p.i.AbstractProblemLoader Loading environment from /home/runner/work/key/key/key.core/../key.ui/examples/InformationFlow/PasswordFile/passwordfile.SecurePasswordFile(passwordfile.SecurePasswordFile___userIndex()).JML accessible clause.0.key 
75202      DEBUG main            d.u.i.k.p.i.AbstractProblemLoader Environment load took 93.8ns 
75203      INFO  main            d.u.i.k.p.i.AbstractProblemLoader Creating init config 
77581      DEBUG main            d.u.i.k.p.i.AbstractProblemLoader Init config took 2.38s 
77620      INFO  main            d.u.i.k.p.i.AbstractProblemLoader Replaying proof passwordfile.SecurePasswordFile[passwordfile.SecurePasswordFile::$userIndex()].JML accessible clause.0 
77624      DEBUG main            d.u.i.k.p.i.IntermediateProofReplayer Proof replay took 13.8ns 
77727      INFO  main            d.u.i.k.p.r.p.TestFile    ... finished proof: open goal(s) 
536367     INFO  Test worker     d.u.i.k.p.r.RunAllProofsTestUnit Returning from test NewObjects 
536368     INFO  Test worker     d.u.i.k.p.r.RunAllProofsTestUnit Running test SimpleEvoting 
358        INFO  Timeout watchdog d.u.i.k.p.r.p.ForkedTestFileRunner Timeout watcher launched (1000 secs.) 
381        WARN  main            d.u.i.k.s.ProofSettings   The settings in /home/runner/.key/proof-settings.props are *not* read. 
408        INFO  main            d.u.i.k.p.r.p.TestFile    Now processing file /home/runner/work/key/key/key.core/../key.ui/examples/InformationFlow/SimpleEvoting/simple_evoting.Environment(simple_evoting.Environment__untrustedOutputMessage((B)).JML normal_behavior operation contract.0.key 
514        INFO  main            d.u.i.k.p.i.AbstractProblemLoader Loading environment from /home/runner/work/key/key/key.core/../key.ui/examples/InformationFlow/SimpleEvoting/simple_evoting.Environment(simple_evoting.Environment__untrustedOutputMessage((B)).JML normal_behavior operation contract.0.key 
537        DEBUG main            d.u.i.k.p.i.AbstractProblemLoader Environment load took 1.99ms 
750        INFO  main            d.u.i.k.p.i.AbstractProblemLoader Creating init config 
1775       DEBUG main            d.u.i.k.j.TypeConverter   No LDT found for Meta 
1776       DEBUG main            d.u.i.k.j.TypeConverter   No LDT found for Meta 
1780       DEBUG main            d.u.i.k.j.TypeConverter   No LDT found for Meta 
1780       DEBUG main            d.u.i.k.j.TypeConverter   No LDT found for Meta 
3058       DEBUG main            d.u.i.k.j.TypeConverter   No LDT found for JavaBigintExpression 
8857       DEBUG main            d.u.i.k.p.i.AbstractProblemLoader Init config took 8.11s 
9053       INFO  main            d.u.i.k.p.i.AbstractProblemLoader Replaying proof simple_evoting.Environment[simple_evoting.Environment::untrustedOutputMessage([B)].JML normal_behavior operation contract.0 
9127       DEBUG main            d.u.i.k.p.i.IntermediateProofReplayer Proof replay took 365.2ns 
10563      INFO  main            d.u.i.k.p.r.p.TestFile    ... finished proof: closed. 
10750      INFO  main            d.u.i.k.p.r.p.TestFile    Now processing file /home/runner/work/key/key/key.core/../key.ui/examples/InformationFlow/SimpleEvoting/simple_evoting.Environment(simple_evoting.Environment__untrustedInputMessage((B)).JML normal_behavior operation contract.0.key 
10750      INFO  main            d.u.i.k.p.i.AbstractProblemLoader Loading environment from /home/runner/work/key/key/key.core/../key.ui/examples/InformationFlow/SimpleEvoting/simple_evoting.Environment(simple_evoting.Environment__untrustedInputMessage((B)).JML normal_behavior operation contract.0.key 
10750      DEBUG main            d.u.i.k.p.i.AbstractProblemLoader Environment load took 102ns 
10752      INFO  main            d.u.i.k.p.i.AbstractProblemLoader Creating init config 
14108      DEBUG main            d.u.i.k.p.i.AbstractProblemLoader Init config took 3.36s 
14184      INFO  main            d.u.i.k.p.i.AbstractProblemLoader Replaying proof simple_evoting.Environment[simple_evoting.Environment::untrustedInputMessage([B)].JML normal_behavior operation contract.0 
14188      DEBUG main            d.u.i.k.p.i.IntermediateProofReplayer Proof replay took 11.3ns 
14793      INFO  main            d.u.i.k.p.r.p.TestFile    ... finished proof: closed. 
14936      INFO  main            d.u.i.k.p.r.p.TestFile    Now processing file /home/runner/work/key/key/key.core/../key.ui/examples/InformationFlow/SimpleEvoting/simple_evoting.Environment(simple_evoting.Environment__untrustedInputMessage()).JML normal_behavior operation contract.0.key 
14937      INFO  main            d.u.i.k.p.i.AbstractProblemLoader Loading environment from /home/runner/work/key/key/key.core/../key.ui/examples/InformationFlow/SimpleEvoting/simple_evoting.Environment(simple_evoting.Environment__untrustedInputMessage()).JML normal_behavior operation contract.0.key 
14937      DEBUG main            d.u.i.k.p.i.AbstractProblemLoader Environment load took 74.9ns 
14943      INFO  main            d.u.i.k.p.i.AbstractProblemLoader Creating init config 
18162      DEBUG main            d.u.i.k.p.i.AbstractProblemLoader Init config took 3.22s 
18231      INFO  main            d.u.i.k.p.i.AbstractProblemLoader Replaying proof simple_evoting.Environment[simple_evoting.Environment::untrustedInputMessage()].JML normal_behavior operation contract.0 
18235      DEBUG main            d.u.i.k.p.i.IntermediateProofReplayer Proof replay took 10.8ns 
19544      INFO  main            d.u.i.k.p.r.p.TestFile    ... finished proof: closed. 
19716      INFO  main            d.u.i.k.p.r.p.TestFile    Now processing file /home/runner/work/key/key/key.core/../key.ui/examples/InformationFlow/SimpleEvoting/simple_evoting.Environment(simple_evoting.Environment__untrustedOutput(int)).JML normal_behavior operation contract.0.key 
19716      INFO  main            d.u.i.k.p.i.AbstractProblemLoader Loading environment from /home/runner/work/key/key/key.core/../key.ui/examples/InformationFlow/SimpleEvoting/simple_evoting.Environment(simple_evoting.Environment__untrustedOutput(int)).JML normal_behavior operation contract.0.key 
19716      DEBUG main            d.u.i.k.p.i.AbstractProblemLoader Environment load took 76.7ns 
19718      INFO  main            d.u.i.k.p.i.AbstractProblemLoader Creating init config 
22910      DEBUG main            d.u.i.k.p.i.AbstractProblemLoader Init config took 3.19s 
22981      INFO  main            d.u.i.k.p.i.AbstractProblemLoader Replaying proof simple_evoting.Environment[simple_evoting.Environment::untrustedOutput(int)].JML normal_behavior operation contract.0 
22987      DEBUG main            d.u.i.k.p.i.IntermediateProofReplayer Proof replay took 11.4ns 
23089      INFO  main            d.u.i.k.p.r.p.TestFile    ... finished proof: closed. 
23248      INFO  main            d.u.i.k.p.r.p.TestFile    Now processing file /home/runner/work/key/key/key.core/../key.ui/examples/InformationFlow/SimpleEvoting/simple_evoting.Environment(simple_evoting.Environment__untrustedInput(int)).JML normal_behavior operation contract.0.key 
23248      INFO  main            d.u.i.k.p.i.AbstractProblemLoader Loading environment from /home/runner/work/key/key/key.core/../key.ui/examples/InformationFlow/SimpleEvoting/simple_evoting.Environment(simple_evoting.Environment__untrustedInput(int)).JML normal_behavior operation contract.0.key 
23248      DEBUG main            d.u.i.k.p.i.AbstractProblemLoader Environment load took 72ns 
23252      INFO  main            d.u.i.k.p.i.AbstractProblemLoader Creating init config 
26366      DEBUG main            d.u.i.k.p.i.AbstractProblemLoader Init config took 3.11s 
26451      INFO  main            d.u.i.k.p.i.AbstractProblemLoader Replaying proof simple_evoting.Environment[simple_evoting.Environment::untrustedInput(int)].JML normal_behavior operation contract.0 
26454      DEBUG main            d.u.i.k.p.i.IntermediateProofReplayer Proof replay took 12.5ns 
26565      INFO  main            d.u.i.k.p.r.p.TestFile    ... finished proof: open goal(s) 
26733      INFO  main            d.u.i.k.p.r.p.TestFile    Now processing file /home/runner/work/key/key/key.core/../key.ui/examples/InformationFlow/SimpleEvoting/simple_evoting.Environment(simple_evoting.Environment__untrustedInput()).JML normal_behavior operation contract.0.key 
26733      INFO  main            d.u.i.k.p.i.AbstractProblemLoader Loading environment from /home/runner/work/key/key/key.core/../key.ui/examples/InformationFlow/SimpleEvoting/simple_evoting.Environment(simple_evoting.Environment__untrustedInput()).JML normal_behavior operation contract.0.key 
26733      DEBUG main            d.u.i.k.p.i.AbstractProblemLoader Environment load took 71.3ns 
26735      INFO  main            d.u.i.k.p.i.AbstractProblemLoader Creating init config 
29864      DEBUG main            d.u.i.k.p.i.AbstractProblemLoader Init config took 3.13s 
29923      INFO  main            d.u.i.k.p.i.AbstractProblemLoader Replaying proof simple_evoting.Environment[simple_evoting.Environment::untrustedInput()].JML normal_behavior operation contract.0 
29930      DEBUG main            d.u.i.k.p.i.IntermediateProofReplayer Proof replay took 12ns 
30032      INFO  main            d.u.i.k.p.r.p.TestFile    ... finished proof: open goal(s) 
30176      INFO  main            d.u.i.k.p.r.p.TestFile    Now processing file /home/runner/work/key/key/key.core/../key.ui/examples/InformationFlow/SimpleEvoting/simple_evoting.Environment(simple_evoting.Environment___rep()).JML accessible clause.0.key 
30176      INFO  main            d.u.i.k.p.i.AbstractProblemLoader Loading environment from /home/runner/work/key/key/key.core/../key.ui/examples/InformationFlow/SimpleEvoting/simple_evoting.Environment(simple_evoting.Environment___rep()).JML accessible clause.0.key 
30176      DEBUG main            d.u.i.k.p.i.AbstractProblemLoader Environment load took 74.7ns 
30179      INFO  main            d.u.i.k.p.i.AbstractProblemLoader Creating init config 
33252      DEBUG main            d.u.i.k.p.i.AbstractProblemLoader Init config took 3.07s 
33327      INFO  main            d.u.i.k.p.i.AbstractProblemLoader Replaying proof simple_evoting.Environment[simple_evoting.Environment::$rep()].JML accessible clause.0 
33330      DEBUG main            d.u.i.k.p.i.IntermediateProofReplayer Proof replay took 13.3ns 
33432      INFO  main            d.u.i.k.p.r.p.TestFile    ... finished proof: closed. 
33575      INFO  main            d.u.i.k.p.r.p.TestFile    Now processing file /home/runner/work/key/key/key.core/../key.ui/examples/InformationFlow/SimpleEvoting/simple_evoting.SMT(simple_evoting.SMT__send(simple_evoting.Message,int,simple_evoting.Server)).JML normal_behavior operation contract.1.key 
33575      INFO  main            d.u.i.k.p.i.AbstractProblemLoader Loading environment from /home/runner/work/key/key/key.core/../key.ui/examples/InformationFlow/SimpleEvoting/simple_evoting.SMT(simple_evoting.SMT__send(simple_evoting.Message,int,simple_evoting.Server)).JML normal_behavior operation contract.1.key 
33575      DEBUG main            d.u.i.k.p.i.AbstractProblemLoader Environment load took 66.2ns 
33576      INFO  main            d.u.i.k.p.i.AbstractProblemLoader Creating init config 
36627      DEBUG main            d.u.i.k.p.i.AbstractProblemLoader Init config took 3.05s 
36683      INFO  main            d.u.i.k.p.i.AbstractProblemLoader Replaying proof simple_evoting.SMT[simple_evoting.SMT::send(simple_evoting.Message,int,simple_evoting.Server)].JML normal_behavior operation contract.1 
36686      DEBUG main            d.u.i.k.p.i.IntermediateProofReplayer Proof replay took 12.5ns 
45834      INFO  main            d.u.i.k.p.r.p.TestFile    ... finished proof: closed. 
46047      INFO  main            d.u.i.k.p.r.p.TestFile    Now processing file /home/runner/work/key/key/key.core/../key.ui/examples/InformationFlow/SimpleEvoting/simple_evoting.SMT(simple_evoting.SMT__send(simple_evoting.Message,int,simple_evoting.Server)).JML normal_behavior operation contract.0.key 
46047      INFO  main            d.u.i.k.p.i.AbstractProblemLoader Loading environment from /home/runner/work/key/key/key.core/../key.ui/examples/InformationFlow/SimpleEvoting/simple_evoting.SMT(simple_evoting.SMT__send(simple_evoting.Message,int,simple_evoting.Server)).JML normal_behavior operation contract.0.key 
46047      DEBUG main            d.u.i.k.p.i.AbstractProblemLoader Environment load took 86.2ns 
46048      INFO  main            d.u.i.k.p.i.AbstractProblemLoader Creating init config 
49071      DEBUG main            d.u.i.k.p.i.AbstractProblemLoader Init config took 3.02s 
49135      INFO  main            d.u.i.k.p.i.AbstractProblemLoader Replaying proof simple_evoting.SMT[simple_evoting.SMT::send(simple_evoting.Message,int,simple_evoting.Server)].JML normal_behavior operation contract.0 
49138      DEBUG main            d.u.i.k.p.i.IntermediateProofReplayer Proof replay took 12.9ns 
57500      INFO  main            d.u.i.k.p.r.p.TestFile    ... finished proof: closed. 
57715      INFO  main            d.u.i.k.p.r.p.TestFile    Now processing file /home/runner/work/key/key/key.core/../key.ui/examples/InformationFlow/SimpleEvoting/simple_evoting.Message(java.lang.Object___inv_()).JML accessible clause.0.key 
57715      INFO  main            d.u.i.k.p.i.AbstractProblemLoader Loading environment from /home/runner/work/key/key/key.core/../key.ui/examples/InformationFlow/SimpleEvoting/simple_evoting.Message(java.lang.Object___inv_()).JML accessible clause.0.key 
57716      DEBUG main            d.u.i.k.p.i.AbstractProblemLoader Environment load took 483.21ns 
57716      INFO  main            d.u.i.k.p.i.AbstractProblemLoader Creating init config 
60794      DEBUG main            d.u.i.k.p.i.AbstractProblemLoader Init config took 3.08s 
60846      INFO  main            d.u.i.k.p.i.AbstractProblemLoader Replaying proof simple_evoting.Message[java.lang.Object::<inv>()].JML accessible clause.0 
60849      DEBUG main            d.u.i.k.p.i.IntermediateProofReplayer Proof replay took 13.4ns 
61051      INFO  main            d.u.i.k.p.r.p.TestFile    ... finished proof: closed. 
61209      INFO  main            d.u.i.k.p.r.p.TestFile    Now processing file /home/runner/work/key/key/key.core/../key.ui/examples/InformationFlow/SimpleEvoting/simple_evoting.Server(simple_evoting.Server__resultReady()).JML accessible clause.0.key 
61210      INFO  main            d.u.i.k.p.i.AbstractProblemLoader Loading environment from /home/runner/work/key/key/key.core/../key.ui/examples/InformationFlow/SimpleEvoting/simple_evoting.Server(simple_evoting.Server__resultReady()).JML accessible clause.0.key 
61210      DEBUG main            d.u.i.k.p.i.AbstractProblemLoader Environment load took 110.3ns 
61211      INFO  main            d.u.i.k.p.i.AbstractProblemLoader Creating init config 
64237      DEBUG main            d.u.i.k.p.i.AbstractProblemLoader Init config took 3.03s 
64302      INFO  main            d.u.i.k.p.i.AbstractProblemLoader Replaying proof simple_evoting.Server[simple_evoting.Server::resultReady()].JML accessible clause.0 
64306      DEBUG main            d.u.i.k.p.i.IntermediateProofReplayer Proof replay took 13.1ns 
65812      INFO  main            d.u.i.k.p.r.p.TestFile    ... finished proof: closed. 
65999      INFO  main            d.u.i.k.p.r.p.TestFile    Now processing file /home/runner/work/key/key/key.core/../key.ui/examples/InformationFlow/SimpleEvoting/simple_evoting.Server(simple_evoting.Server__resultReady()).JML normal_behavior operation contract.0.key 
65999      INFO  main            d.u.i.k.p.i.AbstractProblemLoader Loading environment from /home/runner/work/key/key/key.core/../key.ui/examples/InformationFlow/SimpleEvoting/simple_evoting.Server(simple_evoting.Server__resultReady()).JML normal_behavior operation contract.0.key 
66000      DEBUG main            d.u.i.k.p.i.AbstractProblemLoader Environment load took 69.4ns 
66000      INFO  main            d.u.i.k.p.i.AbstractProblemLoader Creating init config 
69023      DEBUG main            d.u.i.k.p.i.AbstractProblemLoader Init config took 3.02s 
69087      INFO  main            d.u.i.k.p.i.AbstractProblemLoader Replaying proof simple_evoting.Server[simple_evoting.Server::resultReady()].JML normal_behavior operation contract.0 
69090      DEBUG main            d.u.i.k.p.i.IntermediateProofReplayer Proof replay took 14.5ns 
69797      INFO  main            d.u.i.k.p.r.p.TestFile    ... finished proof: closed. 
69980      INFO  main            d.u.i.k.p.r.p.TestFile    Now processing file /home/runner/work/key/key/key.core/../key.ui/examples/InformationFlow/SimpleEvoting/simple_evoting.Server(simple_evoting.Server__onSendResult()).JML normal_behavior operation contract.0.key 
69980      INFO  main            d.u.i.k.p.i.AbstractProblemLoader Loading environment from /home/runner/work/key/key/key.core/../key.ui/examples/InformationFlow/SimpleEvoting/simple_evoting.Server(simple_evoting.Server__onSendResult()).JML normal_behavior operation contract.0.key 
69980      DEBUG main            d.u.i.k.p.i.AbstractProblemLoader Environment load took 68.3ns 
69981      INFO  main            d.u.i.k.p.i.AbstractProblemLoader Creating init config 
73051      DEBUG main            d.u.i.k.p.i.AbstractProblemLoader Init config took 3.07s 
73103      INFO  main            d.u.i.k.p.i.AbstractProblemLoader Replaying proof simple_evoting.Server[simple_evoting.Server::onSendResult()].JML normal_behavior operation contract.0 
73106      DEBUG main            d.u.i.k.p.i.IntermediateProofReplayer Proof replay took 12.1ns 
73311      INFO  main            d.u.i.k.p.r.p.TestFile    ... finished proof: closed. 
73477      INFO  main            d.u.i.k.p.r.p.TestFile    Now processing file /home/runner/work/key/key/key.core/../key.ui/examples/InformationFlow/SimpleEvoting/simple_evoting.Server(simple_evoting.Server__onCollectBallot(simple_evoting.Message)).JML normal_behavior operation contract.1.key 
73478      INFO  main            d.u.i.k.p.i.AbstractProblemLoader Loading environment from /home/runner/work/key/key/key.core/../key.ui/examples/InformationFlow/SimpleEvoting/simple_evoting.Server(simple_evoting.Server__onCollectBallot(simple_evoting.Message)).JML normal_behavior operation contract.1.key 
73478      DEBUG main            d.u.i.k.p.i.AbstractProblemLoader Environment load took 72ns 
73479      INFO  main            d.u.i.k.p.i.AbstractProblemLoader Creating init config 
76506      DEBUG main            d.u.i.k.p.i.AbstractProblemLoader Init config took 3.03s 
76555      INFO  main            d.u.i.k.p.i.AbstractProblemLoader Replaying proof simple_evoting.Server[simple_evoting.Server::onCollectBallot(simple_evoting.Message)].JML normal_behavior operation contract.1 
76557      DEBUG main            d.u.i.k.p.i.IntermediateProofReplayer Proof replay took 15.2ns 
76863      INFO  main            d.u.i.k.p.r.p.TestFile    ... finished proof: closed. 
77029      INFO  main            d.u.i.k.p.r.p.TestFile    Now processing file /home/runner/work/key/key/key.core/../key.ui/examples/InformationFlow/SimpleEvoting/simple_evoting.Server(simple_evoting.Server__onCollectBallot(simple_evoting.Message)).JML normal_behavior operation contract.0.key 
77030      INFO  main            d.u.i.k.p.i.AbstractProblemLoader Loading environment from /home/runner/work/key/key/key.core/../key.ui/examples/InformationFlow/SimpleEvoting/simple_evoting.Server(simple_evoting.Server__onCollectBallot(simple_evoting.Message)).JML normal_behavior operation contract.0.key 
77030      DEBUG main            d.u.i.k.p.i.AbstractProblemLoader Environment load took 67.1ns 
77031      INFO  main            d.u.i.k.p.i.AbstractProblemLoader Creating init config 
80033      DEBUG main            d.u.i.k.p.i.AbstractProblemLoader Init config took 3s 
80094      INFO  main            d.u.i.k.p.i.AbstractProblemLoader Replaying proof simple_evoting.Server[simple_evoting.Server::onCollectBallot(simple_evoting.Message)].JML normal_behavior operation contract.0 
80097      DEBUG main            d.u.i.k.p.i.IntermediateProofReplayer Proof replay took 14.4ns 
80704      INFO  main            d.u.i.k.p.r.p.TestFile    ... finished proof: closed. 
80903      INFO  main            d.u.i.k.p.r.p.TestFile    Now processing file /home/runner/work/key/key/key.core/../key.ui/examples/InformationFlow/SimpleEvoting/simple_evoting.Server(java.lang.Object___inv_()).JML accessible clause.0.key 
80903      INFO  main            d.u.i.k.p.i.AbstractProblemLoader Loading environment from /home/runner/work/key/key/key.core/../key.ui/examples/InformationFlow/SimpleEvoting/simple_evoting.Server(java.lang.Object___inv_()).JML accessible clause.0.key 
80903      DEBUG main            d.u.i.k.p.i.AbstractProblemLoader Environment load took 75.8ns 
80906      INFO  main            d.u.i.k.p.i.AbstractProblemLoader Creating init config 
83939      DEBUG main            d.u.i.k.p.i.AbstractProblemLoader Init config took 3.03s 
83986      INFO  main            d.u.i.k.p.i.AbstractProblemLoader Replaying proof simple_evoting.Server[java.lang.Object::<inv>()].JML accessible clause.0 
83988      DEBUG main            d.u.i.k.p.i.IntermediateProofReplayer Proof replay took 13.3ns 
84190      INFO  main            d.u.i.k.p.r.p.TestFile    ... finished proof: closed. 
84376      INFO  main            d.u.i.k.p.r.p.TestFile    Now processing file /home/runner/work/key/key/key.core/../key.ui/examples/InformationFlow/SimpleEvoting/simple_evoting.SMTEnv(simple_evoting.SMTEnv__send(int,int,int,simple_evoting.Server,int)).JML normal_behavior operation contract.0.key 
84377      INFO  main            d.u.i.k.p.i.AbstractProblemLoader Loading environment from /home/runner/work/key/key/key.core/../key.ui/examples/InformationFlow/SimpleEvoting/simple_evoting.SMTEnv(simple_evoting.SMTEnv__send(int,int,int,simple_evoting.Server,int)).JML normal_behavior operation contract.0.key 
84377      DEBUG main            d.u.i.k.p.i.AbstractProblemLoader Environment load took 72.9ns 
84378      INFO  main            d.u.i.k.p.i.AbstractProblemLoader Creating init config 
87377      DEBUG main            d.u.i.k.p.i.AbstractProblemLoader Init config took 3s 
87429      INFO  main            d.u.i.k.p.i.AbstractProblemLoader Replaying proof simple_evoting.SMTEnv[simple_evoting.SMTEnv::send(int,int,int,simple_evoting.Server,int)].JML normal_behavior operation contract.0 
87433      DEBUG main            d.u.i.k.p.i.IntermediateProofReplayer Proof replay took 13.2ns 
87735      INFO  main            d.u.i.k.p.r.p.TestFile    ... finished proof: closed. 
87931      INFO  main            d.u.i.k.p.r.p.TestFile    Now processing file /home/runner/work/key/key/key.core/../key.ui/examples/InformationFlow/SimpleEvoting/simple_evoting.NetworkClient(simple_evoting.NetworkClient__send((B,simple_evoting.Server,int)).JML normal_behavior operation contract.0.key 
87931      INFO  main            d.u.i.k.p.i.AbstractProblemLoader Loading environment from /home/runner/work/key/key/key.core/../key.ui/examples/InformationFlow/SimpleEvoting/simple_evoting.NetworkClient(simple_evoting.NetworkClient__send((B,simple_evoting.Server,int)).JML normal_behavior operation contract.0.key 
87931      DEBUG main            d.u.i.k.p.i.AbstractProblemLoader Environment load took 75.2ns 
87933      INFO  main            d.u.i.k.p.i.AbstractProblemLoader Creating init config 
90952      DEBUG main            d.u.i.k.p.i.AbstractProblemLoader Init config took 3.02s 
90999      INFO  main            d.u.i.k.p.i.AbstractProblemLoader Replaying proof simple_evoting.NetworkClient[simple_evoting.NetworkClient::send([B,simple_evoting.Server,int)].JML normal_behavior operation contract.0 
91001      DEBUG main            d.u.i.k.p.i.IntermediateProofReplayer Proof replay took 13.1ns 
91203      INFO  main            d.u.i.k.p.r.p.TestFile    ... finished proof: closed. 
91383      INFO  main            d.u.i.k.p.r.p.TestFile    Now processing file /home/runner/work/key/key/key.core/../key.ui/examples/InformationFlow/SimpleEvoting/simple_evoting.Setup(simple_evoting.Setup__publishResult()).JML normal_behavior operation contract.0.key 
91383      INFO  main            d.u.i.k.p.i.AbstractProblemLoader Loading environment from /home/runner/work/key/key/key.core/../key.ui/examples/InformationFlow/SimpleEvoting/simple_evoting.Setup(simple_evoting.Setup__publishResult()).JML normal_behavior operation contract.0.key 
91383      DEBUG main            d.u.i.k.p.i.AbstractProblemLoader Environment load took 69.5ns 
91384      INFO  main            d.u.i.k.p.i.AbstractProblemLoader Creating init config 
94359      DEBUG main            d.u.i.k.p.i.AbstractProblemLoader Init config took 2.97s 
94409      INFO  main            d.u.i.k.p.i.AbstractProblemLoader Replaying proof simple_evoting.Setup[simple_evoting.Setup::publishResult()].JML normal_behavior operation contract.0 
94412      DEBUG main            d.u.i.k.p.i.IntermediateProofReplayer Proof replay took 13.1ns 
95016      INFO  main            d.u.i.k.p.r.p.TestFile    ... finished proof: closed. 
95218      INFO  main            d.u.i.k.p.r.p.TestFile    Now processing file /home/runner/work/key/key/key.core/../key.ui/examples/InformationFlow/SimpleEvoting/simple_evoting.Setup(simple_evoting.Setup__main()).JML normal_behavior operation contract.0.key 
95218      INFO  main            d.u.i.k.p.i.AbstractProblemLoader Loading environment from /home/runner/work/key/key/key.core/../key.ui/examples/InformationFlow/SimpleEvoting/simple_evoting.Setup(simple_evoting.Setup__main()).JML normal_behavior operation contract.0.key 
95219      DEBUG main            d.u.i.k.p.i.AbstractProblemLoader Environment load took 68.6ns 
95220      INFO  main            d.u.i.k.p.i.AbstractProblemLoader Creating init config 
98226      DEBUG main            d.u.i.k.p.i.AbstractProblemLoader Init config took 3.01s 
98278      INFO  main            d.u.i.k.p.i.AbstractProblemLoader Replaying proof simple_evoting.Setup[simple_evoting.Setup::main()].JML normal_behavior operation contract.0 
98281      DEBUG main            d.u.i.k.p.i.IntermediateProofReplayer Proof replay took 12.5ns 
133750     INFO  main            d.u.i.k.p.r.p.TestFile    ... finished proof: open goal(s) 
134025     INFO  main            d.u.i.k.p.r.p.TestFile    Now processing file /home/runner/work/key/key/key.core/../key.ui/examples/InformationFlow/SimpleEvoting/simple_evoting.Setup(java.lang.Object___inv_()).JML accessible clause.0.key 
134025     INFO  main            d.u.i.k.p.i.AbstractProblemLoader Loading environment from /home/runner/work/key/key/key.core/../key.ui/examples/InformationFlow/SimpleEvoting/simple_evoting.Setup(java.lang.Object___inv_()).JML accessible clause.0.key 
134026     DEBUG main            d.u.i.k.p.i.AbstractProblemLoader Environment load took 866.31ns 
134027     INFO  main            d.u.i.k.p.i.AbstractProblemLoader Creating init config 
136994     DEBUG main            d.u.i.k.p.i.AbstractProblemLoader Init config took 2.97s 
137046     INFO  main            d.u.i.k.p.i.AbstractProblemLoader Replaying proof simple_evoting.Setup[java.lang.Object::<inv>()].JML accessible clause.0 
137049     DEBUG main            d.u.i.k.p.i.IntermediateProofReplayer Proof replay took 14.1ns 
140858     INFO  main            d.u.i.k.p.r.p.TestFile    ... finished proof: closed. 
141195     INFO  main            d.u.i.k.p.r.p.TestFile    Now processing file /home/runner/work/key/key/key.core/../key.ui/examples/InformationFlow/SimpleEvoting/simple_evoting.Voter(simple_evoting.Voter__onSendBallot(simple_evoting.Server)).JML normal_behavior operation contract.1.key 
141195     INFO  main            d.u.i.k.p.i.AbstractProblemLoader Loading environment from /home/runner/work/key/key/key.core/../key.ui/examples/InformationFlow/SimpleEvoting/simple_evoting.Voter(simple_evoting.Voter__onSendBallot(simple_evoting.Server)).JML normal_behavior operation contract.1.key 
141195     DEBUG main            d.u.i.k.p.i.AbstractProblemLoader Environment load took 70.8ns 
141196     INFO  main            d.u.i.k.p.i.AbstractProblemLoader Creating init config 
144122     DEBUG main            d.u.i.k.p.i.AbstractProblemLoader Init config took 2.93s 
144170     INFO  main            d.u.i.k.p.i.AbstractProblemLoader Replaying proof simple_evoting.Voter[simple_evoting.Voter::onSendBallot(simple_evoting.Server)].JML normal_behavior operation contract.1 
144175     DEBUG main            d.u.i.k.p.i.IntermediateProofReplayer Proof replay took 13.9ns 
148499     INFO  main            d.u.i.k.p.r.p.TestFile    ... finished proof: closed. 
148754     INFO  main            d.u.i.k.p.r.p.TestFile    Now processing file /home/runner/work/key/key/key.core/../key.ui/examples/InformationFlow/SimpleEvoting/simple_evoting.Voter(simple_evoting.Voter__onSendBallot(simple_evoting.Server)).JML normal_behavior operation contract.0.key 
148754     INFO  main            d.u.i.k.p.i.AbstractProblemLoader Loading environment from /home/runner/work/key/key/key.core/../key.ui/examples/InformationFlow/SimpleEvoting/simple_evoting.Voter(simple_evoting.Voter__onSendBallot(simple_evoting.Server)).JML normal_behavior operation contract.0.key 
148754     DEBUG main            d.u.i.k.p.i.AbstractProblemLoader Environment load took 66.8ns 
148755     INFO  main            d.u.i.k.p.i.AbstractProblemLoader Creating init config 
151746     DEBUG main            d.u.i.k.p.i.AbstractProblemLoader Init config took 2.99s 
151799     INFO  main            d.u.i.k.p.i.AbstractProblemLoader Replaying proof simple_evoting.Voter[simple_evoting.Voter::onSendBallot(simple_evoting.Server)].JML normal_behavior operation contract.0 
151801     DEBUG main            d.u.i.k.p.i.IntermediateProofReplayer Proof replay took 12.7ns 
159158     INFO  main            d.u.i.k.p.r.p.TestFile    ... finished proof: closed. 
159423     INFO  main            d.u.i.k.p.r.p.TestFile    Now processing file /home/runner/work/key/key/key.core/../key.ui/examples/InformationFlow/SimpleEvoting/simple_evoting.Voter(java.lang.Object___inv_()).JML accessible clause.0.key 
159423     INFO  main            d.u.i.k.p.i.AbstractProblemLoader Loading environment from /home/runner/work/key/key/key.core/../key.ui/examples/InformationFlow/SimpleEvoting/simple_evoting.Voter(java.lang.Object___inv_()).JML accessible clause.0.key 
159423     DEBUG main            d.u.i.k.p.i.AbstractProblemLoader Environment load took 68.9ns 
159425     INFO  main            d.u.i.k.p.i.AbstractProblemLoader Creating init config 
162350     DEBUG main            d.u.i.k.p.i.AbstractProblemLoader Init config took 2.92s 
162397     INFO  main            d.u.i.k.p.i.AbstractProblemLoader Replaying proof simple_evoting.Voter[java.lang.Object::<inv>()].JML accessible clause.0 
162399     DEBUG main            d.u.i.k.p.i.IntermediateProofReplayer Proof replay took 12.5ns 
162601     INFO  main            d.u.i.k.p.r.p.TestFile    ... finished proof: closed. 
699346     INFO  Test worker     d.u.i.k.p.r.RunAllProofsTestUnit Returning from test SimpleEvoting 
699348     INFO  Test worker     d.u.i.k.p.r.RunAllProofsTestUnit Running test ToyVoting_nomacro 
325        INFO  Timeout watchdog d.u.i.k.p.r.p.ForkedTestFileRunner Timeout watcher launched (1000 secs.) 
341        WARN  main            d.u.i.k.s.ProofSettings   The settings in /home/runner/.key/proof-settings.props are *not* read. 
362        INFO  main            d.u.i.k.p.r.p.TestFile    Now processing file /home/runner/work/key/key/key.core/../key.ui/examples/InformationFlow/ToyVoting/Voter(Voter__insecure_voting()).Non-interference contract.0.key 
465        INFO  main            d.u.i.k.p.i.AbstractProblemLoader Loading environment from /home/runner/work/key/key/key.core/../key.ui/examples/InformationFlow/ToyVoting/Voter(Voter__insecure_voting()).Non-interference contract.0.key 
497        DEBUG main            d.u.i.k.p.i.AbstractProblemLoader Environment load took 2.11ms 
702        INFO  main            d.u.i.k.p.i.AbstractProblemLoader Creating init config 
1569       DEBUG main            d.u.i.k.j.TypeConverter   No LDT found for Meta 
1570       DEBUG main            d.u.i.k.j.TypeConverter   No LDT found for Meta 
1571       DEBUG main            d.u.i.k.j.TypeConverter   No LDT found for Meta 
1571       DEBUG main            d.u.i.k.j.TypeConverter   No LDT found for Meta 
2967       DEBUG main            d.u.i.k.j.TypeConverter   No LDT found for JavaBigintExpression 
7782       DEBUG main            d.u.i.k.p.i.AbstractProblemLoader Init config took 7.08s 
7955       INFO  main            d.u.i.k.p.i.AbstractProblemLoader Replaying proof Voter[Voter::insecure_voting()].Non-interference contract.0 
8036       DEBUG main            d.u.i.k.p.i.IntermediateProofReplayer Proof replay took 334.2ns 
21192      INFO  main            d.u.i.k.p.r.p.TestFile    ... finished proof: open goal(s) 
21403      INFO  main            d.u.i.k.p.r.p.TestFile    Now processing file /home/runner/work/key/key/key.core/../key.ui/examples/InformationFlow/ToyVoting/Voter(Voter__publishVoterParticipation()).Non-interference contract.0.key 
21405      INFO  main            d.u.i.k.p.i.AbstractProblemLoader Loading environment from /home/runner/work/key/key/key.core/../key.ui/examples/InformationFlow/ToyVoting/Voter(Voter__publishVoterParticipation()).Non-interference contract.0.key 
21405      DEBUG main            d.u.i.k.p.i.AbstractProblemLoader Environment load took 325.9ns 
21409      INFO  main            d.u.i.k.p.i.AbstractProblemLoader Creating init config 
24113      DEBUG main            d.u.i.k.p.i.AbstractProblemLoader Init config took 2.7s 
24185      INFO  main            d.u.i.k.p.i.AbstractProblemLoader Replaying proof Voter[Voter::publishVoterParticipation()].Non-interference contract.0 
24188      DEBUG main            d.u.i.k.p.i.IntermediateProofReplayer Proof replay took 11.5ns 
24492      INFO  main            d.u.i.k.p.r.p.TestFile    ... finished proof: closed. 
24699      INFO  main            d.u.i.k.p.r.p.TestFile    Now processing file /home/runner/work/key/key/key.core/../key.ui/examples/InformationFlow/ToyVoting/Voter(Voter__isValid(int)).Non-interference contract.0.key 
24699      INFO  main            d.u.i.k.p.i.AbstractProblemLoader Loading environment from /home/runner/work/key/key/key.core/../key.ui/examples/InformationFlow/ToyVoting/Voter(Voter__isValid(int)).Non-interference contract.0.key 
24700      DEBUG main            d.u.i.k.p.i.AbstractProblemLoader Environment load took 104.1ns 
24701      INFO  main            d.u.i.k.p.i.AbstractProblemLoader Creating init config 
27314      DEBUG main            d.u.i.k.p.i.AbstractProblemLoader Init config took 2.61s 
27371      INFO  main            d.u.i.k.p.i.AbstractProblemLoader Replaying proof Voter[Voter::isValid(int)].Non-interference contract.0 
27374      DEBUG main            d.u.i.k.p.i.IntermediateProofReplayer Proof replay took 11.9ns 
27779      INFO  main            d.u.i.k.p.r.p.TestFile    ... finished proof: closed. 
27904      INFO  main            d.u.i.k.p.r.p.TestFile    Now processing file /home/runner/work/key/key/key.core/../key.ui/examples/InformationFlow/ToyVoting/Voter(Voter__sendVote(int)).Non-interference contract.0.key 
27904      INFO  main            d.u.i.k.p.i.AbstractProblemLoader Loading environment from /home/runner/work/key/key/key.core/../key.ui/examples/InformationFlow/ToyVoting/Voter(Voter__sendVote(int)).Non-interference contract.0.key 
27904      DEBUG main            d.u.i.k.p.i.AbstractProblemLoader Environment load took 73.9ns 
27905      INFO  main            d.u.i.k.p.i.AbstractProblemLoader Creating init config 
30506      DEBUG main            d.u.i.k.p.i.AbstractProblemLoader Init config took 2.6s 
30552      INFO  main            d.u.i.k.p.i.AbstractProblemLoader Replaying proof Voter[Voter::sendVote(int)].Non-interference contract.0 
30556      DEBUG main            d.u.i.k.p.i.IntermediateProofReplayer Proof replay took 12.2ns 
30858      INFO  main            d.u.i.k.p.r.p.TestFile    ... finished proof: closed. 
30985      INFO  main            d.u.i.k.p.r.p.TestFile    Now processing file /home/runner/work/key/key/key.core/../key.ui/examples/InformationFlow/ToyVoting/Voter(Voter__inputVote()).Non-interference contract.0.key 
30986      INFO  main            d.u.i.k.p.i.AbstractProblemLoader Loading environment from /home/runner/work/key/key/key.core/../key.ui/examples/InformationFlow/ToyVoting/Voter(Voter__inputVote()).Non-interference contract.0.key 
30986      DEBUG main            d.u.i.k.p.i.AbstractProblemLoader Environment load took 66.8ns 
30988      INFO  main            d.u.i.k.p.i.AbstractProblemLoader Creating init config 
33533      DEBUG main            d.u.i.k.p.i.AbstractProblemLoader Init config took 2.54s 
33586      INFO  main            d.u.i.k.p.i.AbstractProblemLoader Replaying proof Voter[Voter::inputVote()].Non-interference contract.0 
33590      DEBUG main            d.u.i.k.p.i.IntermediateProofReplayer Proof replay took 12.1ns 
33796      INFO  main            d.u.i.k.p.r.p.TestFile    ... finished proof: closed. 
733458     INFO  Test worker     d.u.i.k.p.r.RunAllProofsTestUnit Returning from test ToyVoting_nomacro 
733459     INFO  Test worker     d.u.i.k.p.r.RunAllProofsTestUnit Running test ConditionalConfidential_nomacro 
733460     INFO  Test worker     d.u.i.k.p.r.RunAllProofsTestUnit Returning from test ConditionalConfidential_nomacro 
733461     INFO  Test worker     d.u.i.k.p.r.RunAllProofsTestUnit Running test SumExample_nomacro 
337        INFO  Timeout watchdog d.u.i.k.p.r.p.ForkedTestFileRunner Timeout watcher launched (1000 secs.) 
353        WARN  main            d.u.i.k.s.ProofSettings   The settings in /home/runner/.key/proof-settings.props are *not* read. 
375        INFO  main            d.u.i.k.p.r.p.TestFile    Now processing file /home/runner/work/key/key/key.core/../key.ui/examples/InformationFlow/Sum/SumExample(SumExample__getSum()).Non-interference contract.0.key 
491        INFO  main            d.u.i.k.p.i.AbstractProblemLoader Loading environment from /home/runner/work/key/key/key.core/../key.ui/examples/InformationFlow/Sum/SumExample(SumExample__getSum()).Non-interference contract.0.key 
509        DEBUG main            d.u.i.k.p.i.AbstractProblemLoader Environment load took 1.92ms 
723        INFO  main            d.u.i.k.p.i.AbstractProblemLoader Creating init config 
1606       DEBUG main            d.u.i.k.j.TypeConverter   No LDT found for Meta 
1609       DEBUG main            d.u.i.k.j.TypeConverter   No LDT found for Meta 
1610       DEBUG main            d.u.i.k.j.TypeConverter   No LDT found for Meta 
1610       DEBUG main            d.u.i.k.j.TypeConverter   No LDT found for Meta 
2768       DEBUG main            d.u.i.k.j.TypeConverter   No LDT found for JavaBigintExpression 
7622       DEBUG main            d.u.i.k.p.i.AbstractProblemLoader Init config took 6.9s 
7754       INFO  main            d.u.i.k.p.i.AbstractProblemLoader Replaying proof SumExample[SumExample::getSum()].Non-interference contract.0 
7822       DEBUG main            d.u.i.k.p.i.IntermediateProofReplayer Proof replay took 375.1ns 
10863      INFO  main            d.u.i.k.p.r.p.TestFile    ... finished proof: closed. 
744650     INFO  Test worker     d.u.i.k.p.r.RunAllProofsTestUnit Returning from test SumExample_nomacro 
744652     INFO  Test worker     d.u.i.k.p.r.RunAllProofsTestUnit Running test ToyBanking_nomacro 
316        INFO  Timeout watchdog d.u.i.k.p.r.p.ForkedTestFileRunner Timeout watcher launched (1000 secs.) 
340        WARN  main            d.u.i.k.s.ProofSettings   The settings in /home/runner/.key/proof-settings.props are *not* read. 
377        INFO  main            d.u.i.k.p.r.p.TestFile    Now processing file /home/runner/work/key/key/key.core/../key.ui/examples/InformationFlow/ToyBanking/banking_example.UserAccount(banking_example.UserAccount__getBankAccount(int)).Non-interference contract.0.key 
504        INFO  main            d.u.i.k.p.i.AbstractProblemLoader Loading environment from /home/runner/work/key/key/key.core/../key.ui/examples/InformationFlow/ToyBanking/banking_example.UserAccount(banking_example.UserAccount__getBankAccount(int)).Non-interference contract.0.key 
521        DEBUG main            d.u.i.k.p.i.AbstractProblemLoader Environment load took 2.02ms 
740        INFO  main            d.u.i.k.p.i.AbstractProblemLoader Creating init config 
1705       DEBUG main            d.u.i.k.j.TypeConverter   No LDT found for Meta 
1706       DEBUG main            d.u.i.k.j.TypeConverter   No LDT found for Meta 
1708       DEBUG main            d.u.i.k.j.TypeConverter   No LDT found for Meta 
1709       DEBUG main            d.u.i.k.j.TypeConverter   No LDT found for Meta 
3329       DEBUG main            d.u.i.k.j.TypeConverter   No LDT found for JavaBigintExpression 
8540       DEBUG main            d.u.i.k.p.i.AbstractProblemLoader Init config took 7.8s 
8688       INFO  main            d.u.i.k.p.i.AbstractProblemLoader Replaying proof banking_example.UserAccount[banking_example.UserAccount::getBankAccount(int)].Non-interference contract.0 
8784       DEBUG main            d.u.i.k.p.i.IntermediateProofReplayer Proof replay took 378.5ns 
12355      INFO  main            d.u.i.k.p.r.p.TestFile    ... finished proof: closed. 
12515      INFO  main            d.u.i.k.p.r.p.TestFile    Now processing file /home/runner/work/key/key/key.core/../key.ui/examples/InformationFlow/ToyBanking/banking_example.BankAccount(banking_example.BankAccount__depositMoney(int)).Non-interference contract.0.key 
12516      INFO  main            d.u.i.k.p.i.AbstractProblemLoader Loading environment from /home/runner/work/key/key/key.core/../key.ui/examples/InformationFlow/ToyBanking/banking_example.BankAccount(banking_example.BankAccount__depositMoney(int)).Non-interference contract.0.key 
12516      DEBUG main            d.u.i.k.p.i.AbstractProblemLoader Environment load took 255.7ns 
12518      INFO  main            d.u.i.k.p.i.AbstractProblemLoader Creating init config 
15555      DEBUG main            d.u.i.k.p.i.AbstractProblemLoader Init config took 3.04s 
15648      INFO  main            d.u.i.k.p.i.AbstractProblemLoader Replaying proof banking_example.BankAccount[banking_example.BankAccount::depositMoney(int)].Non-interference contract.0 
15652      DEBUG main            d.u.i.k.p.i.IntermediateProofReplayer Proof replay took 12.3ns 
16757      INFO  main            d.u.i.k.p.r.p.TestFile    ... finished proof: closed. 
16891      INFO  main            d.u.i.k.p.r.p.TestFile    Now processing file /home/runner/work/key/key/key.core/../key.ui/examples/InformationFlow/ToyBanking/banking_example.BankAccount(banking_example.BankAccount__getBalance()).Non-interference contract.0.key 
16892      INFO  main            d.u.i.k.p.i.AbstractProblemLoader Loading environment from /home/runner/work/key/key/key.core/../key.ui/examples/InformationFlow/ToyBanking/banking_example.BankAccount(banking_example.BankAccount__getBalance()).Non-interference contract.0.key 
16892      DEBUG main            d.u.i.k.p.i.AbstractProblemLoader Environment load took 88.8ns 
16893      INFO  main            d.u.i.k.p.i.AbstractProblemLoader Creating init config 
19703      DEBUG main            d.u.i.k.p.i.AbstractProblemLoader Init config took 2.81s 
19774      INFO  main            d.u.i.k.p.i.AbstractProblemLoader Replaying proof banking_example.BankAccount[banking_example.BankAccount::getBalance()].Non-interference contract.0 
19781      DEBUG main            d.u.i.k.p.i.IntermediateProofReplayer Proof replay took 12ns 
20085      INFO  main            d.u.i.k.p.r.p.TestFile    ... finished proof: closed. 
20234      INFO  main            d.u.i.k.p.r.p.TestFile    Now processing file /home/runner/work/key/key/key.core/../key.ui/examples/InformationFlow/ToyBanking/banking_example.BankAccount(banking_example.BankAccount__getId()).Non-interference contract.0.key 
20234      INFO  main            d.u.i.k.p.i.AbstractProblemLoader Loading environment from /home/runner/work/key/key/key.core/../key.ui/examples/InformationFlow/ToyBanking/banking_example.BankAccount(banking_example.BankAccount__getId()).Non-interference contract.0.key 
20235      DEBUG main            d.u.i.k.p.i.AbstractProblemLoader Environment load took 72.8ns 
20236      INFO  main            d.u.i.k.p.i.AbstractProblemLoader Creating init config 
22989      DEBUG main            d.u.i.k.p.i.AbstractProblemLoader Init config took 2.75s 
23050      INFO  main            d.u.i.k.p.i.AbstractProblemLoader Replaying proof banking_example.BankAccount[banking_example.BankAccount::getId()].Non-interference contract.0 
23053      DEBUG main            d.u.i.k.p.i.IntermediateProofReplayer Proof replay took 12.2ns 
23356      INFO  main            d.u.i.k.p.r.p.TestFile    ... finished proof: closed. 
23509      INFO  main            d.u.i.k.p.r.p.TestFile    Now processing file /home/runner/work/key/key/key.core/../key.ui/examples/InformationFlow/ToyBanking/banking_example.Bank(banking_example.Bank__login(int,(C)).Non-interference contract.0.key 
23509      INFO  main            d.u.i.k.p.i.AbstractProblemLoader Loading environment from /home/runner/work/key/key/key.core/../key.ui/examples/InformationFlow/ToyBanking/banking_example.Bank(banking_example.Bank__login(int,(C)).Non-interference contract.0.key 
23509      DEBUG main            d.u.i.k.p.i.AbstractProblemLoader Environment load took 81.6ns 
23510      INFO  main            d.u.i.k.p.i.AbstractProblemLoader Creating init config 
26214      DEBUG main            d.u.i.k.p.i.AbstractProblemLoader Init config took 2.7s 
26289      INFO  main            d.u.i.k.p.i.AbstractProblemLoader Replaying proof banking_example.Bank[banking_example.Bank::login(int,[C)].Non-interference contract.0 
26293      DEBUG main            d.u.i.k.p.i.IntermediateProofReplayer Proof replay took 12.8ns 
65447      INFO  main            d.u.i.k.p.r.p.TestFile    ... finished proof: open goal(s) 
65703      INFO  main            d.u.i.k.p.r.p.TestFile    Now processing file /home/runner/work/key/key/key.core/../key.ui/examples/InformationFlow/ToyBanking/banking_example2.UserAccount(banking_example2.UserAccount__getBankAccount(int)).Non-interference contract.0.key 
65704      INFO  main            d.u.i.k.p.i.AbstractProblemLoader Loading environment from /home/runner/work/key/key/key.core/../key.ui/examples/InformationFlow/ToyBanking/banking_example2.UserAccount(banking_example2.UserAccount__getBankAccount(int)).Non-interference contract.0.key 
65704      DEBUG main            d.u.i.k.p.i.AbstractProblemLoader Environment load took 104.2ns 
65705      INFO  main            d.u.i.k.p.i.AbstractProblemLoader Creating init config 
68330      DEBUG main            d.u.i.k.p.i.AbstractProblemLoader Init config took 2.62s 
68435      INFO  main            d.u.i.k.p.i.AbstractProblemLoader Replaying proof banking_example2.UserAccount[banking_example2.UserAccount::getBankAccount(int)].Non-interference contract.0 
68441      DEBUG main            d.u.i.k.p.i.IntermediateProofReplayer Proof replay took 14.6ns 
70151      INFO  main            d.u.i.k.p.r.p.TestFile    ... finished proof: closed. 
70434      INFO  main            d.u.i.k.p.r.p.TestFile    Now processing file /home/runner/work/key/key/key.core/../key.ui/examples/InformationFlow/ToyBanking/banking_example2.BankAccount(banking_example2.BankAccount__depositMoney(int)).Non-interference contract.0.key 
70434      INFO  main            d.u.i.k.p.i.AbstractProblemLoader Loading environment from /home/runner/work/key/key/key.core/../key.ui/examples/InformationFlow/ToyBanking/banking_example2.BankAccount(banking_example2.BankAccount__depositMoney(int)).Non-interference contract.0.key 
70434      DEBUG main            d.u.i.k.p.i.AbstractProblemLoader Environment load took 64.2ns 
70436      INFO  main            d.u.i.k.p.i.AbstractProblemLoader Creating init config 
72982      DEBUG main            d.u.i.k.p.i.AbstractProblemLoader Init config took 2.55s 
73037      INFO  main            d.u.i.k.p.i.AbstractProblemLoader Replaying proof banking_example2.BankAccount[banking_example2.BankAccount::depositMoney(int)].Non-interference contract.0 
73040      DEBUG main            d.u.i.k.p.i.IntermediateProofReplayer Proof replay took 14.4ns 
73844      INFO  main            d.u.i.k.p.r.p.TestFile    ... finished proof: closed. 
74014      INFO  main            d.u.i.k.p.r.p.TestFile    Now processing file /home/runner/work/key/key/key.core/../key.ui/examples/InformationFlow/ToyBanking/banking_example2.BankAccount(banking_example2.BankAccount__getBalance()).Non-interference contract.0.key 
74014      INFO  main            d.u.i.k.p.i.AbstractProblemLoader Loading environment from /home/runner/work/key/key/key.core/../key.ui/examples/InformationFlow/ToyBanking/banking_example2.BankAccount(banking_example2.BankAccount__getBalance()).Non-interference contract.0.key 
74014      DEBUG main            d.u.i.k.p.i.AbstractProblemLoader Environment load took 75.2ns 
74015      INFO  main            d.u.i.k.p.i.AbstractProblemLoader Creating init config 
76612      DEBUG main            d.u.i.k.p.i.AbstractProblemLoader Init config took 2.6s 
76667      INFO  main            d.u.i.k.p.i.AbstractProblemLoader Replaying proof banking_example2.BankAccount[banking_example2.BankAccount::getBalance()].Non-interference contract.0 
76672      DEBUG main            d.u.i.k.p.i.IntermediateProofReplayer Proof replay took 12.8ns 
76975      INFO  main            d.u.i.k.p.r.p.TestFile    ... finished proof: closed. 
77130      INFO  main            d.u.i.k.p.r.p.TestFile    Now processing file /home/runner/work/key/key/key.core/../key.ui/examples/InformationFlow/ToyBanking/banking_example2.BankAccount(banking_example2.BankAccount__getId()).Non-interference contract.0.key 
77130      INFO  main            d.u.i.k.p.i.AbstractProblemLoader Loading environment from /home/runner/work/key/key/key.core/../key.ui/examples/InformationFlow/ToyBanking/banking_example2.BankAccount(banking_example2.BankAccount__getId()).Non-interference contract.0.key 
77130      DEBUG main            d.u.i.k.p.i.AbstractProblemLoader Environment load took 76.1ns 
77131      INFO  main            d.u.i.k.p.i.AbstractProblemLoader Creating init config 
79721      DEBUG main            d.u.i.k.p.i.AbstractProblemLoader Init config took 2.59s 
79768      INFO  main            d.u.i.k.p.i.AbstractProblemLoader Replaying proof banking_example2.BankAccount[banking_example2.BankAccount::getId()].Non-interference contract.0 
79771      DEBUG main            d.u.i.k.p.i.IntermediateProofReplayer Proof replay took 12.6ns 
80076      INFO  main            d.u.i.k.p.r.p.TestFile    ... finished proof: closed. 
825045     INFO  Test worker     d.u.i.k.p.r.RunAllProofsTestUnit Returning from test ToyBanking_nomacro 
825046     INFO  Test worker     d.u.i.k.p.r.RunAllProofsTestUnit Running test BlockContracts_nomacro 
337        INFO  Timeout watchdog d.u.i.k.p.r.p.ForkedTestFileRunner Timeout watcher launched (1000 secs.) 
343        WARN  main            d.u.i.k.s.ProofSettings   The settings in /home/runner/.key/proof-settings.props are *not* read. 
381        INFO  main            d.u.i.k.p.r.p.TestFile    Now processing file /home/runner/work/key/key/key.core/../key.ui/examples/InformationFlow/BlockContracts/contract.IFBlockExamples(contract.IFBlockExamples__secure_5()).Non-interference contract.0.key 
482        INFO  main            d.u.i.k.p.i.AbstractProblemLoader Loading environment from /home/runner/work/key/key/key.core/../key.ui/examples/InformationFlow/BlockContracts/contract.IFBlockExamples(contract.IFBlockExamples__secure_5()).Non-interference contract.0.key 
515        DEBUG main            d.u.i.k.p.i.AbstractProblemLoader Environment load took 1.78ms 
733        INFO  main            d.u.i.k.p.i.AbstractProblemLoader Creating init config 
1642       DEBUG main            d.u.i.k.j.TypeConverter   No LDT found for Meta 
1642       DEBUG main            d.u.i.k.j.TypeConverter   No LDT found for Meta 
1644       DEBUG main            d.u.i.k.j.TypeConverter   No LDT found for Meta 
1644       DEBUG main            d.u.i.k.j.TypeConverter   No LDT found for Meta 
2979       DEBUG main            d.u.i.k.j.TypeConverter   No LDT found for JavaBigintExpression 
8217       DEBUG main            d.u.i.k.p.i.AbstractProblemLoader Init config took 7.48s 
8356       INFO  main            d.u.i.k.p.i.AbstractProblemLoader Replaying proof contract.IFBlockExamples[contract.IFBlockExamples::secure_5()].Non-interference contract.0 
8449       DEBUG main            d.u.i.k.p.i.IntermediateProofReplayer Proof replay took 347.6ns 
9789       INFO  main            d.u.i.k.p.r.p.TestFile    ... finished proof: closed. 
9922       INFO  main            d.u.i.k.p.r.p.TestFile    Now processing file /home/runner/work/key/key/key.core/../key.ui/examples/InformationFlow/BlockContracts/contract.IFBlockExamples(contract.IFBlockExamples__block_no_return_secure(int)).Non-interference contract.0.key 
9922       INFO  main            d.u.i.k.p.i.AbstractProblemLoader Loading environment from /home/runner/work/key/key/key.core/../key.ui/examples/InformationFlow/BlockContracts/contract.IFBlockExamples(contract.IFBlockExamples__block_no_return_secure(int)).Non-interference contract.0.key 
9923       DEBUG main            d.u.i.k.p.i.AbstractProblemLoader Environment load took 351.3ns 
9925       INFO  main            d.u.i.k.p.i.AbstractProblemLoader Creating init config 
12984      DEBUG main            d.u.i.k.p.i.AbstractProblemLoader Init config took 3.06s 
13062      INFO  main            d.u.i.k.p.i.AbstractProblemLoader Replaying proof contract.IFBlockExamples[contract.IFBlockExamples::block_no_return_secure(int)].Non-interference contract.0 
13066      DEBUG main            d.u.i.k.p.i.IntermediateProofReplayer Proof replay took 13.7ns 
13670      INFO  main            d.u.i.k.p.r.p.TestFile    ... finished proof: closed. 
13823      INFO  main            d.u.i.k.p.r.p.TestFile    Now processing file /home/runner/work/key/key/key.core/../key.ui/examples/InformationFlow/BlockContracts/contract.IFBlockExamples(contract.IFBlockExamples__while_block_insecure(int)).Non-interference contract.0.key 
13824      INFO  main            d.u.i.k.p.i.AbstractProblemLoader Loading environment from /home/runner/work/key/key/key.core/../key.ui/examples/InformationFlow/BlockContracts/contract.IFBlockExamples(contract.IFBlockExamples__while_block_insecure(int)).Non-interference contract.0.key 
13824      DEBUG main            d.u.i.k.p.i.AbstractProblemLoader Environment load took 78.8ns 
13825      INFO  main            d.u.i.k.p.i.AbstractProblemLoader Creating init config 
16677      DEBUG main            d.u.i.k.p.i.AbstractProblemLoader Init config took 2.85s 
16736      INFO  main            d.u.i.k.p.i.AbstractProblemLoader Replaying proof contract.IFBlockExamples[contract.IFBlockExamples::while_block_insecure(int)].Non-interference contract.0 
16740      DEBUG main            d.u.i.k.p.i.IntermediateProofReplayer Proof replay took 11.7ns 
18381      INFO  main            d.u.i.k.p.r.p.TestFile    ... finished proof: open goal(s) 
18542      INFO  main            d.u.i.k.p.r.p.TestFile    Now processing file /home/runner/work/key/key/key.core/../key.ui/examples/InformationFlow/BlockContracts/contract.IFBlockExamples(contract.IFBlockExamples__while_block_secure(int)).Non-interference contract.0.key 
18542      INFO  main            d.u.i.k.p.i.AbstractProblemLoader Loading environment from /home/runner/work/key/key/key.core/../key.ui/examples/InformationFlow/BlockContracts/contract.IFBlockExamples(contract.IFBlockExamples__while_block_secure(int)).Non-interference contract.0.key 
18542      DEBUG main            d.u.i.k.p.i.AbstractProblemLoader Environment load took 75.9ns 
18544      INFO  main            d.u.i.k.p.i.AbstractProblemLoader Creating init config 
21329      DEBUG main            d.u.i.k.p.i.AbstractProblemLoader Init config took 2.78s 
21380      INFO  main            d.u.i.k.p.i.AbstractProblemLoader Replaying proof contract.IFBlockExamples[contract.IFBlockExamples::while_block_secure(int)].Non-interference contract.0 
21384      DEBUG main            d.u.i.k.p.i.IntermediateProofReplayer Proof replay took 11.4ns 
22790      INFO  main            d.u.i.k.p.r.p.TestFile    ... finished proof: closed. 
23016      INFO  main            d.u.i.k.p.r.p.TestFile    Now processing file /home/runner/work/key/key/key.core/../key.ui/examples/InformationFlow/BlockContracts/contract.IFBlockExamples(contract.IFBlockExamples__block_while_secure(int)).Non-interference contract.0.key 
23017      INFO  main            d.u.i.k.p.i.AbstractProblemLoader Loading environment from /home/runner/work/key/key/key.core/../key.ui/examples/InformationFlow/BlockContracts/contract.IFBlockExamples(contract.IFBlockExamples__block_while_secure(int)).Non-interference contract.0.key 
23017      DEBUG main            d.u.i.k.p.i.AbstractProblemLoader Environment load took 82.3ns 
23020      INFO  main            d.u.i.k.p.i.AbstractProblemLoader Creating init config 
25848      DEBUG main            d.u.i.k.p.i.AbstractProblemLoader Init config took 2.83s 
25896      INFO  main            d.u.i.k.p.i.AbstractProblemLoader Replaying proof contract.IFBlockExamples[contract.IFBlockExamples::block_while_secure(int)].Non-interference contract.0 
25899      DEBUG main            d.u.i.k.p.i.IntermediateProofReplayer Proof replay took 12.5ns 
27405      INFO  main            d.u.i.k.p.r.p.TestFile    ... finished proof: closed. 
27606      INFO  main            d.u.i.k.p.r.p.TestFile    Now processing file /home/runner/work/key/key/key.core/../key.ui/examples/InformationFlow/BlockContracts/contract.IFBlockExamples(contract.IFBlockExamples__insecure_4(int)).Non-interference contract.0.key 
27607      INFO  main            d.u.i.k.p.i.AbstractProblemLoader Loading environment from /home/runner/work/key/key/key.core/../key.ui/examples/InformationFlow/BlockContracts/contract.IFBlockExamples(contract.IFBlockExamples__insecure_4(int)).Non-interference contract.0.key 
27607      DEBUG main            d.u.i.k.p.i.AbstractProblemLoader Environment load took 118.6ns 
27608      INFO  main            d.u.i.k.p.i.AbstractProblemLoader Creating init config 
30311      DEBUG main            d.u.i.k.p.i.AbstractProblemLoader Init config took 2.7s 
30377      INFO  main            d.u.i.k.p.i.AbstractProblemLoader Replaying proof contract.IFBlockExamples[contract.IFBlockExamples::insecure_4(int)].Non-interference contract.0 
30384      DEBUG main            d.u.i.k.p.i.IntermediateProofReplayer Proof replay took 12.9ns 
32422      INFO  main            d.u.i.k.p.r.p.TestFile    ... finished proof: open goal(s) 
32663      INFO  main            d.u.i.k.p.r.p.TestFile    Now processing file /home/runner/work/key/key/key.core/../key.ui/examples/InformationFlow/BlockContracts/contract.IFBlockExamples(contract.IFBlockExamples__insecure_3(int)).Non-interference contract.0.key 
32664      INFO  main            d.u.i.k.p.i.AbstractProblemLoader Loading environment from /home/runner/work/key/key/key.core/../key.ui/examples/InformationFlow/BlockContracts/contract.IFBlockExamples(contract.IFBlockExamples__insecure_3(int)).Non-interference contract.0.key 
32664      DEBUG main            d.u.i.k.p.i.AbstractProblemLoader Environment load took 75.5ns 
32665      INFO  main            d.u.i.k.p.i.AbstractProblemLoader Creating init config 
35346      DEBUG main            d.u.i.k.p.i.AbstractProblemLoader Init config took 2.68s 
35406      INFO  main            d.u.i.k.p.i.AbstractProblemLoader Replaying proof contract.IFBlockExamples[contract.IFBlockExamples::insecure_3(int)].Non-interference contract.0 
35408      DEBUG main            d.u.i.k.p.i.IntermediateProofReplayer Proof replay took 14.1ns 
37453      INFO  main            d.u.i.k.p.r.p.TestFile    ... finished proof: open goal(s) 
37701      INFO  main            d.u.i.k.p.r.p.TestFile    Now processing file /home/runner/work/key/key/key.core/../key.ui/examples/InformationFlow/BlockContracts/contract.IFBlockExamples(contract.IFBlockExamples__secure_3(int)).Non-interference contract.0.key 
37701      INFO  main            d.u.i.k.p.i.AbstractProblemLoader Loading environment from /home/runner/work/key/key/key.core/../key.ui/examples/InformationFlow/BlockContracts/contract.IFBlockExamples(contract.IFBlockExamples__secure_3(int)).Non-interference contract.0.key 
37701      DEBUG main            d.u.i.k.p.i.AbstractProblemLoader Environment load took 70.1ns 
37711      INFO  main            d.u.i.k.p.i.AbstractProblemLoader Creating init config 
40387      DEBUG main            d.u.i.k.p.i.AbstractProblemLoader Init config took 2.68s 
40433      INFO  main            d.u.i.k.p.i.AbstractProblemLoader Replaying proof contract.IFBlockExamples[contract.IFBlockExamples::secure_3(int)].Non-interference contract.0 
40435      DEBUG main            d.u.i.k.p.i.IntermediateProofReplayer Proof replay took 13.6ns 
42381      INFO  main            d.u.i.k.p.r.p.TestFile    ... finished proof: closed. 
42613      INFO  main            d.u.i.k.p.r.p.TestFile    Now processing file /home/runner/work/key/key/key.core/../key.ui/examples/InformationFlow/BlockContracts/contract.IFBlockExamples(contract.IFBlockExamples__secure_2(int)).Non-interference contract.0.key 
42614      INFO  main            d.u.i.k.p.i.AbstractProblemLoader Loading environment from /home/runner/work/key/key/key.core/../key.ui/examples/InformationFlow/BlockContracts/contract.IFBlockExamples(contract.IFBlockExamples__secure_2(int)).Non-interference contract.0.key 
42614      DEBUG main            d.u.i.k.p.i.AbstractProblemLoader Environment load took 70.5ns 
42615      INFO  main            d.u.i.k.p.i.AbstractProblemLoader Creating init config 
45296      DEBUG main            d.u.i.k.p.i.AbstractProblemLoader Init config took 2.68s 
45346      INFO  main            d.u.i.k.p.i.AbstractProblemLoader Replaying proof contract.IFBlockExamples[contract.IFBlockExamples::secure_2(int)].Non-interference contract.0 
45349      DEBUG main            d.u.i.k.p.i.IntermediateProofReplayer Proof replay took 14.5ns 
47661      INFO  main            d.u.i.k.p.r.p.TestFile    ... finished proof: closed. 
47927      INFO  main            d.u.i.k.p.r.p.TestFile    Now processing file /home/runner/work/key/key/key.core/../key.ui/examples/InformationFlow/BlockContracts/contract.IFBlockExamples(contract.IFBlockExamples__secure_8(int)).Non-interference contract.0.key 
47927      INFO  main            d.u.i.k.p.i.AbstractProblemLoader Loading environment from /home/runner/work/key/key/key.core/../key.ui/examples/InformationFlow/BlockContracts/contract.IFBlockExamples(contract.IFBlockExamples__secure_8(int)).Non-interference contract.0.key 
47927      DEBUG main            d.u.i.k.p.i.AbstractProblemLoader Environment load took 71.8ns 
47928      INFO  main            d.u.i.k.p.i.AbstractProblemLoader Creating init config 
50563      DEBUG main            d.u.i.k.p.i.AbstractProblemLoader Init config took 2.63s 
50604      INFO  main            d.u.i.k.p.i.AbstractProblemLoader Replaying proof contract.IFBlockExamples[contract.IFBlockExamples::secure_8(int)].Non-interference contract.0 
50606      DEBUG main            d.u.i.k.p.i.IntermediateProofReplayer Proof replay took 12.4ns 
51210      INFO  main            d.u.i.k.p.r.p.TestFile    ... finished proof: closed. 
51421      INFO  main            d.u.i.k.p.r.p.TestFile    Now processing file /home/runner/work/key/key/key.core/../key.ui/examples/InformationFlow/BlockContracts/contract.IFBlockExamples(contract.IFBlockExamples__secure_7(int)).Non-interference contract.0.key 
51421      INFO  main            d.u.i.k.p.i.AbstractProblemLoader Loading environment from /home/runner/work/key/key/key.core/../key.ui/examples/InformationFlow/BlockContracts/contract.IFBlockExamples(contract.IFBlockExamples__secure_7(int)).Non-interference contract.0.key 
51422      DEBUG main            d.u.i.k.p.i.AbstractProblemLoader Environment load took 555.71ns 
51423      INFO  main            d.u.i.k.p.i.AbstractProblemLoader Creating init config 
54052      DEBUG main            d.u.i.k.p.i.AbstractProblemLoader Init config took 2.63s 
54099      INFO  main            d.u.i.k.p.i.AbstractProblemLoader Replaying proof contract.IFBlockExamples[contract.IFBlockExamples::secure_7(int)].Non-interference contract.0 
54102      DEBUG main            d.u.i.k.p.i.IntermediateProofReplayer Proof replay took 12.1ns 
54606      INFO  main            d.u.i.k.p.r.p.TestFile    ... finished proof: closed. 
54784      INFO  main            d.u.i.k.p.r.p.TestFile    Now processing file /home/runner/work/key/key/key.core/../key.ui/examples/InformationFlow/BlockContracts/contract.IFBlockExamples(contract.IFBlockExamples__secure_6(int)).Non-interference contract.0.key 
54785      INFO  main            d.u.i.k.p.i.AbstractProblemLoader Loading environment from /home/runner/work/key/key/key.core/../key.ui/examples/InformationFlow/BlockContracts/contract.IFBlockExamples(contract.IFBlockExamples__secure_6(int)).Non-interference contract.0.key 
54785      DEBUG main            d.u.i.k.p.i.AbstractProblemLoader Environment load took 76.1ns 
54786      INFO  main            d.u.i.k.p.i.AbstractProblemLoader Creating init config 
57431      DEBUG main            d.u.i.k.p.i.AbstractProblemLoader Init config took 2.65s 
57471      INFO  main            d.u.i.k.p.i.AbstractProblemLoader Replaying proof contract.IFBlockExamples[contract.IFBlockExamples::secure_6(int)].Non-interference contract.0 
57474      DEBUG main            d.u.i.k.p.i.IntermediateProofReplayer Proof replay took 13.2ns 
57977      INFO  main            d.u.i.k.p.r.p.TestFile    ... finished proof: closed. 
58153      INFO  main            d.u.i.k.p.r.p.TestFile    Now processing file /home/runner/work/key/key/key.core/../key.ui/examples/InformationFlow/BlockContracts/contract.IFBlockExamples(contract.IFBlockExamples__insecure_1(int)).Non-interference contract.0.key 
58154      INFO  main            d.u.i.k.p.i.AbstractProblemLoader Loading environment from /home/runner/work/key/key/key.core/../key.ui/examples/InformationFlow/BlockContracts/contract.IFBlockExamples(contract.IFBlockExamples__insecure_1(int)).Non-interference contract.0.key 
58154      DEBUG main            d.u.i.k.p.i.AbstractProblemLoader Environment load took 97.7ns 
58155      INFO  main            d.u.i.k.p.i.AbstractProblemLoader Creating init config 
60803      DEBUG main            d.u.i.k.p.i.AbstractProblemLoader Init config took 2.65s 
60843      INFO  main            d.u.i.k.p.i.AbstractProblemLoader Replaying proof contract.IFBlockExamples[contract.IFBlockExamples::insecure_1(int)].Non-interference contract.0 
60846      DEBUG main            d.u.i.k.p.i.IntermediateProofReplayer Proof replay took 12.6ns 
61451      INFO  main            d.u.i.k.p.r.p.TestFile    ... finished proof: open goal(s) 
61628      INFO  main            d.u.i.k.p.r.p.TestFile    Now processing file /home/runner/work/key/key/key.core/../key.ui/examples/InformationFlow/BlockContracts/contract.IFBlockExamples(contract.IFBlockExamples__secure_4(int)).Non-interference contract.0.key 
61628      INFO  main            d.u.i.k.p.i.AbstractProblemLoader Loading environment from /home/runner/work/key/key/key.core/../key.ui/examples/InformationFlow/BlockContracts/contract.IFBlockExamples(contract.IFBlockExamples__secure_4(int)).Non-interference contract.0.key 
61628      DEBUG main            d.u.i.k.p.i.AbstractProblemLoader Environment load took 64.2ns 
61630      INFO  main            d.u.i.k.p.i.AbstractProblemLoader Creating init config 
64290      DEBUG main            d.u.i.k.p.i.AbstractProblemLoader Init config took 2.66s 
64329      INFO  main            d.u.i.k.p.i.AbstractProblemLoader Replaying proof contract.IFBlockExamples[contract.IFBlockExamples::secure_4(int)].Non-interference contract.0 
64331      DEBUG main            d.u.i.k.p.i.IntermediateProofReplayer Proof replay took 13.9ns 
64937      INFO  main            d.u.i.k.p.r.p.TestFile    ... finished proof: closed. 
65145      INFO  main            d.u.i.k.p.r.p.TestFile    Now processing file /home/runner/work/key/key/key.core/../key.ui/examples/InformationFlow/BlockContracts/contract.IFBlockExamples(contract.IFBlockExamples__secure_1(int)).Non-interference contract.0.key 
65145      INFO  main            d.u.i.k.p.i.AbstractProblemLoader Loading environment from /home/runner/work/key/key/key.core/../key.ui/examples/InformationFlow/BlockContracts/contract.IFBlockExamples(contract.IFBlockExamples__secure_1(int)).Non-interference contract.0.key 
65145      DEBUG main            d.u.i.k.p.i.AbstractProblemLoader Environment load took 67.6ns 
65146      INFO  main            d.u.i.k.p.i.AbstractProblemLoader Creating init config 
67796      DEBUG main            d.u.i.k.p.i.AbstractProblemLoader Init config took 2.65s 
67850      INFO  main            d.u.i.k.p.i.AbstractProblemLoader Replaying proof contract.IFBlockExamples[contract.IFBlockExamples::secure_1(int)].Non-interference contract.0 
67853      DEBUG main            d.u.i.k.p.i.IntermediateProofReplayer Proof replay took 16.1ns 
68558      INFO  main            d.u.i.k.p.r.p.TestFile    ... finished proof: closed. 
68763      INFO  main            d.u.i.k.p.r.p.TestFile    Now processing file /home/runner/work/key/key/key.core/../key.ui/examples/InformationFlow/BlockContracts/contract.IFEfficiencyExamples(contract.IFEfficiencyExamples__mWithoutBlockContract()).Non-interference contract.0.key 
68763      INFO  main            d.u.i.k.p.i.AbstractProblemLoader Loading environment from /home/runner/work/key/key/key.core/../key.ui/examples/InformationFlow/BlockContracts/contract.IFEfficiencyExamples(contract.IFEfficiencyExamples__mWithoutBlockContract()).Non-interference contract.0.key 
68763      DEBUG main            d.u.i.k.p.i.AbstractProblemLoader Environment load took 67.1ns 
68764      INFO  main            d.u.i.k.p.i.AbstractProblemLoader Creating init config 
71411      DEBUG main            d.u.i.k.p.i.AbstractProblemLoader Init config took 2.65s 
71455      INFO  main            d.u.i.k.p.i.AbstractProblemLoader Replaying proof contract.IFEfficiencyExamples[contract.IFEfficiencyExamples::mWithoutBlockContract()].Non-interference contract.0 
71459      DEBUG main            d.u.i.k.p.i.IntermediateProofReplayer Proof replay took 15.4ns 
74469      INFO  main            d.u.i.k.p.r.p.TestFile    ... finished proof: closed. 
74708      INFO  main            d.u.i.k.p.r.p.TestFile    Now processing file /home/runner/work/key/key/key.core/../key.ui/examples/InformationFlow/BlockContracts/contract.IFEfficiencyExamples(contract.IFEfficiencyExamples__mWithBlockContract()).Non-interference contract.0.key 
74708      INFO  main            d.u.i.k.p.i.AbstractProblemLoader Loading environment from /home/runner/work/key/key/key.core/../key.ui/examples/InformationFlow/BlockContracts/contract.IFEfficiencyExamples(contract.IFEfficiencyExamples__mWithBlockContract()).Non-interference contract.0.key 
74708      DEBUG main            d.u.i.k.p.i.AbstractProblemLoader Environment load took 70.3ns 
74709      INFO  main            d.u.i.k.p.i.AbstractProblemLoader Creating init config 
77346      DEBUG main            d.u.i.k.p.i.AbstractProblemLoader Init config took 2.64s 
77389      INFO  main            d.u.i.k.p.i.AbstractProblemLoader Replaying proof contract.IFEfficiencyExamples[contract.IFEfficiencyExamples::mWithBlockContract()].Non-interference contract.0 
77391      DEBUG main            d.u.i.k.p.i.IntermediateProofReplayer Proof replay took 14.2ns 
79914      INFO  main            d.u.i.k.p.r.p.TestFile    ... finished proof: closed. 
905349     INFO  Test worker     d.u.i.k.p.r.RunAllProofsTestUnit Returning from test BlockContracts_nomacro 
905350     INFO  Test worker     d.u.i.k.p.r.RunAllProofsTestUnit Running test MethodContracts_nomacro 
354        INFO  Timeout watchdog d.u.i.k.p.r.p.ForkedTestFileRunner Timeout watcher launched (1000 secs.) 
363        WARN  main            d.u.i.k.s.ProofSettings   The settings in /home/runner/.key/proof-settings.props are *not* read. 
400        INFO  main            d.u.i.k.p.r.p.TestFile    Now processing file /home/runner/work/key/key/key.core/../key.ui/examples/InformationFlow/MethodContracts/contract.IFMethodContract(contract.IFMethodContract__secure_recursion_2((I,int)).Non-interference contract.0.key 
508        INFO  main            d.u.i.k.p.i.AbstractProblemLoader Loading environment from /home/runner/work/key/key/key.core/../key.ui/examples/InformationFlow/MethodContracts/contract.IFMethodContract(contract.IFMethodContract__secure_recursion_2((I,int)).Non-interference contract.0.key 
527        DEBUG main            d.u.i.k.p.i.AbstractProblemLoader Environment load took 1.99ms 
753        INFO  main            d.u.i.k.p.i.AbstractProblemLoader Creating init config 
1678       DEBUG main            d.u.i.k.j.TypeConverter   No LDT found for Meta 
1679       DEBUG main            d.u.i.k.j.TypeConverter   No LDT found for Meta 
1680       DEBUG main            d.u.i.k.j.TypeConverter   No LDT found for Meta 
1680       DEBUG main            d.u.i.k.j.TypeConverter   No LDT found for Meta 
3310       DEBUG main            d.u.i.k.j.TypeConverter   No LDT found for JavaBigintExpression 
8234       DEBUG main            d.u.i.k.p.i.AbstractProblemLoader Init config took 7.48s 
8367       INFO  main            d.u.i.k.p.i.AbstractProblemLoader Replaying proof contract.IFMethodContract[contract.IFMethodContract::secure_recursion_2([I,int)].Non-interference contract.0 
8429       DEBUG main            d.u.i.k.p.i.IntermediateProofReplayer Proof replay took 428.11ns 
12183      INFO  main            d.u.i.k.p.r.p.TestFile    ... finished proof: closed. 
12347      INFO  main            d.u.i.k.p.r.p.TestFile    Now processing file /home/runner/work/key/key/key.core/../key.ui/examples/InformationFlow/MethodContracts/contract.IFMethodContract(contract.IFMethodContract__secure_recursion(int)).Non-interference contract.0.key 
12347      INFO  main            d.u.i.k.p.i.AbstractProblemLoader Loading environment from /home/runner/work/key/key/key.core/../key.ui/examples/InformationFlow/MethodContracts/contract.IFMethodContract(contract.IFMethodContract__secure_recursion(int)).Non-interference contract.0.key 
12347      DEBUG main            d.u.i.k.p.i.AbstractProblemLoader Environment load took 95.5ns 
12349      INFO  main            d.u.i.k.p.i.AbstractProblemLoader Creating init config 
15274      DEBUG main            d.u.i.k.p.i.AbstractProblemLoader Init config took 2.93s 
15346      INFO  main            d.u.i.k.p.i.AbstractProblemLoader Replaying proof contract.IFMethodContract[contract.IFMethodContract::secure_recursion(int)].Non-interference contract.0 
15351      DEBUG main            d.u.i.k.p.i.IntermediateProofReplayer Proof replay took 14.2ns 
15754      INFO  main            d.u.i.k.p.r.p.TestFile    ... finished proof: closed. 
15889      INFO  main            d.u.i.k.p.r.p.TestFile    Now processing file /home/runner/work/key/key/key.core/../key.ui/examples/InformationFlow/MethodContracts/contract.IFMethodContract(contract.IFMethodContract__secure_catch_exception()).Non-interference contract.0.key 
15889      INFO  main            d.u.i.k.p.i.AbstractProblemLoader Loading environment from /home/runner/work/key/key/key.core/../key.ui/examples/InformationFlow/MethodContracts/contract.IFMethodContract(contract.IFMethodContract__secure_catch_exception()).Non-interference contract.0.key 
15889      DEBUG main            d.u.i.k.p.i.AbstractProblemLoader Environment load took 92.9ns 
15892      INFO  main            d.u.i.k.p.i.AbstractProblemLoader Creating init config 
18672      DEBUG main            d.u.i.k.p.i.AbstractProblemLoader Init config took 2.78s 
18726      INFO  main            d.u.i.k.p.i.AbstractProblemLoader Replaying proof contract.IFMethodContract[contract.IFMethodContract::secure_catch_exception()].Non-interference contract.0 
18732      DEBUG main            d.u.i.k.p.i.IntermediateProofReplayer Proof replay took 14.6ns 
19137      INFO  main            d.u.i.k.p.r.p.TestFile    ... finished proof: closed. 
19273      INFO  main            d.u.i.k.p.r.p.TestFile    Now processing file /home/runner/work/key/key/key.core/../key.ui/examples/InformationFlow/MethodContracts/contract.IFMethodContract(contract.IFMethodContract__n6()).Non-interference contract.0.key 
19273      INFO  main            d.u.i.k.p.i.AbstractProblemLoader Loading environment from /home/runner/work/key/key/key.core/../key.ui/examples/InformationFlow/MethodContracts/contract.IFMethodContract(contract.IFMethodContract__n6()).Non-interference contract.0.key 
19273      DEBUG main            d.u.i.k.p.i.AbstractProblemLoader Environment load took 70.1ns 
19275      INFO  main            d.u.i.k.p.i.AbstractProblemLoader Creating init config 
21978      DEBUG main            d.u.i.k.p.i.AbstractProblemLoader Init config took 2.7s 
22026      INFO  main            d.u.i.k.p.i.AbstractProblemLoader Replaying proof contract.IFMethodContract[contract.IFMethodContract::n6()].Non-interference contract.0 
22029      DEBUG main            d.u.i.k.p.i.IntermediateProofReplayer Proof replay took 12.2ns 
22234      INFO  main            d.u.i.k.p.r.p.TestFile    ... finished proof: closed. 
22359      INFO  main            d.u.i.k.p.r.p.TestFile    Now processing file /home/runner/work/key/key/key.core/../key.ui/examples/InformationFlow/MethodContracts/contract.IFMethodContract(contract.IFMethodContract__secure_n6()).Non-interference contract.0.key 
22359      INFO  main            d.u.i.k.p.i.AbstractProblemLoader Loading environment from /home/runner/work/key/key/key.core/../key.ui/examples/InformationFlow/MethodContracts/contract.IFMethodContract(contract.IFMethodContract__secure_n6()).Non-interference contract.0.key 
22359      DEBUG main            d.u.i.k.p.i.AbstractProblemLoader Environment load took 513.81ns 
22361      INFO  main            d.u.i.k.p.i.AbstractProblemLoader Creating init config 
24994      DEBUG main            d.u.i.k.p.i.AbstractProblemLoader Init config took 2.63s 
25038      INFO  main            d.u.i.k.p.i.AbstractProblemLoader Replaying proof contract.IFMethodContract[contract.IFMethodContract::secure_n6()].Non-interference contract.0 
25040      DEBUG main            d.u.i.k.p.i.IntermediateProofReplayer Proof replay took 12.4ns 
25246      INFO  main            d.u.i.k.p.r.p.TestFile    ... finished proof: closed. 
25378      INFO  main            d.u.i.k.p.r.p.TestFile    Now processing file /home/runner/work/key/key/key.core/../key.ui/examples/InformationFlow/MethodContracts/contract.IFMethodContract(contract.IFMethodContract__secure_array_param((I,int)).Non-interference contract.0.key 
25378      INFO  main            d.u.i.k.p.i.AbstractProblemLoader Loading environment from /home/runner/work/key/key/key.core/../key.ui/examples/InformationFlow/MethodContracts/contract.IFMethodContract(contract.IFMethodContract__secure_array_param((I,int)).Non-interference contract.0.key 
25378      DEBUG main            d.u.i.k.p.i.AbstractProblemLoader Environment load took 68.1ns 
25379      INFO  main            d.u.i.k.p.i.AbstractProblemLoader Creating init config 
27995      DEBUG main            d.u.i.k.p.i.AbstractProblemLoader Init config took 2.62s 
28074      INFO  main            d.u.i.k.p.i.AbstractProblemLoader Replaying proof contract.IFMethodContract[contract.IFMethodContract::secure_array_param([I,int)].Non-interference contract.0 
28079      DEBUG main            d.u.i.k.p.i.IntermediateProofReplayer Proof replay took 12.5ns 
29285      INFO  main            d.u.i.k.p.r.p.TestFile    ... finished proof: closed. 
29424      INFO  main            d.u.i.k.p.r.p.TestFile    Now processing file /home/runner/work/key/key/key.core/../key.ui/examples/InformationFlow/MethodContracts/contract.IFMethodContract(contract.IFMethodContract__secure_assignment_0_n9()).Non-interference contract.0.key 
29424      INFO  main            d.u.i.k.p.i.AbstractProblemLoader Loading environment from /home/runner/work/key/key/key.core/../key.ui/examples/InformationFlow/MethodContracts/contract.IFMethodContract(contract.IFMethodContract__secure_assignment_0_n9()).Non-interference contract.0.key 
29424      DEBUG main            d.u.i.k.p.i.AbstractProblemLoader Environment load took 68.2ns 
29425      INFO  main            d.u.i.k.p.i.AbstractProblemLoader Creating init config 
32028      DEBUG main            d.u.i.k.p.i.AbstractProblemLoader Init config took 2.6s 
32077      INFO  main            d.u.i.k.p.i.AbstractProblemLoader Replaying proof contract.IFMethodContract[contract.IFMethodContract::secure_assignment_0_n9()].Non-interference contract.0 
32080      DEBUG main            d.u.i.k.p.i.IntermediateProofReplayer Proof replay took 13.1ns 
32283      INFO  main            d.u.i.k.p.r.p.TestFile    ... finished proof: closed. 
32425      INFO  main            d.u.i.k.p.r.p.TestFile    Now processing file /home/runner/work/key/key/key.core/../key.ui/examples/InformationFlow/MethodContracts/contract.IFMethodContract(contract.IFMethodContract__insecure_if_high_n5_n1()).Non-interference contract.0.key 
32425      INFO  main            d.u.i.k.p.i.AbstractProblemLoader Loading environment from /home/runner/work/key/key/key.core/../key.ui/examples/InformationFlow/MethodContracts/contract.IFMethodContract(contract.IFMethodContract__insecure_if_high_n5_n1()).Non-interference contract.0.key 
32425      DEBUG main            d.u.i.k.p.i.AbstractProblemLoader Environment load took 116.1ns 
32426      INFO  main            d.u.i.k.p.i.AbstractProblemLoader Creating init config 
35075      DEBUG main            d.u.i.k.p.i.AbstractProblemLoader Init config took 2.65s 
35115      INFO  main            d.u.i.k.p.i.AbstractProblemLoader Replaying proof contract.IFMethodContract[contract.IFMethodContract::insecure_if_high_n5_n1()].Non-interference contract.0 
35118      DEBUG main            d.u.i.k.p.i.IntermediateProofReplayer Proof replay took 13.9ns 
35929      INFO  main            d.u.i.k.p.r.p.TestFile    ... finished proof: open goal(s) 
36194      INFO  main            d.u.i.k.p.r.p.TestFile    Now processing file /home/runner/work/key/key/key.core/../key.ui/examples/InformationFlow/MethodContracts/contract.IFMethodContract(contract.IFMethodContract__n5(int)).Non-interference contract.0.key 
36195      INFO  main            d.u.i.k.p.i.AbstractProblemLoader Loading environment from /home/runner/work/key/key/key.core/../key.ui/examples/InformationFlow/MethodContracts/contract.IFMethodContract(contract.IFMethodContract__n5(int)).Non-interference contract.0.key 
36195      DEBUG main            d.u.i.k.p.i.AbstractProblemLoader Environment load took 70.9ns 
36196      INFO  main            d.u.i.k.p.i.AbstractProblemLoader Creating init config 
38819      DEBUG main            d.u.i.k.p.i.AbstractProblemLoader Init config took 2.62s 
38876      INFO  main            d.u.i.k.p.i.AbstractProblemLoader Replaying proof contract.IFMethodContract[contract.IFMethodContract::n5(int)].Non-interference contract.0 
38879      DEBUG main            d.u.i.k.p.i.IntermediateProofReplayer Proof replay took 13.7ns 
38981      INFO  main            d.u.i.k.p.r.p.TestFile    ... finished proof: closed. 
39146      INFO  main            d.u.i.k.p.r.p.TestFile    Now processing file /home/runner/work/key/key/key.core/../key.ui/examples/InformationFlow/MethodContracts/contract.IFMethodContract(contract.IFMethodContract__secure_if_high_n5_n1()).Non-interference contract.0.key 
39146      INFO  main            d.u.i.k.p.i.AbstractProblemLoader Loading environment from /home/runner/work/key/key/key.core/../key.ui/examples/InformationFlow/MethodContracts/contract.IFMethodContract(contract.IFMethodContract__secure_if_high_n5_n1()).Non-interference contract.0.key 
39147      DEBUG main            d.u.i.k.p.i.AbstractProblemLoader Environment load took 118.2ns 
39147      INFO  main            d.u.i.k.p.i.AbstractProblemLoader Creating init config 
41722      DEBUG main            d.u.i.k.p.i.AbstractProblemLoader Init config took 2.57s 
41768      INFO  main            d.u.i.k.p.i.AbstractProblemLoader Replaying proof contract.IFMethodContract[contract.IFMethodContract::secure_if_high_n5_n1()].Non-interference contract.0 
41771      DEBUG main            d.u.i.k.p.i.IntermediateProofReplayer Proof replay took 14.3ns 
42878      INFO  main            d.u.i.k.p.r.p.TestFile    ... finished proof: closed. 
43045      INFO  main            d.u.i.k.p.r.p.TestFile    Now processing file /home/runner/work/key/key/key.core/../key.ui/examples/InformationFlow/MethodContracts/contract.IFMethodContract(contract.IFMethodContract__secure_if_high_n1()).Non-interference contract.0.key 
43045      INFO  main            d.u.i.k.p.i.AbstractProblemLoader Loading environment from /home/runner/work/key/key/key.core/../key.ui/examples/InformationFlow/MethodContracts/contract.IFMethodContract(contract.IFMethodContract__secure_if_high_n1()).Non-interference contract.0.key 
43045      DEBUG main            d.u.i.k.p.i.AbstractProblemLoader Environment load took 72.7ns 
43053      INFO  main            d.u.i.k.p.i.AbstractProblemLoader Creating init config 
45625      DEBUG main            d.u.i.k.p.i.AbstractProblemLoader Init config took 2.57s 
45668      INFO  main            d.u.i.k.p.i.AbstractProblemLoader Replaying proof contract.IFMethodContract[contract.IFMethodContract::secure_if_high_n1()].Non-interference contract.0 
45673      DEBUG main            d.u.i.k.p.i.IntermediateProofReplayer Proof replay took 14.4ns 
46298      INFO  main            d.u.i.k.p.r.p.TestFile    ... finished proof: closed. 
46461      INFO  main            d.u.i.k.p.r.p.TestFile    Now processing file /home/runner/work/key/key/key.core/../key.ui/examples/InformationFlow/MethodContracts/contract.IFMethodContract(contract.IFMethodContract__secure_n5()).Non-interference contract.0.key 
46461      INFO  main            d.u.i.k.p.i.AbstractProblemLoader Loading environment from /home/runner/work/key/key/key.core/../key.ui/examples/InformationFlow/MethodContracts/contract.IFMethodContract(contract.IFMethodContract__secure_n5()).Non-interference contract.0.key 
46462      DEBUG main            d.u.i.k.p.i.AbstractProblemLoader Environment load took 74.6ns 
46463      INFO  main            d.u.i.k.p.i.AbstractProblemLoader Creating init config 
49018      DEBUG main            d.u.i.k.p.i.AbstractProblemLoader Init config took 2.56s 
49070      INFO  main            d.u.i.k.p.i.AbstractProblemLoader Replaying proof contract.IFMethodContract[contract.IFMethodContract::secure_n5()].Non-interference contract.0 
49073      DEBUG main            d.u.i.k.p.i.IntermediateProofReplayer Proof replay took 13.9ns 
49278      INFO  main            d.u.i.k.p.r.p.TestFile    ... finished proof: closed. 
49431      INFO  main            d.u.i.k.p.r.p.TestFile    Now processing file /home/runner/work/key/key/key.core/../key.ui/examples/InformationFlow/MethodContracts/contract.IFMethodContract(contract.IFMethodContract__n4()).Non-interference contract.0.key 
49431      INFO  main            d.u.i.k.p.i.AbstractProblemLoader Loading environment from /home/runner/work/key/key/key.core/../key.ui/examples/InformationFlow/MethodContracts/contract.IFMethodContract(contract.IFMethodContract__n4()).Non-interference contract.0.key 
49431      DEBUG main            d.u.i.k.p.i.AbstractProblemLoader Environment load took 67.1ns 
49433      INFO  main            d.u.i.k.p.i.AbstractProblemLoader Creating init config 
52013      DEBUG main            d.u.i.k.p.i.AbstractProblemLoader Init config took 2.58s 
52064      INFO  main            d.u.i.k.p.i.AbstractProblemLoader Replaying proof contract.IFMethodContract[contract.IFMethodContract::n4()].Non-interference contract.0 
52066      DEBUG main            d.u.i.k.p.i.IntermediateProofReplayer Proof replay took 13.7ns 
52270      INFO  main            d.u.i.k.p.r.p.TestFile    ... finished proof: closed. 
52433      INFO  main            d.u.i.k.p.r.p.TestFile    Now processing file /home/runner/work/key/key/key.core/../key.ui/examples/InformationFlow/MethodContracts/contract.IFMethodContract(contract.IFMethodContract__n3()).Non-interference contract.0.key 
52434      INFO  main            d.u.i.k.p.i.AbstractProblemLoader Loading environment from /home/runner/work/key/key/key.core/../key.ui/examples/InformationFlow/MethodContracts/contract.IFMethodContract(contract.IFMethodContract__n3()).Non-interference contract.0.key 
52434      DEBUG main            d.u.i.k.p.i.AbstractProblemLoader Environment load took 106.8ns 
52435      INFO  main            d.u.i.k.p.i.AbstractProblemLoader Creating init config 
54989      DEBUG main            d.u.i.k.p.i.AbstractProblemLoader Init config took 2.55s 
55025      INFO  main            d.u.i.k.p.i.AbstractProblemLoader Replaying proof contract.IFMethodContract[contract.IFMethodContract::n3()].Non-interference contract.0 
55028      DEBUG main            d.u.i.k.p.i.IntermediateProofReplayer Proof replay took 14ns 
55130      INFO  main            d.u.i.k.p.r.p.TestFile    ... finished proof: closed. 
55285      INFO  main            d.u.i.k.p.r.p.TestFile    Now processing file /home/runner/work/key/key/key.core/../key.ui/examples/InformationFlow/MethodContracts/contract.IFMethodContract(contract.IFMethodContract__secure_sequential_n3_precond_n4()).Non-interference contract.0.key 
55286      INFO  main            d.u.i.k.p.i.AbstractProblemLoader Loading environment from /home/runner/work/key/key/key.core/../key.ui/examples/InformationFlow/MethodContracts/contract.IFMethodContract(contract.IFMethodContract__secure_sequential_n3_precond_n4()).Non-interference contract.0.key 
55286      DEBUG main            d.u.i.k.p.i.AbstractProblemLoader Environment load took 75.4ns 
55287      INFO  main            d.u.i.k.p.i.AbstractProblemLoader Creating init config 
57828      DEBUG main            d.u.i.k.p.i.AbstractProblemLoader Init config took 2.54s 
57864      INFO  main            d.u.i.k.p.i.AbstractProblemLoader Replaying proof contract.IFMethodContract[contract.IFMethodContract::secure_sequential_n3_precond_n4()].Non-interference contract.0 
57866      DEBUG main            d.u.i.k.p.i.IntermediateProofReplayer Proof replay took 14.7ns 
58169      INFO  main            d.u.i.k.p.r.p.TestFile    ... finished proof: closed. 
58341      INFO  main            d.u.i.k.p.r.p.TestFile    Now processing file /home/runner/work/key/key/key.core/../key.ui/examples/InformationFlow/MethodContracts/contract.IFMethodContract(contract.IFMethodContract__insecure_assignment_n2()).Non-interference contract.0.key 
58341      INFO  main            d.u.i.k.p.i.AbstractProblemLoader Loading environment from /home/runner/work/key/key/key.core/../key.ui/examples/InformationFlow/MethodContracts/contract.IFMethodContract(contract.IFMethodContract__insecure_assignment_n2()).Non-interference contract.0.key 
58342      DEBUG main            d.u.i.k.p.i.AbstractProblemLoader Environment load took 64.4ns 
58342      INFO  main            d.u.i.k.p.i.AbstractProblemLoader Creating init config 
60867      DEBUG main            d.u.i.k.p.i.AbstractProblemLoader Init config took 2.52s 
60910      INFO  main            d.u.i.k.p.i.AbstractProblemLoader Replaying proof contract.IFMethodContract[contract.IFMethodContract::insecure_assignment_n2()].Non-interference contract.0 
60913      DEBUG main            d.u.i.k.p.i.IntermediateProofReplayer Proof replay took 15ns 
61119      INFO  main            d.u.i.k.p.r.p.TestFile    ... finished proof: open goal(s) 
61295      INFO  main            d.u.i.k.p.r.p.TestFile    Now processing file /home/runner/work/key/key/key.core/../key.ui/examples/InformationFlow/MethodContracts/contract.IFMethodContract(contract.IFMethodContract__secure_assignments_n2()).Non-interference contract.0.key 
61295      INFO  main            d.u.i.k.p.i.AbstractProblemLoader Loading environment from /home/runner/work/key/key/key.core/../key.ui/examples/InformationFlow/MethodContracts/contract.IFMethodContract(contract.IFMethodContract__secure_assignments_n2()).Non-interference contract.0.key 
61295      DEBUG main            d.u.i.k.p.i.AbstractProblemLoader Environment load took 61.5ns 
61297      INFO  main            d.u.i.k.p.i.AbstractProblemLoader Creating init config 
63807      DEBUG main            d.u.i.k.p.i.AbstractProblemLoader Init config took 2.51s 
63842      INFO  main            d.u.i.k.p.i.AbstractProblemLoader Replaying proof contract.IFMethodContract[contract.IFMethodContract::secure_assignments_n2()].Non-interference contract.0 
63845      DEBUG main            d.u.i.k.p.i.IntermediateProofReplayer Proof replay took 14.4ns 
64047      INFO  main            d.u.i.k.p.r.p.TestFile    ... finished proof: closed. 
64216      INFO  main            d.u.i.k.p.r.p.TestFile    Now processing file /home/runner/work/key/key/key.core/../key.ui/examples/InformationFlow/MethodContracts/contract.IFMethodContract(contract.IFMethodContract__n2()).Non-interference contract.0.key 
64216      INFO  main            d.u.i.k.p.i.AbstractProblemLoader Loading environment from /home/runner/work/key/key/key.core/../key.ui/examples/InformationFlow/MethodContracts/contract.IFMethodContract(contract.IFMethodContract__n2()).Non-interference contract.0.key 
64216      DEBUG main            d.u.i.k.p.i.AbstractProblemLoader Environment load took 61.3ns 
64218      INFO  main            d.u.i.k.p.i.AbstractProblemLoader Creating init config 
66713      DEBUG main            d.u.i.k.p.i.AbstractProblemLoader Init config took 2.5s 
66759      INFO  main            d.u.i.k.p.i.AbstractProblemLoader Replaying proof contract.IFMethodContract[contract.IFMethodContract::n2()].Non-interference contract.0 
66762      DEBUG main            d.u.i.k.p.i.IntermediateProofReplayer Proof replay took 14.2ns 
66864      INFO  main            d.u.i.k.p.r.p.TestFile    ... finished proof: closed. 
67027      INFO  main            d.u.i.k.p.r.p.TestFile    Now processing file /home/runner/work/key/key/key.core/../key.ui/examples/InformationFlow/MethodContracts/contract.IFMethodContract(contract.IFMethodContract__n1()).Non-interference contract.0.key 
67028      INFO  main            d.u.i.k.p.i.AbstractProblemLoader Loading environment from /home/runner/work/key/key/key.core/../key.ui/examples/InformationFlow/MethodContracts/contract.IFMethodContract(contract.IFMethodContract__n1()).Non-interference contract.0.key 
67028      DEBUG main            d.u.i.k.p.i.AbstractProblemLoader Environment load took 475.01ns 
67029      INFO  main            d.u.i.k.p.i.AbstractProblemLoader Creating init config 
69558      DEBUG main            d.u.i.k.p.i.AbstractProblemLoader Init config took 2.53s 
69603      INFO  main            d.u.i.k.p.i.AbstractProblemLoader Replaying proof contract.IFMethodContract[contract.IFMethodContract::n1()].Non-interference contract.0 
69606      DEBUG main            d.u.i.k.p.i.IntermediateProofReplayer Proof replay took 14.3ns 
69710      INFO  main            d.u.i.k.p.r.p.TestFile    ... finished proof: closed. 
69875      INFO  main            d.u.i.k.p.r.p.TestFile    Now processing file /home/runner/work/key/key/key.core/../key.ui/examples/InformationFlow/MethodContracts/contract.IFMethodContract(contract.IFMethodContract__secure_sequential_n1_n2()).Non-interference contract.0.key 
69875      INFO  main            d.u.i.k.p.i.AbstractProblemLoader Loading environment from /home/runner/work/key/key/key.core/../key.ui/examples/InformationFlow/MethodContracts/contract.IFMethodContract(contract.IFMethodContract__secure_sequential_n1_n2()).Non-interference contract.0.key 
69876      DEBUG main            d.u.i.k.p.i.AbstractProblemLoader Environment load took 65.3ns 
69877      INFO  main            d.u.i.k.p.i.AbstractProblemLoader Creating init config 
72379      DEBUG main            d.u.i.k.p.i.AbstractProblemLoader Init config took 2.5s 
72412      INFO  main            d.u.i.k.p.i.AbstractProblemLoader Replaying proof contract.IFMethodContract[contract.IFMethodContract::secure_sequential_n1_n2()].Non-interference contract.0 
72415      DEBUG main            d.u.i.k.p.i.IntermediateProofReplayer Proof replay took 13.7ns 
72618      INFO  main            d.u.i.k.p.r.p.TestFile    ... finished proof: closed. 
978326     INFO  Test worker     d.u.i.k.p.r.RunAllProofsTestUnit Returning from test MethodContracts_nomacro 
978328     INFO  Test worker     d.u.i.k.p.r.RunAllProofsTestUnit Running test LoopInvariants_nomacro 
373        INFO  Timeout watchdog d.u.i.k.p.r.p.ForkedTestFileRunner Timeout watcher launched (1000 secs.) 
386        WARN  main            d.u.i.k.s.ProofSettings   The settings in /home/runner/.key/proof-settings.props are *not* read. 
409        INFO  main            d.u.i.k.p.r.p.TestFile    Now processing file /home/runner/work/key/key/key.core/../key.ui/examples/InformationFlow/LoopInvariants/loop.IFLoopExamples(loop.IFLoopExamples__insecure_while_3(int)).Non-interference contract.0.key 
522        INFO  main            d.u.i.k.p.i.AbstractProblemLoader Loading environment from /home/runner/work/key/key/key.core/../key.ui/examples/InformationFlow/LoopInvariants/loop.IFLoopExamples(loop.IFLoopExamples__insecure_while_3(int)).Non-interference contract.0.key 
548        DEBUG main            d.u.i.k.p.i.AbstractProblemLoader Environment load took 2.27ms 
800        INFO  main            d.u.i.k.p.i.AbstractProblemLoader Creating init config 
1831       DEBUG main            d.u.i.k.j.TypeConverter   No LDT found for Meta 
1831       DEBUG main            d.u.i.k.j.TypeConverter   No LDT found for Meta 
1835       DEBUG main            d.u.i.k.j.TypeConverter   No LDT found for Meta 
1835       DEBUG main            d.u.i.k.j.TypeConverter   No LDT found for Meta 
3308       DEBUG main            d.u.i.k.j.TypeConverter   No LDT found for JavaBigintExpression 
8870       DEBUG main            d.u.i.k.p.i.AbstractProblemLoader Init config took 8.07s 
9015       INFO  main            d.u.i.k.p.i.AbstractProblemLoader Replaying proof loop.IFLoopExamples[loop.IFLoopExamples::insecure_while_3(int)].Non-interference contract.0 
9094       DEBUG main            d.u.i.k.p.i.IntermediateProofReplayer Proof replay took 402.81ns 
12068      INFO  main            d.u.i.k.p.r.p.TestFile    ... finished proof: open goal(s) 
12270      INFO  main            d.u.i.k.p.r.p.TestFile    Now processing file /home/runner/work/key/key/key.core/../key.ui/examples/InformationFlow/LoopInvariants/loop.IFLoopExamples(loop.IFLoopExamples__secure_while_2(int)).Non-interference contract.0.key 
12273      INFO  main            d.u.i.k.p.i.AbstractProblemLoader Loading environment from /home/runner/work/key/key/key.core/../key.ui/examples/InformationFlow/LoopInvariants/loop.IFLoopExamples(loop.IFLoopExamples__secure_while_2(int)).Non-interference contract.0.key 
12273      DEBUG main            d.u.i.k.p.i.AbstractProblemLoader Environment load took 370.2ns 
12275      INFO  main            d.u.i.k.p.i.AbstractProblemLoader Creating init config 
15475      DEBUG main            d.u.i.k.p.i.AbstractProblemLoader Init config took 3.2s 
15549      INFO  main            d.u.i.k.p.i.AbstractProblemLoader Replaying proof loop.IFLoopExamples[loop.IFLoopExamples::secure_while_2(int)].Non-interference contract.0 
15553      DEBUG main            d.u.i.k.p.i.IntermediateProofReplayer Proof replay took 13ns 
17381      INFO  main            d.u.i.k.p.r.p.TestFile    ... finished proof: closed. 
17566      INFO  main            d.u.i.k.p.r.p.TestFile    Now processing file /home/runner/work/key/key/key.core/../key.ui/examples/InformationFlow/LoopInvariants/loop.IFLoopExamples(loop.IFLoopExamples__secure_while_4(int)).Non-interference contract.0.key 
17566      INFO  main            d.u.i.k.p.i.AbstractProblemLoader Loading environment from /home/runner/work/key/key/key.core/../key.ui/examples/InformationFlow/LoopInvariants/loop.IFLoopExamples(loop.IFLoopExamples__secure_while_4(int)).Non-interference contract.0.key 
17567      DEBUG main            d.u.i.k.p.i.AbstractProblemLoader Environment load took 90.6ns 
17568      INFO  main            d.u.i.k.p.i.AbstractProblemLoader Creating init config 
20640      DEBUG main            d.u.i.k.p.i.AbstractProblemLoader Init config took 3.07s 
20698      INFO  main            d.u.i.k.p.i.AbstractProblemLoader Replaying proof loop.IFLoopExamples[loop.IFLoopExamples::secure_while_4(int)].Non-interference contract.0 
20701      DEBUG main            d.u.i.k.p.i.IntermediateProofReplayer Proof replay took 13.3ns 
22423      INFO  main            d.u.i.k.p.r.p.TestFile    ... finished proof: closed. 
22576      INFO  main            d.u.i.k.p.r.p.TestFile    Now processing file /home/runner/work/key/key/key.core/../key.ui/examples/InformationFlow/LoopInvariants/loop.IFLoopExamples(loop.IFLoopExamples__insecure_doubleNestedWhile2(int)).Non-interference contract.0.key 
22576      INFO  main            d.u.i.k.p.i.AbstractProblemLoader Loading environment from /home/runner/work/key/key/key.core/../key.ui/examples/InformationFlow/LoopInvariants/loop.IFLoopExamples(loop.IFLoopExamples__insecure_doubleNestedWhile2(int)).Non-interference contract.0.key 
22576      DEBUG main            d.u.i.k.p.i.AbstractProblemLoader Environment load took 78.3ns 
22578      INFO  main            d.u.i.k.p.i.AbstractProblemLoader Creating init config 
25550      DEBUG main            d.u.i.k.p.i.AbstractProblemLoader Init config took 2.97s 
25614      INFO  main            d.u.i.k.p.i.AbstractProblemLoader Replaying proof loop.IFLoopExamples[loop.IFLoopExamples::insecure_doubleNestedWhile2(int)].Non-interference contract.0 
25618      DEBUG main            d.u.i.k.p.i.IntermediateProofReplayer Proof replay took 13.8ns 
34695      INFO  main            d.u.i.k.p.r.p.TestFile    ... finished proof: open goal(s) 
34910      INFO  main            d.u.i.k.p.r.p.TestFile    Now processing file /home/runner/work/key/key/key.core/../key.ui/examples/InformationFlow/LoopInvariants/loop.IFLoopExamples(loop.IFLoopExamples__insecure_doubleNestedWhile(int)).Non-interference contract.0.key 
34910      INFO  main            d.u.i.k.p.i.AbstractProblemLoader Loading environment from /home/runner/work/key/key/key.core/../key.ui/examples/InformationFlow/LoopInvariants/loop.IFLoopExamples(loop.IFLoopExamples__insecure_doubleNestedWhile(int)).Non-interference contract.0.key 
34910      DEBUG main            d.u.i.k.p.i.AbstractProblemLoader Environment load took 85.4ns 
34911      INFO  main            d.u.i.k.p.i.AbstractProblemLoader Creating init config 
37793      DEBUG main            d.u.i.k.p.i.AbstractProblemLoader Init config took 2.88s 
37843      INFO  main            d.u.i.k.p.i.AbstractProblemLoader Replaying proof loop.IFLoopExamples[loop.IFLoopExamples::insecure_doubleNestedWhile(int)].Non-interference contract.0 
37846      DEBUG main            d.u.i.k.p.i.IntermediateProofReplayer Proof replay took 13.3ns 
45538      INFO  main            d.u.i.k.p.r.p.TestFile    ... finished proof: open goal(s) 
45834      INFO  main            d.u.i.k.p.r.p.TestFile    Now processing file /home/runner/work/key/key/key.core/../key.ui/examples/InformationFlow/LoopInvariants/loop.IFLoopExamples(loop.IFLoopExamples__secure_doubleNestedWhile(int)).Non-interference contract.0.key 
45834      INFO  main            d.u.i.k.p.i.AbstractProblemLoader Loading environment from /home/runner/work/key/key/key.core/../key.ui/examples/InformationFlow/LoopInvariants/loop.IFLoopExamples(loop.IFLoopExamples__secure_doubleNestedWhile(int)).Non-interference contract.0.key 
45834      DEBUG main            d.u.i.k.p.i.AbstractProblemLoader Environment load took 67.9ns 
45838      INFO  main            d.u.i.k.p.i.AbstractProblemLoader Creating init config 
48642      DEBUG main            d.u.i.k.p.i.AbstractProblemLoader Init config took 2.8s 
48683      INFO  main            d.u.i.k.p.i.AbstractProblemLoader Replaying proof loop.IFLoopExamples[loop.IFLoopExamples::secure_doubleNestedWhile(int)].Non-interference contract.0 
48688      DEBUG main            d.u.i.k.p.i.IntermediateProofReplayer Proof replay took 13.4ns 
56214      INFO  main            d.u.i.k.p.r.p.TestFile    ... finished proof: closed. 
56515      INFO  main            d.u.i.k.p.r.p.TestFile    Now processing file /home/runner/work/key/key/key.core/../key.ui/examples/InformationFlow/LoopInvariants/loop.IFLoopExamples(loop.IFLoopExamples__secure_nestedTwoWhile(int)).Non-interference contract.0.key 
56515      INFO  main            d.u.i.k.p.i.AbstractProblemLoader Loading environment from /home/runner/work/key/key/key.core/../key.ui/examples/InformationFlow/LoopInvariants/loop.IFLoopExamples(loop.IFLoopExamples__secure_nestedTwoWhile(int)).Non-interference contract.0.key 
56515      DEBUG main            d.u.i.k.p.i.AbstractProblemLoader Environment load took 501.01ns 
56516      INFO  main            d.u.i.k.p.i.AbstractProblemLoader Creating init config 
59279      DEBUG main            d.u.i.k.p.i.AbstractProblemLoader Init config took 2.76s 
59320      INFO  main            d.u.i.k.p.i.AbstractProblemLoader Replaying proof loop.IFLoopExamples[loop.IFLoopExamples::secure_nestedTwoWhile(int)].Non-interference contract.0 
59323      DEBUG main            d.u.i.k.p.i.IntermediateProofReplayer Proof replay took 26.6ns 
64738      INFO  main            d.u.i.k.p.r.p.TestFile    ... finished proof: closed. 
64962      INFO  main            d.u.i.k.p.r.p.TestFile    Now processing file /home/runner/work/key/key/key.core/../key.ui/examples/InformationFlow/LoopInvariants/loop.IFLoopExamples(loop.IFLoopExamples__secure_nestedWhile(int)).Non-interference contract.0.key 
64962      INFO  main            d.u.i.k.p.i.AbstractProblemLoader Loading environment from /home/runner/work/key/key/key.core/../key.ui/examples/InformationFlow/LoopInvariants/loop.IFLoopExamples(loop.IFLoopExamples__secure_nestedWhile(int)).Non-interference contract.0.key 
64962      DEBUG main            d.u.i.k.p.i.AbstractProblemLoader Environment load took 77.8ns 
64963      INFO  main            d.u.i.k.p.i.AbstractProblemLoader Creating init config 
67753      DEBUG main            d.u.i.k.p.i.AbstractProblemLoader Init config took 2.79s 
67803      INFO  main            d.u.i.k.p.i.AbstractProblemLoader Replaying proof loop.IFLoopExamples[loop.IFLoopExamples::secure_nestedWhile(int)].Non-interference contract.0 
67805      DEBUG main            d.u.i.k.p.i.IntermediateProofReplayer Proof replay took 12.5ns 
70936      INFO  main            d.u.i.k.p.r.p.TestFile    ... finished proof: closed. 
71138      INFO  main            d.u.i.k.p.r.p.TestFile    Now processing file /home/runner/work/key/key/key.core/../key.ui/examples/InformationFlow/LoopInvariants/loop.IFLoopExamples(loop.IFLoopExamples__notSecure_while(int)).Non-interference contract.0.key 
71138      INFO  main            d.u.i.k.p.i.AbstractProblemLoader Loading environment from /home/runner/work/key/key/key.core/../key.ui/examples/InformationFlow/LoopInvariants/loop.IFLoopExamples(loop.IFLoopExamples__notSecure_while(int)).Non-interference contract.0.key 
71138      DEBUG main            d.u.i.k.p.i.AbstractProblemLoader Environment load took 72.4ns 
71139      INFO  main            d.u.i.k.p.i.AbstractProblemLoader Creating init config 
73949      DEBUG main            d.u.i.k.p.i.AbstractProblemLoader Init config took 2.81s 
73989      INFO  main            d.u.i.k.p.i.AbstractProblemLoader Replaying proof loop.IFLoopExamples[loop.IFLoopExamples::notSecure_while(int)].Non-interference contract.0 
73991      DEBUG main            d.u.i.k.p.i.IntermediateProofReplayer Proof replay took 13.6ns 
75099      INFO  main            d.u.i.k.p.r.p.TestFile    ... finished proof: open goal(s) 
75282      INFO  main            d.u.i.k.p.r.p.TestFile    Now processing file /home/runner/work/key/key/key.core/../key.ui/examples/InformationFlow/LoopInvariants/loop.IFLoopExamples(loop.IFLoopExamples__notSecure_while_wrongInv(int)).Non-interference contract.0.key 
75283      INFO  main            d.u.i.k.p.i.AbstractProblemLoader Loading environment from /home/runner/work/key/key/key.core/../key.ui/examples/InformationFlow/LoopInvariants/loop.IFLoopExamples(loop.IFLoopExamples__notSecure_while_wrongInv(int)).Non-interference contract.0.key 
75283      DEBUG main            d.u.i.k.p.i.AbstractProblemLoader Environment load took 68.7ns 
75284      INFO  main            d.u.i.k.p.i.AbstractProblemLoader Creating init config 
78115      DEBUG main            d.u.i.k.p.i.AbstractProblemLoader Init config took 2.83s 
78156      INFO  main            d.u.i.k.p.i.AbstractProblemLoader Replaying proof loop.IFLoopExamples[loop.IFLoopExamples::notSecure_while_wrongInv(int)].Non-interference contract.0 
78160      DEBUG main            d.u.i.k.p.i.IntermediateProofReplayer Proof replay took 13ns 
78562      INFO  main            d.u.i.k.p.r.p.TestFile    ... finished proof: open goal(s) 
78752      INFO  main            d.u.i.k.p.r.p.TestFile    Now processing file /home/runner/work/key/key/key.core/../key.ui/examples/InformationFlow/LoopInvariants/loop.IFLoopExamples(loop.IFLoopExamples__insecure_twoWhile(int)).Non-interference contract.0.key 
78752      INFO  main            d.u.i.k.p.i.AbstractProblemLoader Loading environment from /home/runner/work/key/key/key.core/../key.ui/examples/InformationFlow/LoopInvariants/loop.IFLoopExamples(loop.IFLoopExamples__insecure_twoWhile(int)).Non-interference contract.0.key 
78752      DEBUG main            d.u.i.k.p.i.AbstractProblemLoader Environment load took 84.2ns 
78753      INFO  main            d.u.i.k.p.i.AbstractProblemLoader Creating init config 
81533      DEBUG main            d.u.i.k.p.i.AbstractProblemLoader Init config took 2.78s 
81571      INFO  main            d.u.i.k.p.i.AbstractProblemLoader Replaying proof loop.IFLoopExamples[loop.IFLoopExamples::insecure_twoWhile(int)].Non-interference contract.0 
81574      DEBUG main            d.u.i.k.p.i.IntermediateProofReplayer Proof replay took 12.6ns 
83582      INFO  main            d.u.i.k.p.r.p.TestFile    ... finished proof: open goal(s) 
83794      INFO  main            d.u.i.k.p.r.p.TestFile    Now processing file /home/runner/work/key/key/key.core/../key.ui/examples/InformationFlow/LoopInvariants/loop.IFLoopExamples(loop.IFLoopExamples__insecure_twoWhile_2(int)).Non-interference contract.0.key 
83794      INFO  main            d.u.i.k.p.i.AbstractProblemLoader Loading environment from /home/runner/work/key/key/key.core/../key.ui/examples/InformationFlow/LoopInvariants/loop.IFLoopExamples(loop.IFLoopExamples__insecure_twoWhile_2(int)).Non-interference contract.0.key 
83794      DEBUG main            d.u.i.k.p.i.AbstractProblemLoader Environment load took 90ns 
83795      INFO  main            d.u.i.k.p.i.AbstractProblemLoader Creating init config 
86609      DEBUG main            d.u.i.k.p.i.AbstractProblemLoader Init config took 2.81s 
86659      INFO  main            d.u.i.k.p.i.AbstractProblemLoader Replaying proof loop.IFLoopExamples[loop.IFLoopExamples::insecure_twoWhile_2(int)].Non-interference contract.0 
86662      DEBUG main            d.u.i.k.p.i.IntermediateProofReplayer Proof replay took 12.9ns 
89071      INFO  main            d.u.i.k.p.r.p.TestFile    ... finished proof: open goal(s) 
89321      INFO  main            d.u.i.k.p.r.p.TestFile    Now processing file /home/runner/work/key/key/key.core/../key.ui/examples/InformationFlow/LoopInvariants/loop.IFLoopExamples(loop.IFLoopExamples__secure_twoWhile(int)).Non-interference contract.0.key 
89322      INFO  main            d.u.i.k.p.i.AbstractProblemLoader Loading environment from /home/runner/work/key/key/key.core/../key.ui/examples/InformationFlow/LoopInvariants/loop.IFLoopExamples(loop.IFLoopExamples__secure_twoWhile(int)).Non-interference contract.0.key 
89322      DEBUG main            d.u.i.k.p.i.AbstractProblemLoader Environment load took 85ns 
89324      INFO  main            d.u.i.k.p.i.AbstractProblemLoader Creating init config 
92083      DEBUG main            d.u.i.k.p.i.AbstractProblemLoader Init config took 2.76s 
92126      INFO  main            d.u.i.k.p.i.AbstractProblemLoader Replaying proof loop.IFLoopExamples[loop.IFLoopExamples::secure_twoWhile(int)].Non-interference contract.0 
92129      DEBUG main            d.u.i.k.p.i.IntermediateProofReplayer Proof replay took 13.3ns 
93938      INFO  main            d.u.i.k.p.r.p.TestFile    ... finished proof: closed. 
94202      INFO  main            d.u.i.k.p.r.p.TestFile    Now processing file /home/runner/work/key/key/key.core/../key.ui/examples/InformationFlow/LoopInvariants/loop.IFLoopExamples(loop.IFLoopExamples__loc_secure_while(int)).Non-interference contract.0.key 
94202      INFO  main            d.u.i.k.p.i.AbstractProblemLoader Loading environment from /home/runner/work/key/key/key.core/../key.ui/examples/InformationFlow/LoopInvariants/loop.IFLoopExamples(loop.IFLoopExamples__loc_secure_while(int)).Non-interference contract.0.key 
94202      DEBUG main            d.u.i.k.p.i.AbstractProblemLoader Environment load took 75.3ns 
94203      INFO  main            d.u.i.k.p.i.AbstractProblemLoader Creating init config 
96973      DEBUG main            d.u.i.k.p.i.AbstractProblemLoader Init config took 2.77s 
97009      INFO  main            d.u.i.k.p.i.AbstractProblemLoader Replaying proof loop.IFLoopExamples[loop.IFLoopExamples::loc_secure_while(int)].Non-interference contract.0 
97012      DEBUG main            d.u.i.k.p.i.IntermediateProofReplayer Proof replay took 13.6ns 
98226      INFO  main            d.u.i.k.p.r.p.TestFile    ... finished proof: closed. 
98409      INFO  main            d.u.i.k.p.r.p.TestFile    Now processing file /home/runner/work/key/key/key.core/../key.ui/examples/InformationFlow/LoopInvariants/loop.IFLoopExamples(loop.IFLoopExamples__secure_while(int)).Non-interference contract.0.key 
98409      INFO  main            d.u.i.k.p.i.AbstractProblemLoader Loading environment from /home/runner/work/key/key/key.core/../key.ui/examples/InformationFlow/LoopInvariants/loop.IFLoopExamples(loop.IFLoopExamples__secure_while(int)).Non-interference contract.0.key 
98409      DEBUG main            d.u.i.k.p.i.AbstractProblemLoader Environment load took 65.5ns 
98411      INFO  main            d.u.i.k.p.i.AbstractProblemLoader Creating init config 
101216     DEBUG main            d.u.i.k.p.i.AbstractProblemLoader Init config took 2.81s 
101255     INFO  main            d.u.i.k.p.i.AbstractProblemLoader Replaying proof loop.IFLoopExamples[loop.IFLoopExamples::secure_while(int)].Non-interference contract.0 
101258     DEBUG main            d.u.i.k.p.i.IntermediateProofReplayer Proof replay took 15.7ns 
102264     INFO  main            d.u.i.k.p.r.p.TestFile    ... finished proof: closed. 
102462     INFO  main            d.u.i.k.p.r.p.TestFile    Now processing file /home/runner/work/key/key/key.core/../key.ui/examples/InformationFlow/LoopInvariants/loop.IFLoopExamples(loop.IFLoopExamples__print(int)).Non-interference contract.0.key 
102462     INFO  main            d.u.i.k.p.i.AbstractProblemLoader Loading environment from /home/runner/work/key/key/key.core/../key.ui/examples/InformationFlow/LoopInvariants/loop.IFLoopExamples(loop.IFLoopExamples__print(int)).Non-interference contract.0.key 
102462     DEBUG main            d.u.i.k.p.i.AbstractProblemLoader Environment load took 75.8ns 
102463     INFO  main            d.u.i.k.p.i.AbstractProblemLoader Creating init config 
105218     DEBUG main            d.u.i.k.p.i.AbstractProblemLoader Init config took 2.76s 
105254     INFO  main            d.u.i.k.p.i.AbstractProblemLoader Replaying proof loop.IFLoopExamples[loop.IFLoopExamples::print(int)].Non-interference contract.0 
105256     DEBUG main            d.u.i.k.p.i.IntermediateProofReplayer Proof replay took 13.4ns 
105361     INFO  main            d.u.i.k.p.r.p.TestFile    ... finished proof: closed. 
105526     INFO  main            d.u.i.k.p.r.p.TestFile    Now processing file /home/runner/work/key/key/key.core/../key.ui/examples/InformationFlow/LoopInvariants/loop.IFLoopExamples(loop.IFLoopExamples__hammer(int)).Non-interference contract.0.key 
105526     INFO  main            d.u.i.k.p.i.AbstractProblemLoader Loading environment from /home/runner/work/key/key/key.core/../key.ui/examples/InformationFlow/LoopInvariants/loop.IFLoopExamples(loop.IFLoopExamples__hammer(int)).Non-interference contract.0.key 
105526     DEBUG main            d.u.i.k.p.i.AbstractProblemLoader Environment load took 110ns 
105528     INFO  main            d.u.i.k.p.i.AbstractProblemLoader Creating init config 
108321     DEBUG main            d.u.i.k.p.i.AbstractProblemLoader Init config took 2.79s 
108356     INFO  main            d.u.i.k.p.i.AbstractProblemLoader Replaying proof loop.IFLoopExamples[loop.IFLoopExamples::hammer(int)].Non-interference contract.0 
108358     DEBUG main            d.u.i.k.p.i.IntermediateProofReplayer Proof replay took 13.3ns 
110398     INFO  main            d.u.i.k.p.r.p.TestFile    ... finished proof: closed. 
1089110    INFO  Test worker     d.u.i.k.p.r.RunAllProofsTestUnit Returning from test LoopInvariants_nomacro 
1089114    INFO  Test worker     d.u.i.k.p.r.RunAllProofsTestUnit Running test MiniExamples_nomacro 
335        INFO  Timeout watchdog d.u.i.k.p.r.p.ForkedTestFileRunner Timeout watcher launched (1000 secs.) 
354        WARN  main            d.u.i.k.s.ProofSettings   The settings in /home/runner/.key/proof-settings.props are *not* read. 
382        INFO  main            d.u.i.k.p.r.p.TestFile    Now processing file /home/runner/work/key/key/key.core/../key.ui/examples/InformationFlow/MiniExamples/mini.AliasingExamples(mini.AliasingExamples__insecure_1(mini.AliasingExamples,mini.AliasingExamples,int)).Non-interference contract.0.key 
485        INFO  main            d.u.i.k.p.i.AbstractProblemLoader Loading environment from /home/runner/work/key/key/key.core/../key.ui/examples/InformationFlow/MiniExamples/mini.AliasingExamples(mini.AliasingExamples__insecure_1(mini.AliasingExamples,mini.AliasingExamples,int)).Non-interference contract.0.key 
509        DEBUG main            d.u.i.k.p.i.AbstractProblemLoader Environment load took 1.78ms 
740        INFO  main            d.u.i.k.p.i.AbstractProblemLoader Creating init config 
1706       DEBUG main            d.u.i.k.j.TypeConverter   No LDT found for Meta 
1707       DEBUG main            d.u.i.k.j.TypeConverter   No LDT found for Meta 
1710       DEBUG main            d.u.i.k.j.TypeConverter   No LDT found for Meta 
1710       DEBUG main            d.u.i.k.j.TypeConverter   No LDT found for Meta 
3047       DEBUG main            d.u.i.k.j.TypeConverter   No LDT found for JavaBigintExpression 
7730       DEBUG main            d.u.i.k.p.i.AbstractProblemLoader Init config took 6.99s 
7866       INFO  main            d.u.i.k.p.i.AbstractProblemLoader Replaying proof mini.AliasingExamples[mini.AliasingExamples::insecure_1(mini.AliasingExamples,mini.AliasingExamples,int)].Non-interference contract.0 
7908       DEBUG main            d.u.i.k.p.i.IntermediateProofReplayer Proof replay took 304.3ns 
8794       INFO  main            d.u.i.k.p.r.p.TestFile    ... finished proof: open goal(s) 
8910       INFO  main            d.u.i.k.p.r.p.TestFile    Now processing file /home/runner/work/key/key/key.core/../key.ui/examples/InformationFlow/MiniExamples/mini.AliasingExamples(mini.AliasingExamples__secure_1(mini.AliasingExamples,mini.AliasingExamples,int)).Non-interference contract.0.key 
8911       INFO  main            d.u.i.k.p.i.AbstractProblemLoader Loading environment from /home/runner/work/key/key/key.core/../key.ui/examples/InformationFlow/MiniExamples/mini.AliasingExamples(mini.AliasingExamples__secure_1(mini.AliasingExamples,mini.AliasingExamples,int)).Non-interference contract.0.key 
8911       DEBUG main            d.u.i.k.p.i.AbstractProblemLoader Environment load took 345.5ns 
8914       INFO  main            d.u.i.k.p.i.AbstractProblemLoader Creating init config 
11734      DEBUG main            d.u.i.k.p.i.AbstractProblemLoader Init config took 2.82s 
11812      INFO  main            d.u.i.k.p.i.AbstractProblemLoader Replaying proof mini.AliasingExamples[mini.AliasingExamples::secure_1(mini.AliasingExamples,mini.AliasingExamples,int)].Non-interference contract.0 
11816      DEBUG main            d.u.i.k.p.i.IntermediateProofReplayer Proof replay took 13.5ns 
12120      INFO  main            d.u.i.k.p.r.p.TestFile    ... finished proof: closed. 
12242      INFO  main            d.u.i.k.p.r.p.TestFile    Now processing file /home/runner/work/key/key/key.core/../key.ui/examples/InformationFlow/MiniExamples/mini.MiniExamplesLecture(mini.MiniExamplesLecture__m_6()).Non-interference contract.0.key 
12242      INFO  main            d.u.i.k.p.i.AbstractProblemLoader Loading environment from /home/runner/work/key/key/key.core/../key.ui/examples/InformationFlow/MiniExamples/mini.MiniExamplesLecture(mini.MiniExamplesLecture__m_6()).Non-interference contract.0.key 
12243      DEBUG main            d.u.i.k.p.i.AbstractProblemLoader Environment load took 93.1ns 
12244      INFO  main            d.u.i.k.p.i.AbstractProblemLoader Creating init config 
14870      DEBUG main            d.u.i.k.p.i.AbstractProblemLoader Init config took 2.63s 
14941      INFO  main            d.u.i.k.p.i.AbstractProblemLoader Replaying proof mini.MiniExamplesLecture[mini.MiniExamplesLecture::m_6()].Non-interference contract.0 
14946      DEBUG main            d.u.i.k.p.i.IntermediateProofReplayer Proof replay took 13.9ns 
15149      INFO  main            d.u.i.k.p.r.p.TestFile    ... finished proof: closed. 
15279      INFO  main            d.u.i.k.p.r.p.TestFile    Now processing file /home/runner/work/key/key/key.core/../key.ui/examples/InformationFlow/MiniExamples/mini.MiniExamplesLecture(mini.MiniExamplesLecture__m_5()).Non-interference contract.0.key 
15279      INFO  main            d.u.i.k.p.i.AbstractProblemLoader Loading environment from /home/runner/work/key/key/key.core/../key.ui/examples/InformationFlow/MiniExamples/mini.MiniExamplesLecture(mini.MiniExamplesLecture__m_5()).Non-interference contract.0.key 
15279      DEBUG main            d.u.i.k.p.i.AbstractProblemLoader Environment load took 73.8ns 
15283      INFO  main            d.u.i.k.p.i.AbstractProblemLoader Creating init config 
17886      DEBUG main            d.u.i.k.p.i.AbstractProblemLoader Init config took 2.6s 
17937      INFO  main            d.u.i.k.p.i.AbstractProblemLoader Replaying proof mini.MiniExamplesLecture[mini.MiniExamplesLecture::m_5()].Non-interference contract.0 
17940      DEBUG main            d.u.i.k.p.i.IntermediateProofReplayer Proof replay took 13.3ns 
18143      INFO  main            d.u.i.k.p.r.p.TestFile    ... finished proof: closed. 
18300      INFO  main            d.u.i.k.p.r.p.TestFile    Now processing file /home/runner/work/key/key/key.core/../key.ui/examples/InformationFlow/MiniExamples/mini.MiniExamplesLecture(mini.MiniExamplesLecture__m_4()).Non-interference contract.0.key 
18301      INFO  main            d.u.i.k.p.i.AbstractProblemLoader Loading environment from /home/runner/work/key/key/key.core/../key.ui/examples/InformationFlow/MiniExamples/mini.MiniExamplesLecture(mini.MiniExamplesLecture__m_4()).Non-interference contract.0.key 
18301      DEBUG main            d.u.i.k.p.i.AbstractProblemLoader Environment load took 115.5ns 
18302      INFO  main            d.u.i.k.p.i.AbstractProblemLoader Creating init config 
20828      DEBUG main            d.u.i.k.p.i.AbstractProblemLoader Init config took 2.53s 
20874      INFO  main            d.u.i.k.p.i.AbstractProblemLoader Replaying proof mini.MiniExamplesLecture[mini.MiniExamplesLecture::m_4()].Non-interference contract.0 
20877      DEBUG main            d.u.i.k.p.i.IntermediateProofReplayer Proof replay took 12.2ns 
21082      INFO  main            d.u.i.k.p.r.p.TestFile    ... finished proof: closed. 
21214      INFO  main            d.u.i.k.p.r.p.TestFile    Now processing file /home/runner/work/key/key/key.core/../key.ui/examples/InformationFlow/MiniExamples/mini.MiniExamplesLecture(mini.MiniExamplesLecture__m_3()).Non-interference contract.0.key 
21214      INFO  main            d.u.i.k.p.i.AbstractProblemLoader Loading environment from /home/runner/work/key/key/key.core/../key.ui/examples/InformationFlow/MiniExamples/mini.MiniExamplesLecture(mini.MiniExamplesLecture__m_3()).Non-interference contract.0.key 
21214      DEBUG main            d.u.i.k.p.i.AbstractProblemLoader Environment load took 77.2ns 
21215      INFO  main            d.u.i.k.p.i.AbstractProblemLoader Creating init config 
23764      DEBUG main            d.u.i.k.p.i.AbstractProblemLoader Init config took 2.55s 
23810      INFO  main            d.u.i.k.p.i.AbstractProblemLoader Replaying proof mini.MiniExamplesLecture[mini.MiniExamplesLecture::m_3()].Non-interference contract.0 
23815      DEBUG main            d.u.i.k.p.i.IntermediateProofReplayer Proof replay took 12ns 
24220      INFO  main            d.u.i.k.p.r.p.TestFile    ... finished proof: open goal(s) 
24367      INFO  main            d.u.i.k.p.r.p.TestFile    Now processing file /home/runner/work/key/key/key.core/../key.ui/examples/InformationFlow/MiniExamples/mini.MiniExamplesLecture(mini.MiniExamplesLecture__m_2()).Non-interference contract.0.key 
24367      INFO  main            d.u.i.k.p.i.AbstractProblemLoader Loading environment from /home/runner/work/key/key/key.core/../key.ui/examples/InformationFlow/MiniExamples/mini.MiniExamplesLecture(mini.MiniExamplesLecture__m_2()).Non-interference contract.0.key 
24368      DEBUG main            d.u.i.k.p.i.AbstractProblemLoader Environment load took 865.01ns 
24369      INFO  main            d.u.i.k.p.i.AbstractProblemLoader Creating init config 
26877      DEBUG main            d.u.i.k.p.i.AbstractProblemLoader Init config took 2.51s 
26925      INFO  main            d.u.i.k.p.i.AbstractProblemLoader Replaying proof mini.MiniExamplesLecture[mini.MiniExamplesLecture::m_2()].Non-interference contract.0 
26928      DEBUG main            d.u.i.k.p.i.IntermediateProofReplayer Proof replay took 14.5ns 
27231      INFO  main            d.u.i.k.p.r.p.TestFile    ... finished proof: closed. 
27382      INFO  main            d.u.i.k.p.r.p.TestFile    Now processing file /home/runner/work/key/key/key.core/../key.ui/examples/InformationFlow/MiniExamples/mini.MiniExamplesLecture(mini.MiniExamplesLecture__m_1()).Non-interference contract.0.key 
27383      INFO  main            d.u.i.k.p.i.AbstractProblemLoader Loading environment from /home/runner/work/key/key/key.core/../key.ui/examples/InformationFlow/MiniExamples/mini.MiniExamplesLecture(mini.MiniExamplesLecture__m_1()).Non-interference contract.0.key 
27383      DEBUG main            d.u.i.k.p.i.AbstractProblemLoader Environment load took 81.2ns 
27384      INFO  main            d.u.i.k.p.i.AbstractProblemLoader Creating init config 
29868      DEBUG main            d.u.i.k.p.i.AbstractProblemLoader Init config took 2.48s 
29912      INFO  main            d.u.i.k.p.i.AbstractProblemLoader Replaying proof mini.MiniExamplesLecture[mini.MiniExamplesLecture::m_1()].Non-interference contract.0 
29914      DEBUG main            d.u.i.k.p.i.IntermediateProofReplayer Proof replay took 12.2ns 
30018      INFO  main            d.u.i.k.p.r.p.TestFile    ... finished proof: open goal(s) 
30157      INFO  main            d.u.i.k.p.r.p.TestFile    Now processing file /home/runner/work/key/key/key.core/../key.ui/examples/InformationFlow/MiniExamples/mini.DifferenceSeqLocset(mini.DifferenceSeqLocset__m()).Non-interference contract.1.key 
30157      INFO  main            d.u.i.k.p.i.AbstractProblemLoader Loading environment from /home/runner/work/key/key/key.core/../key.ui/examples/InformationFlow/MiniExamples/mini.DifferenceSeqLocset(mini.DifferenceSeqLocset__m()).Non-interference contract.1.key 
30157      DEBUG main            d.u.i.k.p.i.AbstractProblemLoader Environment load took 75ns 
30158      INFO  main            d.u.i.k.p.i.AbstractProblemLoader Creating init config 
32626      DEBUG main            d.u.i.k.p.i.AbstractProblemLoader Init config took 2.47s 
32669      INFO  main            d.u.i.k.p.i.AbstractProblemLoader Replaying proof mini.DifferenceSeqLocset[mini.DifferenceSeqLocset::m()].Non-interference contract.1 
32672      DEBUG main            d.u.i.k.p.i.IntermediateProofReplayer Proof replay took 14.1ns 
33483      INFO  main            d.u.i.k.p.r.p.TestFile    ... finished proof: open goal(s) 
33631      INFO  main            d.u.i.k.p.r.p.TestFile    Now processing file /home/runner/work/key/key/key.core/../key.ui/examples/InformationFlow/MiniExamples/mini.DifferenceSeqLocset(mini.DifferenceSeqLocset__m()).Non-interference contract.0.key 
33631      INFO  main            d.u.i.k.p.i.AbstractProblemLoader Loading environment from /home/runner/work/key/key/key.core/../key.ui/examples/InformationFlow/MiniExamples/mini.DifferenceSeqLocset(mini.DifferenceSeqLocset__m()).Non-interference contract.0.key 
33632      DEBUG main            d.u.i.k.p.i.AbstractProblemLoader Environment load took 79.7ns 
33633      INFO  main            d.u.i.k.p.i.AbstractProblemLoader Creating init config 
36102      DEBUG main            d.u.i.k.p.i.AbstractProblemLoader Init config took 2.47s 
36154      INFO  main            d.u.i.k.p.i.AbstractProblemLoader Replaying proof mini.DifferenceSeqLocset[mini.DifferenceSeqLocset::m()].Non-interference contract.0 
36158      DEBUG main            d.u.i.k.p.i.IntermediateProofReplayer Proof replay took 11.5ns 
38209      INFO  main            d.u.i.k.p.r.p.TestFile    ... finished proof: open goal(s) 
38375      INFO  main            d.u.i.k.p.r.p.TestFile    Now processing file /home/runner/work/key/key/key.core/../key.ui/examples/InformationFlow/MiniExamples/mini.MiniExamples(mini.MiniExamples__secure_p2_8()).Non-interference contract.0.key 
38375      INFO  main            d.u.i.k.p.i.AbstractProblemLoader Loading environment from /home/runner/work/key/key/key.core/../key.ui/examples/InformationFlow/MiniExamples/mini.MiniExamples(mini.MiniExamples__secure_p2_8()).Non-interference contract.0.key 
38375      DEBUG main            d.u.i.k.p.i.AbstractProblemLoader Environment load took 76.1ns 
38376      INFO  main            d.u.i.k.p.i.AbstractProblemLoader Creating init config 
40817      DEBUG main            d.u.i.k.p.i.AbstractProblemLoader Init config took 2.44s 
40858      INFO  main            d.u.i.k.p.i.AbstractProblemLoader Replaying proof mini.MiniExamples[mini.MiniExamples::secure_p2_8()].Non-interference contract.0 
40861      DEBUG main            d.u.i.k.p.i.IntermediateProofReplayer Proof replay took 14ns 
41167      INFO  main            d.u.i.k.p.r.p.TestFile    ... finished proof: closed. 
41328      INFO  main            d.u.i.k.p.r.p.TestFile    Now processing file /home/runner/work/key/key/key.core/../key.ui/examples/InformationFlow/MiniExamples/mini.MiniExamples(mini.MiniExamples__secure_parameter(int)).Non-interference contract.0.key 
41328      INFO  main            d.u.i.k.p.i.AbstractProblemLoader Loading environment from /home/runner/work/key/key/key.core/../key.ui/examples/InformationFlow/MiniExamples/mini.MiniExamples(mini.MiniExamples__secure_parameter(int)).Non-interference contract.0.key 
41328      DEBUG main            d.u.i.k.p.i.AbstractProblemLoader Environment load took 78.4ns 
41332      INFO  main            d.u.i.k.p.i.AbstractProblemLoader Creating init config 
43795      DEBUG main            d.u.i.k.p.i.AbstractProblemLoader Init config took 2.46s 
43838      INFO  main            d.u.i.k.p.i.AbstractProblemLoader Replaying proof mini.MiniExamples[mini.MiniExamples::secure_parameter(int)].Non-interference contract.0 
43841      DEBUG main            d.u.i.k.p.i.IntermediateProofReplayer Proof replay took 14ns 
43943      INFO  main            d.u.i.k.p.r.p.TestFile    ... finished proof: closed. 
44099      INFO  main            d.u.i.k.p.r.p.TestFile    Now processing file /home/runner/work/key/key/key.core/../key.ui/examples/InformationFlow/MiniExamples/mini.MiniExamples(mini.MiniExamples__secure_p2_7()).Non-interference contract.0.key 
44099      INFO  main            d.u.i.k.p.i.AbstractProblemLoader Loading environment from /home/runner/work/key/key/key.core/../key.ui/examples/InformationFlow/MiniExamples/mini.MiniExamples(mini.MiniExamples__secure_p2_7()).Non-interference contract.0.key 
44100      DEBUG main            d.u.i.k.p.i.AbstractProblemLoader Environment load took 72.4ns 
44102      INFO  main            d.u.i.k.p.i.AbstractProblemLoader Creating init config 
46529      DEBUG main            d.u.i.k.p.i.AbstractProblemLoader Init config took 2.43s 
46579      INFO  main            d.u.i.k.p.i.AbstractProblemLoader Replaying proof mini.MiniExamples[mini.MiniExamples::secure_p2_7()].Non-interference contract.0 
46582      DEBUG main            d.u.i.k.p.i.IntermediateProofReplayer Proof replay took 13.7ns 
46884      INFO  main            d.u.i.k.p.r.p.TestFile    ... finished proof: closed. 
47040      INFO  main            d.u.i.k.p.r.p.TestFile    Now processing file /home/runner/work/key/key/key.core/../key.ui/examples/InformationFlow/MiniExamples/mini.MiniExamples(mini.MiniExamples__insecure_p2_2()).Non-interference contract.0.key 
47040      INFO  main            d.u.i.k.p.i.AbstractProblemLoader Loading environment from /home/runner/work/key/key/key.core/../key.ui/examples/InformationFlow/MiniExamples/mini.MiniExamples(mini.MiniExamples__insecure_p2_2()).Non-interference contract.0.key 
47040      DEBUG main            d.u.i.k.p.i.AbstractProblemLoader Environment load took 97.8ns 
47042      INFO  main            d.u.i.k.p.i.AbstractProblemLoader Creating init config 
49472      DEBUG main            d.u.i.k.p.i.AbstractProblemLoader Init config took 2.43s 
49511      INFO  main            d.u.i.k.p.i.AbstractProblemLoader Replaying proof mini.MiniExamples[mini.MiniExamples::insecure_p2_2()].Non-interference contract.0 
49513      DEBUG main            d.u.i.k.p.i.IntermediateProofReplayer Proof replay took 14.5ns 
49817      INFO  main            d.u.i.k.p.r.p.TestFile    ... finished proof: open goal(s) 
49976      INFO  main            d.u.i.k.p.r.p.TestFile    Now processing file /home/runner/work/key/key/key.core/../key.ui/examples/InformationFlow/MiniExamples/mini.MiniExamples(mini.MiniExamples__secure_p2_6()).Non-interference contract.0.key 
49977      INFO  main            d.u.i.k.p.i.AbstractProblemLoader Loading environment from /home/runner/work/key/key/key.core/../key.ui/examples/InformationFlow/MiniExamples/mini.MiniExamples(mini.MiniExamples__secure_p2_6()).Non-interference contract.0.key 
49977      DEBUG main            d.u.i.k.p.i.AbstractProblemLoader Environment load took 75.1ns 
49978      INFO  main            d.u.i.k.p.i.AbstractProblemLoader Creating init config 
52396      DEBUG main            d.u.i.k.p.i.AbstractProblemLoader Init config took 2.42s 
52435      INFO  main            d.u.i.k.p.i.AbstractProblemLoader Replaying proof mini.MiniExamples[mini.MiniExamples::secure_p2_6()].Non-interference contract.0 
52437      DEBUG main            d.u.i.k.p.i.IntermediateProofReplayer Proof replay took 15.6ns 
52539      INFO  main            d.u.i.k.p.r.p.TestFile    ... finished proof: closed. 
52733      INFO  main            d.u.i.k.p.r.p.TestFile    Now processing file /home/runner/work/key/key/key.core/../key.ui/examples/InformationFlow/MiniExamples/mini.MiniExamples(mini.MiniExamples__secure_p2_5()).Non-interference contract.0.key 
52734      INFO  main            d.u.i.k.p.i.AbstractProblemLoader Loading environment from /home/runner/work/key/key/key.core/../key.ui/examples/InformationFlow/MiniExamples/mini.MiniExamples(mini.MiniExamples__secure_p2_5()).Non-interference contract.0.key 
52734      DEBUG main            d.u.i.k.p.i.AbstractProblemLoader Environment load took 131.5ns 
52735      INFO  main            d.u.i.k.p.i.AbstractProblemLoader Creating init config 
55151      DEBUG main            d.u.i.k.p.i.AbstractProblemLoader Init config took 2.42s 
55195      INFO  main            d.u.i.k.p.i.AbstractProblemLoader Replaying proof mini.MiniExamples[mini.MiniExamples::secure_p2_5()].Non-interference contract.0 
55198      DEBUG main            d.u.i.k.p.i.IntermediateProofReplayer Proof replay took 13.3ns 
55400      INFO  main            d.u.i.k.p.r.p.TestFile    ... finished proof: closed. 
55590      INFO  main            d.u.i.k.p.r.p.TestFile    Now processing file /home/runner/work/key/key/key.core/../key.ui/examples/InformationFlow/MiniExamples/mini.MiniExamples(mini.MiniExamples__secure_p2_4()).Non-interference contract.0.key 
55590      INFO  main            d.u.i.k.p.i.AbstractProblemLoader Loading environment from /home/runner/work/key/key/key.core/../key.ui/examples/InformationFlow/MiniExamples/mini.MiniExamples(mini.MiniExamples__secure_p2_4()).Non-interference contract.0.key 
55590      DEBUG main            d.u.i.k.p.i.AbstractProblemLoader Environment load took 63.6ns 
55592      INFO  main            d.u.i.k.p.i.AbstractProblemLoader Creating init config 
57986      DEBUG main            d.u.i.k.p.i.AbstractProblemLoader Init config took 2.39s 
58044      INFO  main            d.u.i.k.p.i.AbstractProblemLoader Replaying proof mini.MiniExamples[mini.MiniExamples::secure_p2_4()].Non-interference contract.0 
58046      DEBUG main            d.u.i.k.p.i.IntermediateProofReplayer Proof replay took 14.1ns 
58249      INFO  main            d.u.i.k.p.r.p.TestFile    ... finished proof: closed. 
58474      INFO  main            d.u.i.k.p.r.p.TestFile    Now processing file /home/runner/work/key/key/key.core/../key.ui/examples/InformationFlow/MiniExamples/mini.MiniExamples(mini.MiniExamples__secure_p2_3()).Non-interference contract.0.key 
58475      INFO  main            d.u.i.k.p.i.AbstractProblemLoader Loading environment from /home/runner/work/key/key/key.core/../key.ui/examples/InformationFlow/MiniExamples/mini.MiniExamples(mini.MiniExamples__secure_p2_3()).Non-interference contract.0.key 
58475      DEBUG main            d.u.i.k.p.i.AbstractProblemLoader Environment load took 79.4ns 
58476      INFO  main            d.u.i.k.p.i.AbstractProblemLoader Creating init config 
60852      DEBUG main            d.u.i.k.p.i.AbstractProblemLoader Init config took 2.38s 
60901      INFO  main            d.u.i.k.p.i.AbstractProblemLoader Replaying proof mini.MiniExamples[mini.MiniExamples::secure_p2_3()].Non-interference contract.0 
60903      DEBUG main            d.u.i.k.p.i.IntermediateProofReplayer Proof replay took 15.3ns 
61006      INFO  main            d.u.i.k.p.r.p.TestFile    ... finished proof: closed. 
61176      INFO  main            d.u.i.k.p.r.p.TestFile    Now processing file /home/runner/work/key/key/key.core/../key.ui/examples/InformationFlow/MiniExamples/mini.MiniExamples(mini.MiniExamples__secure_p2_2()).Non-interference contract.0.key 
61177      INFO  main            d.u.i.k.p.i.AbstractProblemLoader Loading environment from /home/runner/work/key/key/key.core/../key.ui/examples/InformationFlow/MiniExamples/mini.MiniExamples(mini.MiniExamples__secure_p2_2()).Non-interference contract.0.key 
61177      DEBUG main            d.u.i.k.p.i.AbstractProblemLoader Environment load took 105.1ns 
61178      INFO  main            d.u.i.k.p.i.AbstractProblemLoader Creating init config 
63564      DEBUG main            d.u.i.k.p.i.AbstractProblemLoader Init config took 2.39s 
63600      INFO  main            d.u.i.k.p.i.AbstractProblemLoader Replaying proof mini.MiniExamples[mini.MiniExamples::secure_p2_2()].Non-interference contract.0 
63604      DEBUG main            d.u.i.k.p.i.IntermediateProofReplayer Proof replay took 14.1ns 
63706      INFO  main            d.u.i.k.p.r.p.TestFile    ... finished proof: closed. 
63887      INFO  main            d.u.i.k.p.r.p.TestFile    Now processing file /home/runner/work/key/key/key.core/../key.ui/examples/InformationFlow/MiniExamples/mini.MiniExamples(mini.MiniExamples__secure_p2_1()).Non-interference contract.0.key 
63887      INFO  main            d.u.i.k.p.i.AbstractProblemLoader Loading environment from /home/runner/work/key/key/key.core/../key.ui/examples/InformationFlow/MiniExamples/mini.MiniExamples(mini.MiniExamples__secure_p2_1()).Non-interference contract.0.key 
63887      DEBUG main            d.u.i.k.p.i.AbstractProblemLoader Environment load took 75.9ns 
63888      INFO  main            d.u.i.k.p.i.AbstractProblemLoader Creating init config 
66267      DEBUG main            d.u.i.k.p.i.AbstractProblemLoader Init config took 2.38s 
66304      INFO  main            d.u.i.k.p.i.AbstractProblemLoader Replaying proof mini.MiniExamples[mini.MiniExamples::secure_p2_1()].Non-interference contract.0 
66307      DEBUG main            d.u.i.k.p.i.IntermediateProofReplayer Proof replay took 13.5ns 
66409      INFO  main            d.u.i.k.p.r.p.TestFile    ... finished proof: closed. 
66597      INFO  main            d.u.i.k.p.r.p.TestFile    Now processing file /home/runner/work/key/key/key.core/../key.ui/examples/InformationFlow/MiniExamples/mini.MiniExamples(mini.MiniExamples__insecure_p2_1()).Non-interference contract.0.key 
66598      INFO  main            d.u.i.k.p.i.AbstractProblemLoader Loading environment from /home/runner/work/key/key/key.core/../key.ui/examples/InformationFlow/MiniExamples/mini.MiniExamples(mini.MiniExamples__insecure_p2_1()).Non-interference contract.0.key 
66598      DEBUG main            d.u.i.k.p.i.AbstractProblemLoader Environment load took 85.5ns 
66599      INFO  main            d.u.i.k.p.i.AbstractProblemLoader Creating init config 
68965      DEBUG main            d.u.i.k.p.i.AbstractProblemLoader Init config took 2.37s 
69010      INFO  main            d.u.i.k.p.i.AbstractProblemLoader Replaying proof mini.MiniExamples[mini.MiniExamples::insecure_p2_1()].Non-interference contract.0 
69013      DEBUG main            d.u.i.k.p.i.IntermediateProofReplayer Proof replay took 15.3ns 
69118      INFO  main            d.u.i.k.p.r.p.TestFile    ... finished proof: open goal(s) 
69314      INFO  main            d.u.i.k.p.r.p.TestFile    Now processing file /home/runner/work/key/key/key.core/../key.ui/examples/InformationFlow/MiniExamples/mini.MiniExamples(mini.MiniExamples__secure_p1_6()).Non-interference contract.0.key 
69315      INFO  main            d.u.i.k.p.i.AbstractProblemLoader Loading environment from /home/runner/work/key/key/key.core/../key.ui/examples/InformationFlow/MiniExamples/mini.MiniExamples(mini.MiniExamples__secure_p1_6()).Non-interference contract.0.key 
69315      DEBUG main            d.u.i.k.p.i.AbstractProblemLoader Environment load took 78.4ns 
69317      INFO  main            d.u.i.k.p.i.AbstractProblemLoader Creating init config 
71679      DEBUG main            d.u.i.k.p.i.AbstractProblemLoader Init config took 2.36s 
71716      INFO  main            d.u.i.k.p.i.AbstractProblemLoader Replaying proof mini.MiniExamples[mini.MiniExamples::secure_p1_6()].Non-interference contract.0 
71718      DEBUG main            d.u.i.k.p.i.IntermediateProofReplayer Proof replay took 13.1ns 
71922      INFO  main            d.u.i.k.p.r.p.TestFile    ... finished proof: closed. 
72097      INFO  main            d.u.i.k.p.r.p.TestFile    Now processing file /home/runner/work/key/key/key.core/../key.ui/examples/InformationFlow/MiniExamples/mini.MiniExamples(mini.MiniExamples__secure_p1_5()).Non-interference contract.0.key 
72097      INFO  main            d.u.i.k.p.i.AbstractProblemLoader Loading environment from /home/runner/work/key/key/key.core/../key.ui/examples/InformationFlow/MiniExamples/mini.MiniExamples(mini.MiniExamples__secure_p1_5()).Non-interference contract.0.key 
72097      DEBUG main            d.u.i.k.p.i.AbstractProblemLoader Environment load took 476ns 
72098      INFO  main            d.u.i.k.p.i.AbstractProblemLoader Creating init config 
74471      DEBUG main            d.u.i.k.p.i.AbstractProblemLoader Init config took 2.37s 
74506      INFO  main            d.u.i.k.p.i.AbstractProblemLoader Replaying proof mini.MiniExamples[mini.MiniExamples::secure_p1_5()].Non-interference contract.0 
74508      DEBUG main            d.u.i.k.p.i.IntermediateProofReplayer Proof replay took 13.3ns 
74815      INFO  main            d.u.i.k.p.r.p.TestFile    ... finished proof: closed. 
75008      INFO  main            d.u.i.k.p.r.p.TestFile    Now processing file /home/runner/work/key/key/key.core/../key.ui/examples/InformationFlow/MiniExamples/mini.MiniExamples(mini.MiniExamples__secure_p1_4()).Non-interference contract.0.key 
75008      INFO  main            d.u.i.k.p.i.AbstractProblemLoader Loading environment from /home/runner/work/key/key/key.core/../key.ui/examples/InformationFlow/MiniExamples/mini.MiniExamples(mini.MiniExamples__secure_p1_4()).Non-interference contract.0.key 
75008      DEBUG main            d.u.i.k.p.i.AbstractProblemLoader Environment load took 69.9ns 
75012      INFO  main            d.u.i.k.p.i.AbstractProblemLoader Creating init config 
77386      DEBUG main            d.u.i.k.p.i.AbstractProblemLoader Init config took 2.37s 
77421      INFO  main            d.u.i.k.p.i.AbstractProblemLoader Replaying proof mini.MiniExamples[mini.MiniExamples::secure_p1_4()].Non-interference contract.0 
77423      DEBUG main            d.u.i.k.p.i.IntermediateProofReplayer Proof replay took 14.9ns 
77735      INFO  main            d.u.i.k.p.r.p.TestFile    ... finished proof: closed. 
77919      INFO  main            d.u.i.k.p.r.p.TestFile    Now processing file /home/runner/work/key/key/key.core/../key.ui/examples/InformationFlow/MiniExamples/mini.MiniExamples(mini.MiniExamples__secure_p1_3()).Non-interference contract.0.key 
77919      INFO  main            d.u.i.k.p.i.AbstractProblemLoader Loading environment from /home/runner/work/key/key/key.core/../key.ui/examples/InformationFlow/MiniExamples/mini.MiniExamples(mini.MiniExamples__secure_p1_3()).Non-interference contract.0.key 
77920      DEBUG main            d.u.i.k.p.i.AbstractProblemLoader Environment load took 60.3ns 
77921      INFO  main            d.u.i.k.p.i.AbstractProblemLoader Creating init config 
80280      DEBUG main            d.u.i.k.p.i.AbstractProblemLoader Init config took 2.36s 
80320      INFO  main            d.u.i.k.p.i.AbstractProblemLoader Replaying proof mini.MiniExamples[mini.MiniExamples::secure_p1_3()].Non-interference contract.0 
80323      DEBUG main            d.u.i.k.p.i.IntermediateProofReplayer Proof replay took 14.2ns 
80525      INFO  main            d.u.i.k.p.r.p.TestFile    ... finished proof: closed. 
80771      INFO  main            d.u.i.k.p.r.p.TestFile    Now processing file /home/runner/work/key/key/key.core/../key.ui/examples/InformationFlow/MiniExamples/mini.MiniExamples(mini.MiniExamples__secure_p1_2()).Non-interference contract.0.key 
80771      INFO  main            d.u.i.k.p.i.AbstractProblemLoader Loading environment from /home/runner/work/key/key/key.core/../key.ui/examples/InformationFlow/MiniExamples/mini.MiniExamples(mini.MiniExamples__secure_p1_2()).Non-interference contract.0.key 
80771      DEBUG main            d.u.i.k.p.i.AbstractProblemLoader Environment load took 70.4ns 
80774      INFO  main            d.u.i.k.p.i.AbstractProblemLoader Creating init config 
83157      DEBUG main            d.u.i.k.p.i.AbstractProblemLoader Init config took 2.38s 
83191      INFO  main            d.u.i.k.p.i.AbstractProblemLoader Replaying proof mini.MiniExamples[mini.MiniExamples::secure_p1_2()].Non-interference contract.0 
83196      DEBUG main            d.u.i.k.p.i.IntermediateProofReplayer Proof replay took 15.7ns 
83499      INFO  main            d.u.i.k.p.r.p.TestFile    ... finished proof: closed. 
83696      INFO  main            d.u.i.k.p.r.p.TestFile    Now processing file /home/runner/work/key/key/key.core/../key.ui/examples/InformationFlow/MiniExamples/mini.MiniExamples(mini.MiniExamples__secure_p1_1()).Non-interference contract.1.key 
83696      INFO  main            d.u.i.k.p.i.AbstractProblemLoader Loading environment from /home/runner/work/key/key/key.core/../key.ui/examples/InformationFlow/MiniExamples/mini.MiniExamples(mini.MiniExamples__secure_p1_1()).Non-interference contract.1.key 
83696      DEBUG main            d.u.i.k.p.i.AbstractProblemLoader Environment load took 100.3ns 
83697      INFO  main            d.u.i.k.p.i.AbstractProblemLoader Creating init config 
86059      DEBUG main            d.u.i.k.p.i.AbstractProblemLoader Init config took 2.36s 
86104      INFO  main            d.u.i.k.p.i.AbstractProblemLoader Replaying proof mini.MiniExamples[mini.MiniExamples::secure_p1_1()].Non-interference contract.1 
86108      DEBUG main            d.u.i.k.p.i.IntermediateProofReplayer Proof replay took 13.8ns 
86310      INFO  main            d.u.i.k.p.r.p.TestFile    ... finished proof: closed. 
86510      INFO  main            d.u.i.k.p.r.p.TestFile    Now processing file /home/runner/work/key/key/key.core/../key.ui/examples/InformationFlow/MiniExamples/mini.MiniExamples(mini.MiniExamples__secure_p1_1()).Non-interference contract.0.key 
86510      INFO  main            d.u.i.k.p.i.AbstractProblemLoader Loading environment from /home/runner/work/key/key/key.core/../key.ui/examples/InformationFlow/MiniExamples/mini.MiniExamples(mini.MiniExamples__secure_p1_1()).Non-interference contract.0.key 
86510      DEBUG main            d.u.i.k.p.i.AbstractProblemLoader Environment load took 61.8ns 
86511      INFO  main            d.u.i.k.p.i.AbstractProblemLoader Creating init config 
88890      DEBUG main            d.u.i.k.p.i.AbstractProblemLoader Init config took 2.38s 
88924      INFO  main            d.u.i.k.p.i.AbstractProblemLoader Replaying proof mini.MiniExamples[mini.MiniExamples::secure_p1_1()].Non-interference contract.0 
88929      DEBUG main            d.u.i.k.p.i.IntermediateProofReplayer Proof replay took 17.1ns 
89131      INFO  main            d.u.i.k.p.r.p.TestFile    ... finished proof: closed. 
89332      INFO  main            d.u.i.k.p.r.p.TestFile    Now processing file /home/runner/work/key/key/key.core/../key.ui/examples/InformationFlow/MiniExamples/mini.MiniExamples(mini.MiniExamples__insecure_p1_2()).Non-interference contract.0.key 
89332      INFO  main            d.u.i.k.p.i.AbstractProblemLoader Loading environment from /home/runner/work/key/key/key.core/../key.ui/examples/InformationFlow/MiniExamples/mini.MiniExamples(mini.MiniExamples__insecure_p1_2()).Non-interference contract.0.key 
89334      DEBUG main            d.u.i.k.p.i.AbstractProblemLoader Environment load took 1.28ms 
89335      INFO  main            d.u.i.k.p.i.AbstractProblemLoader Creating init config 
91701      DEBUG main            d.u.i.k.p.i.AbstractProblemLoader Init config took 2.37s 
91735      INFO  main            d.u.i.k.p.i.AbstractProblemLoader Replaying proof mini.MiniExamples[mini.MiniExamples::insecure_p1_2()].Non-interference contract.0 
91738      DEBUG main            d.u.i.k.p.i.IntermediateProofReplayer Proof replay took 13.8ns 
91946      INFO  main            d.u.i.k.p.r.p.TestFile    ... finished proof: open goal(s) 
92162      INFO  main            d.u.i.k.p.r.p.TestFile    Now processing file /home/runner/work/key/key/key.core/../key.ui/examples/InformationFlow/MiniExamples/mini.MiniExamples(mini.MiniExamples__insecure_p1_1()).Non-interference contract.0.key 
92162      INFO  main            d.u.i.k.p.i.AbstractProblemLoader Loading environment from /home/runner/work/key/key/key.core/../key.ui/examples/InformationFlow/MiniExamples/mini.MiniExamples(mini.MiniExamples__insecure_p1_1()).Non-interference contract.0.key 
92163      DEBUG main            d.u.i.k.p.i.AbstractProblemLoader Environment load took 61.3ns 
92164      INFO  main            d.u.i.k.p.i.AbstractProblemLoader Creating init config 
94513      DEBUG main            d.u.i.k.p.i.AbstractProblemLoader Init config took 2.35s 
94547      INFO  main            d.u.i.k.p.i.AbstractProblemLoader Replaying proof mini.MiniExamples[mini.MiniExamples::insecure_p1_1()].Non-interference contract.0 
94550      DEBUG main            d.u.i.k.p.i.IntermediateProofReplayer Proof replay took 13ns 
94652      INFO  main            d.u.i.k.p.r.p.TestFile    ... finished proof: open goal(s) 
1184185    INFO  Test worker     d.u.i.k.p.r.RunAllProofsTestUnit Returning from test MiniExamples_nomacro 
1184186    INFO  Test worker     d.u.i.k.p.r.RunAllProofsTestUnit Running test NewObjects_nomacro 
477        INFO  Timeout watchdog d.u.i.k.p.r.p.ForkedTestFileRunner Timeout watcher launched (1000 secs.) 
494        WARN  main            d.u.i.k.s.ProofSettings   The settings in /home/runner/.key/proof-settings.props are *not* read. 
520        INFO  main            d.u.i.k.p.r.p.TestFile    Now processing file /home/runner/work/key/key/key.core/../key.ui/examples/InformationFlow/NewObjects/object.AmtoftBanerjee3(object.AmtoftBanerjee3__m()).Non-interference contract.0.key 
655        INFO  main            d.u.i.k.p.i.AbstractProblemLoader Loading environment from /home/runner/work/key/key/key.core/../key.ui/examples/InformationFlow/NewObjects/object.AmtoftBanerjee3(object.AmtoftBanerjee3__m()).Non-interference contract.0.key 
672        DEBUG main            d.u.i.k.p.i.AbstractProblemLoader Environment load took 2.16ms 
883        INFO  main            d.u.i.k.p.i.AbstractProblemLoader Creating init config 
1864       DEBUG main            d.u.i.k.j.TypeConverter   No LDT found for Meta 
1865       DEBUG main            d.u.i.k.j.TypeConverter   No LDT found for Meta 
1868       DEBUG main            d.u.i.k.j.TypeConverter   No LDT found for Meta 
1868       DEBUG main            d.u.i.k.j.TypeConverter   No LDT found for Meta 
3374       DEBUG main            d.u.i.k.j.TypeConverter   No LDT found for JavaBigintExpression 
6550       DEBUG main            d.u.i.k.j.r.ClassPreparationMethodBuilder clPrepBuilder: Inner Class detected. Reject building class initialisation methods. 
9170       DEBUG main            d.u.i.k.p.i.AbstractProblemLoader Init config took 8.29s 
9307       INFO  main            d.u.i.k.p.i.AbstractProblemLoader Replaying proof object.AmtoftBanerjee3[object.AmtoftBanerjee3::m()].Non-interference contract.0 
9374       DEBUG main            d.u.i.k.p.i.IntermediateProofReplayer Proof replay took 330.7ns 
10102      INFO  main            d.u.i.k.p.r.p.TestFile    ... finished proof: closed. 
10217      INFO  main            d.u.i.k.p.r.p.TestFile    Now processing file /home/runner/work/key/key/key.core/../key.ui/examples/InformationFlow/NewObjects/object.AmtoftBanerjee(object.AmtoftBanerjee__m_2()).Non-interference contract.0.key 
10217      INFO  main            d.u.i.k.p.i.AbstractProblemLoader Loading environment from /home/runner/work/key/key/key.core/../key.ui/examples/InformationFlow/NewObjects/object.AmtoftBanerjee(object.AmtoftBanerjee__m_2()).Non-interference contract.0.key 
10218      DEBUG main            d.u.i.k.p.i.AbstractProblemLoader Environment load took 331.9ns 
10219      INFO  main            d.u.i.k.p.i.AbstractProblemLoader Creating init config 
11237      DEBUG main            d.u.i.k.j.r.ClassPreparationMethodBuilder clPrepBuilder: Inner Class detected. Reject building class initialisation methods. 
13392      DEBUG main            d.u.i.k.p.i.AbstractProblemLoader Init config took 3.17s 
13470      INFO  main            d.u.i.k.p.i.AbstractProblemLoader Replaying proof object.AmtoftBanerjee[object.AmtoftBanerjee::m_2()].Non-interference contract.0 
13474      DEBUG main            d.u.i.k.p.i.IntermediateProofReplayer Proof replay took 13ns 
14683      INFO  main            d.u.i.k.p.r.p.TestFile    ... finished proof: closed. 
14837      INFO  main            d.u.i.k.p.r.p.TestFile    Now processing file /home/runner/work/key/key/key.core/../key.ui/examples/InformationFlow/NewObjects/object.AmtoftBanerjee(object.AmtoftBanerjee__m_1()).Non-interference contract.1.key 
14837      INFO  main            d.u.i.k.p.i.AbstractProblemLoader Loading environment from /home/runner/work/key/key/key.core/../key.ui/examples/InformationFlow/NewObjects/object.AmtoftBanerjee(object.AmtoftBanerjee__m_1()).Non-interference contract.1.key 
14838      DEBUG main            d.u.i.k.p.i.AbstractProblemLoader Environment load took 81.5ns 
14840      INFO  main            d.u.i.k.p.i.AbstractProblemLoader Creating init config 
15860      DEBUG main            d.u.i.k.j.r.ClassPreparationMethodBuilder clPrepBuilder: Inner Class detected. Reject building class initialisation methods. 
17926      DEBUG main            d.u.i.k.p.i.AbstractProblemLoader Init config took 3.09s 
17983      INFO  main            d.u.i.k.p.i.AbstractProblemLoader Replaying proof object.AmtoftBanerjee[object.AmtoftBanerjee::m_1()].Non-interference contract.1 
17986      DEBUG main            d.u.i.k.p.i.IntermediateProofReplayer Proof replay took 10.7ns 
18601      INFO  main            d.u.i.k.p.r.p.TestFile    ... finished proof: open goal(s) 
18737      INFO  main            d.u.i.k.p.r.p.TestFile    Now processing file /home/runner/work/key/key/key.core/../key.ui/examples/InformationFlow/NewObjects/object.AmtoftBanerjee(object.AmtoftBanerjee__m_1()).Non-interference contract.0.key 
18740      INFO  main            d.u.i.k.p.i.AbstractProblemLoader Loading environment from /home/runner/work/key/key/key.core/../key.ui/examples/InformationFlow/NewObjects/object.AmtoftBanerjee(object.AmtoftBanerjee__m_1()).Non-interference contract.0.key 
18740      DEBUG main            d.u.i.k.p.i.AbstractProblemLoader Environment load took 119ns 
18741      INFO  main            d.u.i.k.p.i.AbstractProblemLoader Creating init config 
19669      DEBUG main            d.u.i.k.j.r.ClassPreparationMethodBuilder clPrepBuilder: Inner Class detected. Reject building class initialisation methods. 
21678      DEBUG main            d.u.i.k.p.i.AbstractProblemLoader Init config took 2.94s 
21727      INFO  main            d.u.i.k.p.i.AbstractProblemLoader Replaying proof object.AmtoftBanerjee[object.AmtoftBanerjee::m_1()].Non-interference contract.0 
21732      DEBUG main            d.u.i.k.p.i.IntermediateProofReplayer Proof replay took 12.3ns 
22235      INFO  main            d.u.i.k.p.r.p.TestFile    ... finished proof: closed. 
22372      INFO  main            d.u.i.k.p.r.p.TestFile    Now processing file /home/runner/work/key/key/key.core/../key.ui/examples/InformationFlow/NewObjects/object.AmtoftBanerjee(object.AmtoftBanerjee__getQ()).Non-interference contract.0.key 
22372      INFO  main            d.u.i.k.p.i.AbstractProblemLoader Loading environment from /home/runner/work/key/key/key.core/../key.ui/examples/InformationFlow/NewObjects/object.AmtoftBanerjee(object.AmtoftBanerjee__getQ()).Non-interference contract.0.key 
22373      DEBUG main            d.u.i.k.p.i.AbstractProblemLoader Environment load took 457.31ns 
22374      INFO  main            d.u.i.k.p.i.AbstractProblemLoader Creating init config 
23303      DEBUG main            d.u.i.k.j.r.ClassPreparationMethodBuilder clPrepBuilder: Inner Class detected. Reject building class initialisation methods. 
25288      DEBUG main            d.u.i.k.p.i.AbstractProblemLoader Init config took 2.91s 
25343      INFO  main            d.u.i.k.p.i.AbstractProblemLoader Replaying proof object.AmtoftBanerjee[object.AmtoftBanerjee::getQ()].Non-interference contract.0 
25347      DEBUG main            d.u.i.k.p.i.IntermediateProofReplayer Proof replay took 13.5ns 
25449      INFO  main            d.u.i.k.p.r.p.TestFile    ... finished proof: closed. 
25615      INFO  main            d.u.i.k.p.r.p.TestFile    Now processing file /home/runner/work/key/key/key.core/../key.ui/examples/InformationFlow/NewObjects/object.ObjectOrientation(object.ObjectOrientation__secure_while_i((Ljava.lang.Object)).Non-interference contract.0.key 
25616      INFO  main            d.u.i.k.p.i.AbstractProblemLoader Loading environment from /home/runner/work/key/key/key.core/../key.ui/examples/InformationFlow/NewObjects/object.ObjectOrientation(object.ObjectOrientation__secure_while_i((Ljava.lang.Object)).Non-interference contract.0.key 
25616      DEBUG main            d.u.i.k.p.i.AbstractProblemLoader Environment load took 88.3ns 
25617      INFO  main            d.u.i.k.p.i.AbstractProblemLoader Creating init config 
26527      DEBUG main            d.u.i.k.j.r.ClassPreparationMethodBuilder clPrepBuilder: Inner Class detected. Reject building class initialisation methods. 
28542      DEBUG main            d.u.i.k.p.i.AbstractProblemLoader Init config took 2.92s 
28591      INFO  main            d.u.i.k.p.i.AbstractProblemLoader Replaying proof object.ObjectOrientation[object.ObjectOrientation::secure_while_i([Ljava.lang.Object)].Non-interference contract.0 
28594      DEBUG main            d.u.i.k.p.i.IntermediateProofReplayer Proof replay took 12.3ns 
38141      INFO  main            d.u.i.k.p.r.p.TestFile    ... finished proof: closed. 
38382      INFO  main            d.u.i.k.p.r.p.TestFile    Now processing file /home/runner/work/key/key/key.core/../key.ui/examples/InformationFlow/NewObjects/object.ObjectOrientation(object.ObjectOrientation__secure_method_call()).Non-interference contract.0.key 
38383      INFO  main            d.u.i.k.p.i.AbstractProblemLoader Loading environment from /home/runner/work/key/key/key.core/../key.ui/examples/InformationFlow/NewObjects/object.ObjectOrientation(object.ObjectOrientation__secure_method_call()).Non-interference contract.0.key 
38383      DEBUG main            d.u.i.k.p.i.AbstractProblemLoader Environment load took 74ns 
38385      INFO  main            d.u.i.k.p.i.AbstractProblemLoader Creating init config 
39323      DEBUG main            d.u.i.k.j.r.ClassPreparationMethodBuilder clPrepBuilder: Inner Class detected. Reject building class initialisation methods. 
41333      DEBUG main            d.u.i.k.p.i.AbstractProblemLoader Init config took 2.95s 
41394      INFO  main            d.u.i.k.p.i.AbstractProblemLoader Replaying proof object.ObjectOrientation[object.ObjectOrientation::secure_method_call()].Non-interference contract.0 
41397      DEBUG main            d.u.i.k.p.i.IntermediateProofReplayer Proof replay took 12ns 
41903      INFO  main            d.u.i.k.p.r.p.TestFile    ... finished proof: closed. 
42061      INFO  main            d.u.i.k.p.r.p.TestFile    Now processing file /home/runner/work/key/key/key.core/../key.ui/examples/InformationFlow/NewObjects/object.ObjectOrientation(object.ObjectOrientation__if_two_object_creation_next()).Non-interference contract.1.key 
42061      INFO  main            d.u.i.k.p.i.AbstractProblemLoader Loading environment from /home/runner/work/key/key/key.core/../key.ui/examples/InformationFlow/NewObjects/object.ObjectOrientation(object.ObjectOrientation__if_two_object_creation_next()).Non-interference contract.1.key 
42061      DEBUG main            d.u.i.k.p.i.AbstractProblemLoader Environment load took 72.5ns 
42062      INFO  main            d.u.i.k.p.i.AbstractProblemLoader Creating init config 
42975      DEBUG main            d.u.i.k.j.r.ClassPreparationMethodBuilder clPrepBuilder: Inner Class detected. Reject building class initialisation methods. 
44961      DEBUG main            d.u.i.k.p.i.AbstractProblemLoader Init config took 2.9s 
45006      INFO  main            d.u.i.k.p.i.AbstractProblemLoader Replaying proof object.ObjectOrientation[object.ObjectOrientation::if_two_object_creation_next()].Non-interference contract.1 
45009      DEBUG main            d.u.i.k.p.i.IntermediateProofReplayer Proof replay took 12ns 
63110      INFO  main            d.u.i.k.p.r.p.TestFile    ... finished proof: open goal(s) 
63314      INFO  main            d.u.i.k.p.r.p.TestFile    Now processing file /home/runner/work/key/key/key.core/../key.ui/examples/InformationFlow/NewObjects/object.ObjectOrientation(object.ObjectOrientation__insecure_two_object_creation()).Non-interference contract.0.key 
63315      INFO  main            d.u.i.k.p.i.AbstractProblemLoader Loading environment from /home/runner/work/key/key/key.core/../key.ui/examples/InformationFlow/NewObjects/object.ObjectOrientation(object.ObjectOrientation__insecure_two_object_creation()).Non-interference contract.0.key 
63315      DEBUG main            d.u.i.k.p.i.AbstractProblemLoader Environment load took 109.1ns 
63316      INFO  main            d.u.i.k.p.i.AbstractProblemLoader Creating init config 
64210      DEBUG main            d.u.i.k.j.r.ClassPreparationMethodBuilder clPrepBuilder: Inner Class detected. Reject building class initialisation methods. 
66136      DEBUG main            d.u.i.k.p.i.AbstractProblemLoader Init config took 2.82s 
66181      INFO  main            d.u.i.k.p.i.AbstractProblemLoader Replaying proof object.ObjectOrientation[object.ObjectOrientation::insecure_two_object_creation()].Non-interference contract.0 
66184      DEBUG main            d.u.i.k.p.i.IntermediateProofReplayer Proof replay took 11.9ns 
85131      INFO  main            d.u.i.k.p.r.p.TestFile    ... finished proof: open goal(s) 
85405      INFO  main            d.u.i.k.p.r.p.TestFile    Now processing file /home/runner/work/key/key/key.core/../key.ui/examples/InformationFlow/NewObjects/object.ObjectOrientation(object.ObjectOrientation__secure_two_object_creation()).Non-interference contract.0.key 
85405      INFO  main            d.u.i.k.p.i.AbstractProblemLoader Loading environment from /home/runner/work/key/key/key.core/../key.ui/examples/InformationFlow/NewObjects/object.ObjectOrientation(object.ObjectOrientation__secure_two_object_creation()).Non-interference contract.0.key 
85405      DEBUG main            d.u.i.k.p.i.AbstractProblemLoader Environment load took 68.4ns 
85406      INFO  main            d.u.i.k.p.i.AbstractProblemLoader Creating init config 
86301      DEBUG main            d.u.i.k.j.r.ClassPreparationMethodBuilder clPrepBuilder: Inner Class detected. Reject building class initialisation methods. 
88225      DEBUG main            d.u.i.k.p.i.AbstractProblemLoader Init config took 2.82s 
88271      INFO  main            d.u.i.k.p.i.AbstractProblemLoader Replaying proof object.ObjectOrientation[object.ObjectOrientation::secure_two_object_creation()].Non-interference contract.0 
88274      DEBUG main            d.u.i.k.p.i.IntermediateProofReplayer Proof replay took 12.8ns 
101645     INFO  main            d.u.i.k.p.r.p.TestFile    ... finished proof: closed. 
101907     INFO  main            d.u.i.k.p.r.p.TestFile    Now processing file /home/runner/work/key/key/key.core/../key.ui/examples/InformationFlow/NewObjects/object.ObjectOrientation(object.ObjectOrientation__insecure_object_assignment()).Non-interference contract.1.key 
101908     INFO  main            d.u.i.k.p.i.AbstractProblemLoader Loading environment from /home/runner/work/key/key/key.core/../key.ui/examples/InformationFlow/NewObjects/object.ObjectOrientation(object.ObjectOrientation__insecure_object_assignment()).Non-interference contract.1.key 
101908     DEBUG main            d.u.i.k.p.i.AbstractProblemLoader Environment load took 120.2ns 
101909     INFO  main            d.u.i.k.p.i.AbstractProblemLoader Creating init config 
102781     DEBUG main            d.u.i.k.j.r.ClassPreparationMethodBuilder clPrepBuilder: Inner Class detected. Reject building class initialisation methods. 
104708     DEBUG main            d.u.i.k.p.i.AbstractProblemLoader Init config took 2.8s 
104750     INFO  main            d.u.i.k.p.i.AbstractProblemLoader Replaying proof object.ObjectOrientation[object.ObjectOrientation::insecure_object_assignment()].Non-interference contract.1 
104752     DEBUG main            d.u.i.k.p.i.IntermediateProofReplayer Proof replay took 11.3ns 
113299     INFO  main            d.u.i.k.p.r.p.TestFile    ... finished proof: open goal(s) 
113505     INFO  main            d.u.i.k.p.r.p.TestFile    Now processing file /home/runner/work/key/key/key.core/../key.ui/examples/InformationFlow/NewObjects/object.ObjectOrientation(object.ObjectOrientation__insecure_object_assignment()).Non-interference contract.0.key 
113506     INFO  main            d.u.i.k.p.i.AbstractProblemLoader Loading environment from /home/runner/work/key/key/key.core/../key.ui/examples/InformationFlow/NewObjects/object.ObjectOrientation(object.ObjectOrientation__insecure_object_assignment()).Non-interference contract.0.key 
113507     DEBUG main            d.u.i.k.p.i.AbstractProblemLoader Environment load took 1.05ms 
113508     INFO  main            d.u.i.k.p.i.AbstractProblemLoader Creating init config 
114394     DEBUG main            d.u.i.k.j.r.ClassPreparationMethodBuilder clPrepBuilder: Inner Class detected. Reject building class initialisation methods. 
116339     DEBUG main            d.u.i.k.p.i.AbstractProblemLoader Init config took 2.83s 
116385     INFO  main            d.u.i.k.p.i.AbstractProblemLoader Replaying proof object.ObjectOrientation[object.ObjectOrientation::insecure_object_assignment()].Non-interference contract.0 
116389     DEBUG main            d.u.i.k.p.i.IntermediateProofReplayer Proof replay took 12.6ns 
116592     INFO  main            d.u.i.k.p.r.p.TestFile    ... finished proof: open goal(s) 
116776     INFO  main            d.u.i.k.p.r.p.TestFile    Now processing file /home/runner/work/key/key/key.core/../key.ui/examples/InformationFlow/NewObjects/object.ObjectOrientation(object.ObjectOrientation__secure_object_creation_3()).Non-interference contract.0.key 
116776     INFO  main            d.u.i.k.p.i.AbstractProblemLoader Loading environment from /home/runner/work/key/key/key.core/../key.ui/examples/InformationFlow/NewObjects/object.ObjectOrientation(object.ObjectOrientation__secure_object_creation_3()).Non-interference contract.0.key 
116776     DEBUG main            d.u.i.k.p.i.AbstractProblemLoader Environment load took 70.2ns 
116777     INFO  main            d.u.i.k.p.i.AbstractProblemLoader Creating init config 
117665     DEBUG main            d.u.i.k.j.r.ClassPreparationMethodBuilder clPrepBuilder: Inner Class detected. Reject building class initialisation methods. 
119613     DEBUG main            d.u.i.k.p.i.AbstractProblemLoader Init config took 2.84s 
119653     INFO  main            d.u.i.k.p.i.AbstractProblemLoader Replaying proof object.ObjectOrientation[object.ObjectOrientation::secure_object_creation_3()].Non-interference contract.0 
119656     DEBUG main            d.u.i.k.p.i.IntermediateProofReplayer Proof replay took 11.9ns 
120161     INFO  main            d.u.i.k.p.r.p.TestFile    ... finished proof: closed. 
120328     INFO  main            d.u.i.k.p.r.p.TestFile    Now processing file /home/runner/work/key/key/key.core/../key.ui/examples/InformationFlow/NewObjects/object.ObjectOrientation(object.ObjectOrientation__secure_object_creation_2()).Non-interference contract.0.key 
120328     INFO  main            d.u.i.k.p.i.AbstractProblemLoader Loading environment from /home/runner/work/key/key/key.core/../key.ui/examples/InformationFlow/NewObjects/object.ObjectOrientation(object.ObjectOrientation__secure_object_creation_2()).Non-interference contract.0.key 
120328     DEBUG main            d.u.i.k.p.i.AbstractProblemLoader Environment load took 84.9ns 
120329     INFO  main            d.u.i.k.p.i.AbstractProblemLoader Creating init config 
121202     DEBUG main            d.u.i.k.j.r.ClassPreparationMethodBuilder clPrepBuilder: Inner Class detected. Reject building class initialisation methods. 
123129     DEBUG main            d.u.i.k.p.i.AbstractProblemLoader Init config took 2.8s 
123168     INFO  main            d.u.i.k.p.i.AbstractProblemLoader Replaying proof object.ObjectOrientation[object.ObjectOrientation::secure_object_creation_2()].Non-interference contract.0 
123170     DEBUG main            d.u.i.k.p.i.IntermediateProofReplayer Proof replay took 12.7ns 
123473     INFO  main            d.u.i.k.p.r.p.TestFile    ... finished proof: closed. 
123647     INFO  main            d.u.i.k.p.r.p.TestFile    Now processing file /home/runner/work/key/key/key.core/../key.ui/examples/InformationFlow/NewObjects/object.ObjectOrientation(object.ObjectOrientation__secure_object_creation()).Non-interference contract.0.key 
123648     INFO  main            d.u.i.k.p.i.AbstractProblemLoader Loading environment from /home/runner/work/key/key/key.core/../key.ui/examples/InformationFlow/NewObjects/object.ObjectOrientation(object.ObjectOrientation__secure_object_creation()).Non-interference contract.0.key 
123648     DEBUG main            d.u.i.k.p.i.AbstractProblemLoader Environment load took 73.5ns 
123649     INFO  main            d.u.i.k.p.i.AbstractProblemLoader Creating init config 
124538     DEBUG main            d.u.i.k.j.r.ClassPreparationMethodBuilder clPrepBuilder: Inner Class detected. Reject building class initialisation methods. 
126484     DEBUG main            d.u.i.k.p.i.AbstractProblemLoader Init config took 2.84s 
126522     INFO  main            d.u.i.k.p.i.AbstractProblemLoader Replaying proof object.ObjectOrientation[object.ObjectOrientation::secure_object_creation()].Non-interference contract.0 
126525     DEBUG main            d.u.i.k.p.i.IntermediateProofReplayer Proof replay took 14.8ns 
127329     INFO  main            d.u.i.k.p.r.p.TestFile    ... finished proof: closed. 
127508     INFO  main            d.u.i.k.p.r.p.TestFile    Now processing file /home/runner/work/key/key/key.core/../key.ui/examples/InformationFlow/NewObjects/object.AmtoftBanerjee2(object.AmtoftBanerjee2__expensive(int)).Non-interference contract.0.key 
127508     INFO  main            d.u.i.k.p.i.AbstractProblemLoader Loading environment from /home/runner/work/key/key/key.core/../key.ui/examples/InformationFlow/NewObjects/object.AmtoftBanerjee2(object.AmtoftBanerjee2__expensive(int)).Non-interference contract.0.key 
127509     DEBUG main            d.u.i.k.p.i.AbstractProblemLoader Environment load took 68ns 
127509     INFO  main            d.u.i.k.p.i.AbstractProblemLoader Creating init config 
128422     DEBUG main            d.u.i.k.j.r.ClassPreparationMethodBuilder clPrepBuilder: Inner Class detected. Reject building class initialisation methods. 
130321     DEBUG main            d.u.i.k.p.i.AbstractProblemLoader Init config took 2.81s 
130359     INFO  main            d.u.i.k.p.i.AbstractProblemLoader Replaying proof object.AmtoftBanerjee2[object.AmtoftBanerjee2::expensive(int)].Non-interference contract.0 
130361     DEBUG main            d.u.i.k.p.i.IntermediateProofReplayer Proof replay took 12.1ns 
130465     INFO  main            d.u.i.k.p.r.p.TestFile    ... finished proof: closed. 
130633     INFO  main            d.u.i.k.p.r.p.TestFile    Now processing file /home/runner/work/key/key/key.core/../key.ui/examples/InformationFlow/NewObjects/object.AmtoftBanerjee2(object.AmtoftBanerjee2__cexp(int)).Non-interference contract.0.key 
130633     INFO  main            d.u.i.k.p.i.AbstractProblemLoader Loading environment from /home/runner/work/key/key/key.core/../key.ui/examples/InformationFlow/NewObjects/object.AmtoftBanerjee2(object.AmtoftBanerjee2__cexp(int)).Non-interference contract.0.key 
130633     DEBUG main            d.u.i.k.p.i.AbstractProblemLoader Environment load took 71ns 
130634     INFO  main            d.u.i.k.p.i.AbstractProblemLoader Creating init config 
131505     DEBUG main            d.u.i.k.j.r.ClassPreparationMethodBuilder clPrepBuilder: Inner Class detected. Reject building class initialisation methods. 
133458     DEBUG main            d.u.i.k.p.i.AbstractProblemLoader Init config took 2.82s 
133496     INFO  main            d.u.i.k.p.i.AbstractProblemLoader Replaying proof object.AmtoftBanerjee2[object.AmtoftBanerjee2::cexp(int)].Non-interference contract.0 
133499     DEBUG main            d.u.i.k.p.i.IntermediateProofReplayer Proof replay took 12.4ns 
134921     INFO  main            d.u.i.k.p.r.p.TestFile    ... finished proof: closed. 
1319489    INFO  Test worker     d.u.i.k.p.r.RunAllProofsTestUnit Returning from test NewObjects_nomacro 
1319490    INFO  Test worker     d.u.i.k.p.r.RunAllProofsTestUnit Running test SimpleEvoting_nomacro 
365        INFO  Timeout watchdog d.u.i.k.p.r.p.ForkedTestFileRunner Timeout watcher launched (1000 secs.) 
375        WARN  main            d.u.i.k.s.ProofSettings   The settings in /home/runner/.key/proof-settings.props are *not* read. 
412        INFO  main            d.u.i.k.p.r.p.TestFile    Now processing file /home/runner/work/key/key/key.core/../key.ui/examples/InformationFlow/SimpleEvoting/simple_evoting.Environment(simple_evoting.Environment__untrustedOutputMessage((B)).Non-interference contract.0.key 
527        INFO  main            d.u.i.k.p.i.AbstractProblemLoader Loading environment from /home/runner/work/key/key/key.core/../key.ui/examples/InformationFlow/SimpleEvoting/simple_evoting.Environment(simple_evoting.Environment__untrustedOutputMessage((B)).Non-interference contract.0.key 
548        DEBUG main            d.u.i.k.p.i.AbstractProblemLoader Environment load took 1.73ms 
748        INFO  main            d.u.i.k.p.i.AbstractProblemLoader Creating init config 
1820       DEBUG main            d.u.i.k.j.TypeConverter   No LDT found for Meta 
1820       DEBUG main            d.u.i.k.j.TypeConverter   No LDT found for Meta 
1823       DEBUG main            d.u.i.k.j.TypeConverter   No LDT found for Meta 
1823       DEBUG main            d.u.i.k.j.TypeConverter   No LDT found for Meta 
3692       DEBUG main            d.u.i.k.j.TypeConverter   No LDT found for JavaBigintExpression 
9400       DEBUG main            d.u.i.k.p.i.AbstractProblemLoader Init config took 8.65s 
9619       INFO  main            d.u.i.k.p.i.AbstractProblemLoader Replaying proof simple_evoting.Environment[simple_evoting.Environment::untrustedOutputMessage([B)].Non-interference contract.0 
9660       DEBUG main            d.u.i.k.p.i.IntermediateProofReplayer Proof replay took 303ns 
17586      INFO  main            d.u.i.k.p.r.p.TestFile    ... finished proof: closed. 
17776      INFO  main            d.u.i.k.p.r.p.TestFile    Now processing file /home/runner/work/key/key/key.core/../key.ui/examples/InformationFlow/SimpleEvoting/simple_evoting.Environment(simple_evoting.Environment__untrustedOutput(int)).Non-interference contract.0.key 
17777      INFO  main            d.u.i.k.p.i.AbstractProblemLoader Loading environment from /home/runner/work/key/key/key.core/../key.ui/examples/InformationFlow/SimpleEvoting/simple_evoting.Environment(simple_evoting.Environment__untrustedOutput(int)).Non-interference contract.0.key 
17777      DEBUG main            d.u.i.k.p.i.AbstractProblemLoader Environment load took 322.1ns 
17780      INFO  main            d.u.i.k.p.i.AbstractProblemLoader Creating init config 
21136      DEBUG main            d.u.i.k.p.i.AbstractProblemLoader Init config took 3.36s 
21217      INFO  main            d.u.i.k.p.i.AbstractProblemLoader Replaying proof simple_evoting.Environment[simple_evoting.Environment::untrustedOutput(int)].Non-interference contract.0 
21221      DEBUG main            d.u.i.k.p.i.IntermediateProofReplayer Proof replay took 13.6ns 
21324      INFO  main            d.u.i.k.p.r.p.TestFile    ... finished proof: closed. 
21450      INFO  main            d.u.i.k.p.r.p.TestFile    Now processing file /home/runner/work/key/key/key.core/../key.ui/examples/InformationFlow/SimpleEvoting/simple_evoting.Environment(simple_evoting.Environment__untrustedInput(int)).Non-interference contract.0.key 
21450      INFO  main            d.u.i.k.p.i.AbstractProblemLoader Loading environment from /home/runner/work/key/key/key.core/../key.ui/examples/InformationFlow/SimpleEvoting/simple_evoting.Environment(simple_evoting.Environment__untrustedInput(int)).Non-interference contract.0.key 
21450      DEBUG main            d.u.i.k.p.i.AbstractProblemLoader Environment load took 71.6ns 
21452      INFO  main            d.u.i.k.p.i.AbstractProblemLoader Creating init config 
24614      DEBUG main            d.u.i.k.p.i.AbstractProblemLoader Init config took 3.16s 
24725      INFO  main            d.u.i.k.p.i.AbstractProblemLoader Replaying proof simple_evoting.Environment[simple_evoting.Environment::untrustedInput(int)].Non-interference contract.0 
24729      DEBUG main            d.u.i.k.p.i.IntermediateProofReplayer Proof replay took 12.8ns 
24833      INFO  main            d.u.i.k.p.r.p.TestFile    ... finished proof: open goal(s) 
24969      INFO  main            d.u.i.k.p.r.p.TestFile    Now processing file /home/runner/work/key/key/key.core/../key.ui/examples/InformationFlow/SimpleEvoting/simple_evoting.Environment(simple_evoting.Environment__untrustedInput()).Non-interference contract.0.key 
24970      INFO  main            d.u.i.k.p.i.AbstractProblemLoader Loading environment from /home/runner/work/key/key/key.core/../key.ui/examples/InformationFlow/SimpleEvoting/simple_evoting.Environment(simple_evoting.Environment__untrustedInput()).Non-interference contract.0.key 
24970      DEBUG main            d.u.i.k.p.i.AbstractProblemLoader Environment load took 129.9ns 
24971      INFO  main            d.u.i.k.p.i.AbstractProblemLoader Creating init config 
28110      DEBUG main            d.u.i.k.p.i.AbstractProblemLoader Init config took 3.14s 
28175      INFO  main            d.u.i.k.p.i.AbstractProblemLoader Replaying proof simple_evoting.Environment[simple_evoting.Environment::untrustedInput()].Non-interference contract.0 
28178      DEBUG main            d.u.i.k.p.i.IntermediateProofReplayer Proof replay took 11.5ns 
28283      INFO  main            d.u.i.k.p.r.p.TestFile    ... finished proof: open goal(s) 
28417      INFO  main            d.u.i.k.p.r.p.TestFile    Now processing file /home/runner/work/key/key/key.core/../key.ui/examples/InformationFlow/SimpleEvoting/simple_evoting.SMT(simple_evoting.SMT__send(simple_evoting.Message,int,simple_evoting.Server)).Non-interference contract.1.key 
28417      INFO  main            d.u.i.k.p.i.AbstractProblemLoader Loading environment from /home/runner/work/key/key/key.core/../key.ui/examples/InformationFlow/SimpleEvoting/simple_evoting.SMT(simple_evoting.SMT__send(simple_evoting.Message,int,simple_evoting.Server)).Non-interference contract.1.key 
28418      DEBUG main            d.u.i.k.p.i.AbstractProblemLoader Environment load took 67.2ns 
28419      INFO  main            d.u.i.k.p.i.AbstractProblemLoader Creating init config 
31488      DEBUG main            d.u.i.k.p.i.AbstractProblemLoader Init config took 3.07s 
31565      INFO  main            d.u.i.k.p.i.AbstractProblemLoader Replaying proof simple_evoting.SMT[simple_evoting.SMT::send(simple_evoting.Message,int,simple_evoting.Server)].Non-interference contract.1 
31572      DEBUG main            d.u.i.k.p.i.IntermediateProofReplayer Proof replay took 13.3ns 
60548      INFO  main            d.u.i.k.p.r.p.TestFile    ... finished proof: closed. 
60793      INFO  main            d.u.i.k.p.r.p.TestFile    Now processing file /home/runner/work/key/key/key.core/../key.ui/examples/InformationFlow/SimpleEvoting/simple_evoting.SMT(simple_evoting.SMT__send(simple_evoting.Message,int,simple_evoting.Server)).Non-interference contract.0.key 
60793      INFO  main            d.u.i.k.p.i.AbstractProblemLoader Loading environment from /home/runner/work/key/key/key.core/../key.ui/examples/InformationFlow/SimpleEvoting/simple_evoting.SMT(simple_evoting.SMT__send(simple_evoting.Message,int,simple_evoting.Server)).Non-interference contract.0.key 
60793      DEBUG main            d.u.i.k.p.i.AbstractProblemLoader Environment load took 82.5ns 
60794      INFO  main            d.u.i.k.p.i.AbstractProblemLoader Creating init config 
63816      DEBUG main            d.u.i.k.p.i.AbstractProblemLoader Init config took 3.02s 
63874      INFO  main            d.u.i.k.p.i.AbstractProblemLoader Replaying proof simple_evoting.SMT[simple_evoting.SMT::send(simple_evoting.Message,int,simple_evoting.Server)].Non-interference contract.0 
63877      DEBUG main            d.u.i.k.p.i.IntermediateProofReplayer Proof replay took 13.2ns 
99412      INFO  main            d.u.i.k.p.r.p.TestFile    ... finished proof: closed. 
99669      INFO  main            d.u.i.k.p.r.p.TestFile    Now processing file /home/runner/work/key/key/key.core/../key.ui/examples/InformationFlow/SimpleEvoting/simple_evoting.NetworkClient(simple_evoting.NetworkClient__send((B,simple_evoting.Server,int)).Non-interference contract.0.key 
99670      INFO  main            d.u.i.k.p.i.AbstractProblemLoader Loading environment from /home/runner/work/key/key/key.core/../key.ui/examples/InformationFlow/SimpleEvoting/simple_evoting.NetworkClient(simple_evoting.NetworkClient__send((B,simple_evoting.Server,int)).Non-interference contract.0.key 
99670      DEBUG main            d.u.i.k.p.i.AbstractProblemLoader Environment load took 66.5ns 
99671      INFO  main            d.u.i.k.p.i.AbstractProblemLoader Creating init config 
102667     DEBUG main            d.u.i.k.p.i.AbstractProblemLoader Init config took 3s 
102720     INFO  main            d.u.i.k.p.i.AbstractProblemLoader Replaying proof simple_evoting.NetworkClient[simple_evoting.NetworkClient::send([B,simple_evoting.Server,int)].Non-interference contract.0 
102722     DEBUG main            d.u.i.k.p.i.IntermediateProofReplayer Proof replay took 12.5ns 
105954     INFO  main            d.u.i.k.p.r.p.TestFile    ... finished proof: closed. 
106126     INFO  main            d.u.i.k.p.r.p.TestFile    Now processing file /home/runner/work/key/key/key.core/../key.ui/examples/InformationFlow/SimpleEvoting/simple_evoting.Voter(simple_evoting.Voter__onSendBallot(simple_evoting.Server)).Non-interference contract.1.key 
106127     INFO  main            d.u.i.k.p.i.AbstractProblemLoader Loading environment from /home/runner/work/key/key/key.core/../key.ui/examples/InformationFlow/SimpleEvoting/simple_evoting.Voter(simple_evoting.Voter__onSendBallot(simple_evoting.Server)).Non-interference contract.1.key 
106127     DEBUG main            d.u.i.k.p.i.AbstractProblemLoader Environment load took 80.1ns 
106128     INFO  main            d.u.i.k.p.i.AbstractProblemLoader Creating init config 
109162     DEBUG main            d.u.i.k.p.i.AbstractProblemLoader Init config took 3.03s 
109213     INFO  main            d.u.i.k.p.i.AbstractProblemLoader Replaying proof simple_evoting.Voter[simple_evoting.Voter::onSendBallot(simple_evoting.Server)].Non-interference contract.1 
109216     DEBUG main            d.u.i.k.p.i.IntermediateProofReplayer Proof replay took 13ns 
119655     INFO  main            d.u.i.k.p.r.p.TestFile    ... finished proof: closed. 
119869     INFO  main            d.u.i.k.p.r.p.TestFile    Now processing file /home/runner/work/key/key/key.core/../key.ui/examples/InformationFlow/SimpleEvoting/simple_evoting.Voter(simple_evoting.Voter__onSendBallot(simple_evoting.Server)).Non-interference contract.0.key 
119870     INFO  main            d.u.i.k.p.i.AbstractProblemLoader Loading environment from /home/runner/work/key/key/key.core/../key.ui/examples/InformationFlow/SimpleEvoting/simple_evoting.Voter(simple_evoting.Voter__onSendBallot(simple_evoting.Server)).Non-interference contract.0.key 
119870     DEBUG main            d.u.i.k.p.i.AbstractProblemLoader Environment load took 66.8ns 
119871     INFO  main            d.u.i.k.p.i.AbstractProblemLoader Creating init config 
122949     DEBUG main            d.u.i.k.p.i.AbstractProblemLoader Init config took 3.08s 
123001     INFO  main            d.u.i.k.p.i.AbstractProblemLoader Replaying proof simple_evoting.Voter[simple_evoting.Voter::onSendBallot(simple_evoting.Server)].Non-interference contract.0 
123004     DEBUG main            d.u.i.k.p.i.IntermediateProofReplayer Proof replay took 14.1ns 
136451     INFO  main            d.u.i.k.p.r.p.TestFile    ... finished proof: closed. 
1456330    INFO  Test worker     d.u.i.k.p.r.RunAllProofsTestUnit Returning from test SimpleEvoting_nomacro 
1456332    INFO  Test worker     d.u.i.k.p.r.RunAllProofsTestUnit Running test ToyVoting_fullmacro 
345        INFO  Timeout watchdog d.u.i.k.p.r.p.ForkedTestFileRunner Timeout watcher launched (1000 secs.) 
358        WARN  main            d.u.i.k.s.ProofSettings   The settings in /home/runner/.key/proof-settings.props are *not* read. 
399        INFO  main            d.u.i.k.p.r.p.TestFile    Now processing file /home/runner/work/key/key/key.core/../key.ui/examples/InformationFlow/ToyVoting/Voter(Voter__insecure_voting()).Non-interference contract.0.m.key 
561        INFO  main            d.u.i.k.p.i.AbstractProblemLoader Loading environment from /home/runner/work/key/key/key.core/../key.ui/examples/InformationFlow/ToyVoting/Voter(Voter__insecure_voting()).Non-interference contract.0.m.key 
585        DEBUG main            d.u.i.k.p.i.AbstractProblemLoader Environment load took 2.23ms 
804        INFO  main            d.u.i.k.p.i.AbstractProblemLoader Creating init config 
1826       DEBUG main            d.u.i.k.j.TypeConverter   No LDT found for Meta 
1827       DEBUG main            d.u.i.k.j.TypeConverter   No LDT found for Meta 
1829       DEBUG main            d.u.i.k.j.TypeConverter   No LDT found for Meta 
1829       DEBUG main            d.u.i.k.j.TypeConverter   No LDT found for Meta 
3305       DEBUG main            d.u.i.k.j.TypeConverter   No LDT found for JavaBigintExpression 
8053       DEBUG main            d.u.i.k.p.i.AbstractProblemLoader Init config took 7.25s 
8187       INFO  main            d.u.i.k.p.i.AbstractProblemLoader Replaying proof Voter[Voter::insecure_voting()].Non-interference contract.0 
8274       DEBUG main            d.u.i.k.p.i.IntermediateProofReplayer Proof replay took 379.81ns 
8335       DEBUG main            d.u.i.k.m.s.ProofScriptEngine 1: 'macro 'infflow-autopilot'' 
8602       DEBUG main            d.u.i.k.p.m.ProofCorrectnessMgt No justification found for rule Class_invariant_axiom_for_Voter 
8836       DEBUG main            d.u.i.k.p.m.ProofCorrectnessMgt No justification found for rule Class_invariant_axiom_for_Voter 
8839       DEBUG main            d.u.i.k.p.m.ProofCorrectnessMgt No justification found for rule Class_invariant_axiom_for_Voter 
9061       DEBUG main            d.u.i.k.p.m.ProofCorrectnessMgt No justification found for rule Class_invariant_axiom_for_Voter 
9063       DEBUG main            d.u.i.k.p.m.ProofCorrectnessMgt No justification found for rule Class_invariant_axiom_for_Voter 
9122       DEBUG main            d.u.i.k.p.m.ProofCorrectnessMgt No justification found for rule Class_invariant_axiom_for_Voter 
9126       DEBUG main            d.u.i.k.p.m.ProofCorrectnessMgt No justification found for rule Class_invariant_axiom_for_Voter 
9209       DEBUG main            d.u.i.k.p.m.ProofCorrectnessMgt No justification found for rule Class_invariant_axiom_for_Voter 
9210       DEBUG main            d.u.i.k.p.m.ProofCorrectnessMgt No justification found for rule Class_invariant_axiom_for_Voter 
9353       DEBUG main            d.u.i.k.p.m.ProofCorrectnessMgt No justification found for rule Class_invariant_axiom_for_Voter 
9354       DEBUG main            d.u.i.k.p.m.ProofCorrectnessMgt No justification found for rule Class_invariant_axiom_for_Voter 
9444       DEBUG main            d.u.i.k.p.m.ProofCorrectnessMgt No justification found for rule Class_invariant_axiom_for_Voter 
9445       DEBUG main            d.u.i.k.p.m.ProofCorrectnessMgt No justification found for rule Class_invariant_axiom_for_Voter 
9496       DEBUG main            d.u.i.k.p.m.ProofCorrectnessMgt No justification found for rule Class_invariant_axiom_for_Voter 
9497       DEBUG main            d.u.i.k.p.m.ProofCorrectnessMgt No justification found for rule Class_invariant_axiom_for_Voter 
9615       DEBUG main            d.u.i.k.p.m.ProofCorrectnessMgt No justification found for rule Class_invariant_axiom_for_Voter 
9630       DEBUG main            d.u.i.k.p.m.ProofCorrectnessMgt No justification found for rule Class_invariant_axiom_for_Voter 
9724       DEBUG main            d.u.i.k.p.m.ProofCorrectnessMgt No justification found for rule Class_invariant_axiom_for_Voter 
9738       DEBUG main            d.u.i.k.p.m.ProofCorrectnessMgt No justification found for rule Class_invariant_axiom_for_Voter 
9830       DEBUG main            d.u.i.k.p.m.ProofCorrectnessMgt No justification found for rule Class_invariant_axiom_for_Voter 
9849       DEBUG main            d.u.i.k.p.m.ProofCorrectnessMgt No justification found for rule Class_invariant_axiom_for_Voter 
9852       DEBUG main            d.u.i.k.p.m.ProofCorrectnessMgt No justification found for rule Class_invariant_axiom_for_Voter 
35308      INFO  main            d.u.i.k.p.r.p.TestFile    ... finished proof: open goal(s) 
35513      INFO  main            d.u.i.k.p.r.p.TestFile    Now processing file /home/runner/work/key/key/key.core/../key.ui/examples/InformationFlow/ToyVoting/Voter(Voter__publishVoterParticipation()).Non-interference contract.0.m.key 
35514      INFO  main            d.u.i.k.p.i.AbstractProblemLoader Loading environment from /home/runner/work/key/key/key.core/../key.ui/examples/InformationFlow/ToyVoting/Voter(Voter__publishVoterParticipation()).Non-interference contract.0.m.key 
35514      DEBUG main            d.u.i.k.p.i.AbstractProblemLoader Environment load took 325.5ns 
35516      INFO  main            d.u.i.k.p.i.AbstractProblemLoader Creating init config 
38200      DEBUG main            d.u.i.k.p.i.AbstractProblemLoader Init config took 2.68s 
38265      INFO  main            d.u.i.k.p.i.AbstractProblemLoader Replaying proof Voter[Voter::publishVoterParticipation()].Non-interference contract.0 
38268      DEBUG main            d.u.i.k.p.i.IntermediateProofReplayer Proof replay took 13.4ns 
38269      DEBUG main            d.u.i.k.m.s.ProofScriptEngine 1: 'macro 'infflow-autopilot'' 
38330      DEBUG main            d.u.i.k.p.m.ProofCorrectnessMgt No justification found for rule Class_invariant_axiom_for_Voter 
38531      INFO  main            d.u.i.k.p.r.p.TestFile    ... finished proof: closed. 
38759      INFO  main            d.u.i.k.p.r.p.TestFile    Now processing file /home/runner/work/key/key/key.core/../key.ui/examples/InformationFlow/ToyVoting/Voter(Voter__isValid(int)).Non-interference contract.0.m.key 
38760      INFO  main            d.u.i.k.p.i.AbstractProblemLoader Loading environment from /home/runner/work/key/key/key.core/../key.ui/examples/InformationFlow/ToyVoting/Voter(Voter__isValid(int)).Non-interference contract.0.m.key 
38760      DEBUG main            d.u.i.k.p.i.AbstractProblemLoader Environment load took 125.4ns 
38763      INFO  main            d.u.i.k.p.i.AbstractProblemLoader Creating init config 
41358      DEBUG main            d.u.i.k.p.i.AbstractProblemLoader Init config took 2.6s 
41407      INFO  main            d.u.i.k.p.i.AbstractProblemLoader Replaying proof Voter[Voter::isValid(int)].Non-interference contract.0 
41410      DEBUG main            d.u.i.k.p.i.IntermediateProofReplayer Proof replay took 13.9ns 
41411      DEBUG main            d.u.i.k.m.s.ProofScriptEngine 1: 'macro 'infflow-autopilot'' 
41453      DEBUG main            d.u.i.k.p.m.ProofCorrectnessMgt No justification found for rule Class_invariant_axiom_for_Voter 
41763      INFO  main            d.u.i.k.p.r.p.TestFile    ... finished proof: closed. 
41946      INFO  main            d.u.i.k.p.r.p.TestFile    Now processing file /home/runner/work/key/key/key.core/../key.ui/examples/InformationFlow/ToyVoting/Voter(Voter__sendVote(int)).Non-interference contract.0.m.key 
41946      INFO  main            d.u.i.k.p.i.AbstractProblemLoader Loading environment from /home/runner/work/key/key/key.core/../key.ui/examples/InformationFlow/ToyVoting/Voter(Voter__sendVote(int)).Non-interference contract.0.m.key 
41946      DEBUG main            d.u.i.k.p.i.AbstractProblemLoader Environment load took 75.4ns 
41951      INFO  main            d.u.i.k.p.i.AbstractProblemLoader Creating init config 
44482      DEBUG main            d.u.i.k.p.i.AbstractProblemLoader Init config took 2.53s 
44538      INFO  main            d.u.i.k.p.i.AbstractProblemLoader Replaying proof Voter[Voter::sendVote(int)].Non-interference contract.0 
44541      DEBUG main            d.u.i.k.p.i.IntermediateProofReplayer Proof replay took 14.8ns 
44542      DEBUG main            d.u.i.k.m.s.ProofScriptEngine 1: 'macro 'infflow-autopilot'' 
44594      DEBUG main            d.u.i.k.p.m.ProofCorrectnessMgt No justification found for rule Class_invariant_axiom_for_Voter 
44808      INFO  main            d.u.i.k.p.r.p.TestFile    ... finished proof: closed. 
44956      INFO  main            d.u.i.k.p.r.p.TestFile    Now processing file /home/runner/work/key/key/key.core/../key.ui/examples/InformationFlow/ToyVoting/Voter(Voter__inputVote()).Non-interference contract.0.m.key 
44956      INFO  main            d.u.i.k.p.i.AbstractProblemLoader Loading environment from /home/runner/work/key/key/key.core/../key.ui/examples/InformationFlow/ToyVoting/Voter(Voter__inputVote()).Non-interference contract.0.m.key 
44956      DEBUG main            d.u.i.k.p.i.AbstractProblemLoader Environment load took 67.4ns 
44957      INFO  main            d.u.i.k.p.i.AbstractProblemLoader Creating init config 
47441      DEBUG main            d.u.i.k.p.i.AbstractProblemLoader Init config took 2.48s 
47486      INFO  main            d.u.i.k.p.i.AbstractProblemLoader Replaying proof Voter[Voter::inputVote()].Non-interference contract.0 
47489      DEBUG main            d.u.i.k.p.i.IntermediateProofReplayer Proof replay took 28.4ns 
47489      DEBUG main            d.u.i.k.m.s.ProofScriptEngine 1: 'macro 'infflow-autopilot'' 
47527      DEBUG main            d.u.i.k.p.m.ProofCorrectnessMgt No justification found for rule Class_invariant_axiom_for_Voter 
47656      INFO  main            d.u.i.k.p.r.p.TestFile    ... finished proof: closed. 
47795      INFO  main            d.u.i.k.p.r.p.TestFile    Now processing file /home/runner/work/key/key/key.core/../key.ui/examples/InformationFlow/ToyVoting/Voter(Voter__secure_voting()).Non-interference contract.0.m.key 
47796      INFO  main            d.u.i.k.p.i.AbstractProblemLoader Loading environment from /home/runner/work/key/key/key.core/../key.ui/examples/InformationFlow/ToyVoting/Voter(Voter__secure_voting()).Non-interference contract.0.m.key 
47796      DEBUG main            d.u.i.k.p.i.AbstractProblemLoader Environment load took 104.9ns 
47797      INFO  main            d.u.i.k.p.i.AbstractProblemLoader Creating init config 
50250      DEBUG main            d.u.i.k.p.i.AbstractProblemLoader Init config took 2.45s 
50292      INFO  main            d.u.i.k.p.i.AbstractProblemLoader Replaying proof Voter[Voter::secure_voting()].Non-interference contract.0 
50294      DEBUG main            d.u.i.k.p.i.IntermediateProofReplayer Proof replay took 12.3ns 
50295      DEBUG main            d.u.i.k.m.s.ProofScriptEngine 1: 'macro 'infflow-autopilot'' 
50328      DEBUG main            d.u.i.k.p.m.ProofCorrectnessMgt No justification found for rule Class_invariant_axiom_for_Voter 
50422      DEBUG main            d.u.i.k.p.m.ProofCorrectnessMgt No justification found for rule Class_invariant_axiom_for_Voter 
50477      DEBUG main            d.u.i.k.p.m.ProofCorrectnessMgt No justification found for rule Class_invariant_axiom_for_Voter 
50478      DEBUG main            d.u.i.k.p.m.ProofCorrectnessMgt No justification found for rule Class_invariant_axiom_for_Voter 
50573      DEBUG main            d.u.i.k.p.m.ProofCorrectnessMgt No justification found for rule Class_invariant_axiom_for_Voter 
50744      DEBUG main            d.u.i.k.p.m.ProofCorrectnessMgt No justification found for rule Class_invariant_axiom_for_Voter 
50746      DEBUG main            d.u.i.k.p.m.ProofCorrectnessMgt No justification found for rule Class_invariant_axiom_for_Voter 
51006      DEBUG main            d.u.i.k.p.m.ProofCorrectnessMgt No justification found for rule Class_invariant_axiom_for_Voter 
51084      DEBUG main            d.u.i.k.p.m.ProofCorrectnessMgt No justification found for rule Class_invariant_axiom_for_Voter 
51086      DEBUG main            d.u.i.k.p.m.ProofCorrectnessMgt No justification found for rule Class_invariant_axiom_for_Voter 
51106      DEBUG main            d.u.i.k.p.m.ProofCorrectnessMgt No justification found for rule Class_invariant_axiom_for_Voter 
51165      DEBUG main            d.u.i.k.p.m.ProofCorrectnessMgt No justification found for rule Class_invariant_axiom_for_Voter 
51168      DEBUG main            d.u.i.k.p.m.ProofCorrectnessMgt No justification found for rule Class_invariant_axiom_for_Voter 
51921      DEBUG main            d.u.i.k.p.m.ProofCorrectnessMgt No justification found for rule Class_invariant_axiom_for_Voter 
51924      DEBUG main            d.u.i.k.p.m.ProofCorrectnessMgt No justification found for rule Class_invariant_axiom_for_Voter 
52024      DEBUG main            d.u.i.k.p.m.ProofCorrectnessMgt No justification found for rule Class_invariant_axiom_for_Voter 
52027      DEBUG main            d.u.i.k.p.m.ProofCorrectnessMgt No justification found for rule Class_invariant_axiom_for_Voter 
52081      DEBUG main            d.u.i.k.p.m.ProofCorrectnessMgt No justification found for rule Class_invariant_axiom_for_Voter 
52085      DEBUG main            d.u.i.k.p.m.ProofCorrectnessMgt No justification found for rule Class_invariant_axiom_for_Voter 
52103      DEBUG main            d.u.i.k.p.m.ProofCorrectnessMgt No justification found for rule Class_invariant_axiom_for_Voter 
52166      DEBUG main            d.u.i.k.p.m.ProofCorrectnessMgt No justification found for rule Class_invariant_axiom_for_Voter 
52248      DEBUG main            d.u.i.k.p.m.ProofCorrectnessMgt No justification found for rule Class_invariant_axiom_for_Voter 
52249      DEBUG main            d.u.i.k.p.m.ProofCorrectnessMgt No justification found for rule Class_invariant_axiom_for_Voter 
52720      DEBUG main            d.u.i.k.p.m.ProofCorrectnessMgt No justification found for rule Class_invariant_axiom_for_Voter 
52739      DEBUG main            d.u.i.k.p.m.ProofCorrectnessMgt No justification found for rule Class_invariant_axiom_for_Voter 
52740      DEBUG main            d.u.i.k.p.m.ProofCorrectnessMgt No justification found for rule Class_invariant_axiom_for_Voter 
52759      DEBUG main            d.u.i.k.p.m.ProofCorrectnessMgt No justification found for rule Class_invariant_axiom_for_Voter 
52778      DEBUG main            d.u.i.k.p.m.ProofCorrectnessMgt No justification found for rule Class_invariant_axiom_for_Voter 
52780      DEBUG main            d.u.i.k.p.m.ProofCorrectnessMgt No justification found for rule Class_invariant_axiom_for_Voter 
52815      DEBUG main            d.u.i.k.p.m.ProofCorrectnessMgt No justification found for rule Class_invariant_axiom_for_Voter 
52839      DEBUG main            d.u.i.k.p.m.ProofCorrectnessMgt No justification found for rule Class_invariant_axiom_for_Voter 
52841      DEBUG main            d.u.i.k.p.m.ProofCorrectnessMgt No justification found for rule Class_invariant_axiom_for_Voter 
52933      DEBUG main            d.u.i.k.p.m.ProofCorrectnessMgt No justification found for rule Class_invariant_axiom_for_Voter 
52959      DEBUG main            d.u.i.k.p.m.ProofCorrectnessMgt No justification found for rule Class_invariant_axiom_for_Voter 
52961      DEBUG main            d.u.i.k.p.m.ProofCorrectnessMgt No justification found for rule Class_invariant_axiom_for_Voter 
53109      DEBUG main            d.u.i.k.p.m.ProofCorrectnessMgt No justification found for rule Class_invariant_axiom_for_Voter 
53113      DEBUG main            d.u.i.k.p.m.ProofCorrectnessMgt No justification found for rule Class_invariant_axiom_for_Voter 
53185      DEBUG main            d.u.i.k.p.m.ProofCorrectnessMgt No justification found for rule Class_invariant_axiom_for_Voter 
53188      DEBUG main            d.u.i.k.p.m.ProofCorrectnessMgt No justification found for rule Class_invariant_axiom_for_Voter 
53232      DEBUG main            d.u.i.k.p.m.ProofCorrectnessMgt No justification found for rule Class_invariant_axiom_for_Voter 
53235      DEBUG main            d.u.i.k.p.m.ProofCorrectnessMgt No justification found for rule Class_invariant_axiom_for_Voter 
53289      DEBUG main            d.u.i.k.p.m.ProofCorrectnessMgt No justification found for rule Class_invariant_axiom_for_Voter 
53292      DEBUG main            d.u.i.k.p.m.ProofCorrectnessMgt No justification found for rule Class_invariant_axiom_for_Voter 
53326      DEBUG main            d.u.i.k.p.m.ProofCorrectnessMgt No justification found for rule Class_invariant_axiom_for_Voter 
53329      DEBUG main            d.u.i.k.p.m.ProofCorrectnessMgt No justification found for rule Class_invariant_axiom_for_Voter 
53478      DEBUG main            d.u.i.k.p.m.ProofCorrectnessMgt No justification found for rule Class_invariant_axiom_for_Voter 
53482      DEBUG main            d.u.i.k.p.m.ProofCorrectnessMgt No justification found for rule Class_invariant_axiom_for_Voter 
53637      DEBUG main            d.u.i.k.p.m.ProofCorrectnessMgt No justification found for rule Class_invariant_axiom_for_Voter 
53640      DEBUG main            d.u.i.k.p.m.ProofCorrectnessMgt No justification found for rule Class_invariant_axiom_for_Voter 
53800      DEBUG main            d.u.i.k.p.m.ProofCorrectnessMgt No justification found for rule Class_invariant_axiom_for_Voter 
53884      DEBUG main            d.u.i.k.p.m.ProofCorrectnessMgt No justification found for rule Class_invariant_axiom_for_Voter 
53885      DEBUG main            d.u.i.k.p.m.ProofCorrectnessMgt No justification found for rule Class_invariant_axiom_for_Voter 
53925      DEBUG main            d.u.i.k.p.m.ProofCorrectnessMgt No justification found for rule Class_invariant_axiom_for_Voter 
53926      DEBUG main            d.u.i.k.p.m.ProofCorrectnessMgt No justification found for rule Class_invariant_axiom_for_Voter 
53966      DEBUG main            d.u.i.k.p.m.ProofCorrectnessMgt No justification found for rule Class_invariant_axiom_for_Voter 
53967      DEBUG main            d.u.i.k.p.m.ProofCorrectnessMgt No justification found for rule Class_invariant_axiom_for_Voter 
53993      DEBUG main            d.u.i.k.p.m.ProofCorrectnessMgt No justification found for rule Class_invariant_axiom_for_Voter 
54013      DEBUG main            d.u.i.k.p.m.ProofCorrectnessMgt No justification found for rule Class_invariant_axiom_for_Voter 
54015      DEBUG main            d.u.i.k.p.m.ProofCorrectnessMgt No justification found for rule Class_invariant_axiom_for_Voter 
54480      DEBUG main            d.u.i.k.p.m.ProofCorrectnessMgt No justification found for rule Class_invariant_axiom_for_Voter 
54482      DEBUG main            d.u.i.k.p.m.ProofCorrectnessMgt No justification found for rule Class_invariant_axiom_for_Voter 
54485      DEBUG main            d.u.i.k.p.m.ProofCorrectnessMgt No justification found for rule Class_invariant_axiom_for_Voter 
54488      DEBUG main            d.u.i.k.p.m.ProofCorrectnessMgt No justification found for rule Class_invariant_axiom_for_Voter 
54725      DEBUG main            d.u.i.k.p.m.ProofCorrectnessMgt No justification found for rule Class_invariant_axiom_for_Voter 
54728      DEBUG main            d.u.i.k.p.m.ProofCorrectnessMgt No justification found for rule Class_invariant_axiom_for_Voter 
54812      DEBUG main            d.u.i.k.p.m.ProofCorrectnessMgt No justification found for rule Class_invariant_axiom_for_Voter 
54814      DEBUG main            d.u.i.k.p.m.ProofCorrectnessMgt No justification found for rule Class_invariant_axiom_for_Voter 
54919      DEBUG main            d.u.i.k.p.m.ProofCorrectnessMgt No justification found for rule Class_invariant_axiom_for_Voter 
54921      DEBUG main            d.u.i.k.p.m.ProofCorrectnessMgt No justification found for rule Class_invariant_axiom_for_Voter 
54998      DEBUG main            d.u.i.k.p.m.ProofCorrectnessMgt No justification found for rule Class_invariant_axiom_for_Voter 
55000      DEBUG main            d.u.i.k.p.m.ProofCorrectnessMgt No justification found for rule Class_invariant_axiom_for_Voter 
55106      DEBUG main            d.u.i.k.p.m.ProofCorrectnessMgt No justification found for rule Class_invariant_axiom_for_Voter 
55109      DEBUG main            d.u.i.k.p.m.ProofCorrectnessMgt No justification found for rule Class_invariant_axiom_for_Voter 
55201      DEBUG main            d.u.i.k.p.m.ProofCorrectnessMgt No justification found for rule Class_invariant_axiom_for_Voter 
55204      DEBUG main            d.u.i.k.p.m.ProofCorrectnessMgt No justification found for rule Class_invariant_axiom_for_Voter 
55307      DEBUG main            d.u.i.k.p.m.ProofCorrectnessMgt No justification found for rule Class_invariant_axiom_for_Voter 
55310      DEBUG main            d.u.i.k.p.m.ProofCorrectnessMgt No justification found for rule Class_invariant_axiom_for_Voter 
55378      DEBUG main            d.u.i.k.p.m.ProofCorrectnessMgt No justification found for rule Class_invariant_axiom_for_Voter 
55380      DEBUG main            d.u.i.k.p.m.ProofCorrectnessMgt No justification found for rule Class_invariant_axiom_for_Voter 
55544      DEBUG main            d.u.i.k.p.m.ProofCorrectnessMgt No justification found for rule Class_invariant_axiom_for_Voter 
55547      DEBUG main            d.u.i.k.p.m.ProofCorrectnessMgt No justification found for rule Class_invariant_axiom_for_Voter 
55670      DEBUG main            d.u.i.k.p.m.ProofCorrectnessMgt No justification found for rule Class_invariant_axiom_for_Voter 
55673      DEBUG main            d.u.i.k.p.m.ProofCorrectnessMgt No justification found for rule Class_invariant_axiom_for_Voter 
56480      DEBUG main            d.u.i.k.p.m.ProofCorrectnessMgt No justification found for rule Class_invariant_axiom_for_Voter 
56483      DEBUG main            d.u.i.k.p.m.ProofCorrectnessMgt No justification found for rule Class_invariant_axiom_for_Voter 
56902      DEBUG main            d.u.i.k.p.m.ProofCorrectnessMgt No justification found for rule Class_invariant_axiom_for_Voter 
56904      DEBUG main            d.u.i.k.p.m.ProofCorrectnessMgt No justification found for rule Class_invariant_axiom_for_Voter 
57017      DEBUG main            d.u.i.k.p.m.ProofCorrectnessMgt No justification found for rule Class_invariant_axiom_for_Voter 
57019      DEBUG main            d.u.i.k.p.m.ProofCorrectnessMgt No justification found for rule Class_invariant_axiom_for_Voter 
57344      DEBUG main            d.u.i.k.p.m.ProofCorrectnessMgt No justification found for rule Class_invariant_axiom_for_Voter 
57347      DEBUG main            d.u.i.k.p.m.ProofCorrectnessMgt No justification found for rule Class_invariant_axiom_for_Voter 
57518      DEBUG main            d.u.i.k.p.m.ProofCorrectnessMgt No justification found for rule Class_invariant_axiom_for_Voter 
57521      DEBUG main            d.u.i.k.p.m.ProofCorrectnessMgt No justification found for rule Class_invariant_axiom_for_Voter 
57659      DEBUG main            d.u.i.k.p.m.ProofCorrectnessMgt No justification found for rule Class_invariant_axiom_for_Voter 
57662      DEBUG main            d.u.i.k.p.m.ProofCorrectnessMgt No justification found for rule Class_invariant_axiom_for_Voter 
57802      DEBUG main            d.u.i.k.p.m.ProofCorrectnessMgt No justification found for rule Class_invariant_axiom_for_Voter 
57804      DEBUG main            d.u.i.k.p.m.ProofCorrectnessMgt No justification found for rule Class_invariant_axiom_for_Voter 
57940      DEBUG main            d.u.i.k.p.m.ProofCorrectnessMgt No justification found for rule Class_invariant_axiom_for_Voter 
57942      DEBUG main            d.u.i.k.p.m.ProofCorrectnessMgt No justification found for rule Class_invariant_axiom_for_Voter 
58102      DEBUG main            d.u.i.k.p.m.ProofCorrectnessMgt No justification found for rule Class_invariant_axiom_for_Voter 
58105      DEBUG main            d.u.i.k.p.m.ProofCorrectnessMgt No justification found for rule Class_invariant_axiom_for_Voter 
59256      INFO  main            d.u.i.k.p.r.p.TestFile    ... finished proof: closed. 
1515984    INFO  Test worker     d.u.i.k.p.r.RunAllProofsTestUnit Returning from test ToyVoting_fullmacro 
1515985    INFO  Test worker     d.u.i.k.p.r.RunAllProofsTestUnit Running test SumExample_fullmacro 
341        INFO  Timeout watchdog d.u.i.k.p.r.p.ForkedTestFileRunner Timeout watcher launched (1000 secs.) 
356        WARN  main            d.u.i.k.s.ProofSettings   The settings in /home/runner/.key/proof-settings.props are *not* read. 
397        INFO  main            d.u.i.k.p.r.p.TestFile    Now processing file /home/runner/work/key/key/key.core/../key.ui/examples/InformationFlow/Sum/SumExample(SumExample__getSum()).Non-interference contract.0.m.key 
516        INFO  main            d.u.i.k.p.i.AbstractProblemLoader Loading environment from /home/runner/work/key/key/key.core/../key.ui/examples/InformationFlow/Sum/SumExample(SumExample__getSum()).Non-interference contract.0.m.key 
545        DEBUG main            d.u.i.k.p.i.AbstractProblemLoader Environment load took 3.16ms 
764        INFO  main            d.u.i.k.p.i.AbstractProblemLoader Creating init config 
1679       DEBUG main            d.u.i.k.j.TypeConverter   No LDT found for Meta 
1683       DEBUG main            d.u.i.k.j.TypeConverter   No LDT found for Meta 
1687       DEBUG main            d.u.i.k.j.TypeConverter   No LDT found for Meta 
1688       DEBUG main            d.u.i.k.j.TypeConverter   No LDT found for Meta 
3337       DEBUG main            d.u.i.k.j.TypeConverter   No LDT found for JavaBigintExpression 
8180       DEBUG main            d.u.i.k.p.i.AbstractProblemLoader Init config took 7.42s 
8386       INFO  main            d.u.i.k.p.i.AbstractProblemLoader Replaying proof SumExample[SumExample::getSum()].Non-interference contract.0 
8462       DEBUG main            d.u.i.k.p.i.IntermediateProofReplayer Proof replay took 366.2ns 
8540       DEBUG main            d.u.i.k.m.s.ProofScriptEngine 1: 'macro 'infflow-autopilot'' 
8857       DEBUG main            d.u.i.k.p.m.ProofCorrectnessMgt No justification found for rule Class_invariant_axiom_for_SumExample 
10428      INFO  main            d.u.i.k.p.r.p.TestFile    ... finished proof: closed. 
1526764    INFO  Test worker     d.u.i.k.p.r.RunAllProofsTestUnit Returning from test SumExample_fullmacro 
1526765    INFO  Test worker     d.u.i.k.p.r.RunAllProofsTestUnit Running test ToyBanking_fullmacro 
340        INFO  Timeout watchdog d.u.i.k.p.r.p.ForkedTestFileRunner Timeout watcher launched (1000 secs.) 
346        WARN  main            d.u.i.k.s.ProofSettings   The settings in /home/runner/.key/proof-settings.props are *not* read. 
367        INFO  main            d.u.i.k.p.r.p.TestFile    Now processing file /home/runner/work/key/key/key.core/../key.ui/examples/InformationFlow/ToyBanking/banking_example.UserAccount(banking_example.UserAccount__getBankAccount(int)).Non-interference contract.0.m.key 
507        INFO  main            d.u.i.k.p.i.AbstractProblemLoader Loading environment from /home/runner/work/key/key/key.core/../key.ui/examples/InformationFlow/ToyBanking/banking_example.UserAccount(banking_example.UserAccount__getBankAccount(int)).Non-interference contract.0.m.key 
526        DEBUG main            d.u.i.k.p.i.AbstractProblemLoader Environment load took 2.63ms 
754        INFO  main            d.u.i.k.p.i.AbstractProblemLoader Creating init config 
1750       DEBUG main            d.u.i.k.j.TypeConverter   No LDT found for Meta 
1751       DEBUG main            d.u.i.k.j.TypeConverter   No LDT found for Meta 
1754       DEBUG main            d.u.i.k.j.TypeConverter   No LDT found for Meta 
1754       DEBUG main            d.u.i.k.j.TypeConverter   No LDT found for Meta 
3176       DEBUG main            d.u.i.k.j.TypeConverter   No LDT found for JavaBigintExpression 
9040       DEBUG main            d.u.i.k.p.i.AbstractProblemLoader Init config took 8.29s 
9306       INFO  main            d.u.i.k.p.i.AbstractProblemLoader Replaying proof banking_example.UserAccount[banking_example.UserAccount::getBankAccount(int)].Non-interference contract.0 
9384       DEBUG main            d.u.i.k.p.i.IntermediateProofReplayer Proof replay took 380.11ns 
9430       DEBUG main            d.u.i.k.m.s.ProofScriptEngine 1: 'macro 'infflow-autopilot'' 
9812       DEBUG main            d.u.i.k.p.m.ProofCorrectnessMgt No justification found for rule Class_invariant_axiom_for_banking_example_UserAccount 
13910      INFO  main            d.u.i.k.p.r.p.TestFile    ... finished proof: closed. 
14085      INFO  main            d.u.i.k.p.r.p.TestFile    Now processing file /home/runner/work/key/key/key.core/../key.ui/examples/InformationFlow/ToyBanking/banking_example.UserAccount(banking_example.UserAccount__tryLogin(int,(C)).Non-interference contract.0.m.key 
14085      INFO  main            d.u.i.k.p.i.AbstractProblemLoader Loading environment from /home/runner/work/key/key/key.core/../key.ui/examples/InformationFlow/ToyBanking/banking_example.UserAccount(banking_example.UserAccount__tryLogin(int,(C)).Non-interference contract.0.m.key 
14086      DEBUG main            d.u.i.k.p.i.AbstractProblemLoader Environment load took 339.1ns 
14089      INFO  main            d.u.i.k.p.i.AbstractProblemLoader Creating init config 
17164      DEBUG main            d.u.i.k.p.i.AbstractProblemLoader Init config took 3.08s 
17257      INFO  main            d.u.i.k.p.i.AbstractProblemLoader Replaying proof banking_example.UserAccount[banking_example.UserAccount::tryLogin(int,[C)].Non-interference contract.0 
17262      DEBUG main            d.u.i.k.p.i.IntermediateProofReplayer Proof replay took 14.7ns 
17263      DEBUG main            d.u.i.k.m.s.ProofScriptEngine 1: 'macro 'infflow-autopilot'' 
17341      DEBUG main            d.u.i.k.p.m.ProofCorrectnessMgt No justification found for rule Class_invariant_axiom_for_banking_example_UserAccount 
73441      INFO  main            d.u.i.k.p.r.p.TestFile    ... finished proof: closed. 
73745      INFO  main            d.u.i.k.p.r.p.TestFile    Now processing file /home/runner/work/key/key/key.core/../key.ui/examples/InformationFlow/ToyBanking/banking_example.BankAccount(banking_example.BankAccount__depositMoney(int)).Non-interference contract.0.m.key 
73745      INFO  main            d.u.i.k.p.i.AbstractProblemLoader Loading environment from /home/runner/work/key/key/key.core/../key.ui/examples/InformationFlow/ToyBanking/banking_example.BankAccount(banking_example.BankAccount__depositMoney(int)).Non-interference contract.0.m.key 
73745      DEBUG main            d.u.i.k.p.i.AbstractProblemLoader Environment load took 92.1ns 
73747      INFO  main            d.u.i.k.p.i.AbstractProblemLoader Creating init config 
76668      DEBUG main            d.u.i.k.p.i.AbstractProblemLoader Init config took 2.92s 
76731      INFO  main            d.u.i.k.p.i.AbstractProblemLoader Replaying proof banking_example.BankAccount[banking_example.BankAccount::depositMoney(int)].Non-interference contract.0 
76743      DEBUG main            d.u.i.k.p.i.IntermediateProofReplayer Proof replay took 14.9ns 
76744      DEBUG main            d.u.i.k.m.s.ProofScriptEngine 1: 'macro 'infflow-autopilot'' 
76839      DEBUG main            d.u.i.k.p.m.ProofCorrectnessMgt No justification found for rule Class_invariant_axiom_for_banking_example_BankAccount 
77460      INFO  main            d.u.i.k.p.r.p.TestFile    ... finished proof: closed. 
77735      INFO  main            d.u.i.k.p.r.p.TestFile    Now processing file /home/runner/work/key/key/key.core/../key.ui/examples/InformationFlow/ToyBanking/banking_example.BankAccount(banking_example.BankAccount__getBalance()).Non-interference contract.0.m.key 
77735      INFO  main            d.u.i.k.p.i.AbstractProblemLoader Loading environment from /home/runner/work/key/key/key.core/../key.ui/examples/InformationFlow/ToyBanking/banking_example.BankAccount(banking_example.BankAccount__getBalance()).Non-interference contract.0.m.key 
77736      DEBUG main            d.u.i.k.p.i.AbstractProblemLoader Environment load took 562.01ns 
77739      INFO  main            d.u.i.k.p.i.AbstractProblemLoader Creating init config 
80621      DEBUG main            d.u.i.k.p.i.AbstractProblemLoader Init config took 2.88s 
80685      INFO  main            d.u.i.k.p.i.AbstractProblemLoader Replaying proof banking_example.BankAccount[banking_example.BankAccount::getBalance()].Non-interference contract.0 
80693      DEBUG main            d.u.i.k.p.i.IntermediateProofReplayer Proof replay took 13.2ns 
80693      DEBUG main            d.u.i.k.m.s.ProofScriptEngine 1: 'macro 'infflow-autopilot'' 
80737      DEBUG main            d.u.i.k.p.m.ProofCorrectnessMgt No justification found for rule Class_invariant_axiom_for_banking_example_BankAccount 
80858      INFO  main            d.u.i.k.p.r.p.TestFile    ... finished proof: closed. 
81012      INFO  main            d.u.i.k.p.r.p.TestFile    Now processing file /home/runner/work/key/key/key.core/../key.ui/examples/InformationFlow/ToyBanking/banking_example.BankAccount(banking_example.BankAccount__getId()).Non-interference contract.0.m.key 
81012      INFO  main            d.u.i.k.p.i.AbstractProblemLoader Loading environment from /home/runner/work/key/key/key.core/../key.ui/examples/InformationFlow/ToyBanking/banking_example.BankAccount(banking_example.BankAccount__getId()).Non-interference contract.0.m.key 
81012      DEBUG main            d.u.i.k.p.i.AbstractProblemLoader Environment load took 71.4ns 
81016      INFO  main            d.u.i.k.p.i.AbstractProblemLoader Creating init config 
83895      DEBUG main            d.u.i.k.p.i.AbstractProblemLoader Init config took 2.88s 
83947      INFO  main            d.u.i.k.p.i.AbstractProblemLoader Replaying proof banking_example.BankAccount[banking_example.BankAccount::getId()].Non-interference contract.0 
83949      DEBUG main            d.u.i.k.p.i.IntermediateProofReplayer Proof replay took 27.2ns 
83950      DEBUG main            d.u.i.k.m.s.ProofScriptEngine 1: 'macro 'infflow-autopilot'' 
83985      DEBUG main            d.u.i.k.p.m.ProofCorrectnessMgt No justification found for rule Class_invariant_axiom_for_banking_example_BankAccount 
84096      INFO  main            d.u.i.k.p.r.p.TestFile    ... finished proof: closed. 
84252      INFO  main            d.u.i.k.p.r.p.TestFile    Now processing file /home/runner/work/key/key/key.core/../key.ui/examples/InformationFlow/ToyBanking/banking_example.Bank(banking_example.Bank__login(int,(C)).Non-interference contract.0.m.key 
84252      INFO  main            d.u.i.k.p.i.AbstractProblemLoader Loading environment from /home/runner/work/key/key/key.core/../key.ui/examples/InformationFlow/ToyBanking/banking_example.Bank(banking_example.Bank__login(int,(C)).Non-interference contract.0.m.key 
84252      DEBUG main            d.u.i.k.p.i.AbstractProblemLoader Environment load took 77ns 
84253      INFO  main            d.u.i.k.p.i.AbstractProblemLoader Creating init config 
87138      DEBUG main            d.u.i.k.p.i.AbstractProblemLoader Init config took 2.89s 
87211      INFO  main            d.u.i.k.p.i.AbstractProblemLoader Replaying proof banking_example.Bank[banking_example.Bank::login(int,[C)].Non-interference contract.0 
87214      DEBUG main            d.u.i.k.p.i.IntermediateProofReplayer Proof replay took 13.8ns 
87214      DEBUG main            d.u.i.k.m.s.ProofScriptEngine 1: 'macro 'infflow-autopilot'' 
87259      DEBUG main            d.u.i.k.p.m.ProofCorrectnessMgt No justification found for rule Class_invariant_axiom_for_banking_example_Bank 
88432      DEBUG main            d.u.i.k.p.m.ProofCorrectnessMgt No justification found for rule Partial_inv_axiom_for_JML_class_invariant_nr_13_in_UserAccount 
88571      DEBUG main            d.u.i.k.p.m.ProofCorrectnessMgt No justification found for rule Partial_inv_axiom_for_JML_class_invariant_nr_9_in_UserAccount_EQ 
88580      DEBUG main            d.u.i.k.p.m.ProofCorrectnessMgt No justification found for rule Partial_inv_axiom_for_JML_class_invariant_nr_13_in_UserAccount_EQ 
88605      DEBUG main            d.u.i.k.p.m.ProofCorrectnessMgt No justification found for rule Partial_inv_axiom_for_JML_class_invariant_nr_9_in_UserAccount 
88610      DEBUG main            d.u.i.k.p.m.ProofCorrectnessMgt No justification found for rule Partial_inv_axiom_for_JML_class_invariant_nr_11_in_UserAccount 
88689      DEBUG main            d.u.i.k.p.m.ProofCorrectnessMgt No justification found for rule Partial_inv_axiom_for_JML_class_invariant_nr_15_in_UserAccount 
88699      DEBUG main            d.u.i.k.p.m.ProofCorrectnessMgt No justification found for rule Partial_inv_axiom_for_JML_class_invariant_nr_11_in_UserAccount_EQ 
88717      DEBUG main            d.u.i.k.p.m.ProofCorrectnessMgt No justification found for rule Partial_inv_axiom_for_JML_class_invariant_nr_15_in_UserAccount_EQ 
88732      DEBUG main            d.u.i.k.p.m.ProofCorrectnessMgt No justification found for rule Partial_inv_axiom_for_JML_class_invariant_nr_13_in_UserAccount 
89946      DEBUG main            d.u.i.k.p.m.ProofCorrectnessMgt No justification found for rule Partial_inv_axiom_for_JML_class_invariant_nr_15_in_UserAccount 
89975      DEBUG main            d.u.i.k.p.m.ProofCorrectnessMgt No justification found for rule Partial_inv_axiom_for_JML_class_invariant_nr_13_in_UserAccount 
90179      DEBUG main            d.u.i.k.p.m.ProofCorrectnessMgt No justification found for rule Partial_inv_axiom_for_JML_class_invariant_nr_15_in_UserAccount 
90339      DEBUG main            d.u.i.k.p.m.ProofCorrectnessMgt No justification found for rule Partial_inv_axiom_for_JML_class_invariant_nr_9_in_UserAccount 
90345      DEBUG main            d.u.i.k.p.m.ProofCorrectnessMgt No justification found for rule Partial_inv_axiom_for_JML_class_invariant_nr_11_in_UserAccount 
90942      DEBUG main            d.u.i.k.p.m.ProofCorrectnessMgt No justification found for rule Partial_inv_axiom_for_JML_class_invariant_nr_13_in_UserAccount 
253280     INFO  main            d.u.i.k.p.r.p.TestFile    ... finished proof: open goal(s) 
253628     INFO  main            d.u.i.k.p.r.p.TestFile    Now processing file /home/runner/work/key/key/key.core/../key.ui/examples/InformationFlow/ToyBanking/banking_example2.UserAccount(banking_example2.UserAccount__getBankAccount(int)).Non-interference contract.0.m.key 
253628     INFO  main            d.u.i.k.p.i.AbstractProblemLoader Loading environment from /home/runner/work/key/key/key.core/../key.ui/examples/InformationFlow/ToyBanking/banking_example2.UserAccount(banking_example2.UserAccount__getBankAccount(int)).Non-interference contract.0.m.key 
253628     DEBUG main            d.u.i.k.p.i.AbstractProblemLoader Environment load took 78.6ns 
253629     INFO  main            d.u.i.k.p.i.AbstractProblemLoader Creating init config 
256336     DEBUG main            d.u.i.k.p.i.AbstractProblemLoader Init config took 2.71s 
256390     INFO  main            d.u.i.k.p.i.AbstractProblemLoader Replaying proof banking_example2.UserAccount[banking_example2.UserAccount::getBankAccount(int)].Non-interference contract.0 
256392     DEBUG main            d.u.i.k.p.i.IntermediateProofReplayer Proof replay took 13.8ns 
256393     DEBUG main            d.u.i.k.m.s.ProofScriptEngine 1: 'macro 'infflow-autopilot'' 
256432     DEBUG main            d.u.i.k.p.m.ProofCorrectnessMgt No justification found for rule Class_invariant_axiom_for_banking_example2_UserAccount 
258538     INFO  main            d.u.i.k.p.r.p.TestFile    ... finished proof: closed. 
258960     INFO  main            d.u.i.k.p.r.p.TestFile    Now processing file /home/runner/work/key/key/key.core/../key.ui/examples/InformationFlow/ToyBanking/banking_example2.UserAccount(banking_example2.UserAccount__tryLogin(int,(C)).Non-interference contract.0.m.key 
258961     INFO  main            d.u.i.k.p.i.AbstractProblemLoader Loading environment from /home/runner/work/key/key/key.core/../key.ui/examples/InformationFlow/ToyBanking/banking_example2.UserAccount(banking_example2.UserAccount__tryLogin(int,(C)).Non-interference contract.0.m.key 
258961     DEBUG main            d.u.i.k.p.i.AbstractProblemLoader Environment load took 103.6ns 
258962     INFO  main            d.u.i.k.p.i.AbstractProblemLoader Creating init config 
261653     DEBUG main            d.u.i.k.p.i.AbstractProblemLoader Init config took 2.69s 
261707     INFO  main            d.u.i.k.p.i.AbstractProblemLoader Replaying proof banking_example2.UserAccount[banking_example2.UserAccount::tryLogin(int,[C)].Non-interference contract.0 
261709     DEBUG main            d.u.i.k.p.i.IntermediateProofReplayer Proof replay took 14.3ns 
261709     DEBUG main            d.u.i.k.m.s.ProofScriptEngine 1: 'macro 'infflow-autopilot'' 
261749     DEBUG main            d.u.i.k.p.m.ProofCorrectnessMgt No justification found for rule Class_invariant_axiom_for_banking_example2_UserAccount 
275791     INFO  main            d.u.i.k.p.r.p.TestFile    ... finished proof: closed. 
276056     INFO  main            d.u.i.k.p.r.p.TestFile    Now processing file /home/runner/work/key/key/key.core/../key.ui/examples/InformationFlow/ToyBanking/banking_example2.BankAccount(banking_example2.BankAccount__depositMoney(int)).Non-interference contract.0.m.key 
276057     INFO  main            d.u.i.k.p.i.AbstractProblemLoader Loading environment from /home/runner/work/key/key/key.core/../key.ui/examples/InformationFlow/ToyBanking/banking_example2.BankAccount(banking_example2.BankAccount__depositMoney(int)).Non-interference contract.0.m.key 
276057     DEBUG main            d.u.i.k.p.i.AbstractProblemLoader Environment load took 80.2ns 
276058     INFO  main            d.u.i.k.p.i.AbstractProblemLoader Creating init config 
278725     DEBUG main            d.u.i.k.p.i.AbstractProblemLoader Init config took 2.67s 
278770     INFO  main            d.u.i.k.p.i.AbstractProblemLoader Replaying proof banking_example2.BankAccount[banking_example2.BankAccount::depositMoney(int)].Non-interference contract.0 
278772     DEBUG main            d.u.i.k.p.i.IntermediateProofReplayer Proof replay took 14.6ns 
278773     DEBUG main            d.u.i.k.m.s.ProofScriptEngine 1: 'macro 'infflow-autopilot'' 
278805     DEBUG main            d.u.i.k.p.m.ProofCorrectnessMgt No justification found for rule Class_invariant_axiom_for_banking_example2_BankAccount 
279351     INFO  main            d.u.i.k.p.r.p.TestFile    ... finished proof: closed. 
279559     INFO  main            d.u.i.k.p.r.p.TestFile    Now processing file /home/runner/work/key/key/key.core/../key.ui/examples/InformationFlow/ToyBanking/banking_example2.BankAccount(banking_example2.BankAccount__getBalance()).Non-interference contract.0.m.key 
279560     INFO  main            d.u.i.k.p.i.AbstractProblemLoader Loading environment from /home/runner/work/key/key/key.core/../key.ui/examples/InformationFlow/ToyBanking/banking_example2.BankAccount(banking_example2.BankAccount__getBalance()).Non-interference contract.0.m.key 
279560     DEBUG main            d.u.i.k.p.i.AbstractProblemLoader Environment load took 70.8ns 
279561     INFO  main            d.u.i.k.p.i.AbstractProblemLoader Creating init config 
282313     DEBUG main            d.u.i.k.p.i.AbstractProblemLoader Init config took 2.75s 
282358     INFO  main            d.u.i.k.p.i.AbstractProblemLoader Replaying proof banking_example2.BankAccount[banking_example2.BankAccount::getBalance()].Non-interference contract.0 
282360     DEBUG main            d.u.i.k.p.i.IntermediateProofReplayer Proof replay took 17.8ns 
282361     DEBUG main            d.u.i.k.m.s.ProofScriptEngine 1: 'macro 'infflow-autopilot'' 
282394     DEBUG main            d.u.i.k.p.m.ProofCorrectnessMgt No justification found for rule Class_invariant_axiom_for_banking_example2_BankAccount 
282503     INFO  main            d.u.i.k.p.r.p.TestFile    ... finished proof: closed. 
282682     INFO  main            d.u.i.k.p.r.p.TestFile    Now processing file /home/runner/work/key/key/key.core/../key.ui/examples/InformationFlow/ToyBanking/banking_example2.BankAccount(banking_example2.BankAccount__getId()).Non-interference contract.0.m.key 
282683     INFO  main            d.u.i.k.p.i.AbstractProblemLoader Loading environment from /home/runner/work/key/key/key.core/../key.ui/examples/InformationFlow/ToyBanking/banking_example2.BankAccount(banking_example2.BankAccount__getId()).Non-interference contract.0.m.key 
282683     DEBUG main            d.u.i.k.p.i.AbstractProblemLoader Environment load took 102ns 
282684     INFO  main            d.u.i.k.p.i.AbstractProblemLoader Creating init config 
285408     DEBUG main            d.u.i.k.p.i.AbstractProblemLoader Init config took 2.72s 
285452     INFO  main            d.u.i.k.p.i.AbstractProblemLoader Replaying proof banking_example2.BankAccount[banking_example2.BankAccount::getId()].Non-interference contract.0 
285455     DEBUG main            d.u.i.k.p.i.IntermediateProofReplayer Proof replay took 16.9ns 
285456     DEBUG main            d.u.i.k.m.s.ProofScriptEngine 1: 'macro 'infflow-autopilot'' 
285487     DEBUG main            d.u.i.k.p.m.ProofCorrectnessMgt No justification found for rule Class_invariant_axiom_for_banking_example2_BankAccount 
285597     INFO  main            d.u.i.k.p.r.p.TestFile    ... finished proof: closed. 
1812701    INFO  Test worker     d.u.i.k.p.r.RunAllProofsTestUnit Returning from test ToyBanking_fullmacro 
1812702    INFO  Test worker     d.u.i.k.p.r.RunAllProofsTestUnit Running test BlockContracts_fullmacro 
363        INFO  Timeout watchdog d.u.i.k.p.r.p.ForkedTestFileRunner Timeout watcher launched (1000 secs.) 
390        WARN  main            d.u.i.k.s.ProofSettings   The settings in /home/runner/.key/proof-settings.props are *not* read. 
427        INFO  main            d.u.i.k.p.r.p.TestFile    Now processing file /home/runner/work/key/key/key.core/../key.ui/examples/InformationFlow/BlockContracts/contract.IFBlockExamples(contract.IFBlockExamples__secure_5()).Non-interference contract.0.m.key 
556        INFO  main            d.u.i.k.p.i.AbstractProblemLoader Loading environment from /home/runner/work/key/key/key.core/../key.ui/examples/InformationFlow/BlockContracts/contract.IFBlockExamples(contract.IFBlockExamples__secure_5()).Non-interference contract.0.m.key 
574        DEBUG main            d.u.i.k.p.i.AbstractProblemLoader Environment load took 2.23ms 
819        INFO  main            d.u.i.k.p.i.AbstractProblemLoader Creating init config 
1812       DEBUG main            d.u.i.k.j.TypeConverter   No LDT found for Meta 
1812       DEBUG main            d.u.i.k.j.TypeConverter   No LDT found for Meta 
1815       DEBUG main            d.u.i.k.j.TypeConverter   No LDT found for Meta 
1815       DEBUG main            d.u.i.k.j.TypeConverter   No LDT found for Meta 
3463       DEBUG main            d.u.i.k.j.TypeConverter   No LDT found for JavaBigintExpression 
8666       DEBUG main            d.u.i.k.p.i.AbstractProblemLoader Init config took 7.85s 
8801       INFO  main            d.u.i.k.p.i.AbstractProblemLoader Replaying proof contract.IFBlockExamples[contract.IFBlockExamples::secure_5()].Non-interference contract.0 
8884       DEBUG main            d.u.i.k.p.i.IntermediateProofReplayer Proof replay took 361.9ns 
8934       DEBUG main            d.u.i.k.m.s.ProofScriptEngine 1: 'macro 'infflow-autopilot'' 
9231       DEBUG main            d.u.i.k.p.m.ProofCorrectnessMgt No justification found for rule Class_invariant_axiom_for_contract_IFBlockExamples 
10175      INFO  main            d.u.i.k.p.r.p.TestFile    ... finished proof: closed. 
10298      INFO  main            d.u.i.k.p.r.p.TestFile    Now processing file /home/runner/work/key/key/key.core/../key.ui/examples/InformationFlow/BlockContracts/contract.IFBlockExamples(contract.IFBlockExamples__block_no_return_secure(int)).Non-interference contract.0.m.key 
10299      INFO  main            d.u.i.k.p.i.AbstractProblemLoader Loading environment from /home/runner/work/key/key/key.core/../key.ui/examples/InformationFlow/BlockContracts/contract.IFBlockExamples(contract.IFBlockExamples__block_no_return_secure(int)).Non-interference contract.0.m.key 
10299      DEBUG main            d.u.i.k.p.i.AbstractProblemLoader Environment load took 310.1ns 
10303      INFO  main            d.u.i.k.p.i.AbstractProblemLoader Creating init config 
13335      DEBUG main            d.u.i.k.p.i.AbstractProblemLoader Init config took 3.03s 
13396      INFO  main            d.u.i.k.p.i.AbstractProblemLoader Replaying proof contract.IFBlockExamples[contract.IFBlockExamples::block_no_return_secure(int)].Non-interference contract.0 
13399      DEBUG main            d.u.i.k.p.i.IntermediateProofReplayer Proof replay took 11.9ns 
13400      DEBUG main            d.u.i.k.m.s.ProofScriptEngine 1: 'macro 'infflow-autopilot'' 
13455      DEBUG main            d.u.i.k.p.m.ProofCorrectnessMgt No justification found for rule Class_invariant_axiom_for_contract_IFBlockExamples 
14031      INFO  main            d.u.i.k.p.r.p.TestFile    ... finished proof: closed. 
14197      INFO  main            d.u.i.k.p.r.p.TestFile    Now processing file /home/runner/work/key/key/key.core/../key.ui/examples/InformationFlow/BlockContracts/contract.IFBlockExamples(contract.IFBlockExamples__while_block_insecure(int)).Non-interference contract.0.m.key 
14197      INFO  main            d.u.i.k.p.i.AbstractProblemLoader Loading environment from /home/runner/work/key/key/key.core/../key.ui/examples/InformationFlow/BlockContracts/contract.IFBlockExamples(contract.IFBlockExamples__while_block_insecure(int)).Non-interference contract.0.m.key 
14197      DEBUG main            d.u.i.k.p.i.AbstractProblemLoader Environment load took 97.7ns 
14199      INFO  main            d.u.i.k.p.i.AbstractProblemLoader Creating init config 
17024      DEBUG main            d.u.i.k.p.i.AbstractProblemLoader Init config took 2.83s 
17087      INFO  main            d.u.i.k.p.i.AbstractProblemLoader Replaying proof contract.IFBlockExamples[contract.IFBlockExamples::while_block_insecure(int)].Non-interference contract.0 
17090      DEBUG main            d.u.i.k.p.i.IntermediateProofReplayer Proof replay took 13.5ns 
17091      DEBUG main            d.u.i.k.m.s.ProofScriptEngine 1: 'macro 'infflow-autopilot'' 
17144      DEBUG main            d.u.i.k.p.m.ProofCorrectnessMgt No justification found for rule Class_invariant_axiom_for_contract_IFBlockExamples 
18543      INFO  main            d.u.i.k.p.r.p.TestFile    ... finished proof: open goal(s) 
18714      INFO  main            d.u.i.k.p.r.p.TestFile    Now processing file /home/runner/work/key/key/key.core/../key.ui/examples/InformationFlow/BlockContracts/contract.IFBlockExamples(contract.IFBlockExamples__while_block_secure(int)).Non-interference contract.0.m.key 
18714      INFO  main            d.u.i.k.p.i.AbstractProblemLoader Loading environment from /home/runner/work/key/key/key.core/../key.ui/examples/InformationFlow/BlockContracts/contract.IFBlockExamples(contract.IFBlockExamples__while_block_secure(int)).Non-interference contract.0.m.key 
18714      DEBUG main            d.u.i.k.p.i.AbstractProblemLoader Environment load took 71.3ns 
18715      INFO  main            d.u.i.k.p.i.AbstractProblemLoader Creating init config 
21471      DEBUG main            d.u.i.k.p.i.AbstractProblemLoader Init config took 2.76s 
21537      INFO  main            d.u.i.k.p.i.AbstractProblemLoader Replaying proof contract.IFBlockExamples[contract.IFBlockExamples::while_block_secure(int)].Non-interference contract.0 
21540      DEBUG main            d.u.i.k.p.i.IntermediateProofReplayer Proof replay took 13.6ns 
21541      DEBUG main            d.u.i.k.m.s.ProofScriptEngine 1: 'macro 'infflow-autopilot'' 
21585      DEBUG main            d.u.i.k.p.m.ProofCorrectnessMgt No justification found for rule Class_invariant_axiom_for_contract_IFBlockExamples 
22749      INFO  main            d.u.i.k.p.r.p.TestFile    ... finished proof: closed. 
22970      INFO  main            d.u.i.k.p.r.p.TestFile    Now processing file /home/runner/work/key/key/key.core/../key.ui/examples/InformationFlow/BlockContracts/contract.IFBlockExamples(contract.IFBlockExamples__block_while_secure(int)).Non-interference contract.0.m.key 
22970      INFO  main            d.u.i.k.p.i.AbstractProblemLoader Loading environment from /home/runner/work/key/key/key.core/../key.ui/examples/InformationFlow/BlockContracts/contract.IFBlockExamples(contract.IFBlockExamples__block_while_secure(int)).Non-interference contract.0.m.key 
22970      DEBUG main            d.u.i.k.p.i.AbstractProblemLoader Environment load took 74.6ns 
22973      INFO  main            d.u.i.k.p.i.AbstractProblemLoader Creating init config 
25705      DEBUG main            d.u.i.k.p.i.AbstractProblemLoader Init config took 2.73s 
25754      INFO  main            d.u.i.k.p.i.AbstractProblemLoader Replaying proof contract.IFBlockExamples[contract.IFBlockExamples::block_while_secure(int)].Non-interference contract.0 
25756      DEBUG main            d.u.i.k.p.i.IntermediateProofReplayer Proof replay took 15.4ns 
25757      DEBUG main            d.u.i.k.m.s.ProofScriptEngine 1: 'macro 'infflow-autopilot'' 
25800      DEBUG main            d.u.i.k.p.m.ProofCorrectnessMgt No justification found for rule Class_invariant_axiom_for_contract_IFBlockExamples 
27010      INFO  main            d.u.i.k.p.r.p.TestFile    ... finished proof: closed. 
27227      INFO  main            d.u.i.k.p.r.p.TestFile    Now processing file /home/runner/work/key/key/key.core/../key.ui/examples/InformationFlow/BlockContracts/contract.IFBlockExamples(contract.IFBlockExamples__insecure_4(int)).Non-interference contract.0.m.key 
27227      INFO  main            d.u.i.k.p.i.AbstractProblemLoader Loading environment from /home/runner/work/key/key/key.core/../key.ui/examples/InformationFlow/BlockContracts/contract.IFBlockExamples(contract.IFBlockExamples__insecure_4(int)).Non-interference contract.0.m.key 
27228      DEBUG main            d.u.i.k.p.i.AbstractProblemLoader Environment load took 84.5ns 
27229      INFO  main            d.u.i.k.p.i.AbstractProblemLoader Creating init config 
29881      DEBUG main            d.u.i.k.p.i.AbstractProblemLoader Init config took 2.65s 
29926      INFO  main            d.u.i.k.p.i.AbstractProblemLoader Replaying proof contract.IFBlockExamples[contract.IFBlockExamples::insecure_4(int)].Non-interference contract.0 
29928      DEBUG main            d.u.i.k.p.i.IntermediateProofReplayer Proof replay took 16.3ns 
29929      DEBUG main            d.u.i.k.m.s.ProofScriptEngine 1: 'macro 'infflow-autopilot'' 
29970      DEBUG main            d.u.i.k.p.m.ProofCorrectnessMgt No justification found for rule Class_invariant_axiom_for_contract_IFBlockExamples 
31406      INFO  main            d.u.i.k.p.r.p.TestFile    ... finished proof: open goal(s) 
31624      INFO  main            d.u.i.k.p.r.p.TestFile    Now processing file /home/runner/work/key/key/key.core/../key.ui/examples/InformationFlow/BlockContracts/contract.IFBlockExamples(contract.IFBlockExamples__insecure_3(int)).Non-interference contract.0.m.key 
31625      INFO  main            d.u.i.k.p.i.AbstractProblemLoader Loading environment from /home/runner/work/key/key/key.core/../key.ui/examples/InformationFlow/BlockContracts/contract.IFBlockExamples(contract.IFBlockExamples__insecure_3(int)).Non-interference contract.0.m.key 
31625      DEBUG main            d.u.i.k.p.i.AbstractProblemLoader Environment load took 100.4ns 
31626      INFO  main            d.u.i.k.p.i.AbstractProblemLoader Creating init config 
34330      DEBUG main            d.u.i.k.p.i.AbstractProblemLoader Init config took 2.7s 
34390      INFO  main            d.u.i.k.p.i.AbstractProblemLoader Replaying proof contract.IFBlockExamples[contract.IFBlockExamples::insecure_3(int)].Non-interference contract.0 
34392      DEBUG main            d.u.i.k.p.i.IntermediateProofReplayer Proof replay took 14.4ns 
34393      DEBUG main            d.u.i.k.m.s.ProofScriptEngine 1: 'macro 'infflow-autopilot'' 
34431      DEBUG main            d.u.i.k.p.m.ProofCorrectnessMgt No justification found for rule Class_invariant_axiom_for_contract_IFBlockExamples 
41926      INFO  main            d.u.i.k.p.r.p.TestFile    ... finished proof: open goal(s) 
42221      INFO  main            d.u.i.k.p.r.p.TestFile    Now processing file /home/runner/work/key/key/key.core/../key.ui/examples/InformationFlow/BlockContracts/contract.IFBlockExamples(contract.IFBlockExamples__secure_3(int)).Non-interference contract.0.m.key 
42221      INFO  main            d.u.i.k.p.i.AbstractProblemLoader Loading environment from /home/runner/work/key/key/key.core/../key.ui/examples/InformationFlow/BlockContracts/contract.IFBlockExamples(contract.IFBlockExamples__secure_3(int)).Non-interference contract.0.m.key 
42222      DEBUG main            d.u.i.k.p.i.AbstractProblemLoader Environment load took 79.7ns 
42223      INFO  main            d.u.i.k.p.i.AbstractProblemLoader Creating init config 
44848      DEBUG main            d.u.i.k.p.i.AbstractProblemLoader Init config took 2.63s 
44896      INFO  main            d.u.i.k.p.i.AbstractProblemLoader Replaying proof contract.IFBlockExamples[contract.IFBlockExamples::secure_3(int)].Non-interference contract.0 
44900      DEBUG main            d.u.i.k.p.i.IntermediateProofReplayer Proof replay took 16.6ns 
44901      DEBUG main            d.u.i.k.m.s.ProofScriptEngine 1: 'macro 'infflow-autopilot'' 
44939      DEBUG main            d.u.i.k.p.m.ProofCorrectnessMgt No justification found for rule Class_invariant_axiom_for_contract_IFBlockExamples 
46132      INFO  main            d.u.i.k.p.r.p.TestFile    ... finished proof: closed. 
46398      INFO  main            d.u.i.k.p.r.p.TestFile    Now processing file /home/runner/work/key/key/key.core/../key.ui/examples/InformationFlow/BlockContracts/contract.IFBlockExamples(contract.IFBlockExamples__secure_2(int)).Non-interference contract.0.m.key 
46398      INFO  main            d.u.i.k.p.i.AbstractProblemLoader Loading environment from /home/runner/work/key/key/key.core/../key.ui/examples/InformationFlow/BlockContracts/contract.IFBlockExamples(contract.IFBlockExamples__secure_2(int)).Non-interference contract.0.m.key 
46398      DEBUG main            d.u.i.k.p.i.AbstractProblemLoader Environment load took 80.6ns 
46400      INFO  main            d.u.i.k.p.i.AbstractProblemLoader Creating init config 
48985      DEBUG main            d.u.i.k.p.i.AbstractProblemLoader Init config took 2.58s 
49023      INFO  main            d.u.i.k.p.i.AbstractProblemLoader Replaying proof contract.IFBlockExamples[contract.IFBlockExamples::secure_2(int)].Non-interference contract.0 
49025      DEBUG main            d.u.i.k.p.i.IntermediateProofReplayer Proof replay took 14.3ns 
49026      DEBUG main            d.u.i.k.m.s.ProofScriptEngine 1: 'macro 'infflow-autopilot'' 
49059      DEBUG main            d.u.i.k.p.m.ProofCorrectnessMgt No justification found for rule Class_invariant_axiom_for_contract_IFBlockExamples 
50429      INFO  main            d.u.i.k.p.r.p.TestFile    ... finished proof: closed. 
50675      INFO  main            d.u.i.k.p.r.p.TestFile    Now processing file /home/runner/work/key/key/key.core/../key.ui/examples/InformationFlow/BlockContracts/contract.IFBlockExamples(contract.IFBlockExamples__secure_8(int)).Non-interference contract.0.m.key 
50676      INFO  main            d.u.i.k.p.i.AbstractProblemLoader Loading environment from /home/runner/work/key/key/key.core/../key.ui/examples/InformationFlow/BlockContracts/contract.IFBlockExamples(contract.IFBlockExamples__secure_8(int)).Non-interference contract.0.m.key 
50676      DEBUG main            d.u.i.k.p.i.AbstractProblemLoader Environment load took 124.2ns 
50677      INFO  main            d.u.i.k.p.i.AbstractProblemLoader Creating init config 
53281      DEBUG main            d.u.i.k.p.i.AbstractProblemLoader Init config took 2.6s 
53321      INFO  main            d.u.i.k.p.i.AbstractProblemLoader Replaying proof contract.IFBlockExamples[contract.IFBlockExamples::secure_8(int)].Non-interference contract.0 
53323      DEBUG main            d.u.i.k.p.i.IntermediateProofReplayer Proof replay took 14.9ns 
53324      DEBUG main            d.u.i.k.m.s.ProofScriptEngine 1: 'macro 'infflow-autopilot'' 
53357      DEBUG main            d.u.i.k.p.m.ProofCorrectnessMgt No justification found for rule Class_invariant_axiom_for_contract_IFBlockExamples 
53806      INFO  main            d.u.i.k.p.r.p.TestFile    ... finished proof: closed. 
54033      INFO  main            d.u.i.k.p.r.p.TestFile    Now processing file /home/runner/work/key/key/key.core/../key.ui/examples/InformationFlow/BlockContracts/contract.IFBlockExamples(contract.IFBlockExamples__secure_7(int)).Non-interference contract.0.m.key 
54033      INFO  main            d.u.i.k.p.i.AbstractProblemLoader Loading environment from /home/runner/work/key/key/key.core/../key.ui/examples/InformationFlow/BlockContracts/contract.IFBlockExamples(contract.IFBlockExamples__secure_7(int)).Non-interference contract.0.m.key 
54033      DEBUG main            d.u.i.k.p.i.AbstractProblemLoader Environment load took 76ns 
54035      INFO  main            d.u.i.k.p.i.AbstractProblemLoader Creating init config 
56619      DEBUG main            d.u.i.k.p.i.AbstractProblemLoader Init config took 2.58s 
56658      INFO  main            d.u.i.k.p.i.AbstractProblemLoader Replaying proof contract.IFBlockExamples[contract.IFBlockExamples::secure_7(int)].Non-interference contract.0 
56660      DEBUG main            d.u.i.k.p.i.IntermediateProofReplayer Proof replay took 13.3ns 
56661      DEBUG main            d.u.i.k.m.s.ProofScriptEngine 1: 'macro 'infflow-autopilot'' 
56693      DEBUG main            d.u.i.k.p.m.ProofCorrectnessMgt No justification found for rule Class_invariant_axiom_for_contract_IFBlockExamples 
57024      INFO  main            d.u.i.k.p.r.p.TestFile    ... finished proof: closed. 
57220      INFO  main            d.u.i.k.p.r.p.TestFile    Now processing file /home/runner/work/key/key/key.core/../key.ui/examples/InformationFlow/BlockContracts/contract.IFBlockExamples(contract.IFBlockExamples__secure_6(int)).Non-interference contract.0.m.key 
57220      INFO  main            d.u.i.k.p.i.AbstractProblemLoader Loading environment from /home/runner/work/key/key/key.core/../key.ui/examples/InformationFlow/BlockContracts/contract.IFBlockExamples(contract.IFBlockExamples__secure_6(int)).Non-interference contract.0.m.key 
57220      DEBUG main            d.u.i.k.p.i.AbstractProblemLoader Environment load took 92.8ns 
57221      INFO  main            d.u.i.k.p.i.AbstractProblemLoader Creating init config 
59817      DEBUG main            d.u.i.k.p.i.AbstractProblemLoader Init config took 2.6s 
59857      INFO  main            d.u.i.k.p.i.AbstractProblemLoader Replaying proof contract.IFBlockExamples[contract.IFBlockExamples::secure_6(int)].Non-interference contract.0 
59860      DEBUG main            d.u.i.k.p.i.IntermediateProofReplayer Proof replay took 15.8ns 
59861      DEBUG main            d.u.i.k.m.s.ProofScriptEngine 1: 'macro 'infflow-autopilot'' 
59895      DEBUG main            d.u.i.k.p.m.ProofCorrectnessMgt No justification found for rule Class_invariant_axiom_for_contract_IFBlockExamples 
60257      INFO  main            d.u.i.k.p.r.p.TestFile    ... finished proof: closed. 
60444      INFO  main            d.u.i.k.p.r.p.TestFile    Now processing file /home/runner/work/key/key/key.core/../key.ui/examples/InformationFlow/BlockContracts/contract.IFBlockExamples(contract.IFBlockExamples__insecure_1(int)).Non-interference contract.0.m.key 
60444      INFO  main            d.u.i.k.p.i.AbstractProblemLoader Loading environment from /home/runner/work/key/key/key.core/../key.ui/examples/InformationFlow/BlockContracts/contract.IFBlockExamples(contract.IFBlockExamples__insecure_1(int)).Non-interference contract.0.m.key 
60444      DEBUG main            d.u.i.k.p.i.AbstractProblemLoader Environment load took 73.3ns 
60445      INFO  main            d.u.i.k.p.i.AbstractProblemLoader Creating init config 
63089      DEBUG main            d.u.i.k.p.i.AbstractProblemLoader Init config took 2.64s 
63127      INFO  main            d.u.i.k.p.i.AbstractProblemLoader Replaying proof contract.IFBlockExamples[contract.IFBlockExamples::insecure_1(int)].Non-interference contract.0 
63129      DEBUG main            d.u.i.k.p.i.IntermediateProofReplayer Proof replay took 15.5ns 
63130      DEBUG main            d.u.i.k.m.s.ProofScriptEngine 1: 'macro 'infflow-autopilot'' 
63162      DEBUG main            d.u.i.k.p.m.ProofCorrectnessMgt No justification found for rule Class_invariant_axiom_for_contract_IFBlockExamples 
63729      INFO  main            d.u.i.k.p.r.p.TestFile    ... finished proof: open goal(s) 
63917      INFO  main            d.u.i.k.p.r.p.TestFile    Now processing file /home/runner/work/key/key/key.core/../key.ui/examples/InformationFlow/BlockContracts/contract.IFBlockExamples(contract.IFBlockExamples__secure_4(int)).Non-interference contract.0.m.key 
63918      INFO  main            d.u.i.k.p.i.AbstractProblemLoader Loading environment from /home/runner/work/key/key/key.core/../key.ui/examples/InformationFlow/BlockContracts/contract.IFBlockExamples(contract.IFBlockExamples__secure_4(int)).Non-interference contract.0.m.key 
63918      DEBUG main            d.u.i.k.p.i.AbstractProblemLoader Environment load took 73.9ns 
63919      INFO  main            d.u.i.k.p.i.AbstractProblemLoader Creating init config 
66496      DEBUG main            d.u.i.k.p.i.AbstractProblemLoader Init config took 2.58s 
66546      INFO  main            d.u.i.k.p.i.AbstractProblemLoader Replaying proof contract.IFBlockExamples[contract.IFBlockExamples::secure_4(int)].Non-interference contract.0 
66550      DEBUG main            d.u.i.k.p.i.IntermediateProofReplayer Proof replay took 15.1ns 
66550      DEBUG main            d.u.i.k.m.s.ProofScriptEngine 1: 'macro 'infflow-autopilot'' 
66586      DEBUG main            d.u.i.k.p.m.ProofCorrectnessMgt No justification found for rule Class_invariant_axiom_for_contract_IFBlockExamples 
67036      INFO  main            d.u.i.k.p.r.p.TestFile    ... finished proof: closed. 
67280      INFO  main            d.u.i.k.p.r.p.TestFile    Now processing file /home/runner/work/key/key/key.core/../key.ui/examples/InformationFlow/BlockContracts/contract.IFBlockExamples(contract.IFBlockExamples__secure_1(int)).Non-interference contract.0.m.key 
67281      INFO  main            d.u.i.k.p.i.AbstractProblemLoader Loading environment from /home/runner/work/key/key/key.core/../key.ui/examples/InformationFlow/BlockContracts/contract.IFBlockExamples(contract.IFBlockExamples__secure_1(int)).Non-interference contract.0.m.key 
67281      DEBUG main            d.u.i.k.p.i.AbstractProblemLoader Environment load took 115.7ns 
67282      INFO  main            d.u.i.k.p.i.AbstractProblemLoader Creating init config 
69855      DEBUG main            d.u.i.k.p.i.AbstractProblemLoader Init config took 2.57s 
69895      INFO  main            d.u.i.k.p.i.AbstractProblemLoader Replaying proof contract.IFBlockExamples[contract.IFBlockExamples::secure_1(int)].Non-interference contract.0 
69897      DEBUG main            d.u.i.k.p.i.IntermediateProofReplayer Proof replay took 19.2ns 
69898      DEBUG main            d.u.i.k.m.s.ProofScriptEngine 1: 'macro 'infflow-autopilot'' 
69930      DEBUG main            d.u.i.k.p.m.ProofCorrectnessMgt No justification found for rule Class_invariant_axiom_for_contract_IFBlockExamples 
70494      INFO  main            d.u.i.k.p.r.p.TestFile    ... finished proof: closed. 
70702      INFO  main            d.u.i.k.p.r.p.TestFile    Now processing file /home/runner/work/key/key/key.core/../key.ui/examples/InformationFlow/BlockContracts/contract.IFEfficiencyExamples(contract.IFEfficiencyExamples__mWithoutBlockContract()).Non-interference contract.0.m.key 
70702      INFO  main            d.u.i.k.p.i.AbstractProblemLoader Loading environment from /home/runner/work/key/key/key.core/../key.ui/examples/InformationFlow/BlockContracts/contract.IFEfficiencyExamples(contract.IFEfficiencyExamples__mWithoutBlockContract()).Non-interference contract.0.m.key 
70702      DEBUG main            d.u.i.k.p.i.AbstractProblemLoader Environment load took 101.6ns 
70703      INFO  main            d.u.i.k.p.i.AbstractProblemLoader Creating init config 
73290      DEBUG main            d.u.i.k.p.i.AbstractProblemLoader Init config took 2.59s 
73326      INFO  main            d.u.i.k.p.i.AbstractProblemLoader Replaying proof contract.IFEfficiencyExamples[contract.IFEfficiencyExamples::mWithoutBlockContract()].Non-interference contract.0 
73328      DEBUG main            d.u.i.k.p.i.IntermediateProofReplayer Proof replay took 13.9ns 
73329      DEBUG main            d.u.i.k.m.s.ProofScriptEngine 1: 'macro 'infflow-autopilot'' 
73357      DEBUG main            d.u.i.k.p.m.ProofCorrectnessMgt No justification found for rule Class_invariant_axiom_for_contract_IFEfficiencyExamples 
78172      INFO  main            d.u.i.k.p.r.p.TestFile    ... finished proof: closed. 
78432      INFO  main            d.u.i.k.p.r.p.TestFile    Now processing file /home/runner/work/key/key/key.core/../key.ui/examples/InformationFlow/BlockContracts/contract.IFEfficiencyExamples(contract.IFEfficiencyExamples__mWithBlockContract()).Non-interference contract.0.m.key 
78432      INFO  main            d.u.i.k.p.i.AbstractProblemLoader Loading environment from /home/runner/work/key/key/key.core/../key.ui/examples/InformationFlow/BlockContracts/contract.IFEfficiencyExamples(contract.IFEfficiencyExamples__mWithBlockContract()).Non-interference contract.0.m.key 
78432      DEBUG main            d.u.i.k.p.i.AbstractProblemLoader Environment load took 70ns 
78433      INFO  main            d.u.i.k.p.i.AbstractProblemLoader Creating init config 
80984      DEBUG main            d.u.i.k.p.i.AbstractProblemLoader Init config took 2.55s 
81018      INFO  main            d.u.i.k.p.i.AbstractProblemLoader Replaying proof contract.IFEfficiencyExamples[contract.IFEfficiencyExamples::mWithBlockContract()].Non-interference contract.0 
81020      DEBUG main            d.u.i.k.p.i.IntermediateProofReplayer Proof replay took 15.2ns 
81021      DEBUG main            d.u.i.k.m.s.ProofScriptEngine 1: 'macro 'infflow-autopilot'' 
81047      DEBUG main            d.u.i.k.p.m.ProofCorrectnessMgt No justification found for rule Class_invariant_axiom_for_contract_IFEfficiencyExamples 
82585      INFO  main            d.u.i.k.p.r.p.TestFile    ... finished proof: closed. 
1895708    INFO  Test worker     d.u.i.k.p.r.RunAllProofsTestUnit Returning from test BlockContracts_fullmacro 
1895709    INFO  Test worker     d.u.i.k.p.r.RunAllProofsTestUnit Running test MethodContracts_fullmacro 
328        INFO  Timeout watchdog d.u.i.k.p.r.p.ForkedTestFileRunner Timeout watcher launched (1000 secs.) 
333        WARN  main            d.u.i.k.s.ProofSettings   The settings in /home/runner/.key/proof-settings.props are *not* read. 
369        INFO  main            d.u.i.k.p.r.p.TestFile    Now processing file /home/runner/work/key/key/key.core/../key.ui/examples/InformationFlow/MethodContracts/contract.IFMethodContract(contract.IFMethodContract__secure_recursion_2((I,int)).Non-interference contract.0.m.key 
531        INFO  main            d.u.i.k.p.i.AbstractProblemLoader Loading environment from /home/runner/work/key/key/key.core/../key.ui/examples/InformationFlow/MethodContracts/contract.IFMethodContract(contract.IFMethodContract__secure_recursion_2((I,int)).Non-interference contract.0.m.key 
549        DEBUG main            d.u.i.k.p.i.AbstractProblemLoader Environment load took 1.91ms 
770        INFO  main            d.u.i.k.p.i.AbstractProblemLoader Creating init config 
1658       DEBUG main            d.u.i.k.j.TypeConverter   No LDT found for Meta 
1659       DEBUG main            d.u.i.k.j.TypeConverter   No LDT found for Meta 
1660       DEBUG main            d.u.i.k.j.TypeConverter   No LDT found for Meta 
1660       DEBUG main            d.u.i.k.j.TypeConverter   No LDT found for Meta 
2968       DEBUG main            d.u.i.k.j.TypeConverter   No LDT found for JavaBigintExpression 
7761       DEBUG main            d.u.i.k.p.i.AbstractProblemLoader Init config took 6.99s 
7895       INFO  main            d.u.i.k.p.i.AbstractProblemLoader Replaying proof contract.IFMethodContract[contract.IFMethodContract::secure_recursion_2([I,int)].Non-interference contract.0 
7964       DEBUG main            d.u.i.k.p.i.IntermediateProofReplayer Proof replay took 408.61ns 
8003       DEBUG main            d.u.i.k.m.s.ProofScriptEngine 1: 'macro 'infflow-autopilot'' 
8365       DEBUG main            d.u.i.k.p.m.ProofCorrectnessMgt No justification found for rule Class_invariant_axiom_for_contract_IFMethodContract 
8740       DEBUG main            d.u.i.k.p.m.ProofCorrectnessMgt No justification found for rule Class_invariant_axiom_for_contract_IFMethodContract 
8746       DEBUG main            d.u.i.k.p.m.ProofCorrectnessMgt No justification found for rule Class_invariant_axiom_for_contract_IFMethodContract 
8982       DEBUG main            d.u.i.k.p.m.ProofCorrectnessMgt No justification found for rule Class_invariant_axiom_for_contract_IFMethodContract 
12517      INFO  main            d.u.i.k.p.r.p.TestFile    ... finished proof: closed. 
12672      INFO  main            d.u.i.k.p.r.p.TestFile    Now processing file /home/runner/work/key/key/key.core/../key.ui/examples/InformationFlow/MethodContracts/contract.IFMethodContract(contract.IFMethodContract__secure_recursion(int)).Non-interference contract.0.m.key 
12675      INFO  main            d.u.i.k.p.i.AbstractProblemLoader Loading environment from /home/runner/work/key/key/key.core/../key.ui/examples/InformationFlow/MethodContracts/contract.IFMethodContract(contract.IFMethodContract__secure_recursion(int)).Non-interference contract.0.m.key 
12675      DEBUG main            d.u.i.k.p.i.AbstractProblemLoader Environment load took 135.9ns 
12676      INFO  main            d.u.i.k.p.i.AbstractProblemLoader Creating init config 
15460      DEBUG main            d.u.i.k.p.i.AbstractProblemLoader Init config took 2.78s 
15528      INFO  main            d.u.i.k.p.i.AbstractProblemLoader Replaying proof contract.IFMethodContract[contract.IFMethodContract::secure_recursion(int)].Non-interference contract.0 
15531      DEBUG main            d.u.i.k.p.i.IntermediateProofReplayer Proof replay took 13.4ns 
15532      DEBUG main            d.u.i.k.m.s.ProofScriptEngine 1: 'macro 'infflow-autopilot'' 
15600      DEBUG main            d.u.i.k.p.m.ProofCorrectnessMgt No justification found for rule Class_invariant_axiom_for_contract_IFMethodContract 
15662      DEBUG main            d.u.i.k.p.m.ProofCorrectnessMgt No justification found for rule Class_invariant_axiom_for_contract_IFMethodContract 
15664      DEBUG main            d.u.i.k.p.m.ProofCorrectnessMgt No justification found for rule Class_invariant_axiom_for_contract_IFMethodContract 
15726      DEBUG main            d.u.i.k.p.m.ProofCorrectnessMgt No justification found for rule Class_invariant_axiom_for_contract_IFMethodContract 
16185      INFO  main            d.u.i.k.p.r.p.TestFile    ... finished proof: closed. 
16370      INFO  main            d.u.i.k.p.r.p.TestFile    Now processing file /home/runner/work/key/key/key.core/../key.ui/examples/InformationFlow/MethodContracts/contract.IFMethodContract(contract.IFMethodContract__secure_catch_exception()).Non-interference contract.0.m.key 
16370      INFO  main            d.u.i.k.p.i.AbstractProblemLoader Loading environment from /home/runner/work/key/key/key.core/../key.ui/examples/InformationFlow/MethodContracts/contract.IFMethodContract(contract.IFMethodContract__secure_catch_exception()).Non-interference contract.0.m.key 
16370      DEBUG main            d.u.i.k.p.i.AbstractProblemLoader Environment load took 84.9ns 
16374      INFO  main            d.u.i.k.p.i.AbstractProblemLoader Creating init config 
19074      DEBUG main            d.u.i.k.p.i.AbstractProblemLoader Init config took 2.7s 
19133      INFO  main            d.u.i.k.p.i.AbstractProblemLoader Replaying proof contract.IFMethodContract[contract.IFMethodContract::secure_catch_exception()].Non-interference contract.0 
19136      DEBUG main            d.u.i.k.p.i.IntermediateProofReplayer Proof replay took 14.1ns 
19136      DEBUG main            d.u.i.k.m.s.ProofScriptEngine 1: 'macro 'infflow-autopilot'' 
19180      DEBUG main            d.u.i.k.p.m.ProofCorrectnessMgt No justification found for rule Class_invariant_axiom_for_contract_IFMethodContract 
19441      INFO  main            d.u.i.k.p.r.p.TestFile    ... finished proof: closed. 
19625      INFO  main            d.u.i.k.p.r.p.TestFile    Now processing file /home/runner/work/key/key/key.core/../key.ui/examples/InformationFlow/MethodContracts/contract.IFMethodContract(contract.IFMethodContract__n6()).Non-interference contract.0.m.key 
19625      INFO  main            d.u.i.k.p.i.AbstractProblemLoader Loading environment from /home/runner/work/key/key/key.core/../key.ui/examples/InformationFlow/MethodContracts/contract.IFMethodContract(contract.IFMethodContract__n6()).Non-interference contract.0.m.key 
19625      DEBUG main            d.u.i.k.p.i.AbstractProblemLoader Environment load took 101.9ns 
19628      INFO  main            d.u.i.k.p.i.AbstractProblemLoader Creating init config 
22280      DEBUG main            d.u.i.k.p.i.AbstractProblemLoader Init config took 2.65s 
22336      INFO  main            d.u.i.k.p.i.AbstractProblemLoader Replaying proof contract.IFMethodContract[contract.IFMethodContract::n6()].Non-interference contract.0 
22339      DEBUG main            d.u.i.k.p.i.IntermediateProofReplayer Proof replay took 12.7ns 
22340      DEBUG main            d.u.i.k.m.s.ProofScriptEngine 1: 'macro 'infflow-autopilot'' 
22382      DEBUG main            d.u.i.k.p.m.ProofCorrectnessMgt No justification found for rule Class_invariant_axiom_for_contract_IFMethodContract 
22493      INFO  main            d.u.i.k.p.r.p.TestFile    ... finished proof: closed. 
22635      INFO  main            d.u.i.k.p.r.p.TestFile    Now processing file /home/runner/work/key/key/key.core/../key.ui/examples/InformationFlow/MethodContracts/contract.IFMethodContract(contract.IFMethodContract__secure_n6()).Non-interference contract.0.m.key 
22635      INFO  main            d.u.i.k.p.i.AbstractProblemLoader Loading environment from /home/runner/work/key/key/key.core/../key.ui/examples/InformationFlow/MethodContracts/contract.IFMethodContract(contract.IFMethodContract__secure_n6()).Non-interference contract.0.m.key 
22635      DEBUG main            d.u.i.k.p.i.AbstractProblemLoader Environment load took 69.6ns 
22637      INFO  main            d.u.i.k.p.i.AbstractProblemLoader Creating init config 
25253      DEBUG main            d.u.i.k.p.i.AbstractProblemLoader Init config took 2.62s 
25301      INFO  main            d.u.i.k.p.i.AbstractProblemLoader Replaying proof contract.IFMethodContract[contract.IFMethodContract::secure_n6()].Non-interference contract.0 
25305      DEBUG main            d.u.i.k.p.i.IntermediateProofReplayer Proof replay took 122.3ns 
25306      DEBUG main            d.u.i.k.m.s.ProofScriptEngine 1: 'macro 'infflow-autopilot'' 
25347      DEBUG main            d.u.i.k.p.m.ProofCorrectnessMgt No justification found for rule Class_invariant_axiom_for_contract_IFMethodContract 
25373      DEBUG main            d.u.i.k.p.m.ProofCorrectnessMgt No justification found for rule Class_invariant_axiom_for_contract_IFMethodContract 
25374      DEBUG main            d.u.i.k.p.m.ProofCorrectnessMgt No justification found for rule Class_invariant_axiom_for_contract_IFMethodContract 
25392      DEBUG main            d.u.i.k.p.m.ProofCorrectnessMgt No justification found for rule Class_invariant_axiom_for_contract_IFMethodContract 
25559      INFO  main            d.u.i.k.p.r.p.TestFile    ... finished proof: closed. 
25709      INFO  main            d.u.i.k.p.r.p.TestFile    Now processing file /home/runner/work/key/key/key.core/../key.ui/examples/InformationFlow/MethodContracts/contract.IFMethodContract(contract.IFMethodContract__secure_array_param((I,int)).Non-interference contract.0.m.key 
25709      INFO  main            d.u.i.k.p.i.AbstractProblemLoader Loading environment from /home/runner/work/key/key/key.core/../key.ui/examples/InformationFlow/MethodContracts/contract.IFMethodContract(contract.IFMethodContract__secure_array_param((I,int)).Non-interference contract.0.m.key 
25709      DEBUG main            d.u.i.k.p.i.AbstractProblemLoader Environment load took 73.4ns 
25711      INFO  main            d.u.i.k.p.i.AbstractProblemLoader Creating init config 
28278      DEBUG main            d.u.i.k.p.i.AbstractProblemLoader Init config took 2.57s 
28322      INFO  main            d.u.i.k.p.i.AbstractProblemLoader Replaying proof contract.IFMethodContract[contract.IFMethodContract::secure_array_param([I,int)].Non-interference contract.0 
28324      DEBUG main            d.u.i.k.p.i.IntermediateProofReplayer Proof replay took 13.9ns 
28325      DEBUG main            d.u.i.k.m.s.ProofScriptEngine 1: 'macro 'infflow-autopilot'' 
28371      DEBUG main            d.u.i.k.p.m.ProofCorrectnessMgt No justification found for rule Class_invariant_axiom_for_contract_IFMethodContract 
28414      DEBUG main            d.u.i.k.p.m.ProofCorrectnessMgt No justification found for rule Class_invariant_axiom_for_contract_IFMethodContract 
28414      DEBUG main            d.u.i.k.p.m.ProofCorrectnessMgt No justification found for rule Class_invariant_axiom_for_contract_IFMethodContract 
28466      DEBUG main            d.u.i.k.p.m.ProofCorrectnessMgt No justification found for rule Class_invariant_axiom_for_contract_IFMethodContract 
29920      INFO  main            d.u.i.k.p.r.p.TestFile    ... finished proof: closed. 
30073      INFO  main            d.u.i.k.p.r.p.TestFile    Now processing file /home/runner/work/key/key/key.core/../key.ui/examples/InformationFlow/MethodContracts/contract.IFMethodContract(contract.IFMethodContract__secure_assignment_0_n9()).Non-interference contract.0.m.key 
30073      INFO  main            d.u.i.k.p.i.AbstractProblemLoader Loading environment from /home/runner/work/key/key/key.core/../key.ui/examples/InformationFlow/MethodContracts/contract.IFMethodContract(contract.IFMethodContract__secure_assignment_0_n9()).Non-interference contract.0.m.key 
30074      DEBUG main            d.u.i.k.p.i.AbstractProblemLoader Environment load took 122.9ns 
30075      INFO  main            d.u.i.k.p.i.AbstractProblemLoader Creating init config 
32586      DEBUG main            d.u.i.k.p.i.AbstractProblemLoader Init config took 2.51s 
32637      INFO  main            d.u.i.k.p.i.AbstractProblemLoader Replaying proof contract.IFMethodContract[contract.IFMethodContract::secure_assignment_0_n9()].Non-interference contract.0 
32639      DEBUG main            d.u.i.k.p.i.IntermediateProofReplayer Proof replay took 14.1ns 
32640      DEBUG main            d.u.i.k.m.s.ProofScriptEngine 1: 'macro 'infflow-autopilot'' 
32675      DEBUG main            d.u.i.k.p.m.ProofCorrectnessMgt No justification found for rule Class_invariant_axiom_for_contract_IFMethodContract 
32728      DEBUG main            d.u.i.k.p.m.ProofCorrectnessMgt No justification found for rule Class_invariant_axiom_for_contract_IFMethodContract 
32729      DEBUG main            d.u.i.k.p.m.ProofCorrectnessMgt No justification found for rule Class_invariant_axiom_for_contract_IFMethodContract 
32741      DEBUG main            d.u.i.k.p.m.ProofCorrectnessMgt No justification found for rule Class_invariant_axiom_for_contract_IFMethodContract 
32863      INFO  main            d.u.i.k.p.r.p.TestFile    ... finished proof: closed. 
33019      INFO  main            d.u.i.k.p.r.p.TestFile    Now processing file /home/runner/work/key/key/key.core/../key.ui/examples/InformationFlow/MethodContracts/contract.IFMethodContract(contract.IFMethodContract__insecure_if_high_n5_n1()).Non-interference contract.0.m.key 
33019      INFO  main            d.u.i.k.p.i.AbstractProblemLoader Loading environment from /home/runner/work/key/key/key.core/../key.ui/examples/InformationFlow/MethodContracts/contract.IFMethodContract(contract.IFMethodContract__insecure_if_high_n5_n1()).Non-interference contract.0.m.key 
33019      DEBUG main            d.u.i.k.p.i.AbstractProblemLoader Environment load took 72.2ns 
33020      INFO  main            d.u.i.k.p.i.AbstractProblemLoader Creating init config 
35545      DEBUG main            d.u.i.k.p.i.AbstractProblemLoader Init config took 2.52s 
35584      INFO  main            d.u.i.k.p.i.AbstractProblemLoader Replaying proof contract.IFMethodContract[contract.IFMethodContract::insecure_if_high_n5_n1()].Non-interference contract.0 
35589      DEBUG main            d.u.i.k.p.i.IntermediateProofReplayer Proof replay took 14.2ns 
35589      DEBUG main            d.u.i.k.m.s.ProofScriptEngine 1: 'macro 'infflow-autopilot'' 
35622      DEBUG main            d.u.i.k.p.m.ProofCorrectnessMgt No justification found for rule Class_invariant_axiom_for_contract_IFMethodContract 
35661      DEBUG main            d.u.i.k.p.m.ProofCorrectnessMgt No justification found for rule Class_invariant_axiom_for_contract_IFMethodContract 
35662      DEBUG main            d.u.i.k.p.m.ProofCorrectnessMgt No justification found for rule Class_invariant_axiom_for_contract_IFMethodContract 
35715      DEBUG main            d.u.i.k.p.m.ProofCorrectnessMgt No justification found for rule Class_invariant_axiom_for_contract_IFMethodContract 
35716      DEBUG main            d.u.i.k.p.m.ProofCorrectnessMgt No justification found for rule Class_invariant_axiom_for_contract_IFMethodContract 
35737      DEBUG main            d.u.i.k.p.m.ProofCorrectnessMgt No justification found for rule Class_invariant_axiom_for_contract_IFMethodContract 
35738      DEBUG main            d.u.i.k.p.m.ProofCorrectnessMgt No justification found for rule Class_invariant_axiom_for_contract_IFMethodContract 
35762      DEBUG main            d.u.i.k.p.m.ProofCorrectnessMgt No justification found for rule Class_invariant_axiom_for_contract_IFMethodContract 
35767      DEBUG main            d.u.i.k.p.m.ProofCorrectnessMgt No justification found for rule Class_invariant_axiom_for_contract_IFMethodContract 
35783      DEBUG main            d.u.i.k.p.m.ProofCorrectnessMgt No justification found for rule Class_invariant_axiom_for_contract_IFMethodContract 
36445      INFO  main            d.u.i.k.p.r.p.TestFile    ... finished proof: open goal(s) 
36595      INFO  main            d.u.i.k.p.r.p.TestFile    Now processing file /home/runner/work/key/key/key.core/../key.ui/examples/InformationFlow/MethodContracts/contract.IFMethodContract(contract.IFMethodContract__n5(int)).Non-interference contract.0.m.key 
36596      INFO  main            d.u.i.k.p.i.AbstractProblemLoader Loading environment from /home/runner/work/key/key/key.core/../key.ui/examples/InformationFlow/MethodContracts/contract.IFMethodContract(contract.IFMethodContract__n5(int)).Non-interference contract.0.m.key 
36596      DEBUG main            d.u.i.k.p.i.AbstractProblemLoader Environment load took 124.6ns 
36597      INFO  main            d.u.i.k.p.i.AbstractProblemLoader Creating init config 
39113      DEBUG main            d.u.i.k.p.i.AbstractProblemLoader Init config took 2.52s 
39152      INFO  main            d.u.i.k.p.i.AbstractProblemLoader Replaying proof contract.IFMethodContract[contract.IFMethodContract::n5(int)].Non-interference contract.0 
39155      DEBUG main            d.u.i.k.p.i.IntermediateProofReplayer Proof replay took 13.7ns 
39155      DEBUG main            d.u.i.k.m.s.ProofScriptEngine 1: 'macro 'infflow-autopilot'' 
39190      DEBUG main            d.u.i.k.p.m.ProofCorrectnessMgt No justification found for rule Class_invariant_axiom_for_contract_IFMethodContract 
39281      INFO  main            d.u.i.k.p.r.p.TestFile    ... finished proof: closed. 
39464      INFO  main            d.u.i.k.p.r.p.TestFile    Now processing file /home/runner/work/key/key/key.core/../key.ui/examples/InformationFlow/MethodContracts/contract.IFMethodContract(contract.IFMethodContract__secure_if_high_n5_n1()).Non-interference contract.0.m.key 
39464      INFO  main            d.u.i.k.p.i.AbstractProblemLoader Loading environment from /home/runner/work/key/key/key.core/../key.ui/examples/InformationFlow/MethodContracts/contract.IFMethodContract(contract.IFMethodContract__secure_if_high_n5_n1()).Non-interference contract.0.m.key 
39464      DEBUG main            d.u.i.k.p.i.AbstractProblemLoader Environment load took 70ns 
39467      INFO  main            d.u.i.k.p.i.AbstractProblemLoader Creating init config 
42002      DEBUG main            d.u.i.k.p.i.AbstractProblemLoader Init config took 2.54s 
42040      INFO  main            d.u.i.k.p.i.AbstractProblemLoader Replaying proof contract.IFMethodContract[contract.IFMethodContract::secure_if_high_n5_n1()].Non-interference contract.0 
42042      DEBUG main            d.u.i.k.p.i.IntermediateProofReplayer Proof replay took 13.8ns 
42043      DEBUG main            d.u.i.k.m.s.ProofScriptEngine 1: 'macro 'infflow-autopilot'' 
42074      DEBUG main            d.u.i.k.p.m.ProofCorrectnessMgt No justification found for rule Class_invariant_axiom_for_contract_IFMethodContract 
42171      DEBUG main            d.u.i.k.p.m.ProofCorrectnessMgt No justification found for rule Class_invariant_axiom_for_contract_IFMethodContract 
42172      DEBUG main            d.u.i.k.p.m.ProofCorrectnessMgt No justification found for rule Class_invariant_axiom_for_contract_IFMethodContract 
42193      DEBUG main            d.u.i.k.p.m.ProofCorrectnessMgt No justification found for rule Class_invariant_axiom_for_contract_IFMethodContract 
42202      DEBUG main            d.u.i.k.p.m.ProofCorrectnessMgt No justification found for rule Class_invariant_axiom_for_contract_IFMethodContract 
42246      DEBUG main            d.u.i.k.p.m.ProofCorrectnessMgt No justification found for rule Class_invariant_axiom_for_contract_IFMethodContract 
42247      DEBUG main            d.u.i.k.p.m.ProofCorrectnessMgt No justification found for rule Class_invariant_axiom_for_contract_IFMethodContract 
42267      DEBUG main            d.u.i.k.p.m.ProofCorrectnessMgt No justification found for rule Class_invariant_axiom_for_contract_IFMethodContract 
42267      DEBUG main            d.u.i.k.p.m.ProofCorrectnessMgt No justification found for rule Class_invariant_axiom_for_contract_IFMethodContract 
42290      DEBUG main            d.u.i.k.p.m.ProofCorrectnessMgt No justification found for rule Class_invariant_axiom_for_contract_IFMethodContract 
42296      DEBUG main            d.u.i.k.p.m.ProofCorrectnessMgt No justification found for rule Class_invariant_axiom_for_contract_IFMethodContract 
42341      DEBUG main            d.u.i.k.p.m.ProofCorrectnessMgt No justification found for rule Class_invariant_axiom_for_contract_IFMethodContract 
42346      DEBUG main            d.u.i.k.p.m.ProofCorrectnessMgt No justification found for rule Class_invariant_axiom_for_contract_IFMethodContract 
42951      INFO  main            d.u.i.k.p.r.p.TestFile    ... finished proof: closed. 
43123      INFO  main            d.u.i.k.p.r.p.TestFile    Now processing file /home/runner/work/key/key/key.core/../key.ui/examples/InformationFlow/MethodContracts/contract.IFMethodContract(contract.IFMethodContract__secure_if_high_n1()).Non-interference contract.0.m.key 
43123      INFO  main            d.u.i.k.p.i.AbstractProblemLoader Loading environment from /home/runner/work/key/key/key.core/../key.ui/examples/InformationFlow/MethodContracts/contract.IFMethodContract(contract.IFMethodContract__secure_if_high_n1()).Non-interference contract.0.m.key 
43123      DEBUG main            d.u.i.k.p.i.AbstractProblemLoader Environment load took 119.3ns 
43124      INFO  main            d.u.i.k.p.i.AbstractProblemLoader Creating init config 
45631      DEBUG main            d.u.i.k.p.i.AbstractProblemLoader Init config took 2.51s 
45667      INFO  main            d.u.i.k.p.i.AbstractProblemLoader Replaying proof contract.IFMethodContract[contract.IFMethodContract::secure_if_high_n1()].Non-interference contract.0 
45669      DEBUG main            d.u.i.k.p.i.IntermediateProofReplayer Proof replay took 13.4ns 
45670      DEBUG main            d.u.i.k.m.s.ProofScriptEngine 1: 'macro 'infflow-autopilot'' 
45700      DEBUG main            d.u.i.k.p.m.ProofCorrectnessMgt No justification found for rule Class_invariant_axiom_for_contract_IFMethodContract 
45757      DEBUG main            d.u.i.k.p.m.ProofCorrectnessMgt No justification found for rule Class_invariant_axiom_for_contract_IFMethodContract 
45758      DEBUG main            d.u.i.k.p.m.ProofCorrectnessMgt No justification found for rule Class_invariant_axiom_for_contract_IFMethodContract 
45802      DEBUG main            d.u.i.k.p.m.ProofCorrectnessMgt No justification found for rule Class_invariant_axiom_for_contract_IFMethodContract 
45803      DEBUG main            d.u.i.k.p.m.ProofCorrectnessMgt No justification found for rule Class_invariant_axiom_for_contract_IFMethodContract 
45821      DEBUG main            d.u.i.k.p.m.ProofCorrectnessMgt No justification found for rule Class_invariant_axiom_for_contract_IFMethodContract 
45835      DEBUG main            d.u.i.k.p.m.ProofCorrectnessMgt No justification found for rule Class_invariant_axiom_for_contract_IFMethodContract 
46169      INFO  main            d.u.i.k.p.r.p.TestFile    ... finished proof: closed. 
46351      INFO  main            d.u.i.k.p.r.p.TestFile    Now processing file /home/runner/work/key/key/key.core/../key.ui/examples/InformationFlow/MethodContracts/contract.IFMethodContract(contract.IFMethodContract__secure_n5()).Non-interference contract.0.m.key 
46351      INFO  main            d.u.i.k.p.i.AbstractProblemLoader Loading environment from /home/runner/work/key/key/key.core/../key.ui/examples/InformationFlow/MethodContracts/contract.IFMethodContract(contract.IFMethodContract__secure_n5()).Non-interference contract.0.m.key 
46351      DEBUG main            d.u.i.k.p.i.AbstractProblemLoader Environment load took 73.3ns 
46352      INFO  main            d.u.i.k.p.i.AbstractProblemLoader Creating init config 
48827      DEBUG main            d.u.i.k.p.i.AbstractProblemLoader Init config took 2.47s 
48863      INFO  main            d.u.i.k.p.i.AbstractProblemLoader Replaying proof contract.IFMethodContract[contract.IFMethodContract::secure_n5()].Non-interference contract.0 
48866      DEBUG main            d.u.i.k.p.i.IntermediateProofReplayer Proof replay took 16.6ns 
48867      DEBUG main            d.u.i.k.m.s.ProofScriptEngine 1: 'macro 'infflow-autopilot'' 
48896      DEBUG main            d.u.i.k.p.m.ProofCorrectnessMgt No justification found for rule Class_invariant_axiom_for_contract_IFMethodContract 
48930      DEBUG main            d.u.i.k.p.m.ProofCorrectnessMgt No justification found for rule Class_invariant_axiom_for_contract_IFMethodContract 
48931      DEBUG main            d.u.i.k.p.m.ProofCorrectnessMgt No justification found for rule Class_invariant_axiom_for_contract_IFMethodContract 
48942      DEBUG main            d.u.i.k.p.m.ProofCorrectnessMgt No justification found for rule Class_invariant_axiom_for_contract_IFMethodContract 
49068      INFO  main            d.u.i.k.p.r.p.TestFile    ... finished proof: closed. 
49274      INFO  main            d.u.i.k.p.r.p.TestFile    Now processing file /home/runner/work/key/key/key.core/../key.ui/examples/InformationFlow/MethodContracts/contract.IFMethodContract(contract.IFMethodContract__n4()).Non-interference contract.0.m.key 
49275      INFO  main            d.u.i.k.p.i.AbstractProblemLoader Loading environment from /home/runner/work/key/key/key.core/../key.ui/examples/InformationFlow/MethodContracts/contract.IFMethodContract(contract.IFMethodContract__n4()).Non-interference contract.0.m.key 
49275      DEBUG main            d.u.i.k.p.i.AbstractProblemLoader Environment load took 65.1ns 
49276      INFO  main            d.u.i.k.p.i.AbstractProblemLoader Creating init config 
51741      DEBUG main            d.u.i.k.p.i.AbstractProblemLoader Init config took 2.47s 
51782      INFO  main            d.u.i.k.p.i.AbstractProblemLoader Replaying proof contract.IFMethodContract[contract.IFMethodContract::n4()].Non-interference contract.0 
51785      DEBUG main            d.u.i.k.p.i.IntermediateProofReplayer Proof replay took 14.5ns 
51785      DEBUG main            d.u.i.k.m.s.ProofScriptEngine 1: 'macro 'infflow-autopilot'' 
51819      DEBUG main            d.u.i.k.p.m.ProofCorrectnessMgt No justification found for rule Class_invariant_axiom_for_contract_IFMethodContract 
51939      INFO  main            d.u.i.k.p.r.p.TestFile    ... finished proof: closed. 
52111      INFO  main            d.u.i.k.p.r.p.TestFile    Now processing file /home/runner/work/key/key/key.core/../key.ui/examples/InformationFlow/MethodContracts/contract.IFMethodContract(contract.IFMethodContract__n3()).Non-interference contract.0.m.key 
52111      INFO  main            d.u.i.k.p.i.AbstractProblemLoader Loading environment from /home/runner/work/key/key/key.core/../key.ui/examples/InformationFlow/MethodContracts/contract.IFMethodContract(contract.IFMethodContract__n3()).Non-interference contract.0.m.key 
52112      DEBUG main            d.u.i.k.p.i.AbstractProblemLoader Environment load took 423.5ns 
52113      INFO  main            d.u.i.k.p.i.AbstractProblemLoader Creating init config 
54585      DEBUG main            d.u.i.k.p.i.AbstractProblemLoader Init config took 2.47s 
54624      INFO  main            d.u.i.k.p.i.AbstractProblemLoader Replaying proof contract.IFMethodContract[contract.IFMethodContract::n3()].Non-interference contract.0 
54626      DEBUG main            d.u.i.k.p.i.IntermediateProofReplayer Proof replay took 14.3ns 
54627      DEBUG main            d.u.i.k.m.s.ProofScriptEngine 1: 'macro 'infflow-autopilot'' 
54656      DEBUG main            d.u.i.k.p.m.ProofCorrectnessMgt No justification found for rule Class_invariant_axiom_for_contract_IFMethodContract 
54718      INFO  main            d.u.i.k.p.r.p.TestFile    ... finished proof: closed. 
54888      INFO  main            d.u.i.k.p.r.p.TestFile    Now processing file /home/runner/work/key/key/key.core/../key.ui/examples/InformationFlow/MethodContracts/contract.IFMethodContract(contract.IFMethodContract__secure_sequential_n3_precond_n4()).Non-interference contract.0.m.key 
54888      INFO  main            d.u.i.k.p.i.AbstractProblemLoader Loading environment from /home/runner/work/key/key/key.core/../key.ui/examples/InformationFlow/MethodContracts/contract.IFMethodContract(contract.IFMethodContract__secure_sequential_n3_precond_n4()).Non-interference contract.0.m.key 
54888      DEBUG main            d.u.i.k.p.i.AbstractProblemLoader Environment load took 123ns 
54889      INFO  main            d.u.i.k.p.i.AbstractProblemLoader Creating init config 
57361      DEBUG main            d.u.i.k.p.i.AbstractProblemLoader Init config took 2.47s 
57398      INFO  main            d.u.i.k.p.i.AbstractProblemLoader Replaying proof contract.IFMethodContract[contract.IFMethodContract::secure_sequential_n3_precond_n4()].Non-interference contract.0 
57400      DEBUG main            d.u.i.k.p.i.IntermediateProofReplayer Proof replay took 18ns 
57400      DEBUG main            d.u.i.k.m.s.ProofScriptEngine 1: 'macro 'infflow-autopilot'' 
57429      DEBUG main            d.u.i.k.p.m.ProofCorrectnessMgt No justification found for rule Class_invariant_axiom_for_contract_IFMethodContract 
57453      DEBUG main            d.u.i.k.p.m.ProofCorrectnessMgt No justification found for rule Class_invariant_axiom_for_contract_IFMethodContract 
57454      DEBUG main            d.u.i.k.p.m.ProofCorrectnessMgt No justification found for rule Class_invariant_axiom_for_contract_IFMethodContract 
57474      DEBUG main            d.u.i.k.p.m.ProofCorrectnessMgt No justification found for rule Class_invariant_axiom_for_contract_IFMethodContract 
57474      DEBUG main            d.u.i.k.p.m.ProofCorrectnessMgt No justification found for rule Class_invariant_axiom_for_contract_IFMethodContract 
57495      DEBUG main            d.u.i.k.p.m.ProofCorrectnessMgt No justification found for rule Class_invariant_axiom_for_contract_IFMethodContract 
57496      DEBUG main            d.u.i.k.p.m.ProofCorrectnessMgt No justification found for rule Class_invariant_axiom_for_contract_IFMethodContract 
57721      INFO  main            d.u.i.k.p.r.p.TestFile    ... finished proof: closed. 
57942      INFO  main            d.u.i.k.p.r.p.TestFile    Now processing file /home/runner/work/key/key/key.core/../key.ui/examples/InformationFlow/MethodContracts/contract.IFMethodContract(contract.IFMethodContract__insecure_assignment_n2()).Non-interference contract.0.m.key 
57942      INFO  main            d.u.i.k.p.i.AbstractProblemLoader Loading environment from /home/runner/work/key/key/key.core/../key.ui/examples/InformationFlow/MethodContracts/contract.IFMethodContract(contract.IFMethodContract__insecure_assignment_n2()).Non-interference contract.0.m.key 
57942      DEBUG main            d.u.i.k.p.i.AbstractProblemLoader Environment load took 109.2ns 
57943      INFO  main            d.u.i.k.p.i.AbstractProblemLoader Creating init config 
60378      DEBUG main            d.u.i.k.p.i.AbstractProblemLoader Init config took 2.43s 
60412      INFO  main            d.u.i.k.p.i.AbstractProblemLoader Replaying proof contract.IFMethodContract[contract.IFMethodContract::insecure_assignment_n2()].Non-interference contract.0 
60414      DEBUG main            d.u.i.k.p.i.IntermediateProofReplayer Proof replay took 14.5ns 
60415      DEBUG main            d.u.i.k.m.s.ProofScriptEngine 1: 'macro 'infflow-autopilot'' 
60443      DEBUG main            d.u.i.k.p.m.ProofCorrectnessMgt No justification found for rule Class_invariant_axiom_for_contract_IFMethodContract 
60472      DEBUG main            d.u.i.k.p.m.ProofCorrectnessMgt No justification found for rule Class_invariant_axiom_for_contract_IFMethodContract 
60473      DEBUG main            d.u.i.k.p.m.ProofCorrectnessMgt No justification found for rule Class_invariant_axiom_for_contract_IFMethodContract 
60483      DEBUG main            d.u.i.k.p.m.ProofCorrectnessMgt No justification found for rule Class_invariant_axiom_for_contract_IFMethodContract 
60747      INFO  main            d.u.i.k.p.r.p.TestFile    ... finished proof: open goal(s) 
60928      INFO  main            d.u.i.k.p.r.p.TestFile    Now processing file /home/runner/work/key/key/key.core/../key.ui/examples/InformationFlow/MethodContracts/contract.IFMethodContract(contract.IFMethodContract__secure_assignments_n2()).Non-interference contract.0.m.key 
60928      INFO  main            d.u.i.k.p.i.AbstractProblemLoader Loading environment from /home/runner/work/key/key/key.core/../key.ui/examples/InformationFlow/MethodContracts/contract.IFMethodContract(contract.IFMethodContract__secure_assignments_n2()).Non-interference contract.0.m.key 
60928      DEBUG main            d.u.i.k.p.i.AbstractProblemLoader Environment load took 68ns 
60929      INFO  main            d.u.i.k.p.i.AbstractProblemLoader Creating init config 
63377      DEBUG main            d.u.i.k.p.i.AbstractProblemLoader Init config took 2.45s 
63413      INFO  main            d.u.i.k.p.i.AbstractProblemLoader Replaying proof contract.IFMethodContract[contract.IFMethodContract::secure_assignments_n2()].Non-interference contract.0 
63415      DEBUG main            d.u.i.k.p.i.IntermediateProofReplayer Proof replay took 14.1ns 
63416      DEBUG main            d.u.i.k.m.s.ProofScriptEngine 1: 'macro 'infflow-autopilot'' 
63444      DEBUG main            d.u.i.k.p.m.ProofCorrectnessMgt No justification found for rule Class_invariant_axiom_for_contract_IFMethodContract 
63492      DEBUG main            d.u.i.k.p.m.ProofCorrectnessMgt No justification found for rule Class_invariant_axiom_for_contract_IFMethodContract 
63492      DEBUG main            d.u.i.k.p.m.ProofCorrectnessMgt No justification found for rule Class_invariant_axiom_for_contract_IFMethodContract 
63507      DEBUG main            d.u.i.k.p.m.ProofCorrectnessMgt No justification found for rule Class_invariant_axiom_for_contract_IFMethodContract 
63742      INFO  main            d.u.i.k.p.r.p.TestFile    ... finished proof: closed. 
63938      INFO  main            d.u.i.k.p.r.p.TestFile    Now processing file /home/runner/work/key/key/key.core/../key.ui/examples/InformationFlow/MethodContracts/contract.IFMethodContract(contract.IFMethodContract__n2()).Non-interference contract.0.m.key 
63938      INFO  main            d.u.i.k.p.i.AbstractProblemLoader Loading environment from /home/runner/work/key/key/key.core/../key.ui/examples/InformationFlow/MethodContracts/contract.IFMethodContract(contract.IFMethodContract__n2()).Non-interference contract.0.m.key 
63939      DEBUG main            d.u.i.k.p.i.AbstractProblemLoader Environment load took 109.4ns 
63940      INFO  main            d.u.i.k.p.i.AbstractProblemLoader Creating init config 
66423      DEBUG main            d.u.i.k.p.i.AbstractProblemLoader Init config took 2.48s 
66456      INFO  main            d.u.i.k.p.i.AbstractProblemLoader Replaying proof contract.IFMethodContract[contract.IFMethodContract::n2()].Non-interference contract.0 
66458      DEBUG main            d.u.i.k.p.i.IntermediateProofReplayer Proof replay took 15.1ns 
66459      DEBUG main            d.u.i.k.m.s.ProofScriptEngine 1: 'macro 'infflow-autopilot'' 
66487      DEBUG main            d.u.i.k.p.m.ProofCorrectnessMgt No justification found for rule Class_invariant_axiom_for_contract_IFMethodContract 
66577      INFO  main            d.u.i.k.p.r.p.TestFile    ... finished proof: closed. 
66777      INFO  main            d.u.i.k.p.r.p.TestFile    Now processing file /home/runner/work/key/key/key.core/../key.ui/examples/InformationFlow/MethodContracts/contract.IFMethodContract(contract.IFMethodContract__n1()).Non-interference contract.0.m.key 
66777      INFO  main            d.u.i.k.p.i.AbstractProblemLoader Loading environment from /home/runner/work/key/key/key.core/../key.ui/examples/InformationFlow/MethodContracts/contract.IFMethodContract(contract.IFMethodContract__n1()).Non-interference contract.0.m.key 
66777      DEBUG main            d.u.i.k.p.i.AbstractProblemLoader Environment load took 70.1ns 
66779      INFO  main            d.u.i.k.p.i.AbstractProblemLoader Creating init config 
69241      DEBUG main            d.u.i.k.p.i.AbstractProblemLoader Init config took 2.46s 
69274      INFO  main            d.u.i.k.p.i.AbstractProblemLoader Replaying proof contract.IFMethodContract[contract.IFMethodContract::n1()].Non-interference contract.0 
69276      DEBUG main            d.u.i.k.p.i.IntermediateProofReplayer Proof replay took 14.7ns 
69277      DEBUG main            d.u.i.k.m.s.ProofScriptEngine 1: 'macro 'infflow-autopilot'' 
69304      DEBUG main            d.u.i.k.p.m.ProofCorrectnessMgt No justification found for rule Class_invariant_axiom_for_contract_IFMethodContract 
69371      INFO  main            d.u.i.k.p.r.p.TestFile    ... finished proof: closed. 
69558      INFO  main            d.u.i.k.p.r.p.TestFile    Now processing file /home/runner/work/key/key/key.core/../key.ui/examples/InformationFlow/MethodContracts/contract.IFMethodContract(contract.IFMethodContract__secure_sequential_n1_n2()).Non-interference contract.0.m.key 
69558      INFO  main            d.u.i.k.p.i.AbstractProblemLoader Loading environment from /home/runner/work/key/key/key.core/../key.ui/examples/InformationFlow/MethodContracts/contract.IFMethodContract(contract.IFMethodContract__secure_sequential_n1_n2()).Non-interference contract.0.m.key 
69558      DEBUG main            d.u.i.k.p.i.AbstractProblemLoader Environment load took 75.5ns 
69559      INFO  main            d.u.i.k.p.i.AbstractProblemLoader Creating init config 
72027      DEBUG main            d.u.i.k.p.i.AbstractProblemLoader Init config took 2.47s 
72061      INFO  main            d.u.i.k.p.i.AbstractProblemLoader Replaying proof contract.IFMethodContract[contract.IFMethodContract::secure_sequential_n1_n2()].Non-interference contract.0 
72063      DEBUG main            d.u.i.k.p.i.IntermediateProofReplayer Proof replay took 15.2ns 
72063      DEBUG main            d.u.i.k.m.s.ProofScriptEngine 1: 'macro 'infflow-autopilot'' 
72091      DEBUG main            d.u.i.k.p.m.ProofCorrectnessMgt No justification found for rule Class_invariant_axiom_for_contract_IFMethodContract 
72108      DEBUG main            d.u.i.k.p.m.ProofCorrectnessMgt No justification found for rule Class_invariant_axiom_for_contract_IFMethodContract 
72108      DEBUG main            d.u.i.k.p.m.ProofCorrectnessMgt No justification found for rule Class_invariant_axiom_for_contract_IFMethodContract 
72124      DEBUG main            d.u.i.k.p.m.ProofCorrectnessMgt No justification found for rule Class_invariant_axiom_for_contract_IFMethodContract 
72125      DEBUG main            d.u.i.k.p.m.ProofCorrectnessMgt No justification found for rule Class_invariant_axiom_for_contract_IFMethodContract 
72137      DEBUG main            d.u.i.k.p.m.ProofCorrectnessMgt No justification found for rule Class_invariant_axiom_for_contract_IFMethodContract 
72139      DEBUG main            d.u.i.k.p.m.ProofCorrectnessMgt No justification found for rule Class_invariant_axiom_for_contract_IFMethodContract 
72303      INFO  main            d.u.i.k.p.r.p.TestFile    ... finished proof: closed. 
1968373    INFO  Test worker     d.u.i.k.p.r.RunAllProofsTestUnit Returning from test MethodContracts_fullmacro 
1968374    INFO  Test worker     d.u.i.k.p.r.RunAllProofsTestUnit Running test InformationFlow_fullmacro 
331        INFO  Timeout watchdog d.u.i.k.p.r.p.ForkedTestFileRunner Timeout watcher launched (1000 secs.) 
338        WARN  main            d.u.i.k.s.ProofSettings   The settings in /home/runner/.key/proof-settings.props are *not* read. 
366        INFO  main            d.u.i.k.p.r.p.TestFile    Now processing file /home/runner/work/key/key/key.core/../key.ui/examples/InformationFlow/LoopInvariants/loop.IFLoopExamples(loop.IFLoopExamples__insecure_while_3(int)).Non-interference contract.0.m.key 
472        INFO  main            d.u.i.k.p.i.AbstractProblemLoader Loading environment from /home/runner/work/key/key/key.core/../key.ui/examples/InformationFlow/LoopInvariants/loop.IFLoopExamples(loop.IFLoopExamples__insecure_while_3(int)).Non-interference contract.0.m.key 
500        DEBUG main            d.u.i.k.p.i.AbstractProblemLoader Environment load took 2.12ms 
712        INFO  main            d.u.i.k.p.i.AbstractProblemLoader Creating init config 
1587       DEBUG main            d.u.i.k.j.TypeConverter   No LDT found for Meta 
1590       DEBUG main            d.u.i.k.j.TypeConverter   No LDT found for Meta 
1593       DEBUG main            d.u.i.k.j.TypeConverter   No LDT found for Meta 
1593       DEBUG main            d.u.i.k.j.TypeConverter   No LDT found for Meta 
3130       DEBUG main            d.u.i.k.j.TypeConverter   No LDT found for JavaBigintExpression 
8097       DEBUG main            d.u.i.k.p.i.AbstractProblemLoader Init config took 7.38s 
8230       INFO  main            d.u.i.k.p.i.AbstractProblemLoader Replaying proof loop.IFLoopExamples[loop.IFLoopExamples::insecure_while_3(int)].Non-interference contract.0 
8308       DEBUG main            d.u.i.k.p.i.IntermediateProofReplayer Proof replay took 389.5ns 
8373       DEBUG main            d.u.i.k.m.s.ProofScriptEngine 1: 'macro 'infflow-autopilot'' 
8760       DEBUG main            d.u.i.k.p.m.ProofCorrectnessMgt No justification found for rule Class_invariant_axiom_for_loop_IFLoopExamples 
13888      INFO  main            d.u.i.k.p.r.p.TestFile    ... finished proof: open goal(s) 
14054      INFO  main            d.u.i.k.p.r.p.TestFile    Now processing file /home/runner/work/key/key/key.core/../key.ui/examples/InformationFlow/LoopInvariants/loop.IFLoopExamples(loop.IFLoopExamples__secure_while_2(int)).Non-interference contract.0.m.key 
14055      INFO  main            d.u.i.k.p.i.AbstractProblemLoader Loading environment from /home/runner/work/key/key/key.core/../key.ui/examples/InformationFlow/LoopInvariants/loop.IFLoopExamples(loop.IFLoopExamples__secure_while_2(int)).Non-interference contract.0.m.key 
14055      DEBUG main            d.u.i.k.p.i.AbstractProblemLoader Environment load took 110.5ns 
14060      INFO  main            d.u.i.k.p.i.AbstractProblemLoader Creating init config 
17227      DEBUG main            d.u.i.k.p.i.AbstractProblemLoader Init config took 3.17s 
17277      INFO  main            d.u.i.k.p.i.AbstractProblemLoader Replaying proof loop.IFLoopExamples[loop.IFLoopExamples::secure_while_2(int)].Non-interference contract.0 
17280      DEBUG main            d.u.i.k.p.i.IntermediateProofReplayer Proof replay took 13.1ns 
17281      DEBUG main            d.u.i.k.m.s.ProofScriptEngine 1: 'macro 'infflow-autopilot'' 
17328      DEBUG main            d.u.i.k.p.m.ProofCorrectnessMgt No justification found for rule Class_invariant_axiom_for_loop_IFLoopExamples 
18783      INFO  main            d.u.i.k.p.r.p.TestFile    ... finished proof: closed. 
18995      INFO  main            d.u.i.k.p.r.p.TestFile    Now processing file /home/runner/work/key/key/key.core/../key.ui/examples/InformationFlow/LoopInvariants/loop.IFLoopExamples(loop.IFLoopExamples__secure_while_4(int)).Non-interference contract.0.m.key 
18996      INFO  main            d.u.i.k.p.i.AbstractProblemLoader Loading environment from /home/runner/work/key/key/key.core/../key.ui/examples/InformationFlow/LoopInvariants/loop.IFLoopExamples(loop.IFLoopExamples__secure_while_4(int)).Non-interference contract.0.m.key 
18996      DEBUG main            d.u.i.k.p.i.AbstractProblemLoader Environment load took 98.7ns 
18997      INFO  main            d.u.i.k.p.i.AbstractProblemLoader Creating init config 
21978      DEBUG main            d.u.i.k.p.i.AbstractProblemLoader Init config took 2.98s 
22036      INFO  main            d.u.i.k.p.i.AbstractProblemLoader Replaying proof loop.IFLoopExamples[loop.IFLoopExamples::secure_while_4(int)].Non-interference contract.0 
22038      DEBUG main            d.u.i.k.p.i.IntermediateProofReplayer Proof replay took 14.1ns 
22039      DEBUG main            d.u.i.k.m.s.ProofScriptEngine 1: 'macro 'infflow-autopilot'' 
22080      DEBUG main            d.u.i.k.p.m.ProofCorrectnessMgt No justification found for rule Class_invariant_axiom_for_loop_IFLoopExamples 
23280      INFO  main            d.u.i.k.p.r.p.TestFile    ... finished proof: closed. 
23451      INFO  main            d.u.i.k.p.r.p.TestFile    Now processing file /home/runner/work/key/key/key.core/../key.ui/examples/InformationFlow/LoopInvariants/loop.IFLoopExamples(loop.IFLoopExamples__insecure_doubleNestedWhile2(int)).Non-interference contract.0.m.key 
23452      INFO  main            d.u.i.k.p.i.AbstractProblemLoader Loading environment from /home/runner/work/key/key/key.core/../key.ui/examples/InformationFlow/LoopInvariants/loop.IFLoopExamples(loop.IFLoopExamples__insecure_doubleNestedWhile2(int)).Non-interference contract.0.m.key 
23452      DEBUG main            d.u.i.k.p.i.AbstractProblemLoader Environment load took 129.2ns 
23453      INFO  main            d.u.i.k.p.i.AbstractProblemLoader Creating init config 
26305      DEBUG main            d.u.i.k.p.i.AbstractProblemLoader Init config took 2.85s 
26350      INFO  main            d.u.i.k.p.i.AbstractProblemLoader Replaying proof loop.IFLoopExamples[loop.IFLoopExamples::insecure_doubleNestedWhile2(int)].Non-interference contract.0 
26352      DEBUG main            d.u.i.k.p.i.IntermediateProofReplayer Proof replay took 13.2ns 
26353      DEBUG main            d.u.i.k.m.s.ProofScriptEngine 1: 'macro 'infflow-autopilot'' 
26392      DEBUG main            d.u.i.k.p.m.ProofCorrectnessMgt No justification found for rule Class_invariant_axiom_for_loop_IFLoopExamples 
262171     INFO  main            d.u.i.k.p.r.p.TestFile    ... finished proof: open goal(s) 
262446     INFO  main            d.u.i.k.p.r.p.TestFile    Now processing file /home/runner/work/key/key/key.core/../key.ui/examples/InformationFlow/LoopInvariants/loop.IFLoopExamples(loop.IFLoopExamples__insecure_doubleNestedWhile(int)).Non-interference contract.0.m.key 
262446     INFO  main            d.u.i.k.p.i.AbstractProblemLoader Loading environment from /home/runner/work/key/key/key.core/../key.ui/examples/InformationFlow/LoopInvariants/loop.IFLoopExamples(loop.IFLoopExamples__insecure_doubleNestedWhile(int)).Non-interference contract.0.m.key 
262447     DEBUG main            d.u.i.k.p.i.AbstractProblemLoader Environment load took 75.6ns 
262449     INFO  main            d.u.i.k.p.i.AbstractProblemLoader Creating init config 
265259     DEBUG main            d.u.i.k.p.i.AbstractProblemLoader Init config took 2.81s 
265300     INFO  main            d.u.i.k.p.i.AbstractProblemLoader Replaying proof loop.IFLoopExamples[loop.IFLoopExamples::insecure_doubleNestedWhile(int)].Non-interference contract.0 
265303     DEBUG main            d.u.i.k.p.i.IntermediateProofReplayer Proof replay took 13.3ns 
265304     DEBUG main            d.u.i.k.m.s.ProofScriptEngine 1: 'macro 'infflow-autopilot'' 
265339     DEBUG main            d.u.i.k.p.m.ProofCorrectnessMgt No justification found for rule Class_invariant_axiom_for_loop_IFLoopExamples 
270385     INFO  main            d.u.i.k.p.r.p.TestFile    ... finished proof: open goal(s) 
270684     INFO  main            d.u.i.k.p.r.p.TestFile    Now processing file /home/runner/work/key/key/key.core/../key.ui/examples/InformationFlow/LoopInvariants/loop.IFLoopExamples(loop.IFLoopExamples__secure_doubleNestedWhile(int)).Non-interference contract.0.m.key 
270685     INFO  main            d.u.i.k.p.i.AbstractProblemLoader Loading environment from /home/runner/work/key/key/key.core/../key.ui/examples/InformationFlow/LoopInvariants/loop.IFLoopExamples(loop.IFLoopExamples__secure_doubleNestedWhile(int)).Non-interference contract.0.m.key 
270685     DEBUG main            d.u.i.k.p.i.AbstractProblemLoader Environment load took 90.8ns 
270686     INFO  main            d.u.i.k.p.i.AbstractProblemLoader Creating init config 
273482     DEBUG main            d.u.i.k.p.i.AbstractProblemLoader Init config took 2.8s 
273520     INFO  main            d.u.i.k.p.i.AbstractProblemLoader Replaying proof loop.IFLoopExamples[loop.IFLoopExamples::secure_doubleNestedWhile(int)].Non-interference contract.0 
273522     DEBUG main            d.u.i.k.p.i.IntermediateProofReplayer Proof replay took 12.3ns 
273523     DEBUG main            d.u.i.k.m.s.ProofScriptEngine 1: 'macro 'infflow-autopilot'' 
273555     DEBUG main            d.u.i.k.p.m.ProofCorrectnessMgt No justification found for rule Class_invariant_axiom_for_loop_IFLoopExamples 
278038     INFO  main            d.u.i.k.p.r.p.TestFile    ... finished proof: closed. 
278337     INFO  main            d.u.i.k.p.r.p.TestFile    Now processing file /home/runner/work/key/key/key.core/../key.ui/examples/InformationFlow/LoopInvariants/loop.IFLoopExamples(loop.IFLoopExamples__secure_nestedTwoWhile(int)).Non-interference contract.0.m.key 
278337     INFO  main            d.u.i.k.p.i.AbstractProblemLoader Loading environment from /home/runner/work/key/key/key.core/../key.ui/examples/InformationFlow/LoopInvariants/loop.IFLoopExamples(loop.IFLoopExamples__secure_nestedTwoWhile(int)).Non-interference contract.0.m.key 
278337     DEBUG main            d.u.i.k.p.i.AbstractProblemLoader Environment load took 79ns 
278338     INFO  main            d.u.i.k.p.i.AbstractProblemLoader Creating init config 
281177     DEBUG main            d.u.i.k.p.i.AbstractProblemLoader Init config took 2.84s 
281214     INFO  main            d.u.i.k.p.i.AbstractProblemLoader Replaying proof loop.IFLoopExamples[loop.IFLoopExamples::secure_nestedTwoWhile(int)].Non-interference contract.0 
281217     DEBUG main            d.u.i.k.p.i.IntermediateProofReplayer Proof replay took 15.6ns 
281217     DEBUG main            d.u.i.k.m.s.ProofScriptEngine 1: 'macro 'infflow-autopilot'' 
281249     DEBUG main            d.u.i.k.p.m.ProofCorrectnessMgt No justification found for rule Class_invariant_axiom_for_loop_IFLoopExamples 
284859     INFO  main            d.u.i.k.p.r.p.TestFile    ... finished proof: closed. 
285105     INFO  main            d.u.i.k.p.r.p.TestFile    Now processing file /home/runner/work/key/key/key.core/../key.ui/examples/InformationFlow/LoopInvariants/loop.IFLoopExamples(loop.IFLoopExamples__secure_nestedWhile(int)).Non-interference contract.0.m.key 
285105     INFO  main            d.u.i.k.p.i.AbstractProblemLoader Loading environment from /home/runner/work/key/key/key.core/../key.ui/examples/InformationFlow/LoopInvariants/loop.IFLoopExamples(loop.IFLoopExamples__secure_nestedWhile(int)).Non-interference contract.0.m.key 
285105     DEBUG main            d.u.i.k.p.i.AbstractProblemLoader Environment load took 85.2ns 
285106     INFO  main            d.u.i.k.p.i.AbstractProblemLoader Creating init config 
287920     DEBUG main            d.u.i.k.p.i.AbstractProblemLoader Init config took 2.81s 
287957     INFO  main            d.u.i.k.p.i.AbstractProblemLoader Replaying proof loop.IFLoopExamples[loop.IFLoopExamples::secure_nestedWhile(int)].Non-interference contract.0 
287959     DEBUG main            d.u.i.k.p.i.IntermediateProofReplayer Proof replay took 13.3ns 
287960     DEBUG main            d.u.i.k.m.s.ProofScriptEngine 1: 'macro 'infflow-autopilot'' 
287989     DEBUG main            d.u.i.k.p.m.ProofCorrectnessMgt No justification found for rule Class_invariant_axiom_for_loop_IFLoopExamples 
290533     INFO  main            d.u.i.k.p.r.p.TestFile    ... finished proof: closed. 
290728     INFO  main            d.u.i.k.p.r.p.TestFile    Now processing file /home/runner/work/key/key/key.core/../key.ui/examples/InformationFlow/LoopInvariants/loop.IFLoopExamples(loop.IFLoopExamples__notSecure_while(int)).Non-interference contract.0.m.key 
290729     INFO  main            d.u.i.k.p.i.AbstractProblemLoader Loading environment from /home/runner/work/key/key/key.core/../key.ui/examples/InformationFlow/LoopInvariants/loop.IFLoopExamples(loop.IFLoopExamples__notSecure_while(int)).Non-interference contract.0.m.key 
290729     DEBUG main            d.u.i.k.p.i.AbstractProblemLoader Environment load took 69.1ns 
290730     INFO  main            d.u.i.k.p.i.AbstractProblemLoader Creating init config 
293550     DEBUG main            d.u.i.k.p.i.AbstractProblemLoader Init config took 2.82s 
293622     INFO  main            d.u.i.k.p.i.AbstractProblemLoader Replaying proof loop.IFLoopExamples[loop.IFLoopExamples::notSecure_while(int)].Non-interference contract.0 
293632     DEBUG main            d.u.i.k.p.i.IntermediateProofReplayer Proof replay took 15ns 
293632     DEBUG main            d.u.i.k.m.s.ProofScriptEngine 1: 'macro 'infflow-autopilot'' 
293662     DEBUG main            d.u.i.k.p.m.ProofCorrectnessMgt No justification found for rule Class_invariant_axiom_for_loop_IFLoopExamples 
296307     INFO  main            d.u.i.k.p.r.p.TestFile    ... finished proof: open goal(s) 
296521     INFO  main            d.u.i.k.p.r.p.TestFile    Now processing file /home/runner/work/key/key/key.core/../key.ui/examples/InformationFlow/LoopInvariants/loop.IFLoopExamples(loop.IFLoopExamples__notSecure_while_wrongInv(int)).Non-interference contract.0.m.key 
296521     INFO  main            d.u.i.k.p.i.AbstractProblemLoader Loading environment from /home/runner/work/key/key/key.core/../key.ui/examples/InformationFlow/LoopInvariants/loop.IFLoopExamples(loop.IFLoopExamples__notSecure_while_wrongInv(int)).Non-interference contract.0.m.key 
296521     DEBUG main            d.u.i.k.p.i.AbstractProblemLoader Environment load took 74.2ns 
296522     INFO  main            d.u.i.k.p.i.AbstractProblemLoader Creating init config 
299306     DEBUG main            d.u.i.k.p.i.AbstractProblemLoader Init config took 2.78s 
299351     INFO  main            d.u.i.k.p.i.AbstractProblemLoader Replaying proof loop.IFLoopExamples[loop.IFLoopExamples::notSecure_while_wrongInv(int)].Non-interference contract.0 
299353     DEBUG main            d.u.i.k.p.i.IntermediateProofReplayer Proof replay took 15.8ns 
299354     DEBUG main            d.u.i.k.m.s.ProofScriptEngine 1: 'macro 'infflow-autopilot'' 
299383     DEBUG main            d.u.i.k.p.m.ProofCorrectnessMgt No justification found for rule Class_invariant_axiom_for_loop_IFLoopExamples 
301098     INFO  main            d.u.i.k.p.r.p.TestFile    ... finished proof: open goal(s) 
301334     INFO  main            d.u.i.k.p.r.p.TestFile    Now processing file /home/runner/work/key/key/key.core/../key.ui/examples/InformationFlow/LoopInvariants/loop.IFLoopExamples(loop.IFLoopExamples__insecure_twoWhile(int)).Non-interference contract.0.m.key 
301334     INFO  main            d.u.i.k.p.i.AbstractProblemLoader Loading environment from /home/runner/work/key/key/key.core/../key.ui/examples/InformationFlow/LoopInvariants/loop.IFLoopExamples(loop.IFLoopExamples__insecure_twoWhile(int)).Non-interference contract.0.m.key 
301334     DEBUG main            d.u.i.k.p.i.AbstractProblemLoader Environment load took 94.7ns 
301335     INFO  main            d.u.i.k.p.i.AbstractProblemLoader Creating init config 
304129     DEBUG main            d.u.i.k.p.i.AbstractProblemLoader Init config took 2.79s 
304168     INFO  main            d.u.i.k.p.i.AbstractProblemLoader Replaying proof loop.IFLoopExamples[loop.IFLoopExamples::insecure_twoWhile(int)].Non-interference contract.0 
304172     DEBUG main            d.u.i.k.p.i.IntermediateProofReplayer Proof replay took 15.9ns 
304172     DEBUG main            d.u.i.k.m.s.ProofScriptEngine 1: 'macro 'infflow-autopilot'' 
304205     DEBUG main            d.u.i.k.p.m.ProofCorrectnessMgt No justification found for rule Class_invariant_axiom_for_loop_IFLoopExamples 
305983     INFO  main            d.u.i.k.p.r.p.TestFile    ... finished proof: open goal(s) 
306176     INFO  main            d.u.i.k.p.r.p.TestFile    Now processing file /home/runner/work/key/key/key.core/../key.ui/examples/InformationFlow/LoopInvariants/loop.IFLoopExamples(loop.IFLoopExamples__insecure_twoWhile_2(int)).Non-interference contract.0.m.key 
306176     INFO  main            d.u.i.k.p.i.AbstractProblemLoader Loading environment from /home/runner/work/key/key/key.core/../key.ui/examples/InformationFlow/LoopInvariants/loop.IFLoopExamples(loop.IFLoopExamples__insecure_twoWhile_2(int)).Non-interference contract.0.m.key 
306176     DEBUG main            d.u.i.k.p.i.AbstractProblemLoader Environment load took 82.3ns 
306177     INFO  main            d.u.i.k.p.i.AbstractProblemLoader Creating init config 
308984     DEBUG main            d.u.i.k.p.i.AbstractProblemLoader Init config took 2.81s 
309018     INFO  main            d.u.i.k.p.i.AbstractProblemLoader Replaying proof loop.IFLoopExamples[loop.IFLoopExamples::insecure_twoWhile_2(int)].Non-interference contract.0 
309020     DEBUG main            d.u.i.k.p.i.IntermediateProofReplayer Proof replay took 13.8ns 
309021     DEBUG main            d.u.i.k.m.s.ProofScriptEngine 1: 'macro 'infflow-autopilot'' 
309049     DEBUG main            d.u.i.k.p.m.ProofCorrectnessMgt No justification found for rule Class_invariant_axiom_for_loop_IFLoopExamples 
311396     INFO  main            d.u.i.k.p.r.p.TestFile    ... finished proof: open goal(s) 
311635     INFO  main            d.u.i.k.p.r.p.TestFile    Now processing file /home/runner/work/key/key/key.core/../key.ui/examples/InformationFlow/LoopInvariants/loop.IFLoopExamples(loop.IFLoopExamples__secure_twoWhile(int)).Non-interference contract.0.m.key 
311636     INFO  main            d.u.i.k.p.i.AbstractProblemLoader Loading environment from /home/runner/work/key/key/key.core/../key.ui/examples/InformationFlow/LoopInvariants/loop.IFLoopExamples(loop.IFLoopExamples__secure_twoWhile(int)).Non-interference contract.0.m.key 
311636     DEBUG main            d.u.i.k.p.i.AbstractProblemLoader Environment load took 125.9ns 
311638     INFO  main            d.u.i.k.p.i.AbstractProblemLoader Creating init config 
314414     DEBUG main            d.u.i.k.p.i.AbstractProblemLoader Init config took 2.78s 
314449     INFO  main            d.u.i.k.p.i.AbstractProblemLoader Replaying proof loop.IFLoopExamples[loop.IFLoopExamples::secure_twoWhile(int)].Non-interference contract.0 
314451     DEBUG main            d.u.i.k.p.i.IntermediateProofReplayer Proof replay took 13.8ns 
314452     DEBUG main            d.u.i.k.m.s.ProofScriptEngine 1: 'macro 'infflow-autopilot'' 
314480     DEBUG main            d.u.i.k.p.m.ProofCorrectnessMgt No justification found for rule Class_invariant_axiom_for_loop_IFLoopExamples 
315978     INFO  main            d.u.i.k.p.r.p.TestFile    ... finished proof: closed. 
316257     INFO  main            d.u.i.k.p.r.p.TestFile    Now processing file /home/runner/work/key/key/key.core/../key.ui/examples/InformationFlow/LoopInvariants/loop.IFLoopExamples(loop.IFLoopExamples__loc_secure_while(int)).Non-interference contract.0.m.key 
316257     INFO  main            d.u.i.k.p.i.AbstractProblemLoader Loading environment from /home/runner/work/key/key/key.core/../key.ui/examples/InformationFlow/LoopInvariants/loop.IFLoopExamples(loop.IFLoopExamples__loc_secure_while(int)).Non-interference contract.0.m.key 
316257     DEBUG main            d.u.i.k.p.i.AbstractProblemLoader Environment load took 71.6ns 
316258     INFO  main            d.u.i.k.p.i.AbstractProblemLoader Creating init config 
318994     DEBUG main            d.u.i.k.p.i.AbstractProblemLoader Init config took 2.74s 
319039     INFO  main            d.u.i.k.p.i.AbstractProblemLoader Replaying proof loop.IFLoopExamples[loop.IFLoopExamples::loc_secure_while(int)].Non-interference contract.0 
319041     DEBUG main            d.u.i.k.p.i.IntermediateProofReplayer Proof replay took 14ns 
319041     DEBUG main            d.u.i.k.m.s.ProofScriptEngine 1: 'macro 'infflow-autopilot'' 
319069     DEBUG main            d.u.i.k.p.m.ProofCorrectnessMgt No justification found for rule Class_invariant_axiom_for_loop_IFLoopExamples 
320024     INFO  main            d.u.i.k.p.r.p.TestFile    ... finished proof: closed. 
320233     INFO  main            d.u.i.k.p.r.p.TestFile    Now processing file /home/runner/work/key/key/key.core/../key.ui/examples/InformationFlow/LoopInvariants/loop.IFLoopExamples(loop.IFLoopExamples__secure_while(int)).Non-interference contract.0.m.key 
320233     INFO  main            d.u.i.k.p.i.AbstractProblemLoader Loading environment from /home/runner/work/key/key/key.core/../key.ui/examples/InformationFlow/LoopInvariants/loop.IFLoopExamples(loop.IFLoopExamples__secure_while(int)).Non-interference contract.0.m.key 
320233     DEBUG main            d.u.i.k.p.i.AbstractProblemLoader Environment load took 70.6ns 
320234     INFO  main            d.u.i.k.p.i.AbstractProblemLoader Creating init config 
322991     DEBUG main            d.u.i.k.p.i.AbstractProblemLoader Init config took 2.76s 
323034     INFO  main            d.u.i.k.p.i.AbstractProblemLoader Replaying proof loop.IFLoopExamples[loop.IFLoopExamples::secure_while(int)].Non-interference contract.0 
323036     DEBUG main            d.u.i.k.p.i.IntermediateProofReplayer Proof replay took 15.4ns 
323037     DEBUG main            d.u.i.k.m.s.ProofScriptEngine 1: 'macro 'infflow-autopilot'' 
323065     DEBUG main            d.u.i.k.p.m.ProofCorrectnessMgt No justification found for rule Class_invariant_axiom_for_loop_IFLoopExamples 
323814     INFO  main            d.u.i.k.p.r.p.TestFile    ... finished proof: closed. 
324005     INFO  main            d.u.i.k.p.r.p.TestFile    Now processing file /home/runner/work/key/key/key.core/../key.ui/examples/InformationFlow/LoopInvariants/loop.IFLoopExamples(loop.IFLoopExamples__print(int)).Non-interference contract.0.m.key 
324005     INFO  main            d.u.i.k.p.i.AbstractProblemLoader Loading environment from /home/runner/work/key/key/key.core/../key.ui/examples/InformationFlow/LoopInvariants/loop.IFLoopExamples(loop.IFLoopExamples__print(int)).Non-interference contract.0.m.key 
324005     DEBUG main            d.u.i.k.p.i.AbstractProblemLoader Environment load took 67.2ns 
324006     INFO  main            d.u.i.k.p.i.AbstractProblemLoader Creating init config 
326778     DEBUG main            d.u.i.k.p.i.AbstractProblemLoader Init config took 2.77s 
326811     INFO  main            d.u.i.k.p.i.AbstractProblemLoader Replaying proof loop.IFLoopExamples[loop.IFLoopExamples::print(int)].Non-interference contract.0 
326813     DEBUG main            d.u.i.k.p.i.IntermediateProofReplayer Proof replay took 16.5ns 
326814     DEBUG main            d.u.i.k.m.s.ProofScriptEngine 1: 'macro 'infflow-autopilot'' 
326905     INFO  main            d.u.i.k.p.r.p.TestFile    ... finished proof: closed. 
327083     INFO  main            d.u.i.k.p.r.p.TestFile    Now processing file /home/runner/work/key/key/key.core/../key.ui/examples/InformationFlow/LoopInvariants/loop.IFLoopExamples(loop.IFLoopExamples__hammer(int)).Non-interference contract.0.m.key 
327084     INFO  main            d.u.i.k.p.i.AbstractProblemLoader Loading environment from /home/runner/work/key/key/key.core/../key.ui/examples/InformationFlow/LoopInvariants/loop.IFLoopExamples(loop.IFLoopExamples__hammer(int)).Non-interference contract.0.m.key 
327084     DEBUG main            d.u.i.k.p.i.AbstractProblemLoader Environment load took 111ns 
327085     INFO  main            d.u.i.k.p.i.AbstractProblemLoader Creating init config 
329869     DEBUG main            d.u.i.k.p.i.AbstractProblemLoader Init config took 2.78s 
329914     INFO  main            d.u.i.k.p.i.AbstractProblemLoader Replaying proof loop.IFLoopExamples[loop.IFLoopExamples::hammer(int)].Non-interference contract.0 
329916     DEBUG main            d.u.i.k.p.i.IntermediateProofReplayer Proof replay took 17.3ns 
329917     DEBUG main            d.u.i.k.m.s.ProofScriptEngine 1: 'macro 'infflow-autopilot'' 
329945     DEBUG main            d.u.i.k.p.m.ProofCorrectnessMgt No justification found for rule Class_invariant_axiom_for_loop_IFLoopExamples 
331254     INFO  main            d.u.i.k.p.r.p.TestFile    ... finished proof: closed. 
2300035    INFO  Test worker     d.u.i.k.p.r.RunAllProofsTestUnit Returning from test InformationFlow_fullmacro 
2300036    INFO  Test worker     d.u.i.k.p.r.RunAllProofsTestUnit Running test MiniExamples_fullmacro 
319        INFO  Timeout watchdog d.u.i.k.p.r.p.ForkedTestFileRunner Timeout watcher launched (1000 secs.) 
337        WARN  main            d.u.i.k.s.ProofSettings   The settings in /home/runner/.key/proof-settings.props are *not* read. 
359        INFO  main            d.u.i.k.p.r.p.TestFile    Now processing file /home/runner/work/key/key/key.core/../key.ui/examples/InformationFlow/MiniExamples/mini.AliasingExamples(mini.AliasingExamples__insecure_1(mini.AliasingExamples,mini.AliasingExamples,int)).Non-interference contract.0.m.key 
468        INFO  main            d.u.i.k.p.i.AbstractProblemLoader Loading environment from /home/runner/work/key/key/key.core/../key.ui/examples/InformationFlow/MiniExamples/mini.AliasingExamples(mini.AliasingExamples__insecure_1(mini.AliasingExamples,mini.AliasingExamples,int)).Non-interference contract.0.m.key 
495        DEBUG main            d.u.i.k.p.i.AbstractProblemLoader Environment load took 1.89ms 
746        INFO  main            d.u.i.k.p.i.AbstractProblemLoader Creating init config 
1661       DEBUG main            d.u.i.k.j.TypeConverter   No LDT found for Meta 
1661       DEBUG main            d.u.i.k.j.TypeConverter   No LDT found for Meta 
1664       DEBUG main            d.u.i.k.j.TypeConverter   No LDT found for Meta 
1665       DEBUG main            d.u.i.k.j.TypeConverter   No LDT found for Meta 
2967       DEBUG main            d.u.i.k.j.TypeConverter   No LDT found for JavaBigintExpression 
7923       DEBUG main            d.u.i.k.p.i.AbstractProblemLoader Init config took 7.18s 
8082       INFO  main            d.u.i.k.p.i.AbstractProblemLoader Replaying proof mini.AliasingExamples[mini.AliasingExamples::insecure_1(mini.AliasingExamples,mini.AliasingExamples,int)].Non-interference contract.0 
8117       DEBUG main            d.u.i.k.p.i.IntermediateProofReplayer Proof replay took 360.2ns 
8217       DEBUG main            d.u.i.k.m.s.ProofScriptEngine 1: 'macro 'infflow-autopilot'' 
8621       DEBUG main            d.u.i.k.p.m.ProofCorrectnessMgt No justification found for rule Class_invariant_axiom_for_mini_AliasingExamples 
9453       INFO  main            d.u.i.k.p.r.p.TestFile    ... finished proof: open goal(s) 
9598       INFO  main            d.u.i.k.p.r.p.TestFile    Now processing file /home/runner/work/key/key/key.core/../key.ui/examples/InformationFlow/MiniExamples/mini.AliasingExamples(mini.AliasingExamples__secure_1(mini.AliasingExamples,mini.AliasingExamples,int)).Non-interference contract.0.m.key 
9598       INFO  main            d.u.i.k.p.i.AbstractProblemLoader Loading environment from /home/runner/work/key/key/key.core/../key.ui/examples/InformationFlow/MiniExamples/mini.AliasingExamples(mini.AliasingExamples__secure_1(mini.AliasingExamples,mini.AliasingExamples,int)).Non-interference contract.0.m.key 
9599       DEBUG main            d.u.i.k.p.i.AbstractProblemLoader Environment load took 348.2ns 
9602       INFO  main            d.u.i.k.p.i.AbstractProblemLoader Creating init config 
12546      DEBUG main            d.u.i.k.p.i.AbstractProblemLoader Init config took 2.94s 
12604      INFO  main            d.u.i.k.p.i.AbstractProblemLoader Replaying proof mini.AliasingExamples[mini.AliasingExamples::secure_1(mini.AliasingExamples,mini.AliasingExamples,int)].Non-interference contract.0 
12607      DEBUG main            d.u.i.k.p.i.IntermediateProofReplayer Proof replay took 35.6ns 
12608      DEBUG main            d.u.i.k.m.s.ProofScriptEngine 1: 'macro 'infflow-autopilot'' 
12684      DEBUG main            d.u.i.k.p.m.ProofCorrectnessMgt No justification found for rule Class_invariant_axiom_for_mini_AliasingExamples 
12930      INFO  main            d.u.i.k.p.r.p.TestFile    ... finished proof: closed. 
13077      INFO  main            d.u.i.k.p.r.p.TestFile    Now processing file /home/runner/work/key/key/key.core/../key.ui/examples/InformationFlow/MiniExamples/mini.MiniExamplesLecture(mini.MiniExamplesLecture__m_6()).Non-interference contract.0.m.key 
13077      INFO  main            d.u.i.k.p.i.AbstractProblemLoader Loading environment from /home/runner/work/key/key/key.core/../key.ui/examples/InformationFlow/MiniExamples/mini.MiniExamplesLecture(mini.MiniExamplesLecture__m_6()).Non-interference contract.0.m.key 
13077      DEBUG main            d.u.i.k.p.i.AbstractProblemLoader Environment load took 86.1ns 
13079      INFO  main            d.u.i.k.p.i.AbstractProblemLoader Creating init config 
15814      DEBUG main            d.u.i.k.p.i.AbstractProblemLoader Init config took 2.74s 
15867      INFO  main            d.u.i.k.p.i.AbstractProblemLoader Replaying proof mini.MiniExamplesLecture[mini.MiniExamplesLecture::m_6()].Non-interference contract.0 
15870      DEBUG main            d.u.i.k.p.i.IntermediateProofReplayer Proof replay took 12.6ns 
15871      DEBUG main            d.u.i.k.m.s.ProofScriptEngine 1: 'macro 'infflow-autopilot'' 
15916      DEBUG main            d.u.i.k.p.m.ProofCorrectnessMgt No justification found for rule Class_invariant_axiom_for_mini_MiniExamplesLecture 
16004      INFO  main            d.u.i.k.p.r.p.TestFile    ... finished proof: closed. 
16134      INFO  main            d.u.i.k.p.r.p.TestFile    Now processing file /home/runner/work/key/key/key.core/../key.ui/examples/InformationFlow/MiniExamples/mini.MiniExamplesLecture(mini.MiniExamplesLecture__m_5()).Non-interference contract.0.m.key 
16134      INFO  main            d.u.i.k.p.i.AbstractProblemLoader Loading environment from /home/runner/work/key/key/key.core/../key.ui/examples/InformationFlow/MiniExamples/mini.MiniExamplesLecture(mini.MiniExamplesLecture__m_5()).Non-interference contract.0.m.key 
16134      DEBUG main            d.u.i.k.p.i.AbstractProblemLoader Environment load took 80.1ns 
16136      INFO  main            d.u.i.k.p.i.AbstractProblemLoader Creating init config 
18816      DEBUG main            d.u.i.k.p.i.AbstractProblemLoader Init config took 2.68s 
18864      INFO  main            d.u.i.k.p.i.AbstractProblemLoader Replaying proof mini.MiniExamplesLecture[mini.MiniExamplesLecture::m_5()].Non-interference contract.0 
18867      DEBUG main            d.u.i.k.p.i.IntermediateProofReplayer Proof replay took 14.7ns 
18868      DEBUG main            d.u.i.k.m.s.ProofScriptEngine 1: 'macro 'infflow-autopilot'' 
18911      DEBUG main            d.u.i.k.p.m.ProofCorrectnessMgt No justification found for rule Class_invariant_axiom_for_mini_MiniExamplesLecture 
19098      INFO  main            d.u.i.k.p.r.p.TestFile    ... finished proof: closed. 
19228      INFO  main            d.u.i.k.p.r.p.TestFile    Now processing file /home/runner/work/key/key/key.core/../key.ui/examples/InformationFlow/MiniExamples/mini.MiniExamplesLecture(mini.MiniExamplesLecture__m_4()).Non-interference contract.0.m.key 
19228      INFO  main            d.u.i.k.p.i.AbstractProblemLoader Loading environment from /home/runner/work/key/key/key.core/../key.ui/examples/InformationFlow/MiniExamples/mini.MiniExamplesLecture(mini.MiniExamplesLecture__m_4()).Non-interference contract.0.m.key 
19228      DEBUG main            d.u.i.k.p.i.AbstractProblemLoader Environment load took 74.7ns 
19229      INFO  main            d.u.i.k.p.i.AbstractProblemLoader Creating init config 
21920      DEBUG main            d.u.i.k.p.i.AbstractProblemLoader Init config took 2.69s 
21973      INFO  main            d.u.i.k.p.i.AbstractProblemLoader Replaying proof mini.MiniExamplesLecture[mini.MiniExamplesLecture::m_4()].Non-interference contract.0 
21976      DEBUG main            d.u.i.k.p.i.IntermediateProofReplayer Proof replay took 15.7ns 
21976      DEBUG main            d.u.i.k.m.s.ProofScriptEngine 1: 'macro 'infflow-autopilot'' 
22033      DEBUG main            d.u.i.k.p.m.ProofCorrectnessMgt No justification found for rule Class_invariant_axiom_for_mini_MiniExamplesLecture 
22164      INFO  main            d.u.i.k.p.r.p.TestFile    ... finished proof: closed. 
22300      INFO  main            d.u.i.k.p.r.p.TestFile    Now processing file /home/runner/work/key/key/key.core/../key.ui/examples/InformationFlow/MiniExamples/mini.MiniExamplesLecture(mini.MiniExamplesLecture__m_3()).Non-interference contract.0.m.key 
22300      INFO  main            d.u.i.k.p.i.AbstractProblemLoader Loading environment from /home/runner/work/key/key/key.core/../key.ui/examples/InformationFlow/MiniExamples/mini.MiniExamplesLecture(mini.MiniExamplesLecture__m_3()).Non-interference contract.0.m.key 
22300      DEBUG main            d.u.i.k.p.i.AbstractProblemLoader Environment load took 67.9ns 
22301      INFO  main            d.u.i.k.p.i.AbstractProblemLoader Creating init config 
25002      DEBUG main            d.u.i.k.p.i.AbstractProblemLoader Init config took 2.7s 
25051      INFO  main            d.u.i.k.p.i.AbstractProblemLoader Replaying proof mini.MiniExamplesLecture[mini.MiniExamplesLecture::m_3()].Non-interference contract.0 
25056      DEBUG main            d.u.i.k.p.i.IntermediateProofReplayer Proof replay took 14ns 
25057      DEBUG main            d.u.i.k.m.s.ProofScriptEngine 1: 'macro 'infflow-autopilot'' 
25103      DEBUG main            d.u.i.k.p.m.ProofCorrectnessMgt No justification found for rule Class_invariant_axiom_for_mini_MiniExamplesLecture 
25492      INFO  main            d.u.i.k.p.r.p.TestFile    ... finished proof: open goal(s) 
25629      INFO  main            d.u.i.k.p.r.p.TestFile    Now processing file /home/runner/work/key/key/key.core/../key.ui/examples/InformationFlow/MiniExamples/mini.MiniExamplesLecture(mini.MiniExamplesLecture__m_2()).Non-interference contract.0.m.key 
25629      INFO  main            d.u.i.k.p.i.AbstractProblemLoader Loading environment from /home/runner/work/key/key/key.core/../key.ui/examples/InformationFlow/MiniExamples/mini.MiniExamplesLecture(mini.MiniExamplesLecture__m_2()).Non-interference contract.0.m.key 
25630      DEBUG main            d.u.i.k.p.i.AbstractProblemLoader Environment load took 72.5ns 
25631      INFO  main            d.u.i.k.p.i.AbstractProblemLoader Creating init config 
28280      DEBUG main            d.u.i.k.p.i.AbstractProblemLoader Init config took 2.65s 
28334      INFO  main            d.u.i.k.p.i.AbstractProblemLoader Replaying proof mini.MiniExamplesLecture[mini.MiniExamplesLecture::m_2()].Non-interference contract.0 
28337      DEBUG main            d.u.i.k.p.i.IntermediateProofReplayer Proof replay took 16ns 
28338      DEBUG main            d.u.i.k.m.s.ProofScriptEngine 1: 'macro 'infflow-autopilot'' 
28376      DEBUG main            d.u.i.k.p.m.ProofCorrectnessMgt No justification found for rule Class_invariant_axiom_for_mini_MiniExamplesLecture 
28585      INFO  main            d.u.i.k.p.r.p.TestFile    ... finished proof: closed. 
28754      INFO  main            d.u.i.k.p.r.p.TestFile    Now processing file /home/runner/work/key/key/key.core/../key.ui/examples/InformationFlow/MiniExamples/mini.MiniExamplesLecture(mini.MiniExamplesLecture__m_1()).Non-interference contract.0.m.key 
28754      INFO  main            d.u.i.k.p.i.AbstractProblemLoader Loading environment from /home/runner/work/key/key/key.core/../key.ui/examples/InformationFlow/MiniExamples/mini.MiniExamplesLecture(mini.MiniExamplesLecture__m_1()).Non-interference contract.0.m.key 
28754      DEBUG main            d.u.i.k.p.i.AbstractProblemLoader Environment load took 76.4ns 
28755      INFO  main            d.u.i.k.p.i.AbstractProblemLoader Creating init config 
31374      DEBUG main            d.u.i.k.p.i.AbstractProblemLoader Init config took 2.62s 
31416      INFO  main            d.u.i.k.p.i.AbstractProblemLoader Replaying proof mini.MiniExamplesLecture[mini.MiniExamplesLecture::m_1()].Non-interference contract.0 
31430      DEBUG main            d.u.i.k.p.i.IntermediateProofReplayer Proof replay took 16ns 
31433      DEBUG main            d.u.i.k.m.s.ProofScriptEngine 1: 'macro 'infflow-autopilot'' 
31488      DEBUG main            d.u.i.k.p.m.ProofCorrectnessMgt No justification found for rule Class_invariant_axiom_for_mini_MiniExamplesLecture 
31629      INFO  main            d.u.i.k.p.r.p.TestFile    ... finished proof: open goal(s) 
31774      INFO  main            d.u.i.k.p.r.p.TestFile    Now processing file /home/runner/work/key/key/key.core/../key.ui/examples/InformationFlow/MiniExamples/mini.DifferenceSeqLocset(mini.DifferenceSeqLocset__m()).Non-interference contract.1.m.key 
31774      INFO  main            d.u.i.k.p.i.AbstractProblemLoader Loading environment from /home/runner/work/key/key/key.core/../key.ui/examples/InformationFlow/MiniExamples/mini.DifferenceSeqLocset(mini.DifferenceSeqLocset__m()).Non-interference contract.1.m.key 
31774      DEBUG main            d.u.i.k.p.i.AbstractProblemLoader Environment load took 71.6ns 
31775      INFO  main            d.u.i.k.p.i.AbstractProblemLoader Creating init config 
34385      DEBUG main            d.u.i.k.p.i.AbstractProblemLoader Init config took 2.61s 
34427      INFO  main            d.u.i.k.p.i.AbstractProblemLoader Replaying proof mini.DifferenceSeqLocset[mini.DifferenceSeqLocset::m()].Non-interference contract.1 
34429      DEBUG main            d.u.i.k.p.i.IntermediateProofReplayer Proof replay took 14.9ns 
34430      DEBUG main            d.u.i.k.m.s.ProofScriptEngine 1: 'macro 'infflow-autopilot'' 
34465      DEBUG main            d.u.i.k.p.m.ProofCorrectnessMgt No justification found for rule Class_invariant_axiom_for_mini_DifferenceSeqLocset 
35135      INFO  main            d.u.i.k.p.r.p.TestFile    ... finished proof: open goal(s) 
35294      INFO  main            d.u.i.k.p.r.p.TestFile    Now processing file /home/runner/work/key/key/key.core/../key.ui/examples/InformationFlow/MiniExamples/mini.DifferenceSeqLocset(mini.DifferenceSeqLocset__m()).Non-interference contract.0.m.key 
35295      INFO  main            d.u.i.k.p.i.AbstractProblemLoader Loading environment from /home/runner/work/key/key/key.core/../key.ui/examples/InformationFlow/MiniExamples/mini.DifferenceSeqLocset(mini.DifferenceSeqLocset__m()).Non-interference contract.0.m.key 
35295      DEBUG main            d.u.i.k.p.i.AbstractProblemLoader Environment load took 114.8ns 
35296      INFO  main            d.u.i.k.p.i.AbstractProblemLoader Creating init config 
37890      DEBUG main            d.u.i.k.p.i.AbstractProblemLoader Init config took 2.59s 
37932      INFO  main            d.u.i.k.p.i.AbstractProblemLoader Replaying proof mini.DifferenceSeqLocset[mini.DifferenceSeqLocset::m()].Non-interference contract.0 
37934      DEBUG main            d.u.i.k.p.i.IntermediateProofReplayer Proof replay took 16.7ns 
37934      DEBUG main            d.u.i.k.m.s.ProofScriptEngine 1: 'macro 'infflow-autopilot'' 
37974      DEBUG main            d.u.i.k.p.m.ProofCorrectnessMgt No justification found for rule Class_invariant_axiom_for_mini_DifferenceSeqLocset 
40007      INFO  main            d.u.i.k.p.r.p.TestFile    ... finished proof: open goal(s) 
40185      INFO  main            d.u.i.k.p.r.p.TestFile    Now processing file /home/runner/work/key/key/key.core/../key.ui/examples/InformationFlow/MiniExamples/mini.MiniExamples(mini.MiniExamples__secure_p2_8()).Non-interference contract.0.m.key 
40186      INFO  main            d.u.i.k.p.i.AbstractProblemLoader Loading environment from /home/runner/work/key/key/key.core/../key.ui/examples/InformationFlow/MiniExamples/mini.MiniExamples(mini.MiniExamples__secure_p2_8()).Non-interference contract.0.m.key 
40186      DEBUG main            d.u.i.k.p.i.AbstractProblemLoader Environment load took 76ns 
40187      INFO  main            d.u.i.k.p.i.AbstractProblemLoader Creating init config 
42816      DEBUG main            d.u.i.k.p.i.AbstractProblemLoader Init config took 2.63s 
42859      INFO  main            d.u.i.k.p.i.AbstractProblemLoader Replaying proof mini.MiniExamples[mini.MiniExamples::secure_p2_8()].Non-interference contract.0 
42861      DEBUG main            d.u.i.k.p.i.IntermediateProofReplayer Proof replay took 16.8ns 
42862      DEBUG main            d.u.i.k.m.s.ProofScriptEngine 1: 'macro 'infflow-autopilot'' 
42908      DEBUG main            d.u.i.k.p.m.ProofCorrectnessMgt No justification found for rule Class_invariant_axiom_for_mini_MiniExamples 
43137      INFO  main            d.u.i.k.p.r.p.TestFile    ... finished proof: closed. 
43330      INFO  main            d.u.i.k.p.r.p.TestFile    Now processing file /home/runner/work/key/key/key.core/../key.ui/examples/InformationFlow/MiniExamples/mini.MiniExamples(mini.MiniExamples__secure_parameter(int)).Non-interference contract.0.m.key 
43330      INFO  main            d.u.i.k.p.i.AbstractProblemLoader Loading environment from /home/runner/work/key/key/key.core/../key.ui/examples/InformationFlow/MiniExamples/mini.MiniExamples(mini.MiniExamples__secure_parameter(int)).Non-interference contract.0.m.key 
43330      DEBUG main            d.u.i.k.p.i.AbstractProblemLoader Environment load took 77ns 
43331      INFO  main            d.u.i.k.p.i.AbstractProblemLoader Creating init config 
45897      DEBUG main            d.u.i.k.p.i.AbstractProblemLoader Init config took 2.57s 
45936      INFO  main            d.u.i.k.p.i.AbstractProblemLoader Replaying proof mini.MiniExamples[mini.MiniExamples::secure_parameter(int)].Non-interference contract.0 
45938      DEBUG main            d.u.i.k.p.i.IntermediateProofReplayer Proof replay took 18.6ns 
45938      DEBUG main            d.u.i.k.m.s.ProofScriptEngine 1: 'macro 'infflow-autopilot'' 
45993      DEBUG main            d.u.i.k.p.m.ProofCorrectnessMgt No justification found for rule Class_invariant_axiom_for_mini_MiniExamples 
46099      INFO  main            d.u.i.k.p.r.p.TestFile    ... finished proof: closed. 
46262      INFO  main            d.u.i.k.p.r.p.TestFile    Now processing file /home/runner/work/key/key/key.core/../key.ui/examples/InformationFlow/MiniExamples/mini.MiniExamples(mini.MiniExamples__secure_p2_7()).Non-interference contract.0.m.key 
46262      INFO  main            d.u.i.k.p.i.AbstractProblemLoader Loading environment from /home/runner/work/key/key/key.core/../key.ui/examples/InformationFlow/MiniExamples/mini.MiniExamples(mini.MiniExamples__secure_p2_7()).Non-interference contract.0.m.key 
46262      DEBUG main            d.u.i.k.p.i.AbstractProblemLoader Environment load took 71.8ns 
46263      INFO  main            d.u.i.k.p.i.AbstractProblemLoader Creating init config 
48858      DEBUG main            d.u.i.k.p.i.AbstractProblemLoader Init config took 2.59s 
48896      INFO  main            d.u.i.k.p.i.AbstractProblemLoader Replaying proof mini.MiniExamples[mini.MiniExamples::secure_p2_7()].Non-interference contract.0 
48898      DEBUG main            d.u.i.k.p.i.IntermediateProofReplayer Proof replay took 20.5ns 
48899      DEBUG main            d.u.i.k.m.s.ProofScriptEngine 1: 'macro 'infflow-autopilot'' 
48930      DEBUG main            d.u.i.k.p.m.ProofCorrectnessMgt No justification found for rule Class_invariant_axiom_for_mini_MiniExamples 
49152      INFO  main            d.u.i.k.p.r.p.TestFile    ... finished proof: closed. 
49332      INFO  main            d.u.i.k.p.r.p.TestFile    Now processing file /home/runner/work/key/key/key.core/../key.ui/examples/InformationFlow/MiniExamples/mini.MiniExamples(mini.MiniExamples__insecure_p2_2()).Non-interference contract.0.m.key 
49332      INFO  main            d.u.i.k.p.i.AbstractProblemLoader Loading environment from /home/runner/work/key/key/key.core/../key.ui/examples/InformationFlow/MiniExamples/mini.MiniExamples(mini.MiniExamples__insecure_p2_2()).Non-interference contract.0.m.key 
49332      DEBUG main            d.u.i.k.p.i.AbstractProblemLoader Environment load took 119ns 
49333      INFO  main            d.u.i.k.p.i.AbstractProblemLoader Creating init config 
51950      DEBUG main            d.u.i.k.p.i.AbstractProblemLoader Init config took 2.62s 
51990      INFO  main            d.u.i.k.p.i.AbstractProblemLoader Replaying proof mini.MiniExamples[mini.MiniExamples::insecure_p2_2()].Non-interference contract.0 
51992      DEBUG main            d.u.i.k.p.i.IntermediateProofReplayer Proof replay took 23.9ns 
51993      DEBUG main            d.u.i.k.m.s.ProofScriptEngine 1: 'macro 'infflow-autopilot'' 
52023      DEBUG main            d.u.i.k.p.m.ProofCorrectnessMgt No justification found for rule Class_invariant_axiom_for_mini_MiniExamples 
52237      INFO  main            d.u.i.k.p.r.p.TestFile    ... finished proof: open goal(s) 
52416      INFO  main            d.u.i.k.p.r.p.TestFile    Now processing file /home/runner/work/key/key/key.core/../key.ui/examples/InformationFlow/MiniExamples/mini.MiniExamples(mini.MiniExamples__secure_p2_6()).Non-interference contract.0.m.key 
52416      INFO  main            d.u.i.k.p.i.AbstractProblemLoader Loading environment from /home/runner/work/key/key/key.core/../key.ui/examples/InformationFlow/MiniExamples/mini.MiniExamples(mini.MiniExamples__secure_p2_6()).Non-interference contract.0.m.key 
52416      DEBUG main            d.u.i.k.p.i.AbstractProblemLoader Environment load took 106.2ns 
52417      INFO  main            d.u.i.k.p.i.AbstractProblemLoader Creating init config 
54982      DEBUG main            d.u.i.k.p.i.AbstractProblemLoader Init config took 2.56s 
55017      INFO  main            d.u.i.k.p.i.AbstractProblemLoader Replaying proof mini.MiniExamples[mini.MiniExamples::secure_p2_6()].Non-interference contract.0 
55020      DEBUG main            d.u.i.k.p.i.IntermediateProofReplayer Proof replay took 16.7ns 
55020      DEBUG main            d.u.i.k.m.s.ProofScriptEngine 1: 'macro 'infflow-autopilot'' 
55049      DEBUG main            d.u.i.k.p.m.ProofCorrectnessMgt No justification found for rule Class_invariant_axiom_for_mini_MiniExamples 
55104      INFO  main            d.u.i.k.p.r.p.TestFile    ... finished proof: closed. 
55287      INFO  main            d.u.i.k.p.r.p.TestFile    Now processing file /home/runner/work/key/key/key.core/../key.ui/examples/InformationFlow/MiniExamples/mini.MiniExamples(mini.MiniExamples__secure_p2_5()).Non-interference contract.0.m.key 
55288      INFO  main            d.u.i.k.p.i.AbstractProblemLoader Loading environment from /home/runner/work/key/key/key.core/../key.ui/examples/InformationFlow/MiniExamples/mini.MiniExamples(mini.MiniExamples__secure_p2_5()).Non-interference contract.0.m.key 
55288      DEBUG main            d.u.i.k.p.i.AbstractProblemLoader Environment load took 84.9ns 
55289      INFO  main            d.u.i.k.p.i.AbstractProblemLoader Creating init config 
57868      DEBUG main            d.u.i.k.p.i.AbstractProblemLoader Init config took 2.58s 
57904      INFO  main            d.u.i.k.p.i.AbstractProblemLoader Replaying proof mini.MiniExamples[mini.MiniExamples::secure_p2_5()].Non-interference contract.0 
57906      DEBUG main            d.u.i.k.p.i.IntermediateProofReplayer Proof replay took 17.6ns 
57907      DEBUG main            d.u.i.k.m.s.ProofScriptEngine 1: 'macro 'infflow-autopilot'' 
57936      DEBUG main            d.u.i.k.p.m.ProofCorrectnessMgt No justification found for rule Class_invariant_axiom_for_mini_MiniExamples 
58038      INFO  main            d.u.i.k.p.r.p.TestFile    ... finished proof: closed. 
58221      INFO  main            d.u.i.k.p.r.p.TestFile    Now processing file /home/runner/work/key/key/key.core/../key.ui/examples/InformationFlow/MiniExamples/mini.MiniExamples(mini.MiniExamples__secure_p2_4()).Non-interference contract.0.m.key 
58222      INFO  main            d.u.i.k.p.i.AbstractProblemLoader Loading environment from /home/runner/work/key/key/key.core/../key.ui/examples/InformationFlow/MiniExamples/mini.MiniExamples(mini.MiniExamples__secure_p2_4()).Non-interference contract.0.m.key 
58222      DEBUG main            d.u.i.k.p.i.AbstractProblemLoader Environment load took 66.3ns 
58223      INFO  main            d.u.i.k.p.i.AbstractProblemLoader Creating init config 
60754      DEBUG main            d.u.i.k.p.i.AbstractProblemLoader Init config took 2.53s 
60789      INFO  main            d.u.i.k.p.i.AbstractProblemLoader Replaying proof mini.MiniExamples[mini.MiniExamples::secure_p2_4()].Non-interference contract.0 
60791      DEBUG main            d.u.i.k.p.i.IntermediateProofReplayer Proof replay took 15ns 
60792      DEBUG main            d.u.i.k.m.s.ProofScriptEngine 1: 'macro 'infflow-autopilot'' 
60820      DEBUG main            d.u.i.k.p.m.ProofCorrectnessMgt No justification found for rule Class_invariant_axiom_for_mini_MiniExamples 
60937      INFO  main            d.u.i.k.p.r.p.TestFile    ... finished proof: closed. 
61125      INFO  main            d.u.i.k.p.r.p.TestFile    Now processing file /home/runner/work/key/key/key.core/../key.ui/examples/InformationFlow/MiniExamples/mini.MiniExamples(mini.MiniExamples__secure_p2_3()).Non-interference contract.0.m.key 
61126      INFO  main            d.u.i.k.p.i.AbstractProblemLoader Loading environment from /home/runner/work/key/key/key.core/../key.ui/examples/InformationFlow/MiniExamples/mini.MiniExamples(mini.MiniExamples__secure_p2_3()).Non-interference contract.0.m.key 
61126      DEBUG main            d.u.i.k.p.i.AbstractProblemLoader Environment load took 101.8ns 
61127      INFO  main            d.u.i.k.p.i.AbstractProblemLoader Creating init config 
63680      DEBUG main            d.u.i.k.p.i.AbstractProblemLoader Init config took 2.55s 
63717      INFO  main            d.u.i.k.p.i.AbstractProblemLoader Replaying proof mini.MiniExamples[mini.MiniExamples::secure_p2_3()].Non-interference contract.0 
63719      DEBUG main            d.u.i.k.p.i.IntermediateProofReplayer Proof replay took 13.7ns 
63720      DEBUG main            d.u.i.k.m.s.ProofScriptEngine 1: 'macro 'infflow-autopilot'' 
63758      DEBUG main            d.u.i.k.p.m.ProofCorrectnessMgt No justification found for rule Class_invariant_axiom_for_mini_MiniExamples 
63854      INFO  main            d.u.i.k.p.r.p.TestFile    ... finished proof: closed. 
64042      INFO  main            d.u.i.k.p.r.p.TestFile    Now processing file /home/runner/work/key/key/key.core/../key.ui/examples/InformationFlow/MiniExamples/mini.MiniExamples(mini.MiniExamples__secure_p2_2()).Non-interference contract.0.m.key 
64042      INFO  main            d.u.i.k.p.i.AbstractProblemLoader Loading environment from /home/runner/work/key/key/key.core/../key.ui/examples/InformationFlow/MiniExamples/mini.MiniExamples(mini.MiniExamples__secure_p2_2()).Non-interference contract.0.m.key 
64043      DEBUG main            d.u.i.k.p.i.AbstractProblemLoader Environment load took 68.5ns 
64043      INFO  main            d.u.i.k.p.i.AbstractProblemLoader Creating init config 
66626      DEBUG main            d.u.i.k.p.i.AbstractProblemLoader Init config took 2.58s 
66661      INFO  main            d.u.i.k.p.i.AbstractProblemLoader Replaying proof mini.MiniExamples[mini.MiniExamples::secure_p2_2()].Non-interference contract.0 
66663      DEBUG main            d.u.i.k.p.i.IntermediateProofReplayer Proof replay took 15.6ns 
66664      DEBUG main            d.u.i.k.m.s.ProofScriptEngine 1: 'macro 'infflow-autopilot'' 
66691      DEBUG main            d.u.i.k.p.m.ProofCorrectnessMgt No justification found for rule Class_invariant_axiom_for_mini_MiniExamples 
66769      INFO  main            d.u.i.k.p.r.p.TestFile    ... finished proof: closed. 
66952      INFO  main            d.u.i.k.p.r.p.TestFile    Now processing file /home/runner/work/key/key/key.core/../key.ui/examples/InformationFlow/MiniExamples/mini.MiniExamples(mini.MiniExamples__secure_p2_1()).Non-interference contract.0.m.key 
66953      INFO  main            d.u.i.k.p.i.AbstractProblemLoader Loading environment from /home/runner/work/key/key/key.core/../key.ui/examples/InformationFlow/MiniExamples/mini.MiniExamples(mini.MiniExamples__secure_p2_1()).Non-interference contract.0.m.key 
66953      DEBUG main            d.u.i.k.p.i.AbstractProblemLoader Environment load took 81.3ns 
66954      INFO  main            d.u.i.k.p.i.AbstractProblemLoader Creating init config 
69508      DEBUG main            d.u.i.k.p.i.AbstractProblemLoader Init config took 2.55s 
69553      INFO  main            d.u.i.k.p.i.AbstractProblemLoader Replaying proof mini.MiniExamples[mini.MiniExamples::secure_p2_1()].Non-interference contract.0 
69555      DEBUG main            d.u.i.k.p.i.IntermediateProofReplayer Proof replay took 16.8ns 
69556      DEBUG main            d.u.i.k.m.s.ProofScriptEngine 1: 'macro 'infflow-autopilot'' 
69584      DEBUG main            d.u.i.k.p.m.ProofCorrectnessMgt No justification found for rule Class_invariant_axiom_for_mini_MiniExamples 
69666      INFO  main            d.u.i.k.p.r.p.TestFile    ... finished proof: closed. 
69851      INFO  main            d.u.i.k.p.r.p.TestFile    Now processing file /home/runner/work/key/key/key.core/../key.ui/examples/InformationFlow/MiniExamples/mini.MiniExamples(mini.MiniExamples__insecure_p2_1()).Non-interference contract.0.m.key 
69851      INFO  main            d.u.i.k.p.i.AbstractProblemLoader Loading environment from /home/runner/work/key/key/key.core/../key.ui/examples/InformationFlow/MiniExamples/mini.MiniExamples(mini.MiniExamples__insecure_p2_1()).Non-interference contract.0.m.key 
69851      DEBUG main            d.u.i.k.p.i.AbstractProblemLoader Environment load took 75.7ns 
69852      INFO  main            d.u.i.k.p.i.AbstractProblemLoader Creating init config 
72393      DEBUG main            d.u.i.k.p.i.AbstractProblemLoader Init config took 2.54s 
72438      INFO  main            d.u.i.k.p.i.AbstractProblemLoader Replaying proof mini.MiniExamples[mini.MiniExamples::insecure_p2_1()].Non-interference contract.0 
72440      DEBUG main            d.u.i.k.p.i.IntermediateProofReplayer Proof replay took 16.2ns 
72441      DEBUG main            d.u.i.k.m.s.ProofScriptEngine 1: 'macro 'infflow-autopilot'' 
72468      DEBUG main            d.u.i.k.p.m.ProofCorrectnessMgt No justification found for rule Class_invariant_axiom_for_mini_MiniExamples 
72564      INFO  main            d.u.i.k.p.r.p.TestFile    ... finished proof: open goal(s) 
72757      INFO  main            d.u.i.k.p.r.p.TestFile    Now processing file /home/runner/work/key/key/key.core/../key.ui/examples/InformationFlow/MiniExamples/mini.MiniExamples(mini.MiniExamples__secure_p1_6()).Non-interference contract.0.m.key 
72758      INFO  main            d.u.i.k.p.i.AbstractProblemLoader Loading environment from /home/runner/work/key/key/key.core/../key.ui/examples/InformationFlow/MiniExamples/mini.MiniExamples(mini.MiniExamples__secure_p1_6()).Non-interference contract.0.m.key 
72758      DEBUG main            d.u.i.k.p.i.AbstractProblemLoader Environment load took 417.5ns 
72759      INFO  main            d.u.i.k.p.i.AbstractProblemLoader Creating init config 
75306      DEBUG main            d.u.i.k.p.i.AbstractProblemLoader Init config took 2.55s 
75341      INFO  main            d.u.i.k.p.i.AbstractProblemLoader Replaying proof mini.MiniExamples[mini.MiniExamples::secure_p1_6()].Non-interference contract.0 
75343      DEBUG main            d.u.i.k.p.i.IntermediateProofReplayer Proof replay took 16.2ns 
75344      DEBUG main            d.u.i.k.m.s.ProofScriptEngine 1: 'macro 'infflow-autopilot'' 
75390      DEBUG main            d.u.i.k.p.m.ProofCorrectnessMgt No justification found for rule Class_invariant_axiom_for_mini_MiniExamples 
75476      INFO  main            d.u.i.k.p.r.p.TestFile    ... finished proof: closed. 
75677      INFO  main            d.u.i.k.p.r.p.TestFile    Now processing file /home/runner/work/key/key/key.core/../key.ui/examples/InformationFlow/MiniExamples/mini.MiniExamples(mini.MiniExamples__secure_p1_5()).Non-interference contract.0.m.key 
75677      INFO  main            d.u.i.k.p.i.AbstractProblemLoader Loading environment from /home/runner/work/key/key/key.core/../key.ui/examples/InformationFlow/MiniExamples/mini.MiniExamples(mini.MiniExamples__secure_p1_5()).Non-interference contract.0.m.key 
75677      DEBUG main            d.u.i.k.p.i.AbstractProblemLoader Environment load took 101.5ns 
75678      INFO  main            d.u.i.k.p.i.AbstractProblemLoader Creating init config 
78225      DEBUG main            d.u.i.k.p.i.AbstractProblemLoader Init config took 2.55s 
78261      INFO  main            d.u.i.k.p.i.AbstractProblemLoader Replaying proof mini.MiniExamples[mini.MiniExamples::secure_p1_5()].Non-interference contract.0 
78263      DEBUG main            d.u.i.k.p.i.IntermediateProofReplayer Proof replay took 19.4ns 
78264      DEBUG main            d.u.i.k.m.s.ProofScriptEngine 1: 'macro 'infflow-autopilot'' 
78294      DEBUG main            d.u.i.k.p.m.ProofCorrectnessMgt No justification found for rule Class_invariant_axiom_for_mini_MiniExamples 
78539      INFO  main            d.u.i.k.p.r.p.TestFile    ... finished proof: closed. 
78740      INFO  main            d.u.i.k.p.r.p.TestFile    Now processing file /home/runner/work/key/key/key.core/../key.ui/examples/InformationFlow/MiniExamples/mini.MiniExamples(mini.MiniExamples__secure_p1_4()).Non-interference contract.0.m.key 
78740      INFO  main            d.u.i.k.p.i.AbstractProblemLoader Loading environment from /home/runner/work/key/key/key.core/../key.ui/examples/InformationFlow/MiniExamples/mini.MiniExamples(mini.MiniExamples__secure_p1_4()).Non-interference contract.0.m.key 
78740      DEBUG main            d.u.i.k.p.i.AbstractProblemLoader Environment load took 67.6ns 
78742      INFO  main            d.u.i.k.p.i.AbstractProblemLoader Creating init config 
81306      DEBUG main            d.u.i.k.p.i.AbstractProblemLoader Init config took 2.56s 
81341      INFO  main            d.u.i.k.p.i.AbstractProblemLoader Replaying proof mini.MiniExamples[mini.MiniExamples::secure_p1_4()].Non-interference contract.0 
81345      DEBUG main            d.u.i.k.p.i.IntermediateProofReplayer Proof replay took 20.2ns 
81345      DEBUG main            d.u.i.k.m.s.ProofScriptEngine 1: 'macro 'infflow-autopilot'' 
81375      DEBUG main            d.u.i.k.p.m.ProofCorrectnessMgt No justification found for rule Class_invariant_axiom_for_mini_MiniExamples 
81593      INFO  main            d.u.i.k.p.r.p.TestFile    ... finished proof: closed. 
81790      INFO  main            d.u.i.k.p.r.p.TestFile    Now processing file /home/runner/work/key/key/key.core/../key.ui/examples/InformationFlow/MiniExamples/mini.MiniExamples(mini.MiniExamples__secure_p1_3()).Non-interference contract.0.m.key 
81790      INFO  main            d.u.i.k.p.i.AbstractProblemLoader Loading environment from /home/runner/work/key/key/key.core/../key.ui/examples/InformationFlow/MiniExamples/mini.MiniExamples(mini.MiniExamples__secure_p1_3()).Non-interference contract.0.m.key 
81790      DEBUG main            d.u.i.k.p.i.AbstractProblemLoader Environment load took 68.1ns 
81791      INFO  main            d.u.i.k.p.i.AbstractProblemLoader Creating init config 
84363      DEBUG main            d.u.i.k.p.i.AbstractProblemLoader Init config took 2.57s 
84409      INFO  main            d.u.i.k.p.i.AbstractProblemLoader Replaying proof mini.MiniExamples[mini.MiniExamples::secure_p1_3()].Non-interference contract.0 
84411      DEBUG main            d.u.i.k.p.i.IntermediateProofReplayer Proof replay took 17.5ns 
84412      DEBUG main            d.u.i.k.m.s.ProofScriptEngine 1: 'macro 'infflow-autopilot'' 
84443      DEBUG main            d.u.i.k.p.m.ProofCorrectnessMgt No justification found for rule Class_invariant_axiom_for_mini_MiniExamples 
84533      INFO  main            d.u.i.k.p.r.p.TestFile    ... finished proof: closed. 
84737      INFO  main            d.u.i.k.p.r.p.TestFile    Now processing file /home/runner/work/key/key/key.core/../key.ui/examples/InformationFlow/MiniExamples/mini.MiniExamples(mini.MiniExamples__secure_p1_2()).Non-interference contract.0.m.key 
84738      INFO  main            d.u.i.k.p.i.AbstractProblemLoader Loading environment from /home/runner/work/key/key/key.core/../key.ui/examples/InformationFlow/MiniExamples/mini.MiniExamples(mini.MiniExamples__secure_p1_2()).Non-interference contract.0.m.key 
84738      DEBUG main            d.u.i.k.p.i.AbstractProblemLoader Environment load took 66.7ns 
84739      INFO  main            d.u.i.k.p.i.AbstractProblemLoader Creating init config 
87293      DEBUG main            d.u.i.k.p.i.AbstractProblemLoader Init config took 2.55s 
87328      INFO  main            d.u.i.k.p.i.AbstractProblemLoader Replaying proof mini.MiniExamples[mini.MiniExamples::secure_p1_2()].Non-interference contract.0 
87330      DEBUG main            d.u.i.k.p.i.IntermediateProofReplayer Proof replay took 35.3ns 
87331      DEBUG main            d.u.i.k.m.s.ProofScriptEngine 1: 'macro 'infflow-autopilot'' 
87359      DEBUG main            d.u.i.k.p.m.ProofCorrectnessMgt No justification found for rule Class_invariant_axiom_for_mini_MiniExamples 
87580      INFO  main            d.u.i.k.p.r.p.TestFile    ... finished proof: closed. 
87786      INFO  main            d.u.i.k.p.r.p.TestFile    Now processing file /home/runner/work/key/key/key.core/../key.ui/examples/InformationFlow/MiniExamples/mini.MiniExamples(mini.MiniExamples__secure_p1_1()).Non-interference contract.1.m.key 
87786      INFO  main            d.u.i.k.p.i.AbstractProblemLoader Loading environment from /home/runner/work/key/key/key.core/../key.ui/examples/InformationFlow/MiniExamples/mini.MiniExamples(mini.MiniExamples__secure_p1_1()).Non-interference contract.1.m.key 
87786      DEBUG main            d.u.i.k.p.i.AbstractProblemLoader Environment load took 63ns 
87787      INFO  main            d.u.i.k.p.i.AbstractProblemLoader Creating init config 
90357      DEBUG main            d.u.i.k.p.i.AbstractProblemLoader Init config took 2.57s 
90393      INFO  main            d.u.i.k.p.i.AbstractProblemLoader Replaying proof mini.MiniExamples[mini.MiniExamples::secure_p1_1()].Non-interference contract.1 
90395      DEBUG main            d.u.i.k.p.i.IntermediateProofReplayer Proof replay took 17.2ns 
90396      DEBUG main            d.u.i.k.m.s.ProofScriptEngine 1: 'macro 'infflow-autopilot'' 
90428      DEBUG main            d.u.i.k.p.m.ProofCorrectnessMgt No justification found for rule Class_invariant_axiom_for_mini_MiniExamples 
90582      INFO  main            d.u.i.k.p.r.p.TestFile    ... finished proof: closed. 
90801      INFO  main            d.u.i.k.p.r.p.TestFile    Now processing file /home/runner/work/key/key/key.core/../key.ui/examples/InformationFlow/MiniExamples/mini.MiniExamples(mini.MiniExamples__secure_p1_1()).Non-interference contract.0.m.key 
90802      INFO  main            d.u.i.k.p.i.AbstractProblemLoader Loading environment from /home/runner/work/key/key/key.core/../key.ui/examples/InformationFlow/MiniExamples/mini.MiniExamples(mini.MiniExamples__secure_p1_1()).Non-interference contract.0.m.key 
90802      DEBUG main            d.u.i.k.p.i.AbstractProblemLoader Environment load took 84.4ns 
90803      INFO  main            d.u.i.k.p.i.AbstractProblemLoader Creating init config 
93353      DEBUG main            d.u.i.k.p.i.AbstractProblemLoader Init config took 2.55s 
93398      INFO  main            d.u.i.k.p.i.AbstractProblemLoader Replaying proof mini.MiniExamples[mini.MiniExamples::secure_p1_1()].Non-interference contract.0 
93400      DEBUG main            d.u.i.k.p.i.IntermediateProofReplayer Proof replay took 18.8ns 
93401      DEBUG main            d.u.i.k.m.s.ProofScriptEngine 1: 'macro 'infflow-autopilot'' 
93429      DEBUG main            d.u.i.k.p.m.ProofCorrectnessMgt No justification found for rule Class_invariant_axiom_for_mini_MiniExamples 
93573      INFO  main            d.u.i.k.p.r.p.TestFile    ... finished proof: closed. 
93793      INFO  main            d.u.i.k.p.r.p.TestFile    Now processing file /home/runner/work/key/key/key.core/../key.ui/examples/InformationFlow/MiniExamples/mini.MiniExamples(mini.MiniExamples__insecure_p1_2()).Non-interference contract.0.m.key 
93794      INFO  main            d.u.i.k.p.i.AbstractProblemLoader Loading environment from /home/runner/work/key/key/key.core/../key.ui/examples/InformationFlow/MiniExamples/mini.MiniExamples(mini.MiniExamples__insecure_p1_2()).Non-interference contract.0.m.key 
93794      DEBUG main            d.u.i.k.p.i.AbstractProblemLoader Environment load took 65.1ns 
93795      INFO  main            d.u.i.k.p.i.AbstractProblemLoader Creating init config 
96341      DEBUG main            d.u.i.k.p.i.AbstractProblemLoader Init config took 2.55s 
96375      INFO  main            d.u.i.k.p.i.AbstractProblemLoader Replaying proof mini.MiniExamples[mini.MiniExamples::insecure_p1_2()].Non-interference contract.0 
96377      DEBUG main            d.u.i.k.p.i.IntermediateProofReplayer Proof replay took 16.2ns 
96378      DEBUG main            d.u.i.k.m.s.ProofScriptEngine 1: 'macro 'infflow-autopilot'' 
96404      DEBUG main            d.u.i.k.p.m.ProofCorrectnessMgt No justification found for rule Class_invariant_axiom_for_mini_MiniExamples 
96630      INFO  main            d.u.i.k.p.r.p.TestFile    ... finished proof: open goal(s) 
96852      INFO  main            d.u.i.k.p.r.p.TestFile    Now processing file /home/runner/work/key/key/key.core/../key.ui/examples/InformationFlow/MiniExamples/mini.MiniExamples(mini.MiniExamples__insecure_p1_1()).Non-interference contract.0.m.key 
96853      INFO  main            d.u.i.k.p.i.AbstractProblemLoader Loading environment from /home/runner/work/key/key/key.core/../key.ui/examples/InformationFlow/MiniExamples/mini.MiniExamples(mini.MiniExamples__insecure_p1_1()).Non-interference contract.0.m.key 
96853      DEBUG main            d.u.i.k.p.i.AbstractProblemLoader Environment load took 81.1ns 
96854      INFO  main            d.u.i.k.p.i.AbstractProblemLoader Creating init config 
99455      DEBUG main            d.u.i.k.p.i.AbstractProblemLoader Init config took 2.6s 
99490      INFO  main            d.u.i.k.p.i.AbstractProblemLoader Replaying proof mini.MiniExamples[mini.MiniExamples::insecure_p1_1()].Non-interference contract.0 
99493      DEBUG main            d.u.i.k.p.i.IntermediateProofReplayer Proof replay took 19.4ns 
99494      DEBUG main            d.u.i.k.m.s.ProofScriptEngine 1: 'macro 'infflow-autopilot'' 
99523      DEBUG main            d.u.i.k.p.m.ProofCorrectnessMgt No justification found for rule Class_invariant_axiom_for_mini_MiniExamples 
99618      INFO  main            d.u.i.k.p.r.p.TestFile    ... finished proof: open goal(s) 
2400066    INFO  Test worker     d.u.i.k.p.r.RunAllProofsTestUnit Returning from test MiniExamples_fullmacro 
2400066    INFO  Test worker     d.u.i.k.p.r.RunAllProofsTestUnit Running test NewObjects_fullmacro 
346        INFO  Timeout watchdog d.u.i.k.p.r.p.ForkedTestFileRunner Timeout watcher launched (1000 secs.) 
352        WARN  main            d.u.i.k.s.ProofSettings   The settings in /home/runner/.key/proof-settings.props are *not* read. 
375        INFO  main            d.u.i.k.p.r.p.TestFile    Now processing file /home/runner/work/key/key/key.core/../key.ui/examples/InformationFlow/NewObjects/object.AmtoftBanerjee3(object.AmtoftBanerjee3__m()).Non-interference contract.0.m.key 
507        INFO  main            d.u.i.k.p.i.AbstractProblemLoader Loading environment from /home/runner/work/key/key/key.core/../key.ui/examples/InformationFlow/NewObjects/object.AmtoftBanerjee3(object.AmtoftBanerjee3__m()).Non-interference contract.0.m.key 
528        DEBUG main            d.u.i.k.p.i.AbstractProblemLoader Environment load took 1.9ms 
762        INFO  main            d.u.i.k.p.i.AbstractProblemLoader Creating init config 
1611       DEBUG main            d.u.i.k.j.TypeConverter   No LDT found for Meta 
1612       DEBUG main            d.u.i.k.j.TypeConverter   No LDT found for Meta 
1613       DEBUG main            d.u.i.k.j.TypeConverter   No LDT found for Meta 
1614       DEBUG main            d.u.i.k.j.TypeConverter   No LDT found for Meta 
2988       DEBUG main            d.u.i.k.j.TypeConverter   No LDT found for JavaBigintExpression 
5781       DEBUG main            d.u.i.k.j.r.ClassPreparationMethodBuilder clPrepBuilder: Inner Class detected. Reject building class initialisation methods. 
8389       DEBUG main            d.u.i.k.p.i.AbstractProblemLoader Init config took 7.63s 
8532       INFO  main            d.u.i.k.p.i.AbstractProblemLoader Replaying proof object.AmtoftBanerjee3[object.AmtoftBanerjee3::m()].Non-interference contract.0 
8624       DEBUG main            d.u.i.k.p.i.IntermediateProofReplayer Proof replay took 374ns 
8690       DEBUG main            d.u.i.k.m.s.ProofScriptEngine 1: 'macro 'infflow-autopilot'' 
9033       DEBUG main            d.u.i.k.p.m.ProofCorrectnessMgt No justification found for rule Class_invariant_axiom_for_object_AmtoftBanerjee3 
9522       INFO  main            d.u.i.k.p.r.p.TestFile    ... finished proof: closed. 
9678       INFO  main            d.u.i.k.p.r.p.TestFile    Now processing file /home/runner/work/key/key/key.core/../key.ui/examples/InformationFlow/NewObjects/object.AmtoftBanerjee(object.AmtoftBanerjee__m_2()).Non-interference contract.0.m.key 
9678       INFO  main            d.u.i.k.p.i.AbstractProblemLoader Loading environment from /home/runner/work/key/key/key.core/../key.ui/examples/InformationFlow/NewObjects/object.AmtoftBanerjee(object.AmtoftBanerjee__m_2()).Non-interference contract.0.m.key 
9678       DEBUG main            d.u.i.k.p.i.AbstractProblemLoader Environment load took 95.9ns 
9681       INFO  main            d.u.i.k.p.i.AbstractProblemLoader Creating init config 
10699      DEBUG main            d.u.i.k.j.r.ClassPreparationMethodBuilder clPrepBuilder: Inner Class detected. Reject building class initialisation methods. 
12668      DEBUG main            d.u.i.k.p.i.AbstractProblemLoader Init config took 2.99s 
12731      INFO  main            d.u.i.k.p.i.AbstractProblemLoader Replaying proof object.AmtoftBanerjee[object.AmtoftBanerjee::m_2()].Non-interference contract.0 
12735      DEBUG main            d.u.i.k.p.i.IntermediateProofReplayer Proof replay took 45.3ns 
12736      DEBUG main            d.u.i.k.m.s.ProofScriptEngine 1: 'macro 'infflow-autopilot'' 
13324      DEBUG main            d.u.i.k.p.m.ProofCorrectnessMgt No justification found for rule Class_invariant_axiom_for_object_AmtoftBanerjee 
13326      DEBUG main            d.u.i.k.p.m.ProofCorrectnessMgt No justification found for rule Class_invariant_axiom_for_object_AmtoftBanerjee 
13499      DEBUG main            d.u.i.k.p.m.ProofCorrectnessMgt No justification found for rule Class_invariant_axiom_for_object_AmtoftBanerjee 
14052      INFO  main            d.u.i.k.p.r.p.TestFile    ... finished proof: closed. 
14211      INFO  main            d.u.i.k.p.r.p.TestFile    Now processing file /home/runner/work/key/key/key.core/../key.ui/examples/InformationFlow/NewObjects/object.AmtoftBanerjee(object.AmtoftBanerjee__m_1()).Non-interference contract.1.m.key 
14212      INFO  main            d.u.i.k.p.i.AbstractProblemLoader Loading environment from /home/runner/work/key/key/key.core/../key.ui/examples/InformationFlow/NewObjects/object.AmtoftBanerjee(object.AmtoftBanerjee__m_1()).Non-interference contract.1.m.key 
14212      DEBUG main            d.u.i.k.p.i.AbstractProblemLoader Environment load took 154.7ns 
14213      INFO  main            d.u.i.k.p.i.AbstractProblemLoader Creating init config 
15198      DEBUG main            d.u.i.k.j.r.ClassPreparationMethodBuilder clPrepBuilder: Inner Class detected. Reject building class initialisation methods. 
17164      DEBUG main            d.u.i.k.p.i.AbstractProblemLoader Init config took 2.95s 
17218      INFO  main            d.u.i.k.p.i.AbstractProblemLoader Replaying proof object.AmtoftBanerjee[object.AmtoftBanerjee::m_1()].Non-interference contract.1 
17221      DEBUG main            d.u.i.k.p.i.IntermediateProofReplayer Proof replay took 13.1ns 
17222      DEBUG main            d.u.i.k.m.s.ProofScriptEngine 1: 'macro 'infflow-autopilot'' 
17421      DEBUG main            d.u.i.k.p.m.ProofCorrectnessMgt No justification found for rule Class_invariant_axiom_for_object_AmtoftBanerjee 
17422      DEBUG main            d.u.i.k.p.m.ProofCorrectnessMgt No justification found for rule Class_invariant_axiom_for_object_AmtoftBanerjee 
17454      DEBUG main            d.u.i.k.p.m.ProofCorrectnessMgt No justification found for rule Class_invariant_axiom_for_object_AmtoftBanerjee 
17760      INFO  main            d.u.i.k.p.r.p.TestFile    ... finished proof: open goal(s) 
17883      INFO  main            d.u.i.k.p.r.p.TestFile    Now processing file /home/runner/work/key/key/key.core/../key.ui/examples/InformationFlow/NewObjects/object.AmtoftBanerjee(object.AmtoftBanerjee__m_1()).Non-interference contract.0.m.key 
17883      INFO  main            d.u.i.k.p.i.AbstractProblemLoader Loading environment from /home/runner/work/key/key/key.core/../key.ui/examples/InformationFlow/NewObjects/object.AmtoftBanerjee(object.AmtoftBanerjee__m_1()).Non-interference contract.0.m.key 
17883      DEBUG main            d.u.i.k.p.i.AbstractProblemLoader Environment load took 81.1ns 
17885      INFO  main            d.u.i.k.p.i.AbstractProblemLoader Creating init config 
18809      DEBUG main            d.u.i.k.j.r.ClassPreparationMethodBuilder clPrepBuilder: Inner Class detected. Reject building class initialisation methods. 
20751      DEBUG main            d.u.i.k.p.i.AbstractProblemLoader Init config took 2.87s 
20800      INFO  main            d.u.i.k.p.i.AbstractProblemLoader Replaying proof object.AmtoftBanerjee[object.AmtoftBanerjee::m_1()].Non-interference contract.0 
20804      DEBUG main            d.u.i.k.p.i.IntermediateProofReplayer Proof replay took 13ns 
20805      DEBUG main            d.u.i.k.m.s.ProofScriptEngine 1: 'macro 'infflow-autopilot'' 
21001      DEBUG main            d.u.i.k.p.m.ProofCorrectnessMgt No justification found for rule Class_invariant_axiom_for_object_AmtoftBanerjee 
21002      DEBUG main            d.u.i.k.p.m.ProofCorrectnessMgt No justification found for rule Class_invariant_axiom_for_object_AmtoftBanerjee 
21031      DEBUG main            d.u.i.k.p.m.ProofCorrectnessMgt No justification found for rule Class_invariant_axiom_for_object_AmtoftBanerjee 
21231      INFO  main            d.u.i.k.p.r.p.TestFile    ... finished proof: closed. 
21391      INFO  main            d.u.i.k.p.r.p.TestFile    Now processing file /home/runner/work/key/key/key.core/../key.ui/examples/InformationFlow/NewObjects/object.AmtoftBanerjee(object.AmtoftBanerjee__getQ()).Non-interference contract.0.m.key 
21391      INFO  main            d.u.i.k.p.i.AbstractProblemLoader Loading environment from /home/runner/work/key/key/key.core/../key.ui/examples/InformationFlow/NewObjects/object.AmtoftBanerjee(object.AmtoftBanerjee__getQ()).Non-interference contract.0.m.key 
21391      DEBUG main            d.u.i.k.p.i.AbstractProblemLoader Environment load took 75.1ns 
21393      INFO  main            d.u.i.k.p.i.AbstractProblemLoader Creating init config 
22294      DEBUG main            d.u.i.k.j.r.ClassPreparationMethodBuilder clPrepBuilder: Inner Class detected. Reject building class initialisation methods. 
24209      DEBUG main            d.u.i.k.p.i.AbstractProblemLoader Init config took 2.82s 
24257      INFO  main            d.u.i.k.p.i.AbstractProblemLoader Replaying proof object.AmtoftBanerjee[object.AmtoftBanerjee::getQ()].Non-interference contract.0 
24261      DEBUG main            d.u.i.k.p.i.IntermediateProofReplayer Proof replay took 28ns 
24262      DEBUG main            d.u.i.k.m.s.ProofScriptEngine 1: 'macro 'infflow-autopilot'' 
24302      DEBUG main            d.u.i.k.p.m.ProofCorrectnessMgt No justification found for rule Class_invariant_axiom_for_object_AmtoftBanerjee 
24384      INFO  main            d.u.i.k.p.r.p.TestFile    ... finished proof: closed. 
24538      INFO  main            d.u.i.k.p.r.p.TestFile    Now processing file /home/runner/work/key/key/key.core/../key.ui/examples/InformationFlow/NewObjects/object.Naumann(object.Naumann__Pair_m(int,int)).Non-interference contract.0.m.key 
24539      INFO  main            d.u.i.k.p.i.AbstractProblemLoader Loading environment from /home/runner/work/key/key/key.core/../key.ui/examples/InformationFlow/NewObjects/object.Naumann(object.Naumann__Pair_m(int,int)).Non-interference contract.0.m.key 
24539      DEBUG main            d.u.i.k.p.i.AbstractProblemLoader Environment load took 69.5ns 
24542      INFO  main            d.u.i.k.p.i.AbstractProblemLoader Creating init config 
25454      DEBUG main            d.u.i.k.j.r.ClassPreparationMethodBuilder clPrepBuilder: Inner Class detected. Reject building class initialisation methods. 
27383      DEBUG main            d.u.i.k.p.i.AbstractProblemLoader Init config took 2.84s 
27447      INFO  main            d.u.i.k.p.i.AbstractProblemLoader Replaying proof object.Naumann[object.Naumann::Pair_m(int,int)].Non-interference contract.0 
27450      DEBUG main            d.u.i.k.p.i.IntermediateProofReplayer Proof replay took 16.2ns 
27450      DEBUG main            d.u.i.k.m.s.ProofScriptEngine 1: 'macro 'infflow-autopilot'' 
39638      INFO  main            d.u.i.k.p.r.p.TestFile    ... finished proof: closed. 
39874      INFO  main            d.u.i.k.p.r.p.TestFile    Now processing file /home/runner/work/key/key/key.core/../key.ui/examples/InformationFlow/NewObjects/object.ObjectOrientation(object.ObjectOrientation__secure_while_i((Ljava.lang.Object)).Non-interference contract.0.m.key 
39874      INFO  main            d.u.i.k.p.i.AbstractProblemLoader Loading environment from /home/runner/work/key/key/key.core/../key.ui/examples/InformationFlow/NewObjects/object.ObjectOrientation(object.ObjectOrientation__secure_while_i((Ljava.lang.Object)).Non-interference contract.0.m.key 
39874      DEBUG main            d.u.i.k.p.i.AbstractProblemLoader Environment load took 82.3ns 
39875      INFO  main            d.u.i.k.p.i.AbstractProblemLoader Creating init config 
40771      DEBUG main            d.u.i.k.j.r.ClassPreparationMethodBuilder clPrepBuilder: Inner Class detected. Reject building class initialisation methods. 
42622      DEBUG main            d.u.i.k.p.i.AbstractProblemLoader Init config took 2.75s 
42678      INFO  main            d.u.i.k.p.i.AbstractProblemLoader Replaying proof object.ObjectOrientation[object.ObjectOrientation::secure_while_i([Ljava.lang.Object)].Non-interference contract.0 
42683      DEBUG main            d.u.i.k.p.i.IntermediateProofReplayer Proof replay took 15.1ns 
42683      DEBUG main            d.u.i.k.m.s.ProofScriptEngine 1: 'macro 'infflow-autopilot'' 
42732      DEBUG main            d.u.i.k.p.m.ProofCorrectnessMgt No justification found for rule Class_invariant_axiom_for_object_ObjectOrientation 
48813      INFO  main            d.u.i.k.p.r.p.TestFile    ... finished proof: closed. 
49066      INFO  main            d.u.i.k.p.r.p.TestFile    Now processing file /home/runner/work/key/key/key.core/../key.ui/examples/InformationFlow/NewObjects/object.ObjectOrientation(object.ObjectOrientation__secure_method_call()).Non-interference contract.0.m.key 
49066      INFO  main            d.u.i.k.p.i.AbstractProblemLoader Loading environment from /home/runner/work/key/key/key.core/../key.ui/examples/InformationFlow/NewObjects/object.ObjectOrientation(object.ObjectOrientation__secure_method_call()).Non-interference contract.0.m.key 
49066      DEBUG main            d.u.i.k.p.i.AbstractProblemLoader Environment load took 76.1ns 
49067      INFO  main            d.u.i.k.p.i.AbstractProblemLoader Creating init config 
49965      DEBUG main            d.u.i.k.j.r.ClassPreparationMethodBuilder clPrepBuilder: Inner Class detected. Reject building class initialisation methods. 
51835      DEBUG main            d.u.i.k.p.i.AbstractProblemLoader Init config took 2.77s 
51882      INFO  main            d.u.i.k.p.i.AbstractProblemLoader Replaying proof object.ObjectOrientation[object.ObjectOrientation::secure_method_call()].Non-interference contract.0 
51886      DEBUG main            d.u.i.k.p.i.IntermediateProofReplayer Proof replay took 17ns 
51886      DEBUG main            d.u.i.k.m.s.ProofScriptEngine 1: 'macro 'infflow-autopilot'' 
51922      DEBUG main            d.u.i.k.p.m.ProofCorrectnessMgt No justification found for rule Class_invariant_axiom_for_object_ObjectOrientation 
51959      DEBUG main            d.u.i.k.p.m.ProofCorrectnessMgt No justification found for rule Class_invariant_axiom_for_object_ObjectOrientation 
51982      DEBUG main            d.u.i.k.p.m.ProofCorrectnessMgt No justification found for rule Class_invariant_axiom_for_object_ObjectOrientation 
52028      DEBUG main            d.u.i.k.p.m.ProofCorrectnessMgt No justification found for rule Class_invariant_axiom_for_object_ObjectOrientation 
52397      INFO  main            d.u.i.k.p.r.p.TestFile    ... finished proof: closed. 
52571      INFO  main            d.u.i.k.p.r.p.TestFile    Now processing file /home/runner/work/key/key/key.core/../key.ui/examples/InformationFlow/NewObjects/object.ObjectOrientation(object.ObjectOrientation__if_two_object_creation_next()).Non-interference contract.1.m.key 
52571      INFO  main            d.u.i.k.p.i.AbstractProblemLoader Loading environment from /home/runner/work/key/key/key.core/../key.ui/examples/InformationFlow/NewObjects/object.ObjectOrientation(object.ObjectOrientation__if_two_object_creation_next()).Non-interference contract.1.m.key 
52571      DEBUG main            d.u.i.k.p.i.AbstractProblemLoader Environment load took 75.3ns 
52573      INFO  main            d.u.i.k.p.i.AbstractProblemLoader Creating init config 
53462      DEBUG main            d.u.i.k.j.r.ClassPreparationMethodBuilder clPrepBuilder: Inner Class detected. Reject building class initialisation methods. 
55390      DEBUG main            d.u.i.k.p.i.AbstractProblemLoader Init config took 2.82s 
55433      INFO  main            d.u.i.k.p.i.AbstractProblemLoader Replaying proof object.ObjectOrientation[object.ObjectOrientation::if_two_object_creation_next()].Non-interference contract.1 
55437      DEBUG main            d.u.i.k.p.i.IntermediateProofReplayer Proof replay took 19ns 
55437      DEBUG main            d.u.i.k.m.s.ProofScriptEngine 1: 'macro 'infflow-autopilot'' 
55472      DEBUG main            d.u.i.k.p.m.ProofCorrectnessMgt No justification found for rule Class_invariant_axiom_for_object_ObjectOrientation 
86175      INFO  main            d.u.i.k.p.r.p.TestFile    ... finished proof: open goal(s) 
86423      INFO  main            d.u.i.k.p.r.p.TestFile    Now processing file /home/runner/work/key/key/key.core/../key.ui/examples/InformationFlow/NewObjects/object.ObjectOrientation(object.ObjectOrientation__if_two_object_creation_next()).Non-interference contract.0.m.key 
86424      INFO  main            d.u.i.k.p.i.AbstractProblemLoader Loading environment from /home/runner/work/key/key/key.core/../key.ui/examples/InformationFlow/NewObjects/object.ObjectOrientation(object.ObjectOrientation__if_two_object_creation_next()).Non-interference contract.0.m.key 
86424      DEBUG main            d.u.i.k.p.i.AbstractProblemLoader Environment load took 132ns 
86425      INFO  main            d.u.i.k.p.i.AbstractProblemLoader Creating init config 
87320      DEBUG main            d.u.i.k.j.r.ClassPreparationMethodBuilder clPrepBuilder: Inner Class detected. Reject building class initialisation methods. 
89166      DEBUG main            d.u.i.k.p.i.AbstractProblemLoader Init config took 2.74s 
89207      INFO  main            d.u.i.k.p.i.AbstractProblemLoader Replaying proof object.ObjectOrientation[object.ObjectOrientation::if_two_object_creation_next()].Non-interference contract.0 
89209      DEBUG main            d.u.i.k.p.i.IntermediateProofReplayer Proof replay took 16.2ns 
89210      DEBUG main            d.u.i.k.m.s.ProofScriptEngine 1: 'macro 'infflow-autopilot'' 
89242      DEBUG main            d.u.i.k.p.m.ProofCorrectnessMgt No justification found for rule Class_invariant_axiom_for_object_ObjectOrientation 
101907     INFO  main            d.u.i.k.p.r.p.TestFile    ... finished proof: closed. 
102227     INFO  main            d.u.i.k.p.r.p.TestFile    Now processing file /home/runner/work/key/key/key.core/../key.ui/examples/InformationFlow/NewObjects/object.ObjectOrientation(object.ObjectOrientation__secure_if_two_object_creation()).Non-interference contract.0.m.key 
102227     INFO  main            d.u.i.k.p.i.AbstractProblemLoader Loading environment from /home/runner/work/key/key/key.core/../key.ui/examples/InformationFlow/NewObjects/object.ObjectOrientation(object.ObjectOrientation__secure_if_two_object_creation()).Non-interference contract.0.m.key 
102227     DEBUG main            d.u.i.k.p.i.AbstractProblemLoader Environment load took 76.1ns 
102230     INFO  main            d.u.i.k.p.i.AbstractProblemLoader Creating init config 
103076     DEBUG main            d.u.i.k.j.r.ClassPreparationMethodBuilder clPrepBuilder: Inner Class detected. Reject building class initialisation methods. 
104893     DEBUG main            d.u.i.k.p.i.AbstractProblemLoader Init config took 2.66s 
104933     INFO  main            d.u.i.k.p.i.AbstractProblemLoader Replaying proof object.ObjectOrientation[object.ObjectOrientation::secure_if_two_object_creation()].Non-interference contract.0 
104935     DEBUG main            d.u.i.k.p.i.IntermediateProofReplayer Proof replay took 14.9ns 
104936     DEBUG main            d.u.i.k.m.s.ProofScriptEngine 1: 'macro 'infflow-autopilot'' 
104967     DEBUG main            d.u.i.k.p.m.ProofCorrectnessMgt No justification found for rule Class_invariant_axiom_for_object_ObjectOrientation 
117361     INFO  main            d.u.i.k.p.r.p.TestFile    ... finished proof: closed. 
117615     INFO  main            d.u.i.k.p.r.p.TestFile    Now processing file /home/runner/work/key/key/key.core/../key.ui/examples/InformationFlow/NewObjects/object.ObjectOrientation(object.ObjectOrientation__insecure_two_object_creation()).Non-interference contract.0.m.key 
117615     INFO  main            d.u.i.k.p.i.AbstractProblemLoader Loading environment from /home/runner/work/key/key/key.core/../key.ui/examples/InformationFlow/NewObjects/object.ObjectOrientation(object.ObjectOrientation__insecure_two_object_creation()).Non-interference contract.0.m.key 
117615     DEBUG main            d.u.i.k.p.i.AbstractProblemLoader Environment load took 74.5ns 
117616     INFO  main            d.u.i.k.p.i.AbstractProblemLoader Creating init config 
118454     DEBUG main            d.u.i.k.j.r.ClassPreparationMethodBuilder clPrepBuilder: Inner Class detected. Reject building class initialisation methods. 
120288     DEBUG main            d.u.i.k.p.i.AbstractProblemLoader Init config took 2.67s 
120326     INFO  main            d.u.i.k.p.i.AbstractProblemLoader Replaying proof object.ObjectOrientation[object.ObjectOrientation::insecure_two_object_creation()].Non-interference contract.0 
120329     DEBUG main            d.u.i.k.p.i.IntermediateProofReplayer Proof replay took 14.8ns 
120329     DEBUG main            d.u.i.k.m.s.ProofScriptEngine 1: 'macro 'infflow-autopilot'' 
120358     DEBUG main            d.u.i.k.p.m.ProofCorrectnessMgt No justification found for rule Class_invariant_axiom_for_object_ObjectOrientation 
150125     INFO  main            d.u.i.k.p.r.p.TestFile    ... finished proof: open goal(s) 
150397     INFO  main            d.u.i.k.p.r.p.TestFile    Now processing file /home/runner/work/key/key/key.core/../key.ui/examples/InformationFlow/NewObjects/object.ObjectOrientation(object.ObjectOrientation__secure_two_object_creation()).Non-interference contract.0.m.key 
150397     INFO  main            d.u.i.k.p.i.AbstractProblemLoader Loading environment from /home/runner/work/key/key/key.core/../key.ui/examples/InformationFlow/NewObjects/object.ObjectOrientation(object.ObjectOrientation__secure_two_object_creation()).Non-interference contract.0.m.key 
150398     DEBUG main            d.u.i.k.p.i.AbstractProblemLoader Environment load took 116.6ns 
150399     INFO  main            d.u.i.k.p.i.AbstractProblemLoader Creating init config 
151231     DEBUG main            d.u.i.k.j.r.ClassPreparationMethodBuilder clPrepBuilder: Inner Class detected. Reject building class initialisation methods. 
153045     DEBUG main            d.u.i.k.p.i.AbstractProblemLoader Init config took 2.65s 
153083     INFO  main            d.u.i.k.p.i.AbstractProblemLoader Replaying proof object.ObjectOrientation[object.ObjectOrientation::secure_two_object_creation()].Non-interference contract.0 
153085     DEBUG main            d.u.i.k.p.i.IntermediateProofReplayer Proof replay took 15.3ns 
153086     DEBUG main            d.u.i.k.m.s.ProofScriptEngine 1: 'macro 'infflow-autopilot'' 
153115     DEBUG main            d.u.i.k.p.m.ProofCorrectnessMgt No justification found for rule Class_invariant_axiom_for_object_ObjectOrientation 
163245     INFO  main            d.u.i.k.p.r.p.TestFile    ... finished proof: closed. 
163525     INFO  main            d.u.i.k.p.r.p.TestFile    Now processing file /home/runner/work/key/key/key.core/../key.ui/examples/InformationFlow/NewObjects/object.ObjectOrientation(object.ObjectOrientation__insecure_object_assignment()).Non-interference contract.1.m.key 
163526     INFO  main            d.u.i.k.p.i.AbstractProblemLoader Loading environment from /home/runner/work/key/key/key.core/../key.ui/examples/InformationFlow/NewObjects/object.ObjectOrientation(object.ObjectOrientation__insecure_object_assignment()).Non-interference contract.1.m.key 
163526     DEBUG main            d.u.i.k.p.i.AbstractProblemLoader Environment load took 104.7ns 
163527     INFO  main            d.u.i.k.p.i.AbstractProblemLoader Creating init config 
164360     DEBUG main            d.u.i.k.j.r.ClassPreparationMethodBuilder clPrepBuilder: Inner Class detected. Reject building class initialisation methods. 
166164     DEBUG main            d.u.i.k.p.i.AbstractProblemLoader Init config took 2.64s 
166201     INFO  main            d.u.i.k.p.i.AbstractProblemLoader Replaying proof object.ObjectOrientation[object.ObjectOrientation::insecure_object_assignment()].Non-interference contract.1 
166204     DEBUG main            d.u.i.k.p.i.IntermediateProofReplayer Proof replay took 18.7ns 
166205     DEBUG main            d.u.i.k.m.s.ProofScriptEngine 1: 'macro 'infflow-autopilot'' 
166234     DEBUG main            d.u.i.k.p.m.ProofCorrectnessMgt No justification found for rule Class_invariant_axiom_for_object_ObjectOrientation 
175038     INFO  main            d.u.i.k.p.r.p.TestFile    ... finished proof: open goal(s) 
175244     INFO  main            d.u.i.k.p.r.p.TestFile    Now processing file /home/runner/work/key/key/key.core/../key.ui/examples/InformationFlow/NewObjects/object.ObjectOrientation(object.ObjectOrientation__insecure_object_assignment()).Non-interference contract.0.m.key 
175244     INFO  main            d.u.i.k.p.i.AbstractProblemLoader Loading environment from /home/runner/work/key/key/key.core/../key.ui/examples/InformationFlow/NewObjects/object.ObjectOrientation(object.ObjectOrientation__insecure_object_assignment()).Non-interference contract.0.m.key 
175244     DEBUG main            d.u.i.k.p.i.AbstractProblemLoader Environment load took 80ns 
175245     INFO  main            d.u.i.k.p.i.AbstractProblemLoader Creating init config 
176068     DEBUG main            d.u.i.k.j.r.ClassPreparationMethodBuilder clPrepBuilder: Inner Class detected. Reject building class initialisation methods. 
177884     DEBUG main            d.u.i.k.p.i.AbstractProblemLoader Init config took 2.64s 
177932     INFO  main            d.u.i.k.p.i.AbstractProblemLoader Replaying proof object.ObjectOrientation[object.ObjectOrientation::insecure_object_assignment()].Non-interference contract.0 
177934     DEBUG main            d.u.i.k.p.i.IntermediateProofReplayer Proof replay took 18.2ns 
177935     DEBUG main            d.u.i.k.m.s.ProofScriptEngine 1: 'macro 'infflow-autopilot'' 
177963     DEBUG main            d.u.i.k.p.m.ProofCorrectnessMgt No justification found for rule Class_invariant_axiom_for_object_ObjectOrientation 
178149     INFO  main            d.u.i.k.p.r.p.TestFile    ... finished proof: open goal(s) 
178373     INFO  main            d.u.i.k.p.r.p.TestFile    Now processing file /home/runner/work/key/key/key.core/../key.ui/examples/InformationFlow/NewObjects/object.ObjectOrientation(object.ObjectOrientation__secure_object_creation_3()).Non-interference contract.0.m.key 
178373     INFO  main            d.u.i.k.p.i.AbstractProblemLoader Loading environment from /home/runner/work/key/key/key.core/../key.ui/examples/InformationFlow/NewObjects/object.ObjectOrientation(object.ObjectOrientation__secure_object_creation_3()).Non-interference contract.0.m.key 
178374     DEBUG main            d.u.i.k.p.i.AbstractProblemLoader Environment load took 617.31ns 
178375     INFO  main            d.u.i.k.p.i.AbstractProblemLoader Creating init config 
179212     DEBUG main            d.u.i.k.j.r.ClassPreparationMethodBuilder clPrepBuilder: Inner Class detected. Reject building class initialisation methods. 
181029     DEBUG main            d.u.i.k.p.i.AbstractProblemLoader Init config took 2.65s 
181078     INFO  main            d.u.i.k.p.i.AbstractProblemLoader Replaying proof object.ObjectOrientation[object.ObjectOrientation::secure_object_creation_3()].Non-interference contract.0 
181080     DEBUG main            d.u.i.k.p.i.IntermediateProofReplayer Proof replay took 15ns 
181081     DEBUG main            d.u.i.k.m.s.ProofScriptEngine 1: 'macro 'infflow-autopilot'' 
181109     DEBUG main            d.u.i.k.p.m.ProofCorrectnessMgt No justification found for rule Class_invariant_axiom_for_object_ObjectOrientation 
181485     INFO  main            d.u.i.k.p.r.p.TestFile    ... finished proof: closed. 
181697     INFO  main            d.u.i.k.p.r.p.TestFile    Now processing file /home/runner/work/key/key/key.core/../key.ui/examples/InformationFlow/NewObjects/object.ObjectOrientation(object.ObjectOrientation__secure_object_creation_2()).Non-interference contract.0.m.key 
181698     INFO  main            d.u.i.k.p.i.AbstractProblemLoader Loading environment from /home/runner/work/key/key/key.core/../key.ui/examples/InformationFlow/NewObjects/object.ObjectOrientation(object.ObjectOrientation__secure_object_creation_2()).Non-interference contract.0.m.key 
181698     DEBUG main            d.u.i.k.p.i.AbstractProblemLoader Environment load took 83ns 
181699     INFO  main            d.u.i.k.p.i.AbstractProblemLoader Creating init config 
182534     DEBUG main            d.u.i.k.j.r.ClassPreparationMethodBuilder clPrepBuilder: Inner Class detected. Reject building class initialisation methods. 
184345     DEBUG main            d.u.i.k.p.i.AbstractProblemLoader Init config took 2.65s 
184381     INFO  main            d.u.i.k.p.i.AbstractProblemLoader Replaying proof object.ObjectOrientation[object.ObjectOrientation::secure_object_creation_2()].Non-interference contract.0 
184383     DEBUG main            d.u.i.k.p.i.IntermediateProofReplayer Proof replay took 14.8ns 
184384     DEBUG main            d.u.i.k.m.s.ProofScriptEngine 1: 'macro 'infflow-autopilot'' 
184412     DEBUG main            d.u.i.k.p.m.ProofCorrectnessMgt No justification found for rule Class_invariant_axiom_for_object_ObjectOrientation 
184689     INFO  main            d.u.i.k.p.r.p.TestFile    ... finished proof: closed. 
184879     INFO  main            d.u.i.k.p.r.p.TestFile    Now processing file /home/runner/work/key/key/key.core/../key.ui/examples/InformationFlow/NewObjects/object.ObjectOrientation(object.ObjectOrientation__secure_object_creation()).Non-interference contract.0.m.key 
184879     INFO  main            d.u.i.k.p.i.AbstractProblemLoader Loading environment from /home/runner/work/key/key/key.core/../key.ui/examples/InformationFlow/NewObjects/object.ObjectOrientation(object.ObjectOrientation__secure_object_creation()).Non-interference contract.0.m.key 
184879     DEBUG main            d.u.i.k.p.i.AbstractProblemLoader Environment load took 76.5ns 
184880     INFO  main            d.u.i.k.p.i.AbstractProblemLoader Creating init config 
185710     DEBUG main            d.u.i.k.j.r.ClassPreparationMethodBuilder clPrepBuilder: Inner Class detected. Reject building class initialisation methods. 
187521     DEBUG main            d.u.i.k.p.i.AbstractProblemLoader Init config took 2.64s 
187558     INFO  main            d.u.i.k.p.i.AbstractProblemLoader Replaying proof object.ObjectOrientation[object.ObjectOrientation::secure_object_creation()].Non-interference contract.0 
187560     DEBUG main            d.u.i.k.p.i.IntermediateProofReplayer Proof replay took 16.3ns 
187560     DEBUG main            d.u.i.k.m.s.ProofScriptEngine 1: 'macro 'infflow-autopilot'' 
187589     DEBUG main            d.u.i.k.p.m.ProofCorrectnessMgt No justification found for rule Class_invariant_axiom_for_object_ObjectOrientation 
187945     INFO  main            d.u.i.k.p.r.p.TestFile    ... finished proof: closed. 
188142     INFO  main            d.u.i.k.p.r.p.TestFile    Now processing file /home/runner/work/key/key/key.core/../key.ui/examples/InformationFlow/NewObjects/object.AmtoftBanerjee2(object.AmtoftBanerjee2__expensive(int)).Non-interference contract.0.m.key 
188142     INFO  main            d.u.i.k.p.i.AbstractProblemLoader Loading environment from /home/runner/work/key/key/key.core/../key.ui/examples/InformationFlow/NewObjects/object.AmtoftBanerjee2(object.AmtoftBanerjee2__expensive(int)).Non-interference contract.0.m.key 
188142     DEBUG main            d.u.i.k.p.i.AbstractProblemLoader Environment load took 78ns 
188143     INFO  main            d.u.i.k.p.i.AbstractProblemLoader Creating init config 
189002     DEBUG main            d.u.i.k.j.r.ClassPreparationMethodBuilder clPrepBuilder: Inner Class detected. Reject building class initialisation methods. 
190810     DEBUG main            d.u.i.k.p.i.AbstractProblemLoader Init config took 2.67s 
190860     INFO  main            d.u.i.k.p.i.AbstractProblemLoader Replaying proof object.AmtoftBanerjee2[object.AmtoftBanerjee2::expensive(int)].Non-interference contract.0 
190862     DEBUG main            d.u.i.k.p.i.IntermediateProofReplayer Proof replay took 24.4ns 
190862     DEBUG main            d.u.i.k.m.s.ProofScriptEngine 1: 'macro 'infflow-autopilot'' 
190948     INFO  main            d.u.i.k.p.r.p.TestFile    ... finished proof: closed. 
191136     INFO  main            d.u.i.k.p.r.p.TestFile    Now processing file /home/runner/work/key/key/key.core/../key.ui/examples/InformationFlow/NewObjects/object.AmtoftBanerjee2(object.AmtoftBanerjee2__cexp(int)).Non-interference contract.0.m.key 
191137     INFO  main            d.u.i.k.p.i.AbstractProblemLoader Loading environment from /home/runner/work/key/key/key.core/../key.ui/examples/InformationFlow/NewObjects/object.AmtoftBanerjee2(object.AmtoftBanerjee2__cexp(int)).Non-interference contract.0.m.key 
191137     DEBUG main            d.u.i.k.p.i.AbstractProblemLoader Environment load took 85.6ns 
191141     INFO  main            d.u.i.k.p.i.AbstractProblemLoader Creating init config 
191982     DEBUG main            d.u.i.k.j.r.ClassPreparationMethodBuilder clPrepBuilder: Inner Class detected. Reject building class initialisation methods. 
193812     DEBUG main            d.u.i.k.p.i.AbstractProblemLoader Init config took 2.67s 
193849     INFO  main            d.u.i.k.p.i.AbstractProblemLoader Replaying proof object.AmtoftBanerjee2[object.AmtoftBanerjee2::cexp(int)].Non-interference contract.0 
193852     DEBUG main            d.u.i.k.p.i.IntermediateProofReplayer Proof replay took 17.7ns 
193853     DEBUG main            d.u.i.k.m.s.ProofScriptEngine 1: 'macro 'infflow-autopilot'' 
193886     DEBUG main            d.u.i.k.p.m.ProofCorrectnessMgt No justification found for rule Class_invariant_axiom_for_object_AmtoftBanerjee2 
195368     INFO  main            d.u.i.k.p.r.p.TestFile    ... finished proof: closed. 
2595838    INFO  Test worker     d.u.i.k.p.r.RunAllProofsTestUnit Returning from test NewObjects_fullmacro 
2595839    INFO  Test worker     d.u.i.k.p.r.RunAllProofsTestUnit Running test SimpleEvoting_fullmacro 
337        INFO  Timeout watchdog d.u.i.k.p.r.p.ForkedTestFileRunner Timeout watcher launched (1000 secs.) 
341        WARN  main            d.u.i.k.s.ProofSettings   The settings in /home/runner/.key/proof-settings.props are *not* read. 
371        INFO  main            d.u.i.k.p.r.p.TestFile    Now processing file /home/runner/work/key/key/key.core/../key.ui/examples/InformationFlow/SimpleEvoting/simple_evoting.Environment(simple_evoting.Environment__untrustedOutputMessage((B)).Non-interference contract.0.m.key 
477        INFO  main            d.u.i.k.p.i.AbstractProblemLoader Loading environment from /home/runner/work/key/key/key.core/../key.ui/examples/InformationFlow/SimpleEvoting/simple_evoting.Environment(simple_evoting.Environment__untrustedOutputMessage((B)).Non-interference contract.0.m.key 
502        DEBUG main            d.u.i.k.p.i.AbstractProblemLoader Environment load took 1.94ms 
721        INFO  main            d.u.i.k.p.i.AbstractProblemLoader Creating init config 
1632       DEBUG main            d.u.i.k.j.TypeConverter   No LDT found for Meta 
1633       DEBUG main            d.u.i.k.j.TypeConverter   No LDT found for Meta 
1636       DEBUG main            d.u.i.k.j.TypeConverter   No LDT found for Meta 
1636       DEBUG main            d.u.i.k.j.TypeConverter   No LDT found for Meta 
2925       DEBUG main            d.u.i.k.j.TypeConverter   No LDT found for JavaBigintExpression 
8859       DEBUG main            d.u.i.k.p.i.AbstractProblemLoader Init config took 8.14s 
9124       INFO  main            d.u.i.k.p.i.AbstractProblemLoader Replaying proof simple_evoting.Environment[simple_evoting.Environment::untrustedOutputMessage([B)].Non-interference contract.0 
9220       DEBUG main            d.u.i.k.p.i.IntermediateProofReplayer Proof replay took 359.81ns 
9268       DEBUG main            d.u.i.k.m.s.ProofScriptEngine 1: 'macro 'infflow-autopilot'' 
9844       DEBUG main            d.u.i.k.p.m.ProofCorrectnessMgt No justification found for rule JML_represents_clause_for_simple_evoting_Environment_rep 
10071      DEBUG main            d.u.i.k.p.m.ProofCorrectnessMgt No justification found for rule JML_represents_clause_for_simple_evoting_Environment_rep 
11004      DEBUG main            d.u.i.k.p.m.ProofCorrectnessMgt No justification found for rule JML_represents_clause_for_simple_evoting_Environment_rep 
11468      DEBUG main            d.u.i.k.p.m.ProofCorrectnessMgt No justification found for rule JML_represents_clause_for_simple_evoting_Environment_rep 
12592      DEBUG main            d.u.i.k.p.m.ProofCorrectnessMgt No justification found for rule JML_represents_clause_for_simple_evoting_Environment_rep 
14501      INFO  main            d.u.i.k.p.r.p.TestFile    ... finished proof: closed. 
14695      INFO  main            d.u.i.k.p.r.p.TestFile    Now processing file /home/runner/work/key/key/key.core/../key.ui/examples/InformationFlow/SimpleEvoting/simple_evoting.Environment(simple_evoting.Environment__untrustedInputMessage()).Non-interference contract.0.m.key 
14696      INFO  main            d.u.i.k.p.i.AbstractProblemLoader Loading environment from /home/runner/work/key/key/key.core/../key.ui/examples/InformationFlow/SimpleEvoting/simple_evoting.Environment(simple_evoting.Environment__untrustedInputMessage()).Non-interference contract.0.m.key 
14696      DEBUG main            d.u.i.k.p.i.AbstractProblemLoader Environment load took 301.4ns 
14698      INFO  main            d.u.i.k.p.i.AbstractProblemLoader Creating init config 
18229      DEBUG main            d.u.i.k.p.i.AbstractProblemLoader Init config took 3.53s 
18299      INFO  main            d.u.i.k.p.i.AbstractProblemLoader Replaying proof simple_evoting.Environment[simple_evoting.Environment::untrustedInputMessage()].Non-interference contract.0 
18305      DEBUG main            d.u.i.k.p.i.IntermediateProofReplayer Proof replay took 16.1ns 
18306      DEBUG main            d.u.i.k.m.s.ProofScriptEngine 1: 'macro 'infflow-autopilot'' 
18409      DEBUG main            d.u.i.k.p.m.ProofCorrectnessMgt No justification found for rule JML_represents_clause_for_simple_evoting_Environment_rep 
18615      DEBUG main            d.u.i.k.p.m.ProofCorrectnessMgt No justification found for rule JML_represents_clause_for_simple_evoting_Environment_rep 
21119      INFO  main            d.u.i.k.p.r.p.TestFile    ... finished proof: closed. 
21303      INFO  main            d.u.i.k.p.r.p.TestFile    Now processing file /home/runner/work/key/key/key.core/../key.ui/examples/InformationFlow/SimpleEvoting/simple_evoting.Environment(simple_evoting.Environment__untrustedOutput(int)).Non-interference contract.0.m.key 
21303      INFO  main            d.u.i.k.p.i.AbstractProblemLoader Loading environment from /home/runner/work/key/key/key.core/../key.ui/examples/InformationFlow/SimpleEvoting/simple_evoting.Environment(simple_evoting.Environment__untrustedOutput(int)).Non-interference contract.0.m.key 
21303      DEBUG main            d.u.i.k.p.i.AbstractProblemLoader Environment load took 81.1ns 
21305      INFO  main            d.u.i.k.p.i.AbstractProblemLoader Creating init config 
24743      DEBUG main            d.u.i.k.p.i.AbstractProblemLoader Init config took 3.44s 
24814      INFO  main            d.u.i.k.p.i.AbstractProblemLoader Replaying proof simple_evoting.Environment[simple_evoting.Environment::untrustedOutput(int)].Non-interference contract.0 
24817      DEBUG main            d.u.i.k.p.i.IntermediateProofReplayer Proof replay took 15.4ns 
24818      DEBUG main            d.u.i.k.m.s.ProofScriptEngine 1: 'macro 'infflow-autopilot'' 
24894      INFO  main            d.u.i.k.p.r.p.TestFile    ... finished proof: closed. 
25072      INFO  main            d.u.i.k.p.r.p.TestFile    Now processing file /home/runner/work/key/key/key.core/../key.ui/examples/InformationFlow/SimpleEvoting/simple_evoting.Environment(simple_evoting.Environment__untrustedInput(int)).Non-interference contract.0.m.key 
25073      INFO  main            d.u.i.k.p.i.AbstractProblemLoader Loading environment from /home/runner/work/key/key/key.core/../key.ui/examples/InformationFlow/SimpleEvoting/simple_evoting.Environment(simple_evoting.Environment__untrustedInput(int)).Non-interference contract.0.m.key 
25073      DEBUG main            d.u.i.k.p.i.AbstractProblemLoader Environment load took 114ns 
25076      INFO  main            d.u.i.k.p.i.AbstractProblemLoader Creating init config 
28453      DEBUG main            d.u.i.k.p.i.AbstractProblemLoader Init config took 3.38s 
28514      INFO  main            d.u.i.k.p.i.AbstractProblemLoader Replaying proof simple_evoting.Environment[simple_evoting.Environment::untrustedInput(int)].Non-interference contract.0 
28517      DEBUG main            d.u.i.k.p.i.IntermediateProofReplayer Proof replay took 15.2ns 
28518      DEBUG main            d.u.i.k.m.s.ProofScriptEngine 1: 'macro 'infflow-autopilot'' 
28618      INFO  main            d.u.i.k.p.r.p.TestFile    ... finished proof: open goal(s) 
28770      INFO  main            d.u.i.k.p.r.p.TestFile    Now processing file /home/runner/work/key/key/key.core/../key.ui/examples/InformationFlow/SimpleEvoting/simple_evoting.Environment(simple_evoting.Environment__untrustedInput()).Non-interference contract.0.m.key 
28770      INFO  main            d.u.i.k.p.i.AbstractProblemLoader Loading environment from /home/runner/work/key/key/key.core/../key.ui/examples/InformationFlow/SimpleEvoting/simple_evoting.Environment(simple_evoting.Environment__untrustedInput()).Non-interference contract.0.m.key 
28770      DEBUG main            d.u.i.k.p.i.AbstractProblemLoader Environment load took 79ns 
28771      INFO  main            d.u.i.k.p.i.AbstractProblemLoader Creating init config 
32124      DEBUG main            d.u.i.k.p.i.AbstractProblemLoader Init config took 3.35s 
32205      INFO  main            d.u.i.k.p.i.AbstractProblemLoader Replaying proof simple_evoting.Environment[simple_evoting.Environment::untrustedInput()].Non-interference contract.0 
32208      DEBUG main            d.u.i.k.p.i.IntermediateProofReplayer Proof replay took 15.4ns 
32209      DEBUG main            d.u.i.k.m.s.ProofScriptEngine 1: 'macro 'infflow-autopilot'' 
32299      INFO  main            d.u.i.k.p.r.p.TestFile    ... finished proof: open goal(s) 
32462      INFO  main            d.u.i.k.p.r.p.TestFile    Now processing file /home/runner/work/key/key/key.core/../key.ui/examples/InformationFlow/SimpleEvoting/simple_evoting.SMT(simple_evoting.SMT__send(simple_evoting.Message,int,simple_evoting.Server)).Non-interference contract.1.m.key 
32462      INFO  main            d.u.i.k.p.i.AbstractProblemLoader Loading environment from /home/runner/work/key/key/key.core/../key.ui/examples/InformationFlow/SimpleEvoting/simple_evoting.SMT(simple_evoting.SMT__send(simple_evoting.Message,int,simple_evoting.Server)).Non-interference contract.1.m.key 
32462      DEBUG main            d.u.i.k.p.i.AbstractProblemLoader Environment load took 80.3ns 
32463      INFO  main            d.u.i.k.p.i.AbstractProblemLoader Creating init config 
35794      DEBUG main            d.u.i.k.p.i.AbstractProblemLoader Init config took 3.33s 
35851      INFO  main            d.u.i.k.p.i.AbstractProblemLoader Replaying proof simple_evoting.SMT[simple_evoting.SMT::send(simple_evoting.Message,int,simple_evoting.Server)].Non-interference contract.1 
35854      DEBUG main            d.u.i.k.p.i.IntermediateProofReplayer Proof replay took 17ns 
35855      DEBUG main            d.u.i.k.m.s.ProofScriptEngine 1: 'macro 'infflow-autopilot'' 
35908      DEBUG main            d.u.i.k.p.m.ProofCorrectnessMgt No justification found for rule Class_invariant_axiom_for_simple_evoting_Server 
35915      DEBUG main            d.u.i.k.p.m.ProofCorrectnessMgt No justification found for rule Class_invariant_axiom_for_simple_evoting_Message 
35974      DEBUG main            d.u.i.k.p.m.ProofCorrectnessMgt No justification found for rule JML_represents_clause_for_simple_evoting_Environment_rep 
36236      DEBUG main            d.u.i.k.p.m.ProofCorrectnessMgt No justification found for rule Class_invariant_axiom_for_simple_evoting_Server 
36319      DEBUG main            d.u.i.k.p.m.ProofCorrectnessMgt No justification found for rule Class_invariant_axiom_for_simple_evoting_Message 
36352      DEBUG main            d.u.i.k.p.m.ProofCorrectnessMgt No justification found for rule Class_invariant_axiom_for_simple_evoting_Server 
36389      DEBUG main            d.u.i.k.p.m.ProofCorrectnessMgt No justification found for rule Class_invariant_axiom_for_simple_evoting_Message 
37543      DEBUG main            d.u.i.k.p.m.ProofCorrectnessMgt No justification found for rule Class_invariant_axiom_for_simple_evoting_Message 
37629      DEBUG main            d.u.i.k.p.m.ProofCorrectnessMgt No justification found for rule Class_invariant_axiom_for_simple_evoting_Server 
37754      DEBUG main            d.u.i.k.p.m.ProofCorrectnessMgt No justification found for rule Class_invariant_axiom_for_simple_evoting_Server 
37865      DEBUG main            d.u.i.k.p.m.ProofCorrectnessMgt No justification found for rule Class_invariant_axiom_for_simple_evoting_Server 
37917      DEBUG main            d.u.i.k.p.m.ProofCorrectnessMgt No justification found for rule Class_invariant_axiom_for_simple_evoting_Message 
37937      DEBUG main            d.u.i.k.p.m.ProofCorrectnessMgt No justification found for rule Class_invariant_axiom_for_simple_evoting_Server 
37981      DEBUG main            d.u.i.k.p.m.ProofCorrectnessMgt No justification found for rule Class_invariant_axiom_for_simple_evoting_Message 
38010      DEBUG main            d.u.i.k.p.m.ProofCorrectnessMgt No justification found for rule Class_invariant_axiom_for_simple_evoting_Server 
38076      DEBUG main            d.u.i.k.p.m.ProofCorrectnessMgt No justification found for rule Class_invariant_axiom_for_simple_evoting_Message 
38103      DEBUG main            d.u.i.k.p.m.ProofCorrectnessMgt No justification found for rule Class_invariant_axiom_for_simple_evoting_Server 
38149      DEBUG main            d.u.i.k.p.m.ProofCorrectnessMgt No justification found for rule Class_invariant_axiom_for_simple_evoting_Server 
38215      DEBUG main            d.u.i.k.p.m.ProofCorrectnessMgt No justification found for rule Class_invariant_axiom_for_simple_evoting_Server 
38280      DEBUG main            d.u.i.k.p.m.ProofCorrectnessMgt No justification found for rule Class_invariant_axiom_for_simple_evoting_Message 
38299      DEBUG main            d.u.i.k.p.m.ProofCorrectnessMgt No justification found for rule Class_invariant_axiom_for_simple_evoting_Message 
38323      DEBUG main            d.u.i.k.p.m.ProofCorrectnessMgt No justification found for rule Class_invariant_axiom_for_simple_evoting_Server 
38372      DEBUG main            d.u.i.k.p.m.ProofCorrectnessMgt No justification found for rule Class_invariant_axiom_for_simple_evoting_Message 
38391      DEBUG main            d.u.i.k.p.m.ProofCorrectnessMgt No justification found for rule Class_invariant_axiom_for_simple_evoting_Server 
38452      DEBUG main            d.u.i.k.p.m.ProofCorrectnessMgt No justification found for rule Class_invariant_axiom_for_simple_evoting_Message 
38469      DEBUG main            d.u.i.k.p.m.ProofCorrectnessMgt No justification found for rule Class_invariant_axiom_for_simple_evoting_Message 
38494      DEBUG main            d.u.i.k.p.m.ProofCorrectnessMgt No justification found for rule Class_invariant_axiom_for_simple_evoting_Server 
38822      DEBUG main            d.u.i.k.p.m.ProofCorrectnessMgt No justification found for rule Class_invariant_axiom_for_simple_evoting_Message 
38861      DEBUG main            d.u.i.k.p.m.ProofCorrectnessMgt No justification found for rule Class_invariant_axiom_for_simple_evoting_Server 
38964      DEBUG main            d.u.i.k.p.m.ProofCorrectnessMgt No justification found for rule Class_invariant_axiom_for_simple_evoting_Message 
38998      DEBUG main            d.u.i.k.p.m.ProofCorrectnessMgt No justification found for rule Class_invariant_axiom_for_simple_evoting_Message 
39030      DEBUG main            d.u.i.k.p.m.ProofCorrectnessMgt No justification found for rule Class_invariant_axiom_for_simple_evoting_Server 
39097      DEBUG main            d.u.i.k.p.m.ProofCorrectnessMgt No justification found for rule Class_invariant_axiom_for_simple_evoting_Server 
39191      DEBUG main            d.u.i.k.p.m.ProofCorrectnessMgt No justification found for rule Class_invariant_axiom_for_simple_evoting_Server 
39270      DEBUG main            d.u.i.k.p.m.ProofCorrectnessMgt No justification found for rule Class_invariant_axiom_for_simple_evoting_Server 
39343      DEBUG main            d.u.i.k.p.m.ProofCorrectnessMgt No justification found for rule Class_invariant_axiom_for_simple_evoting_Server 
39416      DEBUG main            d.u.i.k.p.m.ProofCorrectnessMgt No justification found for rule Class_invariant_axiom_for_simple_evoting_Message 
39449      DEBUG main            d.u.i.k.p.m.ProofCorrectnessMgt No justification found for rule Class_invariant_axiom_for_simple_evoting_Message 
39477      DEBUG main            d.u.i.k.p.m.ProofCorrectnessMgt No justification found for rule Class_invariant_axiom_for_simple_evoting_Message 
39508      DEBUG main            d.u.i.k.p.m.ProofCorrectnessMgt No justification found for rule Class_invariant_axiom_for_simple_evoting_Message 
39737      DEBUG main            d.u.i.k.p.m.ProofCorrectnessMgt No justification found for rule Class_invariant_axiom_for_simple_evoting_Message 
39779      DEBUG main            d.u.i.k.p.m.ProofCorrectnessMgt No justification found for rule Class_invariant_axiom_for_simple_evoting_Server 
39854      DEBUG main            d.u.i.k.p.m.ProofCorrectnessMgt No justification found for rule Class_invariant_axiom_for_simple_evoting_Message 
39889      DEBUG main            d.u.i.k.p.m.ProofCorrectnessMgt No justification found for rule Class_invariant_axiom_for_simple_evoting_Server 
40846      DEBUG main            d.u.i.k.p.m.ProofCorrectnessMgt No justification found for rule Class_invariant_axiom_for_simple_evoting_Server 
40911      DEBUG main            d.u.i.k.p.m.ProofCorrectnessMgt No justification found for rule JML_represents_clause_for_simple_evoting_Environment_rep 
41017      DEBUG main            d.u.i.k.p.m.ProofCorrectnessMgt No justification found for rule Class_invariant_axiom_for_simple_evoting_Message 
41064      DEBUG main            d.u.i.k.p.m.ProofCorrectnessMgt No justification found for rule Class_invariant_axiom_for_simple_evoting_Message 
41107      DEBUG main            d.u.i.k.p.m.ProofCorrectnessMgt No justification found for rule Class_invariant_axiom_for_simple_evoting_Message 
41155      DEBUG main            d.u.i.k.p.m.ProofCorrectnessMgt No justification found for rule Class_invariant_axiom_for_simple_evoting_Message 
41203      DEBUG main            d.u.i.k.p.m.ProofCorrectnessMgt No justification found for rule Class_invariant_axiom_for_simple_evoting_Message 
41246      DEBUG main            d.u.i.k.p.m.ProofCorrectnessMgt No justification found for rule Class_invariant_axiom_for_simple_evoting_Message 
41288      DEBUG main            d.u.i.k.p.m.ProofCorrectnessMgt No justification found for rule Class_invariant_axiom_for_simple_evoting_Message 
41332      DEBUG main            d.u.i.k.p.m.ProofCorrectnessMgt No justification found for rule Class_invariant_axiom_for_simple_evoting_Message 
41371      DEBUG main            d.u.i.k.p.m.ProofCorrectnessMgt No justification found for rule Class_invariant_axiom_for_simple_evoting_Message 
41414      DEBUG main            d.u.i.k.p.m.ProofCorrectnessMgt No justification found for rule Class_invariant_axiom_for_simple_evoting_Message 
41763      DEBUG main            d.u.i.k.p.m.ProofCorrectnessMgt No justification found for rule Class_invariant_axiom_for_simple_evoting_Server 
41849      DEBUG main            d.u.i.k.p.m.ProofCorrectnessMgt No justification found for rule Class_invariant_axiom_for_simple_evoting_Server 
41931      DEBUG main            d.u.i.k.p.m.ProofCorrectnessMgt No justification found for rule Class_invariant_axiom_for_simple_evoting_Server 
42038      DEBUG main            d.u.i.k.p.m.ProofCorrectnessMgt No justification found for rule Class_invariant_axiom_for_simple_evoting_Server 
42120      DEBUG main            d.u.i.k.p.m.ProofCorrectnessMgt No justification found for rule Class_invariant_axiom_for_simple_evoting_Server 
42190      DEBUG main            d.u.i.k.p.m.ProofCorrectnessMgt No justification found for rule Class_invariant_axiom_for_simple_evoting_Server 
42273      DEBUG main            d.u.i.k.p.m.ProofCorrectnessMgt No justification found for rule Class_invariant_axiom_for_simple_evoting_Server 
42353      DEBUG main            d.u.i.k.p.m.ProofCorrectnessMgt No justification found for rule Class_invariant_axiom_for_simple_evoting_Server 
42420      DEBUG main            d.u.i.k.p.m.ProofCorrectnessMgt No justification found for rule Class_invariant_axiom_for_simple_evoting_Server 
42487      DEBUG main            d.u.i.k.p.m.ProofCorrectnessMgt No justification found for rule Class_invariant_axiom_for_simple_evoting_Server 
58670      DEBUG main            d.u.i.k.p.m.ProofCorrectnessMgt No justification found for rule Class_invariant_axiom_for_simple_evoting_Message 
58733      DEBUG main            d.u.i.k.p.m.ProofCorrectnessMgt No justification found for rule Class_invariant_axiom_for_simple_evoting_Server 
58821      DEBUG main            d.u.i.k.p.m.ProofCorrectnessMgt No justification found for rule Class_invariant_axiom_for_simple_evoting_Server 
58858      DEBUG main            d.u.i.k.p.m.ProofCorrectnessMgt No justification found for rule Class_invariant_axiom_for_simple_evoting_Message 
80258      INFO  main            d.u.i.k.p.r.p.TestFile    ... finished proof: closed. 
80666      INFO  main            d.u.i.k.p.r.p.TestFile    Now processing file /home/runner/work/key/key/key.core/../key.ui/examples/InformationFlow/SimpleEvoting/simple_evoting.SMT(simple_evoting.SMT__send(simple_evoting.Message,int,simple_evoting.Server)).Non-interference contract.0.m.key 
80666      INFO  main            d.u.i.k.p.i.AbstractProblemLoader Loading environment from /home/runner/work/key/key/key.core/../key.ui/examples/InformationFlow/SimpleEvoting/simple_evoting.SMT(simple_evoting.SMT__send(simple_evoting.Message,int,simple_evoting.Server)).Non-interference contract.0.m.key 
80666      DEBUG main            d.u.i.k.p.i.AbstractProblemLoader Environment load took 74.6ns 
80667      INFO  main            d.u.i.k.p.i.AbstractProblemLoader Creating init config 
83901      DEBUG main            d.u.i.k.p.i.AbstractProblemLoader Init config took 3.23s 
83958      INFO  main            d.u.i.k.p.i.AbstractProblemLoader Replaying proof simple_evoting.SMT[simple_evoting.SMT::send(simple_evoting.Message,int,simple_evoting.Server)].Non-interference contract.0 
83960      DEBUG main            d.u.i.k.p.i.IntermediateProofReplayer Proof replay took 16ns 
83961      DEBUG main            d.u.i.k.m.s.ProofScriptEngine 1: 'macro 'infflow-autopilot'' 
84015      DEBUG main            d.u.i.k.p.m.ProofCorrectnessMgt No justification found for rule Class_invariant_axiom_for_simple_evoting_Server 
84022      DEBUG main            d.u.i.k.p.m.ProofCorrectnessMgt No justification found for rule Class_invariant_axiom_for_simple_evoting_Message 
84062      DEBUG main            d.u.i.k.p.m.ProofCorrectnessMgt No justification found for rule JML_represents_clause_for_simple_evoting_Environment_rep 
84304      DEBUG main            d.u.i.k.p.m.ProofCorrectnessMgt No justification found for rule Class_invariant_axiom_for_simple_evoting_Server 
84381      DEBUG main            d.u.i.k.p.m.ProofCorrectnessMgt No justification found for rule Class_invariant_axiom_for_simple_evoting_Message 
84409      DEBUG main            d.u.i.k.p.m.ProofCorrectnessMgt No justification found for rule Class_invariant_axiom_for_simple_evoting_Message 
84421      DEBUG main            d.u.i.k.p.m.ProofCorrectnessMgt No justification found for rule Class_invariant_axiom_for_simple_evoting_Server 
85470      DEBUG main            d.u.i.k.p.m.ProofCorrectnessMgt No justification found for rule Class_invariant_axiom_for_simple_evoting_Message 
85551      DEBUG main            d.u.i.k.p.m.ProofCorrectnessMgt No justification found for rule Class_invariant_axiom_for_simple_evoting_Server 
85671      DEBUG main            d.u.i.k.p.m.ProofCorrectnessMgt No justification found for rule Class_invariant_axiom_for_simple_evoting_Server 
85741      DEBUG main            d.u.i.k.p.m.ProofCorrectnessMgt No justification found for rule Class_invariant_axiom_for_simple_evoting_Message 
85766      DEBUG main            d.u.i.k.p.m.ProofCorrectnessMgt No justification found for rule Class_invariant_axiom_for_simple_evoting_Server 
85837      DEBUG main            d.u.i.k.p.m.ProofCorrectnessMgt No justification found for rule Class_invariant_axiom_for_simple_evoting_Server 
85889      DEBUG main            d.u.i.k.p.m.ProofCorrectnessMgt No justification found for rule Class_invariant_axiom_for_simple_evoting_Message 
85915      DEBUG main            d.u.i.k.p.m.ProofCorrectnessMgt No justification found for rule Class_invariant_axiom_for_simple_evoting_Server 
85962      DEBUG main            d.u.i.k.p.m.ProofCorrectnessMgt No justification found for rule Class_invariant_axiom_for_simple_evoting_Server 
86283      DEBUG main            d.u.i.k.p.m.ProofCorrectnessMgt No justification found for rule Class_invariant_axiom_for_simple_evoting_Message 
86306      DEBUG main            d.u.i.k.p.m.ProofCorrectnessMgt No justification found for rule Class_invariant_axiom_for_simple_evoting_Message 
86325      DEBUG main            d.u.i.k.p.m.ProofCorrectnessMgt No justification found for rule Class_invariant_axiom_for_simple_evoting_Message 
86353      DEBUG main            d.u.i.k.p.m.ProofCorrectnessMgt No justification found for rule Class_invariant_axiom_for_simple_evoting_Message 
86381      DEBUG main            d.u.i.k.p.m.ProofCorrectnessMgt No justification found for rule Class_invariant_axiom_for_simple_evoting_Server 
86445      DEBUG main            d.u.i.k.p.m.ProofCorrectnessMgt No justification found for rule Class_invariant_axiom_for_simple_evoting_Server 
86499      DEBUG main            d.u.i.k.p.m.ProofCorrectnessMgt No justification found for rule Class_invariant_axiom_for_simple_evoting_Message 
86526      DEBUG main            d.u.i.k.p.m.ProofCorrectnessMgt No justification found for rule Class_invariant_axiom_for_simple_evoting_Server 
86576      DEBUG main            d.u.i.k.p.m.ProofCorrectnessMgt No justification found for rule Class_invariant_axiom_for_simple_evoting_Server 
86605      DEBUG main            d.u.i.k.p.m.ProofCorrectnessMgt No justification found for rule Class_invariant_axiom_for_simple_evoting_Server 
86655      DEBUG main            d.u.i.k.p.m.ProofCorrectnessMgt No justification found for rule Class_invariant_axiom_for_simple_evoting_Server 
86718      DEBUG main            d.u.i.k.p.m.ProofCorrectnessMgt No justification found for rule Class_invariant_axiom_for_simple_evoting_Message 
86735      DEBUG main            d.u.i.k.p.m.ProofCorrectnessMgt No justification found for rule Class_invariant_axiom_for_simple_evoting_Message 
86755      DEBUG main            d.u.i.k.p.m.ProofCorrectnessMgt No justification found for rule Class_invariant_axiom_for_simple_evoting_Server 
86844      DEBUG main            d.u.i.k.p.m.ProofCorrectnessMgt No justification found for rule Class_invariant_axiom_for_simple_evoting_Server 
86928      DEBUG main            d.u.i.k.p.m.ProofCorrectnessMgt No justification found for rule Class_invariant_axiom_for_simple_evoting_Server 
87015      DEBUG main            d.u.i.k.p.m.ProofCorrectnessMgt No justification found for rule Class_invariant_axiom_for_simple_evoting_Server 
87138      DEBUG main            d.u.i.k.p.m.ProofCorrectnessMgt No justification found for rule Class_invariant_axiom_for_simple_evoting_Server 
87203      DEBUG main            d.u.i.k.p.m.ProofCorrectnessMgt No justification found for rule Class_invariant_axiom_for_simple_evoting_Message 
87237      DEBUG main            d.u.i.k.p.m.ProofCorrectnessMgt No justification found for rule Class_invariant_axiom_for_simple_evoting_Message 
87272      DEBUG main            d.u.i.k.p.m.ProofCorrectnessMgt No justification found for rule Class_invariant_axiom_for_simple_evoting_Message 
87302      DEBUG main            d.u.i.k.p.m.ProofCorrectnessMgt No justification found for rule Class_invariant_axiom_for_simple_evoting_Server 
87351      DEBUG main            d.u.i.k.p.m.ProofCorrectnessMgt No justification found for rule Class_invariant_axiom_for_simple_evoting_Message 
87379      DEBUG main            d.u.i.k.p.m.ProofCorrectnessMgt No justification found for rule Class_invariant_axiom_for_simple_evoting_Message 
87409      DEBUG main            d.u.i.k.p.m.ProofCorrectnessMgt No justification found for rule Class_invariant_axiom_for_simple_evoting_Message 
87447      DEBUG main            d.u.i.k.p.m.ProofCorrectnessMgt No justification found for rule Class_invariant_axiom_for_simple_evoting_Message 
87485      DEBUG main            d.u.i.k.p.m.ProofCorrectnessMgt No justification found for rule Class_invariant_axiom_for_simple_evoting_Server 
87546      DEBUG main            d.u.i.k.p.m.ProofCorrectnessMgt No justification found for rule Class_invariant_axiom_for_simple_evoting_Server 
87600      DEBUG main            d.u.i.k.p.m.ProofCorrectnessMgt No justification found for rule Class_invariant_axiom_for_simple_evoting_Message 
88675      DEBUG main            d.u.i.k.p.m.ProofCorrectnessMgt No justification found for rule JML_represents_clause_for_simple_evoting_Environment_rep 
88762      DEBUG main            d.u.i.k.p.m.ProofCorrectnessMgt No justification found for rule Class_invariant_axiom_for_simple_evoting_Message 
88805      DEBUG main            d.u.i.k.p.m.ProofCorrectnessMgt No justification found for rule Class_invariant_axiom_for_simple_evoting_Message 
88846      DEBUG main            d.u.i.k.p.m.ProofCorrectnessMgt No justification found for rule Class_invariant_axiom_for_simple_evoting_Message 
88887      DEBUG main            d.u.i.k.p.m.ProofCorrectnessMgt No justification found for rule Class_invariant_axiom_for_simple_evoting_Message 
88925      DEBUG main            d.u.i.k.p.m.ProofCorrectnessMgt No justification found for rule Class_invariant_axiom_for_simple_evoting_Message 
88963      DEBUG main            d.u.i.k.p.m.ProofCorrectnessMgt No justification found for rule Class_invariant_axiom_for_simple_evoting_Message 
89001      DEBUG main            d.u.i.k.p.m.ProofCorrectnessMgt No justification found for rule Class_invariant_axiom_for_simple_evoting_Message 
89043      DEBUG main            d.u.i.k.p.m.ProofCorrectnessMgt No justification found for rule Class_invariant_axiom_for_simple_evoting_Message 
89085      DEBUG main            d.u.i.k.p.m.ProofCorrectnessMgt No justification found for rule Class_invariant_axiom_for_simple_evoting_Message 
89155      DEBUG main            d.u.i.k.p.m.ProofCorrectnessMgt No justification found for rule Class_invariant_axiom_for_simple_evoting_Message 
89440      DEBUG main            d.u.i.k.p.m.ProofCorrectnessMgt No justification found for rule Class_invariant_axiom_for_simple_evoting_Server 
89527      DEBUG main            d.u.i.k.p.m.ProofCorrectnessMgt No justification found for rule Class_invariant_axiom_for_simple_evoting_Server 
89605      DEBUG main            d.u.i.k.p.m.ProofCorrectnessMgt No justification found for rule Class_invariant_axiom_for_simple_evoting_Server 
89678      DEBUG main            d.u.i.k.p.m.ProofCorrectnessMgt No justification found for rule Class_invariant_axiom_for_simple_evoting_Server 
89756      DEBUG main            d.u.i.k.p.m.ProofCorrectnessMgt No justification found for rule Class_invariant_axiom_for_simple_evoting_Server 
89836      DEBUG main            d.u.i.k.p.m.ProofCorrectnessMgt No justification found for rule Class_invariant_axiom_for_simple_evoting_Server 
89914      DEBUG main            d.u.i.k.p.m.ProofCorrectnessMgt No justification found for rule Class_invariant_axiom_for_simple_evoting_Server 
89993      DEBUG main            d.u.i.k.p.m.ProofCorrectnessMgt No justification found for rule Class_invariant_axiom_for_simple_evoting_Server 
90057      DEBUG main            d.u.i.k.p.m.ProofCorrectnessMgt No justification found for rule Class_invariant_axiom_for_simple_evoting_Server 
90123      DEBUG main            d.u.i.k.p.m.ProofCorrectnessMgt No justification found for rule Class_invariant_axiom_for_simple_evoting_Server 
106563     DEBUG main            d.u.i.k.p.m.ProofCorrectnessMgt No justification found for rule Class_invariant_axiom_for_simple_evoting_Message 
106620     DEBUG main            d.u.i.k.p.m.ProofCorrectnessMgt No justification found for rule Class_invariant_axiom_for_simple_evoting_Message 
106647     DEBUG main            d.u.i.k.p.m.ProofCorrectnessMgt No justification found for rule Class_invariant_axiom_for_simple_evoting_Server 
106720     DEBUG main            d.u.i.k.p.m.ProofCorrectnessMgt No justification found for rule Class_invariant_axiom_for_simple_evoting_Server 
130231     INFO  main            d.u.i.k.p.r.p.TestFile    ... finished proof: closed. 
130570     INFO  main            d.u.i.k.p.r.p.TestFile    Now processing file /home/runner/work/key/key/key.core/../key.ui/examples/InformationFlow/SimpleEvoting/simple_evoting.SMTEnv(simple_evoting.SMTEnv__send(int,int,int,simple_evoting.Server,int)).Non-interference contract.0.m.key 
130570     INFO  main            d.u.i.k.p.i.AbstractProblemLoader Loading environment from /home/runner/work/key/key/key.core/../key.ui/examples/InformationFlow/SimpleEvoting/simple_evoting.SMTEnv(simple_evoting.SMTEnv__send(int,int,int,simple_evoting.Server,int)).Non-interference contract.0.m.key 
130570     DEBUG main            d.u.i.k.p.i.AbstractProblemLoader Environment load took 73.1ns 
130571     INFO  main            d.u.i.k.p.i.AbstractProblemLoader Creating init config 
133760     DEBUG main            d.u.i.k.p.i.AbstractProblemLoader Init config took 3.19s 
133814     INFO  main            d.u.i.k.p.i.AbstractProblemLoader Replaying proof simple_evoting.SMTEnv[simple_evoting.SMTEnv::send(int,int,int,simple_evoting.Server,int)].Non-interference contract.0 
133816     DEBUG main            d.u.i.k.p.i.IntermediateProofReplayer Proof replay took 15.6ns 
133817     DEBUG main            d.u.i.k.m.s.ProofScriptEngine 1: 'macro 'infflow-autopilot'' 
133867     DEBUG main            d.u.i.k.p.m.ProofCorrectnessMgt No justification found for rule JML_represents_clause_for_simple_evoting_Environment_rep 
133881     DEBUG main            d.u.i.k.p.m.ProofCorrectnessMgt No justification found for rule JML_represents_clause_for_simple_evoting_Environment_rep 
133895     DEBUG main            d.u.i.k.p.m.ProofCorrectnessMgt No justification found for rule JML_represents_clause_for_simple_evoting_Environment_rep 
133910     DEBUG main            d.u.i.k.p.m.ProofCorrectnessMgt No justification found for rule JML_represents_clause_for_simple_evoting_Environment_rep 
133924     DEBUG main            d.u.i.k.p.m.ProofCorrectnessMgt No justification found for rule JML_represents_clause_for_simple_evoting_Environment_rep 
133977     DEBUG main            d.u.i.k.p.m.ProofCorrectnessMgt No justification found for rule JML_represents_clause_for_simple_evoting_Environment_rep 
135266     INFO  main            d.u.i.k.p.r.p.TestFile    ... finished proof: closed. 
135572     INFO  main            d.u.i.k.p.r.p.TestFile    Now processing file /home/runner/work/key/key/key.core/../key.ui/examples/InformationFlow/SimpleEvoting/simple_evoting.NetworkClient(simple_evoting.NetworkClient__send((B,simple_evoting.Server,int)).Non-interference contract.0.m.key 
135572     INFO  main            d.u.i.k.p.i.AbstractProblemLoader Loading environment from /home/runner/work/key/key/key.core/../key.ui/examples/InformationFlow/SimpleEvoting/simple_evoting.NetworkClient(simple_evoting.NetworkClient__send((B,simple_evoting.Server,int)).Non-interference contract.0.m.key 
135572     DEBUG main            d.u.i.k.p.i.AbstractProblemLoader Environment load took 73.4ns 
135575     INFO  main            d.u.i.k.p.i.AbstractProblemLoader Creating init config 
138793     DEBUG main            d.u.i.k.p.i.AbstractProblemLoader Init config took 3.22s 
138844     INFO  main            d.u.i.k.p.i.AbstractProblemLoader Replaying proof simple_evoting.NetworkClient[simple_evoting.NetworkClient::send([B,simple_evoting.Server,int)].Non-interference contract.0 
138848     DEBUG main            d.u.i.k.p.i.IntermediateProofReplayer Proof replay took 15.4ns 
138849     DEBUG main            d.u.i.k.m.s.ProofScriptEngine 1: 'macro 'infflow-autopilot'' 
138895     DEBUG main            d.u.i.k.p.m.ProofCorrectnessMgt No justification found for rule JML_represents_clause_for_simple_evoting_Environment_rep 
138915     DEBUG main            d.u.i.k.p.m.ProofCorrectnessMgt No justification found for rule JML_represents_clause_for_simple_evoting_Environment_rep 
138930     DEBUG main            d.u.i.k.p.m.ProofCorrectnessMgt No justification found for rule JML_represents_clause_for_simple_evoting_Environment_rep 
139963     INFO  main            d.u.i.k.p.r.p.TestFile    ... finished proof: closed. 
140170     INFO  main            d.u.i.k.p.r.p.TestFile    Now processing file /home/runner/work/key/key/key.core/../key.ui/examples/InformationFlow/SimpleEvoting/simple_evoting.Voter(simple_evoting.Voter__onSendBallot(simple_evoting.Server)).Non-interference contract.1.m.key 
140170     INFO  main            d.u.i.k.p.i.AbstractProblemLoader Loading environment from /home/runner/work/key/key/key.core/../key.ui/examples/InformationFlow/SimpleEvoting/simple_evoting.Voter(simple_evoting.Voter__onSendBallot(simple_evoting.Server)).Non-interference contract.1.m.key 
140170     DEBUG main            d.u.i.k.p.i.AbstractProblemLoader Environment load took 64.4ns 
140172     INFO  main            d.u.i.k.p.i.AbstractProblemLoader Creating init config 
143360     DEBUG main            d.u.i.k.p.i.AbstractProblemLoader Init config took 3.19s 
143433     INFO  main            d.u.i.k.p.i.AbstractProblemLoader Replaying proof simple_evoting.Voter[simple_evoting.Voter::onSendBallot(simple_evoting.Server)].Non-interference contract.1 
143436     DEBUG main            d.u.i.k.p.i.IntermediateProofReplayer Proof replay took 16.8ns 
143437     DEBUG main            d.u.i.k.m.s.ProofScriptEngine 1: 'macro 'infflow-autopilot'' 
143474     DEBUG main            d.u.i.k.p.m.ProofCorrectnessMgt No justification found for rule Class_invariant_axiom_for_simple_evoting_Voter 
143479     DEBUG main            d.u.i.k.p.m.ProofCorrectnessMgt No justification found for rule Class_invariant_axiom_for_simple_evoting_Server 
144060     DEBUG main            d.u.i.k.p.m.ProofCorrectnessMgt No justification found for rule Class_invariant_axiom_for_simple_evoting_Server 
144242     DEBUG main            d.u.i.k.p.m.ProofCorrectnessMgt No justification found for rule Class_invariant_axiom_for_simple_evoting_Message 
144296     DEBUG main            d.u.i.k.p.m.ProofCorrectnessMgt No justification found for rule Class_invariant_axiom_for_simple_evoting_Server 
144410     DEBUG main            d.u.i.k.p.m.ProofCorrectnessMgt No justification found for rule Class_invariant_axiom_for_simple_evoting_Message 
147010     DEBUG main            d.u.i.k.p.m.ProofCorrectnessMgt No justification found for rule JML_represents_clause_for_simple_evoting_Environment_rep 
147017     DEBUG main            d.u.i.k.p.m.ProofCorrectnessMgt No justification found for rule JML_represents_clause_for_simple_evoting_Environment_rep 
147084     DEBUG main            d.u.i.k.p.m.ProofCorrectnessMgt No justification found for rule JML_represents_clause_for_simple_evoting_Environment_rep 
147099     DEBUG main            d.u.i.k.p.m.ProofCorrectnessMgt No justification found for rule JML_represents_clause_for_simple_evoting_Environment_rep 
147107     DEBUG main            d.u.i.k.p.m.ProofCorrectnessMgt No justification found for rule JML_represents_clause_for_simple_evoting_Environment_rep 
147129     DEBUG main            d.u.i.k.p.m.ProofCorrectnessMgt No justification found for rule JML_represents_clause_for_simple_evoting_Environment_rep 
147137     DEBUG main            d.u.i.k.p.m.ProofCorrectnessMgt No justification found for rule JML_represents_clause_for_simple_evoting_Environment_rep 
147144     DEBUG main            d.u.i.k.p.m.ProofCorrectnessMgt No justification found for rule JML_represents_clause_for_simple_evoting_Environment_rep 
147166     DEBUG main            d.u.i.k.p.m.ProofCorrectnessMgt No justification found for rule JML_represents_clause_for_simple_evoting_Environment_rep 
147173     DEBUG main            d.u.i.k.p.m.ProofCorrectnessMgt No justification found for rule JML_represents_clause_for_simple_evoting_Environment_rep 
147188     DEBUG main            d.u.i.k.p.m.ProofCorrectnessMgt No justification found for rule JML_represents_clause_for_simple_evoting_Environment_rep 
147202     DEBUG main            d.u.i.k.p.m.ProofCorrectnessMgt No justification found for rule JML_represents_clause_for_simple_evoting_Environment_rep 
147209     DEBUG main            d.u.i.k.p.m.ProofCorrectnessMgt No justification found for rule JML_represents_clause_for_simple_evoting_Environment_rep 
147231     DEBUG main            d.u.i.k.p.m.ProofCorrectnessMgt No justification found for rule JML_represents_clause_for_simple_evoting_Environment_rep 
147244     DEBUG main            d.u.i.k.p.m.ProofCorrectnessMgt No justification found for rule Class_invariant_axiom_for_simple_evoting_Server 
147580     DEBUG main            d.u.i.k.p.m.ProofCorrectnessMgt No justification found for rule Class_invariant_axiom_for_simple_evoting_Server 
147812     DEBUG main            d.u.i.k.p.m.ProofCorrectnessMgt No justification found for rule Class_invariant_axiom_for_simple_evoting_Server 
148031     DEBUG main            d.u.i.k.p.m.ProofCorrectnessMgt No justification found for rule Class_invariant_axiom_for_simple_evoting_Message 
148127     DEBUG main            d.u.i.k.p.m.ProofCorrectnessMgt No justification found for rule Class_invariant_axiom_for_simple_evoting_Message 
148219     DEBUG main            d.u.i.k.p.m.ProofCorrectnessMgt No justification found for rule Class_invariant_axiom_for_simple_evoting_Server 
148550     DEBUG main            d.u.i.k.p.m.ProofCorrectnessMgt No justification found for rule Class_invariant_axiom_for_simple_evoting_Message 
148672     DEBUG main            d.u.i.k.p.m.ProofCorrectnessMgt No justification found for rule Class_invariant_axiom_for_simple_evoting_Server 
149060     DEBUG main            d.u.i.k.p.m.ProofCorrectnessMgt No justification found for rule Class_invariant_axiom_for_simple_evoting_Server 
149357     DEBUG main            d.u.i.k.p.m.ProofCorrectnessMgt No justification found for rule Class_invariant_axiom_for_simple_evoting_Message 
149481     DEBUG main            d.u.i.k.p.m.ProofCorrectnessMgt No justification found for rule Class_invariant_axiom_for_simple_evoting_Server 
149808     DEBUG main            d.u.i.k.p.m.ProofCorrectnessMgt No justification found for rule Class_invariant_axiom_for_simple_evoting_Message 
149984     DEBUG main            d.u.i.k.p.m.ProofCorrectnessMgt No justification found for rule Class_invariant_axiom_for_simple_evoting_Server 
150311     DEBUG main            d.u.i.k.p.m.ProofCorrectnessMgt No justification found for rule Class_invariant_axiom_for_simple_evoting_Message 
150466     DEBUG main            d.u.i.k.p.m.ProofCorrectnessMgt No justification found for rule Class_invariant_axiom_for_simple_evoting_Server 
150818     DEBUG main            d.u.i.k.p.m.ProofCorrectnessMgt No justification found for rule Class_invariant_axiom_for_simple_evoting_Message 
150998     DEBUG main            d.u.i.k.p.m.ProofCorrectnessMgt No justification found for rule Class_invariant_axiom_for_simple_evoting_Server 
151343     DEBUG main            d.u.i.k.p.m.ProofCorrectnessMgt No justification found for rule Class_invariant_axiom_for_simple_evoting_Message 
151533     DEBUG main            d.u.i.k.p.m.ProofCorrectnessMgt No justification found for rule Class_invariant_axiom_for_simple_evoting_Message 
151846     DEBUG main            d.u.i.k.p.m.ProofCorrectnessMgt No justification found for rule Class_invariant_axiom_for_simple_evoting_Message 
151951     DEBUG main            d.u.i.k.p.m.ProofCorrectnessMgt No justification found for rule Class_invariant_axiom_for_simple_evoting_Message 
152107     DEBUG main            d.u.i.k.p.m.ProofCorrectnessMgt No justification found for rule Class_invariant_axiom_for_simple_evoting_Message 
152220     DEBUG main            d.u.i.k.p.m.ProofCorrectnessMgt No justification found for rule Class_invariant_axiom_for_simple_evoting_Server 
152522     DEBUG main            d.u.i.k.p.m.ProofCorrectnessMgt No justification found for rule Class_invariant_axiom_for_simple_evoting_Message 
152633     DEBUG main            d.u.i.k.p.m.ProofCorrectnessMgt No justification found for rule Class_invariant_axiom_for_simple_evoting_Message 
152751     DEBUG main            d.u.i.k.p.m.ProofCorrectnessMgt No justification found for rule Class_invariant_axiom_for_simple_evoting_Server 
153042     DEBUG main            d.u.i.k.p.m.ProofCorrectnessMgt No justification found for rule Class_invariant_axiom_for_simple_evoting_Message 
153154     DEBUG main            d.u.i.k.p.m.ProofCorrectnessMgt No justification found for rule Class_invariant_axiom_for_simple_evoting_Message 
153310     DEBUG main            d.u.i.k.p.m.ProofCorrectnessMgt No justification found for rule Class_invariant_axiom_for_simple_evoting_Message 
154751     DEBUG main            d.u.i.k.p.m.ProofCorrectnessMgt No justification found for rule Class_invariant_axiom_for_simple_evoting_Server 
154924     DEBUG main            d.u.i.k.p.m.ProofCorrectnessMgt No justification found for rule Class_invariant_axiom_for_simple_evoting_Server 
155699     DEBUG main            d.u.i.k.p.m.ProofCorrectnessMgt No justification found for rule Class_invariant_axiom_for_simple_evoting_Server 
155862     DEBUG main            d.u.i.k.p.m.ProofCorrectnessMgt No justification found for rule Class_invariant_axiom_for_simple_evoting_Message 
161275     INFO  main            d.u.i.k.p.r.p.TestFile    ... finished proof: closed. 
161558     INFO  main            d.u.i.k.p.r.p.TestFile    Now processing file /home/runner/work/key/key/key.core/../key.ui/examples/InformationFlow/SimpleEvoting/simple_evoting.Voter(simple_evoting.Voter__onSendBallot(simple_evoting.Server)).Non-interference contract.0.m.key 
161558     INFO  main            d.u.i.k.p.i.AbstractProblemLoader Loading environment from /home/runner/work/key/key/key.core/../key.ui/examples/InformationFlow/SimpleEvoting/simple_evoting.Voter(simple_evoting.Voter__onSendBallot(simple_evoting.Server)).Non-interference contract.0.m.key 
161558     DEBUG main            d.u.i.k.p.i.AbstractProblemLoader Environment load took 80.6ns 
161559     INFO  main            d.u.i.k.p.i.AbstractProblemLoader Creating init config 
164823     DEBUG main            d.u.i.k.p.i.AbstractProblemLoader Init config took 3.26s 
164872     INFO  main            d.u.i.k.p.i.AbstractProblemLoader Replaying proof simple_evoting.Voter[simple_evoting.Voter::onSendBallot(simple_evoting.Server)].Non-interference contract.0 
164875     DEBUG main            d.u.i.k.p.i.IntermediateProofReplayer Proof replay took 14.8ns 
164875     DEBUG main            d.u.i.k.m.s.ProofScriptEngine 1: 'macro 'infflow-autopilot'' 
164913     DEBUG main            d.u.i.k.p.m.ProofCorrectnessMgt No justification found for rule Class_invariant_axiom_for_simple_evoting_Voter 
164917     DEBUG main            d.u.i.k.p.m.ProofCorrectnessMgt No justification found for rule Class_invariant_axiom_for_simple_evoting_Server 
165495     DEBUG main            d.u.i.k.p.m.ProofCorrectnessMgt No justification found for rule Class_invariant_axiom_for_simple_evoting_Server 
165638     DEBUG main            d.u.i.k.p.m.ProofCorrectnessMgt No justification found for rule Class_invariant_axiom_for_simple_evoting_Message 
165692     DEBUG main            d.u.i.k.p.m.ProofCorrectnessMgt No justification found for rule Class_invariant_axiom_for_simple_evoting_Server 
165803     DEBUG main            d.u.i.k.p.m.ProofCorrectnessMgt No justification found for rule Class_invariant_axiom_for_simple_evoting_Message 
168362     DEBUG main            d.u.i.k.p.m.ProofCorrectnessMgt No justification found for rule JML_represents_clause_for_simple_evoting_Environment_rep 
168369     DEBUG main            d.u.i.k.p.m.ProofCorrectnessMgt No justification found for rule JML_represents_clause_for_simple_evoting_Environment_rep 
168423     DEBUG main            d.u.i.k.p.m.ProofCorrectnessMgt No justification found for rule JML_represents_clause_for_simple_evoting_Environment_rep 
168438     DEBUG main            d.u.i.k.p.m.ProofCorrectnessMgt No justification found for rule JML_represents_clause_for_simple_evoting_Environment_rep 
168445     DEBUG main            d.u.i.k.p.m.ProofCorrectnessMgt No justification found for rule JML_represents_clause_for_simple_evoting_Environment_rep 
168452     DEBUG main            d.u.i.k.p.m.ProofCorrectnessMgt No justification found for rule JML_represents_clause_for_simple_evoting_Environment_rep 
168467     DEBUG main            d.u.i.k.p.m.ProofCorrectnessMgt No justification found for rule JML_represents_clause_for_simple_evoting_Environment_rep 
168481     DEBUG main            d.u.i.k.p.m.ProofCorrectnessMgt No justification found for rule JML_represents_clause_for_simple_evoting_Environment_rep 
168489     DEBUG main            d.u.i.k.p.m.ProofCorrectnessMgt No justification found for rule JML_represents_clause_for_simple_evoting_Environment_rep 
168503     DEBUG main            d.u.i.k.p.m.ProofCorrectnessMgt No justification found for rule JML_represents_clause_for_simple_evoting_Environment_rep 
168511     DEBUG main            d.u.i.k.p.m.ProofCorrectnessMgt No justification found for rule JML_represents_clause_for_simple_evoting_Environment_rep 
168518     DEBUG main            d.u.i.k.p.m.ProofCorrectnessMgt No justification found for rule JML_represents_clause_for_simple_evoting_Environment_rep 
168532     DEBUG main            d.u.i.k.p.m.ProofCorrectnessMgt No justification found for rule JML_represents_clause_for_simple_evoting_Environment_rep 
168554     DEBUG main            d.u.i.k.p.m.ProofCorrectnessMgt No justification found for rule JML_represents_clause_for_simple_evoting_Environment_rep 
168586     DEBUG main            d.u.i.k.p.m.ProofCorrectnessMgt No justification found for rule Class_invariant_axiom_for_simple_evoting_Server 
168938     DEBUG main            d.u.i.k.p.m.ProofCorrectnessMgt No justification found for rule Class_invariant_axiom_for_simple_evoting_Server 
169165     DEBUG main            d.u.i.k.p.m.ProofCorrectnessMgt No justification found for rule Class_invariant_axiom_for_simple_evoting_Server 
169349     DEBUG main            d.u.i.k.p.m.ProofCorrectnessMgt No justification found for rule Class_invariant_axiom_for_simple_evoting_Message 
169463     DEBUG main            d.u.i.k.p.m.ProofCorrectnessMgt No justification found for rule Class_invariant_axiom_for_simple_evoting_Message 
169530     DEBUG main            d.u.i.k.p.m.ProofCorrectnessMgt No justification found for rule Class_invariant_axiom_for_simple_evoting_Message 
169650     DEBUG main            d.u.i.k.p.m.ProofCorrectnessMgt No justification found for rule Class_invariant_axiom_for_simple_evoting_Message 
169813     DEBUG main            d.u.i.k.p.m.ProofCorrectnessMgt No justification found for rule Class_invariant_axiom_for_simple_evoting_Message 
169939     DEBUG main            d.u.i.k.p.m.ProofCorrectnessMgt No justification found for rule Class_invariant_axiom_for_simple_evoting_Server 
170275     DEBUG main            d.u.i.k.p.m.ProofCorrectnessMgt No justification found for rule Class_invariant_axiom_for_simple_evoting_Message 
170395     DEBUG main            d.u.i.k.p.m.ProofCorrectnessMgt No justification found for rule Class_invariant_axiom_for_simple_evoting_Message 
170517     DEBUG main            d.u.i.k.p.m.ProofCorrectnessMgt No justification found for rule Class_invariant_axiom_for_simple_evoting_Message 
170678     DEBUG main            d.u.i.k.p.m.ProofCorrectnessMgt No justification found for rule Class_invariant_axiom_for_simple_evoting_Message 
170911     DEBUG main            d.u.i.k.p.m.ProofCorrectnessMgt No justification found for rule Class_invariant_axiom_for_simple_evoting_Message 
170997     DEBUG main            d.u.i.k.p.m.ProofCorrectnessMgt No justification found for rule Class_invariant_axiom_for_simple_evoting_Server 
171315     DEBUG main            d.u.i.k.p.m.ProofCorrectnessMgt No justification found for rule Class_invariant_axiom_for_simple_evoting_Server 
171614     DEBUG main            d.u.i.k.p.m.ProofCorrectnessMgt No justification found for rule Class_invariant_axiom_for_simple_evoting_Message 
171729     DEBUG main            d.u.i.k.p.m.ProofCorrectnessMgt No justification found for rule Class_invariant_axiom_for_simple_evoting_Server 
172016     DEBUG main            d.u.i.k.p.m.ProofCorrectnessMgt No justification found for rule Class_invariant_axiom_for_simple_evoting_Message 
172179     DEBUG main            d.u.i.k.p.m.ProofCorrectnessMgt No justification found for rule Class_invariant_axiom_for_simple_evoting_Server 
172477     DEBUG main            d.u.i.k.p.m.ProofCorrectnessMgt No justification found for rule Class_invariant_axiom_for_simple_evoting_Server 
172787     DEBUG main            d.u.i.k.p.m.ProofCorrectnessMgt No justification found for rule Class_invariant_axiom_for_simple_evoting_Message 
172908     DEBUG main            d.u.i.k.p.m.ProofCorrectnessMgt No justification found for rule Class_invariant_axiom_for_simple_evoting_Message 
173020     DEBUG main            d.u.i.k.p.m.ProofCorrectnessMgt No justification found for rule Class_invariant_axiom_for_simple_evoting_Message 
173138     DEBUG main            d.u.i.k.p.m.ProofCorrectnessMgt No justification found for rule Class_invariant_axiom_for_simple_evoting_Message 
174782     DEBUG main            d.u.i.k.p.m.ProofCorrectnessMgt No justification found for rule Class_invariant_axiom_for_simple_evoting_Server 
175049     DEBUG main            d.u.i.k.p.m.ProofCorrectnessMgt No justification found for rule Class_invariant_axiom_for_simple_evoting_Server 
175254     DEBUG main            d.u.i.k.p.m.ProofCorrectnessMgt No justification found for rule Class_invariant_axiom_for_simple_evoting_Server 
175405     DEBUG main            d.u.i.k.p.m.ProofCorrectnessMgt No justification found for rule Class_invariant_axiom_for_simple_evoting_Server 
175703     DEBUG main            d.u.i.k.p.m.ProofCorrectnessMgt No justification found for rule Class_invariant_axiom_for_simple_evoting_Message 
176465     DEBUG main            d.u.i.k.p.m.ProofCorrectnessMgt No justification found for rule Class_invariant_axiom_for_simple_evoting_Message 
176529     DEBUG main            d.u.i.k.p.m.ProofCorrectnessMgt No justification found for rule Class_invariant_axiom_for_simple_evoting_Server 
184969     INFO  main            d.u.i.k.p.r.p.TestFile    ... finished proof: closed. 
2781285    INFO  Test worker     d.u.i.k.p.r.RunAllProofsTestUnit Returning from test SimpleEvoting_fullmacro 
]]></system-out>
  <system-err><![CDATA[]]></system-err>
</testsuite>
