<?xml version="1.0" encoding="UTF-8"?>
<testsuite name="de.uka.ilkd.key.smt.newsmt2.ProveSMTLemmasTest" tests="25" skipped="0" failures="0" errors="0" timestamp="2023-04-20T21:13:49" hostname="fv-az795-898" time="78.514">
  <properties/>
  <testcase name="[1] seqSub.dl, &#10;    \forall Seq seq;&#10;    \forall int from;&#10;    \forall int to;&#10;    \forall int idx;&#10;        any::seqGet(seqSub(seq, from, to)&lt;&lt;Trigger&gt;&gt;, idx)&#10;      = \if(0 &lt;= idx &amp; idx &lt; (to - from))&#10;        \then(any::seqGet(seq, idx + from))&#10;        \else(seqGetOutside)&#10;" classname="de.uka.ilkd.key.smt.newsmt2.ProveSMTLemmasTest" time="3.164"/>
  <testcase name="[2] jmod.dl, &#10;\forall int divNum; \forall int divDenom;&#10;  jmod(divNum,divDenom) =&#10;    divNum + jdiv(divNum,divDenom)*(-1)*divDenom&#10;" classname="de.uka.ilkd.key.smt.newsmt2.ProveSMTLemmasTest" time="3.122"/>
  <testcase name="[3] seqGetOutside.dl, &#10;    \forall int i; \forall Seq s; ( i &lt; 0 | i &gt;= seqLen(s) -&gt; any::seqGet(s, i)&lt;&lt;Trigger&gt;&gt; = seqGetOutside )&#10;" classname="de.uka.ilkd.key.smt.newsmt2.ProveSMTLemmasTest" time="3.421"/>
  <testcase name="[4] singleton.dl, &#10;  \forall Object o; \forall Field f; \forall Object o2; \forall Field f2;&#10;    ( elementOf(o,f, singleton(o2,f2))&lt;&lt;Trigger&gt;&gt; &lt;-&gt;&#10;      o = o2 &amp; f = f2 )&#10;" classname="de.uka.ilkd.key.smt.newsmt2.ProveSMTLemmasTest" time="3.212"/>
  <testcase name="[5] create.dl, &#10;  \forall Heap h; \forall Object o; \forall Object o2; \forall Field f;&#10;      any::select(create(h, o), o2, f)&lt;&lt;Trigger&gt;&gt; =&#10;         \if(o = o2 &amp; o != null &amp; f = java.lang.Object::&lt;created&gt;)&#10;         \then(TRUE)&#10;         \else(any::select(h, o2, f))&#10;" classname="de.uka.ilkd.key.smt.newsmt2.ProveSMTLemmasTest" time="3.228"/>
  <testcase name="[6] allFields.dl, &#10;  \forall Object o; \forall Field f; \forall Object o2;&#10;    ( elementOf(o,f, allFields(o2))&lt;&lt;Trigger&gt;&gt; &lt;-&gt;&#10;       o = o2 )&#10;" classname="de.uka.ilkd.key.smt.newsmt2.ProveSMTLemmasTest" time="3.243"/>
  <testcase name="[7] seqEmpty.dl, &#10;    seqLen(seqEmpty) = 0&#10;&#10;" classname="de.uka.ilkd.key.smt.newsmt2.ProveSMTLemmasTest" time="3.12"/>
  <testcase name="[8] union.dl, &#10;  \forall Object o; \forall Field f; \forall LocSet l1; \forall LocSet l2;&#10;     ( elementOf(o, f, union(l1, l2))&lt;&lt;Trigger&gt;&gt; &lt;-&gt; elementOf(o,f,l1) | elementOf(o,f,l2) )&#10;" classname="de.uka.ilkd.key.smt.newsmt2.ProveSMTLemmasTest" time="3.176"/>
  <testcase name="[9] seqConcat.dl.2, &#10;    \forall Seq s1; \forall Seq s2; seqLen(seqConcat(s1,s2)&lt;&lt;Trigger&gt;&gt;) = seqLen(s1) + seqLen(s2)&#10;&#10;" classname="de.uka.ilkd.key.smt.newsmt2.ProveSMTLemmasTest" time="3.256"/>
  <testcase name="[10] wellFormed.dl, &#10;  \forall Heap h; \forall Object o; \forall Field f; (wellFormed(h) -&gt;&#10;      boolean::select(h, (java.lang.Object::select(h, o, f))&lt;&lt;Trigger&gt;&gt;, java.lang.Object::&lt;created&gt;) = TRUE&#10;    | (java.lang.Object::select(h, o, f)) = null)&#10;" classname="de.uka.ilkd.key.smt.newsmt2.ProveSMTLemmasTest" time="3.121"/>
  <testcase name="[11] jdiv.dl, &#10;\forall int divNum; \forall int divDenom;&#10;  jdiv(divNum,divDenom) =&#10;         \if (divNum &gt;= 0)&#10;         \then (div(divNum,divDenom))&#10;         \else (div(divNum*(-1),divDenom)*(-1))&#10;" classname="de.uka.ilkd.key.smt.newsmt2.ProveSMTLemmasTest" time="3.08"/>
  <testcase name="[12] empty.dl, &#10;  \forall Object o; \forall Field f; ( elementOf(o,f,empty)&lt;&lt;Trigger&gt;&gt; &lt;-&gt; false )&#10;" classname="de.uka.ilkd.key.smt.newsmt2.ProveSMTLemmasTest" time="3.042"/>
  <testcase name="[13] allLocs.dl, &#10;  \forall Object o; \forall Field f; ( elementOf(o,f,allLocs)&lt;&lt;Trigger&gt;&gt; &lt;-&gt; true )&#10;" classname="de.uka.ilkd.key.smt.newsmt2.ProveSMTLemmasTest" time="3.07"/>
  <testcase name="[14] arrayRange.dl, &#10;  \forall Object o; \forall Object o2; \forall Field f; \forall int lo; \forall int hi;&#10;    (elementOf(o,f, arrayRange(o2, lo, hi))&lt;&lt;Trigger&gt;&gt; &lt;-&gt;&#10;      o = o2 &amp; \exists int iv; (f = arr(iv) &amp; lo &lt;= iv &amp; iv &lt;= hi))&#10;" classname="de.uka.ilkd.key.smt.newsmt2.ProveSMTLemmasTest" time="3.093"/>
  <testcase name="[15] seqConcat.dl, &#10;    \forall int i; \forall Seq s1; \forall Seq s2; ( 0 &lt;= i &amp; i &lt; seqLen(s1) + seqLen(s2) -&gt;&#10;        any::seqGet(seqConcat(s1, s2), i) =&#10;            \if (i &lt; seqLen(s1)) \then (any::seqGet(s1, i)) \else (any::seqGet(s2, i-seqLen(s1))))&#10;&#10;" classname="de.uka.ilkd.key.smt.newsmt2.ProveSMTLemmasTest" time="3.096"/>
  <testcase name="[16] seqLen.dl, &#10;    \forall Seq s; seqLen(s)&lt;&lt;Trigger&gt;&gt; &gt;= 0&#10;" classname="de.uka.ilkd.key.smt.newsmt2.ProveSMTLemmasTest" time="3.068"/>
  <testcase name="[17] length.dl, &#10;    \forall Object o; length(o) &gt;= 0&#10;" classname="de.uka.ilkd.key.smt.newsmt2.ProveSMTLemmasTest" time="3.094"/>
  <testcase name="[18] freshLocs.dl, &#10;  \forall Heap h; \forall Object o; \forall Field f;&#10;     ( elementOf(o,f,freshLocs(h))&lt;&lt;Trigger&gt;&gt; &lt;-&gt;&#10;        o != null &amp; !boolean::select(h,o,java.lang.Object::&lt;created&gt;)=TRUE )&#10;" classname="de.uka.ilkd.key.smt.newsmt2.ProveSMTLemmasTest" time="3.101"/>
  <testcase name="[19] anon.dl, &#10;    \forall Heap h; \forall Object o; \forall Field f; \forall Heap h2; \forall LocSet ls;&#10;      any::select(anon(h, ls, h2), o, f)&lt;&lt;Trigger&gt;&gt; =&#10;         \if(elementOf(o, f, ls) &amp; f != java.lang.Object::&lt;created&gt;&#10;           | elementOf(o, f, freshLocs(h)))&#10;         \then(any::select(h2, o, f))&#10;         \else(any::select(h, o, f))&#10;" classname="de.uka.ilkd.key.smt.newsmt2.ProveSMTLemmasTest" time="3.112"/>
  <testcase name="[20] memset.dl, &#10;    \forall Heap h; \forall LocSet s; \forall any x; \forall Object o; \forall Field f;&#10;      any::select(memset(h, s, x), o, f)&lt;&lt;Trigger&gt;&gt; =&#10;         \if(elementOf(o, f, s) &amp; f != java.lang.Object::&lt;created&gt;)&#10;         \then(x)&#10;         \else(any::select(h, o, f))&#10;" classname="de.uka.ilkd.key.smt.newsmt2.ProveSMTLemmasTest" time="3.105"/>
  <testcase name="[21] store.dl, &#10;    \forall Heap h; \forall Object o; \forall Field f; \forall Object o2; \forall Field f2; \forall any v;&#10;      any::select(store(h,o,f,v), o2, f2)&lt;&lt;Trigger&gt;&gt; =&#10;         \if(o = o2 &amp; f = f2 &amp; f != java.lang.Object::&lt;created&gt;)&#10;         \then(v)&#10;         \else(any::select(h, o2, f2))&#10;" classname="de.uka.ilkd.key.smt.newsmt2.ProveSMTLemmasTest" time="3.081"/>
  <testcase name="[22] seqSub.dl.2, &#10;    \forall Seq seq;&#10;    \forall int from;&#10;    \forall int to;&#10;        seqLen(seqSub(seq, from, to)&lt;&lt;Trigger&gt;&gt;)&#10;      = \if(from &lt; to)\then(to - from)\else(0)&#10;" classname="de.uka.ilkd.key.smt.newsmt2.ProveSMTLemmasTest" time="3.098"/>
  <testcase name="[23] seqSingleton.dl, &#10;    \forall any x; any::seqGet(seqSingleton(x)&lt;&lt;Trigger&gt;&gt;, 0) = x&#10;&#10;" classname="de.uka.ilkd.key.smt.newsmt2.ProveSMTLemmasTest" time="3.13"/>
  <testcase name="[24] seqSingleton.dl.2, &#10;    \forall any x; seqLen(seqSingleton(x)&lt;&lt;Trigger&gt;&gt;) = 1&#10;&#10;" classname="de.uka.ilkd.key.smt.newsmt2.ProveSMTLemmasTest" time="3.148"/>
  <testcase name="[25] null.dl, &#10;     \forall any x; ((Null::instance(x))&lt;&lt;Trigger&gt;&gt; = TRUE -&gt; x = null) &#10;" classname="de.uka.ilkd.key.smt.newsmt2.ProveSMTLemmasTest" time="3.131"/>
  <system-out><![CDATA[760566     INFO  Test worker     d.u.i.k.s.n.ProveSMTLemmasTest Now processing file /tmp/SMT_lemma_seqSub.dl_4359224349614685924.key 
760566     INFO  Test worker     d.u.i.k.p.i.AbstractProblemLoader Loading environment from /tmp/SMT_lemma_seqSub.dl_4359224349614685924.key 
760567     DEBUG Test worker     d.u.i.k.p.i.AbstractProblemLoader Environment load took 252.8ns 
760568     INFO  Test worker     d.u.i.k.p.i.AbstractProblemLoader Creating init config 
763609     DEBUG Test worker     d.u.i.k.p.i.AbstractProblemLoader Init config took 3.04s 
763625     INFO  Test worker     d.u.i.k.p.i.AbstractProblemLoader Replaying proof SMT_lemma_seqSub.dl_4359224349614685924.key 
763626     DEBUG Test worker     d.u.i.k.p.i.IntermediateProofReplayer Proof replay took 7.7ns 
763729     INFO  Test worker     d.u.i.k.s.n.ProveSMTLemmasTest Now processing file /home/runner/work/key/key/key.core/build/resources/test/de/uka/ilkd/key/smt/newsmt2/SMT_lemma_jmod.dl.proof 
763730     INFO  Test worker     d.u.i.k.p.i.AbstractProblemLoader Loading environment from /home/runner/work/key/key/key.core/build/resources/test/de/uka/ilkd/key/smt/newsmt2/SMT_lemma_jmod.dl.proof 
763730     DEBUG Test worker     d.u.i.k.p.i.AbstractProblemLoader Environment load took 88.8ns 
763731     INFO  Test worker     d.u.i.k.p.i.AbstractProblemLoader Creating init config 
766718     DEBUG Test worker     d.u.i.k.p.i.AbstractProblemLoader Init config took 2.99s 
766736     INFO  Test worker     d.u.i.k.p.i.AbstractProblemLoader Replaying proof SMT_lemma_jmod.dl.proof 
766748     DEBUG Test worker     d.u.i.k.p.i.IntermediateProofReplayer Proof replay took 8.55ms 
766851     INFO  Test worker     d.u.i.k.s.n.ProveSMTLemmasTest Now processing file /home/runner/work/key/key/key.core/build/resources/test/de/uka/ilkd/key/smt/newsmt2/SMT_lemma_seqGetOutside.dl.proof 
766852     INFO  Test worker     d.u.i.k.p.i.AbstractProblemLoader Loading environment from /home/runner/work/key/key/key.core/build/resources/test/de/uka/ilkd/key/smt/newsmt2/SMT_lemma_seqGetOutside.dl.proof 
766852     DEBUG Test worker     d.u.i.k.p.i.AbstractProblemLoader Environment load took 127.2ns 
766856     INFO  Test worker     d.u.i.k.p.i.AbstractProblemLoader Creating init config 
770122     DEBUG Test worker     d.u.i.k.p.i.AbstractProblemLoader Init config took 3.27s 
770138     INFO  Test worker     d.u.i.k.p.i.AbstractProblemLoader Replaying proof SMT_lemma_seqGetOutside.dl.proof 
770169     DEBUG Test worker     d.u.i.k.p.i.IntermediateProofReplayer Proof replay took 27.17ms 
770272     INFO  Test worker     d.u.i.k.s.n.ProveSMTLemmasTest Now processing file /tmp/SMT_lemma_singleton.dl_2551700888072365502.key 
770272     INFO  Test worker     d.u.i.k.p.i.AbstractProblemLoader Loading environment from /tmp/SMT_lemma_singleton.dl_2551700888072365502.key 
770273     DEBUG Test worker     d.u.i.k.p.i.AbstractProblemLoader Environment load took 82.1ns 
770278     INFO  Test worker     d.u.i.k.p.i.AbstractProblemLoader Creating init config 
773358     DEBUG Test worker     d.u.i.k.p.i.AbstractProblemLoader Init config took 3.08s 
773377     INFO  Test worker     d.u.i.k.p.i.AbstractProblemLoader Replaying proof SMT_lemma_singleton.dl_2551700888072365502.key 
773378     DEBUG Test worker     d.u.i.k.p.i.IntermediateProofReplayer Proof replay took 7.2ns 
773484     INFO  Test worker     d.u.i.k.s.n.ProveSMTLemmasTest Now processing file /tmp/SMT_lemma_create.dl_3276357921271639186.key 
773484     INFO  Test worker     d.u.i.k.p.i.AbstractProblemLoader Loading environment from /tmp/SMT_lemma_create.dl_3276357921271639186.key 
773484     DEBUG Test worker     d.u.i.k.p.i.AbstractProblemLoader Environment load took 112.7ns 
773485     INFO  Test worker     d.u.i.k.p.i.AbstractProblemLoader Creating init config 
776591     DEBUG Test worker     d.u.i.k.p.i.AbstractProblemLoader Init config took 3.11s 
776608     INFO  Test worker     d.u.i.k.p.i.AbstractProblemLoader Replaying proof SMT_lemma_create.dl_3276357921271639186.key 
776610     DEBUG Test worker     d.u.i.k.p.i.IntermediateProofReplayer Proof replay took 7.5ns 
776712     INFO  Test worker     d.u.i.k.s.n.ProveSMTLemmasTest Now processing file /tmp/SMT_lemma_allFields.dl_3650788826917954131.key 
776712     INFO  Test worker     d.u.i.k.p.i.AbstractProblemLoader Loading environment from /tmp/SMT_lemma_allFields.dl_3650788826917954131.key 
776713     DEBUG Test worker     d.u.i.k.p.i.AbstractProblemLoader Environment load took 81.5ns 
776714     INFO  Test worker     d.u.i.k.p.i.AbstractProblemLoader Creating init config 
779833     DEBUG Test worker     d.u.i.k.p.i.AbstractProblemLoader Init config took 3.12s 
779851     INFO  Test worker     d.u.i.k.p.i.AbstractProblemLoader Replaying proof SMT_lemma_allFields.dl_3650788826917954131.key 
779853     DEBUG Test worker     d.u.i.k.p.i.IntermediateProofReplayer Proof replay took 7.5ns 
779956     INFO  Test worker     d.u.i.k.s.n.ProveSMTLemmasTest Now processing file /tmp/SMT_lemma_seqEmpty.dl_3074198525313457193.key 
779956     INFO  Test worker     d.u.i.k.p.i.AbstractProblemLoader Loading environment from /tmp/SMT_lemma_seqEmpty.dl_3074198525313457193.key 
779957     DEBUG Test worker     d.u.i.k.p.i.AbstractProblemLoader Environment load took 67.8ns 
779959     INFO  Test worker     d.u.i.k.p.i.AbstractProblemLoader Creating init config 
782957     DEBUG Test worker     d.u.i.k.p.i.AbstractProblemLoader Init config took 3s 
782971     INFO  Test worker     d.u.i.k.p.i.AbstractProblemLoader Replaying proof SMT_lemma_seqEmpty.dl_3074198525313457193.key 
782973     DEBUG Test worker     d.u.i.k.p.i.IntermediateProofReplayer Proof replay took 7.6ns 
783075     INFO  Test worker     d.u.i.k.s.n.ProveSMTLemmasTest Now processing file /tmp/SMT_lemma_union.dl_17706737496227168711.key 
783076     INFO  Test worker     d.u.i.k.p.i.AbstractProblemLoader Loading environment from /tmp/SMT_lemma_union.dl_17706737496227168711.key 
783076     DEBUG Test worker     d.u.i.k.p.i.AbstractProblemLoader Environment load took 73ns 
783077     INFO  Test worker     d.u.i.k.p.i.AbstractProblemLoader Creating init config 
786130     DEBUG Test worker     d.u.i.k.p.i.AbstractProblemLoader Init config took 3.05s 
786147     INFO  Test worker     d.u.i.k.p.i.AbstractProblemLoader Replaying proof SMT_lemma_union.dl_17706737496227168711.key 
786149     DEBUG Test worker     d.u.i.k.p.i.IntermediateProofReplayer Proof replay took 7.3ns 
786251     INFO  Test worker     d.u.i.k.s.n.ProveSMTLemmasTest Now processing file /tmp/SMT_lemma_seqConcat.dl.2_1716477089338355679.key 
786252     INFO  Test worker     d.u.i.k.p.i.AbstractProblemLoader Loading environment from /tmp/SMT_lemma_seqConcat.dl.2_1716477089338355679.key 
786252     DEBUG Test worker     d.u.i.k.p.i.AbstractProblemLoader Environment load took 84.4ns 
786253     INFO  Test worker     d.u.i.k.p.i.AbstractProblemLoader Creating init config 
789388     DEBUG Test worker     d.u.i.k.p.i.AbstractProblemLoader Init config took 3.14s 
789403     INFO  Test worker     d.u.i.k.p.i.AbstractProblemLoader Replaying proof SMT_lemma_seqConcat.dl.2_1716477089338355679.key 
789405     DEBUG Test worker     d.u.i.k.p.i.IntermediateProofReplayer Proof replay took 6.6ns 
789507     INFO  Test worker     d.u.i.k.s.n.ProveSMTLemmasTest Now processing file /tmp/SMT_lemma_wellFormed.dl_15310611428115861768.key 
789507     INFO  Test worker     d.u.i.k.p.i.AbstractProblemLoader Loading environment from /tmp/SMT_lemma_wellFormed.dl_15310611428115861768.key 
789508     DEBUG Test worker     d.u.i.k.p.i.AbstractProblemLoader Environment load took 663.5ns 
789511     INFO  Test worker     d.u.i.k.p.i.AbstractProblemLoader Creating init config 
792505     DEBUG Test worker     d.u.i.k.p.i.AbstractProblemLoader Init config took 2.99s 
792521     INFO  Test worker     d.u.i.k.p.i.AbstractProblemLoader Replaying proof SMT_lemma_wellFormed.dl_15310611428115861768.key 
792522     DEBUG Test worker     d.u.i.k.p.i.IntermediateProofReplayer Proof replay took 6.6ns 
792627     INFO  Test worker     d.u.i.k.s.n.ProveSMTLemmasTest Now processing file /home/runner/work/key/key/key.core/build/resources/test/de/uka/ilkd/key/smt/newsmt2/SMT_lemma_jdiv.dl.proof 
792628     INFO  Test worker     d.u.i.k.p.i.AbstractProblemLoader Loading environment from /home/runner/work/key/key/key.core/build/resources/test/de/uka/ilkd/key/smt/newsmt2/SMT_lemma_jdiv.dl.proof 
792628     DEBUG Test worker     d.u.i.k.p.i.AbstractProblemLoader Environment load took 108.8ns 
792629     INFO  Test worker     d.u.i.k.p.i.AbstractProblemLoader Creating init config 
795587     DEBUG Test worker     d.u.i.k.p.i.AbstractProblemLoader Init config took 2.96s 
795601     INFO  Test worker     d.u.i.k.p.i.AbstractProblemLoader Replaying proof SMT_lemma_jdiv.dl.proof 
795606     DEBUG Test worker     d.u.i.k.p.i.IntermediateProofReplayer Proof replay took 2.41ms 
795709     INFO  Test worker     d.u.i.k.s.n.ProveSMTLemmasTest Now processing file /tmp/SMT_lemma_empty.dl_2635001413625385894.key 
795709     INFO  Test worker     d.u.i.k.p.i.AbstractProblemLoader Loading environment from /tmp/SMT_lemma_empty.dl_2635001413625385894.key 
795709     DEBUG Test worker     d.u.i.k.p.i.AbstractProblemLoader Environment load took 101.7ns 
795710     INFO  Test worker     d.u.i.k.p.i.AbstractProblemLoader Creating init config 
798629     DEBUG Test worker     d.u.i.k.p.i.AbstractProblemLoader Init config took 2.92s 
798646     INFO  Test worker     d.u.i.k.p.i.AbstractProblemLoader Replaying proof SMT_lemma_empty.dl_2635001413625385894.key 
798648     DEBUG Test worker     d.u.i.k.p.i.IntermediateProofReplayer Proof replay took 8ns 
798751     INFO  Test worker     d.u.i.k.s.n.ProveSMTLemmasTest Now processing file /tmp/SMT_lemma_allLocs.dl_11487838939624431334.key 
798751     INFO  Test worker     d.u.i.k.p.i.AbstractProblemLoader Loading environment from /tmp/SMT_lemma_allLocs.dl_11487838939624431334.key 
798751     DEBUG Test worker     d.u.i.k.p.i.AbstractProblemLoader Environment load took 101.2ns 
798752     INFO  Test worker     d.u.i.k.p.i.AbstractProblemLoader Creating init config 
801700     DEBUG Test worker     d.u.i.k.p.i.AbstractProblemLoader Init config took 2.95s 
801716     INFO  Test worker     d.u.i.k.p.i.AbstractProblemLoader Replaying proof SMT_lemma_allLocs.dl_11487838939624431334.key 
801718     DEBUG Test worker     d.u.i.k.p.i.IntermediateProofReplayer Proof replay took 7ns 
801820     INFO  Test worker     d.u.i.k.s.n.ProveSMTLemmasTest Now processing file /tmp/SMT_lemma_arrayRange.dl_7727254907435679926.key 
801821     INFO  Test worker     d.u.i.k.p.i.AbstractProblemLoader Loading environment from /tmp/SMT_lemma_arrayRange.dl_7727254907435679926.key 
801821     DEBUG Test worker     d.u.i.k.p.i.AbstractProblemLoader Environment load took 101.7ns 
801822     INFO  Test worker     d.u.i.k.p.i.AbstractProblemLoader Creating init config 
804793     DEBUG Test worker     d.u.i.k.p.i.AbstractProblemLoader Init config took 2.97s 
804809     INFO  Test worker     d.u.i.k.p.i.AbstractProblemLoader Replaying proof SMT_lemma_arrayRange.dl_7727254907435679926.key 
804810     DEBUG Test worker     d.u.i.k.p.i.IntermediateProofReplayer Proof replay took 24.5ns 
804913     INFO  Test worker     d.u.i.k.s.n.ProveSMTLemmasTest Now processing file /tmp/SMT_lemma_seqConcat.dl_7219022830673392067.key 
804913     INFO  Test worker     d.u.i.k.p.i.AbstractProblemLoader Loading environment from /tmp/SMT_lemma_seqConcat.dl_7219022830673392067.key 
804913     DEBUG Test worker     d.u.i.k.p.i.AbstractProblemLoader Environment load took 46.5ns 
804915     INFO  Test worker     d.u.i.k.p.i.AbstractProblemLoader Creating init config 
807890     DEBUG Test worker     d.u.i.k.p.i.AbstractProblemLoader Init config took 2.97s 
807905     INFO  Test worker     d.u.i.k.p.i.AbstractProblemLoader Replaying proof SMT_lemma_seqConcat.dl_7219022830673392067.key 
807906     DEBUG Test worker     d.u.i.k.p.i.IntermediateProofReplayer Proof replay took 7.5ns 
808010     INFO  Test worker     d.u.i.k.s.n.ProveSMTLemmasTest Now processing file /tmp/SMT_lemma_seqLen.dl_8274569413515056310.key 
808010     INFO  Test worker     d.u.i.k.p.i.AbstractProblemLoader Loading environment from /tmp/SMT_lemma_seqLen.dl_8274569413515056310.key 
808010     DEBUG Test worker     d.u.i.k.p.i.AbstractProblemLoader Environment load took 64.2ns 
808011     INFO  Test worker     d.u.i.k.p.i.AbstractProblemLoader Creating init config 
810958     DEBUG Test worker     d.u.i.k.p.i.AbstractProblemLoader Init config took 2.95s 
810973     INFO  Test worker     d.u.i.k.p.i.AbstractProblemLoader Replaying proof SMT_lemma_seqLen.dl_8274569413515056310.key 
810974     DEBUG Test worker     d.u.i.k.p.i.IntermediateProofReplayer Proof replay took 6.9ns 
811079     INFO  Test worker     d.u.i.k.s.n.ProveSMTLemmasTest Now processing file /tmp/SMT_lemma_length.dl_2905855573869781890.key 
811080     INFO  Test worker     d.u.i.k.p.i.AbstractProblemLoader Loading environment from /tmp/SMT_lemma_length.dl_2905855573869781890.key 
811080     DEBUG Test worker     d.u.i.k.p.i.AbstractProblemLoader Environment load took 286.9ns 
811081     INFO  Test worker     d.u.i.k.p.i.AbstractProblemLoader Creating init config 
814054     DEBUG Test worker     d.u.i.k.p.i.AbstractProblemLoader Init config took 2.97s 
814069     INFO  Test worker     d.u.i.k.p.i.AbstractProblemLoader Replaying proof SMT_lemma_length.dl_2905855573869781890.key 
814071     DEBUG Test worker     d.u.i.k.p.i.IntermediateProofReplayer Proof replay took 23.2ns 
814173     INFO  Test worker     d.u.i.k.s.n.ProveSMTLemmasTest Now processing file /tmp/SMT_lemma_freshLocs.dl_3675246600492212453.key 
814174     INFO  Test worker     d.u.i.k.p.i.AbstractProblemLoader Loading environment from /tmp/SMT_lemma_freshLocs.dl_3675246600492212453.key 
814174     DEBUG Test worker     d.u.i.k.p.i.AbstractProblemLoader Environment load took 112.2ns 
814175     INFO  Test worker     d.u.i.k.p.i.AbstractProblemLoader Creating init config 
817150     DEBUG Test worker     d.u.i.k.p.i.AbstractProblemLoader Init config took 2.98s 
817170     INFO  Test worker     d.u.i.k.p.i.AbstractProblemLoader Replaying proof SMT_lemma_freshLocs.dl_3675246600492212453.key 
817172     DEBUG Test worker     d.u.i.k.p.i.IntermediateProofReplayer Proof replay took 14ns 
817274     INFO  Test worker     d.u.i.k.s.n.ProveSMTLemmasTest Now processing file /tmp/SMT_lemma_anon.dl_5746396547616161944.key 
817275     INFO  Test worker     d.u.i.k.p.i.AbstractProblemLoader Loading environment from /tmp/SMT_lemma_anon.dl_5746396547616161944.key 
817275     DEBUG Test worker     d.u.i.k.p.i.AbstractProblemLoader Environment load took 108.6ns 
817276     INFO  Test worker     d.u.i.k.p.i.AbstractProblemLoader Creating init config 
820266     DEBUG Test worker     d.u.i.k.p.i.AbstractProblemLoader Init config took 2.99s 
820282     INFO  Test worker     d.u.i.k.p.i.AbstractProblemLoader Replaying proof SMT_lemma_anon.dl_5746396547616161944.key 
820283     DEBUG Test worker     d.u.i.k.p.i.IntermediateProofReplayer Proof replay took 6.9ns 
820387     INFO  Test worker     d.u.i.k.s.n.ProveSMTLemmasTest Now processing file /tmp/SMT_lemma_memset.dl_7365333308835231022.key 
820387     INFO  Test worker     d.u.i.k.p.i.AbstractProblemLoader Loading environment from /tmp/SMT_lemma_memset.dl_7365333308835231022.key 
820387     DEBUG Test worker     d.u.i.k.p.i.AbstractProblemLoader Environment load took 51.4ns 
820388     INFO  Test worker     d.u.i.k.p.i.AbstractProblemLoader Creating init config 
823372     DEBUG Test worker     d.u.i.k.p.i.AbstractProblemLoader Init config took 2.98s 
823387     INFO  Test worker     d.u.i.k.p.i.AbstractProblemLoader Replaying proof SMT_lemma_memset.dl_7365333308835231022.key 
823389     DEBUG Test worker     d.u.i.k.p.i.IntermediateProofReplayer Proof replay took 7.3ns 
823491     INFO  Test worker     d.u.i.k.s.n.ProveSMTLemmasTest Now processing file /tmp/SMT_lemma_store.dl_12030037734306655807.key 
823492     INFO  Test worker     d.u.i.k.p.i.AbstractProblemLoader Loading environment from /tmp/SMT_lemma_store.dl_12030037734306655807.key 
823492     DEBUG Test worker     d.u.i.k.p.i.AbstractProblemLoader Environment load took 83.6ns 
823493     INFO  Test worker     d.u.i.k.p.i.AbstractProblemLoader Creating init config 
826452     DEBUG Test worker     d.u.i.k.p.i.AbstractProblemLoader Init config took 2.96s 
826468     INFO  Test worker     d.u.i.k.p.i.AbstractProblemLoader Replaying proof SMT_lemma_store.dl_12030037734306655807.key 
826469     DEBUG Test worker     d.u.i.k.p.i.IntermediateProofReplayer Proof replay took 8.4ns 
826572     INFO  Test worker     d.u.i.k.s.n.ProveSMTLemmasTest Now processing file /tmp/SMT_lemma_seqSub.dl.2_13699867793413115931.key 
826573     INFO  Test worker     d.u.i.k.p.i.AbstractProblemLoader Loading environment from /tmp/SMT_lemma_seqSub.dl.2_13699867793413115931.key 
826573     DEBUG Test worker     d.u.i.k.p.i.AbstractProblemLoader Environment load took 46.8ns 
826575     INFO  Test worker     d.u.i.k.p.i.AbstractProblemLoader Creating init config 
829549     DEBUG Test worker     d.u.i.k.p.i.AbstractProblemLoader Init config took 2.97s 
829566     INFO  Test worker     d.u.i.k.p.i.AbstractProblemLoader Replaying proof SMT_lemma_seqSub.dl.2_13699867793413115931.key 
829567     DEBUG Test worker     d.u.i.k.p.i.IntermediateProofReplayer Proof replay took 6.8ns 
829670     INFO  Test worker     d.u.i.k.s.n.ProveSMTLemmasTest Now processing file /tmp/SMT_lemma_seqSingleton.dl_5708233959305583564.key 
829670     INFO  Test worker     d.u.i.k.p.i.AbstractProblemLoader Loading environment from /tmp/SMT_lemma_seqSingleton.dl_5708233959305583564.key 
829670     DEBUG Test worker     d.u.i.k.p.i.AbstractProblemLoader Environment load took 45.8ns 
829671     INFO  Test worker     d.u.i.k.p.i.AbstractProblemLoader Creating init config 
832680     DEBUG Test worker     d.u.i.k.p.i.AbstractProblemLoader Init config took 3.01s 
832696     INFO  Test worker     d.u.i.k.p.i.AbstractProblemLoader Replaying proof SMT_lemma_seqSingleton.dl_5708233959305583564.key 
832697     DEBUG Test worker     d.u.i.k.p.i.IntermediateProofReplayer Proof replay took 7.9ns 
832800     INFO  Test worker     d.u.i.k.s.n.ProveSMTLemmasTest Now processing file /tmp/SMT_lemma_seqSingleton.dl.2_344319701333412475.key 
832800     INFO  Test worker     d.u.i.k.p.i.AbstractProblemLoader Loading environment from /tmp/SMT_lemma_seqSingleton.dl.2_344319701333412475.key 
832800     DEBUG Test worker     d.u.i.k.p.i.AbstractProblemLoader Environment load took 58.6ns 
832801     INFO  Test worker     d.u.i.k.p.i.AbstractProblemLoader Creating init config 
835829     DEBUG Test worker     d.u.i.k.p.i.AbstractProblemLoader Init config took 3.03s 
835844     INFO  Test worker     d.u.i.k.p.i.AbstractProblemLoader Replaying proof SMT_lemma_seqSingleton.dl.2_344319701333412475.key 
835846     DEBUG Test worker     d.u.i.k.p.i.IntermediateProofReplayer Proof replay took 8ns 
835948     INFO  Test worker     d.u.i.k.s.n.ProveSMTLemmasTest Now processing file /tmp/SMT_lemma_null.dl_8427472553169792315.key 
835948     INFO  Test worker     d.u.i.k.p.i.AbstractProblemLoader Loading environment from /tmp/SMT_lemma_null.dl_8427472553169792315.key 
835949     DEBUG Test worker     d.u.i.k.p.i.AbstractProblemLoader Environment load took 57.6ns 
835949     INFO  Test worker     d.u.i.k.p.i.AbstractProblemLoader Creating init config 
838959     DEBUG Test worker     d.u.i.k.p.i.AbstractProblemLoader Init config took 3.01s 
838975     INFO  Test worker     d.u.i.k.p.i.AbstractProblemLoader Replaying proof SMT_lemma_null.dl_8427472553169792315.key 
838976     DEBUG Test worker     d.u.i.k.p.i.IntermediateProofReplayer Proof replay took 7.5ns 
]]></system-out>
  <system-err><![CDATA[]]></system-err>
</testsuite>
