<?xml version="1.0" encoding="UTF-8"?>
<testsuite name="de.uka.ilkd.key.rule.merge.MergeRuleTests" tests="11" skipped="0" failures="0" errors="0" timestamp="2023-04-20T21:09:37" hostname="fv-az795-898" time="82.02">
  <properties/>
  <testcase name="testDoManualGcdProof()" classname="de.uka.ilkd.key.rule.merge.MergeRuleTests" time="23.069"/>
  <testcase name="testLoadProofWithDiffVarsWithSameNameAndMPS()" classname="de.uka.ilkd.key.rule.merge.MergeRuleTests" time="3.566"/>
  <testcase name="testDoAutomaticGcdProofWithMergePointStatementAndBlockContract()" classname="de.uka.ilkd.key.rule.merge.MergeRuleTests" time="13.747"/>
  <testcase name="testLoadGcdProofWithPredAbstrAndUserChoices()" classname="de.uka.ilkd.key.rule.merge.MergeRuleTests" time="4.139"/>
  <testcase name="testLoadGcdProofWithPredAbstr()" classname="de.uka.ilkd.key.rule.merge.MergeRuleTests" time="4.673"/>
  <testcase name="testMergeThreeIndistinguishablePathConditionsWithITE()" classname="de.uka.ilkd.key.rule.merge.MergeRuleTests" time="3.237"/>
  <testcase name="testMergeIndistinguishablePathConditionsWithFullAnonymization()" classname="de.uka.ilkd.key.rule.merge.MergeRuleTests" time="3.122"/>
  <testcase name="testLoadClosedGcdProofWithMergePointStatements()" classname="de.uka.ilkd.key.rule.merge.MergeRuleTests" time="4.463"/>
  <testcase name="testMergeIndistinguishablePathConditionsWithITE()" classname="de.uka.ilkd.key.rule.merge.MergeRuleTests" time="3.192"/>
  <testcase name="testDoAutomaticGcdProofWithMergePointStatements()" classname="de.uka.ilkd.key.rule.merge.MergeRuleTests" time="14.24"/>
  <testcase name="testLoadGcdProof()" classname="de.uka.ilkd.key.rule.merge.MergeRuleTests" time="4.566"/>
  <system-out><![CDATA[508747     INFO  Test worker     d.u.i.k.p.i.AbstractProblemLoader Loading environment from src/test/resources/testcase/merge/gcd.key 
508747     DEBUG Test worker     d.u.i.k.p.i.AbstractProblemLoader Environment load took 121.5ns 
508748     INFO  Test worker     d.u.i.k.p.i.AbstractProblemLoader Creating init config 
508889     DEBUG Test worker     d.u.i.k.j.TypeConverter   No LDT found for Meta 
508889     DEBUG Test worker     d.u.i.k.j.TypeConverter   No LDT found for Meta 
508890     DEBUG Test worker     d.u.i.k.j.TypeConverter   No LDT found for Meta 
508890     DEBUG Test worker     d.u.i.k.j.TypeConverter   No LDT found for Meta 
509473     DEBUG Test worker     d.u.i.k.j.TypeConverter   No LDT found for JavaBigintExpression 
512997     DEBUG Test worker     d.u.i.k.p.i.AbstractProblemLoader Init config took 4.25s 
513049     INFO  Test worker     d.u.i.k.p.i.AbstractProblemLoader Replaying proof Gcd[Gcd::gcd(int,int)].JML normal_behavior operation contract.0 
513051     DEBUG Test worker     d.u.i.k.p.i.IntermediateProofReplayer Proof replay took 9.4ns 
531816     INFO  Test worker     d.u.i.k.p.i.AbstractProblemLoader Loading environment from src/test/resources/testcase/merge/A.differentVarsWithSameName.MPS.cut.closed.proof 
531817     DEBUG Test worker     d.u.i.k.p.i.AbstractProblemLoader Environment load took 479.3ns 
531818     INFO  Test worker     d.u.i.k.p.i.AbstractProblemLoader Creating init config 
535084     DEBUG Test worker     d.u.i.k.p.i.AbstractProblemLoader Init config took 3.27s 
535131     INFO  Test worker     d.u.i.k.p.i.AbstractProblemLoader Replaying proof A[A::m(boolean)].JML operation contract.0 
535379     DEBUG Test worker     d.u.i.k.p.i.IntermediateProofReplayer Proof replay took 244.28ms 
535382     INFO  Test worker     d.u.i.k.p.i.AbstractProblemLoader Loading environment from src/test/resources/testcase/merge/gcd.MPSAndBlockContract.key 
535382     DEBUG Test worker     d.u.i.k.p.i.AbstractProblemLoader Environment load took 302.4ns 
535383     INFO  Test worker     d.u.i.k.p.i.AbstractProblemLoader Creating init config 
538653     DEBUG Test worker     d.u.i.k.p.i.AbstractProblemLoader Init config took 3.27s 
538696     INFO  Test worker     d.u.i.k.p.i.AbstractProblemLoader Replaying proof Gcd[Gcd::gcdMPSAndBlockContract(int,int)].JML normal_behavior operation contract.0 
538698     DEBUG Test worker     d.u.i.k.p.i.IntermediateProofReplayer Proof replay took 30.6ns 
549135     INFO  Test worker     d.u.i.k.p.i.AbstractProblemLoader Loading environment from src/test/resources/testcase/merge/gcd.closed.predicateAbstractionWithUserChoices.proof 
549135     DEBUG Test worker     d.u.i.k.p.i.AbstractProblemLoader Environment load took 365ns 
549138     INFO  Test worker     d.u.i.k.p.i.AbstractProblemLoader Creating init config 
552448     DEBUG Test worker     d.u.i.k.p.i.AbstractProblemLoader Init config took 3.31s 
552494     INFO  Test worker     d.u.i.k.p.i.AbstractProblemLoader Replaying proof Gcd[Gcd::gcd(int,int)].JML normal_behavior operation contract.0 
553271     DEBUG Test worker     d.u.i.k.p.i.IntermediateProofReplayer Proof replay took 743.17ms 
553274     INFO  Test worker     d.u.i.k.p.i.AbstractProblemLoader Loading environment from src/test/resources/testcase/merge/gcd.closed.predicateabstraction.proof 
553275     DEBUG Test worker     d.u.i.k.p.i.AbstractProblemLoader Environment load took 321.4ns 
553275     INFO  Test worker     d.u.i.k.p.i.AbstractProblemLoader Creating init config 
556711     DEBUG Test worker     d.u.i.k.p.i.AbstractProblemLoader Init config took 3.44s 
556769     INFO  Test worker     d.u.i.k.p.i.AbstractProblemLoader Replaying proof Gcd[Gcd::gcd(int,int)].JML normal_behavior operation contract.0 
557944     DEBUG Test worker     d.u.i.k.p.i.IntermediateProofReplayer Proof replay took 1.12s 
557947     INFO  Test worker     d.u.i.k.p.i.AbstractProblemLoader Loading environment from src/test/resources/testcase/merge/IndistinguishablePathConditions.twoJoins.proof 
557947     DEBUG Test worker     d.u.i.k.p.i.AbstractProblemLoader Environment load took 86.4ns 
557948     INFO  Test worker     d.u.i.k.p.i.AbstractProblemLoader Creating init config 
561153     DEBUG Test worker     d.u.i.k.p.i.AbstractProblemLoader Init config took 3.21s 
561173     INFO  Test worker     d.u.i.k.p.i.AbstractProblemLoader Replaying proof IndistinguishablePathConditions.twoJoins.proof 
561182     DEBUG Test worker     d.u.i.k.p.i.IntermediateProofReplayer Proof replay took 1.26ms 
561184     INFO  Test worker     d.u.i.k.p.i.AbstractProblemLoader Loading environment from src/test/resources/testcase/merge/IndistinguishablePathConditions.proof 
561185     DEBUG Test worker     d.u.i.k.p.i.AbstractProblemLoader Environment load took 304ns 
561185     INFO  Test worker     d.u.i.k.p.i.AbstractProblemLoader Creating init config 
564261     DEBUG Test worker     d.u.i.k.p.i.AbstractProblemLoader Init config took 3.08s 
564280     INFO  Test worker     d.u.i.k.p.i.AbstractProblemLoader Replaying proof IndistinguishablePathConditions.proof 
564282     DEBUG Test worker     d.u.i.k.p.i.IntermediateProofReplayer Proof replay took 632.9ns 
564306     INFO  Test worker     d.u.i.k.p.i.AbstractProblemLoader Loading environment from src/test/resources/testcase/merge/gcd.mergePointStatements.closed.proof 
564306     DEBUG Test worker     d.u.i.k.p.i.AbstractProblemLoader Environment load took 86.6ns 
564307     INFO  Test worker     d.u.i.k.p.i.AbstractProblemLoader Creating init config 
567495     DEBUG Test worker     d.u.i.k.p.i.AbstractProblemLoader Init config took 3.19s 
567538     INFO  Test worker     d.u.i.k.p.i.AbstractProblemLoader Replaying proof Gcd[Gcd::gcdMPS(int,int)].JML normal_behavior operation contract.0 
568761     DEBUG Test worker     d.u.i.k.p.i.IntermediateProofReplayer Proof replay took 1.17s 
568769     INFO  Test worker     d.u.i.k.p.i.AbstractProblemLoader Loading environment from src/test/resources/testcase/merge/IndistinguishablePathConditions.proof 
568770     DEBUG Test worker     d.u.i.k.p.i.AbstractProblemLoader Environment load took 293.3ns 
568770     INFO  Test worker     d.u.i.k.p.i.AbstractProblemLoader Creating init config 
571937     DEBUG Test worker     d.u.i.k.p.i.AbstractProblemLoader Init config took 3.17s 
571956     INFO  Test worker     d.u.i.k.p.i.AbstractProblemLoader Replaying proof IndistinguishablePathConditions.proof 
571960     DEBUG Test worker     d.u.i.k.p.i.IntermediateProofReplayer Proof replay took 854.7ns 
571961     INFO  Test worker     d.u.i.k.p.i.AbstractProblemLoader Loading environment from src/test/resources/testcase/merge/gcd.mergePointStatements.key 
571961     DEBUG Test worker     d.u.i.k.p.i.AbstractProblemLoader Environment load took 132.3ns 
571962     INFO  Test worker     d.u.i.k.p.i.AbstractProblemLoader Creating init config 
575205     DEBUG Test worker     d.u.i.k.p.i.AbstractProblemLoader Init config took 3.24s 
575279     INFO  Test worker     d.u.i.k.p.i.AbstractProblemLoader Replaying proof Gcd[Gcd::gcdMPS(int,int)].JML normal_behavior operation contract.0 
575284     DEBUG Test worker     d.u.i.k.p.i.IntermediateProofReplayer Proof replay took 49ns 
586200     INFO  Test worker     d.u.i.k.p.i.AbstractProblemLoader Loading environment from src/test/resources/testcase/merge/gcd.closed.proof 
586201     DEBUG Test worker     d.u.i.k.p.i.AbstractProblemLoader Environment load took 132.8ns 
586201     INFO  Test worker     d.u.i.k.p.i.AbstractProblemLoader Creating init config 
589606     DEBUG Test worker     d.u.i.k.p.i.AbstractProblemLoader Init config took 3.4s 
589663     INFO  Test worker     d.u.i.k.p.i.AbstractProblemLoader Replaying proof Gcd[Gcd::gcd(int,int)].JML normal_behavior operation contract.0 
590763     DEBUG Test worker     d.u.i.k.p.i.IntermediateProofReplayer Proof replay took 1.05s 
]]></system-out>
  <system-err><![CDATA[]]></system-err>
</testsuite>
