<?xml version="1.0" encoding="UTF-8"?>
<testsuite name="de.uka.ilkd.key.parser.TestTermParserSorts" tests="2" skipped="0" failures="0" errors="0" timestamp="2023-04-20T21:08:53" hostname="fv-az795-898" time="3.163">
  <properties/>
  <testcase name="testParseIntegerArgs()" classname="de.uka.ilkd.key.parser.TestTermParserSorts" time="0.016"/>
  <testcase name="testParseSequencePrettySyntax()" classname="de.uka.ilkd.key.parser.TestTermParserSorts" time="0.001"/>
  <system-out><![CDATA[464902     INFO  Test worker     d.u.i.k.n.KeyIO           Parsing took 0 ms 
464902     DEBUG Test worker     d.u.i.k.n.KeyIO           Load declarations of de.uka.ilkd.key.nparser.KeyAst$File:  <unknown>:1#1 
464903     INFO  Test worker     d.u.i.k.n.KeyIO           MODE: declarations took 1 ms 
464903     DEBUG Test worker     d.u.i.k.n.KeyIO           MODE: 2nd degree decls took 0 
464903     INFO  Test worker     d.u.i.k.n.KeyIO           Parsing took 0 ms 
464903     DEBUG Test worker     d.u.i.k.n.KeyIO           Load declarations of de.uka.ilkd.key.nparser.KeyAst$File:  <unknown>:1#1 
464903     INFO  Test worker     d.u.i.k.n.KeyIO           MODE: declarations took 0 ms 
464903     DEBUG Test worker     d.u.i.k.n.KeyIO           MODE: 2nd degree decls took 0 
464903     INFO  Test worker     d.u.i.k.n.KeyIO           Parsing took 0 ms 
464903     DEBUG Test worker     d.u.i.k.n.KeyIO           Load declarations of de.uka.ilkd.key.nparser.KeyAst$File:  <unknown>:1#1 
464903     INFO  Test worker     d.u.i.k.n.KeyIO           MODE: declarations took 0 ms 
464903     DEBUG Test worker     d.u.i.k.n.KeyIO           MODE: 2nd degree decls took 0 
468064     INFO  Test worker     d.u.i.k.n.KeyIO           Parsing took 0 ms 
468064     DEBUG Test worker     d.u.i.k.n.KeyIO           Load declarations of de.uka.ilkd.key.nparser.KeyAst$File:  <unknown>:1#1 
468064     INFO  Test worker     d.u.i.k.n.KeyIO           MODE: declarations took 0 ms 
468064     DEBUG Test worker     d.u.i.k.n.KeyIO           MODE: 2nd degree decls took 0 
468064     INFO  Test worker     d.u.i.k.n.KeyIO           Parsing took 0 ms 
468064     DEBUG Test worker     d.u.i.k.n.KeyIO           Load declarations of de.uka.ilkd.key.nparser.KeyAst$File:  <unknown>:1#1 
468064     INFO  Test worker     d.u.i.k.n.KeyIO           MODE: declarations took 0 ms 
468064     DEBUG Test worker     d.u.i.k.n.KeyIO           MODE: 2nd degree decls took 0 
468064     INFO  Test worker     d.u.i.k.n.KeyIO           Parsing took 0 ms 
468064     DEBUG Test worker     d.u.i.k.n.KeyIO           Load declarations of de.uka.ilkd.key.nparser.KeyAst$File:  <unknown>:1#1 
468064     INFO  Test worker     d.u.i.k.n.KeyIO           MODE: declarations took 0 ms 
468064     DEBUG Test worker     d.u.i.k.n.KeyIO           MODE: 2nd degree decls took 0 
]]></system-out>
  <system-err><![CDATA[]]></system-err>
</testsuite>
