<?xml version="1.0" encoding="UTF-8"?>
<testsuite name="de.uka.ilkd.key.rule.loop.LoopScopeInvRuleTests" tests="1" skipped="0" failures="0" errors="0" timestamp="2023-04-20T21:09:24" hostname="fv-az795-898" time="6.264">
  <properties/>
  <testcase name="testDoAutomaticProofOfBenchmarkWithLabeledBreaksAndContinues()" classname="de.uka.ilkd.key.rule.loop.LoopScopeInvRuleTests" time="6.264"/>
  <system-out><![CDATA[495229     INFO  Test worker     d.u.i.k.p.i.AbstractProblemLoader Loading environment from src/test/resources/testcase/loopScopeInvRule/Test.key 
495229     DEBUG Test worker     d.u.i.k.p.i.AbstractProblemLoader Environment load took 513.5ns 
495230     INFO  Test worker     d.u.i.k.p.i.AbstractProblemLoader Creating init config 
495518     DEBUG Test worker     d.u.i.k.j.TypeConverter   No LDT found for Meta 
495526     DEBUG Test worker     d.u.i.k.j.TypeConverter   No LDT found for Meta 
495527     DEBUG Test worker     d.u.i.k.j.TypeConverter   No LDT found for Meta 
495527     DEBUG Test worker     d.u.i.k.j.TypeConverter   No LDT found for Meta 
496341     DEBUG Test worker     d.u.i.k.j.TypeConverter   No LDT found for JavaBigintExpression 
500406     DEBUG Test worker     d.u.i.k.p.i.AbstractProblemLoader Init config took 5.18s 
500463     INFO  Test worker     d.u.i.k.p.i.AbstractProblemLoader Replaying proof Test[Test::loopScopeRuleBenchmark(int,boolean)].JML normal_behavior operation contract.0 
500468     DEBUG Test worker     d.u.i.k.p.i.IntermediateProofReplayer Proof replay took 33.3ns 
]]></system-out>
  <system-err><![CDATA[]]></system-err>
</testsuite>
