<?xml version="1.0" encoding="UTF-8"?>
<testsuite name="de.uka.ilkd.key.parser.TestDeclParser" tests="14" skipped="2" failures="0" errors="0" timestamp="2023-04-20T21:04:58" hostname="fv-az795-898" time="12.338">
  <properties/>
  <testcase name="testGenericSortDecl1()" classname="de.uka.ilkd.key.parser.TestDeclParser" time="1.137"/>
  <testcase name="testGenericSortDecl2()" classname="de.uka.ilkd.key.parser.TestDeclParser" time="0.992"/>
  <testcase name="testGenericSortDecl3()" classname="de.uka.ilkd.key.parser.TestDeclParser" time="1.096"/>
  <testcase name="testGenericSortDecl4()" classname="de.uka.ilkd.key.parser.TestDeclParser" time="1.05"/>
  <testcase name="testGenericSortDecl5()" classname="de.uka.ilkd.key.parser.TestDeclParser" time="0.0">
    <skipped/>
  </testcase>
  <testcase name="testGenericSortDecl6()" classname="de.uka.ilkd.key.parser.TestDeclParser" time="1.116"/>
  <testcase name="testSortDecl()" classname="de.uka.ilkd.key.parser.TestDeclParser" time="0.92"/>
  <testcase name="testProxySortDecl()" classname="de.uka.ilkd.key.parser.TestDeclParser" time="0.977"/>
  <testcase name="testArrayDecl()" classname="de.uka.ilkd.key.parser.TestDeclParser" time="1.039"/>
  <testcase name="testAmbiguousDecls()" classname="de.uka.ilkd.key.parser.TestDeclParser" time="0.0">
    <skipped/>
  </testcase>
  <testcase name="testHeurDecl()" classname="de.uka.ilkd.key.parser.TestDeclParser" time="0.946"/>
  <testcase name="testFunctionDecl()" classname="de.uka.ilkd.key.parser.TestDeclParser" time="1.001"/>
  <testcase name="testPredicateDecl()" classname="de.uka.ilkd.key.parser.TestDeclParser" time="1.064"/>
  <testcase name="testSVDecl()" classname="de.uka.ilkd.key.parser.TestDeclParser" time="0.996"/>
  <system-out><![CDATA[230311     INFO  Test worker     d.u.i.k.n.KeyIO           Parsing took 1 ms 
230311     DEBUG Test worker     d.u.i.k.n.KeyIO           Load declarations of de.uka.ilkd.key.nparser.KeyAst$File:  <unknown>:1#1 
230312     INFO  Test worker     d.u.i.k.n.KeyIO           MODE: declarations took 1 ms 
230312     DEBUG Test worker     d.u.i.k.n.KeyIO           MODE: 2nd degree decls took 0 
230313     DEBUG Test worker     d.u.i.k.n.KeyIO           MODE: taclets took 0ms 
231304     INFO  Test worker     d.u.i.k.n.KeyIO           Parsing took 0 ms 
231304     DEBUG Test worker     d.u.i.k.n.KeyIO           Load declarations of de.uka.ilkd.key.nparser.KeyAst$File:  <unknown>:1#1 
231305     INFO  Test worker     d.u.i.k.n.KeyIO           MODE: declarations took 1 ms 
231305     DEBUG Test worker     d.u.i.k.n.KeyIO           MODE: 2nd degree decls took 0 
231305     DEBUG Test worker     d.u.i.k.n.KeyIO           MODE: taclets took 0ms 
232401     INFO  Test worker     d.u.i.k.n.KeyIO           Parsing took 0 ms 
232401     DEBUG Test worker     d.u.i.k.n.KeyIO           Load declarations of de.uka.ilkd.key.nparser.KeyAst$File:  <unknown>:1#1 
232402     INFO  Test worker     d.u.i.k.n.KeyIO           MODE: declarations took 1 ms 
232402     DEBUG Test worker     d.u.i.k.n.KeyIO           MODE: 2nd degree decls took 0 
232402     DEBUG Test worker     d.u.i.k.n.KeyIO           MODE: taclets took 0ms 
233451     INFO  Test worker     d.u.i.k.n.KeyIO           Parsing took 0 ms 
233452     DEBUG Test worker     d.u.i.k.n.KeyIO           Load declarations of de.uka.ilkd.key.nparser.KeyAst$File:  <unknown>:1#1 
233452     INFO  Test worker     d.u.i.k.n.KeyIO           MODE: declarations took 0 ms 
233452     DEBUG Test worker     d.u.i.k.n.KeyIO           MODE: 2nd degree decls took 0 
233452     DEBUG Test worker     d.u.i.k.n.KeyIO           MODE: taclets took 0ms 
234569     INFO  Test worker     d.u.i.k.n.KeyIO           Parsing took 0 ms 
234569     DEBUG Test worker     d.u.i.k.n.KeyIO           Load declarations of de.uka.ilkd.key.nparser.KeyAst$File:  <unknown>:1#1 
234569     INFO  Test worker     d.u.i.k.n.KeyIO           MODE: declarations took 0 ms 
234569     DEBUG Test worker     d.u.i.k.n.KeyIO           MODE: 2nd degree decls took 0 
234569     DEBUG Test worker     d.u.i.k.n.KeyIO           MODE: taclets took 0ms 
235489     INFO  Test worker     d.u.i.k.n.KeyIO           Parsing took 0 ms 
235489     DEBUG Test worker     d.u.i.k.n.KeyIO           Load declarations of de.uka.ilkd.key.nparser.KeyAst$File:  <unknown>:1#1 
235489     INFO  Test worker     d.u.i.k.n.KeyIO           MODE: declarations took 0 ms 
235489     DEBUG Test worker     d.u.i.k.n.KeyIO           MODE: 2nd degree decls took 0 
235489     DEBUG Test worker     d.u.i.k.n.KeyIO           MODE: taclets took 0ms 
236466     INFO  Test worker     d.u.i.k.n.KeyIO           Parsing took 0 ms 
236466     DEBUG Test worker     d.u.i.k.n.KeyIO           Load declarations of de.uka.ilkd.key.nparser.KeyAst$File:  <unknown>:1#1 
236466     INFO  Test worker     d.u.i.k.n.KeyIO           MODE: declarations took 0 ms 
236466     DEBUG Test worker     d.u.i.k.n.KeyIO           MODE: 2nd degree decls took 0 
236466     DEBUG Test worker     d.u.i.k.n.KeyIO           MODE: taclets took 0ms 
237504     INFO  Test worker     d.u.i.k.n.KeyIO           Parsing took 0 ms 
237505     DEBUG Test worker     d.u.i.k.n.KeyIO           Load declarations of de.uka.ilkd.key.nparser.KeyAst$File:  <unknown>:1#1 
237505     INFO  Test worker     d.u.i.k.n.KeyIO           MODE: declarations took 1 ms 
237505     DEBUG Test worker     d.u.i.k.n.KeyIO           MODE: 2nd degree decls took 0 
237505     DEBUG Test worker     d.u.i.k.n.KeyIO           MODE: taclets took 0ms 
238452     INFO  Test worker     d.u.i.k.n.KeyIO           Parsing took 0 ms 
238452     DEBUG Test worker     d.u.i.k.n.KeyIO           Load declarations of de.uka.ilkd.key.nparser.KeyAst$File:  <unknown>:1#1 
238452     INFO  Test worker     d.u.i.k.n.KeyIO           MODE: declarations took 0 ms 
238452     DEBUG Test worker     d.u.i.k.n.KeyIO           MODE: 2nd degree decls took 0 
238452     DEBUG Test worker     d.u.i.k.n.KeyIO           MODE: taclets took 0ms 
239452     INFO  Test worker     d.u.i.k.n.KeyIO           Parsing took 0 ms 
239452     DEBUG Test worker     d.u.i.k.n.KeyIO           Load declarations of de.uka.ilkd.key.nparser.KeyAst$File:  <unknown>:1#1 
239452     INFO  Test worker     d.u.i.k.n.KeyIO           MODE: declarations took 0 ms 
239453     DEBUG Test worker     d.u.i.k.n.KeyIO           MODE: 2nd degree decls took 1 
239453     DEBUG Test worker     d.u.i.k.n.KeyIO           MODE: taclets took 0ms 
240517     INFO  Test worker     d.u.i.k.n.KeyIO           Parsing took 0 ms 
240517     DEBUG Test worker     d.u.i.k.n.KeyIO           Load declarations of de.uka.ilkd.key.nparser.KeyAst$File:  <unknown>:1#1 
240517     INFO  Test worker     d.u.i.k.n.KeyIO           MODE: declarations took 0 ms 
240518     DEBUG Test worker     d.u.i.k.n.KeyIO           MODE: 2nd degree decls took 0 
240518     DEBUG Test worker     d.u.i.k.n.KeyIO           MODE: taclets took 0ms 
241513     INFO  Test worker     d.u.i.k.n.KeyIO           Parsing took 1 ms 
241513     DEBUG Test worker     d.u.i.k.n.KeyIO           Load declarations of de.uka.ilkd.key.nparser.KeyAst$File:  <unknown>:1#1 
241513     INFO  Test worker     d.u.i.k.n.KeyIO           MODE: declarations took 0 ms 
241513     DEBUG Test worker     d.u.i.k.n.KeyIO           MODE: 2nd degree decls took 0 
241513     DEBUG Test worker     d.u.i.k.n.KeyIO           MODE: taclets took 0ms 
]]></system-out>
  <system-err><![CDATA[]]></system-err>
</testsuite>
