<?xml version="1.0" encoding="UTF-8"?>
<testsuite name="de.uka.ilkd.key.java.TestContextStatementBlock" tests="1" skipped="0" failures="0" errors="0" timestamp="2023-04-20T21:01:33" hostname="fv-az795-898" time="1.37">
  <properties/>
  <testcase name="testContextTermInstantiation()" classname="de.uka.ilkd.key.java.TestContextStatementBlock" time="1.37"/>
  <system-out><![CDATA[25411      INFO  Test worker     d.u.i.k.n.KeyIO           Parsing took 4 ms 
25412      DEBUG Test worker     d.u.i.k.n.KeyIO           Load declarations of de.uka.ilkd.key.nparser.KeyAst$File:  /home/runner/work/key/key/key.core/src/test/resources/testcase/testrules.key:9#1 
25423      INFO  Test worker     d.u.i.k.n.KeyIO           MODE: declarations took 11 ms 
25423      DEBUG Test worker     d.u.i.k.n.KeyIO           MODE: 2nd degree decls took 0 
25576      DEBUG Test worker     d.u.i.k.n.KeyIO           MODE: taclets took 151ms 
]]></system-out>
  <system-err><![CDATA[]]></system-err>
</testsuite>
