<?xml version="1.0" encoding="UTF-8"?>
<testsuite name="de.uka.ilkd.key.rule.TestSchemaModalOperators" tests="4" skipped="0" failures="0" errors="0" timestamp="2023-04-20T21:09:22" hostname="fv-az795-898" time="1.47">
  <properties/>
  <testcase name="testSchemaModalities1()" classname="de.uka.ilkd.key.rule.TestSchemaModalOperators" time="1.428"/>
  <testcase name="testSchemaModalities2()" classname="de.uka.ilkd.key.rule.TestSchemaModalOperators" time="0.018"/>
  <testcase name="testSchemaModalities3()" classname="de.uka.ilkd.key.rule.TestSchemaModalOperators" time="0.009"/>
  <testcase name="testSchemaModalities4()" classname="de.uka.ilkd.key.rule.TestSchemaModalOperators" time="0.013"/>
  <system-out><![CDATA[495057     INFO  Test worker     d.u.i.k.n.KeyIO           Parsing took 3 ms 
495057     DEBUG Test worker     d.u.i.k.n.KeyIO           Load declarations of de.uka.ilkd.key.nparser.KeyAst$File:  /home/runner/work/key/key/key.core/src/test/resources/testcase/testrules.key:9#1 
495059     INFO  Test worker     d.u.i.k.n.KeyIO           MODE: declarations took 2 ms 
495060     DEBUG Test worker     d.u.i.k.n.KeyIO           MODE: 2nd degree decls took 0 
495114     DEBUG Test worker     d.u.i.k.n.KeyIO           MODE: taclets took 54ms 
]]></system-out>
  <system-err><![CDATA[]]></system-err>
</testsuite>
