<?xml version="1.0" encoding="UTF-8"?>
<testsuite name="de.uka.ilkd.key.logic.TestTermLabelManager" tests="21" skipped="0" failures="0" errors="0" timestamp="2023-04-20T21:03:10" hostname="fv-az795-898" time="59.818">
  <properties/>
  <testcase name="testInstantiateLabels_directChildPolicies_allRules()" classname="de.uka.ilkd.key.logic.TestTermLabelManager" time="4.671"/>
  <testcase name="testInstantiateLabels_childAndGrandchildPolicies_ruleSpecific()" classname="de.uka.ilkd.key.logic.TestTermLabelManager" time="3.121"/>
  <testcase name="testParseLabel()" classname="de.uka.ilkd.key.logic.TestTermLabelManager" time="3.189"/>
  <testcase name="testrefactorGoal_childrenAndGrandchildren_ruleSpecific()" classname="de.uka.ilkd.key.logic.TestTermLabelManager" time="3.213"/>
  <testcase name="testrefactorGoal_directChildren_allRules()" classname="de.uka.ilkd.key.logic.TestTermLabelManager" time="3.198"/>
  <testcase name="testInstantiateLabels_childAndGrandchildPolicies_allRules()" classname="de.uka.ilkd.key.logic.TestTermLabelManager" time="3.114"/>
  <testcase name="testInstantiateLabels_taclet()" classname="de.uka.ilkd.key.logic.TestTermLabelManager" time="3.138"/>
  <testcase name="testrefactorGoal_none_ruleSpecific()" classname="de.uka.ilkd.key.logic.TestTermLabelManager" time="3.048"/>
  <testcase name="testInstantiateLabels_updates_ruleSpecific()" classname="de.uka.ilkd.key.logic.TestTermLabelManager" time="3.075"/>
  <testcase name="testrefactorGoal_sequent_ruleSpecific()" classname="de.uka.ilkd.key.logic.TestTermLabelManager" time="3.032"/>
  <testcase name="testInstantiateLabels_updates_allRules()" classname="de.uka.ilkd.key.logic.TestTermLabelManager" time="3.059"/>
  <testcase name="testrefactorGoal_sequent_allRules()" classname="de.uka.ilkd.key.logic.TestTermLabelManager" time="3.094"/>
  <testcase name="testrefactorGoal_childrenAndGrandchildren_allRules()" classname="de.uka.ilkd.key.logic.TestTermLabelManager" time="3.17"/>
  <testcase name="testGetTermLabelManager()" classname="de.uka.ilkd.key.logic.TestTermLabelManager" time="0.002"/>
  <testcase name="testInstantiateLabels_applicationTermPolicies()" classname="de.uka.ilkd.key.logic.TestTermLabelManager" time="3.022"/>
  <testcase name="testInstantiateLabels_modalityTermPolicies()" classname="de.uka.ilkd.key.logic.TestTermLabelManager" time="3.046"/>
  <testcase name="testrefactorGoal_none_allRules()" classname="de.uka.ilkd.key.logic.TestTermLabelManager" time="2.9"/>
  <testcase name="testInstantiateLabels_null()" classname="de.uka.ilkd.key.logic.TestTermLabelManager" time="0.0"/>
  <testcase name="testrefactorGoal_directChildren_ruleSpecific()" classname="de.uka.ilkd.key.logic.TestTermLabelManager" time="2.973"/>
  <testcase name="testInstantiateLabels_directChildPolicies_ruleSpecific()" classname="de.uka.ilkd.key.logic.TestTermLabelManager" time="2.871"/>
  <testcase name="testGetSupportedTermLabelNames()" classname="de.uka.ilkd.key.logic.TestTermLabelManager" time="2.878"/>
  <system-out><![CDATA[121134     INFO  Test worker     d.u.i.k.p.i.AbstractProblemLoader Loading environment from src/test/resources/testcase/termLabels/flatSteps/FlatSteps.java 
121135     DEBUG Test worker     d.u.i.k.p.i.AbstractProblemLoader Environment load took 612.1ns 
121136     INFO  Test worker     d.u.i.k.p.i.AbstractProblemLoader Creating init config 
121354     DEBUG Test worker     d.u.i.k.j.TypeConverter   No LDT found for Meta 
121355     DEBUG Test worker     d.u.i.k.j.TypeConverter   No LDT found for Meta 
121363     DEBUG Test worker     d.u.i.k.j.TypeConverter   No LDT found for Meta 
121364     DEBUG Test worker     d.u.i.k.j.TypeConverter   No LDT found for Meta 
122213     DEBUG Test worker     d.u.i.k.j.TypeConverter   No LDT found for JavaBigintExpression 
125801     DEBUG Test worker     d.u.i.k.p.i.AbstractProblemLoader Init config took 4.66s 
125805     INFO  Test worker     d.u.i.k.p.i.AbstractProblemLoader Loading environment from src/test/resources/testcase/termLabels/flatSteps/FlatSteps.java 
125806     DEBUG Test worker     d.u.i.k.p.i.AbstractProblemLoader Environment load took 164.2ns 
125807     INFO  Test worker     d.u.i.k.p.i.AbstractProblemLoader Creating init config 
128921     DEBUG Test worker     d.u.i.k.p.i.AbstractProblemLoader Init config took 3.11s 
128926     INFO  Test worker     d.u.i.k.p.i.AbstractProblemLoader Loading environment from src/test/resources/testcase/termLabels/flatSteps/FlatSteps.java 
128927     DEBUG Test worker     d.u.i.k.p.i.AbstractProblemLoader Environment load took 138.7ns 
128927     INFO  Test worker     d.u.i.k.p.i.AbstractProblemLoader Creating init config 
132111     DEBUG Test worker     d.u.i.k.p.i.AbstractProblemLoader Init config took 3.18s 
132115     INFO  Test worker     d.u.i.k.p.i.AbstractProblemLoader Loading environment from src/test/resources/testcase/termLabels/flatSteps/FlatSteps.java 
132115     DEBUG Test worker     d.u.i.k.p.i.AbstractProblemLoader Environment load took 198.2ns 
132117     INFO  Test worker     d.u.i.k.p.i.AbstractProblemLoader Creating init config 
135318     DEBUG Test worker     d.u.i.k.p.i.AbstractProblemLoader Init config took 3.2s 
135328     INFO  Test worker     d.u.i.k.p.i.AbstractProblemLoader Loading environment from src/test/resources/testcase/termLabels/flatSteps/FlatSteps.java 
135328     DEBUG Test worker     d.u.i.k.p.i.AbstractProblemLoader Environment load took 227.2ns 
135329     INFO  Test worker     d.u.i.k.p.i.AbstractProblemLoader Creating init config 
138518     DEBUG Test worker     d.u.i.k.p.i.AbstractProblemLoader Init config took 3.19s 
138526     INFO  Test worker     d.u.i.k.p.i.AbstractProblemLoader Loading environment from src/test/resources/testcase/termLabels/flatSteps/FlatSteps.java 
138526     DEBUG Test worker     d.u.i.k.p.i.AbstractProblemLoader Environment load took 127.8ns 
138527     INFO  Test worker     d.u.i.k.p.i.AbstractProblemLoader Creating init config 
141637     DEBUG Test worker     d.u.i.k.p.i.AbstractProblemLoader Init config took 3.11s 
141640     INFO  Test worker     d.u.i.k.p.i.AbstractProblemLoader Loading environment from src/test/resources/testcase/termLabels/flatSteps/FlatSteps.java 
141640     DEBUG Test worker     d.u.i.k.p.i.AbstractProblemLoader Environment load took 185.2ns 
141641     INFO  Test worker     d.u.i.k.p.i.AbstractProblemLoader Creating init config 
144774     DEBUG Test worker     d.u.i.k.p.i.AbstractProblemLoader Init config took 3.13s 
144778     INFO  Test worker     d.u.i.k.p.i.AbstractProblemLoader Loading environment from src/test/resources/testcase/termLabels/flatSteps/FlatSteps.java 
144778     DEBUG Test worker     d.u.i.k.p.i.AbstractProblemLoader Environment load took 154.4ns 
144779     INFO  Test worker     d.u.i.k.p.i.AbstractProblemLoader Creating init config 
147817     DEBUG Test worker     d.u.i.k.p.i.AbstractProblemLoader Init config took 3.04s 
147826     INFO  Test worker     d.u.i.k.p.i.AbstractProblemLoader Loading environment from src/test/resources/testcase/termLabels/flatSteps/FlatSteps.java 
147826     DEBUG Test worker     d.u.i.k.p.i.AbstractProblemLoader Environment load took 126.5ns 
147827     INFO  Test worker     d.u.i.k.p.i.AbstractProblemLoader Creating init config 
150898     DEBUG Test worker     d.u.i.k.p.i.AbstractProblemLoader Init config took 3.07s 
150902     INFO  Test worker     d.u.i.k.p.i.AbstractProblemLoader Loading environment from src/test/resources/testcase/termLabels/flatSteps/FlatSteps.java 
150902     DEBUG Test worker     d.u.i.k.p.i.AbstractProblemLoader Environment load took 97.4ns 
150902     INFO  Test worker     d.u.i.k.p.i.AbstractProblemLoader Creating init config 
153925     DEBUG Test worker     d.u.i.k.p.i.AbstractProblemLoader Init config took 3.02s 
153933     INFO  Test worker     d.u.i.k.p.i.AbstractProblemLoader Loading environment from src/test/resources/testcase/termLabels/flatSteps/FlatSteps.java 
153933     DEBUG Test worker     d.u.i.k.p.i.AbstractProblemLoader Environment load took 127.7ns 
153934     INFO  Test worker     d.u.i.k.p.i.AbstractProblemLoader Creating init config 
156988     DEBUG Test worker     d.u.i.k.p.i.AbstractProblemLoader Init config took 3.05s 
156992     INFO  Test worker     d.u.i.k.p.i.AbstractProblemLoader Loading environment from src/test/resources/testcase/termLabels/flatSteps/FlatSteps.java 
156992     DEBUG Test worker     d.u.i.k.p.i.AbstractProblemLoader Environment load took 128.5ns 
156993     INFO  Test worker     d.u.i.k.p.i.AbstractProblemLoader Creating init config 
160071     DEBUG Test worker     d.u.i.k.p.i.AbstractProblemLoader Init config took 3.08s 
160090     INFO  Test worker     d.u.i.k.p.i.AbstractProblemLoader Loading environment from src/test/resources/testcase/termLabels/flatSteps/FlatSteps.java 
160092     DEBUG Test worker     d.u.i.k.p.i.AbstractProblemLoader Environment load took 1.93ms 
160094     INFO  Test worker     d.u.i.k.p.i.AbstractProblemLoader Creating init config 
163252     DEBUG Test worker     d.u.i.k.p.i.AbstractProblemLoader Init config took 3.16s 
163263     INFO  Test worker     d.u.i.k.p.i.AbstractProblemLoader Loading environment from src/test/resources/testcase/termLabels/flatSteps/FlatSteps.java 
163264     DEBUG Test worker     d.u.i.k.p.i.AbstractProblemLoader Environment load took 474.9ns 
163264     INFO  Test worker     d.u.i.k.p.i.AbstractProblemLoader Creating init config 
166280     DEBUG Test worker     d.u.i.k.p.i.AbstractProblemLoader Init config took 3.02s 
166284     INFO  Test worker     d.u.i.k.p.i.AbstractProblemLoader Loading environment from src/test/resources/testcase/termLabels/flatSteps/FlatSteps.java 
166284     DEBUG Test worker     d.u.i.k.p.i.AbstractProblemLoader Environment load took 78.6ns 
166285     INFO  Test worker     d.u.i.k.p.i.AbstractProblemLoader Creating init config 
169326     DEBUG Test worker     d.u.i.k.p.i.AbstractProblemLoader Init config took 3.04s 
169329     INFO  Test worker     d.u.i.k.p.i.AbstractProblemLoader Loading environment from src/test/resources/testcase/termLabels/flatSteps/FlatSteps.java 
169330     DEBUG Test worker     d.u.i.k.p.i.AbstractProblemLoader Environment load took 102.3ns 
169330     INFO  Test worker     d.u.i.k.p.i.AbstractProblemLoader Creating init config 
172223     DEBUG Test worker     d.u.i.k.p.i.AbstractProblemLoader Init config took 2.89s 
172230     INFO  Test worker     d.u.i.k.p.i.AbstractProblemLoader Loading environment from src/test/resources/testcase/termLabels/flatSteps/FlatSteps.java 
172230     DEBUG Test worker     d.u.i.k.p.i.AbstractProblemLoader Environment load took 93.5ns 
172230     INFO  Test worker     d.u.i.k.p.i.AbstractProblemLoader Creating init config 
175196     DEBUG Test worker     d.u.i.k.p.i.AbstractProblemLoader Init config took 2.96s 
175203     INFO  Test worker     d.u.i.k.p.i.AbstractProblemLoader Loading environment from src/test/resources/testcase/termLabels/flatSteps/FlatSteps.java 
175203     DEBUG Test worker     d.u.i.k.p.i.AbstractProblemLoader Environment load took 131ns 
175203     INFO  Test worker     d.u.i.k.p.i.AbstractProblemLoader Creating init config 
178071     DEBUG Test worker     d.u.i.k.p.i.AbstractProblemLoader Init config took 2.87s 
178074     INFO  Test worker     d.u.i.k.p.i.AbstractProblemLoader Loading environment from src/test/resources/testcase/termLabels/flatSteps/FlatSteps.java 
178074     DEBUG Test worker     d.u.i.k.p.i.AbstractProblemLoader Environment load took 111.7ns 
178075     INFO  Test worker     d.u.i.k.p.i.AbstractProblemLoader Creating init config 
180949     DEBUG Test worker     d.u.i.k.p.i.AbstractProblemLoader Init config took 2.87s 
]]></system-out>
  <system-err><![CDATA[]]></system-err>
</testsuite>
