<?xml version="1.0" encoding="UTF-8"?>
<testsuite name="de.uka.ilkd.key.taclettranslation.TestTacletTranslator" tests="5" skipped="0" failures="0" errors="0" timestamp="2023-04-20T21:15:52" hostname="fv-az795-898" time="0.009">
  <properties/>
  <testcase name="testPropositional1()" classname="de.uka.ilkd.key.taclettranslation.TestTacletTranslator" time="0.004"/>
  <testcase name="testPropositional2()" classname="de.uka.ilkd.key.taclettranslation.TestTacletTranslator" time="0.001"/>
  <testcase name="testNegativePolarity()" classname="de.uka.ilkd.key.taclettranslation.TestTacletTranslator" time="0.002"/>
  <testcase name="testNoPolarity()" classname="de.uka.ilkd.key.taclettranslation.TestTacletTranslator" time="0.001"/>
  <testcase name="testPositivePolarity()" classname="de.uka.ilkd.key.taclettranslation.TestTacletTranslator" time="0.001"/>
  <system-out><![CDATA[883685     INFO  Test worker     d.u.i.k.n.KeyIO           Parsing took 0 ms 
883686     DEBUG Test worker     d.u.i.k.n.KeyIO           Load declarations of de.uka.ilkd.key.nparser.KeyAst$File:  <unknown>:1#1 
883686     INFO  Test worker     d.u.i.k.n.KeyIO           MODE: declarations took 0 ms 
883686     DEBUG Test worker     d.u.i.k.n.KeyIO           MODE: 2nd degree decls took 0 
883686     DEBUG Test worker     d.u.i.k.n.KeyIO           MODE: taclets took 0ms 
883689     INFO  Test worker     d.u.i.k.n.KeyIO           Parsing took 0 ms 
883689     DEBUG Test worker     d.u.i.k.n.KeyIO           Load declarations of de.uka.ilkd.key.nparser.KeyAst$File:  <unknown>:1#1 
883689     INFO  Test worker     d.u.i.k.n.KeyIO           MODE: declarations took 0 ms 
883689     DEBUG Test worker     d.u.i.k.n.KeyIO           MODE: 2nd degree decls took 0 
883689     DEBUG Test worker     d.u.i.k.n.KeyIO           MODE: taclets took 0ms 
883690     INFO  Test worker     d.u.i.k.n.KeyIO           Parsing took 0 ms 
883690     DEBUG Test worker     d.u.i.k.n.KeyIO           Load declarations of de.uka.ilkd.key.nparser.KeyAst$File:  <unknown>:1#1 
883691     INFO  Test worker     d.u.i.k.n.KeyIO           MODE: declarations took 1 ms 
883691     DEBUG Test worker     d.u.i.k.n.KeyIO           MODE: 2nd degree decls took 0 
883691     DEBUG Test worker     d.u.i.k.n.KeyIO           MODE: taclets took 0ms 
883692     INFO  Test worker     d.u.i.k.n.KeyIO           Parsing took 0 ms 
883692     DEBUG Test worker     d.u.i.k.n.KeyIO           Load declarations of de.uka.ilkd.key.nparser.KeyAst$File:  <unknown>:1#1 
883692     INFO  Test worker     d.u.i.k.n.KeyIO           MODE: declarations took 0 ms 
883692     DEBUG Test worker     d.u.i.k.n.KeyIO           MODE: 2nd degree decls took 0 
883692     DEBUG Test worker     d.u.i.k.n.KeyIO           MODE: taclets took 0ms 
883693     INFO  Test worker     d.u.i.k.n.KeyIO           Parsing took 0 ms 
883693     DEBUG Test worker     d.u.i.k.n.KeyIO           Load declarations of de.uka.ilkd.key.nparser.KeyAst$File:  <unknown>:1#1 
883693     INFO  Test worker     d.u.i.k.n.KeyIO           MODE: declarations took 0 ms 
883693     DEBUG Test worker     d.u.i.k.n.KeyIO           MODE: 2nd degree decls took 0 
883694     DEBUG Test worker     d.u.i.k.n.KeyIO           MODE: taclets took 1ms 
]]></system-out>
  <system-err><![CDATA[]]></system-err>
</testsuite>
