<?xml version="1.0" encoding="UTF-8"?>
<testsuite name="de.uka.ilkd.key.proof.TestOneStepSimplifier" tests="1" skipped="0" failures="0" errors="0" timestamp="2023-04-20T21:08:57" hostname="fv-az795-898" time="4.236">
  <properties/>
  <testcase name="loadWithRestriction()" classname="de.uka.ilkd.key.proof.TestOneStepSimplifier" time="4.236"/>
  <system-out><![CDATA[468104     INFO  Test worker     d.u.i.k.p.i.AbstractProblemLoader Loading environment from src/test/resources/testcase/ossRestriction.proof 
468104     DEBUG Test worker     d.u.i.k.p.i.AbstractProblemLoader Environment load took 168.8ns 
468105     INFO  Test worker     d.u.i.k.p.i.AbstractProblemLoader Creating init config 
468269     DEBUG Test worker     d.u.i.k.j.TypeConverter   No LDT found for Meta 
468270     DEBUG Test worker     d.u.i.k.j.TypeConverter   No LDT found for Meta 
468271     DEBUG Test worker     d.u.i.k.j.TypeConverter   No LDT found for Meta 
468271     DEBUG Test worker     d.u.i.k.j.TypeConverter   No LDT found for Meta 
468911     DEBUG Test worker     d.u.i.k.j.TypeConverter   No LDT found for JavaBigintExpression 
472307     DEBUG Test worker     d.u.i.k.p.i.AbstractProblemLoader Init config took 4.2s 
472335     INFO  Test worker     d.u.i.k.p.i.AbstractProblemLoader Replaying proof ossRestriction.proof 
472339     DEBUG Test worker     d.u.i.k.p.i.IntermediateProofReplayer Proof replay took 1.17ms 
]]></system-out>
  <system-err><![CDATA[]]></system-err>
</testsuite>
