<?xml version="1.0" encoding="UTF-8"?>
<testsuite name="de.uka.ilkd.key.speclang.jml.pretranslation.TextualJMLAssertStatementTest" tests="1" skipped="0" failures="0" errors="0" timestamp="2023-02-21T16:47:33" hostname="fv-az577-265" time="0.047">
  <properties/>
  <testcase name="testTextRepr()" classname="de.uka.ilkd.key.speclang.jml.pretranslation.TextualJMLAssertStatementTest" time="0.047"/>
  <system-out><![CDATA[]]></system-out>
  <system-err><![CDATA[]]></system-err>
</testsuite>
