<?xml version="1.0" encoding="UTF-8"?>
<testsuite name="de.uka.ilkd.key.parser.proofjava.TestProofJavaParser" tests="4" skipped="0" failures="0" errors="0" timestamp="2023-03-03T14:12:43" hostname="fv-az573-89" time="0.012">
  <properties/>
  <testcase name="testGenericWithWithoutSpaces()" classname="de.uka.ilkd.key.parser.proofjava.TestProofJavaParser" time="0.002"/>
  <testcase name="testExpressions()" classname="de.uka.ilkd.key.parser.proofjava.TestProofJavaParser" time="0.003"/>
  <testcase name="testGenericClassDeclarations()" classname="de.uka.ilkd.key.parser.proofjava.TestProofJavaParser" time="0.002"/>
  <testcase name="testMemberDeclarations()" classname="de.uka.ilkd.key.parser.proofjava.TestProofJavaParser" time="0.005"/>
  <system-out><![CDATA[]]></system-out>
  <system-err><![CDATA[]]></system-err>
</testsuite>
