<?xml version="1.0" encoding="UTF-8"?>
<testsuite name="de.uka.ilkd.key.logic.TestPosInProgram" tests="31" skipped="0" failures="0" errors="0" timestamp="2023-03-03T14:06:42" hostname="fv-az573-89" time="0.132">
  <properties/>
  <testcase name="getInsindeBounds()" classname="de.uka.ilkd.key.logic.TestPosInProgram" time="0.001"/>
  <testcase name="getOutsideBounds()" classname="de.uka.ilkd.key.logic.TestPosInProgram" time="0.001"/>
  <testcase name="append()" classname="de.uka.ilkd.key.logic.TestPosInProgram" time="0.003"/>
  <testcase name="getProgramAt()" classname="de.uka.ilkd.key.logic.TestPosInProgram" time="0.001"/>
  <testcase name="prepend()" classname="de.uka.ilkd.key.logic.TestPosInProgram" time="0.001"/>
  <testcase name="1: ==&gt; (0)" classname="de.uka.ilkd.key.logic.TestPosInProgram" time="0.018"/>
  <testcase name="2: ==&gt; (0)" classname="de.uka.ilkd.key.logic.TestPosInProgram" time="0.001"/>
  <testcase name="3: ==&gt; (0)" classname="de.uka.ilkd.key.logic.TestPosInProgram" time="0.001"/>
  <testcase name="4: ==&gt; (0)" classname="de.uka.ilkd.key.logic.TestPosInProgram" time="0.0"/>
  <testcase name="5: ==&gt; (0)" classname="de.uka.ilkd.key.logic.TestPosInProgram" time="0.001"/>
  <testcase name="6: ==&gt; (0)" classname="de.uka.ilkd.key.logic.TestPosInProgram" time="0.001"/>
  <testcase name="leq()" classname="de.uka.ilkd.key.logic.TestPosInProgram" time="0.0"/>
  <testcase name="last()" classname="de.uka.ilkd.key.logic.TestPosInProgram" time="0.001"/>
  <testcase name="1: ==&gt; (0)" classname="de.uka.ilkd.key.logic.TestPosInProgram" time="0.002"/>
  <testcase name="2: ==&gt; (0)" classname="de.uka.ilkd.key.logic.TestPosInProgram" time="0.001"/>
  <testcase name="3: ==&gt; (0)" classname="de.uka.ilkd.key.logic.TestPosInProgram" time="0.001"/>
  <testcase name="4: ==&gt; (0)" classname="de.uka.ilkd.key.logic.TestPosInProgram" time="0.012"/>
  <testcase name="5: ==&gt; (0)" classname="de.uka.ilkd.key.logic.TestPosInProgram" time="0.005"/>
  <testcase name="6: ==&gt; (0)" classname="de.uka.ilkd.key.logic.TestPosInProgram" time="0.001"/>
  <testcase name="getProgram()" classname="de.uka.ilkd.key.logic.TestPosInProgram" time="0.001"/>
  <testcase name="iterator()" classname="de.uka.ilkd.key.logic.TestPosInProgram" time="0.001"/>
  <testcase name="1: ==&gt; (0)" classname="de.uka.ilkd.key.logic.TestPosInProgram" time="0.001"/>
  <testcase name="2: ==&gt; (0)" classname="de.uka.ilkd.key.logic.TestPosInProgram" time="0.007"/>
  <testcase name="3: ==&gt; (0)" classname="de.uka.ilkd.key.logic.TestPosInProgram" time="0.001"/>
  <testcase name="4: ==&gt; (0)" classname="de.uka.ilkd.key.logic.TestPosInProgram" time="0.001"/>
  <testcase name="5: ==&gt; (0)" classname="de.uka.ilkd.key.logic.TestPosInProgram" time="0.001"/>
  <testcase name="6: ==&gt; (0)" classname="de.uka.ilkd.key.logic.TestPosInProgram" time="0.001"/>
  <testcase name="testEquals()" classname="de.uka.ilkd.key.logic.TestPosInProgram" time="0.0"/>
  <testcase name="1: ==&gt; (0)" classname="de.uka.ilkd.key.logic.TestPosInProgram" time="0.003"/>
  <testcase name="2: ==&gt; (0)" classname="de.uka.ilkd.key.logic.TestPosInProgram" time="0.001"/>
  <testcase name="3: ==&gt; (0)" classname="de.uka.ilkd.key.logic.TestPosInProgram" time="0.001"/>
  <system-out><![CDATA[]]></system-out>
  <system-err><![CDATA[]]></system-err>
</testsuite>
