<?xml version="1.0" encoding="UTF-8"?>
<testsuite name="de.uka.ilkd.key.testcase.smt.testgen.TestTestgen" tests="1" skipped="0" failures="0" errors="0" timestamp="2023-05-30T16:56:49" hostname="fv-az1230-476" time="6.627">
  <properties/>
  <testcase name="testMiddle()" classname="de.uka.ilkd.key.testcase.smt.testgen.TestTestgen" time="6.627"/>
  <system-out><![CDATA[20124      WARN  Test worker     d.u.i.k.t.s.t.TestTestgen Warning: Z3_CE is not installed, tests skipped. 
20124      WARN  Test worker     d.u.i.k.t.s.t.TestTestgen Maybe use JVM system property "z3SolverPath" to define the path to the Z3 command. 
20234      INFO  Test worker     d.u.i.k.p.i.AbstractProblemLoader Loading environment from src\test\resources\testcase\smt\tg\middle.key 
20234      DEBUG Test worker     d.u.i.k.p.i.AbstractProblemLoader Environment load took 469.1ns 
20234      INFO  Test worker     d.u.i.k.p.i.AbstractProblemLoader Creating init config 
25892      DEBUG Test worker     d.u.i.k.p.i.AbstractProblemLoader Init config took 5.66s 
26049      INFO  Test worker     d.u.i.k.p.i.AbstractProblemLoader Replaying proof Middle[Middle::middle(int,int,int)].JML normal_behavior operation contract.0 
26049      DEBUG Test worker     d.u.i.k.p.i.IntermediateProofReplayer Proof replay took 22.6ns 
]]></system-out>
  <system-err><![CDATA[]]></system-err>
</testsuite>
