<?xml version="1.0" encoding="UTF-8"?>
<testsuite name="de.uka.ilkd.key.parser.TestTacletParser" tests="20" skipped="0" failures="0" errors="0" timestamp="2023-03-25T23:05:15" hostname="fv-az412-526" time="0.146">
  <properties/>
  <testcase name="testAllRight()" classname="de.uka.ilkd.key.parser.TestTacletParser" time="0.002"/>
  <testcase name="testSchemaJava0()" classname="de.uka.ilkd.key.parser.TestTacletParser" time="0.002"/>
  <testcase name="testSchemaJava1()" classname="de.uka.ilkd.key.parser.TestTacletParser" time="0.014"/>
  <testcase name="testSchemaJava2()" classname="de.uka.ilkd.key.parser.TestTacletParser" time="0.012"/>
  <testcase name="testSchemaJava4()" classname="de.uka.ilkd.key.parser.TestTacletParser" time="0.01"/>
  <testcase name="testSchemaJava6()" classname="de.uka.ilkd.key.parser.TestTacletParser" time="0.007"/>
  <testcase name="testSchemaJava8()" classname="de.uka.ilkd.key.parser.TestTacletParser" time="0.005"/>
  <testcase name="testCut()" classname="de.uka.ilkd.key.parser.TestTacletParser" time="0.008"/>
  <testcase name="testMakeInsertEq()" classname="de.uka.ilkd.key.parser.TestTacletParser" time="0.007"/>
  <testcase name="testAllLeft()" classname="de.uka.ilkd.key.parser.TestTacletParser" time="0.003"/>
  <testcase name="testClose()" classname="de.uka.ilkd.key.parser.TestTacletParser" time="0.002"/>
  <testcase name="testSchemaJava10()" classname="de.uka.ilkd.key.parser.TestTacletParser" time="0.012"/>
  <testcase name="testSchemaJava11()" classname="de.uka.ilkd.key.parser.TestTacletParser" time="0.024"/>
  <testcase name="testFIdempotent()" classname="de.uka.ilkd.key.parser.TestTacletParser" time="0.002"/>
  <testcase name="testImpRight()" classname="de.uka.ilkd.key.parser.TestTacletParser" time="0.001"/>
  <testcase name="testVarcondNew()" classname="de.uka.ilkd.key.parser.TestTacletParser" time="0.018"/>
  <testcase name="testFreeReplacewithVariables()" classname="de.uka.ilkd.key.parser.TestTacletParser" time="0.005"/>
  <testcase name="testImpLeft()" classname="de.uka.ilkd.key.parser.TestTacletParser" time="0.002"/>
  <testcase name="testContraposition()" classname="de.uka.ilkd.key.parser.TestTacletParser" time="0.002"/>
  <testcase name="testExConjSplit()" classname="de.uka.ilkd.key.parser.TestTacletParser" time="0.001"/>
  <system-out><![CDATA[296460     INFO  Test worker     d.u.i.k.n.KeyIO           Parsing took 1 ms 
296460     INFO  Test worker     d.u.i.k.n.KeyIO           MODE: declarations took 0 ms 
296461     INFO  Test worker     d.u.i.k.n.KeyIO           Parsing took 0 ms 
296461     INFO  Test worker     d.u.i.k.n.KeyIO           MODE: declarations took 0 ms 
296462     INFO  Test worker     d.u.i.k.n.KeyIO           Parsing took 0 ms 
296462     INFO  Test worker     d.u.i.k.n.KeyIO           MODE: declarations took 0 ms 
296463     INFO  Test worker     d.u.i.k.n.KeyIO           Parsing took 0 ms 
296463     INFO  Test worker     d.u.i.k.n.KeyIO           MODE: declarations took 0 ms 
296464     INFO  Test worker     d.u.i.k.n.KeyIO           Parsing took 0 ms 
296464     INFO  Test worker     d.u.i.k.n.KeyIO           MODE: declarations took 0 ms 
296466     WARN  Test worker     d.u.i.k.n.KeYParser       [syntax-error] <unknown>:2:21: extraneous input '<' expecting {MODALITY, FORALL, EXISTS, '\if', '\ifEx', 'true', 'false', '(', ')', '{', '@', NOT, '-', STRING_LITERAL, CHAR_LITERAL, BIN_LITERAL, HEX_LITERAL, IDENT, INT_LITERAL, FLOAT_LITERAL, DOUBLE_LITERAL, REAL_LITERAL} [@12,22:22='<',<173>,2:21] (argument_list, call, accessterm, primitive_term, primitive_labeled_term, bracket_term, atom_prefix, strong_arith_term_2, strong_arith_term_1, weak_arith_term, comparison_term, equality_term, term60, conjunction_term, disjunction_term, implication_term, equivalence_term, elementary_update_term, parallel_term, term, taclet, rulesOrAxioms, decls, file) 
296469     WARN  Test worker     d.u.i.k.n.KeYParser       [syntax-error] <unknown>:2:23: no viable alternative at input '{..' [@14,24:25='..',<144>,2:23] (atom_prefix, strong_arith_term_2, strong_arith_term_1, weak_arith_term, comparison_term, equality_term, term60, conjunction_term, disjunction_term, implication_term, equivalence_term, elementary_update_term, parallel_term, term, argument_list, call, accessterm, primitive_term, primitive_labeled_term, bracket_term, atom_prefix, strong_arith_term_2, strong_arith_term_1, weak_arith_term, comparison_term, equality_term, term60, conjunction_term, disjunction_term, implication_term, equivalence_term, elementary_update_term, parallel_term, term, taclet, rulesOrAxioms, decls, file) 
296471     WARN  Test worker     d.u.i.k.n.KeYParser       [syntax-error] <unknown>:2:33: mismatched input ';' expecting {',', ')'} [@21,34:34=';',<138>,2:33] (argument_list, call, accessterm, primitive_term, primitive_labeled_term, bracket_term, atom_prefix, strong_arith_term_2, strong_arith_term_1, weak_arith_term, comparison_term, equality_term, term60, conjunction_term, disjunction_term, implication_term, equivalence_term, elementary_update_term, parallel_term, term, taclet, rulesOrAxioms, decls, file) 
296476     WARN  Test worker     d.u.i.k.n.KeYParser       [syntax-error] <unknown>:2:41: no viable alternative at input '#i;' [@26,42:42=';',<138>,2:41] (option_list, taclet, rulesOrAxioms, decls, file) 
296477     WARN  Test worker     d.u.i.k.n.KeYParser       [syntax-error] <unknown>:2:43: mismatched input '<' expecting {'(', '{'} [@28,44:44='<',<173>,2:43] (taclet, rulesOrAxioms, decls, file) 
296477     WARN  Test worker     d.u.i.k.n.KeYParser       [syntax-error] <unknown>:2:47: mismatched input '+' expecting {'(', '{'} [@32,48:48='+',<167>,2:47] (taclet, rulesOrAxioms, decls, file) 
296477     WARN  Test worker     d.u.i.k.n.KeYParser       [syntax-error] <unknown>:2:52: extraneous input '..' expecting {'\lemma', '}', IDENT, '/*!'} [@37,53:54='..',<144>,2:52] (rulesOrAxioms, decls, file) 
296478     WARN  Test worker     d.u.i.k.n.KeYParser       [syntax-error] <unknown>:2:56: mismatched input '>' expecting {<EOF>, '\problem', '\chooseContract', '\proofObligation', '\proof'} [@40,57:57='>',<168>,2:56] (file) 
296479     INFO  Test worker     d.u.i.k.n.KeyIO           Parsing took 0 ms 
296479     INFO  Test worker     d.u.i.k.n.KeyIO           MODE: declarations took 0 ms 
296480     WARN  Test worker     d.u.i.k.n.KeYParser       [syntax-error] <unknown>:2:21: extraneous input '<' expecting {MODALITY, FORALL, EXISTS, '\if', '\ifEx', 'true', 'false', '(', ')', '{', '@', NOT, '-', STRING_LITERAL, CHAR_LITERAL, BIN_LITERAL, HEX_LITERAL, IDENT, INT_LITERAL, FLOAT_LITERAL, DOUBLE_LITERAL, REAL_LITERAL} [@12,22:22='<',<173>,2:21] (argument_list, call, accessterm, primitive_term, primitive_labeled_term, bracket_term, atom_prefix, strong_arith_term_2, strong_arith_term_1, weak_arith_term, comparison_term, equality_term, term60, conjunction_term, disjunction_term, implication_term, equivalence_term, elementary_update_term, parallel_term, term, taclet, rulesOrAxioms, decls, file) 
296482     WARN  Test worker     d.u.i.k.n.KeYParser       [syntax-error] <unknown>:2:23: no viable alternative at input '{..' [@14,24:25='..',<144>,2:23] (atom_prefix, strong_arith_term_2, strong_arith_term_1, weak_arith_term, comparison_term, equality_term, term60, conjunction_term, disjunction_term, implication_term, equivalence_term, elementary_update_term, parallel_term, term, argument_list, call, accessterm, primitive_term, primitive_labeled_term, bracket_term, atom_prefix, strong_arith_term_2, strong_arith_term_1, weak_arith_term, comparison_term, equality_term, term60, conjunction_term, disjunction_term, implication_term, equivalence_term, elementary_update_term, parallel_term, term, taclet, rulesOrAxioms, decls, file) 
296482     WARN  Test worker     d.u.i.k.n.KeYParser       [syntax-error] <unknown>:2:33: mismatched input ';' expecting {',', ')'} [@21,34:34=';',<138>,2:33] (argument_list, call, accessterm, primitive_term, primitive_labeled_term, bracket_term, atom_prefix, strong_arith_term_2, strong_arith_term_1, weak_arith_term, comparison_term, equality_term, term60, conjunction_term, disjunction_term, implication_term, equivalence_term, elementary_update_term, parallel_term, term, taclet, rulesOrAxioms, decls, file) 
296485     WARN  Test worker     d.u.i.k.n.KeYParser       [syntax-error] <unknown>:2:43: no viable alternative at input '#lab;' [@26,44:44=';',<138>,2:43] (option_list, taclet, rulesOrAxioms, decls, file) 
296485     WARN  Test worker     d.u.i.k.n.KeYParser       [syntax-error] <unknown>:2:45: mismatched input '<' expecting {'(', '{'} [@28,46:46='<',<173>,2:45] (taclet, rulesOrAxioms, decls, file) 
296485     WARN  Test worker     d.u.i.k.n.KeYParser       [syntax-error] <unknown>:2:50: mismatched input '+' expecting {'(', '{'} [@32,51:51='+',<167>,2:50] (taclet, rulesOrAxioms, decls, file) 
296485     WARN  Test worker     d.u.i.k.n.KeYParser       [syntax-error] <unknown>:2:56: extraneous input '..' expecting {'\lemma', '}', IDENT, '/*!'} [@38,57:58='..',<144>,2:56] (rulesOrAxioms, decls, file) 
296486     WARN  Test worker     d.u.i.k.n.KeYParser       [syntax-error] <unknown>:2:60: mismatched input '>' expecting {<EOF>, '\problem', '\chooseContract', '\proofObligation', '\proof'} [@41,61:61='>',<168>,2:60] (file) 
296491     INFO  Test worker     d.u.i.k.n.KeyIO           Parsing took 0 ms 
296492     INFO  Test worker     d.u.i.k.n.KeyIO           MODE: declarations took 1 ms 
296493     INFO  Test worker     d.u.i.k.n.KeyIO           Parsing took 0 ms 
296493     INFO  Test worker     d.u.i.k.n.KeyIO           MODE: declarations took 0 ms 
296501     INFO  Test worker     d.u.i.k.n.KeyIO           Parsing took 0 ms 
296502     INFO  Test worker     d.u.i.k.n.KeyIO           MODE: declarations took 1 ms 
296503     INFO  Test worker     d.u.i.k.n.KeyIO           Parsing took 0 ms 
296503     INFO  Test worker     d.u.i.k.n.KeyIO           MODE: declarations took 0 ms 
296509     INFO  Test worker     d.u.i.k.n.KeyIO           Parsing took 0 ms 
296509     INFO  Test worker     d.u.i.k.n.KeyIO           MODE: declarations took 0 ms 
296510     INFO  Test worker     d.u.i.k.n.KeyIO           Parsing took 0 ms 
296510     INFO  Test worker     d.u.i.k.n.KeyIO           MODE: declarations took 0 ms 
296515     INFO  Test worker     d.u.i.k.n.KeyIO           Parsing took 0 ms 
296515     INFO  Test worker     d.u.i.k.n.KeyIO           MODE: declarations took 0 ms 
296516     INFO  Test worker     d.u.i.k.n.KeyIO           Parsing took 0 ms 
296516     INFO  Test worker     d.u.i.k.n.KeyIO           MODE: declarations took 0 ms 
296523     INFO  Test worker     d.u.i.k.n.KeyIO           Parsing took 0 ms 
296523     INFO  Test worker     d.u.i.k.n.KeyIO           MODE: declarations took 0 ms 
296524     INFO  Test worker     d.u.i.k.n.KeyIO           Parsing took 0 ms 
296524     INFO  Test worker     d.u.i.k.n.KeyIO           MODE: declarations took 0 ms 
296530     INFO  Test worker     d.u.i.k.n.KeyIO           Parsing took 0 ms 
296530     INFO  Test worker     d.u.i.k.n.KeyIO           MODE: declarations took 0 ms 
296531     INFO  Test worker     d.u.i.k.n.KeyIO           Parsing took 0 ms 
296531     INFO  Test worker     d.u.i.k.n.KeyIO           MODE: declarations took 0 ms 
296533     INFO  Test worker     d.u.i.k.n.KeyIO           Parsing took 0 ms 
296533     INFO  Test worker     d.u.i.k.n.KeyIO           MODE: declarations took 0 ms 
296534     INFO  Test worker     d.u.i.k.n.KeyIO           Parsing took 0 ms 
296534     INFO  Test worker     d.u.i.k.n.KeyIO           MODE: declarations took 0 ms 
296544     INFO  Test worker     d.u.i.k.n.KeyIO           Parsing took 9 ms 
296545     INFO  Test worker     d.u.i.k.n.KeyIO           MODE: declarations took 0 ms 
296547     INFO  Test worker     d.u.i.k.n.KeyIO           Parsing took 0 ms 
296547     INFO  Test worker     d.u.i.k.n.KeyIO           MODE: declarations took 0 ms 
296548     INFO  Test worker     d.u.i.k.n.KeyIO           Parsing took 0 ms 
296548     INFO  Test worker     d.u.i.k.n.KeyIO           MODE: declarations took 0 ms 
296558     INFO  Test worker     d.u.i.k.n.KeyIO           Parsing took 5 ms 
296558     INFO  Test worker     d.u.i.k.n.KeyIO           MODE: declarations took 0 ms 
296572     INFO  Test worker     d.u.i.k.n.KeyIO           Parsing took 0 ms 
296572     INFO  Test worker     d.u.i.k.n.KeyIO           MODE: declarations took 0 ms 
296573     INFO  Test worker     d.u.i.k.n.KeyIO           Parsing took 0 ms 
296573     INFO  Test worker     d.u.i.k.n.KeyIO           MODE: declarations took 0 ms 
296574     INFO  Test worker     d.u.i.k.n.KeyIO           Parsing took 0 ms 
296574     INFO  Test worker     d.u.i.k.n.KeyIO           MODE: declarations took 0 ms 
296575     INFO  Test worker     d.u.i.k.n.KeyIO           Parsing took 0 ms 
296575     INFO  Test worker     d.u.i.k.n.KeyIO           MODE: declarations took 0 ms 
296590     INFO  Test worker     d.u.i.k.n.KeyIO           Parsing took 14 ms 
296590     INFO  Test worker     d.u.i.k.n.KeyIO           MODE: declarations took 0 ms 
296592     INFO  Test worker     d.u.i.k.n.KeyIO           Parsing took 1 ms 
296592     INFO  Test worker     d.u.i.k.n.KeyIO           MODE: declarations took 0 ms 
296594     INFO  Test worker     d.u.i.k.n.KeyIO           Parsing took 0 ms 
296594     INFO  Test worker     d.u.i.k.n.KeyIO           MODE: declarations took 0 ms 
296595     INFO  Test worker     d.u.i.k.n.KeyIO           Parsing took 0 ms 
296595     INFO  Test worker     d.u.i.k.n.KeyIO           MODE: declarations took 0 ms 
296596     INFO  Test worker     d.u.i.k.n.KeyIO           Parsing took 0 ms 
296596     INFO  Test worker     d.u.i.k.n.KeyIO           MODE: declarations took 0 ms 
296599     INFO  Test worker     d.u.i.k.n.KeyIO           Parsing took 0 ms 
296600     INFO  Test worker     d.u.i.k.n.KeyIO           MODE: declarations took 0 ms 
296600     INFO  Test worker     d.u.i.k.n.KeyIO           Parsing took 0 ms 
296601     INFO  Test worker     d.u.i.k.n.KeyIO           MODE: declarations took 0 ms 
296602     INFO  Test worker     d.u.i.k.n.KeyIO           Parsing took 0 ms 
296602     INFO  Test worker     d.u.i.k.n.KeyIO           MODE: declarations took 0 ms 
296603     INFO  Test worker     d.u.i.k.n.KeyIO           Parsing took 0 ms 
296603     INFO  Test worker     d.u.i.k.n.KeyIO           MODE: declarations took 0 ms 
296604     INFO  Test worker     d.u.i.k.n.KeyIO           Parsing took 0 ms 
296604     INFO  Test worker     d.u.i.k.n.KeyIO           MODE: declarations took 0 ms 
296605     INFO  Test worker     d.u.i.k.n.KeyIO           Parsing took 0 ms 
296605     INFO  Test worker     d.u.i.k.n.KeyIO           MODE: declarations took 0 ms 
]]></system-out>
  <system-err><![CDATA[]]></system-err>
</testsuite>
