<?xml version="1.0" encoding="UTF-8"?>
<testsuite name="de.uka.ilkd.key.rule.conditions.TestDropEffectlessElementary" tests="3" skipped="0" failures="0" errors="0" timestamp="2023-03-25T23:07:44" hostname="fv-az412-526" time="0.01">
  <properties/>
  <testcase name="testSelfAssignments()" classname="de.uka.ilkd.key.rule.conditions.TestDropEffectlessElementary" time="0.002"/>
  <testcase name="testFaultyCase()" classname="de.uka.ilkd.key.rule.conditions.TestDropEffectlessElementary" time="0.007"/>
  <testcase name="testDoubleAssignment()" classname="de.uka.ilkd.key.rule.conditions.TestDropEffectlessElementary" time="0.001"/>
  <system-out><![CDATA[]]></system-out>
  <system-err><![CDATA[]]></system-err>
</testsuite>
