<?xml version="1.0" encoding="UTF-8"?>
<testsuite name="de.uka.ilkd.key.logic.TestClashFreeSubst" tests="14" skipped="2" failures="0" errors="0" timestamp="2023-03-25T23:00:54" hostname="fv-az412-526" time="49.176">
  <properties/>
  <testcase name="testMultiShareBound()" classname="de.uka.ilkd.key.logic.TestClashFreeSubst" time="0.965"/>
  <testcase name="testClash()" classname="de.uka.ilkd.key.logic.TestClashFreeSubst" time="0.931"/>
  <testcase name="testShare()" classname="de.uka.ilkd.key.logic.TestClashFreeSubst" time="0.921"/>
  <testcase name="testSubst()" classname="de.uka.ilkd.key.logic.TestClashFreeSubst" time="0.903"/>
  <testcase name="testWary0()" classname="de.uka.ilkd.key.logic.TestClashFreeSubst" time="0.898"/>
  <testcase name="testWary1()" classname="de.uka.ilkd.key.logic.TestClashFreeSubst" time="0.901"/>
  <testcase name="testWary2()" classname="de.uka.ilkd.key.logic.TestClashFreeSubst" time="0.901"/>
  <testcase name="testClashInSubstTerm()" classname="de.uka.ilkd.key.logic.TestClashFreeSubst" time="0.92"/>
  <testcase name="testShareWary()" classname="de.uka.ilkd.key.logic.TestClashFreeSubst" time="0.889"/>
  <testcase name="testMultiSubst()" classname="de.uka.ilkd.key.logic.TestClashFreeSubst" time="0.894"/>
  <testcase name="xtestMultiClash()" classname="de.uka.ilkd.key.logic.TestClashFreeSubst" time="0.0">
    <skipped/>
  </testcase>
  <testcase name="testSubstInSubstTerm()" classname="de.uka.ilkd.key.logic.TestClashFreeSubst" time="0.89"/>
  <testcase name="testSubstWary()" classname="de.uka.ilkd.key.logic.TestClashFreeSubst" time="0.889"/>
  <testcase name="xtestMultiClash1()" classname="de.uka.ilkd.key.logic.TestClashFreeSubst" time="0.0">
    <skipped/>
  </testcase>
  <system-out><![CDATA[35375      INFO  Test worker     d.u.i.k.n.KeyIO           Parsing took 0 ms 
35376      INFO  Test worker     d.u.i.k.n.KeyIO           MODE: declarations took 0 ms 
36333      INFO  Test worker     d.u.i.k.n.KeyIO           Parsing took 1 ms 
36334      INFO  Test worker     d.u.i.k.n.KeyIO           MODE: declarations took 0 ms 
39355      INFO  Test worker     d.u.i.k.n.KeyIO           Parsing took 0 ms 
39356      INFO  Test worker     d.u.i.k.n.KeyIO           MODE: declarations took 0 ms 
40277      INFO  Test worker     d.u.i.k.n.KeyIO           Parsing took 0 ms 
40281      INFO  Test worker     d.u.i.k.n.KeyIO           MODE: declarations took 0 ms 
43283      INFO  Test worker     d.u.i.k.n.KeyIO           Parsing took 0 ms 
43284      INFO  Test worker     d.u.i.k.n.KeyIO           MODE: declarations took 1 ms 
44199      INFO  Test worker     d.u.i.k.n.KeyIO           Parsing took 0 ms 
44200      INFO  Test worker     d.u.i.k.n.KeyIO           MODE: declarations took 0 ms 
47161      INFO  Test worker     d.u.i.k.n.KeyIO           Parsing took 0 ms 
47162      INFO  Test worker     d.u.i.k.n.KeyIO           MODE: declarations took 0 ms 
48060      INFO  Test worker     d.u.i.k.n.KeyIO           Parsing took 0 ms 
48061      INFO  Test worker     d.u.i.k.n.KeyIO           MODE: declarations took 1 ms 
51024      INFO  Test worker     d.u.i.k.n.KeyIO           Parsing took 0 ms 
51025      INFO  Test worker     d.u.i.k.n.KeyIO           MODE: declarations took 0 ms 
51918      INFO  Test worker     d.u.i.k.n.KeyIO           Parsing took 0 ms 
51919      INFO  Test worker     d.u.i.k.n.KeyIO           MODE: declarations took 0 ms 
54867      INFO  Test worker     d.u.i.k.n.KeyIO           Parsing took 0 ms 
54868      INFO  Test worker     d.u.i.k.n.KeyIO           MODE: declarations took 0 ms 
55764      INFO  Test worker     d.u.i.k.n.KeyIO           Parsing took 0 ms 
55765      INFO  Test worker     d.u.i.k.n.KeyIO           MODE: declarations took 0 ms 
58689      INFO  Test worker     d.u.i.k.n.KeyIO           Parsing took 0 ms 
58689      INFO  Test worker     d.u.i.k.n.KeyIO           MODE: declarations took 0 ms 
59586      INFO  Test worker     d.u.i.k.n.KeyIO           Parsing took 1 ms 
59586      INFO  Test worker     d.u.i.k.n.KeyIO           MODE: declarations took 0 ms 
62569      INFO  Test worker     d.u.i.k.n.KeyIO           Parsing took 0 ms 
62571      INFO  Test worker     d.u.i.k.n.KeyIO           MODE: declarations took 0 ms 
63484      INFO  Test worker     d.u.i.k.n.KeyIO           Parsing took 0 ms 
63485      INFO  Test worker     d.u.i.k.n.KeyIO           MODE: declarations took 0 ms 
66421      INFO  Test worker     d.u.i.k.n.KeyIO           Parsing took 0 ms 
66422      INFO  Test worker     d.u.i.k.n.KeyIO           MODE: declarations took 0 ms 
67307      INFO  Test worker     d.u.i.k.n.KeyIO           Parsing took 0 ms 
67308      INFO  Test worker     d.u.i.k.n.KeyIO           MODE: declarations took 0 ms 
70220      INFO  Test worker     d.u.i.k.n.KeyIO           Parsing took 0 ms 
70222      INFO  Test worker     d.u.i.k.n.KeyIO           MODE: declarations took 0 ms 
71110      INFO  Test worker     d.u.i.k.n.KeyIO           Parsing took 0 ms 
71111      INFO  Test worker     d.u.i.k.n.KeyIO           MODE: declarations took 0 ms 
76932      INFO  Test worker     d.u.i.k.n.KeyIO           Parsing took 0 ms 
76932      INFO  Test worker     d.u.i.k.n.KeyIO           MODE: declarations took 0 ms 
77819      INFO  Test worker     d.u.i.k.n.KeyIO           Parsing took 0 ms 
77819      INFO  Test worker     d.u.i.k.n.KeyIO           MODE: declarations took 0 ms 
80739      INFO  Test worker     d.u.i.k.n.KeyIO           Parsing took 0 ms 
80740      INFO  Test worker     d.u.i.k.n.KeyIO           MODE: declarations took 0 ms 
81625      INFO  Test worker     d.u.i.k.n.KeyIO           Parsing took 0 ms 
81626      INFO  Test worker     d.u.i.k.n.KeyIO           MODE: declarations took 1 ms 
]]></system-out>
  <system-err><![CDATA[]]></system-err>
</testsuite>
