<?xml version="1.0" encoding="UTF-8"?>
<testsuite name="de.uka.ilkd.key.macros.scripts.meta.RewriteTest" tests="2" skipped="0" failures="0" errors="0" timestamp="2023-03-25T23:03:27" hostname="fv-az412-526" time="5.842">
  <properties/>
  <testcase name="testLessTransitive()" classname="de.uka.ilkd.key.macros.scripts.meta.RewriteTest" time="2.878"/>
  <testcase name="testTransitive()" classname="de.uka.ilkd.key.macros.scripts.meta.RewriteTest" time="2.959"/>
  <system-out><![CDATA[190889     INFO  Test worker     d.u.i.k.m.s.ProofScriptEngine 1: 'rewrite find="f < x" replace="x > f"' 
193860     INFO  Test worker     d.u.i.k.m.s.ProofScriptEngine 1: 'rule impRight' 
193863     INFO  Test worker     d.u.i.k.m.s.ProofScriptEngine 2: 'rule andLeft' 
193865     INFO  Test worker     d.u.i.k.m.s.ProofScriptEngine 3: 'rewrite find="f = x" replace="x = f"' 
]]></system-out>
  <system-err><![CDATA[]]></system-err>
</testsuite>
