<?xml version="1.0" encoding="UTF-8"?>
<testsuite name="de.uka.ilkd.key.taclettranslation.TestTacletTranslator" tests="5" skipped="0" failures="0" errors="0" timestamp="2023-03-25T23:13:40" hostname="fv-az412-526" time="0.008">
  <properties/>
  <testcase name="testPropositional1()" classname="de.uka.ilkd.key.taclettranslation.TestTacletTranslator" time="0.003"/>
  <testcase name="testPropositional2()" classname="de.uka.ilkd.key.taclettranslation.TestTacletTranslator" time="0.001"/>
  <testcase name="testNegativePolarity()" classname="de.uka.ilkd.key.taclettranslation.TestTacletTranslator" time="0.001"/>
  <testcase name="testNoPolarity()" classname="de.uka.ilkd.key.taclettranslation.TestTacletTranslator" time="0.001"/>
  <testcase name="testPositivePolarity()" classname="de.uka.ilkd.key.taclettranslation.TestTacletTranslator" time="0.001"/>
  <system-out><![CDATA[801057     INFO  Test worker     d.u.i.k.n.KeyIO           Parsing took 0 ms 
801057     INFO  Test worker     d.u.i.k.n.KeyIO           MODE: declarations took 0 ms 
801060     INFO  Test worker     d.u.i.k.n.KeyIO           Parsing took 1 ms 
801060     INFO  Test worker     d.u.i.k.n.KeyIO           MODE: declarations took 0 ms 
801061     INFO  Test worker     d.u.i.k.n.KeyIO           Parsing took 0 ms 
801061     INFO  Test worker     d.u.i.k.n.KeyIO           MODE: declarations took 0 ms 
801062     INFO  Test worker     d.u.i.k.n.KeyIO           Parsing took 0 ms 
801062     INFO  Test worker     d.u.i.k.n.KeyIO           MODE: declarations took 0 ms 
801063     INFO  Test worker     d.u.i.k.n.KeyIO           Parsing took 0 ms 
801063     INFO  Test worker     d.u.i.k.n.KeyIO           MODE: declarations took 0 ms 
]]></system-out>
  <system-err><![CDATA[]]></system-err>
</testsuite>
