<?xml version="1.0" encoding="UTF-8"?>
<testsuite name="de.uka.ilkd.key.parser.TestDeclParser" tests="14" skipped="2" failures="0" errors="0" timestamp="2023-03-25T23:03:45" hostname="fv-az412-526" time="11.207">
  <properties/>
  <testcase name="testGenericSortDecl1()" classname="de.uka.ilkd.key.parser.TestDeclParser" time="0.891"/>
  <testcase name="testGenericSortDecl2()" classname="de.uka.ilkd.key.parser.TestDeclParser" time="0.985"/>
  <testcase name="testGenericSortDecl3()" classname="de.uka.ilkd.key.parser.TestDeclParser" time="0.992"/>
  <testcase name="testGenericSortDecl4()" classname="de.uka.ilkd.key.parser.TestDeclParser" time="0.951"/>
  <testcase name="testGenericSortDecl5()" classname="de.uka.ilkd.key.parser.TestDeclParser" time="0.0">
    <skipped/>
  </testcase>
  <testcase name="testGenericSortDecl6()" classname="de.uka.ilkd.key.parser.TestDeclParser" time="0.957"/>
  <testcase name="testSortDecl()" classname="de.uka.ilkd.key.parser.TestDeclParser" time="0.876"/>
  <testcase name="testProxySortDecl()" classname="de.uka.ilkd.key.parser.TestDeclParser" time="0.949"/>
  <testcase name="testArrayDecl()" classname="de.uka.ilkd.key.parser.TestDeclParser" time="0.947"/>
  <testcase name="testAmbiguousDecls()" classname="de.uka.ilkd.key.parser.TestDeclParser" time="0.0">
    <skipped/>
  </testcase>
  <testcase name="testHeurDecl()" classname="de.uka.ilkd.key.parser.TestDeclParser" time="0.879"/>
  <testcase name="testFunctionDecl()" classname="de.uka.ilkd.key.parser.TestDeclParser" time="0.947"/>
  <testcase name="testPredicateDecl()" classname="de.uka.ilkd.key.parser.TestDeclParser" time="0.953"/>
  <testcase name="testSVDecl()" classname="de.uka.ilkd.key.parser.TestDeclParser" time="0.877"/>
  <system-out><![CDATA[206856     INFO  Test worker     d.u.i.k.n.KeyIO           Parsing took 0 ms 
206856     INFO  Test worker     d.u.i.k.n.KeyIO           MODE: declarations took 0 ms 
207840     INFO  Test worker     d.u.i.k.n.KeyIO           Parsing took 0 ms 
207841     INFO  Test worker     d.u.i.k.n.KeyIO           MODE: declarations took 1 ms 
208832     INFO  Test worker     d.u.i.k.n.KeyIO           Parsing took 0 ms 
208832     INFO  Test worker     d.u.i.k.n.KeyIO           MODE: declarations took 0 ms 
209783     INFO  Test worker     d.u.i.k.n.KeyIO           Parsing took 0 ms 
209784     INFO  Test worker     d.u.i.k.n.KeyIO           MODE: declarations took 0 ms 
210743     INFO  Test worker     d.u.i.k.n.KeyIO           Parsing took 1 ms 
210743     INFO  Test worker     d.u.i.k.n.KeyIO           MODE: declarations took 0 ms 
211618     INFO  Test worker     d.u.i.k.n.KeyIO           Parsing took 0 ms 
211618     INFO  Test worker     d.u.i.k.n.KeyIO           MODE: declarations took 0 ms 
212567     INFO  Test worker     d.u.i.k.n.KeyIO           Parsing took 0 ms 
212568     INFO  Test worker     d.u.i.k.n.KeyIO           MODE: declarations took 0 ms 
213514     INFO  Test worker     d.u.i.k.n.KeyIO           Parsing took 0 ms 
213514     INFO  Test worker     d.u.i.k.n.KeyIO           MODE: declarations took 0 ms 
214395     INFO  Test worker     d.u.i.k.n.KeyIO           Parsing took 1 ms 
214395     INFO  Test worker     d.u.i.k.n.KeyIO           MODE: declarations took 0 ms 
215341     INFO  Test worker     d.u.i.k.n.KeyIO           Parsing took 0 ms 
215342     INFO  Test worker     d.u.i.k.n.KeyIO           MODE: declarations took 1 ms 
216293     INFO  Test worker     d.u.i.k.n.KeyIO           Parsing took 0 ms 
216295     INFO  Test worker     d.u.i.k.n.KeyIO           MODE: declarations took 0 ms 
217171     INFO  Test worker     d.u.i.k.n.KeyIO           Parsing took 0 ms 
217172     INFO  Test worker     d.u.i.k.n.KeyIO           MODE: declarations took 0 ms 
]]></system-out>
  <system-err><![CDATA[]]></system-err>
</testsuite>
