<?xml version="1.0" encoding="UTF-8"?>
<testsuite name="de.uka.ilkd.key.nparser.ParseLDTsTests" tests="2" skipped="0" failures="0" errors="0" timestamp="2023-03-25T23:03:35" hostname="fv-az412-526" time="0.849">
  <properties/>
  <testcase name="testLDT()" classname="de.uka.ilkd.key.nparser.ParseLDTsTests" time="0.018"/>
  <testcase name="testSR()" classname="de.uka.ilkd.key.nparser.ParseLDTsTests" time="0.822"/>
  <system-out><![CDATA[196084     INFO  Test worker     d.u.i.k.n.KeyIO           Parsing took 8 ms 
196085     INFO  Test worker     d.u.i.k.n.KeyIO           MODE: declarations took 1 ms 
196459     INFO  Test worker     d.u.i.k.n.KeyIO           Parsing took 349 ms 
196461     INFO  Test worker     d.u.i.k.n.KeyIO           MODE: declarations took 2 ms 
]]></system-out>
  <system-err><![CDATA[]]></system-err>
</testsuite>
