<?xml version="1.0" encoding="UTF-8"?>
<testsuite name="de.uka.ilkd.key.parser.TestTermParserHeap" tests="39" skipped="0" failures="0" errors="0" timestamp="2023-03-25T23:05:23" hostname="fv-az412-526" time="110.636">
  <properties/>
  <testcase name="testBracketHeapUpdate()" classname="de.uka.ilkd.key.parser.TestTermParserHeap" time="0.019"/>
  <testcase name="testStore()" classname="de.uka.ilkd.key.parser.TestTermParserHeap" time="0.007"/>
  <testcase name="testUnknownConstant()" classname="de.uka.ilkd.key.parser.TestTermParserHeap" time="0.002"/>
  <testcase name="testAllFieldsSelector()" classname="de.uka.ilkd.key.parser.TestTermParserHeap" time="0.001"/>
  <testcase name="testParsePrettyPrintedSelect()" classname="de.uka.ilkd.key.parser.TestTermParserHeap" time="0.002"/>
  <testcase name="testAccessStaticMembers()" classname="de.uka.ilkd.key.parser.TestTermParserHeap" time="0.006"/>
  <testcase name="testAtOperator_1()" classname="de.uka.ilkd.key.parser.TestTermParserHeap" time="0.001"/>
  <testcase name="testAtOperator_2()" classname="de.uka.ilkd.key.parser.TestTermParserHeap" time="0.001"/>
  <testcase name="testAtOperator_3()" classname="de.uka.ilkd.key.parser.TestTermParserHeap" time="0.002"/>
  <testcase name="testAtOperator_4()" classname="de.uka.ilkd.key.parser.TestTermParserHeap" time="0.004"/>
  <testcase name="testAtOperator_5()" classname="de.uka.ilkd.key.parser.TestTermParserHeap" time="0.002"/>
  <testcase name="testAtOperator_6()" classname="de.uka.ilkd.key.parser.TestTermParserHeap" time="0.001"/>
  <testcase name="testAtOperator_7()" classname="de.uka.ilkd.key.parser.TestTermParserHeap" time="0.002"/>
  <testcase name="testAtOperator_8()" classname="de.uka.ilkd.key.parser.TestTermParserHeap" time="0.003"/>
  <testcase name="testVerifyExceptionIfAtOperatorNotPreceededBySelectTerm()" classname="de.uka.ilkd.key.parser.TestTermParserHeap" time="0.003"/>
  <testcase name="testBugResettingCounter()" classname="de.uka.ilkd.key.parser.TestTermParserHeap" time="0.001"/>
  <testcase name="testLocationSets()" classname="de.uka.ilkd.key.parser.TestTermParserHeap" time="0.003"/>
  <testcase name="testQuantifiedSelect()" classname="de.uka.ilkd.key.parser.TestTermParserHeap" time="0.002"/>
  <testcase name="testGenericObjectProperties()" classname="de.uka.ilkd.key.parser.TestTermParserHeap" time="0.002"/>
  <testcase name="testQueryInheritance_1()" classname="de.uka.ilkd.key.parser.TestTermParserHeap" time="0.001"/>
  <testcase name="testQueryInheritance_2()" classname="de.uka.ilkd.key.parser.TestTermParserHeap" time="0.002"/>
  <testcase name="testQueryInheritance_3()" classname="de.uka.ilkd.key.parser.TestTermParserHeap" time="0.001"/>
  <testcase name="testQueryInheritance_4()" classname="de.uka.ilkd.key.parser.TestTermParserHeap" time="0.001"/>
  <testcase name="testQueryInheritance_5()" classname="de.uka.ilkd.key.parser.TestTermParserHeap" time="0.001"/>
  <testcase name="testQueryInheritance_6()" classname="de.uka.ilkd.key.parser.TestTermParserHeap" time="0.002"/>
  <testcase name="testQueryInheritance_7()" classname="de.uka.ilkd.key.parser.TestTermParserHeap" time="0.001"/>
  <testcase name="testQueryInheritance_8()" classname="de.uka.ilkd.key.parser.TestTermParserHeap" time="0.002"/>
  <testcase name="testQueryInheritance_9()" classname="de.uka.ilkd.key.parser.TestTermParserHeap" time="0.001"/>
  <testcase name="testQueryBasic_10()" classname="de.uka.ilkd.key.parser.TestTermParserHeap" time="0.001"/>
  <testcase name="testQueryBasic_11()" classname="de.uka.ilkd.key.parser.TestTermParserHeap" time="0.002"/>
  <testcase name="testQueryBasic_1()" classname="de.uka.ilkd.key.parser.TestTermParserHeap" time="0.001"/>
  <testcase name="testQueryBasic_2()" classname="de.uka.ilkd.key.parser.TestTermParserHeap" time="0.001"/>
  <testcase name="testQueryBasic_3()" classname="de.uka.ilkd.key.parser.TestTermParserHeap" time="0.002"/>
  <testcase name="testQueryBasic_4()" classname="de.uka.ilkd.key.parser.TestTermParserHeap" time="0.002"/>
  <testcase name="testQueryBasic_5()" classname="de.uka.ilkd.key.parser.TestTermParserHeap" time="0.001"/>
  <testcase name="testQueryBasic_6()" classname="de.uka.ilkd.key.parser.TestTermParserHeap" time="0.002"/>
  <testcase name="testQueryBasic_7()" classname="de.uka.ilkd.key.parser.TestTermParserHeap" time="0.003"/>
  <testcase name="testQueryBasic_8()" classname="de.uka.ilkd.key.parser.TestTermParserHeap" time="0.004"/>
  <testcase name="testQueryBasic_9()" classname="de.uka.ilkd.key.parser.TestTermParserHeap" time="0.001"/>
  <system-out><![CDATA[304090     INFO  Test worker     d.u.i.k.n.KeyIO           Parsing took 0 ms 
304090     INFO  Test worker     d.u.i.k.n.KeyIO           MODE: declarations took 0 ms 
304090     INFO  Test worker     d.u.i.k.n.KeyIO           Parsing took 0 ms 
304090     INFO  Test worker     d.u.i.k.n.KeyIO           MODE: declarations took 0 ms 
304090     INFO  Test worker     d.u.i.k.n.KeyIO           Parsing took 0 ms 
304090     INFO  Test worker     d.u.i.k.n.KeyIO           MODE: declarations took 0 ms 
304090     INFO  Test worker     d.u.i.k.n.KeyIO           Parsing took 0 ms 
304090     INFO  Test worker     d.u.i.k.n.KeyIO           MODE: declarations took 0 ms 
304090     INFO  Test worker     d.u.i.k.n.KeyIO           Parsing took 0 ms 
304090     INFO  Test worker     d.u.i.k.n.KeyIO           MODE: declarations took 0 ms 
307137     INFO  Test worker     d.u.i.k.n.KeyIO           Parsing took 0 ms 
307137     INFO  Test worker     d.u.i.k.n.KeyIO           MODE: declarations took 0 ms 
307137     INFO  Test worker     d.u.i.k.n.KeyIO           Parsing took 0 ms 
307137     INFO  Test worker     d.u.i.k.n.KeyIO           MODE: declarations took 0 ms 
307137     INFO  Test worker     d.u.i.k.n.KeyIO           Parsing took 0 ms 
307137     INFO  Test worker     d.u.i.k.n.KeyIO           MODE: declarations took 0 ms 
307137     INFO  Test worker     d.u.i.k.n.KeyIO           Parsing took 0 ms 
307137     INFO  Test worker     d.u.i.k.n.KeyIO           MODE: declarations took 0 ms 
307138     INFO  Test worker     d.u.i.k.n.KeyIO           Parsing took 0 ms 
307138     INFO  Test worker     d.u.i.k.n.KeyIO           MODE: declarations took 0 ms 
310108     INFO  Test worker     d.u.i.k.n.KeyIO           Parsing took 0 ms 
310108     INFO  Test worker     d.u.i.k.n.KeyIO           MODE: declarations took 0 ms 
310108     INFO  Test worker     d.u.i.k.n.KeyIO           Parsing took 0 ms 
310108     INFO  Test worker     d.u.i.k.n.KeyIO           MODE: declarations took 0 ms 
310108     INFO  Test worker     d.u.i.k.n.KeyIO           Parsing took 0 ms 
310108     INFO  Test worker     d.u.i.k.n.KeyIO           MODE: declarations took 0 ms 
310108     INFO  Test worker     d.u.i.k.n.KeyIO           Parsing took 0 ms 
310108     INFO  Test worker     d.u.i.k.n.KeyIO           MODE: declarations took 0 ms 
310108     INFO  Test worker     d.u.i.k.n.KeyIO           Parsing took 0 ms 
310108     INFO  Test worker     d.u.i.k.n.KeyIO           MODE: declarations took 0 ms 
310109     INFO  Test worker     d.u.i.k.n.KeyIO           Parsing took 0 ms 
310109     INFO  Test worker     d.u.i.k.n.KeyIO           MODE: declarations took 0 ms 
313102     INFO  Test worker     d.u.i.k.n.KeyIO           Parsing took 0 ms 
313102     INFO  Test worker     d.u.i.k.n.KeyIO           MODE: declarations took 0 ms 
313102     INFO  Test worker     d.u.i.k.n.KeyIO           Parsing took 0 ms 
313102     INFO  Test worker     d.u.i.k.n.KeyIO           MODE: declarations took 0 ms 
313102     INFO  Test worker     d.u.i.k.n.KeyIO           Parsing took 0 ms 
313102     INFO  Test worker     d.u.i.k.n.KeyIO           MODE: declarations took 0 ms 
313102     INFO  Test worker     d.u.i.k.n.KeyIO           Parsing took 0 ms 
313102     INFO  Test worker     d.u.i.k.n.KeyIO           MODE: declarations took 0 ms 
313103     INFO  Test worker     d.u.i.k.n.KeyIO           Parsing took 0 ms 
313103     INFO  Test worker     d.u.i.k.n.KeyIO           MODE: declarations took 0 ms 
316030     INFO  Test worker     d.u.i.k.n.KeyIO           Parsing took 0 ms 
316030     INFO  Test worker     d.u.i.k.n.KeyIO           MODE: declarations took 0 ms 
316031     INFO  Test worker     d.u.i.k.n.KeyIO           Parsing took 0 ms 
316031     INFO  Test worker     d.u.i.k.n.KeyIO           MODE: declarations took 0 ms 
316031     INFO  Test worker     d.u.i.k.n.KeyIO           Parsing took 0 ms 
316031     INFO  Test worker     d.u.i.k.n.KeyIO           MODE: declarations took 0 ms 
316031     INFO  Test worker     d.u.i.k.n.KeyIO           Parsing took 0 ms 
316031     INFO  Test worker     d.u.i.k.n.KeyIO           MODE: declarations took 0 ms 
316031     INFO  Test worker     d.u.i.k.n.KeyIO           Parsing took 0 ms 
316031     INFO  Test worker     d.u.i.k.n.KeyIO           MODE: declarations took 0 ms 
318969     INFO  Test worker     d.u.i.k.n.KeyIO           Parsing took 0 ms 
318969     INFO  Test worker     d.u.i.k.n.KeyIO           MODE: declarations took 0 ms 
318970     INFO  Test worker     d.u.i.k.n.KeyIO           Parsing took 0 ms 
318970     INFO  Test worker     d.u.i.k.n.KeyIO           MODE: declarations took 0 ms 
318970     INFO  Test worker     d.u.i.k.n.KeyIO           Parsing took 0 ms 
318971     INFO  Test worker     d.u.i.k.n.KeyIO           MODE: declarations took 0 ms 
318971     INFO  Test worker     d.u.i.k.n.KeyIO           Parsing took 0 ms 
318971     INFO  Test worker     d.u.i.k.n.KeyIO           MODE: declarations took 0 ms 
318971     INFO  Test worker     d.u.i.k.n.KeyIO           Parsing took 0 ms 
318972     INFO  Test worker     d.u.i.k.n.KeyIO           MODE: declarations took 0 ms 
321901     INFO  Test worker     d.u.i.k.n.KeyIO           Parsing took 0 ms 
321901     INFO  Test worker     d.u.i.k.n.KeyIO           MODE: declarations took 0 ms 
321901     INFO  Test worker     d.u.i.k.n.KeyIO           Parsing took 0 ms 
321901     INFO  Test worker     d.u.i.k.n.KeyIO           MODE: declarations took 0 ms 
321901     INFO  Test worker     d.u.i.k.n.KeyIO           Parsing took 0 ms 
321901     INFO  Test worker     d.u.i.k.n.KeyIO           MODE: declarations took 0 ms 
321901     INFO  Test worker     d.u.i.k.n.KeyIO           Parsing took 0 ms 
321901     INFO  Test worker     d.u.i.k.n.KeyIO           MODE: declarations took 0 ms 
321901     INFO  Test worker     d.u.i.k.n.KeyIO           Parsing took 0 ms 
321901     INFO  Test worker     d.u.i.k.n.KeyIO           MODE: declarations took 0 ms 
324791     INFO  Test worker     d.u.i.k.n.KeyIO           Parsing took 0 ms 
324791     INFO  Test worker     d.u.i.k.n.KeyIO           MODE: declarations took 0 ms 
324791     INFO  Test worker     d.u.i.k.n.KeyIO           Parsing took 0 ms 
324791     INFO  Test worker     d.u.i.k.n.KeyIO           MODE: declarations took 0 ms 
324791     INFO  Test worker     d.u.i.k.n.KeyIO           Parsing took 0 ms 
324791     INFO  Test worker     d.u.i.k.n.KeyIO           MODE: declarations took 0 ms 
324791     INFO  Test worker     d.u.i.k.n.KeyIO           Parsing took 0 ms 
324791     INFO  Test worker     d.u.i.k.n.KeyIO           MODE: declarations took 0 ms 
324791     INFO  Test worker     d.u.i.k.n.KeyIO           Parsing took 0 ms 
324791     INFO  Test worker     d.u.i.k.n.KeyIO           MODE: declarations took 0 ms 
327739     INFO  Test worker     d.u.i.k.n.KeyIO           Parsing took 0 ms 
327739     INFO  Test worker     d.u.i.k.n.KeyIO           MODE: declarations took 0 ms 
327739     INFO  Test worker     d.u.i.k.n.KeyIO           Parsing took 0 ms 
327739     INFO  Test worker     d.u.i.k.n.KeyIO           MODE: declarations took 0 ms 
327739     INFO  Test worker     d.u.i.k.n.KeyIO           Parsing took 0 ms 
327740     INFO  Test worker     d.u.i.k.n.KeyIO           MODE: declarations took 1 ms 
327740     INFO  Test worker     d.u.i.k.n.KeyIO           Parsing took 0 ms 
327740     INFO  Test worker     d.u.i.k.n.KeyIO           MODE: declarations took 0 ms 
327740     INFO  Test worker     d.u.i.k.n.KeyIO           Parsing took 0 ms 
327740     INFO  Test worker     d.u.i.k.n.KeyIO           MODE: declarations took 0 ms 
330655     INFO  Test worker     d.u.i.k.n.KeyIO           Parsing took 0 ms 
330655     INFO  Test worker     d.u.i.k.n.KeyIO           MODE: declarations took 0 ms 
330655     INFO  Test worker     d.u.i.k.n.KeyIO           Parsing took 0 ms 
330655     INFO  Test worker     d.u.i.k.n.KeyIO           MODE: declarations took 0 ms 
330655     INFO  Test worker     d.u.i.k.n.KeyIO           Parsing took 0 ms 
330655     INFO  Test worker     d.u.i.k.n.KeyIO           MODE: declarations took 0 ms 
330655     INFO  Test worker     d.u.i.k.n.KeyIO           Parsing took 0 ms 
330655     INFO  Test worker     d.u.i.k.n.KeyIO           MODE: declarations took 0 ms 
330655     INFO  Test worker     d.u.i.k.n.KeyIO           Parsing took 0 ms 
330655     INFO  Test worker     d.u.i.k.n.KeyIO           MODE: declarations took 0 ms 
333572     INFO  Test worker     d.u.i.k.n.KeyIO           Parsing took 0 ms 
333572     INFO  Test worker     d.u.i.k.n.KeyIO           MODE: declarations took 0 ms 
333572     INFO  Test worker     d.u.i.k.n.KeyIO           Parsing took 0 ms 
333572     INFO  Test worker     d.u.i.k.n.KeyIO           MODE: declarations took 0 ms 
333573     INFO  Test worker     d.u.i.k.n.KeyIO           Parsing took 1 ms 
333573     INFO  Test worker     d.u.i.k.n.KeyIO           MODE: declarations took 0 ms 
333573     INFO  Test worker     d.u.i.k.n.KeyIO           Parsing took 0 ms 
333573     INFO  Test worker     d.u.i.k.n.KeyIO           MODE: declarations took 0 ms 
333573     INFO  Test worker     d.u.i.k.n.KeyIO           Parsing took 0 ms 
333573     INFO  Test worker     d.u.i.k.n.KeyIO           MODE: declarations took 0 ms 
336474     INFO  Test worker     d.u.i.k.n.KeyIO           Parsing took 0 ms 
336474     INFO  Test worker     d.u.i.k.n.KeyIO           MODE: declarations took 0 ms 
336474     INFO  Test worker     d.u.i.k.n.KeyIO           Parsing took 0 ms 
336474     INFO  Test worker     d.u.i.k.n.KeyIO           MODE: declarations took 0 ms 
336474     INFO  Test worker     d.u.i.k.n.KeyIO           Parsing took 0 ms 
336474     INFO  Test worker     d.u.i.k.n.KeyIO           MODE: declarations took 0 ms 
336474     INFO  Test worker     d.u.i.k.n.KeyIO           Parsing took 0 ms 
336474     INFO  Test worker     d.u.i.k.n.KeyIO           MODE: declarations took 0 ms 
336474     INFO  Test worker     d.u.i.k.n.KeyIO           Parsing took 0 ms 
336474     INFO  Test worker     d.u.i.k.n.KeyIO           MODE: declarations took 0 ms 
339384     INFO  Test worker     d.u.i.k.n.KeyIO           Parsing took 1 ms 
339384     INFO  Test worker     d.u.i.k.n.KeyIO           MODE: declarations took 0 ms 
339384     INFO  Test worker     d.u.i.k.n.KeyIO           Parsing took 0 ms 
339384     INFO  Test worker     d.u.i.k.n.KeyIO           MODE: declarations took 0 ms 
339384     INFO  Test worker     d.u.i.k.n.KeyIO           Parsing took 0 ms 
339384     INFO  Test worker     d.u.i.k.n.KeyIO           MODE: declarations took 0 ms 
339384     INFO  Test worker     d.u.i.k.n.KeyIO           Parsing took 0 ms 
339384     INFO  Test worker     d.u.i.k.n.KeyIO           MODE: declarations took 0 ms 
339384     INFO  Test worker     d.u.i.k.n.KeyIO           Parsing took 0 ms 
339384     INFO  Test worker     d.u.i.k.n.KeyIO           MODE: declarations took 0 ms 
342274     INFO  Test worker     d.u.i.k.n.KeyIO           Parsing took 0 ms 
342274     INFO  Test worker     d.u.i.k.n.KeyIO           MODE: declarations took 0 ms 
342274     INFO  Test worker     d.u.i.k.n.KeyIO           Parsing took 0 ms 
342274     INFO  Test worker     d.u.i.k.n.KeyIO           MODE: declarations took 0 ms 
342274     INFO  Test worker     d.u.i.k.n.KeyIO           Parsing took 0 ms 
342274     INFO  Test worker     d.u.i.k.n.KeyIO           MODE: declarations took 0 ms 
342274     INFO  Test worker     d.u.i.k.n.KeyIO           Parsing took 0 ms 
342274     INFO  Test worker     d.u.i.k.n.KeyIO           MODE: declarations took 0 ms 
342274     INFO  Test worker     d.u.i.k.n.KeyIO           Parsing took 0 ms 
342274     INFO  Test worker     d.u.i.k.n.KeyIO           MODE: declarations took 0 ms 
345183     INFO  Test worker     d.u.i.k.n.KeyIO           Parsing took 0 ms 
345183     INFO  Test worker     d.u.i.k.n.KeyIO           MODE: declarations took 0 ms 
345183     INFO  Test worker     d.u.i.k.n.KeyIO           Parsing took 0 ms 
345183     INFO  Test worker     d.u.i.k.n.KeyIO           MODE: declarations took 0 ms 
345183     INFO  Test worker     d.u.i.k.n.KeyIO           Parsing took 0 ms 
345183     INFO  Test worker     d.u.i.k.n.KeyIO           MODE: declarations took 0 ms 
345183     INFO  Test worker     d.u.i.k.n.KeyIO           Parsing took 0 ms 
345183     INFO  Test worker     d.u.i.k.n.KeyIO           MODE: declarations took 0 ms 
345184     INFO  Test worker     d.u.i.k.n.KeyIO           Parsing took 0 ms 
345185     INFO  Test worker     d.u.i.k.n.KeyIO           MODE: declarations took 0 ms 
345186     WARN  Test worker     d.u.i.k.n.KeYParser       [syntax-error] <unknown>:1:11: mismatched input '@' expecting {'/', ':=', '.', '(', ')', '{', '[', '@', PARALLEL, OR, AND, IMP, '=', NOT_EQUALS, '%', '*', '-', '+', '>', GREATEREQUAL, '<', LESSEQUAL, LGUILLEMETS, EQV} [@11,11:11='@',<153>,1:11] (termEOF) 
348089     INFO  Test worker     d.u.i.k.n.KeyIO           Parsing took 0 ms 
348089     INFO  Test worker     d.u.i.k.n.KeyIO           MODE: declarations took 0 ms 
348089     INFO  Test worker     d.u.i.k.n.KeyIO           Parsing took 0 ms 
348089     INFO  Test worker     d.u.i.k.n.KeyIO           MODE: declarations took 0 ms 
348089     INFO  Test worker     d.u.i.k.n.KeyIO           Parsing took 0 ms 
348089     INFO  Test worker     d.u.i.k.n.KeyIO           MODE: declarations took 0 ms 
348089     INFO  Test worker     d.u.i.k.n.KeyIO           Parsing took 0 ms 
348089     INFO  Test worker     d.u.i.k.n.KeyIO           MODE: declarations took 0 ms 
348089     INFO  Test worker     d.u.i.k.n.KeyIO           Parsing took 0 ms 
348089     INFO  Test worker     d.u.i.k.n.KeyIO           MODE: declarations took 0 ms 
350982     INFO  Test worker     d.u.i.k.n.KeyIO           Parsing took 0 ms 
350982     INFO  Test worker     d.u.i.k.n.KeyIO           MODE: declarations took 0 ms 
350982     INFO  Test worker     d.u.i.k.n.KeyIO           Parsing took 0 ms 
350982     INFO  Test worker     d.u.i.k.n.KeyIO           MODE: declarations took 0 ms 
350982     INFO  Test worker     d.u.i.k.n.KeyIO           Parsing took 0 ms 
350982     INFO  Test worker     d.u.i.k.n.KeyIO           MODE: declarations took 0 ms 
350982     INFO  Test worker     d.u.i.k.n.KeyIO           Parsing took 0 ms 
350982     INFO  Test worker     d.u.i.k.n.KeyIO           MODE: declarations took 0 ms 
350982     INFO  Test worker     d.u.i.k.n.KeyIO           Parsing took 0 ms 
350982     INFO  Test worker     d.u.i.k.n.KeyIO           MODE: declarations took 0 ms 
353888     INFO  Test worker     d.u.i.k.n.KeyIO           Parsing took 1 ms 
353888     INFO  Test worker     d.u.i.k.n.KeyIO           MODE: declarations took 0 ms 
353888     INFO  Test worker     d.u.i.k.n.KeyIO           Parsing took 0 ms 
353888     INFO  Test worker     d.u.i.k.n.KeyIO           MODE: declarations took 0 ms 
353888     INFO  Test worker     d.u.i.k.n.KeyIO           Parsing took 0 ms 
353888     INFO  Test worker     d.u.i.k.n.KeyIO           MODE: declarations took 0 ms 
353888     INFO  Test worker     d.u.i.k.n.KeyIO           Parsing took 0 ms 
353888     INFO  Test worker     d.u.i.k.n.KeyIO           MODE: declarations took 0 ms 
353888     INFO  Test worker     d.u.i.k.n.KeyIO           Parsing took 0 ms 
353888     INFO  Test worker     d.u.i.k.n.KeyIO           MODE: declarations took 0 ms 
356767     INFO  Test worker     d.u.i.k.n.KeyIO           Parsing took 0 ms 
356767     INFO  Test worker     d.u.i.k.n.KeyIO           MODE: declarations took 0 ms 
356767     INFO  Test worker     d.u.i.k.n.KeyIO           Parsing took 0 ms 
356767     INFO  Test worker     d.u.i.k.n.KeyIO           MODE: declarations took 0 ms 
356767     INFO  Test worker     d.u.i.k.n.KeyIO           Parsing took 0 ms 
356767     INFO  Test worker     d.u.i.k.n.KeyIO           MODE: declarations took 0 ms 
356767     INFO  Test worker     d.u.i.k.n.KeyIO           Parsing took 0 ms 
356767     INFO  Test worker     d.u.i.k.n.KeyIO           MODE: declarations took 0 ms 
356767     INFO  Test worker     d.u.i.k.n.KeyIO           Parsing took 0 ms 
356768     INFO  Test worker     d.u.i.k.n.KeyIO           MODE: declarations took 1 ms 
359660     INFO  Test worker     d.u.i.k.n.KeyIO           Parsing took 0 ms 
359660     INFO  Test worker     d.u.i.k.n.KeyIO           MODE: declarations took 0 ms 
359660     INFO  Test worker     d.u.i.k.n.KeyIO           Parsing took 0 ms 
359661     INFO  Test worker     d.u.i.k.n.KeyIO           MODE: declarations took 1 ms 
359661     INFO  Test worker     d.u.i.k.n.KeyIO           Parsing took 0 ms 
359661     INFO  Test worker     d.u.i.k.n.KeyIO           MODE: declarations took 0 ms 
359661     INFO  Test worker     d.u.i.k.n.KeyIO           Parsing took 0 ms 
359661     INFO  Test worker     d.u.i.k.n.KeyIO           MODE: declarations took 0 ms 
359661     INFO  Test worker     d.u.i.k.n.KeyIO           Parsing took 0 ms 
359661     INFO  Test worker     d.u.i.k.n.KeyIO           MODE: declarations took 0 ms 
362554     INFO  Test worker     d.u.i.k.n.KeyIO           Parsing took 0 ms 
362554     INFO  Test worker     d.u.i.k.n.KeyIO           MODE: declarations took 0 ms 
362554     INFO  Test worker     d.u.i.k.n.KeyIO           Parsing took 0 ms 
362554     INFO  Test worker     d.u.i.k.n.KeyIO           MODE: declarations took 0 ms 
362555     INFO  Test worker     d.u.i.k.n.KeyIO           Parsing took 1 ms 
362555     INFO  Test worker     d.u.i.k.n.KeyIO           MODE: declarations took 0 ms 
362555     INFO  Test worker     d.u.i.k.n.KeyIO           Parsing took 0 ms 
362555     INFO  Test worker     d.u.i.k.n.KeyIO           MODE: declarations took 0 ms 
362555     INFO  Test worker     d.u.i.k.n.KeyIO           Parsing took 0 ms 
362555     INFO  Test worker     d.u.i.k.n.KeyIO           MODE: declarations took 0 ms 
365430     INFO  Test worker     d.u.i.k.n.KeyIO           Parsing took 0 ms 
365430     INFO  Test worker     d.u.i.k.n.KeyIO           MODE: declarations took 0 ms 
365430     INFO  Test worker     d.u.i.k.n.KeyIO           Parsing took 0 ms 
365430     INFO  Test worker     d.u.i.k.n.KeyIO           MODE: declarations took 0 ms 
365430     INFO  Test worker     d.u.i.k.n.KeyIO           Parsing took 0 ms 
365430     INFO  Test worker     d.u.i.k.n.KeyIO           MODE: declarations took 0 ms 
365430     INFO  Test worker     d.u.i.k.n.KeyIO           Parsing took 0 ms 
365430     INFO  Test worker     d.u.i.k.n.KeyIO           MODE: declarations took 0 ms 
365430     INFO  Test worker     d.u.i.k.n.KeyIO           Parsing took 0 ms 
365430     INFO  Test worker     d.u.i.k.n.KeyIO           MODE: declarations took 0 ms 
368315     INFO  Test worker     d.u.i.k.n.KeyIO           Parsing took 0 ms 
368315     INFO  Test worker     d.u.i.k.n.KeyIO           MODE: declarations took 0 ms 
368315     INFO  Test worker     d.u.i.k.n.KeyIO           Parsing took 0 ms 
368315     INFO  Test worker     d.u.i.k.n.KeyIO           MODE: declarations took 0 ms 
368315     INFO  Test worker     d.u.i.k.n.KeyIO           Parsing took 0 ms 
368315     INFO  Test worker     d.u.i.k.n.KeyIO           MODE: declarations took 0 ms 
368315     INFO  Test worker     d.u.i.k.n.KeyIO           Parsing took 0 ms 
368315     INFO  Test worker     d.u.i.k.n.KeyIO           MODE: declarations took 0 ms 
368315     INFO  Test worker     d.u.i.k.n.KeyIO           Parsing took 0 ms 
368315     INFO  Test worker     d.u.i.k.n.KeyIO           MODE: declarations took 0 ms 
371224     INFO  Test worker     d.u.i.k.n.KeyIO           Parsing took 1 ms 
371224     INFO  Test worker     d.u.i.k.n.KeyIO           MODE: declarations took 0 ms 
371224     INFO  Test worker     d.u.i.k.n.KeyIO           Parsing took 0 ms 
371224     INFO  Test worker     d.u.i.k.n.KeyIO           MODE: declarations took 0 ms 
371224     INFO  Test worker     d.u.i.k.n.KeyIO           Parsing took 0 ms 
371224     INFO  Test worker     d.u.i.k.n.KeyIO           MODE: declarations took 0 ms 
371224     INFO  Test worker     d.u.i.k.n.KeyIO           Parsing took 0 ms 
371224     INFO  Test worker     d.u.i.k.n.KeyIO           MODE: declarations took 0 ms 
371224     INFO  Test worker     d.u.i.k.n.KeyIO           Parsing took 0 ms 
371224     INFO  Test worker     d.u.i.k.n.KeyIO           MODE: declarations took 0 ms 
374096     INFO  Test worker     d.u.i.k.n.KeyIO           Parsing took 0 ms 
374096     INFO  Test worker     d.u.i.k.n.KeyIO           MODE: declarations took 0 ms 
374096     INFO  Test worker     d.u.i.k.n.KeyIO           Parsing took 0 ms 
374096     INFO  Test worker     d.u.i.k.n.KeyIO           MODE: declarations took 0 ms 
374096     INFO  Test worker     d.u.i.k.n.KeyIO           Parsing took 0 ms 
374096     INFO  Test worker     d.u.i.k.n.KeyIO           MODE: declarations took 0 ms 
374096     INFO  Test worker     d.u.i.k.n.KeyIO           Parsing took 0 ms 
374096     INFO  Test worker     d.u.i.k.n.KeyIO           MODE: declarations took 0 ms 
374096     INFO  Test worker     d.u.i.k.n.KeyIO           Parsing took 0 ms 
374096     INFO  Test worker     d.u.i.k.n.KeyIO           MODE: declarations took 0 ms 
377000     INFO  Test worker     d.u.i.k.n.KeyIO           Parsing took 0 ms 
377000     INFO  Test worker     d.u.i.k.n.KeyIO           MODE: declarations took 0 ms 
377000     INFO  Test worker     d.u.i.k.n.KeyIO           Parsing took 0 ms 
377000     INFO  Test worker     d.u.i.k.n.KeyIO           MODE: declarations took 0 ms 
377000     INFO  Test worker     d.u.i.k.n.KeyIO           Parsing took 0 ms 
377000     INFO  Test worker     d.u.i.k.n.KeyIO           MODE: declarations took 0 ms 
377000     INFO  Test worker     d.u.i.k.n.KeyIO           Parsing took 0 ms 
377000     INFO  Test worker     d.u.i.k.n.KeyIO           MODE: declarations took 0 ms 
377000     INFO  Test worker     d.u.i.k.n.KeyIO           Parsing took 0 ms 
377000     INFO  Test worker     d.u.i.k.n.KeyIO           MODE: declarations took 0 ms 
379924     INFO  Test worker     d.u.i.k.n.KeyIO           Parsing took 0 ms 
379924     INFO  Test worker     d.u.i.k.n.KeyIO           MODE: declarations took 0 ms 
379924     INFO  Test worker     d.u.i.k.n.KeyIO           Parsing took 0 ms 
379924     INFO  Test worker     d.u.i.k.n.KeyIO           MODE: declarations took 0 ms 
379924     INFO  Test worker     d.u.i.k.n.KeyIO           Parsing took 0 ms 
379924     INFO  Test worker     d.u.i.k.n.KeyIO           MODE: declarations took 0 ms 
379924     INFO  Test worker     d.u.i.k.n.KeyIO           Parsing took 0 ms 
379924     INFO  Test worker     d.u.i.k.n.KeyIO           MODE: declarations took 0 ms 
379924     INFO  Test worker     d.u.i.k.n.KeyIO           Parsing took 0 ms 
379924     INFO  Test worker     d.u.i.k.n.KeyIO           MODE: declarations took 0 ms 
382819     INFO  Test worker     d.u.i.k.n.KeyIO           Parsing took 0 ms 
382819     INFO  Test worker     d.u.i.k.n.KeyIO           MODE: declarations took 0 ms 
382819     INFO  Test worker     d.u.i.k.n.KeyIO           Parsing took 0 ms 
382819     INFO  Test worker     d.u.i.k.n.KeyIO           MODE: declarations took 0 ms 
382819     INFO  Test worker     d.u.i.k.n.KeyIO           Parsing took 0 ms 
382819     INFO  Test worker     d.u.i.k.n.KeyIO           MODE: declarations took 0 ms 
382819     INFO  Test worker     d.u.i.k.n.KeyIO           Parsing took 0 ms 
382819     INFO  Test worker     d.u.i.k.n.KeyIO           MODE: declarations took 0 ms 
382819     INFO  Test worker     d.u.i.k.n.KeyIO           Parsing took 0 ms 
382819     INFO  Test worker     d.u.i.k.n.KeyIO           MODE: declarations took 0 ms 
385898     INFO  Test worker     d.u.i.k.n.KeyIO           Parsing took 0 ms 
385899     INFO  Test worker     d.u.i.k.n.KeyIO           MODE: declarations took 1 ms 
385899     INFO  Test worker     d.u.i.k.n.KeyIO           Parsing took 0 ms 
385899     INFO  Test worker     d.u.i.k.n.KeyIO           MODE: declarations took 0 ms 
385899     INFO  Test worker     d.u.i.k.n.KeyIO           Parsing took 0 ms 
385899     INFO  Test worker     d.u.i.k.n.KeyIO           MODE: declarations took 0 ms 
385899     INFO  Test worker     d.u.i.k.n.KeyIO           Parsing took 0 ms 
385899     INFO  Test worker     d.u.i.k.n.KeyIO           MODE: declarations took 0 ms 
385899     INFO  Test worker     d.u.i.k.n.KeyIO           Parsing took 0 ms 
385899     INFO  Test worker     d.u.i.k.n.KeyIO           MODE: declarations took 0 ms 
388773     INFO  Test worker     d.u.i.k.n.KeyIO           Parsing took 0 ms 
388773     INFO  Test worker     d.u.i.k.n.KeyIO           MODE: declarations took 0 ms 
388773     INFO  Test worker     d.u.i.k.n.KeyIO           Parsing took 0 ms 
388773     INFO  Test worker     d.u.i.k.n.KeyIO           MODE: declarations took 0 ms 
388773     INFO  Test worker     d.u.i.k.n.KeyIO           Parsing took 0 ms 
388773     INFO  Test worker     d.u.i.k.n.KeyIO           MODE: declarations took 0 ms 
388773     INFO  Test worker     d.u.i.k.n.KeyIO           Parsing took 0 ms 
388774     INFO  Test worker     d.u.i.k.n.KeyIO           MODE: declarations took 0 ms 
388774     INFO  Test worker     d.u.i.k.n.KeyIO           Parsing took 0 ms 
388774     INFO  Test worker     d.u.i.k.n.KeyIO           MODE: declarations took 0 ms 
391664     INFO  Test worker     d.u.i.k.n.KeyIO           Parsing took 0 ms 
391664     INFO  Test worker     d.u.i.k.n.KeyIO           MODE: declarations took 0 ms 
391664     INFO  Test worker     d.u.i.k.n.KeyIO           Parsing took 0 ms 
391664     INFO  Test worker     d.u.i.k.n.KeyIO           MODE: declarations took 0 ms 
391664     INFO  Test worker     d.u.i.k.n.KeyIO           Parsing took 0 ms 
391664     INFO  Test worker     d.u.i.k.n.KeyIO           MODE: declarations took 0 ms 
391664     INFO  Test worker     d.u.i.k.n.KeyIO           Parsing took 0 ms 
391664     INFO  Test worker     d.u.i.k.n.KeyIO           MODE: declarations took 0 ms 
391664     INFO  Test worker     d.u.i.k.n.KeyIO           Parsing took 0 ms 
391664     INFO  Test worker     d.u.i.k.n.KeyIO           MODE: declarations took 0 ms 
394538     INFO  Test worker     d.u.i.k.n.KeyIO           Parsing took 0 ms 
394538     INFO  Test worker     d.u.i.k.n.KeyIO           MODE: declarations took 0 ms 
394538     INFO  Test worker     d.u.i.k.n.KeyIO           Parsing took 0 ms 
394538     INFO  Test worker     d.u.i.k.n.KeyIO           MODE: declarations took 0 ms 
394538     INFO  Test worker     d.u.i.k.n.KeyIO           Parsing took 0 ms 
394538     INFO  Test worker     d.u.i.k.n.KeyIO           MODE: declarations took 0 ms 
394539     INFO  Test worker     d.u.i.k.n.KeyIO           Parsing took 1 ms 
394539     INFO  Test worker     d.u.i.k.n.KeyIO           MODE: declarations took 0 ms 
394539     INFO  Test worker     d.u.i.k.n.KeyIO           Parsing took 0 ms 
394539     INFO  Test worker     d.u.i.k.n.KeyIO           MODE: declarations took 0 ms 
397417     INFO  Test worker     d.u.i.k.n.KeyIO           Parsing took 0 ms 
397417     INFO  Test worker     d.u.i.k.n.KeyIO           MODE: declarations took 0 ms 
397417     INFO  Test worker     d.u.i.k.n.KeyIO           Parsing took 0 ms 
397417     INFO  Test worker     d.u.i.k.n.KeyIO           MODE: declarations took 0 ms 
397417     INFO  Test worker     d.u.i.k.n.KeyIO           Parsing took 0 ms 
397417     INFO  Test worker     d.u.i.k.n.KeyIO           MODE: declarations took 0 ms 
397417     INFO  Test worker     d.u.i.k.n.KeyIO           Parsing took 0 ms 
397417     INFO  Test worker     d.u.i.k.n.KeyIO           MODE: declarations took 0 ms 
397417     INFO  Test worker     d.u.i.k.n.KeyIO           Parsing took 0 ms 
397417     INFO  Test worker     d.u.i.k.n.KeyIO           MODE: declarations took 0 ms 
400316     INFO  Test worker     d.u.i.k.n.KeyIO           Parsing took 0 ms 
400316     INFO  Test worker     d.u.i.k.n.KeyIO           MODE: declarations took 0 ms 
400316     INFO  Test worker     d.u.i.k.n.KeyIO           Parsing took 0 ms 
400316     INFO  Test worker     d.u.i.k.n.KeyIO           MODE: declarations took 0 ms 
400316     INFO  Test worker     d.u.i.k.n.KeyIO           Parsing took 0 ms 
400316     INFO  Test worker     d.u.i.k.n.KeyIO           MODE: declarations took 0 ms 
400316     INFO  Test worker     d.u.i.k.n.KeyIO           Parsing took 0 ms 
400316     INFO  Test worker     d.u.i.k.n.KeyIO           MODE: declarations took 0 ms 
400316     INFO  Test worker     d.u.i.k.n.KeyIO           Parsing took 0 ms 
400316     INFO  Test worker     d.u.i.k.n.KeyIO           MODE: declarations took 0 ms 
403196     INFO  Test worker     d.u.i.k.n.KeyIO           Parsing took 0 ms 
403197     INFO  Test worker     d.u.i.k.n.KeyIO           MODE: declarations took 0 ms 
403197     INFO  Test worker     d.u.i.k.n.KeyIO           Parsing took 0 ms 
403197     INFO  Test worker     d.u.i.k.n.KeyIO           MODE: declarations took 0 ms 
403197     INFO  Test worker     d.u.i.k.n.KeyIO           Parsing took 0 ms 
403197     INFO  Test worker     d.u.i.k.n.KeyIO           MODE: declarations took 0 ms 
403197     INFO  Test worker     d.u.i.k.n.KeyIO           Parsing took 0 ms 
403197     INFO  Test worker     d.u.i.k.n.KeyIO           MODE: declarations took 0 ms 
403197     INFO  Test worker     d.u.i.k.n.KeyIO           Parsing took 0 ms 
403197     INFO  Test worker     d.u.i.k.n.KeyIO           MODE: declarations took 0 ms 
406081     INFO  Test worker     d.u.i.k.n.KeyIO           Parsing took 0 ms 
406082     INFO  Test worker     d.u.i.k.n.KeyIO           MODE: declarations took 0 ms 
406082     INFO  Test worker     d.u.i.k.n.KeyIO           Parsing took 0 ms 
406082     INFO  Test worker     d.u.i.k.n.KeyIO           MODE: declarations took 0 ms 
406082     INFO  Test worker     d.u.i.k.n.KeyIO           Parsing took 0 ms 
406082     INFO  Test worker     d.u.i.k.n.KeyIO           MODE: declarations took 0 ms 
406082     INFO  Test worker     d.u.i.k.n.KeyIO           Parsing took 0 ms 
406082     INFO  Test worker     d.u.i.k.n.KeyIO           MODE: declarations took 0 ms 
406082     INFO  Test worker     d.u.i.k.n.KeyIO           Parsing took 0 ms 
406082     INFO  Test worker     d.u.i.k.n.KeyIO           MODE: declarations took 0 ms 
408968     INFO  Test worker     d.u.i.k.n.KeyIO           Parsing took 0 ms 
408968     INFO  Test worker     d.u.i.k.n.KeyIO           MODE: declarations took 0 ms 
408968     INFO  Test worker     d.u.i.k.n.KeyIO           Parsing took 0 ms 
408968     INFO  Test worker     d.u.i.k.n.KeyIO           MODE: declarations took 0 ms 
408969     INFO  Test worker     d.u.i.k.n.KeyIO           Parsing took 1 ms 
408969     INFO  Test worker     d.u.i.k.n.KeyIO           MODE: declarations took 0 ms 
408969     INFO  Test worker     d.u.i.k.n.KeyIO           Parsing took 0 ms 
408969     INFO  Test worker     d.u.i.k.n.KeyIO           MODE: declarations took 0 ms 
408969     INFO  Test worker     d.u.i.k.n.KeyIO           Parsing took 0 ms 
408969     INFO  Test worker     d.u.i.k.n.KeyIO           MODE: declarations took 0 ms 
411849     INFO  Test worker     d.u.i.k.n.KeyIO           Parsing took 0 ms 
411849     INFO  Test worker     d.u.i.k.n.KeyIO           MODE: declarations took 0 ms 
411850     INFO  Test worker     d.u.i.k.n.KeyIO           Parsing took 0 ms 
411850     INFO  Test worker     d.u.i.k.n.KeyIO           MODE: declarations took 0 ms 
411850     INFO  Test worker     d.u.i.k.n.KeyIO           Parsing took 0 ms 
411850     INFO  Test worker     d.u.i.k.n.KeyIO           MODE: declarations took 0 ms 
411850     INFO  Test worker     d.u.i.k.n.KeyIO           Parsing took 0 ms 
411851     INFO  Test worker     d.u.i.k.n.KeyIO           MODE: declarations took 0 ms 
411851     INFO  Test worker     d.u.i.k.n.KeyIO           Parsing took 0 ms 
411851     INFO  Test worker     d.u.i.k.n.KeyIO           MODE: declarations took 0 ms 
414726     INFO  Test worker     d.u.i.k.n.KeyIO           Parsing took 0 ms 
414726     INFO  Test worker     d.u.i.k.n.KeyIO           MODE: declarations took 0 ms 
414726     INFO  Test worker     d.u.i.k.n.KeyIO           Parsing took 0 ms 
414726     INFO  Test worker     d.u.i.k.n.KeyIO           MODE: declarations took 0 ms 
414726     INFO  Test worker     d.u.i.k.n.KeyIO           Parsing took 0 ms 
414726     INFO  Test worker     d.u.i.k.n.KeyIO           MODE: declarations took 0 ms 
414726     INFO  Test worker     d.u.i.k.n.KeyIO           Parsing took 0 ms 
414726     INFO  Test worker     d.u.i.k.n.KeyIO           MODE: declarations took 0 ms 
414726     INFO  Test worker     d.u.i.k.n.KeyIO           Parsing took 0 ms 
414726     INFO  Test worker     d.u.i.k.n.KeyIO           MODE: declarations took 0 ms 
]]></system-out>
  <system-err><![CDATA[]]></system-err>
</testsuite>
