<?xml version="1.0" encoding="UTF-8"?>
<testsuite name="de.uka.ilkd.key.nparser.ExprTest" tests="23" skipped="0" failures="0" errors="0" timestamp="2023-03-25T23:03:33" hostname="fv-az412-526" time="2.164">
  <properties/>
  <testcase name="[1] (bprod{int y;}(1, 2, y) = 0)" classname="de.uka.ilkd.key.nparser.ExprTest" time="0.022"/>
  <testcase name="[2] 1 = 1 -&gt; 2 = 2" classname="de.uka.ilkd.key.nparser.ExprTest" time="0.013"/>
  <testcase name="[3] \&lt; { int x = 1; } \&gt; x=1" classname="de.uka.ilkd.key.nparser.ExprTest" time="0.879"/>
  <testcase name="[4] \&lt;{ int x = 1; {int s = 2;} }\&gt; x=x" classname="de.uka.ilkd.key.nparser.ExprTest" time="0.951"/>
  <testcase name="[5] true" classname="de.uka.ilkd.key.nparser.ExprTest" time="0.012"/>
  <testcase name="[6] true &amp; false" classname="de.uka.ilkd.key.nparser.ExprTest" time="0.012"/>
  <testcase name="[7] 0" classname="de.uka.ilkd.key.nparser.ExprTest" time="0.011"/>
  <testcase name="[8] 1" classname="de.uka.ilkd.key.nparser.ExprTest" time="0.011"/>
  <testcase name="[9] 42" classname="de.uka.ilkd.key.nparser.ExprTest" time="0.01"/>
  <testcase name="[10] -5" classname="de.uka.ilkd.key.nparser.ExprTest" time="0.012"/>
  <testcase name="[11] 1 + 1 = 2" classname="de.uka.ilkd.key.nparser.ExprTest" time="0.012"/>
  <testcase name="[12] \if (3=4) \then (1) \else (2)" classname="de.uka.ilkd.key.nparser.ExprTest" time="0.012"/>
  <testcase name="[13] \if (3=4 &amp; 1=1) \then (\if (3=4) \then (1) \else (2)) \else (2)" classname="de.uka.ilkd.key.nparser.ExprTest" time="0.012"/>
  <testcase name="[14] aa + bb*cc" classname="de.uka.ilkd.key.nparser.ExprTest" time="0.012"/>
  <testcase name="[15] aa%bb*cc &lt; -123" classname="de.uka.ilkd.key.nparser.ExprTest" time="0.014"/>
  <testcase name="[16] \forall int x; true" classname="de.uka.ilkd.key.nparser.ExprTest" time="0.016"/>
  <testcase name="[17] \forall numbers x; x = x" classname="de.uka.ilkd.key.nparser.ExprTest" time="0.018"/>
  <testcase name="[18] (int)3+2" classname="de.uka.ilkd.key.nparser.ExprTest" time="0.013"/>
  <testcase name="[19] 1.f + 1f = 20e-1f * (2f-1f)" classname="de.uka.ilkd.key.nparser.ExprTest" time="0.021"/>
  <testcase name="[20] 1.d + 1d &lt;= 20e+1d * .01d" classname="de.uka.ilkd.key.nparser.ExprTest" time="0.017"/>
  <testcase name="[21] 1f &lt;= 2f" classname="de.uka.ilkd.key.nparser.ExprTest" time="0.017"/>
  <testcase name="[22] 2d &gt; 1d" classname="de.uka.ilkd.key.nparser.ExprTest" time="0.015"/>
  <testcase name="[23] seqEmpty + seqEmpty" classname="de.uka.ilkd.key.nparser.ExprTest" time="0.02"/>
  <system-out><![CDATA[193924     INFO  Test worker     d.u.i.k.n.KeyIO           Parsing took 15 ms 
193925     INFO  Test worker     d.u.i.k.n.KeyIO           MODE: declarations took 1 ms 
193928     INFO  Test worker     d.u.i.k.n.ExprTest        Term: equals(bprod{y:int}(Z(1(#)),Z(2(#)),y),Z(0(#))) 
193939     INFO  Test worker     d.u.i.k.n.KeyIO           Parsing took 7 ms 
193940     INFO  Test worker     d.u.i.k.n.KeyIO           MODE: declarations took 0 ms 
193943     INFO  Test worker     d.u.i.k.n.ExprTest        Term: imp(equals(Z(1(#)),Z(1(#))),equals(Z(2(#)),Z(2(#)))) 
193952     INFO  Test worker     d.u.i.k.n.KeyIO           Parsing took 7 ms 
193953     INFO  Test worker     d.u.i.k.n.KeyIO           MODE: declarations took 0 ms 
194821     INFO  Test worker     d.u.i.k.n.ExprTest        Term: \<{
  int x = 1;
}\> (equals(x,Z(1(#)))) 
194833     INFO  Test worker     d.u.i.k.n.KeyIO           Parsing took 8 ms 
194834     INFO  Test worker     d.u.i.k.n.KeyIO           MODE: declarations took 0 ms 
195775     INFO  Test worker     d.u.i.k.n.ExprTest        Term: \<{
  int x = 1;
  {
    int s = 2;
  }
}\> (equals(x,x)) 
195784     INFO  Test worker     d.u.i.k.n.KeyIO           Parsing took 7 ms 
195785     INFO  Test worker     d.u.i.k.n.KeyIO           MODE: declarations took 1 ms 
195787     INFO  Test worker     d.u.i.k.n.ExprTest        Term: true 
195796     INFO  Test worker     d.u.i.k.n.KeyIO           Parsing took 7 ms 
195796     INFO  Test worker     d.u.i.k.n.KeyIO           MODE: declarations took 0 ms 
195799     INFO  Test worker     d.u.i.k.n.ExprTest        Term: and(true,false) 
195808     INFO  Test worker     d.u.i.k.n.KeyIO           Parsing took 7 ms 
195808     INFO  Test worker     d.u.i.k.n.KeyIO           MODE: declarations took 0 ms 
195810     INFO  Test worker     d.u.i.k.n.ExprTest        Term: Z(0(#)) 
195819     INFO  Test worker     d.u.i.k.n.KeyIO           Parsing took 7 ms 
195819     INFO  Test worker     d.u.i.k.n.KeyIO           MODE: declarations took 0 ms 
195822     INFO  Test worker     d.u.i.k.n.ExprTest        Term: Z(1(#)) 
195830     INFO  Test worker     d.u.i.k.n.KeyIO           Parsing took 7 ms 
195831     INFO  Test worker     d.u.i.k.n.KeyIO           MODE: declarations took 1 ms 
195833     INFO  Test worker     d.u.i.k.n.ExprTest        Term: Z(2(4(#))) 
195841     INFO  Test worker     d.u.i.k.n.KeyIO           Parsing took 6 ms 
195842     INFO  Test worker     d.u.i.k.n.KeyIO           MODE: declarations took 1 ms 
195845     INFO  Test worker     d.u.i.k.n.ExprTest        Term: Z(neglit(5(#))) 
195854     INFO  Test worker     d.u.i.k.n.KeyIO           Parsing took 7 ms 
195856     INFO  Test worker     d.u.i.k.n.KeyIO           MODE: declarations took 1 ms 
195858     INFO  Test worker     d.u.i.k.n.ExprTest        Term: equals(add(Z(1(#)),Z(1(#))),Z(2(#))) 
195868     INFO  Test worker     d.u.i.k.n.KeyIO           Parsing took 7 ms 
195869     INFO  Test worker     d.u.i.k.n.KeyIO           MODE: declarations took 1 ms 
195871     INFO  Test worker     d.u.i.k.n.ExprTest        Term: if-then-else(equals(Z(3(#)),Z(4(#))),Z(1(#)),Z(2(#))) 
195881     INFO  Test worker     d.u.i.k.n.KeyIO           Parsing took 7 ms 
195882     INFO  Test worker     d.u.i.k.n.KeyIO           MODE: declarations took 1 ms 
195884     INFO  Test worker     d.u.i.k.n.ExprTest        Term: if-then-else(and(equals(Z(3(#)),Z(4(#))),equals(Z(1(#)),Z(1(#)))),if-then-else(equals(Z(3(#)),Z(4(#))),Z(1(#)),Z(2(#))),Z(2(#))) 
195893     INFO  Test worker     d.u.i.k.n.KeyIO           Parsing took 6 ms 
195894     INFO  Test worker     d.u.i.k.n.KeyIO           MODE: declarations took 0 ms 
195897     INFO  Test worker     d.u.i.k.n.ExprTest        Term: add(aa,mul(bb,cc)) 
195910     INFO  Test worker     d.u.i.k.n.KeyIO           Parsing took 8 ms 
195912     INFO  Test worker     d.u.i.k.n.KeyIO           MODE: declarations took 1 ms 
195915     INFO  Test worker     d.u.i.k.n.ExprTest        Term: lt(mul(mod(aa,bb),cc),Z(neglit(3(2(1(#)))))) 
195925     INFO  Test worker     d.u.i.k.n.KeyIO           Parsing took 7 ms 
195929     INFO  Test worker     d.u.i.k.n.KeyIO           MODE: declarations took 1 ms 
195931     INFO  Test worker     d.u.i.k.n.ExprTest        Term: all{x:int}(true) 
195945     INFO  Test worker     d.u.i.k.n.KeyIO           Parsing took 11 ms 
195947     INFO  Test worker     d.u.i.k.n.KeyIO           MODE: declarations took 1 ms 
195951     INFO  Test worker     d.u.i.k.n.ExprTest        Term: all{x:numbers}(equals(x,x)) 
195963     INFO  Test worker     d.u.i.k.n.KeyIO           Parsing took 7 ms 
195965     INFO  Test worker     d.u.i.k.n.KeyIO           MODE: declarations took 1 ms 
195967     INFO  Test worker     d.u.i.k.n.ExprTest        Term: add(int::cast(Z(3(#))),Z(2(#))) 
195981     INFO  Test worker     d.u.i.k.n.KeyIO           Parsing took 9 ms 
195982     INFO  Test worker     d.u.i.k.n.KeyIO           MODE: declarations took 0 ms 
195987     INFO  Test worker     d.u.i.k.n.ExprTest        Term: equals(addFloat(FP(6(1(2(3(5(3(5(6(0(1(#))))))))))),FP(6(1(2(3(5(3(5(6(0(1(#)))))))))))),mulFloat(FP(4(2(8(1(4(7(3(7(0(1(#))))))))))),subFloat(FP(4(2(8(1(4(7(3(7(0(1(#))))))))))),FP(6(1(2(3(5(3(5(6(0(1(#)))))))))))))) 
196006     INFO  Test worker     d.u.i.k.n.KeyIO           Parsing took 7 ms 
196008     INFO  Test worker     d.u.i.k.n.KeyIO           MODE: declarations took 1 ms 
196011     INFO  Test worker     d.u.i.k.n.ExprTest        Term: leqDouble(addDouble(DFP(8(0(4(7(1(0(0(0(8(8(1(4(2(8(1(7(0(6(4(#)))))))))))))))))))),DFP(8(0(4(7(1(0(0(0(8(8(1(4(2(8(1(7(0(6(4(#))))))))))))))))))))),mulDouble(DFP(4(8(7(6(0(0(2(8(9(0(9(8(0(4(2(1(4(6(4(#)))))))))))))))))))),DFP(5(7(6(7(8(0(4(0(3(9(2(2(8(1(9(6(7(5(4(#)))))))))))))))))))))) 
196025     INFO  Test worker     d.u.i.k.n.KeyIO           Parsing took 10 ms 
196028     INFO  Test worker     d.u.i.k.n.KeyIO           MODE: declarations took 1 ms 
196030     INFO  Test worker     d.u.i.k.n.ExprTest        Term: leqFloat(FP(6(1(2(3(5(3(5(6(0(1(#))))))))))),FP(4(2(8(1(4(7(3(7(0(1(#)))))))))))) 
196041     INFO  Test worker     d.u.i.k.n.KeyIO           Parsing took 7 ms 
196044     INFO  Test worker     d.u.i.k.n.KeyIO           MODE: declarations took 1 ms 
196047     INFO  Test worker     d.u.i.k.n.ExprTest        Term: gtDouble(DFP(4(0(9(7(8(3(7(2(4(8(1(0(6(8(6(1(1(6(4(#)))))))))))))))))))),DFP(8(0(4(7(1(0(0(0(8(8(1(4(2(8(1(7(0(6(4(#))))))))))))))))))))) 
196062     INFO  Test worker     d.u.i.k.n.KeyIO           Parsing took 8 ms 
196067     INFO  Test worker     d.u.i.k.n.KeyIO           MODE: declarations took 1 ms 
196071     INFO  Test worker     d.u.i.k.n.ExprTest        Term: seqConcat(seqEmpty,seqEmpty) 
]]></system-out>
  <system-err><![CDATA[]]></system-err>
</testsuite>
