<?xml version="1.0" encoding="UTF-8"?>
<testsuite name="de.uka.ilkd.key.parser.TestTermParserSorts" tests="2" skipped="0" failures="0" errors="0" timestamp="2023-03-25T23:07:17" hostname="fv-az412-526" time="2.887">
  <properties/>
  <testcase name="testParseIntegerArgs()" classname="de.uka.ilkd.key.parser.TestTermParserSorts" time="0.017"/>
  <testcase name="testParseSequencePrettySyntax()" classname="de.uka.ilkd.key.parser.TestTermParserSorts" time="0.001"/>
  <system-out><![CDATA[417603     INFO  Test worker     d.u.i.k.n.KeyIO           Parsing took 0 ms 
417604     INFO  Test worker     d.u.i.k.n.KeyIO           MODE: declarations took 0 ms 
417604     INFO  Test worker     d.u.i.k.n.KeyIO           Parsing took 0 ms 
417604     INFO  Test worker     d.u.i.k.n.KeyIO           MODE: declarations took 0 ms 
417604     INFO  Test worker     d.u.i.k.n.KeyIO           Parsing took 0 ms 
417604     INFO  Test worker     d.u.i.k.n.KeyIO           MODE: declarations took 0 ms 
420488     INFO  Test worker     d.u.i.k.n.KeyIO           Parsing took 0 ms 
420488     INFO  Test worker     d.u.i.k.n.KeyIO           MODE: declarations took 0 ms 
420488     INFO  Test worker     d.u.i.k.n.KeyIO           Parsing took 0 ms 
420488     INFO  Test worker     d.u.i.k.n.KeyIO           MODE: declarations took 0 ms 
420488     INFO  Test worker     d.u.i.k.n.KeyIO           Parsing took 0 ms 
420488     INFO  Test worker     d.u.i.k.n.KeyIO           MODE: declarations took 0 ms 
]]></system-out>
  <system-err><![CDATA[]]></system-err>
</testsuite>
