<?xml version="1.0" encoding="UTF-8"?>
<testsuite name="de.uka.ilkd.key.proof_references.testcase.TestProofReferenceUtil" tests="5" skipped="0" failures="0" errors="0" timestamp="2023-04-05T09:16:46" hostname="fv-az255-849" time="19.717">
  <properties/>
  <testcase name="testReferenceComputation_ContractOnly()" classname="de.uka.ilkd.key.proof_references.testcase.TestProofReferenceUtil" time="6.823"/>
  <testcase name="testReferenceComputation_ExpandAndContract()" classname="de.uka.ilkd.key.proof_references.testcase.TestProofReferenceUtil" time="3.352"/>
  <testcase name="testReferenceComputation_NoAnalysts()" classname="de.uka.ilkd.key.proof_references.testcase.TestProofReferenceUtil" time="3.203"/>
  <testcase name="testReferenceComputation_ExpandOnly()" classname="de.uka.ilkd.key.proof_references.testcase.TestProofReferenceUtil" time="3.246"/>
  <testcase name="testReferenceComputation_DefaultAnalysts()" classname="de.uka.ilkd.key.proof_references.testcase.TestProofReferenceUtil" time="3.082"/>
  <system-out><![CDATA[]]></system-out>
  <system-err><![CDATA[]]></system-err>
</testsuite>
