<?xml version="1.0" encoding="UTF-8"?>
<testsuite name="de.uka.ilkd.key.taclettranslation.TestTacletTranslator" tests="5" skipped="0" failures="0" errors="0" timestamp="2023-06-09T08:04:07" hostname="fv-az402-671" time="0.012">
  <properties/>
  <testcase name="testPropositional1()" classname="de.uka.ilkd.key.taclettranslation.TestTacletTranslator" time="0.005"/>
  <testcase name="testPropositional2()" classname="de.uka.ilkd.key.taclettranslation.TestTacletTranslator" time="0.001"/>
  <testcase name="testNegativePolarity()" classname="de.uka.ilkd.key.taclettranslation.TestTacletTranslator" time="0.002"/>
  <testcase name="testNoPolarity()" classname="de.uka.ilkd.key.taclettranslation.TestTacletTranslator" time="0.002"/>
  <testcase name="testPositivePolarity()" classname="de.uka.ilkd.key.taclettranslation.TestTacletTranslator" time="0.001"/>
  <system-out><![CDATA[1397185    INFO  Test worker     d.u.i.k.n.KeyIO           Parsing took 0 ms 
1397185    DEBUG Test worker     d.u.i.k.n.KeyIO           Load declarations of de.uka.ilkd.key.nparser.KeyAst$File:  <unknown>:1#1 
1397186    INFO  Test worker     d.u.i.k.n.KeyIO           MODE: declarations took 1 ms 
1397186    DEBUG Test worker     d.u.i.k.n.KeyIO           MODE: 2nd degree decls took 0 
1397186    DEBUG Test worker     d.u.i.k.n.KeyIO           MODE: taclets took 0ms 
1397191    INFO  Test worker     d.u.i.k.n.KeyIO           Parsing took 0 ms 
1397191    DEBUG Test worker     d.u.i.k.n.KeyIO           Load declarations of de.uka.ilkd.key.nparser.KeyAst$File:  <unknown>:1#1 
1397191    INFO  Test worker     d.u.i.k.n.KeyIO           MODE: declarations took 0 ms 
1397191    DEBUG Test worker     d.u.i.k.n.KeyIO           MODE: 2nd degree decls took 0 
1397191    DEBUG Test worker     d.u.i.k.n.KeyIO           MODE: taclets took 0ms 
1397193    INFO  Test worker     d.u.i.k.n.KeyIO           Parsing took 1 ms 
1397193    DEBUG Test worker     d.u.i.k.n.KeyIO           Load declarations of de.uka.ilkd.key.nparser.KeyAst$File:  <unknown>:1#1 
1397193    INFO  Test worker     d.u.i.k.n.KeyIO           MODE: declarations took 0 ms 
1397193    DEBUG Test worker     d.u.i.k.n.KeyIO           MODE: 2nd degree decls took 0 
1397193    DEBUG Test worker     d.u.i.k.n.KeyIO           MODE: taclets took 0ms 
1397194    INFO  Test worker     d.u.i.k.n.KeyIO           Parsing took 0 ms 
1397194    DEBUG Test worker     d.u.i.k.n.KeyIO           Load declarations of de.uka.ilkd.key.nparser.KeyAst$File:  <unknown>:1#1 
1397194    INFO  Test worker     d.u.i.k.n.KeyIO           MODE: declarations took 0 ms 
1397195    DEBUG Test worker     d.u.i.k.n.KeyIO           MODE: 2nd degree decls took 0 
1397195    DEBUG Test worker     d.u.i.k.n.KeyIO           MODE: taclets took 0ms 
1397196    INFO  Test worker     d.u.i.k.n.KeyIO           Parsing took 0 ms 
1397196    DEBUG Test worker     d.u.i.k.n.KeyIO           Load declarations of de.uka.ilkd.key.nparser.KeyAst$File:  <unknown>:1#1 
1397196    INFO  Test worker     d.u.i.k.n.KeyIO           MODE: declarations took 0 ms 
1397196    DEBUG Test worker     d.u.i.k.n.KeyIO           MODE: 2nd degree decls took 0 
1397196    DEBUG Test worker     d.u.i.k.n.KeyIO           MODE: taclets took 0ms 
]]></system-out>
  <system-err><![CDATA[]]></system-err>
</testsuite>
