<?xml version="1.0" encoding="UTF-8"?>
<testsuite name="de.uka.ilkd.key.parser.TestDeclParser" tests="14" skipped="2" failures="0" errors="0" timestamp="2023-06-09T07:46:57" hostname="fv-az402-671" time="19.491">
  <properties/>
  <testcase name="testGenericSortDecl1()" classname="de.uka.ilkd.key.parser.TestDeclParser" time="1.669"/>
  <testcase name="testGenericSortDecl2()" classname="de.uka.ilkd.key.parser.TestDeclParser" time="1.623"/>
  <testcase name="testGenericSortDecl3()" classname="de.uka.ilkd.key.parser.TestDeclParser" time="1.615"/>
  <testcase name="testGenericSortDecl4()" classname="de.uka.ilkd.key.parser.TestDeclParser" time="1.637"/>
  <testcase name="testGenericSortDecl5()" classname="de.uka.ilkd.key.parser.TestDeclParser" time="0.0">
    <skipped/>
  </testcase>
  <testcase name="testGenericSortDecl6()" classname="de.uka.ilkd.key.parser.TestDeclParser" time="1.61"/>
  <testcase name="testSortDecl()" classname="de.uka.ilkd.key.parser.TestDeclParser" time="1.627"/>
  <testcase name="testProxySortDecl()" classname="de.uka.ilkd.key.parser.TestDeclParser" time="1.654"/>
  <testcase name="testArrayDecl()" classname="de.uka.ilkd.key.parser.TestDeclParser" time="1.606"/>
  <testcase name="testAmbiguousDecls()" classname="de.uka.ilkd.key.parser.TestDeclParser" time="0.0">
    <skipped/>
  </testcase>
  <testcase name="testHeurDecl()" classname="de.uka.ilkd.key.parser.TestDeclParser" time="1.581"/>
  <testcase name="testFunctionDecl()" classname="de.uka.ilkd.key.parser.TestDeclParser" time="1.612"/>
  <testcase name="testPredicateDecl()" classname="de.uka.ilkd.key.parser.TestDeclParser" time="1.622"/>
  <testcase name="testSVDecl()" classname="de.uka.ilkd.key.parser.TestDeclParser" time="1.632"/>
  <system-out><![CDATA[368987     INFO  Test worker     d.u.i.k.n.KeyIO           Parsing took 0 ms 
368987     DEBUG Test worker     d.u.i.k.n.KeyIO           Load declarations of de.uka.ilkd.key.nparser.KeyAst$File:  <unknown>:1#1 
368988     INFO  Test worker     d.u.i.k.n.KeyIO           MODE: declarations took 1 ms 
368988     DEBUG Test worker     d.u.i.k.n.KeyIO           MODE: 2nd degree decls took 0 
368988     DEBUG Test worker     d.u.i.k.n.KeyIO           MODE: taclets took 0ms 
370611     INFO  Test worker     d.u.i.k.n.KeyIO           Parsing took 0 ms 
370611     DEBUG Test worker     d.u.i.k.n.KeyIO           Load declarations of de.uka.ilkd.key.nparser.KeyAst$File:  <unknown>:1#1 
370611     INFO  Test worker     d.u.i.k.n.KeyIO           MODE: declarations took 0 ms 
370611     DEBUG Test worker     d.u.i.k.n.KeyIO           MODE: 2nd degree decls took 0 
370611     DEBUG Test worker     d.u.i.k.n.KeyIO           MODE: taclets took 0ms 
372227     INFO  Test worker     d.u.i.k.n.KeyIO           Parsing took 0 ms 
372227     DEBUG Test worker     d.u.i.k.n.KeyIO           Load declarations of de.uka.ilkd.key.nparser.KeyAst$File:  <unknown>:1#1 
372227     INFO  Test worker     d.u.i.k.n.KeyIO           MODE: declarations took 0 ms 
372227     DEBUG Test worker     d.u.i.k.n.KeyIO           MODE: 2nd degree decls took 0 
372227     DEBUG Test worker     d.u.i.k.n.KeyIO           MODE: taclets took 0ms 
373864     INFO  Test worker     d.u.i.k.n.KeyIO           Parsing took 0 ms 
373864     DEBUG Test worker     d.u.i.k.n.KeyIO           Load declarations of de.uka.ilkd.key.nparser.KeyAst$File:  <unknown>:1#1 
373865     INFO  Test worker     d.u.i.k.n.KeyIO           MODE: declarations took 1 ms 
373865     DEBUG Test worker     d.u.i.k.n.KeyIO           MODE: 2nd degree decls took 0 
373865     DEBUG Test worker     d.u.i.k.n.KeyIO           MODE: taclets took 0ms 
375474     INFO  Test worker     d.u.i.k.n.KeyIO           Parsing took 0 ms 
375474     DEBUG Test worker     d.u.i.k.n.KeyIO           Load declarations of de.uka.ilkd.key.nparser.KeyAst$File:  <unknown>:1#1 
375475     INFO  Test worker     d.u.i.k.n.KeyIO           MODE: declarations took 1 ms 
375475     DEBUG Test worker     d.u.i.k.n.KeyIO           MODE: 2nd degree decls took 0 
375475     DEBUG Test worker     d.u.i.k.n.KeyIO           MODE: taclets took 0ms 
377102     INFO  Test worker     d.u.i.k.n.KeyIO           Parsing took 0 ms 
377102     DEBUG Test worker     d.u.i.k.n.KeyIO           Load declarations of de.uka.ilkd.key.nparser.KeyAst$File:  <unknown>:1#1 
377102     INFO  Test worker     d.u.i.k.n.KeyIO           MODE: declarations took 0 ms 
377102     DEBUG Test worker     d.u.i.k.n.KeyIO           MODE: 2nd degree decls took 0 
377102     DEBUG Test worker     d.u.i.k.n.KeyIO           MODE: taclets took 0ms 
378755     INFO  Test worker     d.u.i.k.n.KeyIO           Parsing took 0 ms 
378755     DEBUG Test worker     d.u.i.k.n.KeyIO           Load declarations of de.uka.ilkd.key.nparser.KeyAst$File:  <unknown>:1#1 
378756     INFO  Test worker     d.u.i.k.n.KeyIO           MODE: declarations took 1 ms 
378756     DEBUG Test worker     d.u.i.k.n.KeyIO           MODE: 2nd degree decls took 0 
378756     DEBUG Test worker     d.u.i.k.n.KeyIO           MODE: taclets took 0ms 
380361     INFO  Test worker     d.u.i.k.n.KeyIO           Parsing took 0 ms 
380361     DEBUG Test worker     d.u.i.k.n.KeyIO           Load declarations of de.uka.ilkd.key.nparser.KeyAst$File:  <unknown>:1#1 
380361     INFO  Test worker     d.u.i.k.n.KeyIO           MODE: declarations took 0 ms 
380362     DEBUG Test worker     d.u.i.k.n.KeyIO           MODE: 2nd degree decls took 1 
380362     DEBUG Test worker     d.u.i.k.n.KeyIO           MODE: taclets took 0ms 
381942     INFO  Test worker     d.u.i.k.n.KeyIO           Parsing took 0 ms 
381942     DEBUG Test worker     d.u.i.k.n.KeyIO           Load declarations of de.uka.ilkd.key.nparser.KeyAst$File:  <unknown>:1#1 
381943     INFO  Test worker     d.u.i.k.n.KeyIO           MODE: declarations took 1 ms 
381943     DEBUG Test worker     d.u.i.k.n.KeyIO           MODE: 2nd degree decls took 0 
381943     DEBUG Test worker     d.u.i.k.n.KeyIO           MODE: taclets took 0ms 
383555     INFO  Test worker     d.u.i.k.n.KeyIO           Parsing took 0 ms 
383556     DEBUG Test worker     d.u.i.k.n.KeyIO           Load declarations of de.uka.ilkd.key.nparser.KeyAst$File:  <unknown>:1#1 
383556     INFO  Test worker     d.u.i.k.n.KeyIO           MODE: declarations took 0 ms 
383556     DEBUG Test worker     d.u.i.k.n.KeyIO           MODE: 2nd degree decls took 0 
383556     DEBUG Test worker     d.u.i.k.n.KeyIO           MODE: taclets took 0ms 
385179     INFO  Test worker     d.u.i.k.n.KeyIO           Parsing took 0 ms 
385179     DEBUG Test worker     d.u.i.k.n.KeyIO           Load declarations of de.uka.ilkd.key.nparser.KeyAst$File:  <unknown>:1#1 
385179     INFO  Test worker     d.u.i.k.n.KeyIO           MODE: declarations took 0 ms 
385179     DEBUG Test worker     d.u.i.k.n.KeyIO           MODE: 2nd degree decls took 0 
385179     DEBUG Test worker     d.u.i.k.n.KeyIO           MODE: taclets took 0ms 
386810     INFO  Test worker     d.u.i.k.n.KeyIO           Parsing took 0 ms 
386810     DEBUG Test worker     d.u.i.k.n.KeyIO           Load declarations of de.uka.ilkd.key.nparser.KeyAst$File:  <unknown>:1#1 
386811     INFO  Test worker     d.u.i.k.n.KeyIO           MODE: declarations took 1 ms 
386811     DEBUG Test worker     d.u.i.k.n.KeyIO           MODE: 2nd degree decls took 0 
386811     DEBUG Test worker     d.u.i.k.n.KeyIO           MODE: taclets took 0ms 
]]></system-out>
  <system-err><![CDATA[]]></system-err>
</testsuite>
