<?xml version="1.0" encoding="UTF-8"?>
<testsuite name="de.uka.ilkd.key.java.TestContextStatementBlock" tests="1" skipped="0" failures="0" errors="0" timestamp="2023-06-09T07:41:30" hostname="fv-az402-671" time="2.029">
  <properties/>
  <testcase name="testContextTermInstantiation()" classname="de.uka.ilkd.key.java.TestContextStatementBlock" time="2.029"/>
  <system-out><![CDATA[41660      INFO  Test worker     d.u.i.k.n.KeyIO           Parsing took 5 ms 
41670      DEBUG Test worker     d.u.i.k.n.KeyIO           Load declarations of de.uka.ilkd.key.nparser.KeyAst$File:  /home/runner/work/key/key/key.core/src/test/resources/testcase/testrules.key:9#1 
41672      INFO  Test worker     d.u.i.k.n.KeyIO           MODE: declarations took 2 ms 
41672      DEBUG Test worker     d.u.i.k.n.KeyIO           MODE: 2nd degree decls took 0 
41796      DEBUG Test worker     d.u.i.k.n.KeyIO           MODE: taclets took 114ms 
]]></system-out>
  <system-err><![CDATA[]]></system-err>
</testsuite>
