<?xml version="1.0" encoding="UTF-8"?>
<testsuite name="de.uka.ilkd.key.parser.TestTermParserSorts" tests="2" skipped="0" failures="0" errors="0" timestamp="2023-06-09T07:53:09" hostname="fv-az402-671" time="5.081">
  <properties/>
  <testcase name="testParseIntegerArgs()" classname="de.uka.ilkd.key.parser.TestTermParserSorts" time="0.021"/>
  <testcase name="testParseSequencePrettySyntax()" classname="de.uka.ilkd.key.parser.TestTermParserSorts" time="0.002"/>
  <system-out><![CDATA[739485     INFO  Test worker     d.u.i.k.n.KeyIO           Parsing took 0 ms 
739486     DEBUG Test worker     d.u.i.k.n.KeyIO           Load declarations of de.uka.ilkd.key.nparser.KeyAst$File:  <unknown>:1#1 
739486     INFO  Test worker     d.u.i.k.n.KeyIO           MODE: declarations took 0 ms 
739486     DEBUG Test worker     d.u.i.k.n.KeyIO           MODE: 2nd degree decls took 0 
739486     INFO  Test worker     d.u.i.k.n.KeyIO           Parsing took 0 ms 
739486     DEBUG Test worker     d.u.i.k.n.KeyIO           Load declarations of de.uka.ilkd.key.nparser.KeyAst$File:  <unknown>:1#1 
739486     INFO  Test worker     d.u.i.k.n.KeyIO           MODE: declarations took 0 ms 
739486     DEBUG Test worker     d.u.i.k.n.KeyIO           MODE: 2nd degree decls took 0 
739486     INFO  Test worker     d.u.i.k.n.KeyIO           Parsing took 0 ms 
739486     DEBUG Test worker     d.u.i.k.n.KeyIO           Load declarations of de.uka.ilkd.key.nparser.KeyAst$File:  <unknown>:1#1 
739486     INFO  Test worker     d.u.i.k.n.KeyIO           MODE: declarations took 0 ms 
739486     DEBUG Test worker     d.u.i.k.n.KeyIO           MODE: 2nd degree decls took 0 
744565     INFO  Test worker     d.u.i.k.n.KeyIO           Parsing took 0 ms 
744565     DEBUG Test worker     d.u.i.k.n.KeyIO           Load declarations of de.uka.ilkd.key.nparser.KeyAst$File:  <unknown>:1#1 
744565     INFO  Test worker     d.u.i.k.n.KeyIO           MODE: declarations took 0 ms 
744565     DEBUG Test worker     d.u.i.k.n.KeyIO           MODE: 2nd degree decls took 0 
744565     INFO  Test worker     d.u.i.k.n.KeyIO           Parsing took 0 ms 
744565     DEBUG Test worker     d.u.i.k.n.KeyIO           Load declarations of de.uka.ilkd.key.nparser.KeyAst$File:  <unknown>:1#1 
744565     INFO  Test worker     d.u.i.k.n.KeyIO           MODE: declarations took 0 ms 
744565     DEBUG Test worker     d.u.i.k.n.KeyIO           MODE: 2nd degree decls took 0 
744565     INFO  Test worker     d.u.i.k.n.KeyIO           Parsing took 0 ms 
744565     DEBUG Test worker     d.u.i.k.n.KeyIO           Load declarations of de.uka.ilkd.key.nparser.KeyAst$File:  <unknown>:1#1 
744565     INFO  Test worker     d.u.i.k.n.KeyIO           MODE: declarations took 0 ms 
744565     DEBUG Test worker     d.u.i.k.n.KeyIO           MODE: 2nd degree decls took 0 
]]></system-out>
  <system-err><![CDATA[]]></system-err>
</testsuite>
