<?xml version="1.0" encoding="UTF-8"?>
<testsuite name="de.uka.ilkd.key.rule.loop.LoopScopeInvRuleTests" tests="1" skipped="0" failures="0" errors="0" timestamp="2023-06-09T07:53:55" hostname="fv-az402-671" time="7.358">
  <properties/>
  <testcase name="testDoAutomaticProofOfBenchmarkWithLabeledBreaksAndContinues()" classname="de.uka.ilkd.key.rule.loop.LoopScopeInvRuleTests" time="7.358"/>
  <system-out><![CDATA[785525     INFO  Test worker     d.u.i.k.p.i.AbstractProblemLoader Loading environment from src/test/resources/testcase/loopScopeInvRule/Test.key 
785526     DEBUG Test worker     d.u.i.k.p.i.AbstractProblemLoader Environment load took 504.7ns 
785527     INFO  Test worker     d.u.i.k.p.i.AbstractProblemLoader Creating init config 
785749     DEBUG Test worker     d.u.i.k.j.TypeConverter   No LDT found for Meta 
785749     DEBUG Test worker     d.u.i.k.j.TypeConverter   No LDT found for Meta 
785750     DEBUG Test worker     d.u.i.k.j.TypeConverter   No LDT found for Meta 
785750     DEBUG Test worker     d.u.i.k.j.TypeConverter   No LDT found for Meta 
786673     DEBUG Test worker     d.u.i.k.j.TypeConverter   No LDT found for JavaBigintExpression 
792031     DEBUG Test worker     d.u.i.k.p.i.AbstractProblemLoader Init config took 6.5s 
792102     INFO  Test worker     d.u.i.k.p.i.AbstractProblemLoader Replaying proof Test[Test::loopScopeRuleBenchmark(int,boolean)].JML normal_behavior operation contract.0 
792105     DEBUG Test worker     d.u.i.k.p.i.IntermediateProofReplayer Proof replay took 15.1ns 
]]></system-out>
  <system-err><![CDATA[]]></system-err>
</testsuite>
