<?xml version="1.0" encoding="UTF-8"?>
<testsuite name="de.uka.ilkd.key.util.TestProofStarter" tests="2" skipped="0" failures="0" errors="0" timestamp="2023-06-09T08:04:23" hostname="fv-az402-671" time="79.197">
  <properties/>
  <testcase name="testDirectProofWithOneStepSimplification()" classname="de.uka.ilkd.key.util.TestProofStarter" time="40.967"/>
  <testcase name="testDirectProof()" classname="de.uka.ilkd.key.util.TestProofStarter" time="38.23"/>
  <system-out><![CDATA[1412906    INFO  Test worker     d.u.i.k.p.i.AbstractProblemLoader Loading environment from src/test/resources/testcase/proofStarter/CC/project.key 
1412907    DEBUG Test worker     d.u.i.k.p.i.AbstractProblemLoader Environment load took 479ns 
1412908    INFO  Test worker     d.u.i.k.p.i.AbstractProblemLoader Creating init config 
1418425    DEBUG Test worker     d.u.i.k.p.i.AbstractProblemLoader Init config took 5.52s 
1418503    INFO  Test worker     d.u.i.k.p.i.AbstractProblemLoader Replaying proof CC[CC::calcCoinIndex([I,[I)].JML normal_behavior operation contract.0 
1418505    DEBUG Test worker     d.u.i.k.p.i.IntermediateProofReplayer Proof replay took 4.2ns 
1453856    INFO  Test worker     d.u.i.k.p.i.AbstractProblemLoader Loading environment from src/test/resources/testcase/proofStarter/CC/project.key 
1453856    DEBUG Test worker     d.u.i.k.p.i.AbstractProblemLoader Environment load took 98.3ns 
1453857    INFO  Test worker     d.u.i.k.p.i.AbstractProblemLoader Creating init config 
1459472    DEBUG Test worker     d.u.i.k.p.i.AbstractProblemLoader Init config took 5.61s 
1459549    INFO  Test worker     d.u.i.k.p.i.AbstractProblemLoader Replaying proof CC[CC::calcCoinIndex([I,[I)].JML normal_behavior operation contract.0 
1459552    DEBUG Test worker     d.u.i.k.p.i.IntermediateProofReplayer Proof replay took 2.5ns 
]]></system-out>
  <system-err><![CDATA[]]></system-err>
</testsuite>
