<?xml version="1.0" encoding="UTF-8"?>
<testsuite name="de.uka.ilkd.key.smt.newsmt2.ProveSMTLemmasTest" tests="25" skipped="0" failures="0" errors="0" timestamp="2023-06-09T08:00:39" hostname="fv-az402-671" time="131.068">
  <properties/>
  <testcase name="[1] jmod.dl, &#10;\forall int divNum; \forall int divDenom;&#10;  jmod(divNum,divDenom) =&#10;    divNum + jdiv(divNum,divDenom)*(-1)*divDenom&#10;" classname="de.uka.ilkd.key.smt.newsmt2.ProveSMTLemmasTest" time="5.303"/>
  <testcase name="[2] seqSub.dl, &#10;    \forall Seq seq;&#10;    \forall int from;&#10;    \forall int to;&#10;    \forall int idx;&#10;        any::seqGet(seqSub(seq, from, to)&lt;&lt;Trigger&gt;&gt;, idx)&#10;      = \if(0 &lt;= idx &amp; idx &lt; (to - from))&#10;        \then(any::seqGet(seq, idx + from))&#10;        \else(seqGetOutside)&#10;" classname="de.uka.ilkd.key.smt.newsmt2.ProveSMTLemmasTest" time="5.531"/>
  <testcase name="[3] seqGetOutside.dl, &#10;    \forall int i; \forall Seq s; ( i &lt; 0 | i &gt;= seqLen(s) -&gt; any::seqGet(s, i)&lt;&lt;Trigger&gt;&gt; = seqGetOutside )&#10;" classname="de.uka.ilkd.key.smt.newsmt2.ProveSMTLemmasTest" time="5.455"/>
  <testcase name="[4] singleton.dl, &#10;  \forall Object o; \forall Field f; \forall Object o2; \forall Field f2;&#10;    ( elementOf(o,f, singleton(o2,f2))&lt;&lt;Trigger&gt;&gt; &lt;-&gt;&#10;      o = o2 &amp; f = f2 )&#10;" classname="de.uka.ilkd.key.smt.newsmt2.ProveSMTLemmasTest" time="5.378"/>
  <testcase name="[5] allFields.dl, &#10;  \forall Object o; \forall Field f; \forall Object o2;&#10;    ( elementOf(o,f, allFields(o2))&lt;&lt;Trigger&gt;&gt; &lt;-&gt;&#10;       o = o2 )&#10;" classname="de.uka.ilkd.key.smt.newsmt2.ProveSMTLemmasTest" time="5.372"/>
  <testcase name="[6] create.dl, &#10;  \forall Heap h; \forall Object o; \forall Object o2; \forall Field f;&#10;      any::select(create(h, o), o2, f)&lt;&lt;Trigger&gt;&gt; =&#10;         \if(o = o2 &amp; o != null &amp; f = java.lang.Object::&lt;created&gt;)&#10;         \then(TRUE)&#10;         \else(any::select(h, o2, f))&#10;" classname="de.uka.ilkd.key.smt.newsmt2.ProveSMTLemmasTest" time="5.251"/>
  <testcase name="[7] seqEmpty.dl, &#10;    seqLen(seqEmpty) = 0&#10;&#10;" classname="de.uka.ilkd.key.smt.newsmt2.ProveSMTLemmasTest" time="5.293"/>
  <testcase name="[8] union.dl, &#10;  \forall Object o; \forall Field f; \forall LocSet l1; \forall LocSet l2;&#10;     ( elementOf(o, f, union(l1, l2))&lt;&lt;Trigger&gt;&gt; &lt;-&gt; elementOf(o,f,l1) | elementOf(o,f,l2) )&#10;" classname="de.uka.ilkd.key.smt.newsmt2.ProveSMTLemmasTest" time="5.43"/>
  <testcase name="[9] seqConcat.dl.2, &#10;    \forall Seq s1; \forall Seq s2; seqLen(seqConcat(s1,s2)&lt;&lt;Trigger&gt;&gt;) = seqLen(s1) + seqLen(s2)&#10;&#10;" classname="de.uka.ilkd.key.smt.newsmt2.ProveSMTLemmasTest" time="5.225"/>
  <testcase name="[10] wellFormed.dl, &#10;  \forall Heap h; \forall Object o; \forall Field f; (wellFormed(h) -&gt;&#10;      boolean::select(h, (java.lang.Object::select(h, o, f))&lt;&lt;Trigger&gt;&gt;, java.lang.Object::&lt;created&gt;) = TRUE&#10;    | (java.lang.Object::select(h, o, f)) = null)&#10;" classname="de.uka.ilkd.key.smt.newsmt2.ProveSMTLemmasTest" time="5.26"/>
  <testcase name="[11] jdiv.dl, &#10;\forall int divNum; \forall int divDenom;&#10;  jdiv(divNum,divDenom) =&#10;         \if (divNum &gt;= 0)&#10;         \then (div(divNum,divDenom))&#10;         \else (div(divNum*(-1),divDenom)*(-1))&#10;" classname="de.uka.ilkd.key.smt.newsmt2.ProveSMTLemmasTest" time="5.224"/>
  <testcase name="[12] empty.dl, &#10;  \forall Object o; \forall Field f; ( elementOf(o,f,empty)&lt;&lt;Trigger&gt;&gt; &lt;-&gt; false )&#10;" classname="de.uka.ilkd.key.smt.newsmt2.ProveSMTLemmasTest" time="5.161"/>
  <testcase name="[13] allLocs.dl, &#10;  \forall Object o; \forall Field f; ( elementOf(o,f,allLocs)&lt;&lt;Trigger&gt;&gt; &lt;-&gt; true )&#10;" classname="de.uka.ilkd.key.smt.newsmt2.ProveSMTLemmasTest" time="5.128"/>
  <testcase name="[14] arrayRange.dl, &#10;  \forall Object o; \forall Object o2; \forall Field f; \forall int lo; \forall int hi;&#10;    (elementOf(o,f, arrayRange(o2, lo, hi))&lt;&lt;Trigger&gt;&gt; &lt;-&gt;&#10;      o = o2 &amp; \exists int iv; (f = arr(iv) &amp; lo &lt;= iv &amp; iv &lt;= hi))&#10;" classname="de.uka.ilkd.key.smt.newsmt2.ProveSMTLemmasTest" time="5.169"/>
  <testcase name="[15] seqConcat.dl, &#10;    \forall int i; \forall Seq s1; \forall Seq s2; ( 0 &lt;= i &amp; i &lt; seqLen(s1) + seqLen(s2) -&gt;&#10;        any::seqGet(seqConcat(s1, s2), i) =&#10;            \if (i &lt; seqLen(s1)) \then (any::seqGet(s1, i)) \else (any::seqGet(s2, i-seqLen(s1))))&#10;&#10;" classname="de.uka.ilkd.key.smt.newsmt2.ProveSMTLemmasTest" time="5.167"/>
  <testcase name="[16] seqLen.dl, &#10;    \forall Seq s; seqLen(s)&lt;&lt;Trigger&gt;&gt; &gt;= 0&#10;" classname="de.uka.ilkd.key.smt.newsmt2.ProveSMTLemmasTest" time="5.219"/>
  <testcase name="[17] length.dl, &#10;    \forall Object o; length(o) &gt;= 0&#10;" classname="de.uka.ilkd.key.smt.newsmt2.ProveSMTLemmasTest" time="5.153"/>
  <testcase name="[18] freshLocs.dl, &#10;  \forall Heap h; \forall Object o; \forall Field f;&#10;     ( elementOf(o,f,freshLocs(h))&lt;&lt;Trigger&gt;&gt; &lt;-&gt;&#10;        o != null &amp; !boolean::select(h,o,java.lang.Object::&lt;created&gt;)=TRUE )&#10;" classname="de.uka.ilkd.key.smt.newsmt2.ProveSMTLemmasTest" time="5.185"/>
  <testcase name="[19] anon.dl, &#10;    \forall Heap h; \forall Object o; \forall Field f; \forall Heap h2; \forall LocSet ls;&#10;      any::select(anon(h, ls, h2), o, f)&lt;&lt;Trigger&gt;&gt; =&#10;         \if(elementOf(o, f, ls) &amp; f != java.lang.Object::&lt;created&gt;&#10;           | elementOf(o, f, freshLocs(h)))&#10;         \then(any::select(h2, o, f))&#10;         \else(any::select(h, o, f))&#10;" classname="de.uka.ilkd.key.smt.newsmt2.ProveSMTLemmasTest" time="5.205"/>
  <testcase name="[20] memset.dl, &#10;    \forall Heap h; \forall LocSet s; \forall any x; \forall Object o; \forall Field f;&#10;      any::select(memset(h, s, x), o, f)&lt;&lt;Trigger&gt;&gt; =&#10;         \if(elementOf(o, f, s) &amp; f != java.lang.Object::&lt;created&gt;)&#10;         \then(x)&#10;         \else(any::select(h, o, f))&#10;" classname="de.uka.ilkd.key.smt.newsmt2.ProveSMTLemmasTest" time="5.106"/>
  <testcase name="[21] store.dl, &#10;    \forall Heap h; \forall Object o; \forall Field f; \forall Object o2; \forall Field f2; \forall any v;&#10;      any::select(store(h,o,f,v), o2, f2)&lt;&lt;Trigger&gt;&gt; =&#10;         \if(o = o2 &amp; f = f2 &amp; f != java.lang.Object::&lt;created&gt;)&#10;         \then(v)&#10;         \else(any::select(h, o2, f2))&#10;" classname="de.uka.ilkd.key.smt.newsmt2.ProveSMTLemmasTest" time="5.143"/>
  <testcase name="[22] seqSub.dl.2, &#10;    \forall Seq seq;&#10;    \forall int from;&#10;    \forall int to;&#10;        seqLen(seqSub(seq, from, to)&lt;&lt;Trigger&gt;&gt;)&#10;      = \if(from &lt; to)\then(to - from)\else(0)&#10;" classname="de.uka.ilkd.key.smt.newsmt2.ProveSMTLemmasTest" time="5.222"/>
  <testcase name="[23] seqSingleton.dl, &#10;    \forall any x; any::seqGet(seqSingleton(x)&lt;&lt;Trigger&gt;&gt;, 0) = x&#10;&#10;" classname="de.uka.ilkd.key.smt.newsmt2.ProveSMTLemmasTest" time="5.204"/>
  <testcase name="[24] seqSingleton.dl.2, &#10;    \forall any x; seqLen(seqSingleton(x)&lt;&lt;Trigger&gt;&gt;) = 1&#10;&#10;" classname="de.uka.ilkd.key.smt.newsmt2.ProveSMTLemmasTest" time="5.151"/>
  <testcase name="[25] null.dl, &#10;     \forall any x; ((Null::instance(x))&lt;&lt;Trigger&gt;&gt; = TRUE -&gt; x = null) &#10;" classname="de.uka.ilkd.key.smt.newsmt2.ProveSMTLemmasTest" time="5.129"/>
  <system-out><![CDATA[1189496    INFO  Test worker     d.u.i.k.s.n.ProveSMTLemmasTest Now processing file /home/runner/work/key/key/key.core/build/resources/test/de/uka/ilkd/key/smt/newsmt2/SMT_lemma_jmod.dl.proof 
1189496    INFO  Test worker     d.u.i.k.p.i.AbstractProblemLoader Loading environment from /home/runner/work/key/key/key.core/build/resources/test/de/uka/ilkd/key/smt/newsmt2/SMT_lemma_jmod.dl.proof 
1189497    DEBUG Test worker     d.u.i.k.p.i.AbstractProblemLoader Environment load took 311.9ns 
1189498    INFO  Test worker     d.u.i.k.p.i.AbstractProblemLoader Creating init config 
1194666    DEBUG Test worker     d.u.i.k.p.i.AbstractProblemLoader Init config took 5.17s 
1194687    INFO  Test worker     d.u.i.k.p.i.AbstractProblemLoader Replaying proof SMT_lemma_jmod.dl.proof 
1194694    DEBUG Test worker     d.u.i.k.p.i.IntermediateProofReplayer Proof replay took 4.47ms 
1194799    INFO  Test worker     d.u.i.k.s.n.ProveSMTLemmasTest Now processing file /tmp/SMT_lemma_seqSub.dl_13199226557677754461.key 
1194799    INFO  Test worker     d.u.i.k.p.i.AbstractProblemLoader Loading environment from /tmp/SMT_lemma_seqSub.dl_13199226557677754461.key 
1194799    DEBUG Test worker     d.u.i.k.p.i.AbstractProblemLoader Environment load took 55.6ns 
1194803    INFO  Test worker     d.u.i.k.p.i.AbstractProblemLoader Creating init config 
1200200    DEBUG Test worker     d.u.i.k.p.i.AbstractProblemLoader Init config took 5.4s 
1200224    INFO  Test worker     d.u.i.k.p.i.AbstractProblemLoader Replaying proof SMT_lemma_seqSub.dl_13199226557677754461.key 
1200226    DEBUG Test worker     d.u.i.k.p.i.IntermediateProofReplayer Proof replay took 8.8ns 
1200329    INFO  Test worker     d.u.i.k.s.n.ProveSMTLemmasTest Now processing file /home/runner/work/key/key/key.core/build/resources/test/de/uka/ilkd/key/smt/newsmt2/SMT_lemma_seqGetOutside.dl.proof 
1200329    INFO  Test worker     d.u.i.k.p.i.AbstractProblemLoader Loading environment from /home/runner/work/key/key/key.core/build/resources/test/de/uka/ilkd/key/smt/newsmt2/SMT_lemma_seqGetOutside.dl.proof 
1200330    DEBUG Test worker     d.u.i.k.p.i.AbstractProblemLoader Environment load took 68.8ns 
1200331    INFO  Test worker     d.u.i.k.p.i.AbstractProblemLoader Creating init config 
1205632    DEBUG Test worker     d.u.i.k.p.i.AbstractProblemLoader Init config took 5.3s 
1205651    INFO  Test worker     d.u.i.k.p.i.AbstractProblemLoader Replaying proof SMT_lemma_seqGetOutside.dl.proof 
1205673    DEBUG Test worker     d.u.i.k.p.i.IntermediateProofReplayer Proof replay took 18.84ms 
1205784    INFO  Test worker     d.u.i.k.s.n.ProveSMTLemmasTest Now processing file /tmp/SMT_lemma_singleton.dl_2268254395362070154.key 
1205785    INFO  Test worker     d.u.i.k.p.i.AbstractProblemLoader Loading environment from /tmp/SMT_lemma_singleton.dl_2268254395362070154.key 
1205785    DEBUG Test worker     d.u.i.k.p.i.AbstractProblemLoader Environment load took 63.1ns 
1205786    INFO  Test worker     d.u.i.k.p.i.AbstractProblemLoader Creating init config 
1211032    DEBUG Test worker     d.u.i.k.p.i.AbstractProblemLoader Init config took 5.25s 
1211058    INFO  Test worker     d.u.i.k.p.i.AbstractProblemLoader Replaying proof SMT_lemma_singleton.dl_2268254395362070154.key 
1211059    DEBUG Test worker     d.u.i.k.p.i.IntermediateProofReplayer Proof replay took 9.8ns 
1211162    INFO  Test worker     d.u.i.k.s.n.ProveSMTLemmasTest Now processing file /tmp/SMT_lemma_allFields.dl_6493471754202594208.key 
1211162    INFO  Test worker     d.u.i.k.p.i.AbstractProblemLoader Loading environment from /tmp/SMT_lemma_allFields.dl_6493471754202594208.key 
1211163    DEBUG Test worker     d.u.i.k.p.i.AbstractProblemLoader Environment load took 82.7ns 
1211164    INFO  Test worker     d.u.i.k.p.i.AbstractProblemLoader Creating init config 
1216409    DEBUG Test worker     d.u.i.k.p.i.AbstractProblemLoader Init config took 5.25s 
1216430    INFO  Test worker     d.u.i.k.p.i.AbstractProblemLoader Replaying proof SMT_lemma_allFields.dl_6493471754202594208.key 
1216432    DEBUG Test worker     d.u.i.k.p.i.IntermediateProofReplayer Proof replay took 23.6ns 
1216538    INFO  Test worker     d.u.i.k.s.n.ProveSMTLemmasTest Now processing file /tmp/SMT_lemma_create.dl_7431655863075063917.key 
1216538    INFO  Test worker     d.u.i.k.p.i.AbstractProblemLoader Loading environment from /tmp/SMT_lemma_create.dl_7431655863075063917.key 
1216539    DEBUG Test worker     d.u.i.k.p.i.AbstractProblemLoader Environment load took 63.9ns 
1216540    INFO  Test worker     d.u.i.k.p.i.AbstractProblemLoader Creating init config 
1221657    DEBUG Test worker     d.u.i.k.p.i.AbstractProblemLoader Init config took 5.12s 
1221682    INFO  Test worker     d.u.i.k.p.i.AbstractProblemLoader Replaying proof SMT_lemma_create.dl_7431655863075063917.key 
1221683    DEBUG Test worker     d.u.i.k.p.i.IntermediateProofReplayer Proof replay took 9.4ns 
1221786    INFO  Test worker     d.u.i.k.s.n.ProveSMTLemmasTest Now processing file /tmp/SMT_lemma_seqEmpty.dl_9110955911663299065.key 
1221787    INFO  Test worker     d.u.i.k.p.i.AbstractProblemLoader Loading environment from /tmp/SMT_lemma_seqEmpty.dl_9110955911663299065.key 
1221787    DEBUG Test worker     d.u.i.k.p.i.AbstractProblemLoader Environment load took 75ns 
1221788    INFO  Test worker     d.u.i.k.p.i.AbstractProblemLoader Creating init config 
1226950    DEBUG Test worker     d.u.i.k.p.i.AbstractProblemLoader Init config took 5.16s 
1226970    INFO  Test worker     d.u.i.k.p.i.AbstractProblemLoader Replaying proof SMT_lemma_seqEmpty.dl_9110955911663299065.key 
1226972    DEBUG Test worker     d.u.i.k.p.i.IntermediateProofReplayer Proof replay took 26ns 
1227079    INFO  Test worker     d.u.i.k.s.n.ProveSMTLemmasTest Now processing file /tmp/SMT_lemma_union.dl_9172339432863644620.key 
1227080    INFO  Test worker     d.u.i.k.p.i.AbstractProblemLoader Loading environment from /tmp/SMT_lemma_union.dl_9172339432863644620.key 
1227080    DEBUG Test worker     d.u.i.k.p.i.AbstractProblemLoader Environment load took 380ns 
1227081    INFO  Test worker     d.u.i.k.p.i.AbstractProblemLoader Creating init config 
1232384    DEBUG Test worker     d.u.i.k.p.i.AbstractProblemLoader Init config took 5.3s 
1232405    INFO  Test worker     d.u.i.k.p.i.AbstractProblemLoader Replaying proof SMT_lemma_union.dl_9172339432863644620.key 
1232406    DEBUG Test worker     d.u.i.k.p.i.IntermediateProofReplayer Proof replay took 8.3ns 
1232509    INFO  Test worker     d.u.i.k.s.n.ProveSMTLemmasTest Now processing file /tmp/SMT_lemma_seqConcat.dl.2_16098009985540494801.key 
1232510    INFO  Test worker     d.u.i.k.p.i.AbstractProblemLoader Loading environment from /tmp/SMT_lemma_seqConcat.dl.2_16098009985540494801.key 
1232510    DEBUG Test worker     d.u.i.k.p.i.AbstractProblemLoader Environment load took 117.8ns 
1232511    INFO  Test worker     d.u.i.k.p.i.AbstractProblemLoader Creating init config 
1237611    DEBUG Test worker     d.u.i.k.p.i.AbstractProblemLoader Init config took 5.1s 
1237630    INFO  Test worker     d.u.i.k.p.i.AbstractProblemLoader Replaying proof SMT_lemma_seqConcat.dl.2_16098009985540494801.key 
1237631    DEBUG Test worker     d.u.i.k.p.i.IntermediateProofReplayer Proof replay took 8.4ns 
1237735    INFO  Test worker     d.u.i.k.s.n.ProveSMTLemmasTest Now processing file /tmp/SMT_lemma_wellFormed.dl_15895073289047328125.key 
1237735    INFO  Test worker     d.u.i.k.p.i.AbstractProblemLoader Loading environment from /tmp/SMT_lemma_wellFormed.dl_15895073289047328125.key 
1237735    DEBUG Test worker     d.u.i.k.p.i.AbstractProblemLoader Environment load took 64ns 
1237736    INFO  Test worker     d.u.i.k.p.i.AbstractProblemLoader Creating init config 
1242873    DEBUG Test worker     d.u.i.k.p.i.AbstractProblemLoader Init config took 5.14s 
1242890    INFO  Test worker     d.u.i.k.p.i.AbstractProblemLoader Replaying proof SMT_lemma_wellFormed.dl_15895073289047328125.key 
1242892    DEBUG Test worker     d.u.i.k.p.i.IntermediateProofReplayer Proof replay took 8ns 
1242994    INFO  Test worker     d.u.i.k.s.n.ProveSMTLemmasTest Now processing file /home/runner/work/key/key/key.core/build/resources/test/de/uka/ilkd/key/smt/newsmt2/SMT_lemma_jdiv.dl.proof 
1242995    INFO  Test worker     d.u.i.k.p.i.AbstractProblemLoader Loading environment from /home/runner/work/key/key/key.core/build/resources/test/de/uka/ilkd/key/smt/newsmt2/SMT_lemma_jdiv.dl.proof 
1242995    DEBUG Test worker     d.u.i.k.p.i.AbstractProblemLoader Environment load took 89.5ns 
1242996    INFO  Test worker     d.u.i.k.p.i.AbstractProblemLoader Creating init config 
1248093    DEBUG Test worker     d.u.i.k.p.i.AbstractProblemLoader Init config took 5.1s 
1248111    INFO  Test worker     d.u.i.k.p.i.AbstractProblemLoader Replaying proof SMT_lemma_jdiv.dl.proof 
1248114    DEBUG Test worker     d.u.i.k.p.i.IntermediateProofReplayer Proof replay took 1.46ms 
1248218    INFO  Test worker     d.u.i.k.s.n.ProveSMTLemmasTest Now processing file /tmp/SMT_lemma_empty.dl_18141031647172349593.key 
1248218    INFO  Test worker     d.u.i.k.p.i.AbstractProblemLoader Loading environment from /tmp/SMT_lemma_empty.dl_18141031647172349593.key 
1248218    DEBUG Test worker     d.u.i.k.p.i.AbstractProblemLoader Environment load took 63ns 
1248219    INFO  Test worker     d.u.i.k.p.i.AbstractProblemLoader Creating init config 
1253254    DEBUG Test worker     d.u.i.k.p.i.AbstractProblemLoader Init config took 5.03s 
1253275    INFO  Test worker     d.u.i.k.p.i.AbstractProblemLoader Replaying proof SMT_lemma_empty.dl_18141031647172349593.key 
1253277    DEBUG Test worker     d.u.i.k.p.i.IntermediateProofReplayer Proof replay took 8ns 
1253380    INFO  Test worker     d.u.i.k.s.n.ProveSMTLemmasTest Now processing file /tmp/SMT_lemma_allLocs.dl_2555394989302931622.key 
1253380    INFO  Test worker     d.u.i.k.p.i.AbstractProblemLoader Loading environment from /tmp/SMT_lemma_allLocs.dl_2555394989302931622.key 
1253380    DEBUG Test worker     d.u.i.k.p.i.AbstractProblemLoader Environment load took 63.6ns 
1253381    INFO  Test worker     d.u.i.k.p.i.AbstractProblemLoader Creating init config 
1258384    DEBUG Test worker     d.u.i.k.p.i.AbstractProblemLoader Init config took 5s 
1258403    INFO  Test worker     d.u.i.k.p.i.AbstractProblemLoader Replaying proof SMT_lemma_allLocs.dl_2555394989302931622.key 
1258404    DEBUG Test worker     d.u.i.k.p.i.IntermediateProofReplayer Proof replay took 8ns 
1258507    INFO  Test worker     d.u.i.k.s.n.ProveSMTLemmasTest Now processing file /tmp/SMT_lemma_arrayRange.dl_7016751206262497635.key 
1258507    INFO  Test worker     d.u.i.k.p.i.AbstractProblemLoader Loading environment from /tmp/SMT_lemma_arrayRange.dl_7016751206262497635.key 
1258508    DEBUG Test worker     d.u.i.k.p.i.AbstractProblemLoader Environment load took 65.3ns 
1258509    INFO  Test worker     d.u.i.k.p.i.AbstractProblemLoader Creating init config 
1263550    DEBUG Test worker     d.u.i.k.p.i.AbstractProblemLoader Init config took 5.04s 
1263571    INFO  Test worker     d.u.i.k.p.i.AbstractProblemLoader Replaying proof SMT_lemma_arrayRange.dl_7016751206262497635.key 
1263572    DEBUG Test worker     d.u.i.k.p.i.IntermediateProofReplayer Proof replay took 7.8ns 
1263676    INFO  Test worker     d.u.i.k.s.n.ProveSMTLemmasTest Now processing file /tmp/SMT_lemma_seqConcat.dl_590126557384720334.key 
1263676    INFO  Test worker     d.u.i.k.p.i.AbstractProblemLoader Loading environment from /tmp/SMT_lemma_seqConcat.dl_590126557384720334.key 
1263676    DEBUG Test worker     d.u.i.k.p.i.AbstractProblemLoader Environment load took 52.7ns 
1263677    INFO  Test worker     d.u.i.k.p.i.AbstractProblemLoader Creating init config 
1268719    DEBUG Test worker     d.u.i.k.p.i.AbstractProblemLoader Init config took 5.04s 
1268739    INFO  Test worker     d.u.i.k.p.i.AbstractProblemLoader Replaying proof SMT_lemma_seqConcat.dl_590126557384720334.key 
1268740    DEBUG Test worker     d.u.i.k.p.i.IntermediateProofReplayer Proof replay took 8.2ns 
1268844    INFO  Test worker     d.u.i.k.s.n.ProveSMTLemmasTest Now processing file /tmp/SMT_lemma_seqLen.dl_11146549387580319560.key 
1268844    INFO  Test worker     d.u.i.k.p.i.AbstractProblemLoader Loading environment from /tmp/SMT_lemma_seqLen.dl_11146549387580319560.key 
1268844    DEBUG Test worker     d.u.i.k.p.i.AbstractProblemLoader Environment load took 63.3ns 
1268845    INFO  Test worker     d.u.i.k.p.i.AbstractProblemLoader Creating init config 
1273938    DEBUG Test worker     d.u.i.k.p.i.AbstractProblemLoader Init config took 5.09s 
1273958    INFO  Test worker     d.u.i.k.p.i.AbstractProblemLoader Replaying proof SMT_lemma_seqLen.dl_11146549387580319560.key 
1273960    DEBUG Test worker     d.u.i.k.p.i.IntermediateProofReplayer Proof replay took 8.1ns 
1274063    INFO  Test worker     d.u.i.k.s.n.ProveSMTLemmasTest Now processing file /tmp/SMT_lemma_length.dl_6497240168382573617.key 
1274064    INFO  Test worker     d.u.i.k.p.i.AbstractProblemLoader Loading environment from /tmp/SMT_lemma_length.dl_6497240168382573617.key 
1274064    DEBUG Test worker     d.u.i.k.p.i.AbstractProblemLoader Environment load took 62.2ns 
1274067    INFO  Test worker     d.u.i.k.p.i.AbstractProblemLoader Creating init config 
1279093    DEBUG Test worker     d.u.i.k.p.i.AbstractProblemLoader Init config took 5.03s 
1279112    INFO  Test worker     d.u.i.k.p.i.AbstractProblemLoader Replaying proof SMT_lemma_length.dl_6497240168382573617.key 
1279113    DEBUG Test worker     d.u.i.k.p.i.IntermediateProofReplayer Proof replay took 8.7ns 
1279216    INFO  Test worker     d.u.i.k.s.n.ProveSMTLemmasTest Now processing file /tmp/SMT_lemma_freshLocs.dl_16840765518588178688.key 
1279216    INFO  Test worker     d.u.i.k.p.i.AbstractProblemLoader Loading environment from /tmp/SMT_lemma_freshLocs.dl_16840765518588178688.key 
1279217    DEBUG Test worker     d.u.i.k.p.i.AbstractProblemLoader Environment load took 74.8ns 
1279218    INFO  Test worker     d.u.i.k.p.i.AbstractProblemLoader Creating init config 
1284279    DEBUG Test worker     d.u.i.k.p.i.AbstractProblemLoader Init config took 5.06s 
1284297    INFO  Test worker     d.u.i.k.p.i.AbstractProblemLoader Replaying proof SMT_lemma_freshLocs.dl_16840765518588178688.key 
1284299    DEBUG Test worker     d.u.i.k.p.i.IntermediateProofReplayer Proof replay took 9.5ns 
1284401    INFO  Test worker     d.u.i.k.s.n.ProveSMTLemmasTest Now processing file /tmp/SMT_lemma_anon.dl_4407747301644963765.key 
1284402    INFO  Test worker     d.u.i.k.p.i.AbstractProblemLoader Loading environment from /tmp/SMT_lemma_anon.dl_4407747301644963765.key 
1284402    DEBUG Test worker     d.u.i.k.p.i.AbstractProblemLoader Environment load took 68.1ns 
1284404    INFO  Test worker     d.u.i.k.p.i.AbstractProblemLoader Creating init config 
1289483    DEBUG Test worker     d.u.i.k.p.i.AbstractProblemLoader Init config took 5.08s 
1289502    INFO  Test worker     d.u.i.k.p.i.AbstractProblemLoader Replaying proof SMT_lemma_anon.dl_4407747301644963765.key 
1289504    DEBUG Test worker     d.u.i.k.p.i.IntermediateProofReplayer Proof replay took 8.1ns 
1289607    INFO  Test worker     d.u.i.k.s.n.ProveSMTLemmasTest Now processing file /tmp/SMT_lemma_memset.dl_1152287329267924708.key 
1289607    INFO  Test worker     d.u.i.k.p.i.AbstractProblemLoader Loading environment from /tmp/SMT_lemma_memset.dl_1152287329267924708.key 
1289607    DEBUG Test worker     d.u.i.k.p.i.AbstractProblemLoader Environment load took 64.2ns 
1289610    INFO  Test worker     d.u.i.k.p.i.AbstractProblemLoader Creating init config 
1294589    DEBUG Test worker     d.u.i.k.p.i.AbstractProblemLoader Init config took 4.98s 
1294609    INFO  Test worker     d.u.i.k.p.i.AbstractProblemLoader Replaying proof SMT_lemma_memset.dl_1152287329267924708.key 
1294610    DEBUG Test worker     d.u.i.k.p.i.IntermediateProofReplayer Proof replay took 7.6ns 
1294713    INFO  Test worker     d.u.i.k.s.n.ProveSMTLemmasTest Now processing file /tmp/SMT_lemma_store.dl_8340454471943101904.key 
1294713    INFO  Test worker     d.u.i.k.p.i.AbstractProblemLoader Loading environment from /tmp/SMT_lemma_store.dl_8340454471943101904.key 
1294714    DEBUG Test worker     d.u.i.k.p.i.AbstractProblemLoader Environment load took 257.2ns 
1294715    INFO  Test worker     d.u.i.k.p.i.AbstractProblemLoader Creating init config 
1299732    DEBUG Test worker     d.u.i.k.p.i.AbstractProblemLoader Init config took 5.02s 
1299751    INFO  Test worker     d.u.i.k.p.i.AbstractProblemLoader Replaying proof SMT_lemma_store.dl_8340454471943101904.key 
1299753    DEBUG Test worker     d.u.i.k.p.i.IntermediateProofReplayer Proof replay took 10.3ns 
1299856    INFO  Test worker     d.u.i.k.s.n.ProveSMTLemmasTest Now processing file /tmp/SMT_lemma_seqSub.dl.2_18072289950941756001.key 
1299856    INFO  Test worker     d.u.i.k.p.i.AbstractProblemLoader Loading environment from /tmp/SMT_lemma_seqSub.dl.2_18072289950941756001.key 
1299856    DEBUG Test worker     d.u.i.k.p.i.AbstractProblemLoader Environment load took 52.1ns 
1299859    INFO  Test worker     d.u.i.k.p.i.AbstractProblemLoader Creating init config 
1304954    DEBUG Test worker     d.u.i.k.p.i.AbstractProblemLoader Init config took 5.1s 
1304973    INFO  Test worker     d.u.i.k.p.i.AbstractProblemLoader Replaying proof SMT_lemma_seqSub.dl.2_18072289950941756001.key 
1304975    DEBUG Test worker     d.u.i.k.p.i.IntermediateProofReplayer Proof replay took 9.7ns 
1305078    INFO  Test worker     d.u.i.k.s.n.ProveSMTLemmasTest Now processing file /tmp/SMT_lemma_seqSingleton.dl_13306200888339722076.key 
1305078    INFO  Test worker     d.u.i.k.p.i.AbstractProblemLoader Loading environment from /tmp/SMT_lemma_seqSingleton.dl_13306200888339722076.key 
1305078    DEBUG Test worker     d.u.i.k.p.i.AbstractProblemLoader Environment load took 107.1ns 
1305080    INFO  Test worker     d.u.i.k.p.i.AbstractProblemLoader Creating init config 
1310156    DEBUG Test worker     d.u.i.k.p.i.AbstractProblemLoader Init config took 5.08s 
1310178    INFO  Test worker     d.u.i.k.p.i.AbstractProblemLoader Replaying proof SMT_lemma_seqSingleton.dl_13306200888339722076.key 
1310179    DEBUG Test worker     d.u.i.k.p.i.IntermediateProofReplayer Proof replay took 25.8ns 
1310282    INFO  Test worker     d.u.i.k.s.n.ProveSMTLemmasTest Now processing file /tmp/SMT_lemma_seqSingleton.dl.2_10002045789311680865.key 
1310283    INFO  Test worker     d.u.i.k.p.i.AbstractProblemLoader Loading environment from /tmp/SMT_lemma_seqSingleton.dl.2_10002045789311680865.key 
1310283    DEBUG Test worker     d.u.i.k.p.i.AbstractProblemLoader Environment load took 60.3ns 
1310284    INFO  Test worker     d.u.i.k.p.i.AbstractProblemLoader Creating init config 
1315310    DEBUG Test worker     d.u.i.k.p.i.AbstractProblemLoader Init config took 5.03s 
1315329    INFO  Test worker     d.u.i.k.p.i.AbstractProblemLoader Replaying proof SMT_lemma_seqSingleton.dl.2_10002045789311680865.key 
1315331    DEBUG Test worker     d.u.i.k.p.i.IntermediateProofReplayer Proof replay took 8.8ns 
1315435    INFO  Test worker     d.u.i.k.s.n.ProveSMTLemmasTest Now processing file /tmp/SMT_lemma_null.dl_14445226256590235113.key 
1315435    INFO  Test worker     d.u.i.k.p.i.AbstractProblemLoader Loading environment from /tmp/SMT_lemma_null.dl_14445226256590235113.key 
1315435    DEBUG Test worker     d.u.i.k.p.i.AbstractProblemLoader Environment load took 57.7ns 
1315436    INFO  Test worker     d.u.i.k.p.i.AbstractProblemLoader Creating init config 
1320437    DEBUG Test worker     d.u.i.k.p.i.AbstractProblemLoader Init config took 5s 
1320459    INFO  Test worker     d.u.i.k.p.i.AbstractProblemLoader Replaying proof SMT_lemma_null.dl_14445226256590235113.key 
1320460    DEBUG Test worker     d.u.i.k.p.i.IntermediateProofReplayer Proof replay took 9.2ns 
]]></system-out>
  <system-err><![CDATA[]]></system-err>
</testsuite>
