<?xml version="1.0" encoding="UTF-8"?>
<testsuite name="org.key_project.util.collection.TestImmutables" tests="13" skipped="0" failures="0" errors="0" timestamp="2023-06-05T09:50:42" hostname="fv-az464-246" time="1.337">
  <properties/>
  <testcase name="testMap()" classname="org.key_project.util.collection.TestImmutables" time="0.012"/>
  <testcase name="testRemoveDuplicates()" classname="org.key_project.util.collection.TestImmutables" time="0.002"/>
  <testcase name="testIntersectEmpty()" classname="org.key_project.util.collection.TestImmutables" time="0.004"/>
  <testcase name="testUnion()" classname="org.key_project.util.collection.TestImmutables" time="0.758"/>
  <testcase name="testRemoveDuplicatesLarge()" classname="org.key_project.util.collection.TestImmutables" time="0.002"/>
  <testcase name="testRemoveDuplicatesIdentical()" classname="org.key_project.util.collection.TestImmutables" time="0.005"/>
  <testcase name="testIsDuplicateFree()" classname="org.key_project.util.collection.TestImmutables" time="0.006"/>
  <testcase name="testHashCodes()" classname="org.key_project.util.collection.TestImmutables" time="0.002"/>
  <testcase name="testFilterStackoverflow()" classname="org.key_project.util.collection.TestImmutables" time="0.087"/>
  <testcase name="testExistsStackoverflow()" classname="org.key_project.util.collection.TestImmutables" time="0.038"/>
  <testcase name="testFilter()" classname="org.key_project.util.collection.TestImmutables" time="0.002"/>
  <testcase name="testMapStackoverflow()" classname="org.key_project.util.collection.TestImmutables" time="0.388"/>
  <testcase name="testEqualityEmpty()" classname="org.key_project.util.collection.TestImmutables" time="0.001"/>
  <system-out><![CDATA[]]></system-out>
  <system-err><![CDATA[]]></system-err>
</testsuite>
