<?xml version="1.0" encoding="UTF-8"?>
<testsuite name="de.uka.ilkd.key.parser.TestIntLiteralParsing" tests="67" skipped="0" failures="0" errors="0" timestamp="2023-06-12T16:44:10" hostname="fv-az336-283" time="2.668">
  <properties/>
  <testcase name="0x000l" classname="de.uka.ilkd.key.parser.TestIntLiteralParsing" time="0.005"/>
  <testcase name="0x8000_0000l" classname="de.uka.ilkd.key.parser.TestIntLiteralParsing" time="0.002"/>
  <testcase name="0x7fffffffL" classname="de.uka.ilkd.key.parser.TestIntLiteralParsing" time="0.002"/>
  <testcase name="2147483647L" classname="de.uka.ilkd.key.parser.TestIntLiteralParsing" time="0.002"/>
  <testcase name="-2147483648l" classname="de.uka.ilkd.key.parser.TestIntLiteralParsing" time="0.006"/>
  <testcase name="0l" classname="de.uka.ilkd.key.parser.TestIntLiteralParsing" time="0.001"/>
  <testcase name="-0L" classname="de.uka.ilkd.key.parser.TestIntLiteralParsing" time="0.002"/>
  <testcase name="00L" classname="de.uka.ilkd.key.parser.TestIntLiteralParsing" time="0.002"/>
  <testcase name="017777777777l" classname="de.uka.ilkd.key.parser.TestIntLiteralParsing" time="0.001"/>
  <testcase name="020000000000l" classname="de.uka.ilkd.key.parser.TestIntLiteralParsing" time="0.001"/>
  <testcase name="01671003245L" classname="de.uka.ilkd.key.parser.TestIntLiteralParsing" time="0.004"/>
  <testcase name="0b0L" classname="de.uka.ilkd.key.parser.TestIntLiteralParsing" time="0.001"/>
  <testcase name="0b01111111111111111111111111111111L" classname="de.uka.ilkd.key.parser.TestIntLiteralParsing" time="0.001"/>
  <testcase name="0b1000_0000_0000_0000_0000_0000_0000_0000l" classname="de.uka.ilkd.key.parser.TestIntLiteralParsing" time="0.002"/>
  <testcase name="0b0100100100011101L" classname="de.uka.ilkd.key.parser.TestIntLiteralParsing" time="0.001"/>
  <testcase name="0xffff_ffff_ffff_ffffL" classname="de.uka.ilkd.key.parser.TestIntLiteralParsing" time="0.001"/>
  <testcase name="9223372036854775807L" classname="de.uka.ilkd.key.parser.TestIntLiteralParsing" time="0.002"/>
  <testcase name="-9223372036854775808L" classname="de.uka.ilkd.key.parser.TestIntLiteralParsing" time="0.002"/>
  <testcase name="0b1111111111_1111111111_1111111111_1111111111_1111111111_1111111111_1111L" classname="de.uka.ilkd.key.parser.TestIntLiteralParsing" time="0.002"/>
  <testcase name="0b1000000000_0000000000_0000000000_0000000000_0000000000_0000000000_0000L" classname="de.uka.ilkd.key.parser.TestIntLiteralParsing" time="0.002"/>
  <testcase name="0b0111111111_1111111111_1111111111_1111111111_1111111111_1111111111_1111L" classname="de.uka.ilkd.key.parser.TestIntLiteralParsing" time="0.006"/>
  <testcase name="'a'" classname="de.uka.ilkd.key.parser.TestIntLiteralParsing" time="0.002"/>
  <testcase name="'z'" classname="de.uka.ilkd.key.parser.TestIntLiteralParsing" time="0.001"/>
  <testcase name="'A'" classname="de.uka.ilkd.key.parser.TestIntLiteralParsing" time="0.001"/>
  <testcase name="'Z'" classname="de.uka.ilkd.key.parser.TestIntLiteralParsing" time="0.002"/>
  <testcase name="' '" classname="de.uka.ilkd.key.parser.TestIntLiteralParsing" time="0.001"/>
  <testcase name="'\b'" classname="de.uka.ilkd.key.parser.TestIntLiteralParsing" time="0.002"/>
  <testcase name="'\t'" classname="de.uka.ilkd.key.parser.TestIntLiteralParsing" time="0.001"/>
  <testcase name="'\n'" classname="de.uka.ilkd.key.parser.TestIntLiteralParsing" time="0.002"/>
  <testcase name="'\f'" classname="de.uka.ilkd.key.parser.TestIntLiteralParsing" time="0.001"/>
  <testcase name="'\r'" classname="de.uka.ilkd.key.parser.TestIntLiteralParsing" time="0.002"/>
  <testcase name="'\&quot;'" classname="de.uka.ilkd.key.parser.TestIntLiteralParsing" time="0.001"/>
  <testcase name="'\''" classname="de.uka.ilkd.key.parser.TestIntLiteralParsing" time="0.001"/>
  <testcase name="'\\'" classname="de.uka.ilkd.key.parser.TestIntLiteralParsing" time="0.001"/>
  <testcase name="'0'" classname="de.uka.ilkd.key.parser.TestIntLiteralParsing" time="0.001"/>
  <testcase name="'9'" classname="de.uka.ilkd.key.parser.TestIntLiteralParsing" time="0.001"/>
  <testcase name="'\u0000'" classname="de.uka.ilkd.key.parser.TestIntLiteralParsing" time="0.001"/>
  <testcase name="'\uffff'" classname="de.uka.ilkd.key.parser.TestIntLiteralParsing" time="0.001"/>
  <testcase name="'?'" classname="de.uka.ilkd.key.parser.TestIntLiteralParsing" time="0.004"/>
  <testcase name="'Î”'" classname="de.uka.ilkd.key.parser.TestIntLiteralParsing" time="0.003"/>
  <testcase name="'?'" classname="de.uka.ilkd.key.parser.TestIntLiteralParsing" time="0.002"/>
  <testcase name="-9_223_372_036_854_775_809L" classname="de.uka.ilkd.key.parser.TestIntLiteralParsing" time="0.003"/>
  <testcase name="9223372036854775808L" classname="de.uka.ilkd.key.parser.TestIntLiteralParsing" time="0.003"/>
  <testcase name="0x1_0000_0000_0000_0000L" classname="de.uka.ilkd.key.parser.TestIntLiteralParsing" time="0.001"/>
  <testcase name="0b10000_0000000000_0000000000_0000000000_0000000000_0000000000_0000000000L" classname="de.uka.ilkd.key.parser.TestIntLiteralParsing" time="0.002"/>
  <testcase name="020_0000_0000_0000_0000_0000L" classname="de.uka.ilkd.key.parser.TestIntLiteralParsing" time="0.001"/>
  <testcase name="-2147483649" classname="de.uka.ilkd.key.parser.TestIntLiteralParsing" time="0.002"/>
  <testcase name="2147483648" classname="de.uka.ilkd.key.parser.TestIntLiteralParsing" time="0.001"/>
  <testcase name="0x1_0000_0000" classname="de.uka.ilkd.key.parser.TestIntLiteralParsing" time="0.001"/>
  <testcase name="0b1_0000_0000_0000_0000_0000_0000_0000_0000" classname="de.uka.ilkd.key.parser.TestIntLiteralParsing" time="0.002"/>
  <testcase name="0400_0000_0000" classname="de.uka.ilkd.key.parser.TestIntLiteralParsing" time="0.001"/>
  <testcase name="0xffff_ffff" classname="de.uka.ilkd.key.parser.TestIntLiteralParsing" time="0.001"/>
  <testcase name="0x000" classname="de.uka.ilkd.key.parser.TestIntLiteralParsing" time="0.001"/>
  <testcase name="0x8000_0000" classname="de.uka.ilkd.key.parser.TestIntLiteralParsing" time="0.001"/>
  <testcase name="0x7fffffff" classname="de.uka.ilkd.key.parser.TestIntLiteralParsing" time="0.001"/>
  <testcase name="2147483647" classname="de.uka.ilkd.key.parser.TestIntLiteralParsing" time="0.001"/>
  <testcase name="-2147483648" classname="de.uka.ilkd.key.parser.TestIntLiteralParsing" time="0.001"/>
  <testcase name="0" classname="de.uka.ilkd.key.parser.TestIntLiteralParsing" time="0.001"/>
  <testcase name="-0" classname="de.uka.ilkd.key.parser.TestIntLiteralParsing" time="0.002"/>
  <testcase name="00" classname="de.uka.ilkd.key.parser.TestIntLiteralParsing" time="0.001"/>
  <testcase name="017777777777" classname="de.uka.ilkd.key.parser.TestIntLiteralParsing" time="0.001"/>
  <testcase name="020000000000" classname="de.uka.ilkd.key.parser.TestIntLiteralParsing" time="0.001"/>
  <testcase name="01671003245" classname="de.uka.ilkd.key.parser.TestIntLiteralParsing" time="0.001"/>
  <testcase name="0b0" classname="de.uka.ilkd.key.parser.TestIntLiteralParsing" time="0.001"/>
  <testcase name="0b01111111111111111111111111111111" classname="de.uka.ilkd.key.parser.TestIntLiteralParsing" time="0.001"/>
  <testcase name="0b1000_0000_0000_0000_0000_0000_0000_0000" classname="de.uka.ilkd.key.parser.TestIntLiteralParsing" time="0.001"/>
  <testcase name="0b0100100100011101" classname="de.uka.ilkd.key.parser.TestIntLiteralParsing" time="0.001"/>
  <system-out><![CDATA[]]></system-out>
  <system-err><![CDATA[37276      ERROR Test worker     d.u.i.k.j.KeYJPMapping    Duplicate registration of node: boolean, formerNode: /*@ pure @*/
boolean 
37315      ERROR Test worker     d.u.i.k.j.KeYJPMapping    Duplicate registration of node: /*@pure*/
int, formerNode: int 
37317      ERROR Test worker     d.u.i.k.j.KeYJPMapping    Duplicate registration of node: /*@ helper */
int, formerNode: int 
37318      ERROR Test worker     d.u.i.k.j.KeYJPMapping    Duplicate registration of node: /*@ helper */
boolean, formerNode: /*@ pure @*/
boolean 
37318      ERROR Test worker     d.u.i.k.j.KeYJPMapping    Duplicate registration of node: /*@ helper */
char, formerNode: char 
37319      ERROR Test worker     d.u.i.k.j.KeYJPMapping    Duplicate registration of node: byte[], formerNode: byte[] 
37322      ERROR Test worker     d.u.i.k.j.KeYJPMapping    Duplicate registration of node: /*@ helper */
java.lang.String, formerNode: java.lang.String 
37341      ERROR Test worker     d.u.i.k.j.KeYJPMapping    Duplicate registration of node: /*@strictly_pure*/
java.lang.String, formerNode: java.lang.String 
37345      ERROR Test worker     d.u.i.k.j.KeYJPMapping    Duplicate registration of node: /*@nullable@*/
Object, formerNode: Object 
37454      ERROR Test worker     d.u.i.k.j.KeYJPMapping    Duplicate registration of node: /*@pure@*/
String, formerNode: String 
37455      ERROR Test worker     d.u.i.k.j.KeYJPMapping    Duplicate registration of node: char[], formerNode: char[] 
37455      ERROR Test worker     d.u.i.k.j.KeYJPMapping    Duplicate registration of node: int[], formerNode: int[] 
37466      ERROR Test worker     d.u.i.k.j.KeYJPMapping    Duplicate registration of value: testTermParserHeap.A::next;, formerValue: testTermParserHeap.A::next; 
37466      ERROR Test worker     d.u.i.k.j.KeYJPMapping    Duplicate registration of value: A testTermParserHeap.A::next;, formerValue: A testTermParserHeap.A::next; 
37648      ERROR Test worker     d.u.i.k.j.KeYJPMapping    Duplicate registration of node: boolean, formerNode: /*@ pure @*/
boolean 
37693      ERROR Test worker     d.u.i.k.j.KeYJPMapping    Duplicate registration of node: /*@pure*/
int, formerNode: int 
37695      ERROR Test worker     d.u.i.k.j.KeYJPMapping    Duplicate registration of node: /*@ helper */
int, formerNode: int 
37696      ERROR Test worker     d.u.i.k.j.KeYJPMapping    Duplicate registration of node: /*@ helper */
boolean, formerNode: /*@ pure @*/
boolean 
37696      ERROR Test worker     d.u.i.k.j.KeYJPMapping    Duplicate registration of node: /*@ helper */
char, formerNode: char 
37697      ERROR Test worker     d.u.i.k.j.KeYJPMapping    Duplicate registration of node: byte[], formerNode: byte[] 
37701      ERROR Test worker     d.u.i.k.j.KeYJPMapping    Duplicate registration of node: /*@ helper */
java.lang.String, formerNode: java.lang.String 
37723      ERROR Test worker     d.u.i.k.j.KeYJPMapping    Duplicate registration of node: /*@strictly_pure*/
java.lang.String, formerNode: java.lang.String 
37727      ERROR Test worker     d.u.i.k.j.KeYJPMapping    Duplicate registration of node: /*@nullable@*/
Object, formerNode: Object 
37763      ERROR Test worker     d.u.i.k.j.KeYJPMapping    Duplicate registration of node: /*@pure@*/
String, formerNode: String 
37764      ERROR Test worker     d.u.i.k.j.KeYJPMapping    Duplicate registration of node: char[], formerNode: char[] 
37764      ERROR Test worker     d.u.i.k.j.KeYJPMapping    Duplicate registration of node: int[], formerNode: int[] 
37775      ERROR Test worker     d.u.i.k.j.KeYJPMapping    Duplicate registration of value: testTermParserHeap.A::next;, formerValue: testTermParserHeap.A::next; 
37775      ERROR Test worker     d.u.i.k.j.KeYJPMapping    Duplicate registration of value: A testTermParserHeap.A::next;, formerValue: A testTermParserHeap.A::next; 
38082      ERROR Test worker     d.u.i.k.j.KeYJPMapping    Duplicate registration of node: boolean, formerNode: /*@ pure @*/
boolean 
38145      ERROR Test worker     d.u.i.k.j.KeYJPMapping    Duplicate registration of node: /*@pure*/
int, formerNode: int 
38148      ERROR Test worker     d.u.i.k.j.KeYJPMapping    Duplicate registration of node: /*@ helper */
int, formerNode: int 
38148      ERROR Test worker     d.u.i.k.j.KeYJPMapping    Duplicate registration of node: /*@ helper */
boolean, formerNode: /*@ pure @*/
boolean 
38149      ERROR Test worker     d.u.i.k.j.KeYJPMapping    Duplicate registration of node: /*@ helper */
char, formerNode: char 
38150      ERROR Test worker     d.u.i.k.j.KeYJPMapping    Duplicate registration of node: byte[], formerNode: byte[] 
38153      ERROR Test worker     d.u.i.k.j.KeYJPMapping    Duplicate registration of node: /*@ helper */
java.lang.String, formerNode: java.lang.String 
38172      ERROR Test worker     d.u.i.k.j.KeYJPMapping    Duplicate registration of node: /*@strictly_pure*/
java.lang.String, formerNode: java.lang.String 
38176      ERROR Test worker     d.u.i.k.j.KeYJPMapping    Duplicate registration of node: /*@nullable@*/
Object, formerNode: Object 
38210      ERROR Test worker     d.u.i.k.j.KeYJPMapping    Duplicate registration of node: /*@pure@*/
String, formerNode: String 
38212      ERROR Test worker     d.u.i.k.j.KeYJPMapping    Duplicate registration of node: char[], formerNode: char[] 
38212      ERROR Test worker     d.u.i.k.j.KeYJPMapping    Duplicate registration of node: int[], formerNode: int[] 
38225      ERROR Test worker     d.u.i.k.j.KeYJPMapping    Duplicate registration of value: testTermParserHeap.A::next;, formerValue: testTermParserHeap.A::next; 
38226      ERROR Test worker     d.u.i.k.j.KeYJPMapping    Duplicate registration of value: A testTermParserHeap.A::next;, formerValue: A testTermParserHeap.A::next; 
38391      ERROR Test worker     d.u.i.k.j.KeYJPMapping    Duplicate registration of node: boolean, formerNode: /*@ pure @*/
boolean 
38432      ERROR Test worker     d.u.i.k.j.KeYJPMapping    Duplicate registration of node: /*@pure*/
int, formerNode: int 
38434      ERROR Test worker     d.u.i.k.j.KeYJPMapping    Duplicate registration of node: /*@ helper */
int, formerNode: int 
38435      ERROR Test worker     d.u.i.k.j.KeYJPMapping    Duplicate registration of node: /*@ helper */
boolean, formerNode: /*@ pure @*/
boolean 
38435      ERROR Test worker     d.u.i.k.j.KeYJPMapping    Duplicate registration of node: /*@ helper */
char, formerNode: char 
38436      ERROR Test worker     d.u.i.k.j.KeYJPMapping    Duplicate registration of node: byte[], formerNode: byte[] 
38440      ERROR Test worker     d.u.i.k.j.KeYJPMapping    Duplicate registration of node: /*@ helper */
java.lang.String, formerNode: java.lang.String 
38459      ERROR Test worker     d.u.i.k.j.KeYJPMapping    Duplicate registration of node: /*@strictly_pure*/
java.lang.String, formerNode: java.lang.String 
38463      ERROR Test worker     d.u.i.k.j.KeYJPMapping    Duplicate registration of node: /*@nullable@*/
Object, formerNode: Object 
38497      ERROR Test worker     d.u.i.k.j.KeYJPMapping    Duplicate registration of node: /*@pure@*/
String, formerNode: String 
38499      ERROR Test worker     d.u.i.k.j.KeYJPMapping    Duplicate registration of node: char[], formerNode: char[] 
38499      ERROR Test worker     d.u.i.k.j.KeYJPMapping    Duplicate registration of node: int[], formerNode: int[] 
38510      ERROR Test worker     d.u.i.k.j.KeYJPMapping    Duplicate registration of value: testTermParserHeap.A::next;, formerValue: testTermParserHeap.A::next; 
38510      ERROR Test worker     d.u.i.k.j.KeYJPMapping    Duplicate registration of value: A testTermParserHeap.A::next;, formerValue: A testTermParserHeap.A::next; 
38822      ERROR Test worker     d.u.i.k.j.KeYJPMapping    Duplicate registration of node: boolean, formerNode: /*@ pure @*/
boolean 
38861      ERROR Test worker     d.u.i.k.j.KeYJPMapping    Duplicate registration of node: /*@pure*/
int, formerNode: int 
38864      ERROR Test worker     d.u.i.k.j.KeYJPMapping    Duplicate registration of node: /*@ helper */
int, formerNode: int 
38864      ERROR Test worker     d.u.i.k.j.KeYJPMapping    Duplicate registration of node: /*@ helper */
boolean, formerNode: /*@ pure @*/
boolean 
38865      ERROR Test worker     d.u.i.k.j.KeYJPMapping    Duplicate registration of node: /*@ helper */
char, formerNode: char 
38867      ERROR Test worker     d.u.i.k.j.KeYJPMapping    Duplicate registration of node: byte[], formerNode: byte[] 
38870      ERROR Test worker     d.u.i.k.j.KeYJPMapping    Duplicate registration of node: /*@ helper */
java.lang.String, formerNode: java.lang.String 
38889      ERROR Test worker     d.u.i.k.j.KeYJPMapping    Duplicate registration of node: /*@strictly_pure*/
java.lang.String, formerNode: java.lang.String 
38893      ERROR Test worker     d.u.i.k.j.KeYJPMapping    Duplicate registration of node: /*@nullable@*/
Object, formerNode: Object 
38928      ERROR Test worker     d.u.i.k.j.KeYJPMapping    Duplicate registration of node: /*@pure@*/
String, formerNode: String 
38929      ERROR Test worker     d.u.i.k.j.KeYJPMapping    Duplicate registration of node: char[], formerNode: char[] 
38929      ERROR Test worker     d.u.i.k.j.KeYJPMapping    Duplicate registration of node: int[], formerNode: int[] 
38939      ERROR Test worker     d.u.i.k.j.KeYJPMapping    Duplicate registration of value: testTermParserHeap.A::next;, formerValue: testTermParserHeap.A::next; 
38939      ERROR Test worker     d.u.i.k.j.KeYJPMapping    Duplicate registration of value: A testTermParserHeap.A::next;, formerValue: A testTermParserHeap.A::next; 
39098      ERROR Test worker     d.u.i.k.j.KeYJPMapping    Duplicate registration of node: boolean, formerNode: /*@ pure @*/
boolean 
39135      ERROR Test worker     d.u.i.k.j.KeYJPMapping    Duplicate registration of node: /*@pure*/
int, formerNode: int 
39138      ERROR Test worker     d.u.i.k.j.KeYJPMapping    Duplicate registration of node: /*@ helper */
int, formerNode: int 
39138      ERROR Test worker     d.u.i.k.j.KeYJPMapping    Duplicate registration of node: /*@ helper */
boolean, formerNode: /*@ pure @*/
boolean 
39138      ERROR Test worker     d.u.i.k.j.KeYJPMapping    Duplicate registration of node: /*@ helper */
char, formerNode: char 
39139      ERROR Test worker     d.u.i.k.j.KeYJPMapping    Duplicate registration of node: byte[], formerNode: byte[] 
39142      ERROR Test worker     d.u.i.k.j.KeYJPMapping    Duplicate registration of node: /*@ helper */
java.lang.String, formerNode: java.lang.String 
39160      ERROR Test worker     d.u.i.k.j.KeYJPMapping    Duplicate registration of node: /*@strictly_pure*/
java.lang.String, formerNode: java.lang.String 
39164      ERROR Test worker     d.u.i.k.j.KeYJPMapping    Duplicate registration of node: /*@nullable@*/
Object, formerNode: Object 
39197      ERROR Test worker     d.u.i.k.j.KeYJPMapping    Duplicate registration of node: /*@pure@*/
String, formerNode: String 
39199      ERROR Test worker     d.u.i.k.j.KeYJPMapping    Duplicate registration of node: char[], formerNode: char[] 
39199      ERROR Test worker     d.u.i.k.j.KeYJPMapping    Duplicate registration of node: int[], formerNode: int[] 
39209      ERROR Test worker     d.u.i.k.j.KeYJPMapping    Duplicate registration of value: testTermParserHeap.A::next;, formerValue: testTermParserHeap.A::next; 
39209      ERROR Test worker     d.u.i.k.j.KeYJPMapping    Duplicate registration of value: A testTermParserHeap.A::next;, formerValue: A testTermParserHeap.A::next; 
39386      ERROR Test worker     d.u.i.k.j.KeYJPMapping    Duplicate registration of node: boolean, formerNode: /*@ pure @*/
boolean 
39426      ERROR Test worker     d.u.i.k.j.KeYJPMapping    Duplicate registration of node: /*@pure*/
int, formerNode: int 
39428      ERROR Test worker     d.u.i.k.j.KeYJPMapping    Duplicate registration of node: /*@ helper */
int, formerNode: int 
39428      ERROR Test worker     d.u.i.k.j.KeYJPMapping    Duplicate registration of node: /*@ helper */
boolean, formerNode: /*@ pure @*/
boolean 
39428      ERROR Test worker     d.u.i.k.j.KeYJPMapping    Duplicate registration of node: /*@ helper */
char, formerNode: char 
39429      ERROR Test worker     d.u.i.k.j.KeYJPMapping    Duplicate registration of node: byte[], formerNode: byte[] 
39433      ERROR Test worker     d.u.i.k.j.KeYJPMapping    Duplicate registration of node: /*@ helper */
java.lang.String, formerNode: java.lang.String 
39452      ERROR Test worker     d.u.i.k.j.KeYJPMapping    Duplicate registration of node: /*@strictly_pure*/
java.lang.String, formerNode: java.lang.String 
39456      ERROR Test worker     d.u.i.k.j.KeYJPMapping    Duplicate registration of node: /*@nullable@*/
Object, formerNode: Object 
39490      ERROR Test worker     d.u.i.k.j.KeYJPMapping    Duplicate registration of node: /*@pure@*/
String, formerNode: String 
39491      ERROR Test worker     d.u.i.k.j.KeYJPMapping    Duplicate registration of node: char[], formerNode: char[] 
39491      ERROR Test worker     d.u.i.k.j.KeYJPMapping    Duplicate registration of node: int[], formerNode: int[] 
39501      ERROR Test worker     d.u.i.k.j.KeYJPMapping    Duplicate registration of value: testTermParserHeap.A::next;, formerValue: testTermParserHeap.A::next; 
39501      ERROR Test worker     d.u.i.k.j.KeYJPMapping    Duplicate registration of value: A testTermParserHeap.A::next;, formerValue: A testTermParserHeap.A::next; 
39671      ERROR Test worker     d.u.i.k.j.KeYJPMapping    Duplicate registration of node: boolean, formerNode: /*@ pure @*/
boolean 
39710      ERROR Test worker     d.u.i.k.j.KeYJPMapping    Duplicate registration of node: /*@pure*/
int, formerNode: int 
39712      ERROR Test worker     d.u.i.k.j.KeYJPMapping    Duplicate registration of node: /*@ helper */
int, formerNode: int 
39712      ERROR Test worker     d.u.i.k.j.KeYJPMapping    Duplicate registration of node: /*@ helper */
boolean, formerNode: /*@ pure @*/
boolean 
39712      ERROR Test worker     d.u.i.k.j.KeYJPMapping    Duplicate registration of node: /*@ helper */
char, formerNode: char 
39713      ERROR Test worker     d.u.i.k.j.KeYJPMapping    Duplicate registration of node: byte[], formerNode: byte[] 
39716      ERROR Test worker     d.u.i.k.j.KeYJPMapping    Duplicate registration of node: /*@ helper */
java.lang.String, formerNode: java.lang.String 
39808      ERROR Test worker     d.u.i.k.j.KeYJPMapping    Duplicate registration of node: /*@strictly_pure*/
java.lang.String, formerNode: java.lang.String 
39812      ERROR Test worker     d.u.i.k.j.KeYJPMapping    Duplicate registration of node: /*@nullable@*/
Object, formerNode: Object 
39849      ERROR Test worker     d.u.i.k.j.KeYJPMapping    Duplicate registration of node: /*@pure@*/
String, formerNode: String 
39850      ERROR Test worker     d.u.i.k.j.KeYJPMapping    Duplicate registration of node: char[], formerNode: char[] 
39850      ERROR Test worker     d.u.i.k.j.KeYJPMapping    Duplicate registration of node: int[], formerNode: int[] 
39860      ERROR Test worker     d.u.i.k.j.KeYJPMapping    Duplicate registration of value: testTermParserHeap.A::next;, formerValue: testTermParserHeap.A::next; 
39860      ERROR Test worker     d.u.i.k.j.KeYJPMapping    Duplicate registration of value: A testTermParserHeap.A::next;, formerValue: A testTermParserHeap.A::next; 
40037      ERROR Test worker     d.u.i.k.j.KeYJPMapping    Duplicate registration of node: boolean, formerNode: /*@ pure @*/
boolean 
40075      ERROR Test worker     d.u.i.k.j.KeYJPMapping    Duplicate registration of node: /*@pure*/
int, formerNode: int 
40077      ERROR Test worker     d.u.i.k.j.KeYJPMapping    Duplicate registration of node: /*@ helper */
int, formerNode: int 
40077      ERROR Test worker     d.u.i.k.j.KeYJPMapping    Duplicate registration of node: /*@ helper */
boolean, formerNode: /*@ pure @*/
boolean 
40077      ERROR Test worker     d.u.i.k.j.KeYJPMapping    Duplicate registration of node: /*@ helper */
char, formerNode: char 
40078      ERROR Test worker     d.u.i.k.j.KeYJPMapping    Duplicate registration of node: byte[], formerNode: byte[] 
40082      ERROR Test worker     d.u.i.k.j.KeYJPMapping    Duplicate registration of node: /*@ helper */
java.lang.String, formerNode: java.lang.String 
40101      ERROR Test worker     d.u.i.k.j.KeYJPMapping    Duplicate registration of node: /*@strictly_pure*/
java.lang.String, formerNode: java.lang.String 
40105      ERROR Test worker     d.u.i.k.j.KeYJPMapping    Duplicate registration of node: /*@nullable@*/
Object, formerNode: Object 
40141      ERROR Test worker     d.u.i.k.j.KeYJPMapping    Duplicate registration of node: /*@pure@*/
String, formerNode: String 
40143      ERROR Test worker     d.u.i.k.j.KeYJPMapping    Duplicate registration of node: char[], formerNode: char[] 
40143      ERROR Test worker     d.u.i.k.j.KeYJPMapping    Duplicate registration of node: int[], formerNode: int[] 
40153      ERROR Test worker     d.u.i.k.j.KeYJPMapping    Duplicate registration of value: testTermParserHeap.A::next;, formerValue: testTermParserHeap.A::next; 
40153      ERROR Test worker     d.u.i.k.j.KeYJPMapping    Duplicate registration of value: A testTermParserHeap.A::next;, formerValue: A testTermParserHeap.A::next; 
40323      ERROR Test worker     d.u.i.k.j.KeYJPMapping    Duplicate registration of node: boolean, formerNode: /*@ pure @*/
boolean 
40364      ERROR Test worker     d.u.i.k.j.KeYJPMapping    Duplicate registration of node: /*@pure*/
int, formerNode: int 
40366      ERROR Test worker     d.u.i.k.j.KeYJPMapping    Duplicate registration of node: /*@ helper */
int, formerNode: int 
40366      ERROR Test worker     d.u.i.k.j.KeYJPMapping    Duplicate registration of node: /*@ helper */
boolean, formerNode: /*@ pure @*/
boolean 
40366      ERROR Test worker     d.u.i.k.j.KeYJPMapping    Duplicate registration of node: /*@ helper */
char, formerNode: char 
40367      ERROR Test worker     d.u.i.k.j.KeYJPMapping    Duplicate registration of node: byte[], formerNode: byte[] 
40370      ERROR Test worker     d.u.i.k.j.KeYJPMapping    Duplicate registration of node: /*@ helper */
java.lang.String, formerNode: java.lang.String 
40390      ERROR Test worker     d.u.i.k.j.KeYJPMapping    Duplicate registration of node: /*@strictly_pure*/
java.lang.String, formerNode: java.lang.String 
40394      ERROR Test worker     d.u.i.k.j.KeYJPMapping    Duplicate registration of node: /*@nullable@*/
Object, formerNode: Object 
40430      ERROR Test worker     d.u.i.k.j.KeYJPMapping    Duplicate registration of node: /*@pure@*/
String, formerNode: String 
40432      ERROR Test worker     d.u.i.k.j.KeYJPMapping    Duplicate registration of node: char[], formerNode: char[] 
40432      ERROR Test worker     d.u.i.k.j.KeYJPMapping    Duplicate registration of node: int[], formerNode: int[] 
40442      ERROR Test worker     d.u.i.k.j.KeYJPMapping    Duplicate registration of value: testTermParserHeap.A::next;, formerValue: testTermParserHeap.A::next; 
40442      ERROR Test worker     d.u.i.k.j.KeYJPMapping    Duplicate registration of value: A testTermParserHeap.A::next;, formerValue: A testTermParserHeap.A::next; 
]]></system-err>
</testsuite>
