<?xml version="1.0" encoding="UTF-8"?>
<testsuite name="de.uka.ilkd.key.logic.TestClashFreeSubst" tests="14" skipped="2" failures="0" errors="0" timestamp="2023-06-12T16:43:40" hostname="fv-az336-283" time="6.32">
  <properties/>
  <testcase name="testMultiShareBound()" classname="de.uka.ilkd.key.logic.TestClashFreeSubst" time="0.02"/>
  <testcase name="testClash()" classname="de.uka.ilkd.key.logic.TestClashFreeSubst" time="0.017"/>
  <testcase name="testShare()" classname="de.uka.ilkd.key.logic.TestClashFreeSubst" time="0.009"/>
  <testcase name="testSubst()" classname="de.uka.ilkd.key.logic.TestClashFreeSubst" time="0.02"/>
  <testcase name="testWary0()" classname="de.uka.ilkd.key.logic.TestClashFreeSubst" time="0.014"/>
  <testcase name="testWary1()" classname="de.uka.ilkd.key.logic.TestClashFreeSubst" time="0.019"/>
  <testcase name="testWary2()" classname="de.uka.ilkd.key.logic.TestClashFreeSubst" time="0.018"/>
  <testcase name="testClashInSubstTerm()" classname="de.uka.ilkd.key.logic.TestClashFreeSubst" time="0.022"/>
  <testcase name="testShareWary()" classname="de.uka.ilkd.key.logic.TestClashFreeSubst" time="0.023"/>
  <testcase name="testMultiSubst()" classname="de.uka.ilkd.key.logic.TestClashFreeSubst" time="0.018"/>
  <testcase name="xtestMultiClash()" classname="de.uka.ilkd.key.logic.TestClashFreeSubst" time="0.001">
    <skipped/>
  </testcase>
  <testcase name="testSubstInSubstTerm()" classname="de.uka.ilkd.key.logic.TestClashFreeSubst" time="0.011"/>
  <testcase name="testSubstWary()" classname="de.uka.ilkd.key.logic.TestClashFreeSubst" time="0.011"/>
  <testcase name="xtestMultiClash1()" classname="de.uka.ilkd.key.logic.TestClashFreeSubst" time="0.001">
    <skipped/>
  </testcase>
  <system-out><![CDATA[]]></system-out>
  <system-err><![CDATA[7509       ERROR Test worker     d.u.i.k.j.KeYJPMapping    Duplicate registration of node: boolean, formerNode: /*@ pure @*/
boolean 
7605       ERROR Test worker     d.u.i.k.j.KeYJPMapping    Duplicate registration of node: /*@pure*/
int, formerNode: int 
7623       ERROR Test worker     d.u.i.k.j.KeYJPMapping    Duplicate registration of node: /*@ helper */
int, formerNode: int 
7625       ERROR Test worker     d.u.i.k.j.KeYJPMapping    Duplicate registration of node: /*@ helper */
boolean, formerNode: /*@ pure @*/
boolean 
7627       ERROR Test worker     d.u.i.k.j.KeYJPMapping    Duplicate registration of node: /*@ helper */
char, formerNode: char 
7629       ERROR Test worker     d.u.i.k.j.KeYJPMapping    Duplicate registration of node: byte[], formerNode: byte[] 
7641       ERROR Test worker     d.u.i.k.j.KeYJPMapping    Duplicate registration of node: /*@ helper */
java.lang.String, formerNode: java.lang.String 
7704       ERROR Test worker     d.u.i.k.j.KeYJPMapping    Duplicate registration of node: /*@strictly_pure*/
java.lang.String, formerNode: java.lang.String 
7712       ERROR Test worker     d.u.i.k.j.KeYJPMapping    Duplicate registration of node: /*@nullable@*/
Object, formerNode: Object 
7785       ERROR Test worker     d.u.i.k.j.KeYJPMapping    Duplicate registration of node: /*@pure@*/
String, formerNode: String 
7790       ERROR Test worker     d.u.i.k.j.KeYJPMapping    Duplicate registration of node: char[], formerNode: char[] 
7792       ERROR Test worker     d.u.i.k.j.KeYJPMapping    Duplicate registration of node: int[], formerNode: int[] 
7819       ERROR Test worker     d.u.i.k.j.KeYJPMapping    Duplicate registration of value: testTermParserHeap.A::next;, formerValue: testTermParserHeap.A::next; 
7820       ERROR Test worker     d.u.i.k.j.KeYJPMapping    Duplicate registration of value: A testTermParserHeap.A::next;, formerValue: A testTermParserHeap.A::next; 
7973       INFO  Test worker     d.u.i.k.n.KeyIO           Parsing took 0 ms 
7974       DEBUG Test worker     d.u.i.k.n.KeyIO           Load declarations of de.uka.ilkd.key.nparser.KeyAst$File:  <unknown>:1#1 
7975       INFO  Test worker     d.u.i.k.n.KeyIO           MODE: declarations took 1 ms 
7975       DEBUG Test worker     d.u.i.k.n.KeyIO           MODE: 2nd degree decls took 0 
7976       INFO  Test worker     d.u.i.k.n.KeyIO           Parsing took 0 ms 
7977       DEBUG Test worker     d.u.i.k.n.KeyIO           Load declarations of de.uka.ilkd.key.nparser.KeyAst$File:  <unknown>:1#1 
7977       INFO  Test worker     d.u.i.k.n.KeyIO           MODE: declarations took 0 ms 
7978       DEBUG Test worker     d.u.i.k.n.KeyIO           MODE: 2nd degree decls took 0 
8242       ERROR Test worker     d.u.i.k.j.KeYJPMapping    Duplicate registration of node: boolean, formerNode: /*@ pure @*/
boolean 
8325       ERROR Test worker     d.u.i.k.j.KeYJPMapping    Duplicate registration of node: /*@pure*/
int, formerNode: int 
8332       ERROR Test worker     d.u.i.k.j.KeYJPMapping    Duplicate registration of node: /*@ helper */
int, formerNode: int 
8333       ERROR Test worker     d.u.i.k.j.KeYJPMapping    Duplicate registration of node: /*@ helper */
boolean, formerNode: /*@ pure @*/
boolean 
8336       ERROR Test worker     d.u.i.k.j.KeYJPMapping    Duplicate registration of node: /*@ helper */
char, formerNode: char 
8343       ERROR Test worker     d.u.i.k.j.KeYJPMapping    Duplicate registration of node: byte[], formerNode: byte[] 
8349       ERROR Test worker     d.u.i.k.j.KeYJPMapping    Duplicate registration of node: /*@ helper */
java.lang.String, formerNode: java.lang.String 
8387       ERROR Test worker     d.u.i.k.j.KeYJPMapping    Duplicate registration of node: /*@strictly_pure*/
java.lang.String, formerNode: java.lang.String 
8395       ERROR Test worker     d.u.i.k.j.KeYJPMapping    Duplicate registration of node: /*@nullable@*/
Object, formerNode: Object 
8455       ERROR Test worker     d.u.i.k.j.KeYJPMapping    Duplicate registration of node: /*@pure@*/
String, formerNode: String 
8461       ERROR Test worker     d.u.i.k.j.KeYJPMapping    Duplicate registration of node: char[], formerNode: char[] 
8462       ERROR Test worker     d.u.i.k.j.KeYJPMapping    Duplicate registration of node: int[], formerNode: int[] 
8481       ERROR Test worker     d.u.i.k.j.KeYJPMapping    Duplicate registration of value: testTermParserHeap.A::next;, formerValue: testTermParserHeap.A::next; 
8482       ERROR Test worker     d.u.i.k.j.KeYJPMapping    Duplicate registration of value: A testTermParserHeap.A::next;, formerValue: A testTermParserHeap.A::next; 
8622       INFO  Test worker     d.u.i.k.n.KeyIO           Parsing took 0 ms 
8622       DEBUG Test worker     d.u.i.k.n.KeyIO           Load declarations of de.uka.ilkd.key.nparser.KeyAst$File:  <unknown>:1#1 
8623       INFO  Test worker     d.u.i.k.n.KeyIO           MODE: declarations took 1 ms 
8623       DEBUG Test worker     d.u.i.k.n.KeyIO           MODE: 2nd degree decls took 0 
8624       INFO  Test worker     d.u.i.k.n.KeyIO           Parsing took 0 ms 
8625       DEBUG Test worker     d.u.i.k.n.KeyIO           Load declarations of de.uka.ilkd.key.nparser.KeyAst$File:  <unknown>:1#1 
8625       INFO  Test worker     d.u.i.k.n.KeyIO           MODE: declarations took 0 ms 
8626       DEBUG Test worker     d.u.i.k.n.KeyIO           MODE: 2nd degree decls took 0 
8851       ERROR Test worker     d.u.i.k.j.KeYJPMapping    Duplicate registration of node: boolean, formerNode: /*@ pure @*/
boolean 
8917       ERROR Test worker     d.u.i.k.j.KeYJPMapping    Duplicate registration of node: /*@pure*/
int, formerNode: int 
8922       ERROR Test worker     d.u.i.k.j.KeYJPMapping    Duplicate registration of node: /*@ helper */
int, formerNode: int 
8923       ERROR Test worker     d.u.i.k.j.KeYJPMapping    Duplicate registration of node: /*@ helper */
boolean, formerNode: /*@ pure @*/
boolean 
8924       ERROR Test worker     d.u.i.k.j.KeYJPMapping    Duplicate registration of node: /*@ helper */
char, formerNode: char 
8926       ERROR Test worker     d.u.i.k.j.KeYJPMapping    Duplicate registration of node: byte[], formerNode: byte[] 
8932       ERROR Test worker     d.u.i.k.j.KeYJPMapping    Duplicate registration of node: /*@ helper */
java.lang.String, formerNode: java.lang.String 
8960       ERROR Test worker     d.u.i.k.j.KeYJPMapping    Duplicate registration of node: /*@strictly_pure*/
java.lang.String, formerNode: java.lang.String 
8967       ERROR Test worker     d.u.i.k.j.KeYJPMapping    Duplicate registration of node: /*@nullable@*/
Object, formerNode: Object 
9021       ERROR Test worker     d.u.i.k.j.KeYJPMapping    Duplicate registration of node: /*@pure@*/
String, formerNode: String 
9025       ERROR Test worker     d.u.i.k.j.KeYJPMapping    Duplicate registration of node: char[], formerNode: char[] 
9025       ERROR Test worker     d.u.i.k.j.KeYJPMapping    Duplicate registration of node: int[], formerNode: int[] 
9078       ERROR Test worker     d.u.i.k.j.KeYJPMapping    Duplicate registration of value: testTermParserHeap.A::next;, formerValue: testTermParserHeap.A::next; 
9078       ERROR Test worker     d.u.i.k.j.KeYJPMapping    Duplicate registration of value: A testTermParserHeap.A::next;, formerValue: A testTermParserHeap.A::next; 
9158       INFO  Test worker     d.u.i.k.n.KeyIO           Parsing took 0 ms 
9159       DEBUG Test worker     d.u.i.k.n.KeyIO           Load declarations of de.uka.ilkd.key.nparser.KeyAst$File:  <unknown>:1#1 
9159       INFO  Test worker     d.u.i.k.n.KeyIO           MODE: declarations took 0 ms 
9159       DEBUG Test worker     d.u.i.k.n.KeyIO           MODE: 2nd degree decls took 0 
9160       INFO  Test worker     d.u.i.k.n.KeyIO           Parsing took 0 ms 
9160       DEBUG Test worker     d.u.i.k.n.KeyIO           Load declarations of de.uka.ilkd.key.nparser.KeyAst$File:  <unknown>:1#1 
9161       INFO  Test worker     d.u.i.k.n.KeyIO           MODE: declarations took 1 ms 
9161       DEBUG Test worker     d.u.i.k.n.KeyIO           MODE: 2nd degree decls took 0 
9360       ERROR Test worker     d.u.i.k.j.KeYJPMapping    Duplicate registration of node: boolean, formerNode: /*@ pure @*/
boolean 
9430       ERROR Test worker     d.u.i.k.j.KeYJPMapping    Duplicate registration of node: /*@pure*/
int, formerNode: int 
9435       ERROR Test worker     d.u.i.k.j.KeYJPMapping    Duplicate registration of node: /*@ helper */
int, formerNode: int 
9436       ERROR Test worker     d.u.i.k.j.KeYJPMapping    Duplicate registration of node: /*@ helper */
boolean, formerNode: /*@ pure @*/
boolean 
9438       ERROR Test worker     d.u.i.k.j.KeYJPMapping    Duplicate registration of node: /*@ helper */
char, formerNode: char 
9440       ERROR Test worker     d.u.i.k.j.KeYJPMapping    Duplicate registration of node: byte[], formerNode: byte[] 
9445       ERROR Test worker     d.u.i.k.j.KeYJPMapping    Duplicate registration of node: /*@ helper */
java.lang.String, formerNode: java.lang.String 
9475       ERROR Test worker     d.u.i.k.j.KeYJPMapping    Duplicate registration of node: /*@strictly_pure*/
java.lang.String, formerNode: java.lang.String 
9482       ERROR Test worker     d.u.i.k.j.KeYJPMapping    Duplicate registration of node: /*@nullable@*/
Object, formerNode: Object 
9560       ERROR Test worker     d.u.i.k.j.KeYJPMapping    Duplicate registration of node: /*@pure@*/
String, formerNode: String 
9564       ERROR Test worker     d.u.i.k.j.KeYJPMapping    Duplicate registration of node: char[], formerNode: char[] 
9565       ERROR Test worker     d.u.i.k.j.KeYJPMapping    Duplicate registration of node: int[], formerNode: int[] 
9581       ERROR Test worker     d.u.i.k.j.KeYJPMapping    Duplicate registration of value: testTermParserHeap.A::next;, formerValue: testTermParserHeap.A::next; 
9583       ERROR Test worker     d.u.i.k.j.KeYJPMapping    Duplicate registration of value: A testTermParserHeap.A::next;, formerValue: A testTermParserHeap.A::next; 
9656       INFO  Test worker     d.u.i.k.n.KeyIO           Parsing took 0 ms 
9658       DEBUG Test worker     d.u.i.k.n.KeyIO           Load declarations of de.uka.ilkd.key.nparser.KeyAst$File:  <unknown>:1#1 
9658       INFO  Test worker     d.u.i.k.n.KeyIO           MODE: declarations took 0 ms 
9659       DEBUG Test worker     d.u.i.k.n.KeyIO           MODE: 2nd degree decls took 0 
9659       INFO  Test worker     d.u.i.k.n.KeyIO           Parsing took 0 ms 
9659       DEBUG Test worker     d.u.i.k.n.KeyIO           Load declarations of de.uka.ilkd.key.nparser.KeyAst$File:  <unknown>:1#1 
9660       INFO  Test worker     d.u.i.k.n.KeyIO           MODE: declarations took 1 ms 
9660       DEBUG Test worker     d.u.i.k.n.KeyIO           MODE: 2nd degree decls took 0 
9842       ERROR Test worker     d.u.i.k.j.KeYJPMapping    Duplicate registration of node: boolean, formerNode: /*@ pure @*/
boolean 
9916       ERROR Test worker     d.u.i.k.j.KeYJPMapping    Duplicate registration of node: /*@pure*/
int, formerNode: int 
9922       ERROR Test worker     d.u.i.k.j.KeYJPMapping    Duplicate registration of node: /*@ helper */
int, formerNode: int 
9923       ERROR Test worker     d.u.i.k.j.KeYJPMapping    Duplicate registration of node: /*@ helper */
boolean, formerNode: /*@ pure @*/
boolean 
9923       ERROR Test worker     d.u.i.k.j.KeYJPMapping    Duplicate registration of node: /*@ helper */
char, formerNode: char 
9925       ERROR Test worker     d.u.i.k.j.KeYJPMapping    Duplicate registration of node: byte[], formerNode: byte[] 
9931       ERROR Test worker     d.u.i.k.j.KeYJPMapping    Duplicate registration of node: /*@ helper */
java.lang.String, formerNode: java.lang.String 
9958       ERROR Test worker     d.u.i.k.j.KeYJPMapping    Duplicate registration of node: /*@strictly_pure*/
java.lang.String, formerNode: java.lang.String 
9964       ERROR Test worker     d.u.i.k.j.KeYJPMapping    Duplicate registration of node: /*@nullable@*/
Object, formerNode: Object 
10044      ERROR Test worker     d.u.i.k.j.KeYJPMapping    Duplicate registration of node: /*@pure@*/
String, formerNode: String 
10047      ERROR Test worker     d.u.i.k.j.KeYJPMapping    Duplicate registration of node: char[], formerNode: char[] 
10048      ERROR Test worker     d.u.i.k.j.KeYJPMapping    Duplicate registration of node: int[], formerNode: int[] 
10066      ERROR Test worker     d.u.i.k.j.KeYJPMapping    Duplicate registration of value: testTermParserHeap.A::next;, formerValue: testTermParserHeap.A::next; 
10068      ERROR Test worker     d.u.i.k.j.KeYJPMapping    Duplicate registration of value: A testTermParserHeap.A::next;, formerValue: A testTermParserHeap.A::next; 
10158      INFO  Test worker     d.u.i.k.n.KeyIO           Parsing took 0 ms 
10159      DEBUG Test worker     d.u.i.k.n.KeyIO           Load declarations of de.uka.ilkd.key.nparser.KeyAst$File:  <unknown>:1#1 
10160      INFO  Test worker     d.u.i.k.n.KeyIO           MODE: declarations took 1 ms 
10160      DEBUG Test worker     d.u.i.k.n.KeyIO           MODE: 2nd degree decls took 0 
10160      INFO  Test worker     d.u.i.k.n.KeyIO           Parsing took 0 ms 
10161      DEBUG Test worker     d.u.i.k.n.KeyIO           Load declarations of de.uka.ilkd.key.nparser.KeyAst$File:  <unknown>:1#1 
10161      INFO  Test worker     d.u.i.k.n.KeyIO           MODE: declarations took 0 ms 
10162      DEBUG Test worker     d.u.i.k.n.KeyIO           MODE: 2nd degree decls took 0 
10372      ERROR Test worker     d.u.i.k.j.KeYJPMapping    Duplicate registration of node: boolean, formerNode: /*@ pure @*/
boolean 
10442      ERROR Test worker     d.u.i.k.j.KeYJPMapping    Duplicate registration of node: /*@pure*/
int, formerNode: int 
10448      ERROR Test worker     d.u.i.k.j.KeYJPMapping    Duplicate registration of node: /*@ helper */
int, formerNode: int 
10453      ERROR Test worker     d.u.i.k.j.KeYJPMapping    Duplicate registration of node: /*@ helper */
boolean, formerNode: /*@ pure @*/
boolean 
10455      ERROR Test worker     d.u.i.k.j.KeYJPMapping    Duplicate registration of node: /*@ helper */
char, formerNode: char 
10457      ERROR Test worker     d.u.i.k.j.KeYJPMapping    Duplicate registration of node: byte[], formerNode: byte[] 
10464      ERROR Test worker     d.u.i.k.j.KeYJPMapping    Duplicate registration of node: /*@ helper */
java.lang.String, formerNode: java.lang.String 
10494      ERROR Test worker     d.u.i.k.j.KeYJPMapping    Duplicate registration of node: /*@strictly_pure*/
java.lang.String, formerNode: java.lang.String 
10501      ERROR Test worker     d.u.i.k.j.KeYJPMapping    Duplicate registration of node: /*@nullable@*/
Object, formerNode: Object 
10550      ERROR Test worker     d.u.i.k.j.KeYJPMapping    Duplicate registration of node: /*@pure@*/
String, formerNode: String 
10552      ERROR Test worker     d.u.i.k.j.KeYJPMapping    Duplicate registration of node: char[], formerNode: char[] 
10553      ERROR Test worker     d.u.i.k.j.KeYJPMapping    Duplicate registration of node: int[], formerNode: int[] 
10571      ERROR Test worker     d.u.i.k.j.KeYJPMapping    Duplicate registration of value: testTermParserHeap.A::next;, formerValue: testTermParserHeap.A::next; 
10572      ERROR Test worker     d.u.i.k.j.KeYJPMapping    Duplicate registration of value: A testTermParserHeap.A::next;, formerValue: A testTermParserHeap.A::next; 
10652      INFO  Test worker     d.u.i.k.n.KeyIO           Parsing took 0 ms 
10653      DEBUG Test worker     d.u.i.k.n.KeyIO           Load declarations of de.uka.ilkd.key.nparser.KeyAst$File:  <unknown>:1#1 
10654      INFO  Test worker     d.u.i.k.n.KeyIO           MODE: declarations took 1 ms 
10654      DEBUG Test worker     d.u.i.k.n.KeyIO           MODE: 2nd degree decls took 0 
10656      INFO  Test worker     d.u.i.k.n.KeyIO           Parsing took 0 ms 
10656      DEBUG Test worker     d.u.i.k.n.KeyIO           Load declarations of de.uka.ilkd.key.nparser.KeyAst$File:  <unknown>:1#1 
10657      INFO  Test worker     d.u.i.k.n.KeyIO           MODE: declarations took 1 ms 
10657      DEBUG Test worker     d.u.i.k.n.KeyIO           MODE: 2nd degree decls took 0 
10864      ERROR Test worker     d.u.i.k.j.KeYJPMapping    Duplicate registration of node: boolean, formerNode: /*@ pure @*/
boolean 
10926      ERROR Test worker     d.u.i.k.j.KeYJPMapping    Duplicate registration of node: /*@pure*/
int, formerNode: int 
10930      ERROR Test worker     d.u.i.k.j.KeYJPMapping    Duplicate registration of node: /*@ helper */
int, formerNode: int 
10931      ERROR Test worker     d.u.i.k.j.KeYJPMapping    Duplicate registration of node: /*@ helper */
boolean, formerNode: /*@ pure @*/
boolean 
10932      ERROR Test worker     d.u.i.k.j.KeYJPMapping    Duplicate registration of node: /*@ helper */
char, formerNode: char 
10934      ERROR Test worker     d.u.i.k.j.KeYJPMapping    Duplicate registration of node: byte[], formerNode: byte[] 
10939      ERROR Test worker     d.u.i.k.j.KeYJPMapping    Duplicate registration of node: /*@ helper */
java.lang.String, formerNode: java.lang.String 
10965      ERROR Test worker     d.u.i.k.j.KeYJPMapping    Duplicate registration of node: /*@strictly_pure*/
java.lang.String, formerNode: java.lang.String 
10971      ERROR Test worker     d.u.i.k.j.KeYJPMapping    Duplicate registration of node: /*@nullable@*/
Object, formerNode: Object 
11018      ERROR Test worker     d.u.i.k.j.KeYJPMapping    Duplicate registration of node: /*@pure@*/
String, formerNode: String 
11021      ERROR Test worker     d.u.i.k.j.KeYJPMapping    Duplicate registration of node: char[], formerNode: char[] 
11021      ERROR Test worker     d.u.i.k.j.KeYJPMapping    Duplicate registration of node: int[], formerNode: int[] 
11041      ERROR Test worker     d.u.i.k.j.KeYJPMapping    Duplicate registration of value: testTermParserHeap.A::next;, formerValue: testTermParserHeap.A::next; 
11044      ERROR Test worker     d.u.i.k.j.KeYJPMapping    Duplicate registration of value: A testTermParserHeap.A::next;, formerValue: A testTermParserHeap.A::next; 
11123      INFO  Test worker     d.u.i.k.n.KeyIO           Parsing took 0 ms 
11123      DEBUG Test worker     d.u.i.k.n.KeyIO           Load declarations of de.uka.ilkd.key.nparser.KeyAst$File:  <unknown>:1#1 
11124      INFO  Test worker     d.u.i.k.n.KeyIO           MODE: declarations took 1 ms 
11124      DEBUG Test worker     d.u.i.k.n.KeyIO           MODE: 2nd degree decls took 0 
11125      INFO  Test worker     d.u.i.k.n.KeyIO           Parsing took 0 ms 
11125      DEBUG Test worker     d.u.i.k.n.KeyIO           Load declarations of de.uka.ilkd.key.nparser.KeyAst$File:  <unknown>:1#1 
11125      INFO  Test worker     d.u.i.k.n.KeyIO           MODE: declarations took 0 ms 
11126      DEBUG Test worker     d.u.i.k.n.KeyIO           MODE: 2nd degree decls took 0 
11300      ERROR Test worker     d.u.i.k.j.KeYJPMapping    Duplicate registration of node: boolean, formerNode: /*@ pure @*/
boolean 
11361      ERROR Test worker     d.u.i.k.j.KeYJPMapping    Duplicate registration of node: /*@pure*/
int, formerNode: int 
11366      ERROR Test worker     d.u.i.k.j.KeYJPMapping    Duplicate registration of node: /*@ helper */
int, formerNode: int 
11366      ERROR Test worker     d.u.i.k.j.KeYJPMapping    Duplicate registration of node: /*@ helper */
boolean, formerNode: /*@ pure @*/
boolean 
11367      ERROR Test worker     d.u.i.k.j.KeYJPMapping    Duplicate registration of node: /*@ helper */
char, formerNode: char 
11369      ERROR Test worker     d.u.i.k.j.KeYJPMapping    Duplicate registration of node: byte[], formerNode: byte[] 
11375      ERROR Test worker     d.u.i.k.j.KeYJPMapping    Duplicate registration of node: /*@ helper */
java.lang.String, formerNode: java.lang.String 
11410      ERROR Test worker     d.u.i.k.j.KeYJPMapping    Duplicate registration of node: /*@strictly_pure*/
java.lang.String, formerNode: java.lang.String 
11467      ERROR Test worker     d.u.i.k.j.KeYJPMapping    Duplicate registration of node: /*@nullable@*/
Object, formerNode: Object 
11531      ERROR Test worker     d.u.i.k.j.KeYJPMapping    Duplicate registration of node: /*@pure@*/
String, formerNode: String 
11533      ERROR Test worker     d.u.i.k.j.KeYJPMapping    Duplicate registration of node: char[], formerNode: char[] 
11534      ERROR Test worker     d.u.i.k.j.KeYJPMapping    Duplicate registration of node: int[], formerNode: int[] 
11549      ERROR Test worker     d.u.i.k.j.KeYJPMapping    Duplicate registration of value: testTermParserHeap.A::next;, formerValue: testTermParserHeap.A::next; 
11550      ERROR Test worker     d.u.i.k.j.KeYJPMapping    Duplicate registration of value: A testTermParserHeap.A::next;, formerValue: A testTermParserHeap.A::next; 
11613      INFO  Test worker     d.u.i.k.n.KeyIO           Parsing took 0 ms 
11613      DEBUG Test worker     d.u.i.k.n.KeyIO           Load declarations of de.uka.ilkd.key.nparser.KeyAst$File:  <unknown>:1#1 
11614      INFO  Test worker     d.u.i.k.n.KeyIO           MODE: declarations took 1 ms 
11614      DEBUG Test worker     d.u.i.k.n.KeyIO           MODE: 2nd degree decls took 0 
11614      INFO  Test worker     d.u.i.k.n.KeyIO           Parsing took 0 ms 
11614      DEBUG Test worker     d.u.i.k.n.KeyIO           Load declarations of de.uka.ilkd.key.nparser.KeyAst$File:  <unknown>:1#1 
11614      INFO  Test worker     d.u.i.k.n.KeyIO           MODE: declarations took 0 ms 
11614      DEBUG Test worker     d.u.i.k.n.KeyIO           MODE: 2nd degree decls took 0 
11852      ERROR Test worker     d.u.i.k.j.KeYJPMapping    Duplicate registration of node: boolean, formerNode: /*@ pure @*/
boolean 
11912      ERROR Test worker     d.u.i.k.j.KeYJPMapping    Duplicate registration of node: /*@pure*/
int, formerNode: int 
11921      ERROR Test worker     d.u.i.k.j.KeYJPMapping    Duplicate registration of node: /*@ helper */
int, formerNode: int 
11924      ERROR Test worker     d.u.i.k.j.KeYJPMapping    Duplicate registration of node: /*@ helper */
boolean, formerNode: /*@ pure @*/
boolean 
11925      ERROR Test worker     d.u.i.k.j.KeYJPMapping    Duplicate registration of node: /*@ helper */
char, formerNode: char 
11927      ERROR Test worker     d.u.i.k.j.KeYJPMapping    Duplicate registration of node: byte[], formerNode: byte[] 
11936      ERROR Test worker     d.u.i.k.j.KeYJPMapping    Duplicate registration of node: /*@ helper */
java.lang.String, formerNode: java.lang.String 
11963      ERROR Test worker     d.u.i.k.j.KeYJPMapping    Duplicate registration of node: /*@strictly_pure*/
java.lang.String, formerNode: java.lang.String 
11969      ERROR Test worker     d.u.i.k.j.KeYJPMapping    Duplicate registration of node: /*@nullable@*/
Object, formerNode: Object 
12014      ERROR Test worker     d.u.i.k.j.KeYJPMapping    Duplicate registration of node: /*@pure@*/
String, formerNode: String 
12017      ERROR Test worker     d.u.i.k.j.KeYJPMapping    Duplicate registration of node: char[], formerNode: char[] 
12018      ERROR Test worker     d.u.i.k.j.KeYJPMapping    Duplicate registration of node: int[], formerNode: int[] 
12032      ERROR Test worker     d.u.i.k.j.KeYJPMapping    Duplicate registration of value: testTermParserHeap.A::next;, formerValue: testTermParserHeap.A::next; 
12032      ERROR Test worker     d.u.i.k.j.KeYJPMapping    Duplicate registration of value: A testTermParserHeap.A::next;, formerValue: A testTermParserHeap.A::next; 
12108      INFO  Test worker     d.u.i.k.n.KeyIO           Parsing took 0 ms 
12109      DEBUG Test worker     d.u.i.k.n.KeyIO           Load declarations of de.uka.ilkd.key.nparser.KeyAst$File:  <unknown>:1#1 
12111      INFO  Test worker     d.u.i.k.n.KeyIO           MODE: declarations took 2 ms 
12112      DEBUG Test worker     d.u.i.k.n.KeyIO           MODE: 2nd degree decls took 0 
12120      INFO  Test worker     d.u.i.k.n.KeyIO           Parsing took 0 ms 
12120      DEBUG Test worker     d.u.i.k.n.KeyIO           Load declarations of de.uka.ilkd.key.nparser.KeyAst$File:  <unknown>:1#1 
12124      INFO  Test worker     d.u.i.k.n.KeyIO           MODE: declarations took 4 ms 
12125      DEBUG Test worker     d.u.i.k.n.KeyIO           MODE: 2nd degree decls took 0 
12303      ERROR Test worker     d.u.i.k.j.KeYJPMapping    Duplicate registration of node: boolean, formerNode: /*@ pure @*/
boolean 
12359      ERROR Test worker     d.u.i.k.j.KeYJPMapping    Duplicate registration of node: /*@pure*/
int, formerNode: int 
12363      ERROR Test worker     d.u.i.k.j.KeYJPMapping    Duplicate registration of node: /*@ helper */
int, formerNode: int 
12364      ERROR Test worker     d.u.i.k.j.KeYJPMapping    Duplicate registration of node: /*@ helper */
boolean, formerNode: /*@ pure @*/
boolean 
12371      ERROR Test worker     d.u.i.k.j.KeYJPMapping    Duplicate registration of node: /*@ helper */
char, formerNode: char 
12373      ERROR Test worker     d.u.i.k.j.KeYJPMapping    Duplicate registration of node: byte[], formerNode: byte[] 
12377      ERROR Test worker     d.u.i.k.j.KeYJPMapping    Duplicate registration of node: /*@ helper */
java.lang.String, formerNode: java.lang.String 
12403      ERROR Test worker     d.u.i.k.j.KeYJPMapping    Duplicate registration of node: /*@strictly_pure*/
java.lang.String, formerNode: java.lang.String 
12409      ERROR Test worker     d.u.i.k.j.KeYJPMapping    Duplicate registration of node: /*@nullable@*/
Object, formerNode: Object 
12455      ERROR Test worker     d.u.i.k.j.KeYJPMapping    Duplicate registration of node: /*@pure@*/
String, formerNode: String 
12458      ERROR Test worker     d.u.i.k.j.KeYJPMapping    Duplicate registration of node: char[], formerNode: char[] 
12458      ERROR Test worker     d.u.i.k.j.KeYJPMapping    Duplicate registration of node: int[], formerNode: int[] 
12477      ERROR Test worker     d.u.i.k.j.KeYJPMapping    Duplicate registration of value: testTermParserHeap.A::next;, formerValue: testTermParserHeap.A::next; 
12477      ERROR Test worker     d.u.i.k.j.KeYJPMapping    Duplicate registration of value: A testTermParserHeap.A::next;, formerValue: A testTermParserHeap.A::next; 
12550      INFO  Test worker     d.u.i.k.n.KeyIO           Parsing took 1 ms 
12550      DEBUG Test worker     d.u.i.k.n.KeyIO           Load declarations of de.uka.ilkd.key.nparser.KeyAst$File:  <unknown>:1#1 
12550      INFO  Test worker     d.u.i.k.n.KeyIO           MODE: declarations took 0 ms 
12552      DEBUG Test worker     d.u.i.k.n.KeyIO           MODE: 2nd degree decls took 0 
12553      INFO  Test worker     d.u.i.k.n.KeyIO           Parsing took 0 ms 
12553      DEBUG Test worker     d.u.i.k.n.KeyIO           Load declarations of de.uka.ilkd.key.nparser.KeyAst$File:  <unknown>:1#1 
12553      INFO  Test worker     d.u.i.k.n.KeyIO           MODE: declarations took 0 ms 
12553      DEBUG Test worker     d.u.i.k.n.KeyIO           MODE: 2nd degree decls took 0 
12717      ERROR Test worker     d.u.i.k.j.KeYJPMapping    Duplicate registration of node: boolean, formerNode: /*@ pure @*/
boolean 
12828      ERROR Test worker     d.u.i.k.j.KeYJPMapping    Duplicate registration of node: /*@pure*/
int, formerNode: int 
12832      ERROR Test worker     d.u.i.k.j.KeYJPMapping    Duplicate registration of node: /*@ helper */
int, formerNode: int 
12832      ERROR Test worker     d.u.i.k.j.KeYJPMapping    Duplicate registration of node: /*@ helper */
boolean, formerNode: /*@ pure @*/
boolean 
12832      ERROR Test worker     d.u.i.k.j.KeYJPMapping    Duplicate registration of node: /*@ helper */
char, formerNode: char 
12834      ERROR Test worker     d.u.i.k.j.KeYJPMapping    Duplicate registration of node: byte[], formerNode: byte[] 
12838      ERROR Test worker     d.u.i.k.j.KeYJPMapping    Duplicate registration of node: /*@ helper */
java.lang.String, formerNode: java.lang.String 
12884      ERROR Test worker     d.u.i.k.j.KeYJPMapping    Duplicate registration of node: /*@strictly_pure*/
java.lang.String, formerNode: java.lang.String 
12889      ERROR Test worker     d.u.i.k.j.KeYJPMapping    Duplicate registration of node: /*@nullable@*/
Object, formerNode: Object 
12967      ERROR Test worker     d.u.i.k.j.KeYJPMapping    Duplicate registration of node: /*@pure@*/
String, formerNode: String 
12976      ERROR Test worker     d.u.i.k.j.KeYJPMapping    Duplicate registration of node: char[], formerNode: char[] 
12977      ERROR Test worker     d.u.i.k.j.KeYJPMapping    Duplicate registration of node: int[], formerNode: int[] 
13006      ERROR Test worker     d.u.i.k.j.KeYJPMapping    Duplicate registration of value: testTermParserHeap.A::next;, formerValue: testTermParserHeap.A::next; 
13006      ERROR Test worker     d.u.i.k.j.KeYJPMapping    Duplicate registration of value: A testTermParserHeap.A::next;, formerValue: A testTermParserHeap.A::next; 
13262      ERROR Test worker     d.u.i.k.j.KeYJPMapping    Duplicate registration of node: boolean, formerNode: /*@ pure @*/
boolean 
13339      ERROR Test worker     d.u.i.k.j.KeYJPMapping    Duplicate registration of node: /*@pure*/
int, formerNode: int 
13344      ERROR Test worker     d.u.i.k.j.KeYJPMapping    Duplicate registration of node: /*@ helper */
int, formerNode: int 
13345      ERROR Test worker     d.u.i.k.j.KeYJPMapping    Duplicate registration of node: /*@ helper */
boolean, formerNode: /*@ pure @*/
boolean 
13345      ERROR Test worker     d.u.i.k.j.KeYJPMapping    Duplicate registration of node: /*@ helper */
char, formerNode: char 
13347      ERROR Test worker     d.u.i.k.j.KeYJPMapping    Duplicate registration of node: byte[], formerNode: byte[] 
13352      ERROR Test worker     d.u.i.k.j.KeYJPMapping    Duplicate registration of node: /*@ helper */
java.lang.String, formerNode: java.lang.String 
13379      ERROR Test worker     d.u.i.k.j.KeYJPMapping    Duplicate registration of node: /*@strictly_pure*/
java.lang.String, formerNode: java.lang.String 
13385      ERROR Test worker     d.u.i.k.j.KeYJPMapping    Duplicate registration of node: /*@nullable@*/
Object, formerNode: Object 
13435      ERROR Test worker     d.u.i.k.j.KeYJPMapping    Duplicate registration of node: /*@pure@*/
String, formerNode: String 
13438      ERROR Test worker     d.u.i.k.j.KeYJPMapping    Duplicate registration of node: char[], formerNode: char[] 
13439      ERROR Test worker     d.u.i.k.j.KeYJPMapping    Duplicate registration of node: int[], formerNode: int[] 
13461      ERROR Test worker     d.u.i.k.j.KeYJPMapping    Duplicate registration of value: testTermParserHeap.A::next;, formerValue: testTermParserHeap.A::next; 
13462      ERROR Test worker     d.u.i.k.j.KeYJPMapping    Duplicate registration of value: A testTermParserHeap.A::next;, formerValue: A testTermParserHeap.A::next; 
13526      INFO  Test worker     d.u.i.k.n.KeyIO           Parsing took 0 ms 
13527      DEBUG Test worker     d.u.i.k.n.KeyIO           Load declarations of de.uka.ilkd.key.nparser.KeyAst$File:  <unknown>:1#1 
13527      INFO  Test worker     d.u.i.k.n.KeyIO           MODE: declarations took 0 ms 
13528      DEBUG Test worker     d.u.i.k.n.KeyIO           MODE: 2nd degree decls took 1 
13528      INFO  Test worker     d.u.i.k.n.KeyIO           Parsing took 0 ms 
13528      DEBUG Test worker     d.u.i.k.n.KeyIO           Load declarations of de.uka.ilkd.key.nparser.KeyAst$File:  <unknown>:1#1 
13528      INFO  Test worker     d.u.i.k.n.KeyIO           MODE: declarations took 0 ms 
13529      DEBUG Test worker     d.u.i.k.n.KeyIO           MODE: 2nd degree decls took 1 
13677      ERROR Test worker     d.u.i.k.j.KeYJPMapping    Duplicate registration of node: boolean, formerNode: /*@ pure @*/
boolean 
13732      ERROR Test worker     d.u.i.k.j.KeYJPMapping    Duplicate registration of node: /*@pure*/
int, formerNode: int 
13735      ERROR Test worker     d.u.i.k.j.KeYJPMapping    Duplicate registration of node: /*@ helper */
int, formerNode: int 
13736      ERROR Test worker     d.u.i.k.j.KeYJPMapping    Duplicate registration of node: /*@ helper */
boolean, formerNode: /*@ pure @*/
boolean 
13737      ERROR Test worker     d.u.i.k.j.KeYJPMapping    Duplicate registration of node: /*@ helper */
char, formerNode: char 
13739      ERROR Test worker     d.u.i.k.j.KeYJPMapping    Duplicate registration of node: byte[], formerNode: byte[] 
13743      ERROR Test worker     d.u.i.k.j.KeYJPMapping    Duplicate registration of node: /*@ helper */
java.lang.String, formerNode: java.lang.String 
13765      ERROR Test worker     d.u.i.k.j.KeYJPMapping    Duplicate registration of node: /*@strictly_pure*/
java.lang.String, formerNode: java.lang.String 
13770      ERROR Test worker     d.u.i.k.j.KeYJPMapping    Duplicate registration of node: /*@nullable@*/
Object, formerNode: Object 
13855      ERROR Test worker     d.u.i.k.j.KeYJPMapping    Duplicate registration of node: /*@pure@*/
String, formerNode: String 
13857      ERROR Test worker     d.u.i.k.j.KeYJPMapping    Duplicate registration of node: char[], formerNode: char[] 
13857      ERROR Test worker     d.u.i.k.j.KeYJPMapping    Duplicate registration of node: int[], formerNode: int[] 
13870      ERROR Test worker     d.u.i.k.j.KeYJPMapping    Duplicate registration of value: testTermParserHeap.A::next;, formerValue: testTermParserHeap.A::next; 
13871      ERROR Test worker     d.u.i.k.j.KeYJPMapping    Duplicate registration of value: A testTermParserHeap.A::next;, formerValue: A testTermParserHeap.A::next; 
13931      INFO  Test worker     d.u.i.k.n.KeyIO           Parsing took 0 ms 
13932      DEBUG Test worker     d.u.i.k.n.KeyIO           Load declarations of de.uka.ilkd.key.nparser.KeyAst$File:  <unknown>:1#1 
13932      INFO  Test worker     d.u.i.k.n.KeyIO           MODE: declarations took 0 ms 
13932      DEBUG Test worker     d.u.i.k.n.KeyIO           MODE: 2nd degree decls took 0 
13933      INFO  Test worker     d.u.i.k.n.KeyIO           Parsing took 0 ms 
13933      DEBUG Test worker     d.u.i.k.n.KeyIO           Load declarations of de.uka.ilkd.key.nparser.KeyAst$File:  <unknown>:1#1 
13933      INFO  Test worker     d.u.i.k.n.KeyIO           MODE: declarations took 0 ms 
13934      DEBUG Test worker     d.u.i.k.n.KeyIO           MODE: 2nd degree decls took 0 
14083      ERROR Test worker     d.u.i.k.j.KeYJPMapping    Duplicate registration of node: boolean, formerNode: /*@ pure @*/
boolean 
14134      ERROR Test worker     d.u.i.k.j.KeYJPMapping    Duplicate registration of node: /*@pure*/
int, formerNode: int 
14137      ERROR Test worker     d.u.i.k.j.KeYJPMapping    Duplicate registration of node: /*@ helper */
int, formerNode: int 
14138      ERROR Test worker     d.u.i.k.j.KeYJPMapping    Duplicate registration of node: /*@ helper */
boolean, formerNode: /*@ pure @*/
boolean 
14138      ERROR Test worker     d.u.i.k.j.KeYJPMapping    Duplicate registration of node: /*@ helper */
char, formerNode: char 
14140      ERROR Test worker     d.u.i.k.j.KeYJPMapping    Duplicate registration of node: byte[], formerNode: byte[] 
14144      ERROR Test worker     d.u.i.k.j.KeYJPMapping    Duplicate registration of node: /*@ helper */
java.lang.String, formerNode: java.lang.String 
14166      ERROR Test worker     d.u.i.k.j.KeYJPMapping    Duplicate registration of node: /*@strictly_pure*/
java.lang.String, formerNode: java.lang.String 
14171      ERROR Test worker     d.u.i.k.j.KeYJPMapping    Duplicate registration of node: /*@nullable@*/
Object, formerNode: Object 
14211      ERROR Test worker     d.u.i.k.j.KeYJPMapping    Duplicate registration of node: /*@pure@*/
String, formerNode: String 
14213      ERROR Test worker     d.u.i.k.j.KeYJPMapping    Duplicate registration of node: char[], formerNode: char[] 
14213      ERROR Test worker     d.u.i.k.j.KeYJPMapping    Duplicate registration of node: int[], formerNode: int[] 
14229      ERROR Test worker     d.u.i.k.j.KeYJPMapping    Duplicate registration of value: testTermParserHeap.A::next;, formerValue: testTermParserHeap.A::next; 
14229      ERROR Test worker     d.u.i.k.j.KeYJPMapping    Duplicate registration of value: A testTermParserHeap.A::next;, formerValue: A testTermParserHeap.A::next; 
]]></system-err>
</testsuite>
