<?xml version="1.0" encoding="UTF-8"?>
<testsuite name="de.uka.ilkd.key.rule.metaconstruct.TestProgramMetaConstructs" tests="7" skipped="1" failures="0" errors="0" timestamp="2023-06-12T16:44:57" hostname="fv-az336-283" time="0.193">
  <properties/>
  <testcase name="testForInitUnfoldTransformer1()" classname="de.uka.ilkd.key.rule.metaconstruct.TestProgramMetaConstructs" time="0.033"/>
  <testcase name="testForInitUnfoldTransformer2()" classname="de.uka.ilkd.key.rule.metaconstruct.TestProgramMetaConstructs" time="0.032"/>
  <testcase name="testForInitUnfoldTransformer3()" classname="de.uka.ilkd.key.rule.metaconstruct.TestProgramMetaConstructs" time="0.03"/>
  <testcase name="testBugId183()" classname="de.uka.ilkd.key.rule.metaconstruct.TestProgramMetaConstructs" time="0.036"/>
  <testcase name="testASTWalker()" classname="de.uka.ilkd.key.rule.metaconstruct.TestProgramMetaConstructs" time="0.0">
    <skipped/>
  </testcase>
  <testcase name="testDoBreak()" classname="de.uka.ilkd.key.rule.metaconstruct.TestProgramMetaConstructs" time="0.03"/>
  <testcase name="testTypeOf()" classname="de.uka.ilkd.key.rule.metaconstruct.TestProgramMetaConstructs" time="0.031"/>
  <system-out><![CDATA[]]></system-out>
  <system-err><![CDATA[]]></system-err>
</testsuite>
