<?xml version="1.0" encoding="UTF-8"?>
<testsuite name="de.uka.ilkd.key.logic.TestLocalSymbols" tests="2" skipped="0" failures="0" errors="0" timestamp="2023-06-12T16:43:46" hostname="fv-az336-283" time="5.33">
  <properties/>
  <testcase name="testSkolemization()" classname="de.uka.ilkd.key.logic.TestLocalSymbols" time="0.046"/>
  <testcase name="testDoubleInstantiation()" classname="de.uka.ilkd.key.logic.TestLocalSymbols" time="5.283"/>
  <system-out><![CDATA[]]></system-out>
  <system-err><![CDATA[14323      DEBUG Test worker     d.u.i.k.p.m.ProofCorrectnessMgt No justification found for rule and_right 
14325      DEBUG Test worker     d.u.i.k.p.m.ProofCorrectnessMgt No justification found for rule or_right 
14327      DEBUG Test worker     d.u.i.k.p.m.ProofCorrectnessMgt No justification found for rule all_right 
14328      DEBUG Test worker     d.u.i.k.p.m.ProofCorrectnessMgt No justification found for rule all_right 
14329      DEBUG Test worker     d.u.i.k.p.m.ProofCorrectnessMgt No justification found for rule or_right 
14329      DEBUG Test worker     d.u.i.k.p.m.ProofCorrectnessMgt No justification found for rule all_right 
14330      DEBUG Test worker     d.u.i.k.p.m.ProofCorrectnessMgt No justification found for rule all_right 
14335      DEBUG Test worker     d.u.i.k.p.m.ProofCorrectnessMgt No justification found for rule and_right 
14336      DEBUG Test worker     d.u.i.k.p.m.ProofCorrectnessMgt No justification found for rule or_right 
14336      DEBUG Test worker     d.u.i.k.p.m.ProofCorrectnessMgt No justification found for rule all_right 
14337      DEBUG Test worker     d.u.i.k.p.m.ProofCorrectnessMgt No justification found for rule all_right 
14338      DEBUG Test worker     d.u.i.k.p.m.ProofCorrectnessMgt No justification found for rule or_right 
14339      DEBUG Test worker     d.u.i.k.p.m.ProofCorrectnessMgt No justification found for rule all_right 
14339      DEBUG Test worker     d.u.i.k.p.m.ProofCorrectnessMgt No justification found for rule all_right 
14354      INFO  Test worker     d.u.i.k.p.i.AbstractProblemLoader Loading environment from src/test/resources/testcase/localSymbols/doubleSkolem.key 
14358      DEBUG Test worker     d.u.i.k.p.i.AbstractProblemLoader Environment load took 563.31ns 
14359      INFO  Test worker     d.u.i.k.p.i.AbstractProblemLoader Creating init config 
14544      ERROR Test worker     d.u.i.k.n.b.AbstractBuilder  com.github.javaparser.resolution.UnsolvedSymbolException: Unsolved symbol in de.uka.ilkd.key.java.JavaParserFactory$DynamicTypeSolver@dc54576 : java.lang.Object
	at com.github.javaparser.resolution.TypeSolver.solveType(TypeSolver.java:71)

14546      ERROR Test worker     d.u.i.k.n.b.TacletPBuilder Error in parsing taclet. de.uka.ilkd.key.util.parsing.BuildingException: Unsolved symbol in de.uka.ilkd.key.java.JavaParserFactory$DynamicTypeSolver@dc54576 : java.lang.Object at file:/home/runner/work/key/key/key.core/build/resources/main/de/uka/ilkd/key/proof/rules/integerRulesCommon.key:37:15
	at de.uka.ilkd.key.nparser.builder.AbstractBuilder.accept(AbstractBuilder.java:54)
Caused by: com.github.javaparser.resolution.UnsolvedSymbolException: Unsolved symbol in de.uka.ilkd.key.java.JavaParserFactory$DynamicTypeSolver@dc54576 : java.lang.Object
	at com.github.javaparser.resolution.TypeSolver.solveType(TypeSolver.java:71)

14550      ERROR Test worker     d.u.i.k.n.b.AbstractBuilder  com.github.javaparser.resolution.UnsolvedSymbolException: Unsolved symbol in de.uka.ilkd.key.java.JavaParserFactory$DynamicTypeSolver@dc54576 : java.lang.Object
	at com.github.javaparser.resolution.TypeSolver.solveType(TypeSolver.java:71)

14550      ERROR Test worker     d.u.i.k.n.b.TacletPBuilder Error in parsing taclet. de.uka.ilkd.key.util.parsing.BuildingException: Unsolved symbol in de.uka.ilkd.key.java.JavaParserFactory$DynamicTypeSolver@dc54576 : java.lang.Object at file:/home/runner/work/key/key/key.core/build/resources/main/de/uka/ilkd/key/proof/rules/integerRulesCommon.key:43:15
	at de.uka.ilkd.key.nparser.builder.AbstractBuilder.accept(AbstractBuilder.java:54)
Caused by: com.github.javaparser.resolution.UnsolvedSymbolException: Unsolved symbol in de.uka.ilkd.key.java.JavaParserFactory$DynamicTypeSolver@dc54576 : java.lang.Object
	at com.github.javaparser.resolution.TypeSolver.solveType(TypeSolver.java:71)

14555      ERROR Test worker     d.u.i.k.n.b.AbstractBuilder  com.github.javaparser.resolution.UnsolvedSymbolException: Unsolved symbol in de.uka.ilkd.key.java.JavaParserFactory$DynamicTypeSolver@dc54576 : java.lang.Object
	at com.github.javaparser.resolution.TypeSolver.solveType(TypeSolver.java:71)

14556      ERROR Test worker     d.u.i.k.n.b.TacletPBuilder Error in parsing taclet. de.uka.ilkd.key.util.parsing.BuildingException: Unsolved symbol in de.uka.ilkd.key.java.JavaParserFactory$DynamicTypeSolver@dc54576 : java.lang.Object at file:/home/runner/work/key/key/key.core/build/resources/main/de/uka/ilkd/key/proof/rules/integerRulesCommon.key:52:15
	at de.uka.ilkd.key.nparser.builder.AbstractBuilder.accept(AbstractBuilder.java:54)
Caused by: com.github.javaparser.resolution.UnsolvedSymbolException: Unsolved symbol in de.uka.ilkd.key.java.JavaParserFactory$DynamicTypeSolver@dc54576 : java.lang.Object
	at com.github.javaparser.resolution.TypeSolver.solveType(TypeSolver.java:71)

14559      ERROR Test worker     d.u.i.k.n.b.AbstractBuilder  com.github.javaparser.resolution.UnsolvedSymbolException: Unsolved symbol in de.uka.ilkd.key.java.JavaParserFactory$DynamicTypeSolver@dc54576 : java.lang.Object
	at com.github.javaparser.resolution.TypeSolver.solveType(TypeSolver.java:71)

14560      ERROR Test worker     d.u.i.k.n.b.TacletPBuilder Error in parsing taclet. de.uka.ilkd.key.util.parsing.BuildingException: Unsolved symbol in de.uka.ilkd.key.java.JavaParserFactory$DynamicTypeSolver@dc54576 : java.lang.Object at file:/home/runner/work/key/key/key.core/build/resources/main/de/uka/ilkd/key/proof/rules/integerRulesCommon.key:65:15
	at de.uka.ilkd.key.nparser.builder.AbstractBuilder.accept(AbstractBuilder.java:54)
Caused by: com.github.javaparser.resolution.UnsolvedSymbolException: Unsolved symbol in de.uka.ilkd.key.java.JavaParserFactory$DynamicTypeSolver@dc54576 : java.lang.Object
	at com.github.javaparser.resolution.TypeSolver.solveType(TypeSolver.java:71)

14563      ERROR Test worker     d.u.i.k.n.b.AbstractBuilder  com.github.javaparser.resolution.UnsolvedSymbolException: Unsolved symbol in de.uka.ilkd.key.java.JavaParserFactory$DynamicTypeSolver@dc54576 : java.lang.Object
	at com.github.javaparser.resolution.TypeSolver.solveType(TypeSolver.java:71)

14564      ERROR Test worker     d.u.i.k.n.b.TacletPBuilder Error in parsing taclet. de.uka.ilkd.key.util.parsing.BuildingException: Unsolved symbol in de.uka.ilkd.key.java.JavaParserFactory$DynamicTypeSolver@dc54576 : java.lang.Object at file:/home/runner/work/key/key/key.core/build/resources/main/de/uka/ilkd/key/proof/rules/integerRulesCommon.key:73:15
	at de.uka.ilkd.key.nparser.builder.AbstractBuilder.accept(AbstractBuilder.java:54)
Caused by: com.github.javaparser.resolution.UnsolvedSymbolException: Unsolved symbol in de.uka.ilkd.key.java.JavaParserFactory$DynamicTypeSolver@dc54576 : java.lang.Object
	at com.github.javaparser.resolution.TypeSolver.solveType(TypeSolver.java:71)

14567      ERROR Test worker     d.u.i.k.n.b.AbstractBuilder  com.github.javaparser.resolution.UnsolvedSymbolException: Unsolved symbol in de.uka.ilkd.key.java.JavaParserFactory$DynamicTypeSolver@dc54576 : java.lang.Object
	at com.github.javaparser.resolution.TypeSolver.solveType(TypeSolver.java:71)

14568      ERROR Test worker     d.u.i.k.n.b.TacletPBuilder Error in parsing taclet. de.uka.ilkd.key.util.parsing.BuildingException: Unsolved symbol in de.uka.ilkd.key.java.JavaParserFactory$DynamicTypeSolver@dc54576 : java.lang.Object at file:/home/runner/work/key/key/key.core/build/resources/main/de/uka/ilkd/key/proof/rules/integerRulesCommon.key:81:15
	at de.uka.ilkd.key.nparser.builder.AbstractBuilder.accept(AbstractBuilder.java:54)
Caused by: com.github.javaparser.resolution.UnsolvedSymbolException: Unsolved symbol in de.uka.ilkd.key.java.JavaParserFactory$DynamicTypeSolver@dc54576 : java.lang.Object
	at com.github.javaparser.resolution.TypeSolver.solveType(TypeSolver.java:71)

14572      ERROR Test worker     d.u.i.k.n.b.AbstractBuilder  com.github.javaparser.resolution.UnsolvedSymbolException: Unsolved symbol in de.uka.ilkd.key.java.JavaParserFactory$DynamicTypeSolver@dc54576 : java.lang.Object
	at com.github.javaparser.resolution.TypeSolver.solveType(TypeSolver.java:71)

14573      ERROR Test worker     d.u.i.k.n.b.TacletPBuilder Error in parsing taclet. de.uka.ilkd.key.util.parsing.BuildingException: Unsolved symbol in de.uka.ilkd.key.java.JavaParserFactory$DynamicTypeSolver@dc54576 : java.lang.Object at file:/home/runner/work/key/key/key.core/build/resources/main/de/uka/ilkd/key/proof/rules/integerRulesCommon.key:89:15
	at de.uka.ilkd.key.nparser.builder.AbstractBuilder.accept(AbstractBuilder.java:54)
Caused by: com.github.javaparser.resolution.UnsolvedSymbolException: Unsolved symbol in de.uka.ilkd.key.java.JavaParserFactory$DynamicTypeSolver@dc54576 : java.lang.Object
	at com.github.javaparser.resolution.TypeSolver.solveType(TypeSolver.java:71)

14576      ERROR Test worker     d.u.i.k.n.b.AbstractBuilder  com.github.javaparser.resolution.UnsolvedSymbolException: Unsolved symbol in de.uka.ilkd.key.java.JavaParserFactory$DynamicTypeSolver@dc54576 : java.lang.Object
	at com.github.javaparser.resolution.TypeSolver.solveType(TypeSolver.java:71)

14576      ERROR Test worker     d.u.i.k.n.b.TacletPBuilder Error in parsing taclet. de.uka.ilkd.key.util.parsing.BuildingException: Unsolved symbol in de.uka.ilkd.key.java.JavaParserFactory$DynamicTypeSolver@dc54576 : java.lang.Object at file:/home/runner/work/key/key/key.core/build/resources/main/de/uka/ilkd/key/proof/rules/integerRulesCommon.key:97:15
	at de.uka.ilkd.key.nparser.builder.AbstractBuilder.accept(AbstractBuilder.java:54)
Caused by: com.github.javaparser.resolution.UnsolvedSymbolException: Unsolved symbol in de.uka.ilkd.key.java.JavaParserFactory$DynamicTypeSolver@dc54576 : java.lang.Object
	at com.github.javaparser.resolution.TypeSolver.solveType(TypeSolver.java:71)

14579      ERROR Test worker     d.u.i.k.n.b.AbstractBuilder  com.github.javaparser.resolution.UnsolvedSymbolException: Unsolved symbol in de.uka.ilkd.key.java.JavaParserFactory$DynamicTypeSolver@dc54576 : java.lang.Object
	at com.github.javaparser.resolution.TypeSolver.solveType(TypeSolver.java:71)

14580      ERROR Test worker     d.u.i.k.n.b.TacletPBuilder Error in parsing taclet. de.uka.ilkd.key.util.parsing.BuildingException: Unsolved symbol in de.uka.ilkd.key.java.JavaParserFactory$DynamicTypeSolver@dc54576 : java.lang.Object at file:/home/runner/work/key/key/key.core/build/resources/main/de/uka/ilkd/key/proof/rules/integerRulesCommon.key:105:15
	at de.uka.ilkd.key.nparser.builder.AbstractBuilder.accept(AbstractBuilder.java:54)
Caused by: com.github.javaparser.resolution.UnsolvedSymbolException: Unsolved symbol in de.uka.ilkd.key.java.JavaParserFactory$DynamicTypeSolver@dc54576 : java.lang.Object
	at com.github.javaparser.resolution.TypeSolver.solveType(TypeSolver.java:71)

14583      ERROR Test worker     d.u.i.k.n.b.AbstractBuilder  com.github.javaparser.resolution.UnsolvedSymbolException: Unsolved symbol in de.uka.ilkd.key.java.JavaParserFactory$DynamicTypeSolver@dc54576 : java.lang.Object
	at com.github.javaparser.resolution.TypeSolver.solveType(TypeSolver.java:71)

14584      ERROR Test worker     d.u.i.k.n.b.TacletPBuilder Error in parsing taclet. de.uka.ilkd.key.util.parsing.BuildingException: Unsolved symbol in de.uka.ilkd.key.java.JavaParserFactory$DynamicTypeSolver@dc54576 : java.lang.Object at file:/home/runner/work/key/key/key.core/build/resources/main/de/uka/ilkd/key/proof/rules/integerRulesCommon.key:113:15
	at de.uka.ilkd.key.nparser.builder.AbstractBuilder.accept(AbstractBuilder.java:54)
Caused by: com.github.javaparser.resolution.UnsolvedSymbolException: Unsolved symbol in de.uka.ilkd.key.java.JavaParserFactory$DynamicTypeSolver@dc54576 : java.lang.Object
	at com.github.javaparser.resolution.TypeSolver.solveType(TypeSolver.java:71)

14587      ERROR Test worker     d.u.i.k.n.b.AbstractBuilder  com.github.javaparser.resolution.UnsolvedSymbolException: Unsolved symbol in de.uka.ilkd.key.java.JavaParserFactory$DynamicTypeSolver@dc54576 : java.lang.Object
	at com.github.javaparser.resolution.TypeSolver.solveType(TypeSolver.java:71)

14588      ERROR Test worker     d.u.i.k.n.b.TacletPBuilder Error in parsing taclet. de.uka.ilkd.key.util.parsing.BuildingException: Unsolved symbol in de.uka.ilkd.key.java.JavaParserFactory$DynamicTypeSolver@dc54576 : java.lang.Object at file:/home/runner/work/key/key/key.core/build/resources/main/de/uka/ilkd/key/proof/rules/integerRulesCommon.key:120:15
	at de.uka.ilkd.key.nparser.builder.AbstractBuilder.accept(AbstractBuilder.java:54)
Caused by: com.github.javaparser.resolution.UnsolvedSymbolException: Unsolved symbol in de.uka.ilkd.key.java.JavaParserFactory$DynamicTypeSolver@dc54576 : java.lang.Object
	at com.github.javaparser.resolution.TypeSolver.solveType(TypeSolver.java:71)

14591      ERROR Test worker     d.u.i.k.n.b.AbstractBuilder  com.github.javaparser.resolution.UnsolvedSymbolException: Unsolved symbol in de.uka.ilkd.key.java.JavaParserFactory$DynamicTypeSolver@dc54576 : java.lang.Object
	at com.github.javaparser.resolution.TypeSolver.solveType(TypeSolver.java:71)

14591      ERROR Test worker     d.u.i.k.n.b.TacletPBuilder Error in parsing taclet. de.uka.ilkd.key.util.parsing.BuildingException: Unsolved symbol in de.uka.ilkd.key.java.JavaParserFactory$DynamicTypeSolver@dc54576 : java.lang.Object at file:/home/runner/work/key/key/key.core/build/resources/main/de/uka/ilkd/key/proof/rules/integerRulesCommon.key:127:15
	at de.uka.ilkd.key.nparser.builder.AbstractBuilder.accept(AbstractBuilder.java:54)
Caused by: com.github.javaparser.resolution.UnsolvedSymbolException: Unsolved symbol in de.uka.ilkd.key.java.JavaParserFactory$DynamicTypeSolver@dc54576 : java.lang.Object
	at com.github.javaparser.resolution.TypeSolver.solveType(TypeSolver.java:71)

14831      DEBUG Test worker     d.u.i.k.j.TypeConverter   No LDT found for Meta 
14832      DEBUG Test worker     d.u.i.k.j.TypeConverter   No LDT found for Meta 
14834      DEBUG Test worker     d.u.i.k.j.TypeConverter   No LDT found for Meta 
14835      DEBUG Test worker     d.u.i.k.j.TypeConverter   No LDT found for Meta 
15242      ERROR Test worker     d.u.i.k.n.b.AbstractBuilder  com.github.javaparser.resolution.UnsolvedSymbolException: Unsolved symbol in de.uka.ilkd.key.java.JavaParserFactory$DynamicTypeSolver@dc54576 : java.lang.Object
	at com.github.javaparser.resolution.TypeSolver.solveType(TypeSolver.java:71)

15243      ERROR Test worker     d.u.i.k.n.b.TacletPBuilder Error in parsing taclet. de.uka.ilkd.key.util.parsing.BuildingException: Unsolved symbol in de.uka.ilkd.key.java.JavaParserFactory$DynamicTypeSolver@dc54576 : java.lang.Object at file:/home/runner/work/key/key/key.core/build/resources/main/de/uka/ilkd/key/proof/rules/floatRulesAssumeStrictfp.key:77:15
	at de.uka.ilkd.key.nparser.builder.AbstractBuilder.accept(AbstractBuilder.java:54)
Caused by: com.github.javaparser.resolution.UnsolvedSymbolException: Unsolved symbol in de.uka.ilkd.key.java.JavaParserFactory$DynamicTypeSolver@dc54576 : java.lang.Object
	at com.github.javaparser.resolution.TypeSolver.solveType(TypeSolver.java:71)

15244      ERROR Test worker     d.u.i.k.n.b.TacletPBuilder Override: #loc (program Variable) #loc (program Variable) 
15244      ERROR Test worker     d.u.i.k.n.b.TacletPBuilder Override: #se (program SimpleExpression) #se (program SimpleExpression) 
15244      ERROR Test worker     d.u.i.k.n.b.TacletPBuilder Override: post (formula) post (formula) 
15247      ERROR Test worker     d.u.i.k.n.b.AbstractBuilder  com.github.javaparser.resolution.UnsolvedSymbolException: Unsolved symbol in de.uka.ilkd.key.java.JavaParserFactory$DynamicTypeSolver@dc54576 : java.lang.Object
	at com.github.javaparser.resolution.TypeSolver.solveType(TypeSolver.java:71)

15248      ERROR Test worker     d.u.i.k.n.b.TacletPBuilder Error in parsing taclet. de.uka.ilkd.key.util.parsing.BuildingException: Unsolved symbol in de.uka.ilkd.key.java.JavaParserFactory$DynamicTypeSolver@dc54576 : java.lang.Object at file:/home/runner/work/key/key/key.core/build/resources/main/de/uka/ilkd/key/proof/rules/floatRulesAssumeStrictfp.key:87:15
	at de.uka.ilkd.key.nparser.builder.AbstractBuilder.accept(AbstractBuilder.java:54)
Caused by: com.github.javaparser.resolution.UnsolvedSymbolException: Unsolved symbol in de.uka.ilkd.key.java.JavaParserFactory$DynamicTypeSolver@dc54576 : java.lang.Object
	at com.github.javaparser.resolution.TypeSolver.solveType(TypeSolver.java:71)

15257      ERROR Test worker     d.u.i.k.n.b.TacletPBuilder Override: #loc (program Variable) #loc (program Variable) 
15257      ERROR Test worker     d.u.i.k.n.b.TacletPBuilder Override: #se (program SimpleExpression) #se (program SimpleExpression) 
15257      ERROR Test worker     d.u.i.k.n.b.TacletPBuilder Override: post (formula) post (formula) 
15260      ERROR Test worker     d.u.i.k.n.b.AbstractBuilder  com.github.javaparser.resolution.UnsolvedSymbolException: Unsolved symbol in de.uka.ilkd.key.java.JavaParserFactory$DynamicTypeSolver@dc54576 : java.lang.Object
	at com.github.javaparser.resolution.TypeSolver.solveType(TypeSolver.java:71)

15261      ERROR Test worker     d.u.i.k.n.b.TacletPBuilder Error in parsing taclet. de.uka.ilkd.key.util.parsing.BuildingException: Unsolved symbol in de.uka.ilkd.key.java.JavaParserFactory$DynamicTypeSolver@dc54576 : java.lang.Object at file:/home/runner/work/key/key/key.core/build/resources/main/de/uka/ilkd/key/proof/rules/floatRulesAssumeStrictfp.key:97:15
	at de.uka.ilkd.key.nparser.builder.AbstractBuilder.accept(AbstractBuilder.java:54)
Caused by: com.github.javaparser.resolution.UnsolvedSymbolException: Unsolved symbol in de.uka.ilkd.key.java.JavaParserFactory$DynamicTypeSolver@dc54576 : java.lang.Object
	at com.github.javaparser.resolution.TypeSolver.solveType(TypeSolver.java:71)

15262      ERROR Test worker     d.u.i.k.n.b.TacletPBuilder Override: #loc (program Variable) #loc (program Variable) 
15262      ERROR Test worker     d.u.i.k.n.b.TacletPBuilder Override: #se (program SimpleExpression) #se (program SimpleExpression) 
15262      ERROR Test worker     d.u.i.k.n.b.TacletPBuilder Override: post (formula) post (formula) 
15265      ERROR Test worker     d.u.i.k.n.b.AbstractBuilder  com.github.javaparser.resolution.UnsolvedSymbolException: Unsolved symbol in de.uka.ilkd.key.java.JavaParserFactory$DynamicTypeSolver@dc54576 : java.lang.Object
	at com.github.javaparser.resolution.TypeSolver.solveType(TypeSolver.java:71)

15265      ERROR Test worker     d.u.i.k.n.b.TacletPBuilder Error in parsing taclet. de.uka.ilkd.key.util.parsing.BuildingException: Unsolved symbol in de.uka.ilkd.key.java.JavaParserFactory$DynamicTypeSolver@dc54576 : java.lang.Object at file:/home/runner/work/key/key/key.core/build/resources/main/de/uka/ilkd/key/proof/rules/floatRulesAssumeStrictfp.key:107:15
	at de.uka.ilkd.key.nparser.builder.AbstractBuilder.accept(AbstractBuilder.java:54)
Caused by: com.github.javaparser.resolution.UnsolvedSymbolException: Unsolved symbol in de.uka.ilkd.key.java.JavaParserFactory$DynamicTypeSolver@dc54576 : java.lang.Object
	at com.github.javaparser.resolution.TypeSolver.solveType(TypeSolver.java:71)

15266      ERROR Test worker     d.u.i.k.n.b.TacletPBuilder Override: #loc (program Variable) #loc (program Variable) 
15267      ERROR Test worker     d.u.i.k.n.b.TacletPBuilder Override: #se (program SimpleExpression) #se (program SimpleExpression) 
15267      ERROR Test worker     d.u.i.k.n.b.TacletPBuilder Override: post (formula) post (formula) 
15283      ERROR Test worker     d.u.i.k.n.b.AbstractBuilder  com.github.javaparser.resolution.UnsolvedSymbolException: Unsolved symbol in de.uka.ilkd.key.java.JavaParserFactory$DynamicTypeSolver@dc54576 : java.lang.Object
	at com.github.javaparser.resolution.TypeSolver.solveType(TypeSolver.java:71)

15283      ERROR Test worker     d.u.i.k.n.b.TacletPBuilder Error in parsing taclet. de.uka.ilkd.key.util.parsing.BuildingException: Unsolved symbol in de.uka.ilkd.key.java.JavaParserFactory$DynamicTypeSolver@dc54576 : java.lang.Object at file:/home/runner/work/key/key/key.core/build/resources/main/de/uka/ilkd/key/proof/rules/floatRulesAssumeStrictfp.key:117:15
	at de.uka.ilkd.key.nparser.builder.AbstractBuilder.accept(AbstractBuilder.java:54)
Caused by: com.github.javaparser.resolution.UnsolvedSymbolException: Unsolved symbol in de.uka.ilkd.key.java.JavaParserFactory$DynamicTypeSolver@dc54576 : java.lang.Object
	at com.github.javaparser.resolution.TypeSolver.solveType(TypeSolver.java:71)

15285      ERROR Test worker     d.u.i.k.n.b.TacletPBuilder Override: #loc (program Variable) #loc (program Variable) 
15285      ERROR Test worker     d.u.i.k.n.b.TacletPBuilder Override: post (formula) post (formula) 
15287      ERROR Test worker     d.u.i.k.n.b.AbstractBuilder  com.github.javaparser.resolution.UnsolvedSymbolException: Unsolved symbol in de.uka.ilkd.key.java.JavaParserFactory$DynamicTypeSolver@dc54576 : java.lang.Object
	at com.github.javaparser.resolution.TypeSolver.solveType(TypeSolver.java:71)

15287      ERROR Test worker     d.u.i.k.n.b.TacletPBuilder Error in parsing taclet. de.uka.ilkd.key.util.parsing.BuildingException: Unsolved symbol in de.uka.ilkd.key.java.JavaParserFactory$DynamicTypeSolver@dc54576 : java.lang.Object at file:/home/runner/work/key/key/key.core/build/resources/main/de/uka/ilkd/key/proof/rules/floatRulesAssumeStrictfp.key:128:15
	at de.uka.ilkd.key.nparser.builder.AbstractBuilder.accept(AbstractBuilder.java:54)
Caused by: com.github.javaparser.resolution.UnsolvedSymbolException: Unsolved symbol in de.uka.ilkd.key.java.JavaParserFactory$DynamicTypeSolver@dc54576 : java.lang.Object
	at com.github.javaparser.resolution.TypeSolver.solveType(TypeSolver.java:71)

15287      ERROR Test worker     d.u.i.k.n.b.TacletPBuilder Override: #loc (program Variable) #loc (program Variable) 
15287      ERROR Test worker     d.u.i.k.n.b.TacletPBuilder Override: #se (program SimpleExpression) #se (program SimpleExpression) 
15287      ERROR Test worker     d.u.i.k.n.b.TacletPBuilder Override: post (formula) post (formula) 
15290      ERROR Test worker     d.u.i.k.n.b.AbstractBuilder  com.github.javaparser.resolution.UnsolvedSymbolException: Unsolved symbol in de.uka.ilkd.key.java.JavaParserFactory$DynamicTypeSolver@dc54576 : java.lang.Object
	at com.github.javaparser.resolution.TypeSolver.solveType(TypeSolver.java:71)

15291      ERROR Test worker     d.u.i.k.n.b.TacletPBuilder Error in parsing taclet. de.uka.ilkd.key.util.parsing.BuildingException: Unsolved symbol in de.uka.ilkd.key.java.JavaParserFactory$DynamicTypeSolver@dc54576 : java.lang.Object at file:/home/runner/work/key/key/key.core/build/resources/main/de/uka/ilkd/key/proof/rules/floatRulesAssumeStrictfp.key:138:15
	at de.uka.ilkd.key.nparser.builder.AbstractBuilder.accept(AbstractBuilder.java:54)
Caused by: com.github.javaparser.resolution.UnsolvedSymbolException: Unsolved symbol in de.uka.ilkd.key.java.JavaParserFactory$DynamicTypeSolver@dc54576 : java.lang.Object
	at com.github.javaparser.resolution.TypeSolver.solveType(TypeSolver.java:71)

15292      ERROR Test worker     d.u.i.k.n.b.TacletPBuilder Override: #loc (program Variable) #loc (program Variable) 
15292      ERROR Test worker     d.u.i.k.n.b.TacletPBuilder Override: #se1 (program SimpleExpression) #se1 (program SimpleExpression) 
15293      ERROR Test worker     d.u.i.k.n.b.TacletPBuilder Override: #se2 (program SimpleExpression) #se2 (program SimpleExpression) 
15293      ERROR Test worker     d.u.i.k.n.b.TacletPBuilder Override: post (formula) post (formula) 
15295      ERROR Test worker     d.u.i.k.n.b.AbstractBuilder  com.github.javaparser.resolution.UnsolvedSymbolException: Unsolved symbol in de.uka.ilkd.key.java.JavaParserFactory$DynamicTypeSolver@dc54576 : java.lang.Object
	at com.github.javaparser.resolution.TypeSolver.solveType(TypeSolver.java:71)

15296      ERROR Test worker     d.u.i.k.n.b.TacletPBuilder Error in parsing taclet. de.uka.ilkd.key.util.parsing.BuildingException: Unsolved symbol in de.uka.ilkd.key.java.JavaParserFactory$DynamicTypeSolver@dc54576 : java.lang.Object at file:/home/runner/work/key/key/key.core/build/resources/main/de/uka/ilkd/key/proof/rules/floatRulesAssumeStrictfp.key:149:15
	at de.uka.ilkd.key.nparser.builder.AbstractBuilder.accept(AbstractBuilder.java:54)
Caused by: com.github.javaparser.resolution.UnsolvedSymbolException: Unsolved symbol in de.uka.ilkd.key.java.JavaParserFactory$DynamicTypeSolver@dc54576 : java.lang.Object
	at com.github.javaparser.resolution.TypeSolver.solveType(TypeSolver.java:71)

15297      ERROR Test worker     d.u.i.k.n.b.TacletPBuilder Override: #loc (program Variable) #loc (program Variable) 
15297      ERROR Test worker     d.u.i.k.n.b.TacletPBuilder Override: #se (program SimpleExpression) #se (program SimpleExpression) 
15297      ERROR Test worker     d.u.i.k.n.b.TacletPBuilder Override: post (formula) post (formula) 
15299      ERROR Test worker     d.u.i.k.n.b.AbstractBuilder  com.github.javaparser.resolution.UnsolvedSymbolException: Unsolved symbol in de.uka.ilkd.key.java.JavaParserFactory$DynamicTypeSolver@dc54576 : java.lang.Object
	at com.github.javaparser.resolution.TypeSolver.solveType(TypeSolver.java:71)

15300      ERROR Test worker     d.u.i.k.n.b.TacletPBuilder Error in parsing taclet. de.uka.ilkd.key.util.parsing.BuildingException: Unsolved symbol in de.uka.ilkd.key.java.JavaParserFactory$DynamicTypeSolver@dc54576 : java.lang.Object at file:/home/runner/work/key/key/key.core/build/resources/main/de/uka/ilkd/key/proof/rules/floatRulesAssumeStrictfp.key:159:15
	at de.uka.ilkd.key.nparser.builder.AbstractBuilder.accept(AbstractBuilder.java:54)
Caused by: com.github.javaparser.resolution.UnsolvedSymbolException: Unsolved symbol in de.uka.ilkd.key.java.JavaParserFactory$DynamicTypeSolver@dc54576 : java.lang.Object
	at com.github.javaparser.resolution.TypeSolver.solveType(TypeSolver.java:71)

15301      ERROR Test worker     d.u.i.k.n.b.TacletPBuilder Override: #loc (program Variable) #loc (program Variable) 
15301      ERROR Test worker     d.u.i.k.n.b.TacletPBuilder Override: #se (program SimpleExpression) #se (program SimpleExpression) 
15302      ERROR Test worker     d.u.i.k.n.b.TacletPBuilder Override: post (formula) post (formula) 
15304      ERROR Test worker     d.u.i.k.n.b.AbstractBuilder  com.github.javaparser.resolution.UnsolvedSymbolException: Unsolved symbol in de.uka.ilkd.key.java.JavaParserFactory$DynamicTypeSolver@dc54576 : java.lang.Object
	at com.github.javaparser.resolution.TypeSolver.solveType(TypeSolver.java:71)

15305      ERROR Test worker     d.u.i.k.n.b.TacletPBuilder Error in parsing taclet. de.uka.ilkd.key.util.parsing.BuildingException: Unsolved symbol in de.uka.ilkd.key.java.JavaParserFactory$DynamicTypeSolver@dc54576 : java.lang.Object at file:/home/runner/work/key/key/key.core/build/resources/main/de/uka/ilkd/key/proof/rules/floatRulesAssumeStrictfp.key:169:15
	at de.uka.ilkd.key.nparser.builder.AbstractBuilder.accept(AbstractBuilder.java:54)
Caused by: com.github.javaparser.resolution.UnsolvedSymbolException: Unsolved symbol in de.uka.ilkd.key.java.JavaParserFactory$DynamicTypeSolver@dc54576 : java.lang.Object
	at com.github.javaparser.resolution.TypeSolver.solveType(TypeSolver.java:71)

15765      ERROR Test worker     d.u.i.k.n.b.AbstractBuilder  com.github.javaparser.resolution.UnsolvedSymbolException: Unsolved symbol in de.uka.ilkd.key.java.JavaParserFactory$DynamicTypeSolver@dc54576 : java.lang.Object
	at com.github.javaparser.resolution.TypeSolver.solveType(TypeSolver.java:71)

15766      ERROR Test worker     d.u.i.k.n.b.TacletPBuilder Error in parsing taclet. de.uka.ilkd.key.util.parsing.BuildingException: Unsolved symbol in de.uka.ilkd.key.java.JavaParserFactory$DynamicTypeSolver@dc54576 : java.lang.Object at file:/home/runner/work/key/key/key.core/build/resources/main/de/uka/ilkd/key/proof/rules/assertions.key:16:15
	at de.uka.ilkd.key.nparser.builder.AbstractBuilder.accept(AbstractBuilder.java:54)
Caused by: com.github.javaparser.resolution.UnsolvedSymbolException: Unsolved symbol in de.uka.ilkd.key.java.JavaParserFactory$DynamicTypeSolver@dc54576 : java.lang.Object
	at com.github.javaparser.resolution.TypeSolver.solveType(TypeSolver.java:71)

15770      ERROR Test worker     d.u.i.k.n.b.AbstractBuilder  com.github.javaparser.resolution.UnsolvedSymbolException: Unsolved symbol in de.uka.ilkd.key.java.JavaParserFactory$DynamicTypeSolver@dc54576 : java.lang.Object
	at com.github.javaparser.resolution.TypeSolver.solveType(TypeSolver.java:71)

15771      ERROR Test worker     d.u.i.k.n.b.TacletPBuilder Error in parsing taclet. de.uka.ilkd.key.util.parsing.BuildingException: Unsolved symbol in de.uka.ilkd.key.java.JavaParserFactory$DynamicTypeSolver@dc54576 : java.lang.Object at file:/home/runner/work/key/key/key.core/build/resources/main/de/uka/ilkd/key/proof/rules/assertions.key:25:15
	at de.uka.ilkd.key.nparser.builder.AbstractBuilder.accept(AbstractBuilder.java:54)
Caused by: com.github.javaparser.resolution.UnsolvedSymbolException: Unsolved symbol in de.uka.ilkd.key.java.JavaParserFactory$DynamicTypeSolver@dc54576 : java.lang.Object
	at com.github.javaparser.resolution.TypeSolver.solveType(TypeSolver.java:71)

15774      ERROR Test worker     d.u.i.k.n.b.AbstractBuilder  com.github.javaparser.resolution.UnsolvedSymbolException: Unsolved symbol in de.uka.ilkd.key.java.JavaParserFactory$DynamicTypeSolver@dc54576 : java.lang.Object
	at com.github.javaparser.resolution.TypeSolver.solveType(TypeSolver.java:71)

15775      ERROR Test worker     d.u.i.k.n.b.TacletPBuilder Error in parsing taclet. de.uka.ilkd.key.util.parsing.BuildingException: Unsolved symbol in de.uka.ilkd.key.java.JavaParserFactory$DynamicTypeSolver@dc54576 : java.lang.Object at file:/home/runner/work/key/key/key.core/build/resources/main/de/uka/ilkd/key/proof/rules/assertions.key:34:15
	at de.uka.ilkd.key.nparser.builder.AbstractBuilder.accept(AbstractBuilder.java:54)
Caused by: com.github.javaparser.resolution.UnsolvedSymbolException: Unsolved symbol in de.uka.ilkd.key.java.JavaParserFactory$DynamicTypeSolver@dc54576 : java.lang.Object
	at com.github.javaparser.resolution.TypeSolver.solveType(TypeSolver.java:71)

15779      ERROR Test worker     d.u.i.k.n.b.AbstractBuilder  com.github.javaparser.resolution.UnsolvedSymbolException: Unsolved symbol in de.uka.ilkd.key.java.JavaParserFactory$DynamicTypeSolver@dc54576 : java.lang.Object
	at com.github.javaparser.resolution.TypeSolver.solveType(TypeSolver.java:71)

15779      ERROR Test worker     d.u.i.k.n.b.TacletPBuilder Error in parsing taclet. de.uka.ilkd.key.util.parsing.BuildingException: Unsolved symbol in de.uka.ilkd.key.java.JavaParserFactory$DynamicTypeSolver@dc54576 : java.lang.Object at file:/home/runner/work/key/key/key.core/build/resources/main/de/uka/ilkd/key/proof/rules/assertions.key:43:15
	at de.uka.ilkd.key.nparser.builder.AbstractBuilder.accept(AbstractBuilder.java:54)
Caused by: com.github.javaparser.resolution.UnsolvedSymbolException: Unsolved symbol in de.uka.ilkd.key.java.JavaParserFactory$DynamicTypeSolver@dc54576 : java.lang.Object
	at com.github.javaparser.resolution.TypeSolver.solveType(TypeSolver.java:71)

15783      ERROR Test worker     d.u.i.k.n.b.AbstractBuilder  com.github.javaparser.resolution.UnsolvedSymbolException: Unsolved symbol in de.uka.ilkd.key.java.JavaParserFactory$DynamicTypeSolver@dc54576 : java.lang.Object
	at com.github.javaparser.resolution.TypeSolver.solveType(TypeSolver.java:71)

15784      ERROR Test worker     d.u.i.k.n.b.TacletPBuilder Error in parsing taclet. de.uka.ilkd.key.util.parsing.BuildingException: Unsolved symbol in de.uka.ilkd.key.java.JavaParserFactory$DynamicTypeSolver@dc54576 : java.lang.Object at file:/home/runner/work/key/key/key.core/build/resources/main/de/uka/ilkd/key/proof/rules/assertions.key:54:15
	at de.uka.ilkd.key.nparser.builder.AbstractBuilder.accept(AbstractBuilder.java:54)
Caused by: com.github.javaparser.resolution.UnsolvedSymbolException: Unsolved symbol in de.uka.ilkd.key.java.JavaParserFactory$DynamicTypeSolver@dc54576 : java.lang.Object
	at com.github.javaparser.resolution.TypeSolver.solveType(TypeSolver.java:71)

15787      ERROR Test worker     d.u.i.k.n.b.AbstractBuilder  com.github.javaparser.resolution.UnsolvedSymbolException: Unsolved symbol in de.uka.ilkd.key.java.JavaParserFactory$DynamicTypeSolver@dc54576 : java.lang.Object
	at com.github.javaparser.resolution.TypeSolver.solveType(TypeSolver.java:71)

15789      ERROR Test worker     d.u.i.k.n.b.TacletPBuilder Error in parsing taclet. de.uka.ilkd.key.util.parsing.BuildingException: Unsolved symbol in de.uka.ilkd.key.java.JavaParserFactory$DynamicTypeSolver@dc54576 : java.lang.Object at file:/home/runner/work/key/key/key.core/build/resources/main/de/uka/ilkd/key/proof/rules/assertions.key:66:15
	at de.uka.ilkd.key.nparser.builder.AbstractBuilder.accept(AbstractBuilder.java:54)
Caused by: com.github.javaparser.resolution.UnsolvedSymbolException: Unsolved symbol in de.uka.ilkd.key.java.JavaParserFactory$DynamicTypeSolver@dc54576 : java.lang.Object
	at com.github.javaparser.resolution.TypeSolver.solveType(TypeSolver.java:71)

15792      ERROR Test worker     d.u.i.k.n.b.AbstractBuilder  com.github.javaparser.resolution.UnsolvedSymbolException: Unsolved symbol in de.uka.ilkd.key.java.JavaParserFactory$DynamicTypeSolver@dc54576 : java.lang.Object
	at com.github.javaparser.resolution.TypeSolver.solveType(TypeSolver.java:71)

15794      ERROR Test worker     d.u.i.k.n.b.TacletPBuilder Error in parsing taclet. de.uka.ilkd.key.util.parsing.BuildingException: Unsolved symbol in de.uka.ilkd.key.java.JavaParserFactory$DynamicTypeSolver@dc54576 : java.lang.Object at file:/home/runner/work/key/key/key.core/build/resources/main/de/uka/ilkd/key/proof/rules/assertions.key:78:15
	at de.uka.ilkd.key.nparser.builder.AbstractBuilder.accept(AbstractBuilder.java:54)
Caused by: com.github.javaparser.resolution.UnsolvedSymbolException: Unsolved symbol in de.uka.ilkd.key.java.JavaParserFactory$DynamicTypeSolver@dc54576 : java.lang.Object
	at com.github.javaparser.resolution.TypeSolver.solveType(TypeSolver.java:71)

15797      ERROR Test worker     d.u.i.k.n.b.AbstractBuilder  com.github.javaparser.resolution.UnsolvedSymbolException: Unsolved symbol in de.uka.ilkd.key.java.JavaParserFactory$DynamicTypeSolver@dc54576 : java.lang.Object
	at com.github.javaparser.resolution.TypeSolver.solveType(TypeSolver.java:71)

15800      ERROR Test worker     d.u.i.k.n.b.TacletPBuilder Error in parsing taclet. de.uka.ilkd.key.util.parsing.BuildingException: Unsolved symbol in de.uka.ilkd.key.java.JavaParserFactory$DynamicTypeSolver@dc54576 : java.lang.Object at file:/home/runner/work/key/key/key.core/build/resources/main/de/uka/ilkd/key/proof/rules/assertions.key:93:15
	at de.uka.ilkd.key.nparser.builder.AbstractBuilder.accept(AbstractBuilder.java:54)
Caused by: com.github.javaparser.resolution.UnsolvedSymbolException: Unsolved symbol in de.uka.ilkd.key.java.JavaParserFactory$DynamicTypeSolver@dc54576 : java.lang.Object
	at com.github.javaparser.resolution.TypeSolver.solveType(TypeSolver.java:71)

15803      ERROR Test worker     d.u.i.k.n.b.AbstractBuilder  com.github.javaparser.resolution.UnsolvedSymbolException: Unsolved symbol in de.uka.ilkd.key.java.JavaParserFactory$DynamicTypeSolver@dc54576 : java.lang.Object
	at com.github.javaparser.resolution.TypeSolver.solveType(TypeSolver.java:71)

15804      ERROR Test worker     d.u.i.k.n.b.TacletPBuilder Error in parsing taclet. de.uka.ilkd.key.util.parsing.BuildingException: Unsolved symbol in de.uka.ilkd.key.java.JavaParserFactory$DynamicTypeSolver@dc54576 : java.lang.Object at file:/home/runner/work/key/key/key.core/build/resources/main/de/uka/ilkd/key/proof/rules/assertions.key:100:15
	at de.uka.ilkd.key.nparser.builder.AbstractBuilder.accept(AbstractBuilder.java:54)
Caused by: com.github.javaparser.resolution.UnsolvedSymbolException: Unsolved symbol in de.uka.ilkd.key.java.JavaParserFactory$DynamicTypeSolver@dc54576 : java.lang.Object
	at com.github.javaparser.resolution.TypeSolver.solveType(TypeSolver.java:71)

15808      ERROR Test worker     d.u.i.k.n.b.AbstractBuilder  com.github.javaparser.resolution.UnsolvedSymbolException: Unsolved symbol in de.uka.ilkd.key.java.JavaParserFactory$DynamicTypeSolver@dc54576 : java.lang.Object
	at com.github.javaparser.resolution.TypeSolver.solveType(TypeSolver.java:71)

15808      ERROR Test worker     d.u.i.k.n.b.TacletPBuilder Error in parsing taclet. de.uka.ilkd.key.util.parsing.BuildingException: Unsolved symbol in de.uka.ilkd.key.java.JavaParserFactory$DynamicTypeSolver@dc54576 : java.lang.Object at file:/home/runner/work/key/key/key.core/build/resources/main/de/uka/ilkd/key/proof/rules/assertions.key:115:20
	at de.uka.ilkd.key.nparser.builder.AbstractBuilder.accept(AbstractBuilder.java:54)
Caused by: com.github.javaparser.resolution.UnsolvedSymbolException: Unsolved symbol in de.uka.ilkd.key.java.JavaParserFactory$DynamicTypeSolver@dc54576 : java.lang.Object
	at com.github.javaparser.resolution.TypeSolver.solveType(TypeSolver.java:71)

15810      ERROR Test worker     d.u.i.k.n.b.TacletPBuilder Override: f (variable) f (variable) 
15810      ERROR Test worker     d.u.i.k.n.b.TacletPBuilder Override: o (variable) o (variable) 
15810      ERROR Test worker     d.u.i.k.n.b.TacletPBuilder Override: oldHeap (Heap skolem term) oldHeap (Heap skolem term) 
15813      ERROR Test worker     d.u.i.k.n.b.AbstractBuilder  com.github.javaparser.resolution.UnsolvedSymbolException: Unsolved symbol in de.uka.ilkd.key.java.JavaParserFactory$DynamicTypeSolver@dc54576 : java.lang.Object
	at com.github.javaparser.resolution.TypeSolver.solveType(TypeSolver.java:71)

15813      ERROR Test worker     d.u.i.k.n.b.TacletPBuilder Error in parsing taclet. de.uka.ilkd.key.util.parsing.BuildingException: Unsolved symbol in de.uka.ilkd.key.java.JavaParserFactory$DynamicTypeSolver@dc54576 : java.lang.Object at file:/home/runner/work/key/key/key.core/build/resources/main/de/uka/ilkd/key/proof/rules/assertions.key:136:20
	at de.uka.ilkd.key.nparser.builder.AbstractBuilder.accept(AbstractBuilder.java:54)
Caused by: com.github.javaparser.resolution.UnsolvedSymbolException: Unsolved symbol in de.uka.ilkd.key.java.JavaParserFactory$DynamicTypeSolver@dc54576 : java.lang.Object
	at com.github.javaparser.resolution.TypeSolver.solveType(TypeSolver.java:71)

15826      ERROR Test worker     d.u.i.k.n.b.AbstractBuilder  com.github.javaparser.resolution.UnsolvedSymbolException: Unsolved symbol in de.uka.ilkd.key.java.JavaParserFactory$DynamicTypeSolver@dc54576 : java.lang.Object
	at com.github.javaparser.resolution.TypeSolver.solveType(TypeSolver.java:71)

15827      ERROR Test worker     d.u.i.k.n.b.TacletPBuilder Error in parsing taclet. de.uka.ilkd.key.util.parsing.BuildingException: Unsolved symbol in de.uka.ilkd.key.java.JavaParserFactory$DynamicTypeSolver@dc54576 : java.lang.Object at file:/home/runner/work/key/key/key.core/build/resources/main/de/uka/ilkd/key/proof/rules/javaRules.key:106:13
	at de.uka.ilkd.key.nparser.builder.AbstractBuilder.accept(AbstractBuilder.java:54)
Caused by: com.github.javaparser.resolution.UnsolvedSymbolException: Unsolved symbol in de.uka.ilkd.key.java.JavaParserFactory$DynamicTypeSolver@dc54576 : java.lang.Object
	at com.github.javaparser.resolution.TypeSolver.solveType(TypeSolver.java:71)

15831      ERROR Test worker     d.u.i.k.n.b.AbstractBuilder  com.github.javaparser.resolution.UnsolvedSymbolException: Unsolved symbol in de.uka.ilkd.key.java.JavaParserFactory$DynamicTypeSolver@dc54576 : java.lang.Object
	at com.github.javaparser.resolution.TypeSolver.solveType(TypeSolver.java:71)

15833      ERROR Test worker     d.u.i.k.n.b.TacletPBuilder Error in parsing taclet. de.uka.ilkd.key.util.parsing.BuildingException: Unsolved symbol in de.uka.ilkd.key.java.JavaParserFactory$DynamicTypeSolver@dc54576 : java.lang.Object at file:/home/runner/work/key/key/key.core/build/resources/main/de/uka/ilkd/key/proof/rules/javaRules.key:121:13
	at de.uka.ilkd.key.nparser.builder.AbstractBuilder.accept(AbstractBuilder.java:54)
Caused by: com.github.javaparser.resolution.UnsolvedSymbolException: Unsolved symbol in de.uka.ilkd.key.java.JavaParserFactory$DynamicTypeSolver@dc54576 : java.lang.Object
	at com.github.javaparser.resolution.TypeSolver.solveType(TypeSolver.java:71)

15836      ERROR Test worker     d.u.i.k.n.b.AbstractBuilder  com.github.javaparser.resolution.UnsolvedSymbolException: Unsolved symbol in de.uka.ilkd.key.java.JavaParserFactory$DynamicTypeSolver@dc54576 : java.lang.Object
	at com.github.javaparser.resolution.TypeSolver.solveType(TypeSolver.java:71)

15836      ERROR Test worker     d.u.i.k.n.b.TacletPBuilder Error in parsing taclet. de.uka.ilkd.key.util.parsing.BuildingException: Unsolved symbol in de.uka.ilkd.key.java.JavaParserFactory$DynamicTypeSolver@dc54576 : java.lang.Object at file:/home/runner/work/key/key/key.core/build/resources/main/de/uka/ilkd/key/proof/rules/javaRules.key:135:13
	at de.uka.ilkd.key.nparser.builder.AbstractBuilder.accept(AbstractBuilder.java:54)
Caused by: com.github.javaparser.resolution.UnsolvedSymbolException: Unsolved symbol in de.uka.ilkd.key.java.JavaParserFactory$DynamicTypeSolver@dc54576 : java.lang.Object
	at com.github.javaparser.resolution.TypeSolver.solveType(TypeSolver.java:71)

15840      ERROR Test worker     d.u.i.k.n.b.AbstractBuilder  com.github.javaparser.resolution.UnsolvedSymbolException: Unsolved symbol in de.uka.ilkd.key.java.JavaParserFactory$DynamicTypeSolver@dc54576 : java.lang.Object
	at com.github.javaparser.resolution.TypeSolver.solveType(TypeSolver.java:71)

15840      ERROR Test worker     d.u.i.k.n.b.TacletPBuilder Error in parsing taclet. de.uka.ilkd.key.util.parsing.BuildingException: Unsolved symbol in de.uka.ilkd.key.java.JavaParserFactory$DynamicTypeSolver@dc54576 : java.lang.Object at file:/home/runner/work/key/key/key.core/build/resources/main/de/uka/ilkd/key/proof/rules/javaRules.key:145:13
	at de.uka.ilkd.key.nparser.builder.AbstractBuilder.accept(AbstractBuilder.java:54)
Caused by: com.github.javaparser.resolution.UnsolvedSymbolException: Unsolved symbol in de.uka.ilkd.key.java.JavaParserFactory$DynamicTypeSolver@dc54576 : java.lang.Object
	at com.github.javaparser.resolution.TypeSolver.solveType(TypeSolver.java:71)

15843      ERROR Test worker     d.u.i.k.n.b.AbstractBuilder  com.github.javaparser.resolution.UnsolvedSymbolException: Unsolved symbol in de.uka.ilkd.key.java.JavaParserFactory$DynamicTypeSolver@dc54576 : java.lang.Object
	at com.github.javaparser.resolution.TypeSolver.solveType(TypeSolver.java:71)

15844      ERROR Test worker     d.u.i.k.n.b.TacletPBuilder Error in parsing taclet. de.uka.ilkd.key.util.parsing.BuildingException: Unsolved symbol in de.uka.ilkd.key.java.JavaParserFactory$DynamicTypeSolver@dc54576 : java.lang.Object at file:/home/runner/work/key/key/key.core/build/resources/main/de/uka/ilkd/key/proof/rules/javaRules.key:155:13
	at de.uka.ilkd.key.nparser.builder.AbstractBuilder.accept(AbstractBuilder.java:54)
Caused by: com.github.javaparser.resolution.UnsolvedSymbolException: Unsolved symbol in de.uka.ilkd.key.java.JavaParserFactory$DynamicTypeSolver@dc54576 : java.lang.Object
	at com.github.javaparser.resolution.TypeSolver.solveType(TypeSolver.java:71)

15847      ERROR Test worker     d.u.i.k.n.b.AbstractBuilder  com.github.javaparser.resolution.UnsolvedSymbolException: Unsolved symbol in de.uka.ilkd.key.java.JavaParserFactory$DynamicTypeSolver@dc54576 : java.lang.Object
	at com.github.javaparser.resolution.TypeSolver.solveType(TypeSolver.java:71)

15847      ERROR Test worker     d.u.i.k.n.b.TacletPBuilder Error in parsing taclet. de.uka.ilkd.key.util.parsing.BuildingException: Unsolved symbol in de.uka.ilkd.key.java.JavaParserFactory$DynamicTypeSolver@dc54576 : java.lang.Object at file:/home/runner/work/key/key/key.core/build/resources/main/de/uka/ilkd/key/proof/rules/javaRules.key:165:13
	at de.uka.ilkd.key.nparser.builder.AbstractBuilder.accept(AbstractBuilder.java:54)
Caused by: com.github.javaparser.resolution.UnsolvedSymbolException: Unsolved symbol in de.uka.ilkd.key.java.JavaParserFactory$DynamicTypeSolver@dc54576 : java.lang.Object
	at com.github.javaparser.resolution.TypeSolver.solveType(TypeSolver.java:71)

15851      ERROR Test worker     d.u.i.k.n.b.AbstractBuilder  com.github.javaparser.resolution.UnsolvedSymbolException: Unsolved symbol in de.uka.ilkd.key.java.JavaParserFactory$DynamicTypeSolver@dc54576 : java.lang.Object
	at com.github.javaparser.resolution.TypeSolver.solveType(TypeSolver.java:71)

15851      ERROR Test worker     d.u.i.k.n.b.TacletPBuilder Error in parsing taclet. de.uka.ilkd.key.util.parsing.BuildingException: Unsolved symbol in de.uka.ilkd.key.java.JavaParserFactory$DynamicTypeSolver@dc54576 : java.lang.Object at file:/home/runner/work/key/key/key.core/build/resources/main/de/uka/ilkd/key/proof/rules/javaRules.key:176:13
	at de.uka.ilkd.key.nparser.builder.AbstractBuilder.accept(AbstractBuilder.java:54)
Caused by: com.github.javaparser.resolution.UnsolvedSymbolException: Unsolved symbol in de.uka.ilkd.key.java.JavaParserFactory$DynamicTypeSolver@dc54576 : java.lang.Object
	at com.github.javaparser.resolution.TypeSolver.solveType(TypeSolver.java:71)

15854      ERROR Test worker     d.u.i.k.n.b.AbstractBuilder  com.github.javaparser.resolution.UnsolvedSymbolException: Unsolved symbol in de.uka.ilkd.key.java.JavaParserFactory$DynamicTypeSolver@dc54576 : java.lang.Object
	at com.github.javaparser.resolution.TypeSolver.solveType(TypeSolver.java:71)

15855      ERROR Test worker     d.u.i.k.n.b.TacletPBuilder Error in parsing taclet. de.uka.ilkd.key.util.parsing.BuildingException: Unsolved symbol in de.uka.ilkd.key.java.JavaParserFactory$DynamicTypeSolver@dc54576 : java.lang.Object at file:/home/runner/work/key/key/key.core/build/resources/main/de/uka/ilkd/key/proof/rules/javaRules.key:187:13
	at de.uka.ilkd.key.nparser.builder.AbstractBuilder.accept(AbstractBuilder.java:54)
Caused by: com.github.javaparser.resolution.UnsolvedSymbolException: Unsolved symbol in de.uka.ilkd.key.java.JavaParserFactory$DynamicTypeSolver@dc54576 : java.lang.Object
	at com.github.javaparser.resolution.TypeSolver.solveType(TypeSolver.java:71)

15858      ERROR Test worker     d.u.i.k.n.b.AbstractBuilder  com.github.javaparser.resolution.UnsolvedSymbolException: Unsolved symbol in de.uka.ilkd.key.java.JavaParserFactory$DynamicTypeSolver@dc54576 : java.lang.Object
	at com.github.javaparser.resolution.TypeSolver.solveType(TypeSolver.java:71)

15859      ERROR Test worker     d.u.i.k.n.b.TacletPBuilder Error in parsing taclet. de.uka.ilkd.key.util.parsing.BuildingException: Unsolved symbol in de.uka.ilkd.key.java.JavaParserFactory$DynamicTypeSolver@dc54576 : java.lang.Object at file:/home/runner/work/key/key/key.core/build/resources/main/de/uka/ilkd/key/proof/rules/javaRules.key:198:13
	at de.uka.ilkd.key.nparser.builder.AbstractBuilder.accept(AbstractBuilder.java:54)
Caused by: com.github.javaparser.resolution.UnsolvedSymbolException: Unsolved symbol in de.uka.ilkd.key.java.JavaParserFactory$DynamicTypeSolver@dc54576 : java.lang.Object
	at com.github.javaparser.resolution.TypeSolver.solveType(TypeSolver.java:71)

15863      ERROR Test worker     d.u.i.k.n.b.AbstractBuilder  com.github.javaparser.resolution.UnsolvedSymbolException: Unsolved symbol in de.uka.ilkd.key.java.JavaParserFactory$DynamicTypeSolver@dc54576 : java.lang.Object
	at com.github.javaparser.resolution.TypeSolver.solveType(TypeSolver.java:71)

15864      ERROR Test worker     d.u.i.k.n.b.TacletPBuilder Error in parsing taclet. de.uka.ilkd.key.util.parsing.BuildingException: Unsolved symbol in de.uka.ilkd.key.java.JavaParserFactory$DynamicTypeSolver@dc54576 : java.lang.Object at file:/home/runner/work/key/key/key.core/build/resources/main/de/uka/ilkd/key/proof/rules/javaRules.key:209:13
	at de.uka.ilkd.key.nparser.builder.AbstractBuilder.accept(AbstractBuilder.java:54)
Caused by: com.github.javaparser.resolution.UnsolvedSymbolException: Unsolved symbol in de.uka.ilkd.key.java.JavaParserFactory$DynamicTypeSolver@dc54576 : java.lang.Object
	at com.github.javaparser.resolution.TypeSolver.solveType(TypeSolver.java:71)

15867      ERROR Test worker     d.u.i.k.n.b.AbstractBuilder  com.github.javaparser.resolution.UnsolvedSymbolException: Unsolved symbol in de.uka.ilkd.key.java.JavaParserFactory$DynamicTypeSolver@dc54576 : java.lang.Object
	at com.github.javaparser.resolution.TypeSolver.solveType(TypeSolver.java:71)

15867      ERROR Test worker     d.u.i.k.n.b.TacletPBuilder Error in parsing taclet. de.uka.ilkd.key.util.parsing.BuildingException: Unsolved symbol in de.uka.ilkd.key.java.JavaParserFactory$DynamicTypeSolver@dc54576 : java.lang.Object at file:/home/runner/work/key/key/key.core/build/resources/main/de/uka/ilkd/key/proof/rules/javaRules.key:220:13
	at de.uka.ilkd.key.nparser.builder.AbstractBuilder.accept(AbstractBuilder.java:54)
Caused by: com.github.javaparser.resolution.UnsolvedSymbolException: Unsolved symbol in de.uka.ilkd.key.java.JavaParserFactory$DynamicTypeSolver@dc54576 : java.lang.Object
	at com.github.javaparser.resolution.TypeSolver.solveType(TypeSolver.java:71)

15881      ERROR Test worker     d.u.i.k.n.b.AbstractBuilder  com.github.javaparser.resolution.UnsolvedSymbolException: Unsolved symbol in de.uka.ilkd.key.java.JavaParserFactory$DynamicTypeSolver@dc54576 : java.lang.Object
	at com.github.javaparser.resolution.TypeSolver.solveType(TypeSolver.java:71)

15881      ERROR Test worker     d.u.i.k.n.b.TacletPBuilder Error in parsing taclet. de.uka.ilkd.key.util.parsing.BuildingException: Unsolved symbol in de.uka.ilkd.key.java.JavaParserFactory$DynamicTypeSolver@dc54576 : java.lang.Object at file:/home/runner/work/key/key/key.core/build/resources/main/de/uka/ilkd/key/proof/rules/javaRules.key:231:13
	at de.uka.ilkd.key.nparser.builder.AbstractBuilder.accept(AbstractBuilder.java:54)
Caused by: com.github.javaparser.resolution.UnsolvedSymbolException: Unsolved symbol in de.uka.ilkd.key.java.JavaParserFactory$DynamicTypeSolver@dc54576 : java.lang.Object
	at com.github.javaparser.resolution.TypeSolver.solveType(TypeSolver.java:71)

15888      ERROR Test worker     d.u.i.k.n.b.AbstractBuilder  com.github.javaparser.resolution.UnsolvedSymbolException: Unsolved symbol in de.uka.ilkd.key.java.JavaParserFactory$DynamicTypeSolver@dc54576 : java.lang.Object
	at com.github.javaparser.resolution.TypeSolver.solveType(TypeSolver.java:71)

15891      ERROR Test worker     d.u.i.k.n.b.TacletPBuilder Error in parsing taclet. de.uka.ilkd.key.util.parsing.BuildingException: Unsolved symbol in de.uka.ilkd.key.java.JavaParserFactory$DynamicTypeSolver@dc54576 : java.lang.Object at file:/home/runner/work/key/key/key.core/build/resources/main/de/uka/ilkd/key/proof/rules/javaRules.key:242:13
	at de.uka.ilkd.key.nparser.builder.AbstractBuilder.accept(AbstractBuilder.java:54)
Caused by: com.github.javaparser.resolution.UnsolvedSymbolException: Unsolved symbol in de.uka.ilkd.key.java.JavaParserFactory$DynamicTypeSolver@dc54576 : java.lang.Object
	at com.github.javaparser.resolution.TypeSolver.solveType(TypeSolver.java:71)

15901      ERROR Test worker     d.u.i.k.n.b.AbstractBuilder  com.github.javaparser.resolution.UnsolvedSymbolException: Unsolved symbol in de.uka.ilkd.key.java.JavaParserFactory$DynamicTypeSolver@dc54576 : java.lang.Object
	at com.github.javaparser.resolution.TypeSolver.solveType(TypeSolver.java:71)

15902      ERROR Test worker     d.u.i.k.n.b.TacletPBuilder Error in parsing taclet. de.uka.ilkd.key.util.parsing.BuildingException: Unsolved symbol in de.uka.ilkd.key.java.JavaParserFactory$DynamicTypeSolver@dc54576 : java.lang.Object at file:/home/runner/work/key/key/key.core/build/resources/main/de/uka/ilkd/key/proof/rules/javaRules.key:257:15
	at de.uka.ilkd.key.nparser.builder.AbstractBuilder.accept(AbstractBuilder.java:54)
Caused by: com.github.javaparser.resolution.UnsolvedSymbolException: Unsolved symbol in de.uka.ilkd.key.java.JavaParserFactory$DynamicTypeSolver@dc54576 : java.lang.Object
	at com.github.javaparser.resolution.TypeSolver.solveType(TypeSolver.java:71)

15905      ERROR Test worker     d.u.i.k.n.b.AbstractBuilder  com.github.javaparser.resolution.UnsolvedSymbolException: Unsolved symbol in de.uka.ilkd.key.java.JavaParserFactory$DynamicTypeSolver@dc54576 : java.lang.Object
	at com.github.javaparser.resolution.TypeSolver.solveType(TypeSolver.java:71)

15906      ERROR Test worker     d.u.i.k.n.b.TacletPBuilder Error in parsing taclet. de.uka.ilkd.key.util.parsing.BuildingException: Unsolved symbol in de.uka.ilkd.key.java.JavaParserFactory$DynamicTypeSolver@dc54576 : java.lang.Object at file:/home/runner/work/key/key/key.core/build/resources/main/de/uka/ilkd/key/proof/rules/javaRules.key:263:15
	at de.uka.ilkd.key.nparser.builder.AbstractBuilder.accept(AbstractBuilder.java:54)
Caused by: com.github.javaparser.resolution.UnsolvedSymbolException: Unsolved symbol in de.uka.ilkd.key.java.JavaParserFactory$DynamicTypeSolver@dc54576 : java.lang.Object
	at com.github.javaparser.resolution.TypeSolver.solveType(TypeSolver.java:71)

15909      ERROR Test worker     d.u.i.k.n.b.AbstractBuilder  com.github.javaparser.resolution.UnsolvedSymbolException: Unsolved symbol in de.uka.ilkd.key.java.JavaParserFactory$DynamicTypeSolver@dc54576 : java.lang.Object
	at com.github.javaparser.resolution.TypeSolver.solveType(TypeSolver.java:71)

15911      ERROR Test worker     d.u.i.k.n.b.TacletPBuilder Error in parsing taclet. de.uka.ilkd.key.util.parsing.BuildingException: Unsolved symbol in de.uka.ilkd.key.java.JavaParserFactory$DynamicTypeSolver@dc54576 : java.lang.Object at file:/home/runner/work/key/key/key.core/build/resources/main/de/uka/ilkd/key/proof/rules/javaRules.key:271:15
	at de.uka.ilkd.key.nparser.builder.AbstractBuilder.accept(AbstractBuilder.java:54)
Caused by: com.github.javaparser.resolution.UnsolvedSymbolException: Unsolved symbol in de.uka.ilkd.key.java.JavaParserFactory$DynamicTypeSolver@dc54576 : java.lang.Object
	at com.github.javaparser.resolution.TypeSolver.solveType(TypeSolver.java:71)

15928      ERROR Test worker     d.u.i.k.n.b.AbstractBuilder  com.github.javaparser.resolution.UnsolvedSymbolException: Unsolved symbol in de.uka.ilkd.key.java.JavaParserFactory$DynamicTypeSolver@dc54576 : java.lang.Object
	at com.github.javaparser.resolution.TypeSolver.solveType(TypeSolver.java:71)

15931      ERROR Test worker     d.u.i.k.n.b.TacletPBuilder Error in parsing taclet. de.uka.ilkd.key.util.parsing.BuildingException: Unsolved symbol in de.uka.ilkd.key.java.JavaParserFactory$DynamicTypeSolver@dc54576 : java.lang.Object at file:/home/runner/work/key/key/key.core/build/resources/main/de/uka/ilkd/key/proof/rules/javaRules.key:279:15
	at de.uka.ilkd.key.nparser.builder.AbstractBuilder.accept(AbstractBuilder.java:54)
Caused by: com.github.javaparser.resolution.UnsolvedSymbolException: Unsolved symbol in de.uka.ilkd.key.java.JavaParserFactory$DynamicTypeSolver@dc54576 : java.lang.Object
	at com.github.javaparser.resolution.TypeSolver.solveType(TypeSolver.java:71)

15935      ERROR Test worker     d.u.i.k.n.b.AbstractBuilder  com.github.javaparser.resolution.UnsolvedSymbolException: Unsolved symbol in de.uka.ilkd.key.java.JavaParserFactory$DynamicTypeSolver@dc54576 : java.lang.Object
	at com.github.javaparser.resolution.TypeSolver.solveType(TypeSolver.java:71)

15937      ERROR Test worker     d.u.i.k.n.b.TacletPBuilder Error in parsing taclet. de.uka.ilkd.key.util.parsing.BuildingException: Unsolved symbol in de.uka.ilkd.key.java.JavaParserFactory$DynamicTypeSolver@dc54576 : java.lang.Object at file:/home/runner/work/key/key/key.core/build/resources/main/de/uka/ilkd/key/proof/rules/javaRules.key:287:15
	at de.uka.ilkd.key.nparser.builder.AbstractBuilder.accept(AbstractBuilder.java:54)
Caused by: com.github.javaparser.resolution.UnsolvedSymbolException: Unsolved symbol in de.uka.ilkd.key.java.JavaParserFactory$DynamicTypeSolver@dc54576 : java.lang.Object
	at com.github.javaparser.resolution.TypeSolver.solveType(TypeSolver.java:71)

15943      ERROR Test worker     d.u.i.k.n.b.AbstractBuilder  com.github.javaparser.resolution.UnsolvedSymbolException: Unsolved symbol in de.uka.ilkd.key.java.JavaParserFactory$DynamicTypeSolver@dc54576 : java.lang.Object
	at com.github.javaparser.resolution.TypeSolver.solveType(TypeSolver.java:71)

15944      ERROR Test worker     d.u.i.k.n.b.TacletPBuilder Error in parsing taclet. de.uka.ilkd.key.util.parsing.BuildingException: Unsolved symbol in de.uka.ilkd.key.java.JavaParserFactory$DynamicTypeSolver@dc54576 : java.lang.Object at file:/home/runner/work/key/key/key.core/build/resources/main/de/uka/ilkd/key/proof/rules/javaRules.key:297:15
	at de.uka.ilkd.key.nparser.builder.AbstractBuilder.accept(AbstractBuilder.java:54)
Caused by: com.github.javaparser.resolution.UnsolvedSymbolException: Unsolved symbol in de.uka.ilkd.key.java.JavaParserFactory$DynamicTypeSolver@dc54576 : java.lang.Object
	at com.github.javaparser.resolution.TypeSolver.solveType(TypeSolver.java:71)

15949      ERROR Test worker     d.u.i.k.n.b.AbstractBuilder  com.github.javaparser.resolution.UnsolvedSymbolException: Unsolved symbol in de.uka.ilkd.key.java.JavaParserFactory$DynamicTypeSolver@dc54576 : java.lang.Object
	at com.github.javaparser.resolution.TypeSolver.solveType(TypeSolver.java:71)

15950      ERROR Test worker     d.u.i.k.n.b.TacletPBuilder Error in parsing taclet. de.uka.ilkd.key.util.parsing.BuildingException: Unsolved symbol in de.uka.ilkd.key.java.JavaParserFactory$DynamicTypeSolver@dc54576 : java.lang.Object at file:/home/runner/work/key/key/key.core/build/resources/main/de/uka/ilkd/key/proof/rules/javaRules.key:307:15
	at de.uka.ilkd.key.nparser.builder.AbstractBuilder.accept(AbstractBuilder.java:54)
Caused by: com.github.javaparser.resolution.UnsolvedSymbolException: Unsolved symbol in de.uka.ilkd.key.java.JavaParserFactory$DynamicTypeSolver@dc54576 : java.lang.Object
	at com.github.javaparser.resolution.TypeSolver.solveType(TypeSolver.java:71)

15954      ERROR Test worker     d.u.i.k.n.b.AbstractBuilder  com.github.javaparser.resolution.UnsolvedSymbolException: Unsolved symbol in de.uka.ilkd.key.java.JavaParserFactory$DynamicTypeSolver@dc54576 : java.lang.Object
	at com.github.javaparser.resolution.TypeSolver.solveType(TypeSolver.java:71)

15954      ERROR Test worker     d.u.i.k.n.b.TacletPBuilder Error in parsing taclet. de.uka.ilkd.key.util.parsing.BuildingException: Unsolved symbol in de.uka.ilkd.key.java.JavaParserFactory$DynamicTypeSolver@dc54576 : java.lang.Object at file:/home/runner/work/key/key/key.core/build/resources/main/de/uka/ilkd/key/proof/rules/javaRules.key:317:15
	at de.uka.ilkd.key.nparser.builder.AbstractBuilder.accept(AbstractBuilder.java:54)
Caused by: com.github.javaparser.resolution.UnsolvedSymbolException: Unsolved symbol in de.uka.ilkd.key.java.JavaParserFactory$DynamicTypeSolver@dc54576 : java.lang.Object
	at com.github.javaparser.resolution.TypeSolver.solveType(TypeSolver.java:71)

15958      ERROR Test worker     d.u.i.k.n.b.AbstractBuilder  com.github.javaparser.resolution.UnsolvedSymbolException: Unsolved symbol in de.uka.ilkd.key.java.JavaParserFactory$DynamicTypeSolver@dc54576 : java.lang.Object
	at com.github.javaparser.resolution.TypeSolver.solveType(TypeSolver.java:71)

15958      ERROR Test worker     d.u.i.k.n.b.TacletPBuilder Error in parsing taclet. de.uka.ilkd.key.util.parsing.BuildingException: Unsolved symbol in de.uka.ilkd.key.java.JavaParserFactory$DynamicTypeSolver@dc54576 : java.lang.Object at file:/home/runner/work/key/key/key.core/build/resources/main/de/uka/ilkd/key/proof/rules/javaRules.key:329:15
	at de.uka.ilkd.key.nparser.builder.AbstractBuilder.accept(AbstractBuilder.java:54)
Caused by: com.github.javaparser.resolution.UnsolvedSymbolException: Unsolved symbol in de.uka.ilkd.key.java.JavaParserFactory$DynamicTypeSolver@dc54576 : java.lang.Object
	at com.github.javaparser.resolution.TypeSolver.solveType(TypeSolver.java:71)

15965      ERROR Test worker     d.u.i.k.n.b.AbstractBuilder  com.github.javaparser.resolution.UnsolvedSymbolException: Unsolved symbol in de.uka.ilkd.key.java.JavaParserFactory$DynamicTypeSolver@dc54576 : java.lang.Object
	at com.github.javaparser.resolution.TypeSolver.solveType(TypeSolver.java:71)

15966      ERROR Test worker     d.u.i.k.n.b.TacletPBuilder Error in parsing taclet. de.uka.ilkd.key.util.parsing.BuildingException: Unsolved symbol in de.uka.ilkd.key.java.JavaParserFactory$DynamicTypeSolver@dc54576 : java.lang.Object at file:/home/runner/work/key/key/key.core/build/resources/main/de/uka/ilkd/key/proof/rules/javaRules.key:403:15
	at de.uka.ilkd.key.nparser.builder.AbstractBuilder.accept(AbstractBuilder.java:54)
Caused by: com.github.javaparser.resolution.UnsolvedSymbolException: Unsolved symbol in de.uka.ilkd.key.java.JavaParserFactory$DynamicTypeSolver@dc54576 : java.lang.Object
	at com.github.javaparser.resolution.TypeSolver.solveType(TypeSolver.java:71)

15969      ERROR Test worker     d.u.i.k.n.b.AbstractBuilder  com.github.javaparser.resolution.UnsolvedSymbolException: Unsolved symbol in de.uka.ilkd.key.java.JavaParserFactory$DynamicTypeSolver@dc54576 : java.lang.Object
	at com.github.javaparser.resolution.TypeSolver.solveType(TypeSolver.java:71)

15970      ERROR Test worker     d.u.i.k.n.b.TacletPBuilder Error in parsing taclet. de.uka.ilkd.key.util.parsing.BuildingException: Unsolved symbol in de.uka.ilkd.key.java.JavaParserFactory$DynamicTypeSolver@dc54576 : java.lang.Object at file:/home/runner/work/key/key/key.core/build/resources/main/de/uka/ilkd/key/proof/rules/javaRules.key:411:15
	at de.uka.ilkd.key.nparser.builder.AbstractBuilder.accept(AbstractBuilder.java:54)
Caused by: com.github.javaparser.resolution.UnsolvedSymbolException: Unsolved symbol in de.uka.ilkd.key.java.JavaParserFactory$DynamicTypeSolver@dc54576 : java.lang.Object
	at com.github.javaparser.resolution.TypeSolver.solveType(TypeSolver.java:71)

15973      ERROR Test worker     d.u.i.k.n.b.AbstractBuilder  com.github.javaparser.resolution.UnsolvedSymbolException: Unsolved symbol in de.uka.ilkd.key.java.JavaParserFactory$DynamicTypeSolver@dc54576 : java.lang.Object
	at com.github.javaparser.resolution.TypeSolver.solveType(TypeSolver.java:71)

15973      ERROR Test worker     d.u.i.k.n.b.TacletPBuilder Error in parsing taclet. de.uka.ilkd.key.util.parsing.BuildingException: Unsolved symbol in de.uka.ilkd.key.java.JavaParserFactory$DynamicTypeSolver@dc54576 : java.lang.Object at file:/home/runner/work/key/key/key.core/build/resources/main/de/uka/ilkd/key/proof/rules/javaRules.key:419:15
	at de.uka.ilkd.key.nparser.builder.AbstractBuilder.accept(AbstractBuilder.java:54)
Caused by: com.github.javaparser.resolution.UnsolvedSymbolException: Unsolved symbol in de.uka.ilkd.key.java.JavaParserFactory$DynamicTypeSolver@dc54576 : java.lang.Object
	at com.github.javaparser.resolution.TypeSolver.solveType(TypeSolver.java:71)

15978      ERROR Test worker     d.u.i.k.n.b.AbstractBuilder  com.github.javaparser.resolution.UnsolvedSymbolException: Unsolved symbol in de.uka.ilkd.key.java.JavaParserFactory$DynamicTypeSolver@dc54576 : java.lang.Object
	at com.github.javaparser.resolution.TypeSolver.solveType(TypeSolver.java:71)

15979      ERROR Test worker     d.u.i.k.n.b.TacletPBuilder Error in parsing taclet. de.uka.ilkd.key.util.parsing.BuildingException: Unsolved symbol in de.uka.ilkd.key.java.JavaParserFactory$DynamicTypeSolver@dc54576 : java.lang.Object at file:/home/runner/work/key/key/key.core/build/resources/main/de/uka/ilkd/key/proof/rules/javaRules.key:427:15
	at de.uka.ilkd.key.nparser.builder.AbstractBuilder.accept(AbstractBuilder.java:54)
Caused by: com.github.javaparser.resolution.UnsolvedSymbolException: Unsolved symbol in de.uka.ilkd.key.java.JavaParserFactory$DynamicTypeSolver@dc54576 : java.lang.Object
	at com.github.javaparser.resolution.TypeSolver.solveType(TypeSolver.java:71)

15982      ERROR Test worker     d.u.i.k.n.b.AbstractBuilder  com.github.javaparser.resolution.UnsolvedSymbolException: Unsolved symbol in de.uka.ilkd.key.java.JavaParserFactory$DynamicTypeSolver@dc54576 : java.lang.Object
	at com.github.javaparser.resolution.TypeSolver.solveType(TypeSolver.java:71)

15983      ERROR Test worker     d.u.i.k.n.b.TacletPBuilder Error in parsing taclet. de.uka.ilkd.key.util.parsing.BuildingException: Unsolved symbol in de.uka.ilkd.key.java.JavaParserFactory$DynamicTypeSolver@dc54576 : java.lang.Object at file:/home/runner/work/key/key/key.core/build/resources/main/de/uka/ilkd/key/proof/rules/javaRules.key:434:15
	at de.uka.ilkd.key.nparser.builder.AbstractBuilder.accept(AbstractBuilder.java:54)
Caused by: com.github.javaparser.resolution.UnsolvedSymbolException: Unsolved symbol in de.uka.ilkd.key.java.JavaParserFactory$DynamicTypeSolver@dc54576 : java.lang.Object
	at com.github.javaparser.resolution.TypeSolver.solveType(TypeSolver.java:71)

15986      ERROR Test worker     d.u.i.k.n.b.AbstractBuilder  com.github.javaparser.resolution.UnsolvedSymbolException: Unsolved symbol in de.uka.ilkd.key.java.JavaParserFactory$DynamicTypeSolver@dc54576 : java.lang.Object
	at com.github.javaparser.resolution.TypeSolver.solveType(TypeSolver.java:71)

15987      ERROR Test worker     d.u.i.k.n.b.TacletPBuilder Error in parsing taclet. de.uka.ilkd.key.util.parsing.BuildingException: Unsolved symbol in de.uka.ilkd.key.java.JavaParserFactory$DynamicTypeSolver@dc54576 : java.lang.Object at file:/home/runner/work/key/key/key.core/build/resources/main/de/uka/ilkd/key/proof/rules/javaRules.key:441:15
	at de.uka.ilkd.key.nparser.builder.AbstractBuilder.accept(AbstractBuilder.java:54)
Caused by: com.github.javaparser.resolution.UnsolvedSymbolException: Unsolved symbol in de.uka.ilkd.key.java.JavaParserFactory$DynamicTypeSolver@dc54576 : java.lang.Object
	at com.github.javaparser.resolution.TypeSolver.solveType(TypeSolver.java:71)

15990      ERROR Test worker     d.u.i.k.n.b.AbstractBuilder  com.github.javaparser.resolution.UnsolvedSymbolException: Unsolved symbol in de.uka.ilkd.key.java.JavaParserFactory$DynamicTypeSolver@dc54576 : java.lang.Object
	at com.github.javaparser.resolution.TypeSolver.solveType(TypeSolver.java:71)

15990      ERROR Test worker     d.u.i.k.n.b.TacletPBuilder Error in parsing taclet. de.uka.ilkd.key.util.parsing.BuildingException: Unsolved symbol in de.uka.ilkd.key.java.JavaParserFactory$DynamicTypeSolver@dc54576 : java.lang.Object at file:/home/runner/work/key/key/key.core/build/resources/main/de/uka/ilkd/key/proof/rules/javaRules.key:448:15
	at de.uka.ilkd.key.nparser.builder.AbstractBuilder.accept(AbstractBuilder.java:54)
Caused by: com.github.javaparser.resolution.UnsolvedSymbolException: Unsolved symbol in de.uka.ilkd.key.java.JavaParserFactory$DynamicTypeSolver@dc54576 : java.lang.Object
	at com.github.javaparser.resolution.TypeSolver.solveType(TypeSolver.java:71)

15994      ERROR Test worker     d.u.i.k.n.b.AbstractBuilder  com.github.javaparser.resolution.UnsolvedSymbolException: Unsolved symbol in de.uka.ilkd.key.java.JavaParserFactory$DynamicTypeSolver@dc54576 : java.lang.Object
	at com.github.javaparser.resolution.TypeSolver.solveType(TypeSolver.java:71)

15994      ERROR Test worker     d.u.i.k.n.b.TacletPBuilder Error in parsing taclet. de.uka.ilkd.key.util.parsing.BuildingException: Unsolved symbol in de.uka.ilkd.key.java.JavaParserFactory$DynamicTypeSolver@dc54576 : java.lang.Object at file:/home/runner/work/key/key/key.core/build/resources/main/de/uka/ilkd/key/proof/rules/javaRules.key:455:15
	at de.uka.ilkd.key.nparser.builder.AbstractBuilder.accept(AbstractBuilder.java:54)
Caused by: com.github.javaparser.resolution.UnsolvedSymbolException: Unsolved symbol in de.uka.ilkd.key.java.JavaParserFactory$DynamicTypeSolver@dc54576 : java.lang.Object
	at com.github.javaparser.resolution.TypeSolver.solveType(TypeSolver.java:71)

15997      ERROR Test worker     d.u.i.k.n.b.AbstractBuilder  com.github.javaparser.resolution.UnsolvedSymbolException: Unsolved symbol in de.uka.ilkd.key.java.JavaParserFactory$DynamicTypeSolver@dc54576 : java.lang.Object
	at com.github.javaparser.resolution.TypeSolver.solveType(TypeSolver.java:71)

15998      ERROR Test worker     d.u.i.k.n.b.TacletPBuilder Error in parsing taclet. de.uka.ilkd.key.util.parsing.BuildingException: Unsolved symbol in de.uka.ilkd.key.java.JavaParserFactory$DynamicTypeSolver@dc54576 : java.lang.Object at file:/home/runner/work/key/key/key.core/build/resources/main/de/uka/ilkd/key/proof/rules/javaRules.key:466:15
	at de.uka.ilkd.key.nparser.builder.AbstractBuilder.accept(AbstractBuilder.java:54)
Caused by: com.github.javaparser.resolution.UnsolvedSymbolException: Unsolved symbol in de.uka.ilkd.key.java.JavaParserFactory$DynamicTypeSolver@dc54576 : java.lang.Object
	at com.github.javaparser.resolution.TypeSolver.solveType(TypeSolver.java:71)

16002      ERROR Test worker     d.u.i.k.n.b.AbstractBuilder  com.github.javaparser.resolution.UnsolvedSymbolException: Unsolved symbol in de.uka.ilkd.key.java.JavaParserFactory$DynamicTypeSolver@dc54576 : java.lang.Object
	at com.github.javaparser.resolution.TypeSolver.solveType(TypeSolver.java:71)

16003      ERROR Test worker     d.u.i.k.n.b.TacletPBuilder Error in parsing taclet. de.uka.ilkd.key.util.parsing.BuildingException: Unsolved symbol in de.uka.ilkd.key.java.JavaParserFactory$DynamicTypeSolver@dc54576 : java.lang.Object at file:/home/runner/work/key/key/key.core/build/resources/main/de/uka/ilkd/key/proof/rules/javaRules.key:472:15
	at de.uka.ilkd.key.nparser.builder.AbstractBuilder.accept(AbstractBuilder.java:54)
Caused by: com.github.javaparser.resolution.UnsolvedSymbolException: Unsolved symbol in de.uka.ilkd.key.java.JavaParserFactory$DynamicTypeSolver@dc54576 : java.lang.Object
	at com.github.javaparser.resolution.TypeSolver.solveType(TypeSolver.java:71)

16006      ERROR Test worker     d.u.i.k.n.b.AbstractBuilder  com.github.javaparser.resolution.UnsolvedSymbolException: Unsolved symbol in de.uka.ilkd.key.java.JavaParserFactory$DynamicTypeSolver@dc54576 : java.lang.Object
	at com.github.javaparser.resolution.TypeSolver.solveType(TypeSolver.java:71)

16006      ERROR Test worker     d.u.i.k.n.b.TacletPBuilder Error in parsing taclet. de.uka.ilkd.key.util.parsing.BuildingException: Unsolved symbol in de.uka.ilkd.key.java.JavaParserFactory$DynamicTypeSolver@dc54576 : java.lang.Object at file:/home/runner/work/key/key/key.core/build/resources/main/de/uka/ilkd/key/proof/rules/javaRules.key:482:15
	at de.uka.ilkd.key.nparser.builder.AbstractBuilder.accept(AbstractBuilder.java:54)
Caused by: com.github.javaparser.resolution.UnsolvedSymbolException: Unsolved symbol in de.uka.ilkd.key.java.JavaParserFactory$DynamicTypeSolver@dc54576 : java.lang.Object
	at com.github.javaparser.resolution.TypeSolver.solveType(TypeSolver.java:71)

16009      ERROR Test worker     d.u.i.k.n.b.AbstractBuilder  com.github.javaparser.resolution.UnsolvedSymbolException: Unsolved symbol in de.uka.ilkd.key.java.JavaParserFactory$DynamicTypeSolver@dc54576 : java.lang.Object
	at com.github.javaparser.resolution.TypeSolver.solveType(TypeSolver.java:71)

16010      ERROR Test worker     d.u.i.k.n.b.TacletPBuilder Error in parsing taclet. de.uka.ilkd.key.util.parsing.BuildingException: Unsolved symbol in de.uka.ilkd.key.java.JavaParserFactory$DynamicTypeSolver@dc54576 : java.lang.Object at file:/home/runner/work/key/key/key.core/build/resources/main/de/uka/ilkd/key/proof/rules/javaRules.key:488:15
	at de.uka.ilkd.key.nparser.builder.AbstractBuilder.accept(AbstractBuilder.java:54)
Caused by: com.github.javaparser.resolution.UnsolvedSymbolException: Unsolved symbol in de.uka.ilkd.key.java.JavaParserFactory$DynamicTypeSolver@dc54576 : java.lang.Object
	at com.github.javaparser.resolution.TypeSolver.solveType(TypeSolver.java:71)

16014      ERROR Test worker     d.u.i.k.n.b.AbstractBuilder  com.github.javaparser.resolution.UnsolvedSymbolException: Unsolved symbol in de.uka.ilkd.key.java.JavaParserFactory$DynamicTypeSolver@dc54576 : java.lang.Object
	at com.github.javaparser.resolution.TypeSolver.solveType(TypeSolver.java:71)

16015      ERROR Test worker     d.u.i.k.n.b.TacletPBuilder Error in parsing taclet. de.uka.ilkd.key.util.parsing.BuildingException: Unsolved symbol in de.uka.ilkd.key.java.JavaParserFactory$DynamicTypeSolver@dc54576 : java.lang.Object at file:/home/runner/work/key/key/key.core/build/resources/main/de/uka/ilkd/key/proof/rules/javaRules.key:494:15
	at de.uka.ilkd.key.nparser.builder.AbstractBuilder.accept(AbstractBuilder.java:54)
Caused by: com.github.javaparser.resolution.UnsolvedSymbolException: Unsolved symbol in de.uka.ilkd.key.java.JavaParserFactory$DynamicTypeSolver@dc54576 : java.lang.Object
	at com.github.javaparser.resolution.TypeSolver.solveType(TypeSolver.java:71)

16032      ERROR Test worker     d.u.i.k.n.b.AbstractBuilder  com.github.javaparser.resolution.UnsolvedSymbolException: Unsolved symbol in de.uka.ilkd.key.java.JavaParserFactory$DynamicTypeSolver@dc54576 : java.lang.Object
	at com.github.javaparser.resolution.TypeSolver.solveType(TypeSolver.java:71)

16033      ERROR Test worker     d.u.i.k.n.b.TacletPBuilder Error in parsing taclet. de.uka.ilkd.key.util.parsing.BuildingException: Unsolved symbol in de.uka.ilkd.key.java.JavaParserFactory$DynamicTypeSolver@dc54576 : java.lang.Object at file:/home/runner/work/key/key/key.core/build/resources/main/de/uka/ilkd/key/proof/rules/javaRules.key:500:15
	at de.uka.ilkd.key.nparser.builder.AbstractBuilder.accept(AbstractBuilder.java:54)
Caused by: com.github.javaparser.resolution.UnsolvedSymbolException: Unsolved symbol in de.uka.ilkd.key.java.JavaParserFactory$DynamicTypeSolver@dc54576 : java.lang.Object
	at com.github.javaparser.resolution.TypeSolver.solveType(TypeSolver.java:71)

16038      ERROR Test worker     d.u.i.k.n.b.AbstractBuilder  com.github.javaparser.resolution.UnsolvedSymbolException: Unsolved symbol in de.uka.ilkd.key.java.JavaParserFactory$DynamicTypeSolver@dc54576 : java.lang.Object
	at com.github.javaparser.resolution.TypeSolver.solveType(TypeSolver.java:71)

16039      ERROR Test worker     d.u.i.k.n.b.TacletPBuilder Error in parsing taclet. de.uka.ilkd.key.util.parsing.BuildingException: Unsolved symbol in de.uka.ilkd.key.java.JavaParserFactory$DynamicTypeSolver@dc54576 : java.lang.Object at file:/home/runner/work/key/key/key.core/build/resources/main/de/uka/ilkd/key/proof/rules/javaRules.key:506:15
	at de.uka.ilkd.key.nparser.builder.AbstractBuilder.accept(AbstractBuilder.java:54)
Caused by: com.github.javaparser.resolution.UnsolvedSymbolException: Unsolved symbol in de.uka.ilkd.key.java.JavaParserFactory$DynamicTypeSolver@dc54576 : java.lang.Object
	at com.github.javaparser.resolution.TypeSolver.solveType(TypeSolver.java:71)

16042      ERROR Test worker     d.u.i.k.n.b.AbstractBuilder  com.github.javaparser.resolution.UnsolvedSymbolException: Unsolved symbol in de.uka.ilkd.key.java.JavaParserFactory$DynamicTypeSolver@dc54576 : java.lang.Object
	at com.github.javaparser.resolution.TypeSolver.solveType(TypeSolver.java:71)

16043      ERROR Test worker     d.u.i.k.n.b.TacletPBuilder Error in parsing taclet. de.uka.ilkd.key.util.parsing.BuildingException: Unsolved symbol in de.uka.ilkd.key.java.JavaParserFactory$DynamicTypeSolver@dc54576 : java.lang.Object at file:/home/runner/work/key/key/key.core/build/resources/main/de/uka/ilkd/key/proof/rules/javaRules.key:523:15
	at de.uka.ilkd.key.nparser.builder.AbstractBuilder.accept(AbstractBuilder.java:54)
Caused by: com.github.javaparser.resolution.UnsolvedSymbolException: Unsolved symbol in de.uka.ilkd.key.java.JavaParserFactory$DynamicTypeSolver@dc54576 : java.lang.Object
	at com.github.javaparser.resolution.TypeSolver.solveType(TypeSolver.java:71)

16046      ERROR Test worker     d.u.i.k.n.b.AbstractBuilder  com.github.javaparser.resolution.UnsolvedSymbolException: Unsolved symbol in de.uka.ilkd.key.java.JavaParserFactory$DynamicTypeSolver@dc54576 : java.lang.Object
	at com.github.javaparser.resolution.TypeSolver.solveType(TypeSolver.java:71)

16047      ERROR Test worker     d.u.i.k.n.b.TacletPBuilder Error in parsing taclet. de.uka.ilkd.key.util.parsing.BuildingException: Unsolved symbol in de.uka.ilkd.key.java.JavaParserFactory$DynamicTypeSolver@dc54576 : java.lang.Object at file:/home/runner/work/key/key/key.core/build/resources/main/de/uka/ilkd/key/proof/rules/javaRules.key:546:15
	at de.uka.ilkd.key.nparser.builder.AbstractBuilder.accept(AbstractBuilder.java:54)
Caused by: com.github.javaparser.resolution.UnsolvedSymbolException: Unsolved symbol in de.uka.ilkd.key.java.JavaParserFactory$DynamicTypeSolver@dc54576 : java.lang.Object
	at com.github.javaparser.resolution.TypeSolver.solveType(TypeSolver.java:71)

16049      ERROR Test worker     d.u.i.k.n.b.AbstractBuilder  com.github.javaparser.resolution.UnsolvedSymbolException: Unsolved symbol in de.uka.ilkd.key.java.JavaParserFactory$DynamicTypeSolver@dc54576 : java.lang.Object
	at com.github.javaparser.resolution.TypeSolver.solveType(TypeSolver.java:71)

16050      ERROR Test worker     d.u.i.k.n.b.TacletPBuilder Error in parsing taclet. de.uka.ilkd.key.util.parsing.BuildingException: Unsolved symbol in de.uka.ilkd.key.java.JavaParserFactory$DynamicTypeSolver@dc54576 : java.lang.Object at file:/home/runner/work/key/key/key.core/build/resources/main/de/uka/ilkd/key/proof/rules/javaRules.key:574:15
	at de.uka.ilkd.key.nparser.builder.AbstractBuilder.accept(AbstractBuilder.java:54)
Caused by: com.github.javaparser.resolution.UnsolvedSymbolException: Unsolved symbol in de.uka.ilkd.key.java.JavaParserFactory$DynamicTypeSolver@dc54576 : java.lang.Object
	at com.github.javaparser.resolution.TypeSolver.solveType(TypeSolver.java:71)

16053      ERROR Test worker     d.u.i.k.n.b.AbstractBuilder  com.github.javaparser.resolution.UnsolvedSymbolException: Unsolved symbol in de.uka.ilkd.key.java.JavaParserFactory$DynamicTypeSolver@dc54576 : java.lang.Object
	at com.github.javaparser.resolution.TypeSolver.solveType(TypeSolver.java:71)

16054      ERROR Test worker     d.u.i.k.n.b.TacletPBuilder Error in parsing taclet. de.uka.ilkd.key.util.parsing.BuildingException: Unsolved symbol in de.uka.ilkd.key.java.JavaParserFactory$DynamicTypeSolver@dc54576 : java.lang.Object at file:/home/runner/work/key/key/key.core/build/resources/main/de/uka/ilkd/key/proof/rules/javaRules.key:590:15
	at de.uka.ilkd.key.nparser.builder.AbstractBuilder.accept(AbstractBuilder.java:54)
Caused by: com.github.javaparser.resolution.UnsolvedSymbolException: Unsolved symbol in de.uka.ilkd.key.java.JavaParserFactory$DynamicTypeSolver@dc54576 : java.lang.Object
	at com.github.javaparser.resolution.TypeSolver.solveType(TypeSolver.java:71)

16057      ERROR Test worker     d.u.i.k.n.b.AbstractBuilder  com.github.javaparser.resolution.UnsolvedSymbolException: Unsolved symbol in de.uka.ilkd.key.java.JavaParserFactory$DynamicTypeSolver@dc54576 : java.lang.Object
	at com.github.javaparser.resolution.TypeSolver.solveType(TypeSolver.java:71)

16057      ERROR Test worker     d.u.i.k.n.b.TacletPBuilder Error in parsing taclet. de.uka.ilkd.key.util.parsing.BuildingException: Unsolved symbol in de.uka.ilkd.key.java.JavaParserFactory$DynamicTypeSolver@dc54576 : java.lang.Object at file:/home/runner/work/key/key/key.core/build/resources/main/de/uka/ilkd/key/proof/rules/javaRules.key:596:15
	at de.uka.ilkd.key.nparser.builder.AbstractBuilder.accept(AbstractBuilder.java:54)
Caused by: com.github.javaparser.resolution.UnsolvedSymbolException: Unsolved symbol in de.uka.ilkd.key.java.JavaParserFactory$DynamicTypeSolver@dc54576 : java.lang.Object
	at com.github.javaparser.resolution.TypeSolver.solveType(TypeSolver.java:71)

16061      ERROR Test worker     d.u.i.k.n.b.AbstractBuilder  com.github.javaparser.resolution.UnsolvedSymbolException: Unsolved symbol in de.uka.ilkd.key.java.JavaParserFactory$DynamicTypeSolver@dc54576 : java.lang.Object
	at com.github.javaparser.resolution.TypeSolver.solveType(TypeSolver.java:71)

16061      ERROR Test worker     d.u.i.k.n.b.TacletPBuilder Error in parsing taclet. de.uka.ilkd.key.util.parsing.BuildingException: Unsolved symbol in de.uka.ilkd.key.java.JavaParserFactory$DynamicTypeSolver@dc54576 : java.lang.Object at file:/home/runner/work/key/key/key.core/build/resources/main/de/uka/ilkd/key/proof/rules/javaRules.key:605:15
	at de.uka.ilkd.key.nparser.builder.AbstractBuilder.accept(AbstractBuilder.java:54)
Caused by: com.github.javaparser.resolution.UnsolvedSymbolException: Unsolved symbol in de.uka.ilkd.key.java.JavaParserFactory$DynamicTypeSolver@dc54576 : java.lang.Object
	at com.github.javaparser.resolution.TypeSolver.solveType(TypeSolver.java:71)

16064      ERROR Test worker     d.u.i.k.n.b.AbstractBuilder  com.github.javaparser.resolution.UnsolvedSymbolException: Unsolved symbol in de.uka.ilkd.key.java.JavaParserFactory$DynamicTypeSolver@dc54576 : java.lang.Object
	at com.github.javaparser.resolution.TypeSolver.solveType(TypeSolver.java:71)

16065      ERROR Test worker     d.u.i.k.n.b.TacletPBuilder Error in parsing taclet. de.uka.ilkd.key.util.parsing.BuildingException: Unsolved symbol in de.uka.ilkd.key.java.JavaParserFactory$DynamicTypeSolver@dc54576 : java.lang.Object at file:/home/runner/work/key/key/key.core/build/resources/main/de/uka/ilkd/key/proof/rules/javaRules.key:613:15
	at de.uka.ilkd.key.nparser.builder.AbstractBuilder.accept(AbstractBuilder.java:54)
Caused by: com.github.javaparser.resolution.UnsolvedSymbolException: Unsolved symbol in de.uka.ilkd.key.java.JavaParserFactory$DynamicTypeSolver@dc54576 : java.lang.Object
	at com.github.javaparser.resolution.TypeSolver.solveType(TypeSolver.java:71)

16068      ERROR Test worker     d.u.i.k.n.b.AbstractBuilder  com.github.javaparser.resolution.UnsolvedSymbolException: Unsolved symbol in de.uka.ilkd.key.java.JavaParserFactory$DynamicTypeSolver@dc54576 : java.lang.Object
	at com.github.javaparser.resolution.TypeSolver.solveType(TypeSolver.java:71)

16069      ERROR Test worker     d.u.i.k.n.b.TacletPBuilder Error in parsing taclet. de.uka.ilkd.key.util.parsing.BuildingException: Unsolved symbol in de.uka.ilkd.key.java.JavaParserFactory$DynamicTypeSolver@dc54576 : java.lang.Object at file:/home/runner/work/key/key/key.core/build/resources/main/de/uka/ilkd/key/proof/rules/javaRules.key:622:15
	at de.uka.ilkd.key.nparser.builder.AbstractBuilder.accept(AbstractBuilder.java:54)
Caused by: com.github.javaparser.resolution.UnsolvedSymbolException: Unsolved symbol in de.uka.ilkd.key.java.JavaParserFactory$DynamicTypeSolver@dc54576 : java.lang.Object
	at com.github.javaparser.resolution.TypeSolver.solveType(TypeSolver.java:71)

16072      ERROR Test worker     d.u.i.k.n.b.AbstractBuilder  com.github.javaparser.resolution.UnsolvedSymbolException: Unsolved symbol in de.uka.ilkd.key.java.JavaParserFactory$DynamicTypeSolver@dc54576 : java.lang.Object
	at com.github.javaparser.resolution.TypeSolver.solveType(TypeSolver.java:71)

16073      ERROR Test worker     d.u.i.k.n.b.TacletPBuilder Error in parsing taclet. de.uka.ilkd.key.util.parsing.BuildingException: Unsolved symbol in de.uka.ilkd.key.java.JavaParserFactory$DynamicTypeSolver@dc54576 : java.lang.Object at file:/home/runner/work/key/key/key.core/build/resources/main/de/uka/ilkd/key/proof/rules/javaRules.key:630:15
	at de.uka.ilkd.key.nparser.builder.AbstractBuilder.accept(AbstractBuilder.java:54)
Caused by: com.github.javaparser.resolution.UnsolvedSymbolException: Unsolved symbol in de.uka.ilkd.key.java.JavaParserFactory$DynamicTypeSolver@dc54576 : java.lang.Object
	at com.github.javaparser.resolution.TypeSolver.solveType(TypeSolver.java:71)

16076      ERROR Test worker     d.u.i.k.n.b.AbstractBuilder  com.github.javaparser.resolution.UnsolvedSymbolException: Unsolved symbol in de.uka.ilkd.key.java.JavaParserFactory$DynamicTypeSolver@dc54576 : java.lang.Object
	at com.github.javaparser.resolution.TypeSolver.solveType(TypeSolver.java:71)

16077      ERROR Test worker     d.u.i.k.n.b.TacletPBuilder Error in parsing taclet. de.uka.ilkd.key.util.parsing.BuildingException: Unsolved symbol in de.uka.ilkd.key.java.JavaParserFactory$DynamicTypeSolver@dc54576 : java.lang.Object at file:/home/runner/work/key/key/key.core/build/resources/main/de/uka/ilkd/key/proof/rules/javaRules.key:639:15
	at de.uka.ilkd.key.nparser.builder.AbstractBuilder.accept(AbstractBuilder.java:54)
Caused by: com.github.javaparser.resolution.UnsolvedSymbolException: Unsolved symbol in de.uka.ilkd.key.java.JavaParserFactory$DynamicTypeSolver@dc54576 : java.lang.Object
	at com.github.javaparser.resolution.TypeSolver.solveType(TypeSolver.java:71)

16080      ERROR Test worker     d.u.i.k.n.b.AbstractBuilder  com.github.javaparser.resolution.UnsolvedSymbolException: Unsolved symbol in de.uka.ilkd.key.java.JavaParserFactory$DynamicTypeSolver@dc54576 : java.lang.Object
	at com.github.javaparser.resolution.TypeSolver.solveType(TypeSolver.java:71)

16081      ERROR Test worker     d.u.i.k.n.b.TacletPBuilder Error in parsing taclet. de.uka.ilkd.key.util.parsing.BuildingException: Unsolved symbol in de.uka.ilkd.key.java.JavaParserFactory$DynamicTypeSolver@dc54576 : java.lang.Object at file:/home/runner/work/key/key/key.core/build/resources/main/de/uka/ilkd/key/proof/rules/javaRules.key:647:15
	at de.uka.ilkd.key.nparser.builder.AbstractBuilder.accept(AbstractBuilder.java:54)
Caused by: com.github.javaparser.resolution.UnsolvedSymbolException: Unsolved symbol in de.uka.ilkd.key.java.JavaParserFactory$DynamicTypeSolver@dc54576 : java.lang.Object
	at com.github.javaparser.resolution.TypeSolver.solveType(TypeSolver.java:71)

16084      ERROR Test worker     d.u.i.k.n.b.AbstractBuilder  com.github.javaparser.resolution.UnsolvedSymbolException: Unsolved symbol in de.uka.ilkd.key.java.JavaParserFactory$DynamicTypeSolver@dc54576 : java.lang.Object
	at com.github.javaparser.resolution.TypeSolver.solveType(TypeSolver.java:71)

16085      ERROR Test worker     d.u.i.k.n.b.TacletPBuilder Error in parsing taclet. de.uka.ilkd.key.util.parsing.BuildingException: Unsolved symbol in de.uka.ilkd.key.java.JavaParserFactory$DynamicTypeSolver@dc54576 : java.lang.Object at file:/home/runner/work/key/key/key.core/build/resources/main/de/uka/ilkd/key/proof/rules/javaRules.key:656:15
	at de.uka.ilkd.key.nparser.builder.AbstractBuilder.accept(AbstractBuilder.java:54)
Caused by: com.github.javaparser.resolution.UnsolvedSymbolException: Unsolved symbol in de.uka.ilkd.key.java.JavaParserFactory$DynamicTypeSolver@dc54576 : java.lang.Object
	at com.github.javaparser.resolution.TypeSolver.solveType(TypeSolver.java:71)

16088      ERROR Test worker     d.u.i.k.n.b.AbstractBuilder  com.github.javaparser.resolution.UnsolvedSymbolException: Unsolved symbol in de.uka.ilkd.key.java.JavaParserFactory$DynamicTypeSolver@dc54576 : java.lang.Object
	at com.github.javaparser.resolution.TypeSolver.solveType(TypeSolver.java:71)

16089      ERROR Test worker     d.u.i.k.n.b.TacletPBuilder Error in parsing taclet. de.uka.ilkd.key.util.parsing.BuildingException: Unsolved symbol in de.uka.ilkd.key.java.JavaParserFactory$DynamicTypeSolver@dc54576 : java.lang.Object at file:/home/runner/work/key/key/key.core/build/resources/main/de/uka/ilkd/key/proof/rules/javaRules.key:664:15
	at de.uka.ilkd.key.nparser.builder.AbstractBuilder.accept(AbstractBuilder.java:54)
Caused by: com.github.javaparser.resolution.UnsolvedSymbolException: Unsolved symbol in de.uka.ilkd.key.java.JavaParserFactory$DynamicTypeSolver@dc54576 : java.lang.Object
	at com.github.javaparser.resolution.TypeSolver.solveType(TypeSolver.java:71)

16092      ERROR Test worker     d.u.i.k.n.b.AbstractBuilder  com.github.javaparser.resolution.UnsolvedSymbolException: Unsolved symbol in de.uka.ilkd.key.java.JavaParserFactory$DynamicTypeSolver@dc54576 : java.lang.Object
	at com.github.javaparser.resolution.TypeSolver.solveType(TypeSolver.java:71)

16093      ERROR Test worker     d.u.i.k.n.b.TacletPBuilder Error in parsing taclet. de.uka.ilkd.key.util.parsing.BuildingException: Unsolved symbol in de.uka.ilkd.key.java.JavaParserFactory$DynamicTypeSolver@dc54576 : java.lang.Object at file:/home/runner/work/key/key/key.core/build/resources/main/de/uka/ilkd/key/proof/rules/javaRules.key:673:15
	at de.uka.ilkd.key.nparser.builder.AbstractBuilder.accept(AbstractBuilder.java:54)
Caused by: com.github.javaparser.resolution.UnsolvedSymbolException: Unsolved symbol in de.uka.ilkd.key.java.JavaParserFactory$DynamicTypeSolver@dc54576 : java.lang.Object
	at com.github.javaparser.resolution.TypeSolver.solveType(TypeSolver.java:71)

16097      ERROR Test worker     d.u.i.k.n.b.AbstractBuilder  com.github.javaparser.resolution.UnsolvedSymbolException: Unsolved symbol in de.uka.ilkd.key.java.JavaParserFactory$DynamicTypeSolver@dc54576 : java.lang.Object
	at com.github.javaparser.resolution.TypeSolver.solveType(TypeSolver.java:71)

16097      ERROR Test worker     d.u.i.k.n.b.TacletPBuilder Error in parsing taclet. de.uka.ilkd.key.util.parsing.BuildingException: Unsolved symbol in de.uka.ilkd.key.java.JavaParserFactory$DynamicTypeSolver@dc54576 : java.lang.Object at file:/home/runner/work/key/key/key.core/build/resources/main/de/uka/ilkd/key/proof/rules/javaRules.key:681:15
	at de.uka.ilkd.key.nparser.builder.AbstractBuilder.accept(AbstractBuilder.java:54)
Caused by: com.github.javaparser.resolution.UnsolvedSymbolException: Unsolved symbol in de.uka.ilkd.key.java.JavaParserFactory$DynamicTypeSolver@dc54576 : java.lang.Object
	at com.github.javaparser.resolution.TypeSolver.solveType(TypeSolver.java:71)

16103      ERROR Test worker     d.u.i.k.n.b.AbstractBuilder  com.github.javaparser.resolution.UnsolvedSymbolException: Unsolved symbol in de.uka.ilkd.key.java.JavaParserFactory$DynamicTypeSolver@dc54576 : java.lang.Object
	at com.github.javaparser.resolution.TypeSolver.solveType(TypeSolver.java:71)

16104      ERROR Test worker     d.u.i.k.n.b.TacletPBuilder Error in parsing taclet. de.uka.ilkd.key.util.parsing.BuildingException: Unsolved symbol in de.uka.ilkd.key.java.JavaParserFactory$DynamicTypeSolver@dc54576 : java.lang.Object at file:/home/runner/work/key/key/key.core/build/resources/main/de/uka/ilkd/key/proof/rules/javaRules.key:693:15
	at de.uka.ilkd.key.nparser.builder.AbstractBuilder.accept(AbstractBuilder.java:54)
Caused by: com.github.javaparser.resolution.UnsolvedSymbolException: Unsolved symbol in de.uka.ilkd.key.java.JavaParserFactory$DynamicTypeSolver@dc54576 : java.lang.Object
	at com.github.javaparser.resolution.TypeSolver.solveType(TypeSolver.java:71)

16108      ERROR Test worker     d.u.i.k.n.b.AbstractBuilder  com.github.javaparser.resolution.UnsolvedSymbolException: Unsolved symbol in de.uka.ilkd.key.java.JavaParserFactory$DynamicTypeSolver@dc54576 : java.lang.Object
	at com.github.javaparser.resolution.TypeSolver.solveType(TypeSolver.java:71)

16109      ERROR Test worker     d.u.i.k.n.b.TacletPBuilder Error in parsing taclet. de.uka.ilkd.key.util.parsing.BuildingException: Unsolved symbol in de.uka.ilkd.key.java.JavaParserFactory$DynamicTypeSolver@dc54576 : java.lang.Object at file:/home/runner/work/key/key/key.core/build/resources/main/de/uka/ilkd/key/proof/rules/javaRules.key:701:15
	at de.uka.ilkd.key.nparser.builder.AbstractBuilder.accept(AbstractBuilder.java:54)
Caused by: com.github.javaparser.resolution.UnsolvedSymbolException: Unsolved symbol in de.uka.ilkd.key.java.JavaParserFactory$DynamicTypeSolver@dc54576 : java.lang.Object
	at com.github.javaparser.resolution.TypeSolver.solveType(TypeSolver.java:71)

16112      ERROR Test worker     d.u.i.k.n.b.AbstractBuilder  com.github.javaparser.resolution.UnsolvedSymbolException: Unsolved symbol in de.uka.ilkd.key.java.JavaParserFactory$DynamicTypeSolver@dc54576 : java.lang.Object
	at com.github.javaparser.resolution.TypeSolver.solveType(TypeSolver.java:71)

16113      ERROR Test worker     d.u.i.k.n.b.TacletPBuilder Error in parsing taclet. de.uka.ilkd.key.util.parsing.BuildingException: Unsolved symbol in de.uka.ilkd.key.java.JavaParserFactory$DynamicTypeSolver@dc54576 : java.lang.Object at file:/home/runner/work/key/key/key.core/build/resources/main/de/uka/ilkd/key/proof/rules/javaRules.key:715:15
	at de.uka.ilkd.key.nparser.builder.AbstractBuilder.accept(AbstractBuilder.java:54)
Caused by: com.github.javaparser.resolution.UnsolvedSymbolException: Unsolved symbol in de.uka.ilkd.key.java.JavaParserFactory$DynamicTypeSolver@dc54576 : java.lang.Object
	at com.github.javaparser.resolution.TypeSolver.solveType(TypeSolver.java:71)

16124      ERROR Test worker     d.u.i.k.n.b.AbstractBuilder  com.github.javaparser.resolution.UnsolvedSymbolException: Unsolved symbol in de.uka.ilkd.key.java.JavaParserFactory$DynamicTypeSolver@dc54576 : java.lang.Object
	at com.github.javaparser.resolution.TypeSolver.solveType(TypeSolver.java:71)

16125      ERROR Test worker     d.u.i.k.n.b.TacletPBuilder Error in parsing taclet. de.uka.ilkd.key.util.parsing.BuildingException: Unsolved symbol in de.uka.ilkd.key.java.JavaParserFactory$DynamicTypeSolver@dc54576 : java.lang.Object at file:/home/runner/work/key/key/key.core/build/resources/main/de/uka/ilkd/key/proof/rules/javaRules.key:722:15
	at de.uka.ilkd.key.nparser.builder.AbstractBuilder.accept(AbstractBuilder.java:54)
Caused by: com.github.javaparser.resolution.UnsolvedSymbolException: Unsolved symbol in de.uka.ilkd.key.java.JavaParserFactory$DynamicTypeSolver@dc54576 : java.lang.Object
	at com.github.javaparser.resolution.TypeSolver.solveType(TypeSolver.java:71)

16128      ERROR Test worker     d.u.i.k.n.b.AbstractBuilder  com.github.javaparser.resolution.UnsolvedSymbolException: Unsolved symbol in de.uka.ilkd.key.java.JavaParserFactory$DynamicTypeSolver@dc54576 : java.lang.Object
	at com.github.javaparser.resolution.TypeSolver.solveType(TypeSolver.java:71)

16129      ERROR Test worker     d.u.i.k.n.b.TacletPBuilder Error in parsing taclet. de.uka.ilkd.key.util.parsing.BuildingException: Unsolved symbol in de.uka.ilkd.key.java.JavaParserFactory$DynamicTypeSolver@dc54576 : java.lang.Object at file:/home/runner/work/key/key/key.core/build/resources/main/de/uka/ilkd/key/proof/rules/javaRules.key:730:15
	at de.uka.ilkd.key.nparser.builder.AbstractBuilder.accept(AbstractBuilder.java:54)
Caused by: com.github.javaparser.resolution.UnsolvedSymbolException: Unsolved symbol in de.uka.ilkd.key.java.JavaParserFactory$DynamicTypeSolver@dc54576 : java.lang.Object
	at com.github.javaparser.resolution.TypeSolver.solveType(TypeSolver.java:71)

16132      ERROR Test worker     d.u.i.k.n.b.AbstractBuilder  com.github.javaparser.resolution.UnsolvedSymbolException: Unsolved symbol in de.uka.ilkd.key.java.JavaParserFactory$DynamicTypeSolver@dc54576 : java.lang.Object
	at com.github.javaparser.resolution.TypeSolver.solveType(TypeSolver.java:71)

16133      ERROR Test worker     d.u.i.k.n.b.TacletPBuilder Error in parsing taclet. de.uka.ilkd.key.util.parsing.BuildingException: Unsolved symbol in de.uka.ilkd.key.java.JavaParserFactory$DynamicTypeSolver@dc54576 : java.lang.Object at file:/home/runner/work/key/key/key.core/build/resources/main/de/uka/ilkd/key/proof/rules/javaRules.key:739:15
	at de.uka.ilkd.key.nparser.builder.AbstractBuilder.accept(AbstractBuilder.java:54)
Caused by: com.github.javaparser.resolution.UnsolvedSymbolException: Unsolved symbol in de.uka.ilkd.key.java.JavaParserFactory$DynamicTypeSolver@dc54576 : java.lang.Object
	at com.github.javaparser.resolution.TypeSolver.solveType(TypeSolver.java:71)

16136      ERROR Test worker     d.u.i.k.n.b.AbstractBuilder  com.github.javaparser.resolution.UnsolvedSymbolException: Unsolved symbol in de.uka.ilkd.key.java.JavaParserFactory$DynamicTypeSolver@dc54576 : java.lang.Object
	at com.github.javaparser.resolution.TypeSolver.solveType(TypeSolver.java:71)

16137      ERROR Test worker     d.u.i.k.n.b.TacletPBuilder Error in parsing taclet. de.uka.ilkd.key.util.parsing.BuildingException: Unsolved symbol in de.uka.ilkd.key.java.JavaParserFactory$DynamicTypeSolver@dc54576 : java.lang.Object at file:/home/runner/work/key/key/key.core/build/resources/main/de/uka/ilkd/key/proof/rules/javaRules.key:746:15
	at de.uka.ilkd.key.nparser.builder.AbstractBuilder.accept(AbstractBuilder.java:54)
Caused by: com.github.javaparser.resolution.UnsolvedSymbolException: Unsolved symbol in de.uka.ilkd.key.java.JavaParserFactory$DynamicTypeSolver@dc54576 : java.lang.Object
	at com.github.javaparser.resolution.TypeSolver.solveType(TypeSolver.java:71)

16139      ERROR Test worker     d.u.i.k.n.b.AbstractBuilder  com.github.javaparser.resolution.UnsolvedSymbolException: Unsolved symbol in de.uka.ilkd.key.java.JavaParserFactory$DynamicTypeSolver@dc54576 : java.lang.Object
	at com.github.javaparser.resolution.TypeSolver.solveType(TypeSolver.java:71)

16140      ERROR Test worker     d.u.i.k.n.b.TacletPBuilder Error in parsing taclet. de.uka.ilkd.key.util.parsing.BuildingException: Unsolved symbol in de.uka.ilkd.key.java.JavaParserFactory$DynamicTypeSolver@dc54576 : java.lang.Object at file:/home/runner/work/key/key/key.core/build/resources/main/de/uka/ilkd/key/proof/rules/javaRules.key:754:15
	at de.uka.ilkd.key.nparser.builder.AbstractBuilder.accept(AbstractBuilder.java:54)
Caused by: com.github.javaparser.resolution.UnsolvedSymbolException: Unsolved symbol in de.uka.ilkd.key.java.JavaParserFactory$DynamicTypeSolver@dc54576 : java.lang.Object
	at com.github.javaparser.resolution.TypeSolver.solveType(TypeSolver.java:71)

16143      ERROR Test worker     d.u.i.k.n.b.AbstractBuilder  com.github.javaparser.resolution.UnsolvedSymbolException: Unsolved symbol in de.uka.ilkd.key.java.JavaParserFactory$DynamicTypeSolver@dc54576 : java.lang.Object
	at com.github.javaparser.resolution.TypeSolver.solveType(TypeSolver.java:71)

16145      ERROR Test worker     d.u.i.k.n.b.TacletPBuilder Error in parsing taclet. de.uka.ilkd.key.util.parsing.BuildingException: Unsolved symbol in de.uka.ilkd.key.java.JavaParserFactory$DynamicTypeSolver@dc54576 : java.lang.Object at file:/home/runner/work/key/key/key.core/build/resources/main/de/uka/ilkd/key/proof/rules/javaRules.key:763:15
	at de.uka.ilkd.key.nparser.builder.AbstractBuilder.accept(AbstractBuilder.java:54)
Caused by: com.github.javaparser.resolution.UnsolvedSymbolException: Unsolved symbol in de.uka.ilkd.key.java.JavaParserFactory$DynamicTypeSolver@dc54576 : java.lang.Object
	at com.github.javaparser.resolution.TypeSolver.solveType(TypeSolver.java:71)

16148      ERROR Test worker     d.u.i.k.n.b.AbstractBuilder  com.github.javaparser.resolution.UnsolvedSymbolException: Unsolved symbol in de.uka.ilkd.key.java.JavaParserFactory$DynamicTypeSolver@dc54576 : java.lang.Object
	at com.github.javaparser.resolution.TypeSolver.solveType(TypeSolver.java:71)

16149      ERROR Test worker     d.u.i.k.n.b.TacletPBuilder Error in parsing taclet. de.uka.ilkd.key.util.parsing.BuildingException: Unsolved symbol in de.uka.ilkd.key.java.JavaParserFactory$DynamicTypeSolver@dc54576 : java.lang.Object at file:/home/runner/work/key/key/key.core/build/resources/main/de/uka/ilkd/key/proof/rules/javaRules.key:770:15
	at de.uka.ilkd.key.nparser.builder.AbstractBuilder.accept(AbstractBuilder.java:54)
Caused by: com.github.javaparser.resolution.UnsolvedSymbolException: Unsolved symbol in de.uka.ilkd.key.java.JavaParserFactory$DynamicTypeSolver@dc54576 : java.lang.Object
	at com.github.javaparser.resolution.TypeSolver.solveType(TypeSolver.java:71)

16152      ERROR Test worker     d.u.i.k.n.b.AbstractBuilder  com.github.javaparser.resolution.UnsolvedSymbolException: Unsolved symbol in de.uka.ilkd.key.java.JavaParserFactory$DynamicTypeSolver@dc54576 : java.lang.Object
	at com.github.javaparser.resolution.TypeSolver.solveType(TypeSolver.java:71)

16152      ERROR Test worker     d.u.i.k.n.b.TacletPBuilder Error in parsing taclet. de.uka.ilkd.key.util.parsing.BuildingException: Unsolved symbol in de.uka.ilkd.key.java.JavaParserFactory$DynamicTypeSolver@dc54576 : java.lang.Object at file:/home/runner/work/key/key/key.core/build/resources/main/de/uka/ilkd/key/proof/rules/javaRules.key:778:15
	at de.uka.ilkd.key.nparser.builder.AbstractBuilder.accept(AbstractBuilder.java:54)
Caused by: com.github.javaparser.resolution.UnsolvedSymbolException: Unsolved symbol in de.uka.ilkd.key.java.JavaParserFactory$DynamicTypeSolver@dc54576 : java.lang.Object
	at com.github.javaparser.resolution.TypeSolver.solveType(TypeSolver.java:71)

16156      ERROR Test worker     d.u.i.k.n.b.AbstractBuilder  com.github.javaparser.resolution.UnsolvedSymbolException: Unsolved symbol in de.uka.ilkd.key.java.JavaParserFactory$DynamicTypeSolver@dc54576 : java.lang.Object
	at com.github.javaparser.resolution.TypeSolver.solveType(TypeSolver.java:71)

16157      ERROR Test worker     d.u.i.k.n.b.TacletPBuilder Error in parsing taclet. de.uka.ilkd.key.util.parsing.BuildingException: Unsolved symbol in de.uka.ilkd.key.java.JavaParserFactory$DynamicTypeSolver@dc54576 : java.lang.Object at file:/home/runner/work/key/key/key.core/build/resources/main/de/uka/ilkd/key/proof/rules/javaRules.key:787:15
	at de.uka.ilkd.key.nparser.builder.AbstractBuilder.accept(AbstractBuilder.java:54)
Caused by: com.github.javaparser.resolution.UnsolvedSymbolException: Unsolved symbol in de.uka.ilkd.key.java.JavaParserFactory$DynamicTypeSolver@dc54576 : java.lang.Object
	at com.github.javaparser.resolution.TypeSolver.solveType(TypeSolver.java:71)

16159      ERROR Test worker     d.u.i.k.n.b.AbstractBuilder  com.github.javaparser.resolution.UnsolvedSymbolException: Unsolved symbol in de.uka.ilkd.key.java.JavaParserFactory$DynamicTypeSolver@dc54576 : java.lang.Object
	at com.github.javaparser.resolution.TypeSolver.solveType(TypeSolver.java:71)

16160      ERROR Test worker     d.u.i.k.n.b.TacletPBuilder Error in parsing taclet. de.uka.ilkd.key.util.parsing.BuildingException: Unsolved symbol in de.uka.ilkd.key.java.JavaParserFactory$DynamicTypeSolver@dc54576 : java.lang.Object at file:/home/runner/work/key/key/key.core/build/resources/main/de/uka/ilkd/key/proof/rules/javaRules.key:794:15
	at de.uka.ilkd.key.nparser.builder.AbstractBuilder.accept(AbstractBuilder.java:54)
Caused by: com.github.javaparser.resolution.UnsolvedSymbolException: Unsolved symbol in de.uka.ilkd.key.java.JavaParserFactory$DynamicTypeSolver@dc54576 : java.lang.Object
	at com.github.javaparser.resolution.TypeSolver.solveType(TypeSolver.java:71)

16163      ERROR Test worker     d.u.i.k.n.b.AbstractBuilder  com.github.javaparser.resolution.UnsolvedSymbolException: Unsolved symbol in de.uka.ilkd.key.java.JavaParserFactory$DynamicTypeSolver@dc54576 : java.lang.Object
	at com.github.javaparser.resolution.TypeSolver.solveType(TypeSolver.java:71)

16164      ERROR Test worker     d.u.i.k.n.b.TacletPBuilder Error in parsing taclet. de.uka.ilkd.key.util.parsing.BuildingException: Unsolved symbol in de.uka.ilkd.key.java.JavaParserFactory$DynamicTypeSolver@dc54576 : java.lang.Object at file:/home/runner/work/key/key/key.core/build/resources/main/de/uka/ilkd/key/proof/rules/javaRules.key:802:15
	at de.uka.ilkd.key.nparser.builder.AbstractBuilder.accept(AbstractBuilder.java:54)
Caused by: com.github.javaparser.resolution.UnsolvedSymbolException: Unsolved symbol in de.uka.ilkd.key.java.JavaParserFactory$DynamicTypeSolver@dc54576 : java.lang.Object
	at com.github.javaparser.resolution.TypeSolver.solveType(TypeSolver.java:71)

16167      ERROR Test worker     d.u.i.k.n.b.AbstractBuilder  com.github.javaparser.resolution.UnsolvedSymbolException: Unsolved symbol in de.uka.ilkd.key.java.JavaParserFactory$DynamicTypeSolver@dc54576 : java.lang.Object
	at com.github.javaparser.resolution.TypeSolver.solveType(TypeSolver.java:71)

16168      ERROR Test worker     d.u.i.k.n.b.TacletPBuilder Error in parsing taclet. de.uka.ilkd.key.util.parsing.BuildingException: Unsolved symbol in de.uka.ilkd.key.java.JavaParserFactory$DynamicTypeSolver@dc54576 : java.lang.Object at file:/home/runner/work/key/key/key.core/build/resources/main/de/uka/ilkd/key/proof/rules/javaRules.key:811:15
	at de.uka.ilkd.key.nparser.builder.AbstractBuilder.accept(AbstractBuilder.java:54)
Caused by: com.github.javaparser.resolution.UnsolvedSymbolException: Unsolved symbol in de.uka.ilkd.key.java.JavaParserFactory$DynamicTypeSolver@dc54576 : java.lang.Object
	at com.github.javaparser.resolution.TypeSolver.solveType(TypeSolver.java:71)

16173      ERROR Test worker     d.u.i.k.n.b.AbstractBuilder  com.github.javaparser.resolution.UnsolvedSymbolException: Unsolved symbol in de.uka.ilkd.key.java.JavaParserFactory$DynamicTypeSolver@dc54576 : java.lang.Object
	at com.github.javaparser.resolution.TypeSolver.solveType(TypeSolver.java:71)

16174      ERROR Test worker     d.u.i.k.n.b.TacletPBuilder Error in parsing taclet. de.uka.ilkd.key.util.parsing.BuildingException: Unsolved symbol in de.uka.ilkd.key.java.JavaParserFactory$DynamicTypeSolver@dc54576 : java.lang.Object at file:/home/runner/work/key/key/key.core/build/resources/main/de/uka/ilkd/key/proof/rules/javaRules.key:819:15
	at de.uka.ilkd.key.nparser.builder.AbstractBuilder.accept(AbstractBuilder.java:54)
Caused by: com.github.javaparser.resolution.UnsolvedSymbolException: Unsolved symbol in de.uka.ilkd.key.java.JavaParserFactory$DynamicTypeSolver@dc54576 : java.lang.Object
	at com.github.javaparser.resolution.TypeSolver.solveType(TypeSolver.java:71)

16177      ERROR Test worker     d.u.i.k.n.b.AbstractBuilder  com.github.javaparser.resolution.UnsolvedSymbolException: Unsolved symbol in de.uka.ilkd.key.java.JavaParserFactory$DynamicTypeSolver@dc54576 : java.lang.Object
	at com.github.javaparser.resolution.TypeSolver.solveType(TypeSolver.java:71)

16178      ERROR Test worker     d.u.i.k.n.b.TacletPBuilder Error in parsing taclet. de.uka.ilkd.key.util.parsing.BuildingException: Unsolved symbol in de.uka.ilkd.key.java.JavaParserFactory$DynamicTypeSolver@dc54576 : java.lang.Object at file:/home/runner/work/key/key/key.core/build/resources/main/de/uka/ilkd/key/proof/rules/javaRules.key:827:15
	at de.uka.ilkd.key.nparser.builder.AbstractBuilder.accept(AbstractBuilder.java:54)
Caused by: com.github.javaparser.resolution.UnsolvedSymbolException: Unsolved symbol in de.uka.ilkd.key.java.JavaParserFactory$DynamicTypeSolver@dc54576 : java.lang.Object
	at com.github.javaparser.resolution.TypeSolver.solveType(TypeSolver.java:71)

16181      ERROR Test worker     d.u.i.k.n.b.AbstractBuilder  com.github.javaparser.resolution.UnsolvedSymbolException: Unsolved symbol in de.uka.ilkd.key.java.JavaParserFactory$DynamicTypeSolver@dc54576 : java.lang.Object
	at com.github.javaparser.resolution.TypeSolver.solveType(TypeSolver.java:71)

16182      ERROR Test worker     d.u.i.k.n.b.TacletPBuilder Error in parsing taclet. de.uka.ilkd.key.util.parsing.BuildingException: Unsolved symbol in de.uka.ilkd.key.java.JavaParserFactory$DynamicTypeSolver@dc54576 : java.lang.Object at file:/home/runner/work/key/key/key.core/build/resources/main/de/uka/ilkd/key/proof/rules/javaRules.key:836:15
	at de.uka.ilkd.key.nparser.builder.AbstractBuilder.accept(AbstractBuilder.java:54)
Caused by: com.github.javaparser.resolution.UnsolvedSymbolException: Unsolved symbol in de.uka.ilkd.key.java.JavaParserFactory$DynamicTypeSolver@dc54576 : java.lang.Object
	at com.github.javaparser.resolution.TypeSolver.solveType(TypeSolver.java:71)

16185      ERROR Test worker     d.u.i.k.n.b.AbstractBuilder  com.github.javaparser.resolution.UnsolvedSymbolException: Unsolved symbol in de.uka.ilkd.key.java.JavaParserFactory$DynamicTypeSolver@dc54576 : java.lang.Object
	at com.github.javaparser.resolution.TypeSolver.solveType(TypeSolver.java:71)

16186      ERROR Test worker     d.u.i.k.n.b.TacletPBuilder Error in parsing taclet. de.uka.ilkd.key.util.parsing.BuildingException: Unsolved symbol in de.uka.ilkd.key.java.JavaParserFactory$DynamicTypeSolver@dc54576 : java.lang.Object at file:/home/runner/work/key/key/key.core/build/resources/main/de/uka/ilkd/key/proof/rules/javaRules.key:843:15
	at de.uka.ilkd.key.nparser.builder.AbstractBuilder.accept(AbstractBuilder.java:54)
Caused by: com.github.javaparser.resolution.UnsolvedSymbolException: Unsolved symbol in de.uka.ilkd.key.java.JavaParserFactory$DynamicTypeSolver@dc54576 : java.lang.Object
	at com.github.javaparser.resolution.TypeSolver.solveType(TypeSolver.java:71)

16189      ERROR Test worker     d.u.i.k.n.b.AbstractBuilder  com.github.javaparser.resolution.UnsolvedSymbolException: Unsolved symbol in de.uka.ilkd.key.java.JavaParserFactory$DynamicTypeSolver@dc54576 : java.lang.Object
	at com.github.javaparser.resolution.TypeSolver.solveType(TypeSolver.java:71)

16190      ERROR Test worker     d.u.i.k.n.b.TacletPBuilder Error in parsing taclet. de.uka.ilkd.key.util.parsing.BuildingException: Unsolved symbol in de.uka.ilkd.key.java.JavaParserFactory$DynamicTypeSolver@dc54576 : java.lang.Object at file:/home/runner/work/key/key/key.core/build/resources/main/de/uka/ilkd/key/proof/rules/javaRules.key:851:15
	at de.uka.ilkd.key.nparser.builder.AbstractBuilder.accept(AbstractBuilder.java:54)
Caused by: com.github.javaparser.resolution.UnsolvedSymbolException: Unsolved symbol in de.uka.ilkd.key.java.JavaParserFactory$DynamicTypeSolver@dc54576 : java.lang.Object
	at com.github.javaparser.resolution.TypeSolver.solveType(TypeSolver.java:71)

16197      ERROR Test worker     d.u.i.k.n.b.AbstractBuilder  com.github.javaparser.resolution.UnsolvedSymbolException: Unsolved symbol in de.uka.ilkd.key.java.JavaParserFactory$DynamicTypeSolver@dc54576 : java.lang.Object
	at com.github.javaparser.resolution.TypeSolver.solveType(TypeSolver.java:71)

16197      ERROR Test worker     d.u.i.k.n.b.TacletPBuilder Error in parsing taclet. de.uka.ilkd.key.util.parsing.BuildingException: Unsolved symbol in de.uka.ilkd.key.java.JavaParserFactory$DynamicTypeSolver@dc54576 : java.lang.Object at file:/home/runner/work/key/key/key.core/build/resources/main/de/uka/ilkd/key/proof/rules/javaRules.key:860:15
	at de.uka.ilkd.key.nparser.builder.AbstractBuilder.accept(AbstractBuilder.java:54)
Caused by: com.github.javaparser.resolution.UnsolvedSymbolException: Unsolved symbol in de.uka.ilkd.key.java.JavaParserFactory$DynamicTypeSolver@dc54576 : java.lang.Object
	at com.github.javaparser.resolution.TypeSolver.solveType(TypeSolver.java:71)

16200      ERROR Test worker     d.u.i.k.n.b.AbstractBuilder  com.github.javaparser.resolution.UnsolvedSymbolException: Unsolved symbol in de.uka.ilkd.key.java.JavaParserFactory$DynamicTypeSolver@dc54576 : java.lang.Object
	at com.github.javaparser.resolution.TypeSolver.solveType(TypeSolver.java:71)

16201      ERROR Test worker     d.u.i.k.n.b.TacletPBuilder Error in parsing taclet. de.uka.ilkd.key.util.parsing.BuildingException: Unsolved symbol in de.uka.ilkd.key.java.JavaParserFactory$DynamicTypeSolver@dc54576 : java.lang.Object at file:/home/runner/work/key/key/key.core/build/resources/main/de/uka/ilkd/key/proof/rules/javaRules.key:867:15
	at de.uka.ilkd.key.nparser.builder.AbstractBuilder.accept(AbstractBuilder.java:54)
Caused by: com.github.javaparser.resolution.UnsolvedSymbolException: Unsolved symbol in de.uka.ilkd.key.java.JavaParserFactory$DynamicTypeSolver@dc54576 : java.lang.Object
	at com.github.javaparser.resolution.TypeSolver.solveType(TypeSolver.java:71)

16204      ERROR Test worker     d.u.i.k.n.b.AbstractBuilder  com.github.javaparser.resolution.UnsolvedSymbolException: Unsolved symbol in de.uka.ilkd.key.java.JavaParserFactory$DynamicTypeSolver@dc54576 : java.lang.Object
	at com.github.javaparser.resolution.TypeSolver.solveType(TypeSolver.java:71)

16205      ERROR Test worker     d.u.i.k.n.b.TacletPBuilder Error in parsing taclet. de.uka.ilkd.key.util.parsing.BuildingException: Unsolved symbol in de.uka.ilkd.key.java.JavaParserFactory$DynamicTypeSolver@dc54576 : java.lang.Object at file:/home/runner/work/key/key/key.core/build/resources/main/de/uka/ilkd/key/proof/rules/javaRules.key:875:15
	at de.uka.ilkd.key.nparser.builder.AbstractBuilder.accept(AbstractBuilder.java:54)
Caused by: com.github.javaparser.resolution.UnsolvedSymbolException: Unsolved symbol in de.uka.ilkd.key.java.JavaParserFactory$DynamicTypeSolver@dc54576 : java.lang.Object
	at com.github.javaparser.resolution.TypeSolver.solveType(TypeSolver.java:71)

16210      ERROR Test worker     d.u.i.k.n.b.AbstractBuilder  com.github.javaparser.resolution.UnsolvedSymbolException: Unsolved symbol in de.uka.ilkd.key.java.JavaParserFactory$DynamicTypeSolver@dc54576 : java.lang.Object
	at com.github.javaparser.resolution.TypeSolver.solveType(TypeSolver.java:71)

16211      ERROR Test worker     d.u.i.k.n.b.TacletPBuilder Error in parsing taclet. de.uka.ilkd.key.util.parsing.BuildingException: Unsolved symbol in de.uka.ilkd.key.java.JavaParserFactory$DynamicTypeSolver@dc54576 : java.lang.Object at file:/home/runner/work/key/key/key.core/build/resources/main/de/uka/ilkd/key/proof/rules/javaRules.key:884:15
	at de.uka.ilkd.key.nparser.builder.AbstractBuilder.accept(AbstractBuilder.java:54)
Caused by: com.github.javaparser.resolution.UnsolvedSymbolException: Unsolved symbol in de.uka.ilkd.key.java.JavaParserFactory$DynamicTypeSolver@dc54576 : java.lang.Object
	at com.github.javaparser.resolution.TypeSolver.solveType(TypeSolver.java:71)

16214      ERROR Test worker     d.u.i.k.n.b.AbstractBuilder  com.github.javaparser.resolution.UnsolvedSymbolException: Unsolved symbol in de.uka.ilkd.key.java.JavaParserFactory$DynamicTypeSolver@dc54576 : java.lang.Object
	at com.github.javaparser.resolution.TypeSolver.solveType(TypeSolver.java:71)

16215      ERROR Test worker     d.u.i.k.n.b.TacletPBuilder Error in parsing taclet. de.uka.ilkd.key.util.parsing.BuildingException: Unsolved symbol in de.uka.ilkd.key.java.JavaParserFactory$DynamicTypeSolver@dc54576 : java.lang.Object at file:/home/runner/work/key/key/key.core/build/resources/main/de/uka/ilkd/key/proof/rules/javaRules.key:892:15
	at de.uka.ilkd.key.nparser.builder.AbstractBuilder.accept(AbstractBuilder.java:54)
Caused by: com.github.javaparser.resolution.UnsolvedSymbolException: Unsolved symbol in de.uka.ilkd.key.java.JavaParserFactory$DynamicTypeSolver@dc54576 : java.lang.Object
	at com.github.javaparser.resolution.TypeSolver.solveType(TypeSolver.java:71)

16226      ERROR Test worker     d.u.i.k.n.b.AbstractBuilder  com.github.javaparser.resolution.UnsolvedSymbolException: Unsolved symbol in de.uka.ilkd.key.java.JavaParserFactory$DynamicTypeSolver@dc54576 : java.lang.Object
	at com.github.javaparser.resolution.TypeSolver.solveType(TypeSolver.java:71)

16227      ERROR Test worker     d.u.i.k.n.b.TacletPBuilder Error in parsing taclet. de.uka.ilkd.key.util.parsing.BuildingException: Unsolved symbol in de.uka.ilkd.key.java.JavaParserFactory$DynamicTypeSolver@dc54576 : java.lang.Object at file:/home/runner/work/key/key/key.core/build/resources/main/de/uka/ilkd/key/proof/rules/javaRules.key:900:15
	at de.uka.ilkd.key.nparser.builder.AbstractBuilder.accept(AbstractBuilder.java:54)
Caused by: com.github.javaparser.resolution.UnsolvedSymbolException: Unsolved symbol in de.uka.ilkd.key.java.JavaParserFactory$DynamicTypeSolver@dc54576 : java.lang.Object
	at com.github.javaparser.resolution.TypeSolver.solveType(TypeSolver.java:71)

16230      ERROR Test worker     d.u.i.k.n.b.AbstractBuilder  com.github.javaparser.resolution.UnsolvedSymbolException: Unsolved symbol in de.uka.ilkd.key.java.JavaParserFactory$DynamicTypeSolver@dc54576 : java.lang.Object
	at com.github.javaparser.resolution.TypeSolver.solveType(TypeSolver.java:71)

16230      ERROR Test worker     d.u.i.k.n.b.TacletPBuilder Error in parsing taclet. de.uka.ilkd.key.util.parsing.BuildingException: Unsolved symbol in de.uka.ilkd.key.java.JavaParserFactory$DynamicTypeSolver@dc54576 : java.lang.Object at file:/home/runner/work/key/key/key.core/build/resources/main/de/uka/ilkd/key/proof/rules/javaRules.key:909:15
	at de.uka.ilkd.key.nparser.builder.AbstractBuilder.accept(AbstractBuilder.java:54)
Caused by: com.github.javaparser.resolution.UnsolvedSymbolException: Unsolved symbol in de.uka.ilkd.key.java.JavaParserFactory$DynamicTypeSolver@dc54576 : java.lang.Object
	at com.github.javaparser.resolution.TypeSolver.solveType(TypeSolver.java:71)

16233      ERROR Test worker     d.u.i.k.n.b.AbstractBuilder  com.github.javaparser.resolution.UnsolvedSymbolException: Unsolved symbol in de.uka.ilkd.key.java.JavaParserFactory$DynamicTypeSolver@dc54576 : java.lang.Object
	at com.github.javaparser.resolution.TypeSolver.solveType(TypeSolver.java:71)

16236      ERROR Test worker     d.u.i.k.n.b.TacletPBuilder Error in parsing taclet. de.uka.ilkd.key.util.parsing.BuildingException: Unsolved symbol in de.uka.ilkd.key.java.JavaParserFactory$DynamicTypeSolver@dc54576 : java.lang.Object at file:/home/runner/work/key/key/key.core/build/resources/main/de/uka/ilkd/key/proof/rules/javaRules.key:925:15
	at de.uka.ilkd.key.nparser.builder.AbstractBuilder.accept(AbstractBuilder.java:54)
Caused by: com.github.javaparser.resolution.UnsolvedSymbolException: Unsolved symbol in de.uka.ilkd.key.java.JavaParserFactory$DynamicTypeSolver@dc54576 : java.lang.Object
	at com.github.javaparser.resolution.TypeSolver.solveType(TypeSolver.java:71)

16242      ERROR Test worker     d.u.i.k.n.b.AbstractBuilder  com.github.javaparser.resolution.UnsolvedSymbolException: Unsolved symbol in de.uka.ilkd.key.java.JavaParserFactory$DynamicTypeSolver@dc54576 : java.lang.Object
	at com.github.javaparser.resolution.TypeSolver.solveType(TypeSolver.java:71)

16243      ERROR Test worker     d.u.i.k.n.b.TacletPBuilder Error in parsing taclet. de.uka.ilkd.key.util.parsing.BuildingException: Unsolved symbol in de.uka.ilkd.key.java.JavaParserFactory$DynamicTypeSolver@dc54576 : java.lang.Object at file:/home/runner/work/key/key/key.core/build/resources/main/de/uka/ilkd/key/proof/rules/javaRules.key:935:15
	at de.uka.ilkd.key.nparser.builder.AbstractBuilder.accept(AbstractBuilder.java:54)
Caused by: com.github.javaparser.resolution.UnsolvedSymbolException: Unsolved symbol in de.uka.ilkd.key.java.JavaParserFactory$DynamicTypeSolver@dc54576 : java.lang.Object
	at com.github.javaparser.resolution.TypeSolver.solveType(TypeSolver.java:71)

16246      ERROR Test worker     d.u.i.k.n.b.AbstractBuilder  com.github.javaparser.resolution.UnsolvedSymbolException: Unsolved symbol in de.uka.ilkd.key.java.JavaParserFactory$DynamicTypeSolver@dc54576 : java.lang.Object
	at com.github.javaparser.resolution.TypeSolver.solveType(TypeSolver.java:71)

16247      ERROR Test worker     d.u.i.k.n.b.TacletPBuilder Error in parsing taclet. de.uka.ilkd.key.util.parsing.BuildingException: Unsolved symbol in de.uka.ilkd.key.java.JavaParserFactory$DynamicTypeSolver@dc54576 : java.lang.Object at file:/home/runner/work/key/key/key.core/build/resources/main/de/uka/ilkd/key/proof/rules/javaRules.key:945:15
	at de.uka.ilkd.key.nparser.builder.AbstractBuilder.accept(AbstractBuilder.java:54)
Caused by: com.github.javaparser.resolution.UnsolvedSymbolException: Unsolved symbol in de.uka.ilkd.key.java.JavaParserFactory$DynamicTypeSolver@dc54576 : java.lang.Object
	at com.github.javaparser.resolution.TypeSolver.solveType(TypeSolver.java:71)

16250      ERROR Test worker     d.u.i.k.n.b.AbstractBuilder  com.github.javaparser.resolution.UnsolvedSymbolException: Unsolved symbol in de.uka.ilkd.key.java.JavaParserFactory$DynamicTypeSolver@dc54576 : java.lang.Object
	at com.github.javaparser.resolution.TypeSolver.solveType(TypeSolver.java:71)

16250      ERROR Test worker     d.u.i.k.n.b.TacletPBuilder Error in parsing taclet. de.uka.ilkd.key.util.parsing.BuildingException: Unsolved symbol in de.uka.ilkd.key.java.JavaParserFactory$DynamicTypeSolver@dc54576 : java.lang.Object at file:/home/runner/work/key/key/key.core/build/resources/main/de/uka/ilkd/key/proof/rules/javaRules.key:959:15
	at de.uka.ilkd.key.nparser.builder.AbstractBuilder.accept(AbstractBuilder.java:54)
Caused by: com.github.javaparser.resolution.UnsolvedSymbolException: Unsolved symbol in de.uka.ilkd.key.java.JavaParserFactory$DynamicTypeSolver@dc54576 : java.lang.Object
	at com.github.javaparser.resolution.TypeSolver.solveType(TypeSolver.java:71)

16253      ERROR Test worker     d.u.i.k.n.b.AbstractBuilder  com.github.javaparser.resolution.UnsolvedSymbolException: Unsolved symbol in de.uka.ilkd.key.java.JavaParserFactory$DynamicTypeSolver@dc54576 : java.lang.Object
	at com.github.javaparser.resolution.TypeSolver.solveType(TypeSolver.java:71)

16254      ERROR Test worker     d.u.i.k.n.b.TacletPBuilder Error in parsing taclet. de.uka.ilkd.key.util.parsing.BuildingException: Unsolved symbol in de.uka.ilkd.key.java.JavaParserFactory$DynamicTypeSolver@dc54576 : java.lang.Object at file:/home/runner/work/key/key/key.core/build/resources/main/de/uka/ilkd/key/proof/rules/javaRules.key:975:20
	at de.uka.ilkd.key.nparser.builder.AbstractBuilder.accept(AbstractBuilder.java:54)
Caused by: com.github.javaparser.resolution.UnsolvedSymbolException: Unsolved symbol in de.uka.ilkd.key.java.JavaParserFactory$DynamicTypeSolver@dc54576 : java.lang.Object
	at com.github.javaparser.resolution.TypeSolver.solveType(TypeSolver.java:71)

16258      ERROR Test worker     d.u.i.k.n.b.AbstractBuilder  com.github.javaparser.resolution.UnsolvedSymbolException: Unsolved symbol in de.uka.ilkd.key.java.JavaParserFactory$DynamicTypeSolver@dc54576 : java.lang.Object
	at com.github.javaparser.resolution.TypeSolver.solveType(TypeSolver.java:71)

16259      ERROR Test worker     d.u.i.k.n.b.TacletPBuilder Error in parsing taclet. de.uka.ilkd.key.util.parsing.BuildingException: Unsolved symbol in de.uka.ilkd.key.java.JavaParserFactory$DynamicTypeSolver@dc54576 : java.lang.Object at file:/home/runner/work/key/key/key.core/build/resources/main/de/uka/ilkd/key/proof/rules/javaRules.key:990:15
	at de.uka.ilkd.key.nparser.builder.AbstractBuilder.accept(AbstractBuilder.java:54)
Caused by: com.github.javaparser.resolution.UnsolvedSymbolException: Unsolved symbol in de.uka.ilkd.key.java.JavaParserFactory$DynamicTypeSolver@dc54576 : java.lang.Object
	at com.github.javaparser.resolution.TypeSolver.solveType(TypeSolver.java:71)

16263      ERROR Test worker     d.u.i.k.n.b.AbstractBuilder  com.github.javaparser.resolution.UnsolvedSymbolException: Unsolved symbol in de.uka.ilkd.key.java.JavaParserFactory$DynamicTypeSolver@dc54576 : java.lang.Object
	at com.github.javaparser.resolution.TypeSolver.solveType(TypeSolver.java:71)

16263      ERROR Test worker     d.u.i.k.n.b.TacletPBuilder Error in parsing taclet. de.uka.ilkd.key.util.parsing.BuildingException: Unsolved symbol in de.uka.ilkd.key.java.JavaParserFactory$DynamicTypeSolver@dc54576 : java.lang.Object at file:/home/runner/work/key/key/key.core/build/resources/main/de/uka/ilkd/key/proof/rules/javaRules.key:1001:15
	at de.uka.ilkd.key.nparser.builder.AbstractBuilder.accept(AbstractBuilder.java:54)
Caused by: com.github.javaparser.resolution.UnsolvedSymbolException: Unsolved symbol in de.uka.ilkd.key.java.JavaParserFactory$DynamicTypeSolver@dc54576 : java.lang.Object
	at com.github.javaparser.resolution.TypeSolver.solveType(TypeSolver.java:71)

16266      ERROR Test worker     d.u.i.k.n.b.AbstractBuilder  com.github.javaparser.resolution.UnsolvedSymbolException: Unsolved symbol in de.uka.ilkd.key.java.JavaParserFactory$DynamicTypeSolver@dc54576 : java.lang.Object
	at com.github.javaparser.resolution.TypeSolver.solveType(TypeSolver.java:71)

16267      ERROR Test worker     d.u.i.k.n.b.TacletPBuilder Error in parsing taclet. de.uka.ilkd.key.util.parsing.BuildingException: Unsolved symbol in de.uka.ilkd.key.java.JavaParserFactory$DynamicTypeSolver@dc54576 : java.lang.Object at file:/home/runner/work/key/key/key.core/build/resources/main/de/uka/ilkd/key/proof/rules/javaRules.key:1018:20
	at de.uka.ilkd.key.nparser.builder.AbstractBuilder.accept(AbstractBuilder.java:54)
Caused by: com.github.javaparser.resolution.UnsolvedSymbolException: Unsolved symbol in de.uka.ilkd.key.java.JavaParserFactory$DynamicTypeSolver@dc54576 : java.lang.Object
	at com.github.javaparser.resolution.TypeSolver.solveType(TypeSolver.java:71)

16270      ERROR Test worker     d.u.i.k.n.b.AbstractBuilder  com.github.javaparser.resolution.UnsolvedSymbolException: Unsolved symbol in de.uka.ilkd.key.java.JavaParserFactory$DynamicTypeSolver@dc54576 : java.lang.Object
	at com.github.javaparser.resolution.TypeSolver.solveType(TypeSolver.java:71)

16271      ERROR Test worker     d.u.i.k.n.b.TacletPBuilder Error in parsing taclet. de.uka.ilkd.key.util.parsing.BuildingException: Unsolved symbol in de.uka.ilkd.key.java.JavaParserFactory$DynamicTypeSolver@dc54576 : java.lang.Object at file:/home/runner/work/key/key/key.core/build/resources/main/de/uka/ilkd/key/proof/rules/javaRules.key:1034:15
	at de.uka.ilkd.key.nparser.builder.AbstractBuilder.accept(AbstractBuilder.java:54)
Caused by: com.github.javaparser.resolution.UnsolvedSymbolException: Unsolved symbol in de.uka.ilkd.key.java.JavaParserFactory$DynamicTypeSolver@dc54576 : java.lang.Object
	at com.github.javaparser.resolution.TypeSolver.solveType(TypeSolver.java:71)

16274      ERROR Test worker     d.u.i.k.n.b.AbstractBuilder  com.github.javaparser.resolution.UnsolvedSymbolException: Unsolved symbol in de.uka.ilkd.key.java.JavaParserFactory$DynamicTypeSolver@dc54576 : java.lang.Object
	at com.github.javaparser.resolution.TypeSolver.solveType(TypeSolver.java:71)

16275      ERROR Test worker     d.u.i.k.n.b.TacletPBuilder Error in parsing taclet. de.uka.ilkd.key.util.parsing.BuildingException: Unsolved symbol in de.uka.ilkd.key.java.JavaParserFactory$DynamicTypeSolver@dc54576 : java.lang.Object at file:/home/runner/work/key/key/key.core/build/resources/main/de/uka/ilkd/key/proof/rules/javaRules.key:1044:15
	at de.uka.ilkd.key.nparser.builder.AbstractBuilder.accept(AbstractBuilder.java:54)
Caused by: com.github.javaparser.resolution.UnsolvedSymbolException: Unsolved symbol in de.uka.ilkd.key.java.JavaParserFactory$DynamicTypeSolver@dc54576 : java.lang.Object
	at com.github.javaparser.resolution.TypeSolver.solveType(TypeSolver.java:71)

16278      ERROR Test worker     d.u.i.k.n.b.AbstractBuilder  com.github.javaparser.resolution.UnsolvedSymbolException: Unsolved symbol in de.uka.ilkd.key.java.JavaParserFactory$DynamicTypeSolver@dc54576 : java.lang.Object
	at com.github.javaparser.resolution.TypeSolver.solveType(TypeSolver.java:71)

16278      ERROR Test worker     d.u.i.k.n.b.TacletPBuilder Error in parsing taclet. de.uka.ilkd.key.util.parsing.BuildingException: Unsolved symbol in de.uka.ilkd.key.java.JavaParserFactory$DynamicTypeSolver@dc54576 : java.lang.Object at file:/home/runner/work/key/key/key.core/build/resources/main/de/uka/ilkd/key/proof/rules/javaRules.key:1063:20
	at de.uka.ilkd.key.nparser.builder.AbstractBuilder.accept(AbstractBuilder.java:54)
Caused by: com.github.javaparser.resolution.UnsolvedSymbolException: Unsolved symbol in de.uka.ilkd.key.java.JavaParserFactory$DynamicTypeSolver@dc54576 : java.lang.Object
	at com.github.javaparser.resolution.TypeSolver.solveType(TypeSolver.java:71)

16281      ERROR Test worker     d.u.i.k.n.b.AbstractBuilder  com.github.javaparser.resolution.UnsolvedSymbolException: Unsolved symbol in de.uka.ilkd.key.java.JavaParserFactory$DynamicTypeSolver@dc54576 : java.lang.Object
	at com.github.javaparser.resolution.TypeSolver.solveType(TypeSolver.java:71)

16282      ERROR Test worker     d.u.i.k.n.b.TacletPBuilder Error in parsing taclet. de.uka.ilkd.key.util.parsing.BuildingException: Unsolved symbol in de.uka.ilkd.key.java.JavaParserFactory$DynamicTypeSolver@dc54576 : java.lang.Object at file:/home/runner/work/key/key/key.core/build/resources/main/de/uka/ilkd/key/proof/rules/javaRules.key:1081:15
	at de.uka.ilkd.key.nparser.builder.AbstractBuilder.accept(AbstractBuilder.java:54)
Caused by: com.github.javaparser.resolution.UnsolvedSymbolException: Unsolved symbol in de.uka.ilkd.key.java.JavaParserFactory$DynamicTypeSolver@dc54576 : java.lang.Object
	at com.github.javaparser.resolution.TypeSolver.solveType(TypeSolver.java:71)

16285      ERROR Test worker     d.u.i.k.n.b.AbstractBuilder  com.github.javaparser.resolution.UnsolvedSymbolException: Unsolved symbol in de.uka.ilkd.key.java.JavaParserFactory$DynamicTypeSolver@dc54576 : java.lang.Object
	at com.github.javaparser.resolution.TypeSolver.solveType(TypeSolver.java:71)

16285      ERROR Test worker     d.u.i.k.n.b.TacletPBuilder Error in parsing taclet. de.uka.ilkd.key.util.parsing.BuildingException: Unsolved symbol in de.uka.ilkd.key.java.JavaParserFactory$DynamicTypeSolver@dc54576 : java.lang.Object at file:/home/runner/work/key/key/key.core/build/resources/main/de/uka/ilkd/key/proof/rules/javaRules.key:1094:15
	at de.uka.ilkd.key.nparser.builder.AbstractBuilder.accept(AbstractBuilder.java:54)
Caused by: com.github.javaparser.resolution.UnsolvedSymbolException: Unsolved symbol in de.uka.ilkd.key.java.JavaParserFactory$DynamicTypeSolver@dc54576 : java.lang.Object
	at com.github.javaparser.resolution.TypeSolver.solveType(TypeSolver.java:71)

16288      ERROR Test worker     d.u.i.k.n.b.AbstractBuilder  com.github.javaparser.resolution.UnsolvedSymbolException: Unsolved symbol in de.uka.ilkd.key.java.JavaParserFactory$DynamicTypeSolver@dc54576 : java.lang.Object
	at com.github.javaparser.resolution.TypeSolver.solveType(TypeSolver.java:71)

16289      ERROR Test worker     d.u.i.k.n.b.TacletPBuilder Error in parsing taclet. de.uka.ilkd.key.util.parsing.BuildingException: Unsolved symbol in de.uka.ilkd.key.java.JavaParserFactory$DynamicTypeSolver@dc54576 : java.lang.Object at file:/home/runner/work/key/key/key.core/build/resources/main/de/uka/ilkd/key/proof/rules/javaRules.key:1100:15
	at de.uka.ilkd.key.nparser.builder.AbstractBuilder.accept(AbstractBuilder.java:54)
Caused by: com.github.javaparser.resolution.UnsolvedSymbolException: Unsolved symbol in de.uka.ilkd.key.java.JavaParserFactory$DynamicTypeSolver@dc54576 : java.lang.Object
	at com.github.javaparser.resolution.TypeSolver.solveType(TypeSolver.java:71)

16293      ERROR Test worker     d.u.i.k.n.b.AbstractBuilder  com.github.javaparser.resolution.UnsolvedSymbolException: Unsolved symbol in de.uka.ilkd.key.java.JavaParserFactory$DynamicTypeSolver@dc54576 : java.lang.Object
	at com.github.javaparser.resolution.TypeSolver.solveType(TypeSolver.java:71)

16294      ERROR Test worker     d.u.i.k.n.b.TacletPBuilder Error in parsing taclet. de.uka.ilkd.key.util.parsing.BuildingException: Unsolved symbol in de.uka.ilkd.key.java.JavaParserFactory$DynamicTypeSolver@dc54576 : java.lang.Object at file:/home/runner/work/key/key/key.core/build/resources/main/de/uka/ilkd/key/proof/rules/javaRules.key:1114:15
	at de.uka.ilkd.key.nparser.builder.AbstractBuilder.accept(AbstractBuilder.java:54)
Caused by: com.github.javaparser.resolution.UnsolvedSymbolException: Unsolved symbol in de.uka.ilkd.key.java.JavaParserFactory$DynamicTypeSolver@dc54576 : java.lang.Object
	at com.github.javaparser.resolution.TypeSolver.solveType(TypeSolver.java:71)

16298      ERROR Test worker     d.u.i.k.n.b.AbstractBuilder  com.github.javaparser.resolution.UnsolvedSymbolException: Unsolved symbol in de.uka.ilkd.key.java.JavaParserFactory$DynamicTypeSolver@dc54576 : java.lang.Object
	at com.github.javaparser.resolution.TypeSolver.solveType(TypeSolver.java:71)

16299      ERROR Test worker     d.u.i.k.n.b.TacletPBuilder Error in parsing taclet. de.uka.ilkd.key.util.parsing.BuildingException: Unsolved symbol in de.uka.ilkd.key.java.JavaParserFactory$DynamicTypeSolver@dc54576 : java.lang.Object at file:/home/runner/work/key/key/key.core/build/resources/main/de/uka/ilkd/key/proof/rules/javaRules.key:1124:15
	at de.uka.ilkd.key.nparser.builder.AbstractBuilder.accept(AbstractBuilder.java:54)
Caused by: com.github.javaparser.resolution.UnsolvedSymbolException: Unsolved symbol in de.uka.ilkd.key.java.JavaParserFactory$DynamicTypeSolver@dc54576 : java.lang.Object
	at com.github.javaparser.resolution.TypeSolver.solveType(TypeSolver.java:71)

16303      ERROR Test worker     d.u.i.k.n.b.AbstractBuilder  com.github.javaparser.resolution.UnsolvedSymbolException: Unsolved symbol in de.uka.ilkd.key.java.JavaParserFactory$DynamicTypeSolver@dc54576 : java.lang.Object
	at com.github.javaparser.resolution.TypeSolver.solveType(TypeSolver.java:71)

16303      ERROR Test worker     d.u.i.k.n.b.TacletPBuilder Error in parsing taclet. de.uka.ilkd.key.util.parsing.BuildingException: Unsolved symbol in de.uka.ilkd.key.java.JavaParserFactory$DynamicTypeSolver@dc54576 : java.lang.Object at file:/home/runner/work/key/key/key.core/build/resources/main/de/uka/ilkd/key/proof/rules/javaRules.key:1135:15
	at de.uka.ilkd.key.nparser.builder.AbstractBuilder.accept(AbstractBuilder.java:54)
Caused by: com.github.javaparser.resolution.UnsolvedSymbolException: Unsolved symbol in de.uka.ilkd.key.java.JavaParserFactory$DynamicTypeSolver@dc54576 : java.lang.Object
	at com.github.javaparser.resolution.TypeSolver.solveType(TypeSolver.java:71)

16306      ERROR Test worker     d.u.i.k.n.b.AbstractBuilder  com.github.javaparser.resolution.UnsolvedSymbolException: Unsolved symbol in de.uka.ilkd.key.java.JavaParserFactory$DynamicTypeSolver@dc54576 : java.lang.Object
	at com.github.javaparser.resolution.TypeSolver.solveType(TypeSolver.java:71)

16307      ERROR Test worker     d.u.i.k.n.b.TacletPBuilder Error in parsing taclet. de.uka.ilkd.key.util.parsing.BuildingException: Unsolved symbol in de.uka.ilkd.key.java.JavaParserFactory$DynamicTypeSolver@dc54576 : java.lang.Object at file:/home/runner/work/key/key/key.core/build/resources/main/de/uka/ilkd/key/proof/rules/javaRules.key:1142:15
	at de.uka.ilkd.key.nparser.builder.AbstractBuilder.accept(AbstractBuilder.java:54)
Caused by: com.github.javaparser.resolution.UnsolvedSymbolException: Unsolved symbol in de.uka.ilkd.key.java.JavaParserFactory$DynamicTypeSolver@dc54576 : java.lang.Object
	at com.github.javaparser.resolution.TypeSolver.solveType(TypeSolver.java:71)

16310      ERROR Test worker     d.u.i.k.n.b.AbstractBuilder  com.github.javaparser.resolution.UnsolvedSymbolException: Unsolved symbol in de.uka.ilkd.key.java.JavaParserFactory$DynamicTypeSolver@dc54576 : java.lang.Object
	at com.github.javaparser.resolution.TypeSolver.solveType(TypeSolver.java:71)

16311      ERROR Test worker     d.u.i.k.n.b.TacletPBuilder Error in parsing taclet. de.uka.ilkd.key.util.parsing.BuildingException: Unsolved symbol in de.uka.ilkd.key.java.JavaParserFactory$DynamicTypeSolver@dc54576 : java.lang.Object at file:/home/runner/work/key/key/key.core/build/resources/main/de/uka/ilkd/key/proof/rules/javaRules.key:1151:15
	at de.uka.ilkd.key.nparser.builder.AbstractBuilder.accept(AbstractBuilder.java:54)
Caused by: com.github.javaparser.resolution.UnsolvedSymbolException: Unsolved symbol in de.uka.ilkd.key.java.JavaParserFactory$DynamicTypeSolver@dc54576 : java.lang.Object
	at com.github.javaparser.resolution.TypeSolver.solveType(TypeSolver.java:71)

16314      ERROR Test worker     d.u.i.k.n.b.AbstractBuilder  com.github.javaparser.resolution.UnsolvedSymbolException: Unsolved symbol in de.uka.ilkd.key.java.JavaParserFactory$DynamicTypeSolver@dc54576 : java.lang.Object
	at com.github.javaparser.resolution.TypeSolver.solveType(TypeSolver.java:71)

16315      ERROR Test worker     d.u.i.k.n.b.TacletPBuilder Error in parsing taclet. de.uka.ilkd.key.util.parsing.BuildingException: Unsolved symbol in de.uka.ilkd.key.java.JavaParserFactory$DynamicTypeSolver@dc54576 : java.lang.Object at file:/home/runner/work/key/key/key.core/build/resources/main/de/uka/ilkd/key/proof/rules/javaRules.key:1157:15
	at de.uka.ilkd.key.nparser.builder.AbstractBuilder.accept(AbstractBuilder.java:54)
Caused by: com.github.javaparser.resolution.UnsolvedSymbolException: Unsolved symbol in de.uka.ilkd.key.java.JavaParserFactory$DynamicTypeSolver@dc54576 : java.lang.Object
	at com.github.javaparser.resolution.TypeSolver.solveType(TypeSolver.java:71)

16323      ERROR Test worker     d.u.i.k.n.b.AbstractBuilder  com.github.javaparser.resolution.UnsolvedSymbolException: Unsolved symbol in de.uka.ilkd.key.java.JavaParserFactory$DynamicTypeSolver@dc54576 : java.lang.Object
	at com.github.javaparser.resolution.TypeSolver.solveType(TypeSolver.java:71)

16324      ERROR Test worker     d.u.i.k.n.b.TacletPBuilder Error in parsing taclet. de.uka.ilkd.key.util.parsing.BuildingException: Unsolved symbol in de.uka.ilkd.key.java.JavaParserFactory$DynamicTypeSolver@dc54576 : java.lang.Object at file:/home/runner/work/key/key/key.core/build/resources/main/de/uka/ilkd/key/proof/rules/javaRules.key:1164:15
	at de.uka.ilkd.key.nparser.builder.AbstractBuilder.accept(AbstractBuilder.java:54)
Caused by: com.github.javaparser.resolution.UnsolvedSymbolException: Unsolved symbol in de.uka.ilkd.key.java.JavaParserFactory$DynamicTypeSolver@dc54576 : java.lang.Object
	at com.github.javaparser.resolution.TypeSolver.solveType(TypeSolver.java:71)

16328      ERROR Test worker     d.u.i.k.n.b.AbstractBuilder  com.github.javaparser.resolution.UnsolvedSymbolException: Unsolved symbol in de.uka.ilkd.key.java.JavaParserFactory$DynamicTypeSolver@dc54576 : java.lang.Object
	at com.github.javaparser.resolution.TypeSolver.solveType(TypeSolver.java:71)

16331      ERROR Test worker     d.u.i.k.n.b.TacletPBuilder Error in parsing taclet. de.uka.ilkd.key.util.parsing.BuildingException: Unsolved symbol in de.uka.ilkd.key.java.JavaParserFactory$DynamicTypeSolver@dc54576 : java.lang.Object at file:/home/runner/work/key/key/key.core/build/resources/main/de/uka/ilkd/key/proof/rules/javaRules.key:1171:15
	at de.uka.ilkd.key.nparser.builder.AbstractBuilder.accept(AbstractBuilder.java:54)
Caused by: com.github.javaparser.resolution.UnsolvedSymbolException: Unsolved symbol in de.uka.ilkd.key.java.JavaParserFactory$DynamicTypeSolver@dc54576 : java.lang.Object
	at com.github.javaparser.resolution.TypeSolver.solveType(TypeSolver.java:71)

16334      ERROR Test worker     d.u.i.k.n.b.AbstractBuilder  com.github.javaparser.resolution.UnsolvedSymbolException: Unsolved symbol in de.uka.ilkd.key.java.JavaParserFactory$DynamicTypeSolver@dc54576 : java.lang.Object
	at com.github.javaparser.resolution.TypeSolver.solveType(TypeSolver.java:71)

16334      ERROR Test worker     d.u.i.k.n.b.TacletPBuilder Error in parsing taclet. de.uka.ilkd.key.util.parsing.BuildingException: Unsolved symbol in de.uka.ilkd.key.java.JavaParserFactory$DynamicTypeSolver@dc54576 : java.lang.Object at file:/home/runner/work/key/key/key.core/build/resources/main/de/uka/ilkd/key/proof/rules/javaRules.key:1178:15
	at de.uka.ilkd.key.nparser.builder.AbstractBuilder.accept(AbstractBuilder.java:54)
Caused by: com.github.javaparser.resolution.UnsolvedSymbolException: Unsolved symbol in de.uka.ilkd.key.java.JavaParserFactory$DynamicTypeSolver@dc54576 : java.lang.Object
	at com.github.javaparser.resolution.TypeSolver.solveType(TypeSolver.java:71)

16337      ERROR Test worker     d.u.i.k.n.b.AbstractBuilder  com.github.javaparser.resolution.UnsolvedSymbolException: Unsolved symbol in de.uka.ilkd.key.java.JavaParserFactory$DynamicTypeSolver@dc54576 : java.lang.Object
	at com.github.javaparser.resolution.TypeSolver.solveType(TypeSolver.java:71)

16338      ERROR Test worker     d.u.i.k.n.b.TacletPBuilder Error in parsing taclet. de.uka.ilkd.key.util.parsing.BuildingException: Unsolved symbol in de.uka.ilkd.key.java.JavaParserFactory$DynamicTypeSolver@dc54576 : java.lang.Object at file:/home/runner/work/key/key/key.core/build/resources/main/de/uka/ilkd/key/proof/rules/javaRules.key:1184:15
	at de.uka.ilkd.key.nparser.builder.AbstractBuilder.accept(AbstractBuilder.java:54)
Caused by: com.github.javaparser.resolution.UnsolvedSymbolException: Unsolved symbol in de.uka.ilkd.key.java.JavaParserFactory$DynamicTypeSolver@dc54576 : java.lang.Object
	at com.github.javaparser.resolution.TypeSolver.solveType(TypeSolver.java:71)

16341      ERROR Test worker     d.u.i.k.n.b.AbstractBuilder  com.github.javaparser.resolution.UnsolvedSymbolException: Unsolved symbol in de.uka.ilkd.key.java.JavaParserFactory$DynamicTypeSolver@dc54576 : java.lang.Object
	at com.github.javaparser.resolution.TypeSolver.solveType(TypeSolver.java:71)

16342      ERROR Test worker     d.u.i.k.n.b.TacletPBuilder Error in parsing taclet. de.uka.ilkd.key.util.parsing.BuildingException: Unsolved symbol in de.uka.ilkd.key.java.JavaParserFactory$DynamicTypeSolver@dc54576 : java.lang.Object at file:/home/runner/work/key/key/key.core/build/resources/main/de/uka/ilkd/key/proof/rules/javaRules.key:1191:15
	at de.uka.ilkd.key.nparser.builder.AbstractBuilder.accept(AbstractBuilder.java:54)
Caused by: com.github.javaparser.resolution.UnsolvedSymbolException: Unsolved symbol in de.uka.ilkd.key.java.JavaParserFactory$DynamicTypeSolver@dc54576 : java.lang.Object
	at com.github.javaparser.resolution.TypeSolver.solveType(TypeSolver.java:71)

16345      ERROR Test worker     d.u.i.k.n.b.AbstractBuilder  com.github.javaparser.resolution.UnsolvedSymbolException: Unsolved symbol in de.uka.ilkd.key.java.JavaParserFactory$DynamicTypeSolver@dc54576 : java.lang.Object
	at com.github.javaparser.resolution.TypeSolver.solveType(TypeSolver.java:71)

16345      ERROR Test worker     d.u.i.k.n.b.TacletPBuilder Error in parsing taclet. de.uka.ilkd.key.util.parsing.BuildingException: Unsolved symbol in de.uka.ilkd.key.java.JavaParserFactory$DynamicTypeSolver@dc54576 : java.lang.Object at file:/home/runner/work/key/key/key.core/build/resources/main/de/uka/ilkd/key/proof/rules/javaRules.key:1198:15
	at de.uka.ilkd.key.nparser.builder.AbstractBuilder.accept(AbstractBuilder.java:54)
Caused by: com.github.javaparser.resolution.UnsolvedSymbolException: Unsolved symbol in de.uka.ilkd.key.java.JavaParserFactory$DynamicTypeSolver@dc54576 : java.lang.Object
	at com.github.javaparser.resolution.TypeSolver.solveType(TypeSolver.java:71)

16348      ERROR Test worker     d.u.i.k.n.b.AbstractBuilder  com.github.javaparser.resolution.UnsolvedSymbolException: Unsolved symbol in de.uka.ilkd.key.java.JavaParserFactory$DynamicTypeSolver@dc54576 : java.lang.Object
	at com.github.javaparser.resolution.TypeSolver.solveType(TypeSolver.java:71)

16349      ERROR Test worker     d.u.i.k.n.b.TacletPBuilder Error in parsing taclet. de.uka.ilkd.key.util.parsing.BuildingException: Unsolved symbol in de.uka.ilkd.key.java.JavaParserFactory$DynamicTypeSolver@dc54576 : java.lang.Object at file:/home/runner/work/key/key/key.core/build/resources/main/de/uka/ilkd/key/proof/rules/javaRules.key:1205:15
	at de.uka.ilkd.key.nparser.builder.AbstractBuilder.accept(AbstractBuilder.java:54)
Caused by: com.github.javaparser.resolution.UnsolvedSymbolException: Unsolved symbol in de.uka.ilkd.key.java.JavaParserFactory$DynamicTypeSolver@dc54576 : java.lang.Object
	at com.github.javaparser.resolution.TypeSolver.solveType(TypeSolver.java:71)

16352      ERROR Test worker     d.u.i.k.n.b.AbstractBuilder  com.github.javaparser.resolution.UnsolvedSymbolException: Unsolved symbol in de.uka.ilkd.key.java.JavaParserFactory$DynamicTypeSolver@dc54576 : java.lang.Object
	at com.github.javaparser.resolution.TypeSolver.solveType(TypeSolver.java:71)

16353      ERROR Test worker     d.u.i.k.n.b.TacletPBuilder Error in parsing taclet. de.uka.ilkd.key.util.parsing.BuildingException: Unsolved symbol in de.uka.ilkd.key.java.JavaParserFactory$DynamicTypeSolver@dc54576 : java.lang.Object at file:/home/runner/work/key/key/key.core/build/resources/main/de/uka/ilkd/key/proof/rules/javaRules.key:1212:15
	at de.uka.ilkd.key.nparser.builder.AbstractBuilder.accept(AbstractBuilder.java:54)
Caused by: com.github.javaparser.resolution.UnsolvedSymbolException: Unsolved symbol in de.uka.ilkd.key.java.JavaParserFactory$DynamicTypeSolver@dc54576 : java.lang.Object
	at com.github.javaparser.resolution.TypeSolver.solveType(TypeSolver.java:71)

16355      ERROR Test worker     d.u.i.k.n.b.AbstractBuilder  com.github.javaparser.resolution.UnsolvedSymbolException: Unsolved symbol in de.uka.ilkd.key.java.JavaParserFactory$DynamicTypeSolver@dc54576 : java.lang.Object
	at com.github.javaparser.resolution.TypeSolver.solveType(TypeSolver.java:71)

16356      ERROR Test worker     d.u.i.k.n.b.TacletPBuilder Error in parsing taclet. de.uka.ilkd.key.util.parsing.BuildingException: Unsolved symbol in de.uka.ilkd.key.java.JavaParserFactory$DynamicTypeSolver@dc54576 : java.lang.Object at file:/home/runner/work/key/key/key.core/build/resources/main/de/uka/ilkd/key/proof/rules/javaRules.key:1220:15
	at de.uka.ilkd.key.nparser.builder.AbstractBuilder.accept(AbstractBuilder.java:54)
Caused by: com.github.javaparser.resolution.UnsolvedSymbolException: Unsolved symbol in de.uka.ilkd.key.java.JavaParserFactory$DynamicTypeSolver@dc54576 : java.lang.Object
	at com.github.javaparser.resolution.TypeSolver.solveType(TypeSolver.java:71)

16359      ERROR Test worker     d.u.i.k.n.b.AbstractBuilder  com.github.javaparser.resolution.UnsolvedSymbolException: Unsolved symbol in de.uka.ilkd.key.java.JavaParserFactory$DynamicTypeSolver@dc54576 : java.lang.Object
	at com.github.javaparser.resolution.TypeSolver.solveType(TypeSolver.java:71)

16360      ERROR Test worker     d.u.i.k.n.b.TacletPBuilder Error in parsing taclet. de.uka.ilkd.key.util.parsing.BuildingException: Unsolved symbol in de.uka.ilkd.key.java.JavaParserFactory$DynamicTypeSolver@dc54576 : java.lang.Object at file:/home/runner/work/key/key/key.core/build/resources/main/de/uka/ilkd/key/proof/rules/javaRules.key:1230:15
	at de.uka.ilkd.key.nparser.builder.AbstractBuilder.accept(AbstractBuilder.java:54)
Caused by: com.github.javaparser.resolution.UnsolvedSymbolException: Unsolved symbol in de.uka.ilkd.key.java.JavaParserFactory$DynamicTypeSolver@dc54576 : java.lang.Object
	at com.github.javaparser.resolution.TypeSolver.solveType(TypeSolver.java:71)

16363      ERROR Test worker     d.u.i.k.n.b.AbstractBuilder  com.github.javaparser.resolution.UnsolvedSymbolException: Unsolved symbol in de.uka.ilkd.key.java.JavaParserFactory$DynamicTypeSolver@dc54576 : java.lang.Object
	at com.github.javaparser.resolution.TypeSolver.solveType(TypeSolver.java:71)

16364      ERROR Test worker     d.u.i.k.n.b.TacletPBuilder Error in parsing taclet. de.uka.ilkd.key.util.parsing.BuildingException: Unsolved symbol in de.uka.ilkd.key.java.JavaParserFactory$DynamicTypeSolver@dc54576 : java.lang.Object at file:/home/runner/work/key/key/key.core/build/resources/main/de/uka/ilkd/key/proof/rules/javaRules.key:1238:15
	at de.uka.ilkd.key.nparser.builder.AbstractBuilder.accept(AbstractBuilder.java:54)
Caused by: com.github.javaparser.resolution.UnsolvedSymbolException: Unsolved symbol in de.uka.ilkd.key.java.JavaParserFactory$DynamicTypeSolver@dc54576 : java.lang.Object
	at com.github.javaparser.resolution.TypeSolver.solveType(TypeSolver.java:71)

16366      ERROR Test worker     d.u.i.k.n.b.AbstractBuilder  com.github.javaparser.resolution.UnsolvedSymbolException: Unsolved symbol in de.uka.ilkd.key.java.JavaParserFactory$DynamicTypeSolver@dc54576 : java.lang.Object
	at com.github.javaparser.resolution.TypeSolver.solveType(TypeSolver.java:71)

16367      ERROR Test worker     d.u.i.k.n.b.TacletPBuilder Error in parsing taclet. de.uka.ilkd.key.util.parsing.BuildingException: Unsolved symbol in de.uka.ilkd.key.java.JavaParserFactory$DynamicTypeSolver@dc54576 : java.lang.Object at file:/home/runner/work/key/key/key.core/build/resources/main/de/uka/ilkd/key/proof/rules/javaRules.key:1245:15
	at de.uka.ilkd.key.nparser.builder.AbstractBuilder.accept(AbstractBuilder.java:54)
Caused by: com.github.javaparser.resolution.UnsolvedSymbolException: Unsolved symbol in de.uka.ilkd.key.java.JavaParserFactory$DynamicTypeSolver@dc54576 : java.lang.Object
	at com.github.javaparser.resolution.TypeSolver.solveType(TypeSolver.java:71)

16374      ERROR Test worker     d.u.i.k.n.b.AbstractBuilder  com.github.javaparser.resolution.UnsolvedSymbolException: Unsolved symbol in de.uka.ilkd.key.java.JavaParserFactory$DynamicTypeSolver@dc54576 : java.lang.Object
	at com.github.javaparser.resolution.TypeSolver.solveType(TypeSolver.java:71)

16375      ERROR Test worker     d.u.i.k.n.b.TacletPBuilder Error in parsing taclet. de.uka.ilkd.key.util.parsing.BuildingException: Unsolved symbol in de.uka.ilkd.key.java.JavaParserFactory$DynamicTypeSolver@dc54576 : java.lang.Object at file:/home/runner/work/key/key/key.core/build/resources/main/de/uka/ilkd/key/proof/rules/javaRules.key:1254:15
	at de.uka.ilkd.key.nparser.builder.AbstractBuilder.accept(AbstractBuilder.java:54)
Caused by: com.github.javaparser.resolution.UnsolvedSymbolException: Unsolved symbol in de.uka.ilkd.key.java.JavaParserFactory$DynamicTypeSolver@dc54576 : java.lang.Object
	at com.github.javaparser.resolution.TypeSolver.solveType(TypeSolver.java:71)

16378      ERROR Test worker     d.u.i.k.n.b.AbstractBuilder  com.github.javaparser.resolution.UnsolvedSymbolException: Unsolved symbol in de.uka.ilkd.key.java.JavaParserFactory$DynamicTypeSolver@dc54576 : java.lang.Object
	at com.github.javaparser.resolution.TypeSolver.solveType(TypeSolver.java:71)

16378      ERROR Test worker     d.u.i.k.n.b.TacletPBuilder Error in parsing taclet. de.uka.ilkd.key.util.parsing.BuildingException: Unsolved symbol in de.uka.ilkd.key.java.JavaParserFactory$DynamicTypeSolver@dc54576 : java.lang.Object at file:/home/runner/work/key/key/key.core/build/resources/main/de/uka/ilkd/key/proof/rules/javaRules.key:1262:15
	at de.uka.ilkd.key.nparser.builder.AbstractBuilder.accept(AbstractBuilder.java:54)
Caused by: com.github.javaparser.resolution.UnsolvedSymbolException: Unsolved symbol in de.uka.ilkd.key.java.JavaParserFactory$DynamicTypeSolver@dc54576 : java.lang.Object
	at com.github.javaparser.resolution.TypeSolver.solveType(TypeSolver.java:71)

16390      ERROR Test worker     d.u.i.k.n.b.AbstractBuilder  com.github.javaparser.resolution.UnsolvedSymbolException: Unsolved symbol in de.uka.ilkd.key.java.JavaParserFactory$DynamicTypeSolver@dc54576 : java.lang.Object
	at com.github.javaparser.resolution.TypeSolver.solveType(TypeSolver.java:71)

16392      ERROR Test worker     d.u.i.k.n.b.TacletPBuilder Error in parsing taclet. de.uka.ilkd.key.util.parsing.BuildingException: Unsolved symbol in de.uka.ilkd.key.java.JavaParserFactory$DynamicTypeSolver@dc54576 : java.lang.Object at file:/home/runner/work/key/key/key.core/build/resources/main/de/uka/ilkd/key/proof/rules/javaRules.key:1271:15
	at de.uka.ilkd.key.nparser.builder.AbstractBuilder.accept(AbstractBuilder.java:54)
Caused by: com.github.javaparser.resolution.UnsolvedSymbolException: Unsolved symbol in de.uka.ilkd.key.java.JavaParserFactory$DynamicTypeSolver@dc54576 : java.lang.Object
	at com.github.javaparser.resolution.TypeSolver.solveType(TypeSolver.java:71)

16395      ERROR Test worker     d.u.i.k.n.b.AbstractBuilder  com.github.javaparser.resolution.UnsolvedSymbolException: Unsolved symbol in de.uka.ilkd.key.java.JavaParserFactory$DynamicTypeSolver@dc54576 : java.lang.Object
	at com.github.javaparser.resolution.TypeSolver.solveType(TypeSolver.java:71)

16395      ERROR Test worker     d.u.i.k.n.b.TacletPBuilder Error in parsing taclet. de.uka.ilkd.key.util.parsing.BuildingException: Unsolved symbol in de.uka.ilkd.key.java.JavaParserFactory$DynamicTypeSolver@dc54576 : java.lang.Object at file:/home/runner/work/key/key/key.core/build/resources/main/de/uka/ilkd/key/proof/rules/javaRules.key:1279:15
	at de.uka.ilkd.key.nparser.builder.AbstractBuilder.accept(AbstractBuilder.java:54)
Caused by: com.github.javaparser.resolution.UnsolvedSymbolException: Unsolved symbol in de.uka.ilkd.key.java.JavaParserFactory$DynamicTypeSolver@dc54576 : java.lang.Object
	at com.github.javaparser.resolution.TypeSolver.solveType(TypeSolver.java:71)

16400      ERROR Test worker     d.u.i.k.n.b.AbstractBuilder  com.github.javaparser.resolution.UnsolvedSymbolException: Unsolved symbol in de.uka.ilkd.key.java.JavaParserFactory$DynamicTypeSolver@dc54576 : java.lang.Object
	at com.github.javaparser.resolution.TypeSolver.solveType(TypeSolver.java:71)

16400      ERROR Test worker     d.u.i.k.n.b.TacletPBuilder Error in parsing taclet. de.uka.ilkd.key.util.parsing.BuildingException: Unsolved symbol in de.uka.ilkd.key.java.JavaParserFactory$DynamicTypeSolver@dc54576 : java.lang.Object at file:/home/runner/work/key/key/key.core/build/resources/main/de/uka/ilkd/key/proof/rules/javaRules.key:1287:20
	at de.uka.ilkd.key.nparser.builder.AbstractBuilder.accept(AbstractBuilder.java:54)
Caused by: com.github.javaparser.resolution.UnsolvedSymbolException: Unsolved symbol in de.uka.ilkd.key.java.JavaParserFactory$DynamicTypeSolver@dc54576 : java.lang.Object
	at com.github.javaparser.resolution.TypeSolver.solveType(TypeSolver.java:71)

16418      ERROR Test worker     d.u.i.k.n.b.AbstractBuilder  com.github.javaparser.resolution.UnsolvedSymbolException: Unsolved symbol in de.uka.ilkd.key.java.JavaParserFactory$DynamicTypeSolver@dc54576 : java.lang.Object
	at com.github.javaparser.resolution.TypeSolver.solveType(TypeSolver.java:71)

16419      ERROR Test worker     d.u.i.k.n.b.TacletPBuilder Error in parsing taclet. de.uka.ilkd.key.util.parsing.BuildingException: Unsolved symbol in de.uka.ilkd.key.java.JavaParserFactory$DynamicTypeSolver@dc54576 : java.lang.Object at file:/home/runner/work/key/key/key.core/build/resources/main/de/uka/ilkd/key/proof/rules/javaRules.key:1297:20
	at de.uka.ilkd.key.nparser.builder.AbstractBuilder.accept(AbstractBuilder.java:54)
Caused by: com.github.javaparser.resolution.UnsolvedSymbolException: Unsolved symbol in de.uka.ilkd.key.java.JavaParserFactory$DynamicTypeSolver@dc54576 : java.lang.Object
	at com.github.javaparser.resolution.TypeSolver.solveType(TypeSolver.java:71)

16422      ERROR Test worker     d.u.i.k.n.b.AbstractBuilder  com.github.javaparser.resolution.UnsolvedSymbolException: Unsolved symbol in de.uka.ilkd.key.java.JavaParserFactory$DynamicTypeSolver@dc54576 : java.lang.Object
	at com.github.javaparser.resolution.TypeSolver.solveType(TypeSolver.java:71)

16423      ERROR Test worker     d.u.i.k.n.b.TacletPBuilder Error in parsing taclet. de.uka.ilkd.key.util.parsing.BuildingException: Unsolved symbol in de.uka.ilkd.key.java.JavaParserFactory$DynamicTypeSolver@dc54576 : java.lang.Object at file:/home/runner/work/key/key/key.core/build/resources/main/de/uka/ilkd/key/proof/rules/javaRules.key:1307:15
	at de.uka.ilkd.key.nparser.builder.AbstractBuilder.accept(AbstractBuilder.java:54)
Caused by: com.github.javaparser.resolution.UnsolvedSymbolException: Unsolved symbol in de.uka.ilkd.key.java.JavaParserFactory$DynamicTypeSolver@dc54576 : java.lang.Object
	at com.github.javaparser.resolution.TypeSolver.solveType(TypeSolver.java:71)

16432      ERROR Test worker     d.u.i.k.n.b.AbstractBuilder  com.github.javaparser.resolution.UnsolvedSymbolException: Unsolved symbol in de.uka.ilkd.key.java.JavaParserFactory$DynamicTypeSolver@dc54576 : java.lang.Object
	at com.github.javaparser.resolution.TypeSolver.solveType(TypeSolver.java:71)

16433      ERROR Test worker     d.u.i.k.n.b.TacletPBuilder Error in parsing taclet. de.uka.ilkd.key.util.parsing.BuildingException: Unsolved symbol in de.uka.ilkd.key.java.JavaParserFactory$DynamicTypeSolver@dc54576 : java.lang.Object at file:/home/runner/work/key/key/key.core/build/resources/main/de/uka/ilkd/key/proof/rules/javaRules.key:1313:15
	at de.uka.ilkd.key.nparser.builder.AbstractBuilder.accept(AbstractBuilder.java:54)
Caused by: com.github.javaparser.resolution.UnsolvedSymbolException: Unsolved symbol in de.uka.ilkd.key.java.JavaParserFactory$DynamicTypeSolver@dc54576 : java.lang.Object
	at com.github.javaparser.resolution.TypeSolver.solveType(TypeSolver.java:71)

16436      ERROR Test worker     d.u.i.k.n.b.AbstractBuilder  com.github.javaparser.resolution.UnsolvedSymbolException: Unsolved symbol in de.uka.ilkd.key.java.JavaParserFactory$DynamicTypeSolver@dc54576 : java.lang.Object
	at com.github.javaparser.resolution.TypeSolver.solveType(TypeSolver.java:71)

16439      ERROR Test worker     d.u.i.k.n.b.TacletPBuilder Error in parsing taclet. de.uka.ilkd.key.util.parsing.BuildingException: Unsolved symbol in de.uka.ilkd.key.java.JavaParserFactory$DynamicTypeSolver@dc54576 : java.lang.Object at file:/home/runner/work/key/key/key.core/build/resources/main/de/uka/ilkd/key/proof/rules/javaRules.key:1320:20
	at de.uka.ilkd.key.nparser.builder.AbstractBuilder.accept(AbstractBuilder.java:54)
Caused by: com.github.javaparser.resolution.UnsolvedSymbolException: Unsolved symbol in de.uka.ilkd.key.java.JavaParserFactory$DynamicTypeSolver@dc54576 : java.lang.Object
	at com.github.javaparser.resolution.TypeSolver.solveType(TypeSolver.java:71)

16450      ERROR Test worker     d.u.i.k.n.b.AbstractBuilder  com.github.javaparser.resolution.UnsolvedSymbolException: Unsolved symbol in de.uka.ilkd.key.java.JavaParserFactory$DynamicTypeSolver@dc54576 : java.lang.Object
	at com.github.javaparser.resolution.TypeSolver.solveType(TypeSolver.java:71)

16451      ERROR Test worker     d.u.i.k.n.b.TacletPBuilder Error in parsing taclet. de.uka.ilkd.key.util.parsing.BuildingException: Unsolved symbol in de.uka.ilkd.key.java.JavaParserFactory$DynamicTypeSolver@dc54576 : java.lang.Object at file:/home/runner/work/key/key/key.core/build/resources/main/de/uka/ilkd/key/proof/rules/javaRules.key:1327:20
	at de.uka.ilkd.key.nparser.builder.AbstractBuilder.accept(AbstractBuilder.java:54)
Caused by: com.github.javaparser.resolution.UnsolvedSymbolException: Unsolved symbol in de.uka.ilkd.key.java.JavaParserFactory$DynamicTypeSolver@dc54576 : java.lang.Object
	at com.github.javaparser.resolution.TypeSolver.solveType(TypeSolver.java:71)

16457      ERROR Test worker     d.u.i.k.n.b.AbstractBuilder  com.github.javaparser.resolution.UnsolvedSymbolException: Unsolved symbol in de.uka.ilkd.key.java.JavaParserFactory$DynamicTypeSolver@dc54576 : java.lang.Object
	at com.github.javaparser.resolution.TypeSolver.solveType(TypeSolver.java:71)

16458      ERROR Test worker     d.u.i.k.n.b.TacletPBuilder Error in parsing taclet. de.uka.ilkd.key.util.parsing.BuildingException: Unsolved symbol in de.uka.ilkd.key.java.JavaParserFactory$DynamicTypeSolver@dc54576 : java.lang.Object at file:/home/runner/work/key/key/key.core/build/resources/main/de/uka/ilkd/key/proof/rules/javaRules.key:1334:20
	at de.uka.ilkd.key.nparser.builder.AbstractBuilder.accept(AbstractBuilder.java:54)
Caused by: com.github.javaparser.resolution.UnsolvedSymbolException: Unsolved symbol in de.uka.ilkd.key.java.JavaParserFactory$DynamicTypeSolver@dc54576 : java.lang.Object
	at com.github.javaparser.resolution.TypeSolver.solveType(TypeSolver.java:71)

16461      ERROR Test worker     d.u.i.k.n.b.AbstractBuilder  com.github.javaparser.resolution.UnsolvedSymbolException: Unsolved symbol in de.uka.ilkd.key.java.JavaParserFactory$DynamicTypeSolver@dc54576 : java.lang.Object
	at com.github.javaparser.resolution.TypeSolver.solveType(TypeSolver.java:71)

16463      ERROR Test worker     d.u.i.k.n.b.TacletPBuilder Error in parsing taclet. de.uka.ilkd.key.util.parsing.BuildingException: Unsolved symbol in de.uka.ilkd.key.java.JavaParserFactory$DynamicTypeSolver@dc54576 : java.lang.Object at file:/home/runner/work/key/key/key.core/build/resources/main/de/uka/ilkd/key/proof/rules/javaRules.key:1341:20
	at de.uka.ilkd.key.nparser.builder.AbstractBuilder.accept(AbstractBuilder.java:54)
Caused by: com.github.javaparser.resolution.UnsolvedSymbolException: Unsolved symbol in de.uka.ilkd.key.java.JavaParserFactory$DynamicTypeSolver@dc54576 : java.lang.Object
	at com.github.javaparser.resolution.TypeSolver.solveType(TypeSolver.java:71)

16467      ERROR Test worker     d.u.i.k.n.b.AbstractBuilder  com.github.javaparser.resolution.UnsolvedSymbolException: Unsolved symbol in de.uka.ilkd.key.java.JavaParserFactory$DynamicTypeSolver@dc54576 : java.lang.Object
	at com.github.javaparser.resolution.TypeSolver.solveType(TypeSolver.java:71)

16468      ERROR Test worker     d.u.i.k.n.b.TacletPBuilder Error in parsing taclet. de.uka.ilkd.key.util.parsing.BuildingException: Unsolved symbol in de.uka.ilkd.key.java.JavaParserFactory$DynamicTypeSolver@dc54576 : java.lang.Object at file:/home/runner/work/key/key/key.core/build/resources/main/de/uka/ilkd/key/proof/rules/javaRules.key:1347:15
	at de.uka.ilkd.key.nparser.builder.AbstractBuilder.accept(AbstractBuilder.java:54)
Caused by: com.github.javaparser.resolution.UnsolvedSymbolException: Unsolved symbol in de.uka.ilkd.key.java.JavaParserFactory$DynamicTypeSolver@dc54576 : java.lang.Object
	at com.github.javaparser.resolution.TypeSolver.solveType(TypeSolver.java:71)

16471      ERROR Test worker     d.u.i.k.n.b.AbstractBuilder  com.github.javaparser.resolution.UnsolvedSymbolException: Unsolved symbol in de.uka.ilkd.key.java.JavaParserFactory$DynamicTypeSolver@dc54576 : java.lang.Object
	at com.github.javaparser.resolution.TypeSolver.solveType(TypeSolver.java:71)

16472      ERROR Test worker     d.u.i.k.n.b.TacletPBuilder Error in parsing taclet. de.uka.ilkd.key.util.parsing.BuildingException: Unsolved symbol in de.uka.ilkd.key.java.JavaParserFactory$DynamicTypeSolver@dc54576 : java.lang.Object at file:/home/runner/work/key/key/key.core/build/resources/main/de/uka/ilkd/key/proof/rules/javaRules.key:1353:15
	at de.uka.ilkd.key.nparser.builder.AbstractBuilder.accept(AbstractBuilder.java:54)
Caused by: com.github.javaparser.resolution.UnsolvedSymbolException: Unsolved symbol in de.uka.ilkd.key.java.JavaParserFactory$DynamicTypeSolver@dc54576 : java.lang.Object
	at com.github.javaparser.resolution.TypeSolver.solveType(TypeSolver.java:71)

16477      ERROR Test worker     d.u.i.k.n.b.AbstractBuilder  com.github.javaparser.resolution.UnsolvedSymbolException: Unsolved symbol in de.uka.ilkd.key.java.JavaParserFactory$DynamicTypeSolver@dc54576 : java.lang.Object
	at com.github.javaparser.resolution.TypeSolver.solveType(TypeSolver.java:71)

16478      ERROR Test worker     d.u.i.k.n.b.TacletPBuilder Error in parsing taclet. de.uka.ilkd.key.util.parsing.BuildingException: Unsolved symbol in de.uka.ilkd.key.java.JavaParserFactory$DynamicTypeSolver@dc54576 : java.lang.Object at file:/home/runner/work/key/key/key.core/build/resources/main/de/uka/ilkd/key/proof/rules/javaRules.key:1359:15
	at de.uka.ilkd.key.nparser.builder.AbstractBuilder.accept(AbstractBuilder.java:54)
Caused by: com.github.javaparser.resolution.UnsolvedSymbolException: Unsolved symbol in de.uka.ilkd.key.java.JavaParserFactory$DynamicTypeSolver@dc54576 : java.lang.Object
	at com.github.javaparser.resolution.TypeSolver.solveType(TypeSolver.java:71)

16482      ERROR Test worker     d.u.i.k.n.b.AbstractBuilder  com.github.javaparser.resolution.UnsolvedSymbolException: Unsolved symbol in de.uka.ilkd.key.java.JavaParserFactory$DynamicTypeSolver@dc54576 : java.lang.Object
	at com.github.javaparser.resolution.TypeSolver.solveType(TypeSolver.java:71)

16483      ERROR Test worker     d.u.i.k.n.b.TacletPBuilder Error in parsing taclet. de.uka.ilkd.key.util.parsing.BuildingException: Unsolved symbol in de.uka.ilkd.key.java.JavaParserFactory$DynamicTypeSolver@dc54576 : java.lang.Object at file:/home/runner/work/key/key/key.core/build/resources/main/de/uka/ilkd/key/proof/rules/javaRules.key:1365:15
	at de.uka.ilkd.key.nparser.builder.AbstractBuilder.accept(AbstractBuilder.java:54)
Caused by: com.github.javaparser.resolution.UnsolvedSymbolException: Unsolved symbol in de.uka.ilkd.key.java.JavaParserFactory$DynamicTypeSolver@dc54576 : java.lang.Object
	at com.github.javaparser.resolution.TypeSolver.solveType(TypeSolver.java:71)

16485      ERROR Test worker     d.u.i.k.n.b.AbstractBuilder  com.github.javaparser.resolution.UnsolvedSymbolException: Unsolved symbol in de.uka.ilkd.key.java.JavaParserFactory$DynamicTypeSolver@dc54576 : java.lang.Object
	at com.github.javaparser.resolution.TypeSolver.solveType(TypeSolver.java:71)

16486      ERROR Test worker     d.u.i.k.n.b.TacletPBuilder Error in parsing taclet. de.uka.ilkd.key.util.parsing.BuildingException: Unsolved symbol in de.uka.ilkd.key.java.JavaParserFactory$DynamicTypeSolver@dc54576 : java.lang.Object at file:/home/runner/work/key/key/key.core/build/resources/main/de/uka/ilkd/key/proof/rules/javaRules.key:1371:15
	at de.uka.ilkd.key.nparser.builder.AbstractBuilder.accept(AbstractBuilder.java:54)
Caused by: com.github.javaparser.resolution.UnsolvedSymbolException: Unsolved symbol in de.uka.ilkd.key.java.JavaParserFactory$DynamicTypeSolver@dc54576 : java.lang.Object
	at com.github.javaparser.resolution.TypeSolver.solveType(TypeSolver.java:71)

16489      ERROR Test worker     d.u.i.k.n.b.AbstractBuilder  com.github.javaparser.resolution.UnsolvedSymbolException: Unsolved symbol in de.uka.ilkd.key.java.JavaParserFactory$DynamicTypeSolver@dc54576 : java.lang.Object
	at com.github.javaparser.resolution.TypeSolver.solveType(TypeSolver.java:71)

16491      ERROR Test worker     d.u.i.k.n.b.TacletPBuilder Error in parsing taclet. de.uka.ilkd.key.util.parsing.BuildingException: Unsolved symbol in de.uka.ilkd.key.java.JavaParserFactory$DynamicTypeSolver@dc54576 : java.lang.Object at file:/home/runner/work/key/key/key.core/build/resources/main/de/uka/ilkd/key/proof/rules/javaRules.key:1378:15
	at de.uka.ilkd.key.nparser.builder.AbstractBuilder.accept(AbstractBuilder.java:54)
Caused by: com.github.javaparser.resolution.UnsolvedSymbolException: Unsolved symbol in de.uka.ilkd.key.java.JavaParserFactory$DynamicTypeSolver@dc54576 : java.lang.Object
	at com.github.javaparser.resolution.TypeSolver.solveType(TypeSolver.java:71)

16493      ERROR Test worker     d.u.i.k.n.b.AbstractBuilder  com.github.javaparser.resolution.UnsolvedSymbolException: Unsolved symbol in de.uka.ilkd.key.java.JavaParserFactory$DynamicTypeSolver@dc54576 : java.lang.Object
	at com.github.javaparser.resolution.TypeSolver.solveType(TypeSolver.java:71)

16495      ERROR Test worker     d.u.i.k.n.b.TacletPBuilder Error in parsing taclet. de.uka.ilkd.key.util.parsing.BuildingException: Unsolved symbol in de.uka.ilkd.key.java.JavaParserFactory$DynamicTypeSolver@dc54576 : java.lang.Object at file:/home/runner/work/key/key/key.core/build/resources/main/de/uka/ilkd/key/proof/rules/javaRules.key:1385:15
	at de.uka.ilkd.key.nparser.builder.AbstractBuilder.accept(AbstractBuilder.java:54)
Caused by: com.github.javaparser.resolution.UnsolvedSymbolException: Unsolved symbol in de.uka.ilkd.key.java.JavaParserFactory$DynamicTypeSolver@dc54576 : java.lang.Object
	at com.github.javaparser.resolution.TypeSolver.solveType(TypeSolver.java:71)

16499      ERROR Test worker     d.u.i.k.n.b.AbstractBuilder  com.github.javaparser.resolution.UnsolvedSymbolException: Unsolved symbol in de.uka.ilkd.key.java.JavaParserFactory$DynamicTypeSolver@dc54576 : java.lang.Object
	at com.github.javaparser.resolution.TypeSolver.solveType(TypeSolver.java:71)

16499      ERROR Test worker     d.u.i.k.n.b.TacletPBuilder Error in parsing taclet. de.uka.ilkd.key.util.parsing.BuildingException: Unsolved symbol in de.uka.ilkd.key.java.JavaParserFactory$DynamicTypeSolver@dc54576 : java.lang.Object at file:/home/runner/work/key/key/key.core/build/resources/main/de/uka/ilkd/key/proof/rules/javaRules.key:1392:15
	at de.uka.ilkd.key.nparser.builder.AbstractBuilder.accept(AbstractBuilder.java:54)
Caused by: com.github.javaparser.resolution.UnsolvedSymbolException: Unsolved symbol in de.uka.ilkd.key.java.JavaParserFactory$DynamicTypeSolver@dc54576 : java.lang.Object
	at com.github.javaparser.resolution.TypeSolver.solveType(TypeSolver.java:71)

16502      ERROR Test worker     d.u.i.k.n.b.AbstractBuilder  com.github.javaparser.resolution.UnsolvedSymbolException: Unsolved symbol in de.uka.ilkd.key.java.JavaParserFactory$DynamicTypeSolver@dc54576 : java.lang.Object
	at com.github.javaparser.resolution.TypeSolver.solveType(TypeSolver.java:71)

16503      ERROR Test worker     d.u.i.k.n.b.TacletPBuilder Error in parsing taclet. de.uka.ilkd.key.util.parsing.BuildingException: Unsolved symbol in de.uka.ilkd.key.java.JavaParserFactory$DynamicTypeSolver@dc54576 : java.lang.Object at file:/home/runner/work/key/key/key.core/build/resources/main/de/uka/ilkd/key/proof/rules/javaRules.key:1402:15
	at de.uka.ilkd.key.nparser.builder.AbstractBuilder.accept(AbstractBuilder.java:54)
Caused by: com.github.javaparser.resolution.UnsolvedSymbolException: Unsolved symbol in de.uka.ilkd.key.java.JavaParserFactory$DynamicTypeSolver@dc54576 : java.lang.Object
	at com.github.javaparser.resolution.TypeSolver.solveType(TypeSolver.java:71)

16508      ERROR Test worker     d.u.i.k.n.b.AbstractBuilder  com.github.javaparser.resolution.UnsolvedSymbolException: Unsolved symbol in de.uka.ilkd.key.java.JavaParserFactory$DynamicTypeSolver@dc54576 : java.lang.Object
	at com.github.javaparser.resolution.TypeSolver.solveType(TypeSolver.java:71)

16515      ERROR Test worker     d.u.i.k.n.b.TacletPBuilder Error in parsing taclet. de.uka.ilkd.key.util.parsing.BuildingException: Unsolved symbol in de.uka.ilkd.key.java.JavaParserFactory$DynamicTypeSolver@dc54576 : java.lang.Object at file:/home/runner/work/key/key/key.core/build/resources/main/de/uka/ilkd/key/proof/rules/javaRules.key:1411:15
	at de.uka.ilkd.key.nparser.builder.AbstractBuilder.accept(AbstractBuilder.java:54)
Caused by: com.github.javaparser.resolution.UnsolvedSymbolException: Unsolved symbol in de.uka.ilkd.key.java.JavaParserFactory$DynamicTypeSolver@dc54576 : java.lang.Object
	at com.github.javaparser.resolution.TypeSolver.solveType(TypeSolver.java:71)

16522      ERROR Test worker     d.u.i.k.n.b.AbstractBuilder  com.github.javaparser.resolution.UnsolvedSymbolException: Unsolved symbol in de.uka.ilkd.key.java.JavaParserFactory$DynamicTypeSolver@dc54576 : java.lang.Object
	at com.github.javaparser.resolution.TypeSolver.solveType(TypeSolver.java:71)

16531      ERROR Test worker     d.u.i.k.n.b.TacletPBuilder Error in parsing taclet. de.uka.ilkd.key.util.parsing.BuildingException: Unsolved symbol in de.uka.ilkd.key.java.JavaParserFactory$DynamicTypeSolver@dc54576 : java.lang.Object at file:/home/runner/work/key/key/key.core/build/resources/main/de/uka/ilkd/key/proof/rules/javaRules.key:1417:15
	at de.uka.ilkd.key.nparser.builder.AbstractBuilder.accept(AbstractBuilder.java:54)
Caused by: com.github.javaparser.resolution.UnsolvedSymbolException: Unsolved symbol in de.uka.ilkd.key.java.JavaParserFactory$DynamicTypeSolver@dc54576 : java.lang.Object
	at com.github.javaparser.resolution.TypeSolver.solveType(TypeSolver.java:71)

16535      ERROR Test worker     d.u.i.k.n.b.AbstractBuilder  com.github.javaparser.resolution.UnsolvedSymbolException: Unsolved symbol in de.uka.ilkd.key.java.JavaParserFactory$DynamicTypeSolver@dc54576 : java.lang.Object
	at com.github.javaparser.resolution.TypeSolver.solveType(TypeSolver.java:71)

16541      ERROR Test worker     d.u.i.k.n.b.TacletPBuilder Error in parsing taclet. de.uka.ilkd.key.util.parsing.BuildingException: Unsolved symbol in de.uka.ilkd.key.java.JavaParserFactory$DynamicTypeSolver@dc54576 : java.lang.Object at file:/home/runner/work/key/key/key.core/build/resources/main/de/uka/ilkd/key/proof/rules/javaRules.key:1424:15
	at de.uka.ilkd.key.nparser.builder.AbstractBuilder.accept(AbstractBuilder.java:54)
Caused by: com.github.javaparser.resolution.UnsolvedSymbolException: Unsolved symbol in de.uka.ilkd.key.java.JavaParserFactory$DynamicTypeSolver@dc54576 : java.lang.Object
	at com.github.javaparser.resolution.TypeSolver.solveType(TypeSolver.java:71)

16550      ERROR Test worker     d.u.i.k.n.b.AbstractBuilder  com.github.javaparser.resolution.UnsolvedSymbolException: Unsolved symbol in de.uka.ilkd.key.java.JavaParserFactory$DynamicTypeSolver@dc54576 : java.lang.Object
	at com.github.javaparser.resolution.TypeSolver.solveType(TypeSolver.java:71)

16555      ERROR Test worker     d.u.i.k.n.b.TacletPBuilder Error in parsing taclet. de.uka.ilkd.key.util.parsing.BuildingException: Unsolved symbol in de.uka.ilkd.key.java.JavaParserFactory$DynamicTypeSolver@dc54576 : java.lang.Object at file:/home/runner/work/key/key/key.core/build/resources/main/de/uka/ilkd/key/proof/rules/javaRules.key:1430:15
	at de.uka.ilkd.key.nparser.builder.AbstractBuilder.accept(AbstractBuilder.java:54)
Caused by: com.github.javaparser.resolution.UnsolvedSymbolException: Unsolved symbol in de.uka.ilkd.key.java.JavaParserFactory$DynamicTypeSolver@dc54576 : java.lang.Object
	at com.github.javaparser.resolution.TypeSolver.solveType(TypeSolver.java:71)

16559      ERROR Test worker     d.u.i.k.n.b.AbstractBuilder  com.github.javaparser.resolution.UnsolvedSymbolException: Unsolved symbol in de.uka.ilkd.key.java.JavaParserFactory$DynamicTypeSolver@dc54576 : java.lang.Object
	at com.github.javaparser.resolution.TypeSolver.solveType(TypeSolver.java:71)

16561      ERROR Test worker     d.u.i.k.n.b.TacletPBuilder Error in parsing taclet. de.uka.ilkd.key.util.parsing.BuildingException: Unsolved symbol in de.uka.ilkd.key.java.JavaParserFactory$DynamicTypeSolver@dc54576 : java.lang.Object at file:/home/runner/work/key/key/key.core/build/resources/main/de/uka/ilkd/key/proof/rules/javaRules.key:1437:15
	at de.uka.ilkd.key.nparser.builder.AbstractBuilder.accept(AbstractBuilder.java:54)
Caused by: com.github.javaparser.resolution.UnsolvedSymbolException: Unsolved symbol in de.uka.ilkd.key.java.JavaParserFactory$DynamicTypeSolver@dc54576 : java.lang.Object
	at com.github.javaparser.resolution.TypeSolver.solveType(TypeSolver.java:71)

16566      ERROR Test worker     d.u.i.k.n.b.AbstractBuilder  com.github.javaparser.resolution.UnsolvedSymbolException: Unsolved symbol in de.uka.ilkd.key.java.JavaParserFactory$DynamicTypeSolver@dc54576 : java.lang.Object
	at com.github.javaparser.resolution.TypeSolver.solveType(TypeSolver.java:71)

16571      ERROR Test worker     d.u.i.k.n.b.TacletPBuilder Error in parsing taclet. de.uka.ilkd.key.util.parsing.BuildingException: Unsolved symbol in de.uka.ilkd.key.java.JavaParserFactory$DynamicTypeSolver@dc54576 : java.lang.Object at file:/home/runner/work/key/key/key.core/build/resources/main/de/uka/ilkd/key/proof/rules/javaRules.key:1443:15
	at de.uka.ilkd.key.nparser.builder.AbstractBuilder.accept(AbstractBuilder.java:54)
Caused by: com.github.javaparser.resolution.UnsolvedSymbolException: Unsolved symbol in de.uka.ilkd.key.java.JavaParserFactory$DynamicTypeSolver@dc54576 : java.lang.Object
	at com.github.javaparser.resolution.TypeSolver.solveType(TypeSolver.java:71)

16581      ERROR Test worker     d.u.i.k.n.b.AbstractBuilder  com.github.javaparser.resolution.UnsolvedSymbolException: Unsolved symbol in de.uka.ilkd.key.java.JavaParserFactory$DynamicTypeSolver@dc54576 : java.lang.Object
	at com.github.javaparser.resolution.TypeSolver.solveType(TypeSolver.java:71)

16582      ERROR Test worker     d.u.i.k.n.b.TacletPBuilder Error in parsing taclet. de.uka.ilkd.key.util.parsing.BuildingException: Unsolved symbol in de.uka.ilkd.key.java.JavaParserFactory$DynamicTypeSolver@dc54576 : java.lang.Object at file:/home/runner/work/key/key/key.core/build/resources/main/de/uka/ilkd/key/proof/rules/javaRules.key:1450:15
	at de.uka.ilkd.key.nparser.builder.AbstractBuilder.accept(AbstractBuilder.java:54)
Caused by: com.github.javaparser.resolution.UnsolvedSymbolException: Unsolved symbol in de.uka.ilkd.key.java.JavaParserFactory$DynamicTypeSolver@dc54576 : java.lang.Object
	at com.github.javaparser.resolution.TypeSolver.solveType(TypeSolver.java:71)

16585      ERROR Test worker     d.u.i.k.n.b.AbstractBuilder  com.github.javaparser.resolution.UnsolvedSymbolException: Unsolved symbol in de.uka.ilkd.key.java.JavaParserFactory$DynamicTypeSolver@dc54576 : java.lang.Object
	at com.github.javaparser.resolution.TypeSolver.solveType(TypeSolver.java:71)

16586      ERROR Test worker     d.u.i.k.n.b.TacletPBuilder Error in parsing taclet. de.uka.ilkd.key.util.parsing.BuildingException: Unsolved symbol in de.uka.ilkd.key.java.JavaParserFactory$DynamicTypeSolver@dc54576 : java.lang.Object at file:/home/runner/work/key/key/key.core/build/resources/main/de/uka/ilkd/key/proof/rules/javaRules.key:1456:15
	at de.uka.ilkd.key.nparser.builder.AbstractBuilder.accept(AbstractBuilder.java:54)
Caused by: com.github.javaparser.resolution.UnsolvedSymbolException: Unsolved symbol in de.uka.ilkd.key.java.JavaParserFactory$DynamicTypeSolver@dc54576 : java.lang.Object
	at com.github.javaparser.resolution.TypeSolver.solveType(TypeSolver.java:71)

16589      ERROR Test worker     d.u.i.k.n.b.AbstractBuilder  com.github.javaparser.resolution.UnsolvedSymbolException: Unsolved symbol in de.uka.ilkd.key.java.JavaParserFactory$DynamicTypeSolver@dc54576 : java.lang.Object
	at com.github.javaparser.resolution.TypeSolver.solveType(TypeSolver.java:71)

16593      ERROR Test worker     d.u.i.k.n.b.TacletPBuilder Error in parsing taclet. de.uka.ilkd.key.util.parsing.BuildingException: Unsolved symbol in de.uka.ilkd.key.java.JavaParserFactory$DynamicTypeSolver@dc54576 : java.lang.Object at file:/home/runner/work/key/key/key.core/build/resources/main/de/uka/ilkd/key/proof/rules/javaRules.key:1467:20
	at de.uka.ilkd.key.nparser.builder.AbstractBuilder.accept(AbstractBuilder.java:54)
Caused by: com.github.javaparser.resolution.UnsolvedSymbolException: Unsolved symbol in de.uka.ilkd.key.java.JavaParserFactory$DynamicTypeSolver@dc54576 : java.lang.Object
	at com.github.javaparser.resolution.TypeSolver.solveType(TypeSolver.java:71)

16596      ERROR Test worker     d.u.i.k.n.b.AbstractBuilder  com.github.javaparser.resolution.UnsolvedSymbolException: Unsolved symbol in de.uka.ilkd.key.java.JavaParserFactory$DynamicTypeSolver@dc54576 : java.lang.Object
	at com.github.javaparser.resolution.TypeSolver.solveType(TypeSolver.java:71)

16601      ERROR Test worker     d.u.i.k.n.b.TacletPBuilder Error in parsing taclet. de.uka.ilkd.key.util.parsing.BuildingException: Unsolved symbol in de.uka.ilkd.key.java.JavaParserFactory$DynamicTypeSolver@dc54576 : java.lang.Object at file:/home/runner/work/key/key/key.core/build/resources/main/de/uka/ilkd/key/proof/rules/javaRules.key:1481:20
	at de.uka.ilkd.key.nparser.builder.AbstractBuilder.accept(AbstractBuilder.java:54)
Caused by: com.github.javaparser.resolution.UnsolvedSymbolException: Unsolved symbol in de.uka.ilkd.key.java.JavaParserFactory$DynamicTypeSolver@dc54576 : java.lang.Object
	at com.github.javaparser.resolution.TypeSolver.solveType(TypeSolver.java:71)

16606      ERROR Test worker     d.u.i.k.n.b.AbstractBuilder  com.github.javaparser.resolution.UnsolvedSymbolException: Unsolved symbol in de.uka.ilkd.key.java.JavaParserFactory$DynamicTypeSolver@dc54576 : java.lang.Object
	at com.github.javaparser.resolution.TypeSolver.solveType(TypeSolver.java:71)

16607      ERROR Test worker     d.u.i.k.n.b.TacletPBuilder Error in parsing taclet. de.uka.ilkd.key.util.parsing.BuildingException: Unsolved symbol in de.uka.ilkd.key.java.JavaParserFactory$DynamicTypeSolver@dc54576 : java.lang.Object at file:/home/runner/work/key/key/key.core/build/resources/main/de/uka/ilkd/key/proof/rules/javaRules.key:1493:20
	at de.uka.ilkd.key.nparser.builder.AbstractBuilder.accept(AbstractBuilder.java:54)
Caused by: com.github.javaparser.resolution.UnsolvedSymbolException: Unsolved symbol in de.uka.ilkd.key.java.JavaParserFactory$DynamicTypeSolver@dc54576 : java.lang.Object
	at com.github.javaparser.resolution.TypeSolver.solveType(TypeSolver.java:71)

16614      ERROR Test worker     d.u.i.k.n.b.AbstractBuilder  com.github.javaparser.resolution.UnsolvedSymbolException: Unsolved symbol in de.uka.ilkd.key.java.JavaParserFactory$DynamicTypeSolver@dc54576 : java.lang.Object
	at com.github.javaparser.resolution.TypeSolver.solveType(TypeSolver.java:71)

16614      ERROR Test worker     d.u.i.k.n.b.TacletPBuilder Error in parsing taclet. de.uka.ilkd.key.util.parsing.BuildingException: Unsolved symbol in de.uka.ilkd.key.java.JavaParserFactory$DynamicTypeSolver@dc54576 : java.lang.Object at file:/home/runner/work/key/key/key.core/build/resources/main/de/uka/ilkd/key/proof/rules/javaRules.key:1505:15
	at de.uka.ilkd.key.nparser.builder.AbstractBuilder.accept(AbstractBuilder.java:54)
Caused by: com.github.javaparser.resolution.UnsolvedSymbolException: Unsolved symbol in de.uka.ilkd.key.java.JavaParserFactory$DynamicTypeSolver@dc54576 : java.lang.Object
	at com.github.javaparser.resolution.TypeSolver.solveType(TypeSolver.java:71)

16621      ERROR Test worker     d.u.i.k.n.b.AbstractBuilder  com.github.javaparser.resolution.UnsolvedSymbolException: Unsolved symbol in de.uka.ilkd.key.java.JavaParserFactory$DynamicTypeSolver@dc54576 : java.lang.Object
	at com.github.javaparser.resolution.TypeSolver.solveType(TypeSolver.java:71)

16622      ERROR Test worker     d.u.i.k.n.b.TacletPBuilder Error in parsing taclet. de.uka.ilkd.key.util.parsing.BuildingException: Unsolved symbol in de.uka.ilkd.key.java.JavaParserFactory$DynamicTypeSolver@dc54576 : java.lang.Object at file:/home/runner/work/key/key/key.core/build/resources/main/de/uka/ilkd/key/proof/rules/javaRules.key:1516:15
	at de.uka.ilkd.key.nparser.builder.AbstractBuilder.accept(AbstractBuilder.java:54)
Caused by: com.github.javaparser.resolution.UnsolvedSymbolException: Unsolved symbol in de.uka.ilkd.key.java.JavaParserFactory$DynamicTypeSolver@dc54576 : java.lang.Object
	at com.github.javaparser.resolution.TypeSolver.solveType(TypeSolver.java:71)

16626      ERROR Test worker     d.u.i.k.n.b.AbstractBuilder  com.github.javaparser.resolution.UnsolvedSymbolException: Unsolved symbol in de.uka.ilkd.key.java.JavaParserFactory$DynamicTypeSolver@dc54576 : java.lang.Object
	at com.github.javaparser.resolution.TypeSolver.solveType(TypeSolver.java:71)

16632      ERROR Test worker     d.u.i.k.n.b.TacletPBuilder Error in parsing taclet. de.uka.ilkd.key.util.parsing.BuildingException: Unsolved symbol in de.uka.ilkd.key.java.JavaParserFactory$DynamicTypeSolver@dc54576 : java.lang.Object at file:/home/runner/work/key/key/key.core/build/resources/main/de/uka/ilkd/key/proof/rules/javaRules.key:1539:15
	at de.uka.ilkd.key.nparser.builder.AbstractBuilder.accept(AbstractBuilder.java:54)
Caused by: com.github.javaparser.resolution.UnsolvedSymbolException: Unsolved symbol in de.uka.ilkd.key.java.JavaParserFactory$DynamicTypeSolver@dc54576 : java.lang.Object
	at com.github.javaparser.resolution.TypeSolver.solveType(TypeSolver.java:71)

16638      ERROR Test worker     d.u.i.k.n.b.AbstractBuilder  com.github.javaparser.resolution.UnsolvedSymbolException: Unsolved symbol in de.uka.ilkd.key.java.JavaParserFactory$DynamicTypeSolver@dc54576 : java.lang.Object
	at com.github.javaparser.resolution.TypeSolver.solveType(TypeSolver.java:71)

16639      ERROR Test worker     d.u.i.k.n.b.TacletPBuilder Error in parsing taclet. de.uka.ilkd.key.util.parsing.BuildingException: Unsolved symbol in de.uka.ilkd.key.java.JavaParserFactory$DynamicTypeSolver@dc54576 : java.lang.Object at file:/home/runner/work/key/key/key.core/build/resources/main/de/uka/ilkd/key/proof/rules/javaRules.key:1546:15
	at de.uka.ilkd.key.nparser.builder.AbstractBuilder.accept(AbstractBuilder.java:54)
Caused by: com.github.javaparser.resolution.UnsolvedSymbolException: Unsolved symbol in de.uka.ilkd.key.java.JavaParserFactory$DynamicTypeSolver@dc54576 : java.lang.Object
	at com.github.javaparser.resolution.TypeSolver.solveType(TypeSolver.java:71)

16645      ERROR Test worker     d.u.i.k.n.b.AbstractBuilder  com.github.javaparser.resolution.UnsolvedSymbolException: Unsolved symbol in de.uka.ilkd.key.java.JavaParserFactory$DynamicTypeSolver@dc54576 : java.lang.Object
	at com.github.javaparser.resolution.TypeSolver.solveType(TypeSolver.java:71)

16650      ERROR Test worker     d.u.i.k.n.b.TacletPBuilder Error in parsing taclet. de.uka.ilkd.key.util.parsing.BuildingException: Unsolved symbol in de.uka.ilkd.key.java.JavaParserFactory$DynamicTypeSolver@dc54576 : java.lang.Object at file:/home/runner/work/key/key/key.core/build/resources/main/de/uka/ilkd/key/proof/rules/javaRules.key:1554:15
	at de.uka.ilkd.key.nparser.builder.AbstractBuilder.accept(AbstractBuilder.java:54)
Caused by: com.github.javaparser.resolution.UnsolvedSymbolException: Unsolved symbol in de.uka.ilkd.key.java.JavaParserFactory$DynamicTypeSolver@dc54576 : java.lang.Object
	at com.github.javaparser.resolution.TypeSolver.solveType(TypeSolver.java:71)

16654      ERROR Test worker     d.u.i.k.n.b.AbstractBuilder  com.github.javaparser.resolution.UnsolvedSymbolException: Unsolved symbol in de.uka.ilkd.key.java.JavaParserFactory$DynamicTypeSolver@dc54576 : java.lang.Object
	at com.github.javaparser.resolution.TypeSolver.solveType(TypeSolver.java:71)

16655      ERROR Test worker     d.u.i.k.n.b.TacletPBuilder Error in parsing taclet. de.uka.ilkd.key.util.parsing.BuildingException: Unsolved symbol in de.uka.ilkd.key.java.JavaParserFactory$DynamicTypeSolver@dc54576 : java.lang.Object at file:/home/runner/work/key/key/key.core/build/resources/main/de/uka/ilkd/key/proof/rules/javaRules.key:1566:15
	at de.uka.ilkd.key.nparser.builder.AbstractBuilder.accept(AbstractBuilder.java:54)
Caused by: com.github.javaparser.resolution.UnsolvedSymbolException: Unsolved symbol in de.uka.ilkd.key.java.JavaParserFactory$DynamicTypeSolver@dc54576 : java.lang.Object
	at com.github.javaparser.resolution.TypeSolver.solveType(TypeSolver.java:71)

16659      ERROR Test worker     d.u.i.k.n.b.AbstractBuilder  com.github.javaparser.resolution.UnsolvedSymbolException: Unsolved symbol in de.uka.ilkd.key.java.JavaParserFactory$DynamicTypeSolver@dc54576 : java.lang.Object
	at com.github.javaparser.resolution.TypeSolver.solveType(TypeSolver.java:71)

16660      ERROR Test worker     d.u.i.k.n.b.TacletPBuilder Error in parsing taclet. de.uka.ilkd.key.util.parsing.BuildingException: Unsolved symbol in de.uka.ilkd.key.java.JavaParserFactory$DynamicTypeSolver@dc54576 : java.lang.Object at file:/home/runner/work/key/key/key.core/build/resources/main/de/uka/ilkd/key/proof/rules/javaRules.key:1575:15
	at de.uka.ilkd.key.nparser.builder.AbstractBuilder.accept(AbstractBuilder.java:54)
Caused by: com.github.javaparser.resolution.UnsolvedSymbolException: Unsolved symbol in de.uka.ilkd.key.java.JavaParserFactory$DynamicTypeSolver@dc54576 : java.lang.Object
	at com.github.javaparser.resolution.TypeSolver.solveType(TypeSolver.java:71)

16664      ERROR Test worker     d.u.i.k.n.b.AbstractBuilder  com.github.javaparser.resolution.UnsolvedSymbolException: Unsolved symbol in de.uka.ilkd.key.java.JavaParserFactory$DynamicTypeSolver@dc54576 : java.lang.Object
	at com.github.javaparser.resolution.TypeSolver.solveType(TypeSolver.java:71)

16665      ERROR Test worker     d.u.i.k.n.b.TacletPBuilder Error in parsing taclet. de.uka.ilkd.key.util.parsing.BuildingException: Unsolved symbol in de.uka.ilkd.key.java.JavaParserFactory$DynamicTypeSolver@dc54576 : java.lang.Object at file:/home/runner/work/key/key/key.core/build/resources/main/de/uka/ilkd/key/proof/rules/javaRules.key:1583:15
	at de.uka.ilkd.key.nparser.builder.AbstractBuilder.accept(AbstractBuilder.java:54)
Caused by: com.github.javaparser.resolution.UnsolvedSymbolException: Unsolved symbol in de.uka.ilkd.key.java.JavaParserFactory$DynamicTypeSolver@dc54576 : java.lang.Object
	at com.github.javaparser.resolution.TypeSolver.solveType(TypeSolver.java:71)

16668      ERROR Test worker     d.u.i.k.n.b.AbstractBuilder  com.github.javaparser.resolution.UnsolvedSymbolException: Unsolved symbol in de.uka.ilkd.key.java.JavaParserFactory$DynamicTypeSolver@dc54576 : java.lang.Object
	at com.github.javaparser.resolution.TypeSolver.solveType(TypeSolver.java:71)

16670      ERROR Test worker     d.u.i.k.n.b.TacletPBuilder Error in parsing taclet. de.uka.ilkd.key.util.parsing.BuildingException: Unsolved symbol in de.uka.ilkd.key.java.JavaParserFactory$DynamicTypeSolver@dc54576 : java.lang.Object at file:/home/runner/work/key/key/key.core/build/resources/main/de/uka/ilkd/key/proof/rules/javaRules.key:1591:15
	at de.uka.ilkd.key.nparser.builder.AbstractBuilder.accept(AbstractBuilder.java:54)
Caused by: com.github.javaparser.resolution.UnsolvedSymbolException: Unsolved symbol in de.uka.ilkd.key.java.JavaParserFactory$DynamicTypeSolver@dc54576 : java.lang.Object
	at com.github.javaparser.resolution.TypeSolver.solveType(TypeSolver.java:71)

16673      ERROR Test worker     d.u.i.k.n.b.AbstractBuilder  com.github.javaparser.resolution.UnsolvedSymbolException: Unsolved symbol in de.uka.ilkd.key.java.JavaParserFactory$DynamicTypeSolver@dc54576 : java.lang.Object
	at com.github.javaparser.resolution.TypeSolver.solveType(TypeSolver.java:71)

16674      ERROR Test worker     d.u.i.k.n.b.TacletPBuilder Error in parsing taclet. de.uka.ilkd.key.util.parsing.BuildingException: Unsolved symbol in de.uka.ilkd.key.java.JavaParserFactory$DynamicTypeSolver@dc54576 : java.lang.Object at file:/home/runner/work/key/key/key.core/build/resources/main/de/uka/ilkd/key/proof/rules/javaRules.key:1599:15
	at de.uka.ilkd.key.nparser.builder.AbstractBuilder.accept(AbstractBuilder.java:54)
Caused by: com.github.javaparser.resolution.UnsolvedSymbolException: Unsolved symbol in de.uka.ilkd.key.java.JavaParserFactory$DynamicTypeSolver@dc54576 : java.lang.Object
	at com.github.javaparser.resolution.TypeSolver.solveType(TypeSolver.java:71)

16677      ERROR Test worker     d.u.i.k.n.b.AbstractBuilder  com.github.javaparser.resolution.UnsolvedSymbolException: Unsolved symbol in de.uka.ilkd.key.java.JavaParserFactory$DynamicTypeSolver@dc54576 : java.lang.Object
	at com.github.javaparser.resolution.TypeSolver.solveType(TypeSolver.java:71)

16677      ERROR Test worker     d.u.i.k.n.b.TacletPBuilder Error in parsing taclet. de.uka.ilkd.key.util.parsing.BuildingException: Unsolved symbol in de.uka.ilkd.key.java.JavaParserFactory$DynamicTypeSolver@dc54576 : java.lang.Object at file:/home/runner/work/key/key/key.core/build/resources/main/de/uka/ilkd/key/proof/rules/javaRules.key:1607:15
	at de.uka.ilkd.key.nparser.builder.AbstractBuilder.accept(AbstractBuilder.java:54)
Caused by: com.github.javaparser.resolution.UnsolvedSymbolException: Unsolved symbol in de.uka.ilkd.key.java.JavaParserFactory$DynamicTypeSolver@dc54576 : java.lang.Object
	at com.github.javaparser.resolution.TypeSolver.solveType(TypeSolver.java:71)

16682      ERROR Test worker     d.u.i.k.n.b.AbstractBuilder  com.github.javaparser.resolution.UnsolvedSymbolException: Unsolved symbol in de.uka.ilkd.key.java.JavaParserFactory$DynamicTypeSolver@dc54576 : java.lang.Object
	at com.github.javaparser.resolution.TypeSolver.solveType(TypeSolver.java:71)

16683      ERROR Test worker     d.u.i.k.n.b.TacletPBuilder Error in parsing taclet. de.uka.ilkd.key.util.parsing.BuildingException: Unsolved symbol in de.uka.ilkd.key.java.JavaParserFactory$DynamicTypeSolver@dc54576 : java.lang.Object at file:/home/runner/work/key/key/key.core/build/resources/main/de/uka/ilkd/key/proof/rules/javaRules.key:1615:15
	at de.uka.ilkd.key.nparser.builder.AbstractBuilder.accept(AbstractBuilder.java:54)
Caused by: com.github.javaparser.resolution.UnsolvedSymbolException: Unsolved symbol in de.uka.ilkd.key.java.JavaParserFactory$DynamicTypeSolver@dc54576 : java.lang.Object
	at com.github.javaparser.resolution.TypeSolver.solveType(TypeSolver.java:71)

16686      ERROR Test worker     d.u.i.k.n.b.AbstractBuilder  com.github.javaparser.resolution.UnsolvedSymbolException: Unsolved symbol in de.uka.ilkd.key.java.JavaParserFactory$DynamicTypeSolver@dc54576 : java.lang.Object
	at com.github.javaparser.resolution.TypeSolver.solveType(TypeSolver.java:71)

16687      ERROR Test worker     d.u.i.k.n.b.TacletPBuilder Error in parsing taclet. de.uka.ilkd.key.util.parsing.BuildingException: Unsolved symbol in de.uka.ilkd.key.java.JavaParserFactory$DynamicTypeSolver@dc54576 : java.lang.Object at file:/home/runner/work/key/key/key.core/build/resources/main/de/uka/ilkd/key/proof/rules/javaRules.key:1623:15
	at de.uka.ilkd.key.nparser.builder.AbstractBuilder.accept(AbstractBuilder.java:54)
Caused by: com.github.javaparser.resolution.UnsolvedSymbolException: Unsolved symbol in de.uka.ilkd.key.java.JavaParserFactory$DynamicTypeSolver@dc54576 : java.lang.Object
	at com.github.javaparser.resolution.TypeSolver.solveType(TypeSolver.java:71)

16690      ERROR Test worker     d.u.i.k.n.b.AbstractBuilder  com.github.javaparser.resolution.UnsolvedSymbolException: Unsolved symbol in de.uka.ilkd.key.java.JavaParserFactory$DynamicTypeSolver@dc54576 : java.lang.Object
	at com.github.javaparser.resolution.TypeSolver.solveType(TypeSolver.java:71)

16690      ERROR Test worker     d.u.i.k.n.b.TacletPBuilder Error in parsing taclet. de.uka.ilkd.key.util.parsing.BuildingException: Unsolved symbol in de.uka.ilkd.key.java.JavaParserFactory$DynamicTypeSolver@dc54576 : java.lang.Object at file:/home/runner/work/key/key/key.core/build/resources/main/de/uka/ilkd/key/proof/rules/javaRules.key:1631:15
	at de.uka.ilkd.key.nparser.builder.AbstractBuilder.accept(AbstractBuilder.java:54)
Caused by: com.github.javaparser.resolution.UnsolvedSymbolException: Unsolved symbol in de.uka.ilkd.key.java.JavaParserFactory$DynamicTypeSolver@dc54576 : java.lang.Object
	at com.github.javaparser.resolution.TypeSolver.solveType(TypeSolver.java:71)

16694      ERROR Test worker     d.u.i.k.n.b.AbstractBuilder  com.github.javaparser.resolution.UnsolvedSymbolException: Unsolved symbol in de.uka.ilkd.key.java.JavaParserFactory$DynamicTypeSolver@dc54576 : java.lang.Object
	at com.github.javaparser.resolution.TypeSolver.solveType(TypeSolver.java:71)

16695      ERROR Test worker     d.u.i.k.n.b.TacletPBuilder Error in parsing taclet. de.uka.ilkd.key.util.parsing.BuildingException: Unsolved symbol in de.uka.ilkd.key.java.JavaParserFactory$DynamicTypeSolver@dc54576 : java.lang.Object at file:/home/runner/work/key/key/key.core/build/resources/main/de/uka/ilkd/key/proof/rules/javaRules.key:1639:15
	at de.uka.ilkd.key.nparser.builder.AbstractBuilder.accept(AbstractBuilder.java:54)
Caused by: com.github.javaparser.resolution.UnsolvedSymbolException: Unsolved symbol in de.uka.ilkd.key.java.JavaParserFactory$DynamicTypeSolver@dc54576 : java.lang.Object
	at com.github.javaparser.resolution.TypeSolver.solveType(TypeSolver.java:71)

16698      ERROR Test worker     d.u.i.k.n.b.AbstractBuilder  com.github.javaparser.resolution.UnsolvedSymbolException: Unsolved symbol in de.uka.ilkd.key.java.JavaParserFactory$DynamicTypeSolver@dc54576 : java.lang.Object
	at com.github.javaparser.resolution.TypeSolver.solveType(TypeSolver.java:71)

16698      ERROR Test worker     d.u.i.k.n.b.TacletPBuilder Error in parsing taclet. de.uka.ilkd.key.util.parsing.BuildingException: Unsolved symbol in de.uka.ilkd.key.java.JavaParserFactory$DynamicTypeSolver@dc54576 : java.lang.Object at file:/home/runner/work/key/key/key.core/build/resources/main/de/uka/ilkd/key/proof/rules/javaRules.key:1647:15
	at de.uka.ilkd.key.nparser.builder.AbstractBuilder.accept(AbstractBuilder.java:54)
Caused by: com.github.javaparser.resolution.UnsolvedSymbolException: Unsolved symbol in de.uka.ilkd.key.java.JavaParserFactory$DynamicTypeSolver@dc54576 : java.lang.Object
	at com.github.javaparser.resolution.TypeSolver.solveType(TypeSolver.java:71)

16701      ERROR Test worker     d.u.i.k.n.b.AbstractBuilder  com.github.javaparser.resolution.UnsolvedSymbolException: Unsolved symbol in de.uka.ilkd.key.java.JavaParserFactory$DynamicTypeSolver@dc54576 : java.lang.Object
	at com.github.javaparser.resolution.TypeSolver.solveType(TypeSolver.java:71)

16702      ERROR Test worker     d.u.i.k.n.b.TacletPBuilder Error in parsing taclet. de.uka.ilkd.key.util.parsing.BuildingException: Unsolved symbol in de.uka.ilkd.key.java.JavaParserFactory$DynamicTypeSolver@dc54576 : java.lang.Object at file:/home/runner/work/key/key/key.core/build/resources/main/de/uka/ilkd/key/proof/rules/javaRules.key:1655:15
	at de.uka.ilkd.key.nparser.builder.AbstractBuilder.accept(AbstractBuilder.java:54)
Caused by: com.github.javaparser.resolution.UnsolvedSymbolException: Unsolved symbol in de.uka.ilkd.key.java.JavaParserFactory$DynamicTypeSolver@dc54576 : java.lang.Object
	at com.github.javaparser.resolution.TypeSolver.solveType(TypeSolver.java:71)

16705      ERROR Test worker     d.u.i.k.n.b.AbstractBuilder  com.github.javaparser.resolution.UnsolvedSymbolException: Unsolved symbol in de.uka.ilkd.key.java.JavaParserFactory$DynamicTypeSolver@dc54576 : java.lang.Object
	at com.github.javaparser.resolution.TypeSolver.solveType(TypeSolver.java:71)

16705      ERROR Test worker     d.u.i.k.n.b.TacletPBuilder Error in parsing taclet. de.uka.ilkd.key.util.parsing.BuildingException: Unsolved symbol in de.uka.ilkd.key.java.JavaParserFactory$DynamicTypeSolver@dc54576 : java.lang.Object at file:/home/runner/work/key/key/key.core/build/resources/main/de/uka/ilkd/key/proof/rules/javaRules.key:1667:15
	at de.uka.ilkd.key.nparser.builder.AbstractBuilder.accept(AbstractBuilder.java:54)
Caused by: com.github.javaparser.resolution.UnsolvedSymbolException: Unsolved symbol in de.uka.ilkd.key.java.JavaParserFactory$DynamicTypeSolver@dc54576 : java.lang.Object
	at com.github.javaparser.resolution.TypeSolver.solveType(TypeSolver.java:71)

16708      ERROR Test worker     d.u.i.k.n.b.AbstractBuilder  com.github.javaparser.resolution.UnsolvedSymbolException: Unsolved symbol in de.uka.ilkd.key.java.JavaParserFactory$DynamicTypeSolver@dc54576 : java.lang.Object
	at com.github.javaparser.resolution.TypeSolver.solveType(TypeSolver.java:71)

16709      ERROR Test worker     d.u.i.k.n.b.TacletPBuilder Error in parsing taclet. de.uka.ilkd.key.util.parsing.BuildingException: Unsolved symbol in de.uka.ilkd.key.java.JavaParserFactory$DynamicTypeSolver@dc54576 : java.lang.Object at file:/home/runner/work/key/key/key.core/build/resources/main/de/uka/ilkd/key/proof/rules/javaRules.key:1675:15
	at de.uka.ilkd.key.nparser.builder.AbstractBuilder.accept(AbstractBuilder.java:54)
Caused by: com.github.javaparser.resolution.UnsolvedSymbolException: Unsolved symbol in de.uka.ilkd.key.java.JavaParserFactory$DynamicTypeSolver@dc54576 : java.lang.Object
	at com.github.javaparser.resolution.TypeSolver.solveType(TypeSolver.java:71)

16714      ERROR Test worker     d.u.i.k.n.b.AbstractBuilder  com.github.javaparser.resolution.UnsolvedSymbolException: Unsolved symbol in de.uka.ilkd.key.java.JavaParserFactory$DynamicTypeSolver@dc54576 : java.lang.Object
	at com.github.javaparser.resolution.TypeSolver.solveType(TypeSolver.java:71)

16714      ERROR Test worker     d.u.i.k.n.b.TacletPBuilder Error in parsing taclet. de.uka.ilkd.key.util.parsing.BuildingException: Unsolved symbol in de.uka.ilkd.key.java.JavaParserFactory$DynamicTypeSolver@dc54576 : java.lang.Object at file:/home/runner/work/key/key/key.core/build/resources/main/de/uka/ilkd/key/proof/rules/javaRules.key:1683:15
	at de.uka.ilkd.key.nparser.builder.AbstractBuilder.accept(AbstractBuilder.java:54)
Caused by: com.github.javaparser.resolution.UnsolvedSymbolException: Unsolved symbol in de.uka.ilkd.key.java.JavaParserFactory$DynamicTypeSolver@dc54576 : java.lang.Object
	at com.github.javaparser.resolution.TypeSolver.solveType(TypeSolver.java:71)

16719      ERROR Test worker     d.u.i.k.n.b.AbstractBuilder  com.github.javaparser.resolution.UnsolvedSymbolException: Unsolved symbol in de.uka.ilkd.key.java.JavaParserFactory$DynamicTypeSolver@dc54576 : java.lang.Object
	at com.github.javaparser.resolution.TypeSolver.solveType(TypeSolver.java:71)

16720      ERROR Test worker     d.u.i.k.n.b.TacletPBuilder Error in parsing taclet. de.uka.ilkd.key.util.parsing.BuildingException: Unsolved symbol in de.uka.ilkd.key.java.JavaParserFactory$DynamicTypeSolver@dc54576 : java.lang.Object at file:/home/runner/work/key/key/key.core/build/resources/main/de/uka/ilkd/key/proof/rules/javaRules.key:1691:15
	at de.uka.ilkd.key.nparser.builder.AbstractBuilder.accept(AbstractBuilder.java:54)
Caused by: com.github.javaparser.resolution.UnsolvedSymbolException: Unsolved symbol in de.uka.ilkd.key.java.JavaParserFactory$DynamicTypeSolver@dc54576 : java.lang.Object
	at com.github.javaparser.resolution.TypeSolver.solveType(TypeSolver.java:71)

16723      ERROR Test worker     d.u.i.k.n.b.AbstractBuilder  com.github.javaparser.resolution.UnsolvedSymbolException: Unsolved symbol in de.uka.ilkd.key.java.JavaParserFactory$DynamicTypeSolver@dc54576 : java.lang.Object
	at com.github.javaparser.resolution.TypeSolver.solveType(TypeSolver.java:71)

16724      ERROR Test worker     d.u.i.k.n.b.TacletPBuilder Error in parsing taclet. de.uka.ilkd.key.util.parsing.BuildingException: Unsolved symbol in de.uka.ilkd.key.java.JavaParserFactory$DynamicTypeSolver@dc54576 : java.lang.Object at file:/home/runner/work/key/key/key.core/build/resources/main/de/uka/ilkd/key/proof/rules/javaRules.key:1703:15
	at de.uka.ilkd.key.nparser.builder.AbstractBuilder.accept(AbstractBuilder.java:54)
Caused by: com.github.javaparser.resolution.UnsolvedSymbolException: Unsolved symbol in de.uka.ilkd.key.java.JavaParserFactory$DynamicTypeSolver@dc54576 : java.lang.Object
	at com.github.javaparser.resolution.TypeSolver.solveType(TypeSolver.java:71)

16727      ERROR Test worker     d.u.i.k.n.b.AbstractBuilder  com.github.javaparser.resolution.UnsolvedSymbolException: Unsolved symbol in de.uka.ilkd.key.java.JavaParserFactory$DynamicTypeSolver@dc54576 : java.lang.Object
	at com.github.javaparser.resolution.TypeSolver.solveType(TypeSolver.java:71)

16728      ERROR Test worker     d.u.i.k.n.b.TacletPBuilder Error in parsing taclet. de.uka.ilkd.key.util.parsing.BuildingException: Unsolved symbol in de.uka.ilkd.key.java.JavaParserFactory$DynamicTypeSolver@dc54576 : java.lang.Object at file:/home/runner/work/key/key/key.core/build/resources/main/de/uka/ilkd/key/proof/rules/javaRules.key:1710:15
	at de.uka.ilkd.key.nparser.builder.AbstractBuilder.accept(AbstractBuilder.java:54)
Caused by: com.github.javaparser.resolution.UnsolvedSymbolException: Unsolved symbol in de.uka.ilkd.key.java.JavaParserFactory$DynamicTypeSolver@dc54576 : java.lang.Object
	at com.github.javaparser.resolution.TypeSolver.solveType(TypeSolver.java:71)

16731      ERROR Test worker     d.u.i.k.n.b.AbstractBuilder  com.github.javaparser.resolution.UnsolvedSymbolException: Unsolved symbol in de.uka.ilkd.key.java.JavaParserFactory$DynamicTypeSolver@dc54576 : java.lang.Object
	at com.github.javaparser.resolution.TypeSolver.solveType(TypeSolver.java:71)

16732      ERROR Test worker     d.u.i.k.n.b.TacletPBuilder Error in parsing taclet. de.uka.ilkd.key.util.parsing.BuildingException: Unsolved symbol in de.uka.ilkd.key.java.JavaParserFactory$DynamicTypeSolver@dc54576 : java.lang.Object at file:/home/runner/work/key/key/key.core/build/resources/main/de/uka/ilkd/key/proof/rules/javaRules.key:1718:15
	at de.uka.ilkd.key.nparser.builder.AbstractBuilder.accept(AbstractBuilder.java:54)
Caused by: com.github.javaparser.resolution.UnsolvedSymbolException: Unsolved symbol in de.uka.ilkd.key.java.JavaParserFactory$DynamicTypeSolver@dc54576 : java.lang.Object
	at com.github.javaparser.resolution.TypeSolver.solveType(TypeSolver.java:71)

16734      ERROR Test worker     d.u.i.k.n.b.AbstractBuilder  com.github.javaparser.resolution.UnsolvedSymbolException: Unsolved symbol in de.uka.ilkd.key.java.JavaParserFactory$DynamicTypeSolver@dc54576 : java.lang.Object
	at com.github.javaparser.resolution.TypeSolver.solveType(TypeSolver.java:71)

16736      ERROR Test worker     d.u.i.k.n.b.TacletPBuilder Error in parsing taclet. de.uka.ilkd.key.util.parsing.BuildingException: Unsolved symbol in de.uka.ilkd.key.java.JavaParserFactory$DynamicTypeSolver@dc54576 : java.lang.Object at file:/home/runner/work/key/key/key.core/build/resources/main/de/uka/ilkd/key/proof/rules/javaRules.key:1724:15
	at de.uka.ilkd.key.nparser.builder.AbstractBuilder.accept(AbstractBuilder.java:54)
Caused by: com.github.javaparser.resolution.UnsolvedSymbolException: Unsolved symbol in de.uka.ilkd.key.java.JavaParserFactory$DynamicTypeSolver@dc54576 : java.lang.Object
	at com.github.javaparser.resolution.TypeSolver.solveType(TypeSolver.java:71)

16738      ERROR Test worker     d.u.i.k.n.b.AbstractBuilder  com.github.javaparser.resolution.UnsolvedSymbolException: Unsolved symbol in de.uka.ilkd.key.java.JavaParserFactory$DynamicTypeSolver@dc54576 : java.lang.Object
	at com.github.javaparser.resolution.TypeSolver.solveType(TypeSolver.java:71)

16739      ERROR Test worker     d.u.i.k.n.b.TacletPBuilder Error in parsing taclet. de.uka.ilkd.key.util.parsing.BuildingException: Unsolved symbol in de.uka.ilkd.key.java.JavaParserFactory$DynamicTypeSolver@dc54576 : java.lang.Object at file:/home/runner/work/key/key/key.core/build/resources/main/de/uka/ilkd/key/proof/rules/javaRules.key:1731:15
	at de.uka.ilkd.key.nparser.builder.AbstractBuilder.accept(AbstractBuilder.java:54)
Caused by: com.github.javaparser.resolution.UnsolvedSymbolException: Unsolved symbol in de.uka.ilkd.key.java.JavaParserFactory$DynamicTypeSolver@dc54576 : java.lang.Object
	at com.github.javaparser.resolution.TypeSolver.solveType(TypeSolver.java:71)

16742      ERROR Test worker     d.u.i.k.n.b.AbstractBuilder  com.github.javaparser.resolution.UnsolvedSymbolException: Unsolved symbol in de.uka.ilkd.key.java.JavaParserFactory$DynamicTypeSolver@dc54576 : java.lang.Object
	at com.github.javaparser.resolution.TypeSolver.solveType(TypeSolver.java:71)

16743      ERROR Test worker     d.u.i.k.n.b.TacletPBuilder Error in parsing taclet. de.uka.ilkd.key.util.parsing.BuildingException: Unsolved symbol in de.uka.ilkd.key.java.JavaParserFactory$DynamicTypeSolver@dc54576 : java.lang.Object at file:/home/runner/work/key/key/key.core/build/resources/main/de/uka/ilkd/key/proof/rules/javaRules.key:1738:15
	at de.uka.ilkd.key.nparser.builder.AbstractBuilder.accept(AbstractBuilder.java:54)
Caused by: com.github.javaparser.resolution.UnsolvedSymbolException: Unsolved symbol in de.uka.ilkd.key.java.JavaParserFactory$DynamicTypeSolver@dc54576 : java.lang.Object
	at com.github.javaparser.resolution.TypeSolver.solveType(TypeSolver.java:71)

16745      ERROR Test worker     d.u.i.k.n.b.AbstractBuilder  com.github.javaparser.resolution.UnsolvedSymbolException: Unsolved symbol in de.uka.ilkd.key.java.JavaParserFactory$DynamicTypeSolver@dc54576 : java.lang.Object
	at com.github.javaparser.resolution.TypeSolver.solveType(TypeSolver.java:71)

16746      ERROR Test worker     d.u.i.k.n.b.TacletPBuilder Error in parsing taclet. de.uka.ilkd.key.util.parsing.BuildingException: Unsolved symbol in de.uka.ilkd.key.java.JavaParserFactory$DynamicTypeSolver@dc54576 : java.lang.Object at file:/home/runner/work/key/key/key.core/build/resources/main/de/uka/ilkd/key/proof/rules/javaRules.key:1744:15
	at de.uka.ilkd.key.nparser.builder.AbstractBuilder.accept(AbstractBuilder.java:54)
Caused by: com.github.javaparser.resolution.UnsolvedSymbolException: Unsolved symbol in de.uka.ilkd.key.java.JavaParserFactory$DynamicTypeSolver@dc54576 : java.lang.Object
	at com.github.javaparser.resolution.TypeSolver.solveType(TypeSolver.java:71)

16750      ERROR Test worker     d.u.i.k.n.b.AbstractBuilder  com.github.javaparser.resolution.UnsolvedSymbolException: Unsolved symbol in de.uka.ilkd.key.java.JavaParserFactory$DynamicTypeSolver@dc54576 : java.lang.Object
	at com.github.javaparser.resolution.TypeSolver.solveType(TypeSolver.java:71)

16751      ERROR Test worker     d.u.i.k.n.b.TacletPBuilder Error in parsing taclet. de.uka.ilkd.key.util.parsing.BuildingException: Unsolved symbol in de.uka.ilkd.key.java.JavaParserFactory$DynamicTypeSolver@dc54576 : java.lang.Object at file:/home/runner/work/key/key/key.core/build/resources/main/de/uka/ilkd/key/proof/rules/javaRules.key:1751:15
	at de.uka.ilkd.key.nparser.builder.AbstractBuilder.accept(AbstractBuilder.java:54)
Caused by: com.github.javaparser.resolution.UnsolvedSymbolException: Unsolved symbol in de.uka.ilkd.key.java.JavaParserFactory$DynamicTypeSolver@dc54576 : java.lang.Object
	at com.github.javaparser.resolution.TypeSolver.solveType(TypeSolver.java:71)

16753      ERROR Test worker     d.u.i.k.n.b.AbstractBuilder  com.github.javaparser.resolution.UnsolvedSymbolException: Unsolved symbol in de.uka.ilkd.key.java.JavaParserFactory$DynamicTypeSolver@dc54576 : java.lang.Object
	at com.github.javaparser.resolution.TypeSolver.solveType(TypeSolver.java:71)

16754      ERROR Test worker     d.u.i.k.n.b.TacletPBuilder Error in parsing taclet. de.uka.ilkd.key.util.parsing.BuildingException: Unsolved symbol in de.uka.ilkd.key.java.JavaParserFactory$DynamicTypeSolver@dc54576 : java.lang.Object at file:/home/runner/work/key/key/key.core/build/resources/main/de/uka/ilkd/key/proof/rules/javaRules.key:1759:15
	at de.uka.ilkd.key.nparser.builder.AbstractBuilder.accept(AbstractBuilder.java:54)
Caused by: com.github.javaparser.resolution.UnsolvedSymbolException: Unsolved symbol in de.uka.ilkd.key.java.JavaParserFactory$DynamicTypeSolver@dc54576 : java.lang.Object
	at com.github.javaparser.resolution.TypeSolver.solveType(TypeSolver.java:71)

16757      ERROR Test worker     d.u.i.k.n.b.AbstractBuilder  com.github.javaparser.resolution.UnsolvedSymbolException: Unsolved symbol in de.uka.ilkd.key.java.JavaParserFactory$DynamicTypeSolver@dc54576 : java.lang.Object
	at com.github.javaparser.resolution.TypeSolver.solveType(TypeSolver.java:71)

16758      ERROR Test worker     d.u.i.k.n.b.TacletPBuilder Error in parsing taclet. de.uka.ilkd.key.util.parsing.BuildingException: Unsolved symbol in de.uka.ilkd.key.java.JavaParserFactory$DynamicTypeSolver@dc54576 : java.lang.Object at file:/home/runner/work/key/key/key.core/build/resources/main/de/uka/ilkd/key/proof/rules/javaRules.key:1765:15
	at de.uka.ilkd.key.nparser.builder.AbstractBuilder.accept(AbstractBuilder.java:54)
Caused by: com.github.javaparser.resolution.UnsolvedSymbolException: Unsolved symbol in de.uka.ilkd.key.java.JavaParserFactory$DynamicTypeSolver@dc54576 : java.lang.Object
	at com.github.javaparser.resolution.TypeSolver.solveType(TypeSolver.java:71)

16761      ERROR Test worker     d.u.i.k.n.b.AbstractBuilder  com.github.javaparser.resolution.UnsolvedSymbolException: Unsolved symbol in de.uka.ilkd.key.java.JavaParserFactory$DynamicTypeSolver@dc54576 : java.lang.Object
	at com.github.javaparser.resolution.TypeSolver.solveType(TypeSolver.java:71)

16761      ERROR Test worker     d.u.i.k.n.b.TacletPBuilder Error in parsing taclet. de.uka.ilkd.key.util.parsing.BuildingException: Unsolved symbol in de.uka.ilkd.key.java.JavaParserFactory$DynamicTypeSolver@dc54576 : java.lang.Object at file:/home/runner/work/key/key/key.core/build/resources/main/de/uka/ilkd/key/proof/rules/javaRules.key:1772:15
	at de.uka.ilkd.key.nparser.builder.AbstractBuilder.accept(AbstractBuilder.java:54)
Caused by: com.github.javaparser.resolution.UnsolvedSymbolException: Unsolved symbol in de.uka.ilkd.key.java.JavaParserFactory$DynamicTypeSolver@dc54576 : java.lang.Object
	at com.github.javaparser.resolution.TypeSolver.solveType(TypeSolver.java:71)

16765      ERROR Test worker     d.u.i.k.n.b.AbstractBuilder  com.github.javaparser.resolution.UnsolvedSymbolException: Unsolved symbol in de.uka.ilkd.key.java.JavaParserFactory$DynamicTypeSolver@dc54576 : java.lang.Object
	at com.github.javaparser.resolution.TypeSolver.solveType(TypeSolver.java:71)

16766      ERROR Test worker     d.u.i.k.n.b.TacletPBuilder Error in parsing taclet. de.uka.ilkd.key.util.parsing.BuildingException: Unsolved symbol in de.uka.ilkd.key.java.JavaParserFactory$DynamicTypeSolver@dc54576 : java.lang.Object at file:/home/runner/work/key/key/key.core/build/resources/main/de/uka/ilkd/key/proof/rules/javaRules.key:1780:15
	at de.uka.ilkd.key.nparser.builder.AbstractBuilder.accept(AbstractBuilder.java:54)
Caused by: com.github.javaparser.resolution.UnsolvedSymbolException: Unsolved symbol in de.uka.ilkd.key.java.JavaParserFactory$DynamicTypeSolver@dc54576 : java.lang.Object
	at com.github.javaparser.resolution.TypeSolver.solveType(TypeSolver.java:71)

16770      ERROR Test worker     d.u.i.k.n.b.AbstractBuilder  com.github.javaparser.resolution.UnsolvedSymbolException: Unsolved symbol in de.uka.ilkd.key.java.JavaParserFactory$DynamicTypeSolver@dc54576 : java.lang.Object
	at com.github.javaparser.resolution.TypeSolver.solveType(TypeSolver.java:71)

16770      ERROR Test worker     d.u.i.k.n.b.TacletPBuilder Error in parsing taclet. de.uka.ilkd.key.util.parsing.BuildingException: Unsolved symbol in de.uka.ilkd.key.java.JavaParserFactory$DynamicTypeSolver@dc54576 : java.lang.Object at file:/home/runner/work/key/key/key.core/build/resources/main/de/uka/ilkd/key/proof/rules/javaRules.key:1786:15
	at de.uka.ilkd.key.nparser.builder.AbstractBuilder.accept(AbstractBuilder.java:54)
Caused by: com.github.javaparser.resolution.UnsolvedSymbolException: Unsolved symbol in de.uka.ilkd.key.java.JavaParserFactory$DynamicTypeSolver@dc54576 : java.lang.Object
	at com.github.javaparser.resolution.TypeSolver.solveType(TypeSolver.java:71)

16774      ERROR Test worker     d.u.i.k.n.b.AbstractBuilder  com.github.javaparser.resolution.UnsolvedSymbolException: Unsolved symbol in de.uka.ilkd.key.java.JavaParserFactory$DynamicTypeSolver@dc54576 : java.lang.Object
	at com.github.javaparser.resolution.TypeSolver.solveType(TypeSolver.java:71)

16774      ERROR Test worker     d.u.i.k.n.b.TacletPBuilder Error in parsing taclet. de.uka.ilkd.key.util.parsing.BuildingException: Unsolved symbol in de.uka.ilkd.key.java.JavaParserFactory$DynamicTypeSolver@dc54576 : java.lang.Object at file:/home/runner/work/key/key/key.core/build/resources/main/de/uka/ilkd/key/proof/rules/javaRules.key:1793:15
	at de.uka.ilkd.key.nparser.builder.AbstractBuilder.accept(AbstractBuilder.java:54)
Caused by: com.github.javaparser.resolution.UnsolvedSymbolException: Unsolved symbol in de.uka.ilkd.key.java.JavaParserFactory$DynamicTypeSolver@dc54576 : java.lang.Object
	at com.github.javaparser.resolution.TypeSolver.solveType(TypeSolver.java:71)

16777      ERROR Test worker     d.u.i.k.n.b.AbstractBuilder  com.github.javaparser.resolution.UnsolvedSymbolException: Unsolved symbol in de.uka.ilkd.key.java.JavaParserFactory$DynamicTypeSolver@dc54576 : java.lang.Object
	at com.github.javaparser.resolution.TypeSolver.solveType(TypeSolver.java:71)

16778      ERROR Test worker     d.u.i.k.n.b.TacletPBuilder Error in parsing taclet. de.uka.ilkd.key.util.parsing.BuildingException: Unsolved symbol in de.uka.ilkd.key.java.JavaParserFactory$DynamicTypeSolver@dc54576 : java.lang.Object at file:/home/runner/work/key/key/key.core/build/resources/main/de/uka/ilkd/key/proof/rules/javaRules.key:1801:15
	at de.uka.ilkd.key.nparser.builder.AbstractBuilder.accept(AbstractBuilder.java:54)
Caused by: com.github.javaparser.resolution.UnsolvedSymbolException: Unsolved symbol in de.uka.ilkd.key.java.JavaParserFactory$DynamicTypeSolver@dc54576 : java.lang.Object
	at com.github.javaparser.resolution.TypeSolver.solveType(TypeSolver.java:71)

16781      ERROR Test worker     d.u.i.k.n.b.AbstractBuilder  com.github.javaparser.resolution.UnsolvedSymbolException: Unsolved symbol in de.uka.ilkd.key.java.JavaParserFactory$DynamicTypeSolver@dc54576 : java.lang.Object
	at com.github.javaparser.resolution.TypeSolver.solveType(TypeSolver.java:71)

16781      ERROR Test worker     d.u.i.k.n.b.TacletPBuilder Error in parsing taclet. de.uka.ilkd.key.util.parsing.BuildingException: Unsolved symbol in de.uka.ilkd.key.java.JavaParserFactory$DynamicTypeSolver@dc54576 : java.lang.Object at file:/home/runner/work/key/key/key.core/build/resources/main/de/uka/ilkd/key/proof/rules/javaRules.key:1807:15
	at de.uka.ilkd.key.nparser.builder.AbstractBuilder.accept(AbstractBuilder.java:54)
Caused by: com.github.javaparser.resolution.UnsolvedSymbolException: Unsolved symbol in de.uka.ilkd.key.java.JavaParserFactory$DynamicTypeSolver@dc54576 : java.lang.Object
	at com.github.javaparser.resolution.TypeSolver.solveType(TypeSolver.java:71)

16787      ERROR Test worker     d.u.i.k.n.b.AbstractBuilder  com.github.javaparser.resolution.UnsolvedSymbolException: Unsolved symbol in de.uka.ilkd.key.java.JavaParserFactory$DynamicTypeSolver@dc54576 : java.lang.Object
	at com.github.javaparser.resolution.TypeSolver.solveType(TypeSolver.java:71)

16788      ERROR Test worker     d.u.i.k.n.b.TacletPBuilder Error in parsing taclet. de.uka.ilkd.key.util.parsing.BuildingException: Unsolved symbol in de.uka.ilkd.key.java.JavaParserFactory$DynamicTypeSolver@dc54576 : java.lang.Object at file:/home/runner/work/key/key/key.core/build/resources/main/de/uka/ilkd/key/proof/rules/javaRules.key:1814:15
	at de.uka.ilkd.key.nparser.builder.AbstractBuilder.accept(AbstractBuilder.java:54)
Caused by: com.github.javaparser.resolution.UnsolvedSymbolException: Unsolved symbol in de.uka.ilkd.key.java.JavaParserFactory$DynamicTypeSolver@dc54576 : java.lang.Object
	at com.github.javaparser.resolution.TypeSolver.solveType(TypeSolver.java:71)

16798      ERROR Test worker     d.u.i.k.n.b.AbstractBuilder  com.github.javaparser.resolution.UnsolvedSymbolException: Unsolved symbol in de.uka.ilkd.key.java.JavaParserFactory$DynamicTypeSolver@dc54576 : java.lang.Object
	at com.github.javaparser.resolution.TypeSolver.solveType(TypeSolver.java:71)

16798      ERROR Test worker     d.u.i.k.n.b.TacletPBuilder Error in parsing taclet. de.uka.ilkd.key.util.parsing.BuildingException: Unsolved symbol in de.uka.ilkd.key.java.JavaParserFactory$DynamicTypeSolver@dc54576 : java.lang.Object at file:/home/runner/work/key/key/key.core/build/resources/main/de/uka/ilkd/key/proof/rules/javaRules.key:1822:15
	at de.uka.ilkd.key.nparser.builder.AbstractBuilder.accept(AbstractBuilder.java:54)
Caused by: com.github.javaparser.resolution.UnsolvedSymbolException: Unsolved symbol in de.uka.ilkd.key.java.JavaParserFactory$DynamicTypeSolver@dc54576 : java.lang.Object
	at com.github.javaparser.resolution.TypeSolver.solveType(TypeSolver.java:71)

16801      ERROR Test worker     d.u.i.k.n.b.AbstractBuilder  com.github.javaparser.resolution.UnsolvedSymbolException: Unsolved symbol in de.uka.ilkd.key.java.JavaParserFactory$DynamicTypeSolver@dc54576 : java.lang.Object
	at com.github.javaparser.resolution.TypeSolver.solveType(TypeSolver.java:71)

16802      ERROR Test worker     d.u.i.k.n.b.TacletPBuilder Error in parsing taclet. de.uka.ilkd.key.util.parsing.BuildingException: Unsolved symbol in de.uka.ilkd.key.java.JavaParserFactory$DynamicTypeSolver@dc54576 : java.lang.Object at file:/home/runner/work/key/key/key.core/build/resources/main/de/uka/ilkd/key/proof/rules/javaRules.key:1828:15
	at de.uka.ilkd.key.nparser.builder.AbstractBuilder.accept(AbstractBuilder.java:54)
Caused by: com.github.javaparser.resolution.UnsolvedSymbolException: Unsolved symbol in de.uka.ilkd.key.java.JavaParserFactory$DynamicTypeSolver@dc54576 : java.lang.Object
	at com.github.javaparser.resolution.TypeSolver.solveType(TypeSolver.java:71)

16805      ERROR Test worker     d.u.i.k.n.b.AbstractBuilder  com.github.javaparser.resolution.UnsolvedSymbolException: Unsolved symbol in de.uka.ilkd.key.java.JavaParserFactory$DynamicTypeSolver@dc54576 : java.lang.Object
	at com.github.javaparser.resolution.TypeSolver.solveType(TypeSolver.java:71)

16806      ERROR Test worker     d.u.i.k.n.b.TacletPBuilder Error in parsing taclet. de.uka.ilkd.key.util.parsing.BuildingException: Unsolved symbol in de.uka.ilkd.key.java.JavaParserFactory$DynamicTypeSolver@dc54576 : java.lang.Object at file:/home/runner/work/key/key/key.core/build/resources/main/de/uka/ilkd/key/proof/rules/javaRules.key:1835:15
	at de.uka.ilkd.key.nparser.builder.AbstractBuilder.accept(AbstractBuilder.java:54)
Caused by: com.github.javaparser.resolution.UnsolvedSymbolException: Unsolved symbol in de.uka.ilkd.key.java.JavaParserFactory$DynamicTypeSolver@dc54576 : java.lang.Object
	at com.github.javaparser.resolution.TypeSolver.solveType(TypeSolver.java:71)

16809      ERROR Test worker     d.u.i.k.n.b.AbstractBuilder  com.github.javaparser.resolution.UnsolvedSymbolException: Unsolved symbol in de.uka.ilkd.key.java.JavaParserFactory$DynamicTypeSolver@dc54576 : java.lang.Object
	at com.github.javaparser.resolution.TypeSolver.solveType(TypeSolver.java:71)

16810      ERROR Test worker     d.u.i.k.n.b.TacletPBuilder Error in parsing taclet. de.uka.ilkd.key.util.parsing.BuildingException: Unsolved symbol in de.uka.ilkd.key.java.JavaParserFactory$DynamicTypeSolver@dc54576 : java.lang.Object at file:/home/runner/work/key/key/key.core/build/resources/main/de/uka/ilkd/key/proof/rules/javaRules.key:1843:15
	at de.uka.ilkd.key.nparser.builder.AbstractBuilder.accept(AbstractBuilder.java:54)
Caused by: com.github.javaparser.resolution.UnsolvedSymbolException: Unsolved symbol in de.uka.ilkd.key.java.JavaParserFactory$DynamicTypeSolver@dc54576 : java.lang.Object
	at com.github.javaparser.resolution.TypeSolver.solveType(TypeSolver.java:71)

16813      ERROR Test worker     d.u.i.k.n.b.AbstractBuilder  com.github.javaparser.resolution.UnsolvedSymbolException: Unsolved symbol in de.uka.ilkd.key.java.JavaParserFactory$DynamicTypeSolver@dc54576 : java.lang.Object
	at com.github.javaparser.resolution.TypeSolver.solveType(TypeSolver.java:71)

16813      ERROR Test worker     d.u.i.k.n.b.TacletPBuilder Error in parsing taclet. de.uka.ilkd.key.util.parsing.BuildingException: Unsolved symbol in de.uka.ilkd.key.java.JavaParserFactory$DynamicTypeSolver@dc54576 : java.lang.Object at file:/home/runner/work/key/key/key.core/build/resources/main/de/uka/ilkd/key/proof/rules/javaRules.key:1849:15
	at de.uka.ilkd.key.nparser.builder.AbstractBuilder.accept(AbstractBuilder.java:54)
Caused by: com.github.javaparser.resolution.UnsolvedSymbolException: Unsolved symbol in de.uka.ilkd.key.java.JavaParserFactory$DynamicTypeSolver@dc54576 : java.lang.Object
	at com.github.javaparser.resolution.TypeSolver.solveType(TypeSolver.java:71)

16816      ERROR Test worker     d.u.i.k.n.b.AbstractBuilder  com.github.javaparser.resolution.UnsolvedSymbolException: Unsolved symbol in de.uka.ilkd.key.java.JavaParserFactory$DynamicTypeSolver@dc54576 : java.lang.Object
	at com.github.javaparser.resolution.TypeSolver.solveType(TypeSolver.java:71)

16819      ERROR Test worker     d.u.i.k.n.b.TacletPBuilder Error in parsing taclet. de.uka.ilkd.key.util.parsing.BuildingException: Unsolved symbol in de.uka.ilkd.key.java.JavaParserFactory$DynamicTypeSolver@dc54576 : java.lang.Object at file:/home/runner/work/key/key/key.core/build/resources/main/de/uka/ilkd/key/proof/rules/javaRules.key:1856:15
	at de.uka.ilkd.key.nparser.builder.AbstractBuilder.accept(AbstractBuilder.java:54)
Caused by: com.github.javaparser.resolution.UnsolvedSymbolException: Unsolved symbol in de.uka.ilkd.key.java.JavaParserFactory$DynamicTypeSolver@dc54576 : java.lang.Object
	at com.github.javaparser.resolution.TypeSolver.solveType(TypeSolver.java:71)

16822      ERROR Test worker     d.u.i.k.n.b.AbstractBuilder  com.github.javaparser.resolution.UnsolvedSymbolException: Unsolved symbol in de.uka.ilkd.key.java.JavaParserFactory$DynamicTypeSolver@dc54576 : java.lang.Object
	at com.github.javaparser.resolution.TypeSolver.solveType(TypeSolver.java:71)

16822      ERROR Test worker     d.u.i.k.n.b.TacletPBuilder Error in parsing taclet. de.uka.ilkd.key.util.parsing.BuildingException: Unsolved symbol in de.uka.ilkd.key.java.JavaParserFactory$DynamicTypeSolver@dc54576 : java.lang.Object at file:/home/runner/work/key/key/key.core/build/resources/main/de/uka/ilkd/key/proof/rules/javaRules.key:1864:15
	at de.uka.ilkd.key.nparser.builder.AbstractBuilder.accept(AbstractBuilder.java:54)
Caused by: com.github.javaparser.resolution.UnsolvedSymbolException: Unsolved symbol in de.uka.ilkd.key.java.JavaParserFactory$DynamicTypeSolver@dc54576 : java.lang.Object
	at com.github.javaparser.resolution.TypeSolver.solveType(TypeSolver.java:71)

16825      ERROR Test worker     d.u.i.k.n.b.AbstractBuilder  com.github.javaparser.resolution.UnsolvedSymbolException: Unsolved symbol in de.uka.ilkd.key.java.JavaParserFactory$DynamicTypeSolver@dc54576 : java.lang.Object
	at com.github.javaparser.resolution.TypeSolver.solveType(TypeSolver.java:71)

16826      ERROR Test worker     d.u.i.k.n.b.TacletPBuilder Error in parsing taclet. de.uka.ilkd.key.util.parsing.BuildingException: Unsolved symbol in de.uka.ilkd.key.java.JavaParserFactory$DynamicTypeSolver@dc54576 : java.lang.Object at file:/home/runner/work/key/key/key.core/build/resources/main/de/uka/ilkd/key/proof/rules/javaRules.key:1870:15
	at de.uka.ilkd.key.nparser.builder.AbstractBuilder.accept(AbstractBuilder.java:54)
Caused by: com.github.javaparser.resolution.UnsolvedSymbolException: Unsolved symbol in de.uka.ilkd.key.java.JavaParserFactory$DynamicTypeSolver@dc54576 : java.lang.Object
	at com.github.javaparser.resolution.TypeSolver.solveType(TypeSolver.java:71)

16828      ERROR Test worker     d.u.i.k.n.b.AbstractBuilder  com.github.javaparser.resolution.UnsolvedSymbolException: Unsolved symbol in de.uka.ilkd.key.java.JavaParserFactory$DynamicTypeSolver@dc54576 : java.lang.Object
	at com.github.javaparser.resolution.TypeSolver.solveType(TypeSolver.java:71)

16829      ERROR Test worker     d.u.i.k.n.b.TacletPBuilder Error in parsing taclet. de.uka.ilkd.key.util.parsing.BuildingException: Unsolved symbol in de.uka.ilkd.key.java.JavaParserFactory$DynamicTypeSolver@dc54576 : java.lang.Object at file:/home/runner/work/key/key/key.core/build/resources/main/de/uka/ilkd/key/proof/rules/javaRules.key:1877:15
	at de.uka.ilkd.key.nparser.builder.AbstractBuilder.accept(AbstractBuilder.java:54)
Caused by: com.github.javaparser.resolution.UnsolvedSymbolException: Unsolved symbol in de.uka.ilkd.key.java.JavaParserFactory$DynamicTypeSolver@dc54576 : java.lang.Object
	at com.github.javaparser.resolution.TypeSolver.solveType(TypeSolver.java:71)

16838      ERROR Test worker     d.u.i.k.n.b.AbstractBuilder  com.github.javaparser.resolution.UnsolvedSymbolException: Unsolved symbol in de.uka.ilkd.key.java.JavaParserFactory$DynamicTypeSolver@dc54576 : java.lang.Object
	at com.github.javaparser.resolution.TypeSolver.solveType(TypeSolver.java:71)

16841      ERROR Test worker     d.u.i.k.n.b.TacletPBuilder Error in parsing taclet. de.uka.ilkd.key.util.parsing.BuildingException: Unsolved symbol in de.uka.ilkd.key.java.JavaParserFactory$DynamicTypeSolver@dc54576 : java.lang.Object at file:/home/runner/work/key/key/key.core/build/resources/main/de/uka/ilkd/key/proof/rules/javaRules.key:1885:15
	at de.uka.ilkd.key.nparser.builder.AbstractBuilder.accept(AbstractBuilder.java:54)
Caused by: com.github.javaparser.resolution.UnsolvedSymbolException: Unsolved symbol in de.uka.ilkd.key.java.JavaParserFactory$DynamicTypeSolver@dc54576 : java.lang.Object
	at com.github.javaparser.resolution.TypeSolver.solveType(TypeSolver.java:71)

16848      ERROR Test worker     d.u.i.k.n.b.AbstractBuilder  com.github.javaparser.resolution.UnsolvedSymbolException: Unsolved symbol in de.uka.ilkd.key.java.JavaParserFactory$DynamicTypeSolver@dc54576 : java.lang.Object
	at com.github.javaparser.resolution.TypeSolver.solveType(TypeSolver.java:71)

16848      ERROR Test worker     d.u.i.k.n.b.TacletPBuilder Error in parsing taclet. de.uka.ilkd.key.util.parsing.BuildingException: Unsolved symbol in de.uka.ilkd.key.java.JavaParserFactory$DynamicTypeSolver@dc54576 : java.lang.Object at file:/home/runner/work/key/key/key.core/build/resources/main/de/uka/ilkd/key/proof/rules/javaRules.key:1891:15
	at de.uka.ilkd.key.nparser.builder.AbstractBuilder.accept(AbstractBuilder.java:54)
Caused by: com.github.javaparser.resolution.UnsolvedSymbolException: Unsolved symbol in de.uka.ilkd.key.java.JavaParserFactory$DynamicTypeSolver@dc54576 : java.lang.Object
	at com.github.javaparser.resolution.TypeSolver.solveType(TypeSolver.java:71)

16851      ERROR Test worker     d.u.i.k.n.b.AbstractBuilder  com.github.javaparser.resolution.UnsolvedSymbolException: Unsolved symbol in de.uka.ilkd.key.java.JavaParserFactory$DynamicTypeSolver@dc54576 : java.lang.Object
	at com.github.javaparser.resolution.TypeSolver.solveType(TypeSolver.java:71)

16852      ERROR Test worker     d.u.i.k.n.b.TacletPBuilder Error in parsing taclet. de.uka.ilkd.key.util.parsing.BuildingException: Unsolved symbol in de.uka.ilkd.key.java.JavaParserFactory$DynamicTypeSolver@dc54576 : java.lang.Object at file:/home/runner/work/key/key/key.core/build/resources/main/de/uka/ilkd/key/proof/rules/javaRules.key:1898:15
	at de.uka.ilkd.key.nparser.builder.AbstractBuilder.accept(AbstractBuilder.java:54)
Caused by: com.github.javaparser.resolution.UnsolvedSymbolException: Unsolved symbol in de.uka.ilkd.key.java.JavaParserFactory$DynamicTypeSolver@dc54576 : java.lang.Object
	at com.github.javaparser.resolution.TypeSolver.solveType(TypeSolver.java:71)

16856      ERROR Test worker     d.u.i.k.n.b.AbstractBuilder  com.github.javaparser.resolution.UnsolvedSymbolException: Unsolved symbol in de.uka.ilkd.key.java.JavaParserFactory$DynamicTypeSolver@dc54576 : java.lang.Object
	at com.github.javaparser.resolution.TypeSolver.solveType(TypeSolver.java:71)

16857      ERROR Test worker     d.u.i.k.n.b.TacletPBuilder Error in parsing taclet. de.uka.ilkd.key.util.parsing.BuildingException: Unsolved symbol in de.uka.ilkd.key.java.JavaParserFactory$DynamicTypeSolver@dc54576 : java.lang.Object at file:/home/runner/work/key/key/key.core/build/resources/main/de/uka/ilkd/key/proof/rules/javaRules.key:1906:15
	at de.uka.ilkd.key.nparser.builder.AbstractBuilder.accept(AbstractBuilder.java:54)
Caused by: com.github.javaparser.resolution.UnsolvedSymbolException: Unsolved symbol in de.uka.ilkd.key.java.JavaParserFactory$DynamicTypeSolver@dc54576 : java.lang.Object
	at com.github.javaparser.resolution.TypeSolver.solveType(TypeSolver.java:71)

16864      ERROR Test worker     d.u.i.k.n.b.AbstractBuilder  com.github.javaparser.resolution.UnsolvedSymbolException: Unsolved symbol in de.uka.ilkd.key.java.JavaParserFactory$DynamicTypeSolver@dc54576 : java.lang.Object
	at com.github.javaparser.resolution.TypeSolver.solveType(TypeSolver.java:71)

16866      ERROR Test worker     d.u.i.k.n.b.TacletPBuilder Error in parsing taclet. de.uka.ilkd.key.util.parsing.BuildingException: Unsolved symbol in de.uka.ilkd.key.java.JavaParserFactory$DynamicTypeSolver@dc54576 : java.lang.Object at file:/home/runner/work/key/key/key.core/build/resources/main/de/uka/ilkd/key/proof/rules/javaRules.key:1912:15
	at de.uka.ilkd.key.nparser.builder.AbstractBuilder.accept(AbstractBuilder.java:54)
Caused by: com.github.javaparser.resolution.UnsolvedSymbolException: Unsolved symbol in de.uka.ilkd.key.java.JavaParserFactory$DynamicTypeSolver@dc54576 : java.lang.Object
	at com.github.javaparser.resolution.TypeSolver.solveType(TypeSolver.java:71)

16868      ERROR Test worker     d.u.i.k.n.b.AbstractBuilder  com.github.javaparser.resolution.UnsolvedSymbolException: Unsolved symbol in de.uka.ilkd.key.java.JavaParserFactory$DynamicTypeSolver@dc54576 : java.lang.Object
	at com.github.javaparser.resolution.TypeSolver.solveType(TypeSolver.java:71)

16869      ERROR Test worker     d.u.i.k.n.b.TacletPBuilder Error in parsing taclet. de.uka.ilkd.key.util.parsing.BuildingException: Unsolved symbol in de.uka.ilkd.key.java.JavaParserFactory$DynamicTypeSolver@dc54576 : java.lang.Object at file:/home/runner/work/key/key/key.core/build/resources/main/de/uka/ilkd/key/proof/rules/javaRules.key:1919:15
	at de.uka.ilkd.key.nparser.builder.AbstractBuilder.accept(AbstractBuilder.java:54)
Caused by: com.github.javaparser.resolution.UnsolvedSymbolException: Unsolved symbol in de.uka.ilkd.key.java.JavaParserFactory$DynamicTypeSolver@dc54576 : java.lang.Object
	at com.github.javaparser.resolution.TypeSolver.solveType(TypeSolver.java:71)

16872      ERROR Test worker     d.u.i.k.n.b.AbstractBuilder  com.github.javaparser.resolution.UnsolvedSymbolException: Unsolved symbol in de.uka.ilkd.key.java.JavaParserFactory$DynamicTypeSolver@dc54576 : java.lang.Object
	at com.github.javaparser.resolution.TypeSolver.solveType(TypeSolver.java:71)

16872      ERROR Test worker     d.u.i.k.n.b.TacletPBuilder Error in parsing taclet. de.uka.ilkd.key.util.parsing.BuildingException: Unsolved symbol in de.uka.ilkd.key.java.JavaParserFactory$DynamicTypeSolver@dc54576 : java.lang.Object at file:/home/runner/work/key/key/key.core/build/resources/main/de/uka/ilkd/key/proof/rules/javaRules.key:1927:15
	at de.uka.ilkd.key.nparser.builder.AbstractBuilder.accept(AbstractBuilder.java:54)
Caused by: com.github.javaparser.resolution.UnsolvedSymbolException: Unsolved symbol in de.uka.ilkd.key.java.JavaParserFactory$DynamicTypeSolver@dc54576 : java.lang.Object
	at com.github.javaparser.resolution.TypeSolver.solveType(TypeSolver.java:71)

16875      ERROR Test worker     d.u.i.k.n.b.AbstractBuilder  com.github.javaparser.resolution.UnsolvedSymbolException: Unsolved symbol in de.uka.ilkd.key.java.JavaParserFactory$DynamicTypeSolver@dc54576 : java.lang.Object
	at com.github.javaparser.resolution.TypeSolver.solveType(TypeSolver.java:71)

16875      ERROR Test worker     d.u.i.k.n.b.TacletPBuilder Error in parsing taclet. de.uka.ilkd.key.util.parsing.BuildingException: Unsolved symbol in de.uka.ilkd.key.java.JavaParserFactory$DynamicTypeSolver@dc54576 : java.lang.Object at file:/home/runner/work/key/key/key.core/build/resources/main/de/uka/ilkd/key/proof/rules/javaRules.key:1937:15
	at de.uka.ilkd.key.nparser.builder.AbstractBuilder.accept(AbstractBuilder.java:54)
Caused by: com.github.javaparser.resolution.UnsolvedSymbolException: Unsolved symbol in de.uka.ilkd.key.java.JavaParserFactory$DynamicTypeSolver@dc54576 : java.lang.Object
	at com.github.javaparser.resolution.TypeSolver.solveType(TypeSolver.java:71)

16878      ERROR Test worker     d.u.i.k.n.b.AbstractBuilder  com.github.javaparser.resolution.UnsolvedSymbolException: Unsolved symbol in de.uka.ilkd.key.java.JavaParserFactory$DynamicTypeSolver@dc54576 : java.lang.Object
	at com.github.javaparser.resolution.TypeSolver.solveType(TypeSolver.java:71)

16879      ERROR Test worker     d.u.i.k.n.b.TacletPBuilder Error in parsing taclet. de.uka.ilkd.key.util.parsing.BuildingException: Unsolved symbol in de.uka.ilkd.key.java.JavaParserFactory$DynamicTypeSolver@dc54576 : java.lang.Object at file:/home/runner/work/key/key/key.core/build/resources/main/de/uka/ilkd/key/proof/rules/javaRules.key:1949:15
	at de.uka.ilkd.key.nparser.builder.AbstractBuilder.accept(AbstractBuilder.java:54)
Caused by: com.github.javaparser.resolution.UnsolvedSymbolException: Unsolved symbol in de.uka.ilkd.key.java.JavaParserFactory$DynamicTypeSolver@dc54576 : java.lang.Object
	at com.github.javaparser.resolution.TypeSolver.solveType(TypeSolver.java:71)

16882      ERROR Test worker     d.u.i.k.n.b.AbstractBuilder  com.github.javaparser.resolution.UnsolvedSymbolException: Unsolved symbol in de.uka.ilkd.key.java.JavaParserFactory$DynamicTypeSolver@dc54576 : java.lang.Object
	at com.github.javaparser.resolution.TypeSolver.solveType(TypeSolver.java:71)

16883      ERROR Test worker     d.u.i.k.n.b.TacletPBuilder Error in parsing taclet. de.uka.ilkd.key.util.parsing.BuildingException: Unsolved symbol in de.uka.ilkd.key.java.JavaParserFactory$DynamicTypeSolver@dc54576 : java.lang.Object at file:/home/runner/work/key/key/key.core/build/resources/main/de/uka/ilkd/key/proof/rules/javaRules.key:1959:15
	at de.uka.ilkd.key.nparser.builder.AbstractBuilder.accept(AbstractBuilder.java:54)
Caused by: com.github.javaparser.resolution.UnsolvedSymbolException: Unsolved symbol in de.uka.ilkd.key.java.JavaParserFactory$DynamicTypeSolver@dc54576 : java.lang.Object
	at com.github.javaparser.resolution.TypeSolver.solveType(TypeSolver.java:71)

16886      ERROR Test worker     d.u.i.k.n.b.AbstractBuilder  com.github.javaparser.resolution.UnsolvedSymbolException: Unsolved symbol in de.uka.ilkd.key.java.JavaParserFactory$DynamicTypeSolver@dc54576 : java.lang.Object
	at com.github.javaparser.resolution.TypeSolver.solveType(TypeSolver.java:71)

16886      ERROR Test worker     d.u.i.k.n.b.TacletPBuilder Error in parsing taclet. de.uka.ilkd.key.util.parsing.BuildingException: Unsolved symbol in de.uka.ilkd.key.java.JavaParserFactory$DynamicTypeSolver@dc54576 : java.lang.Object at file:/home/runner/work/key/key/key.core/build/resources/main/de/uka/ilkd/key/proof/rules/javaRules.key:1966:15
	at de.uka.ilkd.key.nparser.builder.AbstractBuilder.accept(AbstractBuilder.java:54)
Caused by: com.github.javaparser.resolution.UnsolvedSymbolException: Unsolved symbol in de.uka.ilkd.key.java.JavaParserFactory$DynamicTypeSolver@dc54576 : java.lang.Object
	at com.github.javaparser.resolution.TypeSolver.solveType(TypeSolver.java:71)

16889      ERROR Test worker     d.u.i.k.n.b.AbstractBuilder  com.github.javaparser.resolution.UnsolvedSymbolException: Unsolved symbol in de.uka.ilkd.key.java.JavaParserFactory$DynamicTypeSolver@dc54576 : java.lang.Object
	at com.github.javaparser.resolution.TypeSolver.solveType(TypeSolver.java:71)

16890      ERROR Test worker     d.u.i.k.n.b.TacletPBuilder Error in parsing taclet. de.uka.ilkd.key.util.parsing.BuildingException: Unsolved symbol in de.uka.ilkd.key.java.JavaParserFactory$DynamicTypeSolver@dc54576 : java.lang.Object at file:/home/runner/work/key/key/key.core/build/resources/main/de/uka/ilkd/key/proof/rules/javaRules.key:1978:15
	at de.uka.ilkd.key.nparser.builder.AbstractBuilder.accept(AbstractBuilder.java:54)
Caused by: com.github.javaparser.resolution.UnsolvedSymbolException: Unsolved symbol in de.uka.ilkd.key.java.JavaParserFactory$DynamicTypeSolver@dc54576 : java.lang.Object
	at com.github.javaparser.resolution.TypeSolver.solveType(TypeSolver.java:71)

16899      ERROR Test worker     d.u.i.k.n.b.AbstractBuilder  com.github.javaparser.resolution.UnsolvedSymbolException: Unsolved symbol in de.uka.ilkd.key.java.JavaParserFactory$DynamicTypeSolver@dc54576 : java.lang.Object
	at com.github.javaparser.resolution.TypeSolver.solveType(TypeSolver.java:71)

16900      ERROR Test worker     d.u.i.k.n.b.TacletPBuilder Error in parsing taclet. de.uka.ilkd.key.util.parsing.BuildingException: Unsolved symbol in de.uka.ilkd.key.java.JavaParserFactory$DynamicTypeSolver@dc54576 : java.lang.Object at file:/home/runner/work/key/key/key.core/build/resources/main/de/uka/ilkd/key/proof/rules/javaRules.key:1988:15
	at de.uka.ilkd.key.nparser.builder.AbstractBuilder.accept(AbstractBuilder.java:54)
Caused by: com.github.javaparser.resolution.UnsolvedSymbolException: Unsolved symbol in de.uka.ilkd.key.java.JavaParserFactory$DynamicTypeSolver@dc54576 : java.lang.Object
	at com.github.javaparser.resolution.TypeSolver.solveType(TypeSolver.java:71)

16903      ERROR Test worker     d.u.i.k.n.b.AbstractBuilder  com.github.javaparser.resolution.UnsolvedSymbolException: Unsolved symbol in de.uka.ilkd.key.java.JavaParserFactory$DynamicTypeSolver@dc54576 : java.lang.Object
	at com.github.javaparser.resolution.TypeSolver.solveType(TypeSolver.java:71)

16903      ERROR Test worker     d.u.i.k.n.b.TacletPBuilder Error in parsing taclet. de.uka.ilkd.key.util.parsing.BuildingException: Unsolved symbol in de.uka.ilkd.key.java.JavaParserFactory$DynamicTypeSolver@dc54576 : java.lang.Object at file:/home/runner/work/key/key/key.core/build/resources/main/de/uka/ilkd/key/proof/rules/javaRules.key:1995:15
	at de.uka.ilkd.key.nparser.builder.AbstractBuilder.accept(AbstractBuilder.java:54)
Caused by: com.github.javaparser.resolution.UnsolvedSymbolException: Unsolved symbol in de.uka.ilkd.key.java.JavaParserFactory$DynamicTypeSolver@dc54576 : java.lang.Object
	at com.github.javaparser.resolution.TypeSolver.solveType(TypeSolver.java:71)

16906      ERROR Test worker     d.u.i.k.n.b.AbstractBuilder  com.github.javaparser.resolution.UnsolvedSymbolException: Unsolved symbol in de.uka.ilkd.key.java.JavaParserFactory$DynamicTypeSolver@dc54576 : java.lang.Object
	at com.github.javaparser.resolution.TypeSolver.solveType(TypeSolver.java:71)

16918      ERROR Test worker     d.u.i.k.n.b.TacletPBuilder Error in parsing taclet. de.uka.ilkd.key.util.parsing.BuildingException: Unsolved symbol in de.uka.ilkd.key.java.JavaParserFactory$DynamicTypeSolver@dc54576 : java.lang.Object at file:/home/runner/work/key/key/key.core/build/resources/main/de/uka/ilkd/key/proof/rules/javaRules.key:2007:15
	at de.uka.ilkd.key.nparser.builder.AbstractBuilder.accept(AbstractBuilder.java:54)
Caused by: com.github.javaparser.resolution.UnsolvedSymbolException: Unsolved symbol in de.uka.ilkd.key.java.JavaParserFactory$DynamicTypeSolver@dc54576 : java.lang.Object
	at com.github.javaparser.resolution.TypeSolver.solveType(TypeSolver.java:71)

16921      ERROR Test worker     d.u.i.k.n.b.AbstractBuilder  com.github.javaparser.resolution.UnsolvedSymbolException: Unsolved symbol in de.uka.ilkd.key.java.JavaParserFactory$DynamicTypeSolver@dc54576 : java.lang.Object
	at com.github.javaparser.resolution.TypeSolver.solveType(TypeSolver.java:71)

16922      ERROR Test worker     d.u.i.k.n.b.TacletPBuilder Error in parsing taclet. de.uka.ilkd.key.util.parsing.BuildingException: Unsolved symbol in de.uka.ilkd.key.java.JavaParserFactory$DynamicTypeSolver@dc54576 : java.lang.Object at file:/home/runner/work/key/key/key.core/build/resources/main/de/uka/ilkd/key/proof/rules/javaRules.key:2017:15
	at de.uka.ilkd.key.nparser.builder.AbstractBuilder.accept(AbstractBuilder.java:54)
Caused by: com.github.javaparser.resolution.UnsolvedSymbolException: Unsolved symbol in de.uka.ilkd.key.java.JavaParserFactory$DynamicTypeSolver@dc54576 : java.lang.Object
	at com.github.javaparser.resolution.TypeSolver.solveType(TypeSolver.java:71)

16924      ERROR Test worker     d.u.i.k.n.b.AbstractBuilder  com.github.javaparser.resolution.UnsolvedSymbolException: Unsolved symbol in de.uka.ilkd.key.java.JavaParserFactory$DynamicTypeSolver@dc54576 : java.lang.Object
	at com.github.javaparser.resolution.TypeSolver.solveType(TypeSolver.java:71)

16929      ERROR Test worker     d.u.i.k.n.b.TacletPBuilder Error in parsing taclet. de.uka.ilkd.key.util.parsing.BuildingException: Unsolved symbol in de.uka.ilkd.key.java.JavaParserFactory$DynamicTypeSolver@dc54576 : java.lang.Object at file:/home/runner/work/key/key/key.core/build/resources/main/de/uka/ilkd/key/proof/rules/javaRules.key:2024:15
	at de.uka.ilkd.key.nparser.builder.AbstractBuilder.accept(AbstractBuilder.java:54)
Caused by: com.github.javaparser.resolution.UnsolvedSymbolException: Unsolved symbol in de.uka.ilkd.key.java.JavaParserFactory$DynamicTypeSolver@dc54576 : java.lang.Object
	at com.github.javaparser.resolution.TypeSolver.solveType(TypeSolver.java:71)

16931      ERROR Test worker     d.u.i.k.n.b.AbstractBuilder  com.github.javaparser.resolution.UnsolvedSymbolException: Unsolved symbol in de.uka.ilkd.key.java.JavaParserFactory$DynamicTypeSolver@dc54576 : java.lang.Object
	at com.github.javaparser.resolution.TypeSolver.solveType(TypeSolver.java:71)

16932      ERROR Test worker     d.u.i.k.n.b.TacletPBuilder Error in parsing taclet. de.uka.ilkd.key.util.parsing.BuildingException: Unsolved symbol in de.uka.ilkd.key.java.JavaParserFactory$DynamicTypeSolver@dc54576 : java.lang.Object at file:/home/runner/work/key/key/key.core/build/resources/main/de/uka/ilkd/key/proof/rules/javaRules.key:2036:15
	at de.uka.ilkd.key.nparser.builder.AbstractBuilder.accept(AbstractBuilder.java:54)
Caused by: com.github.javaparser.resolution.UnsolvedSymbolException: Unsolved symbol in de.uka.ilkd.key.java.JavaParserFactory$DynamicTypeSolver@dc54576 : java.lang.Object
	at com.github.javaparser.resolution.TypeSolver.solveType(TypeSolver.java:71)

16934      ERROR Test worker     d.u.i.k.n.b.AbstractBuilder  com.github.javaparser.resolution.UnsolvedSymbolException: Unsolved symbol in de.uka.ilkd.key.java.JavaParserFactory$DynamicTypeSolver@dc54576 : java.lang.Object
	at com.github.javaparser.resolution.TypeSolver.solveType(TypeSolver.java:71)

16935      ERROR Test worker     d.u.i.k.n.b.TacletPBuilder Error in parsing taclet. de.uka.ilkd.key.util.parsing.BuildingException: Unsolved symbol in de.uka.ilkd.key.java.JavaParserFactory$DynamicTypeSolver@dc54576 : java.lang.Object at file:/home/runner/work/key/key/key.core/build/resources/main/de/uka/ilkd/key/proof/rules/javaRules.key:2046:15
	at de.uka.ilkd.key.nparser.builder.AbstractBuilder.accept(AbstractBuilder.java:54)
Caused by: com.github.javaparser.resolution.UnsolvedSymbolException: Unsolved symbol in de.uka.ilkd.key.java.JavaParserFactory$DynamicTypeSolver@dc54576 : java.lang.Object
	at com.github.javaparser.resolution.TypeSolver.solveType(TypeSolver.java:71)

16941      ERROR Test worker     d.u.i.k.n.b.AbstractBuilder  com.github.javaparser.resolution.UnsolvedSymbolException: Unsolved symbol in de.uka.ilkd.key.java.JavaParserFactory$DynamicTypeSolver@dc54576 : java.lang.Object
	at com.github.javaparser.resolution.TypeSolver.solveType(TypeSolver.java:71)

16941      ERROR Test worker     d.u.i.k.n.b.TacletPBuilder Error in parsing taclet. de.uka.ilkd.key.util.parsing.BuildingException: Unsolved symbol in de.uka.ilkd.key.java.JavaParserFactory$DynamicTypeSolver@dc54576 : java.lang.Object at file:/home/runner/work/key/key/key.core/build/resources/main/de/uka/ilkd/key/proof/rules/javaRules.key:2053:15
	at de.uka.ilkd.key.nparser.builder.AbstractBuilder.accept(AbstractBuilder.java:54)
Caused by: com.github.javaparser.resolution.UnsolvedSymbolException: Unsolved symbol in de.uka.ilkd.key.java.JavaParserFactory$DynamicTypeSolver@dc54576 : java.lang.Object
	at com.github.javaparser.resolution.TypeSolver.solveType(TypeSolver.java:71)

16944      ERROR Test worker     d.u.i.k.n.b.AbstractBuilder  com.github.javaparser.resolution.UnsolvedSymbolException: Unsolved symbol in de.uka.ilkd.key.java.JavaParserFactory$DynamicTypeSolver@dc54576 : java.lang.Object
	at com.github.javaparser.resolution.TypeSolver.solveType(TypeSolver.java:71)

16945      ERROR Test worker     d.u.i.k.n.b.TacletPBuilder Error in parsing taclet. de.uka.ilkd.key.util.parsing.BuildingException: Unsolved symbol in de.uka.ilkd.key.java.JavaParserFactory$DynamicTypeSolver@dc54576 : java.lang.Object at file:/home/runner/work/key/key/key.core/build/resources/main/de/uka/ilkd/key/proof/rules/javaRules.key:2065:15
	at de.uka.ilkd.key.nparser.builder.AbstractBuilder.accept(AbstractBuilder.java:54)
Caused by: com.github.javaparser.resolution.UnsolvedSymbolException: Unsolved symbol in de.uka.ilkd.key.java.JavaParserFactory$DynamicTypeSolver@dc54576 : java.lang.Object
	at com.github.javaparser.resolution.TypeSolver.solveType(TypeSolver.java:71)

16947      ERROR Test worker     d.u.i.k.n.b.AbstractBuilder  com.github.javaparser.resolution.UnsolvedSymbolException: Unsolved symbol in de.uka.ilkd.key.java.JavaParserFactory$DynamicTypeSolver@dc54576 : java.lang.Object
	at com.github.javaparser.resolution.TypeSolver.solveType(TypeSolver.java:71)

16947      ERROR Test worker     d.u.i.k.n.b.TacletPBuilder Error in parsing taclet. de.uka.ilkd.key.util.parsing.BuildingException: Unsolved symbol in de.uka.ilkd.key.java.JavaParserFactory$DynamicTypeSolver@dc54576 : java.lang.Object at file:/home/runner/work/key/key/key.core/build/resources/main/de/uka/ilkd/key/proof/rules/javaRules.key:2075:15
	at de.uka.ilkd.key.nparser.builder.AbstractBuilder.accept(AbstractBuilder.java:54)
Caused by: com.github.javaparser.resolution.UnsolvedSymbolException: Unsolved symbol in de.uka.ilkd.key.java.JavaParserFactory$DynamicTypeSolver@dc54576 : java.lang.Object
	at com.github.javaparser.resolution.TypeSolver.solveType(TypeSolver.java:71)

16950      ERROR Test worker     d.u.i.k.n.b.AbstractBuilder  com.github.javaparser.resolution.UnsolvedSymbolException: Unsolved symbol in de.uka.ilkd.key.java.JavaParserFactory$DynamicTypeSolver@dc54576 : java.lang.Object
	at com.github.javaparser.resolution.TypeSolver.solveType(TypeSolver.java:71)

16950      ERROR Test worker     d.u.i.k.n.b.TacletPBuilder Error in parsing taclet. de.uka.ilkd.key.util.parsing.BuildingException: Unsolved symbol in de.uka.ilkd.key.java.JavaParserFactory$DynamicTypeSolver@dc54576 : java.lang.Object at file:/home/runner/work/key/key/key.core/build/resources/main/de/uka/ilkd/key/proof/rules/javaRules.key:2082:15
	at de.uka.ilkd.key.nparser.builder.AbstractBuilder.accept(AbstractBuilder.java:54)
Caused by: com.github.javaparser.resolution.UnsolvedSymbolException: Unsolved symbol in de.uka.ilkd.key.java.JavaParserFactory$DynamicTypeSolver@dc54576 : java.lang.Object
	at com.github.javaparser.resolution.TypeSolver.solveType(TypeSolver.java:71)

16953      ERROR Test worker     d.u.i.k.n.b.AbstractBuilder  com.github.javaparser.resolution.UnsolvedSymbolException: Unsolved symbol in de.uka.ilkd.key.java.JavaParserFactory$DynamicTypeSolver@dc54576 : java.lang.Object
	at com.github.javaparser.resolution.TypeSolver.solveType(TypeSolver.java:71)

16954      ERROR Test worker     d.u.i.k.n.b.TacletPBuilder Error in parsing taclet. de.uka.ilkd.key.util.parsing.BuildingException: Unsolved symbol in de.uka.ilkd.key.java.JavaParserFactory$DynamicTypeSolver@dc54576 : java.lang.Object at file:/home/runner/work/key/key/key.core/build/resources/main/de/uka/ilkd/key/proof/rules/javaRules.key:2094:15
	at de.uka.ilkd.key.nparser.builder.AbstractBuilder.accept(AbstractBuilder.java:54)
Caused by: com.github.javaparser.resolution.UnsolvedSymbolException: Unsolved symbol in de.uka.ilkd.key.java.JavaParserFactory$DynamicTypeSolver@dc54576 : java.lang.Object
	at com.github.javaparser.resolution.TypeSolver.solveType(TypeSolver.java:71)

16956      ERROR Test worker     d.u.i.k.n.b.AbstractBuilder  com.github.javaparser.resolution.UnsolvedSymbolException: Unsolved symbol in de.uka.ilkd.key.java.JavaParserFactory$DynamicTypeSolver@dc54576 : java.lang.Object
	at com.github.javaparser.resolution.TypeSolver.solveType(TypeSolver.java:71)

16956      ERROR Test worker     d.u.i.k.n.b.TacletPBuilder Error in parsing taclet. de.uka.ilkd.key.util.parsing.BuildingException: Unsolved symbol in de.uka.ilkd.key.java.JavaParserFactory$DynamicTypeSolver@dc54576 : java.lang.Object at file:/home/runner/work/key/key/key.core/build/resources/main/de/uka/ilkd/key/proof/rules/javaRules.key:2104:15
	at de.uka.ilkd.key.nparser.builder.AbstractBuilder.accept(AbstractBuilder.java:54)
Caused by: com.github.javaparser.resolution.UnsolvedSymbolException: Unsolved symbol in de.uka.ilkd.key.java.JavaParserFactory$DynamicTypeSolver@dc54576 : java.lang.Object
	at com.github.javaparser.resolution.TypeSolver.solveType(TypeSolver.java:71)

16959      ERROR Test worker     d.u.i.k.n.b.AbstractBuilder  com.github.javaparser.resolution.UnsolvedSymbolException: Unsolved symbol in de.uka.ilkd.key.java.JavaParserFactory$DynamicTypeSolver@dc54576 : java.lang.Object
	at com.github.javaparser.resolution.TypeSolver.solveType(TypeSolver.java:71)

16959      ERROR Test worker     d.u.i.k.n.b.TacletPBuilder Error in parsing taclet. de.uka.ilkd.key.util.parsing.BuildingException: Unsolved symbol in de.uka.ilkd.key.java.JavaParserFactory$DynamicTypeSolver@dc54576 : java.lang.Object at file:/home/runner/work/key/key/key.core/build/resources/main/de/uka/ilkd/key/proof/rules/javaRules.key:2111:15
	at de.uka.ilkd.key.nparser.builder.AbstractBuilder.accept(AbstractBuilder.java:54)
Caused by: com.github.javaparser.resolution.UnsolvedSymbolException: Unsolved symbol in de.uka.ilkd.key.java.JavaParserFactory$DynamicTypeSolver@dc54576 : java.lang.Object
	at com.github.javaparser.resolution.TypeSolver.solveType(TypeSolver.java:71)

16962      ERROR Test worker     d.u.i.k.n.b.AbstractBuilder  com.github.javaparser.resolution.UnsolvedSymbolException: Unsolved symbol in de.uka.ilkd.key.java.JavaParserFactory$DynamicTypeSolver@dc54576 : java.lang.Object
	at com.github.javaparser.resolution.TypeSolver.solveType(TypeSolver.java:71)

16962      ERROR Test worker     d.u.i.k.n.b.TacletPBuilder Error in parsing taclet. de.uka.ilkd.key.util.parsing.BuildingException: Unsolved symbol in de.uka.ilkd.key.java.JavaParserFactory$DynamicTypeSolver@dc54576 : java.lang.Object at file:/home/runner/work/key/key/key.core/build/resources/main/de/uka/ilkd/key/proof/rules/javaRules.key:2123:15
	at de.uka.ilkd.key.nparser.builder.AbstractBuilder.accept(AbstractBuilder.java:54)
Caused by: com.github.javaparser.resolution.UnsolvedSymbolException: Unsolved symbol in de.uka.ilkd.key.java.JavaParserFactory$DynamicTypeSolver@dc54576 : java.lang.Object
	at com.github.javaparser.resolution.TypeSolver.solveType(TypeSolver.java:71)

16964      ERROR Test worker     d.u.i.k.n.b.AbstractBuilder  com.github.javaparser.resolution.UnsolvedSymbolException: Unsolved symbol in de.uka.ilkd.key.java.JavaParserFactory$DynamicTypeSolver@dc54576 : java.lang.Object
	at com.github.javaparser.resolution.TypeSolver.solveType(TypeSolver.java:71)

16965      ERROR Test worker     d.u.i.k.n.b.TacletPBuilder Error in parsing taclet. de.uka.ilkd.key.util.parsing.BuildingException: Unsolved symbol in de.uka.ilkd.key.java.JavaParserFactory$DynamicTypeSolver@dc54576 : java.lang.Object at file:/home/runner/work/key/key/key.core/build/resources/main/de/uka/ilkd/key/proof/rules/javaRules.key:2133:15
	at de.uka.ilkd.key.nparser.builder.AbstractBuilder.accept(AbstractBuilder.java:54)
Caused by: com.github.javaparser.resolution.UnsolvedSymbolException: Unsolved symbol in de.uka.ilkd.key.java.JavaParserFactory$DynamicTypeSolver@dc54576 : java.lang.Object
	at com.github.javaparser.resolution.TypeSolver.solveType(TypeSolver.java:71)

16967      ERROR Test worker     d.u.i.k.n.b.AbstractBuilder  com.github.javaparser.resolution.UnsolvedSymbolException: Unsolved symbol in de.uka.ilkd.key.java.JavaParserFactory$DynamicTypeSolver@dc54576 : java.lang.Object
	at com.github.javaparser.resolution.TypeSolver.solveType(TypeSolver.java:71)

16967      ERROR Test worker     d.u.i.k.n.b.TacletPBuilder Error in parsing taclet. de.uka.ilkd.key.util.parsing.BuildingException: Unsolved symbol in de.uka.ilkd.key.java.JavaParserFactory$DynamicTypeSolver@dc54576 : java.lang.Object at file:/home/runner/work/key/key/key.core/build/resources/main/de/uka/ilkd/key/proof/rules/javaRules.key:2140:15
	at de.uka.ilkd.key.nparser.builder.AbstractBuilder.accept(AbstractBuilder.java:54)
Caused by: com.github.javaparser.resolution.UnsolvedSymbolException: Unsolved symbol in de.uka.ilkd.key.java.JavaParserFactory$DynamicTypeSolver@dc54576 : java.lang.Object
	at com.github.javaparser.resolution.TypeSolver.solveType(TypeSolver.java:71)

16969      ERROR Test worker     d.u.i.k.n.b.AbstractBuilder  com.github.javaparser.resolution.UnsolvedSymbolException: Unsolved symbol in de.uka.ilkd.key.java.JavaParserFactory$DynamicTypeSolver@dc54576 : java.lang.Object
	at com.github.javaparser.resolution.TypeSolver.solveType(TypeSolver.java:71)

16970      ERROR Test worker     d.u.i.k.n.b.TacletPBuilder Error in parsing taclet. de.uka.ilkd.key.util.parsing.BuildingException: Unsolved symbol in de.uka.ilkd.key.java.JavaParserFactory$DynamicTypeSolver@dc54576 : java.lang.Object at file:/home/runner/work/key/key/key.core/build/resources/main/de/uka/ilkd/key/proof/rules/javaRules.key:2152:15
	at de.uka.ilkd.key.nparser.builder.AbstractBuilder.accept(AbstractBuilder.java:54)
Caused by: com.github.javaparser.resolution.UnsolvedSymbolException: Unsolved symbol in de.uka.ilkd.key.java.JavaParserFactory$DynamicTypeSolver@dc54576 : java.lang.Object
	at com.github.javaparser.resolution.TypeSolver.solveType(TypeSolver.java:71)

16972      ERROR Test worker     d.u.i.k.n.b.AbstractBuilder  com.github.javaparser.resolution.UnsolvedSymbolException: Unsolved symbol in de.uka.ilkd.key.java.JavaParserFactory$DynamicTypeSolver@dc54576 : java.lang.Object
	at com.github.javaparser.resolution.TypeSolver.solveType(TypeSolver.java:71)

16973      ERROR Test worker     d.u.i.k.n.b.TacletPBuilder Error in parsing taclet. de.uka.ilkd.key.util.parsing.BuildingException: Unsolved symbol in de.uka.ilkd.key.java.JavaParserFactory$DynamicTypeSolver@dc54576 : java.lang.Object at file:/home/runner/work/key/key/key.core/build/resources/main/de/uka/ilkd/key/proof/rules/javaRules.key:2162:15
	at de.uka.ilkd.key.nparser.builder.AbstractBuilder.accept(AbstractBuilder.java:54)
Caused by: com.github.javaparser.resolution.UnsolvedSymbolException: Unsolved symbol in de.uka.ilkd.key.java.JavaParserFactory$DynamicTypeSolver@dc54576 : java.lang.Object
	at com.github.javaparser.resolution.TypeSolver.solveType(TypeSolver.java:71)

16975      ERROR Test worker     d.u.i.k.n.b.AbstractBuilder  com.github.javaparser.resolution.UnsolvedSymbolException: Unsolved symbol in de.uka.ilkd.key.java.JavaParserFactory$DynamicTypeSolver@dc54576 : java.lang.Object
	at com.github.javaparser.resolution.TypeSolver.solveType(TypeSolver.java:71)

16975      ERROR Test worker     d.u.i.k.n.b.TacletPBuilder Error in parsing taclet. de.uka.ilkd.key.util.parsing.BuildingException: Unsolved symbol in de.uka.ilkd.key.java.JavaParserFactory$DynamicTypeSolver@dc54576 : java.lang.Object at file:/home/runner/work/key/key/key.core/build/resources/main/de/uka/ilkd/key/proof/rules/javaRules.key:2169:15
	at de.uka.ilkd.key.nparser.builder.AbstractBuilder.accept(AbstractBuilder.java:54)
Caused by: com.github.javaparser.resolution.UnsolvedSymbolException: Unsolved symbol in de.uka.ilkd.key.java.JavaParserFactory$DynamicTypeSolver@dc54576 : java.lang.Object
	at com.github.javaparser.resolution.TypeSolver.solveType(TypeSolver.java:71)

16977      ERROR Test worker     d.u.i.k.n.b.AbstractBuilder  com.github.javaparser.resolution.UnsolvedSymbolException: Unsolved symbol in de.uka.ilkd.key.java.JavaParserFactory$DynamicTypeSolver@dc54576 : java.lang.Object
	at com.github.javaparser.resolution.TypeSolver.solveType(TypeSolver.java:71)

16979      ERROR Test worker     d.u.i.k.n.b.TacletPBuilder Error in parsing taclet. de.uka.ilkd.key.util.parsing.BuildingException: Unsolved symbol in de.uka.ilkd.key.java.JavaParserFactory$DynamicTypeSolver@dc54576 : java.lang.Object at file:/home/runner/work/key/key/key.core/build/resources/main/de/uka/ilkd/key/proof/rules/javaRules.key:2181:15
	at de.uka.ilkd.key.nparser.builder.AbstractBuilder.accept(AbstractBuilder.java:54)
Caused by: com.github.javaparser.resolution.UnsolvedSymbolException: Unsolved symbol in de.uka.ilkd.key.java.JavaParserFactory$DynamicTypeSolver@dc54576 : java.lang.Object
	at com.github.javaparser.resolution.TypeSolver.solveType(TypeSolver.java:71)

16981      ERROR Test worker     d.u.i.k.n.b.AbstractBuilder  com.github.javaparser.resolution.UnsolvedSymbolException: Unsolved symbol in de.uka.ilkd.key.java.JavaParserFactory$DynamicTypeSolver@dc54576 : java.lang.Object
	at com.github.javaparser.resolution.TypeSolver.solveType(TypeSolver.java:71)

16982      ERROR Test worker     d.u.i.k.n.b.TacletPBuilder Error in parsing taclet. de.uka.ilkd.key.util.parsing.BuildingException: Unsolved symbol in de.uka.ilkd.key.java.JavaParserFactory$DynamicTypeSolver@dc54576 : java.lang.Object at file:/home/runner/work/key/key/key.core/build/resources/main/de/uka/ilkd/key/proof/rules/javaRules.key:2191:15
	at de.uka.ilkd.key.nparser.builder.AbstractBuilder.accept(AbstractBuilder.java:54)
Caused by: com.github.javaparser.resolution.UnsolvedSymbolException: Unsolved symbol in de.uka.ilkd.key.java.JavaParserFactory$DynamicTypeSolver@dc54576 : java.lang.Object
	at com.github.javaparser.resolution.TypeSolver.solveType(TypeSolver.java:71)

16984      ERROR Test worker     d.u.i.k.n.b.AbstractBuilder  com.github.javaparser.resolution.UnsolvedSymbolException: Unsolved symbol in de.uka.ilkd.key.java.JavaParserFactory$DynamicTypeSolver@dc54576 : java.lang.Object
	at com.github.javaparser.resolution.TypeSolver.solveType(TypeSolver.java:71)

16985      ERROR Test worker     d.u.i.k.n.b.TacletPBuilder Error in parsing taclet. de.uka.ilkd.key.util.parsing.BuildingException: Unsolved symbol in de.uka.ilkd.key.java.JavaParserFactory$DynamicTypeSolver@dc54576 : java.lang.Object at file:/home/runner/work/key/key/key.core/build/resources/main/de/uka/ilkd/key/proof/rules/javaRules.key:2198:15
	at de.uka.ilkd.key.nparser.builder.AbstractBuilder.accept(AbstractBuilder.java:54)
Caused by: com.github.javaparser.resolution.UnsolvedSymbolException: Unsolved symbol in de.uka.ilkd.key.java.JavaParserFactory$DynamicTypeSolver@dc54576 : java.lang.Object
	at com.github.javaparser.resolution.TypeSolver.solveType(TypeSolver.java:71)

16987      ERROR Test worker     d.u.i.k.n.b.AbstractBuilder  com.github.javaparser.resolution.UnsolvedSymbolException: Unsolved symbol in de.uka.ilkd.key.java.JavaParserFactory$DynamicTypeSolver@dc54576 : java.lang.Object
	at com.github.javaparser.resolution.TypeSolver.solveType(TypeSolver.java:71)

16988      ERROR Test worker     d.u.i.k.n.b.TacletPBuilder Error in parsing taclet. de.uka.ilkd.key.util.parsing.BuildingException: Unsolved symbol in de.uka.ilkd.key.java.JavaParserFactory$DynamicTypeSolver@dc54576 : java.lang.Object at file:/home/runner/work/key/key/key.core/build/resources/main/de/uka/ilkd/key/proof/rules/javaRules.key:2210:15
	at de.uka.ilkd.key.nparser.builder.AbstractBuilder.accept(AbstractBuilder.java:54)
Caused by: com.github.javaparser.resolution.UnsolvedSymbolException: Unsolved symbol in de.uka.ilkd.key.java.JavaParserFactory$DynamicTypeSolver@dc54576 : java.lang.Object
	at com.github.javaparser.resolution.TypeSolver.solveType(TypeSolver.java:71)

16990      ERROR Test worker     d.u.i.k.n.b.AbstractBuilder  com.github.javaparser.resolution.UnsolvedSymbolException: Unsolved symbol in de.uka.ilkd.key.java.JavaParserFactory$DynamicTypeSolver@dc54576 : java.lang.Object
	at com.github.javaparser.resolution.TypeSolver.solveType(TypeSolver.java:71)

16991      ERROR Test worker     d.u.i.k.n.b.TacletPBuilder Error in parsing taclet. de.uka.ilkd.key.util.parsing.BuildingException: Unsolved symbol in de.uka.ilkd.key.java.JavaParserFactory$DynamicTypeSolver@dc54576 : java.lang.Object at file:/home/runner/work/key/key/key.core/build/resources/main/de/uka/ilkd/key/proof/rules/javaRules.key:2220:15
	at de.uka.ilkd.key.nparser.builder.AbstractBuilder.accept(AbstractBuilder.java:54)
Caused by: com.github.javaparser.resolution.UnsolvedSymbolException: Unsolved symbol in de.uka.ilkd.key.java.JavaParserFactory$DynamicTypeSolver@dc54576 : java.lang.Object
	at com.github.javaparser.resolution.TypeSolver.solveType(TypeSolver.java:71)

16993      ERROR Test worker     d.u.i.k.n.b.AbstractBuilder  com.github.javaparser.resolution.UnsolvedSymbolException: Unsolved symbol in de.uka.ilkd.key.java.JavaParserFactory$DynamicTypeSolver@dc54576 : java.lang.Object
	at com.github.javaparser.resolution.TypeSolver.solveType(TypeSolver.java:71)

16993      ERROR Test worker     d.u.i.k.n.b.TacletPBuilder Error in parsing taclet. de.uka.ilkd.key.util.parsing.BuildingException: Unsolved symbol in de.uka.ilkd.key.java.JavaParserFactory$DynamicTypeSolver@dc54576 : java.lang.Object at file:/home/runner/work/key/key/key.core/build/resources/main/de/uka/ilkd/key/proof/rules/javaRules.key:2227:15
	at de.uka.ilkd.key.nparser.builder.AbstractBuilder.accept(AbstractBuilder.java:54)
Caused by: com.github.javaparser.resolution.UnsolvedSymbolException: Unsolved symbol in de.uka.ilkd.key.java.JavaParserFactory$DynamicTypeSolver@dc54576 : java.lang.Object
	at com.github.javaparser.resolution.TypeSolver.solveType(TypeSolver.java:71)

16996      ERROR Test worker     d.u.i.k.n.b.AbstractBuilder  com.github.javaparser.resolution.UnsolvedSymbolException: Unsolved symbol in de.uka.ilkd.key.java.JavaParserFactory$DynamicTypeSolver@dc54576 : java.lang.Object
	at com.github.javaparser.resolution.TypeSolver.solveType(TypeSolver.java:71)

16996      ERROR Test worker     d.u.i.k.n.b.TacletPBuilder Error in parsing taclet. de.uka.ilkd.key.util.parsing.BuildingException: Unsolved symbol in de.uka.ilkd.key.java.JavaParserFactory$DynamicTypeSolver@dc54576 : java.lang.Object at file:/home/runner/work/key/key/key.core/build/resources/main/de/uka/ilkd/key/proof/rules/javaRules.key:2239:15
	at de.uka.ilkd.key.nparser.builder.AbstractBuilder.accept(AbstractBuilder.java:54)
Caused by: com.github.javaparser.resolution.UnsolvedSymbolException: Unsolved symbol in de.uka.ilkd.key.java.JavaParserFactory$DynamicTypeSolver@dc54576 : java.lang.Object
	at com.github.javaparser.resolution.TypeSolver.solveType(TypeSolver.java:71)

16998      ERROR Test worker     d.u.i.k.n.b.AbstractBuilder  com.github.javaparser.resolution.UnsolvedSymbolException: Unsolved symbol in de.uka.ilkd.key.java.JavaParserFactory$DynamicTypeSolver@dc54576 : java.lang.Object
	at com.github.javaparser.resolution.TypeSolver.solveType(TypeSolver.java:71)

16999      ERROR Test worker     d.u.i.k.n.b.TacletPBuilder Error in parsing taclet. de.uka.ilkd.key.util.parsing.BuildingException: Unsolved symbol in de.uka.ilkd.key.java.JavaParserFactory$DynamicTypeSolver@dc54576 : java.lang.Object at file:/home/runner/work/key/key/key.core/build/resources/main/de/uka/ilkd/key/proof/rules/javaRules.key:2249:15
	at de.uka.ilkd.key.nparser.builder.AbstractBuilder.accept(AbstractBuilder.java:54)
Caused by: com.github.javaparser.resolution.UnsolvedSymbolException: Unsolved symbol in de.uka.ilkd.key.java.JavaParserFactory$DynamicTypeSolver@dc54576 : java.lang.Object
	at com.github.javaparser.resolution.TypeSolver.solveType(TypeSolver.java:71)

17001      ERROR Test worker     d.u.i.k.n.b.AbstractBuilder  com.github.javaparser.resolution.UnsolvedSymbolException: Unsolved symbol in de.uka.ilkd.key.java.JavaParserFactory$DynamicTypeSolver@dc54576 : java.lang.Object
	at com.github.javaparser.resolution.TypeSolver.solveType(TypeSolver.java:71)

17002      ERROR Test worker     d.u.i.k.n.b.TacletPBuilder Error in parsing taclet. de.uka.ilkd.key.util.parsing.BuildingException: Unsolved symbol in de.uka.ilkd.key.java.JavaParserFactory$DynamicTypeSolver@dc54576 : java.lang.Object at file:/home/runner/work/key/key/key.core/build/resources/main/de/uka/ilkd/key/proof/rules/javaRules.key:2256:15
	at de.uka.ilkd.key.nparser.builder.AbstractBuilder.accept(AbstractBuilder.java:54)
Caused by: com.github.javaparser.resolution.UnsolvedSymbolException: Unsolved symbol in de.uka.ilkd.key.java.JavaParserFactory$DynamicTypeSolver@dc54576 : java.lang.Object
	at com.github.javaparser.resolution.TypeSolver.solveType(TypeSolver.java:71)

17004      ERROR Test worker     d.u.i.k.n.b.AbstractBuilder  com.github.javaparser.resolution.UnsolvedSymbolException: Unsolved symbol in de.uka.ilkd.key.java.JavaParserFactory$DynamicTypeSolver@dc54576 : java.lang.Object
	at com.github.javaparser.resolution.TypeSolver.solveType(TypeSolver.java:71)

17005      ERROR Test worker     d.u.i.k.n.b.TacletPBuilder Error in parsing taclet. de.uka.ilkd.key.util.parsing.BuildingException: Unsolved symbol in de.uka.ilkd.key.java.JavaParserFactory$DynamicTypeSolver@dc54576 : java.lang.Object at file:/home/runner/work/key/key/key.core/build/resources/main/de/uka/ilkd/key/proof/rules/javaRules.key:2268:15
	at de.uka.ilkd.key.nparser.builder.AbstractBuilder.accept(AbstractBuilder.java:54)
Caused by: com.github.javaparser.resolution.UnsolvedSymbolException: Unsolved symbol in de.uka.ilkd.key.java.JavaParserFactory$DynamicTypeSolver@dc54576 : java.lang.Object
	at com.github.javaparser.resolution.TypeSolver.solveType(TypeSolver.java:71)

17007      ERROR Test worker     d.u.i.k.n.b.AbstractBuilder  com.github.javaparser.resolution.UnsolvedSymbolException: Unsolved symbol in de.uka.ilkd.key.java.JavaParserFactory$DynamicTypeSolver@dc54576 : java.lang.Object
	at com.github.javaparser.resolution.TypeSolver.solveType(TypeSolver.java:71)

17007      ERROR Test worker     d.u.i.k.n.b.TacletPBuilder Error in parsing taclet. de.uka.ilkd.key.util.parsing.BuildingException: Unsolved symbol in de.uka.ilkd.key.java.JavaParserFactory$DynamicTypeSolver@dc54576 : java.lang.Object at file:/home/runner/work/key/key/key.core/build/resources/main/de/uka/ilkd/key/proof/rules/javaRules.key:2278:15
	at de.uka.ilkd.key.nparser.builder.AbstractBuilder.accept(AbstractBuilder.java:54)
Caused by: com.github.javaparser.resolution.UnsolvedSymbolException: Unsolved symbol in de.uka.ilkd.key.java.JavaParserFactory$DynamicTypeSolver@dc54576 : java.lang.Object
	at com.github.javaparser.resolution.TypeSolver.solveType(TypeSolver.java:71)

17010      ERROR Test worker     d.u.i.k.n.b.AbstractBuilder  com.github.javaparser.resolution.UnsolvedSymbolException: Unsolved symbol in de.uka.ilkd.key.java.JavaParserFactory$DynamicTypeSolver@dc54576 : java.lang.Object
	at com.github.javaparser.resolution.TypeSolver.solveType(TypeSolver.java:71)

17010      ERROR Test worker     d.u.i.k.n.b.TacletPBuilder Error in parsing taclet. de.uka.ilkd.key.util.parsing.BuildingException: Unsolved symbol in de.uka.ilkd.key.java.JavaParserFactory$DynamicTypeSolver@dc54576 : java.lang.Object at file:/home/runner/work/key/key/key.core/build/resources/main/de/uka/ilkd/key/proof/rules/javaRules.key:2289:15
	at de.uka.ilkd.key.nparser.builder.AbstractBuilder.accept(AbstractBuilder.java:54)
Caused by: com.github.javaparser.resolution.UnsolvedSymbolException: Unsolved symbol in de.uka.ilkd.key.java.JavaParserFactory$DynamicTypeSolver@dc54576 : java.lang.Object
	at com.github.javaparser.resolution.TypeSolver.solveType(TypeSolver.java:71)

17013      ERROR Test worker     d.u.i.k.n.b.AbstractBuilder  com.github.javaparser.resolution.UnsolvedSymbolException: Unsolved symbol in de.uka.ilkd.key.java.JavaParserFactory$DynamicTypeSolver@dc54576 : java.lang.Object
	at com.github.javaparser.resolution.TypeSolver.solveType(TypeSolver.java:71)

17013      ERROR Test worker     d.u.i.k.n.b.TacletPBuilder Error in parsing taclet. de.uka.ilkd.key.util.parsing.BuildingException: Unsolved symbol in de.uka.ilkd.key.java.JavaParserFactory$DynamicTypeSolver@dc54576 : java.lang.Object at file:/home/runner/work/key/key/key.core/build/resources/main/de/uka/ilkd/key/proof/rules/javaRules.key:2295:15
	at de.uka.ilkd.key.nparser.builder.AbstractBuilder.accept(AbstractBuilder.java:54)
Caused by: com.github.javaparser.resolution.UnsolvedSymbolException: Unsolved symbol in de.uka.ilkd.key.java.JavaParserFactory$DynamicTypeSolver@dc54576 : java.lang.Object
	at com.github.javaparser.resolution.TypeSolver.solveType(TypeSolver.java:71)

17015      ERROR Test worker     d.u.i.k.n.b.AbstractBuilder  com.github.javaparser.resolution.UnsolvedSymbolException: Unsolved symbol in de.uka.ilkd.key.java.JavaParserFactory$DynamicTypeSolver@dc54576 : java.lang.Object
	at com.github.javaparser.resolution.TypeSolver.solveType(TypeSolver.java:71)

17016      ERROR Test worker     d.u.i.k.n.b.TacletPBuilder Error in parsing taclet. de.uka.ilkd.key.util.parsing.BuildingException: Unsolved symbol in de.uka.ilkd.key.java.JavaParserFactory$DynamicTypeSolver@dc54576 : java.lang.Object at file:/home/runner/work/key/key/key.core/build/resources/main/de/uka/ilkd/key/proof/rules/javaRules.key:2302:15
	at de.uka.ilkd.key.nparser.builder.AbstractBuilder.accept(AbstractBuilder.java:54)
Caused by: com.github.javaparser.resolution.UnsolvedSymbolException: Unsolved symbol in de.uka.ilkd.key.java.JavaParserFactory$DynamicTypeSolver@dc54576 : java.lang.Object
	at com.github.javaparser.resolution.TypeSolver.solveType(TypeSolver.java:71)

17020      ERROR Test worker     d.u.i.k.n.b.AbstractBuilder  com.github.javaparser.resolution.UnsolvedSymbolException: Unsolved symbol in de.uka.ilkd.key.java.JavaParserFactory$DynamicTypeSolver@dc54576 : java.lang.Object
	at com.github.javaparser.resolution.TypeSolver.solveType(TypeSolver.java:71)

17021      ERROR Test worker     d.u.i.k.n.b.TacletPBuilder Error in parsing taclet. de.uka.ilkd.key.util.parsing.BuildingException: Unsolved symbol in de.uka.ilkd.key.java.JavaParserFactory$DynamicTypeSolver@dc54576 : java.lang.Object at file:/home/runner/work/key/key/key.core/build/resources/main/de/uka/ilkd/key/proof/rules/javaRules.key:2309:15
	at de.uka.ilkd.key.nparser.builder.AbstractBuilder.accept(AbstractBuilder.java:54)
Caused by: com.github.javaparser.resolution.UnsolvedSymbolException: Unsolved symbol in de.uka.ilkd.key.java.JavaParserFactory$DynamicTypeSolver@dc54576 : java.lang.Object
	at com.github.javaparser.resolution.TypeSolver.solveType(TypeSolver.java:71)

17023      ERROR Test worker     d.u.i.k.n.b.AbstractBuilder  com.github.javaparser.resolution.UnsolvedSymbolException: Unsolved symbol in de.uka.ilkd.key.java.JavaParserFactory$DynamicTypeSolver@dc54576 : java.lang.Object
	at com.github.javaparser.resolution.TypeSolver.solveType(TypeSolver.java:71)

17024      ERROR Test worker     d.u.i.k.n.b.TacletPBuilder Error in parsing taclet. de.uka.ilkd.key.util.parsing.BuildingException: Unsolved symbol in de.uka.ilkd.key.java.JavaParserFactory$DynamicTypeSolver@dc54576 : java.lang.Object at file:/home/runner/work/key/key/key.core/build/resources/main/de/uka/ilkd/key/proof/rules/javaRules.key:2316:15
	at de.uka.ilkd.key.nparser.builder.AbstractBuilder.accept(AbstractBuilder.java:54)
Caused by: com.github.javaparser.resolution.UnsolvedSymbolException: Unsolved symbol in de.uka.ilkd.key.java.JavaParserFactory$DynamicTypeSolver@dc54576 : java.lang.Object
	at com.github.javaparser.resolution.TypeSolver.solveType(TypeSolver.java:71)

17028      ERROR Test worker     d.u.i.k.n.b.AbstractBuilder  com.github.javaparser.resolution.UnsolvedSymbolException: Unsolved symbol in de.uka.ilkd.key.java.JavaParserFactory$DynamicTypeSolver@dc54576 : java.lang.Object
	at com.github.javaparser.resolution.TypeSolver.solveType(TypeSolver.java:71)

17028      ERROR Test worker     d.u.i.k.n.b.TacletPBuilder Error in parsing taclet. de.uka.ilkd.key.util.parsing.BuildingException: Unsolved symbol in de.uka.ilkd.key.java.JavaParserFactory$DynamicTypeSolver@dc54576 : java.lang.Object at file:/home/runner/work/key/key/key.core/build/resources/main/de/uka/ilkd/key/proof/rules/javaRules.key:2323:15
	at de.uka.ilkd.key.nparser.builder.AbstractBuilder.accept(AbstractBuilder.java:54)
Caused by: com.github.javaparser.resolution.UnsolvedSymbolException: Unsolved symbol in de.uka.ilkd.key.java.JavaParserFactory$DynamicTypeSolver@dc54576 : java.lang.Object
	at com.github.javaparser.resolution.TypeSolver.solveType(TypeSolver.java:71)

17030      ERROR Test worker     d.u.i.k.n.b.AbstractBuilder  com.github.javaparser.resolution.UnsolvedSymbolException: Unsolved symbol in de.uka.ilkd.key.java.JavaParserFactory$DynamicTypeSolver@dc54576 : java.lang.Object
	at com.github.javaparser.resolution.TypeSolver.solveType(TypeSolver.java:71)

17036      ERROR Test worker     d.u.i.k.n.b.TacletPBuilder Error in parsing taclet. de.uka.ilkd.key.util.parsing.BuildingException: Unsolved symbol in de.uka.ilkd.key.java.JavaParserFactory$DynamicTypeSolver@dc54576 : java.lang.Object at file:/home/runner/work/key/key/key.core/build/resources/main/de/uka/ilkd/key/proof/rules/javaRules.key:2330:15
	at de.uka.ilkd.key.nparser.builder.AbstractBuilder.accept(AbstractBuilder.java:54)
Caused by: com.github.javaparser.resolution.UnsolvedSymbolException: Unsolved symbol in de.uka.ilkd.key.java.JavaParserFactory$DynamicTypeSolver@dc54576 : java.lang.Object
	at com.github.javaparser.resolution.TypeSolver.solveType(TypeSolver.java:71)

17039      ERROR Test worker     d.u.i.k.n.b.AbstractBuilder  com.github.javaparser.resolution.UnsolvedSymbolException: Unsolved symbol in de.uka.ilkd.key.java.JavaParserFactory$DynamicTypeSolver@dc54576 : java.lang.Object
	at com.github.javaparser.resolution.TypeSolver.solveType(TypeSolver.java:71)

17040      ERROR Test worker     d.u.i.k.n.b.TacletPBuilder Error in parsing taclet. de.uka.ilkd.key.util.parsing.BuildingException: Unsolved symbol in de.uka.ilkd.key.java.JavaParserFactory$DynamicTypeSolver@dc54576 : java.lang.Object at file:/home/runner/work/key/key/key.core/build/resources/main/de/uka/ilkd/key/proof/rules/javaRules.key:2337:15
	at de.uka.ilkd.key.nparser.builder.AbstractBuilder.accept(AbstractBuilder.java:54)
Caused by: com.github.javaparser.resolution.UnsolvedSymbolException: Unsolved symbol in de.uka.ilkd.key.java.JavaParserFactory$DynamicTypeSolver@dc54576 : java.lang.Object
	at com.github.javaparser.resolution.TypeSolver.solveType(TypeSolver.java:71)

17043      ERROR Test worker     d.u.i.k.n.b.AbstractBuilder  com.github.javaparser.resolution.UnsolvedSymbolException: Unsolved symbol in de.uka.ilkd.key.java.JavaParserFactory$DynamicTypeSolver@dc54576 : java.lang.Object
	at com.github.javaparser.resolution.TypeSolver.solveType(TypeSolver.java:71)

17049      ERROR Test worker     d.u.i.k.n.b.TacletPBuilder Error in parsing taclet. de.uka.ilkd.key.util.parsing.BuildingException: Unsolved symbol in de.uka.ilkd.key.java.JavaParserFactory$DynamicTypeSolver@dc54576 : java.lang.Object at file:/home/runner/work/key/key/key.core/build/resources/main/de/uka/ilkd/key/proof/rules/javaRules.key:2344:15
	at de.uka.ilkd.key.nparser.builder.AbstractBuilder.accept(AbstractBuilder.java:54)
Caused by: com.github.javaparser.resolution.UnsolvedSymbolException: Unsolved symbol in de.uka.ilkd.key.java.JavaParserFactory$DynamicTypeSolver@dc54576 : java.lang.Object
	at com.github.javaparser.resolution.TypeSolver.solveType(TypeSolver.java:71)

17052      ERROR Test worker     d.u.i.k.n.b.AbstractBuilder  com.github.javaparser.resolution.UnsolvedSymbolException: Unsolved symbol in de.uka.ilkd.key.java.JavaParserFactory$DynamicTypeSolver@dc54576 : java.lang.Object
	at com.github.javaparser.resolution.TypeSolver.solveType(TypeSolver.java:71)

17053      ERROR Test worker     d.u.i.k.n.b.TacletPBuilder Error in parsing taclet. de.uka.ilkd.key.util.parsing.BuildingException: Unsolved symbol in de.uka.ilkd.key.java.JavaParserFactory$DynamicTypeSolver@dc54576 : java.lang.Object at file:/home/runner/work/key/key/key.core/build/resources/main/de/uka/ilkd/key/proof/rules/javaRules.key:2355:15
	at de.uka.ilkd.key.nparser.builder.AbstractBuilder.accept(AbstractBuilder.java:54)
Caused by: com.github.javaparser.resolution.UnsolvedSymbolException: Unsolved symbol in de.uka.ilkd.key.java.JavaParserFactory$DynamicTypeSolver@dc54576 : java.lang.Object
	at com.github.javaparser.resolution.TypeSolver.solveType(TypeSolver.java:71)

17059      ERROR Test worker     d.u.i.k.n.b.AbstractBuilder  com.github.javaparser.resolution.UnsolvedSymbolException: Unsolved symbol in de.uka.ilkd.key.java.JavaParserFactory$DynamicTypeSolver@dc54576 : java.lang.Object
	at com.github.javaparser.resolution.TypeSolver.solveType(TypeSolver.java:71)

17061      ERROR Test worker     d.u.i.k.n.b.TacletPBuilder Error in parsing taclet. de.uka.ilkd.key.util.parsing.BuildingException: Unsolved symbol in de.uka.ilkd.key.java.JavaParserFactory$DynamicTypeSolver@dc54576 : java.lang.Object at file:/home/runner/work/key/key/key.core/build/resources/main/de/uka/ilkd/key/proof/rules/javaRules.key:2360:15
	at de.uka.ilkd.key.nparser.builder.AbstractBuilder.accept(AbstractBuilder.java:54)
Caused by: com.github.javaparser.resolution.UnsolvedSymbolException: Unsolved symbol in de.uka.ilkd.key.java.JavaParserFactory$DynamicTypeSolver@dc54576 : java.lang.Object
	at com.github.javaparser.resolution.TypeSolver.solveType(TypeSolver.java:71)

17063      ERROR Test worker     d.u.i.k.n.b.AbstractBuilder  com.github.javaparser.resolution.UnsolvedSymbolException: Unsolved symbol in de.uka.ilkd.key.java.JavaParserFactory$DynamicTypeSolver@dc54576 : java.lang.Object
	at com.github.javaparser.resolution.TypeSolver.solveType(TypeSolver.java:71)

17063      ERROR Test worker     d.u.i.k.n.b.TacletPBuilder Error in parsing taclet. de.uka.ilkd.key.util.parsing.BuildingException: Unsolved symbol in de.uka.ilkd.key.java.JavaParserFactory$DynamicTypeSolver@dc54576 : java.lang.Object at file:/home/runner/work/key/key/key.core/build/resources/main/de/uka/ilkd/key/proof/rules/javaRules.key:2366:15
	at de.uka.ilkd.key.nparser.builder.AbstractBuilder.accept(AbstractBuilder.java:54)
Caused by: com.github.javaparser.resolution.UnsolvedSymbolException: Unsolved symbol in de.uka.ilkd.key.java.JavaParserFactory$DynamicTypeSolver@dc54576 : java.lang.Object
	at com.github.javaparser.resolution.TypeSolver.solveType(TypeSolver.java:71)

17065      ERROR Test worker     d.u.i.k.n.b.AbstractBuilder  com.github.javaparser.resolution.UnsolvedSymbolException: Unsolved symbol in de.uka.ilkd.key.java.JavaParserFactory$DynamicTypeSolver@dc54576 : java.lang.Object
	at com.github.javaparser.resolution.TypeSolver.solveType(TypeSolver.java:71)

17065      ERROR Test worker     d.u.i.k.n.b.TacletPBuilder Error in parsing taclet. de.uka.ilkd.key.util.parsing.BuildingException: Unsolved symbol in de.uka.ilkd.key.java.JavaParserFactory$DynamicTypeSolver@dc54576 : java.lang.Object at file:/home/runner/work/key/key/key.core/build/resources/main/de/uka/ilkd/key/proof/rules/javaRules.key:2376:15
	at de.uka.ilkd.key.nparser.builder.AbstractBuilder.accept(AbstractBuilder.java:54)
Caused by: com.github.javaparser.resolution.UnsolvedSymbolException: Unsolved symbol in de.uka.ilkd.key.java.JavaParserFactory$DynamicTypeSolver@dc54576 : java.lang.Object
	at com.github.javaparser.resolution.TypeSolver.solveType(TypeSolver.java:71)

17067      ERROR Test worker     d.u.i.k.n.b.AbstractBuilder  com.github.javaparser.resolution.UnsolvedSymbolException: Unsolved symbol in de.uka.ilkd.key.java.JavaParserFactory$DynamicTypeSolver@dc54576 : java.lang.Object
	at com.github.javaparser.resolution.TypeSolver.solveType(TypeSolver.java:71)

17067      ERROR Test worker     d.u.i.k.n.b.TacletPBuilder Error in parsing taclet. de.uka.ilkd.key.util.parsing.BuildingException: Unsolved symbol in de.uka.ilkd.key.java.JavaParserFactory$DynamicTypeSolver@dc54576 : java.lang.Object at file:/home/runner/work/key/key/key.core/build/resources/main/de/uka/ilkd/key/proof/rules/javaRules.key:2384:15
	at de.uka.ilkd.key.nparser.builder.AbstractBuilder.accept(AbstractBuilder.java:54)
Caused by: com.github.javaparser.resolution.UnsolvedSymbolException: Unsolved symbol in de.uka.ilkd.key.java.JavaParserFactory$DynamicTypeSolver@dc54576 : java.lang.Object
	at com.github.javaparser.resolution.TypeSolver.solveType(TypeSolver.java:71)

17069      ERROR Test worker     d.u.i.k.n.b.AbstractBuilder  com.github.javaparser.resolution.UnsolvedSymbolException: Unsolved symbol in de.uka.ilkd.key.java.JavaParserFactory$DynamicTypeSolver@dc54576 : java.lang.Object
	at com.github.javaparser.resolution.TypeSolver.solveType(TypeSolver.java:71)

17069      ERROR Test worker     d.u.i.k.n.b.TacletPBuilder Error in parsing taclet. de.uka.ilkd.key.util.parsing.BuildingException: Unsolved symbol in de.uka.ilkd.key.java.JavaParserFactory$DynamicTypeSolver@dc54576 : java.lang.Object at file:/home/runner/work/key/key/key.core/build/resources/main/de/uka/ilkd/key/proof/rules/javaRules.key:2392:15
	at de.uka.ilkd.key.nparser.builder.AbstractBuilder.accept(AbstractBuilder.java:54)
Caused by: com.github.javaparser.resolution.UnsolvedSymbolException: Unsolved symbol in de.uka.ilkd.key.java.JavaParserFactory$DynamicTypeSolver@dc54576 : java.lang.Object
	at com.github.javaparser.resolution.TypeSolver.solveType(TypeSolver.java:71)

17071      ERROR Test worker     d.u.i.k.n.b.AbstractBuilder  com.github.javaparser.resolution.UnsolvedSymbolException: Unsolved symbol in de.uka.ilkd.key.java.JavaParserFactory$DynamicTypeSolver@dc54576 : java.lang.Object
	at com.github.javaparser.resolution.TypeSolver.solveType(TypeSolver.java:71)

17072      ERROR Test worker     d.u.i.k.n.b.TacletPBuilder Error in parsing taclet. de.uka.ilkd.key.util.parsing.BuildingException: Unsolved symbol in de.uka.ilkd.key.java.JavaParserFactory$DynamicTypeSolver@dc54576 : java.lang.Object at file:/home/runner/work/key/key/key.core/build/resources/main/de/uka/ilkd/key/proof/rules/javaRules.key:2400:15
	at de.uka.ilkd.key.nparser.builder.AbstractBuilder.accept(AbstractBuilder.java:54)
Caused by: com.github.javaparser.resolution.UnsolvedSymbolException: Unsolved symbol in de.uka.ilkd.key.java.JavaParserFactory$DynamicTypeSolver@dc54576 : java.lang.Object
	at com.github.javaparser.resolution.TypeSolver.solveType(TypeSolver.java:71)

17074      ERROR Test worker     d.u.i.k.n.b.AbstractBuilder  com.github.javaparser.resolution.UnsolvedSymbolException: Unsolved symbol in de.uka.ilkd.key.java.JavaParserFactory$DynamicTypeSolver@dc54576 : java.lang.Object
	at com.github.javaparser.resolution.TypeSolver.solveType(TypeSolver.java:71)

17074      ERROR Test worker     d.u.i.k.n.b.TacletPBuilder Error in parsing taclet. de.uka.ilkd.key.util.parsing.BuildingException: Unsolved symbol in de.uka.ilkd.key.java.JavaParserFactory$DynamicTypeSolver@dc54576 : java.lang.Object at file:/home/runner/work/key/key/key.core/build/resources/main/de/uka/ilkd/key/proof/rules/javaRules.key:2408:15
	at de.uka.ilkd.key.nparser.builder.AbstractBuilder.accept(AbstractBuilder.java:54)
Caused by: com.github.javaparser.resolution.UnsolvedSymbolException: Unsolved symbol in de.uka.ilkd.key.java.JavaParserFactory$DynamicTypeSolver@dc54576 : java.lang.Object
	at com.github.javaparser.resolution.TypeSolver.solveType(TypeSolver.java:71)

17076      ERROR Test worker     d.u.i.k.n.b.AbstractBuilder  com.github.javaparser.resolution.UnsolvedSymbolException: Unsolved symbol in de.uka.ilkd.key.java.JavaParserFactory$DynamicTypeSolver@dc54576 : java.lang.Object
	at com.github.javaparser.resolution.TypeSolver.solveType(TypeSolver.java:71)

17076      ERROR Test worker     d.u.i.k.n.b.TacletPBuilder Error in parsing taclet. de.uka.ilkd.key.util.parsing.BuildingException: Unsolved symbol in de.uka.ilkd.key.java.JavaParserFactory$DynamicTypeSolver@dc54576 : java.lang.Object at file:/home/runner/work/key/key/key.core/build/resources/main/de/uka/ilkd/key/proof/rules/javaRules.key:2416:15
	at de.uka.ilkd.key.nparser.builder.AbstractBuilder.accept(AbstractBuilder.java:54)
Caused by: com.github.javaparser.resolution.UnsolvedSymbolException: Unsolved symbol in de.uka.ilkd.key.java.JavaParserFactory$DynamicTypeSolver@dc54576 : java.lang.Object
	at com.github.javaparser.resolution.TypeSolver.solveType(TypeSolver.java:71)

17078      ERROR Test worker     d.u.i.k.n.b.AbstractBuilder  com.github.javaparser.resolution.UnsolvedSymbolException: Unsolved symbol in de.uka.ilkd.key.java.JavaParserFactory$DynamicTypeSolver@dc54576 : java.lang.Object
	at com.github.javaparser.resolution.TypeSolver.solveType(TypeSolver.java:71)

17078      ERROR Test worker     d.u.i.k.n.b.TacletPBuilder Error in parsing taclet. de.uka.ilkd.key.util.parsing.BuildingException: Unsolved symbol in de.uka.ilkd.key.java.JavaParserFactory$DynamicTypeSolver@dc54576 : java.lang.Object at file:/home/runner/work/key/key/key.core/build/resources/main/de/uka/ilkd/key/proof/rules/javaRules.key:2424:15
	at de.uka.ilkd.key.nparser.builder.AbstractBuilder.accept(AbstractBuilder.java:54)
Caused by: com.github.javaparser.resolution.UnsolvedSymbolException: Unsolved symbol in de.uka.ilkd.key.java.JavaParserFactory$DynamicTypeSolver@dc54576 : java.lang.Object
	at com.github.javaparser.resolution.TypeSolver.solveType(TypeSolver.java:71)

17080      ERROR Test worker     d.u.i.k.n.b.AbstractBuilder  com.github.javaparser.resolution.UnsolvedSymbolException: Unsolved symbol in de.uka.ilkd.key.java.JavaParserFactory$DynamicTypeSolver@dc54576 : java.lang.Object
	at com.github.javaparser.resolution.TypeSolver.solveType(TypeSolver.java:71)

17080      ERROR Test worker     d.u.i.k.n.b.TacletPBuilder Error in parsing taclet. de.uka.ilkd.key.util.parsing.BuildingException: Unsolved symbol in de.uka.ilkd.key.java.JavaParserFactory$DynamicTypeSolver@dc54576 : java.lang.Object at file:/home/runner/work/key/key/key.core/build/resources/main/de/uka/ilkd/key/proof/rules/javaRules.key:2432:15
	at de.uka.ilkd.key.nparser.builder.AbstractBuilder.accept(AbstractBuilder.java:54)
Caused by: com.github.javaparser.resolution.UnsolvedSymbolException: Unsolved symbol in de.uka.ilkd.key.java.JavaParserFactory$DynamicTypeSolver@dc54576 : java.lang.Object
	at com.github.javaparser.resolution.TypeSolver.solveType(TypeSolver.java:71)

17083      ERROR Test worker     d.u.i.k.n.b.AbstractBuilder  com.github.javaparser.resolution.UnsolvedSymbolException: Unsolved symbol in de.uka.ilkd.key.java.JavaParserFactory$DynamicTypeSolver@dc54576 : java.lang.Object
	at com.github.javaparser.resolution.TypeSolver.solveType(TypeSolver.java:71)

17083      ERROR Test worker     d.u.i.k.n.b.TacletPBuilder Error in parsing taclet. de.uka.ilkd.key.util.parsing.BuildingException: Unsolved symbol in de.uka.ilkd.key.java.JavaParserFactory$DynamicTypeSolver@dc54576 : java.lang.Object at file:/home/runner/work/key/key/key.core/build/resources/main/de/uka/ilkd/key/proof/rules/javaRules.key:2440:15
	at de.uka.ilkd.key.nparser.builder.AbstractBuilder.accept(AbstractBuilder.java:54)
Caused by: com.github.javaparser.resolution.UnsolvedSymbolException: Unsolved symbol in de.uka.ilkd.key.java.JavaParserFactory$DynamicTypeSolver@dc54576 : java.lang.Object
	at com.github.javaparser.resolution.TypeSolver.solveType(TypeSolver.java:71)

17085      ERROR Test worker     d.u.i.k.n.b.AbstractBuilder  com.github.javaparser.resolution.UnsolvedSymbolException: Unsolved symbol in de.uka.ilkd.key.java.JavaParserFactory$DynamicTypeSolver@dc54576 : java.lang.Object
	at com.github.javaparser.resolution.TypeSolver.solveType(TypeSolver.java:71)

17086      ERROR Test worker     d.u.i.k.n.b.TacletPBuilder Error in parsing taclet. de.uka.ilkd.key.util.parsing.BuildingException: Unsolved symbol in de.uka.ilkd.key.java.JavaParserFactory$DynamicTypeSolver@dc54576 : java.lang.Object at file:/home/runner/work/key/key/key.core/build/resources/main/de/uka/ilkd/key/proof/rules/javaRules.key:2448:15
	at de.uka.ilkd.key.nparser.builder.AbstractBuilder.accept(AbstractBuilder.java:54)
Caused by: com.github.javaparser.resolution.UnsolvedSymbolException: Unsolved symbol in de.uka.ilkd.key.java.JavaParserFactory$DynamicTypeSolver@dc54576 : java.lang.Object
	at com.github.javaparser.resolution.TypeSolver.solveType(TypeSolver.java:71)

17088      ERROR Test worker     d.u.i.k.n.b.AbstractBuilder  com.github.javaparser.resolution.UnsolvedSymbolException: Unsolved symbol in de.uka.ilkd.key.java.JavaParserFactory$DynamicTypeSolver@dc54576 : java.lang.Object
	at com.github.javaparser.resolution.TypeSolver.solveType(TypeSolver.java:71)

17088      ERROR Test worker     d.u.i.k.n.b.TacletPBuilder Error in parsing taclet. de.uka.ilkd.key.util.parsing.BuildingException: Unsolved symbol in de.uka.ilkd.key.java.JavaParserFactory$DynamicTypeSolver@dc54576 : java.lang.Object at file:/home/runner/work/key/key/key.core/build/resources/main/de/uka/ilkd/key/proof/rules/javaRules.key:2456:15
	at de.uka.ilkd.key.nparser.builder.AbstractBuilder.accept(AbstractBuilder.java:54)
Caused by: com.github.javaparser.resolution.UnsolvedSymbolException: Unsolved symbol in de.uka.ilkd.key.java.JavaParserFactory$DynamicTypeSolver@dc54576 : java.lang.Object
	at com.github.javaparser.resolution.TypeSolver.solveType(TypeSolver.java:71)

17090      ERROR Test worker     d.u.i.k.n.b.AbstractBuilder  com.github.javaparser.resolution.UnsolvedSymbolException: Unsolved symbol in de.uka.ilkd.key.java.JavaParserFactory$DynamicTypeSolver@dc54576 : java.lang.Object
	at com.github.javaparser.resolution.TypeSolver.solveType(TypeSolver.java:71)

17090      ERROR Test worker     d.u.i.k.n.b.TacletPBuilder Error in parsing taclet. de.uka.ilkd.key.util.parsing.BuildingException: Unsolved symbol in de.uka.ilkd.key.java.JavaParserFactory$DynamicTypeSolver@dc54576 : java.lang.Object at file:/home/runner/work/key/key/key.core/build/resources/main/de/uka/ilkd/key/proof/rules/javaRules.key:2464:15
	at de.uka.ilkd.key.nparser.builder.AbstractBuilder.accept(AbstractBuilder.java:54)
Caused by: com.github.javaparser.resolution.UnsolvedSymbolException: Unsolved symbol in de.uka.ilkd.key.java.JavaParserFactory$DynamicTypeSolver@dc54576 : java.lang.Object
	at com.github.javaparser.resolution.TypeSolver.solveType(TypeSolver.java:71)

17095      ERROR Test worker     d.u.i.k.n.b.AbstractBuilder  com.github.javaparser.resolution.UnsolvedSymbolException: Unsolved symbol in de.uka.ilkd.key.java.JavaParserFactory$DynamicTypeSolver@dc54576 : java.lang.Object
	at com.github.javaparser.resolution.TypeSolver.solveType(TypeSolver.java:71)

17096      ERROR Test worker     d.u.i.k.n.b.TacletPBuilder Error in parsing taclet. de.uka.ilkd.key.util.parsing.BuildingException: Unsolved symbol in de.uka.ilkd.key.java.JavaParserFactory$DynamicTypeSolver@dc54576 : java.lang.Object at file:/home/runner/work/key/key/key.core/build/resources/main/de/uka/ilkd/key/proof/rules/javaRules.key:2472:15
	at de.uka.ilkd.key.nparser.builder.AbstractBuilder.accept(AbstractBuilder.java:54)
Caused by: com.github.javaparser.resolution.UnsolvedSymbolException: Unsolved symbol in de.uka.ilkd.key.java.JavaParserFactory$DynamicTypeSolver@dc54576 : java.lang.Object
	at com.github.javaparser.resolution.TypeSolver.solveType(TypeSolver.java:71)

17098      ERROR Test worker     d.u.i.k.n.b.AbstractBuilder  com.github.javaparser.resolution.UnsolvedSymbolException: Unsolved symbol in de.uka.ilkd.key.java.JavaParserFactory$DynamicTypeSolver@dc54576 : java.lang.Object
	at com.github.javaparser.resolution.TypeSolver.solveType(TypeSolver.java:71)

17098      ERROR Test worker     d.u.i.k.n.b.TacletPBuilder Error in parsing taclet. de.uka.ilkd.key.util.parsing.BuildingException: Unsolved symbol in de.uka.ilkd.key.java.JavaParserFactory$DynamicTypeSolver@dc54576 : java.lang.Object at file:/home/runner/work/key/key/key.core/build/resources/main/de/uka/ilkd/key/proof/rules/javaRules.key:2480:15
	at de.uka.ilkd.key.nparser.builder.AbstractBuilder.accept(AbstractBuilder.java:54)
Caused by: com.github.javaparser.resolution.UnsolvedSymbolException: Unsolved symbol in de.uka.ilkd.key.java.JavaParserFactory$DynamicTypeSolver@dc54576 : java.lang.Object
	at com.github.javaparser.resolution.TypeSolver.solveType(TypeSolver.java:71)

17100      ERROR Test worker     d.u.i.k.n.b.AbstractBuilder  com.github.javaparser.resolution.UnsolvedSymbolException: Unsolved symbol in de.uka.ilkd.key.java.JavaParserFactory$DynamicTypeSolver@dc54576 : java.lang.Object
	at com.github.javaparser.resolution.TypeSolver.solveType(TypeSolver.java:71)

17100      ERROR Test worker     d.u.i.k.n.b.TacletPBuilder Error in parsing taclet. de.uka.ilkd.key.util.parsing.BuildingException: Unsolved symbol in de.uka.ilkd.key.java.JavaParserFactory$DynamicTypeSolver@dc54576 : java.lang.Object at file:/home/runner/work/key/key/key.core/build/resources/main/de/uka/ilkd/key/proof/rules/javaRules.key:2488:15
	at de.uka.ilkd.key.nparser.builder.AbstractBuilder.accept(AbstractBuilder.java:54)
Caused by: com.github.javaparser.resolution.UnsolvedSymbolException: Unsolved symbol in de.uka.ilkd.key.java.JavaParserFactory$DynamicTypeSolver@dc54576 : java.lang.Object
	at com.github.javaparser.resolution.TypeSolver.solveType(TypeSolver.java:71)

17102      ERROR Test worker     d.u.i.k.n.b.AbstractBuilder  com.github.javaparser.resolution.UnsolvedSymbolException: Unsolved symbol in de.uka.ilkd.key.java.JavaParserFactory$DynamicTypeSolver@dc54576 : java.lang.Object
	at com.github.javaparser.resolution.TypeSolver.solveType(TypeSolver.java:71)

17102      ERROR Test worker     d.u.i.k.n.b.TacletPBuilder Error in parsing taclet. de.uka.ilkd.key.util.parsing.BuildingException: Unsolved symbol in de.uka.ilkd.key.java.JavaParserFactory$DynamicTypeSolver@dc54576 : java.lang.Object at file:/home/runner/work/key/key/key.core/build/resources/main/de/uka/ilkd/key/proof/rules/javaRules.key:2496:15
	at de.uka.ilkd.key.nparser.builder.AbstractBuilder.accept(AbstractBuilder.java:54)
Caused by: com.github.javaparser.resolution.UnsolvedSymbolException: Unsolved symbol in de.uka.ilkd.key.java.JavaParserFactory$DynamicTypeSolver@dc54576 : java.lang.Object
	at com.github.javaparser.resolution.TypeSolver.solveType(TypeSolver.java:71)

17105      ERROR Test worker     d.u.i.k.n.b.AbstractBuilder  com.github.javaparser.resolution.UnsolvedSymbolException: Unsolved symbol in de.uka.ilkd.key.java.JavaParserFactory$DynamicTypeSolver@dc54576 : java.lang.Object
	at com.github.javaparser.resolution.TypeSolver.solveType(TypeSolver.java:71)

17105      ERROR Test worker     d.u.i.k.n.b.TacletPBuilder Error in parsing taclet. de.uka.ilkd.key.util.parsing.BuildingException: Unsolved symbol in de.uka.ilkd.key.java.JavaParserFactory$DynamicTypeSolver@dc54576 : java.lang.Object at file:/home/runner/work/key/key/key.core/build/resources/main/de/uka/ilkd/key/proof/rules/javaRules.key:2504:15
	at de.uka.ilkd.key.nparser.builder.AbstractBuilder.accept(AbstractBuilder.java:54)
Caused by: com.github.javaparser.resolution.UnsolvedSymbolException: Unsolved symbol in de.uka.ilkd.key.java.JavaParserFactory$DynamicTypeSolver@dc54576 : java.lang.Object
	at com.github.javaparser.resolution.TypeSolver.solveType(TypeSolver.java:71)

17107      ERROR Test worker     d.u.i.k.n.b.AbstractBuilder  com.github.javaparser.resolution.UnsolvedSymbolException: Unsolved symbol in de.uka.ilkd.key.java.JavaParserFactory$DynamicTypeSolver@dc54576 : java.lang.Object
	at com.github.javaparser.resolution.TypeSolver.solveType(TypeSolver.java:71)

17107      ERROR Test worker     d.u.i.k.n.b.TacletPBuilder Error in parsing taclet. de.uka.ilkd.key.util.parsing.BuildingException: Unsolved symbol in de.uka.ilkd.key.java.JavaParserFactory$DynamicTypeSolver@dc54576 : java.lang.Object at file:/home/runner/work/key/key/key.core/build/resources/main/de/uka/ilkd/key/proof/rules/javaRules.key:2512:15
	at de.uka.ilkd.key.nparser.builder.AbstractBuilder.accept(AbstractBuilder.java:54)
Caused by: com.github.javaparser.resolution.UnsolvedSymbolException: Unsolved symbol in de.uka.ilkd.key.java.JavaParserFactory$DynamicTypeSolver@dc54576 : java.lang.Object
	at com.github.javaparser.resolution.TypeSolver.solveType(TypeSolver.java:71)

17109      ERROR Test worker     d.u.i.k.n.b.AbstractBuilder  com.github.javaparser.resolution.UnsolvedSymbolException: Unsolved symbol in de.uka.ilkd.key.java.JavaParserFactory$DynamicTypeSolver@dc54576 : java.lang.Object
	at com.github.javaparser.resolution.TypeSolver.solveType(TypeSolver.java:71)

17109      ERROR Test worker     d.u.i.k.n.b.TacletPBuilder Error in parsing taclet. de.uka.ilkd.key.util.parsing.BuildingException: Unsolved symbol in de.uka.ilkd.key.java.JavaParserFactory$DynamicTypeSolver@dc54576 : java.lang.Object at file:/home/runner/work/key/key/key.core/build/resources/main/de/uka/ilkd/key/proof/rules/javaRules.key:2520:15
	at de.uka.ilkd.key.nparser.builder.AbstractBuilder.accept(AbstractBuilder.java:54)
Caused by: com.github.javaparser.resolution.UnsolvedSymbolException: Unsolved symbol in de.uka.ilkd.key.java.JavaParserFactory$DynamicTypeSolver@dc54576 : java.lang.Object
	at com.github.javaparser.resolution.TypeSolver.solveType(TypeSolver.java:71)

17125      ERROR Test worker     d.u.i.k.n.b.AbstractBuilder  com.github.javaparser.resolution.UnsolvedSymbolException: Unsolved symbol in de.uka.ilkd.key.java.JavaParserFactory$DynamicTypeSolver@dc54576 : java.lang.Object
	at com.github.javaparser.resolution.TypeSolver.solveType(TypeSolver.java:71)

17126      ERROR Test worker     d.u.i.k.n.b.TacletPBuilder Error in parsing taclet. de.uka.ilkd.key.util.parsing.BuildingException: Unsolved symbol in de.uka.ilkd.key.java.JavaParserFactory$DynamicTypeSolver@dc54576 : java.lang.Object at file:/home/runner/work/key/key/key.core/build/resources/main/de/uka/ilkd/key/proof/rules/javaRules.key:2528:15
	at de.uka.ilkd.key.nparser.builder.AbstractBuilder.accept(AbstractBuilder.java:54)
Caused by: com.github.javaparser.resolution.UnsolvedSymbolException: Unsolved symbol in de.uka.ilkd.key.java.JavaParserFactory$DynamicTypeSolver@dc54576 : java.lang.Object
	at com.github.javaparser.resolution.TypeSolver.solveType(TypeSolver.java:71)

17134      ERROR Test worker     d.u.i.k.n.b.AbstractBuilder  com.github.javaparser.resolution.UnsolvedSymbolException: Unsolved symbol in de.uka.ilkd.key.java.JavaParserFactory$DynamicTypeSolver@dc54576 : java.lang.Object
	at com.github.javaparser.resolution.TypeSolver.solveType(TypeSolver.java:71)

17135      ERROR Test worker     d.u.i.k.n.b.TacletPBuilder Error in parsing taclet. de.uka.ilkd.key.util.parsing.BuildingException: Unsolved symbol in de.uka.ilkd.key.java.JavaParserFactory$DynamicTypeSolver@dc54576 : java.lang.Object at file:/home/runner/work/key/key/key.core/build/resources/main/de/uka/ilkd/key/proof/rules/javaRules.key:2536:15
	at de.uka.ilkd.key.nparser.builder.AbstractBuilder.accept(AbstractBuilder.java:54)
Caused by: com.github.javaparser.resolution.UnsolvedSymbolException: Unsolved symbol in de.uka.ilkd.key.java.JavaParserFactory$DynamicTypeSolver@dc54576 : java.lang.Object
	at com.github.javaparser.resolution.TypeSolver.solveType(TypeSolver.java:71)

17137      ERROR Test worker     d.u.i.k.n.b.AbstractBuilder  com.github.javaparser.resolution.UnsolvedSymbolException: Unsolved symbol in de.uka.ilkd.key.java.JavaParserFactory$DynamicTypeSolver@dc54576 : java.lang.Object
	at com.github.javaparser.resolution.TypeSolver.solveType(TypeSolver.java:71)

17137      ERROR Test worker     d.u.i.k.n.b.TacletPBuilder Error in parsing taclet. de.uka.ilkd.key.util.parsing.BuildingException: Unsolved symbol in de.uka.ilkd.key.java.JavaParserFactory$DynamicTypeSolver@dc54576 : java.lang.Object at file:/home/runner/work/key/key/key.core/build/resources/main/de/uka/ilkd/key/proof/rules/javaRules.key:2544:15
	at de.uka.ilkd.key.nparser.builder.AbstractBuilder.accept(AbstractBuilder.java:54)
Caused by: com.github.javaparser.resolution.UnsolvedSymbolException: Unsolved symbol in de.uka.ilkd.key.java.JavaParserFactory$DynamicTypeSolver@dc54576 : java.lang.Object
	at com.github.javaparser.resolution.TypeSolver.solveType(TypeSolver.java:71)

17142      ERROR Test worker     d.u.i.k.n.b.AbstractBuilder  com.github.javaparser.resolution.UnsolvedSymbolException: Unsolved symbol in de.uka.ilkd.key.java.JavaParserFactory$DynamicTypeSolver@dc54576 : java.lang.Object
	at com.github.javaparser.resolution.TypeSolver.solveType(TypeSolver.java:71)

17142      ERROR Test worker     d.u.i.k.n.b.TacletPBuilder Error in parsing taclet. de.uka.ilkd.key.util.parsing.BuildingException: Unsolved symbol in de.uka.ilkd.key.java.JavaParserFactory$DynamicTypeSolver@dc54576 : java.lang.Object at file:/home/runner/work/key/key/key.core/build/resources/main/de/uka/ilkd/key/proof/rules/javaRules.key:2552:15
	at de.uka.ilkd.key.nparser.builder.AbstractBuilder.accept(AbstractBuilder.java:54)
Caused by: com.github.javaparser.resolution.UnsolvedSymbolException: Unsolved symbol in de.uka.ilkd.key.java.JavaParserFactory$DynamicTypeSolver@dc54576 : java.lang.Object
	at com.github.javaparser.resolution.TypeSolver.solveType(TypeSolver.java:71)

17144      ERROR Test worker     d.u.i.k.n.b.AbstractBuilder  com.github.javaparser.resolution.UnsolvedSymbolException: Unsolved symbol in de.uka.ilkd.key.java.JavaParserFactory$DynamicTypeSolver@dc54576 : java.lang.Object
	at com.github.javaparser.resolution.TypeSolver.solveType(TypeSolver.java:71)

17146      ERROR Test worker     d.u.i.k.n.b.TacletPBuilder Error in parsing taclet. de.uka.ilkd.key.util.parsing.BuildingException: Unsolved symbol in de.uka.ilkd.key.java.JavaParserFactory$DynamicTypeSolver@dc54576 : java.lang.Object at file:/home/runner/work/key/key/key.core/build/resources/main/de/uka/ilkd/key/proof/rules/javaRules.key:2560:15
	at de.uka.ilkd.key.nparser.builder.AbstractBuilder.accept(AbstractBuilder.java:54)
Caused by: com.github.javaparser.resolution.UnsolvedSymbolException: Unsolved symbol in de.uka.ilkd.key.java.JavaParserFactory$DynamicTypeSolver@dc54576 : java.lang.Object
	at com.github.javaparser.resolution.TypeSolver.solveType(TypeSolver.java:71)

17148      ERROR Test worker     d.u.i.k.n.b.AbstractBuilder  com.github.javaparser.resolution.UnsolvedSymbolException: Unsolved symbol in de.uka.ilkd.key.java.JavaParserFactory$DynamicTypeSolver@dc54576 : java.lang.Object
	at com.github.javaparser.resolution.TypeSolver.solveType(TypeSolver.java:71)

17148      ERROR Test worker     d.u.i.k.n.b.TacletPBuilder Error in parsing taclet. de.uka.ilkd.key.util.parsing.BuildingException: Unsolved symbol in de.uka.ilkd.key.java.JavaParserFactory$DynamicTypeSolver@dc54576 : java.lang.Object at file:/home/runner/work/key/key/key.core/build/resources/main/de/uka/ilkd/key/proof/rules/javaRules.key:2568:15
	at de.uka.ilkd.key.nparser.builder.AbstractBuilder.accept(AbstractBuilder.java:54)
Caused by: com.github.javaparser.resolution.UnsolvedSymbolException: Unsolved symbol in de.uka.ilkd.key.java.JavaParserFactory$DynamicTypeSolver@dc54576 : java.lang.Object
	at com.github.javaparser.resolution.TypeSolver.solveType(TypeSolver.java:71)

17150      ERROR Test worker     d.u.i.k.n.b.AbstractBuilder  com.github.javaparser.resolution.UnsolvedSymbolException: Unsolved symbol in de.uka.ilkd.key.java.JavaParserFactory$DynamicTypeSolver@dc54576 : java.lang.Object
	at com.github.javaparser.resolution.TypeSolver.solveType(TypeSolver.java:71)

17150      ERROR Test worker     d.u.i.k.n.b.TacletPBuilder Error in parsing taclet. de.uka.ilkd.key.util.parsing.BuildingException: Unsolved symbol in de.uka.ilkd.key.java.JavaParserFactory$DynamicTypeSolver@dc54576 : java.lang.Object at file:/home/runner/work/key/key/key.core/build/resources/main/de/uka/ilkd/key/proof/rules/javaRules.key:2576:15
	at de.uka.ilkd.key.nparser.builder.AbstractBuilder.accept(AbstractBuilder.java:54)
Caused by: com.github.javaparser.resolution.UnsolvedSymbolException: Unsolved symbol in de.uka.ilkd.key.java.JavaParserFactory$DynamicTypeSolver@dc54576 : java.lang.Object
	at com.github.javaparser.resolution.TypeSolver.solveType(TypeSolver.java:71)

17152      ERROR Test worker     d.u.i.k.n.b.AbstractBuilder  com.github.javaparser.resolution.UnsolvedSymbolException: Unsolved symbol in de.uka.ilkd.key.java.JavaParserFactory$DynamicTypeSolver@dc54576 : java.lang.Object
	at com.github.javaparser.resolution.TypeSolver.solveType(TypeSolver.java:71)

17152      ERROR Test worker     d.u.i.k.n.b.TacletPBuilder Error in parsing taclet. de.uka.ilkd.key.util.parsing.BuildingException: Unsolved symbol in de.uka.ilkd.key.java.JavaParserFactory$DynamicTypeSolver@dc54576 : java.lang.Object at file:/home/runner/work/key/key/key.core/build/resources/main/de/uka/ilkd/key/proof/rules/javaRules.key:2584:15
	at de.uka.ilkd.key.nparser.builder.AbstractBuilder.accept(AbstractBuilder.java:54)
Caused by: com.github.javaparser.resolution.UnsolvedSymbolException: Unsolved symbol in de.uka.ilkd.key.java.JavaParserFactory$DynamicTypeSolver@dc54576 : java.lang.Object
	at com.github.javaparser.resolution.TypeSolver.solveType(TypeSolver.java:71)

17154      ERROR Test worker     d.u.i.k.n.b.AbstractBuilder  com.github.javaparser.resolution.UnsolvedSymbolException: Unsolved symbol in de.uka.ilkd.key.java.JavaParserFactory$DynamicTypeSolver@dc54576 : java.lang.Object
	at com.github.javaparser.resolution.TypeSolver.solveType(TypeSolver.java:71)

17154      ERROR Test worker     d.u.i.k.n.b.TacletPBuilder Error in parsing taclet. de.uka.ilkd.key.util.parsing.BuildingException: Unsolved symbol in de.uka.ilkd.key.java.JavaParserFactory$DynamicTypeSolver@dc54576 : java.lang.Object at file:/home/runner/work/key/key/key.core/build/resources/main/de/uka/ilkd/key/proof/rules/javaRules.key:2592:15
	at de.uka.ilkd.key.nparser.builder.AbstractBuilder.accept(AbstractBuilder.java:54)
Caused by: com.github.javaparser.resolution.UnsolvedSymbolException: Unsolved symbol in de.uka.ilkd.key.java.JavaParserFactory$DynamicTypeSolver@dc54576 : java.lang.Object
	at com.github.javaparser.resolution.TypeSolver.solveType(TypeSolver.java:71)

17156      ERROR Test worker     d.u.i.k.n.b.AbstractBuilder  com.github.javaparser.resolution.UnsolvedSymbolException: Unsolved symbol in de.uka.ilkd.key.java.JavaParserFactory$DynamicTypeSolver@dc54576 : java.lang.Object
	at com.github.javaparser.resolution.TypeSolver.solveType(TypeSolver.java:71)

17156      ERROR Test worker     d.u.i.k.n.b.TacletPBuilder Error in parsing taclet. de.uka.ilkd.key.util.parsing.BuildingException: Unsolved symbol in de.uka.ilkd.key.java.JavaParserFactory$DynamicTypeSolver@dc54576 : java.lang.Object at file:/home/runner/work/key/key/key.core/build/resources/main/de/uka/ilkd/key/proof/rules/javaRules.key:2600:15
	at de.uka.ilkd.key.nparser.builder.AbstractBuilder.accept(AbstractBuilder.java:54)
Caused by: com.github.javaparser.resolution.UnsolvedSymbolException: Unsolved symbol in de.uka.ilkd.key.java.JavaParserFactory$DynamicTypeSolver@dc54576 : java.lang.Object
	at com.github.javaparser.resolution.TypeSolver.solveType(TypeSolver.java:71)

17158      ERROR Test worker     d.u.i.k.n.b.AbstractBuilder  com.github.javaparser.resolution.UnsolvedSymbolException: Unsolved symbol in de.uka.ilkd.key.java.JavaParserFactory$DynamicTypeSolver@dc54576 : java.lang.Object
	at com.github.javaparser.resolution.TypeSolver.solveType(TypeSolver.java:71)

17159      ERROR Test worker     d.u.i.k.n.b.TacletPBuilder Error in parsing taclet. de.uka.ilkd.key.util.parsing.BuildingException: Unsolved symbol in de.uka.ilkd.key.java.JavaParserFactory$DynamicTypeSolver@dc54576 : java.lang.Object at file:/home/runner/work/key/key/key.core/build/resources/main/de/uka/ilkd/key/proof/rules/javaRules.key:2608:15
	at de.uka.ilkd.key.nparser.builder.AbstractBuilder.accept(AbstractBuilder.java:54)
Caused by: com.github.javaparser.resolution.UnsolvedSymbolException: Unsolved symbol in de.uka.ilkd.key.java.JavaParserFactory$DynamicTypeSolver@dc54576 : java.lang.Object
	at com.github.javaparser.resolution.TypeSolver.solveType(TypeSolver.java:71)

17161      ERROR Test worker     d.u.i.k.n.b.AbstractBuilder  com.github.javaparser.resolution.UnsolvedSymbolException: Unsolved symbol in de.uka.ilkd.key.java.JavaParserFactory$DynamicTypeSolver@dc54576 : java.lang.Object
	at com.github.javaparser.resolution.TypeSolver.solveType(TypeSolver.java:71)

17161      ERROR Test worker     d.u.i.k.n.b.TacletPBuilder Error in parsing taclet. de.uka.ilkd.key.util.parsing.BuildingException: Unsolved symbol in de.uka.ilkd.key.java.JavaParserFactory$DynamicTypeSolver@dc54576 : java.lang.Object at file:/home/runner/work/key/key/key.core/build/resources/main/de/uka/ilkd/key/proof/rules/javaRules.key:2616:15
	at de.uka.ilkd.key.nparser.builder.AbstractBuilder.accept(AbstractBuilder.java:54)
Caused by: com.github.javaparser.resolution.UnsolvedSymbolException: Unsolved symbol in de.uka.ilkd.key.java.JavaParserFactory$DynamicTypeSolver@dc54576 : java.lang.Object
	at com.github.javaparser.resolution.TypeSolver.solveType(TypeSolver.java:71)

17163      ERROR Test worker     d.u.i.k.n.b.AbstractBuilder  com.github.javaparser.resolution.UnsolvedSymbolException: Unsolved symbol in de.uka.ilkd.key.java.JavaParserFactory$DynamicTypeSolver@dc54576 : java.lang.Object
	at com.github.javaparser.resolution.TypeSolver.solveType(TypeSolver.java:71)

17163      ERROR Test worker     d.u.i.k.n.b.TacletPBuilder Error in parsing taclet. de.uka.ilkd.key.util.parsing.BuildingException: Unsolved symbol in de.uka.ilkd.key.java.JavaParserFactory$DynamicTypeSolver@dc54576 : java.lang.Object at file:/home/runner/work/key/key/key.core/build/resources/main/de/uka/ilkd/key/proof/rules/javaRules.key:2624:15
	at de.uka.ilkd.key.nparser.builder.AbstractBuilder.accept(AbstractBuilder.java:54)
Caused by: com.github.javaparser.resolution.UnsolvedSymbolException: Unsolved symbol in de.uka.ilkd.key.java.JavaParserFactory$DynamicTypeSolver@dc54576 : java.lang.Object
	at com.github.javaparser.resolution.TypeSolver.solveType(TypeSolver.java:71)

17167      ERROR Test worker     d.u.i.k.n.b.AbstractBuilder  com.github.javaparser.resolution.UnsolvedSymbolException: Unsolved symbol in de.uka.ilkd.key.java.JavaParserFactory$DynamicTypeSolver@dc54576 : java.lang.Object
	at com.github.javaparser.resolution.TypeSolver.solveType(TypeSolver.java:71)

17167      ERROR Test worker     d.u.i.k.n.b.TacletPBuilder Error in parsing taclet. de.uka.ilkd.key.util.parsing.BuildingException: Unsolved symbol in de.uka.ilkd.key.java.JavaParserFactory$DynamicTypeSolver@dc54576 : java.lang.Object at file:/home/runner/work/key/key/key.core/build/resources/main/de/uka/ilkd/key/proof/rules/javaRules.key:2632:15
	at de.uka.ilkd.key.nparser.builder.AbstractBuilder.accept(AbstractBuilder.java:54)
Caused by: com.github.javaparser.resolution.UnsolvedSymbolException: Unsolved symbol in de.uka.ilkd.key.java.JavaParserFactory$DynamicTypeSolver@dc54576 : java.lang.Object
	at com.github.javaparser.resolution.TypeSolver.solveType(TypeSolver.java:71)

17169      ERROR Test worker     d.u.i.k.n.b.AbstractBuilder  com.github.javaparser.resolution.UnsolvedSymbolException: Unsolved symbol in de.uka.ilkd.key.java.JavaParserFactory$DynamicTypeSolver@dc54576 : java.lang.Object
	at com.github.javaparser.resolution.TypeSolver.solveType(TypeSolver.java:71)

17169      ERROR Test worker     d.u.i.k.n.b.TacletPBuilder Error in parsing taclet. de.uka.ilkd.key.util.parsing.BuildingException: Unsolved symbol in de.uka.ilkd.key.java.JavaParserFactory$DynamicTypeSolver@dc54576 : java.lang.Object at file:/home/runner/work/key/key/key.core/build/resources/main/de/uka/ilkd/key/proof/rules/javaRules.key:2640:15
	at de.uka.ilkd.key.nparser.builder.AbstractBuilder.accept(AbstractBuilder.java:54)
Caused by: com.github.javaparser.resolution.UnsolvedSymbolException: Unsolved symbol in de.uka.ilkd.key.java.JavaParserFactory$DynamicTypeSolver@dc54576 : java.lang.Object
	at com.github.javaparser.resolution.TypeSolver.solveType(TypeSolver.java:71)

17171      ERROR Test worker     d.u.i.k.n.b.AbstractBuilder  com.github.javaparser.resolution.UnsolvedSymbolException: Unsolved symbol in de.uka.ilkd.key.java.JavaParserFactory$DynamicTypeSolver@dc54576 : java.lang.Object
	at com.github.javaparser.resolution.TypeSolver.solveType(TypeSolver.java:71)

17172      ERROR Test worker     d.u.i.k.n.b.TacletPBuilder Error in parsing taclet. de.uka.ilkd.key.util.parsing.BuildingException: Unsolved symbol in de.uka.ilkd.key.java.JavaParserFactory$DynamicTypeSolver@dc54576 : java.lang.Object at file:/home/runner/work/key/key/key.core/build/resources/main/de/uka/ilkd/key/proof/rules/javaRules.key:2648:15
	at de.uka.ilkd.key.nparser.builder.AbstractBuilder.accept(AbstractBuilder.java:54)
Caused by: com.github.javaparser.resolution.UnsolvedSymbolException: Unsolved symbol in de.uka.ilkd.key.java.JavaParserFactory$DynamicTypeSolver@dc54576 : java.lang.Object
	at com.github.javaparser.resolution.TypeSolver.solveType(TypeSolver.java:71)

17174      ERROR Test worker     d.u.i.k.n.b.AbstractBuilder  com.github.javaparser.resolution.UnsolvedSymbolException: Unsolved symbol in de.uka.ilkd.key.java.JavaParserFactory$DynamicTypeSolver@dc54576 : java.lang.Object
	at com.github.javaparser.resolution.TypeSolver.solveType(TypeSolver.java:71)

17174      ERROR Test worker     d.u.i.k.n.b.TacletPBuilder Error in parsing taclet. de.uka.ilkd.key.util.parsing.BuildingException: Unsolved symbol in de.uka.ilkd.key.java.JavaParserFactory$DynamicTypeSolver@dc54576 : java.lang.Object at file:/home/runner/work/key/key/key.core/build/resources/main/de/uka/ilkd/key/proof/rules/javaRules.key:2663:15
	at de.uka.ilkd.key.nparser.builder.AbstractBuilder.accept(AbstractBuilder.java:54)
Caused by: com.github.javaparser.resolution.UnsolvedSymbolException: Unsolved symbol in de.uka.ilkd.key.java.JavaParserFactory$DynamicTypeSolver@dc54576 : java.lang.Object
	at com.github.javaparser.resolution.TypeSolver.solveType(TypeSolver.java:71)

17176      ERROR Test worker     d.u.i.k.n.b.AbstractBuilder  com.github.javaparser.resolution.UnsolvedSymbolException: Unsolved symbol in de.uka.ilkd.key.java.JavaParserFactory$DynamicTypeSolver@dc54576 : java.lang.Object
	at com.github.javaparser.resolution.TypeSolver.solveType(TypeSolver.java:71)

17176      ERROR Test worker     d.u.i.k.n.b.TacletPBuilder Error in parsing taclet. de.uka.ilkd.key.util.parsing.BuildingException: Unsolved symbol in de.uka.ilkd.key.java.JavaParserFactory$DynamicTypeSolver@dc54576 : java.lang.Object at file:/home/runner/work/key/key/key.core/build/resources/main/de/uka/ilkd/key/proof/rules/javaRules.key:2670:15
	at de.uka.ilkd.key.nparser.builder.AbstractBuilder.accept(AbstractBuilder.java:54)
Caused by: com.github.javaparser.resolution.UnsolvedSymbolException: Unsolved symbol in de.uka.ilkd.key.java.JavaParserFactory$DynamicTypeSolver@dc54576 : java.lang.Object
	at com.github.javaparser.resolution.TypeSolver.solveType(TypeSolver.java:71)

17178      ERROR Test worker     d.u.i.k.n.b.AbstractBuilder  com.github.javaparser.resolution.UnsolvedSymbolException: Unsolved symbol in de.uka.ilkd.key.java.JavaParserFactory$DynamicTypeSolver@dc54576 : java.lang.Object
	at com.github.javaparser.resolution.TypeSolver.solveType(TypeSolver.java:71)

17178      ERROR Test worker     d.u.i.k.n.b.TacletPBuilder Error in parsing taclet. de.uka.ilkd.key.util.parsing.BuildingException: Unsolved symbol in de.uka.ilkd.key.java.JavaParserFactory$DynamicTypeSolver@dc54576 : java.lang.Object at file:/home/runner/work/key/key/key.core/build/resources/main/de/uka/ilkd/key/proof/rules/javaRules.key:2678:15
	at de.uka.ilkd.key.nparser.builder.AbstractBuilder.accept(AbstractBuilder.java:54)
Caused by: com.github.javaparser.resolution.UnsolvedSymbolException: Unsolved symbol in de.uka.ilkd.key.java.JavaParserFactory$DynamicTypeSolver@dc54576 : java.lang.Object
	at com.github.javaparser.resolution.TypeSolver.solveType(TypeSolver.java:71)

17180      ERROR Test worker     d.u.i.k.n.b.AbstractBuilder  com.github.javaparser.resolution.UnsolvedSymbolException: Unsolved symbol in de.uka.ilkd.key.java.JavaParserFactory$DynamicTypeSolver@dc54576 : java.lang.Object
	at com.github.javaparser.resolution.TypeSolver.solveType(TypeSolver.java:71)

17180      ERROR Test worker     d.u.i.k.n.b.TacletPBuilder Error in parsing taclet. de.uka.ilkd.key.util.parsing.BuildingException: Unsolved symbol in de.uka.ilkd.key.java.JavaParserFactory$DynamicTypeSolver@dc54576 : java.lang.Object at file:/home/runner/work/key/key/key.core/build/resources/main/de/uka/ilkd/key/proof/rules/javaRules.key:2685:15
	at de.uka.ilkd.key.nparser.builder.AbstractBuilder.accept(AbstractBuilder.java:54)
Caused by: com.github.javaparser.resolution.UnsolvedSymbolException: Unsolved symbol in de.uka.ilkd.key.java.JavaParserFactory$DynamicTypeSolver@dc54576 : java.lang.Object
	at com.github.javaparser.resolution.TypeSolver.solveType(TypeSolver.java:71)

17183      ERROR Test worker     d.u.i.k.n.b.AbstractBuilder  com.github.javaparser.resolution.UnsolvedSymbolException: Unsolved symbol in de.uka.ilkd.key.java.JavaParserFactory$DynamicTypeSolver@dc54576 : java.lang.Object
	at com.github.javaparser.resolution.TypeSolver.solveType(TypeSolver.java:71)

17183      ERROR Test worker     d.u.i.k.n.b.TacletPBuilder Error in parsing taclet. de.uka.ilkd.key.util.parsing.BuildingException: Unsolved symbol in de.uka.ilkd.key.java.JavaParserFactory$DynamicTypeSolver@dc54576 : java.lang.Object at file:/home/runner/work/key/key/key.core/build/resources/main/de/uka/ilkd/key/proof/rules/javaRules.key:2693:15
	at de.uka.ilkd.key.nparser.builder.AbstractBuilder.accept(AbstractBuilder.java:54)
Caused by: com.github.javaparser.resolution.UnsolvedSymbolException: Unsolved symbol in de.uka.ilkd.key.java.JavaParserFactory$DynamicTypeSolver@dc54576 : java.lang.Object
	at com.github.javaparser.resolution.TypeSolver.solveType(TypeSolver.java:71)

17185      ERROR Test worker     d.u.i.k.n.b.AbstractBuilder  com.github.javaparser.resolution.UnsolvedSymbolException: Unsolved symbol in de.uka.ilkd.key.java.JavaParserFactory$DynamicTypeSolver@dc54576 : java.lang.Object
	at com.github.javaparser.resolution.TypeSolver.solveType(TypeSolver.java:71)

17185      ERROR Test worker     d.u.i.k.n.b.TacletPBuilder Error in parsing taclet. de.uka.ilkd.key.util.parsing.BuildingException: Unsolved symbol in de.uka.ilkd.key.java.JavaParserFactory$DynamicTypeSolver@dc54576 : java.lang.Object at file:/home/runner/work/key/key/key.core/build/resources/main/de/uka/ilkd/key/proof/rules/javaRules.key:2701:15
	at de.uka.ilkd.key.nparser.builder.AbstractBuilder.accept(AbstractBuilder.java:54)
Caused by: com.github.javaparser.resolution.UnsolvedSymbolException: Unsolved symbol in de.uka.ilkd.key.java.JavaParserFactory$DynamicTypeSolver@dc54576 : java.lang.Object
	at com.github.javaparser.resolution.TypeSolver.solveType(TypeSolver.java:71)

17187      ERROR Test worker     d.u.i.k.n.b.AbstractBuilder  com.github.javaparser.resolution.UnsolvedSymbolException: Unsolved symbol in de.uka.ilkd.key.java.JavaParserFactory$DynamicTypeSolver@dc54576 : java.lang.Object
	at com.github.javaparser.resolution.TypeSolver.solveType(TypeSolver.java:71)

17187      ERROR Test worker     d.u.i.k.n.b.TacletPBuilder Error in parsing taclet. de.uka.ilkd.key.util.parsing.BuildingException: Unsolved symbol in de.uka.ilkd.key.java.JavaParserFactory$DynamicTypeSolver@dc54576 : java.lang.Object at file:/home/runner/work/key/key/key.core/build/resources/main/de/uka/ilkd/key/proof/rules/javaRules.key:2710:15
	at de.uka.ilkd.key.nparser.builder.AbstractBuilder.accept(AbstractBuilder.java:54)
Caused by: com.github.javaparser.resolution.UnsolvedSymbolException: Unsolved symbol in de.uka.ilkd.key.java.JavaParserFactory$DynamicTypeSolver@dc54576 : java.lang.Object
	at com.github.javaparser.resolution.TypeSolver.solveType(TypeSolver.java:71)

17189      ERROR Test worker     d.u.i.k.n.b.AbstractBuilder  com.github.javaparser.resolution.UnsolvedSymbolException: Unsolved symbol in de.uka.ilkd.key.java.JavaParserFactory$DynamicTypeSolver@dc54576 : java.lang.Object
	at com.github.javaparser.resolution.TypeSolver.solveType(TypeSolver.java:71)

17189      ERROR Test worker     d.u.i.k.n.b.TacletPBuilder Error in parsing taclet. de.uka.ilkd.key.util.parsing.BuildingException: Unsolved symbol in de.uka.ilkd.key.java.JavaParserFactory$DynamicTypeSolver@dc54576 : java.lang.Object at file:/home/runner/work/key/key/key.core/build/resources/main/de/uka/ilkd/key/proof/rules/javaRules.key:2718:15
	at de.uka.ilkd.key.nparser.builder.AbstractBuilder.accept(AbstractBuilder.java:54)
Caused by: com.github.javaparser.resolution.UnsolvedSymbolException: Unsolved symbol in de.uka.ilkd.key.java.JavaParserFactory$DynamicTypeSolver@dc54576 : java.lang.Object
	at com.github.javaparser.resolution.TypeSolver.solveType(TypeSolver.java:71)

17191      ERROR Test worker     d.u.i.k.n.b.AbstractBuilder  com.github.javaparser.resolution.UnsolvedSymbolException: Unsolved symbol in de.uka.ilkd.key.java.JavaParserFactory$DynamicTypeSolver@dc54576 : java.lang.Object
	at com.github.javaparser.resolution.TypeSolver.solveType(TypeSolver.java:71)

17191      ERROR Test worker     d.u.i.k.n.b.TacletPBuilder Error in parsing taclet. de.uka.ilkd.key.util.parsing.BuildingException: Unsolved symbol in de.uka.ilkd.key.java.JavaParserFactory$DynamicTypeSolver@dc54576 : java.lang.Object at file:/home/runner/work/key/key/key.core/build/resources/main/de/uka/ilkd/key/proof/rules/javaRules.key:2725:15
	at de.uka.ilkd.key.nparser.builder.AbstractBuilder.accept(AbstractBuilder.java:54)
Caused by: com.github.javaparser.resolution.UnsolvedSymbolException: Unsolved symbol in de.uka.ilkd.key.java.JavaParserFactory$DynamicTypeSolver@dc54576 : java.lang.Object
	at com.github.javaparser.resolution.TypeSolver.solveType(TypeSolver.java:71)

17193      ERROR Test worker     d.u.i.k.n.b.AbstractBuilder  com.github.javaparser.resolution.UnsolvedSymbolException: Unsolved symbol in de.uka.ilkd.key.java.JavaParserFactory$DynamicTypeSolver@dc54576 : java.lang.Object
	at com.github.javaparser.resolution.TypeSolver.solveType(TypeSolver.java:71)

17194      ERROR Test worker     d.u.i.k.n.b.TacletPBuilder Error in parsing taclet. de.uka.ilkd.key.util.parsing.BuildingException: Unsolved symbol in de.uka.ilkd.key.java.JavaParserFactory$DynamicTypeSolver@dc54576 : java.lang.Object at file:/home/runner/work/key/key/key.core/build/resources/main/de/uka/ilkd/key/proof/rules/javaRules.key:2733:15
	at de.uka.ilkd.key.nparser.builder.AbstractBuilder.accept(AbstractBuilder.java:54)
Caused by: com.github.javaparser.resolution.UnsolvedSymbolException: Unsolved symbol in de.uka.ilkd.key.java.JavaParserFactory$DynamicTypeSolver@dc54576 : java.lang.Object
	at com.github.javaparser.resolution.TypeSolver.solveType(TypeSolver.java:71)

17196      ERROR Test worker     d.u.i.k.n.b.AbstractBuilder  com.github.javaparser.resolution.UnsolvedSymbolException: Unsolved symbol in de.uka.ilkd.key.java.JavaParserFactory$DynamicTypeSolver@dc54576 : java.lang.Object
	at com.github.javaparser.resolution.TypeSolver.solveType(TypeSolver.java:71)

17196      ERROR Test worker     d.u.i.k.n.b.TacletPBuilder Error in parsing taclet. de.uka.ilkd.key.util.parsing.BuildingException: Unsolved symbol in de.uka.ilkd.key.java.JavaParserFactory$DynamicTypeSolver@dc54576 : java.lang.Object at file:/home/runner/work/key/key/key.core/build/resources/main/de/uka/ilkd/key/proof/rules/javaRules.key:2741:15
	at de.uka.ilkd.key.nparser.builder.AbstractBuilder.accept(AbstractBuilder.java:54)
Caused by: com.github.javaparser.resolution.UnsolvedSymbolException: Unsolved symbol in de.uka.ilkd.key.java.JavaParserFactory$DynamicTypeSolver@dc54576 : java.lang.Object
	at com.github.javaparser.resolution.TypeSolver.solveType(TypeSolver.java:71)

17198      ERROR Test worker     d.u.i.k.n.b.AbstractBuilder  com.github.javaparser.resolution.UnsolvedSymbolException: Unsolved symbol in de.uka.ilkd.key.java.JavaParserFactory$DynamicTypeSolver@dc54576 : java.lang.Object
	at com.github.javaparser.resolution.TypeSolver.solveType(TypeSolver.java:71)

17198      ERROR Test worker     d.u.i.k.n.b.TacletPBuilder Error in parsing taclet. de.uka.ilkd.key.util.parsing.BuildingException: Unsolved symbol in de.uka.ilkd.key.java.JavaParserFactory$DynamicTypeSolver@dc54576 : java.lang.Object at file:/home/runner/work/key/key/key.core/build/resources/main/de/uka/ilkd/key/proof/rules/javaRules.key:2750:15
	at de.uka.ilkd.key.nparser.builder.AbstractBuilder.accept(AbstractBuilder.java:54)
Caused by: com.github.javaparser.resolution.UnsolvedSymbolException: Unsolved symbol in de.uka.ilkd.key.java.JavaParserFactory$DynamicTypeSolver@dc54576 : java.lang.Object
	at com.github.javaparser.resolution.TypeSolver.solveType(TypeSolver.java:71)

17200      ERROR Test worker     d.u.i.k.n.b.AbstractBuilder  com.github.javaparser.resolution.UnsolvedSymbolException: Unsolved symbol in de.uka.ilkd.key.java.JavaParserFactory$DynamicTypeSolver@dc54576 : java.lang.Object
	at com.github.javaparser.resolution.TypeSolver.solveType(TypeSolver.java:71)

17200      ERROR Test worker     d.u.i.k.n.b.TacletPBuilder Error in parsing taclet. de.uka.ilkd.key.util.parsing.BuildingException: Unsolved symbol in de.uka.ilkd.key.java.JavaParserFactory$DynamicTypeSolver@dc54576 : java.lang.Object at file:/home/runner/work/key/key/key.core/build/resources/main/de/uka/ilkd/key/proof/rules/javaRules.key:2758:15
	at de.uka.ilkd.key.nparser.builder.AbstractBuilder.accept(AbstractBuilder.java:54)
Caused by: com.github.javaparser.resolution.UnsolvedSymbolException: Unsolved symbol in de.uka.ilkd.key.java.JavaParserFactory$DynamicTypeSolver@dc54576 : java.lang.Object
	at com.github.javaparser.resolution.TypeSolver.solveType(TypeSolver.java:71)

17202      ERROR Test worker     d.u.i.k.n.b.AbstractBuilder  com.github.javaparser.resolution.UnsolvedSymbolException: Unsolved symbol in de.uka.ilkd.key.java.JavaParserFactory$DynamicTypeSolver@dc54576 : java.lang.Object
	at com.github.javaparser.resolution.TypeSolver.solveType(TypeSolver.java:71)

17202      ERROR Test worker     d.u.i.k.n.b.TacletPBuilder Error in parsing taclet. de.uka.ilkd.key.util.parsing.BuildingException: Unsolved symbol in de.uka.ilkd.key.java.JavaParserFactory$DynamicTypeSolver@dc54576 : java.lang.Object at file:/home/runner/work/key/key/key.core/build/resources/main/de/uka/ilkd/key/proof/rules/javaRules.key:2767:15
	at de.uka.ilkd.key.nparser.builder.AbstractBuilder.accept(AbstractBuilder.java:54)
Caused by: com.github.javaparser.resolution.UnsolvedSymbolException: Unsolved symbol in de.uka.ilkd.key.java.JavaParserFactory$DynamicTypeSolver@dc54576 : java.lang.Object
	at com.github.javaparser.resolution.TypeSolver.solveType(TypeSolver.java:71)

17204      ERROR Test worker     d.u.i.k.n.b.AbstractBuilder  com.github.javaparser.resolution.UnsolvedSymbolException: Unsolved symbol in de.uka.ilkd.key.java.JavaParserFactory$DynamicTypeSolver@dc54576 : java.lang.Object
	at com.github.javaparser.resolution.TypeSolver.solveType(TypeSolver.java:71)

17204      ERROR Test worker     d.u.i.k.n.b.TacletPBuilder Error in parsing taclet. de.uka.ilkd.key.util.parsing.BuildingException: Unsolved symbol in de.uka.ilkd.key.java.JavaParserFactory$DynamicTypeSolver@dc54576 : java.lang.Object at file:/home/runner/work/key/key/key.core/build/resources/main/de/uka/ilkd/key/proof/rules/javaRules.key:2779:15
	at de.uka.ilkd.key.nparser.builder.AbstractBuilder.accept(AbstractBuilder.java:54)
Caused by: com.github.javaparser.resolution.UnsolvedSymbolException: Unsolved symbol in de.uka.ilkd.key.java.JavaParserFactory$DynamicTypeSolver@dc54576 : java.lang.Object
	at com.github.javaparser.resolution.TypeSolver.solveType(TypeSolver.java:71)

17206      ERROR Test worker     d.u.i.k.n.b.AbstractBuilder  com.github.javaparser.resolution.UnsolvedSymbolException: Unsolved symbol in de.uka.ilkd.key.java.JavaParserFactory$DynamicTypeSolver@dc54576 : java.lang.Object
	at com.github.javaparser.resolution.TypeSolver.solveType(TypeSolver.java:71)

17206      ERROR Test worker     d.u.i.k.n.b.TacletPBuilder Error in parsing taclet. de.uka.ilkd.key.util.parsing.BuildingException: Unsolved symbol in de.uka.ilkd.key.java.JavaParserFactory$DynamicTypeSolver@dc54576 : java.lang.Object at file:/home/runner/work/key/key/key.core/build/resources/main/de/uka/ilkd/key/proof/rules/javaRules.key:2789:15
	at de.uka.ilkd.key.nparser.builder.AbstractBuilder.accept(AbstractBuilder.java:54)
Caused by: com.github.javaparser.resolution.UnsolvedSymbolException: Unsolved symbol in de.uka.ilkd.key.java.JavaParserFactory$DynamicTypeSolver@dc54576 : java.lang.Object
	at com.github.javaparser.resolution.TypeSolver.solveType(TypeSolver.java:71)

17208      ERROR Test worker     d.u.i.k.n.b.AbstractBuilder  com.github.javaparser.resolution.UnsolvedSymbolException: Unsolved symbol in de.uka.ilkd.key.java.JavaParserFactory$DynamicTypeSolver@dc54576 : java.lang.Object
	at com.github.javaparser.resolution.TypeSolver.solveType(TypeSolver.java:71)

17209      ERROR Test worker     d.u.i.k.n.b.TacletPBuilder Error in parsing taclet. de.uka.ilkd.key.util.parsing.BuildingException: Unsolved symbol in de.uka.ilkd.key.java.JavaParserFactory$DynamicTypeSolver@dc54576 : java.lang.Object at file:/home/runner/work/key/key/key.core/build/resources/main/de/uka/ilkd/key/proof/rules/javaRules.key:2802:15
	at de.uka.ilkd.key.nparser.builder.AbstractBuilder.accept(AbstractBuilder.java:54)
Caused by: com.github.javaparser.resolution.UnsolvedSymbolException: Unsolved symbol in de.uka.ilkd.key.java.JavaParserFactory$DynamicTypeSolver@dc54576 : java.lang.Object
	at com.github.javaparser.resolution.TypeSolver.solveType(TypeSolver.java:71)

17211      ERROR Test worker     d.u.i.k.n.b.AbstractBuilder  com.github.javaparser.resolution.UnsolvedSymbolException: Unsolved symbol in de.uka.ilkd.key.java.JavaParserFactory$DynamicTypeSolver@dc54576 : java.lang.Object
	at com.github.javaparser.resolution.TypeSolver.solveType(TypeSolver.java:71)

17211      ERROR Test worker     d.u.i.k.n.b.TacletPBuilder Error in parsing taclet. de.uka.ilkd.key.util.parsing.BuildingException: Unsolved symbol in de.uka.ilkd.key.java.JavaParserFactory$DynamicTypeSolver@dc54576 : java.lang.Object at file:/home/runner/work/key/key/key.core/build/resources/main/de/uka/ilkd/key/proof/rules/javaRules.key:2816:15
	at de.uka.ilkd.key.nparser.builder.AbstractBuilder.accept(AbstractBuilder.java:54)
Caused by: com.github.javaparser.resolution.UnsolvedSymbolException: Unsolved symbol in de.uka.ilkd.key.java.JavaParserFactory$DynamicTypeSolver@dc54576 : java.lang.Object
	at com.github.javaparser.resolution.TypeSolver.solveType(TypeSolver.java:71)

17213      ERROR Test worker     d.u.i.k.n.b.AbstractBuilder  com.github.javaparser.resolution.UnsolvedSymbolException: Unsolved symbol in de.uka.ilkd.key.java.JavaParserFactory$DynamicTypeSolver@dc54576 : java.lang.Object
	at com.github.javaparser.resolution.TypeSolver.solveType(TypeSolver.java:71)

17213      ERROR Test worker     d.u.i.k.n.b.TacletPBuilder Error in parsing taclet. de.uka.ilkd.key.util.parsing.BuildingException: Unsolved symbol in de.uka.ilkd.key.java.JavaParserFactory$DynamicTypeSolver@dc54576 : java.lang.Object at file:/home/runner/work/key/key/key.core/build/resources/main/de/uka/ilkd/key/proof/rules/javaRules.key:2828:15
	at de.uka.ilkd.key.nparser.builder.AbstractBuilder.accept(AbstractBuilder.java:54)
Caused by: com.github.javaparser.resolution.UnsolvedSymbolException: Unsolved symbol in de.uka.ilkd.key.java.JavaParserFactory$DynamicTypeSolver@dc54576 : java.lang.Object
	at com.github.javaparser.resolution.TypeSolver.solveType(TypeSolver.java:71)

17215      ERROR Test worker     d.u.i.k.n.b.AbstractBuilder  com.github.javaparser.resolution.UnsolvedSymbolException: Unsolved symbol in de.uka.ilkd.key.java.JavaParserFactory$DynamicTypeSolver@dc54576 : java.lang.Object
	at com.github.javaparser.resolution.TypeSolver.solveType(TypeSolver.java:71)

17215      ERROR Test worker     d.u.i.k.n.b.TacletPBuilder Error in parsing taclet. de.uka.ilkd.key.util.parsing.BuildingException: Unsolved symbol in de.uka.ilkd.key.java.JavaParserFactory$DynamicTypeSolver@dc54576 : java.lang.Object at file:/home/runner/work/key/key/key.core/build/resources/main/de/uka/ilkd/key/proof/rules/javaRules.key:2838:15
	at de.uka.ilkd.key.nparser.builder.AbstractBuilder.accept(AbstractBuilder.java:54)
Caused by: com.github.javaparser.resolution.UnsolvedSymbolException: Unsolved symbol in de.uka.ilkd.key.java.JavaParserFactory$DynamicTypeSolver@dc54576 : java.lang.Object
	at com.github.javaparser.resolution.TypeSolver.solveType(TypeSolver.java:71)

17217      ERROR Test worker     d.u.i.k.n.b.AbstractBuilder  com.github.javaparser.resolution.UnsolvedSymbolException: Unsolved symbol in de.uka.ilkd.key.java.JavaParserFactory$DynamicTypeSolver@dc54576 : java.lang.Object
	at com.github.javaparser.resolution.TypeSolver.solveType(TypeSolver.java:71)

17217      ERROR Test worker     d.u.i.k.n.b.TacletPBuilder Error in parsing taclet. de.uka.ilkd.key.util.parsing.BuildingException: Unsolved symbol in de.uka.ilkd.key.java.JavaParserFactory$DynamicTypeSolver@dc54576 : java.lang.Object at file:/home/runner/work/key/key/key.core/build/resources/main/de/uka/ilkd/key/proof/rules/javaRules.key:2849:15
	at de.uka.ilkd.key.nparser.builder.AbstractBuilder.accept(AbstractBuilder.java:54)
Caused by: com.github.javaparser.resolution.UnsolvedSymbolException: Unsolved symbol in de.uka.ilkd.key.java.JavaParserFactory$DynamicTypeSolver@dc54576 : java.lang.Object
	at com.github.javaparser.resolution.TypeSolver.solveType(TypeSolver.java:71)

17221      ERROR Test worker     d.u.i.k.n.b.AbstractBuilder  com.github.javaparser.resolution.UnsolvedSymbolException: Unsolved symbol in de.uka.ilkd.key.java.JavaParserFactory$DynamicTypeSolver@dc54576 : java.lang.Object
	at com.github.javaparser.resolution.TypeSolver.solveType(TypeSolver.java:71)

17221      ERROR Test worker     d.u.i.k.n.b.TacletPBuilder Error in parsing taclet. de.uka.ilkd.key.util.parsing.BuildingException: Unsolved symbol in de.uka.ilkd.key.java.JavaParserFactory$DynamicTypeSolver@dc54576 : java.lang.Object at file:/home/runner/work/key/key/key.core/build/resources/main/de/uka/ilkd/key/proof/rules/javaRules.key:2860:15
	at de.uka.ilkd.key.nparser.builder.AbstractBuilder.accept(AbstractBuilder.java:54)
Caused by: com.github.javaparser.resolution.UnsolvedSymbolException: Unsolved symbol in de.uka.ilkd.key.java.JavaParserFactory$DynamicTypeSolver@dc54576 : java.lang.Object
	at com.github.javaparser.resolution.TypeSolver.solveType(TypeSolver.java:71)

17223      ERROR Test worker     d.u.i.k.n.b.AbstractBuilder  com.github.javaparser.resolution.UnsolvedSymbolException: Unsolved symbol in de.uka.ilkd.key.java.JavaParserFactory$DynamicTypeSolver@dc54576 : java.lang.Object
	at com.github.javaparser.resolution.TypeSolver.solveType(TypeSolver.java:71)

17223      ERROR Test worker     d.u.i.k.n.b.TacletPBuilder Error in parsing taclet. de.uka.ilkd.key.util.parsing.BuildingException: Unsolved symbol in de.uka.ilkd.key.java.JavaParserFactory$DynamicTypeSolver@dc54576 : java.lang.Object at file:/home/runner/work/key/key/key.core/build/resources/main/de/uka/ilkd/key/proof/rules/javaRules.key:2868:15
	at de.uka.ilkd.key.nparser.builder.AbstractBuilder.accept(AbstractBuilder.java:54)
Caused by: com.github.javaparser.resolution.UnsolvedSymbolException: Unsolved symbol in de.uka.ilkd.key.java.JavaParserFactory$DynamicTypeSolver@dc54576 : java.lang.Object
	at com.github.javaparser.resolution.TypeSolver.solveType(TypeSolver.java:71)

17238      ERROR Test worker     d.u.i.k.n.b.AbstractBuilder  com.github.javaparser.resolution.UnsolvedSymbolException: Unsolved symbol in de.uka.ilkd.key.java.JavaParserFactory$DynamicTypeSolver@dc54576 : java.lang.Object
	at com.github.javaparser.resolution.TypeSolver.solveType(TypeSolver.java:71)

17238      ERROR Test worker     d.u.i.k.n.b.TacletPBuilder Error in parsing taclet. de.uka.ilkd.key.util.parsing.BuildingException: Unsolved symbol in de.uka.ilkd.key.java.JavaParserFactory$DynamicTypeSolver@dc54576 : java.lang.Object at file:/home/runner/work/key/key/key.core/build/resources/main/de/uka/ilkd/key/proof/rules/javaRules.key:2876:15
	at de.uka.ilkd.key.nparser.builder.AbstractBuilder.accept(AbstractBuilder.java:54)
Caused by: com.github.javaparser.resolution.UnsolvedSymbolException: Unsolved symbol in de.uka.ilkd.key.java.JavaParserFactory$DynamicTypeSolver@dc54576 : java.lang.Object
	at com.github.javaparser.resolution.TypeSolver.solveType(TypeSolver.java:71)

17240      ERROR Test worker     d.u.i.k.n.b.AbstractBuilder  com.github.javaparser.resolution.UnsolvedSymbolException: Unsolved symbol in de.uka.ilkd.key.java.JavaParserFactory$DynamicTypeSolver@dc54576 : java.lang.Object
	at com.github.javaparser.resolution.TypeSolver.solveType(TypeSolver.java:71)

17240      ERROR Test worker     d.u.i.k.n.b.TacletPBuilder Error in parsing taclet. de.uka.ilkd.key.util.parsing.BuildingException: Unsolved symbol in de.uka.ilkd.key.java.JavaParserFactory$DynamicTypeSolver@dc54576 : java.lang.Object at file:/home/runner/work/key/key/key.core/build/resources/main/de/uka/ilkd/key/proof/rules/javaRules.key:2888:15
	at de.uka.ilkd.key.nparser.builder.AbstractBuilder.accept(AbstractBuilder.java:54)
Caused by: com.github.javaparser.resolution.UnsolvedSymbolException: Unsolved symbol in de.uka.ilkd.key.java.JavaParserFactory$DynamicTypeSolver@dc54576 : java.lang.Object
	at com.github.javaparser.resolution.TypeSolver.solveType(TypeSolver.java:71)

17242      ERROR Test worker     d.u.i.k.n.b.AbstractBuilder  com.github.javaparser.resolution.UnsolvedSymbolException: Unsolved symbol in de.uka.ilkd.key.java.JavaParserFactory$DynamicTypeSolver@dc54576 : java.lang.Object
	at com.github.javaparser.resolution.TypeSolver.solveType(TypeSolver.java:71)

17242      ERROR Test worker     d.u.i.k.n.b.TacletPBuilder Error in parsing taclet. de.uka.ilkd.key.util.parsing.BuildingException: Unsolved symbol in de.uka.ilkd.key.java.JavaParserFactory$DynamicTypeSolver@dc54576 : java.lang.Object at file:/home/runner/work/key/key/key.core/build/resources/main/de/uka/ilkd/key/proof/rules/javaRules.key:2904:15
	at de.uka.ilkd.key.nparser.builder.AbstractBuilder.accept(AbstractBuilder.java:54)
Caused by: com.github.javaparser.resolution.UnsolvedSymbolException: Unsolved symbol in de.uka.ilkd.key.java.JavaParserFactory$DynamicTypeSolver@dc54576 : java.lang.Object
	at com.github.javaparser.resolution.TypeSolver.solveType(TypeSolver.java:71)

17244      ERROR Test worker     d.u.i.k.n.b.AbstractBuilder  com.github.javaparser.resolution.UnsolvedSymbolException: Unsolved symbol in de.uka.ilkd.key.java.JavaParserFactory$DynamicTypeSolver@dc54576 : java.lang.Object
	at com.github.javaparser.resolution.TypeSolver.solveType(TypeSolver.java:71)

17244      ERROR Test worker     d.u.i.k.n.b.TacletPBuilder Error in parsing taclet. de.uka.ilkd.key.util.parsing.BuildingException: Unsolved symbol in de.uka.ilkd.key.java.JavaParserFactory$DynamicTypeSolver@dc54576 : java.lang.Object at file:/home/runner/work/key/key/key.core/build/resources/main/de/uka/ilkd/key/proof/rules/javaRules.key:2932:15
	at de.uka.ilkd.key.nparser.builder.AbstractBuilder.accept(AbstractBuilder.java:54)
Caused by: com.github.javaparser.resolution.UnsolvedSymbolException: Unsolved symbol in de.uka.ilkd.key.java.JavaParserFactory$DynamicTypeSolver@dc54576 : java.lang.Object
	at com.github.javaparser.resolution.TypeSolver.solveType(TypeSolver.java:71)

17246      ERROR Test worker     d.u.i.k.n.b.AbstractBuilder  com.github.javaparser.resolution.UnsolvedSymbolException: Unsolved symbol in de.uka.ilkd.key.java.JavaParserFactory$DynamicTypeSolver@dc54576 : java.lang.Object
	at com.github.javaparser.resolution.TypeSolver.solveType(TypeSolver.java:71)

17246      ERROR Test worker     d.u.i.k.n.b.TacletPBuilder Error in parsing taclet. de.uka.ilkd.key.util.parsing.BuildingException: Unsolved symbol in de.uka.ilkd.key.java.JavaParserFactory$DynamicTypeSolver@dc54576 : java.lang.Object at file:/home/runner/work/key/key/key.core/build/resources/main/de/uka/ilkd/key/proof/rules/javaRules.key:2963:20
	at de.uka.ilkd.key.nparser.builder.AbstractBuilder.accept(AbstractBuilder.java:54)
Caused by: com.github.javaparser.resolution.UnsolvedSymbolException: Unsolved symbol in de.uka.ilkd.key.java.JavaParserFactory$DynamicTypeSolver@dc54576 : java.lang.Object
	at com.github.javaparser.resolution.TypeSolver.solveType(TypeSolver.java:71)

17248      ERROR Test worker     d.u.i.k.n.b.AbstractBuilder  com.github.javaparser.resolution.UnsolvedSymbolException: Unsolved symbol in de.uka.ilkd.key.java.JavaParserFactory$DynamicTypeSolver@dc54576 : java.lang.Object
	at com.github.javaparser.resolution.TypeSolver.solveType(TypeSolver.java:71)

17248      ERROR Test worker     d.u.i.k.n.b.TacletPBuilder Error in parsing taclet. de.uka.ilkd.key.util.parsing.BuildingException: Unsolved symbol in de.uka.ilkd.key.java.JavaParserFactory$DynamicTypeSolver@dc54576 : java.lang.Object at file:/home/runner/work/key/key/key.core/build/resources/main/de/uka/ilkd/key/proof/rules/javaRules.key:2989:15
	at de.uka.ilkd.key.nparser.builder.AbstractBuilder.accept(AbstractBuilder.java:54)
Caused by: com.github.javaparser.resolution.UnsolvedSymbolException: Unsolved symbol in de.uka.ilkd.key.java.JavaParserFactory$DynamicTypeSolver@dc54576 : java.lang.Object
	at com.github.javaparser.resolution.TypeSolver.solveType(TypeSolver.java:71)

17259      ERROR Test worker     d.u.i.k.n.b.AbstractBuilder  com.github.javaparser.resolution.UnsolvedSymbolException: Unsolved symbol in de.uka.ilkd.key.java.JavaParserFactory$DynamicTypeSolver@dc54576 : java.lang.Object
	at com.github.javaparser.resolution.TypeSolver.solveType(TypeSolver.java:71)

17260      ERROR Test worker     d.u.i.k.n.b.TacletPBuilder Error in parsing taclet. de.uka.ilkd.key.util.parsing.BuildingException: Unsolved symbol in de.uka.ilkd.key.java.JavaParserFactory$DynamicTypeSolver@dc54576 : java.lang.Object at file:/home/runner/work/key/key/key.core/build/resources/main/de/uka/ilkd/key/proof/rules/javaRules.key:2999:20
	at de.uka.ilkd.key.nparser.builder.AbstractBuilder.accept(AbstractBuilder.java:54)
Caused by: com.github.javaparser.resolution.UnsolvedSymbolException: Unsolved symbol in de.uka.ilkd.key.java.JavaParserFactory$DynamicTypeSolver@dc54576 : java.lang.Object
	at com.github.javaparser.resolution.TypeSolver.solveType(TypeSolver.java:71)

17263      ERROR Test worker     d.u.i.k.n.b.AbstractBuilder  com.github.javaparser.resolution.UnsolvedSymbolException: Unsolved symbol in de.uka.ilkd.key.java.JavaParserFactory$DynamicTypeSolver@dc54576 : java.lang.Object
	at com.github.javaparser.resolution.TypeSolver.solveType(TypeSolver.java:71)

17263      ERROR Test worker     d.u.i.k.n.b.TacletPBuilder Error in parsing taclet. de.uka.ilkd.key.util.parsing.BuildingException: Unsolved symbol in de.uka.ilkd.key.java.JavaParserFactory$DynamicTypeSolver@dc54576 : java.lang.Object at file:/home/runner/work/key/key/key.core/build/resources/main/de/uka/ilkd/key/proof/rules/javaRules.key:3030:15
	at de.uka.ilkd.key.nparser.builder.AbstractBuilder.accept(AbstractBuilder.java:54)
Caused by: com.github.javaparser.resolution.UnsolvedSymbolException: Unsolved symbol in de.uka.ilkd.key.java.JavaParserFactory$DynamicTypeSolver@dc54576 : java.lang.Object
	at com.github.javaparser.resolution.TypeSolver.solveType(TypeSolver.java:71)

17265      ERROR Test worker     d.u.i.k.n.b.AbstractBuilder  com.github.javaparser.resolution.UnsolvedSymbolException: Unsolved symbol in de.uka.ilkd.key.java.JavaParserFactory$DynamicTypeSolver@dc54576 : java.lang.Object
	at com.github.javaparser.resolution.TypeSolver.solveType(TypeSolver.java:71)

17265      ERROR Test worker     d.u.i.k.n.b.TacletPBuilder Error in parsing taclet. de.uka.ilkd.key.util.parsing.BuildingException: Unsolved symbol in de.uka.ilkd.key.java.JavaParserFactory$DynamicTypeSolver@dc54576 : java.lang.Object at file:/home/runner/work/key/key/key.core/build/resources/main/de/uka/ilkd/key/proof/rules/javaRules.key:3049:15
	at de.uka.ilkd.key.nparser.builder.AbstractBuilder.accept(AbstractBuilder.java:54)
Caused by: com.github.javaparser.resolution.UnsolvedSymbolException: Unsolved symbol in de.uka.ilkd.key.java.JavaParserFactory$DynamicTypeSolver@dc54576 : java.lang.Object
	at com.github.javaparser.resolution.TypeSolver.solveType(TypeSolver.java:71)

17267      ERROR Test worker     d.u.i.k.n.b.AbstractBuilder  com.github.javaparser.resolution.UnsolvedSymbolException: Unsolved symbol in de.uka.ilkd.key.java.JavaParserFactory$DynamicTypeSolver@dc54576 : java.lang.Object
	at com.github.javaparser.resolution.TypeSolver.solveType(TypeSolver.java:71)

17267      ERROR Test worker     d.u.i.k.n.b.TacletPBuilder Error in parsing taclet. de.uka.ilkd.key.util.parsing.BuildingException: Unsolved symbol in de.uka.ilkd.key.java.JavaParserFactory$DynamicTypeSolver@dc54576 : java.lang.Object at file:/home/runner/work/key/key/key.core/build/resources/main/de/uka/ilkd/key/proof/rules/javaRules.key:3075:15
	at de.uka.ilkd.key.nparser.builder.AbstractBuilder.accept(AbstractBuilder.java:54)
Caused by: com.github.javaparser.resolution.UnsolvedSymbolException: Unsolved symbol in de.uka.ilkd.key.java.JavaParserFactory$DynamicTypeSolver@dc54576 : java.lang.Object
	at com.github.javaparser.resolution.TypeSolver.solveType(TypeSolver.java:71)

17269      ERROR Test worker     d.u.i.k.n.b.AbstractBuilder  com.github.javaparser.resolution.UnsolvedSymbolException: Unsolved symbol in de.uka.ilkd.key.java.JavaParserFactory$DynamicTypeSolver@dc54576 : java.lang.Object
	at com.github.javaparser.resolution.TypeSolver.solveType(TypeSolver.java:71)

17270      ERROR Test worker     d.u.i.k.n.b.TacletPBuilder Error in parsing taclet. de.uka.ilkd.key.util.parsing.BuildingException: Unsolved symbol in de.uka.ilkd.key.java.JavaParserFactory$DynamicTypeSolver@dc54576 : java.lang.Object at file:/home/runner/work/key/key/key.core/build/resources/main/de/uka/ilkd/key/proof/rules/javaRules.key:3105:20
	at de.uka.ilkd.key.nparser.builder.AbstractBuilder.accept(AbstractBuilder.java:54)
Caused by: com.github.javaparser.resolution.UnsolvedSymbolException: Unsolved symbol in de.uka.ilkd.key.java.JavaParserFactory$DynamicTypeSolver@dc54576 : java.lang.Object
	at com.github.javaparser.resolution.TypeSolver.solveType(TypeSolver.java:71)

17272      ERROR Test worker     d.u.i.k.n.b.AbstractBuilder  com.github.javaparser.resolution.UnsolvedSymbolException: Unsolved symbol in de.uka.ilkd.key.java.JavaParserFactory$DynamicTypeSolver@dc54576 : java.lang.Object
	at com.github.javaparser.resolution.TypeSolver.solveType(TypeSolver.java:71)

17272      ERROR Test worker     d.u.i.k.n.b.TacletPBuilder Error in parsing taclet. de.uka.ilkd.key.util.parsing.BuildingException: Unsolved symbol in de.uka.ilkd.key.java.JavaParserFactory$DynamicTypeSolver@dc54576 : java.lang.Object at file:/home/runner/work/key/key/key.core/build/resources/main/de/uka/ilkd/key/proof/rules/javaRules.key:3128:15
	at de.uka.ilkd.key.nparser.builder.AbstractBuilder.accept(AbstractBuilder.java:54)
Caused by: com.github.javaparser.resolution.UnsolvedSymbolException: Unsolved symbol in de.uka.ilkd.key.java.JavaParserFactory$DynamicTypeSolver@dc54576 : java.lang.Object
	at com.github.javaparser.resolution.TypeSolver.solveType(TypeSolver.java:71)

17274      ERROR Test worker     d.u.i.k.n.b.AbstractBuilder  com.github.javaparser.resolution.UnsolvedSymbolException: Unsolved symbol in de.uka.ilkd.key.java.JavaParserFactory$DynamicTypeSolver@dc54576 : java.lang.Object
	at com.github.javaparser.resolution.TypeSolver.solveType(TypeSolver.java:71)

17274      ERROR Test worker     d.u.i.k.n.b.TacletPBuilder Error in parsing taclet. de.uka.ilkd.key.util.parsing.BuildingException: Unsolved symbol in de.uka.ilkd.key.java.JavaParserFactory$DynamicTypeSolver@dc54576 : java.lang.Object at file:/home/runner/work/key/key/key.core/build/resources/main/de/uka/ilkd/key/proof/rules/javaRules.key:3138:20
	at de.uka.ilkd.key.nparser.builder.AbstractBuilder.accept(AbstractBuilder.java:54)
Caused by: com.github.javaparser.resolution.UnsolvedSymbolException: Unsolved symbol in de.uka.ilkd.key.java.JavaParserFactory$DynamicTypeSolver@dc54576 : java.lang.Object
	at com.github.javaparser.resolution.TypeSolver.solveType(TypeSolver.java:71)

17276      ERROR Test worker     d.u.i.k.n.b.AbstractBuilder  com.github.javaparser.resolution.UnsolvedSymbolException: Unsolved symbol in de.uka.ilkd.key.java.JavaParserFactory$DynamicTypeSolver@dc54576 : java.lang.Object
	at com.github.javaparser.resolution.TypeSolver.solveType(TypeSolver.java:71)

17276      ERROR Test worker     d.u.i.k.n.b.TacletPBuilder Error in parsing taclet. de.uka.ilkd.key.util.parsing.BuildingException: Unsolved symbol in de.uka.ilkd.key.java.JavaParserFactory$DynamicTypeSolver@dc54576 : java.lang.Object at file:/home/runner/work/key/key/key.core/build/resources/main/de/uka/ilkd/key/proof/rules/javaRules.key:3167:15
	at de.uka.ilkd.key.nparser.builder.AbstractBuilder.accept(AbstractBuilder.java:54)
Caused by: com.github.javaparser.resolution.UnsolvedSymbolException: Unsolved symbol in de.uka.ilkd.key.java.JavaParserFactory$DynamicTypeSolver@dc54576 : java.lang.Object
	at com.github.javaparser.resolution.TypeSolver.solveType(TypeSolver.java:71)

17278      ERROR Test worker     d.u.i.k.n.b.AbstractBuilder  com.github.javaparser.resolution.UnsolvedSymbolException: Unsolved symbol in de.uka.ilkd.key.java.JavaParserFactory$DynamicTypeSolver@dc54576 : java.lang.Object
	at com.github.javaparser.resolution.TypeSolver.solveType(TypeSolver.java:71)

17278      ERROR Test worker     d.u.i.k.n.b.TacletPBuilder Error in parsing taclet. de.uka.ilkd.key.util.parsing.BuildingException: Unsolved symbol in de.uka.ilkd.key.java.JavaParserFactory$DynamicTypeSolver@dc54576 : java.lang.Object at file:/home/runner/work/key/key/key.core/build/resources/main/de/uka/ilkd/key/proof/rules/javaRules.key:3186:15
	at de.uka.ilkd.key.nparser.builder.AbstractBuilder.accept(AbstractBuilder.java:54)
Caused by: com.github.javaparser.resolution.UnsolvedSymbolException: Unsolved symbol in de.uka.ilkd.key.java.JavaParserFactory$DynamicTypeSolver@dc54576 : java.lang.Object
	at com.github.javaparser.resolution.TypeSolver.solveType(TypeSolver.java:71)

17280      ERROR Test worker     d.u.i.k.n.b.AbstractBuilder  com.github.javaparser.resolution.UnsolvedSymbolException: Unsolved symbol in de.uka.ilkd.key.java.JavaParserFactory$DynamicTypeSolver@dc54576 : java.lang.Object
	at com.github.javaparser.resolution.TypeSolver.solveType(TypeSolver.java:71)

17281      ERROR Test worker     d.u.i.k.n.b.TacletPBuilder Error in parsing taclet. de.uka.ilkd.key.util.parsing.BuildingException: Unsolved symbol in de.uka.ilkd.key.java.JavaParserFactory$DynamicTypeSolver@dc54576 : java.lang.Object at file:/home/runner/work/key/key/key.core/build/resources/main/de/uka/ilkd/key/proof/rules/javaRules.key:3213:20
	at de.uka.ilkd.key.nparser.builder.AbstractBuilder.accept(AbstractBuilder.java:54)
Caused by: com.github.javaparser.resolution.UnsolvedSymbolException: Unsolved symbol in de.uka.ilkd.key.java.JavaParserFactory$DynamicTypeSolver@dc54576 : java.lang.Object
	at com.github.javaparser.resolution.TypeSolver.solveType(TypeSolver.java:71)

17283      ERROR Test worker     d.u.i.k.n.b.AbstractBuilder  com.github.javaparser.resolution.UnsolvedSymbolException: Unsolved symbol in de.uka.ilkd.key.java.JavaParserFactory$DynamicTypeSolver@dc54576 : java.lang.Object
	at com.github.javaparser.resolution.TypeSolver.solveType(TypeSolver.java:71)

17283      ERROR Test worker     d.u.i.k.n.b.TacletPBuilder Error in parsing taclet. de.uka.ilkd.key.util.parsing.BuildingException: Unsolved symbol in de.uka.ilkd.key.java.JavaParserFactory$DynamicTypeSolver@dc54576 : java.lang.Object at file:/home/runner/work/key/key/key.core/build/resources/main/de/uka/ilkd/key/proof/rules/javaRules.key:3235:15
	at de.uka.ilkd.key.nparser.builder.AbstractBuilder.accept(AbstractBuilder.java:54)
Caused by: com.github.javaparser.resolution.UnsolvedSymbolException: Unsolved symbol in de.uka.ilkd.key.java.JavaParserFactory$DynamicTypeSolver@dc54576 : java.lang.Object
	at com.github.javaparser.resolution.TypeSolver.solveType(TypeSolver.java:71)

17285      ERROR Test worker     d.u.i.k.n.b.AbstractBuilder  com.github.javaparser.resolution.UnsolvedSymbolException: Unsolved symbol in de.uka.ilkd.key.java.JavaParserFactory$DynamicTypeSolver@dc54576 : java.lang.Object
	at com.github.javaparser.resolution.TypeSolver.solveType(TypeSolver.java:71)

17285      ERROR Test worker     d.u.i.k.n.b.TacletPBuilder Error in parsing taclet. de.uka.ilkd.key.util.parsing.BuildingException: Unsolved symbol in de.uka.ilkd.key.java.JavaParserFactory$DynamicTypeSolver@dc54576 : java.lang.Object at file:/home/runner/work/key/key/key.core/build/resources/main/de/uka/ilkd/key/proof/rules/javaRules.key:3244:15
	at de.uka.ilkd.key.nparser.builder.AbstractBuilder.accept(AbstractBuilder.java:54)
Caused by: com.github.javaparser.resolution.UnsolvedSymbolException: Unsolved symbol in de.uka.ilkd.key.java.JavaParserFactory$DynamicTypeSolver@dc54576 : java.lang.Object
	at com.github.javaparser.resolution.TypeSolver.solveType(TypeSolver.java:71)

17287      ERROR Test worker     d.u.i.k.n.b.AbstractBuilder  com.github.javaparser.resolution.UnsolvedSymbolException: Unsolved symbol in de.uka.ilkd.key.java.JavaParserFactory$DynamicTypeSolver@dc54576 : java.lang.Object
	at com.github.javaparser.resolution.TypeSolver.solveType(TypeSolver.java:71)

17287      ERROR Test worker     d.u.i.k.n.b.TacletPBuilder Error in parsing taclet. de.uka.ilkd.key.util.parsing.BuildingException: Unsolved symbol in de.uka.ilkd.key.java.JavaParserFactory$DynamicTypeSolver@dc54576 : java.lang.Object at file:/home/runner/work/key/key/key.core/build/resources/main/de/uka/ilkd/key/proof/rules/javaRules.key:3266:15
	at de.uka.ilkd.key.nparser.builder.AbstractBuilder.accept(AbstractBuilder.java:54)
Caused by: com.github.javaparser.resolution.UnsolvedSymbolException: Unsolved symbol in de.uka.ilkd.key.java.JavaParserFactory$DynamicTypeSolver@dc54576 : java.lang.Object
	at com.github.javaparser.resolution.TypeSolver.solveType(TypeSolver.java:71)

17289      ERROR Test worker     d.u.i.k.n.b.AbstractBuilder  com.github.javaparser.resolution.UnsolvedSymbolException: Unsolved symbol in de.uka.ilkd.key.java.JavaParserFactory$DynamicTypeSolver@dc54576 : java.lang.Object
	at com.github.javaparser.resolution.TypeSolver.solveType(TypeSolver.java:71)

17289      ERROR Test worker     d.u.i.k.n.b.TacletPBuilder Error in parsing taclet. de.uka.ilkd.key.util.parsing.BuildingException: Unsolved symbol in de.uka.ilkd.key.java.JavaParserFactory$DynamicTypeSolver@dc54576 : java.lang.Object at file:/home/runner/work/key/key/key.core/build/resources/main/de/uka/ilkd/key/proof/rules/javaRules.key:3285:15
	at de.uka.ilkd.key.nparser.builder.AbstractBuilder.accept(AbstractBuilder.java:54)
Caused by: com.github.javaparser.resolution.UnsolvedSymbolException: Unsolved symbol in de.uka.ilkd.key.java.JavaParserFactory$DynamicTypeSolver@dc54576 : java.lang.Object
	at com.github.javaparser.resolution.TypeSolver.solveType(TypeSolver.java:71)

17291      ERROR Test worker     d.u.i.k.n.b.AbstractBuilder  com.github.javaparser.resolution.UnsolvedSymbolException: Unsolved symbol in de.uka.ilkd.key.java.JavaParserFactory$DynamicTypeSolver@dc54576 : java.lang.Object
	at com.github.javaparser.resolution.TypeSolver.solveType(TypeSolver.java:71)

17292      ERROR Test worker     d.u.i.k.n.b.TacletPBuilder Error in parsing taclet. de.uka.ilkd.key.util.parsing.BuildingException: Unsolved symbol in de.uka.ilkd.key.java.JavaParserFactory$DynamicTypeSolver@dc54576 : java.lang.Object at file:/home/runner/work/key/key/key.core/build/resources/main/de/uka/ilkd/key/proof/rules/javaRules.key:3301:15
	at de.uka.ilkd.key.nparser.builder.AbstractBuilder.accept(AbstractBuilder.java:54)
Caused by: com.github.javaparser.resolution.UnsolvedSymbolException: Unsolved symbol in de.uka.ilkd.key.java.JavaParserFactory$DynamicTypeSolver@dc54576 : java.lang.Object
	at com.github.javaparser.resolution.TypeSolver.solveType(TypeSolver.java:71)

17294      ERROR Test worker     d.u.i.k.n.b.AbstractBuilder  com.github.javaparser.resolution.UnsolvedSymbolException: Unsolved symbol in de.uka.ilkd.key.java.JavaParserFactory$DynamicTypeSolver@dc54576 : java.lang.Object
	at com.github.javaparser.resolution.TypeSolver.solveType(TypeSolver.java:71)

17294      ERROR Test worker     d.u.i.k.n.b.TacletPBuilder Error in parsing taclet. de.uka.ilkd.key.util.parsing.BuildingException: Unsolved symbol in de.uka.ilkd.key.java.JavaParserFactory$DynamicTypeSolver@dc54576 : java.lang.Object at file:/home/runner/work/key/key/key.core/build/resources/main/de/uka/ilkd/key/proof/rules/javaRules.key:3312:20
	at de.uka.ilkd.key.nparser.builder.AbstractBuilder.accept(AbstractBuilder.java:54)
Caused by: com.github.javaparser.resolution.UnsolvedSymbolException: Unsolved symbol in de.uka.ilkd.key.java.JavaParserFactory$DynamicTypeSolver@dc54576 : java.lang.Object
	at com.github.javaparser.resolution.TypeSolver.solveType(TypeSolver.java:71)

17296      ERROR Test worker     d.u.i.k.n.b.AbstractBuilder  com.github.javaparser.resolution.UnsolvedSymbolException: Unsolved symbol in de.uka.ilkd.key.java.JavaParserFactory$DynamicTypeSolver@dc54576 : java.lang.Object
	at com.github.javaparser.resolution.TypeSolver.solveType(TypeSolver.java:71)

17296      ERROR Test worker     d.u.i.k.n.b.TacletPBuilder Error in parsing taclet. de.uka.ilkd.key.util.parsing.BuildingException: Unsolved symbol in de.uka.ilkd.key.java.JavaParserFactory$DynamicTypeSolver@dc54576 : java.lang.Object at file:/home/runner/work/key/key/key.core/build/resources/main/de/uka/ilkd/key/proof/rules/javaRules.key:3333:20
	at de.uka.ilkd.key.nparser.builder.AbstractBuilder.accept(AbstractBuilder.java:54)
Caused by: com.github.javaparser.resolution.UnsolvedSymbolException: Unsolved symbol in de.uka.ilkd.key.java.JavaParserFactory$DynamicTypeSolver@dc54576 : java.lang.Object
	at com.github.javaparser.resolution.TypeSolver.solveType(TypeSolver.java:71)

17298      ERROR Test worker     d.u.i.k.n.b.AbstractBuilder  com.github.javaparser.resolution.UnsolvedSymbolException: Unsolved symbol in de.uka.ilkd.key.java.JavaParserFactory$DynamicTypeSolver@dc54576 : java.lang.Object
	at com.github.javaparser.resolution.TypeSolver.solveType(TypeSolver.java:71)

17298      ERROR Test worker     d.u.i.k.n.b.TacletPBuilder Error in parsing taclet. de.uka.ilkd.key.util.parsing.BuildingException: Unsolved symbol in de.uka.ilkd.key.java.JavaParserFactory$DynamicTypeSolver@dc54576 : java.lang.Object at file:/home/runner/work/key/key/key.core/build/resources/main/de/uka/ilkd/key/proof/rules/javaRules.key:3350:20
	at de.uka.ilkd.key.nparser.builder.AbstractBuilder.accept(AbstractBuilder.java:54)
Caused by: com.github.javaparser.resolution.UnsolvedSymbolException: Unsolved symbol in de.uka.ilkd.key.java.JavaParserFactory$DynamicTypeSolver@dc54576 : java.lang.Object
	at com.github.javaparser.resolution.TypeSolver.solveType(TypeSolver.java:71)

17300      ERROR Test worker     d.u.i.k.n.b.AbstractBuilder  com.github.javaparser.resolution.UnsolvedSymbolException: Unsolved symbol in de.uka.ilkd.key.java.JavaParserFactory$DynamicTypeSolver@dc54576 : java.lang.Object
	at com.github.javaparser.resolution.TypeSolver.solveType(TypeSolver.java:71)

17300      ERROR Test worker     d.u.i.k.n.b.TacletPBuilder Error in parsing taclet. de.uka.ilkd.key.util.parsing.BuildingException: Unsolved symbol in de.uka.ilkd.key.java.JavaParserFactory$DynamicTypeSolver@dc54576 : java.lang.Object at file:/home/runner/work/key/key/key.core/build/resources/main/de/uka/ilkd/key/proof/rules/javaRules.key:3366:15
	at de.uka.ilkd.key.nparser.builder.AbstractBuilder.accept(AbstractBuilder.java:54)
Caused by: com.github.javaparser.resolution.UnsolvedSymbolException: Unsolved symbol in de.uka.ilkd.key.java.JavaParserFactory$DynamicTypeSolver@dc54576 : java.lang.Object
	at com.github.javaparser.resolution.TypeSolver.solveType(TypeSolver.java:71)

17302      ERROR Test worker     d.u.i.k.n.b.AbstractBuilder  com.github.javaparser.resolution.UnsolvedSymbolException: Unsolved symbol in de.uka.ilkd.key.java.JavaParserFactory$DynamicTypeSolver@dc54576 : java.lang.Object
	at com.github.javaparser.resolution.TypeSolver.solveType(TypeSolver.java:71)

17303      ERROR Test worker     d.u.i.k.n.b.TacletPBuilder Error in parsing taclet. de.uka.ilkd.key.util.parsing.BuildingException: Unsolved symbol in de.uka.ilkd.key.java.JavaParserFactory$DynamicTypeSolver@dc54576 : java.lang.Object at file:/home/runner/work/key/key/key.core/build/resources/main/de/uka/ilkd/key/proof/rules/javaRules.key:3377:15
	at de.uka.ilkd.key.nparser.builder.AbstractBuilder.accept(AbstractBuilder.java:54)
Caused by: com.github.javaparser.resolution.UnsolvedSymbolException: Unsolved symbol in de.uka.ilkd.key.java.JavaParserFactory$DynamicTypeSolver@dc54576 : java.lang.Object
	at com.github.javaparser.resolution.TypeSolver.solveType(TypeSolver.java:71)

17305      ERROR Test worker     d.u.i.k.n.b.AbstractBuilder  com.github.javaparser.resolution.UnsolvedSymbolException: Unsolved symbol in de.uka.ilkd.key.java.JavaParserFactory$DynamicTypeSolver@dc54576 : java.lang.Object
	at com.github.javaparser.resolution.TypeSolver.solveType(TypeSolver.java:71)

17305      ERROR Test worker     d.u.i.k.n.b.TacletPBuilder Error in parsing taclet. de.uka.ilkd.key.util.parsing.BuildingException: Unsolved symbol in de.uka.ilkd.key.java.JavaParserFactory$DynamicTypeSolver@dc54576 : java.lang.Object at file:/home/runner/work/key/key/key.core/build/resources/main/de/uka/ilkd/key/proof/rules/javaRules.key:3388:15
	at de.uka.ilkd.key.nparser.builder.AbstractBuilder.accept(AbstractBuilder.java:54)
Caused by: com.github.javaparser.resolution.UnsolvedSymbolException: Unsolved symbol in de.uka.ilkd.key.java.JavaParserFactory$DynamicTypeSolver@dc54576 : java.lang.Object
	at com.github.javaparser.resolution.TypeSolver.solveType(TypeSolver.java:71)

17307      ERROR Test worker     d.u.i.k.n.b.AbstractBuilder  com.github.javaparser.resolution.UnsolvedSymbolException: Unsolved symbol in de.uka.ilkd.key.java.JavaParserFactory$DynamicTypeSolver@dc54576 : java.lang.Object
	at com.github.javaparser.resolution.TypeSolver.solveType(TypeSolver.java:71)

17307      ERROR Test worker     d.u.i.k.n.b.TacletPBuilder Error in parsing taclet. de.uka.ilkd.key.util.parsing.BuildingException: Unsolved symbol in de.uka.ilkd.key.java.JavaParserFactory$DynamicTypeSolver@dc54576 : java.lang.Object at file:/home/runner/work/key/key/key.core/build/resources/main/de/uka/ilkd/key/proof/rules/javaRules.key:3398:15
	at de.uka.ilkd.key.nparser.builder.AbstractBuilder.accept(AbstractBuilder.java:54)
Caused by: com.github.javaparser.resolution.UnsolvedSymbolException: Unsolved symbol in de.uka.ilkd.key.java.JavaParserFactory$DynamicTypeSolver@dc54576 : java.lang.Object
	at com.github.javaparser.resolution.TypeSolver.solveType(TypeSolver.java:71)

17309      ERROR Test worker     d.u.i.k.n.b.AbstractBuilder  com.github.javaparser.resolution.UnsolvedSymbolException: Unsolved symbol in de.uka.ilkd.key.java.JavaParserFactory$DynamicTypeSolver@dc54576 : java.lang.Object
	at com.github.javaparser.resolution.TypeSolver.solveType(TypeSolver.java:71)

17309      ERROR Test worker     d.u.i.k.n.b.TacletPBuilder Error in parsing taclet. de.uka.ilkd.key.util.parsing.BuildingException: Unsolved symbol in de.uka.ilkd.key.java.JavaParserFactory$DynamicTypeSolver@dc54576 : java.lang.Object at file:/home/runner/work/key/key/key.core/build/resources/main/de/uka/ilkd/key/proof/rules/javaRules.key:3417:15
	at de.uka.ilkd.key.nparser.builder.AbstractBuilder.accept(AbstractBuilder.java:54)
Caused by: com.github.javaparser.resolution.UnsolvedSymbolException: Unsolved symbol in de.uka.ilkd.key.java.JavaParserFactory$DynamicTypeSolver@dc54576 : java.lang.Object
	at com.github.javaparser.resolution.TypeSolver.solveType(TypeSolver.java:71)

17311      ERROR Test worker     d.u.i.k.n.b.AbstractBuilder  com.github.javaparser.resolution.UnsolvedSymbolException: Unsolved symbol in de.uka.ilkd.key.java.JavaParserFactory$DynamicTypeSolver@dc54576 : java.lang.Object
	at com.github.javaparser.resolution.TypeSolver.solveType(TypeSolver.java:71)

17312      ERROR Test worker     d.u.i.k.n.b.TacletPBuilder Error in parsing taclet. de.uka.ilkd.key.util.parsing.BuildingException: Unsolved symbol in de.uka.ilkd.key.java.JavaParserFactory$DynamicTypeSolver@dc54576 : java.lang.Object at file:/home/runner/work/key/key/key.core/build/resources/main/de/uka/ilkd/key/proof/rules/javaRules.key:3437:20
	at de.uka.ilkd.key.nparser.builder.AbstractBuilder.accept(AbstractBuilder.java:54)
Caused by: com.github.javaparser.resolution.UnsolvedSymbolException: Unsolved symbol in de.uka.ilkd.key.java.JavaParserFactory$DynamicTypeSolver@dc54576 : java.lang.Object
	at com.github.javaparser.resolution.TypeSolver.solveType(TypeSolver.java:71)

17316      ERROR Test worker     d.u.i.k.n.b.AbstractBuilder  com.github.javaparser.resolution.UnsolvedSymbolException: Unsolved symbol in de.uka.ilkd.key.java.JavaParserFactory$DynamicTypeSolver@dc54576 : java.lang.Object
	at com.github.javaparser.resolution.TypeSolver.solveType(TypeSolver.java:71)

17316      ERROR Test worker     d.u.i.k.n.b.TacletPBuilder Error in parsing taclet. de.uka.ilkd.key.util.parsing.BuildingException: Unsolved symbol in de.uka.ilkd.key.java.JavaParserFactory$DynamicTypeSolver@dc54576 : java.lang.Object at file:/home/runner/work/key/key/key.core/build/resources/main/de/uka/ilkd/key/proof/rules/javaRules.key:3455:20
	at de.uka.ilkd.key.nparser.builder.AbstractBuilder.accept(AbstractBuilder.java:54)
Caused by: com.github.javaparser.resolution.UnsolvedSymbolException: Unsolved symbol in de.uka.ilkd.key.java.JavaParserFactory$DynamicTypeSolver@dc54576 : java.lang.Object
	at com.github.javaparser.resolution.TypeSolver.solveType(TypeSolver.java:71)

17320      ERROR Test worker     d.u.i.k.n.b.AbstractBuilder  com.github.javaparser.resolution.UnsolvedSymbolException: Unsolved symbol in de.uka.ilkd.key.java.JavaParserFactory$DynamicTypeSolver@dc54576 : java.lang.Object
	at com.github.javaparser.resolution.TypeSolver.solveType(TypeSolver.java:71)

17320      ERROR Test worker     d.u.i.k.n.b.TacletPBuilder Error in parsing taclet. de.uka.ilkd.key.util.parsing.BuildingException: Unsolved symbol in de.uka.ilkd.key.java.JavaParserFactory$DynamicTypeSolver@dc54576 : java.lang.Object at file:/home/runner/work/key/key/key.core/build/resources/main/de/uka/ilkd/key/proof/rules/javaRules.key:3473:15
	at de.uka.ilkd.key.nparser.builder.AbstractBuilder.accept(AbstractBuilder.java:54)
Caused by: com.github.javaparser.resolution.UnsolvedSymbolException: Unsolved symbol in de.uka.ilkd.key.java.JavaParserFactory$DynamicTypeSolver@dc54576 : java.lang.Object
	at com.github.javaparser.resolution.TypeSolver.solveType(TypeSolver.java:71)

17321      ERROR Test worker     d.u.i.k.n.b.AbstractBuilder  com.github.javaparser.resolution.UnsolvedSymbolException: Unsolved symbol in de.uka.ilkd.key.java.JavaParserFactory$DynamicTypeSolver@dc54576 : java.lang.Object
	at com.github.javaparser.resolution.TypeSolver.solveType(TypeSolver.java:71)

17322      ERROR Test worker     d.u.i.k.n.b.TacletPBuilder Error in parsing taclet. de.uka.ilkd.key.util.parsing.BuildingException: Unsolved symbol in de.uka.ilkd.key.java.JavaParserFactory$DynamicTypeSolver@dc54576 : java.lang.Object at file:/home/runner/work/key/key/key.core/build/resources/main/de/uka/ilkd/key/proof/rules/javaRules.key:3489:15
	at de.uka.ilkd.key.nparser.builder.AbstractBuilder.accept(AbstractBuilder.java:54)
Caused by: com.github.javaparser.resolution.UnsolvedSymbolException: Unsolved symbol in de.uka.ilkd.key.java.JavaParserFactory$DynamicTypeSolver@dc54576 : java.lang.Object
	at com.github.javaparser.resolution.TypeSolver.solveType(TypeSolver.java:71)

17323      ERROR Test worker     d.u.i.k.n.b.AbstractBuilder  com.github.javaparser.resolution.UnsolvedSymbolException: Unsolved symbol in de.uka.ilkd.key.java.JavaParserFactory$DynamicTypeSolver@dc54576 : java.lang.Object
	at com.github.javaparser.resolution.TypeSolver.solveType(TypeSolver.java:71)

17323      ERROR Test worker     d.u.i.k.n.b.TacletPBuilder Error in parsing taclet. de.uka.ilkd.key.util.parsing.BuildingException: Unsolved symbol in de.uka.ilkd.key.java.JavaParserFactory$DynamicTypeSolver@dc54576 : java.lang.Object at file:/home/runner/work/key/key/key.core/build/resources/main/de/uka/ilkd/key/proof/rules/javaRules.key:3495:15
	at de.uka.ilkd.key.nparser.builder.AbstractBuilder.accept(AbstractBuilder.java:54)
Caused by: com.github.javaparser.resolution.UnsolvedSymbolException: Unsolved symbol in de.uka.ilkd.key.java.JavaParserFactory$DynamicTypeSolver@dc54576 : java.lang.Object
	at com.github.javaparser.resolution.TypeSolver.solveType(TypeSolver.java:71)

17326      ERROR Test worker     d.u.i.k.n.b.AbstractBuilder  com.github.javaparser.resolution.UnsolvedSymbolException: Unsolved symbol in de.uka.ilkd.key.java.JavaParserFactory$DynamicTypeSolver@dc54576 : java.lang.Object
	at com.github.javaparser.resolution.TypeSolver.solveType(TypeSolver.java:71)

17326      ERROR Test worker     d.u.i.k.n.b.TacletPBuilder Error in parsing taclet. de.uka.ilkd.key.util.parsing.BuildingException: Unsolved symbol in de.uka.ilkd.key.java.JavaParserFactory$DynamicTypeSolver@dc54576 : java.lang.Object at file:/home/runner/work/key/key/key.core/build/resources/main/de/uka/ilkd/key/proof/rules/javaRules.key:3501:15
	at de.uka.ilkd.key.nparser.builder.AbstractBuilder.accept(AbstractBuilder.java:54)
Caused by: com.github.javaparser.resolution.UnsolvedSymbolException: Unsolved symbol in de.uka.ilkd.key.java.JavaParserFactory$DynamicTypeSolver@dc54576 : java.lang.Object
	at com.github.javaparser.resolution.TypeSolver.solveType(TypeSolver.java:71)

17328      ERROR Test worker     d.u.i.k.n.b.AbstractBuilder  com.github.javaparser.resolution.UnsolvedSymbolException: Unsolved symbol in de.uka.ilkd.key.java.JavaParserFactory$DynamicTypeSolver@dc54576 : java.lang.Object
	at com.github.javaparser.resolution.TypeSolver.solveType(TypeSolver.java:71)

17328      ERROR Test worker     d.u.i.k.n.b.TacletPBuilder Error in parsing taclet. de.uka.ilkd.key.util.parsing.BuildingException: Unsolved symbol in de.uka.ilkd.key.java.JavaParserFactory$DynamicTypeSolver@dc54576 : java.lang.Object at file:/home/runner/work/key/key/key.core/build/resources/main/de/uka/ilkd/key/proof/rules/javaRules.key:3506:15
	at de.uka.ilkd.key.nparser.builder.AbstractBuilder.accept(AbstractBuilder.java:54)
Caused by: com.github.javaparser.resolution.UnsolvedSymbolException: Unsolved symbol in de.uka.ilkd.key.java.JavaParserFactory$DynamicTypeSolver@dc54576 : java.lang.Object
	at com.github.javaparser.resolution.TypeSolver.solveType(TypeSolver.java:71)

17330      ERROR Test worker     d.u.i.k.n.b.AbstractBuilder  com.github.javaparser.resolution.UnsolvedSymbolException: Unsolved symbol in de.uka.ilkd.key.java.JavaParserFactory$DynamicTypeSolver@dc54576 : java.lang.Object
	at com.github.javaparser.resolution.TypeSolver.solveType(TypeSolver.java:71)

17331      ERROR Test worker     d.u.i.k.n.b.TacletPBuilder Error in parsing taclet. de.uka.ilkd.key.util.parsing.BuildingException: Unsolved symbol in de.uka.ilkd.key.java.JavaParserFactory$DynamicTypeSolver@dc54576 : java.lang.Object at file:/home/runner/work/key/key/key.core/build/resources/main/de/uka/ilkd/key/proof/rules/javaRules.key:3511:20
	at de.uka.ilkd.key.nparser.builder.AbstractBuilder.accept(AbstractBuilder.java:54)
Caused by: com.github.javaparser.resolution.UnsolvedSymbolException: Unsolved symbol in de.uka.ilkd.key.java.JavaParserFactory$DynamicTypeSolver@dc54576 : java.lang.Object
	at com.github.javaparser.resolution.TypeSolver.solveType(TypeSolver.java:71)

17333      ERROR Test worker     d.u.i.k.n.b.AbstractBuilder  com.github.javaparser.resolution.UnsolvedSymbolException: Unsolved symbol in de.uka.ilkd.key.java.JavaParserFactory$DynamicTypeSolver@dc54576 : java.lang.Object
	at com.github.javaparser.resolution.TypeSolver.solveType(TypeSolver.java:71)

17333      ERROR Test worker     d.u.i.k.n.b.TacletPBuilder Error in parsing taclet. de.uka.ilkd.key.util.parsing.BuildingException: Unsolved symbol in de.uka.ilkd.key.java.JavaParserFactory$DynamicTypeSolver@dc54576 : java.lang.Object at file:/home/runner/work/key/key/key.core/build/resources/main/de/uka/ilkd/key/proof/rules/javaRules.key:3517:20
	at de.uka.ilkd.key.nparser.builder.AbstractBuilder.accept(AbstractBuilder.java:54)
Caused by: com.github.javaparser.resolution.UnsolvedSymbolException: Unsolved symbol in de.uka.ilkd.key.java.JavaParserFactory$DynamicTypeSolver@dc54576 : java.lang.Object
	at com.github.javaparser.resolution.TypeSolver.solveType(TypeSolver.java:71)

17335      ERROR Test worker     d.u.i.k.n.b.AbstractBuilder  com.github.javaparser.resolution.UnsolvedSymbolException: Unsolved symbol in de.uka.ilkd.key.java.JavaParserFactory$DynamicTypeSolver@dc54576 : java.lang.Object
	at com.github.javaparser.resolution.TypeSolver.solveType(TypeSolver.java:71)

17335      ERROR Test worker     d.u.i.k.n.b.TacletPBuilder Error in parsing taclet. de.uka.ilkd.key.util.parsing.BuildingException: Unsolved symbol in de.uka.ilkd.key.java.JavaParserFactory$DynamicTypeSolver@dc54576 : java.lang.Object at file:/home/runner/work/key/key/key.core/build/resources/main/de/uka/ilkd/key/proof/rules/javaRules.key:3523:20
	at de.uka.ilkd.key.nparser.builder.AbstractBuilder.accept(AbstractBuilder.java:54)
Caused by: com.github.javaparser.resolution.UnsolvedSymbolException: Unsolved symbol in de.uka.ilkd.key.java.JavaParserFactory$DynamicTypeSolver@dc54576 : java.lang.Object
	at com.github.javaparser.resolution.TypeSolver.solveType(TypeSolver.java:71)

17337      ERROR Test worker     d.u.i.k.n.b.AbstractBuilder  com.github.javaparser.resolution.UnsolvedSymbolException: Unsolved symbol in de.uka.ilkd.key.java.JavaParserFactory$DynamicTypeSolver@dc54576 : java.lang.Object
	at com.github.javaparser.resolution.TypeSolver.solveType(TypeSolver.java:71)

17337      ERROR Test worker     d.u.i.k.n.b.TacletPBuilder Error in parsing taclet. de.uka.ilkd.key.util.parsing.BuildingException: Unsolved symbol in de.uka.ilkd.key.java.JavaParserFactory$DynamicTypeSolver@dc54576 : java.lang.Object at file:/home/runner/work/key/key/key.core/build/resources/main/de/uka/ilkd/key/proof/rules/javaRules.key:3528:20
	at de.uka.ilkd.key.nparser.builder.AbstractBuilder.accept(AbstractBuilder.java:54)
Caused by: com.github.javaparser.resolution.UnsolvedSymbolException: Unsolved symbol in de.uka.ilkd.key.java.JavaParserFactory$DynamicTypeSolver@dc54576 : java.lang.Object
	at com.github.javaparser.resolution.TypeSolver.solveType(TypeSolver.java:71)

17339      ERROR Test worker     d.u.i.k.n.b.AbstractBuilder  com.github.javaparser.resolution.UnsolvedSymbolException: Unsolved symbol in de.uka.ilkd.key.java.JavaParserFactory$DynamicTypeSolver@dc54576 : java.lang.Object
	at com.github.javaparser.resolution.TypeSolver.solveType(TypeSolver.java:71)

17340      ERROR Test worker     d.u.i.k.n.b.TacletPBuilder Error in parsing taclet. de.uka.ilkd.key.util.parsing.BuildingException: Unsolved symbol in de.uka.ilkd.key.java.JavaParserFactory$DynamicTypeSolver@dc54576 : java.lang.Object at file:/home/runner/work/key/key/key.core/build/resources/main/de/uka/ilkd/key/proof/rules/javaRules.key:3533:15
	at de.uka.ilkd.key.nparser.builder.AbstractBuilder.accept(AbstractBuilder.java:54)
Caused by: com.github.javaparser.resolution.UnsolvedSymbolException: Unsolved symbol in de.uka.ilkd.key.java.JavaParserFactory$DynamicTypeSolver@dc54576 : java.lang.Object
	at com.github.javaparser.resolution.TypeSolver.solveType(TypeSolver.java:71)

17342      ERROR Test worker     d.u.i.k.n.b.AbstractBuilder  com.github.javaparser.resolution.UnsolvedSymbolException: Unsolved symbol in de.uka.ilkd.key.java.JavaParserFactory$DynamicTypeSolver@dc54576 : java.lang.Object
	at com.github.javaparser.resolution.TypeSolver.solveType(TypeSolver.java:71)

17342      ERROR Test worker     d.u.i.k.n.b.TacletPBuilder Error in parsing taclet. de.uka.ilkd.key.util.parsing.BuildingException: Unsolved symbol in de.uka.ilkd.key.java.JavaParserFactory$DynamicTypeSolver@dc54576 : java.lang.Object at file:/home/runner/work/key/key/key.core/build/resources/main/de/uka/ilkd/key/proof/rules/javaRules.key:3538:15
	at de.uka.ilkd.key.nparser.builder.AbstractBuilder.accept(AbstractBuilder.java:54)
Caused by: com.github.javaparser.resolution.UnsolvedSymbolException: Unsolved symbol in de.uka.ilkd.key.java.JavaParserFactory$DynamicTypeSolver@dc54576 : java.lang.Object
	at com.github.javaparser.resolution.TypeSolver.solveType(TypeSolver.java:71)

17348      ERROR Test worker     d.u.i.k.n.b.AbstractBuilder  com.github.javaparser.resolution.UnsolvedSymbolException: Unsolved symbol in de.uka.ilkd.key.java.JavaParserFactory$DynamicTypeSolver@dc54576 : java.lang.Object
	at com.github.javaparser.resolution.TypeSolver.solveType(TypeSolver.java:71)

17349      ERROR Test worker     d.u.i.k.n.b.TacletPBuilder Error in parsing taclet. de.uka.ilkd.key.util.parsing.BuildingException: Unsolved symbol in de.uka.ilkd.key.java.JavaParserFactory$DynamicTypeSolver@dc54576 : java.lang.Object at file:/home/runner/work/key/key/key.core/build/resources/main/de/uka/ilkd/key/proof/rules/javaRules.key:3545:23
	at de.uka.ilkd.key.nparser.builder.AbstractBuilder.accept(AbstractBuilder.java:54)
Caused by: com.github.javaparser.resolution.UnsolvedSymbolException: Unsolved symbol in de.uka.ilkd.key.java.JavaParserFactory$DynamicTypeSolver@dc54576 : java.lang.Object
	at com.github.javaparser.resolution.TypeSolver.solveType(TypeSolver.java:71)

17356      ERROR Test worker     d.u.i.k.n.b.AbstractBuilder  com.github.javaparser.resolution.UnsolvedSymbolException: Unsolved symbol in de.uka.ilkd.key.java.JavaParserFactory$DynamicTypeSolver@dc54576 : java.lang.Object
	at com.github.javaparser.resolution.TypeSolver.solveType(TypeSolver.java:71)

17357      ERROR Test worker     d.u.i.k.n.b.TacletPBuilder Error in parsing taclet. de.uka.ilkd.key.util.parsing.BuildingException: Unsolved symbol in de.uka.ilkd.key.java.JavaParserFactory$DynamicTypeSolver@dc54576 : java.lang.Object at file:/home/runner/work/key/key/key.core/build/resources/main/de/uka/ilkd/key/proof/rules/javaRules.key:3551:18
	at de.uka.ilkd.key.nparser.builder.AbstractBuilder.accept(AbstractBuilder.java:54)
Caused by: com.github.javaparser.resolution.UnsolvedSymbolException: Unsolved symbol in de.uka.ilkd.key.java.JavaParserFactory$DynamicTypeSolver@dc54576 : java.lang.Object
	at com.github.javaparser.resolution.TypeSolver.solveType(TypeSolver.java:71)

17359      ERROR Test worker     d.u.i.k.n.b.AbstractBuilder  com.github.javaparser.resolution.UnsolvedSymbolException: Unsolved symbol in de.uka.ilkd.key.java.JavaParserFactory$DynamicTypeSolver@dc54576 : java.lang.Object
	at com.github.javaparser.resolution.TypeSolver.solveType(TypeSolver.java:71)

17359      ERROR Test worker     d.u.i.k.n.b.TacletPBuilder Error in parsing taclet. de.uka.ilkd.key.util.parsing.BuildingException: Unsolved symbol in de.uka.ilkd.key.java.JavaParserFactory$DynamicTypeSolver@dc54576 : java.lang.Object at file:/home/runner/work/key/key/key.core/build/resources/main/de/uka/ilkd/key/proof/rules/javaRules.key:3557:23
	at de.uka.ilkd.key.nparser.builder.AbstractBuilder.accept(AbstractBuilder.java:54)
Caused by: com.github.javaparser.resolution.UnsolvedSymbolException: Unsolved symbol in de.uka.ilkd.key.java.JavaParserFactory$DynamicTypeSolver@dc54576 : java.lang.Object
	at com.github.javaparser.resolution.TypeSolver.solveType(TypeSolver.java:71)

17368      ERROR Test worker     d.u.i.k.n.b.AbstractBuilder  com.github.javaparser.resolution.UnsolvedSymbolException: Unsolved symbol in de.uka.ilkd.key.java.JavaParserFactory$DynamicTypeSolver@dc54576 : java.lang.Object
	at com.github.javaparser.resolution.TypeSolver.solveType(TypeSolver.java:71)

17368      ERROR Test worker     d.u.i.k.n.b.TacletPBuilder Error in parsing taclet. de.uka.ilkd.key.util.parsing.BuildingException: Unsolved symbol in de.uka.ilkd.key.java.JavaParserFactory$DynamicTypeSolver@dc54576 : java.lang.Object at file:/home/runner/work/key/key/key.core/build/resources/main/de/uka/ilkd/key/proof/rules/javaRules.key:3563:18
	at de.uka.ilkd.key.nparser.builder.AbstractBuilder.accept(AbstractBuilder.java:54)
Caused by: com.github.javaparser.resolution.UnsolvedSymbolException: Unsolved symbol in de.uka.ilkd.key.java.JavaParserFactory$DynamicTypeSolver@dc54576 : java.lang.Object
	at com.github.javaparser.resolution.TypeSolver.solveType(TypeSolver.java:71)

17370      ERROR Test worker     d.u.i.k.n.b.AbstractBuilder  com.github.javaparser.resolution.UnsolvedSymbolException: Unsolved symbol in de.uka.ilkd.key.java.JavaParserFactory$DynamicTypeSolver@dc54576 : java.lang.Object
	at com.github.javaparser.resolution.TypeSolver.solveType(TypeSolver.java:71)

17370      ERROR Test worker     d.u.i.k.n.b.TacletPBuilder Error in parsing taclet. de.uka.ilkd.key.util.parsing.BuildingException: Unsolved symbol in de.uka.ilkd.key.java.JavaParserFactory$DynamicTypeSolver@dc54576 : java.lang.Object at file:/home/runner/work/key/key/key.core/build/resources/main/de/uka/ilkd/key/proof/rules/javaRules.key:3569:15
	at de.uka.ilkd.key.nparser.builder.AbstractBuilder.accept(AbstractBuilder.java:54)
Caused by: com.github.javaparser.resolution.UnsolvedSymbolException: Unsolved symbol in de.uka.ilkd.key.java.JavaParserFactory$DynamicTypeSolver@dc54576 : java.lang.Object
	at com.github.javaparser.resolution.TypeSolver.solveType(TypeSolver.java:71)

17373      ERROR Test worker     d.u.i.k.n.b.AbstractBuilder  com.github.javaparser.resolution.UnsolvedSymbolException: Unsolved symbol in de.uka.ilkd.key.java.JavaParserFactory$DynamicTypeSolver@dc54576 : java.lang.Object
	at com.github.javaparser.resolution.TypeSolver.solveType(TypeSolver.java:71)

17373      ERROR Test worker     d.u.i.k.n.b.TacletPBuilder Error in parsing taclet. de.uka.ilkd.key.util.parsing.BuildingException: Unsolved symbol in de.uka.ilkd.key.java.JavaParserFactory$DynamicTypeSolver@dc54576 : java.lang.Object at file:/home/runner/work/key/key/key.core/build/resources/main/de/uka/ilkd/key/proof/rules/javaRules.key:3576:15
	at de.uka.ilkd.key.nparser.builder.AbstractBuilder.accept(AbstractBuilder.java:54)
Caused by: com.github.javaparser.resolution.UnsolvedSymbolException: Unsolved symbol in de.uka.ilkd.key.java.JavaParserFactory$DynamicTypeSolver@dc54576 : java.lang.Object
	at com.github.javaparser.resolution.TypeSolver.solveType(TypeSolver.java:71)

17375      ERROR Test worker     d.u.i.k.n.b.AbstractBuilder  com.github.javaparser.resolution.UnsolvedSymbolException: Unsolved symbol in de.uka.ilkd.key.java.JavaParserFactory$DynamicTypeSolver@dc54576 : java.lang.Object
	at com.github.javaparser.resolution.TypeSolver.solveType(TypeSolver.java:71)

17375      ERROR Test worker     d.u.i.k.n.b.TacletPBuilder Error in parsing taclet. de.uka.ilkd.key.util.parsing.BuildingException: Unsolved symbol in de.uka.ilkd.key.java.JavaParserFactory$DynamicTypeSolver@dc54576 : java.lang.Object at file:/home/runner/work/key/key/key.core/build/resources/main/de/uka/ilkd/key/proof/rules/javaRules.key:3583:15
	at de.uka.ilkd.key.nparser.builder.AbstractBuilder.accept(AbstractBuilder.java:54)
Caused by: com.github.javaparser.resolution.UnsolvedSymbolException: Unsolved symbol in de.uka.ilkd.key.java.JavaParserFactory$DynamicTypeSolver@dc54576 : java.lang.Object
	at com.github.javaparser.resolution.TypeSolver.solveType(TypeSolver.java:71)

17377      ERROR Test worker     d.u.i.k.n.b.AbstractBuilder  com.github.javaparser.resolution.UnsolvedSymbolException: Unsolved symbol in de.uka.ilkd.key.java.JavaParserFactory$DynamicTypeSolver@dc54576 : java.lang.Object
	at com.github.javaparser.resolution.TypeSolver.solveType(TypeSolver.java:71)

17377      ERROR Test worker     d.u.i.k.n.b.TacletPBuilder Error in parsing taclet. de.uka.ilkd.key.util.parsing.BuildingException: Unsolved symbol in de.uka.ilkd.key.java.JavaParserFactory$DynamicTypeSolver@dc54576 : java.lang.Object at file:/home/runner/work/key/key/key.core/build/resources/main/de/uka/ilkd/key/proof/rules/javaRules.key:3589:15
	at de.uka.ilkd.key.nparser.builder.AbstractBuilder.accept(AbstractBuilder.java:54)
Caused by: com.github.javaparser.resolution.UnsolvedSymbolException: Unsolved symbol in de.uka.ilkd.key.java.JavaParserFactory$DynamicTypeSolver@dc54576 : java.lang.Object
	at com.github.javaparser.resolution.TypeSolver.solveType(TypeSolver.java:71)

17379      ERROR Test worker     d.u.i.k.n.b.AbstractBuilder  com.github.javaparser.resolution.UnsolvedSymbolException: Unsolved symbol in de.uka.ilkd.key.java.JavaParserFactory$DynamicTypeSolver@dc54576 : java.lang.Object
	at com.github.javaparser.resolution.TypeSolver.solveType(TypeSolver.java:71)

17380      ERROR Test worker     d.u.i.k.n.b.TacletPBuilder Error in parsing taclet. de.uka.ilkd.key.util.parsing.BuildingException: Unsolved symbol in de.uka.ilkd.key.java.JavaParserFactory$DynamicTypeSolver@dc54576 : java.lang.Object at file:/home/runner/work/key/key/key.core/build/resources/main/de/uka/ilkd/key/proof/rules/javaRules.key:3596:15
	at de.uka.ilkd.key.nparser.builder.AbstractBuilder.accept(AbstractBuilder.java:54)
Caused by: com.github.javaparser.resolution.UnsolvedSymbolException: Unsolved symbol in de.uka.ilkd.key.java.JavaParserFactory$DynamicTypeSolver@dc54576 : java.lang.Object
	at com.github.javaparser.resolution.TypeSolver.solveType(TypeSolver.java:71)

17382      ERROR Test worker     d.u.i.k.n.b.AbstractBuilder  com.github.javaparser.resolution.UnsolvedSymbolException: Unsolved symbol in de.uka.ilkd.key.java.JavaParserFactory$DynamicTypeSolver@dc54576 : java.lang.Object
	at com.github.javaparser.resolution.TypeSolver.solveType(TypeSolver.java:71)

17382      ERROR Test worker     d.u.i.k.n.b.TacletPBuilder Error in parsing taclet. de.uka.ilkd.key.util.parsing.BuildingException: Unsolved symbol in de.uka.ilkd.key.java.JavaParserFactory$DynamicTypeSolver@dc54576 : java.lang.Object at file:/home/runner/work/key/key/key.core/build/resources/main/de/uka/ilkd/key/proof/rules/javaRules.key:3608:15
	at de.uka.ilkd.key.nparser.builder.AbstractBuilder.accept(AbstractBuilder.java:54)
Caused by: com.github.javaparser.resolution.UnsolvedSymbolException: Unsolved symbol in de.uka.ilkd.key.java.JavaParserFactory$DynamicTypeSolver@dc54576 : java.lang.Object
	at com.github.javaparser.resolution.TypeSolver.solveType(TypeSolver.java:71)

17384      ERROR Test worker     d.u.i.k.n.b.AbstractBuilder  com.github.javaparser.resolution.UnsolvedSymbolException: Unsolved symbol in de.uka.ilkd.key.java.JavaParserFactory$DynamicTypeSolver@dc54576 : java.lang.Object
	at com.github.javaparser.resolution.TypeSolver.solveType(TypeSolver.java:71)

17384      ERROR Test worker     d.u.i.k.n.b.TacletPBuilder Error in parsing taclet. de.uka.ilkd.key.util.parsing.BuildingException: Unsolved symbol in de.uka.ilkd.key.java.JavaParserFactory$DynamicTypeSolver@dc54576 : java.lang.Object at file:/home/runner/work/key/key/key.core/build/resources/main/de/uka/ilkd/key/proof/rules/javaRules.key:3622:15
	at de.uka.ilkd.key.nparser.builder.AbstractBuilder.accept(AbstractBuilder.java:54)
Caused by: com.github.javaparser.resolution.UnsolvedSymbolException: Unsolved symbol in de.uka.ilkd.key.java.JavaParserFactory$DynamicTypeSolver@dc54576 : java.lang.Object
	at com.github.javaparser.resolution.TypeSolver.solveType(TypeSolver.java:71)

17386      ERROR Test worker     d.u.i.k.n.b.AbstractBuilder  com.github.javaparser.resolution.UnsolvedSymbolException: Unsolved symbol in de.uka.ilkd.key.java.JavaParserFactory$DynamicTypeSolver@dc54576 : java.lang.Object
	at com.github.javaparser.resolution.TypeSolver.solveType(TypeSolver.java:71)

17386      ERROR Test worker     d.u.i.k.n.b.TacletPBuilder Error in parsing taclet. de.uka.ilkd.key.util.parsing.BuildingException: Unsolved symbol in de.uka.ilkd.key.java.JavaParserFactory$DynamicTypeSolver@dc54576 : java.lang.Object at file:/home/runner/work/key/key/key.core/build/resources/main/de/uka/ilkd/key/proof/rules/javaRules.key:3635:15
	at de.uka.ilkd.key.nparser.builder.AbstractBuilder.accept(AbstractBuilder.java:54)
Caused by: com.github.javaparser.resolution.UnsolvedSymbolException: Unsolved symbol in de.uka.ilkd.key.java.JavaParserFactory$DynamicTypeSolver@dc54576 : java.lang.Object
	at com.github.javaparser.resolution.TypeSolver.solveType(TypeSolver.java:71)

17388      ERROR Test worker     d.u.i.k.n.b.AbstractBuilder  com.github.javaparser.resolution.UnsolvedSymbolException: Unsolved symbol in de.uka.ilkd.key.java.JavaParserFactory$DynamicTypeSolver@dc54576 : java.lang.Object
	at com.github.javaparser.resolution.TypeSolver.solveType(TypeSolver.java:71)

17388      ERROR Test worker     d.u.i.k.n.b.TacletPBuilder Error in parsing taclet. de.uka.ilkd.key.util.parsing.BuildingException: Unsolved symbol in de.uka.ilkd.key.java.JavaParserFactory$DynamicTypeSolver@dc54576 : java.lang.Object at file:/home/runner/work/key/key/key.core/build/resources/main/de/uka/ilkd/key/proof/rules/javaRules.key:3650:15
	at de.uka.ilkd.key.nparser.builder.AbstractBuilder.accept(AbstractBuilder.java:54)
Caused by: com.github.javaparser.resolution.UnsolvedSymbolException: Unsolved symbol in de.uka.ilkd.key.java.JavaParserFactory$DynamicTypeSolver@dc54576 : java.lang.Object
	at com.github.javaparser.resolution.TypeSolver.solveType(TypeSolver.java:71)

17390      ERROR Test worker     d.u.i.k.n.b.AbstractBuilder  com.github.javaparser.resolution.UnsolvedSymbolException: Unsolved symbol in de.uka.ilkd.key.java.JavaParserFactory$DynamicTypeSolver@dc54576 : java.lang.Object
	at com.github.javaparser.resolution.TypeSolver.solveType(TypeSolver.java:71)

17390      ERROR Test worker     d.u.i.k.n.b.TacletPBuilder Error in parsing taclet. de.uka.ilkd.key.util.parsing.BuildingException: Unsolved symbol in de.uka.ilkd.key.java.JavaParserFactory$DynamicTypeSolver@dc54576 : java.lang.Object at file:/home/runner/work/key/key/key.core/build/resources/main/de/uka/ilkd/key/proof/rules/javaRules.key:3671:15
	at de.uka.ilkd.key.nparser.builder.AbstractBuilder.accept(AbstractBuilder.java:54)
Caused by: com.github.javaparser.resolution.UnsolvedSymbolException: Unsolved symbol in de.uka.ilkd.key.java.JavaParserFactory$DynamicTypeSolver@dc54576 : java.lang.Object
	at com.github.javaparser.resolution.TypeSolver.solveType(TypeSolver.java:71)

17392      ERROR Test worker     d.u.i.k.n.b.AbstractBuilder  com.github.javaparser.resolution.UnsolvedSymbolException: Unsolved symbol in de.uka.ilkd.key.java.JavaParserFactory$DynamicTypeSolver@dc54576 : java.lang.Object
	at com.github.javaparser.resolution.TypeSolver.solveType(TypeSolver.java:71)

17392      ERROR Test worker     d.u.i.k.n.b.TacletPBuilder Error in parsing taclet. de.uka.ilkd.key.util.parsing.BuildingException: Unsolved symbol in de.uka.ilkd.key.java.JavaParserFactory$DynamicTypeSolver@dc54576 : java.lang.Object at file:/home/runner/work/key/key/key.core/build/resources/main/de/uka/ilkd/key/proof/rules/javaRules.key:3682:15
	at de.uka.ilkd.key.nparser.builder.AbstractBuilder.accept(AbstractBuilder.java:54)
Caused by: com.github.javaparser.resolution.UnsolvedSymbolException: Unsolved symbol in de.uka.ilkd.key.java.JavaParserFactory$DynamicTypeSolver@dc54576 : java.lang.Object
	at com.github.javaparser.resolution.TypeSolver.solveType(TypeSolver.java:71)

17394      ERROR Test worker     d.u.i.k.n.b.AbstractBuilder  com.github.javaparser.resolution.UnsolvedSymbolException: Unsolved symbol in de.uka.ilkd.key.java.JavaParserFactory$DynamicTypeSolver@dc54576 : java.lang.Object
	at com.github.javaparser.resolution.TypeSolver.solveType(TypeSolver.java:71)

17395      ERROR Test worker     d.u.i.k.n.b.TacletPBuilder Error in parsing taclet. de.uka.ilkd.key.util.parsing.BuildingException: Unsolved symbol in de.uka.ilkd.key.java.JavaParserFactory$DynamicTypeSolver@dc54576 : java.lang.Object at file:/home/runner/work/key/key/key.core/build/resources/main/de/uka/ilkd/key/proof/rules/javaRules.key:3695:15
	at de.uka.ilkd.key.nparser.builder.AbstractBuilder.accept(AbstractBuilder.java:54)
Caused by: com.github.javaparser.resolution.UnsolvedSymbolException: Unsolved symbol in de.uka.ilkd.key.java.JavaParserFactory$DynamicTypeSolver@dc54576 : java.lang.Object
	at com.github.javaparser.resolution.TypeSolver.solveType(TypeSolver.java:71)

17397      ERROR Test worker     d.u.i.k.n.b.AbstractBuilder  com.github.javaparser.resolution.UnsolvedSymbolException: Unsolved symbol in de.uka.ilkd.key.java.JavaParserFactory$DynamicTypeSolver@dc54576 : java.lang.Object
	at com.github.javaparser.resolution.TypeSolver.solveType(TypeSolver.java:71)

17397      ERROR Test worker     d.u.i.k.n.b.TacletPBuilder Error in parsing taclet. de.uka.ilkd.key.util.parsing.BuildingException: Unsolved symbol in de.uka.ilkd.key.java.JavaParserFactory$DynamicTypeSolver@dc54576 : java.lang.Object at file:/home/runner/work/key/key/key.core/build/resources/main/de/uka/ilkd/key/proof/rules/javaRules.key:3702:15
	at de.uka.ilkd.key.nparser.builder.AbstractBuilder.accept(AbstractBuilder.java:54)
Caused by: com.github.javaparser.resolution.UnsolvedSymbolException: Unsolved symbol in de.uka.ilkd.key.java.JavaParserFactory$DynamicTypeSolver@dc54576 : java.lang.Object
	at com.github.javaparser.resolution.TypeSolver.solveType(TypeSolver.java:71)

17399      ERROR Test worker     d.u.i.k.n.b.AbstractBuilder  com.github.javaparser.resolution.UnsolvedSymbolException: Unsolved symbol in de.uka.ilkd.key.java.JavaParserFactory$DynamicTypeSolver@dc54576 : java.lang.Object
	at com.github.javaparser.resolution.TypeSolver.solveType(TypeSolver.java:71)

17399      ERROR Test worker     d.u.i.k.n.b.TacletPBuilder Error in parsing taclet. de.uka.ilkd.key.util.parsing.BuildingException: Unsolved symbol in de.uka.ilkd.key.java.JavaParserFactory$DynamicTypeSolver@dc54576 : java.lang.Object at file:/home/runner/work/key/key/key.core/build/resources/main/de/uka/ilkd/key/proof/rules/javaRules.key:3712:15
	at de.uka.ilkd.key.nparser.builder.AbstractBuilder.accept(AbstractBuilder.java:54)
Caused by: com.github.javaparser.resolution.UnsolvedSymbolException: Unsolved symbol in de.uka.ilkd.key.java.JavaParserFactory$DynamicTypeSolver@dc54576 : java.lang.Object
	at com.github.javaparser.resolution.TypeSolver.solveType(TypeSolver.java:71)

17401      ERROR Test worker     d.u.i.k.n.b.AbstractBuilder  com.github.javaparser.resolution.UnsolvedSymbolException: Unsolved symbol in de.uka.ilkd.key.java.JavaParserFactory$DynamicTypeSolver@dc54576 : java.lang.Object
	at com.github.javaparser.resolution.TypeSolver.solveType(TypeSolver.java:71)

17401      ERROR Test worker     d.u.i.k.n.b.TacletPBuilder Error in parsing taclet. de.uka.ilkd.key.util.parsing.BuildingException: Unsolved symbol in de.uka.ilkd.key.java.JavaParserFactory$DynamicTypeSolver@dc54576 : java.lang.Object at file:/home/runner/work/key/key/key.core/build/resources/main/de/uka/ilkd/key/proof/rules/javaRules.key:3723:15
	at de.uka.ilkd.key.nparser.builder.AbstractBuilder.accept(AbstractBuilder.java:54)
Caused by: com.github.javaparser.resolution.UnsolvedSymbolException: Unsolved symbol in de.uka.ilkd.key.java.JavaParserFactory$DynamicTypeSolver@dc54576 : java.lang.Object
	at com.github.javaparser.resolution.TypeSolver.solveType(TypeSolver.java:71)

17403      ERROR Test worker     d.u.i.k.n.b.AbstractBuilder  com.github.javaparser.resolution.UnsolvedSymbolException: Unsolved symbol in de.uka.ilkd.key.java.JavaParserFactory$DynamicTypeSolver@dc54576 : java.lang.Object
	at com.github.javaparser.resolution.TypeSolver.solveType(TypeSolver.java:71)

17403      ERROR Test worker     d.u.i.k.n.b.TacletPBuilder Error in parsing taclet. de.uka.ilkd.key.util.parsing.BuildingException: Unsolved symbol in de.uka.ilkd.key.java.JavaParserFactory$DynamicTypeSolver@dc54576 : java.lang.Object at file:/home/runner/work/key/key/key.core/build/resources/main/de/uka/ilkd/key/proof/rules/javaRules.key:3735:15
	at de.uka.ilkd.key.nparser.builder.AbstractBuilder.accept(AbstractBuilder.java:54)
Caused by: com.github.javaparser.resolution.UnsolvedSymbolException: Unsolved symbol in de.uka.ilkd.key.java.JavaParserFactory$DynamicTypeSolver@dc54576 : java.lang.Object
	at com.github.javaparser.resolution.TypeSolver.solveType(TypeSolver.java:71)

17405      ERROR Test worker     d.u.i.k.n.b.AbstractBuilder  com.github.javaparser.resolution.UnsolvedSymbolException: Unsolved symbol in de.uka.ilkd.key.java.JavaParserFactory$DynamicTypeSolver@dc54576 : java.lang.Object
	at com.github.javaparser.resolution.TypeSolver.solveType(TypeSolver.java:71)

17406      ERROR Test worker     d.u.i.k.n.b.TacletPBuilder Error in parsing taclet. de.uka.ilkd.key.util.parsing.BuildingException: Unsolved symbol in de.uka.ilkd.key.java.JavaParserFactory$DynamicTypeSolver@dc54576 : java.lang.Object at file:/home/runner/work/key/key/key.core/build/resources/main/de/uka/ilkd/key/proof/rules/javaRules.key:3747:15
	at de.uka.ilkd.key.nparser.builder.AbstractBuilder.accept(AbstractBuilder.java:54)
Caused by: com.github.javaparser.resolution.UnsolvedSymbolException: Unsolved symbol in de.uka.ilkd.key.java.JavaParserFactory$DynamicTypeSolver@dc54576 : java.lang.Object
	at com.github.javaparser.resolution.TypeSolver.solveType(TypeSolver.java:71)

17407      ERROR Test worker     d.u.i.k.n.b.AbstractBuilder  com.github.javaparser.resolution.UnsolvedSymbolException: Unsolved symbol in de.uka.ilkd.key.java.JavaParserFactory$DynamicTypeSolver@dc54576 : java.lang.Object
	at com.github.javaparser.resolution.TypeSolver.solveType(TypeSolver.java:71)

17408      ERROR Test worker     d.u.i.k.n.b.TacletPBuilder Error in parsing taclet. de.uka.ilkd.key.util.parsing.BuildingException: Unsolved symbol in de.uka.ilkd.key.java.JavaParserFactory$DynamicTypeSolver@dc54576 : java.lang.Object at file:/home/runner/work/key/key/key.core/build/resources/main/de/uka/ilkd/key/proof/rules/javaRules.key:3761:15
	at de.uka.ilkd.key.nparser.builder.AbstractBuilder.accept(AbstractBuilder.java:54)
Caused by: com.github.javaparser.resolution.UnsolvedSymbolException: Unsolved symbol in de.uka.ilkd.key.java.JavaParserFactory$DynamicTypeSolver@dc54576 : java.lang.Object
	at com.github.javaparser.resolution.TypeSolver.solveType(TypeSolver.java:71)

17410      ERROR Test worker     d.u.i.k.n.b.AbstractBuilder  com.github.javaparser.resolution.UnsolvedSymbolException: Unsolved symbol in de.uka.ilkd.key.java.JavaParserFactory$DynamicTypeSolver@dc54576 : java.lang.Object
	at com.github.javaparser.resolution.TypeSolver.solveType(TypeSolver.java:71)

17410      ERROR Test worker     d.u.i.k.n.b.TacletPBuilder Error in parsing taclet. de.uka.ilkd.key.util.parsing.BuildingException: Unsolved symbol in de.uka.ilkd.key.java.JavaParserFactory$DynamicTypeSolver@dc54576 : java.lang.Object at file:/home/runner/work/key/key/key.core/build/resources/main/de/uka/ilkd/key/proof/rules/javaRules.key:3769:15
	at de.uka.ilkd.key.nparser.builder.AbstractBuilder.accept(AbstractBuilder.java:54)
Caused by: com.github.javaparser.resolution.UnsolvedSymbolException: Unsolved symbol in de.uka.ilkd.key.java.JavaParserFactory$DynamicTypeSolver@dc54576 : java.lang.Object
	at com.github.javaparser.resolution.TypeSolver.solveType(TypeSolver.java:71)

17412      ERROR Test worker     d.u.i.k.n.b.AbstractBuilder  com.github.javaparser.resolution.UnsolvedSymbolException: Unsolved symbol in de.uka.ilkd.key.java.JavaParserFactory$DynamicTypeSolver@dc54576 : java.lang.Object
	at com.github.javaparser.resolution.TypeSolver.solveType(TypeSolver.java:71)

17412      ERROR Test worker     d.u.i.k.n.b.TacletPBuilder Error in parsing taclet. de.uka.ilkd.key.util.parsing.BuildingException: Unsolved symbol in de.uka.ilkd.key.java.JavaParserFactory$DynamicTypeSolver@dc54576 : java.lang.Object at file:/home/runner/work/key/key/key.core/build/resources/main/de/uka/ilkd/key/proof/rules/javaRules.key:3780:15
	at de.uka.ilkd.key.nparser.builder.AbstractBuilder.accept(AbstractBuilder.java:54)
Caused by: com.github.javaparser.resolution.UnsolvedSymbolException: Unsolved symbol in de.uka.ilkd.key.java.JavaParserFactory$DynamicTypeSolver@dc54576 : java.lang.Object
	at com.github.javaparser.resolution.TypeSolver.solveType(TypeSolver.java:71)

17418      ERROR Test worker     d.u.i.k.n.b.AbstractBuilder  com.github.javaparser.resolution.UnsolvedSymbolException: Unsolved symbol in de.uka.ilkd.key.java.JavaParserFactory$DynamicTypeSolver@dc54576 : java.lang.Object
	at com.github.javaparser.resolution.TypeSolver.solveType(TypeSolver.java:71)

17419      ERROR Test worker     d.u.i.k.n.b.TacletPBuilder Error in parsing taclet. de.uka.ilkd.key.util.parsing.BuildingException: Unsolved symbol in de.uka.ilkd.key.java.JavaParserFactory$DynamicTypeSolver@dc54576 : java.lang.Object at file:/home/runner/work/key/key/key.core/build/resources/main/de/uka/ilkd/key/proof/rules/javaRules.key:3792:15
	at de.uka.ilkd.key.nparser.builder.AbstractBuilder.accept(AbstractBuilder.java:54)
Caused by: com.github.javaparser.resolution.UnsolvedSymbolException: Unsolved symbol in de.uka.ilkd.key.java.JavaParserFactory$DynamicTypeSolver@dc54576 : java.lang.Object
	at com.github.javaparser.resolution.TypeSolver.solveType(TypeSolver.java:71)

17420      ERROR Test worker     d.u.i.k.n.b.AbstractBuilder  com.github.javaparser.resolution.UnsolvedSymbolException: Unsolved symbol in de.uka.ilkd.key.java.JavaParserFactory$DynamicTypeSolver@dc54576 : java.lang.Object
	at com.github.javaparser.resolution.TypeSolver.solveType(TypeSolver.java:71)

17421      ERROR Test worker     d.u.i.k.n.b.TacletPBuilder Error in parsing taclet. de.uka.ilkd.key.util.parsing.BuildingException: Unsolved symbol in de.uka.ilkd.key.java.JavaParserFactory$DynamicTypeSolver@dc54576 : java.lang.Object at file:/home/runner/work/key/key/key.core/build/resources/main/de/uka/ilkd/key/proof/rules/javaRules.key:3803:15
	at de.uka.ilkd.key.nparser.builder.AbstractBuilder.accept(AbstractBuilder.java:54)
Caused by: com.github.javaparser.resolution.UnsolvedSymbolException: Unsolved symbol in de.uka.ilkd.key.java.JavaParserFactory$DynamicTypeSolver@dc54576 : java.lang.Object
	at com.github.javaparser.resolution.TypeSolver.solveType(TypeSolver.java:71)

17429      ERROR Test worker     d.u.i.k.n.b.AbstractBuilder  com.github.javaparser.resolution.UnsolvedSymbolException: Unsolved symbol in de.uka.ilkd.key.java.JavaParserFactory$DynamicTypeSolver@dc54576 : java.lang.Object
	at com.github.javaparser.resolution.TypeSolver.solveType(TypeSolver.java:71)

17429      ERROR Test worker     d.u.i.k.n.b.TacletPBuilder Error in parsing taclet. de.uka.ilkd.key.util.parsing.BuildingException: Unsolved symbol in de.uka.ilkd.key.java.JavaParserFactory$DynamicTypeSolver@dc54576 : java.lang.Object at file:/home/runner/work/key/key/key.core/build/resources/main/de/uka/ilkd/key/proof/rules/javaRules.key:3810:15
	at de.uka.ilkd.key.nparser.builder.AbstractBuilder.accept(AbstractBuilder.java:54)
Caused by: com.github.javaparser.resolution.UnsolvedSymbolException: Unsolved symbol in de.uka.ilkd.key.java.JavaParserFactory$DynamicTypeSolver@dc54576 : java.lang.Object
	at com.github.javaparser.resolution.TypeSolver.solveType(TypeSolver.java:71)

17440      ERROR Test worker     d.u.i.k.n.b.AbstractBuilder  com.github.javaparser.resolution.UnsolvedSymbolException: Unsolved symbol in de.uka.ilkd.key.java.JavaParserFactory$DynamicTypeSolver@dc54576 : java.lang.Object
	at com.github.javaparser.resolution.TypeSolver.solveType(TypeSolver.java:71)

17440      ERROR Test worker     d.u.i.k.n.b.TacletPBuilder Error in parsing taclet. de.uka.ilkd.key.util.parsing.BuildingException: Unsolved symbol in de.uka.ilkd.key.java.JavaParserFactory$DynamicTypeSolver@dc54576 : java.lang.Object at file:/home/runner/work/key/key/key.core/build/resources/main/de/uka/ilkd/key/proof/rules/javaRules.key:3817:15
	at de.uka.ilkd.key.nparser.builder.AbstractBuilder.accept(AbstractBuilder.java:54)
Caused by: com.github.javaparser.resolution.UnsolvedSymbolException: Unsolved symbol in de.uka.ilkd.key.java.JavaParserFactory$DynamicTypeSolver@dc54576 : java.lang.Object
	at com.github.javaparser.resolution.TypeSolver.solveType(TypeSolver.java:71)

17446      ERROR Test worker     d.u.i.k.n.b.AbstractBuilder  com.github.javaparser.resolution.UnsolvedSymbolException: Unsolved symbol in de.uka.ilkd.key.java.JavaParserFactory$DynamicTypeSolver@dc54576 : java.lang.Object
	at com.github.javaparser.resolution.TypeSolver.solveType(TypeSolver.java:71)

17446      ERROR Test worker     d.u.i.k.n.b.TacletPBuilder Error in parsing taclet. de.uka.ilkd.key.util.parsing.BuildingException: Unsolved symbol in de.uka.ilkd.key.java.JavaParserFactory$DynamicTypeSolver@dc54576 : java.lang.Object at file:/home/runner/work/key/key/key.core/build/resources/main/de/uka/ilkd/key/proof/rules/javaRules.key:3828:15
	at de.uka.ilkd.key.nparser.builder.AbstractBuilder.accept(AbstractBuilder.java:54)
Caused by: com.github.javaparser.resolution.UnsolvedSymbolException: Unsolved symbol in de.uka.ilkd.key.java.JavaParserFactory$DynamicTypeSolver@dc54576 : java.lang.Object
	at com.github.javaparser.resolution.TypeSolver.solveType(TypeSolver.java:71)

17471      ERROR Test worker     d.u.i.k.n.b.AbstractBuilder  com.github.javaparser.resolution.UnsolvedSymbolException: Unsolved symbol in de.uka.ilkd.key.java.JavaParserFactory$DynamicTypeSolver@dc54576 : java.lang.Object
	at com.github.javaparser.resolution.TypeSolver.solveType(TypeSolver.java:71)

17472      ERROR Test worker     d.u.i.k.n.b.TacletPBuilder Error in parsing taclet. de.uka.ilkd.key.util.parsing.BuildingException: Unsolved symbol in de.uka.ilkd.key.java.JavaParserFactory$DynamicTypeSolver@dc54576 : java.lang.Object at file:/home/runner/work/key/key/key.core/build/resources/main/de/uka/ilkd/key/proof/rules/loopRules.key:26:15
	at de.uka.ilkd.key.nparser.builder.AbstractBuilder.accept(AbstractBuilder.java:54)
Caused by: com.github.javaparser.resolution.UnsolvedSymbolException: Unsolved symbol in de.uka.ilkd.key.java.JavaParserFactory$DynamicTypeSolver@dc54576 : java.lang.Object
	at com.github.javaparser.resolution.TypeSolver.solveType(TypeSolver.java:71)

17478      ERROR Test worker     d.u.i.k.n.b.AbstractBuilder  com.github.javaparser.resolution.UnsolvedSymbolException: Unsolved symbol in de.uka.ilkd.key.java.JavaParserFactory$DynamicTypeSolver@dc54576 : java.lang.Object
	at com.github.javaparser.resolution.TypeSolver.solveType(TypeSolver.java:71)

17478      ERROR Test worker     d.u.i.k.n.b.TacletPBuilder Error in parsing taclet. de.uka.ilkd.key.util.parsing.BuildingException: Unsolved symbol in de.uka.ilkd.key.java.JavaParserFactory$DynamicTypeSolver@dc54576 : java.lang.Object at file:/home/runner/work/key/key/key.core/build/resources/main/de/uka/ilkd/key/proof/rules/loopRules.key:34:15
	at de.uka.ilkd.key.nparser.builder.AbstractBuilder.accept(AbstractBuilder.java:54)
Caused by: com.github.javaparser.resolution.UnsolvedSymbolException: Unsolved symbol in de.uka.ilkd.key.java.JavaParserFactory$DynamicTypeSolver@dc54576 : java.lang.Object
	at com.github.javaparser.resolution.TypeSolver.solveType(TypeSolver.java:71)

17480      ERROR Test worker     d.u.i.k.n.b.AbstractBuilder  com.github.javaparser.resolution.UnsolvedSymbolException: Unsolved symbol in de.uka.ilkd.key.java.JavaParserFactory$DynamicTypeSolver@dc54576 : java.lang.Object
	at com.github.javaparser.resolution.TypeSolver.solveType(TypeSolver.java:71)

17481      ERROR Test worker     d.u.i.k.n.b.TacletPBuilder Error in parsing taclet. de.uka.ilkd.key.util.parsing.BuildingException: Unsolved symbol in de.uka.ilkd.key.java.JavaParserFactory$DynamicTypeSolver@dc54576 : java.lang.Object at file:/home/runner/work/key/key/key.core/build/resources/main/de/uka/ilkd/key/proof/rules/loopRules.key:45:15
	at de.uka.ilkd.key.nparser.builder.AbstractBuilder.accept(AbstractBuilder.java:54)
Caused by: com.github.javaparser.resolution.UnsolvedSymbolException: Unsolved symbol in de.uka.ilkd.key.java.JavaParserFactory$DynamicTypeSolver@dc54576 : java.lang.Object
	at com.github.javaparser.resolution.TypeSolver.solveType(TypeSolver.java:71)

17485      ERROR Test worker     d.u.i.k.n.b.AbstractBuilder  com.github.javaparser.resolution.UnsolvedSymbolException: Unsolved symbol in de.uka.ilkd.key.java.JavaParserFactory$DynamicTypeSolver@dc54576 : java.lang.Object
	at com.github.javaparser.resolution.TypeSolver.solveType(TypeSolver.java:71)

17486      ERROR Test worker     d.u.i.k.n.b.TacletPBuilder Error in parsing taclet. de.uka.ilkd.key.util.parsing.BuildingException: Unsolved symbol in de.uka.ilkd.key.java.JavaParserFactory$DynamicTypeSolver@dc54576 : java.lang.Object at file:/home/runner/work/key/key/key.core/build/resources/main/de/uka/ilkd/key/proof/rules/loopRules.key:52:15
	at de.uka.ilkd.key.nparser.builder.AbstractBuilder.accept(AbstractBuilder.java:54)
Caused by: com.github.javaparser.resolution.UnsolvedSymbolException: Unsolved symbol in de.uka.ilkd.key.java.JavaParserFactory$DynamicTypeSolver@dc54576 : java.lang.Object
	at com.github.javaparser.resolution.TypeSolver.solveType(TypeSolver.java:71)

17655      ERROR Test worker     d.u.i.k.n.b.AbstractBuilder  com.github.javaparser.resolution.UnsolvedSymbolException: Unsolved symbol in de.uka.ilkd.key.java.JavaParserFactory$DynamicTypeSolver@dc54576 : java.lang.Object
	at com.github.javaparser.resolution.TypeSolver.solveType(TypeSolver.java:71)

17655      ERROR Test worker     d.u.i.k.n.b.TacletPBuilder Error in parsing taclet. de.uka.ilkd.key.util.parsing.BuildingException: Unsolved symbol in de.uka.ilkd.key.java.JavaParserFactory$DynamicTypeSolver@dc54576 : java.lang.Object at file:/home/runner/work/key/key/key.core/build/resources/main/de/uka/ilkd/key/proof/rules/activeUse.key:25:15
	at de.uka.ilkd.key.nparser.builder.AbstractBuilder.accept(AbstractBuilder.java:54)
Caused by: com.github.javaparser.resolution.UnsolvedSymbolException: Unsolved symbol in de.uka.ilkd.key.java.JavaParserFactory$DynamicTypeSolver@dc54576 : java.lang.Object
	at com.github.javaparser.resolution.TypeSolver.solveType(TypeSolver.java:71)

17657      ERROR Test worker     d.u.i.k.n.b.AbstractBuilder  com.github.javaparser.resolution.UnsolvedSymbolException: Unsolved symbol in de.uka.ilkd.key.java.JavaParserFactory$DynamicTypeSolver@dc54576 : java.lang.Object
	at com.github.javaparser.resolution.TypeSolver.solveType(TypeSolver.java:71)

17657      ERROR Test worker     d.u.i.k.n.b.TacletPBuilder Error in parsing taclet. de.uka.ilkd.key.util.parsing.BuildingException: Unsolved symbol in de.uka.ilkd.key.java.JavaParserFactory$DynamicTypeSolver@dc54576 : java.lang.Object at file:/home/runner/work/key/key/key.core/build/resources/main/de/uka/ilkd/key/proof/rules/activeUse.key:38:15
	at de.uka.ilkd.key.nparser.builder.AbstractBuilder.accept(AbstractBuilder.java:54)
Caused by: com.github.javaparser.resolution.UnsolvedSymbolException: Unsolved symbol in de.uka.ilkd.key.java.JavaParserFactory$DynamicTypeSolver@dc54576 : java.lang.Object
	at com.github.javaparser.resolution.TypeSolver.solveType(TypeSolver.java:71)

17669      ERROR Test worker     d.u.i.k.n.b.AbstractBuilder  com.github.javaparser.resolution.UnsolvedSymbolException: Unsolved symbol in de.uka.ilkd.key.java.JavaParserFactory$DynamicTypeSolver@dc54576 : java.lang.Object
	at com.github.javaparser.resolution.TypeSolver.solveType(TypeSolver.java:71)

17670      ERROR Test worker     d.u.i.k.n.b.TacletPBuilder Error in parsing taclet. de.uka.ilkd.key.util.parsing.BuildingException: Unsolved symbol in de.uka.ilkd.key.java.JavaParserFactory$DynamicTypeSolver@dc54576 : java.lang.Object at file:/home/runner/work/key/key/key.core/build/resources/main/de/uka/ilkd/key/proof/rules/activeUse.key:52:15
	at de.uka.ilkd.key.nparser.builder.AbstractBuilder.accept(AbstractBuilder.java:54)
Caused by: com.github.javaparser.resolution.UnsolvedSymbolException: Unsolved symbol in de.uka.ilkd.key.java.JavaParserFactory$DynamicTypeSolver@dc54576 : java.lang.Object
	at com.github.javaparser.resolution.TypeSolver.solveType(TypeSolver.java:71)

17670      ERROR Test worker     d.u.i.k.n.b.TacletPBuilder Override: #arr (program Expression) #arr (program Expression) 
17670      ERROR Test worker     d.u.i.k.n.b.TacletPBuilder Override: #idx (program Expression) #idx (program Expression) 
17672      ERROR Test worker     d.u.i.k.n.b.AbstractBuilder  com.github.javaparser.resolution.UnsolvedSymbolException: Unsolved symbol in de.uka.ilkd.key.java.JavaParserFactory$DynamicTypeSolver@dc54576 : java.lang.Object
	at com.github.javaparser.resolution.TypeSolver.solveType(TypeSolver.java:71)

17672      ERROR Test worker     d.u.i.k.n.b.TacletPBuilder Error in parsing taclet. de.uka.ilkd.key.util.parsing.BuildingException: Unsolved symbol in de.uka.ilkd.key.java.JavaParserFactory$DynamicTypeSolver@dc54576 : java.lang.Object at file:/home/runner/work/key/key/key.core/build/resources/main/de/uka/ilkd/key/proof/rules/activeUse.key:66:15
	at de.uka.ilkd.key.nparser.builder.AbstractBuilder.accept(AbstractBuilder.java:54)
Caused by: com.github.javaparser.resolution.UnsolvedSymbolException: Unsolved symbol in de.uka.ilkd.key.java.JavaParserFactory$DynamicTypeSolver@dc54576 : java.lang.Object
	at com.github.javaparser.resolution.TypeSolver.solveType(TypeSolver.java:71)

17674      ERROR Test worker     d.u.i.k.n.b.AbstractBuilder  com.github.javaparser.resolution.UnsolvedSymbolException: Unsolved symbol in de.uka.ilkd.key.java.JavaParserFactory$DynamicTypeSolver@dc54576 : java.lang.Object
	at com.github.javaparser.resolution.TypeSolver.solveType(TypeSolver.java:71)

17674      ERROR Test worker     d.u.i.k.n.b.TacletPBuilder Error in parsing taclet. de.uka.ilkd.key.util.parsing.BuildingException: Unsolved symbol in de.uka.ilkd.key.java.JavaParserFactory$DynamicTypeSolver@dc54576 : java.lang.Object at file:/home/runner/work/key/key/key.core/build/resources/main/de/uka/ilkd/key/proof/rules/activeUse.key:79:15
	at de.uka.ilkd.key.nparser.builder.AbstractBuilder.accept(AbstractBuilder.java:54)
Caused by: com.github.javaparser.resolution.UnsolvedSymbolException: Unsolved symbol in de.uka.ilkd.key.java.JavaParserFactory$DynamicTypeSolver@dc54576 : java.lang.Object
	at com.github.javaparser.resolution.TypeSolver.solveType(TypeSolver.java:71)

17676      ERROR Test worker     d.u.i.k.n.b.AbstractBuilder  com.github.javaparser.resolution.UnsolvedSymbolException: Unsolved symbol in de.uka.ilkd.key.java.JavaParserFactory$DynamicTypeSolver@dc54576 : java.lang.Object
	at com.github.javaparser.resolution.TypeSolver.solveType(TypeSolver.java:71)

17677      ERROR Test worker     d.u.i.k.n.b.TacletPBuilder Error in parsing taclet. de.uka.ilkd.key.util.parsing.BuildingException: Unsolved symbol in de.uka.ilkd.key.java.JavaParserFactory$DynamicTypeSolver@dc54576 : java.lang.Object at file:/home/runner/work/key/key/key.core/build/resources/main/de/uka/ilkd/key/proof/rules/activeUse.key:92:15
	at de.uka.ilkd.key.nparser.builder.AbstractBuilder.accept(AbstractBuilder.java:54)
Caused by: com.github.javaparser.resolution.UnsolvedSymbolException: Unsolved symbol in de.uka.ilkd.key.java.JavaParserFactory$DynamicTypeSolver@dc54576 : java.lang.Object
	at com.github.javaparser.resolution.TypeSolver.solveType(TypeSolver.java:71)

17679      ERROR Test worker     d.u.i.k.n.b.AbstractBuilder  com.github.javaparser.resolution.UnsolvedSymbolException: Unsolved symbol in de.uka.ilkd.key.java.JavaParserFactory$DynamicTypeSolver@dc54576 : java.lang.Object
	at com.github.javaparser.resolution.TypeSolver.solveType(TypeSolver.java:71)

17679      ERROR Test worker     d.u.i.k.n.b.TacletPBuilder Error in parsing taclet. de.uka.ilkd.key.util.parsing.BuildingException: Unsolved symbol in de.uka.ilkd.key.java.JavaParserFactory$DynamicTypeSolver@dc54576 : java.lang.Object at file:/home/runner/work/key/key/key.core/build/resources/main/de/uka/ilkd/key/proof/rules/activeUse.key:105:15
	at de.uka.ilkd.key.nparser.builder.AbstractBuilder.accept(AbstractBuilder.java:54)
Caused by: com.github.javaparser.resolution.UnsolvedSymbolException: Unsolved symbol in de.uka.ilkd.key.java.JavaParserFactory$DynamicTypeSolver@dc54576 : java.lang.Object
	at com.github.javaparser.resolution.TypeSolver.solveType(TypeSolver.java:71)

17694      ERROR Test worker     d.u.i.k.n.b.AbstractBuilder  com.github.javaparser.resolution.UnsolvedSymbolException: Unsolved symbol in de.uka.ilkd.key.java.JavaParserFactory$DynamicTypeSolver@dc54576 : java.lang.Object
	at com.github.javaparser.resolution.TypeSolver.solveType(TypeSolver.java:71)

17694      ERROR Test worker     d.u.i.k.n.b.TacletPBuilder Error in parsing taclet. de.uka.ilkd.key.util.parsing.BuildingException: Unsolved symbol in de.uka.ilkd.key.java.JavaParserFactory$DynamicTypeSolver@dc54576 : java.lang.Object at file:/home/runner/work/key/key/key.core/build/resources/main/de/uka/ilkd/key/proof/rules/activeUse.key:115:15
	at de.uka.ilkd.key.nparser.builder.AbstractBuilder.accept(AbstractBuilder.java:54)
Caused by: com.github.javaparser.resolution.UnsolvedSymbolException: Unsolved symbol in de.uka.ilkd.key.java.JavaParserFactory$DynamicTypeSolver@dc54576 : java.lang.Object
	at com.github.javaparser.resolution.TypeSolver.solveType(TypeSolver.java:71)

17698      ERROR Test worker     d.u.i.k.n.b.AbstractBuilder  com.github.javaparser.resolution.UnsolvedSymbolException: Unsolved symbol in de.uka.ilkd.key.java.JavaParserFactory$DynamicTypeSolver@dc54576 : java.lang.Object
	at com.github.javaparser.resolution.TypeSolver.solveType(TypeSolver.java:71)

17699      ERROR Test worker     d.u.i.k.n.b.TacletPBuilder Error in parsing taclet. de.uka.ilkd.key.util.parsing.BuildingException: Unsolved symbol in de.uka.ilkd.key.java.JavaParserFactory$DynamicTypeSolver@dc54576 : java.lang.Object at file:/home/runner/work/key/key/key.core/build/resources/main/de/uka/ilkd/key/proof/rules/activeUse.key:129:15
	at de.uka.ilkd.key.nparser.builder.AbstractBuilder.accept(AbstractBuilder.java:54)
Caused by: com.github.javaparser.resolution.UnsolvedSymbolException: Unsolved symbol in de.uka.ilkd.key.java.JavaParserFactory$DynamicTypeSolver@dc54576 : java.lang.Object
	at com.github.javaparser.resolution.TypeSolver.solveType(TypeSolver.java:71)

17711      ERROR Test worker     d.u.i.k.n.b.AbstractBuilder  com.github.javaparser.resolution.UnsolvedSymbolException: Unsolved symbol in de.uka.ilkd.key.java.JavaParserFactory$DynamicTypeSolver@dc54576 : java.lang.Object
	at com.github.javaparser.resolution.TypeSolver.solveType(TypeSolver.java:71)

17711      ERROR Test worker     d.u.i.k.n.b.TacletPBuilder Error in parsing taclet. de.uka.ilkd.key.util.parsing.BuildingException: Unsolved symbol in de.uka.ilkd.key.java.JavaParserFactory$DynamicTypeSolver@dc54576 : java.lang.Object at file:/home/runner/work/key/key/key.core/build/resources/main/de/uka/ilkd/key/proof/rules/activeUse.key:141:15
	at de.uka.ilkd.key.nparser.builder.AbstractBuilder.accept(AbstractBuilder.java:54)
Caused by: com.github.javaparser.resolution.UnsolvedSymbolException: Unsolved symbol in de.uka.ilkd.key.java.JavaParserFactory$DynamicTypeSolver@dc54576 : java.lang.Object
	at com.github.javaparser.resolution.TypeSolver.solveType(TypeSolver.java:71)

17712      ERROR Test worker     d.u.i.k.n.b.TacletPBuilder Override: #arr (program Expression) #arr (program Expression) 
17712      ERROR Test worker     d.u.i.k.n.b.TacletPBuilder Override: #idx (program Expression) #idx (program Expression) 
17714      ERROR Test worker     d.u.i.k.n.b.AbstractBuilder  com.github.javaparser.resolution.UnsolvedSymbolException: Unsolved symbol in de.uka.ilkd.key.java.JavaParserFactory$DynamicTypeSolver@dc54576 : java.lang.Object
	at com.github.javaparser.resolution.TypeSolver.solveType(TypeSolver.java:71)

17714      ERROR Test worker     d.u.i.k.n.b.TacletPBuilder Error in parsing taclet. de.uka.ilkd.key.util.parsing.BuildingException: Unsolved symbol in de.uka.ilkd.key.java.JavaParserFactory$DynamicTypeSolver@dc54576 : java.lang.Object at file:/home/runner/work/key/key/key.core/build/resources/main/de/uka/ilkd/key/proof/rules/activeUse.key:154:15
	at de.uka.ilkd.key.nparser.builder.AbstractBuilder.accept(AbstractBuilder.java:54)
Caused by: com.github.javaparser.resolution.UnsolvedSymbolException: Unsolved symbol in de.uka.ilkd.key.java.JavaParserFactory$DynamicTypeSolver@dc54576 : java.lang.Object
	at com.github.javaparser.resolution.TypeSolver.solveType(TypeSolver.java:71)

17715      ERROR Test worker     d.u.i.k.n.b.TacletPBuilder Override: #arr (program Expression) #arr (program Expression) 
17715      ERROR Test worker     d.u.i.k.n.b.TacletPBuilder Override: #idx (program Expression) #idx (program Expression) 
17717      ERROR Test worker     d.u.i.k.n.b.AbstractBuilder  com.github.javaparser.resolution.UnsolvedSymbolException: Unsolved symbol in de.uka.ilkd.key.java.JavaParserFactory$DynamicTypeSolver@dc54576 : java.lang.Object
	at com.github.javaparser.resolution.TypeSolver.solveType(TypeSolver.java:71)

17725      ERROR Test worker     d.u.i.k.n.b.TacletPBuilder Error in parsing taclet. de.uka.ilkd.key.util.parsing.BuildingException: Unsolved symbol in de.uka.ilkd.key.java.JavaParserFactory$DynamicTypeSolver@dc54576 : java.lang.Object at file:/home/runner/work/key/key/key.core/build/resources/main/de/uka/ilkd/key/proof/rules/activeUse.key:167:15
	at de.uka.ilkd.key.nparser.builder.AbstractBuilder.accept(AbstractBuilder.java:54)
Caused by: com.github.javaparser.resolution.UnsolvedSymbolException: Unsolved symbol in de.uka.ilkd.key.java.JavaParserFactory$DynamicTypeSolver@dc54576 : java.lang.Object
	at com.github.javaparser.resolution.TypeSolver.solveType(TypeSolver.java:71)

17727      ERROR Test worker     d.u.i.k.n.b.AbstractBuilder  com.github.javaparser.resolution.UnsolvedSymbolException: Unsolved symbol in de.uka.ilkd.key.java.JavaParserFactory$DynamicTypeSolver@dc54576 : java.lang.Object
	at com.github.javaparser.resolution.TypeSolver.solveType(TypeSolver.java:71)

17728      ERROR Test worker     d.u.i.k.n.b.TacletPBuilder Error in parsing taclet. de.uka.ilkd.key.util.parsing.BuildingException: Unsolved symbol in de.uka.ilkd.key.java.JavaParserFactory$DynamicTypeSolver@dc54576 : java.lang.Object at file:/home/runner/work/key/key/key.core/build/resources/main/de/uka/ilkd/key/proof/rules/activeUse.key:179:15
	at de.uka.ilkd.key.nparser.builder.AbstractBuilder.accept(AbstractBuilder.java:54)
Caused by: com.github.javaparser.resolution.UnsolvedSymbolException: Unsolved symbol in de.uka.ilkd.key.java.JavaParserFactory$DynamicTypeSolver@dc54576 : java.lang.Object
	at com.github.javaparser.resolution.TypeSolver.solveType(TypeSolver.java:71)

17737      ERROR Test worker     d.u.i.k.n.b.AbstractBuilder  com.github.javaparser.resolution.UnsolvedSymbolException: Unsolved symbol in de.uka.ilkd.key.java.JavaParserFactory$DynamicTypeSolver@dc54576 : java.lang.Object
	at com.github.javaparser.resolution.TypeSolver.solveType(TypeSolver.java:71)

17738      ERROR Test worker     d.u.i.k.n.b.TacletPBuilder Error in parsing taclet. de.uka.ilkd.key.util.parsing.BuildingException: Unsolved symbol in de.uka.ilkd.key.java.JavaParserFactory$DynamicTypeSolver@dc54576 : java.lang.Object at file:/home/runner/work/key/key/key.core/build/resources/main/de/uka/ilkd/key/proof/rules/activeUse.key:191:15
	at de.uka.ilkd.key.nparser.builder.AbstractBuilder.accept(AbstractBuilder.java:54)
Caused by: com.github.javaparser.resolution.UnsolvedSymbolException: Unsolved symbol in de.uka.ilkd.key.java.JavaParserFactory$DynamicTypeSolver@dc54576 : java.lang.Object
	at com.github.javaparser.resolution.TypeSolver.solveType(TypeSolver.java:71)

17740      ERROR Test worker     d.u.i.k.n.b.AbstractBuilder  com.github.javaparser.resolution.UnsolvedSymbolException: Unsolved symbol in de.uka.ilkd.key.java.JavaParserFactory$DynamicTypeSolver@dc54576 : java.lang.Object
	at com.github.javaparser.resolution.TypeSolver.solveType(TypeSolver.java:71)

17741      ERROR Test worker     d.u.i.k.n.b.TacletPBuilder Error in parsing taclet. de.uka.ilkd.key.util.parsing.BuildingException: Unsolved symbol in de.uka.ilkd.key.java.JavaParserFactory$DynamicTypeSolver@dc54576 : java.lang.Object at file:/home/runner/work/key/key/key.core/build/resources/main/de/uka/ilkd/key/proof/rules/activeUse.key:203:15
	at de.uka.ilkd.key.nparser.builder.AbstractBuilder.accept(AbstractBuilder.java:54)
Caused by: com.github.javaparser.resolution.UnsolvedSymbolException: Unsolved symbol in de.uka.ilkd.key.java.JavaParserFactory$DynamicTypeSolver@dc54576 : java.lang.Object
	at com.github.javaparser.resolution.TypeSolver.solveType(TypeSolver.java:71)

17743      ERROR Test worker     d.u.i.k.n.b.AbstractBuilder  com.github.javaparser.resolution.UnsolvedSymbolException: Unsolved symbol in de.uka.ilkd.key.java.JavaParserFactory$DynamicTypeSolver@dc54576 : java.lang.Object
	at com.github.javaparser.resolution.TypeSolver.solveType(TypeSolver.java:71)

17744      ERROR Test worker     d.u.i.k.n.b.TacletPBuilder Error in parsing taclet. de.uka.ilkd.key.util.parsing.BuildingException: Unsolved symbol in de.uka.ilkd.key.java.JavaParserFactory$DynamicTypeSolver@dc54576 : java.lang.Object at file:/home/runner/work/key/key/key.core/build/resources/main/de/uka/ilkd/key/proof/rules/activeUse.key:212:15
	at de.uka.ilkd.key.nparser.builder.AbstractBuilder.accept(AbstractBuilder.java:54)
Caused by: com.github.javaparser.resolution.UnsolvedSymbolException: Unsolved symbol in de.uka.ilkd.key.java.JavaParserFactory$DynamicTypeSolver@dc54576 : java.lang.Object
	at com.github.javaparser.resolution.TypeSolver.solveType(TypeSolver.java:71)

17746      ERROR Test worker     d.u.i.k.n.b.AbstractBuilder  com.github.javaparser.resolution.UnsolvedSymbolException: Unsolved symbol in de.uka.ilkd.key.java.JavaParserFactory$DynamicTypeSolver@dc54576 : java.lang.Object
	at com.github.javaparser.resolution.TypeSolver.solveType(TypeSolver.java:71)

17750      ERROR Test worker     d.u.i.k.n.b.TacletPBuilder Error in parsing taclet. de.uka.ilkd.key.util.parsing.BuildingException: Unsolved symbol in de.uka.ilkd.key.java.JavaParserFactory$DynamicTypeSolver@dc54576 : java.lang.Object at file:/home/runner/work/key/key/key.core/build/resources/main/de/uka/ilkd/key/proof/rules/activeUse.key:224:15
	at de.uka.ilkd.key.nparser.builder.AbstractBuilder.accept(AbstractBuilder.java:54)
Caused by: com.github.javaparser.resolution.UnsolvedSymbolException: Unsolved symbol in de.uka.ilkd.key.java.JavaParserFactory$DynamicTypeSolver@dc54576 : java.lang.Object
	at com.github.javaparser.resolution.TypeSolver.solveType(TypeSolver.java:71)

17753      ERROR Test worker     d.u.i.k.n.b.AbstractBuilder  com.github.javaparser.resolution.UnsolvedSymbolException: Unsolved symbol in de.uka.ilkd.key.java.JavaParserFactory$DynamicTypeSolver@dc54576 : java.lang.Object
	at com.github.javaparser.resolution.TypeSolver.solveType(TypeSolver.java:71)

17753      ERROR Test worker     d.u.i.k.n.b.TacletPBuilder Error in parsing taclet. de.uka.ilkd.key.util.parsing.BuildingException: Unsolved symbol in de.uka.ilkd.key.java.JavaParserFactory$DynamicTypeSolver@dc54576 : java.lang.Object at file:/home/runner/work/key/key/key.core/build/resources/main/de/uka/ilkd/key/proof/rules/activeUse.key:240:15
	at de.uka.ilkd.key.nparser.builder.AbstractBuilder.accept(AbstractBuilder.java:54)
Caused by: com.github.javaparser.resolution.UnsolvedSymbolException: Unsolved symbol in de.uka.ilkd.key.java.JavaParserFactory$DynamicTypeSolver@dc54576 : java.lang.Object
	at com.github.javaparser.resolution.TypeSolver.solveType(TypeSolver.java:71)

17755      ERROR Test worker     d.u.i.k.n.b.AbstractBuilder  com.github.javaparser.resolution.UnsolvedSymbolException: Unsolved symbol in de.uka.ilkd.key.java.JavaParserFactory$DynamicTypeSolver@dc54576 : java.lang.Object
	at com.github.javaparser.resolution.TypeSolver.solveType(TypeSolver.java:71)

17758      ERROR Test worker     d.u.i.k.n.b.TacletPBuilder Error in parsing taclet. de.uka.ilkd.key.util.parsing.BuildingException: Unsolved symbol in de.uka.ilkd.key.java.JavaParserFactory$DynamicTypeSolver@dc54576 : java.lang.Object at file:/home/runner/work/key/key/key.core/build/resources/main/de/uka/ilkd/key/proof/rules/activeUse.key:254:15
	at de.uka.ilkd.key.nparser.builder.AbstractBuilder.accept(AbstractBuilder.java:54)
Caused by: com.github.javaparser.resolution.UnsolvedSymbolException: Unsolved symbol in de.uka.ilkd.key.java.JavaParserFactory$DynamicTypeSolver@dc54576 : java.lang.Object
	at com.github.javaparser.resolution.TypeSolver.solveType(TypeSolver.java:71)

17760      ERROR Test worker     d.u.i.k.n.b.AbstractBuilder  com.github.javaparser.resolution.UnsolvedSymbolException: Unsolved symbol in de.uka.ilkd.key.java.JavaParserFactory$DynamicTypeSolver@dc54576 : java.lang.Object
	at com.github.javaparser.resolution.TypeSolver.solveType(TypeSolver.java:71)

17760      ERROR Test worker     d.u.i.k.n.b.TacletPBuilder Error in parsing taclet. de.uka.ilkd.key.util.parsing.BuildingException: Unsolved symbol in de.uka.ilkd.key.java.JavaParserFactory$DynamicTypeSolver@dc54576 : java.lang.Object at file:/home/runner/work/key/key/key.core/build/resources/main/de/uka/ilkd/key/proof/rules/activeUse.key:268:15
	at de.uka.ilkd.key.nparser.builder.AbstractBuilder.accept(AbstractBuilder.java:54)
Caused by: com.github.javaparser.resolution.UnsolvedSymbolException: Unsolved symbol in de.uka.ilkd.key.java.JavaParserFactory$DynamicTypeSolver@dc54576 : java.lang.Object
	at com.github.javaparser.resolution.TypeSolver.solveType(TypeSolver.java:71)

17762      ERROR Test worker     d.u.i.k.n.b.AbstractBuilder  com.github.javaparser.resolution.UnsolvedSymbolException: Unsolved symbol in de.uka.ilkd.key.java.JavaParserFactory$DynamicTypeSolver@dc54576 : java.lang.Object
	at com.github.javaparser.resolution.TypeSolver.solveType(TypeSolver.java:71)

17763      ERROR Test worker     d.u.i.k.n.b.TacletPBuilder Error in parsing taclet. de.uka.ilkd.key.util.parsing.BuildingException: Unsolved symbol in de.uka.ilkd.key.java.JavaParserFactory$DynamicTypeSolver@dc54576 : java.lang.Object at file:/home/runner/work/key/key/key.core/build/resources/main/de/uka/ilkd/key/proof/rules/activeUse.key:282:15
	at de.uka.ilkd.key.nparser.builder.AbstractBuilder.accept(AbstractBuilder.java:54)
Caused by: com.github.javaparser.resolution.UnsolvedSymbolException: Unsolved symbol in de.uka.ilkd.key.java.JavaParserFactory$DynamicTypeSolver@dc54576 : java.lang.Object
	at com.github.javaparser.resolution.TypeSolver.solveType(TypeSolver.java:71)

17764      ERROR Test worker     d.u.i.k.n.b.AbstractBuilder  com.github.javaparser.resolution.UnsolvedSymbolException: Unsolved symbol in de.uka.ilkd.key.java.JavaParserFactory$DynamicTypeSolver@dc54576 : java.lang.Object
	at com.github.javaparser.resolution.TypeSolver.solveType(TypeSolver.java:71)

17765      ERROR Test worker     d.u.i.k.n.b.TacletPBuilder Error in parsing taclet. de.uka.ilkd.key.util.parsing.BuildingException: Unsolved symbol in de.uka.ilkd.key.java.JavaParserFactory$DynamicTypeSolver@dc54576 : java.lang.Object at file:/home/runner/work/key/key/key.core/build/resources/main/de/uka/ilkd/key/proof/rules/activeUse.key:296:15
	at de.uka.ilkd.key.nparser.builder.AbstractBuilder.accept(AbstractBuilder.java:54)
Caused by: com.github.javaparser.resolution.UnsolvedSymbolException: Unsolved symbol in de.uka.ilkd.key.java.JavaParserFactory$DynamicTypeSolver@dc54576 : java.lang.Object
	at com.github.javaparser.resolution.TypeSolver.solveType(TypeSolver.java:71)

17767      ERROR Test worker     d.u.i.k.n.b.AbstractBuilder  com.github.javaparser.resolution.UnsolvedSymbolException: Unsolved symbol in de.uka.ilkd.key.java.JavaParserFactory$DynamicTypeSolver@dc54576 : java.lang.Object
	at com.github.javaparser.resolution.TypeSolver.solveType(TypeSolver.java:71)

17767      ERROR Test worker     d.u.i.k.n.b.TacletPBuilder Error in parsing taclet. de.uka.ilkd.key.util.parsing.BuildingException: Unsolved symbol in de.uka.ilkd.key.java.JavaParserFactory$DynamicTypeSolver@dc54576 : java.lang.Object at file:/home/runner/work/key/key/key.core/build/resources/main/de/uka/ilkd/key/proof/rules/activeUse.key:310:15
	at de.uka.ilkd.key.nparser.builder.AbstractBuilder.accept(AbstractBuilder.java:54)
Caused by: com.github.javaparser.resolution.UnsolvedSymbolException: Unsolved symbol in de.uka.ilkd.key.java.JavaParserFactory$DynamicTypeSolver@dc54576 : java.lang.Object
	at com.github.javaparser.resolution.TypeSolver.solveType(TypeSolver.java:71)

17769      ERROR Test worker     d.u.i.k.n.b.AbstractBuilder  com.github.javaparser.resolution.UnsolvedSymbolException: Unsolved symbol in de.uka.ilkd.key.java.JavaParserFactory$DynamicTypeSolver@dc54576 : java.lang.Object
	at com.github.javaparser.resolution.TypeSolver.solveType(TypeSolver.java:71)

17769      ERROR Test worker     d.u.i.k.n.b.TacletPBuilder Error in parsing taclet. de.uka.ilkd.key.util.parsing.BuildingException: Unsolved symbol in de.uka.ilkd.key.java.JavaParserFactory$DynamicTypeSolver@dc54576 : java.lang.Object at file:/home/runner/work/key/key/key.core/build/resources/main/de/uka/ilkd/key/proof/rules/activeUse.key:324:15
	at de.uka.ilkd.key.nparser.builder.AbstractBuilder.accept(AbstractBuilder.java:54)
Caused by: com.github.javaparser.resolution.UnsolvedSymbolException: Unsolved symbol in de.uka.ilkd.key.java.JavaParserFactory$DynamicTypeSolver@dc54576 : java.lang.Object
	at com.github.javaparser.resolution.TypeSolver.solveType(TypeSolver.java:71)

17771      ERROR Test worker     d.u.i.k.n.b.AbstractBuilder  com.github.javaparser.resolution.UnsolvedSymbolException: Unsolved symbol in de.uka.ilkd.key.java.JavaParserFactory$DynamicTypeSolver@dc54576 : java.lang.Object
	at com.github.javaparser.resolution.TypeSolver.solveType(TypeSolver.java:71)

17771      ERROR Test worker     d.u.i.k.n.b.TacletPBuilder Error in parsing taclet. de.uka.ilkd.key.util.parsing.BuildingException: Unsolved symbol in de.uka.ilkd.key.java.JavaParserFactory$DynamicTypeSolver@dc54576 : java.lang.Object at file:/home/runner/work/key/key/key.core/build/resources/main/de/uka/ilkd/key/proof/rules/activeUse.key:338:15
	at de.uka.ilkd.key.nparser.builder.AbstractBuilder.accept(AbstractBuilder.java:54)
Caused by: com.github.javaparser.resolution.UnsolvedSymbolException: Unsolved symbol in de.uka.ilkd.key.java.JavaParserFactory$DynamicTypeSolver@dc54576 : java.lang.Object
	at com.github.javaparser.resolution.TypeSolver.solveType(TypeSolver.java:71)

17773      ERROR Test worker     d.u.i.k.n.b.AbstractBuilder  com.github.javaparser.resolution.UnsolvedSymbolException: Unsolved symbol in de.uka.ilkd.key.java.JavaParserFactory$DynamicTypeSolver@dc54576 : java.lang.Object
	at com.github.javaparser.resolution.TypeSolver.solveType(TypeSolver.java:71)

17773      ERROR Test worker     d.u.i.k.n.b.TacletPBuilder Error in parsing taclet. de.uka.ilkd.key.util.parsing.BuildingException: Unsolved symbol in de.uka.ilkd.key.java.JavaParserFactory$DynamicTypeSolver@dc54576 : java.lang.Object at file:/home/runner/work/key/key/key.core/build/resources/main/de/uka/ilkd/key/proof/rules/activeUse.key:352:15
	at de.uka.ilkd.key.nparser.builder.AbstractBuilder.accept(AbstractBuilder.java:54)
Caused by: com.github.javaparser.resolution.UnsolvedSymbolException: Unsolved symbol in de.uka.ilkd.key.java.JavaParserFactory$DynamicTypeSolver@dc54576 : java.lang.Object
	at com.github.javaparser.resolution.TypeSolver.solveType(TypeSolver.java:71)

17775      ERROR Test worker     d.u.i.k.n.b.AbstractBuilder  com.github.javaparser.resolution.UnsolvedSymbolException: Unsolved symbol in de.uka.ilkd.key.java.JavaParserFactory$DynamicTypeSolver@dc54576 : java.lang.Object
	at com.github.javaparser.resolution.TypeSolver.solveType(TypeSolver.java:71)

17775      ERROR Test worker     d.u.i.k.n.b.TacletPBuilder Error in parsing taclet. de.uka.ilkd.key.util.parsing.BuildingException: Unsolved symbol in de.uka.ilkd.key.java.JavaParserFactory$DynamicTypeSolver@dc54576 : java.lang.Object at file:/home/runner/work/key/key/key.core/build/resources/main/de/uka/ilkd/key/proof/rules/activeUse.key:366:15
	at de.uka.ilkd.key.nparser.builder.AbstractBuilder.accept(AbstractBuilder.java:54)
Caused by: com.github.javaparser.resolution.UnsolvedSymbolException: Unsolved symbol in de.uka.ilkd.key.java.JavaParserFactory$DynamicTypeSolver@dc54576 : java.lang.Object
	at com.github.javaparser.resolution.TypeSolver.solveType(TypeSolver.java:71)

17777      ERROR Test worker     d.u.i.k.n.b.AbstractBuilder  com.github.javaparser.resolution.UnsolvedSymbolException: Unsolved symbol in de.uka.ilkd.key.java.JavaParserFactory$DynamicTypeSolver@dc54576 : java.lang.Object
	at com.github.javaparser.resolution.TypeSolver.solveType(TypeSolver.java:71)

17777      ERROR Test worker     d.u.i.k.n.b.TacletPBuilder Error in parsing taclet. de.uka.ilkd.key.util.parsing.BuildingException: Unsolved symbol in de.uka.ilkd.key.java.JavaParserFactory$DynamicTypeSolver@dc54576 : java.lang.Object at file:/home/runner/work/key/key/key.core/build/resources/main/de/uka/ilkd/key/proof/rules/activeUse.key:380:15
	at de.uka.ilkd.key.nparser.builder.AbstractBuilder.accept(AbstractBuilder.java:54)
Caused by: com.github.javaparser.resolution.UnsolvedSymbolException: Unsolved symbol in de.uka.ilkd.key.java.JavaParserFactory$DynamicTypeSolver@dc54576 : java.lang.Object
	at com.github.javaparser.resolution.TypeSolver.solveType(TypeSolver.java:71)

17782      ERROR Test worker     d.u.i.k.n.b.AbstractBuilder  com.github.javaparser.resolution.UnsolvedSymbolException: Unsolved symbol in de.uka.ilkd.key.java.JavaParserFactory$DynamicTypeSolver@dc54576 : java.lang.Object
	at com.github.javaparser.resolution.TypeSolver.solveType(TypeSolver.java:71)

17782      ERROR Test worker     d.u.i.k.n.b.TacletPBuilder Error in parsing taclet. de.uka.ilkd.key.util.parsing.BuildingException: Unsolved symbol in de.uka.ilkd.key.java.JavaParserFactory$DynamicTypeSolver@dc54576 : java.lang.Object at file:/home/runner/work/key/key/key.core/build/resources/main/de/uka/ilkd/key/proof/rules/activeUse.key:394:15
	at de.uka.ilkd.key.nparser.builder.AbstractBuilder.accept(AbstractBuilder.java:54)
Caused by: com.github.javaparser.resolution.UnsolvedSymbolException: Unsolved symbol in de.uka.ilkd.key.java.JavaParserFactory$DynamicTypeSolver@dc54576 : java.lang.Object
	at com.github.javaparser.resolution.TypeSolver.solveType(TypeSolver.java:71)

17784      ERROR Test worker     d.u.i.k.n.b.AbstractBuilder  com.github.javaparser.resolution.UnsolvedSymbolException: Unsolved symbol in de.uka.ilkd.key.java.JavaParserFactory$DynamicTypeSolver@dc54576 : java.lang.Object
	at com.github.javaparser.resolution.TypeSolver.solveType(TypeSolver.java:71)

17784      ERROR Test worker     d.u.i.k.n.b.TacletPBuilder Error in parsing taclet. de.uka.ilkd.key.util.parsing.BuildingException: Unsolved symbol in de.uka.ilkd.key.java.JavaParserFactory$DynamicTypeSolver@dc54576 : java.lang.Object at file:/home/runner/work/key/key/key.core/build/resources/main/de/uka/ilkd/key/proof/rules/activeUse.key:408:15
	at de.uka.ilkd.key.nparser.builder.AbstractBuilder.accept(AbstractBuilder.java:54)
Caused by: com.github.javaparser.resolution.UnsolvedSymbolException: Unsolved symbol in de.uka.ilkd.key.java.JavaParserFactory$DynamicTypeSolver@dc54576 : java.lang.Object
	at com.github.javaparser.resolution.TypeSolver.solveType(TypeSolver.java:71)

17786      ERROR Test worker     d.u.i.k.n.b.AbstractBuilder  com.github.javaparser.resolution.UnsolvedSymbolException: Unsolved symbol in de.uka.ilkd.key.java.JavaParserFactory$DynamicTypeSolver@dc54576 : java.lang.Object
	at com.github.javaparser.resolution.TypeSolver.solveType(TypeSolver.java:71)

17786      ERROR Test worker     d.u.i.k.n.b.TacletPBuilder Error in parsing taclet. de.uka.ilkd.key.util.parsing.BuildingException: Unsolved symbol in de.uka.ilkd.key.java.JavaParserFactory$DynamicTypeSolver@dc54576 : java.lang.Object at file:/home/runner/work/key/key/key.core/build/resources/main/de/uka/ilkd/key/proof/rules/activeUse.key:422:15
	at de.uka.ilkd.key.nparser.builder.AbstractBuilder.accept(AbstractBuilder.java:54)
Caused by: com.github.javaparser.resolution.UnsolvedSymbolException: Unsolved symbol in de.uka.ilkd.key.java.JavaParserFactory$DynamicTypeSolver@dc54576 : java.lang.Object
	at com.github.javaparser.resolution.TypeSolver.solveType(TypeSolver.java:71)

17788      ERROR Test worker     d.u.i.k.n.b.AbstractBuilder  com.github.javaparser.resolution.UnsolvedSymbolException: Unsolved symbol in de.uka.ilkd.key.java.JavaParserFactory$DynamicTypeSolver@dc54576 : java.lang.Object
	at com.github.javaparser.resolution.TypeSolver.solveType(TypeSolver.java:71)

17788      ERROR Test worker     d.u.i.k.n.b.TacletPBuilder Error in parsing taclet. de.uka.ilkd.key.util.parsing.BuildingException: Unsolved symbol in de.uka.ilkd.key.java.JavaParserFactory$DynamicTypeSolver@dc54576 : java.lang.Object at file:/home/runner/work/key/key/key.core/build/resources/main/de/uka/ilkd/key/proof/rules/activeUse.key:436:15
	at de.uka.ilkd.key.nparser.builder.AbstractBuilder.accept(AbstractBuilder.java:54)
Caused by: com.github.javaparser.resolution.UnsolvedSymbolException: Unsolved symbol in de.uka.ilkd.key.java.JavaParserFactory$DynamicTypeSolver@dc54576 : java.lang.Object
	at com.github.javaparser.resolution.TypeSolver.solveType(TypeSolver.java:71)

17790      ERROR Test worker     d.u.i.k.n.b.AbstractBuilder  com.github.javaparser.resolution.UnsolvedSymbolException: Unsolved symbol in de.uka.ilkd.key.java.JavaParserFactory$DynamicTypeSolver@dc54576 : java.lang.Object
	at com.github.javaparser.resolution.TypeSolver.solveType(TypeSolver.java:71)

17790      ERROR Test worker     d.u.i.k.n.b.TacletPBuilder Error in parsing taclet. de.uka.ilkd.key.util.parsing.BuildingException: Unsolved symbol in de.uka.ilkd.key.java.JavaParserFactory$DynamicTypeSolver@dc54576 : java.lang.Object at file:/home/runner/work/key/key/key.core/build/resources/main/de/uka/ilkd/key/proof/rules/activeUse.key:450:15
	at de.uka.ilkd.key.nparser.builder.AbstractBuilder.accept(AbstractBuilder.java:54)
Caused by: com.github.javaparser.resolution.UnsolvedSymbolException: Unsolved symbol in de.uka.ilkd.key.java.JavaParserFactory$DynamicTypeSolver@dc54576 : java.lang.Object
	at com.github.javaparser.resolution.TypeSolver.solveType(TypeSolver.java:71)

17802      ERROR Test worker     d.u.i.k.n.b.AbstractBuilder  com.github.javaparser.resolution.UnsolvedSymbolException: Unsolved symbol in de.uka.ilkd.key.java.JavaParserFactory$DynamicTypeSolver@dc54576 : java.lang.Object
	at com.github.javaparser.resolution.TypeSolver.solveType(TypeSolver.java:71)

17802      ERROR Test worker     d.u.i.k.n.b.TacletPBuilder Error in parsing taclet. de.uka.ilkd.key.util.parsing.BuildingException: Unsolved symbol in de.uka.ilkd.key.java.JavaParserFactory$DynamicTypeSolver@dc54576 : java.lang.Object at file:/home/runner/work/key/key/key.core/build/resources/main/de/uka/ilkd/key/proof/rules/activeUse.key:468:15
	at de.uka.ilkd.key.nparser.builder.AbstractBuilder.accept(AbstractBuilder.java:54)
Caused by: com.github.javaparser.resolution.UnsolvedSymbolException: Unsolved symbol in de.uka.ilkd.key.java.JavaParserFactory$DynamicTypeSolver@dc54576 : java.lang.Object
	at com.github.javaparser.resolution.TypeSolver.solveType(TypeSolver.java:71)

17804      ERROR Test worker     d.u.i.k.n.b.AbstractBuilder  com.github.javaparser.resolution.UnsolvedSymbolException: Unsolved symbol in de.uka.ilkd.key.java.JavaParserFactory$DynamicTypeSolver@dc54576 : java.lang.Object
	at com.github.javaparser.resolution.TypeSolver.solveType(TypeSolver.java:71)

17804      ERROR Test worker     d.u.i.k.n.b.TacletPBuilder Error in parsing taclet. de.uka.ilkd.key.util.parsing.BuildingException: Unsolved symbol in de.uka.ilkd.key.java.JavaParserFactory$DynamicTypeSolver@dc54576 : java.lang.Object at file:/home/runner/work/key/key/key.core/build/resources/main/de/uka/ilkd/key/proof/rules/activeUse.key:483:15
	at de.uka.ilkd.key.nparser.builder.AbstractBuilder.accept(AbstractBuilder.java:54)
Caused by: com.github.javaparser.resolution.UnsolvedSymbolException: Unsolved symbol in de.uka.ilkd.key.java.JavaParserFactory$DynamicTypeSolver@dc54576 : java.lang.Object
	at com.github.javaparser.resolution.TypeSolver.solveType(TypeSolver.java:71)

17806      ERROR Test worker     d.u.i.k.n.b.AbstractBuilder  com.github.javaparser.resolution.UnsolvedSymbolException: Unsolved symbol in de.uka.ilkd.key.java.JavaParserFactory$DynamicTypeSolver@dc54576 : java.lang.Object
	at com.github.javaparser.resolution.TypeSolver.solveType(TypeSolver.java:71)

17806      ERROR Test worker     d.u.i.k.n.b.TacletPBuilder Error in parsing taclet. de.uka.ilkd.key.util.parsing.BuildingException: Unsolved symbol in de.uka.ilkd.key.java.JavaParserFactory$DynamicTypeSolver@dc54576 : java.lang.Object at file:/home/runner/work/key/key/key.core/build/resources/main/de/uka/ilkd/key/proof/rules/activeUse.key:496:15
	at de.uka.ilkd.key.nparser.builder.AbstractBuilder.accept(AbstractBuilder.java:54)
Caused by: com.github.javaparser.resolution.UnsolvedSymbolException: Unsolved symbol in de.uka.ilkd.key.java.JavaParserFactory$DynamicTypeSolver@dc54576 : java.lang.Object
	at com.github.javaparser.resolution.TypeSolver.solveType(TypeSolver.java:71)

17808      ERROR Test worker     d.u.i.k.n.b.AbstractBuilder  com.github.javaparser.resolution.UnsolvedSymbolException: Unsolved symbol in de.uka.ilkd.key.java.JavaParserFactory$DynamicTypeSolver@dc54576 : java.lang.Object
	at com.github.javaparser.resolution.TypeSolver.solveType(TypeSolver.java:71)

17808      ERROR Test worker     d.u.i.k.n.b.TacletPBuilder Error in parsing taclet. de.uka.ilkd.key.util.parsing.BuildingException: Unsolved symbol in de.uka.ilkd.key.java.JavaParserFactory$DynamicTypeSolver@dc54576 : java.lang.Object at file:/home/runner/work/key/key/key.core/build/resources/main/de/uka/ilkd/key/proof/rules/activeUse.key:509:15
	at de.uka.ilkd.key.nparser.builder.AbstractBuilder.accept(AbstractBuilder.java:54)
Caused by: com.github.javaparser.resolution.UnsolvedSymbolException: Unsolved symbol in de.uka.ilkd.key.java.JavaParserFactory$DynamicTypeSolver@dc54576 : java.lang.Object
	at com.github.javaparser.resolution.TypeSolver.solveType(TypeSolver.java:71)

17811      ERROR Test worker     d.u.i.k.n.b.AbstractBuilder  com.github.javaparser.resolution.UnsolvedSymbolException: Unsolved symbol in de.uka.ilkd.key.java.JavaParserFactory$DynamicTypeSolver@dc54576 : java.lang.Object
	at com.github.javaparser.resolution.TypeSolver.solveType(TypeSolver.java:71)

17811      ERROR Test worker     d.u.i.k.n.b.TacletPBuilder Error in parsing taclet. de.uka.ilkd.key.util.parsing.BuildingException: Unsolved symbol in de.uka.ilkd.key.java.JavaParserFactory$DynamicTypeSolver@dc54576 : java.lang.Object at file:/home/runner/work/key/key/key.core/build/resources/main/de/uka/ilkd/key/proof/rules/activeUse.key:522:15
	at de.uka.ilkd.key.nparser.builder.AbstractBuilder.accept(AbstractBuilder.java:54)
Caused by: com.github.javaparser.resolution.UnsolvedSymbolException: Unsolved symbol in de.uka.ilkd.key.java.JavaParserFactory$DynamicTypeSolver@dc54576 : java.lang.Object
	at com.github.javaparser.resolution.TypeSolver.solveType(TypeSolver.java:71)

17813      ERROR Test worker     d.u.i.k.n.b.AbstractBuilder  com.github.javaparser.resolution.UnsolvedSymbolException: Unsolved symbol in de.uka.ilkd.key.java.JavaParserFactory$DynamicTypeSolver@dc54576 : java.lang.Object
	at com.github.javaparser.resolution.TypeSolver.solveType(TypeSolver.java:71)

17813      ERROR Test worker     d.u.i.k.n.b.TacletPBuilder Error in parsing taclet. de.uka.ilkd.key.util.parsing.BuildingException: Unsolved symbol in de.uka.ilkd.key.java.JavaParserFactory$DynamicTypeSolver@dc54576 : java.lang.Object at file:/home/runner/work/key/key/key.core/build/resources/main/de/uka/ilkd/key/proof/rules/activeUse.key:535:15
	at de.uka.ilkd.key.nparser.builder.AbstractBuilder.accept(AbstractBuilder.java:54)
Caused by: com.github.javaparser.resolution.UnsolvedSymbolException: Unsolved symbol in de.uka.ilkd.key.java.JavaParserFactory$DynamicTypeSolver@dc54576 : java.lang.Object
	at com.github.javaparser.resolution.TypeSolver.solveType(TypeSolver.java:71)

17815      ERROR Test worker     d.u.i.k.n.b.AbstractBuilder  com.github.javaparser.resolution.UnsolvedSymbolException: Unsolved symbol in de.uka.ilkd.key.java.JavaParserFactory$DynamicTypeSolver@dc54576 : java.lang.Object
	at com.github.javaparser.resolution.TypeSolver.solveType(TypeSolver.java:71)

17815      ERROR Test worker     d.u.i.k.n.b.TacletPBuilder Error in parsing taclet. de.uka.ilkd.key.util.parsing.BuildingException: Unsolved symbol in de.uka.ilkd.key.java.JavaParserFactory$DynamicTypeSolver@dc54576 : java.lang.Object at file:/home/runner/work/key/key/key.core/build/resources/main/de/uka/ilkd/key/proof/rules/activeUse.key:548:15
	at de.uka.ilkd.key.nparser.builder.AbstractBuilder.accept(AbstractBuilder.java:54)
Caused by: com.github.javaparser.resolution.UnsolvedSymbolException: Unsolved symbol in de.uka.ilkd.key.java.JavaParserFactory$DynamicTypeSolver@dc54576 : java.lang.Object
	at com.github.javaparser.resolution.TypeSolver.solveType(TypeSolver.java:71)

17817      ERROR Test worker     d.u.i.k.n.b.AbstractBuilder  com.github.javaparser.resolution.UnsolvedSymbolException: Unsolved symbol in de.uka.ilkd.key.java.JavaParserFactory$DynamicTypeSolver@dc54576 : java.lang.Object
	at com.github.javaparser.resolution.TypeSolver.solveType(TypeSolver.java:71)

17817      ERROR Test worker     d.u.i.k.n.b.TacletPBuilder Error in parsing taclet. de.uka.ilkd.key.util.parsing.BuildingException: Unsolved symbol in de.uka.ilkd.key.java.JavaParserFactory$DynamicTypeSolver@dc54576 : java.lang.Object at file:/home/runner/work/key/key/key.core/build/resources/main/de/uka/ilkd/key/proof/rules/activeUse.key:561:15
	at de.uka.ilkd.key.nparser.builder.AbstractBuilder.accept(AbstractBuilder.java:54)
Caused by: com.github.javaparser.resolution.UnsolvedSymbolException: Unsolved symbol in de.uka.ilkd.key.java.JavaParserFactory$DynamicTypeSolver@dc54576 : java.lang.Object
	at com.github.javaparser.resolution.TypeSolver.solveType(TypeSolver.java:71)

17819      ERROR Test worker     d.u.i.k.n.b.AbstractBuilder  com.github.javaparser.resolution.UnsolvedSymbolException: Unsolved symbol in de.uka.ilkd.key.java.JavaParserFactory$DynamicTypeSolver@dc54576 : java.lang.Object
	at com.github.javaparser.resolution.TypeSolver.solveType(TypeSolver.java:71)

17819      ERROR Test worker     d.u.i.k.n.b.TacletPBuilder Error in parsing taclet. de.uka.ilkd.key.util.parsing.BuildingException: Unsolved symbol in de.uka.ilkd.key.java.JavaParserFactory$DynamicTypeSolver@dc54576 : java.lang.Object at file:/home/runner/work/key/key/key.core/build/resources/main/de/uka/ilkd/key/proof/rules/activeUse.key:574:15
	at de.uka.ilkd.key.nparser.builder.AbstractBuilder.accept(AbstractBuilder.java:54)
Caused by: com.github.javaparser.resolution.UnsolvedSymbolException: Unsolved symbol in de.uka.ilkd.key.java.JavaParserFactory$DynamicTypeSolver@dc54576 : java.lang.Object
	at com.github.javaparser.resolution.TypeSolver.solveType(TypeSolver.java:71)

17821      ERROR Test worker     d.u.i.k.n.b.AbstractBuilder  com.github.javaparser.resolution.UnsolvedSymbolException: Unsolved symbol in de.uka.ilkd.key.java.JavaParserFactory$DynamicTypeSolver@dc54576 : java.lang.Object
	at com.github.javaparser.resolution.TypeSolver.solveType(TypeSolver.java:71)

17821      ERROR Test worker     d.u.i.k.n.b.TacletPBuilder Error in parsing taclet. de.uka.ilkd.key.util.parsing.BuildingException: Unsolved symbol in de.uka.ilkd.key.java.JavaParserFactory$DynamicTypeSolver@dc54576 : java.lang.Object at file:/home/runner/work/key/key/key.core/build/resources/main/de/uka/ilkd/key/proof/rules/activeUse.key:587:15
	at de.uka.ilkd.key.nparser.builder.AbstractBuilder.accept(AbstractBuilder.java:54)
Caused by: com.github.javaparser.resolution.UnsolvedSymbolException: Unsolved symbol in de.uka.ilkd.key.java.JavaParserFactory$DynamicTypeSolver@dc54576 : java.lang.Object
	at com.github.javaparser.resolution.TypeSolver.solveType(TypeSolver.java:71)

17823      ERROR Test worker     d.u.i.k.n.b.AbstractBuilder  com.github.javaparser.resolution.UnsolvedSymbolException: Unsolved symbol in de.uka.ilkd.key.java.JavaParserFactory$DynamicTypeSolver@dc54576 : java.lang.Object
	at com.github.javaparser.resolution.TypeSolver.solveType(TypeSolver.java:71)

17823      ERROR Test worker     d.u.i.k.n.b.TacletPBuilder Error in parsing taclet. de.uka.ilkd.key.util.parsing.BuildingException: Unsolved symbol in de.uka.ilkd.key.java.JavaParserFactory$DynamicTypeSolver@dc54576 : java.lang.Object at file:/home/runner/work/key/key/key.core/build/resources/main/de/uka/ilkd/key/proof/rules/activeUse.key:600:15
	at de.uka.ilkd.key.nparser.builder.AbstractBuilder.accept(AbstractBuilder.java:54)
Caused by: com.github.javaparser.resolution.UnsolvedSymbolException: Unsolved symbol in de.uka.ilkd.key.java.JavaParserFactory$DynamicTypeSolver@dc54576 : java.lang.Object
	at com.github.javaparser.resolution.TypeSolver.solveType(TypeSolver.java:71)

17825      ERROR Test worker     d.u.i.k.n.b.AbstractBuilder  com.github.javaparser.resolution.UnsolvedSymbolException: Unsolved symbol in de.uka.ilkd.key.java.JavaParserFactory$DynamicTypeSolver@dc54576 : java.lang.Object
	at com.github.javaparser.resolution.TypeSolver.solveType(TypeSolver.java:71)

17825      ERROR Test worker     d.u.i.k.n.b.TacletPBuilder Error in parsing taclet. de.uka.ilkd.key.util.parsing.BuildingException: Unsolved symbol in de.uka.ilkd.key.java.JavaParserFactory$DynamicTypeSolver@dc54576 : java.lang.Object at file:/home/runner/work/key/key/key.core/build/resources/main/de/uka/ilkd/key/proof/rules/activeUse.key:613:15
	at de.uka.ilkd.key.nparser.builder.AbstractBuilder.accept(AbstractBuilder.java:54)
Caused by: com.github.javaparser.resolution.UnsolvedSymbolException: Unsolved symbol in de.uka.ilkd.key.java.JavaParserFactory$DynamicTypeSolver@dc54576 : java.lang.Object
	at com.github.javaparser.resolution.TypeSolver.solveType(TypeSolver.java:71)

17827      ERROR Test worker     d.u.i.k.n.b.AbstractBuilder  com.github.javaparser.resolution.UnsolvedSymbolException: Unsolved symbol in de.uka.ilkd.key.java.JavaParserFactory$DynamicTypeSolver@dc54576 : java.lang.Object
	at com.github.javaparser.resolution.TypeSolver.solveType(TypeSolver.java:71)

17827      ERROR Test worker     d.u.i.k.n.b.TacletPBuilder Error in parsing taclet. de.uka.ilkd.key.util.parsing.BuildingException: Unsolved symbol in de.uka.ilkd.key.java.JavaParserFactory$DynamicTypeSolver@dc54576 : java.lang.Object at file:/home/runner/work/key/key/key.core/build/resources/main/de/uka/ilkd/key/proof/rules/activeUse.key:626:15
	at de.uka.ilkd.key.nparser.builder.AbstractBuilder.accept(AbstractBuilder.java:54)
Caused by: com.github.javaparser.resolution.UnsolvedSymbolException: Unsolved symbol in de.uka.ilkd.key.java.JavaParserFactory$DynamicTypeSolver@dc54576 : java.lang.Object
	at com.github.javaparser.resolution.TypeSolver.solveType(TypeSolver.java:71)

17829      ERROR Test worker     d.u.i.k.n.b.AbstractBuilder  com.github.javaparser.resolution.UnsolvedSymbolException: Unsolved symbol in de.uka.ilkd.key.java.JavaParserFactory$DynamicTypeSolver@dc54576 : java.lang.Object
	at com.github.javaparser.resolution.TypeSolver.solveType(TypeSolver.java:71)

17830      ERROR Test worker     d.u.i.k.n.b.TacletPBuilder Error in parsing taclet. de.uka.ilkd.key.util.parsing.BuildingException: Unsolved symbol in de.uka.ilkd.key.java.JavaParserFactory$DynamicTypeSolver@dc54576 : java.lang.Object at file:/home/runner/work/key/key/key.core/build/resources/main/de/uka/ilkd/key/proof/rules/activeUse.key:639:15
	at de.uka.ilkd.key.nparser.builder.AbstractBuilder.accept(AbstractBuilder.java:54)
Caused by: com.github.javaparser.resolution.UnsolvedSymbolException: Unsolved symbol in de.uka.ilkd.key.java.JavaParserFactory$DynamicTypeSolver@dc54576 : java.lang.Object
	at com.github.javaparser.resolution.TypeSolver.solveType(TypeSolver.java:71)

17835      ERROR Test worker     d.u.i.k.n.b.AbstractBuilder  com.github.javaparser.resolution.UnsolvedSymbolException: Unsolved symbol in de.uka.ilkd.key.java.JavaParserFactory$DynamicTypeSolver@dc54576 : java.lang.Object
	at com.github.javaparser.resolution.TypeSolver.solveType(TypeSolver.java:71)

17835      ERROR Test worker     d.u.i.k.n.b.TacletPBuilder Error in parsing taclet. de.uka.ilkd.key.util.parsing.BuildingException: Unsolved symbol in de.uka.ilkd.key.java.JavaParserFactory$DynamicTypeSolver@dc54576 : java.lang.Object at file:/home/runner/work/key/key/key.core/build/resources/main/de/uka/ilkd/key/proof/rules/activeUse.key:652:15
	at de.uka.ilkd.key.nparser.builder.AbstractBuilder.accept(AbstractBuilder.java:54)
Caused by: com.github.javaparser.resolution.UnsolvedSymbolException: Unsolved symbol in de.uka.ilkd.key.java.JavaParserFactory$DynamicTypeSolver@dc54576 : java.lang.Object
	at com.github.javaparser.resolution.TypeSolver.solveType(TypeSolver.java:71)

17845      ERROR Test worker     d.u.i.k.n.b.AbstractBuilder  com.github.javaparser.resolution.UnsolvedSymbolException: Unsolved symbol in de.uka.ilkd.key.java.JavaParserFactory$DynamicTypeSolver@dc54576 : java.lang.Object
	at com.github.javaparser.resolution.TypeSolver.solveType(TypeSolver.java:71)

17845      ERROR Test worker     d.u.i.k.n.b.TacletPBuilder Error in parsing taclet. de.uka.ilkd.key.util.parsing.BuildingException: Unsolved symbol in de.uka.ilkd.key.java.JavaParserFactory$DynamicTypeSolver@dc54576 : java.lang.Object at file:/home/runner/work/key/key/key.core/build/resources/main/de/uka/ilkd/key/proof/rules/activeUse.key:665:15
	at de.uka.ilkd.key.nparser.builder.AbstractBuilder.accept(AbstractBuilder.java:54)
Caused by: com.github.javaparser.resolution.UnsolvedSymbolException: Unsolved symbol in de.uka.ilkd.key.java.JavaParserFactory$DynamicTypeSolver@dc54576 : java.lang.Object
	at com.github.javaparser.resolution.TypeSolver.solveType(TypeSolver.java:71)

17847      ERROR Test worker     d.u.i.k.n.b.AbstractBuilder  com.github.javaparser.resolution.UnsolvedSymbolException: Unsolved symbol in de.uka.ilkd.key.java.JavaParserFactory$DynamicTypeSolver@dc54576 : java.lang.Object
	at com.github.javaparser.resolution.TypeSolver.solveType(TypeSolver.java:71)

17847      ERROR Test worker     d.u.i.k.n.b.TacletPBuilder Error in parsing taclet. de.uka.ilkd.key.util.parsing.BuildingException: Unsolved symbol in de.uka.ilkd.key.java.JavaParserFactory$DynamicTypeSolver@dc54576 : java.lang.Object at file:/home/runner/work/key/key/key.core/build/resources/main/de/uka/ilkd/key/proof/rules/activeUse.key:678:15
	at de.uka.ilkd.key.nparser.builder.AbstractBuilder.accept(AbstractBuilder.java:54)
Caused by: com.github.javaparser.resolution.UnsolvedSymbolException: Unsolved symbol in de.uka.ilkd.key.java.JavaParserFactory$DynamicTypeSolver@dc54576 : java.lang.Object
	at com.github.javaparser.resolution.TypeSolver.solveType(TypeSolver.java:71)

17868      ERROR Test worker     d.u.i.k.n.b.AbstractBuilder  com.github.javaparser.resolution.UnsolvedSymbolException: Unsolved symbol in de.uka.ilkd.key.java.JavaParserFactory$DynamicTypeSolver@dc54576 : java.lang.Object
	at com.github.javaparser.resolution.TypeSolver.solveType(TypeSolver.java:71)

17868      ERROR Test worker     d.u.i.k.n.b.TacletPBuilder Error in parsing taclet. de.uka.ilkd.key.util.parsing.BuildingException: Unsolved symbol in de.uka.ilkd.key.java.JavaParserFactory$DynamicTypeSolver@dc54576 : java.lang.Object at file:/home/runner/work/key/key/key.core/build/resources/main/de/uka/ilkd/key/proof/rules/instanceAllocation.key:59:15
	at de.uka.ilkd.key.nparser.builder.AbstractBuilder.accept(AbstractBuilder.java:54)
Caused by: com.github.javaparser.resolution.UnsolvedSymbolException: Unsolved symbol in de.uka.ilkd.key.java.JavaParserFactory$DynamicTypeSolver@dc54576 : java.lang.Object
	at com.github.javaparser.resolution.TypeSolver.solveType(TypeSolver.java:71)

17870      ERROR Test worker     d.u.i.k.n.b.AbstractBuilder  com.github.javaparser.resolution.UnsolvedSymbolException: Unsolved symbol in de.uka.ilkd.key.java.JavaParserFactory$DynamicTypeSolver@dc54576 : java.lang.Object
	at com.github.javaparser.resolution.TypeSolver.solveType(TypeSolver.java:71)

17870      ERROR Test worker     d.u.i.k.n.b.TacletPBuilder Error in parsing taclet. de.uka.ilkd.key.util.parsing.BuildingException: Unsolved symbol in de.uka.ilkd.key.java.JavaParserFactory$DynamicTypeSolver@dc54576 : java.lang.Object at file:/home/runner/work/key/key/key.core/build/resources/main/de/uka/ilkd/key/proof/rules/instanceAllocation.key:65:15
	at de.uka.ilkd.key.nparser.builder.AbstractBuilder.accept(AbstractBuilder.java:54)
Caused by: com.github.javaparser.resolution.UnsolvedSymbolException: Unsolved symbol in de.uka.ilkd.key.java.JavaParserFactory$DynamicTypeSolver@dc54576 : java.lang.Object
	at com.github.javaparser.resolution.TypeSolver.solveType(TypeSolver.java:71)

17878      ERROR Test worker     d.u.i.k.n.b.AbstractBuilder  com.github.javaparser.resolution.UnsolvedSymbolException: Unsolved symbol in de.uka.ilkd.key.java.JavaParserFactory$DynamicTypeSolver@dc54576 : java.lang.Object
	at com.github.javaparser.resolution.TypeSolver.solveType(TypeSolver.java:71)

17878      ERROR Test worker     d.u.i.k.n.b.TacletPBuilder Error in parsing taclet. de.uka.ilkd.key.util.parsing.BuildingException: Unsolved symbol in de.uka.ilkd.key.java.JavaParserFactory$DynamicTypeSolver@dc54576 : java.lang.Object at file:/home/runner/work/key/key/key.core/build/resources/main/de/uka/ilkd/key/proof/rules/instanceAllocation.key:71:15
	at de.uka.ilkd.key.nparser.builder.AbstractBuilder.accept(AbstractBuilder.java:54)
Caused by: com.github.javaparser.resolution.UnsolvedSymbolException: Unsolved symbol in de.uka.ilkd.key.java.JavaParserFactory$DynamicTypeSolver@dc54576 : java.lang.Object
	at com.github.javaparser.resolution.TypeSolver.solveType(TypeSolver.java:71)

17880      ERROR Test worker     d.u.i.k.n.b.AbstractBuilder  com.github.javaparser.resolution.UnsolvedSymbolException: Unsolved symbol in de.uka.ilkd.key.java.JavaParserFactory$DynamicTypeSolver@dc54576 : java.lang.Object
	at com.github.javaparser.resolution.TypeSolver.solveType(TypeSolver.java:71)

17881      ERROR Test worker     d.u.i.k.n.b.TacletPBuilder Error in parsing taclet. de.uka.ilkd.key.util.parsing.BuildingException: Unsolved symbol in de.uka.ilkd.key.java.JavaParserFactory$DynamicTypeSolver@dc54576 : java.lang.Object at file:/home/runner/work/key/key/key.core/build/resources/main/de/uka/ilkd/key/proof/rules/instanceAllocation.key:81:15
	at de.uka.ilkd.key.nparser.builder.AbstractBuilder.accept(AbstractBuilder.java:54)
Caused by: com.github.javaparser.resolution.UnsolvedSymbolException: Unsolved symbol in de.uka.ilkd.key.java.JavaParserFactory$DynamicTypeSolver@dc54576 : java.lang.Object
	at com.github.javaparser.resolution.TypeSolver.solveType(TypeSolver.java:71)

17882      ERROR Test worker     d.u.i.k.n.b.AbstractBuilder  com.github.javaparser.resolution.UnsolvedSymbolException: Unsolved symbol in de.uka.ilkd.key.java.JavaParserFactory$DynamicTypeSolver@dc54576 : java.lang.Object
	at com.github.javaparser.resolution.TypeSolver.solveType(TypeSolver.java:71)

17883      ERROR Test worker     d.u.i.k.n.b.TacletPBuilder Error in parsing taclet. de.uka.ilkd.key.util.parsing.BuildingException: Unsolved symbol in de.uka.ilkd.key.java.JavaParserFactory$DynamicTypeSolver@dc54576 : java.lang.Object at file:/home/runner/work/key/key/key.core/build/resources/main/de/uka/ilkd/key/proof/rules/instanceAllocation.key:95:20
	at de.uka.ilkd.key.nparser.builder.AbstractBuilder.accept(AbstractBuilder.java:54)
Caused by: com.github.javaparser.resolution.UnsolvedSymbolException: Unsolved symbol in de.uka.ilkd.key.java.JavaParserFactory$DynamicTypeSolver@dc54576 : java.lang.Object
	at com.github.javaparser.resolution.TypeSolver.solveType(TypeSolver.java:71)

17886      ERROR Test worker     d.u.i.k.n.b.AbstractBuilder  com.github.javaparser.resolution.UnsolvedSymbolException: Unsolved symbol in de.uka.ilkd.key.java.JavaParserFactory$DynamicTypeSolver@dc54576 : java.lang.Object
	at com.github.javaparser.resolution.TypeSolver.solveType(TypeSolver.java:71)

17886      ERROR Test worker     d.u.i.k.n.b.TacletPBuilder Error in parsing taclet. de.uka.ilkd.key.util.parsing.BuildingException: Unsolved symbol in de.uka.ilkd.key.java.JavaParserFactory$DynamicTypeSolver@dc54576 : java.lang.Object at file:/home/runner/work/key/key/key.core/build/resources/main/de/uka/ilkd/key/proof/rules/instanceAllocation.key:112:20
	at de.uka.ilkd.key.nparser.builder.AbstractBuilder.accept(AbstractBuilder.java:54)
Caused by: com.github.javaparser.resolution.UnsolvedSymbolException: Unsolved symbol in de.uka.ilkd.key.java.JavaParserFactory$DynamicTypeSolver@dc54576 : java.lang.Object
	at com.github.javaparser.resolution.TypeSolver.solveType(TypeSolver.java:71)

17890      ERROR Test worker     d.u.i.k.n.b.AbstractBuilder  com.github.javaparser.resolution.UnsolvedSymbolException: Unsolved symbol in de.uka.ilkd.key.java.JavaParserFactory$DynamicTypeSolver@dc54576 : java.lang.Object
	at com.github.javaparser.resolution.TypeSolver.solveType(TypeSolver.java:71)

17891      ERROR Test worker     d.u.i.k.n.b.TacletPBuilder Error in parsing taclet. de.uka.ilkd.key.util.parsing.BuildingException: Unsolved symbol in de.uka.ilkd.key.java.JavaParserFactory$DynamicTypeSolver@dc54576 : java.lang.Object at file:/home/runner/work/key/key/key.core/build/resources/main/de/uka/ilkd/key/proof/rules/instanceAllocation.key:135:20
	at de.uka.ilkd.key.nparser.builder.AbstractBuilder.accept(AbstractBuilder.java:54)
Caused by: com.github.javaparser.resolution.UnsolvedSymbolException: Unsolved symbol in de.uka.ilkd.key.java.JavaParserFactory$DynamicTypeSolver@dc54576 : java.lang.Object
	at com.github.javaparser.resolution.TypeSolver.solveType(TypeSolver.java:71)

17896      ERROR Test worker     d.u.i.k.n.b.AbstractBuilder  com.github.javaparser.resolution.UnsolvedSymbolException: Unsolved symbol in de.uka.ilkd.key.java.JavaParserFactory$DynamicTypeSolver@dc54576 : java.lang.Object
	at com.github.javaparser.resolution.TypeSolver.solveType(TypeSolver.java:71)

17896      ERROR Test worker     d.u.i.k.n.b.TacletPBuilder Error in parsing taclet. de.uka.ilkd.key.util.parsing.BuildingException: Unsolved symbol in de.uka.ilkd.key.java.JavaParserFactory$DynamicTypeSolver@dc54576 : java.lang.Object at file:/home/runner/work/key/key/key.core/build/resources/main/de/uka/ilkd/key/proof/rules/instanceAllocation.key:147:20
	at de.uka.ilkd.key.nparser.builder.AbstractBuilder.accept(AbstractBuilder.java:54)
Caused by: com.github.javaparser.resolution.UnsolvedSymbolException: Unsolved symbol in de.uka.ilkd.key.java.JavaParserFactory$DynamicTypeSolver@dc54576 : java.lang.Object
	at com.github.javaparser.resolution.TypeSolver.solveType(TypeSolver.java:71)

17898      ERROR Test worker     d.u.i.k.n.b.AbstractBuilder  com.github.javaparser.resolution.UnsolvedSymbolException: Unsolved symbol in de.uka.ilkd.key.java.JavaParserFactory$DynamicTypeSolver@dc54576 : java.lang.Object
	at com.github.javaparser.resolution.TypeSolver.solveType(TypeSolver.java:71)

17898      ERROR Test worker     d.u.i.k.n.b.TacletPBuilder Error in parsing taclet. de.uka.ilkd.key.util.parsing.BuildingException: Unsolved symbol in de.uka.ilkd.key.java.JavaParserFactory$DynamicTypeSolver@dc54576 : java.lang.Object at file:/home/runner/work/key/key/key.core/build/resources/main/de/uka/ilkd/key/proof/rules/instanceAllocation.key:168:15
	at de.uka.ilkd.key.nparser.builder.AbstractBuilder.accept(AbstractBuilder.java:54)
Caused by: com.github.javaparser.resolution.UnsolvedSymbolException: Unsolved symbol in de.uka.ilkd.key.java.JavaParserFactory$DynamicTypeSolver@dc54576 : java.lang.Object
	at com.github.javaparser.resolution.TypeSolver.solveType(TypeSolver.java:71)

17900      ERROR Test worker     d.u.i.k.n.b.AbstractBuilder  com.github.javaparser.resolution.UnsolvedSymbolException: Unsolved symbol in de.uka.ilkd.key.java.JavaParserFactory$DynamicTypeSolver@dc54576 : java.lang.Object
	at com.github.javaparser.resolution.TypeSolver.solveType(TypeSolver.java:71)

17900      ERROR Test worker     d.u.i.k.n.b.TacletPBuilder Error in parsing taclet. de.uka.ilkd.key.util.parsing.BuildingException: Unsolved symbol in de.uka.ilkd.key.java.JavaParserFactory$DynamicTypeSolver@dc54576 : java.lang.Object at file:/home/runner/work/key/key/key.core/build/resources/main/de/uka/ilkd/key/proof/rules/instanceAllocation.key:180:15
	at de.uka.ilkd.key.nparser.builder.AbstractBuilder.accept(AbstractBuilder.java:54)
Caused by: com.github.javaparser.resolution.UnsolvedSymbolException: Unsolved symbol in de.uka.ilkd.key.java.JavaParserFactory$DynamicTypeSolver@dc54576 : java.lang.Object
	at com.github.javaparser.resolution.TypeSolver.solveType(TypeSolver.java:71)

17902      ERROR Test worker     d.u.i.k.n.b.AbstractBuilder  com.github.javaparser.resolution.UnsolvedSymbolException: Unsolved symbol in de.uka.ilkd.key.java.JavaParserFactory$DynamicTypeSolver@dc54576 : java.lang.Object
	at com.github.javaparser.resolution.TypeSolver.solveType(TypeSolver.java:71)

17902      ERROR Test worker     d.u.i.k.n.b.TacletPBuilder Error in parsing taclet. de.uka.ilkd.key.util.parsing.BuildingException: Unsolved symbol in de.uka.ilkd.key.java.JavaParserFactory$DynamicTypeSolver@dc54576 : java.lang.Object at file:/home/runner/work/key/key/key.core/build/resources/main/de/uka/ilkd/key/proof/rules/instanceAllocation.key:190:15
	at de.uka.ilkd.key.nparser.builder.AbstractBuilder.accept(AbstractBuilder.java:54)
Caused by: com.github.javaparser.resolution.UnsolvedSymbolException: Unsolved symbol in de.uka.ilkd.key.java.JavaParserFactory$DynamicTypeSolver@dc54576 : java.lang.Object
	at com.github.javaparser.resolution.TypeSolver.solveType(TypeSolver.java:71)

17919      ERROR Test worker     d.u.i.k.n.b.AbstractBuilder  com.github.javaparser.resolution.UnsolvedSymbolException: Unsolved symbol in de.uka.ilkd.key.java.JavaParserFactory$DynamicTypeSolver@dc54576 : java.lang.Object
	at com.github.javaparser.resolution.TypeSolver.solveType(TypeSolver.java:71)

17920      ERROR Test worker     d.u.i.k.n.b.TacletPBuilder Error in parsing taclet. de.uka.ilkd.key.util.parsing.BuildingException: Unsolved symbol in de.uka.ilkd.key.java.JavaParserFactory$DynamicTypeSolver@dc54576 : java.lang.Object at file:/home/runner/work/key/key/key.core/build/resources/main/de/uka/ilkd/key/proof/rules/java5.key:49:15
	at de.uka.ilkd.key.nparser.builder.AbstractBuilder.accept(AbstractBuilder.java:54)
Caused by: com.github.javaparser.resolution.UnsolvedSymbolException: Unsolved symbol in de.uka.ilkd.key.java.JavaParserFactory$DynamicTypeSolver@dc54576 : java.lang.Object
	at com.github.javaparser.resolution.TypeSolver.solveType(TypeSolver.java:71)

17947      ERROR Test worker     d.u.i.k.n.b.AbstractBuilder  com.github.javaparser.resolution.UnsolvedSymbolException: Unsolved symbol in de.uka.ilkd.key.java.JavaParserFactory$DynamicTypeSolver@dc54576 : java.lang.Object
	at com.github.javaparser.resolution.TypeSolver.solveType(TypeSolver.java:71)

17947      ERROR Test worker     d.u.i.k.n.b.TacletPBuilder Error in parsing taclet. de.uka.ilkd.key.util.parsing.BuildingException: Unsolved symbol in de.uka.ilkd.key.java.JavaParserFactory$DynamicTypeSolver@dc54576 : java.lang.Object at file:/home/runner/work/key/key/key.core/build/resources/main/de/uka/ilkd/key/proof/rules/integerAssignment2UpdateRules.key:38:15
	at de.uka.ilkd.key.nparser.builder.AbstractBuilder.accept(AbstractBuilder.java:54)
Caused by: com.github.javaparser.resolution.UnsolvedSymbolException: Unsolved symbol in de.uka.ilkd.key.java.JavaParserFactory$DynamicTypeSolver@dc54576 : java.lang.Object
	at com.github.javaparser.resolution.TypeSolver.solveType(TypeSolver.java:71)

17949      ERROR Test worker     d.u.i.k.n.b.AbstractBuilder  com.github.javaparser.resolution.UnsolvedSymbolException: Unsolved symbol in de.uka.ilkd.key.java.JavaParserFactory$DynamicTypeSolver@dc54576 : java.lang.Object
	at com.github.javaparser.resolution.TypeSolver.solveType(TypeSolver.java:71)

17949      ERROR Test worker     d.u.i.k.n.b.TacletPBuilder Error in parsing taclet. de.uka.ilkd.key.util.parsing.BuildingException: Unsolved symbol in de.uka.ilkd.key.java.JavaParserFactory$DynamicTypeSolver@dc54576 : java.lang.Object at file:/home/runner/work/key/key/key.core/build/resources/main/de/uka/ilkd/key/proof/rules/integerAssignment2UpdateRules.key:52:15
	at de.uka.ilkd.key.nparser.builder.AbstractBuilder.accept(AbstractBuilder.java:54)
Caused by: com.github.javaparser.resolution.UnsolvedSymbolException: Unsolved symbol in de.uka.ilkd.key.java.JavaParserFactory$DynamicTypeSolver@dc54576 : java.lang.Object
	at com.github.javaparser.resolution.TypeSolver.solveType(TypeSolver.java:71)

17953      ERROR Test worker     d.u.i.k.n.b.AbstractBuilder  com.github.javaparser.resolution.UnsolvedSymbolException: Unsolved symbol in de.uka.ilkd.key.java.JavaParserFactory$DynamicTypeSolver@dc54576 : java.lang.Object
	at com.github.javaparser.resolution.TypeSolver.solveType(TypeSolver.java:71)

17953      ERROR Test worker     d.u.i.k.n.b.TacletPBuilder Error in parsing taclet. de.uka.ilkd.key.util.parsing.BuildingException: Unsolved symbol in de.uka.ilkd.key.java.JavaParserFactory$DynamicTypeSolver@dc54576 : java.lang.Object at file:/home/runner/work/key/key/key.core/build/resources/main/de/uka/ilkd/key/proof/rules/integerAssignment2UpdateRules.key:66:15
	at de.uka.ilkd.key.nparser.builder.AbstractBuilder.accept(AbstractBuilder.java:54)
Caused by: com.github.javaparser.resolution.UnsolvedSymbolException: Unsolved symbol in de.uka.ilkd.key.java.JavaParserFactory$DynamicTypeSolver@dc54576 : java.lang.Object
	at com.github.javaparser.resolution.TypeSolver.solveType(TypeSolver.java:71)

17955      ERROR Test worker     d.u.i.k.n.b.AbstractBuilder  com.github.javaparser.resolution.UnsolvedSymbolException: Unsolved symbol in de.uka.ilkd.key.java.JavaParserFactory$DynamicTypeSolver@dc54576 : java.lang.Object
	at com.github.javaparser.resolution.TypeSolver.solveType(TypeSolver.java:71)

17956      ERROR Test worker     d.u.i.k.n.b.TacletPBuilder Error in parsing taclet. de.uka.ilkd.key.util.parsing.BuildingException: Unsolved symbol in de.uka.ilkd.key.java.JavaParserFactory$DynamicTypeSolver@dc54576 : java.lang.Object at file:/home/runner/work/key/key/key.core/build/resources/main/de/uka/ilkd/key/proof/rules/integerAssignment2UpdateRules.key:80:15
	at de.uka.ilkd.key.nparser.builder.AbstractBuilder.accept(AbstractBuilder.java:54)
Caused by: com.github.javaparser.resolution.UnsolvedSymbolException: Unsolved symbol in de.uka.ilkd.key.java.JavaParserFactory$DynamicTypeSolver@dc54576 : java.lang.Object
	at com.github.javaparser.resolution.TypeSolver.solveType(TypeSolver.java:71)

17958      ERROR Test worker     d.u.i.k.n.b.AbstractBuilder  com.github.javaparser.resolution.UnsolvedSymbolException: Unsolved symbol in de.uka.ilkd.key.java.JavaParserFactory$DynamicTypeSolver@dc54576 : java.lang.Object
	at com.github.javaparser.resolution.TypeSolver.solveType(TypeSolver.java:71)

17958      ERROR Test worker     d.u.i.k.n.b.TacletPBuilder Error in parsing taclet. de.uka.ilkd.key.util.parsing.BuildingException: Unsolved symbol in de.uka.ilkd.key.java.JavaParserFactory$DynamicTypeSolver@dc54576 : java.lang.Object at file:/home/runner/work/key/key/key.core/build/resources/main/de/uka/ilkd/key/proof/rules/integerAssignment2UpdateRules.key:100:20
	at de.uka.ilkd.key.nparser.builder.AbstractBuilder.accept(AbstractBuilder.java:54)
Caused by: com.github.javaparser.resolution.UnsolvedSymbolException: Unsolved symbol in de.uka.ilkd.key.java.JavaParserFactory$DynamicTypeSolver@dc54576 : java.lang.Object
	at com.github.javaparser.resolution.TypeSolver.solveType(TypeSolver.java:71)

17960      ERROR Test worker     d.u.i.k.n.b.AbstractBuilder  com.github.javaparser.resolution.UnsolvedSymbolException: Unsolved symbol in de.uka.ilkd.key.java.JavaParserFactory$DynamicTypeSolver@dc54576 : java.lang.Object
	at com.github.javaparser.resolution.TypeSolver.solveType(TypeSolver.java:71)

17960      ERROR Test worker     d.u.i.k.n.b.TacletPBuilder Error in parsing taclet. de.uka.ilkd.key.util.parsing.BuildingException: Unsolved symbol in de.uka.ilkd.key.java.JavaParserFactory$DynamicTypeSolver@dc54576 : java.lang.Object at file:/home/runner/work/key/key/key.core/build/resources/main/de/uka/ilkd/key/proof/rules/integerAssignment2UpdateRules.key:112:20
	at de.uka.ilkd.key.nparser.builder.AbstractBuilder.accept(AbstractBuilder.java:54)
Caused by: com.github.javaparser.resolution.UnsolvedSymbolException: Unsolved symbol in de.uka.ilkd.key.java.JavaParserFactory$DynamicTypeSolver@dc54576 : java.lang.Object
	at com.github.javaparser.resolution.TypeSolver.solveType(TypeSolver.java:71)

17962      ERROR Test worker     d.u.i.k.n.b.AbstractBuilder  com.github.javaparser.resolution.UnsolvedSymbolException: Unsolved symbol in de.uka.ilkd.key.java.JavaParserFactory$DynamicTypeSolver@dc54576 : java.lang.Object
	at com.github.javaparser.resolution.TypeSolver.solveType(TypeSolver.java:71)

17962      ERROR Test worker     d.u.i.k.n.b.TacletPBuilder Error in parsing taclet. de.uka.ilkd.key.util.parsing.BuildingException: Unsolved symbol in de.uka.ilkd.key.java.JavaParserFactory$DynamicTypeSolver@dc54576 : java.lang.Object at file:/home/runner/work/key/key/key.core/build/resources/main/de/uka/ilkd/key/proof/rules/integerAssignment2UpdateRules.key:124:20
	at de.uka.ilkd.key.nparser.builder.AbstractBuilder.accept(AbstractBuilder.java:54)
Caused by: com.github.javaparser.resolution.UnsolvedSymbolException: Unsolved symbol in de.uka.ilkd.key.java.JavaParserFactory$DynamicTypeSolver@dc54576 : java.lang.Object
	at com.github.javaparser.resolution.TypeSolver.solveType(TypeSolver.java:71)

17964      ERROR Test worker     d.u.i.k.n.b.AbstractBuilder  com.github.javaparser.resolution.UnsolvedSymbolException: Unsolved symbol in de.uka.ilkd.key.java.JavaParserFactory$DynamicTypeSolver@dc54576 : java.lang.Object
	at com.github.javaparser.resolution.TypeSolver.solveType(TypeSolver.java:71)

17964      ERROR Test worker     d.u.i.k.n.b.TacletPBuilder Error in parsing taclet. de.uka.ilkd.key.util.parsing.BuildingException: Unsolved symbol in de.uka.ilkd.key.java.JavaParserFactory$DynamicTypeSolver@dc54576 : java.lang.Object at file:/home/runner/work/key/key/key.core/build/resources/main/de/uka/ilkd/key/proof/rules/integerAssignment2UpdateRules.key:140:20
	at de.uka.ilkd.key.nparser.builder.AbstractBuilder.accept(AbstractBuilder.java:54)
Caused by: com.github.javaparser.resolution.UnsolvedSymbolException: Unsolved symbol in de.uka.ilkd.key.java.JavaParserFactory$DynamicTypeSolver@dc54576 : java.lang.Object
	at com.github.javaparser.resolution.TypeSolver.solveType(TypeSolver.java:71)

17966      ERROR Test worker     d.u.i.k.n.b.AbstractBuilder  com.github.javaparser.resolution.UnsolvedSymbolException: Unsolved symbol in de.uka.ilkd.key.java.JavaParserFactory$DynamicTypeSolver@dc54576 : java.lang.Object
	at com.github.javaparser.resolution.TypeSolver.solveType(TypeSolver.java:71)

17967      ERROR Test worker     d.u.i.k.n.b.TacletPBuilder Error in parsing taclet. de.uka.ilkd.key.util.parsing.BuildingException: Unsolved symbol in de.uka.ilkd.key.java.JavaParserFactory$DynamicTypeSolver@dc54576 : java.lang.Object at file:/home/runner/work/key/key/key.core/build/resources/main/de/uka/ilkd/key/proof/rules/integerAssignment2UpdateRules.key:157:15
	at de.uka.ilkd.key.nparser.builder.AbstractBuilder.accept(AbstractBuilder.java:54)
Caused by: com.github.javaparser.resolution.UnsolvedSymbolException: Unsolved symbol in de.uka.ilkd.key.java.JavaParserFactory$DynamicTypeSolver@dc54576 : java.lang.Object
	at com.github.javaparser.resolution.TypeSolver.solveType(TypeSolver.java:71)

17968      ERROR Test worker     d.u.i.k.n.b.AbstractBuilder  com.github.javaparser.resolution.UnsolvedSymbolException: Unsolved symbol in de.uka.ilkd.key.java.JavaParserFactory$DynamicTypeSolver@dc54576 : java.lang.Object
	at com.github.javaparser.resolution.TypeSolver.solveType(TypeSolver.java:71)

17969      ERROR Test worker     d.u.i.k.n.b.TacletPBuilder Error in parsing taclet. de.uka.ilkd.key.util.parsing.BuildingException: Unsolved symbol in de.uka.ilkd.key.java.JavaParserFactory$DynamicTypeSolver@dc54576 : java.lang.Object at file:/home/runner/work/key/key/key.core/build/resources/main/de/uka/ilkd/key/proof/rules/integerAssignment2UpdateRules.key:168:15
	at de.uka.ilkd.key.nparser.builder.AbstractBuilder.accept(AbstractBuilder.java:54)
Caused by: com.github.javaparser.resolution.UnsolvedSymbolException: Unsolved symbol in de.uka.ilkd.key.java.JavaParserFactory$DynamicTypeSolver@dc54576 : java.lang.Object
	at com.github.javaparser.resolution.TypeSolver.solveType(TypeSolver.java:71)

17971      ERROR Test worker     d.u.i.k.n.b.AbstractBuilder  com.github.javaparser.resolution.UnsolvedSymbolException: Unsolved symbol in de.uka.ilkd.key.java.JavaParserFactory$DynamicTypeSolver@dc54576 : java.lang.Object
	at com.github.javaparser.resolution.TypeSolver.solveType(TypeSolver.java:71)

17971      ERROR Test worker     d.u.i.k.n.b.TacletPBuilder Error in parsing taclet. de.uka.ilkd.key.util.parsing.BuildingException: Unsolved symbol in de.uka.ilkd.key.java.JavaParserFactory$DynamicTypeSolver@dc54576 : java.lang.Object at file:/home/runner/work/key/key/key.core/build/resources/main/de/uka/ilkd/key/proof/rules/integerAssignment2UpdateRules.key:179:15
	at de.uka.ilkd.key.nparser.builder.AbstractBuilder.accept(AbstractBuilder.java:54)
Caused by: com.github.javaparser.resolution.UnsolvedSymbolException: Unsolved symbol in de.uka.ilkd.key.java.JavaParserFactory$DynamicTypeSolver@dc54576 : java.lang.Object
	at com.github.javaparser.resolution.TypeSolver.solveType(TypeSolver.java:71)

17973      ERROR Test worker     d.u.i.k.n.b.AbstractBuilder  com.github.javaparser.resolution.UnsolvedSymbolException: Unsolved symbol in de.uka.ilkd.key.java.JavaParserFactory$DynamicTypeSolver@dc54576 : java.lang.Object
	at com.github.javaparser.resolution.TypeSolver.solveType(TypeSolver.java:71)

17973      ERROR Test worker     d.u.i.k.n.b.TacletPBuilder Error in parsing taclet. de.uka.ilkd.key.util.parsing.BuildingException: Unsolved symbol in de.uka.ilkd.key.java.JavaParserFactory$DynamicTypeSolver@dc54576 : java.lang.Object at file:/home/runner/work/key/key/key.core/build/resources/main/de/uka/ilkd/key/proof/rules/integerAssignment2UpdateRules.key:194:15
	at de.uka.ilkd.key.nparser.builder.AbstractBuilder.accept(AbstractBuilder.java:54)
Caused by: com.github.javaparser.resolution.UnsolvedSymbolException: Unsolved symbol in de.uka.ilkd.key.java.JavaParserFactory$DynamicTypeSolver@dc54576 : java.lang.Object
	at com.github.javaparser.resolution.TypeSolver.solveType(TypeSolver.java:71)

17975      ERROR Test worker     d.u.i.k.n.b.AbstractBuilder  com.github.javaparser.resolution.UnsolvedSymbolException: Unsolved symbol in de.uka.ilkd.key.java.JavaParserFactory$DynamicTypeSolver@dc54576 : java.lang.Object
	at com.github.javaparser.resolution.TypeSolver.solveType(TypeSolver.java:71)

17975      ERROR Test worker     d.u.i.k.n.b.TacletPBuilder Error in parsing taclet. de.uka.ilkd.key.util.parsing.BuildingException: Unsolved symbol in de.uka.ilkd.key.java.JavaParserFactory$DynamicTypeSolver@dc54576 : java.lang.Object at file:/home/runner/work/key/key/key.core/build/resources/main/de/uka/ilkd/key/proof/rules/integerAssignment2UpdateRules.key:210:15
	at de.uka.ilkd.key.nparser.builder.AbstractBuilder.accept(AbstractBuilder.java:54)
Caused by: com.github.javaparser.resolution.UnsolvedSymbolException: Unsolved symbol in de.uka.ilkd.key.java.JavaParserFactory$DynamicTypeSolver@dc54576 : java.lang.Object
	at com.github.javaparser.resolution.TypeSolver.solveType(TypeSolver.java:71)

17977      ERROR Test worker     d.u.i.k.n.b.AbstractBuilder  com.github.javaparser.resolution.UnsolvedSymbolException: Unsolved symbol in de.uka.ilkd.key.java.JavaParserFactory$DynamicTypeSolver@dc54576 : java.lang.Object
	at com.github.javaparser.resolution.TypeSolver.solveType(TypeSolver.java:71)

17977      ERROR Test worker     d.u.i.k.n.b.TacletPBuilder Error in parsing taclet. de.uka.ilkd.key.util.parsing.BuildingException: Unsolved symbol in de.uka.ilkd.key.java.JavaParserFactory$DynamicTypeSolver@dc54576 : java.lang.Object at file:/home/runner/work/key/key/key.core/build/resources/main/de/uka/ilkd/key/proof/rules/integerAssignment2UpdateRules.key:224:15
	at de.uka.ilkd.key.nparser.builder.AbstractBuilder.accept(AbstractBuilder.java:54)
Caused by: com.github.javaparser.resolution.UnsolvedSymbolException: Unsolved symbol in de.uka.ilkd.key.java.JavaParserFactory$DynamicTypeSolver@dc54576 : java.lang.Object
	at com.github.javaparser.resolution.TypeSolver.solveType(TypeSolver.java:71)

17979      ERROR Test worker     d.u.i.k.n.b.AbstractBuilder  com.github.javaparser.resolution.UnsolvedSymbolException: Unsolved symbol in de.uka.ilkd.key.java.JavaParserFactory$DynamicTypeSolver@dc54576 : java.lang.Object
	at com.github.javaparser.resolution.TypeSolver.solveType(TypeSolver.java:71)

17979      ERROR Test worker     d.u.i.k.n.b.TacletPBuilder Error in parsing taclet. de.uka.ilkd.key.util.parsing.BuildingException: Unsolved symbol in de.uka.ilkd.key.java.JavaParserFactory$DynamicTypeSolver@dc54576 : java.lang.Object at file:/home/runner/work/key/key/key.core/build/resources/main/de/uka/ilkd/key/proof/rules/integerAssignment2UpdateRules.key:238:15
	at de.uka.ilkd.key.nparser.builder.AbstractBuilder.accept(AbstractBuilder.java:54)
Caused by: com.github.javaparser.resolution.UnsolvedSymbolException: Unsolved symbol in de.uka.ilkd.key.java.JavaParserFactory$DynamicTypeSolver@dc54576 : java.lang.Object
	at com.github.javaparser.resolution.TypeSolver.solveType(TypeSolver.java:71)

17981      ERROR Test worker     d.u.i.k.n.b.AbstractBuilder  com.github.javaparser.resolution.UnsolvedSymbolException: Unsolved symbol in de.uka.ilkd.key.java.JavaParserFactory$DynamicTypeSolver@dc54576 : java.lang.Object
	at com.github.javaparser.resolution.TypeSolver.solveType(TypeSolver.java:71)

17981      ERROR Test worker     d.u.i.k.n.b.TacletPBuilder Error in parsing taclet. de.uka.ilkd.key.util.parsing.BuildingException: Unsolved symbol in de.uka.ilkd.key.java.JavaParserFactory$DynamicTypeSolver@dc54576 : java.lang.Object at file:/home/runner/work/key/key/key.core/build/resources/main/de/uka/ilkd/key/proof/rules/integerAssignment2UpdateRules.key:256:15
	at de.uka.ilkd.key.nparser.builder.AbstractBuilder.accept(AbstractBuilder.java:54)
Caused by: com.github.javaparser.resolution.UnsolvedSymbolException: Unsolved symbol in de.uka.ilkd.key.java.JavaParserFactory$DynamicTypeSolver@dc54576 : java.lang.Object
	at com.github.javaparser.resolution.TypeSolver.solveType(TypeSolver.java:71)

17983      ERROR Test worker     d.u.i.k.n.b.AbstractBuilder  com.github.javaparser.resolution.UnsolvedSymbolException: Unsolved symbol in de.uka.ilkd.key.java.JavaParserFactory$DynamicTypeSolver@dc54576 : java.lang.Object
	at com.github.javaparser.resolution.TypeSolver.solveType(TypeSolver.java:71)

17984      ERROR Test worker     d.u.i.k.n.b.TacletPBuilder Error in parsing taclet. de.uka.ilkd.key.util.parsing.BuildingException: Unsolved symbol in de.uka.ilkd.key.java.JavaParserFactory$DynamicTypeSolver@dc54576 : java.lang.Object at file:/home/runner/work/key/key/key.core/build/resources/main/de/uka/ilkd/key/proof/rules/integerAssignment2UpdateRules.key:276:15
	at de.uka.ilkd.key.nparser.builder.AbstractBuilder.accept(AbstractBuilder.java:54)
Caused by: com.github.javaparser.resolution.UnsolvedSymbolException: Unsolved symbol in de.uka.ilkd.key.java.JavaParserFactory$DynamicTypeSolver@dc54576 : java.lang.Object
	at com.github.javaparser.resolution.TypeSolver.solveType(TypeSolver.java:71)

17986      ERROR Test worker     d.u.i.k.n.b.AbstractBuilder  com.github.javaparser.resolution.UnsolvedSymbolException: Unsolved symbol in de.uka.ilkd.key.java.JavaParserFactory$DynamicTypeSolver@dc54576 : java.lang.Object
	at com.github.javaparser.resolution.TypeSolver.solveType(TypeSolver.java:71)

17986      ERROR Test worker     d.u.i.k.n.b.TacletPBuilder Error in parsing taclet. de.uka.ilkd.key.util.parsing.BuildingException: Unsolved symbol in de.uka.ilkd.key.java.JavaParserFactory$DynamicTypeSolver@dc54576 : java.lang.Object at file:/home/runner/work/key/key/key.core/build/resources/main/de/uka/ilkd/key/proof/rules/integerAssignment2UpdateRules.key:290:15
	at de.uka.ilkd.key.nparser.builder.AbstractBuilder.accept(AbstractBuilder.java:54)
Caused by: com.github.javaparser.resolution.UnsolvedSymbolException: Unsolved symbol in de.uka.ilkd.key.java.JavaParserFactory$DynamicTypeSolver@dc54576 : java.lang.Object
	at com.github.javaparser.resolution.TypeSolver.solveType(TypeSolver.java:71)

17994      ERROR Test worker     d.u.i.k.n.b.AbstractBuilder  com.github.javaparser.resolution.UnsolvedSymbolException: Unsolved symbol in de.uka.ilkd.key.java.JavaParserFactory$DynamicTypeSolver@dc54576 : java.lang.Object
	at com.github.javaparser.resolution.TypeSolver.solveType(TypeSolver.java:71)

17994      ERROR Test worker     d.u.i.k.n.b.TacletPBuilder Error in parsing taclet. de.uka.ilkd.key.util.parsing.BuildingException: Unsolved symbol in de.uka.ilkd.key.java.JavaParserFactory$DynamicTypeSolver@dc54576 : java.lang.Object at file:/home/runner/work/key/key/key.core/build/resources/main/de/uka/ilkd/key/proof/rules/integerAssignment2UpdateRules.key:304:15
	at de.uka.ilkd.key.nparser.builder.AbstractBuilder.accept(AbstractBuilder.java:54)
Caused by: com.github.javaparser.resolution.UnsolvedSymbolException: Unsolved symbol in de.uka.ilkd.key.java.JavaParserFactory$DynamicTypeSolver@dc54576 : java.lang.Object
	at com.github.javaparser.resolution.TypeSolver.solveType(TypeSolver.java:71)

18001      ERROR Test worker     d.u.i.k.n.b.AbstractBuilder  com.github.javaparser.resolution.UnsolvedSymbolException: Unsolved symbol in de.uka.ilkd.key.java.JavaParserFactory$DynamicTypeSolver@dc54576 : java.lang.Object
	at com.github.javaparser.resolution.TypeSolver.solveType(TypeSolver.java:71)

18001      ERROR Test worker     d.u.i.k.n.b.TacletPBuilder Error in parsing taclet. de.uka.ilkd.key.util.parsing.BuildingException: Unsolved symbol in de.uka.ilkd.key.java.JavaParserFactory$DynamicTypeSolver@dc54576 : java.lang.Object at file:/home/runner/work/key/key/key.core/build/resources/main/de/uka/ilkd/key/proof/rules/integerAssignment2UpdateRules.key:319:15
	at de.uka.ilkd.key.nparser.builder.AbstractBuilder.accept(AbstractBuilder.java:54)
Caused by: com.github.javaparser.resolution.UnsolvedSymbolException: Unsolved symbol in de.uka.ilkd.key.java.JavaParserFactory$DynamicTypeSolver@dc54576 : java.lang.Object
	at com.github.javaparser.resolution.TypeSolver.solveType(TypeSolver.java:71)

18003      ERROR Test worker     d.u.i.k.n.b.AbstractBuilder  com.github.javaparser.resolution.UnsolvedSymbolException: Unsolved symbol in de.uka.ilkd.key.java.JavaParserFactory$DynamicTypeSolver@dc54576 : java.lang.Object
	at com.github.javaparser.resolution.TypeSolver.solveType(TypeSolver.java:71)

18003      ERROR Test worker     d.u.i.k.n.b.TacletPBuilder Error in parsing taclet. de.uka.ilkd.key.util.parsing.BuildingException: Unsolved symbol in de.uka.ilkd.key.java.JavaParserFactory$DynamicTypeSolver@dc54576 : java.lang.Object at file:/home/runner/work/key/key/key.core/build/resources/main/de/uka/ilkd/key/proof/rules/integerAssignment2UpdateRules.key:335:15
	at de.uka.ilkd.key.nparser.builder.AbstractBuilder.accept(AbstractBuilder.java:54)
Caused by: com.github.javaparser.resolution.UnsolvedSymbolException: Unsolved symbol in de.uka.ilkd.key.java.JavaParserFactory$DynamicTypeSolver@dc54576 : java.lang.Object
	at com.github.javaparser.resolution.TypeSolver.solveType(TypeSolver.java:71)

18020      ERROR Test worker     d.u.i.k.n.b.AbstractBuilder  com.github.javaparser.resolution.UnsolvedSymbolException: Unsolved symbol in de.uka.ilkd.key.java.JavaParserFactory$DynamicTypeSolver@dc54576 : java.lang.Object
	at com.github.javaparser.resolution.TypeSolver.solveType(TypeSolver.java:71)

18020      ERROR Test worker     d.u.i.k.n.b.TacletPBuilder Error in parsing taclet. de.uka.ilkd.key.util.parsing.BuildingException: Unsolved symbol in de.uka.ilkd.key.java.JavaParserFactory$DynamicTypeSolver@dc54576 : java.lang.Object at file:/home/runner/work/key/key/key.core/build/resources/main/de/uka/ilkd/key/proof/rules/integerAssignment2UpdateRules.key:350:15
	at de.uka.ilkd.key.nparser.builder.AbstractBuilder.accept(AbstractBuilder.java:54)
Caused by: com.github.javaparser.resolution.UnsolvedSymbolException: Unsolved symbol in de.uka.ilkd.key.java.JavaParserFactory$DynamicTypeSolver@dc54576 : java.lang.Object
	at com.github.javaparser.resolution.TypeSolver.solveType(TypeSolver.java:71)

18022      ERROR Test worker     d.u.i.k.n.b.AbstractBuilder  com.github.javaparser.resolution.UnsolvedSymbolException: Unsolved symbol in de.uka.ilkd.key.java.JavaParserFactory$DynamicTypeSolver@dc54576 : java.lang.Object
	at com.github.javaparser.resolution.TypeSolver.solveType(TypeSolver.java:71)

18022      ERROR Test worker     d.u.i.k.n.b.TacletPBuilder Error in parsing taclet. de.uka.ilkd.key.util.parsing.BuildingException: Unsolved symbol in de.uka.ilkd.key.java.JavaParserFactory$DynamicTypeSolver@dc54576 : java.lang.Object at file:/home/runner/work/key/key/key.core/build/resources/main/de/uka/ilkd/key/proof/rules/integerAssignment2UpdateRules.key:365:15
	at de.uka.ilkd.key.nparser.builder.AbstractBuilder.accept(AbstractBuilder.java:54)
Caused by: com.github.javaparser.resolution.UnsolvedSymbolException: Unsolved symbol in de.uka.ilkd.key.java.JavaParserFactory$DynamicTypeSolver@dc54576 : java.lang.Object
	at com.github.javaparser.resolution.TypeSolver.solveType(TypeSolver.java:71)

18024      ERROR Test worker     d.u.i.k.n.b.AbstractBuilder  com.github.javaparser.resolution.UnsolvedSymbolException: Unsolved symbol in de.uka.ilkd.key.java.JavaParserFactory$DynamicTypeSolver@dc54576 : java.lang.Object
	at com.github.javaparser.resolution.TypeSolver.solveType(TypeSolver.java:71)

18024      ERROR Test worker     d.u.i.k.n.b.TacletPBuilder Error in parsing taclet. de.uka.ilkd.key.util.parsing.BuildingException: Unsolved symbol in de.uka.ilkd.key.java.JavaParserFactory$DynamicTypeSolver@dc54576 : java.lang.Object at file:/home/runner/work/key/key/key.core/build/resources/main/de/uka/ilkd/key/proof/rules/integerAssignment2UpdateRules.key:380:15
	at de.uka.ilkd.key.nparser.builder.AbstractBuilder.accept(AbstractBuilder.java:54)
Caused by: com.github.javaparser.resolution.UnsolvedSymbolException: Unsolved symbol in de.uka.ilkd.key.java.JavaParserFactory$DynamicTypeSolver@dc54576 : java.lang.Object
	at com.github.javaparser.resolution.TypeSolver.solveType(TypeSolver.java:71)

18026      ERROR Test worker     d.u.i.k.n.b.AbstractBuilder  com.github.javaparser.resolution.UnsolvedSymbolException: Unsolved symbol in de.uka.ilkd.key.java.JavaParserFactory$DynamicTypeSolver@dc54576 : java.lang.Object
	at com.github.javaparser.resolution.TypeSolver.solveType(TypeSolver.java:71)

18026      ERROR Test worker     d.u.i.k.n.b.TacletPBuilder Error in parsing taclet. de.uka.ilkd.key.util.parsing.BuildingException: Unsolved symbol in de.uka.ilkd.key.java.JavaParserFactory$DynamicTypeSolver@dc54576 : java.lang.Object at file:/home/runner/work/key/key/key.core/build/resources/main/de/uka/ilkd/key/proof/rules/integerAssignment2UpdateRules.key:397:15
	at de.uka.ilkd.key.nparser.builder.AbstractBuilder.accept(AbstractBuilder.java:54)
Caused by: com.github.javaparser.resolution.UnsolvedSymbolException: Unsolved symbol in de.uka.ilkd.key.java.JavaParserFactory$DynamicTypeSolver@dc54576 : java.lang.Object
	at com.github.javaparser.resolution.TypeSolver.solveType(TypeSolver.java:71)

18027      ERROR Test worker     d.u.i.k.n.b.AbstractBuilder  com.github.javaparser.resolution.UnsolvedSymbolException: Unsolved symbol in de.uka.ilkd.key.java.JavaParserFactory$DynamicTypeSolver@dc54576 : java.lang.Object
	at com.github.javaparser.resolution.TypeSolver.solveType(TypeSolver.java:71)

18028      ERROR Test worker     d.u.i.k.n.b.TacletPBuilder Error in parsing taclet. de.uka.ilkd.key.util.parsing.BuildingException: Unsolved symbol in de.uka.ilkd.key.java.JavaParserFactory$DynamicTypeSolver@dc54576 : java.lang.Object at file:/home/runner/work/key/key/key.core/build/resources/main/de/uka/ilkd/key/proof/rules/integerAssignment2UpdateRules.key:408:15
	at de.uka.ilkd.key.nparser.builder.AbstractBuilder.accept(AbstractBuilder.java:54)
Caused by: com.github.javaparser.resolution.UnsolvedSymbolException: Unsolved symbol in de.uka.ilkd.key.java.JavaParserFactory$DynamicTypeSolver@dc54576 : java.lang.Object
	at com.github.javaparser.resolution.TypeSolver.solveType(TypeSolver.java:71)

18046      ERROR Test worker     d.u.i.k.n.b.AbstractBuilder  com.github.javaparser.resolution.UnsolvedSymbolException: Unsolved symbol in de.uka.ilkd.key.java.JavaParserFactory$DynamicTypeSolver@dc54576 : java.lang.Object
	at com.github.javaparser.resolution.TypeSolver.solveType(TypeSolver.java:71)

18046      ERROR Test worker     d.u.i.k.n.b.TacletPBuilder Error in parsing taclet. de.uka.ilkd.key.util.parsing.BuildingException: Unsolved symbol in de.uka.ilkd.key.java.JavaParserFactory$DynamicTypeSolver@dc54576 : java.lang.Object at file:/home/runner/work/key/key/key.core/build/resources/main/de/uka/ilkd/key/proof/rules/integerAssignment2UpdateRules.key:419:15
	at de.uka.ilkd.key.nparser.builder.AbstractBuilder.accept(AbstractBuilder.java:54)
Caused by: com.github.javaparser.resolution.UnsolvedSymbolException: Unsolved symbol in de.uka.ilkd.key.java.JavaParserFactory$DynamicTypeSolver@dc54576 : java.lang.Object
	at com.github.javaparser.resolution.TypeSolver.solveType(TypeSolver.java:71)

18048      ERROR Test worker     d.u.i.k.n.b.AbstractBuilder  com.github.javaparser.resolution.UnsolvedSymbolException: Unsolved symbol in de.uka.ilkd.key.java.JavaParserFactory$DynamicTypeSolver@dc54576 : java.lang.Object
	at com.github.javaparser.resolution.TypeSolver.solveType(TypeSolver.java:71)

18048      ERROR Test worker     d.u.i.k.n.b.TacletPBuilder Error in parsing taclet. de.uka.ilkd.key.util.parsing.BuildingException: Unsolved symbol in de.uka.ilkd.key.java.JavaParserFactory$DynamicTypeSolver@dc54576 : java.lang.Object at file:/home/runner/work/key/key/key.core/build/resources/main/de/uka/ilkd/key/proof/rules/integerAssignment2UpdateRules.key:430:15
	at de.uka.ilkd.key.nparser.builder.AbstractBuilder.accept(AbstractBuilder.java:54)
Caused by: com.github.javaparser.resolution.UnsolvedSymbolException: Unsolved symbol in de.uka.ilkd.key.java.JavaParserFactory$DynamicTypeSolver@dc54576 : java.lang.Object
	at com.github.javaparser.resolution.TypeSolver.solveType(TypeSolver.java:71)

18058      ERROR Test worker     d.u.i.k.n.b.AbstractBuilder  com.github.javaparser.resolution.UnsolvedSymbolException: Unsolved symbol in de.uka.ilkd.key.java.JavaParserFactory$DynamicTypeSolver@dc54576 : java.lang.Object
	at com.github.javaparser.resolution.TypeSolver.solveType(TypeSolver.java:71)

18058      ERROR Test worker     d.u.i.k.n.b.TacletPBuilder Error in parsing taclet. de.uka.ilkd.key.util.parsing.BuildingException: Unsolved symbol in de.uka.ilkd.key.java.JavaParserFactory$DynamicTypeSolver@dc54576 : java.lang.Object at file:/home/runner/work/key/key/key.core/build/resources/main/de/uka/ilkd/key/proof/rules/integerAssignment2UpdateRules.key:443:15
	at de.uka.ilkd.key.nparser.builder.AbstractBuilder.accept(AbstractBuilder.java:54)
Caused by: com.github.javaparser.resolution.UnsolvedSymbolException: Unsolved symbol in de.uka.ilkd.key.java.JavaParserFactory$DynamicTypeSolver@dc54576 : java.lang.Object
	at com.github.javaparser.resolution.TypeSolver.solveType(TypeSolver.java:71)

18064      ERROR Test worker     d.u.i.k.n.b.AbstractBuilder  com.github.javaparser.resolution.UnsolvedSymbolException: Unsolved symbol in de.uka.ilkd.key.java.JavaParserFactory$DynamicTypeSolver@dc54576 : java.lang.Object
	at com.github.javaparser.resolution.TypeSolver.solveType(TypeSolver.java:71)

18064      ERROR Test worker     d.u.i.k.n.b.TacletPBuilder Error in parsing taclet. de.uka.ilkd.key.util.parsing.BuildingException: Unsolved symbol in de.uka.ilkd.key.java.JavaParserFactory$DynamicTypeSolver@dc54576 : java.lang.Object at file:/home/runner/work/key/key/key.core/build/resources/main/de/uka/ilkd/key/proof/rules/integerAssignment2UpdateRules.key:454:15
	at de.uka.ilkd.key.nparser.builder.AbstractBuilder.accept(AbstractBuilder.java:54)
Caused by: com.github.javaparser.resolution.UnsolvedSymbolException: Unsolved symbol in de.uka.ilkd.key.java.JavaParserFactory$DynamicTypeSolver@dc54576 : java.lang.Object
	at com.github.javaparser.resolution.TypeSolver.solveType(TypeSolver.java:71)

18066      ERROR Test worker     d.u.i.k.n.b.AbstractBuilder  com.github.javaparser.resolution.UnsolvedSymbolException: Unsolved symbol in de.uka.ilkd.key.java.JavaParserFactory$DynamicTypeSolver@dc54576 : java.lang.Object
	at com.github.javaparser.resolution.TypeSolver.solveType(TypeSolver.java:71)

18066      ERROR Test worker     d.u.i.k.n.b.TacletPBuilder Error in parsing taclet. de.uka.ilkd.key.util.parsing.BuildingException: Unsolved symbol in de.uka.ilkd.key.java.JavaParserFactory$DynamicTypeSolver@dc54576 : java.lang.Object at file:/home/runner/work/key/key/key.core/build/resources/main/de/uka/ilkd/key/proof/rules/integerAssignment2UpdateRules.key:466:15
	at de.uka.ilkd.key.nparser.builder.AbstractBuilder.accept(AbstractBuilder.java:54)
Caused by: com.github.javaparser.resolution.UnsolvedSymbolException: Unsolved symbol in de.uka.ilkd.key.java.JavaParserFactory$DynamicTypeSolver@dc54576 : java.lang.Object
	at com.github.javaparser.resolution.TypeSolver.solveType(TypeSolver.java:71)

18068      ERROR Test worker     d.u.i.k.n.b.AbstractBuilder  com.github.javaparser.resolution.UnsolvedSymbolException: Unsolved symbol in de.uka.ilkd.key.java.JavaParserFactory$DynamicTypeSolver@dc54576 : java.lang.Object
	at com.github.javaparser.resolution.TypeSolver.solveType(TypeSolver.java:71)

18068      ERROR Test worker     d.u.i.k.n.b.TacletPBuilder Error in parsing taclet. de.uka.ilkd.key.util.parsing.BuildingException: Unsolved symbol in de.uka.ilkd.key.java.JavaParserFactory$DynamicTypeSolver@dc54576 : java.lang.Object at file:/home/runner/work/key/key/key.core/build/resources/main/de/uka/ilkd/key/proof/rules/integerAssignment2UpdateRules.key:478:15
	at de.uka.ilkd.key.nparser.builder.AbstractBuilder.accept(AbstractBuilder.java:54)
Caused by: com.github.javaparser.resolution.UnsolvedSymbolException: Unsolved symbol in de.uka.ilkd.key.java.JavaParserFactory$DynamicTypeSolver@dc54576 : java.lang.Object
	at com.github.javaparser.resolution.TypeSolver.solveType(TypeSolver.java:71)

18073      ERROR Test worker     d.u.i.k.n.b.AbstractBuilder  com.github.javaparser.resolution.UnsolvedSymbolException: Unsolved symbol in de.uka.ilkd.key.java.JavaParserFactory$DynamicTypeSolver@dc54576 : java.lang.Object
	at com.github.javaparser.resolution.TypeSolver.solveType(TypeSolver.java:71)

18073      ERROR Test worker     d.u.i.k.n.b.TacletPBuilder Error in parsing taclet. de.uka.ilkd.key.util.parsing.BuildingException: Unsolved symbol in de.uka.ilkd.key.java.JavaParserFactory$DynamicTypeSolver@dc54576 : java.lang.Object at file:/home/runner/work/key/key/key.core/build/resources/main/de/uka/ilkd/key/proof/rules/integerAssignment2UpdateRules.key:491:15
	at de.uka.ilkd.key.nparser.builder.AbstractBuilder.accept(AbstractBuilder.java:54)
Caused by: com.github.javaparser.resolution.UnsolvedSymbolException: Unsolved symbol in de.uka.ilkd.key.java.JavaParserFactory$DynamicTypeSolver@dc54576 : java.lang.Object
	at com.github.javaparser.resolution.TypeSolver.solveType(TypeSolver.java:71)

18075      ERROR Test worker     d.u.i.k.n.b.AbstractBuilder  com.github.javaparser.resolution.UnsolvedSymbolException: Unsolved symbol in de.uka.ilkd.key.java.JavaParserFactory$DynamicTypeSolver@dc54576 : java.lang.Object
	at com.github.javaparser.resolution.TypeSolver.solveType(TypeSolver.java:71)

18075      ERROR Test worker     d.u.i.k.n.b.TacletPBuilder Error in parsing taclet. de.uka.ilkd.key.util.parsing.BuildingException: Unsolved symbol in de.uka.ilkd.key.java.JavaParserFactory$DynamicTypeSolver@dc54576 : java.lang.Object at file:/home/runner/work/key/key/key.core/build/resources/main/de/uka/ilkd/key/proof/rules/integerAssignment2UpdateRules.key:502:15
	at de.uka.ilkd.key.nparser.builder.AbstractBuilder.accept(AbstractBuilder.java:54)
Caused by: com.github.javaparser.resolution.UnsolvedSymbolException: Unsolved symbol in de.uka.ilkd.key.java.JavaParserFactory$DynamicTypeSolver@dc54576 : java.lang.Object
	at com.github.javaparser.resolution.TypeSolver.solveType(TypeSolver.java:71)

18077      ERROR Test worker     d.u.i.k.n.b.AbstractBuilder  com.github.javaparser.resolution.UnsolvedSymbolException: Unsolved symbol in de.uka.ilkd.key.java.JavaParserFactory$DynamicTypeSolver@dc54576 : java.lang.Object
	at com.github.javaparser.resolution.TypeSolver.solveType(TypeSolver.java:71)

18077      ERROR Test worker     d.u.i.k.n.b.TacletPBuilder Error in parsing taclet. de.uka.ilkd.key.util.parsing.BuildingException: Unsolved symbol in de.uka.ilkd.key.java.JavaParserFactory$DynamicTypeSolver@dc54576 : java.lang.Object at file:/home/runner/work/key/key/key.core/build/resources/main/de/uka/ilkd/key/proof/rules/integerAssignment2UpdateRules.key:513:15
	at de.uka.ilkd.key.nparser.builder.AbstractBuilder.accept(AbstractBuilder.java:54)
Caused by: com.github.javaparser.resolution.UnsolvedSymbolException: Unsolved symbol in de.uka.ilkd.key.java.JavaParserFactory$DynamicTypeSolver@dc54576 : java.lang.Object
	at com.github.javaparser.resolution.TypeSolver.solveType(TypeSolver.java:71)

18089      ERROR Test worker     d.u.i.k.n.b.AbstractBuilder  com.github.javaparser.resolution.UnsolvedSymbolException: Unsolved symbol in de.uka.ilkd.key.java.JavaParserFactory$DynamicTypeSolver@dc54576 : java.lang.Object
	at com.github.javaparser.resolution.TypeSolver.solveType(TypeSolver.java:71)

18090      ERROR Test worker     d.u.i.k.n.b.TacletPBuilder Error in parsing taclet. de.uka.ilkd.key.util.parsing.BuildingException: Unsolved symbol in de.uka.ilkd.key.java.JavaParserFactory$DynamicTypeSolver@dc54576 : java.lang.Object at file:/home/runner/work/key/key/key.core/build/resources/main/de/uka/ilkd/key/proof/rules/integerAssignment2UpdateRules.key:524:15
	at de.uka.ilkd.key.nparser.builder.AbstractBuilder.accept(AbstractBuilder.java:54)
Caused by: com.github.javaparser.resolution.UnsolvedSymbolException: Unsolved symbol in de.uka.ilkd.key.java.JavaParserFactory$DynamicTypeSolver@dc54576 : java.lang.Object
	at com.github.javaparser.resolution.TypeSolver.solveType(TypeSolver.java:71)

18091      ERROR Test worker     d.u.i.k.n.b.AbstractBuilder  com.github.javaparser.resolution.UnsolvedSymbolException: Unsolved symbol in de.uka.ilkd.key.java.JavaParserFactory$DynamicTypeSolver@dc54576 : java.lang.Object
	at com.github.javaparser.resolution.TypeSolver.solveType(TypeSolver.java:71)

18092      ERROR Test worker     d.u.i.k.n.b.TacletPBuilder Error in parsing taclet. de.uka.ilkd.key.util.parsing.BuildingException: Unsolved symbol in de.uka.ilkd.key.java.JavaParserFactory$DynamicTypeSolver@dc54576 : java.lang.Object at file:/home/runner/work/key/key/key.core/build/resources/main/de/uka/ilkd/key/proof/rules/integerAssignment2UpdateRules.key:537:15
	at de.uka.ilkd.key.nparser.builder.AbstractBuilder.accept(AbstractBuilder.java:54)
Caused by: com.github.javaparser.resolution.UnsolvedSymbolException: Unsolved symbol in de.uka.ilkd.key.java.JavaParserFactory$DynamicTypeSolver@dc54576 : java.lang.Object
	at com.github.javaparser.resolution.TypeSolver.solveType(TypeSolver.java:71)

18093      ERROR Test worker     d.u.i.k.n.b.AbstractBuilder  com.github.javaparser.resolution.UnsolvedSymbolException: Unsolved symbol in de.uka.ilkd.key.java.JavaParserFactory$DynamicTypeSolver@dc54576 : java.lang.Object
	at com.github.javaparser.resolution.TypeSolver.solveType(TypeSolver.java:71)

18093      ERROR Test worker     d.u.i.k.n.b.TacletPBuilder Error in parsing taclet. de.uka.ilkd.key.util.parsing.BuildingException: Unsolved symbol in de.uka.ilkd.key.java.JavaParserFactory$DynamicTypeSolver@dc54576 : java.lang.Object at file:/home/runner/work/key/key/key.core/build/resources/main/de/uka/ilkd/key/proof/rules/integerAssignment2UpdateRules.key:552:15
	at de.uka.ilkd.key.nparser.builder.AbstractBuilder.accept(AbstractBuilder.java:54)
Caused by: com.github.javaparser.resolution.UnsolvedSymbolException: Unsolved symbol in de.uka.ilkd.key.java.JavaParserFactory$DynamicTypeSolver@dc54576 : java.lang.Object
	at com.github.javaparser.resolution.TypeSolver.solveType(TypeSolver.java:71)

18095      ERROR Test worker     d.u.i.k.n.b.AbstractBuilder  com.github.javaparser.resolution.UnsolvedSymbolException: Unsolved symbol in de.uka.ilkd.key.java.JavaParserFactory$DynamicTypeSolver@dc54576 : java.lang.Object
	at com.github.javaparser.resolution.TypeSolver.solveType(TypeSolver.java:71)

18095      ERROR Test worker     d.u.i.k.n.b.TacletPBuilder Error in parsing taclet. de.uka.ilkd.key.util.parsing.BuildingException: Unsolved symbol in de.uka.ilkd.key.java.JavaParserFactory$DynamicTypeSolver@dc54576 : java.lang.Object at file:/home/runner/work/key/key/key.core/build/resources/main/de/uka/ilkd/key/proof/rules/integerAssignment2UpdateRules.key:569:15
	at de.uka.ilkd.key.nparser.builder.AbstractBuilder.accept(AbstractBuilder.java:54)
Caused by: com.github.javaparser.resolution.UnsolvedSymbolException: Unsolved symbol in de.uka.ilkd.key.java.JavaParserFactory$DynamicTypeSolver@dc54576 : java.lang.Object
	at com.github.javaparser.resolution.TypeSolver.solveType(TypeSolver.java:71)

18109      ERROR Test worker     d.u.i.k.n.b.AbstractBuilder  com.github.javaparser.resolution.UnsolvedSymbolException: Unsolved symbol in de.uka.ilkd.key.java.JavaParserFactory$DynamicTypeSolver@dc54576 : java.lang.Object
	at com.github.javaparser.resolution.TypeSolver.solveType(TypeSolver.java:71)

18109      ERROR Test worker     d.u.i.k.n.b.TacletPBuilder Error in parsing taclet. de.uka.ilkd.key.util.parsing.BuildingException: Unsolved symbol in de.uka.ilkd.key.java.JavaParserFactory$DynamicTypeSolver@dc54576 : java.lang.Object at file:/home/runner/work/key/key/key.core/build/resources/main/de/uka/ilkd/key/proof/rules/integerAssignment2UpdateRules.key:584:15
	at de.uka.ilkd.key.nparser.builder.AbstractBuilder.accept(AbstractBuilder.java:54)
Caused by: com.github.javaparser.resolution.UnsolvedSymbolException: Unsolved symbol in de.uka.ilkd.key.java.JavaParserFactory$DynamicTypeSolver@dc54576 : java.lang.Object
	at com.github.javaparser.resolution.TypeSolver.solveType(TypeSolver.java:71)

18111      ERROR Test worker     d.u.i.k.n.b.AbstractBuilder  com.github.javaparser.resolution.UnsolvedSymbolException: Unsolved symbol in de.uka.ilkd.key.java.JavaParserFactory$DynamicTypeSolver@dc54576 : java.lang.Object
	at com.github.javaparser.resolution.TypeSolver.solveType(TypeSolver.java:71)

18111      ERROR Test worker     d.u.i.k.n.b.TacletPBuilder Error in parsing taclet. de.uka.ilkd.key.util.parsing.BuildingException: Unsolved symbol in de.uka.ilkd.key.java.JavaParserFactory$DynamicTypeSolver@dc54576 : java.lang.Object at file:/home/runner/work/key/key/key.core/build/resources/main/de/uka/ilkd/key/proof/rules/integerAssignment2UpdateRules.key:601:15
	at de.uka.ilkd.key.nparser.builder.AbstractBuilder.accept(AbstractBuilder.java:54)
Caused by: com.github.javaparser.resolution.UnsolvedSymbolException: Unsolved symbol in de.uka.ilkd.key.java.JavaParserFactory$DynamicTypeSolver@dc54576 : java.lang.Object
	at com.github.javaparser.resolution.TypeSolver.solveType(TypeSolver.java:71)

18114      ERROR Test worker     d.u.i.k.n.b.AbstractBuilder  com.github.javaparser.resolution.UnsolvedSymbolException: Unsolved symbol in de.uka.ilkd.key.java.JavaParserFactory$DynamicTypeSolver@dc54576 : java.lang.Object
	at com.github.javaparser.resolution.TypeSolver.solveType(TypeSolver.java:71)

18114      ERROR Test worker     d.u.i.k.n.b.TacletPBuilder Error in parsing taclet. de.uka.ilkd.key.util.parsing.BuildingException: Unsolved symbol in de.uka.ilkd.key.java.JavaParserFactory$DynamicTypeSolver@dc54576 : java.lang.Object at file:/home/runner/work/key/key/key.core/build/resources/main/de/uka/ilkd/key/proof/rules/integerAssignment2UpdateRules.key:616:15
	at de.uka.ilkd.key.nparser.builder.AbstractBuilder.accept(AbstractBuilder.java:54)
Caused by: com.github.javaparser.resolution.UnsolvedSymbolException: Unsolved symbol in de.uka.ilkd.key.java.JavaParserFactory$DynamicTypeSolver@dc54576 : java.lang.Object
	at com.github.javaparser.resolution.TypeSolver.solveType(TypeSolver.java:71)

18120      ERROR Test worker     d.u.i.k.n.b.AbstractBuilder  com.github.javaparser.resolution.UnsolvedSymbolException: Unsolved symbol in de.uka.ilkd.key.java.JavaParserFactory$DynamicTypeSolver@dc54576 : java.lang.Object
	at com.github.javaparser.resolution.TypeSolver.solveType(TypeSolver.java:71)

18120      ERROR Test worker     d.u.i.k.n.b.TacletPBuilder Error in parsing taclet. de.uka.ilkd.key.util.parsing.BuildingException: Unsolved symbol in de.uka.ilkd.key.java.JavaParserFactory$DynamicTypeSolver@dc54576 : java.lang.Object at file:/home/runner/work/key/key/key.core/build/resources/main/de/uka/ilkd/key/proof/rules/integerAssignment2UpdateRules.key:634:15
	at de.uka.ilkd.key.nparser.builder.AbstractBuilder.accept(AbstractBuilder.java:54)
Caused by: com.github.javaparser.resolution.UnsolvedSymbolException: Unsolved symbol in de.uka.ilkd.key.java.JavaParserFactory$DynamicTypeSolver@dc54576 : java.lang.Object
	at com.github.javaparser.resolution.TypeSolver.solveType(TypeSolver.java:71)

18122      ERROR Test worker     d.u.i.k.n.b.AbstractBuilder  com.github.javaparser.resolution.UnsolvedSymbolException: Unsolved symbol in de.uka.ilkd.key.java.JavaParserFactory$DynamicTypeSolver@dc54576 : java.lang.Object
	at com.github.javaparser.resolution.TypeSolver.solveType(TypeSolver.java:71)

18122      ERROR Test worker     d.u.i.k.n.b.TacletPBuilder Error in parsing taclet. de.uka.ilkd.key.util.parsing.BuildingException: Unsolved symbol in de.uka.ilkd.key.java.JavaParserFactory$DynamicTypeSolver@dc54576 : java.lang.Object at file:/home/runner/work/key/key/key.core/build/resources/main/de/uka/ilkd/key/proof/rules/integerAssignment2UpdateRules.key:648:15
	at de.uka.ilkd.key.nparser.builder.AbstractBuilder.accept(AbstractBuilder.java:54)
Caused by: com.github.javaparser.resolution.UnsolvedSymbolException: Unsolved symbol in de.uka.ilkd.key.java.JavaParserFactory$DynamicTypeSolver@dc54576 : java.lang.Object
	at com.github.javaparser.resolution.TypeSolver.solveType(TypeSolver.java:71)

18123      ERROR Test worker     d.u.i.k.n.b.AbstractBuilder  com.github.javaparser.resolution.UnsolvedSymbolException: Unsolved symbol in de.uka.ilkd.key.java.JavaParserFactory$DynamicTypeSolver@dc54576 : java.lang.Object
	at com.github.javaparser.resolution.TypeSolver.solveType(TypeSolver.java:71)

18124      ERROR Test worker     d.u.i.k.n.b.TacletPBuilder Error in parsing taclet. de.uka.ilkd.key.util.parsing.BuildingException: Unsolved symbol in de.uka.ilkd.key.java.JavaParserFactory$DynamicTypeSolver@dc54576 : java.lang.Object at file:/home/runner/work/key/key/key.core/build/resources/main/de/uka/ilkd/key/proof/rules/integerAssignment2UpdateRules.key:662:15
	at de.uka.ilkd.key.nparser.builder.AbstractBuilder.accept(AbstractBuilder.java:54)
Caused by: com.github.javaparser.resolution.UnsolvedSymbolException: Unsolved symbol in de.uka.ilkd.key.java.JavaParserFactory$DynamicTypeSolver@dc54576 : java.lang.Object
	at com.github.javaparser.resolution.TypeSolver.solveType(TypeSolver.java:71)

18128      ERROR Test worker     d.u.i.k.n.b.AbstractBuilder  com.github.javaparser.resolution.UnsolvedSymbolException: Unsolved symbol in de.uka.ilkd.key.java.JavaParserFactory$DynamicTypeSolver@dc54576 : java.lang.Object
	at com.github.javaparser.resolution.TypeSolver.solveType(TypeSolver.java:71)

18128      ERROR Test worker     d.u.i.k.n.b.TacletPBuilder Error in parsing taclet. de.uka.ilkd.key.util.parsing.BuildingException: Unsolved symbol in de.uka.ilkd.key.java.JavaParserFactory$DynamicTypeSolver@dc54576 : java.lang.Object at file:/home/runner/work/key/key/key.core/build/resources/main/de/uka/ilkd/key/proof/rules/integerAssignment2UpdateRules.key:670:15
	at de.uka.ilkd.key.nparser.builder.AbstractBuilder.accept(AbstractBuilder.java:54)
Caused by: com.github.javaparser.resolution.UnsolvedSymbolException: Unsolved symbol in de.uka.ilkd.key.java.JavaParserFactory$DynamicTypeSolver@dc54576 : java.lang.Object
	at com.github.javaparser.resolution.TypeSolver.solveType(TypeSolver.java:71)

18133      ERROR Test worker     d.u.i.k.n.b.AbstractBuilder  com.github.javaparser.resolution.UnsolvedSymbolException: Unsolved symbol in de.uka.ilkd.key.java.JavaParserFactory$DynamicTypeSolver@dc54576 : java.lang.Object
	at com.github.javaparser.resolution.TypeSolver.solveType(TypeSolver.java:71)

18133      ERROR Test worker     d.u.i.k.n.b.TacletPBuilder Error in parsing taclet. de.uka.ilkd.key.util.parsing.BuildingException: Unsolved symbol in de.uka.ilkd.key.java.JavaParserFactory$DynamicTypeSolver@dc54576 : java.lang.Object at file:/home/runner/work/key/key/key.core/build/resources/main/de/uka/ilkd/key/proof/rules/integerAssignment2UpdateRules.key:682:15
	at de.uka.ilkd.key.nparser.builder.AbstractBuilder.accept(AbstractBuilder.java:54)
Caused by: com.github.javaparser.resolution.UnsolvedSymbolException: Unsolved symbol in de.uka.ilkd.key.java.JavaParserFactory$DynamicTypeSolver@dc54576 : java.lang.Object
	at com.github.javaparser.resolution.TypeSolver.solveType(TypeSolver.java:71)

18135      ERROR Test worker     d.u.i.k.n.b.AbstractBuilder  com.github.javaparser.resolution.UnsolvedSymbolException: Unsolved symbol in de.uka.ilkd.key.java.JavaParserFactory$DynamicTypeSolver@dc54576 : java.lang.Object
	at com.github.javaparser.resolution.TypeSolver.solveType(TypeSolver.java:71)

18135      ERROR Test worker     d.u.i.k.n.b.TacletPBuilder Error in parsing taclet. de.uka.ilkd.key.util.parsing.BuildingException: Unsolved symbol in de.uka.ilkd.key.java.JavaParserFactory$DynamicTypeSolver@dc54576 : java.lang.Object at file:/home/runner/work/key/key/key.core/build/resources/main/de/uka/ilkd/key/proof/rules/integerAssignment2UpdateRules.key:696:15
	at de.uka.ilkd.key.nparser.builder.AbstractBuilder.accept(AbstractBuilder.java:54)
Caused by: com.github.javaparser.resolution.UnsolvedSymbolException: Unsolved symbol in de.uka.ilkd.key.java.JavaParserFactory$DynamicTypeSolver@dc54576 : java.lang.Object
	at com.github.javaparser.resolution.TypeSolver.solveType(TypeSolver.java:71)

18137      ERROR Test worker     d.u.i.k.n.b.AbstractBuilder  com.github.javaparser.resolution.UnsolvedSymbolException: Unsolved symbol in de.uka.ilkd.key.java.JavaParserFactory$DynamicTypeSolver@dc54576 : java.lang.Object
	at com.github.javaparser.resolution.TypeSolver.solveType(TypeSolver.java:71)

18137      ERROR Test worker     d.u.i.k.n.b.TacletPBuilder Error in parsing taclet. de.uka.ilkd.key.util.parsing.BuildingException: Unsolved symbol in de.uka.ilkd.key.java.JavaParserFactory$DynamicTypeSolver@dc54576 : java.lang.Object at file:/home/runner/work/key/key/key.core/build/resources/main/de/uka/ilkd/key/proof/rules/integerAssignment2UpdateRules.key:710:15
	at de.uka.ilkd.key.nparser.builder.AbstractBuilder.accept(AbstractBuilder.java:54)
Caused by: com.github.javaparser.resolution.UnsolvedSymbolException: Unsolved symbol in de.uka.ilkd.key.java.JavaParserFactory$DynamicTypeSolver@dc54576 : java.lang.Object
	at com.github.javaparser.resolution.TypeSolver.solveType(TypeSolver.java:71)

18139      ERROR Test worker     d.u.i.k.n.b.AbstractBuilder  com.github.javaparser.resolution.UnsolvedSymbolException: Unsolved symbol in de.uka.ilkd.key.java.JavaParserFactory$DynamicTypeSolver@dc54576 : java.lang.Object
	at com.github.javaparser.resolution.TypeSolver.solveType(TypeSolver.java:71)

18139      ERROR Test worker     d.u.i.k.n.b.TacletPBuilder Error in parsing taclet. de.uka.ilkd.key.util.parsing.BuildingException: Unsolved symbol in de.uka.ilkd.key.java.JavaParserFactory$DynamicTypeSolver@dc54576 : java.lang.Object at file:/home/runner/work/key/key/key.core/build/resources/main/de/uka/ilkd/key/proof/rules/integerAssignment2UpdateRules.key:724:15
	at de.uka.ilkd.key.nparser.builder.AbstractBuilder.accept(AbstractBuilder.java:54)
Caused by: com.github.javaparser.resolution.UnsolvedSymbolException: Unsolved symbol in de.uka.ilkd.key.java.JavaParserFactory$DynamicTypeSolver@dc54576 : java.lang.Object
	at com.github.javaparser.resolution.TypeSolver.solveType(TypeSolver.java:71)

18150      ERROR Test worker     d.u.i.k.n.b.AbstractBuilder  com.github.javaparser.resolution.UnsolvedSymbolException: Unsolved symbol in de.uka.ilkd.key.java.JavaParserFactory$DynamicTypeSolver@dc54576 : java.lang.Object
	at com.github.javaparser.resolution.TypeSolver.solveType(TypeSolver.java:71)

18150      ERROR Test worker     d.u.i.k.n.b.TacletPBuilder Error in parsing taclet. de.uka.ilkd.key.util.parsing.BuildingException: Unsolved symbol in de.uka.ilkd.key.java.JavaParserFactory$DynamicTypeSolver@dc54576 : java.lang.Object at file:/home/runner/work/key/key/key.core/build/resources/main/de/uka/ilkd/key/proof/rules/integerAssignment2UpdateRules.key:738:15
	at de.uka.ilkd.key.nparser.builder.AbstractBuilder.accept(AbstractBuilder.java:54)
Caused by: com.github.javaparser.resolution.UnsolvedSymbolException: Unsolved symbol in de.uka.ilkd.key.java.JavaParserFactory$DynamicTypeSolver@dc54576 : java.lang.Object
	at com.github.javaparser.resolution.TypeSolver.solveType(TypeSolver.java:71)

18152      ERROR Test worker     d.u.i.k.n.b.AbstractBuilder  com.github.javaparser.resolution.UnsolvedSymbolException: Unsolved symbol in de.uka.ilkd.key.java.JavaParserFactory$DynamicTypeSolver@dc54576 : java.lang.Object
	at com.github.javaparser.resolution.TypeSolver.solveType(TypeSolver.java:71)

18152      ERROR Test worker     d.u.i.k.n.b.TacletPBuilder Error in parsing taclet. de.uka.ilkd.key.util.parsing.BuildingException: Unsolved symbol in de.uka.ilkd.key.java.JavaParserFactory$DynamicTypeSolver@dc54576 : java.lang.Object at file:/home/runner/work/key/key/key.core/build/resources/main/de/uka/ilkd/key/proof/rules/integerAssignment2UpdateRules.key:752:15
	at de.uka.ilkd.key.nparser.builder.AbstractBuilder.accept(AbstractBuilder.java:54)
Caused by: com.github.javaparser.resolution.UnsolvedSymbolException: Unsolved symbol in de.uka.ilkd.key.java.JavaParserFactory$DynamicTypeSolver@dc54576 : java.lang.Object
	at com.github.javaparser.resolution.TypeSolver.solveType(TypeSolver.java:71)

18153      ERROR Test worker     d.u.i.k.n.b.AbstractBuilder  com.github.javaparser.resolution.UnsolvedSymbolException: Unsolved symbol in de.uka.ilkd.key.java.JavaParserFactory$DynamicTypeSolver@dc54576 : java.lang.Object
	at com.github.javaparser.resolution.TypeSolver.solveType(TypeSolver.java:71)

18154      ERROR Test worker     d.u.i.k.n.b.TacletPBuilder Error in parsing taclet. de.uka.ilkd.key.util.parsing.BuildingException: Unsolved symbol in de.uka.ilkd.key.java.JavaParserFactory$DynamicTypeSolver@dc54576 : java.lang.Object at file:/home/runner/work/key/key/key.core/build/resources/main/de/uka/ilkd/key/proof/rules/integerAssignment2UpdateRules.key:764:15
	at de.uka.ilkd.key.nparser.builder.AbstractBuilder.accept(AbstractBuilder.java:54)
Caused by: com.github.javaparser.resolution.UnsolvedSymbolException: Unsolved symbol in de.uka.ilkd.key.java.JavaParserFactory$DynamicTypeSolver@dc54576 : java.lang.Object
	at com.github.javaparser.resolution.TypeSolver.solveType(TypeSolver.java:71)

18155      ERROR Test worker     d.u.i.k.n.b.AbstractBuilder  com.github.javaparser.resolution.UnsolvedSymbolException: Unsolved symbol in de.uka.ilkd.key.java.JavaParserFactory$DynamicTypeSolver@dc54576 : java.lang.Object
	at com.github.javaparser.resolution.TypeSolver.solveType(TypeSolver.java:71)

18155      ERROR Test worker     d.u.i.k.n.b.TacletPBuilder Error in parsing taclet. de.uka.ilkd.key.util.parsing.BuildingException: Unsolved symbol in de.uka.ilkd.key.java.JavaParserFactory$DynamicTypeSolver@dc54576 : java.lang.Object at file:/home/runner/work/key/key/key.core/build/resources/main/de/uka/ilkd/key/proof/rules/integerAssignment2UpdateRules.key:779:15
	at de.uka.ilkd.key.nparser.builder.AbstractBuilder.accept(AbstractBuilder.java:54)
Caused by: com.github.javaparser.resolution.UnsolvedSymbolException: Unsolved symbol in de.uka.ilkd.key.java.JavaParserFactory$DynamicTypeSolver@dc54576 : java.lang.Object
	at com.github.javaparser.resolution.TypeSolver.solveType(TypeSolver.java:71)

18166      ERROR Test worker     d.u.i.k.n.b.AbstractBuilder  com.github.javaparser.resolution.UnsolvedSymbolException: Unsolved symbol in de.uka.ilkd.key.java.JavaParserFactory$DynamicTypeSolver@dc54576 : java.lang.Object
	at com.github.javaparser.resolution.TypeSolver.solveType(TypeSolver.java:71)

18166      ERROR Test worker     d.u.i.k.n.b.TacletPBuilder Error in parsing taclet. de.uka.ilkd.key.util.parsing.BuildingException: Unsolved symbol in de.uka.ilkd.key.java.JavaParserFactory$DynamicTypeSolver@dc54576 : java.lang.Object at file:/home/runner/work/key/key/key.core/build/resources/main/de/uka/ilkd/key/proof/rules/integerAssignment2UpdateRules.key:794:15
	at de.uka.ilkd.key.nparser.builder.AbstractBuilder.accept(AbstractBuilder.java:54)
Caused by: com.github.javaparser.resolution.UnsolvedSymbolException: Unsolved symbol in de.uka.ilkd.key.java.JavaParserFactory$DynamicTypeSolver@dc54576 : java.lang.Object
	at com.github.javaparser.resolution.TypeSolver.solveType(TypeSolver.java:71)

18168      ERROR Test worker     d.u.i.k.n.b.AbstractBuilder  com.github.javaparser.resolution.UnsolvedSymbolException: Unsolved symbol in de.uka.ilkd.key.java.JavaParserFactory$DynamicTypeSolver@dc54576 : java.lang.Object
	at com.github.javaparser.resolution.TypeSolver.solveType(TypeSolver.java:71)

18168      ERROR Test worker     d.u.i.k.n.b.TacletPBuilder Error in parsing taclet. de.uka.ilkd.key.util.parsing.BuildingException: Unsolved symbol in de.uka.ilkd.key.java.JavaParserFactory$DynamicTypeSolver@dc54576 : java.lang.Object at file:/home/runner/work/key/key/key.core/build/resources/main/de/uka/ilkd/key/proof/rules/integerAssignment2UpdateRules.key:808:15
	at de.uka.ilkd.key.nparser.builder.AbstractBuilder.accept(AbstractBuilder.java:54)
Caused by: com.github.javaparser.resolution.UnsolvedSymbolException: Unsolved symbol in de.uka.ilkd.key.java.JavaParserFactory$DynamicTypeSolver@dc54576 : java.lang.Object
	at com.github.javaparser.resolution.TypeSolver.solveType(TypeSolver.java:71)

18184      ERROR Test worker     d.u.i.k.n.b.AbstractBuilder  com.github.javaparser.resolution.UnsolvedSymbolException: Unsolved symbol in de.uka.ilkd.key.java.JavaParserFactory$DynamicTypeSolver@dc54576 : java.lang.Object
	at com.github.javaparser.resolution.TypeSolver.solveType(TypeSolver.java:71)

18185      ERROR Test worker     d.u.i.k.n.b.TacletPBuilder Error in parsing taclet. de.uka.ilkd.key.util.parsing.BuildingException: Unsolved symbol in de.uka.ilkd.key.java.JavaParserFactory$DynamicTypeSolver@dc54576 : java.lang.Object at file:/home/runner/work/key/key/key.core/build/resources/main/de/uka/ilkd/key/proof/rules/floatAssignment2UpdateRules.key:42:15
	at de.uka.ilkd.key.nparser.builder.AbstractBuilder.accept(AbstractBuilder.java:54)
Caused by: com.github.javaparser.resolution.UnsolvedSymbolException: Unsolved symbol in de.uka.ilkd.key.java.JavaParserFactory$DynamicTypeSolver@dc54576 : java.lang.Object
	at com.github.javaparser.resolution.TypeSolver.solveType(TypeSolver.java:71)

18186      ERROR Test worker     d.u.i.k.n.b.AbstractBuilder  com.github.javaparser.resolution.UnsolvedSymbolException: Unsolved symbol in de.uka.ilkd.key.java.JavaParserFactory$DynamicTypeSolver@dc54576 : java.lang.Object
	at com.github.javaparser.resolution.TypeSolver.solveType(TypeSolver.java:71)

18187      ERROR Test worker     d.u.i.k.n.b.TacletPBuilder Error in parsing taclet. de.uka.ilkd.key.util.parsing.BuildingException: Unsolved symbol in de.uka.ilkd.key.java.JavaParserFactory$DynamicTypeSolver@dc54576 : java.lang.Object at file:/home/runner/work/key/key/key.core/build/resources/main/de/uka/ilkd/key/proof/rules/floatAssignment2UpdateRules.key:50:15
	at de.uka.ilkd.key.nparser.builder.AbstractBuilder.accept(AbstractBuilder.java:54)
Caused by: com.github.javaparser.resolution.UnsolvedSymbolException: Unsolved symbol in de.uka.ilkd.key.java.JavaParserFactory$DynamicTypeSolver@dc54576 : java.lang.Object
	at com.github.javaparser.resolution.TypeSolver.solveType(TypeSolver.java:71)

18188      ERROR Test worker     d.u.i.k.n.b.AbstractBuilder  com.github.javaparser.resolution.UnsolvedSymbolException: Unsolved symbol in de.uka.ilkd.key.java.JavaParserFactory$DynamicTypeSolver@dc54576 : java.lang.Object
	at com.github.javaparser.resolution.TypeSolver.solveType(TypeSolver.java:71)

18188      ERROR Test worker     d.u.i.k.n.b.TacletPBuilder Error in parsing taclet. de.uka.ilkd.key.util.parsing.BuildingException: Unsolved symbol in de.uka.ilkd.key.java.JavaParserFactory$DynamicTypeSolver@dc54576 : java.lang.Object at file:/home/runner/work/key/key/key.core/build/resources/main/de/uka/ilkd/key/proof/rules/floatAssignment2UpdateRules.key:58:15
	at de.uka.ilkd.key.nparser.builder.AbstractBuilder.accept(AbstractBuilder.java:54)
Caused by: com.github.javaparser.resolution.UnsolvedSymbolException: Unsolved symbol in de.uka.ilkd.key.java.JavaParserFactory$DynamicTypeSolver@dc54576 : java.lang.Object
	at com.github.javaparser.resolution.TypeSolver.solveType(TypeSolver.java:71)

18198      ERROR Test worker     d.u.i.k.n.b.AbstractBuilder  com.github.javaparser.resolution.UnsolvedSymbolException: Unsolved symbol in de.uka.ilkd.key.java.JavaParserFactory$DynamicTypeSolver@dc54576 : java.lang.Object
	at com.github.javaparser.resolution.TypeSolver.solveType(TypeSolver.java:71)

18198      ERROR Test worker     d.u.i.k.n.b.TacletPBuilder Error in parsing taclet. de.uka.ilkd.key.util.parsing.BuildingException: Unsolved symbol in de.uka.ilkd.key.java.JavaParserFactory$DynamicTypeSolver@dc54576 : java.lang.Object at file:/home/runner/work/key/key/key.core/build/resources/main/de/uka/ilkd/key/proof/rules/floatAssignment2UpdateRules.key:66:15
	at de.uka.ilkd.key.nparser.builder.AbstractBuilder.accept(AbstractBuilder.java:54)
Caused by: com.github.javaparser.resolution.UnsolvedSymbolException: Unsolved symbol in de.uka.ilkd.key.java.JavaParserFactory$DynamicTypeSolver@dc54576 : java.lang.Object
	at com.github.javaparser.resolution.TypeSolver.solveType(TypeSolver.java:71)

18209      ERROR Test worker     d.u.i.k.n.b.AbstractBuilder  com.github.javaparser.resolution.UnsolvedSymbolException: Unsolved symbol in de.uka.ilkd.key.java.JavaParserFactory$DynamicTypeSolver@dc54576 : java.lang.Object
	at com.github.javaparser.resolution.TypeSolver.solveType(TypeSolver.java:71)

18209      ERROR Test worker     d.u.i.k.n.b.TacletPBuilder Error in parsing taclet. de.uka.ilkd.key.util.parsing.BuildingException: Unsolved symbol in de.uka.ilkd.key.java.JavaParserFactory$DynamicTypeSolver@dc54576 : java.lang.Object at file:/home/runner/work/key/key/key.core/build/resources/main/de/uka/ilkd/key/proof/rules/floatAssignment2UpdateRules.key:74:15
	at de.uka.ilkd.key.nparser.builder.AbstractBuilder.accept(AbstractBuilder.java:54)
Caused by: com.github.javaparser.resolution.UnsolvedSymbolException: Unsolved symbol in de.uka.ilkd.key.java.JavaParserFactory$DynamicTypeSolver@dc54576 : java.lang.Object
	at com.github.javaparser.resolution.TypeSolver.solveType(TypeSolver.java:71)

18211      ERROR Test worker     d.u.i.k.n.b.AbstractBuilder  com.github.javaparser.resolution.UnsolvedSymbolException: Unsolved symbol in de.uka.ilkd.key.java.JavaParserFactory$DynamicTypeSolver@dc54576 : java.lang.Object
	at com.github.javaparser.resolution.TypeSolver.solveType(TypeSolver.java:71)

18211      ERROR Test worker     d.u.i.k.n.b.TacletPBuilder Error in parsing taclet. de.uka.ilkd.key.util.parsing.BuildingException: Unsolved symbol in de.uka.ilkd.key.java.JavaParserFactory$DynamicTypeSolver@dc54576 : java.lang.Object at file:/home/runner/work/key/key/key.core/build/resources/main/de/uka/ilkd/key/proof/rules/floatAssignment2UpdateRules.key:82:15
	at de.uka.ilkd.key.nparser.builder.AbstractBuilder.accept(AbstractBuilder.java:54)
Caused by: com.github.javaparser.resolution.UnsolvedSymbolException: Unsolved symbol in de.uka.ilkd.key.java.JavaParserFactory$DynamicTypeSolver@dc54576 : java.lang.Object
	at com.github.javaparser.resolution.TypeSolver.solveType(TypeSolver.java:71)

18213      ERROR Test worker     d.u.i.k.n.b.AbstractBuilder  com.github.javaparser.resolution.UnsolvedSymbolException: Unsolved symbol in de.uka.ilkd.key.java.JavaParserFactory$DynamicTypeSolver@dc54576 : java.lang.Object
	at com.github.javaparser.resolution.TypeSolver.solveType(TypeSolver.java:71)

18213      ERROR Test worker     d.u.i.k.n.b.TacletPBuilder Error in parsing taclet. de.uka.ilkd.key.util.parsing.BuildingException: Unsolved symbol in de.uka.ilkd.key.java.JavaParserFactory$DynamicTypeSolver@dc54576 : java.lang.Object at file:/home/runner/work/key/key/key.core/build/resources/main/de/uka/ilkd/key/proof/rules/floatAssignment2UpdateRules.key:93:15
	at de.uka.ilkd.key.nparser.builder.AbstractBuilder.accept(AbstractBuilder.java:54)
Caused by: com.github.javaparser.resolution.UnsolvedSymbolException: Unsolved symbol in de.uka.ilkd.key.java.JavaParserFactory$DynamicTypeSolver@dc54576 : java.lang.Object
	at com.github.javaparser.resolution.TypeSolver.solveType(TypeSolver.java:71)

18214      ERROR Test worker     d.u.i.k.n.b.AbstractBuilder  com.github.javaparser.resolution.UnsolvedSymbolException: Unsolved symbol in de.uka.ilkd.key.java.JavaParserFactory$DynamicTypeSolver@dc54576 : java.lang.Object
	at com.github.javaparser.resolution.TypeSolver.solveType(TypeSolver.java:71)

18215      ERROR Test worker     d.u.i.k.n.b.TacletPBuilder Error in parsing taclet. de.uka.ilkd.key.util.parsing.BuildingException: Unsolved symbol in de.uka.ilkd.key.java.JavaParserFactory$DynamicTypeSolver@dc54576 : java.lang.Object at file:/home/runner/work/key/key/key.core/build/resources/main/de/uka/ilkd/key/proof/rules/floatAssignment2UpdateRules.key:101:15
	at de.uka.ilkd.key.nparser.builder.AbstractBuilder.accept(AbstractBuilder.java:54)
Caused by: com.github.javaparser.resolution.UnsolvedSymbolException: Unsolved symbol in de.uka.ilkd.key.java.JavaParserFactory$DynamicTypeSolver@dc54576 : java.lang.Object
	at com.github.javaparser.resolution.TypeSolver.solveType(TypeSolver.java:71)

18216      ERROR Test worker     d.u.i.k.n.b.AbstractBuilder  com.github.javaparser.resolution.UnsolvedSymbolException: Unsolved symbol in de.uka.ilkd.key.java.JavaParserFactory$DynamicTypeSolver@dc54576 : java.lang.Object
	at com.github.javaparser.resolution.TypeSolver.solveType(TypeSolver.java:71)

18220      ERROR Test worker     d.u.i.k.n.b.TacletPBuilder Error in parsing taclet. de.uka.ilkd.key.util.parsing.BuildingException: Unsolved symbol in de.uka.ilkd.key.java.JavaParserFactory$DynamicTypeSolver@dc54576 : java.lang.Object at file:/home/runner/work/key/key/key.core/build/resources/main/de/uka/ilkd/key/proof/rules/floatAssignment2UpdateRules.key:109:15
	at de.uka.ilkd.key.nparser.builder.AbstractBuilder.accept(AbstractBuilder.java:54)
Caused by: com.github.javaparser.resolution.UnsolvedSymbolException: Unsolved symbol in de.uka.ilkd.key.java.JavaParserFactory$DynamicTypeSolver@dc54576 : java.lang.Object
	at com.github.javaparser.resolution.TypeSolver.solveType(TypeSolver.java:71)

18222      ERROR Test worker     d.u.i.k.n.b.AbstractBuilder  com.github.javaparser.resolution.UnsolvedSymbolException: Unsolved symbol in de.uka.ilkd.key.java.JavaParserFactory$DynamicTypeSolver@dc54576 : java.lang.Object
	at com.github.javaparser.resolution.TypeSolver.solveType(TypeSolver.java:71)

18222      ERROR Test worker     d.u.i.k.n.b.TacletPBuilder Error in parsing taclet. de.uka.ilkd.key.util.parsing.BuildingException: Unsolved symbol in de.uka.ilkd.key.java.JavaParserFactory$DynamicTypeSolver@dc54576 : java.lang.Object at file:/home/runner/work/key/key/key.core/build/resources/main/de/uka/ilkd/key/proof/rules/floatAssignment2UpdateRules.key:117:15
	at de.uka.ilkd.key.nparser.builder.AbstractBuilder.accept(AbstractBuilder.java:54)
Caused by: com.github.javaparser.resolution.UnsolvedSymbolException: Unsolved symbol in de.uka.ilkd.key.java.JavaParserFactory$DynamicTypeSolver@dc54576 : java.lang.Object
	at com.github.javaparser.resolution.TypeSolver.solveType(TypeSolver.java:71)

18224      ERROR Test worker     d.u.i.k.n.b.AbstractBuilder  com.github.javaparser.resolution.UnsolvedSymbolException: Unsolved symbol in de.uka.ilkd.key.java.JavaParserFactory$DynamicTypeSolver@dc54576 : java.lang.Object
	at com.github.javaparser.resolution.TypeSolver.solveType(TypeSolver.java:71)

18224      ERROR Test worker     d.u.i.k.n.b.TacletPBuilder Error in parsing taclet. de.uka.ilkd.key.util.parsing.BuildingException: Unsolved symbol in de.uka.ilkd.key.java.JavaParserFactory$DynamicTypeSolver@dc54576 : java.lang.Object at file:/home/runner/work/key/key/key.core/build/resources/main/de/uka/ilkd/key/proof/rules/floatAssignment2UpdateRules.key:125:15
	at de.uka.ilkd.key.nparser.builder.AbstractBuilder.accept(AbstractBuilder.java:54)
Caused by: com.github.javaparser.resolution.UnsolvedSymbolException: Unsolved symbol in de.uka.ilkd.key.java.JavaParserFactory$DynamicTypeSolver@dc54576 : java.lang.Object
	at com.github.javaparser.resolution.TypeSolver.solveType(TypeSolver.java:71)

18226      ERROR Test worker     d.u.i.k.n.b.AbstractBuilder  com.github.javaparser.resolution.UnsolvedSymbolException: Unsolved symbol in de.uka.ilkd.key.java.JavaParserFactory$DynamicTypeSolver@dc54576 : java.lang.Object
	at com.github.javaparser.resolution.TypeSolver.solveType(TypeSolver.java:71)

18226      ERROR Test worker     d.u.i.k.n.b.TacletPBuilder Error in parsing taclet. de.uka.ilkd.key.util.parsing.BuildingException: Unsolved symbol in de.uka.ilkd.key.java.JavaParserFactory$DynamicTypeSolver@dc54576 : java.lang.Object at file:/home/runner/work/key/key/key.core/build/resources/main/de/uka/ilkd/key/proof/rules/floatAssignment2UpdateRules.key:133:15
	at de.uka.ilkd.key.nparser.builder.AbstractBuilder.accept(AbstractBuilder.java:54)
Caused by: com.github.javaparser.resolution.UnsolvedSymbolException: Unsolved symbol in de.uka.ilkd.key.java.JavaParserFactory$DynamicTypeSolver@dc54576 : java.lang.Object
	at com.github.javaparser.resolution.TypeSolver.solveType(TypeSolver.java:71)

18227      ERROR Test worker     d.u.i.k.n.b.AbstractBuilder  com.github.javaparser.resolution.UnsolvedSymbolException: Unsolved symbol in de.uka.ilkd.key.java.JavaParserFactory$DynamicTypeSolver@dc54576 : java.lang.Object
	at com.github.javaparser.resolution.TypeSolver.solveType(TypeSolver.java:71)

18228      ERROR Test worker     d.u.i.k.n.b.TacletPBuilder Error in parsing taclet. de.uka.ilkd.key.util.parsing.BuildingException: Unsolved symbol in de.uka.ilkd.key.java.JavaParserFactory$DynamicTypeSolver@dc54576 : java.lang.Object at file:/home/runner/work/key/key/key.core/build/resources/main/de/uka/ilkd/key/proof/rules/floatAssignment2UpdateRules.key:143:15
	at de.uka.ilkd.key.nparser.builder.AbstractBuilder.accept(AbstractBuilder.java:54)
Caused by: com.github.javaparser.resolution.UnsolvedSymbolException: Unsolved symbol in de.uka.ilkd.key.java.JavaParserFactory$DynamicTypeSolver@dc54576 : java.lang.Object
	at com.github.javaparser.resolution.TypeSolver.solveType(TypeSolver.java:71)

18245      ERROR Test worker     d.u.i.k.n.b.AbstractBuilder  com.github.javaparser.resolution.UnsolvedSymbolException: Unsolved symbol in de.uka.ilkd.key.java.JavaParserFactory$DynamicTypeSolver@dc54576 : java.lang.Object
	at com.github.javaparser.resolution.TypeSolver.solveType(TypeSolver.java:71)

18246      ERROR Test worker     d.u.i.k.n.b.TacletPBuilder Error in parsing taclet. de.uka.ilkd.key.util.parsing.BuildingException: Unsolved symbol in de.uka.ilkd.key.java.JavaParserFactory$DynamicTypeSolver@dc54576 : java.lang.Object at file:/home/runner/work/key/key/key.core/build/resources/main/de/uka/ilkd/key/proof/rules/floatAssignment2UpdateRules.key:153:15
	at de.uka.ilkd.key.nparser.builder.AbstractBuilder.accept(AbstractBuilder.java:54)
Caused by: com.github.javaparser.resolution.UnsolvedSymbolException: Unsolved symbol in de.uka.ilkd.key.java.JavaParserFactory$DynamicTypeSolver@dc54576 : java.lang.Object
	at com.github.javaparser.resolution.TypeSolver.solveType(TypeSolver.java:71)

18247      ERROR Test worker     d.u.i.k.n.b.AbstractBuilder  com.github.javaparser.resolution.UnsolvedSymbolException: Unsolved symbol in de.uka.ilkd.key.java.JavaParserFactory$DynamicTypeSolver@dc54576 : java.lang.Object
	at com.github.javaparser.resolution.TypeSolver.solveType(TypeSolver.java:71)

18248      ERROR Test worker     d.u.i.k.n.b.TacletPBuilder Error in parsing taclet. de.uka.ilkd.key.util.parsing.BuildingException: Unsolved symbol in de.uka.ilkd.key.java.JavaParserFactory$DynamicTypeSolver@dc54576 : java.lang.Object at file:/home/runner/work/key/key/key.core/build/resources/main/de/uka/ilkd/key/proof/rules/floatAssignment2UpdateRules.key:165:15
	at de.uka.ilkd.key.nparser.builder.AbstractBuilder.accept(AbstractBuilder.java:54)
Caused by: com.github.javaparser.resolution.UnsolvedSymbolException: Unsolved symbol in de.uka.ilkd.key.java.JavaParserFactory$DynamicTypeSolver@dc54576 : java.lang.Object
	at com.github.javaparser.resolution.TypeSolver.solveType(TypeSolver.java:71)

18249      ERROR Test worker     d.u.i.k.n.b.AbstractBuilder  com.github.javaparser.resolution.UnsolvedSymbolException: Unsolved symbol in de.uka.ilkd.key.java.JavaParserFactory$DynamicTypeSolver@dc54576 : java.lang.Object
	at com.github.javaparser.resolution.TypeSolver.solveType(TypeSolver.java:71)

18249      ERROR Test worker     d.u.i.k.n.b.TacletPBuilder Error in parsing taclet. de.uka.ilkd.key.util.parsing.BuildingException: Unsolved symbol in de.uka.ilkd.key.java.JavaParserFactory$DynamicTypeSolver@dc54576 : java.lang.Object at file:/home/runner/work/key/key/key.core/build/resources/main/de/uka/ilkd/key/proof/rules/floatAssignment2UpdateRules.key:177:15
	at de.uka.ilkd.key.nparser.builder.AbstractBuilder.accept(AbstractBuilder.java:54)
Caused by: com.github.javaparser.resolution.UnsolvedSymbolException: Unsolved symbol in de.uka.ilkd.key.java.JavaParserFactory$DynamicTypeSolver@dc54576 : java.lang.Object
	at com.github.javaparser.resolution.TypeSolver.solveType(TypeSolver.java:71)

18251      ERROR Test worker     d.u.i.k.n.b.AbstractBuilder  com.github.javaparser.resolution.UnsolvedSymbolException: Unsolved symbol in de.uka.ilkd.key.java.JavaParserFactory$DynamicTypeSolver@dc54576 : java.lang.Object
	at com.github.javaparser.resolution.TypeSolver.solveType(TypeSolver.java:71)

18251      ERROR Test worker     d.u.i.k.n.b.TacletPBuilder Error in parsing taclet. de.uka.ilkd.key.util.parsing.BuildingException: Unsolved symbol in de.uka.ilkd.key.java.JavaParserFactory$DynamicTypeSolver@dc54576 : java.lang.Object at file:/home/runner/work/key/key/key.core/build/resources/main/de/uka/ilkd/key/proof/rules/floatAssignment2UpdateRules.key:189:15
	at de.uka.ilkd.key.nparser.builder.AbstractBuilder.accept(AbstractBuilder.java:54)
Caused by: com.github.javaparser.resolution.UnsolvedSymbolException: Unsolved symbol in de.uka.ilkd.key.java.JavaParserFactory$DynamicTypeSolver@dc54576 : java.lang.Object
	at com.github.javaparser.resolution.TypeSolver.solveType(TypeSolver.java:71)

18253      ERROR Test worker     d.u.i.k.n.b.AbstractBuilder  com.github.javaparser.resolution.UnsolvedSymbolException: Unsolved symbol in de.uka.ilkd.key.java.JavaParserFactory$DynamicTypeSolver@dc54576 : java.lang.Object
	at com.github.javaparser.resolution.TypeSolver.solveType(TypeSolver.java:71)

18253      ERROR Test worker     d.u.i.k.n.b.TacletPBuilder Error in parsing taclet. de.uka.ilkd.key.util.parsing.BuildingException: Unsolved symbol in de.uka.ilkd.key.java.JavaParserFactory$DynamicTypeSolver@dc54576 : java.lang.Object at file:/home/runner/work/key/key/key.core/build/resources/main/de/uka/ilkd/key/proof/rules/floatAssignment2UpdateRules.key:201:15
	at de.uka.ilkd.key.nparser.builder.AbstractBuilder.accept(AbstractBuilder.java:54)
Caused by: com.github.javaparser.resolution.UnsolvedSymbolException: Unsolved symbol in de.uka.ilkd.key.java.JavaParserFactory$DynamicTypeSolver@dc54576 : java.lang.Object
	at com.github.javaparser.resolution.TypeSolver.solveType(TypeSolver.java:71)

18255      ERROR Test worker     d.u.i.k.n.b.AbstractBuilder  com.github.javaparser.resolution.UnsolvedSymbolException: Unsolved symbol in de.uka.ilkd.key.java.JavaParserFactory$DynamicTypeSolver@dc54576 : java.lang.Object
	at com.github.javaparser.resolution.TypeSolver.solveType(TypeSolver.java:71)

18255      ERROR Test worker     d.u.i.k.n.b.TacletPBuilder Error in parsing taclet. de.uka.ilkd.key.util.parsing.BuildingException: Unsolved symbol in de.uka.ilkd.key.java.JavaParserFactory$DynamicTypeSolver@dc54576 : java.lang.Object at file:/home/runner/work/key/key/key.core/build/resources/main/de/uka/ilkd/key/proof/rules/floatAssignment2UpdateRules.key:214:15
	at de.uka.ilkd.key.nparser.builder.AbstractBuilder.accept(AbstractBuilder.java:54)
Caused by: com.github.javaparser.resolution.UnsolvedSymbolException: Unsolved symbol in de.uka.ilkd.key.java.JavaParserFactory$DynamicTypeSolver@dc54576 : java.lang.Object
	at com.github.javaparser.resolution.TypeSolver.solveType(TypeSolver.java:71)

18257      ERROR Test worker     d.u.i.k.n.b.AbstractBuilder  com.github.javaparser.resolution.UnsolvedSymbolException: Unsolved symbol in de.uka.ilkd.key.java.JavaParserFactory$DynamicTypeSolver@dc54576 : java.lang.Object
	at com.github.javaparser.resolution.TypeSolver.solveType(TypeSolver.java:71)

18257      ERROR Test worker     d.u.i.k.n.b.TacletPBuilder Error in parsing taclet. de.uka.ilkd.key.util.parsing.BuildingException: Unsolved symbol in de.uka.ilkd.key.java.JavaParserFactory$DynamicTypeSolver@dc54576 : java.lang.Object at file:/home/runner/work/key/key/key.core/build/resources/main/de/uka/ilkd/key/proof/rules/floatAssignment2UpdateRules.key:226:15
	at de.uka.ilkd.key.nparser.builder.AbstractBuilder.accept(AbstractBuilder.java:54)
Caused by: com.github.javaparser.resolution.UnsolvedSymbolException: Unsolved symbol in de.uka.ilkd.key.java.JavaParserFactory$DynamicTypeSolver@dc54576 : java.lang.Object
	at com.github.javaparser.resolution.TypeSolver.solveType(TypeSolver.java:71)

18258      ERROR Test worker     d.u.i.k.n.b.AbstractBuilder  com.github.javaparser.resolution.UnsolvedSymbolException: Unsolved symbol in de.uka.ilkd.key.java.JavaParserFactory$DynamicTypeSolver@dc54576 : java.lang.Object
	at com.github.javaparser.resolution.TypeSolver.solveType(TypeSolver.java:71)

18259      ERROR Test worker     d.u.i.k.n.b.TacletPBuilder Error in parsing taclet. de.uka.ilkd.key.util.parsing.BuildingException: Unsolved symbol in de.uka.ilkd.key.java.JavaParserFactory$DynamicTypeSolver@dc54576 : java.lang.Object at file:/home/runner/work/key/key/key.core/build/resources/main/de/uka/ilkd/key/proof/rules/floatAssignment2UpdateRules.key:238:15
	at de.uka.ilkd.key.nparser.builder.AbstractBuilder.accept(AbstractBuilder.java:54)
Caused by: com.github.javaparser.resolution.UnsolvedSymbolException: Unsolved symbol in de.uka.ilkd.key.java.JavaParserFactory$DynamicTypeSolver@dc54576 : java.lang.Object
	at com.github.javaparser.resolution.TypeSolver.solveType(TypeSolver.java:71)

18260      ERROR Test worker     d.u.i.k.n.b.AbstractBuilder  com.github.javaparser.resolution.UnsolvedSymbolException: Unsolved symbol in de.uka.ilkd.key.java.JavaParserFactory$DynamicTypeSolver@dc54576 : java.lang.Object
	at com.github.javaparser.resolution.TypeSolver.solveType(TypeSolver.java:71)

18260      ERROR Test worker     d.u.i.k.n.b.TacletPBuilder Error in parsing taclet. de.uka.ilkd.key.util.parsing.BuildingException: Unsolved symbol in de.uka.ilkd.key.java.JavaParserFactory$DynamicTypeSolver@dc54576 : java.lang.Object at file:/home/runner/work/key/key/key.core/build/resources/main/de/uka/ilkd/key/proof/rules/floatAssignment2UpdateRules.key:250:15
	at de.uka.ilkd.key.nparser.builder.AbstractBuilder.accept(AbstractBuilder.java:54)
Caused by: com.github.javaparser.resolution.UnsolvedSymbolException: Unsolved symbol in de.uka.ilkd.key.java.JavaParserFactory$DynamicTypeSolver@dc54576 : java.lang.Object
	at com.github.javaparser.resolution.TypeSolver.solveType(TypeSolver.java:71)

18262      ERROR Test worker     d.u.i.k.n.b.AbstractBuilder  com.github.javaparser.resolution.UnsolvedSymbolException: Unsolved symbol in de.uka.ilkd.key.java.JavaParserFactory$DynamicTypeSolver@dc54576 : java.lang.Object
	at com.github.javaparser.resolution.TypeSolver.solveType(TypeSolver.java:71)

18262      ERROR Test worker     d.u.i.k.n.b.TacletPBuilder Error in parsing taclet. de.uka.ilkd.key.util.parsing.BuildingException: Unsolved symbol in de.uka.ilkd.key.java.JavaParserFactory$DynamicTypeSolver@dc54576 : java.lang.Object at file:/home/runner/work/key/key/key.core/build/resources/main/de/uka/ilkd/key/proof/rules/floatAssignment2UpdateRules.key:264:15
	at de.uka.ilkd.key.nparser.builder.AbstractBuilder.accept(AbstractBuilder.java:54)
Caused by: com.github.javaparser.resolution.UnsolvedSymbolException: Unsolved symbol in de.uka.ilkd.key.java.JavaParserFactory$DynamicTypeSolver@dc54576 : java.lang.Object
	at com.github.javaparser.resolution.TypeSolver.solveType(TypeSolver.java:71)

18268      ERROR Test worker     d.u.i.k.n.b.AbstractBuilder  com.github.javaparser.resolution.UnsolvedSymbolException: Unsolved symbol in de.uka.ilkd.key.java.JavaParserFactory$DynamicTypeSolver@dc54576 : java.lang.Object
	at com.github.javaparser.resolution.TypeSolver.solveType(TypeSolver.java:71)

18268      ERROR Test worker     d.u.i.k.n.b.TacletPBuilder Error in parsing taclet. de.uka.ilkd.key.util.parsing.BuildingException: Unsolved symbol in de.uka.ilkd.key.java.JavaParserFactory$DynamicTypeSolver@dc54576 : java.lang.Object at file:/home/runner/work/key/key/key.core/build/resources/main/de/uka/ilkd/key/proof/rules/floatAssignment2UpdateRules.key:276:15
	at de.uka.ilkd.key.nparser.builder.AbstractBuilder.accept(AbstractBuilder.java:54)
Caused by: com.github.javaparser.resolution.UnsolvedSymbolException: Unsolved symbol in de.uka.ilkd.key.java.JavaParserFactory$DynamicTypeSolver@dc54576 : java.lang.Object
	at com.github.javaparser.resolution.TypeSolver.solveType(TypeSolver.java:71)

18270      ERROR Test worker     d.u.i.k.n.b.AbstractBuilder  com.github.javaparser.resolution.UnsolvedSymbolException: Unsolved symbol in de.uka.ilkd.key.java.JavaParserFactory$DynamicTypeSolver@dc54576 : java.lang.Object
	at com.github.javaparser.resolution.TypeSolver.solveType(TypeSolver.java:71)

18270      ERROR Test worker     d.u.i.k.n.b.TacletPBuilder Error in parsing taclet. de.uka.ilkd.key.util.parsing.BuildingException: Unsolved symbol in de.uka.ilkd.key.java.JavaParserFactory$DynamicTypeSolver@dc54576 : java.lang.Object at file:/home/runner/work/key/key/key.core/build/resources/main/de/uka/ilkd/key/proof/rules/floatAssignment2UpdateRules.key:288:15
	at de.uka.ilkd.key.nparser.builder.AbstractBuilder.accept(AbstractBuilder.java:54)
Caused by: com.github.javaparser.resolution.UnsolvedSymbolException: Unsolved symbol in de.uka.ilkd.key.java.JavaParserFactory$DynamicTypeSolver@dc54576 : java.lang.Object
	at com.github.javaparser.resolution.TypeSolver.solveType(TypeSolver.java:71)

18272      ERROR Test worker     d.u.i.k.n.b.AbstractBuilder  com.github.javaparser.resolution.UnsolvedSymbolException: Unsolved symbol in de.uka.ilkd.key.java.JavaParserFactory$DynamicTypeSolver@dc54576 : java.lang.Object
	at com.github.javaparser.resolution.TypeSolver.solveType(TypeSolver.java:71)

18272      ERROR Test worker     d.u.i.k.n.b.TacletPBuilder Error in parsing taclet. de.uka.ilkd.key.util.parsing.BuildingException: Unsolved symbol in de.uka.ilkd.key.java.JavaParserFactory$DynamicTypeSolver@dc54576 : java.lang.Object at file:/home/runner/work/key/key/key.core/build/resources/main/de/uka/ilkd/key/proof/rules/floatAssignment2UpdateRules.key:300:15
	at de.uka.ilkd.key.nparser.builder.AbstractBuilder.accept(AbstractBuilder.java:54)
Caused by: com.github.javaparser.resolution.UnsolvedSymbolException: Unsolved symbol in de.uka.ilkd.key.java.JavaParserFactory$DynamicTypeSolver@dc54576 : java.lang.Object
	at com.github.javaparser.resolution.TypeSolver.solveType(TypeSolver.java:71)

18274      ERROR Test worker     d.u.i.k.n.b.AbstractBuilder  com.github.javaparser.resolution.UnsolvedSymbolException: Unsolved symbol in de.uka.ilkd.key.java.JavaParserFactory$DynamicTypeSolver@dc54576 : java.lang.Object
	at com.github.javaparser.resolution.TypeSolver.solveType(TypeSolver.java:71)

18274      ERROR Test worker     d.u.i.k.n.b.TacletPBuilder Error in parsing taclet. de.uka.ilkd.key.util.parsing.BuildingException: Unsolved symbol in de.uka.ilkd.key.java.JavaParserFactory$DynamicTypeSolver@dc54576 : java.lang.Object at file:/home/runner/work/key/key/key.core/build/resources/main/de/uka/ilkd/key/proof/rules/floatAssignment2UpdateRules.key:312:15
	at de.uka.ilkd.key.nparser.builder.AbstractBuilder.accept(AbstractBuilder.java:54)
Caused by: com.github.javaparser.resolution.UnsolvedSymbolException: Unsolved symbol in de.uka.ilkd.key.java.JavaParserFactory$DynamicTypeSolver@dc54576 : java.lang.Object
	at com.github.javaparser.resolution.TypeSolver.solveType(TypeSolver.java:71)

18275      ERROR Test worker     d.u.i.k.n.b.AbstractBuilder  com.github.javaparser.resolution.UnsolvedSymbolException: Unsolved symbol in de.uka.ilkd.key.java.JavaParserFactory$DynamicTypeSolver@dc54576 : java.lang.Object
	at com.github.javaparser.resolution.TypeSolver.solveType(TypeSolver.java:71)

18276      ERROR Test worker     d.u.i.k.n.b.TacletPBuilder Error in parsing taclet. de.uka.ilkd.key.util.parsing.BuildingException: Unsolved symbol in de.uka.ilkd.key.java.JavaParserFactory$DynamicTypeSolver@dc54576 : java.lang.Object at file:/home/runner/work/key/key/key.core/build/resources/main/de/uka/ilkd/key/proof/rules/floatAssignment2UpdateRules.key:324:15
	at de.uka.ilkd.key.nparser.builder.AbstractBuilder.accept(AbstractBuilder.java:54)
Caused by: com.github.javaparser.resolution.UnsolvedSymbolException: Unsolved symbol in de.uka.ilkd.key.java.JavaParserFactory$DynamicTypeSolver@dc54576 : java.lang.Object
	at com.github.javaparser.resolution.TypeSolver.solveType(TypeSolver.java:71)

18277      ERROR Test worker     d.u.i.k.n.b.AbstractBuilder  com.github.javaparser.resolution.UnsolvedSymbolException: Unsolved symbol in de.uka.ilkd.key.java.JavaParserFactory$DynamicTypeSolver@dc54576 : java.lang.Object
	at com.github.javaparser.resolution.TypeSolver.solveType(TypeSolver.java:71)

18277      ERROR Test worker     d.u.i.k.n.b.TacletPBuilder Error in parsing taclet. de.uka.ilkd.key.util.parsing.BuildingException: Unsolved symbol in de.uka.ilkd.key.java.JavaParserFactory$DynamicTypeSolver@dc54576 : java.lang.Object at file:/home/runner/work/key/key/key.core/build/resources/main/de/uka/ilkd/key/proof/rules/floatAssignment2UpdateRules.key:336:15
	at de.uka.ilkd.key.nparser.builder.AbstractBuilder.accept(AbstractBuilder.java:54)
Caused by: com.github.javaparser.resolution.UnsolvedSymbolException: Unsolved symbol in de.uka.ilkd.key.java.JavaParserFactory$DynamicTypeSolver@dc54576 : java.lang.Object
	at com.github.javaparser.resolution.TypeSolver.solveType(TypeSolver.java:71)

18279      ERROR Test worker     d.u.i.k.n.b.AbstractBuilder  com.github.javaparser.resolution.UnsolvedSymbolException: Unsolved symbol in de.uka.ilkd.key.java.JavaParserFactory$DynamicTypeSolver@dc54576 : java.lang.Object
	at com.github.javaparser.resolution.TypeSolver.solveType(TypeSolver.java:71)

18279      ERROR Test worker     d.u.i.k.n.b.TacletPBuilder Error in parsing taclet. de.uka.ilkd.key.util.parsing.BuildingException: Unsolved symbol in de.uka.ilkd.key.java.JavaParserFactory$DynamicTypeSolver@dc54576 : java.lang.Object at file:/home/runner/work/key/key/key.core/build/resources/main/de/uka/ilkd/key/proof/rules/floatAssignment2UpdateRules.key:348:15
	at de.uka.ilkd.key.nparser.builder.AbstractBuilder.accept(AbstractBuilder.java:54)
Caused by: com.github.javaparser.resolution.UnsolvedSymbolException: Unsolved symbol in de.uka.ilkd.key.java.JavaParserFactory$DynamicTypeSolver@dc54576 : java.lang.Object
	at com.github.javaparser.resolution.TypeSolver.solveType(TypeSolver.java:71)

18281      ERROR Test worker     d.u.i.k.n.b.AbstractBuilder  com.github.javaparser.resolution.UnsolvedSymbolException: Unsolved symbol in de.uka.ilkd.key.java.JavaParserFactory$DynamicTypeSolver@dc54576 : java.lang.Object
	at com.github.javaparser.resolution.TypeSolver.solveType(TypeSolver.java:71)

18281      ERROR Test worker     d.u.i.k.n.b.TacletPBuilder Error in parsing taclet. de.uka.ilkd.key.util.parsing.BuildingException: Unsolved symbol in de.uka.ilkd.key.java.JavaParserFactory$DynamicTypeSolver@dc54576 : java.lang.Object at file:/home/runner/work/key/key/key.core/build/resources/main/de/uka/ilkd/key/proof/rules/floatAssignment2UpdateRules.key:361:15
	at de.uka.ilkd.key.nparser.builder.AbstractBuilder.accept(AbstractBuilder.java:54)
Caused by: com.github.javaparser.resolution.UnsolvedSymbolException: Unsolved symbol in de.uka.ilkd.key.java.JavaParserFactory$DynamicTypeSolver@dc54576 : java.lang.Object
	at com.github.javaparser.resolution.TypeSolver.solveType(TypeSolver.java:71)

18283      ERROR Test worker     d.u.i.k.n.b.AbstractBuilder  com.github.javaparser.resolution.UnsolvedSymbolException: Unsolved symbol in de.uka.ilkd.key.java.JavaParserFactory$DynamicTypeSolver@dc54576 : java.lang.Object
	at com.github.javaparser.resolution.TypeSolver.solveType(TypeSolver.java:71)

18283      ERROR Test worker     d.u.i.k.n.b.TacletPBuilder Error in parsing taclet. de.uka.ilkd.key.util.parsing.BuildingException: Unsolved symbol in de.uka.ilkd.key.java.JavaParserFactory$DynamicTypeSolver@dc54576 : java.lang.Object at file:/home/runner/work/key/key/key.core/build/resources/main/de/uka/ilkd/key/proof/rules/floatAssignment2UpdateRules.key:372:15
	at de.uka.ilkd.key.nparser.builder.AbstractBuilder.accept(AbstractBuilder.java:54)
Caused by: com.github.javaparser.resolution.UnsolvedSymbolException: Unsolved symbol in de.uka.ilkd.key.java.JavaParserFactory$DynamicTypeSolver@dc54576 : java.lang.Object
	at com.github.javaparser.resolution.TypeSolver.solveType(TypeSolver.java:71)

18286      ERROR Test worker     d.u.i.k.n.b.AbstractBuilder  com.github.javaparser.resolution.UnsolvedSymbolException: Unsolved symbol in de.uka.ilkd.key.java.JavaParserFactory$DynamicTypeSolver@dc54576 : java.lang.Object
	at com.github.javaparser.resolution.TypeSolver.solveType(TypeSolver.java:71)

18287      ERROR Test worker     d.u.i.k.n.b.TacletPBuilder Error in parsing taclet. de.uka.ilkd.key.util.parsing.BuildingException: Unsolved symbol in de.uka.ilkd.key.java.JavaParserFactory$DynamicTypeSolver@dc54576 : java.lang.Object at file:/home/runner/work/key/key/key.core/build/resources/main/de/uka/ilkd/key/proof/rules/floatAssignment2UpdateRules.key:385:15
	at de.uka.ilkd.key.nparser.builder.AbstractBuilder.accept(AbstractBuilder.java:54)
Caused by: com.github.javaparser.resolution.UnsolvedSymbolException: Unsolved symbol in de.uka.ilkd.key.java.JavaParserFactory$DynamicTypeSolver@dc54576 : java.lang.Object
	at com.github.javaparser.resolution.TypeSolver.solveType(TypeSolver.java:71)

18288      ERROR Test worker     d.u.i.k.n.b.AbstractBuilder  com.github.javaparser.resolution.UnsolvedSymbolException: Unsolved symbol in de.uka.ilkd.key.java.JavaParserFactory$DynamicTypeSolver@dc54576 : java.lang.Object
	at com.github.javaparser.resolution.TypeSolver.solveType(TypeSolver.java:71)

18288      ERROR Test worker     d.u.i.k.n.b.TacletPBuilder Error in parsing taclet. de.uka.ilkd.key.util.parsing.BuildingException: Unsolved symbol in de.uka.ilkd.key.java.JavaParserFactory$DynamicTypeSolver@dc54576 : java.lang.Object at file:/home/runner/work/key/key/key.core/build/resources/main/de/uka/ilkd/key/proof/rules/floatAssignment2UpdateRules.key:397:15
	at de.uka.ilkd.key.nparser.builder.AbstractBuilder.accept(AbstractBuilder.java:54)
Caused by: com.github.javaparser.resolution.UnsolvedSymbolException: Unsolved symbol in de.uka.ilkd.key.java.JavaParserFactory$DynamicTypeSolver@dc54576 : java.lang.Object
	at com.github.javaparser.resolution.TypeSolver.solveType(TypeSolver.java:71)

18290      ERROR Test worker     d.u.i.k.n.b.AbstractBuilder  com.github.javaparser.resolution.UnsolvedSymbolException: Unsolved symbol in de.uka.ilkd.key.java.JavaParserFactory$DynamicTypeSolver@dc54576 : java.lang.Object
	at com.github.javaparser.resolution.TypeSolver.solveType(TypeSolver.java:71)

18290      ERROR Test worker     d.u.i.k.n.b.TacletPBuilder Error in parsing taclet. de.uka.ilkd.key.util.parsing.BuildingException: Unsolved symbol in de.uka.ilkd.key.java.JavaParserFactory$DynamicTypeSolver@dc54576 : java.lang.Object at file:/home/runner/work/key/key/key.core/build/resources/main/de/uka/ilkd/key/proof/rules/floatAssignment2UpdateRules.key:407:15
	at de.uka.ilkd.key.nparser.builder.AbstractBuilder.accept(AbstractBuilder.java:54)
Caused by: com.github.javaparser.resolution.UnsolvedSymbolException: Unsolved symbol in de.uka.ilkd.key.java.JavaParserFactory$DynamicTypeSolver@dc54576 : java.lang.Object
	at com.github.javaparser.resolution.TypeSolver.solveType(TypeSolver.java:71)

18292      ERROR Test worker     d.u.i.k.n.b.AbstractBuilder  com.github.javaparser.resolution.UnsolvedSymbolException: Unsolved symbol in de.uka.ilkd.key.java.JavaParserFactory$DynamicTypeSolver@dc54576 : java.lang.Object
	at com.github.javaparser.resolution.TypeSolver.solveType(TypeSolver.java:71)

18292      ERROR Test worker     d.u.i.k.n.b.TacletPBuilder Error in parsing taclet. de.uka.ilkd.key.util.parsing.BuildingException: Unsolved symbol in de.uka.ilkd.key.java.JavaParserFactory$DynamicTypeSolver@dc54576 : java.lang.Object at file:/home/runner/work/key/key/key.core/build/resources/main/de/uka/ilkd/key/proof/rules/floatAssignment2UpdateRules.key:421:15
	at de.uka.ilkd.key.nparser.builder.AbstractBuilder.accept(AbstractBuilder.java:54)
Caused by: com.github.javaparser.resolution.UnsolvedSymbolException: Unsolved symbol in de.uka.ilkd.key.java.JavaParserFactory$DynamicTypeSolver@dc54576 : java.lang.Object
	at com.github.javaparser.resolution.TypeSolver.solveType(TypeSolver.java:71)

18294      ERROR Test worker     d.u.i.k.n.b.AbstractBuilder  com.github.javaparser.resolution.UnsolvedSymbolException: Unsolved symbol in de.uka.ilkd.key.java.JavaParserFactory$DynamicTypeSolver@dc54576 : java.lang.Object
	at com.github.javaparser.resolution.TypeSolver.solveType(TypeSolver.java:71)

18294      ERROR Test worker     d.u.i.k.n.b.TacletPBuilder Error in parsing taclet. de.uka.ilkd.key.util.parsing.BuildingException: Unsolved symbol in de.uka.ilkd.key.java.JavaParserFactory$DynamicTypeSolver@dc54576 : java.lang.Object at file:/home/runner/work/key/key/key.core/build/resources/main/de/uka/ilkd/key/proof/rules/floatAssignment2UpdateRules.key:431:15
	at de.uka.ilkd.key.nparser.builder.AbstractBuilder.accept(AbstractBuilder.java:54)
Caused by: com.github.javaparser.resolution.UnsolvedSymbolException: Unsolved symbol in de.uka.ilkd.key.java.JavaParserFactory$DynamicTypeSolver@dc54576 : java.lang.Object
	at com.github.javaparser.resolution.TypeSolver.solveType(TypeSolver.java:71)

18295      ERROR Test worker     d.u.i.k.n.b.AbstractBuilder  com.github.javaparser.resolution.UnsolvedSymbolException: Unsolved symbol in de.uka.ilkd.key.java.JavaParserFactory$DynamicTypeSolver@dc54576 : java.lang.Object
	at com.github.javaparser.resolution.TypeSolver.solveType(TypeSolver.java:71)

18296      ERROR Test worker     d.u.i.k.n.b.TacletPBuilder Error in parsing taclet. de.uka.ilkd.key.util.parsing.BuildingException: Unsolved symbol in de.uka.ilkd.key.java.JavaParserFactory$DynamicTypeSolver@dc54576 : java.lang.Object at file:/home/runner/work/key/key/key.core/build/resources/main/de/uka/ilkd/key/proof/rules/floatAssignment2UpdateRules.key:441:15
	at de.uka.ilkd.key.nparser.builder.AbstractBuilder.accept(AbstractBuilder.java:54)
Caused by: com.github.javaparser.resolution.UnsolvedSymbolException: Unsolved symbol in de.uka.ilkd.key.java.JavaParserFactory$DynamicTypeSolver@dc54576 : java.lang.Object
	at com.github.javaparser.resolution.TypeSolver.solveType(TypeSolver.java:71)

18297      ERROR Test worker     d.u.i.k.n.b.AbstractBuilder  com.github.javaparser.resolution.UnsolvedSymbolException: Unsolved symbol in de.uka.ilkd.key.java.JavaParserFactory$DynamicTypeSolver@dc54576 : java.lang.Object
	at com.github.javaparser.resolution.TypeSolver.solveType(TypeSolver.java:71)

18297      ERROR Test worker     d.u.i.k.n.b.TacletPBuilder Error in parsing taclet. de.uka.ilkd.key.util.parsing.BuildingException: Unsolved symbol in de.uka.ilkd.key.java.JavaParserFactory$DynamicTypeSolver@dc54576 : java.lang.Object at file:/home/runner/work/key/key/key.core/build/resources/main/de/uka/ilkd/key/proof/rules/floatAssignment2UpdateRules.key:452:15
	at de.uka.ilkd.key.nparser.builder.AbstractBuilder.accept(AbstractBuilder.java:54)
Caused by: com.github.javaparser.resolution.UnsolvedSymbolException: Unsolved symbol in de.uka.ilkd.key.java.JavaParserFactory$DynamicTypeSolver@dc54576 : java.lang.Object
	at com.github.javaparser.resolution.TypeSolver.solveType(TypeSolver.java:71)

18299      ERROR Test worker     d.u.i.k.n.b.AbstractBuilder  com.github.javaparser.resolution.UnsolvedSymbolException: Unsolved symbol in de.uka.ilkd.key.java.JavaParserFactory$DynamicTypeSolver@dc54576 : java.lang.Object
	at com.github.javaparser.resolution.TypeSolver.solveType(TypeSolver.java:71)

18299      ERROR Test worker     d.u.i.k.n.b.TacletPBuilder Error in parsing taclet. de.uka.ilkd.key.util.parsing.BuildingException: Unsolved symbol in de.uka.ilkd.key.java.JavaParserFactory$DynamicTypeSolver@dc54576 : java.lang.Object at file:/home/runner/work/key/key/key.core/build/resources/main/de/uka/ilkd/key/proof/rules/floatAssignment2UpdateRules.key:463:15
	at de.uka.ilkd.key.nparser.builder.AbstractBuilder.accept(AbstractBuilder.java:54)
Caused by: com.github.javaparser.resolution.UnsolvedSymbolException: Unsolved symbol in de.uka.ilkd.key.java.JavaParserFactory$DynamicTypeSolver@dc54576 : java.lang.Object
	at com.github.javaparser.resolution.TypeSolver.solveType(TypeSolver.java:71)

18301      ERROR Test worker     d.u.i.k.n.b.AbstractBuilder  com.github.javaparser.resolution.UnsolvedSymbolException: Unsolved symbol in de.uka.ilkd.key.java.JavaParserFactory$DynamicTypeSolver@dc54576 : java.lang.Object
	at com.github.javaparser.resolution.TypeSolver.solveType(TypeSolver.java:71)

18301      ERROR Test worker     d.u.i.k.n.b.TacletPBuilder Error in parsing taclet. de.uka.ilkd.key.util.parsing.BuildingException: Unsolved symbol in de.uka.ilkd.key.java.JavaParserFactory$DynamicTypeSolver@dc54576 : java.lang.Object at file:/home/runner/work/key/key/key.core/build/resources/main/de/uka/ilkd/key/proof/rules/floatAssignment2UpdateRules.key:473:15
	at de.uka.ilkd.key.nparser.builder.AbstractBuilder.accept(AbstractBuilder.java:54)
Caused by: com.github.javaparser.resolution.UnsolvedSymbolException: Unsolved symbol in de.uka.ilkd.key.java.JavaParserFactory$DynamicTypeSolver@dc54576 : java.lang.Object
	at com.github.javaparser.resolution.TypeSolver.solveType(TypeSolver.java:71)

18303      ERROR Test worker     d.u.i.k.n.b.AbstractBuilder  com.github.javaparser.resolution.UnsolvedSymbolException: Unsolved symbol in de.uka.ilkd.key.java.JavaParserFactory$DynamicTypeSolver@dc54576 : java.lang.Object
	at com.github.javaparser.resolution.TypeSolver.solveType(TypeSolver.java:71)

18303      ERROR Test worker     d.u.i.k.n.b.TacletPBuilder Error in parsing taclet. de.uka.ilkd.key.util.parsing.BuildingException: Unsolved symbol in de.uka.ilkd.key.java.JavaParserFactory$DynamicTypeSolver@dc54576 : java.lang.Object at file:/home/runner/work/key/key/key.core/build/resources/main/de/uka/ilkd/key/proof/rules/floatAssignment2UpdateRules.key:485:15
	at de.uka.ilkd.key.nparser.builder.AbstractBuilder.accept(AbstractBuilder.java:54)
Caused by: com.github.javaparser.resolution.UnsolvedSymbolException: Unsolved symbol in de.uka.ilkd.key.java.JavaParserFactory$DynamicTypeSolver@dc54576 : java.lang.Object
	at com.github.javaparser.resolution.TypeSolver.solveType(TypeSolver.java:71)

18304      ERROR Test worker     d.u.i.k.n.b.AbstractBuilder  com.github.javaparser.resolution.UnsolvedSymbolException: Unsolved symbol in de.uka.ilkd.key.java.JavaParserFactory$DynamicTypeSolver@dc54576 : java.lang.Object
	at com.github.javaparser.resolution.TypeSolver.solveType(TypeSolver.java:71)

18305      ERROR Test worker     d.u.i.k.n.b.TacletPBuilder Error in parsing taclet. de.uka.ilkd.key.util.parsing.BuildingException: Unsolved symbol in de.uka.ilkd.key.java.JavaParserFactory$DynamicTypeSolver@dc54576 : java.lang.Object at file:/home/runner/work/key/key/key.core/build/resources/main/de/uka/ilkd/key/proof/rules/floatAssignment2UpdateRules.key:493:15
	at de.uka.ilkd.key.nparser.builder.AbstractBuilder.accept(AbstractBuilder.java:54)
Caused by: com.github.javaparser.resolution.UnsolvedSymbolException: Unsolved symbol in de.uka.ilkd.key.java.JavaParserFactory$DynamicTypeSolver@dc54576 : java.lang.Object
	at com.github.javaparser.resolution.TypeSolver.solveType(TypeSolver.java:71)

18311      ERROR Test worker     d.u.i.k.n.b.AbstractBuilder  com.github.javaparser.resolution.UnsolvedSymbolException: Unsolved symbol in de.uka.ilkd.key.java.JavaParserFactory$DynamicTypeSolver@dc54576 : java.lang.Object
	at com.github.javaparser.resolution.TypeSolver.solveType(TypeSolver.java:71)

18311      ERROR Test worker     d.u.i.k.n.b.TacletPBuilder Error in parsing taclet. de.uka.ilkd.key.util.parsing.BuildingException: Unsolved symbol in de.uka.ilkd.key.java.JavaParserFactory$DynamicTypeSolver@dc54576 : java.lang.Object at file:/home/runner/work/key/key/key.core/build/resources/main/de/uka/ilkd/key/proof/rules/bigint.key:22:15
	at de.uka.ilkd.key.nparser.builder.AbstractBuilder.accept(AbstractBuilder.java:54)
Caused by: com.github.javaparser.resolution.UnsolvedSymbolException: Unsolved symbol in de.uka.ilkd.key.java.JavaParserFactory$DynamicTypeSolver@dc54576 : java.lang.Object
	at com.github.javaparser.resolution.TypeSolver.solveType(TypeSolver.java:71)

18312      ERROR Test worker     d.u.i.k.n.b.AbstractBuilder  com.github.javaparser.resolution.UnsolvedSymbolException: Unsolved symbol in de.uka.ilkd.key.java.JavaParserFactory$DynamicTypeSolver@dc54576 : java.lang.Object
	at com.github.javaparser.resolution.TypeSolver.solveType(TypeSolver.java:71)

18313      ERROR Test worker     d.u.i.k.n.b.TacletPBuilder Error in parsing taclet. de.uka.ilkd.key.util.parsing.BuildingException: Unsolved symbol in de.uka.ilkd.key.java.JavaParserFactory$DynamicTypeSolver@dc54576 : java.lang.Object at file:/home/runner/work/key/key/key.core/build/resources/main/de/uka/ilkd/key/proof/rules/bigint.key:31:15
	at de.uka.ilkd.key.nparser.builder.AbstractBuilder.accept(AbstractBuilder.java:54)
Caused by: com.github.javaparser.resolution.UnsolvedSymbolException: Unsolved symbol in de.uka.ilkd.key.java.JavaParserFactory$DynamicTypeSolver@dc54576 : java.lang.Object
	at com.github.javaparser.resolution.TypeSolver.solveType(TypeSolver.java:71)

18314      ERROR Test worker     d.u.i.k.n.b.AbstractBuilder  com.github.javaparser.resolution.UnsolvedSymbolException: Unsolved symbol in de.uka.ilkd.key.java.JavaParserFactory$DynamicTypeSolver@dc54576 : java.lang.Object
	at com.github.javaparser.resolution.TypeSolver.solveType(TypeSolver.java:71)

18315      ERROR Test worker     d.u.i.k.n.b.TacletPBuilder Error in parsing taclet. de.uka.ilkd.key.util.parsing.BuildingException: Unsolved symbol in de.uka.ilkd.key.java.JavaParserFactory$DynamicTypeSolver@dc54576 : java.lang.Object at file:/home/runner/work/key/key/key.core/build/resources/main/de/uka/ilkd/key/proof/rules/bigint.key:42:15
	at de.uka.ilkd.key.nparser.builder.AbstractBuilder.accept(AbstractBuilder.java:54)
Caused by: com.github.javaparser.resolution.UnsolvedSymbolException: Unsolved symbol in de.uka.ilkd.key.java.JavaParserFactory$DynamicTypeSolver@dc54576 : java.lang.Object
	at com.github.javaparser.resolution.TypeSolver.solveType(TypeSolver.java:71)

18329      ERROR Test worker     d.u.i.k.n.b.AbstractBuilder  com.github.javaparser.resolution.UnsolvedSymbolException: Unsolved symbol in de.uka.ilkd.key.java.JavaParserFactory$DynamicTypeSolver@dc54576 : java.lang.Object
	at com.github.javaparser.resolution.TypeSolver.solveType(TypeSolver.java:71)

18329      ERROR Test worker     d.u.i.k.n.b.TacletPBuilder Error in parsing taclet. de.uka.ilkd.key.util.parsing.BuildingException: Unsolved symbol in de.uka.ilkd.key.java.JavaParserFactory$DynamicTypeSolver@dc54576 : java.lang.Object at file:/home/runner/work/key/key/key.core/build/resources/main/de/uka/ilkd/key/proof/rules/bigint.key:53:15
	at de.uka.ilkd.key.nparser.builder.AbstractBuilder.accept(AbstractBuilder.java:54)
Caused by: com.github.javaparser.resolution.UnsolvedSymbolException: Unsolved symbol in de.uka.ilkd.key.java.JavaParserFactory$DynamicTypeSolver@dc54576 : java.lang.Object
	at com.github.javaparser.resolution.TypeSolver.solveType(TypeSolver.java:71)

18331      ERROR Test worker     d.u.i.k.n.b.AbstractBuilder  com.github.javaparser.resolution.UnsolvedSymbolException: Unsolved symbol in de.uka.ilkd.key.java.JavaParserFactory$DynamicTypeSolver@dc54576 : java.lang.Object
	at com.github.javaparser.resolution.TypeSolver.solveType(TypeSolver.java:71)

18331      ERROR Test worker     d.u.i.k.n.b.TacletPBuilder Error in parsing taclet. de.uka.ilkd.key.util.parsing.BuildingException: Unsolved symbol in de.uka.ilkd.key.java.JavaParserFactory$DynamicTypeSolver@dc54576 : java.lang.Object at file:/home/runner/work/key/key/key.core/build/resources/main/de/uka/ilkd/key/proof/rules/bigint.key:63:15
	at de.uka.ilkd.key.nparser.builder.AbstractBuilder.accept(AbstractBuilder.java:54)
Caused by: com.github.javaparser.resolution.UnsolvedSymbolException: Unsolved symbol in de.uka.ilkd.key.java.JavaParserFactory$DynamicTypeSolver@dc54576 : java.lang.Object
	at com.github.javaparser.resolution.TypeSolver.solveType(TypeSolver.java:71)

18343      ERROR Test worker     d.u.i.k.n.b.AbstractBuilder  com.github.javaparser.resolution.UnsolvedSymbolException: Unsolved symbol in de.uka.ilkd.key.java.JavaParserFactory$DynamicTypeSolver@dc54576 : java.lang.Object
	at com.github.javaparser.resolution.TypeSolver.solveType(TypeSolver.java:71)

18344      ERROR Test worker     d.u.i.k.n.b.TacletPBuilder Error in parsing taclet. de.uka.ilkd.key.util.parsing.BuildingException: Unsolved symbol in de.uka.ilkd.key.java.JavaParserFactory$DynamicTypeSolver@dc54576 : java.lang.Object at file:/home/runner/work/key/key/key.core/build/resources/main/de/uka/ilkd/key/proof/rules/bigint.key:76:20
	at de.uka.ilkd.key.nparser.builder.AbstractBuilder.accept(AbstractBuilder.java:54)
Caused by: com.github.javaparser.resolution.UnsolvedSymbolException: Unsolved symbol in de.uka.ilkd.key.java.JavaParserFactory$DynamicTypeSolver@dc54576 : java.lang.Object
	at com.github.javaparser.resolution.TypeSolver.solveType(TypeSolver.java:71)

18353      ERROR Test worker     d.u.i.k.n.b.AbstractBuilder  com.github.javaparser.resolution.UnsolvedSymbolException: Unsolved symbol in de.uka.ilkd.key.java.JavaParserFactory$DynamicTypeSolver@dc54576 : java.lang.Object
	at com.github.javaparser.resolution.TypeSolver.solveType(TypeSolver.java:71)

18361      ERROR Test worker     d.u.i.k.n.b.TacletPBuilder Error in parsing taclet. de.uka.ilkd.key.util.parsing.BuildingException: Unsolved symbol in de.uka.ilkd.key.java.JavaParserFactory$DynamicTypeSolver@dc54576 : java.lang.Object at file:/home/runner/work/key/key/key.core/build/resources/main/de/uka/ilkd/key/proof/rules/bigint.key:88:20
	at de.uka.ilkd.key.nparser.builder.AbstractBuilder.accept(AbstractBuilder.java:54)
Caused by: com.github.javaparser.resolution.UnsolvedSymbolException: Unsolved symbol in de.uka.ilkd.key.java.JavaParserFactory$DynamicTypeSolver@dc54576 : java.lang.Object
	at com.github.javaparser.resolution.TypeSolver.solveType(TypeSolver.java:71)

18362      ERROR Test worker     d.u.i.k.n.b.AbstractBuilder  com.github.javaparser.resolution.UnsolvedSymbolException: Unsolved symbol in de.uka.ilkd.key.java.JavaParserFactory$DynamicTypeSolver@dc54576 : java.lang.Object
	at com.github.javaparser.resolution.TypeSolver.solveType(TypeSolver.java:71)

18362      ERROR Test worker     d.u.i.k.n.b.TacletPBuilder Error in parsing taclet. de.uka.ilkd.key.util.parsing.BuildingException: Unsolved symbol in de.uka.ilkd.key.java.JavaParserFactory$DynamicTypeSolver@dc54576 : java.lang.Object at file:/home/runner/work/key/key/key.core/build/resources/main/de/uka/ilkd/key/proof/rules/bigint.key:100:20
	at de.uka.ilkd.key.nparser.builder.AbstractBuilder.accept(AbstractBuilder.java:54)
Caused by: com.github.javaparser.resolution.UnsolvedSymbolException: Unsolved symbol in de.uka.ilkd.key.java.JavaParserFactory$DynamicTypeSolver@dc54576 : java.lang.Object
	at com.github.javaparser.resolution.TypeSolver.solveType(TypeSolver.java:71)

18364      ERROR Test worker     d.u.i.k.n.b.AbstractBuilder  com.github.javaparser.resolution.UnsolvedSymbolException: Unsolved symbol in de.uka.ilkd.key.java.JavaParserFactory$DynamicTypeSolver@dc54576 : java.lang.Object
	at com.github.javaparser.resolution.TypeSolver.solveType(TypeSolver.java:71)

18364      ERROR Test worker     d.u.i.k.n.b.TacletPBuilder Error in parsing taclet. de.uka.ilkd.key.util.parsing.BuildingException: Unsolved symbol in de.uka.ilkd.key.java.JavaParserFactory$DynamicTypeSolver@dc54576 : java.lang.Object at file:/home/runner/work/key/key/key.core/build/resources/main/de/uka/ilkd/key/proof/rules/bigint.key:112:20
	at de.uka.ilkd.key.nparser.builder.AbstractBuilder.accept(AbstractBuilder.java:54)
Caused by: com.github.javaparser.resolution.UnsolvedSymbolException: Unsolved symbol in de.uka.ilkd.key.java.JavaParserFactory$DynamicTypeSolver@dc54576 : java.lang.Object
	at com.github.javaparser.resolution.TypeSolver.solveType(TypeSolver.java:71)

18366      ERROR Test worker     d.u.i.k.n.b.AbstractBuilder  com.github.javaparser.resolution.UnsolvedSymbolException: Unsolved symbol in de.uka.ilkd.key.java.JavaParserFactory$DynamicTypeSolver@dc54576 : java.lang.Object
	at com.github.javaparser.resolution.TypeSolver.solveType(TypeSolver.java:71)

18366      ERROR Test worker     d.u.i.k.n.b.TacletPBuilder Error in parsing taclet. de.uka.ilkd.key.util.parsing.BuildingException: Unsolved symbol in de.uka.ilkd.key.java.JavaParserFactory$DynamicTypeSolver@dc54576 : java.lang.Object at file:/home/runner/work/key/key/key.core/build/resources/main/de/uka/ilkd/key/proof/rules/bigint.key:128:15
	at de.uka.ilkd.key.nparser.builder.AbstractBuilder.accept(AbstractBuilder.java:54)
Caused by: com.github.javaparser.resolution.UnsolvedSymbolException: Unsolved symbol in de.uka.ilkd.key.java.JavaParserFactory$DynamicTypeSolver@dc54576 : java.lang.Object
	at com.github.javaparser.resolution.TypeSolver.solveType(TypeSolver.java:71)

18368      ERROR Test worker     d.u.i.k.n.b.AbstractBuilder  com.github.javaparser.resolution.UnsolvedSymbolException: Unsolved symbol in de.uka.ilkd.key.java.JavaParserFactory$DynamicTypeSolver@dc54576 : java.lang.Object
	at com.github.javaparser.resolution.TypeSolver.solveType(TypeSolver.java:71)

18368      ERROR Test worker     d.u.i.k.n.b.TacletPBuilder Error in parsing taclet. de.uka.ilkd.key.util.parsing.BuildingException: Unsolved symbol in de.uka.ilkd.key.java.JavaParserFactory$DynamicTypeSolver@dc54576 : java.lang.Object at file:/home/runner/work/key/key/key.core/build/resources/main/de/uka/ilkd/key/proof/rules/bigint.key:139:15
	at de.uka.ilkd.key.nparser.builder.AbstractBuilder.accept(AbstractBuilder.java:54)
Caused by: com.github.javaparser.resolution.UnsolvedSymbolException: Unsolved symbol in de.uka.ilkd.key.java.JavaParserFactory$DynamicTypeSolver@dc54576 : java.lang.Object
	at com.github.javaparser.resolution.TypeSolver.solveType(TypeSolver.java:71)

18375      ERROR Test worker     d.u.i.k.n.b.AbstractBuilder  com.github.javaparser.resolution.UnsolvedSymbolException: Unsolved symbol in de.uka.ilkd.key.java.JavaParserFactory$DynamicTypeSolver@dc54576 : java.lang.Object
	at com.github.javaparser.resolution.TypeSolver.solveType(TypeSolver.java:71)

18375      ERROR Test worker     d.u.i.k.n.b.TacletPBuilder Error in parsing taclet. de.uka.ilkd.key.util.parsing.BuildingException: Unsolved symbol in de.uka.ilkd.key.java.JavaParserFactory$DynamicTypeSolver@dc54576 : java.lang.Object at file:/home/runner/work/key/key/key.core/build/resources/main/de/uka/ilkd/key/proof/rules/bigint.key:150:15
	at de.uka.ilkd.key.nparser.builder.AbstractBuilder.accept(AbstractBuilder.java:54)
Caused by: com.github.javaparser.resolution.UnsolvedSymbolException: Unsolved symbol in de.uka.ilkd.key.java.JavaParserFactory$DynamicTypeSolver@dc54576 : java.lang.Object
	at com.github.javaparser.resolution.TypeSolver.solveType(TypeSolver.java:71)

18377      ERROR Test worker     d.u.i.k.n.b.AbstractBuilder  com.github.javaparser.resolution.UnsolvedSymbolException: Unsolved symbol in de.uka.ilkd.key.java.JavaParserFactory$DynamicTypeSolver@dc54576 : java.lang.Object
	at com.github.javaparser.resolution.TypeSolver.solveType(TypeSolver.java:71)

18377      ERROR Test worker     d.u.i.k.n.b.TacletPBuilder Error in parsing taclet. de.uka.ilkd.key.util.parsing.BuildingException: Unsolved symbol in de.uka.ilkd.key.java.JavaParserFactory$DynamicTypeSolver@dc54576 : java.lang.Object at file:/home/runner/work/key/key/key.core/build/resources/main/de/uka/ilkd/key/proof/rules/bigint.key:161:15
	at de.uka.ilkd.key.nparser.builder.AbstractBuilder.accept(AbstractBuilder.java:54)
Caused by: com.github.javaparser.resolution.UnsolvedSymbolException: Unsolved symbol in de.uka.ilkd.key.java.JavaParserFactory$DynamicTypeSolver@dc54576 : java.lang.Object
	at com.github.javaparser.resolution.TypeSolver.solveType(TypeSolver.java:71)

18378      ERROR Test worker     d.u.i.k.n.b.AbstractBuilder  com.github.javaparser.resolution.UnsolvedSymbolException: Unsolved symbol in de.uka.ilkd.key.java.JavaParserFactory$DynamicTypeSolver@dc54576 : java.lang.Object
	at com.github.javaparser.resolution.TypeSolver.solveType(TypeSolver.java:71)

18384      ERROR Test worker     d.u.i.k.n.b.TacletPBuilder Error in parsing taclet. de.uka.ilkd.key.util.parsing.BuildingException: Unsolved symbol in de.uka.ilkd.key.java.JavaParserFactory$DynamicTypeSolver@dc54576 : java.lang.Object at file:/home/runner/work/key/key/key.core/build/resources/main/de/uka/ilkd/key/proof/rules/bigint.key:176:15
	at de.uka.ilkd.key.nparser.builder.AbstractBuilder.accept(AbstractBuilder.java:54)
Caused by: com.github.javaparser.resolution.UnsolvedSymbolException: Unsolved symbol in de.uka.ilkd.key.java.JavaParserFactory$DynamicTypeSolver@dc54576 : java.lang.Object
	at com.github.javaparser.resolution.TypeSolver.solveType(TypeSolver.java:71)

18385      ERROR Test worker     d.u.i.k.n.b.AbstractBuilder  com.github.javaparser.resolution.UnsolvedSymbolException: Unsolved symbol in de.uka.ilkd.key.java.JavaParserFactory$DynamicTypeSolver@dc54576 : java.lang.Object
	at com.github.javaparser.resolution.TypeSolver.solveType(TypeSolver.java:71)

18386      ERROR Test worker     d.u.i.k.n.b.TacletPBuilder Error in parsing taclet. de.uka.ilkd.key.util.parsing.BuildingException: Unsolved symbol in de.uka.ilkd.key.java.JavaParserFactory$DynamicTypeSolver@dc54576 : java.lang.Object at file:/home/runner/work/key/key/key.core/build/resources/main/de/uka/ilkd/key/proof/rules/bigint.key:190:15
	at de.uka.ilkd.key.nparser.builder.AbstractBuilder.accept(AbstractBuilder.java:54)
Caused by: com.github.javaparser.resolution.UnsolvedSymbolException: Unsolved symbol in de.uka.ilkd.key.java.JavaParserFactory$DynamicTypeSolver@dc54576 : java.lang.Object
	at com.github.javaparser.resolution.TypeSolver.solveType(TypeSolver.java:71)

18387      ERROR Test worker     d.u.i.k.n.b.AbstractBuilder  com.github.javaparser.resolution.UnsolvedSymbolException: Unsolved symbol in de.uka.ilkd.key.java.JavaParserFactory$DynamicTypeSolver@dc54576 : java.lang.Object
	at com.github.javaparser.resolution.TypeSolver.solveType(TypeSolver.java:71)

18387      ERROR Test worker     d.u.i.k.n.b.TacletPBuilder Error in parsing taclet. de.uka.ilkd.key.util.parsing.BuildingException: Unsolved symbol in de.uka.ilkd.key.java.JavaParserFactory$DynamicTypeSolver@dc54576 : java.lang.Object at file:/home/runner/work/key/key/key.core/build/resources/main/de/uka/ilkd/key/proof/rules/bigint.key:204:15
	at de.uka.ilkd.key.nparser.builder.AbstractBuilder.accept(AbstractBuilder.java:54)
Caused by: com.github.javaparser.resolution.UnsolvedSymbolException: Unsolved symbol in de.uka.ilkd.key.java.JavaParserFactory$DynamicTypeSolver@dc54576 : java.lang.Object
	at com.github.javaparser.resolution.TypeSolver.solveType(TypeSolver.java:71)

18394      ERROR Test worker     d.u.i.k.n.b.AbstractBuilder  com.github.javaparser.resolution.UnsolvedSymbolException: Unsolved symbol in de.uka.ilkd.key.java.JavaParserFactory$DynamicTypeSolver@dc54576 : java.lang.Object
	at com.github.javaparser.resolution.TypeSolver.solveType(TypeSolver.java:71)

18395      ERROR Test worker     d.u.i.k.n.b.TacletPBuilder Error in parsing taclet. de.uka.ilkd.key.util.parsing.BuildingException: Unsolved symbol in de.uka.ilkd.key.java.JavaParserFactory$DynamicTypeSolver@dc54576 : java.lang.Object at file:/home/runner/work/key/key/key.core/build/resources/main/de/uka/ilkd/key/proof/rules/bigint.key:218:15
	at de.uka.ilkd.key.nparser.builder.AbstractBuilder.accept(AbstractBuilder.java:54)
Caused by: com.github.javaparser.resolution.UnsolvedSymbolException: Unsolved symbol in de.uka.ilkd.key.java.JavaParserFactory$DynamicTypeSolver@dc54576 : java.lang.Object
	at com.github.javaparser.resolution.TypeSolver.solveType(TypeSolver.java:71)

18396      ERROR Test worker     d.u.i.k.n.b.AbstractBuilder  com.github.javaparser.resolution.UnsolvedSymbolException: Unsolved symbol in de.uka.ilkd.key.java.JavaParserFactory$DynamicTypeSolver@dc54576 : java.lang.Object
	at com.github.javaparser.resolution.TypeSolver.solveType(TypeSolver.java:71)

18396      ERROR Test worker     d.u.i.k.n.b.TacletPBuilder Error in parsing taclet. de.uka.ilkd.key.util.parsing.BuildingException: Unsolved symbol in de.uka.ilkd.key.java.JavaParserFactory$DynamicTypeSolver@dc54576 : java.lang.Object at file:/home/runner/work/key/key/key.core/build/resources/main/de/uka/ilkd/key/proof/rules/bigint.key:236:15
	at de.uka.ilkd.key.nparser.builder.AbstractBuilder.accept(AbstractBuilder.java:54)
Caused by: com.github.javaparser.resolution.UnsolvedSymbolException: Unsolved symbol in de.uka.ilkd.key.java.JavaParserFactory$DynamicTypeSolver@dc54576 : java.lang.Object
	at com.github.javaparser.resolution.TypeSolver.solveType(TypeSolver.java:71)

18402      ERROR Test worker     d.u.i.k.n.b.AbstractBuilder  com.github.javaparser.resolution.UnsolvedSymbolException: Unsolved symbol in de.uka.ilkd.key.java.JavaParserFactory$DynamicTypeSolver@dc54576 : java.lang.Object
	at com.github.javaparser.resolution.TypeSolver.solveType(TypeSolver.java:71)

18402      ERROR Test worker     d.u.i.k.n.b.TacletPBuilder Error in parsing taclet. de.uka.ilkd.key.util.parsing.BuildingException: Unsolved symbol in de.uka.ilkd.key.java.JavaParserFactory$DynamicTypeSolver@dc54576 : java.lang.Object at file:/home/runner/work/key/key/key.core/build/resources/main/de/uka/ilkd/key/proof/rules/bigint.key:246:15
	at de.uka.ilkd.key.nparser.builder.AbstractBuilder.accept(AbstractBuilder.java:54)
Caused by: com.github.javaparser.resolution.UnsolvedSymbolException: Unsolved symbol in de.uka.ilkd.key.java.JavaParserFactory$DynamicTypeSolver@dc54576 : java.lang.Object
	at com.github.javaparser.resolution.TypeSolver.solveType(TypeSolver.java:71)

18411      ERROR Test worker     d.u.i.k.n.b.AbstractBuilder  com.github.javaparser.resolution.UnsolvedSymbolException: Unsolved symbol in de.uka.ilkd.key.java.JavaParserFactory$DynamicTypeSolver@dc54576 : java.lang.Object
	at com.github.javaparser.resolution.TypeSolver.solveType(TypeSolver.java:71)

18411      ERROR Test worker     d.u.i.k.n.b.TacletPBuilder Error in parsing taclet. de.uka.ilkd.key.util.parsing.BuildingException: Unsolved symbol in de.uka.ilkd.key.java.JavaParserFactory$DynamicTypeSolver@dc54576 : java.lang.Object at file:/home/runner/work/key/key/key.core/build/resources/main/de/uka/ilkd/key/proof/rules/bigint.key:256:15
	at de.uka.ilkd.key.nparser.builder.AbstractBuilder.accept(AbstractBuilder.java:54)
Caused by: com.github.javaparser.resolution.UnsolvedSymbolException: Unsolved symbol in de.uka.ilkd.key.java.JavaParserFactory$DynamicTypeSolver@dc54576 : java.lang.Object
	at com.github.javaparser.resolution.TypeSolver.solveType(TypeSolver.java:71)

18413      ERROR Test worker     d.u.i.k.n.b.AbstractBuilder  com.github.javaparser.resolution.UnsolvedSymbolException: Unsolved symbol in de.uka.ilkd.key.java.JavaParserFactory$DynamicTypeSolver@dc54576 : java.lang.Object
	at com.github.javaparser.resolution.TypeSolver.solveType(TypeSolver.java:71)

18413      ERROR Test worker     d.u.i.k.n.b.TacletPBuilder Error in parsing taclet. de.uka.ilkd.key.util.parsing.BuildingException: Unsolved symbol in de.uka.ilkd.key.java.JavaParserFactory$DynamicTypeSolver@dc54576 : java.lang.Object at file:/home/runner/work/key/key/key.core/build/resources/main/de/uka/ilkd/key/proof/rules/bigint.key:271:15
	at de.uka.ilkd.key.nparser.builder.AbstractBuilder.accept(AbstractBuilder.java:54)
Caused by: com.github.javaparser.resolution.UnsolvedSymbolException: Unsolved symbol in de.uka.ilkd.key.java.JavaParserFactory$DynamicTypeSolver@dc54576 : java.lang.Object
	at com.github.javaparser.resolution.TypeSolver.solveType(TypeSolver.java:71)

18415      ERROR Test worker     d.u.i.k.n.b.AbstractBuilder  com.github.javaparser.resolution.UnsolvedSymbolException: Unsolved symbol in de.uka.ilkd.key.java.JavaParserFactory$DynamicTypeSolver@dc54576 : java.lang.Object
	at com.github.javaparser.resolution.TypeSolver.solveType(TypeSolver.java:71)

18415      ERROR Test worker     d.u.i.k.n.b.TacletPBuilder Error in parsing taclet. de.uka.ilkd.key.util.parsing.BuildingException: Unsolved symbol in de.uka.ilkd.key.java.JavaParserFactory$DynamicTypeSolver@dc54576 : java.lang.Object at file:/home/runner/work/key/key/key.core/build/resources/main/de/uka/ilkd/key/proof/rules/bigint.key:281:15
	at de.uka.ilkd.key.nparser.builder.AbstractBuilder.accept(AbstractBuilder.java:54)
Caused by: com.github.javaparser.resolution.UnsolvedSymbolException: Unsolved symbol in de.uka.ilkd.key.java.JavaParserFactory$DynamicTypeSolver@dc54576 : java.lang.Object
	at com.github.javaparser.resolution.TypeSolver.solveType(TypeSolver.java:71)

18417      ERROR Test worker     d.u.i.k.n.b.AbstractBuilder  com.github.javaparser.resolution.UnsolvedSymbolException: Unsolved symbol in de.uka.ilkd.key.java.JavaParserFactory$DynamicTypeSolver@dc54576 : java.lang.Object
	at com.github.javaparser.resolution.TypeSolver.solveType(TypeSolver.java:71)

18419      ERROR Test worker     d.u.i.k.n.b.TacletPBuilder Error in parsing taclet. de.uka.ilkd.key.util.parsing.BuildingException: Unsolved symbol in de.uka.ilkd.key.java.JavaParserFactory$DynamicTypeSolver@dc54576 : java.lang.Object at file:/home/runner/work/key/key/key.core/build/resources/main/de/uka/ilkd/key/proof/rules/bigint.key:289:15
	at de.uka.ilkd.key.nparser.builder.AbstractBuilder.accept(AbstractBuilder.java:54)
Caused by: com.github.javaparser.resolution.UnsolvedSymbolException: Unsolved symbol in de.uka.ilkd.key.java.JavaParserFactory$DynamicTypeSolver@dc54576 : java.lang.Object
	at com.github.javaparser.resolution.TypeSolver.solveType(TypeSolver.java:71)

18429      ERROR Test worker     d.u.i.k.n.b.AbstractBuilder  com.github.javaparser.resolution.UnsolvedSymbolException: Unsolved symbol in de.uka.ilkd.key.java.JavaParserFactory$DynamicTypeSolver@dc54576 : java.lang.Object
	at com.github.javaparser.resolution.TypeSolver.solveType(TypeSolver.java:71)

18429      ERROR Test worker     d.u.i.k.n.b.TacletPBuilder Error in parsing taclet. de.uka.ilkd.key.util.parsing.BuildingException: Unsolved symbol in de.uka.ilkd.key.java.JavaParserFactory$DynamicTypeSolver@dc54576 : java.lang.Object at file:/home/runner/work/key/key/key.core/build/resources/main/de/uka/ilkd/key/proof/rules/bigint.key:297:15
	at de.uka.ilkd.key.nparser.builder.AbstractBuilder.accept(AbstractBuilder.java:54)
Caused by: com.github.javaparser.resolution.UnsolvedSymbolException: Unsolved symbol in de.uka.ilkd.key.java.JavaParserFactory$DynamicTypeSolver@dc54576 : java.lang.Object
	at com.github.javaparser.resolution.TypeSolver.solveType(TypeSolver.java:71)

18431      ERROR Test worker     d.u.i.k.n.b.AbstractBuilder  com.github.javaparser.resolution.UnsolvedSymbolException: Unsolved symbol in de.uka.ilkd.key.java.JavaParserFactory$DynamicTypeSolver@dc54576 : java.lang.Object
	at com.github.javaparser.resolution.TypeSolver.solveType(TypeSolver.java:71)

18431      ERROR Test worker     d.u.i.k.n.b.TacletPBuilder Error in parsing taclet. de.uka.ilkd.key.util.parsing.BuildingException: Unsolved symbol in de.uka.ilkd.key.java.JavaParserFactory$DynamicTypeSolver@dc54576 : java.lang.Object at file:/home/runner/work/key/key/key.core/build/resources/main/de/uka/ilkd/key/proof/rules/bigint.key:308:15
	at de.uka.ilkd.key.nparser.builder.AbstractBuilder.accept(AbstractBuilder.java:54)
Caused by: com.github.javaparser.resolution.UnsolvedSymbolException: Unsolved symbol in de.uka.ilkd.key.java.JavaParserFactory$DynamicTypeSolver@dc54576 : java.lang.Object
	at com.github.javaparser.resolution.TypeSolver.solveType(TypeSolver.java:71)

18439      ERROR Test worker     d.u.i.k.n.b.AbstractBuilder  com.github.javaparser.resolution.UnsolvedSymbolException: Unsolved symbol in de.uka.ilkd.key.java.JavaParserFactory$DynamicTypeSolver@dc54576 : java.lang.Object
	at com.github.javaparser.resolution.TypeSolver.solveType(TypeSolver.java:71)

18439      ERROR Test worker     d.u.i.k.n.b.TacletPBuilder Error in parsing taclet. de.uka.ilkd.key.util.parsing.BuildingException: Unsolved symbol in de.uka.ilkd.key.java.JavaParserFactory$DynamicTypeSolver@dc54576 : java.lang.Object at file:/home/runner/work/key/key/key.core/build/resources/main/de/uka/ilkd/key/proof/rules/adtProgramDecompositionRules.key:17:15
	at de.uka.ilkd.key.nparser.builder.AbstractBuilder.accept(AbstractBuilder.java:54)
Caused by: com.github.javaparser.resolution.UnsolvedSymbolException: Unsolved symbol in de.uka.ilkd.key.java.JavaParserFactory$DynamicTypeSolver@dc54576 : java.lang.Object
	at com.github.javaparser.resolution.TypeSolver.solveType(TypeSolver.java:71)

18439      ERROR Test worker     d.u.i.k.n.b.TacletPBuilder Override: #v (program Variable) #v (program Variable) 
18440      ERROR Test worker     d.u.i.k.n.b.TacletPBuilder Override: post (formula) post (formula) 
18441      ERROR Test worker     d.u.i.k.n.b.AbstractBuilder  com.github.javaparser.resolution.UnsolvedSymbolException: Unsolved symbol in de.uka.ilkd.key.java.JavaParserFactory$DynamicTypeSolver@dc54576 : java.lang.Object
	at com.github.javaparser.resolution.TypeSolver.solveType(TypeSolver.java:71)

18441      ERROR Test worker     d.u.i.k.n.b.TacletPBuilder Error in parsing taclet. de.uka.ilkd.key.util.parsing.BuildingException: Unsolved symbol in de.uka.ilkd.key.java.JavaParserFactory$DynamicTypeSolver@dc54576 : java.lang.Object at file:/home/runner/work/key/key/key.core/build/resources/main/de/uka/ilkd/key/proof/rules/adtProgramDecompositionRules.key:30:15
	at de.uka.ilkd.key.nparser.builder.AbstractBuilder.accept(AbstractBuilder.java:54)
Caused by: com.github.javaparser.resolution.UnsolvedSymbolException: Unsolved symbol in de.uka.ilkd.key.java.JavaParserFactory$DynamicTypeSolver@dc54576 : java.lang.Object
	at com.github.javaparser.resolution.TypeSolver.solveType(TypeSolver.java:71)

18441      ERROR Test worker     d.u.i.k.n.b.TacletPBuilder Override: #v (program Variable) #v (program Variable) 
18441      ERROR Test worker     d.u.i.k.n.b.TacletPBuilder Override: #vLeftNew (program Variable) #vLeftNew (program Variable) 
18441      ERROR Test worker     d.u.i.k.n.b.TacletPBuilder Override: #nseLeft (program NonSimpleExpression) #nseLeft (program NonSimpleExpression) 
18441      ERROR Test worker     d.u.i.k.n.b.TacletPBuilder Override: #eRight (program Expression) #eRight (program Expression) 
18442      ERROR Test worker     d.u.i.k.n.b.TacletPBuilder Override: post (formula) post (formula) 
18443      ERROR Test worker     d.u.i.k.n.b.AbstractBuilder  com.github.javaparser.resolution.UnsolvedSymbolException: Unsolved symbol in de.uka.ilkd.key.java.JavaParserFactory$DynamicTypeSolver@dc54576 : java.lang.Object
	at com.github.javaparser.resolution.TypeSolver.solveType(TypeSolver.java:71)

18443      ERROR Test worker     d.u.i.k.n.b.TacletPBuilder Error in parsing taclet. de.uka.ilkd.key.util.parsing.BuildingException: Unsolved symbol in de.uka.ilkd.key.java.JavaParserFactory$DynamicTypeSolver@dc54576 : java.lang.Object at file:/home/runner/work/key/key/key.core/build/resources/main/de/uka/ilkd/key/proof/rules/adtProgramDecompositionRules.key:43:15
	at de.uka.ilkd.key.nparser.builder.AbstractBuilder.accept(AbstractBuilder.java:54)
Caused by: com.github.javaparser.resolution.UnsolvedSymbolException: Unsolved symbol in de.uka.ilkd.key.java.JavaParserFactory$DynamicTypeSolver@dc54576 : java.lang.Object
	at com.github.javaparser.resolution.TypeSolver.solveType(TypeSolver.java:71)

18443      ERROR Test worker     d.u.i.k.n.b.TacletPBuilder Override: #v (program Variable) #v (program Variable) 
18443      ERROR Test worker     d.u.i.k.n.b.TacletPBuilder Override: #vRightNew (program Variable) #vRightNew (program Variable) 
18443      ERROR Test worker     d.u.i.k.n.b.TacletPBuilder Override: #seLeft (program SimpleExpression) #seLeft (program SimpleExpression) 
18443      ERROR Test worker     d.u.i.k.n.b.TacletPBuilder Override: #nseRight (program NonSimpleExpression) #nseRight (program NonSimpleExpression) 
18443      ERROR Test worker     d.u.i.k.n.b.TacletPBuilder Override: post (formula) post (formula) 
18445      ERROR Test worker     d.u.i.k.n.b.AbstractBuilder  com.github.javaparser.resolution.UnsolvedSymbolException: Unsolved symbol in de.uka.ilkd.key.java.JavaParserFactory$DynamicTypeSolver@dc54576 : java.lang.Object
	at com.github.javaparser.resolution.TypeSolver.solveType(TypeSolver.java:71)

18445      ERROR Test worker     d.u.i.k.n.b.TacletPBuilder Error in parsing taclet. de.uka.ilkd.key.util.parsing.BuildingException: Unsolved symbol in de.uka.ilkd.key.java.JavaParserFactory$DynamicTypeSolver@dc54576 : java.lang.Object at file:/home/runner/work/key/key/key.core/build/resources/main/de/uka/ilkd/key/proof/rules/adtProgramDecompositionRules.key:56:15
	at de.uka.ilkd.key.nparser.builder.AbstractBuilder.accept(AbstractBuilder.java:54)
Caused by: com.github.javaparser.resolution.UnsolvedSymbolException: Unsolved symbol in de.uka.ilkd.key.java.JavaParserFactory$DynamicTypeSolver@dc54576 : java.lang.Object
	at com.github.javaparser.resolution.TypeSolver.solveType(TypeSolver.java:71)

18445      ERROR Test worker     d.u.i.k.n.b.TacletPBuilder Override: #v (program Variable) #v (program Variable) 
18445      ERROR Test worker     d.u.i.k.n.b.TacletPBuilder Override: #vLeftNew (program Variable) #vLeftNew (program Variable) 
18445      ERROR Test worker     d.u.i.k.n.b.TacletPBuilder Override: #nseLeft (program NonSimpleExpression) #nseLeft (program NonSimpleExpression) 
18445      ERROR Test worker     d.u.i.k.n.b.TacletPBuilder Override: #eRight (program Expression) #eRight (program Expression) 
18445      ERROR Test worker     d.u.i.k.n.b.TacletPBuilder Override: post (formula) post (formula) 
18447      ERROR Test worker     d.u.i.k.n.b.AbstractBuilder  com.github.javaparser.resolution.UnsolvedSymbolException: Unsolved symbol in de.uka.ilkd.key.java.JavaParserFactory$DynamicTypeSolver@dc54576 : java.lang.Object
	at com.github.javaparser.resolution.TypeSolver.solveType(TypeSolver.java:71)

18447      ERROR Test worker     d.u.i.k.n.b.TacletPBuilder Error in parsing taclet. de.uka.ilkd.key.util.parsing.BuildingException: Unsolved symbol in de.uka.ilkd.key.java.JavaParserFactory$DynamicTypeSolver@dc54576 : java.lang.Object at file:/home/runner/work/key/key/key.core/build/resources/main/de/uka/ilkd/key/proof/rules/adtProgramDecompositionRules.key:69:15
	at de.uka.ilkd.key.nparser.builder.AbstractBuilder.accept(AbstractBuilder.java:54)
Caused by: com.github.javaparser.resolution.UnsolvedSymbolException: Unsolved symbol in de.uka.ilkd.key.java.JavaParserFactory$DynamicTypeSolver@dc54576 : java.lang.Object
	at com.github.javaparser.resolution.TypeSolver.solveType(TypeSolver.java:71)

18447      ERROR Test worker     d.u.i.k.n.b.TacletPBuilder Override: #v (program Variable) #v (program Variable) 
18447      ERROR Test worker     d.u.i.k.n.b.TacletPBuilder Override: #vRightNew (program Variable) #vRightNew (program Variable) 
18447      ERROR Test worker     d.u.i.k.n.b.TacletPBuilder Override: #seLeft (program SimpleExpression) #seLeft (program SimpleExpression) 
18447      ERROR Test worker     d.u.i.k.n.b.TacletPBuilder Override: #nseRight (program NonSimpleExpression) #nseRight (program NonSimpleExpression) 
18447      ERROR Test worker     d.u.i.k.n.b.TacletPBuilder Override: post (formula) post (formula) 
18449      ERROR Test worker     d.u.i.k.n.b.AbstractBuilder  com.github.javaparser.resolution.UnsolvedSymbolException: Unsolved symbol in de.uka.ilkd.key.java.JavaParserFactory$DynamicTypeSolver@dc54576 : java.lang.Object
	at com.github.javaparser.resolution.TypeSolver.solveType(TypeSolver.java:71)

18449      ERROR Test worker     d.u.i.k.n.b.TacletPBuilder Error in parsing taclet. de.uka.ilkd.key.util.parsing.BuildingException: Unsolved symbol in de.uka.ilkd.key.java.JavaParserFactory$DynamicTypeSolver@dc54576 : java.lang.Object at file:/home/runner/work/key/key/key.core/build/resources/main/de/uka/ilkd/key/proof/rules/adtProgramDecompositionRules.key:82:15
	at de.uka.ilkd.key.nparser.builder.AbstractBuilder.accept(AbstractBuilder.java:54)
Caused by: com.github.javaparser.resolution.UnsolvedSymbolException: Unsolved symbol in de.uka.ilkd.key.java.JavaParserFactory$DynamicTypeSolver@dc54576 : java.lang.Object
	at com.github.javaparser.resolution.TypeSolver.solveType(TypeSolver.java:71)

18449      ERROR Test worker     d.u.i.k.n.b.TacletPBuilder Override: #v (program Variable) #v (program Variable) 
18449      ERROR Test worker     d.u.i.k.n.b.TacletPBuilder Override: post (formula) post (formula) 
18451      ERROR Test worker     d.u.i.k.n.b.AbstractBuilder  com.github.javaparser.resolution.UnsolvedSymbolException: Unsolved symbol in de.uka.ilkd.key.java.JavaParserFactory$DynamicTypeSolver@dc54576 : java.lang.Object
	at com.github.javaparser.resolution.TypeSolver.solveType(TypeSolver.java:71)

18451      ERROR Test worker     d.u.i.k.n.b.TacletPBuilder Error in parsing taclet. de.uka.ilkd.key.util.parsing.BuildingException: Unsolved symbol in de.uka.ilkd.key.java.JavaParserFactory$DynamicTypeSolver@dc54576 : java.lang.Object at file:/home/runner/work/key/key/key.core/build/resources/main/de/uka/ilkd/key/proof/rules/adtProgramDecompositionRules.key:94:15
	at de.uka.ilkd.key.nparser.builder.AbstractBuilder.accept(AbstractBuilder.java:54)
Caused by: com.github.javaparser.resolution.UnsolvedSymbolException: Unsolved symbol in de.uka.ilkd.key.java.JavaParserFactory$DynamicTypeSolver@dc54576 : java.lang.Object
	at com.github.javaparser.resolution.TypeSolver.solveType(TypeSolver.java:71)

18451      ERROR Test worker     d.u.i.k.n.b.TacletPBuilder Override: #v (program Variable) #v (program Variable) 
18451      ERROR Test worker     d.u.i.k.n.b.TacletPBuilder Override: #a (program Variable) #a (program Variable) 
18451      ERROR Test worker     d.u.i.k.n.b.TacletPBuilder Override: post (formula) post (formula) 
18456      ERROR Test worker     d.u.i.k.n.b.AbstractBuilder  com.github.javaparser.resolution.UnsolvedSymbolException: Unsolved symbol in de.uka.ilkd.key.java.JavaParserFactory$DynamicTypeSolver@dc54576 : java.lang.Object
	at com.github.javaparser.resolution.TypeSolver.solveType(TypeSolver.java:71)

18456      ERROR Test worker     d.u.i.k.n.b.TacletPBuilder Error in parsing taclet. de.uka.ilkd.key.util.parsing.BuildingException: Unsolved symbol in de.uka.ilkd.key.java.JavaParserFactory$DynamicTypeSolver@dc54576 : java.lang.Object at file:/home/runner/work/key/key/key.core/build/resources/main/de/uka/ilkd/key/proof/rules/adtProgramDecompositionRules.key:107:15
	at de.uka.ilkd.key.nparser.builder.AbstractBuilder.accept(AbstractBuilder.java:54)
Caused by: com.github.javaparser.resolution.UnsolvedSymbolException: Unsolved symbol in de.uka.ilkd.key.java.JavaParserFactory$DynamicTypeSolver@dc54576 : java.lang.Object
	at com.github.javaparser.resolution.TypeSolver.solveType(TypeSolver.java:71)

18456      ERROR Test worker     d.u.i.k.n.b.TacletPBuilder Override: #v (program Variable) #v (program Variable) 
18456      ERROR Test worker     d.u.i.k.n.b.TacletPBuilder Override: #a (program Variable) #a (program Variable) 
18456      ERROR Test worker     d.u.i.k.n.b.TacletPBuilder Override: post (formula) post (formula) 
18458      ERROR Test worker     d.u.i.k.n.b.AbstractBuilder  com.github.javaparser.resolution.UnsolvedSymbolException: Unsolved symbol in de.uka.ilkd.key.java.JavaParserFactory$DynamicTypeSolver@dc54576 : java.lang.Object
	at com.github.javaparser.resolution.TypeSolver.solveType(TypeSolver.java:71)

18458      ERROR Test worker     d.u.i.k.n.b.TacletPBuilder Error in parsing taclet. de.uka.ilkd.key.util.parsing.BuildingException: Unsolved symbol in de.uka.ilkd.key.java.JavaParserFactory$DynamicTypeSolver@dc54576 : java.lang.Object at file:/home/runner/work/key/key/key.core/build/resources/main/de/uka/ilkd/key/proof/rules/adtProgramDecompositionRules.key:119:15
	at de.uka.ilkd.key.nparser.builder.AbstractBuilder.accept(AbstractBuilder.java:54)
Caused by: com.github.javaparser.resolution.UnsolvedSymbolException: Unsolved symbol in de.uka.ilkd.key.java.JavaParserFactory$DynamicTypeSolver@dc54576 : java.lang.Object
	at com.github.javaparser.resolution.TypeSolver.solveType(TypeSolver.java:71)

18458      ERROR Test worker     d.u.i.k.n.b.TacletPBuilder Override: #v (program Variable) #v (program Variable) 
18458      ERROR Test worker     d.u.i.k.n.b.TacletPBuilder Override: #vObjNew (program Variable) #vObjNew (program Variable) 
18458      ERROR Test worker     d.u.i.k.n.b.TacletPBuilder Override: #nseObj (program NonSimpleExpression) #nseObj (program NonSimpleExpression) 
18458      ERROR Test worker     d.u.i.k.n.b.TacletPBuilder Override: post (formula) post (formula) 
18460      ERROR Test worker     d.u.i.k.n.b.AbstractBuilder  com.github.javaparser.resolution.UnsolvedSymbolException: Unsolved symbol in de.uka.ilkd.key.java.JavaParserFactory$DynamicTypeSolver@dc54576 : java.lang.Object
	at com.github.javaparser.resolution.TypeSolver.solveType(TypeSolver.java:71)

18460      ERROR Test worker     d.u.i.k.n.b.TacletPBuilder Error in parsing taclet. de.uka.ilkd.key.util.parsing.BuildingException: Unsolved symbol in de.uka.ilkd.key.java.JavaParserFactory$DynamicTypeSolver@dc54576 : java.lang.Object at file:/home/runner/work/key/key/key.core/build/resources/main/de/uka/ilkd/key/proof/rules/adtProgramDecompositionRules.key:131:15
	at de.uka.ilkd.key.nparser.builder.AbstractBuilder.accept(AbstractBuilder.java:54)
Caused by: com.github.javaparser.resolution.UnsolvedSymbolException: Unsolved symbol in de.uka.ilkd.key.java.JavaParserFactory$DynamicTypeSolver@dc54576 : java.lang.Object
	at com.github.javaparser.resolution.TypeSolver.solveType(TypeSolver.java:71)

18460      ERROR Test worker     d.u.i.k.n.b.TacletPBuilder Override: #v (program Variable) #v (program Variable) 
18460      ERROR Test worker     d.u.i.k.n.b.TacletPBuilder Override: #vLeftNew (program Variable) #vLeftNew (program Variable) 
18460      ERROR Test worker     d.u.i.k.n.b.TacletPBuilder Override: #nseLeft (program NonSimpleExpression) #nseLeft (program NonSimpleExpression) 
18460      ERROR Test worker     d.u.i.k.n.b.TacletPBuilder Override: #eRight (program Expression) #eRight (program Expression) 
18460      ERROR Test worker     d.u.i.k.n.b.TacletPBuilder Override: post (formula) post (formula) 
18462      ERROR Test worker     d.u.i.k.n.b.AbstractBuilder  com.github.javaparser.resolution.UnsolvedSymbolException: Unsolved symbol in de.uka.ilkd.key.java.JavaParserFactory$DynamicTypeSolver@dc54576 : java.lang.Object
	at com.github.javaparser.resolution.TypeSolver.solveType(TypeSolver.java:71)

18462      ERROR Test worker     d.u.i.k.n.b.TacletPBuilder Error in parsing taclet. de.uka.ilkd.key.util.parsing.BuildingException: Unsolved symbol in de.uka.ilkd.key.java.JavaParserFactory$DynamicTypeSolver@dc54576 : java.lang.Object at file:/home/runner/work/key/key/key.core/build/resources/main/de/uka/ilkd/key/proof/rules/adtProgramDecompositionRules.key:150:15
	at de.uka.ilkd.key.nparser.builder.AbstractBuilder.accept(AbstractBuilder.java:54)
Caused by: com.github.javaparser.resolution.UnsolvedSymbolException: Unsolved symbol in de.uka.ilkd.key.java.JavaParserFactory$DynamicTypeSolver@dc54576 : java.lang.Object
	at com.github.javaparser.resolution.TypeSolver.solveType(TypeSolver.java:71)

18462      ERROR Test worker     d.u.i.k.n.b.TacletPBuilder Override: #v (program Variable) #v (program Variable) 
18462      ERROR Test worker     d.u.i.k.n.b.TacletPBuilder Override: #vRightNew (program Variable) #vRightNew (program Variable) 
18462      ERROR Test worker     d.u.i.k.n.b.TacletPBuilder Override: #seLeft (program SimpleExpression) #seLeft (program SimpleExpression) 
18462      ERROR Test worker     d.u.i.k.n.b.TacletPBuilder Override: #nseRight (program NonSimpleExpression) #nseRight (program NonSimpleExpression) 
18462      ERROR Test worker     d.u.i.k.n.b.TacletPBuilder Override: post (formula) post (formula) 
18464      ERROR Test worker     d.u.i.k.n.b.AbstractBuilder  com.github.javaparser.resolution.UnsolvedSymbolException: Unsolved symbol in de.uka.ilkd.key.java.JavaParserFactory$DynamicTypeSolver@dc54576 : java.lang.Object
	at com.github.javaparser.resolution.TypeSolver.solveType(TypeSolver.java:71)

18464      ERROR Test worker     d.u.i.k.n.b.TacletPBuilder Error in parsing taclet. de.uka.ilkd.key.util.parsing.BuildingException: Unsolved symbol in de.uka.ilkd.key.java.JavaParserFactory$DynamicTypeSolver@dc54576 : java.lang.Object at file:/home/runner/work/key/key/key.core/build/resources/main/de/uka/ilkd/key/proof/rules/adtProgramDecompositionRules.key:163:15
	at de.uka.ilkd.key.nparser.builder.AbstractBuilder.accept(AbstractBuilder.java:54)
Caused by: com.github.javaparser.resolution.UnsolvedSymbolException: Unsolved symbol in de.uka.ilkd.key.java.JavaParserFactory$DynamicTypeSolver@dc54576 : java.lang.Object
	at com.github.javaparser.resolution.TypeSolver.solveType(TypeSolver.java:71)

18464      ERROR Test worker     d.u.i.k.n.b.TacletPBuilder Override: #v (program Variable) #v (program Variable) 
18464      ERROR Test worker     d.u.i.k.n.b.TacletPBuilder Override: #vLeftNew (program Variable) #vLeftNew (program Variable) 
18464      ERROR Test worker     d.u.i.k.n.b.TacletPBuilder Override: #nseLeft (program NonSimpleExpression) #nseLeft (program NonSimpleExpression) 
18464      ERROR Test worker     d.u.i.k.n.b.TacletPBuilder Override: #eRight (program Expression) #eRight (program Expression) 
18464      ERROR Test worker     d.u.i.k.n.b.TacletPBuilder Override: post (formula) post (formula) 
18466      ERROR Test worker     d.u.i.k.n.b.AbstractBuilder  com.github.javaparser.resolution.UnsolvedSymbolException: Unsolved symbol in de.uka.ilkd.key.java.JavaParserFactory$DynamicTypeSolver@dc54576 : java.lang.Object
	at com.github.javaparser.resolution.TypeSolver.solveType(TypeSolver.java:71)

18466      ERROR Test worker     d.u.i.k.n.b.TacletPBuilder Error in parsing taclet. de.uka.ilkd.key.util.parsing.BuildingException: Unsolved symbol in de.uka.ilkd.key.java.JavaParserFactory$DynamicTypeSolver@dc54576 : java.lang.Object at file:/home/runner/work/key/key/key.core/build/resources/main/de/uka/ilkd/key/proof/rules/adtProgramDecompositionRules.key:176:15
	at de.uka.ilkd.key.nparser.builder.AbstractBuilder.accept(AbstractBuilder.java:54)
Caused by: com.github.javaparser.resolution.UnsolvedSymbolException: Unsolved symbol in de.uka.ilkd.key.java.JavaParserFactory$DynamicTypeSolver@dc54576 : java.lang.Object
	at com.github.javaparser.resolution.TypeSolver.solveType(TypeSolver.java:71)

18466      ERROR Test worker     d.u.i.k.n.b.TacletPBuilder Override: #v (program Variable) #v (program Variable) 
18466      ERROR Test worker     d.u.i.k.n.b.TacletPBuilder Override: #vRightNew (program Variable) #vRightNew (program Variable) 
18466      ERROR Test worker     d.u.i.k.n.b.TacletPBuilder Override: #seLeft (program SimpleExpression) #seLeft (program SimpleExpression) 
18466      ERROR Test worker     d.u.i.k.n.b.TacletPBuilder Override: #nseRight (program NonSimpleExpression) #nseRight (program NonSimpleExpression) 
18466      ERROR Test worker     d.u.i.k.n.b.TacletPBuilder Override: post (formula) post (formula) 
18468      ERROR Test worker     d.u.i.k.n.b.AbstractBuilder  com.github.javaparser.resolution.UnsolvedSymbolException: Unsolved symbol in de.uka.ilkd.key.java.JavaParserFactory$DynamicTypeSolver@dc54576 : java.lang.Object
	at com.github.javaparser.resolution.TypeSolver.solveType(TypeSolver.java:71)

18468      ERROR Test worker     d.u.i.k.n.b.TacletPBuilder Error in parsing taclet. de.uka.ilkd.key.util.parsing.BuildingException: Unsolved symbol in de.uka.ilkd.key.java.JavaParserFactory$DynamicTypeSolver@dc54576 : java.lang.Object at file:/home/runner/work/key/key/key.core/build/resources/main/de/uka/ilkd/key/proof/rules/adtProgramDecompositionRules.key:189:15
	at de.uka.ilkd.key.nparser.builder.AbstractBuilder.accept(AbstractBuilder.java:54)
Caused by: com.github.javaparser.resolution.UnsolvedSymbolException: Unsolved symbol in de.uka.ilkd.key.java.JavaParserFactory$DynamicTypeSolver@dc54576 : java.lang.Object
	at com.github.javaparser.resolution.TypeSolver.solveType(TypeSolver.java:71)

18468      ERROR Test worker     d.u.i.k.n.b.TacletPBuilder Override: #v (program Variable) #v (program Variable) 
18468      ERROR Test worker     d.u.i.k.n.b.TacletPBuilder Override: #vLeftNew (program Variable) #vLeftNew (program Variable) 
18468      ERROR Test worker     d.u.i.k.n.b.TacletPBuilder Override: #nseLeft (program NonSimpleExpression) #nseLeft (program NonSimpleExpression) 
18468      ERROR Test worker     d.u.i.k.n.b.TacletPBuilder Override: #eRight (program Expression) #eRight (program Expression) 
18468      ERROR Test worker     d.u.i.k.n.b.TacletPBuilder Override: post (formula) post (formula) 
18470      ERROR Test worker     d.u.i.k.n.b.AbstractBuilder  com.github.javaparser.resolution.UnsolvedSymbolException: Unsolved symbol in de.uka.ilkd.key.java.JavaParserFactory$DynamicTypeSolver@dc54576 : java.lang.Object
	at com.github.javaparser.resolution.TypeSolver.solveType(TypeSolver.java:71)

18470      ERROR Test worker     d.u.i.k.n.b.TacletPBuilder Error in parsing taclet. de.uka.ilkd.key.util.parsing.BuildingException: Unsolved symbol in de.uka.ilkd.key.java.JavaParserFactory$DynamicTypeSolver@dc54576 : java.lang.Object at file:/home/runner/work/key/key/key.core/build/resources/main/de/uka/ilkd/key/proof/rules/adtProgramDecompositionRules.key:202:15
	at de.uka.ilkd.key.nparser.builder.AbstractBuilder.accept(AbstractBuilder.java:54)
Caused by: com.github.javaparser.resolution.UnsolvedSymbolException: Unsolved symbol in de.uka.ilkd.key.java.JavaParserFactory$DynamicTypeSolver@dc54576 : java.lang.Object
	at com.github.javaparser.resolution.TypeSolver.solveType(TypeSolver.java:71)

18470      ERROR Test worker     d.u.i.k.n.b.TacletPBuilder Override: #v (program Variable) #v (program Variable) 
18470      ERROR Test worker     d.u.i.k.n.b.TacletPBuilder Override: #vRightNew (program Variable) #vRightNew (program Variable) 
18470      ERROR Test worker     d.u.i.k.n.b.TacletPBuilder Override: #seLeft (program SimpleExpression) #seLeft (program SimpleExpression) 
18470      ERROR Test worker     d.u.i.k.n.b.TacletPBuilder Override: #nseRight (program NonSimpleExpression) #nseRight (program NonSimpleExpression) 
18470      ERROR Test worker     d.u.i.k.n.b.TacletPBuilder Override: post (formula) post (formula) 
18472      ERROR Test worker     d.u.i.k.n.b.AbstractBuilder  com.github.javaparser.resolution.UnsolvedSymbolException: Unsolved symbol in de.uka.ilkd.key.java.JavaParserFactory$DynamicTypeSolver@dc54576 : java.lang.Object
	at com.github.javaparser.resolution.TypeSolver.solveType(TypeSolver.java:71)

18472      ERROR Test worker     d.u.i.k.n.b.TacletPBuilder Error in parsing taclet. de.uka.ilkd.key.util.parsing.BuildingException: Unsolved symbol in de.uka.ilkd.key.java.JavaParserFactory$DynamicTypeSolver@dc54576 : java.lang.Object at file:/home/runner/work/key/key/key.core/build/resources/main/de/uka/ilkd/key/proof/rules/adtProgramDecompositionRules.key:215:15
	at de.uka.ilkd.key.nparser.builder.AbstractBuilder.accept(AbstractBuilder.java:54)
Caused by: com.github.javaparser.resolution.UnsolvedSymbolException: Unsolved symbol in de.uka.ilkd.key.java.JavaParserFactory$DynamicTypeSolver@dc54576 : java.lang.Object
	at com.github.javaparser.resolution.TypeSolver.solveType(TypeSolver.java:71)

18472      ERROR Test worker     d.u.i.k.n.b.TacletPBuilder Override: #v (program Variable) #v (program Variable) 
18472      ERROR Test worker     d.u.i.k.n.b.TacletPBuilder Override: #vLeftNew (program Variable) #vLeftNew (program Variable) 
18472      ERROR Test worker     d.u.i.k.n.b.TacletPBuilder Override: #nseLeft (program NonSimpleExpression) #nseLeft (program NonSimpleExpression) 
18472      ERROR Test worker     d.u.i.k.n.b.TacletPBuilder Override: #eRight (program Expression) #eRight (program Expression) 
18472      ERROR Test worker     d.u.i.k.n.b.TacletPBuilder Override: post (formula) post (formula) 
18473      ERROR Test worker     d.u.i.k.n.b.AbstractBuilder  com.github.javaparser.resolution.UnsolvedSymbolException: Unsolved symbol in de.uka.ilkd.key.java.JavaParserFactory$DynamicTypeSolver@dc54576 : java.lang.Object
	at com.github.javaparser.resolution.TypeSolver.solveType(TypeSolver.java:71)

18474      ERROR Test worker     d.u.i.k.n.b.TacletPBuilder Error in parsing taclet. de.uka.ilkd.key.util.parsing.BuildingException: Unsolved symbol in de.uka.ilkd.key.java.JavaParserFactory$DynamicTypeSolver@dc54576 : java.lang.Object at file:/home/runner/work/key/key/key.core/build/resources/main/de/uka/ilkd/key/proof/rules/adtProgramDecompositionRules.key:228:15
	at de.uka.ilkd.key.nparser.builder.AbstractBuilder.accept(AbstractBuilder.java:54)
Caused by: com.github.javaparser.resolution.UnsolvedSymbolException: Unsolved symbol in de.uka.ilkd.key.java.JavaParserFactory$DynamicTypeSolver@dc54576 : java.lang.Object
	at com.github.javaparser.resolution.TypeSolver.solveType(TypeSolver.java:71)

18474      ERROR Test worker     d.u.i.k.n.b.TacletPBuilder Override: #v (program Variable) #v (program Variable) 
18474      ERROR Test worker     d.u.i.k.n.b.TacletPBuilder Override: #seLeft (program SimpleExpression) #seLeft (program SimpleExpression) 
18474      ERROR Test worker     d.u.i.k.n.b.TacletPBuilder Override: #eRight (program Expression) #eRight (program Expression) 
18474      ERROR Test worker     d.u.i.k.n.b.TacletPBuilder Override: post (formula) post (formula) 
18475      ERROR Test worker     d.u.i.k.n.b.AbstractBuilder  com.github.javaparser.resolution.UnsolvedSymbolException: Unsolved symbol in de.uka.ilkd.key.java.JavaParserFactory$DynamicTypeSolver@dc54576 : java.lang.Object
	at com.github.javaparser.resolution.TypeSolver.solveType(TypeSolver.java:71)

18476      ERROR Test worker     d.u.i.k.n.b.TacletPBuilder Error in parsing taclet. de.uka.ilkd.key.util.parsing.BuildingException: Unsolved symbol in de.uka.ilkd.key.java.JavaParserFactory$DynamicTypeSolver@dc54576 : java.lang.Object at file:/home/runner/work/key/key/key.core/build/resources/main/de/uka/ilkd/key/proof/rules/adtProgramDecompositionRules.key:243:15
	at de.uka.ilkd.key.nparser.builder.AbstractBuilder.accept(AbstractBuilder.java:54)
Caused by: com.github.javaparser.resolution.UnsolvedSymbolException: Unsolved symbol in de.uka.ilkd.key.java.JavaParserFactory$DynamicTypeSolver@dc54576 : java.lang.Object
	at com.github.javaparser.resolution.TypeSolver.solveType(TypeSolver.java:71)

18476      ERROR Test worker     d.u.i.k.n.b.TacletPBuilder Override: #v (program Variable) #v (program Variable) 
18476      ERROR Test worker     d.u.i.k.n.b.TacletPBuilder Override: #vRightNew (program Variable) #vRightNew (program Variable) 
18476      ERROR Test worker     d.u.i.k.n.b.TacletPBuilder Override: #seLeft (program SimpleExpression) #seLeft (program SimpleExpression) 
18476      ERROR Test worker     d.u.i.k.n.b.TacletPBuilder Override: #nseRight (program NonSimpleExpression) #nseRight (program NonSimpleExpression) 
18476      ERROR Test worker     d.u.i.k.n.b.TacletPBuilder Override: post (formula) post (formula) 
18477      ERROR Test worker     d.u.i.k.n.b.AbstractBuilder  com.github.javaparser.resolution.UnsolvedSymbolException: Unsolved symbol in de.uka.ilkd.key.java.JavaParserFactory$DynamicTypeSolver@dc54576 : java.lang.Object
	at com.github.javaparser.resolution.TypeSolver.solveType(TypeSolver.java:71)

18478      ERROR Test worker     d.u.i.k.n.b.TacletPBuilder Error in parsing taclet. de.uka.ilkd.key.util.parsing.BuildingException: Unsolved symbol in de.uka.ilkd.key.java.JavaParserFactory$DynamicTypeSolver@dc54576 : java.lang.Object at file:/home/runner/work/key/key/key.core/build/resources/main/de/uka/ilkd/key/proof/rules/adtProgramDecompositionRules.key:256:15
	at de.uka.ilkd.key.nparser.builder.AbstractBuilder.accept(AbstractBuilder.java:54)
Caused by: com.github.javaparser.resolution.UnsolvedSymbolException: Unsolved symbol in de.uka.ilkd.key.java.JavaParserFactory$DynamicTypeSolver@dc54576 : java.lang.Object
	at com.github.javaparser.resolution.TypeSolver.solveType(TypeSolver.java:71)

18478      ERROR Test worker     d.u.i.k.n.b.TacletPBuilder Override: #v (program Variable) #v (program Variable) 
18478      ERROR Test worker     d.u.i.k.n.b.TacletPBuilder Override: post (formula) post (formula) 
18479      ERROR Test worker     d.u.i.k.n.b.AbstractBuilder  com.github.javaparser.resolution.UnsolvedSymbolException: Unsolved symbol in de.uka.ilkd.key.java.JavaParserFactory$DynamicTypeSolver@dc54576 : java.lang.Object
	at com.github.javaparser.resolution.TypeSolver.solveType(TypeSolver.java:71)

18479      ERROR Test worker     d.u.i.k.n.b.TacletPBuilder Error in parsing taclet. de.uka.ilkd.key.util.parsing.BuildingException: Unsolved symbol in de.uka.ilkd.key.java.JavaParserFactory$DynamicTypeSolver@dc54576 : java.lang.Object at file:/home/runner/work/key/key/key.core/build/resources/main/de/uka/ilkd/key/proof/rules/adtProgramDecompositionRules.key:268:15
	at de.uka.ilkd.key.nparser.builder.AbstractBuilder.accept(AbstractBuilder.java:54)
Caused by: com.github.javaparser.resolution.UnsolvedSymbolException: Unsolved symbol in de.uka.ilkd.key.java.JavaParserFactory$DynamicTypeSolver@dc54576 : java.lang.Object
	at com.github.javaparser.resolution.TypeSolver.solveType(TypeSolver.java:71)

18480      ERROR Test worker     d.u.i.k.n.b.TacletPBuilder Override: #v (program Variable) #v (program Variable) 
18480      ERROR Test worker     d.u.i.k.n.b.TacletPBuilder Override: #vNew (program Variable) #vNew (program Variable) 
18480      ERROR Test worker     d.u.i.k.n.b.TacletPBuilder Override: #nse (program NonSimpleExpression) #nse (program NonSimpleExpression) 
18480      ERROR Test worker     d.u.i.k.n.b.TacletPBuilder Override: post (formula) post (formula) 
18481      ERROR Test worker     d.u.i.k.n.b.AbstractBuilder  com.github.javaparser.resolution.UnsolvedSymbolException: Unsolved symbol in de.uka.ilkd.key.java.JavaParserFactory$DynamicTypeSolver@dc54576 : java.lang.Object
	at com.github.javaparser.resolution.TypeSolver.solveType(TypeSolver.java:71)

18481      ERROR Test worker     d.u.i.k.n.b.TacletPBuilder Error in parsing taclet. de.uka.ilkd.key.util.parsing.BuildingException: Unsolved symbol in de.uka.ilkd.key.java.JavaParserFactory$DynamicTypeSolver@dc54576 : java.lang.Object at file:/home/runner/work/key/key/key.core/build/resources/main/de/uka/ilkd/key/proof/rules/adtProgramDecompositionRules.key:281:15
	at de.uka.ilkd.key.nparser.builder.AbstractBuilder.accept(AbstractBuilder.java:54)
Caused by: com.github.javaparser.resolution.UnsolvedSymbolException: Unsolved symbol in de.uka.ilkd.key.java.JavaParserFactory$DynamicTypeSolver@dc54576 : java.lang.Object
	at com.github.javaparser.resolution.TypeSolver.solveType(TypeSolver.java:71)

18482      ERROR Test worker     d.u.i.k.n.b.TacletPBuilder Override: #v (program Variable) #v (program Variable) 
18482      ERROR Test worker     d.u.i.k.n.b.TacletPBuilder Override: #vNew (program Variable) #vNew (program Variable) 
18482      ERROR Test worker     d.u.i.k.n.b.TacletPBuilder Override: #nse (program NonSimpleExpression) #nse (program NonSimpleExpression) 
18482      ERROR Test worker     d.u.i.k.n.b.TacletPBuilder Override: post (formula) post (formula) 
18483      ERROR Test worker     d.u.i.k.n.b.AbstractBuilder  com.github.javaparser.resolution.UnsolvedSymbolException: Unsolved symbol in de.uka.ilkd.key.java.JavaParserFactory$DynamicTypeSolver@dc54576 : java.lang.Object
	at com.github.javaparser.resolution.TypeSolver.solveType(TypeSolver.java:71)

18483      ERROR Test worker     d.u.i.k.n.b.TacletPBuilder Error in parsing taclet. de.uka.ilkd.key.util.parsing.BuildingException: Unsolved symbol in de.uka.ilkd.key.java.JavaParserFactory$DynamicTypeSolver@dc54576 : java.lang.Object at file:/home/runner/work/key/key/key.core/build/resources/main/de/uka/ilkd/key/proof/rules/adtProgramDecompositionRules.key:294:15
	at de.uka.ilkd.key.nparser.builder.AbstractBuilder.accept(AbstractBuilder.java:54)
Caused by: com.github.javaparser.resolution.UnsolvedSymbolException: Unsolved symbol in de.uka.ilkd.key.java.JavaParserFactory$DynamicTypeSolver@dc54576 : java.lang.Object
	at com.github.javaparser.resolution.TypeSolver.solveType(TypeSolver.java:71)

18662      ERROR Test worker     d.u.i.k.n.b.AbstractBuilder  com.github.javaparser.resolution.UnsolvedSymbolException: Unsolved symbol in de.uka.ilkd.key.java.JavaParserFactory$DynamicTypeSolver@dc54576 : java.lang.Object
	at com.github.javaparser.resolution.TypeSolver.solveType(TypeSolver.java:71)

18662      ERROR Test worker     d.u.i.k.n.b.TacletPBuilder Error in parsing taclet. de.uka.ilkd.key.util.parsing.BuildingException: Unsolved symbol in de.uka.ilkd.key.java.JavaParserFactory$DynamicTypeSolver@dc54576 : java.lang.Object at file:/home/runner/work/key/key/key.core/build/resources/main/de/uka/ilkd/key/proof/rules/forLoopRules.key:12:15
	at de.uka.ilkd.key.nparser.builder.AbstractBuilder.accept(AbstractBuilder.java:54)
Caused by: com.github.javaparser.resolution.UnsolvedSymbolException: Unsolved symbol in de.uka.ilkd.key.java.JavaParserFactory$DynamicTypeSolver@dc54576 : java.lang.Object
	at com.github.javaparser.resolution.TypeSolver.solveType(TypeSolver.java:71)

18670      ERROR Test worker     d.u.i.k.n.b.AbstractBuilder  com.github.javaparser.resolution.UnsolvedSymbolException: Unsolved symbol in de.uka.ilkd.key.java.JavaParserFactory$DynamicTypeSolver@dc54576 : java.lang.Object
	at com.github.javaparser.resolution.TypeSolver.solveType(TypeSolver.java:71)

18670      ERROR Test worker     d.u.i.k.n.b.TacletPBuilder Error in parsing taclet. de.uka.ilkd.key.util.parsing.BuildingException: Unsolved symbol in de.uka.ilkd.key.java.JavaParserFactory$DynamicTypeSolver@dc54576 : java.lang.Object at file:/home/runner/work/key/key/key.core/build/resources/main/de/uka/ilkd/key/proof/rules/execRules.key:26:13
	at de.uka.ilkd.key.nparser.builder.AbstractBuilder.accept(AbstractBuilder.java:54)
Caused by: com.github.javaparser.resolution.UnsolvedSymbolException: Unsolved symbol in de.uka.ilkd.key.java.JavaParserFactory$DynamicTypeSolver@dc54576 : java.lang.Object
	at com.github.javaparser.resolution.TypeSolver.solveType(TypeSolver.java:71)

18672      ERROR Test worker     d.u.i.k.n.b.AbstractBuilder  com.github.javaparser.resolution.UnsolvedSymbolException: Unsolved symbol in de.uka.ilkd.key.java.JavaParserFactory$DynamicTypeSolver@dc54576 : java.lang.Object
	at com.github.javaparser.resolution.TypeSolver.solveType(TypeSolver.java:71)

18672      ERROR Test worker     d.u.i.k.n.b.TacletPBuilder Error in parsing taclet. de.uka.ilkd.key.util.parsing.BuildingException: Unsolved symbol in de.uka.ilkd.key.java.JavaParserFactory$DynamicTypeSolver@dc54576 : java.lang.Object at file:/home/runner/work/key/key/key.core/build/resources/main/de/uka/ilkd/key/proof/rules/execRules.key:37:13
	at de.uka.ilkd.key.nparser.builder.AbstractBuilder.accept(AbstractBuilder.java:54)
Caused by: com.github.javaparser.resolution.UnsolvedSymbolException: Unsolved symbol in de.uka.ilkd.key.java.JavaParserFactory$DynamicTypeSolver@dc54576 : java.lang.Object
	at com.github.javaparser.resolution.TypeSolver.solveType(TypeSolver.java:71)

18673      ERROR Test worker     d.u.i.k.n.b.AbstractBuilder  com.github.javaparser.resolution.UnsolvedSymbolException: Unsolved symbol in de.uka.ilkd.key.java.JavaParserFactory$DynamicTypeSolver@dc54576 : java.lang.Object
	at com.github.javaparser.resolution.TypeSolver.solveType(TypeSolver.java:71)

18674      ERROR Test worker     d.u.i.k.n.b.TacletPBuilder Error in parsing taclet. de.uka.ilkd.key.util.parsing.BuildingException: Unsolved symbol in de.uka.ilkd.key.java.JavaParserFactory$DynamicTypeSolver@dc54576 : java.lang.Object at file:/home/runner/work/key/key/key.core/build/resources/main/de/uka/ilkd/key/proof/rules/execRules.key:50:13
	at de.uka.ilkd.key.nparser.builder.AbstractBuilder.accept(AbstractBuilder.java:54)
Caused by: com.github.javaparser.resolution.UnsolvedSymbolException: Unsolved symbol in de.uka.ilkd.key.java.JavaParserFactory$DynamicTypeSolver@dc54576 : java.lang.Object
	at com.github.javaparser.resolution.TypeSolver.solveType(TypeSolver.java:71)

18675      ERROR Test worker     d.u.i.k.n.b.AbstractBuilder  com.github.javaparser.resolution.UnsolvedSymbolException: Unsolved symbol in de.uka.ilkd.key.java.JavaParserFactory$DynamicTypeSolver@dc54576 : java.lang.Object
	at com.github.javaparser.resolution.TypeSolver.solveType(TypeSolver.java:71)

18675      ERROR Test worker     d.u.i.k.n.b.TacletPBuilder Error in parsing taclet. de.uka.ilkd.key.util.parsing.BuildingException: Unsolved symbol in de.uka.ilkd.key.java.JavaParserFactory$DynamicTypeSolver@dc54576 : java.lang.Object at file:/home/runner/work/key/key/key.core/build/resources/main/de/uka/ilkd/key/proof/rules/execRules.key:64:13
	at de.uka.ilkd.key.nparser.builder.AbstractBuilder.accept(AbstractBuilder.java:54)
Caused by: com.github.javaparser.resolution.UnsolvedSymbolException: Unsolved symbol in de.uka.ilkd.key.java.JavaParserFactory$DynamicTypeSolver@dc54576 : java.lang.Object
	at com.github.javaparser.resolution.TypeSolver.solveType(TypeSolver.java:71)

18677      ERROR Test worker     d.u.i.k.n.b.AbstractBuilder  com.github.javaparser.resolution.UnsolvedSymbolException: Unsolved symbol in de.uka.ilkd.key.java.JavaParserFactory$DynamicTypeSolver@dc54576 : java.lang.Object
	at com.github.javaparser.resolution.TypeSolver.solveType(TypeSolver.java:71)

18677      ERROR Test worker     d.u.i.k.n.b.TacletPBuilder Error in parsing taclet. de.uka.ilkd.key.util.parsing.BuildingException: Unsolved symbol in de.uka.ilkd.key.java.JavaParserFactory$DynamicTypeSolver@dc54576 : java.lang.Object at file:/home/runner/work/key/key/key.core/build/resources/main/de/uka/ilkd/key/proof/rules/execRules.key:83:13
	at de.uka.ilkd.key.nparser.builder.AbstractBuilder.accept(AbstractBuilder.java:54)
Caused by: com.github.javaparser.resolution.UnsolvedSymbolException: Unsolved symbol in de.uka.ilkd.key.java.JavaParserFactory$DynamicTypeSolver@dc54576 : java.lang.Object
	at com.github.javaparser.resolution.TypeSolver.solveType(TypeSolver.java:71)

18679      ERROR Test worker     d.u.i.k.n.b.AbstractBuilder  com.github.javaparser.resolution.UnsolvedSymbolException: Unsolved symbol in de.uka.ilkd.key.java.JavaParserFactory$DynamicTypeSolver@dc54576 : java.lang.Object
	at com.github.javaparser.resolution.TypeSolver.solveType(TypeSolver.java:71)

18679      ERROR Test worker     d.u.i.k.n.b.TacletPBuilder Error in parsing taclet. de.uka.ilkd.key.util.parsing.BuildingException: Unsolved symbol in de.uka.ilkd.key.java.JavaParserFactory$DynamicTypeSolver@dc54576 : java.lang.Object at file:/home/runner/work/key/key/key.core/build/resources/main/de/uka/ilkd/key/proof/rules/execRules.key:97:13
	at de.uka.ilkd.key.nparser.builder.AbstractBuilder.accept(AbstractBuilder.java:54)
Caused by: com.github.javaparser.resolution.UnsolvedSymbolException: Unsolved symbol in de.uka.ilkd.key.java.JavaParserFactory$DynamicTypeSolver@dc54576 : java.lang.Object
	at com.github.javaparser.resolution.TypeSolver.solveType(TypeSolver.java:71)

18681      ERROR Test worker     d.u.i.k.n.b.AbstractBuilder  com.github.javaparser.resolution.UnsolvedSymbolException: Unsolved symbol in de.uka.ilkd.key.java.JavaParserFactory$DynamicTypeSolver@dc54576 : java.lang.Object
	at com.github.javaparser.resolution.TypeSolver.solveType(TypeSolver.java:71)

18681      ERROR Test worker     d.u.i.k.n.b.TacletPBuilder Error in parsing taclet. de.uka.ilkd.key.util.parsing.BuildingException: Unsolved symbol in de.uka.ilkd.key.java.JavaParserFactory$DynamicTypeSolver@dc54576 : java.lang.Object at file:/home/runner/work/key/key/key.core/build/resources/main/de/uka/ilkd/key/proof/rules/execRules.key:111:13
	at de.uka.ilkd.key.nparser.builder.AbstractBuilder.accept(AbstractBuilder.java:54)
Caused by: com.github.javaparser.resolution.UnsolvedSymbolException: Unsolved symbol in de.uka.ilkd.key.java.JavaParserFactory$DynamicTypeSolver@dc54576 : java.lang.Object
	at com.github.javaparser.resolution.TypeSolver.solveType(TypeSolver.java:71)

18683      ERROR Test worker     d.u.i.k.n.b.AbstractBuilder  com.github.javaparser.resolution.UnsolvedSymbolException: Unsolved symbol in de.uka.ilkd.key.java.JavaParserFactory$DynamicTypeSolver@dc54576 : java.lang.Object
	at com.github.javaparser.resolution.TypeSolver.solveType(TypeSolver.java:71)

18683      ERROR Test worker     d.u.i.k.n.b.TacletPBuilder Error in parsing taclet. de.uka.ilkd.key.util.parsing.BuildingException: Unsolved symbol in de.uka.ilkd.key.java.JavaParserFactory$DynamicTypeSolver@dc54576 : java.lang.Object at file:/home/runner/work/key/key/key.core/build/resources/main/de/uka/ilkd/key/proof/rules/execRules.key:125:13
	at de.uka.ilkd.key.nparser.builder.AbstractBuilder.accept(AbstractBuilder.java:54)
Caused by: com.github.javaparser.resolution.UnsolvedSymbolException: Unsolved symbol in de.uka.ilkd.key.java.JavaParserFactory$DynamicTypeSolver@dc54576 : java.lang.Object
	at com.github.javaparser.resolution.TypeSolver.solveType(TypeSolver.java:71)

18684      ERROR Test worker     d.u.i.k.n.b.AbstractBuilder  com.github.javaparser.resolution.UnsolvedSymbolException: Unsolved symbol in de.uka.ilkd.key.java.JavaParserFactory$DynamicTypeSolver@dc54576 : java.lang.Object
	at com.github.javaparser.resolution.TypeSolver.solveType(TypeSolver.java:71)

18685      ERROR Test worker     d.u.i.k.n.b.TacletPBuilder Error in parsing taclet. de.uka.ilkd.key.util.parsing.BuildingException: Unsolved symbol in de.uka.ilkd.key.java.JavaParserFactory$DynamicTypeSolver@dc54576 : java.lang.Object at file:/home/runner/work/key/key/key.core/build/resources/main/de/uka/ilkd/key/proof/rules/execRules.key:139:13
	at de.uka.ilkd.key.nparser.builder.AbstractBuilder.accept(AbstractBuilder.java:54)
Caused by: com.github.javaparser.resolution.UnsolvedSymbolException: Unsolved symbol in de.uka.ilkd.key.java.JavaParserFactory$DynamicTypeSolver@dc54576 : java.lang.Object
	at com.github.javaparser.resolution.TypeSolver.solveType(TypeSolver.java:71)

18686      ERROR Test worker     d.u.i.k.n.b.AbstractBuilder  com.github.javaparser.resolution.UnsolvedSymbolException: Unsolved symbol in de.uka.ilkd.key.java.JavaParserFactory$DynamicTypeSolver@dc54576 : java.lang.Object
	at com.github.javaparser.resolution.TypeSolver.solveType(TypeSolver.java:71)

18687      ERROR Test worker     d.u.i.k.n.b.TacletPBuilder Error in parsing taclet. de.uka.ilkd.key.util.parsing.BuildingException: Unsolved symbol in de.uka.ilkd.key.java.JavaParserFactory$DynamicTypeSolver@dc54576 : java.lang.Object at file:/home/runner/work/key/key/key.core/build/resources/main/de/uka/ilkd/key/proof/rules/execRules.key:153:13
	at de.uka.ilkd.key.nparser.builder.AbstractBuilder.accept(AbstractBuilder.java:54)
Caused by: com.github.javaparser.resolution.UnsolvedSymbolException: Unsolved symbol in de.uka.ilkd.key.java.JavaParserFactory$DynamicTypeSolver@dc54576 : java.lang.Object
	at com.github.javaparser.resolution.TypeSolver.solveType(TypeSolver.java:71)

18688      ERROR Test worker     d.u.i.k.n.b.AbstractBuilder  com.github.javaparser.resolution.UnsolvedSymbolException: Unsolved symbol in de.uka.ilkd.key.java.JavaParserFactory$DynamicTypeSolver@dc54576 : java.lang.Object
	at com.github.javaparser.resolution.TypeSolver.solveType(TypeSolver.java:71)

18688      ERROR Test worker     d.u.i.k.n.b.TacletPBuilder Error in parsing taclet. de.uka.ilkd.key.util.parsing.BuildingException: Unsolved symbol in de.uka.ilkd.key.java.JavaParserFactory$DynamicTypeSolver@dc54576 : java.lang.Object at file:/home/runner/work/key/key/key.core/build/resources/main/de/uka/ilkd/key/proof/rules/execRules.key:170:15
	at de.uka.ilkd.key.nparser.builder.AbstractBuilder.accept(AbstractBuilder.java:54)
Caused by: com.github.javaparser.resolution.UnsolvedSymbolException: Unsolved symbol in de.uka.ilkd.key.java.JavaParserFactory$DynamicTypeSolver@dc54576 : java.lang.Object
	at com.github.javaparser.resolution.TypeSolver.solveType(TypeSolver.java:71)

18690      ERROR Test worker     d.u.i.k.n.b.AbstractBuilder  com.github.javaparser.resolution.UnsolvedSymbolException: Unsolved symbol in de.uka.ilkd.key.java.JavaParserFactory$DynamicTypeSolver@dc54576 : java.lang.Object
	at com.github.javaparser.resolution.TypeSolver.solveType(TypeSolver.java:71)

18690      ERROR Test worker     d.u.i.k.n.b.TacletPBuilder Error in parsing taclet. de.uka.ilkd.key.util.parsing.BuildingException: Unsolved symbol in de.uka.ilkd.key.java.JavaParserFactory$DynamicTypeSolver@dc54576 : java.lang.Object at file:/home/runner/work/key/key/key.core/build/resources/main/de/uka/ilkd/key/proof/rules/execRules.key:187:15
	at de.uka.ilkd.key.nparser.builder.AbstractBuilder.accept(AbstractBuilder.java:54)
Caused by: com.github.javaparser.resolution.UnsolvedSymbolException: Unsolved symbol in de.uka.ilkd.key.java.JavaParserFactory$DynamicTypeSolver@dc54576 : java.lang.Object
	at com.github.javaparser.resolution.TypeSolver.solveType(TypeSolver.java:71)

18692      ERROR Test worker     d.u.i.k.n.b.AbstractBuilder  com.github.javaparser.resolution.UnsolvedSymbolException: Unsolved symbol in de.uka.ilkd.key.java.JavaParserFactory$DynamicTypeSolver@dc54576 : java.lang.Object
	at com.github.javaparser.resolution.TypeSolver.solveType(TypeSolver.java:71)

18692      ERROR Test worker     d.u.i.k.n.b.TacletPBuilder Error in parsing taclet. de.uka.ilkd.key.util.parsing.BuildingException: Unsolved symbol in de.uka.ilkd.key.java.JavaParserFactory$DynamicTypeSolver@dc54576 : java.lang.Object at file:/home/runner/work/key/key/key.core/build/resources/main/de/uka/ilkd/key/proof/rules/execRules.key:218:15
	at de.uka.ilkd.key.nparser.builder.AbstractBuilder.accept(AbstractBuilder.java:54)
Caused by: com.github.javaparser.resolution.UnsolvedSymbolException: Unsolved symbol in de.uka.ilkd.key.java.JavaParserFactory$DynamicTypeSolver@dc54576 : java.lang.Object
	at com.github.javaparser.resolution.TypeSolver.solveType(TypeSolver.java:71)

18694      ERROR Test worker     d.u.i.k.n.b.AbstractBuilder  com.github.javaparser.resolution.UnsolvedSymbolException: Unsolved symbol in de.uka.ilkd.key.java.JavaParserFactory$DynamicTypeSolver@dc54576 : java.lang.Object
	at com.github.javaparser.resolution.TypeSolver.solveType(TypeSolver.java:71)

18694      ERROR Test worker     d.u.i.k.n.b.TacletPBuilder Error in parsing taclet. de.uka.ilkd.key.util.parsing.BuildingException: Unsolved symbol in de.uka.ilkd.key.java.JavaParserFactory$DynamicTypeSolver@dc54576 : java.lang.Object at file:/home/runner/work/key/key/key.core/build/resources/main/de/uka/ilkd/key/proof/rules/execRules.key:235:15
	at de.uka.ilkd.key.nparser.builder.AbstractBuilder.accept(AbstractBuilder.java:54)
Caused by: com.github.javaparser.resolution.UnsolvedSymbolException: Unsolved symbol in de.uka.ilkd.key.java.JavaParserFactory$DynamicTypeSolver@dc54576 : java.lang.Object
	at com.github.javaparser.resolution.TypeSolver.solveType(TypeSolver.java:71)

18695      ERROR Test worker     d.u.i.k.n.b.AbstractBuilder  com.github.javaparser.resolution.UnsolvedSymbolException: Unsolved symbol in de.uka.ilkd.key.java.JavaParserFactory$DynamicTypeSolver@dc54576 : java.lang.Object
	at com.github.javaparser.resolution.TypeSolver.solveType(TypeSolver.java:71)

18696      ERROR Test worker     d.u.i.k.n.b.TacletPBuilder Error in parsing taclet. de.uka.ilkd.key.util.parsing.BuildingException: Unsolved symbol in de.uka.ilkd.key.java.JavaParserFactory$DynamicTypeSolver@dc54576 : java.lang.Object at file:/home/runner/work/key/key/key.core/build/resources/main/de/uka/ilkd/key/proof/rules/execRules.key:252:15
	at de.uka.ilkd.key.nparser.builder.AbstractBuilder.accept(AbstractBuilder.java:54)
Caused by: com.github.javaparser.resolution.UnsolvedSymbolException: Unsolved symbol in de.uka.ilkd.key.java.JavaParserFactory$DynamicTypeSolver@dc54576 : java.lang.Object
	at com.github.javaparser.resolution.TypeSolver.solveType(TypeSolver.java:71)

18697      ERROR Test worker     d.u.i.k.n.b.AbstractBuilder  com.github.javaparser.resolution.UnsolvedSymbolException: Unsolved symbol in de.uka.ilkd.key.java.JavaParserFactory$DynamicTypeSolver@dc54576 : java.lang.Object
	at com.github.javaparser.resolution.TypeSolver.solveType(TypeSolver.java:71)

18698      ERROR Test worker     d.u.i.k.n.b.TacletPBuilder Error in parsing taclet. de.uka.ilkd.key.util.parsing.BuildingException: Unsolved symbol in de.uka.ilkd.key.java.JavaParserFactory$DynamicTypeSolver@dc54576 : java.lang.Object at file:/home/runner/work/key/key/key.core/build/resources/main/de/uka/ilkd/key/proof/rules/execRules.key:269:15
	at de.uka.ilkd.key.nparser.builder.AbstractBuilder.accept(AbstractBuilder.java:54)
Caused by: com.github.javaparser.resolution.UnsolvedSymbolException: Unsolved symbol in de.uka.ilkd.key.java.JavaParserFactory$DynamicTypeSolver@dc54576 : java.lang.Object
	at com.github.javaparser.resolution.TypeSolver.solveType(TypeSolver.java:71)

18699      ERROR Test worker     d.u.i.k.n.b.AbstractBuilder  com.github.javaparser.resolution.UnsolvedSymbolException: Unsolved symbol in de.uka.ilkd.key.java.JavaParserFactory$DynamicTypeSolver@dc54576 : java.lang.Object
	at com.github.javaparser.resolution.TypeSolver.solveType(TypeSolver.java:71)

18699      ERROR Test worker     d.u.i.k.n.b.TacletPBuilder Error in parsing taclet. de.uka.ilkd.key.util.parsing.BuildingException: Unsolved symbol in de.uka.ilkd.key.java.JavaParserFactory$DynamicTypeSolver@dc54576 : java.lang.Object at file:/home/runner/work/key/key/key.core/build/resources/main/de/uka/ilkd/key/proof/rules/execRules.key:286:15
	at de.uka.ilkd.key.nparser.builder.AbstractBuilder.accept(AbstractBuilder.java:54)
Caused by: com.github.javaparser.resolution.UnsolvedSymbolException: Unsolved symbol in de.uka.ilkd.key.java.JavaParserFactory$DynamicTypeSolver@dc54576 : java.lang.Object
	at com.github.javaparser.resolution.TypeSolver.solveType(TypeSolver.java:71)

18701      ERROR Test worker     d.u.i.k.n.b.AbstractBuilder  com.github.javaparser.resolution.UnsolvedSymbolException: Unsolved symbol in de.uka.ilkd.key.java.JavaParserFactory$DynamicTypeSolver@dc54576 : java.lang.Object
	at com.github.javaparser.resolution.TypeSolver.solveType(TypeSolver.java:71)

18701      ERROR Test worker     d.u.i.k.n.b.TacletPBuilder Error in parsing taclet. de.uka.ilkd.key.util.parsing.BuildingException: Unsolved symbol in de.uka.ilkd.key.java.JavaParserFactory$DynamicTypeSolver@dc54576 : java.lang.Object at file:/home/runner/work/key/key/key.core/build/resources/main/de/uka/ilkd/key/proof/rules/execRules.key:303:15
	at de.uka.ilkd.key.nparser.builder.AbstractBuilder.accept(AbstractBuilder.java:54)
Caused by: com.github.javaparser.resolution.UnsolvedSymbolException: Unsolved symbol in de.uka.ilkd.key.java.JavaParserFactory$DynamicTypeSolver@dc54576 : java.lang.Object
	at com.github.javaparser.resolution.TypeSolver.solveType(TypeSolver.java:71)

18703      ERROR Test worker     d.u.i.k.n.b.AbstractBuilder  com.github.javaparser.resolution.UnsolvedSymbolException: Unsolved symbol in de.uka.ilkd.key.java.JavaParserFactory$DynamicTypeSolver@dc54576 : java.lang.Object
	at com.github.javaparser.resolution.TypeSolver.solveType(TypeSolver.java:71)

18703      ERROR Test worker     d.u.i.k.n.b.TacletPBuilder Error in parsing taclet. de.uka.ilkd.key.util.parsing.BuildingException: Unsolved symbol in de.uka.ilkd.key.java.JavaParserFactory$DynamicTypeSolver@dc54576 : java.lang.Object at file:/home/runner/work/key/key/key.core/build/resources/main/de/uka/ilkd/key/proof/rules/execRules.key:320:15
	at de.uka.ilkd.key.nparser.builder.AbstractBuilder.accept(AbstractBuilder.java:54)
Caused by: com.github.javaparser.resolution.UnsolvedSymbolException: Unsolved symbol in de.uka.ilkd.key.java.JavaParserFactory$DynamicTypeSolver@dc54576 : java.lang.Object
	at com.github.javaparser.resolution.TypeSolver.solveType(TypeSolver.java:71)

18705      ERROR Test worker     d.u.i.k.n.b.AbstractBuilder  com.github.javaparser.resolution.UnsolvedSymbolException: Unsolved symbol in de.uka.ilkd.key.java.JavaParserFactory$DynamicTypeSolver@dc54576 : java.lang.Object
	at com.github.javaparser.resolution.TypeSolver.solveType(TypeSolver.java:71)

18705      ERROR Test worker     d.u.i.k.n.b.TacletPBuilder Error in parsing taclet. de.uka.ilkd.key.util.parsing.BuildingException: Unsolved symbol in de.uka.ilkd.key.java.JavaParserFactory$DynamicTypeSolver@dc54576 : java.lang.Object at file:/home/runner/work/key/key/key.core/build/resources/main/de/uka/ilkd/key/proof/rules/execRules.key:337:15
	at de.uka.ilkd.key.nparser.builder.AbstractBuilder.accept(AbstractBuilder.java:54)
Caused by: com.github.javaparser.resolution.UnsolvedSymbolException: Unsolved symbol in de.uka.ilkd.key.java.JavaParserFactory$DynamicTypeSolver@dc54576 : java.lang.Object
	at com.github.javaparser.resolution.TypeSolver.solveType(TypeSolver.java:71)

18707      ERROR Test worker     d.u.i.k.n.b.AbstractBuilder  com.github.javaparser.resolution.UnsolvedSymbolException: Unsolved symbol in de.uka.ilkd.key.java.JavaParserFactory$DynamicTypeSolver@dc54576 : java.lang.Object
	at com.github.javaparser.resolution.TypeSolver.solveType(TypeSolver.java:71)

18707      ERROR Test worker     d.u.i.k.n.b.TacletPBuilder Error in parsing taclet. de.uka.ilkd.key.util.parsing.BuildingException: Unsolved symbol in de.uka.ilkd.key.java.JavaParserFactory$DynamicTypeSolver@dc54576 : java.lang.Object at file:/home/runner/work/key/key/key.core/build/resources/main/de/uka/ilkd/key/proof/rules/execRules.key:355:13
	at de.uka.ilkd.key.nparser.builder.AbstractBuilder.accept(AbstractBuilder.java:54)
Caused by: com.github.javaparser.resolution.UnsolvedSymbolException: Unsolved symbol in de.uka.ilkd.key.java.JavaParserFactory$DynamicTypeSolver@dc54576 : java.lang.Object
	at com.github.javaparser.resolution.TypeSolver.solveType(TypeSolver.java:71)

18709      ERROR Test worker     d.u.i.k.n.b.AbstractBuilder  com.github.javaparser.resolution.UnsolvedSymbolException: Unsolved symbol in de.uka.ilkd.key.java.JavaParserFactory$DynamicTypeSolver@dc54576 : java.lang.Object
	at com.github.javaparser.resolution.TypeSolver.solveType(TypeSolver.java:71)

18709      ERROR Test worker     d.u.i.k.n.b.TacletPBuilder Error in parsing taclet. de.uka.ilkd.key.util.parsing.BuildingException: Unsolved symbol in de.uka.ilkd.key.java.JavaParserFactory$DynamicTypeSolver@dc54576 : java.lang.Object at file:/home/runner/work/key/key/key.core/build/resources/main/de/uka/ilkd/key/proof/rules/execRules.key:370:15
	at de.uka.ilkd.key.nparser.builder.AbstractBuilder.accept(AbstractBuilder.java:54)
Caused by: com.github.javaparser.resolution.UnsolvedSymbolException: Unsolved symbol in de.uka.ilkd.key.java.JavaParserFactory$DynamicTypeSolver@dc54576 : java.lang.Object
	at com.github.javaparser.resolution.TypeSolver.solveType(TypeSolver.java:71)

18710      ERROR Test worker     d.u.i.k.n.b.AbstractBuilder  com.github.javaparser.resolution.UnsolvedSymbolException: Unsolved symbol in de.uka.ilkd.key.java.JavaParserFactory$DynamicTypeSolver@dc54576 : java.lang.Object
	at com.github.javaparser.resolution.TypeSolver.solveType(TypeSolver.java:71)

18711      ERROR Test worker     d.u.i.k.n.b.TacletPBuilder Error in parsing taclet. de.uka.ilkd.key.util.parsing.BuildingException: Unsolved symbol in de.uka.ilkd.key.java.JavaParserFactory$DynamicTypeSolver@dc54576 : java.lang.Object at file:/home/runner/work/key/key/key.core/build/resources/main/de/uka/ilkd/key/proof/rules/execRules.key:388:15
	at de.uka.ilkd.key.nparser.builder.AbstractBuilder.accept(AbstractBuilder.java:54)
Caused by: com.github.javaparser.resolution.UnsolvedSymbolException: Unsolved symbol in de.uka.ilkd.key.java.JavaParserFactory$DynamicTypeSolver@dc54576 : java.lang.Object
	at com.github.javaparser.resolution.TypeSolver.solveType(TypeSolver.java:71)

18712      ERROR Test worker     d.u.i.k.n.b.AbstractBuilder  com.github.javaparser.resolution.UnsolvedSymbolException: Unsolved symbol in de.uka.ilkd.key.java.JavaParserFactory$DynamicTypeSolver@dc54576 : java.lang.Object
	at com.github.javaparser.resolution.TypeSolver.solveType(TypeSolver.java:71)

18712      ERROR Test worker     d.u.i.k.n.b.TacletPBuilder Error in parsing taclet. de.uka.ilkd.key.util.parsing.BuildingException: Unsolved symbol in de.uka.ilkd.key.java.JavaParserFactory$DynamicTypeSolver@dc54576 : java.lang.Object at file:/home/runner/work/key/key/key.core/build/resources/main/de/uka/ilkd/key/proof/rules/execRules.key:405:15
	at de.uka.ilkd.key.nparser.builder.AbstractBuilder.accept(AbstractBuilder.java:54)
Caused by: com.github.javaparser.resolution.UnsolvedSymbolException: Unsolved symbol in de.uka.ilkd.key.java.JavaParserFactory$DynamicTypeSolver@dc54576 : java.lang.Object
	at com.github.javaparser.resolution.TypeSolver.solveType(TypeSolver.java:71)

18714      ERROR Test worker     d.u.i.k.n.b.AbstractBuilder  com.github.javaparser.resolution.UnsolvedSymbolException: Unsolved symbol in de.uka.ilkd.key.java.JavaParserFactory$DynamicTypeSolver@dc54576 : java.lang.Object
	at com.github.javaparser.resolution.TypeSolver.solveType(TypeSolver.java:71)

18714      ERROR Test worker     d.u.i.k.n.b.TacletPBuilder Error in parsing taclet. de.uka.ilkd.key.util.parsing.BuildingException: Unsolved symbol in de.uka.ilkd.key.java.JavaParserFactory$DynamicTypeSolver@dc54576 : java.lang.Object at file:/home/runner/work/key/key/key.core/build/resources/main/de/uka/ilkd/key/proof/rules/execRules.key:422:15
	at de.uka.ilkd.key.nparser.builder.AbstractBuilder.accept(AbstractBuilder.java:54)
Caused by: com.github.javaparser.resolution.UnsolvedSymbolException: Unsolved symbol in de.uka.ilkd.key.java.JavaParserFactory$DynamicTypeSolver@dc54576 : java.lang.Object
	at com.github.javaparser.resolution.TypeSolver.solveType(TypeSolver.java:71)

18716      ERROR Test worker     d.u.i.k.n.b.AbstractBuilder  com.github.javaparser.resolution.UnsolvedSymbolException: Unsolved symbol in de.uka.ilkd.key.java.JavaParserFactory$DynamicTypeSolver@dc54576 : java.lang.Object
	at com.github.javaparser.resolution.TypeSolver.solveType(TypeSolver.java:71)

18716      ERROR Test worker     d.u.i.k.n.b.TacletPBuilder Error in parsing taclet. de.uka.ilkd.key.util.parsing.BuildingException: Unsolved symbol in de.uka.ilkd.key.java.JavaParserFactory$DynamicTypeSolver@dc54576 : java.lang.Object at file:/home/runner/work/key/key/key.core/build/resources/main/de/uka/ilkd/key/proof/rules/execRules.key:439:15
	at de.uka.ilkd.key.nparser.builder.AbstractBuilder.accept(AbstractBuilder.java:54)
Caused by: com.github.javaparser.resolution.UnsolvedSymbolException: Unsolved symbol in de.uka.ilkd.key.java.JavaParserFactory$DynamicTypeSolver@dc54576 : java.lang.Object
	at com.github.javaparser.resolution.TypeSolver.solveType(TypeSolver.java:71)

18720      ERROR Test worker     d.u.i.k.n.b.AbstractBuilder  com.github.javaparser.resolution.UnsolvedSymbolException: Unsolved symbol in de.uka.ilkd.key.java.JavaParserFactory$DynamicTypeSolver@dc54576 : java.lang.Object
	at com.github.javaparser.resolution.TypeSolver.solveType(TypeSolver.java:71)

18720      ERROR Test worker     d.u.i.k.n.b.TacletPBuilder Error in parsing taclet. de.uka.ilkd.key.util.parsing.BuildingException: Unsolved symbol in de.uka.ilkd.key.java.JavaParserFactory$DynamicTypeSolver@dc54576 : java.lang.Object at file:/home/runner/work/key/key/key.core/build/resources/main/de/uka/ilkd/key/proof/rules/execRules.key:456:15
	at de.uka.ilkd.key.nparser.builder.AbstractBuilder.accept(AbstractBuilder.java:54)
Caused by: com.github.javaparser.resolution.UnsolvedSymbolException: Unsolved symbol in de.uka.ilkd.key.java.JavaParserFactory$DynamicTypeSolver@dc54576 : java.lang.Object
	at com.github.javaparser.resolution.TypeSolver.solveType(TypeSolver.java:71)

18722      ERROR Test worker     d.u.i.k.n.b.AbstractBuilder  com.github.javaparser.resolution.UnsolvedSymbolException: Unsolved symbol in de.uka.ilkd.key.java.JavaParserFactory$DynamicTypeSolver@dc54576 : java.lang.Object
	at com.github.javaparser.resolution.TypeSolver.solveType(TypeSolver.java:71)

18722      ERROR Test worker     d.u.i.k.n.b.TacletPBuilder Error in parsing taclet. de.uka.ilkd.key.util.parsing.BuildingException: Unsolved symbol in de.uka.ilkd.key.java.JavaParserFactory$DynamicTypeSolver@dc54576 : java.lang.Object at file:/home/runner/work/key/key/key.core/build/resources/main/de/uka/ilkd/key/proof/rules/execRules.key:473:15
	at de.uka.ilkd.key.nparser.builder.AbstractBuilder.accept(AbstractBuilder.java:54)
Caused by: com.github.javaparser.resolution.UnsolvedSymbolException: Unsolved symbol in de.uka.ilkd.key.java.JavaParserFactory$DynamicTypeSolver@dc54576 : java.lang.Object
	at com.github.javaparser.resolution.TypeSolver.solveType(TypeSolver.java:71)

18724      ERROR Test worker     d.u.i.k.n.b.AbstractBuilder  com.github.javaparser.resolution.UnsolvedSymbolException: Unsolved symbol in de.uka.ilkd.key.java.JavaParserFactory$DynamicTypeSolver@dc54576 : java.lang.Object
	at com.github.javaparser.resolution.TypeSolver.solveType(TypeSolver.java:71)

18724      ERROR Test worker     d.u.i.k.n.b.TacletPBuilder Error in parsing taclet. de.uka.ilkd.key.util.parsing.BuildingException: Unsolved symbol in de.uka.ilkd.key.java.JavaParserFactory$DynamicTypeSolver@dc54576 : java.lang.Object at file:/home/runner/work/key/key/key.core/build/resources/main/de/uka/ilkd/key/proof/rules/execRules.key:490:15
	at de.uka.ilkd.key.nparser.builder.AbstractBuilder.accept(AbstractBuilder.java:54)
Caused by: com.github.javaparser.resolution.UnsolvedSymbolException: Unsolved symbol in de.uka.ilkd.key.java.JavaParserFactory$DynamicTypeSolver@dc54576 : java.lang.Object
	at com.github.javaparser.resolution.TypeSolver.solveType(TypeSolver.java:71)

18725      ERROR Test worker     d.u.i.k.n.b.AbstractBuilder  com.github.javaparser.resolution.UnsolvedSymbolException: Unsolved symbol in de.uka.ilkd.key.java.JavaParserFactory$DynamicTypeSolver@dc54576 : java.lang.Object
	at com.github.javaparser.resolution.TypeSolver.solveType(TypeSolver.java:71)

18726      ERROR Test worker     d.u.i.k.n.b.TacletPBuilder Error in parsing taclet. de.uka.ilkd.key.util.parsing.BuildingException: Unsolved symbol in de.uka.ilkd.key.java.JavaParserFactory$DynamicTypeSolver@dc54576 : java.lang.Object at file:/home/runner/work/key/key/key.core/build/resources/main/de/uka/ilkd/key/proof/rules/execRules.key:507:15
	at de.uka.ilkd.key.nparser.builder.AbstractBuilder.accept(AbstractBuilder.java:54)
Caused by: com.github.javaparser.resolution.UnsolvedSymbolException: Unsolved symbol in de.uka.ilkd.key.java.JavaParserFactory$DynamicTypeSolver@dc54576 : java.lang.Object
	at com.github.javaparser.resolution.TypeSolver.solveType(TypeSolver.java:71)

18727      ERROR Test worker     d.u.i.k.n.b.AbstractBuilder  com.github.javaparser.resolution.UnsolvedSymbolException: Unsolved symbol in de.uka.ilkd.key.java.JavaParserFactory$DynamicTypeSolver@dc54576 : java.lang.Object
	at com.github.javaparser.resolution.TypeSolver.solveType(TypeSolver.java:71)

18728      ERROR Test worker     d.u.i.k.n.b.TacletPBuilder Error in parsing taclet. de.uka.ilkd.key.util.parsing.BuildingException: Unsolved symbol in de.uka.ilkd.key.java.JavaParserFactory$DynamicTypeSolver@dc54576 : java.lang.Object at file:/home/runner/work/key/key/key.core/build/resources/main/de/uka/ilkd/key/proof/rules/execRules.key:523:15
	at de.uka.ilkd.key.nparser.builder.AbstractBuilder.accept(AbstractBuilder.java:54)
Caused by: com.github.javaparser.resolution.UnsolvedSymbolException: Unsolved symbol in de.uka.ilkd.key.java.JavaParserFactory$DynamicTypeSolver@dc54576 : java.lang.Object
	at com.github.javaparser.resolution.TypeSolver.solveType(TypeSolver.java:71)

18730      ERROR Test worker     d.u.i.k.n.b.AbstractBuilder  com.github.javaparser.resolution.UnsolvedSymbolException: Unsolved symbol in de.uka.ilkd.key.java.JavaParserFactory$DynamicTypeSolver@dc54576 : java.lang.Object
	at com.github.javaparser.resolution.TypeSolver.solveType(TypeSolver.java:71)

18730      ERROR Test worker     d.u.i.k.n.b.TacletPBuilder Error in parsing taclet. de.uka.ilkd.key.util.parsing.BuildingException: Unsolved symbol in de.uka.ilkd.key.java.JavaParserFactory$DynamicTypeSolver@dc54576 : java.lang.Object at file:/home/runner/work/key/key/key.core/build/resources/main/de/uka/ilkd/key/proof/rules/execRules.key:541:15
	at de.uka.ilkd.key.nparser.builder.AbstractBuilder.accept(AbstractBuilder.java:54)
Caused by: com.github.javaparser.resolution.UnsolvedSymbolException: Unsolved symbol in de.uka.ilkd.key.java.JavaParserFactory$DynamicTypeSolver@dc54576 : java.lang.Object
	at com.github.javaparser.resolution.TypeSolver.solveType(TypeSolver.java:71)

18732      ERROR Test worker     d.u.i.k.n.b.AbstractBuilder  com.github.javaparser.resolution.UnsolvedSymbolException: Unsolved symbol in de.uka.ilkd.key.java.JavaParserFactory$DynamicTypeSolver@dc54576 : java.lang.Object
	at com.github.javaparser.resolution.TypeSolver.solveType(TypeSolver.java:71)

18732      ERROR Test worker     d.u.i.k.n.b.TacletPBuilder Error in parsing taclet. de.uka.ilkd.key.util.parsing.BuildingException: Unsolved symbol in de.uka.ilkd.key.java.JavaParserFactory$DynamicTypeSolver@dc54576 : java.lang.Object at file:/home/runner/work/key/key/key.core/build/resources/main/de/uka/ilkd/key/proof/rules/execRules.key:558:15
	at de.uka.ilkd.key.nparser.builder.AbstractBuilder.accept(AbstractBuilder.java:54)
Caused by: com.github.javaparser.resolution.UnsolvedSymbolException: Unsolved symbol in de.uka.ilkd.key.java.JavaParserFactory$DynamicTypeSolver@dc54576 : java.lang.Object
	at com.github.javaparser.resolution.TypeSolver.solveType(TypeSolver.java:71)

18733      ERROR Test worker     d.u.i.k.n.b.AbstractBuilder  com.github.javaparser.resolution.UnsolvedSymbolException: Unsolved symbol in de.uka.ilkd.key.java.JavaParserFactory$DynamicTypeSolver@dc54576 : java.lang.Object
	at com.github.javaparser.resolution.TypeSolver.solveType(TypeSolver.java:71)

18734      ERROR Test worker     d.u.i.k.n.b.TacletPBuilder Error in parsing taclet. de.uka.ilkd.key.util.parsing.BuildingException: Unsolved symbol in de.uka.ilkd.key.java.JavaParserFactory$DynamicTypeSolver@dc54576 : java.lang.Object at file:/home/runner/work/key/key/key.core/build/resources/main/de/uka/ilkd/key/proof/rules/execRules.key:575:15
	at de.uka.ilkd.key.nparser.builder.AbstractBuilder.accept(AbstractBuilder.java:54)
Caused by: com.github.javaparser.resolution.UnsolvedSymbolException: Unsolved symbol in de.uka.ilkd.key.java.JavaParserFactory$DynamicTypeSolver@dc54576 : java.lang.Object
	at com.github.javaparser.resolution.TypeSolver.solveType(TypeSolver.java:71)

18735      ERROR Test worker     d.u.i.k.n.b.AbstractBuilder  com.github.javaparser.resolution.UnsolvedSymbolException: Unsolved symbol in de.uka.ilkd.key.java.JavaParserFactory$DynamicTypeSolver@dc54576 : java.lang.Object
	at com.github.javaparser.resolution.TypeSolver.solveType(TypeSolver.java:71)

18735      ERROR Test worker     d.u.i.k.n.b.TacletPBuilder Error in parsing taclet. de.uka.ilkd.key.util.parsing.BuildingException: Unsolved symbol in de.uka.ilkd.key.java.JavaParserFactory$DynamicTypeSolver@dc54576 : java.lang.Object at file:/home/runner/work/key/key/key.core/build/resources/main/de/uka/ilkd/key/proof/rules/execRules.key:592:15
	at de.uka.ilkd.key.nparser.builder.AbstractBuilder.accept(AbstractBuilder.java:54)
Caused by: com.github.javaparser.resolution.UnsolvedSymbolException: Unsolved symbol in de.uka.ilkd.key.java.JavaParserFactory$DynamicTypeSolver@dc54576 : java.lang.Object
	at com.github.javaparser.resolution.TypeSolver.solveType(TypeSolver.java:71)

18739      ERROR Test worker     d.u.i.k.n.b.AbstractBuilder  com.github.javaparser.resolution.UnsolvedSymbolException: Unsolved symbol in de.uka.ilkd.key.java.JavaParserFactory$DynamicTypeSolver@dc54576 : java.lang.Object
	at com.github.javaparser.resolution.TypeSolver.solveType(TypeSolver.java:71)

18739      ERROR Test worker     d.u.i.k.n.b.TacletPBuilder Error in parsing taclet. de.uka.ilkd.key.util.parsing.BuildingException: Unsolved symbol in de.uka.ilkd.key.java.JavaParserFactory$DynamicTypeSolver@dc54576 : java.lang.Object at file:/home/runner/work/key/key/key.core/build/resources/main/de/uka/ilkd/key/proof/rules/execRules.key:609:15
	at de.uka.ilkd.key.nparser.builder.AbstractBuilder.accept(AbstractBuilder.java:54)
Caused by: com.github.javaparser.resolution.UnsolvedSymbolException: Unsolved symbol in de.uka.ilkd.key.java.JavaParserFactory$DynamicTypeSolver@dc54576 : java.lang.Object
	at com.github.javaparser.resolution.TypeSolver.solveType(TypeSolver.java:71)

18740      ERROR Test worker     d.u.i.k.n.b.AbstractBuilder  com.github.javaparser.resolution.UnsolvedSymbolException: Unsolved symbol in de.uka.ilkd.key.java.JavaParserFactory$DynamicTypeSolver@dc54576 : java.lang.Object
	at com.github.javaparser.resolution.TypeSolver.solveType(TypeSolver.java:71)

18741      ERROR Test worker     d.u.i.k.n.b.TacletPBuilder Error in parsing taclet. de.uka.ilkd.key.util.parsing.BuildingException: Unsolved symbol in de.uka.ilkd.key.java.JavaParserFactory$DynamicTypeSolver@dc54576 : java.lang.Object at file:/home/runner/work/key/key/key.core/build/resources/main/de/uka/ilkd/key/proof/rules/execRules.key:626:15
	at de.uka.ilkd.key.nparser.builder.AbstractBuilder.accept(AbstractBuilder.java:54)
Caused by: com.github.javaparser.resolution.UnsolvedSymbolException: Unsolved symbol in de.uka.ilkd.key.java.JavaParserFactory$DynamicTypeSolver@dc54576 : java.lang.Object
	at com.github.javaparser.resolution.TypeSolver.solveType(TypeSolver.java:71)

18742      ERROR Test worker     d.u.i.k.n.b.AbstractBuilder  com.github.javaparser.resolution.UnsolvedSymbolException: Unsolved symbol in de.uka.ilkd.key.java.JavaParserFactory$DynamicTypeSolver@dc54576 : java.lang.Object
	at com.github.javaparser.resolution.TypeSolver.solveType(TypeSolver.java:71)

18742      ERROR Test worker     d.u.i.k.n.b.TacletPBuilder Error in parsing taclet. de.uka.ilkd.key.util.parsing.BuildingException: Unsolved symbol in de.uka.ilkd.key.java.JavaParserFactory$DynamicTypeSolver@dc54576 : java.lang.Object at file:/home/runner/work/key/key/key.core/build/resources/main/de/uka/ilkd/key/proof/rules/execRules.key:643:15
	at de.uka.ilkd.key.nparser.builder.AbstractBuilder.accept(AbstractBuilder.java:54)
Caused by: com.github.javaparser.resolution.UnsolvedSymbolException: Unsolved symbol in de.uka.ilkd.key.java.JavaParserFactory$DynamicTypeSolver@dc54576 : java.lang.Object
	at com.github.javaparser.resolution.TypeSolver.solveType(TypeSolver.java:71)

18744      ERROR Test worker     d.u.i.k.n.b.AbstractBuilder  com.github.javaparser.resolution.UnsolvedSymbolException: Unsolved symbol in de.uka.ilkd.key.java.JavaParserFactory$DynamicTypeSolver@dc54576 : java.lang.Object
	at com.github.javaparser.resolution.TypeSolver.solveType(TypeSolver.java:71)

18744      ERROR Test worker     d.u.i.k.n.b.TacletPBuilder Error in parsing taclet. de.uka.ilkd.key.util.parsing.BuildingException: Unsolved symbol in de.uka.ilkd.key.java.JavaParserFactory$DynamicTypeSolver@dc54576 : java.lang.Object at file:/home/runner/work/key/key/key.core/build/resources/main/de/uka/ilkd/key/proof/rules/execRules.key:659:15
	at de.uka.ilkd.key.nparser.builder.AbstractBuilder.accept(AbstractBuilder.java:54)
Caused by: com.github.javaparser.resolution.UnsolvedSymbolException: Unsolved symbol in de.uka.ilkd.key.java.JavaParserFactory$DynamicTypeSolver@dc54576 : java.lang.Object
	at com.github.javaparser.resolution.TypeSolver.solveType(TypeSolver.java:71)

18746      ERROR Test worker     d.u.i.k.n.b.AbstractBuilder  com.github.javaparser.resolution.UnsolvedSymbolException: Unsolved symbol in de.uka.ilkd.key.java.JavaParserFactory$DynamicTypeSolver@dc54576 : java.lang.Object
	at com.github.javaparser.resolution.TypeSolver.solveType(TypeSolver.java:71)

18746      ERROR Test worker     d.u.i.k.n.b.TacletPBuilder Error in parsing taclet. de.uka.ilkd.key.util.parsing.BuildingException: Unsolved symbol in de.uka.ilkd.key.java.JavaParserFactory$DynamicTypeSolver@dc54576 : java.lang.Object at file:/home/runner/work/key/key/key.core/build/resources/main/de/uka/ilkd/key/proof/rules/execRules.key:675:15
	at de.uka.ilkd.key.nparser.builder.AbstractBuilder.accept(AbstractBuilder.java:54)
Caused by: com.github.javaparser.resolution.UnsolvedSymbolException: Unsolved symbol in de.uka.ilkd.key.java.JavaParserFactory$DynamicTypeSolver@dc54576 : java.lang.Object
	at com.github.javaparser.resolution.TypeSolver.solveType(TypeSolver.java:71)

18748      ERROR Test worker     d.u.i.k.n.b.AbstractBuilder  com.github.javaparser.resolution.UnsolvedSymbolException: Unsolved symbol in de.uka.ilkd.key.java.JavaParserFactory$DynamicTypeSolver@dc54576 : java.lang.Object
	at com.github.javaparser.resolution.TypeSolver.solveType(TypeSolver.java:71)

18748      ERROR Test worker     d.u.i.k.n.b.TacletPBuilder Error in parsing taclet. de.uka.ilkd.key.util.parsing.BuildingException: Unsolved symbol in de.uka.ilkd.key.java.JavaParserFactory$DynamicTypeSolver@dc54576 : java.lang.Object at file:/home/runner/work/key/key/key.core/build/resources/main/de/uka/ilkd/key/proof/rules/execRules.key:691:15
	at de.uka.ilkd.key.nparser.builder.AbstractBuilder.accept(AbstractBuilder.java:54)
Caused by: com.github.javaparser.resolution.UnsolvedSymbolException: Unsolved symbol in de.uka.ilkd.key.java.JavaParserFactory$DynamicTypeSolver@dc54576 : java.lang.Object
	at com.github.javaparser.resolution.TypeSolver.solveType(TypeSolver.java:71)

18749      ERROR Test worker     d.u.i.k.n.b.AbstractBuilder  com.github.javaparser.resolution.UnsolvedSymbolException: Unsolved symbol in de.uka.ilkd.key.java.JavaParserFactory$DynamicTypeSolver@dc54576 : java.lang.Object
	at com.github.javaparser.resolution.TypeSolver.solveType(TypeSolver.java:71)

18750      ERROR Test worker     d.u.i.k.n.b.TacletPBuilder Error in parsing taclet. de.uka.ilkd.key.util.parsing.BuildingException: Unsolved symbol in de.uka.ilkd.key.java.JavaParserFactory$DynamicTypeSolver@dc54576 : java.lang.Object at file:/home/runner/work/key/key/key.core/build/resources/main/de/uka/ilkd/key/proof/rules/execRules.key:711:15
	at de.uka.ilkd.key.nparser.builder.AbstractBuilder.accept(AbstractBuilder.java:54)
Caused by: com.github.javaparser.resolution.UnsolvedSymbolException: Unsolved symbol in de.uka.ilkd.key.java.JavaParserFactory$DynamicTypeSolver@dc54576 : java.lang.Object
	at com.github.javaparser.resolution.TypeSolver.solveType(TypeSolver.java:71)

18751      ERROR Test worker     d.u.i.k.n.b.AbstractBuilder  com.github.javaparser.resolution.UnsolvedSymbolException: Unsolved symbol in de.uka.ilkd.key.java.JavaParserFactory$DynamicTypeSolver@dc54576 : java.lang.Object
	at com.github.javaparser.resolution.TypeSolver.solveType(TypeSolver.java:71)

18751      ERROR Test worker     d.u.i.k.n.b.TacletPBuilder Error in parsing taclet. de.uka.ilkd.key.util.parsing.BuildingException: Unsolved symbol in de.uka.ilkd.key.java.JavaParserFactory$DynamicTypeSolver@dc54576 : java.lang.Object at file:/home/runner/work/key/key/key.core/build/resources/main/de/uka/ilkd/key/proof/rules/execRules.key:728:15
	at de.uka.ilkd.key.nparser.builder.AbstractBuilder.accept(AbstractBuilder.java:54)
Caused by: com.github.javaparser.resolution.UnsolvedSymbolException: Unsolved symbol in de.uka.ilkd.key.java.JavaParserFactory$DynamicTypeSolver@dc54576 : java.lang.Object
	at com.github.javaparser.resolution.TypeSolver.solveType(TypeSolver.java:71)

18753      ERROR Test worker     d.u.i.k.n.b.AbstractBuilder  com.github.javaparser.resolution.UnsolvedSymbolException: Unsolved symbol in de.uka.ilkd.key.java.JavaParserFactory$DynamicTypeSolver@dc54576 : java.lang.Object
	at com.github.javaparser.resolution.TypeSolver.solveType(TypeSolver.java:71)

18753      ERROR Test worker     d.u.i.k.n.b.TacletPBuilder Error in parsing taclet. de.uka.ilkd.key.util.parsing.BuildingException: Unsolved symbol in de.uka.ilkd.key.java.JavaParserFactory$DynamicTypeSolver@dc54576 : java.lang.Object at file:/home/runner/work/key/key/key.core/build/resources/main/de/uka/ilkd/key/proof/rules/execRules.key:745:15
	at de.uka.ilkd.key.nparser.builder.AbstractBuilder.accept(AbstractBuilder.java:54)
Caused by: com.github.javaparser.resolution.UnsolvedSymbolException: Unsolved symbol in de.uka.ilkd.key.java.JavaParserFactory$DynamicTypeSolver@dc54576 : java.lang.Object
	at com.github.javaparser.resolution.TypeSolver.solveType(TypeSolver.java:71)

18755      ERROR Test worker     d.u.i.k.n.b.AbstractBuilder  com.github.javaparser.resolution.UnsolvedSymbolException: Unsolved symbol in de.uka.ilkd.key.java.JavaParserFactory$DynamicTypeSolver@dc54576 : java.lang.Object
	at com.github.javaparser.resolution.TypeSolver.solveType(TypeSolver.java:71)

18755      ERROR Test worker     d.u.i.k.n.b.TacletPBuilder Error in parsing taclet. de.uka.ilkd.key.util.parsing.BuildingException: Unsolved symbol in de.uka.ilkd.key.java.JavaParserFactory$DynamicTypeSolver@dc54576 : java.lang.Object at file:/home/runner/work/key/key/key.core/build/resources/main/de/uka/ilkd/key/proof/rules/execRules.key:762:15
	at de.uka.ilkd.key.nparser.builder.AbstractBuilder.accept(AbstractBuilder.java:54)
Caused by: com.github.javaparser.resolution.UnsolvedSymbolException: Unsolved symbol in de.uka.ilkd.key.java.JavaParserFactory$DynamicTypeSolver@dc54576 : java.lang.Object
	at com.github.javaparser.resolution.TypeSolver.solveType(TypeSolver.java:71)

18757      ERROR Test worker     d.u.i.k.n.b.AbstractBuilder  com.github.javaparser.resolution.UnsolvedSymbolException: Unsolved symbol in de.uka.ilkd.key.java.JavaParserFactory$DynamicTypeSolver@dc54576 : java.lang.Object
	at com.github.javaparser.resolution.TypeSolver.solveType(TypeSolver.java:71)

18757      ERROR Test worker     d.u.i.k.n.b.TacletPBuilder Error in parsing taclet. de.uka.ilkd.key.util.parsing.BuildingException: Unsolved symbol in de.uka.ilkd.key.java.JavaParserFactory$DynamicTypeSolver@dc54576 : java.lang.Object at file:/home/runner/work/key/key/key.core/build/resources/main/de/uka/ilkd/key/proof/rules/execRules.key:779:15
	at de.uka.ilkd.key.nparser.builder.AbstractBuilder.accept(AbstractBuilder.java:54)
Caused by: com.github.javaparser.resolution.UnsolvedSymbolException: Unsolved symbol in de.uka.ilkd.key.java.JavaParserFactory$DynamicTypeSolver@dc54576 : java.lang.Object
	at com.github.javaparser.resolution.TypeSolver.solveType(TypeSolver.java:71)

18759      ERROR Test worker     d.u.i.k.n.b.AbstractBuilder  com.github.javaparser.resolution.UnsolvedSymbolException: Unsolved symbol in de.uka.ilkd.key.java.JavaParserFactory$DynamicTypeSolver@dc54576 : java.lang.Object
	at com.github.javaparser.resolution.TypeSolver.solveType(TypeSolver.java:71)

18759      ERROR Test worker     d.u.i.k.n.b.TacletPBuilder Error in parsing taclet. de.uka.ilkd.key.util.parsing.BuildingException: Unsolved symbol in de.uka.ilkd.key.java.JavaParserFactory$DynamicTypeSolver@dc54576 : java.lang.Object at file:/home/runner/work/key/key/key.core/build/resources/main/de/uka/ilkd/key/proof/rules/execRules.key:795:15
	at de.uka.ilkd.key.nparser.builder.AbstractBuilder.accept(AbstractBuilder.java:54)
Caused by: com.github.javaparser.resolution.UnsolvedSymbolException: Unsolved symbol in de.uka.ilkd.key.java.JavaParserFactory$DynamicTypeSolver@dc54576 : java.lang.Object
	at com.github.javaparser.resolution.TypeSolver.solveType(TypeSolver.java:71)

18760      ERROR Test worker     d.u.i.k.n.b.AbstractBuilder  com.github.javaparser.resolution.UnsolvedSymbolException: Unsolved symbol in de.uka.ilkd.key.java.JavaParserFactory$DynamicTypeSolver@dc54576 : java.lang.Object
	at com.github.javaparser.resolution.TypeSolver.solveType(TypeSolver.java:71)

18761      ERROR Test worker     d.u.i.k.n.b.TacletPBuilder Error in parsing taclet. de.uka.ilkd.key.util.parsing.BuildingException: Unsolved symbol in de.uka.ilkd.key.java.JavaParserFactory$DynamicTypeSolver@dc54576 : java.lang.Object at file:/home/runner/work/key/key/key.core/build/resources/main/de/uka/ilkd/key/proof/rules/execRules.key:811:15
	at de.uka.ilkd.key.nparser.builder.AbstractBuilder.accept(AbstractBuilder.java:54)
Caused by: com.github.javaparser.resolution.UnsolvedSymbolException: Unsolved symbol in de.uka.ilkd.key.java.JavaParserFactory$DynamicTypeSolver@dc54576 : java.lang.Object
	at com.github.javaparser.resolution.TypeSolver.solveType(TypeSolver.java:71)

18762      ERROR Test worker     d.u.i.k.n.b.AbstractBuilder  com.github.javaparser.resolution.UnsolvedSymbolException: Unsolved symbol in de.uka.ilkd.key.java.JavaParserFactory$DynamicTypeSolver@dc54576 : java.lang.Object
	at com.github.javaparser.resolution.TypeSolver.solveType(TypeSolver.java:71)

18762      ERROR Test worker     d.u.i.k.n.b.TacletPBuilder Error in parsing taclet. de.uka.ilkd.key.util.parsing.BuildingException: Unsolved symbol in de.uka.ilkd.key.java.JavaParserFactory$DynamicTypeSolver@dc54576 : java.lang.Object at file:/home/runner/work/key/key/key.core/build/resources/main/de/uka/ilkd/key/proof/rules/execRules.key:827:15
	at de.uka.ilkd.key.nparser.builder.AbstractBuilder.accept(AbstractBuilder.java:54)
Caused by: com.github.javaparser.resolution.UnsolvedSymbolException: Unsolved symbol in de.uka.ilkd.key.java.JavaParserFactory$DynamicTypeSolver@dc54576 : java.lang.Object
	at com.github.javaparser.resolution.TypeSolver.solveType(TypeSolver.java:71)

18764      ERROR Test worker     d.u.i.k.n.b.AbstractBuilder  com.github.javaparser.resolution.UnsolvedSymbolException: Unsolved symbol in de.uka.ilkd.key.java.JavaParserFactory$DynamicTypeSolver@dc54576 : java.lang.Object
	at com.github.javaparser.resolution.TypeSolver.solveType(TypeSolver.java:71)

18764      ERROR Test worker     d.u.i.k.n.b.TacletPBuilder Error in parsing taclet. de.uka.ilkd.key.util.parsing.BuildingException: Unsolved symbol in de.uka.ilkd.key.java.JavaParserFactory$DynamicTypeSolver@dc54576 : java.lang.Object at file:/home/runner/work/key/key/key.core/build/resources/main/de/uka/ilkd/key/proof/rules/execRules.key:843:15
	at de.uka.ilkd.key.nparser.builder.AbstractBuilder.accept(AbstractBuilder.java:54)
Caused by: com.github.javaparser.resolution.UnsolvedSymbolException: Unsolved symbol in de.uka.ilkd.key.java.JavaParserFactory$DynamicTypeSolver@dc54576 : java.lang.Object
	at com.github.javaparser.resolution.TypeSolver.solveType(TypeSolver.java:71)

18766      ERROR Test worker     d.u.i.k.n.b.AbstractBuilder  com.github.javaparser.resolution.UnsolvedSymbolException: Unsolved symbol in de.uka.ilkd.key.java.JavaParserFactory$DynamicTypeSolver@dc54576 : java.lang.Object
	at com.github.javaparser.resolution.TypeSolver.solveType(TypeSolver.java:71)

18766      ERROR Test worker     d.u.i.k.n.b.TacletPBuilder Error in parsing taclet. de.uka.ilkd.key.util.parsing.BuildingException: Unsolved symbol in de.uka.ilkd.key.java.JavaParserFactory$DynamicTypeSolver@dc54576 : java.lang.Object at file:/home/runner/work/key/key/key.core/build/resources/main/de/uka/ilkd/key/proof/rules/execRules.key:861:15
	at de.uka.ilkd.key.nparser.builder.AbstractBuilder.accept(AbstractBuilder.java:54)
Caused by: com.github.javaparser.resolution.UnsolvedSymbolException: Unsolved symbol in de.uka.ilkd.key.java.JavaParserFactory$DynamicTypeSolver@dc54576 : java.lang.Object
	at com.github.javaparser.resolution.TypeSolver.solveType(TypeSolver.java:71)

18768      ERROR Test worker     d.u.i.k.n.b.AbstractBuilder  com.github.javaparser.resolution.UnsolvedSymbolException: Unsolved symbol in de.uka.ilkd.key.java.JavaParserFactory$DynamicTypeSolver@dc54576 : java.lang.Object
	at com.github.javaparser.resolution.TypeSolver.solveType(TypeSolver.java:71)

18768      ERROR Test worker     d.u.i.k.n.b.TacletPBuilder Error in parsing taclet. de.uka.ilkd.key.util.parsing.BuildingException: Unsolved symbol in de.uka.ilkd.key.java.JavaParserFactory$DynamicTypeSolver@dc54576 : java.lang.Object at file:/home/runner/work/key/key/key.core/build/resources/main/de/uka/ilkd/key/proof/rules/execRules.key:878:15
	at de.uka.ilkd.key.nparser.builder.AbstractBuilder.accept(AbstractBuilder.java:54)
Caused by: com.github.javaparser.resolution.UnsolvedSymbolException: Unsolved symbol in de.uka.ilkd.key.java.JavaParserFactory$DynamicTypeSolver@dc54576 : java.lang.Object
	at com.github.javaparser.resolution.TypeSolver.solveType(TypeSolver.java:71)

18770      ERROR Test worker     d.u.i.k.n.b.AbstractBuilder  com.github.javaparser.resolution.UnsolvedSymbolException: Unsolved symbol in de.uka.ilkd.key.java.JavaParserFactory$DynamicTypeSolver@dc54576 : java.lang.Object
	at com.github.javaparser.resolution.TypeSolver.solveType(TypeSolver.java:71)

18770      ERROR Test worker     d.u.i.k.n.b.TacletPBuilder Error in parsing taclet. de.uka.ilkd.key.util.parsing.BuildingException: Unsolved symbol in de.uka.ilkd.key.java.JavaParserFactory$DynamicTypeSolver@dc54576 : java.lang.Object at file:/home/runner/work/key/key/key.core/build/resources/main/de/uka/ilkd/key/proof/rules/execRules.key:894:15
	at de.uka.ilkd.key.nparser.builder.AbstractBuilder.accept(AbstractBuilder.java:54)
Caused by: com.github.javaparser.resolution.UnsolvedSymbolException: Unsolved symbol in de.uka.ilkd.key.java.JavaParserFactory$DynamicTypeSolver@dc54576 : java.lang.Object
	at com.github.javaparser.resolution.TypeSolver.solveType(TypeSolver.java:71)

18771      ERROR Test worker     d.u.i.k.n.b.AbstractBuilder  com.github.javaparser.resolution.UnsolvedSymbolException: Unsolved symbol in de.uka.ilkd.key.java.JavaParserFactory$DynamicTypeSolver@dc54576 : java.lang.Object
	at com.github.javaparser.resolution.TypeSolver.solveType(TypeSolver.java:71)

18771      ERROR Test worker     d.u.i.k.n.b.TacletPBuilder Error in parsing taclet. de.uka.ilkd.key.util.parsing.BuildingException: Unsolved symbol in de.uka.ilkd.key.java.JavaParserFactory$DynamicTypeSolver@dc54576 : java.lang.Object at file:/home/runner/work/key/key/key.core/build/resources/main/de/uka/ilkd/key/proof/rules/execRules.key:910:15
	at de.uka.ilkd.key.nparser.builder.AbstractBuilder.accept(AbstractBuilder.java:54)
Caused by: com.github.javaparser.resolution.UnsolvedSymbolException: Unsolved symbol in de.uka.ilkd.key.java.JavaParserFactory$DynamicTypeSolver@dc54576 : java.lang.Object
	at com.github.javaparser.resolution.TypeSolver.solveType(TypeSolver.java:71)

18773      ERROR Test worker     d.u.i.k.n.b.AbstractBuilder  com.github.javaparser.resolution.UnsolvedSymbolException: Unsolved symbol in de.uka.ilkd.key.java.JavaParserFactory$DynamicTypeSolver@dc54576 : java.lang.Object
	at com.github.javaparser.resolution.TypeSolver.solveType(TypeSolver.java:71)

18773      ERROR Test worker     d.u.i.k.n.b.TacletPBuilder Error in parsing taclet. de.uka.ilkd.key.util.parsing.BuildingException: Unsolved symbol in de.uka.ilkd.key.java.JavaParserFactory$DynamicTypeSolver@dc54576 : java.lang.Object at file:/home/runner/work/key/key/key.core/build/resources/main/de/uka/ilkd/key/proof/rules/execRules.key:926:15
	at de.uka.ilkd.key.nparser.builder.AbstractBuilder.accept(AbstractBuilder.java:54)
Caused by: com.github.javaparser.resolution.UnsolvedSymbolException: Unsolved symbol in de.uka.ilkd.key.java.JavaParserFactory$DynamicTypeSolver@dc54576 : java.lang.Object
	at com.github.javaparser.resolution.TypeSolver.solveType(TypeSolver.java:71)

18775      ERROR Test worker     d.u.i.k.n.b.AbstractBuilder  com.github.javaparser.resolution.UnsolvedSymbolException: Unsolved symbol in de.uka.ilkd.key.java.JavaParserFactory$DynamicTypeSolver@dc54576 : java.lang.Object
	at com.github.javaparser.resolution.TypeSolver.solveType(TypeSolver.java:71)

18775      ERROR Test worker     d.u.i.k.n.b.TacletPBuilder Error in parsing taclet. de.uka.ilkd.key.util.parsing.BuildingException: Unsolved symbol in de.uka.ilkd.key.java.JavaParserFactory$DynamicTypeSolver@dc54576 : java.lang.Object at file:/home/runner/work/key/key/key.core/build/resources/main/de/uka/ilkd/key/proof/rules/execRules.key:942:15
	at de.uka.ilkd.key.nparser.builder.AbstractBuilder.accept(AbstractBuilder.java:54)
Caused by: com.github.javaparser.resolution.UnsolvedSymbolException: Unsolved symbol in de.uka.ilkd.key.java.JavaParserFactory$DynamicTypeSolver@dc54576 : java.lang.Object
	at com.github.javaparser.resolution.TypeSolver.solveType(TypeSolver.java:71)

18777      ERROR Test worker     d.u.i.k.n.b.AbstractBuilder  com.github.javaparser.resolution.UnsolvedSymbolException: Unsolved symbol in de.uka.ilkd.key.java.JavaParserFactory$DynamicTypeSolver@dc54576 : java.lang.Object
	at com.github.javaparser.resolution.TypeSolver.solveType(TypeSolver.java:71)

18777      ERROR Test worker     d.u.i.k.n.b.TacletPBuilder Error in parsing taclet. de.uka.ilkd.key.util.parsing.BuildingException: Unsolved symbol in de.uka.ilkd.key.java.JavaParserFactory$DynamicTypeSolver@dc54576 : java.lang.Object at file:/home/runner/work/key/key/key.core/build/resources/main/de/uka/ilkd/key/proof/rules/execRules.key:958:15
	at de.uka.ilkd.key.nparser.builder.AbstractBuilder.accept(AbstractBuilder.java:54)
Caused by: com.github.javaparser.resolution.UnsolvedSymbolException: Unsolved symbol in de.uka.ilkd.key.java.JavaParserFactory$DynamicTypeSolver@dc54576 : java.lang.Object
	at com.github.javaparser.resolution.TypeSolver.solveType(TypeSolver.java:71)

18779      ERROR Test worker     d.u.i.k.n.b.AbstractBuilder  com.github.javaparser.resolution.UnsolvedSymbolException: Unsolved symbol in de.uka.ilkd.key.java.JavaParserFactory$DynamicTypeSolver@dc54576 : java.lang.Object
	at com.github.javaparser.resolution.TypeSolver.solveType(TypeSolver.java:71)

18779      ERROR Test worker     d.u.i.k.n.b.TacletPBuilder Error in parsing taclet. de.uka.ilkd.key.util.parsing.BuildingException: Unsolved symbol in de.uka.ilkd.key.java.JavaParserFactory$DynamicTypeSolver@dc54576 : java.lang.Object at file:/home/runner/work/key/key/key.core/build/resources/main/de/uka/ilkd/key/proof/rules/execRules.key:974:15
	at de.uka.ilkd.key.nparser.builder.AbstractBuilder.accept(AbstractBuilder.java:54)
Caused by: com.github.javaparser.resolution.UnsolvedSymbolException: Unsolved symbol in de.uka.ilkd.key.java.JavaParserFactory$DynamicTypeSolver@dc54576 : java.lang.Object
	at com.github.javaparser.resolution.TypeSolver.solveType(TypeSolver.java:71)

18780      ERROR Test worker     d.u.i.k.n.b.AbstractBuilder  com.github.javaparser.resolution.UnsolvedSymbolException: Unsolved symbol in de.uka.ilkd.key.java.JavaParserFactory$DynamicTypeSolver@dc54576 : java.lang.Object
	at com.github.javaparser.resolution.TypeSolver.solveType(TypeSolver.java:71)

18781      ERROR Test worker     d.u.i.k.n.b.TacletPBuilder Error in parsing taclet. de.uka.ilkd.key.util.parsing.BuildingException: Unsolved symbol in de.uka.ilkd.key.java.JavaParserFactory$DynamicTypeSolver@dc54576 : java.lang.Object at file:/home/runner/work/key/key/key.core/build/resources/main/de/uka/ilkd/key/proof/rules/execRules.key:994:15
	at de.uka.ilkd.key.nparser.builder.AbstractBuilder.accept(AbstractBuilder.java:54)
Caused by: com.github.javaparser.resolution.UnsolvedSymbolException: Unsolved symbol in de.uka.ilkd.key.java.JavaParserFactory$DynamicTypeSolver@dc54576 : java.lang.Object
	at com.github.javaparser.resolution.TypeSolver.solveType(TypeSolver.java:71)

18782      ERROR Test worker     d.u.i.k.n.b.AbstractBuilder  com.github.javaparser.resolution.UnsolvedSymbolException: Unsolved symbol in de.uka.ilkd.key.java.JavaParserFactory$DynamicTypeSolver@dc54576 : java.lang.Object
	at com.github.javaparser.resolution.TypeSolver.solveType(TypeSolver.java:71)

18782      ERROR Test worker     d.u.i.k.n.b.TacletPBuilder Error in parsing taclet. de.uka.ilkd.key.util.parsing.BuildingException: Unsolved symbol in de.uka.ilkd.key.java.JavaParserFactory$DynamicTypeSolver@dc54576 : java.lang.Object at file:/home/runner/work/key/key/key.core/build/resources/main/de/uka/ilkd/key/proof/rules/execRules.key:1011:15
	at de.uka.ilkd.key.nparser.builder.AbstractBuilder.accept(AbstractBuilder.java:54)
Caused by: com.github.javaparser.resolution.UnsolvedSymbolException: Unsolved symbol in de.uka.ilkd.key.java.JavaParserFactory$DynamicTypeSolver@dc54576 : java.lang.Object
	at com.github.javaparser.resolution.TypeSolver.solveType(TypeSolver.java:71)

18784      ERROR Test worker     d.u.i.k.n.b.AbstractBuilder  com.github.javaparser.resolution.UnsolvedSymbolException: Unsolved symbol in de.uka.ilkd.key.java.JavaParserFactory$DynamicTypeSolver@dc54576 : java.lang.Object
	at com.github.javaparser.resolution.TypeSolver.solveType(TypeSolver.java:71)

18784      ERROR Test worker     d.u.i.k.n.b.TacletPBuilder Error in parsing taclet. de.uka.ilkd.key.util.parsing.BuildingException: Unsolved symbol in de.uka.ilkd.key.java.JavaParserFactory$DynamicTypeSolver@dc54576 : java.lang.Object at file:/home/runner/work/key/key/key.core/build/resources/main/de/uka/ilkd/key/proof/rules/execRules.key:1027:15
	at de.uka.ilkd.key.nparser.builder.AbstractBuilder.accept(AbstractBuilder.java:54)
Caused by: com.github.javaparser.resolution.UnsolvedSymbolException: Unsolved symbol in de.uka.ilkd.key.java.JavaParserFactory$DynamicTypeSolver@dc54576 : java.lang.Object
	at com.github.javaparser.resolution.TypeSolver.solveType(TypeSolver.java:71)

18786      ERROR Test worker     d.u.i.k.n.b.AbstractBuilder  com.github.javaparser.resolution.UnsolvedSymbolException: Unsolved symbol in de.uka.ilkd.key.java.JavaParserFactory$DynamicTypeSolver@dc54576 : java.lang.Object
	at com.github.javaparser.resolution.TypeSolver.solveType(TypeSolver.java:71)

18786      ERROR Test worker     d.u.i.k.n.b.TacletPBuilder Error in parsing taclet. de.uka.ilkd.key.util.parsing.BuildingException: Unsolved symbol in de.uka.ilkd.key.java.JavaParserFactory$DynamicTypeSolver@dc54576 : java.lang.Object at file:/home/runner/work/key/key/key.core/build/resources/main/de/uka/ilkd/key/proof/rules/execRules.key:1043:15
	at de.uka.ilkd.key.nparser.builder.AbstractBuilder.accept(AbstractBuilder.java:54)
Caused by: com.github.javaparser.resolution.UnsolvedSymbolException: Unsolved symbol in de.uka.ilkd.key.java.JavaParserFactory$DynamicTypeSolver@dc54576 : java.lang.Object
	at com.github.javaparser.resolution.TypeSolver.solveType(TypeSolver.java:71)

18788      ERROR Test worker     d.u.i.k.n.b.AbstractBuilder  com.github.javaparser.resolution.UnsolvedSymbolException: Unsolved symbol in de.uka.ilkd.key.java.JavaParserFactory$DynamicTypeSolver@dc54576 : java.lang.Object
	at com.github.javaparser.resolution.TypeSolver.solveType(TypeSolver.java:71)

18788      ERROR Test worker     d.u.i.k.n.b.TacletPBuilder Error in parsing taclet. de.uka.ilkd.key.util.parsing.BuildingException: Unsolved symbol in de.uka.ilkd.key.java.JavaParserFactory$DynamicTypeSolver@dc54576 : java.lang.Object at file:/home/runner/work/key/key/key.core/build/resources/main/de/uka/ilkd/key/proof/rules/execRules.key:1059:15
	at de.uka.ilkd.key.nparser.builder.AbstractBuilder.accept(AbstractBuilder.java:54)
Caused by: com.github.javaparser.resolution.UnsolvedSymbolException: Unsolved symbol in de.uka.ilkd.key.java.JavaParserFactory$DynamicTypeSolver@dc54576 : java.lang.Object
	at com.github.javaparser.resolution.TypeSolver.solveType(TypeSolver.java:71)

18792      ERROR Test worker     d.u.i.k.n.b.AbstractBuilder  com.github.javaparser.resolution.UnsolvedSymbolException: Unsolved symbol in de.uka.ilkd.key.java.JavaParserFactory$DynamicTypeSolver@dc54576 : java.lang.Object
	at com.github.javaparser.resolution.TypeSolver.solveType(TypeSolver.java:71)

18793      ERROR Test worker     d.u.i.k.n.b.TacletPBuilder Error in parsing taclet. de.uka.ilkd.key.util.parsing.BuildingException: Unsolved symbol in de.uka.ilkd.key.java.JavaParserFactory$DynamicTypeSolver@dc54576 : java.lang.Object at file:/home/runner/work/key/key/key.core/build/resources/main/de/uka/ilkd/key/proof/rules/execRules.key:1075:15
	at de.uka.ilkd.key.nparser.builder.AbstractBuilder.accept(AbstractBuilder.java:54)
Caused by: com.github.javaparser.resolution.UnsolvedSymbolException: Unsolved symbol in de.uka.ilkd.key.java.JavaParserFactory$DynamicTypeSolver@dc54576 : java.lang.Object
	at com.github.javaparser.resolution.TypeSolver.solveType(TypeSolver.java:71)

18794      ERROR Test worker     d.u.i.k.n.b.AbstractBuilder  com.github.javaparser.resolution.UnsolvedSymbolException: Unsolved symbol in de.uka.ilkd.key.java.JavaParserFactory$DynamicTypeSolver@dc54576 : java.lang.Object
	at com.github.javaparser.resolution.TypeSolver.solveType(TypeSolver.java:71)

18795      ERROR Test worker     d.u.i.k.n.b.TacletPBuilder Error in parsing taclet. de.uka.ilkd.key.util.parsing.BuildingException: Unsolved symbol in de.uka.ilkd.key.java.JavaParserFactory$DynamicTypeSolver@dc54576 : java.lang.Object at file:/home/runner/work/key/key/key.core/build/resources/main/de/uka/ilkd/key/proof/rules/execRules.key:1091:15
	at de.uka.ilkd.key.nparser.builder.AbstractBuilder.accept(AbstractBuilder.java:54)
Caused by: com.github.javaparser.resolution.UnsolvedSymbolException: Unsolved symbol in de.uka.ilkd.key.java.JavaParserFactory$DynamicTypeSolver@dc54576 : java.lang.Object
	at com.github.javaparser.resolution.TypeSolver.solveType(TypeSolver.java:71)

18797      ERROR Test worker     d.u.i.k.n.b.AbstractBuilder  com.github.javaparser.resolution.UnsolvedSymbolException: Unsolved symbol in de.uka.ilkd.key.java.JavaParserFactory$DynamicTypeSolver@dc54576 : java.lang.Object
	at com.github.javaparser.resolution.TypeSolver.solveType(TypeSolver.java:71)

18797      ERROR Test worker     d.u.i.k.n.b.TacletPBuilder Error in parsing taclet. de.uka.ilkd.key.util.parsing.BuildingException: Unsolved symbol in de.uka.ilkd.key.java.JavaParserFactory$DynamicTypeSolver@dc54576 : java.lang.Object at file:/home/runner/work/key/key/key.core/build/resources/main/de/uka/ilkd/key/proof/rules/execRules.key:1107:15
	at de.uka.ilkd.key.nparser.builder.AbstractBuilder.accept(AbstractBuilder.java:54)
Caused by: com.github.javaparser.resolution.UnsolvedSymbolException: Unsolved symbol in de.uka.ilkd.key.java.JavaParserFactory$DynamicTypeSolver@dc54576 : java.lang.Object
	at com.github.javaparser.resolution.TypeSolver.solveType(TypeSolver.java:71)

18799      ERROR Test worker     d.u.i.k.n.b.AbstractBuilder  com.github.javaparser.resolution.UnsolvedSymbolException: Unsolved symbol in de.uka.ilkd.key.java.JavaParserFactory$DynamicTypeSolver@dc54576 : java.lang.Object
	at com.github.javaparser.resolution.TypeSolver.solveType(TypeSolver.java:71)

18799      ERROR Test worker     d.u.i.k.n.b.TacletPBuilder Error in parsing taclet. de.uka.ilkd.key.util.parsing.BuildingException: Unsolved symbol in de.uka.ilkd.key.java.JavaParserFactory$DynamicTypeSolver@dc54576 : java.lang.Object at file:/home/runner/work/key/key/key.core/build/resources/main/de/uka/ilkd/key/proof/rules/execRules.key:1123:15
	at de.uka.ilkd.key.nparser.builder.AbstractBuilder.accept(AbstractBuilder.java:54)
Caused by: com.github.javaparser.resolution.UnsolvedSymbolException: Unsolved symbol in de.uka.ilkd.key.java.JavaParserFactory$DynamicTypeSolver@dc54576 : java.lang.Object
	at com.github.javaparser.resolution.TypeSolver.solveType(TypeSolver.java:71)

18813      ERROR Test worker     d.u.i.k.n.b.AbstractBuilder  com.github.javaparser.resolution.UnsolvedSymbolException: Unsolved symbol in de.uka.ilkd.key.java.JavaParserFactory$DynamicTypeSolver@dc54576 : java.lang.Object
	at com.github.javaparser.resolution.TypeSolver.solveType(TypeSolver.java:71)

18814      ERROR Test worker     d.u.i.k.n.b.TacletPBuilder Error in parsing taclet. de.uka.ilkd.key.util.parsing.BuildingException: Unsolved symbol in de.uka.ilkd.key.java.JavaParserFactory$DynamicTypeSolver@dc54576 : java.lang.Object at file:/home/runner/work/key/key/key.core/build/resources/main/de/uka/ilkd/key/proof/rules/loopScopeRules.key:38:16
	at de.uka.ilkd.key.nparser.builder.AbstractBuilder.accept(AbstractBuilder.java:54)
Caused by: com.github.javaparser.resolution.UnsolvedSymbolException: Unsolved symbol in de.uka.ilkd.key.java.JavaParserFactory$DynamicTypeSolver@dc54576 : java.lang.Object
	at com.github.javaparser.resolution.TypeSolver.solveType(TypeSolver.java:71)

18814      ERROR Test worker     d.u.i.k.n.b.TacletPBuilder Override: inv (formula) inv (formula) 
18814      ERROR Test worker     d.u.i.k.n.b.TacletPBuilder Override: freeInv (formula) freeInv (formula) 
18814      ERROR Test worker     d.u.i.k.n.b.TacletPBuilder Override: loopFormula (formula) loopFormula (formula) 
18814      ERROR Test worker     d.u.i.k.n.b.TacletPBuilder Override: #loopStmt (program Statement) #loopStmt (program Statement) 
18814      ERROR Test worker     d.u.i.k.n.b.TacletPBuilder Override: anon_heap_LOOP (Heap skolem term) anon_heap_LOOP (Heap skolem term) 
18814      ERROR Test worker     d.u.i.k.n.b.TacletPBuilder Override: anon_savedHeap_LOOP (Heap skolem term) anon_savedHeap_LOOP (Heap skolem term) 
18814      ERROR Test worker     d.u.i.k.n.b.TacletPBuilder Override: anon_permissions_LOOP (Heap skolem term) anon_permissions_LOOP (Heap skolem term) 
18814      ERROR Test worker     d.u.i.k.n.b.TacletPBuilder Override: #heapBefore_LOOP (program Variable) #heapBefore_LOOP (program Variable) 
18814      ERROR Test worker     d.u.i.k.n.b.TacletPBuilder Override: #savedHeapBefore_LOOP (program Variable) #savedHeapBefore_LOOP (program Variable) 
18814      ERROR Test worker     d.u.i.k.n.b.TacletPBuilder Override: #permissionsBefore_LOOP (program Variable) #permissionsBefore_LOOP (program Variable) 
18816      ERROR Test worker     d.u.i.k.n.b.AbstractBuilder  com.github.javaparser.resolution.UnsolvedSymbolException: Unsolved symbol in de.uka.ilkd.key.java.JavaParserFactory$DynamicTypeSolver@dc54576 : java.lang.Object
	at com.github.javaparser.resolution.TypeSolver.solveType(TypeSolver.java:71)

18822      ERROR Test worker     d.u.i.k.n.b.TacletPBuilder Error in parsing taclet. de.uka.ilkd.key.util.parsing.BuildingException: Unsolved symbol in de.uka.ilkd.key.java.JavaParserFactory$DynamicTypeSolver@dc54576 : java.lang.Object at file:/home/runner/work/key/key/key.core/build/resources/main/de/uka/ilkd/key/proof/rules/loopScopeRules.key:110:16
	at de.uka.ilkd.key.nparser.builder.AbstractBuilder.accept(AbstractBuilder.java:54)
Caused by: com.github.javaparser.resolution.UnsolvedSymbolException: Unsolved symbol in de.uka.ilkd.key.java.JavaParserFactory$DynamicTypeSolver@dc54576 : java.lang.Object
	at com.github.javaparser.resolution.TypeSolver.solveType(TypeSolver.java:71)

18824      ERROR Test worker     d.u.i.k.n.b.AbstractBuilder  com.github.javaparser.resolution.UnsolvedSymbolException: Unsolved symbol in de.uka.ilkd.key.java.JavaParserFactory$DynamicTypeSolver@dc54576 : java.lang.Object
	at com.github.javaparser.resolution.TypeSolver.solveType(TypeSolver.java:71)

18824      ERROR Test worker     d.u.i.k.n.b.TacletPBuilder Error in parsing taclet. de.uka.ilkd.key.util.parsing.BuildingException: Unsolved symbol in de.uka.ilkd.key.java.JavaParserFactory$DynamicTypeSolver@dc54576 : java.lang.Object at file:/home/runner/work/key/key/key.core/build/resources/main/de/uka/ilkd/key/proof/rules/loopScopeRules.key:160:16
	at de.uka.ilkd.key.nparser.builder.AbstractBuilder.accept(AbstractBuilder.java:54)
Caused by: com.github.javaparser.resolution.UnsolvedSymbolException: Unsolved symbol in de.uka.ilkd.key.java.JavaParserFactory$DynamicTypeSolver@dc54576 : java.lang.Object
	at com.github.javaparser.resolution.TypeSolver.solveType(TypeSolver.java:71)

18824      ERROR Test worker     d.u.i.k.n.b.TacletPBuilder Override: inv (formula) inv (formula) 
18824      ERROR Test worker     d.u.i.k.n.b.TacletPBuilder Override: freeInv (formula) freeInv (formula) 
18824      ERROR Test worker     d.u.i.k.n.b.TacletPBuilder Override: variantTerm (any term) variantTerm (any term) 
18825      ERROR Test worker     d.u.i.k.n.b.TacletPBuilder Override: loopFormula (formula) loopFormula (formula) 
18825      ERROR Test worker     d.u.i.k.n.b.TacletPBuilder Override: #loopStmt (program Statement) #loopStmt (program Statement) 
18825      ERROR Test worker     d.u.i.k.n.b.TacletPBuilder Override: #variant (program Variable) #variant (program Variable) 
18825      ERROR Test worker     d.u.i.k.n.b.TacletPBuilder Override: anon_heap_LOOP (Heap skolem term) anon_heap_LOOP (Heap skolem term) 
18825      ERROR Test worker     d.u.i.k.n.b.TacletPBuilder Override: anon_savedHeap_LOOP (Heap skolem term) anon_savedHeap_LOOP (Heap skolem term) 
18825      ERROR Test worker     d.u.i.k.n.b.TacletPBuilder Override: anon_permissions_LOOP (Heap skolem term) anon_permissions_LOOP (Heap skolem term) 
18825      ERROR Test worker     d.u.i.k.n.b.TacletPBuilder Override: #heapBefore_LOOP (program Variable) #heapBefore_LOOP (program Variable) 
18836      ERROR Test worker     d.u.i.k.n.b.TacletPBuilder Override: #savedHeapBefore_LOOP (program Variable) #savedHeapBefore_LOOP (program Variable) 
18837      ERROR Test worker     d.u.i.k.n.b.TacletPBuilder Override: #permissionsBefore_LOOP (program Variable) #permissionsBefore_LOOP (program Variable) 
18838      ERROR Test worker     d.u.i.k.n.b.AbstractBuilder  com.github.javaparser.resolution.UnsolvedSymbolException: Unsolved symbol in de.uka.ilkd.key.java.JavaParserFactory$DynamicTypeSolver@dc54576 : java.lang.Object
	at com.github.javaparser.resolution.TypeSolver.solveType(TypeSolver.java:71)

18839      ERROR Test worker     d.u.i.k.n.b.TacletPBuilder Error in parsing taclet. de.uka.ilkd.key.util.parsing.BuildingException: Unsolved symbol in de.uka.ilkd.key.java.JavaParserFactory$DynamicTypeSolver@dc54576 : java.lang.Object at file:/home/runner/work/key/key/key.core/build/resources/main/de/uka/ilkd/key/proof/rules/loopScopeRules.key:207:16
	at de.uka.ilkd.key.nparser.builder.AbstractBuilder.accept(AbstractBuilder.java:54)
Caused by: com.github.javaparser.resolution.UnsolvedSymbolException: Unsolved symbol in de.uka.ilkd.key.java.JavaParserFactory$DynamicTypeSolver@dc54576 : java.lang.Object
	at com.github.javaparser.resolution.TypeSolver.solveType(TypeSolver.java:71)

18839      ERROR Test worker     d.u.i.k.n.b.TacletPBuilder Override: inv (formula) inv (formula) 
18839      ERROR Test worker     d.u.i.k.n.b.TacletPBuilder Override: freeInv (formula) freeInv (formula) 
18839      ERROR Test worker     d.u.i.k.n.b.TacletPBuilder Override: loopFormula (formula) loopFormula (formula) 
18839      ERROR Test worker     d.u.i.k.n.b.TacletPBuilder Override: #loopStmt (program Statement) #loopStmt (program Statement) 
18839      ERROR Test worker     d.u.i.k.n.b.TacletPBuilder Override: anon_heap_LOOP (Heap skolem term) anon_heap_LOOP (Heap skolem term) 
18839      ERROR Test worker     d.u.i.k.n.b.TacletPBuilder Override: anon_savedHeap_LOOP (Heap skolem term) anon_savedHeap_LOOP (Heap skolem term) 
18840      ERROR Test worker     d.u.i.k.n.b.TacletPBuilder Override: anon_permissions_LOOP (Heap skolem term) anon_permissions_LOOP (Heap skolem term) 
18840      ERROR Test worker     d.u.i.k.n.b.TacletPBuilder Override: #heapBefore_LOOP (program Variable) #heapBefore_LOOP (program Variable) 
18840      ERROR Test worker     d.u.i.k.n.b.TacletPBuilder Override: #savedHeapBefore_LOOP (program Variable) #savedHeapBefore_LOOP (program Variable) 
18840      ERROR Test worker     d.u.i.k.n.b.TacletPBuilder Override: #permissionsBefore_LOOP (program Variable) #permissionsBefore_LOOP (program Variable) 
18841      ERROR Test worker     d.u.i.k.n.b.AbstractBuilder  com.github.javaparser.resolution.UnsolvedSymbolException: Unsolved symbol in de.uka.ilkd.key.java.JavaParserFactory$DynamicTypeSolver@dc54576 : java.lang.Object
	at com.github.javaparser.resolution.TypeSolver.solveType(TypeSolver.java:71)

18842      ERROR Test worker     d.u.i.k.n.b.TacletPBuilder Error in parsing taclet. de.uka.ilkd.key.util.parsing.BuildingException: Unsolved symbol in de.uka.ilkd.key.java.JavaParserFactory$DynamicTypeSolver@dc54576 : java.lang.Object at file:/home/runner/work/key/key/key.core/build/resources/main/de/uka/ilkd/key/proof/rules/loopScopeRules.key:297:16
	at de.uka.ilkd.key.nparser.builder.AbstractBuilder.accept(AbstractBuilder.java:54)
Caused by: com.github.javaparser.resolution.UnsolvedSymbolException: Unsolved symbol in de.uka.ilkd.key.java.JavaParserFactory$DynamicTypeSolver@dc54576 : java.lang.Object
	at com.github.javaparser.resolution.TypeSolver.solveType(TypeSolver.java:71)

18843      ERROR Test worker     d.u.i.k.n.b.AbstractBuilder  com.github.javaparser.resolution.UnsolvedSymbolException: Unsolved symbol in de.uka.ilkd.key.java.JavaParserFactory$DynamicTypeSolver@dc54576 : java.lang.Object
	at com.github.javaparser.resolution.TypeSolver.solveType(TypeSolver.java:71)

18849      ERROR Test worker     d.u.i.k.n.b.TacletPBuilder Error in parsing taclet. de.uka.ilkd.key.util.parsing.BuildingException: Unsolved symbol in de.uka.ilkd.key.java.JavaParserFactory$DynamicTypeSolver@dc54576 : java.lang.Object at file:/home/runner/work/key/key/key.core/build/resources/main/de/uka/ilkd/key/proof/rules/loopScopeRules.key:375:15
	at de.uka.ilkd.key.nparser.builder.AbstractBuilder.accept(AbstractBuilder.java:54)
Caused by: com.github.javaparser.resolution.UnsolvedSymbolException: Unsolved symbol in de.uka.ilkd.key.java.JavaParserFactory$DynamicTypeSolver@dc54576 : java.lang.Object
	at com.github.javaparser.resolution.TypeSolver.solveType(TypeSolver.java:71)

18851      ERROR Test worker     d.u.i.k.n.b.AbstractBuilder  com.github.javaparser.resolution.UnsolvedSymbolException: Unsolved symbol in de.uka.ilkd.key.java.JavaParserFactory$DynamicTypeSolver@dc54576 : java.lang.Object
	at com.github.javaparser.resolution.TypeSolver.solveType(TypeSolver.java:71)

18851      ERROR Test worker     d.u.i.k.n.b.TacletPBuilder Error in parsing taclet. de.uka.ilkd.key.util.parsing.BuildingException: Unsolved symbol in de.uka.ilkd.key.java.JavaParserFactory$DynamicTypeSolver@dc54576 : java.lang.Object at file:/home/runner/work/key/key/key.core/build/resources/main/de/uka/ilkd/key/proof/rules/loopScopeRules.key:381:15
	at de.uka.ilkd.key.nparser.builder.AbstractBuilder.accept(AbstractBuilder.java:54)
Caused by: com.github.javaparser.resolution.UnsolvedSymbolException: Unsolved symbol in de.uka.ilkd.key.java.JavaParserFactory$DynamicTypeSolver@dc54576 : java.lang.Object
	at com.github.javaparser.resolution.TypeSolver.solveType(TypeSolver.java:71)

18853      ERROR Test worker     d.u.i.k.n.b.AbstractBuilder  com.github.javaparser.resolution.UnsolvedSymbolException: Unsolved symbol in de.uka.ilkd.key.java.JavaParserFactory$DynamicTypeSolver@dc54576 : java.lang.Object
	at com.github.javaparser.resolution.TypeSolver.solveType(TypeSolver.java:71)

18859      ERROR Test worker     d.u.i.k.n.b.TacletPBuilder Error in parsing taclet. de.uka.ilkd.key.util.parsing.BuildingException: Unsolved symbol in de.uka.ilkd.key.java.JavaParserFactory$DynamicTypeSolver@dc54576 : java.lang.Object at file:/home/runner/work/key/key/key.core/build/resources/main/de/uka/ilkd/key/proof/rules/loopScopeRules.key:387:15
	at de.uka.ilkd.key.nparser.builder.AbstractBuilder.accept(AbstractBuilder.java:54)
Caused by: com.github.javaparser.resolution.UnsolvedSymbolException: Unsolved symbol in de.uka.ilkd.key.java.JavaParserFactory$DynamicTypeSolver@dc54576 : java.lang.Object
	at com.github.javaparser.resolution.TypeSolver.solveType(TypeSolver.java:71)

18861      ERROR Test worker     d.u.i.k.n.b.AbstractBuilder  com.github.javaparser.resolution.UnsolvedSymbolException: Unsolved symbol in de.uka.ilkd.key.java.JavaParserFactory$DynamicTypeSolver@dc54576 : java.lang.Object
	at com.github.javaparser.resolution.TypeSolver.solveType(TypeSolver.java:71)

18861      ERROR Test worker     d.u.i.k.n.b.TacletPBuilder Error in parsing taclet. de.uka.ilkd.key.util.parsing.BuildingException: Unsolved symbol in de.uka.ilkd.key.java.JavaParserFactory$DynamicTypeSolver@dc54576 : java.lang.Object at file:/home/runner/work/key/key/key.core/build/resources/main/de/uka/ilkd/key/proof/rules/loopScopeRules.key:395:15
	at de.uka.ilkd.key.nparser.builder.AbstractBuilder.accept(AbstractBuilder.java:54)
Caused by: com.github.javaparser.resolution.UnsolvedSymbolException: Unsolved symbol in de.uka.ilkd.key.java.JavaParserFactory$DynamicTypeSolver@dc54576 : java.lang.Object
	at com.github.javaparser.resolution.TypeSolver.solveType(TypeSolver.java:71)

18861      ERROR Test worker     d.u.i.k.n.b.TacletPBuilder Override: #lsStmt (program Statement) #lsStmt (program Statement) 
18863      ERROR Test worker     d.u.i.k.n.b.AbstractBuilder  com.github.javaparser.resolution.UnsolvedSymbolException: Unsolved symbol in de.uka.ilkd.key.java.JavaParserFactory$DynamicTypeSolver@dc54576 : java.lang.Object
	at com.github.javaparser.resolution.TypeSolver.solveType(TypeSolver.java:71)

18863      ERROR Test worker     d.u.i.k.n.b.TacletPBuilder Error in parsing taclet. de.uka.ilkd.key.util.parsing.BuildingException: Unsolved symbol in de.uka.ilkd.key.java.JavaParserFactory$DynamicTypeSolver@dc54576 : java.lang.Object at file:/home/runner/work/key/key/key.core/build/resources/main/de/uka/ilkd/key/proof/rules/loopScopeRules.key:410:15
	at de.uka.ilkd.key.nparser.builder.AbstractBuilder.accept(AbstractBuilder.java:54)
Caused by: com.github.javaparser.resolution.UnsolvedSymbolException: Unsolved symbol in de.uka.ilkd.key.java.JavaParserFactory$DynamicTypeSolver@dc54576 : java.lang.Object
	at com.github.javaparser.resolution.TypeSolver.solveType(TypeSolver.java:71)

18865      ERROR Test worker     d.u.i.k.n.b.AbstractBuilder  com.github.javaparser.resolution.UnsolvedSymbolException: Unsolved symbol in de.uka.ilkd.key.java.JavaParserFactory$DynamicTypeSolver@dc54576 : java.lang.Object
	at com.github.javaparser.resolution.TypeSolver.solveType(TypeSolver.java:71)

18869      ERROR Test worker     d.u.i.k.n.b.TacletPBuilder Error in parsing taclet. de.uka.ilkd.key.util.parsing.BuildingException: Unsolved symbol in de.uka.ilkd.key.java.JavaParserFactory$DynamicTypeSolver@dc54576 : java.lang.Object at file:/home/runner/work/key/key/key.core/build/resources/main/de/uka/ilkd/key/proof/rules/loopScopeRules.key:418:15
	at de.uka.ilkd.key.nparser.builder.AbstractBuilder.accept(AbstractBuilder.java:54)
Caused by: com.github.javaparser.resolution.UnsolvedSymbolException: Unsolved symbol in de.uka.ilkd.key.java.JavaParserFactory$DynamicTypeSolver@dc54576 : java.lang.Object
	at com.github.javaparser.resolution.TypeSolver.solveType(TypeSolver.java:71)

18871      ERROR Test worker     d.u.i.k.n.b.AbstractBuilder  com.github.javaparser.resolution.UnsolvedSymbolException: Unsolved symbol in de.uka.ilkd.key.java.JavaParserFactory$DynamicTypeSolver@dc54576 : java.lang.Object
	at com.github.javaparser.resolution.TypeSolver.solveType(TypeSolver.java:71)

18871      ERROR Test worker     d.u.i.k.n.b.TacletPBuilder Error in parsing taclet. de.uka.ilkd.key.util.parsing.BuildingException: Unsolved symbol in de.uka.ilkd.key.java.JavaParserFactory$DynamicTypeSolver@dc54576 : java.lang.Object at file:/home/runner/work/key/key/key.core/build/resources/main/de/uka/ilkd/key/proof/rules/loopScopeRules.key:424:15
	at de.uka.ilkd.key.nparser.builder.AbstractBuilder.accept(AbstractBuilder.java:54)
Caused by: com.github.javaparser.resolution.UnsolvedSymbolException: Unsolved symbol in de.uka.ilkd.key.java.JavaParserFactory$DynamicTypeSolver@dc54576 : java.lang.Object
	at com.github.javaparser.resolution.TypeSolver.solveType(TypeSolver.java:71)

18873      ERROR Test worker     d.u.i.k.n.b.AbstractBuilder  com.github.javaparser.resolution.UnsolvedSymbolException: Unsolved symbol in de.uka.ilkd.key.java.JavaParserFactory$DynamicTypeSolver@dc54576 : java.lang.Object
	at com.github.javaparser.resolution.TypeSolver.solveType(TypeSolver.java:71)

18879      ERROR Test worker     d.u.i.k.n.b.TacletPBuilder Error in parsing taclet. de.uka.ilkd.key.util.parsing.BuildingException: Unsolved symbol in de.uka.ilkd.key.java.JavaParserFactory$DynamicTypeSolver@dc54576 : java.lang.Object at file:/home/runner/work/key/key/key.core/build/resources/main/de/uka/ilkd/key/proof/rules/loopScopeRules.key:430:15
	at de.uka.ilkd.key.nparser.builder.AbstractBuilder.accept(AbstractBuilder.java:54)
Caused by: com.github.javaparser.resolution.UnsolvedSymbolException: Unsolved symbol in de.uka.ilkd.key.java.JavaParserFactory$DynamicTypeSolver@dc54576 : java.lang.Object
	at com.github.javaparser.resolution.TypeSolver.solveType(TypeSolver.java:71)

18881      ERROR Test worker     d.u.i.k.n.b.AbstractBuilder  com.github.javaparser.resolution.UnsolvedSymbolException: Unsolved symbol in de.uka.ilkd.key.java.JavaParserFactory$DynamicTypeSolver@dc54576 : java.lang.Object
	at com.github.javaparser.resolution.TypeSolver.solveType(TypeSolver.java:71)

18881      ERROR Test worker     d.u.i.k.n.b.TacletPBuilder Error in parsing taclet. de.uka.ilkd.key.util.parsing.BuildingException: Unsolved symbol in de.uka.ilkd.key.java.JavaParserFactory$DynamicTypeSolver@dc54576 : java.lang.Object at file:/home/runner/work/key/key/key.core/build/resources/main/de/uka/ilkd/key/proof/rules/loopScopeRules.key:436:15
	at de.uka.ilkd.key.nparser.builder.AbstractBuilder.accept(AbstractBuilder.java:54)
Caused by: com.github.javaparser.resolution.UnsolvedSymbolException: Unsolved symbol in de.uka.ilkd.key.java.JavaParserFactory$DynamicTypeSolver@dc54576 : java.lang.Object
	at com.github.javaparser.resolution.TypeSolver.solveType(TypeSolver.java:71)

18883      ERROR Test worker     d.u.i.k.n.b.AbstractBuilder  com.github.javaparser.resolution.UnsolvedSymbolException: Unsolved symbol in de.uka.ilkd.key.java.JavaParserFactory$DynamicTypeSolver@dc54576 : java.lang.Object
	at com.github.javaparser.resolution.TypeSolver.solveType(TypeSolver.java:71)

18883      ERROR Test worker     d.u.i.k.n.b.TacletPBuilder Error in parsing taclet. de.uka.ilkd.key.util.parsing.BuildingException: Unsolved symbol in de.uka.ilkd.key.java.JavaParserFactory$DynamicTypeSolver@dc54576 : java.lang.Object at file:/home/runner/work/key/key/key.core/build/resources/main/de/uka/ilkd/key/proof/rules/loopScopeRules.key:446:15
	at de.uka.ilkd.key.nparser.builder.AbstractBuilder.accept(AbstractBuilder.java:54)
Caused by: com.github.javaparser.resolution.UnsolvedSymbolException: Unsolved symbol in de.uka.ilkd.key.java.JavaParserFactory$DynamicTypeSolver@dc54576 : java.lang.Object
	at com.github.javaparser.resolution.TypeSolver.solveType(TypeSolver.java:71)

18885      ERROR Test worker     d.u.i.k.n.b.AbstractBuilder  com.github.javaparser.resolution.UnsolvedSymbolException: Unsolved symbol in de.uka.ilkd.key.java.JavaParserFactory$DynamicTypeSolver@dc54576 : java.lang.Object
	at com.github.javaparser.resolution.TypeSolver.solveType(TypeSolver.java:71)

18887      ERROR Test worker     d.u.i.k.n.b.TacletPBuilder Error in parsing taclet. de.uka.ilkd.key.util.parsing.BuildingException: Unsolved symbol in de.uka.ilkd.key.java.JavaParserFactory$DynamicTypeSolver@dc54576 : java.lang.Object at file:/home/runner/work/key/key/key.core/build/resources/main/de/uka/ilkd/key/proof/rules/loopScopeRules.key:452:15
	at de.uka.ilkd.key.nparser.builder.AbstractBuilder.accept(AbstractBuilder.java:54)
Caused by: com.github.javaparser.resolution.UnsolvedSymbolException: Unsolved symbol in de.uka.ilkd.key.java.JavaParserFactory$DynamicTypeSolver@dc54576 : java.lang.Object
	at com.github.javaparser.resolution.TypeSolver.solveType(TypeSolver.java:71)

18891      ERROR Test worker     d.u.i.k.n.b.AbstractBuilder  com.github.javaparser.resolution.UnsolvedSymbolException: Unsolved symbol in de.uka.ilkd.key.java.JavaParserFactory$DynamicTypeSolver@dc54576 : java.lang.Object
	at com.github.javaparser.resolution.TypeSolver.solveType(TypeSolver.java:71)

18891      ERROR Test worker     d.u.i.k.n.b.TacletPBuilder Error in parsing taclet. de.uka.ilkd.key.util.parsing.BuildingException: Unsolved symbol in de.uka.ilkd.key.java.JavaParserFactory$DynamicTypeSolver@dc54576 : java.lang.Object at file:/home/runner/work/key/key/key.core/build/resources/main/de/uka/ilkd/key/proof/rules/loopScopeRules.key:458:15
	at de.uka.ilkd.key.nparser.builder.AbstractBuilder.accept(AbstractBuilder.java:54)
Caused by: com.github.javaparser.resolution.UnsolvedSymbolException: Unsolved symbol in de.uka.ilkd.key.java.JavaParserFactory$DynamicTypeSolver@dc54576 : java.lang.Object
	at com.github.javaparser.resolution.TypeSolver.solveType(TypeSolver.java:71)

18893      ERROR Test worker     d.u.i.k.n.b.AbstractBuilder  com.github.javaparser.resolution.UnsolvedSymbolException: Unsolved symbol in de.uka.ilkd.key.java.JavaParserFactory$DynamicTypeSolver@dc54576 : java.lang.Object
	at com.github.javaparser.resolution.TypeSolver.solveType(TypeSolver.java:71)

18899      ERROR Test worker     d.u.i.k.n.b.TacletPBuilder Error in parsing taclet. de.uka.ilkd.key.util.parsing.BuildingException: Unsolved symbol in de.uka.ilkd.key.java.JavaParserFactory$DynamicTypeSolver@dc54576 : java.lang.Object at file:/home/runner/work/key/key/key.core/build/resources/main/de/uka/ilkd/key/proof/rules/loopScopeRules.key:464:15
	at de.uka.ilkd.key.nparser.builder.AbstractBuilder.accept(AbstractBuilder.java:54)
Caused by: com.github.javaparser.resolution.UnsolvedSymbolException: Unsolved symbol in de.uka.ilkd.key.java.JavaParserFactory$DynamicTypeSolver@dc54576 : java.lang.Object
	at com.github.javaparser.resolution.TypeSolver.solveType(TypeSolver.java:71)

19076      ERROR Test worker     d.u.i.k.j.KeYJPMapping    Duplicate registration of node: boolean, formerNode: /*@ pure @*/
boolean 
19202      ERROR Test worker     d.u.i.k.j.KeYJPMapping    Duplicate registration of node: /*@pure*/
int, formerNode: int 
19205      ERROR Test worker     d.u.i.k.j.KeYJPMapping    Duplicate registration of node: /*@ helper */
int, formerNode: int 
19205      ERROR Test worker     d.u.i.k.j.KeYJPMapping    Duplicate registration of node: /*@ helper */
boolean, formerNode: /*@ pure @*/
boolean 
19206      ERROR Test worker     d.u.i.k.j.KeYJPMapping    Duplicate registration of node: /*@ helper */
char, formerNode: char 
19208      ERROR Test worker     d.u.i.k.j.KeYJPMapping    Duplicate registration of node: byte[], formerNode: byte[] 
19212      ERROR Test worker     d.u.i.k.j.KeYJPMapping    Duplicate registration of node: /*@ helper */
java.lang.String, formerNode: java.lang.String 
19247      ERROR Test worker     d.u.i.k.j.KeYJPMapping    Duplicate registration of node: /*@strictly_pure*/
java.lang.String, formerNode: java.lang.String 
19264      ERROR Test worker     d.u.i.k.j.KeYJPMapping    Duplicate registration of node: /*@nullable@*/
Object, formerNode: Object 
19309      ERROR Test worker     d.u.i.k.j.KeYJPMapping    Duplicate registration of node: /*@pure@*/
String, formerNode: String 
19368      DEBUG Test worker     d.u.i.k.p.i.AbstractProblemLoader Init config took 5.01s 
19439      INFO  Test worker     d.u.i.k.p.i.AbstractProblemLoader Replaying proof doubleSkolem.key 
19519      DEBUG Test worker     d.u.i.k.p.i.IntermediateProofReplayer Proof replay took 29.4ns 
19580      DEBUG Test worker     d.u.i.k.m.s.ProofScriptEngine [1] goal: 0, source line: 2, command: 'rule orRight' 
19609      DEBUG Test worker     d.u.i.k.m.s.ProofScriptEngine [2] goal: 1, source line: 3, command: 'rule allRight formula='\forall int i; i > 0'' 
19612      DEBUG Test worker     d.u.i.k.m.s.ProofScriptEngine [3] goal: 2, source line: 4, command: 'rule allRight formula='\forall int i; i < 0'' 
]]></system-err>
</testsuite>
