<?xml version="1.0" encoding="UTF-8"?>
<testsuite name="de.uka.ilkd.key.parser.TestParser" tests="5" skipped="1" failures="3" errors="0" timestamp="2023-06-12T16:44:16" hostname="fv-az336-283" time="4.664">
  <properties/>
  <testcase name="testConstantEvaluationError()" classname="de.uka.ilkd.key.parser.TestParser" time="3.989">
    <failure message="org.opentest4j.AssertionFailedError: Expected de.uka.ilkd.key.proof.io.ProblemLoaderException to be thrown, but nothing was thrown." type="org.opentest4j.AssertionFailedError">org.opentest4j.AssertionFailedError: Expected de.uka.ilkd.key.proof.io.ProblemLoaderException to be thrown, but nothing was thrown.
	at app//org.junit.jupiter.api.AssertionFailureBuilder.build(AssertionFailureBuilder.java:152)
	at app//org.junit.jupiter.api.AssertThrows.assertThrows(AssertThrows.java:73)
	at app//org.junit.jupiter.api.AssertThrows.assertThrows(AssertThrows.java:35)
	at app//org.junit.jupiter.api.Assertions.assertThrows(Assertions.java:3083)
	at app//de.uka.ilkd.key.parser.TestParser.testConstantEvaluationError(TestParser.java:90)
	at java.base@17.0.7/jdk.internal.reflect.NativeMethodAccessorImpl.invoke0(Native Method)
	at java.base@17.0.7/jdk.internal.reflect.NativeMethodAccessorImpl.invoke(NativeMethodAccessorImpl.java:77)
	at java.base@17.0.7/jdk.internal.reflect.DelegatingMethodAccessorImpl.invoke(DelegatingMethodAccessorImpl.java:43)
	at java.base@17.0.7/java.lang.reflect.Method.invoke(Method.java:568)
	at app//org.junit.platform.commons.util.ReflectionUtils.invokeMethod(ReflectionUtils.java:727)
	at app//org.junit.jupiter.engine.execution.MethodInvocation.proceed(MethodInvocation.java:60)
	at app//org.junit.jupiter.engine.execution.InvocationInterceptorChain$ValidatingInvocation.proceed(InvocationInterceptorChain.java:131)
	at app//org.junit.jupiter.engine.extension.TimeoutExtension.intercept(TimeoutExtension.java:156)
	at app//org.junit.jupiter.engine.extension.TimeoutExtension.interceptTestableMethod(TimeoutExtension.java:147)
	at app//org.junit.jupiter.engine.extension.TimeoutExtension.interceptTestMethod(TimeoutExtension.java:86)
	at app//org.junit.jupiter.engine.execution.InterceptingExecutableInvoker$ReflectiveInterceptorCall.lambda$ofVoidMethod$0(InterceptingExecutableInvoker.java:103)
	at app//org.junit.jupiter.engine.execution.InterceptingExecutableInvoker.lambda$invoke$0(InterceptingExecutableInvoker.java:93)
	at app//org.junit.jupiter.engine.execution.InvocationInterceptorChain$InterceptedInvocation.proceed(InvocationInterceptorChain.java:106)
	at app//org.junit.jupiter.engine.execution.InvocationInterceptorChain.proceed(InvocationInterceptorChain.java:64)
	at app//org.junit.jupiter.engine.execution.InvocationInterceptorChain.chainAndInvoke(InvocationInterceptorChain.java:45)
	at app//org.junit.jupiter.engine.execution.InvocationInterceptorChain.invoke(InvocationInterceptorChain.java:37)
	at app//org.junit.jupiter.engine.execution.InterceptingExecutableInvoker.invoke(InterceptingExecutableInvoker.java:92)
	at app//org.junit.jupiter.engine.execution.InterceptingExecutableInvoker.invoke(InterceptingExecutableInvoker.java:86)
	at app//org.junit.jupiter.engine.descriptor.TestMethodTestDescriptor.lambda$invokeTestMethod$7(TestMethodTestDescriptor.java:217)
	at app//org.junit.platform.engine.support.hierarchical.ThrowableCollector.execute(ThrowableCollector.java:73)
	at app//org.junit.jupiter.engine.descriptor.TestMethodTestDescriptor.invokeTestMethod(TestMethodTestDescriptor.java:213)
	at app//org.junit.jupiter.engine.descriptor.TestMethodTestDescriptor.execute(TestMethodTestDescriptor.java:138)
	at app//org.junit.jupiter.engine.descriptor.TestMethodTestDescriptor.execute(TestMethodTestDescriptor.java:68)
	at app//org.junit.platform.engine.support.hierarchical.NodeTestTask.lambda$executeRecursively$6(NodeTestTask.java:151)
	at app//org.junit.platform.engine.support.hierarchical.ThrowableCollector.execute(ThrowableCollector.java:73)
	at app//org.junit.platform.engine.support.hierarchical.NodeTestTask.lambda$executeRecursively$8(NodeTestTask.java:141)
	at app//org.junit.platform.engine.support.hierarchical.Node.around(Node.java:137)
	at app//org.junit.platform.engine.support.hierarchical.NodeTestTask.lambda$executeRecursively$9(NodeTestTask.java:139)
	at app//org.junit.platform.engine.support.hierarchical.ThrowableCollector.execute(ThrowableCollector.java:73)
	at app//org.junit.platform.engine.support.hierarchical.NodeTestTask.executeRecursively(NodeTestTask.java:138)
	at app//org.junit.platform.engine.support.hierarchical.NodeTestTask.execute(NodeTestTask.java:95)
	at java.base@17.0.7/java.util.ArrayList.forEach(ArrayList.java:1511)
	at app//org.junit.platform.engine.support.hierarchical.SameThreadHierarchicalTestExecutorService.invokeAll(SameThreadHierarchicalTestExecutorService.java:41)
	at app//org.junit.platform.engine.support.hierarchical.NodeTestTask.lambda$executeRecursively$6(NodeTestTask.java:155)
	at app//org.junit.platform.engine.support.hierarchical.ThrowableCollector.execute(ThrowableCollector.java:73)
	at app//org.junit.platform.engine.support.hierarchical.NodeTestTask.lambda$executeRecursively$8(NodeTestTask.java:141)
	at app//org.junit.platform.engine.support.hierarchical.Node.around(Node.java:137)
	at app//org.junit.platform.engine.support.hierarchical.NodeTestTask.lambda$executeRecursively$9(NodeTestTask.java:139)
	at app//org.junit.platform.engine.support.hierarchical.ThrowableCollector.execute(ThrowableCollector.java:73)
	at app//org.junit.platform.engine.support.hierarchical.NodeTestTask.executeRecursively(NodeTestTask.java:138)
	at app//org.junit.platform.engine.support.hierarchical.NodeTestTask.execute(NodeTestTask.java:95)
	at java.base@17.0.7/java.util.ArrayList.forEach(ArrayList.java:1511)
	at app//org.junit.platform.engine.support.hierarchical.SameThreadHierarchicalTestExecutorService.invokeAll(SameThreadHierarchicalTestExecutorService.java:41)
	at app//org.junit.platform.engine.support.hierarchical.NodeTestTask.lambda$executeRecursively$6(NodeTestTask.java:155)
	at app//org.junit.platform.engine.support.hierarchical.ThrowableCollector.execute(ThrowableCollector.java:73)
	at app//org.junit.platform.engine.support.hierarchical.NodeTestTask.lambda$executeRecursively$8(NodeTestTask.java:141)
	at app//org.junit.platform.engine.support.hierarchical.Node.around(Node.java:137)
	at app//org.junit.platform.engine.support.hierarchical.NodeTestTask.lambda$executeRecursively$9(NodeTestTask.java:139)
	at app//org.junit.platform.engine.support.hierarchical.ThrowableCollector.execute(ThrowableCollector.java:73)
	at app//org.junit.platform.engine.support.hierarchical.NodeTestTask.executeRecursively(NodeTestTask.java:138)
	at app//org.junit.platform.engine.support.hierarchical.NodeTestTask.execute(NodeTestTask.java:95)
	at app//org.junit.platform.engine.support.hierarchical.SameThreadHierarchicalTestExecutorService.submit(SameThreadHierarchicalTestExecutorService.java:35)
	at app//org.junit.platform.engine.support.hierarchical.HierarchicalTestExecutor.execute(HierarchicalTestExecutor.java:57)
	at app//org.junit.platform.engine.support.hierarchical.HierarchicalTestEngine.execute(HierarchicalTestEngine.java:54)
	at app//org.junit.platform.launcher.core.EngineExecutionOrchestrator.execute(EngineExecutionOrchestrator.java:107)
	at app//org.junit.platform.launcher.core.EngineExecutionOrchestrator.execute(EngineExecutionOrchestrator.java:88)
	at app//org.junit.platform.launcher.core.EngineExecutionOrchestrator.lambda$execute$0(EngineExecutionOrchestrator.java:54)
	at app//org.junit.platform.launcher.core.EngineExecutionOrchestrator.withInterceptedStreams(EngineExecutionOrchestrator.java:67)
	at app//org.junit.platform.launcher.core.EngineExecutionOrchestrator.execute(EngineExecutionOrchestrator.java:52)
	at app//org.junit.platform.launcher.core.DefaultLauncher.execute(DefaultLauncher.java:114)
	at app//org.junit.platform.launcher.core.DefaultLauncher.execute(DefaultLauncher.java:86)
	at app//org.junit.platform.launcher.core.DefaultLauncherSession$DelegatingLauncher.execute(DefaultLauncherSession.java:86)
	at org.gradle.api.internal.tasks.testing.junitplatform.JUnitPlatformTestClassProcessor$CollectAllTestClassesExecutor.processAllTestClasses(JUnitPlatformTestClassProcessor.java:110)
	at org.gradle.api.internal.tasks.testing.junitplatform.JUnitPlatformTestClassProcessor$CollectAllTestClassesExecutor.access$000(JUnitPlatformTestClassProcessor.java:90)
	at org.gradle.api.internal.tasks.testing.junitplatform.JUnitPlatformTestClassProcessor.stop(JUnitPlatformTestClassProcessor.java:85)
	at org.gradle.api.internal.tasks.testing.SuiteTestClassProcessor.stop(SuiteTestClassProcessor.java:62)
	at java.base@17.0.7/jdk.internal.reflect.NativeMethodAccessorImpl.invoke0(Native Method)
	at java.base@17.0.7/jdk.internal.reflect.NativeMethodAccessorImpl.invoke(NativeMethodAccessorImpl.java:77)
	at java.base@17.0.7/jdk.internal.reflect.DelegatingMethodAccessorImpl.invoke(DelegatingMethodAccessorImpl.java:43)
	at java.base@17.0.7/java.lang.reflect.Method.invoke(Method.java:568)
	at org.gradle.internal.dispatch.ReflectionDispatch.dispatch(ReflectionDispatch.java:36)
	at org.gradle.internal.dispatch.ReflectionDispatch.dispatch(ReflectionDispatch.java:24)
	at org.gradle.internal.dispatch.ContextClassLoaderDispatch.dispatch(ContextClassLoaderDispatch.java:33)
	at org.gradle.internal.dispatch.ProxyDispatchAdapter$DispatchingInvocationHandler.invoke(ProxyDispatchAdapter.java:94)
	at jdk.proxy2/jdk.proxy2.$Proxy5.stop(Unknown Source)
	at org.gradle.api.internal.tasks.testing.worker.TestWorker$3.run(TestWorker.java:193)
	at org.gradle.api.internal.tasks.testing.worker.TestWorker.executeAndMaintainThreadName(TestWorker.java:129)
	at org.gradle.api.internal.tasks.testing.worker.TestWorker.execute(TestWorker.java:100)
	at org.gradle.api.internal.tasks.testing.worker.TestWorker.execute(TestWorker.java:60)
	at org.gradle.process.internal.worker.child.ActionExecutionWorker.execute(ActionExecutionWorker.java:56)
	at org.gradle.process.internal.worker.child.SystemApplicationClassLoaderWorker.call(SystemApplicationClassLoaderWorker.java:113)
	at org.gradle.process.internal.worker.child.SystemApplicationClassLoaderWorker.call(SystemApplicationClassLoaderWorker.java:65)
	at app//worker.org.gradle.process.internal.worker.GradleWorkerMain.run(GradleWorkerMain.java:69)
	at app//worker.org.gradle.process.internal.worker.GradleWorkerMain.main(GradleWorkerMain.java:74)
</failure>
  </testcase>
  <testcase name="testGenericSort()" classname="de.uka.ilkd.key.parser.TestParser" time="0.005"/>
  <testcase name="testIssue1566()" classname="de.uka.ilkd.key.parser.TestParser" time="0.376">
    <failure message="Unknown java attribute: f at /home/runner/work/key/key/key.core/src/test/resources/testcase/issues/1566/a.key:5:12 (file: src/test/resources/testcase/issues/1566/a.key; caused by: Unknown java attribute: f at /home/runner/work/key/key/key.core/src/test/resources/testcase/issues/1566/a.key:5:12 (/home/runner/work/key/key/key.core/src/test/resources/testcase/issues/1566/a.key:5:12))" type="de.uka.ilkd.key.proof.io.ProblemLoaderException">Unknown java attribute: f at /home/runner/work/key/key/key.core/src/test/resources/testcase/issues/1566/a.key:5:12 (file: src/test/resources/testcase/issues/1566/a.key; caused by: Unknown java attribute: f at /home/runner/work/key/key/key.core/src/test/resources/testcase/issues/1566/a.key:5:12 (/home/runner/work/key/key/key.core/src/test/resources/testcase/issues/1566/a.key:5:12))
	at app//de.uka.ilkd.key.control.AbstractUserInterfaceControl.load(AbstractUserInterfaceControl.java:225)
	at app//de.uka.ilkd.key.control.KeYEnvironment.load(KeYEnvironment.java:282)
	at app//de.uka.ilkd.key.control.KeYEnvironment.load(KeYEnvironment.java:251)
	at app//de.uka.ilkd.key.control.KeYEnvironment.load(KeYEnvironment.java:225)
	at app//de.uka.ilkd.key.control.KeYEnvironment.load(KeYEnvironment.java:185)
	at app//de.uka.ilkd.key.control.KeYEnvironment.load(KeYEnvironment.java:292)
	at app//de.uka.ilkd.key.parser.TestParser.testIssue1566(TestParser.java:73)
	at java.base@17.0.7/jdk.internal.reflect.NativeMethodAccessorImpl.invoke0(Native Method)
	at java.base@17.0.7/jdk.internal.reflect.NativeMethodAccessorImpl.invoke(NativeMethodAccessorImpl.java:77)
	at java.base@17.0.7/jdk.internal.reflect.DelegatingMethodAccessorImpl.invoke(DelegatingMethodAccessorImpl.java:43)
	at java.base@17.0.7/java.lang.reflect.Method.invoke(Method.java:568)
	at app//org.junit.platform.commons.util.ReflectionUtils.invokeMethod(ReflectionUtils.java:727)
	at app//org.junit.jupiter.engine.execution.MethodInvocation.proceed(MethodInvocation.java:60)
	at app//org.junit.jupiter.engine.execution.InvocationInterceptorChain$ValidatingInvocation.proceed(InvocationInterceptorChain.java:131)
	at app//org.junit.jupiter.engine.extension.TimeoutExtension.intercept(TimeoutExtension.java:156)
	at app//org.junit.jupiter.engine.extension.TimeoutExtension.interceptTestableMethod(TimeoutExtension.java:147)
	at app//org.junit.jupiter.engine.extension.TimeoutExtension.interceptTestMethod(TimeoutExtension.java:86)
	at app//org.junit.jupiter.engine.execution.InterceptingExecutableInvoker$ReflectiveInterceptorCall.lambda$ofVoidMethod$0(InterceptingExecutableInvoker.java:103)
	at app//org.junit.jupiter.engine.execution.InterceptingExecutableInvoker.lambda$invoke$0(InterceptingExecutableInvoker.java:93)
	at app//org.junit.jupiter.engine.execution.InvocationInterceptorChain$InterceptedInvocation.proceed(InvocationInterceptorChain.java:106)
	at app//org.junit.jupiter.engine.execution.InvocationInterceptorChain.proceed(InvocationInterceptorChain.java:64)
	at app//org.junit.jupiter.engine.execution.InvocationInterceptorChain.chainAndInvoke(InvocationInterceptorChain.java:45)
	at app//org.junit.jupiter.engine.execution.InvocationInterceptorChain.invoke(InvocationInterceptorChain.java:37)
	at app//org.junit.jupiter.engine.execution.InterceptingExecutableInvoker.invoke(InterceptingExecutableInvoker.java:92)
	at app//org.junit.jupiter.engine.execution.InterceptingExecutableInvoker.invoke(InterceptingExecutableInvoker.java:86)
	at app//org.junit.jupiter.engine.descriptor.TestMethodTestDescriptor.lambda$invokeTestMethod$7(TestMethodTestDescriptor.java:217)
	at app//org.junit.platform.engine.support.hierarchical.ThrowableCollector.execute(ThrowableCollector.java:73)
	at app//org.junit.jupiter.engine.descriptor.TestMethodTestDescriptor.invokeTestMethod(TestMethodTestDescriptor.java:213)
	at app//org.junit.jupiter.engine.descriptor.TestMethodTestDescriptor.execute(TestMethodTestDescriptor.java:138)
	at app//org.junit.jupiter.engine.descriptor.TestMethodTestDescriptor.execute(TestMethodTestDescriptor.java:68)
	at app//org.junit.platform.engine.support.hierarchical.NodeTestTask.lambda$executeRecursively$6(NodeTestTask.java:151)
	at app//org.junit.platform.engine.support.hierarchical.ThrowableCollector.execute(ThrowableCollector.java:73)
	at app//org.junit.platform.engine.support.hierarchical.NodeTestTask.lambda$executeRecursively$8(NodeTestTask.java:141)
	at app//org.junit.platform.engine.support.hierarchical.Node.around(Node.java:137)
	at app//org.junit.platform.engine.support.hierarchical.NodeTestTask.lambda$executeRecursively$9(NodeTestTask.java:139)
	at app//org.junit.platform.engine.support.hierarchical.ThrowableCollector.execute(ThrowableCollector.java:73)
	at app//org.junit.platform.engine.support.hierarchical.NodeTestTask.executeRecursively(NodeTestTask.java:138)
	at app//org.junit.platform.engine.support.hierarchical.NodeTestTask.execute(NodeTestTask.java:95)
	at java.base@17.0.7/java.util.ArrayList.forEach(ArrayList.java:1511)
	at app//org.junit.platform.engine.support.hierarchical.SameThreadHierarchicalTestExecutorService.invokeAll(SameThreadHierarchicalTestExecutorService.java:41)
	at app//org.junit.platform.engine.support.hierarchical.NodeTestTask.lambda$executeRecursively$6(NodeTestTask.java:155)
	at app//org.junit.platform.engine.support.hierarchical.ThrowableCollector.execute(ThrowableCollector.java:73)
	at app//org.junit.platform.engine.support.hierarchical.NodeTestTask.lambda$executeRecursively$8(NodeTestTask.java:141)
	at app//org.junit.platform.engine.support.hierarchical.Node.around(Node.java:137)
	at app//org.junit.platform.engine.support.hierarchical.NodeTestTask.lambda$executeRecursively$9(NodeTestTask.java:139)
	at app//org.junit.platform.engine.support.hierarchical.ThrowableCollector.execute(ThrowableCollector.java:73)
	at app//org.junit.platform.engine.support.hierarchical.NodeTestTask.executeRecursively(NodeTestTask.java:138)
	at app//org.junit.platform.engine.support.hierarchical.NodeTestTask.execute(NodeTestTask.java:95)
	at java.base@17.0.7/java.util.ArrayList.forEach(ArrayList.java:1511)
	at app//org.junit.platform.engine.support.hierarchical.SameThreadHierarchicalTestExecutorService.invokeAll(SameThreadHierarchicalTestExecutorService.java:41)
	at app//org.junit.platform.engine.support.hierarchical.NodeTestTask.lambda$executeRecursively$6(NodeTestTask.java:155)
	at app//org.junit.platform.engine.support.hierarchical.ThrowableCollector.execute(ThrowableCollector.java:73)
	at app//org.junit.platform.engine.support.hierarchical.NodeTestTask.lambda$executeRecursively$8(NodeTestTask.java:141)
	at app//org.junit.platform.engine.support.hierarchical.Node.around(Node.java:137)
	at app//org.junit.platform.engine.support.hierarchical.NodeTestTask.lambda$executeRecursively$9(NodeTestTask.java:139)
	at app//org.junit.platform.engine.support.hierarchical.ThrowableCollector.execute(ThrowableCollector.java:73)
	at app//org.junit.platform.engine.support.hierarchical.NodeTestTask.executeRecursively(NodeTestTask.java:138)
	at app//org.junit.platform.engine.support.hierarchical.NodeTestTask.execute(NodeTestTask.java:95)
	at app//org.junit.platform.engine.support.hierarchical.SameThreadHierarchicalTestExecutorService.submit(SameThreadHierarchicalTestExecutorService.java:35)
	at app//org.junit.platform.engine.support.hierarchical.HierarchicalTestExecutor.execute(HierarchicalTestExecutor.java:57)
	at app//org.junit.platform.engine.support.hierarchical.HierarchicalTestEngine.execute(HierarchicalTestEngine.java:54)
	at app//org.junit.platform.launcher.core.EngineExecutionOrchestrator.execute(EngineExecutionOrchestrator.java:107)
	at app//org.junit.platform.launcher.core.EngineExecutionOrchestrator.execute(EngineExecutionOrchestrator.java:88)
	at app//org.junit.platform.launcher.core.EngineExecutionOrchestrator.lambda$execute$0(EngineExecutionOrchestrator.java:54)
	at app//org.junit.platform.launcher.core.EngineExecutionOrchestrator.withInterceptedStreams(EngineExecutionOrchestrator.java:67)
	at app//org.junit.platform.launcher.core.EngineExecutionOrchestrator.execute(EngineExecutionOrchestrator.java:52)
	at app//org.junit.platform.launcher.core.DefaultLauncher.execute(DefaultLauncher.java:114)
	at app//org.junit.platform.launcher.core.DefaultLauncher.execute(DefaultLauncher.java:86)
	at app//org.junit.platform.launcher.core.DefaultLauncherSession$DelegatingLauncher.execute(DefaultLauncherSession.java:86)
	at org.gradle.api.internal.tasks.testing.junitplatform.JUnitPlatformTestClassProcessor$CollectAllTestClassesExecutor.processAllTestClasses(JUnitPlatformTestClassProcessor.java:110)
	at org.gradle.api.internal.tasks.testing.junitplatform.JUnitPlatformTestClassProcessor$CollectAllTestClassesExecutor.access$000(JUnitPlatformTestClassProcessor.java:90)
	at org.gradle.api.internal.tasks.testing.junitplatform.JUnitPlatformTestClassProcessor.stop(JUnitPlatformTestClassProcessor.java:85)
	at org.gradle.api.internal.tasks.testing.SuiteTestClassProcessor.stop(SuiteTestClassProcessor.java:62)
	at java.base@17.0.7/jdk.internal.reflect.NativeMethodAccessorImpl.invoke0(Native Method)
	at java.base@17.0.7/jdk.internal.reflect.NativeMethodAccessorImpl.invoke(NativeMethodAccessorImpl.java:77)
	at java.base@17.0.7/jdk.internal.reflect.DelegatingMethodAccessorImpl.invoke(DelegatingMethodAccessorImpl.java:43)
	at java.base@17.0.7/java.lang.reflect.Method.invoke(Method.java:568)
	at org.gradle.internal.dispatch.ReflectionDispatch.dispatch(ReflectionDispatch.java:36)
	at org.gradle.internal.dispatch.ReflectionDispatch.dispatch(ReflectionDispatch.java:24)
	at org.gradle.internal.dispatch.ContextClassLoaderDispatch.dispatch(ContextClassLoaderDispatch.java:33)
	at org.gradle.internal.dispatch.ProxyDispatchAdapter$DispatchingInvocationHandler.invoke(ProxyDispatchAdapter.java:94)
	at jdk.proxy2/jdk.proxy2.$Proxy5.stop(Unknown Source)
	at org.gradle.api.internal.tasks.testing.worker.TestWorker$3.run(TestWorker.java:193)
	at org.gradle.api.internal.tasks.testing.worker.TestWorker.executeAndMaintainThreadName(TestWorker.java:129)
	at org.gradle.api.internal.tasks.testing.worker.TestWorker.execute(TestWorker.java:100)
	at org.gradle.api.internal.tasks.testing.worker.TestWorker.execute(TestWorker.java:60)
	at org.gradle.process.internal.worker.child.ActionExecutionWorker.execute(ActionExecutionWorker.java:56)
	at org.gradle.process.internal.worker.child.SystemApplicationClassLoaderWorker.call(SystemApplicationClassLoaderWorker.java:113)
	at org.gradle.process.internal.worker.child.SystemApplicationClassLoaderWorker.call(SystemApplicationClassLoaderWorker.java:65)
	at app//worker.org.gradle.process.internal.worker.GradleWorkerMain.run(GradleWorkerMain.java:69)
	at app//worker.org.gradle.process.internal.worker.GradleWorkerMain.main(GradleWorkerMain.java:74)
Caused by: Unknown java attribute: f at /home/runner/work/key/key/key.core/src/test/resources/testcase/issues/1566/a.key:5:12 (/home/runner/work/key/key/key.core/src/test/resources/testcase/issues/1566/a.key:5:12)
	at app//de.uka.ilkd.key.nparser.builder.AbstractBuilder.semanticError(AbstractBuilder.java:180)
	at app//de.uka.ilkd.key.nparser.builder.ExpressionBuilder.visitAccesstermAsJava(ExpressionBuilder.java:1261)
	at app//de.uka.ilkd.key.nparser.builder.ExpressionBuilder.visitAccessterm(ExpressionBuilder.java:1404)
	at app//de.uka.ilkd.key.nparser.builder.ExpressionBuilder.visitAccessterm(ExpressionBuilder.java:49)
	at app//de.uka.ilkd.key.nparser.KeYParser$AccesstermContext.accept(KeYParser.java:6174)
	at app//org.antlr.v4.runtime.tree.AbstractParseTreeVisitor.visitChildren(AbstractParseTreeVisitor.java:46)
	at app//de.uka.ilkd.key.nparser.KeYParserBaseVisitor.visitPrimitive_term(KeYParserBaseVisitor.java:542)
	at app//de.uka.ilkd.key.nparser.KeYParser$Primitive_termContext.accept(KeYParser.java:6074)
	at app//de.uka.ilkd.key.nparser.builder.AbstractBuilder.accept(AbstractBuilder.java:48)
	at app//de.uka.ilkd.key.nparser.builder.DefaultBuilder.accept(DefaultBuilder.java:35)
	at app//de.uka.ilkd.key.nparser.builder.ExpressionBuilder.visitPrimitive_labeled_term(ExpressionBuilder.java:877)
	at app//de.uka.ilkd.key.nparser.KeYParser$Primitive_labeled_termContext.accept(KeYParser.java:5877)
	at app//de.uka.ilkd.key.nparser.builder.AbstractBuilder.accept(AbstractBuilder.java:48)
	at app//de.uka.ilkd.key.nparser.builder.DefaultBuilder.accept(DefaultBuilder.java:35)
	at app//de.uka.ilkd.key.nparser.builder.ExpressionBuilder.visitBracket_term(ExpressionBuilder.java:403)
	at app//de.uka.ilkd.key.nparser.KeYParser$Bracket_termContext.accept(KeYParser.java:5527)
	at app//org.antlr.v4.runtime.tree.AbstractParseTreeVisitor.visitChildren(AbstractParseTreeVisitor.java:46)
	at app//de.uka.ilkd.key.nparser.KeYParserBaseVisitor.visitAtom_prefix(KeYParserBaseVisitor.java:472)
	at app//de.uka.ilkd.key.nparser.KeYParser$Atom_prefixContext.accept(KeYParser.java:5429)
	at app//de.uka.ilkd.key.nparser.builder.AbstractBuilder.accept(AbstractBuilder.java:48)
	at app//de.uka.ilkd.key.nparser.builder.DefaultBuilder.accept(DefaultBuilder.java:35)
	at app//de.uka.ilkd.key.nparser.builder.ExpressionBuilder.visitStrong_arith_term_2(ExpressionBuilder.java:382)
	at app//de.uka.ilkd.key.nparser.KeYParser$Strong_arith_term_2Context.accept(KeYParser.java:5035)
	at app//de.uka.ilkd.key.nparser.builder.AbstractBuilder.accept(AbstractBuilder.java:48)
	at app//de.uka.ilkd.key.nparser.builder.DefaultBuilder.accept(DefaultBuilder.java:35)
	at app//de.uka.ilkd.key.nparser.builder.ExpressionBuilder.visitStrong_arith_term_1(ExpressionBuilder.java:368)
	at app//de.uka.ilkd.key.nparser.KeYParser$Strong_arith_term_1Context.accept(KeYParser.java:4963)
	at app//de.uka.ilkd.key.nparser.builder.AbstractBuilder.accept(AbstractBuilder.java:48)
	at app//de.uka.ilkd.key.nparser.builder.DefaultBuilder.accept(DefaultBuilder.java:35)
	at app//de.uka.ilkd.key.nparser.builder.ExpressionBuilder.visitWeak_arith_term(ExpressionBuilder.java:331)
	at app//de.uka.ilkd.key.nparser.KeYParser$Weak_arith_termContext.accept(KeYParser.java:4877)
	at app//de.uka.ilkd.key.nparser.builder.AbstractBuilder.accept(AbstractBuilder.java:48)
	at app//de.uka.ilkd.key.nparser.builder.DefaultBuilder.accept(DefaultBuilder.java:35)
	at app//de.uka.ilkd.key.nparser.builder.ExpressionBuilder.visitComparison_term(ExpressionBuilder.java:305)
	at app//de.uka.ilkd.key.nparser.KeYParser$Comparison_termContext.accept(KeYParser.java:4793)
	at app//de.uka.ilkd.key.nparser.builder.AbstractBuilder.accept(AbstractBuilder.java:48)
	at app//de.uka.ilkd.key.nparser.builder.DefaultBuilder.accept(DefaultBuilder.java:35)
	at app//de.uka.ilkd.key.nparser.builder.ExpressionBuilder.visitEquality_term(ExpressionBuilder.java:294)
	at app//de.uka.ilkd.key.nparser.builder.ExpressionBuilder.visitEquality_term(ExpressionBuilder.java:49)
	at app//de.uka.ilkd.key.nparser.KeYParser$Equality_termContext.accept(KeYParser.java:4718)
	at app//org.antlr.v4.runtime.tree.AbstractParseTreeVisitor.visitChildren(AbstractParseTreeVisitor.java:46)
	at app//de.uka.ilkd.key.nparser.KeYParserBaseVisitor.visitTerm60(KeYParserBaseVisitor.java:381)
	at app//de.uka.ilkd.key.nparser.KeYParser$Term60Context.accept(KeYParser.java:4485)
	at app//de.uka.ilkd.key.nparser.builder.AbstractBuilder.accept(AbstractBuilder.java:48)
	at app//de.uka.ilkd.key.nparser.builder.DefaultBuilder.accept(DefaultBuilder.java:35)
	at app//de.uka.ilkd.key.nparser.builder.ExpressionBuilder.visitConjunction_term(ExpressionBuilder.java:238)
	at app//de.uka.ilkd.key.nparser.builder.ExpressionBuilder.visitConjunction_term(ExpressionBuilder.java:49)
	at app//de.uka.ilkd.key.nparser.KeYParser$Conjunction_termContext.accept(KeYParser.java:4419)
	at app//de.uka.ilkd.key.nparser.builder.AbstractBuilder.accept(AbstractBuilder.java:48)
	at app//de.uka.ilkd.key.nparser.builder.DefaultBuilder.accept(DefaultBuilder.java:35)
	at app//de.uka.ilkd.key.nparser.builder.ExpressionBuilder.visitDisjunction_term(ExpressionBuilder.java:229)
	at app//de.uka.ilkd.key.nparser.builder.ExpressionBuilder.visitDisjunction_term(ExpressionBuilder.java:49)
	at app//de.uka.ilkd.key.nparser.KeYParser$Disjunction_termContext.accept(KeYParser.java:4346)
	at app//de.uka.ilkd.key.nparser.builder.AbstractBuilder.accept(AbstractBuilder.java:48)
	at app//de.uka.ilkd.key.nparser.builder.DefaultBuilder.accept(DefaultBuilder.java:35)
	at app//de.uka.ilkd.key.nparser.builder.ExpressionBuilder.visitImplication_term(ExpressionBuilder.java:222)
	at app//de.uka.ilkd.key.nparser.builder.ExpressionBuilder.visitImplication_term(ExpressionBuilder.java:49)
	at app//de.uka.ilkd.key.nparser.KeYParser$Implication_termContext.accept(KeYParser.java:4278)
	at app//de.uka.ilkd.key.nparser.builder.AbstractBuilder.accept(AbstractBuilder.java:48)
	at app//de.uka.ilkd.key.nparser.builder.DefaultBuilder.accept(DefaultBuilder.java:35)
	at app//de.uka.ilkd.key.nparser.builder.ExpressionBuilder.visitEquivalence_term(ExpressionBuilder.java:198)
	at app//de.uka.ilkd.key.nparser.builder.ExpressionBuilder.visitEquivalence_term(ExpressionBuilder.java:49)
	at app//de.uka.ilkd.key.nparser.KeYParser$Equivalence_termContext.accept(KeYParser.java:4209)
	at app//de.uka.ilkd.key.nparser.builder.AbstractBuilder.accept(AbstractBuilder.java:48)
	at app//de.uka.ilkd.key.nparser.builder.DefaultBuilder.accept(DefaultBuilder.java:35)
	at app//de.uka.ilkd.key.nparser.builder.ExpressionBuilder.visitElementary_update_term(ExpressionBuilder.java:188)
	at app//de.uka.ilkd.key.nparser.builder.ExpressionBuilder.visitElementary_update_term(ExpressionBuilder.java:49)
	at app//de.uka.ilkd.key.nparser.KeYParser$Elementary_update_termContext.accept(KeYParser.java:4142)
	at app//de.uka.ilkd.key.nparser.builder.AbstractBuilder.lambda$mapOf$0(AbstractBuilder.java:124)
	at java.base@17.0.7/java.util.stream.ReferencePipeline$3$1.accept(ReferencePipeline.java:197)
	at java.base@17.0.7/java.util.ArrayList$ArrayListSpliterator.forEachRemaining(ArrayList.java:1625)
	at java.base@17.0.7/java.util.stream.AbstractPipeline.copyInto(AbstractPipeline.java:509)
	at java.base@17.0.7/java.util.stream.AbstractPipeline.wrapAndCopyInto(AbstractPipeline.java:499)
	at java.base@17.0.7/java.util.stream.ReduceOps$ReduceOp.evaluateSequential(ReduceOps.java:921)
	at java.base@17.0.7/java.util.stream.AbstractPipeline.evaluate(AbstractPipeline.java:234)
	at java.base@17.0.7/java.util.stream.ReferencePipeline.collect(ReferencePipeline.java:682)
	at app//de.uka.ilkd.key.nparser.builder.AbstractBuilder.mapOf(AbstractBuilder.java:125)
	at app//de.uka.ilkd.key.nparser.builder.ExpressionBuilder.visitParallel_term(ExpressionBuilder.java:173)
	at app//de.uka.ilkd.key.nparser.builder.ExpressionBuilder.visitParallel_term(ExpressionBuilder.java:49)
	at app//de.uka.ilkd.key.nparser.KeYParser$Parallel_termContext.accept(KeYParser.java:4074)
	at app//org.antlr.v4.runtime.tree.AbstractParseTreeVisitor.visitChildren(AbstractParseTreeVisitor.java:46)
	at app//de.uka.ilkd.key.nparser.KeYParserBaseVisitor.visitTerm(KeYParserBaseVisitor.java:332)
	at app//de.uka.ilkd.key.nparser.KeYParser$TermContext.accept(KeYParser.java:4020)
	at app//org.antlr.v4.runtime.tree.AbstractParseTreeVisitor.visitChildren(AbstractParseTreeVisitor.java:46)
	at app//de.uka.ilkd.key.nparser.KeYParserBaseVisitor.visitProblem(KeYParserBaseVisitor.java:38)
	at app//de.uka.ilkd.key.nparser.KeYParser$ProblemContext.accept(KeYParser.java:689)
	at app//org.antlr.v4.runtime.tree.AbstractParseTreeVisitor.visitChildren(AbstractParseTreeVisitor.java:46)
	at app//de.uka.ilkd.key.nparser.KeYParserBaseVisitor.visitFile(KeYParserBaseVisitor.java:24)
	at app//de.uka.ilkd.key.nparser.KeYParser$FileContext.accept(KeYParser.java:313)
	at app//de.uka.ilkd.key.nparser.KeyAst.accept(KeyAst.java:43)
	at app//de.uka.ilkd.key.proof.io.KeYFile.readContracts(KeYFile.java:329)
	at app//de.uka.ilkd.key.proof.init.KeYUserProblemFile.read(KeYUserProblemFile.java:114)
	at app//de.uka.ilkd.key.proof.init.ProblemInitializer.readEnvInput(ProblemInitializer.java:323)
	at app//de.uka.ilkd.key.proof.init.ProblemInitializer.prepare(ProblemInitializer.java:561)
	at app//de.uka.ilkd.key.proof.init.ProblemInitializer.prepare(ProblemInitializer.java:471)
	at app//de.uka.ilkd.key.proof.io.AbstractProblemLoader.createInitConfig(AbstractProblemLoader.java:557)
	at app//de.uka.ilkd.key.proof.io.AbstractProblemLoader.loadEnvironment(AbstractProblemLoader.java:317)
	at app//de.uka.ilkd.key.proof.io.AbstractProblemLoader.load(AbstractProblemLoader.java:275)
	at app//de.uka.ilkd.key.proof.io.AbstractProblemLoader.load(AbstractProblemLoader.java:257)
	at app//de.uka.ilkd.key.control.AbstractUserInterfaceControl.load(AbstractUserInterfaceControl.java:212)
	... 90 more
</failure>
  </testcase>
  <testcase name="testIssue39()" classname="de.uka.ilkd.key.parser.TestParser" time="0.282">
    <failure message="org.opentest4j.AssertionFailedError: Expected de.uka.ilkd.key.proof.io.ProblemLoaderException to be thrown, but nothing was thrown." type="org.opentest4j.AssertionFailedError">org.opentest4j.AssertionFailedError: Expected de.uka.ilkd.key.proof.io.ProblemLoaderException to be thrown, but nothing was thrown.
	at app//org.junit.jupiter.api.AssertionFailureBuilder.build(AssertionFailureBuilder.java:152)
	at app//org.junit.jupiter.api.AssertThrows.assertThrows(AssertThrows.java:73)
	at app//org.junit.jupiter.api.AssertThrows.assertThrows(AssertThrows.java:35)
	at app//org.junit.jupiter.api.Assertions.assertThrows(Assertions.java:3083)
	at app//de.uka.ilkd.key.parser.TestParser.testIssue39(TestParser.java:78)
	at java.base@17.0.7/jdk.internal.reflect.NativeMethodAccessorImpl.invoke0(Native Method)
	at java.base@17.0.7/jdk.internal.reflect.NativeMethodAccessorImpl.invoke(NativeMethodAccessorImpl.java:77)
	at java.base@17.0.7/jdk.internal.reflect.DelegatingMethodAccessorImpl.invoke(DelegatingMethodAccessorImpl.java:43)
	at java.base@17.0.7/java.lang.reflect.Method.invoke(Method.java:568)
	at app//org.junit.platform.commons.util.ReflectionUtils.invokeMethod(ReflectionUtils.java:727)
	at app//org.junit.jupiter.engine.execution.MethodInvocation.proceed(MethodInvocation.java:60)
	at app//org.junit.jupiter.engine.execution.InvocationInterceptorChain$ValidatingInvocation.proceed(InvocationInterceptorChain.java:131)
	at app//org.junit.jupiter.engine.extension.TimeoutExtension.intercept(TimeoutExtension.java:156)
	at app//org.junit.jupiter.engine.extension.TimeoutExtension.interceptTestableMethod(TimeoutExtension.java:147)
	at app//org.junit.jupiter.engine.extension.TimeoutExtension.interceptTestMethod(TimeoutExtension.java:86)
	at app//org.junit.jupiter.engine.execution.InterceptingExecutableInvoker$ReflectiveInterceptorCall.lambda$ofVoidMethod$0(InterceptingExecutableInvoker.java:103)
	at app//org.junit.jupiter.engine.execution.InterceptingExecutableInvoker.lambda$invoke$0(InterceptingExecutableInvoker.java:93)
	at app//org.junit.jupiter.engine.execution.InvocationInterceptorChain$InterceptedInvocation.proceed(InvocationInterceptorChain.java:106)
	at app//org.junit.jupiter.engine.execution.InvocationInterceptorChain.proceed(InvocationInterceptorChain.java:64)
	at app//org.junit.jupiter.engine.execution.InvocationInterceptorChain.chainAndInvoke(InvocationInterceptorChain.java:45)
	at app//org.junit.jupiter.engine.execution.InvocationInterceptorChain.invoke(InvocationInterceptorChain.java:37)
	at app//org.junit.jupiter.engine.execution.InterceptingExecutableInvoker.invoke(InterceptingExecutableInvoker.java:92)
	at app//org.junit.jupiter.engine.execution.InterceptingExecutableInvoker.invoke(InterceptingExecutableInvoker.java:86)
	at app//org.junit.jupiter.engine.descriptor.TestMethodTestDescriptor.lambda$invokeTestMethod$7(TestMethodTestDescriptor.java:217)
	at app//org.junit.platform.engine.support.hierarchical.ThrowableCollector.execute(ThrowableCollector.java:73)
	at app//org.junit.jupiter.engine.descriptor.TestMethodTestDescriptor.invokeTestMethod(TestMethodTestDescriptor.java:213)
	at app//org.junit.jupiter.engine.descriptor.TestMethodTestDescriptor.execute(TestMethodTestDescriptor.java:138)
	at app//org.junit.jupiter.engine.descriptor.TestMethodTestDescriptor.execute(TestMethodTestDescriptor.java:68)
	at app//org.junit.platform.engine.support.hierarchical.NodeTestTask.lambda$executeRecursively$6(NodeTestTask.java:151)
	at app//org.junit.platform.engine.support.hierarchical.ThrowableCollector.execute(ThrowableCollector.java:73)
	at app//org.junit.platform.engine.support.hierarchical.NodeTestTask.lambda$executeRecursively$8(NodeTestTask.java:141)
	at app//org.junit.platform.engine.support.hierarchical.Node.around(Node.java:137)
	at app//org.junit.platform.engine.support.hierarchical.NodeTestTask.lambda$executeRecursively$9(NodeTestTask.java:139)
	at app//org.junit.platform.engine.support.hierarchical.ThrowableCollector.execute(ThrowableCollector.java:73)
	at app//org.junit.platform.engine.support.hierarchical.NodeTestTask.executeRecursively(NodeTestTask.java:138)
	at app//org.junit.platform.engine.support.hierarchical.NodeTestTask.execute(NodeTestTask.java:95)
	at java.base@17.0.7/java.util.ArrayList.forEach(ArrayList.java:1511)
	at app//org.junit.platform.engine.support.hierarchical.SameThreadHierarchicalTestExecutorService.invokeAll(SameThreadHierarchicalTestExecutorService.java:41)
	at app//org.junit.platform.engine.support.hierarchical.NodeTestTask.lambda$executeRecursively$6(NodeTestTask.java:155)
	at app//org.junit.platform.engine.support.hierarchical.ThrowableCollector.execute(ThrowableCollector.java:73)
	at app//org.junit.platform.engine.support.hierarchical.NodeTestTask.lambda$executeRecursively$8(NodeTestTask.java:141)
	at app//org.junit.platform.engine.support.hierarchical.Node.around(Node.java:137)
	at app//org.junit.platform.engine.support.hierarchical.NodeTestTask.lambda$executeRecursively$9(NodeTestTask.java:139)
	at app//org.junit.platform.engine.support.hierarchical.ThrowableCollector.execute(ThrowableCollector.java:73)
	at app//org.junit.platform.engine.support.hierarchical.NodeTestTask.executeRecursively(NodeTestTask.java:138)
	at app//org.junit.platform.engine.support.hierarchical.NodeTestTask.execute(NodeTestTask.java:95)
	at java.base@17.0.7/java.util.ArrayList.forEach(ArrayList.java:1511)
	at app//org.junit.platform.engine.support.hierarchical.SameThreadHierarchicalTestExecutorService.invokeAll(SameThreadHierarchicalTestExecutorService.java:41)
	at app//org.junit.platform.engine.support.hierarchical.NodeTestTask.lambda$executeRecursively$6(NodeTestTask.java:155)
	at app//org.junit.platform.engine.support.hierarchical.ThrowableCollector.execute(ThrowableCollector.java:73)
	at app//org.junit.platform.engine.support.hierarchical.NodeTestTask.lambda$executeRecursively$8(NodeTestTask.java:141)
	at app//org.junit.platform.engine.support.hierarchical.Node.around(Node.java:137)
	at app//org.junit.platform.engine.support.hierarchical.NodeTestTask.lambda$executeRecursively$9(NodeTestTask.java:139)
	at app//org.junit.platform.engine.support.hierarchical.ThrowableCollector.execute(ThrowableCollector.java:73)
	at app//org.junit.platform.engine.support.hierarchical.NodeTestTask.executeRecursively(NodeTestTask.java:138)
	at app//org.junit.platform.engine.support.hierarchical.NodeTestTask.execute(NodeTestTask.java:95)
	at app//org.junit.platform.engine.support.hierarchical.SameThreadHierarchicalTestExecutorService.submit(SameThreadHierarchicalTestExecutorService.java:35)
	at app//org.junit.platform.engine.support.hierarchical.HierarchicalTestExecutor.execute(HierarchicalTestExecutor.java:57)
	at app//org.junit.platform.engine.support.hierarchical.HierarchicalTestEngine.execute(HierarchicalTestEngine.java:54)
	at app//org.junit.platform.launcher.core.EngineExecutionOrchestrator.execute(EngineExecutionOrchestrator.java:107)
	at app//org.junit.platform.launcher.core.EngineExecutionOrchestrator.execute(EngineExecutionOrchestrator.java:88)
	at app//org.junit.platform.launcher.core.EngineExecutionOrchestrator.lambda$execute$0(EngineExecutionOrchestrator.java:54)
	at app//org.junit.platform.launcher.core.EngineExecutionOrchestrator.withInterceptedStreams(EngineExecutionOrchestrator.java:67)
	at app//org.junit.platform.launcher.core.EngineExecutionOrchestrator.execute(EngineExecutionOrchestrator.java:52)
	at app//org.junit.platform.launcher.core.DefaultLauncher.execute(DefaultLauncher.java:114)
	at app//org.junit.platform.launcher.core.DefaultLauncher.execute(DefaultLauncher.java:86)
	at app//org.junit.platform.launcher.core.DefaultLauncherSession$DelegatingLauncher.execute(DefaultLauncherSession.java:86)
	at org.gradle.api.internal.tasks.testing.junitplatform.JUnitPlatformTestClassProcessor$CollectAllTestClassesExecutor.processAllTestClasses(JUnitPlatformTestClassProcessor.java:110)
	at org.gradle.api.internal.tasks.testing.junitplatform.JUnitPlatformTestClassProcessor$CollectAllTestClassesExecutor.access$000(JUnitPlatformTestClassProcessor.java:90)
	at org.gradle.api.internal.tasks.testing.junitplatform.JUnitPlatformTestClassProcessor.stop(JUnitPlatformTestClassProcessor.java:85)
	at org.gradle.api.internal.tasks.testing.SuiteTestClassProcessor.stop(SuiteTestClassProcessor.java:62)
	at java.base@17.0.7/jdk.internal.reflect.NativeMethodAccessorImpl.invoke0(Native Method)
	at java.base@17.0.7/jdk.internal.reflect.NativeMethodAccessorImpl.invoke(NativeMethodAccessorImpl.java:77)
	at java.base@17.0.7/jdk.internal.reflect.DelegatingMethodAccessorImpl.invoke(DelegatingMethodAccessorImpl.java:43)
	at java.base@17.0.7/java.lang.reflect.Method.invoke(Method.java:568)
	at org.gradle.internal.dispatch.ReflectionDispatch.dispatch(ReflectionDispatch.java:36)
	at org.gradle.internal.dispatch.ReflectionDispatch.dispatch(ReflectionDispatch.java:24)
	at org.gradle.internal.dispatch.ContextClassLoaderDispatch.dispatch(ContextClassLoaderDispatch.java:33)
	at org.gradle.internal.dispatch.ProxyDispatchAdapter$DispatchingInvocationHandler.invoke(ProxyDispatchAdapter.java:94)
	at jdk.proxy2/jdk.proxy2.$Proxy5.stop(Unknown Source)
	at org.gradle.api.internal.tasks.testing.worker.TestWorker$3.run(TestWorker.java:193)
	at org.gradle.api.internal.tasks.testing.worker.TestWorker.executeAndMaintainThreadName(TestWorker.java:129)
	at org.gradle.api.internal.tasks.testing.worker.TestWorker.execute(TestWorker.java:100)
	at org.gradle.api.internal.tasks.testing.worker.TestWorker.execute(TestWorker.java:60)
	at org.gradle.process.internal.worker.child.ActionExecutionWorker.execute(ActionExecutionWorker.java:56)
	at org.gradle.process.internal.worker.child.SystemApplicationClassLoaderWorker.call(SystemApplicationClassLoaderWorker.java:113)
	at org.gradle.process.internal.worker.child.SystemApplicationClassLoaderWorker.call(SystemApplicationClassLoaderWorker.java:65)
	at app//worker.org.gradle.process.internal.worker.GradleWorkerMain.run(GradleWorkerMain.java:69)
	at app//worker.org.gradle.process.internal.worker.GradleWorkerMain.main(GradleWorkerMain.java:74)
</failure>
  </testcase>
  <testcase name="testRelativeInclude()" classname="de.uka.ilkd.key.parser.TestParser" time="0.001">
    <skipped/>
  </testcase>
  <system-out><![CDATA[]]></system-out>
  <system-err><![CDATA[43872      INFO  Test worker     d.u.i.k.p.i.AbstractProblemLoader Loading environment from src/test/resources/testcase/parserErrorTest/AssignToArray.java 
43873      DEBUG Test worker     d.u.i.k.p.i.AbstractProblemLoader Environment load took 377.71ns 
43873      INFO  Test worker     d.u.i.k.p.i.AbstractProblemLoader Creating init config 
43946      ERROR Test worker     d.u.i.k.n.b.AbstractBuilder  com.github.javaparser.resolution.UnsolvedSymbolException: Unsolved symbol in de.uka.ilkd.key.java.JavaParserFactory$DynamicTypeSolver@596fef4f : java.lang.Object
	at com.github.javaparser.resolution.TypeSolver.solveType(TypeSolver.java:71)

43947      ERROR Test worker     d.u.i.k.n.b.TacletPBuilder Error in parsing taclet. de.uka.ilkd.key.util.parsing.BuildingException: Unsolved symbol in de.uka.ilkd.key.java.JavaParserFactory$DynamicTypeSolver@596fef4f : java.lang.Object at file:/home/runner/work/key/key/key.core/build/resources/main/de/uka/ilkd/key/proof/rules/integerRulesCommon.key:37:15
	at de.uka.ilkd.key.nparser.builder.AbstractBuilder.accept(AbstractBuilder.java:54)
Caused by: com.github.javaparser.resolution.UnsolvedSymbolException: Unsolved symbol in de.uka.ilkd.key.java.JavaParserFactory$DynamicTypeSolver@596fef4f : java.lang.Object
	at com.github.javaparser.resolution.TypeSolver.solveType(TypeSolver.java:71)

43949      ERROR Test worker     d.u.i.k.n.b.AbstractBuilder  com.github.javaparser.resolution.UnsolvedSymbolException: Unsolved symbol in de.uka.ilkd.key.java.JavaParserFactory$DynamicTypeSolver@596fef4f : java.lang.Object
	at com.github.javaparser.resolution.TypeSolver.solveType(TypeSolver.java:71)

43949      ERROR Test worker     d.u.i.k.n.b.TacletPBuilder Error in parsing taclet. de.uka.ilkd.key.util.parsing.BuildingException: Unsolved symbol in de.uka.ilkd.key.java.JavaParserFactory$DynamicTypeSolver@596fef4f : java.lang.Object at file:/home/runner/work/key/key/key.core/build/resources/main/de/uka/ilkd/key/proof/rules/integerRulesCommon.key:43:15
	at de.uka.ilkd.key.nparser.builder.AbstractBuilder.accept(AbstractBuilder.java:54)
Caused by: com.github.javaparser.resolution.UnsolvedSymbolException: Unsolved symbol in de.uka.ilkd.key.java.JavaParserFactory$DynamicTypeSolver@596fef4f : java.lang.Object
	at com.github.javaparser.resolution.TypeSolver.solveType(TypeSolver.java:71)

43951      ERROR Test worker     d.u.i.k.n.b.AbstractBuilder  com.github.javaparser.resolution.UnsolvedSymbolException: Unsolved symbol in de.uka.ilkd.key.java.JavaParserFactory$DynamicTypeSolver@596fef4f : java.lang.Object
	at com.github.javaparser.resolution.TypeSolver.solveType(TypeSolver.java:71)

43952      ERROR Test worker     d.u.i.k.n.b.TacletPBuilder Error in parsing taclet. de.uka.ilkd.key.util.parsing.BuildingException: Unsolved symbol in de.uka.ilkd.key.java.JavaParserFactory$DynamicTypeSolver@596fef4f : java.lang.Object at file:/home/runner/work/key/key/key.core/build/resources/main/de/uka/ilkd/key/proof/rules/integerRulesCommon.key:52:15
	at de.uka.ilkd.key.nparser.builder.AbstractBuilder.accept(AbstractBuilder.java:54)
Caused by: com.github.javaparser.resolution.UnsolvedSymbolException: Unsolved symbol in de.uka.ilkd.key.java.JavaParserFactory$DynamicTypeSolver@596fef4f : java.lang.Object
	at com.github.javaparser.resolution.TypeSolver.solveType(TypeSolver.java:71)

43954      ERROR Test worker     d.u.i.k.n.b.AbstractBuilder  com.github.javaparser.resolution.UnsolvedSymbolException: Unsolved symbol in de.uka.ilkd.key.java.JavaParserFactory$DynamicTypeSolver@596fef4f : java.lang.Object
	at com.github.javaparser.resolution.TypeSolver.solveType(TypeSolver.java:71)

43954      ERROR Test worker     d.u.i.k.n.b.TacletPBuilder Error in parsing taclet. de.uka.ilkd.key.util.parsing.BuildingException: Unsolved symbol in de.uka.ilkd.key.java.JavaParserFactory$DynamicTypeSolver@596fef4f : java.lang.Object at file:/home/runner/work/key/key/key.core/build/resources/main/de/uka/ilkd/key/proof/rules/integerRulesCommon.key:65:15
	at de.uka.ilkd.key.nparser.builder.AbstractBuilder.accept(AbstractBuilder.java:54)
Caused by: com.github.javaparser.resolution.UnsolvedSymbolException: Unsolved symbol in de.uka.ilkd.key.java.JavaParserFactory$DynamicTypeSolver@596fef4f : java.lang.Object
	at com.github.javaparser.resolution.TypeSolver.solveType(TypeSolver.java:71)

43956      ERROR Test worker     d.u.i.k.n.b.AbstractBuilder  com.github.javaparser.resolution.UnsolvedSymbolException: Unsolved symbol in de.uka.ilkd.key.java.JavaParserFactory$DynamicTypeSolver@596fef4f : java.lang.Object
	at com.github.javaparser.resolution.TypeSolver.solveType(TypeSolver.java:71)

43966      ERROR Test worker     d.u.i.k.n.b.TacletPBuilder Error in parsing taclet. de.uka.ilkd.key.util.parsing.BuildingException: Unsolved symbol in de.uka.ilkd.key.java.JavaParserFactory$DynamicTypeSolver@596fef4f : java.lang.Object at file:/home/runner/work/key/key/key.core/build/resources/main/de/uka/ilkd/key/proof/rules/integerRulesCommon.key:73:15
	at de.uka.ilkd.key.nparser.builder.AbstractBuilder.accept(AbstractBuilder.java:54)
Caused by: com.github.javaparser.resolution.UnsolvedSymbolException: Unsolved symbol in de.uka.ilkd.key.java.JavaParserFactory$DynamicTypeSolver@596fef4f : java.lang.Object
	at com.github.javaparser.resolution.TypeSolver.solveType(TypeSolver.java:71)

43968      ERROR Test worker     d.u.i.k.n.b.AbstractBuilder  com.github.javaparser.resolution.UnsolvedSymbolException: Unsolved symbol in de.uka.ilkd.key.java.JavaParserFactory$DynamicTypeSolver@596fef4f : java.lang.Object
	at com.github.javaparser.resolution.TypeSolver.solveType(TypeSolver.java:71)

43968      ERROR Test worker     d.u.i.k.n.b.TacletPBuilder Error in parsing taclet. de.uka.ilkd.key.util.parsing.BuildingException: Unsolved symbol in de.uka.ilkd.key.java.JavaParserFactory$DynamicTypeSolver@596fef4f : java.lang.Object at file:/home/runner/work/key/key/key.core/build/resources/main/de/uka/ilkd/key/proof/rules/integerRulesCommon.key:81:15
	at de.uka.ilkd.key.nparser.builder.AbstractBuilder.accept(AbstractBuilder.java:54)
Caused by: com.github.javaparser.resolution.UnsolvedSymbolException: Unsolved symbol in de.uka.ilkd.key.java.JavaParserFactory$DynamicTypeSolver@596fef4f : java.lang.Object
	at com.github.javaparser.resolution.TypeSolver.solveType(TypeSolver.java:71)

43970      ERROR Test worker     d.u.i.k.n.b.AbstractBuilder  com.github.javaparser.resolution.UnsolvedSymbolException: Unsolved symbol in de.uka.ilkd.key.java.JavaParserFactory$DynamicTypeSolver@596fef4f : java.lang.Object
	at com.github.javaparser.resolution.TypeSolver.solveType(TypeSolver.java:71)

43971      ERROR Test worker     d.u.i.k.n.b.TacletPBuilder Error in parsing taclet. de.uka.ilkd.key.util.parsing.BuildingException: Unsolved symbol in de.uka.ilkd.key.java.JavaParserFactory$DynamicTypeSolver@596fef4f : java.lang.Object at file:/home/runner/work/key/key/key.core/build/resources/main/de/uka/ilkd/key/proof/rules/integerRulesCommon.key:89:15
	at de.uka.ilkd.key.nparser.builder.AbstractBuilder.accept(AbstractBuilder.java:54)
Caused by: com.github.javaparser.resolution.UnsolvedSymbolException: Unsolved symbol in de.uka.ilkd.key.java.JavaParserFactory$DynamicTypeSolver@596fef4f : java.lang.Object
	at com.github.javaparser.resolution.TypeSolver.solveType(TypeSolver.java:71)

43973      ERROR Test worker     d.u.i.k.n.b.AbstractBuilder  com.github.javaparser.resolution.UnsolvedSymbolException: Unsolved symbol in de.uka.ilkd.key.java.JavaParserFactory$DynamicTypeSolver@596fef4f : java.lang.Object
	at com.github.javaparser.resolution.TypeSolver.solveType(TypeSolver.java:71)

43973      ERROR Test worker     d.u.i.k.n.b.TacletPBuilder Error in parsing taclet. de.uka.ilkd.key.util.parsing.BuildingException: Unsolved symbol in de.uka.ilkd.key.java.JavaParserFactory$DynamicTypeSolver@596fef4f : java.lang.Object at file:/home/runner/work/key/key/key.core/build/resources/main/de/uka/ilkd/key/proof/rules/integerRulesCommon.key:97:15
	at de.uka.ilkd.key.nparser.builder.AbstractBuilder.accept(AbstractBuilder.java:54)
Caused by: com.github.javaparser.resolution.UnsolvedSymbolException: Unsolved symbol in de.uka.ilkd.key.java.JavaParserFactory$DynamicTypeSolver@596fef4f : java.lang.Object
	at com.github.javaparser.resolution.TypeSolver.solveType(TypeSolver.java:71)

43975      ERROR Test worker     d.u.i.k.n.b.AbstractBuilder  com.github.javaparser.resolution.UnsolvedSymbolException: Unsolved symbol in de.uka.ilkd.key.java.JavaParserFactory$DynamicTypeSolver@596fef4f : java.lang.Object
	at com.github.javaparser.resolution.TypeSolver.solveType(TypeSolver.java:71)

43975      ERROR Test worker     d.u.i.k.n.b.TacletPBuilder Error in parsing taclet. de.uka.ilkd.key.util.parsing.BuildingException: Unsolved symbol in de.uka.ilkd.key.java.JavaParserFactory$DynamicTypeSolver@596fef4f : java.lang.Object at file:/home/runner/work/key/key/key.core/build/resources/main/de/uka/ilkd/key/proof/rules/integerRulesCommon.key:105:15
	at de.uka.ilkd.key.nparser.builder.AbstractBuilder.accept(AbstractBuilder.java:54)
Caused by: com.github.javaparser.resolution.UnsolvedSymbolException: Unsolved symbol in de.uka.ilkd.key.java.JavaParserFactory$DynamicTypeSolver@596fef4f : java.lang.Object
	at com.github.javaparser.resolution.TypeSolver.solveType(TypeSolver.java:71)

43977      ERROR Test worker     d.u.i.k.n.b.AbstractBuilder  com.github.javaparser.resolution.UnsolvedSymbolException: Unsolved symbol in de.uka.ilkd.key.java.JavaParserFactory$DynamicTypeSolver@596fef4f : java.lang.Object
	at com.github.javaparser.resolution.TypeSolver.solveType(TypeSolver.java:71)

43978      ERROR Test worker     d.u.i.k.n.b.TacletPBuilder Error in parsing taclet. de.uka.ilkd.key.util.parsing.BuildingException: Unsolved symbol in de.uka.ilkd.key.java.JavaParserFactory$DynamicTypeSolver@596fef4f : java.lang.Object at file:/home/runner/work/key/key/key.core/build/resources/main/de/uka/ilkd/key/proof/rules/integerRulesCommon.key:113:15
	at de.uka.ilkd.key.nparser.builder.AbstractBuilder.accept(AbstractBuilder.java:54)
Caused by: com.github.javaparser.resolution.UnsolvedSymbolException: Unsolved symbol in de.uka.ilkd.key.java.JavaParserFactory$DynamicTypeSolver@596fef4f : java.lang.Object
	at com.github.javaparser.resolution.TypeSolver.solveType(TypeSolver.java:71)

43980      ERROR Test worker     d.u.i.k.n.b.AbstractBuilder  com.github.javaparser.resolution.UnsolvedSymbolException: Unsolved symbol in de.uka.ilkd.key.java.JavaParserFactory$DynamicTypeSolver@596fef4f : java.lang.Object
	at com.github.javaparser.resolution.TypeSolver.solveType(TypeSolver.java:71)

43980      ERROR Test worker     d.u.i.k.n.b.TacletPBuilder Error in parsing taclet. de.uka.ilkd.key.util.parsing.BuildingException: Unsolved symbol in de.uka.ilkd.key.java.JavaParserFactory$DynamicTypeSolver@596fef4f : java.lang.Object at file:/home/runner/work/key/key/key.core/build/resources/main/de/uka/ilkd/key/proof/rules/integerRulesCommon.key:120:15
	at de.uka.ilkd.key.nparser.builder.AbstractBuilder.accept(AbstractBuilder.java:54)
Caused by: com.github.javaparser.resolution.UnsolvedSymbolException: Unsolved symbol in de.uka.ilkd.key.java.JavaParserFactory$DynamicTypeSolver@596fef4f : java.lang.Object
	at com.github.javaparser.resolution.TypeSolver.solveType(TypeSolver.java:71)

43982      ERROR Test worker     d.u.i.k.n.b.AbstractBuilder  com.github.javaparser.resolution.UnsolvedSymbolException: Unsolved symbol in de.uka.ilkd.key.java.JavaParserFactory$DynamicTypeSolver@596fef4f : java.lang.Object
	at com.github.javaparser.resolution.TypeSolver.solveType(TypeSolver.java:71)

43982      ERROR Test worker     d.u.i.k.n.b.TacletPBuilder Error in parsing taclet. de.uka.ilkd.key.util.parsing.BuildingException: Unsolved symbol in de.uka.ilkd.key.java.JavaParserFactory$DynamicTypeSolver@596fef4f : java.lang.Object at file:/home/runner/work/key/key/key.core/build/resources/main/de/uka/ilkd/key/proof/rules/integerRulesCommon.key:127:15
	at de.uka.ilkd.key.nparser.builder.AbstractBuilder.accept(AbstractBuilder.java:54)
Caused by: com.github.javaparser.resolution.UnsolvedSymbolException: Unsolved symbol in de.uka.ilkd.key.java.JavaParserFactory$DynamicTypeSolver@596fef4f : java.lang.Object
	at com.github.javaparser.resolution.TypeSolver.solveType(TypeSolver.java:71)

44078      DEBUG Test worker     d.u.i.k.j.TypeConverter   No LDT found for Meta 
44078      DEBUG Test worker     d.u.i.k.j.TypeConverter   No LDT found for Meta 
44079      DEBUG Test worker     d.u.i.k.j.TypeConverter   No LDT found for Meta 
44079      DEBUG Test worker     d.u.i.k.j.TypeConverter   No LDT found for Meta 
44319      ERROR Test worker     d.u.i.k.n.b.AbstractBuilder  com.github.javaparser.resolution.UnsolvedSymbolException: Unsolved symbol in de.uka.ilkd.key.java.JavaParserFactory$DynamicTypeSolver@596fef4f : java.lang.Object
	at com.github.javaparser.resolution.TypeSolver.solveType(TypeSolver.java:71)

44319      ERROR Test worker     d.u.i.k.n.b.TacletPBuilder Error in parsing taclet. de.uka.ilkd.key.util.parsing.BuildingException: Unsolved symbol in de.uka.ilkd.key.java.JavaParserFactory$DynamicTypeSolver@596fef4f : java.lang.Object at file:/home/runner/work/key/key/key.core/build/resources/main/de/uka/ilkd/key/proof/rules/floatRulesAssumeStrictfp.key:77:15
	at de.uka.ilkd.key.nparser.builder.AbstractBuilder.accept(AbstractBuilder.java:54)
Caused by: com.github.javaparser.resolution.UnsolvedSymbolException: Unsolved symbol in de.uka.ilkd.key.java.JavaParserFactory$DynamicTypeSolver@596fef4f : java.lang.Object
	at com.github.javaparser.resolution.TypeSolver.solveType(TypeSolver.java:71)

44320      ERROR Test worker     d.u.i.k.n.b.TacletPBuilder Override: #loc (program Variable) #loc (program Variable) 
44320      ERROR Test worker     d.u.i.k.n.b.TacletPBuilder Override: #se (program SimpleExpression) #se (program SimpleExpression) 
44320      ERROR Test worker     d.u.i.k.n.b.TacletPBuilder Override: post (formula) post (formula) 
44322      ERROR Test worker     d.u.i.k.n.b.AbstractBuilder  com.github.javaparser.resolution.UnsolvedSymbolException: Unsolved symbol in de.uka.ilkd.key.java.JavaParserFactory$DynamicTypeSolver@596fef4f : java.lang.Object
	at com.github.javaparser.resolution.TypeSolver.solveType(TypeSolver.java:71)

44323      ERROR Test worker     d.u.i.k.n.b.TacletPBuilder Error in parsing taclet. de.uka.ilkd.key.util.parsing.BuildingException: Unsolved symbol in de.uka.ilkd.key.java.JavaParserFactory$DynamicTypeSolver@596fef4f : java.lang.Object at file:/home/runner/work/key/key/key.core/build/resources/main/de/uka/ilkd/key/proof/rules/floatRulesAssumeStrictfp.key:87:15
	at de.uka.ilkd.key.nparser.builder.AbstractBuilder.accept(AbstractBuilder.java:54)
Caused by: com.github.javaparser.resolution.UnsolvedSymbolException: Unsolved symbol in de.uka.ilkd.key.java.JavaParserFactory$DynamicTypeSolver@596fef4f : java.lang.Object
	at com.github.javaparser.resolution.TypeSolver.solveType(TypeSolver.java:71)

44323      ERROR Test worker     d.u.i.k.n.b.TacletPBuilder Override: #loc (program Variable) #loc (program Variable) 
44323      ERROR Test worker     d.u.i.k.n.b.TacletPBuilder Override: #se (program SimpleExpression) #se (program SimpleExpression) 
44323      ERROR Test worker     d.u.i.k.n.b.TacletPBuilder Override: post (formula) post (formula) 
44325      ERROR Test worker     d.u.i.k.n.b.AbstractBuilder  com.github.javaparser.resolution.UnsolvedSymbolException: Unsolved symbol in de.uka.ilkd.key.java.JavaParserFactory$DynamicTypeSolver@596fef4f : java.lang.Object
	at com.github.javaparser.resolution.TypeSolver.solveType(TypeSolver.java:71)

44326      ERROR Test worker     d.u.i.k.n.b.TacletPBuilder Error in parsing taclet. de.uka.ilkd.key.util.parsing.BuildingException: Unsolved symbol in de.uka.ilkd.key.java.JavaParserFactory$DynamicTypeSolver@596fef4f : java.lang.Object at file:/home/runner/work/key/key/key.core/build/resources/main/de/uka/ilkd/key/proof/rules/floatRulesAssumeStrictfp.key:97:15
	at de.uka.ilkd.key.nparser.builder.AbstractBuilder.accept(AbstractBuilder.java:54)
Caused by: com.github.javaparser.resolution.UnsolvedSymbolException: Unsolved symbol in de.uka.ilkd.key.java.JavaParserFactory$DynamicTypeSolver@596fef4f : java.lang.Object
	at com.github.javaparser.resolution.TypeSolver.solveType(TypeSolver.java:71)

44326      ERROR Test worker     d.u.i.k.n.b.TacletPBuilder Override: #loc (program Variable) #loc (program Variable) 
44326      ERROR Test worker     d.u.i.k.n.b.TacletPBuilder Override: #se (program SimpleExpression) #se (program SimpleExpression) 
44326      ERROR Test worker     d.u.i.k.n.b.TacletPBuilder Override: post (formula) post (formula) 
44328      ERROR Test worker     d.u.i.k.n.b.AbstractBuilder  com.github.javaparser.resolution.UnsolvedSymbolException: Unsolved symbol in de.uka.ilkd.key.java.JavaParserFactory$DynamicTypeSolver@596fef4f : java.lang.Object
	at com.github.javaparser.resolution.TypeSolver.solveType(TypeSolver.java:71)

44337      ERROR Test worker     d.u.i.k.n.b.TacletPBuilder Error in parsing taclet. de.uka.ilkd.key.util.parsing.BuildingException: Unsolved symbol in de.uka.ilkd.key.java.JavaParserFactory$DynamicTypeSolver@596fef4f : java.lang.Object at file:/home/runner/work/key/key/key.core/build/resources/main/de/uka/ilkd/key/proof/rules/floatRulesAssumeStrictfp.key:107:15
	at de.uka.ilkd.key.nparser.builder.AbstractBuilder.accept(AbstractBuilder.java:54)
Caused by: com.github.javaparser.resolution.UnsolvedSymbolException: Unsolved symbol in de.uka.ilkd.key.java.JavaParserFactory$DynamicTypeSolver@596fef4f : java.lang.Object
	at com.github.javaparser.resolution.TypeSolver.solveType(TypeSolver.java:71)

44337      ERROR Test worker     d.u.i.k.n.b.TacletPBuilder Override: #loc (program Variable) #loc (program Variable) 
44338      ERROR Test worker     d.u.i.k.n.b.TacletPBuilder Override: #se (program SimpleExpression) #se (program SimpleExpression) 
44338      ERROR Test worker     d.u.i.k.n.b.TacletPBuilder Override: post (formula) post (formula) 
44339      ERROR Test worker     d.u.i.k.n.b.AbstractBuilder  com.github.javaparser.resolution.UnsolvedSymbolException: Unsolved symbol in de.uka.ilkd.key.java.JavaParserFactory$DynamicTypeSolver@596fef4f : java.lang.Object
	at com.github.javaparser.resolution.TypeSolver.solveType(TypeSolver.java:71)

44340      ERROR Test worker     d.u.i.k.n.b.TacletPBuilder Error in parsing taclet. de.uka.ilkd.key.util.parsing.BuildingException: Unsolved symbol in de.uka.ilkd.key.java.JavaParserFactory$DynamicTypeSolver@596fef4f : java.lang.Object at file:/home/runner/work/key/key/key.core/build/resources/main/de/uka/ilkd/key/proof/rules/floatRulesAssumeStrictfp.key:117:15
	at de.uka.ilkd.key.nparser.builder.AbstractBuilder.accept(AbstractBuilder.java:54)
Caused by: com.github.javaparser.resolution.UnsolvedSymbolException: Unsolved symbol in de.uka.ilkd.key.java.JavaParserFactory$DynamicTypeSolver@596fef4f : java.lang.Object
	at com.github.javaparser.resolution.TypeSolver.solveType(TypeSolver.java:71)

44341      ERROR Test worker     d.u.i.k.n.b.TacletPBuilder Override: #loc (program Variable) #loc (program Variable) 
44341      ERROR Test worker     d.u.i.k.n.b.TacletPBuilder Override: post (formula) post (formula) 
44342      ERROR Test worker     d.u.i.k.n.b.AbstractBuilder  com.github.javaparser.resolution.UnsolvedSymbolException: Unsolved symbol in de.uka.ilkd.key.java.JavaParserFactory$DynamicTypeSolver@596fef4f : java.lang.Object
	at com.github.javaparser.resolution.TypeSolver.solveType(TypeSolver.java:71)

44343      ERROR Test worker     d.u.i.k.n.b.TacletPBuilder Error in parsing taclet. de.uka.ilkd.key.util.parsing.BuildingException: Unsolved symbol in de.uka.ilkd.key.java.JavaParserFactory$DynamicTypeSolver@596fef4f : java.lang.Object at file:/home/runner/work/key/key/key.core/build/resources/main/de/uka/ilkd/key/proof/rules/floatRulesAssumeStrictfp.key:128:15
	at de.uka.ilkd.key.nparser.builder.AbstractBuilder.accept(AbstractBuilder.java:54)
Caused by: com.github.javaparser.resolution.UnsolvedSymbolException: Unsolved symbol in de.uka.ilkd.key.java.JavaParserFactory$DynamicTypeSolver@596fef4f : java.lang.Object
	at com.github.javaparser.resolution.TypeSolver.solveType(TypeSolver.java:71)

44343      ERROR Test worker     d.u.i.k.n.b.TacletPBuilder Override: #loc (program Variable) #loc (program Variable) 
44344      ERROR Test worker     d.u.i.k.n.b.TacletPBuilder Override: #se (program SimpleExpression) #se (program SimpleExpression) 
44344      ERROR Test worker     d.u.i.k.n.b.TacletPBuilder Override: post (formula) post (formula) 
44345      ERROR Test worker     d.u.i.k.n.b.AbstractBuilder  com.github.javaparser.resolution.UnsolvedSymbolException: Unsolved symbol in de.uka.ilkd.key.java.JavaParserFactory$DynamicTypeSolver@596fef4f : java.lang.Object
	at com.github.javaparser.resolution.TypeSolver.solveType(TypeSolver.java:71)

44346      ERROR Test worker     d.u.i.k.n.b.TacletPBuilder Error in parsing taclet. de.uka.ilkd.key.util.parsing.BuildingException: Unsolved symbol in de.uka.ilkd.key.java.JavaParserFactory$DynamicTypeSolver@596fef4f : java.lang.Object at file:/home/runner/work/key/key/key.core/build/resources/main/de/uka/ilkd/key/proof/rules/floatRulesAssumeStrictfp.key:138:15
	at de.uka.ilkd.key.nparser.builder.AbstractBuilder.accept(AbstractBuilder.java:54)
Caused by: com.github.javaparser.resolution.UnsolvedSymbolException: Unsolved symbol in de.uka.ilkd.key.java.JavaParserFactory$DynamicTypeSolver@596fef4f : java.lang.Object
	at com.github.javaparser.resolution.TypeSolver.solveType(TypeSolver.java:71)

44346      ERROR Test worker     d.u.i.k.n.b.TacletPBuilder Override: #loc (program Variable) #loc (program Variable) 
44347      ERROR Test worker     d.u.i.k.n.b.TacletPBuilder Override: #se1 (program SimpleExpression) #se1 (program SimpleExpression) 
44347      ERROR Test worker     d.u.i.k.n.b.TacletPBuilder Override: #se2 (program SimpleExpression) #se2 (program SimpleExpression) 
44347      ERROR Test worker     d.u.i.k.n.b.TacletPBuilder Override: post (formula) post (formula) 
44348      ERROR Test worker     d.u.i.k.n.b.AbstractBuilder  com.github.javaparser.resolution.UnsolvedSymbolException: Unsolved symbol in de.uka.ilkd.key.java.JavaParserFactory$DynamicTypeSolver@596fef4f : java.lang.Object
	at com.github.javaparser.resolution.TypeSolver.solveType(TypeSolver.java:71)

44349      ERROR Test worker     d.u.i.k.n.b.TacletPBuilder Error in parsing taclet. de.uka.ilkd.key.util.parsing.BuildingException: Unsolved symbol in de.uka.ilkd.key.java.JavaParserFactory$DynamicTypeSolver@596fef4f : java.lang.Object at file:/home/runner/work/key/key/key.core/build/resources/main/de/uka/ilkd/key/proof/rules/floatRulesAssumeStrictfp.key:149:15
	at de.uka.ilkd.key.nparser.builder.AbstractBuilder.accept(AbstractBuilder.java:54)
Caused by: com.github.javaparser.resolution.UnsolvedSymbolException: Unsolved symbol in de.uka.ilkd.key.java.JavaParserFactory$DynamicTypeSolver@596fef4f : java.lang.Object
	at com.github.javaparser.resolution.TypeSolver.solveType(TypeSolver.java:71)

44350      ERROR Test worker     d.u.i.k.n.b.TacletPBuilder Override: #loc (program Variable) #loc (program Variable) 
44350      ERROR Test worker     d.u.i.k.n.b.TacletPBuilder Override: #se (program SimpleExpression) #se (program SimpleExpression) 
44350      ERROR Test worker     d.u.i.k.n.b.TacletPBuilder Override: post (formula) post (formula) 
44351      ERROR Test worker     d.u.i.k.n.b.AbstractBuilder  com.github.javaparser.resolution.UnsolvedSymbolException: Unsolved symbol in de.uka.ilkd.key.java.JavaParserFactory$DynamicTypeSolver@596fef4f : java.lang.Object
	at com.github.javaparser.resolution.TypeSolver.solveType(TypeSolver.java:71)

44352      ERROR Test worker     d.u.i.k.n.b.TacletPBuilder Error in parsing taclet. de.uka.ilkd.key.util.parsing.BuildingException: Unsolved symbol in de.uka.ilkd.key.java.JavaParserFactory$DynamicTypeSolver@596fef4f : java.lang.Object at file:/home/runner/work/key/key/key.core/build/resources/main/de/uka/ilkd/key/proof/rules/floatRulesAssumeStrictfp.key:159:15
	at de.uka.ilkd.key.nparser.builder.AbstractBuilder.accept(AbstractBuilder.java:54)
Caused by: com.github.javaparser.resolution.UnsolvedSymbolException: Unsolved symbol in de.uka.ilkd.key.java.JavaParserFactory$DynamicTypeSolver@596fef4f : java.lang.Object
	at com.github.javaparser.resolution.TypeSolver.solveType(TypeSolver.java:71)

44353      ERROR Test worker     d.u.i.k.n.b.TacletPBuilder Override: #loc (program Variable) #loc (program Variable) 
44353      ERROR Test worker     d.u.i.k.n.b.TacletPBuilder Override: #se (program SimpleExpression) #se (program SimpleExpression) 
44353      ERROR Test worker     d.u.i.k.n.b.TacletPBuilder Override: post (formula) post (formula) 
44355      ERROR Test worker     d.u.i.k.n.b.AbstractBuilder  com.github.javaparser.resolution.UnsolvedSymbolException: Unsolved symbol in de.uka.ilkd.key.java.JavaParserFactory$DynamicTypeSolver@596fef4f : java.lang.Object
	at com.github.javaparser.resolution.TypeSolver.solveType(TypeSolver.java:71)

44355      ERROR Test worker     d.u.i.k.n.b.TacletPBuilder Error in parsing taclet. de.uka.ilkd.key.util.parsing.BuildingException: Unsolved symbol in de.uka.ilkd.key.java.JavaParserFactory$DynamicTypeSolver@596fef4f : java.lang.Object at file:/home/runner/work/key/key/key.core/build/resources/main/de/uka/ilkd/key/proof/rules/floatRulesAssumeStrictfp.key:169:15
	at de.uka.ilkd.key.nparser.builder.AbstractBuilder.accept(AbstractBuilder.java:54)
Caused by: com.github.javaparser.resolution.UnsolvedSymbolException: Unsolved symbol in de.uka.ilkd.key.java.JavaParserFactory$DynamicTypeSolver@596fef4f : java.lang.Object
	at com.github.javaparser.resolution.TypeSolver.solveType(TypeSolver.java:71)

44787      ERROR Test worker     d.u.i.k.n.b.AbstractBuilder  com.github.javaparser.resolution.UnsolvedSymbolException: Unsolved symbol in de.uka.ilkd.key.java.JavaParserFactory$DynamicTypeSolver@596fef4f : java.lang.Object
	at com.github.javaparser.resolution.TypeSolver.solveType(TypeSolver.java:71)

44797      ERROR Test worker     d.u.i.k.n.b.TacletPBuilder Error in parsing taclet. de.uka.ilkd.key.util.parsing.BuildingException: Unsolved symbol in de.uka.ilkd.key.java.JavaParserFactory$DynamicTypeSolver@596fef4f : java.lang.Object at file:/home/runner/work/key/key/key.core/build/resources/main/de/uka/ilkd/key/proof/rules/assertions.key:16:15
	at de.uka.ilkd.key.nparser.builder.AbstractBuilder.accept(AbstractBuilder.java:54)
Caused by: com.github.javaparser.resolution.UnsolvedSymbolException: Unsolved symbol in de.uka.ilkd.key.java.JavaParserFactory$DynamicTypeSolver@596fef4f : java.lang.Object
	at com.github.javaparser.resolution.TypeSolver.solveType(TypeSolver.java:71)

44799      ERROR Test worker     d.u.i.k.n.b.AbstractBuilder  com.github.javaparser.resolution.UnsolvedSymbolException: Unsolved symbol in de.uka.ilkd.key.java.JavaParserFactory$DynamicTypeSolver@596fef4f : java.lang.Object
	at com.github.javaparser.resolution.TypeSolver.solveType(TypeSolver.java:71)

44800      ERROR Test worker     d.u.i.k.n.b.TacletPBuilder Error in parsing taclet. de.uka.ilkd.key.util.parsing.BuildingException: Unsolved symbol in de.uka.ilkd.key.java.JavaParserFactory$DynamicTypeSolver@596fef4f : java.lang.Object at file:/home/runner/work/key/key/key.core/build/resources/main/de/uka/ilkd/key/proof/rules/assertions.key:25:15
	at de.uka.ilkd.key.nparser.builder.AbstractBuilder.accept(AbstractBuilder.java:54)
Caused by: com.github.javaparser.resolution.UnsolvedSymbolException: Unsolved symbol in de.uka.ilkd.key.java.JavaParserFactory$DynamicTypeSolver@596fef4f : java.lang.Object
	at com.github.javaparser.resolution.TypeSolver.solveType(TypeSolver.java:71)

44802      ERROR Test worker     d.u.i.k.n.b.AbstractBuilder  com.github.javaparser.resolution.UnsolvedSymbolException: Unsolved symbol in de.uka.ilkd.key.java.JavaParserFactory$DynamicTypeSolver@596fef4f : java.lang.Object
	at com.github.javaparser.resolution.TypeSolver.solveType(TypeSolver.java:71)

44802      ERROR Test worker     d.u.i.k.n.b.TacletPBuilder Error in parsing taclet. de.uka.ilkd.key.util.parsing.BuildingException: Unsolved symbol in de.uka.ilkd.key.java.JavaParserFactory$DynamicTypeSolver@596fef4f : java.lang.Object at file:/home/runner/work/key/key/key.core/build/resources/main/de/uka/ilkd/key/proof/rules/assertions.key:34:15
	at de.uka.ilkd.key.nparser.builder.AbstractBuilder.accept(AbstractBuilder.java:54)
Caused by: com.github.javaparser.resolution.UnsolvedSymbolException: Unsolved symbol in de.uka.ilkd.key.java.JavaParserFactory$DynamicTypeSolver@596fef4f : java.lang.Object
	at com.github.javaparser.resolution.TypeSolver.solveType(TypeSolver.java:71)

44804      ERROR Test worker     d.u.i.k.n.b.AbstractBuilder  com.github.javaparser.resolution.UnsolvedSymbolException: Unsolved symbol in de.uka.ilkd.key.java.JavaParserFactory$DynamicTypeSolver@596fef4f : java.lang.Object
	at com.github.javaparser.resolution.TypeSolver.solveType(TypeSolver.java:71)

44805      ERROR Test worker     d.u.i.k.n.b.TacletPBuilder Error in parsing taclet. de.uka.ilkd.key.util.parsing.BuildingException: Unsolved symbol in de.uka.ilkd.key.java.JavaParserFactory$DynamicTypeSolver@596fef4f : java.lang.Object at file:/home/runner/work/key/key/key.core/build/resources/main/de/uka/ilkd/key/proof/rules/assertions.key:43:15
	at de.uka.ilkd.key.nparser.builder.AbstractBuilder.accept(AbstractBuilder.java:54)
Caused by: com.github.javaparser.resolution.UnsolvedSymbolException: Unsolved symbol in de.uka.ilkd.key.java.JavaParserFactory$DynamicTypeSolver@596fef4f : java.lang.Object
	at com.github.javaparser.resolution.TypeSolver.solveType(TypeSolver.java:71)

44807      ERROR Test worker     d.u.i.k.n.b.AbstractBuilder  com.github.javaparser.resolution.UnsolvedSymbolException: Unsolved symbol in de.uka.ilkd.key.java.JavaParserFactory$DynamicTypeSolver@596fef4f : java.lang.Object
	at com.github.javaparser.resolution.TypeSolver.solveType(TypeSolver.java:71)

44807      ERROR Test worker     d.u.i.k.n.b.TacletPBuilder Error in parsing taclet. de.uka.ilkd.key.util.parsing.BuildingException: Unsolved symbol in de.uka.ilkd.key.java.JavaParserFactory$DynamicTypeSolver@596fef4f : java.lang.Object at file:/home/runner/work/key/key/key.core/build/resources/main/de/uka/ilkd/key/proof/rules/assertions.key:54:15
	at de.uka.ilkd.key.nparser.builder.AbstractBuilder.accept(AbstractBuilder.java:54)
Caused by: com.github.javaparser.resolution.UnsolvedSymbolException: Unsolved symbol in de.uka.ilkd.key.java.JavaParserFactory$DynamicTypeSolver@596fef4f : java.lang.Object
	at com.github.javaparser.resolution.TypeSolver.solveType(TypeSolver.java:71)

44809      ERROR Test worker     d.u.i.k.n.b.AbstractBuilder  com.github.javaparser.resolution.UnsolvedSymbolException: Unsolved symbol in de.uka.ilkd.key.java.JavaParserFactory$DynamicTypeSolver@596fef4f : java.lang.Object
	at com.github.javaparser.resolution.TypeSolver.solveType(TypeSolver.java:71)

44817      ERROR Test worker     d.u.i.k.n.b.TacletPBuilder Error in parsing taclet. de.uka.ilkd.key.util.parsing.BuildingException: Unsolved symbol in de.uka.ilkd.key.java.JavaParserFactory$DynamicTypeSolver@596fef4f : java.lang.Object at file:/home/runner/work/key/key/key.core/build/resources/main/de/uka/ilkd/key/proof/rules/assertions.key:66:15
	at de.uka.ilkd.key.nparser.builder.AbstractBuilder.accept(AbstractBuilder.java:54)
Caused by: com.github.javaparser.resolution.UnsolvedSymbolException: Unsolved symbol in de.uka.ilkd.key.java.JavaParserFactory$DynamicTypeSolver@596fef4f : java.lang.Object
	at com.github.javaparser.resolution.TypeSolver.solveType(TypeSolver.java:71)

44821      ERROR Test worker     d.u.i.k.n.b.AbstractBuilder  com.github.javaparser.resolution.UnsolvedSymbolException: Unsolved symbol in de.uka.ilkd.key.java.JavaParserFactory$DynamicTypeSolver@596fef4f : java.lang.Object
	at com.github.javaparser.resolution.TypeSolver.solveType(TypeSolver.java:71)

44822      ERROR Test worker     d.u.i.k.n.b.TacletPBuilder Error in parsing taclet. de.uka.ilkd.key.util.parsing.BuildingException: Unsolved symbol in de.uka.ilkd.key.java.JavaParserFactory$DynamicTypeSolver@596fef4f : java.lang.Object at file:/home/runner/work/key/key/key.core/build/resources/main/de/uka/ilkd/key/proof/rules/assertions.key:78:15
	at de.uka.ilkd.key.nparser.builder.AbstractBuilder.accept(AbstractBuilder.java:54)
Caused by: com.github.javaparser.resolution.UnsolvedSymbolException: Unsolved symbol in de.uka.ilkd.key.java.JavaParserFactory$DynamicTypeSolver@596fef4f : java.lang.Object
	at com.github.javaparser.resolution.TypeSolver.solveType(TypeSolver.java:71)

44824      ERROR Test worker     d.u.i.k.n.b.AbstractBuilder  com.github.javaparser.resolution.UnsolvedSymbolException: Unsolved symbol in de.uka.ilkd.key.java.JavaParserFactory$DynamicTypeSolver@596fef4f : java.lang.Object
	at com.github.javaparser.resolution.TypeSolver.solveType(TypeSolver.java:71)

44824      ERROR Test worker     d.u.i.k.n.b.TacletPBuilder Error in parsing taclet. de.uka.ilkd.key.util.parsing.BuildingException: Unsolved symbol in de.uka.ilkd.key.java.JavaParserFactory$DynamicTypeSolver@596fef4f : java.lang.Object at file:/home/runner/work/key/key/key.core/build/resources/main/de/uka/ilkd/key/proof/rules/assertions.key:93:15
	at de.uka.ilkd.key.nparser.builder.AbstractBuilder.accept(AbstractBuilder.java:54)
Caused by: com.github.javaparser.resolution.UnsolvedSymbolException: Unsolved symbol in de.uka.ilkd.key.java.JavaParserFactory$DynamicTypeSolver@596fef4f : java.lang.Object
	at com.github.javaparser.resolution.TypeSolver.solveType(TypeSolver.java:71)

44826      ERROR Test worker     d.u.i.k.n.b.AbstractBuilder  com.github.javaparser.resolution.UnsolvedSymbolException: Unsolved symbol in de.uka.ilkd.key.java.JavaParserFactory$DynamicTypeSolver@596fef4f : java.lang.Object
	at com.github.javaparser.resolution.TypeSolver.solveType(TypeSolver.java:71)

44827      ERROR Test worker     d.u.i.k.n.b.TacletPBuilder Error in parsing taclet. de.uka.ilkd.key.util.parsing.BuildingException: Unsolved symbol in de.uka.ilkd.key.java.JavaParserFactory$DynamicTypeSolver@596fef4f : java.lang.Object at file:/home/runner/work/key/key/key.core/build/resources/main/de/uka/ilkd/key/proof/rules/assertions.key:100:15
	at de.uka.ilkd.key.nparser.builder.AbstractBuilder.accept(AbstractBuilder.java:54)
Caused by: com.github.javaparser.resolution.UnsolvedSymbolException: Unsolved symbol in de.uka.ilkd.key.java.JavaParserFactory$DynamicTypeSolver@596fef4f : java.lang.Object
	at com.github.javaparser.resolution.TypeSolver.solveType(TypeSolver.java:71)

44829      ERROR Test worker     d.u.i.k.n.b.AbstractBuilder  com.github.javaparser.resolution.UnsolvedSymbolException: Unsolved symbol in de.uka.ilkd.key.java.JavaParserFactory$DynamicTypeSolver@596fef4f : java.lang.Object
	at com.github.javaparser.resolution.TypeSolver.solveType(TypeSolver.java:71)

44829      ERROR Test worker     d.u.i.k.n.b.TacletPBuilder Error in parsing taclet. de.uka.ilkd.key.util.parsing.BuildingException: Unsolved symbol in de.uka.ilkd.key.java.JavaParserFactory$DynamicTypeSolver@596fef4f : java.lang.Object at file:/home/runner/work/key/key/key.core/build/resources/main/de/uka/ilkd/key/proof/rules/assertions.key:115:20
	at de.uka.ilkd.key.nparser.builder.AbstractBuilder.accept(AbstractBuilder.java:54)
Caused by: com.github.javaparser.resolution.UnsolvedSymbolException: Unsolved symbol in de.uka.ilkd.key.java.JavaParserFactory$DynamicTypeSolver@596fef4f : java.lang.Object
	at com.github.javaparser.resolution.TypeSolver.solveType(TypeSolver.java:71)

44830      ERROR Test worker     d.u.i.k.n.b.TacletPBuilder Override: f (variable) f (variable) 
44830      ERROR Test worker     d.u.i.k.n.b.TacletPBuilder Override: o (variable) o (variable) 
44830      ERROR Test worker     d.u.i.k.n.b.TacletPBuilder Override: oldHeap (Heap skolem term) oldHeap (Heap skolem term) 
44832      ERROR Test worker     d.u.i.k.n.b.AbstractBuilder  com.github.javaparser.resolution.UnsolvedSymbolException: Unsolved symbol in de.uka.ilkd.key.java.JavaParserFactory$DynamicTypeSolver@596fef4f : java.lang.Object
	at com.github.javaparser.resolution.TypeSolver.solveType(TypeSolver.java:71)

44832      ERROR Test worker     d.u.i.k.n.b.TacletPBuilder Error in parsing taclet. de.uka.ilkd.key.util.parsing.BuildingException: Unsolved symbol in de.uka.ilkd.key.java.JavaParserFactory$DynamicTypeSolver@596fef4f : java.lang.Object at file:/home/runner/work/key/key/key.core/build/resources/main/de/uka/ilkd/key/proof/rules/assertions.key:136:20
	at de.uka.ilkd.key.nparser.builder.AbstractBuilder.accept(AbstractBuilder.java:54)
Caused by: com.github.javaparser.resolution.UnsolvedSymbolException: Unsolved symbol in de.uka.ilkd.key.java.JavaParserFactory$DynamicTypeSolver@596fef4f : java.lang.Object
	at com.github.javaparser.resolution.TypeSolver.solveType(TypeSolver.java:71)

44836      ERROR Test worker     d.u.i.k.n.b.AbstractBuilder  com.github.javaparser.resolution.UnsolvedSymbolException: Unsolved symbol in de.uka.ilkd.key.java.JavaParserFactory$DynamicTypeSolver@596fef4f : java.lang.Object
	at com.github.javaparser.resolution.TypeSolver.solveType(TypeSolver.java:71)

44837      ERROR Test worker     d.u.i.k.n.b.TacletPBuilder Error in parsing taclet. de.uka.ilkd.key.util.parsing.BuildingException: Unsolved symbol in de.uka.ilkd.key.java.JavaParserFactory$DynamicTypeSolver@596fef4f : java.lang.Object at file:/home/runner/work/key/key/key.core/build/resources/main/de/uka/ilkd/key/proof/rules/javaRules.key:106:13
	at de.uka.ilkd.key.nparser.builder.AbstractBuilder.accept(AbstractBuilder.java:54)
Caused by: com.github.javaparser.resolution.UnsolvedSymbolException: Unsolved symbol in de.uka.ilkd.key.java.JavaParserFactory$DynamicTypeSolver@596fef4f : java.lang.Object
	at com.github.javaparser.resolution.TypeSolver.solveType(TypeSolver.java:71)

44839      ERROR Test worker     d.u.i.k.n.b.AbstractBuilder  com.github.javaparser.resolution.UnsolvedSymbolException: Unsolved symbol in de.uka.ilkd.key.java.JavaParserFactory$DynamicTypeSolver@596fef4f : java.lang.Object
	at com.github.javaparser.resolution.TypeSolver.solveType(TypeSolver.java:71)

44839      ERROR Test worker     d.u.i.k.n.b.TacletPBuilder Error in parsing taclet. de.uka.ilkd.key.util.parsing.BuildingException: Unsolved symbol in de.uka.ilkd.key.java.JavaParserFactory$DynamicTypeSolver@596fef4f : java.lang.Object at file:/home/runner/work/key/key/key.core/build/resources/main/de/uka/ilkd/key/proof/rules/javaRules.key:121:13
	at de.uka.ilkd.key.nparser.builder.AbstractBuilder.accept(AbstractBuilder.java:54)
Caused by: com.github.javaparser.resolution.UnsolvedSymbolException: Unsolved symbol in de.uka.ilkd.key.java.JavaParserFactory$DynamicTypeSolver@596fef4f : java.lang.Object
	at com.github.javaparser.resolution.TypeSolver.solveType(TypeSolver.java:71)

44841      ERROR Test worker     d.u.i.k.n.b.AbstractBuilder  com.github.javaparser.resolution.UnsolvedSymbolException: Unsolved symbol in de.uka.ilkd.key.java.JavaParserFactory$DynamicTypeSolver@596fef4f : java.lang.Object
	at com.github.javaparser.resolution.TypeSolver.solveType(TypeSolver.java:71)

44842      ERROR Test worker     d.u.i.k.n.b.TacletPBuilder Error in parsing taclet. de.uka.ilkd.key.util.parsing.BuildingException: Unsolved symbol in de.uka.ilkd.key.java.JavaParserFactory$DynamicTypeSolver@596fef4f : java.lang.Object at file:/home/runner/work/key/key/key.core/build/resources/main/de/uka/ilkd/key/proof/rules/javaRules.key:135:13
	at de.uka.ilkd.key.nparser.builder.AbstractBuilder.accept(AbstractBuilder.java:54)
Caused by: com.github.javaparser.resolution.UnsolvedSymbolException: Unsolved symbol in de.uka.ilkd.key.java.JavaParserFactory$DynamicTypeSolver@596fef4f : java.lang.Object
	at com.github.javaparser.resolution.TypeSolver.solveType(TypeSolver.java:71)

44844      ERROR Test worker     d.u.i.k.n.b.AbstractBuilder  com.github.javaparser.resolution.UnsolvedSymbolException: Unsolved symbol in de.uka.ilkd.key.java.JavaParserFactory$DynamicTypeSolver@596fef4f : java.lang.Object
	at com.github.javaparser.resolution.TypeSolver.solveType(TypeSolver.java:71)

44844      ERROR Test worker     d.u.i.k.n.b.TacletPBuilder Error in parsing taclet. de.uka.ilkd.key.util.parsing.BuildingException: Unsolved symbol in de.uka.ilkd.key.java.JavaParserFactory$DynamicTypeSolver@596fef4f : java.lang.Object at file:/home/runner/work/key/key/key.core/build/resources/main/de/uka/ilkd/key/proof/rules/javaRules.key:145:13
	at de.uka.ilkd.key.nparser.builder.AbstractBuilder.accept(AbstractBuilder.java:54)
Caused by: com.github.javaparser.resolution.UnsolvedSymbolException: Unsolved symbol in de.uka.ilkd.key.java.JavaParserFactory$DynamicTypeSolver@596fef4f : java.lang.Object
	at com.github.javaparser.resolution.TypeSolver.solveType(TypeSolver.java:71)

44846      ERROR Test worker     d.u.i.k.n.b.AbstractBuilder  com.github.javaparser.resolution.UnsolvedSymbolException: Unsolved symbol in de.uka.ilkd.key.java.JavaParserFactory$DynamicTypeSolver@596fef4f : java.lang.Object
	at com.github.javaparser.resolution.TypeSolver.solveType(TypeSolver.java:71)

44846      ERROR Test worker     d.u.i.k.n.b.TacletPBuilder Error in parsing taclet. de.uka.ilkd.key.util.parsing.BuildingException: Unsolved symbol in de.uka.ilkd.key.java.JavaParserFactory$DynamicTypeSolver@596fef4f : java.lang.Object at file:/home/runner/work/key/key/key.core/build/resources/main/de/uka/ilkd/key/proof/rules/javaRules.key:155:13
	at de.uka.ilkd.key.nparser.builder.AbstractBuilder.accept(AbstractBuilder.java:54)
Caused by: com.github.javaparser.resolution.UnsolvedSymbolException: Unsolved symbol in de.uka.ilkd.key.java.JavaParserFactory$DynamicTypeSolver@596fef4f : java.lang.Object
	at com.github.javaparser.resolution.TypeSolver.solveType(TypeSolver.java:71)

44849      ERROR Test worker     d.u.i.k.n.b.AbstractBuilder  com.github.javaparser.resolution.UnsolvedSymbolException: Unsolved symbol in de.uka.ilkd.key.java.JavaParserFactory$DynamicTypeSolver@596fef4f : java.lang.Object
	at com.github.javaparser.resolution.TypeSolver.solveType(TypeSolver.java:71)

44849      ERROR Test worker     d.u.i.k.n.b.TacletPBuilder Error in parsing taclet. de.uka.ilkd.key.util.parsing.BuildingException: Unsolved symbol in de.uka.ilkd.key.java.JavaParserFactory$DynamicTypeSolver@596fef4f : java.lang.Object at file:/home/runner/work/key/key/key.core/build/resources/main/de/uka/ilkd/key/proof/rules/javaRules.key:165:13
	at de.uka.ilkd.key.nparser.builder.AbstractBuilder.accept(AbstractBuilder.java:54)
Caused by: com.github.javaparser.resolution.UnsolvedSymbolException: Unsolved symbol in de.uka.ilkd.key.java.JavaParserFactory$DynamicTypeSolver@596fef4f : java.lang.Object
	at com.github.javaparser.resolution.TypeSolver.solveType(TypeSolver.java:71)

44851      ERROR Test worker     d.u.i.k.n.b.AbstractBuilder  com.github.javaparser.resolution.UnsolvedSymbolException: Unsolved symbol in de.uka.ilkd.key.java.JavaParserFactory$DynamicTypeSolver@596fef4f : java.lang.Object
	at com.github.javaparser.resolution.TypeSolver.solveType(TypeSolver.java:71)

44851      ERROR Test worker     d.u.i.k.n.b.TacletPBuilder Error in parsing taclet. de.uka.ilkd.key.util.parsing.BuildingException: Unsolved symbol in de.uka.ilkd.key.java.JavaParserFactory$DynamicTypeSolver@596fef4f : java.lang.Object at file:/home/runner/work/key/key/key.core/build/resources/main/de/uka/ilkd/key/proof/rules/javaRules.key:176:13
	at de.uka.ilkd.key.nparser.builder.AbstractBuilder.accept(AbstractBuilder.java:54)
Caused by: com.github.javaparser.resolution.UnsolvedSymbolException: Unsolved symbol in de.uka.ilkd.key.java.JavaParserFactory$DynamicTypeSolver@596fef4f : java.lang.Object
	at com.github.javaparser.resolution.TypeSolver.solveType(TypeSolver.java:71)

44854      ERROR Test worker     d.u.i.k.n.b.AbstractBuilder  com.github.javaparser.resolution.UnsolvedSymbolException: Unsolved symbol in de.uka.ilkd.key.java.JavaParserFactory$DynamicTypeSolver@596fef4f : java.lang.Object
	at com.github.javaparser.resolution.TypeSolver.solveType(TypeSolver.java:71)

44854      ERROR Test worker     d.u.i.k.n.b.TacletPBuilder Error in parsing taclet. de.uka.ilkd.key.util.parsing.BuildingException: Unsolved symbol in de.uka.ilkd.key.java.JavaParserFactory$DynamicTypeSolver@596fef4f : java.lang.Object at file:/home/runner/work/key/key/key.core/build/resources/main/de/uka/ilkd/key/proof/rules/javaRules.key:187:13
	at de.uka.ilkd.key.nparser.builder.AbstractBuilder.accept(AbstractBuilder.java:54)
Caused by: com.github.javaparser.resolution.UnsolvedSymbolException: Unsolved symbol in de.uka.ilkd.key.java.JavaParserFactory$DynamicTypeSolver@596fef4f : java.lang.Object
	at com.github.javaparser.resolution.TypeSolver.solveType(TypeSolver.java:71)

44856      ERROR Test worker     d.u.i.k.n.b.AbstractBuilder  com.github.javaparser.resolution.UnsolvedSymbolException: Unsolved symbol in de.uka.ilkd.key.java.JavaParserFactory$DynamicTypeSolver@596fef4f : java.lang.Object
	at com.github.javaparser.resolution.TypeSolver.solveType(TypeSolver.java:71)

44857      ERROR Test worker     d.u.i.k.n.b.TacletPBuilder Error in parsing taclet. de.uka.ilkd.key.util.parsing.BuildingException: Unsolved symbol in de.uka.ilkd.key.java.JavaParserFactory$DynamicTypeSolver@596fef4f : java.lang.Object at file:/home/runner/work/key/key/key.core/build/resources/main/de/uka/ilkd/key/proof/rules/javaRules.key:198:13
	at de.uka.ilkd.key.nparser.builder.AbstractBuilder.accept(AbstractBuilder.java:54)
Caused by: com.github.javaparser.resolution.UnsolvedSymbolException: Unsolved symbol in de.uka.ilkd.key.java.JavaParserFactory$DynamicTypeSolver@596fef4f : java.lang.Object
	at com.github.javaparser.resolution.TypeSolver.solveType(TypeSolver.java:71)

44858      ERROR Test worker     d.u.i.k.n.b.AbstractBuilder  com.github.javaparser.resolution.UnsolvedSymbolException: Unsolved symbol in de.uka.ilkd.key.java.JavaParserFactory$DynamicTypeSolver@596fef4f : java.lang.Object
	at com.github.javaparser.resolution.TypeSolver.solveType(TypeSolver.java:71)

44859      ERROR Test worker     d.u.i.k.n.b.TacletPBuilder Error in parsing taclet. de.uka.ilkd.key.util.parsing.BuildingException: Unsolved symbol in de.uka.ilkd.key.java.JavaParserFactory$DynamicTypeSolver@596fef4f : java.lang.Object at file:/home/runner/work/key/key/key.core/build/resources/main/de/uka/ilkd/key/proof/rules/javaRules.key:209:13
	at de.uka.ilkd.key.nparser.builder.AbstractBuilder.accept(AbstractBuilder.java:54)
Caused by: com.github.javaparser.resolution.UnsolvedSymbolException: Unsolved symbol in de.uka.ilkd.key.java.JavaParserFactory$DynamicTypeSolver@596fef4f : java.lang.Object
	at com.github.javaparser.resolution.TypeSolver.solveType(TypeSolver.java:71)

44861      ERROR Test worker     d.u.i.k.n.b.AbstractBuilder  com.github.javaparser.resolution.UnsolvedSymbolException: Unsolved symbol in de.uka.ilkd.key.java.JavaParserFactory$DynamicTypeSolver@596fef4f : java.lang.Object
	at com.github.javaparser.resolution.TypeSolver.solveType(TypeSolver.java:71)

44861      ERROR Test worker     d.u.i.k.n.b.TacletPBuilder Error in parsing taclet. de.uka.ilkd.key.util.parsing.BuildingException: Unsolved symbol in de.uka.ilkd.key.java.JavaParserFactory$DynamicTypeSolver@596fef4f : java.lang.Object at file:/home/runner/work/key/key/key.core/build/resources/main/de/uka/ilkd/key/proof/rules/javaRules.key:220:13
	at de.uka.ilkd.key.nparser.builder.AbstractBuilder.accept(AbstractBuilder.java:54)
Caused by: com.github.javaparser.resolution.UnsolvedSymbolException: Unsolved symbol in de.uka.ilkd.key.java.JavaParserFactory$DynamicTypeSolver@596fef4f : java.lang.Object
	at com.github.javaparser.resolution.TypeSolver.solveType(TypeSolver.java:71)

44863      ERROR Test worker     d.u.i.k.n.b.AbstractBuilder  com.github.javaparser.resolution.UnsolvedSymbolException: Unsolved symbol in de.uka.ilkd.key.java.JavaParserFactory$DynamicTypeSolver@596fef4f : java.lang.Object
	at com.github.javaparser.resolution.TypeSolver.solveType(TypeSolver.java:71)

44864      ERROR Test worker     d.u.i.k.n.b.TacletPBuilder Error in parsing taclet. de.uka.ilkd.key.util.parsing.BuildingException: Unsolved symbol in de.uka.ilkd.key.java.JavaParserFactory$DynamicTypeSolver@596fef4f : java.lang.Object at file:/home/runner/work/key/key/key.core/build/resources/main/de/uka/ilkd/key/proof/rules/javaRules.key:231:13
	at de.uka.ilkd.key.nparser.builder.AbstractBuilder.accept(AbstractBuilder.java:54)
Caused by: com.github.javaparser.resolution.UnsolvedSymbolException: Unsolved symbol in de.uka.ilkd.key.java.JavaParserFactory$DynamicTypeSolver@596fef4f : java.lang.Object
	at com.github.javaparser.resolution.TypeSolver.solveType(TypeSolver.java:71)

44866      ERROR Test worker     d.u.i.k.n.b.AbstractBuilder  com.github.javaparser.resolution.UnsolvedSymbolException: Unsolved symbol in de.uka.ilkd.key.java.JavaParserFactory$DynamicTypeSolver@596fef4f : java.lang.Object
	at com.github.javaparser.resolution.TypeSolver.solveType(TypeSolver.java:71)

44866      ERROR Test worker     d.u.i.k.n.b.TacletPBuilder Error in parsing taclet. de.uka.ilkd.key.util.parsing.BuildingException: Unsolved symbol in de.uka.ilkd.key.java.JavaParserFactory$DynamicTypeSolver@596fef4f : java.lang.Object at file:/home/runner/work/key/key/key.core/build/resources/main/de/uka/ilkd/key/proof/rules/javaRules.key:242:13
	at de.uka.ilkd.key.nparser.builder.AbstractBuilder.accept(AbstractBuilder.java:54)
Caused by: com.github.javaparser.resolution.UnsolvedSymbolException: Unsolved symbol in de.uka.ilkd.key.java.JavaParserFactory$DynamicTypeSolver@596fef4f : java.lang.Object
	at com.github.javaparser.resolution.TypeSolver.solveType(TypeSolver.java:71)

44868      ERROR Test worker     d.u.i.k.n.b.AbstractBuilder  com.github.javaparser.resolution.UnsolvedSymbolException: Unsolved symbol in de.uka.ilkd.key.java.JavaParserFactory$DynamicTypeSolver@596fef4f : java.lang.Object
	at com.github.javaparser.resolution.TypeSolver.solveType(TypeSolver.java:71)

44869      ERROR Test worker     d.u.i.k.n.b.TacletPBuilder Error in parsing taclet. de.uka.ilkd.key.util.parsing.BuildingException: Unsolved symbol in de.uka.ilkd.key.java.JavaParserFactory$DynamicTypeSolver@596fef4f : java.lang.Object at file:/home/runner/work/key/key/key.core/build/resources/main/de/uka/ilkd/key/proof/rules/javaRules.key:257:15
	at de.uka.ilkd.key.nparser.builder.AbstractBuilder.accept(AbstractBuilder.java:54)
Caused by: com.github.javaparser.resolution.UnsolvedSymbolException: Unsolved symbol in de.uka.ilkd.key.java.JavaParserFactory$DynamicTypeSolver@596fef4f : java.lang.Object
	at com.github.javaparser.resolution.TypeSolver.solveType(TypeSolver.java:71)

44871      ERROR Test worker     d.u.i.k.n.b.AbstractBuilder  com.github.javaparser.resolution.UnsolvedSymbolException: Unsolved symbol in de.uka.ilkd.key.java.JavaParserFactory$DynamicTypeSolver@596fef4f : java.lang.Object
	at com.github.javaparser.resolution.TypeSolver.solveType(TypeSolver.java:71)

44871      ERROR Test worker     d.u.i.k.n.b.TacletPBuilder Error in parsing taclet. de.uka.ilkd.key.util.parsing.BuildingException: Unsolved symbol in de.uka.ilkd.key.java.JavaParserFactory$DynamicTypeSolver@596fef4f : java.lang.Object at file:/home/runner/work/key/key/key.core/build/resources/main/de/uka/ilkd/key/proof/rules/javaRules.key:263:15
	at de.uka.ilkd.key.nparser.builder.AbstractBuilder.accept(AbstractBuilder.java:54)
Caused by: com.github.javaparser.resolution.UnsolvedSymbolException: Unsolved symbol in de.uka.ilkd.key.java.JavaParserFactory$DynamicTypeSolver@596fef4f : java.lang.Object
	at com.github.javaparser.resolution.TypeSolver.solveType(TypeSolver.java:71)

44873      ERROR Test worker     d.u.i.k.n.b.AbstractBuilder  com.github.javaparser.resolution.UnsolvedSymbolException: Unsolved symbol in de.uka.ilkd.key.java.JavaParserFactory$DynamicTypeSolver@596fef4f : java.lang.Object
	at com.github.javaparser.resolution.TypeSolver.solveType(TypeSolver.java:71)

44874      ERROR Test worker     d.u.i.k.n.b.TacletPBuilder Error in parsing taclet. de.uka.ilkd.key.util.parsing.BuildingException: Unsolved symbol in de.uka.ilkd.key.java.JavaParserFactory$DynamicTypeSolver@596fef4f : java.lang.Object at file:/home/runner/work/key/key/key.core/build/resources/main/de/uka/ilkd/key/proof/rules/javaRules.key:271:15
	at de.uka.ilkd.key.nparser.builder.AbstractBuilder.accept(AbstractBuilder.java:54)
Caused by: com.github.javaparser.resolution.UnsolvedSymbolException: Unsolved symbol in de.uka.ilkd.key.java.JavaParserFactory$DynamicTypeSolver@596fef4f : java.lang.Object
	at com.github.javaparser.resolution.TypeSolver.solveType(TypeSolver.java:71)

44876      ERROR Test worker     d.u.i.k.n.b.AbstractBuilder  com.github.javaparser.resolution.UnsolvedSymbolException: Unsolved symbol in de.uka.ilkd.key.java.JavaParserFactory$DynamicTypeSolver@596fef4f : java.lang.Object
	at com.github.javaparser.resolution.TypeSolver.solveType(TypeSolver.java:71)

44876      ERROR Test worker     d.u.i.k.n.b.TacletPBuilder Error in parsing taclet. de.uka.ilkd.key.util.parsing.BuildingException: Unsolved symbol in de.uka.ilkd.key.java.JavaParserFactory$DynamicTypeSolver@596fef4f : java.lang.Object at file:/home/runner/work/key/key/key.core/build/resources/main/de/uka/ilkd/key/proof/rules/javaRules.key:279:15
	at de.uka.ilkd.key.nparser.builder.AbstractBuilder.accept(AbstractBuilder.java:54)
Caused by: com.github.javaparser.resolution.UnsolvedSymbolException: Unsolved symbol in de.uka.ilkd.key.java.JavaParserFactory$DynamicTypeSolver@596fef4f : java.lang.Object
	at com.github.javaparser.resolution.TypeSolver.solveType(TypeSolver.java:71)

44878      ERROR Test worker     d.u.i.k.n.b.AbstractBuilder  com.github.javaparser.resolution.UnsolvedSymbolException: Unsolved symbol in de.uka.ilkd.key.java.JavaParserFactory$DynamicTypeSolver@596fef4f : java.lang.Object
	at com.github.javaparser.resolution.TypeSolver.solveType(TypeSolver.java:71)

44879      ERROR Test worker     d.u.i.k.n.b.TacletPBuilder Error in parsing taclet. de.uka.ilkd.key.util.parsing.BuildingException: Unsolved symbol in de.uka.ilkd.key.java.JavaParserFactory$DynamicTypeSolver@596fef4f : java.lang.Object at file:/home/runner/work/key/key/key.core/build/resources/main/de/uka/ilkd/key/proof/rules/javaRules.key:287:15
	at de.uka.ilkd.key.nparser.builder.AbstractBuilder.accept(AbstractBuilder.java:54)
Caused by: com.github.javaparser.resolution.UnsolvedSymbolException: Unsolved symbol in de.uka.ilkd.key.java.JavaParserFactory$DynamicTypeSolver@596fef4f : java.lang.Object
	at com.github.javaparser.resolution.TypeSolver.solveType(TypeSolver.java:71)

44880      ERROR Test worker     d.u.i.k.n.b.AbstractBuilder  com.github.javaparser.resolution.UnsolvedSymbolException: Unsolved symbol in de.uka.ilkd.key.java.JavaParserFactory$DynamicTypeSolver@596fef4f : java.lang.Object
	at com.github.javaparser.resolution.TypeSolver.solveType(TypeSolver.java:71)

44881      ERROR Test worker     d.u.i.k.n.b.TacletPBuilder Error in parsing taclet. de.uka.ilkd.key.util.parsing.BuildingException: Unsolved symbol in de.uka.ilkd.key.java.JavaParserFactory$DynamicTypeSolver@596fef4f : java.lang.Object at file:/home/runner/work/key/key/key.core/build/resources/main/de/uka/ilkd/key/proof/rules/javaRules.key:297:15
	at de.uka.ilkd.key.nparser.builder.AbstractBuilder.accept(AbstractBuilder.java:54)
Caused by: com.github.javaparser.resolution.UnsolvedSymbolException: Unsolved symbol in de.uka.ilkd.key.java.JavaParserFactory$DynamicTypeSolver@596fef4f : java.lang.Object
	at com.github.javaparser.resolution.TypeSolver.solveType(TypeSolver.java:71)

44883      ERROR Test worker     d.u.i.k.n.b.AbstractBuilder  com.github.javaparser.resolution.UnsolvedSymbolException: Unsolved symbol in de.uka.ilkd.key.java.JavaParserFactory$DynamicTypeSolver@596fef4f : java.lang.Object
	at com.github.javaparser.resolution.TypeSolver.solveType(TypeSolver.java:71)

44883      ERROR Test worker     d.u.i.k.n.b.TacletPBuilder Error in parsing taclet. de.uka.ilkd.key.util.parsing.BuildingException: Unsolved symbol in de.uka.ilkd.key.java.JavaParserFactory$DynamicTypeSolver@596fef4f : java.lang.Object at file:/home/runner/work/key/key/key.core/build/resources/main/de/uka/ilkd/key/proof/rules/javaRules.key:307:15
	at de.uka.ilkd.key.nparser.builder.AbstractBuilder.accept(AbstractBuilder.java:54)
Caused by: com.github.javaparser.resolution.UnsolvedSymbolException: Unsolved symbol in de.uka.ilkd.key.java.JavaParserFactory$DynamicTypeSolver@596fef4f : java.lang.Object
	at com.github.javaparser.resolution.TypeSolver.solveType(TypeSolver.java:71)

44887      ERROR Test worker     d.u.i.k.n.b.AbstractBuilder  com.github.javaparser.resolution.UnsolvedSymbolException: Unsolved symbol in de.uka.ilkd.key.java.JavaParserFactory$DynamicTypeSolver@596fef4f : java.lang.Object
	at com.github.javaparser.resolution.TypeSolver.solveType(TypeSolver.java:71)

44887      ERROR Test worker     d.u.i.k.n.b.TacletPBuilder Error in parsing taclet. de.uka.ilkd.key.util.parsing.BuildingException: Unsolved symbol in de.uka.ilkd.key.java.JavaParserFactory$DynamicTypeSolver@596fef4f : java.lang.Object at file:/home/runner/work/key/key/key.core/build/resources/main/de/uka/ilkd/key/proof/rules/javaRules.key:317:15
	at de.uka.ilkd.key.nparser.builder.AbstractBuilder.accept(AbstractBuilder.java:54)
Caused by: com.github.javaparser.resolution.UnsolvedSymbolException: Unsolved symbol in de.uka.ilkd.key.java.JavaParserFactory$DynamicTypeSolver@596fef4f : java.lang.Object
	at com.github.javaparser.resolution.TypeSolver.solveType(TypeSolver.java:71)

44890      ERROR Test worker     d.u.i.k.n.b.AbstractBuilder  com.github.javaparser.resolution.UnsolvedSymbolException: Unsolved symbol in de.uka.ilkd.key.java.JavaParserFactory$DynamicTypeSolver@596fef4f : java.lang.Object
	at com.github.javaparser.resolution.TypeSolver.solveType(TypeSolver.java:71)

44891      ERROR Test worker     d.u.i.k.n.b.TacletPBuilder Error in parsing taclet. de.uka.ilkd.key.util.parsing.BuildingException: Unsolved symbol in de.uka.ilkd.key.java.JavaParserFactory$DynamicTypeSolver@596fef4f : java.lang.Object at file:/home/runner/work/key/key/key.core/build/resources/main/de/uka/ilkd/key/proof/rules/javaRules.key:329:15
	at de.uka.ilkd.key.nparser.builder.AbstractBuilder.accept(AbstractBuilder.java:54)
Caused by: com.github.javaparser.resolution.UnsolvedSymbolException: Unsolved symbol in de.uka.ilkd.key.java.JavaParserFactory$DynamicTypeSolver@596fef4f : java.lang.Object
	at com.github.javaparser.resolution.TypeSolver.solveType(TypeSolver.java:71)

44893      ERROR Test worker     d.u.i.k.n.b.AbstractBuilder  com.github.javaparser.resolution.UnsolvedSymbolException: Unsolved symbol in de.uka.ilkd.key.java.JavaParserFactory$DynamicTypeSolver@596fef4f : java.lang.Object
	at com.github.javaparser.resolution.TypeSolver.solveType(TypeSolver.java:71)

44894      ERROR Test worker     d.u.i.k.n.b.TacletPBuilder Error in parsing taclet. de.uka.ilkd.key.util.parsing.BuildingException: Unsolved symbol in de.uka.ilkd.key.java.JavaParserFactory$DynamicTypeSolver@596fef4f : java.lang.Object at file:/home/runner/work/key/key/key.core/build/resources/main/de/uka/ilkd/key/proof/rules/javaRules.key:403:15
	at de.uka.ilkd.key.nparser.builder.AbstractBuilder.accept(AbstractBuilder.java:54)
Caused by: com.github.javaparser.resolution.UnsolvedSymbolException: Unsolved symbol in de.uka.ilkd.key.java.JavaParserFactory$DynamicTypeSolver@596fef4f : java.lang.Object
	at com.github.javaparser.resolution.TypeSolver.solveType(TypeSolver.java:71)

44896      ERROR Test worker     d.u.i.k.n.b.AbstractBuilder  com.github.javaparser.resolution.UnsolvedSymbolException: Unsolved symbol in de.uka.ilkd.key.java.JavaParserFactory$DynamicTypeSolver@596fef4f : java.lang.Object
	at com.github.javaparser.resolution.TypeSolver.solveType(TypeSolver.java:71)

44896      ERROR Test worker     d.u.i.k.n.b.TacletPBuilder Error in parsing taclet. de.uka.ilkd.key.util.parsing.BuildingException: Unsolved symbol in de.uka.ilkd.key.java.JavaParserFactory$DynamicTypeSolver@596fef4f : java.lang.Object at file:/home/runner/work/key/key/key.core/build/resources/main/de/uka/ilkd/key/proof/rules/javaRules.key:411:15
	at de.uka.ilkd.key.nparser.builder.AbstractBuilder.accept(AbstractBuilder.java:54)
Caused by: com.github.javaparser.resolution.UnsolvedSymbolException: Unsolved symbol in de.uka.ilkd.key.java.JavaParserFactory$DynamicTypeSolver@596fef4f : java.lang.Object
	at com.github.javaparser.resolution.TypeSolver.solveType(TypeSolver.java:71)

44898      ERROR Test worker     d.u.i.k.n.b.AbstractBuilder  com.github.javaparser.resolution.UnsolvedSymbolException: Unsolved symbol in de.uka.ilkd.key.java.JavaParserFactory$DynamicTypeSolver@596fef4f : java.lang.Object
	at com.github.javaparser.resolution.TypeSolver.solveType(TypeSolver.java:71)

44899      ERROR Test worker     d.u.i.k.n.b.TacletPBuilder Error in parsing taclet. de.uka.ilkd.key.util.parsing.BuildingException: Unsolved symbol in de.uka.ilkd.key.java.JavaParserFactory$DynamicTypeSolver@596fef4f : java.lang.Object at file:/home/runner/work/key/key/key.core/build/resources/main/de/uka/ilkd/key/proof/rules/javaRules.key:419:15
	at de.uka.ilkd.key.nparser.builder.AbstractBuilder.accept(AbstractBuilder.java:54)
Caused by: com.github.javaparser.resolution.UnsolvedSymbolException: Unsolved symbol in de.uka.ilkd.key.java.JavaParserFactory$DynamicTypeSolver@596fef4f : java.lang.Object
	at com.github.javaparser.resolution.TypeSolver.solveType(TypeSolver.java:71)

44901      ERROR Test worker     d.u.i.k.n.b.AbstractBuilder  com.github.javaparser.resolution.UnsolvedSymbolException: Unsolved symbol in de.uka.ilkd.key.java.JavaParserFactory$DynamicTypeSolver@596fef4f : java.lang.Object
	at com.github.javaparser.resolution.TypeSolver.solveType(TypeSolver.java:71)

44901      ERROR Test worker     d.u.i.k.n.b.TacletPBuilder Error in parsing taclet. de.uka.ilkd.key.util.parsing.BuildingException: Unsolved symbol in de.uka.ilkd.key.java.JavaParserFactory$DynamicTypeSolver@596fef4f : java.lang.Object at file:/home/runner/work/key/key/key.core/build/resources/main/de/uka/ilkd/key/proof/rules/javaRules.key:427:15
	at de.uka.ilkd.key.nparser.builder.AbstractBuilder.accept(AbstractBuilder.java:54)
Caused by: com.github.javaparser.resolution.UnsolvedSymbolException: Unsolved symbol in de.uka.ilkd.key.java.JavaParserFactory$DynamicTypeSolver@596fef4f : java.lang.Object
	at com.github.javaparser.resolution.TypeSolver.solveType(TypeSolver.java:71)

44903      ERROR Test worker     d.u.i.k.n.b.AbstractBuilder  com.github.javaparser.resolution.UnsolvedSymbolException: Unsolved symbol in de.uka.ilkd.key.java.JavaParserFactory$DynamicTypeSolver@596fef4f : java.lang.Object
	at com.github.javaparser.resolution.TypeSolver.solveType(TypeSolver.java:71)

44904      ERROR Test worker     d.u.i.k.n.b.TacletPBuilder Error in parsing taclet. de.uka.ilkd.key.util.parsing.BuildingException: Unsolved symbol in de.uka.ilkd.key.java.JavaParserFactory$DynamicTypeSolver@596fef4f : java.lang.Object at file:/home/runner/work/key/key/key.core/build/resources/main/de/uka/ilkd/key/proof/rules/javaRules.key:434:15
	at de.uka.ilkd.key.nparser.builder.AbstractBuilder.accept(AbstractBuilder.java:54)
Caused by: com.github.javaparser.resolution.UnsolvedSymbolException: Unsolved symbol in de.uka.ilkd.key.java.JavaParserFactory$DynamicTypeSolver@596fef4f : java.lang.Object
	at com.github.javaparser.resolution.TypeSolver.solveType(TypeSolver.java:71)

44905      ERROR Test worker     d.u.i.k.n.b.AbstractBuilder  com.github.javaparser.resolution.UnsolvedSymbolException: Unsolved symbol in de.uka.ilkd.key.java.JavaParserFactory$DynamicTypeSolver@596fef4f : java.lang.Object
	at com.github.javaparser.resolution.TypeSolver.solveType(TypeSolver.java:71)

44906      ERROR Test worker     d.u.i.k.n.b.TacletPBuilder Error in parsing taclet. de.uka.ilkd.key.util.parsing.BuildingException: Unsolved symbol in de.uka.ilkd.key.java.JavaParserFactory$DynamicTypeSolver@596fef4f : java.lang.Object at file:/home/runner/work/key/key/key.core/build/resources/main/de/uka/ilkd/key/proof/rules/javaRules.key:441:15
	at de.uka.ilkd.key.nparser.builder.AbstractBuilder.accept(AbstractBuilder.java:54)
Caused by: com.github.javaparser.resolution.UnsolvedSymbolException: Unsolved symbol in de.uka.ilkd.key.java.JavaParserFactory$DynamicTypeSolver@596fef4f : java.lang.Object
	at com.github.javaparser.resolution.TypeSolver.solveType(TypeSolver.java:71)

44908      ERROR Test worker     d.u.i.k.n.b.AbstractBuilder  com.github.javaparser.resolution.UnsolvedSymbolException: Unsolved symbol in de.uka.ilkd.key.java.JavaParserFactory$DynamicTypeSolver@596fef4f : java.lang.Object
	at com.github.javaparser.resolution.TypeSolver.solveType(TypeSolver.java:71)

44908      ERROR Test worker     d.u.i.k.n.b.TacletPBuilder Error in parsing taclet. de.uka.ilkd.key.util.parsing.BuildingException: Unsolved symbol in de.uka.ilkd.key.java.JavaParserFactory$DynamicTypeSolver@596fef4f : java.lang.Object at file:/home/runner/work/key/key/key.core/build/resources/main/de/uka/ilkd/key/proof/rules/javaRules.key:448:15
	at de.uka.ilkd.key.nparser.builder.AbstractBuilder.accept(AbstractBuilder.java:54)
Caused by: com.github.javaparser.resolution.UnsolvedSymbolException: Unsolved symbol in de.uka.ilkd.key.java.JavaParserFactory$DynamicTypeSolver@596fef4f : java.lang.Object
	at com.github.javaparser.resolution.TypeSolver.solveType(TypeSolver.java:71)

44910      ERROR Test worker     d.u.i.k.n.b.AbstractBuilder  com.github.javaparser.resolution.UnsolvedSymbolException: Unsolved symbol in de.uka.ilkd.key.java.JavaParserFactory$DynamicTypeSolver@596fef4f : java.lang.Object
	at com.github.javaparser.resolution.TypeSolver.solveType(TypeSolver.java:71)

44911      ERROR Test worker     d.u.i.k.n.b.TacletPBuilder Error in parsing taclet. de.uka.ilkd.key.util.parsing.BuildingException: Unsolved symbol in de.uka.ilkd.key.java.JavaParserFactory$DynamicTypeSolver@596fef4f : java.lang.Object at file:/home/runner/work/key/key/key.core/build/resources/main/de/uka/ilkd/key/proof/rules/javaRules.key:455:15
	at de.uka.ilkd.key.nparser.builder.AbstractBuilder.accept(AbstractBuilder.java:54)
Caused by: com.github.javaparser.resolution.UnsolvedSymbolException: Unsolved symbol in de.uka.ilkd.key.java.JavaParserFactory$DynamicTypeSolver@596fef4f : java.lang.Object
	at com.github.javaparser.resolution.TypeSolver.solveType(TypeSolver.java:71)

44913      ERROR Test worker     d.u.i.k.n.b.AbstractBuilder  com.github.javaparser.resolution.UnsolvedSymbolException: Unsolved symbol in de.uka.ilkd.key.java.JavaParserFactory$DynamicTypeSolver@596fef4f : java.lang.Object
	at com.github.javaparser.resolution.TypeSolver.solveType(TypeSolver.java:71)

44913      ERROR Test worker     d.u.i.k.n.b.TacletPBuilder Error in parsing taclet. de.uka.ilkd.key.util.parsing.BuildingException: Unsolved symbol in de.uka.ilkd.key.java.JavaParserFactory$DynamicTypeSolver@596fef4f : java.lang.Object at file:/home/runner/work/key/key/key.core/build/resources/main/de/uka/ilkd/key/proof/rules/javaRules.key:466:15
	at de.uka.ilkd.key.nparser.builder.AbstractBuilder.accept(AbstractBuilder.java:54)
Caused by: com.github.javaparser.resolution.UnsolvedSymbolException: Unsolved symbol in de.uka.ilkd.key.java.JavaParserFactory$DynamicTypeSolver@596fef4f : java.lang.Object
	at com.github.javaparser.resolution.TypeSolver.solveType(TypeSolver.java:71)

44915      ERROR Test worker     d.u.i.k.n.b.AbstractBuilder  com.github.javaparser.resolution.UnsolvedSymbolException: Unsolved symbol in de.uka.ilkd.key.java.JavaParserFactory$DynamicTypeSolver@596fef4f : java.lang.Object
	at com.github.javaparser.resolution.TypeSolver.solveType(TypeSolver.java:71)

44916      ERROR Test worker     d.u.i.k.n.b.TacletPBuilder Error in parsing taclet. de.uka.ilkd.key.util.parsing.BuildingException: Unsolved symbol in de.uka.ilkd.key.java.JavaParserFactory$DynamicTypeSolver@596fef4f : java.lang.Object at file:/home/runner/work/key/key/key.core/build/resources/main/de/uka/ilkd/key/proof/rules/javaRules.key:472:15
	at de.uka.ilkd.key.nparser.builder.AbstractBuilder.accept(AbstractBuilder.java:54)
Caused by: com.github.javaparser.resolution.UnsolvedSymbolException: Unsolved symbol in de.uka.ilkd.key.java.JavaParserFactory$DynamicTypeSolver@596fef4f : java.lang.Object
	at com.github.javaparser.resolution.TypeSolver.solveType(TypeSolver.java:71)

44929      ERROR Test worker     d.u.i.k.n.b.AbstractBuilder  com.github.javaparser.resolution.UnsolvedSymbolException: Unsolved symbol in de.uka.ilkd.key.java.JavaParserFactory$DynamicTypeSolver@596fef4f : java.lang.Object
	at com.github.javaparser.resolution.TypeSolver.solveType(TypeSolver.java:71)

44930      ERROR Test worker     d.u.i.k.n.b.TacletPBuilder Error in parsing taclet. de.uka.ilkd.key.util.parsing.BuildingException: Unsolved symbol in de.uka.ilkd.key.java.JavaParserFactory$DynamicTypeSolver@596fef4f : java.lang.Object at file:/home/runner/work/key/key/key.core/build/resources/main/de/uka/ilkd/key/proof/rules/javaRules.key:482:15
	at de.uka.ilkd.key.nparser.builder.AbstractBuilder.accept(AbstractBuilder.java:54)
Caused by: com.github.javaparser.resolution.UnsolvedSymbolException: Unsolved symbol in de.uka.ilkd.key.java.JavaParserFactory$DynamicTypeSolver@596fef4f : java.lang.Object
	at com.github.javaparser.resolution.TypeSolver.solveType(TypeSolver.java:71)

44932      ERROR Test worker     d.u.i.k.n.b.AbstractBuilder  com.github.javaparser.resolution.UnsolvedSymbolException: Unsolved symbol in de.uka.ilkd.key.java.JavaParserFactory$DynamicTypeSolver@596fef4f : java.lang.Object
	at com.github.javaparser.resolution.TypeSolver.solveType(TypeSolver.java:71)

44932      ERROR Test worker     d.u.i.k.n.b.TacletPBuilder Error in parsing taclet. de.uka.ilkd.key.util.parsing.BuildingException: Unsolved symbol in de.uka.ilkd.key.java.JavaParserFactory$DynamicTypeSolver@596fef4f : java.lang.Object at file:/home/runner/work/key/key/key.core/build/resources/main/de/uka/ilkd/key/proof/rules/javaRules.key:488:15
	at de.uka.ilkd.key.nparser.builder.AbstractBuilder.accept(AbstractBuilder.java:54)
Caused by: com.github.javaparser.resolution.UnsolvedSymbolException: Unsolved symbol in de.uka.ilkd.key.java.JavaParserFactory$DynamicTypeSolver@596fef4f : java.lang.Object
	at com.github.javaparser.resolution.TypeSolver.solveType(TypeSolver.java:71)

44934      ERROR Test worker     d.u.i.k.n.b.AbstractBuilder  com.github.javaparser.resolution.UnsolvedSymbolException: Unsolved symbol in de.uka.ilkd.key.java.JavaParserFactory$DynamicTypeSolver@596fef4f : java.lang.Object
	at com.github.javaparser.resolution.TypeSolver.solveType(TypeSolver.java:71)

44935      ERROR Test worker     d.u.i.k.n.b.TacletPBuilder Error in parsing taclet. de.uka.ilkd.key.util.parsing.BuildingException: Unsolved symbol in de.uka.ilkd.key.java.JavaParserFactory$DynamicTypeSolver@596fef4f : java.lang.Object at file:/home/runner/work/key/key/key.core/build/resources/main/de/uka/ilkd/key/proof/rules/javaRules.key:494:15
	at de.uka.ilkd.key.nparser.builder.AbstractBuilder.accept(AbstractBuilder.java:54)
Caused by: com.github.javaparser.resolution.UnsolvedSymbolException: Unsolved symbol in de.uka.ilkd.key.java.JavaParserFactory$DynamicTypeSolver@596fef4f : java.lang.Object
	at com.github.javaparser.resolution.TypeSolver.solveType(TypeSolver.java:71)

44946      ERROR Test worker     d.u.i.k.n.b.AbstractBuilder  com.github.javaparser.resolution.UnsolvedSymbolException: Unsolved symbol in de.uka.ilkd.key.java.JavaParserFactory$DynamicTypeSolver@596fef4f : java.lang.Object
	at com.github.javaparser.resolution.TypeSolver.solveType(TypeSolver.java:71)

44949      ERROR Test worker     d.u.i.k.n.b.TacletPBuilder Error in parsing taclet. de.uka.ilkd.key.util.parsing.BuildingException: Unsolved symbol in de.uka.ilkd.key.java.JavaParserFactory$DynamicTypeSolver@596fef4f : java.lang.Object at file:/home/runner/work/key/key/key.core/build/resources/main/de/uka/ilkd/key/proof/rules/javaRules.key:500:15
	at de.uka.ilkd.key.nparser.builder.AbstractBuilder.accept(AbstractBuilder.java:54)
Caused by: com.github.javaparser.resolution.UnsolvedSymbolException: Unsolved symbol in de.uka.ilkd.key.java.JavaParserFactory$DynamicTypeSolver@596fef4f : java.lang.Object
	at com.github.javaparser.resolution.TypeSolver.solveType(TypeSolver.java:71)

44951      ERROR Test worker     d.u.i.k.n.b.AbstractBuilder  com.github.javaparser.resolution.UnsolvedSymbolException: Unsolved symbol in de.uka.ilkd.key.java.JavaParserFactory$DynamicTypeSolver@596fef4f : java.lang.Object
	at com.github.javaparser.resolution.TypeSolver.solveType(TypeSolver.java:71)

44951      ERROR Test worker     d.u.i.k.n.b.TacletPBuilder Error in parsing taclet. de.uka.ilkd.key.util.parsing.BuildingException: Unsolved symbol in de.uka.ilkd.key.java.JavaParserFactory$DynamicTypeSolver@596fef4f : java.lang.Object at file:/home/runner/work/key/key/key.core/build/resources/main/de/uka/ilkd/key/proof/rules/javaRules.key:506:15
	at de.uka.ilkd.key.nparser.builder.AbstractBuilder.accept(AbstractBuilder.java:54)
Caused by: com.github.javaparser.resolution.UnsolvedSymbolException: Unsolved symbol in de.uka.ilkd.key.java.JavaParserFactory$DynamicTypeSolver@596fef4f : java.lang.Object
	at com.github.javaparser.resolution.TypeSolver.solveType(TypeSolver.java:71)

44953      ERROR Test worker     d.u.i.k.n.b.AbstractBuilder  com.github.javaparser.resolution.UnsolvedSymbolException: Unsolved symbol in de.uka.ilkd.key.java.JavaParserFactory$DynamicTypeSolver@596fef4f : java.lang.Object
	at com.github.javaparser.resolution.TypeSolver.solveType(TypeSolver.java:71)

44957      ERROR Test worker     d.u.i.k.n.b.TacletPBuilder Error in parsing taclet. de.uka.ilkd.key.util.parsing.BuildingException: Unsolved symbol in de.uka.ilkd.key.java.JavaParserFactory$DynamicTypeSolver@596fef4f : java.lang.Object at file:/home/runner/work/key/key/key.core/build/resources/main/de/uka/ilkd/key/proof/rules/javaRules.key:523:15
	at de.uka.ilkd.key.nparser.builder.AbstractBuilder.accept(AbstractBuilder.java:54)
Caused by: com.github.javaparser.resolution.UnsolvedSymbolException: Unsolved symbol in de.uka.ilkd.key.java.JavaParserFactory$DynamicTypeSolver@596fef4f : java.lang.Object
	at com.github.javaparser.resolution.TypeSolver.solveType(TypeSolver.java:71)

44959      ERROR Test worker     d.u.i.k.n.b.AbstractBuilder  com.github.javaparser.resolution.UnsolvedSymbolException: Unsolved symbol in de.uka.ilkd.key.java.JavaParserFactory$DynamicTypeSolver@596fef4f : java.lang.Object
	at com.github.javaparser.resolution.TypeSolver.solveType(TypeSolver.java:71)

44960      ERROR Test worker     d.u.i.k.n.b.TacletPBuilder Error in parsing taclet. de.uka.ilkd.key.util.parsing.BuildingException: Unsolved symbol in de.uka.ilkd.key.java.JavaParserFactory$DynamicTypeSolver@596fef4f : java.lang.Object at file:/home/runner/work/key/key/key.core/build/resources/main/de/uka/ilkd/key/proof/rules/javaRules.key:546:15
	at de.uka.ilkd.key.nparser.builder.AbstractBuilder.accept(AbstractBuilder.java:54)
Caused by: com.github.javaparser.resolution.UnsolvedSymbolException: Unsolved symbol in de.uka.ilkd.key.java.JavaParserFactory$DynamicTypeSolver@596fef4f : java.lang.Object
	at com.github.javaparser.resolution.TypeSolver.solveType(TypeSolver.java:71)

44962      ERROR Test worker     d.u.i.k.n.b.AbstractBuilder  com.github.javaparser.resolution.UnsolvedSymbolException: Unsolved symbol in de.uka.ilkd.key.java.JavaParserFactory$DynamicTypeSolver@596fef4f : java.lang.Object
	at com.github.javaparser.resolution.TypeSolver.solveType(TypeSolver.java:71)

44969      ERROR Test worker     d.u.i.k.n.b.TacletPBuilder Error in parsing taclet. de.uka.ilkd.key.util.parsing.BuildingException: Unsolved symbol in de.uka.ilkd.key.java.JavaParserFactory$DynamicTypeSolver@596fef4f : java.lang.Object at file:/home/runner/work/key/key/key.core/build/resources/main/de/uka/ilkd/key/proof/rules/javaRules.key:574:15
	at de.uka.ilkd.key.nparser.builder.AbstractBuilder.accept(AbstractBuilder.java:54)
Caused by: com.github.javaparser.resolution.UnsolvedSymbolException: Unsolved symbol in de.uka.ilkd.key.java.JavaParserFactory$DynamicTypeSolver@596fef4f : java.lang.Object
	at com.github.javaparser.resolution.TypeSolver.solveType(TypeSolver.java:71)

44971      ERROR Test worker     d.u.i.k.n.b.AbstractBuilder  com.github.javaparser.resolution.UnsolvedSymbolException: Unsolved symbol in de.uka.ilkd.key.java.JavaParserFactory$DynamicTypeSolver@596fef4f : java.lang.Object
	at com.github.javaparser.resolution.TypeSolver.solveType(TypeSolver.java:71)

44971      ERROR Test worker     d.u.i.k.n.b.TacletPBuilder Error in parsing taclet. de.uka.ilkd.key.util.parsing.BuildingException: Unsolved symbol in de.uka.ilkd.key.java.JavaParserFactory$DynamicTypeSolver@596fef4f : java.lang.Object at file:/home/runner/work/key/key/key.core/build/resources/main/de/uka/ilkd/key/proof/rules/javaRules.key:590:15
	at de.uka.ilkd.key.nparser.builder.AbstractBuilder.accept(AbstractBuilder.java:54)
Caused by: com.github.javaparser.resolution.UnsolvedSymbolException: Unsolved symbol in de.uka.ilkd.key.java.JavaParserFactory$DynamicTypeSolver@596fef4f : java.lang.Object
	at com.github.javaparser.resolution.TypeSolver.solveType(TypeSolver.java:71)

44973      ERROR Test worker     d.u.i.k.n.b.AbstractBuilder  com.github.javaparser.resolution.UnsolvedSymbolException: Unsolved symbol in de.uka.ilkd.key.java.JavaParserFactory$DynamicTypeSolver@596fef4f : java.lang.Object
	at com.github.javaparser.resolution.TypeSolver.solveType(TypeSolver.java:71)

44974      ERROR Test worker     d.u.i.k.n.b.TacletPBuilder Error in parsing taclet. de.uka.ilkd.key.util.parsing.BuildingException: Unsolved symbol in de.uka.ilkd.key.java.JavaParserFactory$DynamicTypeSolver@596fef4f : java.lang.Object at file:/home/runner/work/key/key/key.core/build/resources/main/de/uka/ilkd/key/proof/rules/javaRules.key:596:15
	at de.uka.ilkd.key.nparser.builder.AbstractBuilder.accept(AbstractBuilder.java:54)
Caused by: com.github.javaparser.resolution.UnsolvedSymbolException: Unsolved symbol in de.uka.ilkd.key.java.JavaParserFactory$DynamicTypeSolver@596fef4f : java.lang.Object
	at com.github.javaparser.resolution.TypeSolver.solveType(TypeSolver.java:71)

44975      ERROR Test worker     d.u.i.k.n.b.AbstractBuilder  com.github.javaparser.resolution.UnsolvedSymbolException: Unsolved symbol in de.uka.ilkd.key.java.JavaParserFactory$DynamicTypeSolver@596fef4f : java.lang.Object
	at com.github.javaparser.resolution.TypeSolver.solveType(TypeSolver.java:71)

44976      ERROR Test worker     d.u.i.k.n.b.TacletPBuilder Error in parsing taclet. de.uka.ilkd.key.util.parsing.BuildingException: Unsolved symbol in de.uka.ilkd.key.java.JavaParserFactory$DynamicTypeSolver@596fef4f : java.lang.Object at file:/home/runner/work/key/key/key.core/build/resources/main/de/uka/ilkd/key/proof/rules/javaRules.key:605:15
	at de.uka.ilkd.key.nparser.builder.AbstractBuilder.accept(AbstractBuilder.java:54)
Caused by: com.github.javaparser.resolution.UnsolvedSymbolException: Unsolved symbol in de.uka.ilkd.key.java.JavaParserFactory$DynamicTypeSolver@596fef4f : java.lang.Object
	at com.github.javaparser.resolution.TypeSolver.solveType(TypeSolver.java:71)

44978      ERROR Test worker     d.u.i.k.n.b.AbstractBuilder  com.github.javaparser.resolution.UnsolvedSymbolException: Unsolved symbol in de.uka.ilkd.key.java.JavaParserFactory$DynamicTypeSolver@596fef4f : java.lang.Object
	at com.github.javaparser.resolution.TypeSolver.solveType(TypeSolver.java:71)

44985      ERROR Test worker     d.u.i.k.n.b.TacletPBuilder Error in parsing taclet. de.uka.ilkd.key.util.parsing.BuildingException: Unsolved symbol in de.uka.ilkd.key.java.JavaParserFactory$DynamicTypeSolver@596fef4f : java.lang.Object at file:/home/runner/work/key/key/key.core/build/resources/main/de/uka/ilkd/key/proof/rules/javaRules.key:613:15
	at de.uka.ilkd.key.nparser.builder.AbstractBuilder.accept(AbstractBuilder.java:54)
Caused by: com.github.javaparser.resolution.UnsolvedSymbolException: Unsolved symbol in de.uka.ilkd.key.java.JavaParserFactory$DynamicTypeSolver@596fef4f : java.lang.Object
	at com.github.javaparser.resolution.TypeSolver.solveType(TypeSolver.java:71)

44987      ERROR Test worker     d.u.i.k.n.b.AbstractBuilder  com.github.javaparser.resolution.UnsolvedSymbolException: Unsolved symbol in de.uka.ilkd.key.java.JavaParserFactory$DynamicTypeSolver@596fef4f : java.lang.Object
	at com.github.javaparser.resolution.TypeSolver.solveType(TypeSolver.java:71)

44987      ERROR Test worker     d.u.i.k.n.b.TacletPBuilder Error in parsing taclet. de.uka.ilkd.key.util.parsing.BuildingException: Unsolved symbol in de.uka.ilkd.key.java.JavaParserFactory$DynamicTypeSolver@596fef4f : java.lang.Object at file:/home/runner/work/key/key/key.core/build/resources/main/de/uka/ilkd/key/proof/rules/javaRules.key:622:15
	at de.uka.ilkd.key.nparser.builder.AbstractBuilder.accept(AbstractBuilder.java:54)
Caused by: com.github.javaparser.resolution.UnsolvedSymbolException: Unsolved symbol in de.uka.ilkd.key.java.JavaParserFactory$DynamicTypeSolver@596fef4f : java.lang.Object
	at com.github.javaparser.resolution.TypeSolver.solveType(TypeSolver.java:71)

44989      ERROR Test worker     d.u.i.k.n.b.AbstractBuilder  com.github.javaparser.resolution.UnsolvedSymbolException: Unsolved symbol in de.uka.ilkd.key.java.JavaParserFactory$DynamicTypeSolver@596fef4f : java.lang.Object
	at com.github.javaparser.resolution.TypeSolver.solveType(TypeSolver.java:71)

44990      ERROR Test worker     d.u.i.k.n.b.TacletPBuilder Error in parsing taclet. de.uka.ilkd.key.util.parsing.BuildingException: Unsolved symbol in de.uka.ilkd.key.java.JavaParserFactory$DynamicTypeSolver@596fef4f : java.lang.Object at file:/home/runner/work/key/key/key.core/build/resources/main/de/uka/ilkd/key/proof/rules/javaRules.key:630:15
	at de.uka.ilkd.key.nparser.builder.AbstractBuilder.accept(AbstractBuilder.java:54)
Caused by: com.github.javaparser.resolution.UnsolvedSymbolException: Unsolved symbol in de.uka.ilkd.key.java.JavaParserFactory$DynamicTypeSolver@596fef4f : java.lang.Object
	at com.github.javaparser.resolution.TypeSolver.solveType(TypeSolver.java:71)

44991      ERROR Test worker     d.u.i.k.n.b.AbstractBuilder  com.github.javaparser.resolution.UnsolvedSymbolException: Unsolved symbol in de.uka.ilkd.key.java.JavaParserFactory$DynamicTypeSolver@596fef4f : java.lang.Object
	at com.github.javaparser.resolution.TypeSolver.solveType(TypeSolver.java:71)

44992      ERROR Test worker     d.u.i.k.n.b.TacletPBuilder Error in parsing taclet. de.uka.ilkd.key.util.parsing.BuildingException: Unsolved symbol in de.uka.ilkd.key.java.JavaParserFactory$DynamicTypeSolver@596fef4f : java.lang.Object at file:/home/runner/work/key/key/key.core/build/resources/main/de/uka/ilkd/key/proof/rules/javaRules.key:639:15
	at de.uka.ilkd.key.nparser.builder.AbstractBuilder.accept(AbstractBuilder.java:54)
Caused by: com.github.javaparser.resolution.UnsolvedSymbolException: Unsolved symbol in de.uka.ilkd.key.java.JavaParserFactory$DynamicTypeSolver@596fef4f : java.lang.Object
	at com.github.javaparser.resolution.TypeSolver.solveType(TypeSolver.java:71)

44994      ERROR Test worker     d.u.i.k.n.b.AbstractBuilder  com.github.javaparser.resolution.UnsolvedSymbolException: Unsolved symbol in de.uka.ilkd.key.java.JavaParserFactory$DynamicTypeSolver@596fef4f : java.lang.Object
	at com.github.javaparser.resolution.TypeSolver.solveType(TypeSolver.java:71)

44999      ERROR Test worker     d.u.i.k.n.b.TacletPBuilder Error in parsing taclet. de.uka.ilkd.key.util.parsing.BuildingException: Unsolved symbol in de.uka.ilkd.key.java.JavaParserFactory$DynamicTypeSolver@596fef4f : java.lang.Object at file:/home/runner/work/key/key/key.core/build/resources/main/de/uka/ilkd/key/proof/rules/javaRules.key:647:15
	at de.uka.ilkd.key.nparser.builder.AbstractBuilder.accept(AbstractBuilder.java:54)
Caused by: com.github.javaparser.resolution.UnsolvedSymbolException: Unsolved symbol in de.uka.ilkd.key.java.JavaParserFactory$DynamicTypeSolver@596fef4f : java.lang.Object
	at com.github.javaparser.resolution.TypeSolver.solveType(TypeSolver.java:71)

45001      ERROR Test worker     d.u.i.k.n.b.AbstractBuilder  com.github.javaparser.resolution.UnsolvedSymbolException: Unsolved symbol in de.uka.ilkd.key.java.JavaParserFactory$DynamicTypeSolver@596fef4f : java.lang.Object
	at com.github.javaparser.resolution.TypeSolver.solveType(TypeSolver.java:71)

45001      ERROR Test worker     d.u.i.k.n.b.TacletPBuilder Error in parsing taclet. de.uka.ilkd.key.util.parsing.BuildingException: Unsolved symbol in de.uka.ilkd.key.java.JavaParserFactory$DynamicTypeSolver@596fef4f : java.lang.Object at file:/home/runner/work/key/key/key.core/build/resources/main/de/uka/ilkd/key/proof/rules/javaRules.key:656:15
	at de.uka.ilkd.key.nparser.builder.AbstractBuilder.accept(AbstractBuilder.java:54)
Caused by: com.github.javaparser.resolution.UnsolvedSymbolException: Unsolved symbol in de.uka.ilkd.key.java.JavaParserFactory$DynamicTypeSolver@596fef4f : java.lang.Object
	at com.github.javaparser.resolution.TypeSolver.solveType(TypeSolver.java:71)

45003      ERROR Test worker     d.u.i.k.n.b.AbstractBuilder  com.github.javaparser.resolution.UnsolvedSymbolException: Unsolved symbol in de.uka.ilkd.key.java.JavaParserFactory$DynamicTypeSolver@596fef4f : java.lang.Object
	at com.github.javaparser.resolution.TypeSolver.solveType(TypeSolver.java:71)

45009      ERROR Test worker     d.u.i.k.n.b.TacletPBuilder Error in parsing taclet. de.uka.ilkd.key.util.parsing.BuildingException: Unsolved symbol in de.uka.ilkd.key.java.JavaParserFactory$DynamicTypeSolver@596fef4f : java.lang.Object at file:/home/runner/work/key/key/key.core/build/resources/main/de/uka/ilkd/key/proof/rules/javaRules.key:664:15
	at de.uka.ilkd.key.nparser.builder.AbstractBuilder.accept(AbstractBuilder.java:54)
Caused by: com.github.javaparser.resolution.UnsolvedSymbolException: Unsolved symbol in de.uka.ilkd.key.java.JavaParserFactory$DynamicTypeSolver@596fef4f : java.lang.Object
	at com.github.javaparser.resolution.TypeSolver.solveType(TypeSolver.java:71)

45011      ERROR Test worker     d.u.i.k.n.b.AbstractBuilder  com.github.javaparser.resolution.UnsolvedSymbolException: Unsolved symbol in de.uka.ilkd.key.java.JavaParserFactory$DynamicTypeSolver@596fef4f : java.lang.Object
	at com.github.javaparser.resolution.TypeSolver.solveType(TypeSolver.java:71)

45011      ERROR Test worker     d.u.i.k.n.b.TacletPBuilder Error in parsing taclet. de.uka.ilkd.key.util.parsing.BuildingException: Unsolved symbol in de.uka.ilkd.key.java.JavaParserFactory$DynamicTypeSolver@596fef4f : java.lang.Object at file:/home/runner/work/key/key/key.core/build/resources/main/de/uka/ilkd/key/proof/rules/javaRules.key:673:15
	at de.uka.ilkd.key.nparser.builder.AbstractBuilder.accept(AbstractBuilder.java:54)
Caused by: com.github.javaparser.resolution.UnsolvedSymbolException: Unsolved symbol in de.uka.ilkd.key.java.JavaParserFactory$DynamicTypeSolver@596fef4f : java.lang.Object
	at com.github.javaparser.resolution.TypeSolver.solveType(TypeSolver.java:71)

45013      ERROR Test worker     d.u.i.k.n.b.AbstractBuilder  com.github.javaparser.resolution.UnsolvedSymbolException: Unsolved symbol in de.uka.ilkd.key.java.JavaParserFactory$DynamicTypeSolver@596fef4f : java.lang.Object
	at com.github.javaparser.resolution.TypeSolver.solveType(TypeSolver.java:71)

45014      ERROR Test worker     d.u.i.k.n.b.TacletPBuilder Error in parsing taclet. de.uka.ilkd.key.util.parsing.BuildingException: Unsolved symbol in de.uka.ilkd.key.java.JavaParserFactory$DynamicTypeSolver@596fef4f : java.lang.Object at file:/home/runner/work/key/key/key.core/build/resources/main/de/uka/ilkd/key/proof/rules/javaRules.key:681:15
	at de.uka.ilkd.key.nparser.builder.AbstractBuilder.accept(AbstractBuilder.java:54)
Caused by: com.github.javaparser.resolution.UnsolvedSymbolException: Unsolved symbol in de.uka.ilkd.key.java.JavaParserFactory$DynamicTypeSolver@596fef4f : java.lang.Object
	at com.github.javaparser.resolution.TypeSolver.solveType(TypeSolver.java:71)

45015      ERROR Test worker     d.u.i.k.n.b.AbstractBuilder  com.github.javaparser.resolution.UnsolvedSymbolException: Unsolved symbol in de.uka.ilkd.key.java.JavaParserFactory$DynamicTypeSolver@596fef4f : java.lang.Object
	at com.github.javaparser.resolution.TypeSolver.solveType(TypeSolver.java:71)

45025      ERROR Test worker     d.u.i.k.n.b.TacletPBuilder Error in parsing taclet. de.uka.ilkd.key.util.parsing.BuildingException: Unsolved symbol in de.uka.ilkd.key.java.JavaParserFactory$DynamicTypeSolver@596fef4f : java.lang.Object at file:/home/runner/work/key/key/key.core/build/resources/main/de/uka/ilkd/key/proof/rules/javaRules.key:693:15
	at de.uka.ilkd.key.nparser.builder.AbstractBuilder.accept(AbstractBuilder.java:54)
Caused by: com.github.javaparser.resolution.UnsolvedSymbolException: Unsolved symbol in de.uka.ilkd.key.java.JavaParserFactory$DynamicTypeSolver@596fef4f : java.lang.Object
	at com.github.javaparser.resolution.TypeSolver.solveType(TypeSolver.java:71)

45027      ERROR Test worker     d.u.i.k.n.b.AbstractBuilder  com.github.javaparser.resolution.UnsolvedSymbolException: Unsolved symbol in de.uka.ilkd.key.java.JavaParserFactory$DynamicTypeSolver@596fef4f : java.lang.Object
	at com.github.javaparser.resolution.TypeSolver.solveType(TypeSolver.java:71)

45037      ERROR Test worker     d.u.i.k.n.b.TacletPBuilder Error in parsing taclet. de.uka.ilkd.key.util.parsing.BuildingException: Unsolved symbol in de.uka.ilkd.key.java.JavaParserFactory$DynamicTypeSolver@596fef4f : java.lang.Object at file:/home/runner/work/key/key/key.core/build/resources/main/de/uka/ilkd/key/proof/rules/javaRules.key:701:15
	at de.uka.ilkd.key.nparser.builder.AbstractBuilder.accept(AbstractBuilder.java:54)
Caused by: com.github.javaparser.resolution.UnsolvedSymbolException: Unsolved symbol in de.uka.ilkd.key.java.JavaParserFactory$DynamicTypeSolver@596fef4f : java.lang.Object
	at com.github.javaparser.resolution.TypeSolver.solveType(TypeSolver.java:71)

45039      ERROR Test worker     d.u.i.k.n.b.AbstractBuilder  com.github.javaparser.resolution.UnsolvedSymbolException: Unsolved symbol in de.uka.ilkd.key.java.JavaParserFactory$DynamicTypeSolver@596fef4f : java.lang.Object
	at com.github.javaparser.resolution.TypeSolver.solveType(TypeSolver.java:71)

45039      ERROR Test worker     d.u.i.k.n.b.TacletPBuilder Error in parsing taclet. de.uka.ilkd.key.util.parsing.BuildingException: Unsolved symbol in de.uka.ilkd.key.java.JavaParserFactory$DynamicTypeSolver@596fef4f : java.lang.Object at file:/home/runner/work/key/key/key.core/build/resources/main/de/uka/ilkd/key/proof/rules/javaRules.key:715:15
	at de.uka.ilkd.key.nparser.builder.AbstractBuilder.accept(AbstractBuilder.java:54)
Caused by: com.github.javaparser.resolution.UnsolvedSymbolException: Unsolved symbol in de.uka.ilkd.key.java.JavaParserFactory$DynamicTypeSolver@596fef4f : java.lang.Object
	at com.github.javaparser.resolution.TypeSolver.solveType(TypeSolver.java:71)

45041      ERROR Test worker     d.u.i.k.n.b.AbstractBuilder  com.github.javaparser.resolution.UnsolvedSymbolException: Unsolved symbol in de.uka.ilkd.key.java.JavaParserFactory$DynamicTypeSolver@596fef4f : java.lang.Object
	at com.github.javaparser.resolution.TypeSolver.solveType(TypeSolver.java:71)

45042      ERROR Test worker     d.u.i.k.n.b.TacletPBuilder Error in parsing taclet. de.uka.ilkd.key.util.parsing.BuildingException: Unsolved symbol in de.uka.ilkd.key.java.JavaParserFactory$DynamicTypeSolver@596fef4f : java.lang.Object at file:/home/runner/work/key/key/key.core/build/resources/main/de/uka/ilkd/key/proof/rules/javaRules.key:722:15
	at de.uka.ilkd.key.nparser.builder.AbstractBuilder.accept(AbstractBuilder.java:54)
Caused by: com.github.javaparser.resolution.UnsolvedSymbolException: Unsolved symbol in de.uka.ilkd.key.java.JavaParserFactory$DynamicTypeSolver@596fef4f : java.lang.Object
	at com.github.javaparser.resolution.TypeSolver.solveType(TypeSolver.java:71)

45044      ERROR Test worker     d.u.i.k.n.b.AbstractBuilder  com.github.javaparser.resolution.UnsolvedSymbolException: Unsolved symbol in de.uka.ilkd.key.java.JavaParserFactory$DynamicTypeSolver@596fef4f : java.lang.Object
	at com.github.javaparser.resolution.TypeSolver.solveType(TypeSolver.java:71)

45049      ERROR Test worker     d.u.i.k.n.b.TacletPBuilder Error in parsing taclet. de.uka.ilkd.key.util.parsing.BuildingException: Unsolved symbol in de.uka.ilkd.key.java.JavaParserFactory$DynamicTypeSolver@596fef4f : java.lang.Object at file:/home/runner/work/key/key/key.core/build/resources/main/de/uka/ilkd/key/proof/rules/javaRules.key:730:15
	at de.uka.ilkd.key.nparser.builder.AbstractBuilder.accept(AbstractBuilder.java:54)
Caused by: com.github.javaparser.resolution.UnsolvedSymbolException: Unsolved symbol in de.uka.ilkd.key.java.JavaParserFactory$DynamicTypeSolver@596fef4f : java.lang.Object
	at com.github.javaparser.resolution.TypeSolver.solveType(TypeSolver.java:71)

45051      ERROR Test worker     d.u.i.k.n.b.AbstractBuilder  com.github.javaparser.resolution.UnsolvedSymbolException: Unsolved symbol in de.uka.ilkd.key.java.JavaParserFactory$DynamicTypeSolver@596fef4f : java.lang.Object
	at com.github.javaparser.resolution.TypeSolver.solveType(TypeSolver.java:71)

45051      ERROR Test worker     d.u.i.k.n.b.TacletPBuilder Error in parsing taclet. de.uka.ilkd.key.util.parsing.BuildingException: Unsolved symbol in de.uka.ilkd.key.java.JavaParserFactory$DynamicTypeSolver@596fef4f : java.lang.Object at file:/home/runner/work/key/key/key.core/build/resources/main/de/uka/ilkd/key/proof/rules/javaRules.key:739:15
	at de.uka.ilkd.key.nparser.builder.AbstractBuilder.accept(AbstractBuilder.java:54)
Caused by: com.github.javaparser.resolution.UnsolvedSymbolException: Unsolved symbol in de.uka.ilkd.key.java.JavaParserFactory$DynamicTypeSolver@596fef4f : java.lang.Object
	at com.github.javaparser.resolution.TypeSolver.solveType(TypeSolver.java:71)

45053      ERROR Test worker     d.u.i.k.n.b.AbstractBuilder  com.github.javaparser.resolution.UnsolvedSymbolException: Unsolved symbol in de.uka.ilkd.key.java.JavaParserFactory$DynamicTypeSolver@596fef4f : java.lang.Object
	at com.github.javaparser.resolution.TypeSolver.solveType(TypeSolver.java:71)

45054      ERROR Test worker     d.u.i.k.n.b.TacletPBuilder Error in parsing taclet. de.uka.ilkd.key.util.parsing.BuildingException: Unsolved symbol in de.uka.ilkd.key.java.JavaParserFactory$DynamicTypeSolver@596fef4f : java.lang.Object at file:/home/runner/work/key/key/key.core/build/resources/main/de/uka/ilkd/key/proof/rules/javaRules.key:746:15
	at de.uka.ilkd.key.nparser.builder.AbstractBuilder.accept(AbstractBuilder.java:54)
Caused by: com.github.javaparser.resolution.UnsolvedSymbolException: Unsolved symbol in de.uka.ilkd.key.java.JavaParserFactory$DynamicTypeSolver@596fef4f : java.lang.Object
	at com.github.javaparser.resolution.TypeSolver.solveType(TypeSolver.java:71)

45056      ERROR Test worker     d.u.i.k.n.b.AbstractBuilder  com.github.javaparser.resolution.UnsolvedSymbolException: Unsolved symbol in de.uka.ilkd.key.java.JavaParserFactory$DynamicTypeSolver@596fef4f : java.lang.Object
	at com.github.javaparser.resolution.TypeSolver.solveType(TypeSolver.java:71)

45065      ERROR Test worker     d.u.i.k.n.b.TacletPBuilder Error in parsing taclet. de.uka.ilkd.key.util.parsing.BuildingException: Unsolved symbol in de.uka.ilkd.key.java.JavaParserFactory$DynamicTypeSolver@596fef4f : java.lang.Object at file:/home/runner/work/key/key/key.core/build/resources/main/de/uka/ilkd/key/proof/rules/javaRules.key:754:15
	at de.uka.ilkd.key.nparser.builder.AbstractBuilder.accept(AbstractBuilder.java:54)
Caused by: com.github.javaparser.resolution.UnsolvedSymbolException: Unsolved symbol in de.uka.ilkd.key.java.JavaParserFactory$DynamicTypeSolver@596fef4f : java.lang.Object
	at com.github.javaparser.resolution.TypeSolver.solveType(TypeSolver.java:71)

45067      ERROR Test worker     d.u.i.k.n.b.AbstractBuilder  com.github.javaparser.resolution.UnsolvedSymbolException: Unsolved symbol in de.uka.ilkd.key.java.JavaParserFactory$DynamicTypeSolver@596fef4f : java.lang.Object
	at com.github.javaparser.resolution.TypeSolver.solveType(TypeSolver.java:71)

45067      ERROR Test worker     d.u.i.k.n.b.TacletPBuilder Error in parsing taclet. de.uka.ilkd.key.util.parsing.BuildingException: Unsolved symbol in de.uka.ilkd.key.java.JavaParserFactory$DynamicTypeSolver@596fef4f : java.lang.Object at file:/home/runner/work/key/key/key.core/build/resources/main/de/uka/ilkd/key/proof/rules/javaRules.key:763:15
	at de.uka.ilkd.key.nparser.builder.AbstractBuilder.accept(AbstractBuilder.java:54)
Caused by: com.github.javaparser.resolution.UnsolvedSymbolException: Unsolved symbol in de.uka.ilkd.key.java.JavaParserFactory$DynamicTypeSolver@596fef4f : java.lang.Object
	at com.github.javaparser.resolution.TypeSolver.solveType(TypeSolver.java:71)

45069      ERROR Test worker     d.u.i.k.n.b.AbstractBuilder  com.github.javaparser.resolution.UnsolvedSymbolException: Unsolved symbol in de.uka.ilkd.key.java.JavaParserFactory$DynamicTypeSolver@596fef4f : java.lang.Object
	at com.github.javaparser.resolution.TypeSolver.solveType(TypeSolver.java:71)

45070      ERROR Test worker     d.u.i.k.n.b.TacletPBuilder Error in parsing taclet. de.uka.ilkd.key.util.parsing.BuildingException: Unsolved symbol in de.uka.ilkd.key.java.JavaParserFactory$DynamicTypeSolver@596fef4f : java.lang.Object at file:/home/runner/work/key/key/key.core/build/resources/main/de/uka/ilkd/key/proof/rules/javaRules.key:770:15
	at de.uka.ilkd.key.nparser.builder.AbstractBuilder.accept(AbstractBuilder.java:54)
Caused by: com.github.javaparser.resolution.UnsolvedSymbolException: Unsolved symbol in de.uka.ilkd.key.java.JavaParserFactory$DynamicTypeSolver@596fef4f : java.lang.Object
	at com.github.javaparser.resolution.TypeSolver.solveType(TypeSolver.java:71)

45071      ERROR Test worker     d.u.i.k.n.b.AbstractBuilder  com.github.javaparser.resolution.UnsolvedSymbolException: Unsolved symbol in de.uka.ilkd.key.java.JavaParserFactory$DynamicTypeSolver@596fef4f : java.lang.Object
	at com.github.javaparser.resolution.TypeSolver.solveType(TypeSolver.java:71)

45072      ERROR Test worker     d.u.i.k.n.b.TacletPBuilder Error in parsing taclet. de.uka.ilkd.key.util.parsing.BuildingException: Unsolved symbol in de.uka.ilkd.key.java.JavaParserFactory$DynamicTypeSolver@596fef4f : java.lang.Object at file:/home/runner/work/key/key/key.core/build/resources/main/de/uka/ilkd/key/proof/rules/javaRules.key:778:15
	at de.uka.ilkd.key.nparser.builder.AbstractBuilder.accept(AbstractBuilder.java:54)
Caused by: com.github.javaparser.resolution.UnsolvedSymbolException: Unsolved symbol in de.uka.ilkd.key.java.JavaParserFactory$DynamicTypeSolver@596fef4f : java.lang.Object
	at com.github.javaparser.resolution.TypeSolver.solveType(TypeSolver.java:71)

45074      ERROR Test worker     d.u.i.k.n.b.AbstractBuilder  com.github.javaparser.resolution.UnsolvedSymbolException: Unsolved symbol in de.uka.ilkd.key.java.JavaParserFactory$DynamicTypeSolver@596fef4f : java.lang.Object
	at com.github.javaparser.resolution.TypeSolver.solveType(TypeSolver.java:71)

45074      ERROR Test worker     d.u.i.k.n.b.TacletPBuilder Error in parsing taclet. de.uka.ilkd.key.util.parsing.BuildingException: Unsolved symbol in de.uka.ilkd.key.java.JavaParserFactory$DynamicTypeSolver@596fef4f : java.lang.Object at file:/home/runner/work/key/key/key.core/build/resources/main/de/uka/ilkd/key/proof/rules/javaRules.key:787:15
	at de.uka.ilkd.key.nparser.builder.AbstractBuilder.accept(AbstractBuilder.java:54)
Caused by: com.github.javaparser.resolution.UnsolvedSymbolException: Unsolved symbol in de.uka.ilkd.key.java.JavaParserFactory$DynamicTypeSolver@596fef4f : java.lang.Object
	at com.github.javaparser.resolution.TypeSolver.solveType(TypeSolver.java:71)

45076      ERROR Test worker     d.u.i.k.n.b.AbstractBuilder  com.github.javaparser.resolution.UnsolvedSymbolException: Unsolved symbol in de.uka.ilkd.key.java.JavaParserFactory$DynamicTypeSolver@596fef4f : java.lang.Object
	at com.github.javaparser.resolution.TypeSolver.solveType(TypeSolver.java:71)

45085      ERROR Test worker     d.u.i.k.n.b.TacletPBuilder Error in parsing taclet. de.uka.ilkd.key.util.parsing.BuildingException: Unsolved symbol in de.uka.ilkd.key.java.JavaParserFactory$DynamicTypeSolver@596fef4f : java.lang.Object at file:/home/runner/work/key/key/key.core/build/resources/main/de/uka/ilkd/key/proof/rules/javaRules.key:794:15
	at de.uka.ilkd.key.nparser.builder.AbstractBuilder.accept(AbstractBuilder.java:54)
Caused by: com.github.javaparser.resolution.UnsolvedSymbolException: Unsolved symbol in de.uka.ilkd.key.java.JavaParserFactory$DynamicTypeSolver@596fef4f : java.lang.Object
	at com.github.javaparser.resolution.TypeSolver.solveType(TypeSolver.java:71)

45087      ERROR Test worker     d.u.i.k.n.b.AbstractBuilder  com.github.javaparser.resolution.UnsolvedSymbolException: Unsolved symbol in de.uka.ilkd.key.java.JavaParserFactory$DynamicTypeSolver@596fef4f : java.lang.Object
	at com.github.javaparser.resolution.TypeSolver.solveType(TypeSolver.java:71)

45087      ERROR Test worker     d.u.i.k.n.b.TacletPBuilder Error in parsing taclet. de.uka.ilkd.key.util.parsing.BuildingException: Unsolved symbol in de.uka.ilkd.key.java.JavaParserFactory$DynamicTypeSolver@596fef4f : java.lang.Object at file:/home/runner/work/key/key/key.core/build/resources/main/de/uka/ilkd/key/proof/rules/javaRules.key:802:15
	at de.uka.ilkd.key.nparser.builder.AbstractBuilder.accept(AbstractBuilder.java:54)
Caused by: com.github.javaparser.resolution.UnsolvedSymbolException: Unsolved symbol in de.uka.ilkd.key.java.JavaParserFactory$DynamicTypeSolver@596fef4f : java.lang.Object
	at com.github.javaparser.resolution.TypeSolver.solveType(TypeSolver.java:71)

45089      ERROR Test worker     d.u.i.k.n.b.AbstractBuilder  com.github.javaparser.resolution.UnsolvedSymbolException: Unsolved symbol in de.uka.ilkd.key.java.JavaParserFactory$DynamicTypeSolver@596fef4f : java.lang.Object
	at com.github.javaparser.resolution.TypeSolver.solveType(TypeSolver.java:71)

45090      ERROR Test worker     d.u.i.k.n.b.TacletPBuilder Error in parsing taclet. de.uka.ilkd.key.util.parsing.BuildingException: Unsolved symbol in de.uka.ilkd.key.java.JavaParserFactory$DynamicTypeSolver@596fef4f : java.lang.Object at file:/home/runner/work/key/key/key.core/build/resources/main/de/uka/ilkd/key/proof/rules/javaRules.key:811:15
	at de.uka.ilkd.key.nparser.builder.AbstractBuilder.accept(AbstractBuilder.java:54)
Caused by: com.github.javaparser.resolution.UnsolvedSymbolException: Unsolved symbol in de.uka.ilkd.key.java.JavaParserFactory$DynamicTypeSolver@596fef4f : java.lang.Object
	at com.github.javaparser.resolution.TypeSolver.solveType(TypeSolver.java:71)

45092      ERROR Test worker     d.u.i.k.n.b.AbstractBuilder  com.github.javaparser.resolution.UnsolvedSymbolException: Unsolved symbol in de.uka.ilkd.key.java.JavaParserFactory$DynamicTypeSolver@596fef4f : java.lang.Object
	at com.github.javaparser.resolution.TypeSolver.solveType(TypeSolver.java:71)

45092      ERROR Test worker     d.u.i.k.n.b.TacletPBuilder Error in parsing taclet. de.uka.ilkd.key.util.parsing.BuildingException: Unsolved symbol in de.uka.ilkd.key.java.JavaParserFactory$DynamicTypeSolver@596fef4f : java.lang.Object at file:/home/runner/work/key/key/key.core/build/resources/main/de/uka/ilkd/key/proof/rules/javaRules.key:819:15
	at de.uka.ilkd.key.nparser.builder.AbstractBuilder.accept(AbstractBuilder.java:54)
Caused by: com.github.javaparser.resolution.UnsolvedSymbolException: Unsolved symbol in de.uka.ilkd.key.java.JavaParserFactory$DynamicTypeSolver@596fef4f : java.lang.Object
	at com.github.javaparser.resolution.TypeSolver.solveType(TypeSolver.java:71)

45094      ERROR Test worker     d.u.i.k.n.b.AbstractBuilder  com.github.javaparser.resolution.UnsolvedSymbolException: Unsolved symbol in de.uka.ilkd.key.java.JavaParserFactory$DynamicTypeSolver@596fef4f : java.lang.Object
	at com.github.javaparser.resolution.TypeSolver.solveType(TypeSolver.java:71)

45094      ERROR Test worker     d.u.i.k.n.b.TacletPBuilder Error in parsing taclet. de.uka.ilkd.key.util.parsing.BuildingException: Unsolved symbol in de.uka.ilkd.key.java.JavaParserFactory$DynamicTypeSolver@596fef4f : java.lang.Object at file:/home/runner/work/key/key/key.core/build/resources/main/de/uka/ilkd/key/proof/rules/javaRules.key:827:15
	at de.uka.ilkd.key.nparser.builder.AbstractBuilder.accept(AbstractBuilder.java:54)
Caused by: com.github.javaparser.resolution.UnsolvedSymbolException: Unsolved symbol in de.uka.ilkd.key.java.JavaParserFactory$DynamicTypeSolver@596fef4f : java.lang.Object
	at com.github.javaparser.resolution.TypeSolver.solveType(TypeSolver.java:71)

45096      ERROR Test worker     d.u.i.k.n.b.AbstractBuilder  com.github.javaparser.resolution.UnsolvedSymbolException: Unsolved symbol in de.uka.ilkd.key.java.JavaParserFactory$DynamicTypeSolver@596fef4f : java.lang.Object
	at com.github.javaparser.resolution.TypeSolver.solveType(TypeSolver.java:71)

45099      ERROR Test worker     d.u.i.k.n.b.TacletPBuilder Error in parsing taclet. de.uka.ilkd.key.util.parsing.BuildingException: Unsolved symbol in de.uka.ilkd.key.java.JavaParserFactory$DynamicTypeSolver@596fef4f : java.lang.Object at file:/home/runner/work/key/key/key.core/build/resources/main/de/uka/ilkd/key/proof/rules/javaRules.key:836:15
	at de.uka.ilkd.key.nparser.builder.AbstractBuilder.accept(AbstractBuilder.java:54)
Caused by: com.github.javaparser.resolution.UnsolvedSymbolException: Unsolved symbol in de.uka.ilkd.key.java.JavaParserFactory$DynamicTypeSolver@596fef4f : java.lang.Object
	at com.github.javaparser.resolution.TypeSolver.solveType(TypeSolver.java:71)

45101      ERROR Test worker     d.u.i.k.n.b.AbstractBuilder  com.github.javaparser.resolution.UnsolvedSymbolException: Unsolved symbol in de.uka.ilkd.key.java.JavaParserFactory$DynamicTypeSolver@596fef4f : java.lang.Object
	at com.github.javaparser.resolution.TypeSolver.solveType(TypeSolver.java:71)

45109      ERROR Test worker     d.u.i.k.n.b.TacletPBuilder Error in parsing taclet. de.uka.ilkd.key.util.parsing.BuildingException: Unsolved symbol in de.uka.ilkd.key.java.JavaParserFactory$DynamicTypeSolver@596fef4f : java.lang.Object at file:/home/runner/work/key/key/key.core/build/resources/main/de/uka/ilkd/key/proof/rules/javaRules.key:843:15
	at de.uka.ilkd.key.nparser.builder.AbstractBuilder.accept(AbstractBuilder.java:54)
Caused by: com.github.javaparser.resolution.UnsolvedSymbolException: Unsolved symbol in de.uka.ilkd.key.java.JavaParserFactory$DynamicTypeSolver@596fef4f : java.lang.Object
	at com.github.javaparser.resolution.TypeSolver.solveType(TypeSolver.java:71)

45111      ERROR Test worker     d.u.i.k.n.b.AbstractBuilder  com.github.javaparser.resolution.UnsolvedSymbolException: Unsolved symbol in de.uka.ilkd.key.java.JavaParserFactory$DynamicTypeSolver@596fef4f : java.lang.Object
	at com.github.javaparser.resolution.TypeSolver.solveType(TypeSolver.java:71)

45111      ERROR Test worker     d.u.i.k.n.b.TacletPBuilder Error in parsing taclet. de.uka.ilkd.key.util.parsing.BuildingException: Unsolved symbol in de.uka.ilkd.key.java.JavaParserFactory$DynamicTypeSolver@596fef4f : java.lang.Object at file:/home/runner/work/key/key/key.core/build/resources/main/de/uka/ilkd/key/proof/rules/javaRules.key:851:15
	at de.uka.ilkd.key.nparser.builder.AbstractBuilder.accept(AbstractBuilder.java:54)
Caused by: com.github.javaparser.resolution.UnsolvedSymbolException: Unsolved symbol in de.uka.ilkd.key.java.JavaParserFactory$DynamicTypeSolver@596fef4f : java.lang.Object
	at com.github.javaparser.resolution.TypeSolver.solveType(TypeSolver.java:71)

45113      ERROR Test worker     d.u.i.k.n.b.AbstractBuilder  com.github.javaparser.resolution.UnsolvedSymbolException: Unsolved symbol in de.uka.ilkd.key.java.JavaParserFactory$DynamicTypeSolver@596fef4f : java.lang.Object
	at com.github.javaparser.resolution.TypeSolver.solveType(TypeSolver.java:71)

45113      ERROR Test worker     d.u.i.k.n.b.TacletPBuilder Error in parsing taclet. de.uka.ilkd.key.util.parsing.BuildingException: Unsolved symbol in de.uka.ilkd.key.java.JavaParserFactory$DynamicTypeSolver@596fef4f : java.lang.Object at file:/home/runner/work/key/key/key.core/build/resources/main/de/uka/ilkd/key/proof/rules/javaRules.key:860:15
	at de.uka.ilkd.key.nparser.builder.AbstractBuilder.accept(AbstractBuilder.java:54)
Caused by: com.github.javaparser.resolution.UnsolvedSymbolException: Unsolved symbol in de.uka.ilkd.key.java.JavaParserFactory$DynamicTypeSolver@596fef4f : java.lang.Object
	at com.github.javaparser.resolution.TypeSolver.solveType(TypeSolver.java:71)

45115      ERROR Test worker     d.u.i.k.n.b.AbstractBuilder  com.github.javaparser.resolution.UnsolvedSymbolException: Unsolved symbol in de.uka.ilkd.key.java.JavaParserFactory$DynamicTypeSolver@596fef4f : java.lang.Object
	at com.github.javaparser.resolution.TypeSolver.solveType(TypeSolver.java:71)

45116      ERROR Test worker     d.u.i.k.n.b.TacletPBuilder Error in parsing taclet. de.uka.ilkd.key.util.parsing.BuildingException: Unsolved symbol in de.uka.ilkd.key.java.JavaParserFactory$DynamicTypeSolver@596fef4f : java.lang.Object at file:/home/runner/work/key/key/key.core/build/resources/main/de/uka/ilkd/key/proof/rules/javaRules.key:867:15
	at de.uka.ilkd.key.nparser.builder.AbstractBuilder.accept(AbstractBuilder.java:54)
Caused by: com.github.javaparser.resolution.UnsolvedSymbolException: Unsolved symbol in de.uka.ilkd.key.java.JavaParserFactory$DynamicTypeSolver@596fef4f : java.lang.Object
	at com.github.javaparser.resolution.TypeSolver.solveType(TypeSolver.java:71)

45118      ERROR Test worker     d.u.i.k.n.b.AbstractBuilder  com.github.javaparser.resolution.UnsolvedSymbolException: Unsolved symbol in de.uka.ilkd.key.java.JavaParserFactory$DynamicTypeSolver@596fef4f : java.lang.Object
	at com.github.javaparser.resolution.TypeSolver.solveType(TypeSolver.java:71)

45118      ERROR Test worker     d.u.i.k.n.b.TacletPBuilder Error in parsing taclet. de.uka.ilkd.key.util.parsing.BuildingException: Unsolved symbol in de.uka.ilkd.key.java.JavaParserFactory$DynamicTypeSolver@596fef4f : java.lang.Object at file:/home/runner/work/key/key/key.core/build/resources/main/de/uka/ilkd/key/proof/rules/javaRules.key:875:15
	at de.uka.ilkd.key.nparser.builder.AbstractBuilder.accept(AbstractBuilder.java:54)
Caused by: com.github.javaparser.resolution.UnsolvedSymbolException: Unsolved symbol in de.uka.ilkd.key.java.JavaParserFactory$DynamicTypeSolver@596fef4f : java.lang.Object
	at com.github.javaparser.resolution.TypeSolver.solveType(TypeSolver.java:71)

45120      ERROR Test worker     d.u.i.k.n.b.AbstractBuilder  com.github.javaparser.resolution.UnsolvedSymbolException: Unsolved symbol in de.uka.ilkd.key.java.JavaParserFactory$DynamicTypeSolver@596fef4f : java.lang.Object
	at com.github.javaparser.resolution.TypeSolver.solveType(TypeSolver.java:71)

45121      ERROR Test worker     d.u.i.k.n.b.TacletPBuilder Error in parsing taclet. de.uka.ilkd.key.util.parsing.BuildingException: Unsolved symbol in de.uka.ilkd.key.java.JavaParserFactory$DynamicTypeSolver@596fef4f : java.lang.Object at file:/home/runner/work/key/key/key.core/build/resources/main/de/uka/ilkd/key/proof/rules/javaRules.key:884:15
	at de.uka.ilkd.key.nparser.builder.AbstractBuilder.accept(AbstractBuilder.java:54)
Caused by: com.github.javaparser.resolution.UnsolvedSymbolException: Unsolved symbol in de.uka.ilkd.key.java.JavaParserFactory$DynamicTypeSolver@596fef4f : java.lang.Object
	at com.github.javaparser.resolution.TypeSolver.solveType(TypeSolver.java:71)

45123      ERROR Test worker     d.u.i.k.n.b.AbstractBuilder  com.github.javaparser.resolution.UnsolvedSymbolException: Unsolved symbol in de.uka.ilkd.key.java.JavaParserFactory$DynamicTypeSolver@596fef4f : java.lang.Object
	at com.github.javaparser.resolution.TypeSolver.solveType(TypeSolver.java:71)

45123      ERROR Test worker     d.u.i.k.n.b.TacletPBuilder Error in parsing taclet. de.uka.ilkd.key.util.parsing.BuildingException: Unsolved symbol in de.uka.ilkd.key.java.JavaParserFactory$DynamicTypeSolver@596fef4f : java.lang.Object at file:/home/runner/work/key/key/key.core/build/resources/main/de/uka/ilkd/key/proof/rules/javaRules.key:892:15
	at de.uka.ilkd.key.nparser.builder.AbstractBuilder.accept(AbstractBuilder.java:54)
Caused by: com.github.javaparser.resolution.UnsolvedSymbolException: Unsolved symbol in de.uka.ilkd.key.java.JavaParserFactory$DynamicTypeSolver@596fef4f : java.lang.Object
	at com.github.javaparser.resolution.TypeSolver.solveType(TypeSolver.java:71)

45125      ERROR Test worker     d.u.i.k.n.b.AbstractBuilder  com.github.javaparser.resolution.UnsolvedSymbolException: Unsolved symbol in de.uka.ilkd.key.java.JavaParserFactory$DynamicTypeSolver@596fef4f : java.lang.Object
	at com.github.javaparser.resolution.TypeSolver.solveType(TypeSolver.java:71)

45126      ERROR Test worker     d.u.i.k.n.b.TacletPBuilder Error in parsing taclet. de.uka.ilkd.key.util.parsing.BuildingException: Unsolved symbol in de.uka.ilkd.key.java.JavaParserFactory$DynamicTypeSolver@596fef4f : java.lang.Object at file:/home/runner/work/key/key/key.core/build/resources/main/de/uka/ilkd/key/proof/rules/javaRules.key:900:15
	at de.uka.ilkd.key.nparser.builder.AbstractBuilder.accept(AbstractBuilder.java:54)
Caused by: com.github.javaparser.resolution.UnsolvedSymbolException: Unsolved symbol in de.uka.ilkd.key.java.JavaParserFactory$DynamicTypeSolver@596fef4f : java.lang.Object
	at com.github.javaparser.resolution.TypeSolver.solveType(TypeSolver.java:71)

45127      ERROR Test worker     d.u.i.k.n.b.AbstractBuilder  com.github.javaparser.resolution.UnsolvedSymbolException: Unsolved symbol in de.uka.ilkd.key.java.JavaParserFactory$DynamicTypeSolver@596fef4f : java.lang.Object
	at com.github.javaparser.resolution.TypeSolver.solveType(TypeSolver.java:71)

45128      ERROR Test worker     d.u.i.k.n.b.TacletPBuilder Error in parsing taclet. de.uka.ilkd.key.util.parsing.BuildingException: Unsolved symbol in de.uka.ilkd.key.java.JavaParserFactory$DynamicTypeSolver@596fef4f : java.lang.Object at file:/home/runner/work/key/key/key.core/build/resources/main/de/uka/ilkd/key/proof/rules/javaRules.key:909:15
	at de.uka.ilkd.key.nparser.builder.AbstractBuilder.accept(AbstractBuilder.java:54)
Caused by: com.github.javaparser.resolution.UnsolvedSymbolException: Unsolved symbol in de.uka.ilkd.key.java.JavaParserFactory$DynamicTypeSolver@596fef4f : java.lang.Object
	at com.github.javaparser.resolution.TypeSolver.solveType(TypeSolver.java:71)

45130      ERROR Test worker     d.u.i.k.n.b.AbstractBuilder  com.github.javaparser.resolution.UnsolvedSymbolException: Unsolved symbol in de.uka.ilkd.key.java.JavaParserFactory$DynamicTypeSolver@596fef4f : java.lang.Object
	at com.github.javaparser.resolution.TypeSolver.solveType(TypeSolver.java:71)

45130      ERROR Test worker     d.u.i.k.n.b.TacletPBuilder Error in parsing taclet. de.uka.ilkd.key.util.parsing.BuildingException: Unsolved symbol in de.uka.ilkd.key.java.JavaParserFactory$DynamicTypeSolver@596fef4f : java.lang.Object at file:/home/runner/work/key/key/key.core/build/resources/main/de/uka/ilkd/key/proof/rules/javaRules.key:925:15
	at de.uka.ilkd.key.nparser.builder.AbstractBuilder.accept(AbstractBuilder.java:54)
Caused by: com.github.javaparser.resolution.UnsolvedSymbolException: Unsolved symbol in de.uka.ilkd.key.java.JavaParserFactory$DynamicTypeSolver@596fef4f : java.lang.Object
	at com.github.javaparser.resolution.TypeSolver.solveType(TypeSolver.java:71)

45132      ERROR Test worker     d.u.i.k.n.b.AbstractBuilder  com.github.javaparser.resolution.UnsolvedSymbolException: Unsolved symbol in de.uka.ilkd.key.java.JavaParserFactory$DynamicTypeSolver@596fef4f : java.lang.Object
	at com.github.javaparser.resolution.TypeSolver.solveType(TypeSolver.java:71)

45133      ERROR Test worker     d.u.i.k.n.b.TacletPBuilder Error in parsing taclet. de.uka.ilkd.key.util.parsing.BuildingException: Unsolved symbol in de.uka.ilkd.key.java.JavaParserFactory$DynamicTypeSolver@596fef4f : java.lang.Object at file:/home/runner/work/key/key/key.core/build/resources/main/de/uka/ilkd/key/proof/rules/javaRules.key:935:15
	at de.uka.ilkd.key.nparser.builder.AbstractBuilder.accept(AbstractBuilder.java:54)
Caused by: com.github.javaparser.resolution.UnsolvedSymbolException: Unsolved symbol in de.uka.ilkd.key.java.JavaParserFactory$DynamicTypeSolver@596fef4f : java.lang.Object
	at com.github.javaparser.resolution.TypeSolver.solveType(TypeSolver.java:71)

45135      ERROR Test worker     d.u.i.k.n.b.AbstractBuilder  com.github.javaparser.resolution.UnsolvedSymbolException: Unsolved symbol in de.uka.ilkd.key.java.JavaParserFactory$DynamicTypeSolver@596fef4f : java.lang.Object
	at com.github.javaparser.resolution.TypeSolver.solveType(TypeSolver.java:71)

45135      ERROR Test worker     d.u.i.k.n.b.TacletPBuilder Error in parsing taclet. de.uka.ilkd.key.util.parsing.BuildingException: Unsolved symbol in de.uka.ilkd.key.java.JavaParserFactory$DynamicTypeSolver@596fef4f : java.lang.Object at file:/home/runner/work/key/key/key.core/build/resources/main/de/uka/ilkd/key/proof/rules/javaRules.key:945:15
	at de.uka.ilkd.key.nparser.builder.AbstractBuilder.accept(AbstractBuilder.java:54)
Caused by: com.github.javaparser.resolution.UnsolvedSymbolException: Unsolved symbol in de.uka.ilkd.key.java.JavaParserFactory$DynamicTypeSolver@596fef4f : java.lang.Object
	at com.github.javaparser.resolution.TypeSolver.solveType(TypeSolver.java:71)

45138      ERROR Test worker     d.u.i.k.n.b.AbstractBuilder  com.github.javaparser.resolution.UnsolvedSymbolException: Unsolved symbol in de.uka.ilkd.key.java.JavaParserFactory$DynamicTypeSolver@596fef4f : java.lang.Object
	at com.github.javaparser.resolution.TypeSolver.solveType(TypeSolver.java:71)

45138      ERROR Test worker     d.u.i.k.n.b.TacletPBuilder Error in parsing taclet. de.uka.ilkd.key.util.parsing.BuildingException: Unsolved symbol in de.uka.ilkd.key.java.JavaParserFactory$DynamicTypeSolver@596fef4f : java.lang.Object at file:/home/runner/work/key/key/key.core/build/resources/main/de/uka/ilkd/key/proof/rules/javaRules.key:959:15
	at de.uka.ilkd.key.nparser.builder.AbstractBuilder.accept(AbstractBuilder.java:54)
Caused by: com.github.javaparser.resolution.UnsolvedSymbolException: Unsolved symbol in de.uka.ilkd.key.java.JavaParserFactory$DynamicTypeSolver@596fef4f : java.lang.Object
	at com.github.javaparser.resolution.TypeSolver.solveType(TypeSolver.java:71)

45140      ERROR Test worker     d.u.i.k.n.b.AbstractBuilder  com.github.javaparser.resolution.UnsolvedSymbolException: Unsolved symbol in de.uka.ilkd.key.java.JavaParserFactory$DynamicTypeSolver@596fef4f : java.lang.Object
	at com.github.javaparser.resolution.TypeSolver.solveType(TypeSolver.java:71)

45140      ERROR Test worker     d.u.i.k.n.b.TacletPBuilder Error in parsing taclet. de.uka.ilkd.key.util.parsing.BuildingException: Unsolved symbol in de.uka.ilkd.key.java.JavaParserFactory$DynamicTypeSolver@596fef4f : java.lang.Object at file:/home/runner/work/key/key/key.core/build/resources/main/de/uka/ilkd/key/proof/rules/javaRules.key:975:20
	at de.uka.ilkd.key.nparser.builder.AbstractBuilder.accept(AbstractBuilder.java:54)
Caused by: com.github.javaparser.resolution.UnsolvedSymbolException: Unsolved symbol in de.uka.ilkd.key.java.JavaParserFactory$DynamicTypeSolver@596fef4f : java.lang.Object
	at com.github.javaparser.resolution.TypeSolver.solveType(TypeSolver.java:71)

45142      ERROR Test worker     d.u.i.k.n.b.AbstractBuilder  com.github.javaparser.resolution.UnsolvedSymbolException: Unsolved symbol in de.uka.ilkd.key.java.JavaParserFactory$DynamicTypeSolver@596fef4f : java.lang.Object
	at com.github.javaparser.resolution.TypeSolver.solveType(TypeSolver.java:71)

45143      ERROR Test worker     d.u.i.k.n.b.TacletPBuilder Error in parsing taclet. de.uka.ilkd.key.util.parsing.BuildingException: Unsolved symbol in de.uka.ilkd.key.java.JavaParserFactory$DynamicTypeSolver@596fef4f : java.lang.Object at file:/home/runner/work/key/key/key.core/build/resources/main/de/uka/ilkd/key/proof/rules/javaRules.key:990:15
	at de.uka.ilkd.key.nparser.builder.AbstractBuilder.accept(AbstractBuilder.java:54)
Caused by: com.github.javaparser.resolution.UnsolvedSymbolException: Unsolved symbol in de.uka.ilkd.key.java.JavaParserFactory$DynamicTypeSolver@596fef4f : java.lang.Object
	at com.github.javaparser.resolution.TypeSolver.solveType(TypeSolver.java:71)

45145      ERROR Test worker     d.u.i.k.n.b.AbstractBuilder  com.github.javaparser.resolution.UnsolvedSymbolException: Unsolved symbol in de.uka.ilkd.key.java.JavaParserFactory$DynamicTypeSolver@596fef4f : java.lang.Object
	at com.github.javaparser.resolution.TypeSolver.solveType(TypeSolver.java:71)

45145      ERROR Test worker     d.u.i.k.n.b.TacletPBuilder Error in parsing taclet. de.uka.ilkd.key.util.parsing.BuildingException: Unsolved symbol in de.uka.ilkd.key.java.JavaParserFactory$DynamicTypeSolver@596fef4f : java.lang.Object at file:/home/runner/work/key/key/key.core/build/resources/main/de/uka/ilkd/key/proof/rules/javaRules.key:1001:15
	at de.uka.ilkd.key.nparser.builder.AbstractBuilder.accept(AbstractBuilder.java:54)
Caused by: com.github.javaparser.resolution.UnsolvedSymbolException: Unsolved symbol in de.uka.ilkd.key.java.JavaParserFactory$DynamicTypeSolver@596fef4f : java.lang.Object
	at com.github.javaparser.resolution.TypeSolver.solveType(TypeSolver.java:71)

45147      ERROR Test worker     d.u.i.k.n.b.AbstractBuilder  com.github.javaparser.resolution.UnsolvedSymbolException: Unsolved symbol in de.uka.ilkd.key.java.JavaParserFactory$DynamicTypeSolver@596fef4f : java.lang.Object
	at com.github.javaparser.resolution.TypeSolver.solveType(TypeSolver.java:71)

45148      ERROR Test worker     d.u.i.k.n.b.TacletPBuilder Error in parsing taclet. de.uka.ilkd.key.util.parsing.BuildingException: Unsolved symbol in de.uka.ilkd.key.java.JavaParserFactory$DynamicTypeSolver@596fef4f : java.lang.Object at file:/home/runner/work/key/key/key.core/build/resources/main/de/uka/ilkd/key/proof/rules/javaRules.key:1018:20
	at de.uka.ilkd.key.nparser.builder.AbstractBuilder.accept(AbstractBuilder.java:54)
Caused by: com.github.javaparser.resolution.UnsolvedSymbolException: Unsolved symbol in de.uka.ilkd.key.java.JavaParserFactory$DynamicTypeSolver@596fef4f : java.lang.Object
	at com.github.javaparser.resolution.TypeSolver.solveType(TypeSolver.java:71)

45150      ERROR Test worker     d.u.i.k.n.b.AbstractBuilder  com.github.javaparser.resolution.UnsolvedSymbolException: Unsolved symbol in de.uka.ilkd.key.java.JavaParserFactory$DynamicTypeSolver@596fef4f : java.lang.Object
	at com.github.javaparser.resolution.TypeSolver.solveType(TypeSolver.java:71)

45150      ERROR Test worker     d.u.i.k.n.b.TacletPBuilder Error in parsing taclet. de.uka.ilkd.key.util.parsing.BuildingException: Unsolved symbol in de.uka.ilkd.key.java.JavaParserFactory$DynamicTypeSolver@596fef4f : java.lang.Object at file:/home/runner/work/key/key/key.core/build/resources/main/de/uka/ilkd/key/proof/rules/javaRules.key:1034:15
	at de.uka.ilkd.key.nparser.builder.AbstractBuilder.accept(AbstractBuilder.java:54)
Caused by: com.github.javaparser.resolution.UnsolvedSymbolException: Unsolved symbol in de.uka.ilkd.key.java.JavaParserFactory$DynamicTypeSolver@596fef4f : java.lang.Object
	at com.github.javaparser.resolution.TypeSolver.solveType(TypeSolver.java:71)

45152      ERROR Test worker     d.u.i.k.n.b.AbstractBuilder  com.github.javaparser.resolution.UnsolvedSymbolException: Unsolved symbol in de.uka.ilkd.key.java.JavaParserFactory$DynamicTypeSolver@596fef4f : java.lang.Object
	at com.github.javaparser.resolution.TypeSolver.solveType(TypeSolver.java:71)

45157      ERROR Test worker     d.u.i.k.n.b.TacletPBuilder Error in parsing taclet. de.uka.ilkd.key.util.parsing.BuildingException: Unsolved symbol in de.uka.ilkd.key.java.JavaParserFactory$DynamicTypeSolver@596fef4f : java.lang.Object at file:/home/runner/work/key/key/key.core/build/resources/main/de/uka/ilkd/key/proof/rules/javaRules.key:1044:15
	at de.uka.ilkd.key.nparser.builder.AbstractBuilder.accept(AbstractBuilder.java:54)
Caused by: com.github.javaparser.resolution.UnsolvedSymbolException: Unsolved symbol in de.uka.ilkd.key.java.JavaParserFactory$DynamicTypeSolver@596fef4f : java.lang.Object
	at com.github.javaparser.resolution.TypeSolver.solveType(TypeSolver.java:71)

45159      ERROR Test worker     d.u.i.k.n.b.AbstractBuilder  com.github.javaparser.resolution.UnsolvedSymbolException: Unsolved symbol in de.uka.ilkd.key.java.JavaParserFactory$DynamicTypeSolver@596fef4f : java.lang.Object
	at com.github.javaparser.resolution.TypeSolver.solveType(TypeSolver.java:71)

45159      ERROR Test worker     d.u.i.k.n.b.TacletPBuilder Error in parsing taclet. de.uka.ilkd.key.util.parsing.BuildingException: Unsolved symbol in de.uka.ilkd.key.java.JavaParserFactory$DynamicTypeSolver@596fef4f : java.lang.Object at file:/home/runner/work/key/key/key.core/build/resources/main/de/uka/ilkd/key/proof/rules/javaRules.key:1063:20
	at de.uka.ilkd.key.nparser.builder.AbstractBuilder.accept(AbstractBuilder.java:54)
Caused by: com.github.javaparser.resolution.UnsolvedSymbolException: Unsolved symbol in de.uka.ilkd.key.java.JavaParserFactory$DynamicTypeSolver@596fef4f : java.lang.Object
	at com.github.javaparser.resolution.TypeSolver.solveType(TypeSolver.java:71)

45161      ERROR Test worker     d.u.i.k.n.b.AbstractBuilder  com.github.javaparser.resolution.UnsolvedSymbolException: Unsolved symbol in de.uka.ilkd.key.java.JavaParserFactory$DynamicTypeSolver@596fef4f : java.lang.Object
	at com.github.javaparser.resolution.TypeSolver.solveType(TypeSolver.java:71)

45165      ERROR Test worker     d.u.i.k.n.b.TacletPBuilder Error in parsing taclet. de.uka.ilkd.key.util.parsing.BuildingException: Unsolved symbol in de.uka.ilkd.key.java.JavaParserFactory$DynamicTypeSolver@596fef4f : java.lang.Object at file:/home/runner/work/key/key/key.core/build/resources/main/de/uka/ilkd/key/proof/rules/javaRules.key:1081:15
	at de.uka.ilkd.key.nparser.builder.AbstractBuilder.accept(AbstractBuilder.java:54)
Caused by: com.github.javaparser.resolution.UnsolvedSymbolException: Unsolved symbol in de.uka.ilkd.key.java.JavaParserFactory$DynamicTypeSolver@596fef4f : java.lang.Object
	at com.github.javaparser.resolution.TypeSolver.solveType(TypeSolver.java:71)

45167      ERROR Test worker     d.u.i.k.n.b.AbstractBuilder  com.github.javaparser.resolution.UnsolvedSymbolException: Unsolved symbol in de.uka.ilkd.key.java.JavaParserFactory$DynamicTypeSolver@596fef4f : java.lang.Object
	at com.github.javaparser.resolution.TypeSolver.solveType(TypeSolver.java:71)

45167      ERROR Test worker     d.u.i.k.n.b.TacletPBuilder Error in parsing taclet. de.uka.ilkd.key.util.parsing.BuildingException: Unsolved symbol in de.uka.ilkd.key.java.JavaParserFactory$DynamicTypeSolver@596fef4f : java.lang.Object at file:/home/runner/work/key/key/key.core/build/resources/main/de/uka/ilkd/key/proof/rules/javaRules.key:1094:15
	at de.uka.ilkd.key.nparser.builder.AbstractBuilder.accept(AbstractBuilder.java:54)
Caused by: com.github.javaparser.resolution.UnsolvedSymbolException: Unsolved symbol in de.uka.ilkd.key.java.JavaParserFactory$DynamicTypeSolver@596fef4f : java.lang.Object
	at com.github.javaparser.resolution.TypeSolver.solveType(TypeSolver.java:71)

45177      ERROR Test worker     d.u.i.k.n.b.AbstractBuilder  com.github.javaparser.resolution.UnsolvedSymbolException: Unsolved symbol in de.uka.ilkd.key.java.JavaParserFactory$DynamicTypeSolver@596fef4f : java.lang.Object
	at com.github.javaparser.resolution.TypeSolver.solveType(TypeSolver.java:71)

45177      ERROR Test worker     d.u.i.k.n.b.TacletPBuilder Error in parsing taclet. de.uka.ilkd.key.util.parsing.BuildingException: Unsolved symbol in de.uka.ilkd.key.java.JavaParserFactory$DynamicTypeSolver@596fef4f : java.lang.Object at file:/home/runner/work/key/key/key.core/build/resources/main/de/uka/ilkd/key/proof/rules/javaRules.key:1100:15
	at de.uka.ilkd.key.nparser.builder.AbstractBuilder.accept(AbstractBuilder.java:54)
Caused by: com.github.javaparser.resolution.UnsolvedSymbolException: Unsolved symbol in de.uka.ilkd.key.java.JavaParserFactory$DynamicTypeSolver@596fef4f : java.lang.Object
	at com.github.javaparser.resolution.TypeSolver.solveType(TypeSolver.java:71)

45179      ERROR Test worker     d.u.i.k.n.b.AbstractBuilder  com.github.javaparser.resolution.UnsolvedSymbolException: Unsolved symbol in de.uka.ilkd.key.java.JavaParserFactory$DynamicTypeSolver@596fef4f : java.lang.Object
	at com.github.javaparser.resolution.TypeSolver.solveType(TypeSolver.java:71)

45179      ERROR Test worker     d.u.i.k.n.b.TacletPBuilder Error in parsing taclet. de.uka.ilkd.key.util.parsing.BuildingException: Unsolved symbol in de.uka.ilkd.key.java.JavaParserFactory$DynamicTypeSolver@596fef4f : java.lang.Object at file:/home/runner/work/key/key/key.core/build/resources/main/de/uka/ilkd/key/proof/rules/javaRules.key:1114:15
	at de.uka.ilkd.key.nparser.builder.AbstractBuilder.accept(AbstractBuilder.java:54)
Caused by: com.github.javaparser.resolution.UnsolvedSymbolException: Unsolved symbol in de.uka.ilkd.key.java.JavaParserFactory$DynamicTypeSolver@596fef4f : java.lang.Object
	at com.github.javaparser.resolution.TypeSolver.solveType(TypeSolver.java:71)

45181      ERROR Test worker     d.u.i.k.n.b.AbstractBuilder  com.github.javaparser.resolution.UnsolvedSymbolException: Unsolved symbol in de.uka.ilkd.key.java.JavaParserFactory$DynamicTypeSolver@596fef4f : java.lang.Object
	at com.github.javaparser.resolution.TypeSolver.solveType(TypeSolver.java:71)

45182      ERROR Test worker     d.u.i.k.n.b.TacletPBuilder Error in parsing taclet. de.uka.ilkd.key.util.parsing.BuildingException: Unsolved symbol in de.uka.ilkd.key.java.JavaParserFactory$DynamicTypeSolver@596fef4f : java.lang.Object at file:/home/runner/work/key/key/key.core/build/resources/main/de/uka/ilkd/key/proof/rules/javaRules.key:1124:15
	at de.uka.ilkd.key.nparser.builder.AbstractBuilder.accept(AbstractBuilder.java:54)
Caused by: com.github.javaparser.resolution.UnsolvedSymbolException: Unsolved symbol in de.uka.ilkd.key.java.JavaParserFactory$DynamicTypeSolver@596fef4f : java.lang.Object
	at com.github.javaparser.resolution.TypeSolver.solveType(TypeSolver.java:71)

45184      ERROR Test worker     d.u.i.k.n.b.AbstractBuilder  com.github.javaparser.resolution.UnsolvedSymbolException: Unsolved symbol in de.uka.ilkd.key.java.JavaParserFactory$DynamicTypeSolver@596fef4f : java.lang.Object
	at com.github.javaparser.resolution.TypeSolver.solveType(TypeSolver.java:71)

45184      ERROR Test worker     d.u.i.k.n.b.TacletPBuilder Error in parsing taclet. de.uka.ilkd.key.util.parsing.BuildingException: Unsolved symbol in de.uka.ilkd.key.java.JavaParserFactory$DynamicTypeSolver@596fef4f : java.lang.Object at file:/home/runner/work/key/key/key.core/build/resources/main/de/uka/ilkd/key/proof/rules/javaRules.key:1135:15
	at de.uka.ilkd.key.nparser.builder.AbstractBuilder.accept(AbstractBuilder.java:54)
Caused by: com.github.javaparser.resolution.UnsolvedSymbolException: Unsolved symbol in de.uka.ilkd.key.java.JavaParserFactory$DynamicTypeSolver@596fef4f : java.lang.Object
	at com.github.javaparser.resolution.TypeSolver.solveType(TypeSolver.java:71)

45194      ERROR Test worker     d.u.i.k.n.b.AbstractBuilder  com.github.javaparser.resolution.UnsolvedSymbolException: Unsolved symbol in de.uka.ilkd.key.java.JavaParserFactory$DynamicTypeSolver@596fef4f : java.lang.Object
	at com.github.javaparser.resolution.TypeSolver.solveType(TypeSolver.java:71)

45194      ERROR Test worker     d.u.i.k.n.b.TacletPBuilder Error in parsing taclet. de.uka.ilkd.key.util.parsing.BuildingException: Unsolved symbol in de.uka.ilkd.key.java.JavaParserFactory$DynamicTypeSolver@596fef4f : java.lang.Object at file:/home/runner/work/key/key/key.core/build/resources/main/de/uka/ilkd/key/proof/rules/javaRules.key:1142:15
	at de.uka.ilkd.key.nparser.builder.AbstractBuilder.accept(AbstractBuilder.java:54)
Caused by: com.github.javaparser.resolution.UnsolvedSymbolException: Unsolved symbol in de.uka.ilkd.key.java.JavaParserFactory$DynamicTypeSolver@596fef4f : java.lang.Object
	at com.github.javaparser.resolution.TypeSolver.solveType(TypeSolver.java:71)

45196      ERROR Test worker     d.u.i.k.n.b.AbstractBuilder  com.github.javaparser.resolution.UnsolvedSymbolException: Unsolved symbol in de.uka.ilkd.key.java.JavaParserFactory$DynamicTypeSolver@596fef4f : java.lang.Object
	at com.github.javaparser.resolution.TypeSolver.solveType(TypeSolver.java:71)

45197      ERROR Test worker     d.u.i.k.n.b.TacletPBuilder Error in parsing taclet. de.uka.ilkd.key.util.parsing.BuildingException: Unsolved symbol in de.uka.ilkd.key.java.JavaParserFactory$DynamicTypeSolver@596fef4f : java.lang.Object at file:/home/runner/work/key/key/key.core/build/resources/main/de/uka/ilkd/key/proof/rules/javaRules.key:1151:15
	at de.uka.ilkd.key.nparser.builder.AbstractBuilder.accept(AbstractBuilder.java:54)
Caused by: com.github.javaparser.resolution.UnsolvedSymbolException: Unsolved symbol in de.uka.ilkd.key.java.JavaParserFactory$DynamicTypeSolver@596fef4f : java.lang.Object
	at com.github.javaparser.resolution.TypeSolver.solveType(TypeSolver.java:71)

45199      ERROR Test worker     d.u.i.k.n.b.AbstractBuilder  com.github.javaparser.resolution.UnsolvedSymbolException: Unsolved symbol in de.uka.ilkd.key.java.JavaParserFactory$DynamicTypeSolver@596fef4f : java.lang.Object
	at com.github.javaparser.resolution.TypeSolver.solveType(TypeSolver.java:71)

45199      ERROR Test worker     d.u.i.k.n.b.TacletPBuilder Error in parsing taclet. de.uka.ilkd.key.util.parsing.BuildingException: Unsolved symbol in de.uka.ilkd.key.java.JavaParserFactory$DynamicTypeSolver@596fef4f : java.lang.Object at file:/home/runner/work/key/key/key.core/build/resources/main/de/uka/ilkd/key/proof/rules/javaRules.key:1157:15
	at de.uka.ilkd.key.nparser.builder.AbstractBuilder.accept(AbstractBuilder.java:54)
Caused by: com.github.javaparser.resolution.UnsolvedSymbolException: Unsolved symbol in de.uka.ilkd.key.java.JavaParserFactory$DynamicTypeSolver@596fef4f : java.lang.Object
	at com.github.javaparser.resolution.TypeSolver.solveType(TypeSolver.java:71)

45201      ERROR Test worker     d.u.i.k.n.b.AbstractBuilder  com.github.javaparser.resolution.UnsolvedSymbolException: Unsolved symbol in de.uka.ilkd.key.java.JavaParserFactory$DynamicTypeSolver@596fef4f : java.lang.Object
	at com.github.javaparser.resolution.TypeSolver.solveType(TypeSolver.java:71)

45202      ERROR Test worker     d.u.i.k.n.b.TacletPBuilder Error in parsing taclet. de.uka.ilkd.key.util.parsing.BuildingException: Unsolved symbol in de.uka.ilkd.key.java.JavaParserFactory$DynamicTypeSolver@596fef4f : java.lang.Object at file:/home/runner/work/key/key/key.core/build/resources/main/de/uka/ilkd/key/proof/rules/javaRules.key:1164:15
	at de.uka.ilkd.key.nparser.builder.AbstractBuilder.accept(AbstractBuilder.java:54)
Caused by: com.github.javaparser.resolution.UnsolvedSymbolException: Unsolved symbol in de.uka.ilkd.key.java.JavaParserFactory$DynamicTypeSolver@596fef4f : java.lang.Object
	at com.github.javaparser.resolution.TypeSolver.solveType(TypeSolver.java:71)

45204      ERROR Test worker     d.u.i.k.n.b.AbstractBuilder  com.github.javaparser.resolution.UnsolvedSymbolException: Unsolved symbol in de.uka.ilkd.key.java.JavaParserFactory$DynamicTypeSolver@596fef4f : java.lang.Object
	at com.github.javaparser.resolution.TypeSolver.solveType(TypeSolver.java:71)

45205      ERROR Test worker     d.u.i.k.n.b.TacletPBuilder Error in parsing taclet. de.uka.ilkd.key.util.parsing.BuildingException: Unsolved symbol in de.uka.ilkd.key.java.JavaParserFactory$DynamicTypeSolver@596fef4f : java.lang.Object at file:/home/runner/work/key/key/key.core/build/resources/main/de/uka/ilkd/key/proof/rules/javaRules.key:1171:15
	at de.uka.ilkd.key.nparser.builder.AbstractBuilder.accept(AbstractBuilder.java:54)
Caused by: com.github.javaparser.resolution.UnsolvedSymbolException: Unsolved symbol in de.uka.ilkd.key.java.JavaParserFactory$DynamicTypeSolver@596fef4f : java.lang.Object
	at com.github.javaparser.resolution.TypeSolver.solveType(TypeSolver.java:71)

45213      ERROR Test worker     d.u.i.k.n.b.AbstractBuilder  com.github.javaparser.resolution.UnsolvedSymbolException: Unsolved symbol in de.uka.ilkd.key.java.JavaParserFactory$DynamicTypeSolver@596fef4f : java.lang.Object
	at com.github.javaparser.resolution.TypeSolver.solveType(TypeSolver.java:71)

45213      ERROR Test worker     d.u.i.k.n.b.TacletPBuilder Error in parsing taclet. de.uka.ilkd.key.util.parsing.BuildingException: Unsolved symbol in de.uka.ilkd.key.java.JavaParserFactory$DynamicTypeSolver@596fef4f : java.lang.Object at file:/home/runner/work/key/key/key.core/build/resources/main/de/uka/ilkd/key/proof/rules/javaRules.key:1178:15
	at de.uka.ilkd.key.nparser.builder.AbstractBuilder.accept(AbstractBuilder.java:54)
Caused by: com.github.javaparser.resolution.UnsolvedSymbolException: Unsolved symbol in de.uka.ilkd.key.java.JavaParserFactory$DynamicTypeSolver@596fef4f : java.lang.Object
	at com.github.javaparser.resolution.TypeSolver.solveType(TypeSolver.java:71)

45214      ERROR Test worker     d.u.i.k.n.b.AbstractBuilder  com.github.javaparser.resolution.UnsolvedSymbolException: Unsolved symbol in de.uka.ilkd.key.java.JavaParserFactory$DynamicTypeSolver@596fef4f : java.lang.Object
	at com.github.javaparser.resolution.TypeSolver.solveType(TypeSolver.java:71)

45214      ERROR Test worker     d.u.i.k.n.b.TacletPBuilder Error in parsing taclet. de.uka.ilkd.key.util.parsing.BuildingException: Unsolved symbol in de.uka.ilkd.key.java.JavaParserFactory$DynamicTypeSolver@596fef4f : java.lang.Object at file:/home/runner/work/key/key/key.core/build/resources/main/de/uka/ilkd/key/proof/rules/javaRules.key:1184:15
	at de.uka.ilkd.key.nparser.builder.AbstractBuilder.accept(AbstractBuilder.java:54)
Caused by: com.github.javaparser.resolution.UnsolvedSymbolException: Unsolved symbol in de.uka.ilkd.key.java.JavaParserFactory$DynamicTypeSolver@596fef4f : java.lang.Object
	at com.github.javaparser.resolution.TypeSolver.solveType(TypeSolver.java:71)

45216      ERROR Test worker     d.u.i.k.n.b.AbstractBuilder  com.github.javaparser.resolution.UnsolvedSymbolException: Unsolved symbol in de.uka.ilkd.key.java.JavaParserFactory$DynamicTypeSolver@596fef4f : java.lang.Object
	at com.github.javaparser.resolution.TypeSolver.solveType(TypeSolver.java:71)

45216      ERROR Test worker     d.u.i.k.n.b.TacletPBuilder Error in parsing taclet. de.uka.ilkd.key.util.parsing.BuildingException: Unsolved symbol in de.uka.ilkd.key.java.JavaParserFactory$DynamicTypeSolver@596fef4f : java.lang.Object at file:/home/runner/work/key/key/key.core/build/resources/main/de/uka/ilkd/key/proof/rules/javaRules.key:1191:15
	at de.uka.ilkd.key.nparser.builder.AbstractBuilder.accept(AbstractBuilder.java:54)
Caused by: com.github.javaparser.resolution.UnsolvedSymbolException: Unsolved symbol in de.uka.ilkd.key.java.JavaParserFactory$DynamicTypeSolver@596fef4f : java.lang.Object
	at com.github.javaparser.resolution.TypeSolver.solveType(TypeSolver.java:71)

45228      ERROR Test worker     d.u.i.k.n.b.AbstractBuilder  com.github.javaparser.resolution.UnsolvedSymbolException: Unsolved symbol in de.uka.ilkd.key.java.JavaParserFactory$DynamicTypeSolver@596fef4f : java.lang.Object
	at com.github.javaparser.resolution.TypeSolver.solveType(TypeSolver.java:71)

45228      ERROR Test worker     d.u.i.k.n.b.TacletPBuilder Error in parsing taclet. de.uka.ilkd.key.util.parsing.BuildingException: Unsolved symbol in de.uka.ilkd.key.java.JavaParserFactory$DynamicTypeSolver@596fef4f : java.lang.Object at file:/home/runner/work/key/key/key.core/build/resources/main/de/uka/ilkd/key/proof/rules/javaRules.key:1198:15
	at de.uka.ilkd.key.nparser.builder.AbstractBuilder.accept(AbstractBuilder.java:54)
Caused by: com.github.javaparser.resolution.UnsolvedSymbolException: Unsolved symbol in de.uka.ilkd.key.java.JavaParserFactory$DynamicTypeSolver@596fef4f : java.lang.Object
	at com.github.javaparser.resolution.TypeSolver.solveType(TypeSolver.java:71)

45229      ERROR Test worker     d.u.i.k.n.b.AbstractBuilder  com.github.javaparser.resolution.UnsolvedSymbolException: Unsolved symbol in de.uka.ilkd.key.java.JavaParserFactory$DynamicTypeSolver@596fef4f : java.lang.Object
	at com.github.javaparser.resolution.TypeSolver.solveType(TypeSolver.java:71)

45229      ERROR Test worker     d.u.i.k.n.b.TacletPBuilder Error in parsing taclet. de.uka.ilkd.key.util.parsing.BuildingException: Unsolved symbol in de.uka.ilkd.key.java.JavaParserFactory$DynamicTypeSolver@596fef4f : java.lang.Object at file:/home/runner/work/key/key/key.core/build/resources/main/de/uka/ilkd/key/proof/rules/javaRules.key:1205:15
	at de.uka.ilkd.key.nparser.builder.AbstractBuilder.accept(AbstractBuilder.java:54)
Caused by: com.github.javaparser.resolution.UnsolvedSymbolException: Unsolved symbol in de.uka.ilkd.key.java.JavaParserFactory$DynamicTypeSolver@596fef4f : java.lang.Object
	at com.github.javaparser.resolution.TypeSolver.solveType(TypeSolver.java:71)

45231      ERROR Test worker     d.u.i.k.n.b.AbstractBuilder  com.github.javaparser.resolution.UnsolvedSymbolException: Unsolved symbol in de.uka.ilkd.key.java.JavaParserFactory$DynamicTypeSolver@596fef4f : java.lang.Object
	at com.github.javaparser.resolution.TypeSolver.solveType(TypeSolver.java:71)

45231      ERROR Test worker     d.u.i.k.n.b.TacletPBuilder Error in parsing taclet. de.uka.ilkd.key.util.parsing.BuildingException: Unsolved symbol in de.uka.ilkd.key.java.JavaParserFactory$DynamicTypeSolver@596fef4f : java.lang.Object at file:/home/runner/work/key/key/key.core/build/resources/main/de/uka/ilkd/key/proof/rules/javaRules.key:1212:15
	at de.uka.ilkd.key.nparser.builder.AbstractBuilder.accept(AbstractBuilder.java:54)
Caused by: com.github.javaparser.resolution.UnsolvedSymbolException: Unsolved symbol in de.uka.ilkd.key.java.JavaParserFactory$DynamicTypeSolver@596fef4f : java.lang.Object
	at com.github.javaparser.resolution.TypeSolver.solveType(TypeSolver.java:71)

45232      ERROR Test worker     d.u.i.k.n.b.AbstractBuilder  com.github.javaparser.resolution.UnsolvedSymbolException: Unsolved symbol in de.uka.ilkd.key.java.JavaParserFactory$DynamicTypeSolver@596fef4f : java.lang.Object
	at com.github.javaparser.resolution.TypeSolver.solveType(TypeSolver.java:71)

45233      ERROR Test worker     d.u.i.k.n.b.TacletPBuilder Error in parsing taclet. de.uka.ilkd.key.util.parsing.BuildingException: Unsolved symbol in de.uka.ilkd.key.java.JavaParserFactory$DynamicTypeSolver@596fef4f : java.lang.Object at file:/home/runner/work/key/key/key.core/build/resources/main/de/uka/ilkd/key/proof/rules/javaRules.key:1220:15
	at de.uka.ilkd.key.nparser.builder.AbstractBuilder.accept(AbstractBuilder.java:54)
Caused by: com.github.javaparser.resolution.UnsolvedSymbolException: Unsolved symbol in de.uka.ilkd.key.java.JavaParserFactory$DynamicTypeSolver@596fef4f : java.lang.Object
	at com.github.javaparser.resolution.TypeSolver.solveType(TypeSolver.java:71)

45241      ERROR Test worker     d.u.i.k.n.b.AbstractBuilder  com.github.javaparser.resolution.UnsolvedSymbolException: Unsolved symbol in de.uka.ilkd.key.java.JavaParserFactory$DynamicTypeSolver@596fef4f : java.lang.Object
	at com.github.javaparser.resolution.TypeSolver.solveType(TypeSolver.java:71)

45241      ERROR Test worker     d.u.i.k.n.b.TacletPBuilder Error in parsing taclet. de.uka.ilkd.key.util.parsing.BuildingException: Unsolved symbol in de.uka.ilkd.key.java.JavaParserFactory$DynamicTypeSolver@596fef4f : java.lang.Object at file:/home/runner/work/key/key/key.core/build/resources/main/de/uka/ilkd/key/proof/rules/javaRules.key:1230:15
	at de.uka.ilkd.key.nparser.builder.AbstractBuilder.accept(AbstractBuilder.java:54)
Caused by: com.github.javaparser.resolution.UnsolvedSymbolException: Unsolved symbol in de.uka.ilkd.key.java.JavaParserFactory$DynamicTypeSolver@596fef4f : java.lang.Object
	at com.github.javaparser.resolution.TypeSolver.solveType(TypeSolver.java:71)

45243      ERROR Test worker     d.u.i.k.n.b.AbstractBuilder  com.github.javaparser.resolution.UnsolvedSymbolException: Unsolved symbol in de.uka.ilkd.key.java.JavaParserFactory$DynamicTypeSolver@596fef4f : java.lang.Object
	at com.github.javaparser.resolution.TypeSolver.solveType(TypeSolver.java:71)

45243      ERROR Test worker     d.u.i.k.n.b.TacletPBuilder Error in parsing taclet. de.uka.ilkd.key.util.parsing.BuildingException: Unsolved symbol in de.uka.ilkd.key.java.JavaParserFactory$DynamicTypeSolver@596fef4f : java.lang.Object at file:/home/runner/work/key/key/key.core/build/resources/main/de/uka/ilkd/key/proof/rules/javaRules.key:1238:15
	at de.uka.ilkd.key.nparser.builder.AbstractBuilder.accept(AbstractBuilder.java:54)
Caused by: com.github.javaparser.resolution.UnsolvedSymbolException: Unsolved symbol in de.uka.ilkd.key.java.JavaParserFactory$DynamicTypeSolver@596fef4f : java.lang.Object
	at com.github.javaparser.resolution.TypeSolver.solveType(TypeSolver.java:71)

45248      ERROR Test worker     d.u.i.k.n.b.AbstractBuilder  com.github.javaparser.resolution.UnsolvedSymbolException: Unsolved symbol in de.uka.ilkd.key.java.JavaParserFactory$DynamicTypeSolver@596fef4f : java.lang.Object
	at com.github.javaparser.resolution.TypeSolver.solveType(TypeSolver.java:71)

45248      ERROR Test worker     d.u.i.k.n.b.TacletPBuilder Error in parsing taclet. de.uka.ilkd.key.util.parsing.BuildingException: Unsolved symbol in de.uka.ilkd.key.java.JavaParserFactory$DynamicTypeSolver@596fef4f : java.lang.Object at file:/home/runner/work/key/key/key.core/build/resources/main/de/uka/ilkd/key/proof/rules/javaRules.key:1245:15
	at de.uka.ilkd.key.nparser.builder.AbstractBuilder.accept(AbstractBuilder.java:54)
Caused by: com.github.javaparser.resolution.UnsolvedSymbolException: Unsolved symbol in de.uka.ilkd.key.java.JavaParserFactory$DynamicTypeSolver@596fef4f : java.lang.Object
	at com.github.javaparser.resolution.TypeSolver.solveType(TypeSolver.java:71)

45249      ERROR Test worker     d.u.i.k.n.b.AbstractBuilder  com.github.javaparser.resolution.UnsolvedSymbolException: Unsolved symbol in de.uka.ilkd.key.java.JavaParserFactory$DynamicTypeSolver@596fef4f : java.lang.Object
	at com.github.javaparser.resolution.TypeSolver.solveType(TypeSolver.java:71)

45249      ERROR Test worker     d.u.i.k.n.b.TacletPBuilder Error in parsing taclet. de.uka.ilkd.key.util.parsing.BuildingException: Unsolved symbol in de.uka.ilkd.key.java.JavaParserFactory$DynamicTypeSolver@596fef4f : java.lang.Object at file:/home/runner/work/key/key/key.core/build/resources/main/de/uka/ilkd/key/proof/rules/javaRules.key:1254:15
	at de.uka.ilkd.key.nparser.builder.AbstractBuilder.accept(AbstractBuilder.java:54)
Caused by: com.github.javaparser.resolution.UnsolvedSymbolException: Unsolved symbol in de.uka.ilkd.key.java.JavaParserFactory$DynamicTypeSolver@596fef4f : java.lang.Object
	at com.github.javaparser.resolution.TypeSolver.solveType(TypeSolver.java:71)

45260      ERROR Test worker     d.u.i.k.n.b.AbstractBuilder  com.github.javaparser.resolution.UnsolvedSymbolException: Unsolved symbol in de.uka.ilkd.key.java.JavaParserFactory$DynamicTypeSolver@596fef4f : java.lang.Object
	at com.github.javaparser.resolution.TypeSolver.solveType(TypeSolver.java:71)

45260      ERROR Test worker     d.u.i.k.n.b.TacletPBuilder Error in parsing taclet. de.uka.ilkd.key.util.parsing.BuildingException: Unsolved symbol in de.uka.ilkd.key.java.JavaParserFactory$DynamicTypeSolver@596fef4f : java.lang.Object at file:/home/runner/work/key/key/key.core/build/resources/main/de/uka/ilkd/key/proof/rules/javaRules.key:1262:15
	at de.uka.ilkd.key.nparser.builder.AbstractBuilder.accept(AbstractBuilder.java:54)
Caused by: com.github.javaparser.resolution.UnsolvedSymbolException: Unsolved symbol in de.uka.ilkd.key.java.JavaParserFactory$DynamicTypeSolver@596fef4f : java.lang.Object
	at com.github.javaparser.resolution.TypeSolver.solveType(TypeSolver.java:71)

45262      ERROR Test worker     d.u.i.k.n.b.AbstractBuilder  com.github.javaparser.resolution.UnsolvedSymbolException: Unsolved symbol in de.uka.ilkd.key.java.JavaParserFactory$DynamicTypeSolver@596fef4f : java.lang.Object
	at com.github.javaparser.resolution.TypeSolver.solveType(TypeSolver.java:71)

45262      ERROR Test worker     d.u.i.k.n.b.TacletPBuilder Error in parsing taclet. de.uka.ilkd.key.util.parsing.BuildingException: Unsolved symbol in de.uka.ilkd.key.java.JavaParserFactory$DynamicTypeSolver@596fef4f : java.lang.Object at file:/home/runner/work/key/key/key.core/build/resources/main/de/uka/ilkd/key/proof/rules/javaRules.key:1271:15
	at de.uka.ilkd.key.nparser.builder.AbstractBuilder.accept(AbstractBuilder.java:54)
Caused by: com.github.javaparser.resolution.UnsolvedSymbolException: Unsolved symbol in de.uka.ilkd.key.java.JavaParserFactory$DynamicTypeSolver@596fef4f : java.lang.Object
	at com.github.javaparser.resolution.TypeSolver.solveType(TypeSolver.java:71)

45264      ERROR Test worker     d.u.i.k.n.b.AbstractBuilder  com.github.javaparser.resolution.UnsolvedSymbolException: Unsolved symbol in de.uka.ilkd.key.java.JavaParserFactory$DynamicTypeSolver@596fef4f : java.lang.Object
	at com.github.javaparser.resolution.TypeSolver.solveType(TypeSolver.java:71)

45274      ERROR Test worker     d.u.i.k.n.b.TacletPBuilder Error in parsing taclet. de.uka.ilkd.key.util.parsing.BuildingException: Unsolved symbol in de.uka.ilkd.key.java.JavaParserFactory$DynamicTypeSolver@596fef4f : java.lang.Object at file:/home/runner/work/key/key/key.core/build/resources/main/de/uka/ilkd/key/proof/rules/javaRules.key:1279:15
	at de.uka.ilkd.key.nparser.builder.AbstractBuilder.accept(AbstractBuilder.java:54)
Caused by: com.github.javaparser.resolution.UnsolvedSymbolException: Unsolved symbol in de.uka.ilkd.key.java.JavaParserFactory$DynamicTypeSolver@596fef4f : java.lang.Object
	at com.github.javaparser.resolution.TypeSolver.solveType(TypeSolver.java:71)

45276      ERROR Test worker     d.u.i.k.n.b.AbstractBuilder  com.github.javaparser.resolution.UnsolvedSymbolException: Unsolved symbol in de.uka.ilkd.key.java.JavaParserFactory$DynamicTypeSolver@596fef4f : java.lang.Object
	at com.github.javaparser.resolution.TypeSolver.solveType(TypeSolver.java:71)

45276      ERROR Test worker     d.u.i.k.n.b.TacletPBuilder Error in parsing taclet. de.uka.ilkd.key.util.parsing.BuildingException: Unsolved symbol in de.uka.ilkd.key.java.JavaParserFactory$DynamicTypeSolver@596fef4f : java.lang.Object at file:/home/runner/work/key/key/key.core/build/resources/main/de/uka/ilkd/key/proof/rules/javaRules.key:1287:20
	at de.uka.ilkd.key.nparser.builder.AbstractBuilder.accept(AbstractBuilder.java:54)
Caused by: com.github.javaparser.resolution.UnsolvedSymbolException: Unsolved symbol in de.uka.ilkd.key.java.JavaParserFactory$DynamicTypeSolver@596fef4f : java.lang.Object
	at com.github.javaparser.resolution.TypeSolver.solveType(TypeSolver.java:71)

45279      ERROR Test worker     d.u.i.k.n.b.AbstractBuilder  com.github.javaparser.resolution.UnsolvedSymbolException: Unsolved symbol in de.uka.ilkd.key.java.JavaParserFactory$DynamicTypeSolver@596fef4f : java.lang.Object
	at com.github.javaparser.resolution.TypeSolver.solveType(TypeSolver.java:71)

45280      ERROR Test worker     d.u.i.k.n.b.TacletPBuilder Error in parsing taclet. de.uka.ilkd.key.util.parsing.BuildingException: Unsolved symbol in de.uka.ilkd.key.java.JavaParserFactory$DynamicTypeSolver@596fef4f : java.lang.Object at file:/home/runner/work/key/key/key.core/build/resources/main/de/uka/ilkd/key/proof/rules/javaRules.key:1297:20
	at de.uka.ilkd.key.nparser.builder.AbstractBuilder.accept(AbstractBuilder.java:54)
Caused by: com.github.javaparser.resolution.UnsolvedSymbolException: Unsolved symbol in de.uka.ilkd.key.java.JavaParserFactory$DynamicTypeSolver@596fef4f : java.lang.Object
	at com.github.javaparser.resolution.TypeSolver.solveType(TypeSolver.java:71)

45281      ERROR Test worker     d.u.i.k.n.b.AbstractBuilder  com.github.javaparser.resolution.UnsolvedSymbolException: Unsolved symbol in de.uka.ilkd.key.java.JavaParserFactory$DynamicTypeSolver@596fef4f : java.lang.Object
	at com.github.javaparser.resolution.TypeSolver.solveType(TypeSolver.java:71)

45281      ERROR Test worker     d.u.i.k.n.b.TacletPBuilder Error in parsing taclet. de.uka.ilkd.key.util.parsing.BuildingException: Unsolved symbol in de.uka.ilkd.key.java.JavaParserFactory$DynamicTypeSolver@596fef4f : java.lang.Object at file:/home/runner/work/key/key/key.core/build/resources/main/de/uka/ilkd/key/proof/rules/javaRules.key:1307:15
	at de.uka.ilkd.key.nparser.builder.AbstractBuilder.accept(AbstractBuilder.java:54)
Caused by: com.github.javaparser.resolution.UnsolvedSymbolException: Unsolved symbol in de.uka.ilkd.key.java.JavaParserFactory$DynamicTypeSolver@596fef4f : java.lang.Object
	at com.github.javaparser.resolution.TypeSolver.solveType(TypeSolver.java:71)

45283      ERROR Test worker     d.u.i.k.n.b.AbstractBuilder  com.github.javaparser.resolution.UnsolvedSymbolException: Unsolved symbol in de.uka.ilkd.key.java.JavaParserFactory$DynamicTypeSolver@596fef4f : java.lang.Object
	at com.github.javaparser.resolution.TypeSolver.solveType(TypeSolver.java:71)

45283      ERROR Test worker     d.u.i.k.n.b.TacletPBuilder Error in parsing taclet. de.uka.ilkd.key.util.parsing.BuildingException: Unsolved symbol in de.uka.ilkd.key.java.JavaParserFactory$DynamicTypeSolver@596fef4f : java.lang.Object at file:/home/runner/work/key/key/key.core/build/resources/main/de/uka/ilkd/key/proof/rules/javaRules.key:1313:15
	at de.uka.ilkd.key.nparser.builder.AbstractBuilder.accept(AbstractBuilder.java:54)
Caused by: com.github.javaparser.resolution.UnsolvedSymbolException: Unsolved symbol in de.uka.ilkd.key.java.JavaParserFactory$DynamicTypeSolver@596fef4f : java.lang.Object
	at com.github.javaparser.resolution.TypeSolver.solveType(TypeSolver.java:71)

45292      ERROR Test worker     d.u.i.k.n.b.AbstractBuilder  com.github.javaparser.resolution.UnsolvedSymbolException: Unsolved symbol in de.uka.ilkd.key.java.JavaParserFactory$DynamicTypeSolver@596fef4f : java.lang.Object
	at com.github.javaparser.resolution.TypeSolver.solveType(TypeSolver.java:71)

45292      ERROR Test worker     d.u.i.k.n.b.TacletPBuilder Error in parsing taclet. de.uka.ilkd.key.util.parsing.BuildingException: Unsolved symbol in de.uka.ilkd.key.java.JavaParserFactory$DynamicTypeSolver@596fef4f : java.lang.Object at file:/home/runner/work/key/key/key.core/build/resources/main/de/uka/ilkd/key/proof/rules/javaRules.key:1320:20
	at de.uka.ilkd.key.nparser.builder.AbstractBuilder.accept(AbstractBuilder.java:54)
Caused by: com.github.javaparser.resolution.UnsolvedSymbolException: Unsolved symbol in de.uka.ilkd.key.java.JavaParserFactory$DynamicTypeSolver@596fef4f : java.lang.Object
	at com.github.javaparser.resolution.TypeSolver.solveType(TypeSolver.java:71)

45294      ERROR Test worker     d.u.i.k.n.b.AbstractBuilder  com.github.javaparser.resolution.UnsolvedSymbolException: Unsolved symbol in de.uka.ilkd.key.java.JavaParserFactory$DynamicTypeSolver@596fef4f : java.lang.Object
	at com.github.javaparser.resolution.TypeSolver.solveType(TypeSolver.java:71)

45294      ERROR Test worker     d.u.i.k.n.b.TacletPBuilder Error in parsing taclet. de.uka.ilkd.key.util.parsing.BuildingException: Unsolved symbol in de.uka.ilkd.key.java.JavaParserFactory$DynamicTypeSolver@596fef4f : java.lang.Object at file:/home/runner/work/key/key/key.core/build/resources/main/de/uka/ilkd/key/proof/rules/javaRules.key:1327:20
	at de.uka.ilkd.key.nparser.builder.AbstractBuilder.accept(AbstractBuilder.java:54)
Caused by: com.github.javaparser.resolution.UnsolvedSymbolException: Unsolved symbol in de.uka.ilkd.key.java.JavaParserFactory$DynamicTypeSolver@596fef4f : java.lang.Object
	at com.github.javaparser.resolution.TypeSolver.solveType(TypeSolver.java:71)

45307      ERROR Test worker     d.u.i.k.n.b.AbstractBuilder  com.github.javaparser.resolution.UnsolvedSymbolException: Unsolved symbol in de.uka.ilkd.key.java.JavaParserFactory$DynamicTypeSolver@596fef4f : java.lang.Object
	at com.github.javaparser.resolution.TypeSolver.solveType(TypeSolver.java:71)

45308      ERROR Test worker     d.u.i.k.n.b.TacletPBuilder Error in parsing taclet. de.uka.ilkd.key.util.parsing.BuildingException: Unsolved symbol in de.uka.ilkd.key.java.JavaParserFactory$DynamicTypeSolver@596fef4f : java.lang.Object at file:/home/runner/work/key/key/key.core/build/resources/main/de/uka/ilkd/key/proof/rules/javaRules.key:1334:20
	at de.uka.ilkd.key.nparser.builder.AbstractBuilder.accept(AbstractBuilder.java:54)
Caused by: com.github.javaparser.resolution.UnsolvedSymbolException: Unsolved symbol in de.uka.ilkd.key.java.JavaParserFactory$DynamicTypeSolver@596fef4f : java.lang.Object
	at com.github.javaparser.resolution.TypeSolver.solveType(TypeSolver.java:71)

45309      ERROR Test worker     d.u.i.k.n.b.AbstractBuilder  com.github.javaparser.resolution.UnsolvedSymbolException: Unsolved symbol in de.uka.ilkd.key.java.JavaParserFactory$DynamicTypeSolver@596fef4f : java.lang.Object
	at com.github.javaparser.resolution.TypeSolver.solveType(TypeSolver.java:71)

45309      ERROR Test worker     d.u.i.k.n.b.TacletPBuilder Error in parsing taclet. de.uka.ilkd.key.util.parsing.BuildingException: Unsolved symbol in de.uka.ilkd.key.java.JavaParserFactory$DynamicTypeSolver@596fef4f : java.lang.Object at file:/home/runner/work/key/key/key.core/build/resources/main/de/uka/ilkd/key/proof/rules/javaRules.key:1341:20
	at de.uka.ilkd.key.nparser.builder.AbstractBuilder.accept(AbstractBuilder.java:54)
Caused by: com.github.javaparser.resolution.UnsolvedSymbolException: Unsolved symbol in de.uka.ilkd.key.java.JavaParserFactory$DynamicTypeSolver@596fef4f : java.lang.Object
	at com.github.javaparser.resolution.TypeSolver.solveType(TypeSolver.java:71)

45311      ERROR Test worker     d.u.i.k.n.b.AbstractBuilder  com.github.javaparser.resolution.UnsolvedSymbolException: Unsolved symbol in de.uka.ilkd.key.java.JavaParserFactory$DynamicTypeSolver@596fef4f : java.lang.Object
	at com.github.javaparser.resolution.TypeSolver.solveType(TypeSolver.java:71)

45311      ERROR Test worker     d.u.i.k.n.b.TacletPBuilder Error in parsing taclet. de.uka.ilkd.key.util.parsing.BuildingException: Unsolved symbol in de.uka.ilkd.key.java.JavaParserFactory$DynamicTypeSolver@596fef4f : java.lang.Object at file:/home/runner/work/key/key/key.core/build/resources/main/de/uka/ilkd/key/proof/rules/javaRules.key:1347:15
	at de.uka.ilkd.key.nparser.builder.AbstractBuilder.accept(AbstractBuilder.java:54)
Caused by: com.github.javaparser.resolution.UnsolvedSymbolException: Unsolved symbol in de.uka.ilkd.key.java.JavaParserFactory$DynamicTypeSolver@596fef4f : java.lang.Object
	at com.github.javaparser.resolution.TypeSolver.solveType(TypeSolver.java:71)

45312      ERROR Test worker     d.u.i.k.n.b.AbstractBuilder  com.github.javaparser.resolution.UnsolvedSymbolException: Unsolved symbol in de.uka.ilkd.key.java.JavaParserFactory$DynamicTypeSolver@596fef4f : java.lang.Object
	at com.github.javaparser.resolution.TypeSolver.solveType(TypeSolver.java:71)

45313      ERROR Test worker     d.u.i.k.n.b.TacletPBuilder Error in parsing taclet. de.uka.ilkd.key.util.parsing.BuildingException: Unsolved symbol in de.uka.ilkd.key.java.JavaParserFactory$DynamicTypeSolver@596fef4f : java.lang.Object at file:/home/runner/work/key/key/key.core/build/resources/main/de/uka/ilkd/key/proof/rules/javaRules.key:1353:15
	at de.uka.ilkd.key.nparser.builder.AbstractBuilder.accept(AbstractBuilder.java:54)
Caused by: com.github.javaparser.resolution.UnsolvedSymbolException: Unsolved symbol in de.uka.ilkd.key.java.JavaParserFactory$DynamicTypeSolver@596fef4f : java.lang.Object
	at com.github.javaparser.resolution.TypeSolver.solveType(TypeSolver.java:71)

45314      ERROR Test worker     d.u.i.k.n.b.AbstractBuilder  com.github.javaparser.resolution.UnsolvedSymbolException: Unsolved symbol in de.uka.ilkd.key.java.JavaParserFactory$DynamicTypeSolver@596fef4f : java.lang.Object
	at com.github.javaparser.resolution.TypeSolver.solveType(TypeSolver.java:71)

45314      ERROR Test worker     d.u.i.k.n.b.TacletPBuilder Error in parsing taclet. de.uka.ilkd.key.util.parsing.BuildingException: Unsolved symbol in de.uka.ilkd.key.java.JavaParserFactory$DynamicTypeSolver@596fef4f : java.lang.Object at file:/home/runner/work/key/key/key.core/build/resources/main/de/uka/ilkd/key/proof/rules/javaRules.key:1359:15
	at de.uka.ilkd.key.nparser.builder.AbstractBuilder.accept(AbstractBuilder.java:54)
Caused by: com.github.javaparser.resolution.UnsolvedSymbolException: Unsolved symbol in de.uka.ilkd.key.java.JavaParserFactory$DynamicTypeSolver@596fef4f : java.lang.Object
	at com.github.javaparser.resolution.TypeSolver.solveType(TypeSolver.java:71)

45326      ERROR Test worker     d.u.i.k.n.b.AbstractBuilder  com.github.javaparser.resolution.UnsolvedSymbolException: Unsolved symbol in de.uka.ilkd.key.java.JavaParserFactory$DynamicTypeSolver@596fef4f : java.lang.Object
	at com.github.javaparser.resolution.TypeSolver.solveType(TypeSolver.java:71)

45326      ERROR Test worker     d.u.i.k.n.b.TacletPBuilder Error in parsing taclet. de.uka.ilkd.key.util.parsing.BuildingException: Unsolved symbol in de.uka.ilkd.key.java.JavaParserFactory$DynamicTypeSolver@596fef4f : java.lang.Object at file:/home/runner/work/key/key/key.core/build/resources/main/de/uka/ilkd/key/proof/rules/javaRules.key:1365:15
	at de.uka.ilkd.key.nparser.builder.AbstractBuilder.accept(AbstractBuilder.java:54)
Caused by: com.github.javaparser.resolution.UnsolvedSymbolException: Unsolved symbol in de.uka.ilkd.key.java.JavaParserFactory$DynamicTypeSolver@596fef4f : java.lang.Object
	at com.github.javaparser.resolution.TypeSolver.solveType(TypeSolver.java:71)

45327      ERROR Test worker     d.u.i.k.n.b.AbstractBuilder  com.github.javaparser.resolution.UnsolvedSymbolException: Unsolved symbol in de.uka.ilkd.key.java.JavaParserFactory$DynamicTypeSolver@596fef4f : java.lang.Object
	at com.github.javaparser.resolution.TypeSolver.solveType(TypeSolver.java:71)

45327      ERROR Test worker     d.u.i.k.n.b.TacletPBuilder Error in parsing taclet. de.uka.ilkd.key.util.parsing.BuildingException: Unsolved symbol in de.uka.ilkd.key.java.JavaParserFactory$DynamicTypeSolver@596fef4f : java.lang.Object at file:/home/runner/work/key/key/key.core/build/resources/main/de/uka/ilkd/key/proof/rules/javaRules.key:1371:15
	at de.uka.ilkd.key.nparser.builder.AbstractBuilder.accept(AbstractBuilder.java:54)
Caused by: com.github.javaparser.resolution.UnsolvedSymbolException: Unsolved symbol in de.uka.ilkd.key.java.JavaParserFactory$DynamicTypeSolver@596fef4f : java.lang.Object
	at com.github.javaparser.resolution.TypeSolver.solveType(TypeSolver.java:71)

45336      ERROR Test worker     d.u.i.k.n.b.AbstractBuilder  com.github.javaparser.resolution.UnsolvedSymbolException: Unsolved symbol in de.uka.ilkd.key.java.JavaParserFactory$DynamicTypeSolver@596fef4f : java.lang.Object
	at com.github.javaparser.resolution.TypeSolver.solveType(TypeSolver.java:71)

45336      ERROR Test worker     d.u.i.k.n.b.TacletPBuilder Error in parsing taclet. de.uka.ilkd.key.util.parsing.BuildingException: Unsolved symbol in de.uka.ilkd.key.java.JavaParserFactory$DynamicTypeSolver@596fef4f : java.lang.Object at file:/home/runner/work/key/key/key.core/build/resources/main/de/uka/ilkd/key/proof/rules/javaRules.key:1378:15
	at de.uka.ilkd.key.nparser.builder.AbstractBuilder.accept(AbstractBuilder.java:54)
Caused by: com.github.javaparser.resolution.UnsolvedSymbolException: Unsolved symbol in de.uka.ilkd.key.java.JavaParserFactory$DynamicTypeSolver@596fef4f : java.lang.Object
	at com.github.javaparser.resolution.TypeSolver.solveType(TypeSolver.java:71)

45337      ERROR Test worker     d.u.i.k.n.b.AbstractBuilder  com.github.javaparser.resolution.UnsolvedSymbolException: Unsolved symbol in de.uka.ilkd.key.java.JavaParserFactory$DynamicTypeSolver@596fef4f : java.lang.Object
	at com.github.javaparser.resolution.TypeSolver.solveType(TypeSolver.java:71)

45337      ERROR Test worker     d.u.i.k.n.b.TacletPBuilder Error in parsing taclet. de.uka.ilkd.key.util.parsing.BuildingException: Unsolved symbol in de.uka.ilkd.key.java.JavaParserFactory$DynamicTypeSolver@596fef4f : java.lang.Object at file:/home/runner/work/key/key/key.core/build/resources/main/de/uka/ilkd/key/proof/rules/javaRules.key:1385:15
	at de.uka.ilkd.key.nparser.builder.AbstractBuilder.accept(AbstractBuilder.java:54)
Caused by: com.github.javaparser.resolution.UnsolvedSymbolException: Unsolved symbol in de.uka.ilkd.key.java.JavaParserFactory$DynamicTypeSolver@596fef4f : java.lang.Object
	at com.github.javaparser.resolution.TypeSolver.solveType(TypeSolver.java:71)

45339      ERROR Test worker     d.u.i.k.n.b.AbstractBuilder  com.github.javaparser.resolution.UnsolvedSymbolException: Unsolved symbol in de.uka.ilkd.key.java.JavaParserFactory$DynamicTypeSolver@596fef4f : java.lang.Object
	at com.github.javaparser.resolution.TypeSolver.solveType(TypeSolver.java:71)

45339      ERROR Test worker     d.u.i.k.n.b.TacletPBuilder Error in parsing taclet. de.uka.ilkd.key.util.parsing.BuildingException: Unsolved symbol in de.uka.ilkd.key.java.JavaParserFactory$DynamicTypeSolver@596fef4f : java.lang.Object at file:/home/runner/work/key/key/key.core/build/resources/main/de/uka/ilkd/key/proof/rules/javaRules.key:1392:15
	at de.uka.ilkd.key.nparser.builder.AbstractBuilder.accept(AbstractBuilder.java:54)
Caused by: com.github.javaparser.resolution.UnsolvedSymbolException: Unsolved symbol in de.uka.ilkd.key.java.JavaParserFactory$DynamicTypeSolver@596fef4f : java.lang.Object
	at com.github.javaparser.resolution.TypeSolver.solveType(TypeSolver.java:71)

45345      ERROR Test worker     d.u.i.k.n.b.AbstractBuilder  com.github.javaparser.resolution.UnsolvedSymbolException: Unsolved symbol in de.uka.ilkd.key.java.JavaParserFactory$DynamicTypeSolver@596fef4f : java.lang.Object
	at com.github.javaparser.resolution.TypeSolver.solveType(TypeSolver.java:71)

45345      ERROR Test worker     d.u.i.k.n.b.TacletPBuilder Error in parsing taclet. de.uka.ilkd.key.util.parsing.BuildingException: Unsolved symbol in de.uka.ilkd.key.java.JavaParserFactory$DynamicTypeSolver@596fef4f : java.lang.Object at file:/home/runner/work/key/key/key.core/build/resources/main/de/uka/ilkd/key/proof/rules/javaRules.key:1402:15
	at de.uka.ilkd.key.nparser.builder.AbstractBuilder.accept(AbstractBuilder.java:54)
Caused by: com.github.javaparser.resolution.UnsolvedSymbolException: Unsolved symbol in de.uka.ilkd.key.java.JavaParserFactory$DynamicTypeSolver@596fef4f : java.lang.Object
	at com.github.javaparser.resolution.TypeSolver.solveType(TypeSolver.java:71)

45346      ERROR Test worker     d.u.i.k.n.b.AbstractBuilder  com.github.javaparser.resolution.UnsolvedSymbolException: Unsolved symbol in de.uka.ilkd.key.java.JavaParserFactory$DynamicTypeSolver@596fef4f : java.lang.Object
	at com.github.javaparser.resolution.TypeSolver.solveType(TypeSolver.java:71)

45347      ERROR Test worker     d.u.i.k.n.b.TacletPBuilder Error in parsing taclet. de.uka.ilkd.key.util.parsing.BuildingException: Unsolved symbol in de.uka.ilkd.key.java.JavaParserFactory$DynamicTypeSolver@596fef4f : java.lang.Object at file:/home/runner/work/key/key/key.core/build/resources/main/de/uka/ilkd/key/proof/rules/javaRules.key:1411:15
	at de.uka.ilkd.key.nparser.builder.AbstractBuilder.accept(AbstractBuilder.java:54)
Caused by: com.github.javaparser.resolution.UnsolvedSymbolException: Unsolved symbol in de.uka.ilkd.key.java.JavaParserFactory$DynamicTypeSolver@596fef4f : java.lang.Object
	at com.github.javaparser.resolution.TypeSolver.solveType(TypeSolver.java:71)

45348      ERROR Test worker     d.u.i.k.n.b.AbstractBuilder  com.github.javaparser.resolution.UnsolvedSymbolException: Unsolved symbol in de.uka.ilkd.key.java.JavaParserFactory$DynamicTypeSolver@596fef4f : java.lang.Object
	at com.github.javaparser.resolution.TypeSolver.solveType(TypeSolver.java:71)

45348      ERROR Test worker     d.u.i.k.n.b.TacletPBuilder Error in parsing taclet. de.uka.ilkd.key.util.parsing.BuildingException: Unsolved symbol in de.uka.ilkd.key.java.JavaParserFactory$DynamicTypeSolver@596fef4f : java.lang.Object at file:/home/runner/work/key/key/key.core/build/resources/main/de/uka/ilkd/key/proof/rules/javaRules.key:1417:15
	at de.uka.ilkd.key.nparser.builder.AbstractBuilder.accept(AbstractBuilder.java:54)
Caused by: com.github.javaparser.resolution.UnsolvedSymbolException: Unsolved symbol in de.uka.ilkd.key.java.JavaParserFactory$DynamicTypeSolver@596fef4f : java.lang.Object
	at com.github.javaparser.resolution.TypeSolver.solveType(TypeSolver.java:71)

45353      ERROR Test worker     d.u.i.k.n.b.AbstractBuilder  com.github.javaparser.resolution.UnsolvedSymbolException: Unsolved symbol in de.uka.ilkd.key.java.JavaParserFactory$DynamicTypeSolver@596fef4f : java.lang.Object
	at com.github.javaparser.resolution.TypeSolver.solveType(TypeSolver.java:71)

45354      ERROR Test worker     d.u.i.k.n.b.TacletPBuilder Error in parsing taclet. de.uka.ilkd.key.util.parsing.BuildingException: Unsolved symbol in de.uka.ilkd.key.java.JavaParserFactory$DynamicTypeSolver@596fef4f : java.lang.Object at file:/home/runner/work/key/key/key.core/build/resources/main/de/uka/ilkd/key/proof/rules/javaRules.key:1424:15
	at de.uka.ilkd.key.nparser.builder.AbstractBuilder.accept(AbstractBuilder.java:54)
Caused by: com.github.javaparser.resolution.UnsolvedSymbolException: Unsolved symbol in de.uka.ilkd.key.java.JavaParserFactory$DynamicTypeSolver@596fef4f : java.lang.Object
	at com.github.javaparser.resolution.TypeSolver.solveType(TypeSolver.java:71)

45355      ERROR Test worker     d.u.i.k.n.b.AbstractBuilder  com.github.javaparser.resolution.UnsolvedSymbolException: Unsolved symbol in de.uka.ilkd.key.java.JavaParserFactory$DynamicTypeSolver@596fef4f : java.lang.Object
	at com.github.javaparser.resolution.TypeSolver.solveType(TypeSolver.java:71)

45355      ERROR Test worker     d.u.i.k.n.b.TacletPBuilder Error in parsing taclet. de.uka.ilkd.key.util.parsing.BuildingException: Unsolved symbol in de.uka.ilkd.key.java.JavaParserFactory$DynamicTypeSolver@596fef4f : java.lang.Object at file:/home/runner/work/key/key/key.core/build/resources/main/de/uka/ilkd/key/proof/rules/javaRules.key:1430:15
	at de.uka.ilkd.key.nparser.builder.AbstractBuilder.accept(AbstractBuilder.java:54)
Caused by: com.github.javaparser.resolution.UnsolvedSymbolException: Unsolved symbol in de.uka.ilkd.key.java.JavaParserFactory$DynamicTypeSolver@596fef4f : java.lang.Object
	at com.github.javaparser.resolution.TypeSolver.solveType(TypeSolver.java:71)

45357      ERROR Test worker     d.u.i.k.n.b.AbstractBuilder  com.github.javaparser.resolution.UnsolvedSymbolException: Unsolved symbol in de.uka.ilkd.key.java.JavaParserFactory$DynamicTypeSolver@596fef4f : java.lang.Object
	at com.github.javaparser.resolution.TypeSolver.solveType(TypeSolver.java:71)

45357      ERROR Test worker     d.u.i.k.n.b.TacletPBuilder Error in parsing taclet. de.uka.ilkd.key.util.parsing.BuildingException: Unsolved symbol in de.uka.ilkd.key.java.JavaParserFactory$DynamicTypeSolver@596fef4f : java.lang.Object at file:/home/runner/work/key/key/key.core/build/resources/main/de/uka/ilkd/key/proof/rules/javaRules.key:1437:15
	at de.uka.ilkd.key.nparser.builder.AbstractBuilder.accept(AbstractBuilder.java:54)
Caused by: com.github.javaparser.resolution.UnsolvedSymbolException: Unsolved symbol in de.uka.ilkd.key.java.JavaParserFactory$DynamicTypeSolver@596fef4f : java.lang.Object
	at com.github.javaparser.resolution.TypeSolver.solveType(TypeSolver.java:71)

45358      ERROR Test worker     d.u.i.k.n.b.AbstractBuilder  com.github.javaparser.resolution.UnsolvedSymbolException: Unsolved symbol in de.uka.ilkd.key.java.JavaParserFactory$DynamicTypeSolver@596fef4f : java.lang.Object
	at com.github.javaparser.resolution.TypeSolver.solveType(TypeSolver.java:71)

45365      ERROR Test worker     d.u.i.k.n.b.TacletPBuilder Error in parsing taclet. de.uka.ilkd.key.util.parsing.BuildingException: Unsolved symbol in de.uka.ilkd.key.java.JavaParserFactory$DynamicTypeSolver@596fef4f : java.lang.Object at file:/home/runner/work/key/key/key.core/build/resources/main/de/uka/ilkd/key/proof/rules/javaRules.key:1443:15
	at de.uka.ilkd.key.nparser.builder.AbstractBuilder.accept(AbstractBuilder.java:54)
Caused by: com.github.javaparser.resolution.UnsolvedSymbolException: Unsolved symbol in de.uka.ilkd.key.java.JavaParserFactory$DynamicTypeSolver@596fef4f : java.lang.Object
	at com.github.javaparser.resolution.TypeSolver.solveType(TypeSolver.java:71)

45366      ERROR Test worker     d.u.i.k.n.b.AbstractBuilder  com.github.javaparser.resolution.UnsolvedSymbolException: Unsolved symbol in de.uka.ilkd.key.java.JavaParserFactory$DynamicTypeSolver@596fef4f : java.lang.Object
	at com.github.javaparser.resolution.TypeSolver.solveType(TypeSolver.java:71)

45366      ERROR Test worker     d.u.i.k.n.b.TacletPBuilder Error in parsing taclet. de.uka.ilkd.key.util.parsing.BuildingException: Unsolved symbol in de.uka.ilkd.key.java.JavaParserFactory$DynamicTypeSolver@596fef4f : java.lang.Object at file:/home/runner/work/key/key/key.core/build/resources/main/de/uka/ilkd/key/proof/rules/javaRules.key:1450:15
	at de.uka.ilkd.key.nparser.builder.AbstractBuilder.accept(AbstractBuilder.java:54)
Caused by: com.github.javaparser.resolution.UnsolvedSymbolException: Unsolved symbol in de.uka.ilkd.key.java.JavaParserFactory$DynamicTypeSolver@596fef4f : java.lang.Object
	at com.github.javaparser.resolution.TypeSolver.solveType(TypeSolver.java:71)

45368      ERROR Test worker     d.u.i.k.n.b.AbstractBuilder  com.github.javaparser.resolution.UnsolvedSymbolException: Unsolved symbol in de.uka.ilkd.key.java.JavaParserFactory$DynamicTypeSolver@596fef4f : java.lang.Object
	at com.github.javaparser.resolution.TypeSolver.solveType(TypeSolver.java:71)

45368      ERROR Test worker     d.u.i.k.n.b.TacletPBuilder Error in parsing taclet. de.uka.ilkd.key.util.parsing.BuildingException: Unsolved symbol in de.uka.ilkd.key.java.JavaParserFactory$DynamicTypeSolver@596fef4f : java.lang.Object at file:/home/runner/work/key/key/key.core/build/resources/main/de/uka/ilkd/key/proof/rules/javaRules.key:1456:15
	at de.uka.ilkd.key.nparser.builder.AbstractBuilder.accept(AbstractBuilder.java:54)
Caused by: com.github.javaparser.resolution.UnsolvedSymbolException: Unsolved symbol in de.uka.ilkd.key.java.JavaParserFactory$DynamicTypeSolver@596fef4f : java.lang.Object
	at com.github.javaparser.resolution.TypeSolver.solveType(TypeSolver.java:71)

45376      ERROR Test worker     d.u.i.k.n.b.AbstractBuilder  com.github.javaparser.resolution.UnsolvedSymbolException: Unsolved symbol in de.uka.ilkd.key.java.JavaParserFactory$DynamicTypeSolver@596fef4f : java.lang.Object
	at com.github.javaparser.resolution.TypeSolver.solveType(TypeSolver.java:71)

45376      ERROR Test worker     d.u.i.k.n.b.TacletPBuilder Error in parsing taclet. de.uka.ilkd.key.util.parsing.BuildingException: Unsolved symbol in de.uka.ilkd.key.java.JavaParserFactory$DynamicTypeSolver@596fef4f : java.lang.Object at file:/home/runner/work/key/key/key.core/build/resources/main/de/uka/ilkd/key/proof/rules/javaRules.key:1467:20
	at de.uka.ilkd.key.nparser.builder.AbstractBuilder.accept(AbstractBuilder.java:54)
Caused by: com.github.javaparser.resolution.UnsolvedSymbolException: Unsolved symbol in de.uka.ilkd.key.java.JavaParserFactory$DynamicTypeSolver@596fef4f : java.lang.Object
	at com.github.javaparser.resolution.TypeSolver.solveType(TypeSolver.java:71)

45377      ERROR Test worker     d.u.i.k.n.b.AbstractBuilder  com.github.javaparser.resolution.UnsolvedSymbolException: Unsolved symbol in de.uka.ilkd.key.java.JavaParserFactory$DynamicTypeSolver@596fef4f : java.lang.Object
	at com.github.javaparser.resolution.TypeSolver.solveType(TypeSolver.java:71)

45378      ERROR Test worker     d.u.i.k.n.b.TacletPBuilder Error in parsing taclet. de.uka.ilkd.key.util.parsing.BuildingException: Unsolved symbol in de.uka.ilkd.key.java.JavaParserFactory$DynamicTypeSolver@596fef4f : java.lang.Object at file:/home/runner/work/key/key/key.core/build/resources/main/de/uka/ilkd/key/proof/rules/javaRules.key:1481:20
	at de.uka.ilkd.key.nparser.builder.AbstractBuilder.accept(AbstractBuilder.java:54)
Caused by: com.github.javaparser.resolution.UnsolvedSymbolException: Unsolved symbol in de.uka.ilkd.key.java.JavaParserFactory$DynamicTypeSolver@596fef4f : java.lang.Object
	at com.github.javaparser.resolution.TypeSolver.solveType(TypeSolver.java:71)

45379      ERROR Test worker     d.u.i.k.n.b.AbstractBuilder  com.github.javaparser.resolution.UnsolvedSymbolException: Unsolved symbol in de.uka.ilkd.key.java.JavaParserFactory$DynamicTypeSolver@596fef4f : java.lang.Object
	at com.github.javaparser.resolution.TypeSolver.solveType(TypeSolver.java:71)

45379      ERROR Test worker     d.u.i.k.n.b.TacletPBuilder Error in parsing taclet. de.uka.ilkd.key.util.parsing.BuildingException: Unsolved symbol in de.uka.ilkd.key.java.JavaParserFactory$DynamicTypeSolver@596fef4f : java.lang.Object at file:/home/runner/work/key/key/key.core/build/resources/main/de/uka/ilkd/key/proof/rules/javaRules.key:1493:20
	at de.uka.ilkd.key.nparser.builder.AbstractBuilder.accept(AbstractBuilder.java:54)
Caused by: com.github.javaparser.resolution.UnsolvedSymbolException: Unsolved symbol in de.uka.ilkd.key.java.JavaParserFactory$DynamicTypeSolver@596fef4f : java.lang.Object
	at com.github.javaparser.resolution.TypeSolver.solveType(TypeSolver.java:71)

45381      ERROR Test worker     d.u.i.k.n.b.AbstractBuilder  com.github.javaparser.resolution.UnsolvedSymbolException: Unsolved symbol in de.uka.ilkd.key.java.JavaParserFactory$DynamicTypeSolver@596fef4f : java.lang.Object
	at com.github.javaparser.resolution.TypeSolver.solveType(TypeSolver.java:71)

45381      ERROR Test worker     d.u.i.k.n.b.TacletPBuilder Error in parsing taclet. de.uka.ilkd.key.util.parsing.BuildingException: Unsolved symbol in de.uka.ilkd.key.java.JavaParserFactory$DynamicTypeSolver@596fef4f : java.lang.Object at file:/home/runner/work/key/key/key.core/build/resources/main/de/uka/ilkd/key/proof/rules/javaRules.key:1505:15
	at de.uka.ilkd.key.nparser.builder.AbstractBuilder.accept(AbstractBuilder.java:54)
Caused by: com.github.javaparser.resolution.UnsolvedSymbolException: Unsolved symbol in de.uka.ilkd.key.java.JavaParserFactory$DynamicTypeSolver@596fef4f : java.lang.Object
	at com.github.javaparser.resolution.TypeSolver.solveType(TypeSolver.java:71)

45383      ERROR Test worker     d.u.i.k.n.b.AbstractBuilder  com.github.javaparser.resolution.UnsolvedSymbolException: Unsolved symbol in de.uka.ilkd.key.java.JavaParserFactory$DynamicTypeSolver@596fef4f : java.lang.Object
	at com.github.javaparser.resolution.TypeSolver.solveType(TypeSolver.java:71)

45383      ERROR Test worker     d.u.i.k.n.b.TacletPBuilder Error in parsing taclet. de.uka.ilkd.key.util.parsing.BuildingException: Unsolved symbol in de.uka.ilkd.key.java.JavaParserFactory$DynamicTypeSolver@596fef4f : java.lang.Object at file:/home/runner/work/key/key/key.core/build/resources/main/de/uka/ilkd/key/proof/rules/javaRules.key:1516:15
	at de.uka.ilkd.key.nparser.builder.AbstractBuilder.accept(AbstractBuilder.java:54)
Caused by: com.github.javaparser.resolution.UnsolvedSymbolException: Unsolved symbol in de.uka.ilkd.key.java.JavaParserFactory$DynamicTypeSolver@596fef4f : java.lang.Object
	at com.github.javaparser.resolution.TypeSolver.solveType(TypeSolver.java:71)

45384      ERROR Test worker     d.u.i.k.n.b.AbstractBuilder  com.github.javaparser.resolution.UnsolvedSymbolException: Unsolved symbol in de.uka.ilkd.key.java.JavaParserFactory$DynamicTypeSolver@596fef4f : java.lang.Object
	at com.github.javaparser.resolution.TypeSolver.solveType(TypeSolver.java:71)

45385      ERROR Test worker     d.u.i.k.n.b.TacletPBuilder Error in parsing taclet. de.uka.ilkd.key.util.parsing.BuildingException: Unsolved symbol in de.uka.ilkd.key.java.JavaParserFactory$DynamicTypeSolver@596fef4f : java.lang.Object at file:/home/runner/work/key/key/key.core/build/resources/main/de/uka/ilkd/key/proof/rules/javaRules.key:1539:15
	at de.uka.ilkd.key.nparser.builder.AbstractBuilder.accept(AbstractBuilder.java:54)
Caused by: com.github.javaparser.resolution.UnsolvedSymbolException: Unsolved symbol in de.uka.ilkd.key.java.JavaParserFactory$DynamicTypeSolver@596fef4f : java.lang.Object
	at com.github.javaparser.resolution.TypeSolver.solveType(TypeSolver.java:71)

45396      ERROR Test worker     d.u.i.k.n.b.AbstractBuilder  com.github.javaparser.resolution.UnsolvedSymbolException: Unsolved symbol in de.uka.ilkd.key.java.JavaParserFactory$DynamicTypeSolver@596fef4f : java.lang.Object
	at com.github.javaparser.resolution.TypeSolver.solveType(TypeSolver.java:71)

45396      ERROR Test worker     d.u.i.k.n.b.TacletPBuilder Error in parsing taclet. de.uka.ilkd.key.util.parsing.BuildingException: Unsolved symbol in de.uka.ilkd.key.java.JavaParserFactory$DynamicTypeSolver@596fef4f : java.lang.Object at file:/home/runner/work/key/key/key.core/build/resources/main/de/uka/ilkd/key/proof/rules/javaRules.key:1546:15
	at de.uka.ilkd.key.nparser.builder.AbstractBuilder.accept(AbstractBuilder.java:54)
Caused by: com.github.javaparser.resolution.UnsolvedSymbolException: Unsolved symbol in de.uka.ilkd.key.java.JavaParserFactory$DynamicTypeSolver@596fef4f : java.lang.Object
	at com.github.javaparser.resolution.TypeSolver.solveType(TypeSolver.java:71)

45398      ERROR Test worker     d.u.i.k.n.b.AbstractBuilder  com.github.javaparser.resolution.UnsolvedSymbolException: Unsolved symbol in de.uka.ilkd.key.java.JavaParserFactory$DynamicTypeSolver@596fef4f : java.lang.Object
	at com.github.javaparser.resolution.TypeSolver.solveType(TypeSolver.java:71)

45398      ERROR Test worker     d.u.i.k.n.b.TacletPBuilder Error in parsing taclet. de.uka.ilkd.key.util.parsing.BuildingException: Unsolved symbol in de.uka.ilkd.key.java.JavaParserFactory$DynamicTypeSolver@596fef4f : java.lang.Object at file:/home/runner/work/key/key/key.core/build/resources/main/de/uka/ilkd/key/proof/rules/javaRules.key:1554:15
	at de.uka.ilkd.key.nparser.builder.AbstractBuilder.accept(AbstractBuilder.java:54)
Caused by: com.github.javaparser.resolution.UnsolvedSymbolException: Unsolved symbol in de.uka.ilkd.key.java.JavaParserFactory$DynamicTypeSolver@596fef4f : java.lang.Object
	at com.github.javaparser.resolution.TypeSolver.solveType(TypeSolver.java:71)

45400      ERROR Test worker     d.u.i.k.n.b.AbstractBuilder  com.github.javaparser.resolution.UnsolvedSymbolException: Unsolved symbol in de.uka.ilkd.key.java.JavaParserFactory$DynamicTypeSolver@596fef4f : java.lang.Object
	at com.github.javaparser.resolution.TypeSolver.solveType(TypeSolver.java:71)

45400      ERROR Test worker     d.u.i.k.n.b.TacletPBuilder Error in parsing taclet. de.uka.ilkd.key.util.parsing.BuildingException: Unsolved symbol in de.uka.ilkd.key.java.JavaParserFactory$DynamicTypeSolver@596fef4f : java.lang.Object at file:/home/runner/work/key/key/key.core/build/resources/main/de/uka/ilkd/key/proof/rules/javaRules.key:1566:15
	at de.uka.ilkd.key.nparser.builder.AbstractBuilder.accept(AbstractBuilder.java:54)
Caused by: com.github.javaparser.resolution.UnsolvedSymbolException: Unsolved symbol in de.uka.ilkd.key.java.JavaParserFactory$DynamicTypeSolver@596fef4f : java.lang.Object
	at com.github.javaparser.resolution.TypeSolver.solveType(TypeSolver.java:71)

45401      ERROR Test worker     d.u.i.k.n.b.AbstractBuilder  com.github.javaparser.resolution.UnsolvedSymbolException: Unsolved symbol in de.uka.ilkd.key.java.JavaParserFactory$DynamicTypeSolver@596fef4f : java.lang.Object
	at com.github.javaparser.resolution.TypeSolver.solveType(TypeSolver.java:71)

45402      ERROR Test worker     d.u.i.k.n.b.TacletPBuilder Error in parsing taclet. de.uka.ilkd.key.util.parsing.BuildingException: Unsolved symbol in de.uka.ilkd.key.java.JavaParserFactory$DynamicTypeSolver@596fef4f : java.lang.Object at file:/home/runner/work/key/key/key.core/build/resources/main/de/uka/ilkd/key/proof/rules/javaRules.key:1575:15
	at de.uka.ilkd.key.nparser.builder.AbstractBuilder.accept(AbstractBuilder.java:54)
Caused by: com.github.javaparser.resolution.UnsolvedSymbolException: Unsolved symbol in de.uka.ilkd.key.java.JavaParserFactory$DynamicTypeSolver@596fef4f : java.lang.Object
	at com.github.javaparser.resolution.TypeSolver.solveType(TypeSolver.java:71)

45403      ERROR Test worker     d.u.i.k.n.b.AbstractBuilder  com.github.javaparser.resolution.UnsolvedSymbolException: Unsolved symbol in de.uka.ilkd.key.java.JavaParserFactory$DynamicTypeSolver@596fef4f : java.lang.Object
	at com.github.javaparser.resolution.TypeSolver.solveType(TypeSolver.java:71)

45403      ERROR Test worker     d.u.i.k.n.b.TacletPBuilder Error in parsing taclet. de.uka.ilkd.key.util.parsing.BuildingException: Unsolved symbol in de.uka.ilkd.key.java.JavaParserFactory$DynamicTypeSolver@596fef4f : java.lang.Object at file:/home/runner/work/key/key/key.core/build/resources/main/de/uka/ilkd/key/proof/rules/javaRules.key:1583:15
	at de.uka.ilkd.key.nparser.builder.AbstractBuilder.accept(AbstractBuilder.java:54)
Caused by: com.github.javaparser.resolution.UnsolvedSymbolException: Unsolved symbol in de.uka.ilkd.key.java.JavaParserFactory$DynamicTypeSolver@596fef4f : java.lang.Object
	at com.github.javaparser.resolution.TypeSolver.solveType(TypeSolver.java:71)

45405      ERROR Test worker     d.u.i.k.n.b.AbstractBuilder  com.github.javaparser.resolution.UnsolvedSymbolException: Unsolved symbol in de.uka.ilkd.key.java.JavaParserFactory$DynamicTypeSolver@596fef4f : java.lang.Object
	at com.github.javaparser.resolution.TypeSolver.solveType(TypeSolver.java:71)

45405      ERROR Test worker     d.u.i.k.n.b.TacletPBuilder Error in parsing taclet. de.uka.ilkd.key.util.parsing.BuildingException: Unsolved symbol in de.uka.ilkd.key.java.JavaParserFactory$DynamicTypeSolver@596fef4f : java.lang.Object at file:/home/runner/work/key/key/key.core/build/resources/main/de/uka/ilkd/key/proof/rules/javaRules.key:1591:15
	at de.uka.ilkd.key.nparser.builder.AbstractBuilder.accept(AbstractBuilder.java:54)
Caused by: com.github.javaparser.resolution.UnsolvedSymbolException: Unsolved symbol in de.uka.ilkd.key.java.JavaParserFactory$DynamicTypeSolver@596fef4f : java.lang.Object
	at com.github.javaparser.resolution.TypeSolver.solveType(TypeSolver.java:71)

45419      ERROR Test worker     d.u.i.k.n.b.AbstractBuilder  com.github.javaparser.resolution.UnsolvedSymbolException: Unsolved symbol in de.uka.ilkd.key.java.JavaParserFactory$DynamicTypeSolver@596fef4f : java.lang.Object
	at com.github.javaparser.resolution.TypeSolver.solveType(TypeSolver.java:71)

45420      ERROR Test worker     d.u.i.k.n.b.TacletPBuilder Error in parsing taclet. de.uka.ilkd.key.util.parsing.BuildingException: Unsolved symbol in de.uka.ilkd.key.java.JavaParserFactory$DynamicTypeSolver@596fef4f : java.lang.Object at file:/home/runner/work/key/key/key.core/build/resources/main/de/uka/ilkd/key/proof/rules/javaRules.key:1599:15
	at de.uka.ilkd.key.nparser.builder.AbstractBuilder.accept(AbstractBuilder.java:54)
Caused by: com.github.javaparser.resolution.UnsolvedSymbolException: Unsolved symbol in de.uka.ilkd.key.java.JavaParserFactory$DynamicTypeSolver@596fef4f : java.lang.Object
	at com.github.javaparser.resolution.TypeSolver.solveType(TypeSolver.java:71)

45421      ERROR Test worker     d.u.i.k.n.b.AbstractBuilder  com.github.javaparser.resolution.UnsolvedSymbolException: Unsolved symbol in de.uka.ilkd.key.java.JavaParserFactory$DynamicTypeSolver@596fef4f : java.lang.Object
	at com.github.javaparser.resolution.TypeSolver.solveType(TypeSolver.java:71)

45421      ERROR Test worker     d.u.i.k.n.b.TacletPBuilder Error in parsing taclet. de.uka.ilkd.key.util.parsing.BuildingException: Unsolved symbol in de.uka.ilkd.key.java.JavaParserFactory$DynamicTypeSolver@596fef4f : java.lang.Object at file:/home/runner/work/key/key/key.core/build/resources/main/de/uka/ilkd/key/proof/rules/javaRules.key:1607:15
	at de.uka.ilkd.key.nparser.builder.AbstractBuilder.accept(AbstractBuilder.java:54)
Caused by: com.github.javaparser.resolution.UnsolvedSymbolException: Unsolved symbol in de.uka.ilkd.key.java.JavaParserFactory$DynamicTypeSolver@596fef4f : java.lang.Object
	at com.github.javaparser.resolution.TypeSolver.solveType(TypeSolver.java:71)

45423      ERROR Test worker     d.u.i.k.n.b.AbstractBuilder  com.github.javaparser.resolution.UnsolvedSymbolException: Unsolved symbol in de.uka.ilkd.key.java.JavaParserFactory$DynamicTypeSolver@596fef4f : java.lang.Object
	at com.github.javaparser.resolution.TypeSolver.solveType(TypeSolver.java:71)

45423      ERROR Test worker     d.u.i.k.n.b.TacletPBuilder Error in parsing taclet. de.uka.ilkd.key.util.parsing.BuildingException: Unsolved symbol in de.uka.ilkd.key.java.JavaParserFactory$DynamicTypeSolver@596fef4f : java.lang.Object at file:/home/runner/work/key/key/key.core/build/resources/main/de/uka/ilkd/key/proof/rules/javaRules.key:1615:15
	at de.uka.ilkd.key.nparser.builder.AbstractBuilder.accept(AbstractBuilder.java:54)
Caused by: com.github.javaparser.resolution.UnsolvedSymbolException: Unsolved symbol in de.uka.ilkd.key.java.JavaParserFactory$DynamicTypeSolver@596fef4f : java.lang.Object
	at com.github.javaparser.resolution.TypeSolver.solveType(TypeSolver.java:71)

45424      ERROR Test worker     d.u.i.k.n.b.AbstractBuilder  com.github.javaparser.resolution.UnsolvedSymbolException: Unsolved symbol in de.uka.ilkd.key.java.JavaParserFactory$DynamicTypeSolver@596fef4f : java.lang.Object
	at com.github.javaparser.resolution.TypeSolver.solveType(TypeSolver.java:71)

45425      ERROR Test worker     d.u.i.k.n.b.TacletPBuilder Error in parsing taclet. de.uka.ilkd.key.util.parsing.BuildingException: Unsolved symbol in de.uka.ilkd.key.java.JavaParserFactory$DynamicTypeSolver@596fef4f : java.lang.Object at file:/home/runner/work/key/key/key.core/build/resources/main/de/uka/ilkd/key/proof/rules/javaRules.key:1623:15
	at de.uka.ilkd.key.nparser.builder.AbstractBuilder.accept(AbstractBuilder.java:54)
Caused by: com.github.javaparser.resolution.UnsolvedSymbolException: Unsolved symbol in de.uka.ilkd.key.java.JavaParserFactory$DynamicTypeSolver@596fef4f : java.lang.Object
	at com.github.javaparser.resolution.TypeSolver.solveType(TypeSolver.java:71)

45431      ERROR Test worker     d.u.i.k.n.b.AbstractBuilder  com.github.javaparser.resolution.UnsolvedSymbolException: Unsolved symbol in de.uka.ilkd.key.java.JavaParserFactory$DynamicTypeSolver@596fef4f : java.lang.Object
	at com.github.javaparser.resolution.TypeSolver.solveType(TypeSolver.java:71)

45431      ERROR Test worker     d.u.i.k.n.b.TacletPBuilder Error in parsing taclet. de.uka.ilkd.key.util.parsing.BuildingException: Unsolved symbol in de.uka.ilkd.key.java.JavaParserFactory$DynamicTypeSolver@596fef4f : java.lang.Object at file:/home/runner/work/key/key/key.core/build/resources/main/de/uka/ilkd/key/proof/rules/javaRules.key:1631:15
	at de.uka.ilkd.key.nparser.builder.AbstractBuilder.accept(AbstractBuilder.java:54)
Caused by: com.github.javaparser.resolution.UnsolvedSymbolException: Unsolved symbol in de.uka.ilkd.key.java.JavaParserFactory$DynamicTypeSolver@596fef4f : java.lang.Object
	at com.github.javaparser.resolution.TypeSolver.solveType(TypeSolver.java:71)

45432      ERROR Test worker     d.u.i.k.n.b.AbstractBuilder  com.github.javaparser.resolution.UnsolvedSymbolException: Unsolved symbol in de.uka.ilkd.key.java.JavaParserFactory$DynamicTypeSolver@596fef4f : java.lang.Object
	at com.github.javaparser.resolution.TypeSolver.solveType(TypeSolver.java:71)

45435      ERROR Test worker     d.u.i.k.n.b.TacletPBuilder Error in parsing taclet. de.uka.ilkd.key.util.parsing.BuildingException: Unsolved symbol in de.uka.ilkd.key.java.JavaParserFactory$DynamicTypeSolver@596fef4f : java.lang.Object at file:/home/runner/work/key/key/key.core/build/resources/main/de/uka/ilkd/key/proof/rules/javaRules.key:1639:15
	at de.uka.ilkd.key.nparser.builder.AbstractBuilder.accept(AbstractBuilder.java:54)
Caused by: com.github.javaparser.resolution.UnsolvedSymbolException: Unsolved symbol in de.uka.ilkd.key.java.JavaParserFactory$DynamicTypeSolver@596fef4f : java.lang.Object
	at com.github.javaparser.resolution.TypeSolver.solveType(TypeSolver.java:71)

45437      ERROR Test worker     d.u.i.k.n.b.AbstractBuilder  com.github.javaparser.resolution.UnsolvedSymbolException: Unsolved symbol in de.uka.ilkd.key.java.JavaParserFactory$DynamicTypeSolver@596fef4f : java.lang.Object
	at com.github.javaparser.resolution.TypeSolver.solveType(TypeSolver.java:71)

45437      ERROR Test worker     d.u.i.k.n.b.TacletPBuilder Error in parsing taclet. de.uka.ilkd.key.util.parsing.BuildingException: Unsolved symbol in de.uka.ilkd.key.java.JavaParserFactory$DynamicTypeSolver@596fef4f : java.lang.Object at file:/home/runner/work/key/key/key.core/build/resources/main/de/uka/ilkd/key/proof/rules/javaRules.key:1647:15
	at de.uka.ilkd.key.nparser.builder.AbstractBuilder.accept(AbstractBuilder.java:54)
Caused by: com.github.javaparser.resolution.UnsolvedSymbolException: Unsolved symbol in de.uka.ilkd.key.java.JavaParserFactory$DynamicTypeSolver@596fef4f : java.lang.Object
	at com.github.javaparser.resolution.TypeSolver.solveType(TypeSolver.java:71)

45438      ERROR Test worker     d.u.i.k.n.b.AbstractBuilder  com.github.javaparser.resolution.UnsolvedSymbolException: Unsolved symbol in de.uka.ilkd.key.java.JavaParserFactory$DynamicTypeSolver@596fef4f : java.lang.Object
	at com.github.javaparser.resolution.TypeSolver.solveType(TypeSolver.java:71)

45438      ERROR Test worker     d.u.i.k.n.b.TacletPBuilder Error in parsing taclet. de.uka.ilkd.key.util.parsing.BuildingException: Unsolved symbol in de.uka.ilkd.key.java.JavaParserFactory$DynamicTypeSolver@596fef4f : java.lang.Object at file:/home/runner/work/key/key/key.core/build/resources/main/de/uka/ilkd/key/proof/rules/javaRules.key:1655:15
	at de.uka.ilkd.key.nparser.builder.AbstractBuilder.accept(AbstractBuilder.java:54)
Caused by: com.github.javaparser.resolution.UnsolvedSymbolException: Unsolved symbol in de.uka.ilkd.key.java.JavaParserFactory$DynamicTypeSolver@596fef4f : java.lang.Object
	at com.github.javaparser.resolution.TypeSolver.solveType(TypeSolver.java:71)

45446      ERROR Test worker     d.u.i.k.n.b.AbstractBuilder  com.github.javaparser.resolution.UnsolvedSymbolException: Unsolved symbol in de.uka.ilkd.key.java.JavaParserFactory$DynamicTypeSolver@596fef4f : java.lang.Object
	at com.github.javaparser.resolution.TypeSolver.solveType(TypeSolver.java:71)

45446      ERROR Test worker     d.u.i.k.n.b.TacletPBuilder Error in parsing taclet. de.uka.ilkd.key.util.parsing.BuildingException: Unsolved symbol in de.uka.ilkd.key.java.JavaParserFactory$DynamicTypeSolver@596fef4f : java.lang.Object at file:/home/runner/work/key/key/key.core/build/resources/main/de/uka/ilkd/key/proof/rules/javaRules.key:1667:15
	at de.uka.ilkd.key.nparser.builder.AbstractBuilder.accept(AbstractBuilder.java:54)
Caused by: com.github.javaparser.resolution.UnsolvedSymbolException: Unsolved symbol in de.uka.ilkd.key.java.JavaParserFactory$DynamicTypeSolver@596fef4f : java.lang.Object
	at com.github.javaparser.resolution.TypeSolver.solveType(TypeSolver.java:71)

45447      ERROR Test worker     d.u.i.k.n.b.AbstractBuilder  com.github.javaparser.resolution.UnsolvedSymbolException: Unsolved symbol in de.uka.ilkd.key.java.JavaParserFactory$DynamicTypeSolver@596fef4f : java.lang.Object
	at com.github.javaparser.resolution.TypeSolver.solveType(TypeSolver.java:71)

45447      ERROR Test worker     d.u.i.k.n.b.TacletPBuilder Error in parsing taclet. de.uka.ilkd.key.util.parsing.BuildingException: Unsolved symbol in de.uka.ilkd.key.java.JavaParserFactory$DynamicTypeSolver@596fef4f : java.lang.Object at file:/home/runner/work/key/key/key.core/build/resources/main/de/uka/ilkd/key/proof/rules/javaRules.key:1675:15
	at de.uka.ilkd.key.nparser.builder.AbstractBuilder.accept(AbstractBuilder.java:54)
Caused by: com.github.javaparser.resolution.UnsolvedSymbolException: Unsolved symbol in de.uka.ilkd.key.java.JavaParserFactory$DynamicTypeSolver@596fef4f : java.lang.Object
	at com.github.javaparser.resolution.TypeSolver.solveType(TypeSolver.java:71)

45449      ERROR Test worker     d.u.i.k.n.b.AbstractBuilder  com.github.javaparser.resolution.UnsolvedSymbolException: Unsolved symbol in de.uka.ilkd.key.java.JavaParserFactory$DynamicTypeSolver@596fef4f : java.lang.Object
	at com.github.javaparser.resolution.TypeSolver.solveType(TypeSolver.java:71)

45449      ERROR Test worker     d.u.i.k.n.b.TacletPBuilder Error in parsing taclet. de.uka.ilkd.key.util.parsing.BuildingException: Unsolved symbol in de.uka.ilkd.key.java.JavaParserFactory$DynamicTypeSolver@596fef4f : java.lang.Object at file:/home/runner/work/key/key/key.core/build/resources/main/de/uka/ilkd/key/proof/rules/javaRules.key:1683:15
	at de.uka.ilkd.key.nparser.builder.AbstractBuilder.accept(AbstractBuilder.java:54)
Caused by: com.github.javaparser.resolution.UnsolvedSymbolException: Unsolved symbol in de.uka.ilkd.key.java.JavaParserFactory$DynamicTypeSolver@596fef4f : java.lang.Object
	at com.github.javaparser.resolution.TypeSolver.solveType(TypeSolver.java:71)

45456      ERROR Test worker     d.u.i.k.n.b.AbstractBuilder  com.github.javaparser.resolution.UnsolvedSymbolException: Unsolved symbol in de.uka.ilkd.key.java.JavaParserFactory$DynamicTypeSolver@596fef4f : java.lang.Object
	at com.github.javaparser.resolution.TypeSolver.solveType(TypeSolver.java:71)

45456      ERROR Test worker     d.u.i.k.n.b.TacletPBuilder Error in parsing taclet. de.uka.ilkd.key.util.parsing.BuildingException: Unsolved symbol in de.uka.ilkd.key.java.JavaParserFactory$DynamicTypeSolver@596fef4f : java.lang.Object at file:/home/runner/work/key/key/key.core/build/resources/main/de/uka/ilkd/key/proof/rules/javaRules.key:1691:15
	at de.uka.ilkd.key.nparser.builder.AbstractBuilder.accept(AbstractBuilder.java:54)
Caused by: com.github.javaparser.resolution.UnsolvedSymbolException: Unsolved symbol in de.uka.ilkd.key.java.JavaParserFactory$DynamicTypeSolver@596fef4f : java.lang.Object
	at com.github.javaparser.resolution.TypeSolver.solveType(TypeSolver.java:71)

45458      ERROR Test worker     d.u.i.k.n.b.AbstractBuilder  com.github.javaparser.resolution.UnsolvedSymbolException: Unsolved symbol in de.uka.ilkd.key.java.JavaParserFactory$DynamicTypeSolver@596fef4f : java.lang.Object
	at com.github.javaparser.resolution.TypeSolver.solveType(TypeSolver.java:71)

45458      ERROR Test worker     d.u.i.k.n.b.TacletPBuilder Error in parsing taclet. de.uka.ilkd.key.util.parsing.BuildingException: Unsolved symbol in de.uka.ilkd.key.java.JavaParserFactory$DynamicTypeSolver@596fef4f : java.lang.Object at file:/home/runner/work/key/key/key.core/build/resources/main/de/uka/ilkd/key/proof/rules/javaRules.key:1703:15
	at de.uka.ilkd.key.nparser.builder.AbstractBuilder.accept(AbstractBuilder.java:54)
Caused by: com.github.javaparser.resolution.UnsolvedSymbolException: Unsolved symbol in de.uka.ilkd.key.java.JavaParserFactory$DynamicTypeSolver@596fef4f : java.lang.Object
	at com.github.javaparser.resolution.TypeSolver.solveType(TypeSolver.java:71)

45459      ERROR Test worker     d.u.i.k.n.b.AbstractBuilder  com.github.javaparser.resolution.UnsolvedSymbolException: Unsolved symbol in de.uka.ilkd.key.java.JavaParserFactory$DynamicTypeSolver@596fef4f : java.lang.Object
	at com.github.javaparser.resolution.TypeSolver.solveType(TypeSolver.java:71)

45460      ERROR Test worker     d.u.i.k.n.b.TacletPBuilder Error in parsing taclet. de.uka.ilkd.key.util.parsing.BuildingException: Unsolved symbol in de.uka.ilkd.key.java.JavaParserFactory$DynamicTypeSolver@596fef4f : java.lang.Object at file:/home/runner/work/key/key/key.core/build/resources/main/de/uka/ilkd/key/proof/rules/javaRules.key:1710:15
	at de.uka.ilkd.key.nparser.builder.AbstractBuilder.accept(AbstractBuilder.java:54)
Caused by: com.github.javaparser.resolution.UnsolvedSymbolException: Unsolved symbol in de.uka.ilkd.key.java.JavaParserFactory$DynamicTypeSolver@596fef4f : java.lang.Object
	at com.github.javaparser.resolution.TypeSolver.solveType(TypeSolver.java:71)

45467      ERROR Test worker     d.u.i.k.n.b.AbstractBuilder  com.github.javaparser.resolution.UnsolvedSymbolException: Unsolved symbol in de.uka.ilkd.key.java.JavaParserFactory$DynamicTypeSolver@596fef4f : java.lang.Object
	at com.github.javaparser.resolution.TypeSolver.solveType(TypeSolver.java:71)

45467      ERROR Test worker     d.u.i.k.n.b.TacletPBuilder Error in parsing taclet. de.uka.ilkd.key.util.parsing.BuildingException: Unsolved symbol in de.uka.ilkd.key.java.JavaParserFactory$DynamicTypeSolver@596fef4f : java.lang.Object at file:/home/runner/work/key/key/key.core/build/resources/main/de/uka/ilkd/key/proof/rules/javaRules.key:1718:15
	at de.uka.ilkd.key.nparser.builder.AbstractBuilder.accept(AbstractBuilder.java:54)
Caused by: com.github.javaparser.resolution.UnsolvedSymbolException: Unsolved symbol in de.uka.ilkd.key.java.JavaParserFactory$DynamicTypeSolver@596fef4f : java.lang.Object
	at com.github.javaparser.resolution.TypeSolver.solveType(TypeSolver.java:71)

45468      ERROR Test worker     d.u.i.k.n.b.AbstractBuilder  com.github.javaparser.resolution.UnsolvedSymbolException: Unsolved symbol in de.uka.ilkd.key.java.JavaParserFactory$DynamicTypeSolver@596fef4f : java.lang.Object
	at com.github.javaparser.resolution.TypeSolver.solveType(TypeSolver.java:71)

45468      ERROR Test worker     d.u.i.k.n.b.TacletPBuilder Error in parsing taclet. de.uka.ilkd.key.util.parsing.BuildingException: Unsolved symbol in de.uka.ilkd.key.java.JavaParserFactory$DynamicTypeSolver@596fef4f : java.lang.Object at file:/home/runner/work/key/key/key.core/build/resources/main/de/uka/ilkd/key/proof/rules/javaRules.key:1724:15
	at de.uka.ilkd.key.nparser.builder.AbstractBuilder.accept(AbstractBuilder.java:54)
Caused by: com.github.javaparser.resolution.UnsolvedSymbolException: Unsolved symbol in de.uka.ilkd.key.java.JavaParserFactory$DynamicTypeSolver@596fef4f : java.lang.Object
	at com.github.javaparser.resolution.TypeSolver.solveType(TypeSolver.java:71)

45470      ERROR Test worker     d.u.i.k.n.b.AbstractBuilder  com.github.javaparser.resolution.UnsolvedSymbolException: Unsolved symbol in de.uka.ilkd.key.java.JavaParserFactory$DynamicTypeSolver@596fef4f : java.lang.Object
	at com.github.javaparser.resolution.TypeSolver.solveType(TypeSolver.java:71)

45475      ERROR Test worker     d.u.i.k.n.b.TacletPBuilder Error in parsing taclet. de.uka.ilkd.key.util.parsing.BuildingException: Unsolved symbol in de.uka.ilkd.key.java.JavaParserFactory$DynamicTypeSolver@596fef4f : java.lang.Object at file:/home/runner/work/key/key/key.core/build/resources/main/de/uka/ilkd/key/proof/rules/javaRules.key:1731:15
	at de.uka.ilkd.key.nparser.builder.AbstractBuilder.accept(AbstractBuilder.java:54)
Caused by: com.github.javaparser.resolution.UnsolvedSymbolException: Unsolved symbol in de.uka.ilkd.key.java.JavaParserFactory$DynamicTypeSolver@596fef4f : java.lang.Object
	at com.github.javaparser.resolution.TypeSolver.solveType(TypeSolver.java:71)

45477      ERROR Test worker     d.u.i.k.n.b.AbstractBuilder  com.github.javaparser.resolution.UnsolvedSymbolException: Unsolved symbol in de.uka.ilkd.key.java.JavaParserFactory$DynamicTypeSolver@596fef4f : java.lang.Object
	at com.github.javaparser.resolution.TypeSolver.solveType(TypeSolver.java:71)

45478      ERROR Test worker     d.u.i.k.n.b.TacletPBuilder Error in parsing taclet. de.uka.ilkd.key.util.parsing.BuildingException: Unsolved symbol in de.uka.ilkd.key.java.JavaParserFactory$DynamicTypeSolver@596fef4f : java.lang.Object at file:/home/runner/work/key/key/key.core/build/resources/main/de/uka/ilkd/key/proof/rules/javaRules.key:1738:15
	at de.uka.ilkd.key.nparser.builder.AbstractBuilder.accept(AbstractBuilder.java:54)
Caused by: com.github.javaparser.resolution.UnsolvedSymbolException: Unsolved symbol in de.uka.ilkd.key.java.JavaParserFactory$DynamicTypeSolver@596fef4f : java.lang.Object
	at com.github.javaparser.resolution.TypeSolver.solveType(TypeSolver.java:71)

45486      ERROR Test worker     d.u.i.k.n.b.AbstractBuilder  com.github.javaparser.resolution.UnsolvedSymbolException: Unsolved symbol in de.uka.ilkd.key.java.JavaParserFactory$DynamicTypeSolver@596fef4f : java.lang.Object
	at com.github.javaparser.resolution.TypeSolver.solveType(TypeSolver.java:71)

45487      ERROR Test worker     d.u.i.k.n.b.TacletPBuilder Error in parsing taclet. de.uka.ilkd.key.util.parsing.BuildingException: Unsolved symbol in de.uka.ilkd.key.java.JavaParserFactory$DynamicTypeSolver@596fef4f : java.lang.Object at file:/home/runner/work/key/key/key.core/build/resources/main/de/uka/ilkd/key/proof/rules/javaRules.key:1744:15
	at de.uka.ilkd.key.nparser.builder.AbstractBuilder.accept(AbstractBuilder.java:54)
Caused by: com.github.javaparser.resolution.UnsolvedSymbolException: Unsolved symbol in de.uka.ilkd.key.java.JavaParserFactory$DynamicTypeSolver@596fef4f : java.lang.Object
	at com.github.javaparser.resolution.TypeSolver.solveType(TypeSolver.java:71)

45488      ERROR Test worker     d.u.i.k.n.b.AbstractBuilder  com.github.javaparser.resolution.UnsolvedSymbolException: Unsolved symbol in de.uka.ilkd.key.java.JavaParserFactory$DynamicTypeSolver@596fef4f : java.lang.Object
	at com.github.javaparser.resolution.TypeSolver.solveType(TypeSolver.java:71)

45488      ERROR Test worker     d.u.i.k.n.b.TacletPBuilder Error in parsing taclet. de.uka.ilkd.key.util.parsing.BuildingException: Unsolved symbol in de.uka.ilkd.key.java.JavaParserFactory$DynamicTypeSolver@596fef4f : java.lang.Object at file:/home/runner/work/key/key/key.core/build/resources/main/de/uka/ilkd/key/proof/rules/javaRules.key:1751:15
	at de.uka.ilkd.key.nparser.builder.AbstractBuilder.accept(AbstractBuilder.java:54)
Caused by: com.github.javaparser.resolution.UnsolvedSymbolException: Unsolved symbol in de.uka.ilkd.key.java.JavaParserFactory$DynamicTypeSolver@596fef4f : java.lang.Object
	at com.github.javaparser.resolution.TypeSolver.solveType(TypeSolver.java:71)

45490      ERROR Test worker     d.u.i.k.n.b.AbstractBuilder  com.github.javaparser.resolution.UnsolvedSymbolException: Unsolved symbol in de.uka.ilkd.key.java.JavaParserFactory$DynamicTypeSolver@596fef4f : java.lang.Object
	at com.github.javaparser.resolution.TypeSolver.solveType(TypeSolver.java:71)

45490      ERROR Test worker     d.u.i.k.n.b.TacletPBuilder Error in parsing taclet. de.uka.ilkd.key.util.parsing.BuildingException: Unsolved symbol in de.uka.ilkd.key.java.JavaParserFactory$DynamicTypeSolver@596fef4f : java.lang.Object at file:/home/runner/work/key/key/key.core/build/resources/main/de/uka/ilkd/key/proof/rules/javaRules.key:1759:15
	at de.uka.ilkd.key.nparser.builder.AbstractBuilder.accept(AbstractBuilder.java:54)
Caused by: com.github.javaparser.resolution.UnsolvedSymbolException: Unsolved symbol in de.uka.ilkd.key.java.JavaParserFactory$DynamicTypeSolver@596fef4f : java.lang.Object
	at com.github.javaparser.resolution.TypeSolver.solveType(TypeSolver.java:71)

45491      ERROR Test worker     d.u.i.k.n.b.AbstractBuilder  com.github.javaparser.resolution.UnsolvedSymbolException: Unsolved symbol in de.uka.ilkd.key.java.JavaParserFactory$DynamicTypeSolver@596fef4f : java.lang.Object
	at com.github.javaparser.resolution.TypeSolver.solveType(TypeSolver.java:71)

45492      ERROR Test worker     d.u.i.k.n.b.TacletPBuilder Error in parsing taclet. de.uka.ilkd.key.util.parsing.BuildingException: Unsolved symbol in de.uka.ilkd.key.java.JavaParserFactory$DynamicTypeSolver@596fef4f : java.lang.Object at file:/home/runner/work/key/key/key.core/build/resources/main/de/uka/ilkd/key/proof/rules/javaRules.key:1765:15
	at de.uka.ilkd.key.nparser.builder.AbstractBuilder.accept(AbstractBuilder.java:54)
Caused by: com.github.javaparser.resolution.UnsolvedSymbolException: Unsolved symbol in de.uka.ilkd.key.java.JavaParserFactory$DynamicTypeSolver@596fef4f : java.lang.Object
	at com.github.javaparser.resolution.TypeSolver.solveType(TypeSolver.java:71)

45493      ERROR Test worker     d.u.i.k.n.b.AbstractBuilder  com.github.javaparser.resolution.UnsolvedSymbolException: Unsolved symbol in de.uka.ilkd.key.java.JavaParserFactory$DynamicTypeSolver@596fef4f : java.lang.Object
	at com.github.javaparser.resolution.TypeSolver.solveType(TypeSolver.java:71)

45493      ERROR Test worker     d.u.i.k.n.b.TacletPBuilder Error in parsing taclet. de.uka.ilkd.key.util.parsing.BuildingException: Unsolved symbol in de.uka.ilkd.key.java.JavaParserFactory$DynamicTypeSolver@596fef4f : java.lang.Object at file:/home/runner/work/key/key/key.core/build/resources/main/de/uka/ilkd/key/proof/rules/javaRules.key:1772:15
	at de.uka.ilkd.key.nparser.builder.AbstractBuilder.accept(AbstractBuilder.java:54)
Caused by: com.github.javaparser.resolution.UnsolvedSymbolException: Unsolved symbol in de.uka.ilkd.key.java.JavaParserFactory$DynamicTypeSolver@596fef4f : java.lang.Object
	at com.github.javaparser.resolution.TypeSolver.solveType(TypeSolver.java:71)

45495      ERROR Test worker     d.u.i.k.n.b.AbstractBuilder  com.github.javaparser.resolution.UnsolvedSymbolException: Unsolved symbol in de.uka.ilkd.key.java.JavaParserFactory$DynamicTypeSolver@596fef4f : java.lang.Object
	at com.github.javaparser.resolution.TypeSolver.solveType(TypeSolver.java:71)

45495      ERROR Test worker     d.u.i.k.n.b.TacletPBuilder Error in parsing taclet. de.uka.ilkd.key.util.parsing.BuildingException: Unsolved symbol in de.uka.ilkd.key.java.JavaParserFactory$DynamicTypeSolver@596fef4f : java.lang.Object at file:/home/runner/work/key/key/key.core/build/resources/main/de/uka/ilkd/key/proof/rules/javaRules.key:1780:15
	at de.uka.ilkd.key.nparser.builder.AbstractBuilder.accept(AbstractBuilder.java:54)
Caused by: com.github.javaparser.resolution.UnsolvedSymbolException: Unsolved symbol in de.uka.ilkd.key.java.JavaParserFactory$DynamicTypeSolver@596fef4f : java.lang.Object
	at com.github.javaparser.resolution.TypeSolver.solveType(TypeSolver.java:71)

45507      ERROR Test worker     d.u.i.k.n.b.AbstractBuilder  com.github.javaparser.resolution.UnsolvedSymbolException: Unsolved symbol in de.uka.ilkd.key.java.JavaParserFactory$DynamicTypeSolver@596fef4f : java.lang.Object
	at com.github.javaparser.resolution.TypeSolver.solveType(TypeSolver.java:71)

45507      ERROR Test worker     d.u.i.k.n.b.TacletPBuilder Error in parsing taclet. de.uka.ilkd.key.util.parsing.BuildingException: Unsolved symbol in de.uka.ilkd.key.java.JavaParserFactory$DynamicTypeSolver@596fef4f : java.lang.Object at file:/home/runner/work/key/key/key.core/build/resources/main/de/uka/ilkd/key/proof/rules/javaRules.key:1786:15
	at de.uka.ilkd.key.nparser.builder.AbstractBuilder.accept(AbstractBuilder.java:54)
Caused by: com.github.javaparser.resolution.UnsolvedSymbolException: Unsolved symbol in de.uka.ilkd.key.java.JavaParserFactory$DynamicTypeSolver@596fef4f : java.lang.Object
	at com.github.javaparser.resolution.TypeSolver.solveType(TypeSolver.java:71)

45508      ERROR Test worker     d.u.i.k.n.b.AbstractBuilder  com.github.javaparser.resolution.UnsolvedSymbolException: Unsolved symbol in de.uka.ilkd.key.java.JavaParserFactory$DynamicTypeSolver@596fef4f : java.lang.Object
	at com.github.javaparser.resolution.TypeSolver.solveType(TypeSolver.java:71)

45508      ERROR Test worker     d.u.i.k.n.b.TacletPBuilder Error in parsing taclet. de.uka.ilkd.key.util.parsing.BuildingException: Unsolved symbol in de.uka.ilkd.key.java.JavaParserFactory$DynamicTypeSolver@596fef4f : java.lang.Object at file:/home/runner/work/key/key/key.core/build/resources/main/de/uka/ilkd/key/proof/rules/javaRules.key:1793:15
	at de.uka.ilkd.key.nparser.builder.AbstractBuilder.accept(AbstractBuilder.java:54)
Caused by: com.github.javaparser.resolution.UnsolvedSymbolException: Unsolved symbol in de.uka.ilkd.key.java.JavaParserFactory$DynamicTypeSolver@596fef4f : java.lang.Object
	at com.github.javaparser.resolution.TypeSolver.solveType(TypeSolver.java:71)

45510      ERROR Test worker     d.u.i.k.n.b.AbstractBuilder  com.github.javaparser.resolution.UnsolvedSymbolException: Unsolved symbol in de.uka.ilkd.key.java.JavaParserFactory$DynamicTypeSolver@596fef4f : java.lang.Object
	at com.github.javaparser.resolution.TypeSolver.solveType(TypeSolver.java:71)

45510      ERROR Test worker     d.u.i.k.n.b.TacletPBuilder Error in parsing taclet. de.uka.ilkd.key.util.parsing.BuildingException: Unsolved symbol in de.uka.ilkd.key.java.JavaParserFactory$DynamicTypeSolver@596fef4f : java.lang.Object at file:/home/runner/work/key/key/key.core/build/resources/main/de/uka/ilkd/key/proof/rules/javaRules.key:1801:15
	at de.uka.ilkd.key.nparser.builder.AbstractBuilder.accept(AbstractBuilder.java:54)
Caused by: com.github.javaparser.resolution.UnsolvedSymbolException: Unsolved symbol in de.uka.ilkd.key.java.JavaParserFactory$DynamicTypeSolver@596fef4f : java.lang.Object
	at com.github.javaparser.resolution.TypeSolver.solveType(TypeSolver.java:71)

45512      ERROR Test worker     d.u.i.k.n.b.AbstractBuilder  com.github.javaparser.resolution.UnsolvedSymbolException: Unsolved symbol in de.uka.ilkd.key.java.JavaParserFactory$DynamicTypeSolver@596fef4f : java.lang.Object
	at com.github.javaparser.resolution.TypeSolver.solveType(TypeSolver.java:71)

45512      ERROR Test worker     d.u.i.k.n.b.TacletPBuilder Error in parsing taclet. de.uka.ilkd.key.util.parsing.BuildingException: Unsolved symbol in de.uka.ilkd.key.java.JavaParserFactory$DynamicTypeSolver@596fef4f : java.lang.Object at file:/home/runner/work/key/key/key.core/build/resources/main/de/uka/ilkd/key/proof/rules/javaRules.key:1807:15
	at de.uka.ilkd.key.nparser.builder.AbstractBuilder.accept(AbstractBuilder.java:54)
Caused by: com.github.javaparser.resolution.UnsolvedSymbolException: Unsolved symbol in de.uka.ilkd.key.java.JavaParserFactory$DynamicTypeSolver@596fef4f : java.lang.Object
	at com.github.javaparser.resolution.TypeSolver.solveType(TypeSolver.java:71)

45513      ERROR Test worker     d.u.i.k.n.b.AbstractBuilder  com.github.javaparser.resolution.UnsolvedSymbolException: Unsolved symbol in de.uka.ilkd.key.java.JavaParserFactory$DynamicTypeSolver@596fef4f : java.lang.Object
	at com.github.javaparser.resolution.TypeSolver.solveType(TypeSolver.java:71)

45514      ERROR Test worker     d.u.i.k.n.b.TacletPBuilder Error in parsing taclet. de.uka.ilkd.key.util.parsing.BuildingException: Unsolved symbol in de.uka.ilkd.key.java.JavaParserFactory$DynamicTypeSolver@596fef4f : java.lang.Object at file:/home/runner/work/key/key/key.core/build/resources/main/de/uka/ilkd/key/proof/rules/javaRules.key:1814:15
	at de.uka.ilkd.key.nparser.builder.AbstractBuilder.accept(AbstractBuilder.java:54)
Caused by: com.github.javaparser.resolution.UnsolvedSymbolException: Unsolved symbol in de.uka.ilkd.key.java.JavaParserFactory$DynamicTypeSolver@596fef4f : java.lang.Object
	at com.github.javaparser.resolution.TypeSolver.solveType(TypeSolver.java:71)

45515      ERROR Test worker     d.u.i.k.n.b.AbstractBuilder  com.github.javaparser.resolution.UnsolvedSymbolException: Unsolved symbol in de.uka.ilkd.key.java.JavaParserFactory$DynamicTypeSolver@596fef4f : java.lang.Object
	at com.github.javaparser.resolution.TypeSolver.solveType(TypeSolver.java:71)

45515      ERROR Test worker     d.u.i.k.n.b.TacletPBuilder Error in parsing taclet. de.uka.ilkd.key.util.parsing.BuildingException: Unsolved symbol in de.uka.ilkd.key.java.JavaParserFactory$DynamicTypeSolver@596fef4f : java.lang.Object at file:/home/runner/work/key/key/key.core/build/resources/main/de/uka/ilkd/key/proof/rules/javaRules.key:1822:15
	at de.uka.ilkd.key.nparser.builder.AbstractBuilder.accept(AbstractBuilder.java:54)
Caused by: com.github.javaparser.resolution.UnsolvedSymbolException: Unsolved symbol in de.uka.ilkd.key.java.JavaParserFactory$DynamicTypeSolver@596fef4f : java.lang.Object
	at com.github.javaparser.resolution.TypeSolver.solveType(TypeSolver.java:71)

45522      ERROR Test worker     d.u.i.k.n.b.AbstractBuilder  com.github.javaparser.resolution.UnsolvedSymbolException: Unsolved symbol in de.uka.ilkd.key.java.JavaParserFactory$DynamicTypeSolver@596fef4f : java.lang.Object
	at com.github.javaparser.resolution.TypeSolver.solveType(TypeSolver.java:71)

45522      ERROR Test worker     d.u.i.k.n.b.TacletPBuilder Error in parsing taclet. de.uka.ilkd.key.util.parsing.BuildingException: Unsolved symbol in de.uka.ilkd.key.java.JavaParserFactory$DynamicTypeSolver@596fef4f : java.lang.Object at file:/home/runner/work/key/key/key.core/build/resources/main/de/uka/ilkd/key/proof/rules/javaRules.key:1828:15
	at de.uka.ilkd.key.nparser.builder.AbstractBuilder.accept(AbstractBuilder.java:54)
Caused by: com.github.javaparser.resolution.UnsolvedSymbolException: Unsolved symbol in de.uka.ilkd.key.java.JavaParserFactory$DynamicTypeSolver@596fef4f : java.lang.Object
	at com.github.javaparser.resolution.TypeSolver.solveType(TypeSolver.java:71)

45524      ERROR Test worker     d.u.i.k.n.b.AbstractBuilder  com.github.javaparser.resolution.UnsolvedSymbolException: Unsolved symbol in de.uka.ilkd.key.java.JavaParserFactory$DynamicTypeSolver@596fef4f : java.lang.Object
	at com.github.javaparser.resolution.TypeSolver.solveType(TypeSolver.java:71)

45524      ERROR Test worker     d.u.i.k.n.b.TacletPBuilder Error in parsing taclet. de.uka.ilkd.key.util.parsing.BuildingException: Unsolved symbol in de.uka.ilkd.key.java.JavaParserFactory$DynamicTypeSolver@596fef4f : java.lang.Object at file:/home/runner/work/key/key/key.core/build/resources/main/de/uka/ilkd/key/proof/rules/javaRules.key:1835:15
	at de.uka.ilkd.key.nparser.builder.AbstractBuilder.accept(AbstractBuilder.java:54)
Caused by: com.github.javaparser.resolution.UnsolvedSymbolException: Unsolved symbol in de.uka.ilkd.key.java.JavaParserFactory$DynamicTypeSolver@596fef4f : java.lang.Object
	at com.github.javaparser.resolution.TypeSolver.solveType(TypeSolver.java:71)

45525      ERROR Test worker     d.u.i.k.n.b.AbstractBuilder  com.github.javaparser.resolution.UnsolvedSymbolException: Unsolved symbol in de.uka.ilkd.key.java.JavaParserFactory$DynamicTypeSolver@596fef4f : java.lang.Object
	at com.github.javaparser.resolution.TypeSolver.solveType(TypeSolver.java:71)

45525      ERROR Test worker     d.u.i.k.n.b.TacletPBuilder Error in parsing taclet. de.uka.ilkd.key.util.parsing.BuildingException: Unsolved symbol in de.uka.ilkd.key.java.JavaParserFactory$DynamicTypeSolver@596fef4f : java.lang.Object at file:/home/runner/work/key/key/key.core/build/resources/main/de/uka/ilkd/key/proof/rules/javaRules.key:1843:15
	at de.uka.ilkd.key.nparser.builder.AbstractBuilder.accept(AbstractBuilder.java:54)
Caused by: com.github.javaparser.resolution.UnsolvedSymbolException: Unsolved symbol in de.uka.ilkd.key.java.JavaParserFactory$DynamicTypeSolver@596fef4f : java.lang.Object
	at com.github.javaparser.resolution.TypeSolver.solveType(TypeSolver.java:71)

45527      ERROR Test worker     d.u.i.k.n.b.AbstractBuilder  com.github.javaparser.resolution.UnsolvedSymbolException: Unsolved symbol in de.uka.ilkd.key.java.JavaParserFactory$DynamicTypeSolver@596fef4f : java.lang.Object
	at com.github.javaparser.resolution.TypeSolver.solveType(TypeSolver.java:71)

45527      ERROR Test worker     d.u.i.k.n.b.TacletPBuilder Error in parsing taclet. de.uka.ilkd.key.util.parsing.BuildingException: Unsolved symbol in de.uka.ilkd.key.java.JavaParserFactory$DynamicTypeSolver@596fef4f : java.lang.Object at file:/home/runner/work/key/key/key.core/build/resources/main/de/uka/ilkd/key/proof/rules/javaRules.key:1849:15
	at de.uka.ilkd.key.nparser.builder.AbstractBuilder.accept(AbstractBuilder.java:54)
Caused by: com.github.javaparser.resolution.UnsolvedSymbolException: Unsolved symbol in de.uka.ilkd.key.java.JavaParserFactory$DynamicTypeSolver@596fef4f : java.lang.Object
	at com.github.javaparser.resolution.TypeSolver.solveType(TypeSolver.java:71)

45537      ERROR Test worker     d.u.i.k.n.b.AbstractBuilder  com.github.javaparser.resolution.UnsolvedSymbolException: Unsolved symbol in de.uka.ilkd.key.java.JavaParserFactory$DynamicTypeSolver@596fef4f : java.lang.Object
	at com.github.javaparser.resolution.TypeSolver.solveType(TypeSolver.java:71)

45538      ERROR Test worker     d.u.i.k.n.b.TacletPBuilder Error in parsing taclet. de.uka.ilkd.key.util.parsing.BuildingException: Unsolved symbol in de.uka.ilkd.key.java.JavaParserFactory$DynamicTypeSolver@596fef4f : java.lang.Object at file:/home/runner/work/key/key/key.core/build/resources/main/de/uka/ilkd/key/proof/rules/javaRules.key:1856:15
	at de.uka.ilkd.key.nparser.builder.AbstractBuilder.accept(AbstractBuilder.java:54)
Caused by: com.github.javaparser.resolution.UnsolvedSymbolException: Unsolved symbol in de.uka.ilkd.key.java.JavaParserFactory$DynamicTypeSolver@596fef4f : java.lang.Object
	at com.github.javaparser.resolution.TypeSolver.solveType(TypeSolver.java:71)

45539      ERROR Test worker     d.u.i.k.n.b.AbstractBuilder  com.github.javaparser.resolution.UnsolvedSymbolException: Unsolved symbol in de.uka.ilkd.key.java.JavaParserFactory$DynamicTypeSolver@596fef4f : java.lang.Object
	at com.github.javaparser.resolution.TypeSolver.solveType(TypeSolver.java:71)

45539      ERROR Test worker     d.u.i.k.n.b.TacletPBuilder Error in parsing taclet. de.uka.ilkd.key.util.parsing.BuildingException: Unsolved symbol in de.uka.ilkd.key.java.JavaParserFactory$DynamicTypeSolver@596fef4f : java.lang.Object at file:/home/runner/work/key/key/key.core/build/resources/main/de/uka/ilkd/key/proof/rules/javaRules.key:1864:15
	at de.uka.ilkd.key.nparser.builder.AbstractBuilder.accept(AbstractBuilder.java:54)
Caused by: com.github.javaparser.resolution.UnsolvedSymbolException: Unsolved symbol in de.uka.ilkd.key.java.JavaParserFactory$DynamicTypeSolver@596fef4f : java.lang.Object
	at com.github.javaparser.resolution.TypeSolver.solveType(TypeSolver.java:71)

45541      ERROR Test worker     d.u.i.k.n.b.AbstractBuilder  com.github.javaparser.resolution.UnsolvedSymbolException: Unsolved symbol in de.uka.ilkd.key.java.JavaParserFactory$DynamicTypeSolver@596fef4f : java.lang.Object
	at com.github.javaparser.resolution.TypeSolver.solveType(TypeSolver.java:71)

45541      ERROR Test worker     d.u.i.k.n.b.TacletPBuilder Error in parsing taclet. de.uka.ilkd.key.util.parsing.BuildingException: Unsolved symbol in de.uka.ilkd.key.java.JavaParserFactory$DynamicTypeSolver@596fef4f : java.lang.Object at file:/home/runner/work/key/key/key.core/build/resources/main/de/uka/ilkd/key/proof/rules/javaRules.key:1870:15
	at de.uka.ilkd.key.nparser.builder.AbstractBuilder.accept(AbstractBuilder.java:54)
Caused by: com.github.javaparser.resolution.UnsolvedSymbolException: Unsolved symbol in de.uka.ilkd.key.java.JavaParserFactory$DynamicTypeSolver@596fef4f : java.lang.Object
	at com.github.javaparser.resolution.TypeSolver.solveType(TypeSolver.java:71)

45547      ERROR Test worker     d.u.i.k.n.b.AbstractBuilder  com.github.javaparser.resolution.UnsolvedSymbolException: Unsolved symbol in de.uka.ilkd.key.java.JavaParserFactory$DynamicTypeSolver@596fef4f : java.lang.Object
	at com.github.javaparser.resolution.TypeSolver.solveType(TypeSolver.java:71)

45547      ERROR Test worker     d.u.i.k.n.b.TacletPBuilder Error in parsing taclet. de.uka.ilkd.key.util.parsing.BuildingException: Unsolved symbol in de.uka.ilkd.key.java.JavaParserFactory$DynamicTypeSolver@596fef4f : java.lang.Object at file:/home/runner/work/key/key/key.core/build/resources/main/de/uka/ilkd/key/proof/rules/javaRules.key:1877:15
	at de.uka.ilkd.key.nparser.builder.AbstractBuilder.accept(AbstractBuilder.java:54)
Caused by: com.github.javaparser.resolution.UnsolvedSymbolException: Unsolved symbol in de.uka.ilkd.key.java.JavaParserFactory$DynamicTypeSolver@596fef4f : java.lang.Object
	at com.github.javaparser.resolution.TypeSolver.solveType(TypeSolver.java:71)

45552      ERROR Test worker     d.u.i.k.n.b.AbstractBuilder  com.github.javaparser.resolution.UnsolvedSymbolException: Unsolved symbol in de.uka.ilkd.key.java.JavaParserFactory$DynamicTypeSolver@596fef4f : java.lang.Object
	at com.github.javaparser.resolution.TypeSolver.solveType(TypeSolver.java:71)

45552      ERROR Test worker     d.u.i.k.n.b.TacletPBuilder Error in parsing taclet. de.uka.ilkd.key.util.parsing.BuildingException: Unsolved symbol in de.uka.ilkd.key.java.JavaParserFactory$DynamicTypeSolver@596fef4f : java.lang.Object at file:/home/runner/work/key/key/key.core/build/resources/main/de/uka/ilkd/key/proof/rules/javaRules.key:1885:15
	at de.uka.ilkd.key.nparser.builder.AbstractBuilder.accept(AbstractBuilder.java:54)
Caused by: com.github.javaparser.resolution.UnsolvedSymbolException: Unsolved symbol in de.uka.ilkd.key.java.JavaParserFactory$DynamicTypeSolver@596fef4f : java.lang.Object
	at com.github.javaparser.resolution.TypeSolver.solveType(TypeSolver.java:71)

45553      ERROR Test worker     d.u.i.k.n.b.AbstractBuilder  com.github.javaparser.resolution.UnsolvedSymbolException: Unsolved symbol in de.uka.ilkd.key.java.JavaParserFactory$DynamicTypeSolver@596fef4f : java.lang.Object
	at com.github.javaparser.resolution.TypeSolver.solveType(TypeSolver.java:71)

45554      ERROR Test worker     d.u.i.k.n.b.TacletPBuilder Error in parsing taclet. de.uka.ilkd.key.util.parsing.BuildingException: Unsolved symbol in de.uka.ilkd.key.java.JavaParserFactory$DynamicTypeSolver@596fef4f : java.lang.Object at file:/home/runner/work/key/key/key.core/build/resources/main/de/uka/ilkd/key/proof/rules/javaRules.key:1891:15
	at de.uka.ilkd.key.nparser.builder.AbstractBuilder.accept(AbstractBuilder.java:54)
Caused by: com.github.javaparser.resolution.UnsolvedSymbolException: Unsolved symbol in de.uka.ilkd.key.java.JavaParserFactory$DynamicTypeSolver@596fef4f : java.lang.Object
	at com.github.javaparser.resolution.TypeSolver.solveType(TypeSolver.java:71)

45555      ERROR Test worker     d.u.i.k.n.b.AbstractBuilder  com.github.javaparser.resolution.UnsolvedSymbolException: Unsolved symbol in de.uka.ilkd.key.java.JavaParserFactory$DynamicTypeSolver@596fef4f : java.lang.Object
	at com.github.javaparser.resolution.TypeSolver.solveType(TypeSolver.java:71)

45555      ERROR Test worker     d.u.i.k.n.b.TacletPBuilder Error in parsing taclet. de.uka.ilkd.key.util.parsing.BuildingException: Unsolved symbol in de.uka.ilkd.key.java.JavaParserFactory$DynamicTypeSolver@596fef4f : java.lang.Object at file:/home/runner/work/key/key/key.core/build/resources/main/de/uka/ilkd/key/proof/rules/javaRules.key:1898:15
	at de.uka.ilkd.key.nparser.builder.AbstractBuilder.accept(AbstractBuilder.java:54)
Caused by: com.github.javaparser.resolution.UnsolvedSymbolException: Unsolved symbol in de.uka.ilkd.key.java.JavaParserFactory$DynamicTypeSolver@596fef4f : java.lang.Object
	at com.github.javaparser.resolution.TypeSolver.solveType(TypeSolver.java:71)

45562      ERROR Test worker     d.u.i.k.n.b.AbstractBuilder  com.github.javaparser.resolution.UnsolvedSymbolException: Unsolved symbol in de.uka.ilkd.key.java.JavaParserFactory$DynamicTypeSolver@596fef4f : java.lang.Object
	at com.github.javaparser.resolution.TypeSolver.solveType(TypeSolver.java:71)

45562      ERROR Test worker     d.u.i.k.n.b.TacletPBuilder Error in parsing taclet. de.uka.ilkd.key.util.parsing.BuildingException: Unsolved symbol in de.uka.ilkd.key.java.JavaParserFactory$DynamicTypeSolver@596fef4f : java.lang.Object at file:/home/runner/work/key/key/key.core/build/resources/main/de/uka/ilkd/key/proof/rules/javaRules.key:1906:15
	at de.uka.ilkd.key.nparser.builder.AbstractBuilder.accept(AbstractBuilder.java:54)
Caused by: com.github.javaparser.resolution.UnsolvedSymbolException: Unsolved symbol in de.uka.ilkd.key.java.JavaParserFactory$DynamicTypeSolver@596fef4f : java.lang.Object
	at com.github.javaparser.resolution.TypeSolver.solveType(TypeSolver.java:71)

45564      ERROR Test worker     d.u.i.k.n.b.AbstractBuilder  com.github.javaparser.resolution.UnsolvedSymbolException: Unsolved symbol in de.uka.ilkd.key.java.JavaParserFactory$DynamicTypeSolver@596fef4f : java.lang.Object
	at com.github.javaparser.resolution.TypeSolver.solveType(TypeSolver.java:71)

45564      ERROR Test worker     d.u.i.k.n.b.TacletPBuilder Error in parsing taclet. de.uka.ilkd.key.util.parsing.BuildingException: Unsolved symbol in de.uka.ilkd.key.java.JavaParserFactory$DynamicTypeSolver@596fef4f : java.lang.Object at file:/home/runner/work/key/key/key.core/build/resources/main/de/uka/ilkd/key/proof/rules/javaRules.key:1912:15
	at de.uka.ilkd.key.nparser.builder.AbstractBuilder.accept(AbstractBuilder.java:54)
Caused by: com.github.javaparser.resolution.UnsolvedSymbolException: Unsolved symbol in de.uka.ilkd.key.java.JavaParserFactory$DynamicTypeSolver@596fef4f : java.lang.Object
	at com.github.javaparser.resolution.TypeSolver.solveType(TypeSolver.java:71)

45566      ERROR Test worker     d.u.i.k.n.b.AbstractBuilder  com.github.javaparser.resolution.UnsolvedSymbolException: Unsolved symbol in de.uka.ilkd.key.java.JavaParserFactory$DynamicTypeSolver@596fef4f : java.lang.Object
	at com.github.javaparser.resolution.TypeSolver.solveType(TypeSolver.java:71)

45566      ERROR Test worker     d.u.i.k.n.b.TacletPBuilder Error in parsing taclet. de.uka.ilkd.key.util.parsing.BuildingException: Unsolved symbol in de.uka.ilkd.key.java.JavaParserFactory$DynamicTypeSolver@596fef4f : java.lang.Object at file:/home/runner/work/key/key/key.core/build/resources/main/de/uka/ilkd/key/proof/rules/javaRules.key:1919:15
	at de.uka.ilkd.key.nparser.builder.AbstractBuilder.accept(AbstractBuilder.java:54)
Caused by: com.github.javaparser.resolution.UnsolvedSymbolException: Unsolved symbol in de.uka.ilkd.key.java.JavaParserFactory$DynamicTypeSolver@596fef4f : java.lang.Object
	at com.github.javaparser.resolution.TypeSolver.solveType(TypeSolver.java:71)

45573      ERROR Test worker     d.u.i.k.n.b.AbstractBuilder  com.github.javaparser.resolution.UnsolvedSymbolException: Unsolved symbol in de.uka.ilkd.key.java.JavaParserFactory$DynamicTypeSolver@596fef4f : java.lang.Object
	at com.github.javaparser.resolution.TypeSolver.solveType(TypeSolver.java:71)

45573      ERROR Test worker     d.u.i.k.n.b.TacletPBuilder Error in parsing taclet. de.uka.ilkd.key.util.parsing.BuildingException: Unsolved symbol in de.uka.ilkd.key.java.JavaParserFactory$DynamicTypeSolver@596fef4f : java.lang.Object at file:/home/runner/work/key/key/key.core/build/resources/main/de/uka/ilkd/key/proof/rules/javaRules.key:1927:15
	at de.uka.ilkd.key.nparser.builder.AbstractBuilder.accept(AbstractBuilder.java:54)
Caused by: com.github.javaparser.resolution.UnsolvedSymbolException: Unsolved symbol in de.uka.ilkd.key.java.JavaParserFactory$DynamicTypeSolver@596fef4f : java.lang.Object
	at com.github.javaparser.resolution.TypeSolver.solveType(TypeSolver.java:71)

45577      ERROR Test worker     d.u.i.k.n.b.AbstractBuilder  com.github.javaparser.resolution.UnsolvedSymbolException: Unsolved symbol in de.uka.ilkd.key.java.JavaParserFactory$DynamicTypeSolver@596fef4f : java.lang.Object
	at com.github.javaparser.resolution.TypeSolver.solveType(TypeSolver.java:71)

45577      ERROR Test worker     d.u.i.k.n.b.TacletPBuilder Error in parsing taclet. de.uka.ilkd.key.util.parsing.BuildingException: Unsolved symbol in de.uka.ilkd.key.java.JavaParserFactory$DynamicTypeSolver@596fef4f : java.lang.Object at file:/home/runner/work/key/key/key.core/build/resources/main/de/uka/ilkd/key/proof/rules/javaRules.key:1937:15
	at de.uka.ilkd.key.nparser.builder.AbstractBuilder.accept(AbstractBuilder.java:54)
Caused by: com.github.javaparser.resolution.UnsolvedSymbolException: Unsolved symbol in de.uka.ilkd.key.java.JavaParserFactory$DynamicTypeSolver@596fef4f : java.lang.Object
	at com.github.javaparser.resolution.TypeSolver.solveType(TypeSolver.java:71)

45579      ERROR Test worker     d.u.i.k.n.b.AbstractBuilder  com.github.javaparser.resolution.UnsolvedSymbolException: Unsolved symbol in de.uka.ilkd.key.java.JavaParserFactory$DynamicTypeSolver@596fef4f : java.lang.Object
	at com.github.javaparser.resolution.TypeSolver.solveType(TypeSolver.java:71)

45579      ERROR Test worker     d.u.i.k.n.b.TacletPBuilder Error in parsing taclet. de.uka.ilkd.key.util.parsing.BuildingException: Unsolved symbol in de.uka.ilkd.key.java.JavaParserFactory$DynamicTypeSolver@596fef4f : java.lang.Object at file:/home/runner/work/key/key/key.core/build/resources/main/de/uka/ilkd/key/proof/rules/javaRules.key:1949:15
	at de.uka.ilkd.key.nparser.builder.AbstractBuilder.accept(AbstractBuilder.java:54)
Caused by: com.github.javaparser.resolution.UnsolvedSymbolException: Unsolved symbol in de.uka.ilkd.key.java.JavaParserFactory$DynamicTypeSolver@596fef4f : java.lang.Object
	at com.github.javaparser.resolution.TypeSolver.solveType(TypeSolver.java:71)

45580      ERROR Test worker     d.u.i.k.n.b.AbstractBuilder  com.github.javaparser.resolution.UnsolvedSymbolException: Unsolved symbol in de.uka.ilkd.key.java.JavaParserFactory$DynamicTypeSolver@596fef4f : java.lang.Object
	at com.github.javaparser.resolution.TypeSolver.solveType(TypeSolver.java:71)

45580      ERROR Test worker     d.u.i.k.n.b.TacletPBuilder Error in parsing taclet. de.uka.ilkd.key.util.parsing.BuildingException: Unsolved symbol in de.uka.ilkd.key.java.JavaParserFactory$DynamicTypeSolver@596fef4f : java.lang.Object at file:/home/runner/work/key/key/key.core/build/resources/main/de/uka/ilkd/key/proof/rules/javaRules.key:1959:15
	at de.uka.ilkd.key.nparser.builder.AbstractBuilder.accept(AbstractBuilder.java:54)
Caused by: com.github.javaparser.resolution.UnsolvedSymbolException: Unsolved symbol in de.uka.ilkd.key.java.JavaParserFactory$DynamicTypeSolver@596fef4f : java.lang.Object
	at com.github.javaparser.resolution.TypeSolver.solveType(TypeSolver.java:71)

45587      ERROR Test worker     d.u.i.k.n.b.AbstractBuilder  com.github.javaparser.resolution.UnsolvedSymbolException: Unsolved symbol in de.uka.ilkd.key.java.JavaParserFactory$DynamicTypeSolver@596fef4f : java.lang.Object
	at com.github.javaparser.resolution.TypeSolver.solveType(TypeSolver.java:71)

45587      ERROR Test worker     d.u.i.k.n.b.TacletPBuilder Error in parsing taclet. de.uka.ilkd.key.util.parsing.BuildingException: Unsolved symbol in de.uka.ilkd.key.java.JavaParserFactory$DynamicTypeSolver@596fef4f : java.lang.Object at file:/home/runner/work/key/key/key.core/build/resources/main/de/uka/ilkd/key/proof/rules/javaRules.key:1966:15
	at de.uka.ilkd.key.nparser.builder.AbstractBuilder.accept(AbstractBuilder.java:54)
Caused by: com.github.javaparser.resolution.UnsolvedSymbolException: Unsolved symbol in de.uka.ilkd.key.java.JavaParserFactory$DynamicTypeSolver@596fef4f : java.lang.Object
	at com.github.javaparser.resolution.TypeSolver.solveType(TypeSolver.java:71)

45588      ERROR Test worker     d.u.i.k.n.b.AbstractBuilder  com.github.javaparser.resolution.UnsolvedSymbolException: Unsolved symbol in de.uka.ilkd.key.java.JavaParserFactory$DynamicTypeSolver@596fef4f : java.lang.Object
	at com.github.javaparser.resolution.TypeSolver.solveType(TypeSolver.java:71)

45588      ERROR Test worker     d.u.i.k.n.b.TacletPBuilder Error in parsing taclet. de.uka.ilkd.key.util.parsing.BuildingException: Unsolved symbol in de.uka.ilkd.key.java.JavaParserFactory$DynamicTypeSolver@596fef4f : java.lang.Object at file:/home/runner/work/key/key/key.core/build/resources/main/de/uka/ilkd/key/proof/rules/javaRules.key:1978:15
	at de.uka.ilkd.key.nparser.builder.AbstractBuilder.accept(AbstractBuilder.java:54)
Caused by: com.github.javaparser.resolution.UnsolvedSymbolException: Unsolved symbol in de.uka.ilkd.key.java.JavaParserFactory$DynamicTypeSolver@596fef4f : java.lang.Object
	at com.github.javaparser.resolution.TypeSolver.solveType(TypeSolver.java:71)

45590      ERROR Test worker     d.u.i.k.n.b.AbstractBuilder  com.github.javaparser.resolution.UnsolvedSymbolException: Unsolved symbol in de.uka.ilkd.key.java.JavaParserFactory$DynamicTypeSolver@596fef4f : java.lang.Object
	at com.github.javaparser.resolution.TypeSolver.solveType(TypeSolver.java:71)

45590      ERROR Test worker     d.u.i.k.n.b.TacletPBuilder Error in parsing taclet. de.uka.ilkd.key.util.parsing.BuildingException: Unsolved symbol in de.uka.ilkd.key.java.JavaParserFactory$DynamicTypeSolver@596fef4f : java.lang.Object at file:/home/runner/work/key/key/key.core/build/resources/main/de/uka/ilkd/key/proof/rules/javaRules.key:1988:15
	at de.uka.ilkd.key.nparser.builder.AbstractBuilder.accept(AbstractBuilder.java:54)
Caused by: com.github.javaparser.resolution.UnsolvedSymbolException: Unsolved symbol in de.uka.ilkd.key.java.JavaParserFactory$DynamicTypeSolver@596fef4f : java.lang.Object
	at com.github.javaparser.resolution.TypeSolver.solveType(TypeSolver.java:71)

45591      ERROR Test worker     d.u.i.k.n.b.AbstractBuilder  com.github.javaparser.resolution.UnsolvedSymbolException: Unsolved symbol in de.uka.ilkd.key.java.JavaParserFactory$DynamicTypeSolver@596fef4f : java.lang.Object
	at com.github.javaparser.resolution.TypeSolver.solveType(TypeSolver.java:71)

45591      ERROR Test worker     d.u.i.k.n.b.TacletPBuilder Error in parsing taclet. de.uka.ilkd.key.util.parsing.BuildingException: Unsolved symbol in de.uka.ilkd.key.java.JavaParserFactory$DynamicTypeSolver@596fef4f : java.lang.Object at file:/home/runner/work/key/key/key.core/build/resources/main/de/uka/ilkd/key/proof/rules/javaRules.key:1995:15
	at de.uka.ilkd.key.nparser.builder.AbstractBuilder.accept(AbstractBuilder.java:54)
Caused by: com.github.javaparser.resolution.UnsolvedSymbolException: Unsolved symbol in de.uka.ilkd.key.java.JavaParserFactory$DynamicTypeSolver@596fef4f : java.lang.Object
	at com.github.javaparser.resolution.TypeSolver.solveType(TypeSolver.java:71)

45598      ERROR Test worker     d.u.i.k.n.b.AbstractBuilder  com.github.javaparser.resolution.UnsolvedSymbolException: Unsolved symbol in de.uka.ilkd.key.java.JavaParserFactory$DynamicTypeSolver@596fef4f : java.lang.Object
	at com.github.javaparser.resolution.TypeSolver.solveType(TypeSolver.java:71)

45598      ERROR Test worker     d.u.i.k.n.b.TacletPBuilder Error in parsing taclet. de.uka.ilkd.key.util.parsing.BuildingException: Unsolved symbol in de.uka.ilkd.key.java.JavaParserFactory$DynamicTypeSolver@596fef4f : java.lang.Object at file:/home/runner/work/key/key/key.core/build/resources/main/de/uka/ilkd/key/proof/rules/javaRules.key:2007:15
	at de.uka.ilkd.key.nparser.builder.AbstractBuilder.accept(AbstractBuilder.java:54)
Caused by: com.github.javaparser.resolution.UnsolvedSymbolException: Unsolved symbol in de.uka.ilkd.key.java.JavaParserFactory$DynamicTypeSolver@596fef4f : java.lang.Object
	at com.github.javaparser.resolution.TypeSolver.solveType(TypeSolver.java:71)

45599      ERROR Test worker     d.u.i.k.n.b.AbstractBuilder  com.github.javaparser.resolution.UnsolvedSymbolException: Unsolved symbol in de.uka.ilkd.key.java.JavaParserFactory$DynamicTypeSolver@596fef4f : java.lang.Object
	at com.github.javaparser.resolution.TypeSolver.solveType(TypeSolver.java:71)

45599      ERROR Test worker     d.u.i.k.n.b.TacletPBuilder Error in parsing taclet. de.uka.ilkd.key.util.parsing.BuildingException: Unsolved symbol in de.uka.ilkd.key.java.JavaParserFactory$DynamicTypeSolver@596fef4f : java.lang.Object at file:/home/runner/work/key/key/key.core/build/resources/main/de/uka/ilkd/key/proof/rules/javaRules.key:2017:15
	at de.uka.ilkd.key.nparser.builder.AbstractBuilder.accept(AbstractBuilder.java:54)
Caused by: com.github.javaparser.resolution.UnsolvedSymbolException: Unsolved symbol in de.uka.ilkd.key.java.JavaParserFactory$DynamicTypeSolver@596fef4f : java.lang.Object
	at com.github.javaparser.resolution.TypeSolver.solveType(TypeSolver.java:71)

45601      ERROR Test worker     d.u.i.k.n.b.AbstractBuilder  com.github.javaparser.resolution.UnsolvedSymbolException: Unsolved symbol in de.uka.ilkd.key.java.JavaParserFactory$DynamicTypeSolver@596fef4f : java.lang.Object
	at com.github.javaparser.resolution.TypeSolver.solveType(TypeSolver.java:71)

45601      ERROR Test worker     d.u.i.k.n.b.TacletPBuilder Error in parsing taclet. de.uka.ilkd.key.util.parsing.BuildingException: Unsolved symbol in de.uka.ilkd.key.java.JavaParserFactory$DynamicTypeSolver@596fef4f : java.lang.Object at file:/home/runner/work/key/key/key.core/build/resources/main/de/uka/ilkd/key/proof/rules/javaRules.key:2024:15
	at de.uka.ilkd.key.nparser.builder.AbstractBuilder.accept(AbstractBuilder.java:54)
Caused by: com.github.javaparser.resolution.UnsolvedSymbolException: Unsolved symbol in de.uka.ilkd.key.java.JavaParserFactory$DynamicTypeSolver@596fef4f : java.lang.Object
	at com.github.javaparser.resolution.TypeSolver.solveType(TypeSolver.java:71)

45613      ERROR Test worker     d.u.i.k.n.b.AbstractBuilder  com.github.javaparser.resolution.UnsolvedSymbolException: Unsolved symbol in de.uka.ilkd.key.java.JavaParserFactory$DynamicTypeSolver@596fef4f : java.lang.Object
	at com.github.javaparser.resolution.TypeSolver.solveType(TypeSolver.java:71)

45613      ERROR Test worker     d.u.i.k.n.b.TacletPBuilder Error in parsing taclet. de.uka.ilkd.key.util.parsing.BuildingException: Unsolved symbol in de.uka.ilkd.key.java.JavaParserFactory$DynamicTypeSolver@596fef4f : java.lang.Object at file:/home/runner/work/key/key/key.core/build/resources/main/de/uka/ilkd/key/proof/rules/javaRules.key:2036:15
	at de.uka.ilkd.key.nparser.builder.AbstractBuilder.accept(AbstractBuilder.java:54)
Caused by: com.github.javaparser.resolution.UnsolvedSymbolException: Unsolved symbol in de.uka.ilkd.key.java.JavaParserFactory$DynamicTypeSolver@596fef4f : java.lang.Object
	at com.github.javaparser.resolution.TypeSolver.solveType(TypeSolver.java:71)

45614      ERROR Test worker     d.u.i.k.n.b.AbstractBuilder  com.github.javaparser.resolution.UnsolvedSymbolException: Unsolved symbol in de.uka.ilkd.key.java.JavaParserFactory$DynamicTypeSolver@596fef4f : java.lang.Object
	at com.github.javaparser.resolution.TypeSolver.solveType(TypeSolver.java:71)

45615      ERROR Test worker     d.u.i.k.n.b.TacletPBuilder Error in parsing taclet. de.uka.ilkd.key.util.parsing.BuildingException: Unsolved symbol in de.uka.ilkd.key.java.JavaParserFactory$DynamicTypeSolver@596fef4f : java.lang.Object at file:/home/runner/work/key/key/key.core/build/resources/main/de/uka/ilkd/key/proof/rules/javaRules.key:2046:15
	at de.uka.ilkd.key.nparser.builder.AbstractBuilder.accept(AbstractBuilder.java:54)
Caused by: com.github.javaparser.resolution.UnsolvedSymbolException: Unsolved symbol in de.uka.ilkd.key.java.JavaParserFactory$DynamicTypeSolver@596fef4f : java.lang.Object
	at com.github.javaparser.resolution.TypeSolver.solveType(TypeSolver.java:71)

45616      ERROR Test worker     d.u.i.k.n.b.AbstractBuilder  com.github.javaparser.resolution.UnsolvedSymbolException: Unsolved symbol in de.uka.ilkd.key.java.JavaParserFactory$DynamicTypeSolver@596fef4f : java.lang.Object
	at com.github.javaparser.resolution.TypeSolver.solveType(TypeSolver.java:71)

45616      ERROR Test worker     d.u.i.k.n.b.TacletPBuilder Error in parsing taclet. de.uka.ilkd.key.util.parsing.BuildingException: Unsolved symbol in de.uka.ilkd.key.java.JavaParserFactory$DynamicTypeSolver@596fef4f : java.lang.Object at file:/home/runner/work/key/key/key.core/build/resources/main/de/uka/ilkd/key/proof/rules/javaRules.key:2053:15
	at de.uka.ilkd.key.nparser.builder.AbstractBuilder.accept(AbstractBuilder.java:54)
Caused by: com.github.javaparser.resolution.UnsolvedSymbolException: Unsolved symbol in de.uka.ilkd.key.java.JavaParserFactory$DynamicTypeSolver@596fef4f : java.lang.Object
	at com.github.javaparser.resolution.TypeSolver.solveType(TypeSolver.java:71)

45620      ERROR Test worker     d.u.i.k.n.b.AbstractBuilder  com.github.javaparser.resolution.UnsolvedSymbolException: Unsolved symbol in de.uka.ilkd.key.java.JavaParserFactory$DynamicTypeSolver@596fef4f : java.lang.Object
	at com.github.javaparser.resolution.TypeSolver.solveType(TypeSolver.java:71)

45620      ERROR Test worker     d.u.i.k.n.b.TacletPBuilder Error in parsing taclet. de.uka.ilkd.key.util.parsing.BuildingException: Unsolved symbol in de.uka.ilkd.key.java.JavaParserFactory$DynamicTypeSolver@596fef4f : java.lang.Object at file:/home/runner/work/key/key/key.core/build/resources/main/de/uka/ilkd/key/proof/rules/javaRules.key:2065:15
	at de.uka.ilkd.key.nparser.builder.AbstractBuilder.accept(AbstractBuilder.java:54)
Caused by: com.github.javaparser.resolution.UnsolvedSymbolException: Unsolved symbol in de.uka.ilkd.key.java.JavaParserFactory$DynamicTypeSolver@596fef4f : java.lang.Object
	at com.github.javaparser.resolution.TypeSolver.solveType(TypeSolver.java:71)

45622      ERROR Test worker     d.u.i.k.n.b.AbstractBuilder  com.github.javaparser.resolution.UnsolvedSymbolException: Unsolved symbol in de.uka.ilkd.key.java.JavaParserFactory$DynamicTypeSolver@596fef4f : java.lang.Object
	at com.github.javaparser.resolution.TypeSolver.solveType(TypeSolver.java:71)

45622      ERROR Test worker     d.u.i.k.n.b.TacletPBuilder Error in parsing taclet. de.uka.ilkd.key.util.parsing.BuildingException: Unsolved symbol in de.uka.ilkd.key.java.JavaParserFactory$DynamicTypeSolver@596fef4f : java.lang.Object at file:/home/runner/work/key/key/key.core/build/resources/main/de/uka/ilkd/key/proof/rules/javaRules.key:2075:15
	at de.uka.ilkd.key.nparser.builder.AbstractBuilder.accept(AbstractBuilder.java:54)
Caused by: com.github.javaparser.resolution.UnsolvedSymbolException: Unsolved symbol in de.uka.ilkd.key.java.JavaParserFactory$DynamicTypeSolver@596fef4f : java.lang.Object
	at com.github.javaparser.resolution.TypeSolver.solveType(TypeSolver.java:71)

45628      ERROR Test worker     d.u.i.k.n.b.AbstractBuilder  com.github.javaparser.resolution.UnsolvedSymbolException: Unsolved symbol in de.uka.ilkd.key.java.JavaParserFactory$DynamicTypeSolver@596fef4f : java.lang.Object
	at com.github.javaparser.resolution.TypeSolver.solveType(TypeSolver.java:71)

45628      ERROR Test worker     d.u.i.k.n.b.TacletPBuilder Error in parsing taclet. de.uka.ilkd.key.util.parsing.BuildingException: Unsolved symbol in de.uka.ilkd.key.java.JavaParserFactory$DynamicTypeSolver@596fef4f : java.lang.Object at file:/home/runner/work/key/key/key.core/build/resources/main/de/uka/ilkd/key/proof/rules/javaRules.key:2082:15
	at de.uka.ilkd.key.nparser.builder.AbstractBuilder.accept(AbstractBuilder.java:54)
Caused by: com.github.javaparser.resolution.UnsolvedSymbolException: Unsolved symbol in de.uka.ilkd.key.java.JavaParserFactory$DynamicTypeSolver@596fef4f : java.lang.Object
	at com.github.javaparser.resolution.TypeSolver.solveType(TypeSolver.java:71)

45629      ERROR Test worker     d.u.i.k.n.b.AbstractBuilder  com.github.javaparser.resolution.UnsolvedSymbolException: Unsolved symbol in de.uka.ilkd.key.java.JavaParserFactory$DynamicTypeSolver@596fef4f : java.lang.Object
	at com.github.javaparser.resolution.TypeSolver.solveType(TypeSolver.java:71)

45630      ERROR Test worker     d.u.i.k.n.b.TacletPBuilder Error in parsing taclet. de.uka.ilkd.key.util.parsing.BuildingException: Unsolved symbol in de.uka.ilkd.key.java.JavaParserFactory$DynamicTypeSolver@596fef4f : java.lang.Object at file:/home/runner/work/key/key/key.core/build/resources/main/de/uka/ilkd/key/proof/rules/javaRules.key:2094:15
	at de.uka.ilkd.key.nparser.builder.AbstractBuilder.accept(AbstractBuilder.java:54)
Caused by: com.github.javaparser.resolution.UnsolvedSymbolException: Unsolved symbol in de.uka.ilkd.key.java.JavaParserFactory$DynamicTypeSolver@596fef4f : java.lang.Object
	at com.github.javaparser.resolution.TypeSolver.solveType(TypeSolver.java:71)

45634      ERROR Test worker     d.u.i.k.n.b.AbstractBuilder  com.github.javaparser.resolution.UnsolvedSymbolException: Unsolved symbol in de.uka.ilkd.key.java.JavaParserFactory$DynamicTypeSolver@596fef4f : java.lang.Object
	at com.github.javaparser.resolution.TypeSolver.solveType(TypeSolver.java:71)

45634      ERROR Test worker     d.u.i.k.n.b.TacletPBuilder Error in parsing taclet. de.uka.ilkd.key.util.parsing.BuildingException: Unsolved symbol in de.uka.ilkd.key.java.JavaParserFactory$DynamicTypeSolver@596fef4f : java.lang.Object at file:/home/runner/work/key/key/key.core/build/resources/main/de/uka/ilkd/key/proof/rules/javaRules.key:2104:15
	at de.uka.ilkd.key.nparser.builder.AbstractBuilder.accept(AbstractBuilder.java:54)
Caused by: com.github.javaparser.resolution.UnsolvedSymbolException: Unsolved symbol in de.uka.ilkd.key.java.JavaParserFactory$DynamicTypeSolver@596fef4f : java.lang.Object
	at com.github.javaparser.resolution.TypeSolver.solveType(TypeSolver.java:71)

45635      ERROR Test worker     d.u.i.k.n.b.AbstractBuilder  com.github.javaparser.resolution.UnsolvedSymbolException: Unsolved symbol in de.uka.ilkd.key.java.JavaParserFactory$DynamicTypeSolver@596fef4f : java.lang.Object
	at com.github.javaparser.resolution.TypeSolver.solveType(TypeSolver.java:71)

45636      ERROR Test worker     d.u.i.k.n.b.TacletPBuilder Error in parsing taclet. de.uka.ilkd.key.util.parsing.BuildingException: Unsolved symbol in de.uka.ilkd.key.java.JavaParserFactory$DynamicTypeSolver@596fef4f : java.lang.Object at file:/home/runner/work/key/key/key.core/build/resources/main/de/uka/ilkd/key/proof/rules/javaRules.key:2111:15
	at de.uka.ilkd.key.nparser.builder.AbstractBuilder.accept(AbstractBuilder.java:54)
Caused by: com.github.javaparser.resolution.UnsolvedSymbolException: Unsolved symbol in de.uka.ilkd.key.java.JavaParserFactory$DynamicTypeSolver@596fef4f : java.lang.Object
	at com.github.javaparser.resolution.TypeSolver.solveType(TypeSolver.java:71)

45643      ERROR Test worker     d.u.i.k.n.b.AbstractBuilder  com.github.javaparser.resolution.UnsolvedSymbolException: Unsolved symbol in de.uka.ilkd.key.java.JavaParserFactory$DynamicTypeSolver@596fef4f : java.lang.Object
	at com.github.javaparser.resolution.TypeSolver.solveType(TypeSolver.java:71)

45643      ERROR Test worker     d.u.i.k.n.b.TacletPBuilder Error in parsing taclet. de.uka.ilkd.key.util.parsing.BuildingException: Unsolved symbol in de.uka.ilkd.key.java.JavaParserFactory$DynamicTypeSolver@596fef4f : java.lang.Object at file:/home/runner/work/key/key/key.core/build/resources/main/de/uka/ilkd/key/proof/rules/javaRules.key:2123:15
	at de.uka.ilkd.key.nparser.builder.AbstractBuilder.accept(AbstractBuilder.java:54)
Caused by: com.github.javaparser.resolution.UnsolvedSymbolException: Unsolved symbol in de.uka.ilkd.key.java.JavaParserFactory$DynamicTypeSolver@596fef4f : java.lang.Object
	at com.github.javaparser.resolution.TypeSolver.solveType(TypeSolver.java:71)

45645      ERROR Test worker     d.u.i.k.n.b.AbstractBuilder  com.github.javaparser.resolution.UnsolvedSymbolException: Unsolved symbol in de.uka.ilkd.key.java.JavaParserFactory$DynamicTypeSolver@596fef4f : java.lang.Object
	at com.github.javaparser.resolution.TypeSolver.solveType(TypeSolver.java:71)

45645      ERROR Test worker     d.u.i.k.n.b.TacletPBuilder Error in parsing taclet. de.uka.ilkd.key.util.parsing.BuildingException: Unsolved symbol in de.uka.ilkd.key.java.JavaParserFactory$DynamicTypeSolver@596fef4f : java.lang.Object at file:/home/runner/work/key/key/key.core/build/resources/main/de/uka/ilkd/key/proof/rules/javaRules.key:2133:15
	at de.uka.ilkd.key.nparser.builder.AbstractBuilder.accept(AbstractBuilder.java:54)
Caused by: com.github.javaparser.resolution.UnsolvedSymbolException: Unsolved symbol in de.uka.ilkd.key.java.JavaParserFactory$DynamicTypeSolver@596fef4f : java.lang.Object
	at com.github.javaparser.resolution.TypeSolver.solveType(TypeSolver.java:71)

45647      ERROR Test worker     d.u.i.k.n.b.AbstractBuilder  com.github.javaparser.resolution.UnsolvedSymbolException: Unsolved symbol in de.uka.ilkd.key.java.JavaParserFactory$DynamicTypeSolver@596fef4f : java.lang.Object
	at com.github.javaparser.resolution.TypeSolver.solveType(TypeSolver.java:71)

45653      ERROR Test worker     d.u.i.k.n.b.TacletPBuilder Error in parsing taclet. de.uka.ilkd.key.util.parsing.BuildingException: Unsolved symbol in de.uka.ilkd.key.java.JavaParserFactory$DynamicTypeSolver@596fef4f : java.lang.Object at file:/home/runner/work/key/key/key.core/build/resources/main/de/uka/ilkd/key/proof/rules/javaRules.key:2140:15
	at de.uka.ilkd.key.nparser.builder.AbstractBuilder.accept(AbstractBuilder.java:54)
Caused by: com.github.javaparser.resolution.UnsolvedSymbolException: Unsolved symbol in de.uka.ilkd.key.java.JavaParserFactory$DynamicTypeSolver@596fef4f : java.lang.Object
	at com.github.javaparser.resolution.TypeSolver.solveType(TypeSolver.java:71)

45654      ERROR Test worker     d.u.i.k.n.b.AbstractBuilder  com.github.javaparser.resolution.UnsolvedSymbolException: Unsolved symbol in de.uka.ilkd.key.java.JavaParserFactory$DynamicTypeSolver@596fef4f : java.lang.Object
	at com.github.javaparser.resolution.TypeSolver.solveType(TypeSolver.java:71)

45655      ERROR Test worker     d.u.i.k.n.b.TacletPBuilder Error in parsing taclet. de.uka.ilkd.key.util.parsing.BuildingException: Unsolved symbol in de.uka.ilkd.key.java.JavaParserFactory$DynamicTypeSolver@596fef4f : java.lang.Object at file:/home/runner/work/key/key/key.core/build/resources/main/de/uka/ilkd/key/proof/rules/javaRules.key:2152:15
	at de.uka.ilkd.key.nparser.builder.AbstractBuilder.accept(AbstractBuilder.java:54)
Caused by: com.github.javaparser.resolution.UnsolvedSymbolException: Unsolved symbol in de.uka.ilkd.key.java.JavaParserFactory$DynamicTypeSolver@596fef4f : java.lang.Object
	at com.github.javaparser.resolution.TypeSolver.solveType(TypeSolver.java:71)

45656      ERROR Test worker     d.u.i.k.n.b.AbstractBuilder  com.github.javaparser.resolution.UnsolvedSymbolException: Unsolved symbol in de.uka.ilkd.key.java.JavaParserFactory$DynamicTypeSolver@596fef4f : java.lang.Object
	at com.github.javaparser.resolution.TypeSolver.solveType(TypeSolver.java:71)

45656      ERROR Test worker     d.u.i.k.n.b.TacletPBuilder Error in parsing taclet. de.uka.ilkd.key.util.parsing.BuildingException: Unsolved symbol in de.uka.ilkd.key.java.JavaParserFactory$DynamicTypeSolver@596fef4f : java.lang.Object at file:/home/runner/work/key/key/key.core/build/resources/main/de/uka/ilkd/key/proof/rules/javaRules.key:2162:15
	at de.uka.ilkd.key.nparser.builder.AbstractBuilder.accept(AbstractBuilder.java:54)
Caused by: com.github.javaparser.resolution.UnsolvedSymbolException: Unsolved symbol in de.uka.ilkd.key.java.JavaParserFactory$DynamicTypeSolver@596fef4f : java.lang.Object
	at com.github.javaparser.resolution.TypeSolver.solveType(TypeSolver.java:71)

45658      ERROR Test worker     d.u.i.k.n.b.AbstractBuilder  com.github.javaparser.resolution.UnsolvedSymbolException: Unsolved symbol in de.uka.ilkd.key.java.JavaParserFactory$DynamicTypeSolver@596fef4f : java.lang.Object
	at com.github.javaparser.resolution.TypeSolver.solveType(TypeSolver.java:71)

45658      ERROR Test worker     d.u.i.k.n.b.TacletPBuilder Error in parsing taclet. de.uka.ilkd.key.util.parsing.BuildingException: Unsolved symbol in de.uka.ilkd.key.java.JavaParserFactory$DynamicTypeSolver@596fef4f : java.lang.Object at file:/home/runner/work/key/key/key.core/build/resources/main/de/uka/ilkd/key/proof/rules/javaRules.key:2169:15
	at de.uka.ilkd.key.nparser.builder.AbstractBuilder.accept(AbstractBuilder.java:54)
Caused by: com.github.javaparser.resolution.UnsolvedSymbolException: Unsolved symbol in de.uka.ilkd.key.java.JavaParserFactory$DynamicTypeSolver@596fef4f : java.lang.Object
	at com.github.javaparser.resolution.TypeSolver.solveType(TypeSolver.java:71)

45659      ERROR Test worker     d.u.i.k.n.b.AbstractBuilder  com.github.javaparser.resolution.UnsolvedSymbolException: Unsolved symbol in de.uka.ilkd.key.java.JavaParserFactory$DynamicTypeSolver@596fef4f : java.lang.Object
	at com.github.javaparser.resolution.TypeSolver.solveType(TypeSolver.java:71)

45659      ERROR Test worker     d.u.i.k.n.b.TacletPBuilder Error in parsing taclet. de.uka.ilkd.key.util.parsing.BuildingException: Unsolved symbol in de.uka.ilkd.key.java.JavaParserFactory$DynamicTypeSolver@596fef4f : java.lang.Object at file:/home/runner/work/key/key/key.core/build/resources/main/de/uka/ilkd/key/proof/rules/javaRules.key:2181:15
	at de.uka.ilkd.key.nparser.builder.AbstractBuilder.accept(AbstractBuilder.java:54)
Caused by: com.github.javaparser.resolution.UnsolvedSymbolException: Unsolved symbol in de.uka.ilkd.key.java.JavaParserFactory$DynamicTypeSolver@596fef4f : java.lang.Object
	at com.github.javaparser.resolution.TypeSolver.solveType(TypeSolver.java:71)

45661      ERROR Test worker     d.u.i.k.n.b.AbstractBuilder  com.github.javaparser.resolution.UnsolvedSymbolException: Unsolved symbol in de.uka.ilkd.key.java.JavaParserFactory$DynamicTypeSolver@596fef4f : java.lang.Object
	at com.github.javaparser.resolution.TypeSolver.solveType(TypeSolver.java:71)

45661      ERROR Test worker     d.u.i.k.n.b.TacletPBuilder Error in parsing taclet. de.uka.ilkd.key.util.parsing.BuildingException: Unsolved symbol in de.uka.ilkd.key.java.JavaParserFactory$DynamicTypeSolver@596fef4f : java.lang.Object at file:/home/runner/work/key/key/key.core/build/resources/main/de/uka/ilkd/key/proof/rules/javaRules.key:2191:15
	at de.uka.ilkd.key.nparser.builder.AbstractBuilder.accept(AbstractBuilder.java:54)
Caused by: com.github.javaparser.resolution.UnsolvedSymbolException: Unsolved symbol in de.uka.ilkd.key.java.JavaParserFactory$DynamicTypeSolver@596fef4f : java.lang.Object
	at com.github.javaparser.resolution.TypeSolver.solveType(TypeSolver.java:71)

45662      ERROR Test worker     d.u.i.k.n.b.AbstractBuilder  com.github.javaparser.resolution.UnsolvedSymbolException: Unsolved symbol in de.uka.ilkd.key.java.JavaParserFactory$DynamicTypeSolver@596fef4f : java.lang.Object
	at com.github.javaparser.resolution.TypeSolver.solveType(TypeSolver.java:71)

45663      ERROR Test worker     d.u.i.k.n.b.TacletPBuilder Error in parsing taclet. de.uka.ilkd.key.util.parsing.BuildingException: Unsolved symbol in de.uka.ilkd.key.java.JavaParserFactory$DynamicTypeSolver@596fef4f : java.lang.Object at file:/home/runner/work/key/key/key.core/build/resources/main/de/uka/ilkd/key/proof/rules/javaRules.key:2198:15
	at de.uka.ilkd.key.nparser.builder.AbstractBuilder.accept(AbstractBuilder.java:54)
Caused by: com.github.javaparser.resolution.UnsolvedSymbolException: Unsolved symbol in de.uka.ilkd.key.java.JavaParserFactory$DynamicTypeSolver@596fef4f : java.lang.Object
	at com.github.javaparser.resolution.TypeSolver.solveType(TypeSolver.java:71)

45674      ERROR Test worker     d.u.i.k.n.b.AbstractBuilder  com.github.javaparser.resolution.UnsolvedSymbolException: Unsolved symbol in de.uka.ilkd.key.java.JavaParserFactory$DynamicTypeSolver@596fef4f : java.lang.Object
	at com.github.javaparser.resolution.TypeSolver.solveType(TypeSolver.java:71)

45675      ERROR Test worker     d.u.i.k.n.b.TacletPBuilder Error in parsing taclet. de.uka.ilkd.key.util.parsing.BuildingException: Unsolved symbol in de.uka.ilkd.key.java.JavaParserFactory$DynamicTypeSolver@596fef4f : java.lang.Object at file:/home/runner/work/key/key/key.core/build/resources/main/de/uka/ilkd/key/proof/rules/javaRules.key:2210:15
	at de.uka.ilkd.key.nparser.builder.AbstractBuilder.accept(AbstractBuilder.java:54)
Caused by: com.github.javaparser.resolution.UnsolvedSymbolException: Unsolved symbol in de.uka.ilkd.key.java.JavaParserFactory$DynamicTypeSolver@596fef4f : java.lang.Object
	at com.github.javaparser.resolution.TypeSolver.solveType(TypeSolver.java:71)

45676      ERROR Test worker     d.u.i.k.n.b.AbstractBuilder  com.github.javaparser.resolution.UnsolvedSymbolException: Unsolved symbol in de.uka.ilkd.key.java.JavaParserFactory$DynamicTypeSolver@596fef4f : java.lang.Object
	at com.github.javaparser.resolution.TypeSolver.solveType(TypeSolver.java:71)

45676      ERROR Test worker     d.u.i.k.n.b.TacletPBuilder Error in parsing taclet. de.uka.ilkd.key.util.parsing.BuildingException: Unsolved symbol in de.uka.ilkd.key.java.JavaParserFactory$DynamicTypeSolver@596fef4f : java.lang.Object at file:/home/runner/work/key/key/key.core/build/resources/main/de/uka/ilkd/key/proof/rules/javaRules.key:2220:15
	at de.uka.ilkd.key.nparser.builder.AbstractBuilder.accept(AbstractBuilder.java:54)
Caused by: com.github.javaparser.resolution.UnsolvedSymbolException: Unsolved symbol in de.uka.ilkd.key.java.JavaParserFactory$DynamicTypeSolver@596fef4f : java.lang.Object
	at com.github.javaparser.resolution.TypeSolver.solveType(TypeSolver.java:71)

45678      ERROR Test worker     d.u.i.k.n.b.AbstractBuilder  com.github.javaparser.resolution.UnsolvedSymbolException: Unsolved symbol in de.uka.ilkd.key.java.JavaParserFactory$DynamicTypeSolver@596fef4f : java.lang.Object
	at com.github.javaparser.resolution.TypeSolver.solveType(TypeSolver.java:71)

45678      ERROR Test worker     d.u.i.k.n.b.TacletPBuilder Error in parsing taclet. de.uka.ilkd.key.util.parsing.BuildingException: Unsolved symbol in de.uka.ilkd.key.java.JavaParserFactory$DynamicTypeSolver@596fef4f : java.lang.Object at file:/home/runner/work/key/key/key.core/build/resources/main/de/uka/ilkd/key/proof/rules/javaRules.key:2227:15
	at de.uka.ilkd.key.nparser.builder.AbstractBuilder.accept(AbstractBuilder.java:54)
Caused by: com.github.javaparser.resolution.UnsolvedSymbolException: Unsolved symbol in de.uka.ilkd.key.java.JavaParserFactory$DynamicTypeSolver@596fef4f : java.lang.Object
	at com.github.javaparser.resolution.TypeSolver.solveType(TypeSolver.java:71)

45679      ERROR Test worker     d.u.i.k.n.b.AbstractBuilder  com.github.javaparser.resolution.UnsolvedSymbolException: Unsolved symbol in de.uka.ilkd.key.java.JavaParserFactory$DynamicTypeSolver@596fef4f : java.lang.Object
	at com.github.javaparser.resolution.TypeSolver.solveType(TypeSolver.java:71)

45679      ERROR Test worker     d.u.i.k.n.b.TacletPBuilder Error in parsing taclet. de.uka.ilkd.key.util.parsing.BuildingException: Unsolved symbol in de.uka.ilkd.key.java.JavaParserFactory$DynamicTypeSolver@596fef4f : java.lang.Object at file:/home/runner/work/key/key/key.core/build/resources/main/de/uka/ilkd/key/proof/rules/javaRules.key:2239:15
	at de.uka.ilkd.key.nparser.builder.AbstractBuilder.accept(AbstractBuilder.java:54)
Caused by: com.github.javaparser.resolution.UnsolvedSymbolException: Unsolved symbol in de.uka.ilkd.key.java.JavaParserFactory$DynamicTypeSolver@596fef4f : java.lang.Object
	at com.github.javaparser.resolution.TypeSolver.solveType(TypeSolver.java:71)

45681      ERROR Test worker     d.u.i.k.n.b.AbstractBuilder  com.github.javaparser.resolution.UnsolvedSymbolException: Unsolved symbol in de.uka.ilkd.key.java.JavaParserFactory$DynamicTypeSolver@596fef4f : java.lang.Object
	at com.github.javaparser.resolution.TypeSolver.solveType(TypeSolver.java:71)

45681      ERROR Test worker     d.u.i.k.n.b.TacletPBuilder Error in parsing taclet. de.uka.ilkd.key.util.parsing.BuildingException: Unsolved symbol in de.uka.ilkd.key.java.JavaParserFactory$DynamicTypeSolver@596fef4f : java.lang.Object at file:/home/runner/work/key/key/key.core/build/resources/main/de/uka/ilkd/key/proof/rules/javaRules.key:2249:15
	at de.uka.ilkd.key.nparser.builder.AbstractBuilder.accept(AbstractBuilder.java:54)
Caused by: com.github.javaparser.resolution.UnsolvedSymbolException: Unsolved symbol in de.uka.ilkd.key.java.JavaParserFactory$DynamicTypeSolver@596fef4f : java.lang.Object
	at com.github.javaparser.resolution.TypeSolver.solveType(TypeSolver.java:71)

45683      ERROR Test worker     d.u.i.k.n.b.AbstractBuilder  com.github.javaparser.resolution.UnsolvedSymbolException: Unsolved symbol in de.uka.ilkd.key.java.JavaParserFactory$DynamicTypeSolver@596fef4f : java.lang.Object
	at com.github.javaparser.resolution.TypeSolver.solveType(TypeSolver.java:71)

45683      ERROR Test worker     d.u.i.k.n.b.TacletPBuilder Error in parsing taclet. de.uka.ilkd.key.util.parsing.BuildingException: Unsolved symbol in de.uka.ilkd.key.java.JavaParserFactory$DynamicTypeSolver@596fef4f : java.lang.Object at file:/home/runner/work/key/key/key.core/build/resources/main/de/uka/ilkd/key/proof/rules/javaRules.key:2256:15
	at de.uka.ilkd.key.nparser.builder.AbstractBuilder.accept(AbstractBuilder.java:54)
Caused by: com.github.javaparser.resolution.UnsolvedSymbolException: Unsolved symbol in de.uka.ilkd.key.java.JavaParserFactory$DynamicTypeSolver@596fef4f : java.lang.Object
	at com.github.javaparser.resolution.TypeSolver.solveType(TypeSolver.java:71)

45695      ERROR Test worker     d.u.i.k.n.b.AbstractBuilder  com.github.javaparser.resolution.UnsolvedSymbolException: Unsolved symbol in de.uka.ilkd.key.java.JavaParserFactory$DynamicTypeSolver@596fef4f : java.lang.Object
	at com.github.javaparser.resolution.TypeSolver.solveType(TypeSolver.java:71)

45695      ERROR Test worker     d.u.i.k.n.b.TacletPBuilder Error in parsing taclet. de.uka.ilkd.key.util.parsing.BuildingException: Unsolved symbol in de.uka.ilkd.key.java.JavaParserFactory$DynamicTypeSolver@596fef4f : java.lang.Object at file:/home/runner/work/key/key/key.core/build/resources/main/de/uka/ilkd/key/proof/rules/javaRules.key:2268:15
	at de.uka.ilkd.key.nparser.builder.AbstractBuilder.accept(AbstractBuilder.java:54)
Caused by: com.github.javaparser.resolution.UnsolvedSymbolException: Unsolved symbol in de.uka.ilkd.key.java.JavaParserFactory$DynamicTypeSolver@596fef4f : java.lang.Object
	at com.github.javaparser.resolution.TypeSolver.solveType(TypeSolver.java:71)

45696      ERROR Test worker     d.u.i.k.n.b.AbstractBuilder  com.github.javaparser.resolution.UnsolvedSymbolException: Unsolved symbol in de.uka.ilkd.key.java.JavaParserFactory$DynamicTypeSolver@596fef4f : java.lang.Object
	at com.github.javaparser.resolution.TypeSolver.solveType(TypeSolver.java:71)

45697      ERROR Test worker     d.u.i.k.n.b.TacletPBuilder Error in parsing taclet. de.uka.ilkd.key.util.parsing.BuildingException: Unsolved symbol in de.uka.ilkd.key.java.JavaParserFactory$DynamicTypeSolver@596fef4f : java.lang.Object at file:/home/runner/work/key/key/key.core/build/resources/main/de/uka/ilkd/key/proof/rules/javaRules.key:2278:15
	at de.uka.ilkd.key.nparser.builder.AbstractBuilder.accept(AbstractBuilder.java:54)
Caused by: com.github.javaparser.resolution.UnsolvedSymbolException: Unsolved symbol in de.uka.ilkd.key.java.JavaParserFactory$DynamicTypeSolver@596fef4f : java.lang.Object
	at com.github.javaparser.resolution.TypeSolver.solveType(TypeSolver.java:71)

45698      ERROR Test worker     d.u.i.k.n.b.AbstractBuilder  com.github.javaparser.resolution.UnsolvedSymbolException: Unsolved symbol in de.uka.ilkd.key.java.JavaParserFactory$DynamicTypeSolver@596fef4f : java.lang.Object
	at com.github.javaparser.resolution.TypeSolver.solveType(TypeSolver.java:71)

45698      ERROR Test worker     d.u.i.k.n.b.TacletPBuilder Error in parsing taclet. de.uka.ilkd.key.util.parsing.BuildingException: Unsolved symbol in de.uka.ilkd.key.java.JavaParserFactory$DynamicTypeSolver@596fef4f : java.lang.Object at file:/home/runner/work/key/key/key.core/build/resources/main/de/uka/ilkd/key/proof/rules/javaRules.key:2289:15
	at de.uka.ilkd.key.nparser.builder.AbstractBuilder.accept(AbstractBuilder.java:54)
Caused by: com.github.javaparser.resolution.UnsolvedSymbolException: Unsolved symbol in de.uka.ilkd.key.java.JavaParserFactory$DynamicTypeSolver@596fef4f : java.lang.Object
	at com.github.javaparser.resolution.TypeSolver.solveType(TypeSolver.java:71)

45700      ERROR Test worker     d.u.i.k.n.b.AbstractBuilder  com.github.javaparser.resolution.UnsolvedSymbolException: Unsolved symbol in de.uka.ilkd.key.java.JavaParserFactory$DynamicTypeSolver@596fef4f : java.lang.Object
	at com.github.javaparser.resolution.TypeSolver.solveType(TypeSolver.java:71)

45700      ERROR Test worker     d.u.i.k.n.b.TacletPBuilder Error in parsing taclet. de.uka.ilkd.key.util.parsing.BuildingException: Unsolved symbol in de.uka.ilkd.key.java.JavaParserFactory$DynamicTypeSolver@596fef4f : java.lang.Object at file:/home/runner/work/key/key/key.core/build/resources/main/de/uka/ilkd/key/proof/rules/javaRules.key:2295:15
	at de.uka.ilkd.key.nparser.builder.AbstractBuilder.accept(AbstractBuilder.java:54)
Caused by: com.github.javaparser.resolution.UnsolvedSymbolException: Unsolved symbol in de.uka.ilkd.key.java.JavaParserFactory$DynamicTypeSolver@596fef4f : java.lang.Object
	at com.github.javaparser.resolution.TypeSolver.solveType(TypeSolver.java:71)

45701      ERROR Test worker     d.u.i.k.n.b.AbstractBuilder  com.github.javaparser.resolution.UnsolvedSymbolException: Unsolved symbol in de.uka.ilkd.key.java.JavaParserFactory$DynamicTypeSolver@596fef4f : java.lang.Object
	at com.github.javaparser.resolution.TypeSolver.solveType(TypeSolver.java:71)

45701      ERROR Test worker     d.u.i.k.n.b.TacletPBuilder Error in parsing taclet. de.uka.ilkd.key.util.parsing.BuildingException: Unsolved symbol in de.uka.ilkd.key.java.JavaParserFactory$DynamicTypeSolver@596fef4f : java.lang.Object at file:/home/runner/work/key/key/key.core/build/resources/main/de/uka/ilkd/key/proof/rules/javaRules.key:2302:15
	at de.uka.ilkd.key.nparser.builder.AbstractBuilder.accept(AbstractBuilder.java:54)
Caused by: com.github.javaparser.resolution.UnsolvedSymbolException: Unsolved symbol in de.uka.ilkd.key.java.JavaParserFactory$DynamicTypeSolver@596fef4f : java.lang.Object
	at com.github.javaparser.resolution.TypeSolver.solveType(TypeSolver.java:71)

45703      ERROR Test worker     d.u.i.k.n.b.AbstractBuilder  com.github.javaparser.resolution.UnsolvedSymbolException: Unsolved symbol in de.uka.ilkd.key.java.JavaParserFactory$DynamicTypeSolver@596fef4f : java.lang.Object
	at com.github.javaparser.resolution.TypeSolver.solveType(TypeSolver.java:71)

45703      ERROR Test worker     d.u.i.k.n.b.TacletPBuilder Error in parsing taclet. de.uka.ilkd.key.util.parsing.BuildingException: Unsolved symbol in de.uka.ilkd.key.java.JavaParserFactory$DynamicTypeSolver@596fef4f : java.lang.Object at file:/home/runner/work/key/key/key.core/build/resources/main/de/uka/ilkd/key/proof/rules/javaRules.key:2309:15
	at de.uka.ilkd.key.nparser.builder.AbstractBuilder.accept(AbstractBuilder.java:54)
Caused by: com.github.javaparser.resolution.UnsolvedSymbolException: Unsolved symbol in de.uka.ilkd.key.java.JavaParserFactory$DynamicTypeSolver@596fef4f : java.lang.Object
	at com.github.javaparser.resolution.TypeSolver.solveType(TypeSolver.java:71)

45715      ERROR Test worker     d.u.i.k.n.b.AbstractBuilder  com.github.javaparser.resolution.UnsolvedSymbolException: Unsolved symbol in de.uka.ilkd.key.java.JavaParserFactory$DynamicTypeSolver@596fef4f : java.lang.Object
	at com.github.javaparser.resolution.TypeSolver.solveType(TypeSolver.java:71)

45715      ERROR Test worker     d.u.i.k.n.b.TacletPBuilder Error in parsing taclet. de.uka.ilkd.key.util.parsing.BuildingException: Unsolved symbol in de.uka.ilkd.key.java.JavaParserFactory$DynamicTypeSolver@596fef4f : java.lang.Object at file:/home/runner/work/key/key/key.core/build/resources/main/de/uka/ilkd/key/proof/rules/javaRules.key:2316:15
	at de.uka.ilkd.key.nparser.builder.AbstractBuilder.accept(AbstractBuilder.java:54)
Caused by: com.github.javaparser.resolution.UnsolvedSymbolException: Unsolved symbol in de.uka.ilkd.key.java.JavaParserFactory$DynamicTypeSolver@596fef4f : java.lang.Object
	at com.github.javaparser.resolution.TypeSolver.solveType(TypeSolver.java:71)

45716      ERROR Test worker     d.u.i.k.n.b.AbstractBuilder  com.github.javaparser.resolution.UnsolvedSymbolException: Unsolved symbol in de.uka.ilkd.key.java.JavaParserFactory$DynamicTypeSolver@596fef4f : java.lang.Object
	at com.github.javaparser.resolution.TypeSolver.solveType(TypeSolver.java:71)

45717      ERROR Test worker     d.u.i.k.n.b.TacletPBuilder Error in parsing taclet. de.uka.ilkd.key.util.parsing.BuildingException: Unsolved symbol in de.uka.ilkd.key.java.JavaParserFactory$DynamicTypeSolver@596fef4f : java.lang.Object at file:/home/runner/work/key/key/key.core/build/resources/main/de/uka/ilkd/key/proof/rules/javaRules.key:2323:15
	at de.uka.ilkd.key.nparser.builder.AbstractBuilder.accept(AbstractBuilder.java:54)
Caused by: com.github.javaparser.resolution.UnsolvedSymbolException: Unsolved symbol in de.uka.ilkd.key.java.JavaParserFactory$DynamicTypeSolver@596fef4f : java.lang.Object
	at com.github.javaparser.resolution.TypeSolver.solveType(TypeSolver.java:71)

45721      ERROR Test worker     d.u.i.k.n.b.AbstractBuilder  com.github.javaparser.resolution.UnsolvedSymbolException: Unsolved symbol in de.uka.ilkd.key.java.JavaParserFactory$DynamicTypeSolver@596fef4f : java.lang.Object
	at com.github.javaparser.resolution.TypeSolver.solveType(TypeSolver.java:71)

45721      ERROR Test worker     d.u.i.k.n.b.TacletPBuilder Error in parsing taclet. de.uka.ilkd.key.util.parsing.BuildingException: Unsolved symbol in de.uka.ilkd.key.java.JavaParserFactory$DynamicTypeSolver@596fef4f : java.lang.Object at file:/home/runner/work/key/key/key.core/build/resources/main/de/uka/ilkd/key/proof/rules/javaRules.key:2330:15
	at de.uka.ilkd.key.nparser.builder.AbstractBuilder.accept(AbstractBuilder.java:54)
Caused by: com.github.javaparser.resolution.UnsolvedSymbolException: Unsolved symbol in de.uka.ilkd.key.java.JavaParserFactory$DynamicTypeSolver@596fef4f : java.lang.Object
	at com.github.javaparser.resolution.TypeSolver.solveType(TypeSolver.java:71)

45722      ERROR Test worker     d.u.i.k.n.b.AbstractBuilder  com.github.javaparser.resolution.UnsolvedSymbolException: Unsolved symbol in de.uka.ilkd.key.java.JavaParserFactory$DynamicTypeSolver@596fef4f : java.lang.Object
	at com.github.javaparser.resolution.TypeSolver.solveType(TypeSolver.java:71)

45722      ERROR Test worker     d.u.i.k.n.b.TacletPBuilder Error in parsing taclet. de.uka.ilkd.key.util.parsing.BuildingException: Unsolved symbol in de.uka.ilkd.key.java.JavaParserFactory$DynamicTypeSolver@596fef4f : java.lang.Object at file:/home/runner/work/key/key/key.core/build/resources/main/de/uka/ilkd/key/proof/rules/javaRules.key:2337:15
	at de.uka.ilkd.key.nparser.builder.AbstractBuilder.accept(AbstractBuilder.java:54)
Caused by: com.github.javaparser.resolution.UnsolvedSymbolException: Unsolved symbol in de.uka.ilkd.key.java.JavaParserFactory$DynamicTypeSolver@596fef4f : java.lang.Object
	at com.github.javaparser.resolution.TypeSolver.solveType(TypeSolver.java:71)

45726      ERROR Test worker     d.u.i.k.n.b.AbstractBuilder  com.github.javaparser.resolution.UnsolvedSymbolException: Unsolved symbol in de.uka.ilkd.key.java.JavaParserFactory$DynamicTypeSolver@596fef4f : java.lang.Object
	at com.github.javaparser.resolution.TypeSolver.solveType(TypeSolver.java:71)

45728      ERROR Test worker     d.u.i.k.n.b.TacletPBuilder Error in parsing taclet. de.uka.ilkd.key.util.parsing.BuildingException: Unsolved symbol in de.uka.ilkd.key.java.JavaParserFactory$DynamicTypeSolver@596fef4f : java.lang.Object at file:/home/runner/work/key/key/key.core/build/resources/main/de/uka/ilkd/key/proof/rules/javaRules.key:2344:15
	at de.uka.ilkd.key.nparser.builder.AbstractBuilder.accept(AbstractBuilder.java:54)
Caused by: com.github.javaparser.resolution.UnsolvedSymbolException: Unsolved symbol in de.uka.ilkd.key.java.JavaParserFactory$DynamicTypeSolver@596fef4f : java.lang.Object
	at com.github.javaparser.resolution.TypeSolver.solveType(TypeSolver.java:71)

45730      ERROR Test worker     d.u.i.k.n.b.AbstractBuilder  com.github.javaparser.resolution.UnsolvedSymbolException: Unsolved symbol in de.uka.ilkd.key.java.JavaParserFactory$DynamicTypeSolver@596fef4f : java.lang.Object
	at com.github.javaparser.resolution.TypeSolver.solveType(TypeSolver.java:71)

45730      ERROR Test worker     d.u.i.k.n.b.TacletPBuilder Error in parsing taclet. de.uka.ilkd.key.util.parsing.BuildingException: Unsolved symbol in de.uka.ilkd.key.java.JavaParserFactory$DynamicTypeSolver@596fef4f : java.lang.Object at file:/home/runner/work/key/key/key.core/build/resources/main/de/uka/ilkd/key/proof/rules/javaRules.key:2355:15
	at de.uka.ilkd.key.nparser.builder.AbstractBuilder.accept(AbstractBuilder.java:54)
Caused by: com.github.javaparser.resolution.UnsolvedSymbolException: Unsolved symbol in de.uka.ilkd.key.java.JavaParserFactory$DynamicTypeSolver@596fef4f : java.lang.Object
	at com.github.javaparser.resolution.TypeSolver.solveType(TypeSolver.java:71)

45731      ERROR Test worker     d.u.i.k.n.b.AbstractBuilder  com.github.javaparser.resolution.UnsolvedSymbolException: Unsolved symbol in de.uka.ilkd.key.java.JavaParserFactory$DynamicTypeSolver@596fef4f : java.lang.Object
	at com.github.javaparser.resolution.TypeSolver.solveType(TypeSolver.java:71)

45731      ERROR Test worker     d.u.i.k.n.b.TacletPBuilder Error in parsing taclet. de.uka.ilkd.key.util.parsing.BuildingException: Unsolved symbol in de.uka.ilkd.key.java.JavaParserFactory$DynamicTypeSolver@596fef4f : java.lang.Object at file:/home/runner/work/key/key/key.core/build/resources/main/de/uka/ilkd/key/proof/rules/javaRules.key:2360:15
	at de.uka.ilkd.key.nparser.builder.AbstractBuilder.accept(AbstractBuilder.java:54)
Caused by: com.github.javaparser.resolution.UnsolvedSymbolException: Unsolved symbol in de.uka.ilkd.key.java.JavaParserFactory$DynamicTypeSolver@596fef4f : java.lang.Object
	at com.github.javaparser.resolution.TypeSolver.solveType(TypeSolver.java:71)

45733      ERROR Test worker     d.u.i.k.n.b.AbstractBuilder  com.github.javaparser.resolution.UnsolvedSymbolException: Unsolved symbol in de.uka.ilkd.key.java.JavaParserFactory$DynamicTypeSolver@596fef4f : java.lang.Object
	at com.github.javaparser.resolution.TypeSolver.solveType(TypeSolver.java:71)

45733      ERROR Test worker     d.u.i.k.n.b.TacletPBuilder Error in parsing taclet. de.uka.ilkd.key.util.parsing.BuildingException: Unsolved symbol in de.uka.ilkd.key.java.JavaParserFactory$DynamicTypeSolver@596fef4f : java.lang.Object at file:/home/runner/work/key/key/key.core/build/resources/main/de/uka/ilkd/key/proof/rules/javaRules.key:2366:15
	at de.uka.ilkd.key.nparser.builder.AbstractBuilder.accept(AbstractBuilder.java:54)
Caused by: com.github.javaparser.resolution.UnsolvedSymbolException: Unsolved symbol in de.uka.ilkd.key.java.JavaParserFactory$DynamicTypeSolver@596fef4f : java.lang.Object
	at com.github.javaparser.resolution.TypeSolver.solveType(TypeSolver.java:71)

45741      ERROR Test worker     d.u.i.k.n.b.AbstractBuilder  com.github.javaparser.resolution.UnsolvedSymbolException: Unsolved symbol in de.uka.ilkd.key.java.JavaParserFactory$DynamicTypeSolver@596fef4f : java.lang.Object
	at com.github.javaparser.resolution.TypeSolver.solveType(TypeSolver.java:71)

45741      ERROR Test worker     d.u.i.k.n.b.TacletPBuilder Error in parsing taclet. de.uka.ilkd.key.util.parsing.BuildingException: Unsolved symbol in de.uka.ilkd.key.java.JavaParserFactory$DynamicTypeSolver@596fef4f : java.lang.Object at file:/home/runner/work/key/key/key.core/build/resources/main/de/uka/ilkd/key/proof/rules/javaRules.key:2376:15
	at de.uka.ilkd.key.nparser.builder.AbstractBuilder.accept(AbstractBuilder.java:54)
Caused by: com.github.javaparser.resolution.UnsolvedSymbolException: Unsolved symbol in de.uka.ilkd.key.java.JavaParserFactory$DynamicTypeSolver@596fef4f : java.lang.Object
	at com.github.javaparser.resolution.TypeSolver.solveType(TypeSolver.java:71)

45743      ERROR Test worker     d.u.i.k.n.b.AbstractBuilder  com.github.javaparser.resolution.UnsolvedSymbolException: Unsolved symbol in de.uka.ilkd.key.java.JavaParserFactory$DynamicTypeSolver@596fef4f : java.lang.Object
	at com.github.javaparser.resolution.TypeSolver.solveType(TypeSolver.java:71)

45743      ERROR Test worker     d.u.i.k.n.b.TacletPBuilder Error in parsing taclet. de.uka.ilkd.key.util.parsing.BuildingException: Unsolved symbol in de.uka.ilkd.key.java.JavaParserFactory$DynamicTypeSolver@596fef4f : java.lang.Object at file:/home/runner/work/key/key/key.core/build/resources/main/de/uka/ilkd/key/proof/rules/javaRules.key:2384:15
	at de.uka.ilkd.key.nparser.builder.AbstractBuilder.accept(AbstractBuilder.java:54)
Caused by: com.github.javaparser.resolution.UnsolvedSymbolException: Unsolved symbol in de.uka.ilkd.key.java.JavaParserFactory$DynamicTypeSolver@596fef4f : java.lang.Object
	at com.github.javaparser.resolution.TypeSolver.solveType(TypeSolver.java:71)

45749      ERROR Test worker     d.u.i.k.n.b.AbstractBuilder  com.github.javaparser.resolution.UnsolvedSymbolException: Unsolved symbol in de.uka.ilkd.key.java.JavaParserFactory$DynamicTypeSolver@596fef4f : java.lang.Object
	at com.github.javaparser.resolution.TypeSolver.solveType(TypeSolver.java:71)

45749      ERROR Test worker     d.u.i.k.n.b.TacletPBuilder Error in parsing taclet. de.uka.ilkd.key.util.parsing.BuildingException: Unsolved symbol in de.uka.ilkd.key.java.JavaParserFactory$DynamicTypeSolver@596fef4f : java.lang.Object at file:/home/runner/work/key/key/key.core/build/resources/main/de/uka/ilkd/key/proof/rules/javaRules.key:2392:15
	at de.uka.ilkd.key.nparser.builder.AbstractBuilder.accept(AbstractBuilder.java:54)
Caused by: com.github.javaparser.resolution.UnsolvedSymbolException: Unsolved symbol in de.uka.ilkd.key.java.JavaParserFactory$DynamicTypeSolver@596fef4f : java.lang.Object
	at com.github.javaparser.resolution.TypeSolver.solveType(TypeSolver.java:71)

45750      ERROR Test worker     d.u.i.k.n.b.AbstractBuilder  com.github.javaparser.resolution.UnsolvedSymbolException: Unsolved symbol in de.uka.ilkd.key.java.JavaParserFactory$DynamicTypeSolver@596fef4f : java.lang.Object
	at com.github.javaparser.resolution.TypeSolver.solveType(TypeSolver.java:71)

45750      ERROR Test worker     d.u.i.k.n.b.TacletPBuilder Error in parsing taclet. de.uka.ilkd.key.util.parsing.BuildingException: Unsolved symbol in de.uka.ilkd.key.java.JavaParserFactory$DynamicTypeSolver@596fef4f : java.lang.Object at file:/home/runner/work/key/key/key.core/build/resources/main/de/uka/ilkd/key/proof/rules/javaRules.key:2400:15
	at de.uka.ilkd.key.nparser.builder.AbstractBuilder.accept(AbstractBuilder.java:54)
Caused by: com.github.javaparser.resolution.UnsolvedSymbolException: Unsolved symbol in de.uka.ilkd.key.java.JavaParserFactory$DynamicTypeSolver@596fef4f : java.lang.Object
	at com.github.javaparser.resolution.TypeSolver.solveType(TypeSolver.java:71)

45752      ERROR Test worker     d.u.i.k.n.b.AbstractBuilder  com.github.javaparser.resolution.UnsolvedSymbolException: Unsolved symbol in de.uka.ilkd.key.java.JavaParserFactory$DynamicTypeSolver@596fef4f : java.lang.Object
	at com.github.javaparser.resolution.TypeSolver.solveType(TypeSolver.java:71)

45752      ERROR Test worker     d.u.i.k.n.b.TacletPBuilder Error in parsing taclet. de.uka.ilkd.key.util.parsing.BuildingException: Unsolved symbol in de.uka.ilkd.key.java.JavaParserFactory$DynamicTypeSolver@596fef4f : java.lang.Object at file:/home/runner/work/key/key/key.core/build/resources/main/de/uka/ilkd/key/proof/rules/javaRules.key:2408:15
	at de.uka.ilkd.key.nparser.builder.AbstractBuilder.accept(AbstractBuilder.java:54)
Caused by: com.github.javaparser.resolution.UnsolvedSymbolException: Unsolved symbol in de.uka.ilkd.key.java.JavaParserFactory$DynamicTypeSolver@596fef4f : java.lang.Object
	at com.github.javaparser.resolution.TypeSolver.solveType(TypeSolver.java:71)

45753      ERROR Test worker     d.u.i.k.n.b.AbstractBuilder  com.github.javaparser.resolution.UnsolvedSymbolException: Unsolved symbol in de.uka.ilkd.key.java.JavaParserFactory$DynamicTypeSolver@596fef4f : java.lang.Object
	at com.github.javaparser.resolution.TypeSolver.solveType(TypeSolver.java:71)

45754      ERROR Test worker     d.u.i.k.n.b.TacletPBuilder Error in parsing taclet. de.uka.ilkd.key.util.parsing.BuildingException: Unsolved symbol in de.uka.ilkd.key.java.JavaParserFactory$DynamicTypeSolver@596fef4f : java.lang.Object at file:/home/runner/work/key/key/key.core/build/resources/main/de/uka/ilkd/key/proof/rules/javaRules.key:2416:15
	at de.uka.ilkd.key.nparser.builder.AbstractBuilder.accept(AbstractBuilder.java:54)
Caused by: com.github.javaparser.resolution.UnsolvedSymbolException: Unsolved symbol in de.uka.ilkd.key.java.JavaParserFactory$DynamicTypeSolver@596fef4f : java.lang.Object
	at com.github.javaparser.resolution.TypeSolver.solveType(TypeSolver.java:71)

45761      ERROR Test worker     d.u.i.k.n.b.AbstractBuilder  com.github.javaparser.resolution.UnsolvedSymbolException: Unsolved symbol in de.uka.ilkd.key.java.JavaParserFactory$DynamicTypeSolver@596fef4f : java.lang.Object
	at com.github.javaparser.resolution.TypeSolver.solveType(TypeSolver.java:71)

45762      ERROR Test worker     d.u.i.k.n.b.TacletPBuilder Error in parsing taclet. de.uka.ilkd.key.util.parsing.BuildingException: Unsolved symbol in de.uka.ilkd.key.java.JavaParserFactory$DynamicTypeSolver@596fef4f : java.lang.Object at file:/home/runner/work/key/key/key.core/build/resources/main/de/uka/ilkd/key/proof/rules/javaRules.key:2424:15
	at de.uka.ilkd.key.nparser.builder.AbstractBuilder.accept(AbstractBuilder.java:54)
Caused by: com.github.javaparser.resolution.UnsolvedSymbolException: Unsolved symbol in de.uka.ilkd.key.java.JavaParserFactory$DynamicTypeSolver@596fef4f : java.lang.Object
	at com.github.javaparser.resolution.TypeSolver.solveType(TypeSolver.java:71)

45763      ERROR Test worker     d.u.i.k.n.b.AbstractBuilder  com.github.javaparser.resolution.UnsolvedSymbolException: Unsolved symbol in de.uka.ilkd.key.java.JavaParserFactory$DynamicTypeSolver@596fef4f : java.lang.Object
	at com.github.javaparser.resolution.TypeSolver.solveType(TypeSolver.java:71)

45763      ERROR Test worker     d.u.i.k.n.b.TacletPBuilder Error in parsing taclet. de.uka.ilkd.key.util.parsing.BuildingException: Unsolved symbol in de.uka.ilkd.key.java.JavaParserFactory$DynamicTypeSolver@596fef4f : java.lang.Object at file:/home/runner/work/key/key/key.core/build/resources/main/de/uka/ilkd/key/proof/rules/javaRules.key:2432:15
	at de.uka.ilkd.key.nparser.builder.AbstractBuilder.accept(AbstractBuilder.java:54)
Caused by: com.github.javaparser.resolution.UnsolvedSymbolException: Unsolved symbol in de.uka.ilkd.key.java.JavaParserFactory$DynamicTypeSolver@596fef4f : java.lang.Object
	at com.github.javaparser.resolution.TypeSolver.solveType(TypeSolver.java:71)

45769      ERROR Test worker     d.u.i.k.n.b.AbstractBuilder  com.github.javaparser.resolution.UnsolvedSymbolException: Unsolved symbol in de.uka.ilkd.key.java.JavaParserFactory$DynamicTypeSolver@596fef4f : java.lang.Object
	at com.github.javaparser.resolution.TypeSolver.solveType(TypeSolver.java:71)

45769      ERROR Test worker     d.u.i.k.n.b.TacletPBuilder Error in parsing taclet. de.uka.ilkd.key.util.parsing.BuildingException: Unsolved symbol in de.uka.ilkd.key.java.JavaParserFactory$DynamicTypeSolver@596fef4f : java.lang.Object at file:/home/runner/work/key/key/key.core/build/resources/main/de/uka/ilkd/key/proof/rules/javaRules.key:2440:15
	at de.uka.ilkd.key.nparser.builder.AbstractBuilder.accept(AbstractBuilder.java:54)
Caused by: com.github.javaparser.resolution.UnsolvedSymbolException: Unsolved symbol in de.uka.ilkd.key.java.JavaParserFactory$DynamicTypeSolver@596fef4f : java.lang.Object
	at com.github.javaparser.resolution.TypeSolver.solveType(TypeSolver.java:71)

45770      ERROR Test worker     d.u.i.k.n.b.AbstractBuilder  com.github.javaparser.resolution.UnsolvedSymbolException: Unsolved symbol in de.uka.ilkd.key.java.JavaParserFactory$DynamicTypeSolver@596fef4f : java.lang.Object
	at com.github.javaparser.resolution.TypeSolver.solveType(TypeSolver.java:71)

45770      ERROR Test worker     d.u.i.k.n.b.TacletPBuilder Error in parsing taclet. de.uka.ilkd.key.util.parsing.BuildingException: Unsolved symbol in de.uka.ilkd.key.java.JavaParserFactory$DynamicTypeSolver@596fef4f : java.lang.Object at file:/home/runner/work/key/key/key.core/build/resources/main/de/uka/ilkd/key/proof/rules/javaRules.key:2448:15
	at de.uka.ilkd.key.nparser.builder.AbstractBuilder.accept(AbstractBuilder.java:54)
Caused by: com.github.javaparser.resolution.UnsolvedSymbolException: Unsolved symbol in de.uka.ilkd.key.java.JavaParserFactory$DynamicTypeSolver@596fef4f : java.lang.Object
	at com.github.javaparser.resolution.TypeSolver.solveType(TypeSolver.java:71)

45772      ERROR Test worker     d.u.i.k.n.b.AbstractBuilder  com.github.javaparser.resolution.UnsolvedSymbolException: Unsolved symbol in de.uka.ilkd.key.java.JavaParserFactory$DynamicTypeSolver@596fef4f : java.lang.Object
	at com.github.javaparser.resolution.TypeSolver.solveType(TypeSolver.java:71)

45772      ERROR Test worker     d.u.i.k.n.b.TacletPBuilder Error in parsing taclet. de.uka.ilkd.key.util.parsing.BuildingException: Unsolved symbol in de.uka.ilkd.key.java.JavaParserFactory$DynamicTypeSolver@596fef4f : java.lang.Object at file:/home/runner/work/key/key/key.core/build/resources/main/de/uka/ilkd/key/proof/rules/javaRules.key:2456:15
	at de.uka.ilkd.key.nparser.builder.AbstractBuilder.accept(AbstractBuilder.java:54)
Caused by: com.github.javaparser.resolution.UnsolvedSymbolException: Unsolved symbol in de.uka.ilkd.key.java.JavaParserFactory$DynamicTypeSolver@596fef4f : java.lang.Object
	at com.github.javaparser.resolution.TypeSolver.solveType(TypeSolver.java:71)

45773      ERROR Test worker     d.u.i.k.n.b.AbstractBuilder  com.github.javaparser.resolution.UnsolvedSymbolException: Unsolved symbol in de.uka.ilkd.key.java.JavaParserFactory$DynamicTypeSolver@596fef4f : java.lang.Object
	at com.github.javaparser.resolution.TypeSolver.solveType(TypeSolver.java:71)

45774      ERROR Test worker     d.u.i.k.n.b.TacletPBuilder Error in parsing taclet. de.uka.ilkd.key.util.parsing.BuildingException: Unsolved symbol in de.uka.ilkd.key.java.JavaParserFactory$DynamicTypeSolver@596fef4f : java.lang.Object at file:/home/runner/work/key/key/key.core/build/resources/main/de/uka/ilkd/key/proof/rules/javaRules.key:2464:15
	at de.uka.ilkd.key.nparser.builder.AbstractBuilder.accept(AbstractBuilder.java:54)
Caused by: com.github.javaparser.resolution.UnsolvedSymbolException: Unsolved symbol in de.uka.ilkd.key.java.JavaParserFactory$DynamicTypeSolver@596fef4f : java.lang.Object
	at com.github.javaparser.resolution.TypeSolver.solveType(TypeSolver.java:71)

45785      ERROR Test worker     d.u.i.k.n.b.AbstractBuilder  com.github.javaparser.resolution.UnsolvedSymbolException: Unsolved symbol in de.uka.ilkd.key.java.JavaParserFactory$DynamicTypeSolver@596fef4f : java.lang.Object
	at com.github.javaparser.resolution.TypeSolver.solveType(TypeSolver.java:71)

45785      ERROR Test worker     d.u.i.k.n.b.TacletPBuilder Error in parsing taclet. de.uka.ilkd.key.util.parsing.BuildingException: Unsolved symbol in de.uka.ilkd.key.java.JavaParserFactory$DynamicTypeSolver@596fef4f : java.lang.Object at file:/home/runner/work/key/key/key.core/build/resources/main/de/uka/ilkd/key/proof/rules/javaRules.key:2472:15
	at de.uka.ilkd.key.nparser.builder.AbstractBuilder.accept(AbstractBuilder.java:54)
Caused by: com.github.javaparser.resolution.UnsolvedSymbolException: Unsolved symbol in de.uka.ilkd.key.java.JavaParserFactory$DynamicTypeSolver@596fef4f : java.lang.Object
	at com.github.javaparser.resolution.TypeSolver.solveType(TypeSolver.java:71)

45787      ERROR Test worker     d.u.i.k.n.b.AbstractBuilder  com.github.javaparser.resolution.UnsolvedSymbolException: Unsolved symbol in de.uka.ilkd.key.java.JavaParserFactory$DynamicTypeSolver@596fef4f : java.lang.Object
	at com.github.javaparser.resolution.TypeSolver.solveType(TypeSolver.java:71)

45787      ERROR Test worker     d.u.i.k.n.b.TacletPBuilder Error in parsing taclet. de.uka.ilkd.key.util.parsing.BuildingException: Unsolved symbol in de.uka.ilkd.key.java.JavaParserFactory$DynamicTypeSolver@596fef4f : java.lang.Object at file:/home/runner/work/key/key/key.core/build/resources/main/de/uka/ilkd/key/proof/rules/javaRules.key:2480:15
	at de.uka.ilkd.key.nparser.builder.AbstractBuilder.accept(AbstractBuilder.java:54)
Caused by: com.github.javaparser.resolution.UnsolvedSymbolException: Unsolved symbol in de.uka.ilkd.key.java.JavaParserFactory$DynamicTypeSolver@596fef4f : java.lang.Object
	at com.github.javaparser.resolution.TypeSolver.solveType(TypeSolver.java:71)

45788      ERROR Test worker     d.u.i.k.n.b.AbstractBuilder  com.github.javaparser.resolution.UnsolvedSymbolException: Unsolved symbol in de.uka.ilkd.key.java.JavaParserFactory$DynamicTypeSolver@596fef4f : java.lang.Object
	at com.github.javaparser.resolution.TypeSolver.solveType(TypeSolver.java:71)

45789      ERROR Test worker     d.u.i.k.n.b.TacletPBuilder Error in parsing taclet. de.uka.ilkd.key.util.parsing.BuildingException: Unsolved symbol in de.uka.ilkd.key.java.JavaParserFactory$DynamicTypeSolver@596fef4f : java.lang.Object at file:/home/runner/work/key/key/key.core/build/resources/main/de/uka/ilkd/key/proof/rules/javaRules.key:2488:15
	at de.uka.ilkd.key.nparser.builder.AbstractBuilder.accept(AbstractBuilder.java:54)
Caused by: com.github.javaparser.resolution.UnsolvedSymbolException: Unsolved symbol in de.uka.ilkd.key.java.JavaParserFactory$DynamicTypeSolver@596fef4f : java.lang.Object
	at com.github.javaparser.resolution.TypeSolver.solveType(TypeSolver.java:71)

45790      ERROR Test worker     d.u.i.k.n.b.AbstractBuilder  com.github.javaparser.resolution.UnsolvedSymbolException: Unsolved symbol in de.uka.ilkd.key.java.JavaParserFactory$DynamicTypeSolver@596fef4f : java.lang.Object
	at com.github.javaparser.resolution.TypeSolver.solveType(TypeSolver.java:71)

45790      ERROR Test worker     d.u.i.k.n.b.TacletPBuilder Error in parsing taclet. de.uka.ilkd.key.util.parsing.BuildingException: Unsolved symbol in de.uka.ilkd.key.java.JavaParserFactory$DynamicTypeSolver@596fef4f : java.lang.Object at file:/home/runner/work/key/key/key.core/build/resources/main/de/uka/ilkd/key/proof/rules/javaRules.key:2496:15
	at de.uka.ilkd.key.nparser.builder.AbstractBuilder.accept(AbstractBuilder.java:54)
Caused by: com.github.javaparser.resolution.UnsolvedSymbolException: Unsolved symbol in de.uka.ilkd.key.java.JavaParserFactory$DynamicTypeSolver@596fef4f : java.lang.Object
	at com.github.javaparser.resolution.TypeSolver.solveType(TypeSolver.java:71)

45792      ERROR Test worker     d.u.i.k.n.b.AbstractBuilder  com.github.javaparser.resolution.UnsolvedSymbolException: Unsolved symbol in de.uka.ilkd.key.java.JavaParserFactory$DynamicTypeSolver@596fef4f : java.lang.Object
	at com.github.javaparser.resolution.TypeSolver.solveType(TypeSolver.java:71)

45792      ERROR Test worker     d.u.i.k.n.b.TacletPBuilder Error in parsing taclet. de.uka.ilkd.key.util.parsing.BuildingException: Unsolved symbol in de.uka.ilkd.key.java.JavaParserFactory$DynamicTypeSolver@596fef4f : java.lang.Object at file:/home/runner/work/key/key/key.core/build/resources/main/de/uka/ilkd/key/proof/rules/javaRules.key:2504:15
	at de.uka.ilkd.key.nparser.builder.AbstractBuilder.accept(AbstractBuilder.java:54)
Caused by: com.github.javaparser.resolution.UnsolvedSymbolException: Unsolved symbol in de.uka.ilkd.key.java.JavaParserFactory$DynamicTypeSolver@596fef4f : java.lang.Object
	at com.github.javaparser.resolution.TypeSolver.solveType(TypeSolver.java:71)

45793      ERROR Test worker     d.u.i.k.n.b.AbstractBuilder  com.github.javaparser.resolution.UnsolvedSymbolException: Unsolved symbol in de.uka.ilkd.key.java.JavaParserFactory$DynamicTypeSolver@596fef4f : java.lang.Object
	at com.github.javaparser.resolution.TypeSolver.solveType(TypeSolver.java:71)

45793      ERROR Test worker     d.u.i.k.n.b.TacletPBuilder Error in parsing taclet. de.uka.ilkd.key.util.parsing.BuildingException: Unsolved symbol in de.uka.ilkd.key.java.JavaParserFactory$DynamicTypeSolver@596fef4f : java.lang.Object at file:/home/runner/work/key/key/key.core/build/resources/main/de/uka/ilkd/key/proof/rules/javaRules.key:2512:15
	at de.uka.ilkd.key.nparser.builder.AbstractBuilder.accept(AbstractBuilder.java:54)
Caused by: com.github.javaparser.resolution.UnsolvedSymbolException: Unsolved symbol in de.uka.ilkd.key.java.JavaParserFactory$DynamicTypeSolver@596fef4f : java.lang.Object
	at com.github.javaparser.resolution.TypeSolver.solveType(TypeSolver.java:71)

45805      ERROR Test worker     d.u.i.k.n.b.AbstractBuilder  com.github.javaparser.resolution.UnsolvedSymbolException: Unsolved symbol in de.uka.ilkd.key.java.JavaParserFactory$DynamicTypeSolver@596fef4f : java.lang.Object
	at com.github.javaparser.resolution.TypeSolver.solveType(TypeSolver.java:71)

45805      ERROR Test worker     d.u.i.k.n.b.TacletPBuilder Error in parsing taclet. de.uka.ilkd.key.util.parsing.BuildingException: Unsolved symbol in de.uka.ilkd.key.java.JavaParserFactory$DynamicTypeSolver@596fef4f : java.lang.Object at file:/home/runner/work/key/key/key.core/build/resources/main/de/uka/ilkd/key/proof/rules/javaRules.key:2520:15
	at de.uka.ilkd.key.nparser.builder.AbstractBuilder.accept(AbstractBuilder.java:54)
Caused by: com.github.javaparser.resolution.UnsolvedSymbolException: Unsolved symbol in de.uka.ilkd.key.java.JavaParserFactory$DynamicTypeSolver@596fef4f : java.lang.Object
	at com.github.javaparser.resolution.TypeSolver.solveType(TypeSolver.java:71)

45806      ERROR Test worker     d.u.i.k.n.b.AbstractBuilder  com.github.javaparser.resolution.UnsolvedSymbolException: Unsolved symbol in de.uka.ilkd.key.java.JavaParserFactory$DynamicTypeSolver@596fef4f : java.lang.Object
	at com.github.javaparser.resolution.TypeSolver.solveType(TypeSolver.java:71)

45807      ERROR Test worker     d.u.i.k.n.b.TacletPBuilder Error in parsing taclet. de.uka.ilkd.key.util.parsing.BuildingException: Unsolved symbol in de.uka.ilkd.key.java.JavaParserFactory$DynamicTypeSolver@596fef4f : java.lang.Object at file:/home/runner/work/key/key/key.core/build/resources/main/de/uka/ilkd/key/proof/rules/javaRules.key:2528:15
	at de.uka.ilkd.key.nparser.builder.AbstractBuilder.accept(AbstractBuilder.java:54)
Caused by: com.github.javaparser.resolution.UnsolvedSymbolException: Unsolved symbol in de.uka.ilkd.key.java.JavaParserFactory$DynamicTypeSolver@596fef4f : java.lang.Object
	at com.github.javaparser.resolution.TypeSolver.solveType(TypeSolver.java:71)

45808      ERROR Test worker     d.u.i.k.n.b.AbstractBuilder  com.github.javaparser.resolution.UnsolvedSymbolException: Unsolved symbol in de.uka.ilkd.key.java.JavaParserFactory$DynamicTypeSolver@596fef4f : java.lang.Object
	at com.github.javaparser.resolution.TypeSolver.solveType(TypeSolver.java:71)

45808      ERROR Test worker     d.u.i.k.n.b.TacletPBuilder Error in parsing taclet. de.uka.ilkd.key.util.parsing.BuildingException: Unsolved symbol in de.uka.ilkd.key.java.JavaParserFactory$DynamicTypeSolver@596fef4f : java.lang.Object at file:/home/runner/work/key/key/key.core/build/resources/main/de/uka/ilkd/key/proof/rules/javaRules.key:2536:15
	at de.uka.ilkd.key.nparser.builder.AbstractBuilder.accept(AbstractBuilder.java:54)
Caused by: com.github.javaparser.resolution.UnsolvedSymbolException: Unsolved symbol in de.uka.ilkd.key.java.JavaParserFactory$DynamicTypeSolver@596fef4f : java.lang.Object
	at com.github.javaparser.resolution.TypeSolver.solveType(TypeSolver.java:71)

45810      ERROR Test worker     d.u.i.k.n.b.AbstractBuilder  com.github.javaparser.resolution.UnsolvedSymbolException: Unsolved symbol in de.uka.ilkd.key.java.JavaParserFactory$DynamicTypeSolver@596fef4f : java.lang.Object
	at com.github.javaparser.resolution.TypeSolver.solveType(TypeSolver.java:71)

45810      ERROR Test worker     d.u.i.k.n.b.TacletPBuilder Error in parsing taclet. de.uka.ilkd.key.util.parsing.BuildingException: Unsolved symbol in de.uka.ilkd.key.java.JavaParserFactory$DynamicTypeSolver@596fef4f : java.lang.Object at file:/home/runner/work/key/key/key.core/build/resources/main/de/uka/ilkd/key/proof/rules/javaRules.key:2544:15
	at de.uka.ilkd.key.nparser.builder.AbstractBuilder.accept(AbstractBuilder.java:54)
Caused by: com.github.javaparser.resolution.UnsolvedSymbolException: Unsolved symbol in de.uka.ilkd.key.java.JavaParserFactory$DynamicTypeSolver@596fef4f : java.lang.Object
	at com.github.javaparser.resolution.TypeSolver.solveType(TypeSolver.java:71)

45811      ERROR Test worker     d.u.i.k.n.b.AbstractBuilder  com.github.javaparser.resolution.UnsolvedSymbolException: Unsolved symbol in de.uka.ilkd.key.java.JavaParserFactory$DynamicTypeSolver@596fef4f : java.lang.Object
	at com.github.javaparser.resolution.TypeSolver.solveType(TypeSolver.java:71)

45812      ERROR Test worker     d.u.i.k.n.b.TacletPBuilder Error in parsing taclet. de.uka.ilkd.key.util.parsing.BuildingException: Unsolved symbol in de.uka.ilkd.key.java.JavaParserFactory$DynamicTypeSolver@596fef4f : java.lang.Object at file:/home/runner/work/key/key/key.core/build/resources/main/de/uka/ilkd/key/proof/rules/javaRules.key:2552:15
	at de.uka.ilkd.key.nparser.builder.AbstractBuilder.accept(AbstractBuilder.java:54)
Caused by: com.github.javaparser.resolution.UnsolvedSymbolException: Unsolved symbol in de.uka.ilkd.key.java.JavaParserFactory$DynamicTypeSolver@596fef4f : java.lang.Object
	at com.github.javaparser.resolution.TypeSolver.solveType(TypeSolver.java:71)

45813      ERROR Test worker     d.u.i.k.n.b.AbstractBuilder  com.github.javaparser.resolution.UnsolvedSymbolException: Unsolved symbol in de.uka.ilkd.key.java.JavaParserFactory$DynamicTypeSolver@596fef4f : java.lang.Object
	at com.github.javaparser.resolution.TypeSolver.solveType(TypeSolver.java:71)

45813      ERROR Test worker     d.u.i.k.n.b.TacletPBuilder Error in parsing taclet. de.uka.ilkd.key.util.parsing.BuildingException: Unsolved symbol in de.uka.ilkd.key.java.JavaParserFactory$DynamicTypeSolver@596fef4f : java.lang.Object at file:/home/runner/work/key/key/key.core/build/resources/main/de/uka/ilkd/key/proof/rules/javaRules.key:2560:15
	at de.uka.ilkd.key.nparser.builder.AbstractBuilder.accept(AbstractBuilder.java:54)
Caused by: com.github.javaparser.resolution.UnsolvedSymbolException: Unsolved symbol in de.uka.ilkd.key.java.JavaParserFactory$DynamicTypeSolver@596fef4f : java.lang.Object
	at com.github.javaparser.resolution.TypeSolver.solveType(TypeSolver.java:71)

45815      ERROR Test worker     d.u.i.k.n.b.AbstractBuilder  com.github.javaparser.resolution.UnsolvedSymbolException: Unsolved symbol in de.uka.ilkd.key.java.JavaParserFactory$DynamicTypeSolver@596fef4f : java.lang.Object
	at com.github.javaparser.resolution.TypeSolver.solveType(TypeSolver.java:71)

45815      ERROR Test worker     d.u.i.k.n.b.TacletPBuilder Error in parsing taclet. de.uka.ilkd.key.util.parsing.BuildingException: Unsolved symbol in de.uka.ilkd.key.java.JavaParserFactory$DynamicTypeSolver@596fef4f : java.lang.Object at file:/home/runner/work/key/key/key.core/build/resources/main/de/uka/ilkd/key/proof/rules/javaRules.key:2568:15
	at de.uka.ilkd.key.nparser.builder.AbstractBuilder.accept(AbstractBuilder.java:54)
Caused by: com.github.javaparser.resolution.UnsolvedSymbolException: Unsolved symbol in de.uka.ilkd.key.java.JavaParserFactory$DynamicTypeSolver@596fef4f : java.lang.Object
	at com.github.javaparser.resolution.TypeSolver.solveType(TypeSolver.java:71)

45839      ERROR Test worker     d.u.i.k.n.b.AbstractBuilder  com.github.javaparser.resolution.UnsolvedSymbolException: Unsolved symbol in de.uka.ilkd.key.java.JavaParserFactory$DynamicTypeSolver@596fef4f : java.lang.Object
	at com.github.javaparser.resolution.TypeSolver.solveType(TypeSolver.java:71)

45845      ERROR Test worker     d.u.i.k.n.b.TacletPBuilder Error in parsing taclet. de.uka.ilkd.key.util.parsing.BuildingException: Unsolved symbol in de.uka.ilkd.key.java.JavaParserFactory$DynamicTypeSolver@596fef4f : java.lang.Object at file:/home/runner/work/key/key/key.core/build/resources/main/de/uka/ilkd/key/proof/rules/javaRules.key:2576:15
	at de.uka.ilkd.key.nparser.builder.AbstractBuilder.accept(AbstractBuilder.java:54)
Caused by: com.github.javaparser.resolution.UnsolvedSymbolException: Unsolved symbol in de.uka.ilkd.key.java.JavaParserFactory$DynamicTypeSolver@596fef4f : java.lang.Object
	at com.github.javaparser.resolution.TypeSolver.solveType(TypeSolver.java:71)

45847      ERROR Test worker     d.u.i.k.n.b.AbstractBuilder  com.github.javaparser.resolution.UnsolvedSymbolException: Unsolved symbol in de.uka.ilkd.key.java.JavaParserFactory$DynamicTypeSolver@596fef4f : java.lang.Object
	at com.github.javaparser.resolution.TypeSolver.solveType(TypeSolver.java:71)

45847      ERROR Test worker     d.u.i.k.n.b.TacletPBuilder Error in parsing taclet. de.uka.ilkd.key.util.parsing.BuildingException: Unsolved symbol in de.uka.ilkd.key.java.JavaParserFactory$DynamicTypeSolver@596fef4f : java.lang.Object at file:/home/runner/work/key/key/key.core/build/resources/main/de/uka/ilkd/key/proof/rules/javaRules.key:2584:15
	at de.uka.ilkd.key.nparser.builder.AbstractBuilder.accept(AbstractBuilder.java:54)
Caused by: com.github.javaparser.resolution.UnsolvedSymbolException: Unsolved symbol in de.uka.ilkd.key.java.JavaParserFactory$DynamicTypeSolver@596fef4f : java.lang.Object
	at com.github.javaparser.resolution.TypeSolver.solveType(TypeSolver.java:71)

45849      ERROR Test worker     d.u.i.k.n.b.AbstractBuilder  com.github.javaparser.resolution.UnsolvedSymbolException: Unsolved symbol in de.uka.ilkd.key.java.JavaParserFactory$DynamicTypeSolver@596fef4f : java.lang.Object
	at com.github.javaparser.resolution.TypeSolver.solveType(TypeSolver.java:71)

45849      ERROR Test worker     d.u.i.k.n.b.TacletPBuilder Error in parsing taclet. de.uka.ilkd.key.util.parsing.BuildingException: Unsolved symbol in de.uka.ilkd.key.java.JavaParserFactory$DynamicTypeSolver@596fef4f : java.lang.Object at file:/home/runner/work/key/key/key.core/build/resources/main/de/uka/ilkd/key/proof/rules/javaRules.key:2592:15
	at de.uka.ilkd.key.nparser.builder.AbstractBuilder.accept(AbstractBuilder.java:54)
Caused by: com.github.javaparser.resolution.UnsolvedSymbolException: Unsolved symbol in de.uka.ilkd.key.java.JavaParserFactory$DynamicTypeSolver@596fef4f : java.lang.Object
	at com.github.javaparser.resolution.TypeSolver.solveType(TypeSolver.java:71)

45851      ERROR Test worker     d.u.i.k.n.b.AbstractBuilder  com.github.javaparser.resolution.UnsolvedSymbolException: Unsolved symbol in de.uka.ilkd.key.java.JavaParserFactory$DynamicTypeSolver@596fef4f : java.lang.Object
	at com.github.javaparser.resolution.TypeSolver.solveType(TypeSolver.java:71)

45861      ERROR Test worker     d.u.i.k.n.b.TacletPBuilder Error in parsing taclet. de.uka.ilkd.key.util.parsing.BuildingException: Unsolved symbol in de.uka.ilkd.key.java.JavaParserFactory$DynamicTypeSolver@596fef4f : java.lang.Object at file:/home/runner/work/key/key/key.core/build/resources/main/de/uka/ilkd/key/proof/rules/javaRules.key:2600:15
	at de.uka.ilkd.key.nparser.builder.AbstractBuilder.accept(AbstractBuilder.java:54)
Caused by: com.github.javaparser.resolution.UnsolvedSymbolException: Unsolved symbol in de.uka.ilkd.key.java.JavaParserFactory$DynamicTypeSolver@596fef4f : java.lang.Object
	at com.github.javaparser.resolution.TypeSolver.solveType(TypeSolver.java:71)

45863      ERROR Test worker     d.u.i.k.n.b.AbstractBuilder  com.github.javaparser.resolution.UnsolvedSymbolException: Unsolved symbol in de.uka.ilkd.key.java.JavaParserFactory$DynamicTypeSolver@596fef4f : java.lang.Object
	at com.github.javaparser.resolution.TypeSolver.solveType(TypeSolver.java:71)

45863      ERROR Test worker     d.u.i.k.n.b.TacletPBuilder Error in parsing taclet. de.uka.ilkd.key.util.parsing.BuildingException: Unsolved symbol in de.uka.ilkd.key.java.JavaParserFactory$DynamicTypeSolver@596fef4f : java.lang.Object at file:/home/runner/work/key/key/key.core/build/resources/main/de/uka/ilkd/key/proof/rules/javaRules.key:2608:15
	at de.uka.ilkd.key.nparser.builder.AbstractBuilder.accept(AbstractBuilder.java:54)
Caused by: com.github.javaparser.resolution.UnsolvedSymbolException: Unsolved symbol in de.uka.ilkd.key.java.JavaParserFactory$DynamicTypeSolver@596fef4f : java.lang.Object
	at com.github.javaparser.resolution.TypeSolver.solveType(TypeSolver.java:71)

45865      ERROR Test worker     d.u.i.k.n.b.AbstractBuilder  com.github.javaparser.resolution.UnsolvedSymbolException: Unsolved symbol in de.uka.ilkd.key.java.JavaParserFactory$DynamicTypeSolver@596fef4f : java.lang.Object
	at com.github.javaparser.resolution.TypeSolver.solveType(TypeSolver.java:71)

45865      ERROR Test worker     d.u.i.k.n.b.TacletPBuilder Error in parsing taclet. de.uka.ilkd.key.util.parsing.BuildingException: Unsolved symbol in de.uka.ilkd.key.java.JavaParserFactory$DynamicTypeSolver@596fef4f : java.lang.Object at file:/home/runner/work/key/key/key.core/build/resources/main/de/uka/ilkd/key/proof/rules/javaRules.key:2616:15
	at de.uka.ilkd.key.nparser.builder.AbstractBuilder.accept(AbstractBuilder.java:54)
Caused by: com.github.javaparser.resolution.UnsolvedSymbolException: Unsolved symbol in de.uka.ilkd.key.java.JavaParserFactory$DynamicTypeSolver@596fef4f : java.lang.Object
	at com.github.javaparser.resolution.TypeSolver.solveType(TypeSolver.java:71)

45867      ERROR Test worker     d.u.i.k.n.b.AbstractBuilder  com.github.javaparser.resolution.UnsolvedSymbolException: Unsolved symbol in de.uka.ilkd.key.java.JavaParserFactory$DynamicTypeSolver@596fef4f : java.lang.Object
	at com.github.javaparser.resolution.TypeSolver.solveType(TypeSolver.java:71)

45868      ERROR Test worker     d.u.i.k.n.b.TacletPBuilder Error in parsing taclet. de.uka.ilkd.key.util.parsing.BuildingException: Unsolved symbol in de.uka.ilkd.key.java.JavaParserFactory$DynamicTypeSolver@596fef4f : java.lang.Object at file:/home/runner/work/key/key/key.core/build/resources/main/de/uka/ilkd/key/proof/rules/javaRules.key:2624:15
	at de.uka.ilkd.key.nparser.builder.AbstractBuilder.accept(AbstractBuilder.java:54)
Caused by: com.github.javaparser.resolution.UnsolvedSymbolException: Unsolved symbol in de.uka.ilkd.key.java.JavaParserFactory$DynamicTypeSolver@596fef4f : java.lang.Object
	at com.github.javaparser.resolution.TypeSolver.solveType(TypeSolver.java:71)

45870      ERROR Test worker     d.u.i.k.n.b.AbstractBuilder  com.github.javaparser.resolution.UnsolvedSymbolException: Unsolved symbol in de.uka.ilkd.key.java.JavaParserFactory$DynamicTypeSolver@596fef4f : java.lang.Object
	at com.github.javaparser.resolution.TypeSolver.solveType(TypeSolver.java:71)

45870      ERROR Test worker     d.u.i.k.n.b.TacletPBuilder Error in parsing taclet. de.uka.ilkd.key.util.parsing.BuildingException: Unsolved symbol in de.uka.ilkd.key.java.JavaParserFactory$DynamicTypeSolver@596fef4f : java.lang.Object at file:/home/runner/work/key/key/key.core/build/resources/main/de/uka/ilkd/key/proof/rules/javaRules.key:2632:15
	at de.uka.ilkd.key.nparser.builder.AbstractBuilder.accept(AbstractBuilder.java:54)
Caused by: com.github.javaparser.resolution.UnsolvedSymbolException: Unsolved symbol in de.uka.ilkd.key.java.JavaParserFactory$DynamicTypeSolver@596fef4f : java.lang.Object
	at com.github.javaparser.resolution.TypeSolver.solveType(TypeSolver.java:71)

45872      ERROR Test worker     d.u.i.k.n.b.AbstractBuilder  com.github.javaparser.resolution.UnsolvedSymbolException: Unsolved symbol in de.uka.ilkd.key.java.JavaParserFactory$DynamicTypeSolver@596fef4f : java.lang.Object
	at com.github.javaparser.resolution.TypeSolver.solveType(TypeSolver.java:71)

45881      ERROR Test worker     d.u.i.k.n.b.TacletPBuilder Error in parsing taclet. de.uka.ilkd.key.util.parsing.BuildingException: Unsolved symbol in de.uka.ilkd.key.java.JavaParserFactory$DynamicTypeSolver@596fef4f : java.lang.Object at file:/home/runner/work/key/key/key.core/build/resources/main/de/uka/ilkd/key/proof/rules/javaRules.key:2640:15
	at de.uka.ilkd.key.nparser.builder.AbstractBuilder.accept(AbstractBuilder.java:54)
Caused by: com.github.javaparser.resolution.UnsolvedSymbolException: Unsolved symbol in de.uka.ilkd.key.java.JavaParserFactory$DynamicTypeSolver@596fef4f : java.lang.Object
	at com.github.javaparser.resolution.TypeSolver.solveType(TypeSolver.java:71)

45883      ERROR Test worker     d.u.i.k.n.b.AbstractBuilder  com.github.javaparser.resolution.UnsolvedSymbolException: Unsolved symbol in de.uka.ilkd.key.java.JavaParserFactory$DynamicTypeSolver@596fef4f : java.lang.Object
	at com.github.javaparser.resolution.TypeSolver.solveType(TypeSolver.java:71)

45883      ERROR Test worker     d.u.i.k.n.b.TacletPBuilder Error in parsing taclet. de.uka.ilkd.key.util.parsing.BuildingException: Unsolved symbol in de.uka.ilkd.key.java.JavaParserFactory$DynamicTypeSolver@596fef4f : java.lang.Object at file:/home/runner/work/key/key/key.core/build/resources/main/de/uka/ilkd/key/proof/rules/javaRules.key:2648:15
	at de.uka.ilkd.key.nparser.builder.AbstractBuilder.accept(AbstractBuilder.java:54)
Caused by: com.github.javaparser.resolution.UnsolvedSymbolException: Unsolved symbol in de.uka.ilkd.key.java.JavaParserFactory$DynamicTypeSolver@596fef4f : java.lang.Object
	at com.github.javaparser.resolution.TypeSolver.solveType(TypeSolver.java:71)

45885      ERROR Test worker     d.u.i.k.n.b.AbstractBuilder  com.github.javaparser.resolution.UnsolvedSymbolException: Unsolved symbol in de.uka.ilkd.key.java.JavaParserFactory$DynamicTypeSolver@596fef4f : java.lang.Object
	at com.github.javaparser.resolution.TypeSolver.solveType(TypeSolver.java:71)

45885      ERROR Test worker     d.u.i.k.n.b.TacletPBuilder Error in parsing taclet. de.uka.ilkd.key.util.parsing.BuildingException: Unsolved symbol in de.uka.ilkd.key.java.JavaParserFactory$DynamicTypeSolver@596fef4f : java.lang.Object at file:/home/runner/work/key/key/key.core/build/resources/main/de/uka/ilkd/key/proof/rules/javaRules.key:2663:15
	at de.uka.ilkd.key.nparser.builder.AbstractBuilder.accept(AbstractBuilder.java:54)
Caused by: com.github.javaparser.resolution.UnsolvedSymbolException: Unsolved symbol in de.uka.ilkd.key.java.JavaParserFactory$DynamicTypeSolver@596fef4f : java.lang.Object
	at com.github.javaparser.resolution.TypeSolver.solveType(TypeSolver.java:71)

45887      ERROR Test worker     d.u.i.k.n.b.AbstractBuilder  com.github.javaparser.resolution.UnsolvedSymbolException: Unsolved symbol in de.uka.ilkd.key.java.JavaParserFactory$DynamicTypeSolver@596fef4f : java.lang.Object
	at com.github.javaparser.resolution.TypeSolver.solveType(TypeSolver.java:71)

45888      ERROR Test worker     d.u.i.k.n.b.TacletPBuilder Error in parsing taclet. de.uka.ilkd.key.util.parsing.BuildingException: Unsolved symbol in de.uka.ilkd.key.java.JavaParserFactory$DynamicTypeSolver@596fef4f : java.lang.Object at file:/home/runner/work/key/key/key.core/build/resources/main/de/uka/ilkd/key/proof/rules/javaRules.key:2670:15
	at de.uka.ilkd.key.nparser.builder.AbstractBuilder.accept(AbstractBuilder.java:54)
Caused by: com.github.javaparser.resolution.UnsolvedSymbolException: Unsolved symbol in de.uka.ilkd.key.java.JavaParserFactory$DynamicTypeSolver@596fef4f : java.lang.Object
	at com.github.javaparser.resolution.TypeSolver.solveType(TypeSolver.java:71)

45890      ERROR Test worker     d.u.i.k.n.b.AbstractBuilder  com.github.javaparser.resolution.UnsolvedSymbolException: Unsolved symbol in de.uka.ilkd.key.java.JavaParserFactory$DynamicTypeSolver@596fef4f : java.lang.Object
	at com.github.javaparser.resolution.TypeSolver.solveType(TypeSolver.java:71)

45890      ERROR Test worker     d.u.i.k.n.b.TacletPBuilder Error in parsing taclet. de.uka.ilkd.key.util.parsing.BuildingException: Unsolved symbol in de.uka.ilkd.key.java.JavaParserFactory$DynamicTypeSolver@596fef4f : java.lang.Object at file:/home/runner/work/key/key/key.core/build/resources/main/de/uka/ilkd/key/proof/rules/javaRules.key:2678:15
	at de.uka.ilkd.key.nparser.builder.AbstractBuilder.accept(AbstractBuilder.java:54)
Caused by: com.github.javaparser.resolution.UnsolvedSymbolException: Unsolved symbol in de.uka.ilkd.key.java.JavaParserFactory$DynamicTypeSolver@596fef4f : java.lang.Object
	at com.github.javaparser.resolution.TypeSolver.solveType(TypeSolver.java:71)

45892      ERROR Test worker     d.u.i.k.n.b.AbstractBuilder  com.github.javaparser.resolution.UnsolvedSymbolException: Unsolved symbol in de.uka.ilkd.key.java.JavaParserFactory$DynamicTypeSolver@596fef4f : java.lang.Object
	at com.github.javaparser.resolution.TypeSolver.solveType(TypeSolver.java:71)

45893      ERROR Test worker     d.u.i.k.n.b.TacletPBuilder Error in parsing taclet. de.uka.ilkd.key.util.parsing.BuildingException: Unsolved symbol in de.uka.ilkd.key.java.JavaParserFactory$DynamicTypeSolver@596fef4f : java.lang.Object at file:/home/runner/work/key/key/key.core/build/resources/main/de/uka/ilkd/key/proof/rules/javaRules.key:2685:15
	at de.uka.ilkd.key.nparser.builder.AbstractBuilder.accept(AbstractBuilder.java:54)
Caused by: com.github.javaparser.resolution.UnsolvedSymbolException: Unsolved symbol in de.uka.ilkd.key.java.JavaParserFactory$DynamicTypeSolver@596fef4f : java.lang.Object
	at com.github.javaparser.resolution.TypeSolver.solveType(TypeSolver.java:71)

45894      ERROR Test worker     d.u.i.k.n.b.AbstractBuilder  com.github.javaparser.resolution.UnsolvedSymbolException: Unsolved symbol in de.uka.ilkd.key.java.JavaParserFactory$DynamicTypeSolver@596fef4f : java.lang.Object
	at com.github.javaparser.resolution.TypeSolver.solveType(TypeSolver.java:71)

45895      ERROR Test worker     d.u.i.k.n.b.TacletPBuilder Error in parsing taclet. de.uka.ilkd.key.util.parsing.BuildingException: Unsolved symbol in de.uka.ilkd.key.java.JavaParserFactory$DynamicTypeSolver@596fef4f : java.lang.Object at file:/home/runner/work/key/key/key.core/build/resources/main/de/uka/ilkd/key/proof/rules/javaRules.key:2693:15
	at de.uka.ilkd.key.nparser.builder.AbstractBuilder.accept(AbstractBuilder.java:54)
Caused by: com.github.javaparser.resolution.UnsolvedSymbolException: Unsolved symbol in de.uka.ilkd.key.java.JavaParserFactory$DynamicTypeSolver@596fef4f : java.lang.Object
	at com.github.javaparser.resolution.TypeSolver.solveType(TypeSolver.java:71)

45897      ERROR Test worker     d.u.i.k.n.b.AbstractBuilder  com.github.javaparser.resolution.UnsolvedSymbolException: Unsolved symbol in de.uka.ilkd.key.java.JavaParserFactory$DynamicTypeSolver@596fef4f : java.lang.Object
	at com.github.javaparser.resolution.TypeSolver.solveType(TypeSolver.java:71)

45897      ERROR Test worker     d.u.i.k.n.b.TacletPBuilder Error in parsing taclet. de.uka.ilkd.key.util.parsing.BuildingException: Unsolved symbol in de.uka.ilkd.key.java.JavaParserFactory$DynamicTypeSolver@596fef4f : java.lang.Object at file:/home/runner/work/key/key/key.core/build/resources/main/de/uka/ilkd/key/proof/rules/javaRules.key:2701:15
	at de.uka.ilkd.key.nparser.builder.AbstractBuilder.accept(AbstractBuilder.java:54)
Caused by: com.github.javaparser.resolution.UnsolvedSymbolException: Unsolved symbol in de.uka.ilkd.key.java.JavaParserFactory$DynamicTypeSolver@596fef4f : java.lang.Object
	at com.github.javaparser.resolution.TypeSolver.solveType(TypeSolver.java:71)

45899      ERROR Test worker     d.u.i.k.n.b.AbstractBuilder  com.github.javaparser.resolution.UnsolvedSymbolException: Unsolved symbol in de.uka.ilkd.key.java.JavaParserFactory$DynamicTypeSolver@596fef4f : java.lang.Object
	at com.github.javaparser.resolution.TypeSolver.solveType(TypeSolver.java:71)

45900      ERROR Test worker     d.u.i.k.n.b.TacletPBuilder Error in parsing taclet. de.uka.ilkd.key.util.parsing.BuildingException: Unsolved symbol in de.uka.ilkd.key.java.JavaParserFactory$DynamicTypeSolver@596fef4f : java.lang.Object at file:/home/runner/work/key/key/key.core/build/resources/main/de/uka/ilkd/key/proof/rules/javaRules.key:2710:15
	at de.uka.ilkd.key.nparser.builder.AbstractBuilder.accept(AbstractBuilder.java:54)
Caused by: com.github.javaparser.resolution.UnsolvedSymbolException: Unsolved symbol in de.uka.ilkd.key.java.JavaParserFactory$DynamicTypeSolver@596fef4f : java.lang.Object
	at com.github.javaparser.resolution.TypeSolver.solveType(TypeSolver.java:71)

45901      ERROR Test worker     d.u.i.k.n.b.AbstractBuilder  com.github.javaparser.resolution.UnsolvedSymbolException: Unsolved symbol in de.uka.ilkd.key.java.JavaParserFactory$DynamicTypeSolver@596fef4f : java.lang.Object
	at com.github.javaparser.resolution.TypeSolver.solveType(TypeSolver.java:71)

45902      ERROR Test worker     d.u.i.k.n.b.TacletPBuilder Error in parsing taclet. de.uka.ilkd.key.util.parsing.BuildingException: Unsolved symbol in de.uka.ilkd.key.java.JavaParserFactory$DynamicTypeSolver@596fef4f : java.lang.Object at file:/home/runner/work/key/key/key.core/build/resources/main/de/uka/ilkd/key/proof/rules/javaRules.key:2718:15
	at de.uka.ilkd.key.nparser.builder.AbstractBuilder.accept(AbstractBuilder.java:54)
Caused by: com.github.javaparser.resolution.UnsolvedSymbolException: Unsolved symbol in de.uka.ilkd.key.java.JavaParserFactory$DynamicTypeSolver@596fef4f : java.lang.Object
	at com.github.javaparser.resolution.TypeSolver.solveType(TypeSolver.java:71)

45904      ERROR Test worker     d.u.i.k.n.b.AbstractBuilder  com.github.javaparser.resolution.UnsolvedSymbolException: Unsolved symbol in de.uka.ilkd.key.java.JavaParserFactory$DynamicTypeSolver@596fef4f : java.lang.Object
	at com.github.javaparser.resolution.TypeSolver.solveType(TypeSolver.java:71)

45904      ERROR Test worker     d.u.i.k.n.b.TacletPBuilder Error in parsing taclet. de.uka.ilkd.key.util.parsing.BuildingException: Unsolved symbol in de.uka.ilkd.key.java.JavaParserFactory$DynamicTypeSolver@596fef4f : java.lang.Object at file:/home/runner/work/key/key/key.core/build/resources/main/de/uka/ilkd/key/proof/rules/javaRules.key:2725:15
	at de.uka.ilkd.key.nparser.builder.AbstractBuilder.accept(AbstractBuilder.java:54)
Caused by: com.github.javaparser.resolution.UnsolvedSymbolException: Unsolved symbol in de.uka.ilkd.key.java.JavaParserFactory$DynamicTypeSolver@596fef4f : java.lang.Object
	at com.github.javaparser.resolution.TypeSolver.solveType(TypeSolver.java:71)

45906      ERROR Test worker     d.u.i.k.n.b.AbstractBuilder  com.github.javaparser.resolution.UnsolvedSymbolException: Unsolved symbol in de.uka.ilkd.key.java.JavaParserFactory$DynamicTypeSolver@596fef4f : java.lang.Object
	at com.github.javaparser.resolution.TypeSolver.solveType(TypeSolver.java:71)

45907      ERROR Test worker     d.u.i.k.n.b.TacletPBuilder Error in parsing taclet. de.uka.ilkd.key.util.parsing.BuildingException: Unsolved symbol in de.uka.ilkd.key.java.JavaParserFactory$DynamicTypeSolver@596fef4f : java.lang.Object at file:/home/runner/work/key/key/key.core/build/resources/main/de/uka/ilkd/key/proof/rules/javaRules.key:2733:15
	at de.uka.ilkd.key.nparser.builder.AbstractBuilder.accept(AbstractBuilder.java:54)
Caused by: com.github.javaparser.resolution.UnsolvedSymbolException: Unsolved symbol in de.uka.ilkd.key.java.JavaParserFactory$DynamicTypeSolver@596fef4f : java.lang.Object
	at com.github.javaparser.resolution.TypeSolver.solveType(TypeSolver.java:71)

45909      ERROR Test worker     d.u.i.k.n.b.AbstractBuilder  com.github.javaparser.resolution.UnsolvedSymbolException: Unsolved symbol in de.uka.ilkd.key.java.JavaParserFactory$DynamicTypeSolver@596fef4f : java.lang.Object
	at com.github.javaparser.resolution.TypeSolver.solveType(TypeSolver.java:71)

45909      ERROR Test worker     d.u.i.k.n.b.TacletPBuilder Error in parsing taclet. de.uka.ilkd.key.util.parsing.BuildingException: Unsolved symbol in de.uka.ilkd.key.java.JavaParserFactory$DynamicTypeSolver@596fef4f : java.lang.Object at file:/home/runner/work/key/key/key.core/build/resources/main/de/uka/ilkd/key/proof/rules/javaRules.key:2741:15
	at de.uka.ilkd.key.nparser.builder.AbstractBuilder.accept(AbstractBuilder.java:54)
Caused by: com.github.javaparser.resolution.UnsolvedSymbolException: Unsolved symbol in de.uka.ilkd.key.java.JavaParserFactory$DynamicTypeSolver@596fef4f : java.lang.Object
	at com.github.javaparser.resolution.TypeSolver.solveType(TypeSolver.java:71)

45911      ERROR Test worker     d.u.i.k.n.b.AbstractBuilder  com.github.javaparser.resolution.UnsolvedSymbolException: Unsolved symbol in de.uka.ilkd.key.java.JavaParserFactory$DynamicTypeSolver@596fef4f : java.lang.Object
	at com.github.javaparser.resolution.TypeSolver.solveType(TypeSolver.java:71)

45911      ERROR Test worker     d.u.i.k.n.b.TacletPBuilder Error in parsing taclet. de.uka.ilkd.key.util.parsing.BuildingException: Unsolved symbol in de.uka.ilkd.key.java.JavaParserFactory$DynamicTypeSolver@596fef4f : java.lang.Object at file:/home/runner/work/key/key/key.core/build/resources/main/de/uka/ilkd/key/proof/rules/javaRules.key:2750:15
	at de.uka.ilkd.key.nparser.builder.AbstractBuilder.accept(AbstractBuilder.java:54)
Caused by: com.github.javaparser.resolution.UnsolvedSymbolException: Unsolved symbol in de.uka.ilkd.key.java.JavaParserFactory$DynamicTypeSolver@596fef4f : java.lang.Object
	at com.github.javaparser.resolution.TypeSolver.solveType(TypeSolver.java:71)

45913      ERROR Test worker     d.u.i.k.n.b.AbstractBuilder  com.github.javaparser.resolution.UnsolvedSymbolException: Unsolved symbol in de.uka.ilkd.key.java.JavaParserFactory$DynamicTypeSolver@596fef4f : java.lang.Object
	at com.github.javaparser.resolution.TypeSolver.solveType(TypeSolver.java:71)

45914      ERROR Test worker     d.u.i.k.n.b.TacletPBuilder Error in parsing taclet. de.uka.ilkd.key.util.parsing.BuildingException: Unsolved symbol in de.uka.ilkd.key.java.JavaParserFactory$DynamicTypeSolver@596fef4f : java.lang.Object at file:/home/runner/work/key/key/key.core/build/resources/main/de/uka/ilkd/key/proof/rules/javaRules.key:2758:15
	at de.uka.ilkd.key.nparser.builder.AbstractBuilder.accept(AbstractBuilder.java:54)
Caused by: com.github.javaparser.resolution.UnsolvedSymbolException: Unsolved symbol in de.uka.ilkd.key.java.JavaParserFactory$DynamicTypeSolver@596fef4f : java.lang.Object
	at com.github.javaparser.resolution.TypeSolver.solveType(TypeSolver.java:71)

45916      ERROR Test worker     d.u.i.k.n.b.AbstractBuilder  com.github.javaparser.resolution.UnsolvedSymbolException: Unsolved symbol in de.uka.ilkd.key.java.JavaParserFactory$DynamicTypeSolver@596fef4f : java.lang.Object
	at com.github.javaparser.resolution.TypeSolver.solveType(TypeSolver.java:71)

45916      ERROR Test worker     d.u.i.k.n.b.TacletPBuilder Error in parsing taclet. de.uka.ilkd.key.util.parsing.BuildingException: Unsolved symbol in de.uka.ilkd.key.java.JavaParserFactory$DynamicTypeSolver@596fef4f : java.lang.Object at file:/home/runner/work/key/key/key.core/build/resources/main/de/uka/ilkd/key/proof/rules/javaRules.key:2767:15
	at de.uka.ilkd.key.nparser.builder.AbstractBuilder.accept(AbstractBuilder.java:54)
Caused by: com.github.javaparser.resolution.UnsolvedSymbolException: Unsolved symbol in de.uka.ilkd.key.java.JavaParserFactory$DynamicTypeSolver@596fef4f : java.lang.Object
	at com.github.javaparser.resolution.TypeSolver.solveType(TypeSolver.java:71)

45919      ERROR Test worker     d.u.i.k.n.b.AbstractBuilder  com.github.javaparser.resolution.UnsolvedSymbolException: Unsolved symbol in de.uka.ilkd.key.java.JavaParserFactory$DynamicTypeSolver@596fef4f : java.lang.Object
	at com.github.javaparser.resolution.TypeSolver.solveType(TypeSolver.java:71)

45920      ERROR Test worker     d.u.i.k.n.b.TacletPBuilder Error in parsing taclet. de.uka.ilkd.key.util.parsing.BuildingException: Unsolved symbol in de.uka.ilkd.key.java.JavaParserFactory$DynamicTypeSolver@596fef4f : java.lang.Object at file:/home/runner/work/key/key/key.core/build/resources/main/de/uka/ilkd/key/proof/rules/javaRules.key:2779:15
	at de.uka.ilkd.key.nparser.builder.AbstractBuilder.accept(AbstractBuilder.java:54)
Caused by: com.github.javaparser.resolution.UnsolvedSymbolException: Unsolved symbol in de.uka.ilkd.key.java.JavaParserFactory$DynamicTypeSolver@596fef4f : java.lang.Object
	at com.github.javaparser.resolution.TypeSolver.solveType(TypeSolver.java:71)

45922      ERROR Test worker     d.u.i.k.n.b.AbstractBuilder  com.github.javaparser.resolution.UnsolvedSymbolException: Unsolved symbol in de.uka.ilkd.key.java.JavaParserFactory$DynamicTypeSolver@596fef4f : java.lang.Object
	at com.github.javaparser.resolution.TypeSolver.solveType(TypeSolver.java:71)

45922      ERROR Test worker     d.u.i.k.n.b.TacletPBuilder Error in parsing taclet. de.uka.ilkd.key.util.parsing.BuildingException: Unsolved symbol in de.uka.ilkd.key.java.JavaParserFactory$DynamicTypeSolver@596fef4f : java.lang.Object at file:/home/runner/work/key/key/key.core/build/resources/main/de/uka/ilkd/key/proof/rules/javaRules.key:2789:15
	at de.uka.ilkd.key.nparser.builder.AbstractBuilder.accept(AbstractBuilder.java:54)
Caused by: com.github.javaparser.resolution.UnsolvedSymbolException: Unsolved symbol in de.uka.ilkd.key.java.JavaParserFactory$DynamicTypeSolver@596fef4f : java.lang.Object
	at com.github.javaparser.resolution.TypeSolver.solveType(TypeSolver.java:71)

45924      ERROR Test worker     d.u.i.k.n.b.AbstractBuilder  com.github.javaparser.resolution.UnsolvedSymbolException: Unsolved symbol in de.uka.ilkd.key.java.JavaParserFactory$DynamicTypeSolver@596fef4f : java.lang.Object
	at com.github.javaparser.resolution.TypeSolver.solveType(TypeSolver.java:71)

45924      ERROR Test worker     d.u.i.k.n.b.TacletPBuilder Error in parsing taclet. de.uka.ilkd.key.util.parsing.BuildingException: Unsolved symbol in de.uka.ilkd.key.java.JavaParserFactory$DynamicTypeSolver@596fef4f : java.lang.Object at file:/home/runner/work/key/key/key.core/build/resources/main/de/uka/ilkd/key/proof/rules/javaRules.key:2802:15
	at de.uka.ilkd.key.nparser.builder.AbstractBuilder.accept(AbstractBuilder.java:54)
Caused by: com.github.javaparser.resolution.UnsolvedSymbolException: Unsolved symbol in de.uka.ilkd.key.java.JavaParserFactory$DynamicTypeSolver@596fef4f : java.lang.Object
	at com.github.javaparser.resolution.TypeSolver.solveType(TypeSolver.java:71)

45926      ERROR Test worker     d.u.i.k.n.b.AbstractBuilder  com.github.javaparser.resolution.UnsolvedSymbolException: Unsolved symbol in de.uka.ilkd.key.java.JavaParserFactory$DynamicTypeSolver@596fef4f : java.lang.Object
	at com.github.javaparser.resolution.TypeSolver.solveType(TypeSolver.java:71)

45927      ERROR Test worker     d.u.i.k.n.b.TacletPBuilder Error in parsing taclet. de.uka.ilkd.key.util.parsing.BuildingException: Unsolved symbol in de.uka.ilkd.key.java.JavaParserFactory$DynamicTypeSolver@596fef4f : java.lang.Object at file:/home/runner/work/key/key/key.core/build/resources/main/de/uka/ilkd/key/proof/rules/javaRules.key:2816:15
	at de.uka.ilkd.key.nparser.builder.AbstractBuilder.accept(AbstractBuilder.java:54)
Caused by: com.github.javaparser.resolution.UnsolvedSymbolException: Unsolved symbol in de.uka.ilkd.key.java.JavaParserFactory$DynamicTypeSolver@596fef4f : java.lang.Object
	at com.github.javaparser.resolution.TypeSolver.solveType(TypeSolver.java:71)

45929      ERROR Test worker     d.u.i.k.n.b.AbstractBuilder  com.github.javaparser.resolution.UnsolvedSymbolException: Unsolved symbol in de.uka.ilkd.key.java.JavaParserFactory$DynamicTypeSolver@596fef4f : java.lang.Object
	at com.github.javaparser.resolution.TypeSolver.solveType(TypeSolver.java:71)

45929      ERROR Test worker     d.u.i.k.n.b.TacletPBuilder Error in parsing taclet. de.uka.ilkd.key.util.parsing.BuildingException: Unsolved symbol in de.uka.ilkd.key.java.JavaParserFactory$DynamicTypeSolver@596fef4f : java.lang.Object at file:/home/runner/work/key/key/key.core/build/resources/main/de/uka/ilkd/key/proof/rules/javaRules.key:2828:15
	at de.uka.ilkd.key.nparser.builder.AbstractBuilder.accept(AbstractBuilder.java:54)
Caused by: com.github.javaparser.resolution.UnsolvedSymbolException: Unsolved symbol in de.uka.ilkd.key.java.JavaParserFactory$DynamicTypeSolver@596fef4f : java.lang.Object
	at com.github.javaparser.resolution.TypeSolver.solveType(TypeSolver.java:71)

45931      ERROR Test worker     d.u.i.k.n.b.AbstractBuilder  com.github.javaparser.resolution.UnsolvedSymbolException: Unsolved symbol in de.uka.ilkd.key.java.JavaParserFactory$DynamicTypeSolver@596fef4f : java.lang.Object
	at com.github.javaparser.resolution.TypeSolver.solveType(TypeSolver.java:71)

45931      ERROR Test worker     d.u.i.k.n.b.TacletPBuilder Error in parsing taclet. de.uka.ilkd.key.util.parsing.BuildingException: Unsolved symbol in de.uka.ilkd.key.java.JavaParserFactory$DynamicTypeSolver@596fef4f : java.lang.Object at file:/home/runner/work/key/key/key.core/build/resources/main/de/uka/ilkd/key/proof/rules/javaRules.key:2838:15
	at de.uka.ilkd.key.nparser.builder.AbstractBuilder.accept(AbstractBuilder.java:54)
Caused by: com.github.javaparser.resolution.UnsolvedSymbolException: Unsolved symbol in de.uka.ilkd.key.java.JavaParserFactory$DynamicTypeSolver@596fef4f : java.lang.Object
	at com.github.javaparser.resolution.TypeSolver.solveType(TypeSolver.java:71)

45933      ERROR Test worker     d.u.i.k.n.b.AbstractBuilder  com.github.javaparser.resolution.UnsolvedSymbolException: Unsolved symbol in de.uka.ilkd.key.java.JavaParserFactory$DynamicTypeSolver@596fef4f : java.lang.Object
	at com.github.javaparser.resolution.TypeSolver.solveType(TypeSolver.java:71)

45934      ERROR Test worker     d.u.i.k.n.b.TacletPBuilder Error in parsing taclet. de.uka.ilkd.key.util.parsing.BuildingException: Unsolved symbol in de.uka.ilkd.key.java.JavaParserFactory$DynamicTypeSolver@596fef4f : java.lang.Object at file:/home/runner/work/key/key/key.core/build/resources/main/de/uka/ilkd/key/proof/rules/javaRules.key:2849:15
	at de.uka.ilkd.key.nparser.builder.AbstractBuilder.accept(AbstractBuilder.java:54)
Caused by: com.github.javaparser.resolution.UnsolvedSymbolException: Unsolved symbol in de.uka.ilkd.key.java.JavaParserFactory$DynamicTypeSolver@596fef4f : java.lang.Object
	at com.github.javaparser.resolution.TypeSolver.solveType(TypeSolver.java:71)

45936      ERROR Test worker     d.u.i.k.n.b.AbstractBuilder  com.github.javaparser.resolution.UnsolvedSymbolException: Unsolved symbol in de.uka.ilkd.key.java.JavaParserFactory$DynamicTypeSolver@596fef4f : java.lang.Object
	at com.github.javaparser.resolution.TypeSolver.solveType(TypeSolver.java:71)

45936      ERROR Test worker     d.u.i.k.n.b.TacletPBuilder Error in parsing taclet. de.uka.ilkd.key.util.parsing.BuildingException: Unsolved symbol in de.uka.ilkd.key.java.JavaParserFactory$DynamicTypeSolver@596fef4f : java.lang.Object at file:/home/runner/work/key/key/key.core/build/resources/main/de/uka/ilkd/key/proof/rules/javaRules.key:2860:15
	at de.uka.ilkd.key.nparser.builder.AbstractBuilder.accept(AbstractBuilder.java:54)
Caused by: com.github.javaparser.resolution.UnsolvedSymbolException: Unsolved symbol in de.uka.ilkd.key.java.JavaParserFactory$DynamicTypeSolver@596fef4f : java.lang.Object
	at com.github.javaparser.resolution.TypeSolver.solveType(TypeSolver.java:71)

45938      ERROR Test worker     d.u.i.k.n.b.AbstractBuilder  com.github.javaparser.resolution.UnsolvedSymbolException: Unsolved symbol in de.uka.ilkd.key.java.JavaParserFactory$DynamicTypeSolver@596fef4f : java.lang.Object
	at com.github.javaparser.resolution.TypeSolver.solveType(TypeSolver.java:71)

45939      ERROR Test worker     d.u.i.k.n.b.TacletPBuilder Error in parsing taclet. de.uka.ilkd.key.util.parsing.BuildingException: Unsolved symbol in de.uka.ilkd.key.java.JavaParserFactory$DynamicTypeSolver@596fef4f : java.lang.Object at file:/home/runner/work/key/key/key.core/build/resources/main/de/uka/ilkd/key/proof/rules/javaRules.key:2868:15
	at de.uka.ilkd.key.nparser.builder.AbstractBuilder.accept(AbstractBuilder.java:54)
Caused by: com.github.javaparser.resolution.UnsolvedSymbolException: Unsolved symbol in de.uka.ilkd.key.java.JavaParserFactory$DynamicTypeSolver@596fef4f : java.lang.Object
	at com.github.javaparser.resolution.TypeSolver.solveType(TypeSolver.java:71)

45940      ERROR Test worker     d.u.i.k.n.b.AbstractBuilder  com.github.javaparser.resolution.UnsolvedSymbolException: Unsolved symbol in de.uka.ilkd.key.java.JavaParserFactory$DynamicTypeSolver@596fef4f : java.lang.Object
	at com.github.javaparser.resolution.TypeSolver.solveType(TypeSolver.java:71)

45941      ERROR Test worker     d.u.i.k.n.b.TacletPBuilder Error in parsing taclet. de.uka.ilkd.key.util.parsing.BuildingException: Unsolved symbol in de.uka.ilkd.key.java.JavaParserFactory$DynamicTypeSolver@596fef4f : java.lang.Object at file:/home/runner/work/key/key/key.core/build/resources/main/de/uka/ilkd/key/proof/rules/javaRules.key:2876:15
	at de.uka.ilkd.key.nparser.builder.AbstractBuilder.accept(AbstractBuilder.java:54)
Caused by: com.github.javaparser.resolution.UnsolvedSymbolException: Unsolved symbol in de.uka.ilkd.key.java.JavaParserFactory$DynamicTypeSolver@596fef4f : java.lang.Object
	at com.github.javaparser.resolution.TypeSolver.solveType(TypeSolver.java:71)

45943      ERROR Test worker     d.u.i.k.n.b.AbstractBuilder  com.github.javaparser.resolution.UnsolvedSymbolException: Unsolved symbol in de.uka.ilkd.key.java.JavaParserFactory$DynamicTypeSolver@596fef4f : java.lang.Object
	at com.github.javaparser.resolution.TypeSolver.solveType(TypeSolver.java:71)

45943      ERROR Test worker     d.u.i.k.n.b.TacletPBuilder Error in parsing taclet. de.uka.ilkd.key.util.parsing.BuildingException: Unsolved symbol in de.uka.ilkd.key.java.JavaParserFactory$DynamicTypeSolver@596fef4f : java.lang.Object at file:/home/runner/work/key/key/key.core/build/resources/main/de/uka/ilkd/key/proof/rules/javaRules.key:2888:15
	at de.uka.ilkd.key.nparser.builder.AbstractBuilder.accept(AbstractBuilder.java:54)
Caused by: com.github.javaparser.resolution.UnsolvedSymbolException: Unsolved symbol in de.uka.ilkd.key.java.JavaParserFactory$DynamicTypeSolver@596fef4f : java.lang.Object
	at com.github.javaparser.resolution.TypeSolver.solveType(TypeSolver.java:71)

45945      ERROR Test worker     d.u.i.k.n.b.AbstractBuilder  com.github.javaparser.resolution.UnsolvedSymbolException: Unsolved symbol in de.uka.ilkd.key.java.JavaParserFactory$DynamicTypeSolver@596fef4f : java.lang.Object
	at com.github.javaparser.resolution.TypeSolver.solveType(TypeSolver.java:71)

45946      ERROR Test worker     d.u.i.k.n.b.TacletPBuilder Error in parsing taclet. de.uka.ilkd.key.util.parsing.BuildingException: Unsolved symbol in de.uka.ilkd.key.java.JavaParserFactory$DynamicTypeSolver@596fef4f : java.lang.Object at file:/home/runner/work/key/key/key.core/build/resources/main/de/uka/ilkd/key/proof/rules/javaRules.key:2904:15
	at de.uka.ilkd.key.nparser.builder.AbstractBuilder.accept(AbstractBuilder.java:54)
Caused by: com.github.javaparser.resolution.UnsolvedSymbolException: Unsolved symbol in de.uka.ilkd.key.java.JavaParserFactory$DynamicTypeSolver@596fef4f : java.lang.Object
	at com.github.javaparser.resolution.TypeSolver.solveType(TypeSolver.java:71)

45948      ERROR Test worker     d.u.i.k.n.b.AbstractBuilder  com.github.javaparser.resolution.UnsolvedSymbolException: Unsolved symbol in de.uka.ilkd.key.java.JavaParserFactory$DynamicTypeSolver@596fef4f : java.lang.Object
	at com.github.javaparser.resolution.TypeSolver.solveType(TypeSolver.java:71)

45948      ERROR Test worker     d.u.i.k.n.b.TacletPBuilder Error in parsing taclet. de.uka.ilkd.key.util.parsing.BuildingException: Unsolved symbol in de.uka.ilkd.key.java.JavaParserFactory$DynamicTypeSolver@596fef4f : java.lang.Object at file:/home/runner/work/key/key/key.core/build/resources/main/de/uka/ilkd/key/proof/rules/javaRules.key:2932:15
	at de.uka.ilkd.key.nparser.builder.AbstractBuilder.accept(AbstractBuilder.java:54)
Caused by: com.github.javaparser.resolution.UnsolvedSymbolException: Unsolved symbol in de.uka.ilkd.key.java.JavaParserFactory$DynamicTypeSolver@596fef4f : java.lang.Object
	at com.github.javaparser.resolution.TypeSolver.solveType(TypeSolver.java:71)

45950      ERROR Test worker     d.u.i.k.n.b.AbstractBuilder  com.github.javaparser.resolution.UnsolvedSymbolException: Unsolved symbol in de.uka.ilkd.key.java.JavaParserFactory$DynamicTypeSolver@596fef4f : java.lang.Object
	at com.github.javaparser.resolution.TypeSolver.solveType(TypeSolver.java:71)

45951      ERROR Test worker     d.u.i.k.n.b.TacletPBuilder Error in parsing taclet. de.uka.ilkd.key.util.parsing.BuildingException: Unsolved symbol in de.uka.ilkd.key.java.JavaParserFactory$DynamicTypeSolver@596fef4f : java.lang.Object at file:/home/runner/work/key/key/key.core/build/resources/main/de/uka/ilkd/key/proof/rules/javaRules.key:2963:20
	at de.uka.ilkd.key.nparser.builder.AbstractBuilder.accept(AbstractBuilder.java:54)
Caused by: com.github.javaparser.resolution.UnsolvedSymbolException: Unsolved symbol in de.uka.ilkd.key.java.JavaParserFactory$DynamicTypeSolver@596fef4f : java.lang.Object
	at com.github.javaparser.resolution.TypeSolver.solveType(TypeSolver.java:71)

45953      ERROR Test worker     d.u.i.k.n.b.AbstractBuilder  com.github.javaparser.resolution.UnsolvedSymbolException: Unsolved symbol in de.uka.ilkd.key.java.JavaParserFactory$DynamicTypeSolver@596fef4f : java.lang.Object
	at com.github.javaparser.resolution.TypeSolver.solveType(TypeSolver.java:71)

45961      ERROR Test worker     d.u.i.k.n.b.TacletPBuilder Error in parsing taclet. de.uka.ilkd.key.util.parsing.BuildingException: Unsolved symbol in de.uka.ilkd.key.java.JavaParserFactory$DynamicTypeSolver@596fef4f : java.lang.Object at file:/home/runner/work/key/key/key.core/build/resources/main/de/uka/ilkd/key/proof/rules/javaRules.key:2989:15
	at de.uka.ilkd.key.nparser.builder.AbstractBuilder.accept(AbstractBuilder.java:54)
Caused by: com.github.javaparser.resolution.UnsolvedSymbolException: Unsolved symbol in de.uka.ilkd.key.java.JavaParserFactory$DynamicTypeSolver@596fef4f : java.lang.Object
	at com.github.javaparser.resolution.TypeSolver.solveType(TypeSolver.java:71)

45963      ERROR Test worker     d.u.i.k.n.b.AbstractBuilder  com.github.javaparser.resolution.UnsolvedSymbolException: Unsolved symbol in de.uka.ilkd.key.java.JavaParserFactory$DynamicTypeSolver@596fef4f : java.lang.Object
	at com.github.javaparser.resolution.TypeSolver.solveType(TypeSolver.java:71)

45963      ERROR Test worker     d.u.i.k.n.b.TacletPBuilder Error in parsing taclet. de.uka.ilkd.key.util.parsing.BuildingException: Unsolved symbol in de.uka.ilkd.key.java.JavaParserFactory$DynamicTypeSolver@596fef4f : java.lang.Object at file:/home/runner/work/key/key/key.core/build/resources/main/de/uka/ilkd/key/proof/rules/javaRules.key:2999:20
	at de.uka.ilkd.key.nparser.builder.AbstractBuilder.accept(AbstractBuilder.java:54)
Caused by: com.github.javaparser.resolution.UnsolvedSymbolException: Unsolved symbol in de.uka.ilkd.key.java.JavaParserFactory$DynamicTypeSolver@596fef4f : java.lang.Object
	at com.github.javaparser.resolution.TypeSolver.solveType(TypeSolver.java:71)

45965      ERROR Test worker     d.u.i.k.n.b.AbstractBuilder  com.github.javaparser.resolution.UnsolvedSymbolException: Unsolved symbol in de.uka.ilkd.key.java.JavaParserFactory$DynamicTypeSolver@596fef4f : java.lang.Object
	at com.github.javaparser.resolution.TypeSolver.solveType(TypeSolver.java:71)

45966      ERROR Test worker     d.u.i.k.n.b.TacletPBuilder Error in parsing taclet. de.uka.ilkd.key.util.parsing.BuildingException: Unsolved symbol in de.uka.ilkd.key.java.JavaParserFactory$DynamicTypeSolver@596fef4f : java.lang.Object at file:/home/runner/work/key/key/key.core/build/resources/main/de/uka/ilkd/key/proof/rules/javaRules.key:3030:15
	at de.uka.ilkd.key.nparser.builder.AbstractBuilder.accept(AbstractBuilder.java:54)
Caused by: com.github.javaparser.resolution.UnsolvedSymbolException: Unsolved symbol in de.uka.ilkd.key.java.JavaParserFactory$DynamicTypeSolver@596fef4f : java.lang.Object
	at com.github.javaparser.resolution.TypeSolver.solveType(TypeSolver.java:71)

45968      ERROR Test worker     d.u.i.k.n.b.AbstractBuilder  com.github.javaparser.resolution.UnsolvedSymbolException: Unsolved symbol in de.uka.ilkd.key.java.JavaParserFactory$DynamicTypeSolver@596fef4f : java.lang.Object
	at com.github.javaparser.resolution.TypeSolver.solveType(TypeSolver.java:71)

45968      ERROR Test worker     d.u.i.k.n.b.TacletPBuilder Error in parsing taclet. de.uka.ilkd.key.util.parsing.BuildingException: Unsolved symbol in de.uka.ilkd.key.java.JavaParserFactory$DynamicTypeSolver@596fef4f : java.lang.Object at file:/home/runner/work/key/key/key.core/build/resources/main/de/uka/ilkd/key/proof/rules/javaRules.key:3049:15
	at de.uka.ilkd.key.nparser.builder.AbstractBuilder.accept(AbstractBuilder.java:54)
Caused by: com.github.javaparser.resolution.UnsolvedSymbolException: Unsolved symbol in de.uka.ilkd.key.java.JavaParserFactory$DynamicTypeSolver@596fef4f : java.lang.Object
	at com.github.javaparser.resolution.TypeSolver.solveType(TypeSolver.java:71)

45970      ERROR Test worker     d.u.i.k.n.b.AbstractBuilder  com.github.javaparser.resolution.UnsolvedSymbolException: Unsolved symbol in de.uka.ilkd.key.java.JavaParserFactory$DynamicTypeSolver@596fef4f : java.lang.Object
	at com.github.javaparser.resolution.TypeSolver.solveType(TypeSolver.java:71)

45970      ERROR Test worker     d.u.i.k.n.b.TacletPBuilder Error in parsing taclet. de.uka.ilkd.key.util.parsing.BuildingException: Unsolved symbol in de.uka.ilkd.key.java.JavaParserFactory$DynamicTypeSolver@596fef4f : java.lang.Object at file:/home/runner/work/key/key/key.core/build/resources/main/de/uka/ilkd/key/proof/rules/javaRules.key:3075:15
	at de.uka.ilkd.key.nparser.builder.AbstractBuilder.accept(AbstractBuilder.java:54)
Caused by: com.github.javaparser.resolution.UnsolvedSymbolException: Unsolved symbol in de.uka.ilkd.key.java.JavaParserFactory$DynamicTypeSolver@596fef4f : java.lang.Object
	at com.github.javaparser.resolution.TypeSolver.solveType(TypeSolver.java:71)

45972      ERROR Test worker     d.u.i.k.n.b.AbstractBuilder  com.github.javaparser.resolution.UnsolvedSymbolException: Unsolved symbol in de.uka.ilkd.key.java.JavaParserFactory$DynamicTypeSolver@596fef4f : java.lang.Object
	at com.github.javaparser.resolution.TypeSolver.solveType(TypeSolver.java:71)

45981      ERROR Test worker     d.u.i.k.n.b.TacletPBuilder Error in parsing taclet. de.uka.ilkd.key.util.parsing.BuildingException: Unsolved symbol in de.uka.ilkd.key.java.JavaParserFactory$DynamicTypeSolver@596fef4f : java.lang.Object at file:/home/runner/work/key/key/key.core/build/resources/main/de/uka/ilkd/key/proof/rules/javaRules.key:3105:20
	at de.uka.ilkd.key.nparser.builder.AbstractBuilder.accept(AbstractBuilder.java:54)
Caused by: com.github.javaparser.resolution.UnsolvedSymbolException: Unsolved symbol in de.uka.ilkd.key.java.JavaParserFactory$DynamicTypeSolver@596fef4f : java.lang.Object
	at com.github.javaparser.resolution.TypeSolver.solveType(TypeSolver.java:71)

45983      ERROR Test worker     d.u.i.k.n.b.AbstractBuilder  com.github.javaparser.resolution.UnsolvedSymbolException: Unsolved symbol in de.uka.ilkd.key.java.JavaParserFactory$DynamicTypeSolver@596fef4f : java.lang.Object
	at com.github.javaparser.resolution.TypeSolver.solveType(TypeSolver.java:71)

45983      ERROR Test worker     d.u.i.k.n.b.TacletPBuilder Error in parsing taclet. de.uka.ilkd.key.util.parsing.BuildingException: Unsolved symbol in de.uka.ilkd.key.java.JavaParserFactory$DynamicTypeSolver@596fef4f : java.lang.Object at file:/home/runner/work/key/key/key.core/build/resources/main/de/uka/ilkd/key/proof/rules/javaRules.key:3128:15
	at de.uka.ilkd.key.nparser.builder.AbstractBuilder.accept(AbstractBuilder.java:54)
Caused by: com.github.javaparser.resolution.UnsolvedSymbolException: Unsolved symbol in de.uka.ilkd.key.java.JavaParserFactory$DynamicTypeSolver@596fef4f : java.lang.Object
	at com.github.javaparser.resolution.TypeSolver.solveType(TypeSolver.java:71)

45985      ERROR Test worker     d.u.i.k.n.b.AbstractBuilder  com.github.javaparser.resolution.UnsolvedSymbolException: Unsolved symbol in de.uka.ilkd.key.java.JavaParserFactory$DynamicTypeSolver@596fef4f : java.lang.Object
	at com.github.javaparser.resolution.TypeSolver.solveType(TypeSolver.java:71)

45986      ERROR Test worker     d.u.i.k.n.b.TacletPBuilder Error in parsing taclet. de.uka.ilkd.key.util.parsing.BuildingException: Unsolved symbol in de.uka.ilkd.key.java.JavaParserFactory$DynamicTypeSolver@596fef4f : java.lang.Object at file:/home/runner/work/key/key/key.core/build/resources/main/de/uka/ilkd/key/proof/rules/javaRules.key:3138:20
	at de.uka.ilkd.key.nparser.builder.AbstractBuilder.accept(AbstractBuilder.java:54)
Caused by: com.github.javaparser.resolution.UnsolvedSymbolException: Unsolved symbol in de.uka.ilkd.key.java.JavaParserFactory$DynamicTypeSolver@596fef4f : java.lang.Object
	at com.github.javaparser.resolution.TypeSolver.solveType(TypeSolver.java:71)

45988      ERROR Test worker     d.u.i.k.n.b.AbstractBuilder  com.github.javaparser.resolution.UnsolvedSymbolException: Unsolved symbol in de.uka.ilkd.key.java.JavaParserFactory$DynamicTypeSolver@596fef4f : java.lang.Object
	at com.github.javaparser.resolution.TypeSolver.solveType(TypeSolver.java:71)

45988      ERROR Test worker     d.u.i.k.n.b.TacletPBuilder Error in parsing taclet. de.uka.ilkd.key.util.parsing.BuildingException: Unsolved symbol in de.uka.ilkd.key.java.JavaParserFactory$DynamicTypeSolver@596fef4f : java.lang.Object at file:/home/runner/work/key/key/key.core/build/resources/main/de/uka/ilkd/key/proof/rules/javaRules.key:3167:15
	at de.uka.ilkd.key.nparser.builder.AbstractBuilder.accept(AbstractBuilder.java:54)
Caused by: com.github.javaparser.resolution.UnsolvedSymbolException: Unsolved symbol in de.uka.ilkd.key.java.JavaParserFactory$DynamicTypeSolver@596fef4f : java.lang.Object
	at com.github.javaparser.resolution.TypeSolver.solveType(TypeSolver.java:71)

45990      ERROR Test worker     d.u.i.k.n.b.AbstractBuilder  com.github.javaparser.resolution.UnsolvedSymbolException: Unsolved symbol in de.uka.ilkd.key.java.JavaParserFactory$DynamicTypeSolver@596fef4f : java.lang.Object
	at com.github.javaparser.resolution.TypeSolver.solveType(TypeSolver.java:71)

46008      ERROR Test worker     d.u.i.k.n.b.TacletPBuilder Error in parsing taclet. de.uka.ilkd.key.util.parsing.BuildingException: Unsolved symbol in de.uka.ilkd.key.java.JavaParserFactory$DynamicTypeSolver@596fef4f : java.lang.Object at file:/home/runner/work/key/key/key.core/build/resources/main/de/uka/ilkd/key/proof/rules/javaRules.key:3186:15
	at de.uka.ilkd.key.nparser.builder.AbstractBuilder.accept(AbstractBuilder.java:54)
Caused by: com.github.javaparser.resolution.UnsolvedSymbolException: Unsolved symbol in de.uka.ilkd.key.java.JavaParserFactory$DynamicTypeSolver@596fef4f : java.lang.Object
	at com.github.javaparser.resolution.TypeSolver.solveType(TypeSolver.java:71)

46010      ERROR Test worker     d.u.i.k.n.b.AbstractBuilder  com.github.javaparser.resolution.UnsolvedSymbolException: Unsolved symbol in de.uka.ilkd.key.java.JavaParserFactory$DynamicTypeSolver@596fef4f : java.lang.Object
	at com.github.javaparser.resolution.TypeSolver.solveType(TypeSolver.java:71)

46010      ERROR Test worker     d.u.i.k.n.b.TacletPBuilder Error in parsing taclet. de.uka.ilkd.key.util.parsing.BuildingException: Unsolved symbol in de.uka.ilkd.key.java.JavaParserFactory$DynamicTypeSolver@596fef4f : java.lang.Object at file:/home/runner/work/key/key/key.core/build/resources/main/de/uka/ilkd/key/proof/rules/javaRules.key:3213:20
	at de.uka.ilkd.key.nparser.builder.AbstractBuilder.accept(AbstractBuilder.java:54)
Caused by: com.github.javaparser.resolution.UnsolvedSymbolException: Unsolved symbol in de.uka.ilkd.key.java.JavaParserFactory$DynamicTypeSolver@596fef4f : java.lang.Object
	at com.github.javaparser.resolution.TypeSolver.solveType(TypeSolver.java:71)

46011      ERROR Test worker     d.u.i.k.n.b.AbstractBuilder  com.github.javaparser.resolution.UnsolvedSymbolException: Unsolved symbol in de.uka.ilkd.key.java.JavaParserFactory$DynamicTypeSolver@596fef4f : java.lang.Object
	at com.github.javaparser.resolution.TypeSolver.solveType(TypeSolver.java:71)

46011      ERROR Test worker     d.u.i.k.n.b.TacletPBuilder Error in parsing taclet. de.uka.ilkd.key.util.parsing.BuildingException: Unsolved symbol in de.uka.ilkd.key.java.JavaParserFactory$DynamicTypeSolver@596fef4f : java.lang.Object at file:/home/runner/work/key/key/key.core/build/resources/main/de/uka/ilkd/key/proof/rules/javaRules.key:3235:15
	at de.uka.ilkd.key.nparser.builder.AbstractBuilder.accept(AbstractBuilder.java:54)
Caused by: com.github.javaparser.resolution.UnsolvedSymbolException: Unsolved symbol in de.uka.ilkd.key.java.JavaParserFactory$DynamicTypeSolver@596fef4f : java.lang.Object
	at com.github.javaparser.resolution.TypeSolver.solveType(TypeSolver.java:71)

46013      ERROR Test worker     d.u.i.k.n.b.AbstractBuilder  com.github.javaparser.resolution.UnsolvedSymbolException: Unsolved symbol in de.uka.ilkd.key.java.JavaParserFactory$DynamicTypeSolver@596fef4f : java.lang.Object
	at com.github.javaparser.resolution.TypeSolver.solveType(TypeSolver.java:71)

46013      ERROR Test worker     d.u.i.k.n.b.TacletPBuilder Error in parsing taclet. de.uka.ilkd.key.util.parsing.BuildingException: Unsolved symbol in de.uka.ilkd.key.java.JavaParserFactory$DynamicTypeSolver@596fef4f : java.lang.Object at file:/home/runner/work/key/key/key.core/build/resources/main/de/uka/ilkd/key/proof/rules/javaRules.key:3244:15
	at de.uka.ilkd.key.nparser.builder.AbstractBuilder.accept(AbstractBuilder.java:54)
Caused by: com.github.javaparser.resolution.UnsolvedSymbolException: Unsolved symbol in de.uka.ilkd.key.java.JavaParserFactory$DynamicTypeSolver@596fef4f : java.lang.Object
	at com.github.javaparser.resolution.TypeSolver.solveType(TypeSolver.java:71)

46014      ERROR Test worker     d.u.i.k.n.b.AbstractBuilder  com.github.javaparser.resolution.UnsolvedSymbolException: Unsolved symbol in de.uka.ilkd.key.java.JavaParserFactory$DynamicTypeSolver@596fef4f : java.lang.Object
	at com.github.javaparser.resolution.TypeSolver.solveType(TypeSolver.java:71)

46014      ERROR Test worker     d.u.i.k.n.b.TacletPBuilder Error in parsing taclet. de.uka.ilkd.key.util.parsing.BuildingException: Unsolved symbol in de.uka.ilkd.key.java.JavaParserFactory$DynamicTypeSolver@596fef4f : java.lang.Object at file:/home/runner/work/key/key/key.core/build/resources/main/de/uka/ilkd/key/proof/rules/javaRules.key:3266:15
	at de.uka.ilkd.key.nparser.builder.AbstractBuilder.accept(AbstractBuilder.java:54)
Caused by: com.github.javaparser.resolution.UnsolvedSymbolException: Unsolved symbol in de.uka.ilkd.key.java.JavaParserFactory$DynamicTypeSolver@596fef4f : java.lang.Object
	at com.github.javaparser.resolution.TypeSolver.solveType(TypeSolver.java:71)

46026      ERROR Test worker     d.u.i.k.n.b.AbstractBuilder  com.github.javaparser.resolution.UnsolvedSymbolException: Unsolved symbol in de.uka.ilkd.key.java.JavaParserFactory$DynamicTypeSolver@596fef4f : java.lang.Object
	at com.github.javaparser.resolution.TypeSolver.solveType(TypeSolver.java:71)

46026      ERROR Test worker     d.u.i.k.n.b.TacletPBuilder Error in parsing taclet. de.uka.ilkd.key.util.parsing.BuildingException: Unsolved symbol in de.uka.ilkd.key.java.JavaParserFactory$DynamicTypeSolver@596fef4f : java.lang.Object at file:/home/runner/work/key/key/key.core/build/resources/main/de/uka/ilkd/key/proof/rules/javaRules.key:3285:15
	at de.uka.ilkd.key.nparser.builder.AbstractBuilder.accept(AbstractBuilder.java:54)
Caused by: com.github.javaparser.resolution.UnsolvedSymbolException: Unsolved symbol in de.uka.ilkd.key.java.JavaParserFactory$DynamicTypeSolver@596fef4f : java.lang.Object
	at com.github.javaparser.resolution.TypeSolver.solveType(TypeSolver.java:71)

46028      ERROR Test worker     d.u.i.k.n.b.AbstractBuilder  com.github.javaparser.resolution.UnsolvedSymbolException: Unsolved symbol in de.uka.ilkd.key.java.JavaParserFactory$DynamicTypeSolver@596fef4f : java.lang.Object
	at com.github.javaparser.resolution.TypeSolver.solveType(TypeSolver.java:71)

46028      ERROR Test worker     d.u.i.k.n.b.TacletPBuilder Error in parsing taclet. de.uka.ilkd.key.util.parsing.BuildingException: Unsolved symbol in de.uka.ilkd.key.java.JavaParserFactory$DynamicTypeSolver@596fef4f : java.lang.Object at file:/home/runner/work/key/key/key.core/build/resources/main/de/uka/ilkd/key/proof/rules/javaRules.key:3301:15
	at de.uka.ilkd.key.nparser.builder.AbstractBuilder.accept(AbstractBuilder.java:54)
Caused by: com.github.javaparser.resolution.UnsolvedSymbolException: Unsolved symbol in de.uka.ilkd.key.java.JavaParserFactory$DynamicTypeSolver@596fef4f : java.lang.Object
	at com.github.javaparser.resolution.TypeSolver.solveType(TypeSolver.java:71)

46032      ERROR Test worker     d.u.i.k.n.b.AbstractBuilder  com.github.javaparser.resolution.UnsolvedSymbolException: Unsolved symbol in de.uka.ilkd.key.java.JavaParserFactory$DynamicTypeSolver@596fef4f : java.lang.Object
	at com.github.javaparser.resolution.TypeSolver.solveType(TypeSolver.java:71)

46032      ERROR Test worker     d.u.i.k.n.b.TacletPBuilder Error in parsing taclet. de.uka.ilkd.key.util.parsing.BuildingException: Unsolved symbol in de.uka.ilkd.key.java.JavaParserFactory$DynamicTypeSolver@596fef4f : java.lang.Object at file:/home/runner/work/key/key/key.core/build/resources/main/de/uka/ilkd/key/proof/rules/javaRules.key:3312:20
	at de.uka.ilkd.key.nparser.builder.AbstractBuilder.accept(AbstractBuilder.java:54)
Caused by: com.github.javaparser.resolution.UnsolvedSymbolException: Unsolved symbol in de.uka.ilkd.key.java.JavaParserFactory$DynamicTypeSolver@596fef4f : java.lang.Object
	at com.github.javaparser.resolution.TypeSolver.solveType(TypeSolver.java:71)

46034      ERROR Test worker     d.u.i.k.n.b.AbstractBuilder  com.github.javaparser.resolution.UnsolvedSymbolException: Unsolved symbol in de.uka.ilkd.key.java.JavaParserFactory$DynamicTypeSolver@596fef4f : java.lang.Object
	at com.github.javaparser.resolution.TypeSolver.solveType(TypeSolver.java:71)

46034      ERROR Test worker     d.u.i.k.n.b.TacletPBuilder Error in parsing taclet. de.uka.ilkd.key.util.parsing.BuildingException: Unsolved symbol in de.uka.ilkd.key.java.JavaParserFactory$DynamicTypeSolver@596fef4f : java.lang.Object at file:/home/runner/work/key/key/key.core/build/resources/main/de/uka/ilkd/key/proof/rules/javaRules.key:3333:20
	at de.uka.ilkd.key.nparser.builder.AbstractBuilder.accept(AbstractBuilder.java:54)
Caused by: com.github.javaparser.resolution.UnsolvedSymbolException: Unsolved symbol in de.uka.ilkd.key.java.JavaParserFactory$DynamicTypeSolver@596fef4f : java.lang.Object
	at com.github.javaparser.resolution.TypeSolver.solveType(TypeSolver.java:71)

46038      ERROR Test worker     d.u.i.k.n.b.AbstractBuilder  com.github.javaparser.resolution.UnsolvedSymbolException: Unsolved symbol in de.uka.ilkd.key.java.JavaParserFactory$DynamicTypeSolver@596fef4f : java.lang.Object
	at com.github.javaparser.resolution.TypeSolver.solveType(TypeSolver.java:71)

46038      ERROR Test worker     d.u.i.k.n.b.TacletPBuilder Error in parsing taclet. de.uka.ilkd.key.util.parsing.BuildingException: Unsolved symbol in de.uka.ilkd.key.java.JavaParserFactory$DynamicTypeSolver@596fef4f : java.lang.Object at file:/home/runner/work/key/key/key.core/build/resources/main/de/uka/ilkd/key/proof/rules/javaRules.key:3350:20
	at de.uka.ilkd.key.nparser.builder.AbstractBuilder.accept(AbstractBuilder.java:54)
Caused by: com.github.javaparser.resolution.UnsolvedSymbolException: Unsolved symbol in de.uka.ilkd.key.java.JavaParserFactory$DynamicTypeSolver@596fef4f : java.lang.Object
	at com.github.javaparser.resolution.TypeSolver.solveType(TypeSolver.java:71)

46040      ERROR Test worker     d.u.i.k.n.b.AbstractBuilder  com.github.javaparser.resolution.UnsolvedSymbolException: Unsolved symbol in de.uka.ilkd.key.java.JavaParserFactory$DynamicTypeSolver@596fef4f : java.lang.Object
	at com.github.javaparser.resolution.TypeSolver.solveType(TypeSolver.java:71)

46040      ERROR Test worker     d.u.i.k.n.b.TacletPBuilder Error in parsing taclet. de.uka.ilkd.key.util.parsing.BuildingException: Unsolved symbol in de.uka.ilkd.key.java.JavaParserFactory$DynamicTypeSolver@596fef4f : java.lang.Object at file:/home/runner/work/key/key/key.core/build/resources/main/de/uka/ilkd/key/proof/rules/javaRules.key:3366:15
	at de.uka.ilkd.key.nparser.builder.AbstractBuilder.accept(AbstractBuilder.java:54)
Caused by: com.github.javaparser.resolution.UnsolvedSymbolException: Unsolved symbol in de.uka.ilkd.key.java.JavaParserFactory$DynamicTypeSolver@596fef4f : java.lang.Object
	at com.github.javaparser.resolution.TypeSolver.solveType(TypeSolver.java:71)

46042      ERROR Test worker     d.u.i.k.n.b.AbstractBuilder  com.github.javaparser.resolution.UnsolvedSymbolException: Unsolved symbol in de.uka.ilkd.key.java.JavaParserFactory$DynamicTypeSolver@596fef4f : java.lang.Object
	at com.github.javaparser.resolution.TypeSolver.solveType(TypeSolver.java:71)

46042      ERROR Test worker     d.u.i.k.n.b.TacletPBuilder Error in parsing taclet. de.uka.ilkd.key.util.parsing.BuildingException: Unsolved symbol in de.uka.ilkd.key.java.JavaParserFactory$DynamicTypeSolver@596fef4f : java.lang.Object at file:/home/runner/work/key/key/key.core/build/resources/main/de/uka/ilkd/key/proof/rules/javaRules.key:3377:15
	at de.uka.ilkd.key.nparser.builder.AbstractBuilder.accept(AbstractBuilder.java:54)
Caused by: com.github.javaparser.resolution.UnsolvedSymbolException: Unsolved symbol in de.uka.ilkd.key.java.JavaParserFactory$DynamicTypeSolver@596fef4f : java.lang.Object
	at com.github.javaparser.resolution.TypeSolver.solveType(TypeSolver.java:71)

46043      ERROR Test worker     d.u.i.k.n.b.AbstractBuilder  com.github.javaparser.resolution.UnsolvedSymbolException: Unsolved symbol in de.uka.ilkd.key.java.JavaParserFactory$DynamicTypeSolver@596fef4f : java.lang.Object
	at com.github.javaparser.resolution.TypeSolver.solveType(TypeSolver.java:71)

46043      ERROR Test worker     d.u.i.k.n.b.TacletPBuilder Error in parsing taclet. de.uka.ilkd.key.util.parsing.BuildingException: Unsolved symbol in de.uka.ilkd.key.java.JavaParserFactory$DynamicTypeSolver@596fef4f : java.lang.Object at file:/home/runner/work/key/key/key.core/build/resources/main/de/uka/ilkd/key/proof/rules/javaRules.key:3388:15
	at de.uka.ilkd.key.nparser.builder.AbstractBuilder.accept(AbstractBuilder.java:54)
Caused by: com.github.javaparser.resolution.UnsolvedSymbolException: Unsolved symbol in de.uka.ilkd.key.java.JavaParserFactory$DynamicTypeSolver@596fef4f : java.lang.Object
	at com.github.javaparser.resolution.TypeSolver.solveType(TypeSolver.java:71)

46056      ERROR Test worker     d.u.i.k.n.b.AbstractBuilder  com.github.javaparser.resolution.UnsolvedSymbolException: Unsolved symbol in de.uka.ilkd.key.java.JavaParserFactory$DynamicTypeSolver@596fef4f : java.lang.Object
	at com.github.javaparser.resolution.TypeSolver.solveType(TypeSolver.java:71)

46056      ERROR Test worker     d.u.i.k.n.b.TacletPBuilder Error in parsing taclet. de.uka.ilkd.key.util.parsing.BuildingException: Unsolved symbol in de.uka.ilkd.key.java.JavaParserFactory$DynamicTypeSolver@596fef4f : java.lang.Object at file:/home/runner/work/key/key/key.core/build/resources/main/de/uka/ilkd/key/proof/rules/javaRules.key:3398:15
	at de.uka.ilkd.key.nparser.builder.AbstractBuilder.accept(AbstractBuilder.java:54)
Caused by: com.github.javaparser.resolution.UnsolvedSymbolException: Unsolved symbol in de.uka.ilkd.key.java.JavaParserFactory$DynamicTypeSolver@596fef4f : java.lang.Object
	at com.github.javaparser.resolution.TypeSolver.solveType(TypeSolver.java:71)

46057      ERROR Test worker     d.u.i.k.n.b.AbstractBuilder  com.github.javaparser.resolution.UnsolvedSymbolException: Unsolved symbol in de.uka.ilkd.key.java.JavaParserFactory$DynamicTypeSolver@596fef4f : java.lang.Object
	at com.github.javaparser.resolution.TypeSolver.solveType(TypeSolver.java:71)

46058      ERROR Test worker     d.u.i.k.n.b.TacletPBuilder Error in parsing taclet. de.uka.ilkd.key.util.parsing.BuildingException: Unsolved symbol in de.uka.ilkd.key.java.JavaParserFactory$DynamicTypeSolver@596fef4f : java.lang.Object at file:/home/runner/work/key/key/key.core/build/resources/main/de/uka/ilkd/key/proof/rules/javaRules.key:3417:15
	at de.uka.ilkd.key.nparser.builder.AbstractBuilder.accept(AbstractBuilder.java:54)
Caused by: com.github.javaparser.resolution.UnsolvedSymbolException: Unsolved symbol in de.uka.ilkd.key.java.JavaParserFactory$DynamicTypeSolver@596fef4f : java.lang.Object
	at com.github.javaparser.resolution.TypeSolver.solveType(TypeSolver.java:71)

46059      ERROR Test worker     d.u.i.k.n.b.AbstractBuilder  com.github.javaparser.resolution.UnsolvedSymbolException: Unsolved symbol in de.uka.ilkd.key.java.JavaParserFactory$DynamicTypeSolver@596fef4f : java.lang.Object
	at com.github.javaparser.resolution.TypeSolver.solveType(TypeSolver.java:71)

46059      ERROR Test worker     d.u.i.k.n.b.TacletPBuilder Error in parsing taclet. de.uka.ilkd.key.util.parsing.BuildingException: Unsolved symbol in de.uka.ilkd.key.java.JavaParserFactory$DynamicTypeSolver@596fef4f : java.lang.Object at file:/home/runner/work/key/key/key.core/build/resources/main/de/uka/ilkd/key/proof/rules/javaRules.key:3437:20
	at de.uka.ilkd.key.nparser.builder.AbstractBuilder.accept(AbstractBuilder.java:54)
Caused by: com.github.javaparser.resolution.UnsolvedSymbolException: Unsolved symbol in de.uka.ilkd.key.java.JavaParserFactory$DynamicTypeSolver@596fef4f : java.lang.Object
	at com.github.javaparser.resolution.TypeSolver.solveType(TypeSolver.java:71)

46061      ERROR Test worker     d.u.i.k.n.b.AbstractBuilder  com.github.javaparser.resolution.UnsolvedSymbolException: Unsolved symbol in de.uka.ilkd.key.java.JavaParserFactory$DynamicTypeSolver@596fef4f : java.lang.Object
	at com.github.javaparser.resolution.TypeSolver.solveType(TypeSolver.java:71)

46061      ERROR Test worker     d.u.i.k.n.b.TacletPBuilder Error in parsing taclet. de.uka.ilkd.key.util.parsing.BuildingException: Unsolved symbol in de.uka.ilkd.key.java.JavaParserFactory$DynamicTypeSolver@596fef4f : java.lang.Object at file:/home/runner/work/key/key/key.core/build/resources/main/de/uka/ilkd/key/proof/rules/javaRules.key:3455:20
	at de.uka.ilkd.key.nparser.builder.AbstractBuilder.accept(AbstractBuilder.java:54)
Caused by: com.github.javaparser.resolution.UnsolvedSymbolException: Unsolved symbol in de.uka.ilkd.key.java.JavaParserFactory$DynamicTypeSolver@596fef4f : java.lang.Object
	at com.github.javaparser.resolution.TypeSolver.solveType(TypeSolver.java:71)

46062      ERROR Test worker     d.u.i.k.n.b.AbstractBuilder  com.github.javaparser.resolution.UnsolvedSymbolException: Unsolved symbol in de.uka.ilkd.key.java.JavaParserFactory$DynamicTypeSolver@596fef4f : java.lang.Object
	at com.github.javaparser.resolution.TypeSolver.solveType(TypeSolver.java:71)

46062      ERROR Test worker     d.u.i.k.n.b.TacletPBuilder Error in parsing taclet. de.uka.ilkd.key.util.parsing.BuildingException: Unsolved symbol in de.uka.ilkd.key.java.JavaParserFactory$DynamicTypeSolver@596fef4f : java.lang.Object at file:/home/runner/work/key/key/key.core/build/resources/main/de/uka/ilkd/key/proof/rules/javaRules.key:3473:15
	at de.uka.ilkd.key.nparser.builder.AbstractBuilder.accept(AbstractBuilder.java:54)
Caused by: com.github.javaparser.resolution.UnsolvedSymbolException: Unsolved symbol in de.uka.ilkd.key.java.JavaParserFactory$DynamicTypeSolver@596fef4f : java.lang.Object
	at com.github.javaparser.resolution.TypeSolver.solveType(TypeSolver.java:71)

46064      ERROR Test worker     d.u.i.k.n.b.AbstractBuilder  com.github.javaparser.resolution.UnsolvedSymbolException: Unsolved symbol in de.uka.ilkd.key.java.JavaParserFactory$DynamicTypeSolver@596fef4f : java.lang.Object
	at com.github.javaparser.resolution.TypeSolver.solveType(TypeSolver.java:71)

46064      ERROR Test worker     d.u.i.k.n.b.TacletPBuilder Error in parsing taclet. de.uka.ilkd.key.util.parsing.BuildingException: Unsolved symbol in de.uka.ilkd.key.java.JavaParserFactory$DynamicTypeSolver@596fef4f : java.lang.Object at file:/home/runner/work/key/key/key.core/build/resources/main/de/uka/ilkd/key/proof/rules/javaRules.key:3489:15
	at de.uka.ilkd.key.nparser.builder.AbstractBuilder.accept(AbstractBuilder.java:54)
Caused by: com.github.javaparser.resolution.UnsolvedSymbolException: Unsolved symbol in de.uka.ilkd.key.java.JavaParserFactory$DynamicTypeSolver@596fef4f : java.lang.Object
	at com.github.javaparser.resolution.TypeSolver.solveType(TypeSolver.java:71)

46076      ERROR Test worker     d.u.i.k.n.b.AbstractBuilder  com.github.javaparser.resolution.UnsolvedSymbolException: Unsolved symbol in de.uka.ilkd.key.java.JavaParserFactory$DynamicTypeSolver@596fef4f : java.lang.Object
	at com.github.javaparser.resolution.TypeSolver.solveType(TypeSolver.java:71)

46076      ERROR Test worker     d.u.i.k.n.b.TacletPBuilder Error in parsing taclet. de.uka.ilkd.key.util.parsing.BuildingException: Unsolved symbol in de.uka.ilkd.key.java.JavaParserFactory$DynamicTypeSolver@596fef4f : java.lang.Object at file:/home/runner/work/key/key/key.core/build/resources/main/de/uka/ilkd/key/proof/rules/javaRules.key:3495:15
	at de.uka.ilkd.key.nparser.builder.AbstractBuilder.accept(AbstractBuilder.java:54)
Caused by: com.github.javaparser.resolution.UnsolvedSymbolException: Unsolved symbol in de.uka.ilkd.key.java.JavaParserFactory$DynamicTypeSolver@596fef4f : java.lang.Object
	at com.github.javaparser.resolution.TypeSolver.solveType(TypeSolver.java:71)

46078      ERROR Test worker     d.u.i.k.n.b.AbstractBuilder  com.github.javaparser.resolution.UnsolvedSymbolException: Unsolved symbol in de.uka.ilkd.key.java.JavaParserFactory$DynamicTypeSolver@596fef4f : java.lang.Object
	at com.github.javaparser.resolution.TypeSolver.solveType(TypeSolver.java:71)

46078      ERROR Test worker     d.u.i.k.n.b.TacletPBuilder Error in parsing taclet. de.uka.ilkd.key.util.parsing.BuildingException: Unsolved symbol in de.uka.ilkd.key.java.JavaParserFactory$DynamicTypeSolver@596fef4f : java.lang.Object at file:/home/runner/work/key/key/key.core/build/resources/main/de/uka/ilkd/key/proof/rules/javaRules.key:3501:15
	at de.uka.ilkd.key.nparser.builder.AbstractBuilder.accept(AbstractBuilder.java:54)
Caused by: com.github.javaparser.resolution.UnsolvedSymbolException: Unsolved symbol in de.uka.ilkd.key.java.JavaParserFactory$DynamicTypeSolver@596fef4f : java.lang.Object
	at com.github.javaparser.resolution.TypeSolver.solveType(TypeSolver.java:71)

46080      ERROR Test worker     d.u.i.k.n.b.AbstractBuilder  com.github.javaparser.resolution.UnsolvedSymbolException: Unsolved symbol in de.uka.ilkd.key.java.JavaParserFactory$DynamicTypeSolver@596fef4f : java.lang.Object
	at com.github.javaparser.resolution.TypeSolver.solveType(TypeSolver.java:71)

46080      ERROR Test worker     d.u.i.k.n.b.TacletPBuilder Error in parsing taclet. de.uka.ilkd.key.util.parsing.BuildingException: Unsolved symbol in de.uka.ilkd.key.java.JavaParserFactory$DynamicTypeSolver@596fef4f : java.lang.Object at file:/home/runner/work/key/key/key.core/build/resources/main/de/uka/ilkd/key/proof/rules/javaRules.key:3506:15
	at de.uka.ilkd.key.nparser.builder.AbstractBuilder.accept(AbstractBuilder.java:54)
Caused by: com.github.javaparser.resolution.UnsolvedSymbolException: Unsolved symbol in de.uka.ilkd.key.java.JavaParserFactory$DynamicTypeSolver@596fef4f : java.lang.Object
	at com.github.javaparser.resolution.TypeSolver.solveType(TypeSolver.java:71)

46081      ERROR Test worker     d.u.i.k.n.b.AbstractBuilder  com.github.javaparser.resolution.UnsolvedSymbolException: Unsolved symbol in de.uka.ilkd.key.java.JavaParserFactory$DynamicTypeSolver@596fef4f : java.lang.Object
	at com.github.javaparser.resolution.TypeSolver.solveType(TypeSolver.java:71)

46082      ERROR Test worker     d.u.i.k.n.b.TacletPBuilder Error in parsing taclet. de.uka.ilkd.key.util.parsing.BuildingException: Unsolved symbol in de.uka.ilkd.key.java.JavaParserFactory$DynamicTypeSolver@596fef4f : java.lang.Object at file:/home/runner/work/key/key/key.core/build/resources/main/de/uka/ilkd/key/proof/rules/javaRules.key:3511:20
	at de.uka.ilkd.key.nparser.builder.AbstractBuilder.accept(AbstractBuilder.java:54)
Caused by: com.github.javaparser.resolution.UnsolvedSymbolException: Unsolved symbol in de.uka.ilkd.key.java.JavaParserFactory$DynamicTypeSolver@596fef4f : java.lang.Object
	at com.github.javaparser.resolution.TypeSolver.solveType(TypeSolver.java:71)

46083      ERROR Test worker     d.u.i.k.n.b.AbstractBuilder  com.github.javaparser.resolution.UnsolvedSymbolException: Unsolved symbol in de.uka.ilkd.key.java.JavaParserFactory$DynamicTypeSolver@596fef4f : java.lang.Object
	at com.github.javaparser.resolution.TypeSolver.solveType(TypeSolver.java:71)

46083      ERROR Test worker     d.u.i.k.n.b.TacletPBuilder Error in parsing taclet. de.uka.ilkd.key.util.parsing.BuildingException: Unsolved symbol in de.uka.ilkd.key.java.JavaParserFactory$DynamicTypeSolver@596fef4f : java.lang.Object at file:/home/runner/work/key/key/key.core/build/resources/main/de/uka/ilkd/key/proof/rules/javaRules.key:3517:20
	at de.uka.ilkd.key.nparser.builder.AbstractBuilder.accept(AbstractBuilder.java:54)
Caused by: com.github.javaparser.resolution.UnsolvedSymbolException: Unsolved symbol in de.uka.ilkd.key.java.JavaParserFactory$DynamicTypeSolver@596fef4f : java.lang.Object
	at com.github.javaparser.resolution.TypeSolver.solveType(TypeSolver.java:71)

46084      ERROR Test worker     d.u.i.k.n.b.AbstractBuilder  com.github.javaparser.resolution.UnsolvedSymbolException: Unsolved symbol in de.uka.ilkd.key.java.JavaParserFactory$DynamicTypeSolver@596fef4f : java.lang.Object
	at com.github.javaparser.resolution.TypeSolver.solveType(TypeSolver.java:71)

46089      ERROR Test worker     d.u.i.k.n.b.TacletPBuilder Error in parsing taclet. de.uka.ilkd.key.util.parsing.BuildingException: Unsolved symbol in de.uka.ilkd.key.java.JavaParserFactory$DynamicTypeSolver@596fef4f : java.lang.Object at file:/home/runner/work/key/key/key.core/build/resources/main/de/uka/ilkd/key/proof/rules/javaRules.key:3523:20
	at de.uka.ilkd.key.nparser.builder.AbstractBuilder.accept(AbstractBuilder.java:54)
Caused by: com.github.javaparser.resolution.UnsolvedSymbolException: Unsolved symbol in de.uka.ilkd.key.java.JavaParserFactory$DynamicTypeSolver@596fef4f : java.lang.Object
	at com.github.javaparser.resolution.TypeSolver.solveType(TypeSolver.java:71)

46090      ERROR Test worker     d.u.i.k.n.b.AbstractBuilder  com.github.javaparser.resolution.UnsolvedSymbolException: Unsolved symbol in de.uka.ilkd.key.java.JavaParserFactory$DynamicTypeSolver@596fef4f : java.lang.Object
	at com.github.javaparser.resolution.TypeSolver.solveType(TypeSolver.java:71)

46090      ERROR Test worker     d.u.i.k.n.b.TacletPBuilder Error in parsing taclet. de.uka.ilkd.key.util.parsing.BuildingException: Unsolved symbol in de.uka.ilkd.key.java.JavaParserFactory$DynamicTypeSolver@596fef4f : java.lang.Object at file:/home/runner/work/key/key/key.core/build/resources/main/de/uka/ilkd/key/proof/rules/javaRules.key:3528:20
	at de.uka.ilkd.key.nparser.builder.AbstractBuilder.accept(AbstractBuilder.java:54)
Caused by: com.github.javaparser.resolution.UnsolvedSymbolException: Unsolved symbol in de.uka.ilkd.key.java.JavaParserFactory$DynamicTypeSolver@596fef4f : java.lang.Object
	at com.github.javaparser.resolution.TypeSolver.solveType(TypeSolver.java:71)

46092      ERROR Test worker     d.u.i.k.n.b.AbstractBuilder  com.github.javaparser.resolution.UnsolvedSymbolException: Unsolved symbol in de.uka.ilkd.key.java.JavaParserFactory$DynamicTypeSolver@596fef4f : java.lang.Object
	at com.github.javaparser.resolution.TypeSolver.solveType(TypeSolver.java:71)

46092      ERROR Test worker     d.u.i.k.n.b.TacletPBuilder Error in parsing taclet. de.uka.ilkd.key.util.parsing.BuildingException: Unsolved symbol in de.uka.ilkd.key.java.JavaParserFactory$DynamicTypeSolver@596fef4f : java.lang.Object at file:/home/runner/work/key/key/key.core/build/resources/main/de/uka/ilkd/key/proof/rules/javaRules.key:3533:15
	at de.uka.ilkd.key.nparser.builder.AbstractBuilder.accept(AbstractBuilder.java:54)
Caused by: com.github.javaparser.resolution.UnsolvedSymbolException: Unsolved symbol in de.uka.ilkd.key.java.JavaParserFactory$DynamicTypeSolver@596fef4f : java.lang.Object
	at com.github.javaparser.resolution.TypeSolver.solveType(TypeSolver.java:71)

46093      ERROR Test worker     d.u.i.k.n.b.AbstractBuilder  com.github.javaparser.resolution.UnsolvedSymbolException: Unsolved symbol in de.uka.ilkd.key.java.JavaParserFactory$DynamicTypeSolver@596fef4f : java.lang.Object
	at com.github.javaparser.resolution.TypeSolver.solveType(TypeSolver.java:71)

46093      ERROR Test worker     d.u.i.k.n.b.TacletPBuilder Error in parsing taclet. de.uka.ilkd.key.util.parsing.BuildingException: Unsolved symbol in de.uka.ilkd.key.java.JavaParserFactory$DynamicTypeSolver@596fef4f : java.lang.Object at file:/home/runner/work/key/key/key.core/build/resources/main/de/uka/ilkd/key/proof/rules/javaRules.key:3538:15
	at de.uka.ilkd.key.nparser.builder.AbstractBuilder.accept(AbstractBuilder.java:54)
Caused by: com.github.javaparser.resolution.UnsolvedSymbolException: Unsolved symbol in de.uka.ilkd.key.java.JavaParserFactory$DynamicTypeSolver@596fef4f : java.lang.Object
	at com.github.javaparser.resolution.TypeSolver.solveType(TypeSolver.java:71)

46095      ERROR Test worker     d.u.i.k.n.b.AbstractBuilder  com.github.javaparser.resolution.UnsolvedSymbolException: Unsolved symbol in de.uka.ilkd.key.java.JavaParserFactory$DynamicTypeSolver@596fef4f : java.lang.Object
	at com.github.javaparser.resolution.TypeSolver.solveType(TypeSolver.java:71)

46095      ERROR Test worker     d.u.i.k.n.b.TacletPBuilder Error in parsing taclet. de.uka.ilkd.key.util.parsing.BuildingException: Unsolved symbol in de.uka.ilkd.key.java.JavaParserFactory$DynamicTypeSolver@596fef4f : java.lang.Object at file:/home/runner/work/key/key/key.core/build/resources/main/de/uka/ilkd/key/proof/rules/javaRules.key:3545:23
	at de.uka.ilkd.key.nparser.builder.AbstractBuilder.accept(AbstractBuilder.java:54)
Caused by: com.github.javaparser.resolution.UnsolvedSymbolException: Unsolved symbol in de.uka.ilkd.key.java.JavaParserFactory$DynamicTypeSolver@596fef4f : java.lang.Object
	at com.github.javaparser.resolution.TypeSolver.solveType(TypeSolver.java:71)

46109      ERROR Test worker     d.u.i.k.n.b.AbstractBuilder  com.github.javaparser.resolution.UnsolvedSymbolException: Unsolved symbol in de.uka.ilkd.key.java.JavaParserFactory$DynamicTypeSolver@596fef4f : java.lang.Object
	at com.github.javaparser.resolution.TypeSolver.solveType(TypeSolver.java:71)

46110      ERROR Test worker     d.u.i.k.n.b.TacletPBuilder Error in parsing taclet. de.uka.ilkd.key.util.parsing.BuildingException: Unsolved symbol in de.uka.ilkd.key.java.JavaParserFactory$DynamicTypeSolver@596fef4f : java.lang.Object at file:/home/runner/work/key/key/key.core/build/resources/main/de/uka/ilkd/key/proof/rules/javaRules.key:3551:18
	at de.uka.ilkd.key.nparser.builder.AbstractBuilder.accept(AbstractBuilder.java:54)
Caused by: com.github.javaparser.resolution.UnsolvedSymbolException: Unsolved symbol in de.uka.ilkd.key.java.JavaParserFactory$DynamicTypeSolver@596fef4f : java.lang.Object
	at com.github.javaparser.resolution.TypeSolver.solveType(TypeSolver.java:71)

46111      ERROR Test worker     d.u.i.k.n.b.AbstractBuilder  com.github.javaparser.resolution.UnsolvedSymbolException: Unsolved symbol in de.uka.ilkd.key.java.JavaParserFactory$DynamicTypeSolver@596fef4f : java.lang.Object
	at com.github.javaparser.resolution.TypeSolver.solveType(TypeSolver.java:71)

46112      ERROR Test worker     d.u.i.k.n.b.TacletPBuilder Error in parsing taclet. de.uka.ilkd.key.util.parsing.BuildingException: Unsolved symbol in de.uka.ilkd.key.java.JavaParserFactory$DynamicTypeSolver@596fef4f : java.lang.Object at file:/home/runner/work/key/key/key.core/build/resources/main/de/uka/ilkd/key/proof/rules/javaRules.key:3557:23
	at de.uka.ilkd.key.nparser.builder.AbstractBuilder.accept(AbstractBuilder.java:54)
Caused by: com.github.javaparser.resolution.UnsolvedSymbolException: Unsolved symbol in de.uka.ilkd.key.java.JavaParserFactory$DynamicTypeSolver@596fef4f : java.lang.Object
	at com.github.javaparser.resolution.TypeSolver.solveType(TypeSolver.java:71)

46114      ERROR Test worker     d.u.i.k.n.b.AbstractBuilder  com.github.javaparser.resolution.UnsolvedSymbolException: Unsolved symbol in de.uka.ilkd.key.java.JavaParserFactory$DynamicTypeSolver@596fef4f : java.lang.Object
	at com.github.javaparser.resolution.TypeSolver.solveType(TypeSolver.java:71)

46115      ERROR Test worker     d.u.i.k.n.b.TacletPBuilder Error in parsing taclet. de.uka.ilkd.key.util.parsing.BuildingException: Unsolved symbol in de.uka.ilkd.key.java.JavaParserFactory$DynamicTypeSolver@596fef4f : java.lang.Object at file:/home/runner/work/key/key/key.core/build/resources/main/de/uka/ilkd/key/proof/rules/javaRules.key:3563:18
	at de.uka.ilkd.key.nparser.builder.AbstractBuilder.accept(AbstractBuilder.java:54)
Caused by: com.github.javaparser.resolution.UnsolvedSymbolException: Unsolved symbol in de.uka.ilkd.key.java.JavaParserFactory$DynamicTypeSolver@596fef4f : java.lang.Object
	at com.github.javaparser.resolution.TypeSolver.solveType(TypeSolver.java:71)

46116      ERROR Test worker     d.u.i.k.n.b.AbstractBuilder  com.github.javaparser.resolution.UnsolvedSymbolException: Unsolved symbol in de.uka.ilkd.key.java.JavaParserFactory$DynamicTypeSolver@596fef4f : java.lang.Object
	at com.github.javaparser.resolution.TypeSolver.solveType(TypeSolver.java:71)

46117      ERROR Test worker     d.u.i.k.n.b.TacletPBuilder Error in parsing taclet. de.uka.ilkd.key.util.parsing.BuildingException: Unsolved symbol in de.uka.ilkd.key.java.JavaParserFactory$DynamicTypeSolver@596fef4f : java.lang.Object at file:/home/runner/work/key/key/key.core/build/resources/main/de/uka/ilkd/key/proof/rules/javaRules.key:3569:15
	at de.uka.ilkd.key.nparser.builder.AbstractBuilder.accept(AbstractBuilder.java:54)
Caused by: com.github.javaparser.resolution.UnsolvedSymbolException: Unsolved symbol in de.uka.ilkd.key.java.JavaParserFactory$DynamicTypeSolver@596fef4f : java.lang.Object
	at com.github.javaparser.resolution.TypeSolver.solveType(TypeSolver.java:71)

46128      ERROR Test worker     d.u.i.k.n.b.AbstractBuilder  com.github.javaparser.resolution.UnsolvedSymbolException: Unsolved symbol in de.uka.ilkd.key.java.JavaParserFactory$DynamicTypeSolver@596fef4f : java.lang.Object
	at com.github.javaparser.resolution.TypeSolver.solveType(TypeSolver.java:71)

46130      ERROR Test worker     d.u.i.k.n.b.TacletPBuilder Error in parsing taclet. de.uka.ilkd.key.util.parsing.BuildingException: Unsolved symbol in de.uka.ilkd.key.java.JavaParserFactory$DynamicTypeSolver@596fef4f : java.lang.Object at file:/home/runner/work/key/key/key.core/build/resources/main/de/uka/ilkd/key/proof/rules/javaRules.key:3576:15
	at de.uka.ilkd.key.nparser.builder.AbstractBuilder.accept(AbstractBuilder.java:54)
Caused by: com.github.javaparser.resolution.UnsolvedSymbolException: Unsolved symbol in de.uka.ilkd.key.java.JavaParserFactory$DynamicTypeSolver@596fef4f : java.lang.Object
	at com.github.javaparser.resolution.TypeSolver.solveType(TypeSolver.java:71)

46132      ERROR Test worker     d.u.i.k.n.b.AbstractBuilder  com.github.javaparser.resolution.UnsolvedSymbolException: Unsolved symbol in de.uka.ilkd.key.java.JavaParserFactory$DynamicTypeSolver@596fef4f : java.lang.Object
	at com.github.javaparser.resolution.TypeSolver.solveType(TypeSolver.java:71)

46137      ERROR Test worker     d.u.i.k.n.b.TacletPBuilder Error in parsing taclet. de.uka.ilkd.key.util.parsing.BuildingException: Unsolved symbol in de.uka.ilkd.key.java.JavaParserFactory$DynamicTypeSolver@596fef4f : java.lang.Object at file:/home/runner/work/key/key/key.core/build/resources/main/de/uka/ilkd/key/proof/rules/javaRules.key:3583:15
	at de.uka.ilkd.key.nparser.builder.AbstractBuilder.accept(AbstractBuilder.java:54)
Caused by: com.github.javaparser.resolution.UnsolvedSymbolException: Unsolved symbol in de.uka.ilkd.key.java.JavaParserFactory$DynamicTypeSolver@596fef4f : java.lang.Object
	at com.github.javaparser.resolution.TypeSolver.solveType(TypeSolver.java:71)

46139      ERROR Test worker     d.u.i.k.n.b.AbstractBuilder  com.github.javaparser.resolution.UnsolvedSymbolException: Unsolved symbol in de.uka.ilkd.key.java.JavaParserFactory$DynamicTypeSolver@596fef4f : java.lang.Object
	at com.github.javaparser.resolution.TypeSolver.solveType(TypeSolver.java:71)

46139      ERROR Test worker     d.u.i.k.n.b.TacletPBuilder Error in parsing taclet. de.uka.ilkd.key.util.parsing.BuildingException: Unsolved symbol in de.uka.ilkd.key.java.JavaParserFactory$DynamicTypeSolver@596fef4f : java.lang.Object at file:/home/runner/work/key/key/key.core/build/resources/main/de/uka/ilkd/key/proof/rules/javaRules.key:3589:15
	at de.uka.ilkd.key.nparser.builder.AbstractBuilder.accept(AbstractBuilder.java:54)
Caused by: com.github.javaparser.resolution.UnsolvedSymbolException: Unsolved symbol in de.uka.ilkd.key.java.JavaParserFactory$DynamicTypeSolver@596fef4f : java.lang.Object
	at com.github.javaparser.resolution.TypeSolver.solveType(TypeSolver.java:71)

46142      ERROR Test worker     d.u.i.k.n.b.AbstractBuilder  com.github.javaparser.resolution.UnsolvedSymbolException: Unsolved symbol in de.uka.ilkd.key.java.JavaParserFactory$DynamicTypeSolver@596fef4f : java.lang.Object
	at com.github.javaparser.resolution.TypeSolver.solveType(TypeSolver.java:71)

46142      ERROR Test worker     d.u.i.k.n.b.TacletPBuilder Error in parsing taclet. de.uka.ilkd.key.util.parsing.BuildingException: Unsolved symbol in de.uka.ilkd.key.java.JavaParserFactory$DynamicTypeSolver@596fef4f : java.lang.Object at file:/home/runner/work/key/key/key.core/build/resources/main/de/uka/ilkd/key/proof/rules/javaRules.key:3596:15
	at de.uka.ilkd.key.nparser.builder.AbstractBuilder.accept(AbstractBuilder.java:54)
Caused by: com.github.javaparser.resolution.UnsolvedSymbolException: Unsolved symbol in de.uka.ilkd.key.java.JavaParserFactory$DynamicTypeSolver@596fef4f : java.lang.Object
	at com.github.javaparser.resolution.TypeSolver.solveType(TypeSolver.java:71)

46144      ERROR Test worker     d.u.i.k.n.b.AbstractBuilder  com.github.javaparser.resolution.UnsolvedSymbolException: Unsolved symbol in de.uka.ilkd.key.java.JavaParserFactory$DynamicTypeSolver@596fef4f : java.lang.Object
	at com.github.javaparser.resolution.TypeSolver.solveType(TypeSolver.java:71)

46151      ERROR Test worker     d.u.i.k.n.b.TacletPBuilder Error in parsing taclet. de.uka.ilkd.key.util.parsing.BuildingException: Unsolved symbol in de.uka.ilkd.key.java.JavaParserFactory$DynamicTypeSolver@596fef4f : java.lang.Object at file:/home/runner/work/key/key/key.core/build/resources/main/de/uka/ilkd/key/proof/rules/javaRules.key:3608:15
	at de.uka.ilkd.key.nparser.builder.AbstractBuilder.accept(AbstractBuilder.java:54)
Caused by: com.github.javaparser.resolution.UnsolvedSymbolException: Unsolved symbol in de.uka.ilkd.key.java.JavaParserFactory$DynamicTypeSolver@596fef4f : java.lang.Object
	at com.github.javaparser.resolution.TypeSolver.solveType(TypeSolver.java:71)

46152      ERROR Test worker     d.u.i.k.n.b.AbstractBuilder  com.github.javaparser.resolution.UnsolvedSymbolException: Unsolved symbol in de.uka.ilkd.key.java.JavaParserFactory$DynamicTypeSolver@596fef4f : java.lang.Object
	at com.github.javaparser.resolution.TypeSolver.solveType(TypeSolver.java:71)

46153      ERROR Test worker     d.u.i.k.n.b.TacletPBuilder Error in parsing taclet. de.uka.ilkd.key.util.parsing.BuildingException: Unsolved symbol in de.uka.ilkd.key.java.JavaParserFactory$DynamicTypeSolver@596fef4f : java.lang.Object at file:/home/runner/work/key/key/key.core/build/resources/main/de/uka/ilkd/key/proof/rules/javaRules.key:3622:15
	at de.uka.ilkd.key.nparser.builder.AbstractBuilder.accept(AbstractBuilder.java:54)
Caused by: com.github.javaparser.resolution.UnsolvedSymbolException: Unsolved symbol in de.uka.ilkd.key.java.JavaParserFactory$DynamicTypeSolver@596fef4f : java.lang.Object
	at com.github.javaparser.resolution.TypeSolver.solveType(TypeSolver.java:71)

46155      ERROR Test worker     d.u.i.k.n.b.AbstractBuilder  com.github.javaparser.resolution.UnsolvedSymbolException: Unsolved symbol in de.uka.ilkd.key.java.JavaParserFactory$DynamicTypeSolver@596fef4f : java.lang.Object
	at com.github.javaparser.resolution.TypeSolver.solveType(TypeSolver.java:71)

46155      ERROR Test worker     d.u.i.k.n.b.TacletPBuilder Error in parsing taclet. de.uka.ilkd.key.util.parsing.BuildingException: Unsolved symbol in de.uka.ilkd.key.java.JavaParserFactory$DynamicTypeSolver@596fef4f : java.lang.Object at file:/home/runner/work/key/key/key.core/build/resources/main/de/uka/ilkd/key/proof/rules/javaRules.key:3635:15
	at de.uka.ilkd.key.nparser.builder.AbstractBuilder.accept(AbstractBuilder.java:54)
Caused by: com.github.javaparser.resolution.UnsolvedSymbolException: Unsolved symbol in de.uka.ilkd.key.java.JavaParserFactory$DynamicTypeSolver@596fef4f : java.lang.Object
	at com.github.javaparser.resolution.TypeSolver.solveType(TypeSolver.java:71)

46157      ERROR Test worker     d.u.i.k.n.b.AbstractBuilder  com.github.javaparser.resolution.UnsolvedSymbolException: Unsolved symbol in de.uka.ilkd.key.java.JavaParserFactory$DynamicTypeSolver@596fef4f : java.lang.Object
	at com.github.javaparser.resolution.TypeSolver.solveType(TypeSolver.java:71)

46158      ERROR Test worker     d.u.i.k.n.b.TacletPBuilder Error in parsing taclet. de.uka.ilkd.key.util.parsing.BuildingException: Unsolved symbol in de.uka.ilkd.key.java.JavaParserFactory$DynamicTypeSolver@596fef4f : java.lang.Object at file:/home/runner/work/key/key/key.core/build/resources/main/de/uka/ilkd/key/proof/rules/javaRules.key:3650:15
	at de.uka.ilkd.key.nparser.builder.AbstractBuilder.accept(AbstractBuilder.java:54)
Caused by: com.github.javaparser.resolution.UnsolvedSymbolException: Unsolved symbol in de.uka.ilkd.key.java.JavaParserFactory$DynamicTypeSolver@596fef4f : java.lang.Object
	at com.github.javaparser.resolution.TypeSolver.solveType(TypeSolver.java:71)

46160      ERROR Test worker     d.u.i.k.n.b.AbstractBuilder  com.github.javaparser.resolution.UnsolvedSymbolException: Unsolved symbol in de.uka.ilkd.key.java.JavaParserFactory$DynamicTypeSolver@596fef4f : java.lang.Object
	at com.github.javaparser.resolution.TypeSolver.solveType(TypeSolver.java:71)

46165      ERROR Test worker     d.u.i.k.n.b.TacletPBuilder Error in parsing taclet. de.uka.ilkd.key.util.parsing.BuildingException: Unsolved symbol in de.uka.ilkd.key.java.JavaParserFactory$DynamicTypeSolver@596fef4f : java.lang.Object at file:/home/runner/work/key/key/key.core/build/resources/main/de/uka/ilkd/key/proof/rules/javaRules.key:3671:15
	at de.uka.ilkd.key.nparser.builder.AbstractBuilder.accept(AbstractBuilder.java:54)
Caused by: com.github.javaparser.resolution.UnsolvedSymbolException: Unsolved symbol in de.uka.ilkd.key.java.JavaParserFactory$DynamicTypeSolver@596fef4f : java.lang.Object
	at com.github.javaparser.resolution.TypeSolver.solveType(TypeSolver.java:71)

46167      ERROR Test worker     d.u.i.k.n.b.AbstractBuilder  com.github.javaparser.resolution.UnsolvedSymbolException: Unsolved symbol in de.uka.ilkd.key.java.JavaParserFactory$DynamicTypeSolver@596fef4f : java.lang.Object
	at com.github.javaparser.resolution.TypeSolver.solveType(TypeSolver.java:71)

46167      ERROR Test worker     d.u.i.k.n.b.TacletPBuilder Error in parsing taclet. de.uka.ilkd.key.util.parsing.BuildingException: Unsolved symbol in de.uka.ilkd.key.java.JavaParserFactory$DynamicTypeSolver@596fef4f : java.lang.Object at file:/home/runner/work/key/key/key.core/build/resources/main/de/uka/ilkd/key/proof/rules/javaRules.key:3682:15
	at de.uka.ilkd.key.nparser.builder.AbstractBuilder.accept(AbstractBuilder.java:54)
Caused by: com.github.javaparser.resolution.UnsolvedSymbolException: Unsolved symbol in de.uka.ilkd.key.java.JavaParserFactory$DynamicTypeSolver@596fef4f : java.lang.Object
	at com.github.javaparser.resolution.TypeSolver.solveType(TypeSolver.java:71)

46169      ERROR Test worker     d.u.i.k.n.b.AbstractBuilder  com.github.javaparser.resolution.UnsolvedSymbolException: Unsolved symbol in de.uka.ilkd.key.java.JavaParserFactory$DynamicTypeSolver@596fef4f : java.lang.Object
	at com.github.javaparser.resolution.TypeSolver.solveType(TypeSolver.java:71)

46169      ERROR Test worker     d.u.i.k.n.b.TacletPBuilder Error in parsing taclet. de.uka.ilkd.key.util.parsing.BuildingException: Unsolved symbol in de.uka.ilkd.key.java.JavaParserFactory$DynamicTypeSolver@596fef4f : java.lang.Object at file:/home/runner/work/key/key/key.core/build/resources/main/de/uka/ilkd/key/proof/rules/javaRules.key:3695:15
	at de.uka.ilkd.key.nparser.builder.AbstractBuilder.accept(AbstractBuilder.java:54)
Caused by: com.github.javaparser.resolution.UnsolvedSymbolException: Unsolved symbol in de.uka.ilkd.key.java.JavaParserFactory$DynamicTypeSolver@596fef4f : java.lang.Object
	at com.github.javaparser.resolution.TypeSolver.solveType(TypeSolver.java:71)

46171      ERROR Test worker     d.u.i.k.n.b.AbstractBuilder  com.github.javaparser.resolution.UnsolvedSymbolException: Unsolved symbol in de.uka.ilkd.key.java.JavaParserFactory$DynamicTypeSolver@596fef4f : java.lang.Object
	at com.github.javaparser.resolution.TypeSolver.solveType(TypeSolver.java:71)

46181      ERROR Test worker     d.u.i.k.n.b.TacletPBuilder Error in parsing taclet. de.uka.ilkd.key.util.parsing.BuildingException: Unsolved symbol in de.uka.ilkd.key.java.JavaParserFactory$DynamicTypeSolver@596fef4f : java.lang.Object at file:/home/runner/work/key/key/key.core/build/resources/main/de/uka/ilkd/key/proof/rules/javaRules.key:3702:15
	at de.uka.ilkd.key.nparser.builder.AbstractBuilder.accept(AbstractBuilder.java:54)
Caused by: com.github.javaparser.resolution.UnsolvedSymbolException: Unsolved symbol in de.uka.ilkd.key.java.JavaParserFactory$DynamicTypeSolver@596fef4f : java.lang.Object
	at com.github.javaparser.resolution.TypeSolver.solveType(TypeSolver.java:71)

46182      ERROR Test worker     d.u.i.k.n.b.AbstractBuilder  com.github.javaparser.resolution.UnsolvedSymbolException: Unsolved symbol in de.uka.ilkd.key.java.JavaParserFactory$DynamicTypeSolver@596fef4f : java.lang.Object
	at com.github.javaparser.resolution.TypeSolver.solveType(TypeSolver.java:71)

46183      ERROR Test worker     d.u.i.k.n.b.TacletPBuilder Error in parsing taclet. de.uka.ilkd.key.util.parsing.BuildingException: Unsolved symbol in de.uka.ilkd.key.java.JavaParserFactory$DynamicTypeSolver@596fef4f : java.lang.Object at file:/home/runner/work/key/key/key.core/build/resources/main/de/uka/ilkd/key/proof/rules/javaRules.key:3712:15
	at de.uka.ilkd.key.nparser.builder.AbstractBuilder.accept(AbstractBuilder.java:54)
Caused by: com.github.javaparser.resolution.UnsolvedSymbolException: Unsolved symbol in de.uka.ilkd.key.java.JavaParserFactory$DynamicTypeSolver@596fef4f : java.lang.Object
	at com.github.javaparser.resolution.TypeSolver.solveType(TypeSolver.java:71)

46185      ERROR Test worker     d.u.i.k.n.b.AbstractBuilder  com.github.javaparser.resolution.UnsolvedSymbolException: Unsolved symbol in de.uka.ilkd.key.java.JavaParserFactory$DynamicTypeSolver@596fef4f : java.lang.Object
	at com.github.javaparser.resolution.TypeSolver.solveType(TypeSolver.java:71)

46186      ERROR Test worker     d.u.i.k.n.b.TacletPBuilder Error in parsing taclet. de.uka.ilkd.key.util.parsing.BuildingException: Unsolved symbol in de.uka.ilkd.key.java.JavaParserFactory$DynamicTypeSolver@596fef4f : java.lang.Object at file:/home/runner/work/key/key/key.core/build/resources/main/de/uka/ilkd/key/proof/rules/javaRules.key:3723:15
	at de.uka.ilkd.key.nparser.builder.AbstractBuilder.accept(AbstractBuilder.java:54)
Caused by: com.github.javaparser.resolution.UnsolvedSymbolException: Unsolved symbol in de.uka.ilkd.key.java.JavaParserFactory$DynamicTypeSolver@596fef4f : java.lang.Object
	at com.github.javaparser.resolution.TypeSolver.solveType(TypeSolver.java:71)

46187      ERROR Test worker     d.u.i.k.n.b.AbstractBuilder  com.github.javaparser.resolution.UnsolvedSymbolException: Unsolved symbol in de.uka.ilkd.key.java.JavaParserFactory$DynamicTypeSolver@596fef4f : java.lang.Object
	at com.github.javaparser.resolution.TypeSolver.solveType(TypeSolver.java:71)

46188      ERROR Test worker     d.u.i.k.n.b.TacletPBuilder Error in parsing taclet. de.uka.ilkd.key.util.parsing.BuildingException: Unsolved symbol in de.uka.ilkd.key.java.JavaParserFactory$DynamicTypeSolver@596fef4f : java.lang.Object at file:/home/runner/work/key/key/key.core/build/resources/main/de/uka/ilkd/key/proof/rules/javaRules.key:3735:15
	at de.uka.ilkd.key.nparser.builder.AbstractBuilder.accept(AbstractBuilder.java:54)
Caused by: com.github.javaparser.resolution.UnsolvedSymbolException: Unsolved symbol in de.uka.ilkd.key.java.JavaParserFactory$DynamicTypeSolver@596fef4f : java.lang.Object
	at com.github.javaparser.resolution.TypeSolver.solveType(TypeSolver.java:71)

46190      ERROR Test worker     d.u.i.k.n.b.AbstractBuilder  com.github.javaparser.resolution.UnsolvedSymbolException: Unsolved symbol in de.uka.ilkd.key.java.JavaParserFactory$DynamicTypeSolver@596fef4f : java.lang.Object
	at com.github.javaparser.resolution.TypeSolver.solveType(TypeSolver.java:71)

46190      ERROR Test worker     d.u.i.k.n.b.TacletPBuilder Error in parsing taclet. de.uka.ilkd.key.util.parsing.BuildingException: Unsolved symbol in de.uka.ilkd.key.java.JavaParserFactory$DynamicTypeSolver@596fef4f : java.lang.Object at file:/home/runner/work/key/key/key.core/build/resources/main/de/uka/ilkd/key/proof/rules/javaRules.key:3747:15
	at de.uka.ilkd.key.nparser.builder.AbstractBuilder.accept(AbstractBuilder.java:54)
Caused by: com.github.javaparser.resolution.UnsolvedSymbolException: Unsolved symbol in de.uka.ilkd.key.java.JavaParserFactory$DynamicTypeSolver@596fef4f : java.lang.Object
	at com.github.javaparser.resolution.TypeSolver.solveType(TypeSolver.java:71)

46192      ERROR Test worker     d.u.i.k.n.b.AbstractBuilder  com.github.javaparser.resolution.UnsolvedSymbolException: Unsolved symbol in de.uka.ilkd.key.java.JavaParserFactory$DynamicTypeSolver@596fef4f : java.lang.Object
	at com.github.javaparser.resolution.TypeSolver.solveType(TypeSolver.java:71)

46192      ERROR Test worker     d.u.i.k.n.b.TacletPBuilder Error in parsing taclet. de.uka.ilkd.key.util.parsing.BuildingException: Unsolved symbol in de.uka.ilkd.key.java.JavaParserFactory$DynamicTypeSolver@596fef4f : java.lang.Object at file:/home/runner/work/key/key/key.core/build/resources/main/de/uka/ilkd/key/proof/rules/javaRules.key:3761:15
	at de.uka.ilkd.key.nparser.builder.AbstractBuilder.accept(AbstractBuilder.java:54)
Caused by: com.github.javaparser.resolution.UnsolvedSymbolException: Unsolved symbol in de.uka.ilkd.key.java.JavaParserFactory$DynamicTypeSolver@596fef4f : java.lang.Object
	at com.github.javaparser.resolution.TypeSolver.solveType(TypeSolver.java:71)

46195      ERROR Test worker     d.u.i.k.n.b.AbstractBuilder  com.github.javaparser.resolution.UnsolvedSymbolException: Unsolved symbol in de.uka.ilkd.key.java.JavaParserFactory$DynamicTypeSolver@596fef4f : java.lang.Object
	at com.github.javaparser.resolution.TypeSolver.solveType(TypeSolver.java:71)

46201      ERROR Test worker     d.u.i.k.n.b.TacletPBuilder Error in parsing taclet. de.uka.ilkd.key.util.parsing.BuildingException: Unsolved symbol in de.uka.ilkd.key.java.JavaParserFactory$DynamicTypeSolver@596fef4f : java.lang.Object at file:/home/runner/work/key/key/key.core/build/resources/main/de/uka/ilkd/key/proof/rules/javaRules.key:3769:15
	at de.uka.ilkd.key.nparser.builder.AbstractBuilder.accept(AbstractBuilder.java:54)
Caused by: com.github.javaparser.resolution.UnsolvedSymbolException: Unsolved symbol in de.uka.ilkd.key.java.JavaParserFactory$DynamicTypeSolver@596fef4f : java.lang.Object
	at com.github.javaparser.resolution.TypeSolver.solveType(TypeSolver.java:71)

46203      ERROR Test worker     d.u.i.k.n.b.AbstractBuilder  com.github.javaparser.resolution.UnsolvedSymbolException: Unsolved symbol in de.uka.ilkd.key.java.JavaParserFactory$DynamicTypeSolver@596fef4f : java.lang.Object
	at com.github.javaparser.resolution.TypeSolver.solveType(TypeSolver.java:71)

46203      ERROR Test worker     d.u.i.k.n.b.TacletPBuilder Error in parsing taclet. de.uka.ilkd.key.util.parsing.BuildingException: Unsolved symbol in de.uka.ilkd.key.java.JavaParserFactory$DynamicTypeSolver@596fef4f : java.lang.Object at file:/home/runner/work/key/key/key.core/build/resources/main/de/uka/ilkd/key/proof/rules/javaRules.key:3780:15
	at de.uka.ilkd.key.nparser.builder.AbstractBuilder.accept(AbstractBuilder.java:54)
Caused by: com.github.javaparser.resolution.UnsolvedSymbolException: Unsolved symbol in de.uka.ilkd.key.java.JavaParserFactory$DynamicTypeSolver@596fef4f : java.lang.Object
	at com.github.javaparser.resolution.TypeSolver.solveType(TypeSolver.java:71)

46205      ERROR Test worker     d.u.i.k.n.b.AbstractBuilder  com.github.javaparser.resolution.UnsolvedSymbolException: Unsolved symbol in de.uka.ilkd.key.java.JavaParserFactory$DynamicTypeSolver@596fef4f : java.lang.Object
	at com.github.javaparser.resolution.TypeSolver.solveType(TypeSolver.java:71)

46205      ERROR Test worker     d.u.i.k.n.b.TacletPBuilder Error in parsing taclet. de.uka.ilkd.key.util.parsing.BuildingException: Unsolved symbol in de.uka.ilkd.key.java.JavaParserFactory$DynamicTypeSolver@596fef4f : java.lang.Object at file:/home/runner/work/key/key/key.core/build/resources/main/de/uka/ilkd/key/proof/rules/javaRules.key:3792:15
	at de.uka.ilkd.key.nparser.builder.AbstractBuilder.accept(AbstractBuilder.java:54)
Caused by: com.github.javaparser.resolution.UnsolvedSymbolException: Unsolved symbol in de.uka.ilkd.key.java.JavaParserFactory$DynamicTypeSolver@596fef4f : java.lang.Object
	at com.github.javaparser.resolution.TypeSolver.solveType(TypeSolver.java:71)

46207      ERROR Test worker     d.u.i.k.n.b.AbstractBuilder  com.github.javaparser.resolution.UnsolvedSymbolException: Unsolved symbol in de.uka.ilkd.key.java.JavaParserFactory$DynamicTypeSolver@596fef4f : java.lang.Object
	at com.github.javaparser.resolution.TypeSolver.solveType(TypeSolver.java:71)

46210      ERROR Test worker     d.u.i.k.n.b.TacletPBuilder Error in parsing taclet. de.uka.ilkd.key.util.parsing.BuildingException: Unsolved symbol in de.uka.ilkd.key.java.JavaParserFactory$DynamicTypeSolver@596fef4f : java.lang.Object at file:/home/runner/work/key/key/key.core/build/resources/main/de/uka/ilkd/key/proof/rules/javaRules.key:3803:15
	at de.uka.ilkd.key.nparser.builder.AbstractBuilder.accept(AbstractBuilder.java:54)
Caused by: com.github.javaparser.resolution.UnsolvedSymbolException: Unsolved symbol in de.uka.ilkd.key.java.JavaParserFactory$DynamicTypeSolver@596fef4f : java.lang.Object
	at com.github.javaparser.resolution.TypeSolver.solveType(TypeSolver.java:71)

46212      ERROR Test worker     d.u.i.k.n.b.AbstractBuilder  com.github.javaparser.resolution.UnsolvedSymbolException: Unsolved symbol in de.uka.ilkd.key.java.JavaParserFactory$DynamicTypeSolver@596fef4f : java.lang.Object
	at com.github.javaparser.resolution.TypeSolver.solveType(TypeSolver.java:71)

46212      ERROR Test worker     d.u.i.k.n.b.TacletPBuilder Error in parsing taclet. de.uka.ilkd.key.util.parsing.BuildingException: Unsolved symbol in de.uka.ilkd.key.java.JavaParserFactory$DynamicTypeSolver@596fef4f : java.lang.Object at file:/home/runner/work/key/key/key.core/build/resources/main/de/uka/ilkd/key/proof/rules/javaRules.key:3810:15
	at de.uka.ilkd.key.nparser.builder.AbstractBuilder.accept(AbstractBuilder.java:54)
Caused by: com.github.javaparser.resolution.UnsolvedSymbolException: Unsolved symbol in de.uka.ilkd.key.java.JavaParserFactory$DynamicTypeSolver@596fef4f : java.lang.Object
	at com.github.javaparser.resolution.TypeSolver.solveType(TypeSolver.java:71)

46213      ERROR Test worker     d.u.i.k.n.b.AbstractBuilder  com.github.javaparser.resolution.UnsolvedSymbolException: Unsolved symbol in de.uka.ilkd.key.java.JavaParserFactory$DynamicTypeSolver@596fef4f : java.lang.Object
	at com.github.javaparser.resolution.TypeSolver.solveType(TypeSolver.java:71)

46213      ERROR Test worker     d.u.i.k.n.b.TacletPBuilder Error in parsing taclet. de.uka.ilkd.key.util.parsing.BuildingException: Unsolved symbol in de.uka.ilkd.key.java.JavaParserFactory$DynamicTypeSolver@596fef4f : java.lang.Object at file:/home/runner/work/key/key/key.core/build/resources/main/de/uka/ilkd/key/proof/rules/javaRules.key:3817:15
	at de.uka.ilkd.key.nparser.builder.AbstractBuilder.accept(AbstractBuilder.java:54)
Caused by: com.github.javaparser.resolution.UnsolvedSymbolException: Unsolved symbol in de.uka.ilkd.key.java.JavaParserFactory$DynamicTypeSolver@596fef4f : java.lang.Object
	at com.github.javaparser.resolution.TypeSolver.solveType(TypeSolver.java:71)

46215      ERROR Test worker     d.u.i.k.n.b.AbstractBuilder  com.github.javaparser.resolution.UnsolvedSymbolException: Unsolved symbol in de.uka.ilkd.key.java.JavaParserFactory$DynamicTypeSolver@596fef4f : java.lang.Object
	at com.github.javaparser.resolution.TypeSolver.solveType(TypeSolver.java:71)

46215      ERROR Test worker     d.u.i.k.n.b.TacletPBuilder Error in parsing taclet. de.uka.ilkd.key.util.parsing.BuildingException: Unsolved symbol in de.uka.ilkd.key.java.JavaParserFactory$DynamicTypeSolver@596fef4f : java.lang.Object at file:/home/runner/work/key/key/key.core/build/resources/main/de/uka/ilkd/key/proof/rules/javaRules.key:3828:15
	at de.uka.ilkd.key.nparser.builder.AbstractBuilder.accept(AbstractBuilder.java:54)
Caused by: com.github.javaparser.resolution.UnsolvedSymbolException: Unsolved symbol in de.uka.ilkd.key.java.JavaParserFactory$DynamicTypeSolver@596fef4f : java.lang.Object
	at com.github.javaparser.resolution.TypeSolver.solveType(TypeSolver.java:71)

46235      ERROR Test worker     d.u.i.k.n.b.AbstractBuilder  com.github.javaparser.resolution.UnsolvedSymbolException: Unsolved symbol in de.uka.ilkd.key.java.JavaParserFactory$DynamicTypeSolver@596fef4f : java.lang.Object
	at com.github.javaparser.resolution.TypeSolver.solveType(TypeSolver.java:71)

46235      ERROR Test worker     d.u.i.k.n.b.TacletPBuilder Error in parsing taclet. de.uka.ilkd.key.util.parsing.BuildingException: Unsolved symbol in de.uka.ilkd.key.java.JavaParserFactory$DynamicTypeSolver@596fef4f : java.lang.Object at file:/home/runner/work/key/key/key.core/build/resources/main/de/uka/ilkd/key/proof/rules/loopRules.key:26:15
	at de.uka.ilkd.key.nparser.builder.AbstractBuilder.accept(AbstractBuilder.java:54)
Caused by: com.github.javaparser.resolution.UnsolvedSymbolException: Unsolved symbol in de.uka.ilkd.key.java.JavaParserFactory$DynamicTypeSolver@596fef4f : java.lang.Object
	at com.github.javaparser.resolution.TypeSolver.solveType(TypeSolver.java:71)

46241      ERROR Test worker     d.u.i.k.n.b.AbstractBuilder  com.github.javaparser.resolution.UnsolvedSymbolException: Unsolved symbol in de.uka.ilkd.key.java.JavaParserFactory$DynamicTypeSolver@596fef4f : java.lang.Object
	at com.github.javaparser.resolution.TypeSolver.solveType(TypeSolver.java:71)

46241      ERROR Test worker     d.u.i.k.n.b.TacletPBuilder Error in parsing taclet. de.uka.ilkd.key.util.parsing.BuildingException: Unsolved symbol in de.uka.ilkd.key.java.JavaParserFactory$DynamicTypeSolver@596fef4f : java.lang.Object at file:/home/runner/work/key/key/key.core/build/resources/main/de/uka/ilkd/key/proof/rules/loopRules.key:34:15
	at de.uka.ilkd.key.nparser.builder.AbstractBuilder.accept(AbstractBuilder.java:54)
Caused by: com.github.javaparser.resolution.UnsolvedSymbolException: Unsolved symbol in de.uka.ilkd.key.java.JavaParserFactory$DynamicTypeSolver@596fef4f : java.lang.Object
	at com.github.javaparser.resolution.TypeSolver.solveType(TypeSolver.java:71)

46242      ERROR Test worker     d.u.i.k.n.b.AbstractBuilder  com.github.javaparser.resolution.UnsolvedSymbolException: Unsolved symbol in de.uka.ilkd.key.java.JavaParserFactory$DynamicTypeSolver@596fef4f : java.lang.Object
	at com.github.javaparser.resolution.TypeSolver.solveType(TypeSolver.java:71)

46243      ERROR Test worker     d.u.i.k.n.b.TacletPBuilder Error in parsing taclet. de.uka.ilkd.key.util.parsing.BuildingException: Unsolved symbol in de.uka.ilkd.key.java.JavaParserFactory$DynamicTypeSolver@596fef4f : java.lang.Object at file:/home/runner/work/key/key/key.core/build/resources/main/de/uka/ilkd/key/proof/rules/loopRules.key:45:15
	at de.uka.ilkd.key.nparser.builder.AbstractBuilder.accept(AbstractBuilder.java:54)
Caused by: com.github.javaparser.resolution.UnsolvedSymbolException: Unsolved symbol in de.uka.ilkd.key.java.JavaParserFactory$DynamicTypeSolver@596fef4f : java.lang.Object
	at com.github.javaparser.resolution.TypeSolver.solveType(TypeSolver.java:71)

46244      ERROR Test worker     d.u.i.k.n.b.AbstractBuilder  com.github.javaparser.resolution.UnsolvedSymbolException: Unsolved symbol in de.uka.ilkd.key.java.JavaParserFactory$DynamicTypeSolver@596fef4f : java.lang.Object
	at com.github.javaparser.resolution.TypeSolver.solveType(TypeSolver.java:71)

46244      ERROR Test worker     d.u.i.k.n.b.TacletPBuilder Error in parsing taclet. de.uka.ilkd.key.util.parsing.BuildingException: Unsolved symbol in de.uka.ilkd.key.java.JavaParserFactory$DynamicTypeSolver@596fef4f : java.lang.Object at file:/home/runner/work/key/key/key.core/build/resources/main/de/uka/ilkd/key/proof/rules/loopRules.key:52:15
	at de.uka.ilkd.key.nparser.builder.AbstractBuilder.accept(AbstractBuilder.java:54)
Caused by: com.github.javaparser.resolution.UnsolvedSymbolException: Unsolved symbol in de.uka.ilkd.key.java.JavaParserFactory$DynamicTypeSolver@596fef4f : java.lang.Object
	at com.github.javaparser.resolution.TypeSolver.solveType(TypeSolver.java:71)

46272      ERROR Test worker     d.u.i.k.n.b.AbstractBuilder  com.github.javaparser.resolution.UnsolvedSymbolException: Unsolved symbol in de.uka.ilkd.key.java.JavaParserFactory$DynamicTypeSolver@596fef4f : java.lang.Object
	at com.github.javaparser.resolution.TypeSolver.solveType(TypeSolver.java:71)

46272      ERROR Test worker     d.u.i.k.n.b.TacletPBuilder Error in parsing taclet. de.uka.ilkd.key.util.parsing.BuildingException: Unsolved symbol in de.uka.ilkd.key.java.JavaParserFactory$DynamicTypeSolver@596fef4f : java.lang.Object at file:/home/runner/work/key/key/key.core/build/resources/main/de/uka/ilkd/key/proof/rules/activeUse.key:25:15
	at de.uka.ilkd.key.nparser.builder.AbstractBuilder.accept(AbstractBuilder.java:54)
Caused by: com.github.javaparser.resolution.UnsolvedSymbolException: Unsolved symbol in de.uka.ilkd.key.java.JavaParserFactory$DynamicTypeSolver@596fef4f : java.lang.Object
	at com.github.javaparser.resolution.TypeSolver.solveType(TypeSolver.java:71)

46273      ERROR Test worker     d.u.i.k.n.b.AbstractBuilder  com.github.javaparser.resolution.UnsolvedSymbolException: Unsolved symbol in de.uka.ilkd.key.java.JavaParserFactory$DynamicTypeSolver@596fef4f : java.lang.Object
	at com.github.javaparser.resolution.TypeSolver.solveType(TypeSolver.java:71)

46274      ERROR Test worker     d.u.i.k.n.b.TacletPBuilder Error in parsing taclet. de.uka.ilkd.key.util.parsing.BuildingException: Unsolved symbol in de.uka.ilkd.key.java.JavaParserFactory$DynamicTypeSolver@596fef4f : java.lang.Object at file:/home/runner/work/key/key/key.core/build/resources/main/de/uka/ilkd/key/proof/rules/activeUse.key:38:15
	at de.uka.ilkd.key.nparser.builder.AbstractBuilder.accept(AbstractBuilder.java:54)
Caused by: com.github.javaparser.resolution.UnsolvedSymbolException: Unsolved symbol in de.uka.ilkd.key.java.JavaParserFactory$DynamicTypeSolver@596fef4f : java.lang.Object
	at com.github.javaparser.resolution.TypeSolver.solveType(TypeSolver.java:71)

46275      ERROR Test worker     d.u.i.k.n.b.AbstractBuilder  com.github.javaparser.resolution.UnsolvedSymbolException: Unsolved symbol in de.uka.ilkd.key.java.JavaParserFactory$DynamicTypeSolver@596fef4f : java.lang.Object
	at com.github.javaparser.resolution.TypeSolver.solveType(TypeSolver.java:71)

46275      ERROR Test worker     d.u.i.k.n.b.TacletPBuilder Error in parsing taclet. de.uka.ilkd.key.util.parsing.BuildingException: Unsolved symbol in de.uka.ilkd.key.java.JavaParserFactory$DynamicTypeSolver@596fef4f : java.lang.Object at file:/home/runner/work/key/key/key.core/build/resources/main/de/uka/ilkd/key/proof/rules/activeUse.key:52:15
	at de.uka.ilkd.key.nparser.builder.AbstractBuilder.accept(AbstractBuilder.java:54)
Caused by: com.github.javaparser.resolution.UnsolvedSymbolException: Unsolved symbol in de.uka.ilkd.key.java.JavaParserFactory$DynamicTypeSolver@596fef4f : java.lang.Object
	at com.github.javaparser.resolution.TypeSolver.solveType(TypeSolver.java:71)

46275      ERROR Test worker     d.u.i.k.n.b.TacletPBuilder Override: #arr (program Expression) #arr (program Expression) 
46275      ERROR Test worker     d.u.i.k.n.b.TacletPBuilder Override: #idx (program Expression) #idx (program Expression) 
46277      ERROR Test worker     d.u.i.k.n.b.AbstractBuilder  com.github.javaparser.resolution.UnsolvedSymbolException: Unsolved symbol in de.uka.ilkd.key.java.JavaParserFactory$DynamicTypeSolver@596fef4f : java.lang.Object
	at com.github.javaparser.resolution.TypeSolver.solveType(TypeSolver.java:71)

46277      ERROR Test worker     d.u.i.k.n.b.TacletPBuilder Error in parsing taclet. de.uka.ilkd.key.util.parsing.BuildingException: Unsolved symbol in de.uka.ilkd.key.java.JavaParserFactory$DynamicTypeSolver@596fef4f : java.lang.Object at file:/home/runner/work/key/key/key.core/build/resources/main/de/uka/ilkd/key/proof/rules/activeUse.key:66:15
	at de.uka.ilkd.key.nparser.builder.AbstractBuilder.accept(AbstractBuilder.java:54)
Caused by: com.github.javaparser.resolution.UnsolvedSymbolException: Unsolved symbol in de.uka.ilkd.key.java.JavaParserFactory$DynamicTypeSolver@596fef4f : java.lang.Object
	at com.github.javaparser.resolution.TypeSolver.solveType(TypeSolver.java:71)

46278      ERROR Test worker     d.u.i.k.n.b.AbstractBuilder  com.github.javaparser.resolution.UnsolvedSymbolException: Unsolved symbol in de.uka.ilkd.key.java.JavaParserFactory$DynamicTypeSolver@596fef4f : java.lang.Object
	at com.github.javaparser.resolution.TypeSolver.solveType(TypeSolver.java:71)

46278      ERROR Test worker     d.u.i.k.n.b.TacletPBuilder Error in parsing taclet. de.uka.ilkd.key.util.parsing.BuildingException: Unsolved symbol in de.uka.ilkd.key.java.JavaParserFactory$DynamicTypeSolver@596fef4f : java.lang.Object at file:/home/runner/work/key/key/key.core/build/resources/main/de/uka/ilkd/key/proof/rules/activeUse.key:79:15
	at de.uka.ilkd.key.nparser.builder.AbstractBuilder.accept(AbstractBuilder.java:54)
Caused by: com.github.javaparser.resolution.UnsolvedSymbolException: Unsolved symbol in de.uka.ilkd.key.java.JavaParserFactory$DynamicTypeSolver@596fef4f : java.lang.Object
	at com.github.javaparser.resolution.TypeSolver.solveType(TypeSolver.java:71)

46280      ERROR Test worker     d.u.i.k.n.b.AbstractBuilder  com.github.javaparser.resolution.UnsolvedSymbolException: Unsolved symbol in de.uka.ilkd.key.java.JavaParserFactory$DynamicTypeSolver@596fef4f : java.lang.Object
	at com.github.javaparser.resolution.TypeSolver.solveType(TypeSolver.java:71)

46280      ERROR Test worker     d.u.i.k.n.b.TacletPBuilder Error in parsing taclet. de.uka.ilkd.key.util.parsing.BuildingException: Unsolved symbol in de.uka.ilkd.key.java.JavaParserFactory$DynamicTypeSolver@596fef4f : java.lang.Object at file:/home/runner/work/key/key/key.core/build/resources/main/de/uka/ilkd/key/proof/rules/activeUse.key:92:15
	at de.uka.ilkd.key.nparser.builder.AbstractBuilder.accept(AbstractBuilder.java:54)
Caused by: com.github.javaparser.resolution.UnsolvedSymbolException: Unsolved symbol in de.uka.ilkd.key.java.JavaParserFactory$DynamicTypeSolver@596fef4f : java.lang.Object
	at com.github.javaparser.resolution.TypeSolver.solveType(TypeSolver.java:71)

46281      ERROR Test worker     d.u.i.k.n.b.AbstractBuilder  com.github.javaparser.resolution.UnsolvedSymbolException: Unsolved symbol in de.uka.ilkd.key.java.JavaParserFactory$DynamicTypeSolver@596fef4f : java.lang.Object
	at com.github.javaparser.resolution.TypeSolver.solveType(TypeSolver.java:71)

46282      ERROR Test worker     d.u.i.k.n.b.TacletPBuilder Error in parsing taclet. de.uka.ilkd.key.util.parsing.BuildingException: Unsolved symbol in de.uka.ilkd.key.java.JavaParserFactory$DynamicTypeSolver@596fef4f : java.lang.Object at file:/home/runner/work/key/key/key.core/build/resources/main/de/uka/ilkd/key/proof/rules/activeUse.key:105:15
	at de.uka.ilkd.key.nparser.builder.AbstractBuilder.accept(AbstractBuilder.java:54)
Caused by: com.github.javaparser.resolution.UnsolvedSymbolException: Unsolved symbol in de.uka.ilkd.key.java.JavaParserFactory$DynamicTypeSolver@596fef4f : java.lang.Object
	at com.github.javaparser.resolution.TypeSolver.solveType(TypeSolver.java:71)

46283      ERROR Test worker     d.u.i.k.n.b.AbstractBuilder  com.github.javaparser.resolution.UnsolvedSymbolException: Unsolved symbol in de.uka.ilkd.key.java.JavaParserFactory$DynamicTypeSolver@596fef4f : java.lang.Object
	at com.github.javaparser.resolution.TypeSolver.solveType(TypeSolver.java:71)

46283      ERROR Test worker     d.u.i.k.n.b.TacletPBuilder Error in parsing taclet. de.uka.ilkd.key.util.parsing.BuildingException: Unsolved symbol in de.uka.ilkd.key.java.JavaParserFactory$DynamicTypeSolver@596fef4f : java.lang.Object at file:/home/runner/work/key/key/key.core/build/resources/main/de/uka/ilkd/key/proof/rules/activeUse.key:115:15
	at de.uka.ilkd.key.nparser.builder.AbstractBuilder.accept(AbstractBuilder.java:54)
Caused by: com.github.javaparser.resolution.UnsolvedSymbolException: Unsolved symbol in de.uka.ilkd.key.java.JavaParserFactory$DynamicTypeSolver@596fef4f : java.lang.Object
	at com.github.javaparser.resolution.TypeSolver.solveType(TypeSolver.java:71)

46284      ERROR Test worker     d.u.i.k.n.b.AbstractBuilder  com.github.javaparser.resolution.UnsolvedSymbolException: Unsolved symbol in de.uka.ilkd.key.java.JavaParserFactory$DynamicTypeSolver@596fef4f : java.lang.Object
	at com.github.javaparser.resolution.TypeSolver.solveType(TypeSolver.java:71)

46284      ERROR Test worker     d.u.i.k.n.b.TacletPBuilder Error in parsing taclet. de.uka.ilkd.key.util.parsing.BuildingException: Unsolved symbol in de.uka.ilkd.key.java.JavaParserFactory$DynamicTypeSolver@596fef4f : java.lang.Object at file:/home/runner/work/key/key/key.core/build/resources/main/de/uka/ilkd/key/proof/rules/activeUse.key:129:15
	at de.uka.ilkd.key.nparser.builder.AbstractBuilder.accept(AbstractBuilder.java:54)
Caused by: com.github.javaparser.resolution.UnsolvedSymbolException: Unsolved symbol in de.uka.ilkd.key.java.JavaParserFactory$DynamicTypeSolver@596fef4f : java.lang.Object
	at com.github.javaparser.resolution.TypeSolver.solveType(TypeSolver.java:71)

46286      ERROR Test worker     d.u.i.k.n.b.AbstractBuilder  com.github.javaparser.resolution.UnsolvedSymbolException: Unsolved symbol in de.uka.ilkd.key.java.JavaParserFactory$DynamicTypeSolver@596fef4f : java.lang.Object
	at com.github.javaparser.resolution.TypeSolver.solveType(TypeSolver.java:71)

46286      ERROR Test worker     d.u.i.k.n.b.TacletPBuilder Error in parsing taclet. de.uka.ilkd.key.util.parsing.BuildingException: Unsolved symbol in de.uka.ilkd.key.java.JavaParserFactory$DynamicTypeSolver@596fef4f : java.lang.Object at file:/home/runner/work/key/key/key.core/build/resources/main/de/uka/ilkd/key/proof/rules/activeUse.key:141:15
	at de.uka.ilkd.key.nparser.builder.AbstractBuilder.accept(AbstractBuilder.java:54)
Caused by: com.github.javaparser.resolution.UnsolvedSymbolException: Unsolved symbol in de.uka.ilkd.key.java.JavaParserFactory$DynamicTypeSolver@596fef4f : java.lang.Object
	at com.github.javaparser.resolution.TypeSolver.solveType(TypeSolver.java:71)

46286      ERROR Test worker     d.u.i.k.n.b.TacletPBuilder Override: #arr (program Expression) #arr (program Expression) 
46286      ERROR Test worker     d.u.i.k.n.b.TacletPBuilder Override: #idx (program Expression) #idx (program Expression) 
46287      ERROR Test worker     d.u.i.k.n.b.AbstractBuilder  com.github.javaparser.resolution.UnsolvedSymbolException: Unsolved symbol in de.uka.ilkd.key.java.JavaParserFactory$DynamicTypeSolver@596fef4f : java.lang.Object
	at com.github.javaparser.resolution.TypeSolver.solveType(TypeSolver.java:71)

46287      ERROR Test worker     d.u.i.k.n.b.TacletPBuilder Error in parsing taclet. de.uka.ilkd.key.util.parsing.BuildingException: Unsolved symbol in de.uka.ilkd.key.java.JavaParserFactory$DynamicTypeSolver@596fef4f : java.lang.Object at file:/home/runner/work/key/key/key.core/build/resources/main/de/uka/ilkd/key/proof/rules/activeUse.key:154:15
	at de.uka.ilkd.key.nparser.builder.AbstractBuilder.accept(AbstractBuilder.java:54)
Caused by: com.github.javaparser.resolution.UnsolvedSymbolException: Unsolved symbol in de.uka.ilkd.key.java.JavaParserFactory$DynamicTypeSolver@596fef4f : java.lang.Object
	at com.github.javaparser.resolution.TypeSolver.solveType(TypeSolver.java:71)

46288      ERROR Test worker     d.u.i.k.n.b.TacletPBuilder Override: #arr (program Expression) #arr (program Expression) 
46288      ERROR Test worker     d.u.i.k.n.b.TacletPBuilder Override: #idx (program Expression) #idx (program Expression) 
46289      ERROR Test worker     d.u.i.k.n.b.AbstractBuilder  com.github.javaparser.resolution.UnsolvedSymbolException: Unsolved symbol in de.uka.ilkd.key.java.JavaParserFactory$DynamicTypeSolver@596fef4f : java.lang.Object
	at com.github.javaparser.resolution.TypeSolver.solveType(TypeSolver.java:71)

46289      ERROR Test worker     d.u.i.k.n.b.TacletPBuilder Error in parsing taclet. de.uka.ilkd.key.util.parsing.BuildingException: Unsolved symbol in de.uka.ilkd.key.java.JavaParserFactory$DynamicTypeSolver@596fef4f : java.lang.Object at file:/home/runner/work/key/key/key.core/build/resources/main/de/uka/ilkd/key/proof/rules/activeUse.key:167:15
	at de.uka.ilkd.key.nparser.builder.AbstractBuilder.accept(AbstractBuilder.java:54)
Caused by: com.github.javaparser.resolution.UnsolvedSymbolException: Unsolved symbol in de.uka.ilkd.key.java.JavaParserFactory$DynamicTypeSolver@596fef4f : java.lang.Object
	at com.github.javaparser.resolution.TypeSolver.solveType(TypeSolver.java:71)

46292      ERROR Test worker     d.u.i.k.n.b.AbstractBuilder  com.github.javaparser.resolution.UnsolvedSymbolException: Unsolved symbol in de.uka.ilkd.key.java.JavaParserFactory$DynamicTypeSolver@596fef4f : java.lang.Object
	at com.github.javaparser.resolution.TypeSolver.solveType(TypeSolver.java:71)

46292      ERROR Test worker     d.u.i.k.n.b.TacletPBuilder Error in parsing taclet. de.uka.ilkd.key.util.parsing.BuildingException: Unsolved symbol in de.uka.ilkd.key.java.JavaParserFactory$DynamicTypeSolver@596fef4f : java.lang.Object at file:/home/runner/work/key/key/key.core/build/resources/main/de/uka/ilkd/key/proof/rules/activeUse.key:179:15
	at de.uka.ilkd.key.nparser.builder.AbstractBuilder.accept(AbstractBuilder.java:54)
Caused by: com.github.javaparser.resolution.UnsolvedSymbolException: Unsolved symbol in de.uka.ilkd.key.java.JavaParserFactory$DynamicTypeSolver@596fef4f : java.lang.Object
	at com.github.javaparser.resolution.TypeSolver.solveType(TypeSolver.java:71)

46293      ERROR Test worker     d.u.i.k.n.b.AbstractBuilder  com.github.javaparser.resolution.UnsolvedSymbolException: Unsolved symbol in de.uka.ilkd.key.java.JavaParserFactory$DynamicTypeSolver@596fef4f : java.lang.Object
	at com.github.javaparser.resolution.TypeSolver.solveType(TypeSolver.java:71)

46293      ERROR Test worker     d.u.i.k.n.b.TacletPBuilder Error in parsing taclet. de.uka.ilkd.key.util.parsing.BuildingException: Unsolved symbol in de.uka.ilkd.key.java.JavaParserFactory$DynamicTypeSolver@596fef4f : java.lang.Object at file:/home/runner/work/key/key/key.core/build/resources/main/de/uka/ilkd/key/proof/rules/activeUse.key:191:15
	at de.uka.ilkd.key.nparser.builder.AbstractBuilder.accept(AbstractBuilder.java:54)
Caused by: com.github.javaparser.resolution.UnsolvedSymbolException: Unsolved symbol in de.uka.ilkd.key.java.JavaParserFactory$DynamicTypeSolver@596fef4f : java.lang.Object
	at com.github.javaparser.resolution.TypeSolver.solveType(TypeSolver.java:71)

46295      ERROR Test worker     d.u.i.k.n.b.AbstractBuilder  com.github.javaparser.resolution.UnsolvedSymbolException: Unsolved symbol in de.uka.ilkd.key.java.JavaParserFactory$DynamicTypeSolver@596fef4f : java.lang.Object
	at com.github.javaparser.resolution.TypeSolver.solveType(TypeSolver.java:71)

46295      ERROR Test worker     d.u.i.k.n.b.TacletPBuilder Error in parsing taclet. de.uka.ilkd.key.util.parsing.BuildingException: Unsolved symbol in de.uka.ilkd.key.java.JavaParserFactory$DynamicTypeSolver@596fef4f : java.lang.Object at file:/home/runner/work/key/key/key.core/build/resources/main/de/uka/ilkd/key/proof/rules/activeUse.key:203:15
	at de.uka.ilkd.key.nparser.builder.AbstractBuilder.accept(AbstractBuilder.java:54)
Caused by: com.github.javaparser.resolution.UnsolvedSymbolException: Unsolved symbol in de.uka.ilkd.key.java.JavaParserFactory$DynamicTypeSolver@596fef4f : java.lang.Object
	at com.github.javaparser.resolution.TypeSolver.solveType(TypeSolver.java:71)

46296      ERROR Test worker     d.u.i.k.n.b.AbstractBuilder  com.github.javaparser.resolution.UnsolvedSymbolException: Unsolved symbol in de.uka.ilkd.key.java.JavaParserFactory$DynamicTypeSolver@596fef4f : java.lang.Object
	at com.github.javaparser.resolution.TypeSolver.solveType(TypeSolver.java:71)

46296      ERROR Test worker     d.u.i.k.n.b.TacletPBuilder Error in parsing taclet. de.uka.ilkd.key.util.parsing.BuildingException: Unsolved symbol in de.uka.ilkd.key.java.JavaParserFactory$DynamicTypeSolver@596fef4f : java.lang.Object at file:/home/runner/work/key/key/key.core/build/resources/main/de/uka/ilkd/key/proof/rules/activeUse.key:212:15
	at de.uka.ilkd.key.nparser.builder.AbstractBuilder.accept(AbstractBuilder.java:54)
Caused by: com.github.javaparser.resolution.UnsolvedSymbolException: Unsolved symbol in de.uka.ilkd.key.java.JavaParserFactory$DynamicTypeSolver@596fef4f : java.lang.Object
	at com.github.javaparser.resolution.TypeSolver.solveType(TypeSolver.java:71)

46298      ERROR Test worker     d.u.i.k.n.b.AbstractBuilder  com.github.javaparser.resolution.UnsolvedSymbolException: Unsolved symbol in de.uka.ilkd.key.java.JavaParserFactory$DynamicTypeSolver@596fef4f : java.lang.Object
	at com.github.javaparser.resolution.TypeSolver.solveType(TypeSolver.java:71)

46299      ERROR Test worker     d.u.i.k.n.b.TacletPBuilder Error in parsing taclet. de.uka.ilkd.key.util.parsing.BuildingException: Unsolved symbol in de.uka.ilkd.key.java.JavaParserFactory$DynamicTypeSolver@596fef4f : java.lang.Object at file:/home/runner/work/key/key/key.core/build/resources/main/de/uka/ilkd/key/proof/rules/activeUse.key:224:15
	at de.uka.ilkd.key.nparser.builder.AbstractBuilder.accept(AbstractBuilder.java:54)
Caused by: com.github.javaparser.resolution.UnsolvedSymbolException: Unsolved symbol in de.uka.ilkd.key.java.JavaParserFactory$DynamicTypeSolver@596fef4f : java.lang.Object
	at com.github.javaparser.resolution.TypeSolver.solveType(TypeSolver.java:71)

46300      ERROR Test worker     d.u.i.k.n.b.AbstractBuilder  com.github.javaparser.resolution.UnsolvedSymbolException: Unsolved symbol in de.uka.ilkd.key.java.JavaParserFactory$DynamicTypeSolver@596fef4f : java.lang.Object
	at com.github.javaparser.resolution.TypeSolver.solveType(TypeSolver.java:71)

46301      ERROR Test worker     d.u.i.k.n.b.TacletPBuilder Error in parsing taclet. de.uka.ilkd.key.util.parsing.BuildingException: Unsolved symbol in de.uka.ilkd.key.java.JavaParserFactory$DynamicTypeSolver@596fef4f : java.lang.Object at file:/home/runner/work/key/key/key.core/build/resources/main/de/uka/ilkd/key/proof/rules/activeUse.key:240:15
	at de.uka.ilkd.key.nparser.builder.AbstractBuilder.accept(AbstractBuilder.java:54)
Caused by: com.github.javaparser.resolution.UnsolvedSymbolException: Unsolved symbol in de.uka.ilkd.key.java.JavaParserFactory$DynamicTypeSolver@596fef4f : java.lang.Object
	at com.github.javaparser.resolution.TypeSolver.solveType(TypeSolver.java:71)

46308      ERROR Test worker     d.u.i.k.n.b.AbstractBuilder  com.github.javaparser.resolution.UnsolvedSymbolException: Unsolved symbol in de.uka.ilkd.key.java.JavaParserFactory$DynamicTypeSolver@596fef4f : java.lang.Object
	at com.github.javaparser.resolution.TypeSolver.solveType(TypeSolver.java:71)

46308      ERROR Test worker     d.u.i.k.n.b.TacletPBuilder Error in parsing taclet. de.uka.ilkd.key.util.parsing.BuildingException: Unsolved symbol in de.uka.ilkd.key.java.JavaParserFactory$DynamicTypeSolver@596fef4f : java.lang.Object at file:/home/runner/work/key/key/key.core/build/resources/main/de/uka/ilkd/key/proof/rules/activeUse.key:254:15
	at de.uka.ilkd.key.nparser.builder.AbstractBuilder.accept(AbstractBuilder.java:54)
Caused by: com.github.javaparser.resolution.UnsolvedSymbolException: Unsolved symbol in de.uka.ilkd.key.java.JavaParserFactory$DynamicTypeSolver@596fef4f : java.lang.Object
	at com.github.javaparser.resolution.TypeSolver.solveType(TypeSolver.java:71)

46309      ERROR Test worker     d.u.i.k.n.b.AbstractBuilder  com.github.javaparser.resolution.UnsolvedSymbolException: Unsolved symbol in de.uka.ilkd.key.java.JavaParserFactory$DynamicTypeSolver@596fef4f : java.lang.Object
	at com.github.javaparser.resolution.TypeSolver.solveType(TypeSolver.java:71)

46310      ERROR Test worker     d.u.i.k.n.b.TacletPBuilder Error in parsing taclet. de.uka.ilkd.key.util.parsing.BuildingException: Unsolved symbol in de.uka.ilkd.key.java.JavaParserFactory$DynamicTypeSolver@596fef4f : java.lang.Object at file:/home/runner/work/key/key/key.core/build/resources/main/de/uka/ilkd/key/proof/rules/activeUse.key:268:15
	at de.uka.ilkd.key.nparser.builder.AbstractBuilder.accept(AbstractBuilder.java:54)
Caused by: com.github.javaparser.resolution.UnsolvedSymbolException: Unsolved symbol in de.uka.ilkd.key.java.JavaParserFactory$DynamicTypeSolver@596fef4f : java.lang.Object
	at com.github.javaparser.resolution.TypeSolver.solveType(TypeSolver.java:71)

46311      ERROR Test worker     d.u.i.k.n.b.AbstractBuilder  com.github.javaparser.resolution.UnsolvedSymbolException: Unsolved symbol in de.uka.ilkd.key.java.JavaParserFactory$DynamicTypeSolver@596fef4f : java.lang.Object
	at com.github.javaparser.resolution.TypeSolver.solveType(TypeSolver.java:71)

46311      ERROR Test worker     d.u.i.k.n.b.TacletPBuilder Error in parsing taclet. de.uka.ilkd.key.util.parsing.BuildingException: Unsolved symbol in de.uka.ilkd.key.java.JavaParserFactory$DynamicTypeSolver@596fef4f : java.lang.Object at file:/home/runner/work/key/key/key.core/build/resources/main/de/uka/ilkd/key/proof/rules/activeUse.key:282:15
	at de.uka.ilkd.key.nparser.builder.AbstractBuilder.accept(AbstractBuilder.java:54)
Caused by: com.github.javaparser.resolution.UnsolvedSymbolException: Unsolved symbol in de.uka.ilkd.key.java.JavaParserFactory$DynamicTypeSolver@596fef4f : java.lang.Object
	at com.github.javaparser.resolution.TypeSolver.solveType(TypeSolver.java:71)

46314      ERROR Test worker     d.u.i.k.n.b.AbstractBuilder  com.github.javaparser.resolution.UnsolvedSymbolException: Unsolved symbol in de.uka.ilkd.key.java.JavaParserFactory$DynamicTypeSolver@596fef4f : java.lang.Object
	at com.github.javaparser.resolution.TypeSolver.solveType(TypeSolver.java:71)

46314      ERROR Test worker     d.u.i.k.n.b.TacletPBuilder Error in parsing taclet. de.uka.ilkd.key.util.parsing.BuildingException: Unsolved symbol in de.uka.ilkd.key.java.JavaParserFactory$DynamicTypeSolver@596fef4f : java.lang.Object at file:/home/runner/work/key/key/key.core/build/resources/main/de/uka/ilkd/key/proof/rules/activeUse.key:296:15
	at de.uka.ilkd.key.nparser.builder.AbstractBuilder.accept(AbstractBuilder.java:54)
Caused by: com.github.javaparser.resolution.UnsolvedSymbolException: Unsolved symbol in de.uka.ilkd.key.java.JavaParserFactory$DynamicTypeSolver@596fef4f : java.lang.Object
	at com.github.javaparser.resolution.TypeSolver.solveType(TypeSolver.java:71)

46316      ERROR Test worker     d.u.i.k.n.b.AbstractBuilder  com.github.javaparser.resolution.UnsolvedSymbolException: Unsolved symbol in de.uka.ilkd.key.java.JavaParserFactory$DynamicTypeSolver@596fef4f : java.lang.Object
	at com.github.javaparser.resolution.TypeSolver.solveType(TypeSolver.java:71)

46316      ERROR Test worker     d.u.i.k.n.b.TacletPBuilder Error in parsing taclet. de.uka.ilkd.key.util.parsing.BuildingException: Unsolved symbol in de.uka.ilkd.key.java.JavaParserFactory$DynamicTypeSolver@596fef4f : java.lang.Object at file:/home/runner/work/key/key/key.core/build/resources/main/de/uka/ilkd/key/proof/rules/activeUse.key:310:15
	at de.uka.ilkd.key.nparser.builder.AbstractBuilder.accept(AbstractBuilder.java:54)
Caused by: com.github.javaparser.resolution.UnsolvedSymbolException: Unsolved symbol in de.uka.ilkd.key.java.JavaParserFactory$DynamicTypeSolver@596fef4f : java.lang.Object
	at com.github.javaparser.resolution.TypeSolver.solveType(TypeSolver.java:71)

46319      ERROR Test worker     d.u.i.k.n.b.AbstractBuilder  com.github.javaparser.resolution.UnsolvedSymbolException: Unsolved symbol in de.uka.ilkd.key.java.JavaParserFactory$DynamicTypeSolver@596fef4f : java.lang.Object
	at com.github.javaparser.resolution.TypeSolver.solveType(TypeSolver.java:71)

46329      ERROR Test worker     d.u.i.k.n.b.TacletPBuilder Error in parsing taclet. de.uka.ilkd.key.util.parsing.BuildingException: Unsolved symbol in de.uka.ilkd.key.java.JavaParserFactory$DynamicTypeSolver@596fef4f : java.lang.Object at file:/home/runner/work/key/key/key.core/build/resources/main/de/uka/ilkd/key/proof/rules/activeUse.key:324:15
	at de.uka.ilkd.key.nparser.builder.AbstractBuilder.accept(AbstractBuilder.java:54)
Caused by: com.github.javaparser.resolution.UnsolvedSymbolException: Unsolved symbol in de.uka.ilkd.key.java.JavaParserFactory$DynamicTypeSolver@596fef4f : java.lang.Object
	at com.github.javaparser.resolution.TypeSolver.solveType(TypeSolver.java:71)

46337      ERROR Test worker     d.u.i.k.n.b.AbstractBuilder  com.github.javaparser.resolution.UnsolvedSymbolException: Unsolved symbol in de.uka.ilkd.key.java.JavaParserFactory$DynamicTypeSolver@596fef4f : java.lang.Object
	at com.github.javaparser.resolution.TypeSolver.solveType(TypeSolver.java:71)

46338      ERROR Test worker     d.u.i.k.n.b.TacletPBuilder Error in parsing taclet. de.uka.ilkd.key.util.parsing.BuildingException: Unsolved symbol in de.uka.ilkd.key.java.JavaParserFactory$DynamicTypeSolver@596fef4f : java.lang.Object at file:/home/runner/work/key/key/key.core/build/resources/main/de/uka/ilkd/key/proof/rules/activeUse.key:338:15
	at de.uka.ilkd.key.nparser.builder.AbstractBuilder.accept(AbstractBuilder.java:54)
Caused by: com.github.javaparser.resolution.UnsolvedSymbolException: Unsolved symbol in de.uka.ilkd.key.java.JavaParserFactory$DynamicTypeSolver@596fef4f : java.lang.Object
	at com.github.javaparser.resolution.TypeSolver.solveType(TypeSolver.java:71)

46339      ERROR Test worker     d.u.i.k.n.b.AbstractBuilder  com.github.javaparser.resolution.UnsolvedSymbolException: Unsolved symbol in de.uka.ilkd.key.java.JavaParserFactory$DynamicTypeSolver@596fef4f : java.lang.Object
	at com.github.javaparser.resolution.TypeSolver.solveType(TypeSolver.java:71)

46340      ERROR Test worker     d.u.i.k.n.b.TacletPBuilder Error in parsing taclet. de.uka.ilkd.key.util.parsing.BuildingException: Unsolved symbol in de.uka.ilkd.key.java.JavaParserFactory$DynamicTypeSolver@596fef4f : java.lang.Object at file:/home/runner/work/key/key/key.core/build/resources/main/de/uka/ilkd/key/proof/rules/activeUse.key:352:15
	at de.uka.ilkd.key.nparser.builder.AbstractBuilder.accept(AbstractBuilder.java:54)
Caused by: com.github.javaparser.resolution.UnsolvedSymbolException: Unsolved symbol in de.uka.ilkd.key.java.JavaParserFactory$DynamicTypeSolver@596fef4f : java.lang.Object
	at com.github.javaparser.resolution.TypeSolver.solveType(TypeSolver.java:71)

46342      ERROR Test worker     d.u.i.k.n.b.AbstractBuilder  com.github.javaparser.resolution.UnsolvedSymbolException: Unsolved symbol in de.uka.ilkd.key.java.JavaParserFactory$DynamicTypeSolver@596fef4f : java.lang.Object
	at com.github.javaparser.resolution.TypeSolver.solveType(TypeSolver.java:71)

46349      ERROR Test worker     d.u.i.k.n.b.TacletPBuilder Error in parsing taclet. de.uka.ilkd.key.util.parsing.BuildingException: Unsolved symbol in de.uka.ilkd.key.java.JavaParserFactory$DynamicTypeSolver@596fef4f : java.lang.Object at file:/home/runner/work/key/key/key.core/build/resources/main/de/uka/ilkd/key/proof/rules/activeUse.key:366:15
	at de.uka.ilkd.key.nparser.builder.AbstractBuilder.accept(AbstractBuilder.java:54)
Caused by: com.github.javaparser.resolution.UnsolvedSymbolException: Unsolved symbol in de.uka.ilkd.key.java.JavaParserFactory$DynamicTypeSolver@596fef4f : java.lang.Object
	at com.github.javaparser.resolution.TypeSolver.solveType(TypeSolver.java:71)

46351      ERROR Test worker     d.u.i.k.n.b.AbstractBuilder  com.github.javaparser.resolution.UnsolvedSymbolException: Unsolved symbol in de.uka.ilkd.key.java.JavaParserFactory$DynamicTypeSolver@596fef4f : java.lang.Object
	at com.github.javaparser.resolution.TypeSolver.solveType(TypeSolver.java:71)

46351      ERROR Test worker     d.u.i.k.n.b.TacletPBuilder Error in parsing taclet. de.uka.ilkd.key.util.parsing.BuildingException: Unsolved symbol in de.uka.ilkd.key.java.JavaParserFactory$DynamicTypeSolver@596fef4f : java.lang.Object at file:/home/runner/work/key/key/key.core/build/resources/main/de/uka/ilkd/key/proof/rules/activeUse.key:380:15
	at de.uka.ilkd.key.nparser.builder.AbstractBuilder.accept(AbstractBuilder.java:54)
Caused by: com.github.javaparser.resolution.UnsolvedSymbolException: Unsolved symbol in de.uka.ilkd.key.java.JavaParserFactory$DynamicTypeSolver@596fef4f : java.lang.Object
	at com.github.javaparser.resolution.TypeSolver.solveType(TypeSolver.java:71)

46353      ERROR Test worker     d.u.i.k.n.b.AbstractBuilder  com.github.javaparser.resolution.UnsolvedSymbolException: Unsolved symbol in de.uka.ilkd.key.java.JavaParserFactory$DynamicTypeSolver@596fef4f : java.lang.Object
	at com.github.javaparser.resolution.TypeSolver.solveType(TypeSolver.java:71)

46354      ERROR Test worker     d.u.i.k.n.b.TacletPBuilder Error in parsing taclet. de.uka.ilkd.key.util.parsing.BuildingException: Unsolved symbol in de.uka.ilkd.key.java.JavaParserFactory$DynamicTypeSolver@596fef4f : java.lang.Object at file:/home/runner/work/key/key/key.core/build/resources/main/de/uka/ilkd/key/proof/rules/activeUse.key:394:15
	at de.uka.ilkd.key.nparser.builder.AbstractBuilder.accept(AbstractBuilder.java:54)
Caused by: com.github.javaparser.resolution.UnsolvedSymbolException: Unsolved symbol in de.uka.ilkd.key.java.JavaParserFactory$DynamicTypeSolver@596fef4f : java.lang.Object
	at com.github.javaparser.resolution.TypeSolver.solveType(TypeSolver.java:71)

46356      ERROR Test worker     d.u.i.k.n.b.AbstractBuilder  com.github.javaparser.resolution.UnsolvedSymbolException: Unsolved symbol in de.uka.ilkd.key.java.JavaParserFactory$DynamicTypeSolver@596fef4f : java.lang.Object
	at com.github.javaparser.resolution.TypeSolver.solveType(TypeSolver.java:71)

46356      ERROR Test worker     d.u.i.k.n.b.TacletPBuilder Error in parsing taclet. de.uka.ilkd.key.util.parsing.BuildingException: Unsolved symbol in de.uka.ilkd.key.java.JavaParserFactory$DynamicTypeSolver@596fef4f : java.lang.Object at file:/home/runner/work/key/key/key.core/build/resources/main/de/uka/ilkd/key/proof/rules/activeUse.key:408:15
	at de.uka.ilkd.key.nparser.builder.AbstractBuilder.accept(AbstractBuilder.java:54)
Caused by: com.github.javaparser.resolution.UnsolvedSymbolException: Unsolved symbol in de.uka.ilkd.key.java.JavaParserFactory$DynamicTypeSolver@596fef4f : java.lang.Object
	at com.github.javaparser.resolution.TypeSolver.solveType(TypeSolver.java:71)

46358      ERROR Test worker     d.u.i.k.n.b.AbstractBuilder  com.github.javaparser.resolution.UnsolvedSymbolException: Unsolved symbol in de.uka.ilkd.key.java.JavaParserFactory$DynamicTypeSolver@596fef4f : java.lang.Object
	at com.github.javaparser.resolution.TypeSolver.solveType(TypeSolver.java:71)

46358      ERROR Test worker     d.u.i.k.n.b.TacletPBuilder Error in parsing taclet. de.uka.ilkd.key.util.parsing.BuildingException: Unsolved symbol in de.uka.ilkd.key.java.JavaParserFactory$DynamicTypeSolver@596fef4f : java.lang.Object at file:/home/runner/work/key/key/key.core/build/resources/main/de/uka/ilkd/key/proof/rules/activeUse.key:422:15
	at de.uka.ilkd.key.nparser.builder.AbstractBuilder.accept(AbstractBuilder.java:54)
Caused by: com.github.javaparser.resolution.UnsolvedSymbolException: Unsolved symbol in de.uka.ilkd.key.java.JavaParserFactory$DynamicTypeSolver@596fef4f : java.lang.Object
	at com.github.javaparser.resolution.TypeSolver.solveType(TypeSolver.java:71)

46360      ERROR Test worker     d.u.i.k.n.b.AbstractBuilder  com.github.javaparser.resolution.UnsolvedSymbolException: Unsolved symbol in de.uka.ilkd.key.java.JavaParserFactory$DynamicTypeSolver@596fef4f : java.lang.Object
	at com.github.javaparser.resolution.TypeSolver.solveType(TypeSolver.java:71)

46360      ERROR Test worker     d.u.i.k.n.b.TacletPBuilder Error in parsing taclet. de.uka.ilkd.key.util.parsing.BuildingException: Unsolved symbol in de.uka.ilkd.key.java.JavaParserFactory$DynamicTypeSolver@596fef4f : java.lang.Object at file:/home/runner/work/key/key/key.core/build/resources/main/de/uka/ilkd/key/proof/rules/activeUse.key:436:15
	at de.uka.ilkd.key.nparser.builder.AbstractBuilder.accept(AbstractBuilder.java:54)
Caused by: com.github.javaparser.resolution.UnsolvedSymbolException: Unsolved symbol in de.uka.ilkd.key.java.JavaParserFactory$DynamicTypeSolver@596fef4f : java.lang.Object
	at com.github.javaparser.resolution.TypeSolver.solveType(TypeSolver.java:71)

46362      ERROR Test worker     d.u.i.k.n.b.AbstractBuilder  com.github.javaparser.resolution.UnsolvedSymbolException: Unsolved symbol in de.uka.ilkd.key.java.JavaParserFactory$DynamicTypeSolver@596fef4f : java.lang.Object
	at com.github.javaparser.resolution.TypeSolver.solveType(TypeSolver.java:71)

46363      ERROR Test worker     d.u.i.k.n.b.TacletPBuilder Error in parsing taclet. de.uka.ilkd.key.util.parsing.BuildingException: Unsolved symbol in de.uka.ilkd.key.java.JavaParserFactory$DynamicTypeSolver@596fef4f : java.lang.Object at file:/home/runner/work/key/key/key.core/build/resources/main/de/uka/ilkd/key/proof/rules/activeUse.key:450:15
	at de.uka.ilkd.key.nparser.builder.AbstractBuilder.accept(AbstractBuilder.java:54)
Caused by: com.github.javaparser.resolution.UnsolvedSymbolException: Unsolved symbol in de.uka.ilkd.key.java.JavaParserFactory$DynamicTypeSolver@596fef4f : java.lang.Object
	at com.github.javaparser.resolution.TypeSolver.solveType(TypeSolver.java:71)

46364      ERROR Test worker     d.u.i.k.n.b.AbstractBuilder  com.github.javaparser.resolution.UnsolvedSymbolException: Unsolved symbol in de.uka.ilkd.key.java.JavaParserFactory$DynamicTypeSolver@596fef4f : java.lang.Object
	at com.github.javaparser.resolution.TypeSolver.solveType(TypeSolver.java:71)

46365      ERROR Test worker     d.u.i.k.n.b.TacletPBuilder Error in parsing taclet. de.uka.ilkd.key.util.parsing.BuildingException: Unsolved symbol in de.uka.ilkd.key.java.JavaParserFactory$DynamicTypeSolver@596fef4f : java.lang.Object at file:/home/runner/work/key/key/key.core/build/resources/main/de/uka/ilkd/key/proof/rules/activeUse.key:468:15
	at de.uka.ilkd.key.nparser.builder.AbstractBuilder.accept(AbstractBuilder.java:54)
Caused by: com.github.javaparser.resolution.UnsolvedSymbolException: Unsolved symbol in de.uka.ilkd.key.java.JavaParserFactory$DynamicTypeSolver@596fef4f : java.lang.Object
	at com.github.javaparser.resolution.TypeSolver.solveType(TypeSolver.java:71)

46368      ERROR Test worker     d.u.i.k.n.b.AbstractBuilder  com.github.javaparser.resolution.UnsolvedSymbolException: Unsolved symbol in de.uka.ilkd.key.java.JavaParserFactory$DynamicTypeSolver@596fef4f : java.lang.Object
	at com.github.javaparser.resolution.TypeSolver.solveType(TypeSolver.java:71)

46368      ERROR Test worker     d.u.i.k.n.b.TacletPBuilder Error in parsing taclet. de.uka.ilkd.key.util.parsing.BuildingException: Unsolved symbol in de.uka.ilkd.key.java.JavaParserFactory$DynamicTypeSolver@596fef4f : java.lang.Object at file:/home/runner/work/key/key/key.core/build/resources/main/de/uka/ilkd/key/proof/rules/activeUse.key:483:15
	at de.uka.ilkd.key.nparser.builder.AbstractBuilder.accept(AbstractBuilder.java:54)
Caused by: com.github.javaparser.resolution.UnsolvedSymbolException: Unsolved symbol in de.uka.ilkd.key.java.JavaParserFactory$DynamicTypeSolver@596fef4f : java.lang.Object
	at com.github.javaparser.resolution.TypeSolver.solveType(TypeSolver.java:71)

46370      ERROR Test worker     d.u.i.k.n.b.AbstractBuilder  com.github.javaparser.resolution.UnsolvedSymbolException: Unsolved symbol in de.uka.ilkd.key.java.JavaParserFactory$DynamicTypeSolver@596fef4f : java.lang.Object
	at com.github.javaparser.resolution.TypeSolver.solveType(TypeSolver.java:71)

46370      ERROR Test worker     d.u.i.k.n.b.TacletPBuilder Error in parsing taclet. de.uka.ilkd.key.util.parsing.BuildingException: Unsolved symbol in de.uka.ilkd.key.java.JavaParserFactory$DynamicTypeSolver@596fef4f : java.lang.Object at file:/home/runner/work/key/key/key.core/build/resources/main/de/uka/ilkd/key/proof/rules/activeUse.key:496:15
	at de.uka.ilkd.key.nparser.builder.AbstractBuilder.accept(AbstractBuilder.java:54)
Caused by: com.github.javaparser.resolution.UnsolvedSymbolException: Unsolved symbol in de.uka.ilkd.key.java.JavaParserFactory$DynamicTypeSolver@596fef4f : java.lang.Object
	at com.github.javaparser.resolution.TypeSolver.solveType(TypeSolver.java:71)

46372      ERROR Test worker     d.u.i.k.n.b.AbstractBuilder  com.github.javaparser.resolution.UnsolvedSymbolException: Unsolved symbol in de.uka.ilkd.key.java.JavaParserFactory$DynamicTypeSolver@596fef4f : java.lang.Object
	at com.github.javaparser.resolution.TypeSolver.solveType(TypeSolver.java:71)

46373      ERROR Test worker     d.u.i.k.n.b.TacletPBuilder Error in parsing taclet. de.uka.ilkd.key.util.parsing.BuildingException: Unsolved symbol in de.uka.ilkd.key.java.JavaParserFactory$DynamicTypeSolver@596fef4f : java.lang.Object at file:/home/runner/work/key/key/key.core/build/resources/main/de/uka/ilkd/key/proof/rules/activeUse.key:509:15
	at de.uka.ilkd.key.nparser.builder.AbstractBuilder.accept(AbstractBuilder.java:54)
Caused by: com.github.javaparser.resolution.UnsolvedSymbolException: Unsolved symbol in de.uka.ilkd.key.java.JavaParserFactory$DynamicTypeSolver@596fef4f : java.lang.Object
	at com.github.javaparser.resolution.TypeSolver.solveType(TypeSolver.java:71)

46374      ERROR Test worker     d.u.i.k.n.b.AbstractBuilder  com.github.javaparser.resolution.UnsolvedSymbolException: Unsolved symbol in de.uka.ilkd.key.java.JavaParserFactory$DynamicTypeSolver@596fef4f : java.lang.Object
	at com.github.javaparser.resolution.TypeSolver.solveType(TypeSolver.java:71)

46375      ERROR Test worker     d.u.i.k.n.b.TacletPBuilder Error in parsing taclet. de.uka.ilkd.key.util.parsing.BuildingException: Unsolved symbol in de.uka.ilkd.key.java.JavaParserFactory$DynamicTypeSolver@596fef4f : java.lang.Object at file:/home/runner/work/key/key/key.core/build/resources/main/de/uka/ilkd/key/proof/rules/activeUse.key:522:15
	at de.uka.ilkd.key.nparser.builder.AbstractBuilder.accept(AbstractBuilder.java:54)
Caused by: com.github.javaparser.resolution.UnsolvedSymbolException: Unsolved symbol in de.uka.ilkd.key.java.JavaParserFactory$DynamicTypeSolver@596fef4f : java.lang.Object
	at com.github.javaparser.resolution.TypeSolver.solveType(TypeSolver.java:71)

46377      ERROR Test worker     d.u.i.k.n.b.AbstractBuilder  com.github.javaparser.resolution.UnsolvedSymbolException: Unsolved symbol in de.uka.ilkd.key.java.JavaParserFactory$DynamicTypeSolver@596fef4f : java.lang.Object
	at com.github.javaparser.resolution.TypeSolver.solveType(TypeSolver.java:71)

46377      ERROR Test worker     d.u.i.k.n.b.TacletPBuilder Error in parsing taclet. de.uka.ilkd.key.util.parsing.BuildingException: Unsolved symbol in de.uka.ilkd.key.java.JavaParserFactory$DynamicTypeSolver@596fef4f : java.lang.Object at file:/home/runner/work/key/key/key.core/build/resources/main/de/uka/ilkd/key/proof/rules/activeUse.key:535:15
	at de.uka.ilkd.key.nparser.builder.AbstractBuilder.accept(AbstractBuilder.java:54)
Caused by: com.github.javaparser.resolution.UnsolvedSymbolException: Unsolved symbol in de.uka.ilkd.key.java.JavaParserFactory$DynamicTypeSolver@596fef4f : java.lang.Object
	at com.github.javaparser.resolution.TypeSolver.solveType(TypeSolver.java:71)

46379      ERROR Test worker     d.u.i.k.n.b.AbstractBuilder  com.github.javaparser.resolution.UnsolvedSymbolException: Unsolved symbol in de.uka.ilkd.key.java.JavaParserFactory$DynamicTypeSolver@596fef4f : java.lang.Object
	at com.github.javaparser.resolution.TypeSolver.solveType(TypeSolver.java:71)

46379      ERROR Test worker     d.u.i.k.n.b.TacletPBuilder Error in parsing taclet. de.uka.ilkd.key.util.parsing.BuildingException: Unsolved symbol in de.uka.ilkd.key.java.JavaParserFactory$DynamicTypeSolver@596fef4f : java.lang.Object at file:/home/runner/work/key/key/key.core/build/resources/main/de/uka/ilkd/key/proof/rules/activeUse.key:548:15
	at de.uka.ilkd.key.nparser.builder.AbstractBuilder.accept(AbstractBuilder.java:54)
Caused by: com.github.javaparser.resolution.UnsolvedSymbolException: Unsolved symbol in de.uka.ilkd.key.java.JavaParserFactory$DynamicTypeSolver@596fef4f : java.lang.Object
	at com.github.javaparser.resolution.TypeSolver.solveType(TypeSolver.java:71)

46381      ERROR Test worker     d.u.i.k.n.b.AbstractBuilder  com.github.javaparser.resolution.UnsolvedSymbolException: Unsolved symbol in de.uka.ilkd.key.java.JavaParserFactory$DynamicTypeSolver@596fef4f : java.lang.Object
	at com.github.javaparser.resolution.TypeSolver.solveType(TypeSolver.java:71)

46382      ERROR Test worker     d.u.i.k.n.b.TacletPBuilder Error in parsing taclet. de.uka.ilkd.key.util.parsing.BuildingException: Unsolved symbol in de.uka.ilkd.key.java.JavaParserFactory$DynamicTypeSolver@596fef4f : java.lang.Object at file:/home/runner/work/key/key/key.core/build/resources/main/de/uka/ilkd/key/proof/rules/activeUse.key:561:15
	at de.uka.ilkd.key.nparser.builder.AbstractBuilder.accept(AbstractBuilder.java:54)
Caused by: com.github.javaparser.resolution.UnsolvedSymbolException: Unsolved symbol in de.uka.ilkd.key.java.JavaParserFactory$DynamicTypeSolver@596fef4f : java.lang.Object
	at com.github.javaparser.resolution.TypeSolver.solveType(TypeSolver.java:71)

46383      ERROR Test worker     d.u.i.k.n.b.AbstractBuilder  com.github.javaparser.resolution.UnsolvedSymbolException: Unsolved symbol in de.uka.ilkd.key.java.JavaParserFactory$DynamicTypeSolver@596fef4f : java.lang.Object
	at com.github.javaparser.resolution.TypeSolver.solveType(TypeSolver.java:71)

46384      ERROR Test worker     d.u.i.k.n.b.TacletPBuilder Error in parsing taclet. de.uka.ilkd.key.util.parsing.BuildingException: Unsolved symbol in de.uka.ilkd.key.java.JavaParserFactory$DynamicTypeSolver@596fef4f : java.lang.Object at file:/home/runner/work/key/key/key.core/build/resources/main/de/uka/ilkd/key/proof/rules/activeUse.key:574:15
	at de.uka.ilkd.key.nparser.builder.AbstractBuilder.accept(AbstractBuilder.java:54)
Caused by: com.github.javaparser.resolution.UnsolvedSymbolException: Unsolved symbol in de.uka.ilkd.key.java.JavaParserFactory$DynamicTypeSolver@596fef4f : java.lang.Object
	at com.github.javaparser.resolution.TypeSolver.solveType(TypeSolver.java:71)

46386      ERROR Test worker     d.u.i.k.n.b.AbstractBuilder  com.github.javaparser.resolution.UnsolvedSymbolException: Unsolved symbol in de.uka.ilkd.key.java.JavaParserFactory$DynamicTypeSolver@596fef4f : java.lang.Object
	at com.github.javaparser.resolution.TypeSolver.solveType(TypeSolver.java:71)

46386      ERROR Test worker     d.u.i.k.n.b.TacletPBuilder Error in parsing taclet. de.uka.ilkd.key.util.parsing.BuildingException: Unsolved symbol in de.uka.ilkd.key.java.JavaParserFactory$DynamicTypeSolver@596fef4f : java.lang.Object at file:/home/runner/work/key/key/key.core/build/resources/main/de/uka/ilkd/key/proof/rules/activeUse.key:587:15
	at de.uka.ilkd.key.nparser.builder.AbstractBuilder.accept(AbstractBuilder.java:54)
Caused by: com.github.javaparser.resolution.UnsolvedSymbolException: Unsolved symbol in de.uka.ilkd.key.java.JavaParserFactory$DynamicTypeSolver@596fef4f : java.lang.Object
	at com.github.javaparser.resolution.TypeSolver.solveType(TypeSolver.java:71)

46388      ERROR Test worker     d.u.i.k.n.b.AbstractBuilder  com.github.javaparser.resolution.UnsolvedSymbolException: Unsolved symbol in de.uka.ilkd.key.java.JavaParserFactory$DynamicTypeSolver@596fef4f : java.lang.Object
	at com.github.javaparser.resolution.TypeSolver.solveType(TypeSolver.java:71)

46388      ERROR Test worker     d.u.i.k.n.b.TacletPBuilder Error in parsing taclet. de.uka.ilkd.key.util.parsing.BuildingException: Unsolved symbol in de.uka.ilkd.key.java.JavaParserFactory$DynamicTypeSolver@596fef4f : java.lang.Object at file:/home/runner/work/key/key/key.core/build/resources/main/de/uka/ilkd/key/proof/rules/activeUse.key:600:15
	at de.uka.ilkd.key.nparser.builder.AbstractBuilder.accept(AbstractBuilder.java:54)
Caused by: com.github.javaparser.resolution.UnsolvedSymbolException: Unsolved symbol in de.uka.ilkd.key.java.JavaParserFactory$DynamicTypeSolver@596fef4f : java.lang.Object
	at com.github.javaparser.resolution.TypeSolver.solveType(TypeSolver.java:71)

46390      ERROR Test worker     d.u.i.k.n.b.AbstractBuilder  com.github.javaparser.resolution.UnsolvedSymbolException: Unsolved symbol in de.uka.ilkd.key.java.JavaParserFactory$DynamicTypeSolver@596fef4f : java.lang.Object
	at com.github.javaparser.resolution.TypeSolver.solveType(TypeSolver.java:71)

46390      ERROR Test worker     d.u.i.k.n.b.TacletPBuilder Error in parsing taclet. de.uka.ilkd.key.util.parsing.BuildingException: Unsolved symbol in de.uka.ilkd.key.java.JavaParserFactory$DynamicTypeSolver@596fef4f : java.lang.Object at file:/home/runner/work/key/key/key.core/build/resources/main/de/uka/ilkd/key/proof/rules/activeUse.key:613:15
	at de.uka.ilkd.key.nparser.builder.AbstractBuilder.accept(AbstractBuilder.java:54)
Caused by: com.github.javaparser.resolution.UnsolvedSymbolException: Unsolved symbol in de.uka.ilkd.key.java.JavaParserFactory$DynamicTypeSolver@596fef4f : java.lang.Object
	at com.github.javaparser.resolution.TypeSolver.solveType(TypeSolver.java:71)

46392      ERROR Test worker     d.u.i.k.n.b.AbstractBuilder  com.github.javaparser.resolution.UnsolvedSymbolException: Unsolved symbol in de.uka.ilkd.key.java.JavaParserFactory$DynamicTypeSolver@596fef4f : java.lang.Object
	at com.github.javaparser.resolution.TypeSolver.solveType(TypeSolver.java:71)

46393      ERROR Test worker     d.u.i.k.n.b.TacletPBuilder Error in parsing taclet. de.uka.ilkd.key.util.parsing.BuildingException: Unsolved symbol in de.uka.ilkd.key.java.JavaParserFactory$DynamicTypeSolver@596fef4f : java.lang.Object at file:/home/runner/work/key/key/key.core/build/resources/main/de/uka/ilkd/key/proof/rules/activeUse.key:626:15
	at de.uka.ilkd.key.nparser.builder.AbstractBuilder.accept(AbstractBuilder.java:54)
Caused by: com.github.javaparser.resolution.UnsolvedSymbolException: Unsolved symbol in de.uka.ilkd.key.java.JavaParserFactory$DynamicTypeSolver@596fef4f : java.lang.Object
	at com.github.javaparser.resolution.TypeSolver.solveType(TypeSolver.java:71)

46394      ERROR Test worker     d.u.i.k.n.b.AbstractBuilder  com.github.javaparser.resolution.UnsolvedSymbolException: Unsolved symbol in de.uka.ilkd.key.java.JavaParserFactory$DynamicTypeSolver@596fef4f : java.lang.Object
	at com.github.javaparser.resolution.TypeSolver.solveType(TypeSolver.java:71)

46395      ERROR Test worker     d.u.i.k.n.b.TacletPBuilder Error in parsing taclet. de.uka.ilkd.key.util.parsing.BuildingException: Unsolved symbol in de.uka.ilkd.key.java.JavaParserFactory$DynamicTypeSolver@596fef4f : java.lang.Object at file:/home/runner/work/key/key/key.core/build/resources/main/de/uka/ilkd/key/proof/rules/activeUse.key:639:15
	at de.uka.ilkd.key.nparser.builder.AbstractBuilder.accept(AbstractBuilder.java:54)
Caused by: com.github.javaparser.resolution.UnsolvedSymbolException: Unsolved symbol in de.uka.ilkd.key.java.JavaParserFactory$DynamicTypeSolver@596fef4f : java.lang.Object
	at com.github.javaparser.resolution.TypeSolver.solveType(TypeSolver.java:71)

46397      ERROR Test worker     d.u.i.k.n.b.AbstractBuilder  com.github.javaparser.resolution.UnsolvedSymbolException: Unsolved symbol in de.uka.ilkd.key.java.JavaParserFactory$DynamicTypeSolver@596fef4f : java.lang.Object
	at com.github.javaparser.resolution.TypeSolver.solveType(TypeSolver.java:71)

46397      ERROR Test worker     d.u.i.k.n.b.TacletPBuilder Error in parsing taclet. de.uka.ilkd.key.util.parsing.BuildingException: Unsolved symbol in de.uka.ilkd.key.java.JavaParserFactory$DynamicTypeSolver@596fef4f : java.lang.Object at file:/home/runner/work/key/key/key.core/build/resources/main/de/uka/ilkd/key/proof/rules/activeUse.key:652:15
	at de.uka.ilkd.key.nparser.builder.AbstractBuilder.accept(AbstractBuilder.java:54)
Caused by: com.github.javaparser.resolution.UnsolvedSymbolException: Unsolved symbol in de.uka.ilkd.key.java.JavaParserFactory$DynamicTypeSolver@596fef4f : java.lang.Object
	at com.github.javaparser.resolution.TypeSolver.solveType(TypeSolver.java:71)

46406      ERROR Test worker     d.u.i.k.n.b.AbstractBuilder  com.github.javaparser.resolution.UnsolvedSymbolException: Unsolved symbol in de.uka.ilkd.key.java.JavaParserFactory$DynamicTypeSolver@596fef4f : java.lang.Object
	at com.github.javaparser.resolution.TypeSolver.solveType(TypeSolver.java:71)

46413      ERROR Test worker     d.u.i.k.n.b.TacletPBuilder Error in parsing taclet. de.uka.ilkd.key.util.parsing.BuildingException: Unsolved symbol in de.uka.ilkd.key.java.JavaParserFactory$DynamicTypeSolver@596fef4f : java.lang.Object at file:/home/runner/work/key/key/key.core/build/resources/main/de/uka/ilkd/key/proof/rules/activeUse.key:665:15
	at de.uka.ilkd.key.nparser.builder.AbstractBuilder.accept(AbstractBuilder.java:54)
Caused by: com.github.javaparser.resolution.UnsolvedSymbolException: Unsolved symbol in de.uka.ilkd.key.java.JavaParserFactory$DynamicTypeSolver@596fef4f : java.lang.Object
	at com.github.javaparser.resolution.TypeSolver.solveType(TypeSolver.java:71)

46415      ERROR Test worker     d.u.i.k.n.b.AbstractBuilder  com.github.javaparser.resolution.UnsolvedSymbolException: Unsolved symbol in de.uka.ilkd.key.java.JavaParserFactory$DynamicTypeSolver@596fef4f : java.lang.Object
	at com.github.javaparser.resolution.TypeSolver.solveType(TypeSolver.java:71)

46415      ERROR Test worker     d.u.i.k.n.b.TacletPBuilder Error in parsing taclet. de.uka.ilkd.key.util.parsing.BuildingException: Unsolved symbol in de.uka.ilkd.key.java.JavaParserFactory$DynamicTypeSolver@596fef4f : java.lang.Object at file:/home/runner/work/key/key/key.core/build/resources/main/de/uka/ilkd/key/proof/rules/activeUse.key:678:15
	at de.uka.ilkd.key.nparser.builder.AbstractBuilder.accept(AbstractBuilder.java:54)
Caused by: com.github.javaparser.resolution.UnsolvedSymbolException: Unsolved symbol in de.uka.ilkd.key.java.JavaParserFactory$DynamicTypeSolver@596fef4f : java.lang.Object
	at com.github.javaparser.resolution.TypeSolver.solveType(TypeSolver.java:71)

46423      ERROR Test worker     d.u.i.k.n.b.AbstractBuilder  com.github.javaparser.resolution.UnsolvedSymbolException: Unsolved symbol in de.uka.ilkd.key.java.JavaParserFactory$DynamicTypeSolver@596fef4f : java.lang.Object
	at com.github.javaparser.resolution.TypeSolver.solveType(TypeSolver.java:71)

46424      ERROR Test worker     d.u.i.k.n.b.TacletPBuilder Error in parsing taclet. de.uka.ilkd.key.util.parsing.BuildingException: Unsolved symbol in de.uka.ilkd.key.java.JavaParserFactory$DynamicTypeSolver@596fef4f : java.lang.Object at file:/home/runner/work/key/key/key.core/build/resources/main/de/uka/ilkd/key/proof/rules/instanceAllocation.key:59:15
	at de.uka.ilkd.key.nparser.builder.AbstractBuilder.accept(AbstractBuilder.java:54)
Caused by: com.github.javaparser.resolution.UnsolvedSymbolException: Unsolved symbol in de.uka.ilkd.key.java.JavaParserFactory$DynamicTypeSolver@596fef4f : java.lang.Object
	at com.github.javaparser.resolution.TypeSolver.solveType(TypeSolver.java:71)

46426      ERROR Test worker     d.u.i.k.n.b.AbstractBuilder  com.github.javaparser.resolution.UnsolvedSymbolException: Unsolved symbol in de.uka.ilkd.key.java.JavaParserFactory$DynamicTypeSolver@596fef4f : java.lang.Object
	at com.github.javaparser.resolution.TypeSolver.solveType(TypeSolver.java:71)

46426      ERROR Test worker     d.u.i.k.n.b.TacletPBuilder Error in parsing taclet. de.uka.ilkd.key.util.parsing.BuildingException: Unsolved symbol in de.uka.ilkd.key.java.JavaParserFactory$DynamicTypeSolver@596fef4f : java.lang.Object at file:/home/runner/work/key/key/key.core/build/resources/main/de/uka/ilkd/key/proof/rules/instanceAllocation.key:65:15
	at de.uka.ilkd.key.nparser.builder.AbstractBuilder.accept(AbstractBuilder.java:54)
Caused by: com.github.javaparser.resolution.UnsolvedSymbolException: Unsolved symbol in de.uka.ilkd.key.java.JavaParserFactory$DynamicTypeSolver@596fef4f : java.lang.Object
	at com.github.javaparser.resolution.TypeSolver.solveType(TypeSolver.java:71)

46428      ERROR Test worker     d.u.i.k.n.b.AbstractBuilder  com.github.javaparser.resolution.UnsolvedSymbolException: Unsolved symbol in de.uka.ilkd.key.java.JavaParserFactory$DynamicTypeSolver@596fef4f : java.lang.Object
	at com.github.javaparser.resolution.TypeSolver.solveType(TypeSolver.java:71)

46428      ERROR Test worker     d.u.i.k.n.b.TacletPBuilder Error in parsing taclet. de.uka.ilkd.key.util.parsing.BuildingException: Unsolved symbol in de.uka.ilkd.key.java.JavaParserFactory$DynamicTypeSolver@596fef4f : java.lang.Object at file:/home/runner/work/key/key/key.core/build/resources/main/de/uka/ilkd/key/proof/rules/instanceAllocation.key:71:15
	at de.uka.ilkd.key.nparser.builder.AbstractBuilder.accept(AbstractBuilder.java:54)
Caused by: com.github.javaparser.resolution.UnsolvedSymbolException: Unsolved symbol in de.uka.ilkd.key.java.JavaParserFactory$DynamicTypeSolver@596fef4f : java.lang.Object
	at com.github.javaparser.resolution.TypeSolver.solveType(TypeSolver.java:71)

46431      ERROR Test worker     d.u.i.k.n.b.AbstractBuilder  com.github.javaparser.resolution.UnsolvedSymbolException: Unsolved symbol in de.uka.ilkd.key.java.JavaParserFactory$DynamicTypeSolver@596fef4f : java.lang.Object
	at com.github.javaparser.resolution.TypeSolver.solveType(TypeSolver.java:71)

46432      ERROR Test worker     d.u.i.k.n.b.TacletPBuilder Error in parsing taclet. de.uka.ilkd.key.util.parsing.BuildingException: Unsolved symbol in de.uka.ilkd.key.java.JavaParserFactory$DynamicTypeSolver@596fef4f : java.lang.Object at file:/home/runner/work/key/key/key.core/build/resources/main/de/uka/ilkd/key/proof/rules/instanceAllocation.key:81:15
	at de.uka.ilkd.key.nparser.builder.AbstractBuilder.accept(AbstractBuilder.java:54)
Caused by: com.github.javaparser.resolution.UnsolvedSymbolException: Unsolved symbol in de.uka.ilkd.key.java.JavaParserFactory$DynamicTypeSolver@596fef4f : java.lang.Object
	at com.github.javaparser.resolution.TypeSolver.solveType(TypeSolver.java:71)

46433      ERROR Test worker     d.u.i.k.n.b.AbstractBuilder  com.github.javaparser.resolution.UnsolvedSymbolException: Unsolved symbol in de.uka.ilkd.key.java.JavaParserFactory$DynamicTypeSolver@596fef4f : java.lang.Object
	at com.github.javaparser.resolution.TypeSolver.solveType(TypeSolver.java:71)

46434      ERROR Test worker     d.u.i.k.n.b.TacletPBuilder Error in parsing taclet. de.uka.ilkd.key.util.parsing.BuildingException: Unsolved symbol in de.uka.ilkd.key.java.JavaParserFactory$DynamicTypeSolver@596fef4f : java.lang.Object at file:/home/runner/work/key/key/key.core/build/resources/main/de/uka/ilkd/key/proof/rules/instanceAllocation.key:95:20
	at de.uka.ilkd.key.nparser.builder.AbstractBuilder.accept(AbstractBuilder.java:54)
Caused by: com.github.javaparser.resolution.UnsolvedSymbolException: Unsolved symbol in de.uka.ilkd.key.java.JavaParserFactory$DynamicTypeSolver@596fef4f : java.lang.Object
	at com.github.javaparser.resolution.TypeSolver.solveType(TypeSolver.java:71)

46436      ERROR Test worker     d.u.i.k.n.b.AbstractBuilder  com.github.javaparser.resolution.UnsolvedSymbolException: Unsolved symbol in de.uka.ilkd.key.java.JavaParserFactory$DynamicTypeSolver@596fef4f : java.lang.Object
	at com.github.javaparser.resolution.TypeSolver.solveType(TypeSolver.java:71)

46436      ERROR Test worker     d.u.i.k.n.b.TacletPBuilder Error in parsing taclet. de.uka.ilkd.key.util.parsing.BuildingException: Unsolved symbol in de.uka.ilkd.key.java.JavaParserFactory$DynamicTypeSolver@596fef4f : java.lang.Object at file:/home/runner/work/key/key/key.core/build/resources/main/de/uka/ilkd/key/proof/rules/instanceAllocation.key:112:20
	at de.uka.ilkd.key.nparser.builder.AbstractBuilder.accept(AbstractBuilder.java:54)
Caused by: com.github.javaparser.resolution.UnsolvedSymbolException: Unsolved symbol in de.uka.ilkd.key.java.JavaParserFactory$DynamicTypeSolver@596fef4f : java.lang.Object
	at com.github.javaparser.resolution.TypeSolver.solveType(TypeSolver.java:71)

46438      ERROR Test worker     d.u.i.k.n.b.AbstractBuilder  com.github.javaparser.resolution.UnsolvedSymbolException: Unsolved symbol in de.uka.ilkd.key.java.JavaParserFactory$DynamicTypeSolver@596fef4f : java.lang.Object
	at com.github.javaparser.resolution.TypeSolver.solveType(TypeSolver.java:71)

46438      ERROR Test worker     d.u.i.k.n.b.TacletPBuilder Error in parsing taclet. de.uka.ilkd.key.util.parsing.BuildingException: Unsolved symbol in de.uka.ilkd.key.java.JavaParserFactory$DynamicTypeSolver@596fef4f : java.lang.Object at file:/home/runner/work/key/key/key.core/build/resources/main/de/uka/ilkd/key/proof/rules/instanceAllocation.key:135:20
	at de.uka.ilkd.key.nparser.builder.AbstractBuilder.accept(AbstractBuilder.java:54)
Caused by: com.github.javaparser.resolution.UnsolvedSymbolException: Unsolved symbol in de.uka.ilkd.key.java.JavaParserFactory$DynamicTypeSolver@596fef4f : java.lang.Object
	at com.github.javaparser.resolution.TypeSolver.solveType(TypeSolver.java:71)

46440      ERROR Test worker     d.u.i.k.n.b.AbstractBuilder  com.github.javaparser.resolution.UnsolvedSymbolException: Unsolved symbol in de.uka.ilkd.key.java.JavaParserFactory$DynamicTypeSolver@596fef4f : java.lang.Object
	at com.github.javaparser.resolution.TypeSolver.solveType(TypeSolver.java:71)

46441      ERROR Test worker     d.u.i.k.n.b.TacletPBuilder Error in parsing taclet. de.uka.ilkd.key.util.parsing.BuildingException: Unsolved symbol in de.uka.ilkd.key.java.JavaParserFactory$DynamicTypeSolver@596fef4f : java.lang.Object at file:/home/runner/work/key/key/key.core/build/resources/main/de/uka/ilkd/key/proof/rules/instanceAllocation.key:147:20
	at de.uka.ilkd.key.nparser.builder.AbstractBuilder.accept(AbstractBuilder.java:54)
Caused by: com.github.javaparser.resolution.UnsolvedSymbolException: Unsolved symbol in de.uka.ilkd.key.java.JavaParserFactory$DynamicTypeSolver@596fef4f : java.lang.Object
	at com.github.javaparser.resolution.TypeSolver.solveType(TypeSolver.java:71)

46442      ERROR Test worker     d.u.i.k.n.b.AbstractBuilder  com.github.javaparser.resolution.UnsolvedSymbolException: Unsolved symbol in de.uka.ilkd.key.java.JavaParserFactory$DynamicTypeSolver@596fef4f : java.lang.Object
	at com.github.javaparser.resolution.TypeSolver.solveType(TypeSolver.java:71)

46443      ERROR Test worker     d.u.i.k.n.b.TacletPBuilder Error in parsing taclet. de.uka.ilkd.key.util.parsing.BuildingException: Unsolved symbol in de.uka.ilkd.key.java.JavaParserFactory$DynamicTypeSolver@596fef4f : java.lang.Object at file:/home/runner/work/key/key/key.core/build/resources/main/de/uka/ilkd/key/proof/rules/instanceAllocation.key:168:15
	at de.uka.ilkd.key.nparser.builder.AbstractBuilder.accept(AbstractBuilder.java:54)
Caused by: com.github.javaparser.resolution.UnsolvedSymbolException: Unsolved symbol in de.uka.ilkd.key.java.JavaParserFactory$DynamicTypeSolver@596fef4f : java.lang.Object
	at com.github.javaparser.resolution.TypeSolver.solveType(TypeSolver.java:71)

46445      ERROR Test worker     d.u.i.k.n.b.AbstractBuilder  com.github.javaparser.resolution.UnsolvedSymbolException: Unsolved symbol in de.uka.ilkd.key.java.JavaParserFactory$DynamicTypeSolver@596fef4f : java.lang.Object
	at com.github.javaparser.resolution.TypeSolver.solveType(TypeSolver.java:71)

46445      ERROR Test worker     d.u.i.k.n.b.TacletPBuilder Error in parsing taclet. de.uka.ilkd.key.util.parsing.BuildingException: Unsolved symbol in de.uka.ilkd.key.java.JavaParserFactory$DynamicTypeSolver@596fef4f : java.lang.Object at file:/home/runner/work/key/key/key.core/build/resources/main/de/uka/ilkd/key/proof/rules/instanceAllocation.key:180:15
	at de.uka.ilkd.key.nparser.builder.AbstractBuilder.accept(AbstractBuilder.java:54)
Caused by: com.github.javaparser.resolution.UnsolvedSymbolException: Unsolved symbol in de.uka.ilkd.key.java.JavaParserFactory$DynamicTypeSolver@596fef4f : java.lang.Object
	at com.github.javaparser.resolution.TypeSolver.solveType(TypeSolver.java:71)

46447      ERROR Test worker     d.u.i.k.n.b.AbstractBuilder  com.github.javaparser.resolution.UnsolvedSymbolException: Unsolved symbol in de.uka.ilkd.key.java.JavaParserFactory$DynamicTypeSolver@596fef4f : java.lang.Object
	at com.github.javaparser.resolution.TypeSolver.solveType(TypeSolver.java:71)

46447      ERROR Test worker     d.u.i.k.n.b.TacletPBuilder Error in parsing taclet. de.uka.ilkd.key.util.parsing.BuildingException: Unsolved symbol in de.uka.ilkd.key.java.JavaParserFactory$DynamicTypeSolver@596fef4f : java.lang.Object at file:/home/runner/work/key/key/key.core/build/resources/main/de/uka/ilkd/key/proof/rules/instanceAllocation.key:190:15
	at de.uka.ilkd.key.nparser.builder.AbstractBuilder.accept(AbstractBuilder.java:54)
Caused by: com.github.javaparser.resolution.UnsolvedSymbolException: Unsolved symbol in de.uka.ilkd.key.java.JavaParserFactory$DynamicTypeSolver@596fef4f : java.lang.Object
	at com.github.javaparser.resolution.TypeSolver.solveType(TypeSolver.java:71)

46451      ERROR Test worker     d.u.i.k.n.b.AbstractBuilder  com.github.javaparser.resolution.UnsolvedSymbolException: Unsolved symbol in de.uka.ilkd.key.java.JavaParserFactory$DynamicTypeSolver@596fef4f : java.lang.Object
	at com.github.javaparser.resolution.TypeSolver.solveType(TypeSolver.java:71)

46451      ERROR Test worker     d.u.i.k.n.b.TacletPBuilder Error in parsing taclet. de.uka.ilkd.key.util.parsing.BuildingException: Unsolved symbol in de.uka.ilkd.key.java.JavaParserFactory$DynamicTypeSolver@596fef4f : java.lang.Object at file:/home/runner/work/key/key/key.core/build/resources/main/de/uka/ilkd/key/proof/rules/java5.key:49:15
	at de.uka.ilkd.key.nparser.builder.AbstractBuilder.accept(AbstractBuilder.java:54)
Caused by: com.github.javaparser.resolution.UnsolvedSymbolException: Unsolved symbol in de.uka.ilkd.key.java.JavaParserFactory$DynamicTypeSolver@596fef4f : java.lang.Object
	at com.github.javaparser.resolution.TypeSolver.solveType(TypeSolver.java:71)

46461      ERROR Test worker     d.u.i.k.n.b.AbstractBuilder  com.github.javaparser.resolution.UnsolvedSymbolException: Unsolved symbol in de.uka.ilkd.key.java.JavaParserFactory$DynamicTypeSolver@596fef4f : java.lang.Object
	at com.github.javaparser.resolution.TypeSolver.solveType(TypeSolver.java:71)

46462      ERROR Test worker     d.u.i.k.n.b.TacletPBuilder Error in parsing taclet. de.uka.ilkd.key.util.parsing.BuildingException: Unsolved symbol in de.uka.ilkd.key.java.JavaParserFactory$DynamicTypeSolver@596fef4f : java.lang.Object at file:/home/runner/work/key/key/key.core/build/resources/main/de/uka/ilkd/key/proof/rules/integerAssignment2UpdateRules.key:38:15
	at de.uka.ilkd.key.nparser.builder.AbstractBuilder.accept(AbstractBuilder.java:54)
Caused by: com.github.javaparser.resolution.UnsolvedSymbolException: Unsolved symbol in de.uka.ilkd.key.java.JavaParserFactory$DynamicTypeSolver@596fef4f : java.lang.Object
	at com.github.javaparser.resolution.TypeSolver.solveType(TypeSolver.java:71)

46470      ERROR Test worker     d.u.i.k.n.b.AbstractBuilder  com.github.javaparser.resolution.UnsolvedSymbolException: Unsolved symbol in de.uka.ilkd.key.java.JavaParserFactory$DynamicTypeSolver@596fef4f : java.lang.Object
	at com.github.javaparser.resolution.TypeSolver.solveType(TypeSolver.java:71)

46470      ERROR Test worker     d.u.i.k.n.b.TacletPBuilder Error in parsing taclet. de.uka.ilkd.key.util.parsing.BuildingException: Unsolved symbol in de.uka.ilkd.key.java.JavaParserFactory$DynamicTypeSolver@596fef4f : java.lang.Object at file:/home/runner/work/key/key/key.core/build/resources/main/de/uka/ilkd/key/proof/rules/integerAssignment2UpdateRules.key:52:15
	at de.uka.ilkd.key.nparser.builder.AbstractBuilder.accept(AbstractBuilder.java:54)
Caused by: com.github.javaparser.resolution.UnsolvedSymbolException: Unsolved symbol in de.uka.ilkd.key.java.JavaParserFactory$DynamicTypeSolver@596fef4f : java.lang.Object
	at com.github.javaparser.resolution.TypeSolver.solveType(TypeSolver.java:71)

46472      ERROR Test worker     d.u.i.k.n.b.AbstractBuilder  com.github.javaparser.resolution.UnsolvedSymbolException: Unsolved symbol in de.uka.ilkd.key.java.JavaParserFactory$DynamicTypeSolver@596fef4f : java.lang.Object
	at com.github.javaparser.resolution.TypeSolver.solveType(TypeSolver.java:71)

46473      ERROR Test worker     d.u.i.k.n.b.TacletPBuilder Error in parsing taclet. de.uka.ilkd.key.util.parsing.BuildingException: Unsolved symbol in de.uka.ilkd.key.java.JavaParserFactory$DynamicTypeSolver@596fef4f : java.lang.Object at file:/home/runner/work/key/key/key.core/build/resources/main/de/uka/ilkd/key/proof/rules/integerAssignment2UpdateRules.key:66:15
	at de.uka.ilkd.key.nparser.builder.AbstractBuilder.accept(AbstractBuilder.java:54)
Caused by: com.github.javaparser.resolution.UnsolvedSymbolException: Unsolved symbol in de.uka.ilkd.key.java.JavaParserFactory$DynamicTypeSolver@596fef4f : java.lang.Object
	at com.github.javaparser.resolution.TypeSolver.solveType(TypeSolver.java:71)

46474      ERROR Test worker     d.u.i.k.n.b.AbstractBuilder  com.github.javaparser.resolution.UnsolvedSymbolException: Unsolved symbol in de.uka.ilkd.key.java.JavaParserFactory$DynamicTypeSolver@596fef4f : java.lang.Object
	at com.github.javaparser.resolution.TypeSolver.solveType(TypeSolver.java:71)

46475      ERROR Test worker     d.u.i.k.n.b.TacletPBuilder Error in parsing taclet. de.uka.ilkd.key.util.parsing.BuildingException: Unsolved symbol in de.uka.ilkd.key.java.JavaParserFactory$DynamicTypeSolver@596fef4f : java.lang.Object at file:/home/runner/work/key/key/key.core/build/resources/main/de/uka/ilkd/key/proof/rules/integerAssignment2UpdateRules.key:80:15
	at de.uka.ilkd.key.nparser.builder.AbstractBuilder.accept(AbstractBuilder.java:54)
Caused by: com.github.javaparser.resolution.UnsolvedSymbolException: Unsolved symbol in de.uka.ilkd.key.java.JavaParserFactory$DynamicTypeSolver@596fef4f : java.lang.Object
	at com.github.javaparser.resolution.TypeSolver.solveType(TypeSolver.java:71)

46477      ERROR Test worker     d.u.i.k.n.b.AbstractBuilder  com.github.javaparser.resolution.UnsolvedSymbolException: Unsolved symbol in de.uka.ilkd.key.java.JavaParserFactory$DynamicTypeSolver@596fef4f : java.lang.Object
	at com.github.javaparser.resolution.TypeSolver.solveType(TypeSolver.java:71)

46477      ERROR Test worker     d.u.i.k.n.b.TacletPBuilder Error in parsing taclet. de.uka.ilkd.key.util.parsing.BuildingException: Unsolved symbol in de.uka.ilkd.key.java.JavaParserFactory$DynamicTypeSolver@596fef4f : java.lang.Object at file:/home/runner/work/key/key/key.core/build/resources/main/de/uka/ilkd/key/proof/rules/integerAssignment2UpdateRules.key:100:20
	at de.uka.ilkd.key.nparser.builder.AbstractBuilder.accept(AbstractBuilder.java:54)
Caused by: com.github.javaparser.resolution.UnsolvedSymbolException: Unsolved symbol in de.uka.ilkd.key.java.JavaParserFactory$DynamicTypeSolver@596fef4f : java.lang.Object
	at com.github.javaparser.resolution.TypeSolver.solveType(TypeSolver.java:71)

46479      ERROR Test worker     d.u.i.k.n.b.AbstractBuilder  com.github.javaparser.resolution.UnsolvedSymbolException: Unsolved symbol in de.uka.ilkd.key.java.JavaParserFactory$DynamicTypeSolver@596fef4f : java.lang.Object
	at com.github.javaparser.resolution.TypeSolver.solveType(TypeSolver.java:71)

46485      ERROR Test worker     d.u.i.k.n.b.TacletPBuilder Error in parsing taclet. de.uka.ilkd.key.util.parsing.BuildingException: Unsolved symbol in de.uka.ilkd.key.java.JavaParserFactory$DynamicTypeSolver@596fef4f : java.lang.Object at file:/home/runner/work/key/key/key.core/build/resources/main/de/uka/ilkd/key/proof/rules/integerAssignment2UpdateRules.key:112:20
	at de.uka.ilkd.key.nparser.builder.AbstractBuilder.accept(AbstractBuilder.java:54)
Caused by: com.github.javaparser.resolution.UnsolvedSymbolException: Unsolved symbol in de.uka.ilkd.key.java.JavaParserFactory$DynamicTypeSolver@596fef4f : java.lang.Object
	at com.github.javaparser.resolution.TypeSolver.solveType(TypeSolver.java:71)

46487      ERROR Test worker     d.u.i.k.n.b.AbstractBuilder  com.github.javaparser.resolution.UnsolvedSymbolException: Unsolved symbol in de.uka.ilkd.key.java.JavaParserFactory$DynamicTypeSolver@596fef4f : java.lang.Object
	at com.github.javaparser.resolution.TypeSolver.solveType(TypeSolver.java:71)

46487      ERROR Test worker     d.u.i.k.n.b.TacletPBuilder Error in parsing taclet. de.uka.ilkd.key.util.parsing.BuildingException: Unsolved symbol in de.uka.ilkd.key.java.JavaParserFactory$DynamicTypeSolver@596fef4f : java.lang.Object at file:/home/runner/work/key/key/key.core/build/resources/main/de/uka/ilkd/key/proof/rules/integerAssignment2UpdateRules.key:124:20
	at de.uka.ilkd.key.nparser.builder.AbstractBuilder.accept(AbstractBuilder.java:54)
Caused by: com.github.javaparser.resolution.UnsolvedSymbolException: Unsolved symbol in de.uka.ilkd.key.java.JavaParserFactory$DynamicTypeSolver@596fef4f : java.lang.Object
	at com.github.javaparser.resolution.TypeSolver.solveType(TypeSolver.java:71)

46489      ERROR Test worker     d.u.i.k.n.b.AbstractBuilder  com.github.javaparser.resolution.UnsolvedSymbolException: Unsolved symbol in de.uka.ilkd.key.java.JavaParserFactory$DynamicTypeSolver@596fef4f : java.lang.Object
	at com.github.javaparser.resolution.TypeSolver.solveType(TypeSolver.java:71)

46490      ERROR Test worker     d.u.i.k.n.b.TacletPBuilder Error in parsing taclet. de.uka.ilkd.key.util.parsing.BuildingException: Unsolved symbol in de.uka.ilkd.key.java.JavaParserFactory$DynamicTypeSolver@596fef4f : java.lang.Object at file:/home/runner/work/key/key/key.core/build/resources/main/de/uka/ilkd/key/proof/rules/integerAssignment2UpdateRules.key:140:20
	at de.uka.ilkd.key.nparser.builder.AbstractBuilder.accept(AbstractBuilder.java:54)
Caused by: com.github.javaparser.resolution.UnsolvedSymbolException: Unsolved symbol in de.uka.ilkd.key.java.JavaParserFactory$DynamicTypeSolver@596fef4f : java.lang.Object
	at com.github.javaparser.resolution.TypeSolver.solveType(TypeSolver.java:71)

46491      ERROR Test worker     d.u.i.k.n.b.AbstractBuilder  com.github.javaparser.resolution.UnsolvedSymbolException: Unsolved symbol in de.uka.ilkd.key.java.JavaParserFactory$DynamicTypeSolver@596fef4f : java.lang.Object
	at com.github.javaparser.resolution.TypeSolver.solveType(TypeSolver.java:71)

46501      ERROR Test worker     d.u.i.k.n.b.TacletPBuilder Error in parsing taclet. de.uka.ilkd.key.util.parsing.BuildingException: Unsolved symbol in de.uka.ilkd.key.java.JavaParserFactory$DynamicTypeSolver@596fef4f : java.lang.Object at file:/home/runner/work/key/key/key.core/build/resources/main/de/uka/ilkd/key/proof/rules/integerAssignment2UpdateRules.key:157:15
	at de.uka.ilkd.key.nparser.builder.AbstractBuilder.accept(AbstractBuilder.java:54)
Caused by: com.github.javaparser.resolution.UnsolvedSymbolException: Unsolved symbol in de.uka.ilkd.key.java.JavaParserFactory$DynamicTypeSolver@596fef4f : java.lang.Object
	at com.github.javaparser.resolution.TypeSolver.solveType(TypeSolver.java:71)

46503      ERROR Test worker     d.u.i.k.n.b.AbstractBuilder  com.github.javaparser.resolution.UnsolvedSymbolException: Unsolved symbol in de.uka.ilkd.key.java.JavaParserFactory$DynamicTypeSolver@596fef4f : java.lang.Object
	at com.github.javaparser.resolution.TypeSolver.solveType(TypeSolver.java:71)

46503      ERROR Test worker     d.u.i.k.n.b.TacletPBuilder Error in parsing taclet. de.uka.ilkd.key.util.parsing.BuildingException: Unsolved symbol in de.uka.ilkd.key.java.JavaParserFactory$DynamicTypeSolver@596fef4f : java.lang.Object at file:/home/runner/work/key/key/key.core/build/resources/main/de/uka/ilkd/key/proof/rules/integerAssignment2UpdateRules.key:168:15
	at de.uka.ilkd.key.nparser.builder.AbstractBuilder.accept(AbstractBuilder.java:54)
Caused by: com.github.javaparser.resolution.UnsolvedSymbolException: Unsolved symbol in de.uka.ilkd.key.java.JavaParserFactory$DynamicTypeSolver@596fef4f : java.lang.Object
	at com.github.javaparser.resolution.TypeSolver.solveType(TypeSolver.java:71)

46505      ERROR Test worker     d.u.i.k.n.b.AbstractBuilder  com.github.javaparser.resolution.UnsolvedSymbolException: Unsolved symbol in de.uka.ilkd.key.java.JavaParserFactory$DynamicTypeSolver@596fef4f : java.lang.Object
	at com.github.javaparser.resolution.TypeSolver.solveType(TypeSolver.java:71)

46505      ERROR Test worker     d.u.i.k.n.b.TacletPBuilder Error in parsing taclet. de.uka.ilkd.key.util.parsing.BuildingException: Unsolved symbol in de.uka.ilkd.key.java.JavaParserFactory$DynamicTypeSolver@596fef4f : java.lang.Object at file:/home/runner/work/key/key/key.core/build/resources/main/de/uka/ilkd/key/proof/rules/integerAssignment2UpdateRules.key:179:15
	at de.uka.ilkd.key.nparser.builder.AbstractBuilder.accept(AbstractBuilder.java:54)
Caused by: com.github.javaparser.resolution.UnsolvedSymbolException: Unsolved symbol in de.uka.ilkd.key.java.JavaParserFactory$DynamicTypeSolver@596fef4f : java.lang.Object
	at com.github.javaparser.resolution.TypeSolver.solveType(TypeSolver.java:71)

46507      ERROR Test worker     d.u.i.k.n.b.AbstractBuilder  com.github.javaparser.resolution.UnsolvedSymbolException: Unsolved symbol in de.uka.ilkd.key.java.JavaParserFactory$DynamicTypeSolver@596fef4f : java.lang.Object
	at com.github.javaparser.resolution.TypeSolver.solveType(TypeSolver.java:71)

46507      ERROR Test worker     d.u.i.k.n.b.TacletPBuilder Error in parsing taclet. de.uka.ilkd.key.util.parsing.BuildingException: Unsolved symbol in de.uka.ilkd.key.java.JavaParserFactory$DynamicTypeSolver@596fef4f : java.lang.Object at file:/home/runner/work/key/key/key.core/build/resources/main/de/uka/ilkd/key/proof/rules/integerAssignment2UpdateRules.key:194:15
	at de.uka.ilkd.key.nparser.builder.AbstractBuilder.accept(AbstractBuilder.java:54)
Caused by: com.github.javaparser.resolution.UnsolvedSymbolException: Unsolved symbol in de.uka.ilkd.key.java.JavaParserFactory$DynamicTypeSolver@596fef4f : java.lang.Object
	at com.github.javaparser.resolution.TypeSolver.solveType(TypeSolver.java:71)

46509      ERROR Test worker     d.u.i.k.n.b.AbstractBuilder  com.github.javaparser.resolution.UnsolvedSymbolException: Unsolved symbol in de.uka.ilkd.key.java.JavaParserFactory$DynamicTypeSolver@596fef4f : java.lang.Object
	at com.github.javaparser.resolution.TypeSolver.solveType(TypeSolver.java:71)

46510      ERROR Test worker     d.u.i.k.n.b.TacletPBuilder Error in parsing taclet. de.uka.ilkd.key.util.parsing.BuildingException: Unsolved symbol in de.uka.ilkd.key.java.JavaParserFactory$DynamicTypeSolver@596fef4f : java.lang.Object at file:/home/runner/work/key/key/key.core/build/resources/main/de/uka/ilkd/key/proof/rules/integerAssignment2UpdateRules.key:210:15
	at de.uka.ilkd.key.nparser.builder.AbstractBuilder.accept(AbstractBuilder.java:54)
Caused by: com.github.javaparser.resolution.UnsolvedSymbolException: Unsolved symbol in de.uka.ilkd.key.java.JavaParserFactory$DynamicTypeSolver@596fef4f : java.lang.Object
	at com.github.javaparser.resolution.TypeSolver.solveType(TypeSolver.java:71)

46511      ERROR Test worker     d.u.i.k.n.b.AbstractBuilder  com.github.javaparser.resolution.UnsolvedSymbolException: Unsolved symbol in de.uka.ilkd.key.java.JavaParserFactory$DynamicTypeSolver@596fef4f : java.lang.Object
	at com.github.javaparser.resolution.TypeSolver.solveType(TypeSolver.java:71)

46512      ERROR Test worker     d.u.i.k.n.b.TacletPBuilder Error in parsing taclet. de.uka.ilkd.key.util.parsing.BuildingException: Unsolved symbol in de.uka.ilkd.key.java.JavaParserFactory$DynamicTypeSolver@596fef4f : java.lang.Object at file:/home/runner/work/key/key/key.core/build/resources/main/de/uka/ilkd/key/proof/rules/integerAssignment2UpdateRules.key:224:15
	at de.uka.ilkd.key.nparser.builder.AbstractBuilder.accept(AbstractBuilder.java:54)
Caused by: com.github.javaparser.resolution.UnsolvedSymbolException: Unsolved symbol in de.uka.ilkd.key.java.JavaParserFactory$DynamicTypeSolver@596fef4f : java.lang.Object
	at com.github.javaparser.resolution.TypeSolver.solveType(TypeSolver.java:71)

46514      ERROR Test worker     d.u.i.k.n.b.AbstractBuilder  com.github.javaparser.resolution.UnsolvedSymbolException: Unsolved symbol in de.uka.ilkd.key.java.JavaParserFactory$DynamicTypeSolver@596fef4f : java.lang.Object
	at com.github.javaparser.resolution.TypeSolver.solveType(TypeSolver.java:71)

46521      ERROR Test worker     d.u.i.k.n.b.TacletPBuilder Error in parsing taclet. de.uka.ilkd.key.util.parsing.BuildingException: Unsolved symbol in de.uka.ilkd.key.java.JavaParserFactory$DynamicTypeSolver@596fef4f : java.lang.Object at file:/home/runner/work/key/key/key.core/build/resources/main/de/uka/ilkd/key/proof/rules/integerAssignment2UpdateRules.key:238:15
	at de.uka.ilkd.key.nparser.builder.AbstractBuilder.accept(AbstractBuilder.java:54)
Caused by: com.github.javaparser.resolution.UnsolvedSymbolException: Unsolved symbol in de.uka.ilkd.key.java.JavaParserFactory$DynamicTypeSolver@596fef4f : java.lang.Object
	at com.github.javaparser.resolution.TypeSolver.solveType(TypeSolver.java:71)

46523      ERROR Test worker     d.u.i.k.n.b.AbstractBuilder  com.github.javaparser.resolution.UnsolvedSymbolException: Unsolved symbol in de.uka.ilkd.key.java.JavaParserFactory$DynamicTypeSolver@596fef4f : java.lang.Object
	at com.github.javaparser.resolution.TypeSolver.solveType(TypeSolver.java:71)

46523      ERROR Test worker     d.u.i.k.n.b.TacletPBuilder Error in parsing taclet. de.uka.ilkd.key.util.parsing.BuildingException: Unsolved symbol in de.uka.ilkd.key.java.JavaParserFactory$DynamicTypeSolver@596fef4f : java.lang.Object at file:/home/runner/work/key/key/key.core/build/resources/main/de/uka/ilkd/key/proof/rules/integerAssignment2UpdateRules.key:256:15
	at de.uka.ilkd.key.nparser.builder.AbstractBuilder.accept(AbstractBuilder.java:54)
Caused by: com.github.javaparser.resolution.UnsolvedSymbolException: Unsolved symbol in de.uka.ilkd.key.java.JavaParserFactory$DynamicTypeSolver@596fef4f : java.lang.Object
	at com.github.javaparser.resolution.TypeSolver.solveType(TypeSolver.java:71)

46525      ERROR Test worker     d.u.i.k.n.b.AbstractBuilder  com.github.javaparser.resolution.UnsolvedSymbolException: Unsolved symbol in de.uka.ilkd.key.java.JavaParserFactory$DynamicTypeSolver@596fef4f : java.lang.Object
	at com.github.javaparser.resolution.TypeSolver.solveType(TypeSolver.java:71)

46525      ERROR Test worker     d.u.i.k.n.b.TacletPBuilder Error in parsing taclet. de.uka.ilkd.key.util.parsing.BuildingException: Unsolved symbol in de.uka.ilkd.key.java.JavaParserFactory$DynamicTypeSolver@596fef4f : java.lang.Object at file:/home/runner/work/key/key/key.core/build/resources/main/de/uka/ilkd/key/proof/rules/integerAssignment2UpdateRules.key:276:15
	at de.uka.ilkd.key.nparser.builder.AbstractBuilder.accept(AbstractBuilder.java:54)
Caused by: com.github.javaparser.resolution.UnsolvedSymbolException: Unsolved symbol in de.uka.ilkd.key.java.JavaParserFactory$DynamicTypeSolver@596fef4f : java.lang.Object
	at com.github.javaparser.resolution.TypeSolver.solveType(TypeSolver.java:71)

46527      ERROR Test worker     d.u.i.k.n.b.AbstractBuilder  com.github.javaparser.resolution.UnsolvedSymbolException: Unsolved symbol in de.uka.ilkd.key.java.JavaParserFactory$DynamicTypeSolver@596fef4f : java.lang.Object
	at com.github.javaparser.resolution.TypeSolver.solveType(TypeSolver.java:71)

46527      ERROR Test worker     d.u.i.k.n.b.TacletPBuilder Error in parsing taclet. de.uka.ilkd.key.util.parsing.BuildingException: Unsolved symbol in de.uka.ilkd.key.java.JavaParserFactory$DynamicTypeSolver@596fef4f : java.lang.Object at file:/home/runner/work/key/key/key.core/build/resources/main/de/uka/ilkd/key/proof/rules/integerAssignment2UpdateRules.key:290:15
	at de.uka.ilkd.key.nparser.builder.AbstractBuilder.accept(AbstractBuilder.java:54)
Caused by: com.github.javaparser.resolution.UnsolvedSymbolException: Unsolved symbol in de.uka.ilkd.key.java.JavaParserFactory$DynamicTypeSolver@596fef4f : java.lang.Object
	at com.github.javaparser.resolution.TypeSolver.solveType(TypeSolver.java:71)

46529      ERROR Test worker     d.u.i.k.n.b.AbstractBuilder  com.github.javaparser.resolution.UnsolvedSymbolException: Unsolved symbol in de.uka.ilkd.key.java.JavaParserFactory$DynamicTypeSolver@596fef4f : java.lang.Object
	at com.github.javaparser.resolution.TypeSolver.solveType(TypeSolver.java:71)

46537      ERROR Test worker     d.u.i.k.n.b.TacletPBuilder Error in parsing taclet. de.uka.ilkd.key.util.parsing.BuildingException: Unsolved symbol in de.uka.ilkd.key.java.JavaParserFactory$DynamicTypeSolver@596fef4f : java.lang.Object at file:/home/runner/work/key/key/key.core/build/resources/main/de/uka/ilkd/key/proof/rules/integerAssignment2UpdateRules.key:304:15
	at de.uka.ilkd.key.nparser.builder.AbstractBuilder.accept(AbstractBuilder.java:54)
Caused by: com.github.javaparser.resolution.UnsolvedSymbolException: Unsolved symbol in de.uka.ilkd.key.java.JavaParserFactory$DynamicTypeSolver@596fef4f : java.lang.Object
	at com.github.javaparser.resolution.TypeSolver.solveType(TypeSolver.java:71)

46538      ERROR Test worker     d.u.i.k.n.b.AbstractBuilder  com.github.javaparser.resolution.UnsolvedSymbolException: Unsolved symbol in de.uka.ilkd.key.java.JavaParserFactory$DynamicTypeSolver@596fef4f : java.lang.Object
	at com.github.javaparser.resolution.TypeSolver.solveType(TypeSolver.java:71)

46539      ERROR Test worker     d.u.i.k.n.b.TacletPBuilder Error in parsing taclet. de.uka.ilkd.key.util.parsing.BuildingException: Unsolved symbol in de.uka.ilkd.key.java.JavaParserFactory$DynamicTypeSolver@596fef4f : java.lang.Object at file:/home/runner/work/key/key/key.core/build/resources/main/de/uka/ilkd/key/proof/rules/integerAssignment2UpdateRules.key:319:15
	at de.uka.ilkd.key.nparser.builder.AbstractBuilder.accept(AbstractBuilder.java:54)
Caused by: com.github.javaparser.resolution.UnsolvedSymbolException: Unsolved symbol in de.uka.ilkd.key.java.JavaParserFactory$DynamicTypeSolver@596fef4f : java.lang.Object
	at com.github.javaparser.resolution.TypeSolver.solveType(TypeSolver.java:71)

46541      ERROR Test worker     d.u.i.k.n.b.AbstractBuilder  com.github.javaparser.resolution.UnsolvedSymbolException: Unsolved symbol in de.uka.ilkd.key.java.JavaParserFactory$DynamicTypeSolver@596fef4f : java.lang.Object
	at com.github.javaparser.resolution.TypeSolver.solveType(TypeSolver.java:71)

46541      ERROR Test worker     d.u.i.k.n.b.TacletPBuilder Error in parsing taclet. de.uka.ilkd.key.util.parsing.BuildingException: Unsolved symbol in de.uka.ilkd.key.java.JavaParserFactory$DynamicTypeSolver@596fef4f : java.lang.Object at file:/home/runner/work/key/key/key.core/build/resources/main/de/uka/ilkd/key/proof/rules/integerAssignment2UpdateRules.key:335:15
	at de.uka.ilkd.key.nparser.builder.AbstractBuilder.accept(AbstractBuilder.java:54)
Caused by: com.github.javaparser.resolution.UnsolvedSymbolException: Unsolved symbol in de.uka.ilkd.key.java.JavaParserFactory$DynamicTypeSolver@596fef4f : java.lang.Object
	at com.github.javaparser.resolution.TypeSolver.solveType(TypeSolver.java:71)

46543      ERROR Test worker     d.u.i.k.n.b.AbstractBuilder  com.github.javaparser.resolution.UnsolvedSymbolException: Unsolved symbol in de.uka.ilkd.key.java.JavaParserFactory$DynamicTypeSolver@596fef4f : java.lang.Object
	at com.github.javaparser.resolution.TypeSolver.solveType(TypeSolver.java:71)

46543      ERROR Test worker     d.u.i.k.n.b.TacletPBuilder Error in parsing taclet. de.uka.ilkd.key.util.parsing.BuildingException: Unsolved symbol in de.uka.ilkd.key.java.JavaParserFactory$DynamicTypeSolver@596fef4f : java.lang.Object at file:/home/runner/work/key/key/key.core/build/resources/main/de/uka/ilkd/key/proof/rules/integerAssignment2UpdateRules.key:350:15
	at de.uka.ilkd.key.nparser.builder.AbstractBuilder.accept(AbstractBuilder.java:54)
Caused by: com.github.javaparser.resolution.UnsolvedSymbolException: Unsolved symbol in de.uka.ilkd.key.java.JavaParserFactory$DynamicTypeSolver@596fef4f : java.lang.Object
	at com.github.javaparser.resolution.TypeSolver.solveType(TypeSolver.java:71)

46545      ERROR Test worker     d.u.i.k.n.b.AbstractBuilder  com.github.javaparser.resolution.UnsolvedSymbolException: Unsolved symbol in de.uka.ilkd.key.java.JavaParserFactory$DynamicTypeSolver@596fef4f : java.lang.Object
	at com.github.javaparser.resolution.TypeSolver.solveType(TypeSolver.java:71)

46551      ERROR Test worker     d.u.i.k.n.b.TacletPBuilder Error in parsing taclet. de.uka.ilkd.key.util.parsing.BuildingException: Unsolved symbol in de.uka.ilkd.key.java.JavaParserFactory$DynamicTypeSolver@596fef4f : java.lang.Object at file:/home/runner/work/key/key/key.core/build/resources/main/de/uka/ilkd/key/proof/rules/integerAssignment2UpdateRules.key:365:15
	at de.uka.ilkd.key.nparser.builder.AbstractBuilder.accept(AbstractBuilder.java:54)
Caused by: com.github.javaparser.resolution.UnsolvedSymbolException: Unsolved symbol in de.uka.ilkd.key.java.JavaParserFactory$DynamicTypeSolver@596fef4f : java.lang.Object
	at com.github.javaparser.resolution.TypeSolver.solveType(TypeSolver.java:71)

46553      ERROR Test worker     d.u.i.k.n.b.AbstractBuilder  com.github.javaparser.resolution.UnsolvedSymbolException: Unsolved symbol in de.uka.ilkd.key.java.JavaParserFactory$DynamicTypeSolver@596fef4f : java.lang.Object
	at com.github.javaparser.resolution.TypeSolver.solveType(TypeSolver.java:71)

46554      ERROR Test worker     d.u.i.k.n.b.TacletPBuilder Error in parsing taclet. de.uka.ilkd.key.util.parsing.BuildingException: Unsolved symbol in de.uka.ilkd.key.java.JavaParserFactory$DynamicTypeSolver@596fef4f : java.lang.Object at file:/home/runner/work/key/key/key.core/build/resources/main/de/uka/ilkd/key/proof/rules/integerAssignment2UpdateRules.key:380:15
	at de.uka.ilkd.key.nparser.builder.AbstractBuilder.accept(AbstractBuilder.java:54)
Caused by: com.github.javaparser.resolution.UnsolvedSymbolException: Unsolved symbol in de.uka.ilkd.key.java.JavaParserFactory$DynamicTypeSolver@596fef4f : java.lang.Object
	at com.github.javaparser.resolution.TypeSolver.solveType(TypeSolver.java:71)

46555      ERROR Test worker     d.u.i.k.n.b.AbstractBuilder  com.github.javaparser.resolution.UnsolvedSymbolException: Unsolved symbol in de.uka.ilkd.key.java.JavaParserFactory$DynamicTypeSolver@596fef4f : java.lang.Object
	at com.github.javaparser.resolution.TypeSolver.solveType(TypeSolver.java:71)

46556      ERROR Test worker     d.u.i.k.n.b.TacletPBuilder Error in parsing taclet. de.uka.ilkd.key.util.parsing.BuildingException: Unsolved symbol in de.uka.ilkd.key.java.JavaParserFactory$DynamicTypeSolver@596fef4f : java.lang.Object at file:/home/runner/work/key/key/key.core/build/resources/main/de/uka/ilkd/key/proof/rules/integerAssignment2UpdateRules.key:397:15
	at de.uka.ilkd.key.nparser.builder.AbstractBuilder.accept(AbstractBuilder.java:54)
Caused by: com.github.javaparser.resolution.UnsolvedSymbolException: Unsolved symbol in de.uka.ilkd.key.java.JavaParserFactory$DynamicTypeSolver@596fef4f : java.lang.Object
	at com.github.javaparser.resolution.TypeSolver.solveType(TypeSolver.java:71)

46558      ERROR Test worker     d.u.i.k.n.b.AbstractBuilder  com.github.javaparser.resolution.UnsolvedSymbolException: Unsolved symbol in de.uka.ilkd.key.java.JavaParserFactory$DynamicTypeSolver@596fef4f : java.lang.Object
	at com.github.javaparser.resolution.TypeSolver.solveType(TypeSolver.java:71)

46558      ERROR Test worker     d.u.i.k.n.b.TacletPBuilder Error in parsing taclet. de.uka.ilkd.key.util.parsing.BuildingException: Unsolved symbol in de.uka.ilkd.key.java.JavaParserFactory$DynamicTypeSolver@596fef4f : java.lang.Object at file:/home/runner/work/key/key/key.core/build/resources/main/de/uka/ilkd/key/proof/rules/integerAssignment2UpdateRules.key:408:15
	at de.uka.ilkd.key.nparser.builder.AbstractBuilder.accept(AbstractBuilder.java:54)
Caused by: com.github.javaparser.resolution.UnsolvedSymbolException: Unsolved symbol in de.uka.ilkd.key.java.JavaParserFactory$DynamicTypeSolver@596fef4f : java.lang.Object
	at com.github.javaparser.resolution.TypeSolver.solveType(TypeSolver.java:71)

46560      ERROR Test worker     d.u.i.k.n.b.AbstractBuilder  com.github.javaparser.resolution.UnsolvedSymbolException: Unsolved symbol in de.uka.ilkd.key.java.JavaParserFactory$DynamicTypeSolver@596fef4f : java.lang.Object
	at com.github.javaparser.resolution.TypeSolver.solveType(TypeSolver.java:71)

46569      ERROR Test worker     d.u.i.k.n.b.TacletPBuilder Error in parsing taclet. de.uka.ilkd.key.util.parsing.BuildingException: Unsolved symbol in de.uka.ilkd.key.java.JavaParserFactory$DynamicTypeSolver@596fef4f : java.lang.Object at file:/home/runner/work/key/key/key.core/build/resources/main/de/uka/ilkd/key/proof/rules/integerAssignment2UpdateRules.key:419:15
	at de.uka.ilkd.key.nparser.builder.AbstractBuilder.accept(AbstractBuilder.java:54)
Caused by: com.github.javaparser.resolution.UnsolvedSymbolException: Unsolved symbol in de.uka.ilkd.key.java.JavaParserFactory$DynamicTypeSolver@596fef4f : java.lang.Object
	at com.github.javaparser.resolution.TypeSolver.solveType(TypeSolver.java:71)

46570      ERROR Test worker     d.u.i.k.n.b.AbstractBuilder  com.github.javaparser.resolution.UnsolvedSymbolException: Unsolved symbol in de.uka.ilkd.key.java.JavaParserFactory$DynamicTypeSolver@596fef4f : java.lang.Object
	at com.github.javaparser.resolution.TypeSolver.solveType(TypeSolver.java:71)

46571      ERROR Test worker     d.u.i.k.n.b.TacletPBuilder Error in parsing taclet. de.uka.ilkd.key.util.parsing.BuildingException: Unsolved symbol in de.uka.ilkd.key.java.JavaParserFactory$DynamicTypeSolver@596fef4f : java.lang.Object at file:/home/runner/work/key/key/key.core/build/resources/main/de/uka/ilkd/key/proof/rules/integerAssignment2UpdateRules.key:430:15
	at de.uka.ilkd.key.nparser.builder.AbstractBuilder.accept(AbstractBuilder.java:54)
Caused by: com.github.javaparser.resolution.UnsolvedSymbolException: Unsolved symbol in de.uka.ilkd.key.java.JavaParserFactory$DynamicTypeSolver@596fef4f : java.lang.Object
	at com.github.javaparser.resolution.TypeSolver.solveType(TypeSolver.java:71)

46573      ERROR Test worker     d.u.i.k.n.b.AbstractBuilder  com.github.javaparser.resolution.UnsolvedSymbolException: Unsolved symbol in de.uka.ilkd.key.java.JavaParserFactory$DynamicTypeSolver@596fef4f : java.lang.Object
	at com.github.javaparser.resolution.TypeSolver.solveType(TypeSolver.java:71)

46573      ERROR Test worker     d.u.i.k.n.b.TacletPBuilder Error in parsing taclet. de.uka.ilkd.key.util.parsing.BuildingException: Unsolved symbol in de.uka.ilkd.key.java.JavaParserFactory$DynamicTypeSolver@596fef4f : java.lang.Object at file:/home/runner/work/key/key/key.core/build/resources/main/de/uka/ilkd/key/proof/rules/integerAssignment2UpdateRules.key:443:15
	at de.uka.ilkd.key.nparser.builder.AbstractBuilder.accept(AbstractBuilder.java:54)
Caused by: com.github.javaparser.resolution.UnsolvedSymbolException: Unsolved symbol in de.uka.ilkd.key.java.JavaParserFactory$DynamicTypeSolver@596fef4f : java.lang.Object
	at com.github.javaparser.resolution.TypeSolver.solveType(TypeSolver.java:71)

46575      ERROR Test worker     d.u.i.k.n.b.AbstractBuilder  com.github.javaparser.resolution.UnsolvedSymbolException: Unsolved symbol in de.uka.ilkd.key.java.JavaParserFactory$DynamicTypeSolver@596fef4f : java.lang.Object
	at com.github.javaparser.resolution.TypeSolver.solveType(TypeSolver.java:71)

46576      ERROR Test worker     d.u.i.k.n.b.TacletPBuilder Error in parsing taclet. de.uka.ilkd.key.util.parsing.BuildingException: Unsolved symbol in de.uka.ilkd.key.java.JavaParserFactory$DynamicTypeSolver@596fef4f : java.lang.Object at file:/home/runner/work/key/key/key.core/build/resources/main/de/uka/ilkd/key/proof/rules/integerAssignment2UpdateRules.key:454:15
	at de.uka.ilkd.key.nparser.builder.AbstractBuilder.accept(AbstractBuilder.java:54)
Caused by: com.github.javaparser.resolution.UnsolvedSymbolException: Unsolved symbol in de.uka.ilkd.key.java.JavaParserFactory$DynamicTypeSolver@596fef4f : java.lang.Object
	at com.github.javaparser.resolution.TypeSolver.solveType(TypeSolver.java:71)

46577      ERROR Test worker     d.u.i.k.n.b.AbstractBuilder  com.github.javaparser.resolution.UnsolvedSymbolException: Unsolved symbol in de.uka.ilkd.key.java.JavaParserFactory$DynamicTypeSolver@596fef4f : java.lang.Object
	at com.github.javaparser.resolution.TypeSolver.solveType(TypeSolver.java:71)

46578      ERROR Test worker     d.u.i.k.n.b.TacletPBuilder Error in parsing taclet. de.uka.ilkd.key.util.parsing.BuildingException: Unsolved symbol in de.uka.ilkd.key.java.JavaParserFactory$DynamicTypeSolver@596fef4f : java.lang.Object at file:/home/runner/work/key/key/key.core/build/resources/main/de/uka/ilkd/key/proof/rules/integerAssignment2UpdateRules.key:466:15
	at de.uka.ilkd.key.nparser.builder.AbstractBuilder.accept(AbstractBuilder.java:54)
Caused by: com.github.javaparser.resolution.UnsolvedSymbolException: Unsolved symbol in de.uka.ilkd.key.java.JavaParserFactory$DynamicTypeSolver@596fef4f : java.lang.Object
	at com.github.javaparser.resolution.TypeSolver.solveType(TypeSolver.java:71)

46579      ERROR Test worker     d.u.i.k.n.b.AbstractBuilder  com.github.javaparser.resolution.UnsolvedSymbolException: Unsolved symbol in de.uka.ilkd.key.java.JavaParserFactory$DynamicTypeSolver@596fef4f : java.lang.Object
	at com.github.javaparser.resolution.TypeSolver.solveType(TypeSolver.java:71)

46589      ERROR Test worker     d.u.i.k.n.b.TacletPBuilder Error in parsing taclet. de.uka.ilkd.key.util.parsing.BuildingException: Unsolved symbol in de.uka.ilkd.key.java.JavaParserFactory$DynamicTypeSolver@596fef4f : java.lang.Object at file:/home/runner/work/key/key/key.core/build/resources/main/de/uka/ilkd/key/proof/rules/integerAssignment2UpdateRules.key:478:15
	at de.uka.ilkd.key.nparser.builder.AbstractBuilder.accept(AbstractBuilder.java:54)
Caused by: com.github.javaparser.resolution.UnsolvedSymbolException: Unsolved symbol in de.uka.ilkd.key.java.JavaParserFactory$DynamicTypeSolver@596fef4f : java.lang.Object
	at com.github.javaparser.resolution.TypeSolver.solveType(TypeSolver.java:71)

46590      ERROR Test worker     d.u.i.k.n.b.AbstractBuilder  com.github.javaparser.resolution.UnsolvedSymbolException: Unsolved symbol in de.uka.ilkd.key.java.JavaParserFactory$DynamicTypeSolver@596fef4f : java.lang.Object
	at com.github.javaparser.resolution.TypeSolver.solveType(TypeSolver.java:71)

46591      ERROR Test worker     d.u.i.k.n.b.TacletPBuilder Error in parsing taclet. de.uka.ilkd.key.util.parsing.BuildingException: Unsolved symbol in de.uka.ilkd.key.java.JavaParserFactory$DynamicTypeSolver@596fef4f : java.lang.Object at file:/home/runner/work/key/key/key.core/build/resources/main/de/uka/ilkd/key/proof/rules/integerAssignment2UpdateRules.key:491:15
	at de.uka.ilkd.key.nparser.builder.AbstractBuilder.accept(AbstractBuilder.java:54)
Caused by: com.github.javaparser.resolution.UnsolvedSymbolException: Unsolved symbol in de.uka.ilkd.key.java.JavaParserFactory$DynamicTypeSolver@596fef4f : java.lang.Object
	at com.github.javaparser.resolution.TypeSolver.solveType(TypeSolver.java:71)

46593      ERROR Test worker     d.u.i.k.n.b.AbstractBuilder  com.github.javaparser.resolution.UnsolvedSymbolException: Unsolved symbol in de.uka.ilkd.key.java.JavaParserFactory$DynamicTypeSolver@596fef4f : java.lang.Object
	at com.github.javaparser.resolution.TypeSolver.solveType(TypeSolver.java:71)

46601      ERROR Test worker     d.u.i.k.n.b.TacletPBuilder Error in parsing taclet. de.uka.ilkd.key.util.parsing.BuildingException: Unsolved symbol in de.uka.ilkd.key.java.JavaParserFactory$DynamicTypeSolver@596fef4f : java.lang.Object at file:/home/runner/work/key/key/key.core/build/resources/main/de/uka/ilkd/key/proof/rules/integerAssignment2UpdateRules.key:502:15
	at de.uka.ilkd.key.nparser.builder.AbstractBuilder.accept(AbstractBuilder.java:54)
Caused by: com.github.javaparser.resolution.UnsolvedSymbolException: Unsolved symbol in de.uka.ilkd.key.java.JavaParserFactory$DynamicTypeSolver@596fef4f : java.lang.Object
	at com.github.javaparser.resolution.TypeSolver.solveType(TypeSolver.java:71)

46603      ERROR Test worker     d.u.i.k.n.b.AbstractBuilder  com.github.javaparser.resolution.UnsolvedSymbolException: Unsolved symbol in de.uka.ilkd.key.java.JavaParserFactory$DynamicTypeSolver@596fef4f : java.lang.Object
	at com.github.javaparser.resolution.TypeSolver.solveType(TypeSolver.java:71)

46604      ERROR Test worker     d.u.i.k.n.b.TacletPBuilder Error in parsing taclet. de.uka.ilkd.key.util.parsing.BuildingException: Unsolved symbol in de.uka.ilkd.key.java.JavaParserFactory$DynamicTypeSolver@596fef4f : java.lang.Object at file:/home/runner/work/key/key/key.core/build/resources/main/de/uka/ilkd/key/proof/rules/integerAssignment2UpdateRules.key:513:15
	at de.uka.ilkd.key.nparser.builder.AbstractBuilder.accept(AbstractBuilder.java:54)
Caused by: com.github.javaparser.resolution.UnsolvedSymbolException: Unsolved symbol in de.uka.ilkd.key.java.JavaParserFactory$DynamicTypeSolver@596fef4f : java.lang.Object
	at com.github.javaparser.resolution.TypeSolver.solveType(TypeSolver.java:71)

46605      ERROR Test worker     d.u.i.k.n.b.AbstractBuilder  com.github.javaparser.resolution.UnsolvedSymbolException: Unsolved symbol in de.uka.ilkd.key.java.JavaParserFactory$DynamicTypeSolver@596fef4f : java.lang.Object
	at com.github.javaparser.resolution.TypeSolver.solveType(TypeSolver.java:71)

46613      ERROR Test worker     d.u.i.k.n.b.TacletPBuilder Error in parsing taclet. de.uka.ilkd.key.util.parsing.BuildingException: Unsolved symbol in de.uka.ilkd.key.java.JavaParserFactory$DynamicTypeSolver@596fef4f : java.lang.Object at file:/home/runner/work/key/key/key.core/build/resources/main/de/uka/ilkd/key/proof/rules/integerAssignment2UpdateRules.key:524:15
	at de.uka.ilkd.key.nparser.builder.AbstractBuilder.accept(AbstractBuilder.java:54)
Caused by: com.github.javaparser.resolution.UnsolvedSymbolException: Unsolved symbol in de.uka.ilkd.key.java.JavaParserFactory$DynamicTypeSolver@596fef4f : java.lang.Object
	at com.github.javaparser.resolution.TypeSolver.solveType(TypeSolver.java:71)

46615      ERROR Test worker     d.u.i.k.n.b.AbstractBuilder  com.github.javaparser.resolution.UnsolvedSymbolException: Unsolved symbol in de.uka.ilkd.key.java.JavaParserFactory$DynamicTypeSolver@596fef4f : java.lang.Object
	at com.github.javaparser.resolution.TypeSolver.solveType(TypeSolver.java:71)

46615      ERROR Test worker     d.u.i.k.n.b.TacletPBuilder Error in parsing taclet. de.uka.ilkd.key.util.parsing.BuildingException: Unsolved symbol in de.uka.ilkd.key.java.JavaParserFactory$DynamicTypeSolver@596fef4f : java.lang.Object at file:/home/runner/work/key/key/key.core/build/resources/main/de/uka/ilkd/key/proof/rules/integerAssignment2UpdateRules.key:537:15
	at de.uka.ilkd.key.nparser.builder.AbstractBuilder.accept(AbstractBuilder.java:54)
Caused by: com.github.javaparser.resolution.UnsolvedSymbolException: Unsolved symbol in de.uka.ilkd.key.java.JavaParserFactory$DynamicTypeSolver@596fef4f : java.lang.Object
	at com.github.javaparser.resolution.TypeSolver.solveType(TypeSolver.java:71)

46617      ERROR Test worker     d.u.i.k.n.b.AbstractBuilder  com.github.javaparser.resolution.UnsolvedSymbolException: Unsolved symbol in de.uka.ilkd.key.java.JavaParserFactory$DynamicTypeSolver@596fef4f : java.lang.Object
	at com.github.javaparser.resolution.TypeSolver.solveType(TypeSolver.java:71)

46621      ERROR Test worker     d.u.i.k.n.b.TacletPBuilder Error in parsing taclet. de.uka.ilkd.key.util.parsing.BuildingException: Unsolved symbol in de.uka.ilkd.key.java.JavaParserFactory$DynamicTypeSolver@596fef4f : java.lang.Object at file:/home/runner/work/key/key/key.core/build/resources/main/de/uka/ilkd/key/proof/rules/integerAssignment2UpdateRules.key:552:15
	at de.uka.ilkd.key.nparser.builder.AbstractBuilder.accept(AbstractBuilder.java:54)
Caused by: com.github.javaparser.resolution.UnsolvedSymbolException: Unsolved symbol in de.uka.ilkd.key.java.JavaParserFactory$DynamicTypeSolver@596fef4f : java.lang.Object
	at com.github.javaparser.resolution.TypeSolver.solveType(TypeSolver.java:71)

46622      ERROR Test worker     d.u.i.k.n.b.AbstractBuilder  com.github.javaparser.resolution.UnsolvedSymbolException: Unsolved symbol in de.uka.ilkd.key.java.JavaParserFactory$DynamicTypeSolver@596fef4f : java.lang.Object
	at com.github.javaparser.resolution.TypeSolver.solveType(TypeSolver.java:71)

46623      ERROR Test worker     d.u.i.k.n.b.TacletPBuilder Error in parsing taclet. de.uka.ilkd.key.util.parsing.BuildingException: Unsolved symbol in de.uka.ilkd.key.java.JavaParserFactory$DynamicTypeSolver@596fef4f : java.lang.Object at file:/home/runner/work/key/key/key.core/build/resources/main/de/uka/ilkd/key/proof/rules/integerAssignment2UpdateRules.key:569:15
	at de.uka.ilkd.key.nparser.builder.AbstractBuilder.accept(AbstractBuilder.java:54)
Caused by: com.github.javaparser.resolution.UnsolvedSymbolException: Unsolved symbol in de.uka.ilkd.key.java.JavaParserFactory$DynamicTypeSolver@596fef4f : java.lang.Object
	at com.github.javaparser.resolution.TypeSolver.solveType(TypeSolver.java:71)

46633      ERROR Test worker     d.u.i.k.n.b.AbstractBuilder  com.github.javaparser.resolution.UnsolvedSymbolException: Unsolved symbol in de.uka.ilkd.key.java.JavaParserFactory$DynamicTypeSolver@596fef4f : java.lang.Object
	at com.github.javaparser.resolution.TypeSolver.solveType(TypeSolver.java:71)

46633      ERROR Test worker     d.u.i.k.n.b.TacletPBuilder Error in parsing taclet. de.uka.ilkd.key.util.parsing.BuildingException: Unsolved symbol in de.uka.ilkd.key.java.JavaParserFactory$DynamicTypeSolver@596fef4f : java.lang.Object at file:/home/runner/work/key/key/key.core/build/resources/main/de/uka/ilkd/key/proof/rules/integerAssignment2UpdateRules.key:584:15
	at de.uka.ilkd.key.nparser.builder.AbstractBuilder.accept(AbstractBuilder.java:54)
Caused by: com.github.javaparser.resolution.UnsolvedSymbolException: Unsolved symbol in de.uka.ilkd.key.java.JavaParserFactory$DynamicTypeSolver@596fef4f : java.lang.Object
	at com.github.javaparser.resolution.TypeSolver.solveType(TypeSolver.java:71)

46634      ERROR Test worker     d.u.i.k.n.b.AbstractBuilder  com.github.javaparser.resolution.UnsolvedSymbolException: Unsolved symbol in de.uka.ilkd.key.java.JavaParserFactory$DynamicTypeSolver@596fef4f : java.lang.Object
	at com.github.javaparser.resolution.TypeSolver.solveType(TypeSolver.java:71)

46635      ERROR Test worker     d.u.i.k.n.b.TacletPBuilder Error in parsing taclet. de.uka.ilkd.key.util.parsing.BuildingException: Unsolved symbol in de.uka.ilkd.key.java.JavaParserFactory$DynamicTypeSolver@596fef4f : java.lang.Object at file:/home/runner/work/key/key/key.core/build/resources/main/de/uka/ilkd/key/proof/rules/integerAssignment2UpdateRules.key:601:15
	at de.uka.ilkd.key.nparser.builder.AbstractBuilder.accept(AbstractBuilder.java:54)
Caused by: com.github.javaparser.resolution.UnsolvedSymbolException: Unsolved symbol in de.uka.ilkd.key.java.JavaParserFactory$DynamicTypeSolver@596fef4f : java.lang.Object
	at com.github.javaparser.resolution.TypeSolver.solveType(TypeSolver.java:71)

46638      ERROR Test worker     d.u.i.k.n.b.AbstractBuilder  com.github.javaparser.resolution.UnsolvedSymbolException: Unsolved symbol in de.uka.ilkd.key.java.JavaParserFactory$DynamicTypeSolver@596fef4f : java.lang.Object
	at com.github.javaparser.resolution.TypeSolver.solveType(TypeSolver.java:71)

46638      ERROR Test worker     d.u.i.k.n.b.TacletPBuilder Error in parsing taclet. de.uka.ilkd.key.util.parsing.BuildingException: Unsolved symbol in de.uka.ilkd.key.java.JavaParserFactory$DynamicTypeSolver@596fef4f : java.lang.Object at file:/home/runner/work/key/key/key.core/build/resources/main/de/uka/ilkd/key/proof/rules/integerAssignment2UpdateRules.key:616:15
	at de.uka.ilkd.key.nparser.builder.AbstractBuilder.accept(AbstractBuilder.java:54)
Caused by: com.github.javaparser.resolution.UnsolvedSymbolException: Unsolved symbol in de.uka.ilkd.key.java.JavaParserFactory$DynamicTypeSolver@596fef4f : java.lang.Object
	at com.github.javaparser.resolution.TypeSolver.solveType(TypeSolver.java:71)

46639      ERROR Test worker     d.u.i.k.n.b.AbstractBuilder  com.github.javaparser.resolution.UnsolvedSymbolException: Unsolved symbol in de.uka.ilkd.key.java.JavaParserFactory$DynamicTypeSolver@596fef4f : java.lang.Object
	at com.github.javaparser.resolution.TypeSolver.solveType(TypeSolver.java:71)

46640      ERROR Test worker     d.u.i.k.n.b.TacletPBuilder Error in parsing taclet. de.uka.ilkd.key.util.parsing.BuildingException: Unsolved symbol in de.uka.ilkd.key.java.JavaParserFactory$DynamicTypeSolver@596fef4f : java.lang.Object at file:/home/runner/work/key/key/key.core/build/resources/main/de/uka/ilkd/key/proof/rules/integerAssignment2UpdateRules.key:634:15
	at de.uka.ilkd.key.nparser.builder.AbstractBuilder.accept(AbstractBuilder.java:54)
Caused by: com.github.javaparser.resolution.UnsolvedSymbolException: Unsolved symbol in de.uka.ilkd.key.java.JavaParserFactory$DynamicTypeSolver@596fef4f : java.lang.Object
	at com.github.javaparser.resolution.TypeSolver.solveType(TypeSolver.java:71)

46641      ERROR Test worker     d.u.i.k.n.b.AbstractBuilder  com.github.javaparser.resolution.UnsolvedSymbolException: Unsolved symbol in de.uka.ilkd.key.java.JavaParserFactory$DynamicTypeSolver@596fef4f : java.lang.Object
	at com.github.javaparser.resolution.TypeSolver.solveType(TypeSolver.java:71)

46641      ERROR Test worker     d.u.i.k.n.b.TacletPBuilder Error in parsing taclet. de.uka.ilkd.key.util.parsing.BuildingException: Unsolved symbol in de.uka.ilkd.key.java.JavaParserFactory$DynamicTypeSolver@596fef4f : java.lang.Object at file:/home/runner/work/key/key/key.core/build/resources/main/de/uka/ilkd/key/proof/rules/integerAssignment2UpdateRules.key:648:15
	at de.uka.ilkd.key.nparser.builder.AbstractBuilder.accept(AbstractBuilder.java:54)
Caused by: com.github.javaparser.resolution.UnsolvedSymbolException: Unsolved symbol in de.uka.ilkd.key.java.JavaParserFactory$DynamicTypeSolver@596fef4f : java.lang.Object
	at com.github.javaparser.resolution.TypeSolver.solveType(TypeSolver.java:71)

46642      ERROR Test worker     d.u.i.k.n.b.AbstractBuilder  com.github.javaparser.resolution.UnsolvedSymbolException: Unsolved symbol in de.uka.ilkd.key.java.JavaParserFactory$DynamicTypeSolver@596fef4f : java.lang.Object
	at com.github.javaparser.resolution.TypeSolver.solveType(TypeSolver.java:71)

46643      ERROR Test worker     d.u.i.k.n.b.TacletPBuilder Error in parsing taclet. de.uka.ilkd.key.util.parsing.BuildingException: Unsolved symbol in de.uka.ilkd.key.java.JavaParserFactory$DynamicTypeSolver@596fef4f : java.lang.Object at file:/home/runner/work/key/key/key.core/build/resources/main/de/uka/ilkd/key/proof/rules/integerAssignment2UpdateRules.key:662:15
	at de.uka.ilkd.key.nparser.builder.AbstractBuilder.accept(AbstractBuilder.java:54)
Caused by: com.github.javaparser.resolution.UnsolvedSymbolException: Unsolved symbol in de.uka.ilkd.key.java.JavaParserFactory$DynamicTypeSolver@596fef4f : java.lang.Object
	at com.github.javaparser.resolution.TypeSolver.solveType(TypeSolver.java:71)

46644      ERROR Test worker     d.u.i.k.n.b.AbstractBuilder  com.github.javaparser.resolution.UnsolvedSymbolException: Unsolved symbol in de.uka.ilkd.key.java.JavaParserFactory$DynamicTypeSolver@596fef4f : java.lang.Object
	at com.github.javaparser.resolution.TypeSolver.solveType(TypeSolver.java:71)

46644      ERROR Test worker     d.u.i.k.n.b.TacletPBuilder Error in parsing taclet. de.uka.ilkd.key.util.parsing.BuildingException: Unsolved symbol in de.uka.ilkd.key.java.JavaParserFactory$DynamicTypeSolver@596fef4f : java.lang.Object at file:/home/runner/work/key/key/key.core/build/resources/main/de/uka/ilkd/key/proof/rules/integerAssignment2UpdateRules.key:670:15
	at de.uka.ilkd.key.nparser.builder.AbstractBuilder.accept(AbstractBuilder.java:54)
Caused by: com.github.javaparser.resolution.UnsolvedSymbolException: Unsolved symbol in de.uka.ilkd.key.java.JavaParserFactory$DynamicTypeSolver@596fef4f : java.lang.Object
	at com.github.javaparser.resolution.TypeSolver.solveType(TypeSolver.java:71)

46645      ERROR Test worker     d.u.i.k.n.b.AbstractBuilder  com.github.javaparser.resolution.UnsolvedSymbolException: Unsolved symbol in de.uka.ilkd.key.java.JavaParserFactory$DynamicTypeSolver@596fef4f : java.lang.Object
	at com.github.javaparser.resolution.TypeSolver.solveType(TypeSolver.java:71)

46646      ERROR Test worker     d.u.i.k.n.b.TacletPBuilder Error in parsing taclet. de.uka.ilkd.key.util.parsing.BuildingException: Unsolved symbol in de.uka.ilkd.key.java.JavaParserFactory$DynamicTypeSolver@596fef4f : java.lang.Object at file:/home/runner/work/key/key/key.core/build/resources/main/de/uka/ilkd/key/proof/rules/integerAssignment2UpdateRules.key:682:15
	at de.uka.ilkd.key.nparser.builder.AbstractBuilder.accept(AbstractBuilder.java:54)
Caused by: com.github.javaparser.resolution.UnsolvedSymbolException: Unsolved symbol in de.uka.ilkd.key.java.JavaParserFactory$DynamicTypeSolver@596fef4f : java.lang.Object
	at com.github.javaparser.resolution.TypeSolver.solveType(TypeSolver.java:71)

46647      ERROR Test worker     d.u.i.k.n.b.AbstractBuilder  com.github.javaparser.resolution.UnsolvedSymbolException: Unsolved symbol in de.uka.ilkd.key.java.JavaParserFactory$DynamicTypeSolver@596fef4f : java.lang.Object
	at com.github.javaparser.resolution.TypeSolver.solveType(TypeSolver.java:71)

46647      ERROR Test worker     d.u.i.k.n.b.TacletPBuilder Error in parsing taclet. de.uka.ilkd.key.util.parsing.BuildingException: Unsolved symbol in de.uka.ilkd.key.java.JavaParserFactory$DynamicTypeSolver@596fef4f : java.lang.Object at file:/home/runner/work/key/key/key.core/build/resources/main/de/uka/ilkd/key/proof/rules/integerAssignment2UpdateRules.key:696:15
	at de.uka.ilkd.key.nparser.builder.AbstractBuilder.accept(AbstractBuilder.java:54)
Caused by: com.github.javaparser.resolution.UnsolvedSymbolException: Unsolved symbol in de.uka.ilkd.key.java.JavaParserFactory$DynamicTypeSolver@596fef4f : java.lang.Object
	at com.github.javaparser.resolution.TypeSolver.solveType(TypeSolver.java:71)

46649      ERROR Test worker     d.u.i.k.n.b.AbstractBuilder  com.github.javaparser.resolution.UnsolvedSymbolException: Unsolved symbol in de.uka.ilkd.key.java.JavaParserFactory$DynamicTypeSolver@596fef4f : java.lang.Object
	at com.github.javaparser.resolution.TypeSolver.solveType(TypeSolver.java:71)

46649      ERROR Test worker     d.u.i.k.n.b.TacletPBuilder Error in parsing taclet. de.uka.ilkd.key.util.parsing.BuildingException: Unsolved symbol in de.uka.ilkd.key.java.JavaParserFactory$DynamicTypeSolver@596fef4f : java.lang.Object at file:/home/runner/work/key/key/key.core/build/resources/main/de/uka/ilkd/key/proof/rules/integerAssignment2UpdateRules.key:710:15
	at de.uka.ilkd.key.nparser.builder.AbstractBuilder.accept(AbstractBuilder.java:54)
Caused by: com.github.javaparser.resolution.UnsolvedSymbolException: Unsolved symbol in de.uka.ilkd.key.java.JavaParserFactory$DynamicTypeSolver@596fef4f : java.lang.Object
	at com.github.javaparser.resolution.TypeSolver.solveType(TypeSolver.java:71)

46650      ERROR Test worker     d.u.i.k.n.b.AbstractBuilder  com.github.javaparser.resolution.UnsolvedSymbolException: Unsolved symbol in de.uka.ilkd.key.java.JavaParserFactory$DynamicTypeSolver@596fef4f : java.lang.Object
	at com.github.javaparser.resolution.TypeSolver.solveType(TypeSolver.java:71)

46650      ERROR Test worker     d.u.i.k.n.b.TacletPBuilder Error in parsing taclet. de.uka.ilkd.key.util.parsing.BuildingException: Unsolved symbol in de.uka.ilkd.key.java.JavaParserFactory$DynamicTypeSolver@596fef4f : java.lang.Object at file:/home/runner/work/key/key/key.core/build/resources/main/de/uka/ilkd/key/proof/rules/integerAssignment2UpdateRules.key:724:15
	at de.uka.ilkd.key.nparser.builder.AbstractBuilder.accept(AbstractBuilder.java:54)
Caused by: com.github.javaparser.resolution.UnsolvedSymbolException: Unsolved symbol in de.uka.ilkd.key.java.JavaParserFactory$DynamicTypeSolver@596fef4f : java.lang.Object
	at com.github.javaparser.resolution.TypeSolver.solveType(TypeSolver.java:71)

46652      ERROR Test worker     d.u.i.k.n.b.AbstractBuilder  com.github.javaparser.resolution.UnsolvedSymbolException: Unsolved symbol in de.uka.ilkd.key.java.JavaParserFactory$DynamicTypeSolver@596fef4f : java.lang.Object
	at com.github.javaparser.resolution.TypeSolver.solveType(TypeSolver.java:71)

46652      ERROR Test worker     d.u.i.k.n.b.TacletPBuilder Error in parsing taclet. de.uka.ilkd.key.util.parsing.BuildingException: Unsolved symbol in de.uka.ilkd.key.java.JavaParserFactory$DynamicTypeSolver@596fef4f : java.lang.Object at file:/home/runner/work/key/key/key.core/build/resources/main/de/uka/ilkd/key/proof/rules/integerAssignment2UpdateRules.key:738:15
	at de.uka.ilkd.key.nparser.builder.AbstractBuilder.accept(AbstractBuilder.java:54)
Caused by: com.github.javaparser.resolution.UnsolvedSymbolException: Unsolved symbol in de.uka.ilkd.key.java.JavaParserFactory$DynamicTypeSolver@596fef4f : java.lang.Object
	at com.github.javaparser.resolution.TypeSolver.solveType(TypeSolver.java:71)

46656      ERROR Test worker     d.u.i.k.n.b.AbstractBuilder  com.github.javaparser.resolution.UnsolvedSymbolException: Unsolved symbol in de.uka.ilkd.key.java.JavaParserFactory$DynamicTypeSolver@596fef4f : java.lang.Object
	at com.github.javaparser.resolution.TypeSolver.solveType(TypeSolver.java:71)

46656      ERROR Test worker     d.u.i.k.n.b.TacletPBuilder Error in parsing taclet. de.uka.ilkd.key.util.parsing.BuildingException: Unsolved symbol in de.uka.ilkd.key.java.JavaParserFactory$DynamicTypeSolver@596fef4f : java.lang.Object at file:/home/runner/work/key/key/key.core/build/resources/main/de/uka/ilkd/key/proof/rules/integerAssignment2UpdateRules.key:752:15
	at de.uka.ilkd.key.nparser.builder.AbstractBuilder.accept(AbstractBuilder.java:54)
Caused by: com.github.javaparser.resolution.UnsolvedSymbolException: Unsolved symbol in de.uka.ilkd.key.java.JavaParserFactory$DynamicTypeSolver@596fef4f : java.lang.Object
	at com.github.javaparser.resolution.TypeSolver.solveType(TypeSolver.java:71)

46658      ERROR Test worker     d.u.i.k.n.b.AbstractBuilder  com.github.javaparser.resolution.UnsolvedSymbolException: Unsolved symbol in de.uka.ilkd.key.java.JavaParserFactory$DynamicTypeSolver@596fef4f : java.lang.Object
	at com.github.javaparser.resolution.TypeSolver.solveType(TypeSolver.java:71)

46658      ERROR Test worker     d.u.i.k.n.b.TacletPBuilder Error in parsing taclet. de.uka.ilkd.key.util.parsing.BuildingException: Unsolved symbol in de.uka.ilkd.key.java.JavaParserFactory$DynamicTypeSolver@596fef4f : java.lang.Object at file:/home/runner/work/key/key/key.core/build/resources/main/de/uka/ilkd/key/proof/rules/integerAssignment2UpdateRules.key:764:15
	at de.uka.ilkd.key.nparser.builder.AbstractBuilder.accept(AbstractBuilder.java:54)
Caused by: com.github.javaparser.resolution.UnsolvedSymbolException: Unsolved symbol in de.uka.ilkd.key.java.JavaParserFactory$DynamicTypeSolver@596fef4f : java.lang.Object
	at com.github.javaparser.resolution.TypeSolver.solveType(TypeSolver.java:71)

46659      ERROR Test worker     d.u.i.k.n.b.AbstractBuilder  com.github.javaparser.resolution.UnsolvedSymbolException: Unsolved symbol in de.uka.ilkd.key.java.JavaParserFactory$DynamicTypeSolver@596fef4f : java.lang.Object
	at com.github.javaparser.resolution.TypeSolver.solveType(TypeSolver.java:71)

46659      ERROR Test worker     d.u.i.k.n.b.TacletPBuilder Error in parsing taclet. de.uka.ilkd.key.util.parsing.BuildingException: Unsolved symbol in de.uka.ilkd.key.java.JavaParserFactory$DynamicTypeSolver@596fef4f : java.lang.Object at file:/home/runner/work/key/key/key.core/build/resources/main/de/uka/ilkd/key/proof/rules/integerAssignment2UpdateRules.key:779:15
	at de.uka.ilkd.key.nparser.builder.AbstractBuilder.accept(AbstractBuilder.java:54)
Caused by: com.github.javaparser.resolution.UnsolvedSymbolException: Unsolved symbol in de.uka.ilkd.key.java.JavaParserFactory$DynamicTypeSolver@596fef4f : java.lang.Object
	at com.github.javaparser.resolution.TypeSolver.solveType(TypeSolver.java:71)

46661      ERROR Test worker     d.u.i.k.n.b.AbstractBuilder  com.github.javaparser.resolution.UnsolvedSymbolException: Unsolved symbol in de.uka.ilkd.key.java.JavaParserFactory$DynamicTypeSolver@596fef4f : java.lang.Object
	at com.github.javaparser.resolution.TypeSolver.solveType(TypeSolver.java:71)

46661      ERROR Test worker     d.u.i.k.n.b.TacletPBuilder Error in parsing taclet. de.uka.ilkd.key.util.parsing.BuildingException: Unsolved symbol in de.uka.ilkd.key.java.JavaParserFactory$DynamicTypeSolver@596fef4f : java.lang.Object at file:/home/runner/work/key/key/key.core/build/resources/main/de/uka/ilkd/key/proof/rules/integerAssignment2UpdateRules.key:794:15
	at de.uka.ilkd.key.nparser.builder.AbstractBuilder.accept(AbstractBuilder.java:54)
Caused by: com.github.javaparser.resolution.UnsolvedSymbolException: Unsolved symbol in de.uka.ilkd.key.java.JavaParserFactory$DynamicTypeSolver@596fef4f : java.lang.Object
	at com.github.javaparser.resolution.TypeSolver.solveType(TypeSolver.java:71)

46662      ERROR Test worker     d.u.i.k.n.b.AbstractBuilder  com.github.javaparser.resolution.UnsolvedSymbolException: Unsolved symbol in de.uka.ilkd.key.java.JavaParserFactory$DynamicTypeSolver@596fef4f : java.lang.Object
	at com.github.javaparser.resolution.TypeSolver.solveType(TypeSolver.java:71)

46662      ERROR Test worker     d.u.i.k.n.b.TacletPBuilder Error in parsing taclet. de.uka.ilkd.key.util.parsing.BuildingException: Unsolved symbol in de.uka.ilkd.key.java.JavaParserFactory$DynamicTypeSolver@596fef4f : java.lang.Object at file:/home/runner/work/key/key/key.core/build/resources/main/de/uka/ilkd/key/proof/rules/integerAssignment2UpdateRules.key:808:15
	at de.uka.ilkd.key.nparser.builder.AbstractBuilder.accept(AbstractBuilder.java:54)
Caused by: com.github.javaparser.resolution.UnsolvedSymbolException: Unsolved symbol in de.uka.ilkd.key.java.JavaParserFactory$DynamicTypeSolver@596fef4f : java.lang.Object
	at com.github.javaparser.resolution.TypeSolver.solveType(TypeSolver.java:71)

46675      ERROR Test worker     d.u.i.k.n.b.AbstractBuilder  com.github.javaparser.resolution.UnsolvedSymbolException: Unsolved symbol in de.uka.ilkd.key.java.JavaParserFactory$DynamicTypeSolver@596fef4f : java.lang.Object
	at com.github.javaparser.resolution.TypeSolver.solveType(TypeSolver.java:71)

46675      ERROR Test worker     d.u.i.k.n.b.TacletPBuilder Error in parsing taclet. de.uka.ilkd.key.util.parsing.BuildingException: Unsolved symbol in de.uka.ilkd.key.java.JavaParserFactory$DynamicTypeSolver@596fef4f : java.lang.Object at file:/home/runner/work/key/key/key.core/build/resources/main/de/uka/ilkd/key/proof/rules/floatAssignment2UpdateRules.key:42:15
	at de.uka.ilkd.key.nparser.builder.AbstractBuilder.accept(AbstractBuilder.java:54)
Caused by: com.github.javaparser.resolution.UnsolvedSymbolException: Unsolved symbol in de.uka.ilkd.key.java.JavaParserFactory$DynamicTypeSolver@596fef4f : java.lang.Object
	at com.github.javaparser.resolution.TypeSolver.solveType(TypeSolver.java:71)

46687      ERROR Test worker     d.u.i.k.n.b.AbstractBuilder  com.github.javaparser.resolution.UnsolvedSymbolException: Unsolved symbol in de.uka.ilkd.key.java.JavaParserFactory$DynamicTypeSolver@596fef4f : java.lang.Object
	at com.github.javaparser.resolution.TypeSolver.solveType(TypeSolver.java:71)

46687      ERROR Test worker     d.u.i.k.n.b.TacletPBuilder Error in parsing taclet. de.uka.ilkd.key.util.parsing.BuildingException: Unsolved symbol in de.uka.ilkd.key.java.JavaParserFactory$DynamicTypeSolver@596fef4f : java.lang.Object at file:/home/runner/work/key/key/key.core/build/resources/main/de/uka/ilkd/key/proof/rules/floatAssignment2UpdateRules.key:50:15
	at de.uka.ilkd.key.nparser.builder.AbstractBuilder.accept(AbstractBuilder.java:54)
Caused by: com.github.javaparser.resolution.UnsolvedSymbolException: Unsolved symbol in de.uka.ilkd.key.java.JavaParserFactory$DynamicTypeSolver@596fef4f : java.lang.Object
	at com.github.javaparser.resolution.TypeSolver.solveType(TypeSolver.java:71)

46689      ERROR Test worker     d.u.i.k.n.b.AbstractBuilder  com.github.javaparser.resolution.UnsolvedSymbolException: Unsolved symbol in de.uka.ilkd.key.java.JavaParserFactory$DynamicTypeSolver@596fef4f : java.lang.Object
	at com.github.javaparser.resolution.TypeSolver.solveType(TypeSolver.java:71)

46689      ERROR Test worker     d.u.i.k.n.b.TacletPBuilder Error in parsing taclet. de.uka.ilkd.key.util.parsing.BuildingException: Unsolved symbol in de.uka.ilkd.key.java.JavaParserFactory$DynamicTypeSolver@596fef4f : java.lang.Object at file:/home/runner/work/key/key/key.core/build/resources/main/de/uka/ilkd/key/proof/rules/floatAssignment2UpdateRules.key:58:15
	at de.uka.ilkd.key.nparser.builder.AbstractBuilder.accept(AbstractBuilder.java:54)
Caused by: com.github.javaparser.resolution.UnsolvedSymbolException: Unsolved symbol in de.uka.ilkd.key.java.JavaParserFactory$DynamicTypeSolver@596fef4f : java.lang.Object
	at com.github.javaparser.resolution.TypeSolver.solveType(TypeSolver.java:71)

46690      ERROR Test worker     d.u.i.k.n.b.AbstractBuilder  com.github.javaparser.resolution.UnsolvedSymbolException: Unsolved symbol in de.uka.ilkd.key.java.JavaParserFactory$DynamicTypeSolver@596fef4f : java.lang.Object
	at com.github.javaparser.resolution.TypeSolver.solveType(TypeSolver.java:71)

46690      ERROR Test worker     d.u.i.k.n.b.TacletPBuilder Error in parsing taclet. de.uka.ilkd.key.util.parsing.BuildingException: Unsolved symbol in de.uka.ilkd.key.java.JavaParserFactory$DynamicTypeSolver@596fef4f : java.lang.Object at file:/home/runner/work/key/key/key.core/build/resources/main/de/uka/ilkd/key/proof/rules/floatAssignment2UpdateRules.key:66:15
	at de.uka.ilkd.key.nparser.builder.AbstractBuilder.accept(AbstractBuilder.java:54)
Caused by: com.github.javaparser.resolution.UnsolvedSymbolException: Unsolved symbol in de.uka.ilkd.key.java.JavaParserFactory$DynamicTypeSolver@596fef4f : java.lang.Object
	at com.github.javaparser.resolution.TypeSolver.solveType(TypeSolver.java:71)

46692      ERROR Test worker     d.u.i.k.n.b.AbstractBuilder  com.github.javaparser.resolution.UnsolvedSymbolException: Unsolved symbol in de.uka.ilkd.key.java.JavaParserFactory$DynamicTypeSolver@596fef4f : java.lang.Object
	at com.github.javaparser.resolution.TypeSolver.solveType(TypeSolver.java:71)

46692      ERROR Test worker     d.u.i.k.n.b.TacletPBuilder Error in parsing taclet. de.uka.ilkd.key.util.parsing.BuildingException: Unsolved symbol in de.uka.ilkd.key.java.JavaParserFactory$DynamicTypeSolver@596fef4f : java.lang.Object at file:/home/runner/work/key/key/key.core/build/resources/main/de/uka/ilkd/key/proof/rules/floatAssignment2UpdateRules.key:74:15
	at de.uka.ilkd.key.nparser.builder.AbstractBuilder.accept(AbstractBuilder.java:54)
Caused by: com.github.javaparser.resolution.UnsolvedSymbolException: Unsolved symbol in de.uka.ilkd.key.java.JavaParserFactory$DynamicTypeSolver@596fef4f : java.lang.Object
	at com.github.javaparser.resolution.TypeSolver.solveType(TypeSolver.java:71)

46693      ERROR Test worker     d.u.i.k.n.b.AbstractBuilder  com.github.javaparser.resolution.UnsolvedSymbolException: Unsolved symbol in de.uka.ilkd.key.java.JavaParserFactory$DynamicTypeSolver@596fef4f : java.lang.Object
	at com.github.javaparser.resolution.TypeSolver.solveType(TypeSolver.java:71)

46693      ERROR Test worker     d.u.i.k.n.b.TacletPBuilder Error in parsing taclet. de.uka.ilkd.key.util.parsing.BuildingException: Unsolved symbol in de.uka.ilkd.key.java.JavaParserFactory$DynamicTypeSolver@596fef4f : java.lang.Object at file:/home/runner/work/key/key/key.core/build/resources/main/de/uka/ilkd/key/proof/rules/floatAssignment2UpdateRules.key:82:15
	at de.uka.ilkd.key.nparser.builder.AbstractBuilder.accept(AbstractBuilder.java:54)
Caused by: com.github.javaparser.resolution.UnsolvedSymbolException: Unsolved symbol in de.uka.ilkd.key.java.JavaParserFactory$DynamicTypeSolver@596fef4f : java.lang.Object
	at com.github.javaparser.resolution.TypeSolver.solveType(TypeSolver.java:71)

46695      ERROR Test worker     d.u.i.k.n.b.AbstractBuilder  com.github.javaparser.resolution.UnsolvedSymbolException: Unsolved symbol in de.uka.ilkd.key.java.JavaParserFactory$DynamicTypeSolver@596fef4f : java.lang.Object
	at com.github.javaparser.resolution.TypeSolver.solveType(TypeSolver.java:71)

46695      ERROR Test worker     d.u.i.k.n.b.TacletPBuilder Error in parsing taclet. de.uka.ilkd.key.util.parsing.BuildingException: Unsolved symbol in de.uka.ilkd.key.java.JavaParserFactory$DynamicTypeSolver@596fef4f : java.lang.Object at file:/home/runner/work/key/key/key.core/build/resources/main/de/uka/ilkd/key/proof/rules/floatAssignment2UpdateRules.key:93:15
	at de.uka.ilkd.key.nparser.builder.AbstractBuilder.accept(AbstractBuilder.java:54)
Caused by: com.github.javaparser.resolution.UnsolvedSymbolException: Unsolved symbol in de.uka.ilkd.key.java.JavaParserFactory$DynamicTypeSolver@596fef4f : java.lang.Object
	at com.github.javaparser.resolution.TypeSolver.solveType(TypeSolver.java:71)

46696      ERROR Test worker     d.u.i.k.n.b.AbstractBuilder  com.github.javaparser.resolution.UnsolvedSymbolException: Unsolved symbol in de.uka.ilkd.key.java.JavaParserFactory$DynamicTypeSolver@596fef4f : java.lang.Object
	at com.github.javaparser.resolution.TypeSolver.solveType(TypeSolver.java:71)

46696      ERROR Test worker     d.u.i.k.n.b.TacletPBuilder Error in parsing taclet. de.uka.ilkd.key.util.parsing.BuildingException: Unsolved symbol in de.uka.ilkd.key.java.JavaParserFactory$DynamicTypeSolver@596fef4f : java.lang.Object at file:/home/runner/work/key/key/key.core/build/resources/main/de/uka/ilkd/key/proof/rules/floatAssignment2UpdateRules.key:101:15
	at de.uka.ilkd.key.nparser.builder.AbstractBuilder.accept(AbstractBuilder.java:54)
Caused by: com.github.javaparser.resolution.UnsolvedSymbolException: Unsolved symbol in de.uka.ilkd.key.java.JavaParserFactory$DynamicTypeSolver@596fef4f : java.lang.Object
	at com.github.javaparser.resolution.TypeSolver.solveType(TypeSolver.java:71)

46698      ERROR Test worker     d.u.i.k.n.b.AbstractBuilder  com.github.javaparser.resolution.UnsolvedSymbolException: Unsolved symbol in de.uka.ilkd.key.java.JavaParserFactory$DynamicTypeSolver@596fef4f : java.lang.Object
	at com.github.javaparser.resolution.TypeSolver.solveType(TypeSolver.java:71)

46698      ERROR Test worker     d.u.i.k.n.b.TacletPBuilder Error in parsing taclet. de.uka.ilkd.key.util.parsing.BuildingException: Unsolved symbol in de.uka.ilkd.key.java.JavaParserFactory$DynamicTypeSolver@596fef4f : java.lang.Object at file:/home/runner/work/key/key/key.core/build/resources/main/de/uka/ilkd/key/proof/rules/floatAssignment2UpdateRules.key:109:15
	at de.uka.ilkd.key.nparser.builder.AbstractBuilder.accept(AbstractBuilder.java:54)
Caused by: com.github.javaparser.resolution.UnsolvedSymbolException: Unsolved symbol in de.uka.ilkd.key.java.JavaParserFactory$DynamicTypeSolver@596fef4f : java.lang.Object
	at com.github.javaparser.resolution.TypeSolver.solveType(TypeSolver.java:71)

46699      ERROR Test worker     d.u.i.k.n.b.AbstractBuilder  com.github.javaparser.resolution.UnsolvedSymbolException: Unsolved symbol in de.uka.ilkd.key.java.JavaParserFactory$DynamicTypeSolver@596fef4f : java.lang.Object
	at com.github.javaparser.resolution.TypeSolver.solveType(TypeSolver.java:71)

46699      ERROR Test worker     d.u.i.k.n.b.TacletPBuilder Error in parsing taclet. de.uka.ilkd.key.util.parsing.BuildingException: Unsolved symbol in de.uka.ilkd.key.java.JavaParserFactory$DynamicTypeSolver@596fef4f : java.lang.Object at file:/home/runner/work/key/key/key.core/build/resources/main/de/uka/ilkd/key/proof/rules/floatAssignment2UpdateRules.key:117:15
	at de.uka.ilkd.key.nparser.builder.AbstractBuilder.accept(AbstractBuilder.java:54)
Caused by: com.github.javaparser.resolution.UnsolvedSymbolException: Unsolved symbol in de.uka.ilkd.key.java.JavaParserFactory$DynamicTypeSolver@596fef4f : java.lang.Object
	at com.github.javaparser.resolution.TypeSolver.solveType(TypeSolver.java:71)

46701      ERROR Test worker     d.u.i.k.n.b.AbstractBuilder  com.github.javaparser.resolution.UnsolvedSymbolException: Unsolved symbol in de.uka.ilkd.key.java.JavaParserFactory$DynamicTypeSolver@596fef4f : java.lang.Object
	at com.github.javaparser.resolution.TypeSolver.solveType(TypeSolver.java:71)

46701      ERROR Test worker     d.u.i.k.n.b.TacletPBuilder Error in parsing taclet. de.uka.ilkd.key.util.parsing.BuildingException: Unsolved symbol in de.uka.ilkd.key.java.JavaParserFactory$DynamicTypeSolver@596fef4f : java.lang.Object at file:/home/runner/work/key/key/key.core/build/resources/main/de/uka/ilkd/key/proof/rules/floatAssignment2UpdateRules.key:125:15
	at de.uka.ilkd.key.nparser.builder.AbstractBuilder.accept(AbstractBuilder.java:54)
Caused by: com.github.javaparser.resolution.UnsolvedSymbolException: Unsolved symbol in de.uka.ilkd.key.java.JavaParserFactory$DynamicTypeSolver@596fef4f : java.lang.Object
	at com.github.javaparser.resolution.TypeSolver.solveType(TypeSolver.java:71)

46702      ERROR Test worker     d.u.i.k.n.b.AbstractBuilder  com.github.javaparser.resolution.UnsolvedSymbolException: Unsolved symbol in de.uka.ilkd.key.java.JavaParserFactory$DynamicTypeSolver@596fef4f : java.lang.Object
	at com.github.javaparser.resolution.TypeSolver.solveType(TypeSolver.java:71)

46702      ERROR Test worker     d.u.i.k.n.b.TacletPBuilder Error in parsing taclet. de.uka.ilkd.key.util.parsing.BuildingException: Unsolved symbol in de.uka.ilkd.key.java.JavaParserFactory$DynamicTypeSolver@596fef4f : java.lang.Object at file:/home/runner/work/key/key/key.core/build/resources/main/de/uka/ilkd/key/proof/rules/floatAssignment2UpdateRules.key:133:15
	at de.uka.ilkd.key.nparser.builder.AbstractBuilder.accept(AbstractBuilder.java:54)
Caused by: com.github.javaparser.resolution.UnsolvedSymbolException: Unsolved symbol in de.uka.ilkd.key.java.JavaParserFactory$DynamicTypeSolver@596fef4f : java.lang.Object
	at com.github.javaparser.resolution.TypeSolver.solveType(TypeSolver.java:71)

46704      ERROR Test worker     d.u.i.k.n.b.AbstractBuilder  com.github.javaparser.resolution.UnsolvedSymbolException: Unsolved symbol in de.uka.ilkd.key.java.JavaParserFactory$DynamicTypeSolver@596fef4f : java.lang.Object
	at com.github.javaparser.resolution.TypeSolver.solveType(TypeSolver.java:71)

46704      ERROR Test worker     d.u.i.k.n.b.TacletPBuilder Error in parsing taclet. de.uka.ilkd.key.util.parsing.BuildingException: Unsolved symbol in de.uka.ilkd.key.java.JavaParserFactory$DynamicTypeSolver@596fef4f : java.lang.Object at file:/home/runner/work/key/key/key.core/build/resources/main/de/uka/ilkd/key/proof/rules/floatAssignment2UpdateRules.key:143:15
	at de.uka.ilkd.key.nparser.builder.AbstractBuilder.accept(AbstractBuilder.java:54)
Caused by: com.github.javaparser.resolution.UnsolvedSymbolException: Unsolved symbol in de.uka.ilkd.key.java.JavaParserFactory$DynamicTypeSolver@596fef4f : java.lang.Object
	at com.github.javaparser.resolution.TypeSolver.solveType(TypeSolver.java:71)

46705      ERROR Test worker     d.u.i.k.n.b.AbstractBuilder  com.github.javaparser.resolution.UnsolvedSymbolException: Unsolved symbol in de.uka.ilkd.key.java.JavaParserFactory$DynamicTypeSolver@596fef4f : java.lang.Object
	at com.github.javaparser.resolution.TypeSolver.solveType(TypeSolver.java:71)

46705      ERROR Test worker     d.u.i.k.n.b.TacletPBuilder Error in parsing taclet. de.uka.ilkd.key.util.parsing.BuildingException: Unsolved symbol in de.uka.ilkd.key.java.JavaParserFactory$DynamicTypeSolver@596fef4f : java.lang.Object at file:/home/runner/work/key/key/key.core/build/resources/main/de/uka/ilkd/key/proof/rules/floatAssignment2UpdateRules.key:153:15
	at de.uka.ilkd.key.nparser.builder.AbstractBuilder.accept(AbstractBuilder.java:54)
Caused by: com.github.javaparser.resolution.UnsolvedSymbolException: Unsolved symbol in de.uka.ilkd.key.java.JavaParserFactory$DynamicTypeSolver@596fef4f : java.lang.Object
	at com.github.javaparser.resolution.TypeSolver.solveType(TypeSolver.java:71)

46707      ERROR Test worker     d.u.i.k.n.b.AbstractBuilder  com.github.javaparser.resolution.UnsolvedSymbolException: Unsolved symbol in de.uka.ilkd.key.java.JavaParserFactory$DynamicTypeSolver@596fef4f : java.lang.Object
	at com.github.javaparser.resolution.TypeSolver.solveType(TypeSolver.java:71)

46707      ERROR Test worker     d.u.i.k.n.b.TacletPBuilder Error in parsing taclet. de.uka.ilkd.key.util.parsing.BuildingException: Unsolved symbol in de.uka.ilkd.key.java.JavaParserFactory$DynamicTypeSolver@596fef4f : java.lang.Object at file:/home/runner/work/key/key/key.core/build/resources/main/de/uka/ilkd/key/proof/rules/floatAssignment2UpdateRules.key:165:15
	at de.uka.ilkd.key.nparser.builder.AbstractBuilder.accept(AbstractBuilder.java:54)
Caused by: com.github.javaparser.resolution.UnsolvedSymbolException: Unsolved symbol in de.uka.ilkd.key.java.JavaParserFactory$DynamicTypeSolver@596fef4f : java.lang.Object
	at com.github.javaparser.resolution.TypeSolver.solveType(TypeSolver.java:71)

46708      ERROR Test worker     d.u.i.k.n.b.AbstractBuilder  com.github.javaparser.resolution.UnsolvedSymbolException: Unsolved symbol in de.uka.ilkd.key.java.JavaParserFactory$DynamicTypeSolver@596fef4f : java.lang.Object
	at com.github.javaparser.resolution.TypeSolver.solveType(TypeSolver.java:71)

46709      ERROR Test worker     d.u.i.k.n.b.TacletPBuilder Error in parsing taclet. de.uka.ilkd.key.util.parsing.BuildingException: Unsolved symbol in de.uka.ilkd.key.java.JavaParserFactory$DynamicTypeSolver@596fef4f : java.lang.Object at file:/home/runner/work/key/key/key.core/build/resources/main/de/uka/ilkd/key/proof/rules/floatAssignment2UpdateRules.key:177:15
	at de.uka.ilkd.key.nparser.builder.AbstractBuilder.accept(AbstractBuilder.java:54)
Caused by: com.github.javaparser.resolution.UnsolvedSymbolException: Unsolved symbol in de.uka.ilkd.key.java.JavaParserFactory$DynamicTypeSolver@596fef4f : java.lang.Object
	at com.github.javaparser.resolution.TypeSolver.solveType(TypeSolver.java:71)

46710      ERROR Test worker     d.u.i.k.n.b.AbstractBuilder  com.github.javaparser.resolution.UnsolvedSymbolException: Unsolved symbol in de.uka.ilkd.key.java.JavaParserFactory$DynamicTypeSolver@596fef4f : java.lang.Object
	at com.github.javaparser.resolution.TypeSolver.solveType(TypeSolver.java:71)

46710      ERROR Test worker     d.u.i.k.n.b.TacletPBuilder Error in parsing taclet. de.uka.ilkd.key.util.parsing.BuildingException: Unsolved symbol in de.uka.ilkd.key.java.JavaParserFactory$DynamicTypeSolver@596fef4f : java.lang.Object at file:/home/runner/work/key/key/key.core/build/resources/main/de/uka/ilkd/key/proof/rules/floatAssignment2UpdateRules.key:189:15
	at de.uka.ilkd.key.nparser.builder.AbstractBuilder.accept(AbstractBuilder.java:54)
Caused by: com.github.javaparser.resolution.UnsolvedSymbolException: Unsolved symbol in de.uka.ilkd.key.java.JavaParserFactory$DynamicTypeSolver@596fef4f : java.lang.Object
	at com.github.javaparser.resolution.TypeSolver.solveType(TypeSolver.java:71)

46711      ERROR Test worker     d.u.i.k.n.b.AbstractBuilder  com.github.javaparser.resolution.UnsolvedSymbolException: Unsolved symbol in de.uka.ilkd.key.java.JavaParserFactory$DynamicTypeSolver@596fef4f : java.lang.Object
	at com.github.javaparser.resolution.TypeSolver.solveType(TypeSolver.java:71)

46712      ERROR Test worker     d.u.i.k.n.b.TacletPBuilder Error in parsing taclet. de.uka.ilkd.key.util.parsing.BuildingException: Unsolved symbol in de.uka.ilkd.key.java.JavaParserFactory$DynamicTypeSolver@596fef4f : java.lang.Object at file:/home/runner/work/key/key/key.core/build/resources/main/de/uka/ilkd/key/proof/rules/floatAssignment2UpdateRules.key:201:15
	at de.uka.ilkd.key.nparser.builder.AbstractBuilder.accept(AbstractBuilder.java:54)
Caused by: com.github.javaparser.resolution.UnsolvedSymbolException: Unsolved symbol in de.uka.ilkd.key.java.JavaParserFactory$DynamicTypeSolver@596fef4f : java.lang.Object
	at com.github.javaparser.resolution.TypeSolver.solveType(TypeSolver.java:71)

46713      ERROR Test worker     d.u.i.k.n.b.AbstractBuilder  com.github.javaparser.resolution.UnsolvedSymbolException: Unsolved symbol in de.uka.ilkd.key.java.JavaParserFactory$DynamicTypeSolver@596fef4f : java.lang.Object
	at com.github.javaparser.resolution.TypeSolver.solveType(TypeSolver.java:71)

46713      ERROR Test worker     d.u.i.k.n.b.TacletPBuilder Error in parsing taclet. de.uka.ilkd.key.util.parsing.BuildingException: Unsolved symbol in de.uka.ilkd.key.java.JavaParserFactory$DynamicTypeSolver@596fef4f : java.lang.Object at file:/home/runner/work/key/key/key.core/build/resources/main/de/uka/ilkd/key/proof/rules/floatAssignment2UpdateRules.key:214:15
	at de.uka.ilkd.key.nparser.builder.AbstractBuilder.accept(AbstractBuilder.java:54)
Caused by: com.github.javaparser.resolution.UnsolvedSymbolException: Unsolved symbol in de.uka.ilkd.key.java.JavaParserFactory$DynamicTypeSolver@596fef4f : java.lang.Object
	at com.github.javaparser.resolution.TypeSolver.solveType(TypeSolver.java:71)

46714      ERROR Test worker     d.u.i.k.n.b.AbstractBuilder  com.github.javaparser.resolution.UnsolvedSymbolException: Unsolved symbol in de.uka.ilkd.key.java.JavaParserFactory$DynamicTypeSolver@596fef4f : java.lang.Object
	at com.github.javaparser.resolution.TypeSolver.solveType(TypeSolver.java:71)

46715      ERROR Test worker     d.u.i.k.n.b.TacletPBuilder Error in parsing taclet. de.uka.ilkd.key.util.parsing.BuildingException: Unsolved symbol in de.uka.ilkd.key.java.JavaParserFactory$DynamicTypeSolver@596fef4f : java.lang.Object at file:/home/runner/work/key/key/key.core/build/resources/main/de/uka/ilkd/key/proof/rules/floatAssignment2UpdateRules.key:226:15
	at de.uka.ilkd.key.nparser.builder.AbstractBuilder.accept(AbstractBuilder.java:54)
Caused by: com.github.javaparser.resolution.UnsolvedSymbolException: Unsolved symbol in de.uka.ilkd.key.java.JavaParserFactory$DynamicTypeSolver@596fef4f : java.lang.Object
	at com.github.javaparser.resolution.TypeSolver.solveType(TypeSolver.java:71)

46716      ERROR Test worker     d.u.i.k.n.b.AbstractBuilder  com.github.javaparser.resolution.UnsolvedSymbolException: Unsolved symbol in de.uka.ilkd.key.java.JavaParserFactory$DynamicTypeSolver@596fef4f : java.lang.Object
	at com.github.javaparser.resolution.TypeSolver.solveType(TypeSolver.java:71)

46716      ERROR Test worker     d.u.i.k.n.b.TacletPBuilder Error in parsing taclet. de.uka.ilkd.key.util.parsing.BuildingException: Unsolved symbol in de.uka.ilkd.key.java.JavaParserFactory$DynamicTypeSolver@596fef4f : java.lang.Object at file:/home/runner/work/key/key/key.core/build/resources/main/de/uka/ilkd/key/proof/rules/floatAssignment2UpdateRules.key:238:15
	at de.uka.ilkd.key.nparser.builder.AbstractBuilder.accept(AbstractBuilder.java:54)
Caused by: com.github.javaparser.resolution.UnsolvedSymbolException: Unsolved symbol in de.uka.ilkd.key.java.JavaParserFactory$DynamicTypeSolver@596fef4f : java.lang.Object
	at com.github.javaparser.resolution.TypeSolver.solveType(TypeSolver.java:71)

46722      ERROR Test worker     d.u.i.k.n.b.AbstractBuilder  com.github.javaparser.resolution.UnsolvedSymbolException: Unsolved symbol in de.uka.ilkd.key.java.JavaParserFactory$DynamicTypeSolver@596fef4f : java.lang.Object
	at com.github.javaparser.resolution.TypeSolver.solveType(TypeSolver.java:71)

46723      ERROR Test worker     d.u.i.k.n.b.TacletPBuilder Error in parsing taclet. de.uka.ilkd.key.util.parsing.BuildingException: Unsolved symbol in de.uka.ilkd.key.java.JavaParserFactory$DynamicTypeSolver@596fef4f : java.lang.Object at file:/home/runner/work/key/key/key.core/build/resources/main/de/uka/ilkd/key/proof/rules/floatAssignment2UpdateRules.key:250:15
	at de.uka.ilkd.key.nparser.builder.AbstractBuilder.accept(AbstractBuilder.java:54)
Caused by: com.github.javaparser.resolution.UnsolvedSymbolException: Unsolved symbol in de.uka.ilkd.key.java.JavaParserFactory$DynamicTypeSolver@596fef4f : java.lang.Object
	at com.github.javaparser.resolution.TypeSolver.solveType(TypeSolver.java:71)

46724      ERROR Test worker     d.u.i.k.n.b.AbstractBuilder  com.github.javaparser.resolution.UnsolvedSymbolException: Unsolved symbol in de.uka.ilkd.key.java.JavaParserFactory$DynamicTypeSolver@596fef4f : java.lang.Object
	at com.github.javaparser.resolution.TypeSolver.solveType(TypeSolver.java:71)

46724      ERROR Test worker     d.u.i.k.n.b.TacletPBuilder Error in parsing taclet. de.uka.ilkd.key.util.parsing.BuildingException: Unsolved symbol in de.uka.ilkd.key.java.JavaParserFactory$DynamicTypeSolver@596fef4f : java.lang.Object at file:/home/runner/work/key/key/key.core/build/resources/main/de/uka/ilkd/key/proof/rules/floatAssignment2UpdateRules.key:264:15
	at de.uka.ilkd.key.nparser.builder.AbstractBuilder.accept(AbstractBuilder.java:54)
Caused by: com.github.javaparser.resolution.UnsolvedSymbolException: Unsolved symbol in de.uka.ilkd.key.java.JavaParserFactory$DynamicTypeSolver@596fef4f : java.lang.Object
	at com.github.javaparser.resolution.TypeSolver.solveType(TypeSolver.java:71)

46725      ERROR Test worker     d.u.i.k.n.b.AbstractBuilder  com.github.javaparser.resolution.UnsolvedSymbolException: Unsolved symbol in de.uka.ilkd.key.java.JavaParserFactory$DynamicTypeSolver@596fef4f : java.lang.Object
	at com.github.javaparser.resolution.TypeSolver.solveType(TypeSolver.java:71)

46726      ERROR Test worker     d.u.i.k.n.b.TacletPBuilder Error in parsing taclet. de.uka.ilkd.key.util.parsing.BuildingException: Unsolved symbol in de.uka.ilkd.key.java.JavaParserFactory$DynamicTypeSolver@596fef4f : java.lang.Object at file:/home/runner/work/key/key/key.core/build/resources/main/de/uka/ilkd/key/proof/rules/floatAssignment2UpdateRules.key:276:15
	at de.uka.ilkd.key.nparser.builder.AbstractBuilder.accept(AbstractBuilder.java:54)
Caused by: com.github.javaparser.resolution.UnsolvedSymbolException: Unsolved symbol in de.uka.ilkd.key.java.JavaParserFactory$DynamicTypeSolver@596fef4f : java.lang.Object
	at com.github.javaparser.resolution.TypeSolver.solveType(TypeSolver.java:71)

46727      ERROR Test worker     d.u.i.k.n.b.AbstractBuilder  com.github.javaparser.resolution.UnsolvedSymbolException: Unsolved symbol in de.uka.ilkd.key.java.JavaParserFactory$DynamicTypeSolver@596fef4f : java.lang.Object
	at com.github.javaparser.resolution.TypeSolver.solveType(TypeSolver.java:71)

46727      ERROR Test worker     d.u.i.k.n.b.TacletPBuilder Error in parsing taclet. de.uka.ilkd.key.util.parsing.BuildingException: Unsolved symbol in de.uka.ilkd.key.java.JavaParserFactory$DynamicTypeSolver@596fef4f : java.lang.Object at file:/home/runner/work/key/key/key.core/build/resources/main/de/uka/ilkd/key/proof/rules/floatAssignment2UpdateRules.key:288:15
	at de.uka.ilkd.key.nparser.builder.AbstractBuilder.accept(AbstractBuilder.java:54)
Caused by: com.github.javaparser.resolution.UnsolvedSymbolException: Unsolved symbol in de.uka.ilkd.key.java.JavaParserFactory$DynamicTypeSolver@596fef4f : java.lang.Object
	at com.github.javaparser.resolution.TypeSolver.solveType(TypeSolver.java:71)

46729      ERROR Test worker     d.u.i.k.n.b.AbstractBuilder  com.github.javaparser.resolution.UnsolvedSymbolException: Unsolved symbol in de.uka.ilkd.key.java.JavaParserFactory$DynamicTypeSolver@596fef4f : java.lang.Object
	at com.github.javaparser.resolution.TypeSolver.solveType(TypeSolver.java:71)

46729      ERROR Test worker     d.u.i.k.n.b.TacletPBuilder Error in parsing taclet. de.uka.ilkd.key.util.parsing.BuildingException: Unsolved symbol in de.uka.ilkd.key.java.JavaParserFactory$DynamicTypeSolver@596fef4f : java.lang.Object at file:/home/runner/work/key/key/key.core/build/resources/main/de/uka/ilkd/key/proof/rules/floatAssignment2UpdateRules.key:300:15
	at de.uka.ilkd.key.nparser.builder.AbstractBuilder.accept(AbstractBuilder.java:54)
Caused by: com.github.javaparser.resolution.UnsolvedSymbolException: Unsolved symbol in de.uka.ilkd.key.java.JavaParserFactory$DynamicTypeSolver@596fef4f : java.lang.Object
	at com.github.javaparser.resolution.TypeSolver.solveType(TypeSolver.java:71)

46730      ERROR Test worker     d.u.i.k.n.b.AbstractBuilder  com.github.javaparser.resolution.UnsolvedSymbolException: Unsolved symbol in de.uka.ilkd.key.java.JavaParserFactory$DynamicTypeSolver@596fef4f : java.lang.Object
	at com.github.javaparser.resolution.TypeSolver.solveType(TypeSolver.java:71)

46730      ERROR Test worker     d.u.i.k.n.b.TacletPBuilder Error in parsing taclet. de.uka.ilkd.key.util.parsing.BuildingException: Unsolved symbol in de.uka.ilkd.key.java.JavaParserFactory$DynamicTypeSolver@596fef4f : java.lang.Object at file:/home/runner/work/key/key/key.core/build/resources/main/de/uka/ilkd/key/proof/rules/floatAssignment2UpdateRules.key:312:15
	at de.uka.ilkd.key.nparser.builder.AbstractBuilder.accept(AbstractBuilder.java:54)
Caused by: com.github.javaparser.resolution.UnsolvedSymbolException: Unsolved symbol in de.uka.ilkd.key.java.JavaParserFactory$DynamicTypeSolver@596fef4f : java.lang.Object
	at com.github.javaparser.resolution.TypeSolver.solveType(TypeSolver.java:71)

46732      ERROR Test worker     d.u.i.k.n.b.AbstractBuilder  com.github.javaparser.resolution.UnsolvedSymbolException: Unsolved symbol in de.uka.ilkd.key.java.JavaParserFactory$DynamicTypeSolver@596fef4f : java.lang.Object
	at com.github.javaparser.resolution.TypeSolver.solveType(TypeSolver.java:71)

46732      ERROR Test worker     d.u.i.k.n.b.TacletPBuilder Error in parsing taclet. de.uka.ilkd.key.util.parsing.BuildingException: Unsolved symbol in de.uka.ilkd.key.java.JavaParserFactory$DynamicTypeSolver@596fef4f : java.lang.Object at file:/home/runner/work/key/key/key.core/build/resources/main/de/uka/ilkd/key/proof/rules/floatAssignment2UpdateRules.key:324:15
	at de.uka.ilkd.key.nparser.builder.AbstractBuilder.accept(AbstractBuilder.java:54)
Caused by: com.github.javaparser.resolution.UnsolvedSymbolException: Unsolved symbol in de.uka.ilkd.key.java.JavaParserFactory$DynamicTypeSolver@596fef4f : java.lang.Object
	at com.github.javaparser.resolution.TypeSolver.solveType(TypeSolver.java:71)

46733      ERROR Test worker     d.u.i.k.n.b.AbstractBuilder  com.github.javaparser.resolution.UnsolvedSymbolException: Unsolved symbol in de.uka.ilkd.key.java.JavaParserFactory$DynamicTypeSolver@596fef4f : java.lang.Object
	at com.github.javaparser.resolution.TypeSolver.solveType(TypeSolver.java:71)

46733      ERROR Test worker     d.u.i.k.n.b.TacletPBuilder Error in parsing taclet. de.uka.ilkd.key.util.parsing.BuildingException: Unsolved symbol in de.uka.ilkd.key.java.JavaParserFactory$DynamicTypeSolver@596fef4f : java.lang.Object at file:/home/runner/work/key/key/key.core/build/resources/main/de/uka/ilkd/key/proof/rules/floatAssignment2UpdateRules.key:336:15
	at de.uka.ilkd.key.nparser.builder.AbstractBuilder.accept(AbstractBuilder.java:54)
Caused by: com.github.javaparser.resolution.UnsolvedSymbolException: Unsolved symbol in de.uka.ilkd.key.java.JavaParserFactory$DynamicTypeSolver@596fef4f : java.lang.Object
	at com.github.javaparser.resolution.TypeSolver.solveType(TypeSolver.java:71)

46735      ERROR Test worker     d.u.i.k.n.b.AbstractBuilder  com.github.javaparser.resolution.UnsolvedSymbolException: Unsolved symbol in de.uka.ilkd.key.java.JavaParserFactory$DynamicTypeSolver@596fef4f : java.lang.Object
	at com.github.javaparser.resolution.TypeSolver.solveType(TypeSolver.java:71)

46735      ERROR Test worker     d.u.i.k.n.b.TacletPBuilder Error in parsing taclet. de.uka.ilkd.key.util.parsing.BuildingException: Unsolved symbol in de.uka.ilkd.key.java.JavaParserFactory$DynamicTypeSolver@596fef4f : java.lang.Object at file:/home/runner/work/key/key/key.core/build/resources/main/de/uka/ilkd/key/proof/rules/floatAssignment2UpdateRules.key:348:15
	at de.uka.ilkd.key.nparser.builder.AbstractBuilder.accept(AbstractBuilder.java:54)
Caused by: com.github.javaparser.resolution.UnsolvedSymbolException: Unsolved symbol in de.uka.ilkd.key.java.JavaParserFactory$DynamicTypeSolver@596fef4f : java.lang.Object
	at com.github.javaparser.resolution.TypeSolver.solveType(TypeSolver.java:71)

46736      ERROR Test worker     d.u.i.k.n.b.AbstractBuilder  com.github.javaparser.resolution.UnsolvedSymbolException: Unsolved symbol in de.uka.ilkd.key.java.JavaParserFactory$DynamicTypeSolver@596fef4f : java.lang.Object
	at com.github.javaparser.resolution.TypeSolver.solveType(TypeSolver.java:71)

46736      ERROR Test worker     d.u.i.k.n.b.TacletPBuilder Error in parsing taclet. de.uka.ilkd.key.util.parsing.BuildingException: Unsolved symbol in de.uka.ilkd.key.java.JavaParserFactory$DynamicTypeSolver@596fef4f : java.lang.Object at file:/home/runner/work/key/key/key.core/build/resources/main/de/uka/ilkd/key/proof/rules/floatAssignment2UpdateRules.key:361:15
	at de.uka.ilkd.key.nparser.builder.AbstractBuilder.accept(AbstractBuilder.java:54)
Caused by: com.github.javaparser.resolution.UnsolvedSymbolException: Unsolved symbol in de.uka.ilkd.key.java.JavaParserFactory$DynamicTypeSolver@596fef4f : java.lang.Object
	at com.github.javaparser.resolution.TypeSolver.solveType(TypeSolver.java:71)

46738      ERROR Test worker     d.u.i.k.n.b.AbstractBuilder  com.github.javaparser.resolution.UnsolvedSymbolException: Unsolved symbol in de.uka.ilkd.key.java.JavaParserFactory$DynamicTypeSolver@596fef4f : java.lang.Object
	at com.github.javaparser.resolution.TypeSolver.solveType(TypeSolver.java:71)

46738      ERROR Test worker     d.u.i.k.n.b.TacletPBuilder Error in parsing taclet. de.uka.ilkd.key.util.parsing.BuildingException: Unsolved symbol in de.uka.ilkd.key.java.JavaParserFactory$DynamicTypeSolver@596fef4f : java.lang.Object at file:/home/runner/work/key/key/key.core/build/resources/main/de/uka/ilkd/key/proof/rules/floatAssignment2UpdateRules.key:372:15
	at de.uka.ilkd.key.nparser.builder.AbstractBuilder.accept(AbstractBuilder.java:54)
Caused by: com.github.javaparser.resolution.UnsolvedSymbolException: Unsolved symbol in de.uka.ilkd.key.java.JavaParserFactory$DynamicTypeSolver@596fef4f : java.lang.Object
	at com.github.javaparser.resolution.TypeSolver.solveType(TypeSolver.java:71)

46739      ERROR Test worker     d.u.i.k.n.b.AbstractBuilder  com.github.javaparser.resolution.UnsolvedSymbolException: Unsolved symbol in de.uka.ilkd.key.java.JavaParserFactory$DynamicTypeSolver@596fef4f : java.lang.Object
	at com.github.javaparser.resolution.TypeSolver.solveType(TypeSolver.java:71)

46740      ERROR Test worker     d.u.i.k.n.b.TacletPBuilder Error in parsing taclet. de.uka.ilkd.key.util.parsing.BuildingException: Unsolved symbol in de.uka.ilkd.key.java.JavaParserFactory$DynamicTypeSolver@596fef4f : java.lang.Object at file:/home/runner/work/key/key/key.core/build/resources/main/de/uka/ilkd/key/proof/rules/floatAssignment2UpdateRules.key:385:15
	at de.uka.ilkd.key.nparser.builder.AbstractBuilder.accept(AbstractBuilder.java:54)
Caused by: com.github.javaparser.resolution.UnsolvedSymbolException: Unsolved symbol in de.uka.ilkd.key.java.JavaParserFactory$DynamicTypeSolver@596fef4f : java.lang.Object
	at com.github.javaparser.resolution.TypeSolver.solveType(TypeSolver.java:71)

46741      ERROR Test worker     d.u.i.k.n.b.AbstractBuilder  com.github.javaparser.resolution.UnsolvedSymbolException: Unsolved symbol in de.uka.ilkd.key.java.JavaParserFactory$DynamicTypeSolver@596fef4f : java.lang.Object
	at com.github.javaparser.resolution.TypeSolver.solveType(TypeSolver.java:71)

46741      ERROR Test worker     d.u.i.k.n.b.TacletPBuilder Error in parsing taclet. de.uka.ilkd.key.util.parsing.BuildingException: Unsolved symbol in de.uka.ilkd.key.java.JavaParserFactory$DynamicTypeSolver@596fef4f : java.lang.Object at file:/home/runner/work/key/key/key.core/build/resources/main/de/uka/ilkd/key/proof/rules/floatAssignment2UpdateRules.key:397:15
	at de.uka.ilkd.key.nparser.builder.AbstractBuilder.accept(AbstractBuilder.java:54)
Caused by: com.github.javaparser.resolution.UnsolvedSymbolException: Unsolved symbol in de.uka.ilkd.key.java.JavaParserFactory$DynamicTypeSolver@596fef4f : java.lang.Object
	at com.github.javaparser.resolution.TypeSolver.solveType(TypeSolver.java:71)

46743      ERROR Test worker     d.u.i.k.n.b.AbstractBuilder  com.github.javaparser.resolution.UnsolvedSymbolException: Unsolved symbol in de.uka.ilkd.key.java.JavaParserFactory$DynamicTypeSolver@596fef4f : java.lang.Object
	at com.github.javaparser.resolution.TypeSolver.solveType(TypeSolver.java:71)

46743      ERROR Test worker     d.u.i.k.n.b.TacletPBuilder Error in parsing taclet. de.uka.ilkd.key.util.parsing.BuildingException: Unsolved symbol in de.uka.ilkd.key.java.JavaParserFactory$DynamicTypeSolver@596fef4f : java.lang.Object at file:/home/runner/work/key/key/key.core/build/resources/main/de/uka/ilkd/key/proof/rules/floatAssignment2UpdateRules.key:407:15
	at de.uka.ilkd.key.nparser.builder.AbstractBuilder.accept(AbstractBuilder.java:54)
Caused by: com.github.javaparser.resolution.UnsolvedSymbolException: Unsolved symbol in de.uka.ilkd.key.java.JavaParserFactory$DynamicTypeSolver@596fef4f : java.lang.Object
	at com.github.javaparser.resolution.TypeSolver.solveType(TypeSolver.java:71)

46744      ERROR Test worker     d.u.i.k.n.b.AbstractBuilder  com.github.javaparser.resolution.UnsolvedSymbolException: Unsolved symbol in de.uka.ilkd.key.java.JavaParserFactory$DynamicTypeSolver@596fef4f : java.lang.Object
	at com.github.javaparser.resolution.TypeSolver.solveType(TypeSolver.java:71)

46744      ERROR Test worker     d.u.i.k.n.b.TacletPBuilder Error in parsing taclet. de.uka.ilkd.key.util.parsing.BuildingException: Unsolved symbol in de.uka.ilkd.key.java.JavaParserFactory$DynamicTypeSolver@596fef4f : java.lang.Object at file:/home/runner/work/key/key/key.core/build/resources/main/de/uka/ilkd/key/proof/rules/floatAssignment2UpdateRules.key:421:15
	at de.uka.ilkd.key.nparser.builder.AbstractBuilder.accept(AbstractBuilder.java:54)
Caused by: com.github.javaparser.resolution.UnsolvedSymbolException: Unsolved symbol in de.uka.ilkd.key.java.JavaParserFactory$DynamicTypeSolver@596fef4f : java.lang.Object
	at com.github.javaparser.resolution.TypeSolver.solveType(TypeSolver.java:71)

46745      ERROR Test worker     d.u.i.k.n.b.AbstractBuilder  com.github.javaparser.resolution.UnsolvedSymbolException: Unsolved symbol in de.uka.ilkd.key.java.JavaParserFactory$DynamicTypeSolver@596fef4f : java.lang.Object
	at com.github.javaparser.resolution.TypeSolver.solveType(TypeSolver.java:71)

46746      ERROR Test worker     d.u.i.k.n.b.TacletPBuilder Error in parsing taclet. de.uka.ilkd.key.util.parsing.BuildingException: Unsolved symbol in de.uka.ilkd.key.java.JavaParserFactory$DynamicTypeSolver@596fef4f : java.lang.Object at file:/home/runner/work/key/key/key.core/build/resources/main/de/uka/ilkd/key/proof/rules/floatAssignment2UpdateRules.key:431:15
	at de.uka.ilkd.key.nparser.builder.AbstractBuilder.accept(AbstractBuilder.java:54)
Caused by: com.github.javaparser.resolution.UnsolvedSymbolException: Unsolved symbol in de.uka.ilkd.key.java.JavaParserFactory$DynamicTypeSolver@596fef4f : java.lang.Object
	at com.github.javaparser.resolution.TypeSolver.solveType(TypeSolver.java:71)

46747      ERROR Test worker     d.u.i.k.n.b.AbstractBuilder  com.github.javaparser.resolution.UnsolvedSymbolException: Unsolved symbol in de.uka.ilkd.key.java.JavaParserFactory$DynamicTypeSolver@596fef4f : java.lang.Object
	at com.github.javaparser.resolution.TypeSolver.solveType(TypeSolver.java:71)

46747      ERROR Test worker     d.u.i.k.n.b.TacletPBuilder Error in parsing taclet. de.uka.ilkd.key.util.parsing.BuildingException: Unsolved symbol in de.uka.ilkd.key.java.JavaParserFactory$DynamicTypeSolver@596fef4f : java.lang.Object at file:/home/runner/work/key/key/key.core/build/resources/main/de/uka/ilkd/key/proof/rules/floatAssignment2UpdateRules.key:441:15
	at de.uka.ilkd.key.nparser.builder.AbstractBuilder.accept(AbstractBuilder.java:54)
Caused by: com.github.javaparser.resolution.UnsolvedSymbolException: Unsolved symbol in de.uka.ilkd.key.java.JavaParserFactory$DynamicTypeSolver@596fef4f : java.lang.Object
	at com.github.javaparser.resolution.TypeSolver.solveType(TypeSolver.java:71)

46750      ERROR Test worker     d.u.i.k.n.b.AbstractBuilder  com.github.javaparser.resolution.UnsolvedSymbolException: Unsolved symbol in de.uka.ilkd.key.java.JavaParserFactory$DynamicTypeSolver@596fef4f : java.lang.Object
	at com.github.javaparser.resolution.TypeSolver.solveType(TypeSolver.java:71)

46750      ERROR Test worker     d.u.i.k.n.b.TacletPBuilder Error in parsing taclet. de.uka.ilkd.key.util.parsing.BuildingException: Unsolved symbol in de.uka.ilkd.key.java.JavaParserFactory$DynamicTypeSolver@596fef4f : java.lang.Object at file:/home/runner/work/key/key/key.core/build/resources/main/de/uka/ilkd/key/proof/rules/floatAssignment2UpdateRules.key:452:15
	at de.uka.ilkd.key.nparser.builder.AbstractBuilder.accept(AbstractBuilder.java:54)
Caused by: com.github.javaparser.resolution.UnsolvedSymbolException: Unsolved symbol in de.uka.ilkd.key.java.JavaParserFactory$DynamicTypeSolver@596fef4f : java.lang.Object
	at com.github.javaparser.resolution.TypeSolver.solveType(TypeSolver.java:71)

46751      ERROR Test worker     d.u.i.k.n.b.AbstractBuilder  com.github.javaparser.resolution.UnsolvedSymbolException: Unsolved symbol in de.uka.ilkd.key.java.JavaParserFactory$DynamicTypeSolver@596fef4f : java.lang.Object
	at com.github.javaparser.resolution.TypeSolver.solveType(TypeSolver.java:71)

46751      ERROR Test worker     d.u.i.k.n.b.TacletPBuilder Error in parsing taclet. de.uka.ilkd.key.util.parsing.BuildingException: Unsolved symbol in de.uka.ilkd.key.java.JavaParserFactory$DynamicTypeSolver@596fef4f : java.lang.Object at file:/home/runner/work/key/key/key.core/build/resources/main/de/uka/ilkd/key/proof/rules/floatAssignment2UpdateRules.key:463:15
	at de.uka.ilkd.key.nparser.builder.AbstractBuilder.accept(AbstractBuilder.java:54)
Caused by: com.github.javaparser.resolution.UnsolvedSymbolException: Unsolved symbol in de.uka.ilkd.key.java.JavaParserFactory$DynamicTypeSolver@596fef4f : java.lang.Object
	at com.github.javaparser.resolution.TypeSolver.solveType(TypeSolver.java:71)

46753      ERROR Test worker     d.u.i.k.n.b.AbstractBuilder  com.github.javaparser.resolution.UnsolvedSymbolException: Unsolved symbol in de.uka.ilkd.key.java.JavaParserFactory$DynamicTypeSolver@596fef4f : java.lang.Object
	at com.github.javaparser.resolution.TypeSolver.solveType(TypeSolver.java:71)

46753      ERROR Test worker     d.u.i.k.n.b.TacletPBuilder Error in parsing taclet. de.uka.ilkd.key.util.parsing.BuildingException: Unsolved symbol in de.uka.ilkd.key.java.JavaParserFactory$DynamicTypeSolver@596fef4f : java.lang.Object at file:/home/runner/work/key/key/key.core/build/resources/main/de/uka/ilkd/key/proof/rules/floatAssignment2UpdateRules.key:473:15
	at de.uka.ilkd.key.nparser.builder.AbstractBuilder.accept(AbstractBuilder.java:54)
Caused by: com.github.javaparser.resolution.UnsolvedSymbolException: Unsolved symbol in de.uka.ilkd.key.java.JavaParserFactory$DynamicTypeSolver@596fef4f : java.lang.Object
	at com.github.javaparser.resolution.TypeSolver.solveType(TypeSolver.java:71)

46755      ERROR Test worker     d.u.i.k.n.b.AbstractBuilder  com.github.javaparser.resolution.UnsolvedSymbolException: Unsolved symbol in de.uka.ilkd.key.java.JavaParserFactory$DynamicTypeSolver@596fef4f : java.lang.Object
	at com.github.javaparser.resolution.TypeSolver.solveType(TypeSolver.java:71)

46755      ERROR Test worker     d.u.i.k.n.b.TacletPBuilder Error in parsing taclet. de.uka.ilkd.key.util.parsing.BuildingException: Unsolved symbol in de.uka.ilkd.key.java.JavaParserFactory$DynamicTypeSolver@596fef4f : java.lang.Object at file:/home/runner/work/key/key/key.core/build/resources/main/de/uka/ilkd/key/proof/rules/floatAssignment2UpdateRules.key:485:15
	at de.uka.ilkd.key.nparser.builder.AbstractBuilder.accept(AbstractBuilder.java:54)
Caused by: com.github.javaparser.resolution.UnsolvedSymbolException: Unsolved symbol in de.uka.ilkd.key.java.JavaParserFactory$DynamicTypeSolver@596fef4f : java.lang.Object
	at com.github.javaparser.resolution.TypeSolver.solveType(TypeSolver.java:71)

46756      ERROR Test worker     d.u.i.k.n.b.AbstractBuilder  com.github.javaparser.resolution.UnsolvedSymbolException: Unsolved symbol in de.uka.ilkd.key.java.JavaParserFactory$DynamicTypeSolver@596fef4f : java.lang.Object
	at com.github.javaparser.resolution.TypeSolver.solveType(TypeSolver.java:71)

46756      ERROR Test worker     d.u.i.k.n.b.TacletPBuilder Error in parsing taclet. de.uka.ilkd.key.util.parsing.BuildingException: Unsolved symbol in de.uka.ilkd.key.java.JavaParserFactory$DynamicTypeSolver@596fef4f : java.lang.Object at file:/home/runner/work/key/key/key.core/build/resources/main/de/uka/ilkd/key/proof/rules/floatAssignment2UpdateRules.key:493:15
	at de.uka.ilkd.key.nparser.builder.AbstractBuilder.accept(AbstractBuilder.java:54)
Caused by: com.github.javaparser.resolution.UnsolvedSymbolException: Unsolved symbol in de.uka.ilkd.key.java.JavaParserFactory$DynamicTypeSolver@596fef4f : java.lang.Object
	at com.github.javaparser.resolution.TypeSolver.solveType(TypeSolver.java:71)

46763      ERROR Test worker     d.u.i.k.n.b.AbstractBuilder  com.github.javaparser.resolution.UnsolvedSymbolException: Unsolved symbol in de.uka.ilkd.key.java.JavaParserFactory$DynamicTypeSolver@596fef4f : java.lang.Object
	at com.github.javaparser.resolution.TypeSolver.solveType(TypeSolver.java:71)

46763      ERROR Test worker     d.u.i.k.n.b.TacletPBuilder Error in parsing taclet. de.uka.ilkd.key.util.parsing.BuildingException: Unsolved symbol in de.uka.ilkd.key.java.JavaParserFactory$DynamicTypeSolver@596fef4f : java.lang.Object at file:/home/runner/work/key/key/key.core/build/resources/main/de/uka/ilkd/key/proof/rules/bigint.key:22:15
	at de.uka.ilkd.key.nparser.builder.AbstractBuilder.accept(AbstractBuilder.java:54)
Caused by: com.github.javaparser.resolution.UnsolvedSymbolException: Unsolved symbol in de.uka.ilkd.key.java.JavaParserFactory$DynamicTypeSolver@596fef4f : java.lang.Object
	at com.github.javaparser.resolution.TypeSolver.solveType(TypeSolver.java:71)

46764      ERROR Test worker     d.u.i.k.n.b.AbstractBuilder  com.github.javaparser.resolution.UnsolvedSymbolException: Unsolved symbol in de.uka.ilkd.key.java.JavaParserFactory$DynamicTypeSolver@596fef4f : java.lang.Object
	at com.github.javaparser.resolution.TypeSolver.solveType(TypeSolver.java:71)

46764      ERROR Test worker     d.u.i.k.n.b.TacletPBuilder Error in parsing taclet. de.uka.ilkd.key.util.parsing.BuildingException: Unsolved symbol in de.uka.ilkd.key.java.JavaParserFactory$DynamicTypeSolver@596fef4f : java.lang.Object at file:/home/runner/work/key/key/key.core/build/resources/main/de/uka/ilkd/key/proof/rules/bigint.key:31:15
	at de.uka.ilkd.key.nparser.builder.AbstractBuilder.accept(AbstractBuilder.java:54)
Caused by: com.github.javaparser.resolution.UnsolvedSymbolException: Unsolved symbol in de.uka.ilkd.key.java.JavaParserFactory$DynamicTypeSolver@596fef4f : java.lang.Object
	at com.github.javaparser.resolution.TypeSolver.solveType(TypeSolver.java:71)

46766      ERROR Test worker     d.u.i.k.n.b.AbstractBuilder  com.github.javaparser.resolution.UnsolvedSymbolException: Unsolved symbol in de.uka.ilkd.key.java.JavaParserFactory$DynamicTypeSolver@596fef4f : java.lang.Object
	at com.github.javaparser.resolution.TypeSolver.solveType(TypeSolver.java:71)

46766      ERROR Test worker     d.u.i.k.n.b.TacletPBuilder Error in parsing taclet. de.uka.ilkd.key.util.parsing.BuildingException: Unsolved symbol in de.uka.ilkd.key.java.JavaParserFactory$DynamicTypeSolver@596fef4f : java.lang.Object at file:/home/runner/work/key/key/key.core/build/resources/main/de/uka/ilkd/key/proof/rules/bigint.key:42:15
	at de.uka.ilkd.key.nparser.builder.AbstractBuilder.accept(AbstractBuilder.java:54)
Caused by: com.github.javaparser.resolution.UnsolvedSymbolException: Unsolved symbol in de.uka.ilkd.key.java.JavaParserFactory$DynamicTypeSolver@596fef4f : java.lang.Object
	at com.github.javaparser.resolution.TypeSolver.solveType(TypeSolver.java:71)

46767      ERROR Test worker     d.u.i.k.n.b.AbstractBuilder  com.github.javaparser.resolution.UnsolvedSymbolException: Unsolved symbol in de.uka.ilkd.key.java.JavaParserFactory$DynamicTypeSolver@596fef4f : java.lang.Object
	at com.github.javaparser.resolution.TypeSolver.solveType(TypeSolver.java:71)

46767      ERROR Test worker     d.u.i.k.n.b.TacletPBuilder Error in parsing taclet. de.uka.ilkd.key.util.parsing.BuildingException: Unsolved symbol in de.uka.ilkd.key.java.JavaParserFactory$DynamicTypeSolver@596fef4f : java.lang.Object at file:/home/runner/work/key/key/key.core/build/resources/main/de/uka/ilkd/key/proof/rules/bigint.key:53:15
	at de.uka.ilkd.key.nparser.builder.AbstractBuilder.accept(AbstractBuilder.java:54)
Caused by: com.github.javaparser.resolution.UnsolvedSymbolException: Unsolved symbol in de.uka.ilkd.key.java.JavaParserFactory$DynamicTypeSolver@596fef4f : java.lang.Object
	at com.github.javaparser.resolution.TypeSolver.solveType(TypeSolver.java:71)

46769      ERROR Test worker     d.u.i.k.n.b.AbstractBuilder  com.github.javaparser.resolution.UnsolvedSymbolException: Unsolved symbol in de.uka.ilkd.key.java.JavaParserFactory$DynamicTypeSolver@596fef4f : java.lang.Object
	at com.github.javaparser.resolution.TypeSolver.solveType(TypeSolver.java:71)

46769      ERROR Test worker     d.u.i.k.n.b.TacletPBuilder Error in parsing taclet. de.uka.ilkd.key.util.parsing.BuildingException: Unsolved symbol in de.uka.ilkd.key.java.JavaParserFactory$DynamicTypeSolver@596fef4f : java.lang.Object at file:/home/runner/work/key/key/key.core/build/resources/main/de/uka/ilkd/key/proof/rules/bigint.key:63:15
	at de.uka.ilkd.key.nparser.builder.AbstractBuilder.accept(AbstractBuilder.java:54)
Caused by: com.github.javaparser.resolution.UnsolvedSymbolException: Unsolved symbol in de.uka.ilkd.key.java.JavaParserFactory$DynamicTypeSolver@596fef4f : java.lang.Object
	at com.github.javaparser.resolution.TypeSolver.solveType(TypeSolver.java:71)

46771      ERROR Test worker     d.u.i.k.n.b.AbstractBuilder  com.github.javaparser.resolution.UnsolvedSymbolException: Unsolved symbol in de.uka.ilkd.key.java.JavaParserFactory$DynamicTypeSolver@596fef4f : java.lang.Object
	at com.github.javaparser.resolution.TypeSolver.solveType(TypeSolver.java:71)

46771      ERROR Test worker     d.u.i.k.n.b.TacletPBuilder Error in parsing taclet. de.uka.ilkd.key.util.parsing.BuildingException: Unsolved symbol in de.uka.ilkd.key.java.JavaParserFactory$DynamicTypeSolver@596fef4f : java.lang.Object at file:/home/runner/work/key/key/key.core/build/resources/main/de/uka/ilkd/key/proof/rules/bigint.key:76:20
	at de.uka.ilkd.key.nparser.builder.AbstractBuilder.accept(AbstractBuilder.java:54)
Caused by: com.github.javaparser.resolution.UnsolvedSymbolException: Unsolved symbol in de.uka.ilkd.key.java.JavaParserFactory$DynamicTypeSolver@596fef4f : java.lang.Object
	at com.github.javaparser.resolution.TypeSolver.solveType(TypeSolver.java:71)

46772      ERROR Test worker     d.u.i.k.n.b.AbstractBuilder  com.github.javaparser.resolution.UnsolvedSymbolException: Unsolved symbol in de.uka.ilkd.key.java.JavaParserFactory$DynamicTypeSolver@596fef4f : java.lang.Object
	at com.github.javaparser.resolution.TypeSolver.solveType(TypeSolver.java:71)

46772      ERROR Test worker     d.u.i.k.n.b.TacletPBuilder Error in parsing taclet. de.uka.ilkd.key.util.parsing.BuildingException: Unsolved symbol in de.uka.ilkd.key.java.JavaParserFactory$DynamicTypeSolver@596fef4f : java.lang.Object at file:/home/runner/work/key/key/key.core/build/resources/main/de/uka/ilkd/key/proof/rules/bigint.key:88:20
	at de.uka.ilkd.key.nparser.builder.AbstractBuilder.accept(AbstractBuilder.java:54)
Caused by: com.github.javaparser.resolution.UnsolvedSymbolException: Unsolved symbol in de.uka.ilkd.key.java.JavaParserFactory$DynamicTypeSolver@596fef4f : java.lang.Object
	at com.github.javaparser.resolution.TypeSolver.solveType(TypeSolver.java:71)

46774      ERROR Test worker     d.u.i.k.n.b.AbstractBuilder  com.github.javaparser.resolution.UnsolvedSymbolException: Unsolved symbol in de.uka.ilkd.key.java.JavaParserFactory$DynamicTypeSolver@596fef4f : java.lang.Object
	at com.github.javaparser.resolution.TypeSolver.solveType(TypeSolver.java:71)

46774      ERROR Test worker     d.u.i.k.n.b.TacletPBuilder Error in parsing taclet. de.uka.ilkd.key.util.parsing.BuildingException: Unsolved symbol in de.uka.ilkd.key.java.JavaParserFactory$DynamicTypeSolver@596fef4f : java.lang.Object at file:/home/runner/work/key/key/key.core/build/resources/main/de/uka/ilkd/key/proof/rules/bigint.key:100:20
	at de.uka.ilkd.key.nparser.builder.AbstractBuilder.accept(AbstractBuilder.java:54)
Caused by: com.github.javaparser.resolution.UnsolvedSymbolException: Unsolved symbol in de.uka.ilkd.key.java.JavaParserFactory$DynamicTypeSolver@596fef4f : java.lang.Object
	at com.github.javaparser.resolution.TypeSolver.solveType(TypeSolver.java:71)

46775      ERROR Test worker     d.u.i.k.n.b.AbstractBuilder  com.github.javaparser.resolution.UnsolvedSymbolException: Unsolved symbol in de.uka.ilkd.key.java.JavaParserFactory$DynamicTypeSolver@596fef4f : java.lang.Object
	at com.github.javaparser.resolution.TypeSolver.solveType(TypeSolver.java:71)

46775      ERROR Test worker     d.u.i.k.n.b.TacletPBuilder Error in parsing taclet. de.uka.ilkd.key.util.parsing.BuildingException: Unsolved symbol in de.uka.ilkd.key.java.JavaParserFactory$DynamicTypeSolver@596fef4f : java.lang.Object at file:/home/runner/work/key/key/key.core/build/resources/main/de/uka/ilkd/key/proof/rules/bigint.key:112:20
	at de.uka.ilkd.key.nparser.builder.AbstractBuilder.accept(AbstractBuilder.java:54)
Caused by: com.github.javaparser.resolution.UnsolvedSymbolException: Unsolved symbol in de.uka.ilkd.key.java.JavaParserFactory$DynamicTypeSolver@596fef4f : java.lang.Object
	at com.github.javaparser.resolution.TypeSolver.solveType(TypeSolver.java:71)

46777      ERROR Test worker     d.u.i.k.n.b.AbstractBuilder  com.github.javaparser.resolution.UnsolvedSymbolException: Unsolved symbol in de.uka.ilkd.key.java.JavaParserFactory$DynamicTypeSolver@596fef4f : java.lang.Object
	at com.github.javaparser.resolution.TypeSolver.solveType(TypeSolver.java:71)

46777      ERROR Test worker     d.u.i.k.n.b.TacletPBuilder Error in parsing taclet. de.uka.ilkd.key.util.parsing.BuildingException: Unsolved symbol in de.uka.ilkd.key.java.JavaParserFactory$DynamicTypeSolver@596fef4f : java.lang.Object at file:/home/runner/work/key/key/key.core/build/resources/main/de/uka/ilkd/key/proof/rules/bigint.key:128:15
	at de.uka.ilkd.key.nparser.builder.AbstractBuilder.accept(AbstractBuilder.java:54)
Caused by: com.github.javaparser.resolution.UnsolvedSymbolException: Unsolved symbol in de.uka.ilkd.key.java.JavaParserFactory$DynamicTypeSolver@596fef4f : java.lang.Object
	at com.github.javaparser.resolution.TypeSolver.solveType(TypeSolver.java:71)

46783      ERROR Test worker     d.u.i.k.n.b.AbstractBuilder  com.github.javaparser.resolution.UnsolvedSymbolException: Unsolved symbol in de.uka.ilkd.key.java.JavaParserFactory$DynamicTypeSolver@596fef4f : java.lang.Object
	at com.github.javaparser.resolution.TypeSolver.solveType(TypeSolver.java:71)

46783      ERROR Test worker     d.u.i.k.n.b.TacletPBuilder Error in parsing taclet. de.uka.ilkd.key.util.parsing.BuildingException: Unsolved symbol in de.uka.ilkd.key.java.JavaParserFactory$DynamicTypeSolver@596fef4f : java.lang.Object at file:/home/runner/work/key/key/key.core/build/resources/main/de/uka/ilkd/key/proof/rules/bigint.key:139:15
	at de.uka.ilkd.key.nparser.builder.AbstractBuilder.accept(AbstractBuilder.java:54)
Caused by: com.github.javaparser.resolution.UnsolvedSymbolException: Unsolved symbol in de.uka.ilkd.key.java.JavaParserFactory$DynamicTypeSolver@596fef4f : java.lang.Object
	at com.github.javaparser.resolution.TypeSolver.solveType(TypeSolver.java:71)

46784      ERROR Test worker     d.u.i.k.n.b.AbstractBuilder  com.github.javaparser.resolution.UnsolvedSymbolException: Unsolved symbol in de.uka.ilkd.key.java.JavaParserFactory$DynamicTypeSolver@596fef4f : java.lang.Object
	at com.github.javaparser.resolution.TypeSolver.solveType(TypeSolver.java:71)

46784      ERROR Test worker     d.u.i.k.n.b.TacletPBuilder Error in parsing taclet. de.uka.ilkd.key.util.parsing.BuildingException: Unsolved symbol in de.uka.ilkd.key.java.JavaParserFactory$DynamicTypeSolver@596fef4f : java.lang.Object at file:/home/runner/work/key/key/key.core/build/resources/main/de/uka/ilkd/key/proof/rules/bigint.key:150:15
	at de.uka.ilkd.key.nparser.builder.AbstractBuilder.accept(AbstractBuilder.java:54)
Caused by: com.github.javaparser.resolution.UnsolvedSymbolException: Unsolved symbol in de.uka.ilkd.key.java.JavaParserFactory$DynamicTypeSolver@596fef4f : java.lang.Object
	at com.github.javaparser.resolution.TypeSolver.solveType(TypeSolver.java:71)

46786      ERROR Test worker     d.u.i.k.n.b.AbstractBuilder  com.github.javaparser.resolution.UnsolvedSymbolException: Unsolved symbol in de.uka.ilkd.key.java.JavaParserFactory$DynamicTypeSolver@596fef4f : java.lang.Object
	at com.github.javaparser.resolution.TypeSolver.solveType(TypeSolver.java:71)

46786      ERROR Test worker     d.u.i.k.n.b.TacletPBuilder Error in parsing taclet. de.uka.ilkd.key.util.parsing.BuildingException: Unsolved symbol in de.uka.ilkd.key.java.JavaParserFactory$DynamicTypeSolver@596fef4f : java.lang.Object at file:/home/runner/work/key/key/key.core/build/resources/main/de/uka/ilkd/key/proof/rules/bigint.key:161:15
	at de.uka.ilkd.key.nparser.builder.AbstractBuilder.accept(AbstractBuilder.java:54)
Caused by: com.github.javaparser.resolution.UnsolvedSymbolException: Unsolved symbol in de.uka.ilkd.key.java.JavaParserFactory$DynamicTypeSolver@596fef4f : java.lang.Object
	at com.github.javaparser.resolution.TypeSolver.solveType(TypeSolver.java:71)

46787      ERROR Test worker     d.u.i.k.n.b.AbstractBuilder  com.github.javaparser.resolution.UnsolvedSymbolException: Unsolved symbol in de.uka.ilkd.key.java.JavaParserFactory$DynamicTypeSolver@596fef4f : java.lang.Object
	at com.github.javaparser.resolution.TypeSolver.solveType(TypeSolver.java:71)

46787      ERROR Test worker     d.u.i.k.n.b.TacletPBuilder Error in parsing taclet. de.uka.ilkd.key.util.parsing.BuildingException: Unsolved symbol in de.uka.ilkd.key.java.JavaParserFactory$DynamicTypeSolver@596fef4f : java.lang.Object at file:/home/runner/work/key/key/key.core/build/resources/main/de/uka/ilkd/key/proof/rules/bigint.key:176:15
	at de.uka.ilkd.key.nparser.builder.AbstractBuilder.accept(AbstractBuilder.java:54)
Caused by: com.github.javaparser.resolution.UnsolvedSymbolException: Unsolved symbol in de.uka.ilkd.key.java.JavaParserFactory$DynamicTypeSolver@596fef4f : java.lang.Object
	at com.github.javaparser.resolution.TypeSolver.solveType(TypeSolver.java:71)

46789      ERROR Test worker     d.u.i.k.n.b.AbstractBuilder  com.github.javaparser.resolution.UnsolvedSymbolException: Unsolved symbol in de.uka.ilkd.key.java.JavaParserFactory$DynamicTypeSolver@596fef4f : java.lang.Object
	at com.github.javaparser.resolution.TypeSolver.solveType(TypeSolver.java:71)

46789      ERROR Test worker     d.u.i.k.n.b.TacletPBuilder Error in parsing taclet. de.uka.ilkd.key.util.parsing.BuildingException: Unsolved symbol in de.uka.ilkd.key.java.JavaParserFactory$DynamicTypeSolver@596fef4f : java.lang.Object at file:/home/runner/work/key/key/key.core/build/resources/main/de/uka/ilkd/key/proof/rules/bigint.key:190:15
	at de.uka.ilkd.key.nparser.builder.AbstractBuilder.accept(AbstractBuilder.java:54)
Caused by: com.github.javaparser.resolution.UnsolvedSymbolException: Unsolved symbol in de.uka.ilkd.key.java.JavaParserFactory$DynamicTypeSolver@596fef4f : java.lang.Object
	at com.github.javaparser.resolution.TypeSolver.solveType(TypeSolver.java:71)

46790      ERROR Test worker     d.u.i.k.n.b.AbstractBuilder  com.github.javaparser.resolution.UnsolvedSymbolException: Unsolved symbol in de.uka.ilkd.key.java.JavaParserFactory$DynamicTypeSolver@596fef4f : java.lang.Object
	at com.github.javaparser.resolution.TypeSolver.solveType(TypeSolver.java:71)

46790      ERROR Test worker     d.u.i.k.n.b.TacletPBuilder Error in parsing taclet. de.uka.ilkd.key.util.parsing.BuildingException: Unsolved symbol in de.uka.ilkd.key.java.JavaParserFactory$DynamicTypeSolver@596fef4f : java.lang.Object at file:/home/runner/work/key/key/key.core/build/resources/main/de/uka/ilkd/key/proof/rules/bigint.key:204:15
	at de.uka.ilkd.key.nparser.builder.AbstractBuilder.accept(AbstractBuilder.java:54)
Caused by: com.github.javaparser.resolution.UnsolvedSymbolException: Unsolved symbol in de.uka.ilkd.key.java.JavaParserFactory$DynamicTypeSolver@596fef4f : java.lang.Object
	at com.github.javaparser.resolution.TypeSolver.solveType(TypeSolver.java:71)

46801      ERROR Test worker     d.u.i.k.n.b.AbstractBuilder  com.github.javaparser.resolution.UnsolvedSymbolException: Unsolved symbol in de.uka.ilkd.key.java.JavaParserFactory$DynamicTypeSolver@596fef4f : java.lang.Object
	at com.github.javaparser.resolution.TypeSolver.solveType(TypeSolver.java:71)

46801      ERROR Test worker     d.u.i.k.n.b.TacletPBuilder Error in parsing taclet. de.uka.ilkd.key.util.parsing.BuildingException: Unsolved symbol in de.uka.ilkd.key.java.JavaParserFactory$DynamicTypeSolver@596fef4f : java.lang.Object at file:/home/runner/work/key/key/key.core/build/resources/main/de/uka/ilkd/key/proof/rules/bigint.key:218:15
	at de.uka.ilkd.key.nparser.builder.AbstractBuilder.accept(AbstractBuilder.java:54)
Caused by: com.github.javaparser.resolution.UnsolvedSymbolException: Unsolved symbol in de.uka.ilkd.key.java.JavaParserFactory$DynamicTypeSolver@596fef4f : java.lang.Object
	at com.github.javaparser.resolution.TypeSolver.solveType(TypeSolver.java:71)

46802      ERROR Test worker     d.u.i.k.n.b.AbstractBuilder  com.github.javaparser.resolution.UnsolvedSymbolException: Unsolved symbol in de.uka.ilkd.key.java.JavaParserFactory$DynamicTypeSolver@596fef4f : java.lang.Object
	at com.github.javaparser.resolution.TypeSolver.solveType(TypeSolver.java:71)

46802      ERROR Test worker     d.u.i.k.n.b.TacletPBuilder Error in parsing taclet. de.uka.ilkd.key.util.parsing.BuildingException: Unsolved symbol in de.uka.ilkd.key.java.JavaParserFactory$DynamicTypeSolver@596fef4f : java.lang.Object at file:/home/runner/work/key/key/key.core/build/resources/main/de/uka/ilkd/key/proof/rules/bigint.key:236:15
	at de.uka.ilkd.key.nparser.builder.AbstractBuilder.accept(AbstractBuilder.java:54)
Caused by: com.github.javaparser.resolution.UnsolvedSymbolException: Unsolved symbol in de.uka.ilkd.key.java.JavaParserFactory$DynamicTypeSolver@596fef4f : java.lang.Object
	at com.github.javaparser.resolution.TypeSolver.solveType(TypeSolver.java:71)

46804      ERROR Test worker     d.u.i.k.n.b.AbstractBuilder  com.github.javaparser.resolution.UnsolvedSymbolException: Unsolved symbol in de.uka.ilkd.key.java.JavaParserFactory$DynamicTypeSolver@596fef4f : java.lang.Object
	at com.github.javaparser.resolution.TypeSolver.solveType(TypeSolver.java:71)

46804      ERROR Test worker     d.u.i.k.n.b.TacletPBuilder Error in parsing taclet. de.uka.ilkd.key.util.parsing.BuildingException: Unsolved symbol in de.uka.ilkd.key.java.JavaParserFactory$DynamicTypeSolver@596fef4f : java.lang.Object at file:/home/runner/work/key/key/key.core/build/resources/main/de/uka/ilkd/key/proof/rules/bigint.key:246:15
	at de.uka.ilkd.key.nparser.builder.AbstractBuilder.accept(AbstractBuilder.java:54)
Caused by: com.github.javaparser.resolution.UnsolvedSymbolException: Unsolved symbol in de.uka.ilkd.key.java.JavaParserFactory$DynamicTypeSolver@596fef4f : java.lang.Object
	at com.github.javaparser.resolution.TypeSolver.solveType(TypeSolver.java:71)

46805      ERROR Test worker     d.u.i.k.n.b.AbstractBuilder  com.github.javaparser.resolution.UnsolvedSymbolException: Unsolved symbol in de.uka.ilkd.key.java.JavaParserFactory$DynamicTypeSolver@596fef4f : java.lang.Object
	at com.github.javaparser.resolution.TypeSolver.solveType(TypeSolver.java:71)

46805      ERROR Test worker     d.u.i.k.n.b.TacletPBuilder Error in parsing taclet. de.uka.ilkd.key.util.parsing.BuildingException: Unsolved symbol in de.uka.ilkd.key.java.JavaParserFactory$DynamicTypeSolver@596fef4f : java.lang.Object at file:/home/runner/work/key/key/key.core/build/resources/main/de/uka/ilkd/key/proof/rules/bigint.key:256:15
	at de.uka.ilkd.key.nparser.builder.AbstractBuilder.accept(AbstractBuilder.java:54)
Caused by: com.github.javaparser.resolution.UnsolvedSymbolException: Unsolved symbol in de.uka.ilkd.key.java.JavaParserFactory$DynamicTypeSolver@596fef4f : java.lang.Object
	at com.github.javaparser.resolution.TypeSolver.solveType(TypeSolver.java:71)

46809      ERROR Test worker     d.u.i.k.n.b.AbstractBuilder  com.github.javaparser.resolution.UnsolvedSymbolException: Unsolved symbol in de.uka.ilkd.key.java.JavaParserFactory$DynamicTypeSolver@596fef4f : java.lang.Object
	at com.github.javaparser.resolution.TypeSolver.solveType(TypeSolver.java:71)

46810      ERROR Test worker     d.u.i.k.n.b.TacletPBuilder Error in parsing taclet. de.uka.ilkd.key.util.parsing.BuildingException: Unsolved symbol in de.uka.ilkd.key.java.JavaParserFactory$DynamicTypeSolver@596fef4f : java.lang.Object at file:/home/runner/work/key/key/key.core/build/resources/main/de/uka/ilkd/key/proof/rules/bigint.key:271:15
	at de.uka.ilkd.key.nparser.builder.AbstractBuilder.accept(AbstractBuilder.java:54)
Caused by: com.github.javaparser.resolution.UnsolvedSymbolException: Unsolved symbol in de.uka.ilkd.key.java.JavaParserFactory$DynamicTypeSolver@596fef4f : java.lang.Object
	at com.github.javaparser.resolution.TypeSolver.solveType(TypeSolver.java:71)

46811      ERROR Test worker     d.u.i.k.n.b.AbstractBuilder  com.github.javaparser.resolution.UnsolvedSymbolException: Unsolved symbol in de.uka.ilkd.key.java.JavaParserFactory$DynamicTypeSolver@596fef4f : java.lang.Object
	at com.github.javaparser.resolution.TypeSolver.solveType(TypeSolver.java:71)

46811      ERROR Test worker     d.u.i.k.n.b.TacletPBuilder Error in parsing taclet. de.uka.ilkd.key.util.parsing.BuildingException: Unsolved symbol in de.uka.ilkd.key.java.JavaParserFactory$DynamicTypeSolver@596fef4f : java.lang.Object at file:/home/runner/work/key/key/key.core/build/resources/main/de/uka/ilkd/key/proof/rules/bigint.key:281:15
	at de.uka.ilkd.key.nparser.builder.AbstractBuilder.accept(AbstractBuilder.java:54)
Caused by: com.github.javaparser.resolution.UnsolvedSymbolException: Unsolved symbol in de.uka.ilkd.key.java.JavaParserFactory$DynamicTypeSolver@596fef4f : java.lang.Object
	at com.github.javaparser.resolution.TypeSolver.solveType(TypeSolver.java:71)

46812      ERROR Test worker     d.u.i.k.n.b.AbstractBuilder  com.github.javaparser.resolution.UnsolvedSymbolException: Unsolved symbol in de.uka.ilkd.key.java.JavaParserFactory$DynamicTypeSolver@596fef4f : java.lang.Object
	at com.github.javaparser.resolution.TypeSolver.solveType(TypeSolver.java:71)

46813      ERROR Test worker     d.u.i.k.n.b.TacletPBuilder Error in parsing taclet. de.uka.ilkd.key.util.parsing.BuildingException: Unsolved symbol in de.uka.ilkd.key.java.JavaParserFactory$DynamicTypeSolver@596fef4f : java.lang.Object at file:/home/runner/work/key/key/key.core/build/resources/main/de/uka/ilkd/key/proof/rules/bigint.key:289:15
	at de.uka.ilkd.key.nparser.builder.AbstractBuilder.accept(AbstractBuilder.java:54)
Caused by: com.github.javaparser.resolution.UnsolvedSymbolException: Unsolved symbol in de.uka.ilkd.key.java.JavaParserFactory$DynamicTypeSolver@596fef4f : java.lang.Object
	at com.github.javaparser.resolution.TypeSolver.solveType(TypeSolver.java:71)

46814      ERROR Test worker     d.u.i.k.n.b.AbstractBuilder  com.github.javaparser.resolution.UnsolvedSymbolException: Unsolved symbol in de.uka.ilkd.key.java.JavaParserFactory$DynamicTypeSolver@596fef4f : java.lang.Object
	at com.github.javaparser.resolution.TypeSolver.solveType(TypeSolver.java:71)

46814      ERROR Test worker     d.u.i.k.n.b.TacletPBuilder Error in parsing taclet. de.uka.ilkd.key.util.parsing.BuildingException: Unsolved symbol in de.uka.ilkd.key.java.JavaParserFactory$DynamicTypeSolver@596fef4f : java.lang.Object at file:/home/runner/work/key/key/key.core/build/resources/main/de/uka/ilkd/key/proof/rules/bigint.key:297:15
	at de.uka.ilkd.key.nparser.builder.AbstractBuilder.accept(AbstractBuilder.java:54)
Caused by: com.github.javaparser.resolution.UnsolvedSymbolException: Unsolved symbol in de.uka.ilkd.key.java.JavaParserFactory$DynamicTypeSolver@596fef4f : java.lang.Object
	at com.github.javaparser.resolution.TypeSolver.solveType(TypeSolver.java:71)

46815      ERROR Test worker     d.u.i.k.n.b.AbstractBuilder  com.github.javaparser.resolution.UnsolvedSymbolException: Unsolved symbol in de.uka.ilkd.key.java.JavaParserFactory$DynamicTypeSolver@596fef4f : java.lang.Object
	at com.github.javaparser.resolution.TypeSolver.solveType(TypeSolver.java:71)

46816      ERROR Test worker     d.u.i.k.n.b.TacletPBuilder Error in parsing taclet. de.uka.ilkd.key.util.parsing.BuildingException: Unsolved symbol in de.uka.ilkd.key.java.JavaParserFactory$DynamicTypeSolver@596fef4f : java.lang.Object at file:/home/runner/work/key/key/key.core/build/resources/main/de/uka/ilkd/key/proof/rules/bigint.key:308:15
	at de.uka.ilkd.key.nparser.builder.AbstractBuilder.accept(AbstractBuilder.java:54)
Caused by: com.github.javaparser.resolution.UnsolvedSymbolException: Unsolved symbol in de.uka.ilkd.key.java.JavaParserFactory$DynamicTypeSolver@596fef4f : java.lang.Object
	at com.github.javaparser.resolution.TypeSolver.solveType(TypeSolver.java:71)

46840      ERROR Test worker     d.u.i.k.n.b.AbstractBuilder  com.github.javaparser.resolution.UnsolvedSymbolException: Unsolved symbol in de.uka.ilkd.key.java.JavaParserFactory$DynamicTypeSolver@596fef4f : java.lang.Object
	at com.github.javaparser.resolution.TypeSolver.solveType(TypeSolver.java:71)

46840      ERROR Test worker     d.u.i.k.n.b.TacletPBuilder Error in parsing taclet. de.uka.ilkd.key.util.parsing.BuildingException: Unsolved symbol in de.uka.ilkd.key.java.JavaParserFactory$DynamicTypeSolver@596fef4f : java.lang.Object at file:/home/runner/work/key/key/key.core/build/resources/main/de/uka/ilkd/key/proof/rules/adtProgramDecompositionRules.key:17:15
	at de.uka.ilkd.key.nparser.builder.AbstractBuilder.accept(AbstractBuilder.java:54)
Caused by: com.github.javaparser.resolution.UnsolvedSymbolException: Unsolved symbol in de.uka.ilkd.key.java.JavaParserFactory$DynamicTypeSolver@596fef4f : java.lang.Object
	at com.github.javaparser.resolution.TypeSolver.solveType(TypeSolver.java:71)

46840      ERROR Test worker     d.u.i.k.n.b.TacletPBuilder Override: #v (program Variable) #v (program Variable) 
46840      ERROR Test worker     d.u.i.k.n.b.TacletPBuilder Override: post (formula) post (formula) 
46841      ERROR Test worker     d.u.i.k.n.b.AbstractBuilder  com.github.javaparser.resolution.UnsolvedSymbolException: Unsolved symbol in de.uka.ilkd.key.java.JavaParserFactory$DynamicTypeSolver@596fef4f : java.lang.Object
	at com.github.javaparser.resolution.TypeSolver.solveType(TypeSolver.java:71)

46842      ERROR Test worker     d.u.i.k.n.b.TacletPBuilder Error in parsing taclet. de.uka.ilkd.key.util.parsing.BuildingException: Unsolved symbol in de.uka.ilkd.key.java.JavaParserFactory$DynamicTypeSolver@596fef4f : java.lang.Object at file:/home/runner/work/key/key/key.core/build/resources/main/de/uka/ilkd/key/proof/rules/adtProgramDecompositionRules.key:30:15
	at de.uka.ilkd.key.nparser.builder.AbstractBuilder.accept(AbstractBuilder.java:54)
Caused by: com.github.javaparser.resolution.UnsolvedSymbolException: Unsolved symbol in de.uka.ilkd.key.java.JavaParserFactory$DynamicTypeSolver@596fef4f : java.lang.Object
	at com.github.javaparser.resolution.TypeSolver.solveType(TypeSolver.java:71)

46842      ERROR Test worker     d.u.i.k.n.b.TacletPBuilder Override: #v (program Variable) #v (program Variable) 
46842      ERROR Test worker     d.u.i.k.n.b.TacletPBuilder Override: #vLeftNew (program Variable) #vLeftNew (program Variable) 
46842      ERROR Test worker     d.u.i.k.n.b.TacletPBuilder Override: #nseLeft (program NonSimpleExpression) #nseLeft (program NonSimpleExpression) 
46842      ERROR Test worker     d.u.i.k.n.b.TacletPBuilder Override: #eRight (program Expression) #eRight (program Expression) 
46842      ERROR Test worker     d.u.i.k.n.b.TacletPBuilder Override: post (formula) post (formula) 
46843      ERROR Test worker     d.u.i.k.n.b.AbstractBuilder  com.github.javaparser.resolution.UnsolvedSymbolException: Unsolved symbol in de.uka.ilkd.key.java.JavaParserFactory$DynamicTypeSolver@596fef4f : java.lang.Object
	at com.github.javaparser.resolution.TypeSolver.solveType(TypeSolver.java:71)

46843      ERROR Test worker     d.u.i.k.n.b.TacletPBuilder Error in parsing taclet. de.uka.ilkd.key.util.parsing.BuildingException: Unsolved symbol in de.uka.ilkd.key.java.JavaParserFactory$DynamicTypeSolver@596fef4f : java.lang.Object at file:/home/runner/work/key/key/key.core/build/resources/main/de/uka/ilkd/key/proof/rules/adtProgramDecompositionRules.key:43:15
	at de.uka.ilkd.key.nparser.builder.AbstractBuilder.accept(AbstractBuilder.java:54)
Caused by: com.github.javaparser.resolution.UnsolvedSymbolException: Unsolved symbol in de.uka.ilkd.key.java.JavaParserFactory$DynamicTypeSolver@596fef4f : java.lang.Object
	at com.github.javaparser.resolution.TypeSolver.solveType(TypeSolver.java:71)

46843      ERROR Test worker     d.u.i.k.n.b.TacletPBuilder Override: #v (program Variable) #v (program Variable) 
46843      ERROR Test worker     d.u.i.k.n.b.TacletPBuilder Override: #vRightNew (program Variable) #vRightNew (program Variable) 
46843      ERROR Test worker     d.u.i.k.n.b.TacletPBuilder Override: #seLeft (program SimpleExpression) #seLeft (program SimpleExpression) 
46843      ERROR Test worker     d.u.i.k.n.b.TacletPBuilder Override: #nseRight (program NonSimpleExpression) #nseRight (program NonSimpleExpression) 
46843      ERROR Test worker     d.u.i.k.n.b.TacletPBuilder Override: post (formula) post (formula) 
46854      ERROR Test worker     d.u.i.k.n.b.AbstractBuilder  com.github.javaparser.resolution.UnsolvedSymbolException: Unsolved symbol in de.uka.ilkd.key.java.JavaParserFactory$DynamicTypeSolver@596fef4f : java.lang.Object
	at com.github.javaparser.resolution.TypeSolver.solveType(TypeSolver.java:71)

46854      ERROR Test worker     d.u.i.k.n.b.TacletPBuilder Error in parsing taclet. de.uka.ilkd.key.util.parsing.BuildingException: Unsolved symbol in de.uka.ilkd.key.java.JavaParserFactory$DynamicTypeSolver@596fef4f : java.lang.Object at file:/home/runner/work/key/key/key.core/build/resources/main/de/uka/ilkd/key/proof/rules/adtProgramDecompositionRules.key:56:15
	at de.uka.ilkd.key.nparser.builder.AbstractBuilder.accept(AbstractBuilder.java:54)
Caused by: com.github.javaparser.resolution.UnsolvedSymbolException: Unsolved symbol in de.uka.ilkd.key.java.JavaParserFactory$DynamicTypeSolver@596fef4f : java.lang.Object
	at com.github.javaparser.resolution.TypeSolver.solveType(TypeSolver.java:71)

46854      ERROR Test worker     d.u.i.k.n.b.TacletPBuilder Override: #v (program Variable) #v (program Variable) 
46854      ERROR Test worker     d.u.i.k.n.b.TacletPBuilder Override: #vLeftNew (program Variable) #vLeftNew (program Variable) 
46854      ERROR Test worker     d.u.i.k.n.b.TacletPBuilder Override: #nseLeft (program NonSimpleExpression) #nseLeft (program NonSimpleExpression) 
46854      ERROR Test worker     d.u.i.k.n.b.TacletPBuilder Override: #eRight (program Expression) #eRight (program Expression) 
46854      ERROR Test worker     d.u.i.k.n.b.TacletPBuilder Override: post (formula) post (formula) 
46855      ERROR Test worker     d.u.i.k.n.b.AbstractBuilder  com.github.javaparser.resolution.UnsolvedSymbolException: Unsolved symbol in de.uka.ilkd.key.java.JavaParserFactory$DynamicTypeSolver@596fef4f : java.lang.Object
	at com.github.javaparser.resolution.TypeSolver.solveType(TypeSolver.java:71)

46856      ERROR Test worker     d.u.i.k.n.b.TacletPBuilder Error in parsing taclet. de.uka.ilkd.key.util.parsing.BuildingException: Unsolved symbol in de.uka.ilkd.key.java.JavaParserFactory$DynamicTypeSolver@596fef4f : java.lang.Object at file:/home/runner/work/key/key/key.core/build/resources/main/de/uka/ilkd/key/proof/rules/adtProgramDecompositionRules.key:69:15
	at de.uka.ilkd.key.nparser.builder.AbstractBuilder.accept(AbstractBuilder.java:54)
Caused by: com.github.javaparser.resolution.UnsolvedSymbolException: Unsolved symbol in de.uka.ilkd.key.java.JavaParserFactory$DynamicTypeSolver@596fef4f : java.lang.Object
	at com.github.javaparser.resolution.TypeSolver.solveType(TypeSolver.java:71)

46856      ERROR Test worker     d.u.i.k.n.b.TacletPBuilder Override: #v (program Variable) #v (program Variable) 
46856      ERROR Test worker     d.u.i.k.n.b.TacletPBuilder Override: #vRightNew (program Variable) #vRightNew (program Variable) 
46856      ERROR Test worker     d.u.i.k.n.b.TacletPBuilder Override: #seLeft (program SimpleExpression) #seLeft (program SimpleExpression) 
46856      ERROR Test worker     d.u.i.k.n.b.TacletPBuilder Override: #nseRight (program NonSimpleExpression) #nseRight (program NonSimpleExpression) 
46856      ERROR Test worker     d.u.i.k.n.b.TacletPBuilder Override: post (formula) post (formula) 
46866      ERROR Test worker     d.u.i.k.n.b.AbstractBuilder  com.github.javaparser.resolution.UnsolvedSymbolException: Unsolved symbol in de.uka.ilkd.key.java.JavaParserFactory$DynamicTypeSolver@596fef4f : java.lang.Object
	at com.github.javaparser.resolution.TypeSolver.solveType(TypeSolver.java:71)

46866      ERROR Test worker     d.u.i.k.n.b.TacletPBuilder Error in parsing taclet. de.uka.ilkd.key.util.parsing.BuildingException: Unsolved symbol in de.uka.ilkd.key.java.JavaParserFactory$DynamicTypeSolver@596fef4f : java.lang.Object at file:/home/runner/work/key/key/key.core/build/resources/main/de/uka/ilkd/key/proof/rules/adtProgramDecompositionRules.key:82:15
	at de.uka.ilkd.key.nparser.builder.AbstractBuilder.accept(AbstractBuilder.java:54)
Caused by: com.github.javaparser.resolution.UnsolvedSymbolException: Unsolved symbol in de.uka.ilkd.key.java.JavaParserFactory$DynamicTypeSolver@596fef4f : java.lang.Object
	at com.github.javaparser.resolution.TypeSolver.solveType(TypeSolver.java:71)

46866      ERROR Test worker     d.u.i.k.n.b.TacletPBuilder Override: #v (program Variable) #v (program Variable) 
46866      ERROR Test worker     d.u.i.k.n.b.TacletPBuilder Override: post (formula) post (formula) 
46868      ERROR Test worker     d.u.i.k.n.b.AbstractBuilder  com.github.javaparser.resolution.UnsolvedSymbolException: Unsolved symbol in de.uka.ilkd.key.java.JavaParserFactory$DynamicTypeSolver@596fef4f : java.lang.Object
	at com.github.javaparser.resolution.TypeSolver.solveType(TypeSolver.java:71)

46868      ERROR Test worker     d.u.i.k.n.b.TacletPBuilder Error in parsing taclet. de.uka.ilkd.key.util.parsing.BuildingException: Unsolved symbol in de.uka.ilkd.key.java.JavaParserFactory$DynamicTypeSolver@596fef4f : java.lang.Object at file:/home/runner/work/key/key/key.core/build/resources/main/de/uka/ilkd/key/proof/rules/adtProgramDecompositionRules.key:94:15
	at de.uka.ilkd.key.nparser.builder.AbstractBuilder.accept(AbstractBuilder.java:54)
Caused by: com.github.javaparser.resolution.UnsolvedSymbolException: Unsolved symbol in de.uka.ilkd.key.java.JavaParserFactory$DynamicTypeSolver@596fef4f : java.lang.Object
	at com.github.javaparser.resolution.TypeSolver.solveType(TypeSolver.java:71)

46868      ERROR Test worker     d.u.i.k.n.b.TacletPBuilder Override: #v (program Variable) #v (program Variable) 
46868      ERROR Test worker     d.u.i.k.n.b.TacletPBuilder Override: #a (program Variable) #a (program Variable) 
46868      ERROR Test worker     d.u.i.k.n.b.TacletPBuilder Override: post (formula) post (formula) 
46869      ERROR Test worker     d.u.i.k.n.b.AbstractBuilder  com.github.javaparser.resolution.UnsolvedSymbolException: Unsolved symbol in de.uka.ilkd.key.java.JavaParserFactory$DynamicTypeSolver@596fef4f : java.lang.Object
	at com.github.javaparser.resolution.TypeSolver.solveType(TypeSolver.java:71)

46869      ERROR Test worker     d.u.i.k.n.b.TacletPBuilder Error in parsing taclet. de.uka.ilkd.key.util.parsing.BuildingException: Unsolved symbol in de.uka.ilkd.key.java.JavaParserFactory$DynamicTypeSolver@596fef4f : java.lang.Object at file:/home/runner/work/key/key/key.core/build/resources/main/de/uka/ilkd/key/proof/rules/adtProgramDecompositionRules.key:107:15
	at de.uka.ilkd.key.nparser.builder.AbstractBuilder.accept(AbstractBuilder.java:54)
Caused by: com.github.javaparser.resolution.UnsolvedSymbolException: Unsolved symbol in de.uka.ilkd.key.java.JavaParserFactory$DynamicTypeSolver@596fef4f : java.lang.Object
	at com.github.javaparser.resolution.TypeSolver.solveType(TypeSolver.java:71)

46869      ERROR Test worker     d.u.i.k.n.b.TacletPBuilder Override: #v (program Variable) #v (program Variable) 
46869      ERROR Test worker     d.u.i.k.n.b.TacletPBuilder Override: #a (program Variable) #a (program Variable) 
46870      ERROR Test worker     d.u.i.k.n.b.TacletPBuilder Override: post (formula) post (formula) 
46871      ERROR Test worker     d.u.i.k.n.b.AbstractBuilder  com.github.javaparser.resolution.UnsolvedSymbolException: Unsolved symbol in de.uka.ilkd.key.java.JavaParserFactory$DynamicTypeSolver@596fef4f : java.lang.Object
	at com.github.javaparser.resolution.TypeSolver.solveType(TypeSolver.java:71)

46871      ERROR Test worker     d.u.i.k.n.b.TacletPBuilder Error in parsing taclet. de.uka.ilkd.key.util.parsing.BuildingException: Unsolved symbol in de.uka.ilkd.key.java.JavaParserFactory$DynamicTypeSolver@596fef4f : java.lang.Object at file:/home/runner/work/key/key/key.core/build/resources/main/de/uka/ilkd/key/proof/rules/adtProgramDecompositionRules.key:119:15
	at de.uka.ilkd.key.nparser.builder.AbstractBuilder.accept(AbstractBuilder.java:54)
Caused by: com.github.javaparser.resolution.UnsolvedSymbolException: Unsolved symbol in de.uka.ilkd.key.java.JavaParserFactory$DynamicTypeSolver@596fef4f : java.lang.Object
	at com.github.javaparser.resolution.TypeSolver.solveType(TypeSolver.java:71)

46871      ERROR Test worker     d.u.i.k.n.b.TacletPBuilder Override: #v (program Variable) #v (program Variable) 
46871      ERROR Test worker     d.u.i.k.n.b.TacletPBuilder Override: #vObjNew (program Variable) #vObjNew (program Variable) 
46871      ERROR Test worker     d.u.i.k.n.b.TacletPBuilder Override: #nseObj (program NonSimpleExpression) #nseObj (program NonSimpleExpression) 
46871      ERROR Test worker     d.u.i.k.n.b.TacletPBuilder Override: post (formula) post (formula) 
46872      ERROR Test worker     d.u.i.k.n.b.AbstractBuilder  com.github.javaparser.resolution.UnsolvedSymbolException: Unsolved symbol in de.uka.ilkd.key.java.JavaParserFactory$DynamicTypeSolver@596fef4f : java.lang.Object
	at com.github.javaparser.resolution.TypeSolver.solveType(TypeSolver.java:71)

46873      ERROR Test worker     d.u.i.k.n.b.TacletPBuilder Error in parsing taclet. de.uka.ilkd.key.util.parsing.BuildingException: Unsolved symbol in de.uka.ilkd.key.java.JavaParserFactory$DynamicTypeSolver@596fef4f : java.lang.Object at file:/home/runner/work/key/key/key.core/build/resources/main/de/uka/ilkd/key/proof/rules/adtProgramDecompositionRules.key:131:15
	at de.uka.ilkd.key.nparser.builder.AbstractBuilder.accept(AbstractBuilder.java:54)
Caused by: com.github.javaparser.resolution.UnsolvedSymbolException: Unsolved symbol in de.uka.ilkd.key.java.JavaParserFactory$DynamicTypeSolver@596fef4f : java.lang.Object
	at com.github.javaparser.resolution.TypeSolver.solveType(TypeSolver.java:71)

46873      ERROR Test worker     d.u.i.k.n.b.TacletPBuilder Override: #v (program Variable) #v (program Variable) 
46873      ERROR Test worker     d.u.i.k.n.b.TacletPBuilder Override: #vLeftNew (program Variable) #vLeftNew (program Variable) 
46873      ERROR Test worker     d.u.i.k.n.b.TacletPBuilder Override: #nseLeft (program NonSimpleExpression) #nseLeft (program NonSimpleExpression) 
46873      ERROR Test worker     d.u.i.k.n.b.TacletPBuilder Override: #eRight (program Expression) #eRight (program Expression) 
46873      ERROR Test worker     d.u.i.k.n.b.TacletPBuilder Override: post (formula) post (formula) 
46874      ERROR Test worker     d.u.i.k.n.b.AbstractBuilder  com.github.javaparser.resolution.UnsolvedSymbolException: Unsolved symbol in de.uka.ilkd.key.java.JavaParserFactory$DynamicTypeSolver@596fef4f : java.lang.Object
	at com.github.javaparser.resolution.TypeSolver.solveType(TypeSolver.java:71)

46874      ERROR Test worker     d.u.i.k.n.b.TacletPBuilder Error in parsing taclet. de.uka.ilkd.key.util.parsing.BuildingException: Unsolved symbol in de.uka.ilkd.key.java.JavaParserFactory$DynamicTypeSolver@596fef4f : java.lang.Object at file:/home/runner/work/key/key/key.core/build/resources/main/de/uka/ilkd/key/proof/rules/adtProgramDecompositionRules.key:150:15
	at de.uka.ilkd.key.nparser.builder.AbstractBuilder.accept(AbstractBuilder.java:54)
Caused by: com.github.javaparser.resolution.UnsolvedSymbolException: Unsolved symbol in de.uka.ilkd.key.java.JavaParserFactory$DynamicTypeSolver@596fef4f : java.lang.Object
	at com.github.javaparser.resolution.TypeSolver.solveType(TypeSolver.java:71)

46874      ERROR Test worker     d.u.i.k.n.b.TacletPBuilder Override: #v (program Variable) #v (program Variable) 
46874      ERROR Test worker     d.u.i.k.n.b.TacletPBuilder Override: #vRightNew (program Variable) #vRightNew (program Variable) 
46874      ERROR Test worker     d.u.i.k.n.b.TacletPBuilder Override: #seLeft (program SimpleExpression) #seLeft (program SimpleExpression) 
46874      ERROR Test worker     d.u.i.k.n.b.TacletPBuilder Override: #nseRight (program NonSimpleExpression) #nseRight (program NonSimpleExpression) 
46874      ERROR Test worker     d.u.i.k.n.b.TacletPBuilder Override: post (formula) post (formula) 
46876      ERROR Test worker     d.u.i.k.n.b.AbstractBuilder  com.github.javaparser.resolution.UnsolvedSymbolException: Unsolved symbol in de.uka.ilkd.key.java.JavaParserFactory$DynamicTypeSolver@596fef4f : java.lang.Object
	at com.github.javaparser.resolution.TypeSolver.solveType(TypeSolver.java:71)

46876      ERROR Test worker     d.u.i.k.n.b.TacletPBuilder Error in parsing taclet. de.uka.ilkd.key.util.parsing.BuildingException: Unsolved symbol in de.uka.ilkd.key.java.JavaParserFactory$DynamicTypeSolver@596fef4f : java.lang.Object at file:/home/runner/work/key/key/key.core/build/resources/main/de/uka/ilkd/key/proof/rules/adtProgramDecompositionRules.key:163:15
	at de.uka.ilkd.key.nparser.builder.AbstractBuilder.accept(AbstractBuilder.java:54)
Caused by: com.github.javaparser.resolution.UnsolvedSymbolException: Unsolved symbol in de.uka.ilkd.key.java.JavaParserFactory$DynamicTypeSolver@596fef4f : java.lang.Object
	at com.github.javaparser.resolution.TypeSolver.solveType(TypeSolver.java:71)

46876      ERROR Test worker     d.u.i.k.n.b.TacletPBuilder Override: #v (program Variable) #v (program Variable) 
46876      ERROR Test worker     d.u.i.k.n.b.TacletPBuilder Override: #vLeftNew (program Variable) #vLeftNew (program Variable) 
46876      ERROR Test worker     d.u.i.k.n.b.TacletPBuilder Override: #nseLeft (program NonSimpleExpression) #nseLeft (program NonSimpleExpression) 
46876      ERROR Test worker     d.u.i.k.n.b.TacletPBuilder Override: #eRight (program Expression) #eRight (program Expression) 
46876      ERROR Test worker     d.u.i.k.n.b.TacletPBuilder Override: post (formula) post (formula) 
46885      ERROR Test worker     d.u.i.k.n.b.AbstractBuilder  com.github.javaparser.resolution.UnsolvedSymbolException: Unsolved symbol in de.uka.ilkd.key.java.JavaParserFactory$DynamicTypeSolver@596fef4f : java.lang.Object
	at com.github.javaparser.resolution.TypeSolver.solveType(TypeSolver.java:71)

46886      ERROR Test worker     d.u.i.k.n.b.TacletPBuilder Error in parsing taclet. de.uka.ilkd.key.util.parsing.BuildingException: Unsolved symbol in de.uka.ilkd.key.java.JavaParserFactory$DynamicTypeSolver@596fef4f : java.lang.Object at file:/home/runner/work/key/key/key.core/build/resources/main/de/uka/ilkd/key/proof/rules/adtProgramDecompositionRules.key:176:15
	at de.uka.ilkd.key.nparser.builder.AbstractBuilder.accept(AbstractBuilder.java:54)
Caused by: com.github.javaparser.resolution.UnsolvedSymbolException: Unsolved symbol in de.uka.ilkd.key.java.JavaParserFactory$DynamicTypeSolver@596fef4f : java.lang.Object
	at com.github.javaparser.resolution.TypeSolver.solveType(TypeSolver.java:71)

46886      ERROR Test worker     d.u.i.k.n.b.TacletPBuilder Override: #v (program Variable) #v (program Variable) 
46886      ERROR Test worker     d.u.i.k.n.b.TacletPBuilder Override: #vRightNew (program Variable) #vRightNew (program Variable) 
46886      ERROR Test worker     d.u.i.k.n.b.TacletPBuilder Override: #seLeft (program SimpleExpression) #seLeft (program SimpleExpression) 
46886      ERROR Test worker     d.u.i.k.n.b.TacletPBuilder Override: #nseRight (program NonSimpleExpression) #nseRight (program NonSimpleExpression) 
46886      ERROR Test worker     d.u.i.k.n.b.TacletPBuilder Override: post (formula) post (formula) 
46887      ERROR Test worker     d.u.i.k.n.b.AbstractBuilder  com.github.javaparser.resolution.UnsolvedSymbolException: Unsolved symbol in de.uka.ilkd.key.java.JavaParserFactory$DynamicTypeSolver@596fef4f : java.lang.Object
	at com.github.javaparser.resolution.TypeSolver.solveType(TypeSolver.java:71)

46887      ERROR Test worker     d.u.i.k.n.b.TacletPBuilder Error in parsing taclet. de.uka.ilkd.key.util.parsing.BuildingException: Unsolved symbol in de.uka.ilkd.key.java.JavaParserFactory$DynamicTypeSolver@596fef4f : java.lang.Object at file:/home/runner/work/key/key/key.core/build/resources/main/de/uka/ilkd/key/proof/rules/adtProgramDecompositionRules.key:189:15
	at de.uka.ilkd.key.nparser.builder.AbstractBuilder.accept(AbstractBuilder.java:54)
Caused by: com.github.javaparser.resolution.UnsolvedSymbolException: Unsolved symbol in de.uka.ilkd.key.java.JavaParserFactory$DynamicTypeSolver@596fef4f : java.lang.Object
	at com.github.javaparser.resolution.TypeSolver.solveType(TypeSolver.java:71)

46888      ERROR Test worker     d.u.i.k.n.b.TacletPBuilder Override: #v (program Variable) #v (program Variable) 
46888      ERROR Test worker     d.u.i.k.n.b.TacletPBuilder Override: #vLeftNew (program Variable) #vLeftNew (program Variable) 
46888      ERROR Test worker     d.u.i.k.n.b.TacletPBuilder Override: #nseLeft (program NonSimpleExpression) #nseLeft (program NonSimpleExpression) 
46888      ERROR Test worker     d.u.i.k.n.b.TacletPBuilder Override: #eRight (program Expression) #eRight (program Expression) 
46892      ERROR Test worker     d.u.i.k.n.b.TacletPBuilder Override: post (formula) post (formula) 
46894      ERROR Test worker     d.u.i.k.n.b.AbstractBuilder  com.github.javaparser.resolution.UnsolvedSymbolException: Unsolved symbol in de.uka.ilkd.key.java.JavaParserFactory$DynamicTypeSolver@596fef4f : java.lang.Object
	at com.github.javaparser.resolution.TypeSolver.solveType(TypeSolver.java:71)

46894      ERROR Test worker     d.u.i.k.n.b.TacletPBuilder Error in parsing taclet. de.uka.ilkd.key.util.parsing.BuildingException: Unsolved symbol in de.uka.ilkd.key.java.JavaParserFactory$DynamicTypeSolver@596fef4f : java.lang.Object at file:/home/runner/work/key/key/key.core/build/resources/main/de/uka/ilkd/key/proof/rules/adtProgramDecompositionRules.key:202:15
	at de.uka.ilkd.key.nparser.builder.AbstractBuilder.accept(AbstractBuilder.java:54)
Caused by: com.github.javaparser.resolution.UnsolvedSymbolException: Unsolved symbol in de.uka.ilkd.key.java.JavaParserFactory$DynamicTypeSolver@596fef4f : java.lang.Object
	at com.github.javaparser.resolution.TypeSolver.solveType(TypeSolver.java:71)

46894      ERROR Test worker     d.u.i.k.n.b.TacletPBuilder Override: #v (program Variable) #v (program Variable) 
46894      ERROR Test worker     d.u.i.k.n.b.TacletPBuilder Override: #vRightNew (program Variable) #vRightNew (program Variable) 
46894      ERROR Test worker     d.u.i.k.n.b.TacletPBuilder Override: #seLeft (program SimpleExpression) #seLeft (program SimpleExpression) 
46894      ERROR Test worker     d.u.i.k.n.b.TacletPBuilder Override: #nseRight (program NonSimpleExpression) #nseRight (program NonSimpleExpression) 
46894      ERROR Test worker     d.u.i.k.n.b.TacletPBuilder Override: post (formula) post (formula) 
46895      ERROR Test worker     d.u.i.k.n.b.AbstractBuilder  com.github.javaparser.resolution.UnsolvedSymbolException: Unsolved symbol in de.uka.ilkd.key.java.JavaParserFactory$DynamicTypeSolver@596fef4f : java.lang.Object
	at com.github.javaparser.resolution.TypeSolver.solveType(TypeSolver.java:71)

46895      ERROR Test worker     d.u.i.k.n.b.TacletPBuilder Error in parsing taclet. de.uka.ilkd.key.util.parsing.BuildingException: Unsolved symbol in de.uka.ilkd.key.java.JavaParserFactory$DynamicTypeSolver@596fef4f : java.lang.Object at file:/home/runner/work/key/key/key.core/build/resources/main/de/uka/ilkd/key/proof/rules/adtProgramDecompositionRules.key:215:15
	at de.uka.ilkd.key.nparser.builder.AbstractBuilder.accept(AbstractBuilder.java:54)
Caused by: com.github.javaparser.resolution.UnsolvedSymbolException: Unsolved symbol in de.uka.ilkd.key.java.JavaParserFactory$DynamicTypeSolver@596fef4f : java.lang.Object
	at com.github.javaparser.resolution.TypeSolver.solveType(TypeSolver.java:71)

46896      ERROR Test worker     d.u.i.k.n.b.TacletPBuilder Override: #v (program Variable) #v (program Variable) 
46896      ERROR Test worker     d.u.i.k.n.b.TacletPBuilder Override: #vLeftNew (program Variable) #vLeftNew (program Variable) 
46896      ERROR Test worker     d.u.i.k.n.b.TacletPBuilder Override: #nseLeft (program NonSimpleExpression) #nseLeft (program NonSimpleExpression) 
46896      ERROR Test worker     d.u.i.k.n.b.TacletPBuilder Override: #eRight (program Expression) #eRight (program Expression) 
46896      ERROR Test worker     d.u.i.k.n.b.TacletPBuilder Override: post (formula) post (formula) 
46897      ERROR Test worker     d.u.i.k.n.b.AbstractBuilder  com.github.javaparser.resolution.UnsolvedSymbolException: Unsolved symbol in de.uka.ilkd.key.java.JavaParserFactory$DynamicTypeSolver@596fef4f : java.lang.Object
	at com.github.javaparser.resolution.TypeSolver.solveType(TypeSolver.java:71)

46905      ERROR Test worker     d.u.i.k.n.b.TacletPBuilder Error in parsing taclet. de.uka.ilkd.key.util.parsing.BuildingException: Unsolved symbol in de.uka.ilkd.key.java.JavaParserFactory$DynamicTypeSolver@596fef4f : java.lang.Object at file:/home/runner/work/key/key/key.core/build/resources/main/de/uka/ilkd/key/proof/rules/adtProgramDecompositionRules.key:228:15
	at de.uka.ilkd.key.nparser.builder.AbstractBuilder.accept(AbstractBuilder.java:54)
Caused by: com.github.javaparser.resolution.UnsolvedSymbolException: Unsolved symbol in de.uka.ilkd.key.java.JavaParserFactory$DynamicTypeSolver@596fef4f : java.lang.Object
	at com.github.javaparser.resolution.TypeSolver.solveType(TypeSolver.java:71)

46905      ERROR Test worker     d.u.i.k.n.b.TacletPBuilder Override: #v (program Variable) #v (program Variable) 
46905      ERROR Test worker     d.u.i.k.n.b.TacletPBuilder Override: #seLeft (program SimpleExpression) #seLeft (program SimpleExpression) 
46905      ERROR Test worker     d.u.i.k.n.b.TacletPBuilder Override: #eRight (program Expression) #eRight (program Expression) 
46905      ERROR Test worker     d.u.i.k.n.b.TacletPBuilder Override: post (formula) post (formula) 
46906      ERROR Test worker     d.u.i.k.n.b.AbstractBuilder  com.github.javaparser.resolution.UnsolvedSymbolException: Unsolved symbol in de.uka.ilkd.key.java.JavaParserFactory$DynamicTypeSolver@596fef4f : java.lang.Object
	at com.github.javaparser.resolution.TypeSolver.solveType(TypeSolver.java:71)

46906      ERROR Test worker     d.u.i.k.n.b.TacletPBuilder Error in parsing taclet. de.uka.ilkd.key.util.parsing.BuildingException: Unsolved symbol in de.uka.ilkd.key.java.JavaParserFactory$DynamicTypeSolver@596fef4f : java.lang.Object at file:/home/runner/work/key/key/key.core/build/resources/main/de/uka/ilkd/key/proof/rules/adtProgramDecompositionRules.key:243:15
	at de.uka.ilkd.key.nparser.builder.AbstractBuilder.accept(AbstractBuilder.java:54)
Caused by: com.github.javaparser.resolution.UnsolvedSymbolException: Unsolved symbol in de.uka.ilkd.key.java.JavaParserFactory$DynamicTypeSolver@596fef4f : java.lang.Object
	at com.github.javaparser.resolution.TypeSolver.solveType(TypeSolver.java:71)

46906      ERROR Test worker     d.u.i.k.n.b.TacletPBuilder Override: #v (program Variable) #v (program Variable) 
46906      ERROR Test worker     d.u.i.k.n.b.TacletPBuilder Override: #vRightNew (program Variable) #vRightNew (program Variable) 
46906      ERROR Test worker     d.u.i.k.n.b.TacletPBuilder Override: #seLeft (program SimpleExpression) #seLeft (program SimpleExpression) 
46906      ERROR Test worker     d.u.i.k.n.b.TacletPBuilder Override: #nseRight (program NonSimpleExpression) #nseRight (program NonSimpleExpression) 
46906      ERROR Test worker     d.u.i.k.n.b.TacletPBuilder Override: post (formula) post (formula) 
46908      ERROR Test worker     d.u.i.k.n.b.AbstractBuilder  com.github.javaparser.resolution.UnsolvedSymbolException: Unsolved symbol in de.uka.ilkd.key.java.JavaParserFactory$DynamicTypeSolver@596fef4f : java.lang.Object
	at com.github.javaparser.resolution.TypeSolver.solveType(TypeSolver.java:71)

46908      ERROR Test worker     d.u.i.k.n.b.TacletPBuilder Error in parsing taclet. de.uka.ilkd.key.util.parsing.BuildingException: Unsolved symbol in de.uka.ilkd.key.java.JavaParserFactory$DynamicTypeSolver@596fef4f : java.lang.Object at file:/home/runner/work/key/key/key.core/build/resources/main/de/uka/ilkd/key/proof/rules/adtProgramDecompositionRules.key:256:15
	at de.uka.ilkd.key.nparser.builder.AbstractBuilder.accept(AbstractBuilder.java:54)
Caused by: com.github.javaparser.resolution.UnsolvedSymbolException: Unsolved symbol in de.uka.ilkd.key.java.JavaParserFactory$DynamicTypeSolver@596fef4f : java.lang.Object
	at com.github.javaparser.resolution.TypeSolver.solveType(TypeSolver.java:71)

46908      ERROR Test worker     d.u.i.k.n.b.TacletPBuilder Override: #v (program Variable) #v (program Variable) 
46908      ERROR Test worker     d.u.i.k.n.b.TacletPBuilder Override: post (formula) post (formula) 
46909      ERROR Test worker     d.u.i.k.n.b.AbstractBuilder  com.github.javaparser.resolution.UnsolvedSymbolException: Unsolved symbol in de.uka.ilkd.key.java.JavaParserFactory$DynamicTypeSolver@596fef4f : java.lang.Object
	at com.github.javaparser.resolution.TypeSolver.solveType(TypeSolver.java:71)

46910      ERROR Test worker     d.u.i.k.n.b.TacletPBuilder Error in parsing taclet. de.uka.ilkd.key.util.parsing.BuildingException: Unsolved symbol in de.uka.ilkd.key.java.JavaParserFactory$DynamicTypeSolver@596fef4f : java.lang.Object at file:/home/runner/work/key/key/key.core/build/resources/main/de/uka/ilkd/key/proof/rules/adtProgramDecompositionRules.key:268:15
	at de.uka.ilkd.key.nparser.builder.AbstractBuilder.accept(AbstractBuilder.java:54)
Caused by: com.github.javaparser.resolution.UnsolvedSymbolException: Unsolved symbol in de.uka.ilkd.key.java.JavaParserFactory$DynamicTypeSolver@596fef4f : java.lang.Object
	at com.github.javaparser.resolution.TypeSolver.solveType(TypeSolver.java:71)

46910      ERROR Test worker     d.u.i.k.n.b.TacletPBuilder Override: #v (program Variable) #v (program Variable) 
46910      ERROR Test worker     d.u.i.k.n.b.TacletPBuilder Override: #vNew (program Variable) #vNew (program Variable) 
46910      ERROR Test worker     d.u.i.k.n.b.TacletPBuilder Override: #nse (program NonSimpleExpression) #nse (program NonSimpleExpression) 
46910      ERROR Test worker     d.u.i.k.n.b.TacletPBuilder Override: post (formula) post (formula) 
46911      ERROR Test worker     d.u.i.k.n.b.AbstractBuilder  com.github.javaparser.resolution.UnsolvedSymbolException: Unsolved symbol in de.uka.ilkd.key.java.JavaParserFactory$DynamicTypeSolver@596fef4f : java.lang.Object
	at com.github.javaparser.resolution.TypeSolver.solveType(TypeSolver.java:71)

46911      ERROR Test worker     d.u.i.k.n.b.TacletPBuilder Error in parsing taclet. de.uka.ilkd.key.util.parsing.BuildingException: Unsolved symbol in de.uka.ilkd.key.java.JavaParserFactory$DynamicTypeSolver@596fef4f : java.lang.Object at file:/home/runner/work/key/key/key.core/build/resources/main/de/uka/ilkd/key/proof/rules/adtProgramDecompositionRules.key:281:15
	at de.uka.ilkd.key.nparser.builder.AbstractBuilder.accept(AbstractBuilder.java:54)
Caused by: com.github.javaparser.resolution.UnsolvedSymbolException: Unsolved symbol in de.uka.ilkd.key.java.JavaParserFactory$DynamicTypeSolver@596fef4f : java.lang.Object
	at com.github.javaparser.resolution.TypeSolver.solveType(TypeSolver.java:71)

46911      ERROR Test worker     d.u.i.k.n.b.TacletPBuilder Override: #v (program Variable) #v (program Variable) 
46911      ERROR Test worker     d.u.i.k.n.b.TacletPBuilder Override: #vNew (program Variable) #vNew (program Variable) 
46911      ERROR Test worker     d.u.i.k.n.b.TacletPBuilder Override: #nse (program NonSimpleExpression) #nse (program NonSimpleExpression) 
46911      ERROR Test worker     d.u.i.k.n.b.TacletPBuilder Override: post (formula) post (formula) 
46920      ERROR Test worker     d.u.i.k.n.b.AbstractBuilder  com.github.javaparser.resolution.UnsolvedSymbolException: Unsolved symbol in de.uka.ilkd.key.java.JavaParserFactory$DynamicTypeSolver@596fef4f : java.lang.Object
	at com.github.javaparser.resolution.TypeSolver.solveType(TypeSolver.java:71)

46920      ERROR Test worker     d.u.i.k.n.b.TacletPBuilder Error in parsing taclet. de.uka.ilkd.key.util.parsing.BuildingException: Unsolved symbol in de.uka.ilkd.key.java.JavaParserFactory$DynamicTypeSolver@596fef4f : java.lang.Object at file:/home/runner/work/key/key/key.core/build/resources/main/de/uka/ilkd/key/proof/rules/adtProgramDecompositionRules.key:294:15
	at de.uka.ilkd.key.nparser.builder.AbstractBuilder.accept(AbstractBuilder.java:54)
Caused by: com.github.javaparser.resolution.UnsolvedSymbolException: Unsolved symbol in de.uka.ilkd.key.java.JavaParserFactory$DynamicTypeSolver@596fef4f : java.lang.Object
	at com.github.javaparser.resolution.TypeSolver.solveType(TypeSolver.java:71)

47119      ERROR Test worker     d.u.i.k.n.b.AbstractBuilder  com.github.javaparser.resolution.UnsolvedSymbolException: Unsolved symbol in de.uka.ilkd.key.java.JavaParserFactory$DynamicTypeSolver@596fef4f : java.lang.Object
	at com.github.javaparser.resolution.TypeSolver.solveType(TypeSolver.java:71)

47120      ERROR Test worker     d.u.i.k.n.b.TacletPBuilder Error in parsing taclet. de.uka.ilkd.key.util.parsing.BuildingException: Unsolved symbol in de.uka.ilkd.key.java.JavaParserFactory$DynamicTypeSolver@596fef4f : java.lang.Object at file:/home/runner/work/key/key/key.core/build/resources/main/de/uka/ilkd/key/proof/rules/forLoopRules.key:12:15
	at de.uka.ilkd.key.nparser.builder.AbstractBuilder.accept(AbstractBuilder.java:54)
Caused by: com.github.javaparser.resolution.UnsolvedSymbolException: Unsolved symbol in de.uka.ilkd.key.java.JavaParserFactory$DynamicTypeSolver@596fef4f : java.lang.Object
	at com.github.javaparser.resolution.TypeSolver.solveType(TypeSolver.java:71)

47128      ERROR Test worker     d.u.i.k.n.b.AbstractBuilder  com.github.javaparser.resolution.UnsolvedSymbolException: Unsolved symbol in de.uka.ilkd.key.java.JavaParserFactory$DynamicTypeSolver@596fef4f : java.lang.Object
	at com.github.javaparser.resolution.TypeSolver.solveType(TypeSolver.java:71)

47128      ERROR Test worker     d.u.i.k.n.b.TacletPBuilder Error in parsing taclet. de.uka.ilkd.key.util.parsing.BuildingException: Unsolved symbol in de.uka.ilkd.key.java.JavaParserFactory$DynamicTypeSolver@596fef4f : java.lang.Object at file:/home/runner/work/key/key/key.core/build/resources/main/de/uka/ilkd/key/proof/rules/execRules.key:26:13
	at de.uka.ilkd.key.nparser.builder.AbstractBuilder.accept(AbstractBuilder.java:54)
Caused by: com.github.javaparser.resolution.UnsolvedSymbolException: Unsolved symbol in de.uka.ilkd.key.java.JavaParserFactory$DynamicTypeSolver@596fef4f : java.lang.Object
	at com.github.javaparser.resolution.TypeSolver.solveType(TypeSolver.java:71)

47130      ERROR Test worker     d.u.i.k.n.b.AbstractBuilder  com.github.javaparser.resolution.UnsolvedSymbolException: Unsolved symbol in de.uka.ilkd.key.java.JavaParserFactory$DynamicTypeSolver@596fef4f : java.lang.Object
	at com.github.javaparser.resolution.TypeSolver.solveType(TypeSolver.java:71)

47130      ERROR Test worker     d.u.i.k.n.b.TacletPBuilder Error in parsing taclet. de.uka.ilkd.key.util.parsing.BuildingException: Unsolved symbol in de.uka.ilkd.key.java.JavaParserFactory$DynamicTypeSolver@596fef4f : java.lang.Object at file:/home/runner/work/key/key/key.core/build/resources/main/de/uka/ilkd/key/proof/rules/execRules.key:37:13
	at de.uka.ilkd.key.nparser.builder.AbstractBuilder.accept(AbstractBuilder.java:54)
Caused by: com.github.javaparser.resolution.UnsolvedSymbolException: Unsolved symbol in de.uka.ilkd.key.java.JavaParserFactory$DynamicTypeSolver@596fef4f : java.lang.Object
	at com.github.javaparser.resolution.TypeSolver.solveType(TypeSolver.java:71)

47132      ERROR Test worker     d.u.i.k.n.b.AbstractBuilder  com.github.javaparser.resolution.UnsolvedSymbolException: Unsolved symbol in de.uka.ilkd.key.java.JavaParserFactory$DynamicTypeSolver@596fef4f : java.lang.Object
	at com.github.javaparser.resolution.TypeSolver.solveType(TypeSolver.java:71)

47133      ERROR Test worker     d.u.i.k.n.b.TacletPBuilder Error in parsing taclet. de.uka.ilkd.key.util.parsing.BuildingException: Unsolved symbol in de.uka.ilkd.key.java.JavaParserFactory$DynamicTypeSolver@596fef4f : java.lang.Object at file:/home/runner/work/key/key/key.core/build/resources/main/de/uka/ilkd/key/proof/rules/execRules.key:50:13
	at de.uka.ilkd.key.nparser.builder.AbstractBuilder.accept(AbstractBuilder.java:54)
Caused by: com.github.javaparser.resolution.UnsolvedSymbolException: Unsolved symbol in de.uka.ilkd.key.java.JavaParserFactory$DynamicTypeSolver@596fef4f : java.lang.Object
	at com.github.javaparser.resolution.TypeSolver.solveType(TypeSolver.java:71)

47134      ERROR Test worker     d.u.i.k.n.b.AbstractBuilder  com.github.javaparser.resolution.UnsolvedSymbolException: Unsolved symbol in de.uka.ilkd.key.java.JavaParserFactory$DynamicTypeSolver@596fef4f : java.lang.Object
	at com.github.javaparser.resolution.TypeSolver.solveType(TypeSolver.java:71)

47135      ERROR Test worker     d.u.i.k.n.b.TacletPBuilder Error in parsing taclet. de.uka.ilkd.key.util.parsing.BuildingException: Unsolved symbol in de.uka.ilkd.key.java.JavaParserFactory$DynamicTypeSolver@596fef4f : java.lang.Object at file:/home/runner/work/key/key/key.core/build/resources/main/de/uka/ilkd/key/proof/rules/execRules.key:64:13
	at de.uka.ilkd.key.nparser.builder.AbstractBuilder.accept(AbstractBuilder.java:54)
Caused by: com.github.javaparser.resolution.UnsolvedSymbolException: Unsolved symbol in de.uka.ilkd.key.java.JavaParserFactory$DynamicTypeSolver@596fef4f : java.lang.Object
	at com.github.javaparser.resolution.TypeSolver.solveType(TypeSolver.java:71)

47137      ERROR Test worker     d.u.i.k.n.b.AbstractBuilder  com.github.javaparser.resolution.UnsolvedSymbolException: Unsolved symbol in de.uka.ilkd.key.java.JavaParserFactory$DynamicTypeSolver@596fef4f : java.lang.Object
	at com.github.javaparser.resolution.TypeSolver.solveType(TypeSolver.java:71)

47137      ERROR Test worker     d.u.i.k.n.b.TacletPBuilder Error in parsing taclet. de.uka.ilkd.key.util.parsing.BuildingException: Unsolved symbol in de.uka.ilkd.key.java.JavaParserFactory$DynamicTypeSolver@596fef4f : java.lang.Object at file:/home/runner/work/key/key/key.core/build/resources/main/de/uka/ilkd/key/proof/rules/execRules.key:83:13
	at de.uka.ilkd.key.nparser.builder.AbstractBuilder.accept(AbstractBuilder.java:54)
Caused by: com.github.javaparser.resolution.UnsolvedSymbolException: Unsolved symbol in de.uka.ilkd.key.java.JavaParserFactory$DynamicTypeSolver@596fef4f : java.lang.Object
	at com.github.javaparser.resolution.TypeSolver.solveType(TypeSolver.java:71)

47139      ERROR Test worker     d.u.i.k.n.b.AbstractBuilder  com.github.javaparser.resolution.UnsolvedSymbolException: Unsolved symbol in de.uka.ilkd.key.java.JavaParserFactory$DynamicTypeSolver@596fef4f : java.lang.Object
	at com.github.javaparser.resolution.TypeSolver.solveType(TypeSolver.java:71)

47140      ERROR Test worker     d.u.i.k.n.b.TacletPBuilder Error in parsing taclet. de.uka.ilkd.key.util.parsing.BuildingException: Unsolved symbol in de.uka.ilkd.key.java.JavaParserFactory$DynamicTypeSolver@596fef4f : java.lang.Object at file:/home/runner/work/key/key/key.core/build/resources/main/de/uka/ilkd/key/proof/rules/execRules.key:97:13
	at de.uka.ilkd.key.nparser.builder.AbstractBuilder.accept(AbstractBuilder.java:54)
Caused by: com.github.javaparser.resolution.UnsolvedSymbolException: Unsolved symbol in de.uka.ilkd.key.java.JavaParserFactory$DynamicTypeSolver@596fef4f : java.lang.Object
	at com.github.javaparser.resolution.TypeSolver.solveType(TypeSolver.java:71)

47142      ERROR Test worker     d.u.i.k.n.b.AbstractBuilder  com.github.javaparser.resolution.UnsolvedSymbolException: Unsolved symbol in de.uka.ilkd.key.java.JavaParserFactory$DynamicTypeSolver@596fef4f : java.lang.Object
	at com.github.javaparser.resolution.TypeSolver.solveType(TypeSolver.java:71)

47142      ERROR Test worker     d.u.i.k.n.b.TacletPBuilder Error in parsing taclet. de.uka.ilkd.key.util.parsing.BuildingException: Unsolved symbol in de.uka.ilkd.key.java.JavaParserFactory$DynamicTypeSolver@596fef4f : java.lang.Object at file:/home/runner/work/key/key/key.core/build/resources/main/de/uka/ilkd/key/proof/rules/execRules.key:111:13
	at de.uka.ilkd.key.nparser.builder.AbstractBuilder.accept(AbstractBuilder.java:54)
Caused by: com.github.javaparser.resolution.UnsolvedSymbolException: Unsolved symbol in de.uka.ilkd.key.java.JavaParserFactory$DynamicTypeSolver@596fef4f : java.lang.Object
	at com.github.javaparser.resolution.TypeSolver.solveType(TypeSolver.java:71)

47144      ERROR Test worker     d.u.i.k.n.b.AbstractBuilder  com.github.javaparser.resolution.UnsolvedSymbolException: Unsolved symbol in de.uka.ilkd.key.java.JavaParserFactory$DynamicTypeSolver@596fef4f : java.lang.Object
	at com.github.javaparser.resolution.TypeSolver.solveType(TypeSolver.java:71)

47144      ERROR Test worker     d.u.i.k.n.b.TacletPBuilder Error in parsing taclet. de.uka.ilkd.key.util.parsing.BuildingException: Unsolved symbol in de.uka.ilkd.key.java.JavaParserFactory$DynamicTypeSolver@596fef4f : java.lang.Object at file:/home/runner/work/key/key/key.core/build/resources/main/de/uka/ilkd/key/proof/rules/execRules.key:125:13
	at de.uka.ilkd.key.nparser.builder.AbstractBuilder.accept(AbstractBuilder.java:54)
Caused by: com.github.javaparser.resolution.UnsolvedSymbolException: Unsolved symbol in de.uka.ilkd.key.java.JavaParserFactory$DynamicTypeSolver@596fef4f : java.lang.Object
	at com.github.javaparser.resolution.TypeSolver.solveType(TypeSolver.java:71)

47146      ERROR Test worker     d.u.i.k.n.b.AbstractBuilder  com.github.javaparser.resolution.UnsolvedSymbolException: Unsolved symbol in de.uka.ilkd.key.java.JavaParserFactory$DynamicTypeSolver@596fef4f : java.lang.Object
	at com.github.javaparser.resolution.TypeSolver.solveType(TypeSolver.java:71)

47147      ERROR Test worker     d.u.i.k.n.b.TacletPBuilder Error in parsing taclet. de.uka.ilkd.key.util.parsing.BuildingException: Unsolved symbol in de.uka.ilkd.key.java.JavaParserFactory$DynamicTypeSolver@596fef4f : java.lang.Object at file:/home/runner/work/key/key/key.core/build/resources/main/de/uka/ilkd/key/proof/rules/execRules.key:139:13
	at de.uka.ilkd.key.nparser.builder.AbstractBuilder.accept(AbstractBuilder.java:54)
Caused by: com.github.javaparser.resolution.UnsolvedSymbolException: Unsolved symbol in de.uka.ilkd.key.java.JavaParserFactory$DynamicTypeSolver@596fef4f : java.lang.Object
	at com.github.javaparser.resolution.TypeSolver.solveType(TypeSolver.java:71)

47148      ERROR Test worker     d.u.i.k.n.b.AbstractBuilder  com.github.javaparser.resolution.UnsolvedSymbolException: Unsolved symbol in de.uka.ilkd.key.java.JavaParserFactory$DynamicTypeSolver@596fef4f : java.lang.Object
	at com.github.javaparser.resolution.TypeSolver.solveType(TypeSolver.java:71)

47149      ERROR Test worker     d.u.i.k.n.b.TacletPBuilder Error in parsing taclet. de.uka.ilkd.key.util.parsing.BuildingException: Unsolved symbol in de.uka.ilkd.key.java.JavaParserFactory$DynamicTypeSolver@596fef4f : java.lang.Object at file:/home/runner/work/key/key/key.core/build/resources/main/de/uka/ilkd/key/proof/rules/execRules.key:153:13
	at de.uka.ilkd.key.nparser.builder.AbstractBuilder.accept(AbstractBuilder.java:54)
Caused by: com.github.javaparser.resolution.UnsolvedSymbolException: Unsolved symbol in de.uka.ilkd.key.java.JavaParserFactory$DynamicTypeSolver@596fef4f : java.lang.Object
	at com.github.javaparser.resolution.TypeSolver.solveType(TypeSolver.java:71)

47151      ERROR Test worker     d.u.i.k.n.b.AbstractBuilder  com.github.javaparser.resolution.UnsolvedSymbolException: Unsolved symbol in de.uka.ilkd.key.java.JavaParserFactory$DynamicTypeSolver@596fef4f : java.lang.Object
	at com.github.javaparser.resolution.TypeSolver.solveType(TypeSolver.java:71)

47151      ERROR Test worker     d.u.i.k.n.b.TacletPBuilder Error in parsing taclet. de.uka.ilkd.key.util.parsing.BuildingException: Unsolved symbol in de.uka.ilkd.key.java.JavaParserFactory$DynamicTypeSolver@596fef4f : java.lang.Object at file:/home/runner/work/key/key/key.core/build/resources/main/de/uka/ilkd/key/proof/rules/execRules.key:170:15
	at de.uka.ilkd.key.nparser.builder.AbstractBuilder.accept(AbstractBuilder.java:54)
Caused by: com.github.javaparser.resolution.UnsolvedSymbolException: Unsolved symbol in de.uka.ilkd.key.java.JavaParserFactory$DynamicTypeSolver@596fef4f : java.lang.Object
	at com.github.javaparser.resolution.TypeSolver.solveType(TypeSolver.java:71)

47153      ERROR Test worker     d.u.i.k.n.b.AbstractBuilder  com.github.javaparser.resolution.UnsolvedSymbolException: Unsolved symbol in de.uka.ilkd.key.java.JavaParserFactory$DynamicTypeSolver@596fef4f : java.lang.Object
	at com.github.javaparser.resolution.TypeSolver.solveType(TypeSolver.java:71)

47154      ERROR Test worker     d.u.i.k.n.b.TacletPBuilder Error in parsing taclet. de.uka.ilkd.key.util.parsing.BuildingException: Unsolved symbol in de.uka.ilkd.key.java.JavaParserFactory$DynamicTypeSolver@596fef4f : java.lang.Object at file:/home/runner/work/key/key/key.core/build/resources/main/de/uka/ilkd/key/proof/rules/execRules.key:187:15
	at de.uka.ilkd.key.nparser.builder.AbstractBuilder.accept(AbstractBuilder.java:54)
Caused by: com.github.javaparser.resolution.UnsolvedSymbolException: Unsolved symbol in de.uka.ilkd.key.java.JavaParserFactory$DynamicTypeSolver@596fef4f : java.lang.Object
	at com.github.javaparser.resolution.TypeSolver.solveType(TypeSolver.java:71)

47155      ERROR Test worker     d.u.i.k.n.b.AbstractBuilder  com.github.javaparser.resolution.UnsolvedSymbolException: Unsolved symbol in de.uka.ilkd.key.java.JavaParserFactory$DynamicTypeSolver@596fef4f : java.lang.Object
	at com.github.javaparser.resolution.TypeSolver.solveType(TypeSolver.java:71)

47156      ERROR Test worker     d.u.i.k.n.b.TacletPBuilder Error in parsing taclet. de.uka.ilkd.key.util.parsing.BuildingException: Unsolved symbol in de.uka.ilkd.key.java.JavaParserFactory$DynamicTypeSolver@596fef4f : java.lang.Object at file:/home/runner/work/key/key/key.core/build/resources/main/de/uka/ilkd/key/proof/rules/execRules.key:218:15
	at de.uka.ilkd.key.nparser.builder.AbstractBuilder.accept(AbstractBuilder.java:54)
Caused by: com.github.javaparser.resolution.UnsolvedSymbolException: Unsolved symbol in de.uka.ilkd.key.java.JavaParserFactory$DynamicTypeSolver@596fef4f : java.lang.Object
	at com.github.javaparser.resolution.TypeSolver.solveType(TypeSolver.java:71)

47158      ERROR Test worker     d.u.i.k.n.b.AbstractBuilder  com.github.javaparser.resolution.UnsolvedSymbolException: Unsolved symbol in de.uka.ilkd.key.java.JavaParserFactory$DynamicTypeSolver@596fef4f : java.lang.Object
	at com.github.javaparser.resolution.TypeSolver.solveType(TypeSolver.java:71)

47158      ERROR Test worker     d.u.i.k.n.b.TacletPBuilder Error in parsing taclet. de.uka.ilkd.key.util.parsing.BuildingException: Unsolved symbol in de.uka.ilkd.key.java.JavaParserFactory$DynamicTypeSolver@596fef4f : java.lang.Object at file:/home/runner/work/key/key/key.core/build/resources/main/de/uka/ilkd/key/proof/rules/execRules.key:235:15
	at de.uka.ilkd.key.nparser.builder.AbstractBuilder.accept(AbstractBuilder.java:54)
Caused by: com.github.javaparser.resolution.UnsolvedSymbolException: Unsolved symbol in de.uka.ilkd.key.java.JavaParserFactory$DynamicTypeSolver@596fef4f : java.lang.Object
	at com.github.javaparser.resolution.TypeSolver.solveType(TypeSolver.java:71)

47160      ERROR Test worker     d.u.i.k.n.b.AbstractBuilder  com.github.javaparser.resolution.UnsolvedSymbolException: Unsolved symbol in de.uka.ilkd.key.java.JavaParserFactory$DynamicTypeSolver@596fef4f : java.lang.Object
	at com.github.javaparser.resolution.TypeSolver.solveType(TypeSolver.java:71)

47160      ERROR Test worker     d.u.i.k.n.b.TacletPBuilder Error in parsing taclet. de.uka.ilkd.key.util.parsing.BuildingException: Unsolved symbol in de.uka.ilkd.key.java.JavaParserFactory$DynamicTypeSolver@596fef4f : java.lang.Object at file:/home/runner/work/key/key/key.core/build/resources/main/de/uka/ilkd/key/proof/rules/execRules.key:252:15
	at de.uka.ilkd.key.nparser.builder.AbstractBuilder.accept(AbstractBuilder.java:54)
Caused by: com.github.javaparser.resolution.UnsolvedSymbolException: Unsolved symbol in de.uka.ilkd.key.java.JavaParserFactory$DynamicTypeSolver@596fef4f : java.lang.Object
	at com.github.javaparser.resolution.TypeSolver.solveType(TypeSolver.java:71)

47162      ERROR Test worker     d.u.i.k.n.b.AbstractBuilder  com.github.javaparser.resolution.UnsolvedSymbolException: Unsolved symbol in de.uka.ilkd.key.java.JavaParserFactory$DynamicTypeSolver@596fef4f : java.lang.Object
	at com.github.javaparser.resolution.TypeSolver.solveType(TypeSolver.java:71)

47162      ERROR Test worker     d.u.i.k.n.b.TacletPBuilder Error in parsing taclet. de.uka.ilkd.key.util.parsing.BuildingException: Unsolved symbol in de.uka.ilkd.key.java.JavaParserFactory$DynamicTypeSolver@596fef4f : java.lang.Object at file:/home/runner/work/key/key/key.core/build/resources/main/de/uka/ilkd/key/proof/rules/execRules.key:269:15
	at de.uka.ilkd.key.nparser.builder.AbstractBuilder.accept(AbstractBuilder.java:54)
Caused by: com.github.javaparser.resolution.UnsolvedSymbolException: Unsolved symbol in de.uka.ilkd.key.java.JavaParserFactory$DynamicTypeSolver@596fef4f : java.lang.Object
	at com.github.javaparser.resolution.TypeSolver.solveType(TypeSolver.java:71)

47164      ERROR Test worker     d.u.i.k.n.b.AbstractBuilder  com.github.javaparser.resolution.UnsolvedSymbolException: Unsolved symbol in de.uka.ilkd.key.java.JavaParserFactory$DynamicTypeSolver@596fef4f : java.lang.Object
	at com.github.javaparser.resolution.TypeSolver.solveType(TypeSolver.java:71)

47165      ERROR Test worker     d.u.i.k.n.b.TacletPBuilder Error in parsing taclet. de.uka.ilkd.key.util.parsing.BuildingException: Unsolved symbol in de.uka.ilkd.key.java.JavaParserFactory$DynamicTypeSolver@596fef4f : java.lang.Object at file:/home/runner/work/key/key/key.core/build/resources/main/de/uka/ilkd/key/proof/rules/execRules.key:286:15
	at de.uka.ilkd.key.nparser.builder.AbstractBuilder.accept(AbstractBuilder.java:54)
Caused by: com.github.javaparser.resolution.UnsolvedSymbolException: Unsolved symbol in de.uka.ilkd.key.java.JavaParserFactory$DynamicTypeSolver@596fef4f : java.lang.Object
	at com.github.javaparser.resolution.TypeSolver.solveType(TypeSolver.java:71)

47166      ERROR Test worker     d.u.i.k.n.b.AbstractBuilder  com.github.javaparser.resolution.UnsolvedSymbolException: Unsolved symbol in de.uka.ilkd.key.java.JavaParserFactory$DynamicTypeSolver@596fef4f : java.lang.Object
	at com.github.javaparser.resolution.TypeSolver.solveType(TypeSolver.java:71)

47167      ERROR Test worker     d.u.i.k.n.b.TacletPBuilder Error in parsing taclet. de.uka.ilkd.key.util.parsing.BuildingException: Unsolved symbol in de.uka.ilkd.key.java.JavaParserFactory$DynamicTypeSolver@596fef4f : java.lang.Object at file:/home/runner/work/key/key/key.core/build/resources/main/de/uka/ilkd/key/proof/rules/execRules.key:303:15
	at de.uka.ilkd.key.nparser.builder.AbstractBuilder.accept(AbstractBuilder.java:54)
Caused by: com.github.javaparser.resolution.UnsolvedSymbolException: Unsolved symbol in de.uka.ilkd.key.java.JavaParserFactory$DynamicTypeSolver@596fef4f : java.lang.Object
	at com.github.javaparser.resolution.TypeSolver.solveType(TypeSolver.java:71)

47169      ERROR Test worker     d.u.i.k.n.b.AbstractBuilder  com.github.javaparser.resolution.UnsolvedSymbolException: Unsolved symbol in de.uka.ilkd.key.java.JavaParserFactory$DynamicTypeSolver@596fef4f : java.lang.Object
	at com.github.javaparser.resolution.TypeSolver.solveType(TypeSolver.java:71)

47169      ERROR Test worker     d.u.i.k.n.b.TacletPBuilder Error in parsing taclet. de.uka.ilkd.key.util.parsing.BuildingException: Unsolved symbol in de.uka.ilkd.key.java.JavaParserFactory$DynamicTypeSolver@596fef4f : java.lang.Object at file:/home/runner/work/key/key/key.core/build/resources/main/de/uka/ilkd/key/proof/rules/execRules.key:320:15
	at de.uka.ilkd.key.nparser.builder.AbstractBuilder.accept(AbstractBuilder.java:54)
Caused by: com.github.javaparser.resolution.UnsolvedSymbolException: Unsolved symbol in de.uka.ilkd.key.java.JavaParserFactory$DynamicTypeSolver@596fef4f : java.lang.Object
	at com.github.javaparser.resolution.TypeSolver.solveType(TypeSolver.java:71)

47171      ERROR Test worker     d.u.i.k.n.b.AbstractBuilder  com.github.javaparser.resolution.UnsolvedSymbolException: Unsolved symbol in de.uka.ilkd.key.java.JavaParserFactory$DynamicTypeSolver@596fef4f : java.lang.Object
	at com.github.javaparser.resolution.TypeSolver.solveType(TypeSolver.java:71)

47172      ERROR Test worker     d.u.i.k.n.b.TacletPBuilder Error in parsing taclet. de.uka.ilkd.key.util.parsing.BuildingException: Unsolved symbol in de.uka.ilkd.key.java.JavaParserFactory$DynamicTypeSolver@596fef4f : java.lang.Object at file:/home/runner/work/key/key/key.core/build/resources/main/de/uka/ilkd/key/proof/rules/execRules.key:337:15
	at de.uka.ilkd.key.nparser.builder.AbstractBuilder.accept(AbstractBuilder.java:54)
Caused by: com.github.javaparser.resolution.UnsolvedSymbolException: Unsolved symbol in de.uka.ilkd.key.java.JavaParserFactory$DynamicTypeSolver@596fef4f : java.lang.Object
	at com.github.javaparser.resolution.TypeSolver.solveType(TypeSolver.java:71)

47173      ERROR Test worker     d.u.i.k.n.b.AbstractBuilder  com.github.javaparser.resolution.UnsolvedSymbolException: Unsolved symbol in de.uka.ilkd.key.java.JavaParserFactory$DynamicTypeSolver@596fef4f : java.lang.Object
	at com.github.javaparser.resolution.TypeSolver.solveType(TypeSolver.java:71)

47174      ERROR Test worker     d.u.i.k.n.b.TacletPBuilder Error in parsing taclet. de.uka.ilkd.key.util.parsing.BuildingException: Unsolved symbol in de.uka.ilkd.key.java.JavaParserFactory$DynamicTypeSolver@596fef4f : java.lang.Object at file:/home/runner/work/key/key/key.core/build/resources/main/de/uka/ilkd/key/proof/rules/execRules.key:355:13
	at de.uka.ilkd.key.nparser.builder.AbstractBuilder.accept(AbstractBuilder.java:54)
Caused by: com.github.javaparser.resolution.UnsolvedSymbolException: Unsolved symbol in de.uka.ilkd.key.java.JavaParserFactory$DynamicTypeSolver@596fef4f : java.lang.Object
	at com.github.javaparser.resolution.TypeSolver.solveType(TypeSolver.java:71)

47176      ERROR Test worker     d.u.i.k.n.b.AbstractBuilder  com.github.javaparser.resolution.UnsolvedSymbolException: Unsolved symbol in de.uka.ilkd.key.java.JavaParserFactory$DynamicTypeSolver@596fef4f : java.lang.Object
	at com.github.javaparser.resolution.TypeSolver.solveType(TypeSolver.java:71)

47176      ERROR Test worker     d.u.i.k.n.b.TacletPBuilder Error in parsing taclet. de.uka.ilkd.key.util.parsing.BuildingException: Unsolved symbol in de.uka.ilkd.key.java.JavaParserFactory$DynamicTypeSolver@596fef4f : java.lang.Object at file:/home/runner/work/key/key/key.core/build/resources/main/de/uka/ilkd/key/proof/rules/execRules.key:370:15
	at de.uka.ilkd.key.nparser.builder.AbstractBuilder.accept(AbstractBuilder.java:54)
Caused by: com.github.javaparser.resolution.UnsolvedSymbolException: Unsolved symbol in de.uka.ilkd.key.java.JavaParserFactory$DynamicTypeSolver@596fef4f : java.lang.Object
	at com.github.javaparser.resolution.TypeSolver.solveType(TypeSolver.java:71)

47178      ERROR Test worker     d.u.i.k.n.b.AbstractBuilder  com.github.javaparser.resolution.UnsolvedSymbolException: Unsolved symbol in de.uka.ilkd.key.java.JavaParserFactory$DynamicTypeSolver@596fef4f : java.lang.Object
	at com.github.javaparser.resolution.TypeSolver.solveType(TypeSolver.java:71)

47178      ERROR Test worker     d.u.i.k.n.b.TacletPBuilder Error in parsing taclet. de.uka.ilkd.key.util.parsing.BuildingException: Unsolved symbol in de.uka.ilkd.key.java.JavaParserFactory$DynamicTypeSolver@596fef4f : java.lang.Object at file:/home/runner/work/key/key/key.core/build/resources/main/de/uka/ilkd/key/proof/rules/execRules.key:388:15
	at de.uka.ilkd.key.nparser.builder.AbstractBuilder.accept(AbstractBuilder.java:54)
Caused by: com.github.javaparser.resolution.UnsolvedSymbolException: Unsolved symbol in de.uka.ilkd.key.java.JavaParserFactory$DynamicTypeSolver@596fef4f : java.lang.Object
	at com.github.javaparser.resolution.TypeSolver.solveType(TypeSolver.java:71)

47180      ERROR Test worker     d.u.i.k.n.b.AbstractBuilder  com.github.javaparser.resolution.UnsolvedSymbolException: Unsolved symbol in de.uka.ilkd.key.java.JavaParserFactory$DynamicTypeSolver@596fef4f : java.lang.Object
	at com.github.javaparser.resolution.TypeSolver.solveType(TypeSolver.java:71)

47181      ERROR Test worker     d.u.i.k.n.b.TacletPBuilder Error in parsing taclet. de.uka.ilkd.key.util.parsing.BuildingException: Unsolved symbol in de.uka.ilkd.key.java.JavaParserFactory$DynamicTypeSolver@596fef4f : java.lang.Object at file:/home/runner/work/key/key/key.core/build/resources/main/de/uka/ilkd/key/proof/rules/execRules.key:405:15
	at de.uka.ilkd.key.nparser.builder.AbstractBuilder.accept(AbstractBuilder.java:54)
Caused by: com.github.javaparser.resolution.UnsolvedSymbolException: Unsolved symbol in de.uka.ilkd.key.java.JavaParserFactory$DynamicTypeSolver@596fef4f : java.lang.Object
	at com.github.javaparser.resolution.TypeSolver.solveType(TypeSolver.java:71)

47182      ERROR Test worker     d.u.i.k.n.b.AbstractBuilder  com.github.javaparser.resolution.UnsolvedSymbolException: Unsolved symbol in de.uka.ilkd.key.java.JavaParserFactory$DynamicTypeSolver@596fef4f : java.lang.Object
	at com.github.javaparser.resolution.TypeSolver.solveType(TypeSolver.java:71)

47183      ERROR Test worker     d.u.i.k.n.b.TacletPBuilder Error in parsing taclet. de.uka.ilkd.key.util.parsing.BuildingException: Unsolved symbol in de.uka.ilkd.key.java.JavaParserFactory$DynamicTypeSolver@596fef4f : java.lang.Object at file:/home/runner/work/key/key/key.core/build/resources/main/de/uka/ilkd/key/proof/rules/execRules.key:422:15
	at de.uka.ilkd.key.nparser.builder.AbstractBuilder.accept(AbstractBuilder.java:54)
Caused by: com.github.javaparser.resolution.UnsolvedSymbolException: Unsolved symbol in de.uka.ilkd.key.java.JavaParserFactory$DynamicTypeSolver@596fef4f : java.lang.Object
	at com.github.javaparser.resolution.TypeSolver.solveType(TypeSolver.java:71)

47185      ERROR Test worker     d.u.i.k.n.b.AbstractBuilder  com.github.javaparser.resolution.UnsolvedSymbolException: Unsolved symbol in de.uka.ilkd.key.java.JavaParserFactory$DynamicTypeSolver@596fef4f : java.lang.Object
	at com.github.javaparser.resolution.TypeSolver.solveType(TypeSolver.java:71)

47185      ERROR Test worker     d.u.i.k.n.b.TacletPBuilder Error in parsing taclet. de.uka.ilkd.key.util.parsing.BuildingException: Unsolved symbol in de.uka.ilkd.key.java.JavaParserFactory$DynamicTypeSolver@596fef4f : java.lang.Object at file:/home/runner/work/key/key/key.core/build/resources/main/de/uka/ilkd/key/proof/rules/execRules.key:439:15
	at de.uka.ilkd.key.nparser.builder.AbstractBuilder.accept(AbstractBuilder.java:54)
Caused by: com.github.javaparser.resolution.UnsolvedSymbolException: Unsolved symbol in de.uka.ilkd.key.java.JavaParserFactory$DynamicTypeSolver@596fef4f : java.lang.Object
	at com.github.javaparser.resolution.TypeSolver.solveType(TypeSolver.java:71)

47187      ERROR Test worker     d.u.i.k.n.b.AbstractBuilder  com.github.javaparser.resolution.UnsolvedSymbolException: Unsolved symbol in de.uka.ilkd.key.java.JavaParserFactory$DynamicTypeSolver@596fef4f : java.lang.Object
	at com.github.javaparser.resolution.TypeSolver.solveType(TypeSolver.java:71)

47187      ERROR Test worker     d.u.i.k.n.b.TacletPBuilder Error in parsing taclet. de.uka.ilkd.key.util.parsing.BuildingException: Unsolved symbol in de.uka.ilkd.key.java.JavaParserFactory$DynamicTypeSolver@596fef4f : java.lang.Object at file:/home/runner/work/key/key/key.core/build/resources/main/de/uka/ilkd/key/proof/rules/execRules.key:456:15
	at de.uka.ilkd.key.nparser.builder.AbstractBuilder.accept(AbstractBuilder.java:54)
Caused by: com.github.javaparser.resolution.UnsolvedSymbolException: Unsolved symbol in de.uka.ilkd.key.java.JavaParserFactory$DynamicTypeSolver@596fef4f : java.lang.Object
	at com.github.javaparser.resolution.TypeSolver.solveType(TypeSolver.java:71)

47189      ERROR Test worker     d.u.i.k.n.b.AbstractBuilder  com.github.javaparser.resolution.UnsolvedSymbolException: Unsolved symbol in de.uka.ilkd.key.java.JavaParserFactory$DynamicTypeSolver@596fef4f : java.lang.Object
	at com.github.javaparser.resolution.TypeSolver.solveType(TypeSolver.java:71)

47190      ERROR Test worker     d.u.i.k.n.b.TacletPBuilder Error in parsing taclet. de.uka.ilkd.key.util.parsing.BuildingException: Unsolved symbol in de.uka.ilkd.key.java.JavaParserFactory$DynamicTypeSolver@596fef4f : java.lang.Object at file:/home/runner/work/key/key/key.core/build/resources/main/de/uka/ilkd/key/proof/rules/execRules.key:473:15
	at de.uka.ilkd.key.nparser.builder.AbstractBuilder.accept(AbstractBuilder.java:54)
Caused by: com.github.javaparser.resolution.UnsolvedSymbolException: Unsolved symbol in de.uka.ilkd.key.java.JavaParserFactory$DynamicTypeSolver@596fef4f : java.lang.Object
	at com.github.javaparser.resolution.TypeSolver.solveType(TypeSolver.java:71)

47191      ERROR Test worker     d.u.i.k.n.b.AbstractBuilder  com.github.javaparser.resolution.UnsolvedSymbolException: Unsolved symbol in de.uka.ilkd.key.java.JavaParserFactory$DynamicTypeSolver@596fef4f : java.lang.Object
	at com.github.javaparser.resolution.TypeSolver.solveType(TypeSolver.java:71)

47192      ERROR Test worker     d.u.i.k.n.b.TacletPBuilder Error in parsing taclet. de.uka.ilkd.key.util.parsing.BuildingException: Unsolved symbol in de.uka.ilkd.key.java.JavaParserFactory$DynamicTypeSolver@596fef4f : java.lang.Object at file:/home/runner/work/key/key/key.core/build/resources/main/de/uka/ilkd/key/proof/rules/execRules.key:490:15
	at de.uka.ilkd.key.nparser.builder.AbstractBuilder.accept(AbstractBuilder.java:54)
Caused by: com.github.javaparser.resolution.UnsolvedSymbolException: Unsolved symbol in de.uka.ilkd.key.java.JavaParserFactory$DynamicTypeSolver@596fef4f : java.lang.Object
	at com.github.javaparser.resolution.TypeSolver.solveType(TypeSolver.java:71)

47193      ERROR Test worker     d.u.i.k.n.b.AbstractBuilder  com.github.javaparser.resolution.UnsolvedSymbolException: Unsolved symbol in de.uka.ilkd.key.java.JavaParserFactory$DynamicTypeSolver@596fef4f : java.lang.Object
	at com.github.javaparser.resolution.TypeSolver.solveType(TypeSolver.java:71)

47194      ERROR Test worker     d.u.i.k.n.b.TacletPBuilder Error in parsing taclet. de.uka.ilkd.key.util.parsing.BuildingException: Unsolved symbol in de.uka.ilkd.key.java.JavaParserFactory$DynamicTypeSolver@596fef4f : java.lang.Object at file:/home/runner/work/key/key/key.core/build/resources/main/de/uka/ilkd/key/proof/rules/execRules.key:507:15
	at de.uka.ilkd.key.nparser.builder.AbstractBuilder.accept(AbstractBuilder.java:54)
Caused by: com.github.javaparser.resolution.UnsolvedSymbolException: Unsolved symbol in de.uka.ilkd.key.java.JavaParserFactory$DynamicTypeSolver@596fef4f : java.lang.Object
	at com.github.javaparser.resolution.TypeSolver.solveType(TypeSolver.java:71)

47196      ERROR Test worker     d.u.i.k.n.b.AbstractBuilder  com.github.javaparser.resolution.UnsolvedSymbolException: Unsolved symbol in de.uka.ilkd.key.java.JavaParserFactory$DynamicTypeSolver@596fef4f : java.lang.Object
	at com.github.javaparser.resolution.TypeSolver.solveType(TypeSolver.java:71)

47196      ERROR Test worker     d.u.i.k.n.b.TacletPBuilder Error in parsing taclet. de.uka.ilkd.key.util.parsing.BuildingException: Unsolved symbol in de.uka.ilkd.key.java.JavaParserFactory$DynamicTypeSolver@596fef4f : java.lang.Object at file:/home/runner/work/key/key/key.core/build/resources/main/de/uka/ilkd/key/proof/rules/execRules.key:523:15
	at de.uka.ilkd.key.nparser.builder.AbstractBuilder.accept(AbstractBuilder.java:54)
Caused by: com.github.javaparser.resolution.UnsolvedSymbolException: Unsolved symbol in de.uka.ilkd.key.java.JavaParserFactory$DynamicTypeSolver@596fef4f : java.lang.Object
	at com.github.javaparser.resolution.TypeSolver.solveType(TypeSolver.java:71)

47198      ERROR Test worker     d.u.i.k.n.b.AbstractBuilder  com.github.javaparser.resolution.UnsolvedSymbolException: Unsolved symbol in de.uka.ilkd.key.java.JavaParserFactory$DynamicTypeSolver@596fef4f : java.lang.Object
	at com.github.javaparser.resolution.TypeSolver.solveType(TypeSolver.java:71)

47198      ERROR Test worker     d.u.i.k.n.b.TacletPBuilder Error in parsing taclet. de.uka.ilkd.key.util.parsing.BuildingException: Unsolved symbol in de.uka.ilkd.key.java.JavaParserFactory$DynamicTypeSolver@596fef4f : java.lang.Object at file:/home/runner/work/key/key/key.core/build/resources/main/de/uka/ilkd/key/proof/rules/execRules.key:541:15
	at de.uka.ilkd.key.nparser.builder.AbstractBuilder.accept(AbstractBuilder.java:54)
Caused by: com.github.javaparser.resolution.UnsolvedSymbolException: Unsolved symbol in de.uka.ilkd.key.java.JavaParserFactory$DynamicTypeSolver@596fef4f : java.lang.Object
	at com.github.javaparser.resolution.TypeSolver.solveType(TypeSolver.java:71)

47200      ERROR Test worker     d.u.i.k.n.b.AbstractBuilder  com.github.javaparser.resolution.UnsolvedSymbolException: Unsolved symbol in de.uka.ilkd.key.java.JavaParserFactory$DynamicTypeSolver@596fef4f : java.lang.Object
	at com.github.javaparser.resolution.TypeSolver.solveType(TypeSolver.java:71)

47200      ERROR Test worker     d.u.i.k.n.b.TacletPBuilder Error in parsing taclet. de.uka.ilkd.key.util.parsing.BuildingException: Unsolved symbol in de.uka.ilkd.key.java.JavaParserFactory$DynamicTypeSolver@596fef4f : java.lang.Object at file:/home/runner/work/key/key/key.core/build/resources/main/de/uka/ilkd/key/proof/rules/execRules.key:558:15
	at de.uka.ilkd.key.nparser.builder.AbstractBuilder.accept(AbstractBuilder.java:54)
Caused by: com.github.javaparser.resolution.UnsolvedSymbolException: Unsolved symbol in de.uka.ilkd.key.java.JavaParserFactory$DynamicTypeSolver@596fef4f : java.lang.Object
	at com.github.javaparser.resolution.TypeSolver.solveType(TypeSolver.java:71)

47202      ERROR Test worker     d.u.i.k.n.b.AbstractBuilder  com.github.javaparser.resolution.UnsolvedSymbolException: Unsolved symbol in de.uka.ilkd.key.java.JavaParserFactory$DynamicTypeSolver@596fef4f : java.lang.Object
	at com.github.javaparser.resolution.TypeSolver.solveType(TypeSolver.java:71)

47203      ERROR Test worker     d.u.i.k.n.b.TacletPBuilder Error in parsing taclet. de.uka.ilkd.key.util.parsing.BuildingException: Unsolved symbol in de.uka.ilkd.key.java.JavaParserFactory$DynamicTypeSolver@596fef4f : java.lang.Object at file:/home/runner/work/key/key/key.core/build/resources/main/de/uka/ilkd/key/proof/rules/execRules.key:575:15
	at de.uka.ilkd.key.nparser.builder.AbstractBuilder.accept(AbstractBuilder.java:54)
Caused by: com.github.javaparser.resolution.UnsolvedSymbolException: Unsolved symbol in de.uka.ilkd.key.java.JavaParserFactory$DynamicTypeSolver@596fef4f : java.lang.Object
	at com.github.javaparser.resolution.TypeSolver.solveType(TypeSolver.java:71)

47205      ERROR Test worker     d.u.i.k.n.b.AbstractBuilder  com.github.javaparser.resolution.UnsolvedSymbolException: Unsolved symbol in de.uka.ilkd.key.java.JavaParserFactory$DynamicTypeSolver@596fef4f : java.lang.Object
	at com.github.javaparser.resolution.TypeSolver.solveType(TypeSolver.java:71)

47205      ERROR Test worker     d.u.i.k.n.b.TacletPBuilder Error in parsing taclet. de.uka.ilkd.key.util.parsing.BuildingException: Unsolved symbol in de.uka.ilkd.key.java.JavaParserFactory$DynamicTypeSolver@596fef4f : java.lang.Object at file:/home/runner/work/key/key/key.core/build/resources/main/de/uka/ilkd/key/proof/rules/execRules.key:592:15
	at de.uka.ilkd.key.nparser.builder.AbstractBuilder.accept(AbstractBuilder.java:54)
Caused by: com.github.javaparser.resolution.UnsolvedSymbolException: Unsolved symbol in de.uka.ilkd.key.java.JavaParserFactory$DynamicTypeSolver@596fef4f : java.lang.Object
	at com.github.javaparser.resolution.TypeSolver.solveType(TypeSolver.java:71)

47207      ERROR Test worker     d.u.i.k.n.b.AbstractBuilder  com.github.javaparser.resolution.UnsolvedSymbolException: Unsolved symbol in de.uka.ilkd.key.java.JavaParserFactory$DynamicTypeSolver@596fef4f : java.lang.Object
	at com.github.javaparser.resolution.TypeSolver.solveType(TypeSolver.java:71)

47207      ERROR Test worker     d.u.i.k.n.b.TacletPBuilder Error in parsing taclet. de.uka.ilkd.key.util.parsing.BuildingException: Unsolved symbol in de.uka.ilkd.key.java.JavaParserFactory$DynamicTypeSolver@596fef4f : java.lang.Object at file:/home/runner/work/key/key/key.core/build/resources/main/de/uka/ilkd/key/proof/rules/execRules.key:609:15
	at de.uka.ilkd.key.nparser.builder.AbstractBuilder.accept(AbstractBuilder.java:54)
Caused by: com.github.javaparser.resolution.UnsolvedSymbolException: Unsolved symbol in de.uka.ilkd.key.java.JavaParserFactory$DynamicTypeSolver@596fef4f : java.lang.Object
	at com.github.javaparser.resolution.TypeSolver.solveType(TypeSolver.java:71)

47209      ERROR Test worker     d.u.i.k.n.b.AbstractBuilder  com.github.javaparser.resolution.UnsolvedSymbolException: Unsolved symbol in de.uka.ilkd.key.java.JavaParserFactory$DynamicTypeSolver@596fef4f : java.lang.Object
	at com.github.javaparser.resolution.TypeSolver.solveType(TypeSolver.java:71)

47209      ERROR Test worker     d.u.i.k.n.b.TacletPBuilder Error in parsing taclet. de.uka.ilkd.key.util.parsing.BuildingException: Unsolved symbol in de.uka.ilkd.key.java.JavaParserFactory$DynamicTypeSolver@596fef4f : java.lang.Object at file:/home/runner/work/key/key/key.core/build/resources/main/de/uka/ilkd/key/proof/rules/execRules.key:626:15
	at de.uka.ilkd.key.nparser.builder.AbstractBuilder.accept(AbstractBuilder.java:54)
Caused by: com.github.javaparser.resolution.UnsolvedSymbolException: Unsolved symbol in de.uka.ilkd.key.java.JavaParserFactory$DynamicTypeSolver@596fef4f : java.lang.Object
	at com.github.javaparser.resolution.TypeSolver.solveType(TypeSolver.java:71)

47211      ERROR Test worker     d.u.i.k.n.b.AbstractBuilder  com.github.javaparser.resolution.UnsolvedSymbolException: Unsolved symbol in de.uka.ilkd.key.java.JavaParserFactory$DynamicTypeSolver@596fef4f : java.lang.Object
	at com.github.javaparser.resolution.TypeSolver.solveType(TypeSolver.java:71)

47211      ERROR Test worker     d.u.i.k.n.b.TacletPBuilder Error in parsing taclet. de.uka.ilkd.key.util.parsing.BuildingException: Unsolved symbol in de.uka.ilkd.key.java.JavaParserFactory$DynamicTypeSolver@596fef4f : java.lang.Object at file:/home/runner/work/key/key/key.core/build/resources/main/de/uka/ilkd/key/proof/rules/execRules.key:643:15
	at de.uka.ilkd.key.nparser.builder.AbstractBuilder.accept(AbstractBuilder.java:54)
Caused by: com.github.javaparser.resolution.UnsolvedSymbolException: Unsolved symbol in de.uka.ilkd.key.java.JavaParserFactory$DynamicTypeSolver@596fef4f : java.lang.Object
	at com.github.javaparser.resolution.TypeSolver.solveType(TypeSolver.java:71)

47213      ERROR Test worker     d.u.i.k.n.b.AbstractBuilder  com.github.javaparser.resolution.UnsolvedSymbolException: Unsolved symbol in de.uka.ilkd.key.java.JavaParserFactory$DynamicTypeSolver@596fef4f : java.lang.Object
	at com.github.javaparser.resolution.TypeSolver.solveType(TypeSolver.java:71)

47214      ERROR Test worker     d.u.i.k.n.b.TacletPBuilder Error in parsing taclet. de.uka.ilkd.key.util.parsing.BuildingException: Unsolved symbol in de.uka.ilkd.key.java.JavaParserFactory$DynamicTypeSolver@596fef4f : java.lang.Object at file:/home/runner/work/key/key/key.core/build/resources/main/de/uka/ilkd/key/proof/rules/execRules.key:659:15
	at de.uka.ilkd.key.nparser.builder.AbstractBuilder.accept(AbstractBuilder.java:54)
Caused by: com.github.javaparser.resolution.UnsolvedSymbolException: Unsolved symbol in de.uka.ilkd.key.java.JavaParserFactory$DynamicTypeSolver@596fef4f : java.lang.Object
	at com.github.javaparser.resolution.TypeSolver.solveType(TypeSolver.java:71)

47215      ERROR Test worker     d.u.i.k.n.b.AbstractBuilder  com.github.javaparser.resolution.UnsolvedSymbolException: Unsolved symbol in de.uka.ilkd.key.java.JavaParserFactory$DynamicTypeSolver@596fef4f : java.lang.Object
	at com.github.javaparser.resolution.TypeSolver.solveType(TypeSolver.java:71)

47216      ERROR Test worker     d.u.i.k.n.b.TacletPBuilder Error in parsing taclet. de.uka.ilkd.key.util.parsing.BuildingException: Unsolved symbol in de.uka.ilkd.key.java.JavaParserFactory$DynamicTypeSolver@596fef4f : java.lang.Object at file:/home/runner/work/key/key/key.core/build/resources/main/de/uka/ilkd/key/proof/rules/execRules.key:675:15
	at de.uka.ilkd.key.nparser.builder.AbstractBuilder.accept(AbstractBuilder.java:54)
Caused by: com.github.javaparser.resolution.UnsolvedSymbolException: Unsolved symbol in de.uka.ilkd.key.java.JavaParserFactory$DynamicTypeSolver@596fef4f : java.lang.Object
	at com.github.javaparser.resolution.TypeSolver.solveType(TypeSolver.java:71)

47218      ERROR Test worker     d.u.i.k.n.b.AbstractBuilder  com.github.javaparser.resolution.UnsolvedSymbolException: Unsolved symbol in de.uka.ilkd.key.java.JavaParserFactory$DynamicTypeSolver@596fef4f : java.lang.Object
	at com.github.javaparser.resolution.TypeSolver.solveType(TypeSolver.java:71)

47218      ERROR Test worker     d.u.i.k.n.b.TacletPBuilder Error in parsing taclet. de.uka.ilkd.key.util.parsing.BuildingException: Unsolved symbol in de.uka.ilkd.key.java.JavaParserFactory$DynamicTypeSolver@596fef4f : java.lang.Object at file:/home/runner/work/key/key/key.core/build/resources/main/de/uka/ilkd/key/proof/rules/execRules.key:691:15
	at de.uka.ilkd.key.nparser.builder.AbstractBuilder.accept(AbstractBuilder.java:54)
Caused by: com.github.javaparser.resolution.UnsolvedSymbolException: Unsolved symbol in de.uka.ilkd.key.java.JavaParserFactory$DynamicTypeSolver@596fef4f : java.lang.Object
	at com.github.javaparser.resolution.TypeSolver.solveType(TypeSolver.java:71)

47230      ERROR Test worker     d.u.i.k.n.b.AbstractBuilder  com.github.javaparser.resolution.UnsolvedSymbolException: Unsolved symbol in de.uka.ilkd.key.java.JavaParserFactory$DynamicTypeSolver@596fef4f : java.lang.Object
	at com.github.javaparser.resolution.TypeSolver.solveType(TypeSolver.java:71)

47230      ERROR Test worker     d.u.i.k.n.b.TacletPBuilder Error in parsing taclet. de.uka.ilkd.key.util.parsing.BuildingException: Unsolved symbol in de.uka.ilkd.key.java.JavaParserFactory$DynamicTypeSolver@596fef4f : java.lang.Object at file:/home/runner/work/key/key/key.core/build/resources/main/de/uka/ilkd/key/proof/rules/execRules.key:711:15
	at de.uka.ilkd.key.nparser.builder.AbstractBuilder.accept(AbstractBuilder.java:54)
Caused by: com.github.javaparser.resolution.UnsolvedSymbolException: Unsolved symbol in de.uka.ilkd.key.java.JavaParserFactory$DynamicTypeSolver@596fef4f : java.lang.Object
	at com.github.javaparser.resolution.TypeSolver.solveType(TypeSolver.java:71)

47232      ERROR Test worker     d.u.i.k.n.b.AbstractBuilder  com.github.javaparser.resolution.UnsolvedSymbolException: Unsolved symbol in de.uka.ilkd.key.java.JavaParserFactory$DynamicTypeSolver@596fef4f : java.lang.Object
	at com.github.javaparser.resolution.TypeSolver.solveType(TypeSolver.java:71)

47232      ERROR Test worker     d.u.i.k.n.b.TacletPBuilder Error in parsing taclet. de.uka.ilkd.key.util.parsing.BuildingException: Unsolved symbol in de.uka.ilkd.key.java.JavaParserFactory$DynamicTypeSolver@596fef4f : java.lang.Object at file:/home/runner/work/key/key/key.core/build/resources/main/de/uka/ilkd/key/proof/rules/execRules.key:728:15
	at de.uka.ilkd.key.nparser.builder.AbstractBuilder.accept(AbstractBuilder.java:54)
Caused by: com.github.javaparser.resolution.UnsolvedSymbolException: Unsolved symbol in de.uka.ilkd.key.java.JavaParserFactory$DynamicTypeSolver@596fef4f : java.lang.Object
	at com.github.javaparser.resolution.TypeSolver.solveType(TypeSolver.java:71)

47234      ERROR Test worker     d.u.i.k.n.b.AbstractBuilder  com.github.javaparser.resolution.UnsolvedSymbolException: Unsolved symbol in de.uka.ilkd.key.java.JavaParserFactory$DynamicTypeSolver@596fef4f : java.lang.Object
	at com.github.javaparser.resolution.TypeSolver.solveType(TypeSolver.java:71)

47234      ERROR Test worker     d.u.i.k.n.b.TacletPBuilder Error in parsing taclet. de.uka.ilkd.key.util.parsing.BuildingException: Unsolved symbol in de.uka.ilkd.key.java.JavaParserFactory$DynamicTypeSolver@596fef4f : java.lang.Object at file:/home/runner/work/key/key/key.core/build/resources/main/de/uka/ilkd/key/proof/rules/execRules.key:745:15
	at de.uka.ilkd.key.nparser.builder.AbstractBuilder.accept(AbstractBuilder.java:54)
Caused by: com.github.javaparser.resolution.UnsolvedSymbolException: Unsolved symbol in de.uka.ilkd.key.java.JavaParserFactory$DynamicTypeSolver@596fef4f : java.lang.Object
	at com.github.javaparser.resolution.TypeSolver.solveType(TypeSolver.java:71)

47236      ERROR Test worker     d.u.i.k.n.b.AbstractBuilder  com.github.javaparser.resolution.UnsolvedSymbolException: Unsolved symbol in de.uka.ilkd.key.java.JavaParserFactory$DynamicTypeSolver@596fef4f : java.lang.Object
	at com.github.javaparser.resolution.TypeSolver.solveType(TypeSolver.java:71)

47237      ERROR Test worker     d.u.i.k.n.b.TacletPBuilder Error in parsing taclet. de.uka.ilkd.key.util.parsing.BuildingException: Unsolved symbol in de.uka.ilkd.key.java.JavaParserFactory$DynamicTypeSolver@596fef4f : java.lang.Object at file:/home/runner/work/key/key/key.core/build/resources/main/de/uka/ilkd/key/proof/rules/execRules.key:762:15
	at de.uka.ilkd.key.nparser.builder.AbstractBuilder.accept(AbstractBuilder.java:54)
Caused by: com.github.javaparser.resolution.UnsolvedSymbolException: Unsolved symbol in de.uka.ilkd.key.java.JavaParserFactory$DynamicTypeSolver@596fef4f : java.lang.Object
	at com.github.javaparser.resolution.TypeSolver.solveType(TypeSolver.java:71)

47239      ERROR Test worker     d.u.i.k.n.b.AbstractBuilder  com.github.javaparser.resolution.UnsolvedSymbolException: Unsolved symbol in de.uka.ilkd.key.java.JavaParserFactory$DynamicTypeSolver@596fef4f : java.lang.Object
	at com.github.javaparser.resolution.TypeSolver.solveType(TypeSolver.java:71)

47239      ERROR Test worker     d.u.i.k.n.b.TacletPBuilder Error in parsing taclet. de.uka.ilkd.key.util.parsing.BuildingException: Unsolved symbol in de.uka.ilkd.key.java.JavaParserFactory$DynamicTypeSolver@596fef4f : java.lang.Object at file:/home/runner/work/key/key/key.core/build/resources/main/de/uka/ilkd/key/proof/rules/execRules.key:779:15
	at de.uka.ilkd.key.nparser.builder.AbstractBuilder.accept(AbstractBuilder.java:54)
Caused by: com.github.javaparser.resolution.UnsolvedSymbolException: Unsolved symbol in de.uka.ilkd.key.java.JavaParserFactory$DynamicTypeSolver@596fef4f : java.lang.Object
	at com.github.javaparser.resolution.TypeSolver.solveType(TypeSolver.java:71)

47241      ERROR Test worker     d.u.i.k.n.b.AbstractBuilder  com.github.javaparser.resolution.UnsolvedSymbolException: Unsolved symbol in de.uka.ilkd.key.java.JavaParserFactory$DynamicTypeSolver@596fef4f : java.lang.Object
	at com.github.javaparser.resolution.TypeSolver.solveType(TypeSolver.java:71)

47241      ERROR Test worker     d.u.i.k.n.b.TacletPBuilder Error in parsing taclet. de.uka.ilkd.key.util.parsing.BuildingException: Unsolved symbol in de.uka.ilkd.key.java.JavaParserFactory$DynamicTypeSolver@596fef4f : java.lang.Object at file:/home/runner/work/key/key/key.core/build/resources/main/de/uka/ilkd/key/proof/rules/execRules.key:795:15
	at de.uka.ilkd.key.nparser.builder.AbstractBuilder.accept(AbstractBuilder.java:54)
Caused by: com.github.javaparser.resolution.UnsolvedSymbolException: Unsolved symbol in de.uka.ilkd.key.java.JavaParserFactory$DynamicTypeSolver@596fef4f : java.lang.Object
	at com.github.javaparser.resolution.TypeSolver.solveType(TypeSolver.java:71)

47243      ERROR Test worker     d.u.i.k.n.b.AbstractBuilder  com.github.javaparser.resolution.UnsolvedSymbolException: Unsolved symbol in de.uka.ilkd.key.java.JavaParserFactory$DynamicTypeSolver@596fef4f : java.lang.Object
	at com.github.javaparser.resolution.TypeSolver.solveType(TypeSolver.java:71)

47243      ERROR Test worker     d.u.i.k.n.b.TacletPBuilder Error in parsing taclet. de.uka.ilkd.key.util.parsing.BuildingException: Unsolved symbol in de.uka.ilkd.key.java.JavaParserFactory$DynamicTypeSolver@596fef4f : java.lang.Object at file:/home/runner/work/key/key/key.core/build/resources/main/de/uka/ilkd/key/proof/rules/execRules.key:811:15
	at de.uka.ilkd.key.nparser.builder.AbstractBuilder.accept(AbstractBuilder.java:54)
Caused by: com.github.javaparser.resolution.UnsolvedSymbolException: Unsolved symbol in de.uka.ilkd.key.java.JavaParserFactory$DynamicTypeSolver@596fef4f : java.lang.Object
	at com.github.javaparser.resolution.TypeSolver.solveType(TypeSolver.java:71)

47245      ERROR Test worker     d.u.i.k.n.b.AbstractBuilder  com.github.javaparser.resolution.UnsolvedSymbolException: Unsolved symbol in de.uka.ilkd.key.java.JavaParserFactory$DynamicTypeSolver@596fef4f : java.lang.Object
	at com.github.javaparser.resolution.TypeSolver.solveType(TypeSolver.java:71)

47246      ERROR Test worker     d.u.i.k.n.b.TacletPBuilder Error in parsing taclet. de.uka.ilkd.key.util.parsing.BuildingException: Unsolved symbol in de.uka.ilkd.key.java.JavaParserFactory$DynamicTypeSolver@596fef4f : java.lang.Object at file:/home/runner/work/key/key/key.core/build/resources/main/de/uka/ilkd/key/proof/rules/execRules.key:827:15
	at de.uka.ilkd.key.nparser.builder.AbstractBuilder.accept(AbstractBuilder.java:54)
Caused by: com.github.javaparser.resolution.UnsolvedSymbolException: Unsolved symbol in de.uka.ilkd.key.java.JavaParserFactory$DynamicTypeSolver@596fef4f : java.lang.Object
	at com.github.javaparser.resolution.TypeSolver.solveType(TypeSolver.java:71)

47247      ERROR Test worker     d.u.i.k.n.b.AbstractBuilder  com.github.javaparser.resolution.UnsolvedSymbolException: Unsolved symbol in de.uka.ilkd.key.java.JavaParserFactory$DynamicTypeSolver@596fef4f : java.lang.Object
	at com.github.javaparser.resolution.TypeSolver.solveType(TypeSolver.java:71)

47248      ERROR Test worker     d.u.i.k.n.b.TacletPBuilder Error in parsing taclet. de.uka.ilkd.key.util.parsing.BuildingException: Unsolved symbol in de.uka.ilkd.key.java.JavaParserFactory$DynamicTypeSolver@596fef4f : java.lang.Object at file:/home/runner/work/key/key/key.core/build/resources/main/de/uka/ilkd/key/proof/rules/execRules.key:843:15
	at de.uka.ilkd.key.nparser.builder.AbstractBuilder.accept(AbstractBuilder.java:54)
Caused by: com.github.javaparser.resolution.UnsolvedSymbolException: Unsolved symbol in de.uka.ilkd.key.java.JavaParserFactory$DynamicTypeSolver@596fef4f : java.lang.Object
	at com.github.javaparser.resolution.TypeSolver.solveType(TypeSolver.java:71)

47250      ERROR Test worker     d.u.i.k.n.b.AbstractBuilder  com.github.javaparser.resolution.UnsolvedSymbolException: Unsolved symbol in de.uka.ilkd.key.java.JavaParserFactory$DynamicTypeSolver@596fef4f : java.lang.Object
	at com.github.javaparser.resolution.TypeSolver.solveType(TypeSolver.java:71)

47250      ERROR Test worker     d.u.i.k.n.b.TacletPBuilder Error in parsing taclet. de.uka.ilkd.key.util.parsing.BuildingException: Unsolved symbol in de.uka.ilkd.key.java.JavaParserFactory$DynamicTypeSolver@596fef4f : java.lang.Object at file:/home/runner/work/key/key/key.core/build/resources/main/de/uka/ilkd/key/proof/rules/execRules.key:861:15
	at de.uka.ilkd.key.nparser.builder.AbstractBuilder.accept(AbstractBuilder.java:54)
Caused by: com.github.javaparser.resolution.UnsolvedSymbolException: Unsolved symbol in de.uka.ilkd.key.java.JavaParserFactory$DynamicTypeSolver@596fef4f : java.lang.Object
	at com.github.javaparser.resolution.TypeSolver.solveType(TypeSolver.java:71)

47252      ERROR Test worker     d.u.i.k.n.b.AbstractBuilder  com.github.javaparser.resolution.UnsolvedSymbolException: Unsolved symbol in de.uka.ilkd.key.java.JavaParserFactory$DynamicTypeSolver@596fef4f : java.lang.Object
	at com.github.javaparser.resolution.TypeSolver.solveType(TypeSolver.java:71)

47252      ERROR Test worker     d.u.i.k.n.b.TacletPBuilder Error in parsing taclet. de.uka.ilkd.key.util.parsing.BuildingException: Unsolved symbol in de.uka.ilkd.key.java.JavaParserFactory$DynamicTypeSolver@596fef4f : java.lang.Object at file:/home/runner/work/key/key/key.core/build/resources/main/de/uka/ilkd/key/proof/rules/execRules.key:878:15
	at de.uka.ilkd.key.nparser.builder.AbstractBuilder.accept(AbstractBuilder.java:54)
Caused by: com.github.javaparser.resolution.UnsolvedSymbolException: Unsolved symbol in de.uka.ilkd.key.java.JavaParserFactory$DynamicTypeSolver@596fef4f : java.lang.Object
	at com.github.javaparser.resolution.TypeSolver.solveType(TypeSolver.java:71)

47256      ERROR Test worker     d.u.i.k.n.b.AbstractBuilder  com.github.javaparser.resolution.UnsolvedSymbolException: Unsolved symbol in de.uka.ilkd.key.java.JavaParserFactory$DynamicTypeSolver@596fef4f : java.lang.Object
	at com.github.javaparser.resolution.TypeSolver.solveType(TypeSolver.java:71)

47256      ERROR Test worker     d.u.i.k.n.b.TacletPBuilder Error in parsing taclet. de.uka.ilkd.key.util.parsing.BuildingException: Unsolved symbol in de.uka.ilkd.key.java.JavaParserFactory$DynamicTypeSolver@596fef4f : java.lang.Object at file:/home/runner/work/key/key/key.core/build/resources/main/de/uka/ilkd/key/proof/rules/execRules.key:894:15
	at de.uka.ilkd.key.nparser.builder.AbstractBuilder.accept(AbstractBuilder.java:54)
Caused by: com.github.javaparser.resolution.UnsolvedSymbolException: Unsolved symbol in de.uka.ilkd.key.java.JavaParserFactory$DynamicTypeSolver@596fef4f : java.lang.Object
	at com.github.javaparser.resolution.TypeSolver.solveType(TypeSolver.java:71)

47258      ERROR Test worker     d.u.i.k.n.b.AbstractBuilder  com.github.javaparser.resolution.UnsolvedSymbolException: Unsolved symbol in de.uka.ilkd.key.java.JavaParserFactory$DynamicTypeSolver@596fef4f : java.lang.Object
	at com.github.javaparser.resolution.TypeSolver.solveType(TypeSolver.java:71)

47259      ERROR Test worker     d.u.i.k.n.b.TacletPBuilder Error in parsing taclet. de.uka.ilkd.key.util.parsing.BuildingException: Unsolved symbol in de.uka.ilkd.key.java.JavaParserFactory$DynamicTypeSolver@596fef4f : java.lang.Object at file:/home/runner/work/key/key/key.core/build/resources/main/de/uka/ilkd/key/proof/rules/execRules.key:910:15
	at de.uka.ilkd.key.nparser.builder.AbstractBuilder.accept(AbstractBuilder.java:54)
Caused by: com.github.javaparser.resolution.UnsolvedSymbolException: Unsolved symbol in de.uka.ilkd.key.java.JavaParserFactory$DynamicTypeSolver@596fef4f : java.lang.Object
	at com.github.javaparser.resolution.TypeSolver.solveType(TypeSolver.java:71)

47260      ERROR Test worker     d.u.i.k.n.b.AbstractBuilder  com.github.javaparser.resolution.UnsolvedSymbolException: Unsolved symbol in de.uka.ilkd.key.java.JavaParserFactory$DynamicTypeSolver@596fef4f : java.lang.Object
	at com.github.javaparser.resolution.TypeSolver.solveType(TypeSolver.java:71)

47261      ERROR Test worker     d.u.i.k.n.b.TacletPBuilder Error in parsing taclet. de.uka.ilkd.key.util.parsing.BuildingException: Unsolved symbol in de.uka.ilkd.key.java.JavaParserFactory$DynamicTypeSolver@596fef4f : java.lang.Object at file:/home/runner/work/key/key/key.core/build/resources/main/de/uka/ilkd/key/proof/rules/execRules.key:926:15
	at de.uka.ilkd.key.nparser.builder.AbstractBuilder.accept(AbstractBuilder.java:54)
Caused by: com.github.javaparser.resolution.UnsolvedSymbolException: Unsolved symbol in de.uka.ilkd.key.java.JavaParserFactory$DynamicTypeSolver@596fef4f : java.lang.Object
	at com.github.javaparser.resolution.TypeSolver.solveType(TypeSolver.java:71)

47262      ERROR Test worker     d.u.i.k.n.b.AbstractBuilder  com.github.javaparser.resolution.UnsolvedSymbolException: Unsolved symbol in de.uka.ilkd.key.java.JavaParserFactory$DynamicTypeSolver@596fef4f : java.lang.Object
	at com.github.javaparser.resolution.TypeSolver.solveType(TypeSolver.java:71)

47263      ERROR Test worker     d.u.i.k.n.b.TacletPBuilder Error in parsing taclet. de.uka.ilkd.key.util.parsing.BuildingException: Unsolved symbol in de.uka.ilkd.key.java.JavaParserFactory$DynamicTypeSolver@596fef4f : java.lang.Object at file:/home/runner/work/key/key/key.core/build/resources/main/de/uka/ilkd/key/proof/rules/execRules.key:942:15
	at de.uka.ilkd.key.nparser.builder.AbstractBuilder.accept(AbstractBuilder.java:54)
Caused by: com.github.javaparser.resolution.UnsolvedSymbolException: Unsolved symbol in de.uka.ilkd.key.java.JavaParserFactory$DynamicTypeSolver@596fef4f : java.lang.Object
	at com.github.javaparser.resolution.TypeSolver.solveType(TypeSolver.java:71)

47265      ERROR Test worker     d.u.i.k.n.b.AbstractBuilder  com.github.javaparser.resolution.UnsolvedSymbolException: Unsolved symbol in de.uka.ilkd.key.java.JavaParserFactory$DynamicTypeSolver@596fef4f : java.lang.Object
	at com.github.javaparser.resolution.TypeSolver.solveType(TypeSolver.java:71)

47265      ERROR Test worker     d.u.i.k.n.b.TacletPBuilder Error in parsing taclet. de.uka.ilkd.key.util.parsing.BuildingException: Unsolved symbol in de.uka.ilkd.key.java.JavaParserFactory$DynamicTypeSolver@596fef4f : java.lang.Object at file:/home/runner/work/key/key/key.core/build/resources/main/de/uka/ilkd/key/proof/rules/execRules.key:958:15
	at de.uka.ilkd.key.nparser.builder.AbstractBuilder.accept(AbstractBuilder.java:54)
Caused by: com.github.javaparser.resolution.UnsolvedSymbolException: Unsolved symbol in de.uka.ilkd.key.java.JavaParserFactory$DynamicTypeSolver@596fef4f : java.lang.Object
	at com.github.javaparser.resolution.TypeSolver.solveType(TypeSolver.java:71)

47267      ERROR Test worker     d.u.i.k.n.b.AbstractBuilder  com.github.javaparser.resolution.UnsolvedSymbolException: Unsolved symbol in de.uka.ilkd.key.java.JavaParserFactory$DynamicTypeSolver@596fef4f : java.lang.Object
	at com.github.javaparser.resolution.TypeSolver.solveType(TypeSolver.java:71)

47267      ERROR Test worker     d.u.i.k.n.b.TacletPBuilder Error in parsing taclet. de.uka.ilkd.key.util.parsing.BuildingException: Unsolved symbol in de.uka.ilkd.key.java.JavaParserFactory$DynamicTypeSolver@596fef4f : java.lang.Object at file:/home/runner/work/key/key/key.core/build/resources/main/de/uka/ilkd/key/proof/rules/execRules.key:974:15
	at de.uka.ilkd.key.nparser.builder.AbstractBuilder.accept(AbstractBuilder.java:54)
Caused by: com.github.javaparser.resolution.UnsolvedSymbolException: Unsolved symbol in de.uka.ilkd.key.java.JavaParserFactory$DynamicTypeSolver@596fef4f : java.lang.Object
	at com.github.javaparser.resolution.TypeSolver.solveType(TypeSolver.java:71)

47269      ERROR Test worker     d.u.i.k.n.b.AbstractBuilder  com.github.javaparser.resolution.UnsolvedSymbolException: Unsolved symbol in de.uka.ilkd.key.java.JavaParserFactory$DynamicTypeSolver@596fef4f : java.lang.Object
	at com.github.javaparser.resolution.TypeSolver.solveType(TypeSolver.java:71)

47270      ERROR Test worker     d.u.i.k.n.b.TacletPBuilder Error in parsing taclet. de.uka.ilkd.key.util.parsing.BuildingException: Unsolved symbol in de.uka.ilkd.key.java.JavaParserFactory$DynamicTypeSolver@596fef4f : java.lang.Object at file:/home/runner/work/key/key/key.core/build/resources/main/de/uka/ilkd/key/proof/rules/execRules.key:994:15
	at de.uka.ilkd.key.nparser.builder.AbstractBuilder.accept(AbstractBuilder.java:54)
Caused by: com.github.javaparser.resolution.UnsolvedSymbolException: Unsolved symbol in de.uka.ilkd.key.java.JavaParserFactory$DynamicTypeSolver@596fef4f : java.lang.Object
	at com.github.javaparser.resolution.TypeSolver.solveType(TypeSolver.java:71)

47271      ERROR Test worker     d.u.i.k.n.b.AbstractBuilder  com.github.javaparser.resolution.UnsolvedSymbolException: Unsolved symbol in de.uka.ilkd.key.java.JavaParserFactory$DynamicTypeSolver@596fef4f : java.lang.Object
	at com.github.javaparser.resolution.TypeSolver.solveType(TypeSolver.java:71)

47272      ERROR Test worker     d.u.i.k.n.b.TacletPBuilder Error in parsing taclet. de.uka.ilkd.key.util.parsing.BuildingException: Unsolved symbol in de.uka.ilkd.key.java.JavaParserFactory$DynamicTypeSolver@596fef4f : java.lang.Object at file:/home/runner/work/key/key/key.core/build/resources/main/de/uka/ilkd/key/proof/rules/execRules.key:1011:15
	at de.uka.ilkd.key.nparser.builder.AbstractBuilder.accept(AbstractBuilder.java:54)
Caused by: com.github.javaparser.resolution.UnsolvedSymbolException: Unsolved symbol in de.uka.ilkd.key.java.JavaParserFactory$DynamicTypeSolver@596fef4f : java.lang.Object
	at com.github.javaparser.resolution.TypeSolver.solveType(TypeSolver.java:71)

47274      ERROR Test worker     d.u.i.k.n.b.AbstractBuilder  com.github.javaparser.resolution.UnsolvedSymbolException: Unsolved symbol in de.uka.ilkd.key.java.JavaParserFactory$DynamicTypeSolver@596fef4f : java.lang.Object
	at com.github.javaparser.resolution.TypeSolver.solveType(TypeSolver.java:71)

47274      ERROR Test worker     d.u.i.k.n.b.TacletPBuilder Error in parsing taclet. de.uka.ilkd.key.util.parsing.BuildingException: Unsolved symbol in de.uka.ilkd.key.java.JavaParserFactory$DynamicTypeSolver@596fef4f : java.lang.Object at file:/home/runner/work/key/key/key.core/build/resources/main/de/uka/ilkd/key/proof/rules/execRules.key:1027:15
	at de.uka.ilkd.key.nparser.builder.AbstractBuilder.accept(AbstractBuilder.java:54)
Caused by: com.github.javaparser.resolution.UnsolvedSymbolException: Unsolved symbol in de.uka.ilkd.key.java.JavaParserFactory$DynamicTypeSolver@596fef4f : java.lang.Object
	at com.github.javaparser.resolution.TypeSolver.solveType(TypeSolver.java:71)

47276      ERROR Test worker     d.u.i.k.n.b.AbstractBuilder  com.github.javaparser.resolution.UnsolvedSymbolException: Unsolved symbol in de.uka.ilkd.key.java.JavaParserFactory$DynamicTypeSolver@596fef4f : java.lang.Object
	at com.github.javaparser.resolution.TypeSolver.solveType(TypeSolver.java:71)

47278      ERROR Test worker     d.u.i.k.n.b.TacletPBuilder Error in parsing taclet. de.uka.ilkd.key.util.parsing.BuildingException: Unsolved symbol in de.uka.ilkd.key.java.JavaParserFactory$DynamicTypeSolver@596fef4f : java.lang.Object at file:/home/runner/work/key/key/key.core/build/resources/main/de/uka/ilkd/key/proof/rules/execRules.key:1043:15
	at de.uka.ilkd.key.nparser.builder.AbstractBuilder.accept(AbstractBuilder.java:54)
Caused by: com.github.javaparser.resolution.UnsolvedSymbolException: Unsolved symbol in de.uka.ilkd.key.java.JavaParserFactory$DynamicTypeSolver@596fef4f : java.lang.Object
	at com.github.javaparser.resolution.TypeSolver.solveType(TypeSolver.java:71)

47280      ERROR Test worker     d.u.i.k.n.b.AbstractBuilder  com.github.javaparser.resolution.UnsolvedSymbolException: Unsolved symbol in de.uka.ilkd.key.java.JavaParserFactory$DynamicTypeSolver@596fef4f : java.lang.Object
	at com.github.javaparser.resolution.TypeSolver.solveType(TypeSolver.java:71)

47281      ERROR Test worker     d.u.i.k.n.b.TacletPBuilder Error in parsing taclet. de.uka.ilkd.key.util.parsing.BuildingException: Unsolved symbol in de.uka.ilkd.key.java.JavaParserFactory$DynamicTypeSolver@596fef4f : java.lang.Object at file:/home/runner/work/key/key/key.core/build/resources/main/de/uka/ilkd/key/proof/rules/execRules.key:1059:15
	at de.uka.ilkd.key.nparser.builder.AbstractBuilder.accept(AbstractBuilder.java:54)
Caused by: com.github.javaparser.resolution.UnsolvedSymbolException: Unsolved symbol in de.uka.ilkd.key.java.JavaParserFactory$DynamicTypeSolver@596fef4f : java.lang.Object
	at com.github.javaparser.resolution.TypeSolver.solveType(TypeSolver.java:71)

47282      ERROR Test worker     d.u.i.k.n.b.AbstractBuilder  com.github.javaparser.resolution.UnsolvedSymbolException: Unsolved symbol in de.uka.ilkd.key.java.JavaParserFactory$DynamicTypeSolver@596fef4f : java.lang.Object
	at com.github.javaparser.resolution.TypeSolver.solveType(TypeSolver.java:71)

47283      ERROR Test worker     d.u.i.k.n.b.TacletPBuilder Error in parsing taclet. de.uka.ilkd.key.util.parsing.BuildingException: Unsolved symbol in de.uka.ilkd.key.java.JavaParserFactory$DynamicTypeSolver@596fef4f : java.lang.Object at file:/home/runner/work/key/key/key.core/build/resources/main/de/uka/ilkd/key/proof/rules/execRules.key:1075:15
	at de.uka.ilkd.key.nparser.builder.AbstractBuilder.accept(AbstractBuilder.java:54)
Caused by: com.github.javaparser.resolution.UnsolvedSymbolException: Unsolved symbol in de.uka.ilkd.key.java.JavaParserFactory$DynamicTypeSolver@596fef4f : java.lang.Object
	at com.github.javaparser.resolution.TypeSolver.solveType(TypeSolver.java:71)

47284      ERROR Test worker     d.u.i.k.n.b.AbstractBuilder  com.github.javaparser.resolution.UnsolvedSymbolException: Unsolved symbol in de.uka.ilkd.key.java.JavaParserFactory$DynamicTypeSolver@596fef4f : java.lang.Object
	at com.github.javaparser.resolution.TypeSolver.solveType(TypeSolver.java:71)

47285      ERROR Test worker     d.u.i.k.n.b.TacletPBuilder Error in parsing taclet. de.uka.ilkd.key.util.parsing.BuildingException: Unsolved symbol in de.uka.ilkd.key.java.JavaParserFactory$DynamicTypeSolver@596fef4f : java.lang.Object at file:/home/runner/work/key/key/key.core/build/resources/main/de/uka/ilkd/key/proof/rules/execRules.key:1091:15
	at de.uka.ilkd.key.nparser.builder.AbstractBuilder.accept(AbstractBuilder.java:54)
Caused by: com.github.javaparser.resolution.UnsolvedSymbolException: Unsolved symbol in de.uka.ilkd.key.java.JavaParserFactory$DynamicTypeSolver@596fef4f : java.lang.Object
	at com.github.javaparser.resolution.TypeSolver.solveType(TypeSolver.java:71)

47287      ERROR Test worker     d.u.i.k.n.b.AbstractBuilder  com.github.javaparser.resolution.UnsolvedSymbolException: Unsolved symbol in de.uka.ilkd.key.java.JavaParserFactory$DynamicTypeSolver@596fef4f : java.lang.Object
	at com.github.javaparser.resolution.TypeSolver.solveType(TypeSolver.java:71)

47287      ERROR Test worker     d.u.i.k.n.b.TacletPBuilder Error in parsing taclet. de.uka.ilkd.key.util.parsing.BuildingException: Unsolved symbol in de.uka.ilkd.key.java.JavaParserFactory$DynamicTypeSolver@596fef4f : java.lang.Object at file:/home/runner/work/key/key/key.core/build/resources/main/de/uka/ilkd/key/proof/rules/execRules.key:1107:15
	at de.uka.ilkd.key.nparser.builder.AbstractBuilder.accept(AbstractBuilder.java:54)
Caused by: com.github.javaparser.resolution.UnsolvedSymbolException: Unsolved symbol in de.uka.ilkd.key.java.JavaParserFactory$DynamicTypeSolver@596fef4f : java.lang.Object
	at com.github.javaparser.resolution.TypeSolver.solveType(TypeSolver.java:71)

47289      ERROR Test worker     d.u.i.k.n.b.AbstractBuilder  com.github.javaparser.resolution.UnsolvedSymbolException: Unsolved symbol in de.uka.ilkd.key.java.JavaParserFactory$DynamicTypeSolver@596fef4f : java.lang.Object
	at com.github.javaparser.resolution.TypeSolver.solveType(TypeSolver.java:71)

47289      ERROR Test worker     d.u.i.k.n.b.TacletPBuilder Error in parsing taclet. de.uka.ilkd.key.util.parsing.BuildingException: Unsolved symbol in de.uka.ilkd.key.java.JavaParserFactory$DynamicTypeSolver@596fef4f : java.lang.Object at file:/home/runner/work/key/key/key.core/build/resources/main/de/uka/ilkd/key/proof/rules/execRules.key:1123:15
	at de.uka.ilkd.key.nparser.builder.AbstractBuilder.accept(AbstractBuilder.java:54)
Caused by: com.github.javaparser.resolution.UnsolvedSymbolException: Unsolved symbol in de.uka.ilkd.key.java.JavaParserFactory$DynamicTypeSolver@596fef4f : java.lang.Object
	at com.github.javaparser.resolution.TypeSolver.solveType(TypeSolver.java:71)

47429      ERROR Test worker     d.u.i.k.n.b.AbstractBuilder  com.github.javaparser.resolution.UnsolvedSymbolException: Unsolved symbol in de.uka.ilkd.key.java.JavaParserFactory$DynamicTypeSolver@596fef4f : java.lang.Object
	at com.github.javaparser.resolution.TypeSolver.solveType(TypeSolver.java:71)

47430      ERROR Test worker     d.u.i.k.n.b.TacletPBuilder Error in parsing taclet. de.uka.ilkd.key.util.parsing.BuildingException: Unsolved symbol in de.uka.ilkd.key.java.JavaParserFactory$DynamicTypeSolver@596fef4f : java.lang.Object at file:/home/runner/work/key/key/key.core/build/resources/main/de/uka/ilkd/key/proof/rules/loopScopeRules.key:38:16
	at de.uka.ilkd.key.nparser.builder.AbstractBuilder.accept(AbstractBuilder.java:54)
Caused by: com.github.javaparser.resolution.UnsolvedSymbolException: Unsolved symbol in de.uka.ilkd.key.java.JavaParserFactory$DynamicTypeSolver@596fef4f : java.lang.Object
	at com.github.javaparser.resolution.TypeSolver.solveType(TypeSolver.java:71)

47431      ERROR Test worker     d.u.i.k.n.b.TacletPBuilder Override: inv (formula) inv (formula) 
47431      ERROR Test worker     d.u.i.k.n.b.TacletPBuilder Override: freeInv (formula) freeInv (formula) 
47431      ERROR Test worker     d.u.i.k.n.b.TacletPBuilder Override: loopFormula (formula) loopFormula (formula) 
47431      ERROR Test worker     d.u.i.k.n.b.TacletPBuilder Override: #loopStmt (program Statement) #loopStmt (program Statement) 
47431      ERROR Test worker     d.u.i.k.n.b.TacletPBuilder Override: anon_heap_LOOP (Heap skolem term) anon_heap_LOOP (Heap skolem term) 
47431      ERROR Test worker     d.u.i.k.n.b.TacletPBuilder Override: anon_savedHeap_LOOP (Heap skolem term) anon_savedHeap_LOOP (Heap skolem term) 
47431      ERROR Test worker     d.u.i.k.n.b.TacletPBuilder Override: anon_permissions_LOOP (Heap skolem term) anon_permissions_LOOP (Heap skolem term) 
47431      ERROR Test worker     d.u.i.k.n.b.TacletPBuilder Override: #heapBefore_LOOP (program Variable) #heapBefore_LOOP (program Variable) 
47432      ERROR Test worker     d.u.i.k.n.b.TacletPBuilder Override: #savedHeapBefore_LOOP (program Variable) #savedHeapBefore_LOOP (program Variable) 
47432      ERROR Test worker     d.u.i.k.n.b.TacletPBuilder Override: #permissionsBefore_LOOP (program Variable) #permissionsBefore_LOOP (program Variable) 
47433      ERROR Test worker     d.u.i.k.n.b.AbstractBuilder  com.github.javaparser.resolution.UnsolvedSymbolException: Unsolved symbol in de.uka.ilkd.key.java.JavaParserFactory$DynamicTypeSolver@596fef4f : java.lang.Object
	at com.github.javaparser.resolution.TypeSolver.solveType(TypeSolver.java:71)

47434      ERROR Test worker     d.u.i.k.n.b.TacletPBuilder Error in parsing taclet. de.uka.ilkd.key.util.parsing.BuildingException: Unsolved symbol in de.uka.ilkd.key.java.JavaParserFactory$DynamicTypeSolver@596fef4f : java.lang.Object at file:/home/runner/work/key/key/key.core/build/resources/main/de/uka/ilkd/key/proof/rules/loopScopeRules.key:110:16
	at de.uka.ilkd.key.nparser.builder.AbstractBuilder.accept(AbstractBuilder.java:54)
Caused by: com.github.javaparser.resolution.UnsolvedSymbolException: Unsolved symbol in de.uka.ilkd.key.java.JavaParserFactory$DynamicTypeSolver@596fef4f : java.lang.Object
	at com.github.javaparser.resolution.TypeSolver.solveType(TypeSolver.java:71)

47436      ERROR Test worker     d.u.i.k.n.b.AbstractBuilder  com.github.javaparser.resolution.UnsolvedSymbolException: Unsolved symbol in de.uka.ilkd.key.java.JavaParserFactory$DynamicTypeSolver@596fef4f : java.lang.Object
	at com.github.javaparser.resolution.TypeSolver.solveType(TypeSolver.java:71)

47436      ERROR Test worker     d.u.i.k.n.b.TacletPBuilder Error in parsing taclet. de.uka.ilkd.key.util.parsing.BuildingException: Unsolved symbol in de.uka.ilkd.key.java.JavaParserFactory$DynamicTypeSolver@596fef4f : java.lang.Object at file:/home/runner/work/key/key/key.core/build/resources/main/de/uka/ilkd/key/proof/rules/loopScopeRules.key:160:16
	at de.uka.ilkd.key.nparser.builder.AbstractBuilder.accept(AbstractBuilder.java:54)
Caused by: com.github.javaparser.resolution.UnsolvedSymbolException: Unsolved symbol in de.uka.ilkd.key.java.JavaParserFactory$DynamicTypeSolver@596fef4f : java.lang.Object
	at com.github.javaparser.resolution.TypeSolver.solveType(TypeSolver.java:71)

47437      ERROR Test worker     d.u.i.k.n.b.TacletPBuilder Override: inv (formula) inv (formula) 
47437      ERROR Test worker     d.u.i.k.n.b.TacletPBuilder Override: freeInv (formula) freeInv (formula) 
47437      ERROR Test worker     d.u.i.k.n.b.TacletPBuilder Override: variantTerm (any term) variantTerm (any term) 
47437      ERROR Test worker     d.u.i.k.n.b.TacletPBuilder Override: loopFormula (formula) loopFormula (formula) 
47437      ERROR Test worker     d.u.i.k.n.b.TacletPBuilder Override: #loopStmt (program Statement) #loopStmt (program Statement) 
47437      ERROR Test worker     d.u.i.k.n.b.TacletPBuilder Override: #variant (program Variable) #variant (program Variable) 
47437      ERROR Test worker     d.u.i.k.n.b.TacletPBuilder Override: anon_heap_LOOP (Heap skolem term) anon_heap_LOOP (Heap skolem term) 
47437      ERROR Test worker     d.u.i.k.n.b.TacletPBuilder Override: anon_savedHeap_LOOP (Heap skolem term) anon_savedHeap_LOOP (Heap skolem term) 
47438      ERROR Test worker     d.u.i.k.n.b.TacletPBuilder Override: anon_permissions_LOOP (Heap skolem term) anon_permissions_LOOP (Heap skolem term) 
47438      ERROR Test worker     d.u.i.k.n.b.TacletPBuilder Override: #heapBefore_LOOP (program Variable) #heapBefore_LOOP (program Variable) 
47438      ERROR Test worker     d.u.i.k.n.b.TacletPBuilder Override: #savedHeapBefore_LOOP (program Variable) #savedHeapBefore_LOOP (program Variable) 
47438      ERROR Test worker     d.u.i.k.n.b.TacletPBuilder Override: #permissionsBefore_LOOP (program Variable) #permissionsBefore_LOOP (program Variable) 
47439      ERROR Test worker     d.u.i.k.n.b.AbstractBuilder  com.github.javaparser.resolution.UnsolvedSymbolException: Unsolved symbol in de.uka.ilkd.key.java.JavaParserFactory$DynamicTypeSolver@596fef4f : java.lang.Object
	at com.github.javaparser.resolution.TypeSolver.solveType(TypeSolver.java:71)

47440      ERROR Test worker     d.u.i.k.n.b.TacletPBuilder Error in parsing taclet. de.uka.ilkd.key.util.parsing.BuildingException: Unsolved symbol in de.uka.ilkd.key.java.JavaParserFactory$DynamicTypeSolver@596fef4f : java.lang.Object at file:/home/runner/work/key/key/key.core/build/resources/main/de/uka/ilkd/key/proof/rules/loopScopeRules.key:207:16
	at de.uka.ilkd.key.nparser.builder.AbstractBuilder.accept(AbstractBuilder.java:54)
Caused by: com.github.javaparser.resolution.UnsolvedSymbolException: Unsolved symbol in de.uka.ilkd.key.java.JavaParserFactory$DynamicTypeSolver@596fef4f : java.lang.Object
	at com.github.javaparser.resolution.TypeSolver.solveType(TypeSolver.java:71)

47440      ERROR Test worker     d.u.i.k.n.b.TacletPBuilder Override: inv (formula) inv (formula) 
47440      ERROR Test worker     d.u.i.k.n.b.TacletPBuilder Override: freeInv (formula) freeInv (formula) 
47441      ERROR Test worker     d.u.i.k.n.b.TacletPBuilder Override: loopFormula (formula) loopFormula (formula) 
47441      ERROR Test worker     d.u.i.k.n.b.TacletPBuilder Override: #loopStmt (program Statement) #loopStmt (program Statement) 
47441      ERROR Test worker     d.u.i.k.n.b.TacletPBuilder Override: anon_heap_LOOP (Heap skolem term) anon_heap_LOOP (Heap skolem term) 
47441      ERROR Test worker     d.u.i.k.n.b.TacletPBuilder Override: anon_savedHeap_LOOP (Heap skolem term) anon_savedHeap_LOOP (Heap skolem term) 
47441      ERROR Test worker     d.u.i.k.n.b.TacletPBuilder Override: anon_permissions_LOOP (Heap skolem term) anon_permissions_LOOP (Heap skolem term) 
47441      ERROR Test worker     d.u.i.k.n.b.TacletPBuilder Override: #heapBefore_LOOP (program Variable) #heapBefore_LOOP (program Variable) 
47441      ERROR Test worker     d.u.i.k.n.b.TacletPBuilder Override: #savedHeapBefore_LOOP (program Variable) #savedHeapBefore_LOOP (program Variable) 
47441      ERROR Test worker     d.u.i.k.n.b.TacletPBuilder Override: #permissionsBefore_LOOP (program Variable) #permissionsBefore_LOOP (program Variable) 
47443      ERROR Test worker     d.u.i.k.n.b.AbstractBuilder  com.github.javaparser.resolution.UnsolvedSymbolException: Unsolved symbol in de.uka.ilkd.key.java.JavaParserFactory$DynamicTypeSolver@596fef4f : java.lang.Object
	at com.github.javaparser.resolution.TypeSolver.solveType(TypeSolver.java:71)

47443      ERROR Test worker     d.u.i.k.n.b.TacletPBuilder Error in parsing taclet. de.uka.ilkd.key.util.parsing.BuildingException: Unsolved symbol in de.uka.ilkd.key.java.JavaParserFactory$DynamicTypeSolver@596fef4f : java.lang.Object at file:/home/runner/work/key/key/key.core/build/resources/main/de/uka/ilkd/key/proof/rules/loopScopeRules.key:297:16
	at de.uka.ilkd.key.nparser.builder.AbstractBuilder.accept(AbstractBuilder.java:54)
Caused by: com.github.javaparser.resolution.UnsolvedSymbolException: Unsolved symbol in de.uka.ilkd.key.java.JavaParserFactory$DynamicTypeSolver@596fef4f : java.lang.Object
	at com.github.javaparser.resolution.TypeSolver.solveType(TypeSolver.java:71)

47445      ERROR Test worker     d.u.i.k.n.b.AbstractBuilder  com.github.javaparser.resolution.UnsolvedSymbolException: Unsolved symbol in de.uka.ilkd.key.java.JavaParserFactory$DynamicTypeSolver@596fef4f : java.lang.Object
	at com.github.javaparser.resolution.TypeSolver.solveType(TypeSolver.java:71)

47445      ERROR Test worker     d.u.i.k.n.b.TacletPBuilder Error in parsing taclet. de.uka.ilkd.key.util.parsing.BuildingException: Unsolved symbol in de.uka.ilkd.key.java.JavaParserFactory$DynamicTypeSolver@596fef4f : java.lang.Object at file:/home/runner/work/key/key/key.core/build/resources/main/de/uka/ilkd/key/proof/rules/loopScopeRules.key:375:15
	at de.uka.ilkd.key.nparser.builder.AbstractBuilder.accept(AbstractBuilder.java:54)
Caused by: com.github.javaparser.resolution.UnsolvedSymbolException: Unsolved symbol in de.uka.ilkd.key.java.JavaParserFactory$DynamicTypeSolver@596fef4f : java.lang.Object
	at com.github.javaparser.resolution.TypeSolver.solveType(TypeSolver.java:71)

47447      ERROR Test worker     d.u.i.k.n.b.AbstractBuilder  com.github.javaparser.resolution.UnsolvedSymbolException: Unsolved symbol in de.uka.ilkd.key.java.JavaParserFactory$DynamicTypeSolver@596fef4f : java.lang.Object
	at com.github.javaparser.resolution.TypeSolver.solveType(TypeSolver.java:71)

47448      ERROR Test worker     d.u.i.k.n.b.TacletPBuilder Error in parsing taclet. de.uka.ilkd.key.util.parsing.BuildingException: Unsolved symbol in de.uka.ilkd.key.java.JavaParserFactory$DynamicTypeSolver@596fef4f : java.lang.Object at file:/home/runner/work/key/key/key.core/build/resources/main/de/uka/ilkd/key/proof/rules/loopScopeRules.key:381:15
	at de.uka.ilkd.key.nparser.builder.AbstractBuilder.accept(AbstractBuilder.java:54)
Caused by: com.github.javaparser.resolution.UnsolvedSymbolException: Unsolved symbol in de.uka.ilkd.key.java.JavaParserFactory$DynamicTypeSolver@596fef4f : java.lang.Object
	at com.github.javaparser.resolution.TypeSolver.solveType(TypeSolver.java:71)

47449      ERROR Test worker     d.u.i.k.n.b.AbstractBuilder  com.github.javaparser.resolution.UnsolvedSymbolException: Unsolved symbol in de.uka.ilkd.key.java.JavaParserFactory$DynamicTypeSolver@596fef4f : java.lang.Object
	at com.github.javaparser.resolution.TypeSolver.solveType(TypeSolver.java:71)

47450      ERROR Test worker     d.u.i.k.n.b.TacletPBuilder Error in parsing taclet. de.uka.ilkd.key.util.parsing.BuildingException: Unsolved symbol in de.uka.ilkd.key.java.JavaParserFactory$DynamicTypeSolver@596fef4f : java.lang.Object at file:/home/runner/work/key/key/key.core/build/resources/main/de/uka/ilkd/key/proof/rules/loopScopeRules.key:387:15
	at de.uka.ilkd.key.nparser.builder.AbstractBuilder.accept(AbstractBuilder.java:54)
Caused by: com.github.javaparser.resolution.UnsolvedSymbolException: Unsolved symbol in de.uka.ilkd.key.java.JavaParserFactory$DynamicTypeSolver@596fef4f : java.lang.Object
	at com.github.javaparser.resolution.TypeSolver.solveType(TypeSolver.java:71)

47452      ERROR Test worker     d.u.i.k.n.b.AbstractBuilder  com.github.javaparser.resolution.UnsolvedSymbolException: Unsolved symbol in de.uka.ilkd.key.java.JavaParserFactory$DynamicTypeSolver@596fef4f : java.lang.Object
	at com.github.javaparser.resolution.TypeSolver.solveType(TypeSolver.java:71)

47452      ERROR Test worker     d.u.i.k.n.b.TacletPBuilder Error in parsing taclet. de.uka.ilkd.key.util.parsing.BuildingException: Unsolved symbol in de.uka.ilkd.key.java.JavaParserFactory$DynamicTypeSolver@596fef4f : java.lang.Object at file:/home/runner/work/key/key/key.core/build/resources/main/de/uka/ilkd/key/proof/rules/loopScopeRules.key:395:15
	at de.uka.ilkd.key.nparser.builder.AbstractBuilder.accept(AbstractBuilder.java:54)
Caused by: com.github.javaparser.resolution.UnsolvedSymbolException: Unsolved symbol in de.uka.ilkd.key.java.JavaParserFactory$DynamicTypeSolver@596fef4f : java.lang.Object
	at com.github.javaparser.resolution.TypeSolver.solveType(TypeSolver.java:71)

47453      ERROR Test worker     d.u.i.k.n.b.TacletPBuilder Override: #lsStmt (program Statement) #lsStmt (program Statement) 
47454      ERROR Test worker     d.u.i.k.n.b.AbstractBuilder  com.github.javaparser.resolution.UnsolvedSymbolException: Unsolved symbol in de.uka.ilkd.key.java.JavaParserFactory$DynamicTypeSolver@596fef4f : java.lang.Object
	at com.github.javaparser.resolution.TypeSolver.solveType(TypeSolver.java:71)

47455      ERROR Test worker     d.u.i.k.n.b.TacletPBuilder Error in parsing taclet. de.uka.ilkd.key.util.parsing.BuildingException: Unsolved symbol in de.uka.ilkd.key.java.JavaParserFactory$DynamicTypeSolver@596fef4f : java.lang.Object at file:/home/runner/work/key/key/key.core/build/resources/main/de/uka/ilkd/key/proof/rules/loopScopeRules.key:410:15
	at de.uka.ilkd.key.nparser.builder.AbstractBuilder.accept(AbstractBuilder.java:54)
Caused by: com.github.javaparser.resolution.UnsolvedSymbolException: Unsolved symbol in de.uka.ilkd.key.java.JavaParserFactory$DynamicTypeSolver@596fef4f : java.lang.Object
	at com.github.javaparser.resolution.TypeSolver.solveType(TypeSolver.java:71)

47457      ERROR Test worker     d.u.i.k.n.b.AbstractBuilder  com.github.javaparser.resolution.UnsolvedSymbolException: Unsolved symbol in de.uka.ilkd.key.java.JavaParserFactory$DynamicTypeSolver@596fef4f : java.lang.Object
	at com.github.javaparser.resolution.TypeSolver.solveType(TypeSolver.java:71)

47464      ERROR Test worker     d.u.i.k.n.b.TacletPBuilder Error in parsing taclet. de.uka.ilkd.key.util.parsing.BuildingException: Unsolved symbol in de.uka.ilkd.key.java.JavaParserFactory$DynamicTypeSolver@596fef4f : java.lang.Object at file:/home/runner/work/key/key/key.core/build/resources/main/de/uka/ilkd/key/proof/rules/loopScopeRules.key:418:15
	at de.uka.ilkd.key.nparser.builder.AbstractBuilder.accept(AbstractBuilder.java:54)
Caused by: com.github.javaparser.resolution.UnsolvedSymbolException: Unsolved symbol in de.uka.ilkd.key.java.JavaParserFactory$DynamicTypeSolver@596fef4f : java.lang.Object
	at com.github.javaparser.resolution.TypeSolver.solveType(TypeSolver.java:71)

47466      ERROR Test worker     d.u.i.k.n.b.AbstractBuilder  com.github.javaparser.resolution.UnsolvedSymbolException: Unsolved symbol in de.uka.ilkd.key.java.JavaParserFactory$DynamicTypeSolver@596fef4f : java.lang.Object
	at com.github.javaparser.resolution.TypeSolver.solveType(TypeSolver.java:71)

47473      ERROR Test worker     d.u.i.k.n.b.TacletPBuilder Error in parsing taclet. de.uka.ilkd.key.util.parsing.BuildingException: Unsolved symbol in de.uka.ilkd.key.java.JavaParserFactory$DynamicTypeSolver@596fef4f : java.lang.Object at file:/home/runner/work/key/key/key.core/build/resources/main/de/uka/ilkd/key/proof/rules/loopScopeRules.key:424:15
	at de.uka.ilkd.key.nparser.builder.AbstractBuilder.accept(AbstractBuilder.java:54)
Caused by: com.github.javaparser.resolution.UnsolvedSymbolException: Unsolved symbol in de.uka.ilkd.key.java.JavaParserFactory$DynamicTypeSolver@596fef4f : java.lang.Object
	at com.github.javaparser.resolution.TypeSolver.solveType(TypeSolver.java:71)

47475      ERROR Test worker     d.u.i.k.n.b.AbstractBuilder  com.github.javaparser.resolution.UnsolvedSymbolException: Unsolved symbol in de.uka.ilkd.key.java.JavaParserFactory$DynamicTypeSolver@596fef4f : java.lang.Object
	at com.github.javaparser.resolution.TypeSolver.solveType(TypeSolver.java:71)

47475      ERROR Test worker     d.u.i.k.n.b.TacletPBuilder Error in parsing taclet. de.uka.ilkd.key.util.parsing.BuildingException: Unsolved symbol in de.uka.ilkd.key.java.JavaParserFactory$DynamicTypeSolver@596fef4f : java.lang.Object at file:/home/runner/work/key/key/key.core/build/resources/main/de/uka/ilkd/key/proof/rules/loopScopeRules.key:430:15
	at de.uka.ilkd.key.nparser.builder.AbstractBuilder.accept(AbstractBuilder.java:54)
Caused by: com.github.javaparser.resolution.UnsolvedSymbolException: Unsolved symbol in de.uka.ilkd.key.java.JavaParserFactory$DynamicTypeSolver@596fef4f : java.lang.Object
	at com.github.javaparser.resolution.TypeSolver.solveType(TypeSolver.java:71)

47477      ERROR Test worker     d.u.i.k.n.b.AbstractBuilder  com.github.javaparser.resolution.UnsolvedSymbolException: Unsolved symbol in de.uka.ilkd.key.java.JavaParserFactory$DynamicTypeSolver@596fef4f : java.lang.Object
	at com.github.javaparser.resolution.TypeSolver.solveType(TypeSolver.java:71)

47477      ERROR Test worker     d.u.i.k.n.b.TacletPBuilder Error in parsing taclet. de.uka.ilkd.key.util.parsing.BuildingException: Unsolved symbol in de.uka.ilkd.key.java.JavaParserFactory$DynamicTypeSolver@596fef4f : java.lang.Object at file:/home/runner/work/key/key/key.core/build/resources/main/de/uka/ilkd/key/proof/rules/loopScopeRules.key:436:15
	at de.uka.ilkd.key.nparser.builder.AbstractBuilder.accept(AbstractBuilder.java:54)
Caused by: com.github.javaparser.resolution.UnsolvedSymbolException: Unsolved symbol in de.uka.ilkd.key.java.JavaParserFactory$DynamicTypeSolver@596fef4f : java.lang.Object
	at com.github.javaparser.resolution.TypeSolver.solveType(TypeSolver.java:71)

47479      ERROR Test worker     d.u.i.k.n.b.AbstractBuilder  com.github.javaparser.resolution.UnsolvedSymbolException: Unsolved symbol in de.uka.ilkd.key.java.JavaParserFactory$DynamicTypeSolver@596fef4f : java.lang.Object
	at com.github.javaparser.resolution.TypeSolver.solveType(TypeSolver.java:71)

47479      ERROR Test worker     d.u.i.k.n.b.TacletPBuilder Error in parsing taclet. de.uka.ilkd.key.util.parsing.BuildingException: Unsolved symbol in de.uka.ilkd.key.java.JavaParserFactory$DynamicTypeSolver@596fef4f : java.lang.Object at file:/home/runner/work/key/key/key.core/build/resources/main/de/uka/ilkd/key/proof/rules/loopScopeRules.key:446:15
	at de.uka.ilkd.key.nparser.builder.AbstractBuilder.accept(AbstractBuilder.java:54)
Caused by: com.github.javaparser.resolution.UnsolvedSymbolException: Unsolved symbol in de.uka.ilkd.key.java.JavaParserFactory$DynamicTypeSolver@596fef4f : java.lang.Object
	at com.github.javaparser.resolution.TypeSolver.solveType(TypeSolver.java:71)

47481      ERROR Test worker     d.u.i.k.n.b.AbstractBuilder  com.github.javaparser.resolution.UnsolvedSymbolException: Unsolved symbol in de.uka.ilkd.key.java.JavaParserFactory$DynamicTypeSolver@596fef4f : java.lang.Object
	at com.github.javaparser.resolution.TypeSolver.solveType(TypeSolver.java:71)

47482      ERROR Test worker     d.u.i.k.n.b.TacletPBuilder Error in parsing taclet. de.uka.ilkd.key.util.parsing.BuildingException: Unsolved symbol in de.uka.ilkd.key.java.JavaParserFactory$DynamicTypeSolver@596fef4f : java.lang.Object at file:/home/runner/work/key/key/key.core/build/resources/main/de/uka/ilkd/key/proof/rules/loopScopeRules.key:452:15
	at de.uka.ilkd.key.nparser.builder.AbstractBuilder.accept(AbstractBuilder.java:54)
Caused by: com.github.javaparser.resolution.UnsolvedSymbolException: Unsolved symbol in de.uka.ilkd.key.java.JavaParserFactory$DynamicTypeSolver@596fef4f : java.lang.Object
	at com.github.javaparser.resolution.TypeSolver.solveType(TypeSolver.java:71)

47483      ERROR Test worker     d.u.i.k.n.b.AbstractBuilder  com.github.javaparser.resolution.UnsolvedSymbolException: Unsolved symbol in de.uka.ilkd.key.java.JavaParserFactory$DynamicTypeSolver@596fef4f : java.lang.Object
	at com.github.javaparser.resolution.TypeSolver.solveType(TypeSolver.java:71)

47484      ERROR Test worker     d.u.i.k.n.b.TacletPBuilder Error in parsing taclet. de.uka.ilkd.key.util.parsing.BuildingException: Unsolved symbol in de.uka.ilkd.key.java.JavaParserFactory$DynamicTypeSolver@596fef4f : java.lang.Object at file:/home/runner/work/key/key/key.core/build/resources/main/de/uka/ilkd/key/proof/rules/loopScopeRules.key:458:15
	at de.uka.ilkd.key.nparser.builder.AbstractBuilder.accept(AbstractBuilder.java:54)
Caused by: com.github.javaparser.resolution.UnsolvedSymbolException: Unsolved symbol in de.uka.ilkd.key.java.JavaParserFactory$DynamicTypeSolver@596fef4f : java.lang.Object
	at com.github.javaparser.resolution.TypeSolver.solveType(TypeSolver.java:71)

47486      ERROR Test worker     d.u.i.k.n.b.AbstractBuilder  com.github.javaparser.resolution.UnsolvedSymbolException: Unsolved symbol in de.uka.ilkd.key.java.JavaParserFactory$DynamicTypeSolver@596fef4f : java.lang.Object
	at com.github.javaparser.resolution.TypeSolver.solveType(TypeSolver.java:71)

47486      ERROR Test worker     d.u.i.k.n.b.TacletPBuilder Error in parsing taclet. de.uka.ilkd.key.util.parsing.BuildingException: Unsolved symbol in de.uka.ilkd.key.java.JavaParserFactory$DynamicTypeSolver@596fef4f : java.lang.Object at file:/home/runner/work/key/key/key.core/build/resources/main/de/uka/ilkd/key/proof/rules/loopScopeRules.key:464:15
	at de.uka.ilkd.key.nparser.builder.AbstractBuilder.accept(AbstractBuilder.java:54)
Caused by: com.github.javaparser.resolution.UnsolvedSymbolException: Unsolved symbol in de.uka.ilkd.key.java.JavaParserFactory$DynamicTypeSolver@596fef4f : java.lang.Object
	at com.github.javaparser.resolution.TypeSolver.solveType(TypeSolver.java:71)

47690      ERROR Test worker     d.u.i.k.j.KeYJPMapping    Duplicate registration of node: boolean, formerNode: /*@ pure @*/
boolean 
47732      ERROR Test worker     d.u.i.k.j.KeYJPMapping    Duplicate registration of node: /*@pure*/
int, formerNode: int 
47734      ERROR Test worker     d.u.i.k.j.KeYJPMapping    Duplicate registration of node: /*@ helper */
int, formerNode: int 
47735      ERROR Test worker     d.u.i.k.j.KeYJPMapping    Duplicate registration of node: /*@ helper */
boolean, formerNode: /*@ pure @*/
boolean 
47735      ERROR Test worker     d.u.i.k.j.KeYJPMapping    Duplicate registration of node: /*@ helper */
char, formerNode: char 
47737      ERROR Test worker     d.u.i.k.j.KeYJPMapping    Duplicate registration of node: byte[], formerNode: byte[] 
47741      ERROR Test worker     d.u.i.k.j.KeYJPMapping    Duplicate registration of node: /*@ helper */
java.lang.String, formerNode: java.lang.String 
47764      ERROR Test worker     d.u.i.k.j.KeYJPMapping    Duplicate registration of node: /*@strictly_pure*/
java.lang.String, formerNode: java.lang.String 
47768      ERROR Test worker     d.u.i.k.j.KeYJPMapping    Duplicate registration of node: /*@nullable@*/
Object, formerNode: Object 
47807      ERROR Test worker     d.u.i.k.j.KeYJPMapping    Duplicate registration of node: /*@pure@*/
String, formerNode: String 
47808      ERROR Test worker     d.u.i.k.j.KeYJPMapping    Duplicate registration of node: String[], formerNode: java.lang.String[] 
47809      ERROR Test worker     d.u.i.k.j.KeYJPMapping    Duplicate registration of node: AssignToArray, formerNode: AssignToArray 
47857      DEBUG Test worker     d.u.i.k.p.i.AbstractProblemLoader Init config took 3.98s 
47868      INFO  Test worker     d.u.i.k.n.KeyIO           Parsing took 0 ms 
47868      DEBUG Test worker     d.u.i.k.n.KeyIO           Load declarations of de.uka.ilkd.key.nparser.KeyAst$File:  <unknown>:1#1 
47869      INFO  Test worker     d.u.i.k.n.KeyIO           MODE: declarations took 1 ms 
47869      DEBUG Test worker     d.u.i.k.n.KeyIO           MODE: 2nd degree decls took 0 
47870      DEBUG Test worker     d.u.i.k.n.KeyIO           MODE: taclets took 0ms 
47873      INFO  Test worker     d.u.i.k.p.i.AbstractProblemLoader Loading environment from src/test/resources/testcase/issues/1566/a.key 
47874      DEBUG Test worker     d.u.i.k.p.i.AbstractProblemLoader Environment load took 278ns 
47874      INFO  Test worker     d.u.i.k.p.i.AbstractProblemLoader Creating init config 
48081      ERROR Test worker     d.u.i.k.j.KeYJPMapping    Duplicate registration of node: boolean, formerNode: /*@ pure @*/
boolean 
48124      ERROR Test worker     d.u.i.k.j.KeYJPMapping    Duplicate registration of node: /*@pure*/
int, formerNode: int 
48127      ERROR Test worker     d.u.i.k.j.KeYJPMapping    Duplicate registration of node: /*@ helper */
int, formerNode: int 
48128      ERROR Test worker     d.u.i.k.j.KeYJPMapping    Duplicate registration of node: /*@ helper */
boolean, formerNode: /*@ pure @*/
boolean 
48128      ERROR Test worker     d.u.i.k.j.KeYJPMapping    Duplicate registration of node: /*@ helper */
char, formerNode: char 
48130      ERROR Test worker     d.u.i.k.j.KeYJPMapping    Duplicate registration of node: byte[], formerNode: byte[] 
48134      ERROR Test worker     d.u.i.k.j.KeYJPMapping    Duplicate registration of node: /*@ helper */
java.lang.String, formerNode: java.lang.String 
48156      ERROR Test worker     d.u.i.k.j.KeYJPMapping    Duplicate registration of node: /*@strictly_pure*/
java.lang.String, formerNode: java.lang.String 
48161      ERROR Test worker     d.u.i.k.j.KeYJPMapping    Duplicate registration of node: /*@nullable@*/
Object, formerNode: Object 
48200      ERROR Test worker     d.u.i.k.j.KeYJPMapping    Duplicate registration of node: /*@pure@*/
String, formerNode: String 
48201      ERROR Test worker     d.u.i.k.j.KeYJPMapping    Duplicate registration of node: A, formerNode: A 
48251      INFO  Test worker     d.u.i.k.p.i.AbstractProblemLoader Loading environment from src/test/resources/testcase/issues/39/A.java 
48252      DEBUG Test worker     d.u.i.k.p.i.AbstractProblemLoader Environment load took 310.11ns 
48252      INFO  Test worker     d.u.i.k.p.i.AbstractProblemLoader Creating init config 
48366      ERROR Test worker     d.u.i.k.j.KeYJPMapping    Duplicate registration of node: boolean, formerNode: /*@ pure @*/
boolean 
48408      ERROR Test worker     d.u.i.k.j.KeYJPMapping    Duplicate registration of node: /*@pure*/
int, formerNode: int 
48411      ERROR Test worker     d.u.i.k.j.KeYJPMapping    Duplicate registration of node: /*@ helper */
int, formerNode: int 
48412      ERROR Test worker     d.u.i.k.j.KeYJPMapping    Duplicate registration of node: /*@ helper */
boolean, formerNode: /*@ pure @*/
boolean 
48412      ERROR Test worker     d.u.i.k.j.KeYJPMapping    Duplicate registration of node: /*@ helper */
char, formerNode: char 
48414      ERROR Test worker     d.u.i.k.j.KeYJPMapping    Duplicate registration of node: byte[], formerNode: byte[] 
48417      ERROR Test worker     d.u.i.k.j.KeYJPMapping    Duplicate registration of node: /*@ helper */
java.lang.String, formerNode: java.lang.String 
48440      ERROR Test worker     d.u.i.k.j.KeYJPMapping    Duplicate registration of node: /*@strictly_pure*/
java.lang.String, formerNode: java.lang.String 
48445      ERROR Test worker     d.u.i.k.j.KeYJPMapping    Duplicate registration of node: /*@nullable@*/
Object, formerNode: Object 
48484      ERROR Test worker     d.u.i.k.j.KeYJPMapping    Duplicate registration of node: /*@pure@*/
String, formerNode: String 
48526      DEBUG Test worker     d.u.i.k.p.i.AbstractProblemLoader Init config took 274.5ms 
]]></system-err>
</testsuite>
