<?xml version="1.0" encoding="UTF-8"?>
<testsuite name="de.uka.ilkd.key.parser.TestTermParserSorts" tests="2" skipped="0" failures="1" errors="0" timestamp="2023-06-12T16:44:34" hostname="fv-az336-283" time="0.276">
  <properties/>
  <testcase name="testParseIntegerArgs()" classname="de.uka.ilkd.key.parser.TestTermParserSorts" time="0.005">
    <failure message="&#10;Assertion failure: No further information available. at &lt;unknown&gt;:1:1 (&lt;unknown&gt;:1:1)" type="de.uka.ilkd.key.util.parsing.BuildingException">
Assertion failure: No further information available. at &lt;unknown&gt;:1:1 (&lt;unknown&gt;:1:1)
	at app//de.uka.ilkd.key.nparser.builder.AbstractBuilder.accept(AbstractBuilder.java:54)
	at app//de.uka.ilkd.key.nparser.builder.DefaultBuilder.accept(DefaultBuilder.java:35)
	at app//de.uka.ilkd.key.nparser.builder.ExpressionBuilder.visitPrimitive_labeled_term(ExpressionBuilder.java:877)
	at app//de.uka.ilkd.key.nparser.KeYParser$Primitive_labeled_termContext.accept(KeYParser.java:5877)
	at app//de.uka.ilkd.key.nparser.builder.AbstractBuilder.accept(AbstractBuilder.java:48)
	at app//de.uka.ilkd.key.nparser.builder.DefaultBuilder.accept(DefaultBuilder.java:35)
	at app//de.uka.ilkd.key.nparser.builder.ExpressionBuilder.visitBracket_term(ExpressionBuilder.java:403)
	at app//de.uka.ilkd.key.nparser.KeYParser$Bracket_termContext.accept(KeYParser.java:5527)
	at app//org.antlr.v4.runtime.tree.AbstractParseTreeVisitor.visitChildren(AbstractParseTreeVisitor.java:46)
	at app//de.uka.ilkd.key.nparser.KeYParserBaseVisitor.visitAtom_prefix(KeYParserBaseVisitor.java:472)
	at app//de.uka.ilkd.key.nparser.KeYParser$Atom_prefixContext.accept(KeYParser.java:5429)
	at app//de.uka.ilkd.key.nparser.builder.AbstractBuilder.accept(AbstractBuilder.java:48)
	at app//de.uka.ilkd.key.nparser.builder.DefaultBuilder.accept(DefaultBuilder.java:35)
	at app//de.uka.ilkd.key.nparser.builder.ExpressionBuilder.visitStrong_arith_term_2(ExpressionBuilder.java:382)
	at app//de.uka.ilkd.key.nparser.KeYParser$Strong_arith_term_2Context.accept(KeYParser.java:5035)
	at app//de.uka.ilkd.key.nparser.builder.AbstractBuilder.accept(AbstractBuilder.java:48)
	at app//de.uka.ilkd.key.nparser.builder.DefaultBuilder.accept(DefaultBuilder.java:35)
	at app//de.uka.ilkd.key.nparser.builder.ExpressionBuilder.visitStrong_arith_term_1(ExpressionBuilder.java:368)
	at app//de.uka.ilkd.key.nparser.KeYParser$Strong_arith_term_1Context.accept(KeYParser.java:4963)
	at app//de.uka.ilkd.key.nparser.builder.AbstractBuilder.accept(AbstractBuilder.java:48)
	at app//de.uka.ilkd.key.nparser.builder.DefaultBuilder.accept(DefaultBuilder.java:35)
	at app//de.uka.ilkd.key.nparser.builder.ExpressionBuilder.visitWeak_arith_term(ExpressionBuilder.java:331)
	at app//de.uka.ilkd.key.nparser.KeYParser$Weak_arith_termContext.accept(KeYParser.java:4877)
	at app//de.uka.ilkd.key.nparser.builder.AbstractBuilder.accept(AbstractBuilder.java:48)
	at app//de.uka.ilkd.key.nparser.builder.DefaultBuilder.accept(DefaultBuilder.java:35)
	at app//de.uka.ilkd.key.nparser.builder.ExpressionBuilder.visitComparison_term(ExpressionBuilder.java:305)
	at app//de.uka.ilkd.key.nparser.KeYParser$Comparison_termContext.accept(KeYParser.java:4793)
	at app//de.uka.ilkd.key.nparser.builder.AbstractBuilder.accept(AbstractBuilder.java:48)
	at app//de.uka.ilkd.key.nparser.builder.DefaultBuilder.accept(DefaultBuilder.java:35)
	at app//de.uka.ilkd.key.nparser.builder.ExpressionBuilder.visitEquality_term(ExpressionBuilder.java:294)
	at app//de.uka.ilkd.key.nparser.builder.ExpressionBuilder.visitEquality_term(ExpressionBuilder.java:49)
	at app//de.uka.ilkd.key.nparser.KeYParser$Equality_termContext.accept(KeYParser.java:4718)
	at app//org.antlr.v4.runtime.tree.AbstractParseTreeVisitor.visitChildren(AbstractParseTreeVisitor.java:46)
	at app//de.uka.ilkd.key.nparser.KeYParserBaseVisitor.visitTerm60(KeYParserBaseVisitor.java:381)
	at app//de.uka.ilkd.key.nparser.KeYParser$Term60Context.accept(KeYParser.java:4485)
	at app//de.uka.ilkd.key.nparser.builder.AbstractBuilder.accept(AbstractBuilder.java:48)
	at app//de.uka.ilkd.key.nparser.builder.DefaultBuilder.accept(DefaultBuilder.java:35)
	at app//de.uka.ilkd.key.nparser.builder.ExpressionBuilder.visitConjunction_term(ExpressionBuilder.java:238)
	at app//de.uka.ilkd.key.nparser.builder.ExpressionBuilder.visitConjunction_term(ExpressionBuilder.java:49)
	at app//de.uka.ilkd.key.nparser.KeYParser$Conjunction_termContext.accept(KeYParser.java:4419)
	at app//de.uka.ilkd.key.nparser.builder.AbstractBuilder.accept(AbstractBuilder.java:48)
	at app//de.uka.ilkd.key.nparser.builder.DefaultBuilder.accept(DefaultBuilder.java:35)
	at app//de.uka.ilkd.key.nparser.builder.ExpressionBuilder.visitDisjunction_term(ExpressionBuilder.java:229)
	at app//de.uka.ilkd.key.nparser.builder.ExpressionBuilder.visitDisjunction_term(ExpressionBuilder.java:49)
	at app//de.uka.ilkd.key.nparser.KeYParser$Disjunction_termContext.accept(KeYParser.java:4346)
	at app//de.uka.ilkd.key.nparser.builder.AbstractBuilder.accept(AbstractBuilder.java:48)
	at app//de.uka.ilkd.key.nparser.builder.DefaultBuilder.accept(DefaultBuilder.java:35)
	at app//de.uka.ilkd.key.nparser.builder.ExpressionBuilder.visitImplication_term(ExpressionBuilder.java:222)
	at app//de.uka.ilkd.key.nparser.builder.ExpressionBuilder.visitImplication_term(ExpressionBuilder.java:49)
	at app//de.uka.ilkd.key.nparser.KeYParser$Implication_termContext.accept(KeYParser.java:4278)
	at app//de.uka.ilkd.key.nparser.builder.AbstractBuilder.accept(AbstractBuilder.java:48)
	at app//de.uka.ilkd.key.nparser.builder.DefaultBuilder.accept(DefaultBuilder.java:35)
	at app//de.uka.ilkd.key.nparser.builder.ExpressionBuilder.visitEquivalence_term(ExpressionBuilder.java:198)
	at app//de.uka.ilkd.key.nparser.builder.ExpressionBuilder.visitEquivalence_term(ExpressionBuilder.java:49)
	at app//de.uka.ilkd.key.nparser.KeYParser$Equivalence_termContext.accept(KeYParser.java:4209)
	at app//de.uka.ilkd.key.nparser.builder.AbstractBuilder.accept(AbstractBuilder.java:48)
	at app//de.uka.ilkd.key.nparser.builder.DefaultBuilder.accept(DefaultBuilder.java:35)
	at app//de.uka.ilkd.key.nparser.builder.ExpressionBuilder.visitElementary_update_term(ExpressionBuilder.java:188)
	at app//de.uka.ilkd.key.nparser.builder.ExpressionBuilder.visitElementary_update_term(ExpressionBuilder.java:49)
	at app//de.uka.ilkd.key.nparser.KeYParser$Elementary_update_termContext.accept(KeYParser.java:4142)
	at app//de.uka.ilkd.key.nparser.builder.AbstractBuilder.lambda$mapOf$0(AbstractBuilder.java:124)
	at java.base@17.0.7/java.util.stream.ReferencePipeline$3$1.accept(ReferencePipeline.java:197)
	at java.base@17.0.7/java.util.ArrayList$ArrayListSpliterator.forEachRemaining(ArrayList.java:1625)
	at java.base@17.0.7/java.util.stream.AbstractPipeline.copyInto(AbstractPipeline.java:509)
	at java.base@17.0.7/java.util.stream.AbstractPipeline.wrapAndCopyInto(AbstractPipeline.java:499)
	at java.base@17.0.7/java.util.stream.ReduceOps$ReduceOp.evaluateSequential(ReduceOps.java:921)
	at java.base@17.0.7/java.util.stream.AbstractPipeline.evaluate(AbstractPipeline.java:234)
	at java.base@17.0.7/java.util.stream.ReferencePipeline.collect(ReferencePipeline.java:682)
	at app//de.uka.ilkd.key.nparser.builder.AbstractBuilder.mapOf(AbstractBuilder.java:125)
	at app//de.uka.ilkd.key.nparser.builder.ExpressionBuilder.visitParallel_term(ExpressionBuilder.java:173)
	at app//de.uka.ilkd.key.nparser.builder.ExpressionBuilder.visitParallel_term(ExpressionBuilder.java:49)
	at app//de.uka.ilkd.key.nparser.KeYParser$Parallel_termContext.accept(KeYParser.java:4074)
	at app//org.antlr.v4.runtime.tree.AbstractParseTreeVisitor.visitChildren(AbstractParseTreeVisitor.java:46)
	at app//de.uka.ilkd.key.nparser.KeYParserBaseVisitor.visitTerm(KeYParserBaseVisitor.java:332)
	at app//de.uka.ilkd.key.nparser.KeYParser$TermContext.accept(KeYParser.java:4020)
	at app//de.uka.ilkd.key.nparser.KeyAst.accept(KeyAst.java:43)
	at app//de.uka.ilkd.key.nparser.KeyIO.parseExpression(KeyIO.java:96)
	at app//de.uka.ilkd.key.nparser.KeyIO.parseExpression(KeyIO.java:79)
	at app//de.uka.ilkd.key.parser.AbstractTestTermParser.parseTerm(AbstractTestTermParser.java:74)
	at app//de.uka.ilkd.key.parser.TestTermParserSorts.testParseIntegerArgs(TestTermParserSorts.java:72)
	at java.base@17.0.7/jdk.internal.reflect.NativeMethodAccessorImpl.invoke0(Native Method)
	at java.base@17.0.7/jdk.internal.reflect.NativeMethodAccessorImpl.invoke(NativeMethodAccessorImpl.java:77)
	at java.base@17.0.7/jdk.internal.reflect.DelegatingMethodAccessorImpl.invoke(DelegatingMethodAccessorImpl.java:43)
	at java.base@17.0.7/java.lang.reflect.Method.invoke(Method.java:568)
	at app//org.junit.platform.commons.util.ReflectionUtils.invokeMethod(ReflectionUtils.java:727)
	at app//org.junit.jupiter.engine.execution.MethodInvocation.proceed(MethodInvocation.java:60)
	at app//org.junit.jupiter.engine.execution.InvocationInterceptorChain$ValidatingInvocation.proceed(InvocationInterceptorChain.java:131)
	at app//org.junit.jupiter.engine.extension.TimeoutExtension.intercept(TimeoutExtension.java:156)
	at app//org.junit.jupiter.engine.extension.TimeoutExtension.interceptTestableMethod(TimeoutExtension.java:147)
	at app//org.junit.jupiter.engine.extension.TimeoutExtension.interceptTestMethod(TimeoutExtension.java:86)
	at app//org.junit.jupiter.engine.execution.InterceptingExecutableInvoker$ReflectiveInterceptorCall.lambda$ofVoidMethod$0(InterceptingExecutableInvoker.java:103)
	at app//org.junit.jupiter.engine.execution.InterceptingExecutableInvoker.lambda$invoke$0(InterceptingExecutableInvoker.java:93)
	at app//org.junit.jupiter.engine.execution.InvocationInterceptorChain$InterceptedInvocation.proceed(InvocationInterceptorChain.java:106)
	at app//org.junit.jupiter.engine.execution.InvocationInterceptorChain.proceed(InvocationInterceptorChain.java:64)
	at app//org.junit.jupiter.engine.execution.InvocationInterceptorChain.chainAndInvoke(InvocationInterceptorChain.java:45)
	at app//org.junit.jupiter.engine.execution.InvocationInterceptorChain.invoke(InvocationInterceptorChain.java:37)
	at app//org.junit.jupiter.engine.execution.InterceptingExecutableInvoker.invoke(InterceptingExecutableInvoker.java:92)
	at app//org.junit.jupiter.engine.execution.InterceptingExecutableInvoker.invoke(InterceptingExecutableInvoker.java:86)
	at app//org.junit.jupiter.engine.descriptor.TestMethodTestDescriptor.lambda$invokeTestMethod$7(TestMethodTestDescriptor.java:217)
	at app//org.junit.platform.engine.support.hierarchical.ThrowableCollector.execute(ThrowableCollector.java:73)
	at app//org.junit.jupiter.engine.descriptor.TestMethodTestDescriptor.invokeTestMethod(TestMethodTestDescriptor.java:213)
	at app//org.junit.jupiter.engine.descriptor.TestMethodTestDescriptor.execute(TestMethodTestDescriptor.java:138)
	at app//org.junit.jupiter.engine.descriptor.TestMethodTestDescriptor.execute(TestMethodTestDescriptor.java:68)
	at app//org.junit.platform.engine.support.hierarchical.NodeTestTask.lambda$executeRecursively$6(NodeTestTask.java:151)
	at app//org.junit.platform.engine.support.hierarchical.ThrowableCollector.execute(ThrowableCollector.java:73)
	at app//org.junit.platform.engine.support.hierarchical.NodeTestTask.lambda$executeRecursively$8(NodeTestTask.java:141)
	at app//org.junit.platform.engine.support.hierarchical.Node.around(Node.java:137)
	at app//org.junit.platform.engine.support.hierarchical.NodeTestTask.lambda$executeRecursively$9(NodeTestTask.java:139)
	at app//org.junit.platform.engine.support.hierarchical.ThrowableCollector.execute(ThrowableCollector.java:73)
	at app//org.junit.platform.engine.support.hierarchical.NodeTestTask.executeRecursively(NodeTestTask.java:138)
	at app//org.junit.platform.engine.support.hierarchical.NodeTestTask.execute(NodeTestTask.java:95)
	at java.base@17.0.7/java.util.ArrayList.forEach(ArrayList.java:1511)
	at app//org.junit.platform.engine.support.hierarchical.SameThreadHierarchicalTestExecutorService.invokeAll(SameThreadHierarchicalTestExecutorService.java:41)
	at app//org.junit.platform.engine.support.hierarchical.NodeTestTask.lambda$executeRecursively$6(NodeTestTask.java:155)
	at app//org.junit.platform.engine.support.hierarchical.ThrowableCollector.execute(ThrowableCollector.java:73)
	at app//org.junit.platform.engine.support.hierarchical.NodeTestTask.lambda$executeRecursively$8(NodeTestTask.java:141)
	at app//org.junit.platform.engine.support.hierarchical.Node.around(Node.java:137)
	at app//org.junit.platform.engine.support.hierarchical.NodeTestTask.lambda$executeRecursively$9(NodeTestTask.java:139)
	at app//org.junit.platform.engine.support.hierarchical.ThrowableCollector.execute(ThrowableCollector.java:73)
	at app//org.junit.platform.engine.support.hierarchical.NodeTestTask.executeRecursively(NodeTestTask.java:138)
	at app//org.junit.platform.engine.support.hierarchical.NodeTestTask.execute(NodeTestTask.java:95)
	at java.base@17.0.7/java.util.ArrayList.forEach(ArrayList.java:1511)
	at app//org.junit.platform.engine.support.hierarchical.SameThreadHierarchicalTestExecutorService.invokeAll(SameThreadHierarchicalTestExecutorService.java:41)
	at app//org.junit.platform.engine.support.hierarchical.NodeTestTask.lambda$executeRecursively$6(NodeTestTask.java:155)
	at app//org.junit.platform.engine.support.hierarchical.ThrowableCollector.execute(ThrowableCollector.java:73)
	at app//org.junit.platform.engine.support.hierarchical.NodeTestTask.lambda$executeRecursively$8(NodeTestTask.java:141)
	at app//org.junit.platform.engine.support.hierarchical.Node.around(Node.java:137)
	at app//org.junit.platform.engine.support.hierarchical.NodeTestTask.lambda$executeRecursively$9(NodeTestTask.java:139)
	at app//org.junit.platform.engine.support.hierarchical.ThrowableCollector.execute(ThrowableCollector.java:73)
	at app//org.junit.platform.engine.support.hierarchical.NodeTestTask.executeRecursively(NodeTestTask.java:138)
	at app//org.junit.platform.engine.support.hierarchical.NodeTestTask.execute(NodeTestTask.java:95)
	at app//org.junit.platform.engine.support.hierarchical.SameThreadHierarchicalTestExecutorService.submit(SameThreadHierarchicalTestExecutorService.java:35)
	at app//org.junit.platform.engine.support.hierarchical.HierarchicalTestExecutor.execute(HierarchicalTestExecutor.java:57)
	at app//org.junit.platform.engine.support.hierarchical.HierarchicalTestEngine.execute(HierarchicalTestEngine.java:54)
	at app//org.junit.platform.launcher.core.EngineExecutionOrchestrator.execute(EngineExecutionOrchestrator.java:107)
	at app//org.junit.platform.launcher.core.EngineExecutionOrchestrator.execute(EngineExecutionOrchestrator.java:88)
	at app//org.junit.platform.launcher.core.EngineExecutionOrchestrator.lambda$execute$0(EngineExecutionOrchestrator.java:54)
	at app//org.junit.platform.launcher.core.EngineExecutionOrchestrator.withInterceptedStreams(EngineExecutionOrchestrator.java:67)
	at app//org.junit.platform.launcher.core.EngineExecutionOrchestrator.execute(EngineExecutionOrchestrator.java:52)
	at app//org.junit.platform.launcher.core.DefaultLauncher.execute(DefaultLauncher.java:114)
	at app//org.junit.platform.launcher.core.DefaultLauncher.execute(DefaultLauncher.java:86)
	at app//org.junit.platform.launcher.core.DefaultLauncherSession$DelegatingLauncher.execute(DefaultLauncherSession.java:86)
	at org.gradle.api.internal.tasks.testing.junitplatform.JUnitPlatformTestClassProcessor$CollectAllTestClassesExecutor.processAllTestClasses(JUnitPlatformTestClassProcessor.java:110)
	at org.gradle.api.internal.tasks.testing.junitplatform.JUnitPlatformTestClassProcessor$CollectAllTestClassesExecutor.access$000(JUnitPlatformTestClassProcessor.java:90)
	at org.gradle.api.internal.tasks.testing.junitplatform.JUnitPlatformTestClassProcessor.stop(JUnitPlatformTestClassProcessor.java:85)
	at org.gradle.api.internal.tasks.testing.SuiteTestClassProcessor.stop(SuiteTestClassProcessor.java:62)
	at java.base@17.0.7/jdk.internal.reflect.NativeMethodAccessorImpl.invoke0(Native Method)
	at java.base@17.0.7/jdk.internal.reflect.NativeMethodAccessorImpl.invoke(NativeMethodAccessorImpl.java:77)
	at java.base@17.0.7/jdk.internal.reflect.DelegatingMethodAccessorImpl.invoke(DelegatingMethodAccessorImpl.java:43)
	at java.base@17.0.7/java.lang.reflect.Method.invoke(Method.java:568)
	at org.gradle.internal.dispatch.ReflectionDispatch.dispatch(ReflectionDispatch.java:36)
	at org.gradle.internal.dispatch.ReflectionDispatch.dispatch(ReflectionDispatch.java:24)
	at org.gradle.internal.dispatch.ContextClassLoaderDispatch.dispatch(ContextClassLoaderDispatch.java:33)
	at org.gradle.internal.dispatch.ProxyDispatchAdapter$DispatchingInvocationHandler.invoke(ProxyDispatchAdapter.java:94)
	at jdk.proxy2/jdk.proxy2.$Proxy5.stop(Unknown Source)
	at org.gradle.api.internal.tasks.testing.worker.TestWorker$3.run(TestWorker.java:193)
	at org.gradle.api.internal.tasks.testing.worker.TestWorker.executeAndMaintainThreadName(TestWorker.java:129)
	at org.gradle.api.internal.tasks.testing.worker.TestWorker.execute(TestWorker.java:100)
	at org.gradle.api.internal.tasks.testing.worker.TestWorker.execute(TestWorker.java:60)
	at org.gradle.process.internal.worker.child.ActionExecutionWorker.execute(ActionExecutionWorker.java:56)
	at org.gradle.process.internal.worker.child.SystemApplicationClassLoaderWorker.call(SystemApplicationClassLoaderWorker.java:113)
	at org.gradle.process.internal.worker.child.SystemApplicationClassLoaderWorker.call(SystemApplicationClassLoaderWorker.java:65)
	at app//worker.org.gradle.process.internal.worker.GradleWorkerMain.run(GradleWorkerMain.java:69)
	at app//worker.org.gradle.process.internal.worker.GradleWorkerMain.main(GradleWorkerMain.java:74)
Caused by: de.uka.ilkd.key.util.AssertionFailure: 
Assertion failure: No further information available.
	at app//de.uka.ilkd.key.util.Debug.fail(Debug.java:105)
	at app//de.uka.ilkd.key.util.Debug.fail(Debug.java:100)
	at app//de.uka.ilkd.key.java.KeYProgModelInfo.getProgramMethod(KeYProgModelInfo.java:421)
	at app//de.uka.ilkd.key.java.JavaInfo.getProgramMethod(JavaInfo.java:495)
	at app//de.uka.ilkd.key.java.JavaInfo.getProgramMethodFromPartialSignature(JavaInfo.java:507)
	at app//de.uka.ilkd.key.java.JavaInfo.getProgramMethodFromPartialSignature(JavaInfo.java:512)
	at app//de.uka.ilkd.key.java.JavaInfo.getProgramMethod(JavaInfo.java:532)
	at app//de.uka.ilkd.key.java.JavaInfo.getProgramMethodTerm(JavaInfo.java:623)
	at app//de.uka.ilkd.key.nparser.builder.ExpressionBuilder.handleAttributes(ExpressionBuilder.java:1341)
	at app//de.uka.ilkd.key.nparser.builder.ExpressionBuilder.visitAccessterm(ExpressionBuilder.java:1483)
	at app//de.uka.ilkd.key.nparser.builder.ExpressionBuilder.visitAccessterm(ExpressionBuilder.java:49)
	at app//de.uka.ilkd.key.nparser.KeYParser$AccesstermContext.accept(KeYParser.java:6174)
	at app//org.antlr.v4.runtime.tree.AbstractParseTreeVisitor.visitChildren(AbstractParseTreeVisitor.java:46)
	at app//de.uka.ilkd.key.nparser.KeYParserBaseVisitor.visitPrimitive_term(KeYParserBaseVisitor.java:542)
	at app//de.uka.ilkd.key.nparser.KeYParser$Primitive_termContext.accept(KeYParser.java:6074)
	at app//de.uka.ilkd.key.nparser.builder.AbstractBuilder.accept(AbstractBuilder.java:48)
	... 163 more
</failure>
  </testcase>
  <testcase name="testParseSequencePrettySyntax()" classname="de.uka.ilkd.key.parser.TestTermParserSorts" time="0.013"/>
  <system-out><![CDATA[]]></system-out>
  <system-err><![CDATA[62442      ERROR Test worker     d.u.i.k.j.KeYJPMapping    Duplicate registration of node: boolean, formerNode: /*@ pure @*/
boolean 
62477      ERROR Test worker     d.u.i.k.j.KeYJPMapping    Duplicate registration of node: /*@pure*/
int, formerNode: int 
62479      ERROR Test worker     d.u.i.k.j.KeYJPMapping    Duplicate registration of node: /*@ helper */
int, formerNode: int 
62479      ERROR Test worker     d.u.i.k.j.KeYJPMapping    Duplicate registration of node: /*@ helper */
boolean, formerNode: /*@ pure @*/
boolean 
62480      ERROR Test worker     d.u.i.k.j.KeYJPMapping    Duplicate registration of node: /*@ helper */
char, formerNode: char 
62481      ERROR Test worker     d.u.i.k.j.KeYJPMapping    Duplicate registration of node: byte[], formerNode: byte[] 
62483      ERROR Test worker     d.u.i.k.j.KeYJPMapping    Duplicate registration of node: /*@ helper */
java.lang.String, formerNode: java.lang.String 
62502      ERROR Test worker     d.u.i.k.j.KeYJPMapping    Duplicate registration of node: /*@strictly_pure*/
java.lang.String, formerNode: java.lang.String 
62506      ERROR Test worker     d.u.i.k.j.KeYJPMapping    Duplicate registration of node: /*@nullable@*/
Object, formerNode: Object 
62539      ERROR Test worker     d.u.i.k.j.KeYJPMapping    Duplicate registration of node: /*@pure@*/
String, formerNode: String 
62540      ERROR Test worker     d.u.i.k.j.KeYJPMapping    Duplicate registration of node: char[], formerNode: char[] 
62540      ERROR Test worker     d.u.i.k.j.KeYJPMapping    Duplicate registration of node: int[], formerNode: int[] 
62549      ERROR Test worker     d.u.i.k.j.KeYJPMapping    Duplicate registration of value: testTermParserHeap.A::next;, formerValue: testTermParserHeap.A::next; 
62549      ERROR Test worker     d.u.i.k.j.KeYJPMapping    Duplicate registration of value: A testTermParserHeap.A::next;, formerValue: A testTermParserHeap.A::next; 
62597      INFO  Test worker     d.u.i.k.n.KeyIO           Parsing took 0 ms 
62597      DEBUG Test worker     d.u.i.k.n.KeyIO           Load declarations of de.uka.ilkd.key.nparser.KeyAst$File:  <unknown>:1#1 
62597      INFO  Test worker     d.u.i.k.n.KeyIO           MODE: declarations took 0 ms 
62597      DEBUG Test worker     d.u.i.k.n.KeyIO           MODE: 2nd degree decls took 0 
62598      INFO  Test worker     d.u.i.k.n.KeyIO           Parsing took 1 ms 
62598      DEBUG Test worker     d.u.i.k.n.KeyIO           Load declarations of de.uka.ilkd.key.nparser.KeyAst$File:  <unknown>:1#1 
62598      INFO  Test worker     d.u.i.k.n.KeyIO           MODE: declarations took 0 ms 
62598      DEBUG Test worker     d.u.i.k.n.KeyIO           MODE: 2nd degree decls took 0 
62598      INFO  Test worker     d.u.i.k.n.KeyIO           Parsing took 0 ms 
62598      DEBUG Test worker     d.u.i.k.n.KeyIO           Load declarations of de.uka.ilkd.key.nparser.KeyAst$File:  <unknown>:1#1 
62599      INFO  Test worker     d.u.i.k.n.KeyIO           MODE: declarations took 1 ms 
62599      DEBUG Test worker     d.u.i.k.n.KeyIO           MODE: 2nd degree decls took 0 
62601      ERROR Test worker     d.u.i.k.n.b.AbstractBuilder  de.uka.ilkd.key.util.AssertionFailure: 
Assertion failure: No further information available.
	at de.uka.ilkd.key.util.Debug.fail(Debug.java:105)

62707      ERROR Test worker     d.u.i.k.j.KeYJPMapping    Duplicate registration of node: boolean, formerNode: /*@ pure @*/
boolean 
62743      ERROR Test worker     d.u.i.k.j.KeYJPMapping    Duplicate registration of node: /*@pure*/
int, formerNode: int 
62745      ERROR Test worker     d.u.i.k.j.KeYJPMapping    Duplicate registration of node: /*@ helper */
int, formerNode: int 
62745      ERROR Test worker     d.u.i.k.j.KeYJPMapping    Duplicate registration of node: /*@ helper */
boolean, formerNode: /*@ pure @*/
boolean 
62745      ERROR Test worker     d.u.i.k.j.KeYJPMapping    Duplicate registration of node: /*@ helper */
char, formerNode: char 
62746      ERROR Test worker     d.u.i.k.j.KeYJPMapping    Duplicate registration of node: byte[], formerNode: byte[] 
62749      ERROR Test worker     d.u.i.k.j.KeYJPMapping    Duplicate registration of node: /*@ helper */
java.lang.String, formerNode: java.lang.String 
62767      ERROR Test worker     d.u.i.k.j.KeYJPMapping    Duplicate registration of node: /*@strictly_pure*/
java.lang.String, formerNode: java.lang.String 
62771      ERROR Test worker     d.u.i.k.j.KeYJPMapping    Duplicate registration of node: /*@nullable@*/
Object, formerNode: Object 
62803      ERROR Test worker     d.u.i.k.j.KeYJPMapping    Duplicate registration of node: /*@pure@*/
String, formerNode: String 
62804      ERROR Test worker     d.u.i.k.j.KeYJPMapping    Duplicate registration of node: char[], formerNode: char[] 
62804      ERROR Test worker     d.u.i.k.j.KeYJPMapping    Duplicate registration of node: int[], formerNode: int[] 
62813      ERROR Test worker     d.u.i.k.j.KeYJPMapping    Duplicate registration of value: testTermParserHeap.A::next;, formerValue: testTermParserHeap.A::next; 
62813      ERROR Test worker     d.u.i.k.j.KeYJPMapping    Duplicate registration of value: A testTermParserHeap.A::next;, formerValue: A testTermParserHeap.A::next; 
62859      INFO  Test worker     d.u.i.k.n.KeyIO           Parsing took 0 ms 
62859      DEBUG Test worker     d.u.i.k.n.KeyIO           Load declarations of de.uka.ilkd.key.nparser.KeyAst$File:  <unknown>:1#1 
62860      INFO  Test worker     d.u.i.k.n.KeyIO           MODE: declarations took 1 ms 
62860      DEBUG Test worker     d.u.i.k.n.KeyIO           MODE: 2nd degree decls took 0 
62860      INFO  Test worker     d.u.i.k.n.KeyIO           Parsing took 0 ms 
62860      DEBUG Test worker     d.u.i.k.n.KeyIO           Load declarations of de.uka.ilkd.key.nparser.KeyAst$File:  <unknown>:1#1 
62860      INFO  Test worker     d.u.i.k.n.KeyIO           MODE: declarations took 0 ms 
62860      DEBUG Test worker     d.u.i.k.n.KeyIO           MODE: 2nd degree decls took 0 
62860      INFO  Test worker     d.u.i.k.n.KeyIO           Parsing took 0 ms 
62860      DEBUG Test worker     d.u.i.k.n.KeyIO           Load declarations of de.uka.ilkd.key.nparser.KeyAst$File:  <unknown>:1#1 
62861      INFO  Test worker     d.u.i.k.n.KeyIO           MODE: declarations took 1 ms 
62861      DEBUG Test worker     d.u.i.k.n.KeyIO           MODE: 2nd degree decls took 0 
]]></system-err>
</testsuite>
