<?xml version="1.0" encoding="UTF-8"?>
<testsuite name="de.uka.ilkd.key.parser.TestParser" tests="5" skipped="1" failures="0" errors="0" timestamp="2023-06-06T11:02:22" hostname="fv-az365-768" time="6.698">
  <properties/>
  <testcase name="testConstantEvaluationError()" classname="de.uka.ilkd.key.parser.TestParser" time="1.303"/>
  <testcase name="testGenericSort()" classname="de.uka.ilkd.key.parser.TestParser" time="0.003"/>
  <testcase name="testIssue1566()" classname="de.uka.ilkd.key.parser.TestParser" time="4.133"/>
  <testcase name="testIssue39()" classname="de.uka.ilkd.key.parser.TestParser" time="1.253"/>
  <testcase name="testRelativeInclude()" classname="de.uka.ilkd.key.parser.TestParser" time="0.003">
    <skipped/>
  </testcase>
  <system-out><![CDATA[416851     INFO  Test worker     d.u.i.k.p.i.AbstractProblemLoader Loading environment from src\test\resources\testcase\parserErrorTest\AssignToArray.java 
416851     DEBUG Test worker     d.u.i.k.p.i.AbstractProblemLoader Environment load took 165.1ns 
416851     INFO  Test worker     d.u.i.k.p.i.AbstractProblemLoader Creating init config 
418164     INFO  Test worker     d.u.i.k.n.KeyIO           Parsing took 0 ms 
418164     DEBUG Test worker     d.u.i.k.n.KeyIO           Load declarations of de.uka.ilkd.key.nparser.KeyAst$File:  <unknown>:1#1 
418164     INFO  Test worker     d.u.i.k.n.KeyIO           MODE: declarations took 0 ms 
418164     DEBUG Test worker     d.u.i.k.n.KeyIO           MODE: 2nd degree decls took 0 
418164     DEBUG Test worker     d.u.i.k.n.KeyIO           MODE: taclets took 0ms 
418164     INFO  Test worker     d.u.i.k.p.i.AbstractProblemLoader Loading environment from src\test\resources\testcase\issues\1566\a.key 
418164     DEBUG Test worker     d.u.i.k.p.i.AbstractProblemLoader Environment load took 229.7ns 
418164     INFO  Test worker     d.u.i.k.p.i.AbstractProblemLoader Creating init config 
422276     DEBUG Test worker     d.u.i.k.p.i.AbstractProblemLoader Init config took 4.1s 
422291     INFO  Test worker     d.u.i.k.p.i.AbstractProblemLoader Replaying proof a.key 
422291     DEBUG Test worker     d.u.i.k.p.i.IntermediateProofReplayer Proof replay took 11.7ns 
422291     INFO  Test worker     d.u.i.k.p.i.AbstractProblemLoader Loading environment from src\test\resources\testcase\issues\39\A.java 
422291     DEBUG Test worker     d.u.i.k.p.i.AbstractProblemLoader Environment load took 187.4ns 
422291     INFO  Test worker     d.u.i.k.p.i.AbstractProblemLoader Creating init config 
]]></system-out>
  <system-err><![CDATA[]]></system-err>
</testsuite>
