<?xml version="1.0" encoding="UTF-8"?>
<testsuite name="de.uka.ilkd.key.logic.TestClashFreeSubst" tests="14" skipped="2" failures="0" errors="0" timestamp="2023-06-06T10:56:22" hostname="fv-az365-768" time="72.843">
  <properties/>
  <testcase name="testMultiShareBound()" classname="de.uka.ilkd.key.logic.TestClashFreeSubst" time="1.493"/>
  <testcase name="testClash()" classname="de.uka.ilkd.key.logic.TestClashFreeSubst" time="1.373"/>
  <testcase name="testShare()" classname="de.uka.ilkd.key.logic.TestClashFreeSubst" time="1.433"/>
  <testcase name="testSubst()" classname="de.uka.ilkd.key.logic.TestClashFreeSubst" time="1.332"/>
  <testcase name="testWary0()" classname="de.uka.ilkd.key.logic.TestClashFreeSubst" time="1.443"/>
  <testcase name="testWary1()" classname="de.uka.ilkd.key.logic.TestClashFreeSubst" time="1.335"/>
  <testcase name="testWary2()" classname="de.uka.ilkd.key.logic.TestClashFreeSubst" time="1.341"/>
  <testcase name="testClashInSubstTerm()" classname="de.uka.ilkd.key.logic.TestClashFreeSubst" time="1.285"/>
  <testcase name="testShareWary()" classname="de.uka.ilkd.key.logic.TestClashFreeSubst" time="1.243"/>
  <testcase name="testMultiSubst()" classname="de.uka.ilkd.key.logic.TestClashFreeSubst" time="1.256"/>
  <testcase name="xtestMultiClash()" classname="de.uka.ilkd.key.logic.TestClashFreeSubst" time="0.0">
    <skipped/>
  </testcase>
  <testcase name="testSubstInSubstTerm()" classname="de.uka.ilkd.key.logic.TestClashFreeSubst" time="1.274"/>
  <testcase name="testSubstWary()" classname="de.uka.ilkd.key.logic.TestClashFreeSubst" time="1.242"/>
  <testcase name="xtestMultiClash1()" classname="de.uka.ilkd.key.logic.TestClashFreeSubst" time="0.0">
    <skipped/>
  </testcase>
  <system-out><![CDATA[56968      INFO  Test worker     d.u.i.k.n.KeyIO           Parsing took 0 ms 
56968      DEBUG Test worker     d.u.i.k.n.KeyIO           Load declarations of de.uka.ilkd.key.nparser.KeyAst$File:  <unknown>:1#1 
56968      INFO  Test worker     d.u.i.k.n.KeyIO           MODE: declarations took 0 ms 
56968      DEBUG Test worker     d.u.i.k.n.KeyIO           MODE: 2nd degree decls took 0 
58438      INFO  Test worker     d.u.i.k.n.KeyIO           Parsing took 0 ms 
58438      DEBUG Test worker     d.u.i.k.n.KeyIO           Load declarations of de.uka.ilkd.key.nparser.KeyAst$File:  <unknown>:1#1 
58438      INFO  Test worker     d.u.i.k.n.KeyIO           MODE: declarations took 0 ms 
58438      DEBUG Test worker     d.u.i.k.n.KeyIO           MODE: 2nd degree decls took 0 
63052      INFO  Test worker     d.u.i.k.n.KeyIO           Parsing took 0 ms 
63052      DEBUG Test worker     d.u.i.k.n.KeyIO           Load declarations of de.uka.ilkd.key.nparser.KeyAst$File:  <unknown>:1#1 
63052      INFO  Test worker     d.u.i.k.n.KeyIO           MODE: declarations took 0 ms 
63052      DEBUG Test worker     d.u.i.k.n.KeyIO           MODE: 2nd degree decls took 0 
64428      INFO  Test worker     d.u.i.k.n.KeyIO           Parsing took 0 ms 
64428      DEBUG Test worker     d.u.i.k.n.KeyIO           Load declarations of de.uka.ilkd.key.nparser.KeyAst$File:  <unknown>:1#1 
64428      INFO  Test worker     d.u.i.k.n.KeyIO           MODE: declarations took 0 ms 
64428      DEBUG Test worker     d.u.i.k.n.KeyIO           MODE: 2nd degree decls took 0 
69118      INFO  Test worker     d.u.i.k.n.KeyIO           Parsing took 0 ms 
69118      DEBUG Test worker     d.u.i.k.n.KeyIO           Load declarations of de.uka.ilkd.key.nparser.KeyAst$File:  <unknown>:1#1 
69133      INFO  Test worker     d.u.i.k.n.KeyIO           MODE: declarations took 15 ms 
69133      DEBUG Test worker     d.u.i.k.n.KeyIO           MODE: 2nd degree decls took 0 
70540      INFO  Test worker     d.u.i.k.n.KeyIO           Parsing took 0 ms 
70556      DEBUG Test worker     d.u.i.k.n.KeyIO           Load declarations of de.uka.ilkd.key.nparser.KeyAst$File:  <unknown>:1#1 
70556      INFO  Test worker     d.u.i.k.n.KeyIO           MODE: declarations took 0 ms 
70556      DEBUG Test worker     d.u.i.k.n.KeyIO           MODE: 2nd degree decls took 0 
74933      INFO  Test worker     d.u.i.k.n.KeyIO           Parsing took 0 ms 
74933      DEBUG Test worker     d.u.i.k.n.KeyIO           Load declarations of de.uka.ilkd.key.nparser.KeyAst$File:  <unknown>:1#1 
74933      INFO  Test worker     d.u.i.k.n.KeyIO           MODE: declarations took 0 ms 
74933      DEBUG Test worker     d.u.i.k.n.KeyIO           MODE: 2nd degree decls took 0 
76246      INFO  Test worker     d.u.i.k.n.KeyIO           Parsing took 0 ms 
76262      DEBUG Test worker     d.u.i.k.n.KeyIO           Load declarations of de.uka.ilkd.key.nparser.KeyAst$File:  <unknown>:1#1 
76262      INFO  Test worker     d.u.i.k.n.KeyIO           MODE: declarations took 0 ms 
76262      DEBUG Test worker     d.u.i.k.n.KeyIO           MODE: 2nd degree decls took 0 
80858      INFO  Test worker     d.u.i.k.n.KeyIO           Parsing took 0 ms 
80858      DEBUG Test worker     d.u.i.k.n.KeyIO           Load declarations of de.uka.ilkd.key.nparser.KeyAst$File:  <unknown>:1#1 
80858      INFO  Test worker     d.u.i.k.n.KeyIO           MODE: declarations took 0 ms 
80858      DEBUG Test worker     d.u.i.k.n.KeyIO           MODE: 2nd degree decls took 0 
82295      INFO  Test worker     d.u.i.k.n.KeyIO           Parsing took 0 ms 
82295      DEBUG Test worker     d.u.i.k.n.KeyIO           Load declarations of de.uka.ilkd.key.nparser.KeyAst$File:  <unknown>:1#1 
82295      INFO  Test worker     d.u.i.k.n.KeyIO           MODE: declarations took 0 ms 
82295      DEBUG Test worker     d.u.i.k.n.KeyIO           MODE: 2nd degree decls took 0 
86580      INFO  Test worker     d.u.i.k.n.KeyIO           Parsing took 0 ms 
86580      DEBUG Test worker     d.u.i.k.n.KeyIO           Load declarations of de.uka.ilkd.key.nparser.KeyAst$File:  <unknown>:1#1 
86580      INFO  Test worker     d.u.i.k.n.KeyIO           MODE: declarations took 0 ms 
86580      DEBUG Test worker     d.u.i.k.n.KeyIO           MODE: 2nd degree decls took 0 
87909      INFO  Test worker     d.u.i.k.n.KeyIO           Parsing took 0 ms 
87909      DEBUG Test worker     d.u.i.k.n.KeyIO           Load declarations of de.uka.ilkd.key.nparser.KeyAst$File:  <unknown>:1#1 
87909      INFO  Test worker     d.u.i.k.n.KeyIO           MODE: declarations took 0 ms 
87909      DEBUG Test worker     d.u.i.k.n.KeyIO           MODE: 2nd degree decls took 0 
92365      INFO  Test worker     d.u.i.k.n.KeyIO           Parsing took 0 ms 
92365      DEBUG Test worker     d.u.i.k.n.KeyIO           Load declarations of de.uka.ilkd.key.nparser.KeyAst$File:  <unknown>:1#1 
92365      INFO  Test worker     d.u.i.k.n.KeyIO           MODE: declarations took 0 ms 
92365      DEBUG Test worker     d.u.i.k.n.KeyIO           MODE: 2nd degree decls took 0 
93695      INFO  Test worker     d.u.i.k.n.KeyIO           Parsing took 0 ms 
93695      DEBUG Test worker     d.u.i.k.n.KeyIO           Load declarations of de.uka.ilkd.key.nparser.KeyAst$File:  <unknown>:1#1 
93695      INFO  Test worker     d.u.i.k.n.KeyIO           MODE: declarations took 0 ms 
93695      DEBUG Test worker     d.u.i.k.n.KeyIO           MODE: 2nd degree decls took 0 
98072      INFO  Test worker     d.u.i.k.n.KeyIO           Parsing took 0 ms 
98072      DEBUG Test worker     d.u.i.k.n.KeyIO           Load declarations of de.uka.ilkd.key.nparser.KeyAst$File:  <unknown>:1#1 
98072      INFO  Test worker     d.u.i.k.n.KeyIO           MODE: declarations took 0 ms 
98072      DEBUG Test worker     d.u.i.k.n.KeyIO           MODE: 2nd degree decls took 0 
99353      INFO  Test worker     d.u.i.k.n.KeyIO           Parsing took 0 ms 
99353      DEBUG Test worker     d.u.i.k.n.KeyIO           Load declarations of de.uka.ilkd.key.nparser.KeyAst$File:  <unknown>:1#1 
99353      INFO  Test worker     d.u.i.k.n.KeyIO           MODE: declarations took 0 ms 
99353      DEBUG Test worker     d.u.i.k.n.KeyIO           MODE: 2nd degree decls took 0 
104060     INFO  Test worker     d.u.i.k.n.KeyIO           Parsing took 0 ms 
104060     DEBUG Test worker     d.u.i.k.n.KeyIO           Load declarations of de.uka.ilkd.key.nparser.KeyAst$File:  <unknown>:1#1 
104060     INFO  Test worker     d.u.i.k.n.KeyIO           MODE: declarations took 0 ms 
104060     DEBUG Test worker     d.u.i.k.n.KeyIO           MODE: 2nd degree decls took 0 
105295     INFO  Test worker     d.u.i.k.n.KeyIO           Parsing took 0 ms 
105295     DEBUG Test worker     d.u.i.k.n.KeyIO           Load declarations of de.uka.ilkd.key.nparser.KeyAst$File:  <unknown>:1#1 
105295     INFO  Test worker     d.u.i.k.n.KeyIO           MODE: declarations took 0 ms 
105295     DEBUG Test worker     d.u.i.k.n.KeyIO           MODE: 2nd degree decls took 0 
109485     INFO  Test worker     d.u.i.k.n.KeyIO           Parsing took 0 ms 
109485     DEBUG Test worker     d.u.i.k.n.KeyIO           Load declarations of de.uka.ilkd.key.nparser.KeyAst$File:  <unknown>:1#1 
109485     INFO  Test worker     d.u.i.k.n.KeyIO           MODE: declarations took 0 ms 
109485     DEBUG Test worker     d.u.i.k.n.KeyIO           MODE: 2nd degree decls took 0 
110720     INFO  Test worker     d.u.i.k.n.KeyIO           Parsing took 0 ms 
110720     DEBUG Test worker     d.u.i.k.n.KeyIO           Load declarations of de.uka.ilkd.key.nparser.KeyAst$File:  <unknown>:1#1 
110720     INFO  Test worker     d.u.i.k.n.KeyIO           MODE: declarations took 0 ms 
110735     DEBUG Test worker     d.u.i.k.n.KeyIO           MODE: 2nd degree decls took 0 
119023     INFO  Test worker     d.u.i.k.n.KeyIO           Parsing took 0 ms 
119023     DEBUG Test worker     d.u.i.k.n.KeyIO           Load declarations of de.uka.ilkd.key.nparser.KeyAst$File:  <unknown>:1#1 
119023     INFO  Test worker     d.u.i.k.n.KeyIO           MODE: declarations took 0 ms 
119023     DEBUG Test worker     d.u.i.k.n.KeyIO           MODE: 2nd degree decls took 0 
120289     INFO  Test worker     d.u.i.k.n.KeyIO           Parsing took 0 ms 
120289     DEBUG Test worker     d.u.i.k.n.KeyIO           Load declarations of de.uka.ilkd.key.nparser.KeyAst$File:  <unknown>:1#1 
120289     INFO  Test worker     d.u.i.k.n.KeyIO           MODE: declarations took 0 ms 
120289     DEBUG Test worker     d.u.i.k.n.KeyIO           MODE: 2nd degree decls took 0 
124417     INFO  Test worker     d.u.i.k.n.KeyIO           Parsing took 0 ms 
124417     DEBUG Test worker     d.u.i.k.n.KeyIO           Load declarations of de.uka.ilkd.key.nparser.KeyAst$File:  <unknown>:1#1 
124417     INFO  Test worker     d.u.i.k.n.KeyIO           MODE: declarations took 0 ms 
124417     DEBUG Test worker     d.u.i.k.n.KeyIO           MODE: 2nd degree decls took 0 
125652     INFO  Test worker     d.u.i.k.n.KeyIO           Parsing took 0 ms 
125652     DEBUG Test worker     d.u.i.k.n.KeyIO           Load declarations of de.uka.ilkd.key.nparser.KeyAst$File:  <unknown>:1#1 
125652     INFO  Test worker     d.u.i.k.n.KeyIO           MODE: declarations took 0 ms 
125652     DEBUG Test worker     d.u.i.k.n.KeyIO           MODE: 2nd degree decls took 0 
]]></system-out>
  <system-err><![CDATA[]]></system-err>
</testsuite>
