<?xml version="1.0" encoding="UTF-8"?>
<testsuite name="de.uka.ilkd.key.rule.merge.MergeRuleTests" tests="11" skipped="0" failures="0" errors="0" timestamp="2023-06-06T11:06:24" hostname="fv-az365-768" time="88.798">
  <properties/>
  <testcase name="testDoManualGcdProof()" classname="de.uka.ilkd.key.rule.merge.MergeRuleTests" time="23.252"/>
  <testcase name="testLoadProofWithDiffVarsWithSameNameAndMPS()" classname="de.uka.ilkd.key.rule.merge.MergeRuleTests" time="4.657"/>
  <testcase name="testDoAutomaticGcdProofWithMergePointStatementAndBlockContract()" classname="de.uka.ilkd.key.rule.merge.MergeRuleTests" time="14.292"/>
  <testcase name="testLoadGcdProofWithPredAbstrAndUserChoices()" classname="de.uka.ilkd.key.rule.merge.MergeRuleTests" time="4.863"/>
  <testcase name="testLoadGcdProofWithPredAbstr()" classname="de.uka.ilkd.key.rule.merge.MergeRuleTests" time="5.222"/>
  <testcase name="testMergeThreeIndistinguishablePathConditionsWithITE()" classname="de.uka.ilkd.key.rule.merge.MergeRuleTests" time="4.205"/>
  <testcase name="testMergeIndistinguishablePathConditionsWithFullAnonymization()" classname="de.uka.ilkd.key.rule.merge.MergeRuleTests" time="4.113"/>
  <testcase name="testLoadClosedGcdProofWithMergePointStatements()" classname="de.uka.ilkd.key.rule.merge.MergeRuleTests" time="5.208"/>
  <testcase name="testMergeIndistinguishablePathConditionsWithITE()" classname="de.uka.ilkd.key.rule.merge.MergeRuleTests" time="4.206"/>
  <testcase name="testDoAutomaticGcdProofWithMergePointStatements()" classname="de.uka.ilkd.key.rule.merge.MergeRuleTests" time="13.853"/>
  <testcase name="testLoadGcdProof()" classname="de.uka.ilkd.key.rule.merge.MergeRuleTests" time="4.926"/>
  <system-out><![CDATA[659316     INFO  Test worker     d.u.i.k.p.i.AbstractProblemLoader Loading environment from src\test\resources\testcase\merge\gcd.key 
659316     DEBUG Test worker     d.u.i.k.p.i.AbstractProblemLoader Environment load took 490.1ns 
659316     INFO  Test worker     d.u.i.k.p.i.AbstractProblemLoader Creating init config 
659472     DEBUG Test worker     d.u.i.k.j.TypeConverter   No LDT found for Meta 
659472     DEBUG Test worker     d.u.i.k.j.TypeConverter   No LDT found for Meta 
659472     DEBUG Test worker     d.u.i.k.j.TypeConverter   No LDT found for Meta 
659472     DEBUG Test worker     d.u.i.k.j.TypeConverter   No LDT found for Meta 
660254     DEBUG Test worker     d.u.i.k.j.TypeConverter   No LDT found for JavaBigintExpression 
664711     DEBUG Test worker     d.u.i.k.p.i.AbstractProblemLoader Init config took 5.4s 
664758     INFO  Test worker     d.u.i.k.p.i.AbstractProblemLoader Replaying proof Gcd[Gcd::gcd(int,int)].JML normal_behavior operation contract.0 
664758     DEBUG Test worker     d.u.i.k.p.i.IntermediateProofReplayer Proof replay took 12ns 
682565     INFO  Test worker     d.u.i.k.p.i.AbstractProblemLoader Loading environment from src\test\resources\testcase\merge\A.differentVarsWithSameName.MPS.cut.closed.proof 
682565     DEBUG Test worker     d.u.i.k.p.i.AbstractProblemLoader Environment load took 594.7ns 
682580     INFO  Test worker     d.u.i.k.p.i.AbstractProblemLoader Creating init config 
686864     DEBUG Test worker     d.u.i.k.p.i.AbstractProblemLoader Init config took 4.28s 
686911     INFO  Test worker     d.u.i.k.p.i.AbstractProblemLoader Replaying proof A[A::m(boolean)].JML operation contract.0 
687223     DEBUG Test worker     d.u.i.k.p.i.IntermediateProofReplayer Proof replay took 299.85ms 
687223     INFO  Test worker     d.u.i.k.p.i.AbstractProblemLoader Loading environment from src\test\resources\testcase\merge\gcd.MPSAndBlockContract.key 
687223     DEBUG Test worker     d.u.i.k.p.i.AbstractProblemLoader Environment load took 154.8ns 
687223     INFO  Test worker     d.u.i.k.p.i.AbstractProblemLoader Creating init config 
691508     DEBUG Test worker     d.u.i.k.p.i.AbstractProblemLoader Init config took 4.28s 
691555     INFO  Test worker     d.u.i.k.p.i.AbstractProblemLoader Replaying proof Gcd[Gcd::gcdMPSAndBlockContract(int,int)].JML normal_behavior operation contract.0 
691555     DEBUG Test worker     d.u.i.k.p.i.IntermediateProofReplayer Proof replay took 23.9ns 
701515     INFO  Test worker     d.u.i.k.p.i.AbstractProblemLoader Loading environment from src\test\resources\testcase\merge\gcd.closed.predicateAbstractionWithUserChoices.proof 
701515     DEBUG Test worker     d.u.i.k.p.i.AbstractProblemLoader Environment load took 221.4ns 
701515     INFO  Test worker     d.u.i.k.p.i.AbstractProblemLoader Creating init config 
705737     DEBUG Test worker     d.u.i.k.p.i.AbstractProblemLoader Init config took 4.22s 
705799     INFO  Test worker     d.u.i.k.p.i.AbstractProblemLoader Replaying proof Gcd[Gcd::gcd(int,int)].JML normal_behavior operation contract.0 
706378     DEBUG Test worker     d.u.i.k.p.i.IntermediateProofReplayer Proof replay took 524.16ms 
706378     INFO  Test worker     d.u.i.k.p.i.AbstractProblemLoader Loading environment from src\test\resources\testcase\merge\gcd.closed.predicateabstraction.proof 
706378     DEBUG Test worker     d.u.i.k.p.i.AbstractProblemLoader Environment load took 522.5ns 
706378     INFO  Test worker     d.u.i.k.p.i.AbstractProblemLoader Creating init config 
710803     DEBUG Test worker     d.u.i.k.p.i.AbstractProblemLoader Init config took 4.42s 
710850     INFO  Test worker     d.u.i.k.p.i.AbstractProblemLoader Replaying proof Gcd[Gcd::gcd(int,int)].JML normal_behavior operation contract.0 
711600     DEBUG Test worker     d.u.i.k.p.i.IntermediateProofReplayer Proof replay took 666.76ms 
711600     INFO  Test worker     d.u.i.k.p.i.AbstractProblemLoader Loading environment from src\test\resources\testcase\merge\IndistinguishablePathConditions.twoJoins.proof 
711600     DEBUG Test worker     d.u.i.k.p.i.AbstractProblemLoader Environment load took 222ns 
711600     INFO  Test worker     d.u.i.k.p.i.AbstractProblemLoader Creating init config 
715774     DEBUG Test worker     d.u.i.k.p.i.AbstractProblemLoader Init config took 4.18s 
715805     INFO  Test worker     d.u.i.k.p.i.AbstractProblemLoader Replaying proof IndistinguishablePathConditions.twoJoins.proof 
715805     DEBUG Test worker     d.u.i.k.p.i.IntermediateProofReplayer Proof replay took 870.5ns 
715805     INFO  Test worker     d.u.i.k.p.i.AbstractProblemLoader Loading environment from src\test\resources\testcase\merge\IndistinguishablePathConditions.proof 
715805     DEBUG Test worker     d.u.i.k.p.i.AbstractProblemLoader Environment load took 195.2ns 
715821     INFO  Test worker     d.u.i.k.p.i.AbstractProblemLoader Creating init config 
719871     DEBUG Test worker     d.u.i.k.p.i.AbstractProblemLoader Init config took 4.05s 
719886     INFO  Test worker     d.u.i.k.p.i.AbstractProblemLoader Replaying proof IndistinguishablePathConditions.proof 
719886     DEBUG Test worker     d.u.i.k.p.i.IntermediateProofReplayer Proof replay took 380.2ns 
719918     INFO  Test worker     d.u.i.k.p.i.AbstractProblemLoader Loading environment from src\test\resources\testcase\merge\gcd.mergePointStatements.closed.proof 
719918     DEBUG Test worker     d.u.i.k.p.i.AbstractProblemLoader Environment load took 285.4ns 
719918     INFO  Test worker     d.u.i.k.p.i.AbstractProblemLoader Creating init config 
724125     DEBUG Test worker     d.u.i.k.p.i.AbstractProblemLoader Init config took 4.2s 
724172     INFO  Test worker     d.u.i.k.p.i.AbstractProblemLoader Replaying proof Gcd[Gcd::gcdMPS(int,int)].JML normal_behavior operation contract.0 
725110     DEBUG Test worker     d.u.i.k.p.i.IntermediateProofReplayer Proof replay took 862.69ms 
725126     INFO  Test worker     d.u.i.k.p.i.AbstractProblemLoader Loading environment from src\test\resources\testcase\merge\IndistinguishablePathConditions.proof 
725126     DEBUG Test worker     d.u.i.k.p.i.AbstractProblemLoader Environment load took 2.7ms 
725126     INFO  Test worker     d.u.i.k.p.i.AbstractProblemLoader Creating init config 
729316     DEBUG Test worker     d.u.i.k.p.i.AbstractProblemLoader Init config took 4.18s 
729332     INFO  Test worker     d.u.i.k.p.i.AbstractProblemLoader Replaying proof IndistinguishablePathConditions.proof 
729332     DEBUG Test worker     d.u.i.k.p.i.IntermediateProofReplayer Proof replay took 363.5ns 
729332     INFO  Test worker     d.u.i.k.p.i.AbstractProblemLoader Loading environment from src\test\resources\testcase\merge\gcd.mergePointStatements.key 
729332     DEBUG Test worker     d.u.i.k.p.i.AbstractProblemLoader Environment load took 155ns 
729332     INFO  Test worker     d.u.i.k.p.i.AbstractProblemLoader Creating init config 
733537     DEBUG Test worker     d.u.i.k.p.i.AbstractProblemLoader Init config took 4.2s 
733585     INFO  Test worker     d.u.i.k.p.i.AbstractProblemLoader Replaying proof Gcd[Gcd::gcdMPS(int,int)].JML normal_behavior operation contract.0 
733585     DEBUG Test worker     d.u.i.k.p.i.IntermediateProofReplayer Proof replay took 23ns 
743185     INFO  Test worker     d.u.i.k.p.i.AbstractProblemLoader Loading environment from src\test\resources\testcase\merge\gcd.closed.proof 
743185     DEBUG Test worker     d.u.i.k.p.i.AbstractProblemLoader Environment load took 630.9ns 
743185     INFO  Test worker     d.u.i.k.p.i.AbstractProblemLoader Creating init config 
747375     DEBUG Test worker     d.u.i.k.p.i.AbstractProblemLoader Init config took 4.18s 
747422     INFO  Test worker     d.u.i.k.p.i.AbstractProblemLoader Replaying proof Gcd[Gcd::gcd(int,int)].JML normal_behavior operation contract.0 
748111     DEBUG Test worker     d.u.i.k.p.i.IntermediateProofReplayer Proof replay took 626.5ms 
]]></system-out>
  <system-err><![CDATA[]]></system-err>
</testsuite>
