<?xml version="1.0" encoding="UTF-8"?>
<testsuite name="de.uka.ilkd.key.taclettranslation.TestTacletTranslator" tests="5" skipped="0" failures="0" errors="0" timestamp="2023-06-06T11:14:05" hostname="fv-az365-768" time="0.024">
  <properties/>
  <testcase name="testPropositional1()" classname="de.uka.ilkd.key.taclettranslation.TestTacletTranslator" time="0.01"/>
  <testcase name="testPropositional2()" classname="de.uka.ilkd.key.taclettranslation.TestTacletTranslator" time="0.003"/>
  <testcase name="testNegativePolarity()" classname="de.uka.ilkd.key.taclettranslation.TestTacletTranslator" time="0.004"/>
  <testcase name="testNoPolarity()" classname="de.uka.ilkd.key.taclettranslation.TestTacletTranslator" time="0.003"/>
  <testcase name="testPositivePolarity()" classname="de.uka.ilkd.key.taclettranslation.TestTacletTranslator" time="0.003"/>
  <system-out><![CDATA[1120107    INFO  Test worker     d.u.i.k.n.KeyIO           Parsing took 0 ms 
1120107    DEBUG Test worker     d.u.i.k.n.KeyIO           Load declarations of de.uka.ilkd.key.nparser.KeyAst$File:  <unknown>:1#1 
1120107    INFO  Test worker     d.u.i.k.n.KeyIO           MODE: declarations took 0 ms 
1120107    DEBUG Test worker     d.u.i.k.n.KeyIO           MODE: 2nd degree decls took 0 
1120107    DEBUG Test worker     d.u.i.k.n.KeyIO           MODE: taclets took 0ms 
1120123    INFO  Test worker     d.u.i.k.n.KeyIO           Parsing took 0 ms 
1120123    DEBUG Test worker     d.u.i.k.n.KeyIO           Load declarations of de.uka.ilkd.key.nparser.KeyAst$File:  <unknown>:1#1 
1120123    INFO  Test worker     d.u.i.k.n.KeyIO           MODE: declarations took 0 ms 
1120123    DEBUG Test worker     d.u.i.k.n.KeyIO           MODE: 2nd degree decls took 0 
1120123    DEBUG Test worker     d.u.i.k.n.KeyIO           MODE: taclets took 0ms 
1120123    INFO  Test worker     d.u.i.k.n.KeyIO           Parsing took 0 ms 
1120123    DEBUG Test worker     d.u.i.k.n.KeyIO           Load declarations of de.uka.ilkd.key.nparser.KeyAst$File:  <unknown>:1#1 
1120123    INFO  Test worker     d.u.i.k.n.KeyIO           MODE: declarations took 0 ms 
1120123    DEBUG Test worker     d.u.i.k.n.KeyIO           MODE: 2nd degree decls took 0 
1120123    DEBUG Test worker     d.u.i.k.n.KeyIO           MODE: taclets took 0ms 
1120123    INFO  Test worker     d.u.i.k.n.KeyIO           Parsing took 0 ms 
1120123    DEBUG Test worker     d.u.i.k.n.KeyIO           Load declarations of de.uka.ilkd.key.nparser.KeyAst$File:  <unknown>:1#1 
1120123    INFO  Test worker     d.u.i.k.n.KeyIO           MODE: declarations took 0 ms 
1120123    DEBUG Test worker     d.u.i.k.n.KeyIO           MODE: 2nd degree decls took 0 
1120123    DEBUG Test worker     d.u.i.k.n.KeyIO           MODE: taclets took 0ms 
1120123    INFO  Test worker     d.u.i.k.n.KeyIO           Parsing took 0 ms 
1120123    DEBUG Test worker     d.u.i.k.n.KeyIO           Load declarations of de.uka.ilkd.key.nparser.KeyAst$File:  <unknown>:1#1 
1120123    INFO  Test worker     d.u.i.k.n.KeyIO           MODE: declarations took 0 ms 
1120123    DEBUG Test worker     d.u.i.k.n.KeyIO           MODE: 2nd degree decls took 0 
1120123    DEBUG Test worker     d.u.i.k.n.KeyIO           MODE: taclets took 0ms 
]]></system-out>
  <system-err><![CDATA[]]></system-err>
</testsuite>
