<?xml version="1.0" encoding="UTF-8"?>
<testsuite name="de.uka.ilkd.key.rule.merge.PredicateAbstractionLatticeTests" tests="3" skipped="0" failures="0" errors="0" timestamp="2023-06-06T11:07:53" hostname="fv-az365-768" time="8.284">
  <properties/>
  <testcase name="testToAndFromString()" classname="de.uka.ilkd.key.rule.merge.PredicateAbstractionLatticeTests" time="4.125"/>
  <testcase name="testCreateSignLatticeWithPredicates()" classname="de.uka.ilkd.key.rule.merge.PredicateAbstractionLatticeTests" time="4.159"/>
  <testcase name="testTrivialPredicatesLattice()" classname="de.uka.ilkd.key.rule.merge.PredicateAbstractionLatticeTests" time="0.0"/>
  <system-out><![CDATA[748126     INFO  Test worker     d.u.i.k.p.i.AbstractProblemLoader Loading environment from src\test\resources\testcase\merge\dummy.key 
748126     DEBUG Test worker     d.u.i.k.p.i.AbstractProblemLoader Environment load took 248.9ns 
748126     INFO  Test worker     d.u.i.k.p.i.AbstractProblemLoader Creating init config 
752222     DEBUG Test worker     d.u.i.k.p.i.AbstractProblemLoader Init config took 4.1s 
752238     INFO  Test worker     d.u.i.k.p.i.AbstractProblemLoader Replaying proof dummy.key 
752238     DEBUG Test worker     d.u.i.k.p.i.IntermediateProofReplayer Proof replay took 11.2ns 
752238     INFO  Test worker     d.u.i.k.p.i.AbstractProblemLoader Loading environment from src\test\resources\testcase\merge\dummy.key 
752238     DEBUG Test worker     d.u.i.k.p.i.AbstractProblemLoader Environment load took 459.1ns 
752238     INFO  Test worker     d.u.i.k.p.i.AbstractProblemLoader Creating init config 
756256     DEBUG Test worker     d.u.i.k.p.i.AbstractProblemLoader Init config took 4.01s 
756397     INFO  Test worker     d.u.i.k.p.i.AbstractProblemLoader Replaying proof dummy.key 
756397     DEBUG Test worker     d.u.i.k.p.i.IntermediateProofReplayer Proof replay took 11.8ns 
]]></system-out>
  <system-err><![CDATA[]]></system-err>
</testsuite>
