<?xml version="1.0" encoding="UTF-8"?>
<testsuite name="de.uka.ilkd.key.parser.TestDeclParser" tests="14" skipped="2" failures="0" errors="0" timestamp="2023-06-06T11:00:24" hostname="fv-az365-768" time="14.944">
  <properties/>
  <testcase name="testGenericSortDecl1()" classname="de.uka.ilkd.key.parser.TestDeclParser" time="1.32"/>
  <testcase name="testGenericSortDecl2()" classname="de.uka.ilkd.key.parser.TestDeclParser" time="1.312"/>
  <testcase name="testGenericSortDecl3()" classname="de.uka.ilkd.key.parser.TestDeclParser" time="1.229"/>
  <testcase name="testGenericSortDecl4()" classname="de.uka.ilkd.key.parser.TestDeclParser" time="1.219"/>
  <testcase name="testGenericSortDecl5()" classname="de.uka.ilkd.key.parser.TestDeclParser" time="0.0">
    <skipped/>
  </testcase>
  <testcase name="testGenericSortDecl6()" classname="de.uka.ilkd.key.parser.TestDeclParser" time="1.194"/>
  <testcase name="testSortDecl()" classname="de.uka.ilkd.key.parser.TestDeclParser" time="1.226"/>
  <testcase name="testProxySortDecl()" classname="de.uka.ilkd.key.parser.TestDeclParser" time="1.241"/>
  <testcase name="testArrayDecl()" classname="de.uka.ilkd.key.parser.TestDeclParser" time="1.238"/>
  <testcase name="testAmbiguousDecls()" classname="de.uka.ilkd.key.parser.TestDeclParser" time="0.0">
    <skipped/>
  </testcase>
  <testcase name="testHeurDecl()" classname="de.uka.ilkd.key.parser.TestDeclParser" time="1.24"/>
  <testcase name="testFunctionDecl()" classname="de.uka.ilkd.key.parser.TestDeclParser" time="1.252"/>
  <testcase name="testPredicateDecl()" classname="de.uka.ilkd.key.parser.TestDeclParser" time="1.227"/>
  <testcase name="testSVDecl()" classname="de.uka.ilkd.key.parser.TestDeclParser" time="1.241"/>
  <system-out><![CDATA[300576     INFO  Test worker     d.u.i.k.n.KeyIO           Parsing took 0 ms 
300576     DEBUG Test worker     d.u.i.k.n.KeyIO           Load declarations of de.uka.ilkd.key.nparser.KeyAst$File:  <unknown>:1#1 
300576     INFO  Test worker     d.u.i.k.n.KeyIO           MODE: declarations took 0 ms 
300576     DEBUG Test worker     d.u.i.k.n.KeyIO           MODE: 2nd degree decls took 0 
300576     DEBUG Test worker     d.u.i.k.n.KeyIO           MODE: taclets took 0ms 
301874     INFO  Test worker     d.u.i.k.n.KeyIO           Parsing took 0 ms 
301874     DEBUG Test worker     d.u.i.k.n.KeyIO           Load declarations of de.uka.ilkd.key.nparser.KeyAst$File:  <unknown>:1#1 
301874     INFO  Test worker     d.u.i.k.n.KeyIO           MODE: declarations took 0 ms 
301874     DEBUG Test worker     d.u.i.k.n.KeyIO           MODE: 2nd degree decls took 0 
301874     DEBUG Test worker     d.u.i.k.n.KeyIO           MODE: taclets took 0ms 
303110     INFO  Test worker     d.u.i.k.n.KeyIO           Parsing took 0 ms 
303110     DEBUG Test worker     d.u.i.k.n.KeyIO           Load declarations of de.uka.ilkd.key.nparser.KeyAst$File:  <unknown>:1#1 
303110     INFO  Test worker     d.u.i.k.n.KeyIO           MODE: declarations took 0 ms 
303110     DEBUG Test worker     d.u.i.k.n.KeyIO           MODE: 2nd degree decls took 0 
303110     DEBUG Test worker     d.u.i.k.n.KeyIO           MODE: taclets took 0ms 
304330     INFO  Test worker     d.u.i.k.n.KeyIO           Parsing took 0 ms 
304330     DEBUG Test worker     d.u.i.k.n.KeyIO           Load declarations of de.uka.ilkd.key.nparser.KeyAst$File:  <unknown>:1#1 
304330     INFO  Test worker     d.u.i.k.n.KeyIO           MODE: declarations took 0 ms 
304330     DEBUG Test worker     d.u.i.k.n.KeyIO           MODE: 2nd degree decls took 0 
304330     DEBUG Test worker     d.u.i.k.n.KeyIO           MODE: taclets took 0ms 
305517     INFO  Test worker     d.u.i.k.n.KeyIO           Parsing took 0 ms 
305517     DEBUG Test worker     d.u.i.k.n.KeyIO           Load declarations of de.uka.ilkd.key.nparser.KeyAst$File:  <unknown>:1#1 
305533     INFO  Test worker     d.u.i.k.n.KeyIO           MODE: declarations took 16 ms 
305533     DEBUG Test worker     d.u.i.k.n.KeyIO           MODE: 2nd degree decls took 0 
305533     DEBUG Test worker     d.u.i.k.n.KeyIO           MODE: taclets took 0ms 
306752     INFO  Test worker     d.u.i.k.n.KeyIO           Parsing took 0 ms 
306752     DEBUG Test worker     d.u.i.k.n.KeyIO           Load declarations of de.uka.ilkd.key.nparser.KeyAst$File:  <unknown>:1#1 
306752     INFO  Test worker     d.u.i.k.n.KeyIO           MODE: declarations took 0 ms 
306752     DEBUG Test worker     d.u.i.k.n.KeyIO           MODE: 2nd degree decls took 0 
306752     DEBUG Test worker     d.u.i.k.n.KeyIO           MODE: taclets took 0ms 
307988     INFO  Test worker     d.u.i.k.n.KeyIO           Parsing took 0 ms 
307988     DEBUG Test worker     d.u.i.k.n.KeyIO           Load declarations of de.uka.ilkd.key.nparser.KeyAst$File:  <unknown>:1#1 
307988     INFO  Test worker     d.u.i.k.n.KeyIO           MODE: declarations took 0 ms 
307988     DEBUG Test worker     d.u.i.k.n.KeyIO           MODE: 2nd degree decls took 0 
307988     DEBUG Test worker     d.u.i.k.n.KeyIO           MODE: taclets took 0ms 
309239     INFO  Test worker     d.u.i.k.n.KeyIO           Parsing took 0 ms 
309239     DEBUG Test worker     d.u.i.k.n.KeyIO           Load declarations of de.uka.ilkd.key.nparser.KeyAst$File:  <unknown>:1#1 
309239     INFO  Test worker     d.u.i.k.n.KeyIO           MODE: declarations took 0 ms 
309239     DEBUG Test worker     d.u.i.k.n.KeyIO           MODE: 2nd degree decls took 0 
309239     DEBUG Test worker     d.u.i.k.n.KeyIO           MODE: taclets took 0ms 
310474     INFO  Test worker     d.u.i.k.n.KeyIO           Parsing took 0 ms 
310474     DEBUG Test worker     d.u.i.k.n.KeyIO           Load declarations of de.uka.ilkd.key.nparser.KeyAst$File:  <unknown>:1#1 
310474     INFO  Test worker     d.u.i.k.n.KeyIO           MODE: declarations took 0 ms 
310474     DEBUG Test worker     d.u.i.k.n.KeyIO           MODE: 2nd degree decls took 0 
310474     DEBUG Test worker     d.u.i.k.n.KeyIO           MODE: taclets took 0ms 
311724     INFO  Test worker     d.u.i.k.n.KeyIO           Parsing took 0 ms 
311724     DEBUG Test worker     d.u.i.k.n.KeyIO           Load declarations of de.uka.ilkd.key.nparser.KeyAst$File:  <unknown>:1#1 
311724     INFO  Test worker     d.u.i.k.n.KeyIO           MODE: declarations took 0 ms 
311724     DEBUG Test worker     d.u.i.k.n.KeyIO           MODE: 2nd degree decls took 0 
311724     DEBUG Test worker     d.u.i.k.n.KeyIO           MODE: taclets took 0ms 
312960     INFO  Test worker     d.u.i.k.n.KeyIO           Parsing took 0 ms 
312960     DEBUG Test worker     d.u.i.k.n.KeyIO           Load declarations of de.uka.ilkd.key.nparser.KeyAst$File:  <unknown>:1#1 
312960     INFO  Test worker     d.u.i.k.n.KeyIO           MODE: declarations took 0 ms 
312960     DEBUG Test worker     d.u.i.k.n.KeyIO           MODE: 2nd degree decls took 0 
312960     DEBUG Test worker     d.u.i.k.n.KeyIO           MODE: taclets took 0ms 
314195     INFO  Test worker     d.u.i.k.n.KeyIO           Parsing took 0 ms 
314195     DEBUG Test worker     d.u.i.k.n.KeyIO           Load declarations of de.uka.ilkd.key.nparser.KeyAst$File:  <unknown>:1#1 
314195     INFO  Test worker     d.u.i.k.n.KeyIO           MODE: declarations took 0 ms 
314195     DEBUG Test worker     d.u.i.k.n.KeyIO           MODE: 2nd degree decls took 0 
314195     DEBUG Test worker     d.u.i.k.n.KeyIO           MODE: taclets took 0ms 
]]></system-out>
  <system-err><![CDATA[]]></system-err>
</testsuite>
