<?xml version="1.0" encoding="UTF-8"?>
<testsuite name="de.uka.ilkd.key.parser.TestTermParserHeap" tests="39" skipped="0" failures="0" errors="0" timestamp="2023-06-06T11:02:36" hostname="fv-az365-768" time="165.149">
  <properties/>
  <testcase name="testBracketHeapUpdate()" classname="de.uka.ilkd.key.parser.TestTermParserHeap" time="0.029"/>
  <testcase name="testStore()" classname="de.uka.ilkd.key.parser.TestTermParserHeap" time="0.011"/>
  <testcase name="testUnknownConstant()" classname="de.uka.ilkd.key.parser.TestTermParserHeap" time="0.002"/>
  <testcase name="testAllFieldsSelector()" classname="de.uka.ilkd.key.parser.TestTermParserHeap" time="0.004"/>
  <testcase name="testParsePrettyPrintedSelect()" classname="de.uka.ilkd.key.parser.TestTermParserHeap" time="0.005"/>
  <testcase name="testAccessStaticMembers()" classname="de.uka.ilkd.key.parser.TestTermParserHeap" time="0.01"/>
  <testcase name="testAtOperator_1()" classname="de.uka.ilkd.key.parser.TestTermParserHeap" time="0.004"/>
  <testcase name="testAtOperator_2()" classname="de.uka.ilkd.key.parser.TestTermParserHeap" time="0.002"/>
  <testcase name="testAtOperator_3()" classname="de.uka.ilkd.key.parser.TestTermParserHeap" time="0.007"/>
  <testcase name="testAtOperator_4()" classname="de.uka.ilkd.key.parser.TestTermParserHeap" time="0.006"/>
  <testcase name="testAtOperator_5()" classname="de.uka.ilkd.key.parser.TestTermParserHeap" time="0.005"/>
  <testcase name="testAtOperator_6()" classname="de.uka.ilkd.key.parser.TestTermParserHeap" time="0.019"/>
  <testcase name="testAtOperator_7()" classname="de.uka.ilkd.key.parser.TestTermParserHeap" time="0.005"/>
  <testcase name="testAtOperator_8()" classname="de.uka.ilkd.key.parser.TestTermParserHeap" time="0.008"/>
  <testcase name="testVerifyExceptionIfAtOperatorNotPreceededBySelectTerm()" classname="de.uka.ilkd.key.parser.TestTermParserHeap" time="0.003"/>
  <testcase name="testBugResettingCounter()" classname="de.uka.ilkd.key.parser.TestTermParserHeap" time="0.005"/>
  <testcase name="testLocationSets()" classname="de.uka.ilkd.key.parser.TestTermParserHeap" time="0.005"/>
  <testcase name="testQuantifiedSelect()" classname="de.uka.ilkd.key.parser.TestTermParserHeap" time="0.005"/>
  <testcase name="testGenericObjectProperties()" classname="de.uka.ilkd.key.parser.TestTermParserHeap" time="0.005"/>
  <testcase name="testQueryInheritance_1()" classname="de.uka.ilkd.key.parser.TestTermParserHeap" time="0.005"/>
  <testcase name="testQueryInheritance_2()" classname="de.uka.ilkd.key.parser.TestTermParserHeap" time="0.007"/>
  <testcase name="testQueryInheritance_3()" classname="de.uka.ilkd.key.parser.TestTermParserHeap" time="0.005"/>
  <testcase name="testQueryInheritance_4()" classname="de.uka.ilkd.key.parser.TestTermParserHeap" time="0.002"/>
  <testcase name="testQueryInheritance_5()" classname="de.uka.ilkd.key.parser.TestTermParserHeap" time="0.003"/>
  <testcase name="testQueryInheritance_6()" classname="de.uka.ilkd.key.parser.TestTermParserHeap" time="0.004"/>
  <testcase name="testQueryInheritance_7()" classname="de.uka.ilkd.key.parser.TestTermParserHeap" time="0.003"/>
  <testcase name="testQueryInheritance_8()" classname="de.uka.ilkd.key.parser.TestTermParserHeap" time="0.006"/>
  <testcase name="testQueryInheritance_9()" classname="de.uka.ilkd.key.parser.TestTermParserHeap" time="0.004"/>
  <testcase name="testQueryBasic_10()" classname="de.uka.ilkd.key.parser.TestTermParserHeap" time="0.001"/>
  <testcase name="testQueryBasic_11()" classname="de.uka.ilkd.key.parser.TestTermParserHeap" time="0.005"/>
  <testcase name="testQueryBasic_1()" classname="de.uka.ilkd.key.parser.TestTermParserHeap" time="0.005"/>
  <testcase name="testQueryBasic_2()" classname="de.uka.ilkd.key.parser.TestTermParserHeap" time="0.005"/>
  <testcase name="testQueryBasic_3()" classname="de.uka.ilkd.key.parser.TestTermParserHeap" time="0.197"/>
  <testcase name="testQueryBasic_4()" classname="de.uka.ilkd.key.parser.TestTermParserHeap" time="0.006"/>
  <testcase name="testQueryBasic_5()" classname="de.uka.ilkd.key.parser.TestTermParserHeap" time="0.003"/>
  <testcase name="testQueryBasic_6()" classname="de.uka.ilkd.key.parser.TestTermParserHeap" time="0.002"/>
  <testcase name="testQueryBasic_7()" classname="de.uka.ilkd.key.parser.TestTermParserHeap" time="0.005"/>
  <testcase name="testQueryBasic_8()" classname="de.uka.ilkd.key.parser.TestTermParserHeap" time="0.004"/>
  <testcase name="testQueryBasic_9()" classname="de.uka.ilkd.key.parser.TestTermParserHeap" time="0.004"/>
  <system-out><![CDATA[431470     INFO  Test worker     d.u.i.k.n.KeyIO           Parsing took 0 ms 
431470     DEBUG Test worker     d.u.i.k.n.KeyIO           Load declarations of de.uka.ilkd.key.nparser.KeyAst$File:  <unknown>:1#1 
431470     INFO  Test worker     d.u.i.k.n.KeyIO           MODE: declarations took 0 ms 
431470     DEBUG Test worker     d.u.i.k.n.KeyIO           MODE: 2nd degree decls took 0 
431470     INFO  Test worker     d.u.i.k.n.KeyIO           Parsing took 0 ms 
431470     DEBUG Test worker     d.u.i.k.n.KeyIO           Load declarations of de.uka.ilkd.key.nparser.KeyAst$File:  <unknown>:1#1 
431470     INFO  Test worker     d.u.i.k.n.KeyIO           MODE: declarations took 0 ms 
431470     DEBUG Test worker     d.u.i.k.n.KeyIO           MODE: 2nd degree decls took 0 
431470     INFO  Test worker     d.u.i.k.n.KeyIO           Parsing took 0 ms 
431470     DEBUG Test worker     d.u.i.k.n.KeyIO           Load declarations of de.uka.ilkd.key.nparser.KeyAst$File:  <unknown>:1#1 
431470     INFO  Test worker     d.u.i.k.n.KeyIO           MODE: declarations took 0 ms 
431470     DEBUG Test worker     d.u.i.k.n.KeyIO           MODE: 2nd degree decls took 0 
431470     INFO  Test worker     d.u.i.k.n.KeyIO           Parsing took 0 ms 
431470     DEBUG Test worker     d.u.i.k.n.KeyIO           Load declarations of de.uka.ilkd.key.nparser.KeyAst$File:  <unknown>:1#1 
431470     INFO  Test worker     d.u.i.k.n.KeyIO           MODE: declarations took 0 ms 
431470     DEBUG Test worker     d.u.i.k.n.KeyIO           MODE: 2nd degree decls took 0 
431470     INFO  Test worker     d.u.i.k.n.KeyIO           Parsing took 0 ms 
431470     DEBUG Test worker     d.u.i.k.n.KeyIO           Load declarations of de.uka.ilkd.key.nparser.KeyAst$File:  <unknown>:1#1 
431470     INFO  Test worker     d.u.i.k.n.KeyIO           MODE: declarations took 0 ms 
431470     DEBUG Test worker     d.u.i.k.n.KeyIO           MODE: 2nd degree decls took 0 
435660     INFO  Test worker     d.u.i.k.n.KeyIO           Parsing took 0 ms 
435660     DEBUG Test worker     d.u.i.k.n.KeyIO           Load declarations of de.uka.ilkd.key.nparser.KeyAst$File:  <unknown>:1#1 
435660     INFO  Test worker     d.u.i.k.n.KeyIO           MODE: declarations took 0 ms 
435660     DEBUG Test worker     d.u.i.k.n.KeyIO           MODE: 2nd degree decls took 0 
435660     INFO  Test worker     d.u.i.k.n.KeyIO           Parsing took 0 ms 
435660     DEBUG Test worker     d.u.i.k.n.KeyIO           Load declarations of de.uka.ilkd.key.nparser.KeyAst$File:  <unknown>:1#1 
435660     INFO  Test worker     d.u.i.k.n.KeyIO           MODE: declarations took 0 ms 
435660     DEBUG Test worker     d.u.i.k.n.KeyIO           MODE: 2nd degree decls took 0 
435660     INFO  Test worker     d.u.i.k.n.KeyIO           Parsing took 0 ms 
435660     DEBUG Test worker     d.u.i.k.n.KeyIO           Load declarations of de.uka.ilkd.key.nparser.KeyAst$File:  <unknown>:1#1 
435660     INFO  Test worker     d.u.i.k.n.KeyIO           MODE: declarations took 0 ms 
435660     DEBUG Test worker     d.u.i.k.n.KeyIO           MODE: 2nd degree decls took 0 
435660     INFO  Test worker     d.u.i.k.n.KeyIO           Parsing took 0 ms 
435660     DEBUG Test worker     d.u.i.k.n.KeyIO           Load declarations of de.uka.ilkd.key.nparser.KeyAst$File:  <unknown>:1#1 
435660     INFO  Test worker     d.u.i.k.n.KeyIO           MODE: declarations took 0 ms 
435660     DEBUG Test worker     d.u.i.k.n.KeyIO           MODE: 2nd degree decls took 0 
435660     INFO  Test worker     d.u.i.k.n.KeyIO           Parsing took 0 ms 
435660     DEBUG Test worker     d.u.i.k.n.KeyIO           Load declarations of de.uka.ilkd.key.nparser.KeyAst$File:  <unknown>:1#1 
435660     INFO  Test worker     d.u.i.k.n.KeyIO           MODE: declarations took 0 ms 
435660     DEBUG Test worker     d.u.i.k.n.KeyIO           MODE: 2nd degree decls took 0 
439788     INFO  Test worker     d.u.i.k.n.KeyIO           Parsing took 0 ms 
439788     DEBUG Test worker     d.u.i.k.n.KeyIO           Load declarations of de.uka.ilkd.key.nparser.KeyAst$File:  <unknown>:1#1 
439788     INFO  Test worker     d.u.i.k.n.KeyIO           MODE: declarations took 0 ms 
439788     DEBUG Test worker     d.u.i.k.n.KeyIO           MODE: 2nd degree decls took 0 
439788     INFO  Test worker     d.u.i.k.n.KeyIO           Parsing took 0 ms 
439788     DEBUG Test worker     d.u.i.k.n.KeyIO           Load declarations of de.uka.ilkd.key.nparser.KeyAst$File:  <unknown>:1#1 
439788     INFO  Test worker     d.u.i.k.n.KeyIO           MODE: declarations took 0 ms 
439788     DEBUG Test worker     d.u.i.k.n.KeyIO           MODE: 2nd degree decls took 0 
439788     INFO  Test worker     d.u.i.k.n.KeyIO           Parsing took 0 ms 
439788     DEBUG Test worker     d.u.i.k.n.KeyIO           Load declarations of de.uka.ilkd.key.nparser.KeyAst$File:  <unknown>:1#1 
439788     INFO  Test worker     d.u.i.k.n.KeyIO           MODE: declarations took 0 ms 
439788     DEBUG Test worker     d.u.i.k.n.KeyIO           MODE: 2nd degree decls took 0 
439788     INFO  Test worker     d.u.i.k.n.KeyIO           Parsing took 0 ms 
439788     DEBUG Test worker     d.u.i.k.n.KeyIO           Load declarations of de.uka.ilkd.key.nparser.KeyAst$File:  <unknown>:1#1 
439788     INFO  Test worker     d.u.i.k.n.KeyIO           MODE: declarations took 0 ms 
439788     DEBUG Test worker     d.u.i.k.n.KeyIO           MODE: 2nd degree decls took 0 
439788     INFO  Test worker     d.u.i.k.n.KeyIO           Parsing took 0 ms 
439788     DEBUG Test worker     d.u.i.k.n.KeyIO           Load declarations of de.uka.ilkd.key.nparser.KeyAst$File:  <unknown>:1#1 
439788     INFO  Test worker     d.u.i.k.n.KeyIO           MODE: declarations took 0 ms 
439788     DEBUG Test worker     d.u.i.k.n.KeyIO           MODE: 2nd degree decls took 0 
439788     INFO  Test worker     d.u.i.k.n.KeyIO           Parsing took 0 ms 
439788     DEBUG Test worker     d.u.i.k.n.KeyIO           Load declarations of de.uka.ilkd.key.nparser.KeyAst$File:  <unknown>:1#1 
439788     INFO  Test worker     d.u.i.k.n.KeyIO           MODE: declarations took 0 ms 
439788     DEBUG Test worker     d.u.i.k.n.KeyIO           MODE: 2nd degree decls took 0 
443869     INFO  Test worker     d.u.i.k.n.KeyIO           Parsing took 0 ms 
443869     DEBUG Test worker     d.u.i.k.n.KeyIO           Load declarations of de.uka.ilkd.key.nparser.KeyAst$File:  <unknown>:1#1 
443869     INFO  Test worker     d.u.i.k.n.KeyIO           MODE: declarations took 0 ms 
443869     DEBUG Test worker     d.u.i.k.n.KeyIO           MODE: 2nd degree decls took 0 
443885     INFO  Test worker     d.u.i.k.n.KeyIO           Parsing took 0 ms 
443885     DEBUG Test worker     d.u.i.k.n.KeyIO           Load declarations of de.uka.ilkd.key.nparser.KeyAst$File:  <unknown>:1#1 
443885     INFO  Test worker     d.u.i.k.n.KeyIO           MODE: declarations took 0 ms 
443885     DEBUG Test worker     d.u.i.k.n.KeyIO           MODE: 2nd degree decls took 0 
443885     INFO  Test worker     d.u.i.k.n.KeyIO           Parsing took 0 ms 
443885     DEBUG Test worker     d.u.i.k.n.KeyIO           Load declarations of de.uka.ilkd.key.nparser.KeyAst$File:  <unknown>:1#1 
443885     INFO  Test worker     d.u.i.k.n.KeyIO           MODE: declarations took 0 ms 
443885     DEBUG Test worker     d.u.i.k.n.KeyIO           MODE: 2nd degree decls took 0 
443885     INFO  Test worker     d.u.i.k.n.KeyIO           Parsing took 0 ms 
443885     DEBUG Test worker     d.u.i.k.n.KeyIO           Load declarations of de.uka.ilkd.key.nparser.KeyAst$File:  <unknown>:1#1 
443885     INFO  Test worker     d.u.i.k.n.KeyIO           MODE: declarations took 0 ms 
443885     DEBUG Test worker     d.u.i.k.n.KeyIO           MODE: 2nd degree decls took 0 
443885     INFO  Test worker     d.u.i.k.n.KeyIO           Parsing took 0 ms 
443885     DEBUG Test worker     d.u.i.k.n.KeyIO           Load declarations of de.uka.ilkd.key.nparser.KeyAst$File:  <unknown>:1#1 
443885     INFO  Test worker     d.u.i.k.n.KeyIO           MODE: declarations took 0 ms 
443885     DEBUG Test worker     d.u.i.k.n.KeyIO           MODE: 2nd degree decls took 0 
447934     INFO  Test worker     d.u.i.k.n.KeyIO           Parsing took 0 ms 
447934     DEBUG Test worker     d.u.i.k.n.KeyIO           Load declarations of de.uka.ilkd.key.nparser.KeyAst$File:  <unknown>:1#1 
447934     INFO  Test worker     d.u.i.k.n.KeyIO           MODE: declarations took 0 ms 
447934     DEBUG Test worker     d.u.i.k.n.KeyIO           MODE: 2nd degree decls took 0 
447934     INFO  Test worker     d.u.i.k.n.KeyIO           Parsing took 0 ms 
447934     DEBUG Test worker     d.u.i.k.n.KeyIO           Load declarations of de.uka.ilkd.key.nparser.KeyAst$File:  <unknown>:1#1 
447934     INFO  Test worker     d.u.i.k.n.KeyIO           MODE: declarations took 0 ms 
447934     DEBUG Test worker     d.u.i.k.n.KeyIO           MODE: 2nd degree decls took 0 
447934     INFO  Test worker     d.u.i.k.n.KeyIO           Parsing took 0 ms 
447934     DEBUG Test worker     d.u.i.k.n.KeyIO           Load declarations of de.uka.ilkd.key.nparser.KeyAst$File:  <unknown>:1#1 
447934     INFO  Test worker     d.u.i.k.n.KeyIO           MODE: declarations took 0 ms 
447934     DEBUG Test worker     d.u.i.k.n.KeyIO           MODE: 2nd degree decls took 0 
447934     INFO  Test worker     d.u.i.k.n.KeyIO           Parsing took 0 ms 
447934     DEBUG Test worker     d.u.i.k.n.KeyIO           Load declarations of de.uka.ilkd.key.nparser.KeyAst$File:  <unknown>:1#1 
447934     INFO  Test worker     d.u.i.k.n.KeyIO           MODE: declarations took 0 ms 
447934     DEBUG Test worker     d.u.i.k.n.KeyIO           MODE: 2nd degree decls took 0 
447934     INFO  Test worker     d.u.i.k.n.KeyIO           Parsing took 0 ms 
447934     DEBUG Test worker     d.u.i.k.n.KeyIO           Load declarations of de.uka.ilkd.key.nparser.KeyAst$File:  <unknown>:1#1 
447934     INFO  Test worker     d.u.i.k.n.KeyIO           MODE: declarations took 0 ms 
447934     DEBUG Test worker     d.u.i.k.n.KeyIO           MODE: 2nd degree decls took 0 
451889     INFO  Test worker     d.u.i.k.n.KeyIO           Parsing took 0 ms 
451889     DEBUG Test worker     d.u.i.k.n.KeyIO           Load declarations of de.uka.ilkd.key.nparser.KeyAst$File:  <unknown>:1#1 
451889     INFO  Test worker     d.u.i.k.n.KeyIO           MODE: declarations took 0 ms 
451889     DEBUG Test worker     d.u.i.k.n.KeyIO           MODE: 2nd degree decls took 0 
451889     INFO  Test worker     d.u.i.k.n.KeyIO           Parsing took 0 ms 
451889     DEBUG Test worker     d.u.i.k.n.KeyIO           Load declarations of de.uka.ilkd.key.nparser.KeyAst$File:  <unknown>:1#1 
451904     INFO  Test worker     d.u.i.k.n.KeyIO           MODE: declarations took 15 ms 
451904     DEBUG Test worker     d.u.i.k.n.KeyIO           MODE: 2nd degree decls took 0 
451904     INFO  Test worker     d.u.i.k.n.KeyIO           Parsing took 0 ms 
451904     DEBUG Test worker     d.u.i.k.n.KeyIO           Load declarations of de.uka.ilkd.key.nparser.KeyAst$File:  <unknown>:1#1 
451904     INFO  Test worker     d.u.i.k.n.KeyIO           MODE: declarations took 0 ms 
451904     DEBUG Test worker     d.u.i.k.n.KeyIO           MODE: 2nd degree decls took 0 
451904     INFO  Test worker     d.u.i.k.n.KeyIO           Parsing took 0 ms 
451904     DEBUG Test worker     d.u.i.k.n.KeyIO           Load declarations of de.uka.ilkd.key.nparser.KeyAst$File:  <unknown>:1#1 
451904     INFO  Test worker     d.u.i.k.n.KeyIO           MODE: declarations took 0 ms 
451904     DEBUG Test worker     d.u.i.k.n.KeyIO           MODE: 2nd degree decls took 0 
451904     INFO  Test worker     d.u.i.k.n.KeyIO           Parsing took 0 ms 
451904     DEBUG Test worker     d.u.i.k.n.KeyIO           Load declarations of de.uka.ilkd.key.nparser.KeyAst$File:  <unknown>:1#1 
451904     INFO  Test worker     d.u.i.k.n.KeyIO           MODE: declarations took 0 ms 
451904     DEBUG Test worker     d.u.i.k.n.KeyIO           MODE: 2nd degree decls took 0 
455924     INFO  Test worker     d.u.i.k.n.KeyIO           Parsing took 0 ms 
455924     DEBUG Test worker     d.u.i.k.n.KeyIO           Load declarations of de.uka.ilkd.key.nparser.KeyAst$File:  <unknown>:1#1 
455924     INFO  Test worker     d.u.i.k.n.KeyIO           MODE: declarations took 0 ms 
455924     DEBUG Test worker     d.u.i.k.n.KeyIO           MODE: 2nd degree decls took 0 
455924     INFO  Test worker     d.u.i.k.n.KeyIO           Parsing took 0 ms 
455924     DEBUG Test worker     d.u.i.k.n.KeyIO           Load declarations of de.uka.ilkd.key.nparser.KeyAst$File:  <unknown>:1#1 
455924     INFO  Test worker     d.u.i.k.n.KeyIO           MODE: declarations took 0 ms 
455924     DEBUG Test worker     d.u.i.k.n.KeyIO           MODE: 2nd degree decls took 0 
455924     INFO  Test worker     d.u.i.k.n.KeyIO           Parsing took 0 ms 
455924     DEBUG Test worker     d.u.i.k.n.KeyIO           Load declarations of de.uka.ilkd.key.nparser.KeyAst$File:  <unknown>:1#1 
455924     INFO  Test worker     d.u.i.k.n.KeyIO           MODE: declarations took 0 ms 
455924     DEBUG Test worker     d.u.i.k.n.KeyIO           MODE: 2nd degree decls took 0 
455924     INFO  Test worker     d.u.i.k.n.KeyIO           Parsing took 0 ms 
455924     DEBUG Test worker     d.u.i.k.n.KeyIO           Load declarations of de.uka.ilkd.key.nparser.KeyAst$File:  <unknown>:1#1 
455924     INFO  Test worker     d.u.i.k.n.KeyIO           MODE: declarations took 0 ms 
455924     DEBUG Test worker     d.u.i.k.n.KeyIO           MODE: 2nd degree decls took 0 
455924     INFO  Test worker     d.u.i.k.n.KeyIO           Parsing took 0 ms 
455924     DEBUG Test worker     d.u.i.k.n.KeyIO           Load declarations of de.uka.ilkd.key.nparser.KeyAst$File:  <unknown>:1#1 
455924     INFO  Test worker     d.u.i.k.n.KeyIO           MODE: declarations took 0 ms 
455924     DEBUG Test worker     d.u.i.k.n.KeyIO           MODE: 2nd degree decls took 0 
459942     INFO  Test worker     d.u.i.k.n.KeyIO           Parsing took 0 ms 
459942     DEBUG Test worker     d.u.i.k.n.KeyIO           Load declarations of de.uka.ilkd.key.nparser.KeyAst$File:  <unknown>:1#1 
459942     INFO  Test worker     d.u.i.k.n.KeyIO           MODE: declarations took 0 ms 
459942     DEBUG Test worker     d.u.i.k.n.KeyIO           MODE: 2nd degree decls took 0 
459942     INFO  Test worker     d.u.i.k.n.KeyIO           Parsing took 0 ms 
459942     DEBUG Test worker     d.u.i.k.n.KeyIO           Load declarations of de.uka.ilkd.key.nparser.KeyAst$File:  <unknown>:1#1 
459942     INFO  Test worker     d.u.i.k.n.KeyIO           MODE: declarations took 0 ms 
459942     DEBUG Test worker     d.u.i.k.n.KeyIO           MODE: 2nd degree decls took 0 
459942     INFO  Test worker     d.u.i.k.n.KeyIO           Parsing took 0 ms 
459942     DEBUG Test worker     d.u.i.k.n.KeyIO           Load declarations of de.uka.ilkd.key.nparser.KeyAst$File:  <unknown>:1#1 
459942     INFO  Test worker     d.u.i.k.n.KeyIO           MODE: declarations took 0 ms 
459942     DEBUG Test worker     d.u.i.k.n.KeyIO           MODE: 2nd degree decls took 0 
459942     INFO  Test worker     d.u.i.k.n.KeyIO           Parsing took 0 ms 
459942     DEBUG Test worker     d.u.i.k.n.KeyIO           Load declarations of de.uka.ilkd.key.nparser.KeyAst$File:  <unknown>:1#1 
459942     INFO  Test worker     d.u.i.k.n.KeyIO           MODE: declarations took 0 ms 
459942     DEBUG Test worker     d.u.i.k.n.KeyIO           MODE: 2nd degree decls took 0 
459942     INFO  Test worker     d.u.i.k.n.KeyIO           Parsing took 0 ms 
459942     DEBUG Test worker     d.u.i.k.n.KeyIO           Load declarations of de.uka.ilkd.key.nparser.KeyAst$File:  <unknown>:1#1 
459942     INFO  Test worker     d.u.i.k.n.KeyIO           MODE: declarations took 0 ms 
459942     DEBUG Test worker     d.u.i.k.n.KeyIO           MODE: 2nd degree decls took 0 
463977     INFO  Test worker     d.u.i.k.n.KeyIO           Parsing took 0 ms 
463977     DEBUG Test worker     d.u.i.k.n.KeyIO           Load declarations of de.uka.ilkd.key.nparser.KeyAst$File:  <unknown>:1#1 
463977     INFO  Test worker     d.u.i.k.n.KeyIO           MODE: declarations took 0 ms 
463977     DEBUG Test worker     d.u.i.k.n.KeyIO           MODE: 2nd degree decls took 0 
463977     INFO  Test worker     d.u.i.k.n.KeyIO           Parsing took 0 ms 
463977     DEBUG Test worker     d.u.i.k.n.KeyIO           Load declarations of de.uka.ilkd.key.nparser.KeyAst$File:  <unknown>:1#1 
463977     INFO  Test worker     d.u.i.k.n.KeyIO           MODE: declarations took 0 ms 
463977     DEBUG Test worker     d.u.i.k.n.KeyIO           MODE: 2nd degree decls took 0 
463977     INFO  Test worker     d.u.i.k.n.KeyIO           Parsing took 0 ms 
463977     DEBUG Test worker     d.u.i.k.n.KeyIO           Load declarations of de.uka.ilkd.key.nparser.KeyAst$File:  <unknown>:1#1 
463977     INFO  Test worker     d.u.i.k.n.KeyIO           MODE: declarations took 0 ms 
463977     DEBUG Test worker     d.u.i.k.n.KeyIO           MODE: 2nd degree decls took 0 
463977     INFO  Test worker     d.u.i.k.n.KeyIO           Parsing took 0 ms 
463977     DEBUG Test worker     d.u.i.k.n.KeyIO           Load declarations of de.uka.ilkd.key.nparser.KeyAst$File:  <unknown>:1#1 
463977     INFO  Test worker     d.u.i.k.n.KeyIO           MODE: declarations took 0 ms 
463977     DEBUG Test worker     d.u.i.k.n.KeyIO           MODE: 2nd degree decls took 0 
463977     INFO  Test worker     d.u.i.k.n.KeyIO           Parsing took 0 ms 
463977     DEBUG Test worker     d.u.i.k.n.KeyIO           Load declarations of de.uka.ilkd.key.nparser.KeyAst$File:  <unknown>:1#1 
463977     INFO  Test worker     d.u.i.k.n.KeyIO           MODE: declarations took 0 ms 
463977     DEBUG Test worker     d.u.i.k.n.KeyIO           MODE: 2nd degree decls took 0 
468168     INFO  Test worker     d.u.i.k.n.KeyIO           Parsing took 0 ms 
468168     DEBUG Test worker     d.u.i.k.n.KeyIO           Load declarations of de.uka.ilkd.key.nparser.KeyAst$File:  <unknown>:1#1 
468168     INFO  Test worker     d.u.i.k.n.KeyIO           MODE: declarations took 0 ms 
468168     DEBUG Test worker     d.u.i.k.n.KeyIO           MODE: 2nd degree decls took 0 
468168     INFO  Test worker     d.u.i.k.n.KeyIO           Parsing took 0 ms 
468168     DEBUG Test worker     d.u.i.k.n.KeyIO           Load declarations of de.uka.ilkd.key.nparser.KeyAst$File:  <unknown>:1#1 
468168     INFO  Test worker     d.u.i.k.n.KeyIO           MODE: declarations took 0 ms 
468168     DEBUG Test worker     d.u.i.k.n.KeyIO           MODE: 2nd degree decls took 0 
468168     INFO  Test worker     d.u.i.k.n.KeyIO           Parsing took 0 ms 
468168     DEBUG Test worker     d.u.i.k.n.KeyIO           Load declarations of de.uka.ilkd.key.nparser.KeyAst$File:  <unknown>:1#1 
468168     INFO  Test worker     d.u.i.k.n.KeyIO           MODE: declarations took 0 ms 
468168     DEBUG Test worker     d.u.i.k.n.KeyIO           MODE: 2nd degree decls took 0 
468168     INFO  Test worker     d.u.i.k.n.KeyIO           Parsing took 0 ms 
468168     DEBUG Test worker     d.u.i.k.n.KeyIO           Load declarations of de.uka.ilkd.key.nparser.KeyAst$File:  <unknown>:1#1 
468168     INFO  Test worker     d.u.i.k.n.KeyIO           MODE: declarations took 0 ms 
468168     DEBUG Test worker     d.u.i.k.n.KeyIO           MODE: 2nd degree decls took 0 
468168     INFO  Test worker     d.u.i.k.n.KeyIO           Parsing took 0 ms 
468168     DEBUG Test worker     d.u.i.k.n.KeyIO           Load declarations of de.uka.ilkd.key.nparser.KeyAst$File:  <unknown>:1#1 
468168     INFO  Test worker     d.u.i.k.n.KeyIO           MODE: declarations took 0 ms 
468168     DEBUG Test worker     d.u.i.k.n.KeyIO           MODE: 2nd degree decls took 0 
472185     INFO  Test worker     d.u.i.k.n.KeyIO           Parsing took 0 ms 
472185     DEBUG Test worker     d.u.i.k.n.KeyIO           Load declarations of de.uka.ilkd.key.nparser.KeyAst$File:  <unknown>:1#1 
472185     INFO  Test worker     d.u.i.k.n.KeyIO           MODE: declarations took 0 ms 
472185     DEBUG Test worker     d.u.i.k.n.KeyIO           MODE: 2nd degree decls took 0 
472185     INFO  Test worker     d.u.i.k.n.KeyIO           Parsing took 0 ms 
472185     DEBUG Test worker     d.u.i.k.n.KeyIO           Load declarations of de.uka.ilkd.key.nparser.KeyAst$File:  <unknown>:1#1 
472185     INFO  Test worker     d.u.i.k.n.KeyIO           MODE: declarations took 0 ms 
472185     DEBUG Test worker     d.u.i.k.n.KeyIO           MODE: 2nd degree decls took 0 
472185     INFO  Test worker     d.u.i.k.n.KeyIO           Parsing took 0 ms 
472185     DEBUG Test worker     d.u.i.k.n.KeyIO           Load declarations of de.uka.ilkd.key.nparser.KeyAst$File:  <unknown>:1#1 
472185     INFO  Test worker     d.u.i.k.n.KeyIO           MODE: declarations took 0 ms 
472185     DEBUG Test worker     d.u.i.k.n.KeyIO           MODE: 2nd degree decls took 0 
472185     INFO  Test worker     d.u.i.k.n.KeyIO           Parsing took 0 ms 
472185     DEBUG Test worker     d.u.i.k.n.KeyIO           Load declarations of de.uka.ilkd.key.nparser.KeyAst$File:  <unknown>:1#1 
472185     INFO  Test worker     d.u.i.k.n.KeyIO           MODE: declarations took 0 ms 
472185     DEBUG Test worker     d.u.i.k.n.KeyIO           MODE: 2nd degree decls took 0 
472185     INFO  Test worker     d.u.i.k.n.KeyIO           Parsing took 0 ms 
472185     DEBUG Test worker     d.u.i.k.n.KeyIO           Load declarations of de.uka.ilkd.key.nparser.KeyAst$File:  <unknown>:1#1 
472185     INFO  Test worker     d.u.i.k.n.KeyIO           MODE: declarations took 0 ms 
472185     DEBUG Test worker     d.u.i.k.n.KeyIO           MODE: 2nd degree decls took 0 
476234     INFO  Test worker     d.u.i.k.n.KeyIO           Parsing took 0 ms 
476234     DEBUG Test worker     d.u.i.k.n.KeyIO           Load declarations of de.uka.ilkd.key.nparser.KeyAst$File:  <unknown>:1#1 
476234     INFO  Test worker     d.u.i.k.n.KeyIO           MODE: declarations took 0 ms 
476234     DEBUG Test worker     d.u.i.k.n.KeyIO           MODE: 2nd degree decls took 0 
476234     INFO  Test worker     d.u.i.k.n.KeyIO           Parsing took 0 ms 
476234     DEBUG Test worker     d.u.i.k.n.KeyIO           Load declarations of de.uka.ilkd.key.nparser.KeyAst$File:  <unknown>:1#1 
476234     INFO  Test worker     d.u.i.k.n.KeyIO           MODE: declarations took 0 ms 
476234     DEBUG Test worker     d.u.i.k.n.KeyIO           MODE: 2nd degree decls took 0 
476234     INFO  Test worker     d.u.i.k.n.KeyIO           Parsing took 0 ms 
476234     DEBUG Test worker     d.u.i.k.n.KeyIO           Load declarations of de.uka.ilkd.key.nparser.KeyAst$File:  <unknown>:1#1 
476250     INFO  Test worker     d.u.i.k.n.KeyIO           MODE: declarations took 16 ms 
476250     DEBUG Test worker     d.u.i.k.n.KeyIO           MODE: 2nd degree decls took 0 
476250     INFO  Test worker     d.u.i.k.n.KeyIO           Parsing took 0 ms 
476250     DEBUG Test worker     d.u.i.k.n.KeyIO           Load declarations of de.uka.ilkd.key.nparser.KeyAst$File:  <unknown>:1#1 
476250     INFO  Test worker     d.u.i.k.n.KeyIO           MODE: declarations took 0 ms 
476250     DEBUG Test worker     d.u.i.k.n.KeyIO           MODE: 2nd degree decls took 0 
476250     INFO  Test worker     d.u.i.k.n.KeyIO           Parsing took 0 ms 
476250     DEBUG Test worker     d.u.i.k.n.KeyIO           Load declarations of de.uka.ilkd.key.nparser.KeyAst$File:  <unknown>:1#1 
476250     INFO  Test worker     d.u.i.k.n.KeyIO           MODE: declarations took 0 ms 
476250     DEBUG Test worker     d.u.i.k.n.KeyIO           MODE: 2nd degree decls took 0 
480769     INFO  Test worker     d.u.i.k.n.KeyIO           Parsing took 0 ms 
480769     DEBUG Test worker     d.u.i.k.n.KeyIO           Load declarations of de.uka.ilkd.key.nparser.KeyAst$File:  <unknown>:1#1 
480769     INFO  Test worker     d.u.i.k.n.KeyIO           MODE: declarations took 0 ms 
480769     DEBUG Test worker     d.u.i.k.n.KeyIO           MODE: 2nd degree decls took 0 
480769     INFO  Test worker     d.u.i.k.n.KeyIO           Parsing took 0 ms 
480769     DEBUG Test worker     d.u.i.k.n.KeyIO           Load declarations of de.uka.ilkd.key.nparser.KeyAst$File:  <unknown>:1#1 
480769     INFO  Test worker     d.u.i.k.n.KeyIO           MODE: declarations took 0 ms 
480769     DEBUG Test worker     d.u.i.k.n.KeyIO           MODE: 2nd degree decls took 0 
480769     INFO  Test worker     d.u.i.k.n.KeyIO           Parsing took 0 ms 
480769     DEBUG Test worker     d.u.i.k.n.KeyIO           Load declarations of de.uka.ilkd.key.nparser.KeyAst$File:  <unknown>:1#1 
480769     INFO  Test worker     d.u.i.k.n.KeyIO           MODE: declarations took 0 ms 
480769     DEBUG Test worker     d.u.i.k.n.KeyIO           MODE: 2nd degree decls took 0 
480769     INFO  Test worker     d.u.i.k.n.KeyIO           Parsing took 0 ms 
480769     DEBUG Test worker     d.u.i.k.n.KeyIO           Load declarations of de.uka.ilkd.key.nparser.KeyAst$File:  <unknown>:1#1 
480769     INFO  Test worker     d.u.i.k.n.KeyIO           MODE: declarations took 0 ms 
480769     DEBUG Test worker     d.u.i.k.n.KeyIO           MODE: 2nd degree decls took 0 
480785     INFO  Test worker     d.u.i.k.n.KeyIO           Parsing took 16 ms 
480785     DEBUG Test worker     d.u.i.k.n.KeyIO           Load declarations of de.uka.ilkd.key.nparser.KeyAst$File:  <unknown>:1#1 
480785     INFO  Test worker     d.u.i.k.n.KeyIO           MODE: declarations took 0 ms 
480785     DEBUG Test worker     d.u.i.k.n.KeyIO           MODE: 2nd degree decls took 0 
485393     INFO  Test worker     d.u.i.k.n.KeyIO           Parsing took 0 ms 
485393     DEBUG Test worker     d.u.i.k.n.KeyIO           Load declarations of de.uka.ilkd.key.nparser.KeyAst$File:  <unknown>:1#1 
485393     INFO  Test worker     d.u.i.k.n.KeyIO           MODE: declarations took 0 ms 
485393     DEBUG Test worker     d.u.i.k.n.KeyIO           MODE: 2nd degree decls took 0 
485393     INFO  Test worker     d.u.i.k.n.KeyIO           Parsing took 0 ms 
485393     DEBUG Test worker     d.u.i.k.n.KeyIO           Load declarations of de.uka.ilkd.key.nparser.KeyAst$File:  <unknown>:1#1 
485393     INFO  Test worker     d.u.i.k.n.KeyIO           MODE: declarations took 0 ms 
485393     DEBUG Test worker     d.u.i.k.n.KeyIO           MODE: 2nd degree decls took 0 
485393     INFO  Test worker     d.u.i.k.n.KeyIO           Parsing took 0 ms 
485393     DEBUG Test worker     d.u.i.k.n.KeyIO           Load declarations of de.uka.ilkd.key.nparser.KeyAst$File:  <unknown>:1#1 
485393     INFO  Test worker     d.u.i.k.n.KeyIO           MODE: declarations took 0 ms 
485393     DEBUG Test worker     d.u.i.k.n.KeyIO           MODE: 2nd degree decls took 0 
485393     INFO  Test worker     d.u.i.k.n.KeyIO           Parsing took 0 ms 
485393     DEBUG Test worker     d.u.i.k.n.KeyIO           Load declarations of de.uka.ilkd.key.nparser.KeyAst$File:  <unknown>:1#1 
485393     INFO  Test worker     d.u.i.k.n.KeyIO           MODE: declarations took 0 ms 
485393     DEBUG Test worker     d.u.i.k.n.KeyIO           MODE: 2nd degree decls took 0 
485393     INFO  Test worker     d.u.i.k.n.KeyIO           Parsing took 0 ms 
485393     DEBUG Test worker     d.u.i.k.n.KeyIO           Load declarations of de.uka.ilkd.key.nparser.KeyAst$File:  <unknown>:1#1 
485393     INFO  Test worker     d.u.i.k.n.KeyIO           MODE: declarations took 0 ms 
485393     DEBUG Test worker     d.u.i.k.n.KeyIO           MODE: 2nd degree decls took 0 
489786     INFO  Test worker     d.u.i.k.n.KeyIO           Parsing took 0 ms 
489801     DEBUG Test worker     d.u.i.k.n.KeyIO           Load declarations of de.uka.ilkd.key.nparser.KeyAst$File:  <unknown>:1#1 
489801     INFO  Test worker     d.u.i.k.n.KeyIO           MODE: declarations took 0 ms 
489801     DEBUG Test worker     d.u.i.k.n.KeyIO           MODE: 2nd degree decls took 0 
489801     INFO  Test worker     d.u.i.k.n.KeyIO           Parsing took 0 ms 
489801     DEBUG Test worker     d.u.i.k.n.KeyIO           Load declarations of de.uka.ilkd.key.nparser.KeyAst$File:  <unknown>:1#1 
489801     INFO  Test worker     d.u.i.k.n.KeyIO           MODE: declarations took 0 ms 
489801     DEBUG Test worker     d.u.i.k.n.KeyIO           MODE: 2nd degree decls took 0 
489801     INFO  Test worker     d.u.i.k.n.KeyIO           Parsing took 0 ms 
489801     DEBUG Test worker     d.u.i.k.n.KeyIO           Load declarations of de.uka.ilkd.key.nparser.KeyAst$File:  <unknown>:1#1 
489801     INFO  Test worker     d.u.i.k.n.KeyIO           MODE: declarations took 0 ms 
489801     DEBUG Test worker     d.u.i.k.n.KeyIO           MODE: 2nd degree decls took 0 
489801     INFO  Test worker     d.u.i.k.n.KeyIO           Parsing took 0 ms 
489801     DEBUG Test worker     d.u.i.k.n.KeyIO           Load declarations of de.uka.ilkd.key.nparser.KeyAst$File:  <unknown>:1#1 
489801     INFO  Test worker     d.u.i.k.n.KeyIO           MODE: declarations took 0 ms 
489801     DEBUG Test worker     d.u.i.k.n.KeyIO           MODE: 2nd degree decls took 0 
489801     INFO  Test worker     d.u.i.k.n.KeyIO           Parsing took 0 ms 
489801     DEBUG Test worker     d.u.i.k.n.KeyIO           Load declarations of de.uka.ilkd.key.nparser.KeyAst$File:  <unknown>:1#1 
489801     INFO  Test worker     d.u.i.k.n.KeyIO           MODE: declarations took 0 ms 
489801     DEBUG Test worker     d.u.i.k.n.KeyIO           MODE: 2nd degree decls took 0 
489801     WARN  Test worker     d.u.i.k.n.KeYParser       [syntax-error] <unknown>:1:11: mismatched input '@' expecting {'/', ':=', '.', '(', ')', '{', '[', '@', PARALLEL, OR, AND, IMP, '=', NOT_EQUALS, '%', '*', '-', '+', '>', GREATEREQUAL, '<', LESSEQUAL, LGUILLEMETS, EQV} [@11,11:11='@',<153>,1:11] (termEOF) 
494085     INFO  Test worker     d.u.i.k.n.KeyIO           Parsing took 0 ms 
494085     DEBUG Test worker     d.u.i.k.n.KeyIO           Load declarations of de.uka.ilkd.key.nparser.KeyAst$File:  <unknown>:1#1 
494085     INFO  Test worker     d.u.i.k.n.KeyIO           MODE: declarations took 0 ms 
494085     DEBUG Test worker     d.u.i.k.n.KeyIO           MODE: 2nd degree decls took 0 
494085     INFO  Test worker     d.u.i.k.n.KeyIO           Parsing took 0 ms 
494085     DEBUG Test worker     d.u.i.k.n.KeyIO           Load declarations of de.uka.ilkd.key.nparser.KeyAst$File:  <unknown>:1#1 
494085     INFO  Test worker     d.u.i.k.n.KeyIO           MODE: declarations took 0 ms 
494085     DEBUG Test worker     d.u.i.k.n.KeyIO           MODE: 2nd degree decls took 0 
494085     INFO  Test worker     d.u.i.k.n.KeyIO           Parsing took 0 ms 
494085     DEBUG Test worker     d.u.i.k.n.KeyIO           Load declarations of de.uka.ilkd.key.nparser.KeyAst$File:  <unknown>:1#1 
494085     INFO  Test worker     d.u.i.k.n.KeyIO           MODE: declarations took 0 ms 
494085     DEBUG Test worker     d.u.i.k.n.KeyIO           MODE: 2nd degree decls took 0 
494085     INFO  Test worker     d.u.i.k.n.KeyIO           Parsing took 0 ms 
494085     DEBUG Test worker     d.u.i.k.n.KeyIO           Load declarations of de.uka.ilkd.key.nparser.KeyAst$File:  <unknown>:1#1 
494085     INFO  Test worker     d.u.i.k.n.KeyIO           MODE: declarations took 0 ms 
494085     DEBUG Test worker     d.u.i.k.n.KeyIO           MODE: 2nd degree decls took 0 
494085     INFO  Test worker     d.u.i.k.n.KeyIO           Parsing took 0 ms 
494085     DEBUG Test worker     d.u.i.k.n.KeyIO           Load declarations of de.uka.ilkd.key.nparser.KeyAst$File:  <unknown>:1#1 
494085     INFO  Test worker     d.u.i.k.n.KeyIO           MODE: declarations took 0 ms 
494085     DEBUG Test worker     d.u.i.k.n.KeyIO           MODE: 2nd degree decls took 0 
498543     INFO  Test worker     d.u.i.k.n.KeyIO           Parsing took 0 ms 
498543     DEBUG Test worker     d.u.i.k.n.KeyIO           Load declarations of de.uka.ilkd.key.nparser.KeyAst$File:  <unknown>:1#1 
498543     INFO  Test worker     d.u.i.k.n.KeyIO           MODE: declarations took 0 ms 
498543     DEBUG Test worker     d.u.i.k.n.KeyIO           MODE: 2nd degree decls took 0 
498543     INFO  Test worker     d.u.i.k.n.KeyIO           Parsing took 0 ms 
498543     DEBUG Test worker     d.u.i.k.n.KeyIO           Load declarations of de.uka.ilkd.key.nparser.KeyAst$File:  <unknown>:1#1 
498543     INFO  Test worker     d.u.i.k.n.KeyIO           MODE: declarations took 0 ms 
498543     DEBUG Test worker     d.u.i.k.n.KeyIO           MODE: 2nd degree decls took 0 
498543     INFO  Test worker     d.u.i.k.n.KeyIO           Parsing took 0 ms 
498543     DEBUG Test worker     d.u.i.k.n.KeyIO           Load declarations of de.uka.ilkd.key.nparser.KeyAst$File:  <unknown>:1#1 
498543     INFO  Test worker     d.u.i.k.n.KeyIO           MODE: declarations took 0 ms 
498543     DEBUG Test worker     d.u.i.k.n.KeyIO           MODE: 2nd degree decls took 0 
498543     INFO  Test worker     d.u.i.k.n.KeyIO           Parsing took 0 ms 
498543     DEBUG Test worker     d.u.i.k.n.KeyIO           Load declarations of de.uka.ilkd.key.nparser.KeyAst$File:  <unknown>:1#1 
498543     INFO  Test worker     d.u.i.k.n.KeyIO           MODE: declarations took 0 ms 
498543     DEBUG Test worker     d.u.i.k.n.KeyIO           MODE: 2nd degree decls took 0 
498543     INFO  Test worker     d.u.i.k.n.KeyIO           Parsing took 0 ms 
498543     DEBUG Test worker     d.u.i.k.n.KeyIO           Load declarations of de.uka.ilkd.key.nparser.KeyAst$File:  <unknown>:1#1 
498543     INFO  Test worker     d.u.i.k.n.KeyIO           MODE: declarations took 0 ms 
498543     DEBUG Test worker     d.u.i.k.n.KeyIO           MODE: 2nd degree decls took 0 
503107     INFO  Test worker     d.u.i.k.n.KeyIO           Parsing took 0 ms 
503107     DEBUG Test worker     d.u.i.k.n.KeyIO           Load declarations of de.uka.ilkd.key.nparser.KeyAst$File:  <unknown>:1#1 
503107     INFO  Test worker     d.u.i.k.n.KeyIO           MODE: declarations took 0 ms 
503107     DEBUG Test worker     d.u.i.k.n.KeyIO           MODE: 2nd degree decls took 0 
503107     INFO  Test worker     d.u.i.k.n.KeyIO           Parsing took 0 ms 
503107     DEBUG Test worker     d.u.i.k.n.KeyIO           Load declarations of de.uka.ilkd.key.nparser.KeyAst$File:  <unknown>:1#1 
503107     INFO  Test worker     d.u.i.k.n.KeyIO           MODE: declarations took 0 ms 
503107     DEBUG Test worker     d.u.i.k.n.KeyIO           MODE: 2nd degree decls took 0 
503107     INFO  Test worker     d.u.i.k.n.KeyIO           Parsing took 0 ms 
503107     DEBUG Test worker     d.u.i.k.n.KeyIO           Load declarations of de.uka.ilkd.key.nparser.KeyAst$File:  <unknown>:1#1 
503107     INFO  Test worker     d.u.i.k.n.KeyIO           MODE: declarations took 0 ms 
503107     DEBUG Test worker     d.u.i.k.n.KeyIO           MODE: 2nd degree decls took 0 
503107     INFO  Test worker     d.u.i.k.n.KeyIO           Parsing took 0 ms 
503107     DEBUG Test worker     d.u.i.k.n.KeyIO           Load declarations of de.uka.ilkd.key.nparser.KeyAst$File:  <unknown>:1#1 
503107     INFO  Test worker     d.u.i.k.n.KeyIO           MODE: declarations took 0 ms 
503107     DEBUG Test worker     d.u.i.k.n.KeyIO           MODE: 2nd degree decls took 0 
503107     INFO  Test worker     d.u.i.k.n.KeyIO           Parsing took 0 ms 
503107     DEBUG Test worker     d.u.i.k.n.KeyIO           Load declarations of de.uka.ilkd.key.nparser.KeyAst$File:  <unknown>:1#1 
503107     INFO  Test worker     d.u.i.k.n.KeyIO           MODE: declarations took 0 ms 
503107     DEBUG Test worker     d.u.i.k.n.KeyIO           MODE: 2nd degree decls took 0 
507769     INFO  Test worker     d.u.i.k.n.KeyIO           Parsing took 0 ms 
507769     DEBUG Test worker     d.u.i.k.n.KeyIO           Load declarations of de.uka.ilkd.key.nparser.KeyAst$File:  <unknown>:1#1 
507769     INFO  Test worker     d.u.i.k.n.KeyIO           MODE: declarations took 0 ms 
507769     DEBUG Test worker     d.u.i.k.n.KeyIO           MODE: 2nd degree decls took 0 
507769     INFO  Test worker     d.u.i.k.n.KeyIO           Parsing took 0 ms 
507769     DEBUG Test worker     d.u.i.k.n.KeyIO           Load declarations of de.uka.ilkd.key.nparser.KeyAst$File:  <unknown>:1#1 
507769     INFO  Test worker     d.u.i.k.n.KeyIO           MODE: declarations took 0 ms 
507769     DEBUG Test worker     d.u.i.k.n.KeyIO           MODE: 2nd degree decls took 0 
507769     INFO  Test worker     d.u.i.k.n.KeyIO           Parsing took 0 ms 
507769     DEBUG Test worker     d.u.i.k.n.KeyIO           Load declarations of de.uka.ilkd.key.nparser.KeyAst$File:  <unknown>:1#1 
507769     INFO  Test worker     d.u.i.k.n.KeyIO           MODE: declarations took 0 ms 
507769     DEBUG Test worker     d.u.i.k.n.KeyIO           MODE: 2nd degree decls took 0 
507769     INFO  Test worker     d.u.i.k.n.KeyIO           Parsing took 0 ms 
507769     DEBUG Test worker     d.u.i.k.n.KeyIO           Load declarations of de.uka.ilkd.key.nparser.KeyAst$File:  <unknown>:1#1 
507769     INFO  Test worker     d.u.i.k.n.KeyIO           MODE: declarations took 0 ms 
507769     DEBUG Test worker     d.u.i.k.n.KeyIO           MODE: 2nd degree decls took 0 
507769     INFO  Test worker     d.u.i.k.n.KeyIO           Parsing took 0 ms 
507769     DEBUG Test worker     d.u.i.k.n.KeyIO           Load declarations of de.uka.ilkd.key.nparser.KeyAst$File:  <unknown>:1#1 
507769     INFO  Test worker     d.u.i.k.n.KeyIO           MODE: declarations took 0 ms 
507769     DEBUG Test worker     d.u.i.k.n.KeyIO           MODE: 2nd degree decls took 0 
512224     INFO  Test worker     d.u.i.k.n.KeyIO           Parsing took 0 ms 
512224     DEBUG Test worker     d.u.i.k.n.KeyIO           Load declarations of de.uka.ilkd.key.nparser.KeyAst$File:  <unknown>:1#1 
512224     INFO  Test worker     d.u.i.k.n.KeyIO           MODE: declarations took 0 ms 
512224     DEBUG Test worker     d.u.i.k.n.KeyIO           MODE: 2nd degree decls took 0 
512224     INFO  Test worker     d.u.i.k.n.KeyIO           Parsing took 0 ms 
512224     DEBUG Test worker     d.u.i.k.n.KeyIO           Load declarations of de.uka.ilkd.key.nparser.KeyAst$File:  <unknown>:1#1 
512224     INFO  Test worker     d.u.i.k.n.KeyIO           MODE: declarations took 0 ms 
512224     DEBUG Test worker     d.u.i.k.n.KeyIO           MODE: 2nd degree decls took 0 
512224     INFO  Test worker     d.u.i.k.n.KeyIO           Parsing took 0 ms 
512224     DEBUG Test worker     d.u.i.k.n.KeyIO           Load declarations of de.uka.ilkd.key.nparser.KeyAst$File:  <unknown>:1#1 
512224     INFO  Test worker     d.u.i.k.n.KeyIO           MODE: declarations took 0 ms 
512224     DEBUG Test worker     d.u.i.k.n.KeyIO           MODE: 2nd degree decls took 0 
512224     INFO  Test worker     d.u.i.k.n.KeyIO           Parsing took 0 ms 
512224     DEBUG Test worker     d.u.i.k.n.KeyIO           Load declarations of de.uka.ilkd.key.nparser.KeyAst$File:  <unknown>:1#1 
512224     INFO  Test worker     d.u.i.k.n.KeyIO           MODE: declarations took 0 ms 
512224     DEBUG Test worker     d.u.i.k.n.KeyIO           MODE: 2nd degree decls took 0 
512224     INFO  Test worker     d.u.i.k.n.KeyIO           Parsing took 0 ms 
512224     DEBUG Test worker     d.u.i.k.n.KeyIO           Load declarations of de.uka.ilkd.key.nparser.KeyAst$File:  <unknown>:1#1 
512224     INFO  Test worker     d.u.i.k.n.KeyIO           MODE: declarations took 0 ms 
512239     DEBUG Test worker     d.u.i.k.n.KeyIO           MODE: 2nd degree decls took 0 
516619     INFO  Test worker     d.u.i.k.n.KeyIO           Parsing took 0 ms 
516619     DEBUG Test worker     d.u.i.k.n.KeyIO           Load declarations of de.uka.ilkd.key.nparser.KeyAst$File:  <unknown>:1#1 
516619     INFO  Test worker     d.u.i.k.n.KeyIO           MODE: declarations took 0 ms 
516619     DEBUG Test worker     d.u.i.k.n.KeyIO           MODE: 2nd degree decls took 0 
516619     INFO  Test worker     d.u.i.k.n.KeyIO           Parsing took 0 ms 
516619     DEBUG Test worker     d.u.i.k.n.KeyIO           Load declarations of de.uka.ilkd.key.nparser.KeyAst$File:  <unknown>:1#1 
516619     INFO  Test worker     d.u.i.k.n.KeyIO           MODE: declarations took 0 ms 
516619     DEBUG Test worker     d.u.i.k.n.KeyIO           MODE: 2nd degree decls took 0 
516619     INFO  Test worker     d.u.i.k.n.KeyIO           Parsing took 0 ms 
516619     DEBUG Test worker     d.u.i.k.n.KeyIO           Load declarations of de.uka.ilkd.key.nparser.KeyAst$File:  <unknown>:1#1 
516619     INFO  Test worker     d.u.i.k.n.KeyIO           MODE: declarations took 0 ms 
516619     DEBUG Test worker     d.u.i.k.n.KeyIO           MODE: 2nd degree decls took 0 
516619     INFO  Test worker     d.u.i.k.n.KeyIO           Parsing took 0 ms 
516619     DEBUG Test worker     d.u.i.k.n.KeyIO           Load declarations of de.uka.ilkd.key.nparser.KeyAst$File:  <unknown>:1#1 
516619     INFO  Test worker     d.u.i.k.n.KeyIO           MODE: declarations took 0 ms 
516619     DEBUG Test worker     d.u.i.k.n.KeyIO           MODE: 2nd degree decls took 0 
516619     INFO  Test worker     d.u.i.k.n.KeyIO           Parsing took 0 ms 
516619     DEBUG Test worker     d.u.i.k.n.KeyIO           Load declarations of de.uka.ilkd.key.nparser.KeyAst$File:  <unknown>:1#1 
516619     INFO  Test worker     d.u.i.k.n.KeyIO           MODE: declarations took 0 ms 
516619     DEBUG Test worker     d.u.i.k.n.KeyIO           MODE: 2nd degree decls took 0 
520840     INFO  Test worker     d.u.i.k.n.KeyIO           Parsing took 0 ms 
520840     DEBUG Test worker     d.u.i.k.n.KeyIO           Load declarations of de.uka.ilkd.key.nparser.KeyAst$File:  <unknown>:1#1 
520840     INFO  Test worker     d.u.i.k.n.KeyIO           MODE: declarations took 0 ms 
520840     DEBUG Test worker     d.u.i.k.n.KeyIO           MODE: 2nd degree decls took 0 
520840     INFO  Test worker     d.u.i.k.n.KeyIO           Parsing took 0 ms 
520840     DEBUG Test worker     d.u.i.k.n.KeyIO           Load declarations of de.uka.ilkd.key.nparser.KeyAst$File:  <unknown>:1#1 
520840     INFO  Test worker     d.u.i.k.n.KeyIO           MODE: declarations took 0 ms 
520840     DEBUG Test worker     d.u.i.k.n.KeyIO           MODE: 2nd degree decls took 0 
520840     INFO  Test worker     d.u.i.k.n.KeyIO           Parsing took 0 ms 
520840     DEBUG Test worker     d.u.i.k.n.KeyIO           Load declarations of de.uka.ilkd.key.nparser.KeyAst$File:  <unknown>:1#1 
520840     INFO  Test worker     d.u.i.k.n.KeyIO           MODE: declarations took 0 ms 
520840     DEBUG Test worker     d.u.i.k.n.KeyIO           MODE: 2nd degree decls took 0 
520840     INFO  Test worker     d.u.i.k.n.KeyIO           Parsing took 0 ms 
520840     DEBUG Test worker     d.u.i.k.n.KeyIO           Load declarations of de.uka.ilkd.key.nparser.KeyAst$File:  <unknown>:1#1 
520840     INFO  Test worker     d.u.i.k.n.KeyIO           MODE: declarations took 0 ms 
520840     DEBUG Test worker     d.u.i.k.n.KeyIO           MODE: 2nd degree decls took 0 
520840     INFO  Test worker     d.u.i.k.n.KeyIO           Parsing took 0 ms 
520840     DEBUG Test worker     d.u.i.k.n.KeyIO           Load declarations of de.uka.ilkd.key.nparser.KeyAst$File:  <unknown>:1#1 
520840     INFO  Test worker     d.u.i.k.n.KeyIO           MODE: declarations took 0 ms 
520840     DEBUG Test worker     d.u.i.k.n.KeyIO           MODE: 2nd degree decls took 0 
525108     INFO  Test worker     d.u.i.k.n.KeyIO           Parsing took 0 ms 
525108     DEBUG Test worker     d.u.i.k.n.KeyIO           Load declarations of de.uka.ilkd.key.nparser.KeyAst$File:  <unknown>:1#1 
525108     INFO  Test worker     d.u.i.k.n.KeyIO           MODE: declarations took 0 ms 
525108     DEBUG Test worker     d.u.i.k.n.KeyIO           MODE: 2nd degree decls took 0 
525108     INFO  Test worker     d.u.i.k.n.KeyIO           Parsing took 0 ms 
525108     DEBUG Test worker     d.u.i.k.n.KeyIO           Load declarations of de.uka.ilkd.key.nparser.KeyAst$File:  <unknown>:1#1 
525108     INFO  Test worker     d.u.i.k.n.KeyIO           MODE: declarations took 0 ms 
525108     DEBUG Test worker     d.u.i.k.n.KeyIO           MODE: 2nd degree decls took 0 
525108     INFO  Test worker     d.u.i.k.n.KeyIO           Parsing took 0 ms 
525108     DEBUG Test worker     d.u.i.k.n.KeyIO           Load declarations of de.uka.ilkd.key.nparser.KeyAst$File:  <unknown>:1#1 
525108     INFO  Test worker     d.u.i.k.n.KeyIO           MODE: declarations took 0 ms 
525108     DEBUG Test worker     d.u.i.k.n.KeyIO           MODE: 2nd degree decls took 0 
525108     INFO  Test worker     d.u.i.k.n.KeyIO           Parsing took 0 ms 
525108     DEBUG Test worker     d.u.i.k.n.KeyIO           Load declarations of de.uka.ilkd.key.nparser.KeyAst$File:  <unknown>:1#1 
525108     INFO  Test worker     d.u.i.k.n.KeyIO           MODE: declarations took 0 ms 
525108     DEBUG Test worker     d.u.i.k.n.KeyIO           MODE: 2nd degree decls took 0 
525108     INFO  Test worker     d.u.i.k.n.KeyIO           Parsing took 0 ms 
525108     DEBUG Test worker     d.u.i.k.n.KeyIO           Load declarations of de.uka.ilkd.key.nparser.KeyAst$File:  <unknown>:1#1 
525108     INFO  Test worker     d.u.i.k.n.KeyIO           MODE: declarations took 0 ms 
525108     DEBUG Test worker     d.u.i.k.n.KeyIO           MODE: 2nd degree decls took 0 
529408     INFO  Test worker     d.u.i.k.n.KeyIO           Parsing took 0 ms 
529408     DEBUG Test worker     d.u.i.k.n.KeyIO           Load declarations of de.uka.ilkd.key.nparser.KeyAst$File:  <unknown>:1#1 
529408     INFO  Test worker     d.u.i.k.n.KeyIO           MODE: declarations took 0 ms 
529408     DEBUG Test worker     d.u.i.k.n.KeyIO           MODE: 2nd degree decls took 0 
529408     INFO  Test worker     d.u.i.k.n.KeyIO           Parsing took 0 ms 
529408     DEBUG Test worker     d.u.i.k.n.KeyIO           Load declarations of de.uka.ilkd.key.nparser.KeyAst$File:  <unknown>:1#1 
529408     INFO  Test worker     d.u.i.k.n.KeyIO           MODE: declarations took 0 ms 
529408     DEBUG Test worker     d.u.i.k.n.KeyIO           MODE: 2nd degree decls took 0 
529408     INFO  Test worker     d.u.i.k.n.KeyIO           Parsing took 0 ms 
529408     DEBUG Test worker     d.u.i.k.n.KeyIO           Load declarations of de.uka.ilkd.key.nparser.KeyAst$File:  <unknown>:1#1 
529408     INFO  Test worker     d.u.i.k.n.KeyIO           MODE: declarations took 0 ms 
529408     DEBUG Test worker     d.u.i.k.n.KeyIO           MODE: 2nd degree decls took 0 
529408     INFO  Test worker     d.u.i.k.n.KeyIO           Parsing took 0 ms 
529408     DEBUG Test worker     d.u.i.k.n.KeyIO           Load declarations of de.uka.ilkd.key.nparser.KeyAst$File:  <unknown>:1#1 
529408     INFO  Test worker     d.u.i.k.n.KeyIO           MODE: declarations took 0 ms 
529408     DEBUG Test worker     d.u.i.k.n.KeyIO           MODE: 2nd degree decls took 0 
529408     INFO  Test worker     d.u.i.k.n.KeyIO           Parsing took 0 ms 
529408     DEBUG Test worker     d.u.i.k.n.KeyIO           Load declarations of de.uka.ilkd.key.nparser.KeyAst$File:  <unknown>:1#1 
529408     INFO  Test worker     d.u.i.k.n.KeyIO           MODE: declarations took 0 ms 
529408     DEBUG Test worker     d.u.i.k.n.KeyIO           MODE: 2nd degree decls took 0 
533661     INFO  Test worker     d.u.i.k.n.KeyIO           Parsing took 0 ms 
533661     DEBUG Test worker     d.u.i.k.n.KeyIO           Load declarations of de.uka.ilkd.key.nparser.KeyAst$File:  <unknown>:1#1 
533661     INFO  Test worker     d.u.i.k.n.KeyIO           MODE: declarations took 0 ms 
533676     DEBUG Test worker     d.u.i.k.n.KeyIO           MODE: 2nd degree decls took 0 
533676     INFO  Test worker     d.u.i.k.n.KeyIO           Parsing took 0 ms 
533676     DEBUG Test worker     d.u.i.k.n.KeyIO           Load declarations of de.uka.ilkd.key.nparser.KeyAst$File:  <unknown>:1#1 
533676     INFO  Test worker     d.u.i.k.n.KeyIO           MODE: declarations took 0 ms 
533676     DEBUG Test worker     d.u.i.k.n.KeyIO           MODE: 2nd degree decls took 0 
533676     INFO  Test worker     d.u.i.k.n.KeyIO           Parsing took 0 ms 
533676     DEBUG Test worker     d.u.i.k.n.KeyIO           Load declarations of de.uka.ilkd.key.nparser.KeyAst$File:  <unknown>:1#1 
533676     INFO  Test worker     d.u.i.k.n.KeyIO           MODE: declarations took 0 ms 
533676     DEBUG Test worker     d.u.i.k.n.KeyIO           MODE: 2nd degree decls took 0 
533676     INFO  Test worker     d.u.i.k.n.KeyIO           Parsing took 0 ms 
533676     DEBUG Test worker     d.u.i.k.n.KeyIO           Load declarations of de.uka.ilkd.key.nparser.KeyAst$File:  <unknown>:1#1 
533676     INFO  Test worker     d.u.i.k.n.KeyIO           MODE: declarations took 0 ms 
533676     DEBUG Test worker     d.u.i.k.n.KeyIO           MODE: 2nd degree decls took 0 
533676     INFO  Test worker     d.u.i.k.n.KeyIO           Parsing took 0 ms 
533676     DEBUG Test worker     d.u.i.k.n.KeyIO           Load declarations of de.uka.ilkd.key.nparser.KeyAst$File:  <unknown>:1#1 
533676     INFO  Test worker     d.u.i.k.n.KeyIO           MODE: declarations took 0 ms 
533676     DEBUG Test worker     d.u.i.k.n.KeyIO           MODE: 2nd degree decls took 0 
537885     INFO  Test worker     d.u.i.k.n.KeyIO           Parsing took 0 ms 
537885     DEBUG Test worker     d.u.i.k.n.KeyIO           Load declarations of de.uka.ilkd.key.nparser.KeyAst$File:  <unknown>:1#1 
537885     INFO  Test worker     d.u.i.k.n.KeyIO           MODE: declarations took 0 ms 
537885     DEBUG Test worker     d.u.i.k.n.KeyIO           MODE: 2nd degree decls took 0 
537885     INFO  Test worker     d.u.i.k.n.KeyIO           Parsing took 0 ms 
537885     DEBUG Test worker     d.u.i.k.n.KeyIO           Load declarations of de.uka.ilkd.key.nparser.KeyAst$File:  <unknown>:1#1 
537885     INFO  Test worker     d.u.i.k.n.KeyIO           MODE: declarations took 0 ms 
537885     DEBUG Test worker     d.u.i.k.n.KeyIO           MODE: 2nd degree decls took 0 
537885     INFO  Test worker     d.u.i.k.n.KeyIO           Parsing took 0 ms 
537885     DEBUG Test worker     d.u.i.k.n.KeyIO           Load declarations of de.uka.ilkd.key.nparser.KeyAst$File:  <unknown>:1#1 
537885     INFO  Test worker     d.u.i.k.n.KeyIO           MODE: declarations took 0 ms 
537885     DEBUG Test worker     d.u.i.k.n.KeyIO           MODE: 2nd degree decls took 0 
537885     INFO  Test worker     d.u.i.k.n.KeyIO           Parsing took 0 ms 
537885     DEBUG Test worker     d.u.i.k.n.KeyIO           Load declarations of de.uka.ilkd.key.nparser.KeyAst$File:  <unknown>:1#1 
537885     INFO  Test worker     d.u.i.k.n.KeyIO           MODE: declarations took 0 ms 
537885     DEBUG Test worker     d.u.i.k.n.KeyIO           MODE: 2nd degree decls took 0 
537885     INFO  Test worker     d.u.i.k.n.KeyIO           Parsing took 0 ms 
537885     DEBUG Test worker     d.u.i.k.n.KeyIO           Load declarations of de.uka.ilkd.key.nparser.KeyAst$File:  <unknown>:1#1 
537885     INFO  Test worker     d.u.i.k.n.KeyIO           MODE: declarations took 0 ms 
537885     DEBUG Test worker     d.u.i.k.n.KeyIO           MODE: 2nd degree decls took 0 
542248     INFO  Test worker     d.u.i.k.n.KeyIO           Parsing took 0 ms 
542248     DEBUG Test worker     d.u.i.k.n.KeyIO           Load declarations of de.uka.ilkd.key.nparser.KeyAst$File:  <unknown>:1#1 
542248     INFO  Test worker     d.u.i.k.n.KeyIO           MODE: declarations took 0 ms 
542248     DEBUG Test worker     d.u.i.k.n.KeyIO           MODE: 2nd degree decls took 0 
542248     INFO  Test worker     d.u.i.k.n.KeyIO           Parsing took 0 ms 
542248     DEBUG Test worker     d.u.i.k.n.KeyIO           Load declarations of de.uka.ilkd.key.nparser.KeyAst$File:  <unknown>:1#1 
542248     INFO  Test worker     d.u.i.k.n.KeyIO           MODE: declarations took 0 ms 
542248     DEBUG Test worker     d.u.i.k.n.KeyIO           MODE: 2nd degree decls took 0 
542264     INFO  Test worker     d.u.i.k.n.KeyIO           Parsing took 0 ms 
542264     DEBUG Test worker     d.u.i.k.n.KeyIO           Load declarations of de.uka.ilkd.key.nparser.KeyAst$File:  <unknown>:1#1 
542264     INFO  Test worker     d.u.i.k.n.KeyIO           MODE: declarations took 0 ms 
542264     DEBUG Test worker     d.u.i.k.n.KeyIO           MODE: 2nd degree decls took 0 
542264     INFO  Test worker     d.u.i.k.n.KeyIO           Parsing took 0 ms 
542264     DEBUG Test worker     d.u.i.k.n.KeyIO           Load declarations of de.uka.ilkd.key.nparser.KeyAst$File:  <unknown>:1#1 
542264     INFO  Test worker     d.u.i.k.n.KeyIO           MODE: declarations took 0 ms 
542264     DEBUG Test worker     d.u.i.k.n.KeyIO           MODE: 2nd degree decls took 0 
542264     INFO  Test worker     d.u.i.k.n.KeyIO           Parsing took 0 ms 
542264     DEBUG Test worker     d.u.i.k.n.KeyIO           Load declarations of de.uka.ilkd.key.nparser.KeyAst$File:  <unknown>:1#1 
542264     INFO  Test worker     d.u.i.k.n.KeyIO           MODE: declarations took 0 ms 
542264     DEBUG Test worker     d.u.i.k.n.KeyIO           MODE: 2nd degree decls took 0 
546409     INFO  Test worker     d.u.i.k.n.KeyIO           Parsing took 0 ms 
546409     DEBUG Test worker     d.u.i.k.n.KeyIO           Load declarations of de.uka.ilkd.key.nparser.KeyAst$File:  <unknown>:1#1 
546409     INFO  Test worker     d.u.i.k.n.KeyIO           MODE: declarations took 0 ms 
546409     DEBUG Test worker     d.u.i.k.n.KeyIO           MODE: 2nd degree decls took 0 
546409     INFO  Test worker     d.u.i.k.n.KeyIO           Parsing took 0 ms 
546409     DEBUG Test worker     d.u.i.k.n.KeyIO           Load declarations of de.uka.ilkd.key.nparser.KeyAst$File:  <unknown>:1#1 
546409     INFO  Test worker     d.u.i.k.n.KeyIO           MODE: declarations took 0 ms 
546409     DEBUG Test worker     d.u.i.k.n.KeyIO           MODE: 2nd degree decls took 0 
546409     INFO  Test worker     d.u.i.k.n.KeyIO           Parsing took 0 ms 
546409     DEBUG Test worker     d.u.i.k.n.KeyIO           Load declarations of de.uka.ilkd.key.nparser.KeyAst$File:  <unknown>:1#1 
546409     INFO  Test worker     d.u.i.k.n.KeyIO           MODE: declarations took 0 ms 
546409     DEBUG Test worker     d.u.i.k.n.KeyIO           MODE: 2nd degree decls took 0 
546409     INFO  Test worker     d.u.i.k.n.KeyIO           Parsing took 0 ms 
546409     DEBUG Test worker     d.u.i.k.n.KeyIO           Load declarations of de.uka.ilkd.key.nparser.KeyAst$File:  <unknown>:1#1 
546409     INFO  Test worker     d.u.i.k.n.KeyIO           MODE: declarations took 0 ms 
546409     DEBUG Test worker     d.u.i.k.n.KeyIO           MODE: 2nd degree decls took 0 
546409     INFO  Test worker     d.u.i.k.n.KeyIO           Parsing took 0 ms 
546409     DEBUG Test worker     d.u.i.k.n.KeyIO           Load declarations of de.uka.ilkd.key.nparser.KeyAst$File:  <unknown>:1#1 
546409     INFO  Test worker     d.u.i.k.n.KeyIO           MODE: declarations took 0 ms 
546409     DEBUG Test worker     d.u.i.k.n.KeyIO           MODE: 2nd degree decls took 0 
550835     INFO  Test worker     d.u.i.k.n.KeyIO           Parsing took 0 ms 
550835     DEBUG Test worker     d.u.i.k.n.KeyIO           Load declarations of de.uka.ilkd.key.nparser.KeyAst$File:  <unknown>:1#1 
550835     INFO  Test worker     d.u.i.k.n.KeyIO           MODE: declarations took 0 ms 
550835     DEBUG Test worker     d.u.i.k.n.KeyIO           MODE: 2nd degree decls took 0 
550835     INFO  Test worker     d.u.i.k.n.KeyIO           Parsing took 0 ms 
550835     DEBUG Test worker     d.u.i.k.n.KeyIO           Load declarations of de.uka.ilkd.key.nparser.KeyAst$File:  <unknown>:1#1 
550835     INFO  Test worker     d.u.i.k.n.KeyIO           MODE: declarations took 0 ms 
550835     DEBUG Test worker     d.u.i.k.n.KeyIO           MODE: 2nd degree decls took 0 
550835     INFO  Test worker     d.u.i.k.n.KeyIO           Parsing took 0 ms 
550835     DEBUG Test worker     d.u.i.k.n.KeyIO           Load declarations of de.uka.ilkd.key.nparser.KeyAst$File:  <unknown>:1#1 
550835     INFO  Test worker     d.u.i.k.n.KeyIO           MODE: declarations took 0 ms 
550835     DEBUG Test worker     d.u.i.k.n.KeyIO           MODE: 2nd degree decls took 0 
550835     INFO  Test worker     d.u.i.k.n.KeyIO           Parsing took 0 ms 
550835     DEBUG Test worker     d.u.i.k.n.KeyIO           Load declarations of de.uka.ilkd.key.nparser.KeyAst$File:  <unknown>:1#1 
550835     INFO  Test worker     d.u.i.k.n.KeyIO           MODE: declarations took 0 ms 
550835     DEBUG Test worker     d.u.i.k.n.KeyIO           MODE: 2nd degree decls took 0 
550835     INFO  Test worker     d.u.i.k.n.KeyIO           Parsing took 0 ms 
550835     DEBUG Test worker     d.u.i.k.n.KeyIO           Load declarations of de.uka.ilkd.key.nparser.KeyAst$File:  <unknown>:1#1 
550835     INFO  Test worker     d.u.i.k.n.KeyIO           MODE: declarations took 0 ms 
550835     DEBUG Test worker     d.u.i.k.n.KeyIO           MODE: 2nd degree decls took 0 
555088     INFO  Test worker     d.u.i.k.n.KeyIO           Parsing took 0 ms 
555088     DEBUG Test worker     d.u.i.k.n.KeyIO           Load declarations of de.uka.ilkd.key.nparser.KeyAst$File:  <unknown>:1#1 
555088     INFO  Test worker     d.u.i.k.n.KeyIO           MODE: declarations took 0 ms 
555088     DEBUG Test worker     d.u.i.k.n.KeyIO           MODE: 2nd degree decls took 0 
555088     INFO  Test worker     d.u.i.k.n.KeyIO           Parsing took 0 ms 
555088     DEBUG Test worker     d.u.i.k.n.KeyIO           Load declarations of de.uka.ilkd.key.nparser.KeyAst$File:  <unknown>:1#1 
555088     INFO  Test worker     d.u.i.k.n.KeyIO           MODE: declarations took 0 ms 
555088     DEBUG Test worker     d.u.i.k.n.KeyIO           MODE: 2nd degree decls took 0 
555088     INFO  Test worker     d.u.i.k.n.KeyIO           Parsing took 0 ms 
555088     DEBUG Test worker     d.u.i.k.n.KeyIO           Load declarations of de.uka.ilkd.key.nparser.KeyAst$File:  <unknown>:1#1 
555088     INFO  Test worker     d.u.i.k.n.KeyIO           MODE: declarations took 0 ms 
555088     DEBUG Test worker     d.u.i.k.n.KeyIO           MODE: 2nd degree decls took 0 
555088     INFO  Test worker     d.u.i.k.n.KeyIO           Parsing took 0 ms 
555088     DEBUG Test worker     d.u.i.k.n.KeyIO           Load declarations of de.uka.ilkd.key.nparser.KeyAst$File:  <unknown>:1#1 
555088     INFO  Test worker     d.u.i.k.n.KeyIO           MODE: declarations took 0 ms 
555088     DEBUG Test worker     d.u.i.k.n.KeyIO           MODE: 2nd degree decls took 0 
555088     INFO  Test worker     d.u.i.k.n.KeyIO           Parsing took 0 ms 
555088     DEBUG Test worker     d.u.i.k.n.KeyIO           Load declarations of de.uka.ilkd.key.nparser.KeyAst$File:  <unknown>:1#1 
555088     INFO  Test worker     d.u.i.k.n.KeyIO           MODE: declarations took 0 ms 
555088     DEBUG Test worker     d.u.i.k.n.KeyIO           MODE: 2nd degree decls took 0 
559294     INFO  Test worker     d.u.i.k.n.KeyIO           Parsing took 0 ms 
559294     DEBUG Test worker     d.u.i.k.n.KeyIO           Load declarations of de.uka.ilkd.key.nparser.KeyAst$File:  <unknown>:1#1 
559294     INFO  Test worker     d.u.i.k.n.KeyIO           MODE: declarations took 0 ms 
559294     DEBUG Test worker     d.u.i.k.n.KeyIO           MODE: 2nd degree decls took 0 
559294     INFO  Test worker     d.u.i.k.n.KeyIO           Parsing took 0 ms 
559294     DEBUG Test worker     d.u.i.k.n.KeyIO           Load declarations of de.uka.ilkd.key.nparser.KeyAst$File:  <unknown>:1#1 
559294     INFO  Test worker     d.u.i.k.n.KeyIO           MODE: declarations took 0 ms 
559294     DEBUG Test worker     d.u.i.k.n.KeyIO           MODE: 2nd degree decls took 0 
559294     INFO  Test worker     d.u.i.k.n.KeyIO           Parsing took 0 ms 
559294     DEBUG Test worker     d.u.i.k.n.KeyIO           Load declarations of de.uka.ilkd.key.nparser.KeyAst$File:  <unknown>:1#1 
559294     INFO  Test worker     d.u.i.k.n.KeyIO           MODE: declarations took 0 ms 
559294     DEBUG Test worker     d.u.i.k.n.KeyIO           MODE: 2nd degree decls took 0 
559294     INFO  Test worker     d.u.i.k.n.KeyIO           Parsing took 0 ms 
559294     DEBUG Test worker     d.u.i.k.n.KeyIO           Load declarations of de.uka.ilkd.key.nparser.KeyAst$File:  <unknown>:1#1 
559294     INFO  Test worker     d.u.i.k.n.KeyIO           MODE: declarations took 0 ms 
559294     DEBUG Test worker     d.u.i.k.n.KeyIO           MODE: 2nd degree decls took 0 
559294     INFO  Test worker     d.u.i.k.n.KeyIO           Parsing took 0 ms 
559294     DEBUG Test worker     d.u.i.k.n.KeyIO           Load declarations of de.uka.ilkd.key.nparser.KeyAst$File:  <unknown>:1#1 
559294     INFO  Test worker     d.u.i.k.n.KeyIO           MODE: declarations took 0 ms 
559294     DEBUG Test worker     d.u.i.k.n.KeyIO           MODE: 2nd degree decls took 0 
563909     INFO  Test worker     d.u.i.k.n.KeyIO           Parsing took 0 ms 
563909     DEBUG Test worker     d.u.i.k.n.KeyIO           Load declarations of de.uka.ilkd.key.nparser.KeyAst$File:  <unknown>:1#1 
563909     INFO  Test worker     d.u.i.k.n.KeyIO           MODE: declarations took 0 ms 
563909     DEBUG Test worker     d.u.i.k.n.KeyIO           MODE: 2nd degree decls took 0 
563909     INFO  Test worker     d.u.i.k.n.KeyIO           Parsing took 0 ms 
563909     DEBUG Test worker     d.u.i.k.n.KeyIO           Load declarations of de.uka.ilkd.key.nparser.KeyAst$File:  <unknown>:1#1 
563909     INFO  Test worker     d.u.i.k.n.KeyIO           MODE: declarations took 0 ms 
563909     DEBUG Test worker     d.u.i.k.n.KeyIO           MODE: 2nd degree decls took 0 
563909     INFO  Test worker     d.u.i.k.n.KeyIO           Parsing took 0 ms 
563909     DEBUG Test worker     d.u.i.k.n.KeyIO           Load declarations of de.uka.ilkd.key.nparser.KeyAst$File:  <unknown>:1#1 
563909     INFO  Test worker     d.u.i.k.n.KeyIO           MODE: declarations took 0 ms 
563909     DEBUG Test worker     d.u.i.k.n.KeyIO           MODE: 2nd degree decls took 0 
563909     INFO  Test worker     d.u.i.k.n.KeyIO           Parsing took 0 ms 
563909     DEBUG Test worker     d.u.i.k.n.KeyIO           Load declarations of de.uka.ilkd.key.nparser.KeyAst$File:  <unknown>:1#1 
563909     INFO  Test worker     d.u.i.k.n.KeyIO           MODE: declarations took 0 ms 
563909     DEBUG Test worker     d.u.i.k.n.KeyIO           MODE: 2nd degree decls took 0 
563909     INFO  Test worker     d.u.i.k.n.KeyIO           Parsing took 0 ms 
563909     DEBUG Test worker     d.u.i.k.n.KeyIO           Load declarations of de.uka.ilkd.key.nparser.KeyAst$File:  <unknown>:1#1 
563909     INFO  Test worker     d.u.i.k.n.KeyIO           MODE: declarations took 0 ms 
563909     DEBUG Test worker     d.u.i.k.n.KeyIO           MODE: 2nd degree decls took 0 
568492     INFO  Test worker     d.u.i.k.n.KeyIO           Parsing took 0 ms 
568492     DEBUG Test worker     d.u.i.k.n.KeyIO           Load declarations of de.uka.ilkd.key.nparser.KeyAst$File:  <unknown>:1#1 
568492     INFO  Test worker     d.u.i.k.n.KeyIO           MODE: declarations took 0 ms 
568492     DEBUG Test worker     d.u.i.k.n.KeyIO           MODE: 2nd degree decls took 0 
568492     INFO  Test worker     d.u.i.k.n.KeyIO           Parsing took 0 ms 
568492     DEBUG Test worker     d.u.i.k.n.KeyIO           Load declarations of de.uka.ilkd.key.nparser.KeyAst$File:  <unknown>:1#1 
568492     INFO  Test worker     d.u.i.k.n.KeyIO           MODE: declarations took 0 ms 
568571     DEBUG Test worker     d.u.i.k.n.KeyIO           MODE: 2nd degree decls took 0 
568571     INFO  Test worker     d.u.i.k.n.KeyIO           Parsing took 0 ms 
568571     DEBUG Test worker     d.u.i.k.n.KeyIO           Load declarations of de.uka.ilkd.key.nparser.KeyAst$File:  <unknown>:1#1 
568588     INFO  Test worker     d.u.i.k.n.KeyIO           MODE: declarations took 17 ms 
568603     DEBUG Test worker     d.u.i.k.n.KeyIO           MODE: 2nd degree decls took 0 
568603     INFO  Test worker     d.u.i.k.n.KeyIO           Parsing took 0 ms 
568618     DEBUG Test worker     d.u.i.k.n.KeyIO           Load declarations of de.uka.ilkd.key.nparser.KeyAst$File:  <unknown>:1#1 
568618     INFO  Test worker     d.u.i.k.n.KeyIO           MODE: declarations took 0 ms 
568633     DEBUG Test worker     d.u.i.k.n.KeyIO           MODE: 2nd degree decls took 0 
568680     INFO  Test worker     d.u.i.k.n.KeyIO           Parsing took 0 ms 
568680     DEBUG Test worker     d.u.i.k.n.KeyIO           Load declarations of de.uka.ilkd.key.nparser.KeyAst$File:  <unknown>:1#1 
568680     INFO  Test worker     d.u.i.k.n.KeyIO           MODE: declarations took 0 ms 
568680     DEBUG Test worker     d.u.i.k.n.KeyIO           MODE: 2nd degree decls took 0 
573421     INFO  Test worker     d.u.i.k.n.KeyIO           Parsing took 0 ms 
573421     DEBUG Test worker     d.u.i.k.n.KeyIO           Load declarations of de.uka.ilkd.key.nparser.KeyAst$File:  <unknown>:1#1 
573421     INFO  Test worker     d.u.i.k.n.KeyIO           MODE: declarations took 0 ms 
573421     DEBUG Test worker     d.u.i.k.n.KeyIO           MODE: 2nd degree decls took 0 
573421     INFO  Test worker     d.u.i.k.n.KeyIO           Parsing took 0 ms 
573421     DEBUG Test worker     d.u.i.k.n.KeyIO           Load declarations of de.uka.ilkd.key.nparser.KeyAst$File:  <unknown>:1#1 
573421     INFO  Test worker     d.u.i.k.n.KeyIO           MODE: declarations took 0 ms 
573421     DEBUG Test worker     d.u.i.k.n.KeyIO           MODE: 2nd degree decls took 0 
573421     INFO  Test worker     d.u.i.k.n.KeyIO           Parsing took 0 ms 
573421     DEBUG Test worker     d.u.i.k.n.KeyIO           Load declarations of de.uka.ilkd.key.nparser.KeyAst$File:  <unknown>:1#1 
573421     INFO  Test worker     d.u.i.k.n.KeyIO           MODE: declarations took 0 ms 
573436     DEBUG Test worker     d.u.i.k.n.KeyIO           MODE: 2nd degree decls took 0 
573436     INFO  Test worker     d.u.i.k.n.KeyIO           Parsing took 0 ms 
573436     DEBUG Test worker     d.u.i.k.n.KeyIO           Load declarations of de.uka.ilkd.key.nparser.KeyAst$File:  <unknown>:1#1 
573436     INFO  Test worker     d.u.i.k.n.KeyIO           MODE: declarations took 0 ms 
573436     DEBUG Test worker     d.u.i.k.n.KeyIO           MODE: 2nd degree decls took 0 
573436     INFO  Test worker     d.u.i.k.n.KeyIO           Parsing took 0 ms 
573436     DEBUG Test worker     d.u.i.k.n.KeyIO           Load declarations of de.uka.ilkd.key.nparser.KeyAst$File:  <unknown>:1#1 
573436     INFO  Test worker     d.u.i.k.n.KeyIO           MODE: declarations took 0 ms 
573436     DEBUG Test worker     d.u.i.k.n.KeyIO           MODE: 2nd degree decls took 0 
577798     INFO  Test worker     d.u.i.k.n.KeyIO           Parsing took 0 ms 
577798     DEBUG Test worker     d.u.i.k.n.KeyIO           Load declarations of de.uka.ilkd.key.nparser.KeyAst$File:  <unknown>:1#1 
577798     INFO  Test worker     d.u.i.k.n.KeyIO           MODE: declarations took 0 ms 
577798     DEBUG Test worker     d.u.i.k.n.KeyIO           MODE: 2nd degree decls took 0 
577798     INFO  Test worker     d.u.i.k.n.KeyIO           Parsing took 0 ms 
577798     DEBUG Test worker     d.u.i.k.n.KeyIO           Load declarations of de.uka.ilkd.key.nparser.KeyAst$File:  <unknown>:1#1 
577798     INFO  Test worker     d.u.i.k.n.KeyIO           MODE: declarations took 0 ms 
577798     DEBUG Test worker     d.u.i.k.n.KeyIO           MODE: 2nd degree decls took 0 
577798     INFO  Test worker     d.u.i.k.n.KeyIO           Parsing took 0 ms 
577798     DEBUG Test worker     d.u.i.k.n.KeyIO           Load declarations of de.uka.ilkd.key.nparser.KeyAst$File:  <unknown>:1#1 
577798     INFO  Test worker     d.u.i.k.n.KeyIO           MODE: declarations took 0 ms 
577798     DEBUG Test worker     d.u.i.k.n.KeyIO           MODE: 2nd degree decls took 0 
577798     INFO  Test worker     d.u.i.k.n.KeyIO           Parsing took 0 ms 
577798     DEBUG Test worker     d.u.i.k.n.KeyIO           Load declarations of de.uka.ilkd.key.nparser.KeyAst$File:  <unknown>:1#1 
577798     INFO  Test worker     d.u.i.k.n.KeyIO           MODE: declarations took 0 ms 
577798     DEBUG Test worker     d.u.i.k.n.KeyIO           MODE: 2nd degree decls took 0 
577798     INFO  Test worker     d.u.i.k.n.KeyIO           Parsing took 0 ms 
577798     DEBUG Test worker     d.u.i.k.n.KeyIO           Load declarations of de.uka.ilkd.key.nparser.KeyAst$File:  <unknown>:1#1 
577798     INFO  Test worker     d.u.i.k.n.KeyIO           MODE: declarations took 0 ms 
577798     DEBUG Test worker     d.u.i.k.n.KeyIO           MODE: 2nd degree decls took 0 
582552     INFO  Test worker     d.u.i.k.n.KeyIO           Parsing took 0 ms 
582552     DEBUG Test worker     d.u.i.k.n.KeyIO           Load declarations of de.uka.ilkd.key.nparser.KeyAst$File:  <unknown>:1#1 
582552     INFO  Test worker     d.u.i.k.n.KeyIO           MODE: declarations took 0 ms 
582552     DEBUG Test worker     d.u.i.k.n.KeyIO           MODE: 2nd degree decls took 0 
582552     INFO  Test worker     d.u.i.k.n.KeyIO           Parsing took 0 ms 
582552     DEBUG Test worker     d.u.i.k.n.KeyIO           Load declarations of de.uka.ilkd.key.nparser.KeyAst$File:  <unknown>:1#1 
582552     INFO  Test worker     d.u.i.k.n.KeyIO           MODE: declarations took 0 ms 
582552     DEBUG Test worker     d.u.i.k.n.KeyIO           MODE: 2nd degree decls took 0 
582552     INFO  Test worker     d.u.i.k.n.KeyIO           Parsing took 0 ms 
582552     DEBUG Test worker     d.u.i.k.n.KeyIO           Load declarations of de.uka.ilkd.key.nparser.KeyAst$File:  <unknown>:1#1 
582552     INFO  Test worker     d.u.i.k.n.KeyIO           MODE: declarations took 0 ms 
582552     DEBUG Test worker     d.u.i.k.n.KeyIO           MODE: 2nd degree decls took 0 
582552     INFO  Test worker     d.u.i.k.n.KeyIO           Parsing took 0 ms 
582552     DEBUG Test worker     d.u.i.k.n.KeyIO           Load declarations of de.uka.ilkd.key.nparser.KeyAst$File:  <unknown>:1#1 
582552     INFO  Test worker     d.u.i.k.n.KeyIO           MODE: declarations took 0 ms 
582552     DEBUG Test worker     d.u.i.k.n.KeyIO           MODE: 2nd degree decls took 0 
582552     INFO  Test worker     d.u.i.k.n.KeyIO           Parsing took 0 ms 
582552     DEBUG Test worker     d.u.i.k.n.KeyIO           Load declarations of de.uka.ilkd.key.nparser.KeyAst$File:  <unknown>:1#1 
582552     INFO  Test worker     d.u.i.k.n.KeyIO           MODE: declarations took 0 ms 
582552     DEBUG Test worker     d.u.i.k.n.KeyIO           MODE: 2nd degree decls took 0 
587122     INFO  Test worker     d.u.i.k.n.KeyIO           Parsing took 0 ms 
587122     DEBUG Test worker     d.u.i.k.n.KeyIO           Load declarations of de.uka.ilkd.key.nparser.KeyAst$File:  <unknown>:1#1 
587122     INFO  Test worker     d.u.i.k.n.KeyIO           MODE: declarations took 0 ms 
587122     DEBUG Test worker     d.u.i.k.n.KeyIO           MODE: 2nd degree decls took 0 
587122     INFO  Test worker     d.u.i.k.n.KeyIO           Parsing took 0 ms 
587122     DEBUG Test worker     d.u.i.k.n.KeyIO           Load declarations of de.uka.ilkd.key.nparser.KeyAst$File:  <unknown>:1#1 
587122     INFO  Test worker     d.u.i.k.n.KeyIO           MODE: declarations took 0 ms 
587122     DEBUG Test worker     d.u.i.k.n.KeyIO           MODE: 2nd degree decls took 0 
587122     INFO  Test worker     d.u.i.k.n.KeyIO           Parsing took 0 ms 
587122     DEBUG Test worker     d.u.i.k.n.KeyIO           Load declarations of de.uka.ilkd.key.nparser.KeyAst$File:  <unknown>:1#1 
587122     INFO  Test worker     d.u.i.k.n.KeyIO           MODE: declarations took 0 ms 
587122     DEBUG Test worker     d.u.i.k.n.KeyIO           MODE: 2nd degree decls took 0 
587122     INFO  Test worker     d.u.i.k.n.KeyIO           Parsing took 0 ms 
587122     DEBUG Test worker     d.u.i.k.n.KeyIO           Load declarations of de.uka.ilkd.key.nparser.KeyAst$File:  <unknown>:1#1 
587122     INFO  Test worker     d.u.i.k.n.KeyIO           MODE: declarations took 0 ms 
587122     DEBUG Test worker     d.u.i.k.n.KeyIO           MODE: 2nd degree decls took 0 
587122     INFO  Test worker     d.u.i.k.n.KeyIO           Parsing took 0 ms 
587122     DEBUG Test worker     d.u.i.k.n.KeyIO           Load declarations of de.uka.ilkd.key.nparser.KeyAst$File:  <unknown>:1#1 
587122     INFO  Test worker     d.u.i.k.n.KeyIO           MODE: declarations took 0 ms 
587122     DEBUG Test worker     d.u.i.k.n.KeyIO           MODE: 2nd degree decls took 0 
591831     INFO  Test worker     d.u.i.k.n.KeyIO           Parsing took 0 ms 
591831     DEBUG Test worker     d.u.i.k.n.KeyIO           Load declarations of de.uka.ilkd.key.nparser.KeyAst$File:  <unknown>:1#1 
591831     INFO  Test worker     d.u.i.k.n.KeyIO           MODE: declarations took 0 ms 
591831     DEBUG Test worker     d.u.i.k.n.KeyIO           MODE: 2nd degree decls took 0 
591831     INFO  Test worker     d.u.i.k.n.KeyIO           Parsing took 0 ms 
591831     DEBUG Test worker     d.u.i.k.n.KeyIO           Load declarations of de.uka.ilkd.key.nparser.KeyAst$File:  <unknown>:1#1 
591847     INFO  Test worker     d.u.i.k.n.KeyIO           MODE: declarations took 0 ms 
591847     DEBUG Test worker     d.u.i.k.n.KeyIO           MODE: 2nd degree decls took 0 
591847     INFO  Test worker     d.u.i.k.n.KeyIO           Parsing took 0 ms 
591847     DEBUG Test worker     d.u.i.k.n.KeyIO           Load declarations of de.uka.ilkd.key.nparser.KeyAst$File:  <unknown>:1#1 
591847     INFO  Test worker     d.u.i.k.n.KeyIO           MODE: declarations took 0 ms 
591847     DEBUG Test worker     d.u.i.k.n.KeyIO           MODE: 2nd degree decls took 0 
591847     INFO  Test worker     d.u.i.k.n.KeyIO           Parsing took 0 ms 
591847     DEBUG Test worker     d.u.i.k.n.KeyIO           Load declarations of de.uka.ilkd.key.nparser.KeyAst$File:  <unknown>:1#1 
591847     INFO  Test worker     d.u.i.k.n.KeyIO           MODE: declarations took 0 ms 
591847     DEBUG Test worker     d.u.i.k.n.KeyIO           MODE: 2nd degree decls took 0 
591847     INFO  Test worker     d.u.i.k.n.KeyIO           Parsing took 0 ms 
591847     DEBUG Test worker     d.u.i.k.n.KeyIO           Load declarations of de.uka.ilkd.key.nparser.KeyAst$File:  <unknown>:1#1 
591847     INFO  Test worker     d.u.i.k.n.KeyIO           MODE: declarations took 0 ms 
591847     DEBUG Test worker     d.u.i.k.n.KeyIO           MODE: 2nd degree decls took 0 
596631     INFO  Test worker     d.u.i.k.n.KeyIO           Parsing took 0 ms 
596631     DEBUG Test worker     d.u.i.k.n.KeyIO           Load declarations of de.uka.ilkd.key.nparser.KeyAst$File:  <unknown>:1#1 
596631     INFO  Test worker     d.u.i.k.n.KeyIO           MODE: declarations took 0 ms 
596631     DEBUG Test worker     d.u.i.k.n.KeyIO           MODE: 2nd degree decls took 0 
596631     INFO  Test worker     d.u.i.k.n.KeyIO           Parsing took 0 ms 
596631     DEBUG Test worker     d.u.i.k.n.KeyIO           Load declarations of de.uka.ilkd.key.nparser.KeyAst$File:  <unknown>:1#1 
596631     INFO  Test worker     d.u.i.k.n.KeyIO           MODE: declarations took 0 ms 
596631     DEBUG Test worker     d.u.i.k.n.KeyIO           MODE: 2nd degree decls took 0 
596631     INFO  Test worker     d.u.i.k.n.KeyIO           Parsing took 0 ms 
596631     DEBUG Test worker     d.u.i.k.n.KeyIO           Load declarations of de.uka.ilkd.key.nparser.KeyAst$File:  <unknown>:1#1 
596631     INFO  Test worker     d.u.i.k.n.KeyIO           MODE: declarations took 0 ms 
596631     DEBUG Test worker     d.u.i.k.n.KeyIO           MODE: 2nd degree decls took 0 
596631     INFO  Test worker     d.u.i.k.n.KeyIO           Parsing took 0 ms 
596631     DEBUG Test worker     d.u.i.k.n.KeyIO           Load declarations of de.uka.ilkd.key.nparser.KeyAst$File:  <unknown>:1#1 
596631     INFO  Test worker     d.u.i.k.n.KeyIO           MODE: declarations took 0 ms 
596631     DEBUG Test worker     d.u.i.k.n.KeyIO           MODE: 2nd degree decls took 0 
596631     INFO  Test worker     d.u.i.k.n.KeyIO           Parsing took 0 ms 
596631     DEBUG Test worker     d.u.i.k.n.KeyIO           Load declarations of de.uka.ilkd.key.nparser.KeyAst$File:  <unknown>:1#1 
596631     INFO  Test worker     d.u.i.k.n.KeyIO           MODE: declarations took 0 ms 
596631     DEBUG Test worker     d.u.i.k.n.KeyIO           MODE: 2nd degree decls took 0 
]]></system-out>
  <system-err><![CDATA[]]></system-err>
</testsuite>
