<?xml version="1.0" encoding="UTF-8"?>
<testsuite name="de.uka.ilkd.key.rule.loop.LoopScopeInvRuleTests" tests="1" skipped="0" failures="0" errors="0" timestamp="2023-06-06T11:06:09" hostname="fv-az365-768" time="6.268">
  <properties/>
  <testcase name="testDoAutomaticProofOfBenchmarkWithLabeledBreaksAndContinues()" classname="de.uka.ilkd.key.rule.loop.LoopScopeInvRuleTests" time="6.268"/>
  <system-out><![CDATA[643620     INFO  Test worker     d.u.i.k.p.i.AbstractProblemLoader Loading environment from src\test\resources\testcase\loopScopeInvRule\Test.key 
643620     DEBUG Test worker     d.u.i.k.p.i.AbstractProblemLoader Environment load took 196.1ns 
643620     INFO  Test worker     d.u.i.k.p.i.AbstractProblemLoader Creating init config 
643791     DEBUG Test worker     d.u.i.k.j.TypeConverter   No LDT found for Meta 
643791     DEBUG Test worker     d.u.i.k.j.TypeConverter   No LDT found for Meta 
643791     DEBUG Test worker     d.u.i.k.j.TypeConverter   No LDT found for Meta 
643791     DEBUG Test worker     d.u.i.k.j.TypeConverter   No LDT found for Meta 
644542     DEBUG Test worker     d.u.i.k.j.TypeConverter   No LDT found for JavaBigintExpression 
649076     DEBUG Test worker     d.u.i.k.p.i.AbstractProblemLoader Init config took 5.46s 
649123     INFO  Test worker     d.u.i.k.p.i.AbstractProblemLoader Replaying proof Test[Test::loopScopeRuleBenchmark(int,boolean)].JML normal_behavior operation contract.0 
649123     DEBUG Test worker     d.u.i.k.p.i.IntermediateProofReplayer Proof replay took 25.6ns 
]]></system-out>
  <system-err><![CDATA[]]></system-err>
</testsuite>
