<?xml version="1.0" encoding="UTF-8"?>
<testsuite name="de.uka.ilkd.key.parser.TestTermParserSorts" tests="2" skipped="0" failures="0" errors="0" timestamp="2023-06-06T11:05:26" hostname="fv-az365-768" time="4.695">
  <properties/>
  <testcase name="testParseIntegerArgs()" classname="de.uka.ilkd.key.parser.TestTermParserSorts" time="0.062"/>
  <testcase name="testParseSequencePrettySyntax()" classname="de.uka.ilkd.key.parser.TestTermParserSorts" time="0.003"/>
  <system-out><![CDATA[601133     INFO  Test worker     d.u.i.k.n.KeyIO           Parsing took 0 ms 
601133     DEBUG Test worker     d.u.i.k.n.KeyIO           Load declarations of de.uka.ilkd.key.nparser.KeyAst$File:  <unknown>:1#1 
601133     INFO  Test worker     d.u.i.k.n.KeyIO           MODE: declarations took 0 ms 
601133     DEBUG Test worker     d.u.i.k.n.KeyIO           MODE: 2nd degree decls took 0 
601133     INFO  Test worker     d.u.i.k.n.KeyIO           Parsing took 0 ms 
601133     DEBUG Test worker     d.u.i.k.n.KeyIO           Load declarations of de.uka.ilkd.key.nparser.KeyAst$File:  <unknown>:1#1 
601133     INFO  Test worker     d.u.i.k.n.KeyIO           MODE: declarations took 0 ms 
601133     DEBUG Test worker     d.u.i.k.n.KeyIO           MODE: 2nd degree decls took 0 
601133     INFO  Test worker     d.u.i.k.n.KeyIO           Parsing took 0 ms 
601133     DEBUG Test worker     d.u.i.k.n.KeyIO           Load declarations of de.uka.ilkd.key.nparser.KeyAst$File:  <unknown>:1#1 
601133     INFO  Test worker     d.u.i.k.n.KeyIO           MODE: declarations took 0 ms 
601133     DEBUG Test worker     d.u.i.k.n.KeyIO           MODE: 2nd degree decls took 0 
605810     INFO  Test worker     d.u.i.k.n.KeyIO           Parsing took 0 ms 
605810     DEBUG Test worker     d.u.i.k.n.KeyIO           Load declarations of de.uka.ilkd.key.nparser.KeyAst$File:  <unknown>:1#1 
605810     INFO  Test worker     d.u.i.k.n.KeyIO           MODE: declarations took 0 ms 
605810     DEBUG Test worker     d.u.i.k.n.KeyIO           MODE: 2nd degree decls took 0 
605810     INFO  Test worker     d.u.i.k.n.KeyIO           Parsing took 0 ms 
605810     DEBUG Test worker     d.u.i.k.n.KeyIO           Load declarations of de.uka.ilkd.key.nparser.KeyAst$File:  <unknown>:1#1 
605810     INFO  Test worker     d.u.i.k.n.KeyIO           MODE: declarations took 0 ms 
605810     DEBUG Test worker     d.u.i.k.n.KeyIO           MODE: 2nd degree decls took 0 
605810     INFO  Test worker     d.u.i.k.n.KeyIO           Parsing took 0 ms 
605810     DEBUG Test worker     d.u.i.k.n.KeyIO           Load declarations of de.uka.ilkd.key.nparser.KeyAst$File:  <unknown>:1#1 
605810     INFO  Test worker     d.u.i.k.n.KeyIO           MODE: declarations took 0 ms 
605810     DEBUG Test worker     d.u.i.k.n.KeyIO           MODE: 2nd degree decls took 0 
]]></system-out>
  <system-err><![CDATA[]]></system-err>
</testsuite>
