<?xml version="1.0" encoding="UTF-8"?>
<testsuite name="de.uka.ilkd.key.proof.TestOneStepSimplifier" tests="1" skipped="0" failures="0" errors="0" timestamp="2023-06-06T11:05:31" hostname="fv-az365-768" time="6.317">
  <properties/>
  <testcase name="loadWithRestriction()" classname="de.uka.ilkd.key.proof.TestOneStepSimplifier" time="6.317"/>
  <system-out><![CDATA[605872     INFO  Test worker     d.u.i.k.p.i.AbstractProblemLoader Loading environment from src\test\resources\testcase\ossRestriction.proof 
605872     DEBUG Test worker     d.u.i.k.p.i.AbstractProblemLoader Environment load took 206.1ns 
605872     INFO  Test worker     d.u.i.k.p.i.AbstractProblemLoader Creating init config 
606232     DEBUG Test worker     d.u.i.k.j.TypeConverter   No LDT found for Meta 
606232     DEBUG Test worker     d.u.i.k.j.TypeConverter   No LDT found for Meta 
606232     DEBUG Test worker     d.u.i.k.j.TypeConverter   No LDT found for Meta 
606232     DEBUG Test worker     d.u.i.k.j.TypeConverter   No LDT found for Meta 
606951     DEBUG Test worker     d.u.i.k.j.TypeConverter   No LDT found for JavaBigintExpression 
612143     DEBUG Test worker     d.u.i.k.p.i.AbstractProblemLoader Init config took 6.27s 
612174     INFO  Test worker     d.u.i.k.p.i.AbstractProblemLoader Replaying proof ossRestriction.proof 
612174     DEBUG Test worker     d.u.i.k.p.i.IntermediateProofReplayer Proof replay took 949.2ns 
]]></system-out>
  <system-err><![CDATA[]]></system-err>
</testsuite>
