<?xml version="1.0" encoding="UTF-8"?>
<testsuite name="de.uka.ilkd.key.rule.merge.PredicateAbstractionLatticeTests" tests="3" skipped="0" failures="0" errors="0" timestamp="2023-03-03T19:14:14" hostname="fv-az796-421" time="5.654">
  <properties/>
  <testcase name="testToAndFromString()" classname="de.uka.ilkd.key.rule.merge.PredicateAbstractionLatticeTests" time="2.861"/>
  <testcase name="testCreateSignLatticeWithPredicates()" classname="de.uka.ilkd.key.rule.merge.PredicateAbstractionLatticeTests" time="2.792"/>
  <testcase name="testTrivialPredicatesLattice()" classname="de.uka.ilkd.key.rule.merge.PredicateAbstractionLatticeTests" time="0.0"/>
  <system-out><![CDATA[]]></system-out>
  <system-err><![CDATA[]]></system-err>
</testsuite>
