<?xml version="1.0" encoding="UTF-8"?>
<testsuite name="org.key_project.util.collection.TestImmutables" tests="8" skipped="0" failures="0" errors="0" timestamp="2023-02-02T21:40:31" hostname="fv-az410-317" time="0.371">
  <properties/>
  <testcase name="testRemoveDuplicates()" classname="org.key_project.util.collection.TestImmutables" time="0.03"/>
  <testcase name="testIntersectEmpty()" classname="org.key_project.util.collection.TestImmutables" time="0.001"/>
  <testcase name="testUnion()" classname="org.key_project.util.collection.TestImmutables" time="0.315"/>
  <testcase name="testRemoveDuplicatesLarge()" classname="org.key_project.util.collection.TestImmutables" time="0.001"/>
  <testcase name="testRemoveDuplicatesIdentical()" classname="org.key_project.util.collection.TestImmutables" time="0.001"/>
  <testcase name="testIsDuplicateFree()" classname="org.key_project.util.collection.TestImmutables" time="0.001"/>
  <testcase name="testHashCodes()" classname="org.key_project.util.collection.TestImmutables" time="0.01"/>
  <testcase name="testEqualityEmpty()" classname="org.key_project.util.collection.TestImmutables" time="0.001"/>
  <system-out><![CDATA[]]></system-out>
  <system-err><![CDATA[]]></system-err>
</testsuite>
