<?xml version="1.0" encoding="UTF-8"?>
<testsuite name="org.key_project.util.testcase.collection.TestMapAsListFromIntegerToString" tests="7" skipped="0" failures="0" errors="0" timestamp="2023-03-03T20:57:40" hostname="fv-az562-313" time="0.092">
  <properties/>
  <testcase name="testMapCanContainSameValueWithDifferentKeys()" classname="org.key_project.util.testcase.collection.TestMapAsListFromIntegerToString" time="0.028"/>
  <testcase name="testSpecialCases()" classname="org.key_project.util.testcase.collection.TestMapAsListFromIntegerToString" time="0.001"/>
  <testcase name="testRemoveAllMappingToSpecifiedValue()" classname="org.key_project.util.testcase.collection.TestMapAsListFromIntegerToString" time="0.011"/>
  <testcase name="testMapEntriesAreTheSameThatHaveBeenPutInside()" classname="org.key_project.util.testcase.collection.TestMapAsListFromIntegerToString" time="0.03"/>
  <testcase name="testRemoveOneMappingWithSpecifiedKey()" classname="org.key_project.util.testcase.collection.TestMapAsListFromIntegerToString" time="0.001"/>
  <testcase name="testReplaceIfSameKeyWithNewValueIsPutInMap()" classname="org.key_project.util.testcase.collection.TestMapAsListFromIntegerToString" time="0.001"/>
  <testcase name="testImmutability()" classname="org.key_project.util.testcase.collection.TestMapAsListFromIntegerToString" time="0.001"/>
  <system-out><![CDATA[]]></system-out>
  <system-err><![CDATA[]]></system-err>
</testsuite>
