<?xml version="1.0" encoding="UTF-8"?>
<testsuite name="de.uka.ilkd.key.symbolic_execution.testcase.strategy.TestStepReturnSymbolicExecutionTreeNodesStopCondition" tests="1" skipped="0" failures="0" errors="0" timestamp="2023-04-04T11:04:16" hostname="fv-az502-746" time="4.908">
  <properties/>
  <testcase name="testStepReturn()" classname="de.uka.ilkd.key.symbolic_execution.testcase.strategy.TestStepReturnSymbolicExecutionTreeNodesStopCondition" time="4.908"/>
  <system-out><![CDATA[]]></system-out>
  <system-err><![CDATA[]]></system-err>
</testsuite>
