<?xml version="1.0" encoding="UTF-8"?>
<testsuite name="de.uka.ilkd.key.nparser.ParseLDTsTests" tests="2" skipped="0" failures="0" errors="0" timestamp="2023-04-03T11:36:17" hostname="fv-az571-892" time="0.98">
  <properties/>
  <testcase name="testLDT()" classname="de.uka.ilkd.key.nparser.ParseLDTsTests" time="0.016"/>
  <testcase name="testSR()" classname="de.uka.ilkd.key.nparser.ParseLDTsTests" time="0.963"/>
  <system-out><![CDATA[]]></system-out>
  <system-err><![CDATA[]]></system-err>
</testsuite>
