<?xml version="1.0" encoding="UTF-8"?>
<testsuite name="recoder.testsuite.basic.analysis.ReferenceCompletenessTest" tests="1" skipped="0" failures="0" errors="0" timestamp="2023-03-03T15:18:53" hostname="fv-az365-192" time="0.002">
  <properties/>
  <testcase name="testReferenceCompleteness" classname="recoder.testsuite.basic.analysis.ReferenceCompletenessTest" time="0.002"/>
  <system-out><![CDATA[]]></system-out>
  <system-err><![CDATA[]]></system-err>
</testsuite>
