<?xml version="1.0" encoding="UTF-8"?>
<testsuite name="de.uka.ilkd.key.proof.runallproofs.RunAllProofsFunctional" tests="34" skipped="0" failures="0" errors="0" timestamp="2023-04-20T10:11:33" hostname="fv-az341-12" time="5113.537">
  <properties/>
  <testcase name="newBook" classname="de.uka.ilkd.key.proof.runallproofs.RunAllProofsFunctional" time="57.247"/>
  <testcase name="oldBook" classname="de.uka.ilkd.key.proof.runallproofs.RunAllProofsFunctional" time="16.624"/>
  <testcase name="comprehensions" classname="de.uka.ilkd.key.proof.runallproofs.RunAllProofsFunctional" time="61.735"/>
  <testcase name="performance" classname="de.uka.ilkd.key.proof.runallproofs.RunAllProofsFunctional" time="218.475"/>
  <testcase name="performancePOConstruction" classname="de.uka.ilkd.key.proof.runallproofs.RunAllProofsFunctional" time="71.351"/>
  <testcase name="applicationRestrictions" classname="de.uka.ilkd.key.proof.runallproofs.RunAllProofsFunctional" time="46.117"/>
  <testcase name="blockContracts" classname="de.uka.ilkd.key.proof.runallproofs.RunAllProofsFunctional" time="133.959"/>
  <testcase name="jmlAsserts" classname="de.uka.ilkd.key.proof.runallproofs.RunAllProofsFunctional" time="87.319"/>
  <testcase name="javaCard" classname="de.uka.ilkd.key.proof.runallproofs.RunAllProofsFunctional" time="122.133"/>
  <testcase name="list" classname="de.uka.ilkd.key.proof.runallproofs.RunAllProofsFunctional" time="255.002"/>
  <testcase name="list_ghost" classname="de.uka.ilkd.key.proof.runallproofs.RunAllProofsFunctional" time="63.862"/>
  <testcase name="list_recursive" classname="de.uka.ilkd.key.proof.runallproofs.RunAllProofsFunctional" time="21.312"/>
  <testcase name="list_seq" classname="de.uka.ilkd.key.proof.runallproofs.RunAllProofsFunctional" time="159.353"/>
  <testcase name="observer" classname="de.uka.ilkd.key.proof.runallproofs.RunAllProofsFunctional" time="95.066"/>
  <testcase name="removeDups" classname="de.uka.ilkd.key.proof.runallproofs.RunAllProofsFunctional" time="135.68"/>
  <testcase name="quicksort" classname="de.uka.ilkd.key.proof.runallproofs.RunAllProofsFunctional" time="101.286"/>
  <testcase name="simpleTests" classname="de.uka.ilkd.key.proof.runallproofs.RunAllProofsFunctional" time="160.568"/>
  <testcase name="SmansEtAl" classname="de.uka.ilkd.key.proof.runallproofs.RunAllProofsFunctional" time="189.728"/>
  <testcase name="VACID0" classname="de.uka.ilkd.key.proof.runallproofs.RunAllProofsFunctional" time="70.767"/>
  <testcase name="VSTTE10" classname="de.uka.ilkd.key.proof.runallproofs.RunAllProofsFunctional" time="174.388"/>
  <testcase name="WeideEtAl" classname="de.uka.ilkd.key.proof.runallproofs.RunAllProofsFunctional" time="26.965"/>
  <testcase name="arithmetic" classname="de.uka.ilkd.key.proof.runallproofs.RunAllProofsFunctional" time="462.401"/>
  <testcase name="arrays" classname="de.uka.ilkd.key.proof.runallproofs.RunAllProofsFunctional" time="53.059"/>
  <testcase name="javadl" classname="de.uka.ilkd.key.proof.runallproofs.RunAllProofsFunctional" time="621.338"/>
  <testcase name="FOL" classname="de.uka.ilkd.key.proof.runallproofs.RunAllProofsFunctional" time="259.185"/>
  <testcase name="strings" classname="de.uka.ilkd.key.proof.runallproofs.RunAllProofsFunctional" time="153.866"/>
  <testcase name="simple_info_flow" classname="de.uka.ilkd.key.proof.runallproofs.RunAllProofsFunctional" time="12.834"/>
  <testcase name="modelMethods" classname="de.uka.ilkd.key.proof.runallproofs.RunAllProofsFunctional" time="178.013"/>
  <testcase name="permissionHeap" classname="de.uka.ilkd.key.proof.runallproofs.RunAllProofsFunctional" time="816.578"/>
  <testcase name="completionScopes" classname="de.uka.ilkd.key.proof.runallproofs.RunAllProofsFunctional" time="47.384"/>
  <testcase name="reload_examples" classname="de.uka.ilkd.key.proof.runallproofs.RunAllProofsFunctional" time="40.905"/>
  <testcase name="proofLoadRepair" classname="de.uka.ilkd.key.proof.runallproofs.RunAllProofsFunctional" time="18.454"/>
  <testcase name="switch" classname="de.uka.ilkd.key.proof.runallproofs.RunAllProofsFunctional" time="59.917"/>
  <testcase name="redux" classname="de.uka.ilkd.key.proof.runallproofs.RunAllProofsFunctional" time="120.636"/>
  <system-out><![CDATA[578        INFO  Test worker     d.u.i.k.p.r.RunAllProofsTestUnit Running test newBook 
347        INFO  Timeout watchdog d.u.i.k.p.r.p.ForkedTestFileRunner Timeout watcher launched (2000 secs.) 
357        WARN  main            d.u.i.k.s.ProofSettings   No proof-settings could be loaded, using defaults java.io.FileNotFoundException: /home/runner/.key/proof-settings.props (No such file or directory)
	at java.base/java.io.FileInputStream.open0(Native Method)

405        INFO  main            d.u.i.k.p.r.p.TestFile    Now processing file /home/runner/work/key/key/key.core/../key.ui/examples/newBook/09.list_modelfield/ArrayList.add.key 
547        INFO  main            d.u.i.k.p.i.AbstractProblemLoader Loading environment from /home/runner/work/key/key/key.core/../key.ui/examples/newBook/09.list_modelfield/ArrayList.add.key 
563        DEBUG main            d.u.i.k.p.i.AbstractProblemLoader Environment load took 2.47ms 
779        INFO  main            d.u.i.k.p.i.AbstractProblemLoader Creating init config 
1589       DEBUG main            d.u.i.k.j.TypeConverter   No LDT found for Meta 
1589       DEBUG main            d.u.i.k.j.TypeConverter   No LDT found for Meta 
1591       DEBUG main            d.u.i.k.j.TypeConverter   No LDT found for Meta 
1591       DEBUG main            d.u.i.k.j.TypeConverter   No LDT found for Meta 
2946       DEBUG main            d.u.i.k.j.TypeConverter   No LDT found for JavaBigintExpression 
7817       DEBUG main            d.u.i.k.p.i.AbstractProblemLoader Init config took 7.04s 
7947       INFO  main            d.u.i.k.p.i.AbstractProblemLoader Replaying proof ArrayList[List::add(int)].JML normal_behavior operation contract.0 
7976       DEBUG main            d.u.i.k.p.i.IntermediateProofReplayer Proof replay took 28.2ns 
23846      INFO  main            d.u.i.k.p.r.p.TestFile    ... finished proof: closed. 
24070      INFO  main            d.u.i.k.p.i.AbstractProblemLoader Loading environment from /home/runner/work/key/key/key.core/../key.ui/examples/newBook/09.list_modelfield/ArrayList.add.key.proof 
24070      DEBUG main            d.u.i.k.p.i.AbstractProblemLoader Environment load took 168.4ns 
24077      INFO  main            d.u.i.k.p.i.AbstractProblemLoader Creating init config 
26831      DEBUG main            d.u.i.k.p.i.AbstractProblemLoader Init config took 2.75s 
26892      INFO  main            d.u.i.k.p.i.AbstractProblemLoader Replaying proof ArrayList[List::add(int)].JML normal_behavior operation contract.0 
28228      DEBUG main            d.u.i.k.p.i.IntermediateProofReplayer Proof replay took 1.27s 
28240      DEBUG main            d.u.i.k.p.r.p.TestFile    ... success: reloaded. 
28247      INFO  main            d.u.i.k.p.r.p.TestFile    Now processing file /home/runner/work/key/key/key.core/../key.ui/examples/newBook/09.list_modelfield/ArrayList.remFirst.key 
28247      INFO  main            d.u.i.k.p.i.AbstractProblemLoader Loading environment from /home/runner/work/key/key/key.core/../key.ui/examples/newBook/09.list_modelfield/ArrayList.remFirst.key 
28248      DEBUG main            d.u.i.k.p.i.AbstractProblemLoader Environment load took 612.2ns 
28252      INFO  main            d.u.i.k.p.i.AbstractProblemLoader Creating init config 
31054      DEBUG main            d.u.i.k.p.i.AbstractProblemLoader Init config took 2.8s 
31109      INFO  main            d.u.i.k.p.i.AbstractProblemLoader Replaying proof ArrayList[List::remFirst()].JML normal_behavior operation contract.0 
31115      DEBUG main            d.u.i.k.p.i.IntermediateProofReplayer Proof replay took 14ns 
34974      INFO  main            d.u.i.k.p.r.p.TestFile    ... finished proof: closed. 
35152      INFO  main            d.u.i.k.p.i.AbstractProblemLoader Loading environment from /home/runner/work/key/key/key.core/../key.ui/examples/newBook/09.list_modelfield/ArrayList.remFirst.key.proof 
35153      DEBUG main            d.u.i.k.p.i.AbstractProblemLoader Environment load took 128.5ns 
35156      INFO  main            d.u.i.k.p.i.AbstractProblemLoader Creating init config 
37695      DEBUG main            d.u.i.k.p.i.AbstractProblemLoader Init config took 2.54s 
37779      INFO  main            d.u.i.k.p.i.AbstractProblemLoader Replaying proof ArrayList[List::remFirst()].JML normal_behavior operation contract.0 
38365      DEBUG main            d.u.i.k.p.i.IntermediateProofReplayer Proof replay took 565.1ms 
38371      DEBUG main            d.u.i.k.p.r.p.TestFile    ... success: reloaded. 
38372      INFO  main            d.u.i.k.p.r.p.TestFile    Now processing file /home/runner/work/key/key/key.core/../key.ui/examples/newBook/09.list_modelfield/ArrayList.empty.key 
38372      INFO  main            d.u.i.k.p.i.AbstractProblemLoader Loading environment from /home/runner/work/key/key/key.core/../key.ui/examples/newBook/09.list_modelfield/ArrayList.empty.key 
38373      DEBUG main            d.u.i.k.p.i.AbstractProblemLoader Environment load took 824.6ns 
38375      INFO  main            d.u.i.k.p.i.AbstractProblemLoader Creating init config 
41026      DEBUG main            d.u.i.k.p.i.AbstractProblemLoader Init config took 2.65s 
41077      INFO  main            d.u.i.k.p.i.AbstractProblemLoader Replaying proof ArrayList[List::empty()].JML normal_behavior operation contract.0 
41079      DEBUG main            d.u.i.k.p.i.IntermediateProofReplayer Proof replay took 5.2ns 
41997      INFO  main            d.u.i.k.p.r.p.TestFile    ... finished proof: closed. 
42196      INFO  main            d.u.i.k.p.i.AbstractProblemLoader Loading environment from /home/runner/work/key/key/key.core/../key.ui/examples/newBook/09.list_modelfield/ArrayList.empty.key.proof 
42197      DEBUG main            d.u.i.k.p.i.AbstractProblemLoader Environment load took 1.21ms 
42199      INFO  main            d.u.i.k.p.i.AbstractProblemLoader Creating init config 
44678      DEBUG main            d.u.i.k.p.i.AbstractProblemLoader Init config took 2.48s 
44722      INFO  main            d.u.i.k.p.i.AbstractProblemLoader Replaying proof ArrayList[List::empty()].JML normal_behavior operation contract.0 
44840      DEBUG main            d.u.i.k.p.i.IntermediateProofReplayer Proof replay took 113.52ms 
44841      DEBUG main            d.u.i.k.p.r.p.TestFile    ... success: reloaded. 
44842      INFO  main            d.u.i.k.p.r.p.TestFile    Now processing file /home/runner/work/key/key/key.core/../key.ui/examples/newBook/09.list_modelfield/ArrayList.size.key 
44842      INFO  main            d.u.i.k.p.i.AbstractProblemLoader Loading environment from /home/runner/work/key/key/key.core/../key.ui/examples/newBook/09.list_modelfield/ArrayList.size.key 
44842      DEBUG main            d.u.i.k.p.i.AbstractProblemLoader Environment load took 56.8ns 
44843      INFO  main            d.u.i.k.p.i.AbstractProblemLoader Creating init config 
47380      DEBUG main            d.u.i.k.p.i.AbstractProblemLoader Init config took 2.54s 
47424      INFO  main            d.u.i.k.p.i.AbstractProblemLoader Replaying proof ArrayList[List::size()].JML normal_behavior operation contract.0 
47425      DEBUG main            d.u.i.k.p.i.IntermediateProofReplayer Proof replay took 4.9ns 
47831      INFO  main            d.u.i.k.p.r.p.TestFile    ... finished proof: closed. 
47991      INFO  main            d.u.i.k.p.i.AbstractProblemLoader Loading environment from /home/runner/work/key/key/key.core/../key.ui/examples/newBook/09.list_modelfield/ArrayList.size.key.proof 
47991      DEBUG main            d.u.i.k.p.i.AbstractProblemLoader Environment load took 111.9ns 
47992      INFO  main            d.u.i.k.p.i.AbstractProblemLoader Creating init config 
50476      DEBUG main            d.u.i.k.p.i.AbstractProblemLoader Init config took 2.48s 
50520      INFO  main            d.u.i.k.p.i.AbstractProblemLoader Replaying proof ArrayList[List::size()].JML normal_behavior operation contract.0 
50576      DEBUG main            d.u.i.k.p.i.IntermediateProofReplayer Proof replay took 51.71ms 
50577      DEBUG main            d.u.i.k.p.r.p.TestFile    ... success: reloaded. 
50578      INFO  main            d.u.i.k.p.r.p.TestFile    Now processing file /home/runner/work/key/key/key.core/../key.ui/examples/newBook/09.list_modelfield/ArrayList.get.key 
50579      INFO  main            d.u.i.k.p.i.AbstractProblemLoader Loading environment from /home/runner/work/key/key/key.core/../key.ui/examples/newBook/09.list_modelfield/ArrayList.get.key 
50579      DEBUG main            d.u.i.k.p.i.AbstractProblemLoader Environment load took 353.7ns 
50581      INFO  main            d.u.i.k.p.i.AbstractProblemLoader Creating init config 
53103      DEBUG main            d.u.i.k.p.i.AbstractProblemLoader Init config took 2.52s 
53161      INFO  main            d.u.i.k.p.i.AbstractProblemLoader Replaying proof ArrayList[List::get(int)].JML normal_behavior operation contract.0 
53163      DEBUG main            d.u.i.k.p.i.IntermediateProofReplayer Proof replay took 5.3ns 
54167      INFO  main            d.u.i.k.p.r.p.TestFile    ... finished proof: closed. 
54329      INFO  main            d.u.i.k.p.i.AbstractProblemLoader Loading environment from /home/runner/work/key/key/key.core/../key.ui/examples/newBook/09.list_modelfield/ArrayList.get.key.proof 
54330      DEBUG main            d.u.i.k.p.i.AbstractProblemLoader Environment load took 969.7ns 
54331      INFO  main            d.u.i.k.p.i.AbstractProblemLoader Creating init config 
56790      DEBUG main            d.u.i.k.p.i.AbstractProblemLoader Init config took 2.46s 
56834      INFO  main            d.u.i.k.p.i.AbstractProblemLoader Replaying proof ArrayList[List::get(int)].JML normal_behavior operation contract.0 
56956      DEBUG main            d.u.i.k.p.i.IntermediateProofReplayer Proof replay took 118.31ms 
56957      DEBUG main            d.u.i.k.p.r.p.TestFile    ... success: reloaded. 
57819      INFO  Test worker     d.u.i.k.p.r.RunAllProofsTestUnit Returning from test newBook 
57844      INFO  Test worker     d.u.i.k.p.r.RunAllProofsTestUnit Running test oldBook 
325        INFO  Timeout watchdog d.u.i.k.p.r.p.ForkedTestFileRunner Timeout watcher launched (2000 secs.) 
340        WARN  main            d.u.i.k.s.ProofSettings   The settings in /home/runner/.key/proof-settings.props are *not* read. 
367        INFO  main            d.u.i.k.p.r.p.TestFile    Now processing file /home/runner/work/key/key/key.core/../key.ui/examples/standard_key/BookExamples/02FirstOrderLogic/Ex2.58.key 
478        INFO  main            d.u.i.k.p.i.AbstractProblemLoader Loading environment from /home/runner/work/key/key/key.core/../key.ui/examples/standard_key/BookExamples/02FirstOrderLogic/Ex2.58.key 
495        DEBUG main            d.u.i.k.p.i.AbstractProblemLoader Environment load took 3.62ms 
732        INFO  main            d.u.i.k.p.i.AbstractProblemLoader Creating init config 
1625       DEBUG main            d.u.i.k.j.TypeConverter   No LDT found for Meta 
1626       DEBUG main            d.u.i.k.j.TypeConverter   No LDT found for Meta 
1629       DEBUG main            d.u.i.k.j.TypeConverter   No LDT found for Meta 
1629       DEBUG main            d.u.i.k.j.TypeConverter   No LDT found for Meta 
2869       DEBUG main            d.u.i.k.j.TypeConverter   No LDT found for JavaBigintExpression 
7692       DEBUG main            d.u.i.k.p.i.AbstractProblemLoader Init config took 6.96s 
7770       INFO  main            d.u.i.k.p.i.AbstractProblemLoader Replaying proof Ex2.58.key 
7799       DEBUG main            d.u.i.k.p.i.IntermediateProofReplayer Proof replay took 30.6ns 
7961       INFO  main            d.u.i.k.p.r.p.TestFile    ... finished proof: closed. 
8054       INFO  main            d.u.i.k.p.i.AbstractProblemLoader Loading environment from /home/runner/work/key/key/key.core/../key.ui/examples/standard_key/BookExamples/02FirstOrderLogic/Ex2.58.key.proof 
8055       DEBUG main            d.u.i.k.p.i.AbstractProblemLoader Environment load took 129.6ns 
8059       INFO  main            d.u.i.k.p.i.AbstractProblemLoader Creating init config 
10692      DEBUG main            d.u.i.k.p.i.AbstractProblemLoader Init config took 2.63s 
10736      INFO  main            d.u.i.k.p.i.AbstractProblemLoader Replaying proof Ex2.58.key.proof 
10743      DEBUG main            d.u.i.k.p.i.IntermediateProofReplayer Proof replay took 3.1ms 
10753      DEBUG main            d.u.i.k.p.r.p.TestFile    ... success: reloaded. 
10754      INFO  main            d.u.i.k.p.r.p.TestFile    Now processing file /home/runner/work/key/key/key.core/../key.ui/examples/standard_key/BookExamples/03DynamicLogic/Sect3.3.1.key 
10755      INFO  main            d.u.i.k.p.i.AbstractProblemLoader Loading environment from /home/runner/work/key/key/key.core/../key.ui/examples/standard_key/BookExamples/03DynamicLogic/Sect3.3.1.key 
10755      DEBUG main            d.u.i.k.p.i.AbstractProblemLoader Environment load took 381.4ns 
10757      INFO  main            d.u.i.k.p.i.AbstractProblemLoader Creating init config 
13291      DEBUG main            d.u.i.k.p.i.AbstractProblemLoader Init config took 2.53s 
13322      INFO  main            d.u.i.k.p.i.AbstractProblemLoader Replaying proof Sect3.3.1.key 
13326      DEBUG main            d.u.i.k.p.i.IntermediateProofReplayer Proof replay took 5.8ns 
13735      INFO  main            d.u.i.k.p.r.p.TestFile    ... finished proof: closed. 
13852      INFO  main            d.u.i.k.p.i.AbstractProblemLoader Loading environment from /home/runner/work/key/key/key.core/../key.ui/examples/standard_key/BookExamples/03DynamicLogic/Sect3.3.1.key.proof 
13855      DEBUG main            d.u.i.k.p.i.AbstractProblemLoader Environment load took 3.04ms 
13859      INFO  main            d.u.i.k.p.i.AbstractProblemLoader Creating init config 
16365      DEBUG main            d.u.i.k.p.i.AbstractProblemLoader Init config took 2.51s 
16391      INFO  main            d.u.i.k.p.i.AbstractProblemLoader Replaying proof Sect3.3.1.key.proof 
16453      DEBUG main            d.u.i.k.p.i.IntermediateProofReplayer Proof replay took 57.41ms 
16455      DEBUG main            d.u.i.k.p.r.p.TestFile    ... success: reloaded. 
74466      INFO  Test worker     d.u.i.k.p.r.RunAllProofsTestUnit Returning from test oldBook 
74468      INFO  Test worker     d.u.i.k.p.r.RunAllProofsTestUnit Running test comprehensions 
340        INFO  Timeout watchdog d.u.i.k.p.r.p.ForkedTestFileRunner Timeout watcher launched (2000 secs.) 
349        WARN  main            d.u.i.k.s.ProofSettings   The settings in /home/runner/.key/proof-settings.props are *not* read. 
375        INFO  main            d.u.i.k.p.r.p.TestFile    Now processing file /home/runner/work/key/key/key.core/../key.ui/examples/heap/comprehensions/general_sum.key 
473        INFO  main            d.u.i.k.p.i.AbstractProblemLoader Loading environment from /home/runner/work/key/key/key.core/../key.ui/examples/heap/comprehensions/general_sum.key 
488        DEBUG main            d.u.i.k.p.i.AbstractProblemLoader Environment load took 1.66ms 
734        INFO  main            d.u.i.k.p.i.AbstractProblemLoader Creating init config 
1638       DEBUG main            d.u.i.k.j.TypeConverter   No LDT found for Meta 
1639       DEBUG main            d.u.i.k.j.TypeConverter   No LDT found for Meta 
1640       DEBUG main            d.u.i.k.j.TypeConverter   No LDT found for Meta 
1640       DEBUG main            d.u.i.k.j.TypeConverter   No LDT found for Meta 
2806       DEBUG main            d.u.i.k.j.TypeConverter   No LDT found for JavaBigintExpression 
7375       DEBUG main            d.u.i.k.p.i.AbstractProblemLoader Init config took 6.64s 
7516       INFO  main            d.u.i.k.p.i.AbstractProblemLoader Replaying proof GSum[GSum::doNothing()].JML operation contract.0 
7544       DEBUG main            d.u.i.k.p.i.IntermediateProofReplayer Proof replay took 31.3ns 
7971       INFO  main            d.u.i.k.p.r.p.TestFile    ... finished proof: closed. 
8068       INFO  main            d.u.i.k.p.i.AbstractProblemLoader Loading environment from /home/runner/work/key/key/key.core/../key.ui/examples/heap/comprehensions/general_sum.key.proof 
8068       DEBUG main            d.u.i.k.p.i.AbstractProblemLoader Environment load took 127.6ns 
8072       INFO  main            d.u.i.k.p.i.AbstractProblemLoader Creating init config 
10710      DEBUG main            d.u.i.k.p.i.AbstractProblemLoader Init config took 2.64s 
10782      INFO  main            d.u.i.k.p.i.AbstractProblemLoader Replaying proof GSum[GSum::doNothing()].JML operation contract.0 
10797      DEBUG main            d.u.i.k.p.i.IntermediateProofReplayer Proof replay took 11.4ms 
10803      DEBUG main            d.u.i.k.p.r.p.TestFile    ... success: reloaded. 
10803      INFO  main            d.u.i.k.p.r.p.TestFile    Now processing file /home/runner/work/key/key/key.core/../key.ui/examples/heap/comprehensions/sum0.key 
10804      INFO  main            d.u.i.k.p.i.AbstractProblemLoader Loading environment from /home/runner/work/key/key/key.core/../key.ui/examples/heap/comprehensions/sum0.key 
10804      DEBUG main            d.u.i.k.p.i.AbstractProblemLoader Environment load took 68.5ns 
10805      INFO  main            d.u.i.k.p.i.AbstractProblemLoader Creating init config 
13420      DEBUG main            d.u.i.k.p.i.AbstractProblemLoader Init config took 2.62s 
13480      INFO  main            d.u.i.k.p.i.AbstractProblemLoader Replaying proof Sum[Sum::sum0([I)].JML normal_behavior operation contract.0 
13483      DEBUG main            d.u.i.k.p.i.IntermediateProofReplayer Proof replay took 5.8ns 
13582      DEBUG Thread-4        d.u.i.k.l.l.OriginTermLabel commonFileName is null! 
13582      DEBUG Thread-4        d.u.i.k.l.l.OriginTermLabel commonFileName is null! 
13741      DEBUG Thread-4        d.u.i.k.l.l.OriginTermLabel commonFileName is null! 
13742      DEBUG Thread-4        d.u.i.k.l.l.OriginTermLabel commonFileName is null! 
13918      DEBUG Thread-4        d.u.i.k.l.l.OriginTermLabel commonFileName is null! 
14189      INFO  main            d.u.i.k.p.r.p.TestFile    ... finished proof: closed. 
14327      INFO  main            d.u.i.k.p.i.AbstractProblemLoader Loading environment from /home/runner/work/key/key/key.core/../key.ui/examples/heap/comprehensions/sum0.key.proof 
14332      DEBUG main            d.u.i.k.p.i.AbstractProblemLoader Environment load took 4.18ms 
14334      INFO  main            d.u.i.k.p.i.AbstractProblemLoader Creating init config 
16949      DEBUG main            d.u.i.k.p.i.AbstractProblemLoader Init config took 2.61s 
17001      INFO  main            d.u.i.k.p.i.AbstractProblemLoader Replaying proof Sum[Sum::sum0([I)].JML normal_behavior operation contract.0 
17035      DEBUG main            d.u.i.k.l.l.OriginTermLabel commonFileName is null! 
17036      DEBUG main            d.u.i.k.l.l.OriginTermLabel commonFileName is null! 
17095      DEBUG main            d.u.i.k.l.l.OriginTermLabel commonFileName is null! 
17144      DEBUG main            d.u.i.k.l.l.OriginTermLabel commonFileName is null! 
17145      DEBUG main            d.u.i.k.l.l.OriginTermLabel commonFileName is null! 
17148      DEBUG main            d.u.i.k.p.i.IntermediateProofReplayer Proof replay took 139.78ms 
17149      DEBUG main            d.u.i.k.p.r.p.TestFile    ... success: reloaded. 
17150      INFO  main            d.u.i.k.p.r.p.TestFile    Now processing file /home/runner/work/key/key/key.core/../key.ui/examples/heap/comprehensions/sum1.key 
17151      INFO  main            d.u.i.k.p.i.AbstractProblemLoader Loading environment from /home/runner/work/key/key/key.core/../key.ui/examples/heap/comprehensions/sum1.key 
17151      DEBUG main            d.u.i.k.p.i.AbstractProblemLoader Environment load took 435.1ns 
17154      INFO  main            d.u.i.k.p.i.AbstractProblemLoader Creating init config 
19674      DEBUG main            d.u.i.k.p.i.AbstractProblemLoader Init config took 2.52s 
19717      INFO  main            d.u.i.k.p.i.AbstractProblemLoader Replaying proof Sum[Sum::sum1([I)].JML normal_behavior operation contract.0 
19719      DEBUG main            d.u.i.k.p.i.IntermediateProofReplayer Proof replay took 5.2ns 
19774      DEBUG Thread-7        d.u.i.k.l.l.OriginTermLabel commonFileName is null! 
19774      DEBUG Thread-7        d.u.i.k.l.l.OriginTermLabel commonFileName is null! 
19912      DEBUG Thread-7        d.u.i.k.l.l.OriginTermLabel commonFileName is null! 
19912      DEBUG Thread-7        d.u.i.k.l.l.OriginTermLabel commonFileName is null! 
20027      DEBUG Thread-7        d.u.i.k.l.l.OriginTermLabel commonFileName is null! 
20223      INFO  main            d.u.i.k.p.r.p.TestFile    ... finished proof: closed. 
20370      INFO  main            d.u.i.k.p.i.AbstractProblemLoader Loading environment from /home/runner/work/key/key/key.core/../key.ui/examples/heap/comprehensions/sum1.key.proof 
20374      DEBUG main            d.u.i.k.p.i.AbstractProblemLoader Environment load took 3.94ms 
20375      INFO  main            d.u.i.k.p.i.AbstractProblemLoader Creating init config 
22944      DEBUG main            d.u.i.k.p.i.AbstractProblemLoader Init config took 2.57s 
22987      INFO  main            d.u.i.k.p.i.AbstractProblemLoader Replaying proof Sum[Sum::sum1([I)].JML normal_behavior operation contract.0 
23016      DEBUG main            d.u.i.k.l.l.OriginTermLabel commonFileName is null! 
23017      DEBUG main            d.u.i.k.l.l.OriginTermLabel commonFileName is null! 
23075      DEBUG main            d.u.i.k.l.l.OriginTermLabel commonFileName is null! 
23106      DEBUG main            d.u.i.k.l.l.OriginTermLabel commonFileName is null! 
23107      DEBUG main            d.u.i.k.l.l.OriginTermLabel commonFileName is null! 
23109      DEBUG main            d.u.i.k.p.i.IntermediateProofReplayer Proof replay took 117.68ms 
23110      DEBUG main            d.u.i.k.p.r.p.TestFile    ... success: reloaded. 
23111      INFO  main            d.u.i.k.p.r.p.TestFile    Now processing file /home/runner/work/key/key/key.core/../key.ui/examples/heap/comprehensions/sum2.key 
23113      INFO  main            d.u.i.k.p.i.AbstractProblemLoader Loading environment from /home/runner/work/key/key/key.core/../key.ui/examples/heap/comprehensions/sum2.key 
23113      DEBUG main            d.u.i.k.p.i.AbstractProblemLoader Environment load took 333.1ns 
23114      INFO  main            d.u.i.k.p.i.AbstractProblemLoader Creating init config 
25581      DEBUG main            d.u.i.k.p.i.AbstractProblemLoader Init config took 2.47s 
25623      INFO  main            d.u.i.k.p.i.AbstractProblemLoader Replaying proof Sum[Sum::sum2([I)].JML normal_behavior operation contract.0 
25624      DEBUG main            d.u.i.k.p.i.IntermediateProofReplayer Proof replay took 5.7ns 
25668      DEBUG Thread-10       d.u.i.k.l.l.OriginTermLabel commonFileName is null! 
25668      DEBUG Thread-10       d.u.i.k.l.l.OriginTermLabel commonFileName is null! 
25772      DEBUG Thread-10       d.u.i.k.l.l.OriginTermLabel commonFileName is null! 
25773      DEBUG Thread-10       d.u.i.k.l.l.OriginTermLabel commonFileName is null! 
25845      DEBUG Thread-10       d.u.i.k.l.l.OriginTermLabel commonFileName is null! 
26027      INFO  main            d.u.i.k.p.r.p.TestFile    ... finished proof: closed. 
26176      INFO  main            d.u.i.k.p.i.AbstractProblemLoader Loading environment from /home/runner/work/key/key/key.core/../key.ui/examples/heap/comprehensions/sum2.key.proof 
26176      DEBUG main            d.u.i.k.p.i.AbstractProblemLoader Environment load took 151.1ns 
26177      INFO  main            d.u.i.k.p.i.AbstractProblemLoader Creating init config 
28576      DEBUG main            d.u.i.k.p.i.AbstractProblemLoader Init config took 2.4s 
28621      INFO  main            d.u.i.k.p.i.AbstractProblemLoader Replaying proof Sum[Sum::sum2([I)].JML normal_behavior operation contract.0 
28644      DEBUG main            d.u.i.k.l.l.OriginTermLabel commonFileName is null! 
28645      DEBUG main            d.u.i.k.l.l.OriginTermLabel commonFileName is null! 
28691      DEBUG main            d.u.i.k.l.l.OriginTermLabel commonFileName is null! 
28719      DEBUG main            d.u.i.k.l.l.OriginTermLabel commonFileName is null! 
28720      DEBUG main            d.u.i.k.l.l.OriginTermLabel commonFileName is null! 
28722      DEBUG main            d.u.i.k.p.i.IntermediateProofReplayer Proof replay took 97.74ms 
28723      DEBUG main            d.u.i.k.p.r.p.TestFile    ... success: reloaded. 
28724      INFO  main            d.u.i.k.p.r.p.TestFile    Now processing file /home/runner/work/key/key/key.core/../key.ui/examples/heap/comprehensions/sum3.key 
28724      INFO  main            d.u.i.k.p.i.AbstractProblemLoader Loading environment from /home/runner/work/key/key/key.core/../key.ui/examples/heap/comprehensions/sum3.key 
28724      DEBUG main            d.u.i.k.p.i.AbstractProblemLoader Environment load took 55.6ns 
28725      INFO  main            d.u.i.k.p.i.AbstractProblemLoader Creating init config 
31172      DEBUG main            d.u.i.k.p.i.AbstractProblemLoader Init config took 2.45s 
31213      INFO  main            d.u.i.k.p.i.AbstractProblemLoader Replaying proof Sum[Sum::sum3([I)].JML normal_behavior operation contract.0 
31214      DEBUG main            d.u.i.k.p.i.IntermediateProofReplayer Proof replay took 5.7ns 
31269      DEBUG Thread-13       d.u.i.k.l.l.OriginTermLabel commonFileName is null! 
31269      DEBUG Thread-13       d.u.i.k.l.l.OriginTermLabel commonFileName is null! 
31374      DEBUG Thread-13       d.u.i.k.l.l.OriginTermLabel commonFileName is null! 
31374      DEBUG Thread-13       d.u.i.k.l.l.OriginTermLabel commonFileName is null! 
31463      DEBUG Thread-13       d.u.i.k.l.l.OriginTermLabel commonFileName is null! 
31618      INFO  main            d.u.i.k.p.r.p.TestFile    ... finished proof: closed. 
31771      INFO  main            d.u.i.k.p.i.AbstractProblemLoader Loading environment from /home/runner/work/key/key/key.core/../key.ui/examples/heap/comprehensions/sum3.key.proof 
31772      DEBUG main            d.u.i.k.p.i.AbstractProblemLoader Environment load took 624ns 
31775      INFO  main            d.u.i.k.p.i.AbstractProblemLoader Creating init config 
34231      DEBUG main            d.u.i.k.p.i.AbstractProblemLoader Init config took 2.46s 
34290      INFO  main            d.u.i.k.p.i.AbstractProblemLoader Replaying proof Sum[Sum::sum3([I)].JML normal_behavior operation contract.0 
34319      DEBUG main            d.u.i.k.l.l.OriginTermLabel commonFileName is null! 
34320      DEBUG main            d.u.i.k.l.l.OriginTermLabel commonFileName is null! 
34357      DEBUG main            d.u.i.k.l.l.OriginTermLabel commonFileName is null! 
34382      DEBUG main            d.u.i.k.l.l.OriginTermLabel commonFileName is null! 
34382      DEBUG main            d.u.i.k.l.l.OriginTermLabel commonFileName is null! 
34385      DEBUG main            d.u.i.k.p.i.IntermediateProofReplayer Proof replay took 91ms 
34386      DEBUG main            d.u.i.k.p.r.p.TestFile    ... success: reloaded. 
34387      INFO  main            d.u.i.k.p.r.p.TestFile    Now processing file /home/runner/work/key/key/key.core/../key.ui/examples/heap/comprehensions/segsum.key 
34388      INFO  main            d.u.i.k.p.i.AbstractProblemLoader Loading environment from /home/runner/work/key/key/key.core/../key.ui/examples/heap/comprehensions/segsum.key 
34388      DEBUG main            d.u.i.k.p.i.AbstractProblemLoader Environment load took 328.3ns 
34389      INFO  main            d.u.i.k.p.i.AbstractProblemLoader Creating init config 
36804      DEBUG main            d.u.i.k.p.i.AbstractProblemLoader Init config took 2.41s 
36844      INFO  main            d.u.i.k.p.i.AbstractProblemLoader Replaying proof SegSum[SegSum::segSum([I,int,int)].JML normal_behavior operation contract.0 
36846      DEBUG main            d.u.i.k.p.i.IntermediateProofReplayer Proof replay took 6ns 
37249      INFO  main            d.u.i.k.p.r.p.TestFile    ... finished proof: closed. 
37407      INFO  main            d.u.i.k.p.i.AbstractProblemLoader Loading environment from /home/runner/work/key/key/key.core/../key.ui/examples/heap/comprehensions/segsum.key.proof 
37408      DEBUG main            d.u.i.k.p.i.AbstractProblemLoader Environment load took 799.4ns 
37410      INFO  main            d.u.i.k.p.i.AbstractProblemLoader Creating init config 
39765      DEBUG main            d.u.i.k.p.i.AbstractProblemLoader Init config took 2.35s 
39805      INFO  main            d.u.i.k.p.i.AbstractProblemLoader Replaying proof SegSum[SegSum::segSum([I,int,int)].JML normal_behavior operation contract.0 
39886      DEBUG main            d.u.i.k.p.i.IntermediateProofReplayer Proof replay took 72.95ms 
39890      DEBUG main            d.u.i.k.p.r.p.TestFile    ... success: reloaded. 
39892      INFO  main            d.u.i.k.p.r.p.TestFile    Now processing file /home/runner/work/key/key/key.core/../key.ui/examples/heap/comprehensions/bsum_negative.key 
39893      INFO  main            d.u.i.k.p.i.AbstractProblemLoader Loading environment from /home/runner/work/key/key/key.core/../key.ui/examples/heap/comprehensions/bsum_negative.key 
39894      DEBUG main            d.u.i.k.p.i.AbstractProblemLoader Environment load took 1.4ms 
39895      INFO  main            d.u.i.k.p.i.AbstractProblemLoader Creating init config 
42144      DEBUG main            d.u.i.k.p.i.AbstractProblemLoader Init config took 2.25s 
42170      INFO  main            d.u.i.k.p.i.AbstractProblemLoader Replaying proof bsum_negative.key 
42171      DEBUG main            d.u.i.k.p.i.IntermediateProofReplayer Proof replay took 5.7ns 
42273      INFO  main            d.u.i.k.p.r.p.TestFile    ... finished proof: closed. 
42423      INFO  main            d.u.i.k.p.i.AbstractProblemLoader Loading environment from /home/runner/work/key/key/key.core/../key.ui/examples/heap/comprehensions/bsum_negative.key.proof 
42423      DEBUG main            d.u.i.k.p.i.AbstractProblemLoader Environment load took 105.3ns 
42424      INFO  main            d.u.i.k.p.i.AbstractProblemLoader Creating init config 
44639      DEBUG main            d.u.i.k.p.i.AbstractProblemLoader Init config took 2.21s 
44656      INFO  main            d.u.i.k.p.i.AbstractProblemLoader Replaying proof bsum_negative.key.proof 
44659      DEBUG main            d.u.i.k.p.i.IntermediateProofReplayer Proof replay took 1.38ms 
44659      DEBUG main            d.u.i.k.p.r.p.TestFile    ... success: reloaded. 
44660      INFO  main            d.u.i.k.p.r.p.TestFile    Now processing file /home/runner/work/key/key/key.core/../key.ui/examples/heap/comprehensions/bsum_neg2.key 
44660      INFO  main            d.u.i.k.p.i.AbstractProblemLoader Loading environment from /home/runner/work/key/key/key.core/../key.ui/examples/heap/comprehensions/bsum_neg2.key 
44660      DEBUG main            d.u.i.k.p.i.AbstractProblemLoader Environment load took 54.2ns 
44661      INFO  main            d.u.i.k.p.i.AbstractProblemLoader Creating init config 
46921      DEBUG main            d.u.i.k.p.i.AbstractProblemLoader Init config took 2.26s 
46937      INFO  main            d.u.i.k.p.i.AbstractProblemLoader Replaying proof bsum_neg2.key 
46938      DEBUG main            d.u.i.k.p.i.IntermediateProofReplayer Proof replay took 5.7ns 
47041      INFO  main            d.u.i.k.p.r.p.TestFile    ... finished proof: closed. 
47192      INFO  main            d.u.i.k.p.i.AbstractProblemLoader Loading environment from /home/runner/work/key/key/key.core/../key.ui/examples/heap/comprehensions/bsum_neg2.key.proof 
47192      DEBUG main            d.u.i.k.p.i.AbstractProblemLoader Environment load took 105.8ns 
47193      INFO  main            d.u.i.k.p.i.AbstractProblemLoader Creating init config 
49391      DEBUG main            d.u.i.k.p.i.AbstractProblemLoader Init config took 2.2s 
49406      INFO  main            d.u.i.k.p.i.AbstractProblemLoader Replaying proof bsum_neg2.key.proof 
49408      DEBUG main            d.u.i.k.p.i.IntermediateProofReplayer Proof replay took 824.8ns 
49409      DEBUG main            d.u.i.k.p.r.p.TestFile    ... success: reloaded. 
49410      INFO  main            d.u.i.k.p.r.p.TestFile    Now processing file /home/runner/work/key/key/key.core/../key.ui/examples/heap/comprehensions/bsumSplit.key 
49410      INFO  main            d.u.i.k.p.i.AbstractProblemLoader Loading environment from /home/runner/work/key/key/key.core/../key.ui/examples/heap/comprehensions/bsumSplit.key 
49410      DEBUG main            d.u.i.k.p.i.AbstractProblemLoader Environment load took 110.3ns 
49411      INFO  main            d.u.i.k.p.i.AbstractProblemLoader Creating init config 
51657      DEBUG main            d.u.i.k.p.i.AbstractProblemLoader Init config took 2.25s 
51673      INFO  main            d.u.i.k.p.i.AbstractProblemLoader Replaying proof bsumSplit.key 
51674      DEBUG main            d.u.i.k.p.i.IntermediateProofReplayer Proof replay took 5.4ns 
51776      INFO  main            d.u.i.k.p.r.p.TestFile    ... finished proof: closed. 
51990      INFO  main            d.u.i.k.p.i.AbstractProblemLoader Loading environment from /home/runner/work/key/key/key.core/../key.ui/examples/heap/comprehensions/bsumSplit.key.proof 
51990      DEBUG main            d.u.i.k.p.i.AbstractProblemLoader Environment load took 101.1ns 
51991      INFO  main            d.u.i.k.p.i.AbstractProblemLoader Creating init config 
54188      DEBUG main            d.u.i.k.p.i.AbstractProblemLoader Init config took 2.2s 
54203      INFO  main            d.u.i.k.p.i.AbstractProblemLoader Replaying proof bsumSplit.key.proof 
54208      DEBUG main            d.u.i.k.p.i.IntermediateProofReplayer Proof replay took 3.44ms 
54209      DEBUG main            d.u.i.k.p.r.p.TestFile    ... success: reloaded. 
54209      INFO  main            d.u.i.k.p.r.p.TestFile    Now processing file /home/runner/work/key/key/key.core/../key.ui/examples/heap/comprehensions/bprodSplit.key 
54210      INFO  main            d.u.i.k.p.i.AbstractProblemLoader Loading environment from /home/runner/work/key/key/key.core/../key.ui/examples/heap/comprehensions/bprodSplit.key 
54210      DEBUG main            d.u.i.k.p.i.AbstractProblemLoader Environment load took 102.7ns 
54210      INFO  main            d.u.i.k.p.i.AbstractProblemLoader Creating init config 
56450      DEBUG main            d.u.i.k.p.i.AbstractProblemLoader Init config took 2.24s 
56466      INFO  main            d.u.i.k.p.i.AbstractProblemLoader Replaying proof bprodSplit.key 
56468      DEBUG main            d.u.i.k.p.i.IntermediateProofReplayer Proof replay took 5.7ns 
56570      INFO  main            d.u.i.k.p.r.p.TestFile    ... finished proof: closed. 
56761      INFO  main            d.u.i.k.p.i.AbstractProblemLoader Loading environment from /home/runner/work/key/key/key.core/../key.ui/examples/heap/comprehensions/bprodSplit.key.proof 
56762      DEBUG main            d.u.i.k.p.i.AbstractProblemLoader Environment load took 104ns 
56763      INFO  main            d.u.i.k.p.i.AbstractProblemLoader Creating init config 
58982      DEBUG main            d.u.i.k.p.i.AbstractProblemLoader Init config took 2.22s 
59000      INFO  main            d.u.i.k.p.i.AbstractProblemLoader Replaying proof bprodSplit.key.proof 
59004      DEBUG main            d.u.i.k.p.i.IntermediateProofReplayer Proof replay took 2.31ms 
59004      DEBUG main            d.u.i.k.p.r.p.TestFile    ... success: reloaded. 
59005      INFO  main            d.u.i.k.p.r.p.TestFile    Now processing file /home/runner/work/key/key/key.core/../key.ui/examples/heap/comprehensions/bsumSplitInvalid.key 
59006      INFO  main            d.u.i.k.p.i.AbstractProblemLoader Loading environment from /home/runner/work/key/key/key.core/../key.ui/examples/heap/comprehensions/bsumSplitInvalid.key 
59006      DEBUG main            d.u.i.k.p.i.AbstractProblemLoader Environment load took 271.3ns 
59007      INFO  main            d.u.i.k.p.i.AbstractProblemLoader Creating init config 
61260      DEBUG main            d.u.i.k.p.i.AbstractProblemLoader Init config took 2.25s 
61275      INFO  main            d.u.i.k.p.i.AbstractProblemLoader Replaying proof bsumSplitInvalid.key 
61276      DEBUG main            d.u.i.k.p.i.IntermediateProofReplayer Proof replay took 5.5ns 
61377      INFO  main            d.u.i.k.p.r.p.TestFile    ... finished proof: open goal(s) 
136202     INFO  Test worker     d.u.i.k.p.r.RunAllProofsTestUnit Returning from test comprehensions 
136203     INFO  Test worker     d.u.i.k.p.r.RunAllProofsTestUnit Running test performance 
315        INFO  Timeout watchdog d.u.i.k.p.r.p.ForkedTestFileRunner Timeout watcher launched (2000 secs.) 
325        WARN  main            d.u.i.k.s.ProofSettings   The settings in /home/runner/.key/proof-settings.props are *not* read. 
350        INFO  main            d.u.i.k.p.r.p.TestFile    Now processing file /home/runner/work/key/key/key.core/../key.ui/examples/performance-test/Disjoint(Disjoint__disjoint_08()).JML_operation_contract.0.key 
450        INFO  main            d.u.i.k.p.i.AbstractProblemLoader Loading environment from /home/runner/work/key/key/key.core/../key.ui/examples/performance-test/Disjoint(Disjoint__disjoint_08()).JML_operation_contract.0.key 
470        DEBUG main            d.u.i.k.p.i.AbstractProblemLoader Environment load took 2.1ms 
679        INFO  main            d.u.i.k.p.i.AbstractProblemLoader Creating init config 
1549       DEBUG main            d.u.i.k.j.TypeConverter   No LDT found for Meta 
1549       DEBUG main            d.u.i.k.j.TypeConverter   No LDT found for Meta 
1553       DEBUG main            d.u.i.k.j.TypeConverter   No LDT found for Meta 
1553       DEBUG main            d.u.i.k.j.TypeConverter   No LDT found for Meta 
2827       DEBUG main            d.u.i.k.j.TypeConverter   No LDT found for JavaBigintExpression 
8394       DEBUG main            d.u.i.k.j.r.ClassPreparationMethodBuilder clPrepBuilder: Inner Class detected. Reject building class initialisation methods. 
16420      DEBUG main            d.u.i.k.p.i.AbstractProblemLoader Init config took 15.74s 
16657      INFO  main            d.u.i.k.p.i.AbstractProblemLoader Replaying proof Disjoint[Disjoint::disjoint_8()].JML operation contract.0 
16731      DEBUG main            d.u.i.k.p.i.IntermediateProofReplayer Proof replay took 990.9ns 
19073      INFO  main            d.u.i.k.p.r.p.TestFile    ... finished proof: closed. 
19327      INFO  main            d.u.i.k.p.i.AbstractProblemLoader Loading environment from /home/runner/work/key/key/key.core/../key.ui/examples/performance-test/Disjoint(Disjoint__disjoint_08()).JML_operation_contract.0.key.proof 
19328      DEBUG main            d.u.i.k.p.i.AbstractProblemLoader Environment load took 704.1ns 
19331      INFO  main            d.u.i.k.p.i.AbstractProblemLoader Creating init config 
22513      DEBUG main            d.u.i.k.j.r.ClassPreparationMethodBuilder clPrepBuilder: Inner Class detected. Reject building class initialisation methods. 
29595      DEBUG main            d.u.i.k.p.i.AbstractProblemLoader Init config took 10.26s 
29709      INFO  main            d.u.i.k.p.i.AbstractProblemLoader Replaying proof Disjoint[Disjoint::disjoint_8()].JML operation contract.0 
30021      DEBUG main            d.u.i.k.p.i.IntermediateProofReplayer Proof replay took 294.34ms 
30035      DEBUG main            d.u.i.k.p.r.p.TestFile    ... success: reloaded. 
30039      INFO  main            d.u.i.k.p.r.p.TestFile    Now processing file /home/runner/work/key/key/key.core/../key.ui/examples/performance-test/Disjoint(Disjoint__disjoint2_08()).JML_operation_contract.0.key 
30039      INFO  main            d.u.i.k.p.i.AbstractProblemLoader Loading environment from /home/runner/work/key/key/key.core/../key.ui/examples/performance-test/Disjoint(Disjoint__disjoint2_08()).JML_operation_contract.0.key 
30039      DEBUG main            d.u.i.k.p.i.AbstractProblemLoader Environment load took 116.2ns 
30041      INFO  main            d.u.i.k.p.i.AbstractProblemLoader Creating init config 
33149      DEBUG main            d.u.i.k.j.r.ClassPreparationMethodBuilder clPrepBuilder: Inner Class detected. Reject building class initialisation methods. 
40488      DEBUG main            d.u.i.k.p.i.AbstractProblemLoader Init config took 10.45s 
40583      INFO  main            d.u.i.k.p.i.AbstractProblemLoader Replaying proof Disjoint[Disjoint::disjoint2_8()].JML operation contract.0 
40586      DEBUG main            d.u.i.k.p.i.IntermediateProofReplayer Proof replay took 17.3ns 
41589      INFO  main            d.u.i.k.p.r.p.TestFile    ... finished proof: closed. 
41831      INFO  main            d.u.i.k.p.i.AbstractProblemLoader Loading environment from /home/runner/work/key/key/key.core/../key.ui/examples/performance-test/Disjoint(Disjoint__disjoint2_08()).JML_operation_contract.0.key.proof 
41831      DEBUG main            d.u.i.k.p.i.AbstractProblemLoader Environment load took 225.4ns 
41832      INFO  main            d.u.i.k.p.i.AbstractProblemLoader Creating init config 
44796      DEBUG main            d.u.i.k.j.r.ClassPreparationMethodBuilder clPrepBuilder: Inner Class detected. Reject building class initialisation methods. 
51691      DEBUG main            d.u.i.k.p.i.AbstractProblemLoader Init config took 9.86s 
51798      INFO  main            d.u.i.k.p.i.AbstractProblemLoader Replaying proof Disjoint[Disjoint::disjoint2_8()].JML operation contract.0 
51915      DEBUG main            d.u.i.k.p.i.IntermediateProofReplayer Proof replay took 107.67ms 
51920      DEBUG main            d.u.i.k.p.r.p.TestFile    ... success: reloaded. 
51927      INFO  main            d.u.i.k.p.r.p.TestFile    Now processing file /home/runner/work/key/key/key.core/../key.ui/examples/performance-test/AccessChain1(AccessChain1__foo_08()).JML_operation_contract.0.key 
51928      INFO  main            d.u.i.k.p.i.AbstractProblemLoader Loading environment from /home/runner/work/key/key/key.core/../key.ui/examples/performance-test/AccessChain1(AccessChain1__foo_08()).JML_operation_contract.0.key 
51928      DEBUG main            d.u.i.k.p.i.AbstractProblemLoader Environment load took 467.8ns 
51931      INFO  main            d.u.i.k.p.i.AbstractProblemLoader Creating init config 
54944      DEBUG main            d.u.i.k.j.r.ClassPreparationMethodBuilder clPrepBuilder: Inner Class detected. Reject building class initialisation methods. 
61864      DEBUG main            d.u.i.k.p.i.AbstractProblemLoader Init config took 9.93s 
61961      INFO  main            d.u.i.k.p.i.AbstractProblemLoader Replaying proof AccessChain1[AccessChain1::foo_8()].JML operation contract.0 
61963      DEBUG main            d.u.i.k.p.i.IntermediateProofReplayer Proof replay took 8.9ns 
64078      INFO  main            d.u.i.k.p.r.p.TestFile    ... finished proof: closed. 
64391      INFO  main            d.u.i.k.p.i.AbstractProblemLoader Loading environment from /home/runner/work/key/key/key.core/../key.ui/examples/performance-test/AccessChain1(AccessChain1__foo_08()).JML_operation_contract.0.key.proof 
64395      DEBUG main            d.u.i.k.p.i.AbstractProblemLoader Environment load took 127.6ns 
64400      INFO  main            d.u.i.k.p.i.AbstractProblemLoader Creating init config 
67316      DEBUG main            d.u.i.k.j.r.ClassPreparationMethodBuilder clPrepBuilder: Inner Class detected. Reject building class initialisation methods. 
74203      DEBUG main            d.u.i.k.p.i.AbstractProblemLoader Init config took 9.8s 
74298      INFO  main            d.u.i.k.p.i.AbstractProblemLoader Replaying proof AccessChain1[AccessChain1::foo_8()].JML operation contract.0 
74724      DEBUG main            d.u.i.k.p.i.IntermediateProofReplayer Proof replay took 411.99ms 
74725      DEBUG main            d.u.i.k.p.r.p.TestFile    ... success: reloaded. 
74727      INFO  main            d.u.i.k.p.r.p.TestFile    Now processing file /home/runner/work/key/key/key.core/../key.ui/examples/performance-test/AccessChain4(AccessChain4__foo_08()).JML_operation_contract.0.key 
74727      INFO  main            d.u.i.k.p.i.AbstractProblemLoader Loading environment from /home/runner/work/key/key/key.core/../key.ui/examples/performance-test/AccessChain4(AccessChain4__foo_08()).JML_operation_contract.0.key 
74728      DEBUG main            d.u.i.k.p.i.AbstractProblemLoader Environment load took 305.2ns 
74729      INFO  main            d.u.i.k.p.i.AbstractProblemLoader Creating init config 
77679      DEBUG main            d.u.i.k.j.r.ClassPreparationMethodBuilder clPrepBuilder: Inner Class detected. Reject building class initialisation methods. 
84562      DEBUG main            d.u.i.k.p.i.AbstractProblemLoader Init config took 9.83s 
84654      INFO  main            d.u.i.k.p.i.AbstractProblemLoader Replaying proof AccessChain4[AccessChain4::foo_8()].JML operation contract.0 
84659      DEBUG main            d.u.i.k.p.i.IntermediateProofReplayer Proof replay took 9.5ns 
90111      INFO  main            d.u.i.k.p.r.p.TestFile    ... finished proof: closed. 
90448      INFO  main            d.u.i.k.p.i.AbstractProblemLoader Loading environment from /home/runner/work/key/key/key.core/../key.ui/examples/performance-test/AccessChain4(AccessChain4__foo_08()).JML_operation_contract.0.key.proof 
90449      DEBUG main            d.u.i.k.p.i.AbstractProblemLoader Environment load took 556.6ns 
90459      INFO  main            d.u.i.k.p.i.AbstractProblemLoader Creating init config 
93331      DEBUG main            d.u.i.k.j.r.ClassPreparationMethodBuilder clPrepBuilder: Inner Class detected. Reject building class initialisation methods. 
100321     DEBUG main            d.u.i.k.p.i.AbstractProblemLoader Init config took 9.86s 
100401     INFO  main            d.u.i.k.p.i.AbstractProblemLoader Replaying proof AccessChain4[AccessChain4::foo_8()].JML operation contract.0 
101304     DEBUG main            d.u.i.k.p.i.IntermediateProofReplayer Proof replay took 875.13ms 
101308     DEBUG main            d.u.i.k.p.r.p.TestFile    ... success: reloaded. 
101311     INFO  main            d.u.i.k.p.r.p.TestFile    Now processing file /home/runner/work/key/key/key.core/../key.ui/examples/performance-test/Disjoint(Disjoint__xZero_08()).JML_operation_contract.0.key 
101312     INFO  main            d.u.i.k.p.i.AbstractProblemLoader Loading environment from /home/runner/work/key/key/key.core/../key.ui/examples/performance-test/Disjoint(Disjoint__xZero_08()).JML_operation_contract.0.key 
101312     DEBUG main            d.u.i.k.p.i.AbstractProblemLoader Environment load took 260.2ns 
101313     INFO  main            d.u.i.k.p.i.AbstractProblemLoader Creating init config 
104402     DEBUG main            d.u.i.k.j.r.ClassPreparationMethodBuilder clPrepBuilder: Inner Class detected. Reject building class initialisation methods. 
111418     DEBUG main            d.u.i.k.p.i.AbstractProblemLoader Init config took 10.11s 
111497     INFO  main            d.u.i.k.p.i.AbstractProblemLoader Replaying proof Disjoint[Disjoint::xZero_8()].JML operation contract.0 
111499     DEBUG main            d.u.i.k.p.i.IntermediateProofReplayer Proof replay took 9.5ns 
112406     INFO  main            d.u.i.k.p.r.p.TestFile    ... finished proof: closed. 
112741     INFO  main            d.u.i.k.p.i.AbstractProblemLoader Loading environment from /home/runner/work/key/key/key.core/../key.ui/examples/performance-test/Disjoint(Disjoint__xZero_08()).JML_operation_contract.0.key.proof 
112742     DEBUG main            d.u.i.k.p.i.AbstractProblemLoader Environment load took 551.8ns 
112743     INFO  main            d.u.i.k.p.i.AbstractProblemLoader Creating init config 
115590     DEBUG main            d.u.i.k.j.r.ClassPreparationMethodBuilder clPrepBuilder: Inner Class detected. Reject building class initialisation methods. 
122454     DEBUG main            d.u.i.k.p.i.AbstractProblemLoader Init config took 9.71s 
122530     INFO  main            d.u.i.k.p.i.AbstractProblemLoader Replaying proof Disjoint[Disjoint::xZero_8()].JML operation contract.0 
122726     DEBUG main            d.u.i.k.p.i.IntermediateProofReplayer Proof replay took 188.81ms 
122728     DEBUG main            d.u.i.k.p.r.p.TestFile    ... success: reloaded. 
122729     INFO  main            d.u.i.k.p.r.p.TestFile    Now processing file /home/runner/work/key/key/key.core/../key.ui/examples/performance-test/Dynamic(Dynamic__foo_08()).JML_operation_contract.0.key 
122730     INFO  main            d.u.i.k.p.i.AbstractProblemLoader Loading environment from /home/runner/work/key/key/key.core/../key.ui/examples/performance-test/Dynamic(Dynamic__foo_08()).JML_operation_contract.0.key 
122730     DEBUG main            d.u.i.k.p.i.AbstractProblemLoader Environment load took 260.1ns 
122731     INFO  main            d.u.i.k.p.i.AbstractProblemLoader Creating init config 
125649     DEBUG main            d.u.i.k.j.r.ClassPreparationMethodBuilder clPrepBuilder: Inner Class detected. Reject building class initialisation methods. 
132493     DEBUG main            d.u.i.k.p.i.AbstractProblemLoader Init config took 9.76s 
132569     INFO  main            d.u.i.k.p.i.AbstractProblemLoader Replaying proof Dynamic[Dynamic::foo_8()].JML operation contract.0 
132571     DEBUG main            d.u.i.k.p.i.IntermediateProofReplayer Proof replay took 9ns 
137483     INFO  main            d.u.i.k.p.r.p.TestFile    ... finished proof: closed. 
137837     INFO  main            d.u.i.k.p.i.AbstractProblemLoader Loading environment from /home/runner/work/key/key/key.core/../key.ui/examples/performance-test/Dynamic(Dynamic__foo_08()).JML_operation_contract.0.key.proof 
137837     DEBUG main            d.u.i.k.p.i.AbstractProblemLoader Environment load took 819.5ns 
137842     INFO  main            d.u.i.k.p.i.AbstractProblemLoader Creating init config 
140724     DEBUG main            d.u.i.k.j.r.ClassPreparationMethodBuilder clPrepBuilder: Inner Class detected. Reject building class initialisation methods. 
147594     DEBUG main            d.u.i.k.p.i.AbstractProblemLoader Init config took 9.75s 
147669     INFO  main            d.u.i.k.p.i.AbstractProblemLoader Replaying proof Dynamic[Dynamic::foo_8()].JML operation contract.0 
148183     DEBUG main            d.u.i.k.p.i.IntermediateProofReplayer Proof replay took 478.5ms 
148185     DEBUG main            d.u.i.k.p.r.p.TestFile    ... success: reloaded. 
148186     INFO  main            d.u.i.k.p.r.p.TestFile    Now processing file /home/runner/work/key/key/key.core/../key.ui/examples/performance-test/DynamicGhost(DynamicGhost__dynamicGhost_08()).JML_normal_behavior_operation_contract.0.key 
148187     INFO  main            d.u.i.k.p.i.AbstractProblemLoader Loading environment from /home/runner/work/key/key/key.core/../key.ui/examples/performance-test/DynamicGhost(DynamicGhost__dynamicGhost_08()).JML_normal_behavior_operation_contract.0.key 
148187     DEBUG main            d.u.i.k.p.i.AbstractProblemLoader Environment load took 96.4ns 
148188     INFO  main            d.u.i.k.p.i.AbstractProblemLoader Creating init config 
151126     DEBUG main            d.u.i.k.j.r.ClassPreparationMethodBuilder clPrepBuilder: Inner Class detected. Reject building class initialisation methods. 
157998     DEBUG main            d.u.i.k.p.i.AbstractProblemLoader Init config took 9.81s 
158077     INFO  main            d.u.i.k.p.i.AbstractProblemLoader Replaying proof DynamicGhost[DynamicGhost::dynamicGhost_8()].JML normal_behavior operation contract.0 
158079     DEBUG main            d.u.i.k.p.i.IntermediateProofReplayer Proof replay took 9.6ns 
162104     INFO  main            d.u.i.k.p.r.p.TestFile    ... finished proof: closed. 
162476     INFO  main            d.u.i.k.p.i.AbstractProblemLoader Loading environment from /home/runner/work/key/key/key.core/../key.ui/examples/performance-test/DynamicGhost(DynamicGhost__dynamicGhost_08()).JML_normal_behavior_operation_contract.0.key.proof 
162477     DEBUG main            d.u.i.k.p.i.AbstractProblemLoader Environment load took 515.6ns 
162479     INFO  main            d.u.i.k.p.i.AbstractProblemLoader Creating init config 
165320     DEBUG main            d.u.i.k.j.r.ClassPreparationMethodBuilder clPrepBuilder: Inner Class detected. Reject building class initialisation methods. 
172223     DEBUG main            d.u.i.k.p.i.AbstractProblemLoader Init config took 9.74s 
172302     INFO  main            d.u.i.k.p.i.AbstractProblemLoader Replaying proof DynamicGhost[DynamicGhost::dynamicGhost_8()].JML normal_behavior operation contract.0 
172831     DEBUG main            d.u.i.k.p.i.IntermediateProofReplayer Proof replay took 510.88ms 
172833     DEBUG main            d.u.i.k.p.r.p.TestFile    ... success: reloaded. 
172834     INFO  main            d.u.i.k.p.r.p.TestFile    Now processing file /home/runner/work/key/key/key.core/../key.ui/examples/performance-test/GhostFrame(GhostFrame__foo_08()).JML_operation_contract.0.key 
172835     INFO  main            d.u.i.k.p.i.AbstractProblemLoader Loading environment from /home/runner/work/key/key/key.core/../key.ui/examples/performance-test/GhostFrame(GhostFrame__foo_08()).JML_operation_contract.0.key 
172835     DEBUG main            d.u.i.k.p.i.AbstractProblemLoader Environment load took 118.4ns 
172836     INFO  main            d.u.i.k.p.i.AbstractProblemLoader Creating init config 
175802     DEBUG main            d.u.i.k.j.r.ClassPreparationMethodBuilder clPrepBuilder: Inner Class detected. Reject building class initialisation methods. 
182722     DEBUG main            d.u.i.k.p.i.AbstractProblemLoader Init config took 9.89s 
182802     INFO  main            d.u.i.k.p.i.AbstractProblemLoader Replaying proof GhostFrame[GhostFrame::foo_8()].JML operation contract.0 
182807     DEBUG main            d.u.i.k.p.i.IntermediateProofReplayer Proof replay took 12.1ns 
184613     INFO  main            d.u.i.k.p.r.p.TestFile    ... finished proof: closed. 
184999     INFO  main            d.u.i.k.p.i.AbstractProblemLoader Loading environment from /home/runner/work/key/key/key.core/../key.ui/examples/performance-test/GhostFrame(GhostFrame__foo_08()).JML_operation_contract.0.key.proof 
184999     DEBUG main            d.u.i.k.p.i.AbstractProblemLoader Environment load took 116ns 
185000     INFO  main            d.u.i.k.p.i.AbstractProblemLoader Creating init config 
187847     DEBUG main            d.u.i.k.j.r.ClassPreparationMethodBuilder clPrepBuilder: Inner Class detected. Reject building class initialisation methods. 
194769     DEBUG main            d.u.i.k.p.i.AbstractProblemLoader Init config took 9.77s 
194843     INFO  main            d.u.i.k.p.i.AbstractProblemLoader Replaying proof GhostFrame[GhostFrame::foo_8()].JML operation contract.0 
195143     DEBUG main            d.u.i.k.p.i.IntermediateProofReplayer Proof replay took 293.06ms 
195144     DEBUG main            d.u.i.k.p.r.p.TestFile    ... success: reloaded. 
195146     INFO  main            d.u.i.k.p.r.p.TestFile    Now processing file /home/runner/work/key/key/key.core/../key.ui/examples/performance-test/Modelfield(Modelfield__foo_08()).JML_operation_contract.0.key 
195146     INFO  main            d.u.i.k.p.i.AbstractProblemLoader Loading environment from /home/runner/work/key/key/key.core/../key.ui/examples/performance-test/Modelfield(Modelfield__foo_08()).JML_operation_contract.0.key 
195147     DEBUG main            d.u.i.k.p.i.AbstractProblemLoader Environment load took 258.8ns 
195147     INFO  main            d.u.i.k.p.i.AbstractProblemLoader Creating init config 
198077     DEBUG main            d.u.i.k.j.r.ClassPreparationMethodBuilder clPrepBuilder: Inner Class detected. Reject building class initialisation methods. 
204936     DEBUG main            d.u.i.k.p.i.AbstractProblemLoader Init config took 9.79s 
205026     INFO  main            d.u.i.k.p.i.AbstractProblemLoader Replaying proof Modelfield[Modelfield::foo_8()].JML operation contract.0 
205028     DEBUG main            d.u.i.k.p.i.IntermediateProofReplayer Proof replay took 4.9ns 
207754     INFO  main            d.u.i.k.p.r.p.TestFile    ... finished proof: closed. 
208150     INFO  main            d.u.i.k.p.i.AbstractProblemLoader Loading environment from /home/runner/work/key/key/key.core/../key.ui/examples/performance-test/Modelfield(Modelfield__foo_08()).JML_operation_contract.0.key.proof 
208150     DEBUG main            d.u.i.k.p.i.AbstractProblemLoader Environment load took 497.9ns 
208152     INFO  main            d.u.i.k.p.i.AbstractProblemLoader Creating init config 
210971     DEBUG main            d.u.i.k.j.r.ClassPreparationMethodBuilder clPrepBuilder: Inner Class detected. Reject building class initialisation methods. 
217851     DEBUG main            d.u.i.k.p.i.AbstractProblemLoader Init config took 9.7s 
217924     INFO  main            d.u.i.k.p.i.AbstractProblemLoader Replaying proof Modelfield[Modelfield::foo_8()].JML operation contract.0 
218311     DEBUG main            d.u.i.k.p.i.IntermediateProofReplayer Proof replay took 375.32ms 
218313     DEBUG main            d.u.i.k.p.r.p.TestFile    ... success: reloaded. 
354677     INFO  Test worker     d.u.i.k.p.r.RunAllProofsTestUnit Returning from test performance 
354678     INFO  Test worker     d.u.i.k.p.r.RunAllProofsTestUnit Running test performancePOConstruction 
323        INFO  Timeout watchdog d.u.i.k.p.r.p.ForkedTestFileRunner Timeout watcher launched (2000 secs.) 
333        WARN  main            d.u.i.k.s.ProofSettings   The settings in /home/runner/.key/proof-settings.props are *not* read. 
359        INFO  main            d.u.i.k.p.r.p.TestFile    Now processing file /home/runner/work/key/key/key.core/../key.ui/examples/performance-test/Test(Test__a0(int)).JML_normal_behavior_operation_contract.0.key 
493        INFO  main            d.u.i.k.p.i.AbstractProblemLoader Loading environment from /home/runner/work/key/key/key.core/../key.ui/examples/performance-test/Test(Test__a0(int)).JML_normal_behavior_operation_contract.0.key 
516        DEBUG main            d.u.i.k.p.i.AbstractProblemLoader Environment load took 1.76ms 
745        INFO  main            d.u.i.k.p.i.AbstractProblemLoader Creating init config 
1700       DEBUG main            d.u.i.k.j.TypeConverter   No LDT found for Meta 
1700       DEBUG main            d.u.i.k.j.TypeConverter   No LDT found for Meta 
1703       DEBUG main            d.u.i.k.j.TypeConverter   No LDT found for Meta 
1703       DEBUG main            d.u.i.k.j.TypeConverter   No LDT found for Meta 
2771       DEBUG main            d.u.i.k.j.TypeConverter   No LDT found for JavaBigintExpression 
8029       DEBUG main            d.u.i.k.j.r.ClassPreparationMethodBuilder clPrepBuilder: Inner Class detected. Reject building class initialisation methods. 
15801      DEBUG main            d.u.i.k.p.i.AbstractProblemLoader Init config took 15.06s 
16691      INFO  main            d.u.i.k.p.i.AbstractProblemLoader Replaying proof Test[Test::a0(int)].JML normal_behavior operation contract.0 
16772      DEBUG main            d.u.i.k.p.i.IntermediateProofReplayer Proof replay took 31.1ns 
17108      INFO  main            d.u.i.k.p.r.p.TestFile    ... finished proof: closed. 
17275      INFO  main            d.u.i.k.p.i.AbstractProblemLoader Loading environment from /home/runner/work/key/key/key.core/../key.ui/examples/performance-test/Test(Test__a0(int)).JML_normal_behavior_operation_contract.0.key.proof 
17275      DEBUG main            d.u.i.k.p.i.AbstractProblemLoader Environment load took 124.2ns 
17283      INFO  main            d.u.i.k.p.i.AbstractProblemLoader Creating init config 
20474      DEBUG main            d.u.i.k.j.r.ClassPreparationMethodBuilder clPrepBuilder: Inner Class detected. Reject building class initialisation methods. 
27527      DEBUG main            d.u.i.k.p.i.AbstractProblemLoader Init config took 10.24s 
28186      INFO  main            d.u.i.k.p.i.AbstractProblemLoader Replaying proof Test[Test::a0(int)].JML normal_behavior operation contract.0 
28220      DEBUG main            d.u.i.k.p.i.IntermediateProofReplayer Proof replay took 30.58ms 
28228      DEBUG main            d.u.i.k.p.r.p.TestFile    ... success: reloaded. 
28230      INFO  main            d.u.i.k.p.r.p.TestFile    Now processing file /home/runner/work/key/key/key.core/../key.ui/examples/performance-test/Test(Test__a1(int)).JML_normal_behavior_operation_contract.0.key 
28230      INFO  main            d.u.i.k.p.i.AbstractProblemLoader Loading environment from /home/runner/work/key/key/key.core/../key.ui/examples/performance-test/Test(Test__a1(int)).JML_normal_behavior_operation_contract.0.key 
28230      DEBUG main            d.u.i.k.p.i.AbstractProblemLoader Environment load took 235.5ns 
28232      INFO  main            d.u.i.k.p.i.AbstractProblemLoader Creating init config 
31232      DEBUG main            d.u.i.k.j.r.ClassPreparationMethodBuilder clPrepBuilder: Inner Class detected. Reject building class initialisation methods. 
38163      DEBUG main            d.u.i.k.p.i.AbstractProblemLoader Init config took 9.93s 
38839      INFO  main            d.u.i.k.p.i.AbstractProblemLoader Replaying proof Test[Test::a1(int)].JML normal_behavior operation contract.0 
38841      DEBUG main            d.u.i.k.p.i.IntermediateProofReplayer Proof replay took 6.4ns 
39144      INFO  main            d.u.i.k.p.r.p.TestFile    ... finished proof: closed. 
39371      INFO  main            d.u.i.k.p.i.AbstractProblemLoader Loading environment from /home/runner/work/key/key/key.core/../key.ui/examples/performance-test/Test(Test__a1(int)).JML_normal_behavior_operation_contract.0.key.proof 
39380      DEBUG main            d.u.i.k.p.i.AbstractProblemLoader Environment load took 8.9ms 
39382      INFO  main            d.u.i.k.p.i.AbstractProblemLoader Creating init config 
42347      DEBUG main            d.u.i.k.j.r.ClassPreparationMethodBuilder clPrepBuilder: Inner Class detected. Reject building class initialisation methods. 
49135      DEBUG main            d.u.i.k.p.i.AbstractProblemLoader Init config took 9.75s 
49793      INFO  main            d.u.i.k.p.i.AbstractProblemLoader Replaying proof Test[Test::a1(int)].JML normal_behavior operation contract.0 
49911      DEBUG main            d.u.i.k.p.i.IntermediateProofReplayer Proof replay took 107.56ms 
49918      DEBUG main            d.u.i.k.p.r.p.TestFile    ... success: reloaded. 
49920      INFO  main            d.u.i.k.p.r.p.TestFile    Now processing file /home/runner/work/key/key/key.core/../key.ui/examples/performance-test/Test(Test__f1(int)).JML_normal_behavior_operation_contract.0.key 
49921      INFO  main            d.u.i.k.p.i.AbstractProblemLoader Loading environment from /home/runner/work/key/key/key.core/../key.ui/examples/performance-test/Test(Test__f1(int)).JML_normal_behavior_operation_contract.0.key 
49921      DEBUG main            d.u.i.k.p.i.AbstractProblemLoader Environment load took 203.7ns 
49923      INFO  main            d.u.i.k.p.i.AbstractProblemLoader Creating init config 
52918      DEBUG main            d.u.i.k.j.r.ClassPreparationMethodBuilder clPrepBuilder: Inner Class detected. Reject building class initialisation methods. 
59732      DEBUG main            d.u.i.k.p.i.AbstractProblemLoader Init config took 9.81s 
60364      INFO  main            d.u.i.k.p.i.AbstractProblemLoader Replaying proof Test[Test::f1(int)].JML normal_behavior operation contract.0 
60366      DEBUG main            d.u.i.k.p.i.IntermediateProofReplayer Proof replay took 5.2ns 
60571      INFO  main            d.u.i.k.p.r.p.TestFile    ... finished proof: closed. 
60851      INFO  main            d.u.i.k.p.i.AbstractProblemLoader Loading environment from /home/runner/work/key/key/key.core/../key.ui/examples/performance-test/Test(Test__f1(int)).JML_normal_behavior_operation_contract.0.key.proof 
60851      DEBUG main            d.u.i.k.p.i.AbstractProblemLoader Environment load took 427.1ns 
60852      INFO  main            d.u.i.k.p.i.AbstractProblemLoader Creating init config 
63779      DEBUG main            d.u.i.k.j.r.ClassPreparationMethodBuilder clPrepBuilder: Inner Class detected. Reject building class initialisation methods. 
70536      DEBUG main            d.u.i.k.p.i.AbstractProblemLoader Init config took 9.68s 
71134      INFO  main            d.u.i.k.p.i.AbstractProblemLoader Replaying proof Test[Test::f1(int)].JML normal_behavior operation contract.0 
71179      DEBUG main            d.u.i.k.p.i.IntermediateProofReplayer Proof replay took 42.92ms 
71180      DEBUG main            d.u.i.k.p.r.p.TestFile    ... success: reloaded. 
426028     INFO  Test worker     d.u.i.k.p.r.RunAllProofsTestUnit Returning from test performancePOConstruction 
426029     INFO  Test worker     d.u.i.k.p.r.RunAllProofsTestUnit Running test applicationRestrictions 
343        INFO  Timeout watchdog d.u.i.k.p.r.p.ForkedTestFileRunner Timeout watcher launched (2000 secs.) 
367        WARN  main            d.u.i.k.s.ProofSettings   The settings in /home/runner/.key/proof-settings.props are *not* read. 
411        INFO  main            d.u.i.k.p.r.p.TestFile    Now processing file /home/runner/work/key/key/key.core/../key.ui/examples/heap/polarity_tests/wellformed1.key 
570        INFO  main            d.u.i.k.p.i.AbstractProblemLoader Loading environment from /home/runner/work/key/key/key.core/../key.ui/examples/heap/polarity_tests/wellformed1.key 
585        DEBUG main            d.u.i.k.p.i.AbstractProblemLoader Environment load took 1.91ms 
806        INFO  main            d.u.i.k.p.i.AbstractProblemLoader Creating init config 
1558       DEBUG main            d.u.i.k.j.TypeConverter   No LDT found for Meta 
1558       DEBUG main            d.u.i.k.j.TypeConverter   No LDT found for Meta 
1560       DEBUG main            d.u.i.k.j.TypeConverter   No LDT found for Meta 
1560       DEBUG main            d.u.i.k.j.TypeConverter   No LDT found for Meta 
2929       DEBUG main            d.u.i.k.j.TypeConverter   No LDT found for JavaBigintExpression 
7410       DEBUG main            d.u.i.k.p.i.AbstractProblemLoader Init config took 6.6s 
7467       INFO  main            d.u.i.k.p.i.AbstractProblemLoader Replaying proof wellformed1.key 
7495       DEBUG main            d.u.i.k.p.i.IntermediateProofReplayer Proof replay took 30.6ns 
7658       INFO  main            d.u.i.k.p.r.p.TestFile    ... finished proof: closed. 
7764       INFO  main            d.u.i.k.p.i.AbstractProblemLoader Loading environment from /home/runner/work/key/key/key.core/../key.ui/examples/heap/polarity_tests/wellformed1.key.proof 
7764       DEBUG main            d.u.i.k.p.i.AbstractProblemLoader Environment load took 130.6ns 
7770       INFO  main            d.u.i.k.p.i.AbstractProblemLoader Creating init config 
10380      DEBUG main            d.u.i.k.p.i.AbstractProblemLoader Init config took 2.61s 
10422      INFO  main            d.u.i.k.p.i.AbstractProblemLoader Replaying proof wellformed1.key.proof 
10428      DEBUG main            d.u.i.k.p.i.IntermediateProofReplayer Proof replay took 2.04ms 
10444      DEBUG main            d.u.i.k.p.r.p.TestFile    ... success: reloaded. 
10447      INFO  main            d.u.i.k.p.r.p.TestFile    Now processing file /home/runner/work/key/key/key.core/../key.ui/examples/heap/polarity_tests/wellformed2.key 
10447      INFO  main            d.u.i.k.p.i.AbstractProblemLoader Loading environment from /home/runner/work/key/key/key.core/../key.ui/examples/heap/polarity_tests/wellformed2.key 
10447      DEBUG main            d.u.i.k.p.i.AbstractProblemLoader Environment load took 241.3ns 
10450      INFO  main            d.u.i.k.p.i.AbstractProblemLoader Creating init config 
12963      DEBUG main            d.u.i.k.p.i.AbstractProblemLoader Init config took 2.51s 
12992      INFO  main            d.u.i.k.p.i.AbstractProblemLoader Replaying proof wellformed2.key 
12994      DEBUG main            d.u.i.k.p.i.IntermediateProofReplayer Proof replay took 5.4ns 
13097      INFO  main            d.u.i.k.p.r.p.TestFile    ... finished proof: open goal(s) 
13209      INFO  main            d.u.i.k.p.r.p.TestFile    Now processing file /home/runner/work/key/key/key.core/../key.ui/examples/heap/polarity_tests/wellformed3.key 
13210      INFO  main            d.u.i.k.p.i.AbstractProblemLoader Loading environment from /home/runner/work/key/key/key.core/../key.ui/examples/heap/polarity_tests/wellformed3.key 
13210      DEBUG main            d.u.i.k.p.i.AbstractProblemLoader Environment load took 69ns 
13211      INFO  main            d.u.i.k.p.i.AbstractProblemLoader Creating init config 
15598      DEBUG main            d.u.i.k.p.i.AbstractProblemLoader Init config took 2.39s 
15628      INFO  main            d.u.i.k.p.i.AbstractProblemLoader Replaying proof wellformed3.key 
15630      DEBUG main            d.u.i.k.p.i.IntermediateProofReplayer Proof replay took 5.7ns 
15732      INFO  main            d.u.i.k.p.r.p.TestFile    ... finished proof: closed. 
15839      INFO  main            d.u.i.k.p.i.AbstractProblemLoader Loading environment from /home/runner/work/key/key/key.core/../key.ui/examples/heap/polarity_tests/wellformed3.key.proof 
15839      DEBUG main            d.u.i.k.p.i.AbstractProblemLoader Environment load took 141.1ns 
15840      INFO  main            d.u.i.k.p.i.AbstractProblemLoader Creating init config 
18205      DEBUG main            d.u.i.k.p.i.AbstractProblemLoader Init config took 2.37s 
18224      INFO  main            d.u.i.k.p.i.AbstractProblemLoader Replaying proof wellformed3.key.proof 
18228      DEBUG main            d.u.i.k.p.i.IntermediateProofReplayer Proof replay took 2.07ms 
18229      DEBUG main            d.u.i.k.p.r.p.TestFile    ... success: reloaded. 
18229      INFO  main            d.u.i.k.p.r.p.TestFile    Now processing file /home/runner/work/key/key/key.core/../key.ui/examples/heap/polarity_tests/wellformed4.key 
18230      INFO  main            d.u.i.k.p.i.AbstractProblemLoader Loading environment from /home/runner/work/key/key/key.core/../key.ui/examples/heap/polarity_tests/wellformed4.key 
18230      DEBUG main            d.u.i.k.p.i.AbstractProblemLoader Environment load took 90.3ns 
18231      INFO  main            d.u.i.k.p.i.AbstractProblemLoader Creating init config 
20610      DEBUG main            d.u.i.k.p.i.AbstractProblemLoader Init config took 2.38s 
20628      INFO  main            d.u.i.k.p.i.AbstractProblemLoader Replaying proof wellformed4.key 
20630      DEBUG main            d.u.i.k.p.i.IntermediateProofReplayer Proof replay took 4.9ns 
20734      INFO  main            d.u.i.k.p.r.p.TestFile    ... finished proof: open goal(s) 
20849      INFO  main            d.u.i.k.p.r.p.TestFile    Now processing file /home/runner/work/key/key/key.core/../key.ui/examples/heap/polarity_tests/wellformed5.key 
20849      INFO  main            d.u.i.k.p.i.AbstractProblemLoader Loading environment from /home/runner/work/key/key/key.core/../key.ui/examples/heap/polarity_tests/wellformed5.key 
20849      DEBUG main            d.u.i.k.p.i.AbstractProblemLoader Environment load took 60.8ns 
20850      INFO  main            d.u.i.k.p.i.AbstractProblemLoader Creating init config 
23213      DEBUG main            d.u.i.k.p.i.AbstractProblemLoader Init config took 2.36s 
23231      INFO  main            d.u.i.k.p.i.AbstractProblemLoader Replaying proof wellformed5.key 
23233      DEBUG main            d.u.i.k.p.i.IntermediateProofReplayer Proof replay took 5.7ns 
23337      INFO  main            d.u.i.k.p.r.p.TestFile    ... finished proof: closed. 
23446      INFO  main            d.u.i.k.p.i.AbstractProblemLoader Loading environment from /home/runner/work/key/key/key.core/../key.ui/examples/heap/polarity_tests/wellformed5.key.proof 
23446      DEBUG main            d.u.i.k.p.i.AbstractProblemLoader Environment load took 104.5ns 
23447      INFO  main            d.u.i.k.p.i.AbstractProblemLoader Creating init config 
25800      DEBUG main            d.u.i.k.p.i.AbstractProblemLoader Init config took 2.35s 
25817      INFO  main            d.u.i.k.p.i.AbstractProblemLoader Replaying proof wellformed5.key.proof 
25820      DEBUG main            d.u.i.k.p.i.IntermediateProofReplayer Proof replay took 1.14ms 
25821      DEBUG main            d.u.i.k.p.r.p.TestFile    ... success: reloaded. 
25822      INFO  main            d.u.i.k.p.r.p.TestFile    Now processing file /home/runner/work/key/key/key.core/../key.ui/examples/heap/polarity_tests/wellformed6.key 
25822      INFO  main            d.u.i.k.p.i.AbstractProblemLoader Loading environment from /home/runner/work/key/key/key.core/../key.ui/examples/heap/polarity_tests/wellformed6.key 
25822      DEBUG main            d.u.i.k.p.i.AbstractProblemLoader Environment load took 89ns 
25823      INFO  main            d.u.i.k.p.i.AbstractProblemLoader Creating init config 
28177      DEBUG main            d.u.i.k.p.i.AbstractProblemLoader Init config took 2.35s 
28195      INFO  main            d.u.i.k.p.i.AbstractProblemLoader Replaying proof wellformed6.key 
28196      DEBUG main            d.u.i.k.p.i.IntermediateProofReplayer Proof replay took 5.7ns 
28299      INFO  main            d.u.i.k.p.r.p.TestFile    ... finished proof: open goal(s) 
28423      INFO  main            d.u.i.k.p.r.p.TestFile    Now processing file /home/runner/work/key/key/key.core/../key.ui/examples/heap/polarity_tests/wellformed7.key 
28423      INFO  main            d.u.i.k.p.i.AbstractProblemLoader Loading environment from /home/runner/work/key/key/key.core/../key.ui/examples/heap/polarity_tests/wellformed7.key 
28423      DEBUG main            d.u.i.k.p.i.AbstractProblemLoader Environment load took 62.1ns 
28425      INFO  main            d.u.i.k.p.i.AbstractProblemLoader Creating init config 
30755      DEBUG main            d.u.i.k.p.i.AbstractProblemLoader Init config took 2.33s 
30773      INFO  main            d.u.i.k.p.i.AbstractProblemLoader Replaying proof wellformed7.key 
30774      DEBUG main            d.u.i.k.p.i.IntermediateProofReplayer Proof replay took 6.2ns 
30876      INFO  main            d.u.i.k.p.r.p.TestFile    ... finished proof: closed. 
31011      INFO  main            d.u.i.k.p.i.AbstractProblemLoader Loading environment from /home/runner/work/key/key/key.core/../key.ui/examples/heap/polarity_tests/wellformed7.key.proof 
31011      DEBUG main            d.u.i.k.p.i.AbstractProblemLoader Environment load took 107.5ns 
31012      INFO  main            d.u.i.k.p.i.AbstractProblemLoader Creating init config 
33346      DEBUG main            d.u.i.k.p.i.AbstractProblemLoader Init config took 2.33s 
33362      INFO  main            d.u.i.k.p.i.AbstractProblemLoader Replaying proof wellformed7.key.proof 
33365      DEBUG main            d.u.i.k.p.i.IntermediateProofReplayer Proof replay took 1.52ms 
33366      DEBUG main            d.u.i.k.p.r.p.TestFile    ... success: reloaded. 
33367      INFO  main            d.u.i.k.p.r.p.TestFile    Now processing file /home/runner/work/key/key/key.core/../key.ui/examples/heap/polarity_tests/wellformed8.key 
33368      INFO  main            d.u.i.k.p.i.AbstractProblemLoader Loading environment from /home/runner/work/key/key/key.core/../key.ui/examples/heap/polarity_tests/wellformed8.key 
33371      DEBUG main            d.u.i.k.p.i.AbstractProblemLoader Environment load took 3.66ms 
33372      INFO  main            d.u.i.k.p.i.AbstractProblemLoader Creating init config 
35705      DEBUG main            d.u.i.k.p.i.AbstractProblemLoader Init config took 2.33s 
35721      INFO  main            d.u.i.k.p.i.AbstractProblemLoader Replaying proof wellformed8.key 
35722      DEBUG main            d.u.i.k.p.i.IntermediateProofReplayer Proof replay took 7.2ns 
35824      INFO  main            d.u.i.k.p.r.p.TestFile    ... finished proof: open goal(s) 
35957      INFO  main            d.u.i.k.p.r.p.TestFile    Now processing file /home/runner/work/key/key/key.core/../key.ui/examples/heap/polarity_tests/wellformed9.key 
35957      INFO  main            d.u.i.k.p.i.AbstractProblemLoader Loading environment from /home/runner/work/key/key/key.core/../key.ui/examples/heap/polarity_tests/wellformed9.key 
35957      DEBUG main            d.u.i.k.p.i.AbstractProblemLoader Environment load took 63.1ns 
35958      INFO  main            d.u.i.k.p.i.AbstractProblemLoader Creating init config 
38270      DEBUG main            d.u.i.k.p.i.AbstractProblemLoader Init config took 2.31s 
38286      INFO  main            d.u.i.k.p.i.AbstractProblemLoader Replaying proof wellformed9.key 
38287      DEBUG main            d.u.i.k.p.i.IntermediateProofReplayer Proof replay took 7.6ns 
38393      INFO  main            d.u.i.k.p.r.p.TestFile    ... finished proof: closed. 
38520      INFO  main            d.u.i.k.p.i.AbstractProblemLoader Loading environment from /home/runner/work/key/key/key.core/../key.ui/examples/heap/polarity_tests/wellformed9.key.proof 
38520      DEBUG main            d.u.i.k.p.i.AbstractProblemLoader Environment load took 119.2ns 
38521      INFO  main            d.u.i.k.p.i.AbstractProblemLoader Creating init config 
40804      DEBUG main            d.u.i.k.p.i.AbstractProblemLoader Init config took 2.28s 
40819      INFO  main            d.u.i.k.p.i.AbstractProblemLoader Replaying proof wellformed9.key.proof 
40832      DEBUG main            d.u.i.k.p.i.IntermediateProofReplayer Proof replay took 11.27ms 
40833      DEBUG main            d.u.i.k.p.r.p.TestFile    ... success: reloaded. 
40833      INFO  main            d.u.i.k.p.r.p.TestFile    Now processing file /home/runner/work/key/key/key.core/../key.ui/examples/heap/polarity_tests/wellformed10.key 
40834      INFO  main            d.u.i.k.p.i.AbstractProblemLoader Loading environment from /home/runner/work/key/key/key.core/../key.ui/examples/heap/polarity_tests/wellformed10.key 
40834      DEBUG main            d.u.i.k.p.i.AbstractProblemLoader Environment load took 94.8ns 
40835      INFO  main            d.u.i.k.p.i.AbstractProblemLoader Creating init config 
43163      DEBUG main            d.u.i.k.p.i.AbstractProblemLoader Init config took 2.33s 
43188      INFO  main            d.u.i.k.p.i.AbstractProblemLoader Replaying proof wellformed10.key 
43189      DEBUG main            d.u.i.k.p.i.IntermediateProofReplayer Proof replay took 6ns 
43292      INFO  main            d.u.i.k.p.r.p.TestFile    ... finished proof: open goal(s) 
43455      INFO  main            d.u.i.k.p.r.p.TestFile    Now processing file /home/runner/work/key/key/key.core/../key.ui/examples/heap/polarity_tests/wellformed11.key 
43455      INFO  main            d.u.i.k.p.i.AbstractProblemLoader Loading environment from /home/runner/work/key/key/key.core/../key.ui/examples/heap/polarity_tests/wellformed11.key 
43455      DEBUG main            d.u.i.k.p.i.AbstractProblemLoader Environment load took 74.9ns 
43456      INFO  main            d.u.i.k.p.i.AbstractProblemLoader Creating init config 
45709      DEBUG main            d.u.i.k.p.i.AbstractProblemLoader Init config took 2.25s 
45724      INFO  main            d.u.i.k.p.i.AbstractProblemLoader Replaying proof wellformed11.key 
45726      DEBUG main            d.u.i.k.p.i.IntermediateProofReplayer Proof replay took 6.1ns 
45829      INFO  main            d.u.i.k.p.r.p.TestFile    ... finished proof: open goal(s) 
472145     INFO  Test worker     d.u.i.k.p.r.RunAllProofsTestUnit Returning from test applicationRestrictions 
472148     INFO  Test worker     d.u.i.k.p.r.RunAllProofsTestUnit Running test blockContracts 
340        INFO  Timeout watchdog d.u.i.k.p.r.p.ForkedTestFileRunner Timeout watcher launched (2000 secs.) 
345        WARN  main            d.u.i.k.s.ProofSettings   The settings in /home/runner/.key/proof-settings.props are *not* read. 
381        INFO  main            d.u.i.k.p.r.p.TestFile    Now processing file /home/runner/work/key/key/key.core/../key.ui/examples/heap/block_contracts/Simple__add.key 
480        INFO  main            d.u.i.k.p.i.AbstractProblemLoader Loading environment from /home/runner/work/key/key/key.core/../key.ui/examples/heap/block_contracts/Simple__add.key 
496        DEBUG main            d.u.i.k.p.i.AbstractProblemLoader Environment load took 2.07ms 
736        INFO  main            d.u.i.k.p.i.AbstractProblemLoader Creating init config 
1559       DEBUG main            d.u.i.k.j.TypeConverter   No LDT found for Meta 
1560       DEBUG main            d.u.i.k.j.TypeConverter   No LDT found for Meta 
1563       DEBUG main            d.u.i.k.j.TypeConverter   No LDT found for Meta 
1563       DEBUG main            d.u.i.k.j.TypeConverter   No LDT found for Meta 
2894       DEBUG main            d.u.i.k.j.TypeConverter   No LDT found for JavaBigintExpression 
8359       DEBUG main            d.u.i.k.p.i.AbstractProblemLoader Init config took 7.62s 
8505       INFO  main            d.u.i.k.p.i.AbstractProblemLoader Replaying proof Simple[Simple::add(int,int)].JML operation contract.0 
8569       DEBUG main            d.u.i.k.p.i.IntermediateProofReplayer Proof replay took 297.3ns 
9291       INFO  main            d.u.i.k.p.r.p.TestFile    ... finished proof: closed. 
9400       INFO  main            d.u.i.k.p.i.AbstractProblemLoader Loading environment from /home/runner/work/key/key/key.core/../key.ui/examples/heap/block_contracts/Simple__add.key.proof 
9400       DEBUG main            d.u.i.k.p.i.AbstractProblemLoader Environment load took 130.9ns 
9404       INFO  main            d.u.i.k.p.i.AbstractProblemLoader Creating init config 
12653      DEBUG main            d.u.i.k.p.i.AbstractProblemLoader Init config took 3.25s 
12715      INFO  main            d.u.i.k.p.i.AbstractProblemLoader Replaying proof Simple[Simple::add(int,int)].JML operation contract.0 
12800      DEBUG main            d.u.i.k.p.i.IntermediateProofReplayer Proof replay took 81.55ms 
12806      DEBUG main            d.u.i.k.p.r.p.TestFile    ... success: reloaded. 
12808      INFO  main            d.u.i.k.p.r.p.TestFile    Now processing file /home/runner/work/key/key/key.core/../key.ui/examples/heap/block_contracts/Simple__addAbsoluteValues.key 
12808      INFO  main            d.u.i.k.p.i.AbstractProblemLoader Loading environment from /home/runner/work/key/key/key.core/../key.ui/examples/heap/block_contracts/Simple__addAbsoluteValues.key 
12808      DEBUG main            d.u.i.k.p.i.AbstractProblemLoader Environment load took 247.2ns 
12810      INFO  main            d.u.i.k.p.i.AbstractProblemLoader Creating init config 
15874      DEBUG main            d.u.i.k.p.i.AbstractProblemLoader Init config took 3.06s 
15933      INFO  main            d.u.i.k.p.i.AbstractProblemLoader Replaying proof Simple[Simple::addAbsoluteValues(int,int)].JML normal_behavior operation contract.0 
15936      DEBUG main            d.u.i.k.p.i.IntermediateProofReplayer Proof replay took 13.3ns 
16852      INFO  main            d.u.i.k.p.r.p.TestFile    ... finished proof: closed. 
17113      INFO  main            d.u.i.k.p.i.AbstractProblemLoader Loading environment from /home/runner/work/key/key/key.core/../key.ui/examples/heap/block_contracts/Simple__addAbsoluteValues.key.proof 
17114      DEBUG main            d.u.i.k.p.i.AbstractProblemLoader Environment load took 1.35ms 
17117      INFO  main            d.u.i.k.p.i.AbstractProblemLoader Creating init config 
20200      DEBUG main            d.u.i.k.p.i.AbstractProblemLoader Init config took 3.08s 
20252      INFO  main            d.u.i.k.p.i.AbstractProblemLoader Replaying proof Simple[Simple::addAbsoluteValues(int,int)].JML normal_behavior operation contract.0 
20430      DEBUG main            d.u.i.k.p.i.IntermediateProofReplayer Proof replay took 168.47ms 
20455      DEBUG main            d.u.i.k.p.r.p.TestFile    ... success: reloaded. 
20457      INFO  main            d.u.i.k.p.r.p.TestFile    Now processing file /home/runner/work/key/key/key.core/../key.ui/examples/heap/block_contracts/Simple__addWithJump.key 
20457      INFO  main            d.u.i.k.p.i.AbstractProblemLoader Loading environment from /home/runner/work/key/key/key.core/../key.ui/examples/heap/block_contracts/Simple__addWithJump.key 
20458      DEBUG main            d.u.i.k.p.i.AbstractProblemLoader Environment load took 268ns 
20459      INFO  main            d.u.i.k.p.i.AbstractProblemLoader Creating init config 
23566      DEBUG main            d.u.i.k.p.i.AbstractProblemLoader Init config took 3.11s 
23613      INFO  main            d.u.i.k.p.i.AbstractProblemLoader Replaying proof Simple[Simple::addWithJump(int,int,int)].JML operation contract.0 
23615      DEBUG main            d.u.i.k.p.i.IntermediateProofReplayer Proof replay took 19.4ns 
23817      INFO  main            d.u.i.k.p.r.p.TestFile    ... finished proof: closed. 
23978      INFO  main            d.u.i.k.p.i.AbstractProblemLoader Loading environment from /home/runner/work/key/key/key.core/../key.ui/examples/heap/block_contracts/Simple__addWithJump.key.proof 
23978      DEBUG main            d.u.i.k.p.i.AbstractProblemLoader Environment load took 114.7ns 
23979      INFO  main            d.u.i.k.p.i.AbstractProblemLoader Creating init config 
26936      DEBUG main            d.u.i.k.p.i.AbstractProblemLoader Init config took 2.96s 
26981      INFO  main            d.u.i.k.p.i.AbstractProblemLoader Replaying proof Simple[Simple::addWithJump(int,int,int)].JML operation contract.0 
27023      DEBUG main            d.u.i.k.p.i.IntermediateProofReplayer Proof replay took 40.18ms 
27024      DEBUG main            d.u.i.k.p.r.p.TestFile    ... success: reloaded. 
27025      INFO  main            d.u.i.k.p.r.p.TestFile    Now processing file /home/runner/work/key/key/key.core/../key.ui/examples/heap/block_contracts/Simple__addWithTwoBlockContracts.key 
27026      INFO  main            d.u.i.k.p.i.AbstractProblemLoader Loading environment from /home/runner/work/key/key/key.core/../key.ui/examples/heap/block_contracts/Simple__addWithTwoBlockContracts.key 
27026      DEBUG main            d.u.i.k.p.i.AbstractProblemLoader Environment load took 211.6ns 
27027      INFO  main            d.u.i.k.p.i.AbstractProblemLoader Creating init config 
30051      DEBUG main            d.u.i.k.p.i.AbstractProblemLoader Init config took 3.02s 
30120      INFO  main            d.u.i.k.p.i.AbstractProblemLoader Replaying proof Simple[Simple::addWithTwoBlockContracts(int,int,int)].JML operation contract.0 
30122      DEBUG main            d.u.i.k.p.i.IntermediateProofReplayer Proof replay took 10.5ns 
30325      INFO  main            d.u.i.k.p.r.p.TestFile    ... finished proof: closed. 
30482      INFO  main            d.u.i.k.p.i.AbstractProblemLoader Loading environment from /home/runner/work/key/key/key.core/../key.ui/examples/heap/block_contracts/Simple__addWithTwoBlockContracts.key.proof 
30482      DEBUG main            d.u.i.k.p.i.AbstractProblemLoader Environment load took 125.4ns 
30483      INFO  main            d.u.i.k.p.i.AbstractProblemLoader Creating init config 
33423      DEBUG main            d.u.i.k.p.i.AbstractProblemLoader Init config took 2.94s 
33478      INFO  main            d.u.i.k.p.i.AbstractProblemLoader Replaying proof Simple[Simple::addWithTwoBlockContracts(int,int,int)].JML operation contract.0 
33538      DEBUG main            d.u.i.k.p.i.IntermediateProofReplayer Proof replay took 57.42ms 
33539      DEBUG main            d.u.i.k.p.r.p.TestFile    ... success: reloaded. 
33540      INFO  main            d.u.i.k.p.r.p.TestFile    Now processing file /home/runner/work/key/key/key.core/../key.ui/examples/heap/block_contracts/Simple__generateByteArray.key 
33540      INFO  main            d.u.i.k.p.i.AbstractProblemLoader Loading environment from /home/runner/work/key/key/key.core/../key.ui/examples/heap/block_contracts/Simple__generateByteArray.key 
33540      DEBUG main            d.u.i.k.p.i.AbstractProblemLoader Environment load took 82.5ns 
33541      INFO  main            d.u.i.k.p.i.AbstractProblemLoader Creating init config 
36534      DEBUG main            d.u.i.k.p.i.AbstractProblemLoader Init config took 2.99s 
36577      INFO  main            d.u.i.k.p.i.AbstractProblemLoader Replaying proof Simple[Simple::generateByteArray()].JML normal_behavior operation contract.0 
36579      DEBUG main            d.u.i.k.p.i.IntermediateProofReplayer Proof replay took 9.9ns 
38490      INFO  main            d.u.i.k.p.r.p.TestFile    ... finished proof: closed. 
38682      INFO  main            d.u.i.k.p.i.AbstractProblemLoader Loading environment from /home/runner/work/key/key/key.core/../key.ui/examples/heap/block_contracts/Simple__generateByteArray.key.proof 
38682      DEBUG main            d.u.i.k.p.i.AbstractProblemLoader Environment load took 439.4ns 
38685      INFO  main            d.u.i.k.p.i.AbstractProblemLoader Creating init config 
41608      DEBUG main            d.u.i.k.p.i.AbstractProblemLoader Init config took 2.92s 
41650      INFO  main            d.u.i.k.p.i.AbstractProblemLoader Replaying proof Simple[Simple::generateByteArray()].JML normal_behavior operation contract.0 
41906      DEBUG main            d.u.i.k.p.i.IntermediateProofReplayer Proof replay took 240.7ms 
41908      DEBUG main            d.u.i.k.p.r.p.TestFile    ... success: reloaded. 
41909      INFO  main            d.u.i.k.p.r.p.TestFile    Now processing file /home/runner/work/key/key/key.core/../key.ui/examples/heap/block_contracts/Simple__getLength.key 
41910      INFO  main            d.u.i.k.p.i.AbstractProblemLoader Loading environment from /home/runner/work/key/key/key.core/../key.ui/examples/heap/block_contracts/Simple__getLength.key 
41910      DEBUG main            d.u.i.k.p.i.AbstractProblemLoader Environment load took 225.6ns 
41911      INFO  main            d.u.i.k.p.i.AbstractProblemLoader Creating init config 
44924      DEBUG main            d.u.i.k.p.i.AbstractProblemLoader Init config took 3.01s 
44963      INFO  main            d.u.i.k.p.i.AbstractProblemLoader Replaying proof Simple[Simple::getLength()].JML normal_behavior operation contract.0 
44965      DEBUG main            d.u.i.k.p.i.IntermediateProofReplayer Proof replay took 9.2ns 
45067      INFO  main            d.u.i.k.p.r.p.TestFile    ... finished proof: closed. 
45264      INFO  main            d.u.i.k.p.i.AbstractProblemLoader Loading environment from /home/runner/work/key/key/key.core/../key.ui/examples/heap/block_contracts/Simple__getLength.key.proof 
45264      DEBUG main            d.u.i.k.p.i.AbstractProblemLoader Environment load took 122.2ns 
45265      INFO  main            d.u.i.k.p.i.AbstractProblemLoader Creating init config 
48177      DEBUG main            d.u.i.k.p.i.AbstractProblemLoader Init config took 2.91s 
48216      INFO  main            d.u.i.k.p.i.AbstractProblemLoader Replaying proof Simple[Simple::getLength()].JML normal_behavior operation contract.0 
48224      DEBUG main            d.u.i.k.p.i.IntermediateProofReplayer Proof replay took 6.65ms 
48224      DEBUG main            d.u.i.k.p.r.p.TestFile    ... success: reloaded. 
48225      INFO  main            d.u.i.k.p.r.p.TestFile    Now processing file /home/runner/work/key/key/key.core/../key.ui/examples/heap/block_contracts/Simple__square.key 
48226      INFO  main            d.u.i.k.p.i.AbstractProblemLoader Loading environment from /home/runner/work/key/key/key.core/../key.ui/examples/heap/block_contracts/Simple__square.key 
48226      DEBUG main            d.u.i.k.p.i.AbstractProblemLoader Environment load took 87.6ns 
48227      INFO  main            d.u.i.k.p.i.AbstractProblemLoader Creating init config 
51162      DEBUG main            d.u.i.k.p.i.AbstractProblemLoader Init config took 2.94s 
51200      INFO  main            d.u.i.k.p.i.AbstractProblemLoader Replaying proof Simple[Simple::square(int)].JML operation contract.0 
51202      DEBUG main            d.u.i.k.p.i.IntermediateProofReplayer Proof replay took 9.5ns 
51506      INFO  main            d.u.i.k.p.r.p.TestFile    ... finished proof: closed. 
51680      INFO  main            d.u.i.k.p.i.AbstractProblemLoader Loading environment from /home/runner/work/key/key/key.core/../key.ui/examples/heap/block_contracts/Simple__square.key.proof 
51681      DEBUG main            d.u.i.k.p.i.AbstractProblemLoader Environment load took 108.2ns 
51681      INFO  main            d.u.i.k.p.i.AbstractProblemLoader Creating init config 
54606      DEBUG main            d.u.i.k.p.i.AbstractProblemLoader Init config took 2.92s 
54644      INFO  main            d.u.i.k.p.i.AbstractProblemLoader Replaying proof Simple[Simple::square(int)].JML operation contract.0 
54731      DEBUG main            d.u.i.k.p.i.IntermediateProofReplayer Proof replay took 84.47ms 
54732      DEBUG main            d.u.i.k.p.r.p.TestFile    ... success: reloaded. 
54733      INFO  main            d.u.i.k.p.r.p.TestFile    Now processing file /home/runner/work/key/key/key.core/../key.ui/examples/heap/block_contracts/Simple__unnecessaryBlockContract.key 
54734      INFO  main            d.u.i.k.p.i.AbstractProblemLoader Loading environment from /home/runner/work/key/key/key.core/../key.ui/examples/heap/block_contracts/Simple__unnecessaryBlockContract.key 
54734      DEBUG main            d.u.i.k.p.i.AbstractProblemLoader Environment load took 85.8ns 
54735      INFO  main            d.u.i.k.p.i.AbstractProblemLoader Creating init config 
57662      DEBUG main            d.u.i.k.p.i.AbstractProblemLoader Init config took 2.93s 
57699      INFO  main            d.u.i.k.p.i.AbstractProblemLoader Replaying proof Simple[Simple::unnecessaryBlockContract()].JML operation contract.0 
57701      DEBUG main            d.u.i.k.p.i.IntermediateProofReplayer Proof replay took 11.2ns 
57807      INFO  main            d.u.i.k.p.r.p.TestFile    ... finished proof: closed. 
58009      INFO  main            d.u.i.k.p.i.AbstractProblemLoader Loading environment from /home/runner/work/key/key/key.core/../key.ui/examples/heap/block_contracts/Simple__unnecessaryBlockContract.key.proof 
58009      DEBUG main            d.u.i.k.p.i.AbstractProblemLoader Environment load took 112.4ns 
58010      INFO  main            d.u.i.k.p.i.AbstractProblemLoader Creating init config 
60927      DEBUG main            d.u.i.k.p.i.AbstractProblemLoader Init config took 2.92s 
60965      INFO  main            d.u.i.k.p.i.AbstractProblemLoader Replaying proof Simple[Simple::unnecessaryBlockContract()].JML operation contract.0 
60986      DEBUG main            d.u.i.k.p.i.IntermediateProofReplayer Proof replay took 19.71ms 
60987      DEBUG main            d.u.i.k.p.r.p.TestFile    ... success: reloaded. 
60988      INFO  main            d.u.i.k.p.r.p.TestFile    Now processing file /home/runner/work/key/key/key.core/../key.ui/examples/heap/block_contracts/Simple__unnecessaryLoopInvariant.key 
60988      INFO  main            d.u.i.k.p.i.AbstractProblemLoader Loading environment from /home/runner/work/key/key/key.core/../key.ui/examples/heap/block_contracts/Simple__unnecessaryLoopInvariant.key 
60988      DEBUG main            d.u.i.k.p.i.AbstractProblemLoader Environment load took 86.3ns 
60989      INFO  main            d.u.i.k.p.i.AbstractProblemLoader Creating init config 
63888      DEBUG main            d.u.i.k.p.i.AbstractProblemLoader Init config took 2.9s 
63949      INFO  main            d.u.i.k.p.i.AbstractProblemLoader Replaying proof Simple[Simple::unnecessaryLoopInvariant()].JML operation contract.0 
63951      DEBUG main            d.u.i.k.p.i.IntermediateProofReplayer Proof replay took 10.9ns 
64055      INFO  main            d.u.i.k.p.r.p.TestFile    ... finished proof: closed. 
64227      INFO  main            d.u.i.k.p.i.AbstractProblemLoader Loading environment from /home/runner/work/key/key/key.core/../key.ui/examples/heap/block_contracts/Simple__unnecessaryLoopInvariant.key.proof 
64227      DEBUG main            d.u.i.k.p.i.AbstractProblemLoader Environment load took 100.1ns 
64228      INFO  main            d.u.i.k.p.i.AbstractProblemLoader Creating init config 
67108      DEBUG main            d.u.i.k.p.i.AbstractProblemLoader Init config took 2.88s 
67144      INFO  main            d.u.i.k.p.i.AbstractProblemLoader Replaying proof Simple[Simple::unnecessaryLoopInvariant()].JML operation contract.0 
67156      DEBUG main            d.u.i.k.p.i.IntermediateProofReplayer Proof replay took 10.13ms 
67156      DEBUG main            d.u.i.k.p.r.p.TestFile    ... success: reloaded. 
67157      INFO  main            d.u.i.k.p.r.p.TestFile    Now processing file /home/runner/work/key/key/key.core/../key.ui/examples/standard_key/java_dl/jml-assert/assert.key 
67158      INFO  main            d.u.i.k.p.i.AbstractProblemLoader Loading environment from /home/runner/work/key/key/key.core/../key.ui/examples/standard_key/java_dl/jml-assert/assert.key 
67158      DEBUG main            d.u.i.k.p.i.AbstractProblemLoader Environment load took 83.3ns 
67158      INFO  main            d.u.i.k.p.i.AbstractProblemLoader Creating init config 
69769      DEBUG main            d.u.i.k.p.i.AbstractProblemLoader Init config took 2.61s 
69808      INFO  main            d.u.i.k.p.i.AbstractProblemLoader Replaying proof Assert[Assert::createArray(int)].JML normal_behavior operation contract.0 
69809      DEBUG main            d.u.i.k.p.i.IntermediateProofReplayer Proof replay took 5.2ns 
70013      INFO  main            d.u.i.k.p.r.p.TestFile    ... finished proof: closed. 
70192      INFO  main            d.u.i.k.p.i.AbstractProblemLoader Loading environment from /home/runner/work/key/key/key.core/../key.ui/examples/standard_key/java_dl/jml-assert/assert.key.proof 
70193      DEBUG main            d.u.i.k.p.i.AbstractProblemLoader Environment load took 104.3ns 
70193      INFO  main            d.u.i.k.p.i.AbstractProblemLoader Creating init config 
72715      DEBUG main            d.u.i.k.p.i.AbstractProblemLoader Init config took 2.52s 
72761      INFO  main            d.u.i.k.p.i.AbstractProblemLoader Replaying proof Assert[Assert::createArray(int)].JML normal_behavior operation contract.0 
72804      DEBUG main            d.u.i.k.p.i.IntermediateProofReplayer Proof replay took 40.71ms 
72805      DEBUG main            d.u.i.k.p.r.p.TestFile    ... success: reloaded. 
72806      INFO  main            d.u.i.k.p.r.p.TestFile    Now processing file /home/runner/work/key/key/key.core/../key.ui/examples/standard_key/java_dl/jml-assert/assert_assume_order.key 
72806      INFO  main            d.u.i.k.p.i.AbstractProblemLoader Loading environment from /home/runner/work/key/key/key.core/../key.ui/examples/standard_key/java_dl/jml-assert/assert_assume_order.key 
72806      DEBUG main            d.u.i.k.p.i.AbstractProblemLoader Environment load took 85.7ns 
72807      INFO  main            d.u.i.k.p.i.AbstractProblemLoader Creating init config 
75395      DEBUG main            d.u.i.k.p.i.AbstractProblemLoader Init config took 2.59s 
75433      INFO  main            d.u.i.k.p.i.AbstractProblemLoader Replaying proof AssertAssume[AssertAssume::singleAssumeAssert(int)].JML normal_behavior operation contract.0 
75434      DEBUG main            d.u.i.k.p.i.IntermediateProofReplayer Proof replay took 5.5ns 
75537      INFO  main            d.u.i.k.p.r.p.TestFile    ... finished proof: closed. 
75715      INFO  main            d.u.i.k.p.i.AbstractProblemLoader Loading environment from /home/runner/work/key/key/key.core/../key.ui/examples/standard_key/java_dl/jml-assert/assert_assume_order.key.proof 
75715      DEBUG main            d.u.i.k.p.i.AbstractProblemLoader Environment load took 106.9ns 
75716      INFO  main            d.u.i.k.p.i.AbstractProblemLoader Creating init config 
78218      DEBUG main            d.u.i.k.p.i.AbstractProblemLoader Init config took 2.5s 
78253      INFO  main            d.u.i.k.p.i.AbstractProblemLoader Replaying proof AssertAssume[AssertAssume::singleAssumeAssert(int)].JML normal_behavior operation contract.0 
78262      DEBUG main            d.u.i.k.p.i.IntermediateProofReplayer Proof replay took 6.89ms 
78263      DEBUG main            d.u.i.k.p.r.p.TestFile    ... success: reloaded. 
78264      INFO  main            d.u.i.k.p.r.p.TestFile    Now processing file /home/runner/work/key/key/key.core/../key.ui/examples/heap/block_loop_contracts/SimpleVariants/sum_onBlock_external.key 
78264      INFO  main            d.u.i.k.p.i.AbstractProblemLoader Loading environment from /home/runner/work/key/key/key.core/../key.ui/examples/heap/block_loop_contracts/SimpleVariants/sum_onBlock_external.key 
78264      DEBUG main            d.u.i.k.p.i.AbstractProblemLoader Environment load took 90.8ns 
78265      INFO  main            d.u.i.k.p.i.AbstractProblemLoader Creating init config 
81100      DEBUG main            d.u.i.k.p.i.AbstractProblemLoader Init config took 2.83s 
81137      INFO  main            d.u.i.k.p.i.AbstractProblemLoader Replaying proof LoopContractExamplesAll[LoopContractExamplesAll::sum_loopContract_onBlock([I)].JML normal_behavior operation contract.0 
81140      DEBUG main            d.u.i.k.p.i.IntermediateProofReplayer Proof replay took 9.8ns 
81242      INFO  main            d.u.i.k.p.r.p.TestFile    ... finished proof: closed. 
81441      INFO  main            d.u.i.k.p.i.AbstractProblemLoader Loading environment from /home/runner/work/key/key/key.core/../key.ui/examples/heap/block_loop_contracts/SimpleVariants/sum_onBlock_external.key.proof 
81441      DEBUG main            d.u.i.k.p.i.AbstractProblemLoader Environment load took 118.4ns 
81442      INFO  main            d.u.i.k.p.i.AbstractProblemLoader Creating init config 
84166      DEBUG main            d.u.i.k.p.i.AbstractProblemLoader Init config took 2.72s 
84200      INFO  main            d.u.i.k.p.i.AbstractProblemLoader Replaying proof LoopContractExamplesAll[LoopContractExamplesAll::sum_loopContract_onBlock([I)].JML normal_behavior operation contract.0 
84232      DEBUG main            d.u.i.k.p.i.IntermediateProofReplayer Proof replay took 30.39ms 
84233      DEBUG main            d.u.i.k.p.r.p.TestFile    ... success: reloaded. 
84234      INFO  main            d.u.i.k.p.r.p.TestFile    Now processing file /home/runner/work/key/key/key.core/../key.ui/examples/heap/block_loop_contracts/SimpleVariants/sum_onBlock_internal.key 
84234      INFO  main            d.u.i.k.p.i.AbstractProblemLoader Loading environment from /home/runner/work/key/key/key.core/../key.ui/examples/heap/block_loop_contracts/SimpleVariants/sum_onBlock_internal.key 
84234      DEBUG main            d.u.i.k.p.i.AbstractProblemLoader Environment load took 91.5ns 
84235      INFO  main            d.u.i.k.p.i.AbstractProblemLoader Creating init config 
86989      DEBUG main            d.u.i.k.p.i.AbstractProblemLoader Init config took 2.75s 
87023      INFO  main            d.u.i.k.p.i.AbstractProblemLoader Replaying proof LoopContractExamplesAll[LoopContractExamplesAll::sum_loopContract_onBlock([I)].JML normal_behavior operation contract.0 
87025      DEBUG main            d.u.i.k.p.i.IntermediateProofReplayer Proof replay took 9.4ns 
87627      INFO  main            d.u.i.k.p.r.p.TestFile    ... finished proof: closed. 
87837      INFO  main            d.u.i.k.p.i.AbstractProblemLoader Loading environment from /home/runner/work/key/key/key.core/../key.ui/examples/heap/block_loop_contracts/SimpleVariants/sum_onBlock_internal.key.proof 
87837      DEBUG main            d.u.i.k.p.i.AbstractProblemLoader Environment load took 100.1ns 
87838      INFO  main            d.u.i.k.p.i.AbstractProblemLoader Creating init config 
90568      DEBUG main            d.u.i.k.p.i.AbstractProblemLoader Init config took 2.73s 
90600      INFO  main            d.u.i.k.p.i.AbstractProblemLoader Replaying proof LoopContractExamplesAll[LoopContractExamplesAll::sum_loopContract_onBlock([I)].JML normal_behavior operation contract.0 
90841      DEBUG main            d.u.i.k.p.i.IntermediateProofReplayer Proof replay took 237.25ms 
90842      DEBUG main            d.u.i.k.p.r.p.TestFile    ... success: reloaded. 
90843      INFO  main            d.u.i.k.p.r.p.TestFile    Now processing file /home/runner/work/key/key/key.core/../key.ui/examples/heap/block_loop_contracts/SimpleVariants/sum_onBlock_loop.key 
90844      INFO  main            d.u.i.k.p.i.AbstractProblemLoader Loading environment from /home/runner/work/key/key/key.core/../key.ui/examples/heap/block_loop_contracts/SimpleVariants/sum_onBlock_loop.key 
90844      DEBUG main            d.u.i.k.p.i.AbstractProblemLoader Environment load took 219.4ns 
90845      INFO  main            d.u.i.k.p.i.AbstractProblemLoader Creating init config 
93574      DEBUG main            d.u.i.k.p.i.AbstractProblemLoader Init config took 2.73s 
93609      INFO  main            d.u.i.k.p.i.AbstractProblemLoader Replaying proof LoopContractExamplesAll[LoopContractExamplesAll::sum_loopContract_onBlock([I)].JML normal_behavior loop contract.0 
93611      DEBUG main            d.u.i.k.p.i.IntermediateProofReplayer Proof replay took 22.4ns 
94334      INFO  main            d.u.i.k.p.r.p.TestFile    ... finished proof: closed. 
94574      INFO  main            d.u.i.k.p.i.AbstractProblemLoader Loading environment from /home/runner/work/key/key/key.core/../key.ui/examples/heap/block_loop_contracts/SimpleVariants/sum_onBlock_loop.key.proof 
94574      DEBUG main            d.u.i.k.p.i.AbstractProblemLoader Environment load took 102.3ns 
94575      INFO  main            d.u.i.k.p.i.AbstractProblemLoader Creating init config 
97272      DEBUG main            d.u.i.k.p.i.AbstractProblemLoader Init config took 2.7s 
97306      INFO  main            d.u.i.k.p.i.AbstractProblemLoader Replaying proof LoopContractExamplesAll[LoopContractExamplesAll::sum_loopContract_onBlock([I)].JML normal_behavior loop contract.0 
97542      DEBUG main            d.u.i.k.p.i.IntermediateProofReplayer Proof replay took 231.26ms 
97543      DEBUG main            d.u.i.k.p.r.p.TestFile    ... success: reloaded. 
97544      INFO  main            d.u.i.k.p.r.p.TestFile    Now processing file /home/runner/work/key/key/key.core/../key.ui/examples/heap/block_loop_contracts/SimpleVariants/sum_onLoop_external.key 
97544      INFO  main            d.u.i.k.p.i.AbstractProblemLoader Loading environment from /home/runner/work/key/key/key.core/../key.ui/examples/heap/block_loop_contracts/SimpleVariants/sum_onLoop_external.key 
97544      DEBUG main            d.u.i.k.p.i.AbstractProblemLoader Environment load took 90.7ns 
97545      INFO  main            d.u.i.k.p.i.AbstractProblemLoader Creating init config 
100383     DEBUG main            d.u.i.k.p.i.AbstractProblemLoader Init config took 2.84s 
100416     INFO  main            d.u.i.k.p.i.AbstractProblemLoader Replaying proof LoopContractExamplesAll[LoopContractExamplesAll::sum_loopContract_onLoop([I)].JML normal_behavior operation contract.0 
100419     DEBUG main            d.u.i.k.p.i.IntermediateProofReplayer Proof replay took 9.8ns 
100525     INFO  main            d.u.i.k.p.r.p.TestFile    ... finished proof: closed. 
100763     INFO  main            d.u.i.k.p.i.AbstractProblemLoader Loading environment from /home/runner/work/key/key/key.core/../key.ui/examples/heap/block_loop_contracts/SimpleVariants/sum_onLoop_external.key.proof 
100763     DEBUG main            d.u.i.k.p.i.AbstractProblemLoader Environment load took 105.2ns 
100764     INFO  main            d.u.i.k.p.i.AbstractProblemLoader Creating init config 
103452     DEBUG main            d.u.i.k.p.i.AbstractProblemLoader Init config took 2.69s 
103496     INFO  main            d.u.i.k.p.i.AbstractProblemLoader Replaying proof LoopContractExamplesAll[LoopContractExamplesAll::sum_loopContract_onLoop([I)].JML normal_behavior operation contract.0 
103524     DEBUG main            d.u.i.k.p.i.IntermediateProofReplayer Proof replay took 25.68ms 
103524     DEBUG main            d.u.i.k.p.r.p.TestFile    ... success: reloaded. 
103525     INFO  main            d.u.i.k.p.r.p.TestFile    Now processing file /home/runner/work/key/key/key.core/../key.ui/examples/heap/block_loop_contracts/SimpleVariants/sum_onLoop_internal.key 
103525     INFO  main            d.u.i.k.p.i.AbstractProblemLoader Loading environment from /home/runner/work/key/key/key.core/../key.ui/examples/heap/block_loop_contracts/SimpleVariants/sum_onLoop_internal.key 
103525     DEBUG main            d.u.i.k.p.i.AbstractProblemLoader Environment load took 73.5ns 
103526     INFO  main            d.u.i.k.p.i.AbstractProblemLoader Creating init config 
106279     DEBUG main            d.u.i.k.p.i.AbstractProblemLoader Init config took 2.75s 
106316     INFO  main            d.u.i.k.p.i.AbstractProblemLoader Replaying proof LoopContractExamplesAll[LoopContractExamplesAll::sum_loopContract_onLoop([I)].JML normal_behavior operation contract.0 
106317     DEBUG main            d.u.i.k.p.i.IntermediateProofReplayer Proof replay took 10.8ns 
106935     INFO  main            d.u.i.k.p.r.p.TestFile    ... finished proof: closed. 
107175     INFO  main            d.u.i.k.p.i.AbstractProblemLoader Loading environment from /home/runner/work/key/key/key.core/../key.ui/examples/heap/block_loop_contracts/SimpleVariants/sum_onLoop_internal.key.proof 
107175     DEBUG main            d.u.i.k.p.i.AbstractProblemLoader Environment load took 103.5ns 
107176     INFO  main            d.u.i.k.p.i.AbstractProblemLoader Creating init config 
109876     DEBUG main            d.u.i.k.p.i.AbstractProblemLoader Init config took 2.7s 
109911     INFO  main            d.u.i.k.p.i.AbstractProblemLoader Replaying proof LoopContractExamplesAll[LoopContractExamplesAll::sum_loopContract_onLoop([I)].JML normal_behavior operation contract.0 
110142     DEBUG main            d.u.i.k.p.i.IntermediateProofReplayer Proof replay took 224.19ms 
110143     DEBUG main            d.u.i.k.p.r.p.TestFile    ... success: reloaded. 
110144     INFO  main            d.u.i.k.p.r.p.TestFile    Now processing file /home/runner/work/key/key/key.core/../key.ui/examples/heap/block_loop_contracts/SimpleVariants/sum_onLoop_loop.key 
110144     INFO  main            d.u.i.k.p.i.AbstractProblemLoader Loading environment from /home/runner/work/key/key/key.core/../key.ui/examples/heap/block_loop_contracts/SimpleVariants/sum_onLoop_loop.key 
110144     DEBUG main            d.u.i.k.p.i.AbstractProblemLoader Environment load took 204.4ns 
110145     INFO  main            d.u.i.k.p.i.AbstractProblemLoader Creating init config 
112935     DEBUG main            d.u.i.k.p.i.AbstractProblemLoader Init config took 2.79s 
112973     INFO  main            d.u.i.k.p.i.AbstractProblemLoader Replaying proof LoopContractExamplesAll[LoopContractExamplesAll::sum_loopContract_onLoop([I)].JML normal_behavior loop contract.0 
112976     DEBUG main            d.u.i.k.p.i.IntermediateProofReplayer Proof replay took 10.3ns 
113679     INFO  main            d.u.i.k.p.r.p.TestFile    ... finished proof: closed. 
113941     INFO  main            d.u.i.k.p.i.AbstractProblemLoader Loading environment from /home/runner/work/key/key/key.core/../key.ui/examples/heap/block_loop_contracts/SimpleVariants/sum_onLoop_loop.key.proof 
113941     DEBUG main            d.u.i.k.p.i.AbstractProblemLoader Environment load took 135.9ns 
113942     INFO  main            d.u.i.k.p.i.AbstractProblemLoader Creating init config 
116624     DEBUG main            d.u.i.k.p.i.AbstractProblemLoader Init config took 2.68s 
116658     INFO  main            d.u.i.k.p.i.AbstractProblemLoader Replaying proof LoopContractExamplesAll[LoopContractExamplesAll::sum_loopContract_onLoop([I)].JML normal_behavior loop contract.0 
116899     DEBUG main            d.u.i.k.p.i.IntermediateProofReplayer Proof replay took 238.01ms 
116900     DEBUG main            d.u.i.k.p.r.p.TestFile    ... success: reloaded. 
116901     INFO  main            d.u.i.k.p.r.p.TestFile    Now processing file /home/runner/work/key/key/key.core/../key.ui/examples/heap/block_loop_contracts/Free/blockContracts0.key 
116901     INFO  main            d.u.i.k.p.i.AbstractProblemLoader Loading environment from /home/runner/work/key/key/key.core/../key.ui/examples/heap/block_loop_contracts/Free/blockContracts0.key 
116901     DEBUG main            d.u.i.k.p.i.AbstractProblemLoader Environment load took 87.9ns 
116902     INFO  main            d.u.i.k.p.i.AbstractProblemLoader Creating init config 
119312     DEBUG main            d.u.i.k.p.i.AbstractProblemLoader Init config took 2.41s 
119345     INFO  main            d.u.i.k.p.i.AbstractProblemLoader Replaying proof FreeConditions[FreeConditions::blockContract0()].JML normal_behavior operation contract.0 
119347     DEBUG main            d.u.i.k.p.i.IntermediateProofReplayer Proof replay took 10.2ns 
119448     INFO  main            d.u.i.k.p.r.p.TestFile    ... finished proof: closed. 
119698     INFO  main            d.u.i.k.p.i.AbstractProblemLoader Loading environment from /home/runner/work/key/key/key.core/../key.ui/examples/heap/block_loop_contracts/Free/blockContracts0.key.proof 
119698     DEBUG main            d.u.i.k.p.i.AbstractProblemLoader Environment load took 98.1ns 
119699     INFO  main            d.u.i.k.p.i.AbstractProblemLoader Creating init config 
122084     DEBUG main            d.u.i.k.p.i.AbstractProblemLoader Init config took 2.39s 
122116     INFO  main            d.u.i.k.p.i.AbstractProblemLoader Replaying proof FreeConditions[FreeConditions::blockContract0()].JML normal_behavior operation contract.0 
122135     DEBUG main            d.u.i.k.p.i.IntermediateProofReplayer Proof replay took 17.48ms 
122136     DEBUG main            d.u.i.k.p.r.p.TestFile    ... success: reloaded. 
122136     INFO  main            d.u.i.k.p.r.p.TestFile    Now processing file /home/runner/work/key/key/key.core/../key.ui/examples/heap/block_loop_contracts/Free/blockContracts1.key 
122137     INFO  main            d.u.i.k.p.i.AbstractProblemLoader Loading environment from /home/runner/work/key/key/key.core/../key.ui/examples/heap/block_loop_contracts/Free/blockContracts1.key 
122137     DEBUG main            d.u.i.k.p.i.AbstractProblemLoader Environment load took 71ns 
122137     INFO  main            d.u.i.k.p.i.AbstractProblemLoader Creating init config 
124521     DEBUG main            d.u.i.k.p.i.AbstractProblemLoader Init config took 2.38s 
124567     INFO  main            d.u.i.k.p.i.AbstractProblemLoader Replaying proof FreeConditions[FreeConditions::blockContract1()].JML normal_behavior operation contract.0 
124569     DEBUG main            d.u.i.k.p.i.IntermediateProofReplayer Proof replay took 10.4ns 
124673     INFO  main            d.u.i.k.p.r.p.TestFile    ... finished proof: closed. 
124904     INFO  main            d.u.i.k.p.i.AbstractProblemLoader Loading environment from /home/runner/work/key/key/key.core/../key.ui/examples/heap/block_loop_contracts/Free/blockContracts1.key.proof 
124904     DEBUG main            d.u.i.k.p.i.AbstractProblemLoader Environment load took 126ns 
124905     INFO  main            d.u.i.k.p.i.AbstractProblemLoader Creating init config 
127271     DEBUG main            d.u.i.k.p.i.AbstractProblemLoader Init config took 2.37s 
127311     INFO  main            d.u.i.k.p.i.AbstractProblemLoader Replaying proof FreeConditions[FreeConditions::blockContract1()].JML normal_behavior operation contract.0 
127328     DEBUG main            d.u.i.k.p.i.IntermediateProofReplayer Proof replay took 14.76ms 
127328     DEBUG main            d.u.i.k.p.r.p.TestFile    ... success: reloaded. 
127329     INFO  main            d.u.i.k.p.r.p.TestFile    Now processing file /home/runner/work/key/key/key.core/../key.ui/examples/heap/block_loop_contracts/Finally/block_finally.key 
127329     INFO  main            d.u.i.k.p.i.AbstractProblemLoader Loading environment from /home/runner/work/key/key/key.core/../key.ui/examples/heap/block_loop_contracts/Finally/block_finally.key 
127329     DEBUG main            d.u.i.k.p.i.AbstractProblemLoader Environment load took 74.9ns 
127330     INFO  main            d.u.i.k.p.i.AbstractProblemLoader Creating init config 
129724     DEBUG main            d.u.i.k.p.i.AbstractProblemLoader Init config took 2.39s 
129758     INFO  main            d.u.i.k.p.i.AbstractProblemLoader Replaying proof AuxiliaryContractsFinally[AuxiliaryContractsFinally::breakThrowContinueBlockContract(java.lang.Exception)].JML block contract.0 
129759     DEBUG main            d.u.i.k.p.i.IntermediateProofReplayer Proof replay took 10.6ns 
130262     INFO  main            d.u.i.k.p.r.p.TestFile    ... finished proof: open goal(s) 
130521     INFO  main            d.u.i.k.p.r.p.TestFile    Now processing file /home/runner/work/key/key/key.core/../key.ui/examples/heap/block_loop_contracts/Finally/loop_finally.key 
130522     INFO  main            d.u.i.k.p.i.AbstractProblemLoader Loading environment from /home/runner/work/key/key/key.core/../key.ui/examples/heap/block_loop_contracts/Finally/loop_finally.key 
130522     DEBUG main            d.u.i.k.p.i.AbstractProblemLoader Environment load took 91.3ns 
130523     INFO  main            d.u.i.k.p.i.AbstractProblemLoader Creating init config 
132894     DEBUG main            d.u.i.k.p.i.AbstractProblemLoader Init config took 2.37s 
132929     INFO  main            d.u.i.k.p.i.AbstractProblemLoader Replaying proof AuxiliaryContractsFinally[AuxiliaryContractsFinally::breakThrowContinueLoopContract(java.lang.Exception)].JML normal_behavior loop contract.0 
132930     DEBUG main            d.u.i.k.p.i.IntermediateProofReplayer Proof replay took 10.7ns 
133540     INFO  main            d.u.i.k.p.r.p.TestFile    ... finished proof: open goal(s) 
606106     INFO  Test worker     d.u.i.k.p.r.RunAllProofsTestUnit Returning from test blockContracts 
606107     INFO  Test worker     d.u.i.k.p.r.RunAllProofsTestUnit Running test jmlAsserts 
336        INFO  Timeout watchdog d.u.i.k.p.r.p.ForkedTestFileRunner Timeout watcher launched (2000 secs.) 
355        WARN  main            d.u.i.k.s.ProofSettings   The settings in /home/runner/.key/proof-settings.props are *not* read. 
404        INFO  main            d.u.i.k.p.r.p.TestFile    Now processing file /home/runner/work/key/key/key.core/../key.ui/examples/standard_key/java_dl/jml-assert/assert.key 
533        INFO  main            d.u.i.k.p.i.AbstractProblemLoader Loading environment from /home/runner/work/key/key/key.core/../key.ui/examples/standard_key/java_dl/jml-assert/assert.key 
548        DEBUG main            d.u.i.k.p.i.AbstractProblemLoader Environment load took 1.77ms 
751        INFO  main            d.u.i.k.p.i.AbstractProblemLoader Creating init config 
1660       DEBUG main            d.u.i.k.j.TypeConverter   No LDT found for Meta 
1661       DEBUG main            d.u.i.k.j.TypeConverter   No LDT found for Meta 
1664       DEBUG main            d.u.i.k.j.TypeConverter   No LDT found for Meta 
1665       DEBUG main            d.u.i.k.j.TypeConverter   No LDT found for Meta 
2825       DEBUG main            d.u.i.k.j.TypeConverter   No LDT found for JavaBigintExpression 
7751       DEBUG main            d.u.i.k.p.i.AbstractProblemLoader Init config took 7s 
7899       INFO  main            d.u.i.k.p.i.AbstractProblemLoader Replaying proof Assert[Assert::createArray(int)].JML normal_behavior operation contract.0 
7927       DEBUG main            d.u.i.k.p.i.IntermediateProofReplayer Proof replay took 29.4ns 
8754       INFO  main            d.u.i.k.p.r.p.TestFile    ... finished proof: closed. 
8865       INFO  main            d.u.i.k.p.i.AbstractProblemLoader Loading environment from /home/runner/work/key/key/key.core/../key.ui/examples/standard_key/java_dl/jml-assert/assert.key.proof 
8868       DEBUG main            d.u.i.k.p.i.AbstractProblemLoader Environment load took 2.48ms 
8870       INFO  main            d.u.i.k.p.i.AbstractProblemLoader Creating init config 
11727      DEBUG main            d.u.i.k.p.i.AbstractProblemLoader Init config took 2.86s 
11801      INFO  main            d.u.i.k.p.i.AbstractProblemLoader Replaying proof Assert[Assert::createArray(int)].JML normal_behavior operation contract.0 
11914      DEBUG main            d.u.i.k.p.i.IntermediateProofReplayer Proof replay took 107.34ms 
11920      DEBUG main            d.u.i.k.p.r.p.TestFile    ... success: reloaded. 
11922      INFO  main            d.u.i.k.p.r.p.TestFile    Now processing file /home/runner/work/key/key/key.core/../key.ui/examples/heap/block_loop_contracts/Free/assertions0.key 
11922      INFO  main            d.u.i.k.p.i.AbstractProblemLoader Loading environment from /home/runner/work/key/key/key.core/../key.ui/examples/heap/block_loop_contracts/Free/assertions0.key 
11923      DEBUG main            d.u.i.k.p.i.AbstractProblemLoader Environment load took 228ns 
11925      INFO  main            d.u.i.k.p.i.AbstractProblemLoader Creating init config 
14502      DEBUG main            d.u.i.k.p.i.AbstractProblemLoader Init config took 2.58s 
14558      INFO  main            d.u.i.k.p.i.AbstractProblemLoader Replaying proof FreeConditions[FreeConditions::assertions0()].JML normal_behavior operation contract.0 
14562      DEBUG main            d.u.i.k.p.i.IntermediateProofReplayer Proof replay took 12ns 
14764      INFO  main            d.u.i.k.p.r.p.TestFile    ... finished proof: closed. 
14901      INFO  main            d.u.i.k.p.i.AbstractProblemLoader Loading environment from /home/runner/work/key/key/key.core/../key.ui/examples/heap/block_loop_contracts/Free/assertions0.key.proof 
14901      DEBUG main            d.u.i.k.p.i.AbstractProblemLoader Environment load took 112.4ns 
14906      INFO  main            d.u.i.k.p.i.AbstractProblemLoader Creating init config 
17378      DEBUG main            d.u.i.k.p.i.AbstractProblemLoader Init config took 2.47s 
17435      INFO  main            d.u.i.k.p.i.AbstractProblemLoader Replaying proof FreeConditions[FreeConditions::assertions0()].JML normal_behavior operation contract.0 
17458      DEBUG main            d.u.i.k.p.i.IntermediateProofReplayer Proof replay took 20.11ms 
17459      DEBUG main            d.u.i.k.p.r.p.TestFile    ... success: reloaded. 
17461      INFO  main            d.u.i.k.p.r.p.TestFile    Now processing file /home/runner/work/key/key/key.core/../key.ui/examples/heap/block_loop_contracts/Free/assertions1.key 
17461      INFO  main            d.u.i.k.p.i.AbstractProblemLoader Loading environment from /home/runner/work/key/key/key.core/../key.ui/examples/heap/block_loop_contracts/Free/assertions1.key 
17461      DEBUG main            d.u.i.k.p.i.AbstractProblemLoader Environment load took 226.4ns 
17463      INFO  main            d.u.i.k.p.i.AbstractProblemLoader Creating init config 
19979      DEBUG main            d.u.i.k.p.i.AbstractProblemLoader Init config took 2.52s 
20026      INFO  main            d.u.i.k.p.i.AbstractProblemLoader Replaying proof FreeConditions[FreeConditions::assertions1()].JML normal_behavior operation contract.0 
20028      DEBUG main            d.u.i.k.p.i.IntermediateProofReplayer Proof replay took 12.4ns 
20130      INFO  main            d.u.i.k.p.r.p.TestFile    ... finished proof: closed. 
20311      INFO  main            d.u.i.k.p.i.AbstractProblemLoader Loading environment from /home/runner/work/key/key/key.core/../key.ui/examples/heap/block_loop_contracts/Free/assertions1.key.proof 
20312      DEBUG main            d.u.i.k.p.i.AbstractProblemLoader Environment load took 111ns 
20313      INFO  main            d.u.i.k.p.i.AbstractProblemLoader Creating init config 
22756      DEBUG main            d.u.i.k.p.i.AbstractProblemLoader Init config took 2.44s 
22801      INFO  main            d.u.i.k.p.i.AbstractProblemLoader Replaying proof FreeConditions[FreeConditions::assertions1()].JML normal_behavior operation contract.0 
22808      DEBUG main            d.u.i.k.p.i.IntermediateProofReplayer Proof replay took 4.73ms 
22809      DEBUG main            d.u.i.k.p.r.p.TestFile    ... success: reloaded. 
22810      INFO  main            d.u.i.k.p.r.p.TestFile    Now processing file /home/runner/work/key/key/key.core/../key.ui/examples/standard_key/java_dl/jml-assert/recursion-assert.key 
22810      INFO  main            d.u.i.k.p.i.AbstractProblemLoader Loading environment from /home/runner/work/key/key/key.core/../key.ui/examples/standard_key/java_dl/jml-assert/recursion-assert.key 
22811      DEBUG main            d.u.i.k.p.i.AbstractProblemLoader Environment load took 225.9ns 
22812      INFO  main            d.u.i.k.p.i.AbstractProblemLoader Creating init config 
25411      DEBUG main            d.u.i.k.p.i.AbstractProblemLoader Init config took 2.6s 
25456      INFO  main            d.u.i.k.p.i.AbstractProblemLoader Replaying proof RecursiveMethod[RecursiveMethod::fac1(int)].JML normal_behavior operation contract.0 
25458      DEBUG main            d.u.i.k.p.i.IntermediateProofReplayer Proof replay took 5.1ns 
25664      INFO  main            d.u.i.k.p.r.p.TestFile    ... finished proof: closed. 
25829      INFO  main            d.u.i.k.p.i.AbstractProblemLoader Loading environment from /home/runner/work/key/key/key.core/../key.ui/examples/standard_key/java_dl/jml-assert/recursion-assert.key.proof 
25829      DEBUG main            d.u.i.k.p.i.AbstractProblemLoader Environment load took 108.8ns 
25830      INFO  main            d.u.i.k.p.i.AbstractProblemLoader Creating init config 
28361      DEBUG main            d.u.i.k.p.i.AbstractProblemLoader Init config took 2.53s 
28415      INFO  main            d.u.i.k.p.i.AbstractProblemLoader Replaying proof RecursiveMethod[RecursiveMethod::fac1(int)].JML normal_behavior operation contract.0 
28454      DEBUG main            d.u.i.k.p.i.IntermediateProofReplayer Proof replay took 36.85ms 
28456      DEBUG main            d.u.i.k.p.r.p.TestFile    ... success: reloaded. 
28457      INFO  main            d.u.i.k.p.r.p.TestFile    Now processing file /home/runner/work/key/key/key.core/../key.ui/examples/standard_key/java_dl/jml-assert/recursion-assume.key 
28457      INFO  main            d.u.i.k.p.i.AbstractProblemLoader Loading environment from /home/runner/work/key/key/key.core/../key.ui/examples/standard_key/java_dl/jml-assert/recursion-assume.key 
28457      DEBUG main            d.u.i.k.p.i.AbstractProblemLoader Environment load took 259ns 
28458      INFO  main            d.u.i.k.p.i.AbstractProblemLoader Creating init config 
31068      DEBUG main            d.u.i.k.p.i.AbstractProblemLoader Init config took 2.61s 
31110      INFO  main            d.u.i.k.p.i.AbstractProblemLoader Replaying proof RecursiveMethod[RecursiveMethod::fac2(int)].JML normal_behavior operation contract.0 
31111      DEBUG main            d.u.i.k.p.i.IntermediateProofReplayer Proof replay took 6.6ns 
31316      INFO  main            d.u.i.k.p.r.p.TestFile    ... finished proof: closed. 
31489      INFO  main            d.u.i.k.p.i.AbstractProblemLoader Loading environment from /home/runner/work/key/key/key.core/../key.ui/examples/standard_key/java_dl/jml-assert/recursion-assume.key.proof 
31489      DEBUG main            d.u.i.k.p.i.AbstractProblemLoader Environment load took 107.6ns 
31490      INFO  main            d.u.i.k.p.i.AbstractProblemLoader Creating init config 
34000      DEBUG main            d.u.i.k.p.i.AbstractProblemLoader Init config took 2.51s 
34055      INFO  main            d.u.i.k.p.i.AbstractProblemLoader Replaying proof RecursiveMethod[RecursiveMethod::fac2(int)].JML normal_behavior operation contract.0 
34090      DEBUG main            d.u.i.k.p.i.IntermediateProofReplayer Proof replay took 33.02ms 
34091      DEBUG main            d.u.i.k.p.r.p.TestFile    ... success: reloaded. 
34092      INFO  main            d.u.i.k.p.r.p.TestFile    Now processing file /home/runner/work/key/key/key.core/../key.ui/examples/standard_key/java_dl/jml-assert/quantor-assert.key 
34092      INFO  main            d.u.i.k.p.i.AbstractProblemLoader Loading environment from /home/runner/work/key/key/key.core/../key.ui/examples/standard_key/java_dl/jml-assert/quantor-assert.key 
34092      DEBUG main            d.u.i.k.p.i.AbstractProblemLoader Environment load took 79.9ns 
34102      INFO  main            d.u.i.k.p.i.AbstractProblemLoader Creating init config 
36688      DEBUG main            d.u.i.k.p.i.AbstractProblemLoader Init config took 2.59s 
36728      INFO  main            d.u.i.k.p.i.AbstractProblemLoader Replaying proof Quantor[Quantor::square1(int)].JML normal_behavior operation contract.0 
36729      DEBUG main            d.u.i.k.p.i.IntermediateProofReplayer Proof replay took 6.2ns 
36831      INFO  main            d.u.i.k.p.r.p.TestFile    ... finished proof: closed. 
37034      INFO  main            d.u.i.k.p.i.AbstractProblemLoader Loading environment from /home/runner/work/key/key/key.core/../key.ui/examples/standard_key/java_dl/jml-assert/quantor-assert.key.proof 
37034      DEBUG main            d.u.i.k.p.i.AbstractProblemLoader Environment load took 112.8ns 
37035      INFO  main            d.u.i.k.p.i.AbstractProblemLoader Creating init config 
39568      DEBUG main            d.u.i.k.p.i.AbstractProblemLoader Init config took 2.53s 
39611      INFO  main            d.u.i.k.p.i.AbstractProblemLoader Replaying proof Quantor[Quantor::square1(int)].JML normal_behavior operation contract.0 
39627      DEBUG main            d.u.i.k.p.i.IntermediateProofReplayer Proof replay took 14.51ms 
39629      DEBUG main            d.u.i.k.p.r.p.TestFile    ... success: reloaded. 
39630      INFO  main            d.u.i.k.p.r.p.TestFile    Now processing file /home/runner/work/key/key/key.core/../key.ui/examples/standard_key/java_dl/jml-assert/quantor-assume.key 
39630      INFO  main            d.u.i.k.p.i.AbstractProblemLoader Loading environment from /home/runner/work/key/key/key.core/../key.ui/examples/standard_key/java_dl/jml-assert/quantor-assume.key 
39630      DEBUG main            d.u.i.k.p.i.AbstractProblemLoader Environment load took 207.7ns 
39631      INFO  main            d.u.i.k.p.i.AbstractProblemLoader Creating init config 
42163      DEBUG main            d.u.i.k.p.i.AbstractProblemLoader Init config took 2.53s 
42203      INFO  main            d.u.i.k.p.i.AbstractProblemLoader Replaying proof Quantor[Quantor::square2(int)].JML normal_behavior operation contract.0 
42204      DEBUG main            d.u.i.k.p.i.IntermediateProofReplayer Proof replay took 5.7ns 
42306      INFO  main            d.u.i.k.p.r.p.TestFile    ... finished proof: closed. 
42474      INFO  main            d.u.i.k.p.i.AbstractProblemLoader Loading environment from /home/runner/work/key/key/key.core/../key.ui/examples/standard_key/java_dl/jml-assert/quantor-assume.key.proof 
42474      DEBUG main            d.u.i.k.p.i.AbstractProblemLoader Environment load took 120.7ns 
42475      INFO  main            d.u.i.k.p.i.AbstractProblemLoader Creating init config 
44946      DEBUG main            d.u.i.k.p.i.AbstractProblemLoader Init config took 2.47s 
44986      INFO  main            d.u.i.k.p.i.AbstractProblemLoader Replaying proof Quantor[Quantor::square2(int)].JML normal_behavior operation contract.0 
45001      DEBUG main            d.u.i.k.p.i.IntermediateProofReplayer Proof replay took 13.11ms 
45001      DEBUG main            d.u.i.k.p.r.p.TestFile    ... success: reloaded. 
45002      INFO  main            d.u.i.k.p.r.p.TestFile    Now processing file /home/runner/work/key/key/key.core/../key.ui/examples/standard_key/java_dl/jml-assert/model-methods-static-static.key 
45003      INFO  main            d.u.i.k.p.i.AbstractProblemLoader Loading environment from /home/runner/work/key/key/key.core/../key.ui/examples/standard_key/java_dl/jml-assert/model-methods-static-static.key 
45003      DEBUG main            d.u.i.k.p.i.AbstractProblemLoader Environment load took 91ns 
45003      INFO  main            d.u.i.k.p.i.AbstractProblemLoader Creating init config 
47559      DEBUG main            d.u.i.k.p.i.AbstractProblemLoader Init config took 2.56s 
47597      INFO  main            d.u.i.k.p.i.AbstractProblemLoader Replaying proof ModelMethods[ModelMethods::test1()].JML normal_behavior operation contract.0 
47598      DEBUG main            d.u.i.k.p.i.IntermediateProofReplayer Proof replay took 6.3ns 
47699      INFO  main            d.u.i.k.p.r.p.TestFile    ... finished proof: closed. 
47869      INFO  main            d.u.i.k.p.i.AbstractProblemLoader Loading environment from /home/runner/work/key/key/key.core/../key.ui/examples/standard_key/java_dl/jml-assert/model-methods-static-static.key.proof 
47869      DEBUG main            d.u.i.k.p.i.AbstractProblemLoader Environment load took 106.9ns 
47870      INFO  main            d.u.i.k.p.i.AbstractProblemLoader Creating init config 
50355      DEBUG main            d.u.i.k.p.i.AbstractProblemLoader Init config took 2.48s 
50398      INFO  main            d.u.i.k.p.i.AbstractProblemLoader Replaying proof ModelMethods[ModelMethods::test1()].JML normal_behavior operation contract.0 
50405      DEBUG main            d.u.i.k.p.i.IntermediateProofReplayer Proof replay took 5.99ms 
50406      DEBUG main            d.u.i.k.p.r.p.TestFile    ... success: reloaded. 
50407      INFO  main            d.u.i.k.p.r.p.TestFile    Now processing file /home/runner/work/key/key/key.core/../key.ui/examples/standard_key/java_dl/jml-assert/model-methods-instance-static.key 
50407      INFO  main            d.u.i.k.p.i.AbstractProblemLoader Loading environment from /home/runner/work/key/key/key.core/../key.ui/examples/standard_key/java_dl/jml-assert/model-methods-instance-static.key 
50407      DEBUG main            d.u.i.k.p.i.AbstractProblemLoader Environment load took 78.6ns 
50408      INFO  main            d.u.i.k.p.i.AbstractProblemLoader Creating init config 
52908      DEBUG main            d.u.i.k.p.i.AbstractProblemLoader Init config took 2.5s 
52946      INFO  main            d.u.i.k.p.i.AbstractProblemLoader Replaying proof ModelMethods[ModelMethods::test2()].JML normal_behavior operation contract.0 
52947      DEBUG main            d.u.i.k.p.i.IntermediateProofReplayer Proof replay took 6.4ns 
53049      INFO  main            d.u.i.k.p.r.p.TestFile    ... finished proof: closed. 
53278      INFO  main            d.u.i.k.p.i.AbstractProblemLoader Loading environment from /home/runner/work/key/key/key.core/../key.ui/examples/standard_key/java_dl/jml-assert/model-methods-instance-static.key.proof 
53279      DEBUG main            d.u.i.k.p.i.AbstractProblemLoader Environment load took 113.7ns 
53279      INFO  main            d.u.i.k.p.i.AbstractProblemLoader Creating init config 
55770      DEBUG main            d.u.i.k.p.i.AbstractProblemLoader Init config took 2.49s 
55809      INFO  main            d.u.i.k.p.i.AbstractProblemLoader Replaying proof ModelMethods[ModelMethods::test2()].JML normal_behavior operation contract.0 
55822      DEBUG main            d.u.i.k.p.i.IntermediateProofReplayer Proof replay took 9.56ms 
55824      DEBUG main            d.u.i.k.p.r.p.TestFile    ... success: reloaded. 
55825      INFO  main            d.u.i.k.p.r.p.TestFile    Now processing file /home/runner/work/key/key/key.core/../key.ui/examples/standard_key/java_dl/jml-assert/model-methods-instance-instance.key 
55826      INFO  main            d.u.i.k.p.i.AbstractProblemLoader Loading environment from /home/runner/work/key/key/key.core/../key.ui/examples/standard_key/java_dl/jml-assert/model-methods-instance-instance.key 
55826      DEBUG main            d.u.i.k.p.i.AbstractProblemLoader Environment load took 102ns 
55827      INFO  main            d.u.i.k.p.i.AbstractProblemLoader Creating init config 
58303      DEBUG main            d.u.i.k.p.i.AbstractProblemLoader Init config took 2.48s 
58340      INFO  main            d.u.i.k.p.i.AbstractProblemLoader Replaying proof ModelMethods[ModelMethods::test3()].JML normal_behavior operation contract.0 
58341      DEBUG main            d.u.i.k.p.i.IntermediateProofReplayer Proof replay took 6ns 
58443      INFO  main            d.u.i.k.p.r.p.TestFile    ... finished proof: closed. 
58629      INFO  main            d.u.i.k.p.i.AbstractProblemLoader Loading environment from /home/runner/work/key/key/key.core/../key.ui/examples/standard_key/java_dl/jml-assert/model-methods-instance-instance.key.proof 
58629      DEBUG main            d.u.i.k.p.i.AbstractProblemLoader Environment load took 119.2ns 
58630      INFO  main            d.u.i.k.p.i.AbstractProblemLoader Creating init config 
61088      DEBUG main            d.u.i.k.p.i.AbstractProblemLoader Init config took 2.46s 
61139      INFO  main            d.u.i.k.p.i.AbstractProblemLoader Replaying proof ModelMethods[ModelMethods::test3()].JML normal_behavior operation contract.0 
61158      DEBUG main            d.u.i.k.p.i.IntermediateProofReplayer Proof replay took 17.63ms 
61159      DEBUG main            d.u.i.k.p.r.p.TestFile    ... success: reloaded. 
61160      INFO  main            d.u.i.k.p.r.p.TestFile    Now processing file /home/runner/work/key/key/key.core/../key.ui/examples/standard_key/java_dl/jml-assert/model-methods-static-instance.key 
61160      INFO  main            d.u.i.k.p.i.AbstractProblemLoader Loading environment from /home/runner/work/key/key/key.core/../key.ui/examples/standard_key/java_dl/jml-assert/model-methods-static-instance.key 
61160      DEBUG main            d.u.i.k.p.i.AbstractProblemLoader Environment load took 75.1ns 
61161      INFO  main            d.u.i.k.p.i.AbstractProblemLoader Creating init config 
63635      DEBUG main            d.u.i.k.p.i.AbstractProblemLoader Init config took 2.47s 
63670      INFO  main            d.u.i.k.p.i.AbstractProblemLoader Replaying proof ModelMethods[ModelMethods::test4()].JML normal_behavior operation contract.0 
63671      DEBUG main            d.u.i.k.p.i.IntermediateProofReplayer Proof replay took 5.4ns 
63773      INFO  main            d.u.i.k.p.r.p.TestFile    ... finished proof: closed. 
63957      INFO  main            d.u.i.k.p.i.AbstractProblemLoader Loading environment from /home/runner/work/key/key/key.core/../key.ui/examples/standard_key/java_dl/jml-assert/model-methods-static-instance.key.proof 
63958      DEBUG main            d.u.i.k.p.i.AbstractProblemLoader Environment load took 104.8ns 
63959      INFO  main            d.u.i.k.p.i.AbstractProblemLoader Creating init config 
66405      DEBUG main            d.u.i.k.p.i.AbstractProblemLoader Init config took 2.45s 
66442      INFO  main            d.u.i.k.p.i.AbstractProblemLoader Replaying proof ModelMethods[ModelMethods::test4()].JML normal_behavior operation contract.0 
66471      DEBUG main            d.u.i.k.p.i.IntermediateProofReplayer Proof replay took 27.03ms 
66472      DEBUG main            d.u.i.k.p.r.p.TestFile    ... success: reloaded. 
66473      INFO  main            d.u.i.k.p.r.p.TestFile    Now processing file /home/runner/work/key/key/key.core/../key.ui/examples/standard_key/java_dl/jml-assert/assert-old/inc-field.key 
66473      INFO  main            d.u.i.k.p.i.AbstractProblemLoader Loading environment from /home/runner/work/key/key/key.core/../key.ui/examples/standard_key/java_dl/jml-assert/assert-old/inc-field.key 
66473      DEBUG main            d.u.i.k.p.i.AbstractProblemLoader Environment load took 58.5ns 
66474      INFO  main            d.u.i.k.p.i.AbstractProblemLoader Creating init config 
68921      DEBUG main            d.u.i.k.p.i.AbstractProblemLoader Init config took 2.45s 
68962      INFO  main            d.u.i.k.p.i.AbstractProblemLoader Replaying proof Inc[Inc::inc_field()].JML normal_behavior operation contract.0 
68964      DEBUG main            d.u.i.k.p.i.IntermediateProofReplayer Proof replay took 5.3ns 
69065      INFO  main            d.u.i.k.p.r.p.TestFile    ... finished proof: closed. 
69248      INFO  main            d.u.i.k.p.i.AbstractProblemLoader Loading environment from /home/runner/work/key/key/key.core/../key.ui/examples/standard_key/java_dl/jml-assert/assert-old/inc-field.key.proof 
69248      DEBUG main            d.u.i.k.p.i.AbstractProblemLoader Environment load took 102.6ns 
69249      INFO  main            d.u.i.k.p.i.AbstractProblemLoader Creating init config 
71604      DEBUG main            d.u.i.k.p.i.AbstractProblemLoader Init config took 2.35s 
71638      INFO  main            d.u.i.k.p.i.AbstractProblemLoader Replaying proof Inc[Inc::inc_field()].JML normal_behavior operation contract.0 
71664      DEBUG main            d.u.i.k.p.i.IntermediateProofReplayer Proof replay took 23.93ms 
71664      DEBUG main            d.u.i.k.p.r.p.TestFile    ... success: reloaded. 
71665      INFO  main            d.u.i.k.p.r.p.TestFile    Now processing file /home/runner/work/key/key/key.core/../key.ui/examples/standard_key/java_dl/jml-assert/assert-old/inc-parameter.key 
71665      INFO  main            d.u.i.k.p.i.AbstractProblemLoader Loading environment from /home/runner/work/key/key/key.core/../key.ui/examples/standard_key/java_dl/jml-assert/assert-old/inc-parameter.key 
71665      DEBUG main            d.u.i.k.p.i.AbstractProblemLoader Environment load took 86.4ns 
71666      INFO  main            d.u.i.k.p.i.AbstractProblemLoader Creating init config 
74078      DEBUG main            d.u.i.k.p.i.AbstractProblemLoader Init config took 2.41s 
74113      INFO  main            d.u.i.k.p.i.AbstractProblemLoader Replaying proof Inc[Inc::inc_parameter(int)].JML normal_behavior operation contract.0 
74114      DEBUG main            d.u.i.k.p.i.IntermediateProofReplayer Proof replay took 5.9ns 
74216      INFO  main            d.u.i.k.p.r.p.TestFile    ... finished proof: closed. 
74415      INFO  main            d.u.i.k.p.i.AbstractProblemLoader Loading environment from /home/runner/work/key/key/key.core/../key.ui/examples/standard_key/java_dl/jml-assert/assert-old/inc-parameter.key.proof 
74415      DEBUG main            d.u.i.k.p.i.AbstractProblemLoader Environment load took 96.2ns 
74416      INFO  main            d.u.i.k.p.i.AbstractProblemLoader Creating init config 
76764      DEBUG main            d.u.i.k.p.i.AbstractProblemLoader Init config took 2.35s 
76797      INFO  main            d.u.i.k.p.i.AbstractProblemLoader Replaying proof Inc[Inc::inc_parameter(int)].JML normal_behavior operation contract.0 
76810      DEBUG main            d.u.i.k.p.i.IntermediateProofReplayer Proof replay took 11.8ms 
76811      DEBUG main            d.u.i.k.p.r.p.TestFile    ... success: reloaded. 
76812      INFO  main            d.u.i.k.p.r.p.TestFile    Now processing file /home/runner/work/key/key/key.core/../key.ui/examples/standard_key/java_dl/jml-assert/assert-old/inc-parameter-field.key 
76812      INFO  main            d.u.i.k.p.i.AbstractProblemLoader Loading environment from /home/runner/work/key/key/key.core/../key.ui/examples/standard_key/java_dl/jml-assert/assert-old/inc-parameter-field.key 
76813      DEBUG main            d.u.i.k.p.i.AbstractProblemLoader Environment load took 194.7ns 
76813      INFO  main            d.u.i.k.p.i.AbstractProblemLoader Creating init config 
79215      DEBUG main            d.u.i.k.p.i.AbstractProblemLoader Init config took 2.4s 
79247      INFO  main            d.u.i.k.p.i.AbstractProblemLoader Replaying proof Inc[Inc::inc_parameter_field(Inc)].JML normal_behavior operation contract.0 
79248      DEBUG main            d.u.i.k.p.i.IntermediateProofReplayer Proof replay took 5.9ns 
79351      INFO  main            d.u.i.k.p.r.p.TestFile    ... finished proof: closed. 
79569      INFO  main            d.u.i.k.p.i.AbstractProblemLoader Loading environment from /home/runner/work/key/key/key.core/../key.ui/examples/standard_key/java_dl/jml-assert/assert-old/inc-parameter-field.key.proof 
79569      DEBUG main            d.u.i.k.p.i.AbstractProblemLoader Environment load took 99.8ns 
79571      INFO  main            d.u.i.k.p.i.AbstractProblemLoader Creating init config 
81909      DEBUG main            d.u.i.k.p.i.AbstractProblemLoader Init config took 2.34s 
81950      INFO  main            d.u.i.k.p.i.AbstractProblemLoader Replaying proof Inc[Inc::inc_parameter_field(Inc)].JML normal_behavior operation contract.0 
81979      DEBUG main            d.u.i.k.p.i.IntermediateProofReplayer Proof replay took 27.46ms 
81980      DEBUG main            d.u.i.k.p.r.p.TestFile    ... success: reloaded. 
81980      INFO  main            d.u.i.k.p.r.p.TestFile    Now processing file /home/runner/work/key/key/key.core/../key.ui/examples/standard_key/java_dl/jml-assert/assert-old/inc-ghost-field.key 
81981      INFO  main            d.u.i.k.p.i.AbstractProblemLoader Loading environment from /home/runner/work/key/key/key.core/../key.ui/examples/standard_key/java_dl/jml-assert/assert-old/inc-ghost-field.key 
81981      DEBUG main            d.u.i.k.p.i.AbstractProblemLoader Environment load took 211.6ns 
81982      INFO  main            d.u.i.k.p.i.AbstractProblemLoader Creating init config 
84388      DEBUG main            d.u.i.k.p.i.AbstractProblemLoader Init config took 2.41s 
84420      INFO  main            d.u.i.k.p.i.AbstractProblemLoader Replaying proof Inc[Inc::inc_ghost_field()].JML normal_behavior operation contract.0 
84422      DEBUG main            d.u.i.k.p.i.IntermediateProofReplayer Proof replay took 6.4ns 
84526      INFO  main            d.u.i.k.p.r.p.TestFile    ... finished proof: closed. 
84737      INFO  main            d.u.i.k.p.i.AbstractProblemLoader Loading environment from /home/runner/work/key/key/key.core/../key.ui/examples/standard_key/java_dl/jml-assert/assert-old/inc-ghost-field.key.proof 
84737      DEBUG main            d.u.i.k.p.i.AbstractProblemLoader Environment load took 102.4ns 
84738      INFO  main            d.u.i.k.p.i.AbstractProblemLoader Creating init config 
87079      DEBUG main            d.u.i.k.p.i.AbstractProblemLoader Init config took 2.34s 
87111      INFO  main            d.u.i.k.p.i.AbstractProblemLoader Replaying proof Inc[Inc::inc_ghost_field()].JML normal_behavior operation contract.0 
87137      DEBUG main            d.u.i.k.p.i.IntermediateProofReplayer Proof replay took 24.04ms 
87138      DEBUG main            d.u.i.k.p.r.p.TestFile    ... success: reloaded. 
693424     INFO  Test worker     d.u.i.k.p.r.RunAllProofsTestUnit Returning from test jmlAsserts 
693426     INFO  Test worker     d.u.i.k.p.r.RunAllProofsTestUnit Running test javaCard 
366        INFO  Timeout watchdog d.u.i.k.p.r.p.ForkedTestFileRunner Timeout watcher launched (2000 secs.) 
392        WARN  main            d.u.i.k.s.ProofSettings   The settings in /home/runner/.key/proof-settings.props are *not* read. 
416        INFO  main            d.u.i.k.p.r.p.TestFile    Now processing file /home/runner/work/key/key/key.core/../key.ui/examples/heap/javacard/updateBalance0.key 
513        INFO  main            d.u.i.k.p.i.AbstractProblemLoader Loading environment from /home/runner/work/key/key/key.core/../key.ui/examples/heap/javacard/updateBalance0.key 
548        DEBUG main            d.u.i.k.p.i.AbstractProblemLoader Environment load took 1.94ms 
774        INFO  main            d.u.i.k.p.i.AbstractProblemLoader Creating init config 
1728       DEBUG main            d.u.i.k.j.TypeConverter   No LDT found for Meta 
1728       DEBUG main            d.u.i.k.j.TypeConverter   No LDT found for Meta 
1732       DEBUG main            d.u.i.k.j.TypeConverter   No LDT found for Meta 
1732       DEBUG main            d.u.i.k.j.TypeConverter   No LDT found for Meta 
3277       DEBUG main            d.u.i.k.j.TypeConverter   No LDT found for JavaBigintExpression 
6480       DEBUG main            d.u.i.k.p.i.AbstractProblemLoader Init config took 5.71s 
6613       INFO  main            d.u.i.k.p.i.AbstractProblemLoader Replaying proof Examples[Examples::updateBalance(short)].JML normal_behavior operation contract.0 
6643       DEBUG main            d.u.i.k.p.i.IntermediateProofReplayer Proof replay took 29.9ns 
7898       INFO  main            d.u.i.k.p.r.p.TestFile    ... finished proof: closed. 
7998       INFO  main            d.u.i.k.p.i.AbstractProblemLoader Loading environment from /home/runner/work/key/key/key.core/../key.ui/examples/heap/javacard/updateBalance0.key.proof 
8007       DEBUG main            d.u.i.k.p.i.AbstractProblemLoader Environment load took 8.57ms 
8009       INFO  main            d.u.i.k.p.i.AbstractProblemLoader Creating init config 
9671       DEBUG main            d.u.i.k.p.i.AbstractProblemLoader Init config took 1.66s 
9740       INFO  main            d.u.i.k.p.i.AbstractProblemLoader Replaying proof Examples[Examples::updateBalance(short)].JML normal_behavior operation contract.0 
9922       DEBUG main            d.u.i.k.p.i.IntermediateProofReplayer Proof replay took 173.43ms 
9931       DEBUG main            d.u.i.k.p.r.p.TestFile    ... success: reloaded. 
9933       INFO  main            d.u.i.k.p.r.p.TestFile    Now processing file /home/runner/work/key/key/key.core/../key.ui/examples/heap/javacard/updateBalance1.key 
9934       INFO  main            d.u.i.k.p.i.AbstractProblemLoader Loading environment from /home/runner/work/key/key/key.core/../key.ui/examples/heap/javacard/updateBalance1.key 
9934       DEBUG main            d.u.i.k.p.i.AbstractProblemLoader Environment load took 223.4ns 
9935       INFO  main            d.u.i.k.p.i.AbstractProblemLoader Creating init config 
11510      DEBUG main            d.u.i.k.p.i.AbstractProblemLoader Init config took 1.58s 
11572      INFO  main            d.u.i.k.p.i.AbstractProblemLoader Replaying proof Examples[Examples::updateBalance(short)].JML normal_behavior operation contract.1 
11575      DEBUG main            d.u.i.k.p.i.IntermediateProofReplayer Proof replay took 5.4ns 
12078      INFO  main            d.u.i.k.p.r.p.TestFile    ... finished proof: closed. 
12186      INFO  main            d.u.i.k.p.i.AbstractProblemLoader Loading environment from /home/runner/work/key/key/key.core/../key.ui/examples/heap/javacard/updateBalance1.key.proof 
12186      DEBUG main            d.u.i.k.p.i.AbstractProblemLoader Environment load took 137.7ns 
12187      INFO  main            d.u.i.k.p.i.AbstractProblemLoader Creating init config 
13706      DEBUG main            d.u.i.k.p.i.AbstractProblemLoader Init config took 1.52s 
13749      INFO  main            d.u.i.k.p.i.AbstractProblemLoader Replaying proof Examples[Examples::updateBalance(short)].JML normal_behavior operation contract.1 
13898      DEBUG main            d.u.i.k.p.i.IntermediateProofReplayer Proof replay took 141.87ms 
13899      DEBUG main            d.u.i.k.p.r.p.TestFile    ... success: reloaded. 
13902      INFO  main            d.u.i.k.p.r.p.TestFile    Now processing file /home/runner/work/key/key/key.core/../key.ui/examples/heap/javacard/setArray1.key 
13902      INFO  main            d.u.i.k.p.i.AbstractProblemLoader Loading environment from /home/runner/work/key/key/key.core/../key.ui/examples/heap/javacard/setArray1.key 
13902      DEBUG main            d.u.i.k.p.i.AbstractProblemLoader Environment load took 235.8ns 
13904      INFO  main            d.u.i.k.p.i.AbstractProblemLoader Creating init config 
15404      DEBUG main            d.u.i.k.p.i.AbstractProblemLoader Init config took 1.5s 
15443      INFO  main            d.u.i.k.p.i.AbstractProblemLoader Replaying proof Examples[Examples::setArray1([B)].JML normal_behavior operation contract.0 
15445      DEBUG main            d.u.i.k.p.i.IntermediateProofReplayer Proof replay took 5.5ns 
16349      INFO  main            d.u.i.k.p.r.p.TestFile    ... finished proof: closed. 
16503      INFO  main            d.u.i.k.p.i.AbstractProblemLoader Loading environment from /home/runner/work/key/key/key.core/../key.ui/examples/heap/javacard/setArray1.key.proof 
16504      DEBUG main            d.u.i.k.p.i.AbstractProblemLoader Environment load took 411.7ns 
16505      INFO  main            d.u.i.k.p.i.AbstractProblemLoader Creating init config 
17956      DEBUG main            d.u.i.k.p.i.AbstractProblemLoader Init config took 1.45s 
17995      INFO  main            d.u.i.k.p.i.AbstractProblemLoader Replaying proof Examples[Examples::setArray1([B)].JML normal_behavior operation contract.0 
18183      DEBUG main            d.u.i.k.p.i.IntermediateProofReplayer Proof replay took 183.32ms 
18185      DEBUG main            d.u.i.k.p.r.p.TestFile    ... success: reloaded. 
18187      INFO  main            d.u.i.k.p.r.p.TestFile    Now processing file /home/runner/work/key/key/key.core/../key.ui/examples/heap/javacard/setArray2.key 
18188      INFO  main            d.u.i.k.p.i.AbstractProblemLoader Loading environment from /home/runner/work/key/key/key.core/../key.ui/examples/heap/javacard/setArray2.key 
18188      DEBUG main            d.u.i.k.p.i.AbstractProblemLoader Environment load took 213.4ns 
18189      INFO  main            d.u.i.k.p.i.AbstractProblemLoader Creating init config 
19655      DEBUG main            d.u.i.k.p.i.AbstractProblemLoader Init config took 1.47s 
19709      INFO  main            d.u.i.k.p.i.AbstractProblemLoader Replaying proof Examples[Examples::setArray2([B)].JML normal_behavior operation contract.0 
19712      DEBUG main            d.u.i.k.p.i.IntermediateProofReplayer Proof replay took 5.4ns 
20725      INFO  main            d.u.i.k.p.r.p.TestFile    ... finished proof: closed. 
20877      INFO  main            d.u.i.k.p.i.AbstractProblemLoader Loading environment from /home/runner/work/key/key/key.core/../key.ui/examples/heap/javacard/setArray2.key.proof 
20877      DEBUG main            d.u.i.k.p.i.AbstractProblemLoader Environment load took 413.5ns 
20879      INFO  main            d.u.i.k.p.i.AbstractProblemLoader Creating init config 
22320      DEBUG main            d.u.i.k.p.i.AbstractProblemLoader Init config took 1.44s 
22358      INFO  main            d.u.i.k.p.i.AbstractProblemLoader Replaying proof Examples[Examples::setArray2([B)].JML normal_behavior operation contract.0 
22550      DEBUG main            d.u.i.k.p.i.IntermediateProofReplayer Proof replay took 186.92ms 
22552      DEBUG main            d.u.i.k.p.r.p.TestFile    ... success: reloaded. 
22554      INFO  main            d.u.i.k.p.r.p.TestFile    Now processing file /home/runner/work/key/key/key.core/../key.ui/examples/heap/javacard/arrayFillNonAtomic.key 
22554      INFO  main            d.u.i.k.p.i.AbstractProblemLoader Loading environment from /home/runner/work/key/key/key.core/../key.ui/examples/heap/javacard/arrayFillNonAtomic.key 
22555      DEBUG main            d.u.i.k.p.i.AbstractProblemLoader Environment load took 199.6ns 
22556      INFO  main            d.u.i.k.p.i.AbstractProblemLoader Creating init config 
24000      DEBUG main            d.u.i.k.p.i.AbstractProblemLoader Init config took 1.44s 
24054      INFO  main            d.u.i.k.p.i.AbstractProblemLoader Replaying proof javacard.framework.Util[javacard.framework.Util::arrayFillNonAtomic([B,short,short,byte)].JML behavior operation contract.0.transaction_inactive 
24056      DEBUG main            d.u.i.k.p.i.IntermediateProofReplayer Proof replay took 4.9ns 
24833      DEBUG Thread-13       d.u.i.k.l.o.ProgramSV     Match failed: Former match of  SchemaVariable incompatible with  the current match. 
24833      DEBUG Thread-13       d.u.i.k.l.o.ProgramSV     Match failed: Former match of  SchemaVariable incompatible with  the current match. 
25996      DEBUG Thread-13       d.u.i.k.l.o.ProgramSV     Match failed: Former match of  SchemaVariable incompatible with  the current match. 
25996      DEBUG Thread-13       d.u.i.k.l.o.ProgramSV     Match failed: Former match of  SchemaVariable incompatible with  the current match. 
27296      INFO  main            d.u.i.k.p.r.p.TestFile    ... finished proof: closed. 
27452      INFO  main            d.u.i.k.p.i.AbstractProblemLoader Loading environment from /home/runner/work/key/key/key.core/../key.ui/examples/heap/javacard/arrayFillNonAtomic.key.proof 
27452      DEBUG main            d.u.i.k.p.i.AbstractProblemLoader Environment load took 428.9ns 
27454      INFO  main            d.u.i.k.p.i.AbstractProblemLoader Creating init config 
28889      DEBUG main            d.u.i.k.p.i.AbstractProblemLoader Init config took 1.44s 
28947      INFO  main            d.u.i.k.p.i.AbstractProblemLoader Replaying proof javacard.framework.Util[javacard.framework.Util::arrayFillNonAtomic([B,short,short,byte)].JML behavior operation contract.0.transaction_inactive 
29755      DEBUG main            d.u.i.k.p.i.IntermediateProofReplayer Proof replay took 790.59ms 
29756      DEBUG main            d.u.i.k.p.r.p.TestFile    ... success: reloaded. 
29758      INFO  main            d.u.i.k.p.r.p.TestFile    Now processing file /home/runner/work/key/key/key.core/../key.ui/examples/heap/coincidence_count/project.key 
29758      INFO  main            d.u.i.k.p.i.AbstractProblemLoader Loading environment from /home/runner/work/key/key/key.core/../key.ui/examples/heap/coincidence_count/project.key 
29759      DEBUG main            d.u.i.k.p.i.AbstractProblemLoader Environment load took 214.6ns 
29760      INFO  main            d.u.i.k.p.i.AbstractProblemLoader Creating init config 
32883      DEBUG main            d.u.i.k.p.i.AbstractProblemLoader Init config took 3.12s 
32925      INFO  main            d.u.i.k.p.i.AbstractProblemLoader Replaying proof CC[CC::calcCoinIndex([I,[I)].JML normal_behavior operation contract.0 
32927      DEBUG main            d.u.i.k.p.i.IntermediateProofReplayer Proof replay took 5.6ns 
49682      INFO  main            d.u.i.k.p.r.p.TestFile    ... finished proof: closed. 
49951      INFO  main            d.u.i.k.p.i.AbstractProblemLoader Loading environment from /home/runner/work/key/key/key.core/../key.ui/examples/heap/coincidence_count/project.key.proof 
49952      DEBUG main            d.u.i.k.p.i.AbstractProblemLoader Environment load took 426.4ns 
49955      INFO  main            d.u.i.k.p.i.AbstractProblemLoader Creating init config 
52302      DEBUG main            d.u.i.k.p.i.AbstractProblemLoader Init config took 2.35s 
52342      INFO  main            d.u.i.k.p.i.AbstractProblemLoader Replaying proof CC[CC::calcCoinIndex([I,[I)].JML normal_behavior operation contract.0 
53281      DEBUG main            d.u.i.k.p.i.IntermediateProofReplayer Proof replay took 871.9ms 
53285      DEBUG main            d.u.i.k.p.r.p.TestFile    ... success: reloaded. 
53286      INFO  main            d.u.i.k.p.r.p.TestFile    Now processing file /home/runner/work/key/key/key.core/../key.ui/examples/heap/verifyThis11_1_Maximum/project.key 
53286      INFO  main            d.u.i.k.p.i.AbstractProblemLoader Loading environment from /home/runner/work/key/key/key.core/../key.ui/examples/heap/verifyThis11_1_Maximum/project.key 
53287      DEBUG main            d.u.i.k.p.i.AbstractProblemLoader Environment load took 204.7ns 
53287      INFO  main            d.u.i.k.p.i.AbstractProblemLoader Creating init config 
55739      DEBUG main            d.u.i.k.p.i.AbstractProblemLoader Init config took 2.45s 
55777      INFO  main            d.u.i.k.p.i.AbstractProblemLoader Replaying proof Maximum[Maximum::maxIndex([I)].JML normal_behavior operation contract.0 
55778      DEBUG main            d.u.i.k.p.i.IntermediateProofReplayer Proof replay took 5ns 
56583      INFO  main            d.u.i.k.p.r.p.TestFile    ... finished proof: closed. 
56831      INFO  main            d.u.i.k.p.i.AbstractProblemLoader Loading environment from /home/runner/work/key/key/key.core/../key.ui/examples/heap/verifyThis11_1_Maximum/project.key.proof 
56831      DEBUG main            d.u.i.k.p.i.AbstractProblemLoader Environment load took 140.1ns 
56832      INFO  main            d.u.i.k.p.i.AbstractProblemLoader Creating init config 
59161      DEBUG main            d.u.i.k.p.i.AbstractProblemLoader Init config took 2.33s 
59217      INFO  main            d.u.i.k.p.i.AbstractProblemLoader Replaying proof Maximum[Maximum::maxIndex([I)].JML normal_behavior operation contract.0 
59379      DEBUG main            d.u.i.k.p.i.IntermediateProofReplayer Proof replay took 156.62ms 
59380      DEBUG main            d.u.i.k.p.r.p.TestFile    ... success: reloaded. 
59381      INFO  main            d.u.i.k.p.r.p.TestFile    Now processing file /home/runner/work/key/key/key.core/../key.ui/examples/heap/fm12_01_LRS/lcp.key 
59381      INFO  main            d.u.i.k.p.i.AbstractProblemLoader Loading environment from /home/runner/work/key/key/key.core/../key.ui/examples/heap/fm12_01_LRS/lcp.key 
59382      DEBUG main            d.u.i.k.p.i.AbstractProblemLoader Environment load took 204ns 
59383      INFO  main            d.u.i.k.p.i.AbstractProblemLoader Creating init config 
62380      DEBUG main            d.u.i.k.p.i.AbstractProblemLoader Init config took 3s 
62434      INFO  main            d.u.i.k.p.i.AbstractProblemLoader Replaying proof LCP[LCP::lcp([I,int,int)].JML normal_behavior operation contract.0 
62436      DEBUG main            d.u.i.k.p.i.IntermediateProofReplayer Proof replay took 5ns 
63340      INFO  main            d.u.i.k.p.r.p.TestFile    ... finished proof: closed. 
63599      INFO  main            d.u.i.k.p.i.AbstractProblemLoader Loading environment from /home/runner/work/key/key/key.core/../key.ui/examples/heap/fm12_01_LRS/lcp.key.proof 
63600      DEBUG main            d.u.i.k.p.i.AbstractProblemLoader Environment load took 427.8ns 
63601      INFO  main            d.u.i.k.p.i.AbstractProblemLoader Creating init config 
66320      DEBUG main            d.u.i.k.p.i.AbstractProblemLoader Init config took 2.72s 
66388      INFO  main            d.u.i.k.p.i.AbstractProblemLoader Replaying proof LCP[LCP::lcp([I,int,int)].JML normal_behavior operation contract.0 
66610      DEBUG main            d.u.i.k.p.i.IntermediateProofReplayer Proof replay took 214.82ms 
66612      DEBUG main            d.u.i.k.p.r.p.TestFile    ... success: reloaded. 
66614      INFO  main            d.u.i.k.p.r.p.TestFile    Now processing file /home/runner/work/key/key/key.core/../key.ui/examples/heap/SemanticSlicing/project.key 
66614      INFO  main            d.u.i.k.p.i.AbstractProblemLoader Loading environment from /home/runner/work/key/key/key.core/../key.ui/examples/heap/SemanticSlicing/project.key 
66616      DEBUG main            d.u.i.k.p.i.AbstractProblemLoader Environment load took 2.14ms 
66618      INFO  main            d.u.i.k.p.i.AbstractProblemLoader Creating init config 
69083      DEBUG main            d.u.i.k.p.i.AbstractProblemLoader Init config took 2.46s 
69133      INFO  main            d.u.i.k.p.i.AbstractProblemLoader Replaying proof unsatcore_after.competition.postcond5.scope333.LRS[unsatcore_after.competition.postcond5.scope333.LRS::doLRS()].JML operation contract.0 
69134      DEBUG main            d.u.i.k.p.i.IntermediateProofReplayer Proof replay took 5ns 
72780      INFO  main            d.u.i.k.p.r.p.TestFile    ... finished proof: closed. 
73054      INFO  main            d.u.i.k.p.i.AbstractProblemLoader Loading environment from /home/runner/work/key/key/key.core/../key.ui/examples/heap/SemanticSlicing/project.key.proof 
73055      DEBUG main            d.u.i.k.p.i.AbstractProblemLoader Environment load took 411.1ns 
73056      INFO  main            d.u.i.k.p.i.AbstractProblemLoader Creating init config 
75425      DEBUG main            d.u.i.k.p.i.AbstractProblemLoader Init config took 2.37s 
75476      INFO  main            d.u.i.k.p.i.AbstractProblemLoader Replaying proof unsatcore_after.competition.postcond5.scope333.LRS[unsatcore_after.competition.postcond5.scope333.LRS::doLRS()].JML operation contract.0 
76258      DEBUG main            d.u.i.k.p.i.IntermediateProofReplayer Proof replay took 770.02ms 
76259      DEBUG main            d.u.i.k.p.r.p.TestFile    ... success: reloaded. 
76261      INFO  main            d.u.i.k.p.r.p.TestFile    Now processing file /home/runner/work/key/key/key.core/../key.ui/examples/heap/information_flow/ArrayList_contains.key 
76261      INFO  main            d.u.i.k.p.i.AbstractProblemLoader Loading environment from /home/runner/work/key/key/key.core/../key.ui/examples/heap/information_flow/ArrayList_contains.key 
76261      DEBUG main            d.u.i.k.p.i.AbstractProblemLoader Environment load took 231ns 
76262      INFO  main            d.u.i.k.p.i.AbstractProblemLoader Creating init config 
78886      DEBUG main            d.u.i.k.p.i.AbstractProblemLoader Init config took 2.62s 
78923      INFO  main            d.u.i.k.p.i.AbstractProblemLoader Replaying proof ArrayList[ArrayList::get(int)].JML normal_behavior operation contract.0 
78924      DEBUG main            d.u.i.k.p.i.IntermediateProofReplayer Proof replay took 4.5ns 
79229      INFO  main            d.u.i.k.p.r.p.TestFile    ... finished proof: closed. 
79450      INFO  main            d.u.i.k.p.i.AbstractProblemLoader Loading environment from /home/runner/work/key/key/key.core/../key.ui/examples/heap/information_flow/ArrayList_contains.key.proof 
79450      DEBUG main            d.u.i.k.p.i.AbstractProblemLoader Environment load took 102.6ns 
79451      INFO  main            d.u.i.k.p.i.AbstractProblemLoader Creating init config 
81918      DEBUG main            d.u.i.k.p.i.AbstractProblemLoader Init config took 2.47s 
81955      INFO  main            d.u.i.k.p.i.AbstractProblemLoader Replaying proof ArrayList[ArrayList::get(int)].JML normal_behavior operation contract.0 
82003      DEBUG main            d.u.i.k.p.i.IntermediateProofReplayer Proof replay took 44.83ms 
82003      DEBUG main            d.u.i.k.p.r.p.TestFile    ... success: reloaded. 
82004      INFO  main            d.u.i.k.p.r.p.TestFile    Now processing file /home/runner/work/key/key/key.core/../key.ui/examples/heap/information_flow/ArrayList_get.key 
82004      INFO  main            d.u.i.k.p.i.AbstractProblemLoader Loading environment from /home/runner/work/key/key/key.core/../key.ui/examples/heap/information_flow/ArrayList_get.key 
82004      DEBUG main            d.u.i.k.p.i.AbstractProblemLoader Environment load took 86.8ns 
82005      INFO  main            d.u.i.k.p.i.AbstractProblemLoader Creating init config 
84563      DEBUG main            d.u.i.k.p.i.AbstractProblemLoader Init config took 2.56s 
84599      INFO  main            d.u.i.k.p.i.AbstractProblemLoader Replaying proof ArrayList[ArrayList::contains(java.lang.Object)].JML normal_behavior operation contract.0 
84600      DEBUG main            d.u.i.k.p.i.IntermediateProofReplayer Proof replay took 5.9ns 
85404      INFO  main            d.u.i.k.p.r.p.TestFile    ... finished proof: closed. 
85648      INFO  main            d.u.i.k.p.i.AbstractProblemLoader Loading environment from /home/runner/work/key/key/key.core/../key.ui/examples/heap/information_flow/ArrayList_get.key.proof 
85648      DEBUG main            d.u.i.k.p.i.AbstractProblemLoader Environment load took 420ns 
85650      INFO  main            d.u.i.k.p.i.AbstractProblemLoader Creating init config 
88129      DEBUG main            d.u.i.k.p.i.AbstractProblemLoader Init config took 2.48s 
88165      INFO  main            d.u.i.k.p.i.AbstractProblemLoader Replaying proof ArrayList[ArrayList::contains(java.lang.Object)].JML normal_behavior operation contract.0 
88334      DEBUG main            d.u.i.k.p.i.IntermediateProofReplayer Proof replay took 163.99ms 
88336      DEBUG main            d.u.i.k.p.r.p.TestFile    ... success: reloaded. 
88337      INFO  main            d.u.i.k.p.r.p.TestFile    Now processing file /home/runner/work/key/key/key.core/../key.ui/examples/heap/information_flow/ArrayList_size.key 
88337      INFO  main            d.u.i.k.p.i.AbstractProblemLoader Loading environment from /home/runner/work/key/key/key.core/../key.ui/examples/heap/information_flow/ArrayList_size.key 
88337      DEBUG main            d.u.i.k.p.i.AbstractProblemLoader Environment load took 196.7ns 
88338      INFO  main            d.u.i.k.p.i.AbstractProblemLoader Creating init config 
90847      DEBUG main            d.u.i.k.p.i.AbstractProblemLoader Init config took 2.51s 
90883      INFO  main            d.u.i.k.p.i.AbstractProblemLoader Replaying proof ArrayList[ArrayList::size()].JML normal_behavior operation contract.0 
90884      DEBUG main            d.u.i.k.p.i.IntermediateProofReplayer Proof replay took 5.1ns 
90985      INFO  main            d.u.i.k.p.r.p.TestFile    ... finished proof: closed. 
91229      INFO  main            d.u.i.k.p.i.AbstractProblemLoader Loading environment from /home/runner/work/key/key/key.core/../key.ui/examples/heap/information_flow/ArrayList_size.key.proof 
91229      DEBUG main            d.u.i.k.p.i.AbstractProblemLoader Environment load took 102ns 
91230      INFO  main            d.u.i.k.p.i.AbstractProblemLoader Creating init config 
93702      DEBUG main            d.u.i.k.p.i.AbstractProblemLoader Init config took 2.47s 
93738      INFO  main            d.u.i.k.p.i.AbstractProblemLoader Replaying proof ArrayList[ArrayList::size()].JML normal_behavior operation contract.0 
93750      DEBUG main            d.u.i.k.p.i.IntermediateProofReplayer Proof replay took 11.2ms 
93751      DEBUG main            d.u.i.k.p.r.p.TestFile    ... success: reloaded. 
93752      INFO  main            d.u.i.k.p.r.p.TestFile    Now processing file /home/runner/work/key/key/key.core/../key.ui/examples/heap/information_flow/UpdateAbstraction_ex7_3_secure.key 
93752      INFO  main            d.u.i.k.p.i.AbstractProblemLoader Loading environment from /home/runner/work/key/key/key.core/../key.ui/examples/heap/information_flow/UpdateAbstraction_ex7_3_secure.key 
93752      DEBUG main            d.u.i.k.p.i.AbstractProblemLoader Environment load took 81.5ns 
93753      INFO  main            d.u.i.k.p.i.AbstractProblemLoader Creating init config 
96266      DEBUG main            d.u.i.k.p.i.AbstractProblemLoader Init config took 2.51s 
96301      INFO  main            d.u.i.k.p.i.AbstractProblemLoader Replaying proof UpdateAbstraction[UpdateAbstraction::ex7_3_secure()].JML operation contract.0 
96302      DEBUG main            d.u.i.k.p.i.IntermediateProofReplayer Proof replay took 5.7ns 
96403      INFO  main            d.u.i.k.p.r.p.TestFile    ... finished proof: closed. 
96640      INFO  main            d.u.i.k.p.i.AbstractProblemLoader Loading environment from /home/runner/work/key/key/key.core/../key.ui/examples/heap/information_flow/UpdateAbstraction_ex7_3_secure.key.proof 
96640      DEBUG main            d.u.i.k.p.i.AbstractProblemLoader Environment load took 101.7ns 
96641      INFO  main            d.u.i.k.p.i.AbstractProblemLoader Creating init config 
99096      DEBUG main            d.u.i.k.p.i.AbstractProblemLoader Init config took 2.45s 
99129      INFO  main            d.u.i.k.p.i.AbstractProblemLoader Replaying proof UpdateAbstraction[UpdateAbstraction::ex7_3_secure()].JML operation contract.0 
99157      DEBUG main            d.u.i.k.p.i.IntermediateProofReplayer Proof replay took 25.53ms 
99157      DEBUG main            d.u.i.k.p.r.p.TestFile    ... success: reloaded. 
99158      INFO  main            d.u.i.k.p.r.p.TestFile    Now processing file /home/runner/work/key/key/key.core/../key.ui/examples/heap/information_flow/UpdateAbstraction_ex7_4_secure.key 
99158      INFO  main            d.u.i.k.p.i.AbstractProblemLoader Loading environment from /home/runner/work/key/key/key.core/../key.ui/examples/heap/information_flow/UpdateAbstraction_ex7_4_secure.key 
99158      DEBUG main            d.u.i.k.p.i.AbstractProblemLoader Environment load took 69.6ns 
99159      INFO  main            d.u.i.k.p.i.AbstractProblemLoader Creating init config 
101646     DEBUG main            d.u.i.k.p.i.AbstractProblemLoader Init config took 2.49s 
101694     INFO  main            d.u.i.k.p.i.AbstractProblemLoader Replaying proof UpdateAbstraction[UpdateAbstraction::ex7_4_secure()].JML operation contract.0 
101696     DEBUG main            d.u.i.k.p.i.IntermediateProofReplayer Proof replay took 5.3ns 
101898     INFO  main            d.u.i.k.p.r.p.TestFile    ... finished proof: closed. 
102151     INFO  main            d.u.i.k.p.i.AbstractProblemLoader Loading environment from /home/runner/work/key/key/key.core/../key.ui/examples/heap/information_flow/UpdateAbstraction_ex7_4_secure.key.proof 
102151     DEBUG main            d.u.i.k.p.i.AbstractProblemLoader Environment load took 102.6ns 
102152     INFO  main            d.u.i.k.p.i.AbstractProblemLoader Creating init config 
104591     DEBUG main            d.u.i.k.p.i.AbstractProblemLoader Init config took 2.44s 
104624     INFO  main            d.u.i.k.p.i.AbstractProblemLoader Replaying proof UpdateAbstraction[UpdateAbstraction::ex7_4_secure()].JML operation contract.0 
104675     DEBUG main            d.u.i.k.p.i.IntermediateProofReplayer Proof replay took 49.02ms 
104676     DEBUG main            d.u.i.k.p.r.p.TestFile    ... success: reloaded. 
104676     INFO  main            d.u.i.k.p.r.p.TestFile    Now processing file /home/runner/work/key/key/key.core/../key.ui/examples/heap/information_flow/UpdateAbstraction_ex7_5_secure.key 
104676     INFO  main            d.u.i.k.p.i.AbstractProblemLoader Loading environment from /home/runner/work/key/key/key.core/../key.ui/examples/heap/information_flow/UpdateAbstraction_ex7_5_secure.key 
104676     DEBUG main            d.u.i.k.p.i.AbstractProblemLoader Environment load took 75.5ns 
104677     INFO  main            d.u.i.k.p.i.AbstractProblemLoader Creating init config 
107168     DEBUG main            d.u.i.k.p.i.AbstractProblemLoader Init config took 2.49s 
107201     INFO  main            d.u.i.k.p.i.AbstractProblemLoader Replaying proof UpdateAbstraction[UpdateAbstraction::ex7_5_secure()].JML operation contract.0 
107202     DEBUG main            d.u.i.k.p.i.IntermediateProofReplayer Proof replay took 5.7ns 
107304     INFO  main            d.u.i.k.p.r.p.TestFile    ... finished proof: closed. 
107551     INFO  main            d.u.i.k.p.i.AbstractProblemLoader Loading environment from /home/runner/work/key/key/key.core/../key.ui/examples/heap/information_flow/UpdateAbstraction_ex7_5_secure.key.proof 
107551     DEBUG main            d.u.i.k.p.i.AbstractProblemLoader Environment load took 124.6ns 
107552     INFO  main            d.u.i.k.p.i.AbstractProblemLoader Creating init config 
109979     DEBUG main            d.u.i.k.p.i.AbstractProblemLoader Init config took 2.43s 
110012     INFO  main            d.u.i.k.p.i.AbstractProblemLoader Replaying proof UpdateAbstraction[UpdateAbstraction::ex7_5_secure()].JML operation contract.0 
110029     DEBUG main            d.u.i.k.p.i.IntermediateProofReplayer Proof replay took 15.66ms 
110030     DEBUG main            d.u.i.k.p.r.p.TestFile    ... success: reloaded. 
110030     INFO  main            d.u.i.k.p.r.p.TestFile    Now processing file /home/runner/work/key/key/key.core/../key.ui/examples/heap/information_flow/UpdateAbstraction_ex7_6_secure.key 
110031     INFO  main            d.u.i.k.p.i.AbstractProblemLoader Loading environment from /home/runner/work/key/key/key.core/../key.ui/examples/heap/information_flow/UpdateAbstraction_ex7_6_secure.key 
110031     DEBUG main            d.u.i.k.p.i.AbstractProblemLoader Environment load took 86.5ns 
110031     INFO  main            d.u.i.k.p.i.AbstractProblemLoader Creating init config 
112533     DEBUG main            d.u.i.k.p.i.AbstractProblemLoader Init config took 2.5s 
112566     INFO  main            d.u.i.k.p.i.AbstractProblemLoader Replaying proof UpdateAbstraction[UpdateAbstraction::ex7_6_secure()].JML operation contract.0 
112567     DEBUG main            d.u.i.k.p.i.IntermediateProofReplayer Proof replay took 5.6ns 
112869     INFO  main            d.u.i.k.p.r.p.TestFile    ... finished proof: closed. 
113131     INFO  main            d.u.i.k.p.i.AbstractProblemLoader Loading environment from /home/runner/work/key/key/key.core/../key.ui/examples/heap/information_flow/UpdateAbstraction_ex7_6_secure.key.proof 
113131     DEBUG main            d.u.i.k.p.i.AbstractProblemLoader Environment load took 409.4ns 
113132     INFO  main            d.u.i.k.p.i.AbstractProblemLoader Creating init config 
115585     DEBUG main            d.u.i.k.p.i.AbstractProblemLoader Init config took 2.45s 
115617     INFO  main            d.u.i.k.p.i.AbstractProblemLoader Replaying proof UpdateAbstraction[UpdateAbstraction::ex7_6_secure()].JML operation contract.0 
115671     DEBUG main            d.u.i.k.p.i.IntermediateProofReplayer Proof replay took 51.7ms 
115672     DEBUG main            d.u.i.k.p.r.p.TestFile    ... success: reloaded. 
115673     INFO  main            d.u.i.k.p.r.p.TestFile    Now processing file /home/runner/work/key/key/key.core/../key.ui/examples/heap/information_flow/UpdateAbstraction_ex9_secure.key 
115673     INFO  main            d.u.i.k.p.i.AbstractProblemLoader Loading environment from /home/runner/work/key/key/key.core/../key.ui/examples/heap/information_flow/UpdateAbstraction_ex9_secure.key 
115673     DEBUG main            d.u.i.k.p.i.AbstractProblemLoader Environment load took 72.6ns 
115674     INFO  main            d.u.i.k.p.i.AbstractProblemLoader Creating init config 
118170     DEBUG main            d.u.i.k.p.i.AbstractProblemLoader Init config took 2.5s 
118203     INFO  main            d.u.i.k.p.i.AbstractProblemLoader Replaying proof UpdateAbstraction[UpdateAbstraction::ex9_secure()].JML operation contract.0 
118204     DEBUG main            d.u.i.k.p.i.IntermediateProofReplayer Proof replay took 5.8ns 
119011     INFO  main            d.u.i.k.p.r.p.TestFile    ... finished proof: closed. 
119289     INFO  main            d.u.i.k.p.i.AbstractProblemLoader Loading environment from /home/runner/work/key/key/key.core/../key.ui/examples/heap/information_flow/UpdateAbstraction_ex9_secure.key.proof 
119289     DEBUG main            d.u.i.k.p.i.AbstractProblemLoader Environment load took 98.3ns 
119290     INFO  main            d.u.i.k.p.i.AbstractProblemLoader Creating init config 
121724     DEBUG main            d.u.i.k.p.i.AbstractProblemLoader Init config took 2.43s 
121757     INFO  main            d.u.i.k.p.i.AbstractProblemLoader Replaying proof UpdateAbstraction[UpdateAbstraction::ex9_secure()].JML operation contract.0 
121934     DEBUG main            d.u.i.k.p.i.IntermediateProofReplayer Proof replay took 172.8ms 
121935     DEBUG main            d.u.i.k.p.r.p.TestFile    ... success: reloaded. 
815557     INFO  Test worker     d.u.i.k.p.r.RunAllProofsTestUnit Returning from test javaCard 
815559     INFO  Test worker     d.u.i.k.p.r.RunAllProofsTestUnit Running test list 
310        INFO  Timeout watchdog d.u.i.k.p.r.p.ForkedTestFileRunner Timeout watcher launched (2000 secs.) 
321        WARN  main            d.u.i.k.s.ProofSettings   The settings in /home/runner/.key/proof-settings.props are *not* read. 
366        INFO  main            d.u.i.k.p.r.p.TestFile    Now processing file /home/runner/work/key/key/key.core/../key.ui/examples/heap/list/ArrayList_add.key 
506        INFO  main            d.u.i.k.p.i.AbstractProblemLoader Loading environment from /home/runner/work/key/key/key.core/../key.ui/examples/heap/list/ArrayList_add.key 
521        DEBUG main            d.u.i.k.p.i.AbstractProblemLoader Environment load took 1.82ms 
735        INFO  main            d.u.i.k.p.i.AbstractProblemLoader Creating init config 
1642       DEBUG main            d.u.i.k.j.TypeConverter   No LDT found for Meta 
1642       DEBUG main            d.u.i.k.j.TypeConverter   No LDT found for Meta 
1649       DEBUG main            d.u.i.k.j.TypeConverter   No LDT found for Meta 
1649       DEBUG main            d.u.i.k.j.TypeConverter   No LDT found for Meta 
3106       DEBUG main            d.u.i.k.j.TypeConverter   No LDT found for JavaBigintExpression 
6214       DEBUG main            d.u.i.k.j.r.ClassPreparationMethodBuilder clPrepBuilder: Inner Class detected. Reject building class initialisation methods. 
8679       DEBUG main            d.u.i.k.p.i.AbstractProblemLoader Init config took 7.94s 
8825       INFO  main            d.u.i.k.p.i.AbstractProblemLoader Replaying proof ArrayList[List::add(java.lang.Object)].JML normal_behavior operation contract.0 
8886       DEBUG main            d.u.i.k.p.i.IntermediateProofReplayer Proof replay took 34.3ns 
14003      INFO  main            d.u.i.k.p.r.p.TestFile    ... finished proof: closed. 
14218      INFO  main            d.u.i.k.p.i.AbstractProblemLoader Loading environment from /home/runner/work/key/key/key.core/../key.ui/examples/heap/list/ArrayList_add.key.proof 
14219      DEBUG main            d.u.i.k.p.i.AbstractProblemLoader Environment load took 1.22ms 
14222      INFO  main            d.u.i.k.p.i.AbstractProblemLoader Creating init config 
15382      DEBUG main            d.u.i.k.j.r.ClassPreparationMethodBuilder clPrepBuilder: Inner Class detected. Reject building class initialisation methods. 
17618      DEBUG main            d.u.i.k.p.i.AbstractProblemLoader Init config took 3.4s 
17688      INFO  main            d.u.i.k.p.i.AbstractProblemLoader Replaying proof ArrayList[List::add(java.lang.Object)].JML normal_behavior operation contract.0 
18662      DEBUG main            d.u.i.k.p.i.IntermediateProofReplayer Proof replay took 916.49ms 
18670      DEBUG main            d.u.i.k.p.r.p.TestFile    ... success: reloaded. 
18672      INFO  main            d.u.i.k.p.r.p.TestFile    Now processing file /home/runner/work/key/key/key.core/../key.ui/examples/heap/list/ArrayList_ArrayList.key 
18672      INFO  main            d.u.i.k.p.i.AbstractProblemLoader Loading environment from /home/runner/work/key/key/key.core/../key.ui/examples/heap/list/ArrayList_ArrayList.key 
18673      DEBUG main            d.u.i.k.p.i.AbstractProblemLoader Environment load took 240.7ns 
18674      INFO  main            d.u.i.k.p.i.AbstractProblemLoader Creating init config 
19735      DEBUG main            d.u.i.k.j.r.ClassPreparationMethodBuilder clPrepBuilder: Inner Class detected. Reject building class initialisation methods. 
21857      DEBUG main            d.u.i.k.p.i.AbstractProblemLoader Init config took 3.18s 
21922      INFO  main            d.u.i.k.p.i.AbstractProblemLoader Replaying proof ArrayList[ArrayList::ArrayList()].JML normal_behavior operation contract.0 
21924      DEBUG main            d.u.i.k.p.i.IntermediateProofReplayer Proof replay took 5.4ns 
23330      INFO  main            d.u.i.k.p.r.p.TestFile    ... finished proof: closed. 
23499      INFO  main            d.u.i.k.p.i.AbstractProblemLoader Loading environment from /home/runner/work/key/key/key.core/../key.ui/examples/heap/list/ArrayList_ArrayList.key.proof 
23499      DEBUG main            d.u.i.k.p.i.AbstractProblemLoader Environment load took 414.7ns 
23501      INFO  main            d.u.i.k.p.i.AbstractProblemLoader Creating init config 
24526      DEBUG main            d.u.i.k.j.r.ClassPreparationMethodBuilder clPrepBuilder: Inner Class detected. Reject building class initialisation methods. 
26647      DEBUG main            d.u.i.k.p.i.AbstractProblemLoader Init config took 3.15s 
26710      INFO  main            d.u.i.k.p.i.AbstractProblemLoader Replaying proof ArrayList[ArrayList::ArrayList()].JML normal_behavior operation contract.0 
26927      DEBUG main            d.u.i.k.p.i.IntermediateProofReplayer Proof replay took 207.16ms 
26928      DEBUG main            d.u.i.k.p.r.p.TestFile    ... success: reloaded. 
26930      INFO  main            d.u.i.k.p.r.p.TestFile    Now processing file /home/runner/work/key/key/key.core/../key.ui/examples/heap/list/ArrayList_concatenate.key 
26930      INFO  main            d.u.i.k.p.i.AbstractProblemLoader Loading environment from /home/runner/work/key/key/key.core/../key.ui/examples/heap/list/ArrayList_concatenate.key 
26930      DEBUG main            d.u.i.k.p.i.AbstractProblemLoader Environment load took 203.8ns 
26931      INFO  main            d.u.i.k.p.i.AbstractProblemLoader Creating init config 
27981      DEBUG main            d.u.i.k.j.r.ClassPreparationMethodBuilder clPrepBuilder: Inner Class detected. Reject building class initialisation methods. 
30063      DEBUG main            d.u.i.k.p.i.AbstractProblemLoader Init config took 3.13s 
30120      INFO  main            d.u.i.k.p.i.AbstractProblemLoader Replaying proof ArrayList[List::concatenate(List)].JML normal_behavior operation contract.0 
30121      DEBUG main            d.u.i.k.p.i.IntermediateProofReplayer Proof replay took 5.6ns 
53775      INFO  main            d.u.i.k.p.r.p.TestFile    ... finished proof: closed. 
54022      INFO  main            d.u.i.k.p.i.AbstractProblemLoader Loading environment from /home/runner/work/key/key/key.core/../key.ui/examples/heap/list/ArrayList_concatenate.key.proof 
54022      DEBUG main            d.u.i.k.p.i.AbstractProblemLoader Environment load took 470.8ns 
54028      INFO  main            d.u.i.k.p.i.AbstractProblemLoader Creating init config 
55018      DEBUG main            d.u.i.k.j.r.ClassPreparationMethodBuilder clPrepBuilder: Inner Class detected. Reject building class initialisation methods. 
57080      DEBUG main            d.u.i.k.p.i.AbstractProblemLoader Init config took 3.05s 
57149      INFO  main            d.u.i.k.p.i.AbstractProblemLoader Replaying proof ArrayList[List::concatenate(List)].JML normal_behavior operation contract.0 
59302      DEBUG main            d.u.i.k.p.i.IntermediateProofReplayer Proof replay took 2.07s 
59306      DEBUG main            d.u.i.k.p.r.p.TestFile    ... success: reloaded. 
59307      INFO  main            d.u.i.k.p.r.p.TestFile    Now processing file /home/runner/work/key/key/key.core/../key.ui/examples/heap/list/ArrayList_contains_dep.key 
59307      INFO  main            d.u.i.k.p.i.AbstractProblemLoader Loading environment from /home/runner/work/key/key/key.core/../key.ui/examples/heap/list/ArrayList_contains_dep.key 
59307      DEBUG main            d.u.i.k.p.i.AbstractProblemLoader Environment load took 80.3ns 
59308      INFO  main            d.u.i.k.p.i.AbstractProblemLoader Creating init config 
60371      DEBUG main            d.u.i.k.j.r.ClassPreparationMethodBuilder clPrepBuilder: Inner Class detected. Reject building class initialisation methods. 
62440      DEBUG main            d.u.i.k.p.i.AbstractProblemLoader Init config took 3.13s 
62494      INFO  main            d.u.i.k.p.i.AbstractProblemLoader Replaying proof ArrayList[List::contains(java.lang.Object)].JML accessible clause.0 
62495      DEBUG main            d.u.i.k.p.i.IntermediateProofReplayer Proof replay took 4.8ns 
65212      INFO  main            d.u.i.k.p.r.p.TestFile    ... finished proof: closed. 
65405      INFO  main            d.u.i.k.p.i.AbstractProblemLoader Loading environment from /home/runner/work/key/key/key.core/../key.ui/examples/heap/list/ArrayList_contains_dep.key.proof 
65405      DEBUG main            d.u.i.k.p.i.AbstractProblemLoader Environment load took 407.2ns 
65407      INFO  main            d.u.i.k.p.i.AbstractProblemLoader Creating init config 
66359      DEBUG main            d.u.i.k.j.r.ClassPreparationMethodBuilder clPrepBuilder: Inner Class detected. Reject building class initialisation methods. 
68418      DEBUG main            d.u.i.k.p.i.AbstractProblemLoader Init config took 3.01s 
68468      INFO  main            d.u.i.k.p.i.AbstractProblemLoader Replaying proof ArrayList[List::contains(java.lang.Object)].JML accessible clause.0 
68899      DEBUG main            d.u.i.k.p.i.IntermediateProofReplayer Proof replay took 419.97ms 
68900      DEBUG main            d.u.i.k.p.r.p.TestFile    ... success: reloaded. 
68902      INFO  main            d.u.i.k.p.r.p.TestFile    Now processing file /home/runner/work/key/key/key.core/../key.ui/examples/heap/list/ArrayList_enlarge.key 
68902      INFO  main            d.u.i.k.p.i.AbstractProblemLoader Loading environment from /home/runner/work/key/key/key.core/../key.ui/examples/heap/list/ArrayList_enlarge.key 
68902      DEBUG main            d.u.i.k.p.i.AbstractProblemLoader Environment load took 201.4ns 
68903      INFO  main            d.u.i.k.p.i.AbstractProblemLoader Creating init config 
69873      DEBUG main            d.u.i.k.j.r.ClassPreparationMethodBuilder clPrepBuilder: Inner Class detected. Reject building class initialisation methods. 
71926      DEBUG main            d.u.i.k.p.i.AbstractProblemLoader Init config took 3.02s 
71996      INFO  main            d.u.i.k.p.i.AbstractProblemLoader Replaying proof ArrayList[ArrayList::enlarge()].JML normal_behavior operation contract.0 
71998      DEBUG main            d.u.i.k.p.i.IntermediateProofReplayer Proof replay took 4.8ns 
74203      INFO  main            d.u.i.k.p.r.p.TestFile    ... finished proof: closed. 
74377      INFO  main            d.u.i.k.p.i.AbstractProblemLoader Loading environment from /home/runner/work/key/key/key.core/../key.ui/examples/heap/list/ArrayList_enlarge.key.proof 
74378      DEBUG main            d.u.i.k.p.i.AbstractProblemLoader Environment load took 858.7ns 
74379      INFO  main            d.u.i.k.p.i.AbstractProblemLoader Creating init config 
75322      DEBUG main            d.u.i.k.j.r.ClassPreparationMethodBuilder clPrepBuilder: Inner Class detected. Reject building class initialisation methods. 
77376      DEBUG main            d.u.i.k.p.i.AbstractProblemLoader Init config took 3s 
77425      INFO  main            d.u.i.k.p.i.AbstractProblemLoader Replaying proof ArrayList[ArrayList::enlarge()].JML normal_behavior operation contract.0 
77812      DEBUG main            d.u.i.k.p.i.IntermediateProofReplayer Proof replay took 378.41ms 
77813      DEBUG main            d.u.i.k.p.r.p.TestFile    ... success: reloaded. 
77814      INFO  main            d.u.i.k.p.r.p.TestFile    Now processing file /home/runner/work/key/key/key.core/../key.ui/examples/heap/list/ArrayList_footprint.key 
77814      INFO  main            d.u.i.k.p.i.AbstractProblemLoader Loading environment from /home/runner/work/key/key/key.core/../key.ui/examples/heap/list/ArrayList_footprint.key 
77815      DEBUG main            d.u.i.k.p.i.AbstractProblemLoader Environment load took 86.1ns 
77815      INFO  main            d.u.i.k.p.i.AbstractProblemLoader Creating init config 
78774      DEBUG main            d.u.i.k.j.r.ClassPreparationMethodBuilder clPrepBuilder: Inner Class detected. Reject building class initialisation methods. 
80837      DEBUG main            d.u.i.k.p.i.AbstractProblemLoader Init config took 3.02s 
80883      INFO  main            d.u.i.k.p.i.AbstractProblemLoader Replaying proof List[List::$footprint()].JML accessible clause.0 
80884      DEBUG main            d.u.i.k.p.i.IntermediateProofReplayer Proof replay took 4.9ns 
80987      INFO  main            d.u.i.k.p.r.p.TestFile    ... finished proof: closed. 
81150      INFO  main            d.u.i.k.p.i.AbstractProblemLoader Loading environment from /home/runner/work/key/key/key.core/../key.ui/examples/heap/list/ArrayList_footprint.key.proof 
81150      DEBUG main            d.u.i.k.p.i.AbstractProblemLoader Environment load took 104.9ns 
81151      INFO  main            d.u.i.k.p.i.AbstractProblemLoader Creating init config 
82129      DEBUG main            d.u.i.k.j.r.ClassPreparationMethodBuilder clPrepBuilder: Inner Class detected. Reject building class initialisation methods. 
84129      DEBUG main            d.u.i.k.p.i.AbstractProblemLoader Init config took 2.98s 
84173      INFO  main            d.u.i.k.p.i.AbstractProblemLoader Replaying proof List[List::$footprint()].JML accessible clause.0 
84176      DEBUG main            d.u.i.k.p.i.IntermediateProofReplayer Proof replay took 941.9ns 
84176      DEBUG main            d.u.i.k.p.r.p.TestFile    ... success: reloaded. 
84178      INFO  main            d.u.i.k.p.r.p.TestFile    Now processing file /home/runner/work/key/key/key.core/../key.ui/examples/heap/list/ArrayList_get_dep.key 
84178      INFO  main            d.u.i.k.p.i.AbstractProblemLoader Loading environment from /home/runner/work/key/key/key.core/../key.ui/examples/heap/list/ArrayList_get_dep.key 
84178      DEBUG main            d.u.i.k.p.i.AbstractProblemLoader Environment load took 100.7ns 
84179      INFO  main            d.u.i.k.p.i.AbstractProblemLoader Creating init config 
85142      DEBUG main            d.u.i.k.j.r.ClassPreparationMethodBuilder clPrepBuilder: Inner Class detected. Reject building class initialisation methods. 
87167      DEBUG main            d.u.i.k.p.i.AbstractProblemLoader Init config took 2.99s 
87233      INFO  main            d.u.i.k.p.i.AbstractProblemLoader Replaying proof ArrayList[List::get(int)].JML accessible clause.0 
87236      DEBUG main            d.u.i.k.p.i.IntermediateProofReplayer Proof replay took 5.2ns 
87642      INFO  main            d.u.i.k.p.r.p.TestFile    ... finished proof: closed. 
87828      INFO  main            d.u.i.k.p.i.AbstractProblemLoader Loading environment from /home/runner/work/key/key/key.core/../key.ui/examples/heap/list/ArrayList_get_dep.key.proof 
87828      DEBUG main            d.u.i.k.p.i.AbstractProblemLoader Environment load took 107.8ns 
87829      INFO  main            d.u.i.k.p.i.AbstractProblemLoader Creating init config 
88807      DEBUG main            d.u.i.k.j.r.ClassPreparationMethodBuilder clPrepBuilder: Inner Class detected. Reject building class initialisation methods. 
90800      DEBUG main            d.u.i.k.p.i.AbstractProblemLoader Init config took 2.97s 
90857      INFO  main            d.u.i.k.p.i.AbstractProblemLoader Replaying proof ArrayList[List::get(int)].JML accessible clause.0 
90934      DEBUG main            d.u.i.k.p.i.IntermediateProofReplayer Proof replay took 72.83ms 
90936      DEBUG main            d.u.i.k.p.r.p.TestFile    ... success: reloaded. 
90938      INFO  main            d.u.i.k.p.r.p.TestFile    Now processing file /home/runner/work/key/key/key.core/../key.ui/examples/heap/list/ArrayList_get_exceptional.key 
90939      INFO  main            d.u.i.k.p.i.AbstractProblemLoader Loading environment from /home/runner/work/key/key/key.core/../key.ui/examples/heap/list/ArrayList_get_exceptional.key 
90941      DEBUG main            d.u.i.k.p.i.AbstractProblemLoader Environment load took 2.11ms 
90942      INFO  main            d.u.i.k.p.i.AbstractProblemLoader Creating init config 
91925      DEBUG main            d.u.i.k.j.r.ClassPreparationMethodBuilder clPrepBuilder: Inner Class detected. Reject building class initialisation methods. 
93993      DEBUG main            d.u.i.k.p.i.AbstractProblemLoader Init config took 3.05s 
94040      INFO  main            d.u.i.k.p.i.AbstractProblemLoader Replaying proof ArrayList[List::get(int)].JML exceptional_behavior operation contract.0 
94041      DEBUG main            d.u.i.k.p.i.IntermediateProofReplayer Proof replay took 4.6ns 
95165      INFO  main            d.u.i.k.p.r.p.TestFile    ... finished proof: closed. 
95357      INFO  main            d.u.i.k.p.i.AbstractProblemLoader Loading environment from /home/runner/work/key/key/key.core/../key.ui/examples/heap/list/ArrayList_get_exceptional.key.proof 
95357      DEBUG main            d.u.i.k.p.i.AbstractProblemLoader Environment load took 119.1ns 
95358      INFO  main            d.u.i.k.p.i.AbstractProblemLoader Creating init config 
96311      DEBUG main            d.u.i.k.j.r.ClassPreparationMethodBuilder clPrepBuilder: Inner Class detected. Reject building class initialisation methods. 
98311      DEBUG main            d.u.i.k.p.i.AbstractProblemLoader Init config took 2.95s 
98366      INFO  main            d.u.i.k.p.i.AbstractProblemLoader Replaying proof ArrayList[List::get(int)].JML exceptional_behavior operation contract.0 
98571      DEBUG main            d.u.i.k.p.i.IntermediateProofReplayer Proof replay took 194.93ms 
98573      DEBUG main            d.u.i.k.p.r.p.TestFile    ... success: reloaded. 
98574      INFO  main            d.u.i.k.p.r.p.TestFile    Now processing file /home/runner/work/key/key/key.core/../key.ui/examples/heap/list/ArrayList_get_normal.key 
98574      INFO  main            d.u.i.k.p.i.AbstractProblemLoader Loading environment from /home/runner/work/key/key/key.core/../key.ui/examples/heap/list/ArrayList_get_normal.key 
98574      DEBUG main            d.u.i.k.p.i.AbstractProblemLoader Environment load took 92.4ns 
98575      INFO  main            d.u.i.k.p.i.AbstractProblemLoader Creating init config 
99566      DEBUG main            d.u.i.k.j.r.ClassPreparationMethodBuilder clPrepBuilder: Inner Class detected. Reject building class initialisation methods. 
101599     DEBUG main            d.u.i.k.p.i.AbstractProblemLoader Init config took 3.02s 
101646     INFO  main            d.u.i.k.p.i.AbstractProblemLoader Replaying proof ArrayList[List::get(int)].JML normal_behavior operation contract.0 
101647     DEBUG main            d.u.i.k.p.i.IntermediateProofReplayer Proof replay took 5ns 
102050     INFO  main            d.u.i.k.p.r.p.TestFile    ... finished proof: closed. 
102226     INFO  main            d.u.i.k.p.i.AbstractProblemLoader Loading environment from /home/runner/work/key/key/key.core/../key.ui/examples/heap/list/ArrayList_get_normal.key.proof 
102227     DEBUG main            d.u.i.k.p.i.AbstractProblemLoader Environment load took 115.9ns 
102228     INFO  main            d.u.i.k.p.i.AbstractProblemLoader Creating init config 
103175     DEBUG main            d.u.i.k.j.r.ClassPreparationMethodBuilder clPrepBuilder: Inner Class detected. Reject building class initialisation methods. 
105188     DEBUG main            d.u.i.k.p.i.AbstractProblemLoader Init config took 2.96s 
105234     INFO  main            d.u.i.k.p.i.AbstractProblemLoader Replaying proof ArrayList[List::get(int)].JML normal_behavior operation contract.0 
105308     DEBUG main            d.u.i.k.p.i.IntermediateProofReplayer Proof replay took 70.59ms 
105309     DEBUG main            d.u.i.k.p.r.p.TestFile    ... success: reloaded. 
105310     INFO  main            d.u.i.k.p.r.p.TestFile    Now processing file /home/runner/work/key/key/key.core/../key.ui/examples/heap/list/ArrayList_inv.key 
105310     INFO  main            d.u.i.k.p.i.AbstractProblemLoader Loading environment from /home/runner/work/key/key/key.core/../key.ui/examples/heap/list/ArrayList_inv.key 
105310     DEBUG main            d.u.i.k.p.i.AbstractProblemLoader Environment load took 52.3ns 
105311     INFO  main            d.u.i.k.p.i.AbstractProblemLoader Creating init config 
106275     DEBUG main            d.u.i.k.j.r.ClassPreparationMethodBuilder clPrepBuilder: Inner Class detected. Reject building class initialisation methods. 
108276     DEBUG main            d.u.i.k.p.i.AbstractProblemLoader Init config took 2.97s 
108321     INFO  main            d.u.i.k.p.i.AbstractProblemLoader Replaying proof ArrayList[java.lang.Object::<inv>()].JML accessible clause.0 
108323     DEBUG main            d.u.i.k.p.i.IntermediateProofReplayer Proof replay took 4.7ns 
108625     INFO  main            d.u.i.k.p.r.p.TestFile    ... finished proof: closed. 
108826     INFO  main            d.u.i.k.p.i.AbstractProblemLoader Loading environment from /home/runner/work/key/key/key.core/../key.ui/examples/heap/list/ArrayList_inv.key.proof 
108826     DEBUG main            d.u.i.k.p.i.AbstractProblemLoader Environment load took 119.3ns 
108827     INFO  main            d.u.i.k.p.i.AbstractProblemLoader Creating init config 
109771     DEBUG main            d.u.i.k.j.r.ClassPreparationMethodBuilder clPrepBuilder: Inner Class detected. Reject building class initialisation methods. 
111774     DEBUG main            d.u.i.k.p.i.AbstractProblemLoader Init config took 2.95s 
111820     INFO  main            d.u.i.k.p.i.AbstractProblemLoader Replaying proof ArrayList[java.lang.Object::<inv>()].JML accessible clause.0 
111862     DEBUG main            d.u.i.k.p.i.IntermediateProofReplayer Proof replay took 38.93ms 
111863     DEBUG main            d.u.i.k.p.r.p.TestFile    ... success: reloaded. 
111864     INFO  main            d.u.i.k.p.r.p.TestFile    Now processing file /home/runner/work/key/key/key.core/../key.ui/examples/heap/list/ArrayList_iterator.key 
111864     INFO  main            d.u.i.k.p.i.AbstractProblemLoader Loading environment from /home/runner/work/key/key/key.core/../key.ui/examples/heap/list/ArrayList_iterator.key 
111864     DEBUG main            d.u.i.k.p.i.AbstractProblemLoader Environment load took 71.2ns 
111865     INFO  main            d.u.i.k.p.i.AbstractProblemLoader Creating init config 
112823     DEBUG main            d.u.i.k.j.r.ClassPreparationMethodBuilder clPrepBuilder: Inner Class detected. Reject building class initialisation methods. 
114842     DEBUG main            d.u.i.k.p.i.AbstractProblemLoader Init config took 2.98s 
114887     INFO  main            d.u.i.k.p.i.AbstractProblemLoader Replaying proof ArrayList[List::iterator()].JML normal_behavior operation contract.0 
114888     DEBUG main            d.u.i.k.p.i.IntermediateProofReplayer Proof replay took 4.9ns 
115392     INFO  main            d.u.i.k.p.r.p.TestFile    ... finished proof: closed. 
115604     INFO  main            d.u.i.k.p.i.AbstractProblemLoader Loading environment from /home/runner/work/key/key/key.core/../key.ui/examples/heap/list/ArrayList_iterator.key.proof 
115604     DEBUG main            d.u.i.k.p.i.AbstractProblemLoader Environment load took 107.1ns 
115605     INFO  main            d.u.i.k.p.i.AbstractProblemLoader Creating init config 
116547     DEBUG main            d.u.i.k.j.r.ClassPreparationMethodBuilder clPrepBuilder: Inner Class detected. Reject building class initialisation methods. 
118535     DEBUG main            d.u.i.k.p.i.AbstractProblemLoader Init config took 2.93s 
118582     INFO  main            d.u.i.k.p.i.AbstractProblemLoader Replaying proof ArrayList[List::iterator()].JML normal_behavior operation contract.0 
118661     DEBUG main            d.u.i.k.p.i.IntermediateProofReplayer Proof replay took 75.1ms 
118662     DEBUG main            d.u.i.k.p.r.p.TestFile    ... success: reloaded. 
118667     INFO  main            d.u.i.k.p.r.p.TestFile    Now processing file /home/runner/work/key/key/key.core/../key.ui/examples/heap/list/ArrayList_size_dep.key 
118668     INFO  main            d.u.i.k.p.i.AbstractProblemLoader Loading environment from /home/runner/work/key/key/key.core/../key.ui/examples/heap/list/ArrayList_size_dep.key 
118668     DEBUG main            d.u.i.k.p.i.AbstractProblemLoader Environment load took 234.3ns 
118669     INFO  main            d.u.i.k.p.i.AbstractProblemLoader Creating init config 
119631     DEBUG main            d.u.i.k.j.r.ClassPreparationMethodBuilder clPrepBuilder: Inner Class detected. Reject building class initialisation methods. 
121632     DEBUG main            d.u.i.k.p.i.AbstractProblemLoader Init config took 2.96s 
121676     INFO  main            d.u.i.k.p.i.AbstractProblemLoader Replaying proof ArrayList[List::size()].JML accessible clause.0 
121677     DEBUG main            d.u.i.k.p.i.IntermediateProofReplayer Proof replay took 4.9ns 
121879     INFO  main            d.u.i.k.p.r.p.TestFile    ... finished proof: closed. 
122082     INFO  main            d.u.i.k.p.i.AbstractProblemLoader Loading environment from /home/runner/work/key/key/key.core/../key.ui/examples/heap/list/ArrayList_size_dep.key.proof 
122082     DEBUG main            d.u.i.k.p.i.AbstractProblemLoader Environment load took 110.2ns 
122083     INFO  main            d.u.i.k.p.i.AbstractProblemLoader Creating init config 
123023     DEBUG main            d.u.i.k.j.r.ClassPreparationMethodBuilder clPrepBuilder: Inner Class detected. Reject building class initialisation methods. 
124995     DEBUG main            d.u.i.k.p.i.AbstractProblemLoader Init config took 2.91s 
125039     INFO  main            d.u.i.k.p.i.AbstractProblemLoader Replaying proof ArrayList[List::size()].JML accessible clause.0 
125061     DEBUG main            d.u.i.k.p.i.IntermediateProofReplayer Proof replay took 20.12ms 
125062     DEBUG main            d.u.i.k.p.r.p.TestFile    ... success: reloaded. 
125063     INFO  main            d.u.i.k.p.r.p.TestFile    Now processing file /home/runner/work/key/key/key.core/../key.ui/examples/heap/list/ArrayList_size.key 
125063     INFO  main            d.u.i.k.p.i.AbstractProblemLoader Loading environment from /home/runner/work/key/key/key.core/../key.ui/examples/heap/list/ArrayList_size.key 
125063     DEBUG main            d.u.i.k.p.i.AbstractProblemLoader Environment load took 68.9ns 
125064     INFO  main            d.u.i.k.p.i.AbstractProblemLoader Creating init config 
126028     DEBUG main            d.u.i.k.j.r.ClassPreparationMethodBuilder clPrepBuilder: Inner Class detected. Reject building class initialisation methods. 
128057     DEBUG main            d.u.i.k.p.i.AbstractProblemLoader Init config took 2.99s 
128117     INFO  main            d.u.i.k.p.i.AbstractProblemLoader Replaying proof ArrayList[List::size()].JML normal_behavior operation contract.0 
128119     DEBUG main            d.u.i.k.p.i.IntermediateProofReplayer Proof replay took 4.9ns 
128321     INFO  main            d.u.i.k.p.r.p.TestFile    ... finished proof: closed. 
128525     INFO  main            d.u.i.k.p.i.AbstractProblemLoader Loading environment from /home/runner/work/key/key/key.core/../key.ui/examples/heap/list/ArrayList_size.key.proof 
128525     DEBUG main            d.u.i.k.p.i.AbstractProblemLoader Environment load took 108.8ns 
128526     INFO  main            d.u.i.k.p.i.AbstractProblemLoader Creating init config 
129479     DEBUG main            d.u.i.k.j.r.ClassPreparationMethodBuilder clPrepBuilder: Inner Class detected. Reject building class initialisation methods. 
131452     DEBUG main            d.u.i.k.p.i.AbstractProblemLoader Init config took 2.93s 
131497     INFO  main            d.u.i.k.p.i.AbstractProblemLoader Replaying proof ArrayList[List::size()].JML normal_behavior operation contract.0 
131546     DEBUG main            d.u.i.k.p.i.IntermediateProofReplayer Proof replay took 46.85ms 
131547     DEBUG main            d.u.i.k.p.r.p.TestFile    ... success: reloaded. 
131548     INFO  main            d.u.i.k.p.r.p.TestFile    Now processing file /home/runner/work/key/key/key.core/../key.ui/examples/heap/list/ArrayList.ArrayListIterator_ArrayListIterator.key 
131548     INFO  main            d.u.i.k.p.i.AbstractProblemLoader Loading environment from /home/runner/work/key/key/key.core/../key.ui/examples/heap/list/ArrayList.ArrayListIterator_ArrayListIterator.key 
131548     DEBUG main            d.u.i.k.p.i.AbstractProblemLoader Environment load took 79.2ns 
131549     INFO  main            d.u.i.k.p.i.AbstractProblemLoader Creating init config 
132501     DEBUG main            d.u.i.k.j.r.ClassPreparationMethodBuilder clPrepBuilder: Inner Class detected. Reject building class initialisation methods. 
134538     DEBUG main            d.u.i.k.p.i.AbstractProblemLoader Init config took 2.99s 
134594     INFO  main            d.u.i.k.p.i.AbstractProblemLoader Replaying proof ArrayList.ArrayListIterator[ArrayList.ArrayListIterator::ArrayListIterator(ArrayList)].JML normal_behavior operation contract.0 
134595     DEBUG main            d.u.i.k.p.i.IntermediateProofReplayer Proof replay took 5.5ns 
135198     INFO  main            d.u.i.k.p.r.p.TestFile    ... finished proof: closed. 
135416     INFO  main            d.u.i.k.p.i.AbstractProblemLoader Loading environment from /home/runner/work/key/key/key.core/../key.ui/examples/heap/list/ArrayList.ArrayListIterator_ArrayListIterator.key.proof 
135416     DEBUG main            d.u.i.k.p.i.AbstractProblemLoader Environment load took 101.7ns 
135417     INFO  main            d.u.i.k.p.i.AbstractProblemLoader Creating init config 
136343     DEBUG main            d.u.i.k.j.r.ClassPreparationMethodBuilder clPrepBuilder: Inner Class detected. Reject building class initialisation methods. 
138318     DEBUG main            d.u.i.k.p.i.AbstractProblemLoader Init config took 2.9s 
138369     INFO  main            d.u.i.k.p.i.AbstractProblemLoader Replaying proof ArrayList.ArrayListIterator[ArrayList.ArrayListIterator::ArrayListIterator(ArrayList)].JML normal_behavior operation contract.0 
138466     DEBUG main            d.u.i.k.p.i.IntermediateProofReplayer Proof replay took 93.92ms 
138467     DEBUG main            d.u.i.k.p.r.p.TestFile    ... success: reloaded. 
138468     INFO  main            d.u.i.k.p.r.p.TestFile    Now processing file /home/runner/work/key/key/key.core/../key.ui/examples/heap/list/ArrayList.ArrayListIterator_hasNext_dep.key 
138469     INFO  main            d.u.i.k.p.i.AbstractProblemLoader Loading environment from /home/runner/work/key/key/key.core/../key.ui/examples/heap/list/ArrayList.ArrayListIterator_hasNext_dep.key 
138469     DEBUG main            d.u.i.k.p.i.AbstractProblemLoader Environment load took 105.4ns 
138481     INFO  main            d.u.i.k.p.i.AbstractProblemLoader Creating init config 
139450     DEBUG main            d.u.i.k.j.r.ClassPreparationMethodBuilder clPrepBuilder: Inner Class detected. Reject building class initialisation methods. 
141451     DEBUG main            d.u.i.k.p.i.AbstractProblemLoader Init config took 2.97s 
141505     INFO  main            d.u.i.k.p.i.AbstractProblemLoader Replaying proof ArrayList.ArrayListIterator[ListIterator::hasNext()].JML accessible clause.0 
141507     DEBUG main            d.u.i.k.p.i.IntermediateProofReplayer Proof replay took 5ns 
141809     INFO  main            d.u.i.k.p.r.p.TestFile    ... finished proof: closed. 
142041     INFO  main            d.u.i.k.p.i.AbstractProblemLoader Loading environment from /home/runner/work/key/key/key.core/../key.ui/examples/heap/list/ArrayList.ArrayListIterator_hasNext_dep.key.proof 
142041     DEBUG main            d.u.i.k.p.i.AbstractProblemLoader Environment load took 116.5ns 
142042     INFO  main            d.u.i.k.p.i.AbstractProblemLoader Creating init config 
142972     DEBUG main            d.u.i.k.j.r.ClassPreparationMethodBuilder clPrepBuilder: Inner Class detected. Reject building class initialisation methods. 
144948     DEBUG main            d.u.i.k.p.i.AbstractProblemLoader Init config took 2.91s 
144998     INFO  main            d.u.i.k.p.i.AbstractProblemLoader Replaying proof ArrayList.ArrayListIterator[ListIterator::hasNext()].JML accessible clause.0 
145049     DEBUG main            d.u.i.k.p.i.IntermediateProofReplayer Proof replay took 48.51ms 
145050     DEBUG main            d.u.i.k.p.r.p.TestFile    ... success: reloaded. 
145052     INFO  main            d.u.i.k.p.r.p.TestFile    Now processing file /home/runner/work/key/key/key.core/../key.ui/examples/heap/list/ArrayList.ArrayListIterator_hasNext.key 
145052     INFO  main            d.u.i.k.p.i.AbstractProblemLoader Loading environment from /home/runner/work/key/key/key.core/../key.ui/examples/heap/list/ArrayList.ArrayListIterator_hasNext.key 
145052     DEBUG main            d.u.i.k.p.i.AbstractProblemLoader Environment load took 204ns 
145053     INFO  main            d.u.i.k.p.i.AbstractProblemLoader Creating init config 
146011     DEBUG main            d.u.i.k.j.r.ClassPreparationMethodBuilder clPrepBuilder: Inner Class detected. Reject building class initialisation methods. 
148047     DEBUG main            d.u.i.k.p.i.AbstractProblemLoader Init config took 2.99s 
148099     INFO  main            d.u.i.k.p.i.AbstractProblemLoader Replaying proof ArrayList.ArrayListIterator[ListIterator::hasNext()].JML normal_behavior operation contract.0 
148101     DEBUG main            d.u.i.k.p.i.IntermediateProofReplayer Proof replay took 5.4ns 
148503     INFO  main            d.u.i.k.p.r.p.TestFile    ... finished proof: closed. 
148715     INFO  main            d.u.i.k.p.i.AbstractProblemLoader Loading environment from /home/runner/work/key/key/key.core/../key.ui/examples/heap/list/ArrayList.ArrayListIterator_hasNext.key.proof 
148715     DEBUG main            d.u.i.k.p.i.AbstractProblemLoader Environment load took 101.9ns 
148716     INFO  main            d.u.i.k.p.i.AbstractProblemLoader Creating init config 
149659     DEBUG main            d.u.i.k.j.r.ClassPreparationMethodBuilder clPrepBuilder: Inner Class detected. Reject building class initialisation methods. 
151624     DEBUG main            d.u.i.k.p.i.AbstractProblemLoader Init config took 2.91s 
151683     INFO  main            d.u.i.k.p.i.AbstractProblemLoader Replaying proof ArrayList.ArrayListIterator[ListIterator::hasNext()].JML normal_behavior operation contract.0 
151735     DEBUG main            d.u.i.k.p.i.IntermediateProofReplayer Proof replay took 49.13ms 
151736     DEBUG main            d.u.i.k.p.r.p.TestFile    ... success: reloaded. 
151737     INFO  main            d.u.i.k.p.r.p.TestFile    Now processing file /home/runner/work/key/key/key.core/../key.ui/examples/heap/list/ArrayList.ArrayListIterator_inv.key 
151737     INFO  main            d.u.i.k.p.i.AbstractProblemLoader Loading environment from /home/runner/work/key/key/key.core/../key.ui/examples/heap/list/ArrayList.ArrayListIterator_inv.key 
151737     DEBUG main            d.u.i.k.p.i.AbstractProblemLoader Environment load took 87.3ns 
151738     INFO  main            d.u.i.k.p.i.AbstractProblemLoader Creating init config 
152682     DEBUG main            d.u.i.k.j.r.ClassPreparationMethodBuilder clPrepBuilder: Inner Class detected. Reject building class initialisation methods. 
154779     DEBUG main            d.u.i.k.p.i.AbstractProblemLoader Init config took 3.04s 
154830     INFO  main            d.u.i.k.p.i.AbstractProblemLoader Replaying proof ArrayList.ArrayListIterator[java.lang.Object::<inv>()].JML accessible clause.0 
154831     DEBUG main            d.u.i.k.p.i.IntermediateProofReplayer Proof replay took 5.3ns 
155735     INFO  main            d.u.i.k.p.r.p.TestFile    ... finished proof: closed. 
155973     INFO  main            d.u.i.k.p.i.AbstractProblemLoader Loading environment from /home/runner/work/key/key/key.core/../key.ui/examples/heap/list/ArrayList.ArrayListIterator_inv.key.proof 
155973     DEBUG main            d.u.i.k.p.i.AbstractProblemLoader Environment load took 106.9ns 
155974     INFO  main            d.u.i.k.p.i.AbstractProblemLoader Creating init config 
156933     DEBUG main            d.u.i.k.j.r.ClassPreparationMethodBuilder clPrepBuilder: Inner Class detected. Reject building class initialisation methods. 
158888     DEBUG main            d.u.i.k.p.i.AbstractProblemLoader Init config took 2.91s 
158943     INFO  main            d.u.i.k.p.i.AbstractProblemLoader Replaying proof ArrayList.ArrayListIterator[java.lang.Object::<inv>()].JML accessible clause.0 
159041     DEBUG main            d.u.i.k.p.i.IntermediateProofReplayer Proof replay took 90.27ms 
159043     DEBUG main            d.u.i.k.p.r.p.TestFile    ... success: reloaded. 
159045     INFO  main            d.u.i.k.p.r.p.TestFile    Now processing file /home/runner/work/key/key/key.core/../key.ui/examples/heap/list/ArrayList.ArrayListIterator_list.key 
159045     INFO  main            d.u.i.k.p.i.AbstractProblemLoader Loading environment from /home/runner/work/key/key/key.core/../key.ui/examples/heap/list/ArrayList.ArrayListIterator_list.key 
159045     DEBUG main            d.u.i.k.p.i.AbstractProblemLoader Environment load took 57.3ns 
159046     INFO  main            d.u.i.k.p.i.AbstractProblemLoader Creating init config 
159990     DEBUG main            d.u.i.k.j.r.ClassPreparationMethodBuilder clPrepBuilder: Inner Class detected. Reject building class initialisation methods. 
161996     DEBUG main            d.u.i.k.p.i.AbstractProblemLoader Init config took 2.95s 
162034     INFO  main            d.u.i.k.p.i.AbstractProblemLoader Replaying proof ListIterator[ListIterator::$list()].JML accessible clause.0 
162036     DEBUG main            d.u.i.k.p.i.IntermediateProofReplayer Proof replay took 5.2ns 
162137     INFO  main            d.u.i.k.p.r.p.TestFile    ... finished proof: closed. 
162369     INFO  main            d.u.i.k.p.i.AbstractProblemLoader Loading environment from /home/runner/work/key/key/key.core/../key.ui/examples/heap/list/ArrayList.ArrayListIterator_list.key.proof 
162369     DEBUG main            d.u.i.k.p.i.AbstractProblemLoader Environment load took 112.3ns 
162370     INFO  main            d.u.i.k.p.i.AbstractProblemLoader Creating init config 
163301     DEBUG main            d.u.i.k.j.r.ClassPreparationMethodBuilder clPrepBuilder: Inner Class detected. Reject building class initialisation methods. 
165260     DEBUG main            d.u.i.k.p.i.AbstractProblemLoader Init config took 2.89s 
165297     INFO  main            d.u.i.k.p.i.AbstractProblemLoader Replaying proof ListIterator[ListIterator::$list()].JML accessible clause.0 
165300     DEBUG main            d.u.i.k.p.i.IntermediateProofReplayer Proof replay took 873.6ns 
165300     DEBUG main            d.u.i.k.p.r.p.TestFile    ... success: reloaded. 
165301     INFO  main            d.u.i.k.p.r.p.TestFile    Now processing file /home/runner/work/key/key/key.core/../key.ui/examples/heap/list/ArrayList.ArrayListIterator_next_exceptional.key 
165301     INFO  main            d.u.i.k.p.i.AbstractProblemLoader Loading environment from /home/runner/work/key/key/key.core/../key.ui/examples/heap/list/ArrayList.ArrayListIterator_next_exceptional.key 
165301     DEBUG main            d.u.i.k.p.i.AbstractProblemLoader Environment load took 56.1ns 
165302     INFO  main            d.u.i.k.p.i.AbstractProblemLoader Creating init config 
166264     DEBUG main            d.u.i.k.j.r.ClassPreparationMethodBuilder clPrepBuilder: Inner Class detected. Reject building class initialisation methods. 
168280     DEBUG main            d.u.i.k.p.i.AbstractProblemLoader Init config took 2.98s 
168329     INFO  main            d.u.i.k.p.i.AbstractProblemLoader Replaying proof ArrayList.ArrayListIterator[ListIterator::next()].JML exceptional_behavior operation contract.0 
168331     DEBUG main            d.u.i.k.p.i.IntermediateProofReplayer Proof replay took 5ns 
169136     INFO  main            d.u.i.k.p.r.p.TestFile    ... finished proof: closed. 
169385     INFO  main            d.u.i.k.p.i.AbstractProblemLoader Loading environment from /home/runner/work/key/key/key.core/../key.ui/examples/heap/list/ArrayList.ArrayListIterator_next_exceptional.key.proof 
169385     DEBUG main            d.u.i.k.p.i.AbstractProblemLoader Environment load took 107.7ns 
169386     INFO  main            d.u.i.k.p.i.AbstractProblemLoader Creating init config 
170311     DEBUG main            d.u.i.k.j.r.ClassPreparationMethodBuilder clPrepBuilder: Inner Class detected. Reject building class initialisation methods. 
172272     DEBUG main            d.u.i.k.p.i.AbstractProblemLoader Init config took 2.89s 
172323     INFO  main            d.u.i.k.p.i.AbstractProblemLoader Replaying proof ArrayList.ArrayListIterator[ListIterator::next()].JML exceptional_behavior operation contract.0 
172462     DEBUG main            d.u.i.k.p.i.IntermediateProofReplayer Proof replay took 135.05ms 
172465     DEBUG main            d.u.i.k.p.r.p.TestFile    ... success: reloaded. 
172466     INFO  main            d.u.i.k.p.r.p.TestFile    Now processing file /home/runner/work/key/key/key.core/../key.ui/examples/heap/list/ArrayList.ArrayListIterator_next_normal.key 
172466     INFO  main            d.u.i.k.p.i.AbstractProblemLoader Loading environment from /home/runner/work/key/key/key.core/../key.ui/examples/heap/list/ArrayList.ArrayListIterator_next_normal.key 
172466     DEBUG main            d.u.i.k.p.i.AbstractProblemLoader Environment load took 207.6ns 
172467     INFO  main            d.u.i.k.p.i.AbstractProblemLoader Creating init config 
173463     DEBUG main            d.u.i.k.j.r.ClassPreparationMethodBuilder clPrepBuilder: Inner Class detected. Reject building class initialisation methods. 
175490     DEBUG main            d.u.i.k.p.i.AbstractProblemLoader Init config took 3.02s 
175541     INFO  main            d.u.i.k.p.i.AbstractProblemLoader Replaying proof ArrayList.ArrayListIterator[ListIterator::next()].JML normal_behavior operation contract.0 
175543     DEBUG main            d.u.i.k.p.i.IntermediateProofReplayer Proof replay took 5.5ns 
176448     INFO  main            d.u.i.k.p.r.p.TestFile    ... finished proof: closed. 
176699     INFO  main            d.u.i.k.p.i.AbstractProblemLoader Loading environment from /home/runner/work/key/key/key.core/../key.ui/examples/heap/list/ArrayList.ArrayListIterator_next_normal.key.proof 
176699     DEBUG main            d.u.i.k.p.i.AbstractProblemLoader Environment load took 113.5ns 
176700     INFO  main            d.u.i.k.p.i.AbstractProblemLoader Creating init config 
177626     DEBUG main            d.u.i.k.j.r.ClassPreparationMethodBuilder clPrepBuilder: Inner Class detected. Reject building class initialisation methods. 
179589     DEBUG main            d.u.i.k.p.i.AbstractProblemLoader Init config took 2.89s 
179639     INFO  main            d.u.i.k.p.i.AbstractProblemLoader Replaying proof ArrayList.ArrayListIterator[ListIterator::next()].JML normal_behavior operation contract.0 
179805     DEBUG main            d.u.i.k.p.i.IntermediateProofReplayer Proof replay took 161.69ms 
179806     DEBUG main            d.u.i.k.p.r.p.TestFile    ... success: reloaded. 
179807     INFO  main            d.u.i.k.p.r.p.TestFile    Now processing file /home/runner/work/key/key/key.core/../key.ui/examples/heap/list/ArrayList.ArrayListIterator_pos.key 
179807     INFO  main            d.u.i.k.p.i.AbstractProblemLoader Loading environment from /home/runner/work/key/key/key.core/../key.ui/examples/heap/list/ArrayList.ArrayListIterator_pos.key 
179807     DEBUG main            d.u.i.k.p.i.AbstractProblemLoader Environment load took 68.3ns 
179808     INFO  main            d.u.i.k.p.i.AbstractProblemLoader Creating init config 
180752     DEBUG main            d.u.i.k.j.r.ClassPreparationMethodBuilder clPrepBuilder: Inner Class detected. Reject building class initialisation methods. 
182758     DEBUG main            d.u.i.k.p.i.AbstractProblemLoader Init config took 2.95s 
182796     INFO  main            d.u.i.k.p.i.AbstractProblemLoader Replaying proof ListIterator[ListIterator::$pos()].JML accessible clause.0 
182798     DEBUG main            d.u.i.k.p.i.IntermediateProofReplayer Proof replay took 5.3ns 
182902     INFO  main            d.u.i.k.p.r.p.TestFile    ... finished proof: closed. 
183137     INFO  main            d.u.i.k.p.i.AbstractProblemLoader Loading environment from /home/runner/work/key/key/key.core/../key.ui/examples/heap/list/ArrayList.ArrayListIterator_pos.key.proof 
183137     DEBUG main            d.u.i.k.p.i.AbstractProblemLoader Environment load took 96.5ns 
183138     INFO  main            d.u.i.k.p.i.AbstractProblemLoader Creating init config 
184064     DEBUG main            d.u.i.k.j.r.ClassPreparationMethodBuilder clPrepBuilder: Inner Class detected. Reject building class initialisation methods. 
186014     DEBUG main            d.u.i.k.p.i.AbstractProblemLoader Init config took 2.88s 
186062     INFO  main            d.u.i.k.p.i.AbstractProblemLoader Replaying proof ListIterator[ListIterator::$pos()].JML accessible clause.0 
186064     DEBUG main            d.u.i.k.p.i.IntermediateProofReplayer Proof replay took 935.8ns 
186065     DEBUG main            d.u.i.k.p.r.p.TestFile    ... success: reloaded. 
186066     INFO  main            d.u.i.k.p.r.p.TestFile    Now processing file /home/runner/work/key/key/key.core/../key.ui/examples/heap/list/Client_m.key 
186067     INFO  main            d.u.i.k.p.i.AbstractProblemLoader Loading environment from /home/runner/work/key/key/key.core/../key.ui/examples/heap/list/Client_m.key 
186067     DEBUG main            d.u.i.k.p.i.AbstractProblemLoader Environment load took 191.6ns 
186068     INFO  main            d.u.i.k.p.i.AbstractProblemLoader Creating init config 
187010     DEBUG main            d.u.i.k.j.r.ClassPreparationMethodBuilder clPrepBuilder: Inner Class detected. Reject building class initialisation methods. 
189012     DEBUG main            d.u.i.k.p.i.AbstractProblemLoader Init config took 2.94s 
189050     INFO  main            d.u.i.k.p.i.AbstractProblemLoader Replaying proof Client[Client::m(List)].JML normal_behavior operation contract.0 
189054     DEBUG main            d.u.i.k.p.i.IntermediateProofReplayer Proof replay took 5.1ns 
189357     INFO  main            d.u.i.k.p.r.p.TestFile    ... finished proof: closed. 
189619     INFO  main            d.u.i.k.p.i.AbstractProblemLoader Loading environment from /home/runner/work/key/key/key.core/../key.ui/examples/heap/list/Client_m.key.proof 
189619     DEBUG main            d.u.i.k.p.i.AbstractProblemLoader Environment load took 96.9ns 
189620     INFO  main            d.u.i.k.p.i.AbstractProblemLoader Creating init config 
190547     DEBUG main            d.u.i.k.j.r.ClassPreparationMethodBuilder clPrepBuilder: Inner Class detected. Reject building class initialisation methods. 
192501     DEBUG main            d.u.i.k.p.i.AbstractProblemLoader Init config took 2.88s 
192540     INFO  main            d.u.i.k.p.i.AbstractProblemLoader Replaying proof Client[Client::m(List)].JML normal_behavior operation contract.0 
192616     DEBUG main            d.u.i.k.p.i.IntermediateProofReplayer Proof replay took 73.61ms 
192617     DEBUG main            d.u.i.k.p.r.p.TestFile    ... success: reloaded. 
192618     INFO  main            d.u.i.k.p.r.p.TestFile    Now processing file /home/runner/work/key/key/key.core/../key.ui/examples/heap/list/Client_n.key 
192618     INFO  main            d.u.i.k.p.i.AbstractProblemLoader Loading environment from /home/runner/work/key/key/key.core/../key.ui/examples/heap/list/Client_n.key 
192618     DEBUG main            d.u.i.k.p.i.AbstractProblemLoader Environment load took 100.6ns 
192619     INFO  main            d.u.i.k.p.i.AbstractProblemLoader Creating init config 
193568     DEBUG main            d.u.i.k.j.r.ClassPreparationMethodBuilder clPrepBuilder: Inner Class detected. Reject building class initialisation methods. 
195568     DEBUG main            d.u.i.k.p.i.AbstractProblemLoader Init config took 2.95s 
195609     INFO  main            d.u.i.k.p.i.AbstractProblemLoader Replaying proof Client[Client::n(List)].JML normal_behavior operation contract.0 
195611     DEBUG main            d.u.i.k.p.i.IntermediateProofReplayer Proof replay took 6ns 
195713     INFO  main            d.u.i.k.p.r.p.TestFile    ... finished proof: closed. 
196091     INFO  main            d.u.i.k.p.i.AbstractProblemLoader Loading environment from /home/runner/work/key/key/key.core/../key.ui/examples/heap/list/Client_n.key.proof 
196091     DEBUG main            d.u.i.k.p.i.AbstractProblemLoader Environment load took 95ns 
196092     INFO  main            d.u.i.k.p.i.AbstractProblemLoader Creating init config 
197020     DEBUG main            d.u.i.k.j.r.ClassPreparationMethodBuilder clPrepBuilder: Inner Class detected. Reject building class initialisation methods. 
198975     DEBUG main            d.u.i.k.p.i.AbstractProblemLoader Init config took 2.88s 
199013     INFO  main            d.u.i.k.p.i.AbstractProblemLoader Replaying proof Client[Client::n(List)].JML normal_behavior operation contract.0 
199031     DEBUG main            d.u.i.k.p.i.IntermediateProofReplayer Proof replay took 16.26ms 
199031     DEBUG main            d.u.i.k.p.r.p.TestFile    ... success: reloaded. 
199032     INFO  main            d.u.i.k.p.r.p.TestFile    Now processing file /home/runner/work/key/key/key.core/../key.ui/examples/heap/list/LinkedList_get_exceptional.key 
199032     INFO  main            d.u.i.k.p.i.AbstractProblemLoader Loading environment from /home/runner/work/key/key/key.core/../key.ui/examples/heap/list/LinkedList_get_exceptional.key 
199032     DEBUG main            d.u.i.k.p.i.AbstractProblemLoader Environment load took 48ns 
199033     INFO  main            d.u.i.k.p.i.AbstractProblemLoader Creating init config 
199980     DEBUG main            d.u.i.k.j.r.ClassPreparationMethodBuilder clPrepBuilder: Inner Class detected. Reject building class initialisation methods. 
201993     DEBUG main            d.u.i.k.p.i.AbstractProblemLoader Init config took 2.96s 
202036     INFO  main            d.u.i.k.p.i.AbstractProblemLoader Replaying proof LinkedList[List::get(int)].JML exceptional_behavior operation contract.0 
202038     DEBUG main            d.u.i.k.p.i.IntermediateProofReplayer Proof replay took 5.6ns 
204056     INFO  main            d.u.i.k.p.r.p.TestFile    ... finished proof: closed. 
204337     INFO  main            d.u.i.k.p.i.AbstractProblemLoader Loading environment from /home/runner/work/key/key/key.core/../key.ui/examples/heap/list/LinkedList_get_exceptional.key.proof 
204337     DEBUG main            d.u.i.k.p.i.AbstractProblemLoader Environment load took 487.7ns 
204338     INFO  main            d.u.i.k.p.i.AbstractProblemLoader Creating init config 
205262     DEBUG main            d.u.i.k.j.r.ClassPreparationMethodBuilder clPrepBuilder: Inner Class detected. Reject building class initialisation methods. 
207219     DEBUG main            d.u.i.k.p.i.AbstractProblemLoader Init config took 2.88s 
207263     INFO  main            d.u.i.k.p.i.AbstractProblemLoader Replaying proof LinkedList[List::get(int)].JML exceptional_behavior operation contract.0 
207576     DEBUG main            d.u.i.k.p.i.IntermediateProofReplayer Proof replay took 305.34ms 
207577     DEBUG main            d.u.i.k.p.r.p.TestFile    ... success: reloaded. 
207578     INFO  main            d.u.i.k.p.r.p.TestFile    Now processing file /home/runner/work/key/key/key.core/../key.ui/examples/heap/list/LinkedList_get_normal.key 
207578     INFO  main            d.u.i.k.p.i.AbstractProblemLoader Loading environment from /home/runner/work/key/key/key.core/../key.ui/examples/heap/list/LinkedList_get_normal.key 
207579     DEBUG main            d.u.i.k.p.i.AbstractProblemLoader Environment load took 67.4ns 
207579     INFO  main            d.u.i.k.p.i.AbstractProblemLoader Creating init config 
208541     DEBUG main            d.u.i.k.j.r.ClassPreparationMethodBuilder clPrepBuilder: Inner Class detected. Reject building class initialisation methods. 
210523     DEBUG main            d.u.i.k.p.i.AbstractProblemLoader Init config took 2.94s 
210585     INFO  main            d.u.i.k.p.i.AbstractProblemLoader Replaying proof LinkedList[List::get(int)].JML normal_behavior operation contract.0 
210586     DEBUG main            d.u.i.k.p.i.IntermediateProofReplayer Proof replay took 4.8ns 
215603     INFO  main            d.u.i.k.p.r.p.TestFile    ... finished proof: closed. 
215924     INFO  main            d.u.i.k.p.i.AbstractProblemLoader Loading environment from /home/runner/work/key/key/key.core/../key.ui/examples/heap/list/LinkedList_get_normal.key.proof 
215925     DEBUG main            d.u.i.k.p.i.AbstractProblemLoader Environment load took 399ns 
215927     INFO  main            d.u.i.k.p.i.AbstractProblemLoader Creating init config 
216854     DEBUG main            d.u.i.k.j.r.ClassPreparationMethodBuilder clPrepBuilder: Inner Class detected. Reject building class initialisation methods. 
218804     DEBUG main            d.u.i.k.p.i.AbstractProblemLoader Init config took 2.88s 
218848     INFO  main            d.u.i.k.p.i.AbstractProblemLoader Replaying proof LinkedList[List::get(int)].JML normal_behavior operation contract.0 
219274     DEBUG main            d.u.i.k.p.i.IntermediateProofReplayer Proof replay took 406.32ms 
219276     DEBUG main            d.u.i.k.p.r.p.TestFile    ... success: reloaded. 
219277     INFO  main            d.u.i.k.p.r.p.TestFile    Now processing file /home/runner/work/key/key/key.core/../key.ui/examples/heap/list/LinkedList_LinkedList.key 
219277     INFO  main            d.u.i.k.p.i.AbstractProblemLoader Loading environment from /home/runner/work/key/key/key.core/../key.ui/examples/heap/list/LinkedList_LinkedList.key 
219277     DEBUG main            d.u.i.k.p.i.AbstractProblemLoader Environment load took 79ns 
219278     INFO  main            d.u.i.k.p.i.AbstractProblemLoader Creating init config 
220231     DEBUG main            d.u.i.k.j.r.ClassPreparationMethodBuilder clPrepBuilder: Inner Class detected. Reject building class initialisation methods. 
222240     DEBUG main            d.u.i.k.p.i.AbstractProblemLoader Init config took 2.96s 
222283     INFO  main            d.u.i.k.p.i.AbstractProblemLoader Replaying proof LinkedList[LinkedList::LinkedList()].JML normal_behavior operation contract.0 
222284     DEBUG main            d.u.i.k.p.i.IntermediateProofReplayer Proof replay took 6.1ns 
222787     INFO  main            d.u.i.k.p.r.p.TestFile    ... finished proof: closed. 
223083     INFO  main            d.u.i.k.p.i.AbstractProblemLoader Loading environment from /home/runner/work/key/key/key.core/../key.ui/examples/heap/list/LinkedList_LinkedList.key.proof 
223083     DEBUG main            d.u.i.k.p.i.AbstractProblemLoader Environment load took 91.8ns 
223084     INFO  main            d.u.i.k.p.i.AbstractProblemLoader Creating init config 
224022     DEBUG main            d.u.i.k.j.r.ClassPreparationMethodBuilder clPrepBuilder: Inner Class detected. Reject building class initialisation methods. 
225967     DEBUG main            d.u.i.k.p.i.AbstractProblemLoader Init config took 2.88s 
226010     INFO  main            d.u.i.k.p.i.AbstractProblemLoader Replaying proof LinkedList[LinkedList::LinkedList()].JML normal_behavior operation contract.0 
226099     DEBUG main            d.u.i.k.p.i.IntermediateProofReplayer Proof replay took 85.97ms 
226100     DEBUG main            d.u.i.k.p.r.p.TestFile    ... success: reloaded. 
226101     INFO  main            d.u.i.k.p.r.p.TestFile    Now processing file /home/runner/work/key/key/key.core/../key.ui/examples/heap/list/LinkedList_size_dep.key 
226101     INFO  main            d.u.i.k.p.i.AbstractProblemLoader Loading environment from /home/runner/work/key/key/key.core/../key.ui/examples/heap/list/LinkedList_size_dep.key 
226101     DEBUG main            d.u.i.k.p.i.AbstractProblemLoader Environment load took 80ns 
226102     INFO  main            d.u.i.k.p.i.AbstractProblemLoader Creating init config 
227041     DEBUG main            d.u.i.k.j.r.ClassPreparationMethodBuilder clPrepBuilder: Inner Class detected. Reject building class initialisation methods. 
229047     DEBUG main            d.u.i.k.p.i.AbstractProblemLoader Init config took 2.94s 
229089     INFO  main            d.u.i.k.p.i.AbstractProblemLoader Replaying proof LinkedList[List::size()].JML accessible clause.0 
229091     DEBUG main            d.u.i.k.p.i.IntermediateProofReplayer Proof replay took 5.3ns 
229593     INFO  main            d.u.i.k.p.r.p.TestFile    ... finished proof: closed. 
229866     INFO  main            d.u.i.k.p.i.AbstractProblemLoader Loading environment from /home/runner/work/key/key/key.core/../key.ui/examples/heap/list/LinkedList_size_dep.key.proof 
229866     DEBUG main            d.u.i.k.p.i.AbstractProblemLoader Environment load took 93ns 
229867     INFO  main            d.u.i.k.p.i.AbstractProblemLoader Creating init config 
230793     DEBUG main            d.u.i.k.j.r.ClassPreparationMethodBuilder clPrepBuilder: Inner Class detected. Reject building class initialisation methods. 
232753     DEBUG main            d.u.i.k.p.i.AbstractProblemLoader Init config took 2.89s 
232795     INFO  main            d.u.i.k.p.i.AbstractProblemLoader Replaying proof LinkedList[List::size()].JML accessible clause.0 
232841     DEBUG main            d.u.i.k.p.i.IntermediateProofReplayer Proof replay took 42.71ms 
232841     DEBUG main            d.u.i.k.p.r.p.TestFile    ... success: reloaded. 
232842     INFO  main            d.u.i.k.p.r.p.TestFile    Now processing file /home/runner/work/key/key/key.core/../key.ui/examples/heap/list/LinkedList_size.key 
232842     INFO  main            d.u.i.k.p.i.AbstractProblemLoader Loading environment from /home/runner/work/key/key/key.core/../key.ui/examples/heap/list/LinkedList_size.key 
232842     DEBUG main            d.u.i.k.p.i.AbstractProblemLoader Environment load took 49.2ns 
232843     INFO  main            d.u.i.k.p.i.AbstractProblemLoader Creating init config 
233787     DEBUG main            d.u.i.k.j.r.ClassPreparationMethodBuilder clPrepBuilder: Inner Class detected. Reject building class initialisation methods. 
235757     DEBUG main            d.u.i.k.p.i.AbstractProblemLoader Init config took 2.91s 
235800     INFO  main            d.u.i.k.p.i.AbstractProblemLoader Replaying proof LinkedList[List::size()].JML normal_behavior operation contract.0 
235801     DEBUG main            d.u.i.k.p.i.IntermediateProofReplayer Proof replay took 5.7ns 
236303     INFO  main            d.u.i.k.p.r.p.TestFile    ... finished proof: closed. 
236578     INFO  main            d.u.i.k.p.i.AbstractProblemLoader Loading environment from /home/runner/work/key/key/key.core/../key.ui/examples/heap/list/LinkedList_size.key.proof 
236578     DEBUG main            d.u.i.k.p.i.AbstractProblemLoader Environment load took 119.6ns 
236579     INFO  main            d.u.i.k.p.i.AbstractProblemLoader Creating init config 
237498     DEBUG main            d.u.i.k.j.r.ClassPreparationMethodBuilder clPrepBuilder: Inner Class detected. Reject building class initialisation methods. 
239454     DEBUG main            d.u.i.k.p.i.AbstractProblemLoader Init config took 2.87s 
239496     INFO  main            d.u.i.k.p.i.AbstractProblemLoader Replaying proof LinkedList[List::size()].JML normal_behavior operation contract.0 
239538     DEBUG main            d.u.i.k.p.i.IntermediateProofReplayer Proof replay took 38.96ms 
239539     DEBUG main            d.u.i.k.p.r.p.TestFile    ... success: reloaded. 
239539     INFO  main            d.u.i.k.p.r.p.TestFile    Now processing file /home/runner/work/key/key/key.core/../key.ui/examples/heap/list/MySet_footprint.key 
239539     INFO  main            d.u.i.k.p.i.AbstractProblemLoader Loading environment from /home/runner/work/key/key/key.core/../key.ui/examples/heap/list/MySet_footprint.key 
239540     DEBUG main            d.u.i.k.p.i.AbstractProblemLoader Environment load took 102.2ns 
239540     INFO  main            d.u.i.k.p.i.AbstractProblemLoader Creating init config 
240479     DEBUG main            d.u.i.k.j.r.ClassPreparationMethodBuilder clPrepBuilder: Inner Class detected. Reject building class initialisation methods. 
242467     DEBUG main            d.u.i.k.p.i.AbstractProblemLoader Init config took 2.93s 
242517     INFO  main            d.u.i.k.p.i.AbstractProblemLoader Replaying proof MySet[MySet::$footprint()].JML accessible clause.0 
242519     DEBUG main            d.u.i.k.p.i.IntermediateProofReplayer Proof replay took 5ns 
242821     INFO  main            d.u.i.k.p.r.p.TestFile    ... finished proof: closed. 
243131     INFO  main            d.u.i.k.p.i.AbstractProblemLoader Loading environment from /home/runner/work/key/key/key.core/../key.ui/examples/heap/list/MySet_footprint.key.proof 
243131     DEBUG main            d.u.i.k.p.i.AbstractProblemLoader Environment load took 92.6ns 
243132     INFO  main            d.u.i.k.p.i.AbstractProblemLoader Creating init config 
244059     DEBUG main            d.u.i.k.j.r.ClassPreparationMethodBuilder clPrepBuilder: Inner Class detected. Reject building class initialisation methods. 
245999     DEBUG main            d.u.i.k.p.i.AbstractProblemLoader Init config took 2.87s 
246044     INFO  main            d.u.i.k.p.i.AbstractProblemLoader Replaying proof MySet[MySet::$footprint()].JML accessible clause.0 
246074     DEBUG main            d.u.i.k.p.i.IntermediateProofReplayer Proof replay took 28.1ms 
246075     DEBUG main            d.u.i.k.p.r.p.TestFile    ... success: reloaded. 
246076     INFO  main            d.u.i.k.p.r.p.TestFile    Now processing file /home/runner/work/key/key/key.core/../key.ui/examples/heap/list/MySet_MySet.key 
246076     INFO  main            d.u.i.k.p.i.AbstractProblemLoader Loading environment from /home/runner/work/key/key/key.core/../key.ui/examples/heap/list/MySet_MySet.key 
246076     DEBUG main            d.u.i.k.p.i.AbstractProblemLoader Environment load took 67.2ns 
246077     INFO  main            d.u.i.k.p.i.AbstractProblemLoader Creating init config 
247028     DEBUG main            d.u.i.k.j.r.ClassPreparationMethodBuilder clPrepBuilder: Inner Class detected. Reject building class initialisation methods. 
248995     DEBUG main            d.u.i.k.p.i.AbstractProblemLoader Init config took 2.92s 
249057     INFO  main            d.u.i.k.p.i.AbstractProblemLoader Replaying proof MySet[MySet::MySet()].JML normal_behavior operation contract.0 
249058     DEBUG main            d.u.i.k.p.i.IntermediateProofReplayer Proof replay took 5.4ns 
251265     INFO  main            d.u.i.k.p.r.p.TestFile    ... finished proof: closed. 
251588     INFO  main            d.u.i.k.p.i.AbstractProblemLoader Loading environment from /home/runner/work/key/key/key.core/../key.ui/examples/heap/list/MySet_MySet.key.proof 
251588     DEBUG main            d.u.i.k.p.i.AbstractProblemLoader Environment load took 95.7ns 
251589     INFO  main            d.u.i.k.p.i.AbstractProblemLoader Creating init config 
252523     DEBUG main            d.u.i.k.j.r.ClassPreparationMethodBuilder clPrepBuilder: Inner Class detected. Reject building class initialisation methods. 
254470     DEBUG main            d.u.i.k.p.i.AbstractProblemLoader Init config took 2.88s 
254516     INFO  main            d.u.i.k.p.i.AbstractProblemLoader Replaying proof MySet[MySet::MySet()].JML normal_behavior operation contract.0 
254833     DEBUG main            d.u.i.k.p.i.IntermediateProofReplayer Proof replay took 305.73ms 
254834     DEBUG main            d.u.i.k.p.r.p.TestFile    ... success: reloaded. 
1070559    INFO  Test worker     d.u.i.k.p.r.RunAllProofsTestUnit Returning from test list 
1070561    INFO  Test worker     d.u.i.k.p.r.RunAllProofsTestUnit Running test list_ghost 
352        INFO  Timeout watchdog d.u.i.k.p.r.p.ForkedTestFileRunner Timeout watcher launched (2000 secs.) 
367        WARN  main            d.u.i.k.s.ProofSettings   The settings in /home/runner/.key/proof-settings.props are *not* read. 
395        INFO  main            d.u.i.k.p.r.p.TestFile    Now processing file /home/runner/work/key/key/key.core/../key.ui/examples/heap/list_ghost/ArrayList_add.key 
495        INFO  main            d.u.i.k.p.i.AbstractProblemLoader Loading environment from /home/runner/work/key/key/key.core/../key.ui/examples/heap/list_ghost/ArrayList_add.key 
514        DEBUG main            d.u.i.k.p.i.AbstractProblemLoader Environment load took 2.08ms 
742        INFO  main            d.u.i.k.p.i.AbstractProblemLoader Creating init config 
1583       DEBUG main            d.u.i.k.j.TypeConverter   No LDT found for Meta 
1589       DEBUG main            d.u.i.k.j.TypeConverter   No LDT found for Meta 
1591       DEBUG main            d.u.i.k.j.TypeConverter   No LDT found for Meta 
1591       DEBUG main            d.u.i.k.j.TypeConverter   No LDT found for Meta 
2860       DEBUG main            d.u.i.k.j.TypeConverter   No LDT found for JavaBigintExpression 
7937       DEBUG main            d.u.i.k.p.i.AbstractProblemLoader Init config took 7.2s 
8060       INFO  main            d.u.i.k.p.i.AbstractProblemLoader Replaying proof ArrayList[List::add(java.lang.Object)].JML normal_behavior operation contract.0 
8089       DEBUG main            d.u.i.k.p.i.IntermediateProofReplayer Proof replay took 31.2ns 
12556      INFO  main            d.u.i.k.p.r.p.TestFile    ... finished proof: closed. 
12723      INFO  main            d.u.i.k.p.i.AbstractProblemLoader Loading environment from /home/runner/work/key/key/key.core/../key.ui/examples/heap/list_ghost/ArrayList_add.key.proof 
12725      DEBUG main            d.u.i.k.p.i.AbstractProblemLoader Environment load took 1.73ms 
12730      INFO  main            d.u.i.k.p.i.AbstractProblemLoader Creating init config 
15537      DEBUG main            d.u.i.k.p.i.AbstractProblemLoader Init config took 2.81s 
15601      INFO  main            d.u.i.k.p.i.AbstractProblemLoader Replaying proof ArrayList[List::add(java.lang.Object)].JML normal_behavior operation contract.0 
16260      DEBUG main            d.u.i.k.p.i.IntermediateProofReplayer Proof replay took 632.9ms 
16268      DEBUG main            d.u.i.k.p.r.p.TestFile    ... success: reloaded. 
16269      INFO  main            d.u.i.k.p.r.p.TestFile    Now processing file /home/runner/work/key/key/key.core/../key.ui/examples/heap/list_ghost/ArrayList_ArrayList.key 
16270      INFO  main            d.u.i.k.p.i.AbstractProblemLoader Loading environment from /home/runner/work/key/key/key.core/../key.ui/examples/heap/list_ghost/ArrayList_ArrayList.key 
16270      DEBUG main            d.u.i.k.p.i.AbstractProblemLoader Environment load took 252.8ns 
16271      INFO  main            d.u.i.k.p.i.AbstractProblemLoader Creating init config 
18994      DEBUG main            d.u.i.k.p.i.AbstractProblemLoader Init config took 2.72s 
19052      INFO  main            d.u.i.k.p.i.AbstractProblemLoader Replaying proof ArrayList[ArrayList::ArrayList()].JML normal_behavior operation contract.0 
19054      DEBUG main            d.u.i.k.p.i.IntermediateProofReplayer Proof replay took 4.6ns 
20062      INFO  main            d.u.i.k.p.r.p.TestFile    ... finished proof: closed. 
20201      INFO  main            d.u.i.k.p.i.AbstractProblemLoader Loading environment from /home/runner/work/key/key/key.core/../key.ui/examples/heap/list_ghost/ArrayList_ArrayList.key.proof 
20202      DEBUG main            d.u.i.k.p.i.AbstractProblemLoader Environment load took 428.5ns 
20203      INFO  main            d.u.i.k.p.i.AbstractProblemLoader Creating init config 
22776      DEBUG main            d.u.i.k.p.i.AbstractProblemLoader Init config took 2.57s 
22828      INFO  main            d.u.i.k.p.i.AbstractProblemLoader Replaying proof ArrayList[ArrayList::ArrayList()].JML normal_behavior operation contract.0 
22986      DEBUG main            d.u.i.k.p.i.IntermediateProofReplayer Proof replay took 150.34ms 
22987      DEBUG main            d.u.i.k.p.r.p.TestFile    ... success: reloaded. 
22989      INFO  main            d.u.i.k.p.r.p.TestFile    Now processing file /home/runner/work/key/key/key.core/../key.ui/examples/heap/list_ghost/ArrayList_enlarge.key 
22989      INFO  main            d.u.i.k.p.i.AbstractProblemLoader Loading environment from /home/runner/work/key/key/key.core/../key.ui/examples/heap/list_ghost/ArrayList_enlarge.key 
22989      DEBUG main            d.u.i.k.p.i.AbstractProblemLoader Environment load took 219.2ns 
22990      INFO  main            d.u.i.k.p.i.AbstractProblemLoader Creating init config 
25530      DEBUG main            d.u.i.k.p.i.AbstractProblemLoader Init config took 2.54s 
25589      INFO  main            d.u.i.k.p.i.AbstractProblemLoader Replaying proof ArrayList[ArrayList::enlarge()].JML normal_behavior operation contract.0 
25591      DEBUG main            d.u.i.k.p.i.IntermediateProofReplayer Proof replay took 4.6ns 
27511      INFO  main            d.u.i.k.p.r.p.TestFile    ... finished proof: closed. 
27658      INFO  main            d.u.i.k.p.i.AbstractProblemLoader Loading environment from /home/runner/work/key/key/key.core/../key.ui/examples/heap/list_ghost/ArrayList_enlarge.key.proof 
27658      DEBUG main            d.u.i.k.p.i.AbstractProblemLoader Environment load took 134.4ns 
27660      INFO  main            d.u.i.k.p.i.AbstractProblemLoader Creating init config 
30208      DEBUG main            d.u.i.k.p.i.AbstractProblemLoader Init config took 2.55s 
30254      INFO  main            d.u.i.k.p.i.AbstractProblemLoader Replaying proof ArrayList[ArrayList::enlarge()].JML normal_behavior operation contract.0 
30665      DEBUG main            d.u.i.k.p.i.IntermediateProofReplayer Proof replay took 400ms 
30667      DEBUG main            d.u.i.k.p.r.p.TestFile    ... success: reloaded. 
30668      INFO  main            d.u.i.k.p.r.p.TestFile    Now processing file /home/runner/work/key/key/key.core/../key.ui/examples/heap/list_ghost/ArrayList_get_dep.key 
30668      INFO  main            d.u.i.k.p.i.AbstractProblemLoader Loading environment from /home/runner/work/key/key/key.core/../key.ui/examples/heap/list_ghost/ArrayList_get_dep.key 
30668      DEBUG main            d.u.i.k.p.i.AbstractProblemLoader Environment load took 199.3ns 
30670      INFO  main            d.u.i.k.p.i.AbstractProblemLoader Creating init config 
33192      DEBUG main            d.u.i.k.p.i.AbstractProblemLoader Init config took 2.52s 
33238      INFO  main            d.u.i.k.p.i.AbstractProblemLoader Replaying proof ArrayList[List::get(int)].JML accessible clause.0 
33239      DEBUG main            d.u.i.k.p.i.IntermediateProofReplayer Proof replay took 4.9ns 
33542      INFO  main            d.u.i.k.p.r.p.TestFile    ... finished proof: closed. 
33711      INFO  main            d.u.i.k.p.i.AbstractProblemLoader Loading environment from /home/runner/work/key/key/key.core/../key.ui/examples/heap/list_ghost/ArrayList_get_dep.key.proof 
33711      DEBUG main            d.u.i.k.p.i.AbstractProblemLoader Environment load took 108ns 
33712      INFO  main            d.u.i.k.p.i.AbstractProblemLoader Creating init config 
36202      DEBUG main            d.u.i.k.p.i.AbstractProblemLoader Init config took 2.49s 
36244      INFO  main            d.u.i.k.p.i.AbstractProblemLoader Replaying proof ArrayList[List::get(int)].JML accessible clause.0 
36321      DEBUG main            d.u.i.k.p.i.IntermediateProofReplayer Proof replay took 73.25ms 
36322      DEBUG main            d.u.i.k.p.r.p.TestFile    ... success: reloaded. 
36323      INFO  main            d.u.i.k.p.r.p.TestFile    Now processing file /home/runner/work/key/key/key.core/../key.ui/examples/heap/list_ghost/ArrayList_get_exceptional.key 
36323      INFO  main            d.u.i.k.p.i.AbstractProblemLoader Loading environment from /home/runner/work/key/key/key.core/../key.ui/examples/heap/list_ghost/ArrayList_get_exceptional.key 
36324      DEBUG main            d.u.i.k.p.i.AbstractProblemLoader Environment load took 200.4ns 
36324      INFO  main            d.u.i.k.p.i.AbstractProblemLoader Creating init config 
38837      DEBUG main            d.u.i.k.p.i.AbstractProblemLoader Init config took 2.51s 
38879      INFO  main            d.u.i.k.p.i.AbstractProblemLoader Replaying proof ArrayList[List::get(int)].JML exceptional_behavior operation contract.0 
38881      DEBUG main            d.u.i.k.p.i.IntermediateProofReplayer Proof replay took 5.3ns 
39584      INFO  main            d.u.i.k.p.r.p.TestFile    ... finished proof: closed. 
39764      INFO  main            d.u.i.k.p.i.AbstractProblemLoader Loading environment from /home/runner/work/key/key/key.core/../key.ui/examples/heap/list_ghost/ArrayList_get_exceptional.key.proof 
39765      DEBUG main            d.u.i.k.p.i.AbstractProblemLoader Environment load took 415.5ns 
39766      INFO  main            d.u.i.k.p.i.AbstractProblemLoader Creating init config 
42225      DEBUG main            d.u.i.k.p.i.AbstractProblemLoader Init config took 2.46s 
42267      INFO  main            d.u.i.k.p.i.AbstractProblemLoader Replaying proof ArrayList[List::get(int)].JML exceptional_behavior operation contract.0 
42434      DEBUG main            d.u.i.k.p.i.IntermediateProofReplayer Proof replay took 160.87ms 
42435      DEBUG main            d.u.i.k.p.r.p.TestFile    ... success: reloaded. 
42437      INFO  main            d.u.i.k.p.r.p.TestFile    Now processing file /home/runner/work/key/key/key.core/../key.ui/examples/heap/list_ghost/ArrayList_get_normal.key 
42437      INFO  main            d.u.i.k.p.i.AbstractProblemLoader Loading environment from /home/runner/work/key/key/key.core/../key.ui/examples/heap/list_ghost/ArrayList_get_normal.key 
42437      DEBUG main            d.u.i.k.p.i.AbstractProblemLoader Environment load took 227.2ns 
42438      INFO  main            d.u.i.k.p.i.AbstractProblemLoader Creating init config 
44933      DEBUG main            d.u.i.k.p.i.AbstractProblemLoader Init config took 2.5s 
44975      INFO  main            d.u.i.k.p.i.AbstractProblemLoader Replaying proof ArrayList[List::get(int)].JML normal_behavior operation contract.0 
44976      DEBUG main            d.u.i.k.p.i.IntermediateProofReplayer Proof replay took 5.3ns 
45179      INFO  main            d.u.i.k.p.r.p.TestFile    ... finished proof: closed. 
45360      INFO  main            d.u.i.k.p.i.AbstractProblemLoader Loading environment from /home/runner/work/key/key/key.core/../key.ui/examples/heap/list_ghost/ArrayList_get_normal.key.proof 
45360      DEBUG main            d.u.i.k.p.i.AbstractProblemLoader Environment load took 142.7ns 
45361      INFO  main            d.u.i.k.p.i.AbstractProblemLoader Creating init config 
47795      DEBUG main            d.u.i.k.p.i.AbstractProblemLoader Init config took 2.43s 
47836      INFO  main            d.u.i.k.p.i.AbstractProblemLoader Replaying proof ArrayList[List::get(int)].JML normal_behavior operation contract.0 
47883      DEBUG main            d.u.i.k.p.i.IntermediateProofReplayer Proof replay took 43.12ms 
47884      DEBUG main            d.u.i.k.p.r.p.TestFile    ... success: reloaded. 
47885      INFO  main            d.u.i.k.p.r.p.TestFile    Now processing file /home/runner/work/key/key/key.core/../key.ui/examples/heap/list_ghost/ArrayList_inv.key 
47885      INFO  main            d.u.i.k.p.i.AbstractProblemLoader Loading environment from /home/runner/work/key/key/key.core/../key.ui/examples/heap/list_ghost/ArrayList_inv.key 
47886      DEBUG main            d.u.i.k.p.i.AbstractProblemLoader Environment load took 197.5ns 
47886      INFO  main            d.u.i.k.p.i.AbstractProblemLoader Creating init config 
50356      DEBUG main            d.u.i.k.p.i.AbstractProblemLoader Init config took 2.47s 
50397      INFO  main            d.u.i.k.p.i.AbstractProblemLoader Replaying proof ArrayList[java.lang.Object::<inv>()].JML accessible clause.0 
50399      DEBUG main            d.u.i.k.p.i.IntermediateProofReplayer Proof replay took 5.1ns 
50503      INFO  main            d.u.i.k.p.r.p.TestFile    ... finished proof: closed. 
50659      INFO  main            d.u.i.k.p.i.AbstractProblemLoader Loading environment from /home/runner/work/key/key/key.core/../key.ui/examples/heap/list_ghost/ArrayList_inv.key.proof 
50659      DEBUG main            d.u.i.k.p.i.AbstractProblemLoader Environment load took 105.5ns 
50660      INFO  main            d.u.i.k.p.i.AbstractProblemLoader Creating init config 
53081      DEBUG main            d.u.i.k.p.i.AbstractProblemLoader Init config took 2.42s 
53132      INFO  main            d.u.i.k.p.i.AbstractProblemLoader Replaying proof ArrayList[java.lang.Object::<inv>()].JML accessible clause.0 
53143      DEBUG main            d.u.i.k.p.i.IntermediateProofReplayer Proof replay took 8.78ms 
53144      DEBUG main            d.u.i.k.p.r.p.TestFile    ... success: reloaded. 
53145      INFO  main            d.u.i.k.p.r.p.TestFile    Now processing file /home/runner/work/key/key/key.core/../key.ui/examples/heap/list_ghost/ArrayList_size_dep.key 
53145      INFO  main            d.u.i.k.p.i.AbstractProblemLoader Loading environment from /home/runner/work/key/key/key.core/../key.ui/examples/heap/list_ghost/ArrayList_size_dep.key 
53145      DEBUG main            d.u.i.k.p.i.AbstractProblemLoader Environment load took 91.8ns 
53146      INFO  main            d.u.i.k.p.i.AbstractProblemLoader Creating init config 
55607      DEBUG main            d.u.i.k.p.i.AbstractProblemLoader Init config took 2.46s 
55646      INFO  main            d.u.i.k.p.i.AbstractProblemLoader Replaying proof ArrayList[List::size()].JML accessible clause.0 
55647      DEBUG main            d.u.i.k.p.i.IntermediateProofReplayer Proof replay took 5.2ns 
55751      INFO  main            d.u.i.k.p.r.p.TestFile    ... finished proof: closed. 
55907      INFO  main            d.u.i.k.p.i.AbstractProblemLoader Loading environment from /home/runner/work/key/key/key.core/../key.ui/examples/heap/list_ghost/ArrayList_size_dep.key.proof 
55907      DEBUG main            d.u.i.k.p.i.AbstractProblemLoader Environment load took 106ns 
55908      INFO  main            d.u.i.k.p.i.AbstractProblemLoader Creating init config 
58331      DEBUG main            d.u.i.k.p.i.AbstractProblemLoader Init config took 2.42s 
58371      INFO  main            d.u.i.k.p.i.AbstractProblemLoader Replaying proof ArrayList[List::size()].JML accessible clause.0 
58384      DEBUG main            d.u.i.k.p.i.IntermediateProofReplayer Proof replay took 11.15ms 
58385      DEBUG main            d.u.i.k.p.r.p.TestFile    ... success: reloaded. 
58386      INFO  main            d.u.i.k.p.r.p.TestFile    Now processing file /home/runner/work/key/key/key.core/../key.ui/examples/heap/list_ghost/ArrayList_size.key 
58387      INFO  main            d.u.i.k.p.i.AbstractProblemLoader Loading environment from /home/runner/work/key/key/key.core/../key.ui/examples/heap/list_ghost/ArrayList_size.key 
58387      DEBUG main            d.u.i.k.p.i.AbstractProblemLoader Environment load took 201.1ns 
58388      INFO  main            d.u.i.k.p.i.AbstractProblemLoader Creating init config 
60846      DEBUG main            d.u.i.k.p.i.AbstractProblemLoader Init config took 2.46s 
60883      INFO  main            d.u.i.k.p.i.AbstractProblemLoader Replaying proof ArrayList[List::size()].JML normal_behavior operation contract.0 
60885      DEBUG main            d.u.i.k.p.i.IntermediateProofReplayer Proof replay took 5.8ns 
60987      INFO  main            d.u.i.k.p.r.p.TestFile    ... finished proof: closed. 
61172      INFO  main            d.u.i.k.p.i.AbstractProblemLoader Loading environment from /home/runner/work/key/key/key.core/../key.ui/examples/heap/list_ghost/ArrayList_size.key.proof 
61172      DEBUG main            d.u.i.k.p.i.AbstractProblemLoader Environment load took 107.2ns 
61173      INFO  main            d.u.i.k.p.i.AbstractProblemLoader Creating init config 
63643      DEBUG main            d.u.i.k.p.i.AbstractProblemLoader Init config took 2.47s 
63685      INFO  main            d.u.i.k.p.i.AbstractProblemLoader Replaying proof ArrayList[List::size()].JML normal_behavior operation contract.0 
63700      DEBUG main            d.u.i.k.p.i.IntermediateProofReplayer Proof replay took 13.06ms 
63701      DEBUG main            d.u.i.k.p.r.p.TestFile    ... success: reloaded. 
1134422    INFO  Test worker     d.u.i.k.p.r.RunAllProofsTestUnit Returning from test list_ghost 
1134423    INFO  Test worker     d.u.i.k.p.r.RunAllProofsTestUnit Running test list_recursive 
364        INFO  Timeout watchdog d.u.i.k.p.r.p.ForkedTestFileRunner Timeout watcher launched (2000 secs.) 
378        WARN  main            d.u.i.k.s.ProofSettings   The settings in /home/runner/.key/proof-settings.props are *not* read. 
415        INFO  main            d.u.i.k.p.r.p.TestFile    Now processing file /home/runner/work/key/key/key.core/../key.ui/examples/heap/list_recursiveSpec/ListOperationsNonNull_getNextNN_normal_behavior.key 
540        INFO  main            d.u.i.k.p.i.AbstractProblemLoader Loading environment from /home/runner/work/key/key/key.core/../key.ui/examples/heap/list_recursiveSpec/ListOperationsNonNull_getNextNN_normal_behavior.key 
566        DEBUG main            d.u.i.k.p.i.AbstractProblemLoader Environment load took 2.06ms 
794        INFO  main            d.u.i.k.p.i.AbstractProblemLoader Creating init config 
1760       DEBUG main            d.u.i.k.j.TypeConverter   No LDT found for Meta 
1760       DEBUG main            d.u.i.k.j.TypeConverter   No LDT found for Meta 
1763       DEBUG main            d.u.i.k.j.TypeConverter   No LDT found for Meta 
1764       DEBUG main            d.u.i.k.j.TypeConverter   No LDT found for Meta 
2998       DEBUG main            d.u.i.k.j.TypeConverter   No LDT found for JavaBigintExpression 
8450       DEBUG main            d.u.i.k.p.i.AbstractProblemLoader Init config took 7.66s 
8629       INFO  main            d.u.i.k.p.i.AbstractProblemLoader Replaying proof ListOperationsNonNull[ListOperationsNonNull::getNextNN(ListNN,int)].JML normal_behavior operation contract.0 
8659       DEBUG main            d.u.i.k.p.i.IntermediateProofReplayer Proof replay took 35.3ns 
9996       INFO  main            d.u.i.k.p.r.p.TestFile    ... finished proof: closed. 
10129      INFO  main            d.u.i.k.p.i.AbstractProblemLoader Loading environment from /home/runner/work/key/key/key.core/../key.ui/examples/heap/list_recursiveSpec/ListOperationsNonNull_getNextNN_normal_behavior.key.proof 
10129      DEBUG main            d.u.i.k.p.i.AbstractProblemLoader Environment load took 467.6ns 
10131      INFO  main            d.u.i.k.p.i.AbstractProblemLoader Creating init config 
12994      DEBUG main            d.u.i.k.p.i.AbstractProblemLoader Init config took 2.86s 
13071      INFO  main            d.u.i.k.p.i.AbstractProblemLoader Replaying proof ListOperationsNonNull[ListOperationsNonNull::getNextNN(ListNN,int)].JML normal_behavior operation contract.0 
13220      DEBUG main            d.u.i.k.p.i.IntermediateProofReplayer Proof replay took 141.15ms 
13226      DEBUG main            d.u.i.k.p.r.p.TestFile    ... success: reloaded. 
13228      INFO  main            d.u.i.k.p.r.p.TestFile    Now processing file /home/runner/work/key/key/key.core/../key.ui/examples/heap/list_recursiveSpec/ListOperationsNonNull_setValueAt_normal_behavior.key 
13228      INFO  main            d.u.i.k.p.i.AbstractProblemLoader Loading environment from /home/runner/work/key/key/key.core/../key.ui/examples/heap/list_recursiveSpec/ListOperationsNonNull_setValueAt_normal_behavior.key 
13228      DEBUG main            d.u.i.k.p.i.AbstractProblemLoader Environment load took 219.1ns 
13230      INFO  main            d.u.i.k.p.i.AbstractProblemLoader Creating init config 
15983      DEBUG main            d.u.i.k.p.i.AbstractProblemLoader Init config took 2.75s 
16044      INFO  main            d.u.i.k.p.i.AbstractProblemLoader Replaying proof ListOperationsNonNull[ListOperationsNonNull::setValueAt_NN(ListNN,int,int)].JML normal_behavior operation contract.0 
16046      DEBUG main            d.u.i.k.p.i.IntermediateProofReplayer Proof replay took 4.7ns 
16070      DEBUG main            d.u.i.k.m.s.ProofScriptEngine 1: 'macro autopilot' 
18145      DEBUG main            d.u.i.k.m.s.ProofScriptEngine 2: 'macro simp-upd' 
18150      DEBUG main            d.u.i.k.m.s.ProofScriptEngine 3: 'rule observerDependencyEQ' 
18166      DEBUG main            d.u.i.k.m.s.ProofScriptEngine 4: 'tryclose' 
18191      INFO  main            d.u.i.k.p.r.p.TestFile    ... finished proof: closed. 
18346      INFO  main            d.u.i.k.p.i.AbstractProblemLoader Loading environment from /home/runner/work/key/key/key.core/../key.ui/examples/heap/list_recursiveSpec/ListOperationsNonNull_setValueAt_normal_behavior.key.proof 
18347      DEBUG main            d.u.i.k.p.i.AbstractProblemLoader Environment load took 416.6ns 
18348      INFO  main            d.u.i.k.p.i.AbstractProblemLoader Creating init config 
20966      DEBUG main            d.u.i.k.p.i.AbstractProblemLoader Init config took 2.62s 
21019      INFO  main            d.u.i.k.p.i.AbstractProblemLoader Replaying proof ListOperationsNonNull[ListOperationsNonNull::setValueAt_NN(ListNN,int,int)].JML normal_behavior operation contract.0 
21148      DEBUG main            d.u.i.k.p.i.IntermediateProofReplayer Proof replay took 123.9ms 
21149      DEBUG main            d.u.i.k.p.r.p.TestFile    ... success: reloaded. 
1155734    INFO  Test worker     d.u.i.k.p.r.RunAllProofsTestUnit Returning from test list_recursive 
1155735    INFO  Test worker     d.u.i.k.p.r.RunAllProofsTestUnit Running test list_seq 
315        INFO  Timeout watchdog d.u.i.k.p.r.p.ForkedTestFileRunner Timeout watcher launched (2000 secs.) 
329        WARN  main            d.u.i.k.s.ProofSettings   The settings in /home/runner/.key/proof-settings.props are *not* read. 
353        INFO  main            d.u.i.k.p.r.p.TestFile    Now processing file /home/runner/work/key/key/key.core/../key.ui/examples/heap/list_seq/SimplifiedLinkedList.remove.key 
461        INFO  main            d.u.i.k.p.i.AbstractProblemLoader Loading environment from /home/runner/work/key/key/key.core/../key.ui/examples/heap/list_seq/SimplifiedLinkedList.remove.key 
487        DEBUG main            d.u.i.k.p.i.AbstractProblemLoader Environment load took 2.03ms 
743        INFO  main            d.u.i.k.p.i.AbstractProblemLoader Creating init config 
1817       DEBUG main            d.u.i.k.j.TypeConverter   No LDT found for Meta 
1817       DEBUG main            d.u.i.k.j.TypeConverter   No LDT found for Meta 
1820       DEBUG main            d.u.i.k.j.TypeConverter   No LDT found for Meta 
1820       DEBUG main            d.u.i.k.j.TypeConverter   No LDT found for Meta 
3134       DEBUG main            d.u.i.k.j.TypeConverter   No LDT found for JavaBigintExpression 
8464       DEBUG main            d.u.i.k.p.i.AbstractProblemLoader Init config took 7.72s 
8721       INFO  main            d.u.i.k.p.i.AbstractProblemLoader Replaying proof SimplifiedLinkedList[SimplifiedLinkedList::remove(int)].JML normal_behavior operation contract.0 
8752       DEBUG main            d.u.i.k.p.i.IntermediateProofReplayer Proof replay took 31.4ns 
81625      INFO  main            d.u.i.k.p.r.p.TestFile    ... finished proof: closed. 
82005      INFO  main            d.u.i.k.p.i.AbstractProblemLoader Loading environment from /home/runner/work/key/key/key.core/../key.ui/examples/heap/list_seq/SimplifiedLinkedList.remove.key.proof 
82005      DEBUG main            d.u.i.k.p.i.AbstractProblemLoader Environment load took 458.6ns 
82018      INFO  main            d.u.i.k.p.i.AbstractProblemLoader Creating init config 
85020      DEBUG main            d.u.i.k.p.i.AbstractProblemLoader Init config took 3s 
85120      INFO  main            d.u.i.k.p.i.AbstractProblemLoader Replaying proof SimplifiedLinkedList[SimplifiedLinkedList::remove(int)].JML normal_behavior operation contract.0 
89056      DEBUG main            d.u.i.k.p.i.IntermediateProofReplayer Proof replay took 3.7s 
89074      DEBUG main            d.u.i.k.p.r.p.TestFile    ... success: reloaded. 
89077      INFO  main            d.u.i.k.p.r.p.TestFile    Now processing file /home/runner/work/key/key/key.core/../key.ui/examples/heap/list_seq/ArrayList.ArrayList.key 
89077      INFO  main            d.u.i.k.p.i.AbstractProblemLoader Loading environment from /home/runner/work/key/key/key.core/../key.ui/examples/heap/list_seq/ArrayList.ArrayList.key 
89077      DEBUG main            d.u.i.k.p.i.AbstractProblemLoader Environment load took 108ns 
89081      INFO  main            d.u.i.k.p.i.AbstractProblemLoader Creating init config 
92123      DEBUG main            d.u.i.k.p.i.AbstractProblemLoader Init config took 3.04s 
92211      INFO  main            d.u.i.k.p.i.AbstractProblemLoader Replaying proof ArrayList[ArrayList::ArrayList()].JML normal_behavior operation contract.0 
92213      DEBUG main            d.u.i.k.p.i.IntermediateProofReplayer Proof replay took 4.4ns 
93117      INFO  main            d.u.i.k.p.r.p.TestFile    ... finished proof: closed. 
93272      INFO  main            d.u.i.k.p.i.AbstractProblemLoader Loading environment from /home/runner/work/key/key/key.core/../key.ui/examples/heap/list_seq/ArrayList.ArrayList.key.proof 
93273      DEBUG main            d.u.i.k.p.i.AbstractProblemLoader Environment load took 412.5ns 
93274      INFO  main            d.u.i.k.p.i.AbstractProblemLoader Creating init config 
96100      DEBUG main            d.u.i.k.p.i.AbstractProblemLoader Init config took 2.83s 
96210      INFO  main            d.u.i.k.p.i.AbstractProblemLoader Replaying proof ArrayList[ArrayList::ArrayList()].JML normal_behavior operation contract.0 
96359      DEBUG main            d.u.i.k.p.i.IntermediateProofReplayer Proof replay took 141.34ms 
96360      DEBUG main            d.u.i.k.p.r.p.TestFile    ... success: reloaded. 
96362      INFO  main            d.u.i.k.p.r.p.TestFile    Now processing file /home/runner/work/key/key/key.core/../key.ui/examples/heap/list_seq/ArrayList.add.key 
96362      INFO  main            d.u.i.k.p.i.AbstractProblemLoader Loading environment from /home/runner/work/key/key/key.core/../key.ui/examples/heap/list_seq/ArrayList.add.key 
96363      DEBUG main            d.u.i.k.p.i.AbstractProblemLoader Environment load took 99.2ns 
96365      INFO  main            d.u.i.k.p.i.AbstractProblemLoader Creating init config 
99234      DEBUG main            d.u.i.k.p.i.AbstractProblemLoader Init config took 2.87s 
99312      INFO  main            d.u.i.k.p.i.AbstractProblemLoader Replaying proof ArrayList[List::add(java.lang.Object)].JML normal_behavior operation contract.0 
99314      DEBUG main            d.u.i.k.p.i.IntermediateProofReplayer Proof replay took 5.3ns 
102370     INFO  main            d.u.i.k.p.r.p.TestFile    ... finished proof: closed. 
102586     INFO  main            d.u.i.k.p.i.AbstractProblemLoader Loading environment from /home/runner/work/key/key/key.core/../key.ui/examples/heap/list_seq/ArrayList.add.key.proof 
102587     DEBUG main            d.u.i.k.p.i.AbstractProblemLoader Environment load took 414.7ns 
102589     INFO  main            d.u.i.k.p.i.AbstractProblemLoader Creating init config 
105381     DEBUG main            d.u.i.k.p.i.AbstractProblemLoader Init config took 2.79s 
105475     INFO  main            d.u.i.k.p.i.AbstractProblemLoader Replaying proof ArrayList[List::add(java.lang.Object)].JML normal_behavior operation contract.0 
105870     DEBUG main            d.u.i.k.p.i.IntermediateProofReplayer Proof replay took 380.56ms 
105872     DEBUG main            d.u.i.k.p.r.p.TestFile    ... success: reloaded. 
105873     INFO  main            d.u.i.k.p.r.p.TestFile    Now processing file /home/runner/work/key/key/key.core/../key.ui/examples/heap/list_seq/ArrayList.contains.key 
105873     INFO  main            d.u.i.k.p.i.AbstractProblemLoader Loading environment from /home/runner/work/key/key/key.core/../key.ui/examples/heap/list_seq/ArrayList.contains.key 
105874     DEBUG main            d.u.i.k.p.i.AbstractProblemLoader Environment load took 203ns 
105874     INFO  main            d.u.i.k.p.i.AbstractProblemLoader Creating init config 
108696     DEBUG main            d.u.i.k.p.i.AbstractProblemLoader Init config took 2.82s 
108801     INFO  main            d.u.i.k.p.i.AbstractProblemLoader Replaying proof ArrayList[List::contains(java.lang.Object)].JML normal_behavior operation contract.0 
108802     DEBUG main            d.u.i.k.p.i.IntermediateProofReplayer Proof replay took 5.4ns 
110136     INFO  main            d.u.i.k.p.r.p.TestFile    ... finished proof: closed. 
110307     INFO  main            d.u.i.k.p.i.AbstractProblemLoader Loading environment from /home/runner/work/key/key/key.core/../key.ui/examples/heap/list_seq/ArrayList.contains.key.proof 
110308     DEBUG main            d.u.i.k.p.i.AbstractProblemLoader Environment load took 110.3ns 
110309     INFO  main            d.u.i.k.p.i.AbstractProblemLoader Creating init config 
113060     DEBUG main            d.u.i.k.p.i.AbstractProblemLoader Init config took 2.75s 
113149     INFO  main            d.u.i.k.p.i.AbstractProblemLoader Replaying proof ArrayList[List::contains(java.lang.Object)].JML normal_behavior operation contract.0 
113378     DEBUG main            d.u.i.k.p.i.IntermediateProofReplayer Proof replay took 222.17ms 
113379     DEBUG main            d.u.i.k.p.r.p.TestFile    ... success: reloaded. 
113380     INFO  main            d.u.i.k.p.r.p.TestFile    Now processing file /home/runner/work/key/key/key.core/../key.ui/examples/heap/list_seq/ArrayList.enlarge.key 
113381     INFO  main            d.u.i.k.p.i.AbstractProblemLoader Loading environment from /home/runner/work/key/key/key.core/../key.ui/examples/heap/list_seq/ArrayList.enlarge.key 
113381     DEBUG main            d.u.i.k.p.i.AbstractProblemLoader Environment load took 263.5ns 
113382     INFO  main            d.u.i.k.p.i.AbstractProblemLoader Creating init config 
116194     DEBUG main            d.u.i.k.p.i.AbstractProblemLoader Init config took 2.81s 
116291     INFO  main            d.u.i.k.p.i.AbstractProblemLoader Replaying proof ArrayList[ArrayList::enlarge()].JML normal_behavior operation contract.0 
116292     DEBUG main            d.u.i.k.p.i.IntermediateProofReplayer Proof replay took 5ns 
118097     INFO  main            d.u.i.k.p.r.p.TestFile    ... finished proof: closed. 
118265     INFO  main            d.u.i.k.p.i.AbstractProblemLoader Loading environment from /home/runner/work/key/key/key.core/../key.ui/examples/heap/list_seq/ArrayList.enlarge.key.proof 
118265     DEBUG main            d.u.i.k.p.i.AbstractProblemLoader Environment load took 427.4ns 
118267     INFO  main            d.u.i.k.p.i.AbstractProblemLoader Creating init config 
121022     DEBUG main            d.u.i.k.p.i.AbstractProblemLoader Init config took 2.76s 
121095     INFO  main            d.u.i.k.p.i.AbstractProblemLoader Replaying proof ArrayList[ArrayList::enlarge()].JML normal_behavior operation contract.0 
121398     DEBUG main            d.u.i.k.p.i.IntermediateProofReplayer Proof replay took 294.92ms 
121399     DEBUG main            d.u.i.k.p.r.p.TestFile    ... success: reloaded. 
121400     INFO  main            d.u.i.k.p.r.p.TestFile    Now processing file /home/runner/work/key/key/key.core/../key.ui/examples/heap/list_seq/ArrayList.get.key 
121400     INFO  main            d.u.i.k.p.i.AbstractProblemLoader Loading environment from /home/runner/work/key/key/key.core/../key.ui/examples/heap/list_seq/ArrayList.get.key 
121400     DEBUG main            d.u.i.k.p.i.AbstractProblemLoader Environment load took 85.5ns 
121401     INFO  main            d.u.i.k.p.i.AbstractProblemLoader Creating init config 
124138     DEBUG main            d.u.i.k.p.i.AbstractProblemLoader Init config took 2.74s 
124234     INFO  main            d.u.i.k.p.i.AbstractProblemLoader Replaying proof ArrayList[List::get(int)].JML normal_behavior operation contract.0 
124236     DEBUG main            d.u.i.k.p.i.IntermediateProofReplayer Proof replay took 5.9ns 
124739     INFO  main            d.u.i.k.p.r.p.TestFile    ... finished proof: closed. 
124921     INFO  main            d.u.i.k.p.i.AbstractProblemLoader Loading environment from /home/runner/work/key/key/key.core/../key.ui/examples/heap/list_seq/ArrayList.get.key.proof 
124921     DEBUG main            d.u.i.k.p.i.AbstractProblemLoader Environment load took 112.1ns 
124922     INFO  main            d.u.i.k.p.i.AbstractProblemLoader Creating init config 
127649     DEBUG main            d.u.i.k.p.i.AbstractProblemLoader Init config took 2.73s 
127732     INFO  main            d.u.i.k.p.i.AbstractProblemLoader Replaying proof ArrayList[List::get(int)].JML normal_behavior operation contract.0 
127790     DEBUG main            d.u.i.k.p.i.IntermediateProofReplayer Proof replay took 55.7ms 
127791     DEBUG main            d.u.i.k.p.r.p.TestFile    ... success: reloaded. 
127792     INFO  main            d.u.i.k.p.r.p.TestFile    Now processing file /home/runner/work/key/key/key.core/../key.ui/examples/heap/list_seq/ArrayList.newArray.key 
127792     INFO  main            d.u.i.k.p.i.AbstractProblemLoader Loading environment from /home/runner/work/key/key/key.core/../key.ui/examples/heap/list_seq/ArrayList.newArray.key 
127793     DEBUG main            d.u.i.k.p.i.AbstractProblemLoader Environment load took 93.4ns 
127793     INFO  main            d.u.i.k.p.i.AbstractProblemLoader Creating init config 
130509     DEBUG main            d.u.i.k.p.i.AbstractProblemLoader Init config took 2.72s 
130583     INFO  main            d.u.i.k.p.i.AbstractProblemLoader Replaying proof ArrayList[ArrayList::newArray(int)].JML normal_behavior operation contract.0 
130584     DEBUG main            d.u.i.k.p.i.IntermediateProofReplayer Proof replay took 5.2ns 
130900     INFO  main            d.u.i.k.p.r.p.TestFile    ... finished proof: closed. 
131082     INFO  main            d.u.i.k.p.i.AbstractProblemLoader Loading environment from /home/runner/work/key/key/key.core/../key.ui/examples/heap/list_seq/ArrayList.newArray.key.proof 
131082     DEBUG main            d.u.i.k.p.i.AbstractProblemLoader Environment load took 104.6ns 
131083     INFO  main            d.u.i.k.p.i.AbstractProblemLoader Creating init config 
133779     DEBUG main            d.u.i.k.p.i.AbstractProblemLoader Init config took 2.7s 
133862     INFO  main            d.u.i.k.p.i.AbstractProblemLoader Replaying proof ArrayList[ArrayList::newArray(int)].JML normal_behavior operation contract.0 
133909     DEBUG main            d.u.i.k.p.i.IntermediateProofReplayer Proof replay took 44.49ms 
133910     DEBUG main            d.u.i.k.p.r.p.TestFile    ... success: reloaded. 
133911     INFO  main            d.u.i.k.p.r.p.TestFile    Now processing file /home/runner/work/key/key/key.core/../key.ui/examples/heap/list_seq/ArrayList.remove.0.key 
133911     INFO  main            d.u.i.k.p.i.AbstractProblemLoader Loading environment from /home/runner/work/key/key/key.core/../key.ui/examples/heap/list_seq/ArrayList.remove.0.key 
133911     DEBUG main            d.u.i.k.p.i.AbstractProblemLoader Environment load took 97.1ns 
133912     INFO  main            d.u.i.k.p.i.AbstractProblemLoader Creating init config 
136667     DEBUG main            d.u.i.k.p.i.AbstractProblemLoader Init config took 2.76s 
136737     INFO  main            d.u.i.k.p.i.AbstractProblemLoader Replaying proof ArrayList[List::remove(java.lang.Object)].JML normal_behavior operation contract.0 
136738     DEBUG main            d.u.i.k.p.i.IntermediateProofReplayer Proof replay took 4.8ns 
138472     INFO  main            d.u.i.k.p.r.p.TestFile    ... finished proof: closed. 
138676     INFO  main            d.u.i.k.p.i.AbstractProblemLoader Loading environment from /home/runner/work/key/key/key.core/../key.ui/examples/heap/list_seq/ArrayList.remove.0.key.proof 
138677     DEBUG main            d.u.i.k.p.i.AbstractProblemLoader Environment load took 402.5ns 
138678     INFO  main            d.u.i.k.p.i.AbstractProblemLoader Creating init config 
141363     DEBUG main            d.u.i.k.p.i.AbstractProblemLoader Init config took 2.69s 
141435     INFO  main            d.u.i.k.p.i.AbstractProblemLoader Replaying proof ArrayList[List::remove(java.lang.Object)].JML normal_behavior operation contract.0 
141904     DEBUG main            d.u.i.k.p.i.IntermediateProofReplayer Proof replay took 462.22ms 
141905     DEBUG main            d.u.i.k.p.r.p.TestFile    ... success: reloaded. 
141906     INFO  main            d.u.i.k.p.r.p.TestFile    Now processing file /home/runner/work/key/key/key.core/../key.ui/examples/heap/list_seq/ArrayList.remove.1.key 
141907     INFO  main            d.u.i.k.p.i.AbstractProblemLoader Loading environment from /home/runner/work/key/key/key.core/../key.ui/examples/heap/list_seq/ArrayList.remove.1.key 
141907     DEBUG main            d.u.i.k.p.i.AbstractProblemLoader Environment load took 196.3ns 
141908     INFO  main            d.u.i.k.p.i.AbstractProblemLoader Creating init config 
144703     DEBUG main            d.u.i.k.p.i.AbstractProblemLoader Init config took 2.8s 
144792     INFO  main            d.u.i.k.p.i.AbstractProblemLoader Replaying proof ArrayList[List::remove(java.lang.Object)].JML normal_behavior operation contract.1 
144794     DEBUG main            d.u.i.k.p.i.IntermediateProofReplayer Proof replay took 5ns 
154881     INFO  main            d.u.i.k.p.r.p.TestFile    ... finished proof: closed. 
155122     INFO  main            d.u.i.k.p.i.AbstractProblemLoader Loading environment from /home/runner/work/key/key/key.core/../key.ui/examples/heap/list_seq/ArrayList.remove.1.key.proof 
155122     DEBUG main            d.u.i.k.p.i.AbstractProblemLoader Environment load took 189.3ns 
155124     INFO  main            d.u.i.k.p.i.AbstractProblemLoader Creating init config 
157812     DEBUG main            d.u.i.k.p.i.AbstractProblemLoader Init config took 2.69s 
157885     INFO  main            d.u.i.k.p.i.AbstractProblemLoader Replaying proof ArrayList[List::remove(java.lang.Object)].JML normal_behavior operation contract.1 
159184     DEBUG main            d.u.i.k.p.i.IntermediateProofReplayer Proof replay took 1.27s 
159186     DEBUG main            d.u.i.k.p.r.p.TestFile    ... success: reloaded. 
1315086    INFO  Test worker     d.u.i.k.p.r.RunAllProofsTestUnit Returning from test list_seq 
1315088    INFO  Test worker     d.u.i.k.p.r.RunAllProofsTestUnit Running test observer 
374        INFO  Timeout watchdog d.u.i.k.p.r.p.ForkedTestFileRunner Timeout watcher launched (2000 secs.) 
376        WARN  main            d.u.i.k.s.ProofSettings   The settings in /home/runner/.key/proof-settings.props are *not* read. 
401        INFO  main            d.u.i.k.p.r.p.TestFile    Now processing file /home/runner/work/key/key/key.core/../key.ui/examples/heap/observer/ExampleObserver_ExampleObserver.key 
505        INFO  main            d.u.i.k.p.i.AbstractProblemLoader Loading environment from /home/runner/work/key/key/key.core/../key.ui/examples/heap/observer/ExampleObserver_ExampleObserver.key 
523        DEBUG main            d.u.i.k.p.i.AbstractProblemLoader Environment load took 1.76ms 
760        INFO  main            d.u.i.k.p.i.AbstractProblemLoader Creating init config 
1640       DEBUG main            d.u.i.k.j.TypeConverter   No LDT found for Meta 
1640       DEBUG main            d.u.i.k.j.TypeConverter   No LDT found for Meta 
1642       DEBUG main            d.u.i.k.j.TypeConverter   No LDT found for Meta 
1642       DEBUG main            d.u.i.k.j.TypeConverter   No LDT found for Meta 
2990       DEBUG main            d.u.i.k.j.TypeConverter   No LDT found for JavaBigintExpression 
8012       DEBUG main            d.u.i.k.p.i.AbstractProblemLoader Init config took 7.25s 
8140       INFO  main            d.u.i.k.p.i.AbstractProblemLoader Replaying proof ExampleObserver[ExampleObserver::ExampleObserver(ExampleSubject)].JML normal_behavior operation contract.0 
8168       DEBUG main            d.u.i.k.p.i.IntermediateProofReplayer Proof replay took 32.1ns 
9094       INFO  main            d.u.i.k.p.r.p.TestFile    ... finished proof: closed. 
9202       INFO  main            d.u.i.k.p.i.AbstractProblemLoader Loading environment from /home/runner/work/key/key/key.core/../key.ui/examples/heap/observer/ExampleObserver_ExampleObserver.key.proof 
9203       DEBUG main            d.u.i.k.p.i.AbstractProblemLoader Environment load took 429.6ns 
9205       INFO  main            d.u.i.k.p.i.AbstractProblemLoader Creating init config 
12124      DEBUG main            d.u.i.k.p.i.AbstractProblemLoader Init config took 2.92s 
12190      INFO  main            d.u.i.k.p.i.AbstractProblemLoader Replaying proof ExampleObserver[ExampleObserver::ExampleObserver(ExampleSubject)].JML normal_behavior operation contract.0 
12352      DEBUG main            d.u.i.k.p.i.IntermediateProofReplayer Proof replay took 154.26ms 
12367      DEBUG main            d.u.i.k.p.r.p.TestFile    ... success: reloaded. 
12370      INFO  main            d.u.i.k.p.r.p.TestFile    Now processing file /home/runner/work/key/key/key.core/../key.ui/examples/heap/observer/ExampleObserver_inv.key 
12370      INFO  main            d.u.i.k.p.i.AbstractProblemLoader Loading environment from /home/runner/work/key/key/key.core/../key.ui/examples/heap/observer/ExampleObserver_inv.key 
12370      DEBUG main            d.u.i.k.p.i.AbstractProblemLoader Environment load took 224.4ns 
12374      INFO  main            d.u.i.k.p.i.AbstractProblemLoader Creating init config 
15215      DEBUG main            d.u.i.k.p.i.AbstractProblemLoader Init config took 2.84s 
15298      INFO  main            d.u.i.k.p.i.AbstractProblemLoader Replaying proof ExampleObserver[java.lang.Object::<inv>()].JML accessible clause.0 
15302      DEBUG main            d.u.i.k.p.i.IntermediateProofReplayer Proof replay took 5.3ns 
15405      INFO  main            d.u.i.k.p.r.p.TestFile    ... finished proof: closed. 
15522      INFO  main            d.u.i.k.p.i.AbstractProblemLoader Loading environment from /home/runner/work/key/key/key.core/../key.ui/examples/heap/observer/ExampleObserver_inv.key.proof 
15522      DEBUG main            d.u.i.k.p.i.AbstractProblemLoader Environment load took 112.9ns 
15523      INFO  main            d.u.i.k.p.i.AbstractProblemLoader Creating init config 
18279      DEBUG main            d.u.i.k.p.i.AbstractProblemLoader Init config took 2.76s 
18340      INFO  main            d.u.i.k.p.i.AbstractProblemLoader Replaying proof ExampleObserver[java.lang.Object::<inv>()].JML accessible clause.0 
18355      DEBUG main            d.u.i.k.p.i.IntermediateProofReplayer Proof replay took 12.91ms 
18357      DEBUG main            d.u.i.k.p.r.p.TestFile    ... success: reloaded. 
18358      INFO  main            d.u.i.k.p.r.p.TestFile    Now processing file /home/runner/work/key/key/key.core/../key.ui/examples/heap/observer/ExampleObserver_subject.key 
18358      INFO  main            d.u.i.k.p.i.AbstractProblemLoader Loading environment from /home/runner/work/key/key/key.core/../key.ui/examples/heap/observer/ExampleObserver_subject.key 
18359      DEBUG main            d.u.i.k.p.i.AbstractProblemLoader Environment load took 210.5ns 
18360      INFO  main            d.u.i.k.p.i.AbstractProblemLoader Creating init config 
21072      DEBUG main            d.u.i.k.p.i.AbstractProblemLoader Init config took 2.71s 
21122      INFO  main            d.u.i.k.p.i.AbstractProblemLoader Replaying proof Observer[Observer::$subject()].JML accessible clause.0 
21124      DEBUG main            d.u.i.k.p.i.IntermediateProofReplayer Proof replay took 5.4ns 
21226      INFO  main            d.u.i.k.p.r.p.TestFile    ... finished proof: closed. 
21359      INFO  main            d.u.i.k.p.i.AbstractProblemLoader Loading environment from /home/runner/work/key/key/key.core/../key.ui/examples/heap/observer/ExampleObserver_subject.key.proof 
21360      DEBUG main            d.u.i.k.p.i.AbstractProblemLoader Environment load took 108.1ns 
21361      INFO  main            d.u.i.k.p.i.AbstractProblemLoader Creating init config 
24041      DEBUG main            d.u.i.k.p.i.AbstractProblemLoader Init config took 2.68s 
24092      INFO  main            d.u.i.k.p.i.AbstractProblemLoader Replaying proof Observer[Observer::$subject()].JML accessible clause.0 
24095      DEBUG main            d.u.i.k.p.i.IntermediateProofReplayer Proof replay took 1.63ms 
24096      DEBUG main            d.u.i.k.p.r.p.TestFile    ... success: reloaded. 
24097      INFO  main            d.u.i.k.p.r.p.TestFile    Now processing file /home/runner/work/key/key/key.core/../key.ui/examples/heap/observer/ExampleObserver_update.key 
24098      INFO  main            d.u.i.k.p.i.AbstractProblemLoader Loading environment from /home/runner/work/key/key/key.core/../key.ui/examples/heap/observer/ExampleObserver_update.key 
24098      DEBUG main            d.u.i.k.p.i.AbstractProblemLoader Environment load took 203.1ns 
24099      INFO  main            d.u.i.k.p.i.AbstractProblemLoader Creating init config 
26794      DEBUG main            d.u.i.k.p.i.AbstractProblemLoader Init config took 2.69s 
26840      INFO  main            d.u.i.k.p.i.AbstractProblemLoader Replaying proof ExampleObserver[Observer::update()].JML normal_behavior operation contract.0 
26842      DEBUG main            d.u.i.k.p.i.IntermediateProofReplayer Proof replay took 5.2ns 
27145      INFO  main            d.u.i.k.p.r.p.TestFile    ... finished proof: closed. 
27288      INFO  main            d.u.i.k.p.i.AbstractProblemLoader Loading environment from /home/runner/work/key/key/key.core/../key.ui/examples/heap/observer/ExampleObserver_update.key.proof 
27289      DEBUG main            d.u.i.k.p.i.AbstractProblemLoader Environment load took 415.5ns 
27290      INFO  main            d.u.i.k.p.i.AbstractProblemLoader Creating init config 
29928      DEBUG main            d.u.i.k.p.i.AbstractProblemLoader Init config took 2.64s 
29974      INFO  main            d.u.i.k.p.i.AbstractProblemLoader Replaying proof ExampleObserver[Observer::update()].JML normal_behavior operation contract.0 
30034      DEBUG main            d.u.i.k.p.i.IntermediateProofReplayer Proof replay took 56.97ms 
30035      DEBUG main            d.u.i.k.p.r.p.TestFile    ... success: reloaded. 
30036      INFO  main            d.u.i.k.p.r.p.TestFile    Now processing file /home/runner/work/key/key/key.core/../key.ui/examples/heap/observer/ExampleObserver_upToDate.key 
30037      INFO  main            d.u.i.k.p.i.AbstractProblemLoader Loading environment from /home/runner/work/key/key/key.core/../key.ui/examples/heap/observer/ExampleObserver_upToDate.key 
30037      DEBUG main            d.u.i.k.p.i.AbstractProblemLoader Environment load took 206.6ns 
30038      INFO  main            d.u.i.k.p.i.AbstractProblemLoader Creating init config 
32720      DEBUG main            d.u.i.k.p.i.AbstractProblemLoader Init config took 2.68s 
32765      INFO  main            d.u.i.k.p.i.AbstractProblemLoader Replaying proof ExampleObserver[Observer::$upToDate()].JML accessible clause.0 
32767      DEBUG main            d.u.i.k.p.i.IntermediateProofReplayer Proof replay took 5.2ns 
32872      INFO  main            d.u.i.k.p.r.p.TestFile    ... finished proof: closed. 
33093      INFO  main            d.u.i.k.p.i.AbstractProblemLoader Loading environment from /home/runner/work/key/key/key.core/../key.ui/examples/heap/observer/ExampleObserver_upToDate.key.proof 
33093      DEBUG main            d.u.i.k.p.i.AbstractProblemLoader Environment load took 108.8ns 
33094      INFO  main            d.u.i.k.p.i.AbstractProblemLoader Creating init config 
35677      DEBUG main            d.u.i.k.p.i.AbstractProblemLoader Init config took 2.58s 
35742      INFO  main            d.u.i.k.p.i.AbstractProblemLoader Replaying proof ExampleObserver[Observer::$upToDate()].JML accessible clause.0 
35762      DEBUG main            d.u.i.k.p.i.IntermediateProofReplayer Proof replay took 17.27ms 
35763      DEBUG main            d.u.i.k.p.r.p.TestFile    ... success: reloaded. 
35764      INFO  main            d.u.i.k.p.r.p.TestFile    Now processing file /home/runner/work/key/key/key.core/../key.ui/examples/heap/observer/ExampleObserver_value.key 
35765      INFO  main            d.u.i.k.p.i.AbstractProblemLoader Loading environment from /home/runner/work/key/key/key.core/../key.ui/examples/heap/observer/ExampleObserver_value.key 
35765      DEBUG main            d.u.i.k.p.i.AbstractProblemLoader Environment load took 221.7ns 
35766      INFO  main            d.u.i.k.p.i.AbstractProblemLoader Creating init config 
38431      DEBUG main            d.u.i.k.p.i.AbstractProblemLoader Init config took 2.67s 
38477      INFO  main            d.u.i.k.p.i.AbstractProblemLoader Replaying proof ExampleObserver[ExampleObserver::value()].JML normal_behavior operation contract.0 
38478      DEBUG main            d.u.i.k.p.i.IntermediateProofReplayer Proof replay took 5.6ns 
38583      INFO  main            d.u.i.k.p.r.p.TestFile    ... finished proof: closed. 
38738      INFO  main            d.u.i.k.p.i.AbstractProblemLoader Loading environment from /home/runner/work/key/key/key.core/../key.ui/examples/heap/observer/ExampleObserver_value.key.proof 
38738      DEBUG main            d.u.i.k.p.i.AbstractProblemLoader Environment load took 109.6ns 
38739      INFO  main            d.u.i.k.p.i.AbstractProblemLoader Creating init config 
41354      DEBUG main            d.u.i.k.p.i.AbstractProblemLoader Init config took 2.61s 
41414      INFO  main            d.u.i.k.p.i.AbstractProblemLoader Replaying proof ExampleObserver[ExampleObserver::value()].JML normal_behavior operation contract.0 
41434      DEBUG main            d.u.i.k.p.i.IntermediateProofReplayer Proof replay took 17.35ms 
41434      DEBUG main            d.u.i.k.p.r.p.TestFile    ... success: reloaded. 
41436      INFO  main            d.u.i.k.p.r.p.TestFile    Now processing file /home/runner/work/key/key/key.core/../key.ui/examples/heap/observer/ExampleSubject_addObserver.key 
41436      INFO  main            d.u.i.k.p.i.AbstractProblemLoader Loading environment from /home/runner/work/key/key/key.core/../key.ui/examples/heap/observer/ExampleSubject_addObserver.key 
41436      DEBUG main            d.u.i.k.p.i.AbstractProblemLoader Environment load took 192.9ns 
41437      INFO  main            d.u.i.k.p.i.AbstractProblemLoader Creating init config 
44074      DEBUG main            d.u.i.k.p.i.AbstractProblemLoader Init config took 2.64s 
44120      INFO  main            d.u.i.k.p.i.AbstractProblemLoader Replaying proof ExampleSubject[Subject::addObserver(Observer)].JML normal_behavior operation contract.0 
44122      DEBUG main            d.u.i.k.p.i.IntermediateProofReplayer Proof replay took 5ns 
49560      INFO  main            d.u.i.k.p.r.p.TestFile    ... finished proof: closed. 
49776      INFO  main            d.u.i.k.p.i.AbstractProblemLoader Loading environment from /home/runner/work/key/key/key.core/../key.ui/examples/heap/observer/ExampleSubject_addObserver.key.proof 
49777      DEBUG main            d.u.i.k.p.i.AbstractProblemLoader Environment load took 418.2ns 
49779      INFO  main            d.u.i.k.p.i.AbstractProblemLoader Creating init config 
52366      DEBUG main            d.u.i.k.p.i.AbstractProblemLoader Init config took 2.59s 
52412      INFO  main            d.u.i.k.p.i.AbstractProblemLoader Replaying proof ExampleSubject[Subject::addObserver(Observer)].JML normal_behavior operation contract.0 
53074      DEBUG main            d.u.i.k.p.i.IntermediateProofReplayer Proof replay took 641.22ms 
53076      DEBUG main            d.u.i.k.p.r.p.TestFile    ... success: reloaded. 
53077      INFO  main            d.u.i.k.p.r.p.TestFile    Now processing file /home/runner/work/key/key/key.core/../key.ui/examples/heap/observer/ExampleSubject_change.key 
53078      INFO  main            d.u.i.k.p.i.AbstractProblemLoader Loading environment from /home/runner/work/key/key/key.core/../key.ui/examples/heap/observer/ExampleSubject_change.key 
53078      DEBUG main            d.u.i.k.p.i.AbstractProblemLoader Environment load took 191.5ns 
53079      INFO  main            d.u.i.k.p.i.AbstractProblemLoader Creating init config 
55752      DEBUG main            d.u.i.k.p.i.AbstractProblemLoader Init config took 2.67s 
55800      INFO  main            d.u.i.k.p.i.AbstractProblemLoader Replaying proof ExampleSubject[ExampleSubject::change()].JML normal_behavior operation contract.0 
55803      DEBUG main            d.u.i.k.p.i.IntermediateProofReplayer Proof replay took 14.5ns 
56307      INFO  main            d.u.i.k.p.r.p.TestFile    ... finished proof: closed. 
56489      INFO  main            d.u.i.k.p.i.AbstractProblemLoader Loading environment from /home/runner/work/key/key/key.core/../key.ui/examples/heap/observer/ExampleSubject_change.key.proof 
56489      DEBUG main            d.u.i.k.p.i.AbstractProblemLoader Environment load took 546.9ns 
56491      INFO  main            d.u.i.k.p.i.AbstractProblemLoader Creating init config 
59092      DEBUG main            d.u.i.k.p.i.AbstractProblemLoader Init config took 2.6s 
59136      INFO  main            d.u.i.k.p.i.AbstractProblemLoader Replaying proof ExampleSubject[ExampleSubject::change()].JML normal_behavior operation contract.0 
59212      DEBUG main            d.u.i.k.p.i.IntermediateProofReplayer Proof replay took 72.04ms 
59214      DEBUG main            d.u.i.k.p.r.p.TestFile    ... success: reloaded. 
59215      INFO  main            d.u.i.k.p.r.p.TestFile    Now processing file /home/runner/work/key/key/key.core/../key.ui/examples/heap/observer/ExampleSubject_ExampleSubject.key 
59215      INFO  main            d.u.i.k.p.i.AbstractProblemLoader Loading environment from /home/runner/work/key/key/key.core/../key.ui/examples/heap/observer/ExampleSubject_ExampleSubject.key 
59215      DEBUG main            d.u.i.k.p.i.AbstractProblemLoader Environment load took 200.9ns 
59216      INFO  main            d.u.i.k.p.i.AbstractProblemLoader Creating init config 
61840      DEBUG main            d.u.i.k.p.i.AbstractProblemLoader Init config took 2.62s 
61883      INFO  main            d.u.i.k.p.i.AbstractProblemLoader Replaying proof ExampleSubject[ExampleSubject::ExampleSubject()].JML normal_behavior operation contract.0 
61884      DEBUG main            d.u.i.k.p.i.IntermediateProofReplayer Proof replay took 6.1ns 
62791      INFO  main            d.u.i.k.p.r.p.TestFile    ... finished proof: closed. 
62974      INFO  main            d.u.i.k.p.i.AbstractProblemLoader Loading environment from /home/runner/work/key/key/key.core/../key.ui/examples/heap/observer/ExampleSubject_ExampleSubject.key.proof 
62975      DEBUG main            d.u.i.k.p.i.AbstractProblemLoader Environment load took 403.3ns 
62976      INFO  main            d.u.i.k.p.i.AbstractProblemLoader Creating init config 
65569      DEBUG main            d.u.i.k.p.i.AbstractProblemLoader Init config took 2.59s 
65611      INFO  main            d.u.i.k.p.i.AbstractProblemLoader Replaying proof ExampleSubject[ExampleSubject::ExampleSubject()].JML normal_behavior operation contract.0 
65813      DEBUG main            d.u.i.k.p.i.IntermediateProofReplayer Proof replay took 183.33ms 
65814      DEBUG main            d.u.i.k.p.r.p.TestFile    ... success: reloaded. 
65815      INFO  main            d.u.i.k.p.r.p.TestFile    Now processing file /home/runner/work/key/key/key.core/../key.ui/examples/heap/observer/ExampleSubject_footprint.key 
65816      INFO  main            d.u.i.k.p.i.AbstractProblemLoader Loading environment from /home/runner/work/key/key/key.core/../key.ui/examples/heap/observer/ExampleSubject_footprint.key 
65816      DEBUG main            d.u.i.k.p.i.AbstractProblemLoader Environment load took 211.6ns 
65817      INFO  main            d.u.i.k.p.i.AbstractProblemLoader Creating init config 
68439      DEBUG main            d.u.i.k.p.i.AbstractProblemLoader Init config took 2.62s 
68482      INFO  main            d.u.i.k.p.i.AbstractProblemLoader Replaying proof ExampleSubject[Subject::$footprint()].JML accessible clause.0 
68484      DEBUG main            d.u.i.k.p.i.IntermediateProofReplayer Proof replay took 11.1ns 
68586      INFO  main            d.u.i.k.p.r.p.TestFile    ... finished proof: closed. 
68828      INFO  main            d.u.i.k.p.i.AbstractProblemLoader Loading environment from /home/runner/work/key/key/key.core/../key.ui/examples/heap/observer/ExampleSubject_footprint.key.proof 
68829      DEBUG main            d.u.i.k.p.i.AbstractProblemLoader Environment load took 104.1ns 
68829      INFO  main            d.u.i.k.p.i.AbstractProblemLoader Creating init config 
71384      DEBUG main            d.u.i.k.p.i.AbstractProblemLoader Init config took 2.55s 
71425      INFO  main            d.u.i.k.p.i.AbstractProblemLoader Replaying proof ExampleSubject[Subject::$footprint()].JML accessible clause.0 
71441      DEBUG main            d.u.i.k.p.i.IntermediateProofReplayer Proof replay took 14.16ms 
71442      DEBUG main            d.u.i.k.p.r.p.TestFile    ... success: reloaded. 
71443      INFO  main            d.u.i.k.p.r.p.TestFile    Now processing file /home/runner/work/key/key/key.core/../key.ui/examples/heap/observer/ExampleSubject_inv.key 
71443      INFO  main            d.u.i.k.p.i.AbstractProblemLoader Loading environment from /home/runner/work/key/key/key.core/../key.ui/examples/heap/observer/ExampleSubject_inv.key 
71443      DEBUG main            d.u.i.k.p.i.AbstractProblemLoader Environment load took 81.6ns 
71444      INFO  main            d.u.i.k.p.i.AbstractProblemLoader Creating init config 
74108      DEBUG main            d.u.i.k.p.i.AbstractProblemLoader Init config took 2.66s 
74148      INFO  main            d.u.i.k.p.i.AbstractProblemLoader Replaying proof ExampleSubject[java.lang.Object::<inv>()].JML accessible clause.0 
74150      DEBUG main            d.u.i.k.p.i.IntermediateProofReplayer Proof replay took 5.6ns 
75154      INFO  main            d.u.i.k.p.r.p.TestFile    ... finished proof: closed. 
75360      INFO  main            d.u.i.k.p.i.AbstractProblemLoader Loading environment from /home/runner/work/key/key/key.core/../key.ui/examples/heap/observer/ExampleSubject_inv.key.proof 
75360      DEBUG main            d.u.i.k.p.i.AbstractProblemLoader Environment load took 398ns 
75362      INFO  main            d.u.i.k.p.i.AbstractProblemLoader Creating init config 
77931      DEBUG main            d.u.i.k.p.i.AbstractProblemLoader Init config took 2.57s 
77979      INFO  main            d.u.i.k.p.i.AbstractProblemLoader Replaying proof ExampleSubject[java.lang.Object::<inv>()].JML accessible clause.0 
78092      DEBUG main            d.u.i.k.p.i.IntermediateProofReplayer Proof replay took 106.61ms 
78093      DEBUG main            d.u.i.k.p.r.p.TestFile    ... success: reloaded. 
78094      INFO  main            d.u.i.k.p.r.p.TestFile    Now processing file /home/runner/work/key/key/key.core/../key.ui/examples/heap/observer/ExampleSubject_notifyObservers.key 
78095      INFO  main            d.u.i.k.p.i.AbstractProblemLoader Loading environment from /home/runner/work/key/key/key.core/../key.ui/examples/heap/observer/ExampleSubject_notifyObservers.key 
78095      DEBUG main            d.u.i.k.p.i.AbstractProblemLoader Environment load took 230.6ns 
78096      INFO  main            d.u.i.k.p.i.AbstractProblemLoader Creating init config 
80721      DEBUG main            d.u.i.k.p.i.AbstractProblemLoader Init config took 2.62s 
80761      INFO  main            d.u.i.k.p.i.AbstractProblemLoader Replaying proof Subject[Subject::notifyObservers()].JML normal_behavior operation contract.0 
80762      DEBUG main            d.u.i.k.p.i.IntermediateProofReplayer Proof replay took 5.2ns 
80867      INFO  main            d.u.i.k.p.r.p.TestFile    ... finished proof: closed. 
81050      INFO  main            d.u.i.k.p.i.AbstractProblemLoader Loading environment from /home/runner/work/key/key/key.core/../key.ui/examples/heap/observer/ExampleSubject_notifyObservers.key.proof 
81051      DEBUG main            d.u.i.k.p.i.AbstractProblemLoader Environment load took 105.4ns 
81052      INFO  main            d.u.i.k.p.i.AbstractProblemLoader Creating init config 
83597      DEBUG main            d.u.i.k.p.i.AbstractProblemLoader Init config took 2.55s 
83637      INFO  main            d.u.i.k.p.i.AbstractProblemLoader Replaying proof Subject[Subject::notifyObservers()].JML normal_behavior operation contract.0 
83641      DEBUG main            d.u.i.k.p.i.IntermediateProofReplayer Proof replay took 2.56ms 
83642      DEBUG main            d.u.i.k.p.r.p.TestFile    ... success: reloaded. 
83643      INFO  main            d.u.i.k.p.r.p.TestFile    Now processing file /home/runner/work/key/key/key.core/../key.ui/examples/heap/observer/ExampleSubject_value_dep.key 
83643      INFO  main            d.u.i.k.p.i.AbstractProblemLoader Loading environment from /home/runner/work/key/key/key.core/../key.ui/examples/heap/observer/ExampleSubject_value_dep.key 
83643      DEBUG main            d.u.i.k.p.i.AbstractProblemLoader Environment load took 118.9ns 
83644      INFO  main            d.u.i.k.p.i.AbstractProblemLoader Creating init config 
86280      DEBUG main            d.u.i.k.p.i.AbstractProblemLoader Init config took 2.64s 
86319      INFO  main            d.u.i.k.p.i.AbstractProblemLoader Replaying proof ExampleSubject[ExampleSubject::value()].JML accessible clause.0 
86320      DEBUG main            d.u.i.k.p.i.IntermediateProofReplayer Proof replay took 5.2ns 
86422      INFO  main            d.u.i.k.p.r.p.TestFile    ... finished proof: closed. 
86612      INFO  main            d.u.i.k.p.i.AbstractProblemLoader Loading environment from /home/runner/work/key/key/key.core/../key.ui/examples/heap/observer/ExampleSubject_value_dep.key.proof 
86612      DEBUG main            d.u.i.k.p.i.AbstractProblemLoader Environment load took 101.5ns 
86613      INFO  main            d.u.i.k.p.i.AbstractProblemLoader Creating init config 
89185      DEBUG main            d.u.i.k.p.i.AbstractProblemLoader Init config took 2.57s 
89231      INFO  main            d.u.i.k.p.i.AbstractProblemLoader Replaying proof ExampleSubject[ExampleSubject::value()].JML accessible clause.0 
89244      DEBUG main            d.u.i.k.p.i.IntermediateProofReplayer Proof replay took 11.64ms 
89245      DEBUG main            d.u.i.k.p.r.p.TestFile    ... success: reloaded. 
89249      INFO  main            d.u.i.k.p.r.p.TestFile    Now processing file /home/runner/work/key/key/key.core/../key.ui/examples/heap/observer/ExampleSubject_value.key 
89249      INFO  main            d.u.i.k.p.i.AbstractProblemLoader Loading environment from /home/runner/work/key/key/key.core/../key.ui/examples/heap/observer/ExampleSubject_value.key 
89250      DEBUG main            d.u.i.k.p.i.AbstractProblemLoader Environment load took 145.1ns 
89250      INFO  main            d.u.i.k.p.i.AbstractProblemLoader Creating init config 
91860      DEBUG main            d.u.i.k.p.i.AbstractProblemLoader Init config took 2.61s 
91900      INFO  main            d.u.i.k.p.i.AbstractProblemLoader Replaying proof ExampleSubject[ExampleSubject::value()].JML normal_behavior operation contract.0 
91901      DEBUG main            d.u.i.k.p.i.IntermediateProofReplayer Proof replay took 5.7ns 
92003      INFO  main            d.u.i.k.p.r.p.TestFile    ... finished proof: closed. 
92272      INFO  main            d.u.i.k.p.i.AbstractProblemLoader Loading environment from /home/runner/work/key/key/key.core/../key.ui/examples/heap/observer/ExampleSubject_value.key.proof 
92272      DEBUG main            d.u.i.k.p.i.AbstractProblemLoader Environment load took 97.4ns 
92273      INFO  main            d.u.i.k.p.i.AbstractProblemLoader Creating init config 
94825      DEBUG main            d.u.i.k.p.i.AbstractProblemLoader Init config took 2.55s 
94874      INFO  main            d.u.i.k.p.i.AbstractProblemLoader Replaying proof ExampleSubject[ExampleSubject::value()].JML normal_behavior operation contract.0 
94889      DEBUG main            d.u.i.k.p.i.IntermediateProofReplayer Proof replay took 13.66ms 
94890      DEBUG main            d.u.i.k.p.r.p.TestFile    ... success: reloaded. 
1410154    INFO  Test worker     d.u.i.k.p.r.RunAllProofsTestUnit Returning from test observer 
1410155    INFO  Test worker     d.u.i.k.p.r.RunAllProofsTestUnit Running test removeDups 
376        INFO  Timeout watchdog d.u.i.k.p.r.p.ForkedTestFileRunner Timeout watcher launched (2000 secs.) 
388        WARN  main            d.u.i.k.s.ProofSettings   The settings in /home/runner/.key/proof-settings.props are *not* read. 
418        INFO  main            d.u.i.k.p.r.p.TestFile    Now processing file /home/runner/work/key/key/key.core/../key.ui/examples/heap/removeDups/arrayPart.key 
517        INFO  main            d.u.i.k.p.i.AbstractProblemLoader Loading environment from /home/runner/work/key/key/key.core/../key.ui/examples/heap/removeDups/arrayPart.key 
543        DEBUG main            d.u.i.k.p.i.AbstractProblemLoader Environment load took 2.03ms 
756        INFO  main            d.u.i.k.p.i.AbstractProblemLoader Creating init config 
1671       DEBUG main            d.u.i.k.j.TypeConverter   No LDT found for Meta 
1671       DEBUG main            d.u.i.k.j.TypeConverter   No LDT found for Meta 
1672       DEBUG main            d.u.i.k.j.TypeConverter   No LDT found for Meta 
1672       DEBUG main            d.u.i.k.j.TypeConverter   No LDT found for Meta 
2912       DEBUG main            d.u.i.k.j.TypeConverter   No LDT found for JavaBigintExpression 
7898       DEBUG main            d.u.i.k.p.i.AbstractProblemLoader Init config took 7.14s 
8071       INFO  main            d.u.i.k.p.i.AbstractProblemLoader Replaying proof RemoveDup[RemoveDup::arrayPart([I,int)].JML normal_behavior operation contract.0 
8107       DEBUG main            d.u.i.k.p.i.IntermediateProofReplayer Proof replay took 29.5ns 
10759      INFO  main            d.u.i.k.p.r.p.TestFile    ... finished proof: closed. 
10889      INFO  main            d.u.i.k.p.i.AbstractProblemLoader Loading environment from /home/runner/work/key/key/key.core/../key.ui/examples/heap/removeDups/arrayPart.key.proof 
10890      DEBUG main            d.u.i.k.p.i.AbstractProblemLoader Environment load took 458.4ns 
10892      INFO  main            d.u.i.k.p.i.AbstractProblemLoader Creating init config 
13672      DEBUG main            d.u.i.k.p.i.AbstractProblemLoader Init config took 2.78s 
13755      INFO  main            d.u.i.k.p.i.AbstractProblemLoader Replaying proof RemoveDup[RemoveDup::arrayPart([I,int)].JML normal_behavior operation contract.0 
14066      DEBUG main            d.u.i.k.p.i.IntermediateProofReplayer Proof replay took 289.85ms 
14072      DEBUG main            d.u.i.k.p.r.p.TestFile    ... success: reloaded. 
14074      INFO  main            d.u.i.k.p.r.p.TestFile    Now processing file /home/runner/work/key/key/key.core/../key.ui/examples/heap/removeDups/contains.key 
14074      INFO  main            d.u.i.k.p.i.AbstractProblemLoader Loading environment from /home/runner/work/key/key/key.core/../key.ui/examples/heap/removeDups/contains.key 
14074      DEBUG main            d.u.i.k.p.i.AbstractProblemLoader Environment load took 212.8ns 
14078      INFO  main            d.u.i.k.p.i.AbstractProblemLoader Creating init config 
16743      DEBUG main            d.u.i.k.p.i.AbstractProblemLoader Init config took 2.66s 
16797      INFO  main            d.u.i.k.p.i.AbstractProblemLoader Replaying proof RemoveDup[RemoveDup::contains([I,int,int)].JML normal_behavior operation contract.0 
16798      DEBUG main            d.u.i.k.p.i.IntermediateProofReplayer Proof replay took 5.1ns 
17313      INFO  main            d.u.i.k.p.r.p.TestFile    ... finished proof: closed. 
17431      INFO  main            d.u.i.k.p.i.AbstractProblemLoader Loading environment from /home/runner/work/key/key/key.core/../key.ui/examples/heap/removeDups/contains.key.proof 
17432      DEBUG main            d.u.i.k.p.i.AbstractProblemLoader Environment load took 410.1ns 
17433      INFO  main            d.u.i.k.p.i.AbstractProblemLoader Creating init config 
20036      DEBUG main            d.u.i.k.p.i.AbstractProblemLoader Init config took 2.6s 
20086      INFO  main            d.u.i.k.p.i.AbstractProblemLoader Replaying proof RemoveDup[RemoveDup::contains([I,int,int)].JML normal_behavior operation contract.0 
20191      DEBUG main            d.u.i.k.p.i.IntermediateProofReplayer Proof replay took 100.37ms 
20192      DEBUG main            d.u.i.k.p.r.p.TestFile    ... success: reloaded. 
20193      INFO  main            d.u.i.k.p.r.p.TestFile    Now processing file /home/runner/work/key/key/key.core/../key.ui/examples/heap/removeDups/removeDup.key 
20193      INFO  main            d.u.i.k.p.i.AbstractProblemLoader Loading environment from /home/runner/work/key/key/key.core/../key.ui/examples/heap/removeDups/removeDup.key 
20194      DEBUG main            d.u.i.k.p.i.AbstractProblemLoader Environment load took 210.6ns 
20195      INFO  main            d.u.i.k.p.i.AbstractProblemLoader Creating init config 
22828      DEBUG main            d.u.i.k.p.i.AbstractProblemLoader Init config took 2.63s 
22873      INFO  main            d.u.i.k.p.i.AbstractProblemLoader Replaying proof RemoveDup[RemoveDup::removeDup([I)].JML normal_behavior operation contract.0 
22874      DEBUG main            d.u.i.k.p.i.IntermediateProofReplayer Proof replay took 5.4ns 
27272      DEBUG Thread-7        d.u.i.k.j.d.VariableSpecification Program match. Variables have different dimension (template #v0 = #vi;, source a#11[] = var;) 
46790      INFO  main            d.u.i.k.p.r.p.TestFile    ... finished proof: closed. 
47034      INFO  main            d.u.i.k.p.i.AbstractProblemLoader Loading environment from /home/runner/work/key/key/key.core/../key.ui/examples/heap/removeDups/removeDup.key.proof 
47035      DEBUG main            d.u.i.k.p.i.AbstractProblemLoader Environment load took 427.2ns 
47039      INFO  main            d.u.i.k.p.i.AbstractProblemLoader Creating init config 
49566      DEBUG main            d.u.i.k.p.i.AbstractProblemLoader Init config took 2.53s 
49630      INFO  main            d.u.i.k.p.i.AbstractProblemLoader Replaying proof RemoveDup[RemoveDup::removeDup([I)].JML normal_behavior operation contract.0 
51418      DEBUG main            d.u.i.k.p.i.IntermediateProofReplayer Proof replay took 1.71s 
51421      DEBUG main            d.u.i.k.p.r.p.TestFile    ... success: reloaded. 
51423      INFO  main            d.u.i.k.p.r.p.TestFile    Now processing file /home/runner/work/key/key/key.core/../key.ui/examples/heap/saddleback_search/Saddleback_search.key 
51423      INFO  main            d.u.i.k.p.i.AbstractProblemLoader Loading environment from /home/runner/work/key/key/key.core/../key.ui/examples/heap/saddleback_search/Saddleback_search.key 
51423      DEBUG main            d.u.i.k.p.i.AbstractProblemLoader Environment load took 203.1ns 
51424      INFO  main            d.u.i.k.p.i.AbstractProblemLoader Creating init config 
54042      DEBUG main            d.u.i.k.p.i.AbstractProblemLoader Init config took 2.62s 
54081      INFO  main            d.u.i.k.p.i.AbstractProblemLoader Replaying proof Saddleback[Saddleback::search([[I,int)].JML normal_behavior operation contract.0 
54093      DEBUG main            d.u.i.k.p.i.IntermediateProofReplayer Proof replay took 5.2ns 
129489     INFO  main            d.u.i.k.p.r.p.TestFile    ... finished proof: closed. 
129866     INFO  main            d.u.i.k.p.i.AbstractProblemLoader Loading environment from /home/runner/work/key/key/key.core/../key.ui/examples/heap/saddleback_search/Saddleback_search.key.proof 
129867     DEBUG main            d.u.i.k.p.i.AbstractProblemLoader Environment load took 416.7ns 
129878     INFO  main            d.u.i.k.p.i.AbstractProblemLoader Creating init config 
132331     DEBUG main            d.u.i.k.p.i.AbstractProblemLoader Init config took 2.45s 
132369     INFO  main            d.u.i.k.p.i.AbstractProblemLoader Replaying proof Saddleback[Saddleback::search([[I,int)].JML normal_behavior operation contract.0 
134754     DEBUG main            d.u.i.k.p.i.IntermediateProofReplayer Proof replay took 2.22s 
134797     DEBUG main            d.u.i.k.p.r.p.TestFile    ... success: reloaded. 
1545834    INFO  Test worker     d.u.i.k.p.r.RunAllProofsTestUnit Returning from test removeDups 
1545835    INFO  Test worker     d.u.i.k.p.r.RunAllProofsTestUnit Running test quicksort 
393        INFO  Timeout watchdog d.u.i.k.p.r.p.ForkedTestFileRunner Timeout watcher launched (2000 secs.) 
397        WARN  main            d.u.i.k.s.ProofSettings   The settings in /home/runner/.key/proof-settings.props are *not* read. 
425        INFO  main            d.u.i.k.p.r.p.TestFile    Now processing file /home/runner/work/key/key/key.core/../key.ui/examples/heap/quicksort/toplevel.key 
533        INFO  main            d.u.i.k.p.i.AbstractProblemLoader Loading environment from /home/runner/work/key/key/key.core/../key.ui/examples/heap/quicksort/toplevel.key 
548        DEBUG main            d.u.i.k.p.i.AbstractProblemLoader Environment load took 1.66ms 
748        INFO  main            d.u.i.k.p.i.AbstractProblemLoader Creating init config 
1773       DEBUG main            d.u.i.k.j.TypeConverter   No LDT found for Meta 
1773       DEBUG main            d.u.i.k.j.TypeConverter   No LDT found for Meta 
1776       DEBUG main            d.u.i.k.j.TypeConverter   No LDT found for Meta 
1777       DEBUG main            d.u.i.k.j.TypeConverter   No LDT found for Meta 
3322       DEBUG main            d.u.i.k.j.TypeConverter   No LDT found for JavaBigintExpression 
7798       DEBUG main            d.u.i.k.p.i.AbstractProblemLoader Init config took 7.05s 
7979       INFO  main            d.u.i.k.p.i.AbstractProblemLoader Replaying proof Quicksort[Quicksort::sort([I)].JML normal_behavior operation contract.0 
8012       DEBUG main            d.u.i.k.p.i.IntermediateProofReplayer Proof replay took 30ns 
9249       INFO  main            d.u.i.k.p.r.p.TestFile    ... finished proof: closed. 
9362       INFO  main            d.u.i.k.p.i.AbstractProblemLoader Loading environment from /home/runner/work/key/key/key.core/../key.ui/examples/heap/quicksort/toplevel.key.proof 
9368       DEBUG main            d.u.i.k.p.i.AbstractProblemLoader Environment load took 5.88ms 
9370       INFO  main            d.u.i.k.p.i.AbstractProblemLoader Creating init config 
12088      DEBUG main            d.u.i.k.p.i.AbstractProblemLoader Init config took 2.72s 
12163      INFO  main            d.u.i.k.p.i.AbstractProblemLoader Replaying proof Quicksort[Quicksort::sort([I)].JML normal_behavior operation contract.0 
12314      DEBUG main            d.u.i.k.p.i.IntermediateProofReplayer Proof replay took 143.96ms 
12320      DEBUG main            d.u.i.k.p.r.p.TestFile    ... success: reloaded. 
12322      INFO  main            d.u.i.k.p.r.p.TestFile    Now processing file /home/runner/work/key/key/key.core/../key.ui/examples/heap/quicksort/sort.key 
12323      INFO  main            d.u.i.k.p.i.AbstractProblemLoader Loading environment from /home/runner/work/key/key/key.core/../key.ui/examples/heap/quicksort/sort.key 
12323      DEBUG main            d.u.i.k.p.i.AbstractProblemLoader Environment load took 238.29ns 
12325      INFO  main            d.u.i.k.p.i.AbstractProblemLoader Creating init config 
15023      DEBUG main            d.u.i.k.p.i.AbstractProblemLoader Init config took 2.7s 
15081      INFO  main            d.u.i.k.p.i.AbstractProblemLoader Replaying proof Quicksort[Quicksort::sort([I,int,int)].JML normal_behavior operation contract.0 
15084      DEBUG main            d.u.i.k.p.i.IntermediateProofReplayer Proof replay took 4.9ns 
15107      DEBUG main            d.u.i.k.m.s.ProofScriptEngine 1: 'script 'sort.script'' 
15110      INFO  main            d.u.i.k.m.s.ProofScriptCommand Included script /home/runner/work/key/key/key.core/../key.ui/examples/heap/quicksort/sort.script 
15111      DEBUG main            d.u.i.k.m.s.ProofScriptEngine 1: 'macro autopilot-prep' 
15978      DEBUG main            d.u.i.k.m.s.ProofScriptEngine 2: 'select formula="{heapAtPre:=heap || exc:=null || heap:=heapAfter_sort_0}
   seq ...' 
15981      DEBUG main            d.u.i.k.m.s.ProofScriptEngine 3: 'macro simp-upd' 
15990      DEBUG main            d.u.i.k.m.s.ProofScriptEngine 4: 'let   @seqPre="seqDef{int u;}(0, array.length, array[u])"
    @seqSplit="seqDef ...' 
15992      DEBUG main            d.u.i.k.m.s.ProofScriptEngine 5: 'rule seqPermSym 
  formula="seqPerm(@seqSplit, @seqPre)"' 
16007      DEBUG main            d.u.i.k.m.s.ProofScriptEngine 6: 'rule seqPermSym
  formula="seqPerm(@seqSort, @seqSplit)"' 
16009      DEBUG main            d.u.i.k.m.s.ProofScriptEngine 7: 'rule seqPermSym
  formula="seqPerm(@seqSort0, @seqSort)"' 
16010      DEBUG main            d.u.i.k.m.s.ProofScriptEngine 8: 'rule seqPermTrans
  formula="seqPerm(@seqPre, @seqSplit)"' 
16011      DEBUG main            d.u.i.k.m.s.ProofScriptEngine 9: 'rule seqPermTrans
  formula="seqPerm(@seqPre, @seqSort)"' 
16012      DEBUG main            d.u.i.k.m.s.ProofScriptEngine 10: 'rule seqPermSym
  formula="seqPerm(@seqPre, @seqSort0)"' 
16012      DEBUG main            d.u.i.k.m.s.ProofScriptEngine 11: 'tryclose' 
40166      INFO  main            d.u.i.k.p.r.p.TestFile    ... finished proof: closed. 
40420      INFO  main            d.u.i.k.p.i.AbstractProblemLoader Loading environment from /home/runner/work/key/key/key.core/../key.ui/examples/heap/quicksort/sort.key.proof 
40420      DEBUG main            d.u.i.k.p.i.AbstractProblemLoader Environment load took 413.1ns 
40427      INFO  main            d.u.i.k.p.i.AbstractProblemLoader Creating init config 
42957      DEBUG main            d.u.i.k.p.i.AbstractProblemLoader Init config took 2.53s 
43027      INFO  main            d.u.i.k.p.i.AbstractProblemLoader Replaying proof Quicksort[Quicksort::sort([I,int,int)].JML normal_behavior operation contract.0 
44893      DEBUG main            d.u.i.k.p.i.IntermediateProofReplayer Proof replay took 1.74s 
44898      DEBUG main            d.u.i.k.p.r.p.TestFile    ... success: reloaded. 
44900      INFO  main            d.u.i.k.p.r.p.TestFile    Now processing file /home/runner/work/key/key/key.core/../key.ui/examples/heap/quicksort/split.key 
44910      INFO  main            d.u.i.k.p.i.AbstractProblemLoader Loading environment from /home/runner/work/key/key/key.core/../key.ui/examples/heap/quicksort/split.key 
44910      DEBUG main            d.u.i.k.p.i.AbstractProblemLoader Environment load took 219.1ns 
44911      INFO  main            d.u.i.k.p.i.AbstractProblemLoader Creating init config 
47529      DEBUG main            d.u.i.k.p.i.AbstractProblemLoader Init config took 2.62s 
47573      INFO  main            d.u.i.k.p.i.AbstractProblemLoader Replaying proof Quicksort[Quicksort::split([I,int,int)].JML normal_behavior operation contract.0 
47576      DEBUG main            d.u.i.k.p.i.IntermediateProofReplayer Proof replay took 5.6ns 
47577      DEBUG main            d.u.i.k.m.s.ProofScriptEngine 1: 'macro autopilot-prep' 
48734      DEBUG main            d.u.i.k.m.s.ProofScriptEngine 2: 'tryclose' 
83509      DEBUG main            d.u.i.k.m.s.ProofScriptEngine 3: 'macro simp-upd' 
83604      DEBUG main            d.u.i.k.m.s.ProofScriptEngine 4: 'rule seqPermFromSwap' 
83619      DEBUG main            d.u.i.k.m.s.ProofScriptEngine 5: 'rule andRight' 
83621      DEBUG main            d.u.i.k.m.s.ProofScriptEngine 6: 'auto' 
83645      DEBUG main            d.u.i.k.m.s.ProofScriptEngine 7: 'instantiate hide var=iv with=i_0' 
83649      DEBUG main            d.u.i.k.m.s.ProofScriptEngine 8: 'instantiate hide var=jv with=j_0' 
83651      DEBUG main            d.u.i.k.m.s.ProofScriptEngine 9: 'auto' 
89796      DEBUG main            d.u.i.k.m.s.ProofScriptEngine 10: 'macro simp-upd' 
89863      DEBUG main            d.u.i.k.m.s.ProofScriptEngine 11: 'rule seqPermFromSwap' 
89869      DEBUG main            d.u.i.k.m.s.ProofScriptEngine 12: 'rule andRight' 
89872      DEBUG main            d.u.i.k.m.s.ProofScriptEngine 13: 'auto' 
89885      DEBUG main            d.u.i.k.m.s.ProofScriptEngine 14: 'instantiate hide var=iv with=i_0' 
89888      DEBUG main            d.u.i.k.m.s.ProofScriptEngine 15: 'instantiate hide var=jv with=to' 
89890      DEBUG main            d.u.i.k.m.s.ProofScriptEngine 16: 'auto' 
94644      INFO  main            d.u.i.k.p.r.p.TestFile    ... finished proof: closed. 
95133      INFO  main            d.u.i.k.p.i.AbstractProblemLoader Loading environment from /home/runner/work/key/key/key.core/../key.ui/examples/heap/quicksort/split.key.proof 
95134      DEBUG main            d.u.i.k.p.i.AbstractProblemLoader Environment load took 386ns 
95144      INFO  main            d.u.i.k.p.i.AbstractProblemLoader Creating init config 
97561      DEBUG main            d.u.i.k.p.i.AbstractProblemLoader Init config took 2.42s 
97606      INFO  main            d.u.i.k.p.i.AbstractProblemLoader Replaying proof Quicksort[Quicksort::split([I,int,int)].JML normal_behavior operation contract.0 
101107     DEBUG main            d.u.i.k.p.i.IntermediateProofReplayer Proof replay took 3.23s 
101123     DEBUG main            d.u.i.k.p.r.p.TestFile    ... success: reloaded. 
1647120    INFO  Test worker     d.u.i.k.p.r.RunAllProofsTestUnit Returning from test quicksort 
1647121    INFO  Test worker     d.u.i.k.p.r.RunAllProofsTestUnit Running test simpleTests 
338        INFO  Timeout watchdog d.u.i.k.p.r.p.ForkedTestFileRunner Timeout watcher launched (2000 secs.) 
344        WARN  main            d.u.i.k.s.ProofSettings   The settings in /home/runner/.key/proof-settings.props are *not* read. 
379        INFO  main            d.u.i.k.p.r.p.TestFile    Now processing file /home/runner/work/key/key/key.core/../key.ui/examples/heap/simple/anonymise_datagroup.key 
478        INFO  main            d.u.i.k.p.i.AbstractProblemLoader Loading environment from /home/runner/work/key/key/key.core/../key.ui/examples/heap/simple/anonymise_datagroup.key 
496        DEBUG main            d.u.i.k.p.i.AbstractProblemLoader Environment load took 1.96ms 
731        INFO  main            d.u.i.k.p.i.AbstractProblemLoader Creating init config 
1490       DEBUG main            d.u.i.k.j.TypeConverter   No LDT found for Meta 
1492       DEBUG main            d.u.i.k.j.TypeConverter   No LDT found for Meta 
1495       DEBUG main            d.u.i.k.j.TypeConverter   No LDT found for Meta 
1496       DEBUG main            d.u.i.k.j.TypeConverter   No LDT found for Meta 
2891       DEBUG main            d.u.i.k.j.TypeConverter   No LDT found for JavaBigintExpression 
7646       DEBUG main            d.u.i.k.p.i.AbstractProblemLoader Init config took 6.91s 
7702       INFO  main            d.u.i.k.p.i.AbstractProblemLoader Replaying proof anonymise_datagroup.key 
7730       DEBUG main            d.u.i.k.p.i.IntermediateProofReplayer Proof replay took 32.3ns 
7995       INFO  main            d.u.i.k.p.r.p.TestFile    ... finished proof: closed. 
8086       INFO  main            d.u.i.k.p.i.AbstractProblemLoader Loading environment from /home/runner/work/key/key/key.core/../key.ui/examples/heap/simple/anonymise_datagroup.key.proof 
8086       DEBUG main            d.u.i.k.p.i.AbstractProblemLoader Environment load took 143.6ns 
8090       INFO  main            d.u.i.k.p.i.AbstractProblemLoader Creating init config 
10975      DEBUG main            d.u.i.k.p.i.AbstractProblemLoader Init config took 2.89s 
11005      INFO  main            d.u.i.k.p.i.AbstractProblemLoader Replaying proof anonymise_datagroup.key.proof 
11017      DEBUG main            d.u.i.k.p.i.IntermediateProofReplayer Proof replay took 8.56ms 
11027      DEBUG main            d.u.i.k.p.r.p.TestFile    ... success: reloaded. 
11028      INFO  main            d.u.i.k.p.r.p.TestFile    Now processing file /home/runner/work/key/key/key.core/../key.ui/examples/heap/simple/array_creation.key 
11028      INFO  main            d.u.i.k.p.i.AbstractProblemLoader Loading environment from /home/runner/work/key/key/key.core/../key.ui/examples/heap/simple/array_creation.key 
11028      DEBUG main            d.u.i.k.p.i.AbstractProblemLoader Environment load took 215.4ns 
11031      INFO  main            d.u.i.k.p.i.AbstractProblemLoader Creating init config 
13684      DEBUG main            d.u.i.k.p.i.AbstractProblemLoader Init config took 2.65s 
13715      INFO  main            d.u.i.k.p.i.AbstractProblemLoader Replaying proof array_creation.key 
13719      DEBUG main            d.u.i.k.p.i.IntermediateProofReplayer Proof replay took 5.7ns 
14325      INFO  main            d.u.i.k.p.r.p.TestFile    ... finished proof: closed. 
14451      INFO  main            d.u.i.k.p.i.AbstractProblemLoader Loading environment from /home/runner/work/key/key/key.core/../key.ui/examples/heap/simple/array_creation.key.proof 
14451      DEBUG main            d.u.i.k.p.i.AbstractProblemLoader Environment load took 443.1ns 
14453      INFO  main            d.u.i.k.p.i.AbstractProblemLoader Creating init config 
17042      DEBUG main            d.u.i.k.p.i.AbstractProblemLoader Init config took 2.59s 
17068      INFO  main            d.u.i.k.p.i.AbstractProblemLoader Replaying proof array_creation.key.proof 
17198      DEBUG main            d.u.i.k.p.i.IntermediateProofReplayer Proof replay took 125.38ms 
17200      DEBUG main            d.u.i.k.p.r.p.TestFile    ... success: reloaded. 
17202      INFO  main            d.u.i.k.p.r.p.TestFile    Now processing file /home/runner/work/key/key/key.core/../key.ui/examples/heap/simple/arrays_with_disjoint_sorts.key 
17203      INFO  main            d.u.i.k.p.i.AbstractProblemLoader Loading environment from /home/runner/work/key/key/key.core/../key.ui/examples/heap/simple/arrays_with_disjoint_sorts.key 
17203      DEBUG main            d.u.i.k.p.i.AbstractProblemLoader Environment load took 104.9ns 
17206      INFO  main            d.u.i.k.p.i.AbstractProblemLoader Creating init config 
19834      DEBUG main            d.u.i.k.p.i.AbstractProblemLoader Init config took 2.63s 
19855      INFO  main            d.u.i.k.p.i.AbstractProblemLoader Replaying proof arrays_with_disjoint_sorts.key 
19857      DEBUG main            d.u.i.k.p.i.IntermediateProofReplayer Proof replay took 5.3ns 
20063      INFO  main            d.u.i.k.p.r.p.TestFile    ... finished proof: closed. 
20191      INFO  main            d.u.i.k.p.i.AbstractProblemLoader Loading environment from /home/runner/work/key/key/key.core/../key.ui/examples/heap/simple/arrays_with_disjoint_sorts.key.proof 
20195      DEBUG main            d.u.i.k.p.i.AbstractProblemLoader Environment load took 4.02ms 
20197      INFO  main            d.u.i.k.p.i.AbstractProblemLoader Creating init config 
22753      DEBUG main            d.u.i.k.p.i.AbstractProblemLoader Init config took 2.56s 
22774      INFO  main            d.u.i.k.p.i.AbstractProblemLoader Replaying proof arrays_with_disjoint_sorts.key.proof 
22816      DEBUG main            d.u.i.k.p.i.IntermediateProofReplayer Proof replay took 35.41ms 
22817      DEBUG main            d.u.i.k.p.r.p.TestFile    ... success: reloaded. 
22818      INFO  main            d.u.i.k.p.r.p.TestFile    Now processing file /home/runner/work/key/key/key.core/../key.ui/examples/heap/simple/arrays.key 
22818      INFO  main            d.u.i.k.p.i.AbstractProblemLoader Loading environment from /home/runner/work/key/key/key.core/../key.ui/examples/heap/simple/arrays.key 
22818      DEBUG main            d.u.i.k.p.i.AbstractProblemLoader Environment load took 85.2ns 
22820      INFO  main            d.u.i.k.p.i.AbstractProblemLoader Creating init config 
25397      DEBUG main            d.u.i.k.p.i.AbstractProblemLoader Init config took 2.58s 
25418      INFO  main            d.u.i.k.p.i.AbstractProblemLoader Replaying proof arrays.key 
25421      DEBUG main            d.u.i.k.p.i.IntermediateProofReplayer Proof replay took 5ns 
25523      INFO  main            d.u.i.k.p.r.p.TestFile    ... finished proof: closed. 
25661      INFO  main            d.u.i.k.p.i.AbstractProblemLoader Loading environment from /home/runner/work/key/key/key.core/../key.ui/examples/heap/simple/arrays.key.proof 
25662      DEBUG main            d.u.i.k.p.i.AbstractProblemLoader Environment load took 116.2ns 
25668      INFO  main            d.u.i.k.p.i.AbstractProblemLoader Creating init config 
28182      DEBUG main            d.u.i.k.p.i.AbstractProblemLoader Init config took 2.51s 
28203      INFO  main            d.u.i.k.p.i.AbstractProblemLoader Replaying proof arrays.key.proof 
28222      DEBUG main            d.u.i.k.p.i.IntermediateProofReplayer Proof replay took 16.31ms 
28224      DEBUG main            d.u.i.k.p.r.p.TestFile    ... success: reloaded. 
28225      INFO  main            d.u.i.k.p.r.p.TestFile    Now processing file /home/runner/work/key/key/key.core/../key.ui/examples/heap/simple/attributes.key 
28226      INFO  main            d.u.i.k.p.i.AbstractProblemLoader Loading environment from /home/runner/work/key/key/key.core/../key.ui/examples/heap/simple/attributes.key 
28226      DEBUG main            d.u.i.k.p.i.AbstractProblemLoader Environment load took 199.8ns 
28227      INFO  main            d.u.i.k.p.i.AbstractProblemLoader Creating init config 
30780      DEBUG main            d.u.i.k.p.i.AbstractProblemLoader Init config took 2.55s 
30801      INFO  main            d.u.i.k.p.i.AbstractProblemLoader Replaying proof attributes.key 
30803      DEBUG main            d.u.i.k.p.i.IntermediateProofReplayer Proof replay took 5.6ns 
30905      INFO  main            d.u.i.k.p.r.p.TestFile    ... finished proof: closed. 
31040      INFO  main            d.u.i.k.p.i.AbstractProblemLoader Loading environment from /home/runner/work/key/key/key.core/../key.ui/examples/heap/simple/attributes.key.proof 
31040      DEBUG main            d.u.i.k.p.i.AbstractProblemLoader Environment load took 117.5ns 
31041      INFO  main            d.u.i.k.p.i.AbstractProblemLoader Creating init config 
33543      DEBUG main            d.u.i.k.p.i.AbstractProblemLoader Init config took 2.5s 
33571      INFO  main            d.u.i.k.p.i.AbstractProblemLoader Replaying proof attributes.key.proof 
33576      DEBUG main            d.u.i.k.p.i.IntermediateProofReplayer Proof replay took 2.72ms 
33577      DEBUG main            d.u.i.k.p.r.p.TestFile    ... success: reloaded. 
33577      INFO  main            d.u.i.k.p.r.p.TestFile    Now processing file /home/runner/work/key/key/key.core/../key.ui/examples/heap/simple/constructor_contracts.key 
33578      INFO  main            d.u.i.k.p.i.AbstractProblemLoader Loading environment from /home/runner/work/key/key/key.core/../key.ui/examples/heap/simple/constructor_contracts.key 
33578      DEBUG main            d.u.i.k.p.i.AbstractProblemLoader Environment load took 216ns 
33580      INFO  main            d.u.i.k.p.i.AbstractProblemLoader Creating init config 
36482      DEBUG main            d.u.i.k.p.i.AbstractProblemLoader Init config took 2.9s 
36503      INFO  main            d.u.i.k.p.i.AbstractProblemLoader Replaying proof constructor_contracts.key 
36505      DEBUG main            d.u.i.k.p.i.IntermediateProofReplayer Proof replay took 6ns 
37015      INFO  main            d.u.i.k.p.r.p.TestFile    ... finished proof: closed. 
37181      INFO  main            d.u.i.k.p.i.AbstractProblemLoader Loading environment from /home/runner/work/key/key/key.core/../key.ui/examples/heap/simple/constructor_contracts.key.proof 
37182      DEBUG main            d.u.i.k.p.i.AbstractProblemLoader Environment load took 388.1ns 
37183      INFO  main            d.u.i.k.p.i.AbstractProblemLoader Creating init config 
39947      DEBUG main            d.u.i.k.p.i.AbstractProblemLoader Init config took 2.76s 
39968      INFO  main            d.u.i.k.p.i.AbstractProblemLoader Replaying proof constructor_contracts.key.proof 
40111      DEBUG main            d.u.i.k.p.i.IntermediateProofReplayer Proof replay took 136.07ms 
40115      DEBUG main            d.u.i.k.p.r.p.TestFile    ... success: reloaded. 
40117      INFO  main            d.u.i.k.p.r.p.TestFile    Now processing file /home/runner/work/key/key/key.core/../key.ui/examples/heap/simple/dependencies.key 
40118      INFO  main            d.u.i.k.p.i.AbstractProblemLoader Loading environment from /home/runner/work/key/key/key.core/../key.ui/examples/heap/simple/dependencies.key 
40118      DEBUG main            d.u.i.k.p.i.AbstractProblemLoader Environment load took 191.7ns 
40119      INFO  main            d.u.i.k.p.i.AbstractProblemLoader Creating init config 
42679      DEBUG main            d.u.i.k.p.i.AbstractProblemLoader Init config took 2.56s 
42698      INFO  main            d.u.i.k.p.i.AbstractProblemLoader Replaying proof dependencies.key 
42699      DEBUG main            d.u.i.k.p.i.IntermediateProofReplayer Proof replay took 5.2ns 
42801      INFO  main            d.u.i.k.p.r.p.TestFile    ... finished proof: closed. 
42996      INFO  main            d.u.i.k.p.i.AbstractProblemLoader Loading environment from /home/runner/work/key/key/key.core/../key.ui/examples/heap/simple/dependencies.key.proof 
42996      DEBUG main            d.u.i.k.p.i.AbstractProblemLoader Environment load took 115.2ns 
42997      INFO  main            d.u.i.k.p.i.AbstractProblemLoader Creating init config 
45449      DEBUG main            d.u.i.k.p.i.AbstractProblemLoader Init config took 2.45s 
45466      INFO  main            d.u.i.k.p.i.AbstractProblemLoader Replaying proof dependencies.key.proof 
45476      DEBUG main            d.u.i.k.p.i.IntermediateProofReplayer Proof replay took 8.12ms 
45477      DEBUG main            d.u.i.k.p.r.p.TestFile    ... success: reloaded. 
45478      INFO  main            d.u.i.k.p.r.p.TestFile    Now processing file /home/runner/work/key/key/key.core/../key.ui/examples/heap/simple/dependency_contracts.key 
45478      INFO  main            d.u.i.k.p.i.AbstractProblemLoader Loading environment from /home/runner/work/key/key/key.core/../key.ui/examples/heap/simple/dependency_contracts.key 
45479      DEBUG main            d.u.i.k.p.i.AbstractProblemLoader Environment load took 186.3ns 
45480      INFO  main            d.u.i.k.p.i.AbstractProblemLoader Creating init config 
48240      DEBUG main            d.u.i.k.p.i.AbstractProblemLoader Init config took 2.76s 
48258      INFO  main            d.u.i.k.p.i.AbstractProblemLoader Replaying proof dependency_contracts.key 
48261      DEBUG main            d.u.i.k.p.i.IntermediateProofReplayer Proof replay took 5.3ns 
49568      INFO  main            d.u.i.k.p.r.p.TestFile    ... finished proof: closed. 
49782      INFO  main            d.u.i.k.p.i.AbstractProblemLoader Loading environment from /home/runner/work/key/key/key.core/../key.ui/examples/heap/simple/dependency_contracts.key.proof 
49783      DEBUG main            d.u.i.k.p.i.AbstractProblemLoader Environment load took 712.7ns 
49785      INFO  main            d.u.i.k.p.i.AbstractProblemLoader Creating init config 
52489      DEBUG main            d.u.i.k.p.i.AbstractProblemLoader Init config took 2.7s 
52508      INFO  main            d.u.i.k.p.i.AbstractProblemLoader Replaying proof dependency_contracts.key.proof 
52680      DEBUG main            d.u.i.k.p.i.IntermediateProofReplayer Proof replay took 163.68ms 
52682      DEBUG main            d.u.i.k.p.r.p.TestFile    ... success: reloaded. 
52683      INFO  main            d.u.i.k.p.r.p.TestFile    Now processing file /home/runner/work/key/key/key.core/../key.ui/examples/heap/simple/invariant_preservation.key 
52684      INFO  main            d.u.i.k.p.i.AbstractProblemLoader Loading environment from /home/runner/work/key/key/key.core/../key.ui/examples/heap/simple/invariant_preservation.key 
52684      DEBUG main            d.u.i.k.p.i.AbstractProblemLoader Environment load took 184.8ns 
52686      INFO  main            d.u.i.k.p.i.AbstractProblemLoader Creating init config 
55480      DEBUG main            d.u.i.k.p.i.AbstractProblemLoader Init config took 2.79s 
55497      INFO  main            d.u.i.k.p.i.AbstractProblemLoader Replaying proof invariant_preservation.key 
55499      DEBUG main            d.u.i.k.p.i.IntermediateProofReplayer Proof replay took 5.8ns 
55701      INFO  main            d.u.i.k.p.r.p.TestFile    ... finished proof: closed. 
55884      INFO  main            d.u.i.k.p.i.AbstractProblemLoader Loading environment from /home/runner/work/key/key/key.core/../key.ui/examples/heap/simple/invariant_preservation.key.proof 
55884      DEBUG main            d.u.i.k.p.i.AbstractProblemLoader Environment load took 112.8ns 
55886      INFO  main            d.u.i.k.p.i.AbstractProblemLoader Creating init config 
58585      DEBUG main            d.u.i.k.p.i.AbstractProblemLoader Init config took 2.7s 
58602      INFO  main            d.u.i.k.p.i.AbstractProblemLoader Replaying proof invariant_preservation.key.proof 
58630      DEBUG main            d.u.i.k.p.i.IntermediateProofReplayer Proof replay took 25.19ms 
58631      DEBUG main            d.u.i.k.p.r.p.TestFile    ... success: reloaded. 
58632      INFO  main            d.u.i.k.p.r.p.TestFile    Now processing file /home/runner/work/key/key/key.core/../key.ui/examples/heap/simple/locsets.key 
58633      INFO  main            d.u.i.k.p.i.AbstractProblemLoader Loading environment from /home/runner/work/key/key/key.core/../key.ui/examples/heap/simple/locsets.key 
58633      DEBUG main            d.u.i.k.p.i.AbstractProblemLoader Environment load took 227.7ns 
58634      INFO  main            d.u.i.k.p.i.AbstractProblemLoader Creating init config 
61066      DEBUG main            d.u.i.k.p.i.AbstractProblemLoader Init config took 2.43s 
61080      INFO  main            d.u.i.k.p.i.AbstractProblemLoader Replaying proof locsets.key 
61081      DEBUG main            d.u.i.k.p.i.IntermediateProofReplayer Proof replay took 5.5ns 
61190      INFO  main            d.u.i.k.p.r.p.TestFile    ... finished proof: closed. 
61357      INFO  main            d.u.i.k.p.i.AbstractProblemLoader Loading environment from /home/runner/work/key/key/key.core/../key.ui/examples/heap/simple/locsets.key.proof 
61357      DEBUG main            d.u.i.k.p.i.AbstractProblemLoader Environment load took 104.9ns 
61358      INFO  main            d.u.i.k.p.i.AbstractProblemLoader Creating init config 
63763      DEBUG main            d.u.i.k.p.i.AbstractProblemLoader Init config took 2.41s 
63782      INFO  main            d.u.i.k.p.i.AbstractProblemLoader Replaying proof locsets.key.proof 
63785      DEBUG main            d.u.i.k.p.i.IntermediateProofReplayer Proof replay took 1.46ms 
63786      DEBUG main            d.u.i.k.p.r.p.TestFile    ... success: reloaded. 
63787      INFO  main            d.u.i.k.p.r.p.TestFile    Now processing file /home/runner/work/key/key/key.core/../key.ui/examples/heap/simple/loop1.key 
63787      INFO  main            d.u.i.k.p.i.AbstractProblemLoader Loading environment from /home/runner/work/key/key/key.core/../key.ui/examples/heap/simple/loop1.key 
63787      DEBUG main            d.u.i.k.p.i.AbstractProblemLoader Environment load took 89.9ns 
63788      INFO  main            d.u.i.k.p.i.AbstractProblemLoader Creating init config 
66552      DEBUG main            d.u.i.k.p.i.AbstractProblemLoader Init config took 2.76s 
66567      INFO  main            d.u.i.k.p.i.AbstractProblemLoader Replaying proof loop1.key 
66568      DEBUG main            d.u.i.k.p.i.IntermediateProofReplayer Proof replay took 6.4ns 
66771      INFO  main            d.u.i.k.p.r.p.TestFile    ... finished proof: closed. 
66938      INFO  main            d.u.i.k.p.i.AbstractProblemLoader Loading environment from /home/runner/work/key/key/key.core/../key.ui/examples/heap/simple/loop1.key.proof 
66939      DEBUG main            d.u.i.k.p.i.AbstractProblemLoader Environment load took 111ns 
66940      INFO  main            d.u.i.k.p.i.AbstractProblemLoader Creating init config 
69616      DEBUG main            d.u.i.k.p.i.AbstractProblemLoader Init config took 2.68s 
69631      INFO  main            d.u.i.k.p.i.AbstractProblemLoader Replaying proof loop1.key.proof 
69692      DEBUG main            d.u.i.k.p.i.IntermediateProofReplayer Proof replay took 58.12ms 
69693      DEBUG main            d.u.i.k.p.r.p.TestFile    ... success: reloaded. 
69693      INFO  main            d.u.i.k.p.r.p.TestFile    Now processing file /home/runner/work/key/key/key.core/../key.ui/examples/heap/simple/loop2.key 
69694      INFO  main            d.u.i.k.p.i.AbstractProblemLoader Loading environment from /home/runner/work/key/key/key.core/../key.ui/examples/heap/simple/loop2.key 
69694      DEBUG main            d.u.i.k.p.i.AbstractProblemLoader Environment load took 91.4ns 
69695      INFO  main            d.u.i.k.p.i.AbstractProblemLoader Creating init config 
72421      DEBUG main            d.u.i.k.p.i.AbstractProblemLoader Init config took 2.73s 
72436      INFO  main            d.u.i.k.p.i.AbstractProblemLoader Replaying proof loop2.key 
72438      DEBUG main            d.u.i.k.p.i.IntermediateProofReplayer Proof replay took 5.9ns 
72956      INFO  main            d.u.i.k.p.r.p.TestFile    ... finished proof: closed. 
73154      INFO  main            d.u.i.k.p.i.AbstractProblemLoader Loading environment from /home/runner/work/key/key/key.core/../key.ui/examples/heap/simple/loop2.key.proof 
73154      DEBUG main            d.u.i.k.p.i.AbstractProblemLoader Environment load took 402.7ns 
73156      INFO  main            d.u.i.k.p.i.AbstractProblemLoader Creating init config 
75839      DEBUG main            d.u.i.k.p.i.AbstractProblemLoader Init config took 2.68s 
75856      INFO  main            d.u.i.k.p.i.AbstractProblemLoader Replaying proof loop2.key.proof 
75972      DEBUG main            d.u.i.k.p.i.IntermediateProofReplayer Proof replay took 111.5ms 
75973      DEBUG main            d.u.i.k.p.r.p.TestFile    ... success: reloaded. 
75974      INFO  main            d.u.i.k.p.r.p.TestFile    Now processing file /home/runner/work/key/key/key.core/../key.ui/examples/heap/simple/modifies_datagroup.key 
75975      INFO  main            d.u.i.k.p.i.AbstractProblemLoader Loading environment from /home/runner/work/key/key/key.core/../key.ui/examples/heap/simple/modifies_datagroup.key 
75975      DEBUG main            d.u.i.k.p.i.AbstractProblemLoader Environment load took 87.1ns 
75976      INFO  main            d.u.i.k.p.i.AbstractProblemLoader Creating init config 
78434      DEBUG main            d.u.i.k.p.i.AbstractProblemLoader Init config took 2.46s 
78448      INFO  main            d.u.i.k.p.i.AbstractProblemLoader Replaying proof modifies_datagroup.key 
78449      DEBUG main            d.u.i.k.p.i.IntermediateProofReplayer Proof replay took 5.8ns 
78551      INFO  main            d.u.i.k.p.r.p.TestFile    ... finished proof: closed. 
78751      INFO  main            d.u.i.k.p.i.AbstractProblemLoader Loading environment from /home/runner/work/key/key/key.core/../key.ui/examples/heap/simple/modifies_datagroup.key.proof 
78751      DEBUG main            d.u.i.k.p.i.AbstractProblemLoader Environment load took 94.8ns 
78753      INFO  main            d.u.i.k.p.i.AbstractProblemLoader Creating init config 
81160      DEBUG main            d.u.i.k.p.i.AbstractProblemLoader Init config took 2.41s 
81173      INFO  main            d.u.i.k.p.i.AbstractProblemLoader Replaying proof modifies_datagroup.key.proof 
81178      DEBUG main            d.u.i.k.p.i.IntermediateProofReplayer Proof replay took 3.13ms 
81179      DEBUG main            d.u.i.k.p.r.p.TestFile    ... success: reloaded. 
81179      INFO  main            d.u.i.k.p.r.p.TestFile    Now processing file /home/runner/work/key/key/key.core/../key.ui/examples/heap/simple/modifies.key 
81180      INFO  main            d.u.i.k.p.i.AbstractProblemLoader Loading environment from /home/runner/work/key/key/key.core/../key.ui/examples/heap/simple/modifies.key 
81180      DEBUG main            d.u.i.k.p.i.AbstractProblemLoader Environment load took 79ns 
81181      INFO  main            d.u.i.k.p.i.AbstractProblemLoader Creating init config 
83651      DEBUG main            d.u.i.k.p.i.AbstractProblemLoader Init config took 2.47s 
83665      INFO  main            d.u.i.k.p.i.AbstractProblemLoader Replaying proof modifies.key 
83667      DEBUG main            d.u.i.k.p.i.IntermediateProofReplayer Proof replay took 5.6ns 
83769      INFO  main            d.u.i.k.p.r.p.TestFile    ... finished proof: closed. 
83957      INFO  main            d.u.i.k.p.i.AbstractProblemLoader Loading environment from /home/runner/work/key/key/key.core/../key.ui/examples/heap/simple/modifies.key.proof 
83957      DEBUG main            d.u.i.k.p.i.AbstractProblemLoader Environment load took 115.5ns 
83959      INFO  main            d.u.i.k.p.i.AbstractProblemLoader Creating init config 
86357      DEBUG main            d.u.i.k.p.i.AbstractProblemLoader Init config took 2.4s 
86370      INFO  main            d.u.i.k.p.i.AbstractProblemLoader Replaying proof modifies.key.proof 
86382      DEBUG main            d.u.i.k.p.i.IntermediateProofReplayer Proof replay took 10.6ms 
86383      DEBUG main            d.u.i.k.p.r.p.TestFile    ... success: reloaded. 
86384      INFO  main            d.u.i.k.p.r.p.TestFile    Now processing file /home/runner/work/key/key/key.core/../key.ui/examples/heap/simple/object_creation.key 
86384      INFO  main            d.u.i.k.p.i.AbstractProblemLoader Loading environment from /home/runner/work/key/key/key.core/../key.ui/examples/heap/simple/object_creation.key 
86384      DEBUG main            d.u.i.k.p.i.AbstractProblemLoader Environment load took 65.6ns 
86385      INFO  main            d.u.i.k.p.i.AbstractProblemLoader Creating init config 
88847      DEBUG main            d.u.i.k.p.i.AbstractProblemLoader Init config took 2.46s 
88862      INFO  main            d.u.i.k.p.i.AbstractProblemLoader Replaying proof object_creation.key 
88863      DEBUG main            d.u.i.k.p.i.IntermediateProofReplayer Proof replay took 5.2ns 
89066      INFO  main            d.u.i.k.p.r.p.TestFile    ... finished proof: closed. 
89282      INFO  main            d.u.i.k.p.i.AbstractProblemLoader Loading environment from /home/runner/work/key/key/key.core/../key.ui/examples/heap/simple/object_creation.key.proof 
89282      DEBUG main            d.u.i.k.p.i.AbstractProblemLoader Environment load took 104.8ns 
89284      INFO  main            d.u.i.k.p.i.AbstractProblemLoader Creating init config 
91687      DEBUG main            d.u.i.k.p.i.AbstractProblemLoader Init config took 2.4s 
91702      INFO  main            d.u.i.k.p.i.AbstractProblemLoader Replaying proof object_creation.key.proof 
91746      DEBUG main            d.u.i.k.p.i.IntermediateProofReplayer Proof replay took 41.83ms 
91747      DEBUG main            d.u.i.k.p.r.p.TestFile    ... success: reloaded. 
91747      INFO  main            d.u.i.k.p.r.p.TestFile    Now processing file /home/runner/work/key/key/key.core/../key.ui/examples/heap/simple/operation_contracts.key 
91748      INFO  main            d.u.i.k.p.i.AbstractProblemLoader Loading environment from /home/runner/work/key/key/key.core/../key.ui/examples/heap/simple/operation_contracts.key 
91748      DEBUG main            d.u.i.k.p.i.AbstractProblemLoader Environment load took 87.9ns 
91749      INFO  main            d.u.i.k.p.i.AbstractProblemLoader Creating init config 
94483      DEBUG main            d.u.i.k.p.i.AbstractProblemLoader Init config took 2.73s 
94498      INFO  main            d.u.i.k.p.i.AbstractProblemLoader Replaying proof operation_contracts.key 
94499      DEBUG main            d.u.i.k.p.i.IntermediateProofReplayer Proof replay took 6.1ns 
95204      INFO  main            d.u.i.k.p.r.p.TestFile    ... finished proof: closed. 
95411      INFO  main            d.u.i.k.p.i.AbstractProblemLoader Loading environment from /home/runner/work/key/key/key.core/../key.ui/examples/heap/simple/operation_contracts.key.proof 
95412      DEBUG main            d.u.i.k.p.i.AbstractProblemLoader Environment load took 424.3ns 
95414      INFO  main            d.u.i.k.p.i.AbstractProblemLoader Creating init config 
98048      DEBUG main            d.u.i.k.p.i.AbstractProblemLoader Init config took 2.63s 
98062      INFO  main            d.u.i.k.p.i.AbstractProblemLoader Replaying proof operation_contracts.key.proof 
98179      DEBUG main            d.u.i.k.p.i.IntermediateProofReplayer Proof replay took 99.81ms 
98181      DEBUG main            d.u.i.k.p.r.p.TestFile    ... success: reloaded. 
98182      INFO  main            d.u.i.k.p.r.p.TestFile    Now processing file /home/runner/work/key/key/key.core/../key.ui/examples/heap/simple/select_store.key 
98182      INFO  main            d.u.i.k.p.i.AbstractProblemLoader Loading environment from /home/runner/work/key/key/key.core/../key.ui/examples/heap/simple/select_store.key 
98183      DEBUG main            d.u.i.k.p.i.AbstractProblemLoader Environment load took 181.2ns 
98184      INFO  main            d.u.i.k.p.i.AbstractProblemLoader Creating init config 
100621     DEBUG main            d.u.i.k.p.i.AbstractProblemLoader Init config took 2.44s 
100635     INFO  main            d.u.i.k.p.i.AbstractProblemLoader Replaying proof select_store.key 
100636     DEBUG main            d.u.i.k.p.i.IntermediateProofReplayer Proof replay took 6ns 
100737     INFO  main            d.u.i.k.p.r.p.TestFile    ... finished proof: closed. 
100966     INFO  main            d.u.i.k.p.i.AbstractProblemLoader Loading environment from /home/runner/work/key/key/key.core/../key.ui/examples/heap/simple/select_store.key.proof 
100966     DEBUG main            d.u.i.k.p.i.AbstractProblemLoader Environment load took 122.3ns 
100967     INFO  main            d.u.i.k.p.i.AbstractProblemLoader Creating init config 
103376     DEBUG main            d.u.i.k.p.i.AbstractProblemLoader Init config took 2.41s 
103390     INFO  main            d.u.i.k.p.i.AbstractProblemLoader Replaying proof select_store.key.proof 
103393     DEBUG main            d.u.i.k.p.i.IntermediateProofReplayer Proof replay took 1.96ms 
103394     DEBUG main            d.u.i.k.p.r.p.TestFile    ... success: reloaded. 
103394     INFO  main            d.u.i.k.p.r.p.TestFile    Now processing file /home/runner/work/key/key/key.core/../key.ui/examples/heap/simple/selection_sort.key 
103395     INFO  main            d.u.i.k.p.i.AbstractProblemLoader Loading environment from /home/runner/work/key/key/key.core/../key.ui/examples/heap/simple/selection_sort.key 
103395     DEBUG main            d.u.i.k.p.i.AbstractProblemLoader Environment load took 78.8ns 
103396     INFO  main            d.u.i.k.p.i.AbstractProblemLoader Creating init config 
106098     DEBUG main            d.u.i.k.p.i.AbstractProblemLoader Init config took 2.7s 
106112     INFO  main            d.u.i.k.p.i.AbstractProblemLoader Replaying proof selection_sort.key 
106114     DEBUG main            d.u.i.k.p.i.IntermediateProofReplayer Proof replay took 5.6ns 
109459     INFO  main            d.u.i.k.p.r.p.TestFile    ... finished proof: closed. 
109746     INFO  main            d.u.i.k.p.i.AbstractProblemLoader Loading environment from /home/runner/work/key/key/key.core/../key.ui/examples/heap/simple/selection_sort.key.proof 
109746     DEBUG main            d.u.i.k.p.i.AbstractProblemLoader Environment load took 159ns 
109748     INFO  main            d.u.i.k.p.i.AbstractProblemLoader Creating init config 
112379     DEBUG main            d.u.i.k.p.i.AbstractProblemLoader Init config took 2.63s 
112394     INFO  main            d.u.i.k.p.i.AbstractProblemLoader Replaying proof selection_sort.key.proof 
112991     DEBUG main            d.u.i.k.p.i.IntermediateProofReplayer Proof replay took 575.31ms 
112993     DEBUG main            d.u.i.k.p.r.p.TestFile    ... success: reloaded. 
112994     INFO  main            d.u.i.k.p.r.p.TestFile    Now processing file /home/runner/work/key/key/key.core/../key.ui/examples/heap/simple/seq.key 
112994     INFO  main            d.u.i.k.p.i.AbstractProblemLoader Loading environment from /home/runner/work/key/key/key.core/../key.ui/examples/heap/simple/seq.key 
112994     DEBUG main            d.u.i.k.p.i.AbstractProblemLoader Environment load took 177.4ns 
112995     INFO  main            d.u.i.k.p.i.AbstractProblemLoader Creating init config 
115426     DEBUG main            d.u.i.k.p.i.AbstractProblemLoader Init config took 2.43s 
115442     INFO  main            d.u.i.k.p.i.AbstractProblemLoader Replaying proof seq.key 
115444     DEBUG main            d.u.i.k.p.i.IntermediateProofReplayer Proof replay took 6.1ns 
115847     INFO  main            d.u.i.k.p.r.p.TestFile    ... finished proof: closed. 
116126     INFO  main            d.u.i.k.p.i.AbstractProblemLoader Loading environment from /home/runner/work/key/key/key.core/../key.ui/examples/heap/simple/seq.key.proof 
116126     DEBUG main            d.u.i.k.p.i.AbstractProblemLoader Environment load took 94.5ns 
116127     INFO  main            d.u.i.k.p.i.AbstractProblemLoader Creating init config 
118501     DEBUG main            d.u.i.k.p.i.AbstractProblemLoader Init config took 2.37s 
118515     INFO  main            d.u.i.k.p.i.AbstractProblemLoader Replaying proof seq.key.proof 
118562     DEBUG main            d.u.i.k.p.i.IntermediateProofReplayer Proof replay took 43.14ms 
118564     DEBUG main            d.u.i.k.p.r.p.TestFile    ... success: reloaded. 
118564     INFO  main            d.u.i.k.p.r.p.TestFile    Now processing file /home/runner/work/key/key/key.core/../key.ui/examples/heap/simple/oldForParams.key 
118565     INFO  main            d.u.i.k.p.i.AbstractProblemLoader Loading environment from /home/runner/work/key/key/key.core/../key.ui/examples/heap/simple/oldForParams.key 
118565     DEBUG main            d.u.i.k.p.i.AbstractProblemLoader Environment load took 199.1ns 
118566     INFO  main            d.u.i.k.p.i.AbstractProblemLoader Creating init config 
121221     DEBUG main            d.u.i.k.p.i.AbstractProblemLoader Init config took 2.66s 
121287     INFO  main            d.u.i.k.p.i.AbstractProblemLoader Replaying proof OldForParameters[OldForParameters::method(int)].JML operation contract.0 
121289     DEBUG main            d.u.i.k.p.i.IntermediateProofReplayer Proof replay took 4.8ns 
121494     INFO  main            d.u.i.k.p.r.p.TestFile    ... finished proof: closed. 
121735     INFO  main            d.u.i.k.p.i.AbstractProblemLoader Loading environment from /home/runner/work/key/key/key.core/../key.ui/examples/heap/simple/oldForParams.key.proof 
121735     DEBUG main            d.u.i.k.p.i.AbstractProblemLoader Environment load took 92.6ns 
121736     INFO  main            d.u.i.k.p.i.AbstractProblemLoader Creating init config 
124363     DEBUG main            d.u.i.k.p.i.AbstractProblemLoader Init config took 2.63s 
124402     INFO  main            d.u.i.k.p.i.AbstractProblemLoader Replaying proof OldForParameters[OldForParameters::method(int)].JML operation contract.0 
124445     DEBUG main            d.u.i.k.p.i.IntermediateProofReplayer Proof replay took 40.64ms 
124446     DEBUG main            d.u.i.k.p.r.p.TestFile    ... success: reloaded. 
124447     INFO  main            d.u.i.k.p.r.p.TestFile    Now processing file /home/runner/work/key/key/key.core/../key.ui/examples/heap/simple/parse_lmtd.key 
124447     INFO  main            d.u.i.k.p.i.AbstractProblemLoader Loading environment from /home/runner/work/key/key/key.core/../key.ui/examples/heap/simple/parse_lmtd.key 
124447     DEBUG main            d.u.i.k.p.i.AbstractProblemLoader Environment load took 82.6ns 
124448     INFO  main            d.u.i.k.p.i.AbstractProblemLoader Creating init config 
127113     DEBUG main            d.u.i.k.p.i.AbstractProblemLoader Init config took 2.67s 
127157     INFO  main            d.u.i.k.p.i.AbstractProblemLoader Replaying proof ParseLmtd[ParseLmtd::simple(int)].JML normal_behavior operation contract.0 
127158     DEBUG main            d.u.i.k.p.i.IntermediateProofReplayer Proof replay took 5ns 
127259     INFO  main            d.u.i.k.p.r.p.TestFile    ... finished proof: closed. 
127494     INFO  main            d.u.i.k.p.i.AbstractProblemLoader Loading environment from /home/runner/work/key/key/key.core/../key.ui/examples/heap/simple/parse_lmtd.key.proof 
127494     DEBUG main            d.u.i.k.p.i.AbstractProblemLoader Environment load took 94.5ns 
127495     INFO  main            d.u.i.k.p.i.AbstractProblemLoader Creating init config 
130104     DEBUG main            d.u.i.k.p.i.AbstractProblemLoader Init config took 2.61s 
130142     INFO  main            d.u.i.k.p.i.AbstractProblemLoader Replaying proof ParseLmtd[ParseLmtd::simple(int)].JML normal_behavior operation contract.0 
130163     DEBUG main            d.u.i.k.p.i.IntermediateProofReplayer Proof replay took 19.45ms 
130164     DEBUG main            d.u.i.k.p.r.p.TestFile    ... success: reloaded. 
130165     INFO  main            d.u.i.k.p.r.p.TestFile    Now processing file /home/runner/work/key/key/key.core/../key.ui/examples/heap/strictly_pure/strictlyPureMethod.key 
130165     INFO  main            d.u.i.k.p.i.AbstractProblemLoader Loading environment from /home/runner/work/key/key/key.core/../key.ui/examples/heap/strictly_pure/strictlyPureMethod.key 
130165     DEBUG main            d.u.i.k.p.i.AbstractProblemLoader Environment load took 66.1ns 
130166     INFO  main            d.u.i.k.p.i.AbstractProblemLoader Creating init config 
132696     DEBUG main            d.u.i.k.p.i.AbstractProblemLoader Init config took 2.53s 
132732     INFO  main            d.u.i.k.p.i.AbstractProblemLoader Replaying proof StrictlyPure[StrictlyPure::strictlyPureMethod()].JML operation contract.0 
132733     DEBUG main            d.u.i.k.p.i.IntermediateProofReplayer Proof replay took 6ns 
132939     INFO  main            d.u.i.k.p.r.p.TestFile    ... finished proof: closed. 
133169     INFO  main            d.u.i.k.p.i.AbstractProblemLoader Loading environment from /home/runner/work/key/key/key.core/../key.ui/examples/heap/strictly_pure/strictlyPureMethod.key.proof 
133169     DEBUG main            d.u.i.k.p.i.AbstractProblemLoader Environment load took 90.7ns 
133170     INFO  main            d.u.i.k.p.i.AbstractProblemLoader Creating init config 
135630     DEBUG main            d.u.i.k.p.i.AbstractProblemLoader Init config took 2.46s 
135673     INFO  main            d.u.i.k.p.i.AbstractProblemLoader Replaying proof StrictlyPure[StrictlyPure::strictlyPureMethod()].JML operation contract.0 
135707     DEBUG main            d.u.i.k.p.i.IntermediateProofReplayer Proof replay took 32.45ms 
135708     DEBUG main            d.u.i.k.p.r.p.TestFile    ... success: reloaded. 
135709     INFO  main            d.u.i.k.p.r.p.TestFile    Now processing file /home/runner/work/key/key/key.core/../key.ui/examples/heap/strictly_pure/useStrictlyPureMethod.key 
135709     INFO  main            d.u.i.k.p.i.AbstractProblemLoader Loading environment from /home/runner/work/key/key/key.core/../key.ui/examples/heap/strictly_pure/useStrictlyPureMethod.key 
135709     DEBUG main            d.u.i.k.p.i.AbstractProblemLoader Environment load took 82.5ns 
135710     INFO  main            d.u.i.k.p.i.AbstractProblemLoader Creating init config 
138224     DEBUG main            d.u.i.k.p.i.AbstractProblemLoader Init config took 2.51s 
138257     INFO  main            d.u.i.k.p.i.AbstractProblemLoader Replaying proof StrictlyPure[StrictlyPure::useStrictlyPureMethod(StrictlyPureClass)].JML operation contract.0 
138259     DEBUG main            d.u.i.k.p.i.IntermediateProofReplayer Proof replay took 5.7ns 
138462     INFO  main            d.u.i.k.p.r.p.TestFile    ... finished proof: closed. 
138706     INFO  main            d.u.i.k.p.i.AbstractProblemLoader Loading environment from /home/runner/work/key/key/key.core/../key.ui/examples/heap/strictly_pure/useStrictlyPureMethod.key.proof 
138706     DEBUG main            d.u.i.k.p.i.AbstractProblemLoader Environment load took 94.6ns 
138707     INFO  main            d.u.i.k.p.i.AbstractProblemLoader Creating init config 
141174     DEBUG main            d.u.i.k.p.i.AbstractProblemLoader Init config took 2.47s 
141208     INFO  main            d.u.i.k.p.i.AbstractProblemLoader Replaying proof StrictlyPure[StrictlyPure::useStrictlyPureMethod(StrictlyPureClass)].JML operation contract.0 
141257     DEBUG main            d.u.i.k.p.i.IntermediateProofReplayer Proof replay took 46.55ms 
141258     DEBUG main            d.u.i.k.p.r.p.TestFile    ... success: reloaded. 
141258     INFO  main            d.u.i.k.p.r.p.TestFile    Now processing file /home/runner/work/key/key/key.core/../key.ui/examples/heap/Wellfounded/ackermann.key 
141259     INFO  main            d.u.i.k.p.i.AbstractProblemLoader Loading environment from /home/runner/work/key/key/key.core/../key.ui/examples/heap/Wellfounded/ackermann.key 
141259     DEBUG main            d.u.i.k.p.i.AbstractProblemLoader Environment load took 70.5ns 
141259     INFO  main            d.u.i.k.p.i.AbstractProblemLoader Creating init config 
143803     DEBUG main            d.u.i.k.p.i.AbstractProblemLoader Init config took 2.54s 
143836     INFO  main            d.u.i.k.p.i.AbstractProblemLoader Replaying proof Ackermann[Ackermann::a(int,int)].JML normal_behavior operation contract.0 
143840     DEBUG main            d.u.i.k.p.i.IntermediateProofReplayer Proof replay took 5.2ns 
144046     INFO  main            d.u.i.k.p.r.p.TestFile    ... finished proof: closed. 
144324     INFO  main            d.u.i.k.p.i.AbstractProblemLoader Loading environment from /home/runner/work/key/key/key.core/../key.ui/examples/heap/Wellfounded/ackermann.key.proof 
144324     DEBUG main            d.u.i.k.p.i.AbstractProblemLoader Environment load took 98.5ns 
144326     INFO  main            d.u.i.k.p.i.AbstractProblemLoader Creating init config 
146810     DEBUG main            d.u.i.k.p.i.AbstractProblemLoader Init config took 2.48s 
146845     INFO  main            d.u.i.k.p.i.AbstractProblemLoader Replaying proof Ackermann[Ackermann::a(int,int)].JML normal_behavior operation contract.0 
146902     DEBUG main            d.u.i.k.p.i.IntermediateProofReplayer Proof replay took 54.21ms 
146903     DEBUG main            d.u.i.k.p.r.p.TestFile    ... success: reloaded. 
146904     INFO  main            d.u.i.k.p.r.p.TestFile    Now processing file /home/runner/work/key/key/key.core/../key.ui/examples/standard_key/unicode_test.key 
146904     INFO  main            d.u.i.k.p.i.AbstractProblemLoader Loading environment from /home/runner/work/key/key/key.core/../key.ui/examples/standard_key/unicode_test.key 
146904     DEBUG main            d.u.i.k.p.i.AbstractProblemLoader Environment load took 77.4ns 
146906     INFO  main            d.u.i.k.p.i.AbstractProblemLoader Creating init config 
149339     DEBUG main            d.u.i.k.p.i.AbstractProblemLoader Init config took 2.43s 
149352     INFO  main            d.u.i.k.p.i.AbstractProblemLoader Replaying proof unicode_test.key 
149353     DEBUG main            d.u.i.k.p.i.IntermediateProofReplayer Proof replay took 5.4ns 
149454     INFO  main            d.u.i.k.p.r.p.TestFile    ... finished proof: closed. 
149698     INFO  main            d.u.i.k.p.i.AbstractProblemLoader Loading environment from /home/runner/work/key/key/key.core/../key.ui/examples/standard_key/unicode_test.key.proof 
149698     DEBUG main            d.u.i.k.p.i.AbstractProblemLoader Environment load took 90.3ns 
149699     INFO  main            d.u.i.k.p.i.AbstractProblemLoader Creating init config 
152087     DEBUG main            d.u.i.k.p.i.AbstractProblemLoader Init config took 2.39s 
152099     INFO  main            d.u.i.k.p.i.AbstractProblemLoader Replaying proof unicode_test.key.proof 
152101     DEBUG main            d.u.i.k.p.i.IntermediateProofReplayer Proof replay took 325.8ns 
152101     DEBUG main            d.u.i.k.p.r.p.TestFile    ... success: reloaded. 
152102     INFO  main            d.u.i.k.p.r.p.TestFile    Now processing file /home/runner/work/key/key/key.core/../key.ui/examples/heap/strictlyModular/mayExpand.key 
152102     INFO  main            d.u.i.k.p.i.AbstractProblemLoader Loading environment from /home/runner/work/key/key/key.core/../key.ui/examples/heap/strictlyModular/mayExpand.key 
152102     DEBUG main            d.u.i.k.p.i.AbstractProblemLoader Environment load took 169.6ns 
152103     INFO  main            d.u.i.k.p.i.AbstractProblemLoader Creating init config 
154599     DEBUG main            d.u.i.k.p.i.AbstractProblemLoader Init config took 2.5s 
154633     INFO  main            d.u.i.k.p.i.AbstractProblemLoader Replaying proof Modular[Modular::m()].JML operation contract.0 
154634     DEBUG main            d.u.i.k.p.i.IntermediateProofReplayer Proof replay took 5.4ns 
154735     INFO  main            d.u.i.k.p.r.p.TestFile    ... finished proof: closed. 
154989     INFO  main            d.u.i.k.p.i.AbstractProblemLoader Loading environment from /home/runner/work/key/key/key.core/../key.ui/examples/heap/strictlyModular/mayExpand.key.proof 
154989     DEBUG main            d.u.i.k.p.i.AbstractProblemLoader Environment load took 85.3ns 
154990     INFO  main            d.u.i.k.p.i.AbstractProblemLoader Creating init config 
157439     DEBUG main            d.u.i.k.p.i.AbstractProblemLoader Init config took 2.45s 
157473     INFO  main            d.u.i.k.p.i.AbstractProblemLoader Replaying proof Modular[Modular::m()].JML operation contract.0 
157491     DEBUG main            d.u.i.k.p.i.IntermediateProofReplayer Proof replay took 16.93ms 
157492     DEBUG main            d.u.i.k.p.r.p.TestFile    ... success: reloaded. 
157493     INFO  main            d.u.i.k.p.r.p.TestFile    Now processing file /home/runner/work/key/key/key.core/../key.ui/examples/heap/strictlyModular/modularOnly.key 
157493     INFO  main            d.u.i.k.p.i.AbstractProblemLoader Loading environment from /home/runner/work/key/key/key.core/../key.ui/examples/heap/strictlyModular/modularOnly.key 
157493     DEBUG main            d.u.i.k.p.i.AbstractProblemLoader Environment load took 78ns 
157494     INFO  main            d.u.i.k.p.i.AbstractProblemLoader Creating init config 
159992     DEBUG main            d.u.i.k.p.i.AbstractProblemLoader Init config took 2.5s 
160025     INFO  main            d.u.i.k.p.i.AbstractProblemLoader Replaying proof Modular[Modular::m()].JML operation contract.0 
160026     DEBUG main            d.u.i.k.p.i.IntermediateProofReplayer Proof replay took 5.2ns 
160131     INFO  main            d.u.i.k.p.r.p.TestFile    ... finished proof: open goal(s) 
1807688    INFO  Test worker     d.u.i.k.p.r.RunAllProofsTestUnit Returning from test simpleTests 
1807692    INFO  Test worker     d.u.i.k.p.r.RunAllProofsTestUnit Running test SmansEtAl 
315        INFO  Timeout watchdog d.u.i.k.p.r.p.ForkedTestFileRunner Timeout watcher launched (2000 secs.) 
325        WARN  main            d.u.i.k.s.ProofSettings   The settings in /home/runner/.key/proof-settings.props are *not* read. 
351        INFO  main            d.u.i.k.p.r.p.TestFile    Now processing file /home/runner/work/key/key/key.core/../key.ui/examples/heap/SmansEtAl/ArrayList_add.key 
447        INFO  main            d.u.i.k.p.i.AbstractProblemLoader Loading environment from /home/runner/work/key/key/key.core/../key.ui/examples/heap/SmansEtAl/ArrayList_add.key 
476        DEBUG main            d.u.i.k.p.i.AbstractProblemLoader Environment load took 1.98ms 
685        INFO  main            d.u.i.k.p.i.AbstractProblemLoader Creating init config 
1518       DEBUG main            d.u.i.k.j.TypeConverter   No LDT found for Meta 
1521       DEBUG main            d.u.i.k.j.TypeConverter   No LDT found for Meta 
1523       DEBUG main            d.u.i.k.j.TypeConverter   No LDT found for Meta 
1525       DEBUG main            d.u.i.k.j.TypeConverter   No LDT found for Meta 
3058       DEBUG main            d.u.i.k.j.TypeConverter   No LDT found for JavaBigintExpression 
8213       DEBUG main            d.u.i.k.p.i.AbstractProblemLoader Init config took 7.53s 
8340       INFO  main            d.u.i.k.p.i.AbstractProblemLoader Replaying proof ArrayList[ArrayList::add(java.lang.Object)].JML normal_behavior operation contract.0 
8368       DEBUG main            d.u.i.k.p.i.IntermediateProofReplayer Proof replay took 31.5ns 
14962      INFO  main            d.u.i.k.p.r.p.TestFile    ... finished proof: closed. 
15143      INFO  main            d.u.i.k.p.i.AbstractProblemLoader Loading environment from /home/runner/work/key/key/key.core/../key.ui/examples/heap/SmansEtAl/ArrayList_add.key.proof 
15143      DEBUG main            d.u.i.k.p.i.AbstractProblemLoader Environment load took 399.3ns 
15147      INFO  main            d.u.i.k.p.i.AbstractProblemLoader Creating init config 
18051      DEBUG main            d.u.i.k.p.i.AbstractProblemLoader Init config took 2.9s 
18111      INFO  main            d.u.i.k.p.i.AbstractProblemLoader Replaying proof ArrayList[ArrayList::add(java.lang.Object)].JML normal_behavior operation contract.0 
19247      DEBUG main            d.u.i.k.p.i.IntermediateProofReplayer Proof replay took 1.1s 
19257      DEBUG main            d.u.i.k.p.r.p.TestFile    ... success: reloaded. 
19262      INFO  main            d.u.i.k.p.r.p.TestFile    Now processing file /home/runner/work/key/key/key.core/../key.ui/examples/heap/SmansEtAl/ArrayList_ArrayList.key 
19262      INFO  main            d.u.i.k.p.i.AbstractProblemLoader Loading environment from /home/runner/work/key/key/key.core/../key.ui/examples/heap/SmansEtAl/ArrayList_ArrayList.key 
19262      DEBUG main            d.u.i.k.p.i.AbstractProblemLoader Environment load took 217.1ns 
19266      INFO  main            d.u.i.k.p.i.AbstractProblemLoader Creating init config 
22118      DEBUG main            d.u.i.k.p.i.AbstractProblemLoader Init config took 2.85s 
22174      INFO  main            d.u.i.k.p.i.AbstractProblemLoader Replaying proof ArrayList[ArrayList::ArrayList()].JML normal_behavior operation contract.0 
22176      DEBUG main            d.u.i.k.p.i.IntermediateProofReplayer Proof replay took 10.7ns 
23081      INFO  main            d.u.i.k.p.r.p.TestFile    ... finished proof: closed. 
23246      INFO  main            d.u.i.k.p.i.AbstractProblemLoader Loading environment from /home/runner/work/key/key/key.core/../key.ui/examples/heap/SmansEtAl/ArrayList_ArrayList.key.proof 
23246      DEBUG main            d.u.i.k.p.i.AbstractProblemLoader Environment load took 119.1ns 
23248      INFO  main            d.u.i.k.p.i.AbstractProblemLoader Creating init config 
26001      DEBUG main            d.u.i.k.p.i.AbstractProblemLoader Init config took 2.75s 
26048      INFO  main            d.u.i.k.p.i.AbstractProblemLoader Replaying proof ArrayList[ArrayList::ArrayList()].JML normal_behavior operation contract.0 
26204      DEBUG main            d.u.i.k.p.i.IntermediateProofReplayer Proof replay took 146.84ms 
26205      DEBUG main            d.u.i.k.p.r.p.TestFile    ... success: reloaded. 
26207      INFO  main            d.u.i.k.p.r.p.TestFile    Now processing file /home/runner/work/key/key/key.core/../key.ui/examples/heap/SmansEtAl/ArrayList_footprint.key 
26207      INFO  main            d.u.i.k.p.i.AbstractProblemLoader Loading environment from /home/runner/work/key/key/key.core/../key.ui/examples/heap/SmansEtAl/ArrayList_footprint.key 
26208      DEBUG main            d.u.i.k.p.i.AbstractProblemLoader Environment load took 214.2ns 
26209      INFO  main            d.u.i.k.p.i.AbstractProblemLoader Creating init config 
28925      DEBUG main            d.u.i.k.p.i.AbstractProblemLoader Init config took 2.72s 
28972      INFO  main            d.u.i.k.p.i.AbstractProblemLoader Replaying proof ArrayList[ArrayList::$footprint()].JML accessible clause.0 
28975      DEBUG main            d.u.i.k.p.i.IntermediateProofReplayer Proof replay took 5.3ns 
29077      INFO  main            d.u.i.k.p.r.p.TestFile    ... finished proof: closed. 
29211      INFO  main            d.u.i.k.p.i.AbstractProblemLoader Loading environment from /home/runner/work/key/key/key.core/../key.ui/examples/heap/SmansEtAl/ArrayList_footprint.key.proof 
29211      DEBUG main            d.u.i.k.p.i.AbstractProblemLoader Environment load took 108.5ns 
29216      INFO  main            d.u.i.k.p.i.AbstractProblemLoader Creating init config 
31917      DEBUG main            d.u.i.k.p.i.AbstractProblemLoader Init config took 2.7s 
31960      INFO  main            d.u.i.k.p.i.AbstractProblemLoader Replaying proof ArrayList[ArrayList::$footprint()].JML accessible clause.0 
31971      DEBUG main            d.u.i.k.p.i.IntermediateProofReplayer Proof replay took 8.88ms 
31972      DEBUG main            d.u.i.k.p.r.p.TestFile    ... success: reloaded. 
31974      INFO  main            d.u.i.k.p.r.p.TestFile    Now processing file /home/runner/work/key/key/key.core/../key.ui/examples/heap/SmansEtAl/ArrayList_get_dep.key 
31974      INFO  main            d.u.i.k.p.i.AbstractProblemLoader Loading environment from /home/runner/work/key/key/key.core/../key.ui/examples/heap/SmansEtAl/ArrayList_get_dep.key 
31974      DEBUG main            d.u.i.k.p.i.AbstractProblemLoader Environment load took 244.8ns 
31975      INFO  main            d.u.i.k.p.i.AbstractProblemLoader Creating init config 
34685      DEBUG main            d.u.i.k.p.i.AbstractProblemLoader Init config took 2.71s 
34728      INFO  main            d.u.i.k.p.i.AbstractProblemLoader Replaying proof ArrayList[ArrayList::get(int)].JML accessible clause.0 
34729      DEBUG main            d.u.i.k.p.i.IntermediateProofReplayer Proof replay took 4.9ns 
35032      INFO  main            d.u.i.k.p.r.p.TestFile    ... finished proof: closed. 
35165      INFO  main            d.u.i.k.p.i.AbstractProblemLoader Loading environment from /home/runner/work/key/key/key.core/../key.ui/examples/heap/SmansEtAl/ArrayList_get_dep.key.proof 
35165      DEBUG main            d.u.i.k.p.i.AbstractProblemLoader Environment load took 107.2ns 
35166      INFO  main            d.u.i.k.p.i.AbstractProblemLoader Creating init config 
37810      DEBUG main            d.u.i.k.p.i.AbstractProblemLoader Init config took 2.64s 
37851      INFO  main            d.u.i.k.p.i.AbstractProblemLoader Replaying proof ArrayList[ArrayList::get(int)].JML accessible clause.0 
37909      DEBUG main            d.u.i.k.p.i.IntermediateProofReplayer Proof replay took 54.75ms 
37910      DEBUG main            d.u.i.k.p.r.p.TestFile    ... success: reloaded. 
37912      INFO  main            d.u.i.k.p.r.p.TestFile    Now processing file /home/runner/work/key/key/key.core/../key.ui/examples/heap/SmansEtAl/ArrayList_get.key 
37912      INFO  main            d.u.i.k.p.i.AbstractProblemLoader Loading environment from /home/runner/work/key/key/key.core/../key.ui/examples/heap/SmansEtAl/ArrayList_get.key 
37912      DEBUG main            d.u.i.k.p.i.AbstractProblemLoader Environment load took 183.7ns 
37913      INFO  main            d.u.i.k.p.i.AbstractProblemLoader Creating init config 
40565      DEBUG main            d.u.i.k.p.i.AbstractProblemLoader Init config took 2.65s 
40620      INFO  main            d.u.i.k.p.i.AbstractProblemLoader Replaying proof ArrayList[ArrayList::get(int)].JML normal_behavior operation contract.0 
40621      DEBUG main            d.u.i.k.p.i.IntermediateProofReplayer Proof replay took 5.1ns 
40823      INFO  main            d.u.i.k.p.r.p.TestFile    ... finished proof: closed. 
40978      INFO  main            d.u.i.k.p.i.AbstractProblemLoader Loading environment from /home/runner/work/key/key/key.core/../key.ui/examples/heap/SmansEtAl/ArrayList_get.key.proof 
40979      DEBUG main            d.u.i.k.p.i.AbstractProblemLoader Environment load took 111.3ns 
40980      INFO  main            d.u.i.k.p.i.AbstractProblemLoader Creating init config 
43647      DEBUG main            d.u.i.k.p.i.AbstractProblemLoader Init config took 2.67s 
43689      INFO  main            d.u.i.k.p.i.AbstractProblemLoader Replaying proof ArrayList[ArrayList::get(int)].JML normal_behavior operation contract.0 
43720      DEBUG main            d.u.i.k.p.i.IntermediateProofReplayer Proof replay took 27.85ms 
43721      DEBUG main            d.u.i.k.p.r.p.TestFile    ... success: reloaded. 
43722      INFO  main            d.u.i.k.p.r.p.TestFile    Now processing file /home/runner/work/key/key/key.core/../key.ui/examples/heap/SmansEtAl/ArrayList_inv.key 
43722      INFO  main            d.u.i.k.p.i.AbstractProblemLoader Loading environment from /home/runner/work/key/key/key.core/../key.ui/examples/heap/SmansEtAl/ArrayList_inv.key 
43722      DEBUG main            d.u.i.k.p.i.AbstractProblemLoader Environment load took 133.5ns 
43723      INFO  main            d.u.i.k.p.i.AbstractProblemLoader Creating init config 
46496      DEBUG main            d.u.i.k.p.i.AbstractProblemLoader Init config took 2.77s 
46537      INFO  main            d.u.i.k.p.i.AbstractProblemLoader Replaying proof ArrayList[java.lang.Object::<inv>()].JML accessible clause.0 
46538      DEBUG main            d.u.i.k.p.i.IntermediateProofReplayer Proof replay took 5.5ns 
46640      INFO  main            d.u.i.k.p.r.p.TestFile    ... finished proof: closed. 
46799      INFO  main            d.u.i.k.p.i.AbstractProblemLoader Loading environment from /home/runner/work/key/key/key.core/../key.ui/examples/heap/SmansEtAl/ArrayList_inv.key.proof 
46800      DEBUG main            d.u.i.k.p.i.AbstractProblemLoader Environment load took 103.2ns 
46800      INFO  main            d.u.i.k.p.i.AbstractProblemLoader Creating init config 
49486      DEBUG main            d.u.i.k.p.i.AbstractProblemLoader Init config took 2.69s 
49527      INFO  main            d.u.i.k.p.i.AbstractProblemLoader Replaying proof ArrayList[java.lang.Object::<inv>()].JML accessible clause.0 
49538      DEBUG main            d.u.i.k.p.i.IntermediateProofReplayer Proof replay took 9.23ms 
49539      DEBUG main            d.u.i.k.p.r.p.TestFile    ... success: reloaded. 
49540      INFO  main            d.u.i.k.p.r.p.TestFile    Now processing file /home/runner/work/key/key/key.core/../key.ui/examples/heap/SmansEtAl/ArrayList_size_dep.key 
49540      INFO  main            d.u.i.k.p.i.AbstractProblemLoader Loading environment from /home/runner/work/key/key/key.core/../key.ui/examples/heap/SmansEtAl/ArrayList_size_dep.key 
49541      DEBUG main            d.u.i.k.p.i.AbstractProblemLoader Environment load took 183.3ns 
49542      INFO  main            d.u.i.k.p.i.AbstractProblemLoader Creating init config 
52161      DEBUG main            d.u.i.k.p.i.AbstractProblemLoader Init config took 2.62s 
52200      INFO  main            d.u.i.k.p.i.AbstractProblemLoader Replaying proof ArrayList[ArrayList::size()].JML accessible clause.0 
52202      DEBUG main            d.u.i.k.p.i.IntermediateProofReplayer Proof replay took 5.6ns 
52307      INFO  main            d.u.i.k.p.r.p.TestFile    ... finished proof: closed. 
52464      INFO  main            d.u.i.k.p.i.AbstractProblemLoader Loading environment from /home/runner/work/key/key/key.core/../key.ui/examples/heap/SmansEtAl/ArrayList_size_dep.key.proof 
52464      DEBUG main            d.u.i.k.p.i.AbstractProblemLoader Environment load took 107.3ns 
52465      INFO  main            d.u.i.k.p.i.AbstractProblemLoader Creating init config 
55086      DEBUG main            d.u.i.k.p.i.AbstractProblemLoader Init config took 2.62s 
55135      INFO  main            d.u.i.k.p.i.AbstractProblemLoader Replaying proof ArrayList[ArrayList::size()].JML accessible clause.0 
55151      DEBUG main            d.u.i.k.p.i.IntermediateProofReplayer Proof replay took 14.38ms 
55152      DEBUG main            d.u.i.k.p.r.p.TestFile    ... success: reloaded. 
55153      INFO  main            d.u.i.k.p.r.p.TestFile    Now processing file /home/runner/work/key/key/key.core/../key.ui/examples/heap/SmansEtAl/ArrayList_size.key 
55153      INFO  main            d.u.i.k.p.i.AbstractProblemLoader Loading environment from /home/runner/work/key/key/key.core/../key.ui/examples/heap/SmansEtAl/ArrayList_size.key 
55153      DEBUG main            d.u.i.k.p.i.AbstractProblemLoader Environment load took 82.6ns 
55154      INFO  main            d.u.i.k.p.i.AbstractProblemLoader Creating init config 
57755      DEBUG main            d.u.i.k.p.i.AbstractProblemLoader Init config took 2.6s 
57792      INFO  main            d.u.i.k.p.i.AbstractProblemLoader Replaying proof ArrayList[ArrayList::size()].JML normal_behavior operation contract.0 
57793      DEBUG main            d.u.i.k.p.i.IntermediateProofReplayer Proof replay took 5.4ns 
57903      INFO  main            d.u.i.k.p.r.p.TestFile    ... finished proof: closed. 
58075      INFO  main            d.u.i.k.p.i.AbstractProblemLoader Loading environment from /home/runner/work/key/key/key.core/../key.ui/examples/heap/SmansEtAl/ArrayList_size.key.proof 
58075      DEBUG main            d.u.i.k.p.i.AbstractProblemLoader Environment load took 110.9ns 
58076      INFO  main            d.u.i.k.p.i.AbstractProblemLoader Creating init config 
60667      DEBUG main            d.u.i.k.p.i.AbstractProblemLoader Init config took 2.59s 
60704      INFO  main            d.u.i.k.p.i.AbstractProblemLoader Replaying proof ArrayList[ArrayList::size()].JML normal_behavior operation contract.0 
60719      DEBUG main            d.u.i.k.p.i.IntermediateProofReplayer Proof replay took 13.15ms 
60720      DEBUG main            d.u.i.k.p.r.p.TestFile    ... success: reloaded. 
60721      INFO  main            d.u.i.k.p.r.p.TestFile    Now processing file /home/runner/work/key/key/key.core/../key.ui/examples/heap/SmansEtAl/Cell_Cell.key 
60721      INFO  main            d.u.i.k.p.i.AbstractProblemLoader Loading environment from /home/runner/work/key/key/key.core/../key.ui/examples/heap/SmansEtAl/Cell_Cell.key 
60721      DEBUG main            d.u.i.k.p.i.AbstractProblemLoader Environment load took 70.8ns 
60722      INFO  main            d.u.i.k.p.i.AbstractProblemLoader Creating init config 
63384      DEBUG main            d.u.i.k.p.i.AbstractProblemLoader Init config took 2.66s 
63421      INFO  main            d.u.i.k.p.i.AbstractProblemLoader Replaying proof Cell[Cell::Cell()].JML normal_behavior operation contract.0 
63423      DEBUG main            d.u.i.k.p.i.IntermediateProofReplayer Proof replay took 6.2ns 
63625      INFO  main            d.u.i.k.p.r.p.TestFile    ... finished proof: closed. 
63793      INFO  main            d.u.i.k.p.i.AbstractProblemLoader Loading environment from /home/runner/work/key/key/key.core/../key.ui/examples/heap/SmansEtAl/Cell_Cell.key.proof 
63793      DEBUG main            d.u.i.k.p.i.AbstractProblemLoader Environment load took 106.1ns 
63795      INFO  main            d.u.i.k.p.i.AbstractProblemLoader Creating init config 
66394      DEBUG main            d.u.i.k.p.i.AbstractProblemLoader Init config took 2.6s 
66428      INFO  main            d.u.i.k.p.i.AbstractProblemLoader Replaying proof Cell[Cell::Cell()].JML normal_behavior operation contract.0 
66466      DEBUG main            d.u.i.k.p.i.IntermediateProofReplayer Proof replay took 35.37ms 
66467      DEBUG main            d.u.i.k.p.r.p.TestFile    ... success: reloaded. 
66468      INFO  main            d.u.i.k.p.r.p.TestFile    Now processing file /home/runner/work/key/key/key.core/../key.ui/examples/heap/SmansEtAl/Cell_footprint.key 
66468      INFO  main            d.u.i.k.p.i.AbstractProblemLoader Loading environment from /home/runner/work/key/key/key.core/../key.ui/examples/heap/SmansEtAl/Cell_footprint.key 
66469      DEBUG main            d.u.i.k.p.i.AbstractProblemLoader Environment load took 78.8ns 
66469      INFO  main            d.u.i.k.p.i.AbstractProblemLoader Creating init config 
69071      DEBUG main            d.u.i.k.p.i.AbstractProblemLoader Init config took 2.6s 
69105      INFO  main            d.u.i.k.p.i.AbstractProblemLoader Replaying proof Cell[Cell::$footprint()].JML accessible clause.0 
69106      DEBUG main            d.u.i.k.p.i.IntermediateProofReplayer Proof replay took 5ns 
69211      INFO  main            d.u.i.k.p.r.p.TestFile    ... finished proof: closed. 
69383      INFO  main            d.u.i.k.p.i.AbstractProblemLoader Loading environment from /home/runner/work/key/key/key.core/../key.ui/examples/heap/SmansEtAl/Cell_footprint.key.proof 
69383      DEBUG main            d.u.i.k.p.i.AbstractProblemLoader Environment load took 100.1ns 
69384      INFO  main            d.u.i.k.p.i.AbstractProblemLoader Creating init config 
71999      DEBUG main            d.u.i.k.p.i.AbstractProblemLoader Init config took 2.61s 
72033      INFO  main            d.u.i.k.p.i.AbstractProblemLoader Replaying proof Cell[Cell::$footprint()].JML accessible clause.0 
72038      DEBUG main            d.u.i.k.p.i.IntermediateProofReplayer Proof replay took 3.56ms 
72039      DEBUG main            d.u.i.k.p.r.p.TestFile    ... success: reloaded. 
72040      INFO  main            d.u.i.k.p.r.p.TestFile    Now processing file /home/runner/work/key/key/key.core/../key.ui/examples/heap/SmansEtAl/Cell_getX_dep.key 
72040      INFO  main            d.u.i.k.p.i.AbstractProblemLoader Loading environment from /home/runner/work/key/key/key.core/../key.ui/examples/heap/SmansEtAl/Cell_getX_dep.key 
72040      DEBUG main            d.u.i.k.p.i.AbstractProblemLoader Environment load took 87.4ns 
72041      INFO  main            d.u.i.k.p.i.AbstractProblemLoader Creating init config 
74684      DEBUG main            d.u.i.k.p.i.AbstractProblemLoader Init config took 2.64s 
74718      INFO  main            d.u.i.k.p.i.AbstractProblemLoader Replaying proof Cell[Cell::getX()].JML accessible clause.0 
74720      DEBUG main            d.u.i.k.p.i.IntermediateProofReplayer Proof replay took 5.6ns 
74821      INFO  main            d.u.i.k.p.r.p.TestFile    ... finished proof: closed. 
75019      INFO  main            d.u.i.k.p.i.AbstractProblemLoader Loading environment from /home/runner/work/key/key/key.core/../key.ui/examples/heap/SmansEtAl/Cell_getX_dep.key.proof 
75019      DEBUG main            d.u.i.k.p.i.AbstractProblemLoader Environment load took 111.4ns 
75020      INFO  main            d.u.i.k.p.i.AbstractProblemLoader Creating init config 
77583      DEBUG main            d.u.i.k.p.i.AbstractProblemLoader Init config took 2.56s 
77620      INFO  main            d.u.i.k.p.i.AbstractProblemLoader Replaying proof Cell[Cell::getX()].JML accessible clause.0 
77633      DEBUG main            d.u.i.k.p.i.IntermediateProofReplayer Proof replay took 11.06ms 
77634      DEBUG main            d.u.i.k.p.r.p.TestFile    ... success: reloaded. 
77635      INFO  main            d.u.i.k.p.r.p.TestFile    Now processing file /home/runner/work/key/key/key.core/../key.ui/examples/heap/SmansEtAl/Cell_getX.key 
77635      INFO  main            d.u.i.k.p.i.AbstractProblemLoader Loading environment from /home/runner/work/key/key/key.core/../key.ui/examples/heap/SmansEtAl/Cell_getX.key 
77636      DEBUG main            d.u.i.k.p.i.AbstractProblemLoader Environment load took 185.6ns 
77636      INFO  main            d.u.i.k.p.i.AbstractProblemLoader Creating init config 
80257      DEBUG main            d.u.i.k.p.i.AbstractProblemLoader Init config took 2.62s 
80309      INFO  main            d.u.i.k.p.i.AbstractProblemLoader Replaying proof Cell[Cell::getX()].JML normal_behavior operation contract.0 
80310      DEBUG main            d.u.i.k.p.i.IntermediateProofReplayer Proof replay took 5.7ns 
80415      INFO  main            d.u.i.k.p.r.p.TestFile    ... finished proof: closed. 
80599      INFO  main            d.u.i.k.p.i.AbstractProblemLoader Loading environment from /home/runner/work/key/key/key.core/../key.ui/examples/heap/SmansEtAl/Cell_getX.key.proof 
80599      DEBUG main            d.u.i.k.p.i.AbstractProblemLoader Environment load took 105.7ns 
80600      INFO  main            d.u.i.k.p.i.AbstractProblemLoader Creating init config 
83187      DEBUG main            d.u.i.k.p.i.AbstractProblemLoader Init config took 2.59s 
83227      INFO  main            d.u.i.k.p.i.AbstractProblemLoader Replaying proof Cell[Cell::getX()].JML normal_behavior operation contract.0 
83242      DEBUG main            d.u.i.k.p.i.IntermediateProofReplayer Proof replay took 11.82ms 
83243      DEBUG main            d.u.i.k.p.r.p.TestFile    ... success: reloaded. 
83244      INFO  main            d.u.i.k.p.r.p.TestFile    Now processing file /home/runner/work/key/key/key.core/../key.ui/examples/heap/SmansEtAl/Cell_inv.key 
83245      INFO  main            d.u.i.k.p.i.AbstractProblemLoader Loading environment from /home/runner/work/key/key/key.core/../key.ui/examples/heap/SmansEtAl/Cell_inv.key 
83245      DEBUG main            d.u.i.k.p.i.AbstractProblemLoader Environment load took 85.5ns 
83245      INFO  main            d.u.i.k.p.i.AbstractProblemLoader Creating init config 
85835      DEBUG main            d.u.i.k.p.i.AbstractProblemLoader Init config took 2.59s 
85867      INFO  main            d.u.i.k.p.i.AbstractProblemLoader Replaying proof Cell[java.lang.Object::<inv>()].JML accessible clause.0 
85869      DEBUG main            d.u.i.k.p.i.IntermediateProofReplayer Proof replay took 5.6ns 
85970      INFO  main            d.u.i.k.p.r.p.TestFile    ... finished proof: closed. 
86165      INFO  main            d.u.i.k.p.i.AbstractProblemLoader Loading environment from /home/runner/work/key/key/key.core/../key.ui/examples/heap/SmansEtAl/Cell_inv.key.proof 
86165      DEBUG main            d.u.i.k.p.i.AbstractProblemLoader Environment load took 100ns 
86166      INFO  main            d.u.i.k.p.i.AbstractProblemLoader Creating init config 
88721      DEBUG main            d.u.i.k.p.i.AbstractProblemLoader Init config took 2.56s 
88754      INFO  main            d.u.i.k.p.i.AbstractProblemLoader Replaying proof Cell[java.lang.Object::<inv>()].JML accessible clause.0 
88756      DEBUG main            d.u.i.k.p.i.IntermediateProofReplayer Proof replay took 1.39ms 
88757      DEBUG main            d.u.i.k.p.r.p.TestFile    ... success: reloaded. 
88758      INFO  main            d.u.i.k.p.r.p.TestFile    Now processing file /home/runner/work/key/key/key.core/../key.ui/examples/heap/SmansEtAl/Cell_setX.key 
88758      INFO  main            d.u.i.k.p.i.AbstractProblemLoader Loading environment from /home/runner/work/key/key/key.core/../key.ui/examples/heap/SmansEtAl/Cell_setX.key 
88758      DEBUG main            d.u.i.k.p.i.AbstractProblemLoader Environment load took 78.3ns 
88759      INFO  main            d.u.i.k.p.i.AbstractProblemLoader Creating init config 
91383      DEBUG main            d.u.i.k.p.i.AbstractProblemLoader Init config took 2.62s 
91416      INFO  main            d.u.i.k.p.i.AbstractProblemLoader Replaying proof Cell[Cell::setX(int)].JML normal_behavior operation contract.0 
91417      DEBUG main            d.u.i.k.p.i.IntermediateProofReplayer Proof replay took 4.9ns 
91518      INFO  main            d.u.i.k.p.r.p.TestFile    ... finished proof: closed. 
91701      INFO  main            d.u.i.k.p.i.AbstractProblemLoader Loading environment from /home/runner/work/key/key/key.core/../key.ui/examples/heap/SmansEtAl/Cell_setX.key.proof 
91701      DEBUG main            d.u.i.k.p.i.AbstractProblemLoader Environment load took 100.2ns 
91702      INFO  main            d.u.i.k.p.i.AbstractProblemLoader Creating init config 
94264      DEBUG main            d.u.i.k.p.i.AbstractProblemLoader Init config took 2.56s 
94297      INFO  main            d.u.i.k.p.i.AbstractProblemLoader Replaying proof Cell[Cell::setX(int)].JML normal_behavior operation contract.0 
94319      DEBUG main            d.u.i.k.p.i.IntermediateProofReplayer Proof replay took 19.56ms 
94320      DEBUG main            d.u.i.k.p.r.p.TestFile    ... success: reloaded. 
94321      INFO  main            d.u.i.k.p.r.p.TestFile    Now processing file /home/runner/work/key/key/key.core/../key.ui/examples/heap/SmansEtAl/CellClient_m.key 
94321      INFO  main            d.u.i.k.p.i.AbstractProblemLoader Loading environment from /home/runner/work/key/key/key.core/../key.ui/examples/heap/SmansEtAl/CellClient_m.key 
94321      DEBUG main            d.u.i.k.p.i.AbstractProblemLoader Environment load took 187.8ns 
94322      INFO  main            d.u.i.k.p.i.AbstractProblemLoader Creating init config 
96940      DEBUG main            d.u.i.k.p.i.AbstractProblemLoader Init config took 2.62s 
96973      INFO  main            d.u.i.k.p.i.AbstractProblemLoader Replaying proof CellClient[CellClient::m()].JML operation contract.0 
96975      DEBUG main            d.u.i.k.p.i.IntermediateProofReplayer Proof replay took 5.4ns 
97478      INFO  main            d.u.i.k.p.r.p.TestFile    ... finished proof: closed. 
97689      INFO  main            d.u.i.k.p.i.AbstractProblemLoader Loading environment from /home/runner/work/key/key/key.core/../key.ui/examples/heap/SmansEtAl/CellClient_m.key.proof 
97690      DEBUG main            d.u.i.k.p.i.AbstractProblemLoader Environment load took 372.3ns 
97692      INFO  main            d.u.i.k.p.i.AbstractProblemLoader Creating init config 
100243     DEBUG main            d.u.i.k.p.i.AbstractProblemLoader Init config took 2.55s 
100275     INFO  main            d.u.i.k.p.i.AbstractProblemLoader Replaying proof CellClient[CellClient::m()].JML operation contract.0 
100367     DEBUG main            d.u.i.k.p.i.IntermediateProofReplayer Proof replay took 88.13ms 
100368     DEBUG main            d.u.i.k.p.r.p.TestFile    ... success: reloaded. 
100369     INFO  main            d.u.i.k.p.r.p.TestFile    Now processing file /home/runner/work/key/key/key.core/../key.ui/examples/heap/SmansEtAl/Iterator_footprint.key 
100369     INFO  main            d.u.i.k.p.i.AbstractProblemLoader Loading environment from /home/runner/work/key/key/key.core/../key.ui/examples/heap/SmansEtAl/Iterator_footprint.key 
100369     DEBUG main            d.u.i.k.p.i.AbstractProblemLoader Environment load took 234ns 
100370     INFO  main            d.u.i.k.p.i.AbstractProblemLoader Creating init config 
103011     DEBUG main            d.u.i.k.p.i.AbstractProblemLoader Init config took 2.64s 
103050     INFO  main            d.u.i.k.p.i.AbstractProblemLoader Replaying proof Iterator[Iterator::$footprint()].JML accessible clause.0 
103051     DEBUG main            d.u.i.k.p.i.IntermediateProofReplayer Proof replay took 5.3ns 
103153     INFO  main            d.u.i.k.p.r.p.TestFile    ... finished proof: closed. 
103356     INFO  main            d.u.i.k.p.i.AbstractProblemLoader Loading environment from /home/runner/work/key/key/key.core/../key.ui/examples/heap/SmansEtAl/Iterator_footprint.key.proof 
103356     DEBUG main            d.u.i.k.p.i.AbstractProblemLoader Environment load took 101.7ns 
103357     INFO  main            d.u.i.k.p.i.AbstractProblemLoader Creating init config 
105899     DEBUG main            d.u.i.k.p.i.AbstractProblemLoader Init config took 2.54s 
105936     INFO  main            d.u.i.k.p.i.AbstractProblemLoader Replaying proof Iterator[Iterator::$footprint()].JML accessible clause.0 
105943     DEBUG main            d.u.i.k.p.i.IntermediateProofReplayer Proof replay took 5.77ms 
105944     DEBUG main            d.u.i.k.p.r.p.TestFile    ... success: reloaded. 
105945     INFO  main            d.u.i.k.p.r.p.TestFile    Now processing file /home/runner/work/key/key/key.core/../key.ui/examples/heap/SmansEtAl/Iterator_hasNext_dep.key 
105945     INFO  main            d.u.i.k.p.i.AbstractProblemLoader Loading environment from /home/runner/work/key/key/key.core/../key.ui/examples/heap/SmansEtAl/Iterator_hasNext_dep.key 
105945     DEBUG main            d.u.i.k.p.i.AbstractProblemLoader Environment load took 87.2ns 
105946     INFO  main            d.u.i.k.p.i.AbstractProblemLoader Creating init config 
108555     DEBUG main            d.u.i.k.p.i.AbstractProblemLoader Init config took 2.61s 
108589     INFO  main            d.u.i.k.p.i.AbstractProblemLoader Replaying proof Iterator[Iterator::hasNext()].JML accessible clause.0 
108591     DEBUG main            d.u.i.k.p.i.IntermediateProofReplayer Proof replay took 5.3ns 
109095     INFO  main            d.u.i.k.p.r.p.TestFile    ... finished proof: closed. 
109330     INFO  main            d.u.i.k.p.i.AbstractProblemLoader Loading environment from /home/runner/work/key/key/key.core/../key.ui/examples/heap/SmansEtAl/Iterator_hasNext_dep.key.proof 
109331     DEBUG main            d.u.i.k.p.i.AbstractProblemLoader Environment load took 1.29ms 
109334     INFO  main            d.u.i.k.p.i.AbstractProblemLoader Creating init config 
111864     DEBUG main            d.u.i.k.p.i.AbstractProblemLoader Init config took 2.53s 
111899     INFO  main            d.u.i.k.p.i.AbstractProblemLoader Replaying proof Iterator[Iterator::hasNext()].JML accessible clause.0 
111982     DEBUG main            d.u.i.k.p.i.IntermediateProofReplayer Proof replay took 76.96ms 
111983     DEBUG main            d.u.i.k.p.r.p.TestFile    ... success: reloaded. 
111984     INFO  main            d.u.i.k.p.r.p.TestFile    Now processing file /home/runner/work/key/key/key.core/../key.ui/examples/heap/SmansEtAl/Iterator_hasNext.key 
111984     INFO  main            d.u.i.k.p.i.AbstractProblemLoader Loading environment from /home/runner/work/key/key/key.core/../key.ui/examples/heap/SmansEtAl/Iterator_hasNext.key 
111984     DEBUG main            d.u.i.k.p.i.AbstractProblemLoader Environment load took 186.1ns 
111985     INFO  main            d.u.i.k.p.i.AbstractProblemLoader Creating init config 
114601     DEBUG main            d.u.i.k.p.i.AbstractProblemLoader Init config took 2.62s 
114642     INFO  main            d.u.i.k.p.i.AbstractProblemLoader Replaying proof Iterator[Iterator::hasNext()].JML normal_behavior operation contract.0 
114643     DEBUG main            d.u.i.k.p.i.IntermediateProofReplayer Proof replay took 5.3ns 
115149     INFO  main            d.u.i.k.p.r.p.TestFile    ... finished proof: closed. 
115379     INFO  main            d.u.i.k.p.i.AbstractProblemLoader Loading environment from /home/runner/work/key/key/key.core/../key.ui/examples/heap/SmansEtAl/Iterator_hasNext.key.proof 
115379     DEBUG main            d.u.i.k.p.i.AbstractProblemLoader Environment load took 477.1ns 
115380     INFO  main            d.u.i.k.p.i.AbstractProblemLoader Creating init config 
117916     DEBUG main            d.u.i.k.p.i.AbstractProblemLoader Init config took 2.54s 
117951     INFO  main            d.u.i.k.p.i.AbstractProblemLoader Replaying proof Iterator[Iterator::hasNext()].JML normal_behavior operation contract.0 
118026     DEBUG main            d.u.i.k.p.i.IntermediateProofReplayer Proof replay took 69.32ms 
118027     DEBUG main            d.u.i.k.p.r.p.TestFile    ... success: reloaded. 
118027     INFO  main            d.u.i.k.p.r.p.TestFile    Now processing file /home/runner/work/key/key/key.core/../key.ui/examples/heap/SmansEtAl/Iterator_inv.key 
118028     INFO  main            d.u.i.k.p.i.AbstractProblemLoader Loading environment from /home/runner/work/key/key/key.core/../key.ui/examples/heap/SmansEtAl/Iterator_inv.key 
118028     DEBUG main            d.u.i.k.p.i.AbstractProblemLoader Environment load took 78.1ns 
118028     INFO  main            d.u.i.k.p.i.AbstractProblemLoader Creating init config 
120660     DEBUG main            d.u.i.k.p.i.AbstractProblemLoader Init config took 2.63s 
120695     INFO  main            d.u.i.k.p.i.AbstractProblemLoader Replaying proof Iterator[java.lang.Object::<inv>()].JML accessible clause.0 
120696     DEBUG main            d.u.i.k.p.i.IntermediateProofReplayer Proof replay took 5.8ns 
120899     INFO  main            d.u.i.k.p.r.p.TestFile    ... finished proof: closed. 
121136     INFO  main            d.u.i.k.p.i.AbstractProblemLoader Loading environment from /home/runner/work/key/key/key.core/../key.ui/examples/heap/SmansEtAl/Iterator_inv.key.proof 
121136     DEBUG main            d.u.i.k.p.i.AbstractProblemLoader Environment load took 100.9ns 
121137     INFO  main            d.u.i.k.p.i.AbstractProblemLoader Creating init config 
123670     DEBUG main            d.u.i.k.p.i.AbstractProblemLoader Init config took 2.53s 
123704     INFO  main            d.u.i.k.p.i.AbstractProblemLoader Replaying proof Iterator[java.lang.Object::<inv>()].JML accessible clause.0 
123732     DEBUG main            d.u.i.k.p.i.IntermediateProofReplayer Proof replay took 23.88ms 
123737     DEBUG main            d.u.i.k.p.r.p.TestFile    ... success: reloaded. 
123738     INFO  main            d.u.i.k.p.r.p.TestFile    Now processing file /home/runner/work/key/key/key.core/../key.ui/examples/heap/SmansEtAl/Iterator_Iterator.key 
123738     INFO  main            d.u.i.k.p.i.AbstractProblemLoader Loading environment from /home/runner/work/key/key/key.core/../key.ui/examples/heap/SmansEtAl/Iterator_Iterator.key 
123738     DEBUG main            d.u.i.k.p.i.AbstractProblemLoader Environment load took 75.2ns 
123739     INFO  main            d.u.i.k.p.i.AbstractProblemLoader Creating init config 
126334     DEBUG main            d.u.i.k.p.i.AbstractProblemLoader Init config took 2.59s 
126368     INFO  main            d.u.i.k.p.i.AbstractProblemLoader Replaying proof Iterator[Iterator::Iterator(ArrayList)].JML normal_behavior operation contract.0 
126369     DEBUG main            d.u.i.k.p.i.IntermediateProofReplayer Proof replay took 5.1ns 
127497     INFO  main            d.u.i.k.p.r.p.TestFile    ... finished proof: closed. 
127741     INFO  main            d.u.i.k.p.i.AbstractProblemLoader Loading environment from /home/runner/work/key/key/key.core/../key.ui/examples/heap/SmansEtAl/Iterator_Iterator.key.proof 
127741     DEBUG main            d.u.i.k.p.i.AbstractProblemLoader Environment load took 365.7ns 
127742     INFO  main            d.u.i.k.p.i.AbstractProblemLoader Creating init config 
130303     DEBUG main            d.u.i.k.p.i.AbstractProblemLoader Init config took 2.56s 
130337     INFO  main            d.u.i.k.p.i.AbstractProblemLoader Replaying proof Iterator[Iterator::Iterator(ArrayList)].JML normal_behavior operation contract.0 
130496     DEBUG main            d.u.i.k.p.i.IntermediateProofReplayer Proof replay took 144.49ms 
130497     DEBUG main            d.u.i.k.p.r.p.TestFile    ... success: reloaded. 
130498     INFO  main            d.u.i.k.p.r.p.TestFile    Now processing file /home/runner/work/key/key/key.core/../key.ui/examples/heap/SmansEtAl/Iterator_list_dep.key 
130498     INFO  main            d.u.i.k.p.i.AbstractProblemLoader Loading environment from /home/runner/work/key/key/key.core/../key.ui/examples/heap/SmansEtAl/Iterator_list_dep.key 
130499     DEBUG main            d.u.i.k.p.i.AbstractProblemLoader Environment load took 175.3ns 
130499     INFO  main            d.u.i.k.p.i.AbstractProblemLoader Creating init config 
133088     DEBUG main            d.u.i.k.p.i.AbstractProblemLoader Init config took 2.59s 
133123     INFO  main            d.u.i.k.p.i.AbstractProblemLoader Replaying proof Iterator[Iterator::list()].JML accessible clause.0 
133124     DEBUG main            d.u.i.k.p.i.IntermediateProofReplayer Proof replay took 5ns 
133226     INFO  main            d.u.i.k.p.r.p.TestFile    ... finished proof: closed. 
133460     INFO  main            d.u.i.k.p.i.AbstractProblemLoader Loading environment from /home/runner/work/key/key/key.core/../key.ui/examples/heap/SmansEtAl/Iterator_list_dep.key.proof 
133460     DEBUG main            d.u.i.k.p.i.AbstractProblemLoader Environment load took 105.5ns 
133461     INFO  main            d.u.i.k.p.i.AbstractProblemLoader Creating init config 
136002     DEBUG main            d.u.i.k.p.i.AbstractProblemLoader Init config took 2.54s 
136036     INFO  main            d.u.i.k.p.i.AbstractProblemLoader Replaying proof Iterator[Iterator::list()].JML accessible clause.0 
136052     DEBUG main            d.u.i.k.p.i.IntermediateProofReplayer Proof replay took 14.81ms 
136053     DEBUG main            d.u.i.k.p.r.p.TestFile    ... success: reloaded. 
136054     INFO  main            d.u.i.k.p.r.p.TestFile    Now processing file /home/runner/work/key/key/key.core/../key.ui/examples/heap/SmansEtAl/Iterator_list.key 
136054     INFO  main            d.u.i.k.p.i.AbstractProblemLoader Loading environment from /home/runner/work/key/key/key.core/../key.ui/examples/heap/SmansEtAl/Iterator_list.key 
136054     DEBUG main            d.u.i.k.p.i.AbstractProblemLoader Environment load took 72.3ns 
136055     INFO  main            d.u.i.k.p.i.AbstractProblemLoader Creating init config 
138642     DEBUG main            d.u.i.k.p.i.AbstractProblemLoader Init config took 2.59s 
138677     INFO  main            d.u.i.k.p.i.AbstractProblemLoader Replaying proof Iterator[Iterator::list()].JML normal_behavior operation contract.0 
138678     DEBUG main            d.u.i.k.p.i.IntermediateProofReplayer Proof replay took 5.2ns 
138781     INFO  main            d.u.i.k.p.r.p.TestFile    ... finished proof: closed. 
139017     INFO  main            d.u.i.k.p.i.AbstractProblemLoader Loading environment from /home/runner/work/key/key/key.core/../key.ui/examples/heap/SmansEtAl/Iterator_list.key.proof 
139017     DEBUG main            d.u.i.k.p.i.AbstractProblemLoader Environment load took 94.5ns 
139018     INFO  main            d.u.i.k.p.i.AbstractProblemLoader Creating init config 
141549     DEBUG main            d.u.i.k.p.i.AbstractProblemLoader Init config took 2.53s 
141584     INFO  main            d.u.i.k.p.i.AbstractProblemLoader Replaying proof Iterator[Iterator::list()].JML normal_behavior operation contract.0 
141598     DEBUG main            d.u.i.k.p.i.IntermediateProofReplayer Proof replay took 12.43ms 
141599     DEBUG main            d.u.i.k.p.r.p.TestFile    ... success: reloaded. 
141599     INFO  main            d.u.i.k.p.r.p.TestFile    Now processing file /home/runner/work/key/key/key.core/../key.ui/examples/heap/SmansEtAl/Iterator_next.key 
141599     INFO  main            d.u.i.k.p.i.AbstractProblemLoader Loading environment from /home/runner/work/key/key/key.core/../key.ui/examples/heap/SmansEtAl/Iterator_next.key 
141600     DEBUG main            d.u.i.k.p.i.AbstractProblemLoader Environment load took 74.9ns 
141600     INFO  main            d.u.i.k.p.i.AbstractProblemLoader Creating init config 
144194     DEBUG main            d.u.i.k.p.i.AbstractProblemLoader Init config took 2.59s 
144243     INFO  main            d.u.i.k.p.i.AbstractProblemLoader Replaying proof Iterator[Iterator::next()].JML normal_behavior operation contract.0 
144245     DEBUG main            d.u.i.k.p.i.IntermediateProofReplayer Proof replay took 5.6ns 
146672     INFO  main            d.u.i.k.p.r.p.TestFile    ... finished proof: closed. 
146945     INFO  main            d.u.i.k.p.i.AbstractProblemLoader Loading environment from /home/runner/work/key/key/key.core/../key.ui/examples/heap/SmansEtAl/Iterator_next.key.proof 
146945     DEBUG main            d.u.i.k.p.i.AbstractProblemLoader Environment load took 135.8ns 
146946     INFO  main            d.u.i.k.p.i.AbstractProblemLoader Creating init config 
149481     DEBUG main            d.u.i.k.p.i.AbstractProblemLoader Init config took 2.53s 
149515     INFO  main            d.u.i.k.p.i.AbstractProblemLoader Replaying proof Iterator[Iterator::next()].JML normal_behavior operation contract.0 
149797     DEBUG main            d.u.i.k.p.i.IntermediateProofReplayer Proof replay took 264.13ms 
149798     DEBUG main            d.u.i.k.p.r.p.TestFile    ... success: reloaded. 
149799     INFO  main            d.u.i.k.p.r.p.TestFile    Now processing file /home/runner/work/key/key/key.core/../key.ui/examples/heap/SmansEtAl/Stack_footprint.key 
149799     INFO  main            d.u.i.k.p.i.AbstractProblemLoader Loading environment from /home/runner/work/key/key/key.core/../key.ui/examples/heap/SmansEtAl/Stack_footprint.key 
149799     DEBUG main            d.u.i.k.p.i.AbstractProblemLoader Environment load took 86.4ns 
149800     INFO  main            d.u.i.k.p.i.AbstractProblemLoader Creating init config 
152369     DEBUG main            d.u.i.k.p.i.AbstractProblemLoader Init config took 2.57s 
152402     INFO  main            d.u.i.k.p.i.AbstractProblemLoader Replaying proof Stack[Stack::$footprint()].JML accessible clause.0 
152403     DEBUG main            d.u.i.k.p.i.IntermediateProofReplayer Proof replay took 5.3ns 
152605     INFO  main            d.u.i.k.p.r.p.TestFile    ... finished proof: closed. 
152851     INFO  main            d.u.i.k.p.i.AbstractProblemLoader Loading environment from /home/runner/work/key/key/key.core/../key.ui/examples/heap/SmansEtAl/Stack_footprint.key.proof 
152851     DEBUG main            d.u.i.k.p.i.AbstractProblemLoader Environment load took 100.1ns 
152852     INFO  main            d.u.i.k.p.i.AbstractProblemLoader Creating init config 
155385     DEBUG main            d.u.i.k.p.i.AbstractProblemLoader Init config took 2.53s 
155418     INFO  main            d.u.i.k.p.i.AbstractProblemLoader Replaying proof Stack[Stack::$footprint()].JML accessible clause.0 
155448     DEBUG main            d.u.i.k.p.i.IntermediateProofReplayer Proof replay took 26.73ms 
155449     DEBUG main            d.u.i.k.p.r.p.TestFile    ... success: reloaded. 
155450     INFO  main            d.u.i.k.p.r.p.TestFile    Now processing file /home/runner/work/key/key/key.core/../key.ui/examples/heap/SmansEtAl/Stack_inv.key 
155450     INFO  main            d.u.i.k.p.i.AbstractProblemLoader Loading environment from /home/runner/work/key/key/key.core/../key.ui/examples/heap/SmansEtAl/Stack_inv.key 
155450     DEBUG main            d.u.i.k.p.i.AbstractProblemLoader Environment load took 174.7ns 
155451     INFO  main            d.u.i.k.p.i.AbstractProblemLoader Creating init config 
158045     DEBUG main            d.u.i.k.p.i.AbstractProblemLoader Init config took 2.59s 
158077     INFO  main            d.u.i.k.p.i.AbstractProblemLoader Replaying proof Stack[java.lang.Object::<inv>()].JML accessible clause.0 
158078     DEBUG main            d.u.i.k.p.i.IntermediateProofReplayer Proof replay took 5.4ns 
158180     INFO  main            d.u.i.k.p.r.p.TestFile    ... finished proof: closed. 
158432     INFO  main            d.u.i.k.p.i.AbstractProblemLoader Loading environment from /home/runner/work/key/key/key.core/../key.ui/examples/heap/SmansEtAl/Stack_inv.key.proof 
158432     DEBUG main            d.u.i.k.p.i.AbstractProblemLoader Environment load took 92.5ns 
158433     INFO  main            d.u.i.k.p.i.AbstractProblemLoader Creating init config 
160953     DEBUG main            d.u.i.k.p.i.AbstractProblemLoader Init config took 2.52s 
160986     INFO  main            d.u.i.k.p.i.AbstractProblemLoader Replaying proof Stack[java.lang.Object::<inv>()].JML accessible clause.0 
160996     DEBUG main            d.u.i.k.p.i.IntermediateProofReplayer Proof replay took 8.79ms 
160997     DEBUG main            d.u.i.k.p.r.p.TestFile    ... success: reloaded. 
160998     INFO  main            d.u.i.k.p.r.p.TestFile    Now processing file /home/runner/work/key/key/key.core/../key.ui/examples/heap/SmansEtAl/Stack_push.key 
160998     INFO  main            d.u.i.k.p.i.AbstractProblemLoader Loading environment from /home/runner/work/key/key/key.core/../key.ui/examples/heap/SmansEtAl/Stack_push.key 
160998     DEBUG main            d.u.i.k.p.i.AbstractProblemLoader Environment load took 186.1ns 
160999     INFO  main            d.u.i.k.p.i.AbstractProblemLoader Creating init config 
163574     DEBUG main            d.u.i.k.p.i.AbstractProblemLoader Init config took 2.58s 
163608     INFO  main            d.u.i.k.p.i.AbstractProblemLoader Replaying proof Stack[Stack::push(java.lang.Object)].JML normal_behavior operation contract.0 
163609     DEBUG main            d.u.i.k.p.i.IntermediateProofReplayer Proof replay took 6.1ns 
164212     INFO  main            d.u.i.k.p.r.p.TestFile    ... finished proof: closed. 
164476     INFO  main            d.u.i.k.p.i.AbstractProblemLoader Loading environment from /home/runner/work/key/key/key.core/../key.ui/examples/heap/SmansEtAl/Stack_push.key.proof 
164476     DEBUG main            d.u.i.k.p.i.AbstractProblemLoader Environment load took 157.1ns 
164477     INFO  main            d.u.i.k.p.i.AbstractProblemLoader Creating init config 
167013     DEBUG main            d.u.i.k.p.i.AbstractProblemLoader Init config took 2.54s 
167046     INFO  main            d.u.i.k.p.i.AbstractProblemLoader Replaying proof Stack[Stack::push(java.lang.Object)].JML normal_behavior operation contract.0 
167150     DEBUG main            d.u.i.k.p.i.IntermediateProofReplayer Proof replay took 99.65ms 
167151     DEBUG main            d.u.i.k.p.r.p.TestFile    ... success: reloaded. 
167152     INFO  main            d.u.i.k.p.r.p.TestFile    Now processing file /home/runner/work/key/key/key.core/../key.ui/examples/heap/SmansEtAl/Stack_size.key 
167152     INFO  main            d.u.i.k.p.i.AbstractProblemLoader Loading environment from /home/runner/work/key/key/key.core/../key.ui/examples/heap/SmansEtAl/Stack_size.key 
167152     DEBUG main            d.u.i.k.p.i.AbstractProblemLoader Environment load took 211.3ns 
167153     INFO  main            d.u.i.k.p.i.AbstractProblemLoader Creating init config 
169742     DEBUG main            d.u.i.k.p.i.AbstractProblemLoader Init config took 2.59s 
169795     INFO  main            d.u.i.k.p.i.AbstractProblemLoader Replaying proof Stack[Stack::size()].JML accessible clause.0 
169796     DEBUG main            d.u.i.k.p.i.IntermediateProofReplayer Proof replay took 6ns 
169998     INFO  main            d.u.i.k.p.r.p.TestFile    ... finished proof: closed. 
170266     INFO  main            d.u.i.k.p.i.AbstractProblemLoader Loading environment from /home/runner/work/key/key/key.core/../key.ui/examples/heap/SmansEtAl/Stack_size.key.proof 
170266     DEBUG main            d.u.i.k.p.i.AbstractProblemLoader Environment load took 90.7ns 
170267     INFO  main            d.u.i.k.p.i.AbstractProblemLoader Creating init config 
172781     DEBUG main            d.u.i.k.p.i.AbstractProblemLoader Init config took 2.51s 
172814     INFO  main            d.u.i.k.p.i.AbstractProblemLoader Replaying proof Stack[Stack::size()].JML accessible clause.0 
172851     DEBUG main            d.u.i.k.p.i.IntermediateProofReplayer Proof replay took 35.15ms 
172852     DEBUG main            d.u.i.k.p.r.p.TestFile    ... success: reloaded. 
172853     INFO  main            d.u.i.k.p.r.p.TestFile    Now processing file /home/runner/work/key/key/key.core/../key.ui/examples/heap/SmansEtAl/Stack_Stack.key 
172853     INFO  main            d.u.i.k.p.i.AbstractProblemLoader Loading environment from /home/runner/work/key/key/key.core/../key.ui/examples/heap/SmansEtAl/Stack_Stack.key 
172853     DEBUG main            d.u.i.k.p.i.AbstractProblemLoader Environment load took 121ns 
172854     INFO  main            d.u.i.k.p.i.AbstractProblemLoader Creating init config 
175465     DEBUG main            d.u.i.k.p.i.AbstractProblemLoader Init config took 2.61s 
175498     INFO  main            d.u.i.k.p.i.AbstractProblemLoader Replaying proof Stack[Stack::Stack()].JML normal_behavior operation contract.0 
175499     DEBUG main            d.u.i.k.p.i.IntermediateProofReplayer Proof replay took 5.5ns 
176403     INFO  main            d.u.i.k.p.r.p.TestFile    ... finished proof: closed. 
176701     INFO  main            d.u.i.k.p.i.AbstractProblemLoader Loading environment from /home/runner/work/key/key/key.core/../key.ui/examples/heap/SmansEtAl/Stack_Stack.key.proof 
176702     DEBUG main            d.u.i.k.p.i.AbstractProblemLoader Environment load took 318.2ns 
176703     INFO  main            d.u.i.k.p.i.AbstractProblemLoader Creating init config 
179232     DEBUG main            d.u.i.k.p.i.AbstractProblemLoader Init config took 2.53s 
179265     INFO  main            d.u.i.k.p.i.AbstractProblemLoader Replaying proof Stack[Stack::Stack()].JML normal_behavior operation contract.0 
179431     DEBUG main            d.u.i.k.p.i.IntermediateProofReplayer Proof replay took 158.85ms 
179432     DEBUG main            d.u.i.k.p.r.p.TestFile    ... success: reloaded. 
179433     INFO  main            d.u.i.k.p.r.p.TestFile    Now processing file /home/runner/work/key/key/key.core/../key.ui/examples/heap/SmansEtAl/Stack_switchContents.key 
179434     INFO  main            d.u.i.k.p.i.AbstractProblemLoader Loading environment from /home/runner/work/key/key/key.core/../key.ui/examples/heap/SmansEtAl/Stack_switchContents.key 
179434     DEBUG main            d.u.i.k.p.i.AbstractProblemLoader Environment load took 179.2ns 
179435     INFO  main            d.u.i.k.p.i.AbstractProblemLoader Creating init config 
182016     DEBUG main            d.u.i.k.p.i.AbstractProblemLoader Init config took 2.58s 
182049     INFO  main            d.u.i.k.p.i.AbstractProblemLoader Replaying proof Stack[Stack::switchContents(Stack)].JML normal_behavior operation contract.0 
182050     DEBUG main            d.u.i.k.p.i.IntermediateProofReplayer Proof replay took 5.5ns 
186261     INFO  main            d.u.i.k.p.r.p.TestFile    ... finished proof: closed. 
186550     INFO  main            d.u.i.k.p.i.AbstractProblemLoader Loading environment from /home/runner/work/key/key/key.core/../key.ui/examples/heap/SmansEtAl/Stack_switchContents.key.proof 
186550     DEBUG main            d.u.i.k.p.i.AbstractProblemLoader Environment load took 382ns 
186554     INFO  main            d.u.i.k.p.i.AbstractProblemLoader Creating init config 
189092     DEBUG main            d.u.i.k.p.i.AbstractProblemLoader Init config took 2.54s 
189126     INFO  main            d.u.i.k.p.i.AbstractProblemLoader Replaying proof Stack[Stack::switchContents(Stack)].JML normal_behavior operation contract.0 
189556     DEBUG main            d.u.i.k.p.i.IntermediateProofReplayer Proof replay took 413.13ms 
189557     DEBUG main            d.u.i.k.p.r.p.TestFile    ... success: reloaded. 
1997419    INFO  Test worker     d.u.i.k.p.r.RunAllProofsTestUnit Returning from test SmansEtAl 
1997420    INFO  Test worker     d.u.i.k.p.r.RunAllProofsTestUnit Running test VACID0 
325        INFO  Timeout watchdog d.u.i.k.p.r.p.ForkedTestFileRunner Timeout watcher launched (2000 secs.) 
363        WARN  main            d.u.i.k.s.ProofSettings   The settings in /home/runner/.key/proof-settings.props are *not* read. 
408        INFO  main            d.u.i.k.p.r.p.TestFile    Now processing file /home/runner/work/key/key/key.core/../key.ui/examples/heap/vacid0_01_SparseArray/Harness_sparseArrayTestHarness1.key 
523        INFO  main            d.u.i.k.p.i.AbstractProblemLoader Loading environment from /home/runner/work/key/key/key.core/../key.ui/examples/heap/vacid0_01_SparseArray/Harness_sparseArrayTestHarness1.key 
542        DEBUG main            d.u.i.k.p.i.AbstractProblemLoader Environment load took 1.67ms 
753        INFO  main            d.u.i.k.p.i.AbstractProblemLoader Creating init config 
1566       DEBUG main            d.u.i.k.j.TypeConverter   No LDT found for Meta 
1567       DEBUG main            d.u.i.k.j.TypeConverter   No LDT found for Meta 
1568       DEBUG main            d.u.i.k.j.TypeConverter   No LDT found for Meta 
1568       DEBUG main            d.u.i.k.j.TypeConverter   No LDT found for Meta 
2765       DEBUG main            d.u.i.k.j.TypeConverter   No LDT found for JavaBigintExpression 
7545       DEBUG main            d.u.i.k.p.i.AbstractProblemLoader Init config took 6.79s 
7667       INFO  main            d.u.i.k.p.i.AbstractProblemLoader Replaying proof Harness[Harness::sparseArrayTestHarness1()].JML normal_behavior operation contract.0 
7695       DEBUG main            d.u.i.k.p.i.IntermediateProofReplayer Proof replay took 31.2ns 
9031       INFO  main            d.u.i.k.p.r.p.TestFile    ... finished proof: closed. 
9157       INFO  main            d.u.i.k.p.i.AbstractProblemLoader Loading environment from /home/runner/work/key/key/key.core/../key.ui/examples/heap/vacid0_01_SparseArray/Harness_sparseArrayTestHarness1.key.proof 
9157       DEBUG main            d.u.i.k.p.i.AbstractProblemLoader Environment load took 135.4ns 
9159       INFO  main            d.u.i.k.p.i.AbstractProblemLoader Creating init config 
11846      DEBUG main            d.u.i.k.p.i.AbstractProblemLoader Init config took 2.69s 
11905      INFO  main            d.u.i.k.p.i.AbstractProblemLoader Replaying proof Harness[Harness::sparseArrayTestHarness1()].JML normal_behavior operation contract.0 
12090      DEBUG main            d.u.i.k.p.i.IntermediateProofReplayer Proof replay took 176.12ms 
12098      DEBUG main            d.u.i.k.p.r.p.TestFile    ... success: reloaded. 
12102      INFO  main            d.u.i.k.p.r.p.TestFile    Now processing file /home/runner/work/key/key/key.core/../key.ui/examples/heap/vacid0_01_SparseArray/Harness_sparseArrayTestHarness2.key 
12103      INFO  main            d.u.i.k.p.i.AbstractProblemLoader Loading environment from /home/runner/work/key/key/key.core/../key.ui/examples/heap/vacid0_01_SparseArray/Harness_sparseArrayTestHarness2.key 
12104      DEBUG main            d.u.i.k.p.i.AbstractProblemLoader Environment load took 1.21ms 
12108      INFO  main            d.u.i.k.p.i.AbstractProblemLoader Creating init config 
14746      DEBUG main            d.u.i.k.p.i.AbstractProblemLoader Init config took 2.64s 
14801      INFO  main            d.u.i.k.p.i.AbstractProblemLoader Replaying proof Harness[Harness::sparseArrayTestHarness2()].JML normal_behavior operation contract.0 
14803      DEBUG main            d.u.i.k.p.i.IntermediateProofReplayer Proof replay took 4.9ns 
23414      INFO  main            d.u.i.k.p.r.p.TestFile    ... finished proof: closed. 
23616      INFO  main            d.u.i.k.p.i.AbstractProblemLoader Loading environment from /home/runner/work/key/key/key.core/../key.ui/examples/heap/vacid0_01_SparseArray/Harness_sparseArrayTestHarness2.key.proof 
23617      DEBUG main            d.u.i.k.p.i.AbstractProblemLoader Environment load took 410.7ns 
23620      INFO  main            d.u.i.k.p.i.AbstractProblemLoader Creating init config 
26195      DEBUG main            d.u.i.k.p.i.AbstractProblemLoader Init config took 2.58s 
26241      INFO  main            d.u.i.k.p.i.AbstractProblemLoader Replaying proof Harness[Harness::sparseArrayTestHarness2()].JML normal_behavior operation contract.0 
27209      DEBUG main            d.u.i.k.p.i.IntermediateProofReplayer Proof replay took 920.63ms 
27212      DEBUG main            d.u.i.k.p.r.p.TestFile    ... success: reloaded. 
27213      INFO  main            d.u.i.k.p.r.p.TestFile    Now processing file /home/runner/work/key/key/key.core/../key.ui/examples/heap/vacid0_01_SparseArray/MemoryAllocator_alloc_unsigned.key 
27213      INFO  main            d.u.i.k.p.i.AbstractProblemLoader Loading environment from /home/runner/work/key/key/key.core/../key.ui/examples/heap/vacid0_01_SparseArray/MemoryAllocator_alloc_unsigned.key 
27214      DEBUG main            d.u.i.k.p.i.AbstractProblemLoader Environment load took 192.1ns 
27215      INFO  main            d.u.i.k.p.i.AbstractProblemLoader Creating init config 
29712      DEBUG main            d.u.i.k.p.i.AbstractProblemLoader Init config took 2.5s 
29755      INFO  main            d.u.i.k.p.i.AbstractProblemLoader Replaying proof MemoryAllocator[MemoryAllocator::alloc_unsigned(int)].JML normal_behavior operation contract.0 
29757      DEBUG main            d.u.i.k.p.i.IntermediateProofReplayer Proof replay took 12.8ns 
30564      INFO  main            d.u.i.k.p.r.p.TestFile    ... finished proof: closed. 
30722      INFO  main            d.u.i.k.p.i.AbstractProblemLoader Loading environment from /home/runner/work/key/key/key.core/../key.ui/examples/heap/vacid0_01_SparseArray/MemoryAllocator_alloc_unsigned.key.proof 
30722      DEBUG main            d.u.i.k.p.i.AbstractProblemLoader Environment load took 364.8ns 
30724      INFO  main            d.u.i.k.p.i.AbstractProblemLoader Creating init config 
33147      DEBUG main            d.u.i.k.p.i.AbstractProblemLoader Init config took 2.42s 
33187      INFO  main            d.u.i.k.p.i.AbstractProblemLoader Replaying proof MemoryAllocator[MemoryAllocator::alloc_unsigned(int)].JML normal_behavior operation contract.0 
33395      DEBUG main            d.u.i.k.p.i.IntermediateProofReplayer Proof replay took 202.28ms 
33396      DEBUG main            d.u.i.k.p.r.p.TestFile    ... success: reloaded. 
33398      INFO  main            d.u.i.k.p.r.p.TestFile    Now processing file /home/runner/work/key/key/key.core/../key.ui/examples/heap/vacid0_01_SparseArray/MemoryAllocator_alloc.key 
33398      INFO  main            d.u.i.k.p.i.AbstractProblemLoader Loading environment from /home/runner/work/key/key/key.core/../key.ui/examples/heap/vacid0_01_SparseArray/MemoryAllocator_alloc.key 
33398      DEBUG main            d.u.i.k.p.i.AbstractProblemLoader Environment load took 183.5ns 
33399      INFO  main            d.u.i.k.p.i.AbstractProblemLoader Creating init config 
35890      DEBUG main            d.u.i.k.p.i.AbstractProblemLoader Init config took 2.49s 
35929      INFO  main            d.u.i.k.p.i.AbstractProblemLoader Replaying proof MemoryAllocator[MemoryAllocator::alloc(int)].JML normal_behavior operation contract.0 
35930      DEBUG main            d.u.i.k.p.i.IntermediateProofReplayer Proof replay took 6.5ns 
36435      INFO  main            d.u.i.k.p.r.p.TestFile    ... finished proof: closed. 
36596      INFO  main            d.u.i.k.p.i.AbstractProblemLoader Loading environment from /home/runner/work/key/key/key.core/../key.ui/examples/heap/vacid0_01_SparseArray/MemoryAllocator_alloc.key.proof 
36597      DEBUG main            d.u.i.k.p.i.AbstractProblemLoader Environment load took 381.2ns 
36598      INFO  main            d.u.i.k.p.i.AbstractProblemLoader Creating init config 
39022      DEBUG main            d.u.i.k.p.i.AbstractProblemLoader Init config took 2.42s 
39060      INFO  main            d.u.i.k.p.i.AbstractProblemLoader Replaying proof MemoryAllocator[MemoryAllocator::alloc(int)].JML normal_behavior operation contract.0 
39202      DEBUG main            d.u.i.k.p.i.IntermediateProofReplayer Proof replay took 137.45ms 
39203      DEBUG main            d.u.i.k.p.r.p.TestFile    ... success: reloaded. 
39204      INFO  main            d.u.i.k.p.r.p.TestFile    Now processing file /home/runner/work/key/key/key.core/../key.ui/examples/heap/vacid0_01_SparseArray/SparseArray_get_dep.key 
39205      INFO  main            d.u.i.k.p.i.AbstractProblemLoader Loading environment from /home/runner/work/key/key/key.core/../key.ui/examples/heap/vacid0_01_SparseArray/SparseArray_get_dep.key 
39205      DEBUG main            d.u.i.k.p.i.AbstractProblemLoader Environment load took 203.7ns 
39206      INFO  main            d.u.i.k.p.i.AbstractProblemLoader Creating init config 
41684      DEBUG main            d.u.i.k.p.i.AbstractProblemLoader Init config took 2.48s 
41755      INFO  main            d.u.i.k.p.i.AbstractProblemLoader Replaying proof SparseArray[SparseArray::get(int)].JML accessible clause.0 
41756      DEBUG main            d.u.i.k.p.i.IntermediateProofReplayer Proof replay took 4.9ns 
44580      INFO  main            d.u.i.k.p.r.p.TestFile    ... finished proof: closed. 
44808      INFO  main            d.u.i.k.p.i.AbstractProblemLoader Loading environment from /home/runner/work/key/key/key.core/../key.ui/examples/heap/vacid0_01_SparseArray/SparseArray_get_dep.key.proof 
44808      DEBUG main            d.u.i.k.p.i.AbstractProblemLoader Environment load took 378.8ns 
44810      INFO  main            d.u.i.k.p.i.AbstractProblemLoader Creating init config 
47221      DEBUG main            d.u.i.k.p.i.AbstractProblemLoader Init config took 2.41s 
47275      INFO  main            d.u.i.k.p.i.AbstractProblemLoader Replaying proof SparseArray[SparseArray::get(int)].JML accessible clause.0 
47567      DEBUG main            d.u.i.k.p.i.IntermediateProofReplayer Proof replay took 278.41ms 
47568      DEBUG main            d.u.i.k.p.r.p.TestFile    ... success: reloaded. 
47569      INFO  main            d.u.i.k.p.r.p.TestFile    Now processing file /home/runner/work/key/key/key.core/../key.ui/examples/heap/vacid0_01_SparseArray/SparseArray_get.key 
47570      INFO  main            d.u.i.k.p.i.AbstractProblemLoader Loading environment from /home/runner/work/key/key/key.core/../key.ui/examples/heap/vacid0_01_SparseArray/SparseArray_get.key 
47570      DEBUG main            d.u.i.k.p.i.AbstractProblemLoader Environment load took 245.3ns 
47571      INFO  main            d.u.i.k.p.i.AbstractProblemLoader Creating init config 
50009      DEBUG main            d.u.i.k.p.i.AbstractProblemLoader Init config took 2.44s 
50062      INFO  main            d.u.i.k.p.i.AbstractProblemLoader Replaying proof SparseArray[SparseArray::get(int)].JML normal_behavior operation contract.0 
50064      DEBUG main            d.u.i.k.p.i.IntermediateProofReplayer Proof replay took 5.2ns 
52070      INFO  main            d.u.i.k.p.r.p.TestFile    ... finished proof: closed. 
52242      INFO  main            d.u.i.k.p.i.AbstractProblemLoader Loading environment from /home/runner/work/key/key/key.core/../key.ui/examples/heap/vacid0_01_SparseArray/SparseArray_get.key.proof 
52243      DEBUG main            d.u.i.k.p.i.AbstractProblemLoader Environment load took 1.34ms 
52245      INFO  main            d.u.i.k.p.i.AbstractProblemLoader Creating init config 
54674      DEBUG main            d.u.i.k.p.i.AbstractProblemLoader Init config took 2.43s 
54726      INFO  main            d.u.i.k.p.i.AbstractProblemLoader Replaying proof SparseArray[SparseArray::get(int)].JML normal_behavior operation contract.0 
54989      DEBUG main            d.u.i.k.p.i.IntermediateProofReplayer Proof replay took 252.65ms 
54990      DEBUG main            d.u.i.k.p.r.p.TestFile    ... success: reloaded. 
54991      INFO  main            d.u.i.k.p.r.p.TestFile    Now processing file /home/runner/work/key/key/key.core/../key.ui/examples/heap/vacid0_01_SparseArray/SparseArray_inv.key 
54992      INFO  main            d.u.i.k.p.i.AbstractProblemLoader Loading environment from /home/runner/work/key/key/key.core/../key.ui/examples/heap/vacid0_01_SparseArray/SparseArray_inv.key 
54992      DEBUG main            d.u.i.k.p.i.AbstractProblemLoader Environment load took 187ns 
54993      INFO  main            d.u.i.k.p.i.AbstractProblemLoader Creating init config 
57414      DEBUG main            d.u.i.k.p.i.AbstractProblemLoader Init config took 2.42s 
57466      INFO  main            d.u.i.k.p.i.AbstractProblemLoader Replaying proof SparseArray[java.lang.Object::<inv>()].JML accessible clause.0 
57468      DEBUG main            d.u.i.k.p.i.IntermediateProofReplayer Proof replay took 5.4ns 
59172      INFO  main            d.u.i.k.p.r.p.TestFile    ... finished proof: closed. 
59339      INFO  main            d.u.i.k.p.i.AbstractProblemLoader Loading environment from /home/runner/work/key/key/key.core/../key.ui/examples/heap/vacid0_01_SparseArray/SparseArray_inv.key.proof 
59340      DEBUG main            d.u.i.k.p.i.AbstractProblemLoader Environment load took 375.1ns 
59341      INFO  main            d.u.i.k.p.i.AbstractProblemLoader Creating init config 
61717      DEBUG main            d.u.i.k.p.i.AbstractProblemLoader Init config took 2.38s 
61770      INFO  main            d.u.i.k.p.i.AbstractProblemLoader Replaying proof SparseArray[java.lang.Object::<inv>()].JML accessible clause.0 
61904      DEBUG main            d.u.i.k.p.i.IntermediateProofReplayer Proof replay took 127.53ms 
61905      DEBUG main            d.u.i.k.p.r.p.TestFile    ... success: reloaded. 
61906      INFO  main            d.u.i.k.p.r.p.TestFile    Now processing file /home/runner/work/key/key/key.core/../key.ui/examples/heap/vacid0_01_SparseArray/SparseArray_SparseArray.key 
61906      INFO  main            d.u.i.k.p.i.AbstractProblemLoader Loading environment from /home/runner/work/key/key/key.core/../key.ui/examples/heap/vacid0_01_SparseArray/SparseArray_SparseArray.key 
61906      DEBUG main            d.u.i.k.p.i.AbstractProblemLoader Environment load took 84.1ns 
61907      INFO  main            d.u.i.k.p.i.AbstractProblemLoader Creating init config 
64346      DEBUG main            d.u.i.k.p.i.AbstractProblemLoader Init config took 2.44s 
64426      INFO  main            d.u.i.k.p.i.AbstractProblemLoader Replaying proof SparseArray[SparseArray::SparseArray(int)].JML normal_behavior operation contract.0 
64427      DEBUG main            d.u.i.k.p.i.IntermediateProofReplayer Proof replay took 5.5ns 
67552      INFO  main            d.u.i.k.p.r.p.TestFile    ... finished proof: closed. 
67732      INFO  main            d.u.i.k.p.i.AbstractProblemLoader Loading environment from /home/runner/work/key/key/key.core/../key.ui/examples/heap/vacid0_01_SparseArray/SparseArray_SparseArray.key.proof 
67732      DEBUG main            d.u.i.k.p.i.AbstractProblemLoader Environment load took 175.7ns 
67733      INFO  main            d.u.i.k.p.i.AbstractProblemLoader Creating init config 
70110      DEBUG main            d.u.i.k.p.i.AbstractProblemLoader Init config took 2.38s 
70161      INFO  main            d.u.i.k.p.i.AbstractProblemLoader Replaying proof SparseArray[SparseArray::SparseArray(int)].JML normal_behavior operation contract.0 
70596      DEBUG main            d.u.i.k.p.i.IntermediateProofReplayer Proof replay took 425.36ms 
70597      DEBUG main            d.u.i.k.p.r.p.TestFile    ... success: reloaded. 
2068186    INFO  Test worker     d.u.i.k.p.r.RunAllProofsTestUnit Returning from test VACID0 
2068188    INFO  Test worker     d.u.i.k.p.r.RunAllProofsTestUnit Running test VSTTE10 
349        INFO  Timeout watchdog d.u.i.k.p.r.p.ForkedTestFileRunner Timeout watcher launched (2000 secs.) 
360        WARN  main            d.u.i.k.s.ProofSettings   The settings in /home/runner/.key/proof-settings.props are *not* read. 
385        INFO  main            d.u.i.k.p.r.p.TestFile    Now processing file /home/runner/work/key/key/key.core/../key.ui/examples/heap/vstte10_01_SumAndMax/SumAndMax_sumAndMax.key 
485        INFO  main            d.u.i.k.p.i.AbstractProblemLoader Loading environment from /home/runner/work/key/key/key.core/../key.ui/examples/heap/vstte10_01_SumAndMax/SumAndMax_sumAndMax.key 
507        DEBUG main            d.u.i.k.p.i.AbstractProblemLoader Environment load took 2.03ms 
713        INFO  main            d.u.i.k.p.i.AbstractProblemLoader Creating init config 
1624       DEBUG main            d.u.i.k.j.TypeConverter   No LDT found for Meta 
1625       DEBUG main            d.u.i.k.j.TypeConverter   No LDT found for Meta 
1626       DEBUG main            d.u.i.k.j.TypeConverter   No LDT found for Meta 
1626       DEBUG main            d.u.i.k.j.TypeConverter   No LDT found for Meta 
3015       DEBUG main            d.u.i.k.j.TypeConverter   No LDT found for JavaBigintExpression 
7838       DEBUG main            d.u.i.k.p.i.AbstractProblemLoader Init config took 7.12s 
7982       INFO  main            d.u.i.k.p.i.AbstractProblemLoader Replaying proof SumAndMax[SumAndMax::sumAndMax([I)].JML normal_behavior operation contract.0 
8015       DEBUG main            d.u.i.k.p.i.IntermediateProofReplayer Proof replay took 30.7ns 
12967      INFO  main            d.u.i.k.p.r.p.TestFile    ... finished proof: closed. 
13128      INFO  main            d.u.i.k.p.i.AbstractProblemLoader Loading environment from /home/runner/work/key/key/key.core/../key.ui/examples/heap/vstte10_01_SumAndMax/SumAndMax_sumAndMax.key.proof 
13132      DEBUG main            d.u.i.k.p.i.AbstractProblemLoader Environment load took 3.46ms 
13137      INFO  main            d.u.i.k.p.i.AbstractProblemLoader Creating init config 
15918      DEBUG main            d.u.i.k.p.i.AbstractProblemLoader Init config took 2.78s 
15989      INFO  main            d.u.i.k.p.i.AbstractProblemLoader Replaying proof SumAndMax[SumAndMax::sumAndMax([I)].JML normal_behavior operation contract.0 
16617      DEBUG main            d.u.i.k.p.i.IntermediateProofReplayer Proof replay took 607.36ms 
16629      DEBUG main            d.u.i.k.p.r.p.TestFile    ... success: reloaded. 
16634      INFO  main            d.u.i.k.p.r.p.TestFile    Now processing file /home/runner/work/key/key/key.core/../key.ui/examples/heap/vstte10_03_LinkedList/Node_cons.key 
16635      INFO  main            d.u.i.k.p.i.AbstractProblemLoader Loading environment from /home/runner/work/key/key/key.core/../key.ui/examples/heap/vstte10_03_LinkedList/Node_cons.key 
16635      DEBUG main            d.u.i.k.p.i.AbstractProblemLoader Environment load took 216.7ns 
16638      INFO  main            d.u.i.k.p.i.AbstractProblemLoader Creating init config 
19363      DEBUG main            d.u.i.k.p.i.AbstractProblemLoader Init config took 2.73s 
19423      INFO  main            d.u.i.k.p.i.AbstractProblemLoader Replaying proof Node[Node::cons(int,Node)].JML normal_behavior operation contract.0 
19426      DEBUG main            d.u.i.k.p.i.IntermediateProofReplayer Proof replay took 4.7ns 
20833      INFO  main            d.u.i.k.p.r.p.TestFile    ... finished proof: closed. 
20990      INFO  main            d.u.i.k.p.i.AbstractProblemLoader Loading environment from /home/runner/work/key/key/key.core/../key.ui/examples/heap/vstte10_03_LinkedList/Node_cons.key.proof 
20990      DEBUG main            d.u.i.k.p.i.AbstractProblemLoader Environment load took 405.8ns 
20992      INFO  main            d.u.i.k.p.i.AbstractProblemLoader Creating init config 
23581      DEBUG main            d.u.i.k.p.i.AbstractProblemLoader Init config took 2.59s 
23642      INFO  main            d.u.i.k.p.i.AbstractProblemLoader Replaying proof Node[Node::cons(int,Node)].JML normal_behavior operation contract.0 
23891      DEBUG main            d.u.i.k.p.i.IntermediateProofReplayer Proof replay took 237.39ms 
23893      DEBUG main            d.u.i.k.p.r.p.TestFile    ... success: reloaded. 
23894      INFO  main            d.u.i.k.p.r.p.TestFile    Now processing file /home/runner/work/key/key/key.core/../key.ui/examples/heap/vstte10_03_LinkedList/Node_inv.key 
23894      INFO  main            d.u.i.k.p.i.AbstractProblemLoader Loading environment from /home/runner/work/key/key/key.core/../key.ui/examples/heap/vstte10_03_LinkedList/Node_inv.key 
23895      DEBUG main            d.u.i.k.p.i.AbstractProblemLoader Environment load took 199.9ns 
23896      INFO  main            d.u.i.k.p.i.AbstractProblemLoader Creating init config 
26486      DEBUG main            d.u.i.k.p.i.AbstractProblemLoader Init config took 2.59s 
26552      INFO  main            d.u.i.k.p.i.AbstractProblemLoader Replaying proof Node[java.lang.Object::<inv>()].JML accessible clause.0 
26553      DEBUG main            d.u.i.k.p.i.IntermediateProofReplayer Proof replay took 4.8ns 
26857      INFO  main            d.u.i.k.p.r.p.TestFile    ... finished proof: closed. 
26995      INFO  main            d.u.i.k.p.i.AbstractProblemLoader Loading environment from /home/runner/work/key/key/key.core/../key.ui/examples/heap/vstte10_03_LinkedList/Node_inv.key.proof 
26995      DEBUG main            d.u.i.k.p.i.AbstractProblemLoader Environment load took 109.7ns 
26996      INFO  main            d.u.i.k.p.i.AbstractProblemLoader Creating init config 
29543      DEBUG main            d.u.i.k.p.i.AbstractProblemLoader Init config took 2.55s 
29591      INFO  main            d.u.i.k.p.i.AbstractProblemLoader Replaying proof Node[java.lang.Object::<inv>()].JML accessible clause.0 
29625      DEBUG main            d.u.i.k.p.i.IntermediateProofReplayer Proof replay took 30.25ms 
29626      DEBUG main            d.u.i.k.p.r.p.TestFile    ... success: reloaded. 
29627      INFO  main            d.u.i.k.p.r.p.TestFile    Now processing file /home/runner/work/key/key/key.core/../key.ui/examples/heap/vstte10_03_LinkedList/Node_search.key 
29627      INFO  main            d.u.i.k.p.i.AbstractProblemLoader Loading environment from /home/runner/work/key/key/key.core/../key.ui/examples/heap/vstte10_03_LinkedList/Node_search.key 
29628      DEBUG main            d.u.i.k.p.i.AbstractProblemLoader Environment load took 186.3ns 
29629      INFO  main            d.u.i.k.p.i.AbstractProblemLoader Creating init config 
32216      DEBUG main            d.u.i.k.p.i.AbstractProblemLoader Init config took 2.59s 
32265      INFO  main            d.u.i.k.p.i.AbstractProblemLoader Replaying proof Node[Node::search()].JML normal_behavior operation contract.0 
32266      DEBUG main            d.u.i.k.p.i.IntermediateProofReplayer Proof replay took 4.9ns 
38037      INFO  main            d.u.i.k.p.r.p.TestFile    ... finished proof: closed. 
38244      INFO  main            d.u.i.k.p.i.AbstractProblemLoader Loading environment from /home/runner/work/key/key/key.core/../key.ui/examples/heap/vstte10_03_LinkedList/Node_search.key.proof 
38244      DEBUG main            d.u.i.k.p.i.AbstractProblemLoader Environment load took 150.3ns 
38247      INFO  main            d.u.i.k.p.i.AbstractProblemLoader Creating init config 
40771      DEBUG main            d.u.i.k.p.i.AbstractProblemLoader Init config took 2.52s 
40819      INFO  main            d.u.i.k.p.i.AbstractProblemLoader Replaying proof Node[Node::search()].JML normal_behavior operation contract.0 
41482      DEBUG main            d.u.i.k.p.i.IntermediateProofReplayer Proof replay took 608.41ms 
41484      DEBUG main            d.u.i.k.p.r.p.TestFile    ... success: reloaded. 
41486      INFO  main            d.u.i.k.p.r.p.TestFile    Now processing file /home/runner/work/key/key/key.core/../key.ui/examples/heap/vstte10_04_Queens/Queens_isConsistent.key 
41486      INFO  main            d.u.i.k.p.i.AbstractProblemLoader Loading environment from /home/runner/work/key/key/key.core/../key.ui/examples/heap/vstte10_04_Queens/Queens_isConsistent.key 
41486      DEBUG main            d.u.i.k.p.i.AbstractProblemLoader Environment load took 184.5ns 
41487      INFO  main            d.u.i.k.p.i.AbstractProblemLoader Creating init config 
44339      DEBUG main            d.u.i.k.p.i.AbstractProblemLoader Init config took 2.85s 
44380      INFO  main            d.u.i.k.p.i.AbstractProblemLoader Replaying proof Queens[Queens::isConsistent([I,int)].JML normal_behavior operation contract.0 
44381      DEBUG main            d.u.i.k.p.i.IntermediateProofReplayer Proof replay took 5.5ns 
46005      INFO  main            d.u.i.k.p.r.p.TestFile    ... finished proof: closed. 
46195      INFO  main            d.u.i.k.p.i.AbstractProblemLoader Loading environment from /home/runner/work/key/key/key.core/../key.ui/examples/heap/vstte10_04_Queens/Queens_isConsistent.key.proof 
46195      DEBUG main            d.u.i.k.p.i.AbstractProblemLoader Environment load took 390.6ns 
46196      INFO  main            d.u.i.k.p.i.AbstractProblemLoader Creating init config 
48785      DEBUG main            d.u.i.k.p.i.AbstractProblemLoader Init config took 2.59s 
48830      INFO  main            d.u.i.k.p.i.AbstractProblemLoader Replaying proof Queens[Queens::isConsistent([I,int)].JML normal_behavior operation contract.0 
49198      DEBUG main            d.u.i.k.p.i.IntermediateProofReplayer Proof replay took 358.13ms 
49200      DEBUG main            d.u.i.k.p.r.p.TestFile    ... success: reloaded. 
49201      INFO  main            d.u.i.k.p.r.p.TestFile    Now processing file /home/runner/work/key/key/key.core/../key.ui/examples/heap/vstte10_04_Queens/Queens_nQueens.key 
49201      INFO  main            d.u.i.k.p.i.AbstractProblemLoader Loading environment from /home/runner/work/key/key/key.core/../key.ui/examples/heap/vstte10_04_Queens/Queens_nQueens.key 
49202      DEBUG main            d.u.i.k.p.i.AbstractProblemLoader Environment load took 207.1ns 
49202      INFO  main            d.u.i.k.p.i.AbstractProblemLoader Creating init config 
51819      DEBUG main            d.u.i.k.p.i.AbstractProblemLoader Init config took 2.62s 
51857      INFO  main            d.u.i.k.p.i.AbstractProblemLoader Replaying proof Queens[Queens::nQueens(int)].JML normal_behavior operation contract.0 
51859      DEBUG main            d.u.i.k.p.i.IntermediateProofReplayer Proof replay took 5ns 
64204      INFO  main            d.u.i.k.p.r.p.TestFile    ... finished proof: closed. 
64420      INFO  main            d.u.i.k.p.i.AbstractProblemLoader Loading environment from /home/runner/work/key/key/key.core/../key.ui/examples/heap/vstte10_04_Queens/Queens_nQueens.key.proof 
64420      DEBUG main            d.u.i.k.p.i.AbstractProblemLoader Environment load took 178.1ns 
64421      INFO  main            d.u.i.k.p.i.AbstractProblemLoader Creating init config 
66990      DEBUG main            d.u.i.k.p.i.AbstractProblemLoader Init config took 2.57s 
67038      INFO  main            d.u.i.k.p.i.AbstractProblemLoader Replaying proof Queens[Queens::nQueens(int)].JML normal_behavior operation contract.0 
68033      DEBUG main            d.u.i.k.p.i.IntermediateProofReplayer Proof replay took 976.96ms 
68034      DEBUG main            d.u.i.k.p.r.p.TestFile    ... success: reloaded. 
68036      INFO  main            d.u.i.k.p.r.p.TestFile    Now processing file /home/runner/work/key/key/key.core/../key.ui/examples/heap/vstte10_05_Queue/AmortizedQueue_AmortizedQueue.key 
68036      INFO  main            d.u.i.k.p.i.AbstractProblemLoader Loading environment from /home/runner/work/key/key/key.core/../key.ui/examples/heap/vstte10_05_Queue/AmortizedQueue_AmortizedQueue.key 
68036      DEBUG main            d.u.i.k.p.i.AbstractProblemLoader Environment load took 186.8ns 
68037      INFO  main            d.u.i.k.p.i.AbstractProblemLoader Creating init config 
70734      DEBUG main            d.u.i.k.p.i.AbstractProblemLoader Init config took 2.7s 
70788      INFO  main            d.u.i.k.p.i.AbstractProblemLoader Replaying proof AmortizedQueue[AmortizedQueue::AmortizedQueue()].JML normal_behavior operation contract.0 
70790      DEBUG main            d.u.i.k.p.i.IntermediateProofReplayer Proof replay took 4.6ns 
72117      INFO  main            d.u.i.k.p.r.p.TestFile    ... finished proof: closed. 
72316      INFO  main            d.u.i.k.p.i.AbstractProblemLoader Loading environment from /home/runner/work/key/key/key.core/../key.ui/examples/heap/vstte10_05_Queue/AmortizedQueue_AmortizedQueue.key.proof 
72316      DEBUG main            d.u.i.k.p.i.AbstractProblemLoader Environment load took 172.2ns 
72317      INFO  main            d.u.i.k.p.i.AbstractProblemLoader Creating init config 
74870      DEBUG main            d.u.i.k.p.i.AbstractProblemLoader Init config took 2.55s 
74911      INFO  main            d.u.i.k.p.i.AbstractProblemLoader Replaying proof AmortizedQueue[AmortizedQueue::AmortizedQueue()].JML normal_behavior operation contract.0 
75139      DEBUG main            d.u.i.k.p.i.IntermediateProofReplayer Proof replay took 221.72ms 
75141      DEBUG main            d.u.i.k.p.r.p.TestFile    ... success: reloaded. 
75142      INFO  main            d.u.i.k.p.r.p.TestFile    Now processing file /home/runner/work/key/key/key.core/../key.ui/examples/heap/vstte10_05_Queue/AmortizedQueue_front.key 
75142      INFO  main            d.u.i.k.p.i.AbstractProblemLoader Loading environment from /home/runner/work/key/key/key.core/../key.ui/examples/heap/vstte10_05_Queue/AmortizedQueue_front.key 
75142      DEBUG main            d.u.i.k.p.i.AbstractProblemLoader Environment load took 182.5ns 
75143      INFO  main            d.u.i.k.p.i.AbstractProblemLoader Creating init config 
77744      DEBUG main            d.u.i.k.p.i.AbstractProblemLoader Init config took 2.6s 
77785      INFO  main            d.u.i.k.p.i.AbstractProblemLoader Replaying proof AmortizedQueue[AmortizedQueue::front()].JML normal_behavior operation contract.0 
77787      DEBUG main            d.u.i.k.p.i.IntermediateProofReplayer Proof replay took 5.3ns 
78193      INFO  main            d.u.i.k.p.r.p.TestFile    ... finished proof: closed. 
78385      INFO  main            d.u.i.k.p.i.AbstractProblemLoader Loading environment from /home/runner/work/key/key/key.core/../key.ui/examples/heap/vstte10_05_Queue/AmortizedQueue_front.key.proof 
78385      DEBUG main            d.u.i.k.p.i.AbstractProblemLoader Environment load took 115.6ns 
78386      INFO  main            d.u.i.k.p.i.AbstractProblemLoader Creating init config 
80950      DEBUG main            d.u.i.k.p.i.AbstractProblemLoader Init config took 2.56s 
80999      INFO  main            d.u.i.k.p.i.AbstractProblemLoader Replaying proof AmortizedQueue[AmortizedQueue::front()].JML normal_behavior operation contract.0 
81055      DEBUG main            d.u.i.k.p.i.IntermediateProofReplayer Proof replay took 51.73ms 
81056      DEBUG main            d.u.i.k.p.r.p.TestFile    ... success: reloaded. 
81058      INFO  main            d.u.i.k.p.r.p.TestFile    Now processing file /home/runner/work/key/key/key.core/../key.ui/examples/heap/vstte10_05_Queue/LinkedList_concat.key 
81060      INFO  main            d.u.i.k.p.i.AbstractProblemLoader Loading environment from /home/runner/work/key/key/key.core/../key.ui/examples/heap/vstte10_05_Queue/LinkedList_concat.key 
81060      DEBUG main            d.u.i.k.p.i.AbstractProblemLoader Environment load took 224.1ns 
81062      INFO  main            d.u.i.k.p.i.AbstractProblemLoader Creating init config 
83653      DEBUG main            d.u.i.k.p.i.AbstractProblemLoader Init config took 2.59s 
83696      INFO  main            d.u.i.k.p.i.AbstractProblemLoader Replaying proof LinkedList[LinkedList::concat(LinkedList)].JML normal_behavior operation contract.0 
83697      DEBUG main            d.u.i.k.p.i.IntermediateProofReplayer Proof replay took 5.1ns 
91769      INFO  main            d.u.i.k.p.r.p.TestFile    ... finished proof: closed. 
92009      INFO  main            d.u.i.k.p.i.AbstractProblemLoader Loading environment from /home/runner/work/key/key/key.core/../key.ui/examples/heap/vstte10_05_Queue/LinkedList_concat.key.proof 
92009      DEBUG main            d.u.i.k.p.i.AbstractProblemLoader Environment load took 385.3ns 
92012      INFO  main            d.u.i.k.p.i.AbstractProblemLoader Creating init config 
94589      DEBUG main            d.u.i.k.p.i.AbstractProblemLoader Init config took 2.58s 
94637      INFO  main            d.u.i.k.p.i.AbstractProblemLoader Replaying proof LinkedList[LinkedList::concat(LinkedList)].JML normal_behavior operation contract.0 
95396      DEBUG main            d.u.i.k.p.i.IntermediateProofReplayer Proof replay took 726.36ms 
95400      DEBUG main            d.u.i.k.p.r.p.TestFile    ... success: reloaded. 
95402      INFO  main            d.u.i.k.p.r.p.TestFile    Now processing file /home/runner/work/key/key/key.core/../key.ui/examples/heap/vstte10_05_Queue/LinkedList_cons.key 
95402      INFO  main            d.u.i.k.p.i.AbstractProblemLoader Loading environment from /home/runner/work/key/key/key.core/../key.ui/examples/heap/vstte10_05_Queue/LinkedList_cons.key 
95402      DEBUG main            d.u.i.k.p.i.AbstractProblemLoader Environment load took 207.7ns 
95403      INFO  main            d.u.i.k.p.i.AbstractProblemLoader Creating init config 
97987      DEBUG main            d.u.i.k.p.i.AbstractProblemLoader Init config took 2.58s 
98043      INFO  main            d.u.i.k.p.i.AbstractProblemLoader Replaying proof LinkedList[LinkedList::cons(int)].JML normal_behavior operation contract.0 
98044      DEBUG main            d.u.i.k.p.i.IntermediateProofReplayer Proof replay took 5.4ns 
100180     INFO  main            d.u.i.k.p.r.p.TestFile    ... finished proof: closed. 
100397     INFO  main            d.u.i.k.p.i.AbstractProblemLoader Loading environment from /home/runner/work/key/key/key.core/../key.ui/examples/heap/vstte10_05_Queue/LinkedList_cons.key.proof 
100397     DEBUG main            d.u.i.k.p.i.AbstractProblemLoader Environment load took 396.6ns 
100399     INFO  main            d.u.i.k.p.i.AbstractProblemLoader Creating init config 
102917     DEBUG main            d.u.i.k.p.i.AbstractProblemLoader Init config took 2.52s 
102960     INFO  main            d.u.i.k.p.i.AbstractProblemLoader Replaying proof LinkedList[LinkedList::cons(int)].JML normal_behavior operation contract.0 
103214     DEBUG main            d.u.i.k.p.i.IntermediateProofReplayer Proof replay took 243.87ms 
103215     DEBUG main            d.u.i.k.p.r.p.TestFile    ... success: reloaded. 
103216     INFO  main            d.u.i.k.p.r.p.TestFile    Now processing file /home/runner/work/key/key/key.core/../key.ui/examples/heap/vstte10_05_Queue/LinkedList_head.key 
103216     INFO  main            d.u.i.k.p.i.AbstractProblemLoader Loading environment from /home/runner/work/key/key/key.core/../key.ui/examples/heap/vstte10_05_Queue/LinkedList_head.key 
103216     DEBUG main            d.u.i.k.p.i.AbstractProblemLoader Environment load took 106.8ns 
103217     INFO  main            d.u.i.k.p.i.AbstractProblemLoader Creating init config 
105812     DEBUG main            d.u.i.k.p.i.AbstractProblemLoader Init config took 2.59s 
105853     INFO  main            d.u.i.k.p.i.AbstractProblemLoader Replaying proof LinkedList[LinkedList::head()].JML normal_behavior operation contract.0 
105854     DEBUG main            d.u.i.k.p.i.IntermediateProofReplayer Proof replay took 4.5ns 
105956     INFO  main            d.u.i.k.p.r.p.TestFile    ... finished proof: closed. 
106144     INFO  main            d.u.i.k.p.i.AbstractProblemLoader Loading environment from /home/runner/work/key/key/key.core/../key.ui/examples/heap/vstte10_05_Queue/LinkedList_head.key.proof 
106144     DEBUG main            d.u.i.k.p.i.AbstractProblemLoader Environment load took 105.9ns 
106145     INFO  main            d.u.i.k.p.i.AbstractProblemLoader Creating init config 
108688     DEBUG main            d.u.i.k.p.i.AbstractProblemLoader Init config took 2.54s 
108730     INFO  main            d.u.i.k.p.i.AbstractProblemLoader Replaying proof LinkedList[LinkedList::head()].JML normal_behavior operation contract.0 
108743     DEBUG main            d.u.i.k.p.i.IntermediateProofReplayer Proof replay took 11.59ms 
108744     DEBUG main            d.u.i.k.p.r.p.TestFile    ... success: reloaded. 
108745     INFO  main            d.u.i.k.p.r.p.TestFile    Now processing file /home/runner/work/key/key/key.core/../key.ui/examples/heap/vstte10_05_Queue/LinkedList_inv.key 
108745     INFO  main            d.u.i.k.p.i.AbstractProblemLoader Loading environment from /home/runner/work/key/key/key.core/../key.ui/examples/heap/vstte10_05_Queue/LinkedList_inv.key 
108745     DEBUG main            d.u.i.k.p.i.AbstractProblemLoader Environment load took 91.5ns 
108746     INFO  main            d.u.i.k.p.i.AbstractProblemLoader Creating init config 
111336     DEBUG main            d.u.i.k.p.i.AbstractProblemLoader Init config took 2.59s 
111390     INFO  main            d.u.i.k.p.i.AbstractProblemLoader Replaying proof LinkedList[java.lang.Object::<inv>()].JML accessible clause.0 
111392     DEBUG main            d.u.i.k.p.i.IntermediateProofReplayer Proof replay took 4.9ns 
111696     INFO  main            d.u.i.k.p.r.p.TestFile    ... finished proof: closed. 
111897     INFO  main            d.u.i.k.p.i.AbstractProblemLoader Loading environment from /home/runner/work/key/key/key.core/../key.ui/examples/heap/vstte10_05_Queue/LinkedList_inv.key.proof 
111897     DEBUG main            d.u.i.k.p.i.AbstractProblemLoader Environment load took 106.8ns 
111898     INFO  main            d.u.i.k.p.i.AbstractProblemLoader Creating init config 
114403     DEBUG main            d.u.i.k.p.i.AbstractProblemLoader Init config took 2.5s 
114452     INFO  main            d.u.i.k.p.i.AbstractProblemLoader Replaying proof LinkedList[java.lang.Object::<inv>()].JML accessible clause.0 
114479     DEBUG main            d.u.i.k.p.i.IntermediateProofReplayer Proof replay took 24.47ms 
114479     DEBUG main            d.u.i.k.p.r.p.TestFile    ... success: reloaded. 
114480     INFO  main            d.u.i.k.p.r.p.TestFile    Now processing file /home/runner/work/key/key/key.core/../key.ui/examples/heap/vstte10_05_Queue/LinkedList_length.key 
114481     INFO  main            d.u.i.k.p.i.AbstractProblemLoader Loading environment from /home/runner/work/key/key/key.core/../key.ui/examples/heap/vstte10_05_Queue/LinkedList_length.key 
114481     DEBUG main            d.u.i.k.p.i.AbstractProblemLoader Environment load took 194.5ns 
114482     INFO  main            d.u.i.k.p.i.AbstractProblemLoader Creating init config 
117068     DEBUG main            d.u.i.k.p.i.AbstractProblemLoader Init config took 2.59s 
117109     INFO  main            d.u.i.k.p.i.AbstractProblemLoader Replaying proof LinkedList[LinkedList::length()].JML normal_behavior operation contract.0 
117110     DEBUG main            d.u.i.k.p.i.IntermediateProofReplayer Proof replay took 5.2ns 
117212     INFO  main            d.u.i.k.p.r.p.TestFile    ... finished proof: closed. 
117418     INFO  main            d.u.i.k.p.i.AbstractProblemLoader Loading environment from /home/runner/work/key/key/key.core/../key.ui/examples/heap/vstte10_05_Queue/LinkedList_length.key.proof 
117418     DEBUG main            d.u.i.k.p.i.AbstractProblemLoader Environment load took 97.7ns 
117419     INFO  main            d.u.i.k.p.i.AbstractProblemLoader Creating init config 
119931     DEBUG main            d.u.i.k.p.i.AbstractProblemLoader Init config took 2.51s 
119983     INFO  main            d.u.i.k.p.i.AbstractProblemLoader Replaying proof LinkedList[LinkedList::length()].JML normal_behavior operation contract.0 
119997     DEBUG main            d.u.i.k.p.i.IntermediateProofReplayer Proof replay took 12.74ms 
119998     DEBUG main            d.u.i.k.p.r.p.TestFile    ... success: reloaded. 
119998     INFO  main            d.u.i.k.p.r.p.TestFile    Now processing file /home/runner/work/key/key/key.core/../key.ui/examples/heap/vstte10_05_Queue/LinkedList_LinkedList1.key 
119999     INFO  main            d.u.i.k.p.i.AbstractProblemLoader Loading environment from /home/runner/work/key/key/key.core/../key.ui/examples/heap/vstte10_05_Queue/LinkedList_LinkedList1.key 
119999     DEBUG main            d.u.i.k.p.i.AbstractProblemLoader Environment load took 57.8ns 
119999     INFO  main            d.u.i.k.p.i.AbstractProblemLoader Creating init config 
122566     DEBUG main            d.u.i.k.p.i.AbstractProblemLoader Init config took 2.57s 
122606     INFO  main            d.u.i.k.p.i.AbstractProblemLoader Replaying proof LinkedList[LinkedList::LinkedList(int,LinkedList)].JML normal_behavior operation contract.0 
122608     DEBUG main            d.u.i.k.p.i.IntermediateProofReplayer Proof replay took 5ns 
124315     INFO  main            d.u.i.k.p.r.p.TestFile    ... finished proof: closed. 
124552     INFO  main            d.u.i.k.p.i.AbstractProblemLoader Loading environment from /home/runner/work/key/key/key.core/../key.ui/examples/heap/vstte10_05_Queue/LinkedList_LinkedList1.key.proof 
124552     DEBUG main            d.u.i.k.p.i.AbstractProblemLoader Environment load took 168.3ns 
124553     INFO  main            d.u.i.k.p.i.AbstractProblemLoader Creating init config 
127071     DEBUG main            d.u.i.k.p.i.AbstractProblemLoader Init config took 2.52s 
127111     INFO  main            d.u.i.k.p.i.AbstractProblemLoader Replaying proof LinkedList[LinkedList::LinkedList(int,LinkedList)].JML normal_behavior operation contract.0 
127342     DEBUG main            d.u.i.k.p.i.IntermediateProofReplayer Proof replay took 223.85ms 
127343     DEBUG main            d.u.i.k.p.r.p.TestFile    ... success: reloaded. 
127344     INFO  main            d.u.i.k.p.r.p.TestFile    Now processing file /home/runner/work/key/key/key.core/../key.ui/examples/heap/vstte10_05_Queue/LinkedList_LinkedList2.key 
127344     INFO  main            d.u.i.k.p.i.AbstractProblemLoader Loading environment from /home/runner/work/key/key/key.core/../key.ui/examples/heap/vstte10_05_Queue/LinkedList_LinkedList2.key 
127344     DEBUG main            d.u.i.k.p.i.AbstractProblemLoader Environment load took 80ns 
127345     INFO  main            d.u.i.k.p.i.AbstractProblemLoader Creating init config 
129949     DEBUG main            d.u.i.k.p.i.AbstractProblemLoader Init config took 2.6s 
129990     INFO  main            d.u.i.k.p.i.AbstractProblemLoader Replaying proof LinkedList[LinkedList::LinkedList(int,LinkedList)].JML normal_behavior operation contract.0 
129991     DEBUG main            d.u.i.k.p.i.IntermediateProofReplayer Proof replay took 5.2ns 
131702     INFO  main            d.u.i.k.p.r.p.TestFile    ... finished proof: closed. 
131931     INFO  main            d.u.i.k.p.i.AbstractProblemLoader Loading environment from /home/runner/work/key/key/key.core/../key.ui/examples/heap/vstte10_05_Queue/LinkedList_LinkedList2.key.proof 
131931     DEBUG main            d.u.i.k.p.i.AbstractProblemLoader Environment load took 214.3ns 
131932     INFO  main            d.u.i.k.p.i.AbstractProblemLoader Creating init config 
134437     DEBUG main            d.u.i.k.p.i.AbstractProblemLoader Init config took 2.5s 
134490     INFO  main            d.u.i.k.p.i.AbstractProblemLoader Replaying proof LinkedList[LinkedList::LinkedList(int,LinkedList)].JML normal_behavior operation contract.0 
134738     DEBUG main            d.u.i.k.p.i.IntermediateProofReplayer Proof replay took 241.32ms 
134739     DEBUG main            d.u.i.k.p.r.p.TestFile    ... success: reloaded. 
134740     INFO  main            d.u.i.k.p.r.p.TestFile    Now processing file /home/runner/work/key/key/key.core/../key.ui/examples/heap/vstte10_05_Queue/LinkedList_LinkedList3.key 
134740     INFO  main            d.u.i.k.p.i.AbstractProblemLoader Loading environment from /home/runner/work/key/key/key.core/../key.ui/examples/heap/vstte10_05_Queue/LinkedList_LinkedList3.key 
134740     DEBUG main            d.u.i.k.p.i.AbstractProblemLoader Environment load took 56.4ns 
134741     INFO  main            d.u.i.k.p.i.AbstractProblemLoader Creating init config 
137291     DEBUG main            d.u.i.k.p.i.AbstractProblemLoader Init config took 2.55s 
137331     INFO  main            d.u.i.k.p.i.AbstractProblemLoader Replaying proof LinkedList[LinkedList::LinkedList(int,LinkedList)].JML normal_behavior operation contract.0 
137332     DEBUG main            d.u.i.k.p.i.IntermediateProofReplayer Proof replay took 4.7ns 
149504     INFO  main            d.u.i.k.p.r.p.TestFile    ... finished proof: closed. 
149809     INFO  main            d.u.i.k.p.i.AbstractProblemLoader Loading environment from /home/runner/work/key/key/key.core/../key.ui/examples/heap/vstte10_05_Queue/LinkedList_LinkedList3.key.proof 
149810     DEBUG main            d.u.i.k.p.i.AbstractProblemLoader Environment load took 394.4ns 
149815     INFO  main            d.u.i.k.p.i.AbstractProblemLoader Creating init config 
152330     DEBUG main            d.u.i.k.p.i.AbstractProblemLoader Init config took 2.51s 
152373     INFO  main            d.u.i.k.p.i.AbstractProblemLoader Replaying proof LinkedList[LinkedList::LinkedList(int,LinkedList)].JML normal_behavior operation contract.0 
153494     DEBUG main            d.u.i.k.p.i.IntermediateProofReplayer Proof replay took 1.03s 
153499     DEBUG main            d.u.i.k.p.r.p.TestFile    ... success: reloaded. 
153500     INFO  main            d.u.i.k.p.r.p.TestFile    Now processing file /home/runner/work/key/key/key.core/../key.ui/examples/heap/vstte10_05_Queue/LinkedList_reverse.key 
153500     INFO  main            d.u.i.k.p.i.AbstractProblemLoader Loading environment from /home/runner/work/key/key/key.core/../key.ui/examples/heap/vstte10_05_Queue/LinkedList_reverse.key 
153500     DEBUG main            d.u.i.k.p.i.AbstractProblemLoader Environment load took 82ns 
153501     INFO  main            d.u.i.k.p.i.AbstractProblemLoader Creating init config 
156116     DEBUG main            d.u.i.k.p.i.AbstractProblemLoader Init config took 2.62s 
156157     INFO  main            d.u.i.k.p.i.AbstractProblemLoader Replaying proof LinkedList[LinkedList::reverse()].JML normal_behavior operation contract.0 
156159     DEBUG main            d.u.i.k.p.i.IntermediateProofReplayer Proof replay took 5.4ns 
164694     INFO  main            d.u.i.k.p.r.p.TestFile    ... finished proof: closed. 
164975     INFO  main            d.u.i.k.p.i.AbstractProblemLoader Loading environment from /home/runner/work/key/key/key.core/../key.ui/examples/heap/vstte10_05_Queue/LinkedList_reverse.key.proof 
164976     DEBUG main            d.u.i.k.p.i.AbstractProblemLoader Environment load took 444ns 
164978     INFO  main            d.u.i.k.p.i.AbstractProblemLoader Creating init config 
167491     DEBUG main            d.u.i.k.p.i.AbstractProblemLoader Init config took 2.51s 
167537     INFO  main            d.u.i.k.p.i.AbstractProblemLoader Replaying proof LinkedList[LinkedList::reverse()].JML normal_behavior operation contract.0 
168228     DEBUG main            d.u.i.k.p.i.IntermediateProofReplayer Proof replay took 663.69ms 
168230     DEBUG main            d.u.i.k.p.r.p.TestFile    ... success: reloaded. 
168231     INFO  main            d.u.i.k.p.r.p.TestFile    Now processing file /home/runner/work/key/key/key.core/../key.ui/examples/heap/vstte10_05_Queue/LinkedList_tail.key 
168231     INFO  main            d.u.i.k.p.i.AbstractProblemLoader Loading environment from /home/runner/work/key/key/key.core/../key.ui/examples/heap/vstte10_05_Queue/LinkedList_tail.key 
168231     DEBUG main            d.u.i.k.p.i.AbstractProblemLoader Environment load took 85ns 
168232     INFO  main            d.u.i.k.p.i.AbstractProblemLoader Creating init config 
170814     DEBUG main            d.u.i.k.p.i.AbstractProblemLoader Init config took 2.58s 
170854     INFO  main            d.u.i.k.p.i.AbstractProblemLoader Replaying proof LinkedList[LinkedList::tail()].JML normal_behavior operation contract.0 
170855     DEBUG main            d.u.i.k.p.i.IntermediateProofReplayer Proof replay took 56.1ns 
171357     INFO  main            d.u.i.k.p.r.p.TestFile    ... finished proof: closed. 
171584     INFO  main            d.u.i.k.p.i.AbstractProblemLoader Loading environment from /home/runner/work/key/key/key.core/../key.ui/examples/heap/vstte10_05_Queue/LinkedList_tail.key.proof 
171584     DEBUG main            d.u.i.k.p.i.AbstractProblemLoader Environment load took 98.4ns 
171585     INFO  main            d.u.i.k.p.i.AbstractProblemLoader Creating init config 
174099     DEBUG main            d.u.i.k.p.i.AbstractProblemLoader Init config took 2.51s 
174140     INFO  main            d.u.i.k.p.i.AbstractProblemLoader Replaying proof LinkedList[LinkedList::tail()].JML normal_behavior operation contract.0 
174229     DEBUG main            d.u.i.k.p.i.IntermediateProofReplayer Proof replay took 85.54ms 
174229     DEBUG main            d.u.i.k.p.r.p.TestFile    ... success: reloaded. 
2242574    INFO  Test worker     d.u.i.k.p.r.RunAllProofsTestUnit Returning from test VSTTE10 
2242575    INFO  Test worker     d.u.i.k.p.r.RunAllProofsTestUnit Running test WeideEtAl 
359        INFO  Timeout watchdog d.u.i.k.p.r.p.ForkedTestFileRunner Timeout watcher launched (2000 secs.) 
363        WARN  main            d.u.i.k.s.ProofSettings   The settings in /home/runner/.key/proof-settings.props are *not* read. 
409        INFO  main            d.u.i.k.p.r.p.TestFile    Now processing file /home/runner/work/key/key/key.core/../key.ui/examples/heap/WeideEtAl_01_AddAndMultiply/AddAndMultiply_add.key 
567        INFO  main            d.u.i.k.p.i.AbstractProblemLoader Loading environment from /home/runner/work/key/key/key.core/../key.ui/examples/heap/WeideEtAl_01_AddAndMultiply/AddAndMultiply_add.key 
585        DEBUG main            d.u.i.k.p.i.AbstractProblemLoader Environment load took 1.72ms 
795        INFO  main            d.u.i.k.p.i.AbstractProblemLoader Creating init config 
1686       DEBUG main            d.u.i.k.j.TypeConverter   No LDT found for Meta 
1686       DEBUG main            d.u.i.k.j.TypeConverter   No LDT found for Meta 
1689       DEBUG main            d.u.i.k.j.TypeConverter   No LDT found for Meta 
1690       DEBUG main            d.u.i.k.j.TypeConverter   No LDT found for Meta 
3006       DEBUG main            d.u.i.k.j.TypeConverter   No LDT found for JavaBigintExpression 
7886       DEBUG main            d.u.i.k.p.i.AbstractProblemLoader Init config took 7.09s 
8005       INFO  main            d.u.i.k.p.i.AbstractProblemLoader Replaying proof AddAndMultiply[AddAndMultiply::add(int,int)].JML normal_behavior operation contract.0 
8032       DEBUG main            d.u.i.k.p.i.IntermediateProofReplayer Proof replay took 29.8ns 
9468       INFO  main            d.u.i.k.p.r.p.TestFile    ... finished proof: closed. 
9585       INFO  main            d.u.i.k.p.i.AbstractProblemLoader Loading environment from /home/runner/work/key/key/key.core/../key.ui/examples/heap/WeideEtAl_01_AddAndMultiply/AddAndMultiply_add.key.proof 
9586       DEBUG main            d.u.i.k.p.i.AbstractProblemLoader Environment load took 402.9ns 
9588       INFO  main            d.u.i.k.p.i.AbstractProblemLoader Creating init config 
12180      DEBUG main            d.u.i.k.p.i.AbstractProblemLoader Init config took 2.59s 
12251      INFO  main            d.u.i.k.p.i.AbstractProblemLoader Replaying proof AddAndMultiply[AddAndMultiply::add(int,int)].JML normal_behavior operation contract.0 
12498      DEBUG main            d.u.i.k.p.i.IntermediateProofReplayer Proof replay took 238.27ms 
12505      DEBUG main            d.u.i.k.p.r.p.TestFile    ... success: reloaded. 
12507      INFO  main            d.u.i.k.p.r.p.TestFile    Now processing file /home/runner/work/key/key/key.core/../key.ui/examples/heap/WeideEtAl_01_AddAndMultiply/AddAndMultiply_mul.key 
12507      INFO  main            d.u.i.k.p.i.AbstractProblemLoader Loading environment from /home/runner/work/key/key/key.core/../key.ui/examples/heap/WeideEtAl_01_AddAndMultiply/AddAndMultiply_mul.key 
12507      DEBUG main            d.u.i.k.p.i.AbstractProblemLoader Environment load took 215.9ns 
12509      INFO  main            d.u.i.k.p.i.AbstractProblemLoader Creating init config 
15029      DEBUG main            d.u.i.k.p.i.AbstractProblemLoader Init config took 2.52s 
15083      INFO  main            d.u.i.k.p.i.AbstractProblemLoader Replaying proof AddAndMultiply[AddAndMultiply::mul(int,int)].JML normal_behavior operation contract.0 
15086      DEBUG main            d.u.i.k.p.i.IntermediateProofReplayer Proof replay took 4.6ns 
15592      INFO  main            d.u.i.k.p.r.p.TestFile    ... finished proof: closed. 
15729      INFO  main            d.u.i.k.p.i.AbstractProblemLoader Loading environment from /home/runner/work/key/key/key.core/../key.ui/examples/heap/WeideEtAl_01_AddAndMultiply/AddAndMultiply_mul.key.proof 
15730      DEBUG main            d.u.i.k.p.i.AbstractProblemLoader Environment load took 118.8ns 
15731      INFO  main            d.u.i.k.p.i.AbstractProblemLoader Creating init config 
18215      DEBUG main            d.u.i.k.p.i.AbstractProblemLoader Init config took 2.48s 
18263      INFO  main            d.u.i.k.p.i.AbstractProblemLoader Replaying proof AddAndMultiply[AddAndMultiply::mul(int,int)].JML normal_behavior operation contract.0 
18375      DEBUG main            d.u.i.k.p.i.IntermediateProofReplayer Proof replay took 106.89ms 
18376      DEBUG main            d.u.i.k.p.r.p.TestFile    ... success: reloaded. 
18379      INFO  main            d.u.i.k.p.r.p.TestFile    Now processing file /home/runner/work/key/key/key.core/../key.ui/examples/heap/WeideEtAl_02_BinarySearch/BinarySearch_search.key 
18379      INFO  main            d.u.i.k.p.i.AbstractProblemLoader Loading environment from /home/runner/work/key/key/key.core/../key.ui/examples/heap/WeideEtAl_02_BinarySearch/BinarySearch_search.key 
18379      DEBUG main            d.u.i.k.p.i.AbstractProblemLoader Environment load took 212.6ns 
18381      INFO  main            d.u.i.k.p.i.AbstractProblemLoader Creating init config 
20882      DEBUG main            d.u.i.k.p.i.AbstractProblemLoader Init config took 2.5s 
20926      INFO  main            d.u.i.k.p.i.AbstractProblemLoader Replaying proof BinarySearch[BinarySearch::search([I,int)].JML normal_behavior operation contract.0 
20931      DEBUG main            d.u.i.k.p.i.IntermediateProofReplayer Proof replay took 5.6ns 
23674      INFO  main            d.u.i.k.p.r.p.TestFile    ... finished proof: closed. 
23836      INFO  main            d.u.i.k.p.i.AbstractProblemLoader Loading environment from /home/runner/work/key/key/key.core/../key.ui/examples/heap/WeideEtAl_02_BinarySearch/BinarySearch_search.key.proof 
23836      DEBUG main            d.u.i.k.p.i.AbstractProblemLoader Environment load took 177.3ns 
23838      INFO  main            d.u.i.k.p.i.AbstractProblemLoader Creating init config 
26223      DEBUG main            d.u.i.k.p.i.AbstractProblemLoader Init config took 2.39s 
26265      INFO  main            d.u.i.k.p.i.AbstractProblemLoader Replaying proof BinarySearch[BinarySearch::search([I,int)].JML normal_behavior operation contract.0 
26761      DEBUG main            d.u.i.k.p.i.IntermediateProofReplayer Proof replay took 477.97ms 
26764      DEBUG main            d.u.i.k.p.r.p.TestFile    ... success: reloaded. 
2269539    INFO  Test worker     d.u.i.k.p.r.RunAllProofsTestUnit Returning from test WeideEtAl 
2269540    INFO  Test worker     d.u.i.k.p.r.RunAllProofsTestUnit Running test arithmetic 
359        INFO  Timeout watchdog d.u.i.k.p.r.p.ForkedTestFileRunner Timeout watcher launched (2000 secs.) 
366        WARN  main            d.u.i.k.s.ProofSettings   The settings in /home/runner/.key/proof-settings.props are *not* read. 
396        INFO  main            d.u.i.k.p.r.p.TestFile    Now processing file /home/runner/work/key/key/key.core/../key.ui/examples/standard_key/arith/binomial1.key 
498        INFO  main            d.u.i.k.p.i.AbstractProblemLoader Loading environment from /home/runner/work/key/key/key.core/../key.ui/examples/standard_key/arith/binomial1.key 
513        DEBUG main            d.u.i.k.p.i.AbstractProblemLoader Environment load took 2.09ms 
732        INFO  main            d.u.i.k.p.i.AbstractProblemLoader Creating init config 
1668       DEBUG main            d.u.i.k.j.TypeConverter   No LDT found for Meta 
1669       DEBUG main            d.u.i.k.j.TypeConverter   No LDT found for Meta 
1672       DEBUG main            d.u.i.k.j.TypeConverter   No LDT found for Meta 
1673       DEBUG main            d.u.i.k.j.TypeConverter   No LDT found for Meta 
2900       DEBUG main            d.u.i.k.j.TypeConverter   No LDT found for JavaBigintExpression 
7503       DEBUG main            d.u.i.k.p.i.AbstractProblemLoader Init config took 6.77s 
7584       INFO  main            d.u.i.k.p.i.AbstractProblemLoader Replaying proof binomial1.key 
7617       DEBUG main            d.u.i.k.p.i.IntermediateProofReplayer Proof replay took 31.9ns 
7880       INFO  main            d.u.i.k.p.r.p.TestFile    ... finished proof: closed. 
8001       INFO  main            d.u.i.k.p.i.AbstractProblemLoader Loading environment from /home/runner/work/key/key/key.core/../key.ui/examples/standard_key/arith/binomial1.key.proof 
8004       DEBUG main            d.u.i.k.p.i.AbstractProblemLoader Environment load took 3.49ms 
8008       INFO  main            d.u.i.k.p.i.AbstractProblemLoader Creating init config 
10494      DEBUG main            d.u.i.k.p.i.AbstractProblemLoader Init config took 2.49s 
10523      INFO  main            d.u.i.k.p.i.AbstractProblemLoader Replaying proof binomial1.key.proof 
10539      DEBUG main            d.u.i.k.p.i.IntermediateProofReplayer Proof replay took 11.73ms 
10548      DEBUG main            d.u.i.k.p.r.p.TestFile    ... success: reloaded. 
10549      INFO  main            d.u.i.k.p.r.p.TestFile    Now processing file /home/runner/work/key/key/key.core/../key.ui/examples/standard_key/arith/binomial2.key 
10549      INFO  main            d.u.i.k.p.i.AbstractProblemLoader Loading environment from /home/runner/work/key/key/key.core/../key.ui/examples/standard_key/arith/binomial2.key 
10550      DEBUG main            d.u.i.k.p.i.AbstractProblemLoader Environment load took 192.1ns 
10551      INFO  main            d.u.i.k.p.i.AbstractProblemLoader Creating init config 
12958      DEBUG main            d.u.i.k.p.i.AbstractProblemLoader Init config took 2.41s 
12986      INFO  main            d.u.i.k.p.i.AbstractProblemLoader Replaying proof binomial2.key 
12994      DEBUG main            d.u.i.k.p.i.IntermediateProofReplayer Proof replay took 6.4ns 
13097      INFO  main            d.u.i.k.p.r.p.TestFile    ... finished proof: closed. 
13242      INFO  main            d.u.i.k.p.i.AbstractProblemLoader Loading environment from /home/runner/work/key/key/key.core/../key.ui/examples/standard_key/arith/binomial2.key.proof 
13242      DEBUG main            d.u.i.k.p.i.AbstractProblemLoader Environment load took 116ns 
13243      INFO  main            d.u.i.k.p.i.AbstractProblemLoader Creating init config 
15606      DEBUG main            d.u.i.k.p.i.AbstractProblemLoader Init config took 2.36s 
15634      INFO  main            d.u.i.k.p.i.AbstractProblemLoader Replaying proof binomial2.key.proof 
15663      DEBUG main            d.u.i.k.p.i.IntermediateProofReplayer Proof replay took 26.17ms 
15664      DEBUG main            d.u.i.k.p.r.p.TestFile    ... success: reloaded. 
15667      INFO  main            d.u.i.k.p.r.p.TestFile    Now processing file /home/runner/work/key/key/key.core/../key.ui/examples/standard_key/arith/check_jdiv.key 
15667      INFO  main            d.u.i.k.p.i.AbstractProblemLoader Loading environment from /home/runner/work/key/key/key.core/../key.ui/examples/standard_key/arith/check_jdiv.key 
15667      DEBUG main            d.u.i.k.p.i.AbstractProblemLoader Environment load took 197.1ns 
15670      INFO  main            d.u.i.k.p.i.AbstractProblemLoader Creating init config 
18093      DEBUG main            d.u.i.k.p.i.AbstractProblemLoader Init config took 2.42s 
18113      INFO  main            d.u.i.k.p.i.AbstractProblemLoader Replaying proof check_jdiv.key 
18118      DEBUG main            d.u.i.k.p.i.IntermediateProofReplayer Proof replay took 5.5ns 
22601      INFO  main            d.u.i.k.p.r.p.TestFile    ... finished proof: closed. 
22792      INFO  main            d.u.i.k.p.i.AbstractProblemLoader Loading environment from /home/runner/work/key/key/key.core/../key.ui/examples/standard_key/arith/check_jdiv.key.proof 
22792      DEBUG main            d.u.i.k.p.i.AbstractProblemLoader Environment load took 428ns 
22794      INFO  main            d.u.i.k.p.i.AbstractProblemLoader Creating init config 
25088      DEBUG main            d.u.i.k.p.i.AbstractProblemLoader Init config took 2.29s 
25108      INFO  main            d.u.i.k.p.i.AbstractProblemLoader Replaying proof check_jdiv.key.proof 
25410      DEBUG main            d.u.i.k.p.i.IntermediateProofReplayer Proof replay took 268.73ms 
25412      DEBUG main            d.u.i.k.p.r.p.TestFile    ... success: reloaded. 
25414      INFO  main            d.u.i.k.p.r.p.TestFile    Now processing file /home/runner/work/key/key/key.core/../key.ui/examples/standard_key/arith/check_jdiv_concrete.key 
25414      INFO  main            d.u.i.k.p.i.AbstractProblemLoader Loading environment from /home/runner/work/key/key/key.core/../key.ui/examples/standard_key/arith/check_jdiv_concrete.key 
25414      DEBUG main            d.u.i.k.p.i.AbstractProblemLoader Environment load took 193.6ns 
25416      INFO  main            d.u.i.k.p.i.AbstractProblemLoader Creating init config 
27723      DEBUG main            d.u.i.k.p.i.AbstractProblemLoader Init config took 2.31s 
27742      INFO  main            d.u.i.k.p.i.AbstractProblemLoader Replaying proof check_jdiv_concrete.key 
27743      DEBUG main            d.u.i.k.p.i.IntermediateProofReplayer Proof replay took 11.1ns 
27861      INFO  main            d.u.i.k.p.r.p.TestFile    ... finished proof: closed. 
28034      INFO  main            d.u.i.k.p.i.AbstractProblemLoader Loading environment from /home/runner/work/key/key/key.core/../key.ui/examples/standard_key/arith/check_jdiv_concrete.key.proof 
28034      DEBUG main            d.u.i.k.p.i.AbstractProblemLoader Environment load took 106.7ns 
28035      INFO  main            d.u.i.k.p.i.AbstractProblemLoader Creating init config 
30316      DEBUG main            d.u.i.k.p.i.AbstractProblemLoader Init config took 2.28s 
30334      INFO  main            d.u.i.k.p.i.AbstractProblemLoader Replaying proof check_jdiv_concrete.key.proof 
30339      DEBUG main            d.u.i.k.p.i.IntermediateProofReplayer Proof replay took 2.8ms 
30340      DEBUG main            d.u.i.k.p.r.p.TestFile    ... success: reloaded. 
30341      INFO  main            d.u.i.k.p.r.p.TestFile    Now processing file /home/runner/work/key/key/key.core/../key.ui/examples/standard_key/arith/check_jdiv_instantiated.key 
30341      INFO  main            d.u.i.k.p.i.AbstractProblemLoader Loading environment from /home/runner/work/key/key/key.core/../key.ui/examples/standard_key/arith/check_jdiv_instantiated.key 
30342      DEBUG main            d.u.i.k.p.i.AbstractProblemLoader Environment load took 201.8ns 
30343      INFO  main            d.u.i.k.p.i.AbstractProblemLoader Creating init config 
32674      DEBUG main            d.u.i.k.p.i.AbstractProblemLoader Init config took 2.33s 
32693      INFO  main            d.u.i.k.p.i.AbstractProblemLoader Replaying proof check_jdiv_instantiated.key 
32695      DEBUG main            d.u.i.k.p.i.IntermediateProofReplayer Proof replay took 5ns 
35611      INFO  main            d.u.i.k.p.r.p.TestFile    ... finished proof: closed. 
35815      INFO  main            d.u.i.k.p.i.AbstractProblemLoader Loading environment from /home/runner/work/key/key/key.core/../key.ui/examples/standard_key/arith/check_jdiv_instantiated.key.proof 
35816      DEBUG main            d.u.i.k.p.i.AbstractProblemLoader Environment load took 376.4ns 
35818      INFO  main            d.u.i.k.p.i.AbstractProblemLoader Creating init config 
38088      DEBUG main            d.u.i.k.p.i.AbstractProblemLoader Init config took 2.27s 
38109      INFO  main            d.u.i.k.p.i.AbstractProblemLoader Replaying proof check_jdiv_instantiated.key.proof 
38313      DEBUG main            d.u.i.k.p.i.IntermediateProofReplayer Proof replay took 179.45ms 
38316      DEBUG main            d.u.i.k.p.r.p.TestFile    ... success: reloaded. 
38317      INFO  main            d.u.i.k.p.r.p.TestFile    Now processing file /home/runner/work/key/key/key.core/../key.ui/examples/standard_key/arith/check_jmod.key 
38317      INFO  main            d.u.i.k.p.i.AbstractProblemLoader Loading environment from /home/runner/work/key/key/key.core/../key.ui/examples/standard_key/arith/check_jmod.key 
38317      DEBUG main            d.u.i.k.p.i.AbstractProblemLoader Environment load took 254.6ns 
38318      INFO  main            d.u.i.k.p.i.AbstractProblemLoader Creating init config 
40603      DEBUG main            d.u.i.k.p.i.AbstractProblemLoader Init config took 2.28s 
40619      INFO  main            d.u.i.k.p.i.AbstractProblemLoader Replaying proof check_jmod.key 
40621      DEBUG main            d.u.i.k.p.i.IntermediateProofReplayer Proof replay took 5.7ns 
41127      INFO  main            d.u.i.k.p.r.p.TestFile    ... finished proof: closed. 
41342      INFO  main            d.u.i.k.p.i.AbstractProblemLoader Loading environment from /home/runner/work/key/key/key.core/../key.ui/examples/standard_key/arith/check_jmod.key.proof 
41342      DEBUG main            d.u.i.k.p.i.AbstractProblemLoader Environment load took 398.5ns 
41344      INFO  main            d.u.i.k.p.i.AbstractProblemLoader Creating init config 
43589      DEBUG main            d.u.i.k.p.i.AbstractProblemLoader Init config took 2.25s 
43605      INFO  main            d.u.i.k.p.i.AbstractProblemLoader Replaying proof check_jmod.key.proof 
43647      DEBUG main            d.u.i.k.p.i.IntermediateProofReplayer Proof replay took 36.92ms 
43648      DEBUG main            d.u.i.k.p.r.p.TestFile    ... success: reloaded. 
43649      INFO  main            d.u.i.k.p.r.p.TestFile    Now processing file /home/runner/work/key/key/key.core/../key.ui/examples/standard_key/arith/complexExpressions.key 
43649      INFO  main            d.u.i.k.p.i.AbstractProblemLoader Loading environment from /home/runner/work/key/key/key.core/../key.ui/examples/standard_key/arith/complexExpressions.key 
43649      DEBUG main            d.u.i.k.p.i.AbstractProblemLoader Environment load took 210.3ns 
43650      INFO  main            d.u.i.k.p.i.AbstractProblemLoader Creating init config 
45936      DEBUG main            d.u.i.k.p.i.AbstractProblemLoader Init config took 2.29s 
45954      INFO  main            d.u.i.k.p.i.AbstractProblemLoader Replaying proof complexExpressions.key 
45956      DEBUG main            d.u.i.k.p.i.IntermediateProofReplayer Proof replay took 12.8ns 
46064      INFO  main            d.u.i.k.p.r.p.TestFile    ... finished proof: closed. 
46229      INFO  main            d.u.i.k.p.i.AbstractProblemLoader Loading environment from /home/runner/work/key/key/key.core/../key.ui/examples/standard_key/arith/complexExpressions.key.proof 
46229      DEBUG main            d.u.i.k.p.i.AbstractProblemLoader Environment load took 103.2ns 
46230      INFO  main            d.u.i.k.p.i.AbstractProblemLoader Creating init config 
48505      DEBUG main            d.u.i.k.p.i.AbstractProblemLoader Init config took 2.28s 
48522      INFO  main            d.u.i.k.p.i.AbstractProblemLoader Replaying proof complexExpressions.key.proof 
48532      DEBUG main            d.u.i.k.p.i.IntermediateProofReplayer Proof replay took 7.98ms 
48533      DEBUG main            d.u.i.k.p.r.p.TestFile    ... success: reloaded. 
48534      INFO  main            d.u.i.k.p.r.p.TestFile    Now processing file /home/runner/work/key/key/key.core/../key.ui/examples/standard_key/arith/compound_unaryMinus.key 
48534      INFO  main            d.u.i.k.p.i.AbstractProblemLoader Loading environment from /home/runner/work/key/key/key.core/../key.ui/examples/standard_key/arith/compound_unaryMinus.key 
48534      DEBUG main            d.u.i.k.p.i.AbstractProblemLoader Environment load took 174.3ns 
48535      INFO  main            d.u.i.k.p.i.AbstractProblemLoader Creating init config 
50828      DEBUG main            d.u.i.k.p.i.AbstractProblemLoader Init config took 2.29s 
50845      INFO  main            d.u.i.k.p.i.AbstractProblemLoader Replaying proof compound_unaryMinus.key 
50846      DEBUG main            d.u.i.k.p.i.IntermediateProofReplayer Proof replay took 4.6ns 
50949      INFO  main            d.u.i.k.p.r.p.TestFile    ... finished proof: closed. 
51095      INFO  main            d.u.i.k.p.i.AbstractProblemLoader Loading environment from /home/runner/work/key/key/key.core/../key.ui/examples/standard_key/arith/compound_unaryMinus.key.proof 
51096      DEBUG main            d.u.i.k.p.i.AbstractProblemLoader Environment load took 101.6ns 
51097      INFO  main            d.u.i.k.p.i.AbstractProblemLoader Creating init config 
53345      DEBUG main            d.u.i.k.p.i.AbstractProblemLoader Init config took 2.25s 
53360      INFO  main            d.u.i.k.p.i.AbstractProblemLoader Replaying proof compound_unaryMinus.key.proof 
53365      DEBUG main            d.u.i.k.p.i.IntermediateProofReplayer Proof replay took 3.39ms 
53366      DEBUG main            d.u.i.k.p.r.p.TestFile    ... success: reloaded. 
53367      INFO  main            d.u.i.k.p.r.p.TestFile    Now processing file /home/runner/work/key/key/key.core/../key.ui/examples/standard_key/arith/computation.key 
53367      INFO  main            d.u.i.k.p.i.AbstractProblemLoader Loading environment from /home/runner/work/key/key/key.core/../key.ui/examples/standard_key/arith/computation.key 
53367      DEBUG main            d.u.i.k.p.i.AbstractProblemLoader Environment load took 71.7ns 
53368      INFO  main            d.u.i.k.p.i.AbstractProblemLoader Creating init config 
55633      DEBUG main            d.u.i.k.p.i.AbstractProblemLoader Init config took 2.27s 
55650      INFO  main            d.u.i.k.p.i.AbstractProblemLoader Replaying proof computation.key 
55652      DEBUG main            d.u.i.k.p.i.IntermediateProofReplayer Proof replay took 4.9ns 
56957      INFO  main            d.u.i.k.p.r.p.TestFile    ... finished proof: closed. 
57189      INFO  main            d.u.i.k.p.i.AbstractProblemLoader Loading environment from /home/runner/work/key/key/key.core/../key.ui/examples/standard_key/arith/computation.key.proof 
57190      DEBUG main            d.u.i.k.p.i.AbstractProblemLoader Environment load took 475.8ns 
57192      INFO  main            d.u.i.k.p.i.AbstractProblemLoader Creating init config 
59403      DEBUG main            d.u.i.k.p.i.AbstractProblemLoader Init config took 2.21s 
59420      INFO  main            d.u.i.k.p.i.AbstractProblemLoader Replaying proof computation.key.proof 
59554      DEBUG main            d.u.i.k.p.i.IntermediateProofReplayer Proof replay took 129.6ms 
59555      DEBUG main            d.u.i.k.p.r.p.TestFile    ... success: reloaded. 
59556      INFO  main            d.u.i.k.p.r.p.TestFile    Now processing file /home/runner/work/key/key/key.core/../key.ui/examples/standard_key/arith/cubicSum.key 
59556      INFO  main            d.u.i.k.p.i.AbstractProblemLoader Loading environment from /home/runner/work/key/key/key.core/../key.ui/examples/standard_key/arith/cubicSum.key 
59556      DEBUG main            d.u.i.k.p.i.AbstractProblemLoader Environment load took 93.1ns 
59558      INFO  main            d.u.i.k.p.i.AbstractProblemLoader Creating init config 
61952      DEBUG main            d.u.i.k.p.i.AbstractProblemLoader Init config took 2.39s 
61968      INFO  main            d.u.i.k.p.i.AbstractProblemLoader Replaying proof cubicSum.key 
61970      DEBUG main            d.u.i.k.p.i.IntermediateProofReplayer Proof replay took 5.2ns 
62777      INFO  main            d.u.i.k.p.r.p.TestFile    ... finished proof: closed. 
63049      INFO  main            d.u.i.k.p.i.AbstractProblemLoader Loading environment from /home/runner/work/key/key/key.core/../key.ui/examples/standard_key/arith/cubicSum.key.proof 
63049      DEBUG main            d.u.i.k.p.i.AbstractProblemLoader Environment load took 436.4ns 
63051      INFO  main            d.u.i.k.p.i.AbstractProblemLoader Creating init config 
65407      DEBUG main            d.u.i.k.p.i.AbstractProblemLoader Init config took 2.36s 
65423      INFO  main            d.u.i.k.p.i.AbstractProblemLoader Replaying proof cubicSum.key.proof 
65552      DEBUG main            d.u.i.k.p.i.IntermediateProofReplayer Proof replay took 125.62ms 
65553      DEBUG main            d.u.i.k.p.r.p.TestFile    ... success: reloaded. 
65557      INFO  main            d.u.i.k.p.r.p.TestFile    Now processing file /home/runner/work/key/key/key.core/../key.ui/examples/standard_key/arith/divByZero.key 
65557      INFO  main            d.u.i.k.p.i.AbstractProblemLoader Loading environment from /home/runner/work/key/key/key.core/../key.ui/examples/standard_key/arith/divByZero.key 
65557      DEBUG main            d.u.i.k.p.i.AbstractProblemLoader Environment load took 78ns 
65558      INFO  main            d.u.i.k.p.i.AbstractProblemLoader Creating init config 
67837      DEBUG main            d.u.i.k.p.i.AbstractProblemLoader Init config took 2.28s 
67852      INFO  main            d.u.i.k.p.i.AbstractProblemLoader Replaying proof divByZero.key 
67854      DEBUG main            d.u.i.k.p.i.IntermediateProofReplayer Proof replay took 5.4ns 
68057      INFO  main            d.u.i.k.p.r.p.TestFile    ... finished proof: closed. 
68246      INFO  main            d.u.i.k.p.i.AbstractProblemLoader Loading environment from /home/runner/work/key/key/key.core/../key.ui/examples/standard_key/arith/divByZero.key.proof 
68246      DEBUG main            d.u.i.k.p.i.AbstractProblemLoader Environment load took 103.8ns 
68248      INFO  main            d.u.i.k.p.i.AbstractProblemLoader Creating init config 
70562      DEBUG main            d.u.i.k.p.i.AbstractProblemLoader Init config took 2.31s 
70577      INFO  main            d.u.i.k.p.i.AbstractProblemLoader Replaying proof divByZero.key.proof 
70609      DEBUG main            d.u.i.k.p.i.IntermediateProofReplayer Proof replay took 29.47ms 
70610      DEBUG main            d.u.i.k.p.r.p.TestFile    ... success: reloaded. 
70611      INFO  main            d.u.i.k.p.r.p.TestFile    Now processing file /home/runner/work/key/key/key.core/../key.ui/examples/standard_key/arith/divisionAssoc.key 
70611      INFO  main            d.u.i.k.p.i.AbstractProblemLoader Loading environment from /home/runner/work/key/key/key.core/../key.ui/examples/standard_key/arith/divisionAssoc.key 
70612      DEBUG main            d.u.i.k.p.i.AbstractProblemLoader Environment load took 185.3ns 
70613      INFO  main            d.u.i.k.p.i.AbstractProblemLoader Creating init config 
72876      DEBUG main            d.u.i.k.p.i.AbstractProblemLoader Init config took 2.26s 
72890      INFO  main            d.u.i.k.p.i.AbstractProblemLoader Replaying proof divisionAssoc.key 
72892      DEBUG main            d.u.i.k.p.i.IntermediateProofReplayer Proof replay took 5.6ns 
73496      INFO  main            d.u.i.k.p.r.p.TestFile    ... finished proof: closed. 
73710      INFO  main            d.u.i.k.p.i.AbstractProblemLoader Loading environment from /home/runner/work/key/key/key.core/../key.ui/examples/standard_key/arith/divisionAssoc.key.proof 
73711      DEBUG main            d.u.i.k.p.i.AbstractProblemLoader Environment load took 613.3ns 
73712      INFO  main            d.u.i.k.p.i.AbstractProblemLoader Creating init config 
75908      DEBUG main            d.u.i.k.p.i.AbstractProblemLoader Init config took 2.2s 
75922      INFO  main            d.u.i.k.p.i.AbstractProblemLoader Replaying proof divisionAssoc.key.proof 
75973      DEBUG main            d.u.i.k.p.i.IntermediateProofReplayer Proof replay took 47.19ms 
75974      DEBUG main            d.u.i.k.p.r.p.TestFile    ... success: reloaded. 
75975      INFO  main            d.u.i.k.p.r.p.TestFile    Now processing file /home/runner/work/key/key/key.core/../key.ui/examples/standard_key/arith/divisionBy2.key 
75976      INFO  main            d.u.i.k.p.i.AbstractProblemLoader Loading environment from /home/runner/work/key/key/key.core/../key.ui/examples/standard_key/arith/divisionBy2.key 
75976      DEBUG main            d.u.i.k.p.i.AbstractProblemLoader Environment load took 175ns 
75977      INFO  main            d.u.i.k.p.i.AbstractProblemLoader Creating init config 
78247      DEBUG main            d.u.i.k.p.i.AbstractProblemLoader Init config took 2.27s 
78260      INFO  main            d.u.i.k.p.i.AbstractProblemLoader Replaying proof divisionBy2.key 
78261      DEBUG main            d.u.i.k.p.i.IntermediateProofReplayer Proof replay took 5.5ns 
78363      INFO  main            d.u.i.k.p.r.p.TestFile    ... finished proof: closed. 
78555      INFO  main            d.u.i.k.p.i.AbstractProblemLoader Loading environment from /home/runner/work/key/key/key.core/../key.ui/examples/standard_key/arith/divisionBy2.key.proof 
78555      DEBUG main            d.u.i.k.p.i.AbstractProblemLoader Environment load took 97.5ns 
78556      INFO  main            d.u.i.k.p.i.AbstractProblemLoader Creating init config 
80750      DEBUG main            d.u.i.k.p.i.AbstractProblemLoader Init config took 2.19s 
80772      INFO  main            d.u.i.k.p.i.AbstractProblemLoader Replaying proof divisionBy2.key.proof 
80782      DEBUG main            d.u.i.k.p.i.IntermediateProofReplayer Proof replay took 6.14ms 
80783      DEBUG main            d.u.i.k.p.r.p.TestFile    ... success: reloaded. 
80784      INFO  main            d.u.i.k.p.r.p.TestFile    Now processing file /home/runner/work/key/key/key.core/../key.ui/examples/standard_key/arith/euclidean/gcdHelp-post.key 
80784      INFO  main            d.u.i.k.p.i.AbstractProblemLoader Loading environment from /home/runner/work/key/key/key.core/../key.ui/examples/standard_key/arith/euclidean/gcdHelp-post.key 
80784      DEBUG main            d.u.i.k.p.i.AbstractProblemLoader Environment load took 176.4ns 
80785      INFO  main            d.u.i.k.p.i.AbstractProblemLoader Creating init config 
83151      DEBUG main            d.u.i.k.p.i.AbstractProblemLoader Init config took 2.37s 
83166      INFO  main            d.u.i.k.p.i.AbstractProblemLoader Replaying proof gcdHelp-post.key 
83168      DEBUG main            d.u.i.k.p.i.IntermediateProofReplayer Proof replay took 5ns 
86178      INFO  main            d.u.i.k.p.r.p.TestFile    ... finished proof: closed. 
86379      INFO  main            d.u.i.k.p.i.AbstractProblemLoader Loading environment from /home/runner/work/key/key/key.core/../key.ui/examples/standard_key/arith/euclidean/gcdHelp-post.key.proof 
86379      DEBUG main            d.u.i.k.p.i.AbstractProblemLoader Environment load took 365ns 
86381      INFO  main            d.u.i.k.p.i.AbstractProblemLoader Creating init config 
88680      DEBUG main            d.u.i.k.p.i.AbstractProblemLoader Init config took 2.3s 
88696      INFO  main            d.u.i.k.p.i.AbstractProblemLoader Replaying proof gcdHelp-post.key.proof 
88894      DEBUG main            d.u.i.k.p.i.IntermediateProofReplayer Proof replay took 188.98ms 
88896      DEBUG main            d.u.i.k.p.r.p.TestFile    ... success: reloaded. 
88897      INFO  main            d.u.i.k.p.r.p.TestFile    Now processing file /home/runner/work/key/key/key.core/../key.ui/examples/standard_key/arith/gemplusDecimal/add.key 
88897      INFO  main            d.u.i.k.p.i.AbstractProblemLoader Loading environment from /home/runner/work/key/key/key.core/../key.ui/examples/standard_key/arith/gemplusDecimal/add.key 
88898      DEBUG main            d.u.i.k.p.i.AbstractProblemLoader Environment load took 180.6ns 
88900      INFO  main            d.u.i.k.p.i.AbstractProblemLoader Creating init config 
91216      DEBUG main            d.u.i.k.p.i.AbstractProblemLoader Init config took 2.32s 
91232      INFO  main            d.u.i.k.p.i.AbstractProblemLoader Replaying proof add.key 
91233      DEBUG main            d.u.i.k.p.i.IntermediateProofReplayer Proof replay took 5.1ns 
129732     INFO  main            d.u.i.k.p.r.p.TestFile    ... finished proof: closed. 
130060     INFO  main            d.u.i.k.p.i.AbstractProblemLoader Loading environment from /home/runner/work/key/key/key.core/../key.ui/examples/standard_key/arith/gemplusDecimal/add.key.proof 
130060     DEBUG main            d.u.i.k.p.i.AbstractProblemLoader Environment load took 171.4ns 
130067     INFO  main            d.u.i.k.p.i.AbstractProblemLoader Creating init config 
132310     DEBUG main            d.u.i.k.p.i.AbstractProblemLoader Init config took 2.24s 
132327     INFO  main            d.u.i.k.p.i.AbstractProblemLoader Replaying proof add.key.proof 
135848     DEBUG main            d.u.i.k.p.i.IntermediateProofReplayer Proof replay took 3.38s 
135855     DEBUG main            d.u.i.k.p.r.p.TestFile    ... success: reloaded. 
135856     INFO  main            d.u.i.k.p.r.p.TestFile    Now processing file /home/runner/work/key/key/key.core/../key.ui/examples/standard_key/arith/jdivevenodd.key 
135856     INFO  main            d.u.i.k.p.i.AbstractProblemLoader Loading environment from /home/runner/work/key/key/key.core/../key.ui/examples/standard_key/arith/jdivevenodd.key 
135857     DEBUG main            d.u.i.k.p.i.AbstractProblemLoader Environment load took 104.8ns 
135858     INFO  main            d.u.i.k.p.i.AbstractProblemLoader Creating init config 
138184     DEBUG main            d.u.i.k.p.i.AbstractProblemLoader Init config took 2.33s 
138197     INFO  main            d.u.i.k.p.i.AbstractProblemLoader Replaying proof jdivevenodd.key 
138198     DEBUG main            d.u.i.k.p.i.IntermediateProofReplayer Proof replay took 5.5ns 
138301     INFO  main            d.u.i.k.p.r.p.TestFile    ... finished proof: closed. 
138613     INFO  main            d.u.i.k.p.i.AbstractProblemLoader Loading environment from /home/runner/work/key/key/key.core/../key.ui/examples/standard_key/arith/jdivevenodd.key.proof 
138613     DEBUG main            d.u.i.k.p.i.AbstractProblemLoader Environment load took 106.9ns 
138614     INFO  main            d.u.i.k.p.i.AbstractProblemLoader Creating init config 
140792     DEBUG main            d.u.i.k.p.i.AbstractProblemLoader Init config took 2.18s 
140805     INFO  main            d.u.i.k.p.i.AbstractProblemLoader Replaying proof jdivevenodd.key.proof 
140820     DEBUG main            d.u.i.k.p.i.IntermediateProofReplayer Proof replay took 12.36ms 
140821     DEBUG main            d.u.i.k.p.r.p.TestFile    ... success: reloaded. 
140822     INFO  main            d.u.i.k.p.r.p.TestFile    Now processing file /home/runner/work/key/key/key.core/../key.ui/examples/standard_key/arith/median.key 
140822     INFO  main            d.u.i.k.p.i.AbstractProblemLoader Loading environment from /home/runner/work/key/key/key.core/../key.ui/examples/standard_key/arith/median.key 
140822     DEBUG main            d.u.i.k.p.i.AbstractProblemLoader Environment load took 173.8ns 
140824     INFO  main            d.u.i.k.p.i.AbstractProblemLoader Creating init config 
143046     DEBUG main            d.u.i.k.p.i.AbstractProblemLoader Init config took 2.22s 
143061     INFO  main            d.u.i.k.p.i.AbstractProblemLoader Replaying proof median.key 
143062     DEBUG main            d.u.i.k.p.i.IntermediateProofReplayer Proof replay took 5ns 
156546     INFO  main            d.u.i.k.p.r.p.TestFile    ... finished proof: closed. 
156883     INFO  main            d.u.i.k.p.i.AbstractProblemLoader Loading environment from /home/runner/work/key/key/key.core/../key.ui/examples/standard_key/arith/median.key.proof 
156884     DEBUG main            d.u.i.k.p.i.AbstractProblemLoader Environment load took 479.2ns 
156887     INFO  main            d.u.i.k.p.i.AbstractProblemLoader Creating init config 
159086     DEBUG main            d.u.i.k.p.i.AbstractProblemLoader Init config took 2.2s 
159100     INFO  main            d.u.i.k.p.i.AbstractProblemLoader Replaying proof median.key.proof 
160233     DEBUG main            d.u.i.k.p.i.IntermediateProofReplayer Proof replay took 1.09s 
160235     DEBUG main            d.u.i.k.p.r.p.TestFile    ... success: reloaded. 
160236     INFO  main            d.u.i.k.p.r.p.TestFile    Now processing file /home/runner/work/key/key/key.core/../key.ui/examples/standard_key/arith/mod1.key 
160236     INFO  main            d.u.i.k.p.i.AbstractProblemLoader Loading environment from /home/runner/work/key/key/key.core/../key.ui/examples/standard_key/arith/mod1.key 
160236     DEBUG main            d.u.i.k.p.i.AbstractProblemLoader Environment load took 102.5ns 
160237     INFO  main            d.u.i.k.p.i.AbstractProblemLoader Creating init config 
162524     DEBUG main            d.u.i.k.p.i.AbstractProblemLoader Init config took 2.29s 
162538     INFO  main            d.u.i.k.p.i.AbstractProblemLoader Replaying proof mod1.key 
162541     DEBUG main            d.u.i.k.p.i.IntermediateProofReplayer Proof replay took 5.2ns 
162643     INFO  main            d.u.i.k.p.r.p.TestFile    ... finished proof: closed. 
162917     INFO  main            d.u.i.k.p.i.AbstractProblemLoader Loading environment from /home/runner/work/key/key/key.core/../key.ui/examples/standard_key/arith/mod1.key.proof 
162917     DEBUG main            d.u.i.k.p.i.AbstractProblemLoader Environment load took 94.7ns 
162918     INFO  main            d.u.i.k.p.i.AbstractProblemLoader Creating init config 
165088     DEBUG main            d.u.i.k.p.i.AbstractProblemLoader Init config took 2.17s 
165103     INFO  main            d.u.i.k.p.i.AbstractProblemLoader Replaying proof mod1.key.proof 
165107     DEBUG main            d.u.i.k.p.i.IntermediateProofReplayer Proof replay took 2.08ms 
165108     DEBUG main            d.u.i.k.p.r.p.TestFile    ... success: reloaded. 
165109     INFO  main            d.u.i.k.p.r.p.TestFile    Now processing file /home/runner/work/key/key/key.core/../key.ui/examples/standard_key/arith/mod2.key 
165109     INFO  main            d.u.i.k.p.i.AbstractProblemLoader Loading environment from /home/runner/work/key/key/key.core/../key.ui/examples/standard_key/arith/mod2.key 
165109     DEBUG main            d.u.i.k.p.i.AbstractProblemLoader Environment load took 79.3ns 
165110     INFO  main            d.u.i.k.p.i.AbstractProblemLoader Creating init config 
167323     DEBUG main            d.u.i.k.p.i.AbstractProblemLoader Init config took 2.21s 
167338     INFO  main            d.u.i.k.p.i.AbstractProblemLoader Replaying proof mod2.key 
167340     DEBUG main            d.u.i.k.p.i.IntermediateProofReplayer Proof replay took 5ns 
167442     INFO  main            d.u.i.k.p.r.p.TestFile    ... finished proof: closed. 
167646     INFO  main            d.u.i.k.p.i.AbstractProblemLoader Loading environment from /home/runner/work/key/key/key.core/../key.ui/examples/standard_key/arith/mod2.key.proof 
167646     DEBUG main            d.u.i.k.p.i.AbstractProblemLoader Environment load took 97.9ns 
167647     INFO  main            d.u.i.k.p.i.AbstractProblemLoader Creating init config 
169826     DEBUG main            d.u.i.k.p.i.AbstractProblemLoader Init config took 2.18s 
169838     INFO  main            d.u.i.k.p.i.AbstractProblemLoader Replaying proof mod2.key.proof 
169841     DEBUG main            d.u.i.k.p.i.IntermediateProofReplayer Proof replay took 1.34ms 
169841     DEBUG main            d.u.i.k.p.r.p.TestFile    ... success: reloaded. 
169842     INFO  main            d.u.i.k.p.r.p.TestFile    Now processing file /home/runner/work/key/key/key.core/../key.ui/examples/standard_key/arith/mod7.key 
169842     INFO  main            d.u.i.k.p.i.AbstractProblemLoader Loading environment from /home/runner/work/key/key/key.core/../key.ui/examples/standard_key/arith/mod7.key 
169842     DEBUG main            d.u.i.k.p.i.AbstractProblemLoader Environment load took 62.2ns 
169843     INFO  main            d.u.i.k.p.i.AbstractProblemLoader Creating init config 
172082     DEBUG main            d.u.i.k.p.i.AbstractProblemLoader Init config took 2.24s 
172094     INFO  main            d.u.i.k.p.i.AbstractProblemLoader Replaying proof mod7.key 
172095     DEBUG main            d.u.i.k.p.i.IntermediateProofReplayer Proof replay took 5.3ns 
172197     INFO  main            d.u.i.k.p.r.p.TestFile    ... finished proof: closed. 
172415     INFO  main            d.u.i.k.p.i.AbstractProblemLoader Loading environment from /home/runner/work/key/key/key.core/../key.ui/examples/standard_key/arith/mod7.key.proof 
172415     DEBUG main            d.u.i.k.p.i.AbstractProblemLoader Environment load took 97.9ns 
172416     INFO  main            d.u.i.k.p.i.AbstractProblemLoader Creating init config 
174589     DEBUG main            d.u.i.k.p.i.AbstractProblemLoader Init config took 2.17s 
174606     INFO  main            d.u.i.k.p.i.AbstractProblemLoader Replaying proof mod7.key.proof 
174612     DEBUG main            d.u.i.k.p.i.IntermediateProofReplayer Proof replay took 4.8ms 
174613     DEBUG main            d.u.i.k.p.r.p.TestFile    ... success: reloaded. 
174613     INFO  main            d.u.i.k.p.r.p.TestFile    Now processing file /home/runner/work/key/key/key.core/../key.ui/examples/standard_key/arith/overflow_hija.key 
174613     INFO  main            d.u.i.k.p.i.AbstractProblemLoader Loading environment from /home/runner/work/key/key/key.core/../key.ui/examples/standard_key/arith/overflow_hija.key 
174613     DEBUG main            d.u.i.k.p.i.AbstractProblemLoader Environment load took 50ns 
174615     INFO  main            d.u.i.k.p.i.AbstractProblemLoader Creating init config 
176844     DEBUG main            d.u.i.k.p.i.AbstractProblemLoader Init config took 2.23s 
176859     INFO  main            d.u.i.k.p.i.AbstractProblemLoader Replaying proof overflow_hija.key 
176861     DEBUG main            d.u.i.k.p.i.IntermediateProofReplayer Proof replay took 5.3ns 
180936     INFO  main            d.u.i.k.p.r.p.TestFile    ... finished proof: closed. 
181189     INFO  main            d.u.i.k.p.i.AbstractProblemLoader Loading environment from /home/runner/work/key/key/key.core/../key.ui/examples/standard_key/arith/overflow_hija.key.proof 
181189     DEBUG main            d.u.i.k.p.i.AbstractProblemLoader Environment load took 359.4ns 
181191     INFO  main            d.u.i.k.p.i.AbstractProblemLoader Creating init config 
183381     DEBUG main            d.u.i.k.p.i.AbstractProblemLoader Init config took 2.19s 
183398     INFO  main            d.u.i.k.p.i.AbstractProblemLoader Replaying proof overflow_hija.key.proof 
183745     DEBUG main            d.u.i.k.p.i.IntermediateProofReplayer Proof replay took 338.12ms 
183746     DEBUG main            d.u.i.k.p.r.p.TestFile    ... success: reloaded. 
183747     INFO  main            d.u.i.k.p.r.p.TestFile    Now processing file /home/runner/work/key/key/key.core/../key.ui/examples/standard_key/arith/poly_division0.key 
183747     INFO  main            d.u.i.k.p.i.AbstractProblemLoader Loading environment from /home/runner/work/key/key/key.core/../key.ui/examples/standard_key/arith/poly_division0.key 
183748     DEBUG main            d.u.i.k.p.i.AbstractProblemLoader Environment load took 63.9ns 
183748     INFO  main            d.u.i.k.p.i.AbstractProblemLoader Creating init config 
186006     DEBUG main            d.u.i.k.p.i.AbstractProblemLoader Init config took 2.26s 
186019     INFO  main            d.u.i.k.p.i.AbstractProblemLoader Replaying proof poly_division0.key 
186020     DEBUG main            d.u.i.k.p.i.IntermediateProofReplayer Proof replay took 5.5ns 
186125     INFO  main            d.u.i.k.p.r.p.TestFile    ... finished proof: closed. 
186400     INFO  main            d.u.i.k.p.i.AbstractProblemLoader Loading environment from /home/runner/work/key/key/key.core/../key.ui/examples/standard_key/arith/poly_division0.key.proof 
186400     DEBUG main            d.u.i.k.p.i.AbstractProblemLoader Environment load took 120.5ns 
186401     INFO  main            d.u.i.k.p.i.AbstractProblemLoader Creating init config 
188570     DEBUG main            d.u.i.k.p.i.AbstractProblemLoader Init config took 2.17s 
188583     INFO  main            d.u.i.k.p.i.AbstractProblemLoader Replaying proof poly_division0.key.proof 
188592     DEBUG main            d.u.i.k.p.i.IntermediateProofReplayer Proof replay took 7.19ms 
188593     DEBUG main            d.u.i.k.p.r.p.TestFile    ... success: reloaded. 
188593     INFO  main            d.u.i.k.p.r.p.TestFile    Now processing file /home/runner/work/key/key/key.core/../key.ui/examples/standard_key/arith/poly_division1.key 
188593     INFO  main            d.u.i.k.p.i.AbstractProblemLoader Loading environment from /home/runner/work/key/key/key.core/../key.ui/examples/standard_key/arith/poly_division1.key 
188593     DEBUG main            d.u.i.k.p.i.AbstractProblemLoader Environment load took 77.4ns 
188594     INFO  main            d.u.i.k.p.i.AbstractProblemLoader Creating init config 
190822     DEBUG main            d.u.i.k.p.i.AbstractProblemLoader Init config took 2.23s 
190834     INFO  main            d.u.i.k.p.i.AbstractProblemLoader Replaying proof poly_division1.key 
190835     DEBUG main            d.u.i.k.p.i.IntermediateProofReplayer Proof replay took 5.5ns 
190937     INFO  main            d.u.i.k.p.r.p.TestFile    ... finished proof: closed. 
191167     INFO  main            d.u.i.k.p.i.AbstractProblemLoader Loading environment from /home/runner/work/key/key/key.core/../key.ui/examples/standard_key/arith/poly_division1.key.proof 
191167     DEBUG main            d.u.i.k.p.i.AbstractProblemLoader Environment load took 92.8ns 
191169     INFO  main            d.u.i.k.p.i.AbstractProblemLoader Creating init config 
193333     DEBUG main            d.u.i.k.p.i.AbstractProblemLoader Init config took 2.16s 
193346     INFO  main            d.u.i.k.p.i.AbstractProblemLoader Replaying proof poly_division1.key.proof 
193353     DEBUG main            d.u.i.k.p.i.IntermediateProofReplayer Proof replay took 5.54ms 
193353     DEBUG main            d.u.i.k.p.r.p.TestFile    ... success: reloaded. 
193354     INFO  main            d.u.i.k.p.r.p.TestFile    Now processing file /home/runner/work/key/key/key.core/../key.ui/examples/standard_key/inEqSimp/division.key 
193354     INFO  main            d.u.i.k.p.i.AbstractProblemLoader Loading environment from /home/runner/work/key/key/key.core/../key.ui/examples/standard_key/inEqSimp/division.key 
193354     DEBUG main            d.u.i.k.p.i.AbstractProblemLoader Environment load took 56.7ns 
193355     INFO  main            d.u.i.k.p.i.AbstractProblemLoader Creating init config 
195562     DEBUG main            d.u.i.k.p.i.AbstractProblemLoader Init config took 2.21s 
195574     INFO  main            d.u.i.k.p.i.AbstractProblemLoader Replaying proof division.key 
195576     DEBUG main            d.u.i.k.p.i.IntermediateProofReplayer Proof replay took 6.2ns 
197381     INFO  main            d.u.i.k.p.r.p.TestFile    ... finished proof: closed. 
197627     INFO  main            d.u.i.k.p.i.AbstractProblemLoader Loading environment from /home/runner/work/key/key/key.core/../key.ui/examples/standard_key/inEqSimp/division.key.proof 
197627     DEBUG main            d.u.i.k.p.i.AbstractProblemLoader Environment load took 102.8ns 
197628     INFO  main            d.u.i.k.p.i.AbstractProblemLoader Creating init config 
199809     DEBUG main            d.u.i.k.p.i.AbstractProblemLoader Init config took 2.18s 
199821     INFO  main            d.u.i.k.p.i.AbstractProblemLoader Replaying proof division.key.proof 
199888     DEBUG main            d.u.i.k.p.i.IntermediateProofReplayer Proof replay took 59.74ms 
199889     DEBUG main            d.u.i.k.p.r.p.TestFile    ... success: reloaded. 
199890     INFO  main            d.u.i.k.p.r.p.TestFile    Now processing file /home/runner/work/key/key/key.core/../key.ui/examples/standard_key/inEqSimp/inequations0.key 
199890     INFO  main            d.u.i.k.p.i.AbstractProblemLoader Loading environment from /home/runner/work/key/key/key.core/../key.ui/examples/standard_key/inEqSimp/inequations0.key 
199890     DEBUG main            d.u.i.k.p.i.AbstractProblemLoader Environment load took 186.3ns 
199891     INFO  main            d.u.i.k.p.i.AbstractProblemLoader Creating init config 
202116     DEBUG main            d.u.i.k.p.i.AbstractProblemLoader Init config took 2.22s 
202129     INFO  main            d.u.i.k.p.i.AbstractProblemLoader Replaying proof inequations0.key 
202130     DEBUG main            d.u.i.k.p.i.IntermediateProofReplayer Proof replay took 35.1ns 
202231     INFO  main            d.u.i.k.p.r.p.TestFile    ... finished proof: closed. 
202498     INFO  main            d.u.i.k.p.i.AbstractProblemLoader Loading environment from /home/runner/work/key/key/key.core/../key.ui/examples/standard_key/inEqSimp/inequations0.key.proof 
202498     DEBUG main            d.u.i.k.p.i.AbstractProblemLoader Environment load took 100.2ns 
202499     INFO  main            d.u.i.k.p.i.AbstractProblemLoader Creating init config 
204658     DEBUG main            d.u.i.k.p.i.AbstractProblemLoader Init config took 2.16s 
204670     INFO  main            d.u.i.k.p.i.AbstractProblemLoader Replaying proof inequations0.key.proof 
204674     DEBUG main            d.u.i.k.p.i.IntermediateProofReplayer Proof replay took 1.86ms 
204674     DEBUG main            d.u.i.k.p.r.p.TestFile    ... success: reloaded. 
204675     INFO  main            d.u.i.k.p.r.p.TestFile    Now processing file /home/runner/work/key/key/key.core/../key.ui/examples/standard_key/inEqSimp/inequations1.key 
204675     INFO  main            d.u.i.k.p.i.AbstractProblemLoader Loading environment from /home/runner/work/key/key/key.core/../key.ui/examples/standard_key/inEqSimp/inequations1.key 
204675     DEBUG main            d.u.i.k.p.i.AbstractProblemLoader Environment load took 173ns 
204676     INFO  main            d.u.i.k.p.i.AbstractProblemLoader Creating init config 
206868     DEBUG main            d.u.i.k.p.i.AbstractProblemLoader Init config took 2.19s 
206881     INFO  main            d.u.i.k.p.i.AbstractProblemLoader Replaying proof inequations1.key 
206882     DEBUG main            d.u.i.k.p.i.IntermediateProofReplayer Proof replay took 2.1ns 
206983     INFO  main            d.u.i.k.p.r.p.TestFile    ... finished proof: closed. 
207225     INFO  main            d.u.i.k.p.i.AbstractProblemLoader Loading environment from /home/runner/work/key/key/key.core/../key.ui/examples/standard_key/inEqSimp/inequations1.key.proof 
207225     DEBUG main            d.u.i.k.p.i.AbstractProblemLoader Environment load took 85.2ns 
207229     INFO  main            d.u.i.k.p.i.AbstractProblemLoader Creating init config 
209398     DEBUG main            d.u.i.k.p.i.AbstractProblemLoader Init config took 2.17s 
209410     INFO  main            d.u.i.k.p.i.AbstractProblemLoader Replaying proof inequations1.key.proof 
209413     DEBUG main            d.u.i.k.p.i.IntermediateProofReplayer Proof replay took 1.1ms 
209413     DEBUG main            d.u.i.k.p.r.p.TestFile    ... success: reloaded. 
209414     INFO  main            d.u.i.k.p.r.p.TestFile    Now processing file /home/runner/work/key/key/key.core/../key.ui/examples/standard_key/inEqSimp/inequations2.key 
209414     INFO  main            d.u.i.k.p.i.AbstractProblemLoader Loading environment from /home/runner/work/key/key/key.core/../key.ui/examples/standard_key/inEqSimp/inequations2.key 
209414     DEBUG main            d.u.i.k.p.i.AbstractProblemLoader Environment load took 45.5ns 
209415     INFO  main            d.u.i.k.p.i.AbstractProblemLoader Creating init config 
211629     DEBUG main            d.u.i.k.p.i.AbstractProblemLoader Init config took 2.21s 
211641     INFO  main            d.u.i.k.p.i.AbstractProblemLoader Replaying proof inequations2.key 
211642     DEBUG main            d.u.i.k.p.i.IntermediateProofReplayer Proof replay took 2.2ns 
211744     INFO  main            d.u.i.k.p.r.p.TestFile    ... finished proof: closed. 
211988     INFO  main            d.u.i.k.p.i.AbstractProblemLoader Loading environment from /home/runner/work/key/key/key.core/../key.ui/examples/standard_key/inEqSimp/inequations2.key.proof 
211988     DEBUG main            d.u.i.k.p.i.AbstractProblemLoader Environment load took 88.8ns 
211989     INFO  main            d.u.i.k.p.i.AbstractProblemLoader Creating init config 
214147     DEBUG main            d.u.i.k.p.i.AbstractProblemLoader Init config took 2.16s 
214160     INFO  main            d.u.i.k.p.i.AbstractProblemLoader Replaying proof inequations2.key.proof 
214162     DEBUG main            d.u.i.k.p.i.IntermediateProofReplayer Proof replay took 1.29ms 
214163     DEBUG main            d.u.i.k.p.r.p.TestFile    ... success: reloaded. 
214164     INFO  main            d.u.i.k.p.r.p.TestFile    Now processing file /home/runner/work/key/key/key.core/../key.ui/examples/standard_key/inEqSimp/linApprox.key 
214164     INFO  main            d.u.i.k.p.i.AbstractProblemLoader Loading environment from /home/runner/work/key/key/key.core/../key.ui/examples/standard_key/inEqSimp/linApprox.key 
214164     DEBUG main            d.u.i.k.p.i.AbstractProblemLoader Environment load took 168.9ns 
214165     INFO  main            d.u.i.k.p.i.AbstractProblemLoader Creating init config 
216373     DEBUG main            d.u.i.k.p.i.AbstractProblemLoader Init config took 2.21s 
216385     INFO  main            d.u.i.k.p.i.AbstractProblemLoader Replaying proof linApprox.key 
216387     DEBUG main            d.u.i.k.p.i.IntermediateProofReplayer Proof replay took 2.6ns 
216489     INFO  main            d.u.i.k.p.r.p.TestFile    ... finished proof: closed. 
216742     INFO  main            d.u.i.k.p.i.AbstractProblemLoader Loading environment from /home/runner/work/key/key/key.core/../key.ui/examples/standard_key/inEqSimp/linApprox.key.proof 
216742     DEBUG main            d.u.i.k.p.i.AbstractProblemLoader Environment load took 85.7ns 
216743     INFO  main            d.u.i.k.p.i.AbstractProblemLoader Creating init config 
218909     DEBUG main            d.u.i.k.p.i.AbstractProblemLoader Init config took 2.17s 
218922     INFO  main            d.u.i.k.p.i.AbstractProblemLoader Replaying proof linApprox.key.proof 
218925     DEBUG main            d.u.i.k.p.i.IntermediateProofReplayer Proof replay took 2.32ms 
218926     DEBUG main            d.u.i.k.p.r.p.TestFile    ... success: reloaded. 
218926     INFO  main            d.u.i.k.p.r.p.TestFile    Now processing file /home/runner/work/key/key/key.core/../key.ui/examples/standard_key/inEqSimp/nonLinInEqExample0.key 
218926     INFO  main            d.u.i.k.p.i.AbstractProblemLoader Loading environment from /home/runner/work/key/key/key.core/../key.ui/examples/standard_key/inEqSimp/nonLinInEqExample0.key 
218927     DEBUG main            d.u.i.k.p.i.AbstractProblemLoader Environment load took 44.6ns 
218927     INFO  main            d.u.i.k.p.i.AbstractProblemLoader Creating init config 
221122     DEBUG main            d.u.i.k.p.i.AbstractProblemLoader Init config took 2.19s 
221136     INFO  main            d.u.i.k.p.i.AbstractProblemLoader Replaying proof nonLinInEqExample0.key 
221137     DEBUG main            d.u.i.k.p.i.IntermediateProofReplayer Proof replay took 3.7ns 
221238     INFO  main            d.u.i.k.p.r.p.TestFile    ... finished proof: closed. 
221498     INFO  main            d.u.i.k.p.i.AbstractProblemLoader Loading environment from /home/runner/work/key/key/key.core/../key.ui/examples/standard_key/inEqSimp/nonLinInEqExample0.key.proof 
221498     DEBUG main            d.u.i.k.p.i.AbstractProblemLoader Environment load took 86.8ns 
221499     INFO  main            d.u.i.k.p.i.AbstractProblemLoader Creating init config 
223656     DEBUG main            d.u.i.k.p.i.AbstractProblemLoader Init config took 2.16s 
223668     INFO  main            d.u.i.k.p.i.AbstractProblemLoader Replaying proof nonLinInEqExample0.key.proof 
223670     DEBUG main            d.u.i.k.p.i.IntermediateProofReplayer Proof replay took 809.2ns 
223671     DEBUG main            d.u.i.k.p.r.p.TestFile    ... success: reloaded. 
223672     INFO  main            d.u.i.k.p.r.p.TestFile    Now processing file /home/runner/work/key/key/key.core/../key.ui/examples/standard_key/inEqSimp/nonLinInEqExample2.key 
223672     INFO  main            d.u.i.k.p.i.AbstractProblemLoader Loading environment from /home/runner/work/key/key/key.core/../key.ui/examples/standard_key/inEqSimp/nonLinInEqExample2.key 
223672     DEBUG main            d.u.i.k.p.i.AbstractProblemLoader Environment load took 46.9ns 
223673     INFO  main            d.u.i.k.p.i.AbstractProblemLoader Creating init config 
225889     DEBUG main            d.u.i.k.p.i.AbstractProblemLoader Init config took 2.22s 
225901     INFO  main            d.u.i.k.p.i.AbstractProblemLoader Replaying proof nonLinInEqExample2.key 
225903     DEBUG main            d.u.i.k.p.i.IntermediateProofReplayer Proof replay took 2.7ns 
226206     INFO  main            d.u.i.k.p.r.p.TestFile    ... finished proof: closed. 
226465     INFO  main            d.u.i.k.p.i.AbstractProblemLoader Loading environment from /home/runner/work/key/key/key.core/../key.ui/examples/standard_key/inEqSimp/nonLinInEqExample2.key.proof 
226465     DEBUG main            d.u.i.k.p.i.AbstractProblemLoader Environment load took 87.8ns 
226466     INFO  main            d.u.i.k.p.i.AbstractProblemLoader Creating init config 
228627     DEBUG main            d.u.i.k.p.i.AbstractProblemLoader Init config took 2.16s 
228639     INFO  main            d.u.i.k.p.i.AbstractProblemLoader Replaying proof nonLinInEqExample2.key.proof 
228678     DEBUG main            d.u.i.k.p.i.IntermediateProofReplayer Proof replay took 22.32ms 
228679     DEBUG main            d.u.i.k.p.r.p.TestFile    ... success: reloaded. 
228680     INFO  main            d.u.i.k.p.r.p.TestFile    Now processing file /home/runner/work/key/key/key.core/../key.ui/examples/standard_key/inEqSimp/nonLinInEqExample3.key 
228680     INFO  main            d.u.i.k.p.i.AbstractProblemLoader Loading environment from /home/runner/work/key/key/key.core/../key.ui/examples/standard_key/inEqSimp/nonLinInEqExample3.key 
228681     DEBUG main            d.u.i.k.p.i.AbstractProblemLoader Environment load took 170.4ns 
228682     INFO  main            d.u.i.k.p.i.AbstractProblemLoader Creating init config 
230899     DEBUG main            d.u.i.k.p.i.AbstractProblemLoader Init config took 2.22s 
230912     INFO  main            d.u.i.k.p.i.AbstractProblemLoader Replaying proof nonLinInEqExample3.key 
230913     DEBUG main            d.u.i.k.p.i.IntermediateProofReplayer Proof replay took 2.1ns 
231118     INFO  main            d.u.i.k.p.r.p.TestFile    ... finished proof: closed. 
231394     INFO  main            d.u.i.k.p.i.AbstractProblemLoader Loading environment from /home/runner/work/key/key/key.core/../key.ui/examples/standard_key/inEqSimp/nonLinInEqExample3.key.proof 
231394     DEBUG main            d.u.i.k.p.i.AbstractProblemLoader Environment load took 85.5ns 
231395     INFO  main            d.u.i.k.p.i.AbstractProblemLoader Creating init config 
233565     DEBUG main            d.u.i.k.p.i.AbstractProblemLoader Init config took 2.17s 
233578     INFO  main            d.u.i.k.p.i.AbstractProblemLoader Replaying proof nonLinInEqExample3.key.proof 
233594     DEBUG main            d.u.i.k.p.i.IntermediateProofReplayer Proof replay took 14.12ms 
233594     DEBUG main            d.u.i.k.p.r.p.TestFile    ... success: reloaded. 
233595     INFO  main            d.u.i.k.p.r.p.TestFile    Now processing file /home/runner/work/key/key/key.core/../key.ui/examples/standard_key/inEqSimp/nonLinInEqExample4.key 
233595     INFO  main            d.u.i.k.p.i.AbstractProblemLoader Loading environment from /home/runner/work/key/key/key.core/../key.ui/examples/standard_key/inEqSimp/nonLinInEqExample4.key 
233595     DEBUG main            d.u.i.k.p.i.AbstractProblemLoader Environment load took 77.2ns 
233596     INFO  main            d.u.i.k.p.i.AbstractProblemLoader Creating init config 
235795     DEBUG main            d.u.i.k.p.i.AbstractProblemLoader Init config took 2.2s 
235808     INFO  main            d.u.i.k.p.i.AbstractProblemLoader Replaying proof nonLinInEqExample4.key 
235809     DEBUG main            d.u.i.k.p.i.IntermediateProofReplayer Proof replay took 2ns 
235912     INFO  main            d.u.i.k.p.r.p.TestFile    ... finished proof: closed. 
236190     INFO  main            d.u.i.k.p.i.AbstractProblemLoader Loading environment from /home/runner/work/key/key/key.core/../key.ui/examples/standard_key/inEqSimp/nonLinInEqExample4.key.proof 
236190     DEBUG main            d.u.i.k.p.i.AbstractProblemLoader Environment load took 85.6ns 
236191     INFO  main            d.u.i.k.p.i.AbstractProblemLoader Creating init config 
238351     DEBUG main            d.u.i.k.p.i.AbstractProblemLoader Init config took 2.16s 
238363     INFO  main            d.u.i.k.p.i.AbstractProblemLoader Replaying proof nonLinInEqExample4.key.proof 
238367     DEBUG main            d.u.i.k.p.i.IntermediateProofReplayer Proof replay took 2.92ms 
238368     DEBUG main            d.u.i.k.p.r.p.TestFile    ... success: reloaded. 
238368     INFO  main            d.u.i.k.p.r.p.TestFile    Now processing file /home/runner/work/key/key/key.core/../key.ui/examples/standard_key/inEqSimp/quadraticInEq.key 
238369     INFO  main            d.u.i.k.p.i.AbstractProblemLoader Loading environment from /home/runner/work/key/key/key.core/../key.ui/examples/standard_key/inEqSimp/quadraticInEq.key 
238369     DEBUG main            d.u.i.k.p.i.AbstractProblemLoader Environment load took 91.9ns 
238370     INFO  main            d.u.i.k.p.i.AbstractProblemLoader Creating init config 
240567     DEBUG main            d.u.i.k.p.i.AbstractProblemLoader Init config took 2.2s 
240580     INFO  main            d.u.i.k.p.i.AbstractProblemLoader Replaying proof quadraticInEq.key 
240581     DEBUG main            d.u.i.k.p.i.IntermediateProofReplayer Proof replay took 2.3ns 
240884     INFO  main            d.u.i.k.p.r.p.TestFile    ... finished proof: closed. 
241166     INFO  main            d.u.i.k.p.i.AbstractProblemLoader Loading environment from /home/runner/work/key/key/key.core/../key.ui/examples/standard_key/inEqSimp/quadraticInEq.key.proof 
241166     DEBUG main            d.u.i.k.p.i.AbstractProblemLoader Environment load took 357.5ns 
241168     INFO  main            d.u.i.k.p.i.AbstractProblemLoader Creating init config 
243333     DEBUG main            d.u.i.k.p.i.AbstractProblemLoader Init config took 2.16s 
243346     INFO  main            d.u.i.k.p.i.AbstractProblemLoader Replaying proof quadraticInEq.key.proof 
243380     DEBUG main            d.u.i.k.p.i.IntermediateProofReplayer Proof replay took 30.37ms 
243382     DEBUG main            d.u.i.k.p.r.p.TestFile    ... success: reloaded. 
243382     INFO  main            d.u.i.k.p.r.p.TestFile    Now processing file /home/runner/work/key/key/key.core/../key.ui/examples/standard_key/inEqSimp/quadraticInEq10.key 
243383     INFO  main            d.u.i.k.p.i.AbstractProblemLoader Loading environment from /home/runner/work/key/key/key.core/../key.ui/examples/standard_key/inEqSimp/quadraticInEq10.key 
243383     DEBUG main            d.u.i.k.p.i.AbstractProblemLoader Environment load took 168.7ns 
243384     INFO  main            d.u.i.k.p.i.AbstractProblemLoader Creating init config 
245575     DEBUG main            d.u.i.k.p.i.AbstractProblemLoader Init config took 2.19s 
245587     INFO  main            d.u.i.k.p.i.AbstractProblemLoader Replaying proof quadraticInEq10.key 
245588     DEBUG main            d.u.i.k.p.i.IntermediateProofReplayer Proof replay took 1.9ns 
245790     INFO  main            d.u.i.k.p.r.p.TestFile    ... finished proof: closed. 
246076     INFO  main            d.u.i.k.p.i.AbstractProblemLoader Loading environment from /home/runner/work/key/key/key.core/../key.ui/examples/standard_key/inEqSimp/quadraticInEq10.key.proof 
246076     DEBUG main            d.u.i.k.p.i.AbstractProblemLoader Environment load took 86.7ns 
246077     INFO  main            d.u.i.k.p.i.AbstractProblemLoader Creating init config 
248242     DEBUG main            d.u.i.k.p.i.AbstractProblemLoader Init config took 2.16s 
248254     INFO  main            d.u.i.k.p.i.AbstractProblemLoader Replaying proof quadraticInEq10.key.proof 
248267     DEBUG main            d.u.i.k.p.i.IntermediateProofReplayer Proof replay took 10.96ms 
248268     DEBUG main            d.u.i.k.p.r.p.TestFile    ... success: reloaded. 
248269     INFO  main            d.u.i.k.p.r.p.TestFile    Now processing file /home/runner/work/key/key/key.core/../key.ui/examples/standard_key/inEqSimp/quadraticInEq13.key 
248269     INFO  main            d.u.i.k.p.i.AbstractProblemLoader Loading environment from /home/runner/work/key/key/key.core/../key.ui/examples/standard_key/inEqSimp/quadraticInEq13.key 
248269     DEBUG main            d.u.i.k.p.i.AbstractProblemLoader Environment load took 66.5ns 
248270     INFO  main            d.u.i.k.p.i.AbstractProblemLoader Creating init config 
250467     DEBUG main            d.u.i.k.p.i.AbstractProblemLoader Init config took 2.2s 
250479     INFO  main            d.u.i.k.p.i.AbstractProblemLoader Replaying proof quadraticInEq13.key 
250480     DEBUG main            d.u.i.k.p.i.IntermediateProofReplayer Proof replay took 2.1ns 
250682     INFO  main            d.u.i.k.p.r.p.TestFile    ... finished proof: closed. 
250969     INFO  main            d.u.i.k.p.i.AbstractProblemLoader Loading environment from /home/runner/work/key/key/key.core/../key.ui/examples/standard_key/inEqSimp/quadraticInEq13.key.proof 
250969     DEBUG main            d.u.i.k.p.i.AbstractProblemLoader Environment load took 76.3ns 
250970     INFO  main            d.u.i.k.p.i.AbstractProblemLoader Creating init config 
253132     DEBUG main            d.u.i.k.p.i.AbstractProblemLoader Init config took 2.16s 
253144     INFO  main            d.u.i.k.p.i.AbstractProblemLoader Replaying proof quadraticInEq13.key.proof 
253160     DEBUG main            d.u.i.k.p.i.IntermediateProofReplayer Proof replay took 13.99ms 
253161     DEBUG main            d.u.i.k.p.r.p.TestFile    ... success: reloaded. 
253162     INFO  main            d.u.i.k.p.r.p.TestFile    Now processing file /home/runner/work/key/key/key.core/../key.ui/examples/standard_key/inEqSimp/quadraticInEq14.key 
253162     INFO  main            d.u.i.k.p.i.AbstractProblemLoader Loading environment from /home/runner/work/key/key/key.core/../key.ui/examples/standard_key/inEqSimp/quadraticInEq14.key 
253162     DEBUG main            d.u.i.k.p.i.AbstractProblemLoader Environment load took 92.7ns 
253163     INFO  main            d.u.i.k.p.i.AbstractProblemLoader Creating init config 
255365     DEBUG main            d.u.i.k.p.i.AbstractProblemLoader Init config took 2.2s 
255377     INFO  main            d.u.i.k.p.i.AbstractProblemLoader Replaying proof quadraticInEq14.key 
255378     DEBUG main            d.u.i.k.p.i.IntermediateProofReplayer Proof replay took 2.9ns 
255581     INFO  main            d.u.i.k.p.r.p.TestFile    ... finished proof: closed. 
255895     INFO  main            d.u.i.k.p.i.AbstractProblemLoader Loading environment from /home/runner/work/key/key/key.core/../key.ui/examples/standard_key/inEqSimp/quadraticInEq14.key.proof 
255895     DEBUG main            d.u.i.k.p.i.AbstractProblemLoader Environment load took 78.1ns 
255896     INFO  main            d.u.i.k.p.i.AbstractProblemLoader Creating init config 
258051     DEBUG main            d.u.i.k.p.i.AbstractProblemLoader Init config took 2.15s 
258063     INFO  main            d.u.i.k.p.i.AbstractProblemLoader Replaying proof quadraticInEq14.key.proof 
258082     DEBUG main            d.u.i.k.p.i.IntermediateProofReplayer Proof replay took 16.64ms 
258083     DEBUG main            d.u.i.k.p.r.p.TestFile    ... success: reloaded. 
258083     INFO  main            d.u.i.k.p.r.p.TestFile    Now processing file /home/runner/work/key/key/key.core/../key.ui/examples/standard_key/inEqSimp/quadraticInEq2.key 
258083     INFO  main            d.u.i.k.p.i.AbstractProblemLoader Loading environment from /home/runner/work/key/key/key.core/../key.ui/examples/standard_key/inEqSimp/quadraticInEq2.key 
258084     DEBUG main            d.u.i.k.p.i.AbstractProblemLoader Environment load took 86.7ns 
258084     INFO  main            d.u.i.k.p.i.AbstractProblemLoader Creating init config 
260308     DEBUG main            d.u.i.k.p.i.AbstractProblemLoader Init config took 2.22s 
260320     INFO  main            d.u.i.k.p.i.AbstractProblemLoader Replaying proof quadraticInEq2.key 
260322     DEBUG main            d.u.i.k.p.i.IntermediateProofReplayer Proof replay took 2ns 
260425     INFO  main            d.u.i.k.p.r.p.TestFile    ... finished proof: closed. 
260740     INFO  main            d.u.i.k.p.i.AbstractProblemLoader Loading environment from /home/runner/work/key/key/key.core/../key.ui/examples/standard_key/inEqSimp/quadraticInEq2.key.proof 
260740     DEBUG main            d.u.i.k.p.i.AbstractProblemLoader Environment load took 76.7ns 
260741     INFO  main            d.u.i.k.p.i.AbstractProblemLoader Creating init config 
262904     DEBUG main            d.u.i.k.p.i.AbstractProblemLoader Init config took 2.16s 
262917     INFO  main            d.u.i.k.p.i.AbstractProblemLoader Replaying proof quadraticInEq2.key.proof 
262919     DEBUG main            d.u.i.k.p.i.IntermediateProofReplayer Proof replay took 1.74ms 
262920     DEBUG main            d.u.i.k.p.r.p.TestFile    ... success: reloaded. 
262921     INFO  main            d.u.i.k.p.r.p.TestFile    Now processing file /home/runner/work/key/key/key.core/../key.ui/examples/standard_key/inEqSimp/quadraticInEq3.key 
262921     INFO  main            d.u.i.k.p.i.AbstractProblemLoader Loading environment from /home/runner/work/key/key/key.core/../key.ui/examples/standard_key/inEqSimp/quadraticInEq3.key 
262921     DEBUG main            d.u.i.k.p.i.AbstractProblemLoader Environment load took 58.7ns 
262922     INFO  main            d.u.i.k.p.i.AbstractProblemLoader Creating init config 
265131     DEBUG main            d.u.i.k.p.i.AbstractProblemLoader Init config took 2.21s 
265143     INFO  main            d.u.i.k.p.i.AbstractProblemLoader Replaying proof quadraticInEq3.key 
265146     DEBUG main            d.u.i.k.p.i.IntermediateProofReplayer Proof replay took 2.2ns 
265247     INFO  main            d.u.i.k.p.r.p.TestFile    ... finished proof: closed. 
265543     INFO  main            d.u.i.k.p.i.AbstractProblemLoader Loading environment from /home/runner/work/key/key/key.core/../key.ui/examples/standard_key/inEqSimp/quadraticInEq3.key.proof 
265543     DEBUG main            d.u.i.k.p.i.AbstractProblemLoader Environment load took 85.6ns 
265544     INFO  main            d.u.i.k.p.i.AbstractProblemLoader Creating init config 
267684     DEBUG main            d.u.i.k.p.i.AbstractProblemLoader Init config took 2.14s 
267696     INFO  main            d.u.i.k.p.i.AbstractProblemLoader Replaying proof quadraticInEq3.key.proof 
267704     DEBUG main            d.u.i.k.p.i.IntermediateProofReplayer Proof replay took 4.49ms 
267704     DEBUG main            d.u.i.k.p.r.p.TestFile    ... success: reloaded. 
267705     INFO  main            d.u.i.k.p.r.p.TestFile    Now processing file /home/runner/work/key/key/key.core/../key.ui/examples/standard_key/inEqSimp/quadraticInEq4.key 
267705     INFO  main            d.u.i.k.p.i.AbstractProblemLoader Loading environment from /home/runner/work/key/key/key.core/../key.ui/examples/standard_key/inEqSimp/quadraticInEq4.key 
267705     DEBUG main            d.u.i.k.p.i.AbstractProblemLoader Environment load took 105ns 
267706     INFO  main            d.u.i.k.p.i.AbstractProblemLoader Creating init config 
269903     DEBUG main            d.u.i.k.p.i.AbstractProblemLoader Init config took 2.2s 
269915     INFO  main            d.u.i.k.p.i.AbstractProblemLoader Replaying proof quadraticInEq4.key 
269917     DEBUG main            d.u.i.k.p.i.IntermediateProofReplayer Proof replay took 2.3ns 
270018     INFO  main            d.u.i.k.p.r.p.TestFile    ... finished proof: closed. 
270316     INFO  main            d.u.i.k.p.i.AbstractProblemLoader Loading environment from /home/runner/work/key/key/key.core/../key.ui/examples/standard_key/inEqSimp/quadraticInEq4.key.proof 
270316     DEBUG main            d.u.i.k.p.i.AbstractProblemLoader Environment load took 75.2ns 
270317     INFO  main            d.u.i.k.p.i.AbstractProblemLoader Creating init config 
272466     DEBUG main            d.u.i.k.p.i.AbstractProblemLoader Init config took 2.15s 
272478     INFO  main            d.u.i.k.p.i.AbstractProblemLoader Replaying proof quadraticInEq4.key.proof 
272483     DEBUG main            d.u.i.k.p.i.IntermediateProofReplayer Proof replay took 3.77ms 
272484     DEBUG main            d.u.i.k.p.r.p.TestFile    ... success: reloaded. 
272485     INFO  main            d.u.i.k.p.r.p.TestFile    Now processing file /home/runner/work/key/key/key.core/../key.ui/examples/standard_key/inEqSimp/quadraticInEq5.key 
272485     INFO  main            d.u.i.k.p.i.AbstractProblemLoader Loading environment from /home/runner/work/key/key/key.core/../key.ui/examples/standard_key/inEqSimp/quadraticInEq5.key 
272485     DEBUG main            d.u.i.k.p.i.AbstractProblemLoader Environment load took 54.9ns 
272486     INFO  main            d.u.i.k.p.i.AbstractProblemLoader Creating init config 
274659     DEBUG main            d.u.i.k.p.i.AbstractProblemLoader Init config took 2.17s 
274671     INFO  main            d.u.i.k.p.i.AbstractProblemLoader Replaying proof quadraticInEq5.key 
274673     DEBUG main            d.u.i.k.p.i.IntermediateProofReplayer Proof replay took 2ns 
274774     INFO  main            d.u.i.k.p.r.p.TestFile    ... finished proof: closed. 
275087     INFO  main            d.u.i.k.p.i.AbstractProblemLoader Loading environment from /home/runner/work/key/key/key.core/../key.ui/examples/standard_key/inEqSimp/quadraticInEq5.key.proof 
275087     DEBUG main            d.u.i.k.p.i.AbstractProblemLoader Environment load took 75.7ns 
275087     INFO  main            d.u.i.k.p.i.AbstractProblemLoader Creating init config 
277232     DEBUG main            d.u.i.k.p.i.AbstractProblemLoader Init config took 2.14s 
277245     INFO  main            d.u.i.k.p.i.AbstractProblemLoader Replaying proof quadraticInEq5.key.proof 
277250     DEBUG main            d.u.i.k.p.i.IntermediateProofReplayer Proof replay took 3.68ms 
277251     DEBUG main            d.u.i.k.p.r.p.TestFile    ... success: reloaded. 
277251     INFO  main            d.u.i.k.p.r.p.TestFile    Now processing file /home/runner/work/key/key/key.core/../key.ui/examples/standard_key/inEqSimp/quadraticInEq6.key 
277252     INFO  main            d.u.i.k.p.i.AbstractProblemLoader Loading environment from /home/runner/work/key/key/key.core/../key.ui/examples/standard_key/inEqSimp/quadraticInEq6.key 
277252     DEBUG main            d.u.i.k.p.i.AbstractProblemLoader Environment load took 45.8ns 
277253     INFO  main            d.u.i.k.p.i.AbstractProblemLoader Creating init config 
279426     DEBUG main            d.u.i.k.p.i.AbstractProblemLoader Init config took 2.17s 
279439     INFO  main            d.u.i.k.p.i.AbstractProblemLoader Replaying proof quadraticInEq6.key 
279440     DEBUG main            d.u.i.k.p.i.IntermediateProofReplayer Proof replay took 2.1ns 
279542     INFO  main            d.u.i.k.p.r.p.TestFile    ... finished proof: closed. 
279858     INFO  main            d.u.i.k.p.i.AbstractProblemLoader Loading environment from /home/runner/work/key/key/key.core/../key.ui/examples/standard_key/inEqSimp/quadraticInEq6.key.proof 
279858     DEBUG main            d.u.i.k.p.i.AbstractProblemLoader Environment load took 77.1ns 
279859     INFO  main            d.u.i.k.p.i.AbstractProblemLoader Creating init config 
282001     DEBUG main            d.u.i.k.p.i.AbstractProblemLoader Init config took 2.14s 
282013     INFO  main            d.u.i.k.p.i.AbstractProblemLoader Replaying proof quadraticInEq6.key.proof 
282018     DEBUG main            d.u.i.k.p.i.IntermediateProofReplayer Proof replay took 3.24ms 
282018     DEBUG main            d.u.i.k.p.r.p.TestFile    ... success: reloaded. 
282019     INFO  main            d.u.i.k.p.r.p.TestFile    Now processing file /home/runner/work/key/key/key.core/../key.ui/examples/standard_key/inEqSimp/quadraticInEq7.key 
282019     INFO  main            d.u.i.k.p.i.AbstractProblemLoader Loading environment from /home/runner/work/key/key/key.core/../key.ui/examples/standard_key/inEqSimp/quadraticInEq7.key 
282019     DEBUG main            d.u.i.k.p.i.AbstractProblemLoader Environment load took 94.4ns 
282020     INFO  main            d.u.i.k.p.i.AbstractProblemLoader Creating init config 
284200     DEBUG main            d.u.i.k.p.i.AbstractProblemLoader Init config took 2.18s 
284212     INFO  main            d.u.i.k.p.i.AbstractProblemLoader Replaying proof quadraticInEq7.key 
284213     DEBUG main            d.u.i.k.p.i.IntermediateProofReplayer Proof replay took 2.4ns 
284315     INFO  main            d.u.i.k.p.r.p.TestFile    ... finished proof: closed. 
284654     INFO  main            d.u.i.k.p.i.AbstractProblemLoader Loading environment from /home/runner/work/key/key/key.core/../key.ui/examples/standard_key/inEqSimp/quadraticInEq7.key.proof 
284654     DEBUG main            d.u.i.k.p.i.AbstractProblemLoader Environment load took 73.7ns 
284655     INFO  main            d.u.i.k.p.i.AbstractProblemLoader Creating init config 
286796     DEBUG main            d.u.i.k.p.i.AbstractProblemLoader Init config took 2.14s 
286808     INFO  main            d.u.i.k.p.i.AbstractProblemLoader Replaying proof quadraticInEq7.key.proof 
286813     DEBUG main            d.u.i.k.p.i.IntermediateProofReplayer Proof replay took 3.99ms 
286813     DEBUG main            d.u.i.k.p.r.p.TestFile    ... success: reloaded. 
286815     INFO  main            d.u.i.k.p.r.p.TestFile    Now processing file /home/runner/work/key/key/key.core/../key.ui/examples/standard_key/inEqSimp/quadraticInEq8.key 
286815     INFO  main            d.u.i.k.p.i.AbstractProblemLoader Loading environment from /home/runner/work/key/key/key.core/../key.ui/examples/standard_key/inEqSimp/quadraticInEq8.key 
286815     DEBUG main            d.u.i.k.p.i.AbstractProblemLoader Environment load took 172.4ns 
286819     INFO  main            d.u.i.k.p.i.AbstractProblemLoader Creating init config 
289013     DEBUG main            d.u.i.k.p.i.AbstractProblemLoader Init config took 2.19s 
289025     INFO  main            d.u.i.k.p.i.AbstractProblemLoader Replaying proof quadraticInEq8.key 
289026     DEBUG main            d.u.i.k.p.i.IntermediateProofReplayer Proof replay took 2.1ns 
289127     INFO  main            d.u.i.k.p.r.p.TestFile    ... finished proof: closed. 
289463     INFO  main            d.u.i.k.p.i.AbstractProblemLoader Loading environment from /home/runner/work/key/key/key.core/../key.ui/examples/standard_key/inEqSimp/quadraticInEq8.key.proof 
289463     DEBUG main            d.u.i.k.p.i.AbstractProblemLoader Environment load took 72.5ns 
289464     INFO  main            d.u.i.k.p.i.AbstractProblemLoader Creating init config 
291609     DEBUG main            d.u.i.k.p.i.AbstractProblemLoader Init config took 2.14s 
291621     INFO  main            d.u.i.k.p.i.AbstractProblemLoader Replaying proof quadraticInEq8.key.proof 
291629     DEBUG main            d.u.i.k.p.i.IntermediateProofReplayer Proof replay took 6.08ms 
291630     DEBUG main            d.u.i.k.p.r.p.TestFile    ... success: reloaded. 
291630     INFO  main            d.u.i.k.p.r.p.TestFile    Now processing file /home/runner/work/key/key/key.core/../key.ui/examples/standard_key/inEqSimp/simplify0.key 
291631     INFO  main            d.u.i.k.p.i.AbstractProblemLoader Loading environment from /home/runner/work/key/key/key.core/../key.ui/examples/standard_key/inEqSimp/simplify0.key 
291631     DEBUG main            d.u.i.k.p.i.AbstractProblemLoader Environment load took 52.6ns 
291631     INFO  main            d.u.i.k.p.i.AbstractProblemLoader Creating init config 
293806     DEBUG main            d.u.i.k.p.i.AbstractProblemLoader Init config took 2.17s 
293819     INFO  main            d.u.i.k.p.i.AbstractProblemLoader Replaying proof simplify0.key 
293820     DEBUG main            d.u.i.k.p.i.IntermediateProofReplayer Proof replay took 2.1ns 
293921     INFO  main            d.u.i.k.p.r.p.TestFile    ... finished proof: closed. 
294246     INFO  main            d.u.i.k.p.i.AbstractProblemLoader Loading environment from /home/runner/work/key/key/key.core/../key.ui/examples/standard_key/inEqSimp/simplify0.key.proof 
294246     DEBUG main            d.u.i.k.p.i.AbstractProblemLoader Environment load took 86.6ns 
294247     INFO  main            d.u.i.k.p.i.AbstractProblemLoader Creating init config 
296386     DEBUG main            d.u.i.k.p.i.AbstractProblemLoader Init config took 2.14s 
296399     INFO  main            d.u.i.k.p.i.AbstractProblemLoader Replaying proof simplify0.key.proof 
296402     DEBUG main            d.u.i.k.p.i.IntermediateProofReplayer Proof replay took 1.98ms 
296403     DEBUG main            d.u.i.k.p.r.p.TestFile    ... success: reloaded. 
296403     INFO  main            d.u.i.k.p.r.p.TestFile    Now processing file /home/runner/work/key/key/key.core/../key.ui/examples/standard_key/inEqSimp/simplify1.key 
296403     INFO  main            d.u.i.k.p.i.AbstractProblemLoader Loading environment from /home/runner/work/key/key/key.core/../key.ui/examples/standard_key/inEqSimp/simplify1.key 
296403     DEBUG main            d.u.i.k.p.i.AbstractProblemLoader Environment load took 48.4ns 
296404     INFO  main            d.u.i.k.p.i.AbstractProblemLoader Creating init config 
298586     DEBUG main            d.u.i.k.p.i.AbstractProblemLoader Init config took 2.18s 
298598     INFO  main            d.u.i.k.p.i.AbstractProblemLoader Replaying proof simplify1.key 
298600     DEBUG main            d.u.i.k.p.i.IntermediateProofReplayer Proof replay took 2.4ns 
298701     INFO  main            d.u.i.k.p.r.p.TestFile    ... finished proof: closed. 
299028     INFO  main            d.u.i.k.p.i.AbstractProblemLoader Loading environment from /home/runner/work/key/key/key.core/../key.ui/examples/standard_key/inEqSimp/simplify1.key.proof 
299028     DEBUG main            d.u.i.k.p.i.AbstractProblemLoader Environment load took 65.2ns 
299029     INFO  main            d.u.i.k.p.i.AbstractProblemLoader Creating init config 
301168     DEBUG main            d.u.i.k.p.i.AbstractProblemLoader Init config took 2.14s 
301189     INFO  main            d.u.i.k.p.i.AbstractProblemLoader Replaying proof simplify1.key.proof 
301193     DEBUG main            d.u.i.k.p.i.IntermediateProofReplayer Proof replay took 2.85ms 
301194     DEBUG main            d.u.i.k.p.r.p.TestFile    ... success: reloaded. 
301194     INFO  main            d.u.i.k.p.r.p.TestFile    Now processing file /home/runner/work/key/key/key.core/../key.ui/examples/standard_key/inEqSimp/simplify2.key 
301194     INFO  main            d.u.i.k.p.i.AbstractProblemLoader Loading environment from /home/runner/work/key/key/key.core/../key.ui/examples/standard_key/inEqSimp/simplify2.key 
301195     DEBUG main            d.u.i.k.p.i.AbstractProblemLoader Environment load took 154.6ns 
301195     INFO  main            d.u.i.k.p.i.AbstractProblemLoader Creating init config 
303383     DEBUG main            d.u.i.k.p.i.AbstractProblemLoader Init config took 2.19s 
303395     INFO  main            d.u.i.k.p.i.AbstractProblemLoader Replaying proof simplify2.key 
303396     DEBUG main            d.u.i.k.p.i.IntermediateProofReplayer Proof replay took 3.1ns 
303497     INFO  main            d.u.i.k.p.r.p.TestFile    ... finished proof: closed. 
303840     INFO  main            d.u.i.k.p.i.AbstractProblemLoader Loading environment from /home/runner/work/key/key/key.core/../key.ui/examples/standard_key/inEqSimp/simplify2.key.proof 
303840     DEBUG main            d.u.i.k.p.i.AbstractProblemLoader Environment load took 83ns 
303841     INFO  main            d.u.i.k.p.i.AbstractProblemLoader Creating init config 
305989     DEBUG main            d.u.i.k.p.i.AbstractProblemLoader Init config took 2.15s 
306001     INFO  main            d.u.i.k.p.i.AbstractProblemLoader Replaying proof simplify2.key.proof 
306014     DEBUG main            d.u.i.k.p.i.IntermediateProofReplayer Proof replay took 11.97ms 
306015     DEBUG main            d.u.i.k.p.r.p.TestFile    ... success: reloaded. 
306015     INFO  main            d.u.i.k.p.r.p.TestFile    Now processing file /home/runner/work/key/key/key.core/../key.ui/examples/standard_key/inEqSimp/simplify3.key 
306016     INFO  main            d.u.i.k.p.i.AbstractProblemLoader Loading environment from /home/runner/work/key/key/key.core/../key.ui/examples/standard_key/inEqSimp/simplify3.key 
306016     DEBUG main            d.u.i.k.p.i.AbstractProblemLoader Environment load took 40.4ns 
306017     INFO  main            d.u.i.k.p.i.AbstractProblemLoader Creating init config 
308199     DEBUG main            d.u.i.k.p.i.AbstractProblemLoader Init config took 2.18s 
308211     INFO  main            d.u.i.k.p.i.AbstractProblemLoader Replaying proof simplify3.key 
308212     DEBUG main            d.u.i.k.p.i.IntermediateProofReplayer Proof replay took 2.7ns 
308313     INFO  main            d.u.i.k.p.r.p.TestFile    ... finished proof: closed. 
308667     INFO  main            d.u.i.k.p.i.AbstractProblemLoader Loading environment from /home/runner/work/key/key/key.core/../key.ui/examples/standard_key/inEqSimp/simplify3.key.proof 
308667     DEBUG main            d.u.i.k.p.i.AbstractProblemLoader Environment load took 68.7ns 
308667     INFO  main            d.u.i.k.p.i.AbstractProblemLoader Creating init config 
310812     DEBUG main            d.u.i.k.p.i.AbstractProblemLoader Init config took 2.14s 
310824     INFO  main            d.u.i.k.p.i.AbstractProblemLoader Replaying proof simplify3.key.proof 
310827     DEBUG main            d.u.i.k.p.i.IntermediateProofReplayer Proof replay took 1.52ms 
310828     DEBUG main            d.u.i.k.p.r.p.TestFile    ... success: reloaded. 
310828     INFO  main            d.u.i.k.p.r.p.TestFile    Now processing file /home/runner/work/key/key/key.core/../key.ui/examples/standard_key/inEqSimp/simplify4.key 
310828     INFO  main            d.u.i.k.p.i.AbstractProblemLoader Loading environment from /home/runner/work/key/key/key.core/../key.ui/examples/standard_key/inEqSimp/simplify4.key 
310828     DEBUG main            d.u.i.k.p.i.AbstractProblemLoader Environment load took 37.8ns 
310829     INFO  main            d.u.i.k.p.i.AbstractProblemLoader Creating init config 
313044     DEBUG main            d.u.i.k.p.i.AbstractProblemLoader Init config took 2.21s 
313057     INFO  main            d.u.i.k.p.i.AbstractProblemLoader Replaying proof simplify4.key 
313058     DEBUG main            d.u.i.k.p.i.IntermediateProofReplayer Proof replay took 2.9ns 
313159     INFO  main            d.u.i.k.p.r.p.TestFile    ... finished proof: closed. 
313507     INFO  main            d.u.i.k.p.i.AbstractProblemLoader Loading environment from /home/runner/work/key/key/key.core/../key.ui/examples/standard_key/inEqSimp/simplify4.key.proof 
313508     DEBUG main            d.u.i.k.p.i.AbstractProblemLoader Environment load took 64.7ns 
313509     INFO  main            d.u.i.k.p.i.AbstractProblemLoader Creating init config 
315661     DEBUG main            d.u.i.k.p.i.AbstractProblemLoader Init config took 2.15s 
315674     INFO  main            d.u.i.k.p.i.AbstractProblemLoader Replaying proof simplify4.key.proof 
315687     DEBUG main            d.u.i.k.p.i.IntermediateProofReplayer Proof replay took 11.21ms 
315688     DEBUG main            d.u.i.k.p.r.p.TestFile    ... success: reloaded. 
315688     INFO  main            d.u.i.k.p.r.p.TestFile    Now processing file /home/runner/work/key/key/key.core/../key.ui/examples/standard_key/inEqSimp/simplify5.key 
315688     INFO  main            d.u.i.k.p.i.AbstractProblemLoader Loading environment from /home/runner/work/key/key/key.core/../key.ui/examples/standard_key/inEqSimp/simplify5.key 
315688     DEBUG main            d.u.i.k.p.i.AbstractProblemLoader Environment load took 64.8ns 
315689     INFO  main            d.u.i.k.p.i.AbstractProblemLoader Creating init config 
317873     DEBUG main            d.u.i.k.p.i.AbstractProblemLoader Init config took 2.18s 
317886     INFO  main            d.u.i.k.p.i.AbstractProblemLoader Replaying proof simplify5.key 
317887     DEBUG main            d.u.i.k.p.i.IntermediateProofReplayer Proof replay took 2.4ns 
318290     INFO  main            d.u.i.k.p.r.p.TestFile    ... finished proof: closed. 
318676     INFO  main            d.u.i.k.p.i.AbstractProblemLoader Loading environment from /home/runner/work/key/key/key.core/../key.ui/examples/standard_key/inEqSimp/simplify5.key.proof 
318677     DEBUG main            d.u.i.k.p.i.AbstractProblemLoader Environment load took 429.5ns 
318678     INFO  main            d.u.i.k.p.i.AbstractProblemLoader Creating init config 
320825     DEBUG main            d.u.i.k.p.i.AbstractProblemLoader Init config took 2.15s 
320838     INFO  main            d.u.i.k.p.i.AbstractProblemLoader Replaying proof simplify5.key.proof 
320885     DEBUG main            d.u.i.k.p.i.IntermediateProofReplayer Proof replay took 42.46ms 
320886     DEBUG main            d.u.i.k.p.r.p.TestFile    ... success: reloaded. 
320886     INFO  main            d.u.i.k.p.r.p.TestFile    Now processing file /home/runner/work/key/key/key.core/../key.ui/examples/standard_key/inEqSimp/subsumptionExample.key 
320887     INFO  main            d.u.i.k.p.i.AbstractProblemLoader Loading environment from /home/runner/work/key/key/key.core/../key.ui/examples/standard_key/inEqSimp/subsumptionExample.key 
320887     DEBUG main            d.u.i.k.p.i.AbstractProblemLoader Environment load took 156.5ns 
320888     INFO  main            d.u.i.k.p.i.AbstractProblemLoader Creating init config 
323075     DEBUG main            d.u.i.k.p.i.AbstractProblemLoader Init config took 2.19s 
323087     INFO  main            d.u.i.k.p.i.AbstractProblemLoader Replaying proof subsumptionExample.key 
323088     DEBUG main            d.u.i.k.p.i.IntermediateProofReplayer Proof replay took 2.7ns 
323189     INFO  main            d.u.i.k.p.r.p.TestFile    ... finished proof: closed. 
323562     INFO  main            d.u.i.k.p.i.AbstractProblemLoader Loading environment from /home/runner/work/key/key/key.core/../key.ui/examples/standard_key/inEqSimp/subsumptionExample.key.proof 
323562     DEBUG main            d.u.i.k.p.i.AbstractProblemLoader Environment load took 63.8ns 
323563     INFO  main            d.u.i.k.p.i.AbstractProblemLoader Creating init config 
325711     DEBUG main            d.u.i.k.p.i.AbstractProblemLoader Init config took 2.15s 
325723     INFO  main            d.u.i.k.p.i.AbstractProblemLoader Replaying proof subsumptionExample.key.proof 
325725     DEBUG main            d.u.i.k.p.i.IntermediateProofReplayer Proof replay took 640.2ns 
325725     DEBUG main            d.u.i.k.p.r.p.TestFile    ... success: reloaded. 
325726     INFO  main            d.u.i.k.p.r.p.TestFile    Now processing file /home/runner/work/key/key/key.core/../key.ui/examples/standard_key/polySimp/simplify0.key 
325726     INFO  main            d.u.i.k.p.i.AbstractProblemLoader Loading environment from /home/runner/work/key/key/key.core/../key.ui/examples/standard_key/polySimp/simplify0.key 
325726     DEBUG main            d.u.i.k.p.i.AbstractProblemLoader Environment load took 39.9ns 
325727     INFO  main            d.u.i.k.p.i.AbstractProblemLoader Creating init config 
327902     DEBUG main            d.u.i.k.p.i.AbstractProblemLoader Init config took 2.18s 
327916     INFO  main            d.u.i.k.p.i.AbstractProblemLoader Replaying proof simplify0.key 
327917     DEBUG main            d.u.i.k.p.i.IntermediateProofReplayer Proof replay took 2.4ns 
328118     INFO  main            d.u.i.k.p.r.p.TestFile    ... finished proof: closed. 
328483     INFO  main            d.u.i.k.p.i.AbstractProblemLoader Loading environment from /home/runner/work/key/key/key.core/../key.ui/examples/standard_key/polySimp/simplify0.key.proof 
328483     DEBUG main            d.u.i.k.p.i.AbstractProblemLoader Environment load took 69.1ns 
328484     INFO  main            d.u.i.k.p.i.AbstractProblemLoader Creating init config 
330631     DEBUG main            d.u.i.k.p.i.AbstractProblemLoader Init config took 2.15s 
330644     INFO  main            d.u.i.k.p.i.AbstractProblemLoader Replaying proof simplify0.key.proof 
330662     DEBUG main            d.u.i.k.p.i.IntermediateProofReplayer Proof replay took 13.55ms 
330663     DEBUG main            d.u.i.k.p.r.p.TestFile    ... success: reloaded. 
330663     INFO  main            d.u.i.k.p.r.p.TestFile    Now processing file /home/runner/work/key/key/key.core/../key.ui/examples/standard_key/polySimp/simplify1.key 
330664     INFO  main            d.u.i.k.p.i.AbstractProblemLoader Loading environment from /home/runner/work/key/key/key.core/../key.ui/examples/standard_key/polySimp/simplify1.key 
330664     DEBUG main            d.u.i.k.p.i.AbstractProblemLoader Environment load took 84.4ns 
330665     INFO  main            d.u.i.k.p.i.AbstractProblemLoader Creating init config 
332853     DEBUG main            d.u.i.k.p.i.AbstractProblemLoader Init config took 2.19s 
332865     INFO  main            d.u.i.k.p.i.AbstractProblemLoader Replaying proof simplify1.key 
332866     DEBUG main            d.u.i.k.p.i.IntermediateProofReplayer Proof replay took 2.3ns 
333168     INFO  main            d.u.i.k.p.r.p.TestFile    ... finished proof: closed. 
333566     INFO  main            d.u.i.k.p.i.AbstractProblemLoader Loading environment from /home/runner/work/key/key/key.core/../key.ui/examples/standard_key/polySimp/simplify1.key.proof 
333566     DEBUG main            d.u.i.k.p.i.AbstractProblemLoader Environment load took 67.9ns 
333567     INFO  main            d.u.i.k.p.i.AbstractProblemLoader Creating init config 
335727     DEBUG main            d.u.i.k.p.i.AbstractProblemLoader Init config took 2.16s 
335741     INFO  main            d.u.i.k.p.i.AbstractProblemLoader Replaying proof simplify1.key.proof 
335762     DEBUG main            d.u.i.k.p.i.IntermediateProofReplayer Proof replay took 19.26ms 
335763     DEBUG main            d.u.i.k.p.r.p.TestFile    ... success: reloaded. 
335763     INFO  main            d.u.i.k.p.r.p.TestFile    Now processing file /home/runner/work/key/key/key.core/../key.ui/examples/standard_key/polySimp/simplify10.key 
335763     INFO  main            d.u.i.k.p.i.AbstractProblemLoader Loading environment from /home/runner/work/key/key/key.core/../key.ui/examples/standard_key/polySimp/simplify10.key 
335764     DEBUG main            d.u.i.k.p.i.AbstractProblemLoader Environment load took 116.7ns 
335765     INFO  main            d.u.i.k.p.i.AbstractProblemLoader Creating init config 
337957     DEBUG main            d.u.i.k.p.i.AbstractProblemLoader Init config took 2.19s 
337972     INFO  main            d.u.i.k.p.i.AbstractProblemLoader Replaying proof simplify10.key 
337973     DEBUG main            d.u.i.k.p.i.IntermediateProofReplayer Proof replay took 2.2ns 
338175     INFO  main            d.u.i.k.p.r.p.TestFile    ... finished proof: closed. 
338577     INFO  main            d.u.i.k.p.i.AbstractProblemLoader Loading environment from /home/runner/work/key/key/key.core/../key.ui/examples/standard_key/polySimp/simplify10.key.proof 
338577     DEBUG main            d.u.i.k.p.i.AbstractProblemLoader Environment load took 72ns 
338578     INFO  main            d.u.i.k.p.i.AbstractProblemLoader Creating init config 
340734     DEBUG main            d.u.i.k.p.i.AbstractProblemLoader Init config took 2.16s 
340748     INFO  main            d.u.i.k.p.i.AbstractProblemLoader Replaying proof simplify10.key.proof 
340776     DEBUG main            d.u.i.k.p.i.IntermediateProofReplayer Proof replay took 26.74ms 
340777     DEBUG main            d.u.i.k.p.r.p.TestFile    ... success: reloaded. 
340778     INFO  main            d.u.i.k.p.r.p.TestFile    Now processing file /home/runner/work/key/key/key.core/../key.ui/examples/standard_key/polySimp/simplify11.key 
340778     INFO  main            d.u.i.k.p.i.AbstractProblemLoader Loading environment from /home/runner/work/key/key/key.core/../key.ui/examples/standard_key/polySimp/simplify11.key 
340778     DEBUG main            d.u.i.k.p.i.AbstractProblemLoader Environment load took 45.7ns 
340779     INFO  main            d.u.i.k.p.i.AbstractProblemLoader Creating init config 
342975     DEBUG main            d.u.i.k.p.i.AbstractProblemLoader Init config took 2.2s 
342987     INFO  main            d.u.i.k.p.i.AbstractProblemLoader Replaying proof simplify11.key 
342988     DEBUG main            d.u.i.k.p.i.IntermediateProofReplayer Proof replay took 2.3ns 
343190     INFO  main            d.u.i.k.p.r.p.TestFile    ... finished proof: closed. 
343588     INFO  main            d.u.i.k.p.i.AbstractProblemLoader Loading environment from /home/runner/work/key/key/key.core/../key.ui/examples/standard_key/polySimp/simplify11.key.proof 
343588     DEBUG main            d.u.i.k.p.i.AbstractProblemLoader Environment load took 69.9ns 
343589     INFO  main            d.u.i.k.p.i.AbstractProblemLoader Creating init config 
345742     DEBUG main            d.u.i.k.p.i.AbstractProblemLoader Init config took 2.15s 
345755     INFO  main            d.u.i.k.p.i.AbstractProblemLoader Replaying proof simplify11.key.proof 
345776     DEBUG main            d.u.i.k.p.i.IntermediateProofReplayer Proof replay took 16.7ms 
345777     DEBUG main            d.u.i.k.p.r.p.TestFile    ... success: reloaded. 
345777     INFO  main            d.u.i.k.p.r.p.TestFile    Now processing file /home/runner/work/key/key/key.core/../key.ui/examples/standard_key/polySimp/simplify12.key 
345778     INFO  main            d.u.i.k.p.i.AbstractProblemLoader Loading environment from /home/runner/work/key/key/key.core/../key.ui/examples/standard_key/polySimp/simplify12.key 
345778     DEBUG main            d.u.i.k.p.i.AbstractProblemLoader Environment load took 40.6ns 
345778     INFO  main            d.u.i.k.p.i.AbstractProblemLoader Creating init config 
347966     DEBUG main            d.u.i.k.p.i.AbstractProblemLoader Init config took 2.19s 
347978     INFO  main            d.u.i.k.p.i.AbstractProblemLoader Replaying proof simplify12.key 
347979     DEBUG main            d.u.i.k.p.i.IntermediateProofReplayer Proof replay took 2.7ns 
348080     INFO  main            d.u.i.k.p.r.p.TestFile    ... finished proof: closed. 
348481     INFO  main            d.u.i.k.p.i.AbstractProblemLoader Loading environment from /home/runner/work/key/key/key.core/../key.ui/examples/standard_key/polySimp/simplify12.key.proof 
348481     DEBUG main            d.u.i.k.p.i.AbstractProblemLoader Environment load took 68.8ns 
348482     INFO  main            d.u.i.k.p.i.AbstractProblemLoader Creating init config 
350634     DEBUG main            d.u.i.k.p.i.AbstractProblemLoader Init config took 2.15s 
350646     INFO  main            d.u.i.k.p.i.AbstractProblemLoader Replaying proof simplify12.key.proof 
350656     DEBUG main            d.u.i.k.p.i.IntermediateProofReplayer Proof replay took 7.8ms 
350656     DEBUG main            d.u.i.k.p.r.p.TestFile    ... success: reloaded. 
350657     INFO  main            d.u.i.k.p.r.p.TestFile    Now processing file /home/runner/work/key/key/key.core/../key.ui/examples/standard_key/polySimp/simplify13.key 
350657     INFO  main            d.u.i.k.p.i.AbstractProblemLoader Loading environment from /home/runner/work/key/key/key.core/../key.ui/examples/standard_key/polySimp/simplify13.key 
350657     DEBUG main            d.u.i.k.p.i.AbstractProblemLoader Environment load took 43.1ns 
350658     INFO  main            d.u.i.k.p.i.AbstractProblemLoader Creating init config 
352838     DEBUG main            d.u.i.k.p.i.AbstractProblemLoader Init config took 2.18s 
352850     INFO  main            d.u.i.k.p.i.AbstractProblemLoader Replaying proof simplify13.key 
352851     DEBUG main            d.u.i.k.p.i.IntermediateProofReplayer Proof replay took 2.3ns 
352952     INFO  main            d.u.i.k.p.r.p.TestFile    ... finished proof: closed. 
353339     INFO  main            d.u.i.k.p.i.AbstractProblemLoader Loading environment from /home/runner/work/key/key/key.core/../key.ui/examples/standard_key/polySimp/simplify13.key.proof 
353339     DEBUG main            d.u.i.k.p.i.AbstractProblemLoader Environment load took 66.5ns 
353340     INFO  main            d.u.i.k.p.i.AbstractProblemLoader Creating init config 
355483     DEBUG main            d.u.i.k.p.i.AbstractProblemLoader Init config took 2.14s 
355496     INFO  main            d.u.i.k.p.i.AbstractProblemLoader Replaying proof simplify13.key.proof 
355501     DEBUG main            d.u.i.k.p.i.IntermediateProofReplayer Proof replay took 4.45ms 
355502     DEBUG main            d.u.i.k.p.r.p.TestFile    ... success: reloaded. 
355502     INFO  main            d.u.i.k.p.r.p.TestFile    Now processing file /home/runner/work/key/key/key.core/../key.ui/examples/standard_key/polySimp/simplify14.key 
355502     INFO  main            d.u.i.k.p.i.AbstractProblemLoader Loading environment from /home/runner/work/key/key/key.core/../key.ui/examples/standard_key/polySimp/simplify14.key 
355502     DEBUG main            d.u.i.k.p.i.AbstractProblemLoader Environment load took 40.3ns 
355503     INFO  main            d.u.i.k.p.i.AbstractProblemLoader Creating init config 
357692     DEBUG main            d.u.i.k.p.i.AbstractProblemLoader Init config took 2.19s 
357705     INFO  main            d.u.i.k.p.i.AbstractProblemLoader Replaying proof simplify14.key 
357706     DEBUG main            d.u.i.k.p.i.IntermediateProofReplayer Proof replay took 2ns 
357807     INFO  main            d.u.i.k.p.r.p.TestFile    ... finished proof: closed. 
358192     INFO  main            d.u.i.k.p.i.AbstractProblemLoader Loading environment from /home/runner/work/key/key/key.core/../key.ui/examples/standard_key/polySimp/simplify14.key.proof 
358192     DEBUG main            d.u.i.k.p.i.AbstractProblemLoader Environment load took 68.3ns 
358193     INFO  main            d.u.i.k.p.i.AbstractProblemLoader Creating init config 
360335     DEBUG main            d.u.i.k.p.i.AbstractProblemLoader Init config took 2.14s 
360349     INFO  main            d.u.i.k.p.i.AbstractProblemLoader Replaying proof simplify14.key.proof 
360351     DEBUG main            d.u.i.k.p.i.IntermediateProofReplayer Proof replay took 1.21ms 
360352     DEBUG main            d.u.i.k.p.r.p.TestFile    ... success: reloaded. 
360352     INFO  main            d.u.i.k.p.r.p.TestFile    Now processing file /home/runner/work/key/key/key.core/../key.ui/examples/standard_key/polySimp/simplify15.key 
360353     INFO  main            d.u.i.k.p.i.AbstractProblemLoader Loading environment from /home/runner/work/key/key/key.core/../key.ui/examples/standard_key/polySimp/simplify15.key 
360353     DEBUG main            d.u.i.k.p.i.AbstractProblemLoader Environment load took 41.1ns 
360353     INFO  main            d.u.i.k.p.i.AbstractProblemLoader Creating init config 
362547     DEBUG main            d.u.i.k.p.i.AbstractProblemLoader Init config took 2.19s 
362559     INFO  main            d.u.i.k.p.i.AbstractProblemLoader Replaying proof simplify15.key 
362560     DEBUG main            d.u.i.k.p.i.IntermediateProofReplayer Proof replay took 2ns 
362661     INFO  main            d.u.i.k.p.r.p.TestFile    ... finished proof: closed. 
363056     INFO  main            d.u.i.k.p.i.AbstractProblemLoader Loading environment from /home/runner/work/key/key/key.core/../key.ui/examples/standard_key/polySimp/simplify15.key.proof 
363056     DEBUG main            d.u.i.k.p.i.AbstractProblemLoader Environment load took 74.3ns 
363058     INFO  main            d.u.i.k.p.i.AbstractProblemLoader Creating init config 
365213     DEBUG main            d.u.i.k.p.i.AbstractProblemLoader Init config took 2.15s 
365225     INFO  main            d.u.i.k.p.i.AbstractProblemLoader Replaying proof simplify15.key.proof 
365226     DEBUG main            d.u.i.k.p.i.IntermediateProofReplayer Proof replay took 548.5ns 
365227     DEBUG main            d.u.i.k.p.r.p.TestFile    ... success: reloaded. 
365230     INFO  main            d.u.i.k.p.r.p.TestFile    Now processing file /home/runner/work/key/key/key.core/../key.ui/examples/standard_key/polySimp/simplify16.key 
365230     INFO  main            d.u.i.k.p.i.AbstractProblemLoader Loading environment from /home/runner/work/key/key/key.core/../key.ui/examples/standard_key/polySimp/simplify16.key 
365230     DEBUG main            d.u.i.k.p.i.AbstractProblemLoader Environment load took 88.3ns 
365230     INFO  main            d.u.i.k.p.i.AbstractProblemLoader Creating init config 
367413     DEBUG main            d.u.i.k.p.i.AbstractProblemLoader Init config took 2.18s 
367425     INFO  main            d.u.i.k.p.i.AbstractProblemLoader Replaying proof simplify16.key 
367426     DEBUG main            d.u.i.k.p.i.IntermediateProofReplayer Proof replay took 2ns 
367527     INFO  main            d.u.i.k.p.r.p.TestFile    ... finished proof: closed. 
367932     INFO  main            d.u.i.k.p.i.AbstractProblemLoader Loading environment from /home/runner/work/key/key/key.core/../key.ui/examples/standard_key/polySimp/simplify16.key.proof 
367932     DEBUG main            d.u.i.k.p.i.AbstractProblemLoader Environment load took 67.4ns 
367933     INFO  main            d.u.i.k.p.i.AbstractProblemLoader Creating init config 
370075     DEBUG main            d.u.i.k.p.i.AbstractProblemLoader Init config took 2.14s 
370087     INFO  main            d.u.i.k.p.i.AbstractProblemLoader Replaying proof simplify16.key.proof 
370089     DEBUG main            d.u.i.k.p.i.IntermediateProofReplayer Proof replay took 380.2ns 
370089     DEBUG main            d.u.i.k.p.r.p.TestFile    ... success: reloaded. 
370089     INFO  main            d.u.i.k.p.r.p.TestFile    Now processing file /home/runner/work/key/key/key.core/../key.ui/examples/standard_key/polySimp/simplify17.key 
370090     INFO  main            d.u.i.k.p.i.AbstractProblemLoader Loading environment from /home/runner/work/key/key/key.core/../key.ui/examples/standard_key/polySimp/simplify17.key 
370090     DEBUG main            d.u.i.k.p.i.AbstractProblemLoader Environment load took 39.7ns 
370090     INFO  main            d.u.i.k.p.i.AbstractProblemLoader Creating init config 
372271     DEBUG main            d.u.i.k.p.i.AbstractProblemLoader Init config took 2.18s 
372283     INFO  main            d.u.i.k.p.i.AbstractProblemLoader Replaying proof simplify17.key 
372284     DEBUG main            d.u.i.k.p.i.IntermediateProofReplayer Proof replay took 2.2ns 
372386     INFO  main            d.u.i.k.p.r.p.TestFile    ... finished proof: closed. 
372809     INFO  main            d.u.i.k.p.i.AbstractProblemLoader Loading environment from /home/runner/work/key/key/key.core/../key.ui/examples/standard_key/polySimp/simplify17.key.proof 
372809     DEBUG main            d.u.i.k.p.i.AbstractProblemLoader Environment load took 69.2ns 
372810     INFO  main            d.u.i.k.p.i.AbstractProblemLoader Creating init config 
374970     DEBUG main            d.u.i.k.p.i.AbstractProblemLoader Init config took 2.16s 
374982     INFO  main            d.u.i.k.p.i.AbstractProblemLoader Replaying proof simplify17.key.proof 
374988     DEBUG main            d.u.i.k.p.i.IntermediateProofReplayer Proof replay took 4.76ms 
374989     DEBUG main            d.u.i.k.p.r.p.TestFile    ... success: reloaded. 
374989     INFO  main            d.u.i.k.p.r.p.TestFile    Now processing file /home/runner/work/key/key/key.core/../key.ui/examples/standard_key/polySimp/simplify18.key 
374989     INFO  main            d.u.i.k.p.i.AbstractProblemLoader Loading environment from /home/runner/work/key/key/key.core/../key.ui/examples/standard_key/polySimp/simplify18.key 
374989     DEBUG main            d.u.i.k.p.i.AbstractProblemLoader Environment load took 41.7ns 
374990     INFO  main            d.u.i.k.p.i.AbstractProblemLoader Creating init config 
377210     DEBUG main            d.u.i.k.p.i.AbstractProblemLoader Init config took 2.22s 
377222     INFO  main            d.u.i.k.p.i.AbstractProblemLoader Replaying proof simplify18.key 
377223     DEBUG main            d.u.i.k.p.i.IntermediateProofReplayer Proof replay took 2.1ns 
377325     INFO  main            d.u.i.k.p.r.p.TestFile    ... finished proof: closed. 
377750     INFO  main            d.u.i.k.p.i.AbstractProblemLoader Loading environment from /home/runner/work/key/key/key.core/../key.ui/examples/standard_key/polySimp/simplify18.key.proof 
377750     DEBUG main            d.u.i.k.p.i.AbstractProblemLoader Environment load took 68.9ns 
377751     INFO  main            d.u.i.k.p.i.AbstractProblemLoader Creating init config 
379906     DEBUG main            d.u.i.k.p.i.AbstractProblemLoader Init config took 2.15s 
379919     INFO  main            d.u.i.k.p.i.AbstractProblemLoader Replaying proof simplify18.key.proof 
379933     DEBUG main            d.u.i.k.p.i.IntermediateProofReplayer Proof replay took 12.4ms 
379933     DEBUG main            d.u.i.k.p.r.p.TestFile    ... success: reloaded. 
379934     INFO  main            d.u.i.k.p.r.p.TestFile    Now processing file /home/runner/work/key/key/key.core/../key.ui/examples/standard_key/polySimp/simplify19.key 
379934     INFO  main            d.u.i.k.p.i.AbstractProblemLoader Loading environment from /home/runner/work/key/key/key.core/../key.ui/examples/standard_key/polySimp/simplify19.key 
379934     DEBUG main            d.u.i.k.p.i.AbstractProblemLoader Environment load took 57.1ns 
379935     INFO  main            d.u.i.k.p.i.AbstractProblemLoader Creating init config 
382125     DEBUG main            d.u.i.k.p.i.AbstractProblemLoader Init config took 2.19s 
382137     INFO  main            d.u.i.k.p.i.AbstractProblemLoader Replaying proof simplify19.key 
382138     DEBUG main            d.u.i.k.p.i.IntermediateProofReplayer Proof replay took 2.2ns 
384759     INFO  main            d.u.i.k.p.r.p.TestFile    ... finished proof: closed. 
385195     INFO  main            d.u.i.k.p.i.AbstractProblemLoader Loading environment from /home/runner/work/key/key/key.core/../key.ui/examples/standard_key/polySimp/simplify19.key.proof 
385196     DEBUG main            d.u.i.k.p.i.AbstractProblemLoader Environment load took 76.9ns 
385197     INFO  main            d.u.i.k.p.i.AbstractProblemLoader Creating init config 
387345     DEBUG main            d.u.i.k.p.i.AbstractProblemLoader Init config took 2.15s 
387368     INFO  main            d.u.i.k.p.i.AbstractProblemLoader Replaying proof simplify19.key.proof 
387584     DEBUG main            d.u.i.k.p.i.IntermediateProofReplayer Proof replay took 206.07ms 
387585     DEBUG main            d.u.i.k.p.r.p.TestFile    ... success: reloaded. 
387585     INFO  main            d.u.i.k.p.r.p.TestFile    Now processing file /home/runner/work/key/key/key.core/../key.ui/examples/standard_key/polySimp/simplify2.key 
387586     INFO  main            d.u.i.k.p.i.AbstractProblemLoader Loading environment from /home/runner/work/key/key/key.core/../key.ui/examples/standard_key/polySimp/simplify2.key 
387586     DEBUG main            d.u.i.k.p.i.AbstractProblemLoader Environment load took 63ns 
387586     INFO  main            d.u.i.k.p.i.AbstractProblemLoader Creating init config 
389803     DEBUG main            d.u.i.k.p.i.AbstractProblemLoader Init config took 2.22s 
389814     INFO  main            d.u.i.k.p.i.AbstractProblemLoader Replaying proof simplify2.key 
389815     DEBUG main            d.u.i.k.p.i.IntermediateProofReplayer Proof replay took 1.9ns 
389916     INFO  main            d.u.i.k.p.r.p.TestFile    ... finished proof: closed. 
390385     INFO  main            d.u.i.k.p.i.AbstractProblemLoader Loading environment from /home/runner/work/key/key/key.core/../key.ui/examples/standard_key/polySimp/simplify2.key.proof 
390385     DEBUG main            d.u.i.k.p.i.AbstractProblemLoader Environment load took 69ns 
390386     INFO  main            d.u.i.k.p.i.AbstractProblemLoader Creating init config 
392524     DEBUG main            d.u.i.k.p.i.AbstractProblemLoader Init config took 2.14s 
392536     INFO  main            d.u.i.k.p.i.AbstractProblemLoader Replaying proof simplify2.key.proof 
392538     DEBUG main            d.u.i.k.p.i.IntermediateProofReplayer Proof replay took 662.3ns 
392539     DEBUG main            d.u.i.k.p.r.p.TestFile    ... success: reloaded. 
392539     INFO  main            d.u.i.k.p.r.p.TestFile    Now processing file /home/runner/work/key/key/key.core/../key.ui/examples/standard_key/polySimp/simplify20.key 
392539     INFO  main            d.u.i.k.p.i.AbstractProblemLoader Loading environment from /home/runner/work/key/key/key.core/../key.ui/examples/standard_key/polySimp/simplify20.key 
392539     DEBUG main            d.u.i.k.p.i.AbstractProblemLoader Environment load took 86.4ns 
392540     INFO  main            d.u.i.k.p.i.AbstractProblemLoader Creating init config 
394716     DEBUG main            d.u.i.k.p.i.AbstractProblemLoader Init config took 2.18s 
394728     INFO  main            d.u.i.k.p.i.AbstractProblemLoader Replaying proof simplify20.key 
394729     DEBUG main            d.u.i.k.p.i.IntermediateProofReplayer Proof replay took 2ns 
395231     INFO  main            d.u.i.k.p.r.p.TestFile    ... finished proof: closed. 
395676     INFO  main            d.u.i.k.p.i.AbstractProblemLoader Loading environment from /home/runner/work/key/key/key.core/../key.ui/examples/standard_key/polySimp/simplify20.key.proof 
395677     DEBUG main            d.u.i.k.p.i.AbstractProblemLoader Environment load took 73.4ns 
395678     INFO  main            d.u.i.k.p.i.AbstractProblemLoader Creating init config 
397826     DEBUG main            d.u.i.k.p.i.AbstractProblemLoader Init config took 2.15s 
397839     INFO  main            d.u.i.k.p.i.AbstractProblemLoader Replaying proof simplify20.key.proof 
397896     DEBUG main            d.u.i.k.p.i.IntermediateProofReplayer Proof replay took 53.59ms 
397898     DEBUG main            d.u.i.k.p.r.p.TestFile    ... success: reloaded. 
397898     INFO  main            d.u.i.k.p.r.p.TestFile    Now processing file /home/runner/work/key/key/key.core/../key.ui/examples/standard_key/polySimp/simplify21.key 
397899     INFO  main            d.u.i.k.p.i.AbstractProblemLoader Loading environment from /home/runner/work/key/key/key.core/../key.ui/examples/standard_key/polySimp/simplify21.key 
397899     DEBUG main            d.u.i.k.p.i.AbstractProblemLoader Environment load took 62ns 
397901     INFO  main            d.u.i.k.p.i.AbstractProblemLoader Creating init config 
400100     DEBUG main            d.u.i.k.p.i.AbstractProblemLoader Init config took 2.2s 
400113     INFO  main            d.u.i.k.p.i.AbstractProblemLoader Replaying proof simplify21.key 
400114     DEBUG main            d.u.i.k.p.i.IntermediateProofReplayer Proof replay took 2.1ns 
400619     INFO  main            d.u.i.k.p.r.p.TestFile    ... finished proof: closed. 
401090     INFO  main            d.u.i.k.p.i.AbstractProblemLoader Loading environment from /home/runner/work/key/key/key.core/../key.ui/examples/standard_key/polySimp/simplify21.key.proof 
401090     DEBUG main            d.u.i.k.p.i.AbstractProblemLoader Environment load took 69.1ns 
401093     INFO  main            d.u.i.k.p.i.AbstractProblemLoader Creating init config 
403252     DEBUG main            d.u.i.k.p.i.AbstractProblemLoader Init config took 2.16s 
403268     INFO  main            d.u.i.k.p.i.AbstractProblemLoader Replaying proof simplify21.key.proof 
403328     DEBUG main            d.u.i.k.p.i.IntermediateProofReplayer Proof replay took 55.51ms 
403330     DEBUG main            d.u.i.k.p.r.p.TestFile    ... success: reloaded. 
403331     INFO  main            d.u.i.k.p.r.p.TestFile    Now processing file /home/runner/work/key/key/key.core/../key.ui/examples/standard_key/polySimp/simplify22.key 
403331     INFO  main            d.u.i.k.p.i.AbstractProblemLoader Loading environment from /home/runner/work/key/key/key.core/../key.ui/examples/standard_key/polySimp/simplify22.key 
403331     DEBUG main            d.u.i.k.p.i.AbstractProblemLoader Environment load took 158.3ns 
403332     INFO  main            d.u.i.k.p.i.AbstractProblemLoader Creating init config 
405531     DEBUG main            d.u.i.k.p.i.AbstractProblemLoader Init config took 2.2s 
405543     INFO  main            d.u.i.k.p.i.AbstractProblemLoader Replaying proof simplify22.key 
405543     DEBUG main            d.u.i.k.p.i.IntermediateProofReplayer Proof replay took 2.3ns 
405645     INFO  main            d.u.i.k.p.r.p.TestFile    ... finished proof: closed. 
406098     INFO  main            d.u.i.k.p.i.AbstractProblemLoader Loading environment from /home/runner/work/key/key/key.core/../key.ui/examples/standard_key/polySimp/simplify22.key.proof 
406098     DEBUG main            d.u.i.k.p.i.AbstractProblemLoader Environment load took 68.3ns 
406098     INFO  main            d.u.i.k.p.i.AbstractProblemLoader Creating init config 
408242     DEBUG main            d.u.i.k.p.i.AbstractProblemLoader Init config took 2.14s 
408254     INFO  main            d.u.i.k.p.i.AbstractProblemLoader Replaying proof simplify22.key.proof 
408257     DEBUG main            d.u.i.k.p.i.IntermediateProofReplayer Proof replay took 2.02ms 
408257     DEBUG main            d.u.i.k.p.r.p.TestFile    ... success: reloaded. 
408258     INFO  main            d.u.i.k.p.r.p.TestFile    Now processing file /home/runner/work/key/key/key.core/../key.ui/examples/standard_key/polySimp/simplify23.key 
408258     INFO  main            d.u.i.k.p.i.AbstractProblemLoader Loading environment from /home/runner/work/key/key/key.core/../key.ui/examples/standard_key/polySimp/simplify23.key 
408258     DEBUG main            d.u.i.k.p.i.AbstractProblemLoader Environment load took 62.9ns 
408259     INFO  main            d.u.i.k.p.i.AbstractProblemLoader Creating init config 
410437     DEBUG main            d.u.i.k.p.i.AbstractProblemLoader Init config took 2.18s 
410449     INFO  main            d.u.i.k.p.i.AbstractProblemLoader Replaying proof simplify23.key 
410450     DEBUG main            d.u.i.k.p.i.IntermediateProofReplayer Proof replay took 2ns 
410552     INFO  main            d.u.i.k.p.r.p.TestFile    ... finished proof: closed. 
410983     INFO  main            d.u.i.k.p.i.AbstractProblemLoader Loading environment from /home/runner/work/key/key/key.core/../key.ui/examples/standard_key/polySimp/simplify23.key.proof 
410983     DEBUG main            d.u.i.k.p.i.AbstractProblemLoader Environment load took 73.5ns 
410984     INFO  main            d.u.i.k.p.i.AbstractProblemLoader Creating init config 
413126     DEBUG main            d.u.i.k.p.i.AbstractProblemLoader Init config took 2.14s 
413139     INFO  main            d.u.i.k.p.i.AbstractProblemLoader Replaying proof simplify23.key.proof 
413150     DEBUG main            d.u.i.k.p.i.IntermediateProofReplayer Proof replay took 10.13ms 
413151     DEBUG main            d.u.i.k.p.r.p.TestFile    ... success: reloaded. 
413151     INFO  main            d.u.i.k.p.r.p.TestFile    Now processing file /home/runner/work/key/key/key.core/../key.ui/examples/standard_key/polySimp/simplify24.key 
413152     INFO  main            d.u.i.k.p.i.AbstractProblemLoader Loading environment from /home/runner/work/key/key/key.core/../key.ui/examples/standard_key/polySimp/simplify24.key 
413152     DEBUG main            d.u.i.k.p.i.AbstractProblemLoader Environment load took 39.3ns 
413152     INFO  main            d.u.i.k.p.i.AbstractProblemLoader Creating init config 
415339     DEBUG main            d.u.i.k.p.i.AbstractProblemLoader Init config took 2.19s 
415351     INFO  main            d.u.i.k.p.i.AbstractProblemLoader Replaying proof simplify24.key 
415352     DEBUG main            d.u.i.k.p.i.IntermediateProofReplayer Proof replay took 3.1ns 
415453     INFO  main            d.u.i.k.p.r.p.TestFile    ... finished proof: closed. 
415892     INFO  main            d.u.i.k.p.i.AbstractProblemLoader Loading environment from /home/runner/work/key/key/key.core/../key.ui/examples/standard_key/polySimp/simplify24.key.proof 
415892     DEBUG main            d.u.i.k.p.i.AbstractProblemLoader Environment load took 69.4ns 
415893     INFO  main            d.u.i.k.p.i.AbstractProblemLoader Creating init config 
418037     DEBUG main            d.u.i.k.p.i.AbstractProblemLoader Init config took 2.14s 
418049     INFO  main            d.u.i.k.p.i.AbstractProblemLoader Replaying proof simplify24.key.proof 
418052     DEBUG main            d.u.i.k.p.i.IntermediateProofReplayer Proof replay took 2.15ms 
418053     DEBUG main            d.u.i.k.p.r.p.TestFile    ... success: reloaded. 
418053     INFO  main            d.u.i.k.p.r.p.TestFile    Now processing file /home/runner/work/key/key/key.core/../key.ui/examples/standard_key/polySimp/simplify25.key 
418053     INFO  main            d.u.i.k.p.i.AbstractProblemLoader Loading environment from /home/runner/work/key/key/key.core/../key.ui/examples/standard_key/polySimp/simplify25.key 
418053     DEBUG main            d.u.i.k.p.i.AbstractProblemLoader Environment load took 56.4ns 
418054     INFO  main            d.u.i.k.p.i.AbstractProblemLoader Creating init config 
420235     DEBUG main            d.u.i.k.p.i.AbstractProblemLoader Init config took 2.18s 
420247     INFO  main            d.u.i.k.p.i.AbstractProblemLoader Replaying proof simplify25.key 
420248     DEBUG main            d.u.i.k.p.i.IntermediateProofReplayer Proof replay took 2ns 
420349     INFO  main            d.u.i.k.p.r.p.TestFile    ... finished proof: closed. 
420803     INFO  main            d.u.i.k.p.i.AbstractProblemLoader Loading environment from /home/runner/work/key/key/key.core/../key.ui/examples/standard_key/polySimp/simplify25.key.proof 
420803     DEBUG main            d.u.i.k.p.i.AbstractProblemLoader Environment load took 66.5ns 
420804     INFO  main            d.u.i.k.p.i.AbstractProblemLoader Creating init config 
422948     DEBUG main            d.u.i.k.p.i.AbstractProblemLoader Init config took 2.14s 
422960     INFO  main            d.u.i.k.p.i.AbstractProblemLoader Replaying proof simplify25.key.proof 
422964     DEBUG main            d.u.i.k.p.i.IntermediateProofReplayer Proof replay took 2.14ms 
422964     DEBUG main            d.u.i.k.p.r.p.TestFile    ... success: reloaded. 
422965     INFO  main            d.u.i.k.p.r.p.TestFile    Now processing file /home/runner/work/key/key/key.core/../key.ui/examples/standard_key/polySimp/simplify3.key 
422965     INFO  main            d.u.i.k.p.i.AbstractProblemLoader Loading environment from /home/runner/work/key/key/key.core/../key.ui/examples/standard_key/polySimp/simplify3.key 
422965     DEBUG main            d.u.i.k.p.i.AbstractProblemLoader Environment load took 36.8ns 
422965     INFO  main            d.u.i.k.p.i.AbstractProblemLoader Creating init config 
425146     DEBUG main            d.u.i.k.p.i.AbstractProblemLoader Init config took 2.18s 
425158     INFO  main            d.u.i.k.p.i.AbstractProblemLoader Replaying proof simplify3.key 
425159     DEBUG main            d.u.i.k.p.i.IntermediateProofReplayer Proof replay took 2.5ns 
425260     INFO  main            d.u.i.k.p.r.p.TestFile    ... finished proof: closed. 
425706     INFO  main            d.u.i.k.p.i.AbstractProblemLoader Loading environment from /home/runner/work/key/key/key.core/../key.ui/examples/standard_key/polySimp/simplify3.key.proof 
425706     DEBUG main            d.u.i.k.p.i.AbstractProblemLoader Environment load took 64.2ns 
425707     INFO  main            d.u.i.k.p.i.AbstractProblemLoader Creating init config 
427932     DEBUG main            d.u.i.k.p.i.AbstractProblemLoader Init config took 2.23s 
427946     INFO  main            d.u.i.k.p.i.AbstractProblemLoader Replaying proof simplify3.key.proof 
427948     DEBUG main            d.u.i.k.p.i.IntermediateProofReplayer Proof replay took 890.39ns 
427948     DEBUG main            d.u.i.k.p.r.p.TestFile    ... success: reloaded. 
427949     INFO  main            d.u.i.k.p.r.p.TestFile    Now processing file /home/runner/work/key/key/key.core/../key.ui/examples/standard_key/polySimp/simplify4.key 
427949     INFO  main            d.u.i.k.p.i.AbstractProblemLoader Loading environment from /home/runner/work/key/key/key.core/../key.ui/examples/standard_key/polySimp/simplify4.key 
427949     DEBUG main            d.u.i.k.p.i.AbstractProblemLoader Environment load took 61.5ns 
427950     INFO  main            d.u.i.k.p.i.AbstractProblemLoader Creating init config 
430231     DEBUG main            d.u.i.k.p.i.AbstractProblemLoader Init config took 2.28s 
430243     INFO  main            d.u.i.k.p.i.AbstractProblemLoader Replaying proof simplify4.key 
430243     DEBUG main            d.u.i.k.p.i.IntermediateProofReplayer Proof replay took 1.9ns 
430344     INFO  main            d.u.i.k.p.r.p.TestFile    ... finished proof: closed. 
430790     INFO  main            d.u.i.k.p.i.AbstractProblemLoader Loading environment from /home/runner/work/key/key/key.core/../key.ui/examples/standard_key/polySimp/simplify4.key.proof 
430790     DEBUG main            d.u.i.k.p.i.AbstractProblemLoader Environment load took 68ns 
430791     INFO  main            d.u.i.k.p.i.AbstractProblemLoader Creating init config 
432934     DEBUG main            d.u.i.k.p.i.AbstractProblemLoader Init config took 2.14s 
432946     INFO  main            d.u.i.k.p.i.AbstractProblemLoader Replaying proof simplify4.key.proof 
432948     DEBUG main            d.u.i.k.p.i.IntermediateProofReplayer Proof replay took 948.2ns 
432948     DEBUG main            d.u.i.k.p.r.p.TestFile    ... success: reloaded. 
432949     INFO  main            d.u.i.k.p.r.p.TestFile    Now processing file /home/runner/work/key/key/key.core/../key.ui/examples/standard_key/polySimp/simplify5.key 
432949     INFO  main            d.u.i.k.p.i.AbstractProblemLoader Loading environment from /home/runner/work/key/key/key.core/../key.ui/examples/standard_key/polySimp/simplify5.key 
432949     DEBUG main            d.u.i.k.p.i.AbstractProblemLoader Environment load took 51.9ns 
432950     INFO  main            d.u.i.k.p.i.AbstractProblemLoader Creating init config 
435143     DEBUG main            d.u.i.k.p.i.AbstractProblemLoader Init config took 2.19s 
435155     INFO  main            d.u.i.k.p.i.AbstractProblemLoader Replaying proof simplify5.key 
435156     DEBUG main            d.u.i.k.p.i.IntermediateProofReplayer Proof replay took 2.6ns 
435257     INFO  main            d.u.i.k.p.r.p.TestFile    ... finished proof: closed. 
435720     INFO  main            d.u.i.k.p.i.AbstractProblemLoader Loading environment from /home/runner/work/key/key/key.core/../key.ui/examples/standard_key/polySimp/simplify5.key.proof 
435720     DEBUG main            d.u.i.k.p.i.AbstractProblemLoader Environment load took 65.7ns 
435721     INFO  main            d.u.i.k.p.i.AbstractProblemLoader Creating init config 
437972     DEBUG main            d.u.i.k.p.i.AbstractProblemLoader Init config took 2.25s 
437986     INFO  main            d.u.i.k.p.i.AbstractProblemLoader Replaying proof simplify5.key.proof 
437994     DEBUG main            d.u.i.k.p.i.IntermediateProofReplayer Proof replay took 6.19ms 
437994     DEBUG main            d.u.i.k.p.r.p.TestFile    ... success: reloaded. 
437995     INFO  main            d.u.i.k.p.r.p.TestFile    Now processing file /home/runner/work/key/key/key.core/../key.ui/examples/standard_key/polySimp/simplify6.key 
437995     INFO  main            d.u.i.k.p.i.AbstractProblemLoader Loading environment from /home/runner/work/key/key/key.core/../key.ui/examples/standard_key/polySimp/simplify6.key 
437996     DEBUG main            d.u.i.k.p.i.AbstractProblemLoader Environment load took 493.6ns 
437997     INFO  main            d.u.i.k.p.i.AbstractProblemLoader Creating init config 
440277     DEBUG main            d.u.i.k.p.i.AbstractProblemLoader Init config took 2.28s 
440290     INFO  main            d.u.i.k.p.i.AbstractProblemLoader Replaying proof simplify6.key 
440291     DEBUG main            d.u.i.k.p.i.IntermediateProofReplayer Proof replay took 2.2ns 
440393     INFO  main            d.u.i.k.p.r.p.TestFile    ... finished proof: closed. 
440847     INFO  main            d.u.i.k.p.i.AbstractProblemLoader Loading environment from /home/runner/work/key/key/key.core/../key.ui/examples/standard_key/polySimp/simplify6.key.proof 
440847     DEBUG main            d.u.i.k.p.i.AbstractProblemLoader Environment load took 74.2ns 
440848     INFO  main            d.u.i.k.p.i.AbstractProblemLoader Creating init config 
443102     DEBUG main            d.u.i.k.p.i.AbstractProblemLoader Init config took 2.25s 
443117     INFO  main            d.u.i.k.p.i.AbstractProblemLoader Replaying proof simplify6.key.proof 
443127     DEBUG main            d.u.i.k.p.i.IntermediateProofReplayer Proof replay took 310.3ns 
443127     DEBUG main            d.u.i.k.p.r.p.TestFile    ... success: reloaded. 
443128     INFO  main            d.u.i.k.p.r.p.TestFile    Now processing file /home/runner/work/key/key/key.core/../key.ui/examples/standard_key/polySimp/simplify7.key 
443128     INFO  main            d.u.i.k.p.i.AbstractProblemLoader Loading environment from /home/runner/work/key/key/key.core/../key.ui/examples/standard_key/polySimp/simplify7.key 
443128     DEBUG main            d.u.i.k.p.i.AbstractProblemLoader Environment load took 66.9ns 
443129     INFO  main            d.u.i.k.p.i.AbstractProblemLoader Creating init config 
445456     DEBUG main            d.u.i.k.p.i.AbstractProblemLoader Init config took 2.33s 
445469     INFO  main            d.u.i.k.p.i.AbstractProblemLoader Replaying proof simplify7.key 
445469     DEBUG main            d.u.i.k.p.i.IntermediateProofReplayer Proof replay took 2ns 
445570     INFO  main            d.u.i.k.p.r.p.TestFile    ... finished proof: closed. 
446029     INFO  main            d.u.i.k.p.i.AbstractProblemLoader Loading environment from /home/runner/work/key/key/key.core/../key.ui/examples/standard_key/polySimp/simplify7.key.proof 
446029     DEBUG main            d.u.i.k.p.i.AbstractProblemLoader Environment load took 64.5ns 
446030     INFO  main            d.u.i.k.p.i.AbstractProblemLoader Creating init config 
448247     DEBUG main            d.u.i.k.p.i.AbstractProblemLoader Init config took 2.22s 
448261     INFO  main            d.u.i.k.p.i.AbstractProblemLoader Replaying proof simplify7.key.proof 
448263     DEBUG main            d.u.i.k.p.i.IntermediateProofReplayer Proof replay took 589.6ns 
448264     DEBUG main            d.u.i.k.p.r.p.TestFile    ... success: reloaded. 
448264     INFO  main            d.u.i.k.p.r.p.TestFile    Now processing file /home/runner/work/key/key/key.core/../key.ui/examples/standard_key/polySimp/simplify8.key 
448264     INFO  main            d.u.i.k.p.i.AbstractProblemLoader Loading environment from /home/runner/work/key/key/key.core/../key.ui/examples/standard_key/polySimp/simplify8.key 
448264     DEBUG main            d.u.i.k.p.i.AbstractProblemLoader Environment load took 61.9ns 
448269     INFO  main            d.u.i.k.p.i.AbstractProblemLoader Creating init config 
450541     DEBUG main            d.u.i.k.p.i.AbstractProblemLoader Init config took 2.27s 
450554     INFO  main            d.u.i.k.p.i.AbstractProblemLoader Replaying proof simplify8.key 
450555     DEBUG main            d.u.i.k.p.i.IntermediateProofReplayer Proof replay took 2.2ns 
454079     INFO  main            d.u.i.k.p.r.p.TestFile    ... finished proof: closed. 
454566     INFO  main            d.u.i.k.p.i.AbstractProblemLoader Loading environment from /home/runner/work/key/key/key.core/../key.ui/examples/standard_key/polySimp/simplify8.key.proof 
454566     DEBUG main            d.u.i.k.p.i.AbstractProblemLoader Environment load took 75.1ns 
454569     INFO  main            d.u.i.k.p.i.AbstractProblemLoader Creating init config 
456844     DEBUG main            d.u.i.k.p.i.AbstractProblemLoader Init config took 2.28s 
456862     INFO  main            d.u.i.k.p.i.AbstractProblemLoader Replaying proof simplify8.key.proof 
457057     DEBUG main            d.u.i.k.p.i.IntermediateProofReplayer Proof replay took 187.44ms 
457059     DEBUG main            d.u.i.k.p.r.p.TestFile    ... success: reloaded. 
457060     INFO  main            d.u.i.k.p.r.p.TestFile    Now processing file /home/runner/work/key/key/key.core/../key.ui/examples/standard_key/polySimp/simplify9.key 
457060     INFO  main            d.u.i.k.p.i.AbstractProblemLoader Loading environment from /home/runner/work/key/key/key.core/../key.ui/examples/standard_key/polySimp/simplify9.key 
457060     DEBUG main            d.u.i.k.p.i.AbstractProblemLoader Environment load took 230.1ns 
457062     INFO  main            d.u.i.k.p.i.AbstractProblemLoader Creating init config 
459353     DEBUG main            d.u.i.k.p.i.AbstractProblemLoader Init config took 2.29s 
459365     INFO  main            d.u.i.k.p.i.AbstractProblemLoader Replaying proof simplify9.key 
459366     DEBUG main            d.u.i.k.p.i.IntermediateProofReplayer Proof replay took 2.7ns 
459468     INFO  main            d.u.i.k.p.r.p.TestFile    ... finished proof: closed. 
460007     INFO  main            d.u.i.k.p.i.AbstractProblemLoader Loading environment from /home/runner/work/key/key/key.core/../key.ui/examples/standard_key/polySimp/simplify9.key.proof 
460007     DEBUG main            d.u.i.k.p.i.AbstractProblemLoader Environment load took 63.8ns 
460008     INFO  main            d.u.i.k.p.i.AbstractProblemLoader Creating init config 
462193     DEBUG main            d.u.i.k.p.i.AbstractProblemLoader Init config took 2.19s 
462207     INFO  main            d.u.i.k.p.i.AbstractProblemLoader Replaying proof simplify9.key.proof 
462217     DEBUG main            d.u.i.k.p.i.IntermediateProofReplayer Proof replay took 8.8ms 
462218     DEBUG main            d.u.i.k.p.r.p.TestFile    ... success: reloaded. 
2731940    INFO  Test worker     d.u.i.k.p.r.RunAllProofsTestUnit Returning from test arithmetic 
2731941    INFO  Test worker     d.u.i.k.p.r.RunAllProofsTestUnit Running test arrays 
325        INFO  Timeout watchdog d.u.i.k.p.r.p.ForkedTestFileRunner Timeout watcher launched (2000 secs.) 
337        WARN  main            d.u.i.k.s.ProofSettings   The settings in /home/runner/.key/proof-settings.props are *not* read. 
363        INFO  main            d.u.i.k.p.r.p.TestFile    Now processing file /home/runner/work/key/key/key.core/../key.ui/examples/standard_key/arrays/arrayStoreException/array2DimPrim.key 
501        INFO  main            d.u.i.k.p.i.AbstractProblemLoader Loading environment from /home/runner/work/key/key/key.core/../key.ui/examples/standard_key/arrays/arrayStoreException/array2DimPrim.key 
522        DEBUG main            d.u.i.k.p.i.AbstractProblemLoader Environment load took 1.9ms 
790        INFO  main            d.u.i.k.p.i.AbstractProblemLoader Creating init config 
1638       DEBUG main            d.u.i.k.j.TypeConverter   No LDT found for Meta 
1638       DEBUG main            d.u.i.k.j.TypeConverter   No LDT found for Meta 
1641       DEBUG main            d.u.i.k.j.TypeConverter   No LDT found for Meta 
1642       DEBUG main            d.u.i.k.j.TypeConverter   No LDT found for Meta 
3011       DEBUG main            d.u.i.k.j.TypeConverter   No LDT found for JavaBigintExpression 
7446       DEBUG main            d.u.i.k.p.i.AbstractProblemLoader Init config took 6.66s 
7536       INFO  main            d.u.i.k.p.i.AbstractProblemLoader Replaying proof array2DimPrim.key 
7565       DEBUG main            d.u.i.k.p.i.IntermediateProofReplayer Proof replay took 32.1ns 
11171      INFO  main            d.u.i.k.p.r.p.TestFile    ... finished proof: closed. 
11337      INFO  main            d.u.i.k.p.i.AbstractProblemLoader Loading environment from /home/runner/work/key/key/key.core/../key.ui/examples/standard_key/arrays/arrayStoreException/array2DimPrim.key.proof 
11337      DEBUG main            d.u.i.k.p.i.AbstractProblemLoader Environment load took 385.9ns 
11341      INFO  main            d.u.i.k.p.i.AbstractProblemLoader Creating init config 
13899      DEBUG main            d.u.i.k.p.i.AbstractProblemLoader Init config took 2.56s 
13943      INFO  main            d.u.i.k.p.i.AbstractProblemLoader Replaying proof array2DimPrim.key.proof 
14450      DEBUG main            d.u.i.k.p.i.IntermediateProofReplayer Proof replay took 491.45ms 
14463      DEBUG main            d.u.i.k.p.r.p.TestFile    ... success: reloaded. 
14464      INFO  main            d.u.i.k.p.r.p.TestFile    Now processing file /home/runner/work/key/key/key.core/../key.ui/examples/standard_key/arrays/arrayStoreException/arrayStoreKnownDynType.key 
14465      INFO  main            d.u.i.k.p.i.AbstractProblemLoader Loading environment from /home/runner/work/key/key/key.core/../key.ui/examples/standard_key/arrays/arrayStoreException/arrayStoreKnownDynType.key 
14465      DEBUG main            d.u.i.k.p.i.AbstractProblemLoader Environment load took 201.6ns 
14467      INFO  main            d.u.i.k.p.i.AbstractProblemLoader Creating init config 
16963      DEBUG main            d.u.i.k.p.i.AbstractProblemLoader Init config took 2.5s 
17000      INFO  main            d.u.i.k.p.i.AbstractProblemLoader Replaying proof arrayStoreKnownDynType.key 
17006      DEBUG main            d.u.i.k.p.i.IntermediateProofReplayer Proof replay took 5.6ns 
17209      INFO  main            d.u.i.k.p.r.p.TestFile    ... finished proof: closed. 
17442      INFO  main            d.u.i.k.p.i.AbstractProblemLoader Loading environment from /home/runner/work/key/key/key.core/../key.ui/examples/standard_key/arrays/arrayStoreException/arrayStoreKnownDynType.key.proof 
17442      DEBUG main            d.u.i.k.p.i.AbstractProblemLoader Environment load took 120.4ns 
17443      INFO  main            d.u.i.k.p.i.AbstractProblemLoader Creating init config 
19879      DEBUG main            d.u.i.k.p.i.AbstractProblemLoader Init config took 2.44s 
19900      INFO  main            d.u.i.k.p.i.AbstractProblemLoader Replaying proof arrayStoreKnownDynType.key.proof 
19937      DEBUG main            d.u.i.k.p.i.IntermediateProofReplayer Proof replay took 33.68ms 
19938      DEBUG main            d.u.i.k.p.r.p.TestFile    ... success: reloaded. 
19939      INFO  main            d.u.i.k.p.r.p.TestFile    Now processing file /home/runner/work/key/key/key.core/../key.ui/examples/standard_key/arrays/arrayStoreException/reverseArray.key 
19939      INFO  main            d.u.i.k.p.i.AbstractProblemLoader Loading environment from /home/runner/work/key/key/key.core/../key.ui/examples/standard_key/arrays/arrayStoreException/reverseArray.key 
19940      DEBUG main            d.u.i.k.p.i.AbstractProblemLoader Environment load took 188.6ns 
19941      INFO  main            d.u.i.k.p.i.AbstractProblemLoader Creating init config 
22308      DEBUG main            d.u.i.k.p.i.AbstractProblemLoader Init config took 2.37s 
22352      INFO  main            d.u.i.k.p.i.AbstractProblemLoader Replaying proof reverseArray.key 
22356      DEBUG main            d.u.i.k.p.i.IntermediateProofReplayer Proof replay took 6.1ns 
22961      INFO  main            d.u.i.k.p.r.p.TestFile    ... finished proof: closed. 
23112      INFO  main            d.u.i.k.p.i.AbstractProblemLoader Loading environment from /home/runner/work/key/key/key.core/../key.ui/examples/standard_key/arrays/arrayStoreException/reverseArray.key.proof 
23115      DEBUG main            d.u.i.k.p.i.AbstractProblemLoader Environment load took 3.56ms 
23117      INFO  main            d.u.i.k.p.i.AbstractProblemLoader Creating init config 
25484      DEBUG main            d.u.i.k.p.i.AbstractProblemLoader Init config took 2.37s 
25506      INFO  main            d.u.i.k.p.i.AbstractProblemLoader Replaying proof reverseArray.key.proof 
25632      DEBUG main            d.u.i.k.p.i.IntermediateProofReplayer Proof replay took 120.51ms 
25634      DEBUG main            d.u.i.k.p.r.p.TestFile    ... success: reloaded. 
25635      INFO  main            d.u.i.k.p.r.p.TestFile    Now processing file /home/runner/work/key/key/key.core/../key.ui/examples/standard_key/arrays/arrayStoreException/throwArrayStoreException.key 
25636      INFO  main            d.u.i.k.p.i.AbstractProblemLoader Loading environment from /home/runner/work/key/key/key.core/../key.ui/examples/standard_key/arrays/arrayStoreException/throwArrayStoreException.key 
25636      DEBUG main            d.u.i.k.p.i.AbstractProblemLoader Environment load took 184.6ns 
25637      INFO  main            d.u.i.k.p.i.AbstractProblemLoader Creating init config 
28033      DEBUG main            d.u.i.k.p.i.AbstractProblemLoader Init config took 2.4s 
28053      INFO  main            d.u.i.k.p.i.AbstractProblemLoader Replaying proof throwArrayStoreException.key 
28055      DEBUG main            d.u.i.k.p.i.IntermediateProofReplayer Proof replay took 5.9ns 
28458      INFO  main            d.u.i.k.p.r.p.TestFile    ... finished proof: closed. 
28620      INFO  main            d.u.i.k.p.i.AbstractProblemLoader Loading environment from /home/runner/work/key/key/key.core/../key.ui/examples/standard_key/arrays/arrayStoreException/throwArrayStoreException.key.proof 
28620      DEBUG main            d.u.i.k.p.i.AbstractProblemLoader Environment load took 651.8ns 
28622      INFO  main            d.u.i.k.p.i.AbstractProblemLoader Creating init config 
30950      DEBUG main            d.u.i.k.p.i.AbstractProblemLoader Init config took 2.33s 
30970      INFO  main            d.u.i.k.p.i.AbstractProblemLoader Replaying proof throwArrayStoreException.key.proof 
31049      DEBUG main            d.u.i.k.p.i.IntermediateProofReplayer Proof replay took 74.62ms 
31050      DEBUG main            d.u.i.k.p.r.p.TestFile    ... success: reloaded. 
31051      INFO  main            d.u.i.k.p.r.p.TestFile    Now processing file /home/runner/work/key/key/key.core/../key.ui/examples/standard_key/arrays/creation/arrayCreation1.key 
31051      INFO  main            d.u.i.k.p.i.AbstractProblemLoader Loading environment from /home/runner/work/key/key/key.core/../key.ui/examples/standard_key/arrays/creation/arrayCreation1.key 
31051      DEBUG main            d.u.i.k.p.i.AbstractProblemLoader Environment load took 130.5ns 
31052      INFO  main            d.u.i.k.p.i.AbstractProblemLoader Creating init config 
33387      DEBUG main            d.u.i.k.p.i.AbstractProblemLoader Init config took 2.33s 
33406      INFO  main            d.u.i.k.p.i.AbstractProblemLoader Replaying proof arrayCreation1.key 
33407      DEBUG main            d.u.i.k.p.i.IntermediateProofReplayer Proof replay took 5.5ns 
33509      INFO  main            d.u.i.k.p.r.p.TestFile    ... finished proof: closed. 
33665      INFO  main            d.u.i.k.p.i.AbstractProblemLoader Loading environment from /home/runner/work/key/key/key.core/../key.ui/examples/standard_key/arrays/creation/arrayCreation1.key.proof 
33665      DEBUG main            d.u.i.k.p.i.AbstractProblemLoader Environment load took 105.1ns 
33667      INFO  main            d.u.i.k.p.i.AbstractProblemLoader Creating init config 
35975      DEBUG main            d.u.i.k.p.i.AbstractProblemLoader Init config took 2.31s 
35995      INFO  main            d.u.i.k.p.i.AbstractProblemLoader Replaying proof arrayCreation1.key.proof 
36018      DEBUG main            d.u.i.k.p.i.IntermediateProofReplayer Proof replay took 21.19ms 
36019      DEBUG main            d.u.i.k.p.r.p.TestFile    ... success: reloaded. 
36020      INFO  main            d.u.i.k.p.r.p.TestFile    Now processing file /home/runner/work/key/key/key.core/../key.ui/examples/standard_key/arrays/arrayStoreException/array2Dim.key 
36020      INFO  main            d.u.i.k.p.i.AbstractProblemLoader Loading environment from /home/runner/work/key/key/key.core/../key.ui/examples/standard_key/arrays/arrayStoreException/array2Dim.key 
36020      DEBUG main            d.u.i.k.p.i.AbstractProblemLoader Environment load took 232.1ns 
36022      INFO  main            d.u.i.k.p.i.AbstractProblemLoader Creating init config 
38399      DEBUG main            d.u.i.k.p.i.AbstractProblemLoader Init config took 2.38s 
38419      INFO  main            d.u.i.k.p.i.AbstractProblemLoader Replaying proof array2Dim.key 
38421      DEBUG main            d.u.i.k.p.i.IntermediateProofReplayer Proof replay took 6.3ns 
41394      INFO  main            d.u.i.k.p.r.p.TestFile    ... finished proof: open goal(s) 
41705      INFO  main            d.u.i.k.p.r.p.TestFile    Now processing file /home/runner/work/key/key/key.core/../key.ui/examples/standard_key/arrays/arrayStoreException/array2DimClose.key 
41705      INFO  main            d.u.i.k.p.i.AbstractProblemLoader Loading environment from /home/runner/work/key/key/key.core/../key.ui/examples/standard_key/arrays/arrayStoreException/array2DimClose.key 
41705      DEBUG main            d.u.i.k.p.i.AbstractProblemLoader Environment load took 54.9ns 
41706      INFO  main            d.u.i.k.p.i.AbstractProblemLoader Creating init config 
43982      DEBUG main            d.u.i.k.p.i.AbstractProblemLoader Init config took 2.28s 
44001      INFO  main            d.u.i.k.p.i.AbstractProblemLoader Replaying proof array2DimClose.key 
44003      DEBUG main            d.u.i.k.p.i.IntermediateProofReplayer Proof replay took 9.2ns 
46032      INFO  main            d.u.i.k.p.r.p.TestFile    ... finished proof: open goal(s) 
46361      INFO  main            d.u.i.k.p.r.p.TestFile    Now processing file /home/runner/work/key/key/key.core/../key.ui/examples/standard_key/arrays/arrayStoreException/throwASEForPrim.key 
46361      INFO  main            d.u.i.k.p.i.AbstractProblemLoader Loading environment from /home/runner/work/key/key/key.core/../key.ui/examples/standard_key/arrays/arrayStoreException/throwASEForPrim.key 
46361      DEBUG main            d.u.i.k.p.i.AbstractProblemLoader Environment load took 57.8ns 
46362      INFO  main            d.u.i.k.p.i.AbstractProblemLoader Creating init config 
48617      DEBUG main            d.u.i.k.p.i.AbstractProblemLoader Init config took 2.25s 
48633      INFO  main            d.u.i.k.p.i.AbstractProblemLoader Replaying proof throwASEForPrim.key 
48635      DEBUG main            d.u.i.k.p.i.IntermediateProofReplayer Proof replay took 5.5ns 
52633      INFO  main            d.u.i.k.p.r.p.TestFile    ... finished proof: open goal(s) 
2784999    INFO  Test worker     d.u.i.k.p.r.RunAllProofsTestUnit Returning from test arrays 
2785002    INFO  Test worker     d.u.i.k.p.r.RunAllProofsTestUnit Running test javadl 
340        INFO  Timeout watchdog d.u.i.k.p.r.p.ForkedTestFileRunner Timeout watcher launched (2000 secs.) 
352        WARN  main            d.u.i.k.s.ProofSettings   The settings in /home/runner/.key/proof-settings.props are *not* read. 
376        INFO  main            d.u.i.k.p.r.p.TestFile    Now processing file /home/runner/work/key/key/key.core/../key.ui/examples/standard_key/instanceCreation/instanceCreation1.key 
474        INFO  main            d.u.i.k.p.i.AbstractProblemLoader Loading environment from /home/runner/work/key/key/key.core/../key.ui/examples/standard_key/instanceCreation/instanceCreation1.key 
493        DEBUG main            d.u.i.k.p.i.AbstractProblemLoader Environment load took 5.34ms 
713        INFO  main            d.u.i.k.p.i.AbstractProblemLoader Creating init config 
1490       DEBUG main            d.u.i.k.j.TypeConverter   No LDT found for Meta 
1490       DEBUG main            d.u.i.k.j.TypeConverter   No LDT found for Meta 
1491       DEBUG main            d.u.i.k.j.TypeConverter   No LDT found for Meta 
1491       DEBUG main            d.u.i.k.j.TypeConverter   No LDT found for Meta 
2865       DEBUG main            d.u.i.k.j.TypeConverter   No LDT found for JavaBigintExpression 
7807       DEBUG main            d.u.i.k.p.i.AbstractProblemLoader Init config took 7.09s 
7885       INFO  main            d.u.i.k.p.i.AbstractProblemLoader Replaying proof instanceCreation1.key 
7914       DEBUG main            d.u.i.k.p.i.IntermediateProofReplayer Proof replay took 35.2ns 
8841       INFO  main            d.u.i.k.p.r.p.TestFile    ... finished proof: closed. 
8990       INFO  main            d.u.i.k.p.i.AbstractProblemLoader Loading environment from /home/runner/work/key/key/key.core/../key.ui/examples/standard_key/instanceCreation/instanceCreation1.key.proof 
8994       DEBUG main            d.u.i.k.p.i.AbstractProblemLoader Environment load took 3.64ms 
9001       INFO  main            d.u.i.k.p.i.AbstractProblemLoader Creating init config 
11780      DEBUG main            d.u.i.k.p.i.AbstractProblemLoader Init config took 2.78s 
11814      INFO  main            d.u.i.k.p.i.AbstractProblemLoader Replaying proof instanceCreation1.key.proof 
11914      DEBUG main            d.u.i.k.p.i.IntermediateProofReplayer Proof replay took 94.3ms 
11926      DEBUG main            d.u.i.k.p.r.p.TestFile    ... success: reloaded. 
11927      INFO  main            d.u.i.k.p.r.p.TestFile    Now processing file /home/runner/work/key/key/key.core/../key.ui/examples/standard_key/instanceCreation/instanceCreation2.key 
11940      INFO  main            d.u.i.k.p.i.AbstractProblemLoader Loading environment from /home/runner/work/key/key/key.core/../key.ui/examples/standard_key/instanceCreation/instanceCreation2.key 
11940      DEBUG main            d.u.i.k.p.i.AbstractProblemLoader Environment load took 292ns 
11942      INFO  main            d.u.i.k.p.i.AbstractProblemLoader Creating init config 
14665      DEBUG main            d.u.i.k.p.i.AbstractProblemLoader Init config took 2.72s 
14712      INFO  main            d.u.i.k.p.i.AbstractProblemLoader Replaying proof instanceCreation2.key 
14715      DEBUG main            d.u.i.k.p.i.IntermediateProofReplayer Proof replay took 5.5ns 
15327      INFO  main            d.u.i.k.p.r.p.TestFile    ... finished proof: closed. 
15471      INFO  main            d.u.i.k.p.i.AbstractProblemLoader Loading environment from /home/runner/work/key/key/key.core/../key.ui/examples/standard_key/instanceCreation/instanceCreation2.key.proof 
15471      DEBUG main            d.u.i.k.p.i.AbstractProblemLoader Environment load took 368.9ns 
15473      INFO  main            d.u.i.k.p.i.AbstractProblemLoader Creating init config 
18097      DEBUG main            d.u.i.k.p.i.AbstractProblemLoader Init config took 2.62s 
18123      INFO  main            d.u.i.k.p.i.AbstractProblemLoader Replaying proof instanceCreation2.key.proof 
18219      DEBUG main            d.u.i.k.p.i.IntermediateProofReplayer Proof replay took 91.33ms 
18221      DEBUG main            d.u.i.k.p.r.p.TestFile    ... success: reloaded. 
18222      INFO  main            d.u.i.k.p.r.p.TestFile    Now processing file /home/runner/work/key/key/key.core/../key.ui/examples/standard_key/instanceCreation/interfacesAndAbstractClassesHaveNoInstances.key 
18222      INFO  main            d.u.i.k.p.i.AbstractProblemLoader Loading environment from /home/runner/work/key/key/key.core/../key.ui/examples/standard_key/instanceCreation/interfacesAndAbstractClassesHaveNoInstances.key 
18222      DEBUG main            d.u.i.k.p.i.AbstractProblemLoader Environment load took 187.2ns 
18224      INFO  main            d.u.i.k.p.i.AbstractProblemLoader Creating init config 
20850      DEBUG main            d.u.i.k.p.i.AbstractProblemLoader Init config took 2.63s 
20871      INFO  main            d.u.i.k.p.i.AbstractProblemLoader Replaying proof interfacesAndAbstractClassesHaveNoInstances.key 
20873      DEBUG main            d.u.i.k.p.i.IntermediateProofReplayer Proof replay took 5.6ns 
20975      INFO  main            d.u.i.k.p.r.p.TestFile    ... finished proof: closed. 
21126      INFO  main            d.u.i.k.p.i.AbstractProblemLoader Loading environment from /home/runner/work/key/key/key.core/../key.ui/examples/standard_key/instanceCreation/interfacesAndAbstractClassesHaveNoInstances.key.proof 
21126      DEBUG main            d.u.i.k.p.i.AbstractProblemLoader Environment load took 107.4ns 
21128      INFO  main            d.u.i.k.p.i.AbstractProblemLoader Creating init config 
23688      DEBUG main            d.u.i.k.p.i.AbstractProblemLoader Init config took 2.56s 
23708      INFO  main            d.u.i.k.p.i.AbstractProblemLoader Replaying proof interfacesAndAbstractClassesHaveNoInstances.key.proof 
23710      DEBUG main            d.u.i.k.p.i.IntermediateProofReplayer Proof replay took 1.16ms 
23712      DEBUG main            d.u.i.k.p.r.p.TestFile    ... success: reloaded. 
23712      INFO  main            d.u.i.k.p.r.p.TestFile    Now processing file /home/runner/work/key/key/key.core/../key.ui/examples/standard_key/instanceCreation/successiveCreatedObjectsAreDistinct.key 
23713      INFO  main            d.u.i.k.p.i.AbstractProblemLoader Loading environment from /home/runner/work/key/key/key.core/../key.ui/examples/standard_key/instanceCreation/successiveCreatedObjectsAreDistinct.key 
23713      DEBUG main            d.u.i.k.p.i.AbstractProblemLoader Environment load took 74.5ns 
23714      INFO  main            d.u.i.k.p.i.AbstractProblemLoader Creating init config 
26358      DEBUG main            d.u.i.k.p.i.AbstractProblemLoader Init config took 2.64s 
26402      INFO  main            d.u.i.k.p.i.AbstractProblemLoader Replaying proof successiveCreatedObjectsAreDistinct.key 
26404      DEBUG main            d.u.i.k.p.i.IntermediateProofReplayer Proof replay took 5.3ns 
26809      INFO  main            d.u.i.k.p.r.p.TestFile    ... finished proof: closed. 
26957      INFO  main            d.u.i.k.p.i.AbstractProblemLoader Loading environment from /home/runner/work/key/key/key.core/../key.ui/examples/standard_key/instanceCreation/successiveCreatedObjectsAreDistinct.key.proof 
26958      DEBUG main            d.u.i.k.p.i.AbstractProblemLoader Environment load took 588.1ns 
26959      INFO  main            d.u.i.k.p.i.AbstractProblemLoader Creating init config 
29537      DEBUG main            d.u.i.k.p.i.AbstractProblemLoader Init config took 2.58s 
29559      INFO  main            d.u.i.k.p.i.AbstractProblemLoader Replaying proof successiveCreatedObjectsAreDistinct.key.proof 
29625      DEBUG main            d.u.i.k.p.i.IntermediateProofReplayer Proof replay took 63.18ms 
29626      DEBUG main            d.u.i.k.p.r.p.TestFile    ... success: reloaded. 
29627      INFO  main            d.u.i.k.p.r.p.TestFile    Now processing file /home/runner/work/key/key/key.core/../key.ui/examples/standard_key/instanceCreation/testOverloadingConstructors.key 
29627      INFO  main            d.u.i.k.p.i.AbstractProblemLoader Loading environment from /home/runner/work/key/key/key.core/../key.ui/examples/standard_key/instanceCreation/testOverloadingConstructors.key 
29627      DEBUG main            d.u.i.k.p.i.AbstractProblemLoader Environment load took 174.1ns 
29628      INFO  main            d.u.i.k.p.i.AbstractProblemLoader Creating init config 
32207      DEBUG main            d.u.i.k.p.i.AbstractProblemLoader Init config took 2.58s 
32232      INFO  main            d.u.i.k.p.i.AbstractProblemLoader Replaying proof testOverloadingConstructors.key 
32234      DEBUG main            d.u.i.k.p.i.IntermediateProofReplayer Proof replay took 5.6ns 
32541      INFO  main            d.u.i.k.p.r.p.TestFile    ... finished proof: closed. 
32688      INFO  main            d.u.i.k.p.i.AbstractProblemLoader Loading environment from /home/runner/work/key/key/key.core/../key.ui/examples/standard_key/instanceCreation/testOverloadingConstructors.key.proof 
32688      DEBUG main            d.u.i.k.p.i.AbstractProblemLoader Environment load took 108.1ns 
32689      INFO  main            d.u.i.k.p.i.AbstractProblemLoader Creating init config 
35234      DEBUG main            d.u.i.k.p.i.AbstractProblemLoader Init config took 2.54s 
35254      INFO  main            d.u.i.k.p.i.AbstractProblemLoader Replaying proof testOverloadingConstructors.key.proof 
35306      DEBUG main            d.u.i.k.p.i.IntermediateProofReplayer Proof replay took 47.54ms 
35307      DEBUG main            d.u.i.k.p.r.p.TestFile    ... success: reloaded. 
35308      INFO  main            d.u.i.k.p.r.p.TestFile    Now processing file /home/runner/work/key/key/key.core/../key.ui/examples/standard_key/java_dl/SimpleAttributes.key 
35309      INFO  main            d.u.i.k.p.i.AbstractProblemLoader Loading environment from /home/runner/work/key/key/key.core/../key.ui/examples/standard_key/java_dl/SimpleAttributes.key 
35309      DEBUG main            d.u.i.k.p.i.AbstractProblemLoader Environment load took 203.7ns 
35310      INFO  main            d.u.i.k.p.i.AbstractProblemLoader Creating init config 
37860      DEBUG main            d.u.i.k.p.i.AbstractProblemLoader Init config took 2.55s 
37884      INFO  main            d.u.i.k.p.i.AbstractProblemLoader Replaying proof SimpleAttributes.key 
37887      DEBUG main            d.u.i.k.p.i.IntermediateProofReplayer Proof replay took 5.3ns 
37989      INFO  main            d.u.i.k.p.r.p.TestFile    ... finished proof: closed. 
38153      INFO  main            d.u.i.k.p.i.AbstractProblemLoader Loading environment from /home/runner/work/key/key/key.core/../key.ui/examples/standard_key/java_dl/SimpleAttributes.key.proof 
38153      DEBUG main            d.u.i.k.p.i.AbstractProblemLoader Environment load took 113.2ns 
38159      INFO  main            d.u.i.k.p.i.AbstractProblemLoader Creating init config 
40671      DEBUG main            d.u.i.k.p.i.AbstractProblemLoader Init config took 2.51s 
40692      INFO  main            d.u.i.k.p.i.AbstractProblemLoader Replaying proof SimpleAttributes.key.proof 
40722      DEBUG main            d.u.i.k.p.i.IntermediateProofReplayer Proof replay took 26.65ms 
40722      DEBUG main            d.u.i.k.p.r.p.TestFile    ... success: reloaded. 
40723      INFO  main            d.u.i.k.p.r.p.TestFile    Now processing file /home/runner/work/key/key/key.core/../key.ui/examples/standard_key/java_dl/arrayMax.key 
40724      INFO  main            d.u.i.k.p.i.AbstractProblemLoader Loading environment from /home/runner/work/key/key/key.core/../key.ui/examples/standard_key/java_dl/arrayMax.key 
40724      DEBUG main            d.u.i.k.p.i.AbstractProblemLoader Environment load took 184.6ns 
40726      INFO  main            d.u.i.k.p.i.AbstractProblemLoader Creating init config 
43268      DEBUG main            d.u.i.k.p.i.AbstractProblemLoader Init config took 2.54s 
43287      INFO  main            d.u.i.k.p.i.AbstractProblemLoader Replaying proof arrayMax.key 
43290      DEBUG main            d.u.i.k.p.i.IntermediateProofReplayer Proof replay took 5.8ns 
44698      INFO  main            d.u.i.k.p.r.p.TestFile    ... finished proof: closed. 
44870      INFO  main            d.u.i.k.p.i.AbstractProblemLoader Loading environment from /home/runner/work/key/key/key.core/../key.ui/examples/standard_key/java_dl/arrayMax.key.proof 
44870      DEBUG main            d.u.i.k.p.i.AbstractProblemLoader Environment load took 110ns 
44874      INFO  main            d.u.i.k.p.i.AbstractProblemLoader Creating init config 
47416      DEBUG main            d.u.i.k.p.i.AbstractProblemLoader Init config took 2.54s 
47435      INFO  main            d.u.i.k.p.i.AbstractProblemLoader Replaying proof arrayMax.key.proof 
47640      DEBUG main            d.u.i.k.p.i.IntermediateProofReplayer Proof replay took 197.71ms 
47642      DEBUG main            d.u.i.k.p.r.p.TestFile    ... success: reloaded. 
47643      INFO  main            d.u.i.k.p.r.p.TestFile    Now processing file /home/runner/work/key/key/key.core/../key.ui/examples/standard_key/java_dl/arrayUpdateSimp.key 
47643      INFO  main            d.u.i.k.p.i.AbstractProblemLoader Loading environment from /home/runner/work/key/key/key.core/../key.ui/examples/standard_key/java_dl/arrayUpdateSimp.key 
47643      DEBUG main            d.u.i.k.p.i.AbstractProblemLoader Environment load took 173.6ns 
47646      INFO  main            d.u.i.k.p.i.AbstractProblemLoader Creating init config 
47668      WARN  main            d.u.i.k.j.r.KeYCrossReferenceNameInfo Datatype java.io.PrintStream declared twice: Once in FILE:/home/runner/work/key/key/key.core/../key.ui/examples/standard_key/java_dl/./classpath/PrintStream.java and once in URL:file:/home/runner/work/key/key/key.core/build/resources/main/de/uka/ilkd/key/java/JavaRedux/java/io/PrintStream.java, Keeping one from URL:file:/home/runner/work/key/key/key.core/build/resources/main/de/uka/ilkd/key/java/JavaRedux/java/io/PrintStream.java 
47668      WARN  main            d.u.i.k.j.r.KeYCrossReferenceNameInfo Datatype java.io.InputStream declared twice: Once in FILE:/home/runner/work/key/key/key.core/../key.ui/examples/standard_key/java_dl/./classpath/InputStream.java and once in URL:file:/home/runner/work/key/key/key.core/build/resources/main/de/uka/ilkd/key/java/JavaRedux/java/io/InputStream.java, Keeping one from URL:file:/home/runner/work/key/key/key.core/build/resources/main/de/uka/ilkd/key/java/JavaRedux/java/io/InputStream.java 
47668      WARN  main            d.u.i.k.j.r.KeYCrossReferenceNameInfo Datatype java.lang.System declared twice: Once in FILE:/home/runner/work/key/key/key.core/../key.ui/examples/standard_key/java_dl/./classpath/System.java and once in URL:file:/home/runner/work/key/key/key.core/build/resources/main/de/uka/ilkd/key/java/JavaRedux/java/lang/System.java, Keeping one from URL:file:/home/runner/work/key/key/key.core/build/resources/main/de/uka/ilkd/key/java/JavaRedux/java/lang/System.java 
47673      DEBUG main            d.u.i.k.j.r.ClassFileDeclarationBuilder Parsing: package java.io; public class Closeable { } 
47674      DEBUG main            r.s.KeYCrossReferenceSourceInfo Dynamically created class: java.io.Closeable 
50205      DEBUG main            d.u.i.k.p.i.AbstractProblemLoader Init config took 2.56s 
50224      INFO  main            d.u.i.k.p.i.AbstractProblemLoader Replaying proof arrayUpdateSimp.key 
50226      DEBUG main            d.u.i.k.p.i.IntermediateProofReplayer Proof replay took 5.4ns 
50328      INFO  main            d.u.i.k.p.r.p.TestFile    ... finished proof: closed. 
50510      INFO  main            d.u.i.k.p.i.AbstractProblemLoader Loading environment from /home/runner/work/key/key/key.core/../key.ui/examples/standard_key/java_dl/arrayUpdateSimp.key.proof 
50510      DEBUG main            d.u.i.k.p.i.AbstractProblemLoader Environment load took 105.1ns 
50514      INFO  main            d.u.i.k.p.i.AbstractProblemLoader Creating init config 
50535      WARN  main            d.u.i.k.j.r.KeYCrossReferenceNameInfo Datatype java.io.PrintStream declared twice: Once in FILE:/home/runner/work/key/key/key.core/../key.ui/examples/standard_key/java_dl/classpath/PrintStream.java and once in URL:file:/home/runner/work/key/key/key.core/build/resources/main/de/uka/ilkd/key/java/JavaRedux/java/io/PrintStream.java, Keeping one from URL:file:/home/runner/work/key/key/key.core/build/resources/main/de/uka/ilkd/key/java/JavaRedux/java/io/PrintStream.java 
50535      WARN  main            d.u.i.k.j.r.KeYCrossReferenceNameInfo Datatype java.io.InputStream declared twice: Once in FILE:/home/runner/work/key/key/key.core/../key.ui/examples/standard_key/java_dl/classpath/InputStream.java and once in URL:file:/home/runner/work/key/key/key.core/build/resources/main/de/uka/ilkd/key/java/JavaRedux/java/io/InputStream.java, Keeping one from URL:file:/home/runner/work/key/key/key.core/build/resources/main/de/uka/ilkd/key/java/JavaRedux/java/io/InputStream.java 
50536      WARN  main            d.u.i.k.j.r.KeYCrossReferenceNameInfo Datatype java.lang.System declared twice: Once in FILE:/home/runner/work/key/key/key.core/../key.ui/examples/standard_key/java_dl/classpath/System.java and once in URL:file:/home/runner/work/key/key/key.core/build/resources/main/de/uka/ilkd/key/java/JavaRedux/java/lang/System.java, Keeping one from URL:file:/home/runner/work/key/key/key.core/build/resources/main/de/uka/ilkd/key/java/JavaRedux/java/lang/System.java 
50539      DEBUG main            d.u.i.k.j.r.ClassFileDeclarationBuilder Parsing: package java.io; public class Closeable { } 
50539      DEBUG main            r.s.KeYCrossReferenceSourceInfo Dynamically created class: java.io.Closeable 
53117      DEBUG main            d.u.i.k.p.i.AbstractProblemLoader Init config took 2.6s 
53149      INFO  main            d.u.i.k.p.i.AbstractProblemLoader Replaying proof arrayUpdateSimp.key.proof 
53151      DEBUG main            d.u.i.k.p.i.IntermediateProofReplayer Proof replay took 512.4ns 
53153      DEBUG main            d.u.i.k.p.r.p.TestFile    ... success: reloaded. 
53154      INFO  main            d.u.i.k.p.r.p.TestFile    Now processing file /home/runner/work/key/key/key.core/../key.ui/examples/standard_key/java_dl/attributes.key 
53154      INFO  main            d.u.i.k.p.i.AbstractProblemLoader Loading environment from /home/runner/work/key/key/key.core/../key.ui/examples/standard_key/java_dl/attributes.key 
53154      DEBUG main            d.u.i.k.p.i.AbstractProblemLoader Environment load took 168.1ns 
53155      INFO  main            d.u.i.k.p.i.AbstractProblemLoader Creating init config 
55707      DEBUG main            d.u.i.k.p.i.AbstractProblemLoader Init config took 2.55s 
55722      INFO  main            d.u.i.k.p.i.AbstractProblemLoader Replaying proof attributes.key 
55724      DEBUG main            d.u.i.k.p.i.IntermediateProofReplayer Proof replay took 5.2ns 
55926      INFO  main            d.u.i.k.p.r.p.TestFile    ... finished proof: closed. 
56178      INFO  main            d.u.i.k.p.i.AbstractProblemLoader Loading environment from /home/runner/work/key/key/key.core/../key.ui/examples/standard_key/java_dl/attributes.key.proof 
56178      DEBUG main            d.u.i.k.p.i.AbstractProblemLoader Environment load took 104.1ns 
56179      INFO  main            d.u.i.k.p.i.AbstractProblemLoader Creating init config 
58708      DEBUG main            d.u.i.k.p.i.AbstractProblemLoader Init config took 2.53s 
58724      INFO  main            d.u.i.k.p.i.AbstractProblemLoader Replaying proof attributes.key.proof 
58760      DEBUG main            d.u.i.k.p.i.IntermediateProofReplayer Proof replay took 32.87ms 
58761      DEBUG main            d.u.i.k.p.r.p.TestFile    ... success: reloaded. 
58772      INFO  main            d.u.i.k.p.r.p.TestFile    Now processing file /home/runner/work/key/key/key.core/../key.ui/examples/standard_key/java_dl/break.key 
58772      INFO  main            d.u.i.k.p.i.AbstractProblemLoader Loading environment from /home/runner/work/key/key/key.core/../key.ui/examples/standard_key/java_dl/break.key 
58772      DEBUG main            d.u.i.k.p.i.AbstractProblemLoader Environment load took 183.9ns 
58773      INFO  main            d.u.i.k.p.i.AbstractProblemLoader Creating init config 
58829      WARN  main            d.u.i.k.j.r.KeYCrossReferenceNameInfo Datatype java.io.PrintStream declared twice: Once in FILE:/home/runner/work/key/key/key.core/../key.ui/examples/standard_key/java_dl/classpath/PrintStream.java and once in URL:file:/home/runner/work/key/key/key.core/build/resources/main/de/uka/ilkd/key/java/JavaRedux/java/io/PrintStream.java, Keeping one from URL:file:/home/runner/work/key/key/key.core/build/resources/main/de/uka/ilkd/key/java/JavaRedux/java/io/PrintStream.java 
58830      WARN  main            d.u.i.k.j.r.KeYCrossReferenceNameInfo Datatype java.io.InputStream declared twice: Once in FILE:/home/runner/work/key/key/key.core/../key.ui/examples/standard_key/java_dl/classpath/InputStream.java and once in URL:file:/home/runner/work/key/key/key.core/build/resources/main/de/uka/ilkd/key/java/JavaRedux/java/io/InputStream.java, Keeping one from URL:file:/home/runner/work/key/key/key.core/build/resources/main/de/uka/ilkd/key/java/JavaRedux/java/io/InputStream.java 
58830      WARN  main            d.u.i.k.j.r.KeYCrossReferenceNameInfo Datatype java.lang.System declared twice: Once in FILE:/home/runner/work/key/key/key.core/../key.ui/examples/standard_key/java_dl/classpath/System.java and once in URL:file:/home/runner/work/key/key/key.core/build/resources/main/de/uka/ilkd/key/java/JavaRedux/java/lang/System.java, Keeping one from URL:file:/home/runner/work/key/key/key.core/build/resources/main/de/uka/ilkd/key/java/JavaRedux/java/lang/System.java 
58837      DEBUG main            d.u.i.k.j.r.ClassFileDeclarationBuilder Parsing: package java.io; public class Closeable { } 
58842      DEBUG main            r.s.KeYCrossReferenceSourceInfo Dynamically created class: java.io.Closeable 
61376      DEBUG main            d.u.i.k.p.i.AbstractProblemLoader Init config took 2.6s 
61390      INFO  main            d.u.i.k.p.i.AbstractProblemLoader Replaying proof break.key 
61391      DEBUG main            d.u.i.k.p.i.IntermediateProofReplayer Proof replay took 5.4ns 
61493      INFO  main            d.u.i.k.p.r.p.TestFile    ... finished proof: closed. 
61665      INFO  main            d.u.i.k.p.i.AbstractProblemLoader Loading environment from /home/runner/work/key/key/key.core/../key.ui/examples/standard_key/java_dl/break.key.proof 
61666      DEBUG main            d.u.i.k.p.i.AbstractProblemLoader Environment load took 98.9ns 
61667      INFO  main            d.u.i.k.p.i.AbstractProblemLoader Creating init config 
61687      WARN  main            d.u.i.k.j.r.KeYCrossReferenceNameInfo Datatype java.io.PrintStream declared twice: Once in FILE:/home/runner/work/key/key/key.core/../key.ui/examples/standard_key/java_dl/classpath/PrintStream.java and once in URL:file:/home/runner/work/key/key/key.core/build/resources/main/de/uka/ilkd/key/java/JavaRedux/java/io/PrintStream.java, Keeping one from URL:file:/home/runner/work/key/key/key.core/build/resources/main/de/uka/ilkd/key/java/JavaRedux/java/io/PrintStream.java 
61687      WARN  main            d.u.i.k.j.r.KeYCrossReferenceNameInfo Datatype java.io.InputStream declared twice: Once in FILE:/home/runner/work/key/key/key.core/../key.ui/examples/standard_key/java_dl/classpath/InputStream.java and once in URL:file:/home/runner/work/key/key/key.core/build/resources/main/de/uka/ilkd/key/java/JavaRedux/java/io/InputStream.java, Keeping one from URL:file:/home/runner/work/key/key/key.core/build/resources/main/de/uka/ilkd/key/java/JavaRedux/java/io/InputStream.java 
61687      WARN  main            d.u.i.k.j.r.KeYCrossReferenceNameInfo Datatype java.lang.System declared twice: Once in FILE:/home/runner/work/key/key/key.core/../key.ui/examples/standard_key/java_dl/classpath/System.java and once in URL:file:/home/runner/work/key/key/key.core/build/resources/main/de/uka/ilkd/key/java/JavaRedux/java/lang/System.java, Keeping one from URL:file:/home/runner/work/key/key/key.core/build/resources/main/de/uka/ilkd/key/java/JavaRedux/java/lang/System.java 
61690      DEBUG main            d.u.i.k.j.r.ClassFileDeclarationBuilder Parsing: package java.io; public class Closeable { } 
61691      DEBUG main            r.s.KeYCrossReferenceSourceInfo Dynamically created class: java.io.Closeable 
64248      DEBUG main            d.u.i.k.p.i.AbstractProblemLoader Init config took 2.58s 
64267      INFO  main            d.u.i.k.p.i.AbstractProblemLoader Replaying proof break.key.proof 
64279      DEBUG main            d.u.i.k.p.i.IntermediateProofReplayer Proof replay took 7.37ms 
64280      DEBUG main            d.u.i.k.p.r.p.TestFile    ... success: reloaded. 
64281      INFO  main            d.u.i.k.p.r.p.TestFile    Now processing file /home/runner/work/key/key/key.core/../key.ui/examples/standard_key/java_dl/char.key 
64281      INFO  main            d.u.i.k.p.i.AbstractProblemLoader Loading environment from /home/runner/work/key/key/key.core/../key.ui/examples/standard_key/java_dl/char.key 
64282      DEBUG main            d.u.i.k.p.i.AbstractProblemLoader Environment load took 166.4ns 
64282      INFO  main            d.u.i.k.p.i.AbstractProblemLoader Creating init config 
66709      DEBUG main            d.u.i.k.p.i.AbstractProblemLoader Init config took 2.43s 
66724      INFO  main            d.u.i.k.p.i.AbstractProblemLoader Replaying proof char.key 
66725      DEBUG main            d.u.i.k.p.i.IntermediateProofReplayer Proof replay took 5ns 
66827      INFO  main            d.u.i.k.p.r.p.TestFile    ... finished proof: closed. 
66987      INFO  main            d.u.i.k.p.i.AbstractProblemLoader Loading environment from /home/runner/work/key/key/key.core/../key.ui/examples/standard_key/java_dl/char.key.proof 
66987      DEBUG main            d.u.i.k.p.i.AbstractProblemLoader Environment load took 103ns 
66988      INFO  main            d.u.i.k.p.i.AbstractProblemLoader Creating init config 
69394      DEBUG main            d.u.i.k.p.i.AbstractProblemLoader Init config took 2.41s 
69408      INFO  main            d.u.i.k.p.i.AbstractProblemLoader Replaying proof char.key.proof 
69412      DEBUG main            d.u.i.k.p.i.IntermediateProofReplayer Proof replay took 2.5ms 
69413      DEBUG main            d.u.i.k.p.r.p.TestFile    ... success: reloaded. 
69413      INFO  main            d.u.i.k.p.r.p.TestFile    Now processing file /home/runner/work/key/key/key.core/../key.ui/examples/standard_key/java_dl/compileTimeConstants.key 
69414      INFO  main            d.u.i.k.p.i.AbstractProblemLoader Loading environment from /home/runner/work/key/key/key.core/../key.ui/examples/standard_key/java_dl/compileTimeConstants.key 
69414      DEBUG main            d.u.i.k.p.i.AbstractProblemLoader Environment load took 86.7ns 
69415      INFO  main            d.u.i.k.p.i.AbstractProblemLoader Creating init config 
71951      DEBUG main            d.u.i.k.p.i.AbstractProblemLoader Init config took 2.54s 
71964      INFO  main            d.u.i.k.p.i.AbstractProblemLoader Replaying proof compileTimeConstants.key 
71965      DEBUG main            d.u.i.k.p.i.IntermediateProofReplayer Proof replay took 5.5ns 
72067      INFO  main            d.u.i.k.p.r.p.TestFile    ... finished proof: closed. 
72244      INFO  main            d.u.i.k.p.i.AbstractProblemLoader Loading environment from /home/runner/work/key/key/key.core/../key.ui/examples/standard_key/java_dl/compileTimeConstants.key.proof 
72244      DEBUG main            d.u.i.k.p.i.AbstractProblemLoader Environment load took 100.2ns 
72245      INFO  main            d.u.i.k.p.i.AbstractProblemLoader Creating init config 
74692      DEBUG main            d.u.i.k.p.i.AbstractProblemLoader Init config took 2.45s 
74706      INFO  main            d.u.i.k.p.i.AbstractProblemLoader Replaying proof compileTimeConstants.key.proof 
74717      DEBUG main            d.u.i.k.p.i.IntermediateProofReplayer Proof replay took 9.43ms 
74718      DEBUG main            d.u.i.k.p.r.p.TestFile    ... success: reloaded. 
74719      INFO  main            d.u.i.k.p.r.p.TestFile    Now processing file /home/runner/work/key/key/key.core/../key.ui/examples/standard_key/java_dl/constructorException/test.key 
74719      INFO  main            d.u.i.k.p.i.AbstractProblemLoader Loading environment from /home/runner/work/key/key/key.core/../key.ui/examples/standard_key/java_dl/constructorException/test.key 
74719      DEBUG main            d.u.i.k.p.i.AbstractProblemLoader Environment load took 174.5ns 
74720      INFO  main            d.u.i.k.p.i.AbstractProblemLoader Creating init config 
77293      DEBUG main            d.u.i.k.p.i.AbstractProblemLoader Init config took 2.57s 
77355      INFO  main            d.u.i.k.p.i.AbstractProblemLoader Replaying proof Test[Test::Test(int)].JML operation contract.0 
77356      DEBUG main            d.u.i.k.p.i.IntermediateProofReplayer Proof replay took 5.4ns 
77559      INFO  main            d.u.i.k.p.r.p.TestFile    ... finished proof: closed. 
77764      INFO  main            d.u.i.k.p.i.AbstractProblemLoader Loading environment from /home/runner/work/key/key/key.core/../key.ui/examples/standard_key/java_dl/constructorException/test.key.proof 
77764      DEBUG main            d.u.i.k.p.i.AbstractProblemLoader Environment load took 103.3ns 
77765      INFO  main            d.u.i.k.p.i.AbstractProblemLoader Creating init config 
80256      DEBUG main            d.u.i.k.p.i.AbstractProblemLoader Init config took 2.49s 
80307      INFO  main            d.u.i.k.p.i.AbstractProblemLoader Replaying proof Test[Test::Test(int)].JML operation contract.0 
80357      DEBUG main            d.u.i.k.p.i.IntermediateProofReplayer Proof replay took 46.87ms 
80358      DEBUG main            d.u.i.k.p.r.p.TestFile    ... success: reloaded. 
80359      INFO  main            d.u.i.k.p.r.p.TestFile    Now processing file /home/runner/work/key/key/key.core/../key.ui/examples/standard_key/java_dl/constructorException/regressionTestBug1333.key 
80359      INFO  main            d.u.i.k.p.i.AbstractProblemLoader Loading environment from /home/runner/work/key/key/key.core/../key.ui/examples/standard_key/java_dl/constructorException/regressionTestBug1333.key 
80359      DEBUG main            d.u.i.k.p.i.AbstractProblemLoader Environment load took 162.9ns 
80360      INFO  main            d.u.i.k.p.i.AbstractProblemLoader Creating init config 
82888      DEBUG main            d.u.i.k.p.i.AbstractProblemLoader Init config took 2.53s 
82926      INFO  main            d.u.i.k.p.i.AbstractProblemLoader Replaying proof False[False::False()].JML normal_behavior operation contract.0 
82928      DEBUG main            d.u.i.k.p.i.IntermediateProofReplayer Proof replay took 5.3ns 
83033      INFO  main            d.u.i.k.p.r.p.TestFile    ... finished proof: open goal(s) 
83267      INFO  main            d.u.i.k.p.r.p.TestFile    Now processing file /home/runner/work/key/key/key.core/../key.ui/examples/standard_key/java_dl/continue1.key 
83268      INFO  main            d.u.i.k.p.i.AbstractProblemLoader Loading environment from /home/runner/work/key/key/key.core/../key.ui/examples/standard_key/java_dl/continue1.key 
83268      DEBUG main            d.u.i.k.p.i.AbstractProblemLoader Environment load took 94ns 
83269      INFO  main            d.u.i.k.p.i.AbstractProblemLoader Creating init config 
83292      WARN  main            d.u.i.k.j.r.KeYCrossReferenceNameInfo Datatype java.io.PrintStream declared twice: Once in FILE:/home/runner/work/key/key/key.core/../key.ui/examples/standard_key/java_dl/classpath/PrintStream.java and once in URL:file:/home/runner/work/key/key/key.core/build/resources/main/de/uka/ilkd/key/java/JavaRedux/java/io/PrintStream.java, Keeping one from URL:file:/home/runner/work/key/key/key.core/build/resources/main/de/uka/ilkd/key/java/JavaRedux/java/io/PrintStream.java 
83292      WARN  main            d.u.i.k.j.r.KeYCrossReferenceNameInfo Datatype java.io.InputStream declared twice: Once in FILE:/home/runner/work/key/key/key.core/../key.ui/examples/standard_key/java_dl/classpath/InputStream.java and once in URL:file:/home/runner/work/key/key/key.core/build/resources/main/de/uka/ilkd/key/java/JavaRedux/java/io/InputStream.java, Keeping one from URL:file:/home/runner/work/key/key/key.core/build/resources/main/de/uka/ilkd/key/java/JavaRedux/java/io/InputStream.java 
83292      WARN  main            d.u.i.k.j.r.KeYCrossReferenceNameInfo Datatype java.lang.System declared twice: Once in FILE:/home/runner/work/key/key/key.core/../key.ui/examples/standard_key/java_dl/classpath/System.java and once in URL:file:/home/runner/work/key/key/key.core/build/resources/main/de/uka/ilkd/key/java/JavaRedux/java/lang/System.java, Keeping one from URL:file:/home/runner/work/key/key/key.core/build/resources/main/de/uka/ilkd/key/java/JavaRedux/java/lang/System.java 
83295      DEBUG main            d.u.i.k.j.r.ClassFileDeclarationBuilder Parsing: package java.io; public class Closeable { } 
83295      DEBUG main            r.s.KeYCrossReferenceSourceInfo Dynamically created class: java.io.Closeable 
85717      DEBUG main            d.u.i.k.p.i.AbstractProblemLoader Init config took 2.45s 
85730      INFO  main            d.u.i.k.p.i.AbstractProblemLoader Replaying proof continue1.key 
85731      DEBUG main            d.u.i.k.p.i.IntermediateProofReplayer Proof replay took 5.8ns 
85836      INFO  main            d.u.i.k.p.r.p.TestFile    ... finished proof: closed. 
86019      INFO  main            d.u.i.k.p.i.AbstractProblemLoader Loading environment from /home/runner/work/key/key/key.core/../key.ui/examples/standard_key/java_dl/continue1.key.proof 
86019      DEBUG main            d.u.i.k.p.i.AbstractProblemLoader Environment load took 103.2ns 
86021      INFO  main            d.u.i.k.p.i.AbstractProblemLoader Creating init config 
86041      WARN  main            d.u.i.k.j.r.KeYCrossReferenceNameInfo Datatype java.io.PrintStream declared twice: Once in FILE:/home/runner/work/key/key/key.core/../key.ui/examples/standard_key/java_dl/classpath/PrintStream.java and once in URL:file:/home/runner/work/key/key/key.core/build/resources/main/de/uka/ilkd/key/java/JavaRedux/java/io/PrintStream.java, Keeping one from URL:file:/home/runner/work/key/key/key.core/build/resources/main/de/uka/ilkd/key/java/JavaRedux/java/io/PrintStream.java 
86041      WARN  main            d.u.i.k.j.r.KeYCrossReferenceNameInfo Datatype java.io.InputStream declared twice: Once in FILE:/home/runner/work/key/key/key.core/../key.ui/examples/standard_key/java_dl/classpath/InputStream.java and once in URL:file:/home/runner/work/key/key/key.core/build/resources/main/de/uka/ilkd/key/java/JavaRedux/java/io/InputStream.java, Keeping one from URL:file:/home/runner/work/key/key/key.core/build/resources/main/de/uka/ilkd/key/java/JavaRedux/java/io/InputStream.java 
86041      WARN  main            d.u.i.k.j.r.KeYCrossReferenceNameInfo Datatype java.lang.System declared twice: Once in FILE:/home/runner/work/key/key/key.core/../key.ui/examples/standard_key/java_dl/classpath/System.java and once in URL:file:/home/runner/work/key/key/key.core/build/resources/main/de/uka/ilkd/key/java/JavaRedux/java/lang/System.java, Keeping one from URL:file:/home/runner/work/key/key/key.core/build/resources/main/de/uka/ilkd/key/java/JavaRedux/java/lang/System.java 
86056      DEBUG main            d.u.i.k.j.r.ClassFileDeclarationBuilder Parsing: package java.io; public class Closeable { } 
86056      DEBUG main            r.s.KeYCrossReferenceSourceInfo Dynamically created class: java.io.Closeable 
88506      DEBUG main            d.u.i.k.p.i.AbstractProblemLoader Init config took 2.49s 
88520      INFO  main            d.u.i.k.p.i.AbstractProblemLoader Replaying proof continue1.key.proof 
88539      DEBUG main            d.u.i.k.p.i.IntermediateProofReplayer Proof replay took 16.71ms 
88540      DEBUG main            d.u.i.k.p.r.p.TestFile    ... success: reloaded. 
88541      INFO  main            d.u.i.k.p.r.p.TestFile    Now processing file /home/runner/work/key/key/key.core/../key.ui/examples/standard_key/java_dl/continue2.key 
88541      INFO  main            d.u.i.k.p.i.AbstractProblemLoader Loading environment from /home/runner/work/key/key/key.core/../key.ui/examples/standard_key/java_dl/continue2.key 
88542      DEBUG main            d.u.i.k.p.i.AbstractProblemLoader Environment load took 166ns 
88542      INFO  main            d.u.i.k.p.i.AbstractProblemLoader Creating init config 
88562      WARN  main            d.u.i.k.j.r.KeYCrossReferenceNameInfo Datatype java.io.PrintStream declared twice: Once in FILE:/home/runner/work/key/key/key.core/../key.ui/examples/standard_key/java_dl/classpath/PrintStream.java and once in URL:file:/home/runner/work/key/key/key.core/build/resources/main/de/uka/ilkd/key/java/JavaRedux/java/io/PrintStream.java, Keeping one from URL:file:/home/runner/work/key/key/key.core/build/resources/main/de/uka/ilkd/key/java/JavaRedux/java/io/PrintStream.java 
88562      WARN  main            d.u.i.k.j.r.KeYCrossReferenceNameInfo Datatype java.io.InputStream declared twice: Once in FILE:/home/runner/work/key/key/key.core/../key.ui/examples/standard_key/java_dl/classpath/InputStream.java and once in URL:file:/home/runner/work/key/key/key.core/build/resources/main/de/uka/ilkd/key/java/JavaRedux/java/io/InputStream.java, Keeping one from URL:file:/home/runner/work/key/key/key.core/build/resources/main/de/uka/ilkd/key/java/JavaRedux/java/io/InputStream.java 
88562      WARN  main            d.u.i.k.j.r.KeYCrossReferenceNameInfo Datatype java.lang.System declared twice: Once in FILE:/home/runner/work/key/key/key.core/../key.ui/examples/standard_key/java_dl/classpath/System.java and once in URL:file:/home/runner/work/key/key/key.core/build/resources/main/de/uka/ilkd/key/java/JavaRedux/java/lang/System.java, Keeping one from URL:file:/home/runner/work/key/key/key.core/build/resources/main/de/uka/ilkd/key/java/JavaRedux/java/lang/System.java 
88565      DEBUG main            d.u.i.k.j.r.ClassFileDeclarationBuilder Parsing: package java.io; public class Closeable { } 
88565      DEBUG main            r.s.KeYCrossReferenceSourceInfo Dynamically created class: java.io.Closeable 
91003      DEBUG main            d.u.i.k.p.i.AbstractProblemLoader Init config took 2.46s 
91017      INFO  main            d.u.i.k.p.i.AbstractProblemLoader Replaying proof continue2.key 
91019      DEBUG main            d.u.i.k.p.i.IntermediateProofReplayer Proof replay took 5.9ns 
91224      INFO  main            d.u.i.k.p.r.p.TestFile    ... finished proof: closed. 
91420      INFO  main            d.u.i.k.p.i.AbstractProblemLoader Loading environment from /home/runner/work/key/key/key.core/../key.ui/examples/standard_key/java_dl/continue2.key.proof 
91420      DEBUG main            d.u.i.k.p.i.AbstractProblemLoader Environment load took 91.7ns 
91422      INFO  main            d.u.i.k.p.i.AbstractProblemLoader Creating init config 
91447      WARN  main            d.u.i.k.j.r.KeYCrossReferenceNameInfo Datatype java.io.PrintStream declared twice: Once in FILE:/home/runner/work/key/key/key.core/../key.ui/examples/standard_key/java_dl/classpath/PrintStream.java and once in URL:file:/home/runner/work/key/key/key.core/build/resources/main/de/uka/ilkd/key/java/JavaRedux/java/io/PrintStream.java, Keeping one from URL:file:/home/runner/work/key/key/key.core/build/resources/main/de/uka/ilkd/key/java/JavaRedux/java/io/PrintStream.java 
91447      WARN  main            d.u.i.k.j.r.KeYCrossReferenceNameInfo Datatype java.io.InputStream declared twice: Once in FILE:/home/runner/work/key/key/key.core/../key.ui/examples/standard_key/java_dl/classpath/InputStream.java and once in URL:file:/home/runner/work/key/key/key.core/build/resources/main/de/uka/ilkd/key/java/JavaRedux/java/io/InputStream.java, Keeping one from URL:file:/home/runner/work/key/key/key.core/build/resources/main/de/uka/ilkd/key/java/JavaRedux/java/io/InputStream.java 
91447      WARN  main            d.u.i.k.j.r.KeYCrossReferenceNameInfo Datatype java.lang.System declared twice: Once in FILE:/home/runner/work/key/key/key.core/../key.ui/examples/standard_key/java_dl/classpath/System.java and once in URL:file:/home/runner/work/key/key/key.core/build/resources/main/de/uka/ilkd/key/java/JavaRedux/java/lang/System.java, Keeping one from URL:file:/home/runner/work/key/key/key.core/build/resources/main/de/uka/ilkd/key/java/JavaRedux/java/lang/System.java 
91450      DEBUG main            d.u.i.k.j.r.ClassFileDeclarationBuilder Parsing: package java.io; public class Closeable { } 
91450      DEBUG main            r.s.KeYCrossReferenceSourceInfo Dynamically created class: java.io.Closeable 
93966      DEBUG main            d.u.i.k.p.i.AbstractProblemLoader Init config took 2.54s 
93980      INFO  main            d.u.i.k.p.i.AbstractProblemLoader Replaying proof continue2.key.proof 
94052      DEBUG main            d.u.i.k.p.i.IntermediateProofReplayer Proof replay took 68.32ms 
94054      DEBUG main            d.u.i.k.p.r.p.TestFile    ... success: reloaded. 
94056      INFO  main            d.u.i.k.p.r.p.TestFile    Now processing file /home/runner/work/key/key/key.core/../key.ui/examples/standard_key/java_dl/complexAssignment.key 
94056      INFO  main            d.u.i.k.p.i.AbstractProblemLoader Loading environment from /home/runner/work/key/key/key.core/../key.ui/examples/standard_key/java_dl/complexAssignment.key 
94056      DEBUG main            d.u.i.k.p.i.AbstractProblemLoader Environment load took 159.3ns 
94057      INFO  main            d.u.i.k.p.i.AbstractProblemLoader Creating init config 
96529      DEBUG main            d.u.i.k.p.i.AbstractProblemLoader Init config took 2.47s 
96542      INFO  main            d.u.i.k.p.i.AbstractProblemLoader Replaying proof complexAssignment.key 
96543      DEBUG main            d.u.i.k.p.i.IntermediateProofReplayer Proof replay took 5.5ns 
96645      INFO  main            d.u.i.k.p.r.p.TestFile    ... finished proof: closed. 
96855      INFO  main            d.u.i.k.p.i.AbstractProblemLoader Loading environment from /home/runner/work/key/key/key.core/../key.ui/examples/standard_key/java_dl/complexAssignment.key.proof 
96855      DEBUG main            d.u.i.k.p.i.AbstractProblemLoader Environment load took 94.5ns 
96856      INFO  main            d.u.i.k.p.i.AbstractProblemLoader Creating init config 
99253      DEBUG main            d.u.i.k.p.i.AbstractProblemLoader Init config took 2.4s 
99268      INFO  main            d.u.i.k.p.i.AbstractProblemLoader Replaying proof complexAssignment.key.proof 
99287      DEBUG main            d.u.i.k.p.i.IntermediateProofReplayer Proof replay took 16.73ms 
99294      DEBUG main            d.u.i.k.p.r.p.TestFile    ... success: reloaded. 
99295      INFO  main            d.u.i.k.p.r.p.TestFile    Now processing file /home/runner/work/key/key/key.core/../key.ui/examples/standard_key/java_dl/danglingElseSolution1.key 
99295      INFO  main            d.u.i.k.p.i.AbstractProblemLoader Loading environment from /home/runner/work/key/key/key.core/../key.ui/examples/standard_key/java_dl/danglingElseSolution1.key 
99295      DEBUG main            d.u.i.k.p.i.AbstractProblemLoader Environment load took 73.9ns 
99296      INFO  main            d.u.i.k.p.i.AbstractProblemLoader Creating init config 
101771     DEBUG main            d.u.i.k.p.i.AbstractProblemLoader Init config took 2.47s 
101784     INFO  main            d.u.i.k.p.i.AbstractProblemLoader Replaying proof danglingElseSolution1.key 
101785     DEBUG main            d.u.i.k.p.i.IntermediateProofReplayer Proof replay took 5.7ns 
101888     INFO  main            d.u.i.k.p.r.p.TestFile    ... finished proof: closed. 
102118     INFO  main            d.u.i.k.p.i.AbstractProblemLoader Loading environment from /home/runner/work/key/key/key.core/../key.ui/examples/standard_key/java_dl/danglingElseSolution1.key.proof 
102118     DEBUG main            d.u.i.k.p.i.AbstractProblemLoader Environment load took 89.4ns 
102119     INFO  main            d.u.i.k.p.i.AbstractProblemLoader Creating init config 
104509     DEBUG main            d.u.i.k.p.i.AbstractProblemLoader Init config took 2.39s 
104523     INFO  main            d.u.i.k.p.i.AbstractProblemLoader Replaying proof danglingElseSolution1.key.proof 
104534     DEBUG main            d.u.i.k.p.i.IntermediateProofReplayer Proof replay took 8.48ms 
104534     DEBUG main            d.u.i.k.p.r.p.TestFile    ... success: reloaded. 
104535     INFO  main            d.u.i.k.p.r.p.TestFile    Now processing file /home/runner/work/key/key/key.core/../key.ui/examples/standard_key/java_dl/danglingElseSolution2.key 
104535     INFO  main            d.u.i.k.p.i.AbstractProblemLoader Loading environment from /home/runner/work/key/key/key.core/../key.ui/examples/standard_key/java_dl/danglingElseSolution2.key 
104535     DEBUG main            d.u.i.k.p.i.AbstractProblemLoader Environment load took 61.1ns 
104536     INFO  main            d.u.i.k.p.i.AbstractProblemLoader Creating init config 
106987     DEBUG main            d.u.i.k.p.i.AbstractProblemLoader Init config took 2.45s 
107001     INFO  main            d.u.i.k.p.i.AbstractProblemLoader Replaying proof danglingElseSolution2.key 
107003     DEBUG main            d.u.i.k.p.i.IntermediateProofReplayer Proof replay took 5.3ns 
107105     INFO  main            d.u.i.k.p.r.p.TestFile    ... finished proof: closed. 
107315     INFO  main            d.u.i.k.p.i.AbstractProblemLoader Loading environment from /home/runner/work/key/key/key.core/../key.ui/examples/standard_key/java_dl/danglingElseSolution2.key.proof 
107315     DEBUG main            d.u.i.k.p.i.AbstractProblemLoader Environment load took 237.8ns 
107316     INFO  main            d.u.i.k.p.i.AbstractProblemLoader Creating init config 
109711     DEBUG main            d.u.i.k.p.i.AbstractProblemLoader Init config took 2.39s 
109725     INFO  main            d.u.i.k.p.i.AbstractProblemLoader Replaying proof danglingElseSolution2.key.proof 
109738     DEBUG main            d.u.i.k.p.i.IntermediateProofReplayer Proof replay took 9.93ms 
109739     DEBUG main            d.u.i.k.p.r.p.TestFile    ... success: reloaded. 
109740     INFO  main            d.u.i.k.p.r.p.TestFile    Now processing file /home/runner/work/key/key/key.core/../key.ui/examples/standard_key/java_dl/deepNonNull/deepNonNull0.key 
109740     INFO  main            d.u.i.k.p.i.AbstractProblemLoader Loading environment from /home/runner/work/key/key/key.core/../key.ui/examples/standard_key/java_dl/deepNonNull/deepNonNull0.key 
109741     DEBUG main            d.u.i.k.p.i.AbstractProblemLoader Environment load took 155.1ns 
109741     INFO  main            d.u.i.k.p.i.AbstractProblemLoader Creating init config 
112239     DEBUG main            d.u.i.k.p.i.AbstractProblemLoader Init config took 2.5s 
112276     INFO  main            d.u.i.k.p.i.AbstractProblemLoader Replaying proof Arrays[Arrays::get()].JML operation contract.0 
112277     DEBUG main            d.u.i.k.p.i.IntermediateProofReplayer Proof replay took 5ns 
112480     INFO  main            d.u.i.k.p.r.p.TestFile    ... finished proof: closed. 
112721     INFO  main            d.u.i.k.p.i.AbstractProblemLoader Loading environment from /home/runner/work/key/key/key.core/../key.ui/examples/standard_key/java_dl/deepNonNull/deepNonNull0.key.proof 
112721     DEBUG main            d.u.i.k.p.i.AbstractProblemLoader Environment load took 93.5ns 
112722     INFO  main            d.u.i.k.p.i.AbstractProblemLoader Creating init config 
115170     DEBUG main            d.u.i.k.p.i.AbstractProblemLoader Init config took 2.45s 
115205     INFO  main            d.u.i.k.p.i.AbstractProblemLoader Replaying proof Arrays[Arrays::get()].JML operation contract.0 
115243     DEBUG main            d.u.i.k.p.i.IntermediateProofReplayer Proof replay took 35.05ms 
115243     DEBUG main            d.u.i.k.p.r.p.TestFile    ... success: reloaded. 
115244     INFO  main            d.u.i.k.p.r.p.TestFile    Now processing file /home/runner/work/key/key/key.core/../key.ui/examples/standard_key/java_dl/deepNonNull/deepNonNull1.key 
115244     INFO  main            d.u.i.k.p.i.AbstractProblemLoader Loading environment from /home/runner/work/key/key/key.core/../key.ui/examples/standard_key/java_dl/deepNonNull/deepNonNull1.key 
115245     DEBUG main            d.u.i.k.p.i.AbstractProblemLoader Environment load took 151.2ns 
115245     INFO  main            d.u.i.k.p.i.AbstractProblemLoader Creating init config 
117755     DEBUG main            d.u.i.k.p.i.AbstractProblemLoader Init config took 2.51s 
117789     INFO  main            d.u.i.k.p.i.AbstractProblemLoader Replaying proof Arrays[Arrays::head()].JML operation contract.0 
117790     DEBUG main            d.u.i.k.p.i.IntermediateProofReplayer Proof replay took 5.4ns 
117896     INFO  main            d.u.i.k.p.r.p.TestFile    ... finished proof: closed. 
118127     INFO  main            d.u.i.k.p.i.AbstractProblemLoader Loading environment from /home/runner/work/key/key/key.core/../key.ui/examples/standard_key/java_dl/deepNonNull/deepNonNull1.key.proof 
118130     DEBUG main            d.u.i.k.p.i.AbstractProblemLoader Environment load took 3.12ms 
118131     INFO  main            d.u.i.k.p.i.AbstractProblemLoader Creating init config 
120567     DEBUG main            d.u.i.k.p.i.AbstractProblemLoader Init config took 2.44s 
120601     INFO  main            d.u.i.k.p.i.AbstractProblemLoader Replaying proof Arrays[Arrays::head()].JML operation contract.0 
120624     DEBUG main            d.u.i.k.p.i.IntermediateProofReplayer Proof replay took 20.01ms 
120624     DEBUG main            d.u.i.k.p.r.p.TestFile    ... success: reloaded. 
120625     INFO  main            d.u.i.k.p.r.p.TestFile    Now processing file /home/runner/work/key/key/key.core/../key.ui/examples/standard_key/java_dl/deepNonNull/deepNonNull2.key 
120625     INFO  main            d.u.i.k.p.i.AbstractProblemLoader Loading environment from /home/runner/work/key/key/key.core/../key.ui/examples/standard_key/java_dl/deepNonNull/deepNonNull2.key 
120625     DEBUG main            d.u.i.k.p.i.AbstractProblemLoader Environment load took 71.5ns 
120626     INFO  main            d.u.i.k.p.i.AbstractProblemLoader Creating init config 
123126     DEBUG main            d.u.i.k.p.i.AbstractProblemLoader Init config took 2.5s 
123176     INFO  main            d.u.i.k.p.i.AbstractProblemLoader Replaying proof Arrays[Arrays::unprovable(java.lang.Object)].JML operation contract.0 
123177     DEBUG main            d.u.i.k.p.i.IntermediateProofReplayer Proof replay took 5.5ns 
123283     INFO  main            d.u.i.k.p.r.p.TestFile    ... finished proof: open goal(s) 
123512     INFO  main            d.u.i.k.p.r.p.TestFile    Now processing file /home/runner/work/key/key/key.core/../key.ui/examples/standard_key/java_dl/deepNonNull/deepNonNull3.key 
123512     INFO  main            d.u.i.k.p.i.AbstractProblemLoader Loading environment from /home/runner/work/key/key/key.core/../key.ui/examples/standard_key/java_dl/deepNonNull/deepNonNull3.key 
123512     DEBUG main            d.u.i.k.p.i.AbstractProblemLoader Environment load took 57.4ns 
123513     INFO  main            d.u.i.k.p.i.AbstractProblemLoader Creating init config 
125957     DEBUG main            d.u.i.k.p.i.AbstractProblemLoader Init config took 2.44s 
126003     INFO  main            d.u.i.k.p.i.AbstractProblemLoader Replaying proof Arrays[Arrays::head([[[[Ljava.lang.Object)].JML operation contract.0 
126004     DEBUG main            d.u.i.k.p.i.IntermediateProofReplayer Proof replay took 5.5ns 
126707     INFO  main            d.u.i.k.p.r.p.TestFile    ... finished proof: closed. 
126954     INFO  main            d.u.i.k.p.i.AbstractProblemLoader Loading environment from /home/runner/work/key/key/key.core/../key.ui/examples/standard_key/java_dl/deepNonNull/deepNonNull3.key.proof 
126954     DEBUG main            d.u.i.k.p.i.AbstractProblemLoader Environment load took 403.8ns 
126955     INFO  main            d.u.i.k.p.i.AbstractProblemLoader Creating init config 
129415     DEBUG main            d.u.i.k.p.i.AbstractProblemLoader Init config took 2.46s 
129451     INFO  main            d.u.i.k.p.i.AbstractProblemLoader Replaying proof Arrays[Arrays::head([[[[Ljava.lang.Object)].JML operation contract.0 
129565     DEBUG main            d.u.i.k.p.i.IntermediateProofReplayer Proof replay took 106.53ms 
129566     DEBUG main            d.u.i.k.p.r.p.TestFile    ... success: reloaded. 
129567     INFO  main            d.u.i.k.p.r.p.TestFile    Now processing file /home/runner/work/key/key/key.core/../key.ui/examples/standard_key/java_dl/exceptions.key 
129567     INFO  main            d.u.i.k.p.i.AbstractProblemLoader Loading environment from /home/runner/work/key/key/key.core/../key.ui/examples/standard_key/java_dl/exceptions.key 
129568     DEBUG main            d.u.i.k.p.i.AbstractProblemLoader Environment load took 741.1ns 
129569     INFO  main            d.u.i.k.p.i.AbstractProblemLoader Creating init config 
129588     WARN  main            d.u.i.k.j.r.KeYCrossReferenceNameInfo Datatype java.io.PrintStream declared twice: Once in FILE:/home/runner/work/key/key/key.core/../key.ui/examples/standard_key/java_dl/classpath/PrintStream.java and once in URL:file:/home/runner/work/key/key/key.core/build/resources/main/de/uka/ilkd/key/java/JavaRedux/java/io/PrintStream.java, Keeping one from URL:file:/home/runner/work/key/key/key.core/build/resources/main/de/uka/ilkd/key/java/JavaRedux/java/io/PrintStream.java 
129588     WARN  main            d.u.i.k.j.r.KeYCrossReferenceNameInfo Datatype java.io.InputStream declared twice: Once in FILE:/home/runner/work/key/key/key.core/../key.ui/examples/standard_key/java_dl/classpath/InputStream.java and once in URL:file:/home/runner/work/key/key/key.core/build/resources/main/de/uka/ilkd/key/java/JavaRedux/java/io/InputStream.java, Keeping one from URL:file:/home/runner/work/key/key/key.core/build/resources/main/de/uka/ilkd/key/java/JavaRedux/java/io/InputStream.java 
129588     WARN  main            d.u.i.k.j.r.KeYCrossReferenceNameInfo Datatype java.lang.System declared twice: Once in FILE:/home/runner/work/key/key/key.core/../key.ui/examples/standard_key/java_dl/classpath/System.java and once in URL:file:/home/runner/work/key/key/key.core/build/resources/main/de/uka/ilkd/key/java/JavaRedux/java/lang/System.java, Keeping one from URL:file:/home/runner/work/key/key/key.core/build/resources/main/de/uka/ilkd/key/java/JavaRedux/java/lang/System.java 
129591     DEBUG main            d.u.i.k.j.r.ClassFileDeclarationBuilder Parsing: package java.io; public class Closeable { } 
129591     DEBUG main            r.s.KeYCrossReferenceSourceInfo Dynamically created class: java.io.Closeable 
132027     DEBUG main            d.u.i.k.p.i.AbstractProblemLoader Init config took 2.46s 
132041     INFO  main            d.u.i.k.p.i.AbstractProblemLoader Replaying proof exceptions.key 
132042     DEBUG main            d.u.i.k.p.i.IntermediateProofReplayer Proof replay took 6ns 
132244     INFO  main            d.u.i.k.p.r.p.TestFile    ... finished proof: closed. 
132493     INFO  main            d.u.i.k.p.i.AbstractProblemLoader Loading environment from /home/runner/work/key/key/key.core/../key.ui/examples/standard_key/java_dl/exceptions.key.proof 
132493     DEBUG main            d.u.i.k.p.i.AbstractProblemLoader Environment load took 79.7ns 
132494     INFO  main            d.u.i.k.p.i.AbstractProblemLoader Creating init config 
132521     WARN  main            d.u.i.k.j.r.KeYCrossReferenceNameInfo Datatype java.io.PrintStream declared twice: Once in FILE:/home/runner/work/key/key/key.core/../key.ui/examples/standard_key/java_dl/classpath/PrintStream.java and once in URL:file:/home/runner/work/key/key/key.core/build/resources/main/de/uka/ilkd/key/java/JavaRedux/java/io/PrintStream.java, Keeping one from URL:file:/home/runner/work/key/key/key.core/build/resources/main/de/uka/ilkd/key/java/JavaRedux/java/io/PrintStream.java 
132521     WARN  main            d.u.i.k.j.r.KeYCrossReferenceNameInfo Datatype java.io.InputStream declared twice: Once in FILE:/home/runner/work/key/key/key.core/../key.ui/examples/standard_key/java_dl/classpath/InputStream.java and once in URL:file:/home/runner/work/key/key/key.core/build/resources/main/de/uka/ilkd/key/java/JavaRedux/java/io/InputStream.java, Keeping one from URL:file:/home/runner/work/key/key/key.core/build/resources/main/de/uka/ilkd/key/java/JavaRedux/java/io/InputStream.java 
132521     WARN  main            d.u.i.k.j.r.KeYCrossReferenceNameInfo Datatype java.lang.System declared twice: Once in FILE:/home/runner/work/key/key/key.core/../key.ui/examples/standard_key/java_dl/classpath/System.java and once in URL:file:/home/runner/work/key/key/key.core/build/resources/main/de/uka/ilkd/key/java/JavaRedux/java/lang/System.java, Keeping one from URL:file:/home/runner/work/key/key/key.core/build/resources/main/de/uka/ilkd/key/java/JavaRedux/java/lang/System.java 
132524     DEBUG main            d.u.i.k.j.r.ClassFileDeclarationBuilder Parsing: package java.io; public class Closeable { } 
132524     DEBUG main            r.s.KeYCrossReferenceSourceInfo Dynamically created class: java.io.Closeable 
134923     DEBUG main            d.u.i.k.p.i.AbstractProblemLoader Init config took 2.43s 
134936     INFO  main            d.u.i.k.p.i.AbstractProblemLoader Replaying proof exceptions.key.proof 
134980     DEBUG main            d.u.i.k.p.i.IntermediateProofReplayer Proof replay took 39.52ms 
134981     DEBUG main            d.u.i.k.p.r.p.TestFile    ... success: reloaded. 
134982     INFO  main            d.u.i.k.p.r.p.TestFile    Now processing file /home/runner/work/key/key/key.core/../key.ui/examples/standard_key/java_dl/exceptions1.key 
134982     INFO  main            d.u.i.k.p.i.AbstractProblemLoader Loading environment from /home/runner/work/key/key/key.core/../key.ui/examples/standard_key/java_dl/exceptions1.key 
134982     DEBUG main            d.u.i.k.p.i.AbstractProblemLoader Environment load took 142ns 
134983     INFO  main            d.u.i.k.p.i.AbstractProblemLoader Creating init config 
137393     DEBUG main            d.u.i.k.p.i.AbstractProblemLoader Init config took 2.41s 
137407     INFO  main            d.u.i.k.p.i.AbstractProblemLoader Replaying proof exceptions1.key 
137409     DEBUG main            d.u.i.k.p.i.IntermediateProofReplayer Proof replay took 6.2ns 
137512     INFO  main            d.u.i.k.p.r.p.TestFile    ... finished proof: closed. 
137759     INFO  main            d.u.i.k.p.i.AbstractProblemLoader Loading environment from /home/runner/work/key/key/key.core/../key.ui/examples/standard_key/java_dl/exceptions1.key.proof 
137759     DEBUG main            d.u.i.k.p.i.AbstractProblemLoader Environment load took 79.5ns 
137760     INFO  main            d.u.i.k.p.i.AbstractProblemLoader Creating init config 
140128     DEBUG main            d.u.i.k.p.i.AbstractProblemLoader Init config took 2.37s 
140142     INFO  main            d.u.i.k.p.i.AbstractProblemLoader Replaying proof exceptions1.key.proof 
140169     DEBUG main            d.u.i.k.p.i.IntermediateProofReplayer Proof replay took 24.58ms 
140169     DEBUG main            d.u.i.k.p.r.p.TestFile    ... success: reloaded. 
140170     INFO  main            d.u.i.k.p.r.p.TestFile    Now processing file /home/runner/work/key/key/key.core/../key.ui/examples/standard_key/java_dl/exceptions2.key 
140170     INFO  main            d.u.i.k.p.i.AbstractProblemLoader Loading environment from /home/runner/work/key/key/key.core/../key.ui/examples/standard_key/java_dl/exceptions2.key 
140170     DEBUG main            d.u.i.k.p.i.AbstractProblemLoader Environment load took 71.2ns 
140171     INFO  main            d.u.i.k.p.i.AbstractProblemLoader Creating init config 
142613     DEBUG main            d.u.i.k.p.i.AbstractProblemLoader Init config took 2.44s 
142635     INFO  main            d.u.i.k.p.i.AbstractProblemLoader Replaying proof exceptions2.key 
142637     DEBUG main            d.u.i.k.p.i.IntermediateProofReplayer Proof replay took 5.5ns 
142739     INFO  main            d.u.i.k.p.r.p.TestFile    ... finished proof: closed. 
142996     INFO  main            d.u.i.k.p.i.AbstractProblemLoader Loading environment from /home/runner/work/key/key/key.core/../key.ui/examples/standard_key/java_dl/exceptions2.key.proof 
142996     DEBUG main            d.u.i.k.p.i.AbstractProblemLoader Environment load took 90.7ns 
142997     INFO  main            d.u.i.k.p.i.AbstractProblemLoader Creating init config 
145395     DEBUG main            d.u.i.k.p.i.AbstractProblemLoader Init config took 2.4s 
145408     INFO  main            d.u.i.k.p.i.AbstractProblemLoader Replaying proof exceptions2.key.proof 
145435     DEBUG main            d.u.i.k.p.i.IntermediateProofReplayer Proof replay took 25.05ms 
145436     DEBUG main            d.u.i.k.p.r.p.TestFile    ... success: reloaded. 
145436     INFO  main            d.u.i.k.p.r.p.TestFile    Now processing file /home/runner/work/key/key/key.core/../key.ui/examples/standard_key/java_dl/exceptions3.key 
145436     INFO  main            d.u.i.k.p.i.AbstractProblemLoader Loading environment from /home/runner/work/key/key/key.core/../key.ui/examples/standard_key/java_dl/exceptions3.key 
145437     DEBUG main            d.u.i.k.p.i.AbstractProblemLoader Environment load took 57.1ns 
145437     INFO  main            d.u.i.k.p.i.AbstractProblemLoader Creating init config 
145457     WARN  main            d.u.i.k.j.r.KeYCrossReferenceNameInfo Datatype java.io.PrintStream declared twice: Once in FILE:/home/runner/work/key/key/key.core/../key.ui/examples/standard_key/java_dl/classpath/PrintStream.java and once in URL:file:/home/runner/work/key/key/key.core/build/resources/main/de/uka/ilkd/key/java/JavaRedux/java/io/PrintStream.java, Keeping one from URL:file:/home/runner/work/key/key/key.core/build/resources/main/de/uka/ilkd/key/java/JavaRedux/java/io/PrintStream.java 
145457     WARN  main            d.u.i.k.j.r.KeYCrossReferenceNameInfo Datatype java.io.InputStream declared twice: Once in FILE:/home/runner/work/key/key/key.core/../key.ui/examples/standard_key/java_dl/classpath/InputStream.java and once in URL:file:/home/runner/work/key/key/key.core/build/resources/main/de/uka/ilkd/key/java/JavaRedux/java/io/InputStream.java, Keeping one from URL:file:/home/runner/work/key/key/key.core/build/resources/main/de/uka/ilkd/key/java/JavaRedux/java/io/InputStream.java 
145457     WARN  main            d.u.i.k.j.r.KeYCrossReferenceNameInfo Datatype java.lang.System declared twice: Once in FILE:/home/runner/work/key/key/key.core/../key.ui/examples/standard_key/java_dl/classpath/System.java and once in URL:file:/home/runner/work/key/key/key.core/build/resources/main/de/uka/ilkd/key/java/JavaRedux/java/lang/System.java, Keeping one from URL:file:/home/runner/work/key/key/key.core/build/resources/main/de/uka/ilkd/key/java/JavaRedux/java/lang/System.java 
145460     DEBUG main            d.u.i.k.j.r.ClassFileDeclarationBuilder Parsing: package java.io; public class Closeable { } 
145460     DEBUG main            r.s.KeYCrossReferenceSourceInfo Dynamically created class: java.io.Closeable 
147993     DEBUG main            d.u.i.k.p.i.AbstractProblemLoader Init config took 2.56s 
148007     INFO  main            d.u.i.k.p.i.AbstractProblemLoader Replaying proof exceptions3.key 
148008     DEBUG main            d.u.i.k.p.i.IntermediateProofReplayer Proof replay took 6ns 
148112     INFO  main            d.u.i.k.p.r.p.TestFile    ... finished proof: closed. 
148357     INFO  main            d.u.i.k.p.i.AbstractProblemLoader Loading environment from /home/runner/work/key/key/key.core/../key.ui/examples/standard_key/java_dl/exceptions3.key.proof 
148357     DEBUG main            d.u.i.k.p.i.AbstractProblemLoader Environment load took 78.7ns 
148358     INFO  main            d.u.i.k.p.i.AbstractProblemLoader Creating init config 
148377     WARN  main            d.u.i.k.j.r.KeYCrossReferenceNameInfo Datatype java.io.PrintStream declared twice: Once in FILE:/home/runner/work/key/key/key.core/../key.ui/examples/standard_key/java_dl/classpath/PrintStream.java and once in URL:file:/home/runner/work/key/key/key.core/build/resources/main/de/uka/ilkd/key/java/JavaRedux/java/io/PrintStream.java, Keeping one from URL:file:/home/runner/work/key/key/key.core/build/resources/main/de/uka/ilkd/key/java/JavaRedux/java/io/PrintStream.java 
148377     WARN  main            d.u.i.k.j.r.KeYCrossReferenceNameInfo Datatype java.io.InputStream declared twice: Once in FILE:/home/runner/work/key/key/key.core/../key.ui/examples/standard_key/java_dl/classpath/InputStream.java and once in URL:file:/home/runner/work/key/key/key.core/build/resources/main/de/uka/ilkd/key/java/JavaRedux/java/io/InputStream.java, Keeping one from URL:file:/home/runner/work/key/key/key.core/build/resources/main/de/uka/ilkd/key/java/JavaRedux/java/io/InputStream.java 
148377     WARN  main            d.u.i.k.j.r.KeYCrossReferenceNameInfo Datatype java.lang.System declared twice: Once in FILE:/home/runner/work/key/key/key.core/../key.ui/examples/standard_key/java_dl/classpath/System.java and once in URL:file:/home/runner/work/key/key/key.core/build/resources/main/de/uka/ilkd/key/java/JavaRedux/java/lang/System.java, Keeping one from URL:file:/home/runner/work/key/key/key.core/build/resources/main/de/uka/ilkd/key/java/JavaRedux/java/lang/System.java 
148380     DEBUG main            d.u.i.k.j.r.ClassFileDeclarationBuilder Parsing: package java.io; public class Closeable { } 
148380     DEBUG main            r.s.KeYCrossReferenceSourceInfo Dynamically created class: java.io.Closeable 
150790     DEBUG main            d.u.i.k.p.i.AbstractProblemLoader Init config took 2.43s 
150803     INFO  main            d.u.i.k.p.i.AbstractProblemLoader Replaying proof exceptions3.key.proof 
150807     DEBUG main            d.u.i.k.p.i.IntermediateProofReplayer Proof replay took 3.25ms 
150808     DEBUG main            d.u.i.k.p.r.p.TestFile    ... success: reloaded. 
150809     INFO  main            d.u.i.k.p.r.p.TestFile    Now processing file /home/runner/work/key/key/key.core/../key.ui/examples/standard_key/java_dl/exchange.key 
150809     INFO  main            d.u.i.k.p.i.AbstractProblemLoader Loading environment from /home/runner/work/key/key/key.core/../key.ui/examples/standard_key/java_dl/exchange.key 
150809     DEBUG main            d.u.i.k.p.i.AbstractProblemLoader Environment load took 67ns 
150810     INFO  main            d.u.i.k.p.i.AbstractProblemLoader Creating init config 
153228     DEBUG main            d.u.i.k.p.i.AbstractProblemLoader Init config took 2.42s 
153242     INFO  main            d.u.i.k.p.i.AbstractProblemLoader Replaying proof exchange.key 
153243     DEBUG main            d.u.i.k.p.i.IntermediateProofReplayer Proof replay took 6.1ns 
153344     INFO  main            d.u.i.k.p.r.p.TestFile    ... finished proof: closed. 
153596     INFO  main            d.u.i.k.p.i.AbstractProblemLoader Loading environment from /home/runner/work/key/key/key.core/../key.ui/examples/standard_key/java_dl/exchange.key.proof 
153596     DEBUG main            d.u.i.k.p.i.AbstractProblemLoader Environment load took 86ns 
153597     INFO  main            d.u.i.k.p.i.AbstractProblemLoader Creating init config 
155961     DEBUG main            d.u.i.k.p.i.AbstractProblemLoader Init config took 2.36s 
155974     INFO  main            d.u.i.k.p.i.AbstractProblemLoader Replaying proof exchange.key.proof 
155979     DEBUG main            d.u.i.k.p.i.IntermediateProofReplayer Proof replay took 2.57ms 
155979     DEBUG main            d.u.i.k.p.r.p.TestFile    ... success: reloaded. 
155980     INFO  main            d.u.i.k.p.r.p.TestFile    Now processing file /home/runner/work/key/key/key.core/../key.ui/examples/standard_key/java_dl/if.key 
155980     INFO  main            d.u.i.k.p.i.AbstractProblemLoader Loading environment from /home/runner/work/key/key/key.core/../key.ui/examples/standard_key/java_dl/if.key 
155980     DEBUG main            d.u.i.k.p.i.AbstractProblemLoader Environment load took 141.5ns 
155981     INFO  main            d.u.i.k.p.i.AbstractProblemLoader Creating init config 
158392     DEBUG main            d.u.i.k.p.i.AbstractProblemLoader Init config took 2.41s 
158405     INFO  main            d.u.i.k.p.i.AbstractProblemLoader Replaying proof if.key 
158406     DEBUG main            d.u.i.k.p.i.IntermediateProofReplayer Proof replay took 6.5ns 
158508     INFO  main            d.u.i.k.p.r.p.TestFile    ... finished proof: closed. 
158810     INFO  main            d.u.i.k.p.i.AbstractProblemLoader Loading environment from /home/runner/work/key/key/key.core/../key.ui/examples/standard_key/java_dl/if.key.proof 
158810     DEBUG main            d.u.i.k.p.i.AbstractProblemLoader Environment load took 78.1ns 
158811     INFO  main            d.u.i.k.p.i.AbstractProblemLoader Creating init config 
161165     DEBUG main            d.u.i.k.p.i.AbstractProblemLoader Init config took 2.35s 
161178     INFO  main            d.u.i.k.p.i.AbstractProblemLoader Replaying proof if.key.proof 
161181     DEBUG main            d.u.i.k.p.i.IntermediateProofReplayer Proof replay took 2.35ms 
161182     DEBUG main            d.u.i.k.p.r.p.TestFile    ... success: reloaded. 
161182     INFO  main            d.u.i.k.p.r.p.TestFile    Now processing file /home/runner/work/key/key/key.core/../key.ui/examples/standard_key/java_dl/incrementcounter.key 
161182     INFO  main            d.u.i.k.p.i.AbstractProblemLoader Loading environment from /home/runner/work/key/key/key.core/../key.ui/examples/standard_key/java_dl/incrementcounter.key 
161182     DEBUG main            d.u.i.k.p.i.AbstractProblemLoader Environment load took 44.2ns 
161183     INFO  main            d.u.i.k.p.i.AbstractProblemLoader Creating init config 
163590     DEBUG main            d.u.i.k.p.i.AbstractProblemLoader Init config took 2.41s 
163604     INFO  main            d.u.i.k.p.i.AbstractProblemLoader Replaying proof incrementcounter.key 
163605     DEBUG main            d.u.i.k.p.i.IntermediateProofReplayer Proof replay took 5.8ns 
163706     INFO  main            d.u.i.k.p.r.p.TestFile    ... finished proof: closed. 
163973     INFO  main            d.u.i.k.p.i.AbstractProblemLoader Loading environment from /home/runner/work/key/key/key.core/../key.ui/examples/standard_key/java_dl/incrementcounter.key.proof 
163973     DEBUG main            d.u.i.k.p.i.AbstractProblemLoader Environment load took 78.6ns 
163974     INFO  main            d.u.i.k.p.i.AbstractProblemLoader Creating init config 
166342     DEBUG main            d.u.i.k.p.i.AbstractProblemLoader Init config took 2.37s 
166354     INFO  main            d.u.i.k.p.i.AbstractProblemLoader Replaying proof incrementcounter.key.proof 
166357     DEBUG main            d.u.i.k.p.i.IntermediateProofReplayer Proof replay took 1.55ms 
166358     DEBUG main            d.u.i.k.p.r.p.TestFile    ... success: reloaded. 
166358     INFO  main            d.u.i.k.p.r.p.TestFile    Now processing file /home/runner/work/key/key/key.core/../key.ui/examples/standard_key/java_dl/danglingElse.key 
166359     INFO  main            d.u.i.k.p.i.AbstractProblemLoader Loading environment from /home/runner/work/key/key/key.core/../key.ui/examples/standard_key/java_dl/danglingElse.key 
166359     DEBUG main            d.u.i.k.p.i.AbstractProblemLoader Environment load took 44.2ns 
166359     INFO  main            d.u.i.k.p.i.AbstractProblemLoader Creating init config 
168779     DEBUG main            d.u.i.k.p.i.AbstractProblemLoader Init config took 2.42s 
168791     INFO  main            d.u.i.k.p.i.AbstractProblemLoader Replaying proof danglingElse.key 
168793     DEBUG main            d.u.i.k.p.i.IntermediateProofReplayer Proof replay took 5.6ns 
168894     INFO  main            d.u.i.k.p.r.p.TestFile    ... finished proof: open goal(s) 
169166     INFO  main            d.u.i.k.p.r.p.TestFile    Now processing file /home/runner/work/key/key/key.core/../key.ui/examples/standard_key/java_dl/iteratedAssignment.key 
169168     INFO  main            d.u.i.k.p.i.AbstractProblemLoader Loading environment from /home/runner/work/key/key/key.core/../key.ui/examples/standard_key/java_dl/iteratedAssignment.key 
169168     DEBUG main            d.u.i.k.p.i.AbstractProblemLoader Environment load took 110.2ns 
169169     INFO  main            d.u.i.k.p.i.AbstractProblemLoader Creating init config 
171539     DEBUG main            d.u.i.k.p.i.AbstractProblemLoader Init config took 2.37s 
171557     INFO  main            d.u.i.k.p.i.AbstractProblemLoader Replaying proof iteratedAssignment.key 
171560     DEBUG main            d.u.i.k.p.i.IntermediateProofReplayer Proof replay took 6.3ns 
171862     INFO  main            d.u.i.k.p.r.p.TestFile    ... finished proof: closed. 
172144     INFO  main            d.u.i.k.p.i.AbstractProblemLoader Loading environment from /home/runner/work/key/key/key.core/../key.ui/examples/standard_key/java_dl/iteratedAssignment.key.proof 
172144     DEBUG main            d.u.i.k.p.i.AbstractProblemLoader Environment load took 88.7ns 
172145     INFO  main            d.u.i.k.p.i.AbstractProblemLoader Creating init config 
174528     DEBUG main            d.u.i.k.p.i.AbstractProblemLoader Init config took 2.38s 
174541     INFO  main            d.u.i.k.p.i.AbstractProblemLoader Replaying proof iteratedAssignment.key.proof 
174597     DEBUG main            d.u.i.k.p.i.IntermediateProofReplayer Proof replay took 52.58ms 
174598     DEBUG main            d.u.i.k.p.r.p.TestFile    ... success: reloaded. 
174598     INFO  main            d.u.i.k.p.r.p.TestFile    Now processing file /home/runner/work/key/key/key.core/../key.ui/examples/standard_key/java_dl/assert/assert1.key 
174599     INFO  main            d.u.i.k.p.i.AbstractProblemLoader Loading environment from /home/runner/work/key/key/key.core/../key.ui/examples/standard_key/java_dl/assert/assert1.key 
174599     DEBUG main            d.u.i.k.p.i.AbstractProblemLoader Environment load took 52.4ns 
174599     INFO  main            d.u.i.k.p.i.AbstractProblemLoader Creating init config 
177075     DEBUG main            d.u.i.k.p.i.AbstractProblemLoader Init config took 2.48s 
177108     INFO  main            d.u.i.k.p.i.AbstractProblemLoader Replaying proof C[C::foo()].JML normal_behavior operation contract.0 
177110     DEBUG main            d.u.i.k.p.i.IntermediateProofReplayer Proof replay took 6.3ns 
177211     INFO  main            d.u.i.k.p.r.p.TestFile    ... finished proof: open goal(s) 
177497     INFO  main            d.u.i.k.p.r.p.TestFile    Now processing file /home/runner/work/key/key/key.core/../key.ui/examples/standard_key/java_dl/assert/assert2.key 
177497     INFO  main            d.u.i.k.p.i.AbstractProblemLoader Loading environment from /home/runner/work/key/key/key.core/../key.ui/examples/standard_key/java_dl/assert/assert2.key 
177497     DEBUG main            d.u.i.k.p.i.AbstractProblemLoader Environment load took 42.5ns 
177498     INFO  main            d.u.i.k.p.i.AbstractProblemLoader Creating init config 
179920     DEBUG main            d.u.i.k.p.i.AbstractProblemLoader Init config took 2.42s 
179952     INFO  main            d.u.i.k.p.i.AbstractProblemLoader Replaying proof C[C::bar()].JML exceptional_behavior operation contract.0 
179954     DEBUG main            d.u.i.k.p.i.IntermediateProofReplayer Proof replay took 6.1ns 
180156     INFO  main            d.u.i.k.p.r.p.TestFile    ... finished proof: closed. 
180438     INFO  main            d.u.i.k.p.i.AbstractProblemLoader Loading environment from /home/runner/work/key/key/key.core/../key.ui/examples/standard_key/java_dl/assert/assert2.key.proof 
180438     DEBUG main            d.u.i.k.p.i.AbstractProblemLoader Environment load took 69.3ns 
180439     INFO  main            d.u.i.k.p.i.AbstractProblemLoader Creating init config 
182850     DEBUG main            d.u.i.k.p.i.AbstractProblemLoader Init config took 2.41s 
182881     INFO  main            d.u.i.k.p.i.AbstractProblemLoader Replaying proof C[C::bar()].JML exceptional_behavior operation contract.0 
182916     DEBUG main            d.u.i.k.p.i.IntermediateProofReplayer Proof replay took 32.84ms 
182917     DEBUG main            d.u.i.k.p.r.p.TestFile    ... success: reloaded. 
182918     INFO  main            d.u.i.k.p.r.p.TestFile    Now processing file /home/runner/work/key/key/key.core/../key.ui/examples/standard_key/java_dl/assert/assert3.key 
182918     INFO  main            d.u.i.k.p.i.AbstractProblemLoader Loading environment from /home/runner/work/key/key/key.core/../key.ui/examples/standard_key/java_dl/assert/assert3.key 
182918     DEBUG main            d.u.i.k.p.i.AbstractProblemLoader Environment load took 89ns 
182919     INFO  main            d.u.i.k.p.i.AbstractProblemLoader Creating init config 
185377     DEBUG main            d.u.i.k.p.i.AbstractProblemLoader Init config took 2.46s 
185409     INFO  main            d.u.i.k.p.i.AbstractProblemLoader Replaying proof C[C::foo()].JML normal_behavior operation contract.0 
185411     DEBUG main            d.u.i.k.p.i.IntermediateProofReplayer Proof replay took 6.7ns 
185516     INFO  main            d.u.i.k.p.r.p.TestFile    ... finished proof: open goal(s) 
185901     INFO  main            d.u.i.k.p.r.p.TestFile    Now processing file /home/runner/work/key/key/key.core/../key.ui/examples/standard_key/java_dl/java5/vararg.key 
185902     INFO  main            d.u.i.k.p.i.AbstractProblemLoader Loading environment from /home/runner/work/key/key/key.core/../key.ui/examples/standard_key/java_dl/java5/vararg.key 
185902     DEBUG main            d.u.i.k.p.i.AbstractProblemLoader Environment load took 51.7ns 
185904     INFO  main            d.u.i.k.p.i.AbstractProblemLoader Creating init config 
186790     DEBUG main            d.u.i.k.j.r.ClassPreparationMethodBuilder clPrepBuilder: Inner Class detected. Reject building class initialisation methods. 
188678     DEBUG main            d.u.i.k.p.i.AbstractProblemLoader Init config took 2.77s 
188700     INFO  main            d.u.i.k.p.i.AbstractProblemLoader Replaying proof vararg.key 
188701     DEBUG main            d.u.i.k.p.i.IntermediateProofReplayer Proof replay took 6.1ns 
188946     DEBUG Thread-101      d.u.i.k.j.d.VariableSpecification Program match. Variables have different dimension (template #v0 = #vi;, source var#17[] = new java.lang.Object[]{d1, d2};) 
189065     DEBUG Thread-101      d.u.i.k.j.d.VariableSpecification Program match. Variables have different dimension (template #v0 = #vi;, source var#24[] = new java.lang.Object[]{d1, d2};) 
189191     DEBUG Thread-101      d.u.i.k.j.d.VariableSpecification Program match. Variables have different dimension (template #v0 = #vi;, source var#33[] = new java.lang.Object[]{var_1};) 
189192     DEBUG Thread-101      d.u.i.k.j.d.VariableSpecification Program match. Variables have different dimension (template #v0 = #vi;, source var#33[] = new java.lang.Object[]{var_1};) 
189287     DEBUG Thread-101      d.u.i.k.j.d.VariableSpecification Program match. Variables have different dimension (template #v0 = #vi;, source var#39[] = new java.lang.Object[]{null, null};) 
189404     DEBUG Thread-101      d.u.i.k.j.d.VariableSpecification Program match. Variables have different dimension (template #v0 = #vi;, source var#46[] = new java.lang.Object[]{};) 
189833     INFO  main            d.u.i.k.p.r.p.TestFile    ... finished proof: closed. 
190155     INFO  main            d.u.i.k.p.i.AbstractProblemLoader Loading environment from /home/runner/work/key/key/key.core/../key.ui/examples/standard_key/java_dl/java5/vararg.key.proof 
190155     DEBUG main            d.u.i.k.p.i.AbstractProblemLoader Environment load took 84.1ns 
190160     INFO  main            d.u.i.k.p.i.AbstractProblemLoader Creating init config 
191020     DEBUG main            d.u.i.k.j.r.ClassPreparationMethodBuilder clPrepBuilder: Inner Class detected. Reject building class initialisation methods. 
192829     DEBUG main            d.u.i.k.p.i.AbstractProblemLoader Init config took 2.67s 
192850     INFO  main            d.u.i.k.p.i.AbstractProblemLoader Replaying proof vararg.key.proof 
193165     DEBUG main            d.u.i.k.p.i.IntermediateProofReplayer Proof replay took 302.34ms 
193166     DEBUG main            d.u.i.k.p.r.p.TestFile    ... success: reloaded. 
193167     INFO  main            d.u.i.k.p.r.p.TestFile    Now processing file /home/runner/work/key/key/key.core/../key.ui/examples/standard_key/java_dl/java5/for_Array.key 
193167     INFO  main            d.u.i.k.p.i.AbstractProblemLoader Loading environment from /home/runner/work/key/key/key.core/../key.ui/examples/standard_key/java_dl/java5/for_Array.key 
193167     DEBUG main            d.u.i.k.p.i.AbstractProblemLoader Environment load took 143.9ns 
193168     INFO  main            d.u.i.k.p.i.AbstractProblemLoader Creating init config 
194015     DEBUG main            d.u.i.k.j.r.ClassPreparationMethodBuilder clPrepBuilder: Inner Class detected. Reject building class initialisation methods. 
195863     DEBUG main            d.u.i.k.p.i.AbstractProblemLoader Init config took 2.7s 
195912     INFO  main            d.u.i.k.p.i.AbstractProblemLoader Replaying proof For[For::sum([I)].JML operation contract.0 
195913     DEBUG main            d.u.i.k.p.i.IntermediateProofReplayer Proof replay took 15.9ns 
196215     INFO  main            d.u.i.k.p.r.p.TestFile    ... finished proof: closed. 
196657     INFO  main            d.u.i.k.p.i.AbstractProblemLoader Loading environment from /home/runner/work/key/key/key.core/../key.ui/examples/standard_key/java_dl/java5/for_Array.key.proof 
196657     DEBUG main            d.u.i.k.p.i.AbstractProblemLoader Environment load took 76ns 
196658     INFO  main            d.u.i.k.p.i.AbstractProblemLoader Creating init config 
197494     DEBUG main            d.u.i.k.j.r.ClassPreparationMethodBuilder clPrepBuilder: Inner Class detected. Reject building class initialisation methods. 
199258     DEBUG main            d.u.i.k.p.i.AbstractProblemLoader Init config took 2.6s 
199316     INFO  main            d.u.i.k.p.i.AbstractProblemLoader Replaying proof For[For::sum([I)].JML operation contract.0 
199397     DEBUG main            d.u.i.k.p.i.IntermediateProofReplayer Proof replay took 77.75ms 
199398     DEBUG main            d.u.i.k.p.r.p.TestFile    ... success: reloaded. 
199398     INFO  main            d.u.i.k.p.r.p.TestFile    Now processing file /home/runner/work/key/key/key.core/../key.ui/examples/standard_key/java_dl/java5/for_Iterable.key 
199399     INFO  main            d.u.i.k.p.i.AbstractProblemLoader Loading environment from /home/runner/work/key/key/key.core/../key.ui/examples/standard_key/java_dl/java5/for_Iterable.key 
199399     DEBUG main            d.u.i.k.p.i.AbstractProblemLoader Environment load took 85.4ns 
199399     INFO  main            d.u.i.k.p.i.AbstractProblemLoader Creating init config 
200239     DEBUG main            d.u.i.k.j.r.ClassPreparationMethodBuilder clPrepBuilder: Inner Class detected. Reject building class initialisation methods. 
202036     DEBUG main            d.u.i.k.p.i.AbstractProblemLoader Init config took 2.64s 
202100     INFO  main            d.u.i.k.p.i.AbstractProblemLoader Replaying proof For[For::infiniteLoop(For)].JML operation contract.0 
202101     DEBUG main            d.u.i.k.p.i.IntermediateProofReplayer Proof replay took 6.3ns 
202302     INFO  main            d.u.i.k.p.r.p.TestFile    ... finished proof: closed. 
202614     INFO  main            d.u.i.k.p.i.AbstractProblemLoader Loading environment from /home/runner/work/key/key/key.core/../key.ui/examples/standard_key/java_dl/java5/for_Iterable.key.proof 
202614     DEBUG main            d.u.i.k.p.i.AbstractProblemLoader Environment load took 73.8ns 
202615     INFO  main            d.u.i.k.p.i.AbstractProblemLoader Creating init config 
203464     DEBUG main            d.u.i.k.j.r.ClassPreparationMethodBuilder clPrepBuilder: Inner Class detected. Reject building class initialisation methods. 
205218     DEBUG main            d.u.i.k.p.i.AbstractProblemLoader Init config took 2.6s 
205265     INFO  main            d.u.i.k.p.i.AbstractProblemLoader Replaying proof For[For::infiniteLoop(For)].JML operation contract.0 
205311     DEBUG main            d.u.i.k.p.i.IntermediateProofReplayer Proof replay took 44.11ms 
205312     DEBUG main            d.u.i.k.p.r.p.TestFile    ... success: reloaded. 
205313     INFO  main            d.u.i.k.p.r.p.TestFile    Now processing file /home/runner/work/key/key/key.core/../key.ui/examples/standard_key/java_dl/java5/for_ReferenceArray.key 
205313     INFO  main            d.u.i.k.p.i.AbstractProblemLoader Loading environment from /home/runner/work/key/key/key.core/../key.ui/examples/standard_key/java_dl/java5/for_ReferenceArray.key 
205313     DEBUG main            d.u.i.k.p.i.AbstractProblemLoader Environment load took 64.3ns 
205314     INFO  main            d.u.i.k.p.i.AbstractProblemLoader Creating init config 
206154     DEBUG main            d.u.i.k.j.r.ClassPreparationMethodBuilder clPrepBuilder: Inner Class detected. Reject building class initialisation methods. 
207945     DEBUG main            d.u.i.k.p.i.AbstractProblemLoader Init config took 2.63s 
207992     INFO  main            d.u.i.k.p.i.AbstractProblemLoader Replaying proof ForReferenceArray[ForReferenceArray::foo([Ljava.lang.Object)].JML operation contract.0 
207994     DEBUG main            d.u.i.k.p.i.IntermediateProofReplayer Proof replay took 6.4ns 
208195     INFO  main            d.u.i.k.p.r.p.TestFile    ... finished proof: closed. 
208504     INFO  main            d.u.i.k.p.i.AbstractProblemLoader Loading environment from /home/runner/work/key/key/key.core/../key.ui/examples/standard_key/java_dl/java5/for_ReferenceArray.key.proof 
208504     DEBUG main            d.u.i.k.p.i.AbstractProblemLoader Environment load took 91.7ns 
208505     INFO  main            d.u.i.k.p.i.AbstractProblemLoader Creating init config 
209325     DEBUG main            d.u.i.k.j.r.ClassPreparationMethodBuilder clPrepBuilder: Inner Class detected. Reject building class initialisation methods. 
211075     DEBUG main            d.u.i.k.p.i.AbstractProblemLoader Init config took 2.57s 
211122     INFO  main            d.u.i.k.p.i.AbstractProblemLoader Replaying proof ForReferenceArray[ForReferenceArray::foo([Ljava.lang.Object)].JML operation contract.0 
211175     DEBUG main            d.u.i.k.p.i.IntermediateProofReplayer Proof replay took 50.38ms 
211176     DEBUG main            d.u.i.k.p.r.p.TestFile    ... success: reloaded. 
211176     INFO  main            d.u.i.k.p.r.p.TestFile    Now processing file /home/runner/work/key/key/key.core/../key.ui/examples/standard_key/java_dl/jml-bigint/cast.key 
211176     INFO  main            d.u.i.k.p.i.AbstractProblemLoader Loading environment from /home/runner/work/key/key/key.core/../key.ui/examples/standard_key/java_dl/jml-bigint/cast.key 
211177     DEBUG main            d.u.i.k.p.i.AbstractProblemLoader Environment load took 67.5ns 
211177     INFO  main            d.u.i.k.p.i.AbstractProblemLoader Creating init config 
213719     DEBUG main            d.u.i.k.p.i.AbstractProblemLoader Init config took 2.54s 
213751     INFO  main            d.u.i.k.p.i.AbstractProblemLoader Replaying proof Mult[Mult::cast()].JML operation contract.0 
213752     DEBUG main            d.u.i.k.p.i.IntermediateProofReplayer Proof replay took 6.3ns 
213854     INFO  main            d.u.i.k.p.r.p.TestFile    ... finished proof: closed. 
214220     INFO  main            d.u.i.k.p.i.AbstractProblemLoader Loading environment from /home/runner/work/key/key/key.core/../key.ui/examples/standard_key/java_dl/jml-bigint/cast.key.proof 
214220     DEBUG main            d.u.i.k.p.i.AbstractProblemLoader Environment load took 85.1ns 
214221     INFO  main            d.u.i.k.p.i.AbstractProblemLoader Creating init config 
216708     DEBUG main            d.u.i.k.p.i.AbstractProblemLoader Init config took 2.49s 
216740     INFO  main            d.u.i.k.p.i.AbstractProblemLoader Replaying proof Mult[Mult::cast()].JML operation contract.0 
216752     DEBUG main            d.u.i.k.p.i.IntermediateProofReplayer Proof replay took 10.45ms 
216752     DEBUG main            d.u.i.k.p.r.p.TestFile    ... success: reloaded. 
216753     INFO  main            d.u.i.k.p.r.p.TestFile    Now processing file /home/runner/work/key/key/key.core/../key.ui/examples/standard_key/java_dl/jml-free/loopInvFree.key 
216753     INFO  main            d.u.i.k.p.i.AbstractProblemLoader Loading environment from /home/runner/work/key/key/key.core/../key.ui/examples/standard_key/java_dl/jml-free/loopInvFree.key 
216753     DEBUG main            d.u.i.k.p.i.AbstractProblemLoader Environment load took 84.6ns 
216754     INFO  main            d.u.i.k.p.i.AbstractProblemLoader Creating init config 
219227     DEBUG main            d.u.i.k.p.i.AbstractProblemLoader Init config took 2.47s 
219272     INFO  main            d.u.i.k.p.i.AbstractProblemLoader Replaying proof LoopInvFree[LoopInvFree::test()].JML operation contract.0 
219274     DEBUG main            d.u.i.k.p.i.IntermediateProofReplayer Proof replay took 5.9ns 
219476     INFO  main            d.u.i.k.p.r.p.TestFile    ... finished proof: closed. 
219806     INFO  main            d.u.i.k.p.i.AbstractProblemLoader Loading environment from /home/runner/work/key/key/key.core/../key.ui/examples/standard_key/java_dl/jml-free/loopInvFree.key.proof 
219806     DEBUG main            d.u.i.k.p.i.AbstractProblemLoader Environment load took 68.8ns 
219807     INFO  main            d.u.i.k.p.i.AbstractProblemLoader Creating init config 
222224     DEBUG main            d.u.i.k.p.i.AbstractProblemLoader Init config took 2.42s 
222264     INFO  main            d.u.i.k.p.i.AbstractProblemLoader Replaying proof LoopInvFree[LoopInvFree::test()].JML operation contract.0 
222302     DEBUG main            d.u.i.k.p.i.IntermediateProofReplayer Proof replay took 36.29ms 
222302     DEBUG main            d.u.i.k.p.r.p.TestFile    ... success: reloaded. 
222303     INFO  main            d.u.i.k.p.r.p.TestFile    Now processing file /home/runner/work/key/key/key.core/../key.ui/examples/standard_key/java_dl/jml-free/ensuresFree.key 
222303     INFO  main            d.u.i.k.p.i.AbstractProblemLoader Loading environment from /home/runner/work/key/key/key.core/../key.ui/examples/standard_key/java_dl/jml-free/ensuresFree.key 
222304     DEBUG main            d.u.i.k.p.i.AbstractProblemLoader Environment load took 62ns 
222304     INFO  main            d.u.i.k.p.i.AbstractProblemLoader Creating init config 
224779     DEBUG main            d.u.i.k.p.i.AbstractProblemLoader Init config took 2.47s 
224810     INFO  main            d.u.i.k.p.i.AbstractProblemLoader Replaying proof EnsuresFree[EnsuresFree::test()].JML operation contract.0 
224811     DEBUG main            d.u.i.k.p.i.IntermediateProofReplayer Proof replay took 7.2ns 
224913     INFO  main            d.u.i.k.p.r.p.TestFile    ... finished proof: closed. 
225251     INFO  main            d.u.i.k.p.i.AbstractProblemLoader Loading environment from /home/runner/work/key/key/key.core/../key.ui/examples/standard_key/java_dl/jml-free/ensuresFree.key.proof 
225251     DEBUG main            d.u.i.k.p.i.AbstractProblemLoader Environment load took 71.7ns 
225252     INFO  main            d.u.i.k.p.i.AbstractProblemLoader Creating init config 
227689     DEBUG main            d.u.i.k.p.i.AbstractProblemLoader Init config took 2.44s 
227720     INFO  main            d.u.i.k.p.i.AbstractProblemLoader Replaying proof EnsuresFree[EnsuresFree::test()].JML operation contract.0 
227736     DEBUG main            d.u.i.k.p.i.IntermediateProofReplayer Proof replay took 14.11ms 
227736     DEBUG main            d.u.i.k.p.r.p.TestFile    ... success: reloaded. 
227737     INFO  main            d.u.i.k.p.r.p.TestFile    Now processing file /home/runner/work/key/key/key.core/../key.ui/examples/standard_key/java_dl/jml-information-flow.key 
227737     INFO  main            d.u.i.k.p.i.AbstractProblemLoader Loading environment from /home/runner/work/key/key/key.core/../key.ui/examples/standard_key/java_dl/jml-information-flow.key 
227737     DEBUG main            d.u.i.k.p.i.AbstractProblemLoader Environment load took 53.5ns 
227742     INFO  main            d.u.i.k.p.i.AbstractProblemLoader Creating init config 
230385     DEBUG main            d.u.i.k.p.i.AbstractProblemLoader Init config took 2.64s 
230419     INFO  main            d.u.i.k.p.i.AbstractProblemLoader Replaying proof jml-information-flow.key 
230420     DEBUG main            d.u.i.k.p.i.IntermediateProofReplayer Proof replay took 6.9ns 
342831     INFO  main            d.u.i.k.p.r.p.TestFile    ... finished proof: closed. 
343323     INFO  main            d.u.i.k.p.i.AbstractProblemLoader Loading environment from /home/runner/work/key/key/key.core/../key.ui/examples/standard_key/java_dl/jml-information-flow.key.proof 
343324     DEBUG main            d.u.i.k.p.i.AbstractProblemLoader Environment load took 132ns 
343331     INFO  main            d.u.i.k.p.i.AbstractProblemLoader Creating init config 
345875     DEBUG main            d.u.i.k.p.i.AbstractProblemLoader Init config took 2.54s 
345892     INFO  main            d.u.i.k.p.i.AbstractProblemLoader Replaying proof jml-information-flow.key.proof 
349195     DEBUG main            d.u.i.k.p.i.IntermediateProofReplayer Proof replay took 3.19s 
349203     DEBUG main            d.u.i.k.p.r.p.TestFile    ... success: reloaded. 
349203     INFO  main            d.u.i.k.p.r.p.TestFile    Now processing file /home/runner/work/key/key/key.core/../key.ui/examples/standard_key/java_dl/jml-min/min-unprovable1.key 
349203     INFO  main            d.u.i.k.p.i.AbstractProblemLoader Loading environment from /home/runner/work/key/key/key.core/../key.ui/examples/standard_key/java_dl/jml-min/min-unprovable1.key 
349204     DEBUG main            d.u.i.k.p.i.AbstractProblemLoader Environment load took 66.1ns 
349204     INFO  main            d.u.i.k.p.i.AbstractProblemLoader Creating init config 
351786     DEBUG main            d.u.i.k.p.i.AbstractProblemLoader Init config took 2.58s 
351817     INFO  main            d.u.i.k.p.i.AbstractProblemLoader Replaying proof Min[Min::foo()].JML operation contract.0 
351818     DEBUG main            d.u.i.k.p.i.IntermediateProofReplayer Proof replay took 6.3ns 
351920     INFO  main            d.u.i.k.p.r.p.TestFile    ... finished proof: open goal(s) 
352388     INFO  main            d.u.i.k.p.r.p.TestFile    Now processing file /home/runner/work/key/key/key.core/../key.ui/examples/standard_key/java_dl/jml-min/min-unprovable2.key 
352389     INFO  main            d.u.i.k.p.i.AbstractProblemLoader Loading environment from /home/runner/work/key/key/key.core/../key.ui/examples/standard_key/java_dl/jml-min/min-unprovable2.key 
352389     DEBUG main            d.u.i.k.p.i.AbstractProblemLoader Environment load took 41.4ns 
352389     INFO  main            d.u.i.k.p.i.AbstractProblemLoader Creating init config 
354810     DEBUG main            d.u.i.k.p.i.AbstractProblemLoader Init config took 2.42s 
354840     INFO  main            d.u.i.k.p.i.AbstractProblemLoader Replaying proof Min[Min::foo2()].JML operation contract.0 
354841     DEBUG main            d.u.i.k.p.i.IntermediateProofReplayer Proof replay took 5.5ns 
354943     INFO  main            d.u.i.k.p.r.p.TestFile    ... finished proof: open goal(s) 
355284     INFO  main            d.u.i.k.p.r.p.TestFile    Now processing file /home/runner/work/key/key/key.core/../key.ui/examples/standard_key/java_dl/methodCall.key 
355285     INFO  main            d.u.i.k.p.i.AbstractProblemLoader Loading environment from /home/runner/work/key/key/key.core/../key.ui/examples/standard_key/java_dl/methodCall.key 
355285     DEBUG main            d.u.i.k.p.i.AbstractProblemLoader Environment load took 43.3ns 
355286     INFO  main            d.u.i.k.p.i.AbstractProblemLoader Creating init config 
357695     DEBUG main            d.u.i.k.p.i.AbstractProblemLoader Init config took 2.41s 
357708     INFO  main            d.u.i.k.p.i.AbstractProblemLoader Replaying proof methodCall.key 
357709     DEBUG main            d.u.i.k.p.i.IntermediateProofReplayer Proof replay took 5.6ns 
357810     INFO  main            d.u.i.k.p.r.p.TestFile    ... finished proof: closed. 
358149     INFO  main            d.u.i.k.p.i.AbstractProblemLoader Loading environment from /home/runner/work/key/key/key.core/../key.ui/examples/standard_key/java_dl/methodCall.key.proof 
358149     DEBUG main            d.u.i.k.p.i.AbstractProblemLoader Environment load took 72.6ns 
358150     INFO  main            d.u.i.k.p.i.AbstractProblemLoader Creating init config 
360562     DEBUG main            d.u.i.k.p.i.AbstractProblemLoader Init config took 2.41s 
360574     INFO  main            d.u.i.k.p.i.AbstractProblemLoader Replaying proof methodCall.key.proof 
360577     DEBUG main            d.u.i.k.p.i.IntermediateProofReplayer Proof replay took 1.6ms 
360578     DEBUG main            d.u.i.k.p.r.p.TestFile    ... success: reloaded. 
360578     INFO  main            d.u.i.k.p.r.p.TestFile    Now processing file /home/runner/work/key/key/key.core/../key.ui/examples/standard_key/java_dl/methodCall1.key 
360579     INFO  main            d.u.i.k.p.i.AbstractProblemLoader Loading environment from /home/runner/work/key/key/key.core/../key.ui/examples/standard_key/java_dl/methodCall1.key 
360579     DEBUG main            d.u.i.k.p.i.AbstractProblemLoader Environment load took 51.4ns 
360579     INFO  main            d.u.i.k.p.i.AbstractProblemLoader Creating init config 
363024     DEBUG main            d.u.i.k.p.i.AbstractProblemLoader Init config took 2.44s 
363037     INFO  main            d.u.i.k.p.i.AbstractProblemLoader Replaying proof methodCall1.key 
363038     DEBUG main            d.u.i.k.p.i.IntermediateProofReplayer Proof replay took 6.4ns 
363144     INFO  main            d.u.i.k.p.r.p.TestFile    ... finished proof: closed. 
363500     INFO  main            d.u.i.k.p.i.AbstractProblemLoader Loading environment from /home/runner/work/key/key/key.core/../key.ui/examples/standard_key/java_dl/methodCall1.key.proof 
363500     DEBUG main            d.u.i.k.p.i.AbstractProblemLoader Environment load took 66.3ns 
363501     INFO  main            d.u.i.k.p.i.AbstractProblemLoader Creating init config 
365910     DEBUG main            d.u.i.k.p.i.AbstractProblemLoader Init config took 2.41s 
365922     INFO  main            d.u.i.k.p.i.AbstractProblemLoader Replaying proof methodCall1.key.proof 
365935     DEBUG main            d.u.i.k.p.i.IntermediateProofReplayer Proof replay took 10.79ms 
365935     DEBUG main            d.u.i.k.p.r.p.TestFile    ... success: reloaded. 
365936     INFO  main            d.u.i.k.p.r.p.TestFile    Now processing file /home/runner/work/key/key/key.core/../key.ui/examples/standard_key/java_dl/methodCall1box.key 
365936     INFO  main            d.u.i.k.p.i.AbstractProblemLoader Loading environment from /home/runner/work/key/key/key.core/../key.ui/examples/standard_key/java_dl/methodCall1box.key 
365936     DEBUG main            d.u.i.k.p.i.AbstractProblemLoader Environment load took 63ns 
365937     INFO  main            d.u.i.k.p.i.AbstractProblemLoader Creating init config 
368381     DEBUG main            d.u.i.k.p.i.AbstractProblemLoader Init config took 2.44s 
368393     INFO  main            d.u.i.k.p.i.AbstractProblemLoader Replaying proof methodCall1box.key 
368394     DEBUG main            d.u.i.k.p.i.IntermediateProofReplayer Proof replay took 6.8ns 
368496     INFO  main            d.u.i.k.p.r.p.TestFile    ... finished proof: closed. 
368853     INFO  main            d.u.i.k.p.i.AbstractProblemLoader Loading environment from /home/runner/work/key/key/key.core/../key.ui/examples/standard_key/java_dl/methodCall1box.key.proof 
368854     DEBUG main            d.u.i.k.p.i.AbstractProblemLoader Environment load took 65.4ns 
368854     INFO  main            d.u.i.k.p.i.AbstractProblemLoader Creating init config 
371267     DEBUG main            d.u.i.k.p.i.AbstractProblemLoader Init config took 2.41s 
371280     INFO  main            d.u.i.k.p.i.AbstractProblemLoader Replaying proof methodCall1box.key.proof 
371293     DEBUG main            d.u.i.k.p.i.IntermediateProofReplayer Proof replay took 10.96ms 
371293     DEBUG main            d.u.i.k.p.r.p.TestFile    ... success: reloaded. 
371294     INFO  main            d.u.i.k.p.r.p.TestFile    Now processing file /home/runner/work/key/key/key.core/../key.ui/examples/standard_key/java_dl/methodCall3.key 
371294     INFO  main            d.u.i.k.p.i.AbstractProblemLoader Loading environment from /home/runner/work/key/key/key.core/../key.ui/examples/standard_key/java_dl/methodCall3.key 
371294     DEBUG main            d.u.i.k.p.i.AbstractProblemLoader Environment load took 39.9ns 
371295     INFO  main            d.u.i.k.p.i.AbstractProblemLoader Creating init config 
373729     DEBUG main            d.u.i.k.p.i.AbstractProblemLoader Init config took 2.43s 
373741     INFO  main            d.u.i.k.p.i.AbstractProblemLoader Replaying proof methodCall3.key 
373743     DEBUG main            d.u.i.k.p.i.IntermediateProofReplayer Proof replay took 5.8ns 
373844     INFO  main            d.u.i.k.p.r.p.TestFile    ... finished proof: closed. 
374205     INFO  main            d.u.i.k.p.i.AbstractProblemLoader Loading environment from /home/runner/work/key/key/key.core/../key.ui/examples/standard_key/java_dl/methodCall3.key.proof 
374206     DEBUG main            d.u.i.k.p.i.AbstractProblemLoader Environment load took 73.4ns 
374206     INFO  main            d.u.i.k.p.i.AbstractProblemLoader Creating init config 
376618     DEBUG main            d.u.i.k.p.i.AbstractProblemLoader Init config took 2.41s 
376630     INFO  main            d.u.i.k.p.i.AbstractProblemLoader Replaying proof methodCall3.key.proof 
376640     DEBUG main            d.u.i.k.p.i.IntermediateProofReplayer Proof replay took 7.23ms 
376641     DEBUG main            d.u.i.k.p.r.p.TestFile    ... success: reloaded. 
376646     INFO  main            d.u.i.k.p.r.p.TestFile    Now processing file /home/runner/work/key/key/key.core/../key.ui/examples/standard_key/java_dl/polishFlagSort.key 
376646     INFO  main            d.u.i.k.p.i.AbstractProblemLoader Loading environment from /home/runner/work/key/key/key.core/../key.ui/examples/standard_key/java_dl/polishFlagSort.key 
376646     DEBUG main            d.u.i.k.p.i.AbstractProblemLoader Environment load took 93.3ns 
376648     INFO  main            d.u.i.k.p.i.AbstractProblemLoader Creating init config 
379148     DEBUG main            d.u.i.k.p.i.AbstractProblemLoader Init config took 2.5s 
379161     INFO  main            d.u.i.k.p.i.AbstractProblemLoader Replaying proof polishFlagSort.key 
379163     DEBUG main            d.u.i.k.p.i.IntermediateProofReplayer Proof replay took 5.7ns 
381069     INFO  main            d.u.i.k.p.r.p.TestFile    ... finished proof: closed. 
381488     INFO  main            d.u.i.k.p.i.AbstractProblemLoader Loading environment from /home/runner/work/key/key/key.core/../key.ui/examples/standard_key/java_dl/polishFlagSort.key.proof 
381489     DEBUG main            d.u.i.k.p.i.AbstractProblemLoader Environment load took 281.3ns 
381490     INFO  main            d.u.i.k.p.i.AbstractProblemLoader Creating init config 
383939     DEBUG main            d.u.i.k.p.i.AbstractProblemLoader Init config took 2.45s 
383953     INFO  main            d.u.i.k.p.i.AbstractProblemLoader Replaying proof polishFlagSort.key.proof 
384282     DEBUG main            d.u.i.k.p.i.IntermediateProofReplayer Proof replay took 318.46ms 
384283     DEBUG main            d.u.i.k.p.r.p.TestFile    ... success: reloaded. 
384284     INFO  main            d.u.i.k.p.r.p.TestFile    Now processing file /home/runner/work/key/key/key.core/../key.ui/examples/standard_key/java_dl/postConditionTaclets1.key 
384284     INFO  main            d.u.i.k.p.i.AbstractProblemLoader Loading environment from /home/runner/work/key/key/key.core/../key.ui/examples/standard_key/java_dl/postConditionTaclets1.key 
384285     DEBUG main            d.u.i.k.p.i.AbstractProblemLoader Environment load took 143.2ns 
384285     INFO  main            d.u.i.k.p.i.AbstractProblemLoader Creating init config 
386691     DEBUG main            d.u.i.k.p.i.AbstractProblemLoader Init config took 2.41s 
386704     INFO  main            d.u.i.k.p.i.AbstractProblemLoader Replaying proof postConditionTaclets1.key 
386705     DEBUG main            d.u.i.k.p.i.IntermediateProofReplayer Proof replay took 6.6ns 
386807     INFO  main            d.u.i.k.p.r.p.TestFile    ... finished proof: closed. 
387218     INFO  main            d.u.i.k.p.i.AbstractProblemLoader Loading environment from /home/runner/work/key/key/key.core/../key.ui/examples/standard_key/java_dl/postConditionTaclets1.key.proof 
387218     DEBUG main            d.u.i.k.p.i.AbstractProblemLoader Environment load took 72.1ns 
387219     INFO  main            d.u.i.k.p.i.AbstractProblemLoader Creating init config 
389571     DEBUG main            d.u.i.k.p.i.AbstractProblemLoader Init config took 2.35s 
389583     INFO  main            d.u.i.k.p.i.AbstractProblemLoader Replaying proof postConditionTaclets1.key.proof 
389585     DEBUG main            d.u.i.k.p.i.IntermediateProofReplayer Proof replay took 326.8ns 
389586     DEBUG main            d.u.i.k.p.r.p.TestFile    ... success: reloaded. 
389586     INFO  main            d.u.i.k.p.r.p.TestFile    Now processing file /home/runner/work/key/key/key.core/../key.ui/examples/standard_key/java_dl/postConditionTaclets2.key 
389586     INFO  main            d.u.i.k.p.i.AbstractProblemLoader Loading environment from /home/runner/work/key/key/key.core/../key.ui/examples/standard_key/java_dl/postConditionTaclets2.key 
389586     DEBUG main            d.u.i.k.p.i.AbstractProblemLoader Environment load took 60.3ns 
389587     INFO  main            d.u.i.k.p.i.AbstractProblemLoader Creating init config 
391976     DEBUG main            d.u.i.k.p.i.AbstractProblemLoader Init config took 2.39s 
391988     INFO  main            d.u.i.k.p.i.AbstractProblemLoader Replaying proof postConditionTaclets2.key 
391989     DEBUG main            d.u.i.k.p.i.IntermediateProofReplayer Proof replay took 6.7ns 
392091     INFO  main            d.u.i.k.p.r.p.TestFile    ... finished proof: closed. 
392472     INFO  main            d.u.i.k.p.i.AbstractProblemLoader Loading environment from /home/runner/work/key/key/key.core/../key.ui/examples/standard_key/java_dl/postConditionTaclets2.key.proof 
392472     DEBUG main            d.u.i.k.p.i.AbstractProblemLoader Environment load took 65.2ns 
392473     INFO  main            d.u.i.k.p.i.AbstractProblemLoader Creating init config 
394827     DEBUG main            d.u.i.k.p.i.AbstractProblemLoader Init config took 2.35s 
394843     INFO  main            d.u.i.k.p.i.AbstractProblemLoader Replaying proof postConditionTaclets2.key.proof 
394844     DEBUG main            d.u.i.k.p.i.IntermediateProofReplayer Proof replay took 512.6ns 
394845     DEBUG main            d.u.i.k.p.r.p.TestFile    ... success: reloaded. 
394845     INFO  main            d.u.i.k.p.r.p.TestFile    Now processing file /home/runner/work/key/key/key.core/../key.ui/examples/standard_key/java_dl/quantifiedQuery.key 
394846     INFO  main            d.u.i.k.p.i.AbstractProblemLoader Loading environment from /home/runner/work/key/key/key.core/../key.ui/examples/standard_key/java_dl/quantifiedQuery.key 
394846     DEBUG main            d.u.i.k.p.i.AbstractProblemLoader Environment load took 418.4ns 
394847     INFO  main            d.u.i.k.p.i.AbstractProblemLoader Creating init config 
397283     DEBUG main            d.u.i.k.p.i.AbstractProblemLoader Init config took 2.44s 
397295     INFO  main            d.u.i.k.p.i.AbstractProblemLoader Replaying proof quantifiedQuery.key 
397297     DEBUG main            d.u.i.k.p.i.IntermediateProofReplayer Proof replay took 6.1ns 
397399     INFO  main            d.u.i.k.p.r.p.TestFile    ... finished proof: closed. 
397795     INFO  main            d.u.i.k.p.i.AbstractProblemLoader Loading environment from /home/runner/work/key/key/key.core/../key.ui/examples/standard_key/java_dl/quantifiedQuery.key.proof 
397795     DEBUG main            d.u.i.k.p.i.AbstractProblemLoader Environment load took 92ns 
397796     INFO  main            d.u.i.k.p.i.AbstractProblemLoader Creating init config 
400213     DEBUG main            d.u.i.k.p.i.AbstractProblemLoader Init config took 2.42s 
400226     INFO  main            d.u.i.k.p.i.AbstractProblemLoader Replaying proof quantifiedQuery.key.proof 
400236     DEBUG main            d.u.i.k.p.i.IntermediateProofReplayer Proof replay took 8.46ms 
400237     DEBUG main            d.u.i.k.p.r.p.TestFile    ... success: reloaded. 
400238     INFO  main            d.u.i.k.p.r.p.TestFile    Now processing file /home/runner/work/key/key/key.core/../key.ui/examples/standard_key/java_dl/recursion/triangular.key 
400238     INFO  main            d.u.i.k.p.i.AbstractProblemLoader Loading environment from /home/runner/work/key/key/key.core/../key.ui/examples/standard_key/java_dl/recursion/triangular.key 
400238     DEBUG main            d.u.i.k.p.i.AbstractProblemLoader Environment load took 60ns 
400238     INFO  main            d.u.i.k.p.i.AbstractProblemLoader Creating init config 
402675     DEBUG main            d.u.i.k.p.i.AbstractProblemLoader Init config took 2.44s 
402722     INFO  main            d.u.i.k.p.i.AbstractProblemLoader Replaying proof Triangular[Triangular::tria(int)].JML normal_behavior operation contract.0 
402723     DEBUG main            d.u.i.k.p.i.IntermediateProofReplayer Proof replay took 5.6ns 
402924     INFO  main            d.u.i.k.p.r.p.TestFile    ... finished proof: closed. 
403319     INFO  main            d.u.i.k.p.i.AbstractProblemLoader Loading environment from /home/runner/work/key/key/key.core/../key.ui/examples/standard_key/java_dl/recursion/triangular.key.proof 
403319     DEBUG main            d.u.i.k.p.i.AbstractProblemLoader Environment load took 71.8ns 
403320     INFO  main            d.u.i.k.p.i.AbstractProblemLoader Creating init config 
405719     DEBUG main            d.u.i.k.p.i.AbstractProblemLoader Init config took 2.4s 
405750     INFO  main            d.u.i.k.p.i.AbstractProblemLoader Replaying proof Triangular[Triangular::tria(int)].JML normal_behavior operation contract.0 
405778     DEBUG main            d.u.i.k.p.i.IntermediateProofReplayer Proof replay took 26.62ms 
405779     DEBUG main            d.u.i.k.p.r.p.TestFile    ... success: reloaded. 
405779     INFO  main            d.u.i.k.p.r.p.TestFile    Now processing file /home/runner/work/key/key/key.core/../key.ui/examples/standard_key/java_dl/reverseArray.key 
405779     INFO  main            d.u.i.k.p.i.AbstractProblemLoader Loading environment from /home/runner/work/key/key/key.core/../key.ui/examples/standard_key/java_dl/reverseArray.key 
405779     DEBUG main            d.u.i.k.p.i.AbstractProblemLoader Environment load took 58.6ns 
405781     INFO  main            d.u.i.k.p.i.AbstractProblemLoader Creating init config 
405798     WARN  main            d.u.i.k.j.r.KeYCrossReferenceNameInfo Datatype java.io.PrintStream declared twice: Once in FILE:/home/runner/work/key/key/key.core/../key.ui/examples/standard_key/java_dl/./classpath/PrintStream.java and once in URL:file:/home/runner/work/key/key/key.core/build/resources/main/de/uka/ilkd/key/java/JavaRedux/java/io/PrintStream.java, Keeping one from URL:file:/home/runner/work/key/key/key.core/build/resources/main/de/uka/ilkd/key/java/JavaRedux/java/io/PrintStream.java 
405799     WARN  main            d.u.i.k.j.r.KeYCrossReferenceNameInfo Datatype java.io.InputStream declared twice: Once in FILE:/home/runner/work/key/key/key.core/../key.ui/examples/standard_key/java_dl/./classpath/InputStream.java and once in URL:file:/home/runner/work/key/key/key.core/build/resources/main/de/uka/ilkd/key/java/JavaRedux/java/io/InputStream.java, Keeping one from URL:file:/home/runner/work/key/key/key.core/build/resources/main/de/uka/ilkd/key/java/JavaRedux/java/io/InputStream.java 
405799     WARN  main            d.u.i.k.j.r.KeYCrossReferenceNameInfo Datatype java.lang.System declared twice: Once in FILE:/home/runner/work/key/key/key.core/../key.ui/examples/standard_key/java_dl/./classpath/System.java and once in URL:file:/home/runner/work/key/key/key.core/build/resources/main/de/uka/ilkd/key/java/JavaRedux/java/lang/System.java, Keeping one from URL:file:/home/runner/work/key/key/key.core/build/resources/main/de/uka/ilkd/key/java/JavaRedux/java/lang/System.java 
405802     DEBUG main            d.u.i.k.j.r.ClassFileDeclarationBuilder Parsing: package java.io; public class Closeable { } 
405802     DEBUG main            r.s.KeYCrossReferenceSourceInfo Dynamically created class: java.io.Closeable 
408311     DEBUG main            d.u.i.k.p.i.AbstractProblemLoader Init config took 2.53s 
408325     INFO  main            d.u.i.k.p.i.AbstractProblemLoader Replaying proof reverseArray.key 
408326     DEBUG main            d.u.i.k.p.i.IntermediateProofReplayer Proof replay took 6.3ns 
412266     INFO  main            d.u.i.k.p.r.p.TestFile    ... finished proof: closed. 
412718     INFO  main            d.u.i.k.p.i.AbstractProblemLoader Loading environment from /home/runner/work/key/key/key.core/../key.ui/examples/standard_key/java_dl/reverseArray.key.proof 
412719     DEBUG main            d.u.i.k.p.i.AbstractProblemLoader Environment load took 832.6ns 
412721     INFO  main            d.u.i.k.p.i.AbstractProblemLoader Creating init config 
412743     WARN  main            d.u.i.k.j.r.KeYCrossReferenceNameInfo Datatype java.io.PrintStream declared twice: Once in FILE:/home/runner/work/key/key/key.core/../key.ui/examples/standard_key/java_dl/classpath/PrintStream.java and once in URL:file:/home/runner/work/key/key/key.core/build/resources/main/de/uka/ilkd/key/java/JavaRedux/java/io/PrintStream.java, Keeping one from URL:file:/home/runner/work/key/key/key.core/build/resources/main/de/uka/ilkd/key/java/JavaRedux/java/io/PrintStream.java 
412743     WARN  main            d.u.i.k.j.r.KeYCrossReferenceNameInfo Datatype java.io.InputStream declared twice: Once in FILE:/home/runner/work/key/key/key.core/../key.ui/examples/standard_key/java_dl/classpath/InputStream.java and once in URL:file:/home/runner/work/key/key/key.core/build/resources/main/de/uka/ilkd/key/java/JavaRedux/java/io/InputStream.java, Keeping one from URL:file:/home/runner/work/key/key/key.core/build/resources/main/de/uka/ilkd/key/java/JavaRedux/java/io/InputStream.java 
412743     WARN  main            d.u.i.k.j.r.KeYCrossReferenceNameInfo Datatype java.lang.System declared twice: Once in FILE:/home/runner/work/key/key/key.core/../key.ui/examples/standard_key/java_dl/classpath/System.java and once in URL:file:/home/runner/work/key/key/key.core/build/resources/main/de/uka/ilkd/key/java/JavaRedux/java/lang/System.java, Keeping one from URL:file:/home/runner/work/key/key/key.core/build/resources/main/de/uka/ilkd/key/java/JavaRedux/java/lang/System.java 
412747     DEBUG main            d.u.i.k.j.r.ClassFileDeclarationBuilder Parsing: package java.io; public class Closeable { } 
412747     DEBUG main            r.s.KeYCrossReferenceSourceInfo Dynamically created class: java.io.Closeable 
415200     DEBUG main            d.u.i.k.p.i.AbstractProblemLoader Init config took 2.48s 
415214     INFO  main            d.u.i.k.p.i.AbstractProblemLoader Replaying proof reverseArray.key.proof 
415828     DEBUG main            d.u.i.k.p.i.IntermediateProofReplayer Proof replay took 602.34ms 
415829     DEBUG main            d.u.i.k.p.r.p.TestFile    ... success: reloaded. 
415830     INFO  main            d.u.i.k.p.r.p.TestFile    Now processing file /home/runner/work/key/key/key.core/../key.ui/examples/standard_key/java_dl/reverseArray2.key 
415830     INFO  main            d.u.i.k.p.i.AbstractProblemLoader Loading environment from /home/runner/work/key/key/key.core/../key.ui/examples/standard_key/java_dl/reverseArray2.key 
415830     DEBUG main            d.u.i.k.p.i.AbstractProblemLoader Environment load took 54.5ns 
415832     INFO  main            d.u.i.k.p.i.AbstractProblemLoader Creating init config 
415850     WARN  main            d.u.i.k.j.r.KeYCrossReferenceNameInfo Datatype java.io.PrintStream declared twice: Once in FILE:/home/runner/work/key/key/key.core/../key.ui/examples/standard_key/java_dl/classpath/PrintStream.java and once in URL:file:/home/runner/work/key/key/key.core/build/resources/main/de/uka/ilkd/key/java/JavaRedux/java/io/PrintStream.java, Keeping one from URL:file:/home/runner/work/key/key/key.core/build/resources/main/de/uka/ilkd/key/java/JavaRedux/java/io/PrintStream.java 
415850     WARN  main            d.u.i.k.j.r.KeYCrossReferenceNameInfo Datatype java.io.InputStream declared twice: Once in FILE:/home/runner/work/key/key/key.core/../key.ui/examples/standard_key/java_dl/classpath/InputStream.java and once in URL:file:/home/runner/work/key/key/key.core/build/resources/main/de/uka/ilkd/key/java/JavaRedux/java/io/InputStream.java, Keeping one from URL:file:/home/runner/work/key/key/key.core/build/resources/main/de/uka/ilkd/key/java/JavaRedux/java/io/InputStream.java 
415850     WARN  main            d.u.i.k.j.r.KeYCrossReferenceNameInfo Datatype java.lang.System declared twice: Once in FILE:/home/runner/work/key/key/key.core/../key.ui/examples/standard_key/java_dl/classpath/System.java and once in URL:file:/home/runner/work/key/key/key.core/build/resources/main/de/uka/ilkd/key/java/JavaRedux/java/lang/System.java, Keeping one from URL:file:/home/runner/work/key/key/key.core/build/resources/main/de/uka/ilkd/key/java/JavaRedux/java/lang/System.java 
415853     DEBUG main            d.u.i.k.j.r.ClassFileDeclarationBuilder Parsing: package java.io; public class Closeable { } 
415853     DEBUG main            r.s.KeYCrossReferenceSourceInfo Dynamically created class: java.io.Closeable 
418476     DEBUG main            d.u.i.k.p.i.AbstractProblemLoader Init config took 2.64s 
418490     INFO  main            d.u.i.k.p.i.AbstractProblemLoader Replaying proof reverseArray2.key 
418491     DEBUG main            d.u.i.k.p.i.IntermediateProofReplayer Proof replay took 35ns 
419696     INFO  main            d.u.i.k.p.r.p.TestFile    ... finished proof: closed. 
420181     INFO  main            d.u.i.k.p.i.AbstractProblemLoader Loading environment from /home/runner/work/key/key/key.core/../key.ui/examples/standard_key/java_dl/reverseArray2.key.proof 
420182     DEBUG main            d.u.i.k.p.i.AbstractProblemLoader Environment load took 285.7ns 
420183     INFO  main            d.u.i.k.p.i.AbstractProblemLoader Creating init config 
420201     WARN  main            d.u.i.k.j.r.KeYCrossReferenceNameInfo Datatype java.io.PrintStream declared twice: Once in FILE:/home/runner/work/key/key/key.core/../key.ui/examples/standard_key/java_dl/classpath/PrintStream.java and once in URL:file:/home/runner/work/key/key/key.core/build/resources/main/de/uka/ilkd/key/java/JavaRedux/java/io/PrintStream.java, Keeping one from URL:file:/home/runner/work/key/key/key.core/build/resources/main/de/uka/ilkd/key/java/JavaRedux/java/io/PrintStream.java 
420201     WARN  main            d.u.i.k.j.r.KeYCrossReferenceNameInfo Datatype java.io.InputStream declared twice: Once in FILE:/home/runner/work/key/key/key.core/../key.ui/examples/standard_key/java_dl/classpath/InputStream.java and once in URL:file:/home/runner/work/key/key/key.core/build/resources/main/de/uka/ilkd/key/java/JavaRedux/java/io/InputStream.java, Keeping one from URL:file:/home/runner/work/key/key/key.core/build/resources/main/de/uka/ilkd/key/java/JavaRedux/java/io/InputStream.java 
420201     WARN  main            d.u.i.k.j.r.KeYCrossReferenceNameInfo Datatype java.lang.System declared twice: Once in FILE:/home/runner/work/key/key/key.core/../key.ui/examples/standard_key/java_dl/classpath/System.java and once in URL:file:/home/runner/work/key/key/key.core/build/resources/main/de/uka/ilkd/key/java/JavaRedux/java/lang/System.java, Keeping one from URL:file:/home/runner/work/key/key/key.core/build/resources/main/de/uka/ilkd/key/java/JavaRedux/java/lang/System.java 
420204     DEBUG main            d.u.i.k.j.r.ClassFileDeclarationBuilder Parsing: package java.io; public class Closeable { } 
420204     DEBUG main            r.s.KeYCrossReferenceSourceInfo Dynamically created class: java.io.Closeable 
422664     DEBUG main            d.u.i.k.p.i.AbstractProblemLoader Init config took 2.48s 
422679     INFO  main            d.u.i.k.p.i.AbstractProblemLoader Replaying proof reverseArray2.key.proof 
422890     DEBUG main            d.u.i.k.p.i.IntermediateProofReplayer Proof replay took 206.61ms 
422891     DEBUG main            d.u.i.k.p.r.p.TestFile    ... success: reloaded. 
422892     INFO  main            d.u.i.k.p.r.p.TestFile    Now processing file /home/runner/work/key/key/key.core/../key.ui/examples/standard_key/java_dl/simpleAssignment.key 
422892     INFO  main            d.u.i.k.p.i.AbstractProblemLoader Loading environment from /home/runner/work/key/key/key.core/../key.ui/examples/standard_key/java_dl/simpleAssignment.key 
422892     DEBUG main            d.u.i.k.p.i.AbstractProblemLoader Environment load took 42.5ns 
422893     INFO  main            d.u.i.k.p.i.AbstractProblemLoader Creating init config 
425309     DEBUG main            d.u.i.k.p.i.AbstractProblemLoader Init config took 2.42s 
425321     INFO  main            d.u.i.k.p.i.AbstractProblemLoader Replaying proof simpleAssignment.key 
425323     DEBUG main            d.u.i.k.p.i.IntermediateProofReplayer Proof replay took 2.2ns 
425424     INFO  main            d.u.i.k.p.r.p.TestFile    ... finished proof: closed. 
425874     INFO  main            d.u.i.k.p.i.AbstractProblemLoader Loading environment from /home/runner/work/key/key/key.core/../key.ui/examples/standard_key/java_dl/simpleAssignment.key.proof 
425874     DEBUG main            d.u.i.k.p.i.AbstractProblemLoader Environment load took 68.7ns 
425875     INFO  main            d.u.i.k.p.i.AbstractProblemLoader Creating init config 
428234     DEBUG main            d.u.i.k.p.i.AbstractProblemLoader Init config took 2.36s 
428246     INFO  main            d.u.i.k.p.i.AbstractProblemLoader Replaying proof simpleAssignment.key.proof 
428248     DEBUG main            d.u.i.k.p.i.IntermediateProofReplayer Proof replay took 550.5ns 
428249     DEBUG main            d.u.i.k.p.r.p.TestFile    ... success: reloaded. 
428249     INFO  main            d.u.i.k.p.r.p.TestFile    Now processing file /home/runner/work/key/key/key.core/../key.ui/examples/standard_key/java_dl/simpleAssignment2.key 
428249     INFO  main            d.u.i.k.p.i.AbstractProblemLoader Loading environment from /home/runner/work/key/key/key.core/../key.ui/examples/standard_key/java_dl/simpleAssignment2.key 
428249     DEBUG main            d.u.i.k.p.i.AbstractProblemLoader Environment load took 38.3ns 
428250     INFO  main            d.u.i.k.p.i.AbstractProblemLoader Creating init config 
430644     DEBUG main            d.u.i.k.p.i.AbstractProblemLoader Init config took 2.39s 
430656     INFO  main            d.u.i.k.p.i.AbstractProblemLoader Replaying proof simpleAssignment2.key 
430658     DEBUG main            d.u.i.k.p.i.IntermediateProofReplayer Proof replay took 2.3ns 
430760     INFO  main            d.u.i.k.p.r.p.TestFile    ... finished proof: closed. 
431176     INFO  main            d.u.i.k.p.i.AbstractProblemLoader Loading environment from /home/runner/work/key/key/key.core/../key.ui/examples/standard_key/java_dl/simpleAssignment2.key.proof 
431176     DEBUG main            d.u.i.k.p.i.AbstractProblemLoader Environment load took 66.9ns 
431177     INFO  main            d.u.i.k.p.i.AbstractProblemLoader Creating init config 
433535     DEBUG main            d.u.i.k.p.i.AbstractProblemLoader Init config took 2.36s 
433547     INFO  main            d.u.i.k.p.i.AbstractProblemLoader Replaying proof simpleAssignment2.key.proof 
433549     DEBUG main            d.u.i.k.p.i.IntermediateProofReplayer Proof replay took 312.2ns 
433549     DEBUG main            d.u.i.k.p.r.p.TestFile    ... success: reloaded. 
433550     INFO  main            d.u.i.k.p.r.p.TestFile    Now processing file /home/runner/work/key/key/key.core/../key.ui/examples/standard_key/java_dl/splittingWithQueries.key 
433550     INFO  main            d.u.i.k.p.i.AbstractProblemLoader Loading environment from /home/runner/work/key/key/key.core/../key.ui/examples/standard_key/java_dl/splittingWithQueries.key 
433550     DEBUG main            d.u.i.k.p.i.AbstractProblemLoader Environment load took 37.7ns 
433552     INFO  main            d.u.i.k.p.i.AbstractProblemLoader Creating init config 
435992     DEBUG main            d.u.i.k.p.i.AbstractProblemLoader Init config took 2.44s 
436003     INFO  main            d.u.i.k.p.i.AbstractProblemLoader Replaying proof splittingWithQueries.key 
436004     DEBUG main            d.u.i.k.p.i.IntermediateProofReplayer Proof replay took 2.6ns 
436106     INFO  main            d.u.i.k.p.r.p.TestFile    ... finished proof: closed. 
436525     INFO  main            d.u.i.k.p.i.AbstractProblemLoader Loading environment from /home/runner/work/key/key/key.core/../key.ui/examples/standard_key/java_dl/splittingWithQueries.key.proof 
436525     DEBUG main            d.u.i.k.p.i.AbstractProblemLoader Environment load took 77.9ns 
436526     INFO  main            d.u.i.k.p.i.AbstractProblemLoader Creating init config 
438941     DEBUG main            d.u.i.k.p.i.AbstractProblemLoader Init config took 2.42s 
438953     INFO  main            d.u.i.k.p.i.AbstractProblemLoader Replaying proof splittingWithQueries.key.proof 
438955     DEBUG main            d.u.i.k.p.i.IntermediateProofReplayer Proof replay took 1.44ms 
438956     DEBUG main            d.u.i.k.p.r.p.TestFile    ... success: reloaded. 
438957     INFO  main            d.u.i.k.p.r.p.TestFile    Now processing file /home/runner/work/key/key/key.core/../key.ui/examples/standard_key/java_dl/strassen/strassen.key 
438957     INFO  main            d.u.i.k.p.i.AbstractProblemLoader Loading environment from /home/runner/work/key/key/key.core/../key.ui/examples/standard_key/java_dl/strassen/strassen.key 
438957     DEBUG main            d.u.i.k.p.i.AbstractProblemLoader Environment load took 128ns 
438958     INFO  main            d.u.i.k.p.i.AbstractProblemLoader Creating init config 
441493     DEBUG main            d.u.i.k.p.i.AbstractProblemLoader Init config took 2.53s 
441526     INFO  main            d.u.i.k.p.i.AbstractProblemLoader Replaying proof Matrix22[Matrix22::strassen(Matrix22,Matrix22)].JML normal_behavior operation contract.0 
441527     DEBUG main            d.u.i.k.p.i.IntermediateProofReplayer Proof replay took 2.5ns 
446035     INFO  main            d.u.i.k.p.r.p.TestFile    ... finished proof: closed. 
446592     INFO  main            d.u.i.k.p.i.AbstractProblemLoader Loading environment from /home/runner/work/key/key/key.core/../key.ui/examples/standard_key/java_dl/strassen/strassen.key.proof 
446592     DEBUG main            d.u.i.k.p.i.AbstractProblemLoader Environment load took 86.2ns 
446594     INFO  main            d.u.i.k.p.i.AbstractProblemLoader Creating init config 
449089     DEBUG main            d.u.i.k.p.i.AbstractProblemLoader Init config took 2.5s 
449122     INFO  main            d.u.i.k.p.i.AbstractProblemLoader Replaying proof Matrix22[Matrix22::strassen(Matrix22,Matrix22)].JML normal_behavior operation contract.0 
449787     DEBUG main            d.u.i.k.p.i.IntermediateProofReplayer Proof replay took 655.21ms 
449788     DEBUG main            d.u.i.k.p.r.p.TestFile    ... success: reloaded. 
449789     INFO  main            d.u.i.k.p.r.p.TestFile    Now processing file /home/runner/work/key/key/key.core/../key.ui/examples/standard_key/java_dl/symmArray.key 
449790     INFO  main            d.u.i.k.p.i.AbstractProblemLoader Loading environment from /home/runner/work/key/key/key.core/../key.ui/examples/standard_key/java_dl/symmArray.key 
449790     DEBUG main            d.u.i.k.p.i.AbstractProblemLoader Environment load took 144.7ns 
449793     INFO  main            d.u.i.k.p.i.AbstractProblemLoader Creating init config 
452356     DEBUG main            d.u.i.k.p.i.AbstractProblemLoader Init config took 2.56s 
452370     INFO  main            d.u.i.k.p.i.AbstractProblemLoader Replaying proof symmArray.key 
452372     DEBUG main            d.u.i.k.p.i.IntermediateProofReplayer Proof replay took 2.2ns 
540626     INFO  main            d.u.i.k.p.r.p.TestFile    ... finished proof: closed. 
541182     INFO  main            d.u.i.k.p.i.AbstractProblemLoader Loading environment from /home/runner/work/key/key/key.core/../key.ui/examples/standard_key/java_dl/symmArray.key.proof 
541183     DEBUG main            d.u.i.k.p.i.AbstractProblemLoader Environment load took 290.1ns 
541187     INFO  main            d.u.i.k.p.i.AbstractProblemLoader Creating init config 
543665     DEBUG main            d.u.i.k.p.i.AbstractProblemLoader Init config took 2.48s 
543680     INFO  main            d.u.i.k.p.i.AbstractProblemLoader Replaying proof symmArray.key.proof 
544686     DEBUG main            d.u.i.k.p.i.IntermediateProofReplayer Proof replay took 949.61ms 
544690     DEBUG main            d.u.i.k.p.r.p.TestFile    ... success: reloaded. 
544691     INFO  main            d.u.i.k.p.r.p.TestFile    Now processing file /home/runner/work/key/key/key.core/../key.ui/examples/standard_key/java_dl/testcontext.key 
544691     INFO  main            d.u.i.k.p.i.AbstractProblemLoader Loading environment from /home/runner/work/key/key/key.core/../key.ui/examples/standard_key/java_dl/testcontext.key 
544691     DEBUG main            d.u.i.k.p.i.AbstractProblemLoader Environment load took 60.8ns 
544692     INFO  main            d.u.i.k.p.i.AbstractProblemLoader Creating init config 
544709     WARN  main            d.u.i.k.j.r.KeYCrossReferenceNameInfo Datatype java.io.PrintStream declared twice: Once in FILE:/home/runner/work/key/key/key.core/../key.ui/examples/standard_key/java_dl/classpath/PrintStream.java and once in URL:file:/home/runner/work/key/key/key.core/build/resources/main/de/uka/ilkd/key/java/JavaRedux/java/io/PrintStream.java, Keeping one from URL:file:/home/runner/work/key/key/key.core/build/resources/main/de/uka/ilkd/key/java/JavaRedux/java/io/PrintStream.java 
544709     WARN  main            d.u.i.k.j.r.KeYCrossReferenceNameInfo Datatype java.io.InputStream declared twice: Once in FILE:/home/runner/work/key/key/key.core/../key.ui/examples/standard_key/java_dl/classpath/InputStream.java and once in URL:file:/home/runner/work/key/key/key.core/build/resources/main/de/uka/ilkd/key/java/JavaRedux/java/io/InputStream.java, Keeping one from URL:file:/home/runner/work/key/key/key.core/build/resources/main/de/uka/ilkd/key/java/JavaRedux/java/io/InputStream.java 
544709     WARN  main            d.u.i.k.j.r.KeYCrossReferenceNameInfo Datatype java.lang.System declared twice: Once in FILE:/home/runner/work/key/key/key.core/../key.ui/examples/standard_key/java_dl/classpath/System.java and once in URL:file:/home/runner/work/key/key/key.core/build/resources/main/de/uka/ilkd/key/java/JavaRedux/java/lang/System.java, Keeping one from URL:file:/home/runner/work/key/key/key.core/build/resources/main/de/uka/ilkd/key/java/JavaRedux/java/lang/System.java 
544712     DEBUG main            d.u.i.k.j.r.ClassFileDeclarationBuilder Parsing: package java.io; public class Closeable { } 
544712     DEBUG main            r.s.KeYCrossReferenceSourceInfo Dynamically created class: java.io.Closeable 
547215     DEBUG main            d.u.i.k.p.i.AbstractProblemLoader Init config took 2.52s 
547228     INFO  main            d.u.i.k.p.i.AbstractProblemLoader Replaying proof testcontext.key 
547229     DEBUG main            d.u.i.k.p.i.IntermediateProofReplayer Proof replay took 2.4ns 
547431     INFO  main            d.u.i.k.p.r.p.TestFile    ... finished proof: closed. 
547998     INFO  main            d.u.i.k.p.i.AbstractProblemLoader Loading environment from /home/runner/work/key/key/key.core/../key.ui/examples/standard_key/java_dl/testcontext.key.proof 
547998     DEBUG main            d.u.i.k.p.i.AbstractProblemLoader Environment load took 69.6ns 
547999     INFO  main            d.u.i.k.p.i.AbstractProblemLoader Creating init config 
548021     WARN  main            d.u.i.k.j.r.KeYCrossReferenceNameInfo Datatype java.io.PrintStream declared twice: Once in FILE:/home/runner/work/key/key/key.core/../key.ui/examples/standard_key/java_dl/classpath/PrintStream.java and once in URL:file:/home/runner/work/key/key/key.core/build/resources/main/de/uka/ilkd/key/java/JavaRedux/java/io/PrintStream.java, Keeping one from URL:file:/home/runner/work/key/key/key.core/build/resources/main/de/uka/ilkd/key/java/JavaRedux/java/io/PrintStream.java 
548021     WARN  main            d.u.i.k.j.r.KeYCrossReferenceNameInfo Datatype java.io.InputStream declared twice: Once in FILE:/home/runner/work/key/key/key.core/../key.ui/examples/standard_key/java_dl/classpath/InputStream.java and once in URL:file:/home/runner/work/key/key/key.core/build/resources/main/de/uka/ilkd/key/java/JavaRedux/java/io/InputStream.java, Keeping one from URL:file:/home/runner/work/key/key/key.core/build/resources/main/de/uka/ilkd/key/java/JavaRedux/java/io/InputStream.java 
548021     WARN  main            d.u.i.k.j.r.KeYCrossReferenceNameInfo Datatype java.lang.System declared twice: Once in FILE:/home/runner/work/key/key/key.core/../key.ui/examples/standard_key/java_dl/classpath/System.java and once in URL:file:/home/runner/work/key/key/key.core/build/resources/main/de/uka/ilkd/key/java/JavaRedux/java/lang/System.java, Keeping one from URL:file:/home/runner/work/key/key/key.core/build/resources/main/de/uka/ilkd/key/java/JavaRedux/java/lang/System.java 
548024     DEBUG main            d.u.i.k.j.r.ClassFileDeclarationBuilder Parsing: package java.io; public class Closeable { } 
548024     DEBUG main            r.s.KeYCrossReferenceSourceInfo Dynamically created class: java.io.Closeable 
550405     DEBUG main            d.u.i.k.p.i.AbstractProblemLoader Init config took 2.41s 
550418     INFO  main            d.u.i.k.p.i.AbstractProblemLoader Replaying proof testcontext.key.proof 
550468     DEBUG main            d.u.i.k.p.i.IntermediateProofReplayer Proof replay took 47.89ms 
550469     DEBUG main            d.u.i.k.p.r.p.TestFile    ... success: reloaded. 
550469     INFO  main            d.u.i.k.p.r.p.TestFile    Now processing file /home/runner/work/key/key/key.core/../key.ui/examples/standard_key/staticInitialisation/cascadeStaticInitialisation.key 
550469     INFO  main            d.u.i.k.p.i.AbstractProblemLoader Loading environment from /home/runner/work/key/key/key.core/../key.ui/examples/standard_key/staticInitialisation/cascadeStaticInitialisation.key 
550470     DEBUG main            d.u.i.k.p.i.AbstractProblemLoader Environment load took 62.5ns 
550472     INFO  main            d.u.i.k.p.i.AbstractProblemLoader Creating init config 
550488     WARN  main            d.u.i.k.j.r.KeYCrossReferenceNameInfo Datatype java.io.PrintStream declared twice: Once in FILE:/home/runner/work/key/key/key.core/../key.ui/examples/standard_key/staticInitialisation/classpath/PrintStream.java and once in URL:file:/home/runner/work/key/key/key.core/build/resources/main/de/uka/ilkd/key/java/JavaRedux/java/io/PrintStream.java, Keeping one from URL:file:/home/runner/work/key/key/key.core/build/resources/main/de/uka/ilkd/key/java/JavaRedux/java/io/PrintStream.java 
550488     WARN  main            d.u.i.k.j.r.KeYCrossReferenceNameInfo Datatype java.lang.System declared twice: Once in FILE:/home/runner/work/key/key/key.core/../key.ui/examples/standard_key/staticInitialisation/classpath/System.java and once in URL:file:/home/runner/work/key/key/key.core/build/resources/main/de/uka/ilkd/key/java/JavaRedux/java/lang/System.java, Keeping one from URL:file:/home/runner/work/key/key/key.core/build/resources/main/de/uka/ilkd/key/java/JavaRedux/java/lang/System.java 
552912     DEBUG main            d.u.i.k.p.i.AbstractProblemLoader Init config took 2.44s 
552925     INFO  main            d.u.i.k.p.i.AbstractProblemLoader Replaying proof cascadeStaticInitialisation.key 
552926     DEBUG main            d.u.i.k.p.i.IntermediateProofReplayer Proof replay took 2.9ns 
553530     INFO  main            d.u.i.k.p.r.p.TestFile    ... finished proof: closed. 
554030     INFO  main            d.u.i.k.p.i.AbstractProblemLoader Loading environment from /home/runner/work/key/key/key.core/../key.ui/examples/standard_key/staticInitialisation/cascadeStaticInitialisation.key.proof 
554030     DEBUG main            d.u.i.k.p.i.AbstractProblemLoader Environment load took 71.6ns 
554032     INFO  main            d.u.i.k.p.i.AbstractProblemLoader Creating init config 
554049     WARN  main            d.u.i.k.j.r.KeYCrossReferenceNameInfo Datatype java.io.PrintStream declared twice: Once in FILE:/home/runner/work/key/key/key.core/../key.ui/examples/standard_key/staticInitialisation/classpath/PrintStream.java and once in URL:file:/home/runner/work/key/key/key.core/build/resources/main/de/uka/ilkd/key/java/JavaRedux/java/io/PrintStream.java, Keeping one from URL:file:/home/runner/work/key/key/key.core/build/resources/main/de/uka/ilkd/key/java/JavaRedux/java/io/PrintStream.java 
554050     WARN  main            d.u.i.k.j.r.KeYCrossReferenceNameInfo Datatype java.lang.System declared twice: Once in FILE:/home/runner/work/key/key/key.core/../key.ui/examples/standard_key/staticInitialisation/classpath/System.java and once in URL:file:/home/runner/work/key/key/key.core/build/resources/main/de/uka/ilkd/key/java/JavaRedux/java/lang/System.java, Keeping one from URL:file:/home/runner/work/key/key/key.core/build/resources/main/de/uka/ilkd/key/java/JavaRedux/java/lang/System.java 
556429     DEBUG main            d.u.i.k.p.i.AbstractProblemLoader Init config took 2.4s 
556441     INFO  main            d.u.i.k.p.i.AbstractProblemLoader Replaying proof cascadeStaticInitialisation.key.proof 
556585     DEBUG main            d.u.i.k.p.i.IntermediateProofReplayer Proof replay took 141.28ms 
556586     DEBUG main            d.u.i.k.p.r.p.TestFile    ... success: reloaded. 
556587     INFO  main            d.u.i.k.p.r.p.TestFile    Now processing file /home/runner/work/key/key/key.core/../key.ui/examples/standard_key/staticInitialisation/erroneousClassImpliesErroneousSubclass.key 
556587     INFO  main            d.u.i.k.p.i.AbstractProblemLoader Loading environment from /home/runner/work/key/key/key.core/../key.ui/examples/standard_key/staticInitialisation/erroneousClassImpliesErroneousSubclass.key 
556587     DEBUG main            d.u.i.k.p.i.AbstractProblemLoader Environment load took 42.5ns 
556588     INFO  main            d.u.i.k.p.i.AbstractProblemLoader Creating init config 
556605     WARN  main            d.u.i.k.j.r.KeYCrossReferenceNameInfo Datatype java.io.PrintStream declared twice: Once in FILE:/home/runner/work/key/key/key.core/../key.ui/examples/standard_key/staticInitialisation/classpath/PrintStream.java and once in URL:file:/home/runner/work/key/key/key.core/build/resources/main/de/uka/ilkd/key/java/JavaRedux/java/io/PrintStream.java, Keeping one from URL:file:/home/runner/work/key/key/key.core/build/resources/main/de/uka/ilkd/key/java/JavaRedux/java/io/PrintStream.java 
556605     WARN  main            d.u.i.k.j.r.KeYCrossReferenceNameInfo Datatype java.lang.System declared twice: Once in FILE:/home/runner/work/key/key/key.core/../key.ui/examples/standard_key/staticInitialisation/classpath/System.java and once in URL:file:/home/runner/work/key/key/key.core/build/resources/main/de/uka/ilkd/key/java/JavaRedux/java/lang/System.java, Keeping one from URL:file:/home/runner/work/key/key/key.core/build/resources/main/de/uka/ilkd/key/java/JavaRedux/java/lang/System.java 
559006     DEBUG main            d.u.i.k.p.i.AbstractProblemLoader Init config took 2.42s 
559037     INFO  main            d.u.i.k.p.i.AbstractProblemLoader Replaying proof erroneousClassImpliesErroneousSubclass.key 
559038     DEBUG main            d.u.i.k.p.i.IntermediateProofReplayer Proof replay took 2.8ns 
559141     INFO  main            d.u.i.k.p.r.p.TestFile    ... finished proof: closed. 
559623     INFO  main            d.u.i.k.p.i.AbstractProblemLoader Loading environment from /home/runner/work/key/key/key.core/../key.ui/examples/standard_key/staticInitialisation/erroneousClassImpliesErroneousSubclass.key.proof 
559623     DEBUG main            d.u.i.k.p.i.AbstractProblemLoader Environment load took 80.6ns 
559624     INFO  main            d.u.i.k.p.i.AbstractProblemLoader Creating init config 
559641     WARN  main            d.u.i.k.j.r.KeYCrossReferenceNameInfo Datatype java.io.PrintStream declared twice: Once in FILE:/home/runner/work/key/key/key.core/../key.ui/examples/standard_key/staticInitialisation/classpath/PrintStream.java and once in URL:file:/home/runner/work/key/key/key.core/build/resources/main/de/uka/ilkd/key/java/JavaRedux/java/io/PrintStream.java, Keeping one from URL:file:/home/runner/work/key/key/key.core/build/resources/main/de/uka/ilkd/key/java/JavaRedux/java/io/PrintStream.java 
559641     WARN  main            d.u.i.k.j.r.KeYCrossReferenceNameInfo Datatype java.lang.System declared twice: Once in FILE:/home/runner/work/key/key/key.core/../key.ui/examples/standard_key/staticInitialisation/classpath/System.java and once in URL:file:/home/runner/work/key/key/key.core/build/resources/main/de/uka/ilkd/key/java/JavaRedux/java/lang/System.java, Keeping one from URL:file:/home/runner/work/key/key/key.core/build/resources/main/de/uka/ilkd/key/java/JavaRedux/java/lang/System.java 
562092     DEBUG main            d.u.i.k.p.i.AbstractProblemLoader Init config took 2.47s 
562104     INFO  main            d.u.i.k.p.i.AbstractProblemLoader Replaying proof erroneousClassImpliesErroneousSubclass.key.proof 
562105     DEBUG main            d.u.i.k.p.i.IntermediateProofReplayer Proof replay took 432.4ns 
562106     DEBUG main            d.u.i.k.p.r.p.TestFile    ... success: reloaded. 
562107     INFO  main            d.u.i.k.p.r.p.TestFile    Now processing file /home/runner/work/key/key/key.core/../key.ui/examples/standard_key/staticInitialisation/initializedSubclassImpliesInitializedSuperclass.key 
562107     INFO  main            d.u.i.k.p.i.AbstractProblemLoader Loading environment from /home/runner/work/key/key/key.core/../key.ui/examples/standard_key/staticInitialisation/initializedSubclassImpliesInitializedSuperclass.key 
562107     DEBUG main            d.u.i.k.p.i.AbstractProblemLoader Environment load took 34.6ns 
562108     INFO  main            d.u.i.k.p.i.AbstractProblemLoader Creating init config 
562124     WARN  main            d.u.i.k.j.r.KeYCrossReferenceNameInfo Datatype java.io.PrintStream declared twice: Once in FILE:/home/runner/work/key/key/key.core/../key.ui/examples/standard_key/staticInitialisation/classpath/PrintStream.java and once in URL:file:/home/runner/work/key/key/key.core/build/resources/main/de/uka/ilkd/key/java/JavaRedux/java/io/PrintStream.java, Keeping one from URL:file:/home/runner/work/key/key/key.core/build/resources/main/de/uka/ilkd/key/java/JavaRedux/java/io/PrintStream.java 
562124     WARN  main            d.u.i.k.j.r.KeYCrossReferenceNameInfo Datatype java.lang.System declared twice: Once in FILE:/home/runner/work/key/key/key.core/../key.ui/examples/standard_key/staticInitialisation/classpath/System.java and once in URL:file:/home/runner/work/key/key/key.core/build/resources/main/de/uka/ilkd/key/java/JavaRedux/java/lang/System.java, Keeping one from URL:file:/home/runner/work/key/key/key.core/build/resources/main/de/uka/ilkd/key/java/JavaRedux/java/lang/System.java 
564633     DEBUG main            d.u.i.k.p.i.AbstractProblemLoader Init config took 2.53s 
564645     INFO  main            d.u.i.k.p.i.AbstractProblemLoader Replaying proof initializedSubclassImpliesInitializedSuperclass.key 
564646     DEBUG main            d.u.i.k.p.i.IntermediateProofReplayer Proof replay took 2.8ns 
564747     INFO  main            d.u.i.k.p.r.p.TestFile    ... finished proof: closed. 
565207     INFO  main            d.u.i.k.p.i.AbstractProblemLoader Loading environment from /home/runner/work/key/key/key.core/../key.ui/examples/standard_key/staticInitialisation/initializedSubclassImpliesInitializedSuperclass.key.proof 
565207     DEBUG main            d.u.i.k.p.i.AbstractProblemLoader Environment load took 66.7ns 
565208     INFO  main            d.u.i.k.p.i.AbstractProblemLoader Creating init config 
565225     WARN  main            d.u.i.k.j.r.KeYCrossReferenceNameInfo Datatype java.io.PrintStream declared twice: Once in FILE:/home/runner/work/key/key/key.core/../key.ui/examples/standard_key/staticInitialisation/classpath/PrintStream.java and once in URL:file:/home/runner/work/key/key/key.core/build/resources/main/de/uka/ilkd/key/java/JavaRedux/java/io/PrintStream.java, Keeping one from URL:file:/home/runner/work/key/key/key.core/build/resources/main/de/uka/ilkd/key/java/JavaRedux/java/io/PrintStream.java 
565225     WARN  main            d.u.i.k.j.r.KeYCrossReferenceNameInfo Datatype java.lang.System declared twice: Once in FILE:/home/runner/work/key/key/key.core/../key.ui/examples/standard_key/staticInitialisation/classpath/System.java and once in URL:file:/home/runner/work/key/key/key.core/build/resources/main/de/uka/ilkd/key/java/JavaRedux/java/lang/System.java, Keeping one from URL:file:/home/runner/work/key/key/key.core/build/resources/main/de/uka/ilkd/key/java/JavaRedux/java/lang/System.java 
567600     DEBUG main            d.u.i.k.p.i.AbstractProblemLoader Init config took 2.39s 
567612     INFO  main            d.u.i.k.p.i.AbstractProblemLoader Replaying proof initializedSubclassImpliesInitializedSuperclass.key.proof 
567613     DEBUG main            d.u.i.k.p.i.IntermediateProofReplayer Proof replay took 350ns 
567614     DEBUG main            d.u.i.k.p.r.p.TestFile    ... success: reloaded. 
567614     INFO  main            d.u.i.k.p.r.p.TestFile    Now processing file /home/runner/work/key/key/key.core/../key.ui/examples/standard_key/staticInitialisation/localDeclared.key 
567614     INFO  main            d.u.i.k.p.i.AbstractProblemLoader Loading environment from /home/runner/work/key/key/key.core/../key.ui/examples/standard_key/staticInitialisation/localDeclared.key 
567614     DEBUG main            d.u.i.k.p.i.AbstractProblemLoader Environment load took 52.1ns 
567616     INFO  main            d.u.i.k.p.i.AbstractProblemLoader Creating init config 
567632     WARN  main            d.u.i.k.j.r.KeYCrossReferenceNameInfo Datatype java.io.PrintStream declared twice: Once in FILE:/home/runner/work/key/key/key.core/../key.ui/examples/standard_key/staticInitialisation/classpath/PrintStream.java and once in URL:file:/home/runner/work/key/key/key.core/build/resources/main/de/uka/ilkd/key/java/JavaRedux/java/io/PrintStream.java, Keeping one from URL:file:/home/runner/work/key/key/key.core/build/resources/main/de/uka/ilkd/key/java/JavaRedux/java/io/PrintStream.java 
567632     WARN  main            d.u.i.k.j.r.KeYCrossReferenceNameInfo Datatype java.lang.System declared twice: Once in FILE:/home/runner/work/key/key/key.core/../key.ui/examples/standard_key/staticInitialisation/classpath/System.java and once in URL:file:/home/runner/work/key/key/key.core/build/resources/main/de/uka/ilkd/key/java/JavaRedux/java/lang/System.java, Keeping one from URL:file:/home/runner/work/key/key/key.core/build/resources/main/de/uka/ilkd/key/java/JavaRedux/java/lang/System.java 
570035     DEBUG main            d.u.i.k.p.i.AbstractProblemLoader Init config took 2.42s 
570048     INFO  main            d.u.i.k.p.i.AbstractProblemLoader Replaying proof localDeclared.key 
570049     DEBUG main            d.u.i.k.p.i.IntermediateProofReplayer Proof replay took 2.4ns 
570252     INFO  main            d.u.i.k.p.r.p.TestFile    ... finished proof: closed. 
570724     INFO  main            d.u.i.k.p.i.AbstractProblemLoader Loading environment from /home/runner/work/key/key/key.core/../key.ui/examples/standard_key/staticInitialisation/localDeclared.key.proof 
570724     DEBUG main            d.u.i.k.p.i.AbstractProblemLoader Environment load took 74.3ns 
570725     INFO  main            d.u.i.k.p.i.AbstractProblemLoader Creating init config 
570741     WARN  main            d.u.i.k.j.r.KeYCrossReferenceNameInfo Datatype java.io.PrintStream declared twice: Once in FILE:/home/runner/work/key/key/key.core/../key.ui/examples/standard_key/staticInitialisation/classpath/PrintStream.java and once in URL:file:/home/runner/work/key/key/key.core/build/resources/main/de/uka/ilkd/key/java/JavaRedux/java/io/PrintStream.java, Keeping one from URL:file:/home/runner/work/key/key/key.core/build/resources/main/de/uka/ilkd/key/java/JavaRedux/java/io/PrintStream.java 
570741     WARN  main            d.u.i.k.j.r.KeYCrossReferenceNameInfo Datatype java.lang.System declared twice: Once in FILE:/home/runner/work/key/key/key.core/../key.ui/examples/standard_key/staticInitialisation/classpath/System.java and once in URL:file:/home/runner/work/key/key/key.core/build/resources/main/de/uka/ilkd/key/java/JavaRedux/java/lang/System.java, Keeping one from URL:file:/home/runner/work/key/key/key.core/build/resources/main/de/uka/ilkd/key/java/JavaRedux/java/lang/System.java 
573117     DEBUG main            d.u.i.k.p.i.AbstractProblemLoader Init config took 2.39s 
573130     INFO  main            d.u.i.k.p.i.AbstractProblemLoader Replaying proof localDeclared.key.proof 
573181     DEBUG main            d.u.i.k.p.i.IntermediateProofReplayer Proof replay took 49.59ms 
573182     DEBUG main            d.u.i.k.p.r.p.TestFile    ... success: reloaded. 
573183     INFO  main            d.u.i.k.p.r.p.TestFile    Now processing file /home/runner/work/key/key/key.core/../key.ui/examples/standard_key/staticInitialisation/localDeclaredMethod.key 
573183     INFO  main            d.u.i.k.p.i.AbstractProblemLoader Loading environment from /home/runner/work/key/key/key.core/../key.ui/examples/standard_key/staticInitialisation/localDeclaredMethod.key 
573183     DEBUG main            d.u.i.k.p.i.AbstractProblemLoader Environment load took 64ns 
573184     INFO  main            d.u.i.k.p.i.AbstractProblemLoader Creating init config 
573201     WARN  main            d.u.i.k.j.r.KeYCrossReferenceNameInfo Datatype java.io.PrintStream declared twice: Once in FILE:/home/runner/work/key/key/key.core/../key.ui/examples/standard_key/staticInitialisation/classpath/PrintStream.java and once in URL:file:/home/runner/work/key/key/key.core/build/resources/main/de/uka/ilkd/key/java/JavaRedux/java/io/PrintStream.java, Keeping one from URL:file:/home/runner/work/key/key/key.core/build/resources/main/de/uka/ilkd/key/java/JavaRedux/java/io/PrintStream.java 
573201     WARN  main            d.u.i.k.j.r.KeYCrossReferenceNameInfo Datatype java.lang.System declared twice: Once in FILE:/home/runner/work/key/key/key.core/../key.ui/examples/standard_key/staticInitialisation/classpath/System.java and once in URL:file:/home/runner/work/key/key/key.core/build/resources/main/de/uka/ilkd/key/java/JavaRedux/java/lang/System.java, Keeping one from URL:file:/home/runner/work/key/key/key.core/build/resources/main/de/uka/ilkd/key/java/JavaRedux/java/lang/System.java 
575609     DEBUG main            d.u.i.k.p.i.AbstractProblemLoader Init config took 2.42s 
575621     INFO  main            d.u.i.k.p.i.AbstractProblemLoader Replaying proof localDeclaredMethod.key 
575622     DEBUG main            d.u.i.k.p.i.IntermediateProofReplayer Proof replay took 2.5ns 
575825     INFO  main            d.u.i.k.p.r.p.TestFile    ... finished proof: closed. 
576315     INFO  main            d.u.i.k.p.i.AbstractProblemLoader Loading environment from /home/runner/work/key/key/key.core/../key.ui/examples/standard_key/staticInitialisation/localDeclaredMethod.key.proof 
576315     DEBUG main            d.u.i.k.p.i.AbstractProblemLoader Environment load took 75.8ns 
576316     INFO  main            d.u.i.k.p.i.AbstractProblemLoader Creating init config 
576332     WARN  main            d.u.i.k.j.r.KeYCrossReferenceNameInfo Datatype java.io.PrintStream declared twice: Once in FILE:/home/runner/work/key/key/key.core/../key.ui/examples/standard_key/staticInitialisation/classpath/PrintStream.java and once in URL:file:/home/runner/work/key/key/key.core/build/resources/main/de/uka/ilkd/key/java/JavaRedux/java/io/PrintStream.java, Keeping one from URL:file:/home/runner/work/key/key/key.core/build/resources/main/de/uka/ilkd/key/java/JavaRedux/java/io/PrintStream.java 
576332     WARN  main            d.u.i.k.j.r.KeYCrossReferenceNameInfo Datatype java.lang.System declared twice: Once in FILE:/home/runner/work/key/key/key.core/../key.ui/examples/standard_key/staticInitialisation/classpath/System.java and once in URL:file:/home/runner/work/key/key/key.core/build/resources/main/de/uka/ilkd/key/java/JavaRedux/java/lang/System.java, Keeping one from URL:file:/home/runner/work/key/key/key.core/build/resources/main/de/uka/ilkd/key/java/JavaRedux/java/lang/System.java 
578708     DEBUG main            d.u.i.k.p.i.AbstractProblemLoader Init config took 2.39s 
578721     INFO  main            d.u.i.k.p.i.AbstractProblemLoader Replaying proof localDeclaredMethod.key.proof 
578768     DEBUG main            d.u.i.k.p.i.IntermediateProofReplayer Proof replay took 45.41ms 
578769     DEBUG main            d.u.i.k.p.r.p.TestFile    ... success: reloaded. 
578769     INFO  main            d.u.i.k.p.r.p.TestFile    Now processing file /home/runner/work/key/key/key.core/../key.ui/examples/standard_key/staticInitialisation/objectOfErroneousClass.key 
578770     INFO  main            d.u.i.k.p.i.AbstractProblemLoader Loading environment from /home/runner/work/key/key/key.core/../key.ui/examples/standard_key/staticInitialisation/objectOfErroneousClass.key 
578770     DEBUG main            d.u.i.k.p.i.AbstractProblemLoader Environment load took 76.9ns 
578771     INFO  main            d.u.i.k.p.i.AbstractProblemLoader Creating init config 
578787     WARN  main            d.u.i.k.j.r.KeYCrossReferenceNameInfo Datatype java.io.PrintStream declared twice: Once in FILE:/home/runner/work/key/key/key.core/../key.ui/examples/standard_key/staticInitialisation/classpath/PrintStream.java and once in URL:file:/home/runner/work/key/key/key.core/build/resources/main/de/uka/ilkd/key/java/JavaRedux/java/io/PrintStream.java, Keeping one from URL:file:/home/runner/work/key/key/key.core/build/resources/main/de/uka/ilkd/key/java/JavaRedux/java/io/PrintStream.java 
578787     WARN  main            d.u.i.k.j.r.KeYCrossReferenceNameInfo Datatype java.lang.System declared twice: Once in FILE:/home/runner/work/key/key/key.core/../key.ui/examples/standard_key/staticInitialisation/classpath/System.java and once in URL:file:/home/runner/work/key/key/key.core/build/resources/main/de/uka/ilkd/key/java/JavaRedux/java/lang/System.java, Keeping one from URL:file:/home/runner/work/key/key/key.core/build/resources/main/de/uka/ilkd/key/java/JavaRedux/java/lang/System.java 
581207     DEBUG main            d.u.i.k.p.i.AbstractProblemLoader Init config took 2.44s 
581221     INFO  main            d.u.i.k.p.i.AbstractProblemLoader Replaying proof objectOfErroneousClass.key 
581224     DEBUG main            d.u.i.k.p.i.IntermediateProofReplayer Proof replay took 2.8ns 
593084     INFO  main            d.u.i.k.p.r.p.TestFile    ... finished proof: closed. 
593635     INFO  main            d.u.i.k.p.i.AbstractProblemLoader Loading environment from /home/runner/work/key/key/key.core/../key.ui/examples/standard_key/staticInitialisation/objectOfErroneousClass.key.proof 
593636     DEBUG main            d.u.i.k.p.i.AbstractProblemLoader Environment load took 271.4ns 
593638     INFO  main            d.u.i.k.p.i.AbstractProblemLoader Creating init config 
593655     WARN  main            d.u.i.k.j.r.KeYCrossReferenceNameInfo Datatype java.io.PrintStream declared twice: Once in FILE:/home/runner/work/key/key/key.core/../key.ui/examples/standard_key/staticInitialisation/classpath/PrintStream.java and once in URL:file:/home/runner/work/key/key/key.core/build/resources/main/de/uka/ilkd/key/java/JavaRedux/java/io/PrintStream.java, Keeping one from URL:file:/home/runner/work/key/key/key.core/build/resources/main/de/uka/ilkd/key/java/JavaRedux/java/io/PrintStream.java 
593656     WARN  main            d.u.i.k.j.r.KeYCrossReferenceNameInfo Datatype java.lang.System declared twice: Once in FILE:/home/runner/work/key/key/key.core/../key.ui/examples/standard_key/staticInitialisation/classpath/System.java and once in URL:file:/home/runner/work/key/key/key.core/build/resources/main/de/uka/ilkd/key/java/JavaRedux/java/lang/System.java, Keeping one from URL:file:/home/runner/work/key/key/key.core/build/resources/main/de/uka/ilkd/key/java/JavaRedux/java/lang/System.java 
596050     DEBUG main            d.u.i.k.p.i.AbstractProblemLoader Init config took 2.41s 
596064     INFO  main            d.u.i.k.p.i.AbstractProblemLoader Replaying proof objectOfErroneousClass.key.proof 
598023     DEBUG main            d.u.i.k.p.i.IntermediateProofReplayer Proof replay took 1.93s 
598026     DEBUG main            d.u.i.k.p.r.p.TestFile    ... success: reloaded. 
598027     INFO  main            d.u.i.k.p.r.p.TestFile    Now processing file /home/runner/work/key/key/key.core/../key.ui/examples/standard_key/staticInitialisation/staticInitialisersAreNonSimple.key 
598027     INFO  main            d.u.i.k.p.i.AbstractProblemLoader Loading environment from /home/runner/work/key/key/key.core/../key.ui/examples/standard_key/staticInitialisation/staticInitialisersAreNonSimple.key 
598027     DEBUG main            d.u.i.k.p.i.AbstractProblemLoader Environment load took 130.7ns 
598029     INFO  main            d.u.i.k.p.i.AbstractProblemLoader Creating init config 
598046     WARN  main            d.u.i.k.j.r.KeYCrossReferenceNameInfo Datatype java.io.PrintStream declared twice: Once in FILE:/home/runner/work/key/key/key.core/../key.ui/examples/standard_key/staticInitialisation/classpath/PrintStream.java and once in URL:file:/home/runner/work/key/key/key.core/build/resources/main/de/uka/ilkd/key/java/JavaRedux/java/io/PrintStream.java, Keeping one from URL:file:/home/runner/work/key/key/key.core/build/resources/main/de/uka/ilkd/key/java/JavaRedux/java/io/PrintStream.java 
598046     WARN  main            d.u.i.k.j.r.KeYCrossReferenceNameInfo Datatype java.lang.System declared twice: Once in FILE:/home/runner/work/key/key/key.core/../key.ui/examples/standard_key/staticInitialisation/classpath/System.java and once in URL:file:/home/runner/work/key/key/key.core/build/resources/main/de/uka/ilkd/key/java/JavaRedux/java/lang/System.java, Keeping one from URL:file:/home/runner/work/key/key/key.core/build/resources/main/de/uka/ilkd/key/java/JavaRedux/java/lang/System.java 
600529     DEBUG main            d.u.i.k.p.i.AbstractProblemLoader Init config took 2.5s 
600542     INFO  main            d.u.i.k.p.i.AbstractProblemLoader Replaying proof staticInitialisersAreNonSimple.key 
600543     DEBUG main            d.u.i.k.p.i.IntermediateProofReplayer Proof replay took 2.7ns 
600846     INFO  main            d.u.i.k.p.r.p.TestFile    ... finished proof: closed. 
601400     INFO  main            d.u.i.k.p.i.AbstractProblemLoader Loading environment from /home/runner/work/key/key/key.core/../key.ui/examples/standard_key/staticInitialisation/staticInitialisersAreNonSimple.key.proof 
601400     DEBUG main            d.u.i.k.p.i.AbstractProblemLoader Environment load took 66.3ns 
601401     INFO  main            d.u.i.k.p.i.AbstractProblemLoader Creating init config 
601419     WARN  main            d.u.i.k.j.r.KeYCrossReferenceNameInfo Datatype java.io.PrintStream declared twice: Once in FILE:/home/runner/work/key/key/key.core/../key.ui/examples/standard_key/staticInitialisation/classpath/PrintStream.java and once in URL:file:/home/runner/work/key/key/key.core/build/resources/main/de/uka/ilkd/key/java/JavaRedux/java/io/PrintStream.java, Keeping one from URL:file:/home/runner/work/key/key/key.core/build/resources/main/de/uka/ilkd/key/java/JavaRedux/java/io/PrintStream.java 
601419     WARN  main            d.u.i.k.j.r.KeYCrossReferenceNameInfo Datatype java.lang.System declared twice: Once in FILE:/home/runner/work/key/key/key.core/../key.ui/examples/standard_key/staticInitialisation/classpath/System.java and once in URL:file:/home/runner/work/key/key/key.core/build/resources/main/de/uka/ilkd/key/java/JavaRedux/java/lang/System.java, Keeping one from URL:file:/home/runner/work/key/key/key.core/build/resources/main/de/uka/ilkd/key/java/JavaRedux/java/lang/System.java 
603812     DEBUG main            d.u.i.k.p.i.AbstractProblemLoader Init config took 2.41s 
603825     INFO  main            d.u.i.k.p.i.AbstractProblemLoader Replaying proof staticInitialisersAreNonSimple.key.proof 
603893     DEBUG main            d.u.i.k.p.i.IntermediateProofReplayer Proof replay took 65.86ms 
603894     DEBUG main            d.u.i.k.p.r.p.TestFile    ... success: reloaded. 
603895     INFO  main            d.u.i.k.p.r.p.TestFile    Now processing file /home/runner/work/key/key/key.core/../key.ui/examples/standard_key/types/disjoint.key 
603895     INFO  main            d.u.i.k.p.i.AbstractProblemLoader Loading environment from /home/runner/work/key/key/key.core/../key.ui/examples/standard_key/types/disjoint.key 
603895     DEBUG main            d.u.i.k.p.i.AbstractProblemLoader Environment load took 89.4ns 
603896     INFO  main            d.u.i.k.p.i.AbstractProblemLoader Creating init config 
606283     DEBUG main            d.u.i.k.p.i.AbstractProblemLoader Init config took 2.39s 
606294     INFO  main            d.u.i.k.p.i.AbstractProblemLoader Replaying proof disjoint.key 
606295     DEBUG main            d.u.i.k.p.i.IntermediateProofReplayer Proof replay took 2.4ns 
606397     INFO  main            d.u.i.k.p.r.p.TestFile    ... finished proof: closed. 
606888     INFO  main            d.u.i.k.p.i.AbstractProblemLoader Loading environment from /home/runner/work/key/key/key.core/../key.ui/examples/standard_key/types/disjoint.key.proof 
606888     DEBUG main            d.u.i.k.p.i.AbstractProblemLoader Environment load took 69.7ns 
606889     INFO  main            d.u.i.k.p.i.AbstractProblemLoader Creating init config 
609227     DEBUG main            d.u.i.k.p.i.AbstractProblemLoader Init config took 2.34s 
609238     INFO  main            d.u.i.k.p.i.AbstractProblemLoader Replaying proof disjoint.key.proof 
609240     DEBUG main            d.u.i.k.p.i.IntermediateProofReplayer Proof replay took 449.2ns 
609240     DEBUG main            d.u.i.k.p.r.p.TestFile    ... success: reloaded. 
609241     INFO  main            d.u.i.k.p.r.p.TestFile    Now processing file /home/runner/work/key/key/key.core/../key.ui/examples/../../key.core/src/test/resources/testcase/classpath/classpath.key 
609241     INFO  main            d.u.i.k.p.i.AbstractProblemLoader Loading environment from /home/runner/work/key/key/key.core/../key.ui/examples/../../key.core/src/test/resources/testcase/classpath/classpath.key 
609241     DEBUG main            d.u.i.k.p.i.AbstractProblemLoader Environment load took 84.7ns 
609242     INFO  main            d.u.i.k.p.i.AbstractProblemLoader Creating init config 
609260     WARN  main            d.u.i.k.j.r.KeYCrossReferenceNameInfo Datatype cp.C declared twice: Once in FILE:/home/runner/work/key/key/key.core/../key.ui/examples/../../key.core/src/test/resources/testcase/classpath/classpath/C.class and once in FILE:/home/runner/work/key/key/key.core/../key.ui/examples/../../key.core/src/test/resources/testcase/classpath/classpath/C.jml, Keeping one from FILE:/home/runner/work/key/key/key.core/../key.ui/examples/../../key.core/src/test/resources/testcase/classpath/classpath/C.jml 
609263     DEBUG main            d.u.i.k.j.r.ClassFileDeclarationBuilder Parsing: package cp; public class Unresolved1 { } 
609263     DEBUG main            r.s.KeYCrossReferenceSourceInfo Dynamically created class: cp.Unresolved1 
609263     DEBUG main            d.u.i.k.j.r.ClassFileDeclarationBuilder Parsing: package cp; public class Unresolved2 { } 
609263     DEBUG main            r.s.KeYCrossReferenceSourceInfo Dynamically created class: cp.Unresolved2 
611778     DEBUG main            d.u.i.k.p.i.AbstractProblemLoader Init config took 2.54s 
611791     INFO  main            d.u.i.k.p.i.AbstractProblemLoader Replaying proof classpath.key 
611792     DEBUG main            d.u.i.k.p.i.IntermediateProofReplayer Proof replay took 2.4ns 
611899     INFO  main            d.u.i.k.p.r.p.TestFile    ... finished proof: closed. 
612414     INFO  main            d.u.i.k.p.i.AbstractProblemLoader Loading environment from /home/runner/work/key/key/key.core/../key.ui/examples/../../key.core/src/test/resources/testcase/classpath/classpath.key.proof 
612414     DEBUG main            d.u.i.k.p.i.AbstractProblemLoader Environment load took 72.6ns 
612414     INFO  main            d.u.i.k.p.i.AbstractProblemLoader Creating init config 
612435     WARN  main            d.u.i.k.j.r.KeYCrossReferenceNameInfo Datatype cp.C declared twice: Once in FILE:/home/runner/work/key/key/key.core/../key.ui/examples/../../key.core/src/test/resources/testcase/classpath/classpath/C.class and once in FILE:/home/runner/work/key/key/key.core/../key.ui/examples/../../key.core/src/test/resources/testcase/classpath/classpath/C.jml, Keeping one from FILE:/home/runner/work/key/key/key.core/../key.ui/examples/../../key.core/src/test/resources/testcase/classpath/classpath/C.jml 
612438     DEBUG main            d.u.i.k.j.r.ClassFileDeclarationBuilder Parsing: package cp; public class Unresolved1 { } 
612438     DEBUG main            r.s.KeYCrossReferenceSourceInfo Dynamically created class: cp.Unresolved1 
612439     DEBUG main            d.u.i.k.j.r.ClassFileDeclarationBuilder Parsing: package cp; public class Unresolved2 { } 
612439     DEBUG main            r.s.KeYCrossReferenceSourceInfo Dynamically created class: cp.Unresolved2 
614903     DEBUG main            d.u.i.k.p.i.AbstractProblemLoader Init config took 2.49s 
614916     INFO  main            d.u.i.k.p.i.AbstractProblemLoader Replaying proof classpath.key.proof 
614917     DEBUG main            d.u.i.k.p.i.IntermediateProofReplayer Proof replay took 443.7ns 
614918     DEBUG main            d.u.i.k.p.r.p.TestFile    ... success: reloaded. 
614919     INFO  main            d.u.i.k.p.r.p.TestFile    Now processing file /home/runner/work/key/key/key.core/../key.ui/examples/heap/inconsistent_represents/MyClass_m.key 
614919     INFO  main            d.u.i.k.p.i.AbstractProblemLoader Loading environment from /home/runner/work/key/key/key.core/../key.ui/examples/heap/inconsistent_represents/MyClass_m.key 
614919     DEBUG main            d.u.i.k.p.i.AbstractProblemLoader Environment load took 38.4ns 
614919     INFO  main            d.u.i.k.p.i.AbstractProblemLoader Creating init config 
617392     DEBUG main            d.u.i.k.p.i.AbstractProblemLoader Init config took 2.47s 
617426     INFO  main            d.u.i.k.p.i.AbstractProblemLoader Replaying proof MyClass[MyClass::m()].JML operation contract.0 
617427     DEBUG main            d.u.i.k.p.i.IntermediateProofReplayer Proof replay took 2.8ns 
617532     INFO  main            d.u.i.k.p.r.p.TestFile    ... finished proof: open goal(s) 
618049     INFO  main            d.u.i.k.p.r.p.TestFile    Now processing file /home/runner/work/key/key/key.core/../key.ui/examples/heap/inconsistent_represents/MyClass_n.key 
618050     INFO  main            d.u.i.k.p.i.AbstractProblemLoader Loading environment from /home/runner/work/key/key/key.core/../key.ui/examples/heap/inconsistent_represents/MyClass_n.key 
618050     DEBUG main            d.u.i.k.p.i.AbstractProblemLoader Environment load took 61ns 
618050     INFO  main            d.u.i.k.p.i.AbstractProblemLoader Creating init config 
620530     DEBUG main            d.u.i.k.p.i.AbstractProblemLoader Init config took 2.48s 
620562     INFO  main            d.u.i.k.p.i.AbstractProblemLoader Replaying proof MyClass[MyClass::n()].JML operation contract.0 
620563     DEBUG main            d.u.i.k.p.i.IntermediateProofReplayer Proof replay took 3ns 
620668     INFO  main            d.u.i.k.p.r.p.TestFile    ... finished proof: open goal(s) 
3406338    INFO  Test worker     d.u.i.k.p.r.RunAllProofsTestUnit Returning from test javadl 
3406339    INFO  Test worker     d.u.i.k.p.r.RunAllProofsTestUnit Running test FOL 
393        INFO  Timeout watchdog d.u.i.k.p.r.p.ForkedTestFileRunner Timeout watcher launched (2000 secs.) 
408        WARN  main            d.u.i.k.s.ProofSettings   The settings in /home/runner/.key/proof-settings.props are *not* read. 
443        INFO  main            d.u.i.k.p.r.p.TestFile    Now processing file /home/runner/work/key/key/key.core/../key.ui/examples/standard_key/pred_log/count.key 
538        INFO  main            d.u.i.k.p.i.AbstractProblemLoader Loading environment from /home/runner/work/key/key/key.core/../key.ui/examples/standard_key/pred_log/count.key 
553        DEBUG main            d.u.i.k.p.i.AbstractProblemLoader Environment load took 1.69ms 
798        INFO  main            d.u.i.k.p.i.AbstractProblemLoader Creating init config 
1755       DEBUG main            d.u.i.k.j.TypeConverter   No LDT found for Meta 
1756       DEBUG main            d.u.i.k.j.TypeConverter   No LDT found for Meta 
1757       DEBUG main            d.u.i.k.j.TypeConverter   No LDT found for Meta 
1757       DEBUG main            d.u.i.k.j.TypeConverter   No LDT found for Meta 
3159       DEBUG main            d.u.i.k.j.TypeConverter   No LDT found for JavaBigintExpression 
7857       DEBUG main            d.u.i.k.p.i.AbstractProblemLoader Init config took 7.06s 
7938       INFO  main            d.u.i.k.p.i.AbstractProblemLoader Replaying proof count.key 
7972       DEBUG main            d.u.i.k.p.i.IntermediateProofReplayer Proof replay took 36.9ns 
8117       INFO  main            d.u.i.k.p.r.p.TestFile    ... finished proof: closed. 
8202       INFO  main            d.u.i.k.p.i.AbstractProblemLoader Loading environment from /home/runner/work/key/key/key.core/../key.ui/examples/standard_key/pred_log/count.key.proof 
8203       DEBUG main            d.u.i.k.p.i.AbstractProblemLoader Environment load took 378.6ns 
8206       INFO  main            d.u.i.k.p.i.AbstractProblemLoader Creating init config 
10652      DEBUG main            d.u.i.k.p.i.AbstractProblemLoader Init config took 2.45s 
10696      INFO  main            d.u.i.k.p.i.AbstractProblemLoader Replaying proof count.key.proof 
10722      DEBUG main            d.u.i.k.p.i.IntermediateProofReplayer Proof replay took 17.81ms 
10735      DEBUG main            d.u.i.k.p.r.p.TestFile    ... success: reloaded. 
10738      INFO  main            d.u.i.k.p.r.p.TestFile    Now processing file /home/runner/work/key/key/key.core/../key.ui/examples/standard_key/pred_log/count2.key 
10738      INFO  main            d.u.i.k.p.i.AbstractProblemLoader Loading environment from /home/runner/work/key/key/key.core/../key.ui/examples/standard_key/pred_log/count2.key 
10738      DEBUG main            d.u.i.k.p.i.AbstractProblemLoader Environment load took 95ns 
10740      INFO  main            d.u.i.k.p.i.AbstractProblemLoader Creating init config 
13199      DEBUG main            d.u.i.k.p.i.AbstractProblemLoader Init config took 2.46s 
13228      INFO  main            d.u.i.k.p.i.AbstractProblemLoader Replaying proof count2.key 
13229      DEBUG main            d.u.i.k.p.i.IntermediateProofReplayer Proof replay took 5.7ns 
13335      INFO  main            d.u.i.k.p.r.p.TestFile    ... finished proof: closed. 
13451      INFO  main            d.u.i.k.p.i.AbstractProblemLoader Loading environment from /home/runner/work/key/key/key.core/../key.ui/examples/standard_key/pred_log/count2.key.proof 
13451      DEBUG main            d.u.i.k.p.i.AbstractProblemLoader Environment load took 126.1ns 
13452      INFO  main            d.u.i.k.p.i.AbstractProblemLoader Creating init config 
15770      DEBUG main            d.u.i.k.p.i.AbstractProblemLoader Init config took 2.32s 
15792      INFO  main            d.u.i.k.p.i.AbstractProblemLoader Replaying proof count2.key.proof 
15798      DEBUG main            d.u.i.k.p.i.IntermediateProofReplayer Proof replay took 3.23ms 
15799      DEBUG main            d.u.i.k.p.r.p.TestFile    ... success: reloaded. 
15799      INFO  main            d.u.i.k.p.r.p.TestFile    Now processing file /home/runner/work/key/key/key.core/../key.ui/examples/standard_key/pred_log/count3.key 
15800      INFO  main            d.u.i.k.p.i.AbstractProblemLoader Loading environment from /home/runner/work/key/key/key.core/../key.ui/examples/standard_key/pred_log/count3.key 
15800      DEBUG main            d.u.i.k.p.i.AbstractProblemLoader Environment load took 174.7ns 
15801      INFO  main            d.u.i.k.p.i.AbstractProblemLoader Creating init config 
18120      DEBUG main            d.u.i.k.p.i.AbstractProblemLoader Init config took 2.32s 
18140      INFO  main            d.u.i.k.p.i.AbstractProblemLoader Replaying proof count3.key 
18142      DEBUG main            d.u.i.k.p.i.IntermediateProofReplayer Proof replay took 6.9ns 
18244      INFO  main            d.u.i.k.p.r.p.TestFile    ... finished proof: closed. 
18365      INFO  main            d.u.i.k.p.i.AbstractProblemLoader Loading environment from /home/runner/work/key/key/key.core/../key.ui/examples/standard_key/pred_log/count3.key.proof 
18365      DEBUG main            d.u.i.k.p.i.AbstractProblemLoader Environment load took 115.6ns 
18371      INFO  main            d.u.i.k.p.i.AbstractProblemLoader Creating init config 
20607      DEBUG main            d.u.i.k.p.i.AbstractProblemLoader Init config took 2.24s 
20625      INFO  main            d.u.i.k.p.i.AbstractProblemLoader Replaying proof count3.key.proof 
20630      DEBUG main            d.u.i.k.p.i.IntermediateProofReplayer Proof replay took 2.58ms 
20631      DEBUG main            d.u.i.k.p.r.p.TestFile    ... success: reloaded. 
20631      INFO  main            d.u.i.k.p.r.p.TestFile    Now processing file /home/runner/work/key/key/key.core/../key.ui/examples/standard_key/pred_log/equalities.key 
20632      INFO  main            d.u.i.k.p.i.AbstractProblemLoader Loading environment from /home/runner/work/key/key/key.core/../key.ui/examples/standard_key/pred_log/equalities.key 
20632      DEBUG main            d.u.i.k.p.i.AbstractProblemLoader Environment load took 160.2ns 
20633      INFO  main            d.u.i.k.p.i.AbstractProblemLoader Creating init config 
22876      DEBUG main            d.u.i.k.p.i.AbstractProblemLoader Init config took 2.24s 
22894      INFO  main            d.u.i.k.p.i.AbstractProblemLoader Replaying proof equalities.key 
22896      DEBUG main            d.u.i.k.p.i.IntermediateProofReplayer Proof replay took 5.9ns 
22999      INFO  main            d.u.i.k.p.r.p.TestFile    ... finished proof: closed. 
23120      INFO  main            d.u.i.k.p.i.AbstractProblemLoader Loading environment from /home/runner/work/key/key/key.core/../key.ui/examples/standard_key/pred_log/equalities.key.proof 
23120      DEBUG main            d.u.i.k.p.i.AbstractProblemLoader Environment load took 104.6ns 
23121      INFO  main            d.u.i.k.p.i.AbstractProblemLoader Creating init config 
25342      DEBUG main            d.u.i.k.p.i.AbstractProblemLoader Init config took 2.22s 
25360      INFO  main            d.u.i.k.p.i.AbstractProblemLoader Replaying proof equalities.key.proof 
25363      DEBUG main            d.u.i.k.p.i.IntermediateProofReplayer Proof replay took 1.58ms 
25364      DEBUG main            d.u.i.k.p.r.p.TestFile    ... success: reloaded. 
25365      INFO  main            d.u.i.k.p.r.p.TestFile    Now processing file /home/runner/work/key/key/key.core/../key.ui/examples/standard_key/pred_log/equalities2.key 
25365      INFO  main            d.u.i.k.p.i.AbstractProblemLoader Loading environment from /home/runner/work/key/key/key.core/../key.ui/examples/standard_key/pred_log/equalities2.key 
25365      DEBUG main            d.u.i.k.p.i.AbstractProblemLoader Environment load took 157.7ns 
25367      INFO  main            d.u.i.k.p.i.AbstractProblemLoader Creating init config 
27628      DEBUG main            d.u.i.k.p.i.AbstractProblemLoader Init config took 2.26s 
27646      INFO  main            d.u.i.k.p.i.AbstractProblemLoader Replaying proof equalities2.key 
27648      DEBUG main            d.u.i.k.p.i.IntermediateProofReplayer Proof replay took 6ns 
27751      INFO  main            d.u.i.k.p.r.p.TestFile    ... finished proof: closed. 
27892      INFO  main            d.u.i.k.p.i.AbstractProblemLoader Loading environment from /home/runner/work/key/key/key.core/../key.ui/examples/standard_key/pred_log/equalities2.key.proof 
27893      DEBUG main            d.u.i.k.p.i.AbstractProblemLoader Environment load took 1.18ms 
27894      INFO  main            d.u.i.k.p.i.AbstractProblemLoader Creating init config 
30094      DEBUG main            d.u.i.k.p.i.AbstractProblemLoader Init config took 2.2s 
30112      INFO  main            d.u.i.k.p.i.AbstractProblemLoader Replaying proof equalities2.key.proof 
30118      DEBUG main            d.u.i.k.p.i.IntermediateProofReplayer Proof replay took 3.78ms 
30119      DEBUG main            d.u.i.k.p.r.p.TestFile    ... success: reloaded. 
30119      INFO  main            d.u.i.k.p.r.p.TestFile    Now processing file /home/runner/work/key/key/key.core/../key.ui/examples/standard_key/pred_log/equalities3.key 
30120      INFO  main            d.u.i.k.p.i.AbstractProblemLoader Loading environment from /home/runner/work/key/key/key.core/../key.ui/examples/standard_key/pred_log/equalities3.key 
30120      DEBUG main            d.u.i.k.p.i.AbstractProblemLoader Environment load took 154ns 
30121      INFO  main            d.u.i.k.p.i.AbstractProblemLoader Creating init config 
32354      DEBUG main            d.u.i.k.p.i.AbstractProblemLoader Init config took 2.23s 
32373      INFO  main            d.u.i.k.p.i.AbstractProblemLoader Replaying proof equalities3.key 
32376      DEBUG main            d.u.i.k.p.i.IntermediateProofReplayer Proof replay took 7ns 
32477      INFO  main            d.u.i.k.p.r.p.TestFile    ... finished proof: closed. 
32660      INFO  main            d.u.i.k.p.i.AbstractProblemLoader Loading environment from /home/runner/work/key/key/key.core/../key.ui/examples/standard_key/pred_log/equalities3.key.proof 
32660      DEBUG main            d.u.i.k.p.i.AbstractProblemLoader Environment load took 108.1ns 
32661      INFO  main            d.u.i.k.p.i.AbstractProblemLoader Creating init config 
34825      DEBUG main            d.u.i.k.p.i.AbstractProblemLoader Init config took 2.16s 
34841      INFO  main            d.u.i.k.p.i.AbstractProblemLoader Replaying proof equalities3.key.proof 
34849      DEBUG main            d.u.i.k.p.i.IntermediateProofReplayer Proof replay took 6.18ms 
34850      DEBUG main            d.u.i.k.p.r.p.TestFile    ... success: reloaded. 
34851      INFO  main            d.u.i.k.p.r.p.TestFile    Now processing file /home/runner/work/key/key/key.core/../key.ui/examples/standard_key/pred_log/functions.key 
34851      INFO  main            d.u.i.k.p.i.AbstractProblemLoader Loading environment from /home/runner/work/key/key/key.core/../key.ui/examples/standard_key/pred_log/functions.key 
34851      DEBUG main            d.u.i.k.p.i.AbstractProblemLoader Environment load took 153.6ns 
34852      INFO  main            d.u.i.k.p.i.AbstractProblemLoader Creating init config 
37062      DEBUG main            d.u.i.k.p.i.AbstractProblemLoader Init config took 2.21s 
37077      INFO  main            d.u.i.k.p.i.AbstractProblemLoader Replaying proof functions.key 
37078      DEBUG main            d.u.i.k.p.i.IntermediateProofReplayer Proof replay took 6ns 
37183      INFO  main            d.u.i.k.p.r.p.TestFile    ... finished proof: closed. 
37369      INFO  main            d.u.i.k.p.i.AbstractProblemLoader Loading environment from /home/runner/work/key/key/key.core/../key.ui/examples/standard_key/pred_log/functions.key.proof 
37369      DEBUG main            d.u.i.k.p.i.AbstractProblemLoader Environment load took 116.5ns 
37370      INFO  main            d.u.i.k.p.i.AbstractProblemLoader Creating init config 
39543      DEBUG main            d.u.i.k.p.i.AbstractProblemLoader Init config took 2.17s 
39558      INFO  main            d.u.i.k.p.i.AbstractProblemLoader Replaying proof functions.key.proof 
39562      DEBUG main            d.u.i.k.p.i.IntermediateProofReplayer Proof replay took 2.39ms 
39563      DEBUG main            d.u.i.k.p.r.p.TestFile    ... success: reloaded. 
39564      INFO  main            d.u.i.k.p.r.p.TestFile    Now processing file /home/runner/work/key/key/key.core/../key.ui/examples/standard_key/pred_log/mv1.key 
39564      INFO  main            d.u.i.k.p.i.AbstractProblemLoader Loading environment from /home/runner/work/key/key/key.core/../key.ui/examples/standard_key/pred_log/mv1.key 
39564      DEBUG main            d.u.i.k.p.i.AbstractProblemLoader Environment load took 153.5ns 
39565      INFO  main            d.u.i.k.p.i.AbstractProblemLoader Creating init config 
41777      DEBUG main            d.u.i.k.p.i.AbstractProblemLoader Init config took 2.21s 
41791      INFO  main            d.u.i.k.p.i.AbstractProblemLoader Replaying proof mv1.key 
41792      DEBUG main            d.u.i.k.p.i.IntermediateProofReplayer Proof replay took 6.6ns 
41895      INFO  main            d.u.i.k.p.r.p.TestFile    ... finished proof: closed. 
42040      INFO  main            d.u.i.k.p.i.AbstractProblemLoader Loading environment from /home/runner/work/key/key/key.core/../key.ui/examples/standard_key/pred_log/mv1.key.proof 
42040      DEBUG main            d.u.i.k.p.i.AbstractProblemLoader Environment load took 108ns 
42041      INFO  main            d.u.i.k.p.i.AbstractProblemLoader Creating init config 
44223      DEBUG main            d.u.i.k.p.i.AbstractProblemLoader Init config took 2.18s 
44238      INFO  main            d.u.i.k.p.i.AbstractProblemLoader Replaying proof mv1.key.proof 
44240      DEBUG main            d.u.i.k.p.i.IntermediateProofReplayer Proof replay took 874.7ns 
44240      DEBUG main            d.u.i.k.p.r.p.TestFile    ... success: reloaded. 
44241      INFO  main            d.u.i.k.p.r.p.TestFile    Now processing file /home/runner/work/key/key/key.core/../key.ui/examples/standard_key/pred_log/mv2.key 
44241      INFO  main            d.u.i.k.p.i.AbstractProblemLoader Loading environment from /home/runner/work/key/key/key.core/../key.ui/examples/standard_key/pred_log/mv2.key 
44241      DEBUG main            d.u.i.k.p.i.AbstractProblemLoader Environment load took 67.3ns 
44242      INFO  main            d.u.i.k.p.i.AbstractProblemLoader Creating init config 
46441      DEBUG main            d.u.i.k.p.i.AbstractProblemLoader Init config took 2.2s 
46455      INFO  main            d.u.i.k.p.i.AbstractProblemLoader Replaying proof mv2.key 
46456      DEBUG main            d.u.i.k.p.i.IntermediateProofReplayer Proof replay took 5.8ns 
46558      INFO  main            d.u.i.k.p.r.p.TestFile    ... finished proof: closed. 
46701      INFO  main            d.u.i.k.p.i.AbstractProblemLoader Loading environment from /home/runner/work/key/key/key.core/../key.ui/examples/standard_key/pred_log/mv2.key.proof 
46701      DEBUG main            d.u.i.k.p.i.AbstractProblemLoader Environment load took 103.9ns 
46702      INFO  main            d.u.i.k.p.i.AbstractProblemLoader Creating init config 
48886      DEBUG main            d.u.i.k.p.i.AbstractProblemLoader Init config took 2.18s 
48900      INFO  main            d.u.i.k.p.i.AbstractProblemLoader Replaying proof mv2.key.proof 
48904      DEBUG main            d.u.i.k.p.i.IntermediateProofReplayer Proof replay took 1.51ms 
48904      DEBUG main            d.u.i.k.p.r.p.TestFile    ... success: reloaded. 
48905      INFO  main            d.u.i.k.p.r.p.TestFile    Now processing file /home/runner/work/key/key/key.core/../key.ui/examples/standard_key/pred_log/quantifiers.key 
48905      INFO  main            d.u.i.k.p.i.AbstractProblemLoader Loading environment from /home/runner/work/key/key/key.core/../key.ui/examples/standard_key/pred_log/quantifiers.key 
48905      DEBUG main            d.u.i.k.p.i.AbstractProblemLoader Environment load took 105.1ns 
48906      INFO  main            d.u.i.k.p.i.AbstractProblemLoader Creating init config 
51104      DEBUG main            d.u.i.k.p.i.AbstractProblemLoader Init config took 2.2s 
51117      INFO  main            d.u.i.k.p.i.AbstractProblemLoader Replaying proof quantifiers.key 
51118      DEBUG main            d.u.i.k.p.i.IntermediateProofReplayer Proof replay took 6ns 
51220      INFO  main            d.u.i.k.p.r.p.TestFile    ... finished proof: closed. 
51423      INFO  main            d.u.i.k.p.i.AbstractProblemLoader Loading environment from /home/runner/work/key/key/key.core/../key.ui/examples/standard_key/pred_log/quantifiers.key.proof 
51423      DEBUG main            d.u.i.k.p.i.AbstractProblemLoader Environment load took 110.8ns 
51424      INFO  main            d.u.i.k.p.i.AbstractProblemLoader Creating init config 
53586      DEBUG main            d.u.i.k.p.i.AbstractProblemLoader Init config took 2.16s 
53600      INFO  main            d.u.i.k.p.i.AbstractProblemLoader Replaying proof quantifiers.key.proof 
53604      DEBUG main            d.u.i.k.p.i.IntermediateProofReplayer Proof replay took 2.19ms 
53604      DEBUG main            d.u.i.k.p.r.p.TestFile    ... success: reloaded. 
53605      INFO  main            d.u.i.k.p.r.p.TestFile    Now processing file /home/runner/work/key/key/key.core/../key.ui/examples/standard_key/pred_log/simpleEps.key 
53605      INFO  main            d.u.i.k.p.i.AbstractProblemLoader Loading environment from /home/runner/work/key/key/key.core/../key.ui/examples/standard_key/pred_log/simpleEps.key 
53605      DEBUG main            d.u.i.k.p.i.AbstractProblemLoader Environment load took 147.9ns 
53606      INFO  main            d.u.i.k.p.i.AbstractProblemLoader Creating init config 
55789      DEBUG main            d.u.i.k.p.i.AbstractProblemLoader Init config took 2.18s 
55803      INFO  main            d.u.i.k.p.i.AbstractProblemLoader Replaying proof simpleEps.key 
55804      DEBUG main            d.u.i.k.p.i.IntermediateProofReplayer Proof replay took 6ns 
55906      INFO  main            d.u.i.k.p.r.p.TestFile    ... finished proof: closed. 
56062      INFO  main            d.u.i.k.p.i.AbstractProblemLoader Loading environment from /home/runner/work/key/key/key.core/../key.ui/examples/standard_key/pred_log/simpleEps.key.proof 
56063      DEBUG main            d.u.i.k.p.i.AbstractProblemLoader Environment load took 102ns 
56063      INFO  main            d.u.i.k.p.i.AbstractProblemLoader Creating init config 
58223      DEBUG main            d.u.i.k.p.i.AbstractProblemLoader Init config took 2.16s 
58236      INFO  main            d.u.i.k.p.i.AbstractProblemLoader Replaying proof simpleEps.key.proof 
58239      DEBUG main            d.u.i.k.p.i.IntermediateProofReplayer Proof replay took 1.47ms 
58239      DEBUG main            d.u.i.k.p.r.p.TestFile    ... success: reloaded. 
58240      INFO  main            d.u.i.k.p.r.p.TestFile    Now processing file /home/runner/work/key/key/key.core/../key.ui/examples/standard_key/pred_log/steam1.key 
58240      INFO  main            d.u.i.k.p.i.AbstractProblemLoader Loading environment from /home/runner/work/key/key/key.core/../key.ui/examples/standard_key/pred_log/steam1.key 
58240      DEBUG main            d.u.i.k.p.i.AbstractProblemLoader Environment load took 77.6ns 
58242      INFO  main            d.u.i.k.p.i.AbstractProblemLoader Creating init config 
60458      DEBUG main            d.u.i.k.p.i.AbstractProblemLoader Init config took 2.22s 
60485      INFO  main            d.u.i.k.p.i.AbstractProblemLoader Replaying proof steam1.key 
60486      DEBUG main            d.u.i.k.p.i.IntermediateProofReplayer Proof replay took 6.2ns 
60892      INFO  main            d.u.i.k.p.r.p.TestFile    ... finished proof: closed. 
61085      INFO  main            d.u.i.k.p.i.AbstractProblemLoader Loading environment from /home/runner/work/key/key/key.core/../key.ui/examples/standard_key/pred_log/steam1.key.proof 
61085      DEBUG main            d.u.i.k.p.i.AbstractProblemLoader Environment load took 325.9ns 
61087      INFO  main            d.u.i.k.p.i.AbstractProblemLoader Creating init config 
63226      DEBUG main            d.u.i.k.p.i.AbstractProblemLoader Init config took 2.14s 
63243      INFO  main            d.u.i.k.p.i.AbstractProblemLoader Replaying proof steam1.key.proof 
63262      DEBUG main            d.u.i.k.p.i.IntermediateProofReplayer Proof replay took 15.49ms 
63264      DEBUG main            d.u.i.k.p.r.p.TestFile    ... success: reloaded. 
63265      INFO  main            d.u.i.k.p.r.p.TestFile    Now processing file /home/runner/work/key/key/key.core/../key.ui/examples/standard_key/pred_log/tptp/PUZ/PUZ001p1.key 
63265      INFO  main            d.u.i.k.p.i.AbstractProblemLoader Loading environment from /home/runner/work/key/key/key.core/../key.ui/examples/standard_key/pred_log/tptp/PUZ/PUZ001p1.key 
63265      DEBUG main            d.u.i.k.p.i.AbstractProblemLoader Environment load took 157.6ns 
63266      INFO  main            d.u.i.k.p.i.AbstractProblemLoader Creating init config 
65481      DEBUG main            d.u.i.k.p.i.AbstractProblemLoader Init config took 2.21s 
65497      INFO  main            d.u.i.k.p.i.AbstractProblemLoader Replaying proof PUZ001p1.key 
65498      DEBUG main            d.u.i.k.p.i.IntermediateProofReplayer Proof replay took 6.1ns 
68119      INFO  main            d.u.i.k.p.r.p.TestFile    ... finished proof: closed. 
68332      INFO  main            d.u.i.k.p.i.AbstractProblemLoader Loading environment from /home/runner/work/key/key/key.core/../key.ui/examples/standard_key/pred_log/tptp/PUZ/PUZ001p1.key.proof 
68338      DEBUG main            d.u.i.k.p.i.AbstractProblemLoader Environment load took 5.89ms 
68340      INFO  main            d.u.i.k.p.i.AbstractProblemLoader Creating init config 
70494      DEBUG main            d.u.i.k.p.i.AbstractProblemLoader Init config took 2.15s 
70510      INFO  main            d.u.i.k.p.i.AbstractProblemLoader Replaying proof PUZ001p1.key.proof 
70649      DEBUG main            d.u.i.k.p.i.IntermediateProofReplayer Proof replay took 131.16ms 
70651      DEBUG main            d.u.i.k.p.r.p.TestFile    ... success: reloaded. 
70652      INFO  main            d.u.i.k.p.r.p.TestFile    Now processing file /home/runner/work/key/key/key.core/../key.ui/examples/standard_key/pred_log/tptp/PUZ/PUZ001p1-eq.key 
70652      INFO  main            d.u.i.k.p.i.AbstractProblemLoader Loading environment from /home/runner/work/key/key/key.core/../key.ui/examples/standard_key/pred_log/tptp/PUZ/PUZ001p1-eq.key 
70653      DEBUG main            d.u.i.k.p.i.AbstractProblemLoader Environment load took 763.2ns 
70654      INFO  main            d.u.i.k.p.i.AbstractProblemLoader Creating init config 
72814      DEBUG main            d.u.i.k.p.i.AbstractProblemLoader Init config took 2.16s 
72827      INFO  main            d.u.i.k.p.i.AbstractProblemLoader Replaying proof PUZ001p1-eq.key 
72828      DEBUG main            d.u.i.k.p.i.IntermediateProofReplayer Proof replay took 5.8ns 
72932      INFO  main            d.u.i.k.p.r.p.TestFile    ... finished proof: closed. 
73131      INFO  main            d.u.i.k.p.i.AbstractProblemLoader Loading environment from /home/runner/work/key/key/key.core/../key.ui/examples/standard_key/pred_log/tptp/PUZ/PUZ001p1-eq.key.proof 
73132      DEBUG main            d.u.i.k.p.i.AbstractProblemLoader Environment load took 109.7ns 
73133      INFO  main            d.u.i.k.p.i.AbstractProblemLoader Creating init config 
75269      DEBUG main            d.u.i.k.p.i.AbstractProblemLoader Init config took 2.14s 
75282      INFO  main            d.u.i.k.p.i.AbstractProblemLoader Replaying proof PUZ001p1-eq.key.proof 
75294      DEBUG main            d.u.i.k.p.i.IntermediateProofReplayer Proof replay took 9.6ms 
75295      DEBUG main            d.u.i.k.p.r.p.TestFile    ... success: reloaded. 
75296      INFO  main            d.u.i.k.p.r.p.TestFile    Now processing file /home/runner/work/key/key/key.core/../key.ui/examples/standard_key/pred_log/tptp/PUZ/PUZ031p1.key 
75296      INFO  main            d.u.i.k.p.i.AbstractProblemLoader Loading environment from /home/runner/work/key/key/key.core/../key.ui/examples/standard_key/pred_log/tptp/PUZ/PUZ031p1.key 
75296      DEBUG main            d.u.i.k.p.i.AbstractProblemLoader Environment load took 149.6ns 
75298      INFO  main            d.u.i.k.p.i.AbstractProblemLoader Creating init config 
77482      DEBUG main            d.u.i.k.p.i.AbstractProblemLoader Init config took 2.18s 
77497      INFO  main            d.u.i.k.p.i.AbstractProblemLoader Replaying proof PUZ031p1.key 
77498      DEBUG main            d.u.i.k.p.i.IntermediateProofReplayer Proof replay took 5.4ns 
85229      INFO  main            d.u.i.k.p.r.p.TestFile    ... finished proof: closed. 
85412      INFO  main            d.u.i.k.p.i.AbstractProblemLoader Loading environment from /home/runner/work/key/key/key.core/../key.ui/examples/standard_key/pred_log/tptp/PUZ/PUZ031p1.key.proof 
85412      DEBUG main            d.u.i.k.p.i.AbstractProblemLoader Environment load took 111.4ns 
85413      INFO  main            d.u.i.k.p.i.AbstractProblemLoader Creating init config 
87530      DEBUG main            d.u.i.k.p.i.AbstractProblemLoader Init config took 2.12s 
87544      INFO  main            d.u.i.k.p.i.AbstractProblemLoader Replaying proof PUZ031p1.key.proof 
87594      DEBUG main            d.u.i.k.p.i.IntermediateProofReplayer Proof replay took 45.63ms 
87596      DEBUG main            d.u.i.k.p.r.p.TestFile    ... success: reloaded. 
87596      INFO  main            d.u.i.k.p.r.p.TestFile    Now processing file /home/runner/work/key/key/key.core/../key.ui/examples/standard_key/pred_log/tptp/SET/SET027p3.key 
87596      INFO  main            d.u.i.k.p.i.AbstractProblemLoader Loading environment from /home/runner/work/key/key/key.core/../key.ui/examples/standard_key/pred_log/tptp/SET/SET027p3.key 
87596      DEBUG main            d.u.i.k.p.i.AbstractProblemLoader Environment load took 77.8ns 
87597      INFO  main            d.u.i.k.p.i.AbstractProblemLoader Creating init config 
89804      DEBUG main            d.u.i.k.p.i.AbstractProblemLoader Init config took 2.21s 
89816      INFO  main            d.u.i.k.p.i.AbstractProblemLoader Replaying proof SET027p3.key 
89817      DEBUG main            d.u.i.k.p.i.IntermediateProofReplayer Proof replay took 5.3ns 
89919      INFO  main            d.u.i.k.p.r.p.TestFile    ... finished proof: closed. 
90126      INFO  main            d.u.i.k.p.i.AbstractProblemLoader Loading environment from /home/runner/work/key/key/key.core/../key.ui/examples/standard_key/pred_log/tptp/SET/SET027p3.key.proof 
90126      DEBUG main            d.u.i.k.p.i.AbstractProblemLoader Environment load took 111.6ns 
90127      INFO  main            d.u.i.k.p.i.AbstractProblemLoader Creating init config 
92236      DEBUG main            d.u.i.k.p.i.AbstractProblemLoader Init config took 2.11s 
92249      INFO  main            d.u.i.k.p.i.AbstractProblemLoader Replaying proof SET027p3.key.proof 
92255      DEBUG main            d.u.i.k.p.i.IntermediateProofReplayer Proof replay took 4.54ms 
92256      DEBUG main            d.u.i.k.p.r.p.TestFile    ... success: reloaded. 
92256      INFO  main            d.u.i.k.p.r.p.TestFile    Now processing file /home/runner/work/key/key/key.core/../key.ui/examples/standard_key/pred_log/tptp/SET/SET043p1.key 
92257      INFO  main            d.u.i.k.p.i.AbstractProblemLoader Loading environment from /home/runner/work/key/key/key.core/../key.ui/examples/standard_key/pred_log/tptp/SET/SET043p1.key 
92257      DEBUG main            d.u.i.k.p.i.AbstractProblemLoader Environment load took 80.2ns 
92257      INFO  main            d.u.i.k.p.i.AbstractProblemLoader Creating init config 
94400      DEBUG main            d.u.i.k.p.i.AbstractProblemLoader Init config took 2.14s 
94412      INFO  main            d.u.i.k.p.i.AbstractProblemLoader Replaying proof SET043p1.key 
94413      DEBUG main            d.u.i.k.p.i.IntermediateProofReplayer Proof replay took 5.7ns 
94519      INFO  main            d.u.i.k.p.r.p.TestFile    ... finished proof: closed. 
94708      INFO  main            d.u.i.k.p.i.AbstractProblemLoader Loading environment from /home/runner/work/key/key/key.core/../key.ui/examples/standard_key/pred_log/tptp/SET/SET043p1.key.proof 
94708      DEBUG main            d.u.i.k.p.i.AbstractProblemLoader Environment load took 136.3ns 
94709      INFO  main            d.u.i.k.p.i.AbstractProblemLoader Creating init config 
96826      DEBUG main            d.u.i.k.p.i.AbstractProblemLoader Init config took 2.12s 
96839      INFO  main            d.u.i.k.p.i.AbstractProblemLoader Replaying proof SET043p1.key.proof 
96842      DEBUG main            d.u.i.k.p.i.IntermediateProofReplayer Proof replay took 1.09ms 
96842      DEBUG main            d.u.i.k.p.r.p.TestFile    ... success: reloaded. 
96843      INFO  main            d.u.i.k.p.r.p.TestFile    Now processing file /home/runner/work/key/key/key.core/../key.ui/examples/standard_key/pred_log/tptp/SET/SET045p1.key 
96843      INFO  main            d.u.i.k.p.i.AbstractProblemLoader Loading environment from /home/runner/work/key/key/key.core/../key.ui/examples/standard_key/pred_log/tptp/SET/SET045p1.key 
96843      DEBUG main            d.u.i.k.p.i.AbstractProblemLoader Environment load took 143.3ns 
96844      INFO  main            d.u.i.k.p.i.AbstractProblemLoader Creating init config 
99012      DEBUG main            d.u.i.k.p.i.AbstractProblemLoader Init config took 2.17s 
99024      INFO  main            d.u.i.k.p.i.AbstractProblemLoader Replaying proof SET045p1.key 
99025      DEBUG main            d.u.i.k.p.i.IntermediateProofReplayer Proof replay took 6.1ns 
99126      INFO  main            d.u.i.k.p.r.p.TestFile    ... finished proof: closed. 
99320      INFO  main            d.u.i.k.p.i.AbstractProblemLoader Loading environment from /home/runner/work/key/key/key.core/../key.ui/examples/standard_key/pred_log/tptp/SET/SET045p1.key.proof 
99320      DEBUG main            d.u.i.k.p.i.AbstractProblemLoader Environment load took 93.7ns 
99322      INFO  main            d.u.i.k.p.i.AbstractProblemLoader Creating init config 
101428     DEBUG main            d.u.i.k.p.i.AbstractProblemLoader Init config took 2.11s 
101441     INFO  main            d.u.i.k.p.i.AbstractProblemLoader Replaying proof SET045p1.key.proof 
101449     DEBUG main            d.u.i.k.p.i.IntermediateProofReplayer Proof replay took 4.29ms 
101449     DEBUG main            d.u.i.k.p.r.p.TestFile    ... success: reloaded. 
101450     INFO  main            d.u.i.k.p.r.p.TestFile    Now processing file /home/runner/work/key/key/key.core/../key.ui/examples/standard_key/pred_log/tptp/SET/SET062p3.key 
101450     INFO  main            d.u.i.k.p.i.AbstractProblemLoader Loading environment from /home/runner/work/key/key/key.core/../key.ui/examples/standard_key/pred_log/tptp/SET/SET062p3.key 
101450     DEBUG main            d.u.i.k.p.i.AbstractProblemLoader Environment load took 129ns 
101451     INFO  main            d.u.i.k.p.i.AbstractProblemLoader Creating init config 
103627     DEBUG main            d.u.i.k.p.i.AbstractProblemLoader Init config took 2.18s 
103640     INFO  main            d.u.i.k.p.i.AbstractProblemLoader Replaying proof SET062p3.key 
103640     DEBUG main            d.u.i.k.p.i.IntermediateProofReplayer Proof replay took 5.4ns 
103744     INFO  main            d.u.i.k.p.r.p.TestFile    ... finished proof: closed. 
103943     INFO  main            d.u.i.k.p.i.AbstractProblemLoader Loading environment from /home/runner/work/key/key/key.core/../key.ui/examples/standard_key/pred_log/tptp/SET/SET062p3.key.proof 
103943     DEBUG main            d.u.i.k.p.i.AbstractProblemLoader Environment load took 92.1ns 
103944     INFO  main            d.u.i.k.p.i.AbstractProblemLoader Creating init config 
106062     DEBUG main            d.u.i.k.p.i.AbstractProblemLoader Init config took 2.12s 
106074     INFO  main            d.u.i.k.p.i.AbstractProblemLoader Replaying proof SET062p3.key.proof 
106084     DEBUG main            d.u.i.k.p.i.IntermediateProofReplayer Proof replay took 8.87ms 
106085     DEBUG main            d.u.i.k.p.r.p.TestFile    ... success: reloaded. 
106086     INFO  main            d.u.i.k.p.r.p.TestFile    Now processing file /home/runner/work/key/key/key.core/../key.ui/examples/standard_key/pred_log/tptp/SET/SET063p3.key 
106087     INFO  main            d.u.i.k.p.i.AbstractProblemLoader Loading environment from /home/runner/work/key/key/key.core/../key.ui/examples/standard_key/pred_log/tptp/SET/SET063p3.key 
106087     DEBUG main            d.u.i.k.p.i.AbstractProblemLoader Environment load took 96.1ns 
106088     INFO  main            d.u.i.k.p.i.AbstractProblemLoader Creating init config 
108264     DEBUG main            d.u.i.k.p.i.AbstractProblemLoader Init config took 2.18s 
108278     INFO  main            d.u.i.k.p.i.AbstractProblemLoader Replaying proof SET063p3.key 
108279     DEBUG main            d.u.i.k.p.i.IntermediateProofReplayer Proof replay took 6.3ns 
108381     INFO  main            d.u.i.k.p.r.p.TestFile    ... finished proof: closed. 
108583     INFO  main            d.u.i.k.p.i.AbstractProblemLoader Loading environment from /home/runner/work/key/key/key.core/../key.ui/examples/standard_key/pred_log/tptp/SET/SET063p3.key.proof 
108583     DEBUG main            d.u.i.k.p.i.AbstractProblemLoader Environment load took 95.6ns 
108585     INFO  main            d.u.i.k.p.i.AbstractProblemLoader Creating init config 
110686     DEBUG main            d.u.i.k.p.i.AbstractProblemLoader Init config took 2.1s 
110698     INFO  main            d.u.i.k.p.i.AbstractProblemLoader Replaying proof SET063p3.key.proof 
110704     DEBUG main            d.u.i.k.p.i.IntermediateProofReplayer Proof replay took 4.41ms 
110705     DEBUG main            d.u.i.k.p.r.p.TestFile    ... success: reloaded. 
110706     INFO  main            d.u.i.k.p.r.p.TestFile    Now processing file /home/runner/work/key/key/key.core/../key.ui/examples/standard_key/pred_log/tptp/SYN/SYN036p2.key 
110706     INFO  main            d.u.i.k.p.i.AbstractProblemLoader Loading environment from /home/runner/work/key/key/key.core/../key.ui/examples/standard_key/pred_log/tptp/SYN/SYN036p2.key 
110706     DEBUG main            d.u.i.k.p.i.AbstractProblemLoader Environment load took 97.1ns 
110707     INFO  main            d.u.i.k.p.i.AbstractProblemLoader Creating init config 
112886     DEBUG main            d.u.i.k.p.i.AbstractProblemLoader Init config took 2.18s 
112898     INFO  main            d.u.i.k.p.i.AbstractProblemLoader Replaying proof SYN036p2.key 
112899     DEBUG main            d.u.i.k.p.i.IntermediateProofReplayer Proof replay took 5.5ns 
113203     INFO  main            d.u.i.k.p.r.p.TestFile    ... finished proof: closed. 
113434     INFO  main            d.u.i.k.p.i.AbstractProblemLoader Loading environment from /home/runner/work/key/key/key.core/../key.ui/examples/standard_key/pred_log/tptp/SYN/SYN036p2.key.proof 
113434     DEBUG main            d.u.i.k.p.i.AbstractProblemLoader Environment load took 370.1ns 
113435     INFO  main            d.u.i.k.p.i.AbstractProblemLoader Creating init config 
115541     DEBUG main            d.u.i.k.p.i.AbstractProblemLoader Init config took 2.11s 
115553     INFO  main            d.u.i.k.p.i.AbstractProblemLoader Replaying proof SYN036p2.key.proof 
115610     DEBUG main            d.u.i.k.p.i.IntermediateProofReplayer Proof replay took 50.25ms 
115611     DEBUG main            d.u.i.k.p.r.p.TestFile    ... success: reloaded. 
115612     INFO  main            d.u.i.k.p.r.p.TestFile    Now processing file /home/runner/work/key/key/key.core/../key.ui/examples/standard_key/pred_log/tptp/SYN/SYN550p1.key 
115612     INFO  main            d.u.i.k.p.i.AbstractProblemLoader Loading environment from /home/runner/work/key/key/key.core/../key.ui/examples/standard_key/pred_log/tptp/SYN/SYN550p1.key 
115612     DEBUG main            d.u.i.k.p.i.AbstractProblemLoader Environment load took 61.1ns 
115613     INFO  main            d.u.i.k.p.i.AbstractProblemLoader Creating init config 
117766     DEBUG main            d.u.i.k.p.i.AbstractProblemLoader Init config took 2.15s 
117779     INFO  main            d.u.i.k.p.i.AbstractProblemLoader Replaying proof SYN550p1.key 
117780     DEBUG main            d.u.i.k.p.i.IntermediateProofReplayer Proof replay took 5.9ns 
120389     INFO  main            d.u.i.k.p.r.p.TestFile    ... finished proof: closed. 
120624     INFO  main            d.u.i.k.p.i.AbstractProblemLoader Loading environment from /home/runner/work/key/key/key.core/../key.ui/examples/standard_key/pred_log/tptp/SYN/SYN550p1.key.proof 
120626     DEBUG main            d.u.i.k.p.i.AbstractProblemLoader Environment load took 2.69ms 
120628     INFO  main            d.u.i.k.p.i.AbstractProblemLoader Creating init config 
122727     DEBUG main            d.u.i.k.p.i.AbstractProblemLoader Init config took 2.1s 
122749     INFO  main            d.u.i.k.p.i.AbstractProblemLoader Replaying proof SYN550p1.key.proof 
122812     DEBUG main            d.u.i.k.p.i.IntermediateProofReplayer Proof replay took 56.21ms 
122813     DEBUG main            d.u.i.k.p.r.p.TestFile    ... success: reloaded. 
122814     INFO  main            d.u.i.k.p.r.p.TestFile    Now processing file /home/runner/work/key/key/key.core/../key.ui/examples/standard_key/prop_log/reallySimple.key 
122814     INFO  main            d.u.i.k.p.i.AbstractProblemLoader Loading environment from /home/runner/work/key/key/key.core/../key.ui/examples/standard_key/prop_log/reallySimple.key 
122814     DEBUG main            d.u.i.k.p.i.AbstractProblemLoader Environment load took 70.4ns 
122815     INFO  main            d.u.i.k.p.i.AbstractProblemLoader Creating init config 
124990     DEBUG main            d.u.i.k.p.i.AbstractProblemLoader Init config took 2.17s 
125002     INFO  main            d.u.i.k.p.i.AbstractProblemLoader Replaying proof reallySimple.key 
125003     DEBUG main            d.u.i.k.p.i.IntermediateProofReplayer Proof replay took 5.3ns 
125104     INFO  main            d.u.i.k.p.r.p.TestFile    ... finished proof: open goal(s) 
125337     INFO  main            d.u.i.k.p.r.p.TestFile    Now processing file /home/runner/work/key/key/key.core/../key.ui/examples/standard_key/pred_log/sameName1.key 
125337     INFO  main            d.u.i.k.p.i.AbstractProblemLoader Loading environment from /home/runner/work/key/key/key.core/../key.ui/examples/standard_key/pred_log/sameName1.key 
125337     DEBUG main            d.u.i.k.p.i.AbstractProblemLoader Environment load took 49ns 
125338     INFO  main            d.u.i.k.p.i.AbstractProblemLoader Creating init config 
127440     DEBUG main            d.u.i.k.p.i.AbstractProblemLoader Init config took 2.1s 
127451     INFO  main            d.u.i.k.p.i.AbstractProblemLoader Replaying proof sameName1.key 
127452     DEBUG main            d.u.i.k.p.i.IntermediateProofReplayer Proof replay took 5.4ns 
127554     INFO  main            d.u.i.k.p.r.p.TestFile    ... finished proof: open goal(s) 
127764     INFO  main            d.u.i.k.p.r.p.TestFile    Now processing file /home/runner/work/key/key/key.core/../key.ui/examples/standard_key/pred_log/jbyteIfEx.key 
127764     INFO  main            d.u.i.k.p.i.AbstractProblemLoader Loading environment from /home/runner/work/key/key/key.core/../key.ui/examples/standard_key/pred_log/jbyteIfEx.key 
127764     DEBUG main            d.u.i.k.p.i.AbstractProblemLoader Environment load took 51.7ns 
127765     INFO  main            d.u.i.k.p.i.AbstractProblemLoader Creating init config 
129885     DEBUG main            d.u.i.k.p.i.AbstractProblemLoader Init config took 2.12s 
129897     INFO  main            d.u.i.k.p.i.AbstractProblemLoader Replaying proof jbyteIfEx.key 
129898     DEBUG main            d.u.i.k.p.i.IntermediateProofReplayer Proof replay took 5.9ns 
129999     INFO  main            d.u.i.k.p.r.p.TestFile    ... finished proof: closed. 
130216     INFO  main            d.u.i.k.p.i.AbstractProblemLoader Loading environment from /home/runner/work/key/key/key.core/../key.ui/examples/standard_key/pred_log/jbyteIfEx.key.proof 
130216     DEBUG main            d.u.i.k.p.i.AbstractProblemLoader Environment load took 91.7ns 
130217     INFO  main            d.u.i.k.p.i.AbstractProblemLoader Creating init config 
132301     DEBUG main            d.u.i.k.p.i.AbstractProblemLoader Init config took 2.08s 
132313     INFO  main            d.u.i.k.p.i.AbstractProblemLoader Replaying proof jbyteIfEx.key.proof 
132320     DEBUG main            d.u.i.k.p.i.IntermediateProofReplayer Proof replay took 4.94ms 
132321     DEBUG main            d.u.i.k.p.r.p.TestFile    ... success: reloaded. 
132321     INFO  main            d.u.i.k.p.r.p.TestFile    Now processing file /home/runner/work/key/key/key.core/../key.ui/examples/standard_key/prop_log/allClausesLength4.key 
132322     INFO  main            d.u.i.k.p.i.AbstractProblemLoader Loading environment from /home/runner/work/key/key/key.core/../key.ui/examples/standard_key/prop_log/allClausesLength4.key 
132322     DEBUG main            d.u.i.k.p.i.AbstractProblemLoader Environment load took 142.4ns 
132323     INFO  main            d.u.i.k.p.i.AbstractProblemLoader Creating init config 
134482     DEBUG main            d.u.i.k.p.i.AbstractProblemLoader Init config took 2.16s 
134495     INFO  main            d.u.i.k.p.i.AbstractProblemLoader Replaying proof allClausesLength4.key 
134496     DEBUG main            d.u.i.k.p.i.IntermediateProofReplayer Proof replay took 5.6ns 
134598     INFO  main            d.u.i.k.p.r.p.TestFile    ... finished proof: closed. 
134832     INFO  main            d.u.i.k.p.i.AbstractProblemLoader Loading environment from /home/runner/work/key/key/key.core/../key.ui/examples/standard_key/prop_log/allClausesLength4.key.proof 
134832     DEBUG main            d.u.i.k.p.i.AbstractProblemLoader Environment load took 96ns 
134833     INFO  main            d.u.i.k.p.i.AbstractProblemLoader Creating init config 
136956     DEBUG main            d.u.i.k.p.i.AbstractProblemLoader Init config took 2.12s 
136969     INFO  main            d.u.i.k.p.i.AbstractProblemLoader Replaying proof allClausesLength4.key.proof 
136981     DEBUG main            d.u.i.k.p.i.IntermediateProofReplayer Proof replay took 9.47ms 
136982     DEBUG main            d.u.i.k.p.r.p.TestFile    ... success: reloaded. 
136983     INFO  main            d.u.i.k.p.r.p.TestFile    Now processing file /home/runner/work/key/key/key.core/../key.ui/examples/standard_key/prop_log/allClausesLength5.key 
136983     INFO  main            d.u.i.k.p.i.AbstractProblemLoader Loading environment from /home/runner/work/key/key/key.core/../key.ui/examples/standard_key/prop_log/allClausesLength5.key 
136984     DEBUG main            d.u.i.k.p.i.AbstractProblemLoader Environment load took 189.9ns 
136985     INFO  main            d.u.i.k.p.i.AbstractProblemLoader Creating init config 
139116     DEBUG main            d.u.i.k.p.i.AbstractProblemLoader Init config took 2.13s 
139129     INFO  main            d.u.i.k.p.i.AbstractProblemLoader Replaying proof allClausesLength5.key 
139130     DEBUG main            d.u.i.k.p.i.IntermediateProofReplayer Proof replay took 5.5ns 
139333     INFO  main            d.u.i.k.p.r.p.TestFile    ... finished proof: closed. 
139570     INFO  main            d.u.i.k.p.i.AbstractProblemLoader Loading environment from /home/runner/work/key/key/key.core/../key.ui/examples/standard_key/prop_log/allClausesLength5.key.proof 
139571     DEBUG main            d.u.i.k.p.i.AbstractProblemLoader Environment load took 293.7ns 
139572     INFO  main            d.u.i.k.p.i.AbstractProblemLoader Creating init config 
141678     DEBUG main            d.u.i.k.p.i.AbstractProblemLoader Init config took 2.11s 
141691     INFO  main            d.u.i.k.p.i.AbstractProblemLoader Replaying proof allClausesLength5.key.proof 
141731     DEBUG main            d.u.i.k.p.i.IntermediateProofReplayer Proof replay took 35.4ms 
141732     DEBUG main            d.u.i.k.p.r.p.TestFile    ... success: reloaded. 
141732     INFO  main            d.u.i.k.p.r.p.TestFile    Now processing file /home/runner/work/key/key/key.core/../key.ui/examples/standard_key/prop_log/doubleNeg.key 
141733     INFO  main            d.u.i.k.p.i.AbstractProblemLoader Loading environment from /home/runner/work/key/key/key.core/../key.ui/examples/standard_key/prop_log/doubleNeg.key 
141733     DEBUG main            d.u.i.k.p.i.AbstractProblemLoader Environment load took 70.3ns 
141733     INFO  main            d.u.i.k.p.i.AbstractProblemLoader Creating init config 
143828     DEBUG main            d.u.i.k.p.i.AbstractProblemLoader Init config took 2.09s 
143840     INFO  main            d.u.i.k.p.i.AbstractProblemLoader Replaying proof doubleNeg.key 
143841     DEBUG main            d.u.i.k.p.i.IntermediateProofReplayer Proof replay took 6.3ns 
143943     INFO  main            d.u.i.k.p.r.p.TestFile    ... finished proof: closed. 
144187     INFO  main            d.u.i.k.p.i.AbstractProblemLoader Loading environment from /home/runner/work/key/key/key.core/../key.ui/examples/standard_key/prop_log/doubleNeg.key.proof 
144187     DEBUG main            d.u.i.k.p.i.AbstractProblemLoader Environment load took 86.3ns 
144188     INFO  main            d.u.i.k.p.i.AbstractProblemLoader Creating init config 
146281     DEBUG main            d.u.i.k.p.i.AbstractProblemLoader Init config took 2.09s 
146293     INFO  main            d.u.i.k.p.i.AbstractProblemLoader Replaying proof doubleNeg.key.proof 
146295     DEBUG main            d.u.i.k.p.i.IntermediateProofReplayer Proof replay took 270.7ns 
146296     DEBUG main            d.u.i.k.p.r.p.TestFile    ... success: reloaded. 
146296     INFO  main            d.u.i.k.p.r.p.TestFile    Now processing file /home/runner/work/key/key/key.core/../key.ui/examples/standard_key/prop_log/liarsville.key 
146296     INFO  main            d.u.i.k.p.i.AbstractProblemLoader Loading environment from /home/runner/work/key/key/key.core/../key.ui/examples/standard_key/prop_log/liarsville.key 
146297     DEBUG main            d.u.i.k.p.i.AbstractProblemLoader Environment load took 131.8ns 
146297     INFO  main            d.u.i.k.p.i.AbstractProblemLoader Creating init config 
148433     DEBUG main            d.u.i.k.p.i.AbstractProblemLoader Init config took 2.14s 
148447     INFO  main            d.u.i.k.p.i.AbstractProblemLoader Replaying proof liarsville.key 
148448     DEBUG main            d.u.i.k.p.i.IntermediateProofReplayer Proof replay took 4.7ns 
148549     INFO  main            d.u.i.k.p.r.p.TestFile    ... finished proof: closed. 
148784     INFO  main            d.u.i.k.p.i.AbstractProblemLoader Loading environment from /home/runner/work/key/key/key.core/../key.ui/examples/standard_key/prop_log/liarsville.key.proof 
148784     DEBUG main            d.u.i.k.p.i.AbstractProblemLoader Environment load took 80.7ns 
148785     INFO  main            d.u.i.k.p.i.AbstractProblemLoader Creating init config 
150873     DEBUG main            d.u.i.k.p.i.AbstractProblemLoader Init config took 2.09s 
150885     INFO  main            d.u.i.k.p.i.AbstractProblemLoader Replaying proof liarsville.key.proof 
150887     DEBUG main            d.u.i.k.p.i.IntermediateProofReplayer Proof replay took 898.4ns 
150888     DEBUG main            d.u.i.k.p.r.p.TestFile    ... success: reloaded. 
150888     INFO  main            d.u.i.k.p.r.p.TestFile    Now processing file /home/runner/work/key/key/key.core/../key.ui/examples/standard_key/prop_log/simplest.key 
150888     INFO  main            d.u.i.k.p.i.AbstractProblemLoader Loading environment from /home/runner/work/key/key/key.core/../key.ui/examples/standard_key/prop_log/simplest.key 
150888     DEBUG main            d.u.i.k.p.i.AbstractProblemLoader Environment load took 66.1ns 
150889     INFO  main            d.u.i.k.p.i.AbstractProblemLoader Creating init config 
153011     DEBUG main            d.u.i.k.p.i.AbstractProblemLoader Init config took 2.12s 
153022     INFO  main            d.u.i.k.p.i.AbstractProblemLoader Replaying proof simplest.key 
153023     DEBUG main            d.u.i.k.p.i.IntermediateProofReplayer Proof replay took 5.3ns 
153124     INFO  main            d.u.i.k.p.r.p.TestFile    ... finished proof: closed. 
153380     INFO  main            d.u.i.k.p.i.AbstractProblemLoader Loading environment from /home/runner/work/key/key/key.core/../key.ui/examples/standard_key/prop_log/simplest.key.proof 
153380     DEBUG main            d.u.i.k.p.i.AbstractProblemLoader Environment load took 82.1ns 
153380     INFO  main            d.u.i.k.p.i.AbstractProblemLoader Creating init config 
155469     DEBUG main            d.u.i.k.p.i.AbstractProblemLoader Init config took 2.09s 
155481     INFO  main            d.u.i.k.p.i.AbstractProblemLoader Replaying proof simplest.key.proof 
155482     DEBUG main            d.u.i.k.p.i.IntermediateProofReplayer Proof replay took 93ns 
155482     DEBUG main            d.u.i.k.p.r.p.TestFile    ... success: reloaded. 
155483     INFO  main            d.u.i.k.p.r.p.TestFile    Now processing file /home/runner/work/key/key/key.core/../key.ui/examples/standard_key/prop_log/contraposition.key 
155483     INFO  main            d.u.i.k.p.i.AbstractProblemLoader Loading environment from /home/runner/work/key/key/key.core/../key.ui/examples/standard_key/prop_log/contraposition.key 
155483     DEBUG main            d.u.i.k.p.i.AbstractProblemLoader Environment load took 54.2ns 
155484     INFO  main            d.u.i.k.p.i.AbstractProblemLoader Creating init config 
157616     DEBUG main            d.u.i.k.p.i.AbstractProblemLoader Init config took 2.13s 
157628     INFO  main            d.u.i.k.p.i.AbstractProblemLoader Replaying proof contraposition.key 
157629     DEBUG main            d.u.i.k.p.i.IntermediateProofReplayer Proof replay took 5.1ns 
157730     INFO  main            d.u.i.k.p.r.p.TestFile    ... finished proof: closed. 
157985     INFO  main            d.u.i.k.p.i.AbstractProblemLoader Loading environment from /home/runner/work/key/key/key.core/../key.ui/examples/standard_key/prop_log/contraposition.key.proof 
157985     DEBUG main            d.u.i.k.p.i.AbstractProblemLoader Environment load took 88.2ns 
157986     INFO  main            d.u.i.k.p.i.AbstractProblemLoader Creating init config 
160085     DEBUG main            d.u.i.k.p.i.AbstractProblemLoader Init config took 2.1s 
160097     INFO  main            d.u.i.k.p.i.AbstractProblemLoader Replaying proof contraposition.key.proof 
160098     DEBUG main            d.u.i.k.p.i.IntermediateProofReplayer Proof replay took 397.4ns 
160099     DEBUG main            d.u.i.k.p.r.p.TestFile    ... success: reloaded. 
160099     INFO  main            d.u.i.k.p.r.p.TestFile    Now processing file /home/runner/work/key/key/key.core/../key.ui/examples/standard_key/quantifiers/elimination0.key 
160099     INFO  main            d.u.i.k.p.i.AbstractProblemLoader Loading environment from /home/runner/work/key/key/key.core/../key.ui/examples/standard_key/quantifiers/elimination0.key 
160099     DEBUG main            d.u.i.k.p.i.AbstractProblemLoader Environment load took 41.2ns 
160100     INFO  main            d.u.i.k.p.i.AbstractProblemLoader Creating init config 
162221     DEBUG main            d.u.i.k.p.i.AbstractProblemLoader Init config took 2.12s 
162235     INFO  main            d.u.i.k.p.i.AbstractProblemLoader Replaying proof elimination0.key 
162236     DEBUG main            d.u.i.k.p.i.IntermediateProofReplayer Proof replay took 5ns 
162338     INFO  main            d.u.i.k.p.r.p.TestFile    ... finished proof: closed. 
162590     INFO  main            d.u.i.k.p.i.AbstractProblemLoader Loading environment from /home/runner/work/key/key/key.core/../key.ui/examples/standard_key/quantifiers/elimination0.key.proof 
162590     DEBUG main            d.u.i.k.p.i.AbstractProblemLoader Environment load took 80.5ns 
162591     INFO  main            d.u.i.k.p.i.AbstractProblemLoader Creating init config 
164687     DEBUG main            d.u.i.k.p.i.AbstractProblemLoader Init config took 2.1s 
164698     INFO  main            d.u.i.k.p.i.AbstractProblemLoader Replaying proof elimination0.key.proof 
164701     DEBUG main            d.u.i.k.p.i.IntermediateProofReplayer Proof replay took 957.9ns 
164701     DEBUG main            d.u.i.k.p.r.p.TestFile    ... success: reloaded. 
164702     INFO  main            d.u.i.k.p.r.p.TestFile    Now processing file /home/runner/work/key/key/key.core/../key.ui/examples/standard_key/quantifiers/heuristic_PUZ001p1-eq.key 
164702     INFO  main            d.u.i.k.p.i.AbstractProblemLoader Loading environment from /home/runner/work/key/key/key.core/../key.ui/examples/standard_key/quantifiers/heuristic_PUZ001p1-eq.key 
164702     DEBUG main            d.u.i.k.p.i.AbstractProblemLoader Environment load took 70.6ns 
164703     INFO  main            d.u.i.k.p.i.AbstractProblemLoader Creating init config 
166849     DEBUG main            d.u.i.k.p.i.AbstractProblemLoader Init config took 2.15s 
166861     INFO  main            d.u.i.k.p.i.AbstractProblemLoader Replaying proof heuristic_PUZ001p1-eq.key 
166863     DEBUG main            d.u.i.k.p.i.IntermediateProofReplayer Proof replay took 5.4ns 
166967     INFO  main            d.u.i.k.p.r.p.TestFile    ... finished proof: closed. 
167228     INFO  main            d.u.i.k.p.i.AbstractProblemLoader Loading environment from /home/runner/work/key/key/key.core/../key.ui/examples/standard_key/quantifiers/heuristic_PUZ001p1-eq.key.proof 
167228     DEBUG main            d.u.i.k.p.i.AbstractProblemLoader Environment load took 96.2ns 
167230     INFO  main            d.u.i.k.p.i.AbstractProblemLoader Creating init config 
169340     DEBUG main            d.u.i.k.p.i.AbstractProblemLoader Init config took 2.11s 
169353     INFO  main            d.u.i.k.p.i.AbstractProblemLoader Replaying proof heuristic_PUZ001p1-eq.key.proof 
169362     DEBUG main            d.u.i.k.p.i.IntermediateProofReplayer Proof replay took 7.31ms 
169363     DEBUG main            d.u.i.k.p.r.p.TestFile    ... success: reloaded. 
169363     INFO  main            d.u.i.k.p.r.p.TestFile    Now processing file /home/runner/work/key/key/key.core/../key.ui/examples/standard_key/quantifiers/heuristic_PUZ001p1.key 
169364     INFO  main            d.u.i.k.p.i.AbstractProblemLoader Loading environment from /home/runner/work/key/key/key.core/../key.ui/examples/standard_key/quantifiers/heuristic_PUZ001p1.key 
169364     DEBUG main            d.u.i.k.p.i.AbstractProblemLoader Environment load took 70.6ns 
169365     INFO  main            d.u.i.k.p.i.AbstractProblemLoader Creating init config 
171499     DEBUG main            d.u.i.k.p.i.AbstractProblemLoader Init config took 2.13s 
171513     INFO  main            d.u.i.k.p.i.AbstractProblemLoader Replaying proof heuristic_PUZ001p1.key 
171514     DEBUG main            d.u.i.k.p.i.IntermediateProofReplayer Proof replay took 6.2ns 
172736     INFO  main            d.u.i.k.p.r.p.TestFile    ... finished proof: closed. 
173017     INFO  main            d.u.i.k.p.i.AbstractProblemLoader Loading environment from /home/runner/work/key/key/key.core/../key.ui/examples/standard_key/quantifiers/heuristic_PUZ001p1.key.proof 
173017     DEBUG main            d.u.i.k.p.i.AbstractProblemLoader Environment load took 308.6ns 
173019     INFO  main            d.u.i.k.p.i.AbstractProblemLoader Creating init config 
175111     DEBUG main            d.u.i.k.p.i.AbstractProblemLoader Init config took 2.09s 
175125     INFO  main            d.u.i.k.p.i.AbstractProblemLoader Replaying proof heuristic_PUZ001p1.key.proof 
175165     DEBUG main            d.u.i.k.p.i.IntermediateProofReplayer Proof replay took 35.88ms 
175166     DEBUG main            d.u.i.k.p.r.p.TestFile    ... success: reloaded. 
175167     INFO  main            d.u.i.k.p.r.p.TestFile    Now processing file /home/runner/work/key/key/key.core/../key.ui/examples/standard_key/quantifiers/heuristic_PUZ031p1.key 
175167     INFO  main            d.u.i.k.p.i.AbstractProblemLoader Loading environment from /home/runner/work/key/key/key.core/../key.ui/examples/standard_key/quantifiers/heuristic_PUZ031p1.key 
175167     DEBUG main            d.u.i.k.p.i.AbstractProblemLoader Environment load took 169.8ns 
175169     INFO  main            d.u.i.k.p.i.AbstractProblemLoader Creating init config 
177318     DEBUG main            d.u.i.k.p.i.AbstractProblemLoader Init config took 2.15s 
177347     INFO  main            d.u.i.k.p.i.AbstractProblemLoader Replaying proof heuristic_PUZ031p1.key 
177348     DEBUG main            d.u.i.k.p.i.IntermediateProofReplayer Proof replay took 5.8ns 
181865     INFO  main            d.u.i.k.p.r.p.TestFile    ... finished proof: closed. 
182163     INFO  main            d.u.i.k.p.i.AbstractProblemLoader Loading environment from /home/runner/work/key/key/key.core/../key.ui/examples/standard_key/quantifiers/heuristic_PUZ031p1.key.proof 
182163     DEBUG main            d.u.i.k.p.i.AbstractProblemLoader Environment load took 476.6ns 
182165     INFO  main            d.u.i.k.p.i.AbstractProblemLoader Creating init config 
184276     DEBUG main            d.u.i.k.p.i.AbstractProblemLoader Init config took 2.11s 
184290     INFO  main            d.u.i.k.p.i.AbstractProblemLoader Replaying proof heuristic_PUZ031p1.key.proof 
184344     DEBUG main            d.u.i.k.p.i.IntermediateProofReplayer Proof replay took 51.09ms 
184346     DEBUG main            d.u.i.k.p.r.p.TestFile    ... success: reloaded. 
184346     INFO  main            d.u.i.k.p.r.p.TestFile    Now processing file /home/runner/work/key/key/key.core/../key.ui/examples/standard_key/quantifiers/heuristic_SYN036p2.key 
184346     INFO  main            d.u.i.k.p.i.AbstractProblemLoader Loading environment from /home/runner/work/key/key/key.core/../key.ui/examples/standard_key/quantifiers/heuristic_SYN036p2.key 
184347     DEBUG main            d.u.i.k.p.i.AbstractProblemLoader Environment load took 66.8ns 
184347     INFO  main            d.u.i.k.p.i.AbstractProblemLoader Creating init config 
186468     DEBUG main            d.u.i.k.p.i.AbstractProblemLoader Init config took 2.12s 
186480     INFO  main            d.u.i.k.p.i.AbstractProblemLoader Replaying proof heuristic_SYN036p2.key 
186481     DEBUG main            d.u.i.k.p.i.IntermediateProofReplayer Proof replay took 6ns 
186685     INFO  main            d.u.i.k.p.r.p.TestFile    ... finished proof: closed. 
187033     INFO  main            d.u.i.k.p.i.AbstractProblemLoader Loading environment from /home/runner/work/key/key/key.core/../key.ui/examples/standard_key/quantifiers/heuristic_SYN036p2.key.proof 
187033     DEBUG main            d.u.i.k.p.i.AbstractProblemLoader Environment load took 294.1ns 
187034     INFO  main            d.u.i.k.p.i.AbstractProblemLoader Creating init config 
189110     DEBUG main            d.u.i.k.p.i.AbstractProblemLoader Init config took 2.08s 
189122     INFO  main            d.u.i.k.p.i.AbstractProblemLoader Replaying proof heuristic_SYN036p2.key.proof 
189189     DEBUG main            d.u.i.k.p.i.IntermediateProofReplayer Proof replay took 58.67ms 
189190     DEBUG main            d.u.i.k.p.r.p.TestFile    ... success: reloaded. 
189191     INFO  main            d.u.i.k.p.r.p.TestFile    Now processing file /home/runner/work/key/key/key.core/../key.ui/examples/standard_key/quantifiers/injectivity.key 
189192     INFO  main            d.u.i.k.p.i.AbstractProblemLoader Loading environment from /home/runner/work/key/key/key.core/../key.ui/examples/standard_key/quantifiers/injectivity.key 
189192     DEBUG main            d.u.i.k.p.i.AbstractProblemLoader Environment load took 144.3ns 
189193     INFO  main            d.u.i.k.p.i.AbstractProblemLoader Creating init config 
191297     DEBUG main            d.u.i.k.p.i.AbstractProblemLoader Init config took 2.1s 
191309     INFO  main            d.u.i.k.p.i.AbstractProblemLoader Replaying proof injectivity.key 
191310     DEBUG main            d.u.i.k.p.i.IntermediateProofReplayer Proof replay took 5.1ns 
191412     INFO  main            d.u.i.k.p.r.p.TestFile    ... finished proof: closed. 
191704     INFO  main            d.u.i.k.p.i.AbstractProblemLoader Loading environment from /home/runner/work/key/key/key.core/../key.ui/examples/standard_key/quantifiers/injectivity.key.proof 
191704     DEBUG main            d.u.i.k.p.i.AbstractProblemLoader Environment load took 77.8ns 
191705     INFO  main            d.u.i.k.p.i.AbstractProblemLoader Creating init config 
193778     DEBUG main            d.u.i.k.p.i.AbstractProblemLoader Init config took 2.07s 
193790     INFO  main            d.u.i.k.p.i.AbstractProblemLoader Replaying proof injectivity.key.proof 
193792     DEBUG main            d.u.i.k.p.i.IntermediateProofReplayer Proof replay took 1.38ms 
193793     DEBUG main            d.u.i.k.p.r.p.TestFile    ... success: reloaded. 
193794     INFO  main            d.u.i.k.p.r.p.TestFile    Now processing file /home/runner/work/key/key/key.core/../key.ui/examples/standard_key/quantifiers/normalisation0.key 
193794     INFO  main            d.u.i.k.p.i.AbstractProblemLoader Loading environment from /home/runner/work/key/key/key.core/../key.ui/examples/standard_key/quantifiers/normalisation0.key 
193794     DEBUG main            d.u.i.k.p.i.AbstractProblemLoader Environment load took 69.8ns 
193795     INFO  main            d.u.i.k.p.i.AbstractProblemLoader Creating init config 
195905     DEBUG main            d.u.i.k.p.i.AbstractProblemLoader Init config took 2.11s 
195917     INFO  main            d.u.i.k.p.i.AbstractProblemLoader Replaying proof normalisation0.key 
195918     DEBUG main            d.u.i.k.p.i.IntermediateProofReplayer Proof replay took 5.4ns 
196022     INFO  main            d.u.i.k.p.r.p.TestFile    ... finished proof: closed. 
196314     INFO  main            d.u.i.k.p.i.AbstractProblemLoader Loading environment from /home/runner/work/key/key/key.core/../key.ui/examples/standard_key/quantifiers/normalisation0.key.proof 
196314     DEBUG main            d.u.i.k.p.i.AbstractProblemLoader Environment load took 77.9ns 
196315     INFO  main            d.u.i.k.p.i.AbstractProblemLoader Creating init config 
198396     DEBUG main            d.u.i.k.p.i.AbstractProblemLoader Init config took 2.08s 
198408     INFO  main            d.u.i.k.p.i.AbstractProblemLoader Replaying proof normalisation0.key.proof 
198411     DEBUG main            d.u.i.k.p.i.IntermediateProofReplayer Proof replay took 1.75ms 
198411     DEBUG main            d.u.i.k.p.r.p.TestFile    ... success: reloaded. 
198412     INFO  main            d.u.i.k.p.r.p.TestFile    Now processing file /home/runner/work/key/key/key.core/../key.ui/examples/standard_key/quantifiers/normalisation1.key 
198412     INFO  main            d.u.i.k.p.i.AbstractProblemLoader Loading environment from /home/runner/work/key/key/key.core/../key.ui/examples/standard_key/quantifiers/normalisation1.key 
198412     DEBUG main            d.u.i.k.p.i.AbstractProblemLoader Environment load took 44.6ns 
198413     INFO  main            d.u.i.k.p.i.AbstractProblemLoader Creating init config 
200518     DEBUG main            d.u.i.k.p.i.AbstractProblemLoader Init config took 2.1s 
200532     INFO  main            d.u.i.k.p.i.AbstractProblemLoader Replaying proof normalisation1.key 
200533     DEBUG main            d.u.i.k.p.i.IntermediateProofReplayer Proof replay took 5.7ns 
200637     INFO  main            d.u.i.k.p.r.p.TestFile    ... finished proof: closed. 
200941     INFO  main            d.u.i.k.p.i.AbstractProblemLoader Loading environment from /home/runner/work/key/key/key.core/../key.ui/examples/standard_key/quantifiers/normalisation1.key.proof 
200941     DEBUG main            d.u.i.k.p.i.AbstractProblemLoader Environment load took 75ns 
200942     INFO  main            d.u.i.k.p.i.AbstractProblemLoader Creating init config 
203028     DEBUG main            d.u.i.k.p.i.AbstractProblemLoader Init config took 2.09s 
203048     INFO  main            d.u.i.k.p.i.AbstractProblemLoader Replaying proof normalisation1.key.proof 
203052     DEBUG main            d.u.i.k.p.i.IntermediateProofReplayer Proof replay took 2.28ms 
203052     DEBUG main            d.u.i.k.p.r.p.TestFile    ... success: reloaded. 
203053     INFO  main            d.u.i.k.p.r.p.TestFile    Now processing file /home/runner/work/key/key/key.core/../key.ui/examples/standard_key/quantifiers/normalisation2.key 
203053     INFO  main            d.u.i.k.p.i.AbstractProblemLoader Loading environment from /home/runner/work/key/key/key.core/../key.ui/examples/standard_key/quantifiers/normalisation2.key 
203053     DEBUG main            d.u.i.k.p.i.AbstractProblemLoader Environment load took 58.3ns 
203054     INFO  main            d.u.i.k.p.i.AbstractProblemLoader Creating init config 
205162     DEBUG main            d.u.i.k.p.i.AbstractProblemLoader Init config took 2.11s 
205174     INFO  main            d.u.i.k.p.i.AbstractProblemLoader Replaying proof normalisation2.key 
205175     DEBUG main            d.u.i.k.p.i.IntermediateProofReplayer Proof replay took 5ns 
205276     INFO  main            d.u.i.k.p.r.p.TestFile    ... finished proof: closed. 
205570     INFO  main            d.u.i.k.p.i.AbstractProblemLoader Loading environment from /home/runner/work/key/key/key.core/../key.ui/examples/standard_key/quantifiers/normalisation2.key.proof 
205570     DEBUG main            d.u.i.k.p.i.AbstractProblemLoader Environment load took 93ns 
205571     INFO  main            d.u.i.k.p.i.AbstractProblemLoader Creating init config 
207657     DEBUG main            d.u.i.k.p.i.AbstractProblemLoader Init config took 2.09s 
207669     INFO  main            d.u.i.k.p.i.AbstractProblemLoader Replaying proof normalisation2.key.proof 
207672     DEBUG main            d.u.i.k.p.i.IntermediateProofReplayer Proof replay took 1.77ms 
207673     DEBUG main            d.u.i.k.p.r.p.TestFile    ... success: reloaded. 
207674     INFO  main            d.u.i.k.p.r.p.TestFile    Now processing file /home/runner/work/key/key/key.core/../key.ui/examples/standard_key/quantifiers/normalisation3.key 
207674     INFO  main            d.u.i.k.p.i.AbstractProblemLoader Loading environment from /home/runner/work/key/key/key.core/../key.ui/examples/standard_key/quantifiers/normalisation3.key 
207674     DEBUG main            d.u.i.k.p.i.AbstractProblemLoader Environment load took 59.4ns 
207675     INFO  main            d.u.i.k.p.i.AbstractProblemLoader Creating init config 
209784     DEBUG main            d.u.i.k.p.i.AbstractProblemLoader Init config took 2.11s 
209796     INFO  main            d.u.i.k.p.i.AbstractProblemLoader Replaying proof normalisation3.key 
209797     DEBUG main            d.u.i.k.p.i.IntermediateProofReplayer Proof replay took 5.3ns 
209898     INFO  main            d.u.i.k.p.r.p.TestFile    ... finished proof: closed. 
210295     INFO  main            d.u.i.k.p.i.AbstractProblemLoader Loading environment from /home/runner/work/key/key/key.core/../key.ui/examples/standard_key/quantifiers/normalisation3.key.proof 
210295     DEBUG main            d.u.i.k.p.i.AbstractProblemLoader Environment load took 76.5ns 
210296     INFO  main            d.u.i.k.p.i.AbstractProblemLoader Creating init config 
212380     DEBUG main            d.u.i.k.p.i.AbstractProblemLoader Init config took 2.08s 
212392     INFO  main            d.u.i.k.p.i.AbstractProblemLoader Replaying proof normalisation3.key.proof 
212395     DEBUG main            d.u.i.k.p.i.IntermediateProofReplayer Proof replay took 2.03ms 
212395     DEBUG main            d.u.i.k.p.r.p.TestFile    ... success: reloaded. 
212396     INFO  main            d.u.i.k.p.r.p.TestFile    Now processing file /home/runner/work/key/key/key.core/../key.ui/examples/standard_key/quantifiers/normalisation4.key 
212396     INFO  main            d.u.i.k.p.i.AbstractProblemLoader Loading environment from /home/runner/work/key/key/key.core/../key.ui/examples/standard_key/quantifiers/normalisation4.key 
212396     DEBUG main            d.u.i.k.p.i.AbstractProblemLoader Environment load took 61.7ns 
212397     INFO  main            d.u.i.k.p.i.AbstractProblemLoader Creating init config 
214504     DEBUG main            d.u.i.k.p.i.AbstractProblemLoader Init config took 2.11s 
214516     INFO  main            d.u.i.k.p.i.AbstractProblemLoader Replaying proof normalisation4.key 
214517     DEBUG main            d.u.i.k.p.i.IntermediateProofReplayer Proof replay took 5.3ns 
214618     INFO  main            d.u.i.k.p.r.p.TestFile    ... finished proof: closed. 
214924     INFO  main            d.u.i.k.p.i.AbstractProblemLoader Loading environment from /home/runner/work/key/key/key.core/../key.ui/examples/standard_key/quantifiers/normalisation4.key.proof 
214924     DEBUG main            d.u.i.k.p.i.AbstractProblemLoader Environment load took 82.1ns 
214925     INFO  main            d.u.i.k.p.i.AbstractProblemLoader Creating init config 
217007     DEBUG main            d.u.i.k.p.i.AbstractProblemLoader Init config took 2.08s 
217019     INFO  main            d.u.i.k.p.i.AbstractProblemLoader Replaying proof normalisation4.key.proof 
217024     DEBUG main            d.u.i.k.p.i.IntermediateProofReplayer Proof replay took 3.97ms 
217025     DEBUG main            d.u.i.k.p.r.p.TestFile    ... success: reloaded. 
217025     INFO  main            d.u.i.k.p.r.p.TestFile    Now processing file /home/runner/work/key/key/key.core/../key.ui/examples/standard_key/quantifiers/normalisation5.key 
217026     INFO  main            d.u.i.k.p.i.AbstractProblemLoader Loading environment from /home/runner/work/key/key/key.core/../key.ui/examples/standard_key/quantifiers/normalisation5.key 
217026     DEBUG main            d.u.i.k.p.i.AbstractProblemLoader Environment load took 70.3ns 
217027     INFO  main            d.u.i.k.p.i.AbstractProblemLoader Creating init config 
219133     DEBUG main            d.u.i.k.p.i.AbstractProblemLoader Init config took 2.11s 
219145     INFO  main            d.u.i.k.p.i.AbstractProblemLoader Replaying proof normalisation5.key 
219146     DEBUG main            d.u.i.k.p.i.IntermediateProofReplayer Proof replay took 5.5ns 
219247     INFO  main            d.u.i.k.p.r.p.TestFile    ... finished proof: closed. 
219554     INFO  main            d.u.i.k.p.i.AbstractProblemLoader Loading environment from /home/runner/work/key/key/key.core/../key.ui/examples/standard_key/quantifiers/normalisation5.key.proof 
219554     DEBUG main            d.u.i.k.p.i.AbstractProblemLoader Environment load took 80.6ns 
219555     INFO  main            d.u.i.k.p.i.AbstractProblemLoader Creating init config 
221638     DEBUG main            d.u.i.k.p.i.AbstractProblemLoader Init config took 2.08s 
221650     INFO  main            d.u.i.k.p.i.AbstractProblemLoader Replaying proof normalisation5.key.proof 
221654     DEBUG main            d.u.i.k.p.i.IntermediateProofReplayer Proof replay took 3.04ms 
221655     DEBUG main            d.u.i.k.p.r.p.TestFile    ... success: reloaded. 
221656     INFO  main            d.u.i.k.p.r.p.TestFile    Now processing file /home/runner/work/key/key/key.core/../key.ui/examples/standard_key/quantifiers/normalisation6.key 
221656     INFO  main            d.u.i.k.p.i.AbstractProblemLoader Loading environment from /home/runner/work/key/key/key.core/../key.ui/examples/standard_key/quantifiers/normalisation6.key 
221656     DEBUG main            d.u.i.k.p.i.AbstractProblemLoader Environment load took 77.7ns 
221657     INFO  main            d.u.i.k.p.i.AbstractProblemLoader Creating init config 
223777     DEBUG main            d.u.i.k.p.i.AbstractProblemLoader Init config took 2.12s 
223789     INFO  main            d.u.i.k.p.i.AbstractProblemLoader Replaying proof normalisation6.key 
223790     DEBUG main            d.u.i.k.p.i.IntermediateProofReplayer Proof replay took 6.4ns 
223891     INFO  main            d.u.i.k.p.r.p.TestFile    ... finished proof: closed. 
224202     INFO  main            d.u.i.k.p.i.AbstractProblemLoader Loading environment from /home/runner/work/key/key/key.core/../key.ui/examples/standard_key/quantifiers/normalisation6.key.proof 
224203     DEBUG main            d.u.i.k.p.i.AbstractProblemLoader Environment load took 71.6ns 
224203     INFO  main            d.u.i.k.p.i.AbstractProblemLoader Creating init config 
226284     DEBUG main            d.u.i.k.p.i.AbstractProblemLoader Init config took 2.08s 
226296     INFO  main            d.u.i.k.p.i.AbstractProblemLoader Replaying proof normalisation6.key.proof 
226300     DEBUG main            d.u.i.k.p.i.IntermediateProofReplayer Proof replay took 1.98ms 
226300     DEBUG main            d.u.i.k.p.r.p.TestFile    ... success: reloaded. 
226301     INFO  main            d.u.i.k.p.r.p.TestFile    Now processing file /home/runner/work/key/key/key.core/../key.ui/examples/standard_key/quantifiers/normalisation7.key 
226301     INFO  main            d.u.i.k.p.i.AbstractProblemLoader Loading environment from /home/runner/work/key/key/key.core/../key.ui/examples/standard_key/quantifiers/normalisation7.key 
226301     DEBUG main            d.u.i.k.p.i.AbstractProblemLoader Environment load took 50.5ns 
226302     INFO  main            d.u.i.k.p.i.AbstractProblemLoader Creating init config 
228413     DEBUG main            d.u.i.k.p.i.AbstractProblemLoader Init config took 2.11s 
228425     INFO  main            d.u.i.k.p.i.AbstractProblemLoader Replaying proof normalisation7.key 
228426     DEBUG main            d.u.i.k.p.i.IntermediateProofReplayer Proof replay took 6.3ns 
228528     INFO  main            d.u.i.k.p.r.p.TestFile    ... finished proof: closed. 
228848     INFO  main            d.u.i.k.p.i.AbstractProblemLoader Loading environment from /home/runner/work/key/key/key.core/../key.ui/examples/standard_key/quantifiers/normalisation7.key.proof 
228848     DEBUG main            d.u.i.k.p.i.AbstractProblemLoader Environment load took 91.9ns 
228848     INFO  main            d.u.i.k.p.i.AbstractProblemLoader Creating init config 
230925     DEBUG main            d.u.i.k.p.i.AbstractProblemLoader Init config took 2.08s 
230938     INFO  main            d.u.i.k.p.i.AbstractProblemLoader Replaying proof normalisation7.key.proof 
230941     DEBUG main            d.u.i.k.p.i.IntermediateProofReplayer Proof replay took 1.77ms 
230941     DEBUG main            d.u.i.k.p.r.p.TestFile    ... success: reloaded. 
230942     INFO  main            d.u.i.k.p.r.p.TestFile    Now processing file /home/runner/work/key/key/key.core/../key.ui/examples/standard_key/quantifiers/normalisation8.key 
230942     INFO  main            d.u.i.k.p.i.AbstractProblemLoader Loading environment from /home/runner/work/key/key/key.core/../key.ui/examples/standard_key/quantifiers/normalisation8.key 
230942     DEBUG main            d.u.i.k.p.i.AbstractProblemLoader Environment load took 42.2ns 
230943     INFO  main            d.u.i.k.p.i.AbstractProblemLoader Creating init config 
233051     DEBUG main            d.u.i.k.p.i.AbstractProblemLoader Init config took 2.11s 
233066     INFO  main            d.u.i.k.p.i.AbstractProblemLoader Replaying proof normalisation8.key 
233067     DEBUG main            d.u.i.k.p.i.IntermediateProofReplayer Proof replay took 5.5ns 
233169     INFO  main            d.u.i.k.p.r.p.TestFile    ... finished proof: closed. 
233486     INFO  main            d.u.i.k.p.i.AbstractProblemLoader Loading environment from /home/runner/work/key/key/key.core/../key.ui/examples/standard_key/quantifiers/normalisation8.key.proof 
233486     DEBUG main            d.u.i.k.p.i.AbstractProblemLoader Environment load took 81.7ns 
233487     INFO  main            d.u.i.k.p.i.AbstractProblemLoader Creating init config 
235568     DEBUG main            d.u.i.k.p.i.AbstractProblemLoader Init config took 2.08s 
235580     INFO  main            d.u.i.k.p.i.AbstractProblemLoader Replaying proof normalisation8.key.proof 
235585     DEBUG main            d.u.i.k.p.i.IntermediateProofReplayer Proof replay took 3.99ms 
235586     DEBUG main            d.u.i.k.p.r.p.TestFile    ... success: reloaded. 
235587     INFO  main            d.u.i.k.p.r.p.TestFile    Now processing file /home/runner/work/key/key/key.core/../key.ui/examples/standard_key/quantifiers/normalisation9.key 
235587     INFO  main            d.u.i.k.p.i.AbstractProblemLoader Loading environment from /home/runner/work/key/key/key.core/../key.ui/examples/standard_key/quantifiers/normalisation9.key 
235587     DEBUG main            d.u.i.k.p.i.AbstractProblemLoader Environment load took 56.8ns 
235588     INFO  main            d.u.i.k.p.i.AbstractProblemLoader Creating init config 
237692     DEBUG main            d.u.i.k.p.i.AbstractProblemLoader Init config took 2.1s 
237704     INFO  main            d.u.i.k.p.i.AbstractProblemLoader Replaying proof normalisation9.key 
237705     DEBUG main            d.u.i.k.p.i.IntermediateProofReplayer Proof replay took 5.2ns 
237807     INFO  main            d.u.i.k.p.r.p.TestFile    ... finished proof: closed. 
238141     INFO  main            d.u.i.k.p.i.AbstractProblemLoader Loading environment from /home/runner/work/key/key/key.core/../key.ui/examples/standard_key/quantifiers/normalisation9.key.proof 
238141     DEBUG main            d.u.i.k.p.i.AbstractProblemLoader Environment load took 74.6ns 
238142     INFO  main            d.u.i.k.p.i.AbstractProblemLoader Creating init config 
240218     DEBUG main            d.u.i.k.p.i.AbstractProblemLoader Init config took 2.08s 
240233     INFO  main            d.u.i.k.p.i.AbstractProblemLoader Replaying proof normalisation9.key.proof 
240239     DEBUG main            d.u.i.k.p.i.IntermediateProofReplayer Proof replay took 5.33ms 
240240     DEBUG main            d.u.i.k.p.r.p.TestFile    ... success: reloaded. 
240241     INFO  main            d.u.i.k.p.r.p.TestFile    Now processing file /home/runner/work/key/key/key.core/../key.ui/examples/standard_key/quantifiers/normalisation10.key 
240241     INFO  main            d.u.i.k.p.i.AbstractProblemLoader Loading environment from /home/runner/work/key/key/key.core/../key.ui/examples/standard_key/quantifiers/normalisation10.key 
240241     DEBUG main            d.u.i.k.p.i.AbstractProblemLoader Environment load took 42.1ns 
240242     INFO  main            d.u.i.k.p.i.AbstractProblemLoader Creating init config 
242367     DEBUG main            d.u.i.k.p.i.AbstractProblemLoader Init config took 2.12s 
242379     INFO  main            d.u.i.k.p.i.AbstractProblemLoader Replaying proof normalisation10.key 
242381     DEBUG main            d.u.i.k.p.i.IntermediateProofReplayer Proof replay took 5ns 
242482     INFO  main            d.u.i.k.p.r.p.TestFile    ... finished proof: closed. 
242868     INFO  main            d.u.i.k.p.i.AbstractProblemLoader Loading environment from /home/runner/work/key/key/key.core/../key.ui/examples/standard_key/quantifiers/normalisation10.key.proof 
242868     DEBUG main            d.u.i.k.p.i.AbstractProblemLoader Environment load took 74.6ns 
242869     INFO  main            d.u.i.k.p.i.AbstractProblemLoader Creating init config 
244954     DEBUG main            d.u.i.k.p.i.AbstractProblemLoader Init config took 2.08s 
244966     INFO  main            d.u.i.k.p.i.AbstractProblemLoader Replaying proof normalisation10.key.proof 
244971     DEBUG main            d.u.i.k.p.i.IntermediateProofReplayer Proof replay took 4.27ms 
244972     DEBUG main            d.u.i.k.p.r.p.TestFile    ... success: reloaded. 
244973     INFO  main            d.u.i.k.p.r.p.TestFile    Now processing file /home/runner/work/key/key/key.core/../key.ui/examples/standard_key/quantifiers/normalisation12.key 
244973     INFO  main            d.u.i.k.p.i.AbstractProblemLoader Loading environment from /home/runner/work/key/key/key.core/../key.ui/examples/standard_key/quantifiers/normalisation12.key 
244973     DEBUG main            d.u.i.k.p.i.AbstractProblemLoader Environment load took 40.8ns 
244974     INFO  main            d.u.i.k.p.i.AbstractProblemLoader Creating init config 
247093     DEBUG main            d.u.i.k.p.i.AbstractProblemLoader Init config took 2.12s 
247104     INFO  main            d.u.i.k.p.i.AbstractProblemLoader Replaying proof normalisation12.key 
247106     DEBUG main            d.u.i.k.p.i.IntermediateProofReplayer Proof replay took 5.9ns 
247207     INFO  main            d.u.i.k.p.r.p.TestFile    ... finished proof: closed. 
247545     INFO  main            d.u.i.k.p.i.AbstractProblemLoader Loading environment from /home/runner/work/key/key/key.core/../key.ui/examples/standard_key/quantifiers/normalisation12.key.proof 
247545     DEBUG main            d.u.i.k.p.i.AbstractProblemLoader Environment load took 70.9ns 
247546     INFO  main            d.u.i.k.p.i.AbstractProblemLoader Creating init config 
249631     DEBUG main            d.u.i.k.p.i.AbstractProblemLoader Init config took 2.08s 
249643     INFO  main            d.u.i.k.p.i.AbstractProblemLoader Replaying proof normalisation12.key.proof 
249645     DEBUG main            d.u.i.k.p.i.IntermediateProofReplayer Proof replay took 1.02ms 
249646     DEBUG main            d.u.i.k.p.r.p.TestFile    ... success: reloaded. 
249646     INFO  main            d.u.i.k.p.r.p.TestFile    Now processing file /home/runner/work/key/key/key.core/../key.ui/examples/standard_key/quantifiers/normalisation13.key 
249646     INFO  main            d.u.i.k.p.i.AbstractProblemLoader Loading environment from /home/runner/work/key/key/key.core/../key.ui/examples/standard_key/quantifiers/normalisation13.key 
249647     DEBUG main            d.u.i.k.p.i.AbstractProblemLoader Environment load took 63.7ns 
249647     INFO  main            d.u.i.k.p.i.AbstractProblemLoader Creating init config 
251770     DEBUG main            d.u.i.k.p.i.AbstractProblemLoader Init config took 2.12s 
251782     INFO  main            d.u.i.k.p.i.AbstractProblemLoader Replaying proof normalisation13.key 
251783     DEBUG main            d.u.i.k.p.i.IntermediateProofReplayer Proof replay took 5.5ns 
251885     INFO  main            d.u.i.k.p.r.p.TestFile    ... finished proof: closed. 
252226     INFO  main            d.u.i.k.p.i.AbstractProblemLoader Loading environment from /home/runner/work/key/key/key.core/../key.ui/examples/standard_key/quantifiers/normalisation13.key.proof 
252226     DEBUG main            d.u.i.k.p.i.AbstractProblemLoader Environment load took 94.6ns 
252227     INFO  main            d.u.i.k.p.i.AbstractProblemLoader Creating init config 
254306     DEBUG main            d.u.i.k.p.i.AbstractProblemLoader Init config took 2.08s 
254318     INFO  main            d.u.i.k.p.i.AbstractProblemLoader Replaying proof normalisation13.key.proof 
254321     DEBUG main            d.u.i.k.p.i.IntermediateProofReplayer Proof replay took 450.8ns 
254321     DEBUG main            d.u.i.k.p.r.p.TestFile    ... success: reloaded. 
254322     INFO  main            d.u.i.k.p.r.p.TestFile    Now processing file /home/runner/work/key/key/key.core/../key.ui/examples/standard_key/quantifiers/triggers0.key 
254322     INFO  main            d.u.i.k.p.i.AbstractProblemLoader Loading environment from /home/runner/work/key/key/key.core/../key.ui/examples/standard_key/quantifiers/triggers0.key 
254322     DEBUG main            d.u.i.k.p.i.AbstractProblemLoader Environment load took 43.9ns 
254323     INFO  main            d.u.i.k.p.i.AbstractProblemLoader Creating init config 
256441     DEBUG main            d.u.i.k.p.i.AbstractProblemLoader Init config took 2.12s 
256453     INFO  main            d.u.i.k.p.i.AbstractProblemLoader Replaying proof triggers0.key 
256454     DEBUG main            d.u.i.k.p.i.IntermediateProofReplayer Proof replay took 5.4ns 
256555     INFO  main            d.u.i.k.p.r.p.TestFile    ... finished proof: closed. 
256907     INFO  main            d.u.i.k.p.i.AbstractProblemLoader Loading environment from /home/runner/work/key/key/key.core/../key.ui/examples/standard_key/quantifiers/triggers0.key.proof 
256907     DEBUG main            d.u.i.k.p.i.AbstractProblemLoader Environment load took 78.5ns 
256908     INFO  main            d.u.i.k.p.i.AbstractProblemLoader Creating init config 
258981     DEBUG main            d.u.i.k.p.i.AbstractProblemLoader Init config took 2.07s 
258994     INFO  main            d.u.i.k.p.i.AbstractProblemLoader Replaying proof triggers0.key.proof 
258996     DEBUG main            d.u.i.k.p.i.IntermediateProofReplayer Proof replay took 1.19ms 
258997     DEBUG main            d.u.i.k.p.r.p.TestFile    ... success: reloaded. 
3665524    INFO  Test worker     d.u.i.k.p.r.RunAllProofsTestUnit Returning from test FOL 
3665524    INFO  Test worker     d.u.i.k.p.r.RunAllProofsTestUnit Running test strings 
312        INFO  Timeout watchdog d.u.i.k.p.r.p.ForkedTestFileRunner Timeout watcher launched (2000 secs.) 
324        WARN  main            d.u.i.k.s.ProofSettings   The settings in /home/runner/.key/proof-settings.props are *not* read. 
351        INFO  main            d.u.i.k.p.r.p.TestFile    Now processing file /home/runner/work/key/key/key.core/../key.ui/examples/standard_key/strings/charAt0.key 
456        INFO  main            d.u.i.k.p.i.AbstractProblemLoader Loading environment from /home/runner/work/key/key/key.core/../key.ui/examples/standard_key/strings/charAt0.key 
482        DEBUG main            d.u.i.k.p.i.AbstractProblemLoader Environment load took 1.88ms 
742        INFO  main            d.u.i.k.p.i.AbstractProblemLoader Creating init config 
1567       DEBUG main            d.u.i.k.j.TypeConverter   No LDT found for Meta 
1568       DEBUG main            d.u.i.k.j.TypeConverter   No LDT found for Meta 
1571       DEBUG main            d.u.i.k.j.TypeConverter   No LDT found for Meta 
1571       DEBUG main            d.u.i.k.j.TypeConverter   No LDT found for Meta 
2740       DEBUG main            d.u.i.k.j.TypeConverter   No LDT found for JavaBigintExpression 
7399       DEBUG main            d.u.i.k.p.i.AbstractProblemLoader Init config took 6.66s 
7463       INFO  main            d.u.i.k.p.i.AbstractProblemLoader Replaying proof charAt0.key 
7491       DEBUG main            d.u.i.k.p.i.IntermediateProofReplayer Proof replay took 31.6ns 
7860       INFO  main            d.u.i.k.p.r.p.TestFile    ... finished proof: closed. 
7951       INFO  main            d.u.i.k.p.i.AbstractProblemLoader Loading environment from /home/runner/work/key/key/key.core/../key.ui/examples/standard_key/strings/charAt0.key.proof 
7951       DEBUG main            d.u.i.k.p.i.AbstractProblemLoader Environment load took 349ns 
7956       INFO  main            d.u.i.k.p.i.AbstractProblemLoader Creating init config 
10699      DEBUG main            d.u.i.k.p.i.AbstractProblemLoader Init config took 2.74s 
10729      INFO  main            d.u.i.k.p.i.AbstractProblemLoader Replaying proof charAt0.key.proof 
10759      DEBUG main            d.u.i.k.p.i.IntermediateProofReplayer Proof replay took 23.31ms 
10772      DEBUG main            d.u.i.k.p.r.p.TestFile    ... success: reloaded. 
10775      INFO  main            d.u.i.k.p.r.p.TestFile    Now processing file /home/runner/work/key/key/key.core/../key.ui/examples/standard_key/strings/charAt1.key 
10776      INFO  main            d.u.i.k.p.i.AbstractProblemLoader Loading environment from /home/runner/work/key/key/key.core/../key.ui/examples/standard_key/strings/charAt1.key 
10776      DEBUG main            d.u.i.k.p.i.AbstractProblemLoader Environment load took 107ns 
10779      INFO  main            d.u.i.k.p.i.AbstractProblemLoader Creating init config 
13493      DEBUG main            d.u.i.k.p.i.AbstractProblemLoader Init config took 2.71s 
13521      INFO  main            d.u.i.k.p.i.AbstractProblemLoader Replaying proof charAt1.key 
13523      DEBUG main            d.u.i.k.p.i.IntermediateProofReplayer Proof replay took 6.2ns 
13626      INFO  main            d.u.i.k.p.r.p.TestFile    ... finished proof: closed. 
13741      INFO  main            d.u.i.k.p.i.AbstractProblemLoader Loading environment from /home/runner/work/key/key/key.core/../key.ui/examples/standard_key/strings/charAt1.key.proof 
13741      DEBUG main            d.u.i.k.p.i.AbstractProblemLoader Environment load took 465.9ns 
13743      INFO  main            d.u.i.k.p.i.AbstractProblemLoader Creating init config 
16299      DEBUG main            d.u.i.k.p.i.AbstractProblemLoader Init config took 2.56s 
16320      INFO  main            d.u.i.k.p.i.AbstractProblemLoader Replaying proof charAt1.key.proof 
16338      DEBUG main            d.u.i.k.p.i.IntermediateProofReplayer Proof replay took 15.34ms 
16339      DEBUG main            d.u.i.k.p.r.p.TestFile    ... success: reloaded. 
16340      INFO  main            d.u.i.k.p.r.p.TestFile    Now processing file /home/runner/work/key/key/key.core/../key.ui/examples/standard_key/strings/concat1.key 
16340      INFO  main            d.u.i.k.p.i.AbstractProblemLoader Loading environment from /home/runner/work/key/key/key.core/../key.ui/examples/standard_key/strings/concat1.key 
16341      DEBUG main            d.u.i.k.p.i.AbstractProblemLoader Environment load took 167.4ns 
16342      INFO  main            d.u.i.k.p.i.AbstractProblemLoader Creating init config 
18880      DEBUG main            d.u.i.k.p.i.AbstractProblemLoader Init config took 2.54s 
18899      INFO  main            d.u.i.k.p.i.AbstractProblemLoader Replaying proof concat1.key 
18905      DEBUG main            d.u.i.k.p.i.IntermediateProofReplayer Proof replay took 5.2ns 
19007      INFO  main            d.u.i.k.p.r.p.TestFile    ... finished proof: closed. 
19125      INFO  main            d.u.i.k.p.i.AbstractProblemLoader Loading environment from /home/runner/work/key/key/key.core/../key.ui/examples/standard_key/strings/concat1.key.proof 
19125      DEBUG main            d.u.i.k.p.i.AbstractProblemLoader Environment load took 109.7ns 
19126      INFO  main            d.u.i.k.p.i.AbstractProblemLoader Creating init config 
21678      DEBUG main            d.u.i.k.p.i.AbstractProblemLoader Init config took 2.55s 
21697      INFO  main            d.u.i.k.p.i.AbstractProblemLoader Replaying proof concat1.key.proof 
21700      DEBUG main            d.u.i.k.p.i.IntermediateProofReplayer Proof replay took 1.21ms 
21701      DEBUG main            d.u.i.k.p.r.p.TestFile    ... success: reloaded. 
21701      INFO  main            d.u.i.k.p.r.p.TestFile    Now processing file /home/runner/work/key/key/key.core/../key.ui/examples/standard_key/strings/concat2.key 
21701      INFO  main            d.u.i.k.p.i.AbstractProblemLoader Loading environment from /home/runner/work/key/key/key.core/../key.ui/examples/standard_key/strings/concat2.key 
21701      DEBUG main            d.u.i.k.p.i.AbstractProblemLoader Environment load took 70.6ns 
21702      INFO  main            d.u.i.k.p.i.AbstractProblemLoader Creating init config 
24260      DEBUG main            d.u.i.k.p.i.AbstractProblemLoader Init config took 2.56s 
24279      INFO  main            d.u.i.k.p.i.AbstractProblemLoader Replaying proof concat2.key 
24281      DEBUG main            d.u.i.k.p.i.IntermediateProofReplayer Proof replay took 5ns 
24383      INFO  main            d.u.i.k.p.r.p.TestFile    ... finished proof: closed. 
24502      INFO  main            d.u.i.k.p.i.AbstractProblemLoader Loading environment from /home/runner/work/key/key/key.core/../key.ui/examples/standard_key/strings/concat2.key.proof 
24503      DEBUG main            d.u.i.k.p.i.AbstractProblemLoader Environment load took 106.2ns 
24504      INFO  main            d.u.i.k.p.i.AbstractProblemLoader Creating init config 
27050      DEBUG main            d.u.i.k.p.i.AbstractProblemLoader Init config took 2.55s 
27068      INFO  main            d.u.i.k.p.i.AbstractProblemLoader Replaying proof concat2.key.proof 
27086      DEBUG main            d.u.i.k.p.i.IntermediateProofReplayer Proof replay took 15.18ms 
27087      DEBUG main            d.u.i.k.p.r.p.TestFile    ... success: reloaded. 
27088      INFO  main            d.u.i.k.p.r.p.TestFile    Now processing file /home/runner/work/key/key/key.core/../key.ui/examples/standard_key/strings/deriveLength1.key 
27088      INFO  main            d.u.i.k.p.i.AbstractProblemLoader Loading environment from /home/runner/work/key/key/key.core/../key.ui/examples/standard_key/strings/deriveLength1.key 
27088      DEBUG main            d.u.i.k.p.i.AbstractProblemLoader Environment load took 83.4ns 
27089      INFO  main            d.u.i.k.p.i.AbstractProblemLoader Creating init config 
29644      DEBUG main            d.u.i.k.p.i.AbstractProblemLoader Init config took 2.56s 
29662      INFO  main            d.u.i.k.p.i.AbstractProblemLoader Replaying proof deriveLength1.key 
29663      DEBUG main            d.u.i.k.p.i.IntermediateProofReplayer Proof replay took 6ns 
29767      INFO  main            d.u.i.k.p.r.p.TestFile    ... finished proof: closed. 
29899      INFO  main            d.u.i.k.p.i.AbstractProblemLoader Loading environment from /home/runner/work/key/key/key.core/../key.ui/examples/standard_key/strings/deriveLength1.key.proof 
29900      DEBUG main            d.u.i.k.p.i.AbstractProblemLoader Environment load took 105.9ns 
29901      INFO  main            d.u.i.k.p.i.AbstractProblemLoader Creating init config 
32392      DEBUG main            d.u.i.k.p.i.AbstractProblemLoader Init config took 2.49s 
32409      INFO  main            d.u.i.k.p.i.AbstractProblemLoader Replaying proof deriveLength1.key.proof 
32422      DEBUG main            d.u.i.k.p.i.IntermediateProofReplayer Proof replay took 9.89ms 
32422      DEBUG main            d.u.i.k.p.r.p.TestFile    ... success: reloaded. 
32423      INFO  main            d.u.i.k.p.r.p.TestFile    Now processing file /home/runner/work/key/key/key.core/../key.ui/examples/standard_key/strings/emptyStringLengthZero.key 
32423      INFO  main            d.u.i.k.p.i.AbstractProblemLoader Loading environment from /home/runner/work/key/key/key.core/../key.ui/examples/standard_key/strings/emptyStringLengthZero.key 
32424      DEBUG main            d.u.i.k.p.i.AbstractProblemLoader Environment load took 157.2ns 
32425      INFO  main            d.u.i.k.p.i.AbstractProblemLoader Creating init config 
34928      DEBUG main            d.u.i.k.p.i.AbstractProblemLoader Init config took 2.5s 
34945      INFO  main            d.u.i.k.p.i.AbstractProblemLoader Replaying proof emptyStringLengthZero.key 
34946      DEBUG main            d.u.i.k.p.i.IntermediateProofReplayer Proof replay took 5.8ns 
35052      INFO  main            d.u.i.k.p.r.p.TestFile    ... finished proof: closed. 
35187      INFO  main            d.u.i.k.p.i.AbstractProblemLoader Loading environment from /home/runner/work/key/key/key.core/../key.ui/examples/standard_key/strings/emptyStringLengthZero.key.proof 
35187      DEBUG main            d.u.i.k.p.i.AbstractProblemLoader Environment load took 118.3ns 
35188      INFO  main            d.u.i.k.p.i.AbstractProblemLoader Creating init config 
37665      DEBUG main            d.u.i.k.p.i.AbstractProblemLoader Init config took 2.48s 
37682      INFO  main            d.u.i.k.p.i.AbstractProblemLoader Replaying proof emptyStringLengthZero.key.proof 
37688      DEBUG main            d.u.i.k.p.i.IntermediateProofReplayer Proof replay took 3.51ms 
37689      DEBUG main            d.u.i.k.p.r.p.TestFile    ... success: reloaded. 
37689      INFO  main            d.u.i.k.p.r.p.TestFile    Now processing file /home/runner/work/key/key/key.core/../key.ui/examples/standard_key/strings/implicitBooleanStringConversion.key 
37690      INFO  main            d.u.i.k.p.i.AbstractProblemLoader Loading environment from /home/runner/work/key/key/key.core/../key.ui/examples/standard_key/strings/implicitBooleanStringConversion.key 
37690      DEBUG main            d.u.i.k.p.i.AbstractProblemLoader Environment load took 155ns 
37691      INFO  main            d.u.i.k.p.i.AbstractProblemLoader Creating init config 
40195      DEBUG main            d.u.i.k.p.i.AbstractProblemLoader Init config took 2.5s 
40214      INFO  main            d.u.i.k.p.i.AbstractProblemLoader Replaying proof implicitBooleanStringConversion.key 
40215      DEBUG main            d.u.i.k.p.i.IntermediateProofReplayer Proof replay took 5.3ns 
41025      INFO  main            d.u.i.k.p.r.p.TestFile    ... finished proof: closed. 
41204      INFO  main            d.u.i.k.p.i.AbstractProblemLoader Loading environment from /home/runner/work/key/key/key.core/../key.ui/examples/standard_key/strings/implicitBooleanStringConversion.key.proof 
41204      DEBUG main            d.u.i.k.p.i.AbstractProblemLoader Environment load took 308.3ns 
41206      INFO  main            d.u.i.k.p.i.AbstractProblemLoader Creating init config 
43689      DEBUG main            d.u.i.k.p.i.AbstractProblemLoader Init config took 2.48s 
43707      INFO  main            d.u.i.k.p.i.AbstractProblemLoader Replaying proof implicitBooleanStringConversion.key.proof 
43805      DEBUG main            d.u.i.k.p.i.IntermediateProofReplayer Proof replay took 92.37ms 
43806      DEBUG main            d.u.i.k.p.r.p.TestFile    ... success: reloaded. 
43807      INFO  main            d.u.i.k.p.r.p.TestFile    Now processing file /home/runner/work/key/key/key.core/../key.ui/examples/standard_key/strings/implicitBooleanStringConversion2.key 
43807      INFO  main            d.u.i.k.p.i.AbstractProblemLoader Loading environment from /home/runner/work/key/key/key.core/../key.ui/examples/standard_key/strings/implicitBooleanStringConversion2.key 
43807      DEBUG main            d.u.i.k.p.i.AbstractProblemLoader Environment load took 194.5ns 
43808      INFO  main            d.u.i.k.p.i.AbstractProblemLoader Creating init config 
46359      DEBUG main            d.u.i.k.p.i.AbstractProblemLoader Init config took 2.55s 
46376      INFO  main            d.u.i.k.p.i.AbstractProblemLoader Replaying proof implicitBooleanStringConversion2.key 
46377      DEBUG main            d.u.i.k.p.i.IntermediateProofReplayer Proof replay took 5.4ns 
46684      INFO  main            d.u.i.k.p.r.p.TestFile    ... finished proof: closed. 
46925      INFO  main            d.u.i.k.p.i.AbstractProblemLoader Loading environment from /home/runner/work/key/key/key.core/../key.ui/examples/standard_key/strings/implicitBooleanStringConversion2.key.proof 
46925      DEBUG main            d.u.i.k.p.i.AbstractProblemLoader Environment load took 109.4ns 
46930      INFO  main            d.u.i.k.p.i.AbstractProblemLoader Creating init config 
49436      DEBUG main            d.u.i.k.p.i.AbstractProblemLoader Init config took 2.51s 
49455      INFO  main            d.u.i.k.p.i.AbstractProblemLoader Replaying proof implicitBooleanStringConversion2.key.proof 
49493      DEBUG main            d.u.i.k.p.i.IntermediateProofReplayer Proof replay took 34.97ms 
49494      DEBUG main            d.u.i.k.p.r.p.TestFile    ... success: reloaded. 
49495      INFO  main            d.u.i.k.p.r.p.TestFile    Now processing file /home/runner/work/key/key/key.core/../key.ui/examples/standard_key/strings/implicitIntStringConversion.key 
49495      INFO  main            d.u.i.k.p.i.AbstractProblemLoader Loading environment from /home/runner/work/key/key/key.core/../key.ui/examples/standard_key/strings/implicitIntStringConversion.key 
49495      DEBUG main            d.u.i.k.p.i.AbstractProblemLoader Environment load took 161.7ns 
49496      INFO  main            d.u.i.k.p.i.AbstractProblemLoader Creating init config 
51971      DEBUG main            d.u.i.k.p.i.AbstractProblemLoader Init config took 2.47s 
51987      INFO  main            d.u.i.k.p.i.AbstractProblemLoader Replaying proof implicitIntStringConversion.key 
51988      DEBUG main            d.u.i.k.p.i.IntermediateProofReplayer Proof replay took 5.7ns 
52492      INFO  main            d.u.i.k.p.r.p.TestFile    ... finished proof: closed. 
52661      INFO  main            d.u.i.k.p.i.AbstractProblemLoader Loading environment from /home/runner/work/key/key/key.core/../key.ui/examples/standard_key/strings/implicitIntStringConversion.key.proof 
52662      DEBUG main            d.u.i.k.p.i.AbstractProblemLoader Environment load took 117.2ns 
52663      INFO  main            d.u.i.k.p.i.AbstractProblemLoader Creating init config 
55104      DEBUG main            d.u.i.k.p.i.AbstractProblemLoader Init config took 2.44s 
55120      INFO  main            d.u.i.k.p.i.AbstractProblemLoader Replaying proof implicitIntStringConversion.key.proof 
55182      DEBUG main            d.u.i.k.p.i.IntermediateProofReplayer Proof replay took 56.86ms 
55183      DEBUG main            d.u.i.k.p.r.p.TestFile    ... success: reloaded. 
55183      INFO  main            d.u.i.k.p.r.p.TestFile    Now processing file /home/runner/work/key/key/key.core/../key.ui/examples/standard_key/strings/implicitNullStringConversion.key 
55184      INFO  main            d.u.i.k.p.i.AbstractProblemLoader Loading environment from /home/runner/work/key/key/key.core/../key.ui/examples/standard_key/strings/implicitNullStringConversion.key 
55184      DEBUG main            d.u.i.k.p.i.AbstractProblemLoader Environment load took 81.9ns 
55184      INFO  main            d.u.i.k.p.i.AbstractProblemLoader Creating init config 
57703      DEBUG main            d.u.i.k.p.i.AbstractProblemLoader Init config took 2.52s 
57719      INFO  main            d.u.i.k.p.i.AbstractProblemLoader Replaying proof implicitNullStringConversion.key 
57723      DEBUG main            d.u.i.k.p.i.IntermediateProofReplayer Proof replay took 6.3ns 
57926      INFO  main            d.u.i.k.p.r.p.TestFile    ... finished proof: closed. 
58105      INFO  main            d.u.i.k.p.i.AbstractProblemLoader Loading environment from /home/runner/work/key/key/key.core/../key.ui/examples/standard_key/strings/implicitNullStringConversion.key.proof 
58105      DEBUG main            d.u.i.k.p.i.AbstractProblemLoader Environment load took 106.4ns 
58106      INFO  main            d.u.i.k.p.i.AbstractProblemLoader Creating init config 
60544      DEBUG main            d.u.i.k.p.i.AbstractProblemLoader Init config took 2.44s 
60560      INFO  main            d.u.i.k.p.i.AbstractProblemLoader Replaying proof implicitNullStringConversion.key.proof 
60591      DEBUG main            d.u.i.k.p.i.IntermediateProofReplayer Proof replay took 27.51ms 
60592      DEBUG main            d.u.i.k.p.r.p.TestFile    ... success: reloaded. 
60592      INFO  main            d.u.i.k.p.r.p.TestFile    Now processing file /home/runner/work/key/key/key.core/../key.ui/examples/standard_key/strings/implicitNullStringConversion2.key 
60592      INFO  main            d.u.i.k.p.i.AbstractProblemLoader Loading environment from /home/runner/work/key/key/key.core/../key.ui/examples/standard_key/strings/implicitNullStringConversion2.key 
60592      DEBUG main            d.u.i.k.p.i.AbstractProblemLoader Environment load took 82.4ns 
60593      INFO  main            d.u.i.k.p.i.AbstractProblemLoader Creating init config 
63111      DEBUG main            d.u.i.k.p.i.AbstractProblemLoader Init config took 2.52s 
63125      INFO  main            d.u.i.k.p.i.AbstractProblemLoader Replaying proof implicitNullStringConversion2.key 
63127      DEBUG main            d.u.i.k.p.i.IntermediateProofReplayer Proof replay took 5ns 
63329      INFO  main            d.u.i.k.p.r.p.TestFile    ... finished proof: closed. 
63507      INFO  main            d.u.i.k.p.i.AbstractProblemLoader Loading environment from /home/runner/work/key/key/key.core/../key.ui/examples/standard_key/strings/implicitNullStringConversion2.key.proof 
63507      DEBUG main            d.u.i.k.p.i.AbstractProblemLoader Environment load took 105.2ns 
63509      INFO  main            d.u.i.k.p.i.AbstractProblemLoader Creating init config 
65929      DEBUG main            d.u.i.k.p.i.AbstractProblemLoader Init config took 2.42s 
65944      INFO  main            d.u.i.k.p.i.AbstractProblemLoader Replaying proof implicitNullStringConversion2.key.proof 
65966      DEBUG main            d.u.i.k.p.i.IntermediateProofReplayer Proof replay took 19.16ms 
65970      DEBUG main            d.u.i.k.p.r.p.TestFile    ... success: reloaded. 
65971      INFO  main            d.u.i.k.p.r.p.TestFile    Now processing file /home/runner/work/key/key/key.core/../key.ui/examples/standard_key/strings/implicitObjectStringConversion.key 
65971      INFO  main            d.u.i.k.p.i.AbstractProblemLoader Loading environment from /home/runner/work/key/key/key.core/../key.ui/examples/standard_key/strings/implicitObjectStringConversion.key 
65971      DEBUG main            d.u.i.k.p.i.AbstractProblemLoader Environment load took 154.7ns 
65973      INFO  main            d.u.i.k.p.i.AbstractProblemLoader Creating init config 
68643      DEBUG main            d.u.i.k.p.i.AbstractProblemLoader Init config took 2.67s 
68659      INFO  main            d.u.i.k.p.i.AbstractProblemLoader Replaying proof implicitObjectStringConversion.key 
68660      DEBUG main            d.u.i.k.p.i.IntermediateProofReplayer Proof replay took 5.4ns 
69065      INFO  main            d.u.i.k.p.r.p.TestFile    ... finished proof: closed. 
69248      INFO  main            d.u.i.k.p.i.AbstractProblemLoader Loading environment from /home/runner/work/key/key/key.core/../key.ui/examples/standard_key/strings/implicitObjectStringConversion.key.proof 
69248      DEBUG main            d.u.i.k.p.i.AbstractProblemLoader Environment load took 132.3ns 
69249      INFO  main            d.u.i.k.p.i.AbstractProblemLoader Creating init config 
71844      DEBUG main            d.u.i.k.p.i.AbstractProblemLoader Init config took 2.6s 
71864      INFO  main            d.u.i.k.p.i.AbstractProblemLoader Replaying proof implicitObjectStringConversion.key.proof 
71915      DEBUG main            d.u.i.k.p.i.IntermediateProofReplayer Proof replay took 47.63ms 
71916      DEBUG main            d.u.i.k.p.r.p.TestFile    ... success: reloaded. 
71917      INFO  main            d.u.i.k.p.r.p.TestFile    Now processing file /home/runner/work/key/key/key.core/../key.ui/examples/standard_key/strings/literalEquality.key 
71917      INFO  main            d.u.i.k.p.i.AbstractProblemLoader Loading environment from /home/runner/work/key/key/key.core/../key.ui/examples/standard_key/strings/literalEquality.key 
71917      DEBUG main            d.u.i.k.p.i.AbstractProblemLoader Environment load took 176ns 
71918      INFO  main            d.u.i.k.p.i.AbstractProblemLoader Creating init config 
74437      DEBUG main            d.u.i.k.p.i.AbstractProblemLoader Init config took 2.52s 
74455      INFO  main            d.u.i.k.p.i.AbstractProblemLoader Replaying proof literalEquality.key 
74457      DEBUG main            d.u.i.k.p.i.IntermediateProofReplayer Proof replay took 5.8ns 
74558      INFO  main            d.u.i.k.p.r.p.TestFile    ... finished proof: closed. 
74740      INFO  main            d.u.i.k.p.i.AbstractProblemLoader Loading environment from /home/runner/work/key/key/key.core/../key.ui/examples/standard_key/strings/literalEquality.key.proof 
74741      DEBUG main            d.u.i.k.p.i.AbstractProblemLoader Environment load took 100.3ns 
74741      INFO  main            d.u.i.k.p.i.AbstractProblemLoader Creating init config 
77169      DEBUG main            d.u.i.k.p.i.AbstractProblemLoader Init config took 2.43s 
77190      INFO  main            d.u.i.k.p.i.AbstractProblemLoader Replaying proof literalEquality.key.proof 
77196      DEBUG main            d.u.i.k.p.i.IntermediateProofReplayer Proof replay took 2.15ms 
77197      DEBUG main            d.u.i.k.p.r.p.TestFile    ... success: reloaded. 
77198      INFO  main            d.u.i.k.p.r.p.TestFile    Now processing file /home/runner/work/key/key/key.core/../key.ui/examples/standard_key/strings/replace0.key 
77198      INFO  main            d.u.i.k.p.i.AbstractProblemLoader Loading environment from /home/runner/work/key/key/key.core/../key.ui/examples/standard_key/strings/replace0.key 
77198      DEBUG main            d.u.i.k.p.i.AbstractProblemLoader Environment load took 81.3ns 
77199      INFO  main            d.u.i.k.p.i.AbstractProblemLoader Creating init config 
79648      DEBUG main            d.u.i.k.p.i.AbstractProblemLoader Init config took 2.45s 
79661      INFO  main            d.u.i.k.p.i.AbstractProblemLoader Replaying proof replace0.key 
79662      DEBUG main            d.u.i.k.p.i.IntermediateProofReplayer Proof replay took 5.6ns 
79764      INFO  main            d.u.i.k.p.r.p.TestFile    ... finished proof: closed. 
80039      INFO  main            d.u.i.k.p.i.AbstractProblemLoader Loading environment from /home/runner/work/key/key/key.core/../key.ui/examples/standard_key/strings/replace0.key.proof 
80039      DEBUG main            d.u.i.k.p.i.AbstractProblemLoader Environment load took 98.7ns 
80041      INFO  main            d.u.i.k.p.i.AbstractProblemLoader Creating init config 
82493      DEBUG main            d.u.i.k.p.i.AbstractProblemLoader Init config took 2.45s 
82507      INFO  main            d.u.i.k.p.i.AbstractProblemLoader Replaying proof replace0.key.proof 
82512      DEBUG main            d.u.i.k.p.i.IntermediateProofReplayer Proof replay took 3.88ms 
82513      DEBUG main            d.u.i.k.p.r.p.TestFile    ... success: reloaded. 
82513      INFO  main            d.u.i.k.p.r.p.TestFile    Now processing file /home/runner/work/key/key/key.core/../key.ui/examples/standard_key/strings/replace1.key 
82514      INFO  main            d.u.i.k.p.i.AbstractProblemLoader Loading environment from /home/runner/work/key/key/key.core/../key.ui/examples/standard_key/strings/replace1.key 
82514      DEBUG main            d.u.i.k.p.i.AbstractProblemLoader Environment load took 73.4ns 
82515      INFO  main            d.u.i.k.p.i.AbstractProblemLoader Creating init config 
85001      DEBUG main            d.u.i.k.p.i.AbstractProblemLoader Init config took 2.49s 
85014      INFO  main            d.u.i.k.p.i.AbstractProblemLoader Replaying proof replace1.key 
85015      DEBUG main            d.u.i.k.p.i.IntermediateProofReplayer Proof replay took 5.4ns 
85117      INFO  main            d.u.i.k.p.r.p.TestFile    ... finished proof: closed. 
85301      INFO  main            d.u.i.k.p.i.AbstractProblemLoader Loading environment from /home/runner/work/key/key/key.core/../key.ui/examples/standard_key/strings/replace1.key.proof 
85301      DEBUG main            d.u.i.k.p.i.AbstractProblemLoader Environment load took 101.8ns 
85302      INFO  main            d.u.i.k.p.i.AbstractProblemLoader Creating init config 
87691      DEBUG main            d.u.i.k.p.i.AbstractProblemLoader Init config took 2.39s 
87704      INFO  main            d.u.i.k.p.i.AbstractProblemLoader Replaying proof replace1.key.proof 
87712      DEBUG main            d.u.i.k.p.i.IntermediateProofReplayer Proof replay took 6.39ms 
87713      DEBUG main            d.u.i.k.p.r.p.TestFile    ... success: reloaded. 
87713      INFO  main            d.u.i.k.p.r.p.TestFile    Now processing file /home/runner/work/key/key/key.core/../key.ui/examples/standard_key/strings/simpleAssignment.key 
87714      INFO  main            d.u.i.k.p.i.AbstractProblemLoader Loading environment from /home/runner/work/key/key/key.core/../key.ui/examples/standard_key/strings/simpleAssignment.key 
87714      DEBUG main            d.u.i.k.p.i.AbstractProblemLoader Environment load took 87.6ns 
87714      INFO  main            d.u.i.k.p.i.AbstractProblemLoader Creating init config 
90181      DEBUG main            d.u.i.k.p.i.AbstractProblemLoader Init config took 2.47s 
90198      INFO  main            d.u.i.k.p.i.AbstractProblemLoader Replaying proof simpleAssignment.key 
90199      DEBUG main            d.u.i.k.p.i.IntermediateProofReplayer Proof replay took 6ns 
90301      INFO  main            d.u.i.k.p.r.p.TestFile    ... finished proof: closed. 
90487      INFO  main            d.u.i.k.p.i.AbstractProblemLoader Loading environment from /home/runner/work/key/key/key.core/../key.ui/examples/standard_key/strings/simpleAssignment.key.proof 
90487      DEBUG main            d.u.i.k.p.i.AbstractProblemLoader Environment load took 101.7ns 
90488      INFO  main            d.u.i.k.p.i.AbstractProblemLoader Creating init config 
92910      DEBUG main            d.u.i.k.p.i.AbstractProblemLoader Init config took 2.42s 
92926      INFO  main            d.u.i.k.p.i.AbstractProblemLoader Replaying proof simpleAssignment.key.proof 
92929      DEBUG main            d.u.i.k.p.i.IntermediateProofReplayer Proof replay took 1.23ms 
92930      DEBUG main            d.u.i.k.p.r.p.TestFile    ... success: reloaded. 
92930      INFO  main            d.u.i.k.p.r.p.TestFile    Now processing file /home/runner/work/key/key/key.core/../key.ui/examples/standard_key/strings/simpleLengthComp.key 
92931      INFO  main            d.u.i.k.p.i.AbstractProblemLoader Loading environment from /home/runner/work/key/key/key.core/../key.ui/examples/standard_key/strings/simpleLengthComp.key 
92931      DEBUG main            d.u.i.k.p.i.AbstractProblemLoader Environment load took 149.7ns 
92932      INFO  main            d.u.i.k.p.i.AbstractProblemLoader Creating init config 
95360      DEBUG main            d.u.i.k.p.i.AbstractProblemLoader Init config took 2.43s 
95374      INFO  main            d.u.i.k.p.i.AbstractProblemLoader Replaying proof simpleLengthComp.key 
95377      DEBUG main            d.u.i.k.p.i.IntermediateProofReplayer Proof replay took 6ns 
95580      INFO  main            d.u.i.k.p.r.p.TestFile    ... finished proof: closed. 
95776      INFO  main            d.u.i.k.p.i.AbstractProblemLoader Loading environment from /home/runner/work/key/key/key.core/../key.ui/examples/standard_key/strings/simpleLengthComp.key.proof 
95776      DEBUG main            d.u.i.k.p.i.AbstractProblemLoader Environment load took 111.9ns 
95777      INFO  main            d.u.i.k.p.i.AbstractProblemLoader Creating init config 
98205      DEBUG main            d.u.i.k.p.i.AbstractProblemLoader Init config took 2.43s 
98227      INFO  main            d.u.i.k.p.i.AbstractProblemLoader Replaying proof simpleLengthComp.key.proof 
98254      DEBUG main            d.u.i.k.p.i.IntermediateProofReplayer Proof replay took 25.18ms 
98255      DEBUG main            d.u.i.k.p.r.p.TestFile    ... success: reloaded. 
98257      INFO  main            d.u.i.k.p.r.p.TestFile    Now processing file /home/runner/work/key/key/key.core/../key.ui/examples/standard_key/strings/stringCompileTimeConstant1.key 
98257      INFO  main            d.u.i.k.p.i.AbstractProblemLoader Loading environment from /home/runner/work/key/key/key.core/../key.ui/examples/standard_key/strings/stringCompileTimeConstant1.key 
98257      DEBUG main            d.u.i.k.p.i.AbstractProblemLoader Environment load took 80.7ns 
98258      INFO  main            d.u.i.k.p.i.AbstractProblemLoader Creating init config 
100739     DEBUG main            d.u.i.k.p.i.AbstractProblemLoader Init config took 2.48s 
100753     INFO  main            d.u.i.k.p.i.AbstractProblemLoader Replaying proof stringCompileTimeConstant1.key 
100754     DEBUG main            d.u.i.k.p.i.IntermediateProofReplayer Proof replay took 5.8ns 
100859     INFO  main            d.u.i.k.p.r.p.TestFile    ... finished proof: closed. 
101067     INFO  main            d.u.i.k.p.i.AbstractProblemLoader Loading environment from /home/runner/work/key/key/key.core/../key.ui/examples/standard_key/strings/stringCompileTimeConstant1.key.proof 
101067     DEBUG main            d.u.i.k.p.i.AbstractProblemLoader Environment load took 92.1ns 
101068     INFO  main            d.u.i.k.p.i.AbstractProblemLoader Creating init config 
103469     DEBUG main            d.u.i.k.p.i.AbstractProblemLoader Init config took 2.4s 
103484     INFO  main            d.u.i.k.p.i.AbstractProblemLoader Replaying proof stringCompileTimeConstant1.key.proof 
103488     DEBUG main            d.u.i.k.p.i.IntermediateProofReplayer Proof replay took 2.74ms 
103489     DEBUG main            d.u.i.k.p.r.p.TestFile    ... success: reloaded. 
103489     INFO  main            d.u.i.k.p.r.p.TestFile    Now processing file /home/runner/work/key/key/key.core/../key.ui/examples/standard_key/strings/stringCompileTimeConstant2.key 
103490     INFO  main            d.u.i.k.p.i.AbstractProblemLoader Loading environment from /home/runner/work/key/key/key.core/../key.ui/examples/standard_key/strings/stringCompileTimeConstant2.key 
103490     DEBUG main            d.u.i.k.p.i.AbstractProblemLoader Environment load took 148.3ns 
103491     INFO  main            d.u.i.k.p.i.AbstractProblemLoader Creating init config 
106099     DEBUG main            d.u.i.k.p.i.AbstractProblemLoader Init config took 2.61s 
106114     INFO  main            d.u.i.k.p.i.AbstractProblemLoader Replaying proof stringCompileTimeConstant2.key 
106115     DEBUG main            d.u.i.k.p.i.IntermediateProofReplayer Proof replay took 5.8ns 
108456     INFO  main            d.u.i.k.p.r.p.TestFile    ... finished proof: closed. 
108729     INFO  main            d.u.i.k.p.i.AbstractProblemLoader Loading environment from /home/runner/work/key/key/key.core/../key.ui/examples/standard_key/strings/stringCompileTimeConstant2.key.proof 
108729     DEBUG main            d.u.i.k.p.i.AbstractProblemLoader Environment load took 327.7ns 
108730     INFO  main            d.u.i.k.p.i.AbstractProblemLoader Creating init config 
111275     DEBUG main            d.u.i.k.p.i.AbstractProblemLoader Init config took 2.54s 
111289     INFO  main            d.u.i.k.p.i.AbstractProblemLoader Replaying proof stringCompileTimeConstant2.key.proof 
111592     DEBUG main            d.u.i.k.p.i.IntermediateProofReplayer Proof replay took 292.71ms 
111594     DEBUG main            d.u.i.k.p.r.p.TestFile    ... success: reloaded. 
111595     INFO  main            d.u.i.k.p.r.p.TestFile    Now processing file /home/runner/work/key/key/key.core/../key.ui/examples/standard_key/strings/stringEquality1.key 
111595     INFO  main            d.u.i.k.p.i.AbstractProblemLoader Loading environment from /home/runner/work/key/key/key.core/../key.ui/examples/standard_key/strings/stringEquality1.key 
111595     DEBUG main            d.u.i.k.p.i.AbstractProblemLoader Environment load took 177.4ns 
111596     INFO  main            d.u.i.k.p.i.AbstractProblemLoader Creating init config 
114062     DEBUG main            d.u.i.k.p.i.AbstractProblemLoader Init config took 2.47s 
114076     INFO  main            d.u.i.k.p.i.AbstractProblemLoader Replaying proof stringEquality1.key 
114077     DEBUG main            d.u.i.k.p.i.IntermediateProofReplayer Proof replay took 5.7ns 
114179     INFO  main            d.u.i.k.p.r.p.TestFile    ... finished proof: closed. 
114423     INFO  main            d.u.i.k.p.i.AbstractProblemLoader Loading environment from /home/runner/work/key/key/key.core/../key.ui/examples/standard_key/strings/stringEquality1.key.proof 
114423     DEBUG main            d.u.i.k.p.i.AbstractProblemLoader Environment load took 91.4ns 
114424     INFO  main            d.u.i.k.p.i.AbstractProblemLoader Creating init config 
116810     DEBUG main            d.u.i.k.p.i.AbstractProblemLoader Init config took 2.39s 
116833     INFO  main            d.u.i.k.p.i.AbstractProblemLoader Replaying proof stringEquality1.key.proof 
116843     DEBUG main            d.u.i.k.p.i.IntermediateProofReplayer Proof replay took 6.83ms 
116844     DEBUG main            d.u.i.k.p.r.p.TestFile    ... success: reloaded. 
116845     INFO  main            d.u.i.k.p.r.p.TestFile    Now processing file /home/runner/work/key/key/key.core/../key.ui/examples/standard_key/strings/stringEquality2.key 
116845     INFO  main            d.u.i.k.p.i.AbstractProblemLoader Loading environment from /home/runner/work/key/key/key.core/../key.ui/examples/standard_key/strings/stringEquality2.key 
116845     DEBUG main            d.u.i.k.p.i.AbstractProblemLoader Environment load took 73.2ns 
116846     INFO  main            d.u.i.k.p.i.AbstractProblemLoader Creating init config 
119278     DEBUG main            d.u.i.k.p.i.AbstractProblemLoader Init config took 2.43s 
119291     INFO  main            d.u.i.k.p.i.AbstractProblemLoader Replaying proof stringEquality2.key 
119307     DEBUG main            d.u.i.k.p.i.IntermediateProofReplayer Proof replay took 6.6ns 
119610     INFO  main            d.u.i.k.p.r.p.TestFile    ... finished proof: closed. 
119837     INFO  main            d.u.i.k.p.i.AbstractProblemLoader Loading environment from /home/runner/work/key/key/key.core/../key.ui/examples/standard_key/strings/stringEquality2.key.proof 
119837     DEBUG main            d.u.i.k.p.i.AbstractProblemLoader Environment load took 299.4ns 
119838     INFO  main            d.u.i.k.p.i.AbstractProblemLoader Creating init config 
122213     DEBUG main            d.u.i.k.p.i.AbstractProblemLoader Init config took 2.37s 
122226     INFO  main            d.u.i.k.p.i.AbstractProblemLoader Replaying proof stringEquality2.key.proof 
122284     DEBUG main            d.u.i.k.p.i.IntermediateProofReplayer Proof replay took 53.27ms 
122285     DEBUG main            d.u.i.k.p.r.p.TestFile    ... success: reloaded. 
122285     INFO  main            d.u.i.k.p.r.p.TestFile    Now processing file /home/runner/work/key/key/key.core/../key.ui/examples/standard_key/strings/substring0.key 
122285     INFO  main            d.u.i.k.p.i.AbstractProblemLoader Loading environment from /home/runner/work/key/key/key.core/../key.ui/examples/standard_key/strings/substring0.key 
122285     DEBUG main            d.u.i.k.p.i.AbstractProblemLoader Environment load took 60.7ns 
122286     INFO  main            d.u.i.k.p.i.AbstractProblemLoader Creating init config 
124731     DEBUG main            d.u.i.k.p.i.AbstractProblemLoader Init config took 2.44s 
124744     INFO  main            d.u.i.k.p.i.AbstractProblemLoader Replaying proof substring0.key 
124745     DEBUG main            d.u.i.k.p.i.IntermediateProofReplayer Proof replay took 5.8ns 
124851     INFO  main            d.u.i.k.p.r.p.TestFile    ... finished proof: closed. 
125075     INFO  main            d.u.i.k.p.i.AbstractProblemLoader Loading environment from /home/runner/work/key/key/key.core/../key.ui/examples/standard_key/strings/substring0.key.proof 
125076     DEBUG main            d.u.i.k.p.i.AbstractProblemLoader Environment load took 93.3ns 
125077     INFO  main            d.u.i.k.p.i.AbstractProblemLoader Creating init config 
127504     DEBUG main            d.u.i.k.p.i.AbstractProblemLoader Init config took 2.43s 
127518     INFO  main            d.u.i.k.p.i.AbstractProblemLoader Replaying proof substring0.key.proof 
127519     DEBUG main            d.u.i.k.p.i.IntermediateProofReplayer Proof replay took 424ns 
127520     DEBUG main            d.u.i.k.p.r.p.TestFile    ... success: reloaded. 
127521     INFO  main            d.u.i.k.p.r.p.TestFile    Now processing file /home/runner/work/key/key/key.core/../key.ui/examples/standard_key/strings/substring1.key 
127521     INFO  main            d.u.i.k.p.i.AbstractProblemLoader Loading environment from /home/runner/work/key/key/key.core/../key.ui/examples/standard_key/strings/substring1.key 
127521     DEBUG main            d.u.i.k.p.i.AbstractProblemLoader Environment load took 72.6ns 
127522     INFO  main            d.u.i.k.p.i.AbstractProblemLoader Creating init config 
129974     DEBUG main            d.u.i.k.p.i.AbstractProblemLoader Init config took 2.45s 
129986     INFO  main            d.u.i.k.p.i.AbstractProblemLoader Replaying proof substring1.key 
129987     DEBUG main            d.u.i.k.p.i.IntermediateProofReplayer Proof replay took 5.5ns 
130089     INFO  main            d.u.i.k.p.r.p.TestFile    ... finished proof: closed. 
130310     INFO  main            d.u.i.k.p.i.AbstractProblemLoader Loading environment from /home/runner/work/key/key/key.core/../key.ui/examples/standard_key/strings/substring1.key.proof 
130310     DEBUG main            d.u.i.k.p.i.AbstractProblemLoader Environment load took 94.1ns 
130311     INFO  main            d.u.i.k.p.i.AbstractProblemLoader Creating init config 
132699     DEBUG main            d.u.i.k.p.i.AbstractProblemLoader Init config took 2.39s 
132711     INFO  main            d.u.i.k.p.i.AbstractProblemLoader Replaying proof substring1.key.proof 
132713     DEBUG main            d.u.i.k.p.i.IntermediateProofReplayer Proof replay took 405.1ns 
132713     DEBUG main            d.u.i.k.p.r.p.TestFile    ... success: reloaded. 
132714     INFO  main            d.u.i.k.p.r.p.TestFile    Now processing file /home/runner/work/key/key/key.core/../key.ui/examples/standard_key/strings/substring2.key 
132714     INFO  main            d.u.i.k.p.i.AbstractProblemLoader Loading environment from /home/runner/work/key/key/key.core/../key.ui/examples/standard_key/strings/substring2.key 
132714     DEBUG main            d.u.i.k.p.i.AbstractProblemLoader Environment load took 82.1ns 
132715     INFO  main            d.u.i.k.p.i.AbstractProblemLoader Creating init config 
135141     DEBUG main            d.u.i.k.p.i.AbstractProblemLoader Init config took 2.43s 
135153     INFO  main            d.u.i.k.p.i.AbstractProblemLoader Replaying proof substring2.key 
135155     DEBUG main            d.u.i.k.p.i.IntermediateProofReplayer Proof replay took 5.6ns 
135256     INFO  main            d.u.i.k.p.r.p.TestFile    ... finished proof: closed. 
135478     INFO  main            d.u.i.k.p.i.AbstractProblemLoader Loading environment from /home/runner/work/key/key/key.core/../key.ui/examples/standard_key/strings/substring2.key.proof 
135479     DEBUG main            d.u.i.k.p.i.AbstractProblemLoader Environment load took 87.6ns 
135480     INFO  main            d.u.i.k.p.i.AbstractProblemLoader Creating init config 
137852     DEBUG main            d.u.i.k.p.i.AbstractProblemLoader Init config took 2.37s 
137864     INFO  main            d.u.i.k.p.i.AbstractProblemLoader Replaying proof substring2.key.proof 
137867     DEBUG main            d.u.i.k.p.i.IntermediateProofReplayer Proof replay took 770.5ns 
137867     DEBUG main            d.u.i.k.p.r.p.TestFile    ... success: reloaded. 
137869     INFO  main            d.u.i.k.p.r.p.TestFile    Now processing file /home/runner/work/key/key/key.core/../key.ui/examples/standard_key/strings/substring3.key 
137869     INFO  main            d.u.i.k.p.i.AbstractProblemLoader Loading environment from /home/runner/work/key/key/key.core/../key.ui/examples/standard_key/strings/substring3.key 
137869     DEBUG main            d.u.i.k.p.i.AbstractProblemLoader Environment load took 72.4ns 
137870     INFO  main            d.u.i.k.p.i.AbstractProblemLoader Creating init config 
140311     DEBUG main            d.u.i.k.p.i.AbstractProblemLoader Init config took 2.44s 
140324     INFO  main            d.u.i.k.p.i.AbstractProblemLoader Replaying proof substring3.key 
140325     DEBUG main            d.u.i.k.p.i.IntermediateProofReplayer Proof replay took 5.4ns 
140427     INFO  main            d.u.i.k.p.r.p.TestFile    ... finished proof: closed. 
140657     INFO  main            d.u.i.k.p.i.AbstractProblemLoader Loading environment from /home/runner/work/key/key/key.core/../key.ui/examples/standard_key/strings/substring3.key.proof 
140657     DEBUG main            d.u.i.k.p.i.AbstractProblemLoader Environment load took 93.1ns 
140658     INFO  main            d.u.i.k.p.i.AbstractProblemLoader Creating init config 
143045     DEBUG main            d.u.i.k.p.i.AbstractProblemLoader Init config took 2.39s 
143058     INFO  main            d.u.i.k.p.i.AbstractProblemLoader Replaying proof substring3.key.proof 
143061     DEBUG main            d.u.i.k.p.i.IntermediateProofReplayer Proof replay took 2.13ms 
143062     DEBUG main            d.u.i.k.p.r.p.TestFile    ... success: reloaded. 
143062     INFO  main            d.u.i.k.p.r.p.TestFile    Now processing file /home/runner/work/key/key/key.core/../key.ui/examples/standard_key/strings/substring4.key 
143063     INFO  main            d.u.i.k.p.i.AbstractProblemLoader Loading environment from /home/runner/work/key/key/key.core/../key.ui/examples/standard_key/strings/substring4.key 
143063     DEBUG main            d.u.i.k.p.i.AbstractProblemLoader Environment load took 168.1ns 
143064     INFO  main            d.u.i.k.p.i.AbstractProblemLoader Creating init config 
145518     DEBUG main            d.u.i.k.p.i.AbstractProblemLoader Init config took 2.45s 
145530     INFO  main            d.u.i.k.p.i.AbstractProblemLoader Replaying proof substring4.key 
145531     DEBUG main            d.u.i.k.p.i.IntermediateProofReplayer Proof replay took 5.6ns 
145634     INFO  main            d.u.i.k.p.r.p.TestFile    ... finished proof: closed. 
145916     INFO  main            d.u.i.k.p.i.AbstractProblemLoader Loading environment from /home/runner/work/key/key/key.core/../key.ui/examples/standard_key/strings/substring4.key.proof 
145916     DEBUG main            d.u.i.k.p.i.AbstractProblemLoader Environment load took 101.3ns 
145917     INFO  main            d.u.i.k.p.i.AbstractProblemLoader Creating init config 
148300     DEBUG main            d.u.i.k.p.i.AbstractProblemLoader Init config took 2.38s 
148312     INFO  main            d.u.i.k.p.i.AbstractProblemLoader Replaying proof substring4.key.proof 
148316     DEBUG main            d.u.i.k.p.i.IntermediateProofReplayer Proof replay took 2.77ms 
148317     DEBUG main            d.u.i.k.p.r.p.TestFile    ... success: reloaded. 
148318     INFO  main            d.u.i.k.p.r.p.TestFile    Now processing file /home/runner/work/key/key/key.core/../key.ui/examples/standard_key/strings/substring5.key 
148318     INFO  main            d.u.i.k.p.i.AbstractProblemLoader Loading environment from /home/runner/work/key/key/key.core/../key.ui/examples/standard_key/strings/substring5.key 
148318     DEBUG main            d.u.i.k.p.i.AbstractProblemLoader Environment load took 56ns 
148319     INFO  main            d.u.i.k.p.i.AbstractProblemLoader Creating init config 
150732     DEBUG main            d.u.i.k.p.i.AbstractProblemLoader Init config took 2.41s 
150746     INFO  main            d.u.i.k.p.i.AbstractProblemLoader Replaying proof substring5.key 
150747     DEBUG main            d.u.i.k.p.i.IntermediateProofReplayer Proof replay took 5.5ns 
150950     INFO  main            d.u.i.k.p.r.p.TestFile    ... finished proof: closed. 
151208     INFO  main            d.u.i.k.p.i.AbstractProblemLoader Loading environment from /home/runner/work/key/key/key.core/../key.ui/examples/standard_key/strings/substring5.key.proof 
151208     DEBUG main            d.u.i.k.p.i.AbstractProblemLoader Environment load took 88.8ns 
151209     INFO  main            d.u.i.k.p.i.AbstractProblemLoader Creating init config 
153597     DEBUG main            d.u.i.k.p.i.AbstractProblemLoader Init config took 2.39s 
153609     INFO  main            d.u.i.k.p.i.AbstractProblemLoader Replaying proof substring5.key.proof 
153651     DEBUG main            d.u.i.k.p.i.IntermediateProofReplayer Proof replay took 38.3ms 
153652     DEBUG main            d.u.i.k.p.r.p.TestFile    ... success: reloaded. 
3819389    INFO  Test worker     d.u.i.k.p.r.RunAllProofsTestUnit Returning from test strings 
3819391    INFO  Test worker     d.u.i.k.p.r.RunAllProofsTestUnit Running test simple_info_flow 
357        INFO  Timeout watchdog d.u.i.k.p.r.p.ForkedTestFileRunner Timeout watcher launched (2000 secs.) 
368        WARN  main            d.u.i.k.s.ProofSettings   The settings in /home/runner/.key/proof-settings.props are *not* read. 
409        INFO  main            d.u.i.k.p.r.p.TestFile    Now processing file /home/runner/work/key/key/key.core/../key.ui/examples/heap/information_flow/UpdateAbstraction_ex7_1_insecure.key 
545        INFO  main            d.u.i.k.p.i.AbstractProblemLoader Loading environment from /home/runner/work/key/key/key.core/../key.ui/examples/heap/information_flow/UpdateAbstraction_ex7_1_insecure.key 
564        DEBUG main            d.u.i.k.p.i.AbstractProblemLoader Environment load took 1.87ms 
783        INFO  main            d.u.i.k.p.i.AbstractProblemLoader Creating init config 
1646       DEBUG main            d.u.i.k.j.TypeConverter   No LDT found for Meta 
1647       DEBUG main            d.u.i.k.j.TypeConverter   No LDT found for Meta 
1648       DEBUG main            d.u.i.k.j.TypeConverter   No LDT found for Meta 
1648       DEBUG main            d.u.i.k.j.TypeConverter   No LDT found for Meta 
3247       DEBUG main            d.u.i.k.j.TypeConverter   No LDT found for JavaBigintExpression 
8189       DEBUG main            d.u.i.k.p.i.AbstractProblemLoader Init config took 7.41s 
8375       INFO  main            d.u.i.k.p.i.AbstractProblemLoader Replaying proof UpdateAbstraction[UpdateAbstraction::ex7_1_insecure()].JML operation contract.0 
8405       DEBUG main            d.u.i.k.p.i.IntermediateProofReplayer Proof replay took 29.8ns 
9045       INFO  main            d.u.i.k.p.r.p.TestFile    ... finished proof: open goal(s) 
9143       INFO  main            d.u.i.k.p.r.p.TestFile    Now processing file /home/runner/work/key/key/key.core/../key.ui/examples/heap/information_flow/UpdateAbstraction_ex7_2_insecure.key 
9145       INFO  main            d.u.i.k.p.i.AbstractProblemLoader Loading environment from /home/runner/work/key/key/key.core/../key.ui/examples/heap/information_flow/UpdateAbstraction_ex7_2_insecure.key 
9145       DEBUG main            d.u.i.k.p.i.AbstractProblemLoader Environment load took 299ns 
9148       INFO  main            d.u.i.k.p.i.AbstractProblemLoader Creating init config 
12098      DEBUG main            d.u.i.k.p.i.AbstractProblemLoader Init config took 2.95s 
12158      INFO  main            d.u.i.k.p.i.AbstractProblemLoader Replaying proof UpdateAbstraction[UpdateAbstraction::ex7_2_insecure()].JML operation contract.0 
12160      DEBUG main            d.u.i.k.p.i.IntermediateProofReplayer Proof replay took 5.7ns 
12565      INFO  main            d.u.i.k.p.r.p.TestFile    ... finished proof: open goal(s) 
3832224    INFO  Test worker     d.u.i.k.p.r.RunAllProofsTestUnit Returning from test simple_info_flow 
3832226    INFO  Test worker     d.u.i.k.p.r.RunAllProofsTestUnit Running test modelMethods 
339        INFO  Timeout watchdog d.u.i.k.p.r.p.ForkedTestFileRunner Timeout watcher launched (2000 secs.) 
351        WARN  main            d.u.i.k.s.ProofSettings   The settings in /home/runner/.key/proof-settings.props are *not* read. 
396        INFO  main            d.u.i.k.p.r.p.TestFile    Now processing file /home/runner/work/key/key/key.core/../key.ui/examples/heap/model_methods/Cell_footprint_acc.key 
537        INFO  main            d.u.i.k.p.i.AbstractProblemLoader Loading environment from /home/runner/work/key/key/key.core/../key.ui/examples/heap/model_methods/Cell_footprint_acc.key 
556        DEBUG main            d.u.i.k.p.i.AbstractProblemLoader Environment load took 1.8ms 
756        INFO  main            d.u.i.k.p.i.AbstractProblemLoader Creating init config 
1689       DEBUG main            d.u.i.k.j.TypeConverter   No LDT found for Meta 
1690       DEBUG main            d.u.i.k.j.TypeConverter   No LDT found for Meta 
1692       DEBUG main            d.u.i.k.j.TypeConverter   No LDT found for Meta 
1692       DEBUG main            d.u.i.k.j.TypeConverter   No LDT found for Meta 
2929       DEBUG main            d.u.i.k.j.TypeConverter   No LDT found for JavaBigintExpression 
8061       DEBUG main            d.u.i.k.p.i.AbstractProblemLoader Init config took 7.31s 
8236       INFO  main            d.u.i.k.p.i.AbstractProblemLoader Replaying proof Cell[Cell::footprint()].JML accessible clause.0 
8272       DEBUG main            d.u.i.k.p.i.IntermediateProofReplayer Proof replay took 29.9ns 
8802       INFO  main            d.u.i.k.p.r.p.TestFile    ... finished proof: closed. 
8904       INFO  main            d.u.i.k.p.i.AbstractProblemLoader Loading environment from /home/runner/work/key/key/key.core/../key.ui/examples/heap/model_methods/Cell_footprint_acc.key.proof 
8904       DEBUG main            d.u.i.k.p.i.AbstractProblemLoader Environment load took 127.7ns 
8906       INFO  main            d.u.i.k.p.i.AbstractProblemLoader Creating init config 
11860      DEBUG main            d.u.i.k.p.i.AbstractProblemLoader Init config took 2.95s 
11928      INFO  main            d.u.i.k.p.i.AbstractProblemLoader Replaying proof Cell[Cell::footprint()].JML accessible clause.0 
11967      DEBUG main            d.u.i.k.p.i.IntermediateProofReplayer Proof replay took 34.11ms 
11973      DEBUG main            d.u.i.k.p.r.p.TestFile    ... success: reloaded. 
11975      INFO  main            d.u.i.k.p.r.p.TestFile    Now processing file /home/runner/work/key/key/key.core/../key.ui/examples/heap/model_methods/Cell_footprint.key 
11976      INFO  main            d.u.i.k.p.i.AbstractProblemLoader Loading environment from /home/runner/work/key/key/key.core/../key.ui/examples/heap/model_methods/Cell_footprint.key 
11976      DEBUG main            d.u.i.k.p.i.AbstractProblemLoader Environment load took 185.4ns 
11977      INFO  main            d.u.i.k.p.i.AbstractProblemLoader Creating init config 
14809      DEBUG main            d.u.i.k.p.i.AbstractProblemLoader Init config took 2.83s 
14874      INFO  main            d.u.i.k.p.i.AbstractProblemLoader Replaying proof Cell[Cell::footprint()].JML model_behavior operation contract.0 
14877      DEBUG main            d.u.i.k.p.i.IntermediateProofReplayer Proof replay took 5.7ns 
14979      INFO  main            d.u.i.k.p.r.p.TestFile    ... finished proof: closed. 
15109      INFO  main            d.u.i.k.p.i.AbstractProblemLoader Loading environment from /home/runner/work/key/key/key.core/../key.ui/examples/heap/model_methods/Cell_footprint.key.proof 
15109      DEBUG main            d.u.i.k.p.i.AbstractProblemLoader Environment load took 111.9ns 
15112      INFO  main            d.u.i.k.p.i.AbstractProblemLoader Creating init config 
17861      DEBUG main            d.u.i.k.p.i.AbstractProblemLoader Init config took 2.75s 
17925      INFO  main            d.u.i.k.p.i.AbstractProblemLoader Replaying proof Cell[Cell::footprint()].JML model_behavior operation contract.0 
17934      DEBUG main            d.u.i.k.p.i.IntermediateProofReplayer Proof replay took 5.95ms 
17935      DEBUG main            d.u.i.k.p.r.p.TestFile    ... success: reloaded. 
17936      INFO  main            d.u.i.k.p.r.p.TestFile    Now processing file /home/runner/work/key/key/key.core/../key.ui/examples/heap/model_methods/Cell_get_acc.key 
17936      INFO  main            d.u.i.k.p.i.AbstractProblemLoader Loading environment from /home/runner/work/key/key/key.core/../key.ui/examples/heap/model_methods/Cell_get_acc.key 
17937      DEBUG main            d.u.i.k.p.i.AbstractProblemLoader Environment load took 168ns 
17938      INFO  main            d.u.i.k.p.i.AbstractProblemLoader Creating init config 
20612      DEBUG main            d.u.i.k.p.i.AbstractProblemLoader Init config took 2.67s 
20666      INFO  main            d.u.i.k.p.i.AbstractProblemLoader Replaying proof Cell[Cell::get()].JML accessible clause.0 
20668      DEBUG main            d.u.i.k.p.i.IntermediateProofReplayer Proof replay took 5.2ns 
20875      INFO  main            d.u.i.k.p.r.p.TestFile    ... finished proof: closed. 
21012      INFO  main            d.u.i.k.p.i.AbstractProblemLoader Loading environment from /home/runner/work/key/key/key.core/../key.ui/examples/heap/model_methods/Cell_get_acc.key.proof 
21012      DEBUG main            d.u.i.k.p.i.AbstractProblemLoader Environment load took 111.4ns 
21013      INFO  main            d.u.i.k.p.i.AbstractProblemLoader Creating init config 
23706      DEBUG main            d.u.i.k.p.i.AbstractProblemLoader Init config took 2.69s 
23756      INFO  main            d.u.i.k.p.i.AbstractProblemLoader Replaying proof Cell[Cell::get()].JML accessible clause.0 
23789      DEBUG main            d.u.i.k.p.i.IntermediateProofReplayer Proof replay took 30.7ms 
23790      DEBUG main            d.u.i.k.p.r.p.TestFile    ... success: reloaded. 
23791      INFO  main            d.u.i.k.p.r.p.TestFile    Now processing file /home/runner/work/key/key/key.core/../key.ui/examples/heap/model_methods/Cell_get.key 
23791      INFO  main            d.u.i.k.p.i.AbstractProblemLoader Loading environment from /home/runner/work/key/key/key.core/../key.ui/examples/heap/model_methods/Cell_get.key 
23791      DEBUG main            d.u.i.k.p.i.AbstractProblemLoader Environment load took 157.3ns 
23792      INFO  main            d.u.i.k.p.i.AbstractProblemLoader Creating init config 
26458      DEBUG main            d.u.i.k.p.i.AbstractProblemLoader Init config took 2.67s 
26508      INFO  main            d.u.i.k.p.i.AbstractProblemLoader Replaying proof Cell[Cell::get()].JML operation contract.0 
26510      DEBUG main            d.u.i.k.p.i.IntermediateProofReplayer Proof replay took 6.9ns 
26612      INFO  main            d.u.i.k.p.r.p.TestFile    ... finished proof: closed. 
26742      INFO  main            d.u.i.k.p.i.AbstractProblemLoader Loading environment from /home/runner/work/key/key/key.core/../key.ui/examples/heap/model_methods/Cell_get.key.proof 
26742      DEBUG main            d.u.i.k.p.i.AbstractProblemLoader Environment load took 110ns 
26743      INFO  main            d.u.i.k.p.i.AbstractProblemLoader Creating init config 
29333      DEBUG main            d.u.i.k.p.i.AbstractProblemLoader Init config took 2.59s 
29382      INFO  main            d.u.i.k.p.i.AbstractProblemLoader Replaying proof Cell[Cell::get()].JML operation contract.0 
29412      DEBUG main            d.u.i.k.p.i.IntermediateProofReplayer Proof replay took 25.87ms 
29414      DEBUG main            d.u.i.k.p.r.p.TestFile    ... success: reloaded. 
29416      INFO  main            d.u.i.k.p.r.p.TestFile    Now processing file /home/runner/work/key/key/key.core/../key.ui/examples/heap/model_methods/Cell_post_set.key 
29416      INFO  main            d.u.i.k.p.i.AbstractProblemLoader Loading environment from /home/runner/work/key/key/key.core/../key.ui/examples/heap/model_methods/Cell_post_set.key 
29416      DEBUG main            d.u.i.k.p.i.AbstractProblemLoader Environment load took 168.6ns 
29417      INFO  main            d.u.i.k.p.i.AbstractProblemLoader Creating init config 
32080      DEBUG main            d.u.i.k.p.i.AbstractProblemLoader Init config took 2.66s 
32136      INFO  main            d.u.i.k.p.i.AbstractProblemLoader Replaying proof Cell[Cell::post_set(int)].JML model_behavior operation contract.0 
32138      DEBUG main            d.u.i.k.p.i.IntermediateProofReplayer Proof replay took 6.2ns 
32240      INFO  main            d.u.i.k.p.r.p.TestFile    ... finished proof: closed. 
32378      INFO  main            d.u.i.k.p.i.AbstractProblemLoader Loading environment from /home/runner/work/key/key/key.core/../key.ui/examples/heap/model_methods/Cell_post_set.key.proof 
32379      DEBUG main            d.u.i.k.p.i.AbstractProblemLoader Environment load took 142.8ns 
32379      INFO  main            d.u.i.k.p.i.AbstractProblemLoader Creating init config 
34997      DEBUG main            d.u.i.k.p.i.AbstractProblemLoader Init config took 2.62s 
35054      INFO  main            d.u.i.k.p.i.AbstractProblemLoader Replaying proof Cell[Cell::post_set(int)].JML model_behavior operation contract.0 
35060      DEBUG main            d.u.i.k.p.i.IntermediateProofReplayer Proof replay took 5.08ms 
35061      DEBUG main            d.u.i.k.p.r.p.TestFile    ... success: reloaded. 
35062      INFO  main            d.u.i.k.p.r.p.TestFile    Now processing file /home/runner/work/key/key/key.core/../key.ui/examples/heap/model_methods/Cell_set.key 
35062      INFO  main            d.u.i.k.p.i.AbstractProblemLoader Loading environment from /home/runner/work/key/key/key.core/../key.ui/examples/heap/model_methods/Cell_set.key 
35062      DEBUG main            d.u.i.k.p.i.AbstractProblemLoader Environment load took 95.1ns 
35063      INFO  main            d.u.i.k.p.i.AbstractProblemLoader Creating init config 
37669      DEBUG main            d.u.i.k.p.i.AbstractProblemLoader Init config took 2.61s 
37712      INFO  main            d.u.i.k.p.i.AbstractProblemLoader Replaying proof Cell[Cell::set(int)].JML operation contract.0 
37714      DEBUG main            d.u.i.k.p.i.IntermediateProofReplayer Proof replay took 6.5ns 
43851      INFO  main            d.u.i.k.p.r.p.TestFile    ... finished proof: closed. 
44067      INFO  main            d.u.i.k.p.i.AbstractProblemLoader Loading environment from /home/runner/work/key/key/key.core/../key.ui/examples/heap/model_methods/Cell_set.key.proof 
44070      DEBUG main            d.u.i.k.p.i.AbstractProblemLoader Environment load took 3.09ms 
44072      INFO  main            d.u.i.k.p.i.AbstractProblemLoader Creating init config 
46697      DEBUG main            d.u.i.k.p.i.AbstractProblemLoader Init config took 2.63s 
46742      INFO  main            d.u.i.k.p.i.AbstractProblemLoader Replaying proof Cell[Cell::set(int)].JML operation contract.0 
47277      DEBUG main            d.u.i.k.p.i.IntermediateProofReplayer Proof replay took 518.94ms 
47279      DEBUG main            d.u.i.k.p.r.p.TestFile    ... success: reloaded. 
47280      INFO  main            d.u.i.k.p.r.p.TestFile    Now processing file /home/runner/work/key/key/key.core/../key.ui/examples/heap/model_methods/CellTest_callSet.key 
47280      INFO  main            d.u.i.k.p.i.AbstractProblemLoader Loading environment from /home/runner/work/key/key/key.core/../key.ui/examples/heap/model_methods/CellTest_callSet.key 
47281      DEBUG main            d.u.i.k.p.i.AbstractProblemLoader Environment load took 158.3ns 
47282      INFO  main            d.u.i.k.p.i.AbstractProblemLoader Creating init config 
49925      DEBUG main            d.u.i.k.p.i.AbstractProblemLoader Init config took 2.64s 
49969      INFO  main            d.u.i.k.p.i.AbstractProblemLoader Replaying proof CellTest[CellTest::callSet(Cell,int)].JML operation contract.0 
49970      DEBUG main            d.u.i.k.p.i.IntermediateProofReplayer Proof replay took 5.9ns 
50176      INFO  main            d.u.i.k.p.r.p.TestFile    ... finished proof: closed. 
50330      INFO  main            d.u.i.k.p.i.AbstractProblemLoader Loading environment from /home/runner/work/key/key/key.core/../key.ui/examples/heap/model_methods/CellTest_callSet.key.proof 
50330      DEBUG main            d.u.i.k.p.i.AbstractProblemLoader Environment load took 108.4ns 
50331      INFO  main            d.u.i.k.p.i.AbstractProblemLoader Creating init config 
52911      DEBUG main            d.u.i.k.p.i.AbstractProblemLoader Init config took 2.58s 
52955      INFO  main            d.u.i.k.p.i.AbstractProblemLoader Replaying proof CellTest[CellTest::callSet(Cell,int)].JML operation contract.0 
52996      DEBUG main            d.u.i.k.p.i.IntermediateProofReplayer Proof replay took 38.52ms 
52997      DEBUG main            d.u.i.k.p.r.p.TestFile    ... success: reloaded. 
52998      INFO  main            d.u.i.k.p.r.p.TestFile    Now processing file /home/runner/work/key/key/key.core/../key.ui/examples/heap/model_methods/CellTest_test2.key 
52998      INFO  main            d.u.i.k.p.i.AbstractProblemLoader Loading environment from /home/runner/work/key/key/key.core/../key.ui/examples/heap/model_methods/CellTest_test2.key 
52998      DEBUG main            d.u.i.k.p.i.AbstractProblemLoader Environment load took 98.5ns 
52999      INFO  main            d.u.i.k.p.i.AbstractProblemLoader Creating init config 
55617      DEBUG main            d.u.i.k.p.i.AbstractProblemLoader Init config took 2.62s 
55662      INFO  main            d.u.i.k.p.i.AbstractProblemLoader Replaying proof CellTest[CellTest::test2(Cell)].JML operation contract.0 
55664      DEBUG main            d.u.i.k.p.i.IntermediateProofReplayer Proof replay took 6.5ns 
55967      INFO  main            d.u.i.k.p.r.p.TestFile    ... finished proof: closed. 
56132      INFO  main            d.u.i.k.p.i.AbstractProblemLoader Loading environment from /home/runner/work/key/key/key.core/../key.ui/examples/heap/model_methods/CellTest_test2.key.proof 
56132      DEBUG main            d.u.i.k.p.i.AbstractProblemLoader Environment load took 104.9ns 
56133      INFO  main            d.u.i.k.p.i.AbstractProblemLoader Creating init config 
58718      DEBUG main            d.u.i.k.p.i.AbstractProblemLoader Init config took 2.58s 
58760      INFO  main            d.u.i.k.p.i.AbstractProblemLoader Replaying proof CellTest[CellTest::test2(Cell)].JML operation contract.0 
58832      DEBUG main            d.u.i.k.p.i.IntermediateProofReplayer Proof replay took 69.03ms 
58833      DEBUG main            d.u.i.k.p.r.p.TestFile    ... success: reloaded. 
58834      INFO  main            d.u.i.k.p.r.p.TestFile    Now processing file /home/runner/work/key/key/key.core/../key.ui/examples/heap/model_methods/CellTest_test.key 
58834      INFO  main            d.u.i.k.p.i.AbstractProblemLoader Loading environment from /home/runner/work/key/key/key.core/../key.ui/examples/heap/model_methods/CellTest_test.key 
58835      DEBUG main            d.u.i.k.p.i.AbstractProblemLoader Environment load took 156.5ns 
58836      INFO  main            d.u.i.k.p.i.AbstractProblemLoader Creating init config 
61433      DEBUG main            d.u.i.k.p.i.AbstractProblemLoader Init config took 2.6s 
61474      INFO  main            d.u.i.k.p.i.AbstractProblemLoader Replaying proof CellTest[CellTest::test(Recell)].JML operation contract.0 
61475      DEBUG main            d.u.i.k.p.i.IntermediateProofReplayer Proof replay took 5.7ns 
63884      INFO  main            d.u.i.k.p.r.p.TestFile    ... finished proof: closed. 
64071      INFO  main            d.u.i.k.p.i.AbstractProblemLoader Loading environment from /home/runner/work/key/key/key.core/../key.ui/examples/heap/model_methods/CellTest_test.key.proof 
64071      DEBUG main            d.u.i.k.p.i.AbstractProblemLoader Environment load took 306.2ns 
64073      INFO  main            d.u.i.k.p.i.AbstractProblemLoader Creating init config 
66610      DEBUG main            d.u.i.k.p.i.AbstractProblemLoader Init config took 2.54s 
66655      INFO  main            d.u.i.k.p.i.AbstractProblemLoader Replaying proof CellTest[CellTest::test(Recell)].JML operation contract.0 
67163      DEBUG main            d.u.i.k.p.i.IntermediateProofReplayer Proof replay took 489.25ms 
67165      DEBUG main            d.u.i.k.p.r.p.TestFile    ... success: reloaded. 
67166      INFO  main            d.u.i.k.p.r.p.TestFile    Now processing file /home/runner/work/key/key/key.core/../key.ui/examples/heap/model_methods/Coll1_add.key 
67166      INFO  main            d.u.i.k.p.i.AbstractProblemLoader Loading environment from /home/runner/work/key/key/key.core/../key.ui/examples/heap/model_methods/Coll1_add.key 
67167      DEBUG main            d.u.i.k.p.i.AbstractProblemLoader Environment load took 159.4ns 
67167      INFO  main            d.u.i.k.p.i.AbstractProblemLoader Creating init config 
69760      DEBUG main            d.u.i.k.p.i.AbstractProblemLoader Init config took 2.59s 
69799      INFO  main            d.u.i.k.p.i.AbstractProblemLoader Replaying proof Coll1[Coll::add(int)].JML operation contract.0 
69800      DEBUG main            d.u.i.k.p.i.IntermediateProofReplayer Proof replay took 5.7ns 
69903      INFO  main            d.u.i.k.p.r.p.TestFile    ... finished proof: closed. 
70072      INFO  main            d.u.i.k.p.i.AbstractProblemLoader Loading environment from /home/runner/work/key/key/key.core/../key.ui/examples/heap/model_methods/Coll1_add.key.proof 
70072      DEBUG main            d.u.i.k.p.i.AbstractProblemLoader Environment load took 113.9ns 
70073      INFO  main            d.u.i.k.p.i.AbstractProblemLoader Creating init config 
72599      DEBUG main            d.u.i.k.p.i.AbstractProblemLoader Init config took 2.53s 
72650      INFO  main            d.u.i.k.p.i.AbstractProblemLoader Replaying proof Coll1[Coll::add(int)].JML operation contract.0 
72658      DEBUG main            d.u.i.k.p.i.IntermediateProofReplayer Proof replay took 6.46ms 
72659      DEBUG main            d.u.i.k.p.r.p.TestFile    ... success: reloaded. 
72661      INFO  main            d.u.i.k.p.r.p.TestFile    Now processing file /home/runner/work/key/key/key.core/../key.ui/examples/heap/model_methods/Coll1_Coll1_add_pre.key 
72661      INFO  main            d.u.i.k.p.i.AbstractProblemLoader Loading environment from /home/runner/work/key/key/key.core/../key.ui/examples/heap/model_methods/Coll1_Coll1_add_pre.key 
72661      DEBUG main            d.u.i.k.p.i.AbstractProblemLoader Environment load took 79ns 
72662      INFO  main            d.u.i.k.p.i.AbstractProblemLoader Creating init config 
75227      DEBUG main            d.u.i.k.p.i.AbstractProblemLoader Init config took 2.57s 
75266      INFO  main            d.u.i.k.p.i.AbstractProblemLoader Replaying proof Coll1[Coll1::add_pre(int)].JML model_behavior operation contract.0 
75268      DEBUG main            d.u.i.k.p.i.IntermediateProofReplayer Proof replay took 5.7ns 
75369      INFO  main            d.u.i.k.p.r.p.TestFile    ... finished proof: closed. 
75544      INFO  main            d.u.i.k.p.i.AbstractProblemLoader Loading environment from /home/runner/work/key/key/key.core/../key.ui/examples/heap/model_methods/Coll1_Coll1_add_pre.key.proof 
75544      DEBUG main            d.u.i.k.p.i.AbstractProblemLoader Environment load took 105ns 
75545      INFO  main            d.u.i.k.p.i.AbstractProblemLoader Creating init config 
78080      DEBUG main            d.u.i.k.p.i.AbstractProblemLoader Init config took 2.54s 
78122      INFO  main            d.u.i.k.p.i.AbstractProblemLoader Replaying proof Coll1[Coll1::add_pre(int)].JML model_behavior operation contract.0 
78125      DEBUG main            d.u.i.k.p.i.IntermediateProofReplayer Proof replay took 1.32ms 
78126      DEBUG main            d.u.i.k.p.r.p.TestFile    ... success: reloaded. 
78127      INFO  main            d.u.i.k.p.r.p.TestFile    Now processing file /home/runner/work/key/key/key.core/../key.ui/examples/heap/model_methods/Coll1_Coll_add_pre.key 
78127      INFO  main            d.u.i.k.p.i.AbstractProblemLoader Loading environment from /home/runner/work/key/key/key.core/../key.ui/examples/heap/model_methods/Coll1_Coll_add_pre.key 
78127      DEBUG main            d.u.i.k.p.i.AbstractProblemLoader Environment load took 147ns 
78128      INFO  main            d.u.i.k.p.i.AbstractProblemLoader Creating init config 
80722      DEBUG main            d.u.i.k.p.i.AbstractProblemLoader Init config took 2.59s 
80773      INFO  main            d.u.i.k.p.i.AbstractProblemLoader Replaying proof Coll1[Coll::add_pre(int)].JML model_behavior operation contract.0 
80774      DEBUG main            d.u.i.k.p.i.IntermediateProofReplayer Proof replay took 6.1ns 
80879      INFO  main            d.u.i.k.p.r.p.TestFile    ... finished proof: closed. 
81054      INFO  main            d.u.i.k.p.i.AbstractProblemLoader Loading environment from /home/runner/work/key/key/key.core/../key.ui/examples/heap/model_methods/Coll1_Coll_add_pre.key.proof 
81054      DEBUG main            d.u.i.k.p.i.AbstractProblemLoader Environment load took 128.5ns 
81055      INFO  main            d.u.i.k.p.i.AbstractProblemLoader Creating init config 
83585      DEBUG main            d.u.i.k.p.i.AbstractProblemLoader Init config took 2.53s 
83636      INFO  main            d.u.i.k.p.i.AbstractProblemLoader Replaying proof Coll1[Coll::add_pre(int)].JML model_behavior operation contract.0 
83640      DEBUG main            d.u.i.k.p.i.IntermediateProofReplayer Proof replay took 2.38ms 
83640      DEBUG main            d.u.i.k.p.r.p.TestFile    ... success: reloaded. 
83641      INFO  main            d.u.i.k.p.r.p.TestFile    Now processing file /home/runner/work/key/key/key.core/../key.ui/examples/heap/model_methods/Coll2_add.key 
83642      INFO  main            d.u.i.k.p.i.AbstractProblemLoader Loading environment from /home/runner/work/key/key/key.core/../key.ui/examples/heap/model_methods/Coll2_add.key 
83642      DEBUG main            d.u.i.k.p.i.AbstractProblemLoader Environment load took 165.8ns 
83643      INFO  main            d.u.i.k.p.i.AbstractProblemLoader Creating init config 
86220      DEBUG main            d.u.i.k.p.i.AbstractProblemLoader Init config took 2.58s 
86259      INFO  main            d.u.i.k.p.i.AbstractProblemLoader Replaying proof Coll2[Coll::add(int)].JML operation contract.0 
86260      DEBUG main            d.u.i.k.p.i.IntermediateProofReplayer Proof replay took 5.5ns 
86362      INFO  main            d.u.i.k.p.r.p.TestFile    ... finished proof: closed. 
86547      INFO  main            d.u.i.k.p.i.AbstractProblemLoader Loading environment from /home/runner/work/key/key/key.core/../key.ui/examples/heap/model_methods/Coll2_add.key.proof 
86547      DEBUG main            d.u.i.k.p.i.AbstractProblemLoader Environment load took 100.2ns 
86548      INFO  main            d.u.i.k.p.i.AbstractProblemLoader Creating init config 
89075      DEBUG main            d.u.i.k.p.i.AbstractProblemLoader Init config took 2.53s 
89112      INFO  main            d.u.i.k.p.i.AbstractProblemLoader Replaying proof Coll2[Coll::add(int)].JML operation contract.0 
89119      DEBUG main            d.u.i.k.p.i.IntermediateProofReplayer Proof replay took 6.01ms 
89120      DEBUG main            d.u.i.k.p.r.p.TestFile    ... success: reloaded. 
89121      INFO  main            d.u.i.k.p.r.p.TestFile    Now processing file /home/runner/work/key/key/key.core/../key.ui/examples/heap/model_methods/Coll2_Coll2_add_pre.key 
89121      INFO  main            d.u.i.k.p.i.AbstractProblemLoader Loading environment from /home/runner/work/key/key/key.core/../key.ui/examples/heap/model_methods/Coll2_Coll2_add_pre.key 
89122      DEBUG main            d.u.i.k.p.i.AbstractProblemLoader Environment load took 155.3ns 
89122      INFO  main            d.u.i.k.p.i.AbstractProblemLoader Creating init config 
91717      DEBUG main            d.u.i.k.p.i.AbstractProblemLoader Init config took 2.59s 
91753      INFO  main            d.u.i.k.p.i.AbstractProblemLoader Replaying proof Coll2[Coll2::add_pre(int)].JML model_behavior operation contract.0 
91755      DEBUG main            d.u.i.k.p.i.IntermediateProofReplayer Proof replay took 5.7ns 
91859      INFO  main            d.u.i.k.p.r.p.TestFile    ... finished proof: closed. 
92049      INFO  main            d.u.i.k.p.i.AbstractProblemLoader Loading environment from /home/runner/work/key/key/key.core/../key.ui/examples/heap/model_methods/Coll2_Coll2_add_pre.key.proof 
92049      DEBUG main            d.u.i.k.p.i.AbstractProblemLoader Environment load took 97.4ns 
92050      INFO  main            d.u.i.k.p.i.AbstractProblemLoader Creating init config 
94585      DEBUG main            d.u.i.k.p.i.AbstractProblemLoader Init config took 2.54s 
94622      INFO  main            d.u.i.k.p.i.AbstractProblemLoader Replaying proof Coll2[Coll2::add_pre(int)].JML model_behavior operation contract.0 
94624      DEBUG main            d.u.i.k.p.i.IntermediateProofReplayer Proof replay took 1.3ms 
94625      DEBUG main            d.u.i.k.p.r.p.TestFile    ... success: reloaded. 
94626      INFO  main            d.u.i.k.p.r.p.TestFile    Now processing file /home/runner/work/key/key/key.core/../key.ui/examples/heap/model_methods/Coll2_Coll_add_pre.key 
94626      INFO  main            d.u.i.k.p.i.AbstractProblemLoader Loading environment from /home/runner/work/key/key/key.core/../key.ui/examples/heap/model_methods/Coll2_Coll_add_pre.key 
94626      DEBUG main            d.u.i.k.p.i.AbstractProblemLoader Environment load took 84.9ns 
94627      INFO  main            d.u.i.k.p.i.AbstractProblemLoader Creating init config 
97187      DEBUG main            d.u.i.k.p.i.AbstractProblemLoader Init config took 2.56s 
97226      INFO  main            d.u.i.k.p.i.AbstractProblemLoader Replaying proof Coll2[Coll::add_pre(int)].JML model_behavior operation contract.0 
97227      DEBUG main            d.u.i.k.p.i.IntermediateProofReplayer Proof replay took 6.1ns 
97329      INFO  main            d.u.i.k.p.r.p.TestFile    ... finished proof: closed. 
97523      INFO  main            d.u.i.k.p.i.AbstractProblemLoader Loading environment from /home/runner/work/key/key/key.core/../key.ui/examples/heap/model_methods/Coll2_Coll_add_pre.key.proof 
97523      DEBUG main            d.u.i.k.p.i.AbstractProblemLoader Environment load took 101.2ns 
97524      INFO  main            d.u.i.k.p.i.AbstractProblemLoader Creating init config 
100043     DEBUG main            d.u.i.k.p.i.AbstractProblemLoader Init config took 2.52s 
100080     INFO  main            d.u.i.k.p.i.AbstractProblemLoader Replaying proof Coll2[Coll::add_pre(int)].JML model_behavior operation contract.0 
100083     DEBUG main            d.u.i.k.p.i.IntermediateProofReplayer Proof replay took 1.93ms 
100084     DEBUG main            d.u.i.k.p.r.p.TestFile    ... success: reloaded. 
100085     INFO  main            d.u.i.k.p.r.p.TestFile    Now processing file /home/runner/work/key/key/key.core/../key.ui/examples/heap/model_methods/Coll_add.key 
100086     INFO  main            d.u.i.k.p.i.AbstractProblemLoader Loading environment from /home/runner/work/key/key/key.core/../key.ui/examples/heap/model_methods/Coll_add.key 
100086     DEBUG main            d.u.i.k.p.i.AbstractProblemLoader Environment load took 81.6ns 
100086     INFO  main            d.u.i.k.p.i.AbstractProblemLoader Creating init config 
102660     DEBUG main            d.u.i.k.p.i.AbstractProblemLoader Init config took 2.57s 
102698     INFO  main            d.u.i.k.p.i.AbstractProblemLoader Replaying proof Coll[Coll::add(int)].JML operation contract.0 
102699     DEBUG main            d.u.i.k.p.i.IntermediateProofReplayer Proof replay took 5.6ns 
102801     INFO  main            d.u.i.k.p.r.p.TestFile    ... finished proof: closed. 
102996     INFO  main            d.u.i.k.p.i.AbstractProblemLoader Loading environment from /home/runner/work/key/key/key.core/../key.ui/examples/heap/model_methods/Coll_add.key.proof 
102996     DEBUG main            d.u.i.k.p.i.AbstractProblemLoader Environment load took 119.2ns 
102997     INFO  main            d.u.i.k.p.i.AbstractProblemLoader Creating init config 
105539     DEBUG main            d.u.i.k.p.i.AbstractProblemLoader Init config took 2.54s 
105576     INFO  main            d.u.i.k.p.i.AbstractProblemLoader Replaying proof Coll[Coll::add(int)].JML operation contract.0 
105579     DEBUG main            d.u.i.k.p.i.IntermediateProofReplayer Proof replay took 1.96ms 
105580     DEBUG main            d.u.i.k.p.r.p.TestFile    ... success: reloaded. 
105580     INFO  main            d.u.i.k.p.r.p.TestFile    Now processing file /home/runner/work/key/key/key.core/../key.ui/examples/heap/model_methods/Coll_add_pre.key 
105581     INFO  main            d.u.i.k.p.i.AbstractProblemLoader Loading environment from /home/runner/work/key/key/key.core/../key.ui/examples/heap/model_methods/Coll_add_pre.key 
105581     DEBUG main            d.u.i.k.p.i.AbstractProblemLoader Environment load took 88.1ns 
105582     INFO  main            d.u.i.k.p.i.AbstractProblemLoader Creating init config 
108117     DEBUG main            d.u.i.k.p.i.AbstractProblemLoader Init config took 2.54s 
108166     INFO  main            d.u.i.k.p.i.AbstractProblemLoader Replaying proof Coll[Coll::add_pre(int)].JML model_behavior operation contract.0 
108168     DEBUG main            d.u.i.k.p.i.IntermediateProofReplayer Proof replay took 5.7ns 
108269     INFO  main            d.u.i.k.p.r.p.TestFile    ... finished proof: closed. 
108473     INFO  main            d.u.i.k.p.i.AbstractProblemLoader Loading environment from /home/runner/work/key/key/key.core/../key.ui/examples/heap/model_methods/Coll_add_pre.key.proof 
108473     DEBUG main            d.u.i.k.p.i.AbstractProblemLoader Environment load took 134.9ns 
108474     INFO  main            d.u.i.k.p.i.AbstractProblemLoader Creating init config 
110995     DEBUG main            d.u.i.k.p.i.AbstractProblemLoader Init config took 2.52s 
111031     INFO  main            d.u.i.k.p.i.AbstractProblemLoader Replaying proof Coll[Coll::add_pre(int)].JML model_behavior operation contract.0 
111035     DEBUG main            d.u.i.k.p.i.IntermediateProofReplayer Proof replay took 2.3ms 
111035     DEBUG main            d.u.i.k.p.r.p.TestFile    ... success: reloaded. 
111036     INFO  main            d.u.i.k.p.r.p.TestFile    Now processing file /home/runner/work/key/key/key.core/../key.ui/examples/heap/model_methods/Indirect_callAdd.key 
111036     INFO  main            d.u.i.k.p.i.AbstractProblemLoader Loading environment from /home/runner/work/key/key/key.core/../key.ui/examples/heap/model_methods/Indirect_callAdd.key 
111036     DEBUG main            d.u.i.k.p.i.AbstractProblemLoader Environment load took 67.1ns 
111037     INFO  main            d.u.i.k.p.i.AbstractProblemLoader Creating init config 
113605     DEBUG main            d.u.i.k.p.i.AbstractProblemLoader Init config took 2.57s 
113642     INFO  main            d.u.i.k.p.i.AbstractProblemLoader Replaying proof Indirect[Indirect::callAdd(Coll,int)].JML operation contract.0 
113643     DEBUG main            d.u.i.k.p.i.IntermediateProofReplayer Proof replay took 5.9ns 
113745     INFO  main            d.u.i.k.p.r.p.TestFile    ... finished proof: closed. 
113978     INFO  main            d.u.i.k.p.i.AbstractProblemLoader Loading environment from /home/runner/work/key/key/key.core/../key.ui/examples/heap/model_methods/Indirect_callAdd.key.proof 
113978     DEBUG main            d.u.i.k.p.i.AbstractProblemLoader Environment load took 409.4ns 
113979     INFO  main            d.u.i.k.p.i.AbstractProblemLoader Creating init config 
116481     DEBUG main            d.u.i.k.p.i.AbstractProblemLoader Init config took 2.5s 
116528     INFO  main            d.u.i.k.p.i.AbstractProblemLoader Replaying proof Indirect[Indirect::callAdd(Coll,int)].JML operation contract.0 
116552     DEBUG main            d.u.i.k.p.i.IntermediateProofReplayer Proof replay took 22.07ms 
116553     DEBUG main            d.u.i.k.p.r.p.TestFile    ... success: reloaded. 
116553     INFO  main            d.u.i.k.p.r.p.TestFile    Now processing file /home/runner/work/key/key/key.core/../key.ui/examples/heap/model_methods/Indirect_test.key 
116554     INFO  main            d.u.i.k.p.i.AbstractProblemLoader Loading environment from /home/runner/work/key/key/key.core/../key.ui/examples/heap/model_methods/Indirect_test.key 
116554     DEBUG main            d.u.i.k.p.i.AbstractProblemLoader Environment load took 68ns 
116554     INFO  main            d.u.i.k.p.i.AbstractProblemLoader Creating init config 
119111     DEBUG main            d.u.i.k.p.i.AbstractProblemLoader Init config took 2.56s 
119147     INFO  main            d.u.i.k.p.i.AbstractProblemLoader Replaying proof Indirect[Indirect::test(Coll1,Coll2)].JML operation contract.0 
119148     DEBUG main            d.u.i.k.p.i.IntermediateProofReplayer Proof replay took 6.3ns 
119350     INFO  main            d.u.i.k.p.r.p.TestFile    ... finished proof: closed. 
119572     INFO  main            d.u.i.k.p.i.AbstractProblemLoader Loading environment from /home/runner/work/key/key/key.core/../key.ui/examples/heap/model_methods/Indirect_test.key.proof 
119572     DEBUG main            d.u.i.k.p.i.AbstractProblemLoader Environment load took 92.7ns 
119573     INFO  main            d.u.i.k.p.i.AbstractProblemLoader Creating init config 
122101     DEBUG main            d.u.i.k.p.i.AbstractProblemLoader Init config took 2.53s 
122137     INFO  main            d.u.i.k.p.i.AbstractProblemLoader Replaying proof Indirect[Indirect::test(Coll1,Coll2)].JML operation contract.0 
122186     DEBUG main            d.u.i.k.p.i.IntermediateProofReplayer Proof replay took 46ms 
122186     DEBUG main            d.u.i.k.p.r.p.TestFile    ... success: reloaded. 
122187     INFO  main            d.u.i.k.p.r.p.TestFile    Now processing file /home/runner/work/key/key/key.core/../key.ui/examples/heap/model_methods/Recell_Cell_footprint.key 
122187     INFO  main            d.u.i.k.p.i.AbstractProblemLoader Loading environment from /home/runner/work/key/key/key.core/../key.ui/examples/heap/model_methods/Recell_Cell_footprint.key 
122188     DEBUG main            d.u.i.k.p.i.AbstractProblemLoader Environment load took 72.2ns 
122188     INFO  main            d.u.i.k.p.i.AbstractProblemLoader Creating init config 
124765     DEBUG main            d.u.i.k.p.i.AbstractProblemLoader Init config took 2.58s 
124801     INFO  main            d.u.i.k.p.i.AbstractProblemLoader Replaying proof Recell[Cell::footprint()].JML model_behavior operation contract.0 
124802     DEBUG main            d.u.i.k.p.i.IntermediateProofReplayer Proof replay took 5.6ns 
124903     INFO  main            d.u.i.k.p.r.p.TestFile    ... finished proof: closed. 
125118     INFO  main            d.u.i.k.p.i.AbstractProblemLoader Loading environment from /home/runner/work/key/key/key.core/../key.ui/examples/heap/model_methods/Recell_Cell_footprint.key.proof 
125118     DEBUG main            d.u.i.k.p.i.AbstractProblemLoader Environment load took 98.3ns 
125119     INFO  main            d.u.i.k.p.i.AbstractProblemLoader Creating init config 
127619     DEBUG main            d.u.i.k.p.i.AbstractProblemLoader Init config took 2.5s 
127665     INFO  main            d.u.i.k.p.i.AbstractProblemLoader Replaying proof Recell[Cell::footprint()].JML model_behavior operation contract.0 
127669     DEBUG main            d.u.i.k.p.i.IntermediateProofReplayer Proof replay took 2.48ms 
127669     DEBUG main            d.u.i.k.p.r.p.TestFile    ... success: reloaded. 
127670     INFO  main            d.u.i.k.p.r.p.TestFile    Now processing file /home/runner/work/key/key/key.core/../key.ui/examples/heap/model_methods/Recell_Cell_post_set.key 
127670     INFO  main            d.u.i.k.p.i.AbstractProblemLoader Loading environment from /home/runner/work/key/key/key.core/../key.ui/examples/heap/model_methods/Recell_Cell_post_set.key 
127670     DEBUG main            d.u.i.k.p.i.AbstractProblemLoader Environment load took 52.9ns 
127671     INFO  main            d.u.i.k.p.i.AbstractProblemLoader Creating init config 
130203     DEBUG main            d.u.i.k.p.i.AbstractProblemLoader Init config took 2.53s 
130239     INFO  main            d.u.i.k.p.i.AbstractProblemLoader Replaying proof Recell[Cell::post_set(int)].JML model_behavior operation contract.0 
130241     DEBUG main            d.u.i.k.p.i.IntermediateProofReplayer Proof replay took 6.3ns 
130343     INFO  main            d.u.i.k.p.r.p.TestFile    ... finished proof: closed. 
130570     INFO  main            d.u.i.k.p.i.AbstractProblemLoader Loading environment from /home/runner/work/key/key/key.core/../key.ui/examples/heap/model_methods/Recell_Cell_post_set.key.proof 
130571     DEBUG main            d.u.i.k.p.i.AbstractProblemLoader Environment load took 95.9ns 
130571     INFO  main            d.u.i.k.p.i.AbstractProblemLoader Creating init config 
133065     DEBUG main            d.u.i.k.p.i.AbstractProblemLoader Init config took 2.49s 
133101     INFO  main            d.u.i.k.p.i.AbstractProblemLoader Replaying proof Recell[Cell::post_set(int)].JML model_behavior operation contract.0 
133106     DEBUG main            d.u.i.k.p.i.IntermediateProofReplayer Proof replay took 3.54ms 
133106     DEBUG main            d.u.i.k.p.r.p.TestFile    ... success: reloaded. 
133107     INFO  main            d.u.i.k.p.r.p.TestFile    Now processing file /home/runner/work/key/key/key.core/../key.ui/examples/heap/model_methods/Recell_footprint_acc.key 
133107     INFO  main            d.u.i.k.p.i.AbstractProblemLoader Loading environment from /home/runner/work/key/key/key.core/../key.ui/examples/heap/model_methods/Recell_footprint_acc.key 
133107     DEBUG main            d.u.i.k.p.i.AbstractProblemLoader Environment load took 72.5ns 
133108     INFO  main            d.u.i.k.p.i.AbstractProblemLoader Creating init config 
135649     DEBUG main            d.u.i.k.p.i.AbstractProblemLoader Init config took 2.54s 
135685     INFO  main            d.u.i.k.p.i.AbstractProblemLoader Replaying proof Recell[Cell::footprint()].JML accessible clause.0 
135686     DEBUG main            d.u.i.k.p.i.IntermediateProofReplayer Proof replay took 13.7ns 
135791     INFO  main            d.u.i.k.p.r.p.TestFile    ... finished proof: closed. 
136033     INFO  main            d.u.i.k.p.i.AbstractProblemLoader Loading environment from /home/runner/work/key/key/key.core/../key.ui/examples/heap/model_methods/Recell_footprint_acc.key.proof 
136033     DEBUG main            d.u.i.k.p.i.AbstractProblemLoader Environment load took 95.1ns 
136033     INFO  main            d.u.i.k.p.i.AbstractProblemLoader Creating init config 
138527     DEBUG main            d.u.i.k.p.i.AbstractProblemLoader Init config took 2.49s 
138564     INFO  main            d.u.i.k.p.i.AbstractProblemLoader Replaying proof Recell[Cell::footprint()].JML accessible clause.0 
138586     DEBUG main            d.u.i.k.p.i.IntermediateProofReplayer Proof replay took 17.32ms 
138590     DEBUG main            d.u.i.k.p.r.p.TestFile    ... success: reloaded. 
138591     INFO  main            d.u.i.k.p.r.p.TestFile    Now processing file /home/runner/work/key/key/key.core/../key.ui/examples/heap/model_methods/Recell_get_acc.key 
138592     INFO  main            d.u.i.k.p.i.AbstractProblemLoader Loading environment from /home/runner/work/key/key/key.core/../key.ui/examples/heap/model_methods/Recell_get_acc.key 
138592     DEBUG main            d.u.i.k.p.i.AbstractProblemLoader Environment load took 145.4ns 
138593     INFO  main            d.u.i.k.p.i.AbstractProblemLoader Creating init config 
141141     DEBUG main            d.u.i.k.p.i.AbstractProblemLoader Init config took 2.55s 
141193     INFO  main            d.u.i.k.p.i.AbstractProblemLoader Replaying proof Recell[Cell::get()].JML accessible clause.0 
141194     DEBUG main            d.u.i.k.p.i.IntermediateProofReplayer Proof replay took 5.9ns 
141296     INFO  main            d.u.i.k.p.r.p.TestFile    ... finished proof: closed. 
141589     INFO  main            d.u.i.k.p.i.AbstractProblemLoader Loading environment from /home/runner/work/key/key/key.core/../key.ui/examples/heap/model_methods/Recell_get_acc.key.proof 
141589     DEBUG main            d.u.i.k.p.i.AbstractProblemLoader Environment load took 93.3ns 
141591     INFO  main            d.u.i.k.p.i.AbstractProblemLoader Creating init config 
144086     DEBUG main            d.u.i.k.p.i.AbstractProblemLoader Init config took 2.49s 
144120     INFO  main            d.u.i.k.p.i.AbstractProblemLoader Replaying proof Recell[Cell::get()].JML accessible clause.0 
144137     DEBUG main            d.u.i.k.p.i.IntermediateProofReplayer Proof replay took 14.52ms 
144137     DEBUG main            d.u.i.k.p.r.p.TestFile    ... success: reloaded. 
144138     INFO  main            d.u.i.k.p.r.p.TestFile    Now processing file /home/runner/work/key/key/key.core/../key.ui/examples/heap/model_methods/Recell_get.key 
144138     INFO  main            d.u.i.k.p.i.AbstractProblemLoader Loading environment from /home/runner/work/key/key/key.core/../key.ui/examples/heap/model_methods/Recell_get.key 
144138     DEBUG main            d.u.i.k.p.i.AbstractProblemLoader Environment load took 72.2ns 
144139     INFO  main            d.u.i.k.p.i.AbstractProblemLoader Creating init config 
146689     DEBUG main            d.u.i.k.p.i.AbstractProblemLoader Init config took 2.55s 
146726     INFO  main            d.u.i.k.p.i.AbstractProblemLoader Replaying proof Recell[Cell::get()].JML operation contract.0 
146727     DEBUG main            d.u.i.k.p.i.IntermediateProofReplayer Proof replay took 6.4ns 
146831     INFO  main            d.u.i.k.p.r.p.TestFile    ... finished proof: closed. 
147087     INFO  main            d.u.i.k.p.i.AbstractProblemLoader Loading environment from /home/runner/work/key/key/key.core/../key.ui/examples/heap/model_methods/Recell_get.key.proof 
147087     DEBUG main            d.u.i.k.p.i.AbstractProblemLoader Environment load took 95ns 
147088     INFO  main            d.u.i.k.p.i.AbstractProblemLoader Creating init config 
149578     DEBUG main            d.u.i.k.p.i.AbstractProblemLoader Init config took 2.49s 
149614     INFO  main            d.u.i.k.p.i.AbstractProblemLoader Replaying proof Recell[Cell::get()].JML operation contract.0 
149623     DEBUG main            d.u.i.k.p.i.IntermediateProofReplayer Proof replay took 7.68ms 
149623     DEBUG main            d.u.i.k.p.r.p.TestFile    ... success: reloaded. 
149624     INFO  main            d.u.i.k.p.r.p.TestFile    Now processing file /home/runner/work/key/key/key.core/../key.ui/examples/heap/model_methods/Recell_Recell_footprint.key 
149624     INFO  main            d.u.i.k.p.i.AbstractProblemLoader Loading environment from /home/runner/work/key/key/key.core/../key.ui/examples/heap/model_methods/Recell_Recell_footprint.key 
149624     DEBUG main            d.u.i.k.p.i.AbstractProblemLoader Environment load took 76.9ns 
149625     INFO  main            d.u.i.k.p.i.AbstractProblemLoader Creating init config 
152173     DEBUG main            d.u.i.k.p.i.AbstractProblemLoader Init config took 2.55s 
152208     INFO  main            d.u.i.k.p.i.AbstractProblemLoader Replaying proof Recell[Recell::footprint()].JML model_behavior operation contract.0 
152209     DEBUG main            d.u.i.k.p.i.IntermediateProofReplayer Proof replay took 5.8ns 
152311     INFO  main            d.u.i.k.p.r.p.TestFile    ... finished proof: closed. 
152555     INFO  main            d.u.i.k.p.i.AbstractProblemLoader Loading environment from /home/runner/work/key/key/key.core/../key.ui/examples/heap/model_methods/Recell_Recell_footprint.key.proof 
152555     DEBUG main            d.u.i.k.p.i.AbstractProblemLoader Environment load took 93.4ns 
152556     INFO  main            d.u.i.k.p.i.AbstractProblemLoader Creating init config 
155056     DEBUG main            d.u.i.k.p.i.AbstractProblemLoader Init config took 2.5s 
155090     INFO  main            d.u.i.k.p.i.AbstractProblemLoader Replaying proof Recell[Recell::footprint()].JML model_behavior operation contract.0 
155093     DEBUG main            d.u.i.k.p.i.IntermediateProofReplayer Proof replay took 1.25ms 
155093     DEBUG main            d.u.i.k.p.r.p.TestFile    ... success: reloaded. 
155099     INFO  main            d.u.i.k.p.r.p.TestFile    Now processing file /home/runner/work/key/key/key.core/../key.ui/examples/heap/model_methods/Recell_Recell_post_set.key 
155100     INFO  main            d.u.i.k.p.i.AbstractProblemLoader Loading environment from /home/runner/work/key/key/key.core/../key.ui/examples/heap/model_methods/Recell_Recell_post_set.key 
155103     DEBUG main            d.u.i.k.p.i.AbstractProblemLoader Environment load took 2.71ms 
155104     INFO  main            d.u.i.k.p.i.AbstractProblemLoader Creating init config 
157670     DEBUG main            d.u.i.k.p.i.AbstractProblemLoader Init config took 2.57s 
157704     INFO  main            d.u.i.k.p.i.AbstractProblemLoader Replaying proof Recell[Recell::post_set(int)].JML model_behavior operation contract.0 
157706     DEBUG main            d.u.i.k.p.i.IntermediateProofReplayer Proof replay took 6.2ns 
157807     INFO  main            d.u.i.k.p.r.p.TestFile    ... finished proof: closed. 
158055     INFO  main            d.u.i.k.p.i.AbstractProblemLoader Loading environment from /home/runner/work/key/key/key.core/../key.ui/examples/heap/model_methods/Recell_Recell_post_set.key.proof 
158055     DEBUG main            d.u.i.k.p.i.AbstractProblemLoader Environment load took 92.9ns 
158056     INFO  main            d.u.i.k.p.i.AbstractProblemLoader Creating init config 
160552     DEBUG main            d.u.i.k.p.i.AbstractProblemLoader Init config took 2.5s 
160587     INFO  main            d.u.i.k.p.i.AbstractProblemLoader Replaying proof Recell[Recell::post_set(int)].JML model_behavior operation contract.0 
160591     DEBUG main            d.u.i.k.p.i.IntermediateProofReplayer Proof replay took 2.14ms 
160591     DEBUG main            d.u.i.k.p.r.p.TestFile    ... success: reloaded. 
160592     INFO  main            d.u.i.k.p.r.p.TestFile    Now processing file /home/runner/work/key/key/key.core/../key.ui/examples/heap/model_methods/Recell_set.key 
160592     INFO  main            d.u.i.k.p.i.AbstractProblemLoader Loading environment from /home/runner/work/key/key/key.core/../key.ui/examples/heap/model_methods/Recell_set.key 
160592     DEBUG main            d.u.i.k.p.i.AbstractProblemLoader Environment load took 54ns 
160593     INFO  main            d.u.i.k.p.i.AbstractProblemLoader Creating init config 
163133     DEBUG main            d.u.i.k.p.i.AbstractProblemLoader Init config took 2.54s 
163169     INFO  main            d.u.i.k.p.i.AbstractProblemLoader Replaying proof Recell[Cell::set(int)].JML operation contract.0 
163170     DEBUG main            d.u.i.k.p.i.IntermediateProofReplayer Proof replay took 6.2ns 
169005     INFO  main            d.u.i.k.p.r.p.TestFile    ... finished proof: closed. 
169295     INFO  main            d.u.i.k.p.i.AbstractProblemLoader Loading environment from /home/runner/work/key/key/key.core/../key.ui/examples/heap/model_methods/Recell_set.key.proof 
169295     DEBUG main            d.u.i.k.p.i.AbstractProblemLoader Environment load took 280.2ns 
169296     INFO  main            d.u.i.k.p.i.AbstractProblemLoader Creating init config 
171799     DEBUG main            d.u.i.k.p.i.AbstractProblemLoader Init config took 2.5s 
171834     INFO  main            d.u.i.k.p.i.AbstractProblemLoader Replaying proof Recell[Cell::set(int)].JML operation contract.0 
172269     DEBUG main            d.u.i.k.p.i.IntermediateProofReplayer Proof replay took 417.13ms 
172270     DEBUG main            d.u.i.k.p.r.p.TestFile    ... success: reloaded. 
172271     INFO  main            d.u.i.k.p.r.p.TestFile    Now processing file /home/runner/work/key/key/key.core/../key.ui/examples/heap/model_methods/Recell_undo.key 
172271     INFO  main            d.u.i.k.p.i.AbstractProblemLoader Loading environment from /home/runner/work/key/key/key.core/../key.ui/examples/heap/model_methods/Recell_undo.key 
172272     DEBUG main            d.u.i.k.p.i.AbstractProblemLoader Environment load took 143.9ns 
172272     INFO  main            d.u.i.k.p.i.AbstractProblemLoader Creating init config 
174851     DEBUG main            d.u.i.k.p.i.AbstractProblemLoader Init config took 2.58s 
174886     INFO  main            d.u.i.k.p.i.AbstractProblemLoader Replaying proof Recell[Recell::undo()].JML operation contract.0 
174887     DEBUG main            d.u.i.k.p.i.IntermediateProofReplayer Proof replay took 5.6ns 
174991     INFO  main            d.u.i.k.p.r.p.TestFile    ... finished proof: closed. 
175271     INFO  main            d.u.i.k.p.i.AbstractProblemLoader Loading environment from /home/runner/work/key/key/key.core/../key.ui/examples/heap/model_methods/Recell_undo.key.proof 
175271     DEBUG main            d.u.i.k.p.i.AbstractProblemLoader Environment load took 83.3ns 
175272     INFO  main            d.u.i.k.p.i.AbstractProblemLoader Creating init config 
177761     DEBUG main            d.u.i.k.p.i.AbstractProblemLoader Init config took 2.49s 
177796     INFO  main            d.u.i.k.p.i.AbstractProblemLoader Replaying proof Recell[Recell::undo()].JML operation contract.0 
177825     DEBUG main            d.u.i.k.p.i.IntermediateProofReplayer Proof replay took 26.81ms 
177825     DEBUG main            d.u.i.k.p.r.p.TestFile    ... success: reloaded. 
4010238    INFO  Test worker     d.u.i.k.p.r.RunAllProofsTestUnit Returning from test modelMethods 
4010238    INFO  Test worker     d.u.i.k.p.r.RunAllProofsTestUnit Running test permissionHeap 
376        INFO  Timeout watchdog d.u.i.k.p.r.p.ForkedTestFileRunner Timeout watcher launched (2000 secs.) 
400        WARN  main            d.u.i.k.s.ProofSettings   The settings in /home/runner/.key/proof-settings.props are *not* read. 
426        INFO  main            d.u.i.k.p.r.p.TestFile    Now processing file /home/runner/work/key/key/key.core/../key.ui/examples/heap/permissions/permissions_method0.key 
551        INFO  main            d.u.i.k.p.i.AbstractProblemLoader Loading environment from /home/runner/work/key/key/key.core/../key.ui/examples/heap/permissions/permissions_method0.key 
566        DEBUG main            d.u.i.k.p.i.AbstractProblemLoader Environment load took 1.86ms 
777        INFO  main            d.u.i.k.p.i.AbstractProblemLoader Creating init config 
1653       DEBUG main            d.u.i.k.j.TypeConverter   No LDT found for Meta 
1655       DEBUG main            d.u.i.k.j.TypeConverter   No LDT found for Meta 
1658       DEBUG main            d.u.i.k.j.TypeConverter   No LDT found for Meta 
1658       DEBUG main            d.u.i.k.j.TypeConverter   No LDT found for Meta 
2828       DEBUG main            d.u.i.k.j.TypeConverter   No LDT found for JavaBigintExpression 
7873       DEBUG main            d.u.i.k.p.i.AbstractProblemLoader Init config took 7.09s 
7994       INFO  main            d.u.i.k.p.i.AbstractProblemLoader Replaying proof MyClass[MyClass::method0()].JML normal_behavior operation contract.0 
8026       DEBUG main            d.u.i.k.p.i.IntermediateProofReplayer Proof replay took 29.4ns 
8847       INFO  main            d.u.i.k.p.r.p.TestFile    ... finished proof: closed. 
8953       INFO  main            d.u.i.k.p.i.AbstractProblemLoader Loading environment from /home/runner/work/key/key/key.core/../key.ui/examples/heap/permissions/permissions_method0.key.proof 
8954       DEBUG main            d.u.i.k.p.i.AbstractProblemLoader Environment load took 1.3ms 
8957       INFO  main            d.u.i.k.p.i.AbstractProblemLoader Creating init config 
11808      DEBUG main            d.u.i.k.p.i.AbstractProblemLoader Init config took 2.85s 
11867      INFO  main            d.u.i.k.p.i.AbstractProblemLoader Replaying proof MyClass[MyClass::method0()].JML normal_behavior operation contract.0 
12018      DEBUG main            d.u.i.k.p.i.IntermediateProofReplayer Proof replay took 145.8ms 
12025      DEBUG main            d.u.i.k.p.r.p.TestFile    ... success: reloaded. 
12028      INFO  main            d.u.i.k.p.r.p.TestFile    Now processing file /home/runner/work/key/key/key.core/../key.ui/examples/heap/permissions/permissions_method1.key 
12028      INFO  main            d.u.i.k.p.i.AbstractProblemLoader Loading environment from /home/runner/work/key/key/key.core/../key.ui/examples/heap/permissions/permissions_method1.key 
12028      DEBUG main            d.u.i.k.p.i.AbstractProblemLoader Environment load took 174.8ns 
12031      INFO  main            d.u.i.k.p.i.AbstractProblemLoader Creating init config 
14765      DEBUG main            d.u.i.k.p.i.AbstractProblemLoader Init config took 2.73s 
14822      INFO  main            d.u.i.k.p.i.AbstractProblemLoader Replaying proof MyClass[MyClass::method1()].JML normal_behavior operation contract.0 
14825      DEBUG main            d.u.i.k.p.i.IntermediateProofReplayer Proof replay took 5ns 
15028      INFO  main            d.u.i.k.p.r.p.TestFile    ... finished proof: closed. 
15168      INFO  main            d.u.i.k.p.i.AbstractProblemLoader Loading environment from /home/runner/work/key/key/key.core/../key.ui/examples/heap/permissions/permissions_method1.key.proof 
15171      DEBUG main            d.u.i.k.p.i.AbstractProblemLoader Environment load took 2.65ms 
15173      INFO  main            d.u.i.k.p.i.AbstractProblemLoader Creating init config 
17771      DEBUG main            d.u.i.k.p.i.AbstractProblemLoader Init config took 2.6s 
17819      INFO  main            d.u.i.k.p.i.AbstractProblemLoader Replaying proof MyClass[MyClass::method1()].JML normal_behavior operation contract.0 
17884      DEBUG main            d.u.i.k.p.i.IntermediateProofReplayer Proof replay took 61.68ms 
17885      DEBUG main            d.u.i.k.p.r.p.TestFile    ... success: reloaded. 
17887      INFO  main            d.u.i.k.p.r.p.TestFile    Now processing file /home/runner/work/key/key/key.core/../key.ui/examples/heap/permissions/permissions_method3.key 
17888      INFO  main            d.u.i.k.p.i.AbstractProblemLoader Loading environment from /home/runner/work/key/key/key.core/../key.ui/examples/heap/permissions/permissions_method3.key 
17888      DEBUG main            d.u.i.k.p.i.AbstractProblemLoader Environment load took 170.2ns 
17890      INFO  main            d.u.i.k.p.i.AbstractProblemLoader Creating init config 
20546      DEBUG main            d.u.i.k.p.i.AbstractProblemLoader Init config took 2.66s 
20592      INFO  main            d.u.i.k.p.i.AbstractProblemLoader Replaying proof MyClass[MyClass::method3()].JML normal_behavior operation contract.0 
20594      DEBUG main            d.u.i.k.p.i.IntermediateProofReplayer Proof replay took 5.5ns 
21902      INFO  main            d.u.i.k.p.r.p.TestFile    ... finished proof: closed. 
22054      INFO  main            d.u.i.k.p.i.AbstractProblemLoader Loading environment from /home/runner/work/key/key/key.core/../key.ui/examples/heap/permissions/permissions_method3.key.proof 
22055      DEBUG main            d.u.i.k.p.i.AbstractProblemLoader Environment load took 334ns 
22056      INFO  main            d.u.i.k.p.i.AbstractProblemLoader Creating init config 
24598      DEBUG main            d.u.i.k.p.i.AbstractProblemLoader Init config took 2.54s 
24650      INFO  main            d.u.i.k.p.i.AbstractProblemLoader Replaying proof MyClass[MyClass::method3()].JML normal_behavior operation contract.0 
24872      DEBUG main            d.u.i.k.p.i.IntermediateProofReplayer Proof replay took 214.88ms 
24873      DEBUG main            d.u.i.k.p.r.p.TestFile    ... success: reloaded. 
24874      INFO  main            d.u.i.k.p.r.p.TestFile    Now processing file /home/runner/work/key/key/key.core/../key.ui/examples/heap/permissions/permissions_setAB.key 
24875      INFO  main            d.u.i.k.p.i.AbstractProblemLoader Loading environment from /home/runner/work/key/key/key.core/../key.ui/examples/heap/permissions/permissions_setAB.key 
24875      DEBUG main            d.u.i.k.p.i.AbstractProblemLoader Environment load took 181.7ns 
24876      INFO  main            d.u.i.k.p.i.AbstractProblemLoader Creating init config 
27432      DEBUG main            d.u.i.k.p.i.AbstractProblemLoader Init config took 2.56s 
27474      INFO  main            d.u.i.k.p.i.AbstractProblemLoader Replaying proof MyClass[MyClass::setAB()].JML normal_behavior operation contract.0 
27476      DEBUG main            d.u.i.k.p.i.IntermediateProofReplayer Proof replay took 5ns 
28883      INFO  main            d.u.i.k.p.r.p.TestFile    ... finished proof: closed. 
29050      INFO  main            d.u.i.k.p.i.AbstractProblemLoader Loading environment from /home/runner/work/key/key/key.core/../key.ui/examples/heap/permissions/permissions_setAB.key.proof 
29054      DEBUG main            d.u.i.k.p.i.AbstractProblemLoader Environment load took 3.65ms 
29055      INFO  main            d.u.i.k.p.i.AbstractProblemLoader Creating init config 
31582      DEBUG main            d.u.i.k.p.i.AbstractProblemLoader Init config took 2.53s 
31624      INFO  main            d.u.i.k.p.i.AbstractProblemLoader Replaying proof MyClass[MyClass::setAB()].JML normal_behavior operation contract.0 
31807      DEBUG main            d.u.i.k.p.i.IntermediateProofReplayer Proof replay took 177.16ms 
31808      DEBUG main            d.u.i.k.p.r.p.TestFile    ... success: reloaded. 
31809      INFO  main            d.u.i.k.p.r.p.TestFile    Now processing file /home/runner/work/key/key/key.core/../key.ui/examples/heap/permissions/permissionProperties.key 
31809      INFO  main            d.u.i.k.p.i.AbstractProblemLoader Loading environment from /home/runner/work/key/key/key.core/../key.ui/examples/heap/permissions/permissionProperties.key 
31810      DEBUG main            d.u.i.k.p.i.AbstractProblemLoader Environment load took 153.8ns 
31811      INFO  main            d.u.i.k.p.i.AbstractProblemLoader Creating init config 
31951      DEBUG main            d.u.i.k.j.TypeConverter   No LDT found for Meta 
31952      DEBUG main            d.u.i.k.j.TypeConverter   No LDT found for Meta 
31953      DEBUG main            d.u.i.k.j.TypeConverter   No LDT found for Meta 
31953      DEBUG main            d.u.i.k.j.TypeConverter   No LDT found for Meta 
32501      DEBUG main            d.u.i.k.j.TypeConverter   No LDT found for JavaBigintExpression 
35044      DEBUG main            d.u.i.k.p.i.AbstractProblemLoader Init config took 3.23s 
35063      INFO  main            d.u.i.k.p.i.AbstractProblemLoader Replaying proof permissionProperties.key 
35066      DEBUG main            d.u.i.k.p.i.IntermediateProofReplayer Proof replay took 5.1ns 
35169      INFO  main            d.u.i.k.p.r.p.TestFile    ... finished proof: closed. 
35316      INFO  main            d.u.i.k.p.i.AbstractProblemLoader Loading environment from /home/runner/work/key/key/key.core/../key.ui/examples/heap/permissions/permissionProperties.key.proof 
35316      DEBUG main            d.u.i.k.p.i.AbstractProblemLoader Environment load took 109.4ns 
35317      INFO  main            d.u.i.k.p.i.AbstractProblemLoader Creating init config 
37649      DEBUG main            d.u.i.k.p.i.AbstractProblemLoader Init config took 2.33s 
37668      INFO  main            d.u.i.k.p.i.AbstractProblemLoader Replaying proof permissionProperties.key.proof 
37694      DEBUG main            d.u.i.k.p.i.IntermediateProofReplayer Proof replay took 23.56ms 
37695      DEBUG main            d.u.i.k.p.r.p.TestFile    ... success: reloaded. 
37696      INFO  main            d.u.i.k.p.r.p.TestFile    Now processing file /home/runner/work/key/key/key.core/../key.ui/examples/heap/permissions/threads/AFilter_AFilter.key 
37696      INFO  main            d.u.i.k.p.i.AbstractProblemLoader Loading environment from /home/runner/work/key/key/key.core/../key.ui/examples/heap/permissions/threads/AFilter_AFilter.key 
37697      DEBUG main            d.u.i.k.p.i.AbstractProblemLoader Environment load took 174.8ns 
37698      INFO  main            d.u.i.k.p.i.AbstractProblemLoader Creating init config 
37808      DEBUG main            d.u.i.k.j.TypeConverter   No LDT found for Meta 
37808      DEBUG main            d.u.i.k.j.TypeConverter   No LDT found for Meta 
37809      DEBUG main            d.u.i.k.j.TypeConverter   No LDT found for Meta 
37809      DEBUG main            d.u.i.k.j.TypeConverter   No LDT found for Meta 
38304      DEBUG main            d.u.i.k.j.TypeConverter   No LDT found for JavaBigintExpression 
43426      DEBUG main            d.u.i.k.p.i.AbstractProblemLoader Init config took 5.73s 
43550      INFO  main            d.u.i.k.p.i.AbstractProblemLoader Replaying proof AFilter[AFilter::AFilter(Sampler,Buffer)].JML normal_behavior operation contract.0 
43552      DEBUG main            d.u.i.k.p.i.IntermediateProofReplayer Proof replay took 5.3ns 
44555      INFO  main            d.u.i.k.p.r.p.TestFile    ... finished proof: closed. 
44777      INFO  main            d.u.i.k.p.i.AbstractProblemLoader Loading environment from /home/runner/work/key/key/key.core/../key.ui/examples/heap/permissions/threads/AFilter_AFilter.key.proof 
44778      DEBUG main            d.u.i.k.p.i.AbstractProblemLoader Environment load took 868.9ns 
44779      INFO  main            d.u.i.k.p.i.AbstractProblemLoader Creating init config 
49318      DEBUG main            d.u.i.k.p.i.AbstractProblemLoader Init config took 4.54s 
49436      INFO  main            d.u.i.k.p.i.AbstractProblemLoader Replaying proof AFilter[AFilter::AFilter(Sampler,Buffer)].JML normal_behavior operation contract.0 
49606      DEBUG main            d.u.i.k.p.i.IntermediateProofReplayer Proof replay took 164.73ms 
49608      DEBUG main            d.u.i.k.p.r.p.TestFile    ... success: reloaded. 
49609      INFO  main            d.u.i.k.p.r.p.TestFile    Now processing file /home/runner/work/key/key/key.core/../key.ui/examples/heap/permissions/threads/AFilter_initPost_accessible.key 
49609      INFO  main            d.u.i.k.p.i.AbstractProblemLoader Loading environment from /home/runner/work/key/key/key.core/../key.ui/examples/heap/permissions/threads/AFilter_initPost_accessible.key 
49609      DEBUG main            d.u.i.k.p.i.AbstractProblemLoader Environment load took 156.6ns 
49610      INFO  main            d.u.i.k.p.i.AbstractProblemLoader Creating init config 
54184      DEBUG main            d.u.i.k.p.i.AbstractProblemLoader Init config took 4.57s 
54294      INFO  main            d.u.i.k.p.i.AbstractProblemLoader Replaying proof AFilter[ThreadSpec2::initPost()].JML accessible clause.0 
54295      DEBUG main            d.u.i.k.p.i.IntermediateProofReplayer Proof replay took 5.7ns 
54397      INFO  main            d.u.i.k.p.r.p.TestFile    ... finished proof: closed. 
54630      INFO  main            d.u.i.k.p.i.AbstractProblemLoader Loading environment from /home/runner/work/key/key/key.core/../key.ui/examples/heap/permissions/threads/AFilter_initPost_accessible.key.proof 
54630      DEBUG main            d.u.i.k.p.i.AbstractProblemLoader Environment load took 104.7ns 
54631      INFO  main            d.u.i.k.p.i.AbstractProblemLoader Creating init config 
59095      DEBUG main            d.u.i.k.p.i.AbstractProblemLoader Init config took 4.46s 
59185      INFO  main            d.u.i.k.p.i.AbstractProblemLoader Replaying proof AFilter[ThreadSpec2::initPost()].JML accessible clause.0 
59198      DEBUG main            d.u.i.k.p.i.IntermediateProofReplayer Proof replay took 11.2ms 
59199      DEBUG main            d.u.i.k.p.r.p.TestFile    ... success: reloaded. 
59200      INFO  main            d.u.i.k.p.r.p.TestFile    Now processing file /home/runner/work/key/key/key.core/../key.ui/examples/heap/permissions/threads/AFilter_inv_accessible1.key 
59200      INFO  main            d.u.i.k.p.i.AbstractProblemLoader Loading environment from /home/runner/work/key/key/key.core/../key.ui/examples/heap/permissions/threads/AFilter_inv_accessible1.key 
59200      DEBUG main            d.u.i.k.p.i.AbstractProblemLoader Environment load took 80.2ns 
59201      INFO  main            d.u.i.k.p.i.AbstractProblemLoader Creating init config 
63745      DEBUG main            d.u.i.k.p.i.AbstractProblemLoader Init config took 4.54s 
63831      INFO  main            d.u.i.k.p.i.AbstractProblemLoader Replaying proof AFilter[java.lang.Object::<inv>()].JML accessible clause.0 
63833      DEBUG main            d.u.i.k.p.i.IntermediateProofReplayer Proof replay took 6.1ns 
63936      INFO  main            d.u.i.k.p.r.p.TestFile    ... finished proof: closed. 
64126      INFO  main            d.u.i.k.p.i.AbstractProblemLoader Loading environment from /home/runner/work/key/key/key.core/../key.ui/examples/heap/permissions/threads/AFilter_inv_accessible1.key.proof 
64126      DEBUG main            d.u.i.k.p.i.AbstractProblemLoader Environment load took 101.3ns 
64127      INFO  main            d.u.i.k.p.i.AbstractProblemLoader Creating init config 
68569      DEBUG main            d.u.i.k.p.i.AbstractProblemLoader Init config took 4.44s 
68654      INFO  main            d.u.i.k.p.i.AbstractProblemLoader Replaying proof AFilter[java.lang.Object::<inv>()].JML accessible clause.0 
68657      DEBUG main            d.u.i.k.p.i.IntermediateProofReplayer Proof replay took 2.07ms 
68658      DEBUG main            d.u.i.k.p.r.p.TestFile    ... success: reloaded. 
68660      INFO  main            d.u.i.k.p.r.p.TestFile    Now processing file /home/runner/work/key/key/key.core/../key.ui/examples/heap/permissions/threads/AFilter_inv_accessible2.key 
68660      INFO  main            d.u.i.k.p.i.AbstractProblemLoader Loading environment from /home/runner/work/key/key/key.core/../key.ui/examples/heap/permissions/threads/AFilter_inv_accessible2.key 
68660      DEBUG main            d.u.i.k.p.i.AbstractProblemLoader Environment load took 144.8ns 
68661      INFO  main            d.u.i.k.p.i.AbstractProblemLoader Creating init config 
73179      DEBUG main            d.u.i.k.p.i.AbstractProblemLoader Init config took 4.52s 
73263      INFO  main            d.u.i.k.p.i.AbstractProblemLoader Replaying proof AFilter[java.lang.Object::<inv>()].JML accessible clause.1 
73265      DEBUG main            d.u.i.k.p.i.IntermediateProofReplayer Proof replay took 5.2ns 
73366      INFO  main            d.u.i.k.p.r.p.TestFile    ... finished proof: closed. 
73561      INFO  main            d.u.i.k.p.i.AbstractProblemLoader Loading environment from /home/runner/work/key/key/key.core/../key.ui/examples/heap/permissions/threads/AFilter_inv_accessible2.key.proof 
73561      DEBUG main            d.u.i.k.p.i.AbstractProblemLoader Environment load took 107.2ns 
73562      INFO  main            d.u.i.k.p.i.AbstractProblemLoader Creating init config 
78025      DEBUG main            d.u.i.k.p.i.AbstractProblemLoader Init config took 4.46s 
78109      INFO  main            d.u.i.k.p.i.AbstractProblemLoader Replaying proof AFilter[java.lang.Object::<inv>()].JML accessible clause.1 
78112      DEBUG main            d.u.i.k.p.i.IntermediateProofReplayer Proof replay took 1.93ms 
78113      DEBUG main            d.u.i.k.p.r.p.TestFile    ... success: reloaded. 
78114      INFO  main            d.u.i.k.p.r.p.TestFile    Now processing file /home/runner/work/key/key/key.core/../key.ui/examples/heap/permissions/threads/AFilter_joinTransfer_accessible.key 
78115      INFO  main            d.u.i.k.p.i.AbstractProblemLoader Loading environment from /home/runner/work/key/key/key.core/../key.ui/examples/heap/permissions/threads/AFilter_joinTransfer_accessible.key 
78115      DEBUG main            d.u.i.k.p.i.AbstractProblemLoader Environment load took 169.3ns 
78116      INFO  main            d.u.i.k.p.i.AbstractProblemLoader Creating init config 
82631      DEBUG main            d.u.i.k.p.i.AbstractProblemLoader Init config took 4.52s 
82715      INFO  main            d.u.i.k.p.i.AbstractProblemLoader Replaying proof AFilter[ThreadSpec2::joinTransfer()].JML accessible clause.0 
82716      DEBUG main            d.u.i.k.p.i.IntermediateProofReplayer Proof replay took 5.6ns 
83720      INFO  main            d.u.i.k.p.r.p.TestFile    ... finished proof: closed. 
83964      INFO  main            d.u.i.k.p.i.AbstractProblemLoader Loading environment from /home/runner/work/key/key/key.core/../key.ui/examples/heap/permissions/threads/AFilter_joinTransfer_accessible.key.proof 
83964      DEBUG main            d.u.i.k.p.i.AbstractProblemLoader Environment load took 313.5ns 
83965      INFO  main            d.u.i.k.p.i.AbstractProblemLoader Creating init config 
88406      DEBUG main            d.u.i.k.p.i.AbstractProblemLoader Init config took 4.44s 
88493      INFO  main            d.u.i.k.p.i.AbstractProblemLoader Replaying proof AFilter[ThreadSpec2::joinTransfer()].JML accessible clause.0 
88623      DEBUG main            d.u.i.k.p.i.IntermediateProofReplayer Proof replay took 125.09ms 
88625      DEBUG main            d.u.i.k.p.r.p.TestFile    ... success: reloaded. 
88627      INFO  main            d.u.i.k.p.r.p.TestFile    Now processing file /home/runner/work/key/key/key.core/../key.ui/examples/heap/permissions/threads/AFilter_joinTransfer_contract.key 
88627      INFO  main            d.u.i.k.p.i.AbstractProblemLoader Loading environment from /home/runner/work/key/key/key.core/../key.ui/examples/heap/permissions/threads/AFilter_joinTransfer_contract.key 
88627      DEBUG main            d.u.i.k.p.i.AbstractProblemLoader Environment load took 157.6ns 
88628      INFO  main            d.u.i.k.p.i.AbstractProblemLoader Creating init config 
93090      DEBUG main            d.u.i.k.p.i.AbstractProblemLoader Init config took 4.46s 
93186      INFO  main            d.u.i.k.p.i.AbstractProblemLoader Replaying proof AFilter[ThreadSpec2::joinTransfer()].JML model_behavior operation contract.0 
93187      DEBUG main            d.u.i.k.p.i.IntermediateProofReplayer Proof replay took 6ns 
93292      INFO  main            d.u.i.k.p.r.p.TestFile    ... finished proof: closed. 
93496      INFO  main            d.u.i.k.p.i.AbstractProblemLoader Loading environment from /home/runner/work/key/key/key.core/../key.ui/examples/heap/permissions/threads/AFilter_joinTransfer_contract.key.proof 
93496      DEBUG main            d.u.i.k.p.i.AbstractProblemLoader Environment load took 114.4ns 
93497      INFO  main            d.u.i.k.p.i.AbstractProblemLoader Creating init config 
97920      DEBUG main            d.u.i.k.p.i.AbstractProblemLoader Init config took 4.42s 
98016      INFO  main            d.u.i.k.p.i.AbstractProblemLoader Replaying proof AFilter[ThreadSpec2::joinTransfer()].JML model_behavior operation contract.0 
98026      DEBUG main            d.u.i.k.p.i.IntermediateProofReplayer Proof replay took 7.17ms 
98028      DEBUG main            d.u.i.k.p.r.p.TestFile    ... success: reloaded. 
98029      INFO  main            d.u.i.k.p.r.p.TestFile    Now processing file /home/runner/work/key/key/key.core/../key.ui/examples/heap/permissions/threads/AFilter_postJoin_accessible.key 
98029      INFO  main            d.u.i.k.p.i.AbstractProblemLoader Loading environment from /home/runner/work/key/key/key.core/../key.ui/examples/heap/permissions/threads/AFilter_postJoin_accessible.key 
98030      DEBUG main            d.u.i.k.p.i.AbstractProblemLoader Environment load took 76.9ns 
98030      INFO  main            d.u.i.k.p.i.AbstractProblemLoader Creating init config 
102541     DEBUG main            d.u.i.k.p.i.AbstractProblemLoader Init config took 4.51s 
102624     INFO  main            d.u.i.k.p.i.AbstractProblemLoader Replaying proof AFilter[ThreadSpec2::postJoin(java.lang.Object)].JML accessible clause.0 
102627     DEBUG main            d.u.i.k.p.i.IntermediateProofReplayer Proof replay took 6.3ns 
102729     INFO  main            d.u.i.k.p.r.p.TestFile    ... finished proof: closed. 
102944     INFO  main            d.u.i.k.p.i.AbstractProblemLoader Loading environment from /home/runner/work/key/key/key.core/../key.ui/examples/heap/permissions/threads/AFilter_postJoin_accessible.key.proof 
102944     DEBUG main            d.u.i.k.p.i.AbstractProblemLoader Environment load took 102.3ns 
102945     INFO  main            d.u.i.k.p.i.AbstractProblemLoader Creating init config 
107368     DEBUG main            d.u.i.k.p.i.AbstractProblemLoader Init config took 4.42s 
107449     INFO  main            d.u.i.k.p.i.AbstractProblemLoader Replaying proof AFilter[ThreadSpec2::postJoin(java.lang.Object)].JML accessible clause.0 
107457     DEBUG main            d.u.i.k.p.i.IntermediateProofReplayer Proof replay took 6.42ms 
107458     DEBUG main            d.u.i.k.p.r.p.TestFile    ... success: reloaded. 
107459     INFO  main            d.u.i.k.p.r.p.TestFile    Now processing file /home/runner/work/key/key/key.core/../key.ui/examples/heap/permissions/threads/AFilter_preStart_accessible.key 
107459     INFO  main            d.u.i.k.p.i.AbstractProblemLoader Loading environment from /home/runner/work/key/key/key.core/../key.ui/examples/heap/permissions/threads/AFilter_preStart_accessible.key 
107459     DEBUG main            d.u.i.k.p.i.AbstractProblemLoader Environment load took 79.1ns 
107460     INFO  main            d.u.i.k.p.i.AbstractProblemLoader Creating init config 
111951     DEBUG main            d.u.i.k.p.i.AbstractProblemLoader Init config took 4.49s 
112032     INFO  main            d.u.i.k.p.i.AbstractProblemLoader Replaying proof AFilter[ThreadSpec2::preStart(java.lang.Object)].JML accessible clause.0 
112033     DEBUG main            d.u.i.k.p.i.IntermediateProofReplayer Proof replay took 6.8ns 
112336     INFO  main            d.u.i.k.p.r.p.TestFile    ... finished proof: closed. 
112562     INFO  main            d.u.i.k.p.i.AbstractProblemLoader Loading environment from /home/runner/work/key/key/key.core/../key.ui/examples/heap/permissions/threads/AFilter_preStart_accessible.key.proof 
112562     DEBUG main            d.u.i.k.p.i.AbstractProblemLoader Environment load took 101.6ns 
112562     INFO  main            d.u.i.k.p.i.AbstractProblemLoader Creating init config 
116996     DEBUG main            d.u.i.k.p.i.AbstractProblemLoader Init config took 4.43s 
117086     INFO  main            d.u.i.k.p.i.AbstractProblemLoader Replaying proof AFilter[ThreadSpec2::preStart(java.lang.Object)].JML accessible clause.0 
117119     DEBUG main            d.u.i.k.p.i.IntermediateProofReplayer Proof replay took 29.41ms 
117120     DEBUG main            d.u.i.k.p.r.p.TestFile    ... success: reloaded. 
117121     INFO  main            d.u.i.k.p.r.p.TestFile    Now processing file /home/runner/work/key/key/key.core/../key.ui/examples/heap/permissions/threads/AFilter_startTransfer_accessible.key 
117121     INFO  main            d.u.i.k.p.i.AbstractProblemLoader Loading environment from /home/runner/work/key/key/key.core/../key.ui/examples/heap/permissions/threads/AFilter_startTransfer_accessible.key 
117121     DEBUG main            d.u.i.k.p.i.AbstractProblemLoader Environment load took 150.8ns 
117122     INFO  main            d.u.i.k.p.i.AbstractProblemLoader Creating init config 
121647     DEBUG main            d.u.i.k.p.i.AbstractProblemLoader Init config took 4.52s 
121727     INFO  main            d.u.i.k.p.i.AbstractProblemLoader Replaying proof AFilter[ThreadSpec2::startTransfer()].JML accessible clause.0 
121728     DEBUG main            d.u.i.k.p.i.IntermediateProofReplayer Proof replay took 5.8ns 
130366     INFO  main            d.u.i.k.p.r.p.TestFile    ... finished proof: closed. 
130637     INFO  main            d.u.i.k.p.i.AbstractProblemLoader Loading environment from /home/runner/work/key/key/key.core/../key.ui/examples/heap/permissions/threads/AFilter_startTransfer_accessible.key.proof 
130637     DEBUG main            d.u.i.k.p.i.AbstractProblemLoader Environment load took 109.9ns 
130639     INFO  main            d.u.i.k.p.i.AbstractProblemLoader Creating init config 
135057     DEBUG main            d.u.i.k.p.i.AbstractProblemLoader Init config took 4.42s 
135136     INFO  main            d.u.i.k.p.i.AbstractProblemLoader Replaying proof AFilter[ThreadSpec2::startTransfer()].JML accessible clause.0 
135862     DEBUG main            d.u.i.k.p.i.IntermediateProofReplayer Proof replay took 703.51ms 
135864     DEBUG main            d.u.i.k.p.r.p.TestFile    ... success: reloaded. 
135865     INFO  main            d.u.i.k.p.r.p.TestFile    Now processing file /home/runner/work/key/key/key.core/../key.ui/examples/heap/permissions/threads/AFilter_startTransfer_contract.key 
135866     INFO  main            d.u.i.k.p.i.AbstractProblemLoader Loading environment from /home/runner/work/key/key/key.core/../key.ui/examples/heap/permissions/threads/AFilter_startTransfer_contract.key 
135866     DEBUG main            d.u.i.k.p.i.AbstractProblemLoader Environment load took 152.5ns 
135867     INFO  main            d.u.i.k.p.i.AbstractProblemLoader Creating init config 
140351     DEBUG main            d.u.i.k.p.i.AbstractProblemLoader Init config took 4.48s 
140432     INFO  main            d.u.i.k.p.i.AbstractProblemLoader Replaying proof AFilter[ThreadSpec2::startTransfer()].JML model_behavior operation contract.0 
140433     DEBUG main            d.u.i.k.p.i.IntermediateProofReplayer Proof replay took 5.4ns 
140838     INFO  main            d.u.i.k.p.r.p.TestFile    ... finished proof: closed. 
141081     INFO  main            d.u.i.k.p.i.AbstractProblemLoader Loading environment from /home/runner/work/key/key/key.core/../key.ui/examples/heap/permissions/threads/AFilter_startTransfer_contract.key.proof 
141081     DEBUG main            d.u.i.k.p.i.AbstractProblemLoader Environment load took 98.5ns 
141081     INFO  main            d.u.i.k.p.i.AbstractProblemLoader Creating init config 
145488     DEBUG main            d.u.i.k.p.i.AbstractProblemLoader Init config took 4.41s 
145579     INFO  main            d.u.i.k.p.i.AbstractProblemLoader Replaying proof AFilter[ThreadSpec2::startTransfer()].JML model_behavior operation contract.0 
145623     DEBUG main            d.u.i.k.p.i.IntermediateProofReplayer Proof replay took 40.73ms 
145624     DEBUG main            d.u.i.k.p.r.p.TestFile    ... success: reloaded. 
145625     INFO  main            d.u.i.k.p.r.p.TestFile    Now processing file /home/runner/work/key/key/key.core/../key.ui/examples/heap/permissions/threads/AFilter_stateInv_accessible.key 
145626     INFO  main            d.u.i.k.p.i.AbstractProblemLoader Loading environment from /home/runner/work/key/key/key.core/../key.ui/examples/heap/permissions/threads/AFilter_stateInv_accessible.key 
145626     DEBUG main            d.u.i.k.p.i.AbstractProblemLoader Environment load took 174.1ns 
145627     INFO  main            d.u.i.k.p.i.AbstractProblemLoader Creating init config 
150087     DEBUG main            d.u.i.k.p.i.AbstractProblemLoader Init config took 4.46s 
150182     INFO  main            d.u.i.k.p.i.AbstractProblemLoader Replaying proof AFilter[ThreadSpec2::stateInv()].JML accessible clause.0 
150184     DEBUG main            d.u.i.k.p.i.IntermediateProofReplayer Proof replay took 6.3ns 
150486     INFO  main            d.u.i.k.p.r.p.TestFile    ... finished proof: closed. 
150724     INFO  main            d.u.i.k.p.i.AbstractProblemLoader Loading environment from /home/runner/work/key/key/key.core/../key.ui/examples/heap/permissions/threads/AFilter_stateInv_accessible.key.proof 
150724     DEBUG main            d.u.i.k.p.i.AbstractProblemLoader Environment load took 100.6ns 
150725     INFO  main            d.u.i.k.p.i.AbstractProblemLoader Creating init config 
155123     DEBUG main            d.u.i.k.p.i.AbstractProblemLoader Init config took 4.4s 
155202     INFO  main            d.u.i.k.p.i.AbstractProblemLoader Replaying proof AFilter[ThreadSpec2::stateInv()].JML accessible clause.0 
155238     DEBUG main            d.u.i.k.p.i.IntermediateProofReplayer Proof replay took 32.64ms 
155239     DEBUG main            d.u.i.k.p.r.p.TestFile    ... success: reloaded. 
155240     INFO  main            d.u.i.k.p.r.p.TestFile    Now processing file /home/runner/work/key/key/key.core/../key.ui/examples/heap/permissions/threads/AFilter_staticPermissions_accessible.key 
155240     INFO  main            d.u.i.k.p.i.AbstractProblemLoader Loading environment from /home/runner/work/key/key/key.core/../key.ui/examples/heap/permissions/threads/AFilter_staticPermissions_accessible.key 
155240     DEBUG main            d.u.i.k.p.i.AbstractProblemLoader Environment load took 147.6ns 
155241     INFO  main            d.u.i.k.p.i.AbstractProblemLoader Creating init config 
159713     DEBUG main            d.u.i.k.p.i.AbstractProblemLoader Init config took 4.47s 
159792     INFO  main            d.u.i.k.p.i.AbstractProblemLoader Replaying proof AFilter[ThreadSpec2::staticPermissions()].JML accessible clause.0 
159794     DEBUG main            d.u.i.k.p.i.IntermediateProofReplayer Proof replay took 5.5ns 
159895     INFO  main            d.u.i.k.p.r.p.TestFile    ... finished proof: closed. 
160134     INFO  main            d.u.i.k.p.i.AbstractProblemLoader Loading environment from /home/runner/work/key/key/key.core/../key.ui/examples/heap/permissions/threads/AFilter_staticPermissions_accessible.key.proof 
160134     DEBUG main            d.u.i.k.p.i.AbstractProblemLoader Environment load took 94.4ns 
160135     INFO  main            d.u.i.k.p.i.AbstractProblemLoader Creating init config 
164537     DEBUG main            d.u.i.k.p.i.AbstractProblemLoader Init config took 4.4s 
164620     INFO  main            d.u.i.k.p.i.AbstractProblemLoader Replaying proof AFilter[ThreadSpec2::staticPermissions()].JML accessible clause.0 
164630     DEBUG main            d.u.i.k.p.i.IntermediateProofReplayer Proof replay took 8.42ms 
164631     DEBUG main            d.u.i.k.p.r.p.TestFile    ... success: reloaded. 
164634     INFO  main            d.u.i.k.p.r.p.TestFile    Now processing file /home/runner/work/key/key/key.core/../key.ui/examples/heap/permissions/threads/AFilter_workingPermissions_accessible.key 
164634     INFO  main            d.u.i.k.p.i.AbstractProblemLoader Loading environment from /home/runner/work/key/key/key.core/../key.ui/examples/heap/permissions/threads/AFilter_workingPermissions_accessible.key 
164635     DEBUG main            d.u.i.k.p.i.AbstractProblemLoader Environment load took 805.1ns 
164636     INFO  main            d.u.i.k.p.i.AbstractProblemLoader Creating init config 
169100     DEBUG main            d.u.i.k.p.i.AbstractProblemLoader Init config took 4.46s 
169190     INFO  main            d.u.i.k.p.i.AbstractProblemLoader Replaying proof AFilter[ThreadSpec2::workingPermissions()].JML accessible clause.0 
169192     DEBUG main            d.u.i.k.p.i.IntermediateProofReplayer Proof replay took 5.6ns 
169293     INFO  main            d.u.i.k.p.r.p.TestFile    ... finished proof: closed. 
169540     INFO  main            d.u.i.k.p.i.AbstractProblemLoader Loading environment from /home/runner/work/key/key/key.core/../key.ui/examples/heap/permissions/threads/AFilter_workingPermissions_accessible.key.proof 
169540     DEBUG main            d.u.i.k.p.i.AbstractProblemLoader Environment load took 92.5ns 
169541     INFO  main            d.u.i.k.p.i.AbstractProblemLoader Creating init config 
173937     DEBUG main            d.u.i.k.p.i.AbstractProblemLoader Init config took 4.4s 
174015     INFO  main            d.u.i.k.p.i.AbstractProblemLoader Replaying proof AFilter[ThreadSpec2::workingPermissions()].JML accessible clause.0 
174024     DEBUG main            d.u.i.k.p.i.IntermediateProofReplayer Proof replay took 7.24ms 
174025     DEBUG main            d.u.i.k.p.r.p.TestFile    ... success: reloaded. 
174026     INFO  main            d.u.i.k.p.r.p.TestFile    Now processing file /home/runner/work/key/key/key.core/../key.ui/examples/heap/permissions/threads/BFilter_BFilter.key 
174026     INFO  main            d.u.i.k.p.i.AbstractProblemLoader Loading environment from /home/runner/work/key/key/key.core/../key.ui/examples/heap/permissions/threads/BFilter_BFilter.key 
174026     DEBUG main            d.u.i.k.p.i.AbstractProblemLoader Environment load took 111.4ns 
174027     INFO  main            d.u.i.k.p.i.AbstractProblemLoader Creating init config 
178488     DEBUG main            d.u.i.k.p.i.AbstractProblemLoader Init config took 4.46s 
178574     INFO  main            d.u.i.k.p.i.AbstractProblemLoader Replaying proof BFilter[BFilter::BFilter(Sampler,Buffer)].JML normal_behavior operation contract.0 
178578     DEBUG main            d.u.i.k.p.i.IntermediateProofReplayer Proof replay took 6.1ns 
179481     INFO  main            d.u.i.k.p.r.p.TestFile    ... finished proof: closed. 
179765     INFO  main            d.u.i.k.p.i.AbstractProblemLoader Loading environment from /home/runner/work/key/key/key.core/../key.ui/examples/heap/permissions/threads/BFilter_BFilter.key.proof 
179765     DEBUG main            d.u.i.k.p.i.AbstractProblemLoader Environment load took 102ns 
179766     INFO  main            d.u.i.k.p.i.AbstractProblemLoader Creating init config 
184199     DEBUG main            d.u.i.k.p.i.AbstractProblemLoader Init config took 4.43s 
184289     INFO  main            d.u.i.k.p.i.AbstractProblemLoader Replaying proof BFilter[BFilter::BFilter(Sampler,Buffer)].JML normal_behavior operation contract.0 
184427     DEBUG main            d.u.i.k.p.i.IntermediateProofReplayer Proof replay took 134.15ms 
184428     DEBUG main            d.u.i.k.p.r.p.TestFile    ... success: reloaded. 
184429     INFO  main            d.u.i.k.p.r.p.TestFile    Now processing file /home/runner/work/key/key/key.core/../key.ui/examples/heap/permissions/threads/BFilter_initPost_accessible.key 
184430     INFO  main            d.u.i.k.p.i.AbstractProblemLoader Loading environment from /home/runner/work/key/key/key.core/../key.ui/examples/heap/permissions/threads/BFilter_initPost_accessible.key 
184430     DEBUG main            d.u.i.k.p.i.AbstractProblemLoader Environment load took 159.4ns 
184431     INFO  main            d.u.i.k.p.i.AbstractProblemLoader Creating init config 
188923     DEBUG main            d.u.i.k.p.i.AbstractProblemLoader Init config took 4.49s 
189014     INFO  main            d.u.i.k.p.i.AbstractProblemLoader Replaying proof BFilter[ThreadSpec2::initPost()].JML accessible clause.0 
189016     DEBUG main            d.u.i.k.p.i.IntermediateProofReplayer Proof replay took 6.4ns 
189117     INFO  main            d.u.i.k.p.r.p.TestFile    ... finished proof: closed. 
189373     INFO  main            d.u.i.k.p.i.AbstractProblemLoader Loading environment from /home/runner/work/key/key/key.core/../key.ui/examples/heap/permissions/threads/BFilter_initPost_accessible.key.proof 
189373     DEBUG main            d.u.i.k.p.i.AbstractProblemLoader Environment load took 103ns 
189374     INFO  main            d.u.i.k.p.i.AbstractProblemLoader Creating init config 
193782     DEBUG main            d.u.i.k.p.i.AbstractProblemLoader Init config took 4.41s 
193860     INFO  main            d.u.i.k.p.i.AbstractProblemLoader Replaying proof BFilter[ThreadSpec2::initPost()].JML accessible clause.0 
193870     DEBUG main            d.u.i.k.p.i.IntermediateProofReplayer Proof replay took 9.24ms 
193871     DEBUG main            d.u.i.k.p.r.p.TestFile    ... success: reloaded. 
193872     INFO  main            d.u.i.k.p.r.p.TestFile    Now processing file /home/runner/work/key/key/key.core/../key.ui/examples/heap/permissions/threads/BFilter_inv_accessible1.key 
193872     INFO  main            d.u.i.k.p.i.AbstractProblemLoader Loading environment from /home/runner/work/key/key/key.core/../key.ui/examples/heap/permissions/threads/BFilter_inv_accessible1.key 
193872     DEBUG main            d.u.i.k.p.i.AbstractProblemLoader Environment load took 73.8ns 
193873     INFO  main            d.u.i.k.p.i.AbstractProblemLoader Creating init config 
198346     DEBUG main            d.u.i.k.p.i.AbstractProblemLoader Init config took 4.47s 
198424     INFO  main            d.u.i.k.p.i.AbstractProblemLoader Replaying proof BFilter[java.lang.Object::<inv>()].JML accessible clause.0 
198425     DEBUG main            d.u.i.k.p.i.IntermediateProofReplayer Proof replay took 5.9ns 
198528     INFO  main            d.u.i.k.p.r.p.TestFile    ... finished proof: closed. 
198869     INFO  main            d.u.i.k.p.i.AbstractProblemLoader Loading environment from /home/runner/work/key/key/key.core/../key.ui/examples/heap/permissions/threads/BFilter_inv_accessible1.key.proof 
198869     DEBUG main            d.u.i.k.p.i.AbstractProblemLoader Environment load took 93ns 
198870     INFO  main            d.u.i.k.p.i.AbstractProblemLoader Creating init config 
203291     DEBUG main            d.u.i.k.p.i.AbstractProblemLoader Init config took 4.42s 
203381     INFO  main            d.u.i.k.p.i.AbstractProblemLoader Replaying proof BFilter[java.lang.Object::<inv>()].JML accessible clause.0 
203384     DEBUG main            d.u.i.k.p.i.IntermediateProofReplayer Proof replay took 1.66ms 
203385     DEBUG main            d.u.i.k.p.r.p.TestFile    ... success: reloaded. 
203385     INFO  main            d.u.i.k.p.r.p.TestFile    Now processing file /home/runner/work/key/key/key.core/../key.ui/examples/heap/permissions/threads/BFilter_inv_accessible2.key 
203386     INFO  main            d.u.i.k.p.i.AbstractProblemLoader Loading environment from /home/runner/work/key/key/key.core/../key.ui/examples/heap/permissions/threads/BFilter_inv_accessible2.key 
203386     DEBUG main            d.u.i.k.p.i.AbstractProblemLoader Environment load took 69.9ns 
203387     INFO  main            d.u.i.k.p.i.AbstractProblemLoader Creating init config 
207788     DEBUG main            d.u.i.k.p.i.AbstractProblemLoader Init config took 4.4s 
207865     INFO  main            d.u.i.k.p.i.AbstractProblemLoader Replaying proof BFilter[java.lang.Object::<inv>()].JML accessible clause.1 
207866     DEBUG main            d.u.i.k.p.i.IntermediateProofReplayer Proof replay took 5.3ns 
207971     INFO  main            d.u.i.k.p.r.p.TestFile    ... finished proof: closed. 
208250     INFO  main            d.u.i.k.p.i.AbstractProblemLoader Loading environment from /home/runner/work/key/key/key.core/../key.ui/examples/heap/permissions/threads/BFilter_inv_accessible2.key.proof 
208251     DEBUG main            d.u.i.k.p.i.AbstractProblemLoader Environment load took 89.5ns 
208251     INFO  main            d.u.i.k.p.i.AbstractProblemLoader Creating init config 
212628     DEBUG main            d.u.i.k.p.i.AbstractProblemLoader Init config took 4.38s 
212706     INFO  main            d.u.i.k.p.i.AbstractProblemLoader Replaying proof BFilter[java.lang.Object::<inv>()].JML accessible clause.1 
212709     DEBUG main            d.u.i.k.p.i.IntermediateProofReplayer Proof replay took 1.51ms 
212709     DEBUG main            d.u.i.k.p.r.p.TestFile    ... success: reloaded. 
212710     INFO  main            d.u.i.k.p.r.p.TestFile    Now processing file /home/runner/work/key/key/key.core/../key.ui/examples/heap/permissions/threads/BFilter_joinTransfer_accessible.key 
212710     INFO  main            d.u.i.k.p.i.AbstractProblemLoader Loading environment from /home/runner/work/key/key/key.core/../key.ui/examples/heap/permissions/threads/BFilter_joinTransfer_accessible.key 
212710     DEBUG main            d.u.i.k.p.i.AbstractProblemLoader Environment load took 58.4ns 
212711     INFO  main            d.u.i.k.p.i.AbstractProblemLoader Creating init config 
217141     DEBUG main            d.u.i.k.p.i.AbstractProblemLoader Init config took 4.43s 
217236     INFO  main            d.u.i.k.p.i.AbstractProblemLoader Replaying proof BFilter[ThreadSpec2::joinTransfer()].JML accessible clause.0 
217238     DEBUG main            d.u.i.k.p.i.IntermediateProofReplayer Proof replay took 5.7ns 
218141     INFO  main            d.u.i.k.p.r.p.TestFile    ... finished proof: closed. 
218450     INFO  main            d.u.i.k.p.i.AbstractProblemLoader Loading environment from /home/runner/work/key/key/key.core/../key.ui/examples/heap/permissions/threads/BFilter_joinTransfer_accessible.key.proof 
218450     DEBUG main            d.u.i.k.p.i.AbstractProblemLoader Environment load took 98.2ns 
218451     INFO  main            d.u.i.k.p.i.AbstractProblemLoader Creating init config 
222821     DEBUG main            d.u.i.k.p.i.AbstractProblemLoader Init config took 4.37s 
222910     INFO  main            d.u.i.k.p.i.AbstractProblemLoader Replaying proof BFilter[ThreadSpec2::joinTransfer()].JML accessible clause.0 
223008     DEBUG main            d.u.i.k.p.i.IntermediateProofReplayer Proof replay took 93.39ms 
223009     DEBUG main            d.u.i.k.p.r.p.TestFile    ... success: reloaded. 
223010     INFO  main            d.u.i.k.p.r.p.TestFile    Now processing file /home/runner/work/key/key/key.core/../key.ui/examples/heap/permissions/threads/BFilter_joinTransfer_contract.key 
223010     INFO  main            d.u.i.k.p.i.AbstractProblemLoader Loading environment from /home/runner/work/key/key/key.core/../key.ui/examples/heap/permissions/threads/BFilter_joinTransfer_contract.key 
223010     DEBUG main            d.u.i.k.p.i.AbstractProblemLoader Environment load took 76.1ns 
223011     INFO  main            d.u.i.k.p.i.AbstractProblemLoader Creating init config 
227459     DEBUG main            d.u.i.k.p.i.AbstractProblemLoader Init config took 4.45s 
227557     INFO  main            d.u.i.k.p.i.AbstractProblemLoader Replaying proof BFilter[ThreadSpec2::joinTransfer()].JML model_behavior operation contract.0 
227558     DEBUG main            d.u.i.k.p.i.IntermediateProofReplayer Proof replay took 5.7ns 
227659     INFO  main            d.u.i.k.p.r.p.TestFile    ... finished proof: closed. 
227938     INFO  main            d.u.i.k.p.i.AbstractProblemLoader Loading environment from /home/runner/work/key/key/key.core/../key.ui/examples/heap/permissions/threads/BFilter_joinTransfer_contract.key.proof 
227938     DEBUG main            d.u.i.k.p.i.AbstractProblemLoader Environment load took 88.7ns 
227939     INFO  main            d.u.i.k.p.i.AbstractProblemLoader Creating init config 
232302     DEBUG main            d.u.i.k.p.i.AbstractProblemLoader Init config took 4.36s 
232397     INFO  main            d.u.i.k.p.i.AbstractProblemLoader Replaying proof BFilter[ThreadSpec2::joinTransfer()].JML model_behavior operation contract.0 
232405     DEBUG main            d.u.i.k.p.i.IntermediateProofReplayer Proof replay took 6.29ms 
232406     DEBUG main            d.u.i.k.p.r.p.TestFile    ... success: reloaded. 
232407     INFO  main            d.u.i.k.p.r.p.TestFile    Now processing file /home/runner/work/key/key/key.core/../key.ui/examples/heap/permissions/threads/BFilter_postJoin_accessible.key 
232408     INFO  main            d.u.i.k.p.i.AbstractProblemLoader Loading environment from /home/runner/work/key/key/key.core/../key.ui/examples/heap/permissions/threads/BFilter_postJoin_accessible.key 
232408     DEBUG main            d.u.i.k.p.i.AbstractProblemLoader Environment load took 143.5ns 
232409     INFO  main            d.u.i.k.p.i.AbstractProblemLoader Creating init config 
236869     DEBUG main            d.u.i.k.p.i.AbstractProblemLoader Init config took 4.46s 
236946     INFO  main            d.u.i.k.p.i.AbstractProblemLoader Replaying proof BFilter[ThreadSpec2::postJoin(java.lang.Object)].JML accessible clause.0 
236948     DEBUG main            d.u.i.k.p.i.IntermediateProofReplayer Proof replay took 10.4ns 
237051     INFO  main            d.u.i.k.p.r.p.TestFile    ... finished proof: closed. 
237335     INFO  main            d.u.i.k.p.i.AbstractProblemLoader Loading environment from /home/runner/work/key/key/key.core/../key.ui/examples/heap/permissions/threads/BFilter_postJoin_accessible.key.proof 
237335     DEBUG main            d.u.i.k.p.i.AbstractProblemLoader Environment load took 85.2ns 
237335     INFO  main            d.u.i.k.p.i.AbstractProblemLoader Creating init config 
241711     DEBUG main            d.u.i.k.p.i.AbstractProblemLoader Init config took 4.38s 
241788     INFO  main            d.u.i.k.p.i.AbstractProblemLoader Replaying proof BFilter[ThreadSpec2::postJoin(java.lang.Object)].JML accessible clause.0 
241795     DEBUG main            d.u.i.k.p.i.IntermediateProofReplayer Proof replay took 5.3ms 
241795     DEBUG main            d.u.i.k.p.r.p.TestFile    ... success: reloaded. 
241796     INFO  main            d.u.i.k.p.r.p.TestFile    Now processing file /home/runner/work/key/key/key.core/../key.ui/examples/heap/permissions/threads/BFilter_preStart_accessible.key 
241796     INFO  main            d.u.i.k.p.i.AbstractProblemLoader Loading environment from /home/runner/work/key/key/key.core/../key.ui/examples/heap/permissions/threads/BFilter_preStart_accessible.key 
241796     DEBUG main            d.u.i.k.p.i.AbstractProblemLoader Environment load took 44.9ns 
241797     INFO  main            d.u.i.k.p.i.AbstractProblemLoader Creating init config 
246234     DEBUG main            d.u.i.k.p.i.AbstractProblemLoader Init config took 4.44s 
246325     INFO  main            d.u.i.k.p.i.AbstractProblemLoader Replaying proof BFilter[ThreadSpec2::preStart(java.lang.Object)].JML accessible clause.0 
246326     DEBUG main            d.u.i.k.p.i.IntermediateProofReplayer Proof replay took 5.7ns 
246628     INFO  main            d.u.i.k.p.r.p.TestFile    ... finished proof: closed. 
246928     INFO  main            d.u.i.k.p.i.AbstractProblemLoader Loading environment from /home/runner/work/key/key/key.core/../key.ui/examples/heap/permissions/threads/BFilter_preStart_accessible.key.proof 
246928     DEBUG main            d.u.i.k.p.i.AbstractProblemLoader Environment load took 81.8ns 
246929     INFO  main            d.u.i.k.p.i.AbstractProblemLoader Creating init config 
251330     DEBUG main            d.u.i.k.p.i.AbstractProblemLoader Init config took 4.4s 
251407     INFO  main            d.u.i.k.p.i.AbstractProblemLoader Replaying proof BFilter[ThreadSpec2::preStart(java.lang.Object)].JML accessible clause.0 
251440     DEBUG main            d.u.i.k.p.i.IntermediateProofReplayer Proof replay took 26.59ms 
251441     DEBUG main            d.u.i.k.p.r.p.TestFile    ... success: reloaded. 
251442     INFO  main            d.u.i.k.p.r.p.TestFile    Now processing file /home/runner/work/key/key/key.core/../key.ui/examples/heap/permissions/threads/BFilter_startTransfer_accessible.key 
251443     INFO  main            d.u.i.k.p.i.AbstractProblemLoader Loading environment from /home/runner/work/key/key/key.core/../key.ui/examples/heap/permissions/threads/BFilter_startTransfer_accessible.key 
251443     DEBUG main            d.u.i.k.p.i.AbstractProblemLoader Environment load took 168ns 
251444     INFO  main            d.u.i.k.p.i.AbstractProblemLoader Creating init config 
255896     DEBUG main            d.u.i.k.p.i.AbstractProblemLoader Init config took 4.45s 
255974     INFO  main            d.u.i.k.p.i.AbstractProblemLoader Replaying proof BFilter[ThreadSpec2::startTransfer()].JML accessible clause.0 
255975     DEBUG main            d.u.i.k.p.i.IntermediateProofReplayer Proof replay took 5.9ns 
264621     INFO  main            d.u.i.k.p.r.p.TestFile    ... finished proof: closed. 
264943     INFO  main            d.u.i.k.p.i.AbstractProblemLoader Loading environment from /home/runner/work/key/key/key.core/../key.ui/examples/heap/permissions/threads/BFilter_startTransfer_accessible.key.proof 
264943     DEBUG main            d.u.i.k.p.i.AbstractProblemLoader Environment load took 86.5ns 
264945     INFO  main            d.u.i.k.p.i.AbstractProblemLoader Creating init config 
269342     DEBUG main            d.u.i.k.p.i.AbstractProblemLoader Init config took 4.4s 
269421     INFO  main            d.u.i.k.p.i.AbstractProblemLoader Replaying proof BFilter[ThreadSpec2::startTransfer()].JML accessible clause.0 
270155     DEBUG main            d.u.i.k.p.i.IntermediateProofReplayer Proof replay took 715.58ms 
270156     DEBUG main            d.u.i.k.p.r.p.TestFile    ... success: reloaded. 
270157     INFO  main            d.u.i.k.p.r.p.TestFile    Now processing file /home/runner/work/key/key/key.core/../key.ui/examples/heap/permissions/threads/BFilter_startTransfer_contract.key 
270157     INFO  main            d.u.i.k.p.i.AbstractProblemLoader Loading environment from /home/runner/work/key/key/key.core/../key.ui/examples/heap/permissions/threads/BFilter_startTransfer_contract.key 
270158     DEBUG main            d.u.i.k.p.i.AbstractProblemLoader Environment load took 60.8ns 
270158     INFO  main            d.u.i.k.p.i.AbstractProblemLoader Creating init config 
274635     DEBUG main            d.u.i.k.p.i.AbstractProblemLoader Init config took 4.48s 
274712     INFO  main            d.u.i.k.p.i.AbstractProblemLoader Replaying proof BFilter[ThreadSpec2::startTransfer()].JML model_behavior operation contract.0 
274713     DEBUG main            d.u.i.k.p.i.IntermediateProofReplayer Proof replay took 5.6ns 
275617     INFO  main            d.u.i.k.p.r.p.TestFile    ... finished proof: closed. 
275916     INFO  main            d.u.i.k.p.i.AbstractProblemLoader Loading environment from /home/runner/work/key/key/key.core/../key.ui/examples/heap/permissions/threads/BFilter_startTransfer_contract.key.proof 
275916     DEBUG main            d.u.i.k.p.i.AbstractProblemLoader Environment load took 135.3ns 
275918     INFO  main            d.u.i.k.p.i.AbstractProblemLoader Creating init config 
280282     DEBUG main            d.u.i.k.p.i.AbstractProblemLoader Init config took 4.36s 
280359     INFO  main            d.u.i.k.p.i.AbstractProblemLoader Replaying proof BFilter[ThreadSpec2::startTransfer()].JML model_behavior operation contract.0 
280442     DEBUG main            d.u.i.k.p.i.IntermediateProofReplayer Proof replay took 78.26ms 
280443     DEBUG main            d.u.i.k.p.r.p.TestFile    ... success: reloaded. 
280444     INFO  main            d.u.i.k.p.r.p.TestFile    Now processing file /home/runner/work/key/key/key.core/../key.ui/examples/heap/permissions/threads/BFilter_stateInv_accessible.key 
280444     INFO  main            d.u.i.k.p.i.AbstractProblemLoader Loading environment from /home/runner/work/key/key/key.core/../key.ui/examples/heap/permissions/threads/BFilter_stateInv_accessible.key 
280444     DEBUG main            d.u.i.k.p.i.AbstractProblemLoader Environment load took 66.7ns 
280445     INFO  main            d.u.i.k.p.i.AbstractProblemLoader Creating init config 
284871     DEBUG main            d.u.i.k.p.i.AbstractProblemLoader Init config took 4.43s 
284961     INFO  main            d.u.i.k.p.i.AbstractProblemLoader Replaying proof BFilter[ThreadSpec2::stateInv()].JML accessible clause.0 
284962     DEBUG main            d.u.i.k.p.i.IntermediateProofReplayer Proof replay took 7.9ns 
285264     INFO  main            d.u.i.k.p.r.p.TestFile    ... finished proof: closed. 
285581     INFO  main            d.u.i.k.p.i.AbstractProblemLoader Loading environment from /home/runner/work/key/key/key.core/../key.ui/examples/heap/permissions/threads/BFilter_stateInv_accessible.key.proof 
285582     DEBUG main            d.u.i.k.p.i.AbstractProblemLoader Environment load took 84.6ns 
285582     INFO  main            d.u.i.k.p.i.AbstractProblemLoader Creating init config 
289944     DEBUG main            d.u.i.k.p.i.AbstractProblemLoader Init config took 4.36s 
290022     INFO  main            d.u.i.k.p.i.AbstractProblemLoader Replaying proof BFilter[ThreadSpec2::stateInv()].JML accessible clause.0 
290058     DEBUG main            d.u.i.k.p.i.IntermediateProofReplayer Proof replay took 30.78ms 
290059     DEBUG main            d.u.i.k.p.r.p.TestFile    ... success: reloaded. 
290060     INFO  main            d.u.i.k.p.r.p.TestFile    Now processing file /home/runner/work/key/key/key.core/../key.ui/examples/heap/permissions/threads/BFilter_staticPermissions_accessible.key 
290060     INFO  main            d.u.i.k.p.i.AbstractProblemLoader Loading environment from /home/runner/work/key/key/key.core/../key.ui/examples/heap/permissions/threads/BFilter_staticPermissions_accessible.key 
290060     DEBUG main            d.u.i.k.p.i.AbstractProblemLoader Environment load took 146.8ns 
290061     INFO  main            d.u.i.k.p.i.AbstractProblemLoader Creating init config 
294511     DEBUG main            d.u.i.k.p.i.AbstractProblemLoader Init config took 4.45s 
294589     INFO  main            d.u.i.k.p.i.AbstractProblemLoader Replaying proof BFilter[ThreadSpec2::staticPermissions()].JML accessible clause.0 
294590     DEBUG main            d.u.i.k.p.i.IntermediateProofReplayer Proof replay took 6ns 
294692     INFO  main            d.u.i.k.p.r.p.TestFile    ... finished proof: closed. 
295006     INFO  main            d.u.i.k.p.i.AbstractProblemLoader Loading environment from /home/runner/work/key/key/key.core/../key.ui/examples/heap/permissions/threads/BFilter_staticPermissions_accessible.key.proof 
295006     DEBUG main            d.u.i.k.p.i.AbstractProblemLoader Environment load took 82.2ns 
295007     INFO  main            d.u.i.k.p.i.AbstractProblemLoader Creating init config 
299381     DEBUG main            d.u.i.k.p.i.AbstractProblemLoader Init config took 4.37s 
299457     INFO  main            d.u.i.k.p.i.AbstractProblemLoader Replaying proof BFilter[ThreadSpec2::staticPermissions()].JML accessible clause.0 
299466     DEBUG main            d.u.i.k.p.i.IntermediateProofReplayer Proof replay took 7.36ms 
299467     DEBUG main            d.u.i.k.p.r.p.TestFile    ... success: reloaded. 
299467     INFO  main            d.u.i.k.p.r.p.TestFile    Now processing file /home/runner/work/key/key/key.core/../key.ui/examples/heap/permissions/threads/BFilter_workingPermissions_accessible.key 
299468     INFO  main            d.u.i.k.p.i.AbstractProblemLoader Loading environment from /home/runner/work/key/key/key.core/../key.ui/examples/heap/permissions/threads/BFilter_workingPermissions_accessible.key 
299468     DEBUG main            d.u.i.k.p.i.AbstractProblemLoader Environment load took 44.4ns 
299468     INFO  main            d.u.i.k.p.i.AbstractProblemLoader Creating init config 
303923     DEBUG main            d.u.i.k.p.i.AbstractProblemLoader Init config took 4.45s 
304000     INFO  main            d.u.i.k.p.i.AbstractProblemLoader Replaying proof BFilter[ThreadSpec2::workingPermissions()].JML accessible clause.0 
304001     DEBUG main            d.u.i.k.p.i.IntermediateProofReplayer Proof replay took 5.8ns 
304103     INFO  main            d.u.i.k.p.r.p.TestFile    ... finished proof: closed. 
304421     INFO  main            d.u.i.k.p.i.AbstractProblemLoader Loading environment from /home/runner/work/key/key/key.core/../key.ui/examples/heap/permissions/threads/BFilter_workingPermissions_accessible.key.proof 
304421     DEBUG main            d.u.i.k.p.i.AbstractProblemLoader Environment load took 80.2ns 
304422     INFO  main            d.u.i.k.p.i.AbstractProblemLoader Creating init config 
308795     DEBUG main            d.u.i.k.p.i.AbstractProblemLoader Init config took 4.37s 
308872     INFO  main            d.u.i.k.p.i.AbstractProblemLoader Replaying proof BFilter[ThreadSpec2::workingPermissions()].JML accessible clause.0 
308879     DEBUG main            d.u.i.k.p.i.IntermediateProofReplayer Proof replay took 6.51ms 
308880     DEBUG main            d.u.i.k.p.r.p.TestFile    ... success: reloaded. 
308881     INFO  main            d.u.i.k.p.r.p.TestFile    Now processing file /home/runner/work/key/key/key.core/../key.ui/examples/heap/permissions/threads/Fib_Fib.key 
308881     INFO  main            d.u.i.k.p.i.AbstractProblemLoader Loading environment from /home/runner/work/key/key/key.core/../key.ui/examples/heap/permissions/threads/Fib_Fib.key 
308881     DEBUG main            d.u.i.k.p.i.AbstractProblemLoader Environment load took 65.4ns 
308882     INFO  main            d.u.i.k.p.i.AbstractProblemLoader Creating init config 
313337     DEBUG main            d.u.i.k.p.i.AbstractProblemLoader Init config took 4.45s 
313428     INFO  main            d.u.i.k.p.i.AbstractProblemLoader Replaying proof Fib[Fib::Fib(int)].JML normal_behavior operation contract.0 
313429     DEBUG main            d.u.i.k.p.i.IntermediateProofReplayer Proof replay took 5.1ns 
314032     INFO  main            d.u.i.k.p.r.p.TestFile    ... finished proof: closed. 
314392     INFO  main            d.u.i.k.p.i.AbstractProblemLoader Loading environment from /home/runner/work/key/key/key.core/../key.ui/examples/heap/permissions/threads/Fib_Fib.key.proof 
314392     DEBUG main            d.u.i.k.p.i.AbstractProblemLoader Environment load took 86.1ns 
314392     INFO  main            d.u.i.k.p.i.AbstractProblemLoader Creating init config 
318770     DEBUG main            d.u.i.k.p.i.AbstractProblemLoader Init config took 4.38s 
318847     INFO  main            d.u.i.k.p.i.AbstractProblemLoader Replaying proof Fib[Fib::Fib(int)].JML normal_behavior operation contract.0 
318951     DEBUG main            d.u.i.k.p.i.IntermediateProofReplayer Proof replay took 90.38ms 
318952     DEBUG main            d.u.i.k.p.r.p.TestFile    ... success: reloaded. 
318953     INFO  main            d.u.i.k.p.r.p.TestFile    Now processing file /home/runner/work/key/key/key.core/../key.ui/examples/heap/permissions/threads/Fib_initPost_accessible.key 
318953     INFO  main            d.u.i.k.p.i.AbstractProblemLoader Loading environment from /home/runner/work/key/key/key.core/../key.ui/examples/heap/permissions/threads/Fib_initPost_accessible.key 
318953     DEBUG main            d.u.i.k.p.i.AbstractProblemLoader Environment load took 67.5ns 
318954     INFO  main            d.u.i.k.p.i.AbstractProblemLoader Creating init config 
323407     DEBUG main            d.u.i.k.p.i.AbstractProblemLoader Init config took 4.45s 
323499     INFO  main            d.u.i.k.p.i.AbstractProblemLoader Replaying proof Fib[ThreadSpec::initPost()].JML accessible clause.0 
323500     DEBUG main            d.u.i.k.p.i.IntermediateProofReplayer Proof replay took 7.3ns 
323602     INFO  main            d.u.i.k.p.r.p.TestFile    ... finished proof: closed. 
323932     INFO  main            d.u.i.k.p.i.AbstractProblemLoader Loading environment from /home/runner/work/key/key/key.core/../key.ui/examples/heap/permissions/threads/Fib_initPost_accessible.key.proof 
323932     DEBUG main            d.u.i.k.p.i.AbstractProblemLoader Environment load took 79.8ns 
323933     INFO  main            d.u.i.k.p.i.AbstractProblemLoader Creating init config 
328300     DEBUG main            d.u.i.k.p.i.AbstractProblemLoader Init config took 4.37s 
328389     INFO  main            d.u.i.k.p.i.AbstractProblemLoader Replaying proof Fib[ThreadSpec::initPost()].JML accessible clause.0 
328394     DEBUG main            d.u.i.k.p.i.IntermediateProofReplayer Proof replay took 4.3ms 
328395     DEBUG main            d.u.i.k.p.r.p.TestFile    ... success: reloaded. 
328396     INFO  main            d.u.i.k.p.r.p.TestFile    Now processing file /home/runner/work/key/key/key.core/../key.ui/examples/heap/permissions/threads/Fib_inv1_accessible.key 
328396     INFO  main            d.u.i.k.p.i.AbstractProblemLoader Loading environment from /home/runner/work/key/key/key.core/../key.ui/examples/heap/permissions/threads/Fib_inv1_accessible.key 
328396     DEBUG main            d.u.i.k.p.i.AbstractProblemLoader Environment load took 93.9ns 
328397     INFO  main            d.u.i.k.p.i.AbstractProblemLoader Creating init config 
332833     DEBUG main            d.u.i.k.p.i.AbstractProblemLoader Init config took 4.44s 
332909     INFO  main            d.u.i.k.p.i.AbstractProblemLoader Replaying proof Fib[java.lang.Object::<inv>()].JML accessible clause.0 
332911     DEBUG main            d.u.i.k.p.i.IntermediateProofReplayer Proof replay took 5.9ns 
333012     INFO  main            d.u.i.k.p.r.p.TestFile    ... finished proof: closed. 
333348     INFO  main            d.u.i.k.p.i.AbstractProblemLoader Loading environment from /home/runner/work/key/key/key.core/../key.ui/examples/heap/permissions/threads/Fib_inv1_accessible.key.proof 
333348     DEBUG main            d.u.i.k.p.i.AbstractProblemLoader Environment load took 85.4ns 
333349     INFO  main            d.u.i.k.p.i.AbstractProblemLoader Creating init config 
337724     DEBUG main            d.u.i.k.p.i.AbstractProblemLoader Init config took 4.37s 
337800     INFO  main            d.u.i.k.p.i.AbstractProblemLoader Replaying proof Fib[java.lang.Object::<inv>()].JML accessible clause.0 
337803     DEBUG main            d.u.i.k.p.i.IntermediateProofReplayer Proof replay took 1.47ms 
337804     DEBUG main            d.u.i.k.p.r.p.TestFile    ... success: reloaded. 
337804     INFO  main            d.u.i.k.p.r.p.TestFile    Now processing file /home/runner/work/key/key/key.core/../key.ui/examples/heap/permissions/threads/Fib_inv2_accessible.key 
337805     INFO  main            d.u.i.k.p.i.AbstractProblemLoader Loading environment from /home/runner/work/key/key/key.core/../key.ui/examples/heap/permissions/threads/Fib_inv2_accessible.key 
337805     DEBUG main            d.u.i.k.p.i.AbstractProblemLoader Environment load took 63.4ns 
337805     INFO  main            d.u.i.k.p.i.AbstractProblemLoader Creating init config 
342252     DEBUG main            d.u.i.k.p.i.AbstractProblemLoader Init config took 4.45s 
342329     INFO  main            d.u.i.k.p.i.AbstractProblemLoader Replaying proof Fib[java.lang.Object::<inv>()].JML accessible clause.1 
342330     DEBUG main            d.u.i.k.p.i.IntermediateProofReplayer Proof replay took 6.1ns 
342431     INFO  main            d.u.i.k.p.r.p.TestFile    ... finished proof: closed. 
342775     INFO  main            d.u.i.k.p.i.AbstractProblemLoader Loading environment from /home/runner/work/key/key/key.core/../key.ui/examples/heap/permissions/threads/Fib_inv2_accessible.key.proof 
342775     DEBUG main            d.u.i.k.p.i.AbstractProblemLoader Environment load took 96.9ns 
342776     INFO  main            d.u.i.k.p.i.AbstractProblemLoader Creating init config 
347156     DEBUG main            d.u.i.k.p.i.AbstractProblemLoader Init config took 4.38s 
347233     INFO  main            d.u.i.k.p.i.AbstractProblemLoader Replaying proof Fib[java.lang.Object::<inv>()].JML accessible clause.1 
347235     DEBUG main            d.u.i.k.p.i.IntermediateProofReplayer Proof replay took 1.46ms 
347236     DEBUG main            d.u.i.k.p.r.p.TestFile    ... success: reloaded. 
347237     INFO  main            d.u.i.k.p.r.p.TestFile    Now processing file /home/runner/work/key/key/key.core/../key.ui/examples/heap/permissions/threads/Fib_joinTransfer_accessible.key 
347237     INFO  main            d.u.i.k.p.i.AbstractProblemLoader Loading environment from /home/runner/work/key/key/key.core/../key.ui/examples/heap/permissions/threads/Fib_joinTransfer_accessible.key 
347237     DEBUG main            d.u.i.k.p.i.AbstractProblemLoader Environment load took 44.4ns 
347238     INFO  main            d.u.i.k.p.i.AbstractProblemLoader Creating init config 
351694     DEBUG main            d.u.i.k.p.i.AbstractProblemLoader Init config took 4.46s 
351771     INFO  main            d.u.i.k.p.i.AbstractProblemLoader Replaying proof Fib[ThreadSpec::joinTransfer()].JML accessible clause.0 
351772     DEBUG main            d.u.i.k.p.i.IntermediateProofReplayer Proof replay took 5.9ns 
351973     INFO  main            d.u.i.k.p.r.p.TestFile    ... finished proof: closed. 
352326     INFO  main            d.u.i.k.p.i.AbstractProblemLoader Loading environment from /home/runner/work/key/key/key.core/../key.ui/examples/heap/permissions/threads/Fib_joinTransfer_accessible.key.proof 
352326     DEBUG main            d.u.i.k.p.i.AbstractProblemLoader Environment load took 72.5ns 
352327     INFO  main            d.u.i.k.p.i.AbstractProblemLoader Creating init config 
356697     DEBUG main            d.u.i.k.p.i.AbstractProblemLoader Init config took 4.37s 
356774     INFO  main            d.u.i.k.p.i.AbstractProblemLoader Replaying proof Fib[ThreadSpec::joinTransfer()].JML accessible clause.0 
356796     DEBUG main            d.u.i.k.p.i.IntermediateProofReplayer Proof replay took 20.05ms 
356796     DEBUG main            d.u.i.k.p.r.p.TestFile    ... success: reloaded. 
356797     INFO  main            d.u.i.k.p.r.p.TestFile    Now processing file /home/runner/work/key/key/key.core/../key.ui/examples/heap/permissions/threads/Fib_joinTransfer_contract.key 
356797     INFO  main            d.u.i.k.p.i.AbstractProblemLoader Loading environment from /home/runner/work/key/key/key.core/../key.ui/examples/heap/permissions/threads/Fib_joinTransfer_contract.key 
356797     DEBUG main            d.u.i.k.p.i.AbstractProblemLoader Environment load took 45.1ns 
356798     INFO  main            d.u.i.k.p.i.AbstractProblemLoader Creating init config 
361244     DEBUG main            d.u.i.k.p.i.AbstractProblemLoader Init config took 4.45s 
361321     INFO  main            d.u.i.k.p.i.AbstractProblemLoader Replaying proof Fib[ThreadSpec::joinTransfer()].JML model_behavior operation contract.0 
361322     DEBUG main            d.u.i.k.p.i.IntermediateProofReplayer Proof replay took 6.2ns 
361424     INFO  main            d.u.i.k.p.r.p.TestFile    ... finished proof: closed. 
361779     INFO  main            d.u.i.k.p.i.AbstractProblemLoader Loading environment from /home/runner/work/key/key/key.core/../key.ui/examples/heap/permissions/threads/Fib_joinTransfer_contract.key.proof 
361779     DEBUG main            d.u.i.k.p.i.AbstractProblemLoader Environment load took 94.4ns 
361780     INFO  main            d.u.i.k.p.i.AbstractProblemLoader Creating init config 
366161     DEBUG main            d.u.i.k.p.i.AbstractProblemLoader Init config took 4.38s 
366239     INFO  main            d.u.i.k.p.i.AbstractProblemLoader Replaying proof Fib[ThreadSpec::joinTransfer()].JML model_behavior operation contract.0 
366246     DEBUG main            d.u.i.k.p.i.IntermediateProofReplayer Proof replay took 5.63ms 
366246     DEBUG main            d.u.i.k.p.r.p.TestFile    ... success: reloaded. 
366247     INFO  main            d.u.i.k.p.r.p.TestFile    Now processing file /home/runner/work/key/key/key.core/../key.ui/examples/heap/permissions/threads/Fib_postJoin_accessible.key 
366247     INFO  main            d.u.i.k.p.i.AbstractProblemLoader Loading environment from /home/runner/work/key/key/key.core/../key.ui/examples/heap/permissions/threads/Fib_postJoin_accessible.key 
366247     DEBUG main            d.u.i.k.p.i.AbstractProblemLoader Environment load took 41.3ns 
366248     INFO  main            d.u.i.k.p.i.AbstractProblemLoader Creating init config 
370730     DEBUG main            d.u.i.k.p.i.AbstractProblemLoader Init config took 4.48s 
370822     INFO  main            d.u.i.k.p.i.AbstractProblemLoader Replaying proof Fib[ThreadSpec::postJoin(java.lang.Object)].JML accessible clause.0 
370823     DEBUG main            d.u.i.k.p.i.IntermediateProofReplayer Proof replay took 6.4ns 
370924     INFO  main            d.u.i.k.p.r.p.TestFile    ... finished proof: closed. 
371278     INFO  main            d.u.i.k.p.i.AbstractProblemLoader Loading environment from /home/runner/work/key/key/key.core/../key.ui/examples/heap/permissions/threads/Fib_postJoin_accessible.key.proof 
371278     DEBUG main            d.u.i.k.p.i.AbstractProblemLoader Environment load took 75.5ns 
371278     INFO  main            d.u.i.k.p.i.AbstractProblemLoader Creating init config 
375650     DEBUG main            d.u.i.k.p.i.AbstractProblemLoader Init config took 4.37s 
375727     INFO  main            d.u.i.k.p.i.AbstractProblemLoader Replaying proof Fib[ThreadSpec::postJoin(java.lang.Object)].JML accessible clause.0 
375733     DEBUG main            d.u.i.k.p.i.IntermediateProofReplayer Proof replay took 4.54ms 
375734     DEBUG main            d.u.i.k.p.r.p.TestFile    ... success: reloaded. 
375734     INFO  main            d.u.i.k.p.r.p.TestFile    Now processing file /home/runner/work/key/key/key.core/../key.ui/examples/heap/permissions/threads/Fib_preStart_accessible.key 
375735     INFO  main            d.u.i.k.p.i.AbstractProblemLoader Loading environment from /home/runner/work/key/key/key.core/../key.ui/examples/heap/permissions/threads/Fib_preStart_accessible.key 
375735     DEBUG main            d.u.i.k.p.i.AbstractProblemLoader Environment load took 91.8ns 
375735     INFO  main            d.u.i.k.p.i.AbstractProblemLoader Creating init config 
380193     DEBUG main            d.u.i.k.p.i.AbstractProblemLoader Init config took 4.46s 
380270     INFO  main            d.u.i.k.p.i.AbstractProblemLoader Replaying proof Fib[ThreadSpec::preStart(java.lang.Object)].JML accessible clause.0 
380271     DEBUG main            d.u.i.k.p.i.IntermediateProofReplayer Proof replay took 6.2ns 
380372     INFO  main            d.u.i.k.p.r.p.TestFile    ... finished proof: closed. 
380735     INFO  main            d.u.i.k.p.i.AbstractProblemLoader Loading environment from /home/runner/work/key/key/key.core/../key.ui/examples/heap/permissions/threads/Fib_preStart_accessible.key.proof 
380735     DEBUG main            d.u.i.k.p.i.AbstractProblemLoader Environment load took 104.1ns 
380736     INFO  main            d.u.i.k.p.i.AbstractProblemLoader Creating init config 
385113     DEBUG main            d.u.i.k.p.i.AbstractProblemLoader Init config took 4.38s 
385200     INFO  main            d.u.i.k.p.i.AbstractProblemLoader Replaying proof Fib[ThreadSpec::preStart(java.lang.Object)].JML accessible clause.0 
385205     DEBUG main            d.u.i.k.p.i.IntermediateProofReplayer Proof replay took 4.38ms 
385206     DEBUG main            d.u.i.k.p.r.p.TestFile    ... success: reloaded. 
385207     INFO  main            d.u.i.k.p.r.p.TestFile    Now processing file /home/runner/work/key/key/key.core/../key.ui/examples/heap/permissions/threads/Fib_startTransfer_accessible.key 
385207     INFO  main            d.u.i.k.p.i.AbstractProblemLoader Loading environment from /home/runner/work/key/key/key.core/../key.ui/examples/heap/permissions/threads/Fib_startTransfer_accessible.key 
385207     DEBUG main            d.u.i.k.p.i.AbstractProblemLoader Environment load took 77.9ns 
385208     INFO  main            d.u.i.k.p.i.AbstractProblemLoader Creating init config 
389643     DEBUG main            d.u.i.k.p.i.AbstractProblemLoader Init config took 4.43s 
389719     INFO  main            d.u.i.k.p.i.AbstractProblemLoader Replaying proof Fib[ThreadSpec::startTransfer()].JML accessible clause.0 
389720     DEBUG main            d.u.i.k.p.i.IntermediateProofReplayer Proof replay took 6.1ns 
389921     INFO  main            d.u.i.k.p.r.p.TestFile    ... finished proof: closed. 
390308     INFO  main            d.u.i.k.p.i.AbstractProblemLoader Loading environment from /home/runner/work/key/key/key.core/../key.ui/examples/heap/permissions/threads/Fib_startTransfer_accessible.key.proof 
390308     DEBUG main            d.u.i.k.p.i.AbstractProblemLoader Environment load took 75ns 
390309     INFO  main            d.u.i.k.p.i.AbstractProblemLoader Creating init config 
394696     DEBUG main            d.u.i.k.p.i.AbstractProblemLoader Init config took 4.39s 
394772     INFO  main            d.u.i.k.p.i.AbstractProblemLoader Replaying proof Fib[ThreadSpec::startTransfer()].JML accessible clause.0 
394806     DEBUG main            d.u.i.k.p.i.IntermediateProofReplayer Proof replay took 32.44ms 
394807     DEBUG main            d.u.i.k.p.r.p.TestFile    ... success: reloaded. 
394808     INFO  main            d.u.i.k.p.r.p.TestFile    Now processing file /home/runner/work/key/key/key.core/../key.ui/examples/heap/permissions/threads/Fib_startTransfer_contract.key 
394808     INFO  main            d.u.i.k.p.i.AbstractProblemLoader Loading environment from /home/runner/work/key/key/key.core/../key.ui/examples/heap/permissions/threads/Fib_startTransfer_contract.key 
394808     DEBUG main            d.u.i.k.p.i.AbstractProblemLoader Environment load took 41.6ns 
394809     INFO  main            d.u.i.k.p.i.AbstractProblemLoader Creating init config 
399278     DEBUG main            d.u.i.k.p.i.AbstractProblemLoader Init config took 4.47s 
399355     INFO  main            d.u.i.k.p.i.AbstractProblemLoader Replaying proof Fib[ThreadSpec::startTransfer()].JML model_behavior operation contract.0 
399356     DEBUG main            d.u.i.k.p.i.IntermediateProofReplayer Proof replay took 6.4ns 
399457     INFO  main            d.u.i.k.p.r.p.TestFile    ... finished proof: closed. 
399836     INFO  main            d.u.i.k.p.i.AbstractProblemLoader Loading environment from /home/runner/work/key/key/key.core/../key.ui/examples/heap/permissions/threads/Fib_startTransfer_contract.key.proof 
399836     DEBUG main            d.u.i.k.p.i.AbstractProblemLoader Environment load took 74.9ns 
399836     INFO  main            d.u.i.k.p.i.AbstractProblemLoader Creating init config 
404214     DEBUG main            d.u.i.k.p.i.AbstractProblemLoader Init config took 4.38s 
404291     INFO  main            d.u.i.k.p.i.AbstractProblemLoader Replaying proof Fib[ThreadSpec::startTransfer()].JML model_behavior operation contract.0 
404298     DEBUG main            d.u.i.k.p.i.IntermediateProofReplayer Proof replay took 5.66ms 
404298     DEBUG main            d.u.i.k.p.r.p.TestFile    ... success: reloaded. 
404299     INFO  main            d.u.i.k.p.r.p.TestFile    Now processing file /home/runner/work/key/key/key.core/../key.ui/examples/heap/permissions/threads/Fib_workingPermissions_accessible.key 
404299     INFO  main            d.u.i.k.p.i.AbstractProblemLoader Loading environment from /home/runner/work/key/key/key.core/../key.ui/examples/heap/permissions/threads/Fib_workingPermissions_accessible.key 
404299     DEBUG main            d.u.i.k.p.i.AbstractProblemLoader Environment load took 43.6ns 
404300     INFO  main            d.u.i.k.p.i.AbstractProblemLoader Creating init config 
408749     DEBUG main            d.u.i.k.p.i.AbstractProblemLoader Init config took 4.45s 
408825     INFO  main            d.u.i.k.p.i.AbstractProblemLoader Replaying proof Fib[ThreadSpec::workingPermissions()].JML accessible clause.0 
408826     DEBUG main            d.u.i.k.p.i.IntermediateProofReplayer Proof replay took 6.1ns 
408928     INFO  main            d.u.i.k.p.r.p.TestFile    ... finished proof: closed. 
409306     INFO  main            d.u.i.k.p.i.AbstractProblemLoader Loading environment from /home/runner/work/key/key/key.core/../key.ui/examples/heap/permissions/threads/Fib_workingPermissions_accessible.key.proof 
409307     DEBUG main            d.u.i.k.p.i.AbstractProblemLoader Environment load took 96.7ns 
409308     INFO  main            d.u.i.k.p.i.AbstractProblemLoader Creating init config 
413680     DEBUG main            d.u.i.k.p.i.AbstractProblemLoader Init config took 4.37s 
413757     INFO  main            d.u.i.k.p.i.AbstractProblemLoader Replaying proof Fib[ThreadSpec::workingPermissions()].JML accessible clause.0 
413760     DEBUG main            d.u.i.k.p.i.IntermediateProofReplayer Proof replay took 1.84ms 
413761     DEBUG main            d.u.i.k.p.r.p.TestFile    ... success: reloaded. 
413761     INFO  main            d.u.i.k.p.r.p.TestFile    Now processing file /home/runner/work/key/key/key.core/../key.ui/examples/heap/permissions/threads/Plotter_initPost_accessible.key 
413762     INFO  main            d.u.i.k.p.i.AbstractProblemLoader Loading environment from /home/runner/work/key/key/key.core/../key.ui/examples/heap/permissions/threads/Plotter_initPost_accessible.key 
413762     DEBUG main            d.u.i.k.p.i.AbstractProblemLoader Environment load took 78.4ns 
413762     INFO  main            d.u.i.k.p.i.AbstractProblemLoader Creating init config 
418210     DEBUG main            d.u.i.k.p.i.AbstractProblemLoader Init config took 4.45s 
418288     INFO  main            d.u.i.k.p.i.AbstractProblemLoader Replaying proof Plotter[ThreadSpec2::initPost()].JML accessible clause.0 
418290     DEBUG main            d.u.i.k.p.i.IntermediateProofReplayer Proof replay took 6.2ns 
418391     INFO  main            d.u.i.k.p.r.p.TestFile    ... finished proof: closed. 
418788     INFO  main            d.u.i.k.p.i.AbstractProblemLoader Loading environment from /home/runner/work/key/key/key.core/../key.ui/examples/heap/permissions/threads/Plotter_initPost_accessible.key.proof 
418788     DEBUG main            d.u.i.k.p.i.AbstractProblemLoader Environment load took 67.6ns 
418789     INFO  main            d.u.i.k.p.i.AbstractProblemLoader Creating init config 
423176     DEBUG main            d.u.i.k.p.i.AbstractProblemLoader Init config took 4.39s 
423252     INFO  main            d.u.i.k.p.i.AbstractProblemLoader Replaying proof Plotter[ThreadSpec2::initPost()].JML accessible clause.0 
423265     DEBUG main            d.u.i.k.p.i.IntermediateProofReplayer Proof replay took 11.14ms 
423265     DEBUG main            d.u.i.k.p.r.p.TestFile    ... success: reloaded. 
423266     INFO  main            d.u.i.k.p.r.p.TestFile    Now processing file /home/runner/work/key/key/key.core/../key.ui/examples/heap/permissions/threads/Plotter_inv_accessible1.key 
423266     INFO  main            d.u.i.k.p.i.AbstractProblemLoader Loading environment from /home/runner/work/key/key/key.core/../key.ui/examples/heap/permissions/threads/Plotter_inv_accessible1.key 
423266     DEBUG main            d.u.i.k.p.i.AbstractProblemLoader Environment load took 39.7ns 
423267     INFO  main            d.u.i.k.p.i.AbstractProblemLoader Creating init config 
427725     DEBUG main            d.u.i.k.p.i.AbstractProblemLoader Init config took 4.46s 
427801     INFO  main            d.u.i.k.p.i.AbstractProblemLoader Replaying proof Plotter[java.lang.Object::<inv>()].JML accessible clause.0 
427803     DEBUG main            d.u.i.k.p.i.IntermediateProofReplayer Proof replay took 6.5ns 
427904     INFO  main            d.u.i.k.p.r.p.TestFile    ... finished proof: closed. 
428301     INFO  main            d.u.i.k.p.i.AbstractProblemLoader Loading environment from /home/runner/work/key/key/key.core/../key.ui/examples/heap/permissions/threads/Plotter_inv_accessible1.key.proof 
428301     DEBUG main            d.u.i.k.p.i.AbstractProblemLoader Environment load took 67.3ns 
428301     INFO  main            d.u.i.k.p.i.AbstractProblemLoader Creating init config 
432693     DEBUG main            d.u.i.k.p.i.AbstractProblemLoader Init config took 4.39s 
432781     INFO  main            d.u.i.k.p.i.AbstractProblemLoader Replaying proof Plotter[java.lang.Object::<inv>()].JML accessible clause.0 
432784     DEBUG main            d.u.i.k.p.i.IntermediateProofReplayer Proof replay took 1.43ms 
432785     DEBUG main            d.u.i.k.p.r.p.TestFile    ... success: reloaded. 
432786     INFO  main            d.u.i.k.p.r.p.TestFile    Now processing file /home/runner/work/key/key/key.core/../key.ui/examples/heap/permissions/threads/Plotter_inv_accessible2.key 
432786     INFO  main            d.u.i.k.p.i.AbstractProblemLoader Loading environment from /home/runner/work/key/key/key.core/../key.ui/examples/heap/permissions/threads/Plotter_inv_accessible2.key 
432786     DEBUG main            d.u.i.k.p.i.AbstractProblemLoader Environment load took 40.5ns 
432786     INFO  main            d.u.i.k.p.i.AbstractProblemLoader Creating init config 
437229     DEBUG main            d.u.i.k.p.i.AbstractProblemLoader Init config took 4.44s 
437305     INFO  main            d.u.i.k.p.i.AbstractProblemLoader Replaying proof Plotter[java.lang.Object::<inv>()].JML accessible clause.1 
437307     DEBUG main            d.u.i.k.p.i.IntermediateProofReplayer Proof replay took 6.4ns 
437408     INFO  main            d.u.i.k.p.r.p.TestFile    ... finished proof: closed. 
437809     INFO  main            d.u.i.k.p.i.AbstractProblemLoader Loading environment from /home/runner/work/key/key/key.core/../key.ui/examples/heap/permissions/threads/Plotter_inv_accessible2.key.proof 
437809     DEBUG main            d.u.i.k.p.i.AbstractProblemLoader Environment load took 70.4ns 
437810     INFO  main            d.u.i.k.p.i.AbstractProblemLoader Creating init config 
442190     DEBUG main            d.u.i.k.p.i.AbstractProblemLoader Init config took 4.38s 
442276     INFO  main            d.u.i.k.p.i.AbstractProblemLoader Replaying proof Plotter[java.lang.Object::<inv>()].JML accessible clause.1 
442280     DEBUG main            d.u.i.k.p.i.IntermediateProofReplayer Proof replay took 1.47ms 
442280     DEBUG main            d.u.i.k.p.r.p.TestFile    ... success: reloaded. 
442281     INFO  main            d.u.i.k.p.r.p.TestFile    Now processing file /home/runner/work/key/key/key.core/../key.ui/examples/heap/permissions/threads/Plotter_joinTransfer_contract.key 
442281     INFO  main            d.u.i.k.p.i.AbstractProblemLoader Loading environment from /home/runner/work/key/key/key.core/../key.ui/examples/heap/permissions/threads/Plotter_joinTransfer_contract.key 
442281     DEBUG main            d.u.i.k.p.i.AbstractProblemLoader Environment load took 66.7ns 
442282     INFO  main            d.u.i.k.p.i.AbstractProblemLoader Creating init config 
446827     DEBUG main            d.u.i.k.p.i.AbstractProblemLoader Init config took 4.55s 
446939     INFO  main            d.u.i.k.p.i.AbstractProblemLoader Replaying proof Plotter[ThreadSpec2::joinTransfer()].JML model_behavior operation contract.0 
446940     DEBUG main            d.u.i.k.p.i.IntermediateProofReplayer Proof replay took 6.9ns 
447042     INFO  main            d.u.i.k.p.r.p.TestFile    ... finished proof: closed. 
447446     INFO  main            d.u.i.k.p.i.AbstractProblemLoader Loading environment from /home/runner/work/key/key/key.core/../key.ui/examples/heap/permissions/threads/Plotter_joinTransfer_contract.key.proof 
447446     DEBUG main            d.u.i.k.p.i.AbstractProblemLoader Environment load took 67.9ns 
447447     INFO  main            d.u.i.k.p.i.AbstractProblemLoader Creating init config 
451825     DEBUG main            d.u.i.k.p.i.AbstractProblemLoader Init config took 4.38s 
451912     INFO  main            d.u.i.k.p.i.AbstractProblemLoader Replaying proof Plotter[ThreadSpec2::joinTransfer()].JML model_behavior operation contract.0 
451920     DEBUG main            d.u.i.k.p.i.IntermediateProofReplayer Proof replay took 6.6ms 
451921     DEBUG main            d.u.i.k.p.r.p.TestFile    ... success: reloaded. 
451921     INFO  main            d.u.i.k.p.r.p.TestFile    Now processing file /home/runner/work/key/key/key.core/../key.ui/examples/heap/permissions/threads/Plotter_Plotter.key 
451921     INFO  main            d.u.i.k.p.i.AbstractProblemLoader Loading environment from /home/runner/work/key/key/key.core/../key.ui/examples/heap/permissions/threads/Plotter_Plotter.key 
451921     DEBUG main            d.u.i.k.p.i.AbstractProblemLoader Environment load took 39.3ns 
451922     INFO  main            d.u.i.k.p.i.AbstractProblemLoader Creating init config 
456471     DEBUG main            d.u.i.k.p.i.AbstractProblemLoader Init config took 4.55s 
456576     INFO  main            d.u.i.k.p.i.AbstractProblemLoader Replaying proof Plotter[Plotter::Plotter(AFilter,BFilter,Buffer)].JML normal_behavior operation contract.0 
456578     DEBUG main            d.u.i.k.p.i.IntermediateProofReplayer Proof replay took 6.5ns 
458281     INFO  main            d.u.i.k.p.r.p.TestFile    ... finished proof: closed. 
458703     INFO  main            d.u.i.k.p.i.AbstractProblemLoader Loading environment from /home/runner/work/key/key/key.core/../key.ui/examples/heap/permissions/threads/Plotter_Plotter.key.proof 
458704     DEBUG main            d.u.i.k.p.i.AbstractProblemLoader Environment load took 265.3ns 
458705     INFO  main            d.u.i.k.p.i.AbstractProblemLoader Creating init config 
463268     DEBUG main            d.u.i.k.p.i.AbstractProblemLoader Init config took 4.56s 
463346     INFO  main            d.u.i.k.p.i.AbstractProblemLoader Replaying proof Plotter[Plotter::Plotter(AFilter,BFilter,Buffer)].JML normal_behavior operation contract.0 
463585     DEBUG main            d.u.i.k.p.i.IntermediateProofReplayer Proof replay took 220.13ms 
463586     DEBUG main            d.u.i.k.p.r.p.TestFile    ... success: reloaded. 
463587     INFO  main            d.u.i.k.p.r.p.TestFile    Now processing file /home/runner/work/key/key/key.core/../key.ui/examples/heap/permissions/threads/Plotter_postJoin_accessible.key 
463587     INFO  main            d.u.i.k.p.i.AbstractProblemLoader Loading environment from /home/runner/work/key/key/key.core/../key.ui/examples/heap/permissions/threads/Plotter_postJoin_accessible.key 
463587     DEBUG main            d.u.i.k.p.i.AbstractProblemLoader Environment load took 54.9ns 
463588     INFO  main            d.u.i.k.p.i.AbstractProblemLoader Creating init config 
468004     DEBUG main            d.u.i.k.p.i.AbstractProblemLoader Init config took 4.42s 
468080     INFO  main            d.u.i.k.p.i.AbstractProblemLoader Replaying proof Plotter[ThreadSpec2::postJoin(java.lang.Object)].JML accessible clause.0 
468081     DEBUG main            d.u.i.k.p.i.IntermediateProofReplayer Proof replay took 6.8ns 
468182     INFO  main            d.u.i.k.p.r.p.TestFile    ... finished proof: closed. 
468610     INFO  main            d.u.i.k.p.i.AbstractProblemLoader Loading environment from /home/runner/work/key/key/key.core/../key.ui/examples/heap/permissions/threads/Plotter_postJoin_accessible.key.proof 
468610     DEBUG main            d.u.i.k.p.i.AbstractProblemLoader Environment load took 72.4ns 
468611     INFO  main            d.u.i.k.p.i.AbstractProblemLoader Creating init config 
472949     DEBUG main            d.u.i.k.p.i.AbstractProblemLoader Init config took 4.34s 
473035     INFO  main            d.u.i.k.p.i.AbstractProblemLoader Replaying proof Plotter[ThreadSpec2::postJoin(java.lang.Object)].JML accessible clause.0 
473047     DEBUG main            d.u.i.k.p.i.IntermediateProofReplayer Proof replay took 9.84ms 
473047     DEBUG main            d.u.i.k.p.r.p.TestFile    ... success: reloaded. 
473048     INFO  main            d.u.i.k.p.r.p.TestFile    Now processing file /home/runner/work/key/key/key.core/../key.ui/examples/heap/permissions/threads/Plotter_preStart_accessible.key 
473048     INFO  main            d.u.i.k.p.i.AbstractProblemLoader Loading environment from /home/runner/work/key/key/key.core/../key.ui/examples/heap/permissions/threads/Plotter_preStart_accessible.key 
473049     DEBUG main            d.u.i.k.p.i.AbstractProblemLoader Environment load took 336.6ns 
473049     INFO  main            d.u.i.k.p.i.AbstractProblemLoader Creating init config 
477458     DEBUG main            d.u.i.k.p.i.AbstractProblemLoader Init config took 4.41s 
477547     INFO  main            d.u.i.k.p.i.AbstractProblemLoader Replaying proof Plotter[ThreadSpec2::preStart(java.lang.Object)].JML accessible clause.0 
477548     DEBUG main            d.u.i.k.p.i.IntermediateProofReplayer Proof replay took 6.6ns 
478451     INFO  main            d.u.i.k.p.r.p.TestFile    ... finished proof: closed. 
478902     INFO  main            d.u.i.k.p.i.AbstractProblemLoader Loading environment from /home/runner/work/key/key/key.core/../key.ui/examples/heap/permissions/threads/Plotter_preStart_accessible.key.proof 
478902     DEBUG main            d.u.i.k.p.i.AbstractProblemLoader Environment load took 83.9ns 
478903     INFO  main            d.u.i.k.p.i.AbstractProblemLoader Creating init config 
483243     DEBUG main            d.u.i.k.p.i.AbstractProblemLoader Init config took 4.34s 
483329     INFO  main            d.u.i.k.p.i.AbstractProblemLoader Replaying proof Plotter[ThreadSpec2::preStart(java.lang.Object)].JML accessible clause.0 
483404     DEBUG main            d.u.i.k.p.i.IntermediateProofReplayer Proof replay took 71.12ms 
483404     DEBUG main            d.u.i.k.p.r.p.TestFile    ... success: reloaded. 
483405     INFO  main            d.u.i.k.p.r.p.TestFile    Now processing file /home/runner/work/key/key/key.core/../key.ui/examples/heap/permissions/threads/Plotter_stateInv_accessible.key 
483405     INFO  main            d.u.i.k.p.i.AbstractProblemLoader Loading environment from /home/runner/work/key/key/key.core/../key.ui/examples/heap/permissions/threads/Plotter_stateInv_accessible.key 
483405     DEBUG main            d.u.i.k.p.i.AbstractProblemLoader Environment load took 90.6ns 
483406     INFO  main            d.u.i.k.p.i.AbstractProblemLoader Creating init config 
487837     DEBUG main            d.u.i.k.p.i.AbstractProblemLoader Init config took 4.43s 
487913     INFO  main            d.u.i.k.p.i.AbstractProblemLoader Replaying proof Plotter[ThreadSpec2::stateInv()].JML accessible clause.0 
487914     DEBUG main            d.u.i.k.p.i.IntermediateProofReplayer Proof replay took 6.6ns 
494548     INFO  main            d.u.i.k.p.r.p.TestFile    ... finished proof: closed. 
495012     INFO  main            d.u.i.k.p.i.AbstractProblemLoader Loading environment from /home/runner/work/key/key/key.core/../key.ui/examples/heap/permissions/threads/Plotter_stateInv_accessible.key.proof 
495012     DEBUG main            d.u.i.k.p.i.AbstractProblemLoader Environment load took 79.4ns 
495013     INFO  main            d.u.i.k.p.i.AbstractProblemLoader Creating init config 
499360     DEBUG main            d.u.i.k.p.i.AbstractProblemLoader Init config took 4.35s 
499436     INFO  main            d.u.i.k.p.i.AbstractProblemLoader Replaying proof Plotter[ThreadSpec2::stateInv()].JML accessible clause.0 
500012     DEBUG main            d.u.i.k.p.i.IntermediateProofReplayer Proof replay took 563.35ms 
500013     DEBUG main            d.u.i.k.p.r.p.TestFile    ... success: reloaded. 
500013     INFO  main            d.u.i.k.p.r.p.TestFile    Now processing file /home/runner/work/key/key/key.core/../key.ui/examples/heap/permissions/threads/Plotter_staticPermissions_accessible.key 
500014     INFO  main            d.u.i.k.p.i.AbstractProblemLoader Loading environment from /home/runner/work/key/key/key.core/../key.ui/examples/heap/permissions/threads/Plotter_staticPermissions_accessible.key 
500014     DEBUG main            d.u.i.k.p.i.AbstractProblemLoader Environment load took 63.3ns 
500014     INFO  main            d.u.i.k.p.i.AbstractProblemLoader Creating init config 
504456     DEBUG main            d.u.i.k.p.i.AbstractProblemLoader Init config took 4.44s 
504532     INFO  main            d.u.i.k.p.i.AbstractProblemLoader Replaying proof Plotter[ThreadSpec2::staticPermissions()].JML accessible clause.0 
504533     DEBUG main            d.u.i.k.p.i.IntermediateProofReplayer Proof replay took 37.1ns 
505135     INFO  main            d.u.i.k.p.r.p.TestFile    ... finished proof: closed. 
505570     INFO  main            d.u.i.k.p.i.AbstractProblemLoader Loading environment from /home/runner/work/key/key/key.core/../key.ui/examples/heap/permissions/threads/Plotter_staticPermissions_accessible.key.proof 
505570     DEBUG main            d.u.i.k.p.i.AbstractProblemLoader Environment load took 66.5ns 
505571     INFO  main            d.u.i.k.p.i.AbstractProblemLoader Creating init config 
509977     DEBUG main            d.u.i.k.p.i.AbstractProblemLoader Init config took 4.41s 
510070     INFO  main            d.u.i.k.p.i.AbstractProblemLoader Replaying proof Plotter[ThreadSpec2::staticPermissions()].JML accessible clause.0 
510123     DEBUG main            d.u.i.k.p.i.IntermediateProofReplayer Proof replay took 50.92ms 
510124     DEBUG main            d.u.i.k.p.r.p.TestFile    ... success: reloaded. 
510125     INFO  main            d.u.i.k.p.r.p.TestFile    Now processing file /home/runner/work/key/key/key.core/../key.ui/examples/heap/permissions/threads/Plotter_workingPermissions_accessible.key 
510125     INFO  main            d.u.i.k.p.i.AbstractProblemLoader Loading environment from /home/runner/work/key/key/key.core/../key.ui/examples/heap/permissions/threads/Plotter_workingPermissions_accessible.key 
510125     DEBUG main            d.u.i.k.p.i.AbstractProblemLoader Environment load took 74.2ns 
510126     INFO  main            d.u.i.k.p.i.AbstractProblemLoader Creating init config 
514548     DEBUG main            d.u.i.k.p.i.AbstractProblemLoader Init config took 4.42s 
514624     INFO  main            d.u.i.k.p.i.AbstractProblemLoader Replaying proof Plotter[ThreadSpec2::workingPermissions()].JML accessible clause.0 
514625     DEBUG main            d.u.i.k.p.i.IntermediateProofReplayer Proof replay took 2.5ns 
514726     INFO  main            d.u.i.k.p.r.p.TestFile    ... finished proof: closed. 
515178     INFO  main            d.u.i.k.p.i.AbstractProblemLoader Loading environment from /home/runner/work/key/key/key.core/../key.ui/examples/heap/permissions/threads/Plotter_workingPermissions_accessible.key.proof 
515178     DEBUG main            d.u.i.k.p.i.AbstractProblemLoader Environment load took 68.8ns 
515179     INFO  main            d.u.i.k.p.i.AbstractProblemLoader Creating init config 
519540     DEBUG main            d.u.i.k.p.i.AbstractProblemLoader Init config took 4.36s 
519617     INFO  main            d.u.i.k.p.i.AbstractProblemLoader Replaying proof Plotter[ThreadSpec2::workingPermissions()].JML accessible clause.0 
519631     DEBUG main            d.u.i.k.p.i.IntermediateProofReplayer Proof replay took 13.27ms 
519632     DEBUG main            d.u.i.k.p.r.p.TestFile    ... success: reloaded. 
519633     INFO  main            d.u.i.k.p.r.p.TestFile    Now processing file /home/runner/work/key/key/key.core/../key.ui/examples/heap/permissions/threads/Sampler_initPost_accessible.key 
519633     INFO  main            d.u.i.k.p.i.AbstractProblemLoader Loading environment from /home/runner/work/key/key/key.core/../key.ui/examples/heap/permissions/threads/Sampler_initPost_accessible.key 
519633     DEBUG main            d.u.i.k.p.i.AbstractProblemLoader Environment load took 57.5ns 
519634     INFO  main            d.u.i.k.p.i.AbstractProblemLoader Creating init config 
524048     DEBUG main            d.u.i.k.p.i.AbstractProblemLoader Init config took 4.41s 
524124     INFO  main            d.u.i.k.p.i.AbstractProblemLoader Replaying proof Sampler[ThreadSpec2::initPost()].JML accessible clause.0 
524125     DEBUG main            d.u.i.k.p.i.IntermediateProofReplayer Proof replay took 2.8ns 
524226     INFO  main            d.u.i.k.p.r.p.TestFile    ... finished proof: closed. 
524688     INFO  main            d.u.i.k.p.i.AbstractProblemLoader Loading environment from /home/runner/work/key/key/key.core/../key.ui/examples/heap/permissions/threads/Sampler_initPost_accessible.key.proof 
524688     DEBUG main            d.u.i.k.p.i.AbstractProblemLoader Environment load took 64ns 
524689     INFO  main            d.u.i.k.p.i.AbstractProblemLoader Creating init config 
529039     DEBUG main            d.u.i.k.p.i.AbstractProblemLoader Init config took 4.35s 
529116     INFO  main            d.u.i.k.p.i.AbstractProblemLoader Replaying proof Sampler[ThreadSpec2::initPost()].JML accessible clause.0 
529122     DEBUG main            d.u.i.k.p.i.IntermediateProofReplayer Proof replay took 4.6ms 
529123     DEBUG main            d.u.i.k.p.r.p.TestFile    ... success: reloaded. 
529124     INFO  main            d.u.i.k.p.r.p.TestFile    Now processing file /home/runner/work/key/key/key.core/../key.ui/examples/heap/permissions/threads/Sampler_inv_accessible1.key 
529124     INFO  main            d.u.i.k.p.i.AbstractProblemLoader Loading environment from /home/runner/work/key/key/key.core/../key.ui/examples/heap/permissions/threads/Sampler_inv_accessible1.key 
529124     DEBUG main            d.u.i.k.p.i.AbstractProblemLoader Environment load took 135.3ns 
529125     INFO  main            d.u.i.k.p.i.AbstractProblemLoader Creating init config 
533532     DEBUG main            d.u.i.k.p.i.AbstractProblemLoader Init config took 4.41s 
533621     INFO  main            d.u.i.k.p.i.AbstractProblemLoader Replaying proof Sampler[java.lang.Object::<inv>()].JML accessible clause.0 
533622     DEBUG main            d.u.i.k.p.i.IntermediateProofReplayer Proof replay took 2.5ns 
533724     INFO  main            d.u.i.k.p.r.p.TestFile    ... finished proof: closed. 
534181     INFO  main            d.u.i.k.p.i.AbstractProblemLoader Loading environment from /home/runner/work/key/key/key.core/../key.ui/examples/heap/permissions/threads/Sampler_inv_accessible1.key.proof 
534182     DEBUG main            d.u.i.k.p.i.AbstractProblemLoader Environment load took 84.6ns 
534182     INFO  main            d.u.i.k.p.i.AbstractProblemLoader Creating init config 
538521     DEBUG main            d.u.i.k.p.i.AbstractProblemLoader Init config took 4.34s 
538597     INFO  main            d.u.i.k.p.i.AbstractProblemLoader Replaying proof Sampler[java.lang.Object::<inv>()].JML accessible clause.0 
538599     DEBUG main            d.u.i.k.p.i.IntermediateProofReplayer Proof replay took 1.4ms 
538600     DEBUG main            d.u.i.k.p.r.p.TestFile    ... success: reloaded. 
538601     INFO  main            d.u.i.k.p.r.p.TestFile    Now processing file /home/runner/work/key/key/key.core/../key.ui/examples/heap/permissions/threads/Sampler_inv_accessible2.key 
538601     INFO  main            d.u.i.k.p.i.AbstractProblemLoader Loading environment from /home/runner/work/key/key/key.core/../key.ui/examples/heap/permissions/threads/Sampler_inv_accessible2.key 
538601     DEBUG main            d.u.i.k.p.i.AbstractProblemLoader Environment load took 60.3ns 
538601     INFO  main            d.u.i.k.p.i.AbstractProblemLoader Creating init config 
543026     DEBUG main            d.u.i.k.p.i.AbstractProblemLoader Init config took 4.42s 
543102     INFO  main            d.u.i.k.p.i.AbstractProblemLoader Replaying proof Sampler[java.lang.Object::<inv>()].JML accessible clause.1 
543103     DEBUG main            d.u.i.k.p.i.IntermediateProofReplayer Proof replay took 2.4ns 
543205     INFO  main            d.u.i.k.p.r.p.TestFile    ... finished proof: closed. 
543664     INFO  main            d.u.i.k.p.i.AbstractProblemLoader Loading environment from /home/runner/work/key/key/key.core/../key.ui/examples/heap/permissions/threads/Sampler_inv_accessible2.key.proof 
543665     DEBUG main            d.u.i.k.p.i.AbstractProblemLoader Environment load took 65.6ns 
543665     INFO  main            d.u.i.k.p.i.AbstractProblemLoader Creating init config 
548014     DEBUG main            d.u.i.k.p.i.AbstractProblemLoader Init config took 4.35s 
548089     INFO  main            d.u.i.k.p.i.AbstractProblemLoader Replaying proof Sampler[java.lang.Object::<inv>()].JML accessible clause.1 
548092     DEBUG main            d.u.i.k.p.i.IntermediateProofReplayer Proof replay took 1.44ms 
548093     DEBUG main            d.u.i.k.p.r.p.TestFile    ... success: reloaded. 
548093     INFO  main            d.u.i.k.p.r.p.TestFile    Now processing file /home/runner/work/key/key/key.core/../key.ui/examples/heap/permissions/threads/Sampler_joinTransfer_accessible.key 
548094     INFO  main            d.u.i.k.p.i.AbstractProblemLoader Loading environment from /home/runner/work/key/key/key.core/../key.ui/examples/heap/permissions/threads/Sampler_joinTransfer_accessible.key 
548094     DEBUG main            d.u.i.k.p.i.AbstractProblemLoader Environment load took 48.4ns 
548094     INFO  main            d.u.i.k.p.i.AbstractProblemLoader Creating init config 
552511     DEBUG main            d.u.i.k.p.i.AbstractProblemLoader Init config took 4.42s 
552587     INFO  main            d.u.i.k.p.i.AbstractProblemLoader Replaying proof Sampler[ThreadSpec2::joinTransfer()].JML accessible clause.0 
552588     DEBUG main            d.u.i.k.p.i.IntermediateProofReplayer Proof replay took 3.6ns 
555619     INFO  main            d.u.i.k.p.r.p.TestFile    ... finished proof: closed. 
556103     INFO  main            d.u.i.k.p.i.AbstractProblemLoader Loading environment from /home/runner/work/key/key/key.core/../key.ui/examples/heap/permissions/threads/Sampler_joinTransfer_accessible.key.proof 
556104     DEBUG main            d.u.i.k.p.i.AbstractProblemLoader Environment load took 267.5ns 
556105     INFO  main            d.u.i.k.p.i.AbstractProblemLoader Creating init config 
560451     DEBUG main            d.u.i.k.p.i.AbstractProblemLoader Init config took 4.35s 
560527     INFO  main            d.u.i.k.p.i.AbstractProblemLoader Replaying proof Sampler[ThreadSpec2::joinTransfer()].JML accessible clause.0 
561026     DEBUG main            d.u.i.k.p.i.IntermediateProofReplayer Proof replay took 489.18ms 
561027     DEBUG main            d.u.i.k.p.r.p.TestFile    ... success: reloaded. 
561028     INFO  main            d.u.i.k.p.r.p.TestFile    Now processing file /home/runner/work/key/key/key.core/../key.ui/examples/heap/permissions/threads/Sampler_joinTransfer_contract.key 
561028     INFO  main            d.u.i.k.p.i.AbstractProblemLoader Loading environment from /home/runner/work/key/key/key.core/../key.ui/examples/heap/permissions/threads/Sampler_joinTransfer_contract.key 
561028     DEBUG main            d.u.i.k.p.i.AbstractProblemLoader Environment load took 40ns 
561029     INFO  main            d.u.i.k.p.i.AbstractProblemLoader Creating init config 
565461     DEBUG main            d.u.i.k.p.i.AbstractProblemLoader Init config took 4.43s 
565537     INFO  main            d.u.i.k.p.i.AbstractProblemLoader Replaying proof Sampler[ThreadSpec2::joinTransfer()].JML model_behavior operation contract.0 
565539     DEBUG main            d.u.i.k.p.i.IntermediateProofReplayer Proof replay took 3.3ns 
565640     INFO  main            d.u.i.k.p.r.p.TestFile    ... finished proof: closed. 
566113     INFO  main            d.u.i.k.p.i.AbstractProblemLoader Loading environment from /home/runner/work/key/key/key.core/../key.ui/examples/heap/permissions/threads/Sampler_joinTransfer_contract.key.proof 
566113     DEBUG main            d.u.i.k.p.i.AbstractProblemLoader Environment load took 64.9ns 
566114     INFO  main            d.u.i.k.p.i.AbstractProblemLoader Creating init config 
570459     DEBUG main            d.u.i.k.p.i.AbstractProblemLoader Init config took 4.34s 
570537     INFO  main            d.u.i.k.p.i.AbstractProblemLoader Replaying proof Sampler[ThreadSpec2::joinTransfer()].JML model_behavior operation contract.0 
570543     DEBUG main            d.u.i.k.p.i.IntermediateProofReplayer Proof replay took 5.89ms 
570544     DEBUG main            d.u.i.k.p.r.p.TestFile    ... success: reloaded. 
570545     INFO  main            d.u.i.k.p.r.p.TestFile    Now processing file /home/runner/work/key/key/key.core/../key.ui/examples/heap/permissions/threads/Sampler_postJoin_accessible.key 
570545     INFO  main            d.u.i.k.p.i.AbstractProblemLoader Loading environment from /home/runner/work/key/key/key.core/../key.ui/examples/heap/permissions/threads/Sampler_postJoin_accessible.key 
570545     DEBUG main            d.u.i.k.p.i.AbstractProblemLoader Environment load took 37.3ns 
570546     INFO  main            d.u.i.k.p.i.AbstractProblemLoader Creating init config 
574963     DEBUG main            d.u.i.k.p.i.AbstractProblemLoader Init config took 4.42s 
575053     INFO  main            d.u.i.k.p.i.AbstractProblemLoader Replaying proof Sampler[ThreadSpec2::postJoin(java.lang.Object)].JML accessible clause.0 
575054     DEBUG main            d.u.i.k.p.i.IntermediateProofReplayer Proof replay took 2ns 
575156     INFO  main            d.u.i.k.p.r.p.TestFile    ... finished proof: closed. 
575633     INFO  main            d.u.i.k.p.i.AbstractProblemLoader Loading environment from /home/runner/work/key/key/key.core/../key.ui/examples/heap/permissions/threads/Sampler_postJoin_accessible.key.proof 
575633     DEBUG main            d.u.i.k.p.i.AbstractProblemLoader Environment load took 70.2ns 
575633     INFO  main            d.u.i.k.p.i.AbstractProblemLoader Creating init config 
579978     DEBUG main            d.u.i.k.p.i.AbstractProblemLoader Init config took 4.34s 
580054     INFO  main            d.u.i.k.p.i.AbstractProblemLoader Replaying proof Sampler[ThreadSpec2::postJoin(java.lang.Object)].JML accessible clause.0 
580063     DEBUG main            d.u.i.k.p.i.IntermediateProofReplayer Proof replay took 7.21ms 
580063     DEBUG main            d.u.i.k.p.r.p.TestFile    ... success: reloaded. 
580064     INFO  main            d.u.i.k.p.r.p.TestFile    Now processing file /home/runner/work/key/key/key.core/../key.ui/examples/heap/permissions/threads/Sampler_preStart_accessible.key 
580064     INFO  main            d.u.i.k.p.i.AbstractProblemLoader Loading environment from /home/runner/work/key/key/key.core/../key.ui/examples/heap/permissions/threads/Sampler_preStart_accessible.key 
580064     DEBUG main            d.u.i.k.p.i.AbstractProblemLoader Environment load took 36.9ns 
580065     INFO  main            d.u.i.k.p.i.AbstractProblemLoader Creating init config 
584486     DEBUG main            d.u.i.k.p.i.AbstractProblemLoader Init config took 4.42s 
584562     INFO  main            d.u.i.k.p.i.AbstractProblemLoader Replaying proof Sampler[ThreadSpec2::preStart(java.lang.Object)].JML accessible clause.0 
584563     DEBUG main            d.u.i.k.p.i.IntermediateProofReplayer Proof replay took 2.3ns 
584664     INFO  main            d.u.i.k.p.r.p.TestFile    ... finished proof: closed. 
585151     INFO  main            d.u.i.k.p.i.AbstractProblemLoader Loading environment from /home/runner/work/key/key/key.core/../key.ui/examples/heap/permissions/threads/Sampler_preStart_accessible.key.proof 
585151     DEBUG main            d.u.i.k.p.i.AbstractProblemLoader Environment load took 64ns 
585152     INFO  main            d.u.i.k.p.i.AbstractProblemLoader Creating init config 
589496     DEBUG main            d.u.i.k.p.i.AbstractProblemLoader Init config took 4.34s 
589584     INFO  main            d.u.i.k.p.i.AbstractProblemLoader Replaying proof Sampler[ThreadSpec2::preStart(java.lang.Object)].JML accessible clause.0 
589592     DEBUG main            d.u.i.k.p.i.IntermediateProofReplayer Proof replay took 7.11ms 
589593     DEBUG main            d.u.i.k.p.r.p.TestFile    ... success: reloaded. 
589593     INFO  main            d.u.i.k.p.r.p.TestFile    Now processing file /home/runner/work/key/key/key.core/../key.ui/examples/heap/permissions/threads/Sampler_run.key 
589594     INFO  main            d.u.i.k.p.i.AbstractProblemLoader Loading environment from /home/runner/work/key/key/key.core/../key.ui/examples/heap/permissions/threads/Sampler_run.key 
589594     DEBUG main            d.u.i.k.p.i.AbstractProblemLoader Environment load took 36.1ns 
589594     INFO  main            d.u.i.k.p.i.AbstractProblemLoader Creating init config 
594010     DEBUG main            d.u.i.k.p.i.AbstractProblemLoader Init config took 4.42s 
594087     INFO  main            d.u.i.k.p.i.AbstractProblemLoader Replaying proof Sampler[ThreadSpec2::run()].JML normal_behavior operation contract.0 
594088     DEBUG main            d.u.i.k.p.i.IntermediateProofReplayer Proof replay took 2.2ns 
594289     INFO  main            d.u.i.k.p.r.p.TestFile    ... finished proof: closed. 
594779     INFO  main            d.u.i.k.p.i.AbstractProblemLoader Loading environment from /home/runner/work/key/key/key.core/../key.ui/examples/heap/permissions/threads/Sampler_run.key.proof 
594779     DEBUG main            d.u.i.k.p.i.AbstractProblemLoader Environment load took 68.3ns 
594780     INFO  main            d.u.i.k.p.i.AbstractProblemLoader Creating init config 
599123     DEBUG main            d.u.i.k.p.i.AbstractProblemLoader Init config took 4.34s 
599209     INFO  main            d.u.i.k.p.i.AbstractProblemLoader Replaying proof Sampler[ThreadSpec2::run()].JML normal_behavior operation contract.0 
599238     DEBUG main            d.u.i.k.p.i.IntermediateProofReplayer Proof replay took 27.68ms 
599239     DEBUG main            d.u.i.k.p.r.p.TestFile    ... success: reloaded. 
599240     INFO  main            d.u.i.k.p.r.p.TestFile    Now processing file /home/runner/work/key/key/key.core/../key.ui/examples/heap/permissions/threads/Sampler_Sampler.key 
599240     INFO  main            d.u.i.k.p.i.AbstractProblemLoader Loading environment from /home/runner/work/key/key/key.core/../key.ui/examples/heap/permissions/threads/Sampler_Sampler.key 
599240     DEBUG main            d.u.i.k.p.i.AbstractProblemLoader Environment load took 60.9ns 
599241     INFO  main            d.u.i.k.p.i.AbstractProblemLoader Creating init config 
603668     DEBUG main            d.u.i.k.p.i.AbstractProblemLoader Init config took 4.43s 
603744     INFO  main            d.u.i.k.p.i.AbstractProblemLoader Replaying proof Sampler[Sampler::Sampler(Buffer)].JML normal_behavior operation contract.0 
603745     DEBUG main            d.u.i.k.p.i.IntermediateProofReplayer Proof replay took 2.3ns 
604248     INFO  main            d.u.i.k.p.r.p.TestFile    ... finished proof: closed. 
604747     INFO  main            d.u.i.k.p.i.AbstractProblemLoader Loading environment from /home/runner/work/key/key/key.core/../key.ui/examples/heap/permissions/threads/Sampler_Sampler.key.proof 
604748     DEBUG main            d.u.i.k.p.i.AbstractProblemLoader Environment load took 69.9ns 
604748     INFO  main            d.u.i.k.p.i.AbstractProblemLoader Creating init config 
609102     DEBUG main            d.u.i.k.p.i.AbstractProblemLoader Init config took 4.35s 
609179     INFO  main            d.u.i.k.p.i.AbstractProblemLoader Replaying proof Sampler[Sampler::Sampler(Buffer)].JML normal_behavior operation contract.0 
609259     DEBUG main            d.u.i.k.p.i.IntermediateProofReplayer Proof replay took 75.54ms 
609260     DEBUG main            d.u.i.k.p.r.p.TestFile    ... success: reloaded. 
609261     INFO  main            d.u.i.k.p.r.p.TestFile    Now processing file /home/runner/work/key/key/key.core/../key.ui/examples/heap/permissions/threads/Sampler_startTransfer_accessible.key 
609261     INFO  main            d.u.i.k.p.i.AbstractProblemLoader Loading environment from /home/runner/work/key/key/key.core/../key.ui/examples/heap/permissions/threads/Sampler_startTransfer_accessible.key 
609261     DEBUG main            d.u.i.k.p.i.AbstractProblemLoader Environment load took 40ns 
609262     INFO  main            d.u.i.k.p.i.AbstractProblemLoader Creating init config 
613752     DEBUG main            d.u.i.k.p.i.AbstractProblemLoader Init config took 4.49s 
613828     INFO  main            d.u.i.k.p.i.AbstractProblemLoader Replaying proof Sampler[ThreadSpec2::startTransfer()].JML accessible clause.0 
613830     DEBUG main            d.u.i.k.p.i.IntermediateProofReplayer Proof replay took 2.4ns 
617560     INFO  main            d.u.i.k.p.r.p.TestFile    ... finished proof: closed. 
618063     INFO  main            d.u.i.k.p.i.AbstractProblemLoader Loading environment from /home/runner/work/key/key/key.core/../key.ui/examples/heap/permissions/threads/Sampler_startTransfer_accessible.key.proof 
618063     DEBUG main            d.u.i.k.p.i.AbstractProblemLoader Environment load took 72.7ns 
618068     INFO  main            d.u.i.k.p.i.AbstractProblemLoader Creating init config 
622434     DEBUG main            d.u.i.k.p.i.AbstractProblemLoader Init config took 4.37s 
622510     INFO  main            d.u.i.k.p.i.AbstractProblemLoader Replaying proof Sampler[ThreadSpec2::startTransfer()].JML accessible clause.0 
623025     DEBUG main            d.u.i.k.p.i.IntermediateProofReplayer Proof replay took 505.39ms 
623026     DEBUG main            d.u.i.k.p.r.p.TestFile    ... success: reloaded. 
623027     INFO  main            d.u.i.k.p.r.p.TestFile    Now processing file /home/runner/work/key/key/key.core/../key.ui/examples/heap/permissions/threads/Sampler_startTransfer_contract.key 
623027     INFO  main            d.u.i.k.p.i.AbstractProblemLoader Loading environment from /home/runner/work/key/key/key.core/../key.ui/examples/heap/permissions/threads/Sampler_startTransfer_contract.key 
623027     DEBUG main            d.u.i.k.p.i.AbstractProblemLoader Environment load took 39.1ns 
623028     INFO  main            d.u.i.k.p.i.AbstractProblemLoader Creating init config 
627506     DEBUG main            d.u.i.k.p.i.AbstractProblemLoader Init config took 4.48s 
627597     INFO  main            d.u.i.k.p.i.AbstractProblemLoader Replaying proof Sampler[ThreadSpec2::startTransfer()].JML model_behavior operation contract.0 
627598     DEBUG main            d.u.i.k.p.i.IntermediateProofReplayer Proof replay took 3.2ns 
627699     INFO  main            d.u.i.k.p.r.p.TestFile    ... finished proof: closed. 
628190     INFO  main            d.u.i.k.p.i.AbstractProblemLoader Loading environment from /home/runner/work/key/key/key.core/../key.ui/examples/heap/permissions/threads/Sampler_startTransfer_contract.key.proof 
628190     DEBUG main            d.u.i.k.p.i.AbstractProblemLoader Environment load took 67.5ns 
628191     INFO  main            d.u.i.k.p.i.AbstractProblemLoader Creating init config 
632535     DEBUG main            d.u.i.k.p.i.AbstractProblemLoader Init config took 4.34s 
632614     INFO  main            d.u.i.k.p.i.AbstractProblemLoader Replaying proof Sampler[ThreadSpec2::startTransfer()].JML model_behavior operation contract.0 
632621     DEBUG main            d.u.i.k.p.i.IntermediateProofReplayer Proof replay took 5.93ms 
632621     DEBUG main            d.u.i.k.p.r.p.TestFile    ... success: reloaded. 
632622     INFO  main            d.u.i.k.p.r.p.TestFile    Now processing file /home/runner/work/key/key/key.core/../key.ui/examples/heap/permissions/threads/Sampler_stateInv_accessible.key 
632622     INFO  main            d.u.i.k.p.i.AbstractProblemLoader Loading environment from /home/runner/work/key/key/key.core/../key.ui/examples/heap/permissions/threads/Sampler_stateInv_accessible.key 
632622     DEBUG main            d.u.i.k.p.i.AbstractProblemLoader Environment load took 39.5ns 
632623     INFO  main            d.u.i.k.p.i.AbstractProblemLoader Creating init config 
637112     DEBUG main            d.u.i.k.p.i.AbstractProblemLoader Init config took 4.49s 
637201     INFO  main            d.u.i.k.p.i.AbstractProblemLoader Replaying proof Sampler[ThreadSpec2::stateInv()].JML accessible clause.0 
637202     DEBUG main            d.u.i.k.p.i.IntermediateProofReplayer Proof replay took 2.8ns 
637303     INFO  main            d.u.i.k.p.r.p.TestFile    ... finished proof: closed. 
637810     INFO  main            d.u.i.k.p.i.AbstractProblemLoader Loading environment from /home/runner/work/key/key/key.core/../key.ui/examples/heap/permissions/threads/Sampler_stateInv_accessible.key.proof 
637811     DEBUG main            d.u.i.k.p.i.AbstractProblemLoader Environment load took 70.2ns 
637811     INFO  main            d.u.i.k.p.i.AbstractProblemLoader Creating init config 
642301     DEBUG main            d.u.i.k.p.i.AbstractProblemLoader Init config took 4.49s 
642400     INFO  main            d.u.i.k.p.i.AbstractProblemLoader Replaying proof Sampler[ThreadSpec2::stateInv()].JML accessible clause.0 
642416     DEBUG main            d.u.i.k.p.i.IntermediateProofReplayer Proof replay took 13.67ms 
642417     DEBUG main            d.u.i.k.p.r.p.TestFile    ... success: reloaded. 
642418     INFO  main            d.u.i.k.p.r.p.TestFile    Now processing file /home/runner/work/key/key/key.core/../key.ui/examples/heap/permissions/threads/Sampler_staticPermissions_accessible.key 
642418     INFO  main            d.u.i.k.p.i.AbstractProblemLoader Loading environment from /home/runner/work/key/key/key.core/../key.ui/examples/heap/permissions/threads/Sampler_staticPermissions_accessible.key 
642418     DEBUG main            d.u.i.k.p.i.AbstractProblemLoader Environment load took 136.2ns 
642422     INFO  main            d.u.i.k.p.i.AbstractProblemLoader Creating init config 
646991     DEBUG main            d.u.i.k.p.i.AbstractProblemLoader Init config took 4.57s 
647076     INFO  main            d.u.i.k.p.i.AbstractProblemLoader Replaying proof Sampler[ThreadSpec2::staticPermissions()].JML accessible clause.0 
647078     DEBUG main            d.u.i.k.p.i.IntermediateProofReplayer Proof replay took 3.2ns 
647179     INFO  main            d.u.i.k.p.r.p.TestFile    ... finished proof: closed. 
647681     INFO  main            d.u.i.k.p.i.AbstractProblemLoader Loading environment from /home/runner/work/key/key/key.core/../key.ui/examples/heap/permissions/threads/Sampler_staticPermissions_accessible.key.proof 
647681     DEBUG main            d.u.i.k.p.i.AbstractProblemLoader Environment load took 66ns 
647682     INFO  main            d.u.i.k.p.i.AbstractProblemLoader Creating init config 
652172     DEBUG main            d.u.i.k.p.i.AbstractProblemLoader Init config took 4.49s 
652259     INFO  main            d.u.i.k.p.i.AbstractProblemLoader Replaying proof Sampler[ThreadSpec2::staticPermissions()].JML accessible clause.0 
652264     DEBUG main            d.u.i.k.p.i.IntermediateProofReplayer Proof replay took 3.49ms 
652265     DEBUG main            d.u.i.k.p.r.p.TestFile    ... success: reloaded. 
652265     INFO  main            d.u.i.k.p.r.p.TestFile    Now processing file /home/runner/work/key/key/key.core/../key.ui/examples/heap/permissions/threads/Sampler_workingPermissions_accessible.key 
652266     INFO  main            d.u.i.k.p.i.AbstractProblemLoader Loading environment from /home/runner/work/key/key/key.core/../key.ui/examples/heap/permissions/threads/Sampler_workingPermissions_accessible.key 
652266     DEBUG main            d.u.i.k.p.i.AbstractProblemLoader Environment load took 130.3ns 
652267     INFO  main            d.u.i.k.p.i.AbstractProblemLoader Creating init config 
656854     DEBUG main            d.u.i.k.p.i.AbstractProblemLoader Init config took 4.59s 
656930     INFO  main            d.u.i.k.p.i.AbstractProblemLoader Replaying proof Sampler[ThreadSpec2::workingPermissions()].JML accessible clause.0 
656931     DEBUG main            d.u.i.k.p.i.IntermediateProofReplayer Proof replay took 2.6ns 
657032     INFO  main            d.u.i.k.p.r.p.TestFile    ... finished proof: closed. 
657559     INFO  main            d.u.i.k.p.i.AbstractProblemLoader Loading environment from /home/runner/work/key/key/key.core/../key.ui/examples/heap/permissions/threads/Sampler_workingPermissions_accessible.key.proof 
657559     DEBUG main            d.u.i.k.p.i.AbstractProblemLoader Environment load took 67.1ns 
657560     INFO  main            d.u.i.k.p.i.AbstractProblemLoader Creating init config 
662230     DEBUG main            d.u.i.k.p.i.AbstractProblemLoader Init config took 4.67s 
662306     INFO  main            d.u.i.k.p.i.AbstractProblemLoader Replaying proof Sampler[ThreadSpec2::workingPermissions()].JML accessible clause.0 
662312     DEBUG main            d.u.i.k.p.i.IntermediateProofReplayer Proof replay took 4.24ms 
662313     DEBUG main            d.u.i.k.p.r.p.TestFile    ... success: reloaded. 
662314     INFO  main            d.u.i.k.p.r.p.TestFile    Now processing file /home/runner/work/key/key/key.core/../key.ui/examples/heap/permissions/mulleretal/ReadWrite_doRead_contract.key 
662314     INFO  main            d.u.i.k.p.i.AbstractProblemLoader Loading environment from /home/runner/work/key/key/key.core/../key.ui/examples/heap/permissions/mulleretal/ReadWrite_doRead_contract.key 
662314     DEBUG main            d.u.i.k.p.i.AbstractProblemLoader Environment load took 126.9ns 
662315     INFO  main            d.u.i.k.p.i.AbstractProblemLoader Creating init config 
665322     DEBUG main            d.u.i.k.p.i.AbstractProblemLoader Init config took 3.01s 
665353     INFO  main            d.u.i.k.p.i.AbstractProblemLoader Replaying proof ReadWrite[ReadWrite::doRead()].JML normal_behavior operation contract.0 
665354     DEBUG main            d.u.i.k.p.i.IntermediateProofReplayer Proof replay took 2.4ns 
667098     INFO  main            d.u.i.k.p.r.p.TestFile    ... finished proof: closed. 
667633     INFO  main            d.u.i.k.p.i.AbstractProblemLoader Loading environment from /home/runner/work/key/key/key.core/../key.ui/examples/heap/permissions/mulleretal/ReadWrite_doRead_contract.key.proof 
667633     DEBUG main            d.u.i.k.p.i.AbstractProblemLoader Environment load took 274.5ns 
667634     INFO  main            d.u.i.k.p.i.AbstractProblemLoader Creating init config 
670204     DEBUG main            d.u.i.k.p.i.AbstractProblemLoader Init config took 2.57s 
670239     INFO  main            d.u.i.k.p.i.AbstractProblemLoader Replaying proof ReadWrite[ReadWrite::doRead()].JML normal_behavior operation contract.0 
670677     DEBUG main            d.u.i.k.p.i.IntermediateProofReplayer Proof replay took 433.31ms 
670678     DEBUG main            d.u.i.k.p.r.p.TestFile    ... success: reloaded. 
670679     INFO  main            d.u.i.k.p.r.p.TestFile    Now processing file /home/runner/work/key/key/key.core/../key.ui/examples/heap/permissions/mulleretal/ReadWrite_doWrite_contract.key 
670679     INFO  main            d.u.i.k.p.i.AbstractProblemLoader Loading environment from /home/runner/work/key/key/key.core/../key.ui/examples/heap/permissions/mulleretal/ReadWrite_doWrite_contract.key 
670679     DEBUG main            d.u.i.k.p.i.AbstractProblemLoader Environment load took 181.1ns 
670680     INFO  main            d.u.i.k.p.i.AbstractProblemLoader Creating init config 
673397     DEBUG main            d.u.i.k.p.i.AbstractProblemLoader Init config took 2.72s 
673431     INFO  main            d.u.i.k.p.i.AbstractProblemLoader Replaying proof ReadWrite[ReadWrite::doWrite()].JML normal_behavior operation contract.0 
673433     DEBUG main            d.u.i.k.p.i.IntermediateProofReplayer Proof replay took 2.5ns 
675337     INFO  main            d.u.i.k.p.r.p.TestFile    ... finished proof: closed. 
675887     INFO  main            d.u.i.k.p.i.AbstractProblemLoader Loading environment from /home/runner/work/key/key/key.core/../key.ui/examples/heap/permissions/mulleretal/ReadWrite_doWrite_contract.key.proof 
675888     DEBUG main            d.u.i.k.p.i.AbstractProblemLoader Environment load took 257ns 
675889     INFO  main            d.u.i.k.p.i.AbstractProblemLoader Creating init config 
678440     DEBUG main            d.u.i.k.p.i.AbstractProblemLoader Init config took 2.55s 
678487     INFO  main            d.u.i.k.p.i.AbstractProblemLoader Replaying proof ReadWrite[ReadWrite::doWrite()].JML normal_behavior operation contract.0 
678898     DEBUG main            d.u.i.k.p.i.IntermediateProofReplayer Proof replay took 405.28ms 
678899     DEBUG main            d.u.i.k.p.r.p.TestFile    ... success: reloaded. 
678899     INFO  main            d.u.i.k.p.r.p.TestFile    Now processing file /home/runner/work/key/key/key.core/../key.ui/examples/heap/permissions/mulleretal/ReadWrite_read_contract.key 
678900     INFO  main            d.u.i.k.p.i.AbstractProblemLoader Loading environment from /home/runner/work/key/key/key.core/../key.ui/examples/heap/permissions/mulleretal/ReadWrite_read_contract.key 
678900     DEBUG main            d.u.i.k.p.i.AbstractProblemLoader Environment load took 125ns 
678900     INFO  main            d.u.i.k.p.i.AbstractProblemLoader Creating init config 
681558     DEBUG main            d.u.i.k.p.i.AbstractProblemLoader Init config took 2.66s 
681591     INFO  main            d.u.i.k.p.i.AbstractProblemLoader Replaying proof ReadWrite[ReadWrite::read()].JML normal_behavior operation contract.0 
681593     DEBUG main            d.u.i.k.p.i.IntermediateProofReplayer Proof replay took 3.4ns 
681694     INFO  main            d.u.i.k.p.r.p.TestFile    ... finished proof: closed. 
682216     INFO  main            d.u.i.k.p.i.AbstractProblemLoader Loading environment from /home/runner/work/key/key/key.core/../key.ui/examples/heap/permissions/mulleretal/ReadWrite_read_contract.key.proof 
682216     DEBUG main            d.u.i.k.p.i.AbstractProblemLoader Environment load took 69.1ns 
682217     INFO  main            d.u.i.k.p.i.AbstractProblemLoader Creating init config 
684767     DEBUG main            d.u.i.k.p.i.AbstractProblemLoader Init config took 2.55s 
684802     INFO  main            d.u.i.k.p.i.AbstractProblemLoader Replaying proof ReadWrite[ReadWrite::read()].JML normal_behavior operation contract.0 
684811     DEBUG main            d.u.i.k.p.i.IntermediateProofReplayer Proof replay took 7.03ms 
684812     DEBUG main            d.u.i.k.p.r.p.TestFile    ... success: reloaded. 
684814     INFO  main            d.u.i.k.p.r.p.TestFile    Now processing file /home/runner/work/key/key/key.core/../key.ui/examples/heap/permissions/mulleretal/ReadWrite_write_contract.key 
684814     INFO  main            d.u.i.k.p.i.AbstractProblemLoader Loading environment from /home/runner/work/key/key/key.core/../key.ui/examples/heap/permissions/mulleretal/ReadWrite_write_contract.key 
684814     DEBUG main            d.u.i.k.p.i.AbstractProblemLoader Environment load took 127.7ns 
684815     INFO  main            d.u.i.k.p.i.AbstractProblemLoader Creating init config 
687542     DEBUG main            d.u.i.k.p.i.AbstractProblemLoader Init config took 2.73s 
687574     INFO  main            d.u.i.k.p.i.AbstractProblemLoader Replaying proof ReadWrite[ReadWrite::write()].JML normal_behavior operation contract.0 
687575     DEBUG main            d.u.i.k.p.i.IntermediateProofReplayer Proof replay took 3.4ns 
687776     INFO  main            d.u.i.k.p.r.p.TestFile    ... finished proof: closed. 
688322     INFO  main            d.u.i.k.p.i.AbstractProblemLoader Loading environment from /home/runner/work/key/key/key.core/../key.ui/examples/heap/permissions/mulleretal/ReadWrite_write_contract.key.proof 
688322     DEBUG main            d.u.i.k.p.i.AbstractProblemLoader Environment load took 64.8ns 
688323     INFO  main            d.u.i.k.p.i.AbstractProblemLoader Creating init config 
690871     DEBUG main            d.u.i.k.p.i.AbstractProblemLoader Init config took 2.55s 
690905     INFO  main            d.u.i.k.p.i.AbstractProblemLoader Replaying proof ReadWrite[ReadWrite::write()].JML normal_behavior operation contract.0 
690932     DEBUG main            d.u.i.k.p.i.IntermediateProofReplayer Proof replay took 24.62ms 
690932     DEBUG main            d.u.i.k.p.r.p.TestFile    ... success: reloaded. 
690933     INFO  main            d.u.i.k.p.r.p.TestFile    Now processing file /home/runner/work/key/key/key.core/../key.ui/examples/heap/permissions/mulleretal/ReadWrite_inv1_accessible.key 
690933     INFO  main            d.u.i.k.p.i.AbstractProblemLoader Loading environment from /home/runner/work/key/key/key.core/../key.ui/examples/heap/permissions/mulleretal/ReadWrite_inv1_accessible.key 
690934     DEBUG main            d.u.i.k.p.i.AbstractProblemLoader Environment load took 147.5ns 
690934     INFO  main            d.u.i.k.p.i.AbstractProblemLoader Creating init config 
693673     DEBUG main            d.u.i.k.p.i.AbstractProblemLoader Init config took 2.74s 
693703     INFO  main            d.u.i.k.p.i.AbstractProblemLoader Replaying proof ReadWrite[java.lang.Object::<inv>()].JML accessible clause.0 
693705     DEBUG main            d.u.i.k.p.i.IntermediateProofReplayer Proof replay took 2.4ns 
693806     INFO  main            d.u.i.k.p.r.p.TestFile    ... finished proof: closed. 
694333     INFO  main            d.u.i.k.p.i.AbstractProblemLoader Loading environment from /home/runner/work/key/key/key.core/../key.ui/examples/heap/permissions/mulleretal/ReadWrite_inv1_accessible.key.proof 
694333     DEBUG main            d.u.i.k.p.i.AbstractProblemLoader Environment load took 63.6ns 
694334     INFO  main            d.u.i.k.p.i.AbstractProblemLoader Creating init config 
696889     DEBUG main            d.u.i.k.p.i.AbstractProblemLoader Init config took 2.55s 
696923     INFO  main            d.u.i.k.p.i.AbstractProblemLoader Replaying proof ReadWrite[java.lang.Object::<inv>()].JML accessible clause.0 
696926     DEBUG main            d.u.i.k.p.i.IntermediateProofReplayer Proof replay took 1.61ms 
696926     DEBUG main            d.u.i.k.p.r.p.TestFile    ... success: reloaded. 
696927     INFO  main            d.u.i.k.p.r.p.TestFile    Now processing file /home/runner/work/key/key/key.core/../key.ui/examples/heap/permissions/mulleretal/ReadWrite_inv2_accessible.key 
696927     INFO  main            d.u.i.k.p.i.AbstractProblemLoader Loading environment from /home/runner/work/key/key/key.core/../key.ui/examples/heap/permissions/mulleretal/ReadWrite_inv2_accessible.key 
696928     DEBUG main            d.u.i.k.p.i.AbstractProblemLoader Environment load took 132.5ns 
696928     INFO  main            d.u.i.k.p.i.AbstractProblemLoader Creating init config 
699603     DEBUG main            d.u.i.k.p.i.AbstractProblemLoader Init config took 2.67s 
699633     INFO  main            d.u.i.k.p.i.AbstractProblemLoader Replaying proof ReadWrite[java.lang.Object::<inv>()].JML accessible clause.1 
699634     DEBUG main            d.u.i.k.p.i.IntermediateProofReplayer Proof replay took 2.1ns 
699736     INFO  main            d.u.i.k.p.r.p.TestFile    ... finished proof: closed. 
700275     INFO  main            d.u.i.k.p.i.AbstractProblemLoader Loading environment from /home/runner/work/key/key/key.core/../key.ui/examples/heap/permissions/mulleretal/ReadWrite_inv2_accessible.key.proof 
700275     DEBUG main            d.u.i.k.p.i.AbstractProblemLoader Environment load took 63.5ns 
700276     INFO  main            d.u.i.k.p.i.AbstractProblemLoader Creating init config 
702824     DEBUG main            d.u.i.k.p.i.AbstractProblemLoader Init config took 2.55s 
702858     INFO  main            d.u.i.k.p.i.AbstractProblemLoader Replaying proof ReadWrite[java.lang.Object::<inv>()].JML accessible clause.1 
702861     DEBUG main            d.u.i.k.p.i.IntermediateProofReplayer Proof replay took 1.61ms 
702862     DEBUG main            d.u.i.k.p.r.p.TestFile    ... success: reloaded. 
702863     INFO  main            d.u.i.k.p.r.p.TestFile    Now processing file /home/runner/work/key/key/key.core/../key.ui/examples/heap/permissions/lockspec/Counter_lockConsistent_contract.key 
702863     INFO  main            d.u.i.k.p.i.AbstractProblemLoader Loading environment from /home/runner/work/key/key/key.core/../key.ui/examples/heap/permissions/lockspec/Counter_lockConsistent_contract.key 
702863     DEBUG main            d.u.i.k.p.i.AbstractProblemLoader Environment load took 216ns 
702864     INFO  main            d.u.i.k.p.i.AbstractProblemLoader Creating init config 
706092     DEBUG main            d.u.i.k.p.i.AbstractProblemLoader Init config took 3.23s 
706155     INFO  main            d.u.i.k.p.i.AbstractProblemLoader Replaying proof Counter[LockSpec::lockConsistent()].JML model_behavior operation contract.0 
706164     DEBUG main            d.u.i.k.p.i.IntermediateProofReplayer Proof replay took 4ns 
707073     INFO  main            d.u.i.k.p.r.p.TestFile    ... finished proof: closed. 
707643     INFO  main            d.u.i.k.p.i.AbstractProblemLoader Loading environment from /home/runner/work/key/key/key.core/../key.ui/examples/heap/permissions/lockspec/Counter_lockConsistent_contract.key.proof 
707644     DEBUG main            d.u.i.k.p.i.AbstractProblemLoader Environment load took 71.7ns 
707644     INFO  main            d.u.i.k.p.i.AbstractProblemLoader Creating init config 
710695     DEBUG main            d.u.i.k.p.i.AbstractProblemLoader Init config took 3.05s 
710745     INFO  main            d.u.i.k.p.i.AbstractProblemLoader Replaying proof Counter[LockSpec::lockConsistent()].JML model_behavior operation contract.0 
710915     DEBUG main            d.u.i.k.p.i.IntermediateProofReplayer Proof replay took 164.05ms 
710916     DEBUG main            d.u.i.k.p.r.p.TestFile    ... success: reloaded. 
710917     INFO  main            d.u.i.k.p.r.p.TestFile    Now processing file /home/runner/work/key/key/key.core/../key.ui/examples/heap/permissions/lockspec/Counter_increase_contract.key 
710917     INFO  main            d.u.i.k.p.i.AbstractProblemLoader Loading environment from /home/runner/work/key/key/key.core/../key.ui/examples/heap/permissions/lockspec/Counter_increase_contract.key 
710917     DEBUG main            d.u.i.k.p.i.AbstractProblemLoader Environment load took 124.5ns 
710918     INFO  main            d.u.i.k.p.i.AbstractProblemLoader Creating init config 
714026     DEBUG main            d.u.i.k.p.i.AbstractProblemLoader Init config took 3.11s 
714111     INFO  main            d.u.i.k.p.i.AbstractProblemLoader Replaying proof Counter[Counter::increase()].JML normal_behavior operation contract.0 
714122     DEBUG main            d.u.i.k.p.i.IntermediateProofReplayer Proof replay took 3.3ns 
715656     INFO  main            d.u.i.k.p.r.p.TestFile    ... finished proof: closed. 
716223     INFO  main            d.u.i.k.p.i.AbstractProblemLoader Loading environment from /home/runner/work/key/key/key.core/../key.ui/examples/heap/permissions/lockspec/Counter_increase_contract.key.proof 
716223     DEBUG main            d.u.i.k.p.i.AbstractProblemLoader Environment load took 325.6ns 
716224     INFO  main            d.u.i.k.p.i.AbstractProblemLoader Creating init config 
719260     DEBUG main            d.u.i.k.p.i.AbstractProblemLoader Init config took 3.04s 
719315     INFO  main            d.u.i.k.p.i.AbstractProblemLoader Replaying proof Counter[Counter::increase()].JML normal_behavior operation contract.0 
719645     DEBUG main            d.u.i.k.p.i.IntermediateProofReplayer Proof replay took 316.78ms 
719647     DEBUG main            d.u.i.k.p.r.p.TestFile    ... success: reloaded. 
719648     INFO  main            d.u.i.k.p.r.p.TestFile    Now processing file /home/runner/work/key/key/key.core/../key.ui/examples/heap/permissions/lockspec/Counter_fp_accessible.key 
719648     INFO  main            d.u.i.k.p.i.AbstractProblemLoader Loading environment from /home/runner/work/key/key/key.core/../key.ui/examples/heap/permissions/lockspec/Counter_fp_accessible.key 
719648     DEBUG main            d.u.i.k.p.i.AbstractProblemLoader Environment load took 122.6ns 
719649     INFO  main            d.u.i.k.p.i.AbstractProblemLoader Creating init config 
722628     DEBUG main            d.u.i.k.p.i.AbstractProblemLoader Init config took 2.98s 
722675     INFO  main            d.u.i.k.p.i.AbstractProblemLoader Replaying proof Counter[LockSpec::fp()].JML accessible clause.0 
722676     DEBUG main            d.u.i.k.p.i.IntermediateProofReplayer Proof replay took 3.3ns 
722777     INFO  main            d.u.i.k.p.r.p.TestFile    ... finished proof: closed. 
723336     INFO  main            d.u.i.k.p.i.AbstractProblemLoader Loading environment from /home/runner/work/key/key/key.core/../key.ui/examples/heap/permissions/lockspec/Counter_fp_accessible.key.proof 
723336     DEBUG main            d.u.i.k.p.i.AbstractProblemLoader Environment load took 63.2ns 
723337     INFO  main            d.u.i.k.p.i.AbstractProblemLoader Creating init config 
726216     DEBUG main            d.u.i.k.p.i.AbstractProblemLoader Init config took 2.88s 
726264     INFO  main            d.u.i.k.p.i.AbstractProblemLoader Replaying proof Counter[LockSpec::fp()].JML accessible clause.0 
726271     DEBUG main            d.u.i.k.p.i.IntermediateProofReplayer Proof replay took 6.76ms 
726272     DEBUG main            d.u.i.k.p.r.p.TestFile    ... success: reloaded. 
726273     INFO  main            d.u.i.k.p.r.p.TestFile    Now processing file /home/runner/work/key/key/key.core/../key.ui/examples/heap/permissions/lockspec/Counter_fpLock_accessible.key 
726273     INFO  main            d.u.i.k.p.i.AbstractProblemLoader Loading environment from /home/runner/work/key/key/key.core/../key.ui/examples/heap/permissions/lockspec/Counter_fpLock_accessible.key 
726273     DEBUG main            d.u.i.k.p.i.AbstractProblemLoader Environment load took 79.9ns 
726273     INFO  main            d.u.i.k.p.i.AbstractProblemLoader Creating init config 
729184     DEBUG main            d.u.i.k.p.i.AbstractProblemLoader Init config took 2.91s 
729232     INFO  main            d.u.i.k.p.i.AbstractProblemLoader Replaying proof Counter[LockSpec::fpLock()].JML accessible clause.0 
729233     DEBUG main            d.u.i.k.p.i.IntermediateProofReplayer Proof replay took 3.4ns 
729334     INFO  main            d.u.i.k.p.r.p.TestFile    ... finished proof: closed. 
729903     INFO  main            d.u.i.k.p.i.AbstractProblemLoader Loading environment from /home/runner/work/key/key/key.core/../key.ui/examples/heap/permissions/lockspec/Counter_fpLock_accessible.key.proof 
729903     DEBUG main            d.u.i.k.p.i.AbstractProblemLoader Environment load took 64.8ns 
729904     INFO  main            d.u.i.k.p.i.AbstractProblemLoader Creating init config 
732783     DEBUG main            d.u.i.k.p.i.AbstractProblemLoader Init config took 2.88s 
732831     INFO  main            d.u.i.k.p.i.AbstractProblemLoader Replaying proof Counter[LockSpec::fpLock()].JML accessible clause.0 
732839     DEBUG main            d.u.i.k.p.i.IntermediateProofReplayer Proof replay took 7.06ms 
732840     DEBUG main            d.u.i.k.p.r.p.TestFile    ... success: reloaded. 
732840     INFO  main            d.u.i.k.p.r.p.TestFile    Now processing file /home/runner/work/key/key/key.core/../key.ui/examples/heap/permissions/lockspec/Counter_fpPerm_accessible.key 
732840     INFO  main            d.u.i.k.p.i.AbstractProblemLoader Loading environment from /home/runner/work/key/key/key.core/../key.ui/examples/heap/permissions/lockspec/Counter_fpPerm_accessible.key 
732840     DEBUG main            d.u.i.k.p.i.AbstractProblemLoader Environment load took 93.4ns 
732841     INFO  main            d.u.i.k.p.i.AbstractProblemLoader Creating init config 
735748     DEBUG main            d.u.i.k.p.i.AbstractProblemLoader Init config took 2.91s 
735797     INFO  main            d.u.i.k.p.i.AbstractProblemLoader Replaying proof Counter[LockSpec::fpPerm()].JML accessible clause.0 
735798     DEBUG main            d.u.i.k.p.i.IntermediateProofReplayer Proof replay took 2.8ns 
735899     INFO  main            d.u.i.k.p.r.p.TestFile    ... finished proof: closed. 
736479     INFO  main            d.u.i.k.p.i.AbstractProblemLoader Loading environment from /home/runner/work/key/key/key.core/../key.ui/examples/heap/permissions/lockspec/Counter_fpPerm_accessible.key.proof 
736479     DEBUG main            d.u.i.k.p.i.AbstractProblemLoader Environment load took 65.7ns 
736480     INFO  main            d.u.i.k.p.i.AbstractProblemLoader Creating init config 
739369     DEBUG main            d.u.i.k.p.i.AbstractProblemLoader Init config took 2.89s 
739417     INFO  main            d.u.i.k.p.i.AbstractProblemLoader Replaying proof Counter[LockSpec::fpPerm()].JML accessible clause.0 
739425     DEBUG main            d.u.i.k.p.i.IntermediateProofReplayer Proof replay took 6.25ms 
739426     DEBUG main            d.u.i.k.p.r.p.TestFile    ... success: reloaded. 
739426     INFO  main            d.u.i.k.p.r.p.TestFile    Now processing file /home/runner/work/key/key/key.core/../key.ui/examples/heap/permissions/lockspec/Counter_inv_accessible1.key 
739426     INFO  main            d.u.i.k.p.i.AbstractProblemLoader Loading environment from /home/runner/work/key/key/key.core/../key.ui/examples/heap/permissions/lockspec/Counter_inv_accessible1.key 
739426     DEBUG main            d.u.i.k.p.i.AbstractProblemLoader Environment load took 38.6ns 
739427     INFO  main            d.u.i.k.p.i.AbstractProblemLoader Creating init config 
742346     DEBUG main            d.u.i.k.p.i.AbstractProblemLoader Init config took 2.92s 
742394     INFO  main            d.u.i.k.p.i.AbstractProblemLoader Replaying proof Counter[java.lang.Object::<inv>()].JML accessible clause.0 
742395     DEBUG main            d.u.i.k.p.i.IntermediateProofReplayer Proof replay took 2.9ns 
742496     INFO  main            d.u.i.k.p.r.p.TestFile    ... finished proof: closed. 
743152     INFO  main            d.u.i.k.p.i.AbstractProblemLoader Loading environment from /home/runner/work/key/key/key.core/../key.ui/examples/heap/permissions/lockspec/Counter_inv_accessible1.key.proof 
743152     DEBUG main            d.u.i.k.p.i.AbstractProblemLoader Environment load took 63.2ns 
743153     INFO  main            d.u.i.k.p.i.AbstractProblemLoader Creating init config 
746035     DEBUG main            d.u.i.k.p.i.AbstractProblemLoader Init config took 2.88s 
746083     INFO  main            d.u.i.k.p.i.AbstractProblemLoader Replaying proof Counter[java.lang.Object::<inv>()].JML accessible clause.0 
746093     DEBUG main            d.u.i.k.p.i.IntermediateProofReplayer Proof replay took 8.44ms 
746093     DEBUG main            d.u.i.k.p.r.p.TestFile    ... success: reloaded. 
746094     INFO  main            d.u.i.k.p.r.p.TestFile    Now processing file /home/runner/work/key/key/key.core/../key.ui/examples/heap/permissions/lockspec/Counter_inv_accessible2.key 
746094     INFO  main            d.u.i.k.p.i.AbstractProblemLoader Loading environment from /home/runner/work/key/key/key.core/../key.ui/examples/heap/permissions/lockspec/Counter_inv_accessible2.key 
746094     DEBUG main            d.u.i.k.p.i.AbstractProblemLoader Environment load took 36.4ns 
746095     INFO  main            d.u.i.k.p.i.AbstractProblemLoader Creating init config 
749002     DEBUG main            d.u.i.k.p.i.AbstractProblemLoader Init config took 2.91s 
749064     INFO  main            d.u.i.k.p.i.AbstractProblemLoader Replaying proof Counter[java.lang.Object::<inv>()].JML accessible clause.1 
749065     DEBUG main            d.u.i.k.p.i.IntermediateProofReplayer Proof replay took 2.4ns 
749166     INFO  main            d.u.i.k.p.r.p.TestFile    ... finished proof: closed. 
749757     INFO  main            d.u.i.k.p.i.AbstractProblemLoader Loading environment from /home/runner/work/key/key/key.core/../key.ui/examples/heap/permissions/lockspec/Counter_inv_accessible2.key.proof 
749757     DEBUG main            d.u.i.k.p.i.AbstractProblemLoader Environment load took 63.1ns 
749757     INFO  main            d.u.i.k.p.i.AbstractProblemLoader Creating init config 
752641     DEBUG main            d.u.i.k.p.i.AbstractProblemLoader Init config took 2.88s 
752689     INFO  main            d.u.i.k.p.i.AbstractProblemLoader Replaying proof Counter[java.lang.Object::<inv>()].JML accessible clause.1 
752699     DEBUG main            d.u.i.k.p.i.IntermediateProofReplayer Proof replay took 8.25ms 
752699     DEBUG main            d.u.i.k.p.r.p.TestFile    ... success: reloaded. 
752700     INFO  main            d.u.i.k.p.r.p.TestFile    Now processing file /home/runner/work/key/key/key.core/../key.ui/examples/heap/permissions/lockspec/Counter_lockRef_accessible.key 
752700     INFO  main            d.u.i.k.p.i.AbstractProblemLoader Loading environment from /home/runner/work/key/key/key.core/../key.ui/examples/heap/permissions/lockspec/Counter_lockRef_accessible.key 
752700     DEBUG main            d.u.i.k.p.i.AbstractProblemLoader Environment load took 37.4ns 
752700     INFO  main            d.u.i.k.p.i.AbstractProblemLoader Creating init config 
755629     DEBUG main            d.u.i.k.p.i.AbstractProblemLoader Init config took 2.93s 
755676     INFO  main            d.u.i.k.p.i.AbstractProblemLoader Replaying proof Counter[LockSpec::lockRef()].JML accessible clause.0 
755677     DEBUG main            d.u.i.k.p.i.IntermediateProofReplayer Proof replay took 2.3ns 
755879     INFO  main            d.u.i.k.p.r.p.TestFile    ... finished proof: closed. 
756471     INFO  main            d.u.i.k.p.i.AbstractProblemLoader Loading environment from /home/runner/work/key/key/key.core/../key.ui/examples/heap/permissions/lockspec/Counter_lockRef_accessible.key.proof 
756471     DEBUG main            d.u.i.k.p.i.AbstractProblemLoader Environment load took 66.6ns 
756472     INFO  main            d.u.i.k.p.i.AbstractProblemLoader Creating init config 
759352     DEBUG main            d.u.i.k.p.i.AbstractProblemLoader Init config took 2.88s 
759400     INFO  main            d.u.i.k.p.i.AbstractProblemLoader Replaying proof Counter[LockSpec::lockRef()].JML accessible clause.0 
759430     DEBUG main            d.u.i.k.p.i.IntermediateProofReplayer Proof replay took 28.83ms 
759431     DEBUG main            d.u.i.k.p.r.p.TestFile    ... success: reloaded. 
759432     INFO  main            d.u.i.k.p.r.p.TestFile    Now processing file /home/runner/work/key/key/key.core/../key.ui/examples/heap/permissions/lockspec/Counter_lockRef_contract1.key 
759432     INFO  main            d.u.i.k.p.i.AbstractProblemLoader Loading environment from /home/runner/work/key/key/key.core/../key.ui/examples/heap/permissions/lockspec/Counter_lockRef_contract1.key 
759432     DEBUG main            d.u.i.k.p.i.AbstractProblemLoader Environment load took 76ns 
759433     INFO  main            d.u.i.k.p.i.AbstractProblemLoader Creating init config 
762359     DEBUG main            d.u.i.k.p.i.AbstractProblemLoader Init config took 2.93s 
762407     INFO  main            d.u.i.k.p.i.AbstractProblemLoader Replaying proof Counter[LockSpec::lockRef()].JML model_behavior operation contract.0 
762408     DEBUG main            d.u.i.k.p.i.IntermediateProofReplayer Proof replay took 2.8ns 
762509     INFO  main            d.u.i.k.p.r.p.TestFile    ... finished proof: closed. 
763101     INFO  main            d.u.i.k.p.i.AbstractProblemLoader Loading environment from /home/runner/work/key/key/key.core/../key.ui/examples/heap/permissions/lockspec/Counter_lockRef_contract1.key.proof 
763101     DEBUG main            d.u.i.k.p.i.AbstractProblemLoader Environment load took 79.4ns 
763102     INFO  main            d.u.i.k.p.i.AbstractProblemLoader Creating init config 
766072     DEBUG main            d.u.i.k.p.i.AbstractProblemLoader Init config took 2.97s 
766127     INFO  main            d.u.i.k.p.i.AbstractProblemLoader Replaying proof Counter[LockSpec::lockRef()].JML model_behavior operation contract.0 
766132     DEBUG main            d.u.i.k.p.i.IntermediateProofReplayer Proof replay took 3.6ms 
766133     DEBUG main            d.u.i.k.p.r.p.TestFile    ... success: reloaded. 
766133     INFO  main            d.u.i.k.p.r.p.TestFile    Now processing file /home/runner/work/key/key/key.core/../key.ui/examples/heap/permissions/lockspec/Counter_lockRef_contract2.key 
766134     INFO  main            d.u.i.k.p.i.AbstractProblemLoader Loading environment from /home/runner/work/key/key/key.core/../key.ui/examples/heap/permissions/lockspec/Counter_lockRef_contract2.key 
766134     DEBUG main            d.u.i.k.p.i.AbstractProblemLoader Environment load took 135.5ns 
766135     INFO  main            d.u.i.k.p.i.AbstractProblemLoader Creating init config 
769184     DEBUG main            d.u.i.k.p.i.AbstractProblemLoader Init config took 3.05s 
769236     INFO  main            d.u.i.k.p.i.AbstractProblemLoader Replaying proof Counter[Counter::lockRef()].JML model_behavior operation contract.0 
769237     DEBUG main            d.u.i.k.p.i.IntermediateProofReplayer Proof replay took 2.4ns 
769338     INFO  main            d.u.i.k.p.r.p.TestFile    ... finished proof: closed. 
769931     INFO  main            d.u.i.k.p.i.AbstractProblemLoader Loading environment from /home/runner/work/key/key/key.core/../key.ui/examples/heap/permissions/lockspec/Counter_lockRef_contract2.key.proof 
769931     DEBUG main            d.u.i.k.p.i.AbstractProblemLoader Environment load took 62.3ns 
769932     INFO  main            d.u.i.k.p.i.AbstractProblemLoader Creating init config 
772880     DEBUG main            d.u.i.k.p.i.AbstractProblemLoader Init config took 2.95s 
772968     INFO  main            d.u.i.k.p.i.AbstractProblemLoader Replaying proof Counter[Counter::lockRef()].JML model_behavior operation contract.0 
772973     DEBUG main            d.u.i.k.p.i.IntermediateProofReplayer Proof replay took 3.59ms 
772974     DEBUG main            d.u.i.k.p.r.p.TestFile    ... success: reloaded. 
772975     INFO  main            d.u.i.k.p.r.p.TestFile    Now processing file /home/runner/work/key/key/key.core/../key.ui/examples/heap/permissions/lockspec/Counter_lockState_accessible.key 
772975     INFO  main            d.u.i.k.p.i.AbstractProblemLoader Loading environment from /home/runner/work/key/key/key.core/../key.ui/examples/heap/permissions/lockspec/Counter_lockState_accessible.key 
772975     DEBUG main            d.u.i.k.p.i.AbstractProblemLoader Environment load took 136.8ns 
772976     INFO  main            d.u.i.k.p.i.AbstractProblemLoader Creating init config 
776165     DEBUG main            d.u.i.k.p.i.AbstractProblemLoader Init config took 3.19s 
776213     INFO  main            d.u.i.k.p.i.AbstractProblemLoader Replaying proof Counter[LockSpec::lockState(boolean)].JML accessible clause.0 
776214     DEBUG main            d.u.i.k.p.i.IntermediateProofReplayer Proof replay took 2.3ns 
776516     INFO  main            d.u.i.k.p.r.p.TestFile    ... finished proof: closed. 
777118     INFO  main            d.u.i.k.p.i.AbstractProblemLoader Loading environment from /home/runner/work/key/key/key.core/../key.ui/examples/heap/permissions/lockspec/Counter_lockState_accessible.key.proof 
777118     DEBUG main            d.u.i.k.p.i.AbstractProblemLoader Environment load took 65.6ns 
777119     INFO  main            d.u.i.k.p.i.AbstractProblemLoader Creating init config 
780223     DEBUG main            d.u.i.k.p.i.AbstractProblemLoader Init config took 3.1s 
780277     INFO  main            d.u.i.k.p.i.AbstractProblemLoader Replaying proof Counter[LockSpec::lockState(boolean)].JML accessible clause.0 
780342     DEBUG main            d.u.i.k.p.i.IntermediateProofReplayer Proof replay took 60.86ms 
780342     DEBUG main            d.u.i.k.p.r.p.TestFile    ... success: reloaded. 
780343     INFO  main            d.u.i.k.p.r.p.TestFile    Now processing file /home/runner/work/key/key/key.core/../key.ui/examples/heap/permissions/lockspec/Counter_lockStatus_accessible.key 
780345     INFO  main            d.u.i.k.p.i.AbstractProblemLoader Loading environment from /home/runner/work/key/key/key.core/../key.ui/examples/heap/permissions/lockspec/Counter_lockStatus_accessible.key 
780345     DEBUG main            d.u.i.k.p.i.AbstractProblemLoader Environment load took 160.5ns 
780346     INFO  main            d.u.i.k.p.i.AbstractProblemLoader Creating init config 
783417     DEBUG main            d.u.i.k.p.i.AbstractProblemLoader Init config took 3.07s 
783465     INFO  main            d.u.i.k.p.i.AbstractProblemLoader Replaying proof Counter[LockSpec::lockStatus(boolean)].JML accessible clause.0 
783466     DEBUG main            d.u.i.k.p.i.IntermediateProofReplayer Proof replay took 2.2ns 
783568     INFO  main            d.u.i.k.p.r.p.TestFile    ... finished proof: closed. 
784168     INFO  main            d.u.i.k.p.i.AbstractProblemLoader Loading environment from /home/runner/work/key/key/key.core/../key.ui/examples/heap/permissions/lockspec/Counter_lockStatus_accessible.key.proof 
784168     DEBUG main            d.u.i.k.p.i.AbstractProblemLoader Environment load took 66.1ns 
784169     INFO  main            d.u.i.k.p.i.AbstractProblemLoader Creating init config 
787128     DEBUG main            d.u.i.k.p.i.AbstractProblemLoader Init config took 2.96s 
787183     INFO  main            d.u.i.k.p.i.AbstractProblemLoader Replaying proof Counter[LockSpec::lockStatus(boolean)].JML accessible clause.0 
787204     DEBUG main            d.u.i.k.p.i.IntermediateProofReplayer Proof replay took 18.94ms 
787205     DEBUG main            d.u.i.k.p.r.p.TestFile    ... success: reloaded. 
787205     INFO  main            d.u.i.k.p.r.p.TestFile    Now processing file /home/runner/work/key/key/key.core/../key.ui/examples/heap/permissions/lockspec/Counter_lockTransfer_accessible.key 
787205     INFO  main            d.u.i.k.p.i.AbstractProblemLoader Loading environment from /home/runner/work/key/key/key.core/../key.ui/examples/heap/permissions/lockspec/Counter_lockTransfer_accessible.key 
787205     DEBUG main            d.u.i.k.p.i.AbstractProblemLoader Environment load took 64.9ns 
787206     INFO  main            d.u.i.k.p.i.AbstractProblemLoader Creating init config 
790318     DEBUG main            d.u.i.k.p.i.AbstractProblemLoader Init config took 3.11s 
790370     INFO  main            d.u.i.k.p.i.AbstractProblemLoader Replaying proof Counter[LockSpec::lockTransfer()].JML accessible clause.0 
790371     DEBUG main            d.u.i.k.p.i.IntermediateProofReplayer Proof replay took 3.1ns 
790673     INFO  main            d.u.i.k.p.r.p.TestFile    ... finished proof: closed. 
791285     INFO  main            d.u.i.k.p.i.AbstractProblemLoader Loading environment from /home/runner/work/key/key/key.core/../key.ui/examples/heap/permissions/lockspec/Counter_lockTransfer_accessible.key.proof 
791285     DEBUG main            d.u.i.k.p.i.AbstractProblemLoader Environment load took 65.8ns 
791285     INFO  main            d.u.i.k.p.i.AbstractProblemLoader Creating init config 
794290     DEBUG main            d.u.i.k.p.i.AbstractProblemLoader Init config took 3s 
794344     INFO  main            d.u.i.k.p.i.AbstractProblemLoader Replaying proof Counter[LockSpec::lockTransfer()].JML accessible clause.0 
794403     DEBUG main            d.u.i.k.p.i.IntermediateProofReplayer Proof replay took 55.51ms 
794403     DEBUG main            d.u.i.k.p.r.p.TestFile    ... success: reloaded. 
794404     INFO  main            d.u.i.k.p.r.p.TestFile    Now processing file /home/runner/work/key/key/key.core/../key.ui/examples/heap/permissions/lockspec/Counter_unlockTransfer_accessible.key 
794405     INFO  main            d.u.i.k.p.i.AbstractProblemLoader Loading environment from /home/runner/work/key/key/key.core/../key.ui/examples/heap/permissions/lockspec/Counter_unlockTransfer_accessible.key 
794405     DEBUG main            d.u.i.k.p.i.AbstractProblemLoader Environment load took 140.3ns 
794406     INFO  main            d.u.i.k.p.i.AbstractProblemLoader Creating init config 
797440     DEBUG main            d.u.i.k.p.i.AbstractProblemLoader Init config took 3.03s 
797488     INFO  main            d.u.i.k.p.i.AbstractProblemLoader Replaying proof Counter[LockSpec::unlockTransfer()].JML accessible clause.0 
797489     DEBUG main            d.u.i.k.p.i.IntermediateProofReplayer Proof replay took 2.4ns 
797792     INFO  main            d.u.i.k.p.r.p.TestFile    ... finished proof: closed. 
798418     INFO  main            d.u.i.k.p.i.AbstractProblemLoader Loading environment from /home/runner/work/key/key/key.core/../key.ui/examples/heap/permissions/lockspec/Counter_unlockTransfer_accessible.key.proof 
798418     DEBUG main            d.u.i.k.p.i.AbstractProblemLoader Environment load took 70.3ns 
798418     INFO  main            d.u.i.k.p.i.AbstractProblemLoader Creating init config 
801379     DEBUG main            d.u.i.k.p.i.AbstractProblemLoader Init config took 2.96s 
801435     INFO  main            d.u.i.k.p.i.AbstractProblemLoader Replaying proof Counter[LockSpec::unlockTransfer()].JML accessible clause.0 
801498     DEBUG main            d.u.i.k.p.i.IntermediateProofReplayer Proof replay took 60.3ms 
801499     DEBUG main            d.u.i.k.p.r.p.TestFile    ... success: reloaded. 
801500     INFO  main            d.u.i.k.p.r.p.TestFile    Now processing file /home/runner/work/key/key/key.core/../key.ui/examples/heap/permissions/threads/Plotter_startTransfer_contract.proof 
801500     INFO  main            d.u.i.k.p.i.AbstractProblemLoader Loading environment from /home/runner/work/key/key/key.core/../key.ui/examples/heap/permissions/threads/Plotter_startTransfer_contract.proof 
801500     DEBUG main            d.u.i.k.p.i.AbstractProblemLoader Environment load took 128.4ns 
801501     INFO  main            d.u.i.k.p.i.AbstractProblemLoader Creating init config 
806092     DEBUG main            d.u.i.k.p.i.AbstractProblemLoader Init config took 4.59s 
806188     INFO  main            d.u.i.k.p.i.AbstractProblemLoader Replaying proof Plotter[ThreadSpec2::startTransfer()].JML model_behavior operation contract.0 
806307     DEBUG main            d.u.i.k.p.i.IntermediateProofReplayer Proof replay took 110.97ms 
806308     INFO  main            d.u.i.k.p.r.p.TestFile    ... success: loaded 
806309     INFO  main            d.u.i.k.p.r.p.TestFile    Now processing file /home/runner/work/key/key/key.core/../key.ui/examples/heap/permissions/threads/Plotter_startTransfer_accessible.proof 
806309     INFO  main            d.u.i.k.p.i.AbstractProblemLoader Loading environment from /home/runner/work/key/key/key.core/../key.ui/examples/heap/permissions/threads/Plotter_startTransfer_accessible.proof 
806309     DEBUG main            d.u.i.k.p.i.AbstractProblemLoader Environment load took 185.6ns 
806310     INFO  main            d.u.i.k.p.i.AbstractProblemLoader Creating init config 
810912     DEBUG main            d.u.i.k.p.i.AbstractProblemLoader Init config took 4.6s 
810988     INFO  main            d.u.i.k.p.i.AbstractProblemLoader Replaying proof Plotter[ThreadSpec2::startTransfer()].JML accessible clause.0 
811068     DEBUG main            d.u.i.k.p.i.IntermediateProofReplayer Proof replay took 76.82ms 
811068     INFO  main            d.u.i.k.p.r.p.TestFile    ... success: loaded 
811069     INFO  main            d.u.i.k.p.r.p.TestFile    Now processing file /home/runner/work/key/key/key.core/../key.ui/examples/heap/permissions/threads/Plotter_joinTransfer_accessible.proof 
811069     INFO  main            d.u.i.k.p.i.AbstractProblemLoader Loading environment from /home/runner/work/key/key/key.core/../key.ui/examples/heap/permissions/threads/Plotter_joinTransfer_accessible.proof 
811069     DEBUG main            d.u.i.k.p.i.AbstractProblemLoader Environment load took 60.3ns 
811070     INFO  main            d.u.i.k.p.i.AbstractProblemLoader Creating init config 
815733     DEBUG main            d.u.i.k.p.i.AbstractProblemLoader Init config took 4.66s 
815820     INFO  main            d.u.i.k.p.i.AbstractProblemLoader Replaying proof Plotter[ThreadSpec2::joinTransfer()].JML accessible clause.0 
815827     WARN  main            d.u.i.k.p.i.IntermediateProofReplayer Proof contains wrong number of \assumes instatiations for Definition_axiom_for_stateInv_in_Plotter 
815830     WARN  main            d.u.i.k.p.i.IntermediateProofReplayer Proof contains wrong number of \assumes instatiations for Definition_axiom_for_stateInv_in_Plotter 
815832     WARN  main            d.u.i.k.p.i.IntermediateProofReplayer Proof contains wrong number of \assumes instatiations for Definition_axiom_for_workingPermissions_in_Plotter 
815833     WARN  main            d.u.i.k.p.i.IntermediateProofReplayer Proof contains wrong number of \assumes instatiations for Definition_axiom_for_staticPermissions_in_Plotter 
815833     WARN  main            d.u.i.k.p.i.IntermediateProofReplayer Proof contains wrong number of \assumes instatiations for Definition_axiom_for_joinTransfer_in_Plotter 
815843     WARN  main            d.u.i.k.p.i.IntermediateProofReplayer Proof contains wrong number of \assumes instatiations for Definition_axiom_for_stateInv_in_BFilter 
815845     WARN  main            d.u.i.k.p.i.IntermediateProofReplayer Proof contains wrong number of \assumes instatiations for Definition_axiom_for_stateInv_in_AFilter 
815850     WARN  main            d.u.i.k.p.i.IntermediateProofReplayer Proof contains wrong number of \assumes instatiations for Definition_axiom_for_stateInv_in_BFilter 
815876     WARN  main            d.u.i.k.p.i.IntermediateProofReplayer Proof contains wrong number of \assumes instatiations for Definition_axiom_for_stateInv_in_AFilter 
815877     WARN  main            d.u.i.k.p.i.IntermediateProofReplayer Proof contains wrong number of \assumes instatiations for Definition_axiom_for_staticPermissions_in_AFilter 
815878     WARN  main            d.u.i.k.p.i.IntermediateProofReplayer Proof contains wrong number of \assumes instatiations for Definition_axiom_for_staticPermissions_in_Plotter 
815879     WARN  main            d.u.i.k.p.i.IntermediateProofReplayer Proof contains wrong number of \assumes instatiations for Definition_axiom_for_staticPermissions_in_BFilter 
815880     WARN  main            d.u.i.k.p.i.IntermediateProofReplayer Proof contains wrong number of \assumes instatiations for Definition_axiom_for_workingPermissions_in_Plotter 
815881     WARN  main            d.u.i.k.p.i.IntermediateProofReplayer Proof contains wrong number of \assumes instatiations for Definition_axiom_for_stateInv_in_Sampler 
815882     WARN  main            d.u.i.k.p.i.IntermediateProofReplayer Proof contains wrong number of \assumes instatiations for Definition_axiom_for_stateInv_in_Sampler 
815882     WARN  main            d.u.i.k.p.i.IntermediateProofReplayer Proof contains wrong number of \assumes instatiations for Definition_axiom_for_staticPermissions_in_Sampler 
815883     WARN  main            d.u.i.k.p.i.IntermediateProofReplayer Proof contains wrong number of \assumes instatiations for Definition_axiom_for_staticPermissions_in_BFilter 
815884     WARN  main            d.u.i.k.p.i.IntermediateProofReplayer Proof contains wrong number of \assumes instatiations for Definition_axiom_for_staticPermissions_in_AFilter 
815884     WARN  main            d.u.i.k.p.i.IntermediateProofReplayer Proof contains wrong number of \assumes instatiations for Definition_axiom_for_staticPermissions_in_Sampler 
815885     WARN  main            d.u.i.k.p.i.IntermediateProofReplayer Proof contains wrong number of \assumes instatiations for Definition_axiom_for_staticPermissions_in_Sampler 
815886     WARN  main            d.u.i.k.p.i.IntermediateProofReplayer Proof contains wrong number of \assumes instatiations for Definition_axiom_for_staticPermissions_in_Sampler 
815886     WARN  main            d.u.i.k.p.i.IntermediateProofReplayer Proof contains wrong number of \assumes instatiations for Definition_axiom_for_joinTransfer_in_Plotter 
815976     DEBUG main            d.u.i.k.p.i.IntermediateProofReplayer Proof replay took 152.69ms 
815981     INFO  main            d.u.i.k.p.r.p.TestFile    ... success: loaded 
4826816    INFO  Test worker     d.u.i.k.p.r.RunAllProofsTestUnit Returning from test permissionHeap 
4826817    INFO  Test worker     d.u.i.k.p.r.RunAllProofsTestUnit Running test completionScopes 
351        INFO  Timeout watchdog d.u.i.k.p.r.p.ForkedTestFileRunner Timeout watcher launched (2000 secs.) 
357        WARN  main            d.u.i.k.s.ProofSettings   The settings in /home/runner/.key/proof-settings.props are *not* read. 
392        INFO  main            d.u.i.k.p.r.p.TestFile    Now processing file /home/runner/work/key/key/key.core/../key.ui/examples/completionscopes/testCcatchReturnVal.key 
507        INFO  main            d.u.i.k.p.i.AbstractProblemLoader Loading environment from /home/runner/work/key/key/key.core/../key.ui/examples/completionscopes/testCcatchReturnVal.key 
523        DEBUG main            d.u.i.k.p.i.AbstractProblemLoader Environment load took 1.93ms 
736        INFO  main            d.u.i.k.p.i.AbstractProblemLoader Creating init config 
1638       DEBUG main            d.u.i.k.j.TypeConverter   No LDT found for Meta 
1639       DEBUG main            d.u.i.k.j.TypeConverter   No LDT found for Meta 
1642       DEBUG main            d.u.i.k.j.TypeConverter   No LDT found for Meta 
1642       DEBUG main            d.u.i.k.j.TypeConverter   No LDT found for Meta 
3172       DEBUG main            d.u.i.k.j.TypeConverter   No LDT found for JavaBigintExpression 
7692       DEBUG main            d.u.i.k.p.i.AbstractProblemLoader Init config took 6.96s 
7865       INFO  main            d.u.i.k.p.i.AbstractProblemLoader Replaying proof CompletionScopes[CompletionScopes::testCcatchReturnVal()].JML normal_behavior operation contract.0 
7895       DEBUG main            d.u.i.k.p.i.IntermediateProofReplayer Proof replay took 33.5ns 
8339       INFO  main            d.u.i.k.p.r.p.TestFile    ... finished proof: closed. 
8434       INFO  main            d.u.i.k.p.i.AbstractProblemLoader Loading environment from /home/runner/work/key/key/key.core/../key.ui/examples/completionscopes/testCcatchReturnVal.key.proof 
8434       DEBUG main            d.u.i.k.p.i.AbstractProblemLoader Environment load took 126.9ns 
8436       INFO  main            d.u.i.k.p.i.AbstractProblemLoader Creating init config 
11011      DEBUG main            d.u.i.k.p.i.AbstractProblemLoader Init config took 2.57s 
11086      INFO  main            d.u.i.k.p.i.AbstractProblemLoader Replaying proof CompletionScopes[CompletionScopes::testCcatchReturnVal()].JML normal_behavior operation contract.0 
11119      DEBUG main            d.u.i.k.p.i.IntermediateProofReplayer Proof replay took 28.19ms 
11124      DEBUG main            d.u.i.k.p.r.p.TestFile    ... success: reloaded. 
11126      INFO  main            d.u.i.k.p.r.p.TestFile    Now processing file /home/runner/work/key/key/key.core/../key.ui/examples/completionscopes/testMultCcatchClauses.key 
11126      INFO  main            d.u.i.k.p.i.AbstractProblemLoader Loading environment from /home/runner/work/key/key/key.core/../key.ui/examples/completionscopes/testMultCcatchClauses.key 
11127      DEBUG main            d.u.i.k.p.i.AbstractProblemLoader Environment load took 182ns 
11128      INFO  main            d.u.i.k.p.i.AbstractProblemLoader Creating init config 
13654      DEBUG main            d.u.i.k.p.i.AbstractProblemLoader Init config took 2.53s 
13712      INFO  main            d.u.i.k.p.i.AbstractProblemLoader Replaying proof CompletionScopes[CompletionScopes::testMultCcatchClauses()].JML normal_behavior operation contract.0 
13714      DEBUG main            d.u.i.k.p.i.IntermediateProofReplayer Proof replay took 7.3ns 
14017      INFO  main            d.u.i.k.p.r.p.TestFile    ... finished proof: closed. 
14141      INFO  main            d.u.i.k.p.i.AbstractProblemLoader Loading environment from /home/runner/work/key/key/key.core/../key.ui/examples/completionscopes/testMultCcatchClauses.key.proof 
14144      DEBUG main            d.u.i.k.p.i.AbstractProblemLoader Environment load took 3.15ms 
14147      INFO  main            d.u.i.k.p.i.AbstractProblemLoader Creating init config 
16600      DEBUG main            d.u.i.k.p.i.AbstractProblemLoader Init config took 2.45s 
16683      INFO  main            d.u.i.k.p.i.AbstractProblemLoader Replaying proof CompletionScopes[CompletionScopes::testMultCcatchClauses()].JML normal_behavior operation contract.0 
16816      DEBUG main            d.u.i.k.p.i.IntermediateProofReplayer Proof replay took 125.14ms 
16818      DEBUG main            d.u.i.k.p.r.p.TestFile    ... success: reloaded. 
16820      INFO  main            d.u.i.k.p.r.p.TestFile    Now processing file /home/runner/work/key/key/key.core/../key.ui/examples/completionscopes/testNestedExec.key 
16820      INFO  main            d.u.i.k.p.i.AbstractProblemLoader Loading environment from /home/runner/work/key/key/key.core/../key.ui/examples/completionscopes/testNestedExec.key 
16820      DEBUG main            d.u.i.k.p.i.AbstractProblemLoader Environment load took 176.9ns 
16822      INFO  main            d.u.i.k.p.i.AbstractProblemLoader Creating init config 
19253      DEBUG main            d.u.i.k.p.i.AbstractProblemLoader Init config took 2.43s 
19305      INFO  main            d.u.i.k.p.i.AbstractProblemLoader Replaying proof CompletionScopes[CompletionScopes::testMultCcatchClauses()].JML normal_behavior operation contract.0 
19307      DEBUG main            d.u.i.k.p.i.IntermediateProofReplayer Proof replay took 5.4ns 
19512      INFO  main            d.u.i.k.p.r.p.TestFile    ... finished proof: closed. 
19644      INFO  main            d.u.i.k.p.i.AbstractProblemLoader Loading environment from /home/runner/work/key/key/key.core/../key.ui/examples/completionscopes/testNestedExec.key.proof 
19644      DEBUG main            d.u.i.k.p.i.AbstractProblemLoader Environment load took 112.4ns 
19645      INFO  main            d.u.i.k.p.i.AbstractProblemLoader Creating init config 
21993      DEBUG main            d.u.i.k.p.i.AbstractProblemLoader Init config took 2.35s 
22045      INFO  main            d.u.i.k.p.i.AbstractProblemLoader Replaying proof CompletionScopes[CompletionScopes::testMultCcatchClauses()].JML normal_behavior operation contract.0 
22110      DEBUG main            d.u.i.k.p.i.IntermediateProofReplayer Proof replay took 62.28ms 
22111      DEBUG main            d.u.i.k.p.r.p.TestFile    ... success: reloaded. 
22112      INFO  main            d.u.i.k.p.r.p.TestFile    Now processing file /home/runner/work/key/key/key.core/../key.ui/examples/completionscopes/testCcatchBreakLabel.key 
22113      INFO  main            d.u.i.k.p.i.AbstractProblemLoader Loading environment from /home/runner/work/key/key/key.core/../key.ui/examples/completionscopes/testCcatchBreakLabel.key 
22113      DEBUG main            d.u.i.k.p.i.AbstractProblemLoader Environment load took 148.9ns 
22114      INFO  main            d.u.i.k.p.i.AbstractProblemLoader Creating init config 
24498      DEBUG main            d.u.i.k.p.i.AbstractProblemLoader Init config took 2.38s 
24547      INFO  main            d.u.i.k.p.i.AbstractProblemLoader Replaying proof CompletionScopes[CompletionScopes::testBreakLabel()].JML normal_behavior operation contract.0 
24549      DEBUG main            d.u.i.k.p.i.IntermediateProofReplayer Proof replay took 5.6ns 
24571      DEBUG Thread-10       d.u.i.k.l.o.ProgramSV     Match failed: Former match of  SchemaVariable incompatible with  the current match. 
24652      INFO  main            d.u.i.k.p.r.p.TestFile    ... finished proof: closed. 
24778      INFO  main            d.u.i.k.p.i.AbstractProblemLoader Loading environment from /home/runner/work/key/key/key.core/../key.ui/examples/completionscopes/testCcatchBreakLabel.key.proof 
24778      DEBUG main            d.u.i.k.p.i.AbstractProblemLoader Environment load took 105.3ns 
24779      INFO  main            d.u.i.k.p.i.AbstractProblemLoader Creating init config 
27116      DEBUG main            d.u.i.k.p.i.AbstractProblemLoader Init config took 2.34s 
27158      INFO  main            d.u.i.k.p.i.AbstractProblemLoader Replaying proof CompletionScopes[CompletionScopes::testBreakLabel()].JML normal_behavior operation contract.0 
27168      DEBUG main            d.u.i.k.p.i.IntermediateProofReplayer Proof replay took 7.42ms 
27168      DEBUG main            d.u.i.k.p.r.p.TestFile    ... success: reloaded. 
27170      INFO  main            d.u.i.k.p.r.p.TestFile    Now processing file /home/runner/work/key/key/key.core/../key.ui/examples/completionscopes/testCcatchContinueLabel.key 
27170      INFO  main            d.u.i.k.p.i.AbstractProblemLoader Loading environment from /home/runner/work/key/key/key.core/../key.ui/examples/completionscopes/testCcatchContinueLabel.key 
27170      DEBUG main            d.u.i.k.p.i.AbstractProblemLoader Environment load took 174.1ns 
27171      INFO  main            d.u.i.k.p.i.AbstractProblemLoader Creating init config 
29527      DEBUG main            d.u.i.k.p.i.AbstractProblemLoader Init config took 2.36s 
29569      INFO  main            d.u.i.k.p.i.AbstractProblemLoader Replaying proof CompletionScopes[CompletionScopes::testContinueLabel()].JML normal_behavior operation contract.0 
29570      DEBUG main            d.u.i.k.p.i.IntermediateProofReplayer Proof replay took 5.6ns 
29589      DEBUG Thread-13       d.u.i.k.l.o.ProgramSV     Match failed: Former match of  SchemaVariable incompatible with  the current match. 
29675      INFO  main            d.u.i.k.p.r.p.TestFile    ... finished proof: closed. 
29841      INFO  main            d.u.i.k.p.i.AbstractProblemLoader Loading environment from /home/runner/work/key/key/key.core/../key.ui/examples/completionscopes/testCcatchContinueLabel.key.proof 
29841      DEBUG main            d.u.i.k.p.i.AbstractProblemLoader Environment load took 135.5ns 
29842      INFO  main            d.u.i.k.p.i.AbstractProblemLoader Creating init config 
32149      DEBUG main            d.u.i.k.p.i.AbstractProblemLoader Init config took 2.31s 
32191      INFO  main            d.u.i.k.p.i.AbstractProblemLoader Replaying proof CompletionScopes[CompletionScopes::testContinueLabel()].JML normal_behavior operation contract.0 
32200      DEBUG main            d.u.i.k.p.i.IntermediateProofReplayer Proof replay took 8ms 
32201      DEBUG main            d.u.i.k.p.r.p.TestFile    ... success: reloaded. 
32202      INFO  main            d.u.i.k.p.r.p.TestFile    Now processing file /home/runner/work/key/key/key.core/../key.ui/examples/completionscopes/testCcatchBreakLabelWildcard.key 
32203      INFO  main            d.u.i.k.p.i.AbstractProblemLoader Loading environment from /home/runner/work/key/key/key.core/../key.ui/examples/completionscopes/testCcatchBreakLabelWildcard.key 
32203      DEBUG main            d.u.i.k.p.i.AbstractProblemLoader Environment load took 161ns 
32204      INFO  main            d.u.i.k.p.i.AbstractProblemLoader Creating init config 
34570      DEBUG main            d.u.i.k.p.i.AbstractProblemLoader Init config took 2.37s 
34611      INFO  main            d.u.i.k.p.i.AbstractProblemLoader Replaying proof CompletionScopes[CompletionScopes::testBreakLabelWildcard()].JML normal_behavior operation contract.0 
34613      DEBUG main            d.u.i.k.p.i.IntermediateProofReplayer Proof replay took 5.7ns 
34626      DEBUG Thread-16       d.u.i.k.l.o.ProgramSV     Match failed: Former match of  SchemaVariable incompatible with  the current match. 
34627      DEBUG Thread-16       d.u.i.k.l.o.ProgramSV     Match failed: Former match of  SchemaVariable incompatible with  the current match. 
34715      INFO  main            d.u.i.k.p.r.p.TestFile    ... finished proof: closed. 
34861      INFO  main            d.u.i.k.p.i.AbstractProblemLoader Loading environment from /home/runner/work/key/key/key.core/../key.ui/examples/completionscopes/testCcatchBreakLabelWildcard.key.proof 
34861      DEBUG main            d.u.i.k.p.i.AbstractProblemLoader Environment load took 104.7ns 
34862      INFO  main            d.u.i.k.p.i.AbstractProblemLoader Creating init config 
37179      DEBUG main            d.u.i.k.p.i.AbstractProblemLoader Init config took 2.32s 
37232      INFO  main            d.u.i.k.p.i.AbstractProblemLoader Replaying proof CompletionScopes[CompletionScopes::testBreakLabelWildcard()].JML normal_behavior operation contract.0 
37241      DEBUG main            d.u.i.k.p.i.IntermediateProofReplayer Proof replay took 7.09ms 
37241      DEBUG main            d.u.i.k.p.r.p.TestFile    ... success: reloaded. 
37242      INFO  main            d.u.i.k.p.r.p.TestFile    Now processing file /home/runner/work/key/key/key.core/../key.ui/examples/completionscopes/testCcatchContinueLabelWildcard.key 
37242      INFO  main            d.u.i.k.p.i.AbstractProblemLoader Loading environment from /home/runner/work/key/key/key.core/../key.ui/examples/completionscopes/testCcatchContinueLabelWildcard.key 
37243      DEBUG main            d.u.i.k.p.i.AbstractProblemLoader Environment load took 76.5ns 
37243      INFO  main            d.u.i.k.p.i.AbstractProblemLoader Creating init config 
39566      DEBUG main            d.u.i.k.p.i.AbstractProblemLoader Init config took 2.32s 
39622      INFO  main            d.u.i.k.p.i.AbstractProblemLoader Replaying proof CompletionScopes[CompletionScopes::testContinueLabelWildcard()].JML normal_behavior operation contract.0 
39624      DEBUG main            d.u.i.k.p.i.IntermediateProofReplayer Proof replay took 6.1ns 
39641      DEBUG Thread-19       d.u.i.k.l.o.ProgramSV     Match failed: Former match of  SchemaVariable incompatible with  the current match. 
39642      DEBUG Thread-19       d.u.i.k.l.o.ProgramSV     Match failed: Former match of  SchemaVariable incompatible with  the current match. 
39725      INFO  main            d.u.i.k.p.r.p.TestFile    ... finished proof: closed. 
39867      INFO  main            d.u.i.k.p.i.AbstractProblemLoader Loading environment from /home/runner/work/key/key/key.core/../key.ui/examples/completionscopes/testCcatchContinueLabelWildcard.key.proof 
39867      DEBUG main            d.u.i.k.p.i.AbstractProblemLoader Environment load took 100.9ns 
39868      INFO  main            d.u.i.k.p.i.AbstractProblemLoader Creating init config 
42142      DEBUG main            d.u.i.k.p.i.AbstractProblemLoader Init config took 2.27s 
42195      INFO  main            d.u.i.k.p.i.AbstractProblemLoader Replaying proof CompletionScopes[CompletionScopes::testContinueLabelWildcard()].JML normal_behavior operation contract.0 
42205      DEBUG main            d.u.i.k.p.i.IntermediateProofReplayer Proof replay took 8.07ms 
42206      DEBUG main            d.u.i.k.p.r.p.TestFile    ... success: reloaded. 
42207      INFO  main            d.u.i.k.p.r.p.TestFile    Now processing file /home/runner/work/key/key/key.core/../key.ui/examples/completionscopes/testCcatchBreakLabelNonmatchingNested.key 
42208      INFO  main            d.u.i.k.p.i.AbstractProblemLoader Loading environment from /home/runner/work/key/key/key.core/../key.ui/examples/completionscopes/testCcatchBreakLabelNonmatchingNested.key 
42208      DEBUG main            d.u.i.k.p.i.AbstractProblemLoader Environment load took 76.9ns 
42209      INFO  main            d.u.i.k.p.i.AbstractProblemLoader Creating init config 
44556      DEBUG main            d.u.i.k.p.i.AbstractProblemLoader Init config took 2.35s 
44606      INFO  main            d.u.i.k.p.i.AbstractProblemLoader Replaying proof CompletionScopes[CompletionScopes::testBreakLabelNonmatchingNested()].JML normal_behavior operation contract.0 
44609      DEBUG main            d.u.i.k.p.i.IntermediateProofReplayer Proof replay took 6.2ns 
44625      DEBUG Thread-22       d.u.i.k.l.o.ProgramSV     Match failed: Former match of  SchemaVariable incompatible with  the current match. 
44626      DEBUG Thread-22       d.u.i.k.l.o.ProgramSV     Match failed: Former match of  SchemaVariable incompatible with  the current match. 
44710      INFO  main            d.u.i.k.p.r.p.TestFile    ... finished proof: closed. 
44869      INFO  main            d.u.i.k.p.i.AbstractProblemLoader Loading environment from /home/runner/work/key/key/key.core/../key.ui/examples/completionscopes/testCcatchBreakLabelNonmatchingNested.key.proof 
44869      DEBUG main            d.u.i.k.p.i.AbstractProblemLoader Environment load took 106.6ns 
44870      INFO  main            d.u.i.k.p.i.AbstractProblemLoader Creating init config 
47161      DEBUG main            d.u.i.k.p.i.AbstractProblemLoader Init config took 2.29s 
47199      INFO  main            d.u.i.k.p.i.AbstractProblemLoader Replaying proof CompletionScopes[CompletionScopes::testBreakLabelNonmatchingNested()].JML normal_behavior operation contract.0 
47217      DEBUG main            d.u.i.k.p.i.IntermediateProofReplayer Proof replay took 14.08ms 
47218      DEBUG main            d.u.i.k.p.r.p.TestFile    ... success: reloaded. 
4874200    INFO  Test worker     d.u.i.k.p.r.RunAllProofsTestUnit Returning from test completionScopes 
4874201    INFO  Test worker     d.u.i.k.p.r.RunAllProofsTestUnit Running test reload_examples 
351        INFO  Timeout watchdog d.u.i.k.p.r.p.ForkedTestFileRunner Timeout watcher launched (2000 secs.) 
382        WARN  main            d.u.i.k.s.ProofSettings   The settings in /home/runner/.key/proof-settings.props are *not* read. 
430        INFO  main            d.u.i.k.p.r.p.TestFile    Now processing file /home/runner/work/key/key/key.core/../key.ui/examples/firstTouch/05-ReverseArray/reverseArray.key 
542        INFO  main            d.u.i.k.p.i.AbstractProblemLoader Loading environment from /home/runner/work/key/key/key.core/../key.ui/examples/firstTouch/05-ReverseArray/reverseArray.key 
566        DEBUG main            d.u.i.k.p.i.AbstractProblemLoader Environment load took 1.85ms 
781        INFO  main            d.u.i.k.p.i.AbstractProblemLoader Creating init config 
1752       DEBUG main            d.u.i.k.j.TypeConverter   No LDT found for Meta 
1753       DEBUG main            d.u.i.k.j.TypeConverter   No LDT found for Meta 
1756       DEBUG main            d.u.i.k.j.TypeConverter   No LDT found for Meta 
1756       DEBUG main            d.u.i.k.j.TypeConverter   No LDT found for Meta 
3067       DEBUG main            d.u.i.k.j.TypeConverter   No LDT found for JavaBigintExpression 
7947       DEBUG main            d.u.i.k.p.i.AbstractProblemLoader Init config took 7.17s 
8047       INFO  main            d.u.i.k.p.i.AbstractProblemLoader Replaying proof ReverseArray[ReverseArray::reverse()].JML normal_behavior operation contract.0 
8092       DEBUG main            d.u.i.k.p.i.IntermediateProofReplayer Proof replay took 30.2ns 
17199      INFO  main            d.u.i.k.p.r.p.TestFile    ... finished proof: closed. 
17460      INFO  main            d.u.i.k.p.i.AbstractProblemLoader Loading environment from /home/runner/work/key/key/key.core/../key.ui/examples/firstTouch/05-ReverseArray/reverseArray.key.proof 
17460      DEBUG main            d.u.i.k.p.i.AbstractProblemLoader Environment load took 339.9ns 
17467      INFO  main            d.u.i.k.p.i.AbstractProblemLoader Creating init config 
20188      DEBUG main            d.u.i.k.p.i.AbstractProblemLoader Init config took 2.72s 
20248      INFO  main            d.u.i.k.p.i.AbstractProblemLoader Replaying proof ReverseArray[ReverseArray::reverse()].JML normal_behavior operation contract.0 
21380      DEBUG main            d.u.i.k.p.i.IntermediateProofReplayer Proof replay took 1.08s 
21391      DEBUG main            d.u.i.k.p.r.p.TestFile    ... success: reloaded. 
21395      INFO  main            d.u.i.k.p.r.p.TestFile    Now processing file /home/runner/work/key/key/key.core/../key.ui/examples/standard_key/arith/saveProofTest.key.proof 
21396      INFO  main            d.u.i.k.p.i.AbstractProblemLoader Loading environment from /home/runner/work/key/key/key.core/../key.ui/examples/standard_key/arith/saveProofTest.key.proof 
21396      DEBUG main            d.u.i.k.p.i.AbstractProblemLoader Environment load took 175.5ns 
21400      INFO  main            d.u.i.k.p.i.AbstractProblemLoader Creating init config 
23795      DEBUG main            d.u.i.k.p.i.AbstractProblemLoader Init config took 2.4s 
23834      INFO  main            d.u.i.k.p.i.AbstractProblemLoader Replaying proof saveProofTest.key.proof 
23843      DEBUG main            d.u.i.k.p.i.IntermediateProofReplayer Proof replay took 3.25ms 
23844      INFO  main            d.u.i.k.p.r.p.TestFile    ... success: loaded 
23846      INFO  main            d.u.i.k.p.r.p.TestFile    Now processing file /home/runner/work/key/key/key.core/../key.ui/examples/heap/permutedSum/perm.proof 
23846      INFO  main            d.u.i.k.p.i.AbstractProblemLoader Loading environment from /home/runner/work/key/key/key.core/../key.ui/examples/heap/permutedSum/perm.proof 
23846      DEBUG main            d.u.i.k.p.i.AbstractProblemLoader Environment load took 461.8ns 
23850      INFO  main            d.u.i.k.p.i.AbstractProblemLoader Creating init config 
26425      DEBUG main            d.u.i.k.p.i.AbstractProblemLoader Init config took 2.57s 
26488      INFO  main            d.u.i.k.p.i.AbstractProblemLoader Replaying proof Perm[Perm::foo()].JML normal_behavior operation contract.0 
27516      DEBUG main            d.u.i.k.p.i.IntermediateProofReplayer Proof replay took 959.43ms 
27518      INFO  main            d.u.i.k.p.r.p.TestFile    ... success: loaded 
27519      INFO  main            d.u.i.k.p.r.p.TestFile    Now processing file /home/runner/work/key/key/key.core/../key.ui/examples/firstTouch/05-ReverseArray/reverseArray.proof 
27519      INFO  main            d.u.i.k.p.i.AbstractProblemLoader Loading environment from /home/runner/work/key/key/key.core/../key.ui/examples/firstTouch/05-ReverseArray/reverseArray.proof 
27519      DEBUG main            d.u.i.k.p.i.AbstractProblemLoader Environment load took 168.9ns 
27521      INFO  main            d.u.i.k.p.i.AbstractProblemLoader Creating init config 
30018      DEBUG main            d.u.i.k.p.i.AbstractProblemLoader Init config took 2.5s 
30071      INFO  main            d.u.i.k.p.i.AbstractProblemLoader Replaying proof ReverseArray[ReverseArray::reverse()].JML normal_behavior operation contract.0 
31079      DEBUG main            d.u.i.k.p.i.IntermediateProofReplayer Proof replay took 974.51ms 
31082      INFO  main            d.u.i.k.p.r.p.TestFile    ... success: loaded 
31083      INFO  main            d.u.i.k.p.r.p.TestFile    Now processing file /home/runner/work/key/key/key.core/../key.ui/examples/heap/verifyThis15_1_RelaxedPrefix/relax.proof 
31083      INFO  main            d.u.i.k.p.i.AbstractProblemLoader Loading environment from /home/runner/work/key/key/key.core/../key.ui/examples/heap/verifyThis15_1_RelaxedPrefix/relax.proof 
31084      DEBUG main            d.u.i.k.p.i.AbstractProblemLoader Environment load took 167ns 
31085      INFO  main            d.u.i.k.p.i.AbstractProblemLoader Creating init config 
33557      DEBUG main            d.u.i.k.p.i.AbstractProblemLoader Init config took 2.47s 
33600      INFO  main            d.u.i.k.p.i.AbstractProblemLoader Replaying proof Relaxed[Relaxed::isRelaxedPrefix([I,[I)].JML operation contract.0 
34081      DEBUG main            d.u.i.k.p.i.IntermediateProofReplayer Proof replay took 432.52ms 
34083      INFO  main            d.u.i.k.p.r.p.TestFile    ... success: loaded 
34085      INFO  main            d.u.i.k.p.r.p.TestFile    Now processing file /home/runner/work/key/key/key.core/../key.ui/examples/heap/verifyThis15_3_DLL/doUndo.proof 
34085      INFO  main            d.u.i.k.p.i.AbstractProblemLoader Loading environment from /home/runner/work/key/key/key.core/../key.ui/examples/heap/verifyThis15_3_DLL/doUndo.proof 
34086      DEBUG main            d.u.i.k.p.i.AbstractProblemLoader Environment load took 170.3ns 
34089      INFO  main            d.u.i.k.p.i.AbstractProblemLoader Creating init config 
34992      DEBUG main            d.u.i.k.j.r.ClassPreparationMethodBuilder clPrepBuilder: Inner Class detected. Reject building class initialisation methods. 
36796      DEBUG main            d.u.i.k.p.i.AbstractProblemLoader Init config took 2.71s 
36869      INFO  main            d.u.i.k.p.i.AbstractProblemLoader Replaying proof DoubleLinkedList[DoubleLinkedList::doUndo(DoubleLinkedList.Node,int)].JML normal_behavior operation contract.0 
37563      DEBUG main            d.u.i.k.p.i.IntermediateProofReplayer Proof replay took 665.05ms 
37564      INFO  main            d.u.i.k.p.r.p.TestFile    ... success: loaded 
37566      INFO  main            d.u.i.k.p.r.p.TestFile    Now processing file /home/runner/work/key/key/key.core/../key.ui/examples/heap/verifyThis15_2_ParallelGcd/parallelGcd.proof 
37566      INFO  main            d.u.i.k.p.i.AbstractProblemLoader Loading environment from /home/runner/work/key/key/key.core/../key.ui/examples/heap/verifyThis15_2_ParallelGcd/parallelGcd.proof 
37566      DEBUG main            d.u.i.k.p.i.AbstractProblemLoader Environment load took 152.9ns 
37567      INFO  main            d.u.i.k.p.i.AbstractProblemLoader Creating init config 
40116      DEBUG main            d.u.i.k.p.i.AbstractProblemLoader Init config took 2.55s 
40195      INFO  main            d.u.i.k.p.i.AbstractProblemLoader Replaying proof ParallelGcd[ParallelGcd::parallelGcd(int,int,[Z)].JML behavior operation contract.0 
40713      DEBUG main            d.u.i.k.p.i.IntermediateProofReplayer Proof replay took 503.54ms 
40714      INFO  main            d.u.i.k.p.r.p.TestFile    ... success: loaded 
4915105    INFO  Test worker     d.u.i.k.p.r.RunAllProofsTestUnit Returning from test reload_examples 
4915106    INFO  Test worker     d.u.i.k.p.r.RunAllProofsTestUnit Running test proofLoadRepair 
347        INFO  Timeout watchdog d.u.i.k.p.r.p.ForkedTestFileRunner Timeout watcher launched (2000 secs.) 
350        WARN  main            d.u.i.k.s.ProofSettings   The settings in /home/runner/.key/proof-settings.props are *not* read. 
380        INFO  main            d.u.i.k.p.r.p.TestFile    Now processing file /home/runner/work/key/key/key.core/../key.ui/examples/proofLoadRepair/disjConj-manipulated.proof 
496        INFO  main            d.u.i.k.p.i.AbstractProblemLoader Loading environment from /home/runner/work/key/key/key.core/../key.ui/examples/proofLoadRepair/disjConj-manipulated.proof 
525        DEBUG main            d.u.i.k.p.i.AbstractProblemLoader Environment load took 1.95ms 
740        INFO  main            d.u.i.k.p.i.AbstractProblemLoader Creating init config 
1681       DEBUG main            d.u.i.k.j.TypeConverter   No LDT found for Meta 
1682       DEBUG main            d.u.i.k.j.TypeConverter   No LDT found for Meta 
1683       DEBUG main            d.u.i.k.j.TypeConverter   No LDT found for Meta 
1684       DEBUG main            d.u.i.k.j.TypeConverter   No LDT found for Meta 
3046       DEBUG main            d.u.i.k.j.TypeConverter   No LDT found for JavaBigintExpression 
7703       DEBUG main            d.u.i.k.p.i.AbstractProblemLoader Init config took 6.96s 
7768       INFO  main            d.u.i.k.p.i.AbstractProblemLoader Replaying proof disjConj-manipulated.proof 
7807       WARN  main            d.u.i.k.p.i.IntermediateProofReplayer Proof contains wrong number of \assumes instatiations for andLeft 
7809       WARN  main            d.u.i.k.p.i.IntermediateProofReplayer Proof contains wrong number of \assumes instatiations for replace_known_right 
7815       WARN  main            d.u.i.k.p.i.IntermediateProofReplayer Proof contains wrong number of \assumes instatiations for close 
7817       DEBUG main            d.u.i.k.p.i.IntermediateProofReplayer Proof replay took 18.91ms 
7821       INFO  main            d.u.i.k.p.r.p.TestFile    ... success: loaded 
7833       INFO  main            d.u.i.k.p.r.p.TestFile    Now processing file /home/runner/work/key/key/key.core/../key.ui/examples/proofLoadRepair/insufficient-manipulated.proof 
7833       INFO  main            d.u.i.k.p.i.AbstractProblemLoader Loading environment from /home/runner/work/key/key/key.core/../key.ui/examples/proofLoadRepair/insufficient-manipulated.proof 
7834       DEBUG main            d.u.i.k.p.i.AbstractProblemLoader Environment load took 159.7ns 
7840       INFO  main            d.u.i.k.p.i.AbstractProblemLoader Creating init config 
10586      DEBUG main            d.u.i.k.p.i.AbstractProblemLoader Init config took 2.75s 
10604      INFO  main            d.u.i.k.p.i.AbstractProblemLoader Replaying proof insufficient-manipulated.proof 
10622      WARN  main            d.u.i.k.p.i.IntermediateProofReplayer Proof contains wrong number of \assumes instatiations for applyEq 
10631      DEBUG main            d.u.i.k.p.i.IntermediateProofReplayer Proof replay took 11.32ms 
10633      INFO  main            d.u.i.k.p.r.p.TestFile    ... success: loading failed 
10634      INFO  main            d.u.i.k.p.r.p.TestFile    Now processing file /home/runner/work/key/key/key.core/../key.ui/examples/../../key.core/src/test/resources/testcase/issues/1716/incorrectPolarity.proof 
10634      INFO  main            d.u.i.k.p.i.AbstractProblemLoader Loading environment from /home/runner/work/key/key/key.core/../key.ui/examples/../../key.core/src/test/resources/testcase/issues/1716/incorrectPolarity.proof 
10635      DEBUG main            d.u.i.k.p.i.AbstractProblemLoader Environment load took 176.3ns 
10636      INFO  main            d.u.i.k.p.i.AbstractProblemLoader Creating init config 
13244      DEBUG main            d.u.i.k.p.i.AbstractProblemLoader Init config took 2.61s 
13316      INFO  main            d.u.i.k.p.i.AbstractProblemLoader Replaying proof incorrectPolarity.proof 
13328      DEBUG main            d.u.i.k.p.i.IntermediateProofReplayer Proof replay took 176.3ns 
13329      INFO  main            d.u.i.k.p.r.p.TestFile    ... success: loading failed 
13329      INFO  main            d.u.i.k.p.r.p.TestFile    Now processing file /home/runner/work/key/key/key.core/../key.ui/examples/../../key.core/src/test/resources/testcase/issues/1716/incorrectPolarity2.proof 
13330      INFO  main            d.u.i.k.p.i.AbstractProblemLoader Loading environment from /home/runner/work/key/key/key.core/../key.ui/examples/../../key.core/src/test/resources/testcase/issues/1716/incorrectPolarity2.proof 
13330      DEBUG main            d.u.i.k.p.i.AbstractProblemLoader Environment load took 179.4ns 
13331      INFO  main            d.u.i.k.p.i.AbstractProblemLoader Creating init config 
15835      DEBUG main            d.u.i.k.p.i.AbstractProblemLoader Init config took 2.5s 
15858      INFO  main            d.u.i.k.p.i.AbstractProblemLoader Replaying proof incorrectPolarity2.proof 
15860      DEBUG main            d.u.i.k.p.i.IntermediateProofReplayer Proof replay took 313.1ns 
15860      INFO  main            d.u.i.k.p.r.p.TestFile    ... success: loading failed 
15862      INFO  main            d.u.i.k.p.r.p.TestFile    Now processing file /home/runner/work/key/key/key.core/../key.ui/examples/../../key.core/src/test/resources/testcase/issues/1716/incorrectPolarity3.proof 
15862      INFO  main            d.u.i.k.p.i.AbstractProblemLoader Loading environment from /home/runner/work/key/key/key.core/../key.ui/examples/../../key.core/src/test/resources/testcase/issues/1716/incorrectPolarity3.proof 
15862      DEBUG main            d.u.i.k.p.i.AbstractProblemLoader Environment load took 168.4ns 
15863      INFO  main            d.u.i.k.p.i.AbstractProblemLoader Creating init config 
18264      DEBUG main            d.u.i.k.p.i.AbstractProblemLoader Init config took 2.4s 
18285      INFO  main            d.u.i.k.p.i.AbstractProblemLoader Replaying proof incorrectPolarity3.proof 
18288      DEBUG main            d.u.i.k.p.i.IntermediateProofReplayer Proof replay took 1.54ms 
18288      INFO  main            d.u.i.k.p.r.p.TestFile    ... success: loading failed 
4933559    INFO  Test worker     d.u.i.k.p.r.RunAllProofsTestUnit Returning from test proofLoadRepair 
4933560    INFO  Test worker     d.u.i.k.p.r.RunAllProofsTestUnit Running test switch 
341        INFO  Timeout watchdog d.u.i.k.p.r.p.ForkedTestFileRunner Timeout watcher launched (2000 secs.) 
354        WARN  main            d.u.i.k.s.ProofSettings   The settings in /home/runner/.key/proof-settings.props are *not* read. 
402        INFO  main            d.u.i.k.p.r.p.TestFile    Now processing file /home/runner/work/key/key/key.core/../key.ui/examples/standard_key/java_dl/switch/labeled_case.key 
519        INFO  main            d.u.i.k.p.i.AbstractProblemLoader Loading environment from /home/runner/work/key/key/key.core/../key.ui/examples/standard_key/java_dl/switch/labeled_case.key 
539        DEBUG main            d.u.i.k.p.i.AbstractProblemLoader Environment load took 1.74ms 
754        INFO  main            d.u.i.k.p.i.AbstractProblemLoader Creating init config 
1644       DEBUG main            d.u.i.k.j.TypeConverter   No LDT found for Meta 
1644       DEBUG main            d.u.i.k.j.TypeConverter   No LDT found for Meta 
1650       DEBUG main            d.u.i.k.j.TypeConverter   No LDT found for Meta 
1651       DEBUG main            d.u.i.k.j.TypeConverter   No LDT found for Meta 
2938       DEBUG main            d.u.i.k.j.TypeConverter   No LDT found for JavaBigintExpression 
7797       DEBUG main            d.u.i.k.p.i.AbstractProblemLoader Init config took 7.04s 
7918       INFO  main            d.u.i.k.p.i.AbstractProblemLoader Replaying proof LabeledCase[LabeledCase::m(int)].JML normal_behavior operation contract.0 
7945       DEBUG main            d.u.i.k.p.i.IntermediateProofReplayer Proof replay took 30.6ns 
8569       INFO  main            d.u.i.k.p.r.p.TestFile    ... finished proof: closed. 
8663       INFO  main            d.u.i.k.p.i.AbstractProblemLoader Loading environment from /home/runner/work/key/key/key.core/../key.ui/examples/standard_key/java_dl/switch/labeled_case.key.proof 
8664       DEBUG main            d.u.i.k.p.i.AbstractProblemLoader Environment load took 329.9ns 
8666       INFO  main            d.u.i.k.p.i.AbstractProblemLoader Creating init config 
11389      DEBUG main            d.u.i.k.p.i.AbstractProblemLoader Init config took 2.72s 
11463      INFO  main            d.u.i.k.p.i.AbstractProblemLoader Replaying proof LabeledCase[LabeledCase::m(int)].JML normal_behavior operation contract.0 
11516      DEBUG main            d.u.i.k.p.i.IntermediateProofReplayer Proof replay took 48.81ms 
11522      DEBUG main            d.u.i.k.p.r.p.TestFile    ... success: reloaded. 
11523      INFO  main            d.u.i.k.p.r.p.TestFile    Now processing file /home/runner/work/key/key/key.core/../key.ui/examples/standard_key/java_dl/switch/empty_switch.key 
11524      INFO  main            d.u.i.k.p.i.AbstractProblemLoader Loading environment from /home/runner/work/key/key/key.core/../key.ui/examples/standard_key/java_dl/switch/empty_switch.key 
11524      DEBUG main            d.u.i.k.p.i.AbstractProblemLoader Environment load took 177.7ns 
11525      INFO  main            d.u.i.k.p.i.AbstractProblemLoader Creating init config 
14035      DEBUG main            d.u.i.k.p.i.AbstractProblemLoader Init config took 2.51s 
14063      INFO  main            d.u.i.k.p.i.AbstractProblemLoader Replaying proof empty_switch.key 
14065      DEBUG main            d.u.i.k.p.i.IntermediateProofReplayer Proof replay took 4.8ns 
14168      INFO  main            d.u.i.k.p.r.p.TestFile    ... finished proof: closed. 
14280      INFO  main            d.u.i.k.p.i.AbstractProblemLoader Loading environment from /home/runner/work/key/key/key.core/../key.ui/examples/standard_key/java_dl/switch/empty_switch.key.proof 
14280      DEBUG main            d.u.i.k.p.i.AbstractProblemLoader Environment load took 113.2ns 
14282      INFO  main            d.u.i.k.p.i.AbstractProblemLoader Creating init config 
16727      DEBUG main            d.u.i.k.p.i.AbstractProblemLoader Init config took 2.45s 
16750      INFO  main            d.u.i.k.p.i.AbstractProblemLoader Replaying proof empty_switch.key.proof 
16755      DEBUG main            d.u.i.k.p.i.IntermediateProofReplayer Proof replay took 1.81ms 
16755      DEBUG main            d.u.i.k.p.r.p.TestFile    ... success: reloaded. 
16756      INFO  main            d.u.i.k.p.r.p.TestFile    Now processing file /home/runner/work/key/key/key.core/../key.ui/examples/standard_key/java_dl/switch/empty_switch_null.key 
16756      INFO  main            d.u.i.k.p.i.AbstractProblemLoader Loading environment from /home/runner/work/key/key/key.core/../key.ui/examples/standard_key/java_dl/switch/empty_switch_null.key 
16757      DEBUG main            d.u.i.k.p.i.AbstractProblemLoader Environment load took 163.6ns 
16758      INFO  main            d.u.i.k.p.i.AbstractProblemLoader Creating init config 
19206      DEBUG main            d.u.i.k.p.i.AbstractProblemLoader Init config took 2.45s 
19227      INFO  main            d.u.i.k.p.i.AbstractProblemLoader Replaying proof empty_switch_null.key 
19229      DEBUG main            d.u.i.k.p.i.IntermediateProofReplayer Proof replay took 5.9ns 
19432      INFO  main            d.u.i.k.p.r.p.TestFile    ... finished proof: closed. 
19557      INFO  main            d.u.i.k.p.i.AbstractProblemLoader Loading environment from /home/runner/work/key/key/key.core/../key.ui/examples/standard_key/java_dl/switch/empty_switch_null.key.proof 
19557      DEBUG main            d.u.i.k.p.i.AbstractProblemLoader Environment load took 108.4ns 
19559      INFO  main            d.u.i.k.p.i.AbstractProblemLoader Creating init config 
21925      DEBUG main            d.u.i.k.p.i.AbstractProblemLoader Init config took 2.37s 
21965      INFO  main            d.u.i.k.p.i.AbstractProblemLoader Replaying proof empty_switch_null.key.proof 
22018      DEBUG main            d.u.i.k.p.i.IntermediateProofReplayer Proof replay took 49.4ms 
22019      DEBUG main            d.u.i.k.p.r.p.TestFile    ... success: reloaded. 
22020      INFO  main            d.u.i.k.p.r.p.TestFile    Now processing file /home/runner/work/key/key/key.core/../key.ui/examples/standard_key/java_dl/switch/empty_switch_null_catch.key 
22021      INFO  main            d.u.i.k.p.i.AbstractProblemLoader Loading environment from /home/runner/work/key/key/key.core/../key.ui/examples/standard_key/java_dl/switch/empty_switch_null_catch.key 
22021      DEBUG main            d.u.i.k.p.i.AbstractProblemLoader Environment load took 159.9ns 
22023      INFO  main            d.u.i.k.p.i.AbstractProblemLoader Creating init config 
24489      DEBUG main            d.u.i.k.p.i.AbstractProblemLoader Init config took 2.47s 
24510      INFO  main            d.u.i.k.p.i.AbstractProblemLoader Replaying proof empty_switch_null_catch.key 
24511      DEBUG main            d.u.i.k.p.i.IntermediateProofReplayer Proof replay took 5.4ns 
24714      INFO  main            d.u.i.k.p.r.p.TestFile    ... finished proof: closed. 
24851      INFO  main            d.u.i.k.p.i.AbstractProblemLoader Loading environment from /home/runner/work/key/key/key.core/../key.ui/examples/standard_key/java_dl/switch/empty_switch_null_catch.key.proof 
24851      DEBUG main            d.u.i.k.p.i.AbstractProblemLoader Environment load took 299.3ns 
24852      INFO  main            d.u.i.k.p.i.AbstractProblemLoader Creating init config 
27241      DEBUG main            d.u.i.k.p.i.AbstractProblemLoader Init config took 2.39s 
27263      INFO  main            d.u.i.k.p.i.AbstractProblemLoader Replaying proof empty_switch_null_catch.key.proof 
27297      DEBUG main            d.u.i.k.p.i.IntermediateProofReplayer Proof replay took 31.51ms 
27298      DEBUG main            d.u.i.k.p.r.p.TestFile    ... success: reloaded. 
27299      INFO  main            d.u.i.k.p.r.p.TestFile    Now processing file /home/runner/work/key/key/key.core/../key.ui/examples/standard_key/java_dl/switch/empty_switch_array_out_of_bounds.key 
27299      INFO  main            d.u.i.k.p.i.AbstractProblemLoader Loading environment from /home/runner/work/key/key/key.core/../key.ui/examples/standard_key/java_dl/switch/empty_switch_array_out_of_bounds.key 
27299      DEBUG main            d.u.i.k.p.i.AbstractProblemLoader Environment load took 83.1ns 
27300      INFO  main            d.u.i.k.p.i.AbstractProblemLoader Creating init config 
29705      DEBUG main            d.u.i.k.p.i.AbstractProblemLoader Init config took 2.4s 
29724      INFO  main            d.u.i.k.p.i.AbstractProblemLoader Replaying proof empty_switch_array_out_of_bounds.key 
29727      DEBUG main            d.u.i.k.p.i.IntermediateProofReplayer Proof replay took 4.8ns 
29932      INFO  main            d.u.i.k.p.r.p.TestFile    ... finished proof: closed. 
30080      INFO  main            d.u.i.k.p.i.AbstractProblemLoader Loading environment from /home/runner/work/key/key/key.core/../key.ui/examples/standard_key/java_dl/switch/empty_switch_array_out_of_bounds.key.proof 
30080      DEBUG main            d.u.i.k.p.i.AbstractProblemLoader Environment load took 116.6ns 
30081      INFO  main            d.u.i.k.p.i.AbstractProblemLoader Creating init config 
32447      DEBUG main            d.u.i.k.p.i.AbstractProblemLoader Init config took 2.37s 
32473      INFO  main            d.u.i.k.p.i.AbstractProblemLoader Replaying proof empty_switch_array_out_of_bounds.key.proof 
32522      DEBUG main            d.u.i.k.p.i.IntermediateProofReplayer Proof replay took 45.67ms 
32523      DEBUG main            d.u.i.k.p.r.p.TestFile    ... success: reloaded. 
32524      INFO  main            d.u.i.k.p.r.p.TestFile    Now processing file /home/runner/work/key/key/key.core/../key.ui/examples/standard_key/java_dl/switch/empty_switch_array_out_of_bounds_catch.key 
32524      INFO  main            d.u.i.k.p.i.AbstractProblemLoader Loading environment from /home/runner/work/key/key/key.core/../key.ui/examples/standard_key/java_dl/switch/empty_switch_array_out_of_bounds_catch.key 
32524      DEBUG main            d.u.i.k.p.i.AbstractProblemLoader Environment load took 187.4ns 
32525      INFO  main            d.u.i.k.p.i.AbstractProblemLoader Creating init config 
34896      DEBUG main            d.u.i.k.p.i.AbstractProblemLoader Init config took 2.37s 
34916      INFO  main            d.u.i.k.p.i.AbstractProblemLoader Replaying proof empty_switch_array_out_of_bounds_catch.key 
34918      DEBUG main            d.u.i.k.p.i.IntermediateProofReplayer Proof replay took 5.8ns 
35121      INFO  main            d.u.i.k.p.r.p.TestFile    ... finished proof: closed. 
35260      INFO  main            d.u.i.k.p.i.AbstractProblemLoader Loading environment from /home/runner/work/key/key/key.core/../key.ui/examples/standard_key/java_dl/switch/empty_switch_array_out_of_bounds_catch.key.proof 
35260      DEBUG main            d.u.i.k.p.i.AbstractProblemLoader Environment load took 105.4ns 
35261      INFO  main            d.u.i.k.p.i.AbstractProblemLoader Creating init config 
37585      DEBUG main            d.u.i.k.p.i.AbstractProblemLoader Init config took 2.32s 
37611      INFO  main            d.u.i.k.p.i.AbstractProblemLoader Replaying proof empty_switch_array_out_of_bounds_catch.key.proof 
37645      DEBUG main            d.u.i.k.p.i.IntermediateProofReplayer Proof replay took 30.86ms 
37646      DEBUG main            d.u.i.k.p.r.p.TestFile    ... success: reloaded. 
37647      INFO  main            d.u.i.k.p.r.p.TestFile    Now processing file /home/runner/work/key/key/key.core/../key.ui/examples/standard_key/java_dl/switch/switch_in_switch.key 
37647      INFO  main            d.u.i.k.p.i.AbstractProblemLoader Loading environment from /home/runner/work/key/key/key.core/../key.ui/examples/standard_key/java_dl/switch/switch_in_switch.key 
37647      DEBUG main            d.u.i.k.p.i.AbstractProblemLoader Environment load took 150.7ns 
37648      INFO  main            d.u.i.k.p.i.AbstractProblemLoader Creating init config 
40158      DEBUG main            d.u.i.k.p.i.AbstractProblemLoader Init config took 2.51s 
40200      INFO  main            d.u.i.k.p.i.AbstractProblemLoader Replaying proof SwitchInSwitch[SwitchInSwitch::m(int)].JML normal_behavior operation contract.0 
40201      DEBUG main            d.u.i.k.p.i.IntermediateProofReplayer Proof replay took 5.4ns 
44166      INFO  main            d.u.i.k.p.r.p.TestFile    ... finished proof: closed. 
44369      INFO  main            d.u.i.k.p.i.AbstractProblemLoader Loading environment from /home/runner/work/key/key/key.core/../key.ui/examples/standard_key/java_dl/switch/switch_in_switch.key.proof 
44369      DEBUG main            d.u.i.k.p.i.AbstractProblemLoader Environment load took 317.7ns 
44371      INFO  main            d.u.i.k.p.i.AbstractProblemLoader Creating init config 
46792      DEBUG main            d.u.i.k.p.i.AbstractProblemLoader Init config took 2.42s 
46829      INFO  main            d.u.i.k.p.i.AbstractProblemLoader Replaying proof SwitchInSwitch[SwitchInSwitch::m(int)].JML normal_behavior operation contract.0 
47258      DEBUG main            d.u.i.k.p.i.IntermediateProofReplayer Proof replay took 399.96ms 
47260      DEBUG main            d.u.i.k.p.r.p.TestFile    ... success: reloaded. 
47261      INFO  main            d.u.i.k.p.r.p.TestFile    Now processing file /home/runner/work/key/key/key.core/../key.ui/examples/standard_key/java_dl/switch/while_and_switch.key 
47261      INFO  main            d.u.i.k.p.i.AbstractProblemLoader Loading environment from /home/runner/work/key/key/key.core/../key.ui/examples/standard_key/java_dl/switch/while_and_switch.key 
47261      DEBUG main            d.u.i.k.p.i.AbstractProblemLoader Environment load took 172ns 
47262      INFO  main            d.u.i.k.p.i.AbstractProblemLoader Creating init config 
49685      DEBUG main            d.u.i.k.p.i.AbstractProblemLoader Init config took 2.42s 
49723      INFO  main            d.u.i.k.p.i.AbstractProblemLoader Replaying proof WhileAndSwitch[WhileAndSwitch::m(int)].JML normal_behavior operation contract.0 
49725      DEBUG main            d.u.i.k.p.i.IntermediateProofReplayer Proof replay took 5.3ns 
50430      INFO  main            d.u.i.k.p.r.p.TestFile    ... finished proof: closed. 
50632      INFO  main            d.u.i.k.p.i.AbstractProblemLoader Loading environment from /home/runner/work/key/key/key.core/../key.ui/examples/standard_key/java_dl/switch/while_and_switch.key.proof 
50632      DEBUG main            d.u.i.k.p.i.AbstractProblemLoader Environment load took 351.6ns 
50633      INFO  main            d.u.i.k.p.i.AbstractProblemLoader Creating init config 
53049      DEBUG main            d.u.i.k.p.i.AbstractProblemLoader Init config took 2.42s 
53086      INFO  main            d.u.i.k.p.i.AbstractProblemLoader Replaying proof WhileAndSwitch[WhileAndSwitch::m(int)].JML normal_behavior operation contract.0 
53206      DEBUG main            d.u.i.k.p.i.IntermediateProofReplayer Proof replay took 114.13ms 
53207      DEBUG main            d.u.i.k.p.r.p.TestFile    ... success: reloaded. 
53209      INFO  main            d.u.i.k.p.r.p.TestFile    Now processing file /home/runner/work/key/key/key.core/../key.ui/examples/standard_key/java_dl/switch/large_switch.key 
53209      INFO  main            d.u.i.k.p.i.AbstractProblemLoader Loading environment from /home/runner/work/key/key/key.core/../key.ui/examples/standard_key/java_dl/switch/large_switch.key 
53209      DEBUG main            d.u.i.k.p.i.AbstractProblemLoader Environment load took 157.8ns 
53210      INFO  main            d.u.i.k.p.i.AbstractProblemLoader Creating init config 
55634      DEBUG main            d.u.i.k.p.i.AbstractProblemLoader Init config took 2.42s 
55669      INFO  main            d.u.i.k.p.i.AbstractProblemLoader Replaying proof LargeSwitch[LargeSwitch::m(int)].JML normal_behavior operation contract.0 
55670      DEBUG main            d.u.i.k.p.i.IntermediateProofReplayer Proof replay took 5.4ns 
56780      INFO  main            d.u.i.k.p.r.p.TestFile    ... finished proof: closed. 
56979      INFO  main            d.u.i.k.p.i.AbstractProblemLoader Loading environment from /home/runner/work/key/key/key.core/../key.ui/examples/standard_key/java_dl/switch/large_switch.key.proof 
56980      DEBUG main            d.u.i.k.p.i.AbstractProblemLoader Environment load took 113.3ns 
56981      INFO  main            d.u.i.k.p.i.AbstractProblemLoader Creating init config 
59389      DEBUG main            d.u.i.k.p.i.AbstractProblemLoader Init config took 2.41s 
59428      INFO  main            d.u.i.k.p.i.AbstractProblemLoader Replaying proof LargeSwitch[LargeSwitch::m(int)].JML normal_behavior operation contract.0 
59745      DEBUG main            d.u.i.k.p.i.IntermediateProofReplayer Proof replay took 298.75ms 
59746      DEBUG main            d.u.i.k.p.r.p.TestFile    ... success: reloaded. 
4993475    INFO  Test worker     d.u.i.k.p.r.RunAllProofsTestUnit Returning from test switch 
4993476    INFO  Test worker     d.u.i.k.p.r.RunAllProofsTestUnit Running test redux 
410        INFO  Timeout watchdog d.u.i.k.p.r.p.ForkedTestFileRunner Timeout watcher launched (2000 secs.) 
431        WARN  main            d.u.i.k.s.ProofSettings   The settings in /home/runner/.key/proof-settings.props are *not* read. 
474        INFO  main            d.u.i.k.p.r.p.TestFile    Now processing file /home/runner/work/key/key/key.core/../key.ui/examples/redux/arrays/Arrays.copyOf.key 
609        INFO  main            d.u.i.k.p.i.AbstractProblemLoader Loading environment from /home/runner/work/key/key/key.core/../key.ui/examples/redux/arrays/Arrays.copyOf.key 
624        DEBUG main            d.u.i.k.p.i.AbstractProblemLoader Environment load took 1.97ms 
855        INFO  main            d.u.i.k.p.i.AbstractProblemLoader Creating init config 
1840       DEBUG main            d.u.i.k.j.TypeConverter   No LDT found for Meta 
1841       DEBUG main            d.u.i.k.j.TypeConverter   No LDT found for Meta 
1843       DEBUG main            d.u.i.k.j.TypeConverter   No LDT found for Meta 
1844       DEBUG main            d.u.i.k.j.TypeConverter   No LDT found for Meta 
3211       DEBUG main            d.u.i.k.j.TypeConverter   No LDT found for JavaBigintExpression 
8301       DEBUG main            d.u.i.k.p.i.AbstractProblemLoader Init config took 7.45s 
8454       INFO  main            d.u.i.k.p.i.AbstractProblemLoader Replaying proof Arrays[Arrays::copyOf([I,int)].JML normal_behavior operation contract.0 
8481       DEBUG main            d.u.i.k.p.i.IntermediateProofReplayer Proof replay took 31.9ns 
13400      INFO  main            d.u.i.k.p.r.p.TestFile    ... finished proof: closed. 
13553      INFO  main            d.u.i.k.p.i.AbstractProblemLoader Loading environment from /home/runner/work/key/key/key.core/../key.ui/examples/redux/arrays/Arrays.copyOf.key.proof 
13554      DEBUG main            d.u.i.k.p.i.AbstractProblemLoader Environment load took 179.3ns 
13556      INFO  main            d.u.i.k.p.i.AbstractProblemLoader Creating init config 
16588      DEBUG main            d.u.i.k.p.i.AbstractProblemLoader Init config took 3.03s 
16644      INFO  main            d.u.i.k.p.i.AbstractProblemLoader Replaying proof Arrays[Arrays::copyOf([I,int)].JML normal_behavior operation contract.0 
17182      DEBUG main            d.u.i.k.p.i.IntermediateProofReplayer Proof replay took 519.04ms 
17189      DEBUG main            d.u.i.k.p.r.p.TestFile    ... success: reloaded. 
17191      INFO  main            d.u.i.k.p.r.p.TestFile    Now processing file /home/runner/work/key/key/key.core/../key.ui/examples/redux/arrays/Arrays.copyOf.float.key 
17191      INFO  main            d.u.i.k.p.i.AbstractProblemLoader Loading environment from /home/runner/work/key/key/key.core/../key.ui/examples/redux/arrays/Arrays.copyOf.float.key 
17191      DEBUG main            d.u.i.k.p.i.AbstractProblemLoader Environment load took 181.7ns 
17193      INFO  main            d.u.i.k.p.i.AbstractProblemLoader Creating init config 
20241      DEBUG main            d.u.i.k.p.i.AbstractProblemLoader Init config took 3.05s 
20294      INFO  main            d.u.i.k.p.i.AbstractProblemLoader Replaying proof Arrays[Arrays::copyOf([F,int)].JML normal_behavior operation contract.0 
20296      DEBUG main            d.u.i.k.p.i.IntermediateProofReplayer Proof replay took 5.1ns 
20319      DEBUG main            d.u.i.k.m.s.ProofScriptEngine 1: 'macro autopilot' 
24534      DEBUG main            d.u.i.k.m.s.ProofScriptEngine 2: 'smt solver=Z3' 
24597      INFO  main            d.u.i.k.m.s.SMTCommand    Finished run on goal 17 in 38ms, result is valid 
24597      DEBUG main            d.u.i.k.m.s.ProofScriptEngine 3: 'tryclose' 
26174      INFO  main            d.u.i.k.p.r.p.TestFile    ... finished proof: closed. 
26347      INFO  main            d.u.i.k.p.i.AbstractProblemLoader Loading environment from /home/runner/work/key/key/key.core/../key.ui/examples/redux/arrays/Arrays.copyOf.float.key.proof 
26347      DEBUG main            d.u.i.k.p.i.AbstractProblemLoader Environment load took 345.4ns 
26350      INFO  main            d.u.i.k.p.i.AbstractProblemLoader Creating init config 
29268      DEBUG main            d.u.i.k.p.i.AbstractProblemLoader Init config took 2.92s 
29316      INFO  main            d.u.i.k.p.i.AbstractProblemLoader Replaying proof Arrays[Arrays::copyOf([F,int)].JML normal_behavior operation contract.0 
30008      DEBUG main            d.u.i.k.p.i.IntermediateProofReplayer Proof replay took 673.76ms 
30010      DEBUG main            d.u.i.k.p.r.p.TestFile    ... success: reloaded. 
30012      INFO  main            d.u.i.k.p.r.p.TestFile    Now processing file /home/runner/work/key/key/key.core/../key.ui/examples/redux/arrays/Arrays.copyOfRange.key 
30012      INFO  main            d.u.i.k.p.i.AbstractProblemLoader Loading environment from /home/runner/work/key/key/key.core/../key.ui/examples/redux/arrays/Arrays.copyOfRange.key 
30012      DEBUG main            d.u.i.k.p.i.AbstractProblemLoader Environment load took 104.7ns 
30014      INFO  main            d.u.i.k.p.i.AbstractProblemLoader Creating init config 
33000      DEBUG main            d.u.i.k.p.i.AbstractProblemLoader Init config took 2.99s 
33043      INFO  main            d.u.i.k.p.i.AbstractProblemLoader Replaying proof Arrays[Arrays::copyOfRange([I,int,int)].JML normal_behavior operation contract.0 
33044      DEBUG main            d.u.i.k.p.i.IntermediateProofReplayer Proof replay took 4.9ns 
37319      INFO  main            d.u.i.k.p.r.p.TestFile    ... finished proof: closed. 
37529      INFO  main            d.u.i.k.p.i.AbstractProblemLoader Loading environment from /home/runner/work/key/key/key.core/../key.ui/examples/redux/arrays/Arrays.copyOfRange.key.proof 
37529      DEBUG main            d.u.i.k.p.i.AbstractProblemLoader Environment load took 326.3ns 
37531      INFO  main            d.u.i.k.p.i.AbstractProblemLoader Creating init config 
40383      DEBUG main            d.u.i.k.p.i.AbstractProblemLoader Init config took 2.85s 
40424      INFO  main            d.u.i.k.p.i.AbstractProblemLoader Replaying proof Arrays[Arrays::copyOfRange([I,int,int)].JML normal_behavior operation contract.0 
40904      DEBUG main            d.u.i.k.p.i.IntermediateProofReplayer Proof replay took 460.44ms 
40906      DEBUG main            d.u.i.k.p.r.p.TestFile    ... success: reloaded. 
40906      INFO  main            d.u.i.k.p.r.p.TestFile    Now processing file /home/runner/work/key/key/key.core/../key.ui/examples/redux/arrays/Arrays.copyOfRange.float.key 
40907      INFO  main            d.u.i.k.p.i.AbstractProblemLoader Loading environment from /home/runner/work/key/key/key.core/../key.ui/examples/redux/arrays/Arrays.copyOfRange.float.key 
40907      DEBUG main            d.u.i.k.p.i.AbstractProblemLoader Environment load took 155ns 
40908      INFO  main            d.u.i.k.p.i.AbstractProblemLoader Creating init config 
43771      DEBUG main            d.u.i.k.p.i.AbstractProblemLoader Init config took 2.86s 
43811      INFO  main            d.u.i.k.p.i.AbstractProblemLoader Replaying proof Arrays[Arrays::copyOfRange([F,int,int)].JML normal_behavior operation contract.0 
43812      DEBUG main            d.u.i.k.p.i.IntermediateProofReplayer Proof replay took 5.3ns 
43812      DEBUG main            d.u.i.k.m.s.ProofScriptEngine 1: 'macro autopilot' 
49337      DEBUG main            d.u.i.k.m.s.ProofScriptEngine 2: 'smt solver=Z3' 
49386      INFO  main            d.u.i.k.m.s.SMTCommand    Finished run on goal 27 in 39ms, result is valid 
49386      DEBUG main            d.u.i.k.m.s.ProofScriptEngine 3: 'tryclose' 
52631      INFO  main            d.u.i.k.p.r.p.TestFile    ... finished proof: closed. 
52828      INFO  main            d.u.i.k.p.i.AbstractProblemLoader Loading environment from /home/runner/work/key/key/key.core/../key.ui/examples/redux/arrays/Arrays.copyOfRange.float.key.proof 
52829      DEBUG main            d.u.i.k.p.i.AbstractProblemLoader Environment load took 367.2ns 
52831      INFO  main            d.u.i.k.p.i.AbstractProblemLoader Creating init config 
55642      DEBUG main            d.u.i.k.p.i.AbstractProblemLoader Init config took 2.81s 
55700      INFO  main            d.u.i.k.p.i.AbstractProblemLoader Replaying proof Arrays[Arrays::copyOfRange([F,int,int)].JML normal_behavior operation contract.0 
56627      DEBUG main            d.u.i.k.p.i.IntermediateProofReplayer Proof replay took 903.15ms 
56629      DEBUG main            d.u.i.k.p.r.p.TestFile    ... success: reloaded. 
56629      INFO  main            d.u.i.k.p.r.p.TestFile    Now processing file /home/runner/work/key/key/key.core/../key.ui/examples/redux/arrays/Arrays.equals.key 
56630      INFO  main            d.u.i.k.p.i.AbstractProblemLoader Loading environment from /home/runner/work/key/key/key.core/../key.ui/examples/redux/arrays/Arrays.equals.key 
56630      DEBUG main            d.u.i.k.p.i.AbstractProblemLoader Environment load took 74ns 
56630      INFO  main            d.u.i.k.p.i.AbstractProblemLoader Creating init config 
59511      DEBUG main            d.u.i.k.p.i.AbstractProblemLoader Init config took 2.88s 
59552      INFO  main            d.u.i.k.p.i.AbstractProblemLoader Replaying proof Arrays[Arrays::equals([B,[B)].JML normal_behavior operation contract.0 
59554      DEBUG main            d.u.i.k.p.i.IntermediateProofReplayer Proof replay took 5.2ns 
60057      INFO  main            d.u.i.k.p.r.p.TestFile    ... finished proof: closed. 
60281      INFO  main            d.u.i.k.p.i.AbstractProblemLoader Loading environment from /home/runner/work/key/key/key.core/../key.ui/examples/redux/arrays/Arrays.equals.key.proof 
60281      DEBUG main            d.u.i.k.p.i.AbstractProblemLoader Environment load took 326.1ns 
60282      INFO  main            d.u.i.k.p.i.AbstractProblemLoader Creating init config 
63068      DEBUG main            d.u.i.k.p.i.AbstractProblemLoader Init config took 2.79s 
63109      INFO  main            d.u.i.k.p.i.AbstractProblemLoader Replaying proof Arrays[Arrays::equals([B,[B)].JML normal_behavior operation contract.0 
63265      DEBUG main            d.u.i.k.p.i.IntermediateProofReplayer Proof replay took 152.3ms 
63266      DEBUG main            d.u.i.k.p.r.p.TestFile    ... success: reloaded. 
63266      INFO  main            d.u.i.k.p.r.p.TestFile    Now processing file /home/runner/work/key/key/key.core/../key.ui/examples/redux/arrays/Arrays.fill.key 
63267      INFO  main            d.u.i.k.p.i.AbstractProblemLoader Loading environment from /home/runner/work/key/key/key.core/../key.ui/examples/redux/arrays/Arrays.fill.key 
63267      DEBUG main            d.u.i.k.p.i.AbstractProblemLoader Environment load took 162ns 
63268      INFO  main            d.u.i.k.p.i.AbstractProblemLoader Creating init config 
66120      DEBUG main            d.u.i.k.p.i.AbstractProblemLoader Init config took 2.85s 
66163      INFO  main            d.u.i.k.p.i.AbstractProblemLoader Replaying proof Arrays[Arrays::fill([I,int)].JML normal_behavior operation contract.0 
66165      DEBUG main            d.u.i.k.p.i.IntermediateProofReplayer Proof replay took 5ns 
66367      INFO  main            d.u.i.k.p.r.p.TestFile    ... finished proof: closed. 
66528      INFO  main            d.u.i.k.p.i.AbstractProblemLoader Loading environment from /home/runner/work/key/key/key.core/../key.ui/examples/redux/arrays/Arrays.fill.key.proof 
66528      DEBUG main            d.u.i.k.p.i.AbstractProblemLoader Environment load took 482.9ns 
66529      INFO  main            d.u.i.k.p.i.AbstractProblemLoader Creating init config 
69336      DEBUG main            d.u.i.k.p.i.AbstractProblemLoader Init config took 2.81s 
69377      INFO  main            d.u.i.k.p.i.AbstractProblemLoader Replaying proof Arrays[Arrays::fill([I,int)].JML normal_behavior operation contract.0 
69410      DEBUG main            d.u.i.k.p.i.IntermediateProofReplayer Proof replay took 30.52ms 
69411      DEBUG main            d.u.i.k.p.r.p.TestFile    ... success: reloaded. 
69412      INFO  main            d.u.i.k.p.r.p.TestFile    Now processing file /home/runner/work/key/key/key.core/../key.ui/examples/redux/arrays/Arrays.fill.float.key 
69412      INFO  main            d.u.i.k.p.i.AbstractProblemLoader Loading environment from /home/runner/work/key/key/key.core/../key.ui/examples/redux/arrays/Arrays.fill.float.key 
69412      DEBUG main            d.u.i.k.p.i.AbstractProblemLoader Environment load took 157.2ns 
69413      INFO  main            d.u.i.k.p.i.AbstractProblemLoader Creating init config 
72233      DEBUG main            d.u.i.k.p.i.AbstractProblemLoader Init config took 2.82s 
72268      INFO  main            d.u.i.k.p.i.AbstractProblemLoader Replaying proof Arrays[Arrays::fill([F,float)].JML normal_behavior operation contract.0 
72269      DEBUG main            d.u.i.k.p.i.IntermediateProofReplayer Proof replay took 5ns 
72473      INFO  main            d.u.i.k.p.r.p.TestFile    ... finished proof: closed. 
72633      INFO  main            d.u.i.k.p.i.AbstractProblemLoader Loading environment from /home/runner/work/key/key/key.core/../key.ui/examples/redux/arrays/Arrays.fill.float.key.proof 
72633      DEBUG main            d.u.i.k.p.i.AbstractProblemLoader Environment load took 125.8ns 
72634      INFO  main            d.u.i.k.p.i.AbstractProblemLoader Creating init config 
75410      DEBUG main            d.u.i.k.p.i.AbstractProblemLoader Init config took 2.78s 
75450      INFO  main            d.u.i.k.p.i.AbstractProblemLoader Replaying proof Arrays[Arrays::fill([F,float)].JML normal_behavior operation contract.0 
75492      DEBUG main            d.u.i.k.p.i.IntermediateProofReplayer Proof replay took 39.87ms 
75494      DEBUG main            d.u.i.k.p.r.p.TestFile    ... success: reloaded. 
75495      INFO  main            d.u.i.k.p.r.p.TestFile    Now processing file /home/runner/work/key/key/key.core/../key.ui/examples/redux/arrays/Arrays.fillFromTo.key 
75495      INFO  main            d.u.i.k.p.i.AbstractProblemLoader Loading environment from /home/runner/work/key/key/key.core/../key.ui/examples/redux/arrays/Arrays.fillFromTo.key 
75495      DEBUG main            d.u.i.k.p.i.AbstractProblemLoader Environment load took 388ns 
75496      INFO  main            d.u.i.k.p.i.AbstractProblemLoader Creating init config 
78328      DEBUG main            d.u.i.k.p.i.AbstractProblemLoader Init config took 2.83s 
78371      INFO  main            d.u.i.k.p.i.AbstractProblemLoader Replaying proof Arrays[Arrays::fill([I,int,int,int)].JML normal_behavior operation contract.0 
78373      DEBUG main            d.u.i.k.p.i.IntermediateProofReplayer Proof replay took 4.8ns 
78878      INFO  main            d.u.i.k.p.r.p.TestFile    ... finished proof: closed. 
79073      INFO  main            d.u.i.k.p.i.AbstractProblemLoader Loading environment from /home/runner/work/key/key/key.core/../key.ui/examples/redux/arrays/Arrays.fillFromTo.key.proof 
79073      DEBUG main            d.u.i.k.p.i.AbstractProblemLoader Environment load took 110.2ns 
79074      INFO  main            d.u.i.k.p.i.AbstractProblemLoader Creating init config 
81851      DEBUG main            d.u.i.k.p.i.AbstractProblemLoader Init config took 2.78s 
81886      INFO  main            d.u.i.k.p.i.AbstractProblemLoader Replaying proof Arrays[Arrays::fill([I,int,int,int)].JML normal_behavior operation contract.0 
81994      DEBUG main            d.u.i.k.p.i.IntermediateProofReplayer Proof replay took 104.13ms 
81995      DEBUG main            d.u.i.k.p.r.p.TestFile    ... success: reloaded. 
81996      INFO  main            d.u.i.k.p.r.p.TestFile    Now processing file /home/runner/work/key/key/key.core/../key.ui/examples/redux/arrays/Arrays.fillFromTo.float.key 
81996      INFO  main            d.u.i.k.p.i.AbstractProblemLoader Loading environment from /home/runner/work/key/key/key.core/../key.ui/examples/redux/arrays/Arrays.fillFromTo.float.key 
81996      DEBUG main            d.u.i.k.p.i.AbstractProblemLoader Environment load took 151.8ns 
81997      INFO  main            d.u.i.k.p.i.AbstractProblemLoader Creating init config 
84825      DEBUG main            d.u.i.k.p.i.AbstractProblemLoader Init config took 2.83s 
84860      INFO  main            d.u.i.k.p.i.AbstractProblemLoader Replaying proof Arrays[Arrays::fill([F,int,int,float)].JML normal_behavior operation contract.0 
84861      DEBUG main            d.u.i.k.p.i.IntermediateProofReplayer Proof replay took 5.3ns 
85464      INFO  main            d.u.i.k.p.r.p.TestFile    ... finished proof: closed. 
85669      INFO  main            d.u.i.k.p.i.AbstractProblemLoader Loading environment from /home/runner/work/key/key/key.core/../key.ui/examples/redux/arrays/Arrays.fillFromTo.float.key.proof 
85669      DEBUG main            d.u.i.k.p.i.AbstractProblemLoader Environment load took 309.6ns 
85670      INFO  main            d.u.i.k.p.i.AbstractProblemLoader Creating init config 
88425      DEBUG main            d.u.i.k.p.i.AbstractProblemLoader Init config took 2.75s 
88462      INFO  main            d.u.i.k.p.i.AbstractProblemLoader Replaying proof Arrays[Arrays::fill([F,int,int,float)].JML normal_behavior operation contract.0 
88608      DEBUG main            d.u.i.k.p.i.IntermediateProofReplayer Proof replay took 139.64ms 
88609      DEBUG main            d.u.i.k.p.r.p.TestFile    ... success: reloaded. 
88610      INFO  main            d.u.i.k.p.r.p.TestFile    Now processing file /home/runner/work/key/key/key.core/../key.ui/examples/redux/arrays/ArrayCopy.arraycopy.normal.0.key 
88610      INFO  main            d.u.i.k.p.i.AbstractProblemLoader Loading environment from /home/runner/work/key/key/key.core/../key.ui/examples/redux/arrays/ArrayCopy.arraycopy.normal.0.key 
88610      DEBUG main            d.u.i.k.p.i.AbstractProblemLoader Environment load took 81.5ns 
88611      INFO  main            d.u.i.k.p.i.AbstractProblemLoader Creating init config 
91478      DEBUG main            d.u.i.k.p.i.AbstractProblemLoader Init config took 2.87s 
91511      INFO  main            d.u.i.k.p.i.AbstractProblemLoader Replaying proof ArrayCopy[ArrayCopy::arraycopy(java.lang.Object,int,java.lang.Object,int,int)].JML normal_behavior operation contract.0 
91512      DEBUG main            d.u.i.k.p.i.IntermediateProofReplayer Proof replay took 4.7ns 
97364      INFO  main            d.u.i.k.p.r.p.TestFile    ... finished proof: closed. 
97573      INFO  main            d.u.i.k.p.i.AbstractProblemLoader Loading environment from /home/runner/work/key/key/key.core/../key.ui/examples/redux/arrays/ArrayCopy.arraycopy.normal.0.key.proof 
97574      DEBUG main            d.u.i.k.p.i.AbstractProblemLoader Environment load took 301.2ns 
97575      INFO  main            d.u.i.k.p.i.AbstractProblemLoader Creating init config 
100332     DEBUG main            d.u.i.k.p.i.AbstractProblemLoader Init config took 2.76s 
100365     INFO  main            d.u.i.k.p.i.AbstractProblemLoader Replaying proof ArrayCopy[ArrayCopy::arraycopy(java.lang.Object,int,java.lang.Object,int,int)].JML normal_behavior operation contract.0 
101231     DEBUG main            d.u.i.k.p.i.IntermediateProofReplayer Proof replay took 850.99ms 
101232     DEBUG main            d.u.i.k.p.r.p.TestFile    ... success: reloaded. 
101233     INFO  main            d.u.i.k.p.r.p.TestFile    Now processing file /home/runner/work/key/key/key.core/../key.ui/examples/redux/arrays/ArrayCopy.arraycopy.exceptional.0.key 
101234     INFO  main            d.u.i.k.p.i.AbstractProblemLoader Loading environment from /home/runner/work/key/key/key.core/../key.ui/examples/redux/arrays/ArrayCopy.arraycopy.exceptional.0.key 
101234     DEBUG main            d.u.i.k.p.i.AbstractProblemLoader Environment load took 156.9ns 
101234     INFO  main            d.u.i.k.p.i.AbstractProblemLoader Creating init config 
104062     DEBUG main            d.u.i.k.p.i.AbstractProblemLoader Init config took 2.83s 
104097     INFO  main            d.u.i.k.p.i.AbstractProblemLoader Replaying proof ArrayCopy[ArrayCopy::arraycopy(java.lang.Object,int,java.lang.Object,int,int)].JML exceptional_behavior operation contract.0 
104098     DEBUG main            d.u.i.k.p.i.IntermediateProofReplayer Proof replay took 4.7ns 
104401     INFO  main            d.u.i.k.p.r.p.TestFile    ... finished proof: closed. 
104599     INFO  main            d.u.i.k.p.i.AbstractProblemLoader Loading environment from /home/runner/work/key/key/key.core/../key.ui/examples/redux/arrays/ArrayCopy.arraycopy.exceptional.0.key.proof 
104599     DEBUG main            d.u.i.k.p.i.AbstractProblemLoader Environment load took 102.8ns 
104600     INFO  main            d.u.i.k.p.i.AbstractProblemLoader Creating init config 
107387     DEBUG main            d.u.i.k.p.i.AbstractProblemLoader Init config took 2.79s 
107419     INFO  main            d.u.i.k.p.i.AbstractProblemLoader Replaying proof ArrayCopy[ArrayCopy::arraycopy(java.lang.Object,int,java.lang.Object,int,int)].JML exceptional_behavior operation contract.0 
107526     DEBUG main            d.u.i.k.p.i.IntermediateProofReplayer Proof replay took 104.93ms 
107527     DEBUG main            d.u.i.k.p.r.p.TestFile    ... success: reloaded. 
107527     INFO  main            d.u.i.k.p.r.p.TestFile    Now processing file /home/runner/work/key/key/key.core/../key.ui/examples/redux/arrays/ArrayCopy.arraycopy.exceptional.1.key 
107528     INFO  main            d.u.i.k.p.i.AbstractProblemLoader Loading environment from /home/runner/work/key/key/key.core/../key.ui/examples/redux/arrays/ArrayCopy.arraycopy.exceptional.1.key 
107528     DEBUG main            d.u.i.k.p.i.AbstractProblemLoader Environment load took 93.6ns 
107529     INFO  main            d.u.i.k.p.i.AbstractProblemLoader Creating init config 
110292     DEBUG main            d.u.i.k.p.i.AbstractProblemLoader Init config took 2.76s 
110342     INFO  main            d.u.i.k.p.i.AbstractProblemLoader Replaying proof ArrayCopy[ArrayCopy::arraycopy(java.lang.Object,int,java.lang.Object,int,int)].JML exceptional_behavior operation contract.1 
110343     DEBUG main            d.u.i.k.p.i.IntermediateProofReplayer Proof replay took 5.3ns 
115972     INFO  main            d.u.i.k.p.r.p.TestFile    ... finished proof: closed. 
116186     INFO  main            d.u.i.k.p.i.AbstractProblemLoader Loading environment from /home/runner/work/key/key/key.core/../key.ui/examples/redux/arrays/ArrayCopy.arraycopy.exceptional.1.key.proof 
116187     DEBUG main            d.u.i.k.p.i.AbstractProblemLoader Environment load took 114.4ns 
116188     INFO  main            d.u.i.k.p.i.AbstractProblemLoader Creating init config 
118916     DEBUG main            d.u.i.k.p.i.AbstractProblemLoader Init config took 2.73s 
118947     INFO  main            d.u.i.k.p.i.AbstractProblemLoader Replaying proof ArrayCopy[ArrayCopy::arraycopy(java.lang.Object,int,java.lang.Object,int,int)].JML exceptional_behavior operation contract.1 
120465     DEBUG main            d.u.i.k.p.i.IntermediateProofReplayer Proof replay took 1.5s 
120467     DEBUG main            d.u.i.k.p.r.p.TestFile    ... success: reloaded. 
5114112    INFO  Test worker     d.u.i.k.p.r.RunAllProofsTestUnit Returning from test redux 
]]></system-out>
  <system-err><![CDATA[]]></system-err>
</testsuite>
