<?xml version="1.0" encoding="UTF-8"?>
<testsuite name="de.uka.ilkd.key.logic.TestPosInOcc" tests="2" skipped="0" failures="0" errors="0" timestamp="2023-02-05T15:40:15" hostname="fv-az456-167" time="0.006">
  <properties/>
  <testcase name="testReplaceConstrainedFormula()" classname="de.uka.ilkd.key.logic.TestPosInOcc" time="0.001"/>
  <testcase name="testIterator()" classname="de.uka.ilkd.key.logic.TestPosInOcc" time="0.004"/>
  <system-out><![CDATA[]]></system-out>
  <system-err><![CDATA[]]></system-err>
</testsuite>
