<?xml version="1.0" encoding="UTF-8"?>
<testsuite name="recoder.testsuite.basic.syntax.ParserPrinterTest" tests="1" skipped="0" failures="0" errors="0" timestamp="2023-04-03T12:06:03" hostname="fv-az454-807" time="0.004">
  <properties/>
  <testcase name="testParserPrinter" classname="recoder.testsuite.basic.syntax.ParserPrinterTest" time="0.004"/>
  <system-out><![CDATA[]]></system-out>
  <system-err><![CDATA[]]></system-err>
</testsuite>
