<?xml version="1.0" encoding="UTF-8"?>
<testsuite name="de.uka.ilkd.key.logic.TestClashFreeSubst" tests="14" skipped="2" failures="0" errors="0" timestamp="2023-03-09T10:24:40" hostname="fv-az572-336" time="64.048">
  <properties/>
  <testcase name="testMultiShareBound()" classname="de.uka.ilkd.key.logic.TestClashFreeSubst" time="1.199"/>
  <testcase name="testClash()" classname="de.uka.ilkd.key.logic.TestClashFreeSubst" time="1.166"/>
  <testcase name="testShare()" classname="de.uka.ilkd.key.logic.TestClashFreeSubst" time="1.206"/>
  <testcase name="testSubst()" classname="de.uka.ilkd.key.logic.TestClashFreeSubst" time="1.192"/>
  <testcase name="testWary0()" classname="de.uka.ilkd.key.logic.TestClashFreeSubst" time="1.147"/>
  <testcase name="testWary1()" classname="de.uka.ilkd.key.logic.TestClashFreeSubst" time="1.177"/>
  <testcase name="testWary2()" classname="de.uka.ilkd.key.logic.TestClashFreeSubst" time="1.224"/>
  <testcase name="testClashInSubstTerm()" classname="de.uka.ilkd.key.logic.TestClashFreeSubst" time="1.14"/>
  <testcase name="testShareWary()" classname="de.uka.ilkd.key.logic.TestClashFreeSubst" time="1.203"/>
  <testcase name="testMultiSubst()" classname="de.uka.ilkd.key.logic.TestClashFreeSubst" time="1.138"/>
  <testcase name="xtestMultiClash()" classname="de.uka.ilkd.key.logic.TestClashFreeSubst" time="0.001">
    <skipped/>
  </testcase>
  <testcase name="testSubstInSubstTerm()" classname="de.uka.ilkd.key.logic.TestClashFreeSubst" time="1.174"/>
  <testcase name="testSubstWary()" classname="de.uka.ilkd.key.logic.TestClashFreeSubst" time="1.189"/>
  <testcase name="xtestMultiClash1()" classname="de.uka.ilkd.key.logic.TestClashFreeSubst" time="0.001">
    <skipped/>
  </testcase>
  <system-out><![CDATA[]]></system-out>
  <system-err><![CDATA[]]></system-err>
</testsuite>
