<?xml version="1.0" encoding="UTF-8"?>
<testsuite name="de.uka.ilkd.key.proof.runallproofs.RunAllProofsFunctional" tests="47" skipped="0" failures="47" errors="0" timestamp="2023-03-14T12:47:34" hostname="fv-az566-2" time="38.591">
  <properties/>
  <testcase name="newBook" classname="de.uka.ilkd.key.proof.runallproofs.RunAllProofsFunctional" time="0.952">
    <failure message="org.opentest4j.AssertionFailedError: Executed process terminated with non-zero exit value. ==&gt; expected: &lt;0&gt; but was: &lt;1&gt;" type="org.opentest4j.AssertionFailedError">org.opentest4j.AssertionFailedError: Executed process terminated with non-zero exit value. ==&gt; expected: &lt;0&gt; but was: &lt;1&gt;
	at app//org.junit.jupiter.api.AssertionFailureBuilder.build(AssertionFailureBuilder.java:151)
	at app//org.junit.jupiter.api.AssertionFailureBuilder.buildAndThrow(AssertionFailureBuilder.java:132)
	at app//org.junit.jupiter.api.AssertEquals.failNotEqual(AssertEquals.java:197)
	at app//org.junit.jupiter.api.AssertEquals.assertEquals(AssertEquals.java:150)
	at app//org.junit.jupiter.api.Assertions.assertEquals(Assertions.java:560)
	at app//de.uka.ilkd.key.proof.runallproofs.proofcollection.ForkedTestFileRunner.processTestFiles(ForkedTestFileRunner.java:129)
	at app//de.uka.ilkd.key.proof.runallproofs.RunAllProofsTestUnit.runTest(RunAllProofsTestUnit.java:85)
	at app//de.uka.ilkd.key.proof.runallproofs.RunAllProofsTest.lambda$data$0(RunAllProofsTest.java:83)
	at app//org.junit.jupiter.engine.descriptor.DynamicTestTestDescriptor.lambda$execute$0(DynamicTestTestDescriptor.java:53)
	at app//org.junit.jupiter.engine.execution.InvocationInterceptorChain$ValidatingInvocation.proceed(InvocationInterceptorChain.java:131)
	at app//org.junit.jupiter.api.extension.InvocationInterceptor.interceptDynamicTest(InvocationInterceptor.java:167)
	at app//org.junit.jupiter.api.extension.InvocationInterceptor.interceptDynamicTest(InvocationInterceptor.java:184)
	at app//org.junit.jupiter.engine.descriptor.DynamicTestTestDescriptor.lambda$execute$1(DynamicTestTestDescriptor.java:61)
	at app//org.junit.jupiter.engine.execution.InvocationInterceptorChain$InterceptorCall.lambda$ofVoid$0(InvocationInterceptorChain.java:78)
	at app//org.junit.jupiter.engine.execution.InvocationInterceptorChain$InterceptedInvocation.proceed(InvocationInterceptorChain.java:106)
	at app//org.junit.jupiter.engine.execution.InvocationInterceptorChain.proceed(InvocationInterceptorChain.java:64)
	at app//org.junit.jupiter.engine.execution.InvocationInterceptorChain.chainAndInvoke(InvocationInterceptorChain.java:45)
	at app//org.junit.jupiter.engine.execution.InvocationInterceptorChain.invoke(InvocationInterceptorChain.java:37)
	at app//org.junit.jupiter.engine.descriptor.DynamicTestTestDescriptor.execute(DynamicTestTestDescriptor.java:60)
	at app//org.junit.jupiter.engine.descriptor.DynamicTestTestDescriptor.execute(DynamicTestTestDescriptor.java:32)
	at app//org.junit.platform.engine.support.hierarchical.NodeTestTask.lambda$executeRecursively$6(NodeTestTask.java:151)
	at app//org.junit.platform.engine.support.hierarchical.ThrowableCollector.execute(ThrowableCollector.java:73)
	at app//org.junit.platform.engine.support.hierarchical.NodeTestTask.lambda$executeRecursively$8(NodeTestTask.java:141)
	at app//org.junit.platform.engine.support.hierarchical.Node.around(Node.java:137)
	at app//org.junit.platform.engine.support.hierarchical.NodeTestTask.lambda$executeRecursively$9(NodeTestTask.java:139)
	at app//org.junit.platform.engine.support.hierarchical.ThrowableCollector.execute(ThrowableCollector.java:73)
	at app//org.junit.platform.engine.support.hierarchical.NodeTestTask.executeRecursively(NodeTestTask.java:138)
	at app//org.junit.platform.engine.support.hierarchical.NodeTestTask.execute(NodeTestTask.java:95)
	at app//org.junit.platform.engine.support.hierarchical.SameThreadHierarchicalTestExecutorService.submit(SameThreadHierarchicalTestExecutorService.java:35)
	at app//org.junit.platform.engine.support.hierarchical.NodeTestTask$DefaultDynamicTestExecutor.execute(NodeTestTask.java:226)
	at app//org.junit.platform.engine.support.hierarchical.NodeTestTask$DefaultDynamicTestExecutor.execute(NodeTestTask.java:204)
	at java.base@11.0.18/java.util.Optional.ifPresent(Optional.java:183)
	at app//org.junit.jupiter.engine.descriptor.TestFactoryTestDescriptor.lambda$invokeTestMethod$1(TestFactoryTestDescriptor.java:108)
	at app//org.junit.platform.engine.support.hierarchical.ThrowableCollector.execute(ThrowableCollector.java:73)
	at app//org.junit.jupiter.engine.descriptor.TestFactoryTestDescriptor.invokeTestMethod(TestFactoryTestDescriptor.java:95)
	at app//org.junit.jupiter.engine.descriptor.TestMethodTestDescriptor.execute(TestMethodTestDescriptor.java:138)
	at app//org.junit.jupiter.engine.descriptor.TestMethodTestDescriptor.execute(TestMethodTestDescriptor.java:68)
	at app//org.junit.platform.engine.support.hierarchical.NodeTestTask.lambda$executeRecursively$6(NodeTestTask.java:151)
	at app//org.junit.platform.engine.support.hierarchical.ThrowableCollector.execute(ThrowableCollector.java:73)
	at app//org.junit.platform.engine.support.hierarchical.NodeTestTask.lambda$executeRecursively$8(NodeTestTask.java:141)
	at app//org.junit.platform.engine.support.hierarchical.Node.around(Node.java:137)
	at app//org.junit.platform.engine.support.hierarchical.NodeTestTask.lambda$executeRecursively$9(NodeTestTask.java:139)
	at app//org.junit.platform.engine.support.hierarchical.ThrowableCollector.execute(ThrowableCollector.java:73)
	at app//org.junit.platform.engine.support.hierarchical.NodeTestTask.executeRecursively(NodeTestTask.java:138)
	at app//org.junit.platform.engine.support.hierarchical.NodeTestTask.execute(NodeTestTask.java:95)
	at java.base@11.0.18/java.util.ArrayList.forEach(ArrayList.java:1541)
	at app//org.junit.platform.engine.support.hierarchical.SameThreadHierarchicalTestExecutorService.invokeAll(SameThreadHierarchicalTestExecutorService.java:41)
	at app//org.junit.platform.engine.support.hierarchical.NodeTestTask.lambda$executeRecursively$6(NodeTestTask.java:155)
	at app//org.junit.platform.engine.support.hierarchical.ThrowableCollector.execute(ThrowableCollector.java:73)
	at app//org.junit.platform.engine.support.hierarchical.NodeTestTask.lambda$executeRecursively$8(NodeTestTask.java:141)
	at app//org.junit.platform.engine.support.hierarchical.Node.around(Node.java:137)
	at app//org.junit.platform.engine.support.hierarchical.NodeTestTask.lambda$executeRecursively$9(NodeTestTask.java:139)
	at app//org.junit.platform.engine.support.hierarchical.ThrowableCollector.execute(ThrowableCollector.java:73)
	at app//org.junit.platform.engine.support.hierarchical.NodeTestTask.executeRecursively(NodeTestTask.java:138)
	at app//org.junit.platform.engine.support.hierarchical.NodeTestTask.execute(NodeTestTask.java:95)
	at java.base@11.0.18/java.util.ArrayList.forEach(ArrayList.java:1541)
	at app//org.junit.platform.engine.support.hierarchical.SameThreadHierarchicalTestExecutorService.invokeAll(SameThreadHierarchicalTestExecutorService.java:41)
	at app//org.junit.platform.engine.support.hierarchical.NodeTestTask.lambda$executeRecursively$6(NodeTestTask.java:155)
	at app//org.junit.platform.engine.support.hierarchical.ThrowableCollector.execute(ThrowableCollector.java:73)
	at app//org.junit.platform.engine.support.hierarchical.NodeTestTask.lambda$executeRecursively$8(NodeTestTask.java:141)
	at app//org.junit.platform.engine.support.hierarchical.Node.around(Node.java:137)
	at app//org.junit.platform.engine.support.hierarchical.NodeTestTask.lambda$executeRecursively$9(NodeTestTask.java:139)
	at app//org.junit.platform.engine.support.hierarchical.ThrowableCollector.execute(ThrowableCollector.java:73)
	at app//org.junit.platform.engine.support.hierarchical.NodeTestTask.executeRecursively(NodeTestTask.java:138)
	at app//org.junit.platform.engine.support.hierarchical.NodeTestTask.execute(NodeTestTask.java:95)
	at app//org.junit.platform.engine.support.hierarchical.SameThreadHierarchicalTestExecutorService.submit(SameThreadHierarchicalTestExecutorService.java:35)
	at app//org.junit.platform.engine.support.hierarchical.HierarchicalTestExecutor.execute(HierarchicalTestExecutor.java:57)
	at app//org.junit.platform.engine.support.hierarchical.HierarchicalTestEngine.execute(HierarchicalTestEngine.java:54)
	at org.junit.platform.launcher.core.EngineExecutionOrchestrator.execute(EngineExecutionOrchestrator.java:107)
	at org.junit.platform.launcher.core.EngineExecutionOrchestrator.execute(EngineExecutionOrchestrator.java:88)
	at org.junit.platform.launcher.core.EngineExecutionOrchestrator.lambda$execute$0(EngineExecutionOrchestrator.java:54)
	at org.junit.platform.launcher.core.EngineExecutionOrchestrator.withInterceptedStreams(EngineExecutionOrchestrator.java:67)
	at org.junit.platform.launcher.core.EngineExecutionOrchestrator.execute(EngineExecutionOrchestrator.java:52)
	at org.junit.platform.launcher.core.DefaultLauncher.execute(DefaultLauncher.java:114)
	at org.junit.platform.launcher.core.DefaultLauncher.execute(DefaultLauncher.java:86)
	at org.junit.platform.launcher.core.DefaultLauncherSession$DelegatingLauncher.execute(DefaultLauncherSession.java:86)
	at org.junit.platform.launcher.core.SessionPerRequestLauncher.execute(SessionPerRequestLauncher.java:53)
	at org.gradle.api.internal.tasks.testing.junitplatform.JUnitPlatformTestClassProcessor$CollectAllTestClassesExecutor.processAllTestClasses(JUnitPlatformTestClassProcessor.java:99)
	at org.gradle.api.internal.tasks.testing.junitplatform.JUnitPlatformTestClassProcessor$CollectAllTestClassesExecutor.access$000(JUnitPlatformTestClassProcessor.java:79)
	at org.gradle.api.internal.tasks.testing.junitplatform.JUnitPlatformTestClassProcessor.stop(JUnitPlatformTestClassProcessor.java:75)
	at org.gradle.api.internal.tasks.testing.SuiteTestClassProcessor.stop(SuiteTestClassProcessor.java:62)
	at java.base@11.0.18/jdk.internal.reflect.NativeMethodAccessorImpl.invoke0(Native Method)
	at java.base@11.0.18/jdk.internal.reflect.NativeMethodAccessorImpl.invoke(NativeMethodAccessorImpl.java:62)
	at java.base@11.0.18/jdk.internal.reflect.DelegatingMethodAccessorImpl.invoke(DelegatingMethodAccessorImpl.java:43)
	at java.base@11.0.18/java.lang.reflect.Method.invoke(Method.java:566)
	at org.gradle.internal.dispatch.ReflectionDispatch.dispatch(ReflectionDispatch.java:36)
	at org.gradle.internal.dispatch.ReflectionDispatch.dispatch(ReflectionDispatch.java:24)
	at org.gradle.internal.dispatch.ContextClassLoaderDispatch.dispatch(ContextClassLoaderDispatch.java:33)
	at org.gradle.internal.dispatch.ProxyDispatchAdapter$DispatchingInvocationHandler.invoke(ProxyDispatchAdapter.java:94)
	at com.sun.proxy.$Proxy2.stop(Unknown Source)
	at org.gradle.api.internal.tasks.testing.worker.TestWorker$3.run(TestWorker.java:193)
	at org.gradle.api.internal.tasks.testing.worker.TestWorker.executeAndMaintainThreadName(TestWorker.java:129)
	at org.gradle.api.internal.tasks.testing.worker.TestWorker.execute(TestWorker.java:100)
	at org.gradle.api.internal.tasks.testing.worker.TestWorker.execute(TestWorker.java:60)
	at org.gradle.process.internal.worker.child.ActionExecutionWorker.execute(ActionExecutionWorker.java:56)
	at org.gradle.process.internal.worker.child.SystemApplicationClassLoaderWorker.call(SystemApplicationClassLoaderWorker.java:113)
	at org.gradle.process.internal.worker.child.SystemApplicationClassLoaderWorker.call(SystemApplicationClassLoaderWorker.java:65)
	at app//worker.org.gradle.process.internal.worker.GradleWorkerMain.run(GradleWorkerMain.java:69)
	at app//worker.org.gradle.process.internal.worker.GradleWorkerMain.main(GradleWorkerMain.java:74)
</failure>
  </testcase>
  <testcase name="oldBook" classname="de.uka.ilkd.key.proof.runallproofs.RunAllProofsFunctional" time="0.732">
    <failure message="org.opentest4j.AssertionFailedError: Executed process terminated with non-zero exit value. ==&gt; expected: &lt;0&gt; but was: &lt;1&gt;" type="org.opentest4j.AssertionFailedError">org.opentest4j.AssertionFailedError: Executed process terminated with non-zero exit value. ==&gt; expected: &lt;0&gt; but was: &lt;1&gt;
	at app//org.junit.jupiter.api.AssertionFailureBuilder.build(AssertionFailureBuilder.java:151)
	at app//org.junit.jupiter.api.AssertionFailureBuilder.buildAndThrow(AssertionFailureBuilder.java:132)
	at app//org.junit.jupiter.api.AssertEquals.failNotEqual(AssertEquals.java:197)
	at app//org.junit.jupiter.api.AssertEquals.assertEquals(AssertEquals.java:150)
	at app//org.junit.jupiter.api.Assertions.assertEquals(Assertions.java:560)
	at app//de.uka.ilkd.key.proof.runallproofs.proofcollection.ForkedTestFileRunner.processTestFiles(ForkedTestFileRunner.java:129)
	at app//de.uka.ilkd.key.proof.runallproofs.RunAllProofsTestUnit.runTest(RunAllProofsTestUnit.java:85)
	at app//de.uka.ilkd.key.proof.runallproofs.RunAllProofsTest.lambda$data$0(RunAllProofsTest.java:83)
	at app//org.junit.jupiter.engine.descriptor.DynamicTestTestDescriptor.lambda$execute$0(DynamicTestTestDescriptor.java:53)
	at app//org.junit.jupiter.engine.execution.InvocationInterceptorChain$ValidatingInvocation.proceed(InvocationInterceptorChain.java:131)
	at app//org.junit.jupiter.api.extension.InvocationInterceptor.interceptDynamicTest(InvocationInterceptor.java:167)
	at app//org.junit.jupiter.api.extension.InvocationInterceptor.interceptDynamicTest(InvocationInterceptor.java:184)
	at app//org.junit.jupiter.engine.descriptor.DynamicTestTestDescriptor.lambda$execute$1(DynamicTestTestDescriptor.java:61)
	at app//org.junit.jupiter.engine.execution.InvocationInterceptorChain$InterceptorCall.lambda$ofVoid$0(InvocationInterceptorChain.java:78)
	at app//org.junit.jupiter.engine.execution.InvocationInterceptorChain$InterceptedInvocation.proceed(InvocationInterceptorChain.java:106)
	at app//org.junit.jupiter.engine.execution.InvocationInterceptorChain.proceed(InvocationInterceptorChain.java:64)
	at app//org.junit.jupiter.engine.execution.InvocationInterceptorChain.chainAndInvoke(InvocationInterceptorChain.java:45)
	at app//org.junit.jupiter.engine.execution.InvocationInterceptorChain.invoke(InvocationInterceptorChain.java:37)
	at app//org.junit.jupiter.engine.descriptor.DynamicTestTestDescriptor.execute(DynamicTestTestDescriptor.java:60)
	at app//org.junit.jupiter.engine.descriptor.DynamicTestTestDescriptor.execute(DynamicTestTestDescriptor.java:32)
	at app//org.junit.platform.engine.support.hierarchical.NodeTestTask.lambda$executeRecursively$6(NodeTestTask.java:151)
	at app//org.junit.platform.engine.support.hierarchical.ThrowableCollector.execute(ThrowableCollector.java:73)
	at app//org.junit.platform.engine.support.hierarchical.NodeTestTask.lambda$executeRecursively$8(NodeTestTask.java:141)
	at app//org.junit.platform.engine.support.hierarchical.Node.around(Node.java:137)
	at app//org.junit.platform.engine.support.hierarchical.NodeTestTask.lambda$executeRecursively$9(NodeTestTask.java:139)
	at app//org.junit.platform.engine.support.hierarchical.ThrowableCollector.execute(ThrowableCollector.java:73)
	at app//org.junit.platform.engine.support.hierarchical.NodeTestTask.executeRecursively(NodeTestTask.java:138)
	at app//org.junit.platform.engine.support.hierarchical.NodeTestTask.execute(NodeTestTask.java:95)
	at app//org.junit.platform.engine.support.hierarchical.SameThreadHierarchicalTestExecutorService.submit(SameThreadHierarchicalTestExecutorService.java:35)
	at app//org.junit.platform.engine.support.hierarchical.NodeTestTask$DefaultDynamicTestExecutor.execute(NodeTestTask.java:226)
	at app//org.junit.platform.engine.support.hierarchical.NodeTestTask$DefaultDynamicTestExecutor.execute(NodeTestTask.java:204)
	at java.base@11.0.18/java.util.Optional.ifPresent(Optional.java:183)
	at app//org.junit.jupiter.engine.descriptor.TestFactoryTestDescriptor.lambda$invokeTestMethod$1(TestFactoryTestDescriptor.java:108)
	at app//org.junit.platform.engine.support.hierarchical.ThrowableCollector.execute(ThrowableCollector.java:73)
	at app//org.junit.jupiter.engine.descriptor.TestFactoryTestDescriptor.invokeTestMethod(TestFactoryTestDescriptor.java:95)
	at app//org.junit.jupiter.engine.descriptor.TestMethodTestDescriptor.execute(TestMethodTestDescriptor.java:138)
	at app//org.junit.jupiter.engine.descriptor.TestMethodTestDescriptor.execute(TestMethodTestDescriptor.java:68)
	at app//org.junit.platform.engine.support.hierarchical.NodeTestTask.lambda$executeRecursively$6(NodeTestTask.java:151)
	at app//org.junit.platform.engine.support.hierarchical.ThrowableCollector.execute(ThrowableCollector.java:73)
	at app//org.junit.platform.engine.support.hierarchical.NodeTestTask.lambda$executeRecursively$8(NodeTestTask.java:141)
	at app//org.junit.platform.engine.support.hierarchical.Node.around(Node.java:137)
	at app//org.junit.platform.engine.support.hierarchical.NodeTestTask.lambda$executeRecursively$9(NodeTestTask.java:139)
	at app//org.junit.platform.engine.support.hierarchical.ThrowableCollector.execute(ThrowableCollector.java:73)
	at app//org.junit.platform.engine.support.hierarchical.NodeTestTask.executeRecursively(NodeTestTask.java:138)
	at app//org.junit.platform.engine.support.hierarchical.NodeTestTask.execute(NodeTestTask.java:95)
	at java.base@11.0.18/java.util.ArrayList.forEach(ArrayList.java:1541)
	at app//org.junit.platform.engine.support.hierarchical.SameThreadHierarchicalTestExecutorService.invokeAll(SameThreadHierarchicalTestExecutorService.java:41)
	at app//org.junit.platform.engine.support.hierarchical.NodeTestTask.lambda$executeRecursively$6(NodeTestTask.java:155)
	at app//org.junit.platform.engine.support.hierarchical.ThrowableCollector.execute(ThrowableCollector.java:73)
	at app//org.junit.platform.engine.support.hierarchical.NodeTestTask.lambda$executeRecursively$8(NodeTestTask.java:141)
	at app//org.junit.platform.engine.support.hierarchical.Node.around(Node.java:137)
	at app//org.junit.platform.engine.support.hierarchical.NodeTestTask.lambda$executeRecursively$9(NodeTestTask.java:139)
	at app//org.junit.platform.engine.support.hierarchical.ThrowableCollector.execute(ThrowableCollector.java:73)
	at app//org.junit.platform.engine.support.hierarchical.NodeTestTask.executeRecursively(NodeTestTask.java:138)
	at app//org.junit.platform.engine.support.hierarchical.NodeTestTask.execute(NodeTestTask.java:95)
	at java.base@11.0.18/java.util.ArrayList.forEach(ArrayList.java:1541)
	at app//org.junit.platform.engine.support.hierarchical.SameThreadHierarchicalTestExecutorService.invokeAll(SameThreadHierarchicalTestExecutorService.java:41)
	at app//org.junit.platform.engine.support.hierarchical.NodeTestTask.lambda$executeRecursively$6(NodeTestTask.java:155)
	at app//org.junit.platform.engine.support.hierarchical.ThrowableCollector.execute(ThrowableCollector.java:73)
	at app//org.junit.platform.engine.support.hierarchical.NodeTestTask.lambda$executeRecursively$8(NodeTestTask.java:141)
	at app//org.junit.platform.engine.support.hierarchical.Node.around(Node.java:137)
	at app//org.junit.platform.engine.support.hierarchical.NodeTestTask.lambda$executeRecursively$9(NodeTestTask.java:139)
	at app//org.junit.platform.engine.support.hierarchical.ThrowableCollector.execute(ThrowableCollector.java:73)
	at app//org.junit.platform.engine.support.hierarchical.NodeTestTask.executeRecursively(NodeTestTask.java:138)
	at app//org.junit.platform.engine.support.hierarchical.NodeTestTask.execute(NodeTestTask.java:95)
	at app//org.junit.platform.engine.support.hierarchical.SameThreadHierarchicalTestExecutorService.submit(SameThreadHierarchicalTestExecutorService.java:35)
	at app//org.junit.platform.engine.support.hierarchical.HierarchicalTestExecutor.execute(HierarchicalTestExecutor.java:57)
	at app//org.junit.platform.engine.support.hierarchical.HierarchicalTestEngine.execute(HierarchicalTestEngine.java:54)
	at org.junit.platform.launcher.core.EngineExecutionOrchestrator.execute(EngineExecutionOrchestrator.java:107)
	at org.junit.platform.launcher.core.EngineExecutionOrchestrator.execute(EngineExecutionOrchestrator.java:88)
	at org.junit.platform.launcher.core.EngineExecutionOrchestrator.lambda$execute$0(EngineExecutionOrchestrator.java:54)
	at org.junit.platform.launcher.core.EngineExecutionOrchestrator.withInterceptedStreams(EngineExecutionOrchestrator.java:67)
	at org.junit.platform.launcher.core.EngineExecutionOrchestrator.execute(EngineExecutionOrchestrator.java:52)
	at org.junit.platform.launcher.core.DefaultLauncher.execute(DefaultLauncher.java:114)
	at org.junit.platform.launcher.core.DefaultLauncher.execute(DefaultLauncher.java:86)
	at org.junit.platform.launcher.core.DefaultLauncherSession$DelegatingLauncher.execute(DefaultLauncherSession.java:86)
	at org.junit.platform.launcher.core.SessionPerRequestLauncher.execute(SessionPerRequestLauncher.java:53)
	at org.gradle.api.internal.tasks.testing.junitplatform.JUnitPlatformTestClassProcessor$CollectAllTestClassesExecutor.processAllTestClasses(JUnitPlatformTestClassProcessor.java:99)
	at org.gradle.api.internal.tasks.testing.junitplatform.JUnitPlatformTestClassProcessor$CollectAllTestClassesExecutor.access$000(JUnitPlatformTestClassProcessor.java:79)
	at org.gradle.api.internal.tasks.testing.junitplatform.JUnitPlatformTestClassProcessor.stop(JUnitPlatformTestClassProcessor.java:75)
	at org.gradle.api.internal.tasks.testing.SuiteTestClassProcessor.stop(SuiteTestClassProcessor.java:62)
	at java.base@11.0.18/jdk.internal.reflect.NativeMethodAccessorImpl.invoke0(Native Method)
	at java.base@11.0.18/jdk.internal.reflect.NativeMethodAccessorImpl.invoke(NativeMethodAccessorImpl.java:62)
	at java.base@11.0.18/jdk.internal.reflect.DelegatingMethodAccessorImpl.invoke(DelegatingMethodAccessorImpl.java:43)
	at java.base@11.0.18/java.lang.reflect.Method.invoke(Method.java:566)
	at org.gradle.internal.dispatch.ReflectionDispatch.dispatch(ReflectionDispatch.java:36)
	at org.gradle.internal.dispatch.ReflectionDispatch.dispatch(ReflectionDispatch.java:24)
	at org.gradle.internal.dispatch.ContextClassLoaderDispatch.dispatch(ContextClassLoaderDispatch.java:33)
	at org.gradle.internal.dispatch.ProxyDispatchAdapter$DispatchingInvocationHandler.invoke(ProxyDispatchAdapter.java:94)
	at com.sun.proxy.$Proxy2.stop(Unknown Source)
	at org.gradle.api.internal.tasks.testing.worker.TestWorker$3.run(TestWorker.java:193)
	at org.gradle.api.internal.tasks.testing.worker.TestWorker.executeAndMaintainThreadName(TestWorker.java:129)
	at org.gradle.api.internal.tasks.testing.worker.TestWorker.execute(TestWorker.java:100)
	at org.gradle.api.internal.tasks.testing.worker.TestWorker.execute(TestWorker.java:60)
	at org.gradle.process.internal.worker.child.ActionExecutionWorker.execute(ActionExecutionWorker.java:56)
	at org.gradle.process.internal.worker.child.SystemApplicationClassLoaderWorker.call(SystemApplicationClassLoaderWorker.java:113)
	at org.gradle.process.internal.worker.child.SystemApplicationClassLoaderWorker.call(SystemApplicationClassLoaderWorker.java:65)
	at app//worker.org.gradle.process.internal.worker.GradleWorkerMain.run(GradleWorkerMain.java:69)
	at app//worker.org.gradle.process.internal.worker.GradleWorkerMain.main(GradleWorkerMain.java:74)
</failure>
  </testcase>
  <testcase name="comprehensions" classname="de.uka.ilkd.key.proof.runallproofs.RunAllProofsFunctional" time="0.869">
    <failure message="org.opentest4j.AssertionFailedError: Executed process terminated with non-zero exit value. ==&gt; expected: &lt;0&gt; but was: &lt;1&gt;" type="org.opentest4j.AssertionFailedError">org.opentest4j.AssertionFailedError: Executed process terminated with non-zero exit value. ==&gt; expected: &lt;0&gt; but was: &lt;1&gt;
	at app//org.junit.jupiter.api.AssertionFailureBuilder.build(AssertionFailureBuilder.java:151)
	at app//org.junit.jupiter.api.AssertionFailureBuilder.buildAndThrow(AssertionFailureBuilder.java:132)
	at app//org.junit.jupiter.api.AssertEquals.failNotEqual(AssertEquals.java:197)
	at app//org.junit.jupiter.api.AssertEquals.assertEquals(AssertEquals.java:150)
	at app//org.junit.jupiter.api.Assertions.assertEquals(Assertions.java:560)
	at app//de.uka.ilkd.key.proof.runallproofs.proofcollection.ForkedTestFileRunner.processTestFiles(ForkedTestFileRunner.java:129)
	at app//de.uka.ilkd.key.proof.runallproofs.RunAllProofsTestUnit.runTest(RunAllProofsTestUnit.java:85)
	at app//de.uka.ilkd.key.proof.runallproofs.RunAllProofsTest.lambda$data$0(RunAllProofsTest.java:83)
	at app//org.junit.jupiter.engine.descriptor.DynamicTestTestDescriptor.lambda$execute$0(DynamicTestTestDescriptor.java:53)
	at app//org.junit.jupiter.engine.execution.InvocationInterceptorChain$ValidatingInvocation.proceed(InvocationInterceptorChain.java:131)
	at app//org.junit.jupiter.api.extension.InvocationInterceptor.interceptDynamicTest(InvocationInterceptor.java:167)
	at app//org.junit.jupiter.api.extension.InvocationInterceptor.interceptDynamicTest(InvocationInterceptor.java:184)
	at app//org.junit.jupiter.engine.descriptor.DynamicTestTestDescriptor.lambda$execute$1(DynamicTestTestDescriptor.java:61)
	at app//org.junit.jupiter.engine.execution.InvocationInterceptorChain$InterceptorCall.lambda$ofVoid$0(InvocationInterceptorChain.java:78)
	at app//org.junit.jupiter.engine.execution.InvocationInterceptorChain$InterceptedInvocation.proceed(InvocationInterceptorChain.java:106)
	at app//org.junit.jupiter.engine.execution.InvocationInterceptorChain.proceed(InvocationInterceptorChain.java:64)
	at app//org.junit.jupiter.engine.execution.InvocationInterceptorChain.chainAndInvoke(InvocationInterceptorChain.java:45)
	at app//org.junit.jupiter.engine.execution.InvocationInterceptorChain.invoke(InvocationInterceptorChain.java:37)
	at app//org.junit.jupiter.engine.descriptor.DynamicTestTestDescriptor.execute(DynamicTestTestDescriptor.java:60)
	at app//org.junit.jupiter.engine.descriptor.DynamicTestTestDescriptor.execute(DynamicTestTestDescriptor.java:32)
	at app//org.junit.platform.engine.support.hierarchical.NodeTestTask.lambda$executeRecursively$6(NodeTestTask.java:151)
	at app//org.junit.platform.engine.support.hierarchical.ThrowableCollector.execute(ThrowableCollector.java:73)
	at app//org.junit.platform.engine.support.hierarchical.NodeTestTask.lambda$executeRecursively$8(NodeTestTask.java:141)
	at app//org.junit.platform.engine.support.hierarchical.Node.around(Node.java:137)
	at app//org.junit.platform.engine.support.hierarchical.NodeTestTask.lambda$executeRecursively$9(NodeTestTask.java:139)
	at app//org.junit.platform.engine.support.hierarchical.ThrowableCollector.execute(ThrowableCollector.java:73)
	at app//org.junit.platform.engine.support.hierarchical.NodeTestTask.executeRecursively(NodeTestTask.java:138)
	at app//org.junit.platform.engine.support.hierarchical.NodeTestTask.execute(NodeTestTask.java:95)
	at app//org.junit.platform.engine.support.hierarchical.SameThreadHierarchicalTestExecutorService.submit(SameThreadHierarchicalTestExecutorService.java:35)
	at app//org.junit.platform.engine.support.hierarchical.NodeTestTask$DefaultDynamicTestExecutor.execute(NodeTestTask.java:226)
	at app//org.junit.platform.engine.support.hierarchical.NodeTestTask$DefaultDynamicTestExecutor.execute(NodeTestTask.java:204)
	at java.base@11.0.18/java.util.Optional.ifPresent(Optional.java:183)
	at app//org.junit.jupiter.engine.descriptor.TestFactoryTestDescriptor.lambda$invokeTestMethod$1(TestFactoryTestDescriptor.java:108)
	at app//org.junit.platform.engine.support.hierarchical.ThrowableCollector.execute(ThrowableCollector.java:73)
	at app//org.junit.jupiter.engine.descriptor.TestFactoryTestDescriptor.invokeTestMethod(TestFactoryTestDescriptor.java:95)
	at app//org.junit.jupiter.engine.descriptor.TestMethodTestDescriptor.execute(TestMethodTestDescriptor.java:138)
	at app//org.junit.jupiter.engine.descriptor.TestMethodTestDescriptor.execute(TestMethodTestDescriptor.java:68)
	at app//org.junit.platform.engine.support.hierarchical.NodeTestTask.lambda$executeRecursively$6(NodeTestTask.java:151)
	at app//org.junit.platform.engine.support.hierarchical.ThrowableCollector.execute(ThrowableCollector.java:73)
	at app//org.junit.platform.engine.support.hierarchical.NodeTestTask.lambda$executeRecursively$8(NodeTestTask.java:141)
	at app//org.junit.platform.engine.support.hierarchical.Node.around(Node.java:137)
	at app//org.junit.platform.engine.support.hierarchical.NodeTestTask.lambda$executeRecursively$9(NodeTestTask.java:139)
	at app//org.junit.platform.engine.support.hierarchical.ThrowableCollector.execute(ThrowableCollector.java:73)
	at app//org.junit.platform.engine.support.hierarchical.NodeTestTask.executeRecursively(NodeTestTask.java:138)
	at app//org.junit.platform.engine.support.hierarchical.NodeTestTask.execute(NodeTestTask.java:95)
	at java.base@11.0.18/java.util.ArrayList.forEach(ArrayList.java:1541)
	at app//org.junit.platform.engine.support.hierarchical.SameThreadHierarchicalTestExecutorService.invokeAll(SameThreadHierarchicalTestExecutorService.java:41)
	at app//org.junit.platform.engine.support.hierarchical.NodeTestTask.lambda$executeRecursively$6(NodeTestTask.java:155)
	at app//org.junit.platform.engine.support.hierarchical.ThrowableCollector.execute(ThrowableCollector.java:73)
	at app//org.junit.platform.engine.support.hierarchical.NodeTestTask.lambda$executeRecursively$8(NodeTestTask.java:141)
	at app//org.junit.platform.engine.support.hierarchical.Node.around(Node.java:137)
	at app//org.junit.platform.engine.support.hierarchical.NodeTestTask.lambda$executeRecursively$9(NodeTestTask.java:139)
	at app//org.junit.platform.engine.support.hierarchical.ThrowableCollector.execute(ThrowableCollector.java:73)
	at app//org.junit.platform.engine.support.hierarchical.NodeTestTask.executeRecursively(NodeTestTask.java:138)
	at app//org.junit.platform.engine.support.hierarchical.NodeTestTask.execute(NodeTestTask.java:95)
	at java.base@11.0.18/java.util.ArrayList.forEach(ArrayList.java:1541)
	at app//org.junit.platform.engine.support.hierarchical.SameThreadHierarchicalTestExecutorService.invokeAll(SameThreadHierarchicalTestExecutorService.java:41)
	at app//org.junit.platform.engine.support.hierarchical.NodeTestTask.lambda$executeRecursively$6(NodeTestTask.java:155)
	at app//org.junit.platform.engine.support.hierarchical.ThrowableCollector.execute(ThrowableCollector.java:73)
	at app//org.junit.platform.engine.support.hierarchical.NodeTestTask.lambda$executeRecursively$8(NodeTestTask.java:141)
	at app//org.junit.platform.engine.support.hierarchical.Node.around(Node.java:137)
	at app//org.junit.platform.engine.support.hierarchical.NodeTestTask.lambda$executeRecursively$9(NodeTestTask.java:139)
	at app//org.junit.platform.engine.support.hierarchical.ThrowableCollector.execute(ThrowableCollector.java:73)
	at app//org.junit.platform.engine.support.hierarchical.NodeTestTask.executeRecursively(NodeTestTask.java:138)
	at app//org.junit.platform.engine.support.hierarchical.NodeTestTask.execute(NodeTestTask.java:95)
	at app//org.junit.platform.engine.support.hierarchical.SameThreadHierarchicalTestExecutorService.submit(SameThreadHierarchicalTestExecutorService.java:35)
	at app//org.junit.platform.engine.support.hierarchical.HierarchicalTestExecutor.execute(HierarchicalTestExecutor.java:57)
	at app//org.junit.platform.engine.support.hierarchical.HierarchicalTestEngine.execute(HierarchicalTestEngine.java:54)
	at org.junit.platform.launcher.core.EngineExecutionOrchestrator.execute(EngineExecutionOrchestrator.java:107)
	at org.junit.platform.launcher.core.EngineExecutionOrchestrator.execute(EngineExecutionOrchestrator.java:88)
	at org.junit.platform.launcher.core.EngineExecutionOrchestrator.lambda$execute$0(EngineExecutionOrchestrator.java:54)
	at org.junit.platform.launcher.core.EngineExecutionOrchestrator.withInterceptedStreams(EngineExecutionOrchestrator.java:67)
	at org.junit.platform.launcher.core.EngineExecutionOrchestrator.execute(EngineExecutionOrchestrator.java:52)
	at org.junit.platform.launcher.core.DefaultLauncher.execute(DefaultLauncher.java:114)
	at org.junit.platform.launcher.core.DefaultLauncher.execute(DefaultLauncher.java:86)
	at org.junit.platform.launcher.core.DefaultLauncherSession$DelegatingLauncher.execute(DefaultLauncherSession.java:86)
	at org.junit.platform.launcher.core.SessionPerRequestLauncher.execute(SessionPerRequestLauncher.java:53)
	at org.gradle.api.internal.tasks.testing.junitplatform.JUnitPlatformTestClassProcessor$CollectAllTestClassesExecutor.processAllTestClasses(JUnitPlatformTestClassProcessor.java:99)
	at org.gradle.api.internal.tasks.testing.junitplatform.JUnitPlatformTestClassProcessor$CollectAllTestClassesExecutor.access$000(JUnitPlatformTestClassProcessor.java:79)
	at org.gradle.api.internal.tasks.testing.junitplatform.JUnitPlatformTestClassProcessor.stop(JUnitPlatformTestClassProcessor.java:75)
	at org.gradle.api.internal.tasks.testing.SuiteTestClassProcessor.stop(SuiteTestClassProcessor.java:62)
	at java.base@11.0.18/jdk.internal.reflect.NativeMethodAccessorImpl.invoke0(Native Method)
	at java.base@11.0.18/jdk.internal.reflect.NativeMethodAccessorImpl.invoke(NativeMethodAccessorImpl.java:62)
	at java.base@11.0.18/jdk.internal.reflect.DelegatingMethodAccessorImpl.invoke(DelegatingMethodAccessorImpl.java:43)
	at java.base@11.0.18/java.lang.reflect.Method.invoke(Method.java:566)
	at org.gradle.internal.dispatch.ReflectionDispatch.dispatch(ReflectionDispatch.java:36)
	at org.gradle.internal.dispatch.ReflectionDispatch.dispatch(ReflectionDispatch.java:24)
	at org.gradle.internal.dispatch.ContextClassLoaderDispatch.dispatch(ContextClassLoaderDispatch.java:33)
	at org.gradle.internal.dispatch.ProxyDispatchAdapter$DispatchingInvocationHandler.invoke(ProxyDispatchAdapter.java:94)
	at com.sun.proxy.$Proxy2.stop(Unknown Source)
	at org.gradle.api.internal.tasks.testing.worker.TestWorker$3.run(TestWorker.java:193)
	at org.gradle.api.internal.tasks.testing.worker.TestWorker.executeAndMaintainThreadName(TestWorker.java:129)
	at org.gradle.api.internal.tasks.testing.worker.TestWorker.execute(TestWorker.java:100)
	at org.gradle.api.internal.tasks.testing.worker.TestWorker.execute(TestWorker.java:60)
	at org.gradle.process.internal.worker.child.ActionExecutionWorker.execute(ActionExecutionWorker.java:56)
	at org.gradle.process.internal.worker.child.SystemApplicationClassLoaderWorker.call(SystemApplicationClassLoaderWorker.java:113)
	at org.gradle.process.internal.worker.child.SystemApplicationClassLoaderWorker.call(SystemApplicationClassLoaderWorker.java:65)
	at app//worker.org.gradle.process.internal.worker.GradleWorkerMain.run(GradleWorkerMain.java:69)
	at app//worker.org.gradle.process.internal.worker.GradleWorkerMain.main(GradleWorkerMain.java:74)
</failure>
  </testcase>
  <testcase name="performance" classname="de.uka.ilkd.key.proof.runallproofs.RunAllProofsFunctional" time="0.795">
    <failure message="org.opentest4j.AssertionFailedError: Executed process terminated with non-zero exit value. ==&gt; expected: &lt;0&gt; but was: &lt;1&gt;" type="org.opentest4j.AssertionFailedError">org.opentest4j.AssertionFailedError: Executed process terminated with non-zero exit value. ==&gt; expected: &lt;0&gt; but was: &lt;1&gt;
	at app//org.junit.jupiter.api.AssertionFailureBuilder.build(AssertionFailureBuilder.java:151)
	at app//org.junit.jupiter.api.AssertionFailureBuilder.buildAndThrow(AssertionFailureBuilder.java:132)
	at app//org.junit.jupiter.api.AssertEquals.failNotEqual(AssertEquals.java:197)
	at app//org.junit.jupiter.api.AssertEquals.assertEquals(AssertEquals.java:150)
	at app//org.junit.jupiter.api.Assertions.assertEquals(Assertions.java:560)
	at app//de.uka.ilkd.key.proof.runallproofs.proofcollection.ForkedTestFileRunner.processTestFiles(ForkedTestFileRunner.java:129)
	at app//de.uka.ilkd.key.proof.runallproofs.RunAllProofsTestUnit.runTest(RunAllProofsTestUnit.java:85)
	at app//de.uka.ilkd.key.proof.runallproofs.RunAllProofsTest.lambda$data$0(RunAllProofsTest.java:83)
	at app//org.junit.jupiter.engine.descriptor.DynamicTestTestDescriptor.lambda$execute$0(DynamicTestTestDescriptor.java:53)
	at app//org.junit.jupiter.engine.execution.InvocationInterceptorChain$ValidatingInvocation.proceed(InvocationInterceptorChain.java:131)
	at app//org.junit.jupiter.api.extension.InvocationInterceptor.interceptDynamicTest(InvocationInterceptor.java:167)
	at app//org.junit.jupiter.api.extension.InvocationInterceptor.interceptDynamicTest(InvocationInterceptor.java:184)
	at app//org.junit.jupiter.engine.descriptor.DynamicTestTestDescriptor.lambda$execute$1(DynamicTestTestDescriptor.java:61)
	at app//org.junit.jupiter.engine.execution.InvocationInterceptorChain$InterceptorCall.lambda$ofVoid$0(InvocationInterceptorChain.java:78)
	at app//org.junit.jupiter.engine.execution.InvocationInterceptorChain$InterceptedInvocation.proceed(InvocationInterceptorChain.java:106)
	at app//org.junit.jupiter.engine.execution.InvocationInterceptorChain.proceed(InvocationInterceptorChain.java:64)
	at app//org.junit.jupiter.engine.execution.InvocationInterceptorChain.chainAndInvoke(InvocationInterceptorChain.java:45)
	at app//org.junit.jupiter.engine.execution.InvocationInterceptorChain.invoke(InvocationInterceptorChain.java:37)
	at app//org.junit.jupiter.engine.descriptor.DynamicTestTestDescriptor.execute(DynamicTestTestDescriptor.java:60)
	at app//org.junit.jupiter.engine.descriptor.DynamicTestTestDescriptor.execute(DynamicTestTestDescriptor.java:32)
	at app//org.junit.platform.engine.support.hierarchical.NodeTestTask.lambda$executeRecursively$6(NodeTestTask.java:151)
	at app//org.junit.platform.engine.support.hierarchical.ThrowableCollector.execute(ThrowableCollector.java:73)
	at app//org.junit.platform.engine.support.hierarchical.NodeTestTask.lambda$executeRecursively$8(NodeTestTask.java:141)
	at app//org.junit.platform.engine.support.hierarchical.Node.around(Node.java:137)
	at app//org.junit.platform.engine.support.hierarchical.NodeTestTask.lambda$executeRecursively$9(NodeTestTask.java:139)
	at app//org.junit.platform.engine.support.hierarchical.ThrowableCollector.execute(ThrowableCollector.java:73)
	at app//org.junit.platform.engine.support.hierarchical.NodeTestTask.executeRecursively(NodeTestTask.java:138)
	at app//org.junit.platform.engine.support.hierarchical.NodeTestTask.execute(NodeTestTask.java:95)
	at app//org.junit.platform.engine.support.hierarchical.SameThreadHierarchicalTestExecutorService.submit(SameThreadHierarchicalTestExecutorService.java:35)
	at app//org.junit.platform.engine.support.hierarchical.NodeTestTask$DefaultDynamicTestExecutor.execute(NodeTestTask.java:226)
	at app//org.junit.platform.engine.support.hierarchical.NodeTestTask$DefaultDynamicTestExecutor.execute(NodeTestTask.java:204)
	at java.base@11.0.18/java.util.Optional.ifPresent(Optional.java:183)
	at app//org.junit.jupiter.engine.descriptor.TestFactoryTestDescriptor.lambda$invokeTestMethod$1(TestFactoryTestDescriptor.java:108)
	at app//org.junit.platform.engine.support.hierarchical.ThrowableCollector.execute(ThrowableCollector.java:73)
	at app//org.junit.jupiter.engine.descriptor.TestFactoryTestDescriptor.invokeTestMethod(TestFactoryTestDescriptor.java:95)
	at app//org.junit.jupiter.engine.descriptor.TestMethodTestDescriptor.execute(TestMethodTestDescriptor.java:138)
	at app//org.junit.jupiter.engine.descriptor.TestMethodTestDescriptor.execute(TestMethodTestDescriptor.java:68)
	at app//org.junit.platform.engine.support.hierarchical.NodeTestTask.lambda$executeRecursively$6(NodeTestTask.java:151)
	at app//org.junit.platform.engine.support.hierarchical.ThrowableCollector.execute(ThrowableCollector.java:73)
	at app//org.junit.platform.engine.support.hierarchical.NodeTestTask.lambda$executeRecursively$8(NodeTestTask.java:141)
	at app//org.junit.platform.engine.support.hierarchical.Node.around(Node.java:137)
	at app//org.junit.platform.engine.support.hierarchical.NodeTestTask.lambda$executeRecursively$9(NodeTestTask.java:139)
	at app//org.junit.platform.engine.support.hierarchical.ThrowableCollector.execute(ThrowableCollector.java:73)
	at app//org.junit.platform.engine.support.hierarchical.NodeTestTask.executeRecursively(NodeTestTask.java:138)
	at app//org.junit.platform.engine.support.hierarchical.NodeTestTask.execute(NodeTestTask.java:95)
	at java.base@11.0.18/java.util.ArrayList.forEach(ArrayList.java:1541)
	at app//org.junit.platform.engine.support.hierarchical.SameThreadHierarchicalTestExecutorService.invokeAll(SameThreadHierarchicalTestExecutorService.java:41)
	at app//org.junit.platform.engine.support.hierarchical.NodeTestTask.lambda$executeRecursively$6(NodeTestTask.java:155)
	at app//org.junit.platform.engine.support.hierarchical.ThrowableCollector.execute(ThrowableCollector.java:73)
	at app//org.junit.platform.engine.support.hierarchical.NodeTestTask.lambda$executeRecursively$8(NodeTestTask.java:141)
	at app//org.junit.platform.engine.support.hierarchical.Node.around(Node.java:137)
	at app//org.junit.platform.engine.support.hierarchical.NodeTestTask.lambda$executeRecursively$9(NodeTestTask.java:139)
	at app//org.junit.platform.engine.support.hierarchical.ThrowableCollector.execute(ThrowableCollector.java:73)
	at app//org.junit.platform.engine.support.hierarchical.NodeTestTask.executeRecursively(NodeTestTask.java:138)
	at app//org.junit.platform.engine.support.hierarchical.NodeTestTask.execute(NodeTestTask.java:95)
	at java.base@11.0.18/java.util.ArrayList.forEach(ArrayList.java:1541)
	at app//org.junit.platform.engine.support.hierarchical.SameThreadHierarchicalTestExecutorService.invokeAll(SameThreadHierarchicalTestExecutorService.java:41)
	at app//org.junit.platform.engine.support.hierarchical.NodeTestTask.lambda$executeRecursively$6(NodeTestTask.java:155)
	at app//org.junit.platform.engine.support.hierarchical.ThrowableCollector.execute(ThrowableCollector.java:73)
	at app//org.junit.platform.engine.support.hierarchical.NodeTestTask.lambda$executeRecursively$8(NodeTestTask.java:141)
	at app//org.junit.platform.engine.support.hierarchical.Node.around(Node.java:137)
	at app//org.junit.platform.engine.support.hierarchical.NodeTestTask.lambda$executeRecursively$9(NodeTestTask.java:139)
	at app//org.junit.platform.engine.support.hierarchical.ThrowableCollector.execute(ThrowableCollector.java:73)
	at app//org.junit.platform.engine.support.hierarchical.NodeTestTask.executeRecursively(NodeTestTask.java:138)
	at app//org.junit.platform.engine.support.hierarchical.NodeTestTask.execute(NodeTestTask.java:95)
	at app//org.junit.platform.engine.support.hierarchical.SameThreadHierarchicalTestExecutorService.submit(SameThreadHierarchicalTestExecutorService.java:35)
	at app//org.junit.platform.engine.support.hierarchical.HierarchicalTestExecutor.execute(HierarchicalTestExecutor.java:57)
	at app//org.junit.platform.engine.support.hierarchical.HierarchicalTestEngine.execute(HierarchicalTestEngine.java:54)
	at org.junit.platform.launcher.core.EngineExecutionOrchestrator.execute(EngineExecutionOrchestrator.java:107)
	at org.junit.platform.launcher.core.EngineExecutionOrchestrator.execute(EngineExecutionOrchestrator.java:88)
	at org.junit.platform.launcher.core.EngineExecutionOrchestrator.lambda$execute$0(EngineExecutionOrchestrator.java:54)
	at org.junit.platform.launcher.core.EngineExecutionOrchestrator.withInterceptedStreams(EngineExecutionOrchestrator.java:67)
	at org.junit.platform.launcher.core.EngineExecutionOrchestrator.execute(EngineExecutionOrchestrator.java:52)
	at org.junit.platform.launcher.core.DefaultLauncher.execute(DefaultLauncher.java:114)
	at org.junit.platform.launcher.core.DefaultLauncher.execute(DefaultLauncher.java:86)
	at org.junit.platform.launcher.core.DefaultLauncherSession$DelegatingLauncher.execute(DefaultLauncherSession.java:86)
	at org.junit.platform.launcher.core.SessionPerRequestLauncher.execute(SessionPerRequestLauncher.java:53)
	at org.gradle.api.internal.tasks.testing.junitplatform.JUnitPlatformTestClassProcessor$CollectAllTestClassesExecutor.processAllTestClasses(JUnitPlatformTestClassProcessor.java:99)
	at org.gradle.api.internal.tasks.testing.junitplatform.JUnitPlatformTestClassProcessor$CollectAllTestClassesExecutor.access$000(JUnitPlatformTestClassProcessor.java:79)
	at org.gradle.api.internal.tasks.testing.junitplatform.JUnitPlatformTestClassProcessor.stop(JUnitPlatformTestClassProcessor.java:75)
	at org.gradle.api.internal.tasks.testing.SuiteTestClassProcessor.stop(SuiteTestClassProcessor.java:62)
	at java.base@11.0.18/jdk.internal.reflect.NativeMethodAccessorImpl.invoke0(Native Method)
	at java.base@11.0.18/jdk.internal.reflect.NativeMethodAccessorImpl.invoke(NativeMethodAccessorImpl.java:62)
	at java.base@11.0.18/jdk.internal.reflect.DelegatingMethodAccessorImpl.invoke(DelegatingMethodAccessorImpl.java:43)
	at java.base@11.0.18/java.lang.reflect.Method.invoke(Method.java:566)
	at org.gradle.internal.dispatch.ReflectionDispatch.dispatch(ReflectionDispatch.java:36)
	at org.gradle.internal.dispatch.ReflectionDispatch.dispatch(ReflectionDispatch.java:24)
	at org.gradle.internal.dispatch.ContextClassLoaderDispatch.dispatch(ContextClassLoaderDispatch.java:33)
	at org.gradle.internal.dispatch.ProxyDispatchAdapter$DispatchingInvocationHandler.invoke(ProxyDispatchAdapter.java:94)
	at com.sun.proxy.$Proxy2.stop(Unknown Source)
	at org.gradle.api.internal.tasks.testing.worker.TestWorker$3.run(TestWorker.java:193)
	at org.gradle.api.internal.tasks.testing.worker.TestWorker.executeAndMaintainThreadName(TestWorker.java:129)
	at org.gradle.api.internal.tasks.testing.worker.TestWorker.execute(TestWorker.java:100)
	at org.gradle.api.internal.tasks.testing.worker.TestWorker.execute(TestWorker.java:60)
	at org.gradle.process.internal.worker.child.ActionExecutionWorker.execute(ActionExecutionWorker.java:56)
	at org.gradle.process.internal.worker.child.SystemApplicationClassLoaderWorker.call(SystemApplicationClassLoaderWorker.java:113)
	at org.gradle.process.internal.worker.child.SystemApplicationClassLoaderWorker.call(SystemApplicationClassLoaderWorker.java:65)
	at app//worker.org.gradle.process.internal.worker.GradleWorkerMain.run(GradleWorkerMain.java:69)
	at app//worker.org.gradle.process.internal.worker.GradleWorkerMain.main(GradleWorkerMain.java:74)
</failure>
  </testcase>
  <testcase name="performancePOConstruction" classname="de.uka.ilkd.key.proof.runallproofs.RunAllProofsFunctional" time="0.746">
    <failure message="org.opentest4j.AssertionFailedError: Executed process terminated with non-zero exit value. ==&gt; expected: &lt;0&gt; but was: &lt;1&gt;" type="org.opentest4j.AssertionFailedError">org.opentest4j.AssertionFailedError: Executed process terminated with non-zero exit value. ==&gt; expected: &lt;0&gt; but was: &lt;1&gt;
	at app//org.junit.jupiter.api.AssertionFailureBuilder.build(AssertionFailureBuilder.java:151)
	at app//org.junit.jupiter.api.AssertionFailureBuilder.buildAndThrow(AssertionFailureBuilder.java:132)
	at app//org.junit.jupiter.api.AssertEquals.failNotEqual(AssertEquals.java:197)
	at app//org.junit.jupiter.api.AssertEquals.assertEquals(AssertEquals.java:150)
	at app//org.junit.jupiter.api.Assertions.assertEquals(Assertions.java:560)
	at app//de.uka.ilkd.key.proof.runallproofs.proofcollection.ForkedTestFileRunner.processTestFiles(ForkedTestFileRunner.java:129)
	at app//de.uka.ilkd.key.proof.runallproofs.RunAllProofsTestUnit.runTest(RunAllProofsTestUnit.java:85)
	at app//de.uka.ilkd.key.proof.runallproofs.RunAllProofsTest.lambda$data$0(RunAllProofsTest.java:83)
	at app//org.junit.jupiter.engine.descriptor.DynamicTestTestDescriptor.lambda$execute$0(DynamicTestTestDescriptor.java:53)
	at app//org.junit.jupiter.engine.execution.InvocationInterceptorChain$ValidatingInvocation.proceed(InvocationInterceptorChain.java:131)
	at app//org.junit.jupiter.api.extension.InvocationInterceptor.interceptDynamicTest(InvocationInterceptor.java:167)
	at app//org.junit.jupiter.api.extension.InvocationInterceptor.interceptDynamicTest(InvocationInterceptor.java:184)
	at app//org.junit.jupiter.engine.descriptor.DynamicTestTestDescriptor.lambda$execute$1(DynamicTestTestDescriptor.java:61)
	at app//org.junit.jupiter.engine.execution.InvocationInterceptorChain$InterceptorCall.lambda$ofVoid$0(InvocationInterceptorChain.java:78)
	at app//org.junit.jupiter.engine.execution.InvocationInterceptorChain$InterceptedInvocation.proceed(InvocationInterceptorChain.java:106)
	at app//org.junit.jupiter.engine.execution.InvocationInterceptorChain.proceed(InvocationInterceptorChain.java:64)
	at app//org.junit.jupiter.engine.execution.InvocationInterceptorChain.chainAndInvoke(InvocationInterceptorChain.java:45)
	at app//org.junit.jupiter.engine.execution.InvocationInterceptorChain.invoke(InvocationInterceptorChain.java:37)
	at app//org.junit.jupiter.engine.descriptor.DynamicTestTestDescriptor.execute(DynamicTestTestDescriptor.java:60)
	at app//org.junit.jupiter.engine.descriptor.DynamicTestTestDescriptor.execute(DynamicTestTestDescriptor.java:32)
	at app//org.junit.platform.engine.support.hierarchical.NodeTestTask.lambda$executeRecursively$6(NodeTestTask.java:151)
	at app//org.junit.platform.engine.support.hierarchical.ThrowableCollector.execute(ThrowableCollector.java:73)
	at app//org.junit.platform.engine.support.hierarchical.NodeTestTask.lambda$executeRecursively$8(NodeTestTask.java:141)
	at app//org.junit.platform.engine.support.hierarchical.Node.around(Node.java:137)
	at app//org.junit.platform.engine.support.hierarchical.NodeTestTask.lambda$executeRecursively$9(NodeTestTask.java:139)
	at app//org.junit.platform.engine.support.hierarchical.ThrowableCollector.execute(ThrowableCollector.java:73)
	at app//org.junit.platform.engine.support.hierarchical.NodeTestTask.executeRecursively(NodeTestTask.java:138)
	at app//org.junit.platform.engine.support.hierarchical.NodeTestTask.execute(NodeTestTask.java:95)
	at app//org.junit.platform.engine.support.hierarchical.SameThreadHierarchicalTestExecutorService.submit(SameThreadHierarchicalTestExecutorService.java:35)
	at app//org.junit.platform.engine.support.hierarchical.NodeTestTask$DefaultDynamicTestExecutor.execute(NodeTestTask.java:226)
	at app//org.junit.platform.engine.support.hierarchical.NodeTestTask$DefaultDynamicTestExecutor.execute(NodeTestTask.java:204)
	at java.base@11.0.18/java.util.Optional.ifPresent(Optional.java:183)
	at app//org.junit.jupiter.engine.descriptor.TestFactoryTestDescriptor.lambda$invokeTestMethod$1(TestFactoryTestDescriptor.java:108)
	at app//org.junit.platform.engine.support.hierarchical.ThrowableCollector.execute(ThrowableCollector.java:73)
	at app//org.junit.jupiter.engine.descriptor.TestFactoryTestDescriptor.invokeTestMethod(TestFactoryTestDescriptor.java:95)
	at app//org.junit.jupiter.engine.descriptor.TestMethodTestDescriptor.execute(TestMethodTestDescriptor.java:138)
	at app//org.junit.jupiter.engine.descriptor.TestMethodTestDescriptor.execute(TestMethodTestDescriptor.java:68)
	at app//org.junit.platform.engine.support.hierarchical.NodeTestTask.lambda$executeRecursively$6(NodeTestTask.java:151)
	at app//org.junit.platform.engine.support.hierarchical.ThrowableCollector.execute(ThrowableCollector.java:73)
	at app//org.junit.platform.engine.support.hierarchical.NodeTestTask.lambda$executeRecursively$8(NodeTestTask.java:141)
	at app//org.junit.platform.engine.support.hierarchical.Node.around(Node.java:137)
	at app//org.junit.platform.engine.support.hierarchical.NodeTestTask.lambda$executeRecursively$9(NodeTestTask.java:139)
	at app//org.junit.platform.engine.support.hierarchical.ThrowableCollector.execute(ThrowableCollector.java:73)
	at app//org.junit.platform.engine.support.hierarchical.NodeTestTask.executeRecursively(NodeTestTask.java:138)
	at app//org.junit.platform.engine.support.hierarchical.NodeTestTask.execute(NodeTestTask.java:95)
	at java.base@11.0.18/java.util.ArrayList.forEach(ArrayList.java:1541)
	at app//org.junit.platform.engine.support.hierarchical.SameThreadHierarchicalTestExecutorService.invokeAll(SameThreadHierarchicalTestExecutorService.java:41)
	at app//org.junit.platform.engine.support.hierarchical.NodeTestTask.lambda$executeRecursively$6(NodeTestTask.java:155)
	at app//org.junit.platform.engine.support.hierarchical.ThrowableCollector.execute(ThrowableCollector.java:73)
	at app//org.junit.platform.engine.support.hierarchical.NodeTestTask.lambda$executeRecursively$8(NodeTestTask.java:141)
	at app//org.junit.platform.engine.support.hierarchical.Node.around(Node.java:137)
	at app//org.junit.platform.engine.support.hierarchical.NodeTestTask.lambda$executeRecursively$9(NodeTestTask.java:139)
	at app//org.junit.platform.engine.support.hierarchical.ThrowableCollector.execute(ThrowableCollector.java:73)
	at app//org.junit.platform.engine.support.hierarchical.NodeTestTask.executeRecursively(NodeTestTask.java:138)
	at app//org.junit.platform.engine.support.hierarchical.NodeTestTask.execute(NodeTestTask.java:95)
	at java.base@11.0.18/java.util.ArrayList.forEach(ArrayList.java:1541)
	at app//org.junit.platform.engine.support.hierarchical.SameThreadHierarchicalTestExecutorService.invokeAll(SameThreadHierarchicalTestExecutorService.java:41)
	at app//org.junit.platform.engine.support.hierarchical.NodeTestTask.lambda$executeRecursively$6(NodeTestTask.java:155)
	at app//org.junit.platform.engine.support.hierarchical.ThrowableCollector.execute(ThrowableCollector.java:73)
	at app//org.junit.platform.engine.support.hierarchical.NodeTestTask.lambda$executeRecursively$8(NodeTestTask.java:141)
	at app//org.junit.platform.engine.support.hierarchical.Node.around(Node.java:137)
	at app//org.junit.platform.engine.support.hierarchical.NodeTestTask.lambda$executeRecursively$9(NodeTestTask.java:139)
	at app//org.junit.platform.engine.support.hierarchical.ThrowableCollector.execute(ThrowableCollector.java:73)
	at app//org.junit.platform.engine.support.hierarchical.NodeTestTask.executeRecursively(NodeTestTask.java:138)
	at app//org.junit.platform.engine.support.hierarchical.NodeTestTask.execute(NodeTestTask.java:95)
	at app//org.junit.platform.engine.support.hierarchical.SameThreadHierarchicalTestExecutorService.submit(SameThreadHierarchicalTestExecutorService.java:35)
	at app//org.junit.platform.engine.support.hierarchical.HierarchicalTestExecutor.execute(HierarchicalTestExecutor.java:57)
	at app//org.junit.platform.engine.support.hierarchical.HierarchicalTestEngine.execute(HierarchicalTestEngine.java:54)
	at org.junit.platform.launcher.core.EngineExecutionOrchestrator.execute(EngineExecutionOrchestrator.java:107)
	at org.junit.platform.launcher.core.EngineExecutionOrchestrator.execute(EngineExecutionOrchestrator.java:88)
	at org.junit.platform.launcher.core.EngineExecutionOrchestrator.lambda$execute$0(EngineExecutionOrchestrator.java:54)
	at org.junit.platform.launcher.core.EngineExecutionOrchestrator.withInterceptedStreams(EngineExecutionOrchestrator.java:67)
	at org.junit.platform.launcher.core.EngineExecutionOrchestrator.execute(EngineExecutionOrchestrator.java:52)
	at org.junit.platform.launcher.core.DefaultLauncher.execute(DefaultLauncher.java:114)
	at org.junit.platform.launcher.core.DefaultLauncher.execute(DefaultLauncher.java:86)
	at org.junit.platform.launcher.core.DefaultLauncherSession$DelegatingLauncher.execute(DefaultLauncherSession.java:86)
	at org.junit.platform.launcher.core.SessionPerRequestLauncher.execute(SessionPerRequestLauncher.java:53)
	at org.gradle.api.internal.tasks.testing.junitplatform.JUnitPlatformTestClassProcessor$CollectAllTestClassesExecutor.processAllTestClasses(JUnitPlatformTestClassProcessor.java:99)
	at org.gradle.api.internal.tasks.testing.junitplatform.JUnitPlatformTestClassProcessor$CollectAllTestClassesExecutor.access$000(JUnitPlatformTestClassProcessor.java:79)
	at org.gradle.api.internal.tasks.testing.junitplatform.JUnitPlatformTestClassProcessor.stop(JUnitPlatformTestClassProcessor.java:75)
	at org.gradle.api.internal.tasks.testing.SuiteTestClassProcessor.stop(SuiteTestClassProcessor.java:62)
	at java.base@11.0.18/jdk.internal.reflect.NativeMethodAccessorImpl.invoke0(Native Method)
	at java.base@11.0.18/jdk.internal.reflect.NativeMethodAccessorImpl.invoke(NativeMethodAccessorImpl.java:62)
	at java.base@11.0.18/jdk.internal.reflect.DelegatingMethodAccessorImpl.invoke(DelegatingMethodAccessorImpl.java:43)
	at java.base@11.0.18/java.lang.reflect.Method.invoke(Method.java:566)
	at org.gradle.internal.dispatch.ReflectionDispatch.dispatch(ReflectionDispatch.java:36)
	at org.gradle.internal.dispatch.ReflectionDispatch.dispatch(ReflectionDispatch.java:24)
	at org.gradle.internal.dispatch.ContextClassLoaderDispatch.dispatch(ContextClassLoaderDispatch.java:33)
	at org.gradle.internal.dispatch.ProxyDispatchAdapter$DispatchingInvocationHandler.invoke(ProxyDispatchAdapter.java:94)
	at com.sun.proxy.$Proxy2.stop(Unknown Source)
	at org.gradle.api.internal.tasks.testing.worker.TestWorker$3.run(TestWorker.java:193)
	at org.gradle.api.internal.tasks.testing.worker.TestWorker.executeAndMaintainThreadName(TestWorker.java:129)
	at org.gradle.api.internal.tasks.testing.worker.TestWorker.execute(TestWorker.java:100)
	at org.gradle.api.internal.tasks.testing.worker.TestWorker.execute(TestWorker.java:60)
	at org.gradle.process.internal.worker.child.ActionExecutionWorker.execute(ActionExecutionWorker.java:56)
	at org.gradle.process.internal.worker.child.SystemApplicationClassLoaderWorker.call(SystemApplicationClassLoaderWorker.java:113)
	at org.gradle.process.internal.worker.child.SystemApplicationClassLoaderWorker.call(SystemApplicationClassLoaderWorker.java:65)
	at app//worker.org.gradle.process.internal.worker.GradleWorkerMain.run(GradleWorkerMain.java:69)
	at app//worker.org.gradle.process.internal.worker.GradleWorkerMain.main(GradleWorkerMain.java:74)
</failure>
  </testcase>
  <testcase name="applicationRestrictions" classname="de.uka.ilkd.key.proof.runallproofs.RunAllProofsFunctional" time="0.804">
    <failure message="org.opentest4j.AssertionFailedError: Executed process terminated with non-zero exit value. ==&gt; expected: &lt;0&gt; but was: &lt;1&gt;" type="org.opentest4j.AssertionFailedError">org.opentest4j.AssertionFailedError: Executed process terminated with non-zero exit value. ==&gt; expected: &lt;0&gt; but was: &lt;1&gt;
	at app//org.junit.jupiter.api.AssertionFailureBuilder.build(AssertionFailureBuilder.java:151)
	at app//org.junit.jupiter.api.AssertionFailureBuilder.buildAndThrow(AssertionFailureBuilder.java:132)
	at app//org.junit.jupiter.api.AssertEquals.failNotEqual(AssertEquals.java:197)
	at app//org.junit.jupiter.api.AssertEquals.assertEquals(AssertEquals.java:150)
	at app//org.junit.jupiter.api.Assertions.assertEquals(Assertions.java:560)
	at app//de.uka.ilkd.key.proof.runallproofs.proofcollection.ForkedTestFileRunner.processTestFiles(ForkedTestFileRunner.java:129)
	at app//de.uka.ilkd.key.proof.runallproofs.RunAllProofsTestUnit.runTest(RunAllProofsTestUnit.java:85)
	at app//de.uka.ilkd.key.proof.runallproofs.RunAllProofsTest.lambda$data$0(RunAllProofsTest.java:83)
	at app//org.junit.jupiter.engine.descriptor.DynamicTestTestDescriptor.lambda$execute$0(DynamicTestTestDescriptor.java:53)
	at app//org.junit.jupiter.engine.execution.InvocationInterceptorChain$ValidatingInvocation.proceed(InvocationInterceptorChain.java:131)
	at app//org.junit.jupiter.api.extension.InvocationInterceptor.interceptDynamicTest(InvocationInterceptor.java:167)
	at app//org.junit.jupiter.api.extension.InvocationInterceptor.interceptDynamicTest(InvocationInterceptor.java:184)
	at app//org.junit.jupiter.engine.descriptor.DynamicTestTestDescriptor.lambda$execute$1(DynamicTestTestDescriptor.java:61)
	at app//org.junit.jupiter.engine.execution.InvocationInterceptorChain$InterceptorCall.lambda$ofVoid$0(InvocationInterceptorChain.java:78)
	at app//org.junit.jupiter.engine.execution.InvocationInterceptorChain$InterceptedInvocation.proceed(InvocationInterceptorChain.java:106)
	at app//org.junit.jupiter.engine.execution.InvocationInterceptorChain.proceed(InvocationInterceptorChain.java:64)
	at app//org.junit.jupiter.engine.execution.InvocationInterceptorChain.chainAndInvoke(InvocationInterceptorChain.java:45)
	at app//org.junit.jupiter.engine.execution.InvocationInterceptorChain.invoke(InvocationInterceptorChain.java:37)
	at app//org.junit.jupiter.engine.descriptor.DynamicTestTestDescriptor.execute(DynamicTestTestDescriptor.java:60)
	at app//org.junit.jupiter.engine.descriptor.DynamicTestTestDescriptor.execute(DynamicTestTestDescriptor.java:32)
	at app//org.junit.platform.engine.support.hierarchical.NodeTestTask.lambda$executeRecursively$6(NodeTestTask.java:151)
	at app//org.junit.platform.engine.support.hierarchical.ThrowableCollector.execute(ThrowableCollector.java:73)
	at app//org.junit.platform.engine.support.hierarchical.NodeTestTask.lambda$executeRecursively$8(NodeTestTask.java:141)
	at app//org.junit.platform.engine.support.hierarchical.Node.around(Node.java:137)
	at app//org.junit.platform.engine.support.hierarchical.NodeTestTask.lambda$executeRecursively$9(NodeTestTask.java:139)
	at app//org.junit.platform.engine.support.hierarchical.ThrowableCollector.execute(ThrowableCollector.java:73)
	at app//org.junit.platform.engine.support.hierarchical.NodeTestTask.executeRecursively(NodeTestTask.java:138)
	at app//org.junit.platform.engine.support.hierarchical.NodeTestTask.execute(NodeTestTask.java:95)
	at app//org.junit.platform.engine.support.hierarchical.SameThreadHierarchicalTestExecutorService.submit(SameThreadHierarchicalTestExecutorService.java:35)
	at app//org.junit.platform.engine.support.hierarchical.NodeTestTask$DefaultDynamicTestExecutor.execute(NodeTestTask.java:226)
	at app//org.junit.platform.engine.support.hierarchical.NodeTestTask$DefaultDynamicTestExecutor.execute(NodeTestTask.java:204)
	at java.base@11.0.18/java.util.Optional.ifPresent(Optional.java:183)
	at app//org.junit.jupiter.engine.descriptor.TestFactoryTestDescriptor.lambda$invokeTestMethod$1(TestFactoryTestDescriptor.java:108)
	at app//org.junit.platform.engine.support.hierarchical.ThrowableCollector.execute(ThrowableCollector.java:73)
	at app//org.junit.jupiter.engine.descriptor.TestFactoryTestDescriptor.invokeTestMethod(TestFactoryTestDescriptor.java:95)
	at app//org.junit.jupiter.engine.descriptor.TestMethodTestDescriptor.execute(TestMethodTestDescriptor.java:138)
	at app//org.junit.jupiter.engine.descriptor.TestMethodTestDescriptor.execute(TestMethodTestDescriptor.java:68)
	at app//org.junit.platform.engine.support.hierarchical.NodeTestTask.lambda$executeRecursively$6(NodeTestTask.java:151)
	at app//org.junit.platform.engine.support.hierarchical.ThrowableCollector.execute(ThrowableCollector.java:73)
	at app//org.junit.platform.engine.support.hierarchical.NodeTestTask.lambda$executeRecursively$8(NodeTestTask.java:141)
	at app//org.junit.platform.engine.support.hierarchical.Node.around(Node.java:137)
	at app//org.junit.platform.engine.support.hierarchical.NodeTestTask.lambda$executeRecursively$9(NodeTestTask.java:139)
	at app//org.junit.platform.engine.support.hierarchical.ThrowableCollector.execute(ThrowableCollector.java:73)
	at app//org.junit.platform.engine.support.hierarchical.NodeTestTask.executeRecursively(NodeTestTask.java:138)
	at app//org.junit.platform.engine.support.hierarchical.NodeTestTask.execute(NodeTestTask.java:95)
	at java.base@11.0.18/java.util.ArrayList.forEach(ArrayList.java:1541)
	at app//org.junit.platform.engine.support.hierarchical.SameThreadHierarchicalTestExecutorService.invokeAll(SameThreadHierarchicalTestExecutorService.java:41)
	at app//org.junit.platform.engine.support.hierarchical.NodeTestTask.lambda$executeRecursively$6(NodeTestTask.java:155)
	at app//org.junit.platform.engine.support.hierarchical.ThrowableCollector.execute(ThrowableCollector.java:73)
	at app//org.junit.platform.engine.support.hierarchical.NodeTestTask.lambda$executeRecursively$8(NodeTestTask.java:141)
	at app//org.junit.platform.engine.support.hierarchical.Node.around(Node.java:137)
	at app//org.junit.platform.engine.support.hierarchical.NodeTestTask.lambda$executeRecursively$9(NodeTestTask.java:139)
	at app//org.junit.platform.engine.support.hierarchical.ThrowableCollector.execute(ThrowableCollector.java:73)
	at app//org.junit.platform.engine.support.hierarchical.NodeTestTask.executeRecursively(NodeTestTask.java:138)
	at app//org.junit.platform.engine.support.hierarchical.NodeTestTask.execute(NodeTestTask.java:95)
	at java.base@11.0.18/java.util.ArrayList.forEach(ArrayList.java:1541)
	at app//org.junit.platform.engine.support.hierarchical.SameThreadHierarchicalTestExecutorService.invokeAll(SameThreadHierarchicalTestExecutorService.java:41)
	at app//org.junit.platform.engine.support.hierarchical.NodeTestTask.lambda$executeRecursively$6(NodeTestTask.java:155)
	at app//org.junit.platform.engine.support.hierarchical.ThrowableCollector.execute(ThrowableCollector.java:73)
	at app//org.junit.platform.engine.support.hierarchical.NodeTestTask.lambda$executeRecursively$8(NodeTestTask.java:141)
	at app//org.junit.platform.engine.support.hierarchical.Node.around(Node.java:137)
	at app//org.junit.platform.engine.support.hierarchical.NodeTestTask.lambda$executeRecursively$9(NodeTestTask.java:139)
	at app//org.junit.platform.engine.support.hierarchical.ThrowableCollector.execute(ThrowableCollector.java:73)
	at app//org.junit.platform.engine.support.hierarchical.NodeTestTask.executeRecursively(NodeTestTask.java:138)
	at app//org.junit.platform.engine.support.hierarchical.NodeTestTask.execute(NodeTestTask.java:95)
	at app//org.junit.platform.engine.support.hierarchical.SameThreadHierarchicalTestExecutorService.submit(SameThreadHierarchicalTestExecutorService.java:35)
	at app//org.junit.platform.engine.support.hierarchical.HierarchicalTestExecutor.execute(HierarchicalTestExecutor.java:57)
	at app//org.junit.platform.engine.support.hierarchical.HierarchicalTestEngine.execute(HierarchicalTestEngine.java:54)
	at org.junit.platform.launcher.core.EngineExecutionOrchestrator.execute(EngineExecutionOrchestrator.java:107)
	at org.junit.platform.launcher.core.EngineExecutionOrchestrator.execute(EngineExecutionOrchestrator.java:88)
	at org.junit.platform.launcher.core.EngineExecutionOrchestrator.lambda$execute$0(EngineExecutionOrchestrator.java:54)
	at org.junit.platform.launcher.core.EngineExecutionOrchestrator.withInterceptedStreams(EngineExecutionOrchestrator.java:67)
	at org.junit.platform.launcher.core.EngineExecutionOrchestrator.execute(EngineExecutionOrchestrator.java:52)
	at org.junit.platform.launcher.core.DefaultLauncher.execute(DefaultLauncher.java:114)
	at org.junit.platform.launcher.core.DefaultLauncher.execute(DefaultLauncher.java:86)
	at org.junit.platform.launcher.core.DefaultLauncherSession$DelegatingLauncher.execute(DefaultLauncherSession.java:86)
	at org.junit.platform.launcher.core.SessionPerRequestLauncher.execute(SessionPerRequestLauncher.java:53)
	at org.gradle.api.internal.tasks.testing.junitplatform.JUnitPlatformTestClassProcessor$CollectAllTestClassesExecutor.processAllTestClasses(JUnitPlatformTestClassProcessor.java:99)
	at org.gradle.api.internal.tasks.testing.junitplatform.JUnitPlatformTestClassProcessor$CollectAllTestClassesExecutor.access$000(JUnitPlatformTestClassProcessor.java:79)
	at org.gradle.api.internal.tasks.testing.junitplatform.JUnitPlatformTestClassProcessor.stop(JUnitPlatformTestClassProcessor.java:75)
	at org.gradle.api.internal.tasks.testing.SuiteTestClassProcessor.stop(SuiteTestClassProcessor.java:62)
	at java.base@11.0.18/jdk.internal.reflect.NativeMethodAccessorImpl.invoke0(Native Method)
	at java.base@11.0.18/jdk.internal.reflect.NativeMethodAccessorImpl.invoke(NativeMethodAccessorImpl.java:62)
	at java.base@11.0.18/jdk.internal.reflect.DelegatingMethodAccessorImpl.invoke(DelegatingMethodAccessorImpl.java:43)
	at java.base@11.0.18/java.lang.reflect.Method.invoke(Method.java:566)
	at org.gradle.internal.dispatch.ReflectionDispatch.dispatch(ReflectionDispatch.java:36)
	at org.gradle.internal.dispatch.ReflectionDispatch.dispatch(ReflectionDispatch.java:24)
	at org.gradle.internal.dispatch.ContextClassLoaderDispatch.dispatch(ContextClassLoaderDispatch.java:33)
	at org.gradle.internal.dispatch.ProxyDispatchAdapter$DispatchingInvocationHandler.invoke(ProxyDispatchAdapter.java:94)
	at com.sun.proxy.$Proxy2.stop(Unknown Source)
	at org.gradle.api.internal.tasks.testing.worker.TestWorker$3.run(TestWorker.java:193)
	at org.gradle.api.internal.tasks.testing.worker.TestWorker.executeAndMaintainThreadName(TestWorker.java:129)
	at org.gradle.api.internal.tasks.testing.worker.TestWorker.execute(TestWorker.java:100)
	at org.gradle.api.internal.tasks.testing.worker.TestWorker.execute(TestWorker.java:60)
	at org.gradle.process.internal.worker.child.ActionExecutionWorker.execute(ActionExecutionWorker.java:56)
	at org.gradle.process.internal.worker.child.SystemApplicationClassLoaderWorker.call(SystemApplicationClassLoaderWorker.java:113)
	at org.gradle.process.internal.worker.child.SystemApplicationClassLoaderWorker.call(SystemApplicationClassLoaderWorker.java:65)
	at app//worker.org.gradle.process.internal.worker.GradleWorkerMain.run(GradleWorkerMain.java:69)
	at app//worker.org.gradle.process.internal.worker.GradleWorkerMain.main(GradleWorkerMain.java:74)
</failure>
  </testcase>
  <testcase name="blockContracts" classname="de.uka.ilkd.key.proof.runallproofs.RunAllProofsFunctional" time="0.839">
    <failure message="org.opentest4j.AssertionFailedError: Executed process terminated with non-zero exit value. ==&gt; expected: &lt;0&gt; but was: &lt;1&gt;" type="org.opentest4j.AssertionFailedError">org.opentest4j.AssertionFailedError: Executed process terminated with non-zero exit value. ==&gt; expected: &lt;0&gt; but was: &lt;1&gt;
	at app//org.junit.jupiter.api.AssertionFailureBuilder.build(AssertionFailureBuilder.java:151)
	at app//org.junit.jupiter.api.AssertionFailureBuilder.buildAndThrow(AssertionFailureBuilder.java:132)
	at app//org.junit.jupiter.api.AssertEquals.failNotEqual(AssertEquals.java:197)
	at app//org.junit.jupiter.api.AssertEquals.assertEquals(AssertEquals.java:150)
	at app//org.junit.jupiter.api.Assertions.assertEquals(Assertions.java:560)
	at app//de.uka.ilkd.key.proof.runallproofs.proofcollection.ForkedTestFileRunner.processTestFiles(ForkedTestFileRunner.java:129)
	at app//de.uka.ilkd.key.proof.runallproofs.RunAllProofsTestUnit.runTest(RunAllProofsTestUnit.java:85)
	at app//de.uka.ilkd.key.proof.runallproofs.RunAllProofsTest.lambda$data$0(RunAllProofsTest.java:83)
	at app//org.junit.jupiter.engine.descriptor.DynamicTestTestDescriptor.lambda$execute$0(DynamicTestTestDescriptor.java:53)
	at app//org.junit.jupiter.engine.execution.InvocationInterceptorChain$ValidatingInvocation.proceed(InvocationInterceptorChain.java:131)
	at app//org.junit.jupiter.api.extension.InvocationInterceptor.interceptDynamicTest(InvocationInterceptor.java:167)
	at app//org.junit.jupiter.api.extension.InvocationInterceptor.interceptDynamicTest(InvocationInterceptor.java:184)
	at app//org.junit.jupiter.engine.descriptor.DynamicTestTestDescriptor.lambda$execute$1(DynamicTestTestDescriptor.java:61)
	at app//org.junit.jupiter.engine.execution.InvocationInterceptorChain$InterceptorCall.lambda$ofVoid$0(InvocationInterceptorChain.java:78)
	at app//org.junit.jupiter.engine.execution.InvocationInterceptorChain$InterceptedInvocation.proceed(InvocationInterceptorChain.java:106)
	at app//org.junit.jupiter.engine.execution.InvocationInterceptorChain.proceed(InvocationInterceptorChain.java:64)
	at app//org.junit.jupiter.engine.execution.InvocationInterceptorChain.chainAndInvoke(InvocationInterceptorChain.java:45)
	at app//org.junit.jupiter.engine.execution.InvocationInterceptorChain.invoke(InvocationInterceptorChain.java:37)
	at app//org.junit.jupiter.engine.descriptor.DynamicTestTestDescriptor.execute(DynamicTestTestDescriptor.java:60)
	at app//org.junit.jupiter.engine.descriptor.DynamicTestTestDescriptor.execute(DynamicTestTestDescriptor.java:32)
	at app//org.junit.platform.engine.support.hierarchical.NodeTestTask.lambda$executeRecursively$6(NodeTestTask.java:151)
	at app//org.junit.platform.engine.support.hierarchical.ThrowableCollector.execute(ThrowableCollector.java:73)
	at app//org.junit.platform.engine.support.hierarchical.NodeTestTask.lambda$executeRecursively$8(NodeTestTask.java:141)
	at app//org.junit.platform.engine.support.hierarchical.Node.around(Node.java:137)
	at app//org.junit.platform.engine.support.hierarchical.NodeTestTask.lambda$executeRecursively$9(NodeTestTask.java:139)
	at app//org.junit.platform.engine.support.hierarchical.ThrowableCollector.execute(ThrowableCollector.java:73)
	at app//org.junit.platform.engine.support.hierarchical.NodeTestTask.executeRecursively(NodeTestTask.java:138)
	at app//org.junit.platform.engine.support.hierarchical.NodeTestTask.execute(NodeTestTask.java:95)
	at app//org.junit.platform.engine.support.hierarchical.SameThreadHierarchicalTestExecutorService.submit(SameThreadHierarchicalTestExecutorService.java:35)
	at app//org.junit.platform.engine.support.hierarchical.NodeTestTask$DefaultDynamicTestExecutor.execute(NodeTestTask.java:226)
	at app//org.junit.platform.engine.support.hierarchical.NodeTestTask$DefaultDynamicTestExecutor.execute(NodeTestTask.java:204)
	at java.base@11.0.18/java.util.Optional.ifPresent(Optional.java:183)
	at app//org.junit.jupiter.engine.descriptor.TestFactoryTestDescriptor.lambda$invokeTestMethod$1(TestFactoryTestDescriptor.java:108)
	at app//org.junit.platform.engine.support.hierarchical.ThrowableCollector.execute(ThrowableCollector.java:73)
	at app//org.junit.jupiter.engine.descriptor.TestFactoryTestDescriptor.invokeTestMethod(TestFactoryTestDescriptor.java:95)
	at app//org.junit.jupiter.engine.descriptor.TestMethodTestDescriptor.execute(TestMethodTestDescriptor.java:138)
	at app//org.junit.jupiter.engine.descriptor.TestMethodTestDescriptor.execute(TestMethodTestDescriptor.java:68)
	at app//org.junit.platform.engine.support.hierarchical.NodeTestTask.lambda$executeRecursively$6(NodeTestTask.java:151)
	at app//org.junit.platform.engine.support.hierarchical.ThrowableCollector.execute(ThrowableCollector.java:73)
	at app//org.junit.platform.engine.support.hierarchical.NodeTestTask.lambda$executeRecursively$8(NodeTestTask.java:141)
	at app//org.junit.platform.engine.support.hierarchical.Node.around(Node.java:137)
	at app//org.junit.platform.engine.support.hierarchical.NodeTestTask.lambda$executeRecursively$9(NodeTestTask.java:139)
	at app//org.junit.platform.engine.support.hierarchical.ThrowableCollector.execute(ThrowableCollector.java:73)
	at app//org.junit.platform.engine.support.hierarchical.NodeTestTask.executeRecursively(NodeTestTask.java:138)
	at app//org.junit.platform.engine.support.hierarchical.NodeTestTask.execute(NodeTestTask.java:95)
	at java.base@11.0.18/java.util.ArrayList.forEach(ArrayList.java:1541)
	at app//org.junit.platform.engine.support.hierarchical.SameThreadHierarchicalTestExecutorService.invokeAll(SameThreadHierarchicalTestExecutorService.java:41)
	at app//org.junit.platform.engine.support.hierarchical.NodeTestTask.lambda$executeRecursively$6(NodeTestTask.java:155)
	at app//org.junit.platform.engine.support.hierarchical.ThrowableCollector.execute(ThrowableCollector.java:73)
	at app//org.junit.platform.engine.support.hierarchical.NodeTestTask.lambda$executeRecursively$8(NodeTestTask.java:141)
	at app//org.junit.platform.engine.support.hierarchical.Node.around(Node.java:137)
	at app//org.junit.platform.engine.support.hierarchical.NodeTestTask.lambda$executeRecursively$9(NodeTestTask.java:139)
	at app//org.junit.platform.engine.support.hierarchical.ThrowableCollector.execute(ThrowableCollector.java:73)
	at app//org.junit.platform.engine.support.hierarchical.NodeTestTask.executeRecursively(NodeTestTask.java:138)
	at app//org.junit.platform.engine.support.hierarchical.NodeTestTask.execute(NodeTestTask.java:95)
	at java.base@11.0.18/java.util.ArrayList.forEach(ArrayList.java:1541)
	at app//org.junit.platform.engine.support.hierarchical.SameThreadHierarchicalTestExecutorService.invokeAll(SameThreadHierarchicalTestExecutorService.java:41)
	at app//org.junit.platform.engine.support.hierarchical.NodeTestTask.lambda$executeRecursively$6(NodeTestTask.java:155)
	at app//org.junit.platform.engine.support.hierarchical.ThrowableCollector.execute(ThrowableCollector.java:73)
	at app//org.junit.platform.engine.support.hierarchical.NodeTestTask.lambda$executeRecursively$8(NodeTestTask.java:141)
	at app//org.junit.platform.engine.support.hierarchical.Node.around(Node.java:137)
	at app//org.junit.platform.engine.support.hierarchical.NodeTestTask.lambda$executeRecursively$9(NodeTestTask.java:139)
	at app//org.junit.platform.engine.support.hierarchical.ThrowableCollector.execute(ThrowableCollector.java:73)
	at app//org.junit.platform.engine.support.hierarchical.NodeTestTask.executeRecursively(NodeTestTask.java:138)
	at app//org.junit.platform.engine.support.hierarchical.NodeTestTask.execute(NodeTestTask.java:95)
	at app//org.junit.platform.engine.support.hierarchical.SameThreadHierarchicalTestExecutorService.submit(SameThreadHierarchicalTestExecutorService.java:35)
	at app//org.junit.platform.engine.support.hierarchical.HierarchicalTestExecutor.execute(HierarchicalTestExecutor.java:57)
	at app//org.junit.platform.engine.support.hierarchical.HierarchicalTestEngine.execute(HierarchicalTestEngine.java:54)
	at org.junit.platform.launcher.core.EngineExecutionOrchestrator.execute(EngineExecutionOrchestrator.java:107)
	at org.junit.platform.launcher.core.EngineExecutionOrchestrator.execute(EngineExecutionOrchestrator.java:88)
	at org.junit.platform.launcher.core.EngineExecutionOrchestrator.lambda$execute$0(EngineExecutionOrchestrator.java:54)
	at org.junit.platform.launcher.core.EngineExecutionOrchestrator.withInterceptedStreams(EngineExecutionOrchestrator.java:67)
	at org.junit.platform.launcher.core.EngineExecutionOrchestrator.execute(EngineExecutionOrchestrator.java:52)
	at org.junit.platform.launcher.core.DefaultLauncher.execute(DefaultLauncher.java:114)
	at org.junit.platform.launcher.core.DefaultLauncher.execute(DefaultLauncher.java:86)
	at org.junit.platform.launcher.core.DefaultLauncherSession$DelegatingLauncher.execute(DefaultLauncherSession.java:86)
	at org.junit.platform.launcher.core.SessionPerRequestLauncher.execute(SessionPerRequestLauncher.java:53)
	at org.gradle.api.internal.tasks.testing.junitplatform.JUnitPlatformTestClassProcessor$CollectAllTestClassesExecutor.processAllTestClasses(JUnitPlatformTestClassProcessor.java:99)
	at org.gradle.api.internal.tasks.testing.junitplatform.JUnitPlatformTestClassProcessor$CollectAllTestClassesExecutor.access$000(JUnitPlatformTestClassProcessor.java:79)
	at org.gradle.api.internal.tasks.testing.junitplatform.JUnitPlatformTestClassProcessor.stop(JUnitPlatformTestClassProcessor.java:75)
	at org.gradle.api.internal.tasks.testing.SuiteTestClassProcessor.stop(SuiteTestClassProcessor.java:62)
	at java.base@11.0.18/jdk.internal.reflect.NativeMethodAccessorImpl.invoke0(Native Method)
	at java.base@11.0.18/jdk.internal.reflect.NativeMethodAccessorImpl.invoke(NativeMethodAccessorImpl.java:62)
	at java.base@11.0.18/jdk.internal.reflect.DelegatingMethodAccessorImpl.invoke(DelegatingMethodAccessorImpl.java:43)
	at java.base@11.0.18/java.lang.reflect.Method.invoke(Method.java:566)
	at org.gradle.internal.dispatch.ReflectionDispatch.dispatch(ReflectionDispatch.java:36)
	at org.gradle.internal.dispatch.ReflectionDispatch.dispatch(ReflectionDispatch.java:24)
	at org.gradle.internal.dispatch.ContextClassLoaderDispatch.dispatch(ContextClassLoaderDispatch.java:33)
	at org.gradle.internal.dispatch.ProxyDispatchAdapter$DispatchingInvocationHandler.invoke(ProxyDispatchAdapter.java:94)
	at com.sun.proxy.$Proxy2.stop(Unknown Source)
	at org.gradle.api.internal.tasks.testing.worker.TestWorker$3.run(TestWorker.java:193)
	at org.gradle.api.internal.tasks.testing.worker.TestWorker.executeAndMaintainThreadName(TestWorker.java:129)
	at org.gradle.api.internal.tasks.testing.worker.TestWorker.execute(TestWorker.java:100)
	at org.gradle.api.internal.tasks.testing.worker.TestWorker.execute(TestWorker.java:60)
	at org.gradle.process.internal.worker.child.ActionExecutionWorker.execute(ActionExecutionWorker.java:56)
	at org.gradle.process.internal.worker.child.SystemApplicationClassLoaderWorker.call(SystemApplicationClassLoaderWorker.java:113)
	at org.gradle.process.internal.worker.child.SystemApplicationClassLoaderWorker.call(SystemApplicationClassLoaderWorker.java:65)
	at app//worker.org.gradle.process.internal.worker.GradleWorkerMain.run(GradleWorkerMain.java:69)
	at app//worker.org.gradle.process.internal.worker.GradleWorkerMain.main(GradleWorkerMain.java:74)
</failure>
  </testcase>
  <testcase name="jmlAsserts" classname="de.uka.ilkd.key.proof.runallproofs.RunAllProofsFunctional" time="1.169">
    <failure message="org.opentest4j.AssertionFailedError: Executed process terminated with non-zero exit value. ==&gt; expected: &lt;0&gt; but was: &lt;1&gt;" type="org.opentest4j.AssertionFailedError">org.opentest4j.AssertionFailedError: Executed process terminated with non-zero exit value. ==&gt; expected: &lt;0&gt; but was: &lt;1&gt;
	at app//org.junit.jupiter.api.AssertionFailureBuilder.build(AssertionFailureBuilder.java:151)
	at app//org.junit.jupiter.api.AssertionFailureBuilder.buildAndThrow(AssertionFailureBuilder.java:132)
	at app//org.junit.jupiter.api.AssertEquals.failNotEqual(AssertEquals.java:197)
	at app//org.junit.jupiter.api.AssertEquals.assertEquals(AssertEquals.java:150)
	at app//org.junit.jupiter.api.Assertions.assertEquals(Assertions.java:560)
	at app//de.uka.ilkd.key.proof.runallproofs.proofcollection.ForkedTestFileRunner.processTestFiles(ForkedTestFileRunner.java:129)
	at app//de.uka.ilkd.key.proof.runallproofs.RunAllProofsTestUnit.runTest(RunAllProofsTestUnit.java:85)
	at app//de.uka.ilkd.key.proof.runallproofs.RunAllProofsTest.lambda$data$0(RunAllProofsTest.java:83)
	at app//org.junit.jupiter.engine.descriptor.DynamicTestTestDescriptor.lambda$execute$0(DynamicTestTestDescriptor.java:53)
	at app//org.junit.jupiter.engine.execution.InvocationInterceptorChain$ValidatingInvocation.proceed(InvocationInterceptorChain.java:131)
	at app//org.junit.jupiter.api.extension.InvocationInterceptor.interceptDynamicTest(InvocationInterceptor.java:167)
	at app//org.junit.jupiter.api.extension.InvocationInterceptor.interceptDynamicTest(InvocationInterceptor.java:184)
	at app//org.junit.jupiter.engine.descriptor.DynamicTestTestDescriptor.lambda$execute$1(DynamicTestTestDescriptor.java:61)
	at app//org.junit.jupiter.engine.execution.InvocationInterceptorChain$InterceptorCall.lambda$ofVoid$0(InvocationInterceptorChain.java:78)
	at app//org.junit.jupiter.engine.execution.InvocationInterceptorChain$InterceptedInvocation.proceed(InvocationInterceptorChain.java:106)
	at app//org.junit.jupiter.engine.execution.InvocationInterceptorChain.proceed(InvocationInterceptorChain.java:64)
	at app//org.junit.jupiter.engine.execution.InvocationInterceptorChain.chainAndInvoke(InvocationInterceptorChain.java:45)
	at app//org.junit.jupiter.engine.execution.InvocationInterceptorChain.invoke(InvocationInterceptorChain.java:37)
	at app//org.junit.jupiter.engine.descriptor.DynamicTestTestDescriptor.execute(DynamicTestTestDescriptor.java:60)
	at app//org.junit.jupiter.engine.descriptor.DynamicTestTestDescriptor.execute(DynamicTestTestDescriptor.java:32)
	at app//org.junit.platform.engine.support.hierarchical.NodeTestTask.lambda$executeRecursively$6(NodeTestTask.java:151)
	at app//org.junit.platform.engine.support.hierarchical.ThrowableCollector.execute(ThrowableCollector.java:73)
	at app//org.junit.platform.engine.support.hierarchical.NodeTestTask.lambda$executeRecursively$8(NodeTestTask.java:141)
	at app//org.junit.platform.engine.support.hierarchical.Node.around(Node.java:137)
	at app//org.junit.platform.engine.support.hierarchical.NodeTestTask.lambda$executeRecursively$9(NodeTestTask.java:139)
	at app//org.junit.platform.engine.support.hierarchical.ThrowableCollector.execute(ThrowableCollector.java:73)
	at app//org.junit.platform.engine.support.hierarchical.NodeTestTask.executeRecursively(NodeTestTask.java:138)
	at app//org.junit.platform.engine.support.hierarchical.NodeTestTask.execute(NodeTestTask.java:95)
	at app//org.junit.platform.engine.support.hierarchical.SameThreadHierarchicalTestExecutorService.submit(SameThreadHierarchicalTestExecutorService.java:35)
	at app//org.junit.platform.engine.support.hierarchical.NodeTestTask$DefaultDynamicTestExecutor.execute(NodeTestTask.java:226)
	at app//org.junit.platform.engine.support.hierarchical.NodeTestTask$DefaultDynamicTestExecutor.execute(NodeTestTask.java:204)
	at java.base@11.0.18/java.util.Optional.ifPresent(Optional.java:183)
	at app//org.junit.jupiter.engine.descriptor.TestFactoryTestDescriptor.lambda$invokeTestMethod$1(TestFactoryTestDescriptor.java:108)
	at app//org.junit.platform.engine.support.hierarchical.ThrowableCollector.execute(ThrowableCollector.java:73)
	at app//org.junit.jupiter.engine.descriptor.TestFactoryTestDescriptor.invokeTestMethod(TestFactoryTestDescriptor.java:95)
	at app//org.junit.jupiter.engine.descriptor.TestMethodTestDescriptor.execute(TestMethodTestDescriptor.java:138)
	at app//org.junit.jupiter.engine.descriptor.TestMethodTestDescriptor.execute(TestMethodTestDescriptor.java:68)
	at app//org.junit.platform.engine.support.hierarchical.NodeTestTask.lambda$executeRecursively$6(NodeTestTask.java:151)
	at app//org.junit.platform.engine.support.hierarchical.ThrowableCollector.execute(ThrowableCollector.java:73)
	at app//org.junit.platform.engine.support.hierarchical.NodeTestTask.lambda$executeRecursively$8(NodeTestTask.java:141)
	at app//org.junit.platform.engine.support.hierarchical.Node.around(Node.java:137)
	at app//org.junit.platform.engine.support.hierarchical.NodeTestTask.lambda$executeRecursively$9(NodeTestTask.java:139)
	at app//org.junit.platform.engine.support.hierarchical.ThrowableCollector.execute(ThrowableCollector.java:73)
	at app//org.junit.platform.engine.support.hierarchical.NodeTestTask.executeRecursively(NodeTestTask.java:138)
	at app//org.junit.platform.engine.support.hierarchical.NodeTestTask.execute(NodeTestTask.java:95)
	at java.base@11.0.18/java.util.ArrayList.forEach(ArrayList.java:1541)
	at app//org.junit.platform.engine.support.hierarchical.SameThreadHierarchicalTestExecutorService.invokeAll(SameThreadHierarchicalTestExecutorService.java:41)
	at app//org.junit.platform.engine.support.hierarchical.NodeTestTask.lambda$executeRecursively$6(NodeTestTask.java:155)
	at app//org.junit.platform.engine.support.hierarchical.ThrowableCollector.execute(ThrowableCollector.java:73)
	at app//org.junit.platform.engine.support.hierarchical.NodeTestTask.lambda$executeRecursively$8(NodeTestTask.java:141)
	at app//org.junit.platform.engine.support.hierarchical.Node.around(Node.java:137)
	at app//org.junit.platform.engine.support.hierarchical.NodeTestTask.lambda$executeRecursively$9(NodeTestTask.java:139)
	at app//org.junit.platform.engine.support.hierarchical.ThrowableCollector.execute(ThrowableCollector.java:73)
	at app//org.junit.platform.engine.support.hierarchical.NodeTestTask.executeRecursively(NodeTestTask.java:138)
	at app//org.junit.platform.engine.support.hierarchical.NodeTestTask.execute(NodeTestTask.java:95)
	at java.base@11.0.18/java.util.ArrayList.forEach(ArrayList.java:1541)
	at app//org.junit.platform.engine.support.hierarchical.SameThreadHierarchicalTestExecutorService.invokeAll(SameThreadHierarchicalTestExecutorService.java:41)
	at app//org.junit.platform.engine.support.hierarchical.NodeTestTask.lambda$executeRecursively$6(NodeTestTask.java:155)
	at app//org.junit.platform.engine.support.hierarchical.ThrowableCollector.execute(ThrowableCollector.java:73)
	at app//org.junit.platform.engine.support.hierarchical.NodeTestTask.lambda$executeRecursively$8(NodeTestTask.java:141)
	at app//org.junit.platform.engine.support.hierarchical.Node.around(Node.java:137)
	at app//org.junit.platform.engine.support.hierarchical.NodeTestTask.lambda$executeRecursively$9(NodeTestTask.java:139)
	at app//org.junit.platform.engine.support.hierarchical.ThrowableCollector.execute(ThrowableCollector.java:73)
	at app//org.junit.platform.engine.support.hierarchical.NodeTestTask.executeRecursively(NodeTestTask.java:138)
	at app//org.junit.platform.engine.support.hierarchical.NodeTestTask.execute(NodeTestTask.java:95)
	at app//org.junit.platform.engine.support.hierarchical.SameThreadHierarchicalTestExecutorService.submit(SameThreadHierarchicalTestExecutorService.java:35)
	at app//org.junit.platform.engine.support.hierarchical.HierarchicalTestExecutor.execute(HierarchicalTestExecutor.java:57)
	at app//org.junit.platform.engine.support.hierarchical.HierarchicalTestEngine.execute(HierarchicalTestEngine.java:54)
	at org.junit.platform.launcher.core.EngineExecutionOrchestrator.execute(EngineExecutionOrchestrator.java:107)
	at org.junit.platform.launcher.core.EngineExecutionOrchestrator.execute(EngineExecutionOrchestrator.java:88)
	at org.junit.platform.launcher.core.EngineExecutionOrchestrator.lambda$execute$0(EngineExecutionOrchestrator.java:54)
	at org.junit.platform.launcher.core.EngineExecutionOrchestrator.withInterceptedStreams(EngineExecutionOrchestrator.java:67)
	at org.junit.platform.launcher.core.EngineExecutionOrchestrator.execute(EngineExecutionOrchestrator.java:52)
	at org.junit.platform.launcher.core.DefaultLauncher.execute(DefaultLauncher.java:114)
	at org.junit.platform.launcher.core.DefaultLauncher.execute(DefaultLauncher.java:86)
	at org.junit.platform.launcher.core.DefaultLauncherSession$DelegatingLauncher.execute(DefaultLauncherSession.java:86)
	at org.junit.platform.launcher.core.SessionPerRequestLauncher.execute(SessionPerRequestLauncher.java:53)
	at org.gradle.api.internal.tasks.testing.junitplatform.JUnitPlatformTestClassProcessor$CollectAllTestClassesExecutor.processAllTestClasses(JUnitPlatformTestClassProcessor.java:99)
	at org.gradle.api.internal.tasks.testing.junitplatform.JUnitPlatformTestClassProcessor$CollectAllTestClassesExecutor.access$000(JUnitPlatformTestClassProcessor.java:79)
	at org.gradle.api.internal.tasks.testing.junitplatform.JUnitPlatformTestClassProcessor.stop(JUnitPlatformTestClassProcessor.java:75)
	at org.gradle.api.internal.tasks.testing.SuiteTestClassProcessor.stop(SuiteTestClassProcessor.java:62)
	at java.base@11.0.18/jdk.internal.reflect.NativeMethodAccessorImpl.invoke0(Native Method)
	at java.base@11.0.18/jdk.internal.reflect.NativeMethodAccessorImpl.invoke(NativeMethodAccessorImpl.java:62)
	at java.base@11.0.18/jdk.internal.reflect.DelegatingMethodAccessorImpl.invoke(DelegatingMethodAccessorImpl.java:43)
	at java.base@11.0.18/java.lang.reflect.Method.invoke(Method.java:566)
	at org.gradle.internal.dispatch.ReflectionDispatch.dispatch(ReflectionDispatch.java:36)
	at org.gradle.internal.dispatch.ReflectionDispatch.dispatch(ReflectionDispatch.java:24)
	at org.gradle.internal.dispatch.ContextClassLoaderDispatch.dispatch(ContextClassLoaderDispatch.java:33)
	at org.gradle.internal.dispatch.ProxyDispatchAdapter$DispatchingInvocationHandler.invoke(ProxyDispatchAdapter.java:94)
	at com.sun.proxy.$Proxy2.stop(Unknown Source)
	at org.gradle.api.internal.tasks.testing.worker.TestWorker$3.run(TestWorker.java:193)
	at org.gradle.api.internal.tasks.testing.worker.TestWorker.executeAndMaintainThreadName(TestWorker.java:129)
	at org.gradle.api.internal.tasks.testing.worker.TestWorker.execute(TestWorker.java:100)
	at org.gradle.api.internal.tasks.testing.worker.TestWorker.execute(TestWorker.java:60)
	at org.gradle.process.internal.worker.child.ActionExecutionWorker.execute(ActionExecutionWorker.java:56)
	at org.gradle.process.internal.worker.child.SystemApplicationClassLoaderWorker.call(SystemApplicationClassLoaderWorker.java:113)
	at org.gradle.process.internal.worker.child.SystemApplicationClassLoaderWorker.call(SystemApplicationClassLoaderWorker.java:65)
	at app//worker.org.gradle.process.internal.worker.GradleWorkerMain.run(GradleWorkerMain.java:69)
	at app//worker.org.gradle.process.internal.worker.GradleWorkerMain.main(GradleWorkerMain.java:74)
</failure>
  </testcase>
  <testcase name="javaCard" classname="de.uka.ilkd.key.proof.runallproofs.RunAllProofsFunctional" time="0.8">
    <failure message="org.opentest4j.AssertionFailedError: Executed process terminated with non-zero exit value. ==&gt; expected: &lt;0&gt; but was: &lt;1&gt;" type="org.opentest4j.AssertionFailedError">org.opentest4j.AssertionFailedError: Executed process terminated with non-zero exit value. ==&gt; expected: &lt;0&gt; but was: &lt;1&gt;
	at app//org.junit.jupiter.api.AssertionFailureBuilder.build(AssertionFailureBuilder.java:151)
	at app//org.junit.jupiter.api.AssertionFailureBuilder.buildAndThrow(AssertionFailureBuilder.java:132)
	at app//org.junit.jupiter.api.AssertEquals.failNotEqual(AssertEquals.java:197)
	at app//org.junit.jupiter.api.AssertEquals.assertEquals(AssertEquals.java:150)
	at app//org.junit.jupiter.api.Assertions.assertEquals(Assertions.java:560)
	at app//de.uka.ilkd.key.proof.runallproofs.proofcollection.ForkedTestFileRunner.processTestFiles(ForkedTestFileRunner.java:129)
	at app//de.uka.ilkd.key.proof.runallproofs.RunAllProofsTestUnit.runTest(RunAllProofsTestUnit.java:85)
	at app//de.uka.ilkd.key.proof.runallproofs.RunAllProofsTest.lambda$data$0(RunAllProofsTest.java:83)
	at app//org.junit.jupiter.engine.descriptor.DynamicTestTestDescriptor.lambda$execute$0(DynamicTestTestDescriptor.java:53)
	at app//org.junit.jupiter.engine.execution.InvocationInterceptorChain$ValidatingInvocation.proceed(InvocationInterceptorChain.java:131)
	at app//org.junit.jupiter.api.extension.InvocationInterceptor.interceptDynamicTest(InvocationInterceptor.java:167)
	at app//org.junit.jupiter.api.extension.InvocationInterceptor.interceptDynamicTest(InvocationInterceptor.java:184)
	at app//org.junit.jupiter.engine.descriptor.DynamicTestTestDescriptor.lambda$execute$1(DynamicTestTestDescriptor.java:61)
	at app//org.junit.jupiter.engine.execution.InvocationInterceptorChain$InterceptorCall.lambda$ofVoid$0(InvocationInterceptorChain.java:78)
	at app//org.junit.jupiter.engine.execution.InvocationInterceptorChain$InterceptedInvocation.proceed(InvocationInterceptorChain.java:106)
	at app//org.junit.jupiter.engine.execution.InvocationInterceptorChain.proceed(InvocationInterceptorChain.java:64)
	at app//org.junit.jupiter.engine.execution.InvocationInterceptorChain.chainAndInvoke(InvocationInterceptorChain.java:45)
	at app//org.junit.jupiter.engine.execution.InvocationInterceptorChain.invoke(InvocationInterceptorChain.java:37)
	at app//org.junit.jupiter.engine.descriptor.DynamicTestTestDescriptor.execute(DynamicTestTestDescriptor.java:60)
	at app//org.junit.jupiter.engine.descriptor.DynamicTestTestDescriptor.execute(DynamicTestTestDescriptor.java:32)
	at app//org.junit.platform.engine.support.hierarchical.NodeTestTask.lambda$executeRecursively$6(NodeTestTask.java:151)
	at app//org.junit.platform.engine.support.hierarchical.ThrowableCollector.execute(ThrowableCollector.java:73)
	at app//org.junit.platform.engine.support.hierarchical.NodeTestTask.lambda$executeRecursively$8(NodeTestTask.java:141)
	at app//org.junit.platform.engine.support.hierarchical.Node.around(Node.java:137)
	at app//org.junit.platform.engine.support.hierarchical.NodeTestTask.lambda$executeRecursively$9(NodeTestTask.java:139)
	at app//org.junit.platform.engine.support.hierarchical.ThrowableCollector.execute(ThrowableCollector.java:73)
	at app//org.junit.platform.engine.support.hierarchical.NodeTestTask.executeRecursively(NodeTestTask.java:138)
	at app//org.junit.platform.engine.support.hierarchical.NodeTestTask.execute(NodeTestTask.java:95)
	at app//org.junit.platform.engine.support.hierarchical.SameThreadHierarchicalTestExecutorService.submit(SameThreadHierarchicalTestExecutorService.java:35)
	at app//org.junit.platform.engine.support.hierarchical.NodeTestTask$DefaultDynamicTestExecutor.execute(NodeTestTask.java:226)
	at app//org.junit.platform.engine.support.hierarchical.NodeTestTask$DefaultDynamicTestExecutor.execute(NodeTestTask.java:204)
	at java.base@11.0.18/java.util.Optional.ifPresent(Optional.java:183)
	at app//org.junit.jupiter.engine.descriptor.TestFactoryTestDescriptor.lambda$invokeTestMethod$1(TestFactoryTestDescriptor.java:108)
	at app//org.junit.platform.engine.support.hierarchical.ThrowableCollector.execute(ThrowableCollector.java:73)
	at app//org.junit.jupiter.engine.descriptor.TestFactoryTestDescriptor.invokeTestMethod(TestFactoryTestDescriptor.java:95)
	at app//org.junit.jupiter.engine.descriptor.TestMethodTestDescriptor.execute(TestMethodTestDescriptor.java:138)
	at app//org.junit.jupiter.engine.descriptor.TestMethodTestDescriptor.execute(TestMethodTestDescriptor.java:68)
	at app//org.junit.platform.engine.support.hierarchical.NodeTestTask.lambda$executeRecursively$6(NodeTestTask.java:151)
	at app//org.junit.platform.engine.support.hierarchical.ThrowableCollector.execute(ThrowableCollector.java:73)
	at app//org.junit.platform.engine.support.hierarchical.NodeTestTask.lambda$executeRecursively$8(NodeTestTask.java:141)
	at app//org.junit.platform.engine.support.hierarchical.Node.around(Node.java:137)
	at app//org.junit.platform.engine.support.hierarchical.NodeTestTask.lambda$executeRecursively$9(NodeTestTask.java:139)
	at app//org.junit.platform.engine.support.hierarchical.ThrowableCollector.execute(ThrowableCollector.java:73)
	at app//org.junit.platform.engine.support.hierarchical.NodeTestTask.executeRecursively(NodeTestTask.java:138)
	at app//org.junit.platform.engine.support.hierarchical.NodeTestTask.execute(NodeTestTask.java:95)
	at java.base@11.0.18/java.util.ArrayList.forEach(ArrayList.java:1541)
	at app//org.junit.platform.engine.support.hierarchical.SameThreadHierarchicalTestExecutorService.invokeAll(SameThreadHierarchicalTestExecutorService.java:41)
	at app//org.junit.platform.engine.support.hierarchical.NodeTestTask.lambda$executeRecursively$6(NodeTestTask.java:155)
	at app//org.junit.platform.engine.support.hierarchical.ThrowableCollector.execute(ThrowableCollector.java:73)
	at app//org.junit.platform.engine.support.hierarchical.NodeTestTask.lambda$executeRecursively$8(NodeTestTask.java:141)
	at app//org.junit.platform.engine.support.hierarchical.Node.around(Node.java:137)
	at app//org.junit.platform.engine.support.hierarchical.NodeTestTask.lambda$executeRecursively$9(NodeTestTask.java:139)
	at app//org.junit.platform.engine.support.hierarchical.ThrowableCollector.execute(ThrowableCollector.java:73)
	at app//org.junit.platform.engine.support.hierarchical.NodeTestTask.executeRecursively(NodeTestTask.java:138)
	at app//org.junit.platform.engine.support.hierarchical.NodeTestTask.execute(NodeTestTask.java:95)
	at java.base@11.0.18/java.util.ArrayList.forEach(ArrayList.java:1541)
	at app//org.junit.platform.engine.support.hierarchical.SameThreadHierarchicalTestExecutorService.invokeAll(SameThreadHierarchicalTestExecutorService.java:41)
	at app//org.junit.platform.engine.support.hierarchical.NodeTestTask.lambda$executeRecursively$6(NodeTestTask.java:155)
	at app//org.junit.platform.engine.support.hierarchical.ThrowableCollector.execute(ThrowableCollector.java:73)
	at app//org.junit.platform.engine.support.hierarchical.NodeTestTask.lambda$executeRecursively$8(NodeTestTask.java:141)
	at app//org.junit.platform.engine.support.hierarchical.Node.around(Node.java:137)
	at app//org.junit.platform.engine.support.hierarchical.NodeTestTask.lambda$executeRecursively$9(NodeTestTask.java:139)
	at app//org.junit.platform.engine.support.hierarchical.ThrowableCollector.execute(ThrowableCollector.java:73)
	at app//org.junit.platform.engine.support.hierarchical.NodeTestTask.executeRecursively(NodeTestTask.java:138)
	at app//org.junit.platform.engine.support.hierarchical.NodeTestTask.execute(NodeTestTask.java:95)
	at app//org.junit.platform.engine.support.hierarchical.SameThreadHierarchicalTestExecutorService.submit(SameThreadHierarchicalTestExecutorService.java:35)
	at app//org.junit.platform.engine.support.hierarchical.HierarchicalTestExecutor.execute(HierarchicalTestExecutor.java:57)
	at app//org.junit.platform.engine.support.hierarchical.HierarchicalTestEngine.execute(HierarchicalTestEngine.java:54)
	at org.junit.platform.launcher.core.EngineExecutionOrchestrator.execute(EngineExecutionOrchestrator.java:107)
	at org.junit.platform.launcher.core.EngineExecutionOrchestrator.execute(EngineExecutionOrchestrator.java:88)
	at org.junit.platform.launcher.core.EngineExecutionOrchestrator.lambda$execute$0(EngineExecutionOrchestrator.java:54)
	at org.junit.platform.launcher.core.EngineExecutionOrchestrator.withInterceptedStreams(EngineExecutionOrchestrator.java:67)
	at org.junit.platform.launcher.core.EngineExecutionOrchestrator.execute(EngineExecutionOrchestrator.java:52)
	at org.junit.platform.launcher.core.DefaultLauncher.execute(DefaultLauncher.java:114)
	at org.junit.platform.launcher.core.DefaultLauncher.execute(DefaultLauncher.java:86)
	at org.junit.platform.launcher.core.DefaultLauncherSession$DelegatingLauncher.execute(DefaultLauncherSession.java:86)
	at org.junit.platform.launcher.core.SessionPerRequestLauncher.execute(SessionPerRequestLauncher.java:53)
	at org.gradle.api.internal.tasks.testing.junitplatform.JUnitPlatformTestClassProcessor$CollectAllTestClassesExecutor.processAllTestClasses(JUnitPlatformTestClassProcessor.java:99)
	at org.gradle.api.internal.tasks.testing.junitplatform.JUnitPlatformTestClassProcessor$CollectAllTestClassesExecutor.access$000(JUnitPlatformTestClassProcessor.java:79)
	at org.gradle.api.internal.tasks.testing.junitplatform.JUnitPlatformTestClassProcessor.stop(JUnitPlatformTestClassProcessor.java:75)
	at org.gradle.api.internal.tasks.testing.SuiteTestClassProcessor.stop(SuiteTestClassProcessor.java:62)
	at java.base@11.0.18/jdk.internal.reflect.NativeMethodAccessorImpl.invoke0(Native Method)
	at java.base@11.0.18/jdk.internal.reflect.NativeMethodAccessorImpl.invoke(NativeMethodAccessorImpl.java:62)
	at java.base@11.0.18/jdk.internal.reflect.DelegatingMethodAccessorImpl.invoke(DelegatingMethodAccessorImpl.java:43)
	at java.base@11.0.18/java.lang.reflect.Method.invoke(Method.java:566)
	at org.gradle.internal.dispatch.ReflectionDispatch.dispatch(ReflectionDispatch.java:36)
	at org.gradle.internal.dispatch.ReflectionDispatch.dispatch(ReflectionDispatch.java:24)
	at org.gradle.internal.dispatch.ContextClassLoaderDispatch.dispatch(ContextClassLoaderDispatch.java:33)
	at org.gradle.internal.dispatch.ProxyDispatchAdapter$DispatchingInvocationHandler.invoke(ProxyDispatchAdapter.java:94)
	at com.sun.proxy.$Proxy2.stop(Unknown Source)
	at org.gradle.api.internal.tasks.testing.worker.TestWorker$3.run(TestWorker.java:193)
	at org.gradle.api.internal.tasks.testing.worker.TestWorker.executeAndMaintainThreadName(TestWorker.java:129)
	at org.gradle.api.internal.tasks.testing.worker.TestWorker.execute(TestWorker.java:100)
	at org.gradle.api.internal.tasks.testing.worker.TestWorker.execute(TestWorker.java:60)
	at org.gradle.process.internal.worker.child.ActionExecutionWorker.execute(ActionExecutionWorker.java:56)
	at org.gradle.process.internal.worker.child.SystemApplicationClassLoaderWorker.call(SystemApplicationClassLoaderWorker.java:113)
	at org.gradle.process.internal.worker.child.SystemApplicationClassLoaderWorker.call(SystemApplicationClassLoaderWorker.java:65)
	at app//worker.org.gradle.process.internal.worker.GradleWorkerMain.run(GradleWorkerMain.java:69)
	at app//worker.org.gradle.process.internal.worker.GradleWorkerMain.main(GradleWorkerMain.java:74)
</failure>
  </testcase>
  <testcase name="project.key" classname="de.uka.ilkd.key.proof.runallproofs.RunAllProofsFunctional" time="0.77">
    <failure message="org.opentest4j.AssertionFailedError: Executed process terminated with non-zero exit value. ==&gt; expected: &lt;0&gt; but was: &lt;1&gt;" type="org.opentest4j.AssertionFailedError">org.opentest4j.AssertionFailedError: Executed process terminated with non-zero exit value. ==&gt; expected: &lt;0&gt; but was: &lt;1&gt;
	at app//org.junit.jupiter.api.AssertionFailureBuilder.build(AssertionFailureBuilder.java:151)
	at app//org.junit.jupiter.api.AssertionFailureBuilder.buildAndThrow(AssertionFailureBuilder.java:132)
	at app//org.junit.jupiter.api.AssertEquals.failNotEqual(AssertEquals.java:197)
	at app//org.junit.jupiter.api.AssertEquals.assertEquals(AssertEquals.java:150)
	at app//org.junit.jupiter.api.Assertions.assertEquals(Assertions.java:560)
	at app//de.uka.ilkd.key.proof.runallproofs.proofcollection.ForkedTestFileRunner.processTestFiles(ForkedTestFileRunner.java:129)
	at app//de.uka.ilkd.key.proof.runallproofs.RunAllProofsTestUnit.runTest(RunAllProofsTestUnit.java:85)
	at app//de.uka.ilkd.key.proof.runallproofs.RunAllProofsTest.lambda$data$0(RunAllProofsTest.java:83)
	at app//org.junit.jupiter.engine.descriptor.DynamicTestTestDescriptor.lambda$execute$0(DynamicTestTestDescriptor.java:53)
	at app//org.junit.jupiter.engine.execution.InvocationInterceptorChain$ValidatingInvocation.proceed(InvocationInterceptorChain.java:131)
	at app//org.junit.jupiter.api.extension.InvocationInterceptor.interceptDynamicTest(InvocationInterceptor.java:167)
	at app//org.junit.jupiter.api.extension.InvocationInterceptor.interceptDynamicTest(InvocationInterceptor.java:184)
	at app//org.junit.jupiter.engine.descriptor.DynamicTestTestDescriptor.lambda$execute$1(DynamicTestTestDescriptor.java:61)
	at app//org.junit.jupiter.engine.execution.InvocationInterceptorChain$InterceptorCall.lambda$ofVoid$0(InvocationInterceptorChain.java:78)
	at app//org.junit.jupiter.engine.execution.InvocationInterceptorChain$InterceptedInvocation.proceed(InvocationInterceptorChain.java:106)
	at app//org.junit.jupiter.engine.execution.InvocationInterceptorChain.proceed(InvocationInterceptorChain.java:64)
	at app//org.junit.jupiter.engine.execution.InvocationInterceptorChain.chainAndInvoke(InvocationInterceptorChain.java:45)
	at app//org.junit.jupiter.engine.execution.InvocationInterceptorChain.invoke(InvocationInterceptorChain.java:37)
	at app//org.junit.jupiter.engine.descriptor.DynamicTestTestDescriptor.execute(DynamicTestTestDescriptor.java:60)
	at app//org.junit.jupiter.engine.descriptor.DynamicTestTestDescriptor.execute(DynamicTestTestDescriptor.java:32)
	at app//org.junit.platform.engine.support.hierarchical.NodeTestTask.lambda$executeRecursively$6(NodeTestTask.java:151)
	at app//org.junit.platform.engine.support.hierarchical.ThrowableCollector.execute(ThrowableCollector.java:73)
	at app//org.junit.platform.engine.support.hierarchical.NodeTestTask.lambda$executeRecursively$8(NodeTestTask.java:141)
	at app//org.junit.platform.engine.support.hierarchical.Node.around(Node.java:137)
	at app//org.junit.platform.engine.support.hierarchical.NodeTestTask.lambda$executeRecursively$9(NodeTestTask.java:139)
	at app//org.junit.platform.engine.support.hierarchical.ThrowableCollector.execute(ThrowableCollector.java:73)
	at app//org.junit.platform.engine.support.hierarchical.NodeTestTask.executeRecursively(NodeTestTask.java:138)
	at app//org.junit.platform.engine.support.hierarchical.NodeTestTask.execute(NodeTestTask.java:95)
	at app//org.junit.platform.engine.support.hierarchical.SameThreadHierarchicalTestExecutorService.submit(SameThreadHierarchicalTestExecutorService.java:35)
	at app//org.junit.platform.engine.support.hierarchical.NodeTestTask$DefaultDynamicTestExecutor.execute(NodeTestTask.java:226)
	at app//org.junit.platform.engine.support.hierarchical.NodeTestTask$DefaultDynamicTestExecutor.execute(NodeTestTask.java:204)
	at java.base@11.0.18/java.util.Optional.ifPresent(Optional.java:183)
	at app//org.junit.jupiter.engine.descriptor.TestFactoryTestDescriptor.lambda$invokeTestMethod$1(TestFactoryTestDescriptor.java:108)
	at app//org.junit.platform.engine.support.hierarchical.ThrowableCollector.execute(ThrowableCollector.java:73)
	at app//org.junit.jupiter.engine.descriptor.TestFactoryTestDescriptor.invokeTestMethod(TestFactoryTestDescriptor.java:95)
	at app//org.junit.jupiter.engine.descriptor.TestMethodTestDescriptor.execute(TestMethodTestDescriptor.java:138)
	at app//org.junit.jupiter.engine.descriptor.TestMethodTestDescriptor.execute(TestMethodTestDescriptor.java:68)
	at app//org.junit.platform.engine.support.hierarchical.NodeTestTask.lambda$executeRecursively$6(NodeTestTask.java:151)
	at app//org.junit.platform.engine.support.hierarchical.ThrowableCollector.execute(ThrowableCollector.java:73)
	at app//org.junit.platform.engine.support.hierarchical.NodeTestTask.lambda$executeRecursively$8(NodeTestTask.java:141)
	at app//org.junit.platform.engine.support.hierarchical.Node.around(Node.java:137)
	at app//org.junit.platform.engine.support.hierarchical.NodeTestTask.lambda$executeRecursively$9(NodeTestTask.java:139)
	at app//org.junit.platform.engine.support.hierarchical.ThrowableCollector.execute(ThrowableCollector.java:73)
	at app//org.junit.platform.engine.support.hierarchical.NodeTestTask.executeRecursively(NodeTestTask.java:138)
	at app//org.junit.platform.engine.support.hierarchical.NodeTestTask.execute(NodeTestTask.java:95)
	at java.base@11.0.18/java.util.ArrayList.forEach(ArrayList.java:1541)
	at app//org.junit.platform.engine.support.hierarchical.SameThreadHierarchicalTestExecutorService.invokeAll(SameThreadHierarchicalTestExecutorService.java:41)
	at app//org.junit.platform.engine.support.hierarchical.NodeTestTask.lambda$executeRecursively$6(NodeTestTask.java:155)
	at app//org.junit.platform.engine.support.hierarchical.ThrowableCollector.execute(ThrowableCollector.java:73)
	at app//org.junit.platform.engine.support.hierarchical.NodeTestTask.lambda$executeRecursively$8(NodeTestTask.java:141)
	at app//org.junit.platform.engine.support.hierarchical.Node.around(Node.java:137)
	at app//org.junit.platform.engine.support.hierarchical.NodeTestTask.lambda$executeRecursively$9(NodeTestTask.java:139)
	at app//org.junit.platform.engine.support.hierarchical.ThrowableCollector.execute(ThrowableCollector.java:73)
	at app//org.junit.platform.engine.support.hierarchical.NodeTestTask.executeRecursively(NodeTestTask.java:138)
	at app//org.junit.platform.engine.support.hierarchical.NodeTestTask.execute(NodeTestTask.java:95)
	at java.base@11.0.18/java.util.ArrayList.forEach(ArrayList.java:1541)
	at app//org.junit.platform.engine.support.hierarchical.SameThreadHierarchicalTestExecutorService.invokeAll(SameThreadHierarchicalTestExecutorService.java:41)
	at app//org.junit.platform.engine.support.hierarchical.NodeTestTask.lambda$executeRecursively$6(NodeTestTask.java:155)
	at app//org.junit.platform.engine.support.hierarchical.ThrowableCollector.execute(ThrowableCollector.java:73)
	at app//org.junit.platform.engine.support.hierarchical.NodeTestTask.lambda$executeRecursively$8(NodeTestTask.java:141)
	at app//org.junit.platform.engine.support.hierarchical.Node.around(Node.java:137)
	at app//org.junit.platform.engine.support.hierarchical.NodeTestTask.lambda$executeRecursively$9(NodeTestTask.java:139)
	at app//org.junit.platform.engine.support.hierarchical.ThrowableCollector.execute(ThrowableCollector.java:73)
	at app//org.junit.platform.engine.support.hierarchical.NodeTestTask.executeRecursively(NodeTestTask.java:138)
	at app//org.junit.platform.engine.support.hierarchical.NodeTestTask.execute(NodeTestTask.java:95)
	at app//org.junit.platform.engine.support.hierarchical.SameThreadHierarchicalTestExecutorService.submit(SameThreadHierarchicalTestExecutorService.java:35)
	at app//org.junit.platform.engine.support.hierarchical.HierarchicalTestExecutor.execute(HierarchicalTestExecutor.java:57)
	at app//org.junit.platform.engine.support.hierarchical.HierarchicalTestEngine.execute(HierarchicalTestEngine.java:54)
	at org.junit.platform.launcher.core.EngineExecutionOrchestrator.execute(EngineExecutionOrchestrator.java:107)
	at org.junit.platform.launcher.core.EngineExecutionOrchestrator.execute(EngineExecutionOrchestrator.java:88)
	at org.junit.platform.launcher.core.EngineExecutionOrchestrator.lambda$execute$0(EngineExecutionOrchestrator.java:54)
	at org.junit.platform.launcher.core.EngineExecutionOrchestrator.withInterceptedStreams(EngineExecutionOrchestrator.java:67)
	at org.junit.platform.launcher.core.EngineExecutionOrchestrator.execute(EngineExecutionOrchestrator.java:52)
	at org.junit.platform.launcher.core.DefaultLauncher.execute(DefaultLauncher.java:114)
	at org.junit.platform.launcher.core.DefaultLauncher.execute(DefaultLauncher.java:86)
	at org.junit.platform.launcher.core.DefaultLauncherSession$DelegatingLauncher.execute(DefaultLauncherSession.java:86)
	at org.junit.platform.launcher.core.SessionPerRequestLauncher.execute(SessionPerRequestLauncher.java:53)
	at org.gradle.api.internal.tasks.testing.junitplatform.JUnitPlatformTestClassProcessor$CollectAllTestClassesExecutor.processAllTestClasses(JUnitPlatformTestClassProcessor.java:99)
	at org.gradle.api.internal.tasks.testing.junitplatform.JUnitPlatformTestClassProcessor$CollectAllTestClassesExecutor.access$000(JUnitPlatformTestClassProcessor.java:79)
	at org.gradle.api.internal.tasks.testing.junitplatform.JUnitPlatformTestClassProcessor.stop(JUnitPlatformTestClassProcessor.java:75)
	at org.gradle.api.internal.tasks.testing.SuiteTestClassProcessor.stop(SuiteTestClassProcessor.java:62)
	at java.base@11.0.18/jdk.internal.reflect.NativeMethodAccessorImpl.invoke0(Native Method)
	at java.base@11.0.18/jdk.internal.reflect.NativeMethodAccessorImpl.invoke(NativeMethodAccessorImpl.java:62)
	at java.base@11.0.18/jdk.internal.reflect.DelegatingMethodAccessorImpl.invoke(DelegatingMethodAccessorImpl.java:43)
	at java.base@11.0.18/java.lang.reflect.Method.invoke(Method.java:566)
	at org.gradle.internal.dispatch.ReflectionDispatch.dispatch(ReflectionDispatch.java:36)
	at org.gradle.internal.dispatch.ReflectionDispatch.dispatch(ReflectionDispatch.java:24)
	at org.gradle.internal.dispatch.ContextClassLoaderDispatch.dispatch(ContextClassLoaderDispatch.java:33)
	at org.gradle.internal.dispatch.ProxyDispatchAdapter$DispatchingInvocationHandler.invoke(ProxyDispatchAdapter.java:94)
	at com.sun.proxy.$Proxy2.stop(Unknown Source)
	at org.gradle.api.internal.tasks.testing.worker.TestWorker$3.run(TestWorker.java:193)
	at org.gradle.api.internal.tasks.testing.worker.TestWorker.executeAndMaintainThreadName(TestWorker.java:129)
	at org.gradle.api.internal.tasks.testing.worker.TestWorker.execute(TestWorker.java:100)
	at org.gradle.api.internal.tasks.testing.worker.TestWorker.execute(TestWorker.java:60)
	at org.gradle.process.internal.worker.child.ActionExecutionWorker.execute(ActionExecutionWorker.java:56)
	at org.gradle.process.internal.worker.child.SystemApplicationClassLoaderWorker.call(SystemApplicationClassLoaderWorker.java:113)
	at org.gradle.process.internal.worker.child.SystemApplicationClassLoaderWorker.call(SystemApplicationClassLoaderWorker.java:65)
	at app//worker.org.gradle.process.internal.worker.GradleWorkerMain.run(GradleWorkerMain.java:69)
	at app//worker.org.gradle.process.internal.worker.GradleWorkerMain.main(GradleWorkerMain.java:74)
</failure>
  </testcase>
  <testcase name="project.key#1" classname="de.uka.ilkd.key.proof.runallproofs.RunAllProofsFunctional" time="0.805">
    <failure message="org.opentest4j.AssertionFailedError: Executed process terminated with non-zero exit value. ==&gt; expected: &lt;0&gt; but was: &lt;1&gt;" type="org.opentest4j.AssertionFailedError">org.opentest4j.AssertionFailedError: Executed process terminated with non-zero exit value. ==&gt; expected: &lt;0&gt; but was: &lt;1&gt;
	at app//org.junit.jupiter.api.AssertionFailureBuilder.build(AssertionFailureBuilder.java:151)
	at app//org.junit.jupiter.api.AssertionFailureBuilder.buildAndThrow(AssertionFailureBuilder.java:132)
	at app//org.junit.jupiter.api.AssertEquals.failNotEqual(AssertEquals.java:197)
	at app//org.junit.jupiter.api.AssertEquals.assertEquals(AssertEquals.java:150)
	at app//org.junit.jupiter.api.Assertions.assertEquals(Assertions.java:560)
	at app//de.uka.ilkd.key.proof.runallproofs.proofcollection.ForkedTestFileRunner.processTestFiles(ForkedTestFileRunner.java:129)
	at app//de.uka.ilkd.key.proof.runallproofs.RunAllProofsTestUnit.runTest(RunAllProofsTestUnit.java:85)
	at app//de.uka.ilkd.key.proof.runallproofs.RunAllProofsTest.lambda$data$0(RunAllProofsTest.java:83)
	at app//org.junit.jupiter.engine.descriptor.DynamicTestTestDescriptor.lambda$execute$0(DynamicTestTestDescriptor.java:53)
	at app//org.junit.jupiter.engine.execution.InvocationInterceptorChain$ValidatingInvocation.proceed(InvocationInterceptorChain.java:131)
	at app//org.junit.jupiter.api.extension.InvocationInterceptor.interceptDynamicTest(InvocationInterceptor.java:167)
	at app//org.junit.jupiter.api.extension.InvocationInterceptor.interceptDynamicTest(InvocationInterceptor.java:184)
	at app//org.junit.jupiter.engine.descriptor.DynamicTestTestDescriptor.lambda$execute$1(DynamicTestTestDescriptor.java:61)
	at app//org.junit.jupiter.engine.execution.InvocationInterceptorChain$InterceptorCall.lambda$ofVoid$0(InvocationInterceptorChain.java:78)
	at app//org.junit.jupiter.engine.execution.InvocationInterceptorChain$InterceptedInvocation.proceed(InvocationInterceptorChain.java:106)
	at app//org.junit.jupiter.engine.execution.InvocationInterceptorChain.proceed(InvocationInterceptorChain.java:64)
	at app//org.junit.jupiter.engine.execution.InvocationInterceptorChain.chainAndInvoke(InvocationInterceptorChain.java:45)
	at app//org.junit.jupiter.engine.execution.InvocationInterceptorChain.invoke(InvocationInterceptorChain.java:37)
	at app//org.junit.jupiter.engine.descriptor.DynamicTestTestDescriptor.execute(DynamicTestTestDescriptor.java:60)
	at app//org.junit.jupiter.engine.descriptor.DynamicTestTestDescriptor.execute(DynamicTestTestDescriptor.java:32)
	at app//org.junit.platform.engine.support.hierarchical.NodeTestTask.lambda$executeRecursively$6(NodeTestTask.java:151)
	at app//org.junit.platform.engine.support.hierarchical.ThrowableCollector.execute(ThrowableCollector.java:73)
	at app//org.junit.platform.engine.support.hierarchical.NodeTestTask.lambda$executeRecursively$8(NodeTestTask.java:141)
	at app//org.junit.platform.engine.support.hierarchical.Node.around(Node.java:137)
	at app//org.junit.platform.engine.support.hierarchical.NodeTestTask.lambda$executeRecursively$9(NodeTestTask.java:139)
	at app//org.junit.platform.engine.support.hierarchical.ThrowableCollector.execute(ThrowableCollector.java:73)
	at app//org.junit.platform.engine.support.hierarchical.NodeTestTask.executeRecursively(NodeTestTask.java:138)
	at app//org.junit.platform.engine.support.hierarchical.NodeTestTask.execute(NodeTestTask.java:95)
	at app//org.junit.platform.engine.support.hierarchical.SameThreadHierarchicalTestExecutorService.submit(SameThreadHierarchicalTestExecutorService.java:35)
	at app//org.junit.platform.engine.support.hierarchical.NodeTestTask$DefaultDynamicTestExecutor.execute(NodeTestTask.java:226)
	at app//org.junit.platform.engine.support.hierarchical.NodeTestTask$DefaultDynamicTestExecutor.execute(NodeTestTask.java:204)
	at java.base@11.0.18/java.util.Optional.ifPresent(Optional.java:183)
	at app//org.junit.jupiter.engine.descriptor.TestFactoryTestDescriptor.lambda$invokeTestMethod$1(TestFactoryTestDescriptor.java:108)
	at app//org.junit.platform.engine.support.hierarchical.ThrowableCollector.execute(ThrowableCollector.java:73)
	at app//org.junit.jupiter.engine.descriptor.TestFactoryTestDescriptor.invokeTestMethod(TestFactoryTestDescriptor.java:95)
	at app//org.junit.jupiter.engine.descriptor.TestMethodTestDescriptor.execute(TestMethodTestDescriptor.java:138)
	at app//org.junit.jupiter.engine.descriptor.TestMethodTestDescriptor.execute(TestMethodTestDescriptor.java:68)
	at app//org.junit.platform.engine.support.hierarchical.NodeTestTask.lambda$executeRecursively$6(NodeTestTask.java:151)
	at app//org.junit.platform.engine.support.hierarchical.ThrowableCollector.execute(ThrowableCollector.java:73)
	at app//org.junit.platform.engine.support.hierarchical.NodeTestTask.lambda$executeRecursively$8(NodeTestTask.java:141)
	at app//org.junit.platform.engine.support.hierarchical.Node.around(Node.java:137)
	at app//org.junit.platform.engine.support.hierarchical.NodeTestTask.lambda$executeRecursively$9(NodeTestTask.java:139)
	at app//org.junit.platform.engine.support.hierarchical.ThrowableCollector.execute(ThrowableCollector.java:73)
	at app//org.junit.platform.engine.support.hierarchical.NodeTestTask.executeRecursively(NodeTestTask.java:138)
	at app//org.junit.platform.engine.support.hierarchical.NodeTestTask.execute(NodeTestTask.java:95)
	at java.base@11.0.18/java.util.ArrayList.forEach(ArrayList.java:1541)
	at app//org.junit.platform.engine.support.hierarchical.SameThreadHierarchicalTestExecutorService.invokeAll(SameThreadHierarchicalTestExecutorService.java:41)
	at app//org.junit.platform.engine.support.hierarchical.NodeTestTask.lambda$executeRecursively$6(NodeTestTask.java:155)
	at app//org.junit.platform.engine.support.hierarchical.ThrowableCollector.execute(ThrowableCollector.java:73)
	at app//org.junit.platform.engine.support.hierarchical.NodeTestTask.lambda$executeRecursively$8(NodeTestTask.java:141)
	at app//org.junit.platform.engine.support.hierarchical.Node.around(Node.java:137)
	at app//org.junit.platform.engine.support.hierarchical.NodeTestTask.lambda$executeRecursively$9(NodeTestTask.java:139)
	at app//org.junit.platform.engine.support.hierarchical.ThrowableCollector.execute(ThrowableCollector.java:73)
	at app//org.junit.platform.engine.support.hierarchical.NodeTestTask.executeRecursively(NodeTestTask.java:138)
	at app//org.junit.platform.engine.support.hierarchical.NodeTestTask.execute(NodeTestTask.java:95)
	at java.base@11.0.18/java.util.ArrayList.forEach(ArrayList.java:1541)
	at app//org.junit.platform.engine.support.hierarchical.SameThreadHierarchicalTestExecutorService.invokeAll(SameThreadHierarchicalTestExecutorService.java:41)
	at app//org.junit.platform.engine.support.hierarchical.NodeTestTask.lambda$executeRecursively$6(NodeTestTask.java:155)
	at app//org.junit.platform.engine.support.hierarchical.ThrowableCollector.execute(ThrowableCollector.java:73)
	at app//org.junit.platform.engine.support.hierarchical.NodeTestTask.lambda$executeRecursively$8(NodeTestTask.java:141)
	at app//org.junit.platform.engine.support.hierarchical.Node.around(Node.java:137)
	at app//org.junit.platform.engine.support.hierarchical.NodeTestTask.lambda$executeRecursively$9(NodeTestTask.java:139)
	at app//org.junit.platform.engine.support.hierarchical.ThrowableCollector.execute(ThrowableCollector.java:73)
	at app//org.junit.platform.engine.support.hierarchical.NodeTestTask.executeRecursively(NodeTestTask.java:138)
	at app//org.junit.platform.engine.support.hierarchical.NodeTestTask.execute(NodeTestTask.java:95)
	at app//org.junit.platform.engine.support.hierarchical.SameThreadHierarchicalTestExecutorService.submit(SameThreadHierarchicalTestExecutorService.java:35)
	at app//org.junit.platform.engine.support.hierarchical.HierarchicalTestExecutor.execute(HierarchicalTestExecutor.java:57)
	at app//org.junit.platform.engine.support.hierarchical.HierarchicalTestEngine.execute(HierarchicalTestEngine.java:54)
	at org.junit.platform.launcher.core.EngineExecutionOrchestrator.execute(EngineExecutionOrchestrator.java:107)
	at org.junit.platform.launcher.core.EngineExecutionOrchestrator.execute(EngineExecutionOrchestrator.java:88)
	at org.junit.platform.launcher.core.EngineExecutionOrchestrator.lambda$execute$0(EngineExecutionOrchestrator.java:54)
	at org.junit.platform.launcher.core.EngineExecutionOrchestrator.withInterceptedStreams(EngineExecutionOrchestrator.java:67)
	at org.junit.platform.launcher.core.EngineExecutionOrchestrator.execute(EngineExecutionOrchestrator.java:52)
	at org.junit.platform.launcher.core.DefaultLauncher.execute(DefaultLauncher.java:114)
	at org.junit.platform.launcher.core.DefaultLauncher.execute(DefaultLauncher.java:86)
	at org.junit.platform.launcher.core.DefaultLauncherSession$DelegatingLauncher.execute(DefaultLauncherSession.java:86)
	at org.junit.platform.launcher.core.SessionPerRequestLauncher.execute(SessionPerRequestLauncher.java:53)
	at org.gradle.api.internal.tasks.testing.junitplatform.JUnitPlatformTestClassProcessor$CollectAllTestClassesExecutor.processAllTestClasses(JUnitPlatformTestClassProcessor.java:99)
	at org.gradle.api.internal.tasks.testing.junitplatform.JUnitPlatformTestClassProcessor$CollectAllTestClassesExecutor.access$000(JUnitPlatformTestClassProcessor.java:79)
	at org.gradle.api.internal.tasks.testing.junitplatform.JUnitPlatformTestClassProcessor.stop(JUnitPlatformTestClassProcessor.java:75)
	at org.gradle.api.internal.tasks.testing.SuiteTestClassProcessor.stop(SuiteTestClassProcessor.java:62)
	at java.base@11.0.18/jdk.internal.reflect.NativeMethodAccessorImpl.invoke0(Native Method)
	at java.base@11.0.18/jdk.internal.reflect.NativeMethodAccessorImpl.invoke(NativeMethodAccessorImpl.java:62)
	at java.base@11.0.18/jdk.internal.reflect.DelegatingMethodAccessorImpl.invoke(DelegatingMethodAccessorImpl.java:43)
	at java.base@11.0.18/java.lang.reflect.Method.invoke(Method.java:566)
	at org.gradle.internal.dispatch.ReflectionDispatch.dispatch(ReflectionDispatch.java:36)
	at org.gradle.internal.dispatch.ReflectionDispatch.dispatch(ReflectionDispatch.java:24)
	at org.gradle.internal.dispatch.ContextClassLoaderDispatch.dispatch(ContextClassLoaderDispatch.java:33)
	at org.gradle.internal.dispatch.ProxyDispatchAdapter$DispatchingInvocationHandler.invoke(ProxyDispatchAdapter.java:94)
	at com.sun.proxy.$Proxy2.stop(Unknown Source)
	at org.gradle.api.internal.tasks.testing.worker.TestWorker$3.run(TestWorker.java:193)
	at org.gradle.api.internal.tasks.testing.worker.TestWorker.executeAndMaintainThreadName(TestWorker.java:129)
	at org.gradle.api.internal.tasks.testing.worker.TestWorker.execute(TestWorker.java:100)
	at org.gradle.api.internal.tasks.testing.worker.TestWorker.execute(TestWorker.java:60)
	at org.gradle.process.internal.worker.child.ActionExecutionWorker.execute(ActionExecutionWorker.java:56)
	at org.gradle.process.internal.worker.child.SystemApplicationClassLoaderWorker.call(SystemApplicationClassLoaderWorker.java:113)
	at org.gradle.process.internal.worker.child.SystemApplicationClassLoaderWorker.call(SystemApplicationClassLoaderWorker.java:65)
	at app//worker.org.gradle.process.internal.worker.GradleWorkerMain.run(GradleWorkerMain.java:69)
	at app//worker.org.gradle.process.internal.worker.GradleWorkerMain.main(GradleWorkerMain.java:74)
</failure>
  </testcase>
  <testcase name="lcp.key" classname="de.uka.ilkd.key.proof.runallproofs.RunAllProofsFunctional" time="0.818">
    <failure message="org.opentest4j.AssertionFailedError: Executed process terminated with non-zero exit value. ==&gt; expected: &lt;0&gt; but was: &lt;1&gt;" type="org.opentest4j.AssertionFailedError">org.opentest4j.AssertionFailedError: Executed process terminated with non-zero exit value. ==&gt; expected: &lt;0&gt; but was: &lt;1&gt;
	at app//org.junit.jupiter.api.AssertionFailureBuilder.build(AssertionFailureBuilder.java:151)
	at app//org.junit.jupiter.api.AssertionFailureBuilder.buildAndThrow(AssertionFailureBuilder.java:132)
	at app//org.junit.jupiter.api.AssertEquals.failNotEqual(AssertEquals.java:197)
	at app//org.junit.jupiter.api.AssertEquals.assertEquals(AssertEquals.java:150)
	at app//org.junit.jupiter.api.Assertions.assertEquals(Assertions.java:560)
	at app//de.uka.ilkd.key.proof.runallproofs.proofcollection.ForkedTestFileRunner.processTestFiles(ForkedTestFileRunner.java:129)
	at app//de.uka.ilkd.key.proof.runallproofs.RunAllProofsTestUnit.runTest(RunAllProofsTestUnit.java:85)
	at app//de.uka.ilkd.key.proof.runallproofs.RunAllProofsTest.lambda$data$0(RunAllProofsTest.java:83)
	at app//org.junit.jupiter.engine.descriptor.DynamicTestTestDescriptor.lambda$execute$0(DynamicTestTestDescriptor.java:53)
	at app//org.junit.jupiter.engine.execution.InvocationInterceptorChain$ValidatingInvocation.proceed(InvocationInterceptorChain.java:131)
	at app//org.junit.jupiter.api.extension.InvocationInterceptor.interceptDynamicTest(InvocationInterceptor.java:167)
	at app//org.junit.jupiter.api.extension.InvocationInterceptor.interceptDynamicTest(InvocationInterceptor.java:184)
	at app//org.junit.jupiter.engine.descriptor.DynamicTestTestDescriptor.lambda$execute$1(DynamicTestTestDescriptor.java:61)
	at app//org.junit.jupiter.engine.execution.InvocationInterceptorChain$InterceptorCall.lambda$ofVoid$0(InvocationInterceptorChain.java:78)
	at app//org.junit.jupiter.engine.execution.InvocationInterceptorChain$InterceptedInvocation.proceed(InvocationInterceptorChain.java:106)
	at app//org.junit.jupiter.engine.execution.InvocationInterceptorChain.proceed(InvocationInterceptorChain.java:64)
	at app//org.junit.jupiter.engine.execution.InvocationInterceptorChain.chainAndInvoke(InvocationInterceptorChain.java:45)
	at app//org.junit.jupiter.engine.execution.InvocationInterceptorChain.invoke(InvocationInterceptorChain.java:37)
	at app//org.junit.jupiter.engine.descriptor.DynamicTestTestDescriptor.execute(DynamicTestTestDescriptor.java:60)
	at app//org.junit.jupiter.engine.descriptor.DynamicTestTestDescriptor.execute(DynamicTestTestDescriptor.java:32)
	at app//org.junit.platform.engine.support.hierarchical.NodeTestTask.lambda$executeRecursively$6(NodeTestTask.java:151)
	at app//org.junit.platform.engine.support.hierarchical.ThrowableCollector.execute(ThrowableCollector.java:73)
	at app//org.junit.platform.engine.support.hierarchical.NodeTestTask.lambda$executeRecursively$8(NodeTestTask.java:141)
	at app//org.junit.platform.engine.support.hierarchical.Node.around(Node.java:137)
	at app//org.junit.platform.engine.support.hierarchical.NodeTestTask.lambda$executeRecursively$9(NodeTestTask.java:139)
	at app//org.junit.platform.engine.support.hierarchical.ThrowableCollector.execute(ThrowableCollector.java:73)
	at app//org.junit.platform.engine.support.hierarchical.NodeTestTask.executeRecursively(NodeTestTask.java:138)
	at app//org.junit.platform.engine.support.hierarchical.NodeTestTask.execute(NodeTestTask.java:95)
	at app//org.junit.platform.engine.support.hierarchical.SameThreadHierarchicalTestExecutorService.submit(SameThreadHierarchicalTestExecutorService.java:35)
	at app//org.junit.platform.engine.support.hierarchical.NodeTestTask$DefaultDynamicTestExecutor.execute(NodeTestTask.java:226)
	at app//org.junit.platform.engine.support.hierarchical.NodeTestTask$DefaultDynamicTestExecutor.execute(NodeTestTask.java:204)
	at java.base@11.0.18/java.util.Optional.ifPresent(Optional.java:183)
	at app//org.junit.jupiter.engine.descriptor.TestFactoryTestDescriptor.lambda$invokeTestMethod$1(TestFactoryTestDescriptor.java:108)
	at app//org.junit.platform.engine.support.hierarchical.ThrowableCollector.execute(ThrowableCollector.java:73)
	at app//org.junit.jupiter.engine.descriptor.TestFactoryTestDescriptor.invokeTestMethod(TestFactoryTestDescriptor.java:95)
	at app//org.junit.jupiter.engine.descriptor.TestMethodTestDescriptor.execute(TestMethodTestDescriptor.java:138)
	at app//org.junit.jupiter.engine.descriptor.TestMethodTestDescriptor.execute(TestMethodTestDescriptor.java:68)
	at app//org.junit.platform.engine.support.hierarchical.NodeTestTask.lambda$executeRecursively$6(NodeTestTask.java:151)
	at app//org.junit.platform.engine.support.hierarchical.ThrowableCollector.execute(ThrowableCollector.java:73)
	at app//org.junit.platform.engine.support.hierarchical.NodeTestTask.lambda$executeRecursively$8(NodeTestTask.java:141)
	at app//org.junit.platform.engine.support.hierarchical.Node.around(Node.java:137)
	at app//org.junit.platform.engine.support.hierarchical.NodeTestTask.lambda$executeRecursively$9(NodeTestTask.java:139)
	at app//org.junit.platform.engine.support.hierarchical.ThrowableCollector.execute(ThrowableCollector.java:73)
	at app//org.junit.platform.engine.support.hierarchical.NodeTestTask.executeRecursively(NodeTestTask.java:138)
	at app//org.junit.platform.engine.support.hierarchical.NodeTestTask.execute(NodeTestTask.java:95)
	at java.base@11.0.18/java.util.ArrayList.forEach(ArrayList.java:1541)
	at app//org.junit.platform.engine.support.hierarchical.SameThreadHierarchicalTestExecutorService.invokeAll(SameThreadHierarchicalTestExecutorService.java:41)
	at app//org.junit.platform.engine.support.hierarchical.NodeTestTask.lambda$executeRecursively$6(NodeTestTask.java:155)
	at app//org.junit.platform.engine.support.hierarchical.ThrowableCollector.execute(ThrowableCollector.java:73)
	at app//org.junit.platform.engine.support.hierarchical.NodeTestTask.lambda$executeRecursively$8(NodeTestTask.java:141)
	at app//org.junit.platform.engine.support.hierarchical.Node.around(Node.java:137)
	at app//org.junit.platform.engine.support.hierarchical.NodeTestTask.lambda$executeRecursively$9(NodeTestTask.java:139)
	at app//org.junit.platform.engine.support.hierarchical.ThrowableCollector.execute(ThrowableCollector.java:73)
	at app//org.junit.platform.engine.support.hierarchical.NodeTestTask.executeRecursively(NodeTestTask.java:138)
	at app//org.junit.platform.engine.support.hierarchical.NodeTestTask.execute(NodeTestTask.java:95)
	at java.base@11.0.18/java.util.ArrayList.forEach(ArrayList.java:1541)
	at app//org.junit.platform.engine.support.hierarchical.SameThreadHierarchicalTestExecutorService.invokeAll(SameThreadHierarchicalTestExecutorService.java:41)
	at app//org.junit.platform.engine.support.hierarchical.NodeTestTask.lambda$executeRecursively$6(NodeTestTask.java:155)
	at app//org.junit.platform.engine.support.hierarchical.ThrowableCollector.execute(ThrowableCollector.java:73)
	at app//org.junit.platform.engine.support.hierarchical.NodeTestTask.lambda$executeRecursively$8(NodeTestTask.java:141)
	at app//org.junit.platform.engine.support.hierarchical.Node.around(Node.java:137)
	at app//org.junit.platform.engine.support.hierarchical.NodeTestTask.lambda$executeRecursively$9(NodeTestTask.java:139)
	at app//org.junit.platform.engine.support.hierarchical.ThrowableCollector.execute(ThrowableCollector.java:73)
	at app//org.junit.platform.engine.support.hierarchical.NodeTestTask.executeRecursively(NodeTestTask.java:138)
	at app//org.junit.platform.engine.support.hierarchical.NodeTestTask.execute(NodeTestTask.java:95)
	at app//org.junit.platform.engine.support.hierarchical.SameThreadHierarchicalTestExecutorService.submit(SameThreadHierarchicalTestExecutorService.java:35)
	at app//org.junit.platform.engine.support.hierarchical.HierarchicalTestExecutor.execute(HierarchicalTestExecutor.java:57)
	at app//org.junit.platform.engine.support.hierarchical.HierarchicalTestEngine.execute(HierarchicalTestEngine.java:54)
	at org.junit.platform.launcher.core.EngineExecutionOrchestrator.execute(EngineExecutionOrchestrator.java:107)
	at org.junit.platform.launcher.core.EngineExecutionOrchestrator.execute(EngineExecutionOrchestrator.java:88)
	at org.junit.platform.launcher.core.EngineExecutionOrchestrator.lambda$execute$0(EngineExecutionOrchestrator.java:54)
	at org.junit.platform.launcher.core.EngineExecutionOrchestrator.withInterceptedStreams(EngineExecutionOrchestrator.java:67)
	at org.junit.platform.launcher.core.EngineExecutionOrchestrator.execute(EngineExecutionOrchestrator.java:52)
	at org.junit.platform.launcher.core.DefaultLauncher.execute(DefaultLauncher.java:114)
	at org.junit.platform.launcher.core.DefaultLauncher.execute(DefaultLauncher.java:86)
	at org.junit.platform.launcher.core.DefaultLauncherSession$DelegatingLauncher.execute(DefaultLauncherSession.java:86)
	at org.junit.platform.launcher.core.SessionPerRequestLauncher.execute(SessionPerRequestLauncher.java:53)
	at org.gradle.api.internal.tasks.testing.junitplatform.JUnitPlatformTestClassProcessor$CollectAllTestClassesExecutor.processAllTestClasses(JUnitPlatformTestClassProcessor.java:99)
	at org.gradle.api.internal.tasks.testing.junitplatform.JUnitPlatformTestClassProcessor$CollectAllTestClassesExecutor.access$000(JUnitPlatformTestClassProcessor.java:79)
	at org.gradle.api.internal.tasks.testing.junitplatform.JUnitPlatformTestClassProcessor.stop(JUnitPlatformTestClassProcessor.java:75)
	at org.gradle.api.internal.tasks.testing.SuiteTestClassProcessor.stop(SuiteTestClassProcessor.java:62)
	at java.base@11.0.18/jdk.internal.reflect.NativeMethodAccessorImpl.invoke0(Native Method)
	at java.base@11.0.18/jdk.internal.reflect.NativeMethodAccessorImpl.invoke(NativeMethodAccessorImpl.java:62)
	at java.base@11.0.18/jdk.internal.reflect.DelegatingMethodAccessorImpl.invoke(DelegatingMethodAccessorImpl.java:43)
	at java.base@11.0.18/java.lang.reflect.Method.invoke(Method.java:566)
	at org.gradle.internal.dispatch.ReflectionDispatch.dispatch(ReflectionDispatch.java:36)
	at org.gradle.internal.dispatch.ReflectionDispatch.dispatch(ReflectionDispatch.java:24)
	at org.gradle.internal.dispatch.ContextClassLoaderDispatch.dispatch(ContextClassLoaderDispatch.java:33)
	at org.gradle.internal.dispatch.ProxyDispatchAdapter$DispatchingInvocationHandler.invoke(ProxyDispatchAdapter.java:94)
	at com.sun.proxy.$Proxy2.stop(Unknown Source)
	at org.gradle.api.internal.tasks.testing.worker.TestWorker$3.run(TestWorker.java:193)
	at org.gradle.api.internal.tasks.testing.worker.TestWorker.executeAndMaintainThreadName(TestWorker.java:129)
	at org.gradle.api.internal.tasks.testing.worker.TestWorker.execute(TestWorker.java:100)
	at org.gradle.api.internal.tasks.testing.worker.TestWorker.execute(TestWorker.java:60)
	at org.gradle.process.internal.worker.child.ActionExecutionWorker.execute(ActionExecutionWorker.java:56)
	at org.gradle.process.internal.worker.child.SystemApplicationClassLoaderWorker.call(SystemApplicationClassLoaderWorker.java:113)
	at org.gradle.process.internal.worker.child.SystemApplicationClassLoaderWorker.call(SystemApplicationClassLoaderWorker.java:65)
	at app//worker.org.gradle.process.internal.worker.GradleWorkerMain.run(GradleWorkerMain.java:69)
	at app//worker.org.gradle.process.internal.worker.GradleWorkerMain.main(GradleWorkerMain.java:74)
</failure>
  </testcase>
  <testcase name="project.key#2" classname="de.uka.ilkd.key.proof.runallproofs.RunAllProofsFunctional" time="0.761">
    <failure message="org.opentest4j.AssertionFailedError: Executed process terminated with non-zero exit value. ==&gt; expected: &lt;0&gt; but was: &lt;1&gt;" type="org.opentest4j.AssertionFailedError">org.opentest4j.AssertionFailedError: Executed process terminated with non-zero exit value. ==&gt; expected: &lt;0&gt; but was: &lt;1&gt;
	at app//org.junit.jupiter.api.AssertionFailureBuilder.build(AssertionFailureBuilder.java:151)
	at app//org.junit.jupiter.api.AssertionFailureBuilder.buildAndThrow(AssertionFailureBuilder.java:132)
	at app//org.junit.jupiter.api.AssertEquals.failNotEqual(AssertEquals.java:197)
	at app//org.junit.jupiter.api.AssertEquals.assertEquals(AssertEquals.java:150)
	at app//org.junit.jupiter.api.Assertions.assertEquals(Assertions.java:560)
	at app//de.uka.ilkd.key.proof.runallproofs.proofcollection.ForkedTestFileRunner.processTestFiles(ForkedTestFileRunner.java:129)
	at app//de.uka.ilkd.key.proof.runallproofs.RunAllProofsTestUnit.runTest(RunAllProofsTestUnit.java:85)
	at app//de.uka.ilkd.key.proof.runallproofs.RunAllProofsTest.lambda$data$0(RunAllProofsTest.java:83)
	at app//org.junit.jupiter.engine.descriptor.DynamicTestTestDescriptor.lambda$execute$0(DynamicTestTestDescriptor.java:53)
	at app//org.junit.jupiter.engine.execution.InvocationInterceptorChain$ValidatingInvocation.proceed(InvocationInterceptorChain.java:131)
	at app//org.junit.jupiter.api.extension.InvocationInterceptor.interceptDynamicTest(InvocationInterceptor.java:167)
	at app//org.junit.jupiter.api.extension.InvocationInterceptor.interceptDynamicTest(InvocationInterceptor.java:184)
	at app//org.junit.jupiter.engine.descriptor.DynamicTestTestDescriptor.lambda$execute$1(DynamicTestTestDescriptor.java:61)
	at app//org.junit.jupiter.engine.execution.InvocationInterceptorChain$InterceptorCall.lambda$ofVoid$0(InvocationInterceptorChain.java:78)
	at app//org.junit.jupiter.engine.execution.InvocationInterceptorChain$InterceptedInvocation.proceed(InvocationInterceptorChain.java:106)
	at app//org.junit.jupiter.engine.execution.InvocationInterceptorChain.proceed(InvocationInterceptorChain.java:64)
	at app//org.junit.jupiter.engine.execution.InvocationInterceptorChain.chainAndInvoke(InvocationInterceptorChain.java:45)
	at app//org.junit.jupiter.engine.execution.InvocationInterceptorChain.invoke(InvocationInterceptorChain.java:37)
	at app//org.junit.jupiter.engine.descriptor.DynamicTestTestDescriptor.execute(DynamicTestTestDescriptor.java:60)
	at app//org.junit.jupiter.engine.descriptor.DynamicTestTestDescriptor.execute(DynamicTestTestDescriptor.java:32)
	at app//org.junit.platform.engine.support.hierarchical.NodeTestTask.lambda$executeRecursively$6(NodeTestTask.java:151)
	at app//org.junit.platform.engine.support.hierarchical.ThrowableCollector.execute(ThrowableCollector.java:73)
	at app//org.junit.platform.engine.support.hierarchical.NodeTestTask.lambda$executeRecursively$8(NodeTestTask.java:141)
	at app//org.junit.platform.engine.support.hierarchical.Node.around(Node.java:137)
	at app//org.junit.platform.engine.support.hierarchical.NodeTestTask.lambda$executeRecursively$9(NodeTestTask.java:139)
	at app//org.junit.platform.engine.support.hierarchical.ThrowableCollector.execute(ThrowableCollector.java:73)
	at app//org.junit.platform.engine.support.hierarchical.NodeTestTask.executeRecursively(NodeTestTask.java:138)
	at app//org.junit.platform.engine.support.hierarchical.NodeTestTask.execute(NodeTestTask.java:95)
	at app//org.junit.platform.engine.support.hierarchical.SameThreadHierarchicalTestExecutorService.submit(SameThreadHierarchicalTestExecutorService.java:35)
	at app//org.junit.platform.engine.support.hierarchical.NodeTestTask$DefaultDynamicTestExecutor.execute(NodeTestTask.java:226)
	at app//org.junit.platform.engine.support.hierarchical.NodeTestTask$DefaultDynamicTestExecutor.execute(NodeTestTask.java:204)
	at java.base@11.0.18/java.util.Optional.ifPresent(Optional.java:183)
	at app//org.junit.jupiter.engine.descriptor.TestFactoryTestDescriptor.lambda$invokeTestMethod$1(TestFactoryTestDescriptor.java:108)
	at app//org.junit.platform.engine.support.hierarchical.ThrowableCollector.execute(ThrowableCollector.java:73)
	at app//org.junit.jupiter.engine.descriptor.TestFactoryTestDescriptor.invokeTestMethod(TestFactoryTestDescriptor.java:95)
	at app//org.junit.jupiter.engine.descriptor.TestMethodTestDescriptor.execute(TestMethodTestDescriptor.java:138)
	at app//org.junit.jupiter.engine.descriptor.TestMethodTestDescriptor.execute(TestMethodTestDescriptor.java:68)
	at app//org.junit.platform.engine.support.hierarchical.NodeTestTask.lambda$executeRecursively$6(NodeTestTask.java:151)
	at app//org.junit.platform.engine.support.hierarchical.ThrowableCollector.execute(ThrowableCollector.java:73)
	at app//org.junit.platform.engine.support.hierarchical.NodeTestTask.lambda$executeRecursively$8(NodeTestTask.java:141)
	at app//org.junit.platform.engine.support.hierarchical.Node.around(Node.java:137)
	at app//org.junit.platform.engine.support.hierarchical.NodeTestTask.lambda$executeRecursively$9(NodeTestTask.java:139)
	at app//org.junit.platform.engine.support.hierarchical.ThrowableCollector.execute(ThrowableCollector.java:73)
	at app//org.junit.platform.engine.support.hierarchical.NodeTestTask.executeRecursively(NodeTestTask.java:138)
	at app//org.junit.platform.engine.support.hierarchical.NodeTestTask.execute(NodeTestTask.java:95)
	at java.base@11.0.18/java.util.ArrayList.forEach(ArrayList.java:1541)
	at app//org.junit.platform.engine.support.hierarchical.SameThreadHierarchicalTestExecutorService.invokeAll(SameThreadHierarchicalTestExecutorService.java:41)
	at app//org.junit.platform.engine.support.hierarchical.NodeTestTask.lambda$executeRecursively$6(NodeTestTask.java:155)
	at app//org.junit.platform.engine.support.hierarchical.ThrowableCollector.execute(ThrowableCollector.java:73)
	at app//org.junit.platform.engine.support.hierarchical.NodeTestTask.lambda$executeRecursively$8(NodeTestTask.java:141)
	at app//org.junit.platform.engine.support.hierarchical.Node.around(Node.java:137)
	at app//org.junit.platform.engine.support.hierarchical.NodeTestTask.lambda$executeRecursively$9(NodeTestTask.java:139)
	at app//org.junit.platform.engine.support.hierarchical.ThrowableCollector.execute(ThrowableCollector.java:73)
	at app//org.junit.platform.engine.support.hierarchical.NodeTestTask.executeRecursively(NodeTestTask.java:138)
	at app//org.junit.platform.engine.support.hierarchical.NodeTestTask.execute(NodeTestTask.java:95)
	at java.base@11.0.18/java.util.ArrayList.forEach(ArrayList.java:1541)
	at app//org.junit.platform.engine.support.hierarchical.SameThreadHierarchicalTestExecutorService.invokeAll(SameThreadHierarchicalTestExecutorService.java:41)
	at app//org.junit.platform.engine.support.hierarchical.NodeTestTask.lambda$executeRecursively$6(NodeTestTask.java:155)
	at app//org.junit.platform.engine.support.hierarchical.ThrowableCollector.execute(ThrowableCollector.java:73)
	at app//org.junit.platform.engine.support.hierarchical.NodeTestTask.lambda$executeRecursively$8(NodeTestTask.java:141)
	at app//org.junit.platform.engine.support.hierarchical.Node.around(Node.java:137)
	at app//org.junit.platform.engine.support.hierarchical.NodeTestTask.lambda$executeRecursively$9(NodeTestTask.java:139)
	at app//org.junit.platform.engine.support.hierarchical.ThrowableCollector.execute(ThrowableCollector.java:73)
	at app//org.junit.platform.engine.support.hierarchical.NodeTestTask.executeRecursively(NodeTestTask.java:138)
	at app//org.junit.platform.engine.support.hierarchical.NodeTestTask.execute(NodeTestTask.java:95)
	at app//org.junit.platform.engine.support.hierarchical.SameThreadHierarchicalTestExecutorService.submit(SameThreadHierarchicalTestExecutorService.java:35)
	at app//org.junit.platform.engine.support.hierarchical.HierarchicalTestExecutor.execute(HierarchicalTestExecutor.java:57)
	at app//org.junit.platform.engine.support.hierarchical.HierarchicalTestEngine.execute(HierarchicalTestEngine.java:54)
	at org.junit.platform.launcher.core.EngineExecutionOrchestrator.execute(EngineExecutionOrchestrator.java:107)
	at org.junit.platform.launcher.core.EngineExecutionOrchestrator.execute(EngineExecutionOrchestrator.java:88)
	at org.junit.platform.launcher.core.EngineExecutionOrchestrator.lambda$execute$0(EngineExecutionOrchestrator.java:54)
	at org.junit.platform.launcher.core.EngineExecutionOrchestrator.withInterceptedStreams(EngineExecutionOrchestrator.java:67)
	at org.junit.platform.launcher.core.EngineExecutionOrchestrator.execute(EngineExecutionOrchestrator.java:52)
	at org.junit.platform.launcher.core.DefaultLauncher.execute(DefaultLauncher.java:114)
	at org.junit.platform.launcher.core.DefaultLauncher.execute(DefaultLauncher.java:86)
	at org.junit.platform.launcher.core.DefaultLauncherSession$DelegatingLauncher.execute(DefaultLauncherSession.java:86)
	at org.junit.platform.launcher.core.SessionPerRequestLauncher.execute(SessionPerRequestLauncher.java:53)
	at org.gradle.api.internal.tasks.testing.junitplatform.JUnitPlatformTestClassProcessor$CollectAllTestClassesExecutor.processAllTestClasses(JUnitPlatformTestClassProcessor.java:99)
	at org.gradle.api.internal.tasks.testing.junitplatform.JUnitPlatformTestClassProcessor$CollectAllTestClassesExecutor.access$000(JUnitPlatformTestClassProcessor.java:79)
	at org.gradle.api.internal.tasks.testing.junitplatform.JUnitPlatformTestClassProcessor.stop(JUnitPlatformTestClassProcessor.java:75)
	at org.gradle.api.internal.tasks.testing.SuiteTestClassProcessor.stop(SuiteTestClassProcessor.java:62)
	at java.base@11.0.18/jdk.internal.reflect.NativeMethodAccessorImpl.invoke0(Native Method)
	at java.base@11.0.18/jdk.internal.reflect.NativeMethodAccessorImpl.invoke(NativeMethodAccessorImpl.java:62)
	at java.base@11.0.18/jdk.internal.reflect.DelegatingMethodAccessorImpl.invoke(DelegatingMethodAccessorImpl.java:43)
	at java.base@11.0.18/java.lang.reflect.Method.invoke(Method.java:566)
	at org.gradle.internal.dispatch.ReflectionDispatch.dispatch(ReflectionDispatch.java:36)
	at org.gradle.internal.dispatch.ReflectionDispatch.dispatch(ReflectionDispatch.java:24)
	at org.gradle.internal.dispatch.ContextClassLoaderDispatch.dispatch(ContextClassLoaderDispatch.java:33)
	at org.gradle.internal.dispatch.ProxyDispatchAdapter$DispatchingInvocationHandler.invoke(ProxyDispatchAdapter.java:94)
	at com.sun.proxy.$Proxy2.stop(Unknown Source)
	at org.gradle.api.internal.tasks.testing.worker.TestWorker$3.run(TestWorker.java:193)
	at org.gradle.api.internal.tasks.testing.worker.TestWorker.executeAndMaintainThreadName(TestWorker.java:129)
	at org.gradle.api.internal.tasks.testing.worker.TestWorker.execute(TestWorker.java:100)
	at org.gradle.api.internal.tasks.testing.worker.TestWorker.execute(TestWorker.java:60)
	at org.gradle.process.internal.worker.child.ActionExecutionWorker.execute(ActionExecutionWorker.java:56)
	at org.gradle.process.internal.worker.child.SystemApplicationClassLoaderWorker.call(SystemApplicationClassLoaderWorker.java:113)
	at org.gradle.process.internal.worker.child.SystemApplicationClassLoaderWorker.call(SystemApplicationClassLoaderWorker.java:65)
	at app//worker.org.gradle.process.internal.worker.GradleWorkerMain.run(GradleWorkerMain.java:69)
	at app//worker.org.gradle.process.internal.worker.GradleWorkerMain.main(GradleWorkerMain.java:74)
</failure>
  </testcase>
  <testcase name="ArrayList_contains.key" classname="de.uka.ilkd.key.proof.runallproofs.RunAllProofsFunctional" time="0.737">
    <failure message="org.opentest4j.AssertionFailedError: Executed process terminated with non-zero exit value. ==&gt; expected: &lt;0&gt; but was: &lt;1&gt;" type="org.opentest4j.AssertionFailedError">org.opentest4j.AssertionFailedError: Executed process terminated with non-zero exit value. ==&gt; expected: &lt;0&gt; but was: &lt;1&gt;
	at app//org.junit.jupiter.api.AssertionFailureBuilder.build(AssertionFailureBuilder.java:151)
	at app//org.junit.jupiter.api.AssertionFailureBuilder.buildAndThrow(AssertionFailureBuilder.java:132)
	at app//org.junit.jupiter.api.AssertEquals.failNotEqual(AssertEquals.java:197)
	at app//org.junit.jupiter.api.AssertEquals.assertEquals(AssertEquals.java:150)
	at app//org.junit.jupiter.api.Assertions.assertEquals(Assertions.java:560)
	at app//de.uka.ilkd.key.proof.runallproofs.proofcollection.ForkedTestFileRunner.processTestFiles(ForkedTestFileRunner.java:129)
	at app//de.uka.ilkd.key.proof.runallproofs.RunAllProofsTestUnit.runTest(RunAllProofsTestUnit.java:85)
	at app//de.uka.ilkd.key.proof.runallproofs.RunAllProofsTest.lambda$data$0(RunAllProofsTest.java:83)
	at app//org.junit.jupiter.engine.descriptor.DynamicTestTestDescriptor.lambda$execute$0(DynamicTestTestDescriptor.java:53)
	at app//org.junit.jupiter.engine.execution.InvocationInterceptorChain$ValidatingInvocation.proceed(InvocationInterceptorChain.java:131)
	at app//org.junit.jupiter.api.extension.InvocationInterceptor.interceptDynamicTest(InvocationInterceptor.java:167)
	at app//org.junit.jupiter.api.extension.InvocationInterceptor.interceptDynamicTest(InvocationInterceptor.java:184)
	at app//org.junit.jupiter.engine.descriptor.DynamicTestTestDescriptor.lambda$execute$1(DynamicTestTestDescriptor.java:61)
	at app//org.junit.jupiter.engine.execution.InvocationInterceptorChain$InterceptorCall.lambda$ofVoid$0(InvocationInterceptorChain.java:78)
	at app//org.junit.jupiter.engine.execution.InvocationInterceptorChain$InterceptedInvocation.proceed(InvocationInterceptorChain.java:106)
	at app//org.junit.jupiter.engine.execution.InvocationInterceptorChain.proceed(InvocationInterceptorChain.java:64)
	at app//org.junit.jupiter.engine.execution.InvocationInterceptorChain.chainAndInvoke(InvocationInterceptorChain.java:45)
	at app//org.junit.jupiter.engine.execution.InvocationInterceptorChain.invoke(InvocationInterceptorChain.java:37)
	at app//org.junit.jupiter.engine.descriptor.DynamicTestTestDescriptor.execute(DynamicTestTestDescriptor.java:60)
	at app//org.junit.jupiter.engine.descriptor.DynamicTestTestDescriptor.execute(DynamicTestTestDescriptor.java:32)
	at app//org.junit.platform.engine.support.hierarchical.NodeTestTask.lambda$executeRecursively$6(NodeTestTask.java:151)
	at app//org.junit.platform.engine.support.hierarchical.ThrowableCollector.execute(ThrowableCollector.java:73)
	at app//org.junit.platform.engine.support.hierarchical.NodeTestTask.lambda$executeRecursively$8(NodeTestTask.java:141)
	at app//org.junit.platform.engine.support.hierarchical.Node.around(Node.java:137)
	at app//org.junit.platform.engine.support.hierarchical.NodeTestTask.lambda$executeRecursively$9(NodeTestTask.java:139)
	at app//org.junit.platform.engine.support.hierarchical.ThrowableCollector.execute(ThrowableCollector.java:73)
	at app//org.junit.platform.engine.support.hierarchical.NodeTestTask.executeRecursively(NodeTestTask.java:138)
	at app//org.junit.platform.engine.support.hierarchical.NodeTestTask.execute(NodeTestTask.java:95)
	at app//org.junit.platform.engine.support.hierarchical.SameThreadHierarchicalTestExecutorService.submit(SameThreadHierarchicalTestExecutorService.java:35)
	at app//org.junit.platform.engine.support.hierarchical.NodeTestTask$DefaultDynamicTestExecutor.execute(NodeTestTask.java:226)
	at app//org.junit.platform.engine.support.hierarchical.NodeTestTask$DefaultDynamicTestExecutor.execute(NodeTestTask.java:204)
	at java.base@11.0.18/java.util.Optional.ifPresent(Optional.java:183)
	at app//org.junit.jupiter.engine.descriptor.TestFactoryTestDescriptor.lambda$invokeTestMethod$1(TestFactoryTestDescriptor.java:108)
	at app//org.junit.platform.engine.support.hierarchical.ThrowableCollector.execute(ThrowableCollector.java:73)
	at app//org.junit.jupiter.engine.descriptor.TestFactoryTestDescriptor.invokeTestMethod(TestFactoryTestDescriptor.java:95)
	at app//org.junit.jupiter.engine.descriptor.TestMethodTestDescriptor.execute(TestMethodTestDescriptor.java:138)
	at app//org.junit.jupiter.engine.descriptor.TestMethodTestDescriptor.execute(TestMethodTestDescriptor.java:68)
	at app//org.junit.platform.engine.support.hierarchical.NodeTestTask.lambda$executeRecursively$6(NodeTestTask.java:151)
	at app//org.junit.platform.engine.support.hierarchical.ThrowableCollector.execute(ThrowableCollector.java:73)
	at app//org.junit.platform.engine.support.hierarchical.NodeTestTask.lambda$executeRecursively$8(NodeTestTask.java:141)
	at app//org.junit.platform.engine.support.hierarchical.Node.around(Node.java:137)
	at app//org.junit.platform.engine.support.hierarchical.NodeTestTask.lambda$executeRecursively$9(NodeTestTask.java:139)
	at app//org.junit.platform.engine.support.hierarchical.ThrowableCollector.execute(ThrowableCollector.java:73)
	at app//org.junit.platform.engine.support.hierarchical.NodeTestTask.executeRecursively(NodeTestTask.java:138)
	at app//org.junit.platform.engine.support.hierarchical.NodeTestTask.execute(NodeTestTask.java:95)
	at java.base@11.0.18/java.util.ArrayList.forEach(ArrayList.java:1541)
	at app//org.junit.platform.engine.support.hierarchical.SameThreadHierarchicalTestExecutorService.invokeAll(SameThreadHierarchicalTestExecutorService.java:41)
	at app//org.junit.platform.engine.support.hierarchical.NodeTestTask.lambda$executeRecursively$6(NodeTestTask.java:155)
	at app//org.junit.platform.engine.support.hierarchical.ThrowableCollector.execute(ThrowableCollector.java:73)
	at app//org.junit.platform.engine.support.hierarchical.NodeTestTask.lambda$executeRecursively$8(NodeTestTask.java:141)
	at app//org.junit.platform.engine.support.hierarchical.Node.around(Node.java:137)
	at app//org.junit.platform.engine.support.hierarchical.NodeTestTask.lambda$executeRecursively$9(NodeTestTask.java:139)
	at app//org.junit.platform.engine.support.hierarchical.ThrowableCollector.execute(ThrowableCollector.java:73)
	at app//org.junit.platform.engine.support.hierarchical.NodeTestTask.executeRecursively(NodeTestTask.java:138)
	at app//org.junit.platform.engine.support.hierarchical.NodeTestTask.execute(NodeTestTask.java:95)
	at java.base@11.0.18/java.util.ArrayList.forEach(ArrayList.java:1541)
	at app//org.junit.platform.engine.support.hierarchical.SameThreadHierarchicalTestExecutorService.invokeAll(SameThreadHierarchicalTestExecutorService.java:41)
	at app//org.junit.platform.engine.support.hierarchical.NodeTestTask.lambda$executeRecursively$6(NodeTestTask.java:155)
	at app//org.junit.platform.engine.support.hierarchical.ThrowableCollector.execute(ThrowableCollector.java:73)
	at app//org.junit.platform.engine.support.hierarchical.NodeTestTask.lambda$executeRecursively$8(NodeTestTask.java:141)
	at app//org.junit.platform.engine.support.hierarchical.Node.around(Node.java:137)
	at app//org.junit.platform.engine.support.hierarchical.NodeTestTask.lambda$executeRecursively$9(NodeTestTask.java:139)
	at app//org.junit.platform.engine.support.hierarchical.ThrowableCollector.execute(ThrowableCollector.java:73)
	at app//org.junit.platform.engine.support.hierarchical.NodeTestTask.executeRecursively(NodeTestTask.java:138)
	at app//org.junit.platform.engine.support.hierarchical.NodeTestTask.execute(NodeTestTask.java:95)
	at app//org.junit.platform.engine.support.hierarchical.SameThreadHierarchicalTestExecutorService.submit(SameThreadHierarchicalTestExecutorService.java:35)
	at app//org.junit.platform.engine.support.hierarchical.HierarchicalTestExecutor.execute(HierarchicalTestExecutor.java:57)
	at app//org.junit.platform.engine.support.hierarchical.HierarchicalTestEngine.execute(HierarchicalTestEngine.java:54)
	at org.junit.platform.launcher.core.EngineExecutionOrchestrator.execute(EngineExecutionOrchestrator.java:107)
	at org.junit.platform.launcher.core.EngineExecutionOrchestrator.execute(EngineExecutionOrchestrator.java:88)
	at org.junit.platform.launcher.core.EngineExecutionOrchestrator.lambda$execute$0(EngineExecutionOrchestrator.java:54)
	at org.junit.platform.launcher.core.EngineExecutionOrchestrator.withInterceptedStreams(EngineExecutionOrchestrator.java:67)
	at org.junit.platform.launcher.core.EngineExecutionOrchestrator.execute(EngineExecutionOrchestrator.java:52)
	at org.junit.platform.launcher.core.DefaultLauncher.execute(DefaultLauncher.java:114)
	at org.junit.platform.launcher.core.DefaultLauncher.execute(DefaultLauncher.java:86)
	at org.junit.platform.launcher.core.DefaultLauncherSession$DelegatingLauncher.execute(DefaultLauncherSession.java:86)
	at org.junit.platform.launcher.core.SessionPerRequestLauncher.execute(SessionPerRequestLauncher.java:53)
	at org.gradle.api.internal.tasks.testing.junitplatform.JUnitPlatformTestClassProcessor$CollectAllTestClassesExecutor.processAllTestClasses(JUnitPlatformTestClassProcessor.java:99)
	at org.gradle.api.internal.tasks.testing.junitplatform.JUnitPlatformTestClassProcessor$CollectAllTestClassesExecutor.access$000(JUnitPlatformTestClassProcessor.java:79)
	at org.gradle.api.internal.tasks.testing.junitplatform.JUnitPlatformTestClassProcessor.stop(JUnitPlatformTestClassProcessor.java:75)
	at org.gradle.api.internal.tasks.testing.SuiteTestClassProcessor.stop(SuiteTestClassProcessor.java:62)
	at java.base@11.0.18/jdk.internal.reflect.NativeMethodAccessorImpl.invoke0(Native Method)
	at java.base@11.0.18/jdk.internal.reflect.NativeMethodAccessorImpl.invoke(NativeMethodAccessorImpl.java:62)
	at java.base@11.0.18/jdk.internal.reflect.DelegatingMethodAccessorImpl.invoke(DelegatingMethodAccessorImpl.java:43)
	at java.base@11.0.18/java.lang.reflect.Method.invoke(Method.java:566)
	at org.gradle.internal.dispatch.ReflectionDispatch.dispatch(ReflectionDispatch.java:36)
	at org.gradle.internal.dispatch.ReflectionDispatch.dispatch(ReflectionDispatch.java:24)
	at org.gradle.internal.dispatch.ContextClassLoaderDispatch.dispatch(ContextClassLoaderDispatch.java:33)
	at org.gradle.internal.dispatch.ProxyDispatchAdapter$DispatchingInvocationHandler.invoke(ProxyDispatchAdapter.java:94)
	at com.sun.proxy.$Proxy2.stop(Unknown Source)
	at org.gradle.api.internal.tasks.testing.worker.TestWorker$3.run(TestWorker.java:193)
	at org.gradle.api.internal.tasks.testing.worker.TestWorker.executeAndMaintainThreadName(TestWorker.java:129)
	at org.gradle.api.internal.tasks.testing.worker.TestWorker.execute(TestWorker.java:100)
	at org.gradle.api.internal.tasks.testing.worker.TestWorker.execute(TestWorker.java:60)
	at org.gradle.process.internal.worker.child.ActionExecutionWorker.execute(ActionExecutionWorker.java:56)
	at org.gradle.process.internal.worker.child.SystemApplicationClassLoaderWorker.call(SystemApplicationClassLoaderWorker.java:113)
	at org.gradle.process.internal.worker.child.SystemApplicationClassLoaderWorker.call(SystemApplicationClassLoaderWorker.java:65)
	at app//worker.org.gradle.process.internal.worker.GradleWorkerMain.run(GradleWorkerMain.java:69)
	at app//worker.org.gradle.process.internal.worker.GradleWorkerMain.main(GradleWorkerMain.java:74)
</failure>
  </testcase>
  <testcase name="ArrayList_get.key" classname="de.uka.ilkd.key.proof.runallproofs.RunAllProofsFunctional" time="0.729">
    <failure message="org.opentest4j.AssertionFailedError: Executed process terminated with non-zero exit value. ==&gt; expected: &lt;0&gt; but was: &lt;1&gt;" type="org.opentest4j.AssertionFailedError">org.opentest4j.AssertionFailedError: Executed process terminated with non-zero exit value. ==&gt; expected: &lt;0&gt; but was: &lt;1&gt;
	at app//org.junit.jupiter.api.AssertionFailureBuilder.build(AssertionFailureBuilder.java:151)
	at app//org.junit.jupiter.api.AssertionFailureBuilder.buildAndThrow(AssertionFailureBuilder.java:132)
	at app//org.junit.jupiter.api.AssertEquals.failNotEqual(AssertEquals.java:197)
	at app//org.junit.jupiter.api.AssertEquals.assertEquals(AssertEquals.java:150)
	at app//org.junit.jupiter.api.Assertions.assertEquals(Assertions.java:560)
	at app//de.uka.ilkd.key.proof.runallproofs.proofcollection.ForkedTestFileRunner.processTestFiles(ForkedTestFileRunner.java:129)
	at app//de.uka.ilkd.key.proof.runallproofs.RunAllProofsTestUnit.runTest(RunAllProofsTestUnit.java:85)
	at app//de.uka.ilkd.key.proof.runallproofs.RunAllProofsTest.lambda$data$0(RunAllProofsTest.java:83)
	at app//org.junit.jupiter.engine.descriptor.DynamicTestTestDescriptor.lambda$execute$0(DynamicTestTestDescriptor.java:53)
	at app//org.junit.jupiter.engine.execution.InvocationInterceptorChain$ValidatingInvocation.proceed(InvocationInterceptorChain.java:131)
	at app//org.junit.jupiter.api.extension.InvocationInterceptor.interceptDynamicTest(InvocationInterceptor.java:167)
	at app//org.junit.jupiter.api.extension.InvocationInterceptor.interceptDynamicTest(InvocationInterceptor.java:184)
	at app//org.junit.jupiter.engine.descriptor.DynamicTestTestDescriptor.lambda$execute$1(DynamicTestTestDescriptor.java:61)
	at app//org.junit.jupiter.engine.execution.InvocationInterceptorChain$InterceptorCall.lambda$ofVoid$0(InvocationInterceptorChain.java:78)
	at app//org.junit.jupiter.engine.execution.InvocationInterceptorChain$InterceptedInvocation.proceed(InvocationInterceptorChain.java:106)
	at app//org.junit.jupiter.engine.execution.InvocationInterceptorChain.proceed(InvocationInterceptorChain.java:64)
	at app//org.junit.jupiter.engine.execution.InvocationInterceptorChain.chainAndInvoke(InvocationInterceptorChain.java:45)
	at app//org.junit.jupiter.engine.execution.InvocationInterceptorChain.invoke(InvocationInterceptorChain.java:37)
	at app//org.junit.jupiter.engine.descriptor.DynamicTestTestDescriptor.execute(DynamicTestTestDescriptor.java:60)
	at app//org.junit.jupiter.engine.descriptor.DynamicTestTestDescriptor.execute(DynamicTestTestDescriptor.java:32)
	at app//org.junit.platform.engine.support.hierarchical.NodeTestTask.lambda$executeRecursively$6(NodeTestTask.java:151)
	at app//org.junit.platform.engine.support.hierarchical.ThrowableCollector.execute(ThrowableCollector.java:73)
	at app//org.junit.platform.engine.support.hierarchical.NodeTestTask.lambda$executeRecursively$8(NodeTestTask.java:141)
	at app//org.junit.platform.engine.support.hierarchical.Node.around(Node.java:137)
	at app//org.junit.platform.engine.support.hierarchical.NodeTestTask.lambda$executeRecursively$9(NodeTestTask.java:139)
	at app//org.junit.platform.engine.support.hierarchical.ThrowableCollector.execute(ThrowableCollector.java:73)
	at app//org.junit.platform.engine.support.hierarchical.NodeTestTask.executeRecursively(NodeTestTask.java:138)
	at app//org.junit.platform.engine.support.hierarchical.NodeTestTask.execute(NodeTestTask.java:95)
	at app//org.junit.platform.engine.support.hierarchical.SameThreadHierarchicalTestExecutorService.submit(SameThreadHierarchicalTestExecutorService.java:35)
	at app//org.junit.platform.engine.support.hierarchical.NodeTestTask$DefaultDynamicTestExecutor.execute(NodeTestTask.java:226)
	at app//org.junit.platform.engine.support.hierarchical.NodeTestTask$DefaultDynamicTestExecutor.execute(NodeTestTask.java:204)
	at java.base@11.0.18/java.util.Optional.ifPresent(Optional.java:183)
	at app//org.junit.jupiter.engine.descriptor.TestFactoryTestDescriptor.lambda$invokeTestMethod$1(TestFactoryTestDescriptor.java:108)
	at app//org.junit.platform.engine.support.hierarchical.ThrowableCollector.execute(ThrowableCollector.java:73)
	at app//org.junit.jupiter.engine.descriptor.TestFactoryTestDescriptor.invokeTestMethod(TestFactoryTestDescriptor.java:95)
	at app//org.junit.jupiter.engine.descriptor.TestMethodTestDescriptor.execute(TestMethodTestDescriptor.java:138)
	at app//org.junit.jupiter.engine.descriptor.TestMethodTestDescriptor.execute(TestMethodTestDescriptor.java:68)
	at app//org.junit.platform.engine.support.hierarchical.NodeTestTask.lambda$executeRecursively$6(NodeTestTask.java:151)
	at app//org.junit.platform.engine.support.hierarchical.ThrowableCollector.execute(ThrowableCollector.java:73)
	at app//org.junit.platform.engine.support.hierarchical.NodeTestTask.lambda$executeRecursively$8(NodeTestTask.java:141)
	at app//org.junit.platform.engine.support.hierarchical.Node.around(Node.java:137)
	at app//org.junit.platform.engine.support.hierarchical.NodeTestTask.lambda$executeRecursively$9(NodeTestTask.java:139)
	at app//org.junit.platform.engine.support.hierarchical.ThrowableCollector.execute(ThrowableCollector.java:73)
	at app//org.junit.platform.engine.support.hierarchical.NodeTestTask.executeRecursively(NodeTestTask.java:138)
	at app//org.junit.platform.engine.support.hierarchical.NodeTestTask.execute(NodeTestTask.java:95)
	at java.base@11.0.18/java.util.ArrayList.forEach(ArrayList.java:1541)
	at app//org.junit.platform.engine.support.hierarchical.SameThreadHierarchicalTestExecutorService.invokeAll(SameThreadHierarchicalTestExecutorService.java:41)
	at app//org.junit.platform.engine.support.hierarchical.NodeTestTask.lambda$executeRecursively$6(NodeTestTask.java:155)
	at app//org.junit.platform.engine.support.hierarchical.ThrowableCollector.execute(ThrowableCollector.java:73)
	at app//org.junit.platform.engine.support.hierarchical.NodeTestTask.lambda$executeRecursively$8(NodeTestTask.java:141)
	at app//org.junit.platform.engine.support.hierarchical.Node.around(Node.java:137)
	at app//org.junit.platform.engine.support.hierarchical.NodeTestTask.lambda$executeRecursively$9(NodeTestTask.java:139)
	at app//org.junit.platform.engine.support.hierarchical.ThrowableCollector.execute(ThrowableCollector.java:73)
	at app//org.junit.platform.engine.support.hierarchical.NodeTestTask.executeRecursively(NodeTestTask.java:138)
	at app//org.junit.platform.engine.support.hierarchical.NodeTestTask.execute(NodeTestTask.java:95)
	at java.base@11.0.18/java.util.ArrayList.forEach(ArrayList.java:1541)
	at app//org.junit.platform.engine.support.hierarchical.SameThreadHierarchicalTestExecutorService.invokeAll(SameThreadHierarchicalTestExecutorService.java:41)
	at app//org.junit.platform.engine.support.hierarchical.NodeTestTask.lambda$executeRecursively$6(NodeTestTask.java:155)
	at app//org.junit.platform.engine.support.hierarchical.ThrowableCollector.execute(ThrowableCollector.java:73)
	at app//org.junit.platform.engine.support.hierarchical.NodeTestTask.lambda$executeRecursively$8(NodeTestTask.java:141)
	at app//org.junit.platform.engine.support.hierarchical.Node.around(Node.java:137)
	at app//org.junit.platform.engine.support.hierarchical.NodeTestTask.lambda$executeRecursively$9(NodeTestTask.java:139)
	at app//org.junit.platform.engine.support.hierarchical.ThrowableCollector.execute(ThrowableCollector.java:73)
	at app//org.junit.platform.engine.support.hierarchical.NodeTestTask.executeRecursively(NodeTestTask.java:138)
	at app//org.junit.platform.engine.support.hierarchical.NodeTestTask.execute(NodeTestTask.java:95)
	at app//org.junit.platform.engine.support.hierarchical.SameThreadHierarchicalTestExecutorService.submit(SameThreadHierarchicalTestExecutorService.java:35)
	at app//org.junit.platform.engine.support.hierarchical.HierarchicalTestExecutor.execute(HierarchicalTestExecutor.java:57)
	at app//org.junit.platform.engine.support.hierarchical.HierarchicalTestEngine.execute(HierarchicalTestEngine.java:54)
	at org.junit.platform.launcher.core.EngineExecutionOrchestrator.execute(EngineExecutionOrchestrator.java:107)
	at org.junit.platform.launcher.core.EngineExecutionOrchestrator.execute(EngineExecutionOrchestrator.java:88)
	at org.junit.platform.launcher.core.EngineExecutionOrchestrator.lambda$execute$0(EngineExecutionOrchestrator.java:54)
	at org.junit.platform.launcher.core.EngineExecutionOrchestrator.withInterceptedStreams(EngineExecutionOrchestrator.java:67)
	at org.junit.platform.launcher.core.EngineExecutionOrchestrator.execute(EngineExecutionOrchestrator.java:52)
	at org.junit.platform.launcher.core.DefaultLauncher.execute(DefaultLauncher.java:114)
	at org.junit.platform.launcher.core.DefaultLauncher.execute(DefaultLauncher.java:86)
	at org.junit.platform.launcher.core.DefaultLauncherSession$DelegatingLauncher.execute(DefaultLauncherSession.java:86)
	at org.junit.platform.launcher.core.SessionPerRequestLauncher.execute(SessionPerRequestLauncher.java:53)
	at org.gradle.api.internal.tasks.testing.junitplatform.JUnitPlatformTestClassProcessor$CollectAllTestClassesExecutor.processAllTestClasses(JUnitPlatformTestClassProcessor.java:99)
	at org.gradle.api.internal.tasks.testing.junitplatform.JUnitPlatformTestClassProcessor$CollectAllTestClassesExecutor.access$000(JUnitPlatformTestClassProcessor.java:79)
	at org.gradle.api.internal.tasks.testing.junitplatform.JUnitPlatformTestClassProcessor.stop(JUnitPlatformTestClassProcessor.java:75)
	at org.gradle.api.internal.tasks.testing.SuiteTestClassProcessor.stop(SuiteTestClassProcessor.java:62)
	at java.base@11.0.18/jdk.internal.reflect.NativeMethodAccessorImpl.invoke0(Native Method)
	at java.base@11.0.18/jdk.internal.reflect.NativeMethodAccessorImpl.invoke(NativeMethodAccessorImpl.java:62)
	at java.base@11.0.18/jdk.internal.reflect.DelegatingMethodAccessorImpl.invoke(DelegatingMethodAccessorImpl.java:43)
	at java.base@11.0.18/java.lang.reflect.Method.invoke(Method.java:566)
	at org.gradle.internal.dispatch.ReflectionDispatch.dispatch(ReflectionDispatch.java:36)
	at org.gradle.internal.dispatch.ReflectionDispatch.dispatch(ReflectionDispatch.java:24)
	at org.gradle.internal.dispatch.ContextClassLoaderDispatch.dispatch(ContextClassLoaderDispatch.java:33)
	at org.gradle.internal.dispatch.ProxyDispatchAdapter$DispatchingInvocationHandler.invoke(ProxyDispatchAdapter.java:94)
	at com.sun.proxy.$Proxy2.stop(Unknown Source)
	at org.gradle.api.internal.tasks.testing.worker.TestWorker$3.run(TestWorker.java:193)
	at org.gradle.api.internal.tasks.testing.worker.TestWorker.executeAndMaintainThreadName(TestWorker.java:129)
	at org.gradle.api.internal.tasks.testing.worker.TestWorker.execute(TestWorker.java:100)
	at org.gradle.api.internal.tasks.testing.worker.TestWorker.execute(TestWorker.java:60)
	at org.gradle.process.internal.worker.child.ActionExecutionWorker.execute(ActionExecutionWorker.java:56)
	at org.gradle.process.internal.worker.child.SystemApplicationClassLoaderWorker.call(SystemApplicationClassLoaderWorker.java:113)
	at org.gradle.process.internal.worker.child.SystemApplicationClassLoaderWorker.call(SystemApplicationClassLoaderWorker.java:65)
	at app//worker.org.gradle.process.internal.worker.GradleWorkerMain.run(GradleWorkerMain.java:69)
	at app//worker.org.gradle.process.internal.worker.GradleWorkerMain.main(GradleWorkerMain.java:74)
</failure>
  </testcase>
  <testcase name="ArrayList_size.key" classname="de.uka.ilkd.key.proof.runallproofs.RunAllProofsFunctional" time="0.729">
    <failure message="org.opentest4j.AssertionFailedError: Executed process terminated with non-zero exit value. ==&gt; expected: &lt;0&gt; but was: &lt;1&gt;" type="org.opentest4j.AssertionFailedError">org.opentest4j.AssertionFailedError: Executed process terminated with non-zero exit value. ==&gt; expected: &lt;0&gt; but was: &lt;1&gt;
	at app//org.junit.jupiter.api.AssertionFailureBuilder.build(AssertionFailureBuilder.java:151)
	at app//org.junit.jupiter.api.AssertionFailureBuilder.buildAndThrow(AssertionFailureBuilder.java:132)
	at app//org.junit.jupiter.api.AssertEquals.failNotEqual(AssertEquals.java:197)
	at app//org.junit.jupiter.api.AssertEquals.assertEquals(AssertEquals.java:150)
	at app//org.junit.jupiter.api.Assertions.assertEquals(Assertions.java:560)
	at app//de.uka.ilkd.key.proof.runallproofs.proofcollection.ForkedTestFileRunner.processTestFiles(ForkedTestFileRunner.java:129)
	at app//de.uka.ilkd.key.proof.runallproofs.RunAllProofsTestUnit.runTest(RunAllProofsTestUnit.java:85)
	at app//de.uka.ilkd.key.proof.runallproofs.RunAllProofsTest.lambda$data$0(RunAllProofsTest.java:83)
	at app//org.junit.jupiter.engine.descriptor.DynamicTestTestDescriptor.lambda$execute$0(DynamicTestTestDescriptor.java:53)
	at app//org.junit.jupiter.engine.execution.InvocationInterceptorChain$ValidatingInvocation.proceed(InvocationInterceptorChain.java:131)
	at app//org.junit.jupiter.api.extension.InvocationInterceptor.interceptDynamicTest(InvocationInterceptor.java:167)
	at app//org.junit.jupiter.api.extension.InvocationInterceptor.interceptDynamicTest(InvocationInterceptor.java:184)
	at app//org.junit.jupiter.engine.descriptor.DynamicTestTestDescriptor.lambda$execute$1(DynamicTestTestDescriptor.java:61)
	at app//org.junit.jupiter.engine.execution.InvocationInterceptorChain$InterceptorCall.lambda$ofVoid$0(InvocationInterceptorChain.java:78)
	at app//org.junit.jupiter.engine.execution.InvocationInterceptorChain$InterceptedInvocation.proceed(InvocationInterceptorChain.java:106)
	at app//org.junit.jupiter.engine.execution.InvocationInterceptorChain.proceed(InvocationInterceptorChain.java:64)
	at app//org.junit.jupiter.engine.execution.InvocationInterceptorChain.chainAndInvoke(InvocationInterceptorChain.java:45)
	at app//org.junit.jupiter.engine.execution.InvocationInterceptorChain.invoke(InvocationInterceptorChain.java:37)
	at app//org.junit.jupiter.engine.descriptor.DynamicTestTestDescriptor.execute(DynamicTestTestDescriptor.java:60)
	at app//org.junit.jupiter.engine.descriptor.DynamicTestTestDescriptor.execute(DynamicTestTestDescriptor.java:32)
	at app//org.junit.platform.engine.support.hierarchical.NodeTestTask.lambda$executeRecursively$6(NodeTestTask.java:151)
	at app//org.junit.platform.engine.support.hierarchical.ThrowableCollector.execute(ThrowableCollector.java:73)
	at app//org.junit.platform.engine.support.hierarchical.NodeTestTask.lambda$executeRecursively$8(NodeTestTask.java:141)
	at app//org.junit.platform.engine.support.hierarchical.Node.around(Node.java:137)
	at app//org.junit.platform.engine.support.hierarchical.NodeTestTask.lambda$executeRecursively$9(NodeTestTask.java:139)
	at app//org.junit.platform.engine.support.hierarchical.ThrowableCollector.execute(ThrowableCollector.java:73)
	at app//org.junit.platform.engine.support.hierarchical.NodeTestTask.executeRecursively(NodeTestTask.java:138)
	at app//org.junit.platform.engine.support.hierarchical.NodeTestTask.execute(NodeTestTask.java:95)
	at app//org.junit.platform.engine.support.hierarchical.SameThreadHierarchicalTestExecutorService.submit(SameThreadHierarchicalTestExecutorService.java:35)
	at app//org.junit.platform.engine.support.hierarchical.NodeTestTask$DefaultDynamicTestExecutor.execute(NodeTestTask.java:226)
	at app//org.junit.platform.engine.support.hierarchical.NodeTestTask$DefaultDynamicTestExecutor.execute(NodeTestTask.java:204)
	at java.base@11.0.18/java.util.Optional.ifPresent(Optional.java:183)
	at app//org.junit.jupiter.engine.descriptor.TestFactoryTestDescriptor.lambda$invokeTestMethod$1(TestFactoryTestDescriptor.java:108)
	at app//org.junit.platform.engine.support.hierarchical.ThrowableCollector.execute(ThrowableCollector.java:73)
	at app//org.junit.jupiter.engine.descriptor.TestFactoryTestDescriptor.invokeTestMethod(TestFactoryTestDescriptor.java:95)
	at app//org.junit.jupiter.engine.descriptor.TestMethodTestDescriptor.execute(TestMethodTestDescriptor.java:138)
	at app//org.junit.jupiter.engine.descriptor.TestMethodTestDescriptor.execute(TestMethodTestDescriptor.java:68)
	at app//org.junit.platform.engine.support.hierarchical.NodeTestTask.lambda$executeRecursively$6(NodeTestTask.java:151)
	at app//org.junit.platform.engine.support.hierarchical.ThrowableCollector.execute(ThrowableCollector.java:73)
	at app//org.junit.platform.engine.support.hierarchical.NodeTestTask.lambda$executeRecursively$8(NodeTestTask.java:141)
	at app//org.junit.platform.engine.support.hierarchical.Node.around(Node.java:137)
	at app//org.junit.platform.engine.support.hierarchical.NodeTestTask.lambda$executeRecursively$9(NodeTestTask.java:139)
	at app//org.junit.platform.engine.support.hierarchical.ThrowableCollector.execute(ThrowableCollector.java:73)
	at app//org.junit.platform.engine.support.hierarchical.NodeTestTask.executeRecursively(NodeTestTask.java:138)
	at app//org.junit.platform.engine.support.hierarchical.NodeTestTask.execute(NodeTestTask.java:95)
	at java.base@11.0.18/java.util.ArrayList.forEach(ArrayList.java:1541)
	at app//org.junit.platform.engine.support.hierarchical.SameThreadHierarchicalTestExecutorService.invokeAll(SameThreadHierarchicalTestExecutorService.java:41)
	at app//org.junit.platform.engine.support.hierarchical.NodeTestTask.lambda$executeRecursively$6(NodeTestTask.java:155)
	at app//org.junit.platform.engine.support.hierarchical.ThrowableCollector.execute(ThrowableCollector.java:73)
	at app//org.junit.platform.engine.support.hierarchical.NodeTestTask.lambda$executeRecursively$8(NodeTestTask.java:141)
	at app//org.junit.platform.engine.support.hierarchical.Node.around(Node.java:137)
	at app//org.junit.platform.engine.support.hierarchical.NodeTestTask.lambda$executeRecursively$9(NodeTestTask.java:139)
	at app//org.junit.platform.engine.support.hierarchical.ThrowableCollector.execute(ThrowableCollector.java:73)
	at app//org.junit.platform.engine.support.hierarchical.NodeTestTask.executeRecursively(NodeTestTask.java:138)
	at app//org.junit.platform.engine.support.hierarchical.NodeTestTask.execute(NodeTestTask.java:95)
	at java.base@11.0.18/java.util.ArrayList.forEach(ArrayList.java:1541)
	at app//org.junit.platform.engine.support.hierarchical.SameThreadHierarchicalTestExecutorService.invokeAll(SameThreadHierarchicalTestExecutorService.java:41)
	at app//org.junit.platform.engine.support.hierarchical.NodeTestTask.lambda$executeRecursively$6(NodeTestTask.java:155)
	at app//org.junit.platform.engine.support.hierarchical.ThrowableCollector.execute(ThrowableCollector.java:73)
	at app//org.junit.platform.engine.support.hierarchical.NodeTestTask.lambda$executeRecursively$8(NodeTestTask.java:141)
	at app//org.junit.platform.engine.support.hierarchical.Node.around(Node.java:137)
	at app//org.junit.platform.engine.support.hierarchical.NodeTestTask.lambda$executeRecursively$9(NodeTestTask.java:139)
	at app//org.junit.platform.engine.support.hierarchical.ThrowableCollector.execute(ThrowableCollector.java:73)
	at app//org.junit.platform.engine.support.hierarchical.NodeTestTask.executeRecursively(NodeTestTask.java:138)
	at app//org.junit.platform.engine.support.hierarchical.NodeTestTask.execute(NodeTestTask.java:95)
	at app//org.junit.platform.engine.support.hierarchical.SameThreadHierarchicalTestExecutorService.submit(SameThreadHierarchicalTestExecutorService.java:35)
	at app//org.junit.platform.engine.support.hierarchical.HierarchicalTestExecutor.execute(HierarchicalTestExecutor.java:57)
	at app//org.junit.platform.engine.support.hierarchical.HierarchicalTestEngine.execute(HierarchicalTestEngine.java:54)
	at org.junit.platform.launcher.core.EngineExecutionOrchestrator.execute(EngineExecutionOrchestrator.java:107)
	at org.junit.platform.launcher.core.EngineExecutionOrchestrator.execute(EngineExecutionOrchestrator.java:88)
	at org.junit.platform.launcher.core.EngineExecutionOrchestrator.lambda$execute$0(EngineExecutionOrchestrator.java:54)
	at org.junit.platform.launcher.core.EngineExecutionOrchestrator.withInterceptedStreams(EngineExecutionOrchestrator.java:67)
	at org.junit.platform.launcher.core.EngineExecutionOrchestrator.execute(EngineExecutionOrchestrator.java:52)
	at org.junit.platform.launcher.core.DefaultLauncher.execute(DefaultLauncher.java:114)
	at org.junit.platform.launcher.core.DefaultLauncher.execute(DefaultLauncher.java:86)
	at org.junit.platform.launcher.core.DefaultLauncherSession$DelegatingLauncher.execute(DefaultLauncherSession.java:86)
	at org.junit.platform.launcher.core.SessionPerRequestLauncher.execute(SessionPerRequestLauncher.java:53)
	at org.gradle.api.internal.tasks.testing.junitplatform.JUnitPlatformTestClassProcessor$CollectAllTestClassesExecutor.processAllTestClasses(JUnitPlatformTestClassProcessor.java:99)
	at org.gradle.api.internal.tasks.testing.junitplatform.JUnitPlatformTestClassProcessor$CollectAllTestClassesExecutor.access$000(JUnitPlatformTestClassProcessor.java:79)
	at org.gradle.api.internal.tasks.testing.junitplatform.JUnitPlatformTestClassProcessor.stop(JUnitPlatformTestClassProcessor.java:75)
	at org.gradle.api.internal.tasks.testing.SuiteTestClassProcessor.stop(SuiteTestClassProcessor.java:62)
	at java.base@11.0.18/jdk.internal.reflect.NativeMethodAccessorImpl.invoke0(Native Method)
	at java.base@11.0.18/jdk.internal.reflect.NativeMethodAccessorImpl.invoke(NativeMethodAccessorImpl.java:62)
	at java.base@11.0.18/jdk.internal.reflect.DelegatingMethodAccessorImpl.invoke(DelegatingMethodAccessorImpl.java:43)
	at java.base@11.0.18/java.lang.reflect.Method.invoke(Method.java:566)
	at org.gradle.internal.dispatch.ReflectionDispatch.dispatch(ReflectionDispatch.java:36)
	at org.gradle.internal.dispatch.ReflectionDispatch.dispatch(ReflectionDispatch.java:24)
	at org.gradle.internal.dispatch.ContextClassLoaderDispatch.dispatch(ContextClassLoaderDispatch.java:33)
	at org.gradle.internal.dispatch.ProxyDispatchAdapter$DispatchingInvocationHandler.invoke(ProxyDispatchAdapter.java:94)
	at com.sun.proxy.$Proxy2.stop(Unknown Source)
	at org.gradle.api.internal.tasks.testing.worker.TestWorker$3.run(TestWorker.java:193)
	at org.gradle.api.internal.tasks.testing.worker.TestWorker.executeAndMaintainThreadName(TestWorker.java:129)
	at org.gradle.api.internal.tasks.testing.worker.TestWorker.execute(TestWorker.java:100)
	at org.gradle.api.internal.tasks.testing.worker.TestWorker.execute(TestWorker.java:60)
	at org.gradle.process.internal.worker.child.ActionExecutionWorker.execute(ActionExecutionWorker.java:56)
	at org.gradle.process.internal.worker.child.SystemApplicationClassLoaderWorker.call(SystemApplicationClassLoaderWorker.java:113)
	at org.gradle.process.internal.worker.child.SystemApplicationClassLoaderWorker.call(SystemApplicationClassLoaderWorker.java:65)
	at app//worker.org.gradle.process.internal.worker.GradleWorkerMain.run(GradleWorkerMain.java:69)
	at app//worker.org.gradle.process.internal.worker.GradleWorkerMain.main(GradleWorkerMain.java:74)
</failure>
  </testcase>
  <testcase name="UpdateAbstraction_ex7_3_secure.key" classname="de.uka.ilkd.key.proof.runallproofs.RunAllProofsFunctional" time="0.799">
    <failure message="org.opentest4j.AssertionFailedError: Executed process terminated with non-zero exit value. ==&gt; expected: &lt;0&gt; but was: &lt;1&gt;" type="org.opentest4j.AssertionFailedError">org.opentest4j.AssertionFailedError: Executed process terminated with non-zero exit value. ==&gt; expected: &lt;0&gt; but was: &lt;1&gt;
	at app//org.junit.jupiter.api.AssertionFailureBuilder.build(AssertionFailureBuilder.java:151)
	at app//org.junit.jupiter.api.AssertionFailureBuilder.buildAndThrow(AssertionFailureBuilder.java:132)
	at app//org.junit.jupiter.api.AssertEquals.failNotEqual(AssertEquals.java:197)
	at app//org.junit.jupiter.api.AssertEquals.assertEquals(AssertEquals.java:150)
	at app//org.junit.jupiter.api.Assertions.assertEquals(Assertions.java:560)
	at app//de.uka.ilkd.key.proof.runallproofs.proofcollection.ForkedTestFileRunner.processTestFiles(ForkedTestFileRunner.java:129)
	at app//de.uka.ilkd.key.proof.runallproofs.RunAllProofsTestUnit.runTest(RunAllProofsTestUnit.java:85)
	at app//de.uka.ilkd.key.proof.runallproofs.RunAllProofsTest.lambda$data$0(RunAllProofsTest.java:83)
	at app//org.junit.jupiter.engine.descriptor.DynamicTestTestDescriptor.lambda$execute$0(DynamicTestTestDescriptor.java:53)
	at app//org.junit.jupiter.engine.execution.InvocationInterceptorChain$ValidatingInvocation.proceed(InvocationInterceptorChain.java:131)
	at app//org.junit.jupiter.api.extension.InvocationInterceptor.interceptDynamicTest(InvocationInterceptor.java:167)
	at app//org.junit.jupiter.api.extension.InvocationInterceptor.interceptDynamicTest(InvocationInterceptor.java:184)
	at app//org.junit.jupiter.engine.descriptor.DynamicTestTestDescriptor.lambda$execute$1(DynamicTestTestDescriptor.java:61)
	at app//org.junit.jupiter.engine.execution.InvocationInterceptorChain$InterceptorCall.lambda$ofVoid$0(InvocationInterceptorChain.java:78)
	at app//org.junit.jupiter.engine.execution.InvocationInterceptorChain$InterceptedInvocation.proceed(InvocationInterceptorChain.java:106)
	at app//org.junit.jupiter.engine.execution.InvocationInterceptorChain.proceed(InvocationInterceptorChain.java:64)
	at app//org.junit.jupiter.engine.execution.InvocationInterceptorChain.chainAndInvoke(InvocationInterceptorChain.java:45)
	at app//org.junit.jupiter.engine.execution.InvocationInterceptorChain.invoke(InvocationInterceptorChain.java:37)
	at app//org.junit.jupiter.engine.descriptor.DynamicTestTestDescriptor.execute(DynamicTestTestDescriptor.java:60)
	at app//org.junit.jupiter.engine.descriptor.DynamicTestTestDescriptor.execute(DynamicTestTestDescriptor.java:32)
	at app//org.junit.platform.engine.support.hierarchical.NodeTestTask.lambda$executeRecursively$6(NodeTestTask.java:151)
	at app//org.junit.platform.engine.support.hierarchical.ThrowableCollector.execute(ThrowableCollector.java:73)
	at app//org.junit.platform.engine.support.hierarchical.NodeTestTask.lambda$executeRecursively$8(NodeTestTask.java:141)
	at app//org.junit.platform.engine.support.hierarchical.Node.around(Node.java:137)
	at app//org.junit.platform.engine.support.hierarchical.NodeTestTask.lambda$executeRecursively$9(NodeTestTask.java:139)
	at app//org.junit.platform.engine.support.hierarchical.ThrowableCollector.execute(ThrowableCollector.java:73)
	at app//org.junit.platform.engine.support.hierarchical.NodeTestTask.executeRecursively(NodeTestTask.java:138)
	at app//org.junit.platform.engine.support.hierarchical.NodeTestTask.execute(NodeTestTask.java:95)
	at app//org.junit.platform.engine.support.hierarchical.SameThreadHierarchicalTestExecutorService.submit(SameThreadHierarchicalTestExecutorService.java:35)
	at app//org.junit.platform.engine.support.hierarchical.NodeTestTask$DefaultDynamicTestExecutor.execute(NodeTestTask.java:226)
	at app//org.junit.platform.engine.support.hierarchical.NodeTestTask$DefaultDynamicTestExecutor.execute(NodeTestTask.java:204)
	at java.base@11.0.18/java.util.Optional.ifPresent(Optional.java:183)
	at app//org.junit.jupiter.engine.descriptor.TestFactoryTestDescriptor.lambda$invokeTestMethod$1(TestFactoryTestDescriptor.java:108)
	at app//org.junit.platform.engine.support.hierarchical.ThrowableCollector.execute(ThrowableCollector.java:73)
	at app//org.junit.jupiter.engine.descriptor.TestFactoryTestDescriptor.invokeTestMethod(TestFactoryTestDescriptor.java:95)
	at app//org.junit.jupiter.engine.descriptor.TestMethodTestDescriptor.execute(TestMethodTestDescriptor.java:138)
	at app//org.junit.jupiter.engine.descriptor.TestMethodTestDescriptor.execute(TestMethodTestDescriptor.java:68)
	at app//org.junit.platform.engine.support.hierarchical.NodeTestTask.lambda$executeRecursively$6(NodeTestTask.java:151)
	at app//org.junit.platform.engine.support.hierarchical.ThrowableCollector.execute(ThrowableCollector.java:73)
	at app//org.junit.platform.engine.support.hierarchical.NodeTestTask.lambda$executeRecursively$8(NodeTestTask.java:141)
	at app//org.junit.platform.engine.support.hierarchical.Node.around(Node.java:137)
	at app//org.junit.platform.engine.support.hierarchical.NodeTestTask.lambda$executeRecursively$9(NodeTestTask.java:139)
	at app//org.junit.platform.engine.support.hierarchical.ThrowableCollector.execute(ThrowableCollector.java:73)
	at app//org.junit.platform.engine.support.hierarchical.NodeTestTask.executeRecursively(NodeTestTask.java:138)
	at app//org.junit.platform.engine.support.hierarchical.NodeTestTask.execute(NodeTestTask.java:95)
	at java.base@11.0.18/java.util.ArrayList.forEach(ArrayList.java:1541)
	at app//org.junit.platform.engine.support.hierarchical.SameThreadHierarchicalTestExecutorService.invokeAll(SameThreadHierarchicalTestExecutorService.java:41)
	at app//org.junit.platform.engine.support.hierarchical.NodeTestTask.lambda$executeRecursively$6(NodeTestTask.java:155)
	at app//org.junit.platform.engine.support.hierarchical.ThrowableCollector.execute(ThrowableCollector.java:73)
	at app//org.junit.platform.engine.support.hierarchical.NodeTestTask.lambda$executeRecursively$8(NodeTestTask.java:141)
	at app//org.junit.platform.engine.support.hierarchical.Node.around(Node.java:137)
	at app//org.junit.platform.engine.support.hierarchical.NodeTestTask.lambda$executeRecursively$9(NodeTestTask.java:139)
	at app//org.junit.platform.engine.support.hierarchical.ThrowableCollector.execute(ThrowableCollector.java:73)
	at app//org.junit.platform.engine.support.hierarchical.NodeTestTask.executeRecursively(NodeTestTask.java:138)
	at app//org.junit.platform.engine.support.hierarchical.NodeTestTask.execute(NodeTestTask.java:95)
	at java.base@11.0.18/java.util.ArrayList.forEach(ArrayList.java:1541)
	at app//org.junit.platform.engine.support.hierarchical.SameThreadHierarchicalTestExecutorService.invokeAll(SameThreadHierarchicalTestExecutorService.java:41)
	at app//org.junit.platform.engine.support.hierarchical.NodeTestTask.lambda$executeRecursively$6(NodeTestTask.java:155)
	at app//org.junit.platform.engine.support.hierarchical.ThrowableCollector.execute(ThrowableCollector.java:73)
	at app//org.junit.platform.engine.support.hierarchical.NodeTestTask.lambda$executeRecursively$8(NodeTestTask.java:141)
	at app//org.junit.platform.engine.support.hierarchical.Node.around(Node.java:137)
	at app//org.junit.platform.engine.support.hierarchical.NodeTestTask.lambda$executeRecursively$9(NodeTestTask.java:139)
	at app//org.junit.platform.engine.support.hierarchical.ThrowableCollector.execute(ThrowableCollector.java:73)
	at app//org.junit.platform.engine.support.hierarchical.NodeTestTask.executeRecursively(NodeTestTask.java:138)
	at app//org.junit.platform.engine.support.hierarchical.NodeTestTask.execute(NodeTestTask.java:95)
	at app//org.junit.platform.engine.support.hierarchical.SameThreadHierarchicalTestExecutorService.submit(SameThreadHierarchicalTestExecutorService.java:35)
	at app//org.junit.platform.engine.support.hierarchical.HierarchicalTestExecutor.execute(HierarchicalTestExecutor.java:57)
	at app//org.junit.platform.engine.support.hierarchical.HierarchicalTestEngine.execute(HierarchicalTestEngine.java:54)
	at org.junit.platform.launcher.core.EngineExecutionOrchestrator.execute(EngineExecutionOrchestrator.java:107)
	at org.junit.platform.launcher.core.EngineExecutionOrchestrator.execute(EngineExecutionOrchestrator.java:88)
	at org.junit.platform.launcher.core.EngineExecutionOrchestrator.lambda$execute$0(EngineExecutionOrchestrator.java:54)
	at org.junit.platform.launcher.core.EngineExecutionOrchestrator.withInterceptedStreams(EngineExecutionOrchestrator.java:67)
	at org.junit.platform.launcher.core.EngineExecutionOrchestrator.execute(EngineExecutionOrchestrator.java:52)
	at org.junit.platform.launcher.core.DefaultLauncher.execute(DefaultLauncher.java:114)
	at org.junit.platform.launcher.core.DefaultLauncher.execute(DefaultLauncher.java:86)
	at org.junit.platform.launcher.core.DefaultLauncherSession$DelegatingLauncher.execute(DefaultLauncherSession.java:86)
	at org.junit.platform.launcher.core.SessionPerRequestLauncher.execute(SessionPerRequestLauncher.java:53)
	at org.gradle.api.internal.tasks.testing.junitplatform.JUnitPlatformTestClassProcessor$CollectAllTestClassesExecutor.processAllTestClasses(JUnitPlatformTestClassProcessor.java:99)
	at org.gradle.api.internal.tasks.testing.junitplatform.JUnitPlatformTestClassProcessor$CollectAllTestClassesExecutor.access$000(JUnitPlatformTestClassProcessor.java:79)
	at org.gradle.api.internal.tasks.testing.junitplatform.JUnitPlatformTestClassProcessor.stop(JUnitPlatformTestClassProcessor.java:75)
	at org.gradle.api.internal.tasks.testing.SuiteTestClassProcessor.stop(SuiteTestClassProcessor.java:62)
	at java.base@11.0.18/jdk.internal.reflect.NativeMethodAccessorImpl.invoke0(Native Method)
	at java.base@11.0.18/jdk.internal.reflect.NativeMethodAccessorImpl.invoke(NativeMethodAccessorImpl.java:62)
	at java.base@11.0.18/jdk.internal.reflect.DelegatingMethodAccessorImpl.invoke(DelegatingMethodAccessorImpl.java:43)
	at java.base@11.0.18/java.lang.reflect.Method.invoke(Method.java:566)
	at org.gradle.internal.dispatch.ReflectionDispatch.dispatch(ReflectionDispatch.java:36)
	at org.gradle.internal.dispatch.ReflectionDispatch.dispatch(ReflectionDispatch.java:24)
	at org.gradle.internal.dispatch.ContextClassLoaderDispatch.dispatch(ContextClassLoaderDispatch.java:33)
	at org.gradle.internal.dispatch.ProxyDispatchAdapter$DispatchingInvocationHandler.invoke(ProxyDispatchAdapter.java:94)
	at com.sun.proxy.$Proxy2.stop(Unknown Source)
	at org.gradle.api.internal.tasks.testing.worker.TestWorker$3.run(TestWorker.java:193)
	at org.gradle.api.internal.tasks.testing.worker.TestWorker.executeAndMaintainThreadName(TestWorker.java:129)
	at org.gradle.api.internal.tasks.testing.worker.TestWorker.execute(TestWorker.java:100)
	at org.gradle.api.internal.tasks.testing.worker.TestWorker.execute(TestWorker.java:60)
	at org.gradle.process.internal.worker.child.ActionExecutionWorker.execute(ActionExecutionWorker.java:56)
	at org.gradle.process.internal.worker.child.SystemApplicationClassLoaderWorker.call(SystemApplicationClassLoaderWorker.java:113)
	at org.gradle.process.internal.worker.child.SystemApplicationClassLoaderWorker.call(SystemApplicationClassLoaderWorker.java:65)
	at app//worker.org.gradle.process.internal.worker.GradleWorkerMain.run(GradleWorkerMain.java:69)
	at app//worker.org.gradle.process.internal.worker.GradleWorkerMain.main(GradleWorkerMain.java:74)
</failure>
  </testcase>
  <testcase name="UpdateAbstraction_ex7_4_secure.key" classname="de.uka.ilkd.key.proof.runallproofs.RunAllProofsFunctional" time="0.81">
    <failure message="org.opentest4j.AssertionFailedError: Executed process terminated with non-zero exit value. ==&gt; expected: &lt;0&gt; but was: &lt;1&gt;" type="org.opentest4j.AssertionFailedError">org.opentest4j.AssertionFailedError: Executed process terminated with non-zero exit value. ==&gt; expected: &lt;0&gt; but was: &lt;1&gt;
	at app//org.junit.jupiter.api.AssertionFailureBuilder.build(AssertionFailureBuilder.java:151)
	at app//org.junit.jupiter.api.AssertionFailureBuilder.buildAndThrow(AssertionFailureBuilder.java:132)
	at app//org.junit.jupiter.api.AssertEquals.failNotEqual(AssertEquals.java:197)
	at app//org.junit.jupiter.api.AssertEquals.assertEquals(AssertEquals.java:150)
	at app//org.junit.jupiter.api.Assertions.assertEquals(Assertions.java:560)
	at app//de.uka.ilkd.key.proof.runallproofs.proofcollection.ForkedTestFileRunner.processTestFiles(ForkedTestFileRunner.java:129)
	at app//de.uka.ilkd.key.proof.runallproofs.RunAllProofsTestUnit.runTest(RunAllProofsTestUnit.java:85)
	at app//de.uka.ilkd.key.proof.runallproofs.RunAllProofsTest.lambda$data$0(RunAllProofsTest.java:83)
	at app//org.junit.jupiter.engine.descriptor.DynamicTestTestDescriptor.lambda$execute$0(DynamicTestTestDescriptor.java:53)
	at app//org.junit.jupiter.engine.execution.InvocationInterceptorChain$ValidatingInvocation.proceed(InvocationInterceptorChain.java:131)
	at app//org.junit.jupiter.api.extension.InvocationInterceptor.interceptDynamicTest(InvocationInterceptor.java:167)
	at app//org.junit.jupiter.api.extension.InvocationInterceptor.interceptDynamicTest(InvocationInterceptor.java:184)
	at app//org.junit.jupiter.engine.descriptor.DynamicTestTestDescriptor.lambda$execute$1(DynamicTestTestDescriptor.java:61)
	at app//org.junit.jupiter.engine.execution.InvocationInterceptorChain$InterceptorCall.lambda$ofVoid$0(InvocationInterceptorChain.java:78)
	at app//org.junit.jupiter.engine.execution.InvocationInterceptorChain$InterceptedInvocation.proceed(InvocationInterceptorChain.java:106)
	at app//org.junit.jupiter.engine.execution.InvocationInterceptorChain.proceed(InvocationInterceptorChain.java:64)
	at app//org.junit.jupiter.engine.execution.InvocationInterceptorChain.chainAndInvoke(InvocationInterceptorChain.java:45)
	at app//org.junit.jupiter.engine.execution.InvocationInterceptorChain.invoke(InvocationInterceptorChain.java:37)
	at app//org.junit.jupiter.engine.descriptor.DynamicTestTestDescriptor.execute(DynamicTestTestDescriptor.java:60)
	at app//org.junit.jupiter.engine.descriptor.DynamicTestTestDescriptor.execute(DynamicTestTestDescriptor.java:32)
	at app//org.junit.platform.engine.support.hierarchical.NodeTestTask.lambda$executeRecursively$6(NodeTestTask.java:151)
	at app//org.junit.platform.engine.support.hierarchical.ThrowableCollector.execute(ThrowableCollector.java:73)
	at app//org.junit.platform.engine.support.hierarchical.NodeTestTask.lambda$executeRecursively$8(NodeTestTask.java:141)
	at app//org.junit.platform.engine.support.hierarchical.Node.around(Node.java:137)
	at app//org.junit.platform.engine.support.hierarchical.NodeTestTask.lambda$executeRecursively$9(NodeTestTask.java:139)
	at app//org.junit.platform.engine.support.hierarchical.ThrowableCollector.execute(ThrowableCollector.java:73)
	at app//org.junit.platform.engine.support.hierarchical.NodeTestTask.executeRecursively(NodeTestTask.java:138)
	at app//org.junit.platform.engine.support.hierarchical.NodeTestTask.execute(NodeTestTask.java:95)
	at app//org.junit.platform.engine.support.hierarchical.SameThreadHierarchicalTestExecutorService.submit(SameThreadHierarchicalTestExecutorService.java:35)
	at app//org.junit.platform.engine.support.hierarchical.NodeTestTask$DefaultDynamicTestExecutor.execute(NodeTestTask.java:226)
	at app//org.junit.platform.engine.support.hierarchical.NodeTestTask$DefaultDynamicTestExecutor.execute(NodeTestTask.java:204)
	at java.base@11.0.18/java.util.Optional.ifPresent(Optional.java:183)
	at app//org.junit.jupiter.engine.descriptor.TestFactoryTestDescriptor.lambda$invokeTestMethod$1(TestFactoryTestDescriptor.java:108)
	at app//org.junit.platform.engine.support.hierarchical.ThrowableCollector.execute(ThrowableCollector.java:73)
	at app//org.junit.jupiter.engine.descriptor.TestFactoryTestDescriptor.invokeTestMethod(TestFactoryTestDescriptor.java:95)
	at app//org.junit.jupiter.engine.descriptor.TestMethodTestDescriptor.execute(TestMethodTestDescriptor.java:138)
	at app//org.junit.jupiter.engine.descriptor.TestMethodTestDescriptor.execute(TestMethodTestDescriptor.java:68)
	at app//org.junit.platform.engine.support.hierarchical.NodeTestTask.lambda$executeRecursively$6(NodeTestTask.java:151)
	at app//org.junit.platform.engine.support.hierarchical.ThrowableCollector.execute(ThrowableCollector.java:73)
	at app//org.junit.platform.engine.support.hierarchical.NodeTestTask.lambda$executeRecursively$8(NodeTestTask.java:141)
	at app//org.junit.platform.engine.support.hierarchical.Node.around(Node.java:137)
	at app//org.junit.platform.engine.support.hierarchical.NodeTestTask.lambda$executeRecursively$9(NodeTestTask.java:139)
	at app//org.junit.platform.engine.support.hierarchical.ThrowableCollector.execute(ThrowableCollector.java:73)
	at app//org.junit.platform.engine.support.hierarchical.NodeTestTask.executeRecursively(NodeTestTask.java:138)
	at app//org.junit.platform.engine.support.hierarchical.NodeTestTask.execute(NodeTestTask.java:95)
	at java.base@11.0.18/java.util.ArrayList.forEach(ArrayList.java:1541)
	at app//org.junit.platform.engine.support.hierarchical.SameThreadHierarchicalTestExecutorService.invokeAll(SameThreadHierarchicalTestExecutorService.java:41)
	at app//org.junit.platform.engine.support.hierarchical.NodeTestTask.lambda$executeRecursively$6(NodeTestTask.java:155)
	at app//org.junit.platform.engine.support.hierarchical.ThrowableCollector.execute(ThrowableCollector.java:73)
	at app//org.junit.platform.engine.support.hierarchical.NodeTestTask.lambda$executeRecursively$8(NodeTestTask.java:141)
	at app//org.junit.platform.engine.support.hierarchical.Node.around(Node.java:137)
	at app//org.junit.platform.engine.support.hierarchical.NodeTestTask.lambda$executeRecursively$9(NodeTestTask.java:139)
	at app//org.junit.platform.engine.support.hierarchical.ThrowableCollector.execute(ThrowableCollector.java:73)
	at app//org.junit.platform.engine.support.hierarchical.NodeTestTask.executeRecursively(NodeTestTask.java:138)
	at app//org.junit.platform.engine.support.hierarchical.NodeTestTask.execute(NodeTestTask.java:95)
	at java.base@11.0.18/java.util.ArrayList.forEach(ArrayList.java:1541)
	at app//org.junit.platform.engine.support.hierarchical.SameThreadHierarchicalTestExecutorService.invokeAll(SameThreadHierarchicalTestExecutorService.java:41)
	at app//org.junit.platform.engine.support.hierarchical.NodeTestTask.lambda$executeRecursively$6(NodeTestTask.java:155)
	at app//org.junit.platform.engine.support.hierarchical.ThrowableCollector.execute(ThrowableCollector.java:73)
	at app//org.junit.platform.engine.support.hierarchical.NodeTestTask.lambda$executeRecursively$8(NodeTestTask.java:141)
	at app//org.junit.platform.engine.support.hierarchical.Node.around(Node.java:137)
	at app//org.junit.platform.engine.support.hierarchical.NodeTestTask.lambda$executeRecursively$9(NodeTestTask.java:139)
	at app//org.junit.platform.engine.support.hierarchical.ThrowableCollector.execute(ThrowableCollector.java:73)
	at app//org.junit.platform.engine.support.hierarchical.NodeTestTask.executeRecursively(NodeTestTask.java:138)
	at app//org.junit.platform.engine.support.hierarchical.NodeTestTask.execute(NodeTestTask.java:95)
	at app//org.junit.platform.engine.support.hierarchical.SameThreadHierarchicalTestExecutorService.submit(SameThreadHierarchicalTestExecutorService.java:35)
	at app//org.junit.platform.engine.support.hierarchical.HierarchicalTestExecutor.execute(HierarchicalTestExecutor.java:57)
	at app//org.junit.platform.engine.support.hierarchical.HierarchicalTestEngine.execute(HierarchicalTestEngine.java:54)
	at org.junit.platform.launcher.core.EngineExecutionOrchestrator.execute(EngineExecutionOrchestrator.java:107)
	at org.junit.platform.launcher.core.EngineExecutionOrchestrator.execute(EngineExecutionOrchestrator.java:88)
	at org.junit.platform.launcher.core.EngineExecutionOrchestrator.lambda$execute$0(EngineExecutionOrchestrator.java:54)
	at org.junit.platform.launcher.core.EngineExecutionOrchestrator.withInterceptedStreams(EngineExecutionOrchestrator.java:67)
	at org.junit.platform.launcher.core.EngineExecutionOrchestrator.execute(EngineExecutionOrchestrator.java:52)
	at org.junit.platform.launcher.core.DefaultLauncher.execute(DefaultLauncher.java:114)
	at org.junit.platform.launcher.core.DefaultLauncher.execute(DefaultLauncher.java:86)
	at org.junit.platform.launcher.core.DefaultLauncherSession$DelegatingLauncher.execute(DefaultLauncherSession.java:86)
	at org.junit.platform.launcher.core.SessionPerRequestLauncher.execute(SessionPerRequestLauncher.java:53)
	at org.gradle.api.internal.tasks.testing.junitplatform.JUnitPlatformTestClassProcessor$CollectAllTestClassesExecutor.processAllTestClasses(JUnitPlatformTestClassProcessor.java:99)
	at org.gradle.api.internal.tasks.testing.junitplatform.JUnitPlatformTestClassProcessor$CollectAllTestClassesExecutor.access$000(JUnitPlatformTestClassProcessor.java:79)
	at org.gradle.api.internal.tasks.testing.junitplatform.JUnitPlatformTestClassProcessor.stop(JUnitPlatformTestClassProcessor.java:75)
	at org.gradle.api.internal.tasks.testing.SuiteTestClassProcessor.stop(SuiteTestClassProcessor.java:62)
	at java.base@11.0.18/jdk.internal.reflect.NativeMethodAccessorImpl.invoke0(Native Method)
	at java.base@11.0.18/jdk.internal.reflect.NativeMethodAccessorImpl.invoke(NativeMethodAccessorImpl.java:62)
	at java.base@11.0.18/jdk.internal.reflect.DelegatingMethodAccessorImpl.invoke(DelegatingMethodAccessorImpl.java:43)
	at java.base@11.0.18/java.lang.reflect.Method.invoke(Method.java:566)
	at org.gradle.internal.dispatch.ReflectionDispatch.dispatch(ReflectionDispatch.java:36)
	at org.gradle.internal.dispatch.ReflectionDispatch.dispatch(ReflectionDispatch.java:24)
	at org.gradle.internal.dispatch.ContextClassLoaderDispatch.dispatch(ContextClassLoaderDispatch.java:33)
	at org.gradle.internal.dispatch.ProxyDispatchAdapter$DispatchingInvocationHandler.invoke(ProxyDispatchAdapter.java:94)
	at com.sun.proxy.$Proxy2.stop(Unknown Source)
	at org.gradle.api.internal.tasks.testing.worker.TestWorker$3.run(TestWorker.java:193)
	at org.gradle.api.internal.tasks.testing.worker.TestWorker.executeAndMaintainThreadName(TestWorker.java:129)
	at org.gradle.api.internal.tasks.testing.worker.TestWorker.execute(TestWorker.java:100)
	at org.gradle.api.internal.tasks.testing.worker.TestWorker.execute(TestWorker.java:60)
	at org.gradle.process.internal.worker.child.ActionExecutionWorker.execute(ActionExecutionWorker.java:56)
	at org.gradle.process.internal.worker.child.SystemApplicationClassLoaderWorker.call(SystemApplicationClassLoaderWorker.java:113)
	at org.gradle.process.internal.worker.child.SystemApplicationClassLoaderWorker.call(SystemApplicationClassLoaderWorker.java:65)
	at app//worker.org.gradle.process.internal.worker.GradleWorkerMain.run(GradleWorkerMain.java:69)
	at app//worker.org.gradle.process.internal.worker.GradleWorkerMain.main(GradleWorkerMain.java:74)
</failure>
  </testcase>
  <testcase name="UpdateAbstraction_ex7_5_secure.key" classname="de.uka.ilkd.key.proof.runallproofs.RunAllProofsFunctional" time="0.772">
    <failure message="org.opentest4j.AssertionFailedError: Executed process terminated with non-zero exit value. ==&gt; expected: &lt;0&gt; but was: &lt;1&gt;" type="org.opentest4j.AssertionFailedError">org.opentest4j.AssertionFailedError: Executed process terminated with non-zero exit value. ==&gt; expected: &lt;0&gt; but was: &lt;1&gt;
	at app//org.junit.jupiter.api.AssertionFailureBuilder.build(AssertionFailureBuilder.java:151)
	at app//org.junit.jupiter.api.AssertionFailureBuilder.buildAndThrow(AssertionFailureBuilder.java:132)
	at app//org.junit.jupiter.api.AssertEquals.failNotEqual(AssertEquals.java:197)
	at app//org.junit.jupiter.api.AssertEquals.assertEquals(AssertEquals.java:150)
	at app//org.junit.jupiter.api.Assertions.assertEquals(Assertions.java:560)
	at app//de.uka.ilkd.key.proof.runallproofs.proofcollection.ForkedTestFileRunner.processTestFiles(ForkedTestFileRunner.java:129)
	at app//de.uka.ilkd.key.proof.runallproofs.RunAllProofsTestUnit.runTest(RunAllProofsTestUnit.java:85)
	at app//de.uka.ilkd.key.proof.runallproofs.RunAllProofsTest.lambda$data$0(RunAllProofsTest.java:83)
	at app//org.junit.jupiter.engine.descriptor.DynamicTestTestDescriptor.lambda$execute$0(DynamicTestTestDescriptor.java:53)
	at app//org.junit.jupiter.engine.execution.InvocationInterceptorChain$ValidatingInvocation.proceed(InvocationInterceptorChain.java:131)
	at app//org.junit.jupiter.api.extension.InvocationInterceptor.interceptDynamicTest(InvocationInterceptor.java:167)
	at app//org.junit.jupiter.api.extension.InvocationInterceptor.interceptDynamicTest(InvocationInterceptor.java:184)
	at app//org.junit.jupiter.engine.descriptor.DynamicTestTestDescriptor.lambda$execute$1(DynamicTestTestDescriptor.java:61)
	at app//org.junit.jupiter.engine.execution.InvocationInterceptorChain$InterceptorCall.lambda$ofVoid$0(InvocationInterceptorChain.java:78)
	at app//org.junit.jupiter.engine.execution.InvocationInterceptorChain$InterceptedInvocation.proceed(InvocationInterceptorChain.java:106)
	at app//org.junit.jupiter.engine.execution.InvocationInterceptorChain.proceed(InvocationInterceptorChain.java:64)
	at app//org.junit.jupiter.engine.execution.InvocationInterceptorChain.chainAndInvoke(InvocationInterceptorChain.java:45)
	at app//org.junit.jupiter.engine.execution.InvocationInterceptorChain.invoke(InvocationInterceptorChain.java:37)
	at app//org.junit.jupiter.engine.descriptor.DynamicTestTestDescriptor.execute(DynamicTestTestDescriptor.java:60)
	at app//org.junit.jupiter.engine.descriptor.DynamicTestTestDescriptor.execute(DynamicTestTestDescriptor.java:32)
	at app//org.junit.platform.engine.support.hierarchical.NodeTestTask.lambda$executeRecursively$6(NodeTestTask.java:151)
	at app//org.junit.platform.engine.support.hierarchical.ThrowableCollector.execute(ThrowableCollector.java:73)
	at app//org.junit.platform.engine.support.hierarchical.NodeTestTask.lambda$executeRecursively$8(NodeTestTask.java:141)
	at app//org.junit.platform.engine.support.hierarchical.Node.around(Node.java:137)
	at app//org.junit.platform.engine.support.hierarchical.NodeTestTask.lambda$executeRecursively$9(NodeTestTask.java:139)
	at app//org.junit.platform.engine.support.hierarchical.ThrowableCollector.execute(ThrowableCollector.java:73)
	at app//org.junit.platform.engine.support.hierarchical.NodeTestTask.executeRecursively(NodeTestTask.java:138)
	at app//org.junit.platform.engine.support.hierarchical.NodeTestTask.execute(NodeTestTask.java:95)
	at app//org.junit.platform.engine.support.hierarchical.SameThreadHierarchicalTestExecutorService.submit(SameThreadHierarchicalTestExecutorService.java:35)
	at app//org.junit.platform.engine.support.hierarchical.NodeTestTask$DefaultDynamicTestExecutor.execute(NodeTestTask.java:226)
	at app//org.junit.platform.engine.support.hierarchical.NodeTestTask$DefaultDynamicTestExecutor.execute(NodeTestTask.java:204)
	at java.base@11.0.18/java.util.Optional.ifPresent(Optional.java:183)
	at app//org.junit.jupiter.engine.descriptor.TestFactoryTestDescriptor.lambda$invokeTestMethod$1(TestFactoryTestDescriptor.java:108)
	at app//org.junit.platform.engine.support.hierarchical.ThrowableCollector.execute(ThrowableCollector.java:73)
	at app//org.junit.jupiter.engine.descriptor.TestFactoryTestDescriptor.invokeTestMethod(TestFactoryTestDescriptor.java:95)
	at app//org.junit.jupiter.engine.descriptor.TestMethodTestDescriptor.execute(TestMethodTestDescriptor.java:138)
	at app//org.junit.jupiter.engine.descriptor.TestMethodTestDescriptor.execute(TestMethodTestDescriptor.java:68)
	at app//org.junit.platform.engine.support.hierarchical.NodeTestTask.lambda$executeRecursively$6(NodeTestTask.java:151)
	at app//org.junit.platform.engine.support.hierarchical.ThrowableCollector.execute(ThrowableCollector.java:73)
	at app//org.junit.platform.engine.support.hierarchical.NodeTestTask.lambda$executeRecursively$8(NodeTestTask.java:141)
	at app//org.junit.platform.engine.support.hierarchical.Node.around(Node.java:137)
	at app//org.junit.platform.engine.support.hierarchical.NodeTestTask.lambda$executeRecursively$9(NodeTestTask.java:139)
	at app//org.junit.platform.engine.support.hierarchical.ThrowableCollector.execute(ThrowableCollector.java:73)
	at app//org.junit.platform.engine.support.hierarchical.NodeTestTask.executeRecursively(NodeTestTask.java:138)
	at app//org.junit.platform.engine.support.hierarchical.NodeTestTask.execute(NodeTestTask.java:95)
	at java.base@11.0.18/java.util.ArrayList.forEach(ArrayList.java:1541)
	at app//org.junit.platform.engine.support.hierarchical.SameThreadHierarchicalTestExecutorService.invokeAll(SameThreadHierarchicalTestExecutorService.java:41)
	at app//org.junit.platform.engine.support.hierarchical.NodeTestTask.lambda$executeRecursively$6(NodeTestTask.java:155)
	at app//org.junit.platform.engine.support.hierarchical.ThrowableCollector.execute(ThrowableCollector.java:73)
	at app//org.junit.platform.engine.support.hierarchical.NodeTestTask.lambda$executeRecursively$8(NodeTestTask.java:141)
	at app//org.junit.platform.engine.support.hierarchical.Node.around(Node.java:137)
	at app//org.junit.platform.engine.support.hierarchical.NodeTestTask.lambda$executeRecursively$9(NodeTestTask.java:139)
	at app//org.junit.platform.engine.support.hierarchical.ThrowableCollector.execute(ThrowableCollector.java:73)
	at app//org.junit.platform.engine.support.hierarchical.NodeTestTask.executeRecursively(NodeTestTask.java:138)
	at app//org.junit.platform.engine.support.hierarchical.NodeTestTask.execute(NodeTestTask.java:95)
	at java.base@11.0.18/java.util.ArrayList.forEach(ArrayList.java:1541)
	at app//org.junit.platform.engine.support.hierarchical.SameThreadHierarchicalTestExecutorService.invokeAll(SameThreadHierarchicalTestExecutorService.java:41)
	at app//org.junit.platform.engine.support.hierarchical.NodeTestTask.lambda$executeRecursively$6(NodeTestTask.java:155)
	at app//org.junit.platform.engine.support.hierarchical.ThrowableCollector.execute(ThrowableCollector.java:73)
	at app//org.junit.platform.engine.support.hierarchical.NodeTestTask.lambda$executeRecursively$8(NodeTestTask.java:141)
	at app//org.junit.platform.engine.support.hierarchical.Node.around(Node.java:137)
	at app//org.junit.platform.engine.support.hierarchical.NodeTestTask.lambda$executeRecursively$9(NodeTestTask.java:139)
	at app//org.junit.platform.engine.support.hierarchical.ThrowableCollector.execute(ThrowableCollector.java:73)
	at app//org.junit.platform.engine.support.hierarchical.NodeTestTask.executeRecursively(NodeTestTask.java:138)
	at app//org.junit.platform.engine.support.hierarchical.NodeTestTask.execute(NodeTestTask.java:95)
	at app//org.junit.platform.engine.support.hierarchical.SameThreadHierarchicalTestExecutorService.submit(SameThreadHierarchicalTestExecutorService.java:35)
	at app//org.junit.platform.engine.support.hierarchical.HierarchicalTestExecutor.execute(HierarchicalTestExecutor.java:57)
	at app//org.junit.platform.engine.support.hierarchical.HierarchicalTestEngine.execute(HierarchicalTestEngine.java:54)
	at org.junit.platform.launcher.core.EngineExecutionOrchestrator.execute(EngineExecutionOrchestrator.java:107)
	at org.junit.platform.launcher.core.EngineExecutionOrchestrator.execute(EngineExecutionOrchestrator.java:88)
	at org.junit.platform.launcher.core.EngineExecutionOrchestrator.lambda$execute$0(EngineExecutionOrchestrator.java:54)
	at org.junit.platform.launcher.core.EngineExecutionOrchestrator.withInterceptedStreams(EngineExecutionOrchestrator.java:67)
	at org.junit.platform.launcher.core.EngineExecutionOrchestrator.execute(EngineExecutionOrchestrator.java:52)
	at org.junit.platform.launcher.core.DefaultLauncher.execute(DefaultLauncher.java:114)
	at org.junit.platform.launcher.core.DefaultLauncher.execute(DefaultLauncher.java:86)
	at org.junit.platform.launcher.core.DefaultLauncherSession$DelegatingLauncher.execute(DefaultLauncherSession.java:86)
	at org.junit.platform.launcher.core.SessionPerRequestLauncher.execute(SessionPerRequestLauncher.java:53)
	at org.gradle.api.internal.tasks.testing.junitplatform.JUnitPlatformTestClassProcessor$CollectAllTestClassesExecutor.processAllTestClasses(JUnitPlatformTestClassProcessor.java:99)
	at org.gradle.api.internal.tasks.testing.junitplatform.JUnitPlatformTestClassProcessor$CollectAllTestClassesExecutor.access$000(JUnitPlatformTestClassProcessor.java:79)
	at org.gradle.api.internal.tasks.testing.junitplatform.JUnitPlatformTestClassProcessor.stop(JUnitPlatformTestClassProcessor.java:75)
	at org.gradle.api.internal.tasks.testing.SuiteTestClassProcessor.stop(SuiteTestClassProcessor.java:62)
	at java.base@11.0.18/jdk.internal.reflect.NativeMethodAccessorImpl.invoke0(Native Method)
	at java.base@11.0.18/jdk.internal.reflect.NativeMethodAccessorImpl.invoke(NativeMethodAccessorImpl.java:62)
	at java.base@11.0.18/jdk.internal.reflect.DelegatingMethodAccessorImpl.invoke(DelegatingMethodAccessorImpl.java:43)
	at java.base@11.0.18/java.lang.reflect.Method.invoke(Method.java:566)
	at org.gradle.internal.dispatch.ReflectionDispatch.dispatch(ReflectionDispatch.java:36)
	at org.gradle.internal.dispatch.ReflectionDispatch.dispatch(ReflectionDispatch.java:24)
	at org.gradle.internal.dispatch.ContextClassLoaderDispatch.dispatch(ContextClassLoaderDispatch.java:33)
	at org.gradle.internal.dispatch.ProxyDispatchAdapter$DispatchingInvocationHandler.invoke(ProxyDispatchAdapter.java:94)
	at com.sun.proxy.$Proxy2.stop(Unknown Source)
	at org.gradle.api.internal.tasks.testing.worker.TestWorker$3.run(TestWorker.java:193)
	at org.gradle.api.internal.tasks.testing.worker.TestWorker.executeAndMaintainThreadName(TestWorker.java:129)
	at org.gradle.api.internal.tasks.testing.worker.TestWorker.execute(TestWorker.java:100)
	at org.gradle.api.internal.tasks.testing.worker.TestWorker.execute(TestWorker.java:60)
	at org.gradle.process.internal.worker.child.ActionExecutionWorker.execute(ActionExecutionWorker.java:56)
	at org.gradle.process.internal.worker.child.SystemApplicationClassLoaderWorker.call(SystemApplicationClassLoaderWorker.java:113)
	at org.gradle.process.internal.worker.child.SystemApplicationClassLoaderWorker.call(SystemApplicationClassLoaderWorker.java:65)
	at app//worker.org.gradle.process.internal.worker.GradleWorkerMain.run(GradleWorkerMain.java:69)
	at app//worker.org.gradle.process.internal.worker.GradleWorkerMain.main(GradleWorkerMain.java:74)
</failure>
  </testcase>
  <testcase name="UpdateAbstraction_ex7_6_secure.key" classname="de.uka.ilkd.key.proof.runallproofs.RunAllProofsFunctional" time="0.785">
    <failure message="org.opentest4j.AssertionFailedError: Executed process terminated with non-zero exit value. ==&gt; expected: &lt;0&gt; but was: &lt;1&gt;" type="org.opentest4j.AssertionFailedError">org.opentest4j.AssertionFailedError: Executed process terminated with non-zero exit value. ==&gt; expected: &lt;0&gt; but was: &lt;1&gt;
	at app//org.junit.jupiter.api.AssertionFailureBuilder.build(AssertionFailureBuilder.java:151)
	at app//org.junit.jupiter.api.AssertionFailureBuilder.buildAndThrow(AssertionFailureBuilder.java:132)
	at app//org.junit.jupiter.api.AssertEquals.failNotEqual(AssertEquals.java:197)
	at app//org.junit.jupiter.api.AssertEquals.assertEquals(AssertEquals.java:150)
	at app//org.junit.jupiter.api.Assertions.assertEquals(Assertions.java:560)
	at app//de.uka.ilkd.key.proof.runallproofs.proofcollection.ForkedTestFileRunner.processTestFiles(ForkedTestFileRunner.java:129)
	at app//de.uka.ilkd.key.proof.runallproofs.RunAllProofsTestUnit.runTest(RunAllProofsTestUnit.java:85)
	at app//de.uka.ilkd.key.proof.runallproofs.RunAllProofsTest.lambda$data$0(RunAllProofsTest.java:83)
	at app//org.junit.jupiter.engine.descriptor.DynamicTestTestDescriptor.lambda$execute$0(DynamicTestTestDescriptor.java:53)
	at app//org.junit.jupiter.engine.execution.InvocationInterceptorChain$ValidatingInvocation.proceed(InvocationInterceptorChain.java:131)
	at app//org.junit.jupiter.api.extension.InvocationInterceptor.interceptDynamicTest(InvocationInterceptor.java:167)
	at app//org.junit.jupiter.api.extension.InvocationInterceptor.interceptDynamicTest(InvocationInterceptor.java:184)
	at app//org.junit.jupiter.engine.descriptor.DynamicTestTestDescriptor.lambda$execute$1(DynamicTestTestDescriptor.java:61)
	at app//org.junit.jupiter.engine.execution.InvocationInterceptorChain$InterceptorCall.lambda$ofVoid$0(InvocationInterceptorChain.java:78)
	at app//org.junit.jupiter.engine.execution.InvocationInterceptorChain$InterceptedInvocation.proceed(InvocationInterceptorChain.java:106)
	at app//org.junit.jupiter.engine.execution.InvocationInterceptorChain.proceed(InvocationInterceptorChain.java:64)
	at app//org.junit.jupiter.engine.execution.InvocationInterceptorChain.chainAndInvoke(InvocationInterceptorChain.java:45)
	at app//org.junit.jupiter.engine.execution.InvocationInterceptorChain.invoke(InvocationInterceptorChain.java:37)
	at app//org.junit.jupiter.engine.descriptor.DynamicTestTestDescriptor.execute(DynamicTestTestDescriptor.java:60)
	at app//org.junit.jupiter.engine.descriptor.DynamicTestTestDescriptor.execute(DynamicTestTestDescriptor.java:32)
	at app//org.junit.platform.engine.support.hierarchical.NodeTestTask.lambda$executeRecursively$6(NodeTestTask.java:151)
	at app//org.junit.platform.engine.support.hierarchical.ThrowableCollector.execute(ThrowableCollector.java:73)
	at app//org.junit.platform.engine.support.hierarchical.NodeTestTask.lambda$executeRecursively$8(NodeTestTask.java:141)
	at app//org.junit.platform.engine.support.hierarchical.Node.around(Node.java:137)
	at app//org.junit.platform.engine.support.hierarchical.NodeTestTask.lambda$executeRecursively$9(NodeTestTask.java:139)
	at app//org.junit.platform.engine.support.hierarchical.ThrowableCollector.execute(ThrowableCollector.java:73)
	at app//org.junit.platform.engine.support.hierarchical.NodeTestTask.executeRecursively(NodeTestTask.java:138)
	at app//org.junit.platform.engine.support.hierarchical.NodeTestTask.execute(NodeTestTask.java:95)
	at app//org.junit.platform.engine.support.hierarchical.SameThreadHierarchicalTestExecutorService.submit(SameThreadHierarchicalTestExecutorService.java:35)
	at app//org.junit.platform.engine.support.hierarchical.NodeTestTask$DefaultDynamicTestExecutor.execute(NodeTestTask.java:226)
	at app//org.junit.platform.engine.support.hierarchical.NodeTestTask$DefaultDynamicTestExecutor.execute(NodeTestTask.java:204)
	at java.base@11.0.18/java.util.Optional.ifPresent(Optional.java:183)
	at app//org.junit.jupiter.engine.descriptor.TestFactoryTestDescriptor.lambda$invokeTestMethod$1(TestFactoryTestDescriptor.java:108)
	at app//org.junit.platform.engine.support.hierarchical.ThrowableCollector.execute(ThrowableCollector.java:73)
	at app//org.junit.jupiter.engine.descriptor.TestFactoryTestDescriptor.invokeTestMethod(TestFactoryTestDescriptor.java:95)
	at app//org.junit.jupiter.engine.descriptor.TestMethodTestDescriptor.execute(TestMethodTestDescriptor.java:138)
	at app//org.junit.jupiter.engine.descriptor.TestMethodTestDescriptor.execute(TestMethodTestDescriptor.java:68)
	at app//org.junit.platform.engine.support.hierarchical.NodeTestTask.lambda$executeRecursively$6(NodeTestTask.java:151)
	at app//org.junit.platform.engine.support.hierarchical.ThrowableCollector.execute(ThrowableCollector.java:73)
	at app//org.junit.platform.engine.support.hierarchical.NodeTestTask.lambda$executeRecursively$8(NodeTestTask.java:141)
	at app//org.junit.platform.engine.support.hierarchical.Node.around(Node.java:137)
	at app//org.junit.platform.engine.support.hierarchical.NodeTestTask.lambda$executeRecursively$9(NodeTestTask.java:139)
	at app//org.junit.platform.engine.support.hierarchical.ThrowableCollector.execute(ThrowableCollector.java:73)
	at app//org.junit.platform.engine.support.hierarchical.NodeTestTask.executeRecursively(NodeTestTask.java:138)
	at app//org.junit.platform.engine.support.hierarchical.NodeTestTask.execute(NodeTestTask.java:95)
	at java.base@11.0.18/java.util.ArrayList.forEach(ArrayList.java:1541)
	at app//org.junit.platform.engine.support.hierarchical.SameThreadHierarchicalTestExecutorService.invokeAll(SameThreadHierarchicalTestExecutorService.java:41)
	at app//org.junit.platform.engine.support.hierarchical.NodeTestTask.lambda$executeRecursively$6(NodeTestTask.java:155)
	at app//org.junit.platform.engine.support.hierarchical.ThrowableCollector.execute(ThrowableCollector.java:73)
	at app//org.junit.platform.engine.support.hierarchical.NodeTestTask.lambda$executeRecursively$8(NodeTestTask.java:141)
	at app//org.junit.platform.engine.support.hierarchical.Node.around(Node.java:137)
	at app//org.junit.platform.engine.support.hierarchical.NodeTestTask.lambda$executeRecursively$9(NodeTestTask.java:139)
	at app//org.junit.platform.engine.support.hierarchical.ThrowableCollector.execute(ThrowableCollector.java:73)
	at app//org.junit.platform.engine.support.hierarchical.NodeTestTask.executeRecursively(NodeTestTask.java:138)
	at app//org.junit.platform.engine.support.hierarchical.NodeTestTask.execute(NodeTestTask.java:95)
	at java.base@11.0.18/java.util.ArrayList.forEach(ArrayList.java:1541)
	at app//org.junit.platform.engine.support.hierarchical.SameThreadHierarchicalTestExecutorService.invokeAll(SameThreadHierarchicalTestExecutorService.java:41)
	at app//org.junit.platform.engine.support.hierarchical.NodeTestTask.lambda$executeRecursively$6(NodeTestTask.java:155)
	at app//org.junit.platform.engine.support.hierarchical.ThrowableCollector.execute(ThrowableCollector.java:73)
	at app//org.junit.platform.engine.support.hierarchical.NodeTestTask.lambda$executeRecursively$8(NodeTestTask.java:141)
	at app//org.junit.platform.engine.support.hierarchical.Node.around(Node.java:137)
	at app//org.junit.platform.engine.support.hierarchical.NodeTestTask.lambda$executeRecursively$9(NodeTestTask.java:139)
	at app//org.junit.platform.engine.support.hierarchical.ThrowableCollector.execute(ThrowableCollector.java:73)
	at app//org.junit.platform.engine.support.hierarchical.NodeTestTask.executeRecursively(NodeTestTask.java:138)
	at app//org.junit.platform.engine.support.hierarchical.NodeTestTask.execute(NodeTestTask.java:95)
	at app//org.junit.platform.engine.support.hierarchical.SameThreadHierarchicalTestExecutorService.submit(SameThreadHierarchicalTestExecutorService.java:35)
	at app//org.junit.platform.engine.support.hierarchical.HierarchicalTestExecutor.execute(HierarchicalTestExecutor.java:57)
	at app//org.junit.platform.engine.support.hierarchical.HierarchicalTestEngine.execute(HierarchicalTestEngine.java:54)
	at org.junit.platform.launcher.core.EngineExecutionOrchestrator.execute(EngineExecutionOrchestrator.java:107)
	at org.junit.platform.launcher.core.EngineExecutionOrchestrator.execute(EngineExecutionOrchestrator.java:88)
	at org.junit.platform.launcher.core.EngineExecutionOrchestrator.lambda$execute$0(EngineExecutionOrchestrator.java:54)
	at org.junit.platform.launcher.core.EngineExecutionOrchestrator.withInterceptedStreams(EngineExecutionOrchestrator.java:67)
	at org.junit.platform.launcher.core.EngineExecutionOrchestrator.execute(EngineExecutionOrchestrator.java:52)
	at org.junit.platform.launcher.core.DefaultLauncher.execute(DefaultLauncher.java:114)
	at org.junit.platform.launcher.core.DefaultLauncher.execute(DefaultLauncher.java:86)
	at org.junit.platform.launcher.core.DefaultLauncherSession$DelegatingLauncher.execute(DefaultLauncherSession.java:86)
	at org.junit.platform.launcher.core.SessionPerRequestLauncher.execute(SessionPerRequestLauncher.java:53)
	at org.gradle.api.internal.tasks.testing.junitplatform.JUnitPlatformTestClassProcessor$CollectAllTestClassesExecutor.processAllTestClasses(JUnitPlatformTestClassProcessor.java:99)
	at org.gradle.api.internal.tasks.testing.junitplatform.JUnitPlatformTestClassProcessor$CollectAllTestClassesExecutor.access$000(JUnitPlatformTestClassProcessor.java:79)
	at org.gradle.api.internal.tasks.testing.junitplatform.JUnitPlatformTestClassProcessor.stop(JUnitPlatformTestClassProcessor.java:75)
	at org.gradle.api.internal.tasks.testing.SuiteTestClassProcessor.stop(SuiteTestClassProcessor.java:62)
	at java.base@11.0.18/jdk.internal.reflect.NativeMethodAccessorImpl.invoke0(Native Method)
	at java.base@11.0.18/jdk.internal.reflect.NativeMethodAccessorImpl.invoke(NativeMethodAccessorImpl.java:62)
	at java.base@11.0.18/jdk.internal.reflect.DelegatingMethodAccessorImpl.invoke(DelegatingMethodAccessorImpl.java:43)
	at java.base@11.0.18/java.lang.reflect.Method.invoke(Method.java:566)
	at org.gradle.internal.dispatch.ReflectionDispatch.dispatch(ReflectionDispatch.java:36)
	at org.gradle.internal.dispatch.ReflectionDispatch.dispatch(ReflectionDispatch.java:24)
	at org.gradle.internal.dispatch.ContextClassLoaderDispatch.dispatch(ContextClassLoaderDispatch.java:33)
	at org.gradle.internal.dispatch.ProxyDispatchAdapter$DispatchingInvocationHandler.invoke(ProxyDispatchAdapter.java:94)
	at com.sun.proxy.$Proxy2.stop(Unknown Source)
	at org.gradle.api.internal.tasks.testing.worker.TestWorker$3.run(TestWorker.java:193)
	at org.gradle.api.internal.tasks.testing.worker.TestWorker.executeAndMaintainThreadName(TestWorker.java:129)
	at org.gradle.api.internal.tasks.testing.worker.TestWorker.execute(TestWorker.java:100)
	at org.gradle.api.internal.tasks.testing.worker.TestWorker.execute(TestWorker.java:60)
	at org.gradle.process.internal.worker.child.ActionExecutionWorker.execute(ActionExecutionWorker.java:56)
	at org.gradle.process.internal.worker.child.SystemApplicationClassLoaderWorker.call(SystemApplicationClassLoaderWorker.java:113)
	at org.gradle.process.internal.worker.child.SystemApplicationClassLoaderWorker.call(SystemApplicationClassLoaderWorker.java:65)
	at app//worker.org.gradle.process.internal.worker.GradleWorkerMain.run(GradleWorkerMain.java:69)
	at app//worker.org.gradle.process.internal.worker.GradleWorkerMain.main(GradleWorkerMain.java:74)
</failure>
  </testcase>
  <testcase name="UpdateAbstraction_ex9_secure.key" classname="de.uka.ilkd.key.proof.runallproofs.RunAllProofsFunctional" time="0.699">
    <failure message="org.opentest4j.AssertionFailedError: Executed process terminated with non-zero exit value. ==&gt; expected: &lt;0&gt; but was: &lt;1&gt;" type="org.opentest4j.AssertionFailedError">org.opentest4j.AssertionFailedError: Executed process terminated with non-zero exit value. ==&gt; expected: &lt;0&gt; but was: &lt;1&gt;
	at app//org.junit.jupiter.api.AssertionFailureBuilder.build(AssertionFailureBuilder.java:151)
	at app//org.junit.jupiter.api.AssertionFailureBuilder.buildAndThrow(AssertionFailureBuilder.java:132)
	at app//org.junit.jupiter.api.AssertEquals.failNotEqual(AssertEquals.java:197)
	at app//org.junit.jupiter.api.AssertEquals.assertEquals(AssertEquals.java:150)
	at app//org.junit.jupiter.api.Assertions.assertEquals(Assertions.java:560)
	at app//de.uka.ilkd.key.proof.runallproofs.proofcollection.ForkedTestFileRunner.processTestFiles(ForkedTestFileRunner.java:129)
	at app//de.uka.ilkd.key.proof.runallproofs.RunAllProofsTestUnit.runTest(RunAllProofsTestUnit.java:85)
	at app//de.uka.ilkd.key.proof.runallproofs.RunAllProofsTest.lambda$data$0(RunAllProofsTest.java:83)
	at app//org.junit.jupiter.engine.descriptor.DynamicTestTestDescriptor.lambda$execute$0(DynamicTestTestDescriptor.java:53)
	at app//org.junit.jupiter.engine.execution.InvocationInterceptorChain$ValidatingInvocation.proceed(InvocationInterceptorChain.java:131)
	at app//org.junit.jupiter.api.extension.InvocationInterceptor.interceptDynamicTest(InvocationInterceptor.java:167)
	at app//org.junit.jupiter.api.extension.InvocationInterceptor.interceptDynamicTest(InvocationInterceptor.java:184)
	at app//org.junit.jupiter.engine.descriptor.DynamicTestTestDescriptor.lambda$execute$1(DynamicTestTestDescriptor.java:61)
	at app//org.junit.jupiter.engine.execution.InvocationInterceptorChain$InterceptorCall.lambda$ofVoid$0(InvocationInterceptorChain.java:78)
	at app//org.junit.jupiter.engine.execution.InvocationInterceptorChain$InterceptedInvocation.proceed(InvocationInterceptorChain.java:106)
	at app//org.junit.jupiter.engine.execution.InvocationInterceptorChain.proceed(InvocationInterceptorChain.java:64)
	at app//org.junit.jupiter.engine.execution.InvocationInterceptorChain.chainAndInvoke(InvocationInterceptorChain.java:45)
	at app//org.junit.jupiter.engine.execution.InvocationInterceptorChain.invoke(InvocationInterceptorChain.java:37)
	at app//org.junit.jupiter.engine.descriptor.DynamicTestTestDescriptor.execute(DynamicTestTestDescriptor.java:60)
	at app//org.junit.jupiter.engine.descriptor.DynamicTestTestDescriptor.execute(DynamicTestTestDescriptor.java:32)
	at app//org.junit.platform.engine.support.hierarchical.NodeTestTask.lambda$executeRecursively$6(NodeTestTask.java:151)
	at app//org.junit.platform.engine.support.hierarchical.ThrowableCollector.execute(ThrowableCollector.java:73)
	at app//org.junit.platform.engine.support.hierarchical.NodeTestTask.lambda$executeRecursively$8(NodeTestTask.java:141)
	at app//org.junit.platform.engine.support.hierarchical.Node.around(Node.java:137)
	at app//org.junit.platform.engine.support.hierarchical.NodeTestTask.lambda$executeRecursively$9(NodeTestTask.java:139)
	at app//org.junit.platform.engine.support.hierarchical.ThrowableCollector.execute(ThrowableCollector.java:73)
	at app//org.junit.platform.engine.support.hierarchical.NodeTestTask.executeRecursively(NodeTestTask.java:138)
	at app//org.junit.platform.engine.support.hierarchical.NodeTestTask.execute(NodeTestTask.java:95)
	at app//org.junit.platform.engine.support.hierarchical.SameThreadHierarchicalTestExecutorService.submit(SameThreadHierarchicalTestExecutorService.java:35)
	at app//org.junit.platform.engine.support.hierarchical.NodeTestTask$DefaultDynamicTestExecutor.execute(NodeTestTask.java:226)
	at app//org.junit.platform.engine.support.hierarchical.NodeTestTask$DefaultDynamicTestExecutor.execute(NodeTestTask.java:204)
	at java.base@11.0.18/java.util.Optional.ifPresent(Optional.java:183)
	at app//org.junit.jupiter.engine.descriptor.TestFactoryTestDescriptor.lambda$invokeTestMethod$1(TestFactoryTestDescriptor.java:108)
	at app//org.junit.platform.engine.support.hierarchical.ThrowableCollector.execute(ThrowableCollector.java:73)
	at app//org.junit.jupiter.engine.descriptor.TestFactoryTestDescriptor.invokeTestMethod(TestFactoryTestDescriptor.java:95)
	at app//org.junit.jupiter.engine.descriptor.TestMethodTestDescriptor.execute(TestMethodTestDescriptor.java:138)
	at app//org.junit.jupiter.engine.descriptor.TestMethodTestDescriptor.execute(TestMethodTestDescriptor.java:68)
	at app//org.junit.platform.engine.support.hierarchical.NodeTestTask.lambda$executeRecursively$6(NodeTestTask.java:151)
	at app//org.junit.platform.engine.support.hierarchical.ThrowableCollector.execute(ThrowableCollector.java:73)
	at app//org.junit.platform.engine.support.hierarchical.NodeTestTask.lambda$executeRecursively$8(NodeTestTask.java:141)
	at app//org.junit.platform.engine.support.hierarchical.Node.around(Node.java:137)
	at app//org.junit.platform.engine.support.hierarchical.NodeTestTask.lambda$executeRecursively$9(NodeTestTask.java:139)
	at app//org.junit.platform.engine.support.hierarchical.ThrowableCollector.execute(ThrowableCollector.java:73)
	at app//org.junit.platform.engine.support.hierarchical.NodeTestTask.executeRecursively(NodeTestTask.java:138)
	at app//org.junit.platform.engine.support.hierarchical.NodeTestTask.execute(NodeTestTask.java:95)
	at java.base@11.0.18/java.util.ArrayList.forEach(ArrayList.java:1541)
	at app//org.junit.platform.engine.support.hierarchical.SameThreadHierarchicalTestExecutorService.invokeAll(SameThreadHierarchicalTestExecutorService.java:41)
	at app//org.junit.platform.engine.support.hierarchical.NodeTestTask.lambda$executeRecursively$6(NodeTestTask.java:155)
	at app//org.junit.platform.engine.support.hierarchical.ThrowableCollector.execute(ThrowableCollector.java:73)
	at app//org.junit.platform.engine.support.hierarchical.NodeTestTask.lambda$executeRecursively$8(NodeTestTask.java:141)
	at app//org.junit.platform.engine.support.hierarchical.Node.around(Node.java:137)
	at app//org.junit.platform.engine.support.hierarchical.NodeTestTask.lambda$executeRecursively$9(NodeTestTask.java:139)
	at app//org.junit.platform.engine.support.hierarchical.ThrowableCollector.execute(ThrowableCollector.java:73)
	at app//org.junit.platform.engine.support.hierarchical.NodeTestTask.executeRecursively(NodeTestTask.java:138)
	at app//org.junit.platform.engine.support.hierarchical.NodeTestTask.execute(NodeTestTask.java:95)
	at java.base@11.0.18/java.util.ArrayList.forEach(ArrayList.java:1541)
	at app//org.junit.platform.engine.support.hierarchical.SameThreadHierarchicalTestExecutorService.invokeAll(SameThreadHierarchicalTestExecutorService.java:41)
	at app//org.junit.platform.engine.support.hierarchical.NodeTestTask.lambda$executeRecursively$6(NodeTestTask.java:155)
	at app//org.junit.platform.engine.support.hierarchical.ThrowableCollector.execute(ThrowableCollector.java:73)
	at app//org.junit.platform.engine.support.hierarchical.NodeTestTask.lambda$executeRecursively$8(NodeTestTask.java:141)
	at app//org.junit.platform.engine.support.hierarchical.Node.around(Node.java:137)
	at app//org.junit.platform.engine.support.hierarchical.NodeTestTask.lambda$executeRecursively$9(NodeTestTask.java:139)
	at app//org.junit.platform.engine.support.hierarchical.ThrowableCollector.execute(ThrowableCollector.java:73)
	at app//org.junit.platform.engine.support.hierarchical.NodeTestTask.executeRecursively(NodeTestTask.java:138)
	at app//org.junit.platform.engine.support.hierarchical.NodeTestTask.execute(NodeTestTask.java:95)
	at app//org.junit.platform.engine.support.hierarchical.SameThreadHierarchicalTestExecutorService.submit(SameThreadHierarchicalTestExecutorService.java:35)
	at app//org.junit.platform.engine.support.hierarchical.HierarchicalTestExecutor.execute(HierarchicalTestExecutor.java:57)
	at app//org.junit.platform.engine.support.hierarchical.HierarchicalTestEngine.execute(HierarchicalTestEngine.java:54)
	at org.junit.platform.launcher.core.EngineExecutionOrchestrator.execute(EngineExecutionOrchestrator.java:107)
	at org.junit.platform.launcher.core.EngineExecutionOrchestrator.execute(EngineExecutionOrchestrator.java:88)
	at org.junit.platform.launcher.core.EngineExecutionOrchestrator.lambda$execute$0(EngineExecutionOrchestrator.java:54)
	at org.junit.platform.launcher.core.EngineExecutionOrchestrator.withInterceptedStreams(EngineExecutionOrchestrator.java:67)
	at org.junit.platform.launcher.core.EngineExecutionOrchestrator.execute(EngineExecutionOrchestrator.java:52)
	at org.junit.platform.launcher.core.DefaultLauncher.execute(DefaultLauncher.java:114)
	at org.junit.platform.launcher.core.DefaultLauncher.execute(DefaultLauncher.java:86)
	at org.junit.platform.launcher.core.DefaultLauncherSession$DelegatingLauncher.execute(DefaultLauncherSession.java:86)
	at org.junit.platform.launcher.core.SessionPerRequestLauncher.execute(SessionPerRequestLauncher.java:53)
	at org.gradle.api.internal.tasks.testing.junitplatform.JUnitPlatformTestClassProcessor$CollectAllTestClassesExecutor.processAllTestClasses(JUnitPlatformTestClassProcessor.java:99)
	at org.gradle.api.internal.tasks.testing.junitplatform.JUnitPlatformTestClassProcessor$CollectAllTestClassesExecutor.access$000(JUnitPlatformTestClassProcessor.java:79)
	at org.gradle.api.internal.tasks.testing.junitplatform.JUnitPlatformTestClassProcessor.stop(JUnitPlatformTestClassProcessor.java:75)
	at org.gradle.api.internal.tasks.testing.SuiteTestClassProcessor.stop(SuiteTestClassProcessor.java:62)
	at java.base@11.0.18/jdk.internal.reflect.NativeMethodAccessorImpl.invoke0(Native Method)
	at java.base@11.0.18/jdk.internal.reflect.NativeMethodAccessorImpl.invoke(NativeMethodAccessorImpl.java:62)
	at java.base@11.0.18/jdk.internal.reflect.DelegatingMethodAccessorImpl.invoke(DelegatingMethodAccessorImpl.java:43)
	at java.base@11.0.18/java.lang.reflect.Method.invoke(Method.java:566)
	at org.gradle.internal.dispatch.ReflectionDispatch.dispatch(ReflectionDispatch.java:36)
	at org.gradle.internal.dispatch.ReflectionDispatch.dispatch(ReflectionDispatch.java:24)
	at org.gradle.internal.dispatch.ContextClassLoaderDispatch.dispatch(ContextClassLoaderDispatch.java:33)
	at org.gradle.internal.dispatch.ProxyDispatchAdapter$DispatchingInvocationHandler.invoke(ProxyDispatchAdapter.java:94)
	at com.sun.proxy.$Proxy2.stop(Unknown Source)
	at org.gradle.api.internal.tasks.testing.worker.TestWorker$3.run(TestWorker.java:193)
	at org.gradle.api.internal.tasks.testing.worker.TestWorker.executeAndMaintainThreadName(TestWorker.java:129)
	at org.gradle.api.internal.tasks.testing.worker.TestWorker.execute(TestWorker.java:100)
	at org.gradle.api.internal.tasks.testing.worker.TestWorker.execute(TestWorker.java:60)
	at org.gradle.process.internal.worker.child.ActionExecutionWorker.execute(ActionExecutionWorker.java:56)
	at org.gradle.process.internal.worker.child.SystemApplicationClassLoaderWorker.call(SystemApplicationClassLoaderWorker.java:113)
	at org.gradle.process.internal.worker.child.SystemApplicationClassLoaderWorker.call(SystemApplicationClassLoaderWorker.java:65)
	at app//worker.org.gradle.process.internal.worker.GradleWorkerMain.run(GradleWorkerMain.java:69)
	at app//worker.org.gradle.process.internal.worker.GradleWorkerMain.main(GradleWorkerMain.java:74)
</failure>
  </testcase>
  <testcase name="list" classname="de.uka.ilkd.key.proof.runallproofs.RunAllProofsFunctional" time="0.927">
    <failure message="org.opentest4j.AssertionFailedError: Executed process terminated with non-zero exit value. ==&gt; expected: &lt;0&gt; but was: &lt;1&gt;" type="org.opentest4j.AssertionFailedError">org.opentest4j.AssertionFailedError: Executed process terminated with non-zero exit value. ==&gt; expected: &lt;0&gt; but was: &lt;1&gt;
	at app//org.junit.jupiter.api.AssertionFailureBuilder.build(AssertionFailureBuilder.java:151)
	at app//org.junit.jupiter.api.AssertionFailureBuilder.buildAndThrow(AssertionFailureBuilder.java:132)
	at app//org.junit.jupiter.api.AssertEquals.failNotEqual(AssertEquals.java:197)
	at app//org.junit.jupiter.api.AssertEquals.assertEquals(AssertEquals.java:150)
	at app//org.junit.jupiter.api.Assertions.assertEquals(Assertions.java:560)
	at app//de.uka.ilkd.key.proof.runallproofs.proofcollection.ForkedTestFileRunner.processTestFiles(ForkedTestFileRunner.java:129)
	at app//de.uka.ilkd.key.proof.runallproofs.RunAllProofsTestUnit.runTest(RunAllProofsTestUnit.java:85)
	at app//de.uka.ilkd.key.proof.runallproofs.RunAllProofsTest.lambda$data$0(RunAllProofsTest.java:83)
	at app//org.junit.jupiter.engine.descriptor.DynamicTestTestDescriptor.lambda$execute$0(DynamicTestTestDescriptor.java:53)
	at app//org.junit.jupiter.engine.execution.InvocationInterceptorChain$ValidatingInvocation.proceed(InvocationInterceptorChain.java:131)
	at app//org.junit.jupiter.api.extension.InvocationInterceptor.interceptDynamicTest(InvocationInterceptor.java:167)
	at app//org.junit.jupiter.api.extension.InvocationInterceptor.interceptDynamicTest(InvocationInterceptor.java:184)
	at app//org.junit.jupiter.engine.descriptor.DynamicTestTestDescriptor.lambda$execute$1(DynamicTestTestDescriptor.java:61)
	at app//org.junit.jupiter.engine.execution.InvocationInterceptorChain$InterceptorCall.lambda$ofVoid$0(InvocationInterceptorChain.java:78)
	at app//org.junit.jupiter.engine.execution.InvocationInterceptorChain$InterceptedInvocation.proceed(InvocationInterceptorChain.java:106)
	at app//org.junit.jupiter.engine.execution.InvocationInterceptorChain.proceed(InvocationInterceptorChain.java:64)
	at app//org.junit.jupiter.engine.execution.InvocationInterceptorChain.chainAndInvoke(InvocationInterceptorChain.java:45)
	at app//org.junit.jupiter.engine.execution.InvocationInterceptorChain.invoke(InvocationInterceptorChain.java:37)
	at app//org.junit.jupiter.engine.descriptor.DynamicTestTestDescriptor.execute(DynamicTestTestDescriptor.java:60)
	at app//org.junit.jupiter.engine.descriptor.DynamicTestTestDescriptor.execute(DynamicTestTestDescriptor.java:32)
	at app//org.junit.platform.engine.support.hierarchical.NodeTestTask.lambda$executeRecursively$6(NodeTestTask.java:151)
	at app//org.junit.platform.engine.support.hierarchical.ThrowableCollector.execute(ThrowableCollector.java:73)
	at app//org.junit.platform.engine.support.hierarchical.NodeTestTask.lambda$executeRecursively$8(NodeTestTask.java:141)
	at app//org.junit.platform.engine.support.hierarchical.Node.around(Node.java:137)
	at app//org.junit.platform.engine.support.hierarchical.NodeTestTask.lambda$executeRecursively$9(NodeTestTask.java:139)
	at app//org.junit.platform.engine.support.hierarchical.ThrowableCollector.execute(ThrowableCollector.java:73)
	at app//org.junit.platform.engine.support.hierarchical.NodeTestTask.executeRecursively(NodeTestTask.java:138)
	at app//org.junit.platform.engine.support.hierarchical.NodeTestTask.execute(NodeTestTask.java:95)
	at app//org.junit.platform.engine.support.hierarchical.SameThreadHierarchicalTestExecutorService.submit(SameThreadHierarchicalTestExecutorService.java:35)
	at app//org.junit.platform.engine.support.hierarchical.NodeTestTask$DefaultDynamicTestExecutor.execute(NodeTestTask.java:226)
	at app//org.junit.platform.engine.support.hierarchical.NodeTestTask$DefaultDynamicTestExecutor.execute(NodeTestTask.java:204)
	at java.base@11.0.18/java.util.Optional.ifPresent(Optional.java:183)
	at app//org.junit.jupiter.engine.descriptor.TestFactoryTestDescriptor.lambda$invokeTestMethod$1(TestFactoryTestDescriptor.java:108)
	at app//org.junit.platform.engine.support.hierarchical.ThrowableCollector.execute(ThrowableCollector.java:73)
	at app//org.junit.jupiter.engine.descriptor.TestFactoryTestDescriptor.invokeTestMethod(TestFactoryTestDescriptor.java:95)
	at app//org.junit.jupiter.engine.descriptor.TestMethodTestDescriptor.execute(TestMethodTestDescriptor.java:138)
	at app//org.junit.jupiter.engine.descriptor.TestMethodTestDescriptor.execute(TestMethodTestDescriptor.java:68)
	at app//org.junit.platform.engine.support.hierarchical.NodeTestTask.lambda$executeRecursively$6(NodeTestTask.java:151)
	at app//org.junit.platform.engine.support.hierarchical.ThrowableCollector.execute(ThrowableCollector.java:73)
	at app//org.junit.platform.engine.support.hierarchical.NodeTestTask.lambda$executeRecursively$8(NodeTestTask.java:141)
	at app//org.junit.platform.engine.support.hierarchical.Node.around(Node.java:137)
	at app//org.junit.platform.engine.support.hierarchical.NodeTestTask.lambda$executeRecursively$9(NodeTestTask.java:139)
	at app//org.junit.platform.engine.support.hierarchical.ThrowableCollector.execute(ThrowableCollector.java:73)
	at app//org.junit.platform.engine.support.hierarchical.NodeTestTask.executeRecursively(NodeTestTask.java:138)
	at app//org.junit.platform.engine.support.hierarchical.NodeTestTask.execute(NodeTestTask.java:95)
	at java.base@11.0.18/java.util.ArrayList.forEach(ArrayList.java:1541)
	at app//org.junit.platform.engine.support.hierarchical.SameThreadHierarchicalTestExecutorService.invokeAll(SameThreadHierarchicalTestExecutorService.java:41)
	at app//org.junit.platform.engine.support.hierarchical.NodeTestTask.lambda$executeRecursively$6(NodeTestTask.java:155)
	at app//org.junit.platform.engine.support.hierarchical.ThrowableCollector.execute(ThrowableCollector.java:73)
	at app//org.junit.platform.engine.support.hierarchical.NodeTestTask.lambda$executeRecursively$8(NodeTestTask.java:141)
	at app//org.junit.platform.engine.support.hierarchical.Node.around(Node.java:137)
	at app//org.junit.platform.engine.support.hierarchical.NodeTestTask.lambda$executeRecursively$9(NodeTestTask.java:139)
	at app//org.junit.platform.engine.support.hierarchical.ThrowableCollector.execute(ThrowableCollector.java:73)
	at app//org.junit.platform.engine.support.hierarchical.NodeTestTask.executeRecursively(NodeTestTask.java:138)
	at app//org.junit.platform.engine.support.hierarchical.NodeTestTask.execute(NodeTestTask.java:95)
	at java.base@11.0.18/java.util.ArrayList.forEach(ArrayList.java:1541)
	at app//org.junit.platform.engine.support.hierarchical.SameThreadHierarchicalTestExecutorService.invokeAll(SameThreadHierarchicalTestExecutorService.java:41)
	at app//org.junit.platform.engine.support.hierarchical.NodeTestTask.lambda$executeRecursively$6(NodeTestTask.java:155)
	at app//org.junit.platform.engine.support.hierarchical.ThrowableCollector.execute(ThrowableCollector.java:73)
	at app//org.junit.platform.engine.support.hierarchical.NodeTestTask.lambda$executeRecursively$8(NodeTestTask.java:141)
	at app//org.junit.platform.engine.support.hierarchical.Node.around(Node.java:137)
	at app//org.junit.platform.engine.support.hierarchical.NodeTestTask.lambda$executeRecursively$9(NodeTestTask.java:139)
	at app//org.junit.platform.engine.support.hierarchical.ThrowableCollector.execute(ThrowableCollector.java:73)
	at app//org.junit.platform.engine.support.hierarchical.NodeTestTask.executeRecursively(NodeTestTask.java:138)
	at app//org.junit.platform.engine.support.hierarchical.NodeTestTask.execute(NodeTestTask.java:95)
	at app//org.junit.platform.engine.support.hierarchical.SameThreadHierarchicalTestExecutorService.submit(SameThreadHierarchicalTestExecutorService.java:35)
	at app//org.junit.platform.engine.support.hierarchical.HierarchicalTestExecutor.execute(HierarchicalTestExecutor.java:57)
	at app//org.junit.platform.engine.support.hierarchical.HierarchicalTestEngine.execute(HierarchicalTestEngine.java:54)
	at org.junit.platform.launcher.core.EngineExecutionOrchestrator.execute(EngineExecutionOrchestrator.java:107)
	at org.junit.platform.launcher.core.EngineExecutionOrchestrator.execute(EngineExecutionOrchestrator.java:88)
	at org.junit.platform.launcher.core.EngineExecutionOrchestrator.lambda$execute$0(EngineExecutionOrchestrator.java:54)
	at org.junit.platform.launcher.core.EngineExecutionOrchestrator.withInterceptedStreams(EngineExecutionOrchestrator.java:67)
	at org.junit.platform.launcher.core.EngineExecutionOrchestrator.execute(EngineExecutionOrchestrator.java:52)
	at org.junit.platform.launcher.core.DefaultLauncher.execute(DefaultLauncher.java:114)
	at org.junit.platform.launcher.core.DefaultLauncher.execute(DefaultLauncher.java:86)
	at org.junit.platform.launcher.core.DefaultLauncherSession$DelegatingLauncher.execute(DefaultLauncherSession.java:86)
	at org.junit.platform.launcher.core.SessionPerRequestLauncher.execute(SessionPerRequestLauncher.java:53)
	at org.gradle.api.internal.tasks.testing.junitplatform.JUnitPlatformTestClassProcessor$CollectAllTestClassesExecutor.processAllTestClasses(JUnitPlatformTestClassProcessor.java:99)
	at org.gradle.api.internal.tasks.testing.junitplatform.JUnitPlatformTestClassProcessor$CollectAllTestClassesExecutor.access$000(JUnitPlatformTestClassProcessor.java:79)
	at org.gradle.api.internal.tasks.testing.junitplatform.JUnitPlatformTestClassProcessor.stop(JUnitPlatformTestClassProcessor.java:75)
	at org.gradle.api.internal.tasks.testing.SuiteTestClassProcessor.stop(SuiteTestClassProcessor.java:62)
	at java.base@11.0.18/jdk.internal.reflect.NativeMethodAccessorImpl.invoke0(Native Method)
	at java.base@11.0.18/jdk.internal.reflect.NativeMethodAccessorImpl.invoke(NativeMethodAccessorImpl.java:62)
	at java.base@11.0.18/jdk.internal.reflect.DelegatingMethodAccessorImpl.invoke(DelegatingMethodAccessorImpl.java:43)
	at java.base@11.0.18/java.lang.reflect.Method.invoke(Method.java:566)
	at org.gradle.internal.dispatch.ReflectionDispatch.dispatch(ReflectionDispatch.java:36)
	at org.gradle.internal.dispatch.ReflectionDispatch.dispatch(ReflectionDispatch.java:24)
	at org.gradle.internal.dispatch.ContextClassLoaderDispatch.dispatch(ContextClassLoaderDispatch.java:33)
	at org.gradle.internal.dispatch.ProxyDispatchAdapter$DispatchingInvocationHandler.invoke(ProxyDispatchAdapter.java:94)
	at com.sun.proxy.$Proxy2.stop(Unknown Source)
	at org.gradle.api.internal.tasks.testing.worker.TestWorker$3.run(TestWorker.java:193)
	at org.gradle.api.internal.tasks.testing.worker.TestWorker.executeAndMaintainThreadName(TestWorker.java:129)
	at org.gradle.api.internal.tasks.testing.worker.TestWorker.execute(TestWorker.java:100)
	at org.gradle.api.internal.tasks.testing.worker.TestWorker.execute(TestWorker.java:60)
	at org.gradle.process.internal.worker.child.ActionExecutionWorker.execute(ActionExecutionWorker.java:56)
	at org.gradle.process.internal.worker.child.SystemApplicationClassLoaderWorker.call(SystemApplicationClassLoaderWorker.java:113)
	at org.gradle.process.internal.worker.child.SystemApplicationClassLoaderWorker.call(SystemApplicationClassLoaderWorker.java:65)
	at app//worker.org.gradle.process.internal.worker.GradleWorkerMain.run(GradleWorkerMain.java:69)
	at app//worker.org.gradle.process.internal.worker.GradleWorkerMain.main(GradleWorkerMain.java:74)
</failure>
  </testcase>
  <testcase name="list_ghost" classname="de.uka.ilkd.key.proof.runallproofs.RunAllProofsFunctional" time="0.822">
    <failure message="org.opentest4j.AssertionFailedError: Executed process terminated with non-zero exit value. ==&gt; expected: &lt;0&gt; but was: &lt;1&gt;" type="org.opentest4j.AssertionFailedError">org.opentest4j.AssertionFailedError: Executed process terminated with non-zero exit value. ==&gt; expected: &lt;0&gt; but was: &lt;1&gt;
	at app//org.junit.jupiter.api.AssertionFailureBuilder.build(AssertionFailureBuilder.java:151)
	at app//org.junit.jupiter.api.AssertionFailureBuilder.buildAndThrow(AssertionFailureBuilder.java:132)
	at app//org.junit.jupiter.api.AssertEquals.failNotEqual(AssertEquals.java:197)
	at app//org.junit.jupiter.api.AssertEquals.assertEquals(AssertEquals.java:150)
	at app//org.junit.jupiter.api.Assertions.assertEquals(Assertions.java:560)
	at app//de.uka.ilkd.key.proof.runallproofs.proofcollection.ForkedTestFileRunner.processTestFiles(ForkedTestFileRunner.java:129)
	at app//de.uka.ilkd.key.proof.runallproofs.RunAllProofsTestUnit.runTest(RunAllProofsTestUnit.java:85)
	at app//de.uka.ilkd.key.proof.runallproofs.RunAllProofsTest.lambda$data$0(RunAllProofsTest.java:83)
	at app//org.junit.jupiter.engine.descriptor.DynamicTestTestDescriptor.lambda$execute$0(DynamicTestTestDescriptor.java:53)
	at app//org.junit.jupiter.engine.execution.InvocationInterceptorChain$ValidatingInvocation.proceed(InvocationInterceptorChain.java:131)
	at app//org.junit.jupiter.api.extension.InvocationInterceptor.interceptDynamicTest(InvocationInterceptor.java:167)
	at app//org.junit.jupiter.api.extension.InvocationInterceptor.interceptDynamicTest(InvocationInterceptor.java:184)
	at app//org.junit.jupiter.engine.descriptor.DynamicTestTestDescriptor.lambda$execute$1(DynamicTestTestDescriptor.java:61)
	at app//org.junit.jupiter.engine.execution.InvocationInterceptorChain$InterceptorCall.lambda$ofVoid$0(InvocationInterceptorChain.java:78)
	at app//org.junit.jupiter.engine.execution.InvocationInterceptorChain$InterceptedInvocation.proceed(InvocationInterceptorChain.java:106)
	at app//org.junit.jupiter.engine.execution.InvocationInterceptorChain.proceed(InvocationInterceptorChain.java:64)
	at app//org.junit.jupiter.engine.execution.InvocationInterceptorChain.chainAndInvoke(InvocationInterceptorChain.java:45)
	at app//org.junit.jupiter.engine.execution.InvocationInterceptorChain.invoke(InvocationInterceptorChain.java:37)
	at app//org.junit.jupiter.engine.descriptor.DynamicTestTestDescriptor.execute(DynamicTestTestDescriptor.java:60)
	at app//org.junit.jupiter.engine.descriptor.DynamicTestTestDescriptor.execute(DynamicTestTestDescriptor.java:32)
	at app//org.junit.platform.engine.support.hierarchical.NodeTestTask.lambda$executeRecursively$6(NodeTestTask.java:151)
	at app//org.junit.platform.engine.support.hierarchical.ThrowableCollector.execute(ThrowableCollector.java:73)
	at app//org.junit.platform.engine.support.hierarchical.NodeTestTask.lambda$executeRecursively$8(NodeTestTask.java:141)
	at app//org.junit.platform.engine.support.hierarchical.Node.around(Node.java:137)
	at app//org.junit.platform.engine.support.hierarchical.NodeTestTask.lambda$executeRecursively$9(NodeTestTask.java:139)
	at app//org.junit.platform.engine.support.hierarchical.ThrowableCollector.execute(ThrowableCollector.java:73)
	at app//org.junit.platform.engine.support.hierarchical.NodeTestTask.executeRecursively(NodeTestTask.java:138)
	at app//org.junit.platform.engine.support.hierarchical.NodeTestTask.execute(NodeTestTask.java:95)
	at app//org.junit.platform.engine.support.hierarchical.SameThreadHierarchicalTestExecutorService.submit(SameThreadHierarchicalTestExecutorService.java:35)
	at app//org.junit.platform.engine.support.hierarchical.NodeTestTask$DefaultDynamicTestExecutor.execute(NodeTestTask.java:226)
	at app//org.junit.platform.engine.support.hierarchical.NodeTestTask$DefaultDynamicTestExecutor.execute(NodeTestTask.java:204)
	at java.base@11.0.18/java.util.Optional.ifPresent(Optional.java:183)
	at app//org.junit.jupiter.engine.descriptor.TestFactoryTestDescriptor.lambda$invokeTestMethod$1(TestFactoryTestDescriptor.java:108)
	at app//org.junit.platform.engine.support.hierarchical.ThrowableCollector.execute(ThrowableCollector.java:73)
	at app//org.junit.jupiter.engine.descriptor.TestFactoryTestDescriptor.invokeTestMethod(TestFactoryTestDescriptor.java:95)
	at app//org.junit.jupiter.engine.descriptor.TestMethodTestDescriptor.execute(TestMethodTestDescriptor.java:138)
	at app//org.junit.jupiter.engine.descriptor.TestMethodTestDescriptor.execute(TestMethodTestDescriptor.java:68)
	at app//org.junit.platform.engine.support.hierarchical.NodeTestTask.lambda$executeRecursively$6(NodeTestTask.java:151)
	at app//org.junit.platform.engine.support.hierarchical.ThrowableCollector.execute(ThrowableCollector.java:73)
	at app//org.junit.platform.engine.support.hierarchical.NodeTestTask.lambda$executeRecursively$8(NodeTestTask.java:141)
	at app//org.junit.platform.engine.support.hierarchical.Node.around(Node.java:137)
	at app//org.junit.platform.engine.support.hierarchical.NodeTestTask.lambda$executeRecursively$9(NodeTestTask.java:139)
	at app//org.junit.platform.engine.support.hierarchical.ThrowableCollector.execute(ThrowableCollector.java:73)
	at app//org.junit.platform.engine.support.hierarchical.NodeTestTask.executeRecursively(NodeTestTask.java:138)
	at app//org.junit.platform.engine.support.hierarchical.NodeTestTask.execute(NodeTestTask.java:95)
	at java.base@11.0.18/java.util.ArrayList.forEach(ArrayList.java:1541)
	at app//org.junit.platform.engine.support.hierarchical.SameThreadHierarchicalTestExecutorService.invokeAll(SameThreadHierarchicalTestExecutorService.java:41)
	at app//org.junit.platform.engine.support.hierarchical.NodeTestTask.lambda$executeRecursively$6(NodeTestTask.java:155)
	at app//org.junit.platform.engine.support.hierarchical.ThrowableCollector.execute(ThrowableCollector.java:73)
	at app//org.junit.platform.engine.support.hierarchical.NodeTestTask.lambda$executeRecursively$8(NodeTestTask.java:141)
	at app//org.junit.platform.engine.support.hierarchical.Node.around(Node.java:137)
	at app//org.junit.platform.engine.support.hierarchical.NodeTestTask.lambda$executeRecursively$9(NodeTestTask.java:139)
	at app//org.junit.platform.engine.support.hierarchical.ThrowableCollector.execute(ThrowableCollector.java:73)
	at app//org.junit.platform.engine.support.hierarchical.NodeTestTask.executeRecursively(NodeTestTask.java:138)
	at app//org.junit.platform.engine.support.hierarchical.NodeTestTask.execute(NodeTestTask.java:95)
	at java.base@11.0.18/java.util.ArrayList.forEach(ArrayList.java:1541)
	at app//org.junit.platform.engine.support.hierarchical.SameThreadHierarchicalTestExecutorService.invokeAll(SameThreadHierarchicalTestExecutorService.java:41)
	at app//org.junit.platform.engine.support.hierarchical.NodeTestTask.lambda$executeRecursively$6(NodeTestTask.java:155)
	at app//org.junit.platform.engine.support.hierarchical.ThrowableCollector.execute(ThrowableCollector.java:73)
	at app//org.junit.platform.engine.support.hierarchical.NodeTestTask.lambda$executeRecursively$8(NodeTestTask.java:141)
	at app//org.junit.platform.engine.support.hierarchical.Node.around(Node.java:137)
	at app//org.junit.platform.engine.support.hierarchical.NodeTestTask.lambda$executeRecursively$9(NodeTestTask.java:139)
	at app//org.junit.platform.engine.support.hierarchical.ThrowableCollector.execute(ThrowableCollector.java:73)
	at app//org.junit.platform.engine.support.hierarchical.NodeTestTask.executeRecursively(NodeTestTask.java:138)
	at app//org.junit.platform.engine.support.hierarchical.NodeTestTask.execute(NodeTestTask.java:95)
	at app//org.junit.platform.engine.support.hierarchical.SameThreadHierarchicalTestExecutorService.submit(SameThreadHierarchicalTestExecutorService.java:35)
	at app//org.junit.platform.engine.support.hierarchical.HierarchicalTestExecutor.execute(HierarchicalTestExecutor.java:57)
	at app//org.junit.platform.engine.support.hierarchical.HierarchicalTestEngine.execute(HierarchicalTestEngine.java:54)
	at org.junit.platform.launcher.core.EngineExecutionOrchestrator.execute(EngineExecutionOrchestrator.java:107)
	at org.junit.platform.launcher.core.EngineExecutionOrchestrator.execute(EngineExecutionOrchestrator.java:88)
	at org.junit.platform.launcher.core.EngineExecutionOrchestrator.lambda$execute$0(EngineExecutionOrchestrator.java:54)
	at org.junit.platform.launcher.core.EngineExecutionOrchestrator.withInterceptedStreams(EngineExecutionOrchestrator.java:67)
	at org.junit.platform.launcher.core.EngineExecutionOrchestrator.execute(EngineExecutionOrchestrator.java:52)
	at org.junit.platform.launcher.core.DefaultLauncher.execute(DefaultLauncher.java:114)
	at org.junit.platform.launcher.core.DefaultLauncher.execute(DefaultLauncher.java:86)
	at org.junit.platform.launcher.core.DefaultLauncherSession$DelegatingLauncher.execute(DefaultLauncherSession.java:86)
	at org.junit.platform.launcher.core.SessionPerRequestLauncher.execute(SessionPerRequestLauncher.java:53)
	at org.gradle.api.internal.tasks.testing.junitplatform.JUnitPlatformTestClassProcessor$CollectAllTestClassesExecutor.processAllTestClasses(JUnitPlatformTestClassProcessor.java:99)
	at org.gradle.api.internal.tasks.testing.junitplatform.JUnitPlatformTestClassProcessor$CollectAllTestClassesExecutor.access$000(JUnitPlatformTestClassProcessor.java:79)
	at org.gradle.api.internal.tasks.testing.junitplatform.JUnitPlatformTestClassProcessor.stop(JUnitPlatformTestClassProcessor.java:75)
	at org.gradle.api.internal.tasks.testing.SuiteTestClassProcessor.stop(SuiteTestClassProcessor.java:62)
	at java.base@11.0.18/jdk.internal.reflect.NativeMethodAccessorImpl.invoke0(Native Method)
	at java.base@11.0.18/jdk.internal.reflect.NativeMethodAccessorImpl.invoke(NativeMethodAccessorImpl.java:62)
	at java.base@11.0.18/jdk.internal.reflect.DelegatingMethodAccessorImpl.invoke(DelegatingMethodAccessorImpl.java:43)
	at java.base@11.0.18/java.lang.reflect.Method.invoke(Method.java:566)
	at org.gradle.internal.dispatch.ReflectionDispatch.dispatch(ReflectionDispatch.java:36)
	at org.gradle.internal.dispatch.ReflectionDispatch.dispatch(ReflectionDispatch.java:24)
	at org.gradle.internal.dispatch.ContextClassLoaderDispatch.dispatch(ContextClassLoaderDispatch.java:33)
	at org.gradle.internal.dispatch.ProxyDispatchAdapter$DispatchingInvocationHandler.invoke(ProxyDispatchAdapter.java:94)
	at com.sun.proxy.$Proxy2.stop(Unknown Source)
	at org.gradle.api.internal.tasks.testing.worker.TestWorker$3.run(TestWorker.java:193)
	at org.gradle.api.internal.tasks.testing.worker.TestWorker.executeAndMaintainThreadName(TestWorker.java:129)
	at org.gradle.api.internal.tasks.testing.worker.TestWorker.execute(TestWorker.java:100)
	at org.gradle.api.internal.tasks.testing.worker.TestWorker.execute(TestWorker.java:60)
	at org.gradle.process.internal.worker.child.ActionExecutionWorker.execute(ActionExecutionWorker.java:56)
	at org.gradle.process.internal.worker.child.SystemApplicationClassLoaderWorker.call(SystemApplicationClassLoaderWorker.java:113)
	at org.gradle.process.internal.worker.child.SystemApplicationClassLoaderWorker.call(SystemApplicationClassLoaderWorker.java:65)
	at app//worker.org.gradle.process.internal.worker.GradleWorkerMain.run(GradleWorkerMain.java:69)
	at app//worker.org.gradle.process.internal.worker.GradleWorkerMain.main(GradleWorkerMain.java:74)
</failure>
  </testcase>
  <testcase name="list_recursive" classname="de.uka.ilkd.key.proof.runallproofs.RunAllProofsFunctional" time="0.73">
    <failure message="org.opentest4j.AssertionFailedError: Executed process terminated with non-zero exit value. ==&gt; expected: &lt;0&gt; but was: &lt;1&gt;" type="org.opentest4j.AssertionFailedError">org.opentest4j.AssertionFailedError: Executed process terminated with non-zero exit value. ==&gt; expected: &lt;0&gt; but was: &lt;1&gt;
	at app//org.junit.jupiter.api.AssertionFailureBuilder.build(AssertionFailureBuilder.java:151)
	at app//org.junit.jupiter.api.AssertionFailureBuilder.buildAndThrow(AssertionFailureBuilder.java:132)
	at app//org.junit.jupiter.api.AssertEquals.failNotEqual(AssertEquals.java:197)
	at app//org.junit.jupiter.api.AssertEquals.assertEquals(AssertEquals.java:150)
	at app//org.junit.jupiter.api.Assertions.assertEquals(Assertions.java:560)
	at app//de.uka.ilkd.key.proof.runallproofs.proofcollection.ForkedTestFileRunner.processTestFiles(ForkedTestFileRunner.java:129)
	at app//de.uka.ilkd.key.proof.runallproofs.RunAllProofsTestUnit.runTest(RunAllProofsTestUnit.java:85)
	at app//de.uka.ilkd.key.proof.runallproofs.RunAllProofsTest.lambda$data$0(RunAllProofsTest.java:83)
	at app//org.junit.jupiter.engine.descriptor.DynamicTestTestDescriptor.lambda$execute$0(DynamicTestTestDescriptor.java:53)
	at app//org.junit.jupiter.engine.execution.InvocationInterceptorChain$ValidatingInvocation.proceed(InvocationInterceptorChain.java:131)
	at app//org.junit.jupiter.api.extension.InvocationInterceptor.interceptDynamicTest(InvocationInterceptor.java:167)
	at app//org.junit.jupiter.api.extension.InvocationInterceptor.interceptDynamicTest(InvocationInterceptor.java:184)
	at app//org.junit.jupiter.engine.descriptor.DynamicTestTestDescriptor.lambda$execute$1(DynamicTestTestDescriptor.java:61)
	at app//org.junit.jupiter.engine.execution.InvocationInterceptorChain$InterceptorCall.lambda$ofVoid$0(InvocationInterceptorChain.java:78)
	at app//org.junit.jupiter.engine.execution.InvocationInterceptorChain$InterceptedInvocation.proceed(InvocationInterceptorChain.java:106)
	at app//org.junit.jupiter.engine.execution.InvocationInterceptorChain.proceed(InvocationInterceptorChain.java:64)
	at app//org.junit.jupiter.engine.execution.InvocationInterceptorChain.chainAndInvoke(InvocationInterceptorChain.java:45)
	at app//org.junit.jupiter.engine.execution.InvocationInterceptorChain.invoke(InvocationInterceptorChain.java:37)
	at app//org.junit.jupiter.engine.descriptor.DynamicTestTestDescriptor.execute(DynamicTestTestDescriptor.java:60)
	at app//org.junit.jupiter.engine.descriptor.DynamicTestTestDescriptor.execute(DynamicTestTestDescriptor.java:32)
	at app//org.junit.platform.engine.support.hierarchical.NodeTestTask.lambda$executeRecursively$6(NodeTestTask.java:151)
	at app//org.junit.platform.engine.support.hierarchical.ThrowableCollector.execute(ThrowableCollector.java:73)
	at app//org.junit.platform.engine.support.hierarchical.NodeTestTask.lambda$executeRecursively$8(NodeTestTask.java:141)
	at app//org.junit.platform.engine.support.hierarchical.Node.around(Node.java:137)
	at app//org.junit.platform.engine.support.hierarchical.NodeTestTask.lambda$executeRecursively$9(NodeTestTask.java:139)
	at app//org.junit.platform.engine.support.hierarchical.ThrowableCollector.execute(ThrowableCollector.java:73)
	at app//org.junit.platform.engine.support.hierarchical.NodeTestTask.executeRecursively(NodeTestTask.java:138)
	at app//org.junit.platform.engine.support.hierarchical.NodeTestTask.execute(NodeTestTask.java:95)
	at app//org.junit.platform.engine.support.hierarchical.SameThreadHierarchicalTestExecutorService.submit(SameThreadHierarchicalTestExecutorService.java:35)
	at app//org.junit.platform.engine.support.hierarchical.NodeTestTask$DefaultDynamicTestExecutor.execute(NodeTestTask.java:226)
	at app//org.junit.platform.engine.support.hierarchical.NodeTestTask$DefaultDynamicTestExecutor.execute(NodeTestTask.java:204)
	at java.base@11.0.18/java.util.Optional.ifPresent(Optional.java:183)
	at app//org.junit.jupiter.engine.descriptor.TestFactoryTestDescriptor.lambda$invokeTestMethod$1(TestFactoryTestDescriptor.java:108)
	at app//org.junit.platform.engine.support.hierarchical.ThrowableCollector.execute(ThrowableCollector.java:73)
	at app//org.junit.jupiter.engine.descriptor.TestFactoryTestDescriptor.invokeTestMethod(TestFactoryTestDescriptor.java:95)
	at app//org.junit.jupiter.engine.descriptor.TestMethodTestDescriptor.execute(TestMethodTestDescriptor.java:138)
	at app//org.junit.jupiter.engine.descriptor.TestMethodTestDescriptor.execute(TestMethodTestDescriptor.java:68)
	at app//org.junit.platform.engine.support.hierarchical.NodeTestTask.lambda$executeRecursively$6(NodeTestTask.java:151)
	at app//org.junit.platform.engine.support.hierarchical.ThrowableCollector.execute(ThrowableCollector.java:73)
	at app//org.junit.platform.engine.support.hierarchical.NodeTestTask.lambda$executeRecursively$8(NodeTestTask.java:141)
	at app//org.junit.platform.engine.support.hierarchical.Node.around(Node.java:137)
	at app//org.junit.platform.engine.support.hierarchical.NodeTestTask.lambda$executeRecursively$9(NodeTestTask.java:139)
	at app//org.junit.platform.engine.support.hierarchical.ThrowableCollector.execute(ThrowableCollector.java:73)
	at app//org.junit.platform.engine.support.hierarchical.NodeTestTask.executeRecursively(NodeTestTask.java:138)
	at app//org.junit.platform.engine.support.hierarchical.NodeTestTask.execute(NodeTestTask.java:95)
	at java.base@11.0.18/java.util.ArrayList.forEach(ArrayList.java:1541)
	at app//org.junit.platform.engine.support.hierarchical.SameThreadHierarchicalTestExecutorService.invokeAll(SameThreadHierarchicalTestExecutorService.java:41)
	at app//org.junit.platform.engine.support.hierarchical.NodeTestTask.lambda$executeRecursively$6(NodeTestTask.java:155)
	at app//org.junit.platform.engine.support.hierarchical.ThrowableCollector.execute(ThrowableCollector.java:73)
	at app//org.junit.platform.engine.support.hierarchical.NodeTestTask.lambda$executeRecursively$8(NodeTestTask.java:141)
	at app//org.junit.platform.engine.support.hierarchical.Node.around(Node.java:137)
	at app//org.junit.platform.engine.support.hierarchical.NodeTestTask.lambda$executeRecursively$9(NodeTestTask.java:139)
	at app//org.junit.platform.engine.support.hierarchical.ThrowableCollector.execute(ThrowableCollector.java:73)
	at app//org.junit.platform.engine.support.hierarchical.NodeTestTask.executeRecursively(NodeTestTask.java:138)
	at app//org.junit.platform.engine.support.hierarchical.NodeTestTask.execute(NodeTestTask.java:95)
	at java.base@11.0.18/java.util.ArrayList.forEach(ArrayList.java:1541)
	at app//org.junit.platform.engine.support.hierarchical.SameThreadHierarchicalTestExecutorService.invokeAll(SameThreadHierarchicalTestExecutorService.java:41)
	at app//org.junit.platform.engine.support.hierarchical.NodeTestTask.lambda$executeRecursively$6(NodeTestTask.java:155)
	at app//org.junit.platform.engine.support.hierarchical.ThrowableCollector.execute(ThrowableCollector.java:73)
	at app//org.junit.platform.engine.support.hierarchical.NodeTestTask.lambda$executeRecursively$8(NodeTestTask.java:141)
	at app//org.junit.platform.engine.support.hierarchical.Node.around(Node.java:137)
	at app//org.junit.platform.engine.support.hierarchical.NodeTestTask.lambda$executeRecursively$9(NodeTestTask.java:139)
	at app//org.junit.platform.engine.support.hierarchical.ThrowableCollector.execute(ThrowableCollector.java:73)
	at app//org.junit.platform.engine.support.hierarchical.NodeTestTask.executeRecursively(NodeTestTask.java:138)
	at app//org.junit.platform.engine.support.hierarchical.NodeTestTask.execute(NodeTestTask.java:95)
	at app//org.junit.platform.engine.support.hierarchical.SameThreadHierarchicalTestExecutorService.submit(SameThreadHierarchicalTestExecutorService.java:35)
	at app//org.junit.platform.engine.support.hierarchical.HierarchicalTestExecutor.execute(HierarchicalTestExecutor.java:57)
	at app//org.junit.platform.engine.support.hierarchical.HierarchicalTestEngine.execute(HierarchicalTestEngine.java:54)
	at org.junit.platform.launcher.core.EngineExecutionOrchestrator.execute(EngineExecutionOrchestrator.java:107)
	at org.junit.platform.launcher.core.EngineExecutionOrchestrator.execute(EngineExecutionOrchestrator.java:88)
	at org.junit.platform.launcher.core.EngineExecutionOrchestrator.lambda$execute$0(EngineExecutionOrchestrator.java:54)
	at org.junit.platform.launcher.core.EngineExecutionOrchestrator.withInterceptedStreams(EngineExecutionOrchestrator.java:67)
	at org.junit.platform.launcher.core.EngineExecutionOrchestrator.execute(EngineExecutionOrchestrator.java:52)
	at org.junit.platform.launcher.core.DefaultLauncher.execute(DefaultLauncher.java:114)
	at org.junit.platform.launcher.core.DefaultLauncher.execute(DefaultLauncher.java:86)
	at org.junit.platform.launcher.core.DefaultLauncherSession$DelegatingLauncher.execute(DefaultLauncherSession.java:86)
	at org.junit.platform.launcher.core.SessionPerRequestLauncher.execute(SessionPerRequestLauncher.java:53)
	at org.gradle.api.internal.tasks.testing.junitplatform.JUnitPlatformTestClassProcessor$CollectAllTestClassesExecutor.processAllTestClasses(JUnitPlatformTestClassProcessor.java:99)
	at org.gradle.api.internal.tasks.testing.junitplatform.JUnitPlatformTestClassProcessor$CollectAllTestClassesExecutor.access$000(JUnitPlatformTestClassProcessor.java:79)
	at org.gradle.api.internal.tasks.testing.junitplatform.JUnitPlatformTestClassProcessor.stop(JUnitPlatformTestClassProcessor.java:75)
	at org.gradle.api.internal.tasks.testing.SuiteTestClassProcessor.stop(SuiteTestClassProcessor.java:62)
	at java.base@11.0.18/jdk.internal.reflect.NativeMethodAccessorImpl.invoke0(Native Method)
	at java.base@11.0.18/jdk.internal.reflect.NativeMethodAccessorImpl.invoke(NativeMethodAccessorImpl.java:62)
	at java.base@11.0.18/jdk.internal.reflect.DelegatingMethodAccessorImpl.invoke(DelegatingMethodAccessorImpl.java:43)
	at java.base@11.0.18/java.lang.reflect.Method.invoke(Method.java:566)
	at org.gradle.internal.dispatch.ReflectionDispatch.dispatch(ReflectionDispatch.java:36)
	at org.gradle.internal.dispatch.ReflectionDispatch.dispatch(ReflectionDispatch.java:24)
	at org.gradle.internal.dispatch.ContextClassLoaderDispatch.dispatch(ContextClassLoaderDispatch.java:33)
	at org.gradle.internal.dispatch.ProxyDispatchAdapter$DispatchingInvocationHandler.invoke(ProxyDispatchAdapter.java:94)
	at com.sun.proxy.$Proxy2.stop(Unknown Source)
	at org.gradle.api.internal.tasks.testing.worker.TestWorker$3.run(TestWorker.java:193)
	at org.gradle.api.internal.tasks.testing.worker.TestWorker.executeAndMaintainThreadName(TestWorker.java:129)
	at org.gradle.api.internal.tasks.testing.worker.TestWorker.execute(TestWorker.java:100)
	at org.gradle.api.internal.tasks.testing.worker.TestWorker.execute(TestWorker.java:60)
	at org.gradle.process.internal.worker.child.ActionExecutionWorker.execute(ActionExecutionWorker.java:56)
	at org.gradle.process.internal.worker.child.SystemApplicationClassLoaderWorker.call(SystemApplicationClassLoaderWorker.java:113)
	at org.gradle.process.internal.worker.child.SystemApplicationClassLoaderWorker.call(SystemApplicationClassLoaderWorker.java:65)
	at app//worker.org.gradle.process.internal.worker.GradleWorkerMain.run(GradleWorkerMain.java:69)
	at app//worker.org.gradle.process.internal.worker.GradleWorkerMain.main(GradleWorkerMain.java:74)
</failure>
  </testcase>
  <testcase name="list_seq" classname="de.uka.ilkd.key.proof.runallproofs.RunAllProofsFunctional" time="0.798">
    <failure message="org.opentest4j.AssertionFailedError: Executed process terminated with non-zero exit value. ==&gt; expected: &lt;0&gt; but was: &lt;1&gt;" type="org.opentest4j.AssertionFailedError">org.opentest4j.AssertionFailedError: Executed process terminated with non-zero exit value. ==&gt; expected: &lt;0&gt; but was: &lt;1&gt;
	at app//org.junit.jupiter.api.AssertionFailureBuilder.build(AssertionFailureBuilder.java:151)
	at app//org.junit.jupiter.api.AssertionFailureBuilder.buildAndThrow(AssertionFailureBuilder.java:132)
	at app//org.junit.jupiter.api.AssertEquals.failNotEqual(AssertEquals.java:197)
	at app//org.junit.jupiter.api.AssertEquals.assertEquals(AssertEquals.java:150)
	at app//org.junit.jupiter.api.Assertions.assertEquals(Assertions.java:560)
	at app//de.uka.ilkd.key.proof.runallproofs.proofcollection.ForkedTestFileRunner.processTestFiles(ForkedTestFileRunner.java:129)
	at app//de.uka.ilkd.key.proof.runallproofs.RunAllProofsTestUnit.runTest(RunAllProofsTestUnit.java:85)
	at app//de.uka.ilkd.key.proof.runallproofs.RunAllProofsTest.lambda$data$0(RunAllProofsTest.java:83)
	at app//org.junit.jupiter.engine.descriptor.DynamicTestTestDescriptor.lambda$execute$0(DynamicTestTestDescriptor.java:53)
	at app//org.junit.jupiter.engine.execution.InvocationInterceptorChain$ValidatingInvocation.proceed(InvocationInterceptorChain.java:131)
	at app//org.junit.jupiter.api.extension.InvocationInterceptor.interceptDynamicTest(InvocationInterceptor.java:167)
	at app//org.junit.jupiter.api.extension.InvocationInterceptor.interceptDynamicTest(InvocationInterceptor.java:184)
	at app//org.junit.jupiter.engine.descriptor.DynamicTestTestDescriptor.lambda$execute$1(DynamicTestTestDescriptor.java:61)
	at app//org.junit.jupiter.engine.execution.InvocationInterceptorChain$InterceptorCall.lambda$ofVoid$0(InvocationInterceptorChain.java:78)
	at app//org.junit.jupiter.engine.execution.InvocationInterceptorChain$InterceptedInvocation.proceed(InvocationInterceptorChain.java:106)
	at app//org.junit.jupiter.engine.execution.InvocationInterceptorChain.proceed(InvocationInterceptorChain.java:64)
	at app//org.junit.jupiter.engine.execution.InvocationInterceptorChain.chainAndInvoke(InvocationInterceptorChain.java:45)
	at app//org.junit.jupiter.engine.execution.InvocationInterceptorChain.invoke(InvocationInterceptorChain.java:37)
	at app//org.junit.jupiter.engine.descriptor.DynamicTestTestDescriptor.execute(DynamicTestTestDescriptor.java:60)
	at app//org.junit.jupiter.engine.descriptor.DynamicTestTestDescriptor.execute(DynamicTestTestDescriptor.java:32)
	at app//org.junit.platform.engine.support.hierarchical.NodeTestTask.lambda$executeRecursively$6(NodeTestTask.java:151)
	at app//org.junit.platform.engine.support.hierarchical.ThrowableCollector.execute(ThrowableCollector.java:73)
	at app//org.junit.platform.engine.support.hierarchical.NodeTestTask.lambda$executeRecursively$8(NodeTestTask.java:141)
	at app//org.junit.platform.engine.support.hierarchical.Node.around(Node.java:137)
	at app//org.junit.platform.engine.support.hierarchical.NodeTestTask.lambda$executeRecursively$9(NodeTestTask.java:139)
	at app//org.junit.platform.engine.support.hierarchical.ThrowableCollector.execute(ThrowableCollector.java:73)
	at app//org.junit.platform.engine.support.hierarchical.NodeTestTask.executeRecursively(NodeTestTask.java:138)
	at app//org.junit.platform.engine.support.hierarchical.NodeTestTask.execute(NodeTestTask.java:95)
	at app//org.junit.platform.engine.support.hierarchical.SameThreadHierarchicalTestExecutorService.submit(SameThreadHierarchicalTestExecutorService.java:35)
	at app//org.junit.platform.engine.support.hierarchical.NodeTestTask$DefaultDynamicTestExecutor.execute(NodeTestTask.java:226)
	at app//org.junit.platform.engine.support.hierarchical.NodeTestTask$DefaultDynamicTestExecutor.execute(NodeTestTask.java:204)
	at java.base@11.0.18/java.util.Optional.ifPresent(Optional.java:183)
	at app//org.junit.jupiter.engine.descriptor.TestFactoryTestDescriptor.lambda$invokeTestMethod$1(TestFactoryTestDescriptor.java:108)
	at app//org.junit.platform.engine.support.hierarchical.ThrowableCollector.execute(ThrowableCollector.java:73)
	at app//org.junit.jupiter.engine.descriptor.TestFactoryTestDescriptor.invokeTestMethod(TestFactoryTestDescriptor.java:95)
	at app//org.junit.jupiter.engine.descriptor.TestMethodTestDescriptor.execute(TestMethodTestDescriptor.java:138)
	at app//org.junit.jupiter.engine.descriptor.TestMethodTestDescriptor.execute(TestMethodTestDescriptor.java:68)
	at app//org.junit.platform.engine.support.hierarchical.NodeTestTask.lambda$executeRecursively$6(NodeTestTask.java:151)
	at app//org.junit.platform.engine.support.hierarchical.ThrowableCollector.execute(ThrowableCollector.java:73)
	at app//org.junit.platform.engine.support.hierarchical.NodeTestTask.lambda$executeRecursively$8(NodeTestTask.java:141)
	at app//org.junit.platform.engine.support.hierarchical.Node.around(Node.java:137)
	at app//org.junit.platform.engine.support.hierarchical.NodeTestTask.lambda$executeRecursively$9(NodeTestTask.java:139)
	at app//org.junit.platform.engine.support.hierarchical.ThrowableCollector.execute(ThrowableCollector.java:73)
	at app//org.junit.platform.engine.support.hierarchical.NodeTestTask.executeRecursively(NodeTestTask.java:138)
	at app//org.junit.platform.engine.support.hierarchical.NodeTestTask.execute(NodeTestTask.java:95)
	at java.base@11.0.18/java.util.ArrayList.forEach(ArrayList.java:1541)
	at app//org.junit.platform.engine.support.hierarchical.SameThreadHierarchicalTestExecutorService.invokeAll(SameThreadHierarchicalTestExecutorService.java:41)
	at app//org.junit.platform.engine.support.hierarchical.NodeTestTask.lambda$executeRecursively$6(NodeTestTask.java:155)
	at app//org.junit.platform.engine.support.hierarchical.ThrowableCollector.execute(ThrowableCollector.java:73)
	at app//org.junit.platform.engine.support.hierarchical.NodeTestTask.lambda$executeRecursively$8(NodeTestTask.java:141)
	at app//org.junit.platform.engine.support.hierarchical.Node.around(Node.java:137)
	at app//org.junit.platform.engine.support.hierarchical.NodeTestTask.lambda$executeRecursively$9(NodeTestTask.java:139)
	at app//org.junit.platform.engine.support.hierarchical.ThrowableCollector.execute(ThrowableCollector.java:73)
	at app//org.junit.platform.engine.support.hierarchical.NodeTestTask.executeRecursively(NodeTestTask.java:138)
	at app//org.junit.platform.engine.support.hierarchical.NodeTestTask.execute(NodeTestTask.java:95)
	at java.base@11.0.18/java.util.ArrayList.forEach(ArrayList.java:1541)
	at app//org.junit.platform.engine.support.hierarchical.SameThreadHierarchicalTestExecutorService.invokeAll(SameThreadHierarchicalTestExecutorService.java:41)
	at app//org.junit.platform.engine.support.hierarchical.NodeTestTask.lambda$executeRecursively$6(NodeTestTask.java:155)
	at app//org.junit.platform.engine.support.hierarchical.ThrowableCollector.execute(ThrowableCollector.java:73)
	at app//org.junit.platform.engine.support.hierarchical.NodeTestTask.lambda$executeRecursively$8(NodeTestTask.java:141)
	at app//org.junit.platform.engine.support.hierarchical.Node.around(Node.java:137)
	at app//org.junit.platform.engine.support.hierarchical.NodeTestTask.lambda$executeRecursively$9(NodeTestTask.java:139)
	at app//org.junit.platform.engine.support.hierarchical.ThrowableCollector.execute(ThrowableCollector.java:73)
	at app//org.junit.platform.engine.support.hierarchical.NodeTestTask.executeRecursively(NodeTestTask.java:138)
	at app//org.junit.platform.engine.support.hierarchical.NodeTestTask.execute(NodeTestTask.java:95)
	at app//org.junit.platform.engine.support.hierarchical.SameThreadHierarchicalTestExecutorService.submit(SameThreadHierarchicalTestExecutorService.java:35)
	at app//org.junit.platform.engine.support.hierarchical.HierarchicalTestExecutor.execute(HierarchicalTestExecutor.java:57)
	at app//org.junit.platform.engine.support.hierarchical.HierarchicalTestEngine.execute(HierarchicalTestEngine.java:54)
	at org.junit.platform.launcher.core.EngineExecutionOrchestrator.execute(EngineExecutionOrchestrator.java:107)
	at org.junit.platform.launcher.core.EngineExecutionOrchestrator.execute(EngineExecutionOrchestrator.java:88)
	at org.junit.platform.launcher.core.EngineExecutionOrchestrator.lambda$execute$0(EngineExecutionOrchestrator.java:54)
	at org.junit.platform.launcher.core.EngineExecutionOrchestrator.withInterceptedStreams(EngineExecutionOrchestrator.java:67)
	at org.junit.platform.launcher.core.EngineExecutionOrchestrator.execute(EngineExecutionOrchestrator.java:52)
	at org.junit.platform.launcher.core.DefaultLauncher.execute(DefaultLauncher.java:114)
	at org.junit.platform.launcher.core.DefaultLauncher.execute(DefaultLauncher.java:86)
	at org.junit.platform.launcher.core.DefaultLauncherSession$DelegatingLauncher.execute(DefaultLauncherSession.java:86)
	at org.junit.platform.launcher.core.SessionPerRequestLauncher.execute(SessionPerRequestLauncher.java:53)
	at org.gradle.api.internal.tasks.testing.junitplatform.JUnitPlatformTestClassProcessor$CollectAllTestClassesExecutor.processAllTestClasses(JUnitPlatformTestClassProcessor.java:99)
	at org.gradle.api.internal.tasks.testing.junitplatform.JUnitPlatformTestClassProcessor$CollectAllTestClassesExecutor.access$000(JUnitPlatformTestClassProcessor.java:79)
	at org.gradle.api.internal.tasks.testing.junitplatform.JUnitPlatformTestClassProcessor.stop(JUnitPlatformTestClassProcessor.java:75)
	at org.gradle.api.internal.tasks.testing.SuiteTestClassProcessor.stop(SuiteTestClassProcessor.java:62)
	at java.base@11.0.18/jdk.internal.reflect.NativeMethodAccessorImpl.invoke0(Native Method)
	at java.base@11.0.18/jdk.internal.reflect.NativeMethodAccessorImpl.invoke(NativeMethodAccessorImpl.java:62)
	at java.base@11.0.18/jdk.internal.reflect.DelegatingMethodAccessorImpl.invoke(DelegatingMethodAccessorImpl.java:43)
	at java.base@11.0.18/java.lang.reflect.Method.invoke(Method.java:566)
	at org.gradle.internal.dispatch.ReflectionDispatch.dispatch(ReflectionDispatch.java:36)
	at org.gradle.internal.dispatch.ReflectionDispatch.dispatch(ReflectionDispatch.java:24)
	at org.gradle.internal.dispatch.ContextClassLoaderDispatch.dispatch(ContextClassLoaderDispatch.java:33)
	at org.gradle.internal.dispatch.ProxyDispatchAdapter$DispatchingInvocationHandler.invoke(ProxyDispatchAdapter.java:94)
	at com.sun.proxy.$Proxy2.stop(Unknown Source)
	at org.gradle.api.internal.tasks.testing.worker.TestWorker$3.run(TestWorker.java:193)
	at org.gradle.api.internal.tasks.testing.worker.TestWorker.executeAndMaintainThreadName(TestWorker.java:129)
	at org.gradle.api.internal.tasks.testing.worker.TestWorker.execute(TestWorker.java:100)
	at org.gradle.api.internal.tasks.testing.worker.TestWorker.execute(TestWorker.java:60)
	at org.gradle.process.internal.worker.child.ActionExecutionWorker.execute(ActionExecutionWorker.java:56)
	at org.gradle.process.internal.worker.child.SystemApplicationClassLoaderWorker.call(SystemApplicationClassLoaderWorker.java:113)
	at org.gradle.process.internal.worker.child.SystemApplicationClassLoaderWorker.call(SystemApplicationClassLoaderWorker.java:65)
	at app//worker.org.gradle.process.internal.worker.GradleWorkerMain.run(GradleWorkerMain.java:69)
	at app//worker.org.gradle.process.internal.worker.GradleWorkerMain.main(GradleWorkerMain.java:74)
</failure>
  </testcase>
  <testcase name="observer" classname="de.uka.ilkd.key.proof.runallproofs.RunAllProofsFunctional" time="0.773">
    <failure message="org.opentest4j.AssertionFailedError: Executed process terminated with non-zero exit value. ==&gt; expected: &lt;0&gt; but was: &lt;1&gt;" type="org.opentest4j.AssertionFailedError">org.opentest4j.AssertionFailedError: Executed process terminated with non-zero exit value. ==&gt; expected: &lt;0&gt; but was: &lt;1&gt;
	at app//org.junit.jupiter.api.AssertionFailureBuilder.build(AssertionFailureBuilder.java:151)
	at app//org.junit.jupiter.api.AssertionFailureBuilder.buildAndThrow(AssertionFailureBuilder.java:132)
	at app//org.junit.jupiter.api.AssertEquals.failNotEqual(AssertEquals.java:197)
	at app//org.junit.jupiter.api.AssertEquals.assertEquals(AssertEquals.java:150)
	at app//org.junit.jupiter.api.Assertions.assertEquals(Assertions.java:560)
	at app//de.uka.ilkd.key.proof.runallproofs.proofcollection.ForkedTestFileRunner.processTestFiles(ForkedTestFileRunner.java:129)
	at app//de.uka.ilkd.key.proof.runallproofs.RunAllProofsTestUnit.runTest(RunAllProofsTestUnit.java:85)
	at app//de.uka.ilkd.key.proof.runallproofs.RunAllProofsTest.lambda$data$0(RunAllProofsTest.java:83)
	at app//org.junit.jupiter.engine.descriptor.DynamicTestTestDescriptor.lambda$execute$0(DynamicTestTestDescriptor.java:53)
	at app//org.junit.jupiter.engine.execution.InvocationInterceptorChain$ValidatingInvocation.proceed(InvocationInterceptorChain.java:131)
	at app//org.junit.jupiter.api.extension.InvocationInterceptor.interceptDynamicTest(InvocationInterceptor.java:167)
	at app//org.junit.jupiter.api.extension.InvocationInterceptor.interceptDynamicTest(InvocationInterceptor.java:184)
	at app//org.junit.jupiter.engine.descriptor.DynamicTestTestDescriptor.lambda$execute$1(DynamicTestTestDescriptor.java:61)
	at app//org.junit.jupiter.engine.execution.InvocationInterceptorChain$InterceptorCall.lambda$ofVoid$0(InvocationInterceptorChain.java:78)
	at app//org.junit.jupiter.engine.execution.InvocationInterceptorChain$InterceptedInvocation.proceed(InvocationInterceptorChain.java:106)
	at app//org.junit.jupiter.engine.execution.InvocationInterceptorChain.proceed(InvocationInterceptorChain.java:64)
	at app//org.junit.jupiter.engine.execution.InvocationInterceptorChain.chainAndInvoke(InvocationInterceptorChain.java:45)
	at app//org.junit.jupiter.engine.execution.InvocationInterceptorChain.invoke(InvocationInterceptorChain.java:37)
	at app//org.junit.jupiter.engine.descriptor.DynamicTestTestDescriptor.execute(DynamicTestTestDescriptor.java:60)
	at app//org.junit.jupiter.engine.descriptor.DynamicTestTestDescriptor.execute(DynamicTestTestDescriptor.java:32)
	at app//org.junit.platform.engine.support.hierarchical.NodeTestTask.lambda$executeRecursively$6(NodeTestTask.java:151)
	at app//org.junit.platform.engine.support.hierarchical.ThrowableCollector.execute(ThrowableCollector.java:73)
	at app//org.junit.platform.engine.support.hierarchical.NodeTestTask.lambda$executeRecursively$8(NodeTestTask.java:141)
	at app//org.junit.platform.engine.support.hierarchical.Node.around(Node.java:137)
	at app//org.junit.platform.engine.support.hierarchical.NodeTestTask.lambda$executeRecursively$9(NodeTestTask.java:139)
	at app//org.junit.platform.engine.support.hierarchical.ThrowableCollector.execute(ThrowableCollector.java:73)
	at app//org.junit.platform.engine.support.hierarchical.NodeTestTask.executeRecursively(NodeTestTask.java:138)
	at app//org.junit.platform.engine.support.hierarchical.NodeTestTask.execute(NodeTestTask.java:95)
	at app//org.junit.platform.engine.support.hierarchical.SameThreadHierarchicalTestExecutorService.submit(SameThreadHierarchicalTestExecutorService.java:35)
	at app//org.junit.platform.engine.support.hierarchical.NodeTestTask$DefaultDynamicTestExecutor.execute(NodeTestTask.java:226)
	at app//org.junit.platform.engine.support.hierarchical.NodeTestTask$DefaultDynamicTestExecutor.execute(NodeTestTask.java:204)
	at java.base@11.0.18/java.util.Optional.ifPresent(Optional.java:183)
	at app//org.junit.jupiter.engine.descriptor.TestFactoryTestDescriptor.lambda$invokeTestMethod$1(TestFactoryTestDescriptor.java:108)
	at app//org.junit.platform.engine.support.hierarchical.ThrowableCollector.execute(ThrowableCollector.java:73)
	at app//org.junit.jupiter.engine.descriptor.TestFactoryTestDescriptor.invokeTestMethod(TestFactoryTestDescriptor.java:95)
	at app//org.junit.jupiter.engine.descriptor.TestMethodTestDescriptor.execute(TestMethodTestDescriptor.java:138)
	at app//org.junit.jupiter.engine.descriptor.TestMethodTestDescriptor.execute(TestMethodTestDescriptor.java:68)
	at app//org.junit.platform.engine.support.hierarchical.NodeTestTask.lambda$executeRecursively$6(NodeTestTask.java:151)
	at app//org.junit.platform.engine.support.hierarchical.ThrowableCollector.execute(ThrowableCollector.java:73)
	at app//org.junit.platform.engine.support.hierarchical.NodeTestTask.lambda$executeRecursively$8(NodeTestTask.java:141)
	at app//org.junit.platform.engine.support.hierarchical.Node.around(Node.java:137)
	at app//org.junit.platform.engine.support.hierarchical.NodeTestTask.lambda$executeRecursively$9(NodeTestTask.java:139)
	at app//org.junit.platform.engine.support.hierarchical.ThrowableCollector.execute(ThrowableCollector.java:73)
	at app//org.junit.platform.engine.support.hierarchical.NodeTestTask.executeRecursively(NodeTestTask.java:138)
	at app//org.junit.platform.engine.support.hierarchical.NodeTestTask.execute(NodeTestTask.java:95)
	at java.base@11.0.18/java.util.ArrayList.forEach(ArrayList.java:1541)
	at app//org.junit.platform.engine.support.hierarchical.SameThreadHierarchicalTestExecutorService.invokeAll(SameThreadHierarchicalTestExecutorService.java:41)
	at app//org.junit.platform.engine.support.hierarchical.NodeTestTask.lambda$executeRecursively$6(NodeTestTask.java:155)
	at app//org.junit.platform.engine.support.hierarchical.ThrowableCollector.execute(ThrowableCollector.java:73)
	at app//org.junit.platform.engine.support.hierarchical.NodeTestTask.lambda$executeRecursively$8(NodeTestTask.java:141)
	at app//org.junit.platform.engine.support.hierarchical.Node.around(Node.java:137)
	at app//org.junit.platform.engine.support.hierarchical.NodeTestTask.lambda$executeRecursively$9(NodeTestTask.java:139)
	at app//org.junit.platform.engine.support.hierarchical.ThrowableCollector.execute(ThrowableCollector.java:73)
	at app//org.junit.platform.engine.support.hierarchical.NodeTestTask.executeRecursively(NodeTestTask.java:138)
	at app//org.junit.platform.engine.support.hierarchical.NodeTestTask.execute(NodeTestTask.java:95)
	at java.base@11.0.18/java.util.ArrayList.forEach(ArrayList.java:1541)
	at app//org.junit.platform.engine.support.hierarchical.SameThreadHierarchicalTestExecutorService.invokeAll(SameThreadHierarchicalTestExecutorService.java:41)
	at app//org.junit.platform.engine.support.hierarchical.NodeTestTask.lambda$executeRecursively$6(NodeTestTask.java:155)
	at app//org.junit.platform.engine.support.hierarchical.ThrowableCollector.execute(ThrowableCollector.java:73)
	at app//org.junit.platform.engine.support.hierarchical.NodeTestTask.lambda$executeRecursively$8(NodeTestTask.java:141)
	at app//org.junit.platform.engine.support.hierarchical.Node.around(Node.java:137)
	at app//org.junit.platform.engine.support.hierarchical.NodeTestTask.lambda$executeRecursively$9(NodeTestTask.java:139)
	at app//org.junit.platform.engine.support.hierarchical.ThrowableCollector.execute(ThrowableCollector.java:73)
	at app//org.junit.platform.engine.support.hierarchical.NodeTestTask.executeRecursively(NodeTestTask.java:138)
	at app//org.junit.platform.engine.support.hierarchical.NodeTestTask.execute(NodeTestTask.java:95)
	at app//org.junit.platform.engine.support.hierarchical.SameThreadHierarchicalTestExecutorService.submit(SameThreadHierarchicalTestExecutorService.java:35)
	at app//org.junit.platform.engine.support.hierarchical.HierarchicalTestExecutor.execute(HierarchicalTestExecutor.java:57)
	at app//org.junit.platform.engine.support.hierarchical.HierarchicalTestEngine.execute(HierarchicalTestEngine.java:54)
	at org.junit.platform.launcher.core.EngineExecutionOrchestrator.execute(EngineExecutionOrchestrator.java:107)
	at org.junit.platform.launcher.core.EngineExecutionOrchestrator.execute(EngineExecutionOrchestrator.java:88)
	at org.junit.platform.launcher.core.EngineExecutionOrchestrator.lambda$execute$0(EngineExecutionOrchestrator.java:54)
	at org.junit.platform.launcher.core.EngineExecutionOrchestrator.withInterceptedStreams(EngineExecutionOrchestrator.java:67)
	at org.junit.platform.launcher.core.EngineExecutionOrchestrator.execute(EngineExecutionOrchestrator.java:52)
	at org.junit.platform.launcher.core.DefaultLauncher.execute(DefaultLauncher.java:114)
	at org.junit.platform.launcher.core.DefaultLauncher.execute(DefaultLauncher.java:86)
	at org.junit.platform.launcher.core.DefaultLauncherSession$DelegatingLauncher.execute(DefaultLauncherSession.java:86)
	at org.junit.platform.launcher.core.SessionPerRequestLauncher.execute(SessionPerRequestLauncher.java:53)
	at org.gradle.api.internal.tasks.testing.junitplatform.JUnitPlatformTestClassProcessor$CollectAllTestClassesExecutor.processAllTestClasses(JUnitPlatformTestClassProcessor.java:99)
	at org.gradle.api.internal.tasks.testing.junitplatform.JUnitPlatformTestClassProcessor$CollectAllTestClassesExecutor.access$000(JUnitPlatformTestClassProcessor.java:79)
	at org.gradle.api.internal.tasks.testing.junitplatform.JUnitPlatformTestClassProcessor.stop(JUnitPlatformTestClassProcessor.java:75)
	at org.gradle.api.internal.tasks.testing.SuiteTestClassProcessor.stop(SuiteTestClassProcessor.java:62)
	at java.base@11.0.18/jdk.internal.reflect.NativeMethodAccessorImpl.invoke0(Native Method)
	at java.base@11.0.18/jdk.internal.reflect.NativeMethodAccessorImpl.invoke(NativeMethodAccessorImpl.java:62)
	at java.base@11.0.18/jdk.internal.reflect.DelegatingMethodAccessorImpl.invoke(DelegatingMethodAccessorImpl.java:43)
	at java.base@11.0.18/java.lang.reflect.Method.invoke(Method.java:566)
	at org.gradle.internal.dispatch.ReflectionDispatch.dispatch(ReflectionDispatch.java:36)
	at org.gradle.internal.dispatch.ReflectionDispatch.dispatch(ReflectionDispatch.java:24)
	at org.gradle.internal.dispatch.ContextClassLoaderDispatch.dispatch(ContextClassLoaderDispatch.java:33)
	at org.gradle.internal.dispatch.ProxyDispatchAdapter$DispatchingInvocationHandler.invoke(ProxyDispatchAdapter.java:94)
	at com.sun.proxy.$Proxy2.stop(Unknown Source)
	at org.gradle.api.internal.tasks.testing.worker.TestWorker$3.run(TestWorker.java:193)
	at org.gradle.api.internal.tasks.testing.worker.TestWorker.executeAndMaintainThreadName(TestWorker.java:129)
	at org.gradle.api.internal.tasks.testing.worker.TestWorker.execute(TestWorker.java:100)
	at org.gradle.api.internal.tasks.testing.worker.TestWorker.execute(TestWorker.java:60)
	at org.gradle.process.internal.worker.child.ActionExecutionWorker.execute(ActionExecutionWorker.java:56)
	at org.gradle.process.internal.worker.child.SystemApplicationClassLoaderWorker.call(SystemApplicationClassLoaderWorker.java:113)
	at org.gradle.process.internal.worker.child.SystemApplicationClassLoaderWorker.call(SystemApplicationClassLoaderWorker.java:65)
	at app//worker.org.gradle.process.internal.worker.GradleWorkerMain.run(GradleWorkerMain.java:69)
	at app//worker.org.gradle.process.internal.worker.GradleWorkerMain.main(GradleWorkerMain.java:74)
</failure>
  </testcase>
  <testcase name="removeDups" classname="de.uka.ilkd.key.proof.runallproofs.RunAllProofsFunctional" time="0.728">
    <failure message="org.opentest4j.AssertionFailedError: Executed process terminated with non-zero exit value. ==&gt; expected: &lt;0&gt; but was: &lt;1&gt;" type="org.opentest4j.AssertionFailedError">org.opentest4j.AssertionFailedError: Executed process terminated with non-zero exit value. ==&gt; expected: &lt;0&gt; but was: &lt;1&gt;
	at app//org.junit.jupiter.api.AssertionFailureBuilder.build(AssertionFailureBuilder.java:151)
	at app//org.junit.jupiter.api.AssertionFailureBuilder.buildAndThrow(AssertionFailureBuilder.java:132)
	at app//org.junit.jupiter.api.AssertEquals.failNotEqual(AssertEquals.java:197)
	at app//org.junit.jupiter.api.AssertEquals.assertEquals(AssertEquals.java:150)
	at app//org.junit.jupiter.api.Assertions.assertEquals(Assertions.java:560)
	at app//de.uka.ilkd.key.proof.runallproofs.proofcollection.ForkedTestFileRunner.processTestFiles(ForkedTestFileRunner.java:129)
	at app//de.uka.ilkd.key.proof.runallproofs.RunAllProofsTestUnit.runTest(RunAllProofsTestUnit.java:85)
	at app//de.uka.ilkd.key.proof.runallproofs.RunAllProofsTest.lambda$data$0(RunAllProofsTest.java:83)
	at app//org.junit.jupiter.engine.descriptor.DynamicTestTestDescriptor.lambda$execute$0(DynamicTestTestDescriptor.java:53)
	at app//org.junit.jupiter.engine.execution.InvocationInterceptorChain$ValidatingInvocation.proceed(InvocationInterceptorChain.java:131)
	at app//org.junit.jupiter.api.extension.InvocationInterceptor.interceptDynamicTest(InvocationInterceptor.java:167)
	at app//org.junit.jupiter.api.extension.InvocationInterceptor.interceptDynamicTest(InvocationInterceptor.java:184)
	at app//org.junit.jupiter.engine.descriptor.DynamicTestTestDescriptor.lambda$execute$1(DynamicTestTestDescriptor.java:61)
	at app//org.junit.jupiter.engine.execution.InvocationInterceptorChain$InterceptorCall.lambda$ofVoid$0(InvocationInterceptorChain.java:78)
	at app//org.junit.jupiter.engine.execution.InvocationInterceptorChain$InterceptedInvocation.proceed(InvocationInterceptorChain.java:106)
	at app//org.junit.jupiter.engine.execution.InvocationInterceptorChain.proceed(InvocationInterceptorChain.java:64)
	at app//org.junit.jupiter.engine.execution.InvocationInterceptorChain.chainAndInvoke(InvocationInterceptorChain.java:45)
	at app//org.junit.jupiter.engine.execution.InvocationInterceptorChain.invoke(InvocationInterceptorChain.java:37)
	at app//org.junit.jupiter.engine.descriptor.DynamicTestTestDescriptor.execute(DynamicTestTestDescriptor.java:60)
	at app//org.junit.jupiter.engine.descriptor.DynamicTestTestDescriptor.execute(DynamicTestTestDescriptor.java:32)
	at app//org.junit.platform.engine.support.hierarchical.NodeTestTask.lambda$executeRecursively$6(NodeTestTask.java:151)
	at app//org.junit.platform.engine.support.hierarchical.ThrowableCollector.execute(ThrowableCollector.java:73)
	at app//org.junit.platform.engine.support.hierarchical.NodeTestTask.lambda$executeRecursively$8(NodeTestTask.java:141)
	at app//org.junit.platform.engine.support.hierarchical.Node.around(Node.java:137)
	at app//org.junit.platform.engine.support.hierarchical.NodeTestTask.lambda$executeRecursively$9(NodeTestTask.java:139)
	at app//org.junit.platform.engine.support.hierarchical.ThrowableCollector.execute(ThrowableCollector.java:73)
	at app//org.junit.platform.engine.support.hierarchical.NodeTestTask.executeRecursively(NodeTestTask.java:138)
	at app//org.junit.platform.engine.support.hierarchical.NodeTestTask.execute(NodeTestTask.java:95)
	at app//org.junit.platform.engine.support.hierarchical.SameThreadHierarchicalTestExecutorService.submit(SameThreadHierarchicalTestExecutorService.java:35)
	at app//org.junit.platform.engine.support.hierarchical.NodeTestTask$DefaultDynamicTestExecutor.execute(NodeTestTask.java:226)
	at app//org.junit.platform.engine.support.hierarchical.NodeTestTask$DefaultDynamicTestExecutor.execute(NodeTestTask.java:204)
	at java.base@11.0.18/java.util.Optional.ifPresent(Optional.java:183)
	at app//org.junit.jupiter.engine.descriptor.TestFactoryTestDescriptor.lambda$invokeTestMethod$1(TestFactoryTestDescriptor.java:108)
	at app//org.junit.platform.engine.support.hierarchical.ThrowableCollector.execute(ThrowableCollector.java:73)
	at app//org.junit.jupiter.engine.descriptor.TestFactoryTestDescriptor.invokeTestMethod(TestFactoryTestDescriptor.java:95)
	at app//org.junit.jupiter.engine.descriptor.TestMethodTestDescriptor.execute(TestMethodTestDescriptor.java:138)
	at app//org.junit.jupiter.engine.descriptor.TestMethodTestDescriptor.execute(TestMethodTestDescriptor.java:68)
	at app//org.junit.platform.engine.support.hierarchical.NodeTestTask.lambda$executeRecursively$6(NodeTestTask.java:151)
	at app//org.junit.platform.engine.support.hierarchical.ThrowableCollector.execute(ThrowableCollector.java:73)
	at app//org.junit.platform.engine.support.hierarchical.NodeTestTask.lambda$executeRecursively$8(NodeTestTask.java:141)
	at app//org.junit.platform.engine.support.hierarchical.Node.around(Node.java:137)
	at app//org.junit.platform.engine.support.hierarchical.NodeTestTask.lambda$executeRecursively$9(NodeTestTask.java:139)
	at app//org.junit.platform.engine.support.hierarchical.ThrowableCollector.execute(ThrowableCollector.java:73)
	at app//org.junit.platform.engine.support.hierarchical.NodeTestTask.executeRecursively(NodeTestTask.java:138)
	at app//org.junit.platform.engine.support.hierarchical.NodeTestTask.execute(NodeTestTask.java:95)
	at java.base@11.0.18/java.util.ArrayList.forEach(ArrayList.java:1541)
	at app//org.junit.platform.engine.support.hierarchical.SameThreadHierarchicalTestExecutorService.invokeAll(SameThreadHierarchicalTestExecutorService.java:41)
	at app//org.junit.platform.engine.support.hierarchical.NodeTestTask.lambda$executeRecursively$6(NodeTestTask.java:155)
	at app//org.junit.platform.engine.support.hierarchical.ThrowableCollector.execute(ThrowableCollector.java:73)
	at app//org.junit.platform.engine.support.hierarchical.NodeTestTask.lambda$executeRecursively$8(NodeTestTask.java:141)
	at app//org.junit.platform.engine.support.hierarchical.Node.around(Node.java:137)
	at app//org.junit.platform.engine.support.hierarchical.NodeTestTask.lambda$executeRecursively$9(NodeTestTask.java:139)
	at app//org.junit.platform.engine.support.hierarchical.ThrowableCollector.execute(ThrowableCollector.java:73)
	at app//org.junit.platform.engine.support.hierarchical.NodeTestTask.executeRecursively(NodeTestTask.java:138)
	at app//org.junit.platform.engine.support.hierarchical.NodeTestTask.execute(NodeTestTask.java:95)
	at java.base@11.0.18/java.util.ArrayList.forEach(ArrayList.java:1541)
	at app//org.junit.platform.engine.support.hierarchical.SameThreadHierarchicalTestExecutorService.invokeAll(SameThreadHierarchicalTestExecutorService.java:41)
	at app//org.junit.platform.engine.support.hierarchical.NodeTestTask.lambda$executeRecursively$6(NodeTestTask.java:155)
	at app//org.junit.platform.engine.support.hierarchical.ThrowableCollector.execute(ThrowableCollector.java:73)
	at app//org.junit.platform.engine.support.hierarchical.NodeTestTask.lambda$executeRecursively$8(NodeTestTask.java:141)
	at app//org.junit.platform.engine.support.hierarchical.Node.around(Node.java:137)
	at app//org.junit.platform.engine.support.hierarchical.NodeTestTask.lambda$executeRecursively$9(NodeTestTask.java:139)
	at app//org.junit.platform.engine.support.hierarchical.ThrowableCollector.execute(ThrowableCollector.java:73)
	at app//org.junit.platform.engine.support.hierarchical.NodeTestTask.executeRecursively(NodeTestTask.java:138)
	at app//org.junit.platform.engine.support.hierarchical.NodeTestTask.execute(NodeTestTask.java:95)
	at app//org.junit.platform.engine.support.hierarchical.SameThreadHierarchicalTestExecutorService.submit(SameThreadHierarchicalTestExecutorService.java:35)
	at app//org.junit.platform.engine.support.hierarchical.HierarchicalTestExecutor.execute(HierarchicalTestExecutor.java:57)
	at app//org.junit.platform.engine.support.hierarchical.HierarchicalTestEngine.execute(HierarchicalTestEngine.java:54)
	at org.junit.platform.launcher.core.EngineExecutionOrchestrator.execute(EngineExecutionOrchestrator.java:107)
	at org.junit.platform.launcher.core.EngineExecutionOrchestrator.execute(EngineExecutionOrchestrator.java:88)
	at org.junit.platform.launcher.core.EngineExecutionOrchestrator.lambda$execute$0(EngineExecutionOrchestrator.java:54)
	at org.junit.platform.launcher.core.EngineExecutionOrchestrator.withInterceptedStreams(EngineExecutionOrchestrator.java:67)
	at org.junit.platform.launcher.core.EngineExecutionOrchestrator.execute(EngineExecutionOrchestrator.java:52)
	at org.junit.platform.launcher.core.DefaultLauncher.execute(DefaultLauncher.java:114)
	at org.junit.platform.launcher.core.DefaultLauncher.execute(DefaultLauncher.java:86)
	at org.junit.platform.launcher.core.DefaultLauncherSession$DelegatingLauncher.execute(DefaultLauncherSession.java:86)
	at org.junit.platform.launcher.core.SessionPerRequestLauncher.execute(SessionPerRequestLauncher.java:53)
	at org.gradle.api.internal.tasks.testing.junitplatform.JUnitPlatformTestClassProcessor$CollectAllTestClassesExecutor.processAllTestClasses(JUnitPlatformTestClassProcessor.java:99)
	at org.gradle.api.internal.tasks.testing.junitplatform.JUnitPlatformTestClassProcessor$CollectAllTestClassesExecutor.access$000(JUnitPlatformTestClassProcessor.java:79)
	at org.gradle.api.internal.tasks.testing.junitplatform.JUnitPlatformTestClassProcessor.stop(JUnitPlatformTestClassProcessor.java:75)
	at org.gradle.api.internal.tasks.testing.SuiteTestClassProcessor.stop(SuiteTestClassProcessor.java:62)
	at java.base@11.0.18/jdk.internal.reflect.NativeMethodAccessorImpl.invoke0(Native Method)
	at java.base@11.0.18/jdk.internal.reflect.NativeMethodAccessorImpl.invoke(NativeMethodAccessorImpl.java:62)
	at java.base@11.0.18/jdk.internal.reflect.DelegatingMethodAccessorImpl.invoke(DelegatingMethodAccessorImpl.java:43)
	at java.base@11.0.18/java.lang.reflect.Method.invoke(Method.java:566)
	at org.gradle.internal.dispatch.ReflectionDispatch.dispatch(ReflectionDispatch.java:36)
	at org.gradle.internal.dispatch.ReflectionDispatch.dispatch(ReflectionDispatch.java:24)
	at org.gradle.internal.dispatch.ContextClassLoaderDispatch.dispatch(ContextClassLoaderDispatch.java:33)
	at org.gradle.internal.dispatch.ProxyDispatchAdapter$DispatchingInvocationHandler.invoke(ProxyDispatchAdapter.java:94)
	at com.sun.proxy.$Proxy2.stop(Unknown Source)
	at org.gradle.api.internal.tasks.testing.worker.TestWorker$3.run(TestWorker.java:193)
	at org.gradle.api.internal.tasks.testing.worker.TestWorker.executeAndMaintainThreadName(TestWorker.java:129)
	at org.gradle.api.internal.tasks.testing.worker.TestWorker.execute(TestWorker.java:100)
	at org.gradle.api.internal.tasks.testing.worker.TestWorker.execute(TestWorker.java:60)
	at org.gradle.process.internal.worker.child.ActionExecutionWorker.execute(ActionExecutionWorker.java:56)
	at org.gradle.process.internal.worker.child.SystemApplicationClassLoaderWorker.call(SystemApplicationClassLoaderWorker.java:113)
	at org.gradle.process.internal.worker.child.SystemApplicationClassLoaderWorker.call(SystemApplicationClassLoaderWorker.java:65)
	at app//worker.org.gradle.process.internal.worker.GradleWorkerMain.run(GradleWorkerMain.java:69)
	at app//worker.org.gradle.process.internal.worker.GradleWorkerMain.main(GradleWorkerMain.java:74)
</failure>
  </testcase>
  <testcase name="Saddleback_search.key" classname="de.uka.ilkd.key.proof.runallproofs.RunAllProofsFunctional" time="0.754">
    <failure message="org.opentest4j.AssertionFailedError: Executed process terminated with non-zero exit value. ==&gt; expected: &lt;0&gt; but was: &lt;1&gt;" type="org.opentest4j.AssertionFailedError">org.opentest4j.AssertionFailedError: Executed process terminated with non-zero exit value. ==&gt; expected: &lt;0&gt; but was: &lt;1&gt;
	at app//org.junit.jupiter.api.AssertionFailureBuilder.build(AssertionFailureBuilder.java:151)
	at app//org.junit.jupiter.api.AssertionFailureBuilder.buildAndThrow(AssertionFailureBuilder.java:132)
	at app//org.junit.jupiter.api.AssertEquals.failNotEqual(AssertEquals.java:197)
	at app//org.junit.jupiter.api.AssertEquals.assertEquals(AssertEquals.java:150)
	at app//org.junit.jupiter.api.Assertions.assertEquals(Assertions.java:560)
	at app//de.uka.ilkd.key.proof.runallproofs.proofcollection.ForkedTestFileRunner.processTestFiles(ForkedTestFileRunner.java:129)
	at app//de.uka.ilkd.key.proof.runallproofs.RunAllProofsTestUnit.runTest(RunAllProofsTestUnit.java:85)
	at app//de.uka.ilkd.key.proof.runallproofs.RunAllProofsTest.lambda$data$0(RunAllProofsTest.java:83)
	at app//org.junit.jupiter.engine.descriptor.DynamicTestTestDescriptor.lambda$execute$0(DynamicTestTestDescriptor.java:53)
	at app//org.junit.jupiter.engine.execution.InvocationInterceptorChain$ValidatingInvocation.proceed(InvocationInterceptorChain.java:131)
	at app//org.junit.jupiter.api.extension.InvocationInterceptor.interceptDynamicTest(InvocationInterceptor.java:167)
	at app//org.junit.jupiter.api.extension.InvocationInterceptor.interceptDynamicTest(InvocationInterceptor.java:184)
	at app//org.junit.jupiter.engine.descriptor.DynamicTestTestDescriptor.lambda$execute$1(DynamicTestTestDescriptor.java:61)
	at app//org.junit.jupiter.engine.execution.InvocationInterceptorChain$InterceptorCall.lambda$ofVoid$0(InvocationInterceptorChain.java:78)
	at app//org.junit.jupiter.engine.execution.InvocationInterceptorChain$InterceptedInvocation.proceed(InvocationInterceptorChain.java:106)
	at app//org.junit.jupiter.engine.execution.InvocationInterceptorChain.proceed(InvocationInterceptorChain.java:64)
	at app//org.junit.jupiter.engine.execution.InvocationInterceptorChain.chainAndInvoke(InvocationInterceptorChain.java:45)
	at app//org.junit.jupiter.engine.execution.InvocationInterceptorChain.invoke(InvocationInterceptorChain.java:37)
	at app//org.junit.jupiter.engine.descriptor.DynamicTestTestDescriptor.execute(DynamicTestTestDescriptor.java:60)
	at app//org.junit.jupiter.engine.descriptor.DynamicTestTestDescriptor.execute(DynamicTestTestDescriptor.java:32)
	at app//org.junit.platform.engine.support.hierarchical.NodeTestTask.lambda$executeRecursively$6(NodeTestTask.java:151)
	at app//org.junit.platform.engine.support.hierarchical.ThrowableCollector.execute(ThrowableCollector.java:73)
	at app//org.junit.platform.engine.support.hierarchical.NodeTestTask.lambda$executeRecursively$8(NodeTestTask.java:141)
	at app//org.junit.platform.engine.support.hierarchical.Node.around(Node.java:137)
	at app//org.junit.platform.engine.support.hierarchical.NodeTestTask.lambda$executeRecursively$9(NodeTestTask.java:139)
	at app//org.junit.platform.engine.support.hierarchical.ThrowableCollector.execute(ThrowableCollector.java:73)
	at app//org.junit.platform.engine.support.hierarchical.NodeTestTask.executeRecursively(NodeTestTask.java:138)
	at app//org.junit.platform.engine.support.hierarchical.NodeTestTask.execute(NodeTestTask.java:95)
	at app//org.junit.platform.engine.support.hierarchical.SameThreadHierarchicalTestExecutorService.submit(SameThreadHierarchicalTestExecutorService.java:35)
	at app//org.junit.platform.engine.support.hierarchical.NodeTestTask$DefaultDynamicTestExecutor.execute(NodeTestTask.java:226)
	at app//org.junit.platform.engine.support.hierarchical.NodeTestTask$DefaultDynamicTestExecutor.execute(NodeTestTask.java:204)
	at java.base@11.0.18/java.util.Optional.ifPresent(Optional.java:183)
	at app//org.junit.jupiter.engine.descriptor.TestFactoryTestDescriptor.lambda$invokeTestMethod$1(TestFactoryTestDescriptor.java:108)
	at app//org.junit.platform.engine.support.hierarchical.ThrowableCollector.execute(ThrowableCollector.java:73)
	at app//org.junit.jupiter.engine.descriptor.TestFactoryTestDescriptor.invokeTestMethod(TestFactoryTestDescriptor.java:95)
	at app//org.junit.jupiter.engine.descriptor.TestMethodTestDescriptor.execute(TestMethodTestDescriptor.java:138)
	at app//org.junit.jupiter.engine.descriptor.TestMethodTestDescriptor.execute(TestMethodTestDescriptor.java:68)
	at app//org.junit.platform.engine.support.hierarchical.NodeTestTask.lambda$executeRecursively$6(NodeTestTask.java:151)
	at app//org.junit.platform.engine.support.hierarchical.ThrowableCollector.execute(ThrowableCollector.java:73)
	at app//org.junit.platform.engine.support.hierarchical.NodeTestTask.lambda$executeRecursively$8(NodeTestTask.java:141)
	at app//org.junit.platform.engine.support.hierarchical.Node.around(Node.java:137)
	at app//org.junit.platform.engine.support.hierarchical.NodeTestTask.lambda$executeRecursively$9(NodeTestTask.java:139)
	at app//org.junit.platform.engine.support.hierarchical.ThrowableCollector.execute(ThrowableCollector.java:73)
	at app//org.junit.platform.engine.support.hierarchical.NodeTestTask.executeRecursively(NodeTestTask.java:138)
	at app//org.junit.platform.engine.support.hierarchical.NodeTestTask.execute(NodeTestTask.java:95)
	at java.base@11.0.18/java.util.ArrayList.forEach(ArrayList.java:1541)
	at app//org.junit.platform.engine.support.hierarchical.SameThreadHierarchicalTestExecutorService.invokeAll(SameThreadHierarchicalTestExecutorService.java:41)
	at app//org.junit.platform.engine.support.hierarchical.NodeTestTask.lambda$executeRecursively$6(NodeTestTask.java:155)
	at app//org.junit.platform.engine.support.hierarchical.ThrowableCollector.execute(ThrowableCollector.java:73)
	at app//org.junit.platform.engine.support.hierarchical.NodeTestTask.lambda$executeRecursively$8(NodeTestTask.java:141)
	at app//org.junit.platform.engine.support.hierarchical.Node.around(Node.java:137)
	at app//org.junit.platform.engine.support.hierarchical.NodeTestTask.lambda$executeRecursively$9(NodeTestTask.java:139)
	at app//org.junit.platform.engine.support.hierarchical.ThrowableCollector.execute(ThrowableCollector.java:73)
	at app//org.junit.platform.engine.support.hierarchical.NodeTestTask.executeRecursively(NodeTestTask.java:138)
	at app//org.junit.platform.engine.support.hierarchical.NodeTestTask.execute(NodeTestTask.java:95)
	at java.base@11.0.18/java.util.ArrayList.forEach(ArrayList.java:1541)
	at app//org.junit.platform.engine.support.hierarchical.SameThreadHierarchicalTestExecutorService.invokeAll(SameThreadHierarchicalTestExecutorService.java:41)
	at app//org.junit.platform.engine.support.hierarchical.NodeTestTask.lambda$executeRecursively$6(NodeTestTask.java:155)
	at app//org.junit.platform.engine.support.hierarchical.ThrowableCollector.execute(ThrowableCollector.java:73)
	at app//org.junit.platform.engine.support.hierarchical.NodeTestTask.lambda$executeRecursively$8(NodeTestTask.java:141)
	at app//org.junit.platform.engine.support.hierarchical.Node.around(Node.java:137)
	at app//org.junit.platform.engine.support.hierarchical.NodeTestTask.lambda$executeRecursively$9(NodeTestTask.java:139)
	at app//org.junit.platform.engine.support.hierarchical.ThrowableCollector.execute(ThrowableCollector.java:73)
	at app//org.junit.platform.engine.support.hierarchical.NodeTestTask.executeRecursively(NodeTestTask.java:138)
	at app//org.junit.platform.engine.support.hierarchical.NodeTestTask.execute(NodeTestTask.java:95)
	at app//org.junit.platform.engine.support.hierarchical.SameThreadHierarchicalTestExecutorService.submit(SameThreadHierarchicalTestExecutorService.java:35)
	at app//org.junit.platform.engine.support.hierarchical.HierarchicalTestExecutor.execute(HierarchicalTestExecutor.java:57)
	at app//org.junit.platform.engine.support.hierarchical.HierarchicalTestEngine.execute(HierarchicalTestEngine.java:54)
	at org.junit.platform.launcher.core.EngineExecutionOrchestrator.execute(EngineExecutionOrchestrator.java:107)
	at org.junit.platform.launcher.core.EngineExecutionOrchestrator.execute(EngineExecutionOrchestrator.java:88)
	at org.junit.platform.launcher.core.EngineExecutionOrchestrator.lambda$execute$0(EngineExecutionOrchestrator.java:54)
	at org.junit.platform.launcher.core.EngineExecutionOrchestrator.withInterceptedStreams(EngineExecutionOrchestrator.java:67)
	at org.junit.platform.launcher.core.EngineExecutionOrchestrator.execute(EngineExecutionOrchestrator.java:52)
	at org.junit.platform.launcher.core.DefaultLauncher.execute(DefaultLauncher.java:114)
	at org.junit.platform.launcher.core.DefaultLauncher.execute(DefaultLauncher.java:86)
	at org.junit.platform.launcher.core.DefaultLauncherSession$DelegatingLauncher.execute(DefaultLauncherSession.java:86)
	at org.junit.platform.launcher.core.SessionPerRequestLauncher.execute(SessionPerRequestLauncher.java:53)
	at org.gradle.api.internal.tasks.testing.junitplatform.JUnitPlatformTestClassProcessor$CollectAllTestClassesExecutor.processAllTestClasses(JUnitPlatformTestClassProcessor.java:99)
	at org.gradle.api.internal.tasks.testing.junitplatform.JUnitPlatformTestClassProcessor$CollectAllTestClassesExecutor.access$000(JUnitPlatformTestClassProcessor.java:79)
	at org.gradle.api.internal.tasks.testing.junitplatform.JUnitPlatformTestClassProcessor.stop(JUnitPlatformTestClassProcessor.java:75)
	at org.gradle.api.internal.tasks.testing.SuiteTestClassProcessor.stop(SuiteTestClassProcessor.java:62)
	at java.base@11.0.18/jdk.internal.reflect.NativeMethodAccessorImpl.invoke0(Native Method)
	at java.base@11.0.18/jdk.internal.reflect.NativeMethodAccessorImpl.invoke(NativeMethodAccessorImpl.java:62)
	at java.base@11.0.18/jdk.internal.reflect.DelegatingMethodAccessorImpl.invoke(DelegatingMethodAccessorImpl.java:43)
	at java.base@11.0.18/java.lang.reflect.Method.invoke(Method.java:566)
	at org.gradle.internal.dispatch.ReflectionDispatch.dispatch(ReflectionDispatch.java:36)
	at org.gradle.internal.dispatch.ReflectionDispatch.dispatch(ReflectionDispatch.java:24)
	at org.gradle.internal.dispatch.ContextClassLoaderDispatch.dispatch(ContextClassLoaderDispatch.java:33)
	at org.gradle.internal.dispatch.ProxyDispatchAdapter$DispatchingInvocationHandler.invoke(ProxyDispatchAdapter.java:94)
	at com.sun.proxy.$Proxy2.stop(Unknown Source)
	at org.gradle.api.internal.tasks.testing.worker.TestWorker$3.run(TestWorker.java:193)
	at org.gradle.api.internal.tasks.testing.worker.TestWorker.executeAndMaintainThreadName(TestWorker.java:129)
	at org.gradle.api.internal.tasks.testing.worker.TestWorker.execute(TestWorker.java:100)
	at org.gradle.api.internal.tasks.testing.worker.TestWorker.execute(TestWorker.java:60)
	at org.gradle.process.internal.worker.child.ActionExecutionWorker.execute(ActionExecutionWorker.java:56)
	at org.gradle.process.internal.worker.child.SystemApplicationClassLoaderWorker.call(SystemApplicationClassLoaderWorker.java:113)
	at org.gradle.process.internal.worker.child.SystemApplicationClassLoaderWorker.call(SystemApplicationClassLoaderWorker.java:65)
	at app//worker.org.gradle.process.internal.worker.GradleWorkerMain.run(GradleWorkerMain.java:69)
	at app//worker.org.gradle.process.internal.worker.GradleWorkerMain.main(GradleWorkerMain.java:74)
</failure>
  </testcase>
  <testcase name="quicksort" classname="de.uka.ilkd.key.proof.runallproofs.RunAllProofsFunctional" time="0.822">
    <failure message="org.opentest4j.AssertionFailedError: Executed process terminated with non-zero exit value. ==&gt; expected: &lt;0&gt; but was: &lt;1&gt;" type="org.opentest4j.AssertionFailedError">org.opentest4j.AssertionFailedError: Executed process terminated with non-zero exit value. ==&gt; expected: &lt;0&gt; but was: &lt;1&gt;
	at app//org.junit.jupiter.api.AssertionFailureBuilder.build(AssertionFailureBuilder.java:151)
	at app//org.junit.jupiter.api.AssertionFailureBuilder.buildAndThrow(AssertionFailureBuilder.java:132)
	at app//org.junit.jupiter.api.AssertEquals.failNotEqual(AssertEquals.java:197)
	at app//org.junit.jupiter.api.AssertEquals.assertEquals(AssertEquals.java:150)
	at app//org.junit.jupiter.api.Assertions.assertEquals(Assertions.java:560)
	at app//de.uka.ilkd.key.proof.runallproofs.proofcollection.ForkedTestFileRunner.processTestFiles(ForkedTestFileRunner.java:129)
	at app//de.uka.ilkd.key.proof.runallproofs.RunAllProofsTestUnit.runTest(RunAllProofsTestUnit.java:85)
	at app//de.uka.ilkd.key.proof.runallproofs.RunAllProofsTest.lambda$data$0(RunAllProofsTest.java:83)
	at app//org.junit.jupiter.engine.descriptor.DynamicTestTestDescriptor.lambda$execute$0(DynamicTestTestDescriptor.java:53)
	at app//org.junit.jupiter.engine.execution.InvocationInterceptorChain$ValidatingInvocation.proceed(InvocationInterceptorChain.java:131)
	at app//org.junit.jupiter.api.extension.InvocationInterceptor.interceptDynamicTest(InvocationInterceptor.java:167)
	at app//org.junit.jupiter.api.extension.InvocationInterceptor.interceptDynamicTest(InvocationInterceptor.java:184)
	at app//org.junit.jupiter.engine.descriptor.DynamicTestTestDescriptor.lambda$execute$1(DynamicTestTestDescriptor.java:61)
	at app//org.junit.jupiter.engine.execution.InvocationInterceptorChain$InterceptorCall.lambda$ofVoid$0(InvocationInterceptorChain.java:78)
	at app//org.junit.jupiter.engine.execution.InvocationInterceptorChain$InterceptedInvocation.proceed(InvocationInterceptorChain.java:106)
	at app//org.junit.jupiter.engine.execution.InvocationInterceptorChain.proceed(InvocationInterceptorChain.java:64)
	at app//org.junit.jupiter.engine.execution.InvocationInterceptorChain.chainAndInvoke(InvocationInterceptorChain.java:45)
	at app//org.junit.jupiter.engine.execution.InvocationInterceptorChain.invoke(InvocationInterceptorChain.java:37)
	at app//org.junit.jupiter.engine.descriptor.DynamicTestTestDescriptor.execute(DynamicTestTestDescriptor.java:60)
	at app//org.junit.jupiter.engine.descriptor.DynamicTestTestDescriptor.execute(DynamicTestTestDescriptor.java:32)
	at app//org.junit.platform.engine.support.hierarchical.NodeTestTask.lambda$executeRecursively$6(NodeTestTask.java:151)
	at app//org.junit.platform.engine.support.hierarchical.ThrowableCollector.execute(ThrowableCollector.java:73)
	at app//org.junit.platform.engine.support.hierarchical.NodeTestTask.lambda$executeRecursively$8(NodeTestTask.java:141)
	at app//org.junit.platform.engine.support.hierarchical.Node.around(Node.java:137)
	at app//org.junit.platform.engine.support.hierarchical.NodeTestTask.lambda$executeRecursively$9(NodeTestTask.java:139)
	at app//org.junit.platform.engine.support.hierarchical.ThrowableCollector.execute(ThrowableCollector.java:73)
	at app//org.junit.platform.engine.support.hierarchical.NodeTestTask.executeRecursively(NodeTestTask.java:138)
	at app//org.junit.platform.engine.support.hierarchical.NodeTestTask.execute(NodeTestTask.java:95)
	at app//org.junit.platform.engine.support.hierarchical.SameThreadHierarchicalTestExecutorService.submit(SameThreadHierarchicalTestExecutorService.java:35)
	at app//org.junit.platform.engine.support.hierarchical.NodeTestTask$DefaultDynamicTestExecutor.execute(NodeTestTask.java:226)
	at app//org.junit.platform.engine.support.hierarchical.NodeTestTask$DefaultDynamicTestExecutor.execute(NodeTestTask.java:204)
	at java.base@11.0.18/java.util.Optional.ifPresent(Optional.java:183)
	at app//org.junit.jupiter.engine.descriptor.TestFactoryTestDescriptor.lambda$invokeTestMethod$1(TestFactoryTestDescriptor.java:108)
	at app//org.junit.platform.engine.support.hierarchical.ThrowableCollector.execute(ThrowableCollector.java:73)
	at app//org.junit.jupiter.engine.descriptor.TestFactoryTestDescriptor.invokeTestMethod(TestFactoryTestDescriptor.java:95)
	at app//org.junit.jupiter.engine.descriptor.TestMethodTestDescriptor.execute(TestMethodTestDescriptor.java:138)
	at app//org.junit.jupiter.engine.descriptor.TestMethodTestDescriptor.execute(TestMethodTestDescriptor.java:68)
	at app//org.junit.platform.engine.support.hierarchical.NodeTestTask.lambda$executeRecursively$6(NodeTestTask.java:151)
	at app//org.junit.platform.engine.support.hierarchical.ThrowableCollector.execute(ThrowableCollector.java:73)
	at app//org.junit.platform.engine.support.hierarchical.NodeTestTask.lambda$executeRecursively$8(NodeTestTask.java:141)
	at app//org.junit.platform.engine.support.hierarchical.Node.around(Node.java:137)
	at app//org.junit.platform.engine.support.hierarchical.NodeTestTask.lambda$executeRecursively$9(NodeTestTask.java:139)
	at app//org.junit.platform.engine.support.hierarchical.ThrowableCollector.execute(ThrowableCollector.java:73)
	at app//org.junit.platform.engine.support.hierarchical.NodeTestTask.executeRecursively(NodeTestTask.java:138)
	at app//org.junit.platform.engine.support.hierarchical.NodeTestTask.execute(NodeTestTask.java:95)
	at java.base@11.0.18/java.util.ArrayList.forEach(ArrayList.java:1541)
	at app//org.junit.platform.engine.support.hierarchical.SameThreadHierarchicalTestExecutorService.invokeAll(SameThreadHierarchicalTestExecutorService.java:41)
	at app//org.junit.platform.engine.support.hierarchical.NodeTestTask.lambda$executeRecursively$6(NodeTestTask.java:155)
	at app//org.junit.platform.engine.support.hierarchical.ThrowableCollector.execute(ThrowableCollector.java:73)
	at app//org.junit.platform.engine.support.hierarchical.NodeTestTask.lambda$executeRecursively$8(NodeTestTask.java:141)
	at app//org.junit.platform.engine.support.hierarchical.Node.around(Node.java:137)
	at app//org.junit.platform.engine.support.hierarchical.NodeTestTask.lambda$executeRecursively$9(NodeTestTask.java:139)
	at app//org.junit.platform.engine.support.hierarchical.ThrowableCollector.execute(ThrowableCollector.java:73)
	at app//org.junit.platform.engine.support.hierarchical.NodeTestTask.executeRecursively(NodeTestTask.java:138)
	at app//org.junit.platform.engine.support.hierarchical.NodeTestTask.execute(NodeTestTask.java:95)
	at java.base@11.0.18/java.util.ArrayList.forEach(ArrayList.java:1541)
	at app//org.junit.platform.engine.support.hierarchical.SameThreadHierarchicalTestExecutorService.invokeAll(SameThreadHierarchicalTestExecutorService.java:41)
	at app//org.junit.platform.engine.support.hierarchical.NodeTestTask.lambda$executeRecursively$6(NodeTestTask.java:155)
	at app//org.junit.platform.engine.support.hierarchical.ThrowableCollector.execute(ThrowableCollector.java:73)
	at app//org.junit.platform.engine.support.hierarchical.NodeTestTask.lambda$executeRecursively$8(NodeTestTask.java:141)
	at app//org.junit.platform.engine.support.hierarchical.Node.around(Node.java:137)
	at app//org.junit.platform.engine.support.hierarchical.NodeTestTask.lambda$executeRecursively$9(NodeTestTask.java:139)
	at app//org.junit.platform.engine.support.hierarchical.ThrowableCollector.execute(ThrowableCollector.java:73)
	at app//org.junit.platform.engine.support.hierarchical.NodeTestTask.executeRecursively(NodeTestTask.java:138)
	at app//org.junit.platform.engine.support.hierarchical.NodeTestTask.execute(NodeTestTask.java:95)
	at app//org.junit.platform.engine.support.hierarchical.SameThreadHierarchicalTestExecutorService.submit(SameThreadHierarchicalTestExecutorService.java:35)
	at app//org.junit.platform.engine.support.hierarchical.HierarchicalTestExecutor.execute(HierarchicalTestExecutor.java:57)
	at app//org.junit.platform.engine.support.hierarchical.HierarchicalTestEngine.execute(HierarchicalTestEngine.java:54)
	at org.junit.platform.launcher.core.EngineExecutionOrchestrator.execute(EngineExecutionOrchestrator.java:107)
	at org.junit.platform.launcher.core.EngineExecutionOrchestrator.execute(EngineExecutionOrchestrator.java:88)
	at org.junit.platform.launcher.core.EngineExecutionOrchestrator.lambda$execute$0(EngineExecutionOrchestrator.java:54)
	at org.junit.platform.launcher.core.EngineExecutionOrchestrator.withInterceptedStreams(EngineExecutionOrchestrator.java:67)
	at org.junit.platform.launcher.core.EngineExecutionOrchestrator.execute(EngineExecutionOrchestrator.java:52)
	at org.junit.platform.launcher.core.DefaultLauncher.execute(DefaultLauncher.java:114)
	at org.junit.platform.launcher.core.DefaultLauncher.execute(DefaultLauncher.java:86)
	at org.junit.platform.launcher.core.DefaultLauncherSession$DelegatingLauncher.execute(DefaultLauncherSession.java:86)
	at org.junit.platform.launcher.core.SessionPerRequestLauncher.execute(SessionPerRequestLauncher.java:53)
	at org.gradle.api.internal.tasks.testing.junitplatform.JUnitPlatformTestClassProcessor$CollectAllTestClassesExecutor.processAllTestClasses(JUnitPlatformTestClassProcessor.java:99)
	at org.gradle.api.internal.tasks.testing.junitplatform.JUnitPlatformTestClassProcessor$CollectAllTestClassesExecutor.access$000(JUnitPlatformTestClassProcessor.java:79)
	at org.gradle.api.internal.tasks.testing.junitplatform.JUnitPlatformTestClassProcessor.stop(JUnitPlatformTestClassProcessor.java:75)
	at org.gradle.api.internal.tasks.testing.SuiteTestClassProcessor.stop(SuiteTestClassProcessor.java:62)
	at java.base@11.0.18/jdk.internal.reflect.NativeMethodAccessorImpl.invoke0(Native Method)
	at java.base@11.0.18/jdk.internal.reflect.NativeMethodAccessorImpl.invoke(NativeMethodAccessorImpl.java:62)
	at java.base@11.0.18/jdk.internal.reflect.DelegatingMethodAccessorImpl.invoke(DelegatingMethodAccessorImpl.java:43)
	at java.base@11.0.18/java.lang.reflect.Method.invoke(Method.java:566)
	at org.gradle.internal.dispatch.ReflectionDispatch.dispatch(ReflectionDispatch.java:36)
	at org.gradle.internal.dispatch.ReflectionDispatch.dispatch(ReflectionDispatch.java:24)
	at org.gradle.internal.dispatch.ContextClassLoaderDispatch.dispatch(ContextClassLoaderDispatch.java:33)
	at org.gradle.internal.dispatch.ProxyDispatchAdapter$DispatchingInvocationHandler.invoke(ProxyDispatchAdapter.java:94)
	at com.sun.proxy.$Proxy2.stop(Unknown Source)
	at org.gradle.api.internal.tasks.testing.worker.TestWorker$3.run(TestWorker.java:193)
	at org.gradle.api.internal.tasks.testing.worker.TestWorker.executeAndMaintainThreadName(TestWorker.java:129)
	at org.gradle.api.internal.tasks.testing.worker.TestWorker.execute(TestWorker.java:100)
	at org.gradle.api.internal.tasks.testing.worker.TestWorker.execute(TestWorker.java:60)
	at org.gradle.process.internal.worker.child.ActionExecutionWorker.execute(ActionExecutionWorker.java:56)
	at org.gradle.process.internal.worker.child.SystemApplicationClassLoaderWorker.call(SystemApplicationClassLoaderWorker.java:113)
	at org.gradle.process.internal.worker.child.SystemApplicationClassLoaderWorker.call(SystemApplicationClassLoaderWorker.java:65)
	at app//worker.org.gradle.process.internal.worker.GradleWorkerMain.run(GradleWorkerMain.java:69)
	at app//worker.org.gradle.process.internal.worker.GradleWorkerMain.main(GradleWorkerMain.java:74)
</failure>
  </testcase>
  <testcase name="simpleTests" classname="de.uka.ilkd.key.proof.runallproofs.RunAllProofsFunctional" time="0.8">
    <failure message="org.opentest4j.AssertionFailedError: Executed process terminated with non-zero exit value. ==&gt; expected: &lt;0&gt; but was: &lt;1&gt;" type="org.opentest4j.AssertionFailedError">org.opentest4j.AssertionFailedError: Executed process terminated with non-zero exit value. ==&gt; expected: &lt;0&gt; but was: &lt;1&gt;
	at app//org.junit.jupiter.api.AssertionFailureBuilder.build(AssertionFailureBuilder.java:151)
	at app//org.junit.jupiter.api.AssertionFailureBuilder.buildAndThrow(AssertionFailureBuilder.java:132)
	at app//org.junit.jupiter.api.AssertEquals.failNotEqual(AssertEquals.java:197)
	at app//org.junit.jupiter.api.AssertEquals.assertEquals(AssertEquals.java:150)
	at app//org.junit.jupiter.api.Assertions.assertEquals(Assertions.java:560)
	at app//de.uka.ilkd.key.proof.runallproofs.proofcollection.ForkedTestFileRunner.processTestFiles(ForkedTestFileRunner.java:129)
	at app//de.uka.ilkd.key.proof.runallproofs.RunAllProofsTestUnit.runTest(RunAllProofsTestUnit.java:85)
	at app//de.uka.ilkd.key.proof.runallproofs.RunAllProofsTest.lambda$data$0(RunAllProofsTest.java:83)
	at app//org.junit.jupiter.engine.descriptor.DynamicTestTestDescriptor.lambda$execute$0(DynamicTestTestDescriptor.java:53)
	at app//org.junit.jupiter.engine.execution.InvocationInterceptorChain$ValidatingInvocation.proceed(InvocationInterceptorChain.java:131)
	at app//org.junit.jupiter.api.extension.InvocationInterceptor.interceptDynamicTest(InvocationInterceptor.java:167)
	at app//org.junit.jupiter.api.extension.InvocationInterceptor.interceptDynamicTest(InvocationInterceptor.java:184)
	at app//org.junit.jupiter.engine.descriptor.DynamicTestTestDescriptor.lambda$execute$1(DynamicTestTestDescriptor.java:61)
	at app//org.junit.jupiter.engine.execution.InvocationInterceptorChain$InterceptorCall.lambda$ofVoid$0(InvocationInterceptorChain.java:78)
	at app//org.junit.jupiter.engine.execution.InvocationInterceptorChain$InterceptedInvocation.proceed(InvocationInterceptorChain.java:106)
	at app//org.junit.jupiter.engine.execution.InvocationInterceptorChain.proceed(InvocationInterceptorChain.java:64)
	at app//org.junit.jupiter.engine.execution.InvocationInterceptorChain.chainAndInvoke(InvocationInterceptorChain.java:45)
	at app//org.junit.jupiter.engine.execution.InvocationInterceptorChain.invoke(InvocationInterceptorChain.java:37)
	at app//org.junit.jupiter.engine.descriptor.DynamicTestTestDescriptor.execute(DynamicTestTestDescriptor.java:60)
	at app//org.junit.jupiter.engine.descriptor.DynamicTestTestDescriptor.execute(DynamicTestTestDescriptor.java:32)
	at app//org.junit.platform.engine.support.hierarchical.NodeTestTask.lambda$executeRecursively$6(NodeTestTask.java:151)
	at app//org.junit.platform.engine.support.hierarchical.ThrowableCollector.execute(ThrowableCollector.java:73)
	at app//org.junit.platform.engine.support.hierarchical.NodeTestTask.lambda$executeRecursively$8(NodeTestTask.java:141)
	at app//org.junit.platform.engine.support.hierarchical.Node.around(Node.java:137)
	at app//org.junit.platform.engine.support.hierarchical.NodeTestTask.lambda$executeRecursively$9(NodeTestTask.java:139)
	at app//org.junit.platform.engine.support.hierarchical.ThrowableCollector.execute(ThrowableCollector.java:73)
	at app//org.junit.platform.engine.support.hierarchical.NodeTestTask.executeRecursively(NodeTestTask.java:138)
	at app//org.junit.platform.engine.support.hierarchical.NodeTestTask.execute(NodeTestTask.java:95)
	at app//org.junit.platform.engine.support.hierarchical.SameThreadHierarchicalTestExecutorService.submit(SameThreadHierarchicalTestExecutorService.java:35)
	at app//org.junit.platform.engine.support.hierarchical.NodeTestTask$DefaultDynamicTestExecutor.execute(NodeTestTask.java:226)
	at app//org.junit.platform.engine.support.hierarchical.NodeTestTask$DefaultDynamicTestExecutor.execute(NodeTestTask.java:204)
	at java.base@11.0.18/java.util.Optional.ifPresent(Optional.java:183)
	at app//org.junit.jupiter.engine.descriptor.TestFactoryTestDescriptor.lambda$invokeTestMethod$1(TestFactoryTestDescriptor.java:108)
	at app//org.junit.platform.engine.support.hierarchical.ThrowableCollector.execute(ThrowableCollector.java:73)
	at app//org.junit.jupiter.engine.descriptor.TestFactoryTestDescriptor.invokeTestMethod(TestFactoryTestDescriptor.java:95)
	at app//org.junit.jupiter.engine.descriptor.TestMethodTestDescriptor.execute(TestMethodTestDescriptor.java:138)
	at app//org.junit.jupiter.engine.descriptor.TestMethodTestDescriptor.execute(TestMethodTestDescriptor.java:68)
	at app//org.junit.platform.engine.support.hierarchical.NodeTestTask.lambda$executeRecursively$6(NodeTestTask.java:151)
	at app//org.junit.platform.engine.support.hierarchical.ThrowableCollector.execute(ThrowableCollector.java:73)
	at app//org.junit.platform.engine.support.hierarchical.NodeTestTask.lambda$executeRecursively$8(NodeTestTask.java:141)
	at app//org.junit.platform.engine.support.hierarchical.Node.around(Node.java:137)
	at app//org.junit.platform.engine.support.hierarchical.NodeTestTask.lambda$executeRecursively$9(NodeTestTask.java:139)
	at app//org.junit.platform.engine.support.hierarchical.ThrowableCollector.execute(ThrowableCollector.java:73)
	at app//org.junit.platform.engine.support.hierarchical.NodeTestTask.executeRecursively(NodeTestTask.java:138)
	at app//org.junit.platform.engine.support.hierarchical.NodeTestTask.execute(NodeTestTask.java:95)
	at java.base@11.0.18/java.util.ArrayList.forEach(ArrayList.java:1541)
	at app//org.junit.platform.engine.support.hierarchical.SameThreadHierarchicalTestExecutorService.invokeAll(SameThreadHierarchicalTestExecutorService.java:41)
	at app//org.junit.platform.engine.support.hierarchical.NodeTestTask.lambda$executeRecursively$6(NodeTestTask.java:155)
	at app//org.junit.platform.engine.support.hierarchical.ThrowableCollector.execute(ThrowableCollector.java:73)
	at app//org.junit.platform.engine.support.hierarchical.NodeTestTask.lambda$executeRecursively$8(NodeTestTask.java:141)
	at app//org.junit.platform.engine.support.hierarchical.Node.around(Node.java:137)
	at app//org.junit.platform.engine.support.hierarchical.NodeTestTask.lambda$executeRecursively$9(NodeTestTask.java:139)
	at app//org.junit.platform.engine.support.hierarchical.ThrowableCollector.execute(ThrowableCollector.java:73)
	at app//org.junit.platform.engine.support.hierarchical.NodeTestTask.executeRecursively(NodeTestTask.java:138)
	at app//org.junit.platform.engine.support.hierarchical.NodeTestTask.execute(NodeTestTask.java:95)
	at java.base@11.0.18/java.util.ArrayList.forEach(ArrayList.java:1541)
	at app//org.junit.platform.engine.support.hierarchical.SameThreadHierarchicalTestExecutorService.invokeAll(SameThreadHierarchicalTestExecutorService.java:41)
	at app//org.junit.platform.engine.support.hierarchical.NodeTestTask.lambda$executeRecursively$6(NodeTestTask.java:155)
	at app//org.junit.platform.engine.support.hierarchical.ThrowableCollector.execute(ThrowableCollector.java:73)
	at app//org.junit.platform.engine.support.hierarchical.NodeTestTask.lambda$executeRecursively$8(NodeTestTask.java:141)
	at app//org.junit.platform.engine.support.hierarchical.Node.around(Node.java:137)
	at app//org.junit.platform.engine.support.hierarchical.NodeTestTask.lambda$executeRecursively$9(NodeTestTask.java:139)
	at app//org.junit.platform.engine.support.hierarchical.ThrowableCollector.execute(ThrowableCollector.java:73)
	at app//org.junit.platform.engine.support.hierarchical.NodeTestTask.executeRecursively(NodeTestTask.java:138)
	at app//org.junit.platform.engine.support.hierarchical.NodeTestTask.execute(NodeTestTask.java:95)
	at app//org.junit.platform.engine.support.hierarchical.SameThreadHierarchicalTestExecutorService.submit(SameThreadHierarchicalTestExecutorService.java:35)
	at app//org.junit.platform.engine.support.hierarchical.HierarchicalTestExecutor.execute(HierarchicalTestExecutor.java:57)
	at app//org.junit.platform.engine.support.hierarchical.HierarchicalTestEngine.execute(HierarchicalTestEngine.java:54)
	at org.junit.platform.launcher.core.EngineExecutionOrchestrator.execute(EngineExecutionOrchestrator.java:107)
	at org.junit.platform.launcher.core.EngineExecutionOrchestrator.execute(EngineExecutionOrchestrator.java:88)
	at org.junit.platform.launcher.core.EngineExecutionOrchestrator.lambda$execute$0(EngineExecutionOrchestrator.java:54)
	at org.junit.platform.launcher.core.EngineExecutionOrchestrator.withInterceptedStreams(EngineExecutionOrchestrator.java:67)
	at org.junit.platform.launcher.core.EngineExecutionOrchestrator.execute(EngineExecutionOrchestrator.java:52)
	at org.junit.platform.launcher.core.DefaultLauncher.execute(DefaultLauncher.java:114)
	at org.junit.platform.launcher.core.DefaultLauncher.execute(DefaultLauncher.java:86)
	at org.junit.platform.launcher.core.DefaultLauncherSession$DelegatingLauncher.execute(DefaultLauncherSession.java:86)
	at org.junit.platform.launcher.core.SessionPerRequestLauncher.execute(SessionPerRequestLauncher.java:53)
	at org.gradle.api.internal.tasks.testing.junitplatform.JUnitPlatformTestClassProcessor$CollectAllTestClassesExecutor.processAllTestClasses(JUnitPlatformTestClassProcessor.java:99)
	at org.gradle.api.internal.tasks.testing.junitplatform.JUnitPlatformTestClassProcessor$CollectAllTestClassesExecutor.access$000(JUnitPlatformTestClassProcessor.java:79)
	at org.gradle.api.internal.tasks.testing.junitplatform.JUnitPlatformTestClassProcessor.stop(JUnitPlatformTestClassProcessor.java:75)
	at org.gradle.api.internal.tasks.testing.SuiteTestClassProcessor.stop(SuiteTestClassProcessor.java:62)
	at java.base@11.0.18/jdk.internal.reflect.NativeMethodAccessorImpl.invoke0(Native Method)
	at java.base@11.0.18/jdk.internal.reflect.NativeMethodAccessorImpl.invoke(NativeMethodAccessorImpl.java:62)
	at java.base@11.0.18/jdk.internal.reflect.DelegatingMethodAccessorImpl.invoke(DelegatingMethodAccessorImpl.java:43)
	at java.base@11.0.18/java.lang.reflect.Method.invoke(Method.java:566)
	at org.gradle.internal.dispatch.ReflectionDispatch.dispatch(ReflectionDispatch.java:36)
	at org.gradle.internal.dispatch.ReflectionDispatch.dispatch(ReflectionDispatch.java:24)
	at org.gradle.internal.dispatch.ContextClassLoaderDispatch.dispatch(ContextClassLoaderDispatch.java:33)
	at org.gradle.internal.dispatch.ProxyDispatchAdapter$DispatchingInvocationHandler.invoke(ProxyDispatchAdapter.java:94)
	at com.sun.proxy.$Proxy2.stop(Unknown Source)
	at org.gradle.api.internal.tasks.testing.worker.TestWorker$3.run(TestWorker.java:193)
	at org.gradle.api.internal.tasks.testing.worker.TestWorker.executeAndMaintainThreadName(TestWorker.java:129)
	at org.gradle.api.internal.tasks.testing.worker.TestWorker.execute(TestWorker.java:100)
	at org.gradle.api.internal.tasks.testing.worker.TestWorker.execute(TestWorker.java:60)
	at org.gradle.process.internal.worker.child.ActionExecutionWorker.execute(ActionExecutionWorker.java:56)
	at org.gradle.process.internal.worker.child.SystemApplicationClassLoaderWorker.call(SystemApplicationClassLoaderWorker.java:113)
	at org.gradle.process.internal.worker.child.SystemApplicationClassLoaderWorker.call(SystemApplicationClassLoaderWorker.java:65)
	at app//worker.org.gradle.process.internal.worker.GradleWorkerMain.run(GradleWorkerMain.java:69)
	at app//worker.org.gradle.process.internal.worker.GradleWorkerMain.main(GradleWorkerMain.java:74)
</failure>
  </testcase>
  <testcase name="SmansEtAl" classname="de.uka.ilkd.key.proof.runallproofs.RunAllProofsFunctional" time="0.919">
    <failure message="org.opentest4j.AssertionFailedError: Executed process terminated with non-zero exit value. ==&gt; expected: &lt;0&gt; but was: &lt;1&gt;" type="org.opentest4j.AssertionFailedError">org.opentest4j.AssertionFailedError: Executed process terminated with non-zero exit value. ==&gt; expected: &lt;0&gt; but was: &lt;1&gt;
	at app//org.junit.jupiter.api.AssertionFailureBuilder.build(AssertionFailureBuilder.java:151)
	at app//org.junit.jupiter.api.AssertionFailureBuilder.buildAndThrow(AssertionFailureBuilder.java:132)
	at app//org.junit.jupiter.api.AssertEquals.failNotEqual(AssertEquals.java:197)
	at app//org.junit.jupiter.api.AssertEquals.assertEquals(AssertEquals.java:150)
	at app//org.junit.jupiter.api.Assertions.assertEquals(Assertions.java:560)
	at app//de.uka.ilkd.key.proof.runallproofs.proofcollection.ForkedTestFileRunner.processTestFiles(ForkedTestFileRunner.java:129)
	at app//de.uka.ilkd.key.proof.runallproofs.RunAllProofsTestUnit.runTest(RunAllProofsTestUnit.java:85)
	at app//de.uka.ilkd.key.proof.runallproofs.RunAllProofsTest.lambda$data$0(RunAllProofsTest.java:83)
	at app//org.junit.jupiter.engine.descriptor.DynamicTestTestDescriptor.lambda$execute$0(DynamicTestTestDescriptor.java:53)
	at app//org.junit.jupiter.engine.execution.InvocationInterceptorChain$ValidatingInvocation.proceed(InvocationInterceptorChain.java:131)
	at app//org.junit.jupiter.api.extension.InvocationInterceptor.interceptDynamicTest(InvocationInterceptor.java:167)
	at app//org.junit.jupiter.api.extension.InvocationInterceptor.interceptDynamicTest(InvocationInterceptor.java:184)
	at app//org.junit.jupiter.engine.descriptor.DynamicTestTestDescriptor.lambda$execute$1(DynamicTestTestDescriptor.java:61)
	at app//org.junit.jupiter.engine.execution.InvocationInterceptorChain$InterceptorCall.lambda$ofVoid$0(InvocationInterceptorChain.java:78)
	at app//org.junit.jupiter.engine.execution.InvocationInterceptorChain$InterceptedInvocation.proceed(InvocationInterceptorChain.java:106)
	at app//org.junit.jupiter.engine.execution.InvocationInterceptorChain.proceed(InvocationInterceptorChain.java:64)
	at app//org.junit.jupiter.engine.execution.InvocationInterceptorChain.chainAndInvoke(InvocationInterceptorChain.java:45)
	at app//org.junit.jupiter.engine.execution.InvocationInterceptorChain.invoke(InvocationInterceptorChain.java:37)
	at app//org.junit.jupiter.engine.descriptor.DynamicTestTestDescriptor.execute(DynamicTestTestDescriptor.java:60)
	at app//org.junit.jupiter.engine.descriptor.DynamicTestTestDescriptor.execute(DynamicTestTestDescriptor.java:32)
	at app//org.junit.platform.engine.support.hierarchical.NodeTestTask.lambda$executeRecursively$6(NodeTestTask.java:151)
	at app//org.junit.platform.engine.support.hierarchical.ThrowableCollector.execute(ThrowableCollector.java:73)
	at app//org.junit.platform.engine.support.hierarchical.NodeTestTask.lambda$executeRecursively$8(NodeTestTask.java:141)
	at app//org.junit.platform.engine.support.hierarchical.Node.around(Node.java:137)
	at app//org.junit.platform.engine.support.hierarchical.NodeTestTask.lambda$executeRecursively$9(NodeTestTask.java:139)
	at app//org.junit.platform.engine.support.hierarchical.ThrowableCollector.execute(ThrowableCollector.java:73)
	at app//org.junit.platform.engine.support.hierarchical.NodeTestTask.executeRecursively(NodeTestTask.java:138)
	at app//org.junit.platform.engine.support.hierarchical.NodeTestTask.execute(NodeTestTask.java:95)
	at app//org.junit.platform.engine.support.hierarchical.SameThreadHierarchicalTestExecutorService.submit(SameThreadHierarchicalTestExecutorService.java:35)
	at app//org.junit.platform.engine.support.hierarchical.NodeTestTask$DefaultDynamicTestExecutor.execute(NodeTestTask.java:226)
	at app//org.junit.platform.engine.support.hierarchical.NodeTestTask$DefaultDynamicTestExecutor.execute(NodeTestTask.java:204)
	at java.base@11.0.18/java.util.Optional.ifPresent(Optional.java:183)
	at app//org.junit.jupiter.engine.descriptor.TestFactoryTestDescriptor.lambda$invokeTestMethod$1(TestFactoryTestDescriptor.java:108)
	at app//org.junit.platform.engine.support.hierarchical.ThrowableCollector.execute(ThrowableCollector.java:73)
	at app//org.junit.jupiter.engine.descriptor.TestFactoryTestDescriptor.invokeTestMethod(TestFactoryTestDescriptor.java:95)
	at app//org.junit.jupiter.engine.descriptor.TestMethodTestDescriptor.execute(TestMethodTestDescriptor.java:138)
	at app//org.junit.jupiter.engine.descriptor.TestMethodTestDescriptor.execute(TestMethodTestDescriptor.java:68)
	at app//org.junit.platform.engine.support.hierarchical.NodeTestTask.lambda$executeRecursively$6(NodeTestTask.java:151)
	at app//org.junit.platform.engine.support.hierarchical.ThrowableCollector.execute(ThrowableCollector.java:73)
	at app//org.junit.platform.engine.support.hierarchical.NodeTestTask.lambda$executeRecursively$8(NodeTestTask.java:141)
	at app//org.junit.platform.engine.support.hierarchical.Node.around(Node.java:137)
	at app//org.junit.platform.engine.support.hierarchical.NodeTestTask.lambda$executeRecursively$9(NodeTestTask.java:139)
	at app//org.junit.platform.engine.support.hierarchical.ThrowableCollector.execute(ThrowableCollector.java:73)
	at app//org.junit.platform.engine.support.hierarchical.NodeTestTask.executeRecursively(NodeTestTask.java:138)
	at app//org.junit.platform.engine.support.hierarchical.NodeTestTask.execute(NodeTestTask.java:95)
	at java.base@11.0.18/java.util.ArrayList.forEach(ArrayList.java:1541)
	at app//org.junit.platform.engine.support.hierarchical.SameThreadHierarchicalTestExecutorService.invokeAll(SameThreadHierarchicalTestExecutorService.java:41)
	at app//org.junit.platform.engine.support.hierarchical.NodeTestTask.lambda$executeRecursively$6(NodeTestTask.java:155)
	at app//org.junit.platform.engine.support.hierarchical.ThrowableCollector.execute(ThrowableCollector.java:73)
	at app//org.junit.platform.engine.support.hierarchical.NodeTestTask.lambda$executeRecursively$8(NodeTestTask.java:141)
	at app//org.junit.platform.engine.support.hierarchical.Node.around(Node.java:137)
	at app//org.junit.platform.engine.support.hierarchical.NodeTestTask.lambda$executeRecursively$9(NodeTestTask.java:139)
	at app//org.junit.platform.engine.support.hierarchical.ThrowableCollector.execute(ThrowableCollector.java:73)
	at app//org.junit.platform.engine.support.hierarchical.NodeTestTask.executeRecursively(NodeTestTask.java:138)
	at app//org.junit.platform.engine.support.hierarchical.NodeTestTask.execute(NodeTestTask.java:95)
	at java.base@11.0.18/java.util.ArrayList.forEach(ArrayList.java:1541)
	at app//org.junit.platform.engine.support.hierarchical.SameThreadHierarchicalTestExecutorService.invokeAll(SameThreadHierarchicalTestExecutorService.java:41)
	at app//org.junit.platform.engine.support.hierarchical.NodeTestTask.lambda$executeRecursively$6(NodeTestTask.java:155)
	at app//org.junit.platform.engine.support.hierarchical.ThrowableCollector.execute(ThrowableCollector.java:73)
	at app//org.junit.platform.engine.support.hierarchical.NodeTestTask.lambda$executeRecursively$8(NodeTestTask.java:141)
	at app//org.junit.platform.engine.support.hierarchical.Node.around(Node.java:137)
	at app//org.junit.platform.engine.support.hierarchical.NodeTestTask.lambda$executeRecursively$9(NodeTestTask.java:139)
	at app//org.junit.platform.engine.support.hierarchical.ThrowableCollector.execute(ThrowableCollector.java:73)
	at app//org.junit.platform.engine.support.hierarchical.NodeTestTask.executeRecursively(NodeTestTask.java:138)
	at app//org.junit.platform.engine.support.hierarchical.NodeTestTask.execute(NodeTestTask.java:95)
	at app//org.junit.platform.engine.support.hierarchical.SameThreadHierarchicalTestExecutorService.submit(SameThreadHierarchicalTestExecutorService.java:35)
	at app//org.junit.platform.engine.support.hierarchical.HierarchicalTestExecutor.execute(HierarchicalTestExecutor.java:57)
	at app//org.junit.platform.engine.support.hierarchical.HierarchicalTestEngine.execute(HierarchicalTestEngine.java:54)
	at org.junit.platform.launcher.core.EngineExecutionOrchestrator.execute(EngineExecutionOrchestrator.java:107)
	at org.junit.platform.launcher.core.EngineExecutionOrchestrator.execute(EngineExecutionOrchestrator.java:88)
	at org.junit.platform.launcher.core.EngineExecutionOrchestrator.lambda$execute$0(EngineExecutionOrchestrator.java:54)
	at org.junit.platform.launcher.core.EngineExecutionOrchestrator.withInterceptedStreams(EngineExecutionOrchestrator.java:67)
	at org.junit.platform.launcher.core.EngineExecutionOrchestrator.execute(EngineExecutionOrchestrator.java:52)
	at org.junit.platform.launcher.core.DefaultLauncher.execute(DefaultLauncher.java:114)
	at org.junit.platform.launcher.core.DefaultLauncher.execute(DefaultLauncher.java:86)
	at org.junit.platform.launcher.core.DefaultLauncherSession$DelegatingLauncher.execute(DefaultLauncherSession.java:86)
	at org.junit.platform.launcher.core.SessionPerRequestLauncher.execute(SessionPerRequestLauncher.java:53)
	at org.gradle.api.internal.tasks.testing.junitplatform.JUnitPlatformTestClassProcessor$CollectAllTestClassesExecutor.processAllTestClasses(JUnitPlatformTestClassProcessor.java:99)
	at org.gradle.api.internal.tasks.testing.junitplatform.JUnitPlatformTestClassProcessor$CollectAllTestClassesExecutor.access$000(JUnitPlatformTestClassProcessor.java:79)
	at org.gradle.api.internal.tasks.testing.junitplatform.JUnitPlatformTestClassProcessor.stop(JUnitPlatformTestClassProcessor.java:75)
	at org.gradle.api.internal.tasks.testing.SuiteTestClassProcessor.stop(SuiteTestClassProcessor.java:62)
	at java.base@11.0.18/jdk.internal.reflect.NativeMethodAccessorImpl.invoke0(Native Method)
	at java.base@11.0.18/jdk.internal.reflect.NativeMethodAccessorImpl.invoke(NativeMethodAccessorImpl.java:62)
	at java.base@11.0.18/jdk.internal.reflect.DelegatingMethodAccessorImpl.invoke(DelegatingMethodAccessorImpl.java:43)
	at java.base@11.0.18/java.lang.reflect.Method.invoke(Method.java:566)
	at org.gradle.internal.dispatch.ReflectionDispatch.dispatch(ReflectionDispatch.java:36)
	at org.gradle.internal.dispatch.ReflectionDispatch.dispatch(ReflectionDispatch.java:24)
	at org.gradle.internal.dispatch.ContextClassLoaderDispatch.dispatch(ContextClassLoaderDispatch.java:33)
	at org.gradle.internal.dispatch.ProxyDispatchAdapter$DispatchingInvocationHandler.invoke(ProxyDispatchAdapter.java:94)
	at com.sun.proxy.$Proxy2.stop(Unknown Source)
	at org.gradle.api.internal.tasks.testing.worker.TestWorker$3.run(TestWorker.java:193)
	at org.gradle.api.internal.tasks.testing.worker.TestWorker.executeAndMaintainThreadName(TestWorker.java:129)
	at org.gradle.api.internal.tasks.testing.worker.TestWorker.execute(TestWorker.java:100)
	at org.gradle.api.internal.tasks.testing.worker.TestWorker.execute(TestWorker.java:60)
	at org.gradle.process.internal.worker.child.ActionExecutionWorker.execute(ActionExecutionWorker.java:56)
	at org.gradle.process.internal.worker.child.SystemApplicationClassLoaderWorker.call(SystemApplicationClassLoaderWorker.java:113)
	at org.gradle.process.internal.worker.child.SystemApplicationClassLoaderWorker.call(SystemApplicationClassLoaderWorker.java:65)
	at app//worker.org.gradle.process.internal.worker.GradleWorkerMain.run(GradleWorkerMain.java:69)
	at app//worker.org.gradle.process.internal.worker.GradleWorkerMain.main(GradleWorkerMain.java:74)
</failure>
  </testcase>
  <testcase name="VACID0" classname="de.uka.ilkd.key.proof.runallproofs.RunAllProofsFunctional" time="0.788">
    <failure message="org.opentest4j.AssertionFailedError: Executed process terminated with non-zero exit value. ==&gt; expected: &lt;0&gt; but was: &lt;1&gt;" type="org.opentest4j.AssertionFailedError">org.opentest4j.AssertionFailedError: Executed process terminated with non-zero exit value. ==&gt; expected: &lt;0&gt; but was: &lt;1&gt;
	at app//org.junit.jupiter.api.AssertionFailureBuilder.build(AssertionFailureBuilder.java:151)
	at app//org.junit.jupiter.api.AssertionFailureBuilder.buildAndThrow(AssertionFailureBuilder.java:132)
	at app//org.junit.jupiter.api.AssertEquals.failNotEqual(AssertEquals.java:197)
	at app//org.junit.jupiter.api.AssertEquals.assertEquals(AssertEquals.java:150)
	at app//org.junit.jupiter.api.Assertions.assertEquals(Assertions.java:560)
	at app//de.uka.ilkd.key.proof.runallproofs.proofcollection.ForkedTestFileRunner.processTestFiles(ForkedTestFileRunner.java:129)
	at app//de.uka.ilkd.key.proof.runallproofs.RunAllProofsTestUnit.runTest(RunAllProofsTestUnit.java:85)
	at app//de.uka.ilkd.key.proof.runallproofs.RunAllProofsTest.lambda$data$0(RunAllProofsTest.java:83)
	at app//org.junit.jupiter.engine.descriptor.DynamicTestTestDescriptor.lambda$execute$0(DynamicTestTestDescriptor.java:53)
	at app//org.junit.jupiter.engine.execution.InvocationInterceptorChain$ValidatingInvocation.proceed(InvocationInterceptorChain.java:131)
	at app//org.junit.jupiter.api.extension.InvocationInterceptor.interceptDynamicTest(InvocationInterceptor.java:167)
	at app//org.junit.jupiter.api.extension.InvocationInterceptor.interceptDynamicTest(InvocationInterceptor.java:184)
	at app//org.junit.jupiter.engine.descriptor.DynamicTestTestDescriptor.lambda$execute$1(DynamicTestTestDescriptor.java:61)
	at app//org.junit.jupiter.engine.execution.InvocationInterceptorChain$InterceptorCall.lambda$ofVoid$0(InvocationInterceptorChain.java:78)
	at app//org.junit.jupiter.engine.execution.InvocationInterceptorChain$InterceptedInvocation.proceed(InvocationInterceptorChain.java:106)
	at app//org.junit.jupiter.engine.execution.InvocationInterceptorChain.proceed(InvocationInterceptorChain.java:64)
	at app//org.junit.jupiter.engine.execution.InvocationInterceptorChain.chainAndInvoke(InvocationInterceptorChain.java:45)
	at app//org.junit.jupiter.engine.execution.InvocationInterceptorChain.invoke(InvocationInterceptorChain.java:37)
	at app//org.junit.jupiter.engine.descriptor.DynamicTestTestDescriptor.execute(DynamicTestTestDescriptor.java:60)
	at app//org.junit.jupiter.engine.descriptor.DynamicTestTestDescriptor.execute(DynamicTestTestDescriptor.java:32)
	at app//org.junit.platform.engine.support.hierarchical.NodeTestTask.lambda$executeRecursively$6(NodeTestTask.java:151)
	at app//org.junit.platform.engine.support.hierarchical.ThrowableCollector.execute(ThrowableCollector.java:73)
	at app//org.junit.platform.engine.support.hierarchical.NodeTestTask.lambda$executeRecursively$8(NodeTestTask.java:141)
	at app//org.junit.platform.engine.support.hierarchical.Node.around(Node.java:137)
	at app//org.junit.platform.engine.support.hierarchical.NodeTestTask.lambda$executeRecursively$9(NodeTestTask.java:139)
	at app//org.junit.platform.engine.support.hierarchical.ThrowableCollector.execute(ThrowableCollector.java:73)
	at app//org.junit.platform.engine.support.hierarchical.NodeTestTask.executeRecursively(NodeTestTask.java:138)
	at app//org.junit.platform.engine.support.hierarchical.NodeTestTask.execute(NodeTestTask.java:95)
	at app//org.junit.platform.engine.support.hierarchical.SameThreadHierarchicalTestExecutorService.submit(SameThreadHierarchicalTestExecutorService.java:35)
	at app//org.junit.platform.engine.support.hierarchical.NodeTestTask$DefaultDynamicTestExecutor.execute(NodeTestTask.java:226)
	at app//org.junit.platform.engine.support.hierarchical.NodeTestTask$DefaultDynamicTestExecutor.execute(NodeTestTask.java:204)
	at java.base@11.0.18/java.util.Optional.ifPresent(Optional.java:183)
	at app//org.junit.jupiter.engine.descriptor.TestFactoryTestDescriptor.lambda$invokeTestMethod$1(TestFactoryTestDescriptor.java:108)
	at app//org.junit.platform.engine.support.hierarchical.ThrowableCollector.execute(ThrowableCollector.java:73)
	at app//org.junit.jupiter.engine.descriptor.TestFactoryTestDescriptor.invokeTestMethod(TestFactoryTestDescriptor.java:95)
	at app//org.junit.jupiter.engine.descriptor.TestMethodTestDescriptor.execute(TestMethodTestDescriptor.java:138)
	at app//org.junit.jupiter.engine.descriptor.TestMethodTestDescriptor.execute(TestMethodTestDescriptor.java:68)
	at app//org.junit.platform.engine.support.hierarchical.NodeTestTask.lambda$executeRecursively$6(NodeTestTask.java:151)
	at app//org.junit.platform.engine.support.hierarchical.ThrowableCollector.execute(ThrowableCollector.java:73)
	at app//org.junit.platform.engine.support.hierarchical.NodeTestTask.lambda$executeRecursively$8(NodeTestTask.java:141)
	at app//org.junit.platform.engine.support.hierarchical.Node.around(Node.java:137)
	at app//org.junit.platform.engine.support.hierarchical.NodeTestTask.lambda$executeRecursively$9(NodeTestTask.java:139)
	at app//org.junit.platform.engine.support.hierarchical.ThrowableCollector.execute(ThrowableCollector.java:73)
	at app//org.junit.platform.engine.support.hierarchical.NodeTestTask.executeRecursively(NodeTestTask.java:138)
	at app//org.junit.platform.engine.support.hierarchical.NodeTestTask.execute(NodeTestTask.java:95)
	at java.base@11.0.18/java.util.ArrayList.forEach(ArrayList.java:1541)
	at app//org.junit.platform.engine.support.hierarchical.SameThreadHierarchicalTestExecutorService.invokeAll(SameThreadHierarchicalTestExecutorService.java:41)
	at app//org.junit.platform.engine.support.hierarchical.NodeTestTask.lambda$executeRecursively$6(NodeTestTask.java:155)
	at app//org.junit.platform.engine.support.hierarchical.ThrowableCollector.execute(ThrowableCollector.java:73)
	at app//org.junit.platform.engine.support.hierarchical.NodeTestTask.lambda$executeRecursively$8(NodeTestTask.java:141)
	at app//org.junit.platform.engine.support.hierarchical.Node.around(Node.java:137)
	at app//org.junit.platform.engine.support.hierarchical.NodeTestTask.lambda$executeRecursively$9(NodeTestTask.java:139)
	at app//org.junit.platform.engine.support.hierarchical.ThrowableCollector.execute(ThrowableCollector.java:73)
	at app//org.junit.platform.engine.support.hierarchical.NodeTestTask.executeRecursively(NodeTestTask.java:138)
	at app//org.junit.platform.engine.support.hierarchical.NodeTestTask.execute(NodeTestTask.java:95)
	at java.base@11.0.18/java.util.ArrayList.forEach(ArrayList.java:1541)
	at app//org.junit.platform.engine.support.hierarchical.SameThreadHierarchicalTestExecutorService.invokeAll(SameThreadHierarchicalTestExecutorService.java:41)
	at app//org.junit.platform.engine.support.hierarchical.NodeTestTask.lambda$executeRecursively$6(NodeTestTask.java:155)
	at app//org.junit.platform.engine.support.hierarchical.ThrowableCollector.execute(ThrowableCollector.java:73)
	at app//org.junit.platform.engine.support.hierarchical.NodeTestTask.lambda$executeRecursively$8(NodeTestTask.java:141)
	at app//org.junit.platform.engine.support.hierarchical.Node.around(Node.java:137)
	at app//org.junit.platform.engine.support.hierarchical.NodeTestTask.lambda$executeRecursively$9(NodeTestTask.java:139)
	at app//org.junit.platform.engine.support.hierarchical.ThrowableCollector.execute(ThrowableCollector.java:73)
	at app//org.junit.platform.engine.support.hierarchical.NodeTestTask.executeRecursively(NodeTestTask.java:138)
	at app//org.junit.platform.engine.support.hierarchical.NodeTestTask.execute(NodeTestTask.java:95)
	at app//org.junit.platform.engine.support.hierarchical.SameThreadHierarchicalTestExecutorService.submit(SameThreadHierarchicalTestExecutorService.java:35)
	at app//org.junit.platform.engine.support.hierarchical.HierarchicalTestExecutor.execute(HierarchicalTestExecutor.java:57)
	at app//org.junit.platform.engine.support.hierarchical.HierarchicalTestEngine.execute(HierarchicalTestEngine.java:54)
	at org.junit.platform.launcher.core.EngineExecutionOrchestrator.execute(EngineExecutionOrchestrator.java:107)
	at org.junit.platform.launcher.core.EngineExecutionOrchestrator.execute(EngineExecutionOrchestrator.java:88)
	at org.junit.platform.launcher.core.EngineExecutionOrchestrator.lambda$execute$0(EngineExecutionOrchestrator.java:54)
	at org.junit.platform.launcher.core.EngineExecutionOrchestrator.withInterceptedStreams(EngineExecutionOrchestrator.java:67)
	at org.junit.platform.launcher.core.EngineExecutionOrchestrator.execute(EngineExecutionOrchestrator.java:52)
	at org.junit.platform.launcher.core.DefaultLauncher.execute(DefaultLauncher.java:114)
	at org.junit.platform.launcher.core.DefaultLauncher.execute(DefaultLauncher.java:86)
	at org.junit.platform.launcher.core.DefaultLauncherSession$DelegatingLauncher.execute(DefaultLauncherSession.java:86)
	at org.junit.platform.launcher.core.SessionPerRequestLauncher.execute(SessionPerRequestLauncher.java:53)
	at org.gradle.api.internal.tasks.testing.junitplatform.JUnitPlatformTestClassProcessor$CollectAllTestClassesExecutor.processAllTestClasses(JUnitPlatformTestClassProcessor.java:99)
	at org.gradle.api.internal.tasks.testing.junitplatform.JUnitPlatformTestClassProcessor$CollectAllTestClassesExecutor.access$000(JUnitPlatformTestClassProcessor.java:79)
	at org.gradle.api.internal.tasks.testing.junitplatform.JUnitPlatformTestClassProcessor.stop(JUnitPlatformTestClassProcessor.java:75)
	at org.gradle.api.internal.tasks.testing.SuiteTestClassProcessor.stop(SuiteTestClassProcessor.java:62)
	at java.base@11.0.18/jdk.internal.reflect.NativeMethodAccessorImpl.invoke0(Native Method)
	at java.base@11.0.18/jdk.internal.reflect.NativeMethodAccessorImpl.invoke(NativeMethodAccessorImpl.java:62)
	at java.base@11.0.18/jdk.internal.reflect.DelegatingMethodAccessorImpl.invoke(DelegatingMethodAccessorImpl.java:43)
	at java.base@11.0.18/java.lang.reflect.Method.invoke(Method.java:566)
	at org.gradle.internal.dispatch.ReflectionDispatch.dispatch(ReflectionDispatch.java:36)
	at org.gradle.internal.dispatch.ReflectionDispatch.dispatch(ReflectionDispatch.java:24)
	at org.gradle.internal.dispatch.ContextClassLoaderDispatch.dispatch(ContextClassLoaderDispatch.java:33)
	at org.gradle.internal.dispatch.ProxyDispatchAdapter$DispatchingInvocationHandler.invoke(ProxyDispatchAdapter.java:94)
	at com.sun.proxy.$Proxy2.stop(Unknown Source)
	at org.gradle.api.internal.tasks.testing.worker.TestWorker$3.run(TestWorker.java:193)
	at org.gradle.api.internal.tasks.testing.worker.TestWorker.executeAndMaintainThreadName(TestWorker.java:129)
	at org.gradle.api.internal.tasks.testing.worker.TestWorker.execute(TestWorker.java:100)
	at org.gradle.api.internal.tasks.testing.worker.TestWorker.execute(TestWorker.java:60)
	at org.gradle.process.internal.worker.child.ActionExecutionWorker.execute(ActionExecutionWorker.java:56)
	at org.gradle.process.internal.worker.child.SystemApplicationClassLoaderWorker.call(SystemApplicationClassLoaderWorker.java:113)
	at org.gradle.process.internal.worker.child.SystemApplicationClassLoaderWorker.call(SystemApplicationClassLoaderWorker.java:65)
	at app//worker.org.gradle.process.internal.worker.GradleWorkerMain.run(GradleWorkerMain.java:69)
	at app//worker.org.gradle.process.internal.worker.GradleWorkerMain.main(GradleWorkerMain.java:74)
</failure>
  </testcase>
  <testcase name="VSTTE10" classname="de.uka.ilkd.key.proof.runallproofs.RunAllProofsFunctional" time="0.84">
    <failure message="org.opentest4j.AssertionFailedError: Executed process terminated with non-zero exit value. ==&gt; expected: &lt;0&gt; but was: &lt;1&gt;" type="org.opentest4j.AssertionFailedError">org.opentest4j.AssertionFailedError: Executed process terminated with non-zero exit value. ==&gt; expected: &lt;0&gt; but was: &lt;1&gt;
	at app//org.junit.jupiter.api.AssertionFailureBuilder.build(AssertionFailureBuilder.java:151)
	at app//org.junit.jupiter.api.AssertionFailureBuilder.buildAndThrow(AssertionFailureBuilder.java:132)
	at app//org.junit.jupiter.api.AssertEquals.failNotEqual(AssertEquals.java:197)
	at app//org.junit.jupiter.api.AssertEquals.assertEquals(AssertEquals.java:150)
	at app//org.junit.jupiter.api.Assertions.assertEquals(Assertions.java:560)
	at app//de.uka.ilkd.key.proof.runallproofs.proofcollection.ForkedTestFileRunner.processTestFiles(ForkedTestFileRunner.java:129)
	at app//de.uka.ilkd.key.proof.runallproofs.RunAllProofsTestUnit.runTest(RunAllProofsTestUnit.java:85)
	at app//de.uka.ilkd.key.proof.runallproofs.RunAllProofsTest.lambda$data$0(RunAllProofsTest.java:83)
	at app//org.junit.jupiter.engine.descriptor.DynamicTestTestDescriptor.lambda$execute$0(DynamicTestTestDescriptor.java:53)
	at app//org.junit.jupiter.engine.execution.InvocationInterceptorChain$ValidatingInvocation.proceed(InvocationInterceptorChain.java:131)
	at app//org.junit.jupiter.api.extension.InvocationInterceptor.interceptDynamicTest(InvocationInterceptor.java:167)
	at app//org.junit.jupiter.api.extension.InvocationInterceptor.interceptDynamicTest(InvocationInterceptor.java:184)
	at app//org.junit.jupiter.engine.descriptor.DynamicTestTestDescriptor.lambda$execute$1(DynamicTestTestDescriptor.java:61)
	at app//org.junit.jupiter.engine.execution.InvocationInterceptorChain$InterceptorCall.lambda$ofVoid$0(InvocationInterceptorChain.java:78)
	at app//org.junit.jupiter.engine.execution.InvocationInterceptorChain$InterceptedInvocation.proceed(InvocationInterceptorChain.java:106)
	at app//org.junit.jupiter.engine.execution.InvocationInterceptorChain.proceed(InvocationInterceptorChain.java:64)
	at app//org.junit.jupiter.engine.execution.InvocationInterceptorChain.chainAndInvoke(InvocationInterceptorChain.java:45)
	at app//org.junit.jupiter.engine.execution.InvocationInterceptorChain.invoke(InvocationInterceptorChain.java:37)
	at app//org.junit.jupiter.engine.descriptor.DynamicTestTestDescriptor.execute(DynamicTestTestDescriptor.java:60)
	at app//org.junit.jupiter.engine.descriptor.DynamicTestTestDescriptor.execute(DynamicTestTestDescriptor.java:32)
	at app//org.junit.platform.engine.support.hierarchical.NodeTestTask.lambda$executeRecursively$6(NodeTestTask.java:151)
	at app//org.junit.platform.engine.support.hierarchical.ThrowableCollector.execute(ThrowableCollector.java:73)
	at app//org.junit.platform.engine.support.hierarchical.NodeTestTask.lambda$executeRecursively$8(NodeTestTask.java:141)
	at app//org.junit.platform.engine.support.hierarchical.Node.around(Node.java:137)
	at app//org.junit.platform.engine.support.hierarchical.NodeTestTask.lambda$executeRecursively$9(NodeTestTask.java:139)
	at app//org.junit.platform.engine.support.hierarchical.ThrowableCollector.execute(ThrowableCollector.java:73)
	at app//org.junit.platform.engine.support.hierarchical.NodeTestTask.executeRecursively(NodeTestTask.java:138)
	at app//org.junit.platform.engine.support.hierarchical.NodeTestTask.execute(NodeTestTask.java:95)
	at app//org.junit.platform.engine.support.hierarchical.SameThreadHierarchicalTestExecutorService.submit(SameThreadHierarchicalTestExecutorService.java:35)
	at app//org.junit.platform.engine.support.hierarchical.NodeTestTask$DefaultDynamicTestExecutor.execute(NodeTestTask.java:226)
	at app//org.junit.platform.engine.support.hierarchical.NodeTestTask$DefaultDynamicTestExecutor.execute(NodeTestTask.java:204)
	at java.base@11.0.18/java.util.Optional.ifPresent(Optional.java:183)
	at app//org.junit.jupiter.engine.descriptor.TestFactoryTestDescriptor.lambda$invokeTestMethod$1(TestFactoryTestDescriptor.java:108)
	at app//org.junit.platform.engine.support.hierarchical.ThrowableCollector.execute(ThrowableCollector.java:73)
	at app//org.junit.jupiter.engine.descriptor.TestFactoryTestDescriptor.invokeTestMethod(TestFactoryTestDescriptor.java:95)
	at app//org.junit.jupiter.engine.descriptor.TestMethodTestDescriptor.execute(TestMethodTestDescriptor.java:138)
	at app//org.junit.jupiter.engine.descriptor.TestMethodTestDescriptor.execute(TestMethodTestDescriptor.java:68)
	at app//org.junit.platform.engine.support.hierarchical.NodeTestTask.lambda$executeRecursively$6(NodeTestTask.java:151)
	at app//org.junit.platform.engine.support.hierarchical.ThrowableCollector.execute(ThrowableCollector.java:73)
	at app//org.junit.platform.engine.support.hierarchical.NodeTestTask.lambda$executeRecursively$8(NodeTestTask.java:141)
	at app//org.junit.platform.engine.support.hierarchical.Node.around(Node.java:137)
	at app//org.junit.platform.engine.support.hierarchical.NodeTestTask.lambda$executeRecursively$9(NodeTestTask.java:139)
	at app//org.junit.platform.engine.support.hierarchical.ThrowableCollector.execute(ThrowableCollector.java:73)
	at app//org.junit.platform.engine.support.hierarchical.NodeTestTask.executeRecursively(NodeTestTask.java:138)
	at app//org.junit.platform.engine.support.hierarchical.NodeTestTask.execute(NodeTestTask.java:95)
	at java.base@11.0.18/java.util.ArrayList.forEach(ArrayList.java:1541)
	at app//org.junit.platform.engine.support.hierarchical.SameThreadHierarchicalTestExecutorService.invokeAll(SameThreadHierarchicalTestExecutorService.java:41)
	at app//org.junit.platform.engine.support.hierarchical.NodeTestTask.lambda$executeRecursively$6(NodeTestTask.java:155)
	at app//org.junit.platform.engine.support.hierarchical.ThrowableCollector.execute(ThrowableCollector.java:73)
	at app//org.junit.platform.engine.support.hierarchical.NodeTestTask.lambda$executeRecursively$8(NodeTestTask.java:141)
	at app//org.junit.platform.engine.support.hierarchical.Node.around(Node.java:137)
	at app//org.junit.platform.engine.support.hierarchical.NodeTestTask.lambda$executeRecursively$9(NodeTestTask.java:139)
	at app//org.junit.platform.engine.support.hierarchical.ThrowableCollector.execute(ThrowableCollector.java:73)
	at app//org.junit.platform.engine.support.hierarchical.NodeTestTask.executeRecursively(NodeTestTask.java:138)
	at app//org.junit.platform.engine.support.hierarchical.NodeTestTask.execute(NodeTestTask.java:95)
	at java.base@11.0.18/java.util.ArrayList.forEach(ArrayList.java:1541)
	at app//org.junit.platform.engine.support.hierarchical.SameThreadHierarchicalTestExecutorService.invokeAll(SameThreadHierarchicalTestExecutorService.java:41)
	at app//org.junit.platform.engine.support.hierarchical.NodeTestTask.lambda$executeRecursively$6(NodeTestTask.java:155)
	at app//org.junit.platform.engine.support.hierarchical.ThrowableCollector.execute(ThrowableCollector.java:73)
	at app//org.junit.platform.engine.support.hierarchical.NodeTestTask.lambda$executeRecursively$8(NodeTestTask.java:141)
	at app//org.junit.platform.engine.support.hierarchical.Node.around(Node.java:137)
	at app//org.junit.platform.engine.support.hierarchical.NodeTestTask.lambda$executeRecursively$9(NodeTestTask.java:139)
	at app//org.junit.platform.engine.support.hierarchical.ThrowableCollector.execute(ThrowableCollector.java:73)
	at app//org.junit.platform.engine.support.hierarchical.NodeTestTask.executeRecursively(NodeTestTask.java:138)
	at app//org.junit.platform.engine.support.hierarchical.NodeTestTask.execute(NodeTestTask.java:95)
	at app//org.junit.platform.engine.support.hierarchical.SameThreadHierarchicalTestExecutorService.submit(SameThreadHierarchicalTestExecutorService.java:35)
	at app//org.junit.platform.engine.support.hierarchical.HierarchicalTestExecutor.execute(HierarchicalTestExecutor.java:57)
	at app//org.junit.platform.engine.support.hierarchical.HierarchicalTestEngine.execute(HierarchicalTestEngine.java:54)
	at org.junit.platform.launcher.core.EngineExecutionOrchestrator.execute(EngineExecutionOrchestrator.java:107)
	at org.junit.platform.launcher.core.EngineExecutionOrchestrator.execute(EngineExecutionOrchestrator.java:88)
	at org.junit.platform.launcher.core.EngineExecutionOrchestrator.lambda$execute$0(EngineExecutionOrchestrator.java:54)
	at org.junit.platform.launcher.core.EngineExecutionOrchestrator.withInterceptedStreams(EngineExecutionOrchestrator.java:67)
	at org.junit.platform.launcher.core.EngineExecutionOrchestrator.execute(EngineExecutionOrchestrator.java:52)
	at org.junit.platform.launcher.core.DefaultLauncher.execute(DefaultLauncher.java:114)
	at org.junit.platform.launcher.core.DefaultLauncher.execute(DefaultLauncher.java:86)
	at org.junit.platform.launcher.core.DefaultLauncherSession$DelegatingLauncher.execute(DefaultLauncherSession.java:86)
	at org.junit.platform.launcher.core.SessionPerRequestLauncher.execute(SessionPerRequestLauncher.java:53)
	at org.gradle.api.internal.tasks.testing.junitplatform.JUnitPlatformTestClassProcessor$CollectAllTestClassesExecutor.processAllTestClasses(JUnitPlatformTestClassProcessor.java:99)
	at org.gradle.api.internal.tasks.testing.junitplatform.JUnitPlatformTestClassProcessor$CollectAllTestClassesExecutor.access$000(JUnitPlatformTestClassProcessor.java:79)
	at org.gradle.api.internal.tasks.testing.junitplatform.JUnitPlatformTestClassProcessor.stop(JUnitPlatformTestClassProcessor.java:75)
	at org.gradle.api.internal.tasks.testing.SuiteTestClassProcessor.stop(SuiteTestClassProcessor.java:62)
	at java.base@11.0.18/jdk.internal.reflect.NativeMethodAccessorImpl.invoke0(Native Method)
	at java.base@11.0.18/jdk.internal.reflect.NativeMethodAccessorImpl.invoke(NativeMethodAccessorImpl.java:62)
	at java.base@11.0.18/jdk.internal.reflect.DelegatingMethodAccessorImpl.invoke(DelegatingMethodAccessorImpl.java:43)
	at java.base@11.0.18/java.lang.reflect.Method.invoke(Method.java:566)
	at org.gradle.internal.dispatch.ReflectionDispatch.dispatch(ReflectionDispatch.java:36)
	at org.gradle.internal.dispatch.ReflectionDispatch.dispatch(ReflectionDispatch.java:24)
	at org.gradle.internal.dispatch.ContextClassLoaderDispatch.dispatch(ContextClassLoaderDispatch.java:33)
	at org.gradle.internal.dispatch.ProxyDispatchAdapter$DispatchingInvocationHandler.invoke(ProxyDispatchAdapter.java:94)
	at com.sun.proxy.$Proxy2.stop(Unknown Source)
	at org.gradle.api.internal.tasks.testing.worker.TestWorker$3.run(TestWorker.java:193)
	at org.gradle.api.internal.tasks.testing.worker.TestWorker.executeAndMaintainThreadName(TestWorker.java:129)
	at org.gradle.api.internal.tasks.testing.worker.TestWorker.execute(TestWorker.java:100)
	at org.gradle.api.internal.tasks.testing.worker.TestWorker.execute(TestWorker.java:60)
	at org.gradle.process.internal.worker.child.ActionExecutionWorker.execute(ActionExecutionWorker.java:56)
	at org.gradle.process.internal.worker.child.SystemApplicationClassLoaderWorker.call(SystemApplicationClassLoaderWorker.java:113)
	at org.gradle.process.internal.worker.child.SystemApplicationClassLoaderWorker.call(SystemApplicationClassLoaderWorker.java:65)
	at app//worker.org.gradle.process.internal.worker.GradleWorkerMain.run(GradleWorkerMain.java:69)
	at app//worker.org.gradle.process.internal.worker.GradleWorkerMain.main(GradleWorkerMain.java:74)
</failure>
  </testcase>
  <testcase name="WeideEtAl" classname="de.uka.ilkd.key.proof.runallproofs.RunAllProofsFunctional" time="0.739">
    <failure message="org.opentest4j.AssertionFailedError: Executed process terminated with non-zero exit value. ==&gt; expected: &lt;0&gt; but was: &lt;1&gt;" type="org.opentest4j.AssertionFailedError">org.opentest4j.AssertionFailedError: Executed process terminated with non-zero exit value. ==&gt; expected: &lt;0&gt; but was: &lt;1&gt;
	at app//org.junit.jupiter.api.AssertionFailureBuilder.build(AssertionFailureBuilder.java:151)
	at app//org.junit.jupiter.api.AssertionFailureBuilder.buildAndThrow(AssertionFailureBuilder.java:132)
	at app//org.junit.jupiter.api.AssertEquals.failNotEqual(AssertEquals.java:197)
	at app//org.junit.jupiter.api.AssertEquals.assertEquals(AssertEquals.java:150)
	at app//org.junit.jupiter.api.Assertions.assertEquals(Assertions.java:560)
	at app//de.uka.ilkd.key.proof.runallproofs.proofcollection.ForkedTestFileRunner.processTestFiles(ForkedTestFileRunner.java:129)
	at app//de.uka.ilkd.key.proof.runallproofs.RunAllProofsTestUnit.runTest(RunAllProofsTestUnit.java:85)
	at app//de.uka.ilkd.key.proof.runallproofs.RunAllProofsTest.lambda$data$0(RunAllProofsTest.java:83)
	at app//org.junit.jupiter.engine.descriptor.DynamicTestTestDescriptor.lambda$execute$0(DynamicTestTestDescriptor.java:53)
	at app//org.junit.jupiter.engine.execution.InvocationInterceptorChain$ValidatingInvocation.proceed(InvocationInterceptorChain.java:131)
	at app//org.junit.jupiter.api.extension.InvocationInterceptor.interceptDynamicTest(InvocationInterceptor.java:167)
	at app//org.junit.jupiter.api.extension.InvocationInterceptor.interceptDynamicTest(InvocationInterceptor.java:184)
	at app//org.junit.jupiter.engine.descriptor.DynamicTestTestDescriptor.lambda$execute$1(DynamicTestTestDescriptor.java:61)
	at app//org.junit.jupiter.engine.execution.InvocationInterceptorChain$InterceptorCall.lambda$ofVoid$0(InvocationInterceptorChain.java:78)
	at app//org.junit.jupiter.engine.execution.InvocationInterceptorChain$InterceptedInvocation.proceed(InvocationInterceptorChain.java:106)
	at app//org.junit.jupiter.engine.execution.InvocationInterceptorChain.proceed(InvocationInterceptorChain.java:64)
	at app//org.junit.jupiter.engine.execution.InvocationInterceptorChain.chainAndInvoke(InvocationInterceptorChain.java:45)
	at app//org.junit.jupiter.engine.execution.InvocationInterceptorChain.invoke(InvocationInterceptorChain.java:37)
	at app//org.junit.jupiter.engine.descriptor.DynamicTestTestDescriptor.execute(DynamicTestTestDescriptor.java:60)
	at app//org.junit.jupiter.engine.descriptor.DynamicTestTestDescriptor.execute(DynamicTestTestDescriptor.java:32)
	at app//org.junit.platform.engine.support.hierarchical.NodeTestTask.lambda$executeRecursively$6(NodeTestTask.java:151)
	at app//org.junit.platform.engine.support.hierarchical.ThrowableCollector.execute(ThrowableCollector.java:73)
	at app//org.junit.platform.engine.support.hierarchical.NodeTestTask.lambda$executeRecursively$8(NodeTestTask.java:141)
	at app//org.junit.platform.engine.support.hierarchical.Node.around(Node.java:137)
	at app//org.junit.platform.engine.support.hierarchical.NodeTestTask.lambda$executeRecursively$9(NodeTestTask.java:139)
	at app//org.junit.platform.engine.support.hierarchical.ThrowableCollector.execute(ThrowableCollector.java:73)
	at app//org.junit.platform.engine.support.hierarchical.NodeTestTask.executeRecursively(NodeTestTask.java:138)
	at app//org.junit.platform.engine.support.hierarchical.NodeTestTask.execute(NodeTestTask.java:95)
	at app//org.junit.platform.engine.support.hierarchical.SameThreadHierarchicalTestExecutorService.submit(SameThreadHierarchicalTestExecutorService.java:35)
	at app//org.junit.platform.engine.support.hierarchical.NodeTestTask$DefaultDynamicTestExecutor.execute(NodeTestTask.java:226)
	at app//org.junit.platform.engine.support.hierarchical.NodeTestTask$DefaultDynamicTestExecutor.execute(NodeTestTask.java:204)
	at java.base@11.0.18/java.util.Optional.ifPresent(Optional.java:183)
	at app//org.junit.jupiter.engine.descriptor.TestFactoryTestDescriptor.lambda$invokeTestMethod$1(TestFactoryTestDescriptor.java:108)
	at app//org.junit.platform.engine.support.hierarchical.ThrowableCollector.execute(ThrowableCollector.java:73)
	at app//org.junit.jupiter.engine.descriptor.TestFactoryTestDescriptor.invokeTestMethod(TestFactoryTestDescriptor.java:95)
	at app//org.junit.jupiter.engine.descriptor.TestMethodTestDescriptor.execute(TestMethodTestDescriptor.java:138)
	at app//org.junit.jupiter.engine.descriptor.TestMethodTestDescriptor.execute(TestMethodTestDescriptor.java:68)
	at app//org.junit.platform.engine.support.hierarchical.NodeTestTask.lambda$executeRecursively$6(NodeTestTask.java:151)
	at app//org.junit.platform.engine.support.hierarchical.ThrowableCollector.execute(ThrowableCollector.java:73)
	at app//org.junit.platform.engine.support.hierarchical.NodeTestTask.lambda$executeRecursively$8(NodeTestTask.java:141)
	at app//org.junit.platform.engine.support.hierarchical.Node.around(Node.java:137)
	at app//org.junit.platform.engine.support.hierarchical.NodeTestTask.lambda$executeRecursively$9(NodeTestTask.java:139)
	at app//org.junit.platform.engine.support.hierarchical.ThrowableCollector.execute(ThrowableCollector.java:73)
	at app//org.junit.platform.engine.support.hierarchical.NodeTestTask.executeRecursively(NodeTestTask.java:138)
	at app//org.junit.platform.engine.support.hierarchical.NodeTestTask.execute(NodeTestTask.java:95)
	at java.base@11.0.18/java.util.ArrayList.forEach(ArrayList.java:1541)
	at app//org.junit.platform.engine.support.hierarchical.SameThreadHierarchicalTestExecutorService.invokeAll(SameThreadHierarchicalTestExecutorService.java:41)
	at app//org.junit.platform.engine.support.hierarchical.NodeTestTask.lambda$executeRecursively$6(NodeTestTask.java:155)
	at app//org.junit.platform.engine.support.hierarchical.ThrowableCollector.execute(ThrowableCollector.java:73)
	at app//org.junit.platform.engine.support.hierarchical.NodeTestTask.lambda$executeRecursively$8(NodeTestTask.java:141)
	at app//org.junit.platform.engine.support.hierarchical.Node.around(Node.java:137)
	at app//org.junit.platform.engine.support.hierarchical.NodeTestTask.lambda$executeRecursively$9(NodeTestTask.java:139)
	at app//org.junit.platform.engine.support.hierarchical.ThrowableCollector.execute(ThrowableCollector.java:73)
	at app//org.junit.platform.engine.support.hierarchical.NodeTestTask.executeRecursively(NodeTestTask.java:138)
	at app//org.junit.platform.engine.support.hierarchical.NodeTestTask.execute(NodeTestTask.java:95)
	at java.base@11.0.18/java.util.ArrayList.forEach(ArrayList.java:1541)
	at app//org.junit.platform.engine.support.hierarchical.SameThreadHierarchicalTestExecutorService.invokeAll(SameThreadHierarchicalTestExecutorService.java:41)
	at app//org.junit.platform.engine.support.hierarchical.NodeTestTask.lambda$executeRecursively$6(NodeTestTask.java:155)
	at app//org.junit.platform.engine.support.hierarchical.ThrowableCollector.execute(ThrowableCollector.java:73)
	at app//org.junit.platform.engine.support.hierarchical.NodeTestTask.lambda$executeRecursively$8(NodeTestTask.java:141)
	at app//org.junit.platform.engine.support.hierarchical.Node.around(Node.java:137)
	at app//org.junit.platform.engine.support.hierarchical.NodeTestTask.lambda$executeRecursively$9(NodeTestTask.java:139)
	at app//org.junit.platform.engine.support.hierarchical.ThrowableCollector.execute(ThrowableCollector.java:73)
	at app//org.junit.platform.engine.support.hierarchical.NodeTestTask.executeRecursively(NodeTestTask.java:138)
	at app//org.junit.platform.engine.support.hierarchical.NodeTestTask.execute(NodeTestTask.java:95)
	at app//org.junit.platform.engine.support.hierarchical.SameThreadHierarchicalTestExecutorService.submit(SameThreadHierarchicalTestExecutorService.java:35)
	at app//org.junit.platform.engine.support.hierarchical.HierarchicalTestExecutor.execute(HierarchicalTestExecutor.java:57)
	at app//org.junit.platform.engine.support.hierarchical.HierarchicalTestEngine.execute(HierarchicalTestEngine.java:54)
	at org.junit.platform.launcher.core.EngineExecutionOrchestrator.execute(EngineExecutionOrchestrator.java:107)
	at org.junit.platform.launcher.core.EngineExecutionOrchestrator.execute(EngineExecutionOrchestrator.java:88)
	at org.junit.platform.launcher.core.EngineExecutionOrchestrator.lambda$execute$0(EngineExecutionOrchestrator.java:54)
	at org.junit.platform.launcher.core.EngineExecutionOrchestrator.withInterceptedStreams(EngineExecutionOrchestrator.java:67)
	at org.junit.platform.launcher.core.EngineExecutionOrchestrator.execute(EngineExecutionOrchestrator.java:52)
	at org.junit.platform.launcher.core.DefaultLauncher.execute(DefaultLauncher.java:114)
	at org.junit.platform.launcher.core.DefaultLauncher.execute(DefaultLauncher.java:86)
	at org.junit.platform.launcher.core.DefaultLauncherSession$DelegatingLauncher.execute(DefaultLauncherSession.java:86)
	at org.junit.platform.launcher.core.SessionPerRequestLauncher.execute(SessionPerRequestLauncher.java:53)
	at org.gradle.api.internal.tasks.testing.junitplatform.JUnitPlatformTestClassProcessor$CollectAllTestClassesExecutor.processAllTestClasses(JUnitPlatformTestClassProcessor.java:99)
	at org.gradle.api.internal.tasks.testing.junitplatform.JUnitPlatformTestClassProcessor$CollectAllTestClassesExecutor.access$000(JUnitPlatformTestClassProcessor.java:79)
	at org.gradle.api.internal.tasks.testing.junitplatform.JUnitPlatformTestClassProcessor.stop(JUnitPlatformTestClassProcessor.java:75)
	at org.gradle.api.internal.tasks.testing.SuiteTestClassProcessor.stop(SuiteTestClassProcessor.java:62)
	at java.base@11.0.18/jdk.internal.reflect.NativeMethodAccessorImpl.invoke0(Native Method)
	at java.base@11.0.18/jdk.internal.reflect.NativeMethodAccessorImpl.invoke(NativeMethodAccessorImpl.java:62)
	at java.base@11.0.18/jdk.internal.reflect.DelegatingMethodAccessorImpl.invoke(DelegatingMethodAccessorImpl.java:43)
	at java.base@11.0.18/java.lang.reflect.Method.invoke(Method.java:566)
	at org.gradle.internal.dispatch.ReflectionDispatch.dispatch(ReflectionDispatch.java:36)
	at org.gradle.internal.dispatch.ReflectionDispatch.dispatch(ReflectionDispatch.java:24)
	at org.gradle.internal.dispatch.ContextClassLoaderDispatch.dispatch(ContextClassLoaderDispatch.java:33)
	at org.gradle.internal.dispatch.ProxyDispatchAdapter$DispatchingInvocationHandler.invoke(ProxyDispatchAdapter.java:94)
	at com.sun.proxy.$Proxy2.stop(Unknown Source)
	at org.gradle.api.internal.tasks.testing.worker.TestWorker$3.run(TestWorker.java:193)
	at org.gradle.api.internal.tasks.testing.worker.TestWorker.executeAndMaintainThreadName(TestWorker.java:129)
	at org.gradle.api.internal.tasks.testing.worker.TestWorker.execute(TestWorker.java:100)
	at org.gradle.api.internal.tasks.testing.worker.TestWorker.execute(TestWorker.java:60)
	at org.gradle.process.internal.worker.child.ActionExecutionWorker.execute(ActionExecutionWorker.java:56)
	at org.gradle.process.internal.worker.child.SystemApplicationClassLoaderWorker.call(SystemApplicationClassLoaderWorker.java:113)
	at org.gradle.process.internal.worker.child.SystemApplicationClassLoaderWorker.call(SystemApplicationClassLoaderWorker.java:65)
	at app//worker.org.gradle.process.internal.worker.GradleWorkerMain.run(GradleWorkerMain.java:69)
	at app//worker.org.gradle.process.internal.worker.GradleWorkerMain.main(GradleWorkerMain.java:74)
</failure>
  </testcase>
  <testcase name="arithmetic" classname="de.uka.ilkd.key.proof.runallproofs.RunAllProofsFunctional" time="1.076">
    <failure message="org.opentest4j.AssertionFailedError: Executed process terminated with non-zero exit value. ==&gt; expected: &lt;0&gt; but was: &lt;1&gt;" type="org.opentest4j.AssertionFailedError">org.opentest4j.AssertionFailedError: Executed process terminated with non-zero exit value. ==&gt; expected: &lt;0&gt; but was: &lt;1&gt;
	at app//org.junit.jupiter.api.AssertionFailureBuilder.build(AssertionFailureBuilder.java:151)
	at app//org.junit.jupiter.api.AssertionFailureBuilder.buildAndThrow(AssertionFailureBuilder.java:132)
	at app//org.junit.jupiter.api.AssertEquals.failNotEqual(AssertEquals.java:197)
	at app//org.junit.jupiter.api.AssertEquals.assertEquals(AssertEquals.java:150)
	at app//org.junit.jupiter.api.Assertions.assertEquals(Assertions.java:560)
	at app//de.uka.ilkd.key.proof.runallproofs.proofcollection.ForkedTestFileRunner.processTestFiles(ForkedTestFileRunner.java:129)
	at app//de.uka.ilkd.key.proof.runallproofs.RunAllProofsTestUnit.runTest(RunAllProofsTestUnit.java:85)
	at app//de.uka.ilkd.key.proof.runallproofs.RunAllProofsTest.lambda$data$0(RunAllProofsTest.java:83)
	at app//org.junit.jupiter.engine.descriptor.DynamicTestTestDescriptor.lambda$execute$0(DynamicTestTestDescriptor.java:53)
	at app//org.junit.jupiter.engine.execution.InvocationInterceptorChain$ValidatingInvocation.proceed(InvocationInterceptorChain.java:131)
	at app//org.junit.jupiter.api.extension.InvocationInterceptor.interceptDynamicTest(InvocationInterceptor.java:167)
	at app//org.junit.jupiter.api.extension.InvocationInterceptor.interceptDynamicTest(InvocationInterceptor.java:184)
	at app//org.junit.jupiter.engine.descriptor.DynamicTestTestDescriptor.lambda$execute$1(DynamicTestTestDescriptor.java:61)
	at app//org.junit.jupiter.engine.execution.InvocationInterceptorChain$InterceptorCall.lambda$ofVoid$0(InvocationInterceptorChain.java:78)
	at app//org.junit.jupiter.engine.execution.InvocationInterceptorChain$InterceptedInvocation.proceed(InvocationInterceptorChain.java:106)
	at app//org.junit.jupiter.engine.execution.InvocationInterceptorChain.proceed(InvocationInterceptorChain.java:64)
	at app//org.junit.jupiter.engine.execution.InvocationInterceptorChain.chainAndInvoke(InvocationInterceptorChain.java:45)
	at app//org.junit.jupiter.engine.execution.InvocationInterceptorChain.invoke(InvocationInterceptorChain.java:37)
	at app//org.junit.jupiter.engine.descriptor.DynamicTestTestDescriptor.execute(DynamicTestTestDescriptor.java:60)
	at app//org.junit.jupiter.engine.descriptor.DynamicTestTestDescriptor.execute(DynamicTestTestDescriptor.java:32)
	at app//org.junit.platform.engine.support.hierarchical.NodeTestTask.lambda$executeRecursively$6(NodeTestTask.java:151)
	at app//org.junit.platform.engine.support.hierarchical.ThrowableCollector.execute(ThrowableCollector.java:73)
	at app//org.junit.platform.engine.support.hierarchical.NodeTestTask.lambda$executeRecursively$8(NodeTestTask.java:141)
	at app//org.junit.platform.engine.support.hierarchical.Node.around(Node.java:137)
	at app//org.junit.platform.engine.support.hierarchical.NodeTestTask.lambda$executeRecursively$9(NodeTestTask.java:139)
	at app//org.junit.platform.engine.support.hierarchical.ThrowableCollector.execute(ThrowableCollector.java:73)
	at app//org.junit.platform.engine.support.hierarchical.NodeTestTask.executeRecursively(NodeTestTask.java:138)
	at app//org.junit.platform.engine.support.hierarchical.NodeTestTask.execute(NodeTestTask.java:95)
	at app//org.junit.platform.engine.support.hierarchical.SameThreadHierarchicalTestExecutorService.submit(SameThreadHierarchicalTestExecutorService.java:35)
	at app//org.junit.platform.engine.support.hierarchical.NodeTestTask$DefaultDynamicTestExecutor.execute(NodeTestTask.java:226)
	at app//org.junit.platform.engine.support.hierarchical.NodeTestTask$DefaultDynamicTestExecutor.execute(NodeTestTask.java:204)
	at java.base@11.0.18/java.util.Optional.ifPresent(Optional.java:183)
	at app//org.junit.jupiter.engine.descriptor.TestFactoryTestDescriptor.lambda$invokeTestMethod$1(TestFactoryTestDescriptor.java:108)
	at app//org.junit.platform.engine.support.hierarchical.ThrowableCollector.execute(ThrowableCollector.java:73)
	at app//org.junit.jupiter.engine.descriptor.TestFactoryTestDescriptor.invokeTestMethod(TestFactoryTestDescriptor.java:95)
	at app//org.junit.jupiter.engine.descriptor.TestMethodTestDescriptor.execute(TestMethodTestDescriptor.java:138)
	at app//org.junit.jupiter.engine.descriptor.TestMethodTestDescriptor.execute(TestMethodTestDescriptor.java:68)
	at app//org.junit.platform.engine.support.hierarchical.NodeTestTask.lambda$executeRecursively$6(NodeTestTask.java:151)
	at app//org.junit.platform.engine.support.hierarchical.ThrowableCollector.execute(ThrowableCollector.java:73)
	at app//org.junit.platform.engine.support.hierarchical.NodeTestTask.lambda$executeRecursively$8(NodeTestTask.java:141)
	at app//org.junit.platform.engine.support.hierarchical.Node.around(Node.java:137)
	at app//org.junit.platform.engine.support.hierarchical.NodeTestTask.lambda$executeRecursively$9(NodeTestTask.java:139)
	at app//org.junit.platform.engine.support.hierarchical.ThrowableCollector.execute(ThrowableCollector.java:73)
	at app//org.junit.platform.engine.support.hierarchical.NodeTestTask.executeRecursively(NodeTestTask.java:138)
	at app//org.junit.platform.engine.support.hierarchical.NodeTestTask.execute(NodeTestTask.java:95)
	at java.base@11.0.18/java.util.ArrayList.forEach(ArrayList.java:1541)
	at app//org.junit.platform.engine.support.hierarchical.SameThreadHierarchicalTestExecutorService.invokeAll(SameThreadHierarchicalTestExecutorService.java:41)
	at app//org.junit.platform.engine.support.hierarchical.NodeTestTask.lambda$executeRecursively$6(NodeTestTask.java:155)
	at app//org.junit.platform.engine.support.hierarchical.ThrowableCollector.execute(ThrowableCollector.java:73)
	at app//org.junit.platform.engine.support.hierarchical.NodeTestTask.lambda$executeRecursively$8(NodeTestTask.java:141)
	at app//org.junit.platform.engine.support.hierarchical.Node.around(Node.java:137)
	at app//org.junit.platform.engine.support.hierarchical.NodeTestTask.lambda$executeRecursively$9(NodeTestTask.java:139)
	at app//org.junit.platform.engine.support.hierarchical.ThrowableCollector.execute(ThrowableCollector.java:73)
	at app//org.junit.platform.engine.support.hierarchical.NodeTestTask.executeRecursively(NodeTestTask.java:138)
	at app//org.junit.platform.engine.support.hierarchical.NodeTestTask.execute(NodeTestTask.java:95)
	at java.base@11.0.18/java.util.ArrayList.forEach(ArrayList.java:1541)
	at app//org.junit.platform.engine.support.hierarchical.SameThreadHierarchicalTestExecutorService.invokeAll(SameThreadHierarchicalTestExecutorService.java:41)
	at app//org.junit.platform.engine.support.hierarchical.NodeTestTask.lambda$executeRecursively$6(NodeTestTask.java:155)
	at app//org.junit.platform.engine.support.hierarchical.ThrowableCollector.execute(ThrowableCollector.java:73)
	at app//org.junit.platform.engine.support.hierarchical.NodeTestTask.lambda$executeRecursively$8(NodeTestTask.java:141)
	at app//org.junit.platform.engine.support.hierarchical.Node.around(Node.java:137)
	at app//org.junit.platform.engine.support.hierarchical.NodeTestTask.lambda$executeRecursively$9(NodeTestTask.java:139)
	at app//org.junit.platform.engine.support.hierarchical.ThrowableCollector.execute(ThrowableCollector.java:73)
	at app//org.junit.platform.engine.support.hierarchical.NodeTestTask.executeRecursively(NodeTestTask.java:138)
	at app//org.junit.platform.engine.support.hierarchical.NodeTestTask.execute(NodeTestTask.java:95)
	at app//org.junit.platform.engine.support.hierarchical.SameThreadHierarchicalTestExecutorService.submit(SameThreadHierarchicalTestExecutorService.java:35)
	at app//org.junit.platform.engine.support.hierarchical.HierarchicalTestExecutor.execute(HierarchicalTestExecutor.java:57)
	at app//org.junit.platform.engine.support.hierarchical.HierarchicalTestEngine.execute(HierarchicalTestEngine.java:54)
	at org.junit.platform.launcher.core.EngineExecutionOrchestrator.execute(EngineExecutionOrchestrator.java:107)
	at org.junit.platform.launcher.core.EngineExecutionOrchestrator.execute(EngineExecutionOrchestrator.java:88)
	at org.junit.platform.launcher.core.EngineExecutionOrchestrator.lambda$execute$0(EngineExecutionOrchestrator.java:54)
	at org.junit.platform.launcher.core.EngineExecutionOrchestrator.withInterceptedStreams(EngineExecutionOrchestrator.java:67)
	at org.junit.platform.launcher.core.EngineExecutionOrchestrator.execute(EngineExecutionOrchestrator.java:52)
	at org.junit.platform.launcher.core.DefaultLauncher.execute(DefaultLauncher.java:114)
	at org.junit.platform.launcher.core.DefaultLauncher.execute(DefaultLauncher.java:86)
	at org.junit.platform.launcher.core.DefaultLauncherSession$DelegatingLauncher.execute(DefaultLauncherSession.java:86)
	at org.junit.platform.launcher.core.SessionPerRequestLauncher.execute(SessionPerRequestLauncher.java:53)
	at org.gradle.api.internal.tasks.testing.junitplatform.JUnitPlatformTestClassProcessor$CollectAllTestClassesExecutor.processAllTestClasses(JUnitPlatformTestClassProcessor.java:99)
	at org.gradle.api.internal.tasks.testing.junitplatform.JUnitPlatformTestClassProcessor$CollectAllTestClassesExecutor.access$000(JUnitPlatformTestClassProcessor.java:79)
	at org.gradle.api.internal.tasks.testing.junitplatform.JUnitPlatformTestClassProcessor.stop(JUnitPlatformTestClassProcessor.java:75)
	at org.gradle.api.internal.tasks.testing.SuiteTestClassProcessor.stop(SuiteTestClassProcessor.java:62)
	at java.base@11.0.18/jdk.internal.reflect.NativeMethodAccessorImpl.invoke0(Native Method)
	at java.base@11.0.18/jdk.internal.reflect.NativeMethodAccessorImpl.invoke(NativeMethodAccessorImpl.java:62)
	at java.base@11.0.18/jdk.internal.reflect.DelegatingMethodAccessorImpl.invoke(DelegatingMethodAccessorImpl.java:43)
	at java.base@11.0.18/java.lang.reflect.Method.invoke(Method.java:566)
	at org.gradle.internal.dispatch.ReflectionDispatch.dispatch(ReflectionDispatch.java:36)
	at org.gradle.internal.dispatch.ReflectionDispatch.dispatch(ReflectionDispatch.java:24)
	at org.gradle.internal.dispatch.ContextClassLoaderDispatch.dispatch(ContextClassLoaderDispatch.java:33)
	at org.gradle.internal.dispatch.ProxyDispatchAdapter$DispatchingInvocationHandler.invoke(ProxyDispatchAdapter.java:94)
	at com.sun.proxy.$Proxy2.stop(Unknown Source)
	at org.gradle.api.internal.tasks.testing.worker.TestWorker$3.run(TestWorker.java:193)
	at org.gradle.api.internal.tasks.testing.worker.TestWorker.executeAndMaintainThreadName(TestWorker.java:129)
	at org.gradle.api.internal.tasks.testing.worker.TestWorker.execute(TestWorker.java:100)
	at org.gradle.api.internal.tasks.testing.worker.TestWorker.execute(TestWorker.java:60)
	at org.gradle.process.internal.worker.child.ActionExecutionWorker.execute(ActionExecutionWorker.java:56)
	at org.gradle.process.internal.worker.child.SystemApplicationClassLoaderWorker.call(SystemApplicationClassLoaderWorker.java:113)
	at org.gradle.process.internal.worker.child.SystemApplicationClassLoaderWorker.call(SystemApplicationClassLoaderWorker.java:65)
	at app//worker.org.gradle.process.internal.worker.GradleWorkerMain.run(GradleWorkerMain.java:69)
	at app//worker.org.gradle.process.internal.worker.GradleWorkerMain.main(GradleWorkerMain.java:74)
</failure>
  </testcase>
  <testcase name="arrays" classname="de.uka.ilkd.key.proof.runallproofs.RunAllProofsFunctional" time="0.836">
    <failure message="org.opentest4j.AssertionFailedError: Executed process terminated with non-zero exit value. ==&gt; expected: &lt;0&gt; but was: &lt;1&gt;" type="org.opentest4j.AssertionFailedError">org.opentest4j.AssertionFailedError: Executed process terminated with non-zero exit value. ==&gt; expected: &lt;0&gt; but was: &lt;1&gt;
	at app//org.junit.jupiter.api.AssertionFailureBuilder.build(AssertionFailureBuilder.java:151)
	at app//org.junit.jupiter.api.AssertionFailureBuilder.buildAndThrow(AssertionFailureBuilder.java:132)
	at app//org.junit.jupiter.api.AssertEquals.failNotEqual(AssertEquals.java:197)
	at app//org.junit.jupiter.api.AssertEquals.assertEquals(AssertEquals.java:150)
	at app//org.junit.jupiter.api.Assertions.assertEquals(Assertions.java:560)
	at app//de.uka.ilkd.key.proof.runallproofs.proofcollection.ForkedTestFileRunner.processTestFiles(ForkedTestFileRunner.java:129)
	at app//de.uka.ilkd.key.proof.runallproofs.RunAllProofsTestUnit.runTest(RunAllProofsTestUnit.java:85)
	at app//de.uka.ilkd.key.proof.runallproofs.RunAllProofsTest.lambda$data$0(RunAllProofsTest.java:83)
	at app//org.junit.jupiter.engine.descriptor.DynamicTestTestDescriptor.lambda$execute$0(DynamicTestTestDescriptor.java:53)
	at app//org.junit.jupiter.engine.execution.InvocationInterceptorChain$ValidatingInvocation.proceed(InvocationInterceptorChain.java:131)
	at app//org.junit.jupiter.api.extension.InvocationInterceptor.interceptDynamicTest(InvocationInterceptor.java:167)
	at app//org.junit.jupiter.api.extension.InvocationInterceptor.interceptDynamicTest(InvocationInterceptor.java:184)
	at app//org.junit.jupiter.engine.descriptor.DynamicTestTestDescriptor.lambda$execute$1(DynamicTestTestDescriptor.java:61)
	at app//org.junit.jupiter.engine.execution.InvocationInterceptorChain$InterceptorCall.lambda$ofVoid$0(InvocationInterceptorChain.java:78)
	at app//org.junit.jupiter.engine.execution.InvocationInterceptorChain$InterceptedInvocation.proceed(InvocationInterceptorChain.java:106)
	at app//org.junit.jupiter.engine.execution.InvocationInterceptorChain.proceed(InvocationInterceptorChain.java:64)
	at app//org.junit.jupiter.engine.execution.InvocationInterceptorChain.chainAndInvoke(InvocationInterceptorChain.java:45)
	at app//org.junit.jupiter.engine.execution.InvocationInterceptorChain.invoke(InvocationInterceptorChain.java:37)
	at app//org.junit.jupiter.engine.descriptor.DynamicTestTestDescriptor.execute(DynamicTestTestDescriptor.java:60)
	at app//org.junit.jupiter.engine.descriptor.DynamicTestTestDescriptor.execute(DynamicTestTestDescriptor.java:32)
	at app//org.junit.platform.engine.support.hierarchical.NodeTestTask.lambda$executeRecursively$6(NodeTestTask.java:151)
	at app//org.junit.platform.engine.support.hierarchical.ThrowableCollector.execute(ThrowableCollector.java:73)
	at app//org.junit.platform.engine.support.hierarchical.NodeTestTask.lambda$executeRecursively$8(NodeTestTask.java:141)
	at app//org.junit.platform.engine.support.hierarchical.Node.around(Node.java:137)
	at app//org.junit.platform.engine.support.hierarchical.NodeTestTask.lambda$executeRecursively$9(NodeTestTask.java:139)
	at app//org.junit.platform.engine.support.hierarchical.ThrowableCollector.execute(ThrowableCollector.java:73)
	at app//org.junit.platform.engine.support.hierarchical.NodeTestTask.executeRecursively(NodeTestTask.java:138)
	at app//org.junit.platform.engine.support.hierarchical.NodeTestTask.execute(NodeTestTask.java:95)
	at app//org.junit.platform.engine.support.hierarchical.SameThreadHierarchicalTestExecutorService.submit(SameThreadHierarchicalTestExecutorService.java:35)
	at app//org.junit.platform.engine.support.hierarchical.NodeTestTask$DefaultDynamicTestExecutor.execute(NodeTestTask.java:226)
	at app//org.junit.platform.engine.support.hierarchical.NodeTestTask$DefaultDynamicTestExecutor.execute(NodeTestTask.java:204)
	at java.base@11.0.18/java.util.Optional.ifPresent(Optional.java:183)
	at app//org.junit.jupiter.engine.descriptor.TestFactoryTestDescriptor.lambda$invokeTestMethod$1(TestFactoryTestDescriptor.java:108)
	at app//org.junit.platform.engine.support.hierarchical.ThrowableCollector.execute(ThrowableCollector.java:73)
	at app//org.junit.jupiter.engine.descriptor.TestFactoryTestDescriptor.invokeTestMethod(TestFactoryTestDescriptor.java:95)
	at app//org.junit.jupiter.engine.descriptor.TestMethodTestDescriptor.execute(TestMethodTestDescriptor.java:138)
	at app//org.junit.jupiter.engine.descriptor.TestMethodTestDescriptor.execute(TestMethodTestDescriptor.java:68)
	at app//org.junit.platform.engine.support.hierarchical.NodeTestTask.lambda$executeRecursively$6(NodeTestTask.java:151)
	at app//org.junit.platform.engine.support.hierarchical.ThrowableCollector.execute(ThrowableCollector.java:73)
	at app//org.junit.platform.engine.support.hierarchical.NodeTestTask.lambda$executeRecursively$8(NodeTestTask.java:141)
	at app//org.junit.platform.engine.support.hierarchical.Node.around(Node.java:137)
	at app//org.junit.platform.engine.support.hierarchical.NodeTestTask.lambda$executeRecursively$9(NodeTestTask.java:139)
	at app//org.junit.platform.engine.support.hierarchical.ThrowableCollector.execute(ThrowableCollector.java:73)
	at app//org.junit.platform.engine.support.hierarchical.NodeTestTask.executeRecursively(NodeTestTask.java:138)
	at app//org.junit.platform.engine.support.hierarchical.NodeTestTask.execute(NodeTestTask.java:95)
	at java.base@11.0.18/java.util.ArrayList.forEach(ArrayList.java:1541)
	at app//org.junit.platform.engine.support.hierarchical.SameThreadHierarchicalTestExecutorService.invokeAll(SameThreadHierarchicalTestExecutorService.java:41)
	at app//org.junit.platform.engine.support.hierarchical.NodeTestTask.lambda$executeRecursively$6(NodeTestTask.java:155)
	at app//org.junit.platform.engine.support.hierarchical.ThrowableCollector.execute(ThrowableCollector.java:73)
	at app//org.junit.platform.engine.support.hierarchical.NodeTestTask.lambda$executeRecursively$8(NodeTestTask.java:141)
	at app//org.junit.platform.engine.support.hierarchical.Node.around(Node.java:137)
	at app//org.junit.platform.engine.support.hierarchical.NodeTestTask.lambda$executeRecursively$9(NodeTestTask.java:139)
	at app//org.junit.platform.engine.support.hierarchical.ThrowableCollector.execute(ThrowableCollector.java:73)
	at app//org.junit.platform.engine.support.hierarchical.NodeTestTask.executeRecursively(NodeTestTask.java:138)
	at app//org.junit.platform.engine.support.hierarchical.NodeTestTask.execute(NodeTestTask.java:95)
	at java.base@11.0.18/java.util.ArrayList.forEach(ArrayList.java:1541)
	at app//org.junit.platform.engine.support.hierarchical.SameThreadHierarchicalTestExecutorService.invokeAll(SameThreadHierarchicalTestExecutorService.java:41)
	at app//org.junit.platform.engine.support.hierarchical.NodeTestTask.lambda$executeRecursively$6(NodeTestTask.java:155)
	at app//org.junit.platform.engine.support.hierarchical.ThrowableCollector.execute(ThrowableCollector.java:73)
	at app//org.junit.platform.engine.support.hierarchical.NodeTestTask.lambda$executeRecursively$8(NodeTestTask.java:141)
	at app//org.junit.platform.engine.support.hierarchical.Node.around(Node.java:137)
	at app//org.junit.platform.engine.support.hierarchical.NodeTestTask.lambda$executeRecursively$9(NodeTestTask.java:139)
	at app//org.junit.platform.engine.support.hierarchical.ThrowableCollector.execute(ThrowableCollector.java:73)
	at app//org.junit.platform.engine.support.hierarchical.NodeTestTask.executeRecursively(NodeTestTask.java:138)
	at app//org.junit.platform.engine.support.hierarchical.NodeTestTask.execute(NodeTestTask.java:95)
	at app//org.junit.platform.engine.support.hierarchical.SameThreadHierarchicalTestExecutorService.submit(SameThreadHierarchicalTestExecutorService.java:35)
	at app//org.junit.platform.engine.support.hierarchical.HierarchicalTestExecutor.execute(HierarchicalTestExecutor.java:57)
	at app//org.junit.platform.engine.support.hierarchical.HierarchicalTestEngine.execute(HierarchicalTestEngine.java:54)
	at org.junit.platform.launcher.core.EngineExecutionOrchestrator.execute(EngineExecutionOrchestrator.java:107)
	at org.junit.platform.launcher.core.EngineExecutionOrchestrator.execute(EngineExecutionOrchestrator.java:88)
	at org.junit.platform.launcher.core.EngineExecutionOrchestrator.lambda$execute$0(EngineExecutionOrchestrator.java:54)
	at org.junit.platform.launcher.core.EngineExecutionOrchestrator.withInterceptedStreams(EngineExecutionOrchestrator.java:67)
	at org.junit.platform.launcher.core.EngineExecutionOrchestrator.execute(EngineExecutionOrchestrator.java:52)
	at org.junit.platform.launcher.core.DefaultLauncher.execute(DefaultLauncher.java:114)
	at org.junit.platform.launcher.core.DefaultLauncher.execute(DefaultLauncher.java:86)
	at org.junit.platform.launcher.core.DefaultLauncherSession$DelegatingLauncher.execute(DefaultLauncherSession.java:86)
	at org.junit.platform.launcher.core.SessionPerRequestLauncher.execute(SessionPerRequestLauncher.java:53)
	at org.gradle.api.internal.tasks.testing.junitplatform.JUnitPlatformTestClassProcessor$CollectAllTestClassesExecutor.processAllTestClasses(JUnitPlatformTestClassProcessor.java:99)
	at org.gradle.api.internal.tasks.testing.junitplatform.JUnitPlatformTestClassProcessor$CollectAllTestClassesExecutor.access$000(JUnitPlatformTestClassProcessor.java:79)
	at org.gradle.api.internal.tasks.testing.junitplatform.JUnitPlatformTestClassProcessor.stop(JUnitPlatformTestClassProcessor.java:75)
	at org.gradle.api.internal.tasks.testing.SuiteTestClassProcessor.stop(SuiteTestClassProcessor.java:62)
	at java.base@11.0.18/jdk.internal.reflect.NativeMethodAccessorImpl.invoke0(Native Method)
	at java.base@11.0.18/jdk.internal.reflect.NativeMethodAccessorImpl.invoke(NativeMethodAccessorImpl.java:62)
	at java.base@11.0.18/jdk.internal.reflect.DelegatingMethodAccessorImpl.invoke(DelegatingMethodAccessorImpl.java:43)
	at java.base@11.0.18/java.lang.reflect.Method.invoke(Method.java:566)
	at org.gradle.internal.dispatch.ReflectionDispatch.dispatch(ReflectionDispatch.java:36)
	at org.gradle.internal.dispatch.ReflectionDispatch.dispatch(ReflectionDispatch.java:24)
	at org.gradle.internal.dispatch.ContextClassLoaderDispatch.dispatch(ContextClassLoaderDispatch.java:33)
	at org.gradle.internal.dispatch.ProxyDispatchAdapter$DispatchingInvocationHandler.invoke(ProxyDispatchAdapter.java:94)
	at com.sun.proxy.$Proxy2.stop(Unknown Source)
	at org.gradle.api.internal.tasks.testing.worker.TestWorker$3.run(TestWorker.java:193)
	at org.gradle.api.internal.tasks.testing.worker.TestWorker.executeAndMaintainThreadName(TestWorker.java:129)
	at org.gradle.api.internal.tasks.testing.worker.TestWorker.execute(TestWorker.java:100)
	at org.gradle.api.internal.tasks.testing.worker.TestWorker.execute(TestWorker.java:60)
	at org.gradle.process.internal.worker.child.ActionExecutionWorker.execute(ActionExecutionWorker.java:56)
	at org.gradle.process.internal.worker.child.SystemApplicationClassLoaderWorker.call(SystemApplicationClassLoaderWorker.java:113)
	at org.gradle.process.internal.worker.child.SystemApplicationClassLoaderWorker.call(SystemApplicationClassLoaderWorker.java:65)
	at app//worker.org.gradle.process.internal.worker.GradleWorkerMain.run(GradleWorkerMain.java:69)
	at app//worker.org.gradle.process.internal.worker.GradleWorkerMain.main(GradleWorkerMain.java:74)
</failure>
  </testcase>
  <testcase name="javadl" classname="de.uka.ilkd.key.proof.runallproofs.RunAllProofsFunctional" time="1.058">
    <failure message="org.opentest4j.AssertionFailedError: Executed process terminated with non-zero exit value. ==&gt; expected: &lt;0&gt; but was: &lt;1&gt;" type="org.opentest4j.AssertionFailedError">org.opentest4j.AssertionFailedError: Executed process terminated with non-zero exit value. ==&gt; expected: &lt;0&gt; but was: &lt;1&gt;
	at app//org.junit.jupiter.api.AssertionFailureBuilder.build(AssertionFailureBuilder.java:151)
	at app//org.junit.jupiter.api.AssertionFailureBuilder.buildAndThrow(AssertionFailureBuilder.java:132)
	at app//org.junit.jupiter.api.AssertEquals.failNotEqual(AssertEquals.java:197)
	at app//org.junit.jupiter.api.AssertEquals.assertEquals(AssertEquals.java:150)
	at app//org.junit.jupiter.api.Assertions.assertEquals(Assertions.java:560)
	at app//de.uka.ilkd.key.proof.runallproofs.proofcollection.ForkedTestFileRunner.processTestFiles(ForkedTestFileRunner.java:129)
	at app//de.uka.ilkd.key.proof.runallproofs.RunAllProofsTestUnit.runTest(RunAllProofsTestUnit.java:85)
	at app//de.uka.ilkd.key.proof.runallproofs.RunAllProofsTest.lambda$data$0(RunAllProofsTest.java:83)
	at app//org.junit.jupiter.engine.descriptor.DynamicTestTestDescriptor.lambda$execute$0(DynamicTestTestDescriptor.java:53)
	at app//org.junit.jupiter.engine.execution.InvocationInterceptorChain$ValidatingInvocation.proceed(InvocationInterceptorChain.java:131)
	at app//org.junit.jupiter.api.extension.InvocationInterceptor.interceptDynamicTest(InvocationInterceptor.java:167)
	at app//org.junit.jupiter.api.extension.InvocationInterceptor.interceptDynamicTest(InvocationInterceptor.java:184)
	at app//org.junit.jupiter.engine.descriptor.DynamicTestTestDescriptor.lambda$execute$1(DynamicTestTestDescriptor.java:61)
	at app//org.junit.jupiter.engine.execution.InvocationInterceptorChain$InterceptorCall.lambda$ofVoid$0(InvocationInterceptorChain.java:78)
	at app//org.junit.jupiter.engine.execution.InvocationInterceptorChain$InterceptedInvocation.proceed(InvocationInterceptorChain.java:106)
	at app//org.junit.jupiter.engine.execution.InvocationInterceptorChain.proceed(InvocationInterceptorChain.java:64)
	at app//org.junit.jupiter.engine.execution.InvocationInterceptorChain.chainAndInvoke(InvocationInterceptorChain.java:45)
	at app//org.junit.jupiter.engine.execution.InvocationInterceptorChain.invoke(InvocationInterceptorChain.java:37)
	at app//org.junit.jupiter.engine.descriptor.DynamicTestTestDescriptor.execute(DynamicTestTestDescriptor.java:60)
	at app//org.junit.jupiter.engine.descriptor.DynamicTestTestDescriptor.execute(DynamicTestTestDescriptor.java:32)
	at app//org.junit.platform.engine.support.hierarchical.NodeTestTask.lambda$executeRecursively$6(NodeTestTask.java:151)
	at app//org.junit.platform.engine.support.hierarchical.ThrowableCollector.execute(ThrowableCollector.java:73)
	at app//org.junit.platform.engine.support.hierarchical.NodeTestTask.lambda$executeRecursively$8(NodeTestTask.java:141)
	at app//org.junit.platform.engine.support.hierarchical.Node.around(Node.java:137)
	at app//org.junit.platform.engine.support.hierarchical.NodeTestTask.lambda$executeRecursively$9(NodeTestTask.java:139)
	at app//org.junit.platform.engine.support.hierarchical.ThrowableCollector.execute(ThrowableCollector.java:73)
	at app//org.junit.platform.engine.support.hierarchical.NodeTestTask.executeRecursively(NodeTestTask.java:138)
	at app//org.junit.platform.engine.support.hierarchical.NodeTestTask.execute(NodeTestTask.java:95)
	at app//org.junit.platform.engine.support.hierarchical.SameThreadHierarchicalTestExecutorService.submit(SameThreadHierarchicalTestExecutorService.java:35)
	at app//org.junit.platform.engine.support.hierarchical.NodeTestTask$DefaultDynamicTestExecutor.execute(NodeTestTask.java:226)
	at app//org.junit.platform.engine.support.hierarchical.NodeTestTask$DefaultDynamicTestExecutor.execute(NodeTestTask.java:204)
	at java.base@11.0.18/java.util.Optional.ifPresent(Optional.java:183)
	at app//org.junit.jupiter.engine.descriptor.TestFactoryTestDescriptor.lambda$invokeTestMethod$1(TestFactoryTestDescriptor.java:108)
	at app//org.junit.platform.engine.support.hierarchical.ThrowableCollector.execute(ThrowableCollector.java:73)
	at app//org.junit.jupiter.engine.descriptor.TestFactoryTestDescriptor.invokeTestMethod(TestFactoryTestDescriptor.java:95)
	at app//org.junit.jupiter.engine.descriptor.TestMethodTestDescriptor.execute(TestMethodTestDescriptor.java:138)
	at app//org.junit.jupiter.engine.descriptor.TestMethodTestDescriptor.execute(TestMethodTestDescriptor.java:68)
	at app//org.junit.platform.engine.support.hierarchical.NodeTestTask.lambda$executeRecursively$6(NodeTestTask.java:151)
	at app//org.junit.platform.engine.support.hierarchical.ThrowableCollector.execute(ThrowableCollector.java:73)
	at app//org.junit.platform.engine.support.hierarchical.NodeTestTask.lambda$executeRecursively$8(NodeTestTask.java:141)
	at app//org.junit.platform.engine.support.hierarchical.Node.around(Node.java:137)
	at app//org.junit.platform.engine.support.hierarchical.NodeTestTask.lambda$executeRecursively$9(NodeTestTask.java:139)
	at app//org.junit.platform.engine.support.hierarchical.ThrowableCollector.execute(ThrowableCollector.java:73)
	at app//org.junit.platform.engine.support.hierarchical.NodeTestTask.executeRecursively(NodeTestTask.java:138)
	at app//org.junit.platform.engine.support.hierarchical.NodeTestTask.execute(NodeTestTask.java:95)
	at java.base@11.0.18/java.util.ArrayList.forEach(ArrayList.java:1541)
	at app//org.junit.platform.engine.support.hierarchical.SameThreadHierarchicalTestExecutorService.invokeAll(SameThreadHierarchicalTestExecutorService.java:41)
	at app//org.junit.platform.engine.support.hierarchical.NodeTestTask.lambda$executeRecursively$6(NodeTestTask.java:155)
	at app//org.junit.platform.engine.support.hierarchical.ThrowableCollector.execute(ThrowableCollector.java:73)
	at app//org.junit.platform.engine.support.hierarchical.NodeTestTask.lambda$executeRecursively$8(NodeTestTask.java:141)
	at app//org.junit.platform.engine.support.hierarchical.Node.around(Node.java:137)
	at app//org.junit.platform.engine.support.hierarchical.NodeTestTask.lambda$executeRecursively$9(NodeTestTask.java:139)
	at app//org.junit.platform.engine.support.hierarchical.ThrowableCollector.execute(ThrowableCollector.java:73)
	at app//org.junit.platform.engine.support.hierarchical.NodeTestTask.executeRecursively(NodeTestTask.java:138)
	at app//org.junit.platform.engine.support.hierarchical.NodeTestTask.execute(NodeTestTask.java:95)
	at java.base@11.0.18/java.util.ArrayList.forEach(ArrayList.java:1541)
	at app//org.junit.platform.engine.support.hierarchical.SameThreadHierarchicalTestExecutorService.invokeAll(SameThreadHierarchicalTestExecutorService.java:41)
	at app//org.junit.platform.engine.support.hierarchical.NodeTestTask.lambda$executeRecursively$6(NodeTestTask.java:155)
	at app//org.junit.platform.engine.support.hierarchical.ThrowableCollector.execute(ThrowableCollector.java:73)
	at app//org.junit.platform.engine.support.hierarchical.NodeTestTask.lambda$executeRecursively$8(NodeTestTask.java:141)
	at app//org.junit.platform.engine.support.hierarchical.Node.around(Node.java:137)
	at app//org.junit.platform.engine.support.hierarchical.NodeTestTask.lambda$executeRecursively$9(NodeTestTask.java:139)
	at app//org.junit.platform.engine.support.hierarchical.ThrowableCollector.execute(ThrowableCollector.java:73)
	at app//org.junit.platform.engine.support.hierarchical.NodeTestTask.executeRecursively(NodeTestTask.java:138)
	at app//org.junit.platform.engine.support.hierarchical.NodeTestTask.execute(NodeTestTask.java:95)
	at app//org.junit.platform.engine.support.hierarchical.SameThreadHierarchicalTestExecutorService.submit(SameThreadHierarchicalTestExecutorService.java:35)
	at app//org.junit.platform.engine.support.hierarchical.HierarchicalTestExecutor.execute(HierarchicalTestExecutor.java:57)
	at app//org.junit.platform.engine.support.hierarchical.HierarchicalTestEngine.execute(HierarchicalTestEngine.java:54)
	at org.junit.platform.launcher.core.EngineExecutionOrchestrator.execute(EngineExecutionOrchestrator.java:107)
	at org.junit.platform.launcher.core.EngineExecutionOrchestrator.execute(EngineExecutionOrchestrator.java:88)
	at org.junit.platform.launcher.core.EngineExecutionOrchestrator.lambda$execute$0(EngineExecutionOrchestrator.java:54)
	at org.junit.platform.launcher.core.EngineExecutionOrchestrator.withInterceptedStreams(EngineExecutionOrchestrator.java:67)
	at org.junit.platform.launcher.core.EngineExecutionOrchestrator.execute(EngineExecutionOrchestrator.java:52)
	at org.junit.platform.launcher.core.DefaultLauncher.execute(DefaultLauncher.java:114)
	at org.junit.platform.launcher.core.DefaultLauncher.execute(DefaultLauncher.java:86)
	at org.junit.platform.launcher.core.DefaultLauncherSession$DelegatingLauncher.execute(DefaultLauncherSession.java:86)
	at org.junit.platform.launcher.core.SessionPerRequestLauncher.execute(SessionPerRequestLauncher.java:53)
	at org.gradle.api.internal.tasks.testing.junitplatform.JUnitPlatformTestClassProcessor$CollectAllTestClassesExecutor.processAllTestClasses(JUnitPlatformTestClassProcessor.java:99)
	at org.gradle.api.internal.tasks.testing.junitplatform.JUnitPlatformTestClassProcessor$CollectAllTestClassesExecutor.access$000(JUnitPlatformTestClassProcessor.java:79)
	at org.gradle.api.internal.tasks.testing.junitplatform.JUnitPlatformTestClassProcessor.stop(JUnitPlatformTestClassProcessor.java:75)
	at org.gradle.api.internal.tasks.testing.SuiteTestClassProcessor.stop(SuiteTestClassProcessor.java:62)
	at java.base@11.0.18/jdk.internal.reflect.NativeMethodAccessorImpl.invoke0(Native Method)
	at java.base@11.0.18/jdk.internal.reflect.NativeMethodAccessorImpl.invoke(NativeMethodAccessorImpl.java:62)
	at java.base@11.0.18/jdk.internal.reflect.DelegatingMethodAccessorImpl.invoke(DelegatingMethodAccessorImpl.java:43)
	at java.base@11.0.18/java.lang.reflect.Method.invoke(Method.java:566)
	at org.gradle.internal.dispatch.ReflectionDispatch.dispatch(ReflectionDispatch.java:36)
	at org.gradle.internal.dispatch.ReflectionDispatch.dispatch(ReflectionDispatch.java:24)
	at org.gradle.internal.dispatch.ContextClassLoaderDispatch.dispatch(ContextClassLoaderDispatch.java:33)
	at org.gradle.internal.dispatch.ProxyDispatchAdapter$DispatchingInvocationHandler.invoke(ProxyDispatchAdapter.java:94)
	at com.sun.proxy.$Proxy2.stop(Unknown Source)
	at org.gradle.api.internal.tasks.testing.worker.TestWorker$3.run(TestWorker.java:193)
	at org.gradle.api.internal.tasks.testing.worker.TestWorker.executeAndMaintainThreadName(TestWorker.java:129)
	at org.gradle.api.internal.tasks.testing.worker.TestWorker.execute(TestWorker.java:100)
	at org.gradle.api.internal.tasks.testing.worker.TestWorker.execute(TestWorker.java:60)
	at org.gradle.process.internal.worker.child.ActionExecutionWorker.execute(ActionExecutionWorker.java:56)
	at org.gradle.process.internal.worker.child.SystemApplicationClassLoaderWorker.call(SystemApplicationClassLoaderWorker.java:113)
	at org.gradle.process.internal.worker.child.SystemApplicationClassLoaderWorker.call(SystemApplicationClassLoaderWorker.java:65)
	at app//worker.org.gradle.process.internal.worker.GradleWorkerMain.run(GradleWorkerMain.java:69)
	at app//worker.org.gradle.process.internal.worker.GradleWorkerMain.main(GradleWorkerMain.java:74)
</failure>
  </testcase>
  <testcase name="FOL" classname="de.uka.ilkd.key.proof.runallproofs.RunAllProofsFunctional" time="0.932">
    <failure message="org.opentest4j.AssertionFailedError: Executed process terminated with non-zero exit value. ==&gt; expected: &lt;0&gt; but was: &lt;1&gt;" type="org.opentest4j.AssertionFailedError">org.opentest4j.AssertionFailedError: Executed process terminated with non-zero exit value. ==&gt; expected: &lt;0&gt; but was: &lt;1&gt;
	at app//org.junit.jupiter.api.AssertionFailureBuilder.build(AssertionFailureBuilder.java:151)
	at app//org.junit.jupiter.api.AssertionFailureBuilder.buildAndThrow(AssertionFailureBuilder.java:132)
	at app//org.junit.jupiter.api.AssertEquals.failNotEqual(AssertEquals.java:197)
	at app//org.junit.jupiter.api.AssertEquals.assertEquals(AssertEquals.java:150)
	at app//org.junit.jupiter.api.Assertions.assertEquals(Assertions.java:560)
	at app//de.uka.ilkd.key.proof.runallproofs.proofcollection.ForkedTestFileRunner.processTestFiles(ForkedTestFileRunner.java:129)
	at app//de.uka.ilkd.key.proof.runallproofs.RunAllProofsTestUnit.runTest(RunAllProofsTestUnit.java:85)
	at app//de.uka.ilkd.key.proof.runallproofs.RunAllProofsTest.lambda$data$0(RunAllProofsTest.java:83)
	at app//org.junit.jupiter.engine.descriptor.DynamicTestTestDescriptor.lambda$execute$0(DynamicTestTestDescriptor.java:53)
	at app//org.junit.jupiter.engine.execution.InvocationInterceptorChain$ValidatingInvocation.proceed(InvocationInterceptorChain.java:131)
	at app//org.junit.jupiter.api.extension.InvocationInterceptor.interceptDynamicTest(InvocationInterceptor.java:167)
	at app//org.junit.jupiter.api.extension.InvocationInterceptor.interceptDynamicTest(InvocationInterceptor.java:184)
	at app//org.junit.jupiter.engine.descriptor.DynamicTestTestDescriptor.lambda$execute$1(DynamicTestTestDescriptor.java:61)
	at app//org.junit.jupiter.engine.execution.InvocationInterceptorChain$InterceptorCall.lambda$ofVoid$0(InvocationInterceptorChain.java:78)
	at app//org.junit.jupiter.engine.execution.InvocationInterceptorChain$InterceptedInvocation.proceed(InvocationInterceptorChain.java:106)
	at app//org.junit.jupiter.engine.execution.InvocationInterceptorChain.proceed(InvocationInterceptorChain.java:64)
	at app//org.junit.jupiter.engine.execution.InvocationInterceptorChain.chainAndInvoke(InvocationInterceptorChain.java:45)
	at app//org.junit.jupiter.engine.execution.InvocationInterceptorChain.invoke(InvocationInterceptorChain.java:37)
	at app//org.junit.jupiter.engine.descriptor.DynamicTestTestDescriptor.execute(DynamicTestTestDescriptor.java:60)
	at app//org.junit.jupiter.engine.descriptor.DynamicTestTestDescriptor.execute(DynamicTestTestDescriptor.java:32)
	at app//org.junit.platform.engine.support.hierarchical.NodeTestTask.lambda$executeRecursively$6(NodeTestTask.java:151)
	at app//org.junit.platform.engine.support.hierarchical.ThrowableCollector.execute(ThrowableCollector.java:73)
	at app//org.junit.platform.engine.support.hierarchical.NodeTestTask.lambda$executeRecursively$8(NodeTestTask.java:141)
	at app//org.junit.platform.engine.support.hierarchical.Node.around(Node.java:137)
	at app//org.junit.platform.engine.support.hierarchical.NodeTestTask.lambda$executeRecursively$9(NodeTestTask.java:139)
	at app//org.junit.platform.engine.support.hierarchical.ThrowableCollector.execute(ThrowableCollector.java:73)
	at app//org.junit.platform.engine.support.hierarchical.NodeTestTask.executeRecursively(NodeTestTask.java:138)
	at app//org.junit.platform.engine.support.hierarchical.NodeTestTask.execute(NodeTestTask.java:95)
	at app//org.junit.platform.engine.support.hierarchical.SameThreadHierarchicalTestExecutorService.submit(SameThreadHierarchicalTestExecutorService.java:35)
	at app//org.junit.platform.engine.support.hierarchical.NodeTestTask$DefaultDynamicTestExecutor.execute(NodeTestTask.java:226)
	at app//org.junit.platform.engine.support.hierarchical.NodeTestTask$DefaultDynamicTestExecutor.execute(NodeTestTask.java:204)
	at java.base@11.0.18/java.util.Optional.ifPresent(Optional.java:183)
	at app//org.junit.jupiter.engine.descriptor.TestFactoryTestDescriptor.lambda$invokeTestMethod$1(TestFactoryTestDescriptor.java:108)
	at app//org.junit.platform.engine.support.hierarchical.ThrowableCollector.execute(ThrowableCollector.java:73)
	at app//org.junit.jupiter.engine.descriptor.TestFactoryTestDescriptor.invokeTestMethod(TestFactoryTestDescriptor.java:95)
	at app//org.junit.jupiter.engine.descriptor.TestMethodTestDescriptor.execute(TestMethodTestDescriptor.java:138)
	at app//org.junit.jupiter.engine.descriptor.TestMethodTestDescriptor.execute(TestMethodTestDescriptor.java:68)
	at app//org.junit.platform.engine.support.hierarchical.NodeTestTask.lambda$executeRecursively$6(NodeTestTask.java:151)
	at app//org.junit.platform.engine.support.hierarchical.ThrowableCollector.execute(ThrowableCollector.java:73)
	at app//org.junit.platform.engine.support.hierarchical.NodeTestTask.lambda$executeRecursively$8(NodeTestTask.java:141)
	at app//org.junit.platform.engine.support.hierarchical.Node.around(Node.java:137)
	at app//org.junit.platform.engine.support.hierarchical.NodeTestTask.lambda$executeRecursively$9(NodeTestTask.java:139)
	at app//org.junit.platform.engine.support.hierarchical.ThrowableCollector.execute(ThrowableCollector.java:73)
	at app//org.junit.platform.engine.support.hierarchical.NodeTestTask.executeRecursively(NodeTestTask.java:138)
	at app//org.junit.platform.engine.support.hierarchical.NodeTestTask.execute(NodeTestTask.java:95)
	at java.base@11.0.18/java.util.ArrayList.forEach(ArrayList.java:1541)
	at app//org.junit.platform.engine.support.hierarchical.SameThreadHierarchicalTestExecutorService.invokeAll(SameThreadHierarchicalTestExecutorService.java:41)
	at app//org.junit.platform.engine.support.hierarchical.NodeTestTask.lambda$executeRecursively$6(NodeTestTask.java:155)
	at app//org.junit.platform.engine.support.hierarchical.ThrowableCollector.execute(ThrowableCollector.java:73)
	at app//org.junit.platform.engine.support.hierarchical.NodeTestTask.lambda$executeRecursively$8(NodeTestTask.java:141)
	at app//org.junit.platform.engine.support.hierarchical.Node.around(Node.java:137)
	at app//org.junit.platform.engine.support.hierarchical.NodeTestTask.lambda$executeRecursively$9(NodeTestTask.java:139)
	at app//org.junit.platform.engine.support.hierarchical.ThrowableCollector.execute(ThrowableCollector.java:73)
	at app//org.junit.platform.engine.support.hierarchical.NodeTestTask.executeRecursively(NodeTestTask.java:138)
	at app//org.junit.platform.engine.support.hierarchical.NodeTestTask.execute(NodeTestTask.java:95)
	at java.base@11.0.18/java.util.ArrayList.forEach(ArrayList.java:1541)
	at app//org.junit.platform.engine.support.hierarchical.SameThreadHierarchicalTestExecutorService.invokeAll(SameThreadHierarchicalTestExecutorService.java:41)
	at app//org.junit.platform.engine.support.hierarchical.NodeTestTask.lambda$executeRecursively$6(NodeTestTask.java:155)
	at app//org.junit.platform.engine.support.hierarchical.ThrowableCollector.execute(ThrowableCollector.java:73)
	at app//org.junit.platform.engine.support.hierarchical.NodeTestTask.lambda$executeRecursively$8(NodeTestTask.java:141)
	at app//org.junit.platform.engine.support.hierarchical.Node.around(Node.java:137)
	at app//org.junit.platform.engine.support.hierarchical.NodeTestTask.lambda$executeRecursively$9(NodeTestTask.java:139)
	at app//org.junit.platform.engine.support.hierarchical.ThrowableCollector.execute(ThrowableCollector.java:73)
	at app//org.junit.platform.engine.support.hierarchical.NodeTestTask.executeRecursively(NodeTestTask.java:138)
	at app//org.junit.platform.engine.support.hierarchical.NodeTestTask.execute(NodeTestTask.java:95)
	at app//org.junit.platform.engine.support.hierarchical.SameThreadHierarchicalTestExecutorService.submit(SameThreadHierarchicalTestExecutorService.java:35)
	at app//org.junit.platform.engine.support.hierarchical.HierarchicalTestExecutor.execute(HierarchicalTestExecutor.java:57)
	at app//org.junit.platform.engine.support.hierarchical.HierarchicalTestEngine.execute(HierarchicalTestEngine.java:54)
	at org.junit.platform.launcher.core.EngineExecutionOrchestrator.execute(EngineExecutionOrchestrator.java:107)
	at org.junit.platform.launcher.core.EngineExecutionOrchestrator.execute(EngineExecutionOrchestrator.java:88)
	at org.junit.platform.launcher.core.EngineExecutionOrchestrator.lambda$execute$0(EngineExecutionOrchestrator.java:54)
	at org.junit.platform.launcher.core.EngineExecutionOrchestrator.withInterceptedStreams(EngineExecutionOrchestrator.java:67)
	at org.junit.platform.launcher.core.EngineExecutionOrchestrator.execute(EngineExecutionOrchestrator.java:52)
	at org.junit.platform.launcher.core.DefaultLauncher.execute(DefaultLauncher.java:114)
	at org.junit.platform.launcher.core.DefaultLauncher.execute(DefaultLauncher.java:86)
	at org.junit.platform.launcher.core.DefaultLauncherSession$DelegatingLauncher.execute(DefaultLauncherSession.java:86)
	at org.junit.platform.launcher.core.SessionPerRequestLauncher.execute(SessionPerRequestLauncher.java:53)
	at org.gradle.api.internal.tasks.testing.junitplatform.JUnitPlatformTestClassProcessor$CollectAllTestClassesExecutor.processAllTestClasses(JUnitPlatformTestClassProcessor.java:99)
	at org.gradle.api.internal.tasks.testing.junitplatform.JUnitPlatformTestClassProcessor$CollectAllTestClassesExecutor.access$000(JUnitPlatformTestClassProcessor.java:79)
	at org.gradle.api.internal.tasks.testing.junitplatform.JUnitPlatformTestClassProcessor.stop(JUnitPlatformTestClassProcessor.java:75)
	at org.gradle.api.internal.tasks.testing.SuiteTestClassProcessor.stop(SuiteTestClassProcessor.java:62)
	at java.base@11.0.18/jdk.internal.reflect.NativeMethodAccessorImpl.invoke0(Native Method)
	at java.base@11.0.18/jdk.internal.reflect.NativeMethodAccessorImpl.invoke(NativeMethodAccessorImpl.java:62)
	at java.base@11.0.18/jdk.internal.reflect.DelegatingMethodAccessorImpl.invoke(DelegatingMethodAccessorImpl.java:43)
	at java.base@11.0.18/java.lang.reflect.Method.invoke(Method.java:566)
	at org.gradle.internal.dispatch.ReflectionDispatch.dispatch(ReflectionDispatch.java:36)
	at org.gradle.internal.dispatch.ReflectionDispatch.dispatch(ReflectionDispatch.java:24)
	at org.gradle.internal.dispatch.ContextClassLoaderDispatch.dispatch(ContextClassLoaderDispatch.java:33)
	at org.gradle.internal.dispatch.ProxyDispatchAdapter$DispatchingInvocationHandler.invoke(ProxyDispatchAdapter.java:94)
	at com.sun.proxy.$Proxy2.stop(Unknown Source)
	at org.gradle.api.internal.tasks.testing.worker.TestWorker$3.run(TestWorker.java:193)
	at org.gradle.api.internal.tasks.testing.worker.TestWorker.executeAndMaintainThreadName(TestWorker.java:129)
	at org.gradle.api.internal.tasks.testing.worker.TestWorker.execute(TestWorker.java:100)
	at org.gradle.api.internal.tasks.testing.worker.TestWorker.execute(TestWorker.java:60)
	at org.gradle.process.internal.worker.child.ActionExecutionWorker.execute(ActionExecutionWorker.java:56)
	at org.gradle.process.internal.worker.child.SystemApplicationClassLoaderWorker.call(SystemApplicationClassLoaderWorker.java:113)
	at org.gradle.process.internal.worker.child.SystemApplicationClassLoaderWorker.call(SystemApplicationClassLoaderWorker.java:65)
	at app//worker.org.gradle.process.internal.worker.GradleWorkerMain.run(GradleWorkerMain.java:69)
	at app//worker.org.gradle.process.internal.worker.GradleWorkerMain.main(GradleWorkerMain.java:74)
</failure>
  </testcase>
  <testcase name="strings" classname="de.uka.ilkd.key.proof.runallproofs.RunAllProofsFunctional" time="0.87">
    <failure message="org.opentest4j.AssertionFailedError: Executed process terminated with non-zero exit value. ==&gt; expected: &lt;0&gt; but was: &lt;1&gt;" type="org.opentest4j.AssertionFailedError">org.opentest4j.AssertionFailedError: Executed process terminated with non-zero exit value. ==&gt; expected: &lt;0&gt; but was: &lt;1&gt;
	at app//org.junit.jupiter.api.AssertionFailureBuilder.build(AssertionFailureBuilder.java:151)
	at app//org.junit.jupiter.api.AssertionFailureBuilder.buildAndThrow(AssertionFailureBuilder.java:132)
	at app//org.junit.jupiter.api.AssertEquals.failNotEqual(AssertEquals.java:197)
	at app//org.junit.jupiter.api.AssertEquals.assertEquals(AssertEquals.java:150)
	at app//org.junit.jupiter.api.Assertions.assertEquals(Assertions.java:560)
	at app//de.uka.ilkd.key.proof.runallproofs.proofcollection.ForkedTestFileRunner.processTestFiles(ForkedTestFileRunner.java:129)
	at app//de.uka.ilkd.key.proof.runallproofs.RunAllProofsTestUnit.runTest(RunAllProofsTestUnit.java:85)
	at app//de.uka.ilkd.key.proof.runallproofs.RunAllProofsTest.lambda$data$0(RunAllProofsTest.java:83)
	at app//org.junit.jupiter.engine.descriptor.DynamicTestTestDescriptor.lambda$execute$0(DynamicTestTestDescriptor.java:53)
	at app//org.junit.jupiter.engine.execution.InvocationInterceptorChain$ValidatingInvocation.proceed(InvocationInterceptorChain.java:131)
	at app//org.junit.jupiter.api.extension.InvocationInterceptor.interceptDynamicTest(InvocationInterceptor.java:167)
	at app//org.junit.jupiter.api.extension.InvocationInterceptor.interceptDynamicTest(InvocationInterceptor.java:184)
	at app//org.junit.jupiter.engine.descriptor.DynamicTestTestDescriptor.lambda$execute$1(DynamicTestTestDescriptor.java:61)
	at app//org.junit.jupiter.engine.execution.InvocationInterceptorChain$InterceptorCall.lambda$ofVoid$0(InvocationInterceptorChain.java:78)
	at app//org.junit.jupiter.engine.execution.InvocationInterceptorChain$InterceptedInvocation.proceed(InvocationInterceptorChain.java:106)
	at app//org.junit.jupiter.engine.execution.InvocationInterceptorChain.proceed(InvocationInterceptorChain.java:64)
	at app//org.junit.jupiter.engine.execution.InvocationInterceptorChain.chainAndInvoke(InvocationInterceptorChain.java:45)
	at app//org.junit.jupiter.engine.execution.InvocationInterceptorChain.invoke(InvocationInterceptorChain.java:37)
	at app//org.junit.jupiter.engine.descriptor.DynamicTestTestDescriptor.execute(DynamicTestTestDescriptor.java:60)
	at app//org.junit.jupiter.engine.descriptor.DynamicTestTestDescriptor.execute(DynamicTestTestDescriptor.java:32)
	at app//org.junit.platform.engine.support.hierarchical.NodeTestTask.lambda$executeRecursively$6(NodeTestTask.java:151)
	at app//org.junit.platform.engine.support.hierarchical.ThrowableCollector.execute(ThrowableCollector.java:73)
	at app//org.junit.platform.engine.support.hierarchical.NodeTestTask.lambda$executeRecursively$8(NodeTestTask.java:141)
	at app//org.junit.platform.engine.support.hierarchical.Node.around(Node.java:137)
	at app//org.junit.platform.engine.support.hierarchical.NodeTestTask.lambda$executeRecursively$9(NodeTestTask.java:139)
	at app//org.junit.platform.engine.support.hierarchical.ThrowableCollector.execute(ThrowableCollector.java:73)
	at app//org.junit.platform.engine.support.hierarchical.NodeTestTask.executeRecursively(NodeTestTask.java:138)
	at app//org.junit.platform.engine.support.hierarchical.NodeTestTask.execute(NodeTestTask.java:95)
	at app//org.junit.platform.engine.support.hierarchical.SameThreadHierarchicalTestExecutorService.submit(SameThreadHierarchicalTestExecutorService.java:35)
	at app//org.junit.platform.engine.support.hierarchical.NodeTestTask$DefaultDynamicTestExecutor.execute(NodeTestTask.java:226)
	at app//org.junit.platform.engine.support.hierarchical.NodeTestTask$DefaultDynamicTestExecutor.execute(NodeTestTask.java:204)
	at java.base@11.0.18/java.util.Optional.ifPresent(Optional.java:183)
	at app//org.junit.jupiter.engine.descriptor.TestFactoryTestDescriptor.lambda$invokeTestMethod$1(TestFactoryTestDescriptor.java:108)
	at app//org.junit.platform.engine.support.hierarchical.ThrowableCollector.execute(ThrowableCollector.java:73)
	at app//org.junit.jupiter.engine.descriptor.TestFactoryTestDescriptor.invokeTestMethod(TestFactoryTestDescriptor.java:95)
	at app//org.junit.jupiter.engine.descriptor.TestMethodTestDescriptor.execute(TestMethodTestDescriptor.java:138)
	at app//org.junit.jupiter.engine.descriptor.TestMethodTestDescriptor.execute(TestMethodTestDescriptor.java:68)
	at app//org.junit.platform.engine.support.hierarchical.NodeTestTask.lambda$executeRecursively$6(NodeTestTask.java:151)
	at app//org.junit.platform.engine.support.hierarchical.ThrowableCollector.execute(ThrowableCollector.java:73)
	at app//org.junit.platform.engine.support.hierarchical.NodeTestTask.lambda$executeRecursively$8(NodeTestTask.java:141)
	at app//org.junit.platform.engine.support.hierarchical.Node.around(Node.java:137)
	at app//org.junit.platform.engine.support.hierarchical.NodeTestTask.lambda$executeRecursively$9(NodeTestTask.java:139)
	at app//org.junit.platform.engine.support.hierarchical.ThrowableCollector.execute(ThrowableCollector.java:73)
	at app//org.junit.platform.engine.support.hierarchical.NodeTestTask.executeRecursively(NodeTestTask.java:138)
	at app//org.junit.platform.engine.support.hierarchical.NodeTestTask.execute(NodeTestTask.java:95)
	at java.base@11.0.18/java.util.ArrayList.forEach(ArrayList.java:1541)
	at app//org.junit.platform.engine.support.hierarchical.SameThreadHierarchicalTestExecutorService.invokeAll(SameThreadHierarchicalTestExecutorService.java:41)
	at app//org.junit.platform.engine.support.hierarchical.NodeTestTask.lambda$executeRecursively$6(NodeTestTask.java:155)
	at app//org.junit.platform.engine.support.hierarchical.ThrowableCollector.execute(ThrowableCollector.java:73)
	at app//org.junit.platform.engine.support.hierarchical.NodeTestTask.lambda$executeRecursively$8(NodeTestTask.java:141)
	at app//org.junit.platform.engine.support.hierarchical.Node.around(Node.java:137)
	at app//org.junit.platform.engine.support.hierarchical.NodeTestTask.lambda$executeRecursively$9(NodeTestTask.java:139)
	at app//org.junit.platform.engine.support.hierarchical.ThrowableCollector.execute(ThrowableCollector.java:73)
	at app//org.junit.platform.engine.support.hierarchical.NodeTestTask.executeRecursively(NodeTestTask.java:138)
	at app//org.junit.platform.engine.support.hierarchical.NodeTestTask.execute(NodeTestTask.java:95)
	at java.base@11.0.18/java.util.ArrayList.forEach(ArrayList.java:1541)
	at app//org.junit.platform.engine.support.hierarchical.SameThreadHierarchicalTestExecutorService.invokeAll(SameThreadHierarchicalTestExecutorService.java:41)
	at app//org.junit.platform.engine.support.hierarchical.NodeTestTask.lambda$executeRecursively$6(NodeTestTask.java:155)
	at app//org.junit.platform.engine.support.hierarchical.ThrowableCollector.execute(ThrowableCollector.java:73)
	at app//org.junit.platform.engine.support.hierarchical.NodeTestTask.lambda$executeRecursively$8(NodeTestTask.java:141)
	at app//org.junit.platform.engine.support.hierarchical.Node.around(Node.java:137)
	at app//org.junit.platform.engine.support.hierarchical.NodeTestTask.lambda$executeRecursively$9(NodeTestTask.java:139)
	at app//org.junit.platform.engine.support.hierarchical.ThrowableCollector.execute(ThrowableCollector.java:73)
	at app//org.junit.platform.engine.support.hierarchical.NodeTestTask.executeRecursively(NodeTestTask.java:138)
	at app//org.junit.platform.engine.support.hierarchical.NodeTestTask.execute(NodeTestTask.java:95)
	at app//org.junit.platform.engine.support.hierarchical.SameThreadHierarchicalTestExecutorService.submit(SameThreadHierarchicalTestExecutorService.java:35)
	at app//org.junit.platform.engine.support.hierarchical.HierarchicalTestExecutor.execute(HierarchicalTestExecutor.java:57)
	at app//org.junit.platform.engine.support.hierarchical.HierarchicalTestEngine.execute(HierarchicalTestEngine.java:54)
	at org.junit.platform.launcher.core.EngineExecutionOrchestrator.execute(EngineExecutionOrchestrator.java:107)
	at org.junit.platform.launcher.core.EngineExecutionOrchestrator.execute(EngineExecutionOrchestrator.java:88)
	at org.junit.platform.launcher.core.EngineExecutionOrchestrator.lambda$execute$0(EngineExecutionOrchestrator.java:54)
	at org.junit.platform.launcher.core.EngineExecutionOrchestrator.withInterceptedStreams(EngineExecutionOrchestrator.java:67)
	at org.junit.platform.launcher.core.EngineExecutionOrchestrator.execute(EngineExecutionOrchestrator.java:52)
	at org.junit.platform.launcher.core.DefaultLauncher.execute(DefaultLauncher.java:114)
	at org.junit.platform.launcher.core.DefaultLauncher.execute(DefaultLauncher.java:86)
	at org.junit.platform.launcher.core.DefaultLauncherSession$DelegatingLauncher.execute(DefaultLauncherSession.java:86)
	at org.junit.platform.launcher.core.SessionPerRequestLauncher.execute(SessionPerRequestLauncher.java:53)
	at org.gradle.api.internal.tasks.testing.junitplatform.JUnitPlatformTestClassProcessor$CollectAllTestClassesExecutor.processAllTestClasses(JUnitPlatformTestClassProcessor.java:99)
	at org.gradle.api.internal.tasks.testing.junitplatform.JUnitPlatformTestClassProcessor$CollectAllTestClassesExecutor.access$000(JUnitPlatformTestClassProcessor.java:79)
	at org.gradle.api.internal.tasks.testing.junitplatform.JUnitPlatformTestClassProcessor.stop(JUnitPlatformTestClassProcessor.java:75)
	at org.gradle.api.internal.tasks.testing.SuiteTestClassProcessor.stop(SuiteTestClassProcessor.java:62)
	at java.base@11.0.18/jdk.internal.reflect.NativeMethodAccessorImpl.invoke0(Native Method)
	at java.base@11.0.18/jdk.internal.reflect.NativeMethodAccessorImpl.invoke(NativeMethodAccessorImpl.java:62)
	at java.base@11.0.18/jdk.internal.reflect.DelegatingMethodAccessorImpl.invoke(DelegatingMethodAccessorImpl.java:43)
	at java.base@11.0.18/java.lang.reflect.Method.invoke(Method.java:566)
	at org.gradle.internal.dispatch.ReflectionDispatch.dispatch(ReflectionDispatch.java:36)
	at org.gradle.internal.dispatch.ReflectionDispatch.dispatch(ReflectionDispatch.java:24)
	at org.gradle.internal.dispatch.ContextClassLoaderDispatch.dispatch(ContextClassLoaderDispatch.java:33)
	at org.gradle.internal.dispatch.ProxyDispatchAdapter$DispatchingInvocationHandler.invoke(ProxyDispatchAdapter.java:94)
	at com.sun.proxy.$Proxy2.stop(Unknown Source)
	at org.gradle.api.internal.tasks.testing.worker.TestWorker$3.run(TestWorker.java:193)
	at org.gradle.api.internal.tasks.testing.worker.TestWorker.executeAndMaintainThreadName(TestWorker.java:129)
	at org.gradle.api.internal.tasks.testing.worker.TestWorker.execute(TestWorker.java:100)
	at org.gradle.api.internal.tasks.testing.worker.TestWorker.execute(TestWorker.java:60)
	at org.gradle.process.internal.worker.child.ActionExecutionWorker.execute(ActionExecutionWorker.java:56)
	at org.gradle.process.internal.worker.child.SystemApplicationClassLoaderWorker.call(SystemApplicationClassLoaderWorker.java:113)
	at org.gradle.process.internal.worker.child.SystemApplicationClassLoaderWorker.call(SystemApplicationClassLoaderWorker.java:65)
	at app//worker.org.gradle.process.internal.worker.GradleWorkerMain.run(GradleWorkerMain.java:69)
	at app//worker.org.gradle.process.internal.worker.GradleWorkerMain.main(GradleWorkerMain.java:74)
</failure>
  </testcase>
  <testcase name="simple_info_flow" classname="de.uka.ilkd.key.proof.runallproofs.RunAllProofsFunctional" time="0.761">
    <failure message="org.opentest4j.AssertionFailedError: Executed process terminated with non-zero exit value. ==&gt; expected: &lt;0&gt; but was: &lt;1&gt;" type="org.opentest4j.AssertionFailedError">org.opentest4j.AssertionFailedError: Executed process terminated with non-zero exit value. ==&gt; expected: &lt;0&gt; but was: &lt;1&gt;
	at app//org.junit.jupiter.api.AssertionFailureBuilder.build(AssertionFailureBuilder.java:151)
	at app//org.junit.jupiter.api.AssertionFailureBuilder.buildAndThrow(AssertionFailureBuilder.java:132)
	at app//org.junit.jupiter.api.AssertEquals.failNotEqual(AssertEquals.java:197)
	at app//org.junit.jupiter.api.AssertEquals.assertEquals(AssertEquals.java:150)
	at app//org.junit.jupiter.api.Assertions.assertEquals(Assertions.java:560)
	at app//de.uka.ilkd.key.proof.runallproofs.proofcollection.ForkedTestFileRunner.processTestFiles(ForkedTestFileRunner.java:129)
	at app//de.uka.ilkd.key.proof.runallproofs.RunAllProofsTestUnit.runTest(RunAllProofsTestUnit.java:85)
	at app//de.uka.ilkd.key.proof.runallproofs.RunAllProofsTest.lambda$data$0(RunAllProofsTest.java:83)
	at app//org.junit.jupiter.engine.descriptor.DynamicTestTestDescriptor.lambda$execute$0(DynamicTestTestDescriptor.java:53)
	at app//org.junit.jupiter.engine.execution.InvocationInterceptorChain$ValidatingInvocation.proceed(InvocationInterceptorChain.java:131)
	at app//org.junit.jupiter.api.extension.InvocationInterceptor.interceptDynamicTest(InvocationInterceptor.java:167)
	at app//org.junit.jupiter.api.extension.InvocationInterceptor.interceptDynamicTest(InvocationInterceptor.java:184)
	at app//org.junit.jupiter.engine.descriptor.DynamicTestTestDescriptor.lambda$execute$1(DynamicTestTestDescriptor.java:61)
	at app//org.junit.jupiter.engine.execution.InvocationInterceptorChain$InterceptorCall.lambda$ofVoid$0(InvocationInterceptorChain.java:78)
	at app//org.junit.jupiter.engine.execution.InvocationInterceptorChain$InterceptedInvocation.proceed(InvocationInterceptorChain.java:106)
	at app//org.junit.jupiter.engine.execution.InvocationInterceptorChain.proceed(InvocationInterceptorChain.java:64)
	at app//org.junit.jupiter.engine.execution.InvocationInterceptorChain.chainAndInvoke(InvocationInterceptorChain.java:45)
	at app//org.junit.jupiter.engine.execution.InvocationInterceptorChain.invoke(InvocationInterceptorChain.java:37)
	at app//org.junit.jupiter.engine.descriptor.DynamicTestTestDescriptor.execute(DynamicTestTestDescriptor.java:60)
	at app//org.junit.jupiter.engine.descriptor.DynamicTestTestDescriptor.execute(DynamicTestTestDescriptor.java:32)
	at app//org.junit.platform.engine.support.hierarchical.NodeTestTask.lambda$executeRecursively$6(NodeTestTask.java:151)
	at app//org.junit.platform.engine.support.hierarchical.ThrowableCollector.execute(ThrowableCollector.java:73)
	at app//org.junit.platform.engine.support.hierarchical.NodeTestTask.lambda$executeRecursively$8(NodeTestTask.java:141)
	at app//org.junit.platform.engine.support.hierarchical.Node.around(Node.java:137)
	at app//org.junit.platform.engine.support.hierarchical.NodeTestTask.lambda$executeRecursively$9(NodeTestTask.java:139)
	at app//org.junit.platform.engine.support.hierarchical.ThrowableCollector.execute(ThrowableCollector.java:73)
	at app//org.junit.platform.engine.support.hierarchical.NodeTestTask.executeRecursively(NodeTestTask.java:138)
	at app//org.junit.platform.engine.support.hierarchical.NodeTestTask.execute(NodeTestTask.java:95)
	at app//org.junit.platform.engine.support.hierarchical.SameThreadHierarchicalTestExecutorService.submit(SameThreadHierarchicalTestExecutorService.java:35)
	at app//org.junit.platform.engine.support.hierarchical.NodeTestTask$DefaultDynamicTestExecutor.execute(NodeTestTask.java:226)
	at app//org.junit.platform.engine.support.hierarchical.NodeTestTask$DefaultDynamicTestExecutor.execute(NodeTestTask.java:204)
	at java.base@11.0.18/java.util.Optional.ifPresent(Optional.java:183)
	at app//org.junit.jupiter.engine.descriptor.TestFactoryTestDescriptor.lambda$invokeTestMethod$1(TestFactoryTestDescriptor.java:108)
	at app//org.junit.platform.engine.support.hierarchical.ThrowableCollector.execute(ThrowableCollector.java:73)
	at app//org.junit.jupiter.engine.descriptor.TestFactoryTestDescriptor.invokeTestMethod(TestFactoryTestDescriptor.java:95)
	at app//org.junit.jupiter.engine.descriptor.TestMethodTestDescriptor.execute(TestMethodTestDescriptor.java:138)
	at app//org.junit.jupiter.engine.descriptor.TestMethodTestDescriptor.execute(TestMethodTestDescriptor.java:68)
	at app//org.junit.platform.engine.support.hierarchical.NodeTestTask.lambda$executeRecursively$6(NodeTestTask.java:151)
	at app//org.junit.platform.engine.support.hierarchical.ThrowableCollector.execute(ThrowableCollector.java:73)
	at app//org.junit.platform.engine.support.hierarchical.NodeTestTask.lambda$executeRecursively$8(NodeTestTask.java:141)
	at app//org.junit.platform.engine.support.hierarchical.Node.around(Node.java:137)
	at app//org.junit.platform.engine.support.hierarchical.NodeTestTask.lambda$executeRecursively$9(NodeTestTask.java:139)
	at app//org.junit.platform.engine.support.hierarchical.ThrowableCollector.execute(ThrowableCollector.java:73)
	at app//org.junit.platform.engine.support.hierarchical.NodeTestTask.executeRecursively(NodeTestTask.java:138)
	at app//org.junit.platform.engine.support.hierarchical.NodeTestTask.execute(NodeTestTask.java:95)
	at java.base@11.0.18/java.util.ArrayList.forEach(ArrayList.java:1541)
	at app//org.junit.platform.engine.support.hierarchical.SameThreadHierarchicalTestExecutorService.invokeAll(SameThreadHierarchicalTestExecutorService.java:41)
	at app//org.junit.platform.engine.support.hierarchical.NodeTestTask.lambda$executeRecursively$6(NodeTestTask.java:155)
	at app//org.junit.platform.engine.support.hierarchical.ThrowableCollector.execute(ThrowableCollector.java:73)
	at app//org.junit.platform.engine.support.hierarchical.NodeTestTask.lambda$executeRecursively$8(NodeTestTask.java:141)
	at app//org.junit.platform.engine.support.hierarchical.Node.around(Node.java:137)
	at app//org.junit.platform.engine.support.hierarchical.NodeTestTask.lambda$executeRecursively$9(NodeTestTask.java:139)
	at app//org.junit.platform.engine.support.hierarchical.ThrowableCollector.execute(ThrowableCollector.java:73)
	at app//org.junit.platform.engine.support.hierarchical.NodeTestTask.executeRecursively(NodeTestTask.java:138)
	at app//org.junit.platform.engine.support.hierarchical.NodeTestTask.execute(NodeTestTask.java:95)
	at java.base@11.0.18/java.util.ArrayList.forEach(ArrayList.java:1541)
	at app//org.junit.platform.engine.support.hierarchical.SameThreadHierarchicalTestExecutorService.invokeAll(SameThreadHierarchicalTestExecutorService.java:41)
	at app//org.junit.platform.engine.support.hierarchical.NodeTestTask.lambda$executeRecursively$6(NodeTestTask.java:155)
	at app//org.junit.platform.engine.support.hierarchical.ThrowableCollector.execute(ThrowableCollector.java:73)
	at app//org.junit.platform.engine.support.hierarchical.NodeTestTask.lambda$executeRecursively$8(NodeTestTask.java:141)
	at app//org.junit.platform.engine.support.hierarchical.Node.around(Node.java:137)
	at app//org.junit.platform.engine.support.hierarchical.NodeTestTask.lambda$executeRecursively$9(NodeTestTask.java:139)
	at app//org.junit.platform.engine.support.hierarchical.ThrowableCollector.execute(ThrowableCollector.java:73)
	at app//org.junit.platform.engine.support.hierarchical.NodeTestTask.executeRecursively(NodeTestTask.java:138)
	at app//org.junit.platform.engine.support.hierarchical.NodeTestTask.execute(NodeTestTask.java:95)
	at app//org.junit.platform.engine.support.hierarchical.SameThreadHierarchicalTestExecutorService.submit(SameThreadHierarchicalTestExecutorService.java:35)
	at app//org.junit.platform.engine.support.hierarchical.HierarchicalTestExecutor.execute(HierarchicalTestExecutor.java:57)
	at app//org.junit.platform.engine.support.hierarchical.HierarchicalTestEngine.execute(HierarchicalTestEngine.java:54)
	at org.junit.platform.launcher.core.EngineExecutionOrchestrator.execute(EngineExecutionOrchestrator.java:107)
	at org.junit.platform.launcher.core.EngineExecutionOrchestrator.execute(EngineExecutionOrchestrator.java:88)
	at org.junit.platform.launcher.core.EngineExecutionOrchestrator.lambda$execute$0(EngineExecutionOrchestrator.java:54)
	at org.junit.platform.launcher.core.EngineExecutionOrchestrator.withInterceptedStreams(EngineExecutionOrchestrator.java:67)
	at org.junit.platform.launcher.core.EngineExecutionOrchestrator.execute(EngineExecutionOrchestrator.java:52)
	at org.junit.platform.launcher.core.DefaultLauncher.execute(DefaultLauncher.java:114)
	at org.junit.platform.launcher.core.DefaultLauncher.execute(DefaultLauncher.java:86)
	at org.junit.platform.launcher.core.DefaultLauncherSession$DelegatingLauncher.execute(DefaultLauncherSession.java:86)
	at org.junit.platform.launcher.core.SessionPerRequestLauncher.execute(SessionPerRequestLauncher.java:53)
	at org.gradle.api.internal.tasks.testing.junitplatform.JUnitPlatformTestClassProcessor$CollectAllTestClassesExecutor.processAllTestClasses(JUnitPlatformTestClassProcessor.java:99)
	at org.gradle.api.internal.tasks.testing.junitplatform.JUnitPlatformTestClassProcessor$CollectAllTestClassesExecutor.access$000(JUnitPlatformTestClassProcessor.java:79)
	at org.gradle.api.internal.tasks.testing.junitplatform.JUnitPlatformTestClassProcessor.stop(JUnitPlatformTestClassProcessor.java:75)
	at org.gradle.api.internal.tasks.testing.SuiteTestClassProcessor.stop(SuiteTestClassProcessor.java:62)
	at java.base@11.0.18/jdk.internal.reflect.NativeMethodAccessorImpl.invoke0(Native Method)
	at java.base@11.0.18/jdk.internal.reflect.NativeMethodAccessorImpl.invoke(NativeMethodAccessorImpl.java:62)
	at java.base@11.0.18/jdk.internal.reflect.DelegatingMethodAccessorImpl.invoke(DelegatingMethodAccessorImpl.java:43)
	at java.base@11.0.18/java.lang.reflect.Method.invoke(Method.java:566)
	at org.gradle.internal.dispatch.ReflectionDispatch.dispatch(ReflectionDispatch.java:36)
	at org.gradle.internal.dispatch.ReflectionDispatch.dispatch(ReflectionDispatch.java:24)
	at org.gradle.internal.dispatch.ContextClassLoaderDispatch.dispatch(ContextClassLoaderDispatch.java:33)
	at org.gradle.internal.dispatch.ProxyDispatchAdapter$DispatchingInvocationHandler.invoke(ProxyDispatchAdapter.java:94)
	at com.sun.proxy.$Proxy2.stop(Unknown Source)
	at org.gradle.api.internal.tasks.testing.worker.TestWorker$3.run(TestWorker.java:193)
	at org.gradle.api.internal.tasks.testing.worker.TestWorker.executeAndMaintainThreadName(TestWorker.java:129)
	at org.gradle.api.internal.tasks.testing.worker.TestWorker.execute(TestWorker.java:100)
	at org.gradle.api.internal.tasks.testing.worker.TestWorker.execute(TestWorker.java:60)
	at org.gradle.process.internal.worker.child.ActionExecutionWorker.execute(ActionExecutionWorker.java:56)
	at org.gradle.process.internal.worker.child.SystemApplicationClassLoaderWorker.call(SystemApplicationClassLoaderWorker.java:113)
	at org.gradle.process.internal.worker.child.SystemApplicationClassLoaderWorker.call(SystemApplicationClassLoaderWorker.java:65)
	at app//worker.org.gradle.process.internal.worker.GradleWorkerMain.run(GradleWorkerMain.java:69)
	at app//worker.org.gradle.process.internal.worker.GradleWorkerMain.main(GradleWorkerMain.java:74)
</failure>
  </testcase>
  <testcase name="modelMethods" classname="de.uka.ilkd.key.proof.runallproofs.RunAllProofsFunctional" time="0.771">
    <failure message="org.opentest4j.AssertionFailedError: Executed process terminated with non-zero exit value. ==&gt; expected: &lt;0&gt; but was: &lt;1&gt;" type="org.opentest4j.AssertionFailedError">org.opentest4j.AssertionFailedError: Executed process terminated with non-zero exit value. ==&gt; expected: &lt;0&gt; but was: &lt;1&gt;
	at app//org.junit.jupiter.api.AssertionFailureBuilder.build(AssertionFailureBuilder.java:151)
	at app//org.junit.jupiter.api.AssertionFailureBuilder.buildAndThrow(AssertionFailureBuilder.java:132)
	at app//org.junit.jupiter.api.AssertEquals.failNotEqual(AssertEquals.java:197)
	at app//org.junit.jupiter.api.AssertEquals.assertEquals(AssertEquals.java:150)
	at app//org.junit.jupiter.api.Assertions.assertEquals(Assertions.java:560)
	at app//de.uka.ilkd.key.proof.runallproofs.proofcollection.ForkedTestFileRunner.processTestFiles(ForkedTestFileRunner.java:129)
	at app//de.uka.ilkd.key.proof.runallproofs.RunAllProofsTestUnit.runTest(RunAllProofsTestUnit.java:85)
	at app//de.uka.ilkd.key.proof.runallproofs.RunAllProofsTest.lambda$data$0(RunAllProofsTest.java:83)
	at app//org.junit.jupiter.engine.descriptor.DynamicTestTestDescriptor.lambda$execute$0(DynamicTestTestDescriptor.java:53)
	at app//org.junit.jupiter.engine.execution.InvocationInterceptorChain$ValidatingInvocation.proceed(InvocationInterceptorChain.java:131)
	at app//org.junit.jupiter.api.extension.InvocationInterceptor.interceptDynamicTest(InvocationInterceptor.java:167)
	at app//org.junit.jupiter.api.extension.InvocationInterceptor.interceptDynamicTest(InvocationInterceptor.java:184)
	at app//org.junit.jupiter.engine.descriptor.DynamicTestTestDescriptor.lambda$execute$1(DynamicTestTestDescriptor.java:61)
	at app//org.junit.jupiter.engine.execution.InvocationInterceptorChain$InterceptorCall.lambda$ofVoid$0(InvocationInterceptorChain.java:78)
	at app//org.junit.jupiter.engine.execution.InvocationInterceptorChain$InterceptedInvocation.proceed(InvocationInterceptorChain.java:106)
	at app//org.junit.jupiter.engine.execution.InvocationInterceptorChain.proceed(InvocationInterceptorChain.java:64)
	at app//org.junit.jupiter.engine.execution.InvocationInterceptorChain.chainAndInvoke(InvocationInterceptorChain.java:45)
	at app//org.junit.jupiter.engine.execution.InvocationInterceptorChain.invoke(InvocationInterceptorChain.java:37)
	at app//org.junit.jupiter.engine.descriptor.DynamicTestTestDescriptor.execute(DynamicTestTestDescriptor.java:60)
	at app//org.junit.jupiter.engine.descriptor.DynamicTestTestDescriptor.execute(DynamicTestTestDescriptor.java:32)
	at app//org.junit.platform.engine.support.hierarchical.NodeTestTask.lambda$executeRecursively$6(NodeTestTask.java:151)
	at app//org.junit.platform.engine.support.hierarchical.ThrowableCollector.execute(ThrowableCollector.java:73)
	at app//org.junit.platform.engine.support.hierarchical.NodeTestTask.lambda$executeRecursively$8(NodeTestTask.java:141)
	at app//org.junit.platform.engine.support.hierarchical.Node.around(Node.java:137)
	at app//org.junit.platform.engine.support.hierarchical.NodeTestTask.lambda$executeRecursively$9(NodeTestTask.java:139)
	at app//org.junit.platform.engine.support.hierarchical.ThrowableCollector.execute(ThrowableCollector.java:73)
	at app//org.junit.platform.engine.support.hierarchical.NodeTestTask.executeRecursively(NodeTestTask.java:138)
	at app//org.junit.platform.engine.support.hierarchical.NodeTestTask.execute(NodeTestTask.java:95)
	at app//org.junit.platform.engine.support.hierarchical.SameThreadHierarchicalTestExecutorService.submit(SameThreadHierarchicalTestExecutorService.java:35)
	at app//org.junit.platform.engine.support.hierarchical.NodeTestTask$DefaultDynamicTestExecutor.execute(NodeTestTask.java:226)
	at app//org.junit.platform.engine.support.hierarchical.NodeTestTask$DefaultDynamicTestExecutor.execute(NodeTestTask.java:204)
	at java.base@11.0.18/java.util.Optional.ifPresent(Optional.java:183)
	at app//org.junit.jupiter.engine.descriptor.TestFactoryTestDescriptor.lambda$invokeTestMethod$1(TestFactoryTestDescriptor.java:108)
	at app//org.junit.platform.engine.support.hierarchical.ThrowableCollector.execute(ThrowableCollector.java:73)
	at app//org.junit.jupiter.engine.descriptor.TestFactoryTestDescriptor.invokeTestMethod(TestFactoryTestDescriptor.java:95)
	at app//org.junit.jupiter.engine.descriptor.TestMethodTestDescriptor.execute(TestMethodTestDescriptor.java:138)
	at app//org.junit.jupiter.engine.descriptor.TestMethodTestDescriptor.execute(TestMethodTestDescriptor.java:68)
	at app//org.junit.platform.engine.support.hierarchical.NodeTestTask.lambda$executeRecursively$6(NodeTestTask.java:151)
	at app//org.junit.platform.engine.support.hierarchical.ThrowableCollector.execute(ThrowableCollector.java:73)
	at app//org.junit.platform.engine.support.hierarchical.NodeTestTask.lambda$executeRecursively$8(NodeTestTask.java:141)
	at app//org.junit.platform.engine.support.hierarchical.Node.around(Node.java:137)
	at app//org.junit.platform.engine.support.hierarchical.NodeTestTask.lambda$executeRecursively$9(NodeTestTask.java:139)
	at app//org.junit.platform.engine.support.hierarchical.ThrowableCollector.execute(ThrowableCollector.java:73)
	at app//org.junit.platform.engine.support.hierarchical.NodeTestTask.executeRecursively(NodeTestTask.java:138)
	at app//org.junit.platform.engine.support.hierarchical.NodeTestTask.execute(NodeTestTask.java:95)
	at java.base@11.0.18/java.util.ArrayList.forEach(ArrayList.java:1541)
	at app//org.junit.platform.engine.support.hierarchical.SameThreadHierarchicalTestExecutorService.invokeAll(SameThreadHierarchicalTestExecutorService.java:41)
	at app//org.junit.platform.engine.support.hierarchical.NodeTestTask.lambda$executeRecursively$6(NodeTestTask.java:155)
	at app//org.junit.platform.engine.support.hierarchical.ThrowableCollector.execute(ThrowableCollector.java:73)
	at app//org.junit.platform.engine.support.hierarchical.NodeTestTask.lambda$executeRecursively$8(NodeTestTask.java:141)
	at app//org.junit.platform.engine.support.hierarchical.Node.around(Node.java:137)
	at app//org.junit.platform.engine.support.hierarchical.NodeTestTask.lambda$executeRecursively$9(NodeTestTask.java:139)
	at app//org.junit.platform.engine.support.hierarchical.ThrowableCollector.execute(ThrowableCollector.java:73)
	at app//org.junit.platform.engine.support.hierarchical.NodeTestTask.executeRecursively(NodeTestTask.java:138)
	at app//org.junit.platform.engine.support.hierarchical.NodeTestTask.execute(NodeTestTask.java:95)
	at java.base@11.0.18/java.util.ArrayList.forEach(ArrayList.java:1541)
	at app//org.junit.platform.engine.support.hierarchical.SameThreadHierarchicalTestExecutorService.invokeAll(SameThreadHierarchicalTestExecutorService.java:41)
	at app//org.junit.platform.engine.support.hierarchical.NodeTestTask.lambda$executeRecursively$6(NodeTestTask.java:155)
	at app//org.junit.platform.engine.support.hierarchical.ThrowableCollector.execute(ThrowableCollector.java:73)
	at app//org.junit.platform.engine.support.hierarchical.NodeTestTask.lambda$executeRecursively$8(NodeTestTask.java:141)
	at app//org.junit.platform.engine.support.hierarchical.Node.around(Node.java:137)
	at app//org.junit.platform.engine.support.hierarchical.NodeTestTask.lambda$executeRecursively$9(NodeTestTask.java:139)
	at app//org.junit.platform.engine.support.hierarchical.ThrowableCollector.execute(ThrowableCollector.java:73)
	at app//org.junit.platform.engine.support.hierarchical.NodeTestTask.executeRecursively(NodeTestTask.java:138)
	at app//org.junit.platform.engine.support.hierarchical.NodeTestTask.execute(NodeTestTask.java:95)
	at app//org.junit.platform.engine.support.hierarchical.SameThreadHierarchicalTestExecutorService.submit(SameThreadHierarchicalTestExecutorService.java:35)
	at app//org.junit.platform.engine.support.hierarchical.HierarchicalTestExecutor.execute(HierarchicalTestExecutor.java:57)
	at app//org.junit.platform.engine.support.hierarchical.HierarchicalTestEngine.execute(HierarchicalTestEngine.java:54)
	at org.junit.platform.launcher.core.EngineExecutionOrchestrator.execute(EngineExecutionOrchestrator.java:107)
	at org.junit.platform.launcher.core.EngineExecutionOrchestrator.execute(EngineExecutionOrchestrator.java:88)
	at org.junit.platform.launcher.core.EngineExecutionOrchestrator.lambda$execute$0(EngineExecutionOrchestrator.java:54)
	at org.junit.platform.launcher.core.EngineExecutionOrchestrator.withInterceptedStreams(EngineExecutionOrchestrator.java:67)
	at org.junit.platform.launcher.core.EngineExecutionOrchestrator.execute(EngineExecutionOrchestrator.java:52)
	at org.junit.platform.launcher.core.DefaultLauncher.execute(DefaultLauncher.java:114)
	at org.junit.platform.launcher.core.DefaultLauncher.execute(DefaultLauncher.java:86)
	at org.junit.platform.launcher.core.DefaultLauncherSession$DelegatingLauncher.execute(DefaultLauncherSession.java:86)
	at org.junit.platform.launcher.core.SessionPerRequestLauncher.execute(SessionPerRequestLauncher.java:53)
	at org.gradle.api.internal.tasks.testing.junitplatform.JUnitPlatformTestClassProcessor$CollectAllTestClassesExecutor.processAllTestClasses(JUnitPlatformTestClassProcessor.java:99)
	at org.gradle.api.internal.tasks.testing.junitplatform.JUnitPlatformTestClassProcessor$CollectAllTestClassesExecutor.access$000(JUnitPlatformTestClassProcessor.java:79)
	at org.gradle.api.internal.tasks.testing.junitplatform.JUnitPlatformTestClassProcessor.stop(JUnitPlatformTestClassProcessor.java:75)
	at org.gradle.api.internal.tasks.testing.SuiteTestClassProcessor.stop(SuiteTestClassProcessor.java:62)
	at java.base@11.0.18/jdk.internal.reflect.NativeMethodAccessorImpl.invoke0(Native Method)
	at java.base@11.0.18/jdk.internal.reflect.NativeMethodAccessorImpl.invoke(NativeMethodAccessorImpl.java:62)
	at java.base@11.0.18/jdk.internal.reflect.DelegatingMethodAccessorImpl.invoke(DelegatingMethodAccessorImpl.java:43)
	at java.base@11.0.18/java.lang.reflect.Method.invoke(Method.java:566)
	at org.gradle.internal.dispatch.ReflectionDispatch.dispatch(ReflectionDispatch.java:36)
	at org.gradle.internal.dispatch.ReflectionDispatch.dispatch(ReflectionDispatch.java:24)
	at org.gradle.internal.dispatch.ContextClassLoaderDispatch.dispatch(ContextClassLoaderDispatch.java:33)
	at org.gradle.internal.dispatch.ProxyDispatchAdapter$DispatchingInvocationHandler.invoke(ProxyDispatchAdapter.java:94)
	at com.sun.proxy.$Proxy2.stop(Unknown Source)
	at org.gradle.api.internal.tasks.testing.worker.TestWorker$3.run(TestWorker.java:193)
	at org.gradle.api.internal.tasks.testing.worker.TestWorker.executeAndMaintainThreadName(TestWorker.java:129)
	at org.gradle.api.internal.tasks.testing.worker.TestWorker.execute(TestWorker.java:100)
	at org.gradle.api.internal.tasks.testing.worker.TestWorker.execute(TestWorker.java:60)
	at org.gradle.process.internal.worker.child.ActionExecutionWorker.execute(ActionExecutionWorker.java:56)
	at org.gradle.process.internal.worker.child.SystemApplicationClassLoaderWorker.call(SystemApplicationClassLoaderWorker.java:113)
	at org.gradle.process.internal.worker.child.SystemApplicationClassLoaderWorker.call(SystemApplicationClassLoaderWorker.java:65)
	at app//worker.org.gradle.process.internal.worker.GradleWorkerMain.run(GradleWorkerMain.java:69)
	at app//worker.org.gradle.process.internal.worker.GradleWorkerMain.main(GradleWorkerMain.java:74)
</failure>
  </testcase>
  <testcase name="permissionHeap" classname="de.uka.ilkd.key.proof.runallproofs.RunAllProofsFunctional" time="0.981">
    <failure message="org.opentest4j.AssertionFailedError: Executed process terminated with non-zero exit value. ==&gt; expected: &lt;0&gt; but was: &lt;1&gt;" type="org.opentest4j.AssertionFailedError">org.opentest4j.AssertionFailedError: Executed process terminated with non-zero exit value. ==&gt; expected: &lt;0&gt; but was: &lt;1&gt;
	at app//org.junit.jupiter.api.AssertionFailureBuilder.build(AssertionFailureBuilder.java:151)
	at app//org.junit.jupiter.api.AssertionFailureBuilder.buildAndThrow(AssertionFailureBuilder.java:132)
	at app//org.junit.jupiter.api.AssertEquals.failNotEqual(AssertEquals.java:197)
	at app//org.junit.jupiter.api.AssertEquals.assertEquals(AssertEquals.java:150)
	at app//org.junit.jupiter.api.Assertions.assertEquals(Assertions.java:560)
	at app//de.uka.ilkd.key.proof.runallproofs.proofcollection.ForkedTestFileRunner.processTestFiles(ForkedTestFileRunner.java:129)
	at app//de.uka.ilkd.key.proof.runallproofs.RunAllProofsTestUnit.runTest(RunAllProofsTestUnit.java:85)
	at app//de.uka.ilkd.key.proof.runallproofs.RunAllProofsTest.lambda$data$0(RunAllProofsTest.java:83)
	at app//org.junit.jupiter.engine.descriptor.DynamicTestTestDescriptor.lambda$execute$0(DynamicTestTestDescriptor.java:53)
	at app//org.junit.jupiter.engine.execution.InvocationInterceptorChain$ValidatingInvocation.proceed(InvocationInterceptorChain.java:131)
	at app//org.junit.jupiter.api.extension.InvocationInterceptor.interceptDynamicTest(InvocationInterceptor.java:167)
	at app//org.junit.jupiter.api.extension.InvocationInterceptor.interceptDynamicTest(InvocationInterceptor.java:184)
	at app//org.junit.jupiter.engine.descriptor.DynamicTestTestDescriptor.lambda$execute$1(DynamicTestTestDescriptor.java:61)
	at app//org.junit.jupiter.engine.execution.InvocationInterceptorChain$InterceptorCall.lambda$ofVoid$0(InvocationInterceptorChain.java:78)
	at app//org.junit.jupiter.engine.execution.InvocationInterceptorChain$InterceptedInvocation.proceed(InvocationInterceptorChain.java:106)
	at app//org.junit.jupiter.engine.execution.InvocationInterceptorChain.proceed(InvocationInterceptorChain.java:64)
	at app//org.junit.jupiter.engine.execution.InvocationInterceptorChain.chainAndInvoke(InvocationInterceptorChain.java:45)
	at app//org.junit.jupiter.engine.execution.InvocationInterceptorChain.invoke(InvocationInterceptorChain.java:37)
	at app//org.junit.jupiter.engine.descriptor.DynamicTestTestDescriptor.execute(DynamicTestTestDescriptor.java:60)
	at app//org.junit.jupiter.engine.descriptor.DynamicTestTestDescriptor.execute(DynamicTestTestDescriptor.java:32)
	at app//org.junit.platform.engine.support.hierarchical.NodeTestTask.lambda$executeRecursively$6(NodeTestTask.java:151)
	at app//org.junit.platform.engine.support.hierarchical.ThrowableCollector.execute(ThrowableCollector.java:73)
	at app//org.junit.platform.engine.support.hierarchical.NodeTestTask.lambda$executeRecursively$8(NodeTestTask.java:141)
	at app//org.junit.platform.engine.support.hierarchical.Node.around(Node.java:137)
	at app//org.junit.platform.engine.support.hierarchical.NodeTestTask.lambda$executeRecursively$9(NodeTestTask.java:139)
	at app//org.junit.platform.engine.support.hierarchical.ThrowableCollector.execute(ThrowableCollector.java:73)
	at app//org.junit.platform.engine.support.hierarchical.NodeTestTask.executeRecursively(NodeTestTask.java:138)
	at app//org.junit.platform.engine.support.hierarchical.NodeTestTask.execute(NodeTestTask.java:95)
	at app//org.junit.platform.engine.support.hierarchical.SameThreadHierarchicalTestExecutorService.submit(SameThreadHierarchicalTestExecutorService.java:35)
	at app//org.junit.platform.engine.support.hierarchical.NodeTestTask$DefaultDynamicTestExecutor.execute(NodeTestTask.java:226)
	at app//org.junit.platform.engine.support.hierarchical.NodeTestTask$DefaultDynamicTestExecutor.execute(NodeTestTask.java:204)
	at java.base@11.0.18/java.util.Optional.ifPresent(Optional.java:183)
	at app//org.junit.jupiter.engine.descriptor.TestFactoryTestDescriptor.lambda$invokeTestMethod$1(TestFactoryTestDescriptor.java:108)
	at app//org.junit.platform.engine.support.hierarchical.ThrowableCollector.execute(ThrowableCollector.java:73)
	at app//org.junit.jupiter.engine.descriptor.TestFactoryTestDescriptor.invokeTestMethod(TestFactoryTestDescriptor.java:95)
	at app//org.junit.jupiter.engine.descriptor.TestMethodTestDescriptor.execute(TestMethodTestDescriptor.java:138)
	at app//org.junit.jupiter.engine.descriptor.TestMethodTestDescriptor.execute(TestMethodTestDescriptor.java:68)
	at app//org.junit.platform.engine.support.hierarchical.NodeTestTask.lambda$executeRecursively$6(NodeTestTask.java:151)
	at app//org.junit.platform.engine.support.hierarchical.ThrowableCollector.execute(ThrowableCollector.java:73)
	at app//org.junit.platform.engine.support.hierarchical.NodeTestTask.lambda$executeRecursively$8(NodeTestTask.java:141)
	at app//org.junit.platform.engine.support.hierarchical.Node.around(Node.java:137)
	at app//org.junit.platform.engine.support.hierarchical.NodeTestTask.lambda$executeRecursively$9(NodeTestTask.java:139)
	at app//org.junit.platform.engine.support.hierarchical.ThrowableCollector.execute(ThrowableCollector.java:73)
	at app//org.junit.platform.engine.support.hierarchical.NodeTestTask.executeRecursively(NodeTestTask.java:138)
	at app//org.junit.platform.engine.support.hierarchical.NodeTestTask.execute(NodeTestTask.java:95)
	at java.base@11.0.18/java.util.ArrayList.forEach(ArrayList.java:1541)
	at app//org.junit.platform.engine.support.hierarchical.SameThreadHierarchicalTestExecutorService.invokeAll(SameThreadHierarchicalTestExecutorService.java:41)
	at app//org.junit.platform.engine.support.hierarchical.NodeTestTask.lambda$executeRecursively$6(NodeTestTask.java:155)
	at app//org.junit.platform.engine.support.hierarchical.ThrowableCollector.execute(ThrowableCollector.java:73)
	at app//org.junit.platform.engine.support.hierarchical.NodeTestTask.lambda$executeRecursively$8(NodeTestTask.java:141)
	at app//org.junit.platform.engine.support.hierarchical.Node.around(Node.java:137)
	at app//org.junit.platform.engine.support.hierarchical.NodeTestTask.lambda$executeRecursively$9(NodeTestTask.java:139)
	at app//org.junit.platform.engine.support.hierarchical.ThrowableCollector.execute(ThrowableCollector.java:73)
	at app//org.junit.platform.engine.support.hierarchical.NodeTestTask.executeRecursively(NodeTestTask.java:138)
	at app//org.junit.platform.engine.support.hierarchical.NodeTestTask.execute(NodeTestTask.java:95)
	at java.base@11.0.18/java.util.ArrayList.forEach(ArrayList.java:1541)
	at app//org.junit.platform.engine.support.hierarchical.SameThreadHierarchicalTestExecutorService.invokeAll(SameThreadHierarchicalTestExecutorService.java:41)
	at app//org.junit.platform.engine.support.hierarchical.NodeTestTask.lambda$executeRecursively$6(NodeTestTask.java:155)
	at app//org.junit.platform.engine.support.hierarchical.ThrowableCollector.execute(ThrowableCollector.java:73)
	at app//org.junit.platform.engine.support.hierarchical.NodeTestTask.lambda$executeRecursively$8(NodeTestTask.java:141)
	at app//org.junit.platform.engine.support.hierarchical.Node.around(Node.java:137)
	at app//org.junit.platform.engine.support.hierarchical.NodeTestTask.lambda$executeRecursively$9(NodeTestTask.java:139)
	at app//org.junit.platform.engine.support.hierarchical.ThrowableCollector.execute(ThrowableCollector.java:73)
	at app//org.junit.platform.engine.support.hierarchical.NodeTestTask.executeRecursively(NodeTestTask.java:138)
	at app//org.junit.platform.engine.support.hierarchical.NodeTestTask.execute(NodeTestTask.java:95)
	at app//org.junit.platform.engine.support.hierarchical.SameThreadHierarchicalTestExecutorService.submit(SameThreadHierarchicalTestExecutorService.java:35)
	at app//org.junit.platform.engine.support.hierarchical.HierarchicalTestExecutor.execute(HierarchicalTestExecutor.java:57)
	at app//org.junit.platform.engine.support.hierarchical.HierarchicalTestEngine.execute(HierarchicalTestEngine.java:54)
	at org.junit.platform.launcher.core.EngineExecutionOrchestrator.execute(EngineExecutionOrchestrator.java:107)
	at org.junit.platform.launcher.core.EngineExecutionOrchestrator.execute(EngineExecutionOrchestrator.java:88)
	at org.junit.platform.launcher.core.EngineExecutionOrchestrator.lambda$execute$0(EngineExecutionOrchestrator.java:54)
	at org.junit.platform.launcher.core.EngineExecutionOrchestrator.withInterceptedStreams(EngineExecutionOrchestrator.java:67)
	at org.junit.platform.launcher.core.EngineExecutionOrchestrator.execute(EngineExecutionOrchestrator.java:52)
	at org.junit.platform.launcher.core.DefaultLauncher.execute(DefaultLauncher.java:114)
	at org.junit.platform.launcher.core.DefaultLauncher.execute(DefaultLauncher.java:86)
	at org.junit.platform.launcher.core.DefaultLauncherSession$DelegatingLauncher.execute(DefaultLauncherSession.java:86)
	at org.junit.platform.launcher.core.SessionPerRequestLauncher.execute(SessionPerRequestLauncher.java:53)
	at org.gradle.api.internal.tasks.testing.junitplatform.JUnitPlatformTestClassProcessor$CollectAllTestClassesExecutor.processAllTestClasses(JUnitPlatformTestClassProcessor.java:99)
	at org.gradle.api.internal.tasks.testing.junitplatform.JUnitPlatformTestClassProcessor$CollectAllTestClassesExecutor.access$000(JUnitPlatformTestClassProcessor.java:79)
	at org.gradle.api.internal.tasks.testing.junitplatform.JUnitPlatformTestClassProcessor.stop(JUnitPlatformTestClassProcessor.java:75)
	at org.gradle.api.internal.tasks.testing.SuiteTestClassProcessor.stop(SuiteTestClassProcessor.java:62)
	at java.base@11.0.18/jdk.internal.reflect.NativeMethodAccessorImpl.invoke0(Native Method)
	at java.base@11.0.18/jdk.internal.reflect.NativeMethodAccessorImpl.invoke(NativeMethodAccessorImpl.java:62)
	at java.base@11.0.18/jdk.internal.reflect.DelegatingMethodAccessorImpl.invoke(DelegatingMethodAccessorImpl.java:43)
	at java.base@11.0.18/java.lang.reflect.Method.invoke(Method.java:566)
	at org.gradle.internal.dispatch.ReflectionDispatch.dispatch(ReflectionDispatch.java:36)
	at org.gradle.internal.dispatch.ReflectionDispatch.dispatch(ReflectionDispatch.java:24)
	at org.gradle.internal.dispatch.ContextClassLoaderDispatch.dispatch(ContextClassLoaderDispatch.java:33)
	at org.gradle.internal.dispatch.ProxyDispatchAdapter$DispatchingInvocationHandler.invoke(ProxyDispatchAdapter.java:94)
	at com.sun.proxy.$Proxy2.stop(Unknown Source)
	at org.gradle.api.internal.tasks.testing.worker.TestWorker$3.run(TestWorker.java:193)
	at org.gradle.api.internal.tasks.testing.worker.TestWorker.executeAndMaintainThreadName(TestWorker.java:129)
	at org.gradle.api.internal.tasks.testing.worker.TestWorker.execute(TestWorker.java:100)
	at org.gradle.api.internal.tasks.testing.worker.TestWorker.execute(TestWorker.java:60)
	at org.gradle.process.internal.worker.child.ActionExecutionWorker.execute(ActionExecutionWorker.java:56)
	at org.gradle.process.internal.worker.child.SystemApplicationClassLoaderWorker.call(SystemApplicationClassLoaderWorker.java:113)
	at org.gradle.process.internal.worker.child.SystemApplicationClassLoaderWorker.call(SystemApplicationClassLoaderWorker.java:65)
	at app//worker.org.gradle.process.internal.worker.GradleWorkerMain.run(GradleWorkerMain.java:69)
	at app//worker.org.gradle.process.internal.worker.GradleWorkerMain.main(GradleWorkerMain.java:74)
</failure>
  </testcase>
  <testcase name="completionScopes" classname="de.uka.ilkd.key.proof.runallproofs.RunAllProofsFunctional" time="0.734">
    <failure message="org.opentest4j.AssertionFailedError: Executed process terminated with non-zero exit value. ==&gt; expected: &lt;0&gt; but was: &lt;1&gt;" type="org.opentest4j.AssertionFailedError">org.opentest4j.AssertionFailedError: Executed process terminated with non-zero exit value. ==&gt; expected: &lt;0&gt; but was: &lt;1&gt;
	at app//org.junit.jupiter.api.AssertionFailureBuilder.build(AssertionFailureBuilder.java:151)
	at app//org.junit.jupiter.api.AssertionFailureBuilder.buildAndThrow(AssertionFailureBuilder.java:132)
	at app//org.junit.jupiter.api.AssertEquals.failNotEqual(AssertEquals.java:197)
	at app//org.junit.jupiter.api.AssertEquals.assertEquals(AssertEquals.java:150)
	at app//org.junit.jupiter.api.Assertions.assertEquals(Assertions.java:560)
	at app//de.uka.ilkd.key.proof.runallproofs.proofcollection.ForkedTestFileRunner.processTestFiles(ForkedTestFileRunner.java:129)
	at app//de.uka.ilkd.key.proof.runallproofs.RunAllProofsTestUnit.runTest(RunAllProofsTestUnit.java:85)
	at app//de.uka.ilkd.key.proof.runallproofs.RunAllProofsTest.lambda$data$0(RunAllProofsTest.java:83)
	at app//org.junit.jupiter.engine.descriptor.DynamicTestTestDescriptor.lambda$execute$0(DynamicTestTestDescriptor.java:53)
	at app//org.junit.jupiter.engine.execution.InvocationInterceptorChain$ValidatingInvocation.proceed(InvocationInterceptorChain.java:131)
	at app//org.junit.jupiter.api.extension.InvocationInterceptor.interceptDynamicTest(InvocationInterceptor.java:167)
	at app//org.junit.jupiter.api.extension.InvocationInterceptor.interceptDynamicTest(InvocationInterceptor.java:184)
	at app//org.junit.jupiter.engine.descriptor.DynamicTestTestDescriptor.lambda$execute$1(DynamicTestTestDescriptor.java:61)
	at app//org.junit.jupiter.engine.execution.InvocationInterceptorChain$InterceptorCall.lambda$ofVoid$0(InvocationInterceptorChain.java:78)
	at app//org.junit.jupiter.engine.execution.InvocationInterceptorChain$InterceptedInvocation.proceed(InvocationInterceptorChain.java:106)
	at app//org.junit.jupiter.engine.execution.InvocationInterceptorChain.proceed(InvocationInterceptorChain.java:64)
	at app//org.junit.jupiter.engine.execution.InvocationInterceptorChain.chainAndInvoke(InvocationInterceptorChain.java:45)
	at app//org.junit.jupiter.engine.execution.InvocationInterceptorChain.invoke(InvocationInterceptorChain.java:37)
	at app//org.junit.jupiter.engine.descriptor.DynamicTestTestDescriptor.execute(DynamicTestTestDescriptor.java:60)
	at app//org.junit.jupiter.engine.descriptor.DynamicTestTestDescriptor.execute(DynamicTestTestDescriptor.java:32)
	at app//org.junit.platform.engine.support.hierarchical.NodeTestTask.lambda$executeRecursively$6(NodeTestTask.java:151)
	at app//org.junit.platform.engine.support.hierarchical.ThrowableCollector.execute(ThrowableCollector.java:73)
	at app//org.junit.platform.engine.support.hierarchical.NodeTestTask.lambda$executeRecursively$8(NodeTestTask.java:141)
	at app//org.junit.platform.engine.support.hierarchical.Node.around(Node.java:137)
	at app//org.junit.platform.engine.support.hierarchical.NodeTestTask.lambda$executeRecursively$9(NodeTestTask.java:139)
	at app//org.junit.platform.engine.support.hierarchical.ThrowableCollector.execute(ThrowableCollector.java:73)
	at app//org.junit.platform.engine.support.hierarchical.NodeTestTask.executeRecursively(NodeTestTask.java:138)
	at app//org.junit.platform.engine.support.hierarchical.NodeTestTask.execute(NodeTestTask.java:95)
	at app//org.junit.platform.engine.support.hierarchical.SameThreadHierarchicalTestExecutorService.submit(SameThreadHierarchicalTestExecutorService.java:35)
	at app//org.junit.platform.engine.support.hierarchical.NodeTestTask$DefaultDynamicTestExecutor.execute(NodeTestTask.java:226)
	at app//org.junit.platform.engine.support.hierarchical.NodeTestTask$DefaultDynamicTestExecutor.execute(NodeTestTask.java:204)
	at java.base@11.0.18/java.util.Optional.ifPresent(Optional.java:183)
	at app//org.junit.jupiter.engine.descriptor.TestFactoryTestDescriptor.lambda$invokeTestMethod$1(TestFactoryTestDescriptor.java:108)
	at app//org.junit.platform.engine.support.hierarchical.ThrowableCollector.execute(ThrowableCollector.java:73)
	at app//org.junit.jupiter.engine.descriptor.TestFactoryTestDescriptor.invokeTestMethod(TestFactoryTestDescriptor.java:95)
	at app//org.junit.jupiter.engine.descriptor.TestMethodTestDescriptor.execute(TestMethodTestDescriptor.java:138)
	at app//org.junit.jupiter.engine.descriptor.TestMethodTestDescriptor.execute(TestMethodTestDescriptor.java:68)
	at app//org.junit.platform.engine.support.hierarchical.NodeTestTask.lambda$executeRecursively$6(NodeTestTask.java:151)
	at app//org.junit.platform.engine.support.hierarchical.ThrowableCollector.execute(ThrowableCollector.java:73)
	at app//org.junit.platform.engine.support.hierarchical.NodeTestTask.lambda$executeRecursively$8(NodeTestTask.java:141)
	at app//org.junit.platform.engine.support.hierarchical.Node.around(Node.java:137)
	at app//org.junit.platform.engine.support.hierarchical.NodeTestTask.lambda$executeRecursively$9(NodeTestTask.java:139)
	at app//org.junit.platform.engine.support.hierarchical.ThrowableCollector.execute(ThrowableCollector.java:73)
	at app//org.junit.platform.engine.support.hierarchical.NodeTestTask.executeRecursively(NodeTestTask.java:138)
	at app//org.junit.platform.engine.support.hierarchical.NodeTestTask.execute(NodeTestTask.java:95)
	at java.base@11.0.18/java.util.ArrayList.forEach(ArrayList.java:1541)
	at app//org.junit.platform.engine.support.hierarchical.SameThreadHierarchicalTestExecutorService.invokeAll(SameThreadHierarchicalTestExecutorService.java:41)
	at app//org.junit.platform.engine.support.hierarchical.NodeTestTask.lambda$executeRecursively$6(NodeTestTask.java:155)
	at app//org.junit.platform.engine.support.hierarchical.ThrowableCollector.execute(ThrowableCollector.java:73)
	at app//org.junit.platform.engine.support.hierarchical.NodeTestTask.lambda$executeRecursively$8(NodeTestTask.java:141)
	at app//org.junit.platform.engine.support.hierarchical.Node.around(Node.java:137)
	at app//org.junit.platform.engine.support.hierarchical.NodeTestTask.lambda$executeRecursively$9(NodeTestTask.java:139)
	at app//org.junit.platform.engine.support.hierarchical.ThrowableCollector.execute(ThrowableCollector.java:73)
	at app//org.junit.platform.engine.support.hierarchical.NodeTestTask.executeRecursively(NodeTestTask.java:138)
	at app//org.junit.platform.engine.support.hierarchical.NodeTestTask.execute(NodeTestTask.java:95)
	at java.base@11.0.18/java.util.ArrayList.forEach(ArrayList.java:1541)
	at app//org.junit.platform.engine.support.hierarchical.SameThreadHierarchicalTestExecutorService.invokeAll(SameThreadHierarchicalTestExecutorService.java:41)
	at app//org.junit.platform.engine.support.hierarchical.NodeTestTask.lambda$executeRecursively$6(NodeTestTask.java:155)
	at app//org.junit.platform.engine.support.hierarchical.ThrowableCollector.execute(ThrowableCollector.java:73)
	at app//org.junit.platform.engine.support.hierarchical.NodeTestTask.lambda$executeRecursively$8(NodeTestTask.java:141)
	at app//org.junit.platform.engine.support.hierarchical.Node.around(Node.java:137)
	at app//org.junit.platform.engine.support.hierarchical.NodeTestTask.lambda$executeRecursively$9(NodeTestTask.java:139)
	at app//org.junit.platform.engine.support.hierarchical.ThrowableCollector.execute(ThrowableCollector.java:73)
	at app//org.junit.platform.engine.support.hierarchical.NodeTestTask.executeRecursively(NodeTestTask.java:138)
	at app//org.junit.platform.engine.support.hierarchical.NodeTestTask.execute(NodeTestTask.java:95)
	at app//org.junit.platform.engine.support.hierarchical.SameThreadHierarchicalTestExecutorService.submit(SameThreadHierarchicalTestExecutorService.java:35)
	at app//org.junit.platform.engine.support.hierarchical.HierarchicalTestExecutor.execute(HierarchicalTestExecutor.java:57)
	at app//org.junit.platform.engine.support.hierarchical.HierarchicalTestEngine.execute(HierarchicalTestEngine.java:54)
	at org.junit.platform.launcher.core.EngineExecutionOrchestrator.execute(EngineExecutionOrchestrator.java:107)
	at org.junit.platform.launcher.core.EngineExecutionOrchestrator.execute(EngineExecutionOrchestrator.java:88)
	at org.junit.platform.launcher.core.EngineExecutionOrchestrator.lambda$execute$0(EngineExecutionOrchestrator.java:54)
	at org.junit.platform.launcher.core.EngineExecutionOrchestrator.withInterceptedStreams(EngineExecutionOrchestrator.java:67)
	at org.junit.platform.launcher.core.EngineExecutionOrchestrator.execute(EngineExecutionOrchestrator.java:52)
	at org.junit.platform.launcher.core.DefaultLauncher.execute(DefaultLauncher.java:114)
	at org.junit.platform.launcher.core.DefaultLauncher.execute(DefaultLauncher.java:86)
	at org.junit.platform.launcher.core.DefaultLauncherSession$DelegatingLauncher.execute(DefaultLauncherSession.java:86)
	at org.junit.platform.launcher.core.SessionPerRequestLauncher.execute(SessionPerRequestLauncher.java:53)
	at org.gradle.api.internal.tasks.testing.junitplatform.JUnitPlatformTestClassProcessor$CollectAllTestClassesExecutor.processAllTestClasses(JUnitPlatformTestClassProcessor.java:99)
	at org.gradle.api.internal.tasks.testing.junitplatform.JUnitPlatformTestClassProcessor$CollectAllTestClassesExecutor.access$000(JUnitPlatformTestClassProcessor.java:79)
	at org.gradle.api.internal.tasks.testing.junitplatform.JUnitPlatformTestClassProcessor.stop(JUnitPlatformTestClassProcessor.java:75)
	at org.gradle.api.internal.tasks.testing.SuiteTestClassProcessor.stop(SuiteTestClassProcessor.java:62)
	at java.base@11.0.18/jdk.internal.reflect.NativeMethodAccessorImpl.invoke0(Native Method)
	at java.base@11.0.18/jdk.internal.reflect.NativeMethodAccessorImpl.invoke(NativeMethodAccessorImpl.java:62)
	at java.base@11.0.18/jdk.internal.reflect.DelegatingMethodAccessorImpl.invoke(DelegatingMethodAccessorImpl.java:43)
	at java.base@11.0.18/java.lang.reflect.Method.invoke(Method.java:566)
	at org.gradle.internal.dispatch.ReflectionDispatch.dispatch(ReflectionDispatch.java:36)
	at org.gradle.internal.dispatch.ReflectionDispatch.dispatch(ReflectionDispatch.java:24)
	at org.gradle.internal.dispatch.ContextClassLoaderDispatch.dispatch(ContextClassLoaderDispatch.java:33)
	at org.gradle.internal.dispatch.ProxyDispatchAdapter$DispatchingInvocationHandler.invoke(ProxyDispatchAdapter.java:94)
	at com.sun.proxy.$Proxy2.stop(Unknown Source)
	at org.gradle.api.internal.tasks.testing.worker.TestWorker$3.run(TestWorker.java:193)
	at org.gradle.api.internal.tasks.testing.worker.TestWorker.executeAndMaintainThreadName(TestWorker.java:129)
	at org.gradle.api.internal.tasks.testing.worker.TestWorker.execute(TestWorker.java:100)
	at org.gradle.api.internal.tasks.testing.worker.TestWorker.execute(TestWorker.java:60)
	at org.gradle.process.internal.worker.child.ActionExecutionWorker.execute(ActionExecutionWorker.java:56)
	at org.gradle.process.internal.worker.child.SystemApplicationClassLoaderWorker.call(SystemApplicationClassLoaderWorker.java:113)
	at org.gradle.process.internal.worker.child.SystemApplicationClassLoaderWorker.call(SystemApplicationClassLoaderWorker.java:65)
	at app//worker.org.gradle.process.internal.worker.GradleWorkerMain.run(GradleWorkerMain.java:69)
	at app//worker.org.gradle.process.internal.worker.GradleWorkerMain.main(GradleWorkerMain.java:74)
</failure>
  </testcase>
  <testcase name="reload_examples" classname="de.uka.ilkd.key.proof.runallproofs.RunAllProofsFunctional" time="0.879">
    <failure message="org.opentest4j.AssertionFailedError: Executed process terminated with non-zero exit value. ==&gt; expected: &lt;0&gt; but was: &lt;1&gt;" type="org.opentest4j.AssertionFailedError">org.opentest4j.AssertionFailedError: Executed process terminated with non-zero exit value. ==&gt; expected: &lt;0&gt; but was: &lt;1&gt;
	at app//org.junit.jupiter.api.AssertionFailureBuilder.build(AssertionFailureBuilder.java:151)
	at app//org.junit.jupiter.api.AssertionFailureBuilder.buildAndThrow(AssertionFailureBuilder.java:132)
	at app//org.junit.jupiter.api.AssertEquals.failNotEqual(AssertEquals.java:197)
	at app//org.junit.jupiter.api.AssertEquals.assertEquals(AssertEquals.java:150)
	at app//org.junit.jupiter.api.Assertions.assertEquals(Assertions.java:560)
	at app//de.uka.ilkd.key.proof.runallproofs.proofcollection.ForkedTestFileRunner.processTestFiles(ForkedTestFileRunner.java:129)
	at app//de.uka.ilkd.key.proof.runallproofs.RunAllProofsTestUnit.runTest(RunAllProofsTestUnit.java:85)
	at app//de.uka.ilkd.key.proof.runallproofs.RunAllProofsTest.lambda$data$0(RunAllProofsTest.java:83)
	at app//org.junit.jupiter.engine.descriptor.DynamicTestTestDescriptor.lambda$execute$0(DynamicTestTestDescriptor.java:53)
	at app//org.junit.jupiter.engine.execution.InvocationInterceptorChain$ValidatingInvocation.proceed(InvocationInterceptorChain.java:131)
	at app//org.junit.jupiter.api.extension.InvocationInterceptor.interceptDynamicTest(InvocationInterceptor.java:167)
	at app//org.junit.jupiter.api.extension.InvocationInterceptor.interceptDynamicTest(InvocationInterceptor.java:184)
	at app//org.junit.jupiter.engine.descriptor.DynamicTestTestDescriptor.lambda$execute$1(DynamicTestTestDescriptor.java:61)
	at app//org.junit.jupiter.engine.execution.InvocationInterceptorChain$InterceptorCall.lambda$ofVoid$0(InvocationInterceptorChain.java:78)
	at app//org.junit.jupiter.engine.execution.InvocationInterceptorChain$InterceptedInvocation.proceed(InvocationInterceptorChain.java:106)
	at app//org.junit.jupiter.engine.execution.InvocationInterceptorChain.proceed(InvocationInterceptorChain.java:64)
	at app//org.junit.jupiter.engine.execution.InvocationInterceptorChain.chainAndInvoke(InvocationInterceptorChain.java:45)
	at app//org.junit.jupiter.engine.execution.InvocationInterceptorChain.invoke(InvocationInterceptorChain.java:37)
	at app//org.junit.jupiter.engine.descriptor.DynamicTestTestDescriptor.execute(DynamicTestTestDescriptor.java:60)
	at app//org.junit.jupiter.engine.descriptor.DynamicTestTestDescriptor.execute(DynamicTestTestDescriptor.java:32)
	at app//org.junit.platform.engine.support.hierarchical.NodeTestTask.lambda$executeRecursively$6(NodeTestTask.java:151)
	at app//org.junit.platform.engine.support.hierarchical.ThrowableCollector.execute(ThrowableCollector.java:73)
	at app//org.junit.platform.engine.support.hierarchical.NodeTestTask.lambda$executeRecursively$8(NodeTestTask.java:141)
	at app//org.junit.platform.engine.support.hierarchical.Node.around(Node.java:137)
	at app//org.junit.platform.engine.support.hierarchical.NodeTestTask.lambda$executeRecursively$9(NodeTestTask.java:139)
	at app//org.junit.platform.engine.support.hierarchical.ThrowableCollector.execute(ThrowableCollector.java:73)
	at app//org.junit.platform.engine.support.hierarchical.NodeTestTask.executeRecursively(NodeTestTask.java:138)
	at app//org.junit.platform.engine.support.hierarchical.NodeTestTask.execute(NodeTestTask.java:95)
	at app//org.junit.platform.engine.support.hierarchical.SameThreadHierarchicalTestExecutorService.submit(SameThreadHierarchicalTestExecutorService.java:35)
	at app//org.junit.platform.engine.support.hierarchical.NodeTestTask$DefaultDynamicTestExecutor.execute(NodeTestTask.java:226)
	at app//org.junit.platform.engine.support.hierarchical.NodeTestTask$DefaultDynamicTestExecutor.execute(NodeTestTask.java:204)
	at java.base@11.0.18/java.util.Optional.ifPresent(Optional.java:183)
	at app//org.junit.jupiter.engine.descriptor.TestFactoryTestDescriptor.lambda$invokeTestMethod$1(TestFactoryTestDescriptor.java:108)
	at app//org.junit.platform.engine.support.hierarchical.ThrowableCollector.execute(ThrowableCollector.java:73)
	at app//org.junit.jupiter.engine.descriptor.TestFactoryTestDescriptor.invokeTestMethod(TestFactoryTestDescriptor.java:95)
	at app//org.junit.jupiter.engine.descriptor.TestMethodTestDescriptor.execute(TestMethodTestDescriptor.java:138)
	at app//org.junit.jupiter.engine.descriptor.TestMethodTestDescriptor.execute(TestMethodTestDescriptor.java:68)
	at app//org.junit.platform.engine.support.hierarchical.NodeTestTask.lambda$executeRecursively$6(NodeTestTask.java:151)
	at app//org.junit.platform.engine.support.hierarchical.ThrowableCollector.execute(ThrowableCollector.java:73)
	at app//org.junit.platform.engine.support.hierarchical.NodeTestTask.lambda$executeRecursively$8(NodeTestTask.java:141)
	at app//org.junit.platform.engine.support.hierarchical.Node.around(Node.java:137)
	at app//org.junit.platform.engine.support.hierarchical.NodeTestTask.lambda$executeRecursively$9(NodeTestTask.java:139)
	at app//org.junit.platform.engine.support.hierarchical.ThrowableCollector.execute(ThrowableCollector.java:73)
	at app//org.junit.platform.engine.support.hierarchical.NodeTestTask.executeRecursively(NodeTestTask.java:138)
	at app//org.junit.platform.engine.support.hierarchical.NodeTestTask.execute(NodeTestTask.java:95)
	at java.base@11.0.18/java.util.ArrayList.forEach(ArrayList.java:1541)
	at app//org.junit.platform.engine.support.hierarchical.SameThreadHierarchicalTestExecutorService.invokeAll(SameThreadHierarchicalTestExecutorService.java:41)
	at app//org.junit.platform.engine.support.hierarchical.NodeTestTask.lambda$executeRecursively$6(NodeTestTask.java:155)
	at app//org.junit.platform.engine.support.hierarchical.ThrowableCollector.execute(ThrowableCollector.java:73)
	at app//org.junit.platform.engine.support.hierarchical.NodeTestTask.lambda$executeRecursively$8(NodeTestTask.java:141)
	at app//org.junit.platform.engine.support.hierarchical.Node.around(Node.java:137)
	at app//org.junit.platform.engine.support.hierarchical.NodeTestTask.lambda$executeRecursively$9(NodeTestTask.java:139)
	at app//org.junit.platform.engine.support.hierarchical.ThrowableCollector.execute(ThrowableCollector.java:73)
	at app//org.junit.platform.engine.support.hierarchical.NodeTestTask.executeRecursively(NodeTestTask.java:138)
	at app//org.junit.platform.engine.support.hierarchical.NodeTestTask.execute(NodeTestTask.java:95)
	at java.base@11.0.18/java.util.ArrayList.forEach(ArrayList.java:1541)
	at app//org.junit.platform.engine.support.hierarchical.SameThreadHierarchicalTestExecutorService.invokeAll(SameThreadHierarchicalTestExecutorService.java:41)
	at app//org.junit.platform.engine.support.hierarchical.NodeTestTask.lambda$executeRecursively$6(NodeTestTask.java:155)
	at app//org.junit.platform.engine.support.hierarchical.ThrowableCollector.execute(ThrowableCollector.java:73)
	at app//org.junit.platform.engine.support.hierarchical.NodeTestTask.lambda$executeRecursively$8(NodeTestTask.java:141)
	at app//org.junit.platform.engine.support.hierarchical.Node.around(Node.java:137)
	at app//org.junit.platform.engine.support.hierarchical.NodeTestTask.lambda$executeRecursively$9(NodeTestTask.java:139)
	at app//org.junit.platform.engine.support.hierarchical.ThrowableCollector.execute(ThrowableCollector.java:73)
	at app//org.junit.platform.engine.support.hierarchical.NodeTestTask.executeRecursively(NodeTestTask.java:138)
	at app//org.junit.platform.engine.support.hierarchical.NodeTestTask.execute(NodeTestTask.java:95)
	at app//org.junit.platform.engine.support.hierarchical.SameThreadHierarchicalTestExecutorService.submit(SameThreadHierarchicalTestExecutorService.java:35)
	at app//org.junit.platform.engine.support.hierarchical.HierarchicalTestExecutor.execute(HierarchicalTestExecutor.java:57)
	at app//org.junit.platform.engine.support.hierarchical.HierarchicalTestEngine.execute(HierarchicalTestEngine.java:54)
	at org.junit.platform.launcher.core.EngineExecutionOrchestrator.execute(EngineExecutionOrchestrator.java:107)
	at org.junit.platform.launcher.core.EngineExecutionOrchestrator.execute(EngineExecutionOrchestrator.java:88)
	at org.junit.platform.launcher.core.EngineExecutionOrchestrator.lambda$execute$0(EngineExecutionOrchestrator.java:54)
	at org.junit.platform.launcher.core.EngineExecutionOrchestrator.withInterceptedStreams(EngineExecutionOrchestrator.java:67)
	at org.junit.platform.launcher.core.EngineExecutionOrchestrator.execute(EngineExecutionOrchestrator.java:52)
	at org.junit.platform.launcher.core.DefaultLauncher.execute(DefaultLauncher.java:114)
	at org.junit.platform.launcher.core.DefaultLauncher.execute(DefaultLauncher.java:86)
	at org.junit.platform.launcher.core.DefaultLauncherSession$DelegatingLauncher.execute(DefaultLauncherSession.java:86)
	at org.junit.platform.launcher.core.SessionPerRequestLauncher.execute(SessionPerRequestLauncher.java:53)
	at org.gradle.api.internal.tasks.testing.junitplatform.JUnitPlatformTestClassProcessor$CollectAllTestClassesExecutor.processAllTestClasses(JUnitPlatformTestClassProcessor.java:99)
	at org.gradle.api.internal.tasks.testing.junitplatform.JUnitPlatformTestClassProcessor$CollectAllTestClassesExecutor.access$000(JUnitPlatformTestClassProcessor.java:79)
	at org.gradle.api.internal.tasks.testing.junitplatform.JUnitPlatformTestClassProcessor.stop(JUnitPlatformTestClassProcessor.java:75)
	at org.gradle.api.internal.tasks.testing.SuiteTestClassProcessor.stop(SuiteTestClassProcessor.java:62)
	at java.base@11.0.18/jdk.internal.reflect.NativeMethodAccessorImpl.invoke0(Native Method)
	at java.base@11.0.18/jdk.internal.reflect.NativeMethodAccessorImpl.invoke(NativeMethodAccessorImpl.java:62)
	at java.base@11.0.18/jdk.internal.reflect.DelegatingMethodAccessorImpl.invoke(DelegatingMethodAccessorImpl.java:43)
	at java.base@11.0.18/java.lang.reflect.Method.invoke(Method.java:566)
	at org.gradle.internal.dispatch.ReflectionDispatch.dispatch(ReflectionDispatch.java:36)
	at org.gradle.internal.dispatch.ReflectionDispatch.dispatch(ReflectionDispatch.java:24)
	at org.gradle.internal.dispatch.ContextClassLoaderDispatch.dispatch(ContextClassLoaderDispatch.java:33)
	at org.gradle.internal.dispatch.ProxyDispatchAdapter$DispatchingInvocationHandler.invoke(ProxyDispatchAdapter.java:94)
	at com.sun.proxy.$Proxy2.stop(Unknown Source)
	at org.gradle.api.internal.tasks.testing.worker.TestWorker$3.run(TestWorker.java:193)
	at org.gradle.api.internal.tasks.testing.worker.TestWorker.executeAndMaintainThreadName(TestWorker.java:129)
	at org.gradle.api.internal.tasks.testing.worker.TestWorker.execute(TestWorker.java:100)
	at org.gradle.api.internal.tasks.testing.worker.TestWorker.execute(TestWorker.java:60)
	at org.gradle.process.internal.worker.child.ActionExecutionWorker.execute(ActionExecutionWorker.java:56)
	at org.gradle.process.internal.worker.child.SystemApplicationClassLoaderWorker.call(SystemApplicationClassLoaderWorker.java:113)
	at org.gradle.process.internal.worker.child.SystemApplicationClassLoaderWorker.call(SystemApplicationClassLoaderWorker.java:65)
	at app//worker.org.gradle.process.internal.worker.GradleWorkerMain.run(GradleWorkerMain.java:69)
	at app//worker.org.gradle.process.internal.worker.GradleWorkerMain.main(GradleWorkerMain.java:74)
</failure>
  </testcase>
  <testcase name="proofLoadRepair" classname="de.uka.ilkd.key.proof.runallproofs.RunAllProofsFunctional" time="0.714">
    <failure message="org.opentest4j.AssertionFailedError: Executed process terminated with non-zero exit value. ==&gt; expected: &lt;0&gt; but was: &lt;1&gt;" type="org.opentest4j.AssertionFailedError">org.opentest4j.AssertionFailedError: Executed process terminated with non-zero exit value. ==&gt; expected: &lt;0&gt; but was: &lt;1&gt;
	at app//org.junit.jupiter.api.AssertionFailureBuilder.build(AssertionFailureBuilder.java:151)
	at app//org.junit.jupiter.api.AssertionFailureBuilder.buildAndThrow(AssertionFailureBuilder.java:132)
	at app//org.junit.jupiter.api.AssertEquals.failNotEqual(AssertEquals.java:197)
	at app//org.junit.jupiter.api.AssertEquals.assertEquals(AssertEquals.java:150)
	at app//org.junit.jupiter.api.Assertions.assertEquals(Assertions.java:560)
	at app//de.uka.ilkd.key.proof.runallproofs.proofcollection.ForkedTestFileRunner.processTestFiles(ForkedTestFileRunner.java:129)
	at app//de.uka.ilkd.key.proof.runallproofs.RunAllProofsTestUnit.runTest(RunAllProofsTestUnit.java:85)
	at app//de.uka.ilkd.key.proof.runallproofs.RunAllProofsTest.lambda$data$0(RunAllProofsTest.java:83)
	at app//org.junit.jupiter.engine.descriptor.DynamicTestTestDescriptor.lambda$execute$0(DynamicTestTestDescriptor.java:53)
	at app//org.junit.jupiter.engine.execution.InvocationInterceptorChain$ValidatingInvocation.proceed(InvocationInterceptorChain.java:131)
	at app//org.junit.jupiter.api.extension.InvocationInterceptor.interceptDynamicTest(InvocationInterceptor.java:167)
	at app//org.junit.jupiter.api.extension.InvocationInterceptor.interceptDynamicTest(InvocationInterceptor.java:184)
	at app//org.junit.jupiter.engine.descriptor.DynamicTestTestDescriptor.lambda$execute$1(DynamicTestTestDescriptor.java:61)
	at app//org.junit.jupiter.engine.execution.InvocationInterceptorChain$InterceptorCall.lambda$ofVoid$0(InvocationInterceptorChain.java:78)
	at app//org.junit.jupiter.engine.execution.InvocationInterceptorChain$InterceptedInvocation.proceed(InvocationInterceptorChain.java:106)
	at app//org.junit.jupiter.engine.execution.InvocationInterceptorChain.proceed(InvocationInterceptorChain.java:64)
	at app//org.junit.jupiter.engine.execution.InvocationInterceptorChain.chainAndInvoke(InvocationInterceptorChain.java:45)
	at app//org.junit.jupiter.engine.execution.InvocationInterceptorChain.invoke(InvocationInterceptorChain.java:37)
	at app//org.junit.jupiter.engine.descriptor.DynamicTestTestDescriptor.execute(DynamicTestTestDescriptor.java:60)
	at app//org.junit.jupiter.engine.descriptor.DynamicTestTestDescriptor.execute(DynamicTestTestDescriptor.java:32)
	at app//org.junit.platform.engine.support.hierarchical.NodeTestTask.lambda$executeRecursively$6(NodeTestTask.java:151)
	at app//org.junit.platform.engine.support.hierarchical.ThrowableCollector.execute(ThrowableCollector.java:73)
	at app//org.junit.platform.engine.support.hierarchical.NodeTestTask.lambda$executeRecursively$8(NodeTestTask.java:141)
	at app//org.junit.platform.engine.support.hierarchical.Node.around(Node.java:137)
	at app//org.junit.platform.engine.support.hierarchical.NodeTestTask.lambda$executeRecursively$9(NodeTestTask.java:139)
	at app//org.junit.platform.engine.support.hierarchical.ThrowableCollector.execute(ThrowableCollector.java:73)
	at app//org.junit.platform.engine.support.hierarchical.NodeTestTask.executeRecursively(NodeTestTask.java:138)
	at app//org.junit.platform.engine.support.hierarchical.NodeTestTask.execute(NodeTestTask.java:95)
	at app//org.junit.platform.engine.support.hierarchical.SameThreadHierarchicalTestExecutorService.submit(SameThreadHierarchicalTestExecutorService.java:35)
	at app//org.junit.platform.engine.support.hierarchical.NodeTestTask$DefaultDynamicTestExecutor.execute(NodeTestTask.java:226)
	at app//org.junit.platform.engine.support.hierarchical.NodeTestTask$DefaultDynamicTestExecutor.execute(NodeTestTask.java:204)
	at java.base@11.0.18/java.util.Optional.ifPresent(Optional.java:183)
	at app//org.junit.jupiter.engine.descriptor.TestFactoryTestDescriptor.lambda$invokeTestMethod$1(TestFactoryTestDescriptor.java:108)
	at app//org.junit.platform.engine.support.hierarchical.ThrowableCollector.execute(ThrowableCollector.java:73)
	at app//org.junit.jupiter.engine.descriptor.TestFactoryTestDescriptor.invokeTestMethod(TestFactoryTestDescriptor.java:95)
	at app//org.junit.jupiter.engine.descriptor.TestMethodTestDescriptor.execute(TestMethodTestDescriptor.java:138)
	at app//org.junit.jupiter.engine.descriptor.TestMethodTestDescriptor.execute(TestMethodTestDescriptor.java:68)
	at app//org.junit.platform.engine.support.hierarchical.NodeTestTask.lambda$executeRecursively$6(NodeTestTask.java:151)
	at app//org.junit.platform.engine.support.hierarchical.ThrowableCollector.execute(ThrowableCollector.java:73)
	at app//org.junit.platform.engine.support.hierarchical.NodeTestTask.lambda$executeRecursively$8(NodeTestTask.java:141)
	at app//org.junit.platform.engine.support.hierarchical.Node.around(Node.java:137)
	at app//org.junit.platform.engine.support.hierarchical.NodeTestTask.lambda$executeRecursively$9(NodeTestTask.java:139)
	at app//org.junit.platform.engine.support.hierarchical.ThrowableCollector.execute(ThrowableCollector.java:73)
	at app//org.junit.platform.engine.support.hierarchical.NodeTestTask.executeRecursively(NodeTestTask.java:138)
	at app//org.junit.platform.engine.support.hierarchical.NodeTestTask.execute(NodeTestTask.java:95)
	at java.base@11.0.18/java.util.ArrayList.forEach(ArrayList.java:1541)
	at app//org.junit.platform.engine.support.hierarchical.SameThreadHierarchicalTestExecutorService.invokeAll(SameThreadHierarchicalTestExecutorService.java:41)
	at app//org.junit.platform.engine.support.hierarchical.NodeTestTask.lambda$executeRecursively$6(NodeTestTask.java:155)
	at app//org.junit.platform.engine.support.hierarchical.ThrowableCollector.execute(ThrowableCollector.java:73)
	at app//org.junit.platform.engine.support.hierarchical.NodeTestTask.lambda$executeRecursively$8(NodeTestTask.java:141)
	at app//org.junit.platform.engine.support.hierarchical.Node.around(Node.java:137)
	at app//org.junit.platform.engine.support.hierarchical.NodeTestTask.lambda$executeRecursively$9(NodeTestTask.java:139)
	at app//org.junit.platform.engine.support.hierarchical.ThrowableCollector.execute(ThrowableCollector.java:73)
	at app//org.junit.platform.engine.support.hierarchical.NodeTestTask.executeRecursively(NodeTestTask.java:138)
	at app//org.junit.platform.engine.support.hierarchical.NodeTestTask.execute(NodeTestTask.java:95)
	at java.base@11.0.18/java.util.ArrayList.forEach(ArrayList.java:1541)
	at app//org.junit.platform.engine.support.hierarchical.SameThreadHierarchicalTestExecutorService.invokeAll(SameThreadHierarchicalTestExecutorService.java:41)
	at app//org.junit.platform.engine.support.hierarchical.NodeTestTask.lambda$executeRecursively$6(NodeTestTask.java:155)
	at app//org.junit.platform.engine.support.hierarchical.ThrowableCollector.execute(ThrowableCollector.java:73)
	at app//org.junit.platform.engine.support.hierarchical.NodeTestTask.lambda$executeRecursively$8(NodeTestTask.java:141)
	at app//org.junit.platform.engine.support.hierarchical.Node.around(Node.java:137)
	at app//org.junit.platform.engine.support.hierarchical.NodeTestTask.lambda$executeRecursively$9(NodeTestTask.java:139)
	at app//org.junit.platform.engine.support.hierarchical.ThrowableCollector.execute(ThrowableCollector.java:73)
	at app//org.junit.platform.engine.support.hierarchical.NodeTestTask.executeRecursively(NodeTestTask.java:138)
	at app//org.junit.platform.engine.support.hierarchical.NodeTestTask.execute(NodeTestTask.java:95)
	at app//org.junit.platform.engine.support.hierarchical.SameThreadHierarchicalTestExecutorService.submit(SameThreadHierarchicalTestExecutorService.java:35)
	at app//org.junit.platform.engine.support.hierarchical.HierarchicalTestExecutor.execute(HierarchicalTestExecutor.java:57)
	at app//org.junit.platform.engine.support.hierarchical.HierarchicalTestEngine.execute(HierarchicalTestEngine.java:54)
	at org.junit.platform.launcher.core.EngineExecutionOrchestrator.execute(EngineExecutionOrchestrator.java:107)
	at org.junit.platform.launcher.core.EngineExecutionOrchestrator.execute(EngineExecutionOrchestrator.java:88)
	at org.junit.platform.launcher.core.EngineExecutionOrchestrator.lambda$execute$0(EngineExecutionOrchestrator.java:54)
	at org.junit.platform.launcher.core.EngineExecutionOrchestrator.withInterceptedStreams(EngineExecutionOrchestrator.java:67)
	at org.junit.platform.launcher.core.EngineExecutionOrchestrator.execute(EngineExecutionOrchestrator.java:52)
	at org.junit.platform.launcher.core.DefaultLauncher.execute(DefaultLauncher.java:114)
	at org.junit.platform.launcher.core.DefaultLauncher.execute(DefaultLauncher.java:86)
	at org.junit.platform.launcher.core.DefaultLauncherSession$DelegatingLauncher.execute(DefaultLauncherSession.java:86)
	at org.junit.platform.launcher.core.SessionPerRequestLauncher.execute(SessionPerRequestLauncher.java:53)
	at org.gradle.api.internal.tasks.testing.junitplatform.JUnitPlatformTestClassProcessor$CollectAllTestClassesExecutor.processAllTestClasses(JUnitPlatformTestClassProcessor.java:99)
	at org.gradle.api.internal.tasks.testing.junitplatform.JUnitPlatformTestClassProcessor$CollectAllTestClassesExecutor.access$000(JUnitPlatformTestClassProcessor.java:79)
	at org.gradle.api.internal.tasks.testing.junitplatform.JUnitPlatformTestClassProcessor.stop(JUnitPlatformTestClassProcessor.java:75)
	at org.gradle.api.internal.tasks.testing.SuiteTestClassProcessor.stop(SuiteTestClassProcessor.java:62)
	at java.base@11.0.18/jdk.internal.reflect.NativeMethodAccessorImpl.invoke0(Native Method)
	at java.base@11.0.18/jdk.internal.reflect.NativeMethodAccessorImpl.invoke(NativeMethodAccessorImpl.java:62)
	at java.base@11.0.18/jdk.internal.reflect.DelegatingMethodAccessorImpl.invoke(DelegatingMethodAccessorImpl.java:43)
	at java.base@11.0.18/java.lang.reflect.Method.invoke(Method.java:566)
	at org.gradle.internal.dispatch.ReflectionDispatch.dispatch(ReflectionDispatch.java:36)
	at org.gradle.internal.dispatch.ReflectionDispatch.dispatch(ReflectionDispatch.java:24)
	at org.gradle.internal.dispatch.ContextClassLoaderDispatch.dispatch(ContextClassLoaderDispatch.java:33)
	at org.gradle.internal.dispatch.ProxyDispatchAdapter$DispatchingInvocationHandler.invoke(ProxyDispatchAdapter.java:94)
	at com.sun.proxy.$Proxy2.stop(Unknown Source)
	at org.gradle.api.internal.tasks.testing.worker.TestWorker$3.run(TestWorker.java:193)
	at org.gradle.api.internal.tasks.testing.worker.TestWorker.executeAndMaintainThreadName(TestWorker.java:129)
	at org.gradle.api.internal.tasks.testing.worker.TestWorker.execute(TestWorker.java:100)
	at org.gradle.api.internal.tasks.testing.worker.TestWorker.execute(TestWorker.java:60)
	at org.gradle.process.internal.worker.child.ActionExecutionWorker.execute(ActionExecutionWorker.java:56)
	at org.gradle.process.internal.worker.child.SystemApplicationClassLoaderWorker.call(SystemApplicationClassLoaderWorker.java:113)
	at org.gradle.process.internal.worker.child.SystemApplicationClassLoaderWorker.call(SystemApplicationClassLoaderWorker.java:65)
	at app//worker.org.gradle.process.internal.worker.GradleWorkerMain.run(GradleWorkerMain.java:69)
	at app//worker.org.gradle.process.internal.worker.GradleWorkerMain.main(GradleWorkerMain.java:74)
</failure>
  </testcase>
  <testcase name="switch" classname="de.uka.ilkd.key.proof.runallproofs.RunAllProofsFunctional" time="0.817">
    <failure message="org.opentest4j.AssertionFailedError: Executed process terminated with non-zero exit value. ==&gt; expected: &lt;0&gt; but was: &lt;1&gt;" type="org.opentest4j.AssertionFailedError">org.opentest4j.AssertionFailedError: Executed process terminated with non-zero exit value. ==&gt; expected: &lt;0&gt; but was: &lt;1&gt;
	at app//org.junit.jupiter.api.AssertionFailureBuilder.build(AssertionFailureBuilder.java:151)
	at app//org.junit.jupiter.api.AssertionFailureBuilder.buildAndThrow(AssertionFailureBuilder.java:132)
	at app//org.junit.jupiter.api.AssertEquals.failNotEqual(AssertEquals.java:197)
	at app//org.junit.jupiter.api.AssertEquals.assertEquals(AssertEquals.java:150)
	at app//org.junit.jupiter.api.Assertions.assertEquals(Assertions.java:560)
	at app//de.uka.ilkd.key.proof.runallproofs.proofcollection.ForkedTestFileRunner.processTestFiles(ForkedTestFileRunner.java:129)
	at app//de.uka.ilkd.key.proof.runallproofs.RunAllProofsTestUnit.runTest(RunAllProofsTestUnit.java:85)
	at app//de.uka.ilkd.key.proof.runallproofs.RunAllProofsTest.lambda$data$0(RunAllProofsTest.java:83)
	at app//org.junit.jupiter.engine.descriptor.DynamicTestTestDescriptor.lambda$execute$0(DynamicTestTestDescriptor.java:53)
	at app//org.junit.jupiter.engine.execution.InvocationInterceptorChain$ValidatingInvocation.proceed(InvocationInterceptorChain.java:131)
	at app//org.junit.jupiter.api.extension.InvocationInterceptor.interceptDynamicTest(InvocationInterceptor.java:167)
	at app//org.junit.jupiter.api.extension.InvocationInterceptor.interceptDynamicTest(InvocationInterceptor.java:184)
	at app//org.junit.jupiter.engine.descriptor.DynamicTestTestDescriptor.lambda$execute$1(DynamicTestTestDescriptor.java:61)
	at app//org.junit.jupiter.engine.execution.InvocationInterceptorChain$InterceptorCall.lambda$ofVoid$0(InvocationInterceptorChain.java:78)
	at app//org.junit.jupiter.engine.execution.InvocationInterceptorChain$InterceptedInvocation.proceed(InvocationInterceptorChain.java:106)
	at app//org.junit.jupiter.engine.execution.InvocationInterceptorChain.proceed(InvocationInterceptorChain.java:64)
	at app//org.junit.jupiter.engine.execution.InvocationInterceptorChain.chainAndInvoke(InvocationInterceptorChain.java:45)
	at app//org.junit.jupiter.engine.execution.InvocationInterceptorChain.invoke(InvocationInterceptorChain.java:37)
	at app//org.junit.jupiter.engine.descriptor.DynamicTestTestDescriptor.execute(DynamicTestTestDescriptor.java:60)
	at app//org.junit.jupiter.engine.descriptor.DynamicTestTestDescriptor.execute(DynamicTestTestDescriptor.java:32)
	at app//org.junit.platform.engine.support.hierarchical.NodeTestTask.lambda$executeRecursively$6(NodeTestTask.java:151)
	at app//org.junit.platform.engine.support.hierarchical.ThrowableCollector.execute(ThrowableCollector.java:73)
	at app//org.junit.platform.engine.support.hierarchical.NodeTestTask.lambda$executeRecursively$8(NodeTestTask.java:141)
	at app//org.junit.platform.engine.support.hierarchical.Node.around(Node.java:137)
	at app//org.junit.platform.engine.support.hierarchical.NodeTestTask.lambda$executeRecursively$9(NodeTestTask.java:139)
	at app//org.junit.platform.engine.support.hierarchical.ThrowableCollector.execute(ThrowableCollector.java:73)
	at app//org.junit.platform.engine.support.hierarchical.NodeTestTask.executeRecursively(NodeTestTask.java:138)
	at app//org.junit.platform.engine.support.hierarchical.NodeTestTask.execute(NodeTestTask.java:95)
	at app//org.junit.platform.engine.support.hierarchical.SameThreadHierarchicalTestExecutorService.submit(SameThreadHierarchicalTestExecutorService.java:35)
	at app//org.junit.platform.engine.support.hierarchical.NodeTestTask$DefaultDynamicTestExecutor.execute(NodeTestTask.java:226)
	at app//org.junit.platform.engine.support.hierarchical.NodeTestTask$DefaultDynamicTestExecutor.execute(NodeTestTask.java:204)
	at java.base@11.0.18/java.util.Optional.ifPresent(Optional.java:183)
	at app//org.junit.jupiter.engine.descriptor.TestFactoryTestDescriptor.lambda$invokeTestMethod$1(TestFactoryTestDescriptor.java:108)
	at app//org.junit.platform.engine.support.hierarchical.ThrowableCollector.execute(ThrowableCollector.java:73)
	at app//org.junit.jupiter.engine.descriptor.TestFactoryTestDescriptor.invokeTestMethod(TestFactoryTestDescriptor.java:95)
	at app//org.junit.jupiter.engine.descriptor.TestMethodTestDescriptor.execute(TestMethodTestDescriptor.java:138)
	at app//org.junit.jupiter.engine.descriptor.TestMethodTestDescriptor.execute(TestMethodTestDescriptor.java:68)
	at app//org.junit.platform.engine.support.hierarchical.NodeTestTask.lambda$executeRecursively$6(NodeTestTask.java:151)
	at app//org.junit.platform.engine.support.hierarchical.ThrowableCollector.execute(ThrowableCollector.java:73)
	at app//org.junit.platform.engine.support.hierarchical.NodeTestTask.lambda$executeRecursively$8(NodeTestTask.java:141)
	at app//org.junit.platform.engine.support.hierarchical.Node.around(Node.java:137)
	at app//org.junit.platform.engine.support.hierarchical.NodeTestTask.lambda$executeRecursively$9(NodeTestTask.java:139)
	at app//org.junit.platform.engine.support.hierarchical.ThrowableCollector.execute(ThrowableCollector.java:73)
	at app//org.junit.platform.engine.support.hierarchical.NodeTestTask.executeRecursively(NodeTestTask.java:138)
	at app//org.junit.platform.engine.support.hierarchical.NodeTestTask.execute(NodeTestTask.java:95)
	at java.base@11.0.18/java.util.ArrayList.forEach(ArrayList.java:1541)
	at app//org.junit.platform.engine.support.hierarchical.SameThreadHierarchicalTestExecutorService.invokeAll(SameThreadHierarchicalTestExecutorService.java:41)
	at app//org.junit.platform.engine.support.hierarchical.NodeTestTask.lambda$executeRecursively$6(NodeTestTask.java:155)
	at app//org.junit.platform.engine.support.hierarchical.ThrowableCollector.execute(ThrowableCollector.java:73)
	at app//org.junit.platform.engine.support.hierarchical.NodeTestTask.lambda$executeRecursively$8(NodeTestTask.java:141)
	at app//org.junit.platform.engine.support.hierarchical.Node.around(Node.java:137)
	at app//org.junit.platform.engine.support.hierarchical.NodeTestTask.lambda$executeRecursively$9(NodeTestTask.java:139)
	at app//org.junit.platform.engine.support.hierarchical.ThrowableCollector.execute(ThrowableCollector.java:73)
	at app//org.junit.platform.engine.support.hierarchical.NodeTestTask.executeRecursively(NodeTestTask.java:138)
	at app//org.junit.platform.engine.support.hierarchical.NodeTestTask.execute(NodeTestTask.java:95)
	at java.base@11.0.18/java.util.ArrayList.forEach(ArrayList.java:1541)
	at app//org.junit.platform.engine.support.hierarchical.SameThreadHierarchicalTestExecutorService.invokeAll(SameThreadHierarchicalTestExecutorService.java:41)
	at app//org.junit.platform.engine.support.hierarchical.NodeTestTask.lambda$executeRecursively$6(NodeTestTask.java:155)
	at app//org.junit.platform.engine.support.hierarchical.ThrowableCollector.execute(ThrowableCollector.java:73)
	at app//org.junit.platform.engine.support.hierarchical.NodeTestTask.lambda$executeRecursively$8(NodeTestTask.java:141)
	at app//org.junit.platform.engine.support.hierarchical.Node.around(Node.java:137)
	at app//org.junit.platform.engine.support.hierarchical.NodeTestTask.lambda$executeRecursively$9(NodeTestTask.java:139)
	at app//org.junit.platform.engine.support.hierarchical.ThrowableCollector.execute(ThrowableCollector.java:73)
	at app//org.junit.platform.engine.support.hierarchical.NodeTestTask.executeRecursively(NodeTestTask.java:138)
	at app//org.junit.platform.engine.support.hierarchical.NodeTestTask.execute(NodeTestTask.java:95)
	at app//org.junit.platform.engine.support.hierarchical.SameThreadHierarchicalTestExecutorService.submit(SameThreadHierarchicalTestExecutorService.java:35)
	at app//org.junit.platform.engine.support.hierarchical.HierarchicalTestExecutor.execute(HierarchicalTestExecutor.java:57)
	at app//org.junit.platform.engine.support.hierarchical.HierarchicalTestEngine.execute(HierarchicalTestEngine.java:54)
	at org.junit.platform.launcher.core.EngineExecutionOrchestrator.execute(EngineExecutionOrchestrator.java:107)
	at org.junit.platform.launcher.core.EngineExecutionOrchestrator.execute(EngineExecutionOrchestrator.java:88)
	at org.junit.platform.launcher.core.EngineExecutionOrchestrator.lambda$execute$0(EngineExecutionOrchestrator.java:54)
	at org.junit.platform.launcher.core.EngineExecutionOrchestrator.withInterceptedStreams(EngineExecutionOrchestrator.java:67)
	at org.junit.platform.launcher.core.EngineExecutionOrchestrator.execute(EngineExecutionOrchestrator.java:52)
	at org.junit.platform.launcher.core.DefaultLauncher.execute(DefaultLauncher.java:114)
	at org.junit.platform.launcher.core.DefaultLauncher.execute(DefaultLauncher.java:86)
	at org.junit.platform.launcher.core.DefaultLauncherSession$DelegatingLauncher.execute(DefaultLauncherSession.java:86)
	at org.junit.platform.launcher.core.SessionPerRequestLauncher.execute(SessionPerRequestLauncher.java:53)
	at org.gradle.api.internal.tasks.testing.junitplatform.JUnitPlatformTestClassProcessor$CollectAllTestClassesExecutor.processAllTestClasses(JUnitPlatformTestClassProcessor.java:99)
	at org.gradle.api.internal.tasks.testing.junitplatform.JUnitPlatformTestClassProcessor$CollectAllTestClassesExecutor.access$000(JUnitPlatformTestClassProcessor.java:79)
	at org.gradle.api.internal.tasks.testing.junitplatform.JUnitPlatformTestClassProcessor.stop(JUnitPlatformTestClassProcessor.java:75)
	at org.gradle.api.internal.tasks.testing.SuiteTestClassProcessor.stop(SuiteTestClassProcessor.java:62)
	at java.base@11.0.18/jdk.internal.reflect.NativeMethodAccessorImpl.invoke0(Native Method)
	at java.base@11.0.18/jdk.internal.reflect.NativeMethodAccessorImpl.invoke(NativeMethodAccessorImpl.java:62)
	at java.base@11.0.18/jdk.internal.reflect.DelegatingMethodAccessorImpl.invoke(DelegatingMethodAccessorImpl.java:43)
	at java.base@11.0.18/java.lang.reflect.Method.invoke(Method.java:566)
	at org.gradle.internal.dispatch.ReflectionDispatch.dispatch(ReflectionDispatch.java:36)
	at org.gradle.internal.dispatch.ReflectionDispatch.dispatch(ReflectionDispatch.java:24)
	at org.gradle.internal.dispatch.ContextClassLoaderDispatch.dispatch(ContextClassLoaderDispatch.java:33)
	at org.gradle.internal.dispatch.ProxyDispatchAdapter$DispatchingInvocationHandler.invoke(ProxyDispatchAdapter.java:94)
	at com.sun.proxy.$Proxy2.stop(Unknown Source)
	at org.gradle.api.internal.tasks.testing.worker.TestWorker$3.run(TestWorker.java:193)
	at org.gradle.api.internal.tasks.testing.worker.TestWorker.executeAndMaintainThreadName(TestWorker.java:129)
	at org.gradle.api.internal.tasks.testing.worker.TestWorker.execute(TestWorker.java:100)
	at org.gradle.api.internal.tasks.testing.worker.TestWorker.execute(TestWorker.java:60)
	at org.gradle.process.internal.worker.child.ActionExecutionWorker.execute(ActionExecutionWorker.java:56)
	at org.gradle.process.internal.worker.child.SystemApplicationClassLoaderWorker.call(SystemApplicationClassLoaderWorker.java:113)
	at org.gradle.process.internal.worker.child.SystemApplicationClassLoaderWorker.call(SystemApplicationClassLoaderWorker.java:65)
	at app//worker.org.gradle.process.internal.worker.GradleWorkerMain.run(GradleWorkerMain.java:69)
	at app//worker.org.gradle.process.internal.worker.GradleWorkerMain.main(GradleWorkerMain.java:74)
</failure>
  </testcase>
  <testcase name="redux" classname="de.uka.ilkd.key.proof.runallproofs.RunAllProofsFunctional" time="0.77">
    <failure message="org.opentest4j.AssertionFailedError: Executed process terminated with non-zero exit value. ==&gt; expected: &lt;0&gt; but was: &lt;1&gt;" type="org.opentest4j.AssertionFailedError">org.opentest4j.AssertionFailedError: Executed process terminated with non-zero exit value. ==&gt; expected: &lt;0&gt; but was: &lt;1&gt;
	at app//org.junit.jupiter.api.AssertionFailureBuilder.build(AssertionFailureBuilder.java:151)
	at app//org.junit.jupiter.api.AssertionFailureBuilder.buildAndThrow(AssertionFailureBuilder.java:132)
	at app//org.junit.jupiter.api.AssertEquals.failNotEqual(AssertEquals.java:197)
	at app//org.junit.jupiter.api.AssertEquals.assertEquals(AssertEquals.java:150)
	at app//org.junit.jupiter.api.Assertions.assertEquals(Assertions.java:560)
	at app//de.uka.ilkd.key.proof.runallproofs.proofcollection.ForkedTestFileRunner.processTestFiles(ForkedTestFileRunner.java:129)
	at app//de.uka.ilkd.key.proof.runallproofs.RunAllProofsTestUnit.runTest(RunAllProofsTestUnit.java:85)
	at app//de.uka.ilkd.key.proof.runallproofs.RunAllProofsTest.lambda$data$0(RunAllProofsTest.java:83)
	at app//org.junit.jupiter.engine.descriptor.DynamicTestTestDescriptor.lambda$execute$0(DynamicTestTestDescriptor.java:53)
	at app//org.junit.jupiter.engine.execution.InvocationInterceptorChain$ValidatingInvocation.proceed(InvocationInterceptorChain.java:131)
	at app//org.junit.jupiter.api.extension.InvocationInterceptor.interceptDynamicTest(InvocationInterceptor.java:167)
	at app//org.junit.jupiter.api.extension.InvocationInterceptor.interceptDynamicTest(InvocationInterceptor.java:184)
	at app//org.junit.jupiter.engine.descriptor.DynamicTestTestDescriptor.lambda$execute$1(DynamicTestTestDescriptor.java:61)
	at app//org.junit.jupiter.engine.execution.InvocationInterceptorChain$InterceptorCall.lambda$ofVoid$0(InvocationInterceptorChain.java:78)
	at app//org.junit.jupiter.engine.execution.InvocationInterceptorChain$InterceptedInvocation.proceed(InvocationInterceptorChain.java:106)
	at app//org.junit.jupiter.engine.execution.InvocationInterceptorChain.proceed(InvocationInterceptorChain.java:64)
	at app//org.junit.jupiter.engine.execution.InvocationInterceptorChain.chainAndInvoke(InvocationInterceptorChain.java:45)
	at app//org.junit.jupiter.engine.execution.InvocationInterceptorChain.invoke(InvocationInterceptorChain.java:37)
	at app//org.junit.jupiter.engine.descriptor.DynamicTestTestDescriptor.execute(DynamicTestTestDescriptor.java:60)
	at app//org.junit.jupiter.engine.descriptor.DynamicTestTestDescriptor.execute(DynamicTestTestDescriptor.java:32)
	at app//org.junit.platform.engine.support.hierarchical.NodeTestTask.lambda$executeRecursively$6(NodeTestTask.java:151)
	at app//org.junit.platform.engine.support.hierarchical.ThrowableCollector.execute(ThrowableCollector.java:73)
	at app//org.junit.platform.engine.support.hierarchical.NodeTestTask.lambda$executeRecursively$8(NodeTestTask.java:141)
	at app//org.junit.platform.engine.support.hierarchical.Node.around(Node.java:137)
	at app//org.junit.platform.engine.support.hierarchical.NodeTestTask.lambda$executeRecursively$9(NodeTestTask.java:139)
	at app//org.junit.platform.engine.support.hierarchical.ThrowableCollector.execute(ThrowableCollector.java:73)
	at app//org.junit.platform.engine.support.hierarchical.NodeTestTask.executeRecursively(NodeTestTask.java:138)
	at app//org.junit.platform.engine.support.hierarchical.NodeTestTask.execute(NodeTestTask.java:95)
	at app//org.junit.platform.engine.support.hierarchical.SameThreadHierarchicalTestExecutorService.submit(SameThreadHierarchicalTestExecutorService.java:35)
	at app//org.junit.platform.engine.support.hierarchical.NodeTestTask$DefaultDynamicTestExecutor.execute(NodeTestTask.java:226)
	at app//org.junit.platform.engine.support.hierarchical.NodeTestTask$DefaultDynamicTestExecutor.execute(NodeTestTask.java:204)
	at java.base@11.0.18/java.util.Optional.ifPresent(Optional.java:183)
	at app//org.junit.jupiter.engine.descriptor.TestFactoryTestDescriptor.lambda$invokeTestMethod$1(TestFactoryTestDescriptor.java:108)
	at app//org.junit.platform.engine.support.hierarchical.ThrowableCollector.execute(ThrowableCollector.java:73)
	at app//org.junit.jupiter.engine.descriptor.TestFactoryTestDescriptor.invokeTestMethod(TestFactoryTestDescriptor.java:95)
	at app//org.junit.jupiter.engine.descriptor.TestMethodTestDescriptor.execute(TestMethodTestDescriptor.java:138)
	at app//org.junit.jupiter.engine.descriptor.TestMethodTestDescriptor.execute(TestMethodTestDescriptor.java:68)
	at app//org.junit.platform.engine.support.hierarchical.NodeTestTask.lambda$executeRecursively$6(NodeTestTask.java:151)
	at app//org.junit.platform.engine.support.hierarchical.ThrowableCollector.execute(ThrowableCollector.java:73)
	at app//org.junit.platform.engine.support.hierarchical.NodeTestTask.lambda$executeRecursively$8(NodeTestTask.java:141)
	at app//org.junit.platform.engine.support.hierarchical.Node.around(Node.java:137)
	at app//org.junit.platform.engine.support.hierarchical.NodeTestTask.lambda$executeRecursively$9(NodeTestTask.java:139)
	at app//org.junit.platform.engine.support.hierarchical.ThrowableCollector.execute(ThrowableCollector.java:73)
	at app//org.junit.platform.engine.support.hierarchical.NodeTestTask.executeRecursively(NodeTestTask.java:138)
	at app//org.junit.platform.engine.support.hierarchical.NodeTestTask.execute(NodeTestTask.java:95)
	at java.base@11.0.18/java.util.ArrayList.forEach(ArrayList.java:1541)
	at app//org.junit.platform.engine.support.hierarchical.SameThreadHierarchicalTestExecutorService.invokeAll(SameThreadHierarchicalTestExecutorService.java:41)
	at app//org.junit.platform.engine.support.hierarchical.NodeTestTask.lambda$executeRecursively$6(NodeTestTask.java:155)
	at app//org.junit.platform.engine.support.hierarchical.ThrowableCollector.execute(ThrowableCollector.java:73)
	at app//org.junit.platform.engine.support.hierarchical.NodeTestTask.lambda$executeRecursively$8(NodeTestTask.java:141)
	at app//org.junit.platform.engine.support.hierarchical.Node.around(Node.java:137)
	at app//org.junit.platform.engine.support.hierarchical.NodeTestTask.lambda$executeRecursively$9(NodeTestTask.java:139)
	at app//org.junit.platform.engine.support.hierarchical.ThrowableCollector.execute(ThrowableCollector.java:73)
	at app//org.junit.platform.engine.support.hierarchical.NodeTestTask.executeRecursively(NodeTestTask.java:138)
	at app//org.junit.platform.engine.support.hierarchical.NodeTestTask.execute(NodeTestTask.java:95)
	at java.base@11.0.18/java.util.ArrayList.forEach(ArrayList.java:1541)
	at app//org.junit.platform.engine.support.hierarchical.SameThreadHierarchicalTestExecutorService.invokeAll(SameThreadHierarchicalTestExecutorService.java:41)
	at app//org.junit.platform.engine.support.hierarchical.NodeTestTask.lambda$executeRecursively$6(NodeTestTask.java:155)
	at app//org.junit.platform.engine.support.hierarchical.ThrowableCollector.execute(ThrowableCollector.java:73)
	at app//org.junit.platform.engine.support.hierarchical.NodeTestTask.lambda$executeRecursively$8(NodeTestTask.java:141)
	at app//org.junit.platform.engine.support.hierarchical.Node.around(Node.java:137)
	at app//org.junit.platform.engine.support.hierarchical.NodeTestTask.lambda$executeRecursively$9(NodeTestTask.java:139)
	at app//org.junit.platform.engine.support.hierarchical.ThrowableCollector.execute(ThrowableCollector.java:73)
	at app//org.junit.platform.engine.support.hierarchical.NodeTestTask.executeRecursively(NodeTestTask.java:138)
	at app//org.junit.platform.engine.support.hierarchical.NodeTestTask.execute(NodeTestTask.java:95)
	at app//org.junit.platform.engine.support.hierarchical.SameThreadHierarchicalTestExecutorService.submit(SameThreadHierarchicalTestExecutorService.java:35)
	at app//org.junit.platform.engine.support.hierarchical.HierarchicalTestExecutor.execute(HierarchicalTestExecutor.java:57)
	at app//org.junit.platform.engine.support.hierarchical.HierarchicalTestEngine.execute(HierarchicalTestEngine.java:54)
	at org.junit.platform.launcher.core.EngineExecutionOrchestrator.execute(EngineExecutionOrchestrator.java:107)
	at org.junit.platform.launcher.core.EngineExecutionOrchestrator.execute(EngineExecutionOrchestrator.java:88)
	at org.junit.platform.launcher.core.EngineExecutionOrchestrator.lambda$execute$0(EngineExecutionOrchestrator.java:54)
	at org.junit.platform.launcher.core.EngineExecutionOrchestrator.withInterceptedStreams(EngineExecutionOrchestrator.java:67)
	at org.junit.platform.launcher.core.EngineExecutionOrchestrator.execute(EngineExecutionOrchestrator.java:52)
	at org.junit.platform.launcher.core.DefaultLauncher.execute(DefaultLauncher.java:114)
	at org.junit.platform.launcher.core.DefaultLauncher.execute(DefaultLauncher.java:86)
	at org.junit.platform.launcher.core.DefaultLauncherSession$DelegatingLauncher.execute(DefaultLauncherSession.java:86)
	at org.junit.platform.launcher.core.SessionPerRequestLauncher.execute(SessionPerRequestLauncher.java:53)
	at org.gradle.api.internal.tasks.testing.junitplatform.JUnitPlatformTestClassProcessor$CollectAllTestClassesExecutor.processAllTestClasses(JUnitPlatformTestClassProcessor.java:99)
	at org.gradle.api.internal.tasks.testing.junitplatform.JUnitPlatformTestClassProcessor$CollectAllTestClassesExecutor.access$000(JUnitPlatformTestClassProcessor.java:79)
	at org.gradle.api.internal.tasks.testing.junitplatform.JUnitPlatformTestClassProcessor.stop(JUnitPlatformTestClassProcessor.java:75)
	at org.gradle.api.internal.tasks.testing.SuiteTestClassProcessor.stop(SuiteTestClassProcessor.java:62)
	at java.base@11.0.18/jdk.internal.reflect.NativeMethodAccessorImpl.invoke0(Native Method)
	at java.base@11.0.18/jdk.internal.reflect.NativeMethodAccessorImpl.invoke(NativeMethodAccessorImpl.java:62)
	at java.base@11.0.18/jdk.internal.reflect.DelegatingMethodAccessorImpl.invoke(DelegatingMethodAccessorImpl.java:43)
	at java.base@11.0.18/java.lang.reflect.Method.invoke(Method.java:566)
	at org.gradle.internal.dispatch.ReflectionDispatch.dispatch(ReflectionDispatch.java:36)
	at org.gradle.internal.dispatch.ReflectionDispatch.dispatch(ReflectionDispatch.java:24)
	at org.gradle.internal.dispatch.ContextClassLoaderDispatch.dispatch(ContextClassLoaderDispatch.java:33)
	at org.gradle.internal.dispatch.ProxyDispatchAdapter$DispatchingInvocationHandler.invoke(ProxyDispatchAdapter.java:94)
	at com.sun.proxy.$Proxy2.stop(Unknown Source)
	at org.gradle.api.internal.tasks.testing.worker.TestWorker$3.run(TestWorker.java:193)
	at org.gradle.api.internal.tasks.testing.worker.TestWorker.executeAndMaintainThreadName(TestWorker.java:129)
	at org.gradle.api.internal.tasks.testing.worker.TestWorker.execute(TestWorker.java:100)
	at org.gradle.api.internal.tasks.testing.worker.TestWorker.execute(TestWorker.java:60)
	at org.gradle.process.internal.worker.child.ActionExecutionWorker.execute(ActionExecutionWorker.java:56)
	at org.gradle.process.internal.worker.child.SystemApplicationClassLoaderWorker.call(SystemApplicationClassLoaderWorker.java:113)
	at org.gradle.process.internal.worker.child.SystemApplicationClassLoaderWorker.call(SystemApplicationClassLoaderWorker.java:65)
	at app//worker.org.gradle.process.internal.worker.GradleWorkerMain.run(GradleWorkerMain.java:69)
	at app//worker.org.gradle.process.internal.worker.GradleWorkerMain.main(GradleWorkerMain.java:74)
</failure>
  </testcase>
  <system-out><![CDATA[12:47:34,110 |-INFO in ch.qos.logback.classic.LoggerContext[default] - This is logback-classic version 1.4.5
12:47:34,136 |-INFO in ch.qos.logback.classic.LoggerContext[default] - Could NOT find resource [logback-test.xml]
12:47:34,145 |-INFO in ch.qos.logback.classic.LoggerContext[default] - Found resource [logback.xml] at [file:/home/runner/work/key/key/key.core/build/resources/test/logback.xml]
12:47:34,256 |-INFO in ch.qos.logback.core.model.processor.AppenderModelHandler - Processing appender named [STDOUT]
12:47:34,258 |-INFO in ch.qos.logback.core.model.processor.AppenderModelHandler - About to instantiate appender of type [ch.qos.logback.core.ConsoleAppender]
12:47:34,280 |-WARN in ch.qos.logback.core.model.processor.ImplicitModelHandler - Ignoring unknown property [file] in [ch.qos.logback.core.ConsoleAppender]
12:47:34,280 |-WARN in ch.qos.logback.core.model.processor.ImplicitModelHandler - Ignoring unknown property [append] in [ch.qos.logback.core.ConsoleAppender]
12:47:34,281 |-INFO in ch.qos.logback.core.model.processor.ImplicitModelHandler - Assuming default type [ch.qos.logback.classic.encoder.PatternLayoutEncoder] for [encoder] property
12:47:34,296 |-INFO in ch.qos.logback.classic.model.processor.RootLoggerModelHandler - Setting level of ROOT logger to WARN
12:47:34,305 |-INFO in ch.qos.logback.core.model.processor.AppenderRefModelHandler - Attaching appender named [STDOUT] to Logger[ROOT]
12:47:34,306 |-INFO in ch.qos.logback.core.model.processor.DefaultProcessor@62dae245 - End of configuration.
12:47:34,306 |-INFO in ch.qos.logback.classic.joran.JoranConfigurator@4b6579e8 - Registering current configuration as safe fallback point

Running test newBook
12:47:34,739 |-INFO in ch.qos.logback.classic.LoggerContext[default] - This is logback-classic version 1.4.5
12:47:34,769 |-INFO in ch.qos.logback.classic.LoggerContext[default] - Could NOT find resource [logback-test.xml]
12:47:34,794 |-INFO in ch.qos.logback.classic.LoggerContext[default] - Found resource [logback.xml] at [file:/home/runner/work/key/key/key.core/build/resources/test/logback.xml]
12:47:34,941 |-INFO in ch.qos.logback.core.model.processor.AppenderModelHandler - Processing appender named [STDOUT]
12:47:34,941 |-INFO in ch.qos.logback.core.model.processor.AppenderModelHandler - About to instantiate appender of type [ch.qos.logback.core.ConsoleAppender]
12:47:34,958 |-WARN in ch.qos.logback.core.model.processor.ImplicitModelHandler - Ignoring unknown property [file] in [ch.qos.logback.core.ConsoleAppender]
12:47:34,958 |-WARN in ch.qos.logback.core.model.processor.ImplicitModelHandler - Ignoring unknown property [append] in [ch.qos.logback.core.ConsoleAppender]
12:47:34,959 |-INFO in ch.qos.logback.core.model.processor.ImplicitModelHandler - Assuming default type [ch.qos.logback.classic.encoder.PatternLayoutEncoder] for [encoder] property
12:47:34,979 |-INFO in ch.qos.logback.classic.model.processor.RootLoggerModelHandler - Setting level of ROOT logger to WARN
12:47:34,984 |-INFO in ch.qos.logback.core.model.processor.AppenderRefModelHandler - Attaching appender named [STDOUT] to Logger[ROOT]
12:47:34,984 |-INFO in ch.qos.logback.core.model.processor.DefaultProcessor@2aceadd4 - End of configuration.
12:47:34,985 |-INFO in ch.qos.logback.classic.joran.JoranConfigurator@24aed80c - Registering current configuration as safe fallback point

353        WARN  main            d.u.i.k.s.ProofSettings   No proof-settings could be loaded, using defaults java.io.FileNotFoundException: /home/runner/.key/proof-settings.props (No such file or directory)
	at java.base/java.io.FileInputStream.open0(Native Method)

Running test oldBook
12:47:35,609 |-INFO in ch.qos.logback.classic.LoggerContext[default] - This is logback-classic version 1.4.5
12:47:35,633 |-INFO in ch.qos.logback.classic.LoggerContext[default] - Could NOT find resource [logback-test.xml]
12:47:35,651 |-INFO in ch.qos.logback.classic.LoggerContext[default] - Found resource [logback.xml] at [file:/home/runner/work/key/key/key.core/build/resources/test/logback.xml]
12:47:35,794 |-INFO in ch.qos.logback.core.model.processor.AppenderModelHandler - Processing appender named [STDOUT]
12:47:35,794 |-INFO in ch.qos.logback.core.model.processor.AppenderModelHandler - About to instantiate appender of type [ch.qos.logback.core.ConsoleAppender]
12:47:35,811 |-WARN in ch.qos.logback.core.model.processor.ImplicitModelHandler - Ignoring unknown property [file] in [ch.qos.logback.core.ConsoleAppender]
12:47:35,811 |-WARN in ch.qos.logback.core.model.processor.ImplicitModelHandler - Ignoring unknown property [append] in [ch.qos.logback.core.ConsoleAppender]
12:47:35,812 |-INFO in ch.qos.logback.core.model.processor.ImplicitModelHandler - Assuming default type [ch.qos.logback.classic.encoder.PatternLayoutEncoder] for [encoder] property
12:47:35,831 |-INFO in ch.qos.logback.classic.model.processor.RootLoggerModelHandler - Setting level of ROOT logger to WARN
12:47:35,837 |-INFO in ch.qos.logback.core.model.processor.AppenderRefModelHandler - Attaching appender named [STDOUT] to Logger[ROOT]
12:47:35,837 |-INFO in ch.qos.logback.core.model.processor.DefaultProcessor@2aceadd4 - End of configuration.
12:47:35,838 |-INFO in ch.qos.logback.classic.joran.JoranConfigurator@24aed80c - Registering current configuration as safe fallback point

323        WARN  main            d.u.i.k.s.ProofSettings   No proof-settings could be loaded, using defaults java.io.FileNotFoundException: /home/runner/.key/proof-settings.props (No such file or directory)
	at java.base/java.io.FileInputStream.open0(Native Method)

Running test comprehensions
12:47:36,320 |-INFO in ch.qos.logback.classic.LoggerContext[default] - This is logback-classic version 1.4.5
12:47:36,346 |-INFO in ch.qos.logback.classic.LoggerContext[default] - Could NOT find resource [logback-test.xml]
12:47:36,366 |-INFO in ch.qos.logback.classic.LoggerContext[default] - Found resource [logback.xml] at [file:/home/runner/work/key/key/key.core/build/resources/test/logback.xml]
12:47:36,528 |-INFO in ch.qos.logback.core.model.processor.AppenderModelHandler - Processing appender named [STDOUT]
12:47:36,528 |-INFO in ch.qos.logback.core.model.processor.AppenderModelHandler - About to instantiate appender of type [ch.qos.logback.core.ConsoleAppender]
12:47:36,554 |-WARN in ch.qos.logback.core.model.processor.ImplicitModelHandler - Ignoring unknown property [file] in [ch.qos.logback.core.ConsoleAppender]
12:47:36,554 |-WARN in ch.qos.logback.core.model.processor.ImplicitModelHandler - Ignoring unknown property [append] in [ch.qos.logback.core.ConsoleAppender]
12:47:36,555 |-INFO in ch.qos.logback.core.model.processor.ImplicitModelHandler - Assuming default type [ch.qos.logback.classic.encoder.PatternLayoutEncoder] for [encoder] property
12:47:36,590 |-INFO in ch.qos.logback.classic.model.processor.RootLoggerModelHandler - Setting level of ROOT logger to WARN
12:47:36,603 |-INFO in ch.qos.logback.core.model.processor.AppenderRefModelHandler - Attaching appender named [STDOUT] to Logger[ROOT]
12:47:36,603 |-INFO in ch.qos.logback.core.model.processor.DefaultProcessor@24269709 - End of configuration.
12:47:36,604 |-INFO in ch.qos.logback.classic.joran.JoranConfigurator@2aceadd4 - Registering current configuration as safe fallback point

421        WARN  main            d.u.i.k.s.ProofSettings   No proof-settings could be loaded, using defaults java.io.FileNotFoundException: /home/runner/.key/proof-settings.props (No such file or directory)
	at java.base/java.io.FileInputStream.open0(Native Method)

Running test performance
12:47:37,193 |-INFO in ch.qos.logback.classic.LoggerContext[default] - This is logback-classic version 1.4.5
12:47:37,219 |-INFO in ch.qos.logback.classic.LoggerContext[default] - Could NOT find resource [logback-test.xml]
12:47:37,235 |-INFO in ch.qos.logback.classic.LoggerContext[default] - Found resource [logback.xml] at [file:/home/runner/work/key/key/key.core/build/resources/test/logback.xml]
12:47:37,409 |-INFO in ch.qos.logback.core.model.processor.AppenderModelHandler - Processing appender named [STDOUT]
12:47:37,410 |-INFO in ch.qos.logback.core.model.processor.AppenderModelHandler - About to instantiate appender of type [ch.qos.logback.core.ConsoleAppender]
12:47:37,426 |-WARN in ch.qos.logback.core.model.processor.ImplicitModelHandler - Ignoring unknown property [file] in [ch.qos.logback.core.ConsoleAppender]
12:47:37,427 |-WARN in ch.qos.logback.core.model.processor.ImplicitModelHandler - Ignoring unknown property [append] in [ch.qos.logback.core.ConsoleAppender]
12:47:37,427 |-INFO in ch.qos.logback.core.model.processor.ImplicitModelHandler - Assuming default type [ch.qos.logback.classic.encoder.PatternLayoutEncoder] for [encoder] property
12:47:37,447 |-INFO in ch.qos.logback.classic.model.processor.RootLoggerModelHandler - Setting level of ROOT logger to WARN
12:47:37,451 |-INFO in ch.qos.logback.core.model.processor.AppenderRefModelHandler - Attaching appender named [STDOUT] to Logger[ROOT]
12:47:37,452 |-INFO in ch.qos.logback.core.model.processor.DefaultProcessor@24269709 - End of configuration.
12:47:37,452 |-INFO in ch.qos.logback.classic.joran.JoranConfigurator@2aceadd4 - Registering current configuration as safe fallback point

355        WARN  main            d.u.i.k.s.ProofSettings   No proof-settings could be loaded, using defaults java.io.FileNotFoundException: /home/runner/.key/proof-settings.props (No such file or directory)
	at java.base/java.io.FileInputStream.open0(Native Method)

Running test performancePOConstruction
12:47:37,990 |-INFO in ch.qos.logback.classic.LoggerContext[default] - This is logback-classic version 1.4.5
12:47:38,015 |-INFO in ch.qos.logback.classic.LoggerContext[default] - Could NOT find resource [logback-test.xml]
12:47:38,034 |-INFO in ch.qos.logback.classic.LoggerContext[default] - Found resource [logback.xml] at [file:/home/runner/work/key/key/key.core/build/resources/test/logback.xml]
12:47:38,184 |-INFO in ch.qos.logback.core.model.processor.AppenderModelHandler - Processing appender named [STDOUT]
12:47:38,184 |-INFO in ch.qos.logback.core.model.processor.AppenderModelHandler - About to instantiate appender of type [ch.qos.logback.core.ConsoleAppender]
12:47:38,203 |-WARN in ch.qos.logback.core.model.processor.ImplicitModelHandler - Ignoring unknown property [file] in [ch.qos.logback.core.ConsoleAppender]
12:47:38,204 |-WARN in ch.qos.logback.core.model.processor.ImplicitModelHandler - Ignoring unknown property [append] in [ch.qos.logback.core.ConsoleAppender]
12:47:38,204 |-INFO in ch.qos.logback.core.model.processor.ImplicitModelHandler - Assuming default type [ch.qos.logback.classic.encoder.PatternLayoutEncoder] for [encoder] property
12:47:38,241 |-INFO in ch.qos.logback.classic.model.processor.RootLoggerModelHandler - Setting level of ROOT logger to WARN
12:47:38,254 |-INFO in ch.qos.logback.core.model.processor.AppenderRefModelHandler - Attaching appender named [STDOUT] to Logger[ROOT]
12:47:38,255 |-INFO in ch.qos.logback.core.model.processor.DefaultProcessor@2aceadd4 - End of configuration.
12:47:38,255 |-INFO in ch.qos.logback.classic.joran.JoranConfigurator@24aed80c - Registering current configuration as safe fallback point

386        WARN  main            d.u.i.k.s.ProofSettings   No proof-settings could be loaded, using defaults java.io.FileNotFoundException: /home/runner/.key/proof-settings.props (No such file or directory)
	at java.base/java.io.FileInputStream.open0(Native Method)

Running test applicationRestrictions
12:47:38,734 |-INFO in ch.qos.logback.classic.LoggerContext[default] - This is logback-classic version 1.4.5
12:47:38,758 |-INFO in ch.qos.logback.classic.LoggerContext[default] - Could NOT find resource [logback-test.xml]
12:47:38,780 |-INFO in ch.qos.logback.classic.LoggerContext[default] - Found resource [logback.xml] at [file:/home/runner/work/key/key/key.core/build/resources/test/logback.xml]
12:47:38,976 |-INFO in ch.qos.logback.core.model.processor.AppenderModelHandler - Processing appender named [STDOUT]
12:47:38,976 |-INFO in ch.qos.logback.core.model.processor.AppenderModelHandler - About to instantiate appender of type [ch.qos.logback.core.ConsoleAppender]
12:47:38,990 |-WARN in ch.qos.logback.core.model.processor.ImplicitModelHandler - Ignoring unknown property [file] in [ch.qos.logback.core.ConsoleAppender]
12:47:38,990 |-WARN in ch.qos.logback.core.model.processor.ImplicitModelHandler - Ignoring unknown property [append] in [ch.qos.logback.core.ConsoleAppender]
12:47:38,991 |-INFO in ch.qos.logback.core.model.processor.ImplicitModelHandler - Assuming default type [ch.qos.logback.classic.encoder.PatternLayoutEncoder] for [encoder] property
12:47:39,009 |-INFO in ch.qos.logback.classic.model.processor.RootLoggerModelHandler - Setting level of ROOT logger to WARN
12:47:39,014 |-INFO in ch.qos.logback.core.model.processor.AppenderRefModelHandler - Attaching appender named [STDOUT] to Logger[ROOT]
12:47:39,015 |-INFO in ch.qos.logback.core.model.processor.DefaultProcessor@24269709 - End of configuration.
12:47:39,015 |-INFO in ch.qos.logback.classic.joran.JoranConfigurator@2aceadd4 - Registering current configuration as safe fallback point

383        WARN  main            d.u.i.k.s.ProofSettings   No proof-settings could be loaded, using defaults java.io.FileNotFoundException: /home/runner/.key/proof-settings.props (No such file or directory)
	at java.base/java.io.FileInputStream.open0(Native Method)

Running test blockContracts
12:47:39,542 |-INFO in ch.qos.logback.classic.LoggerContext[default] - This is logback-classic version 1.4.5
12:47:39,568 |-INFO in ch.qos.logback.classic.LoggerContext[default] - Could NOT find resource [logback-test.xml]
12:47:39,585 |-INFO in ch.qos.logback.classic.LoggerContext[default] - Found resource [logback.xml] at [file:/home/runner/work/key/key/key.core/build/resources/test/logback.xml]
12:47:39,744 |-INFO in ch.qos.logback.core.model.processor.AppenderModelHandler - Processing appender named [STDOUT]
12:47:39,745 |-INFO in ch.qos.logback.core.model.processor.AppenderModelHandler - About to instantiate appender of type [ch.qos.logback.core.ConsoleAppender]
12:47:39,759 |-WARN in ch.qos.logback.core.model.processor.ImplicitModelHandler - Ignoring unknown property [file] in [ch.qos.logback.core.ConsoleAppender]
12:47:39,759 |-WARN in ch.qos.logback.core.model.processor.ImplicitModelHandler - Ignoring unknown property [append] in [ch.qos.logback.core.ConsoleAppender]
12:47:39,760 |-INFO in ch.qos.logback.core.model.processor.ImplicitModelHandler - Assuming default type [ch.qos.logback.classic.encoder.PatternLayoutEncoder] for [encoder] property
12:47:39,778 |-INFO in ch.qos.logback.classic.model.processor.RootLoggerModelHandler - Setting level of ROOT logger to WARN
12:47:39,783 |-INFO in ch.qos.logback.core.model.processor.AppenderRefModelHandler - Attaching appender named [STDOUT] to Logger[ROOT]
12:47:39,783 |-INFO in ch.qos.logback.core.model.processor.DefaultProcessor@2aceadd4 - End of configuration.
12:47:39,784 |-INFO in ch.qos.logback.classic.joran.JoranConfigurator@24aed80c - Registering current configuration as safe fallback point

358        WARN  main            d.u.i.k.s.ProofSettings   No proof-settings could be loaded, using defaults java.io.FileNotFoundException: /home/runner/.key/proof-settings.props (No such file or directory)
	at java.base/java.io.FileInputStream.open0(Native Method)

Running test jmlAsserts
12:47:40,642 |-INFO in ch.qos.logback.classic.LoggerContext[default] - This is logback-classic version 1.4.5
12:47:40,684 |-INFO in ch.qos.logback.classic.LoggerContext[default] - Could NOT find resource [logback-test.xml]
12:47:40,700 |-INFO in ch.qos.logback.classic.LoggerContext[default] - Found resource [logback.xml] at [file:/home/runner/work/key/key/key.core/build/resources/test/logback.xml]
12:47:40,900 |-INFO in ch.qos.logback.core.model.processor.AppenderModelHandler - Processing appender named [STDOUT]
12:47:40,900 |-INFO in ch.qos.logback.core.model.processor.AppenderModelHandler - About to instantiate appender of type [ch.qos.logback.core.ConsoleAppender]
12:47:40,914 |-WARN in ch.qos.logback.core.model.processor.ImplicitModelHandler - Ignoring unknown property [file] in [ch.qos.logback.core.ConsoleAppender]
12:47:40,914 |-WARN in ch.qos.logback.core.model.processor.ImplicitModelHandler - Ignoring unknown property [append] in [ch.qos.logback.core.ConsoleAppender]
12:47:40,915 |-INFO in ch.qos.logback.core.model.processor.ImplicitModelHandler - Assuming default type [ch.qos.logback.classic.encoder.PatternLayoutEncoder] for [encoder] property
12:47:40,934 |-INFO in ch.qos.logback.classic.model.processor.RootLoggerModelHandler - Setting level of ROOT logger to WARN
12:47:40,938 |-INFO in ch.qos.logback.core.model.processor.AppenderRefModelHandler - Attaching appender named [STDOUT] to Logger[ROOT]
12:47:40,939 |-INFO in ch.qos.logback.core.model.processor.DefaultProcessor@2aceadd4 - End of configuration.
12:47:40,939 |-INFO in ch.qos.logback.classic.joran.JoranConfigurator@24aed80c - Registering current configuration as safe fallback point

430        WARN  main            d.u.i.k.s.ProofSettings   No proof-settings could be loaded, using defaults java.io.FileNotFoundException: /home/runner/.key/proof-settings.props (No such file or directory)
	at java.base/java.io.FileInputStream.open0(Native Method)

Running test javaCard
12:47:41,543 |-INFO in ch.qos.logback.classic.LoggerContext[default] - This is logback-classic version 1.4.5
12:47:41,588 |-INFO in ch.qos.logback.classic.LoggerContext[default] - Could NOT find resource [logback-test.xml]
12:47:41,612 |-INFO in ch.qos.logback.classic.LoggerContext[default] - Found resource [logback.xml] at [file:/home/runner/work/key/key/key.core/build/resources/test/logback.xml]
12:47:41,796 |-INFO in ch.qos.logback.core.model.processor.AppenderModelHandler - Processing appender named [STDOUT]
12:47:41,797 |-INFO in ch.qos.logback.core.model.processor.AppenderModelHandler - About to instantiate appender of type [ch.qos.logback.core.ConsoleAppender]
12:47:41,816 |-WARN in ch.qos.logback.core.model.processor.ImplicitModelHandler - Ignoring unknown property [file] in [ch.qos.logback.core.ConsoleAppender]
12:47:41,816 |-WARN in ch.qos.logback.core.model.processor.ImplicitModelHandler - Ignoring unknown property [append] in [ch.qos.logback.core.ConsoleAppender]
12:47:41,817 |-INFO in ch.qos.logback.core.model.processor.ImplicitModelHandler - Assuming default type [ch.qos.logback.classic.encoder.PatternLayoutEncoder] for [encoder] property
12:47:41,847 |-INFO in ch.qos.logback.classic.model.processor.RootLoggerModelHandler - Setting level of ROOT logger to WARN
12:47:41,859 |-INFO in ch.qos.logback.core.model.processor.AppenderRefModelHandler - Attaching appender named [STDOUT] to Logger[ROOT]
12:47:41,859 |-INFO in ch.qos.logback.core.model.processor.DefaultProcessor@24269709 - End of configuration.
12:47:41,860 |-INFO in ch.qos.logback.classic.joran.JoranConfigurator@2aceadd4 - Registering current configuration as safe fallback point

412        WARN  main            d.u.i.k.s.ProofSettings   No proof-settings could be loaded, using defaults java.io.FileNotFoundException: /home/runner/.key/proof-settings.props (No such file or directory)
	at java.base/java.io.FileInputStream.open0(Native Method)

Running test project.key
12:47:42,355 |-INFO in ch.qos.logback.classic.LoggerContext[default] - This is logback-classic version 1.4.5
12:47:42,388 |-INFO in ch.qos.logback.classic.LoggerContext[default] - Could NOT find resource [logback-test.xml]
12:47:42,415 |-INFO in ch.qos.logback.classic.LoggerContext[default] - Found resource [logback.xml] at [file:/home/runner/work/key/key/key.core/build/resources/test/logback.xml]
12:47:42,575 |-INFO in ch.qos.logback.core.model.processor.AppenderModelHandler - Processing appender named [STDOUT]
12:47:42,575 |-INFO in ch.qos.logback.core.model.processor.AppenderModelHandler - About to instantiate appender of type [ch.qos.logback.core.ConsoleAppender]
12:47:42,589 |-WARN in ch.qos.logback.core.model.processor.ImplicitModelHandler - Ignoring unknown property [file] in [ch.qos.logback.core.ConsoleAppender]
12:47:42,589 |-WARN in ch.qos.logback.core.model.processor.ImplicitModelHandler - Ignoring unknown property [append] in [ch.qos.logback.core.ConsoleAppender]
12:47:42,590 |-INFO in ch.qos.logback.core.model.processor.ImplicitModelHandler - Assuming default type [ch.qos.logback.classic.encoder.PatternLayoutEncoder] for [encoder] property
12:47:42,614 |-INFO in ch.qos.logback.classic.model.processor.RootLoggerModelHandler - Setting level of ROOT logger to WARN
12:47:42,619 |-INFO in ch.qos.logback.core.model.processor.AppenderRefModelHandler - Attaching appender named [STDOUT] to Logger[ROOT]
12:47:42,619 |-INFO in ch.qos.logback.core.model.processor.DefaultProcessor@24269709 - End of configuration.
12:47:42,620 |-INFO in ch.qos.logback.classic.joran.JoranConfigurator@2aceadd4 - Registering current configuration as safe fallback point

399        WARN  main            d.u.i.k.s.ProofSettings   No proof-settings could be loaded, using defaults java.io.FileNotFoundException: /home/runner/.key/proof-settings.props (No such file or directory)
	at java.base/java.io.FileInputStream.open0(Native Method)

Running test project.key#1
12:47:43,125 |-INFO in ch.qos.logback.classic.LoggerContext[default] - This is logback-classic version 1.4.5
12:47:43,150 |-INFO in ch.qos.logback.classic.LoggerContext[default] - Could NOT find resource [logback-test.xml]
12:47:43,169 |-INFO in ch.qos.logback.classic.LoggerContext[default] - Found resource [logback.xml] at [file:/home/runner/work/key/key/key.core/build/resources/test/logback.xml]
12:47:43,339 |-INFO in ch.qos.logback.core.model.processor.AppenderModelHandler - Processing appender named [STDOUT]
12:47:43,340 |-INFO in ch.qos.logback.core.model.processor.AppenderModelHandler - About to instantiate appender of type [ch.qos.logback.core.ConsoleAppender]
12:47:43,363 |-WARN in ch.qos.logback.core.model.processor.ImplicitModelHandler - Ignoring unknown property [file] in [ch.qos.logback.core.ConsoleAppender]
12:47:43,363 |-WARN in ch.qos.logback.core.model.processor.ImplicitModelHandler - Ignoring unknown property [append] in [ch.qos.logback.core.ConsoleAppender]
12:47:43,364 |-INFO in ch.qos.logback.core.model.processor.ImplicitModelHandler - Assuming default type [ch.qos.logback.classic.encoder.PatternLayoutEncoder] for [encoder] property
12:47:43,383 |-INFO in ch.qos.logback.classic.model.processor.RootLoggerModelHandler - Setting level of ROOT logger to WARN
12:47:43,388 |-INFO in ch.qos.logback.core.model.processor.AppenderRefModelHandler - Attaching appender named [STDOUT] to Logger[ROOT]
12:47:43,389 |-INFO in ch.qos.logback.core.model.processor.DefaultProcessor@24269709 - End of configuration.
12:47:43,389 |-INFO in ch.qos.logback.classic.joran.JoranConfigurator@2aceadd4 - Registering current configuration as safe fallback point

395        WARN  main            d.u.i.k.s.ProofSettings   No proof-settings could be loaded, using defaults java.io.FileNotFoundException: /home/runner/.key/proof-settings.props (No such file or directory)
	at java.base/java.io.FileInputStream.open0(Native Method)

Running test lcp.key
12:47:43,920 |-INFO in ch.qos.logback.classic.LoggerContext[default] - This is logback-classic version 1.4.5
12:47:43,949 |-INFO in ch.qos.logback.classic.LoggerContext[default] - Could NOT find resource [logback-test.xml]
12:47:43,967 |-INFO in ch.qos.logback.classic.LoggerContext[default] - Found resource [logback.xml] at [file:/home/runner/work/key/key/key.core/build/resources/test/logback.xml]
12:47:44,128 |-INFO in ch.qos.logback.core.model.processor.AppenderModelHandler - Processing appender named [STDOUT]
12:47:44,129 |-INFO in ch.qos.logback.core.model.processor.AppenderModelHandler - About to instantiate appender of type [ch.qos.logback.core.ConsoleAppender]
12:47:44,151 |-WARN in ch.qos.logback.core.model.processor.ImplicitModelHandler - Ignoring unknown property [file] in [ch.qos.logback.core.ConsoleAppender]
12:47:44,151 |-WARN in ch.qos.logback.core.model.processor.ImplicitModelHandler - Ignoring unknown property [append] in [ch.qos.logback.core.ConsoleAppender]
12:47:44,152 |-INFO in ch.qos.logback.core.model.processor.ImplicitModelHandler - Assuming default type [ch.qos.logback.classic.encoder.PatternLayoutEncoder] for [encoder] property
12:47:44,186 |-INFO in ch.qos.logback.classic.model.processor.RootLoggerModelHandler - Setting level of ROOT logger to WARN
12:47:44,200 |-INFO in ch.qos.logback.core.model.processor.AppenderRefModelHandler - Attaching appender named [STDOUT] to Logger[ROOT]
12:47:44,200 |-INFO in ch.qos.logback.core.model.processor.DefaultProcessor@24269709 - End of configuration.
12:47:44,201 |-INFO in ch.qos.logback.classic.joran.JoranConfigurator@2aceadd4 - Registering current configuration as safe fallback point

407        WARN  main            d.u.i.k.s.ProofSettings   No proof-settings could be loaded, using defaults java.io.FileNotFoundException: /home/runner/.key/proof-settings.props (No such file or directory)
	at java.base/java.io.FileInputStream.open0(Native Method)

Running test project.key#2
12:47:44,747 |-INFO in ch.qos.logback.classic.LoggerContext[default] - This is logback-classic version 1.4.5
12:47:44,785 |-INFO in ch.qos.logback.classic.LoggerContext[default] - Could NOT find resource [logback-test.xml]
12:47:44,810 |-INFO in ch.qos.logback.classic.LoggerContext[default] - Found resource [logback.xml] at [file:/home/runner/work/key/key/key.core/build/resources/test/logback.xml]
12:47:44,986 |-INFO in ch.qos.logback.core.model.processor.AppenderModelHandler - Processing appender named [STDOUT]
12:47:44,986 |-INFO in ch.qos.logback.core.model.processor.AppenderModelHandler - About to instantiate appender of type [ch.qos.logback.core.ConsoleAppender]
12:47:45,001 |-WARN in ch.qos.logback.core.model.processor.ImplicitModelHandler - Ignoring unknown property [file] in [ch.qos.logback.core.ConsoleAppender]
12:47:45,001 |-WARN in ch.qos.logback.core.model.processor.ImplicitModelHandler - Ignoring unknown property [append] in [ch.qos.logback.core.ConsoleAppender]
12:47:45,002 |-INFO in ch.qos.logback.core.model.processor.ImplicitModelHandler - Assuming default type [ch.qos.logback.classic.encoder.PatternLayoutEncoder] for [encoder] property
12:47:45,020 |-INFO in ch.qos.logback.classic.model.processor.RootLoggerModelHandler - Setting level of ROOT logger to WARN
12:47:45,025 |-INFO in ch.qos.logback.core.model.processor.AppenderRefModelHandler - Attaching appender named [STDOUT] to Logger[ROOT]
12:47:45,025 |-INFO in ch.qos.logback.core.model.processor.DefaultProcessor@24269709 - End of configuration.
12:47:45,026 |-INFO in ch.qos.logback.classic.joran.JoranConfigurator@2aceadd4 - Registering current configuration as safe fallback point

408        WARN  main            d.u.i.k.s.ProofSettings   No proof-settings could be loaded, using defaults java.io.FileNotFoundException: /home/runner/.key/proof-settings.props (No such file or directory)
	at java.base/java.io.FileInputStream.open0(Native Method)

Running test ArrayList_contains.key
12:47:45,515 |-INFO in ch.qos.logback.classic.LoggerContext[default] - This is logback-classic version 1.4.5
12:47:45,544 |-INFO in ch.qos.logback.classic.LoggerContext[default] - Could NOT find resource [logback-test.xml]
12:47:45,560 |-INFO in ch.qos.logback.classic.LoggerContext[default] - Found resource [logback.xml] at [file:/home/runner/work/key/key/key.core/build/resources/test/logback.xml]
12:47:45,739 |-INFO in ch.qos.logback.core.model.processor.AppenderModelHandler - Processing appender named [STDOUT]
12:47:45,739 |-INFO in ch.qos.logback.core.model.processor.AppenderModelHandler - About to instantiate appender of type [ch.qos.logback.core.ConsoleAppender]
12:47:45,754 |-WARN in ch.qos.logback.core.model.processor.ImplicitModelHandler - Ignoring unknown property [file] in [ch.qos.logback.core.ConsoleAppender]
12:47:45,754 |-WARN in ch.qos.logback.core.model.processor.ImplicitModelHandler - Ignoring unknown property [append] in [ch.qos.logback.core.ConsoleAppender]
12:47:45,755 |-INFO in ch.qos.logback.core.model.processor.ImplicitModelHandler - Assuming default type [ch.qos.logback.classic.encoder.PatternLayoutEncoder] for [encoder] property
12:47:45,773 |-INFO in ch.qos.logback.classic.model.processor.RootLoggerModelHandler - Setting level of ROOT logger to WARN
12:47:45,778 |-INFO in ch.qos.logback.core.model.processor.AppenderRefModelHandler - Attaching appender named [STDOUT] to Logger[ROOT]
12:47:45,778 |-INFO in ch.qos.logback.core.model.processor.DefaultProcessor@24269709 - End of configuration.
12:47:45,779 |-INFO in ch.qos.logback.classic.joran.JoranConfigurator@2aceadd4 - Registering current configuration as safe fallback point

371        WARN  main            d.u.i.k.s.ProofSettings   No proof-settings could be loaded, using defaults java.io.FileNotFoundException: /home/runner/.key/proof-settings.props (No such file or directory)
	at java.base/java.io.FileInputStream.open0(Native Method)

Running test ArrayList_get.key
12:47:46,244 |-INFO in ch.qos.logback.classic.LoggerContext[default] - This is logback-classic version 1.4.5
12:47:46,276 |-INFO in ch.qos.logback.classic.LoggerContext[default] - Could NOT find resource [logback-test.xml]
12:47:46,293 |-INFO in ch.qos.logback.classic.LoggerContext[default] - Found resource [logback.xml] at [file:/home/runner/work/key/key/key.core/build/resources/test/logback.xml]
12:47:46,461 |-INFO in ch.qos.logback.core.model.processor.AppenderModelHandler - Processing appender named [STDOUT]
12:47:46,462 |-INFO in ch.qos.logback.core.model.processor.AppenderModelHandler - About to instantiate appender of type [ch.qos.logback.core.ConsoleAppender]
12:47:46,477 |-WARN in ch.qos.logback.core.model.processor.ImplicitModelHandler - Ignoring unknown property [file] in [ch.qos.logback.core.ConsoleAppender]
12:47:46,477 |-WARN in ch.qos.logback.core.model.processor.ImplicitModelHandler - Ignoring unknown property [append] in [ch.qos.logback.core.ConsoleAppender]
12:47:46,478 |-INFO in ch.qos.logback.core.model.processor.ImplicitModelHandler - Assuming default type [ch.qos.logback.classic.encoder.PatternLayoutEncoder] for [encoder] property
12:47:46,497 |-INFO in ch.qos.logback.classic.model.processor.RootLoggerModelHandler - Setting level of ROOT logger to WARN
12:47:46,502 |-INFO in ch.qos.logback.core.model.processor.AppenderRefModelHandler - Attaching appender named [STDOUT] to Logger[ROOT]
12:47:46,502 |-INFO in ch.qos.logback.core.model.processor.DefaultProcessor@24269709 - End of configuration.
12:47:46,503 |-INFO in ch.qos.logback.classic.joran.JoranConfigurator@2aceadd4 - Registering current configuration as safe fallback point

357        WARN  main            d.u.i.k.s.ProofSettings   No proof-settings could be loaded, using defaults java.io.FileNotFoundException: /home/runner/.key/proof-settings.props (No such file or directory)
	at java.base/java.io.FileInputStream.open0(Native Method)

Running test ArrayList_size.key
12:47:46,969 |-INFO in ch.qos.logback.classic.LoggerContext[default] - This is logback-classic version 1.4.5
12:47:46,998 |-INFO in ch.qos.logback.classic.LoggerContext[default] - Could NOT find resource [logback-test.xml]
12:47:47,014 |-INFO in ch.qos.logback.classic.LoggerContext[default] - Found resource [logback.xml] at [file:/home/runner/work/key/key/key.core/build/resources/test/logback.xml]
12:47:47,174 |-INFO in ch.qos.logback.core.model.processor.AppenderModelHandler - Processing appender named [STDOUT]
12:47:47,174 |-INFO in ch.qos.logback.core.model.processor.AppenderModelHandler - About to instantiate appender of type [ch.qos.logback.core.ConsoleAppender]
12:47:47,189 |-WARN in ch.qos.logback.core.model.processor.ImplicitModelHandler - Ignoring unknown property [file] in [ch.qos.logback.core.ConsoleAppender]
12:47:47,189 |-WARN in ch.qos.logback.core.model.processor.ImplicitModelHandler - Ignoring unknown property [append] in [ch.qos.logback.core.ConsoleAppender]
12:47:47,190 |-INFO in ch.qos.logback.core.model.processor.ImplicitModelHandler - Assuming default type [ch.qos.logback.classic.encoder.PatternLayoutEncoder] for [encoder] property
12:47:47,210 |-INFO in ch.qos.logback.classic.model.processor.RootLoggerModelHandler - Setting level of ROOT logger to WARN
12:47:47,215 |-INFO in ch.qos.logback.core.model.processor.AppenderRefModelHandler - Attaching appender named [STDOUT] to Logger[ROOT]
12:47:47,215 |-INFO in ch.qos.logback.core.model.processor.DefaultProcessor@24269709 - End of configuration.
12:47:47,216 |-INFO in ch.qos.logback.classic.joran.JoranConfigurator@2aceadd4 - Registering current configuration as safe fallback point

348        WARN  main            d.u.i.k.s.ProofSettings   No proof-settings could be loaded, using defaults java.io.FileNotFoundException: /home/runner/.key/proof-settings.props (No such file or directory)
	at java.base/java.io.FileInputStream.open0(Native Method)

Running test UpdateAbstraction_ex7_3_secure.key
12:47:47,715 |-INFO in ch.qos.logback.classic.LoggerContext[default] - This is logback-classic version 1.4.5
12:47:47,740 |-INFO in ch.qos.logback.classic.LoggerContext[default] - Could NOT find resource [logback-test.xml]
12:47:47,762 |-INFO in ch.qos.logback.classic.LoggerContext[default] - Found resource [logback.xml] at [file:/home/runner/work/key/key/key.core/build/resources/test/logback.xml]
12:47:47,912 |-INFO in ch.qos.logback.core.model.processor.AppenderModelHandler - Processing appender named [STDOUT]
12:47:47,912 |-INFO in ch.qos.logback.core.model.processor.AppenderModelHandler - About to instantiate appender of type [ch.qos.logback.core.ConsoleAppender]
12:47:47,928 |-WARN in ch.qos.logback.core.model.processor.ImplicitModelHandler - Ignoring unknown property [file] in [ch.qos.logback.core.ConsoleAppender]
12:47:47,928 |-WARN in ch.qos.logback.core.model.processor.ImplicitModelHandler - Ignoring unknown property [append] in [ch.qos.logback.core.ConsoleAppender]
12:47:47,929 |-INFO in ch.qos.logback.core.model.processor.ImplicitModelHandler - Assuming default type [ch.qos.logback.classic.encoder.PatternLayoutEncoder] for [encoder] property
12:47:47,948 |-INFO in ch.qos.logback.classic.model.processor.RootLoggerModelHandler - Setting level of ROOT logger to WARN
12:47:47,952 |-INFO in ch.qos.logback.core.model.processor.AppenderRefModelHandler - Attaching appender named [STDOUT] to Logger[ROOT]
12:47:47,953 |-INFO in ch.qos.logback.core.model.processor.DefaultProcessor@24269709 - End of configuration.
12:47:47,954 |-INFO in ch.qos.logback.classic.joran.JoranConfigurator@2aceadd4 - Registering current configuration as safe fallback point

385        WARN  main            d.u.i.k.s.ProofSettings   No proof-settings could be loaded, using defaults java.io.FileNotFoundException: /home/runner/.key/proof-settings.props (No such file or directory)
	at java.base/java.io.FileInputStream.open0(Native Method)

Running test UpdateAbstraction_ex7_4_secure.key
12:47:48,498 |-INFO in ch.qos.logback.classic.LoggerContext[default] - This is logback-classic version 1.4.5
12:47:48,534 |-INFO in ch.qos.logback.classic.LoggerContext[default] - Could NOT find resource [logback-test.xml]
12:47:48,550 |-INFO in ch.qos.logback.classic.LoggerContext[default] - Found resource [logback.xml] at [file:/home/runner/work/key/key/key.core/build/resources/test/logback.xml]
12:47:48,703 |-INFO in ch.qos.logback.core.model.processor.AppenderModelHandler - Processing appender named [STDOUT]
12:47:48,704 |-INFO in ch.qos.logback.core.model.processor.AppenderModelHandler - About to instantiate appender of type [ch.qos.logback.core.ConsoleAppender]
12:47:48,729 |-WARN in ch.qos.logback.core.model.processor.ImplicitModelHandler - Ignoring unknown property [file] in [ch.qos.logback.core.ConsoleAppender]
12:47:48,729 |-WARN in ch.qos.logback.core.model.processor.ImplicitModelHandler - Ignoring unknown property [append] in [ch.qos.logback.core.ConsoleAppender]
12:47:48,730 |-INFO in ch.qos.logback.core.model.processor.ImplicitModelHandler - Assuming default type [ch.qos.logback.classic.encoder.PatternLayoutEncoder] for [encoder] property
12:47:48,763 |-INFO in ch.qos.logback.classic.model.processor.RootLoggerModelHandler - Setting level of ROOT logger to WARN
12:47:48,776 |-INFO in ch.qos.logback.core.model.processor.AppenderRefModelHandler - Attaching appender named [STDOUT] to Logger[ROOT]
12:47:48,777 |-INFO in ch.qos.logback.core.model.processor.DefaultProcessor@24269709 - End of configuration.
12:47:48,777 |-INFO in ch.qos.logback.classic.joran.JoranConfigurator@2aceadd4 - Registering current configuration as safe fallback point

409        WARN  main            d.u.i.k.s.ProofSettings   No proof-settings could be loaded, using defaults java.io.FileNotFoundException: /home/runner/.key/proof-settings.props (No such file or directory)
	at java.base/java.io.FileInputStream.open0(Native Method)

Running test UpdateAbstraction_ex7_5_secure.key
12:47:49,310 |-INFO in ch.qos.logback.classic.LoggerContext[default] - This is logback-classic version 1.4.5
12:47:49,339 |-INFO in ch.qos.logback.classic.LoggerContext[default] - Could NOT find resource [logback-test.xml]
12:47:49,362 |-INFO in ch.qos.logback.classic.LoggerContext[default] - Found resource [logback.xml] at [file:/home/runner/work/key/key/key.core/build/resources/test/logback.xml]
12:47:49,507 |-INFO in ch.qos.logback.core.model.processor.AppenderModelHandler - Processing appender named [STDOUT]
12:47:49,507 |-INFO in ch.qos.logback.core.model.processor.AppenderModelHandler - About to instantiate appender of type [ch.qos.logback.core.ConsoleAppender]
12:47:49,522 |-WARN in ch.qos.logback.core.model.processor.ImplicitModelHandler - Ignoring unknown property [file] in [ch.qos.logback.core.ConsoleAppender]
12:47:49,523 |-WARN in ch.qos.logback.core.model.processor.ImplicitModelHandler - Ignoring unknown property [append] in [ch.qos.logback.core.ConsoleAppender]
12:47:49,523 |-INFO in ch.qos.logback.core.model.processor.ImplicitModelHandler - Assuming default type [ch.qos.logback.classic.encoder.PatternLayoutEncoder] for [encoder] property
12:47:49,543 |-INFO in ch.qos.logback.classic.model.processor.RootLoggerModelHandler - Setting level of ROOT logger to WARN
12:47:49,547 |-INFO in ch.qos.logback.core.model.processor.AppenderRefModelHandler - Attaching appender named [STDOUT] to Logger[ROOT]
12:47:49,548 |-INFO in ch.qos.logback.core.model.processor.DefaultProcessor@24269709 - End of configuration.
12:47:49,548 |-INFO in ch.qos.logback.classic.joran.JoranConfigurator@2aceadd4 - Registering current configuration as safe fallback point

389        WARN  main            d.u.i.k.s.ProofSettings   No proof-settings could be loaded, using defaults java.io.FileNotFoundException: /home/runner/.key/proof-settings.props (No such file or directory)
	at java.base/java.io.FileInputStream.open0(Native Method)

Running test UpdateAbstraction_ex7_6_secure.key
12:47:50,078 |-INFO in ch.qos.logback.classic.LoggerContext[default] - This is logback-classic version 1.4.5
12:47:50,112 |-INFO in ch.qos.logback.classic.LoggerContext[default] - Could NOT find resource [logback-test.xml]
12:47:50,129 |-INFO in ch.qos.logback.classic.LoggerContext[default] - Found resource [logback.xml] at [file:/home/runner/work/key/key/key.core/build/resources/test/logback.xml]
12:47:50,288 |-INFO in ch.qos.logback.core.model.processor.AppenderModelHandler - Processing appender named [STDOUT]
12:47:50,288 |-INFO in ch.qos.logback.core.model.processor.AppenderModelHandler - About to instantiate appender of type [ch.qos.logback.core.ConsoleAppender]
12:47:50,315 |-WARN in ch.qos.logback.core.model.processor.ImplicitModelHandler - Ignoring unknown property [file] in [ch.qos.logback.core.ConsoleAppender]
12:47:50,315 |-WARN in ch.qos.logback.core.model.processor.ImplicitModelHandler - Ignoring unknown property [append] in [ch.qos.logback.core.ConsoleAppender]
12:47:50,319 |-INFO in ch.qos.logback.core.model.processor.ImplicitModelHandler - Assuming default type [ch.qos.logback.classic.encoder.PatternLayoutEncoder] for [encoder] property
12:47:50,354 |-INFO in ch.qos.logback.classic.model.processor.RootLoggerModelHandler - Setting level of ROOT logger to WARN
12:47:50,366 |-INFO in ch.qos.logback.core.model.processor.AppenderRefModelHandler - Attaching appender named [STDOUT] to Logger[ROOT]
12:47:50,367 |-INFO in ch.qos.logback.core.model.processor.DefaultProcessor@24269709 - End of configuration.
12:47:50,371 |-INFO in ch.qos.logback.classic.joran.JoranConfigurator@2aceadd4 - Registering current configuration as safe fallback point

425        WARN  main            d.u.i.k.s.ProofSettings   No proof-settings could be loaded, using defaults java.io.FileNotFoundException: /home/runner/.key/proof-settings.props (No such file or directory)
	at java.base/java.io.FileInputStream.open0(Native Method)

Running test UpdateAbstraction_ex9_secure.key
12:47:50,872 |-INFO in ch.qos.logback.classic.LoggerContext[default] - This is logback-classic version 1.4.5
12:47:50,897 |-INFO in ch.qos.logback.classic.LoggerContext[default] - Could NOT find resource [logback-test.xml]
12:47:50,916 |-INFO in ch.qos.logback.classic.LoggerContext[default] - Found resource [logback.xml] at [file:/home/runner/work/key/key/key.core/build/resources/test/logback.xml]
12:47:51,070 |-INFO in ch.qos.logback.core.model.processor.AppenderModelHandler - Processing appender named [STDOUT]
12:47:51,070 |-INFO in ch.qos.logback.core.model.processor.AppenderModelHandler - About to instantiate appender of type [ch.qos.logback.core.ConsoleAppender]
12:47:51,085 |-WARN in ch.qos.logback.core.model.processor.ImplicitModelHandler - Ignoring unknown property [file] in [ch.qos.logback.core.ConsoleAppender]
12:47:51,086 |-WARN in ch.qos.logback.core.model.processor.ImplicitModelHandler - Ignoring unknown property [append] in [ch.qos.logback.core.ConsoleAppender]
12:47:51,086 |-INFO in ch.qos.logback.core.model.processor.ImplicitModelHandler - Assuming default type [ch.qos.logback.classic.encoder.PatternLayoutEncoder] for [encoder] property
12:47:51,109 |-INFO in ch.qos.logback.classic.model.processor.RootLoggerModelHandler - Setting level of ROOT logger to WARN
12:47:51,114 |-INFO in ch.qos.logback.core.model.processor.AppenderRefModelHandler - Attaching appender named [STDOUT] to Logger[ROOT]
12:47:51,114 |-INFO in ch.qos.logback.core.model.processor.DefaultProcessor@24269709 - End of configuration.
12:47:51,115 |-INFO in ch.qos.logback.classic.joran.JoranConfigurator@2aceadd4 - Registering current configuration as safe fallback point

337        WARN  main            d.u.i.k.s.ProofSettings   No proof-settings could be loaded, using defaults java.io.FileNotFoundException: /home/runner/.key/proof-settings.props (No such file or directory)
	at java.base/java.io.FileInputStream.open0(Native Method)

Running test list
12:47:51,563 |-INFO in ch.qos.logback.classic.LoggerContext[default] - This is logback-classic version 1.4.5
12:47:51,598 |-INFO in ch.qos.logback.classic.LoggerContext[default] - Could NOT find resource [logback-test.xml]
12:47:51,616 |-INFO in ch.qos.logback.classic.LoggerContext[default] - Found resource [logback.xml] at [file:/home/runner/work/key/key/key.core/build/resources/test/logback.xml]
12:47:51,792 |-INFO in ch.qos.logback.core.model.processor.AppenderModelHandler - Processing appender named [STDOUT]
12:47:51,792 |-INFO in ch.qos.logback.core.model.processor.AppenderModelHandler - About to instantiate appender of type [ch.qos.logback.core.ConsoleAppender]
12:47:51,810 |-WARN in ch.qos.logback.core.model.processor.ImplicitModelHandler - Ignoring unknown property [file] in [ch.qos.logback.core.ConsoleAppender]
12:47:51,810 |-WARN in ch.qos.logback.core.model.processor.ImplicitModelHandler - Ignoring unknown property [append] in [ch.qos.logback.core.ConsoleAppender]
12:47:51,811 |-INFO in ch.qos.logback.core.model.processor.ImplicitModelHandler - Assuming default type [ch.qos.logback.classic.encoder.PatternLayoutEncoder] for [encoder] property
12:47:51,829 |-INFO in ch.qos.logback.classic.model.processor.RootLoggerModelHandler - Setting level of ROOT logger to WARN
12:47:51,834 |-INFO in ch.qos.logback.core.model.processor.AppenderRefModelHandler - Attaching appender named [STDOUT] to Logger[ROOT]
12:47:51,835 |-INFO in ch.qos.logback.core.model.processor.DefaultProcessor@24269709 - End of configuration.
12:47:51,835 |-INFO in ch.qos.logback.classic.joran.JoranConfigurator@2aceadd4 - Registering current configuration as safe fallback point

376        WARN  main            d.u.i.k.s.ProofSettings   No proof-settings could be loaded, using defaults java.io.FileNotFoundException: /home/runner/.key/proof-settings.props (No such file or directory)
	at java.base/java.io.FileInputStream.open0(Native Method)

Running test list_ghost
12:47:52,498 |-INFO in ch.qos.logback.classic.LoggerContext[default] - This is logback-classic version 1.4.5
12:47:52,529 |-INFO in ch.qos.logback.classic.LoggerContext[default] - Could NOT find resource [logback-test.xml]
12:47:52,550 |-INFO in ch.qos.logback.classic.LoggerContext[default] - Found resource [logback.xml] at [file:/home/runner/work/key/key/key.core/build/resources/test/logback.xml]
12:47:52,707 |-INFO in ch.qos.logback.core.model.processor.AppenderModelHandler - Processing appender named [STDOUT]
12:47:52,707 |-INFO in ch.qos.logback.core.model.processor.AppenderModelHandler - About to instantiate appender of type [ch.qos.logback.core.ConsoleAppender]
12:47:52,726 |-WARN in ch.qos.logback.core.model.processor.ImplicitModelHandler - Ignoring unknown property [file] in [ch.qos.logback.core.ConsoleAppender]
12:47:52,726 |-WARN in ch.qos.logback.core.model.processor.ImplicitModelHandler - Ignoring unknown property [append] in [ch.qos.logback.core.ConsoleAppender]
12:47:52,727 |-INFO in ch.qos.logback.core.model.processor.ImplicitModelHandler - Assuming default type [ch.qos.logback.classic.encoder.PatternLayoutEncoder] for [encoder] property
12:47:52,751 |-INFO in ch.qos.logback.classic.model.processor.RootLoggerModelHandler - Setting level of ROOT logger to WARN
12:47:52,758 |-INFO in ch.qos.logback.core.model.processor.AppenderRefModelHandler - Attaching appender named [STDOUT] to Logger[ROOT]
12:47:52,758 |-INFO in ch.qos.logback.core.model.processor.DefaultProcessor@24269709 - End of configuration.
12:47:52,759 |-INFO in ch.qos.logback.classic.joran.JoranConfigurator@2aceadd4 - Registering current configuration as safe fallback point

367        WARN  main            d.u.i.k.s.ProofSettings   No proof-settings could be loaded, using defaults java.io.FileNotFoundException: /home/runner/.key/proof-settings.props (No such file or directory)
	at java.base/java.io.FileInputStream.open0(Native Method)

Running test list_recursive
12:47:53,310 |-INFO in ch.qos.logback.classic.LoggerContext[default] - This is logback-classic version 1.4.5
12:47:53,338 |-INFO in ch.qos.logback.classic.LoggerContext[default] - Could NOT find resource [logback-test.xml]
12:47:53,356 |-INFO in ch.qos.logback.classic.LoggerContext[default] - Found resource [logback.xml] at [file:/home/runner/work/key/key/key.core/build/resources/test/logback.xml]
12:47:53,501 |-INFO in ch.qos.logback.core.model.processor.AppenderModelHandler - Processing appender named [STDOUT]
12:47:53,502 |-INFO in ch.qos.logback.core.model.processor.AppenderModelHandler - About to instantiate appender of type [ch.qos.logback.core.ConsoleAppender]
12:47:53,517 |-WARN in ch.qos.logback.core.model.processor.ImplicitModelHandler - Ignoring unknown property [file] in [ch.qos.logback.core.ConsoleAppender]
12:47:53,517 |-WARN in ch.qos.logback.core.model.processor.ImplicitModelHandler - Ignoring unknown property [append] in [ch.qos.logback.core.ConsoleAppender]
12:47:53,518 |-INFO in ch.qos.logback.core.model.processor.ImplicitModelHandler - Assuming default type [ch.qos.logback.classic.encoder.PatternLayoutEncoder] for [encoder] property
12:47:53,541 |-INFO in ch.qos.logback.classic.model.processor.RootLoggerModelHandler - Setting level of ROOT logger to WARN
12:47:53,546 |-INFO in ch.qos.logback.core.model.processor.AppenderRefModelHandler - Attaching appender named [STDOUT] to Logger[ROOT]
12:47:53,547 |-INFO in ch.qos.logback.core.model.processor.DefaultProcessor@24269709 - End of configuration.
12:47:53,547 |-INFO in ch.qos.logback.classic.joran.JoranConfigurator@2aceadd4 - Registering current configuration as safe fallback point

334        WARN  main            d.u.i.k.s.ProofSettings   No proof-settings could be loaded, using defaults java.io.FileNotFoundException: /home/runner/.key/proof-settings.props (No such file or directory)
	at java.base/java.io.FileInputStream.open0(Native Method)

Running test list_seq
12:47:54,047 |-INFO in ch.qos.logback.classic.LoggerContext[default] - This is logback-classic version 1.4.5
12:47:54,088 |-INFO in ch.qos.logback.classic.LoggerContext[default] - Could NOT find resource [logback-test.xml]
12:47:54,106 |-INFO in ch.qos.logback.classic.LoggerContext[default] - Found resource [logback.xml] at [file:/home/runner/work/key/key/key.core/build/resources/test/logback.xml]
12:47:54,262 |-INFO in ch.qos.logback.core.model.processor.AppenderModelHandler - Processing appender named [STDOUT]
12:47:54,262 |-INFO in ch.qos.logback.core.model.processor.AppenderModelHandler - About to instantiate appender of type [ch.qos.logback.core.ConsoleAppender]
12:47:54,276 |-WARN in ch.qos.logback.core.model.processor.ImplicitModelHandler - Ignoring unknown property [file] in [ch.qos.logback.core.ConsoleAppender]
12:47:54,277 |-WARN in ch.qos.logback.core.model.processor.ImplicitModelHandler - Ignoring unknown property [append] in [ch.qos.logback.core.ConsoleAppender]
12:47:54,277 |-INFO in ch.qos.logback.core.model.processor.ImplicitModelHandler - Assuming default type [ch.qos.logback.classic.encoder.PatternLayoutEncoder] for [encoder] property
12:47:54,297 |-INFO in ch.qos.logback.classic.model.processor.RootLoggerModelHandler - Setting level of ROOT logger to WARN
12:47:54,303 |-INFO in ch.qos.logback.core.model.processor.AppenderRefModelHandler - Attaching appender named [STDOUT] to Logger[ROOT]
12:47:54,304 |-INFO in ch.qos.logback.core.model.processor.DefaultProcessor@24269709 - End of configuration.
12:47:54,304 |-INFO in ch.qos.logback.classic.joran.JoranConfigurator@2aceadd4 - Registering current configuration as safe fallback point

409        WARN  main            d.u.i.k.s.ProofSettings   No proof-settings could be loaded, using defaults java.io.FileNotFoundException: /home/runner/.key/proof-settings.props (No such file or directory)
	at java.base/java.io.FileInputStream.open0(Native Method)

Running test observer
12:47:54,836 |-INFO in ch.qos.logback.classic.LoggerContext[default] - This is logback-classic version 1.4.5
12:47:54,862 |-INFO in ch.qos.logback.classic.LoggerContext[default] - Could NOT find resource [logback-test.xml]
12:47:54,889 |-INFO in ch.qos.logback.classic.LoggerContext[default] - Found resource [logback.xml] at [file:/home/runner/work/key/key/key.core/build/resources/test/logback.xml]
12:47:55,054 |-INFO in ch.qos.logback.core.model.processor.AppenderModelHandler - Processing appender named [STDOUT]
12:47:55,055 |-INFO in ch.qos.logback.core.model.processor.AppenderModelHandler - About to instantiate appender of type [ch.qos.logback.core.ConsoleAppender]
12:47:55,069 |-WARN in ch.qos.logback.core.model.processor.ImplicitModelHandler - Ignoring unknown property [file] in [ch.qos.logback.core.ConsoleAppender]
12:47:55,069 |-WARN in ch.qos.logback.core.model.processor.ImplicitModelHandler - Ignoring unknown property [append] in [ch.qos.logback.core.ConsoleAppender]
12:47:55,070 |-INFO in ch.qos.logback.core.model.processor.ImplicitModelHandler - Assuming default type [ch.qos.logback.classic.encoder.PatternLayoutEncoder] for [encoder] property
12:47:55,092 |-INFO in ch.qos.logback.classic.model.processor.RootLoggerModelHandler - Setting level of ROOT logger to WARN
12:47:55,096 |-INFO in ch.qos.logback.core.model.processor.AppenderRefModelHandler - Attaching appender named [STDOUT] to Logger[ROOT]
12:47:55,097 |-INFO in ch.qos.logback.core.model.processor.DefaultProcessor@24269709 - End of configuration.
12:47:55,097 |-INFO in ch.qos.logback.classic.joran.JoranConfigurator@2aceadd4 - Registering current configuration as safe fallback point

355        WARN  main            d.u.i.k.s.ProofSettings   No proof-settings could be loaded, using defaults java.io.FileNotFoundException: /home/runner/.key/proof-settings.props (No such file or directory)
	at java.base/java.io.FileInputStream.open0(Native Method)

Running test removeDups
12:47:55,632 |-INFO in ch.qos.logback.classic.LoggerContext[default] - This is logback-classic version 1.4.5
12:47:55,662 |-INFO in ch.qos.logback.classic.LoggerContext[default] - Could NOT find resource [logback-test.xml]
12:47:55,688 |-INFO in ch.qos.logback.classic.LoggerContext[default] - Found resource [logback.xml] at [file:/home/runner/work/key/key/key.core/build/resources/test/logback.xml]
12:47:55,827 |-INFO in ch.qos.logback.core.model.processor.AppenderModelHandler - Processing appender named [STDOUT]
12:47:55,827 |-INFO in ch.qos.logback.core.model.processor.AppenderModelHandler - About to instantiate appender of type [ch.qos.logback.core.ConsoleAppender]
12:47:55,841 |-WARN in ch.qos.logback.core.model.processor.ImplicitModelHandler - Ignoring unknown property [file] in [ch.qos.logback.core.ConsoleAppender]
12:47:55,841 |-WARN in ch.qos.logback.core.model.processor.ImplicitModelHandler - Ignoring unknown property [append] in [ch.qos.logback.core.ConsoleAppender]
12:47:55,842 |-INFO in ch.qos.logback.core.model.processor.ImplicitModelHandler - Assuming default type [ch.qos.logback.classic.encoder.PatternLayoutEncoder] for [encoder] property
12:47:55,862 |-INFO in ch.qos.logback.classic.model.processor.RootLoggerModelHandler - Setting level of ROOT logger to WARN
12:47:55,867 |-INFO in ch.qos.logback.core.model.processor.AppenderRefModelHandler - Attaching appender named [STDOUT] to Logger[ROOT]
12:47:55,867 |-INFO in ch.qos.logback.core.model.processor.DefaultProcessor@24269709 - End of configuration.
12:47:55,868 |-INFO in ch.qos.logback.classic.joran.JoranConfigurator@2aceadd4 - Registering current configuration as safe fallback point

359        WARN  main            d.u.i.k.s.ProofSettings   No proof-settings could be loaded, using defaults java.io.FileNotFoundException: /home/runner/.key/proof-settings.props (No such file or directory)
	at java.base/java.io.FileInputStream.open0(Native Method)

Running test Saddleback_search.key
12:47:56,382 |-INFO in ch.qos.logback.classic.LoggerContext[default] - This is logback-classic version 1.4.5
12:47:56,409 |-INFO in ch.qos.logback.classic.LoggerContext[default] - Could NOT find resource [logback-test.xml]
12:47:56,431 |-INFO in ch.qos.logback.classic.LoggerContext[default] - Found resource [logback.xml] at [file:/home/runner/work/key/key/key.core/build/resources/test/logback.xml]
12:47:56,598 |-INFO in ch.qos.logback.core.model.processor.AppenderModelHandler - Processing appender named [STDOUT]
12:47:56,598 |-INFO in ch.qos.logback.core.model.processor.AppenderModelHandler - About to instantiate appender of type [ch.qos.logback.core.ConsoleAppender]
12:47:56,613 |-WARN in ch.qos.logback.core.model.processor.ImplicitModelHandler - Ignoring unknown property [file] in [ch.qos.logback.core.ConsoleAppender]
12:47:56,614 |-WARN in ch.qos.logback.core.model.processor.ImplicitModelHandler - Ignoring unknown property [append] in [ch.qos.logback.core.ConsoleAppender]
12:47:56,614 |-INFO in ch.qos.logback.core.model.processor.ImplicitModelHandler - Assuming default type [ch.qos.logback.classic.encoder.PatternLayoutEncoder] for [encoder] property
12:47:56,634 |-INFO in ch.qos.logback.classic.model.processor.RootLoggerModelHandler - Setting level of ROOT logger to WARN
12:47:56,639 |-INFO in ch.qos.logback.core.model.processor.AppenderRefModelHandler - Attaching appender named [STDOUT] to Logger[ROOT]
12:47:56,639 |-INFO in ch.qos.logback.core.model.processor.DefaultProcessor@2aceadd4 - End of configuration.
12:47:56,640 |-INFO in ch.qos.logback.classic.joran.JoranConfigurator@24aed80c - Registering current configuration as safe fallback point

366        WARN  main            d.u.i.k.s.ProofSettings   No proof-settings could be loaded, using defaults java.io.FileNotFoundException: /home/runner/.key/proof-settings.props (No such file or directory)
	at java.base/java.io.FileInputStream.open0(Native Method)

Running test quicksort
12:47:57,100 |-INFO in ch.qos.logback.classic.LoggerContext[default] - This is logback-classic version 1.4.5
12:47:57,126 |-INFO in ch.qos.logback.classic.LoggerContext[default] - Could NOT find resource [logback-test.xml]
12:47:57,146 |-INFO in ch.qos.logback.classic.LoggerContext[default] - Found resource [logback.xml] at [file:/home/runner/work/key/key/key.core/build/resources/test/logback.xml]
12:47:57,313 |-INFO in ch.qos.logback.core.model.processor.AppenderModelHandler - Processing appender named [STDOUT]
12:47:57,314 |-INFO in ch.qos.logback.core.model.processor.AppenderModelHandler - About to instantiate appender of type [ch.qos.logback.core.ConsoleAppender]
12:47:57,327 |-WARN in ch.qos.logback.core.model.processor.ImplicitModelHandler - Ignoring unknown property [file] in [ch.qos.logback.core.ConsoleAppender]
12:47:57,327 |-WARN in ch.qos.logback.core.model.processor.ImplicitModelHandler - Ignoring unknown property [append] in [ch.qos.logback.core.ConsoleAppender]
12:47:57,329 |-INFO in ch.qos.logback.core.model.processor.ImplicitModelHandler - Assuming default type [ch.qos.logback.classic.encoder.PatternLayoutEncoder] for [encoder] property
12:47:57,347 |-INFO in ch.qos.logback.classic.model.processor.RootLoggerModelHandler - Setting level of ROOT logger to WARN
12:47:57,351 |-INFO in ch.qos.logback.core.model.processor.AppenderRefModelHandler - Attaching appender named [STDOUT] to Logger[ROOT]
12:47:57,352 |-INFO in ch.qos.logback.core.model.processor.DefaultProcessor@24269709 - End of configuration.
12:47:57,352 |-INFO in ch.qos.logback.classic.joran.JoranConfigurator@2aceadd4 - Registering current configuration as safe fallback point

410        WARN  main            d.u.i.k.s.ProofSettings   No proof-settings could be loaded, using defaults java.io.FileNotFoundException: /home/runner/.key/proof-settings.props (No such file or directory)
	at java.base/java.io.FileInputStream.open0(Native Method)

Running test simpleTests
12:47:57,916 |-INFO in ch.qos.logback.classic.LoggerContext[default] - This is logback-classic version 1.4.5
12:47:57,943 |-INFO in ch.qos.logback.classic.LoggerContext[default] - Could NOT find resource [logback-test.xml]
12:47:57,963 |-INFO in ch.qos.logback.classic.LoggerContext[default] - Found resource [logback.xml] at [file:/home/runner/work/key/key/key.core/build/resources/test/logback.xml]
12:47:58,110 |-INFO in ch.qos.logback.core.model.processor.AppenderModelHandler - Processing appender named [STDOUT]
12:47:58,110 |-INFO in ch.qos.logback.core.model.processor.AppenderModelHandler - About to instantiate appender of type [ch.qos.logback.core.ConsoleAppender]
12:47:58,126 |-WARN in ch.qos.logback.core.model.processor.ImplicitModelHandler - Ignoring unknown property [file] in [ch.qos.logback.core.ConsoleAppender]
12:47:58,126 |-WARN in ch.qos.logback.core.model.processor.ImplicitModelHandler - Ignoring unknown property [append] in [ch.qos.logback.core.ConsoleAppender]
12:47:58,127 |-INFO in ch.qos.logback.core.model.processor.ImplicitModelHandler - Assuming default type [ch.qos.logback.classic.encoder.PatternLayoutEncoder] for [encoder] property
12:47:58,148 |-INFO in ch.qos.logback.classic.model.processor.RootLoggerModelHandler - Setting level of ROOT logger to WARN
12:47:58,153 |-INFO in ch.qos.logback.core.model.processor.AppenderRefModelHandler - Attaching appender named [STDOUT] to Logger[ROOT]
12:47:58,153 |-INFO in ch.qos.logback.core.model.processor.DefaultProcessor@24269709 - End of configuration.
12:47:58,154 |-INFO in ch.qos.logback.classic.joran.JoranConfigurator@2aceadd4 - Registering current configuration as safe fallback point

354        WARN  main            d.u.i.k.s.ProofSettings   No proof-settings could be loaded, using defaults java.io.FileNotFoundException: /home/runner/.key/proof-settings.props (No such file or directory)
	at java.base/java.io.FileInputStream.open0(Native Method)

Running test SmansEtAl
12:47:58,716 |-INFO in ch.qos.logback.classic.LoggerContext[default] - This is logback-classic version 1.4.5
12:47:58,751 |-INFO in ch.qos.logback.classic.LoggerContext[default] - Could NOT find resource [logback-test.xml]
12:47:58,776 |-INFO in ch.qos.logback.classic.LoggerContext[default] - Found resource [logback.xml] at [file:/home/runner/work/key/key/key.core/build/resources/test/logback.xml]
12:47:58,972 |-INFO in ch.qos.logback.core.model.processor.AppenderModelHandler - Processing appender named [STDOUT]
12:47:58,972 |-INFO in ch.qos.logback.core.model.processor.AppenderModelHandler - About to instantiate appender of type [ch.qos.logback.core.ConsoleAppender]
12:47:58,985 |-WARN in ch.qos.logback.core.model.processor.ImplicitModelHandler - Ignoring unknown property [file] in [ch.qos.logback.core.ConsoleAppender]
12:47:58,985 |-WARN in ch.qos.logback.core.model.processor.ImplicitModelHandler - Ignoring unknown property [append] in [ch.qos.logback.core.ConsoleAppender]
12:47:58,986 |-INFO in ch.qos.logback.core.model.processor.ImplicitModelHandler - Assuming default type [ch.qos.logback.classic.encoder.PatternLayoutEncoder] for [encoder] property
12:47:59,005 |-INFO in ch.qos.logback.classic.model.processor.RootLoggerModelHandler - Setting level of ROOT logger to WARN
12:47:59,010 |-INFO in ch.qos.logback.core.model.processor.AppenderRefModelHandler - Attaching appender named [STDOUT] to Logger[ROOT]
12:47:59,010 |-INFO in ch.qos.logback.core.model.processor.DefaultProcessor@24269709 - End of configuration.
12:47:59,011 |-INFO in ch.qos.logback.classic.joran.JoranConfigurator@2aceadd4 - Registering current configuration as safe fallback point

391        WARN  main            d.u.i.k.s.ProofSettings   No proof-settings could be loaded, using defaults java.io.FileNotFoundException: /home/runner/.key/proof-settings.props (No such file or directory)
	at java.base/java.io.FileInputStream.open0(Native Method)

Running test VACID0
12:47:59,641 |-INFO in ch.qos.logback.classic.LoggerContext[default] - This is logback-classic version 1.4.5
12:47:59,668 |-INFO in ch.qos.logback.classic.LoggerContext[default] - Could NOT find resource [logback-test.xml]
12:47:59,685 |-INFO in ch.qos.logback.classic.LoggerContext[default] - Found resource [logback.xml] at [file:/home/runner/work/key/key/key.core/build/resources/test/logback.xml]
12:47:59,829 |-INFO in ch.qos.logback.core.model.processor.AppenderModelHandler - Processing appender named [STDOUT]
12:47:59,829 |-INFO in ch.qos.logback.core.model.processor.AppenderModelHandler - About to instantiate appender of type [ch.qos.logback.core.ConsoleAppender]
12:47:59,850 |-WARN in ch.qos.logback.core.model.processor.ImplicitModelHandler - Ignoring unknown property [file] in [ch.qos.logback.core.ConsoleAppender]
12:47:59,850 |-WARN in ch.qos.logback.core.model.processor.ImplicitModelHandler - Ignoring unknown property [append] in [ch.qos.logback.core.ConsoleAppender]
12:47:59,851 |-INFO in ch.qos.logback.core.model.processor.ImplicitModelHandler - Assuming default type [ch.qos.logback.classic.encoder.PatternLayoutEncoder] for [encoder] property
12:47:59,884 |-INFO in ch.qos.logback.classic.model.processor.RootLoggerModelHandler - Setting level of ROOT logger to WARN
12:47:59,897 |-INFO in ch.qos.logback.core.model.processor.AppenderRefModelHandler - Attaching appender named [STDOUT] to Logger[ROOT]
12:47:59,897 |-INFO in ch.qos.logback.core.model.processor.DefaultProcessor@24269709 - End of configuration.
12:47:59,898 |-INFO in ch.qos.logback.classic.joran.JoranConfigurator@2aceadd4 - Registering current configuration as safe fallback point

402        WARN  main            d.u.i.k.s.ProofSettings   No proof-settings could be loaded, using defaults java.io.FileNotFoundException: /home/runner/.key/proof-settings.props (No such file or directory)
	at java.base/java.io.FileInputStream.open0(Native Method)

Running test VSTTE10
12:48:00,434 |-INFO in ch.qos.logback.classic.LoggerContext[default] - This is logback-classic version 1.4.5
12:48:00,459 |-INFO in ch.qos.logback.classic.LoggerContext[default] - Could NOT find resource [logback-test.xml]
12:48:00,477 |-INFO in ch.qos.logback.classic.LoggerContext[default] - Found resource [logback.xml] at [file:/home/runner/work/key/key/key.core/build/resources/test/logback.xml]
12:48:00,642 |-INFO in ch.qos.logback.core.model.processor.AppenderModelHandler - Processing appender named [STDOUT]
12:48:00,642 |-INFO in ch.qos.logback.core.model.processor.AppenderModelHandler - About to instantiate appender of type [ch.qos.logback.core.ConsoleAppender]
12:48:00,657 |-WARN in ch.qos.logback.core.model.processor.ImplicitModelHandler - Ignoring unknown property [file] in [ch.qos.logback.core.ConsoleAppender]
12:48:00,657 |-WARN in ch.qos.logback.core.model.processor.ImplicitModelHandler - Ignoring unknown property [append] in [ch.qos.logback.core.ConsoleAppender]
12:48:00,658 |-INFO in ch.qos.logback.core.model.processor.ImplicitModelHandler - Assuming default type [ch.qos.logback.classic.encoder.PatternLayoutEncoder] for [encoder] property
12:48:00,682 |-INFO in ch.qos.logback.classic.model.processor.RootLoggerModelHandler - Setting level of ROOT logger to WARN
12:48:00,687 |-INFO in ch.qos.logback.core.model.processor.AppenderRefModelHandler - Attaching appender named [STDOUT] to Logger[ROOT]
12:48:00,687 |-INFO in ch.qos.logback.core.model.processor.DefaultProcessor@24269709 - End of configuration.
12:48:00,688 |-INFO in ch.qos.logback.classic.joran.JoranConfigurator@2aceadd4 - Registering current configuration as safe fallback point

355        WARN  main            d.u.i.k.s.ProofSettings   No proof-settings could be loaded, using defaults java.io.FileNotFoundException: /home/runner/.key/proof-settings.props (No such file or directory)
	at java.base/java.io.FileInputStream.open0(Native Method)

Running test WeideEtAl
12:48:01,276 |-INFO in ch.qos.logback.classic.LoggerContext[default] - This is logback-classic version 1.4.5
12:48:01,308 |-INFO in ch.qos.logback.classic.LoggerContext[default] - Could NOT find resource [logback-test.xml]
12:48:01,325 |-INFO in ch.qos.logback.classic.LoggerContext[default] - Found resource [logback.xml] at [file:/home/runner/work/key/key/key.core/build/resources/test/logback.xml]
12:48:01,489 |-INFO in ch.qos.logback.core.model.processor.AppenderModelHandler - Processing appender named [STDOUT]
12:48:01,489 |-INFO in ch.qos.logback.core.model.processor.AppenderModelHandler - About to instantiate appender of type [ch.qos.logback.core.ConsoleAppender]
12:48:01,505 |-WARN in ch.qos.logback.core.model.processor.ImplicitModelHandler - Ignoring unknown property [file] in [ch.qos.logback.core.ConsoleAppender]
12:48:01,505 |-WARN in ch.qos.logback.core.model.processor.ImplicitModelHandler - Ignoring unknown property [append] in [ch.qos.logback.core.ConsoleAppender]
12:48:01,506 |-INFO in ch.qos.logback.core.model.processor.ImplicitModelHandler - Assuming default type [ch.qos.logback.classic.encoder.PatternLayoutEncoder] for [encoder] property
12:48:01,526 |-INFO in ch.qos.logback.classic.model.processor.RootLoggerModelHandler - Setting level of ROOT logger to WARN
12:48:01,530 |-INFO in ch.qos.logback.core.model.processor.AppenderRefModelHandler - Attaching appender named [STDOUT] to Logger[ROOT]
12:48:01,531 |-INFO in ch.qos.logback.core.model.processor.DefaultProcessor@24269709 - End of configuration.
12:48:01,532 |-INFO in ch.qos.logback.classic.joran.JoranConfigurator@2aceadd4 - Registering current configuration as safe fallback point

357        WARN  main            d.u.i.k.s.ProofSettings   No proof-settings could be loaded, using defaults java.io.FileNotFoundException: /home/runner/.key/proof-settings.props (No such file or directory)
	at java.base/java.io.FileInputStream.open0(Native Method)

Running test arithmetic
12:48:02,012 |-INFO in ch.qos.logback.classic.LoggerContext[default] - This is logback-classic version 1.4.5
12:48:02,036 |-INFO in ch.qos.logback.classic.LoggerContext[default] - Could NOT find resource [logback-test.xml]
12:48:02,055 |-INFO in ch.qos.logback.classic.LoggerContext[default] - Found resource [logback.xml] at [file:/home/runner/work/key/key/key.core/build/resources/test/logback.xml]
12:48:02,219 |-INFO in ch.qos.logback.core.model.processor.AppenderModelHandler - Processing appender named [STDOUT]
12:48:02,219 |-INFO in ch.qos.logback.core.model.processor.AppenderModelHandler - About to instantiate appender of type [ch.qos.logback.core.ConsoleAppender]
12:48:02,236 |-WARN in ch.qos.logback.core.model.processor.ImplicitModelHandler - Ignoring unknown property [file] in [ch.qos.logback.core.ConsoleAppender]
12:48:02,236 |-WARN in ch.qos.logback.core.model.processor.ImplicitModelHandler - Ignoring unknown property [append] in [ch.qos.logback.core.ConsoleAppender]
12:48:02,237 |-INFO in ch.qos.logback.core.model.processor.ImplicitModelHandler - Assuming default type [ch.qos.logback.classic.encoder.PatternLayoutEncoder] for [encoder] property
12:48:02,264 |-INFO in ch.qos.logback.classic.model.processor.RootLoggerModelHandler - Setting level of ROOT logger to WARN
12:48:02,275 |-INFO in ch.qos.logback.core.model.processor.AppenderRefModelHandler - Attaching appender named [STDOUT] to Logger[ROOT]
12:48:02,275 |-INFO in ch.qos.logback.core.model.processor.DefaultProcessor@24269709 - End of configuration.
12:48:02,276 |-INFO in ch.qos.logback.classic.joran.JoranConfigurator@2aceadd4 - Registering current configuration as safe fallback point

404        WARN  main            d.u.i.k.s.ProofSettings   No proof-settings could be loaded, using defaults java.io.FileNotFoundException: /home/runner/.key/proof-settings.props (No such file or directory)
	at java.base/java.io.FileInputStream.open0(Native Method)

Running test arrays
12:48:03,081 |-INFO in ch.qos.logback.classic.LoggerContext[default] - This is logback-classic version 1.4.5
12:48:03,109 |-INFO in ch.qos.logback.classic.LoggerContext[default] - Could NOT find resource [logback-test.xml]
12:48:03,127 |-INFO in ch.qos.logback.classic.LoggerContext[default] - Found resource [logback.xml] at [file:/home/runner/work/key/key/key.core/build/resources/test/logback.xml]
12:48:03,305 |-INFO in ch.qos.logback.core.model.processor.AppenderModelHandler - Processing appender named [STDOUT]
12:48:03,305 |-INFO in ch.qos.logback.core.model.processor.AppenderModelHandler - About to instantiate appender of type [ch.qos.logback.core.ConsoleAppender]
12:48:03,326 |-WARN in ch.qos.logback.core.model.processor.ImplicitModelHandler - Ignoring unknown property [file] in [ch.qos.logback.core.ConsoleAppender]
12:48:03,326 |-WARN in ch.qos.logback.core.model.processor.ImplicitModelHandler - Ignoring unknown property [append] in [ch.qos.logback.core.ConsoleAppender]
12:48:03,327 |-INFO in ch.qos.logback.core.model.processor.ImplicitModelHandler - Assuming default type [ch.qos.logback.classic.encoder.PatternLayoutEncoder] for [encoder] property
12:48:03,348 |-INFO in ch.qos.logback.classic.model.processor.RootLoggerModelHandler - Setting level of ROOT logger to WARN
12:48:03,352 |-INFO in ch.qos.logback.core.model.processor.AppenderRefModelHandler - Attaching appender named [STDOUT] to Logger[ROOT]
12:48:03,353 |-INFO in ch.qos.logback.core.model.processor.DefaultProcessor@24269709 - End of configuration.
12:48:03,353 |-INFO in ch.qos.logback.classic.joran.JoranConfigurator@2aceadd4 - Registering current configuration as safe fallback point

392        WARN  main            d.u.i.k.s.ProofSettings   No proof-settings could be loaded, using defaults java.io.FileNotFoundException: /home/runner/.key/proof-settings.props (No such file or directory)
	at java.base/java.io.FileInputStream.open0(Native Method)

Running test javadl
12:48:03,924 |-INFO in ch.qos.logback.classic.LoggerContext[default] - This is logback-classic version 1.4.5
12:48:03,951 |-INFO in ch.qos.logback.classic.LoggerContext[default] - Could NOT find resource [logback-test.xml]
12:48:03,972 |-INFO in ch.qos.logback.classic.LoggerContext[default] - Found resource [logback.xml] at [file:/home/runner/work/key/key/key.core/build/resources/test/logback.xml]
12:48:04,132 |-INFO in ch.qos.logback.core.model.processor.AppenderModelHandler - Processing appender named [STDOUT]
12:48:04,133 |-INFO in ch.qos.logback.core.model.processor.AppenderModelHandler - About to instantiate appender of type [ch.qos.logback.core.ConsoleAppender]
12:48:04,147 |-WARN in ch.qos.logback.core.model.processor.ImplicitModelHandler - Ignoring unknown property [file] in [ch.qos.logback.core.ConsoleAppender]
12:48:04,147 |-WARN in ch.qos.logback.core.model.processor.ImplicitModelHandler - Ignoring unknown property [append] in [ch.qos.logback.core.ConsoleAppender]
12:48:04,148 |-INFO in ch.qos.logback.core.model.processor.ImplicitModelHandler - Assuming default type [ch.qos.logback.classic.encoder.PatternLayoutEncoder] for [encoder] property
12:48:04,167 |-INFO in ch.qos.logback.classic.model.processor.RootLoggerModelHandler - Setting level of ROOT logger to WARN
12:48:04,173 |-INFO in ch.qos.logback.core.model.processor.AppenderRefModelHandler - Attaching appender named [STDOUT] to Logger[ROOT]
12:48:04,173 |-INFO in ch.qos.logback.core.model.processor.DefaultProcessor@24269709 - End of configuration.
12:48:04,174 |-INFO in ch.qos.logback.classic.joran.JoranConfigurator@2aceadd4 - Registering current configuration as safe fallback point

357        WARN  main            d.u.i.k.s.ProofSettings   No proof-settings could be loaded, using defaults java.io.FileNotFoundException: /home/runner/.key/proof-settings.props (No such file or directory)
	at java.base/java.io.FileInputStream.open0(Native Method)

Running test FOL
12:48:04,994 |-INFO in ch.qos.logback.classic.LoggerContext[default] - This is logback-classic version 1.4.5
12:48:05,020 |-INFO in ch.qos.logback.classic.LoggerContext[default] - Could NOT find resource [logback-test.xml]
12:48:05,047 |-INFO in ch.qos.logback.classic.LoggerContext[default] - Found resource [logback.xml] at [file:/home/runner/work/key/key/key.core/build/resources/test/logback.xml]
12:48:05,211 |-INFO in ch.qos.logback.core.model.processor.AppenderModelHandler - Processing appender named [STDOUT]
12:48:05,211 |-INFO in ch.qos.logback.core.model.processor.AppenderModelHandler - About to instantiate appender of type [ch.qos.logback.core.ConsoleAppender]
12:48:05,226 |-WARN in ch.qos.logback.core.model.processor.ImplicitModelHandler - Ignoring unknown property [file] in [ch.qos.logback.core.ConsoleAppender]
12:48:05,226 |-WARN in ch.qos.logback.core.model.processor.ImplicitModelHandler - Ignoring unknown property [append] in [ch.qos.logback.core.ConsoleAppender]
12:48:05,227 |-INFO in ch.qos.logback.core.model.processor.ImplicitModelHandler - Assuming default type [ch.qos.logback.classic.encoder.PatternLayoutEncoder] for [encoder] property
12:48:05,246 |-INFO in ch.qos.logback.classic.model.processor.RootLoggerModelHandler - Setting level of ROOT logger to WARN
12:48:05,250 |-INFO in ch.qos.logback.core.model.processor.AppenderRefModelHandler - Attaching appender named [STDOUT] to Logger[ROOT]
12:48:05,251 |-INFO in ch.qos.logback.core.model.processor.DefaultProcessor@24269709 - End of configuration.
12:48:05,252 |-INFO in ch.qos.logback.classic.joran.JoranConfigurator@2aceadd4 - Registering current configuration as safe fallback point

364        WARN  main            d.u.i.k.s.ProofSettings   No proof-settings could be loaded, using defaults java.io.FileNotFoundException: /home/runner/.key/proof-settings.props (No such file or directory)
	at java.base/java.io.FileInputStream.open0(Native Method)

Running test strings
12:48:06,034 |-INFO in ch.qos.logback.classic.LoggerContext[default] - This is logback-classic version 1.4.5
12:48:06,063 |-INFO in ch.qos.logback.classic.LoggerContext[default] - Could NOT find resource [logback-test.xml]
12:48:06,081 |-INFO in ch.qos.logback.classic.LoggerContext[default] - Found resource [logback.xml] at [file:/home/runner/work/key/key/key.core/build/resources/test/logback.xml]
12:48:06,212 |-INFO in ch.qos.logback.core.model.processor.AppenderModelHandler - Processing appender named [STDOUT]
12:48:06,212 |-INFO in ch.qos.logback.core.model.processor.AppenderModelHandler - About to instantiate appender of type [ch.qos.logback.core.ConsoleAppender]
12:48:06,227 |-WARN in ch.qos.logback.core.model.processor.ImplicitModelHandler - Ignoring unknown property [file] in [ch.qos.logback.core.ConsoleAppender]
12:48:06,227 |-WARN in ch.qos.logback.core.model.processor.ImplicitModelHandler - Ignoring unknown property [append] in [ch.qos.logback.core.ConsoleAppender]
12:48:06,228 |-INFO in ch.qos.logback.core.model.processor.ImplicitModelHandler - Assuming default type [ch.qos.logback.classic.encoder.PatternLayoutEncoder] for [encoder] property
12:48:06,252 |-INFO in ch.qos.logback.classic.model.processor.RootLoggerModelHandler - Setting level of ROOT logger to WARN
12:48:06,256 |-INFO in ch.qos.logback.core.model.processor.AppenderRefModelHandler - Attaching appender named [STDOUT] to Logger[ROOT]
12:48:06,257 |-INFO in ch.qos.logback.core.model.processor.DefaultProcessor@2aceadd4 - End of configuration.
12:48:06,257 |-INFO in ch.qos.logback.classic.joran.JoranConfigurator@24aed80c - Registering current configuration as safe fallback point

358        WARN  main            d.u.i.k.s.ProofSettings   No proof-settings could be loaded, using defaults java.io.FileNotFoundException: /home/runner/.key/proof-settings.props (No such file or directory)
	at java.base/java.io.FileInputStream.open0(Native Method)

Running test simple_info_flow
12:48:06,787 |-INFO in ch.qos.logback.classic.LoggerContext[default] - This is logback-classic version 1.4.5
12:48:06,815 |-INFO in ch.qos.logback.classic.LoggerContext[default] - Could NOT find resource [logback-test.xml]
12:48:06,838 |-INFO in ch.qos.logback.classic.LoggerContext[default] - Found resource [logback.xml] at [file:/home/runner/work/key/key/key.core/build/resources/test/logback.xml]
12:48:07,002 |-INFO in ch.qos.logback.core.model.processor.AppenderModelHandler - Processing appender named [STDOUT]
12:48:07,002 |-INFO in ch.qos.logback.core.model.processor.AppenderModelHandler - About to instantiate appender of type [ch.qos.logback.core.ConsoleAppender]
12:48:07,017 |-WARN in ch.qos.logback.core.model.processor.ImplicitModelHandler - Ignoring unknown property [file] in [ch.qos.logback.core.ConsoleAppender]
12:48:07,017 |-WARN in ch.qos.logback.core.model.processor.ImplicitModelHandler - Ignoring unknown property [append] in [ch.qos.logback.core.ConsoleAppender]
12:48:07,018 |-INFO in ch.qos.logback.core.model.processor.ImplicitModelHandler - Assuming default type [ch.qos.logback.classic.encoder.PatternLayoutEncoder] for [encoder] property
12:48:07,037 |-INFO in ch.qos.logback.classic.model.processor.RootLoggerModelHandler - Setting level of ROOT logger to WARN
12:48:07,041 |-INFO in ch.qos.logback.core.model.processor.AppenderRefModelHandler - Attaching appender named [STDOUT] to Logger[ROOT]
12:48:07,042 |-INFO in ch.qos.logback.core.model.processor.DefaultProcessor@24269709 - End of configuration.
12:48:07,042 |-INFO in ch.qos.logback.classic.joran.JoranConfigurator@2aceadd4 - Registering current configuration as safe fallback point

406        WARN  main            d.u.i.k.s.ProofSettings   No proof-settings could be loaded, using defaults java.io.FileNotFoundException: /home/runner/.key/proof-settings.props (No such file or directory)
	at java.base/java.io.FileInputStream.open0(Native Method)

Running test modelMethods
12:48:07,542 |-INFO in ch.qos.logback.classic.LoggerContext[default] - This is logback-classic version 1.4.5
12:48:07,570 |-INFO in ch.qos.logback.classic.LoggerContext[default] - Could NOT find resource [logback-test.xml]
12:48:07,588 |-INFO in ch.qos.logback.classic.LoggerContext[default] - Found resource [logback.xml] at [file:/home/runner/work/key/key/key.core/build/resources/test/logback.xml]
12:48:07,755 |-INFO in ch.qos.logback.core.model.processor.AppenderModelHandler - Processing appender named [STDOUT]
12:48:07,755 |-INFO in ch.qos.logback.core.model.processor.AppenderModelHandler - About to instantiate appender of type [ch.qos.logback.core.ConsoleAppender]
12:48:07,771 |-WARN in ch.qos.logback.core.model.processor.ImplicitModelHandler - Ignoring unknown property [file] in [ch.qos.logback.core.ConsoleAppender]
12:48:07,771 |-WARN in ch.qos.logback.core.model.processor.ImplicitModelHandler - Ignoring unknown property [append] in [ch.qos.logback.core.ConsoleAppender]
12:48:07,772 |-INFO in ch.qos.logback.core.model.processor.ImplicitModelHandler - Assuming default type [ch.qos.logback.classic.encoder.PatternLayoutEncoder] for [encoder] property
12:48:07,795 |-INFO in ch.qos.logback.classic.model.processor.RootLoggerModelHandler - Setting level of ROOT logger to WARN
12:48:07,800 |-INFO in ch.qos.logback.core.model.processor.AppenderRefModelHandler - Attaching appender named [STDOUT] to Logger[ROOT]
12:48:07,801 |-INFO in ch.qos.logback.core.model.processor.DefaultProcessor@2aceadd4 - End of configuration.
12:48:07,801 |-INFO in ch.qos.logback.classic.joran.JoranConfigurator@24aed80c - Registering current configuration as safe fallback point

361        WARN  main            d.u.i.k.s.ProofSettings   No proof-settings could be loaded, using defaults java.io.FileNotFoundException: /home/runner/.key/proof-settings.props (No such file or directory)
	at java.base/java.io.FileInputStream.open0(Native Method)

Running test permissionHeap
12:48:08,318 |-INFO in ch.qos.logback.classic.LoggerContext[default] - This is logback-classic version 1.4.5
12:48:08,344 |-INFO in ch.qos.logback.classic.LoggerContext[default] - Could NOT find resource [logback-test.xml]
12:48:08,361 |-INFO in ch.qos.logback.classic.LoggerContext[default] - Found resource [logback.xml] at [file:/home/runner/work/key/key/key.core/build/resources/test/logback.xml]
12:48:08,516 |-INFO in ch.qos.logback.core.model.processor.AppenderModelHandler - Processing appender named [STDOUT]
12:48:08,516 |-INFO in ch.qos.logback.core.model.processor.AppenderModelHandler - About to instantiate appender of type [ch.qos.logback.core.ConsoleAppender]
12:48:08,551 |-WARN in ch.qos.logback.core.model.processor.ImplicitModelHandler - Ignoring unknown property [file] in [ch.qos.logback.core.ConsoleAppender]
12:48:08,552 |-WARN in ch.qos.logback.core.model.processor.ImplicitModelHandler - Ignoring unknown property [append] in [ch.qos.logback.core.ConsoleAppender]
12:48:08,552 |-INFO in ch.qos.logback.core.model.processor.ImplicitModelHandler - Assuming default type [ch.qos.logback.classic.encoder.PatternLayoutEncoder] for [encoder] property
12:48:08,572 |-INFO in ch.qos.logback.classic.model.processor.RootLoggerModelHandler - Setting level of ROOT logger to WARN
12:48:08,576 |-INFO in ch.qos.logback.core.model.processor.AppenderRefModelHandler - Attaching appender named [STDOUT] to Logger[ROOT]
12:48:08,577 |-INFO in ch.qos.logback.core.model.processor.DefaultProcessor@24269709 - End of configuration.
12:48:08,577 |-INFO in ch.qos.logback.classic.joran.JoranConfigurator@2aceadd4 - Registering current configuration as safe fallback point

359        WARN  main            d.u.i.k.s.ProofSettings   No proof-settings could be loaded, using defaults java.io.FileNotFoundException: /home/runner/.key/proof-settings.props (No such file or directory)
	at java.base/java.io.FileInputStream.open0(Native Method)

Running test completionScopes
12:48:09,316 |-INFO in ch.qos.logback.classic.LoggerContext[default] - This is logback-classic version 1.4.5
12:48:09,345 |-INFO in ch.qos.logback.classic.LoggerContext[default] - Could NOT find resource [logback-test.xml]
12:48:09,371 |-INFO in ch.qos.logback.classic.LoggerContext[default] - Found resource [logback.xml] at [file:/home/runner/work/key/key/key.core/build/resources/test/logback.xml]
12:48:09,528 |-INFO in ch.qos.logback.core.model.processor.AppenderModelHandler - Processing appender named [STDOUT]
12:48:09,528 |-INFO in ch.qos.logback.core.model.processor.AppenderModelHandler - About to instantiate appender of type [ch.qos.logback.core.ConsoleAppender]
12:48:09,542 |-WARN in ch.qos.logback.core.model.processor.ImplicitModelHandler - Ignoring unknown property [file] in [ch.qos.logback.core.ConsoleAppender]
12:48:09,543 |-WARN in ch.qos.logback.core.model.processor.ImplicitModelHandler - Ignoring unknown property [append] in [ch.qos.logback.core.ConsoleAppender]
12:48:09,543 |-INFO in ch.qos.logback.core.model.processor.ImplicitModelHandler - Assuming default type [ch.qos.logback.classic.encoder.PatternLayoutEncoder] for [encoder] property
12:48:09,562 |-INFO in ch.qos.logback.classic.model.processor.RootLoggerModelHandler - Setting level of ROOT logger to WARN
12:48:09,567 |-INFO in ch.qos.logback.core.model.processor.AppenderRefModelHandler - Attaching appender named [STDOUT] to Logger[ROOT]
12:48:09,567 |-INFO in ch.qos.logback.core.model.processor.DefaultProcessor@24269709 - End of configuration.
12:48:09,568 |-INFO in ch.qos.logback.classic.joran.JoranConfigurator@2aceadd4 - Registering current configuration as safe fallback point

362        WARN  main            d.u.i.k.s.ProofSettings   No proof-settings could be loaded, using defaults java.io.FileNotFoundException: /home/runner/.key/proof-settings.props (No such file or directory)
	at java.base/java.io.FileInputStream.open0(Native Method)

Running test reload_examples
12:48:10,046 |-INFO in ch.qos.logback.classic.LoggerContext[default] - This is logback-classic version 1.4.5
12:48:10,072 |-INFO in ch.qos.logback.classic.LoggerContext[default] - Could NOT find resource [logback-test.xml]
12:48:10,089 |-INFO in ch.qos.logback.classic.LoggerContext[default] - Found resource [logback.xml] at [file:/home/runner/work/key/key/key.core/build/resources/test/logback.xml]
12:48:10,240 |-INFO in ch.qos.logback.core.model.processor.AppenderModelHandler - Processing appender named [STDOUT]
12:48:10,240 |-INFO in ch.qos.logback.core.model.processor.AppenderModelHandler - About to instantiate appender of type [ch.qos.logback.core.ConsoleAppender]
12:48:10,255 |-WARN in ch.qos.logback.core.model.processor.ImplicitModelHandler - Ignoring unknown property [file] in [ch.qos.logback.core.ConsoleAppender]
12:48:10,255 |-WARN in ch.qos.logback.core.model.processor.ImplicitModelHandler - Ignoring unknown property [append] in [ch.qos.logback.core.ConsoleAppender]
12:48:10,256 |-INFO in ch.qos.logback.core.model.processor.ImplicitModelHandler - Assuming default type [ch.qos.logback.classic.encoder.PatternLayoutEncoder] for [encoder] property
12:48:10,276 |-INFO in ch.qos.logback.classic.model.processor.RootLoggerModelHandler - Setting level of ROOT logger to WARN
12:48:10,280 |-INFO in ch.qos.logback.core.model.processor.AppenderRefModelHandler - Attaching appender named [STDOUT] to Logger[ROOT]
12:48:10,281 |-INFO in ch.qos.logback.core.model.processor.DefaultProcessor@24269709 - End of configuration.
12:48:10,281 |-INFO in ch.qos.logback.classic.joran.JoranConfigurator@2aceadd4 - Registering current configuration as safe fallback point

364        WARN  main            d.u.i.k.s.ProofSettings   No proof-settings could be loaded, using defaults java.io.FileNotFoundException: /home/runner/.key/proof-settings.props (No such file or directory)
	at java.base/java.io.FileInputStream.open0(Native Method)

Running test proofLoadRepair
12:48:10,917 |-INFO in ch.qos.logback.classic.LoggerContext[default] - This is logback-classic version 1.4.5
12:48:10,943 |-INFO in ch.qos.logback.classic.LoggerContext[default] - Could NOT find resource [logback-test.xml]
12:48:10,960 |-INFO in ch.qos.logback.classic.LoggerContext[default] - Found resource [logback.xml] at [file:/home/runner/work/key/key/key.core/build/resources/test/logback.xml]
12:48:11,120 |-INFO in ch.qos.logback.core.model.processor.AppenderModelHandler - Processing appender named [STDOUT]
12:48:11,120 |-INFO in ch.qos.logback.core.model.processor.AppenderModelHandler - About to instantiate appender of type [ch.qos.logback.core.ConsoleAppender]
12:48:11,148 |-WARN in ch.qos.logback.core.model.processor.ImplicitModelHandler - Ignoring unknown property [file] in [ch.qos.logback.core.ConsoleAppender]
12:48:11,148 |-WARN in ch.qos.logback.core.model.processor.ImplicitModelHandler - Ignoring unknown property [append] in [ch.qos.logback.core.ConsoleAppender]
12:48:11,149 |-INFO in ch.qos.logback.core.model.processor.ImplicitModelHandler - Assuming default type [ch.qos.logback.classic.encoder.PatternLayoutEncoder] for [encoder] property
12:48:11,168 |-INFO in ch.qos.logback.classic.model.processor.RootLoggerModelHandler - Setting level of ROOT logger to WARN
12:48:11,173 |-INFO in ch.qos.logback.core.model.processor.AppenderRefModelHandler - Attaching appender named [STDOUT] to Logger[ROOT]
12:48:11,173 |-INFO in ch.qos.logback.core.model.processor.DefaultProcessor@24269709 - End of configuration.
12:48:11,174 |-INFO in ch.qos.logback.classic.joran.JoranConfigurator@2aceadd4 - Registering current configuration as safe fallback point

351        WARN  main            d.u.i.k.s.ProofSettings   No proof-settings could be loaded, using defaults java.io.FileNotFoundException: /home/runner/.key/proof-settings.props (No such file or directory)
	at java.base/java.io.FileInputStream.open0(Native Method)

Running test switch
12:48:11,628 |-INFO in ch.qos.logback.classic.LoggerContext[default] - This is logback-classic version 1.4.5
12:48:11,653 |-INFO in ch.qos.logback.classic.LoggerContext[default] - Could NOT find resource [logback-test.xml]
12:48:11,680 |-INFO in ch.qos.logback.classic.LoggerContext[default] - Found resource [logback.xml] at [file:/home/runner/work/key/key/key.core/build/resources/test/logback.xml]
12:48:11,854 |-INFO in ch.qos.logback.core.model.processor.AppenderModelHandler - Processing appender named [STDOUT]
12:48:11,854 |-INFO in ch.qos.logback.core.model.processor.AppenderModelHandler - About to instantiate appender of type [ch.qos.logback.core.ConsoleAppender]
12:48:11,877 |-WARN in ch.qos.logback.core.model.processor.ImplicitModelHandler - Ignoring unknown property [file] in [ch.qos.logback.core.ConsoleAppender]
12:48:11,877 |-WARN in ch.qos.logback.core.model.processor.ImplicitModelHandler - Ignoring unknown property [append] in [ch.qos.logback.core.ConsoleAppender]
12:48:11,878 |-INFO in ch.qos.logback.core.model.processor.ImplicitModelHandler - Assuming default type [ch.qos.logback.classic.encoder.PatternLayoutEncoder] for [encoder] property
12:48:11,911 |-INFO in ch.qos.logback.classic.model.processor.RootLoggerModelHandler - Setting level of ROOT logger to WARN
12:48:11,924 |-INFO in ch.qos.logback.core.model.processor.AppenderRefModelHandler - Attaching appender named [STDOUT] to Logger[ROOT]
12:48:11,924 |-INFO in ch.qos.logback.core.model.processor.DefaultProcessor@24269709 - End of configuration.
12:48:11,925 |-INFO in ch.qos.logback.classic.joran.JoranConfigurator@2aceadd4 - Registering current configuration as safe fallback point

433        WARN  main            d.u.i.k.s.ProofSettings   No proof-settings could be loaded, using defaults java.io.FileNotFoundException: /home/runner/.key/proof-settings.props (No such file or directory)
	at java.base/java.io.FileInputStream.open0(Native Method)

Running test redux
12:48:12,445 |-INFO in ch.qos.logback.classic.LoggerContext[default] - This is logback-classic version 1.4.5
12:48:12,475 |-INFO in ch.qos.logback.classic.LoggerContext[default] - Could NOT find resource [logback-test.xml]
12:48:12,501 |-INFO in ch.qos.logback.classic.LoggerContext[default] - Found resource [logback.xml] at [file:/home/runner/work/key/key/key.core/build/resources/test/logback.xml]
12:48:12,668 |-INFO in ch.qos.logback.core.model.processor.AppenderModelHandler - Processing appender named [STDOUT]
12:48:12,668 |-INFO in ch.qos.logback.core.model.processor.AppenderModelHandler - About to instantiate appender of type [ch.qos.logback.core.ConsoleAppender]
12:48:12,683 |-WARN in ch.qos.logback.core.model.processor.ImplicitModelHandler - Ignoring unknown property [file] in [ch.qos.logback.core.ConsoleAppender]
12:48:12,683 |-WARN in ch.qos.logback.core.model.processor.ImplicitModelHandler - Ignoring unknown property [append] in [ch.qos.logback.core.ConsoleAppender]
12:48:12,684 |-INFO in ch.qos.logback.core.model.processor.ImplicitModelHandler - Assuming default type [ch.qos.logback.classic.encoder.PatternLayoutEncoder] for [encoder] property
12:48:12,703 |-INFO in ch.qos.logback.classic.model.processor.RootLoggerModelHandler - Setting level of ROOT logger to WARN
12:48:12,709 |-INFO in ch.qos.logback.core.model.processor.AppenderRefModelHandler - Attaching appender named [STDOUT] to Logger[ROOT]
12:48:12,710 |-INFO in ch.qos.logback.core.model.processor.DefaultProcessor@24269709 - End of configuration.
12:48:12,710 |-INFO in ch.qos.logback.classic.joran.JoranConfigurator@2aceadd4 - Registering current configuration as safe fallback point

360        WARN  main            d.u.i.k.s.ProofSettings   No proof-settings could be loaded, using defaults java.io.FileNotFoundException: /home/runner/.key/proof-settings.props (No such file or directory)
	at java.base/java.io.FileInputStream.open0(Native Method)

]]></system-out>
  <system-err><![CDATA[Timeout watcher launched (2000 secs.)
ANTLR Tool version 4.9.3 used for code generation does not match the current runtime version 4.12.0
 (file: /home/runner/work/key/key/key.core/../key.ui/examples/index/.././newBook/09.list_modelfield/ArrayList.add.key; caused by: java.lang.ExceptionInInitializerError)
	at de.uka.ilkd.key.control.AbstractUserInterfaceControl.load(AbstractUserInterfaceControl.java:221)
	at de.uka.ilkd.key.control.KeYEnvironment.load(KeYEnvironment.java:251)
	at de.uka.ilkd.key.control.KeYEnvironment.load(KeYEnvironment.java:224)
	at de.uka.ilkd.key.control.KeYEnvironment.load(KeYEnvironment.java:184)
	at de.uka.ilkd.key.control.KeYEnvironment.load(KeYEnvironment.java:261)
	at de.uka.ilkd.key.proof.runallproofs.proofcollection.TestFile.load(TestFile.java:270)
	at de.uka.ilkd.key.proof.runallproofs.proofcollection.TestFile.runKey(TestFile.java:160)
	at de.uka.ilkd.key.proof.runallproofs.proofcollection.ForkedTestFileRunner.main(ForkedTestFileRunner.java:171)
Caused by: java.lang.ExceptionInInitializerError
	at de.uka.ilkd.key.nparser.ParsingFacade.createParser(ParsingFacade.java:87)
	at de.uka.ilkd.key.nparser.ParsingFacade.parseFile(ParsingFacade.java:123)
	at de.uka.ilkd.key.proof.io.KeYFile.getParseContext(KeYFile.java:160)
	at de.uka.ilkd.key.proof.io.KeYFile.getProblemInformation(KeYFile.java:236)
	at de.uka.ilkd.key.proof.init.KeYUserProblemFile.readProfileFromFile(KeYUserProblemFile.java:236)
	at de.uka.ilkd.key.proof.init.KeYUserProblemFile.getProfile(KeYUserProblemFile.java:216)
	at de.uka.ilkd.key.proof.io.AbstractProblemLoader.createProblemInitializer(AbstractProblemLoader.java:508)
	at de.uka.ilkd.key.proof.io.AbstractProblemLoader.loadEnvironment(AbstractProblemLoader.java:288)
	at de.uka.ilkd.key.proof.io.AbstractProblemLoader.load(AbstractProblemLoader.java:253)
	at de.uka.ilkd.key.control.AbstractUserInterfaceControl.load(AbstractUserInterfaceControl.java:209)
	... 7 more
Caused by: java.lang.UnsupportedOperationException: java.io.InvalidClassException: org.antlr.v4.runtime.atn.ATN; Could not deserialize ATN with version 3 (expected 4).
	at org.antlr.v4.runtime.atn.ATNDeserializer.deserialize(ATNDeserializer.java:56)
	at org.antlr.v4.runtime.atn.ATNDeserializer.deserialize(ATNDeserializer.java:48)
	at de.uka.ilkd.key.nparser.KeYParser.<clinit>(KeYParser.java:11834)
	... 17 more
Caused by: java.io.InvalidClassException: org.antlr.v4.runtime.atn.ATN; Could not deserialize ATN with version 3 (expected 4).
	... 20 more
Could not initialize class de.uka.ilkd.key.nparser.KeYParser (file: /home/runner/work/key/key/key.core/../key.ui/examples/index/.././newBook/09.list_modelfield/ArrayList.remFirst.key; caused by: java.lang.NoClassDefFoundError: Could not initialize class de.uka.ilkd.key.nparser.KeYParser)
	at de.uka.ilkd.key.control.AbstractUserInterfaceControl.load(AbstractUserInterfaceControl.java:221)
	at de.uka.ilkd.key.control.KeYEnvironment.load(KeYEnvironment.java:251)
	at de.uka.ilkd.key.control.KeYEnvironment.load(KeYEnvironment.java:224)
	at de.uka.ilkd.key.control.KeYEnvironment.load(KeYEnvironment.java:184)
	at de.uka.ilkd.key.control.KeYEnvironment.load(KeYEnvironment.java:261)
	at de.uka.ilkd.key.proof.runallproofs.proofcollection.TestFile.load(TestFile.java:270)
	at de.uka.ilkd.key.proof.runallproofs.proofcollection.TestFile.runKey(TestFile.java:160)
	at de.uka.ilkd.key.proof.runallproofs.proofcollection.ForkedTestFileRunner.main(ForkedTestFileRunner.java:171)
Caused by: java.lang.NoClassDefFoundError: Could not initialize class de.uka.ilkd.key.nparser.KeYParser
	at de.uka.ilkd.key.nparser.ParsingFacade.createParser(ParsingFacade.java:87)
	at de.uka.ilkd.key.nparser.ParsingFacade.parseFile(ParsingFacade.java:123)
	at de.uka.ilkd.key.proof.io.KeYFile.getParseContext(KeYFile.java:160)
	at de.uka.ilkd.key.proof.io.KeYFile.getProblemInformation(KeYFile.java:236)
	at de.uka.ilkd.key.proof.init.KeYUserProblemFile.readProfileFromFile(KeYUserProblemFile.java:236)
	at de.uka.ilkd.key.proof.init.KeYUserProblemFile.getProfile(KeYUserProblemFile.java:216)
	at de.uka.ilkd.key.proof.io.AbstractProblemLoader.createProblemInitializer(AbstractProblemLoader.java:508)
	at de.uka.ilkd.key.proof.io.AbstractProblemLoader.loadEnvironment(AbstractProblemLoader.java:288)
	at de.uka.ilkd.key.proof.io.AbstractProblemLoader.load(AbstractProblemLoader.java:253)
	at de.uka.ilkd.key.control.AbstractUserInterfaceControl.load(AbstractUserInterfaceControl.java:209)
	... 7 more
Could not initialize class de.uka.ilkd.key.nparser.KeYParser (file: /home/runner/work/key/key/key.core/../key.ui/examples/index/.././newBook/09.list_modelfield/ArrayList.empty.key; caused by: java.lang.NoClassDefFoundError: Could not initialize class de.uka.ilkd.key.nparser.KeYParser)
	at de.uka.ilkd.key.control.AbstractUserInterfaceControl.load(AbstractUserInterfaceControl.java:221)
	at de.uka.ilkd.key.control.KeYEnvironment.load(KeYEnvironment.java:251)
	at de.uka.ilkd.key.control.KeYEnvironment.load(KeYEnvironment.java:224)
	at de.uka.ilkd.key.control.KeYEnvironment.load(KeYEnvironment.java:184)
	at de.uka.ilkd.key.control.KeYEnvironment.load(KeYEnvironment.java:261)
	at de.uka.ilkd.key.proof.runallproofs.proofcollection.TestFile.load(TestFile.java:270)
	at de.uka.ilkd.key.proof.runallproofs.proofcollection.TestFile.runKey(TestFile.java:160)
	at de.uka.ilkd.key.proof.runallproofs.proofcollection.ForkedTestFileRunner.main(ForkedTestFileRunner.java:171)
Caused by: java.lang.NoClassDefFoundError: Could not initialize class de.uka.ilkd.key.nparser.KeYParser
	at de.uka.ilkd.key.nparser.ParsingFacade.createParser(ParsingFacade.java:87)
	at de.uka.ilkd.key.nparser.ParsingFacade.parseFile(ParsingFacade.java:123)
	at de.uka.ilkd.key.proof.io.KeYFile.getParseContext(KeYFile.java:160)
	at de.uka.ilkd.key.proof.io.KeYFile.getProblemInformation(KeYFile.java:236)
	at de.uka.ilkd.key.proof.init.KeYUserProblemFile.readProfileFromFile(KeYUserProblemFile.java:236)
	at de.uka.ilkd.key.proof.init.KeYUserProblemFile.getProfile(KeYUserProblemFile.java:216)
	at de.uka.ilkd.key.proof.io.AbstractProblemLoader.createProblemInitializer(AbstractProblemLoader.java:508)
	at de.uka.ilkd.key.proof.io.AbstractProblemLoader.loadEnvironment(AbstractProblemLoader.java:288)
	at de.uka.ilkd.key.proof.io.AbstractProblemLoader.load(AbstractProblemLoader.java:253)
	at de.uka.ilkd.key.control.AbstractUserInterfaceControl.load(AbstractUserInterfaceControl.java:209)
	... 7 more
Could not initialize class de.uka.ilkd.key.nparser.KeYParser (file: /home/runner/work/key/key/key.core/../key.ui/examples/index/.././newBook/09.list_modelfield/ArrayList.size.key; caused by: java.lang.NoClassDefFoundError: Could not initialize class de.uka.ilkd.key.nparser.KeYParser)
	at de.uka.ilkd.key.control.AbstractUserInterfaceControl.load(AbstractUserInterfaceControl.java:221)
	at de.uka.ilkd.key.control.KeYEnvironment.load(KeYEnvironment.java:251)
	at de.uka.ilkd.key.control.KeYEnvironment.load(KeYEnvironment.java:224)
	at de.uka.ilkd.key.control.KeYEnvironment.load(KeYEnvironment.java:184)
	at de.uka.ilkd.key.control.KeYEnvironment.load(KeYEnvironment.java:261)
	at de.uka.ilkd.key.proof.runallproofs.proofcollection.TestFile.load(TestFile.java:270)
	at de.uka.ilkd.key.proof.runallproofs.proofcollection.TestFile.runKey(TestFile.java:160)
	at de.uka.ilkd.key.proof.runallproofs.proofcollection.ForkedTestFileRunner.main(ForkedTestFileRunner.java:171)
Caused by: java.lang.NoClassDefFoundError: Could not initialize class de.uka.ilkd.key.nparser.KeYParser
	at de.uka.ilkd.key.nparser.ParsingFacade.createParser(ParsingFacade.java:87)
	at de.uka.ilkd.key.nparser.ParsingFacade.parseFile(ParsingFacade.java:123)
	at de.uka.ilkd.key.proof.io.KeYFile.getParseContext(KeYFile.java:160)
	at de.uka.ilkd.key.proof.io.KeYFile.getProblemInformation(KeYFile.java:236)
	at de.uka.ilkd.key.proof.init.KeYUserProblemFile.readProfileFromFile(KeYUserProblemFile.java:236)
	at de.uka.ilkd.key.proof.init.KeYUserProblemFile.getProfile(KeYUserProblemFile.java:216)
	at de.uka.ilkd.key.proof.io.AbstractProblemLoader.createProblemInitializer(AbstractProblemLoader.java:508)
	at de.uka.ilkd.key.proof.io.AbstractProblemLoader.loadEnvironment(AbstractProblemLoader.java:288)
	at de.uka.ilkd.key.proof.io.AbstractProblemLoader.load(AbstractProblemLoader.java:253)
	at de.uka.ilkd.key.control.AbstractUserInterfaceControl.load(AbstractUserInterfaceControl.java:209)
	... 7 more
Could not initialize class de.uka.ilkd.key.nparser.KeYParser (file: /home/runner/work/key/key/key.core/../key.ui/examples/index/.././newBook/09.list_modelfield/ArrayList.get.key; caused by: java.lang.NoClassDefFoundError: Could not initialize class de.uka.ilkd.key.nparser.KeYParser)
	at de.uka.ilkd.key.control.AbstractUserInterfaceControl.load(AbstractUserInterfaceControl.java:221)
	at de.uka.ilkd.key.control.KeYEnvironment.load(KeYEnvironment.java:251)
	at de.uka.ilkd.key.control.KeYEnvironment.load(KeYEnvironment.java:224)
	at de.uka.ilkd.key.control.KeYEnvironment.load(KeYEnvironment.java:184)
	at de.uka.ilkd.key.control.KeYEnvironment.load(KeYEnvironment.java:261)
	at de.uka.ilkd.key.proof.runallproofs.proofcollection.TestFile.load(TestFile.java:270)
	at de.uka.ilkd.key.proof.runallproofs.proofcollection.TestFile.runKey(TestFile.java:160)
	at de.uka.ilkd.key.proof.runallproofs.proofcollection.ForkedTestFileRunner.main(ForkedTestFileRunner.java:171)
Caused by: java.lang.NoClassDefFoundError: Could not initialize class de.uka.ilkd.key.nparser.KeYParser
	at de.uka.ilkd.key.nparser.ParsingFacade.createParser(ParsingFacade.java:87)
	at de.uka.ilkd.key.nparser.ParsingFacade.parseFile(ParsingFacade.java:123)
	at de.uka.ilkd.key.proof.io.KeYFile.getParseContext(KeYFile.java:160)
	at de.uka.ilkd.key.proof.io.KeYFile.getProblemInformation(KeYFile.java:236)
	at de.uka.ilkd.key.proof.init.KeYUserProblemFile.readProfileFromFile(KeYUserProblemFile.java:236)
	at de.uka.ilkd.key.proof.init.KeYUserProblemFile.getProfile(KeYUserProblemFile.java:216)
	at de.uka.ilkd.key.proof.io.AbstractProblemLoader.createProblemInitializer(AbstractProblemLoader.java:508)
	at de.uka.ilkd.key.proof.io.AbstractProblemLoader.loadEnvironment(AbstractProblemLoader.java:288)
	at de.uka.ilkd.key.proof.io.AbstractProblemLoader.load(AbstractProblemLoader.java:253)
	at de.uka.ilkd.key.control.AbstractUserInterfaceControl.load(AbstractUserInterfaceControl.java:209)
	... 7 more
Exception in thread "main" org.opentest4j.AssertionFailedError: Exception during the execution of proofs. See log for more details.
	at org.junit.jupiter.api.AssertionUtils.fail(AssertionUtils.java:38)
	at org.junit.jupiter.api.Assertions.fail(Assertions.java:135)
	at de.uka.ilkd.key.proof.runallproofs.proofcollection.ForkedTestFileRunner.main(ForkedTestFileRunner.java:192)
Timeout watcher launched (2000 secs.)
ANTLR Tool version 4.9.3 used for code generation does not match the current runtime version 4.12.0
 (file: /home/runner/work/key/key/key.core/../key.ui/examples/index/.././standard_key/BookExamples/02FirstOrderLogic/Ex2.58.key; caused by: java.lang.ExceptionInInitializerError)
	at de.uka.ilkd.key.control.AbstractUserInterfaceControl.load(AbstractUserInterfaceControl.java:221)
	at de.uka.ilkd.key.control.KeYEnvironment.load(KeYEnvironment.java:251)
	at de.uka.ilkd.key.control.KeYEnvironment.load(KeYEnvironment.java:224)
	at de.uka.ilkd.key.control.KeYEnvironment.load(KeYEnvironment.java:184)
	at de.uka.ilkd.key.control.KeYEnvironment.load(KeYEnvironment.java:261)
	at de.uka.ilkd.key.proof.runallproofs.proofcollection.TestFile.load(TestFile.java:270)
	at de.uka.ilkd.key.proof.runallproofs.proofcollection.TestFile.runKey(TestFile.java:160)
	at de.uka.ilkd.key.proof.runallproofs.proofcollection.ForkedTestFileRunner.main(ForkedTestFileRunner.java:171)
Caused by: java.lang.ExceptionInInitializerError
	at de.uka.ilkd.key.nparser.ParsingFacade.createParser(ParsingFacade.java:87)
	at de.uka.ilkd.key.nparser.ParsingFacade.parseFile(ParsingFacade.java:123)
	at de.uka.ilkd.key.proof.io.KeYFile.getParseContext(KeYFile.java:160)
	at de.uka.ilkd.key.proof.io.KeYFile.getProblemInformation(KeYFile.java:236)
	at de.uka.ilkd.key.proof.init.KeYUserProblemFile.readProfileFromFile(KeYUserProblemFile.java:236)
	at de.uka.ilkd.key.proof.init.KeYUserProblemFile.getProfile(KeYUserProblemFile.java:216)
	at de.uka.ilkd.key.proof.io.AbstractProblemLoader.createProblemInitializer(AbstractProblemLoader.java:508)
	at de.uka.ilkd.key.proof.io.AbstractProblemLoader.loadEnvironment(AbstractProblemLoader.java:288)
	at de.uka.ilkd.key.proof.io.AbstractProblemLoader.load(AbstractProblemLoader.java:253)
	at de.uka.ilkd.key.control.AbstractUserInterfaceControl.load(AbstractUserInterfaceControl.java:209)
	... 7 more
Caused by: java.lang.UnsupportedOperationException: java.io.InvalidClassException: org.antlr.v4.runtime.atn.ATN; Could not deserialize ATN with version 3 (expected 4).
	at org.antlr.v4.runtime.atn.ATNDeserializer.deserialize(ATNDeserializer.java:56)
	at org.antlr.v4.runtime.atn.ATNDeserializer.deserialize(ATNDeserializer.java:48)
	at de.uka.ilkd.key.nparser.KeYParser.<clinit>(KeYParser.java:11834)
	... 17 more
Caused by: java.io.InvalidClassException: org.antlr.v4.runtime.atn.ATN; Could not deserialize ATN with version 3 (expected 4).
	... 20 more
Could not initialize class de.uka.ilkd.key.nparser.KeYParser (file: /home/runner/work/key/key/key.core/../key.ui/examples/index/.././standard_key/BookExamples/03DynamicLogic/Sect3.3.1.key; caused by: java.lang.NoClassDefFoundError: Could not initialize class de.uka.ilkd.key.nparser.KeYParser)
	at de.uka.ilkd.key.control.AbstractUserInterfaceControl.load(AbstractUserInterfaceControl.java:221)
	at de.uka.ilkd.key.control.KeYEnvironment.load(KeYEnvironment.java:251)
	at de.uka.ilkd.key.control.KeYEnvironment.load(KeYEnvironment.java:224)
	at de.uka.ilkd.key.control.KeYEnvironment.load(KeYEnvironment.java:184)
	at de.uka.ilkd.key.control.KeYEnvironment.load(KeYEnvironment.java:261)
	at de.uka.ilkd.key.proof.runallproofs.proofcollection.TestFile.load(TestFile.java:270)
	at de.uka.ilkd.key.proof.runallproofs.proofcollection.TestFile.runKey(TestFile.java:160)
	at de.uka.ilkd.key.proof.runallproofs.proofcollection.ForkedTestFileRunner.main(ForkedTestFileRunner.java:171)
Caused by: java.lang.NoClassDefFoundError: Could not initialize class de.uka.ilkd.key.nparser.KeYParser
	at de.uka.ilkd.key.nparser.ParsingFacade.createParser(ParsingFacade.java:87)
	at de.uka.ilkd.key.nparser.ParsingFacade.parseFile(ParsingFacade.java:123)
	at de.uka.ilkd.key.proof.io.KeYFile.getParseContext(KeYFile.java:160)
	at de.uka.ilkd.key.proof.io.KeYFile.getProblemInformation(KeYFile.java:236)
	at de.uka.ilkd.key.proof.init.KeYUserProblemFile.readProfileFromFile(KeYUserProblemFile.java:236)
	at de.uka.ilkd.key.proof.init.KeYUserProblemFile.getProfile(KeYUserProblemFile.java:216)
	at de.uka.ilkd.key.proof.io.AbstractProblemLoader.createProblemInitializer(AbstractProblemLoader.java:508)
	at de.uka.ilkd.key.proof.io.AbstractProblemLoader.loadEnvironment(AbstractProblemLoader.java:288)
	at de.uka.ilkd.key.proof.io.AbstractProblemLoader.load(AbstractProblemLoader.java:253)
	at de.uka.ilkd.key.control.AbstractUserInterfaceControl.load(AbstractUserInterfaceControl.java:209)
	... 7 more
Exception in thread "main" org.opentest4j.AssertionFailedError: Exception during the execution of proofs. See log for more details.
	at org.junit.jupiter.api.AssertionUtils.fail(AssertionUtils.java:38)
	at org.junit.jupiter.api.Assertions.fail(Assertions.java:135)
	at de.uka.ilkd.key.proof.runallproofs.proofcollection.ForkedTestFileRunner.main(ForkedTestFileRunner.java:192)
Timeout watcher launched (2000 secs.)
ANTLR Tool version 4.9.3 used for code generation does not match the current runtime version 4.12.0
 (file: /home/runner/work/key/key/key.core/../key.ui/examples/index/.././heap/comprehensions/general_sum.key; caused by: java.lang.ExceptionInInitializerError)
	at de.uka.ilkd.key.control.AbstractUserInterfaceControl.load(AbstractUserInterfaceControl.java:221)
	at de.uka.ilkd.key.control.KeYEnvironment.load(KeYEnvironment.java:251)
	at de.uka.ilkd.key.control.KeYEnvironment.load(KeYEnvironment.java:224)
	at de.uka.ilkd.key.control.KeYEnvironment.load(KeYEnvironment.java:184)
	at de.uka.ilkd.key.control.KeYEnvironment.load(KeYEnvironment.java:261)
	at de.uka.ilkd.key.proof.runallproofs.proofcollection.TestFile.load(TestFile.java:270)
	at de.uka.ilkd.key.proof.runallproofs.proofcollection.TestFile.runKey(TestFile.java:160)
	at de.uka.ilkd.key.proof.runallproofs.proofcollection.ForkedTestFileRunner.main(ForkedTestFileRunner.java:171)
Caused by: java.lang.ExceptionInInitializerError
	at de.uka.ilkd.key.nparser.ParsingFacade.createParser(ParsingFacade.java:87)
	at de.uka.ilkd.key.nparser.ParsingFacade.parseFile(ParsingFacade.java:123)
	at de.uka.ilkd.key.proof.io.KeYFile.getParseContext(KeYFile.java:160)
	at de.uka.ilkd.key.proof.io.KeYFile.getProblemInformation(KeYFile.java:236)
	at de.uka.ilkd.key.proof.init.KeYUserProblemFile.readProfileFromFile(KeYUserProblemFile.java:236)
	at de.uka.ilkd.key.proof.init.KeYUserProblemFile.getProfile(KeYUserProblemFile.java:216)
	at de.uka.ilkd.key.proof.io.AbstractProblemLoader.createProblemInitializer(AbstractProblemLoader.java:508)
	at de.uka.ilkd.key.proof.io.AbstractProblemLoader.loadEnvironment(AbstractProblemLoader.java:288)
	at de.uka.ilkd.key.proof.io.AbstractProblemLoader.load(AbstractProblemLoader.java:253)
	at de.uka.ilkd.key.control.AbstractUserInterfaceControl.load(AbstractUserInterfaceControl.java:209)
	... 7 more
Caused by: java.lang.UnsupportedOperationException: java.io.InvalidClassException: org.antlr.v4.runtime.atn.ATN; Could not deserialize ATN with version 3 (expected 4).
	at org.antlr.v4.runtime.atn.ATNDeserializer.deserialize(ATNDeserializer.java:56)
	at org.antlr.v4.runtime.atn.ATNDeserializer.deserialize(ATNDeserializer.java:48)
	at de.uka.ilkd.key.nparser.KeYParser.<clinit>(KeYParser.java:11834)
	... 17 more
Caused by: java.io.InvalidClassException: org.antlr.v4.runtime.atn.ATN; Could not deserialize ATN with version 3 (expected 4).
	... 20 more
Could not initialize class de.uka.ilkd.key.nparser.KeYParser (file: /home/runner/work/key/key/key.core/../key.ui/examples/index/.././heap/comprehensions/sum0.key; caused by: java.lang.NoClassDefFoundError: Could not initialize class de.uka.ilkd.key.nparser.KeYParser)
	at de.uka.ilkd.key.control.AbstractUserInterfaceControl.load(AbstractUserInterfaceControl.java:221)
	at de.uka.ilkd.key.control.KeYEnvironment.load(KeYEnvironment.java:251)
	at de.uka.ilkd.key.control.KeYEnvironment.load(KeYEnvironment.java:224)
	at de.uka.ilkd.key.control.KeYEnvironment.load(KeYEnvironment.java:184)
	at de.uka.ilkd.key.control.KeYEnvironment.load(KeYEnvironment.java:261)
	at de.uka.ilkd.key.proof.runallproofs.proofcollection.TestFile.load(TestFile.java:270)
	at de.uka.ilkd.key.proof.runallproofs.proofcollection.TestFile.runKey(TestFile.java:160)
	at de.uka.ilkd.key.proof.runallproofs.proofcollection.ForkedTestFileRunner.main(ForkedTestFileRunner.java:171)
Caused by: java.lang.NoClassDefFoundError: Could not initialize class de.uka.ilkd.key.nparser.KeYParser
	at de.uka.ilkd.key.nparser.ParsingFacade.createParser(ParsingFacade.java:87)
	at de.uka.ilkd.key.nparser.ParsingFacade.parseFile(ParsingFacade.java:123)
	at de.uka.ilkd.key.proof.io.KeYFile.getParseContext(KeYFile.java:160)
	at de.uka.ilkd.key.proof.io.KeYFile.getProblemInformation(KeYFile.java:236)
	at de.uka.ilkd.key.proof.init.KeYUserProblemFile.readProfileFromFile(KeYUserProblemFile.java:236)
	at de.uka.ilkd.key.proof.init.KeYUserProblemFile.getProfile(KeYUserProblemFile.java:216)
	at de.uka.ilkd.key.proof.io.AbstractProblemLoader.createProblemInitializer(AbstractProblemLoader.java:508)
	at de.uka.ilkd.key.proof.io.AbstractProblemLoader.loadEnvironment(AbstractProblemLoader.java:288)
	at de.uka.ilkd.key.proof.io.AbstractProblemLoader.load(AbstractProblemLoader.java:253)
	at de.uka.ilkd.key.control.AbstractUserInterfaceControl.load(AbstractUserInterfaceControl.java:209)
	... 7 more
Could not initialize class de.uka.ilkd.key.nparser.KeYParser (file: /home/runner/work/key/key/key.core/../key.ui/examples/index/.././heap/comprehensions/sum1.key; caused by: java.lang.NoClassDefFoundError: Could not initialize class de.uka.ilkd.key.nparser.KeYParser)
	at de.uka.ilkd.key.control.AbstractUserInterfaceControl.load(AbstractUserInterfaceControl.java:221)
	at de.uka.ilkd.key.control.KeYEnvironment.load(KeYEnvironment.java:251)
	at de.uka.ilkd.key.control.KeYEnvironment.load(KeYEnvironment.java:224)
	at de.uka.ilkd.key.control.KeYEnvironment.load(KeYEnvironment.java:184)
	at de.uka.ilkd.key.control.KeYEnvironment.load(KeYEnvironment.java:261)
	at de.uka.ilkd.key.proof.runallproofs.proofcollection.TestFile.load(TestFile.java:270)
	at de.uka.ilkd.key.proof.runallproofs.proofcollection.TestFile.runKey(TestFile.java:160)
	at de.uka.ilkd.key.proof.runallproofs.proofcollection.ForkedTestFileRunner.main(ForkedTestFileRunner.java:171)
Caused by: java.lang.NoClassDefFoundError: Could not initialize class de.uka.ilkd.key.nparser.KeYParser
	at de.uka.ilkd.key.nparser.ParsingFacade.createParser(ParsingFacade.java:87)
	at de.uka.ilkd.key.nparser.ParsingFacade.parseFile(ParsingFacade.java:123)
	at de.uka.ilkd.key.proof.io.KeYFile.getParseContext(KeYFile.java:160)
	at de.uka.ilkd.key.proof.io.KeYFile.getProblemInformation(KeYFile.java:236)
	at de.uka.ilkd.key.proof.init.KeYUserProblemFile.readProfileFromFile(KeYUserProblemFile.java:236)
	at de.uka.ilkd.key.proof.init.KeYUserProblemFile.getProfile(KeYUserProblemFile.java:216)
	at de.uka.ilkd.key.proof.io.AbstractProblemLoader.createProblemInitializer(AbstractProblemLoader.java:508)
	at de.uka.ilkd.key.proof.io.AbstractProblemLoader.loadEnvironment(AbstractProblemLoader.java:288)
	at de.uka.ilkd.key.proof.io.AbstractProblemLoader.load(AbstractProblemLoader.java:253)
	at de.uka.ilkd.key.control.AbstractUserInterfaceControl.load(AbstractUserInterfaceControl.java:209)
	... 7 more
Could not initialize class de.uka.ilkd.key.nparser.KeYParser (file: /home/runner/work/key/key/key.core/../key.ui/examples/index/.././heap/comprehensions/sum2.key; caused by: java.lang.NoClassDefFoundError: Could not initialize class de.uka.ilkd.key.nparser.KeYParser)
	at de.uka.ilkd.key.control.AbstractUserInterfaceControl.load(AbstractUserInterfaceControl.java:221)
	at de.uka.ilkd.key.control.KeYEnvironment.load(KeYEnvironment.java:251)
	at de.uka.ilkd.key.control.KeYEnvironment.load(KeYEnvironment.java:224)
	at de.uka.ilkd.key.control.KeYEnvironment.load(KeYEnvironment.java:184)
	at de.uka.ilkd.key.control.KeYEnvironment.load(KeYEnvironment.java:261)
	at de.uka.ilkd.key.proof.runallproofs.proofcollection.TestFile.load(TestFile.java:270)
	at de.uka.ilkd.key.proof.runallproofs.proofcollection.TestFile.runKey(TestFile.java:160)
	at de.uka.ilkd.key.proof.runallproofs.proofcollection.ForkedTestFileRunner.main(ForkedTestFileRunner.java:171)
Caused by: java.lang.NoClassDefFoundError: Could not initialize class de.uka.ilkd.key.nparser.KeYParser
	at de.uka.ilkd.key.nparser.ParsingFacade.createParser(ParsingFacade.java:87)
	at de.uka.ilkd.key.nparser.ParsingFacade.parseFile(ParsingFacade.java:123)
	at de.uka.ilkd.key.proof.io.KeYFile.getParseContext(KeYFile.java:160)
	at de.uka.ilkd.key.proof.io.KeYFile.getProblemInformation(KeYFile.java:236)
	at de.uka.ilkd.key.proof.init.KeYUserProblemFile.readProfileFromFile(KeYUserProblemFile.java:236)
	at de.uka.ilkd.key.proof.init.KeYUserProblemFile.getProfile(KeYUserProblemFile.java:216)
	at de.uka.ilkd.key.proof.io.AbstractProblemLoader.createProblemInitializer(AbstractProblemLoader.java:508)
	at de.uka.ilkd.key.proof.io.AbstractProblemLoader.loadEnvironment(AbstractProblemLoader.java:288)
	at de.uka.ilkd.key.proof.io.AbstractProblemLoader.load(AbstractProblemLoader.java:253)
	at de.uka.ilkd.key.control.AbstractUserInterfaceControl.load(AbstractUserInterfaceControl.java:209)
	... 7 more
Could not initialize class de.uka.ilkd.key.nparser.KeYParser (file: /home/runner/work/key/key/key.core/../key.ui/examples/index/.././heap/comprehensions/sum3.key; caused by: java.lang.NoClassDefFoundError: Could not initialize class de.uka.ilkd.key.nparser.KeYParser)
	at de.uka.ilkd.key.control.AbstractUserInterfaceControl.load(AbstractUserInterfaceControl.java:221)
	at de.uka.ilkd.key.control.KeYEnvironment.load(KeYEnvironment.java:251)
	at de.uka.ilkd.key.control.KeYEnvironment.load(KeYEnvironment.java:224)
	at de.uka.ilkd.key.control.KeYEnvironment.load(KeYEnvironment.java:184)
	at de.uka.ilkd.key.control.KeYEnvironment.load(KeYEnvironment.java:261)
	at de.uka.ilkd.key.proof.runallproofs.proofcollection.TestFile.load(TestFile.java:270)
	at de.uka.ilkd.key.proof.runallproofs.proofcollection.TestFile.runKey(TestFile.java:160)
	at de.uka.ilkd.key.proof.runallproofs.proofcollection.ForkedTestFileRunner.main(ForkedTestFileRunner.java:171)
Caused by: java.lang.NoClassDefFoundError: Could not initialize class de.uka.ilkd.key.nparser.KeYParser
	at de.uka.ilkd.key.nparser.ParsingFacade.createParser(ParsingFacade.java:87)
	at de.uka.ilkd.key.nparser.ParsingFacade.parseFile(ParsingFacade.java:123)
	at de.uka.ilkd.key.proof.io.KeYFile.getParseContext(KeYFile.java:160)
	at de.uka.ilkd.key.proof.io.KeYFile.getProblemInformation(KeYFile.java:236)
	at de.uka.ilkd.key.proof.init.KeYUserProblemFile.readProfileFromFile(KeYUserProblemFile.java:236)
	at de.uka.ilkd.key.proof.init.KeYUserProblemFile.getProfile(KeYUserProblemFile.java:216)
	at de.uka.ilkd.key.proof.io.AbstractProblemLoader.createProblemInitializer(AbstractProblemLoader.java:508)
	at de.uka.ilkd.key.proof.io.AbstractProblemLoader.loadEnvironment(AbstractProblemLoader.java:288)
	at de.uka.ilkd.key.proof.io.AbstractProblemLoader.load(AbstractProblemLoader.java:253)
	at de.uka.ilkd.key.control.AbstractUserInterfaceControl.load(AbstractUserInterfaceControl.java:209)
	... 7 more
Could not initialize class de.uka.ilkd.key.nparser.KeYParser (file: /home/runner/work/key/key/key.core/../key.ui/examples/index/.././heap/comprehensions/segsum.key; caused by: java.lang.NoClassDefFoundError: Could not initialize class de.uka.ilkd.key.nparser.KeYParser)
	at de.uka.ilkd.key.control.AbstractUserInterfaceControl.load(AbstractUserInterfaceControl.java:221)
	at de.uka.ilkd.key.control.KeYEnvironment.load(KeYEnvironment.java:251)
	at de.uka.ilkd.key.control.KeYEnvironment.load(KeYEnvironment.java:224)
	at de.uka.ilkd.key.control.KeYEnvironment.load(KeYEnvironment.java:184)
	at de.uka.ilkd.key.control.KeYEnvironment.load(KeYEnvironment.java:261)
	at de.uka.ilkd.key.proof.runallproofs.proofcollection.TestFile.load(TestFile.java:270)
	at de.uka.ilkd.key.proof.runallproofs.proofcollection.TestFile.runKey(TestFile.java:160)
	at de.uka.ilkd.key.proof.runallproofs.proofcollection.ForkedTestFileRunner.main(ForkedTestFileRunner.java:171)
Caused by: java.lang.NoClassDefFoundError: Could not initialize class de.uka.ilkd.key.nparser.KeYParser
	at de.uka.ilkd.key.nparser.ParsingFacade.createParser(ParsingFacade.java:87)
	at de.uka.ilkd.key.nparser.ParsingFacade.parseFile(ParsingFacade.java:123)
	at de.uka.ilkd.key.proof.io.KeYFile.getParseContext(KeYFile.java:160)
	at de.uka.ilkd.key.proof.io.KeYFile.getProblemInformation(KeYFile.java:236)
	at de.uka.ilkd.key.proof.init.KeYUserProblemFile.readProfileFromFile(KeYUserProblemFile.java:236)
	at de.uka.ilkd.key.proof.init.KeYUserProblemFile.getProfile(KeYUserProblemFile.java:216)
	at de.uka.ilkd.key.proof.io.AbstractProblemLoader.createProblemInitializer(AbstractProblemLoader.java:508)
	at de.uka.ilkd.key.proof.io.AbstractProblemLoader.loadEnvironment(AbstractProblemLoader.java:288)
	at de.uka.ilkd.key.proof.io.AbstractProblemLoader.load(AbstractProblemLoader.java:253)
	at de.uka.ilkd.key.control.AbstractUserInterfaceControl.load(AbstractUserInterfaceControl.java:209)
	... 7 more
Could not initialize class de.uka.ilkd.key.nparser.KeYParser (file: /home/runner/work/key/key/key.core/../key.ui/examples/index/.././heap/comprehensions/bsum_negative.key; caused by: java.lang.NoClassDefFoundError: Could not initialize class de.uka.ilkd.key.nparser.KeYParser)
	at de.uka.ilkd.key.control.AbstractUserInterfaceControl.load(AbstractUserInterfaceControl.java:221)
	at de.uka.ilkd.key.control.KeYEnvironment.load(KeYEnvironment.java:251)
	at de.uka.ilkd.key.control.KeYEnvironment.load(KeYEnvironment.java:224)
	at de.uka.ilkd.key.control.KeYEnvironment.load(KeYEnvironment.java:184)
	at de.uka.ilkd.key.control.KeYEnvironment.load(KeYEnvironment.java:261)
	at de.uka.ilkd.key.proof.runallproofs.proofcollection.TestFile.load(TestFile.java:270)
	at de.uka.ilkd.key.proof.runallproofs.proofcollection.TestFile.runKey(TestFile.java:160)
	at de.uka.ilkd.key.proof.runallproofs.proofcollection.ForkedTestFileRunner.main(ForkedTestFileRunner.java:171)
Caused by: java.lang.NoClassDefFoundError: Could not initialize class de.uka.ilkd.key.nparser.KeYParser
	at de.uka.ilkd.key.nparser.ParsingFacade.createParser(ParsingFacade.java:87)
	at de.uka.ilkd.key.nparser.ParsingFacade.parseFile(ParsingFacade.java:123)
	at de.uka.ilkd.key.proof.io.KeYFile.getParseContext(KeYFile.java:160)
	at de.uka.ilkd.key.proof.io.KeYFile.getProblemInformation(KeYFile.java:236)
	at de.uka.ilkd.key.proof.init.KeYUserProblemFile.readProfileFromFile(KeYUserProblemFile.java:236)
	at de.uka.ilkd.key.proof.init.KeYUserProblemFile.getProfile(KeYUserProblemFile.java:216)
	at de.uka.ilkd.key.proof.io.AbstractProblemLoader.createProblemInitializer(AbstractProblemLoader.java:508)
	at de.uka.ilkd.key.proof.io.AbstractProblemLoader.loadEnvironment(AbstractProblemLoader.java:288)
	at de.uka.ilkd.key.proof.io.AbstractProblemLoader.load(AbstractProblemLoader.java:253)
	at de.uka.ilkd.key.control.AbstractUserInterfaceControl.load(AbstractUserInterfaceControl.java:209)
	... 7 more
Could not initialize class de.uka.ilkd.key.nparser.KeYParser (file: /home/runner/work/key/key/key.core/../key.ui/examples/index/.././heap/comprehensions/bsum_neg2.key; caused by: java.lang.NoClassDefFoundError: Could not initialize class de.uka.ilkd.key.nparser.KeYParser)
	at de.uka.ilkd.key.control.AbstractUserInterfaceControl.load(AbstractUserInterfaceControl.java:221)
	at de.uka.ilkd.key.control.KeYEnvironment.load(KeYEnvironment.java:251)
	at de.uka.ilkd.key.control.KeYEnvironment.load(KeYEnvironment.java:224)
	at de.uka.ilkd.key.control.KeYEnvironment.load(KeYEnvironment.java:184)
	at de.uka.ilkd.key.control.KeYEnvironment.load(KeYEnvironment.java:261)
	at de.uka.ilkd.key.proof.runallproofs.proofcollection.TestFile.load(TestFile.java:270)
	at de.uka.ilkd.key.proof.runallproofs.proofcollection.TestFile.runKey(TestFile.java:160)
	at de.uka.ilkd.key.proof.runallproofs.proofcollection.ForkedTestFileRunner.main(ForkedTestFileRunner.java:171)
Caused by: java.lang.NoClassDefFoundError: Could not initialize class de.uka.ilkd.key.nparser.KeYParser
	at de.uka.ilkd.key.nparser.ParsingFacade.createParser(ParsingFacade.java:87)
	at de.uka.ilkd.key.nparser.ParsingFacade.parseFile(ParsingFacade.java:123)
	at de.uka.ilkd.key.proof.io.KeYFile.getParseContext(KeYFile.java:160)
	at de.uka.ilkd.key.proof.io.KeYFile.getProblemInformation(KeYFile.java:236)
	at de.uka.ilkd.key.proof.init.KeYUserProblemFile.readProfileFromFile(KeYUserProblemFile.java:236)
	at de.uka.ilkd.key.proof.init.KeYUserProblemFile.getProfile(KeYUserProblemFile.java:216)
	at de.uka.ilkd.key.proof.io.AbstractProblemLoader.createProblemInitializer(AbstractProblemLoader.java:508)
	at de.uka.ilkd.key.proof.io.AbstractProblemLoader.loadEnvironment(AbstractProblemLoader.java:288)
	at de.uka.ilkd.key.proof.io.AbstractProblemLoader.load(AbstractProblemLoader.java:253)
	at de.uka.ilkd.key.control.AbstractUserInterfaceControl.load(AbstractUserInterfaceControl.java:209)
	... 7 more
Could not initialize class de.uka.ilkd.key.nparser.KeYParser (file: /home/runner/work/key/key/key.core/../key.ui/examples/index/.././heap/comprehensions/bsumSplit.key; caused by: java.lang.NoClassDefFoundError: Could not initialize class de.uka.ilkd.key.nparser.KeYParser)
	at de.uka.ilkd.key.control.AbstractUserInterfaceControl.load(AbstractUserInterfaceControl.java:221)
	at de.uka.ilkd.key.control.KeYEnvironment.load(KeYEnvironment.java:251)
	at de.uka.ilkd.key.control.KeYEnvironment.load(KeYEnvironment.java:224)
	at de.uka.ilkd.key.control.KeYEnvironment.load(KeYEnvironment.java:184)
	at de.uka.ilkd.key.control.KeYEnvironment.load(KeYEnvironment.java:261)
	at de.uka.ilkd.key.proof.runallproofs.proofcollection.TestFile.load(TestFile.java:270)
	at de.uka.ilkd.key.proof.runallproofs.proofcollection.TestFile.runKey(TestFile.java:160)
	at de.uka.ilkd.key.proof.runallproofs.proofcollection.ForkedTestFileRunner.main(ForkedTestFileRunner.java:171)
Caused by: java.lang.NoClassDefFoundError: Could not initialize class de.uka.ilkd.key.nparser.KeYParser
	at de.uka.ilkd.key.nparser.ParsingFacade.createParser(ParsingFacade.java:87)
	at de.uka.ilkd.key.nparser.ParsingFacade.parseFile(ParsingFacade.java:123)
	at de.uka.ilkd.key.proof.io.KeYFile.getParseContext(KeYFile.java:160)
	at de.uka.ilkd.key.proof.io.KeYFile.getProblemInformation(KeYFile.java:236)
	at de.uka.ilkd.key.proof.init.KeYUserProblemFile.readProfileFromFile(KeYUserProblemFile.java:236)
	at de.uka.ilkd.key.proof.init.KeYUserProblemFile.getProfile(KeYUserProblemFile.java:216)
	at de.uka.ilkd.key.proof.io.AbstractProblemLoader.createProblemInitializer(AbstractProblemLoader.java:508)
	at de.uka.ilkd.key.proof.io.AbstractProblemLoader.loadEnvironment(AbstractProblemLoader.java:288)
	at de.uka.ilkd.key.proof.io.AbstractProblemLoader.load(AbstractProblemLoader.java:253)
	at de.uka.ilkd.key.control.AbstractUserInterfaceControl.load(AbstractUserInterfaceControl.java:209)
	... 7 more
Could not initialize class de.uka.ilkd.key.nparser.KeYParser (file: /home/runner/work/key/key/key.core/../key.ui/examples/index/.././heap/comprehensions/bprodSplit.key; caused by: java.lang.NoClassDefFoundError: Could not initialize class de.uka.ilkd.key.nparser.KeYParser)
	at de.uka.ilkd.key.control.AbstractUserInterfaceControl.load(AbstractUserInterfaceControl.java:221)
	at de.uka.ilkd.key.control.KeYEnvironment.load(KeYEnvironment.java:251)
	at de.uka.ilkd.key.control.KeYEnvironment.load(KeYEnvironment.java:224)
	at de.uka.ilkd.key.control.KeYEnvironment.load(KeYEnvironment.java:184)
	at de.uka.ilkd.key.control.KeYEnvironment.load(KeYEnvironment.java:261)
	at de.uka.ilkd.key.proof.runallproofs.proofcollection.TestFile.load(TestFile.java:270)
	at de.uka.ilkd.key.proof.runallproofs.proofcollection.TestFile.runKey(TestFile.java:160)
	at de.uka.ilkd.key.proof.runallproofs.proofcollection.ForkedTestFileRunner.main(ForkedTestFileRunner.java:171)
Caused by: java.lang.NoClassDefFoundError: Could not initialize class de.uka.ilkd.key.nparser.KeYParser
	at de.uka.ilkd.key.nparser.ParsingFacade.createParser(ParsingFacade.java:87)
	at de.uka.ilkd.key.nparser.ParsingFacade.parseFile(ParsingFacade.java:123)
	at de.uka.ilkd.key.proof.io.KeYFile.getParseContext(KeYFile.java:160)
	at de.uka.ilkd.key.proof.io.KeYFile.getProblemInformation(KeYFile.java:236)
	at de.uka.ilkd.key.proof.init.KeYUserProblemFile.readProfileFromFile(KeYUserProblemFile.java:236)
	at de.uka.ilkd.key.proof.init.KeYUserProblemFile.getProfile(KeYUserProblemFile.java:216)
	at de.uka.ilkd.key.proof.io.AbstractProblemLoader.createProblemInitializer(AbstractProblemLoader.java:508)
	at de.uka.ilkd.key.proof.io.AbstractProblemLoader.loadEnvironment(AbstractProblemLoader.java:288)
	at de.uka.ilkd.key.proof.io.AbstractProblemLoader.load(AbstractProblemLoader.java:253)
	at de.uka.ilkd.key.control.AbstractUserInterfaceControl.load(AbstractUserInterfaceControl.java:209)
	... 7 more
Could not initialize class de.uka.ilkd.key.nparser.KeYParser (file: /home/runner/work/key/key/key.core/../key.ui/examples/index/.././heap/comprehensions/bsumSplitInvalid.key; caused by: java.lang.NoClassDefFoundError: Could not initialize class de.uka.ilkd.key.nparser.KeYParser)
	at de.uka.ilkd.key.control.AbstractUserInterfaceControl.load(AbstractUserInterfaceControl.java:221)
	at de.uka.ilkd.key.control.KeYEnvironment.load(KeYEnvironment.java:251)
	at de.uka.ilkd.key.control.KeYEnvironment.load(KeYEnvironment.java:224)
	at de.uka.ilkd.key.control.KeYEnvironment.load(KeYEnvironment.java:184)
	at de.uka.ilkd.key.control.KeYEnvironment.load(KeYEnvironment.java:261)
	at de.uka.ilkd.key.proof.runallproofs.proofcollection.TestFile.load(TestFile.java:270)
	at de.uka.ilkd.key.proof.runallproofs.proofcollection.TestFile.runKey(TestFile.java:160)
	at de.uka.ilkd.key.proof.runallproofs.proofcollection.ForkedTestFileRunner.main(ForkedTestFileRunner.java:171)
Caused by: java.lang.NoClassDefFoundError: Could not initialize class de.uka.ilkd.key.nparser.KeYParser
	at de.uka.ilkd.key.nparser.ParsingFacade.createParser(ParsingFacade.java:87)
	at de.uka.ilkd.key.nparser.ParsingFacade.parseFile(ParsingFacade.java:123)
	at de.uka.ilkd.key.proof.io.KeYFile.getParseContext(KeYFile.java:160)
	at de.uka.ilkd.key.proof.io.KeYFile.getProblemInformation(KeYFile.java:236)
	at de.uka.ilkd.key.proof.init.KeYUserProblemFile.readProfileFromFile(KeYUserProblemFile.java:236)
	at de.uka.ilkd.key.proof.init.KeYUserProblemFile.getProfile(KeYUserProblemFile.java:216)
	at de.uka.ilkd.key.proof.io.AbstractProblemLoader.createProblemInitializer(AbstractProblemLoader.java:508)
	at de.uka.ilkd.key.proof.io.AbstractProblemLoader.loadEnvironment(AbstractProblemLoader.java:288)
	at de.uka.ilkd.key.proof.io.AbstractProblemLoader.load(AbstractProblemLoader.java:253)
	at de.uka.ilkd.key.control.AbstractUserInterfaceControl.load(AbstractUserInterfaceControl.java:209)
	... 7 more
Exception in thread "main" org.opentest4j.AssertionFailedError: Exception during the execution of proofs. See log for more details.
	at org.junit.jupiter.api.AssertionUtils.fail(AssertionUtils.java:38)
	at org.junit.jupiter.api.Assertions.fail(Assertions.java:135)
	at de.uka.ilkd.key.proof.runallproofs.proofcollection.ForkedTestFileRunner.main(ForkedTestFileRunner.java:192)
Timeout watcher launched (2000 secs.)
ANTLR Tool version 4.9.3 used for code generation does not match the current runtime version 4.12.0
 (file: /home/runner/work/key/key/key.core/../key.ui/examples/index/.././performance-test/Disjoint(Disjoint__disjoint_08()).JML_operation_contract.0.key; caused by: java.lang.ExceptionInInitializerError)
	at de.uka.ilkd.key.control.AbstractUserInterfaceControl.load(AbstractUserInterfaceControl.java:221)
	at de.uka.ilkd.key.control.KeYEnvironment.load(KeYEnvironment.java:251)
	at de.uka.ilkd.key.control.KeYEnvironment.load(KeYEnvironment.java:224)
	at de.uka.ilkd.key.control.KeYEnvironment.load(KeYEnvironment.java:184)
	at de.uka.ilkd.key.control.KeYEnvironment.load(KeYEnvironment.java:261)
	at de.uka.ilkd.key.proof.runallproofs.proofcollection.TestFile.load(TestFile.java:270)
	at de.uka.ilkd.key.proof.runallproofs.proofcollection.TestFile.runKey(TestFile.java:160)
	at de.uka.ilkd.key.proof.runallproofs.proofcollection.ForkedTestFileRunner.main(ForkedTestFileRunner.java:171)
Caused by: java.lang.ExceptionInInitializerError
	at de.uka.ilkd.key.nparser.ParsingFacade.createParser(ParsingFacade.java:87)
	at de.uka.ilkd.key.nparser.ParsingFacade.parseFile(ParsingFacade.java:123)
	at de.uka.ilkd.key.proof.io.KeYFile.getParseContext(KeYFile.java:160)
	at de.uka.ilkd.key.proof.io.KeYFile.getProblemInformation(KeYFile.java:236)
	at de.uka.ilkd.key.proof.init.KeYUserProblemFile.readProfileFromFile(KeYUserProblemFile.java:236)
	at de.uka.ilkd.key.proof.init.KeYUserProblemFile.getProfile(KeYUserProblemFile.java:216)
	at de.uka.ilkd.key.proof.io.AbstractProblemLoader.createProblemInitializer(AbstractProblemLoader.java:508)
	at de.uka.ilkd.key.proof.io.AbstractProblemLoader.loadEnvironment(AbstractProblemLoader.java:288)
	at de.uka.ilkd.key.proof.io.AbstractProblemLoader.load(AbstractProblemLoader.java:253)
	at de.uka.ilkd.key.control.AbstractUserInterfaceControl.load(AbstractUserInterfaceControl.java:209)
	... 7 more
Caused by: java.lang.UnsupportedOperationException: java.io.InvalidClassException: org.antlr.v4.runtime.atn.ATN; Could not deserialize ATN with version 3 (expected 4).
	at org.antlr.v4.runtime.atn.ATNDeserializer.deserialize(ATNDeserializer.java:56)
	at org.antlr.v4.runtime.atn.ATNDeserializer.deserialize(ATNDeserializer.java:48)
	at de.uka.ilkd.key.nparser.KeYParser.<clinit>(KeYParser.java:11834)
	... 17 more
Caused by: java.io.InvalidClassException: org.antlr.v4.runtime.atn.ATN; Could not deserialize ATN with version 3 (expected 4).
	... 20 more
Could not initialize class de.uka.ilkd.key.nparser.KeYParser (file: /home/runner/work/key/key/key.core/../key.ui/examples/index/.././performance-test/Disjoint(Disjoint__disjoint2_08()).JML_operation_contract.0.key; caused by: java.lang.NoClassDefFoundError: Could not initialize class de.uka.ilkd.key.nparser.KeYParser)
	at de.uka.ilkd.key.control.AbstractUserInterfaceControl.load(AbstractUserInterfaceControl.java:221)
	at de.uka.ilkd.key.control.KeYEnvironment.load(KeYEnvironment.java:251)
	at de.uka.ilkd.key.control.KeYEnvironment.load(KeYEnvironment.java:224)
	at de.uka.ilkd.key.control.KeYEnvironment.load(KeYEnvironment.java:184)
	at de.uka.ilkd.key.control.KeYEnvironment.load(KeYEnvironment.java:261)
	at de.uka.ilkd.key.proof.runallproofs.proofcollection.TestFile.load(TestFile.java:270)
	at de.uka.ilkd.key.proof.runallproofs.proofcollection.TestFile.runKey(TestFile.java:160)
	at de.uka.ilkd.key.proof.runallproofs.proofcollection.ForkedTestFileRunner.main(ForkedTestFileRunner.java:171)
Caused by: java.lang.NoClassDefFoundError: Could not initialize class de.uka.ilkd.key.nparser.KeYParser
	at de.uka.ilkd.key.nparser.ParsingFacade.createParser(ParsingFacade.java:87)
	at de.uka.ilkd.key.nparser.ParsingFacade.parseFile(ParsingFacade.java:123)
	at de.uka.ilkd.key.proof.io.KeYFile.getParseContext(KeYFile.java:160)
	at de.uka.ilkd.key.proof.io.KeYFile.getProblemInformation(KeYFile.java:236)
	at de.uka.ilkd.key.proof.init.KeYUserProblemFile.readProfileFromFile(KeYUserProblemFile.java:236)
	at de.uka.ilkd.key.proof.init.KeYUserProblemFile.getProfile(KeYUserProblemFile.java:216)
	at de.uka.ilkd.key.proof.io.AbstractProblemLoader.createProblemInitializer(AbstractProblemLoader.java:508)
	at de.uka.ilkd.key.proof.io.AbstractProblemLoader.loadEnvironment(AbstractProblemLoader.java:288)
	at de.uka.ilkd.key.proof.io.AbstractProblemLoader.load(AbstractProblemLoader.java:253)
	at de.uka.ilkd.key.control.AbstractUserInterfaceControl.load(AbstractUserInterfaceControl.java:209)
	... 7 more
Could not initialize class de.uka.ilkd.key.nparser.KeYParser (file: /home/runner/work/key/key/key.core/../key.ui/examples/index/.././performance-test/AccessChain1(AccessChain1__foo_08()).JML_operation_contract.0.key; caused by: java.lang.NoClassDefFoundError: Could not initialize class de.uka.ilkd.key.nparser.KeYParser)
	at de.uka.ilkd.key.control.AbstractUserInterfaceControl.load(AbstractUserInterfaceControl.java:221)
	at de.uka.ilkd.key.control.KeYEnvironment.load(KeYEnvironment.java:251)
	at de.uka.ilkd.key.control.KeYEnvironment.load(KeYEnvironment.java:224)
	at de.uka.ilkd.key.control.KeYEnvironment.load(KeYEnvironment.java:184)
	at de.uka.ilkd.key.control.KeYEnvironment.load(KeYEnvironment.java:261)
	at de.uka.ilkd.key.proof.runallproofs.proofcollection.TestFile.load(TestFile.java:270)
	at de.uka.ilkd.key.proof.runallproofs.proofcollection.TestFile.runKey(TestFile.java:160)
	at de.uka.ilkd.key.proof.runallproofs.proofcollection.ForkedTestFileRunner.main(ForkedTestFileRunner.java:171)
Caused by: java.lang.NoClassDefFoundError: Could not initialize class de.uka.ilkd.key.nparser.KeYParser
	at de.uka.ilkd.key.nparser.ParsingFacade.createParser(ParsingFacade.java:87)
	at de.uka.ilkd.key.nparser.ParsingFacade.parseFile(ParsingFacade.java:123)
	at de.uka.ilkd.key.proof.io.KeYFile.getParseContext(KeYFile.java:160)
	at de.uka.ilkd.key.proof.io.KeYFile.getProblemInformation(KeYFile.java:236)
	at de.uka.ilkd.key.proof.init.KeYUserProblemFile.readProfileFromFile(KeYUserProblemFile.java:236)
	at de.uka.ilkd.key.proof.init.KeYUserProblemFile.getProfile(KeYUserProblemFile.java:216)
	at de.uka.ilkd.key.proof.io.AbstractProblemLoader.createProblemInitializer(AbstractProblemLoader.java:508)
	at de.uka.ilkd.key.proof.io.AbstractProblemLoader.loadEnvironment(AbstractProblemLoader.java:288)
	at de.uka.ilkd.key.proof.io.AbstractProblemLoader.load(AbstractProblemLoader.java:253)
	at de.uka.ilkd.key.control.AbstractUserInterfaceControl.load(AbstractUserInterfaceControl.java:209)
	... 7 more
Could not initialize class de.uka.ilkd.key.nparser.KeYParser (file: /home/runner/work/key/key/key.core/../key.ui/examples/index/.././performance-test/AccessChain4(AccessChain4__foo_08()).JML_operation_contract.0.key; caused by: java.lang.NoClassDefFoundError: Could not initialize class de.uka.ilkd.key.nparser.KeYParser)
	at de.uka.ilkd.key.control.AbstractUserInterfaceControl.load(AbstractUserInterfaceControl.java:221)
	at de.uka.ilkd.key.control.KeYEnvironment.load(KeYEnvironment.java:251)
	at de.uka.ilkd.key.control.KeYEnvironment.load(KeYEnvironment.java:224)
	at de.uka.ilkd.key.control.KeYEnvironment.load(KeYEnvironment.java:184)
	at de.uka.ilkd.key.control.KeYEnvironment.load(KeYEnvironment.java:261)
	at de.uka.ilkd.key.proof.runallproofs.proofcollection.TestFile.load(TestFile.java:270)
	at de.uka.ilkd.key.proof.runallproofs.proofcollection.TestFile.runKey(TestFile.java:160)
	at de.uka.ilkd.key.proof.runallproofs.proofcollection.ForkedTestFileRunner.main(ForkedTestFileRunner.java:171)
Caused by: java.lang.NoClassDefFoundError: Could not initialize class de.uka.ilkd.key.nparser.KeYParser
	at de.uka.ilkd.key.nparser.ParsingFacade.createParser(ParsingFacade.java:87)
	at de.uka.ilkd.key.nparser.ParsingFacade.parseFile(ParsingFacade.java:123)
	at de.uka.ilkd.key.proof.io.KeYFile.getParseContext(KeYFile.java:160)
	at de.uka.ilkd.key.proof.io.KeYFile.getProblemInformation(KeYFile.java:236)
	at de.uka.ilkd.key.proof.init.KeYUserProblemFile.readProfileFromFile(KeYUserProblemFile.java:236)
	at de.uka.ilkd.key.proof.init.KeYUserProblemFile.getProfile(KeYUserProblemFile.java:216)
	at de.uka.ilkd.key.proof.io.AbstractProblemLoader.createProblemInitializer(AbstractProblemLoader.java:508)
	at de.uka.ilkd.key.proof.io.AbstractProblemLoader.loadEnvironment(AbstractProblemLoader.java:288)
	at de.uka.ilkd.key.proof.io.AbstractProblemLoader.load(AbstractProblemLoader.java:253)
	at de.uka.ilkd.key.control.AbstractUserInterfaceControl.load(AbstractUserInterfaceControl.java:209)
	... 7 more
Could not initialize class de.uka.ilkd.key.nparser.KeYParser (file: /home/runner/work/key/key/key.core/../key.ui/examples/index/.././performance-test/Disjoint(Disjoint__xZero_08()).JML_operation_contract.0.key; caused by: java.lang.NoClassDefFoundError: Could not initialize class de.uka.ilkd.key.nparser.KeYParser)
	at de.uka.ilkd.key.control.AbstractUserInterfaceControl.load(AbstractUserInterfaceControl.java:221)
	at de.uka.ilkd.key.control.KeYEnvironment.load(KeYEnvironment.java:251)
	at de.uka.ilkd.key.control.KeYEnvironment.load(KeYEnvironment.java:224)
	at de.uka.ilkd.key.control.KeYEnvironment.load(KeYEnvironment.java:184)
	at de.uka.ilkd.key.control.KeYEnvironment.load(KeYEnvironment.java:261)
	at de.uka.ilkd.key.proof.runallproofs.proofcollection.TestFile.load(TestFile.java:270)
	at de.uka.ilkd.key.proof.runallproofs.proofcollection.TestFile.runKey(TestFile.java:160)
	at de.uka.ilkd.key.proof.runallproofs.proofcollection.ForkedTestFileRunner.main(ForkedTestFileRunner.java:171)
Caused by: java.lang.NoClassDefFoundError: Could not initialize class de.uka.ilkd.key.nparser.KeYParser
	at de.uka.ilkd.key.nparser.ParsingFacade.createParser(ParsingFacade.java:87)
	at de.uka.ilkd.key.nparser.ParsingFacade.parseFile(ParsingFacade.java:123)
	at de.uka.ilkd.key.proof.io.KeYFile.getParseContext(KeYFile.java:160)
	at de.uka.ilkd.key.proof.io.KeYFile.getProblemInformation(KeYFile.java:236)
	at de.uka.ilkd.key.proof.init.KeYUserProblemFile.readProfileFromFile(KeYUserProblemFile.java:236)
	at de.uka.ilkd.key.proof.init.KeYUserProblemFile.getProfile(KeYUserProblemFile.java:216)
	at de.uka.ilkd.key.proof.io.AbstractProblemLoader.createProblemInitializer(AbstractProblemLoader.java:508)
	at de.uka.ilkd.key.proof.io.AbstractProblemLoader.loadEnvironment(AbstractProblemLoader.java:288)
	at de.uka.ilkd.key.proof.io.AbstractProblemLoader.load(AbstractProblemLoader.java:253)
	at de.uka.ilkd.key.control.AbstractUserInterfaceControl.load(AbstractUserInterfaceControl.java:209)
	... 7 more
Could not initialize class de.uka.ilkd.key.nparser.KeYParser (file: /home/runner/work/key/key/key.core/../key.ui/examples/index/.././performance-test/Dynamic(Dynamic__foo_08()).JML_operation_contract.0.key; caused by: java.lang.NoClassDefFoundError: Could not initialize class de.uka.ilkd.key.nparser.KeYParser)
	at de.uka.ilkd.key.control.AbstractUserInterfaceControl.load(AbstractUserInterfaceControl.java:221)
	at de.uka.ilkd.key.control.KeYEnvironment.load(KeYEnvironment.java:251)
	at de.uka.ilkd.key.control.KeYEnvironment.load(KeYEnvironment.java:224)
	at de.uka.ilkd.key.control.KeYEnvironment.load(KeYEnvironment.java:184)
	at de.uka.ilkd.key.control.KeYEnvironment.load(KeYEnvironment.java:261)
	at de.uka.ilkd.key.proof.runallproofs.proofcollection.TestFile.load(TestFile.java:270)
	at de.uka.ilkd.key.proof.runallproofs.proofcollection.TestFile.runKey(TestFile.java:160)
	at de.uka.ilkd.key.proof.runallproofs.proofcollection.ForkedTestFileRunner.main(ForkedTestFileRunner.java:171)
Caused by: java.lang.NoClassDefFoundError: Could not initialize class de.uka.ilkd.key.nparser.KeYParser
	at de.uka.ilkd.key.nparser.ParsingFacade.createParser(ParsingFacade.java:87)
	at de.uka.ilkd.key.nparser.ParsingFacade.parseFile(ParsingFacade.java:123)
	at de.uka.ilkd.key.proof.io.KeYFile.getParseContext(KeYFile.java:160)
	at de.uka.ilkd.key.proof.io.KeYFile.getProblemInformation(KeYFile.java:236)
	at de.uka.ilkd.key.proof.init.KeYUserProblemFile.readProfileFromFile(KeYUserProblemFile.java:236)
	at de.uka.ilkd.key.proof.init.KeYUserProblemFile.getProfile(KeYUserProblemFile.java:216)
	at de.uka.ilkd.key.proof.io.AbstractProblemLoader.createProblemInitializer(AbstractProblemLoader.java:508)
	at de.uka.ilkd.key.proof.io.AbstractProblemLoader.loadEnvironment(AbstractProblemLoader.java:288)
	at de.uka.ilkd.key.proof.io.AbstractProblemLoader.load(AbstractProblemLoader.java:253)
	at de.uka.ilkd.key.control.AbstractUserInterfaceControl.load(AbstractUserInterfaceControl.java:209)
	... 7 more
Could not initialize class de.uka.ilkd.key.nparser.KeYParser (file: /home/runner/work/key/key/key.core/../key.ui/examples/index/.././performance-test/DynamicGhost(DynamicGhost__dynamicGhost_08()).JML_normal_behavior_operation_contract.0.key; caused by: java.lang.NoClassDefFoundError: Could not initialize class de.uka.ilkd.key.nparser.KeYParser)
	at de.uka.ilkd.key.control.AbstractUserInterfaceControl.load(AbstractUserInterfaceControl.java:221)
	at de.uka.ilkd.key.control.KeYEnvironment.load(KeYEnvironment.java:251)
	at de.uka.ilkd.key.control.KeYEnvironment.load(KeYEnvironment.java:224)
	at de.uka.ilkd.key.control.KeYEnvironment.load(KeYEnvironment.java:184)
	at de.uka.ilkd.key.control.KeYEnvironment.load(KeYEnvironment.java:261)
	at de.uka.ilkd.key.proof.runallproofs.proofcollection.TestFile.load(TestFile.java:270)
	at de.uka.ilkd.key.proof.runallproofs.proofcollection.TestFile.runKey(TestFile.java:160)
	at de.uka.ilkd.key.proof.runallproofs.proofcollection.ForkedTestFileRunner.main(ForkedTestFileRunner.java:171)
Caused by: java.lang.NoClassDefFoundError: Could not initialize class de.uka.ilkd.key.nparser.KeYParser
	at de.uka.ilkd.key.nparser.ParsingFacade.createParser(ParsingFacade.java:87)
	at de.uka.ilkd.key.nparser.ParsingFacade.parseFile(ParsingFacade.java:123)
	at de.uka.ilkd.key.proof.io.KeYFile.getParseContext(KeYFile.java:160)
	at de.uka.ilkd.key.proof.io.KeYFile.getProblemInformation(KeYFile.java:236)
	at de.uka.ilkd.key.proof.init.KeYUserProblemFile.readProfileFromFile(KeYUserProblemFile.java:236)
	at de.uka.ilkd.key.proof.init.KeYUserProblemFile.getProfile(KeYUserProblemFile.java:216)
	at de.uka.ilkd.key.proof.io.AbstractProblemLoader.createProblemInitializer(AbstractProblemLoader.java:508)
	at de.uka.ilkd.key.proof.io.AbstractProblemLoader.loadEnvironment(AbstractProblemLoader.java:288)
	at de.uka.ilkd.key.proof.io.AbstractProblemLoader.load(AbstractProblemLoader.java:253)
	at de.uka.ilkd.key.control.AbstractUserInterfaceControl.load(AbstractUserInterfaceControl.java:209)
	... 7 more
Could not initialize class de.uka.ilkd.key.nparser.KeYParser (file: /home/runner/work/key/key/key.core/../key.ui/examples/index/.././performance-test/GhostFrame(GhostFrame__foo_08()).JML_operation_contract.0.key; caused by: java.lang.NoClassDefFoundError: Could not initialize class de.uka.ilkd.key.nparser.KeYParser)
	at de.uka.ilkd.key.control.AbstractUserInterfaceControl.load(AbstractUserInterfaceControl.java:221)
	at de.uka.ilkd.key.control.KeYEnvironment.load(KeYEnvironment.java:251)
	at de.uka.ilkd.key.control.KeYEnvironment.load(KeYEnvironment.java:224)
	at de.uka.ilkd.key.control.KeYEnvironment.load(KeYEnvironment.java:184)
	at de.uka.ilkd.key.control.KeYEnvironment.load(KeYEnvironment.java:261)
	at de.uka.ilkd.key.proof.runallproofs.proofcollection.TestFile.load(TestFile.java:270)
	at de.uka.ilkd.key.proof.runallproofs.proofcollection.TestFile.runKey(TestFile.java:160)
	at de.uka.ilkd.key.proof.runallproofs.proofcollection.ForkedTestFileRunner.main(ForkedTestFileRunner.java:171)
Caused by: java.lang.NoClassDefFoundError: Could not initialize class de.uka.ilkd.key.nparser.KeYParser
	at de.uka.ilkd.key.nparser.ParsingFacade.createParser(ParsingFacade.java:87)
	at de.uka.ilkd.key.nparser.ParsingFacade.parseFile(ParsingFacade.java:123)
	at de.uka.ilkd.key.proof.io.KeYFile.getParseContext(KeYFile.java:160)
	at de.uka.ilkd.key.proof.io.KeYFile.getProblemInformation(KeYFile.java:236)
	at de.uka.ilkd.key.proof.init.KeYUserProblemFile.readProfileFromFile(KeYUserProblemFile.java:236)
	at de.uka.ilkd.key.proof.init.KeYUserProblemFile.getProfile(KeYUserProblemFile.java:216)
	at de.uka.ilkd.key.proof.io.AbstractProblemLoader.createProblemInitializer(AbstractProblemLoader.java:508)
	at de.uka.ilkd.key.proof.io.AbstractProblemLoader.loadEnvironment(AbstractProblemLoader.java:288)
	at de.uka.ilkd.key.proof.io.AbstractProblemLoader.load(AbstractProblemLoader.java:253)
	at de.uka.ilkd.key.control.AbstractUserInterfaceControl.load(AbstractUserInterfaceControl.java:209)
	... 7 more
Could not initialize class de.uka.ilkd.key.nparser.KeYParser (file: /home/runner/work/key/key/key.core/../key.ui/examples/index/.././performance-test/Modelfield(Modelfield__foo_08()).JML_operation_contract.0.key; caused by: java.lang.NoClassDefFoundError: Could not initialize class de.uka.ilkd.key.nparser.KeYParser)
	at de.uka.ilkd.key.control.AbstractUserInterfaceControl.load(AbstractUserInterfaceControl.java:221)
	at de.uka.ilkd.key.control.KeYEnvironment.load(KeYEnvironment.java:251)
	at de.uka.ilkd.key.control.KeYEnvironment.load(KeYEnvironment.java:224)
	at de.uka.ilkd.key.control.KeYEnvironment.load(KeYEnvironment.java:184)
	at de.uka.ilkd.key.control.KeYEnvironment.load(KeYEnvironment.java:261)
	at de.uka.ilkd.key.proof.runallproofs.proofcollection.TestFile.load(TestFile.java:270)
	at de.uka.ilkd.key.proof.runallproofs.proofcollection.TestFile.runKey(TestFile.java:160)
	at de.uka.ilkd.key.proof.runallproofs.proofcollection.ForkedTestFileRunner.main(ForkedTestFileRunner.java:171)
Caused by: java.lang.NoClassDefFoundError: Could not initialize class de.uka.ilkd.key.nparser.KeYParser
	at de.uka.ilkd.key.nparser.ParsingFacade.createParser(ParsingFacade.java:87)
	at de.uka.ilkd.key.nparser.ParsingFacade.parseFile(ParsingFacade.java:123)
	at de.uka.ilkd.key.proof.io.KeYFile.getParseContext(KeYFile.java:160)
	at de.uka.ilkd.key.proof.io.KeYFile.getProblemInformation(KeYFile.java:236)
	at de.uka.ilkd.key.proof.init.KeYUserProblemFile.readProfileFromFile(KeYUserProblemFile.java:236)
	at de.uka.ilkd.key.proof.init.KeYUserProblemFile.getProfile(KeYUserProblemFile.java:216)
	at de.uka.ilkd.key.proof.io.AbstractProblemLoader.createProblemInitializer(AbstractProblemLoader.java:508)
	at de.uka.ilkd.key.proof.io.AbstractProblemLoader.loadEnvironment(AbstractProblemLoader.java:288)
	at de.uka.ilkd.key.proof.io.AbstractProblemLoader.load(AbstractProblemLoader.java:253)
	at de.uka.ilkd.key.control.AbstractUserInterfaceControl.load(AbstractUserInterfaceControl.java:209)
	... 7 more
Exception in thread "main" org.opentest4j.AssertionFailedError: Exception during the execution of proofs. See log for more details.
	at org.junit.jupiter.api.AssertionUtils.fail(AssertionUtils.java:38)
	at org.junit.jupiter.api.Assertions.fail(Assertions.java:135)
	at de.uka.ilkd.key.proof.runallproofs.proofcollection.ForkedTestFileRunner.main(ForkedTestFileRunner.java:192)
Timeout watcher launched (2000 secs.)
ANTLR Tool version 4.9.3 used for code generation does not match the current runtime version 4.12.0
 (file: /home/runner/work/key/key/key.core/../key.ui/examples/index/.././performance-test/Test(Test__a0(int)).JML_normal_behavior_operation_contract.0.key; caused by: java.lang.ExceptionInInitializerError)
	at de.uka.ilkd.key.control.AbstractUserInterfaceControl.load(AbstractUserInterfaceControl.java:221)
	at de.uka.ilkd.key.control.KeYEnvironment.load(KeYEnvironment.java:251)
	at de.uka.ilkd.key.control.KeYEnvironment.load(KeYEnvironment.java:224)
	at de.uka.ilkd.key.control.KeYEnvironment.load(KeYEnvironment.java:184)
	at de.uka.ilkd.key.control.KeYEnvironment.load(KeYEnvironment.java:261)
	at de.uka.ilkd.key.proof.runallproofs.proofcollection.TestFile.load(TestFile.java:270)
	at de.uka.ilkd.key.proof.runallproofs.proofcollection.TestFile.runKey(TestFile.java:160)
	at de.uka.ilkd.key.proof.runallproofs.proofcollection.ForkedTestFileRunner.main(ForkedTestFileRunner.java:171)
Caused by: java.lang.ExceptionInInitializerError
	at de.uka.ilkd.key.nparser.ParsingFacade.createParser(ParsingFacade.java:87)
	at de.uka.ilkd.key.nparser.ParsingFacade.parseFile(ParsingFacade.java:123)
	at de.uka.ilkd.key.proof.io.KeYFile.getParseContext(KeYFile.java:160)
	at de.uka.ilkd.key.proof.io.KeYFile.getProblemInformation(KeYFile.java:236)
	at de.uka.ilkd.key.proof.init.KeYUserProblemFile.readProfileFromFile(KeYUserProblemFile.java:236)
	at de.uka.ilkd.key.proof.init.KeYUserProblemFile.getProfile(KeYUserProblemFile.java:216)
	at de.uka.ilkd.key.proof.io.AbstractProblemLoader.createProblemInitializer(AbstractProblemLoader.java:508)
	at de.uka.ilkd.key.proof.io.AbstractProblemLoader.loadEnvironment(AbstractProblemLoader.java:288)
	at de.uka.ilkd.key.proof.io.AbstractProblemLoader.load(AbstractProblemLoader.java:253)
	at de.uka.ilkd.key.control.AbstractUserInterfaceControl.load(AbstractUserInterfaceControl.java:209)
	... 7 more
Caused by: java.lang.UnsupportedOperationException: java.io.InvalidClassException: org.antlr.v4.runtime.atn.ATN; Could not deserialize ATN with version 3 (expected 4).
	at org.antlr.v4.runtime.atn.ATNDeserializer.deserialize(ATNDeserializer.java:56)
	at org.antlr.v4.runtime.atn.ATNDeserializer.deserialize(ATNDeserializer.java:48)
	at de.uka.ilkd.key.nparser.KeYParser.<clinit>(KeYParser.java:11834)
	... 17 more
Caused by: java.io.InvalidClassException: org.antlr.v4.runtime.atn.ATN; Could not deserialize ATN with version 3 (expected 4).
	... 20 more
Could not initialize class de.uka.ilkd.key.nparser.KeYParser (file: /home/runner/work/key/key/key.core/../key.ui/examples/index/.././performance-test/Test(Test__a1(int)).JML_normal_behavior_operation_contract.0.key; caused by: java.lang.NoClassDefFoundError: Could not initialize class de.uka.ilkd.key.nparser.KeYParser)
	at de.uka.ilkd.key.control.AbstractUserInterfaceControl.load(AbstractUserInterfaceControl.java:221)
	at de.uka.ilkd.key.control.KeYEnvironment.load(KeYEnvironment.java:251)
	at de.uka.ilkd.key.control.KeYEnvironment.load(KeYEnvironment.java:224)
	at de.uka.ilkd.key.control.KeYEnvironment.load(KeYEnvironment.java:184)
	at de.uka.ilkd.key.control.KeYEnvironment.load(KeYEnvironment.java:261)
	at de.uka.ilkd.key.proof.runallproofs.proofcollection.TestFile.load(TestFile.java:270)
	at de.uka.ilkd.key.proof.runallproofs.proofcollection.TestFile.runKey(TestFile.java:160)
	at de.uka.ilkd.key.proof.runallproofs.proofcollection.ForkedTestFileRunner.main(ForkedTestFileRunner.java:171)
Caused by: java.lang.NoClassDefFoundError: Could not initialize class de.uka.ilkd.key.nparser.KeYParser
	at de.uka.ilkd.key.nparser.ParsingFacade.createParser(ParsingFacade.java:87)
	at de.uka.ilkd.key.nparser.ParsingFacade.parseFile(ParsingFacade.java:123)
	at de.uka.ilkd.key.proof.io.KeYFile.getParseContext(KeYFile.java:160)
	at de.uka.ilkd.key.proof.io.KeYFile.getProblemInformation(KeYFile.java:236)
	at de.uka.ilkd.key.proof.init.KeYUserProblemFile.readProfileFromFile(KeYUserProblemFile.java:236)
	at de.uka.ilkd.key.proof.init.KeYUserProblemFile.getProfile(KeYUserProblemFile.java:216)
	at de.uka.ilkd.key.proof.io.AbstractProblemLoader.createProblemInitializer(AbstractProblemLoader.java:508)
	at de.uka.ilkd.key.proof.io.AbstractProblemLoader.loadEnvironment(AbstractProblemLoader.java:288)
	at de.uka.ilkd.key.proof.io.AbstractProblemLoader.load(AbstractProblemLoader.java:253)
	at de.uka.ilkd.key.control.AbstractUserInterfaceControl.load(AbstractUserInterfaceControl.java:209)
	... 7 more
Could not initialize class de.uka.ilkd.key.nparser.KeYParser (file: /home/runner/work/key/key/key.core/../key.ui/examples/index/.././performance-test/Test(Test__f1(int)).JML_normal_behavior_operation_contract.0.key; caused by: java.lang.NoClassDefFoundError: Could not initialize class de.uka.ilkd.key.nparser.KeYParser)
	at de.uka.ilkd.key.control.AbstractUserInterfaceControl.load(AbstractUserInterfaceControl.java:221)
	at de.uka.ilkd.key.control.KeYEnvironment.load(KeYEnvironment.java:251)
	at de.uka.ilkd.key.control.KeYEnvironment.load(KeYEnvironment.java:224)
	at de.uka.ilkd.key.control.KeYEnvironment.load(KeYEnvironment.java:184)
	at de.uka.ilkd.key.control.KeYEnvironment.load(KeYEnvironment.java:261)
	at de.uka.ilkd.key.proof.runallproofs.proofcollection.TestFile.load(TestFile.java:270)
	at de.uka.ilkd.key.proof.runallproofs.proofcollection.TestFile.runKey(TestFile.java:160)
	at de.uka.ilkd.key.proof.runallproofs.proofcollection.ForkedTestFileRunner.main(ForkedTestFileRunner.java:171)
Caused by: java.lang.NoClassDefFoundError: Could not initialize class de.uka.ilkd.key.nparser.KeYParser
	at de.uka.ilkd.key.nparser.ParsingFacade.createParser(ParsingFacade.java:87)
	at de.uka.ilkd.key.nparser.ParsingFacade.parseFile(ParsingFacade.java:123)
	at de.uka.ilkd.key.proof.io.KeYFile.getParseContext(KeYFile.java:160)
	at de.uka.ilkd.key.proof.io.KeYFile.getProblemInformation(KeYFile.java:236)
	at de.uka.ilkd.key.proof.init.KeYUserProblemFile.readProfileFromFile(KeYUserProblemFile.java:236)
	at de.uka.ilkd.key.proof.init.KeYUserProblemFile.getProfile(KeYUserProblemFile.java:216)
	at de.uka.ilkd.key.proof.io.AbstractProblemLoader.createProblemInitializer(AbstractProblemLoader.java:508)
	at de.uka.ilkd.key.proof.io.AbstractProblemLoader.loadEnvironment(AbstractProblemLoader.java:288)
	at de.uka.ilkd.key.proof.io.AbstractProblemLoader.load(AbstractProblemLoader.java:253)
	at de.uka.ilkd.key.control.AbstractUserInterfaceControl.load(AbstractUserInterfaceControl.java:209)
	... 7 more
Exception in thread "main" org.opentest4j.AssertionFailedError: Exception during the execution of proofs. See log for more details.
	at org.junit.jupiter.api.AssertionUtils.fail(AssertionUtils.java:38)
	at org.junit.jupiter.api.Assertions.fail(Assertions.java:135)
	at de.uka.ilkd.key.proof.runallproofs.proofcollection.ForkedTestFileRunner.main(ForkedTestFileRunner.java:192)
Timeout watcher launched (2000 secs.)
ANTLR Tool version 4.9.3 used for code generation does not match the current runtime version 4.12.0
 (file: /home/runner/work/key/key/key.core/../key.ui/examples/index/.././heap/polarity_tests/wellformed1.key; caused by: java.lang.ExceptionInInitializerError)
	at de.uka.ilkd.key.control.AbstractUserInterfaceControl.load(AbstractUserInterfaceControl.java:221)
	at de.uka.ilkd.key.control.KeYEnvironment.load(KeYEnvironment.java:251)
	at de.uka.ilkd.key.control.KeYEnvironment.load(KeYEnvironment.java:224)
	at de.uka.ilkd.key.control.KeYEnvironment.load(KeYEnvironment.java:184)
	at de.uka.ilkd.key.control.KeYEnvironment.load(KeYEnvironment.java:261)
	at de.uka.ilkd.key.proof.runallproofs.proofcollection.TestFile.load(TestFile.java:270)
	at de.uka.ilkd.key.proof.runallproofs.proofcollection.TestFile.runKey(TestFile.java:160)
	at de.uka.ilkd.key.proof.runallproofs.proofcollection.ForkedTestFileRunner.main(ForkedTestFileRunner.java:171)
Caused by: java.lang.ExceptionInInitializerError
	at de.uka.ilkd.key.nparser.ParsingFacade.createParser(ParsingFacade.java:87)
	at de.uka.ilkd.key.nparser.ParsingFacade.parseFile(ParsingFacade.java:123)
	at de.uka.ilkd.key.proof.io.KeYFile.getParseContext(KeYFile.java:160)
	at de.uka.ilkd.key.proof.io.KeYFile.getProblemInformation(KeYFile.java:236)
	at de.uka.ilkd.key.proof.init.KeYUserProblemFile.readProfileFromFile(KeYUserProblemFile.java:236)
	at de.uka.ilkd.key.proof.init.KeYUserProblemFile.getProfile(KeYUserProblemFile.java:216)
	at de.uka.ilkd.key.proof.io.AbstractProblemLoader.createProblemInitializer(AbstractProblemLoader.java:508)
	at de.uka.ilkd.key.proof.io.AbstractProblemLoader.loadEnvironment(AbstractProblemLoader.java:288)
	at de.uka.ilkd.key.proof.io.AbstractProblemLoader.load(AbstractProblemLoader.java:253)
	at de.uka.ilkd.key.control.AbstractUserInterfaceControl.load(AbstractUserInterfaceControl.java:209)
	... 7 more
Caused by: java.lang.UnsupportedOperationException: java.io.InvalidClassException: org.antlr.v4.runtime.atn.ATN; Could not deserialize ATN with version 3 (expected 4).
	at org.antlr.v4.runtime.atn.ATNDeserializer.deserialize(ATNDeserializer.java:56)
	at org.antlr.v4.runtime.atn.ATNDeserializer.deserialize(ATNDeserializer.java:48)
	at de.uka.ilkd.key.nparser.KeYParser.<clinit>(KeYParser.java:11834)
	... 17 more
Caused by: java.io.InvalidClassException: org.antlr.v4.runtime.atn.ATN; Could not deserialize ATN with version 3 (expected 4).
	... 20 more
Could not initialize class de.uka.ilkd.key.nparser.KeYParser (file: /home/runner/work/key/key/key.core/../key.ui/examples/index/.././heap/polarity_tests/wellformed2.key; caused by: java.lang.NoClassDefFoundError: Could not initialize class de.uka.ilkd.key.nparser.KeYParser)
	at de.uka.ilkd.key.control.AbstractUserInterfaceControl.load(AbstractUserInterfaceControl.java:221)
	at de.uka.ilkd.key.control.KeYEnvironment.load(KeYEnvironment.java:251)
	at de.uka.ilkd.key.control.KeYEnvironment.load(KeYEnvironment.java:224)
	at de.uka.ilkd.key.control.KeYEnvironment.load(KeYEnvironment.java:184)
	at de.uka.ilkd.key.control.KeYEnvironment.load(KeYEnvironment.java:261)
	at de.uka.ilkd.key.proof.runallproofs.proofcollection.TestFile.load(TestFile.java:270)
	at de.uka.ilkd.key.proof.runallproofs.proofcollection.TestFile.runKey(TestFile.java:160)
	at de.uka.ilkd.key.proof.runallproofs.proofcollection.ForkedTestFileRunner.main(ForkedTestFileRunner.java:171)
Caused by: java.lang.NoClassDefFoundError: Could not initialize class de.uka.ilkd.key.nparser.KeYParser
	at de.uka.ilkd.key.nparser.ParsingFacade.createParser(ParsingFacade.java:87)
	at de.uka.ilkd.key.nparser.ParsingFacade.parseFile(ParsingFacade.java:123)
	at de.uka.ilkd.key.proof.io.KeYFile.getParseContext(KeYFile.java:160)
	at de.uka.ilkd.key.proof.io.KeYFile.getProblemInformation(KeYFile.java:236)
	at de.uka.ilkd.key.proof.init.KeYUserProblemFile.readProfileFromFile(KeYUserProblemFile.java:236)
	at de.uka.ilkd.key.proof.init.KeYUserProblemFile.getProfile(KeYUserProblemFile.java:216)
	at de.uka.ilkd.key.proof.io.AbstractProblemLoader.createProblemInitializer(AbstractProblemLoader.java:508)
	at de.uka.ilkd.key.proof.io.AbstractProblemLoader.loadEnvironment(AbstractProblemLoader.java:288)
	at de.uka.ilkd.key.proof.io.AbstractProblemLoader.load(AbstractProblemLoader.java:253)
	at de.uka.ilkd.key.control.AbstractUserInterfaceControl.load(AbstractUserInterfaceControl.java:209)
	... 7 more
Could not initialize class de.uka.ilkd.key.nparser.KeYParser (file: /home/runner/work/key/key/key.core/../key.ui/examples/index/.././heap/polarity_tests/wellformed3.key; caused by: java.lang.NoClassDefFoundError: Could not initialize class de.uka.ilkd.key.nparser.KeYParser)
	at de.uka.ilkd.key.control.AbstractUserInterfaceControl.load(AbstractUserInterfaceControl.java:221)
	at de.uka.ilkd.key.control.KeYEnvironment.load(KeYEnvironment.java:251)
	at de.uka.ilkd.key.control.KeYEnvironment.load(KeYEnvironment.java:224)
	at de.uka.ilkd.key.control.KeYEnvironment.load(KeYEnvironment.java:184)
	at de.uka.ilkd.key.control.KeYEnvironment.load(KeYEnvironment.java:261)
	at de.uka.ilkd.key.proof.runallproofs.proofcollection.TestFile.load(TestFile.java:270)
	at de.uka.ilkd.key.proof.runallproofs.proofcollection.TestFile.runKey(TestFile.java:160)
	at de.uka.ilkd.key.proof.runallproofs.proofcollection.ForkedTestFileRunner.main(ForkedTestFileRunner.java:171)
Caused by: java.lang.NoClassDefFoundError: Could not initialize class de.uka.ilkd.key.nparser.KeYParser
	at de.uka.ilkd.key.nparser.ParsingFacade.createParser(ParsingFacade.java:87)
	at de.uka.ilkd.key.nparser.ParsingFacade.parseFile(ParsingFacade.java:123)
	at de.uka.ilkd.key.proof.io.KeYFile.getParseContext(KeYFile.java:160)
	at de.uka.ilkd.key.proof.io.KeYFile.getProblemInformation(KeYFile.java:236)
	at de.uka.ilkd.key.proof.init.KeYUserProblemFile.readProfileFromFile(KeYUserProblemFile.java:236)
	at de.uka.ilkd.key.proof.init.KeYUserProblemFile.getProfile(KeYUserProblemFile.java:216)
	at de.uka.ilkd.key.proof.io.AbstractProblemLoader.createProblemInitializer(AbstractProblemLoader.java:508)
	at de.uka.ilkd.key.proof.io.AbstractProblemLoader.loadEnvironment(AbstractProblemLoader.java:288)
	at de.uka.ilkd.key.proof.io.AbstractProblemLoader.load(AbstractProblemLoader.java:253)
	at de.uka.ilkd.key.control.AbstractUserInterfaceControl.load(AbstractUserInterfaceControl.java:209)
	... 7 more
Could not initialize class de.uka.ilkd.key.nparser.KeYParser (file: /home/runner/work/key/key/key.core/../key.ui/examples/index/.././heap/polarity_tests/wellformed4.key; caused by: java.lang.NoClassDefFoundError: Could not initialize class de.uka.ilkd.key.nparser.KeYParser)
	at de.uka.ilkd.key.control.AbstractUserInterfaceControl.load(AbstractUserInterfaceControl.java:221)
	at de.uka.ilkd.key.control.KeYEnvironment.load(KeYEnvironment.java:251)
	at de.uka.ilkd.key.control.KeYEnvironment.load(KeYEnvironment.java:224)
	at de.uka.ilkd.key.control.KeYEnvironment.load(KeYEnvironment.java:184)
	at de.uka.ilkd.key.control.KeYEnvironment.load(KeYEnvironment.java:261)
	at de.uka.ilkd.key.proof.runallproofs.proofcollection.TestFile.load(TestFile.java:270)
	at de.uka.ilkd.key.proof.runallproofs.proofcollection.TestFile.runKey(TestFile.java:160)
	at de.uka.ilkd.key.proof.runallproofs.proofcollection.ForkedTestFileRunner.main(ForkedTestFileRunner.java:171)
Caused by: java.lang.NoClassDefFoundError: Could not initialize class de.uka.ilkd.key.nparser.KeYParser
	at de.uka.ilkd.key.nparser.ParsingFacade.createParser(ParsingFacade.java:87)
	at de.uka.ilkd.key.nparser.ParsingFacade.parseFile(ParsingFacade.java:123)
	at de.uka.ilkd.key.proof.io.KeYFile.getParseContext(KeYFile.java:160)
	at de.uka.ilkd.key.proof.io.KeYFile.getProblemInformation(KeYFile.java:236)
	at de.uka.ilkd.key.proof.init.KeYUserProblemFile.readProfileFromFile(KeYUserProblemFile.java:236)
	at de.uka.ilkd.key.proof.init.KeYUserProblemFile.getProfile(KeYUserProblemFile.java:216)
	at de.uka.ilkd.key.proof.io.AbstractProblemLoader.createProblemInitializer(AbstractProblemLoader.java:508)
	at de.uka.ilkd.key.proof.io.AbstractProblemLoader.loadEnvironment(AbstractProblemLoader.java:288)
	at de.uka.ilkd.key.proof.io.AbstractProblemLoader.load(AbstractProblemLoader.java:253)
	at de.uka.ilkd.key.control.AbstractUserInterfaceControl.load(AbstractUserInterfaceControl.java:209)
	... 7 more
Could not initialize class de.uka.ilkd.key.nparser.KeYParser (file: /home/runner/work/key/key/key.core/../key.ui/examples/index/.././heap/polarity_tests/wellformed5.key; caused by: java.lang.NoClassDefFoundError: Could not initialize class de.uka.ilkd.key.nparser.KeYParser)
	at de.uka.ilkd.key.control.AbstractUserInterfaceControl.load(AbstractUserInterfaceControl.java:221)
	at de.uka.ilkd.key.control.KeYEnvironment.load(KeYEnvironment.java:251)
	at de.uka.ilkd.key.control.KeYEnvironment.load(KeYEnvironment.java:224)
	at de.uka.ilkd.key.control.KeYEnvironment.load(KeYEnvironment.java:184)
	at de.uka.ilkd.key.control.KeYEnvironment.load(KeYEnvironment.java:261)
	at de.uka.ilkd.key.proof.runallproofs.proofcollection.TestFile.load(TestFile.java:270)
	at de.uka.ilkd.key.proof.runallproofs.proofcollection.TestFile.runKey(TestFile.java:160)
	at de.uka.ilkd.key.proof.runallproofs.proofcollection.ForkedTestFileRunner.main(ForkedTestFileRunner.java:171)
Caused by: java.lang.NoClassDefFoundError: Could not initialize class de.uka.ilkd.key.nparser.KeYParser
	at de.uka.ilkd.key.nparser.ParsingFacade.createParser(ParsingFacade.java:87)
	at de.uka.ilkd.key.nparser.ParsingFacade.parseFile(ParsingFacade.java:123)
	at de.uka.ilkd.key.proof.io.KeYFile.getParseContext(KeYFile.java:160)
	at de.uka.ilkd.key.proof.io.KeYFile.getProblemInformation(KeYFile.java:236)
	at de.uka.ilkd.key.proof.init.KeYUserProblemFile.readProfileFromFile(KeYUserProblemFile.java:236)
	at de.uka.ilkd.key.proof.init.KeYUserProblemFile.getProfile(KeYUserProblemFile.java:216)
	at de.uka.ilkd.key.proof.io.AbstractProblemLoader.createProblemInitializer(AbstractProblemLoader.java:508)
	at de.uka.ilkd.key.proof.io.AbstractProblemLoader.loadEnvironment(AbstractProblemLoader.java:288)
	at de.uka.ilkd.key.proof.io.AbstractProblemLoader.load(AbstractProblemLoader.java:253)
	at de.uka.ilkd.key.control.AbstractUserInterfaceControl.load(AbstractUserInterfaceControl.java:209)
	... 7 more
Could not initialize class de.uka.ilkd.key.nparser.KeYParser (file: /home/runner/work/key/key/key.core/../key.ui/examples/index/.././heap/polarity_tests/wellformed6.key; caused by: java.lang.NoClassDefFoundError: Could not initialize class de.uka.ilkd.key.nparser.KeYParser)
	at de.uka.ilkd.key.control.AbstractUserInterfaceControl.load(AbstractUserInterfaceControl.java:221)
	at de.uka.ilkd.key.control.KeYEnvironment.load(KeYEnvironment.java:251)
	at de.uka.ilkd.key.control.KeYEnvironment.load(KeYEnvironment.java:224)
	at de.uka.ilkd.key.control.KeYEnvironment.load(KeYEnvironment.java:184)
	at de.uka.ilkd.key.control.KeYEnvironment.load(KeYEnvironment.java:261)
	at de.uka.ilkd.key.proof.runallproofs.proofcollection.TestFile.load(TestFile.java:270)
	at de.uka.ilkd.key.proof.runallproofs.proofcollection.TestFile.runKey(TestFile.java:160)
	at de.uka.ilkd.key.proof.runallproofs.proofcollection.ForkedTestFileRunner.main(ForkedTestFileRunner.java:171)
Caused by: java.lang.NoClassDefFoundError: Could not initialize class de.uka.ilkd.key.nparser.KeYParser
	at de.uka.ilkd.key.nparser.ParsingFacade.createParser(ParsingFacade.java:87)
	at de.uka.ilkd.key.nparser.ParsingFacade.parseFile(ParsingFacade.java:123)
	at de.uka.ilkd.key.proof.io.KeYFile.getParseContext(KeYFile.java:160)
	at de.uka.ilkd.key.proof.io.KeYFile.getProblemInformation(KeYFile.java:236)
	at de.uka.ilkd.key.proof.init.KeYUserProblemFile.readProfileFromFile(KeYUserProblemFile.java:236)
	at de.uka.ilkd.key.proof.init.KeYUserProblemFile.getProfile(KeYUserProblemFile.java:216)
	at de.uka.ilkd.key.proof.io.AbstractProblemLoader.createProblemInitializer(AbstractProblemLoader.java:508)
	at de.uka.ilkd.key.proof.io.AbstractProblemLoader.loadEnvironment(AbstractProblemLoader.java:288)
	at de.uka.ilkd.key.proof.io.AbstractProblemLoader.load(AbstractProblemLoader.java:253)
	at de.uka.ilkd.key.control.AbstractUserInterfaceControl.load(AbstractUserInterfaceControl.java:209)
	... 7 more
Could not initialize class de.uka.ilkd.key.nparser.KeYParser (file: /home/runner/work/key/key/key.core/../key.ui/examples/index/.././heap/polarity_tests/wellformed7.key; caused by: java.lang.NoClassDefFoundError: Could not initialize class de.uka.ilkd.key.nparser.KeYParser)
	at de.uka.ilkd.key.control.AbstractUserInterfaceControl.load(AbstractUserInterfaceControl.java:221)
	at de.uka.ilkd.key.control.KeYEnvironment.load(KeYEnvironment.java:251)
	at de.uka.ilkd.key.control.KeYEnvironment.load(KeYEnvironment.java:224)
	at de.uka.ilkd.key.control.KeYEnvironment.load(KeYEnvironment.java:184)
	at de.uka.ilkd.key.control.KeYEnvironment.load(KeYEnvironment.java:261)
	at de.uka.ilkd.key.proof.runallproofs.proofcollection.TestFile.load(TestFile.java:270)
	at de.uka.ilkd.key.proof.runallproofs.proofcollection.TestFile.runKey(TestFile.java:160)
	at de.uka.ilkd.key.proof.runallproofs.proofcollection.ForkedTestFileRunner.main(ForkedTestFileRunner.java:171)
Caused by: java.lang.NoClassDefFoundError: Could not initialize class de.uka.ilkd.key.nparser.KeYParser
	at de.uka.ilkd.key.nparser.ParsingFacade.createParser(ParsingFacade.java:87)
	at de.uka.ilkd.key.nparser.ParsingFacade.parseFile(ParsingFacade.java:123)
	at de.uka.ilkd.key.proof.io.KeYFile.getParseContext(KeYFile.java:160)
	at de.uka.ilkd.key.proof.io.KeYFile.getProblemInformation(KeYFile.java:236)
	at de.uka.ilkd.key.proof.init.KeYUserProblemFile.readProfileFromFile(KeYUserProblemFile.java:236)
	at de.uka.ilkd.key.proof.init.KeYUserProblemFile.getProfile(KeYUserProblemFile.java:216)
	at de.uka.ilkd.key.proof.io.AbstractProblemLoader.createProblemInitializer(AbstractProblemLoader.java:508)
	at de.uka.ilkd.key.proof.io.AbstractProblemLoader.loadEnvironment(AbstractProblemLoader.java:288)
	at de.uka.ilkd.key.proof.io.AbstractProblemLoader.load(AbstractProblemLoader.java:253)
	at de.uka.ilkd.key.control.AbstractUserInterfaceControl.load(AbstractUserInterfaceControl.java:209)
	... 7 more
Could not initialize class de.uka.ilkd.key.nparser.KeYParser (file: /home/runner/work/key/key/key.core/../key.ui/examples/index/.././heap/polarity_tests/wellformed8.key; caused by: java.lang.NoClassDefFoundError: Could not initialize class de.uka.ilkd.key.nparser.KeYParser)
	at de.uka.ilkd.key.control.AbstractUserInterfaceControl.load(AbstractUserInterfaceControl.java:221)
	at de.uka.ilkd.key.control.KeYEnvironment.load(KeYEnvironment.java:251)
	at de.uka.ilkd.key.control.KeYEnvironment.load(KeYEnvironment.java:224)
	at de.uka.ilkd.key.control.KeYEnvironment.load(KeYEnvironment.java:184)
	at de.uka.ilkd.key.control.KeYEnvironment.load(KeYEnvironment.java:261)
	at de.uka.ilkd.key.proof.runallproofs.proofcollection.TestFile.load(TestFile.java:270)
	at de.uka.ilkd.key.proof.runallproofs.proofcollection.TestFile.runKey(TestFile.java:160)
	at de.uka.ilkd.key.proof.runallproofs.proofcollection.ForkedTestFileRunner.main(ForkedTestFileRunner.java:171)
Caused by: java.lang.NoClassDefFoundError: Could not initialize class de.uka.ilkd.key.nparser.KeYParser
	at de.uka.ilkd.key.nparser.ParsingFacade.createParser(ParsingFacade.java:87)
	at de.uka.ilkd.key.nparser.ParsingFacade.parseFile(ParsingFacade.java:123)
	at de.uka.ilkd.key.proof.io.KeYFile.getParseContext(KeYFile.java:160)
	at de.uka.ilkd.key.proof.io.KeYFile.getProblemInformation(KeYFile.java:236)
	at de.uka.ilkd.key.proof.init.KeYUserProblemFile.readProfileFromFile(KeYUserProblemFile.java:236)
	at de.uka.ilkd.key.proof.init.KeYUserProblemFile.getProfile(KeYUserProblemFile.java:216)
	at de.uka.ilkd.key.proof.io.AbstractProblemLoader.createProblemInitializer(AbstractProblemLoader.java:508)
	at de.uka.ilkd.key.proof.io.AbstractProblemLoader.loadEnvironment(AbstractProblemLoader.java:288)
	at de.uka.ilkd.key.proof.io.AbstractProblemLoader.load(AbstractProblemLoader.java:253)
	at de.uka.ilkd.key.control.AbstractUserInterfaceControl.load(AbstractUserInterfaceControl.java:209)
	... 7 more
Could not initialize class de.uka.ilkd.key.nparser.KeYParser (file: /home/runner/work/key/key/key.core/../key.ui/examples/index/.././heap/polarity_tests/wellformed9.key; caused by: java.lang.NoClassDefFoundError: Could not initialize class de.uka.ilkd.key.nparser.KeYParser)
	at de.uka.ilkd.key.control.AbstractUserInterfaceControl.load(AbstractUserInterfaceControl.java:221)
	at de.uka.ilkd.key.control.KeYEnvironment.load(KeYEnvironment.java:251)
	at de.uka.ilkd.key.control.KeYEnvironment.load(KeYEnvironment.java:224)
	at de.uka.ilkd.key.control.KeYEnvironment.load(KeYEnvironment.java:184)
	at de.uka.ilkd.key.control.KeYEnvironment.load(KeYEnvironment.java:261)
	at de.uka.ilkd.key.proof.runallproofs.proofcollection.TestFile.load(TestFile.java:270)
	at de.uka.ilkd.key.proof.runallproofs.proofcollection.TestFile.runKey(TestFile.java:160)
	at de.uka.ilkd.key.proof.runallproofs.proofcollection.ForkedTestFileRunner.main(ForkedTestFileRunner.java:171)
Caused by: java.lang.NoClassDefFoundError: Could not initialize class de.uka.ilkd.key.nparser.KeYParser
	at de.uka.ilkd.key.nparser.ParsingFacade.createParser(ParsingFacade.java:87)
	at de.uka.ilkd.key.nparser.ParsingFacade.parseFile(ParsingFacade.java:123)
	at de.uka.ilkd.key.proof.io.KeYFile.getParseContext(KeYFile.java:160)
	at de.uka.ilkd.key.proof.io.KeYFile.getProblemInformation(KeYFile.java:236)
	at de.uka.ilkd.key.proof.init.KeYUserProblemFile.readProfileFromFile(KeYUserProblemFile.java:236)
	at de.uka.ilkd.key.proof.init.KeYUserProblemFile.getProfile(KeYUserProblemFile.java:216)
	at de.uka.ilkd.key.proof.io.AbstractProblemLoader.createProblemInitializer(AbstractProblemLoader.java:508)
	at de.uka.ilkd.key.proof.io.AbstractProblemLoader.loadEnvironment(AbstractProblemLoader.java:288)
	at de.uka.ilkd.key.proof.io.AbstractProblemLoader.load(AbstractProblemLoader.java:253)
	at de.uka.ilkd.key.control.AbstractUserInterfaceControl.load(AbstractUserInterfaceControl.java:209)
	... 7 more
Could not initialize class de.uka.ilkd.key.nparser.KeYParser (file: /home/runner/work/key/key/key.core/../key.ui/examples/index/.././heap/polarity_tests/wellformed10.key; caused by: java.lang.NoClassDefFoundError: Could not initialize class de.uka.ilkd.key.nparser.KeYParser)
	at de.uka.ilkd.key.control.AbstractUserInterfaceControl.load(AbstractUserInterfaceControl.java:221)
	at de.uka.ilkd.key.control.KeYEnvironment.load(KeYEnvironment.java:251)
	at de.uka.ilkd.key.control.KeYEnvironment.load(KeYEnvironment.java:224)
	at de.uka.ilkd.key.control.KeYEnvironment.load(KeYEnvironment.java:184)
	at de.uka.ilkd.key.control.KeYEnvironment.load(KeYEnvironment.java:261)
	at de.uka.ilkd.key.proof.runallproofs.proofcollection.TestFile.load(TestFile.java:270)
	at de.uka.ilkd.key.proof.runallproofs.proofcollection.TestFile.runKey(TestFile.java:160)
	at de.uka.ilkd.key.proof.runallproofs.proofcollection.ForkedTestFileRunner.main(ForkedTestFileRunner.java:171)
Caused by: java.lang.NoClassDefFoundError: Could not initialize class de.uka.ilkd.key.nparser.KeYParser
	at de.uka.ilkd.key.nparser.ParsingFacade.createParser(ParsingFacade.java:87)
	at de.uka.ilkd.key.nparser.ParsingFacade.parseFile(ParsingFacade.java:123)
	at de.uka.ilkd.key.proof.io.KeYFile.getParseContext(KeYFile.java:160)
	at de.uka.ilkd.key.proof.io.KeYFile.getProblemInformation(KeYFile.java:236)
	at de.uka.ilkd.key.proof.init.KeYUserProblemFile.readProfileFromFile(KeYUserProblemFile.java:236)
	at de.uka.ilkd.key.proof.init.KeYUserProblemFile.getProfile(KeYUserProblemFile.java:216)
	at de.uka.ilkd.key.proof.io.AbstractProblemLoader.createProblemInitializer(AbstractProblemLoader.java:508)
	at de.uka.ilkd.key.proof.io.AbstractProblemLoader.loadEnvironment(AbstractProblemLoader.java:288)
	at de.uka.ilkd.key.proof.io.AbstractProblemLoader.load(AbstractProblemLoader.java:253)
	at de.uka.ilkd.key.control.AbstractUserInterfaceControl.load(AbstractUserInterfaceControl.java:209)
	... 7 more
Could not initialize class de.uka.ilkd.key.nparser.KeYParser (file: /home/runner/work/key/key/key.core/../key.ui/examples/index/.././heap/polarity_tests/wellformed11.key; caused by: java.lang.NoClassDefFoundError: Could not initialize class de.uka.ilkd.key.nparser.KeYParser)
	at de.uka.ilkd.key.control.AbstractUserInterfaceControl.load(AbstractUserInterfaceControl.java:221)
	at de.uka.ilkd.key.control.KeYEnvironment.load(KeYEnvironment.java:251)
	at de.uka.ilkd.key.control.KeYEnvironment.load(KeYEnvironment.java:224)
	at de.uka.ilkd.key.control.KeYEnvironment.load(KeYEnvironment.java:184)
	at de.uka.ilkd.key.control.KeYEnvironment.load(KeYEnvironment.java:261)
	at de.uka.ilkd.key.proof.runallproofs.proofcollection.TestFile.load(TestFile.java:270)
	at de.uka.ilkd.key.proof.runallproofs.proofcollection.TestFile.runKey(TestFile.java:160)
	at de.uka.ilkd.key.proof.runallproofs.proofcollection.ForkedTestFileRunner.main(ForkedTestFileRunner.java:171)
Caused by: java.lang.NoClassDefFoundError: Could not initialize class de.uka.ilkd.key.nparser.KeYParser
	at de.uka.ilkd.key.nparser.ParsingFacade.createParser(ParsingFacade.java:87)
	at de.uka.ilkd.key.nparser.ParsingFacade.parseFile(ParsingFacade.java:123)
	at de.uka.ilkd.key.proof.io.KeYFile.getParseContext(KeYFile.java:160)
	at de.uka.ilkd.key.proof.io.KeYFile.getProblemInformation(KeYFile.java:236)
	at de.uka.ilkd.key.proof.init.KeYUserProblemFile.readProfileFromFile(KeYUserProblemFile.java:236)
	at de.uka.ilkd.key.proof.init.KeYUserProblemFile.getProfile(KeYUserProblemFile.java:216)
	at de.uka.ilkd.key.proof.io.AbstractProblemLoader.createProblemInitializer(AbstractProblemLoader.java:508)
	at de.uka.ilkd.key.proof.io.AbstractProblemLoader.loadEnvironment(AbstractProblemLoader.java:288)
	at de.uka.ilkd.key.proof.io.AbstractProblemLoader.load(AbstractProblemLoader.java:253)
	at de.uka.ilkd.key.control.AbstractUserInterfaceControl.load(AbstractUserInterfaceControl.java:209)
	... 7 more
Exception in thread "main" org.opentest4j.AssertionFailedError: Exception during the execution of proofs. See log for more details.
	at org.junit.jupiter.api.AssertionUtils.fail(AssertionUtils.java:38)
	at org.junit.jupiter.api.Assertions.fail(Assertions.java:135)
	at de.uka.ilkd.key.proof.runallproofs.proofcollection.ForkedTestFileRunner.main(ForkedTestFileRunner.java:192)
Timeout watcher launched (2000 secs.)
ANTLR Tool version 4.9.3 used for code generation does not match the current runtime version 4.12.0
 (file: /home/runner/work/key/key/key.core/../key.ui/examples/index/.././heap/block_contracts/Simple__add.key; caused by: java.lang.ExceptionInInitializerError)
	at de.uka.ilkd.key.control.AbstractUserInterfaceControl.load(AbstractUserInterfaceControl.java:221)
	at de.uka.ilkd.key.control.KeYEnvironment.load(KeYEnvironment.java:251)
	at de.uka.ilkd.key.control.KeYEnvironment.load(KeYEnvironment.java:224)
	at de.uka.ilkd.key.control.KeYEnvironment.load(KeYEnvironment.java:184)
	at de.uka.ilkd.key.control.KeYEnvironment.load(KeYEnvironment.java:261)
	at de.uka.ilkd.key.proof.runallproofs.proofcollection.TestFile.load(TestFile.java:270)
	at de.uka.ilkd.key.proof.runallproofs.proofcollection.TestFile.runKey(TestFile.java:160)
	at de.uka.ilkd.key.proof.runallproofs.proofcollection.ForkedTestFileRunner.main(ForkedTestFileRunner.java:171)
Caused by: java.lang.ExceptionInInitializerError
	at de.uka.ilkd.key.nparser.ParsingFacade.createParser(ParsingFacade.java:87)
	at de.uka.ilkd.key.nparser.ParsingFacade.parseFile(ParsingFacade.java:123)
	at de.uka.ilkd.key.proof.io.KeYFile.getParseContext(KeYFile.java:160)
	at de.uka.ilkd.key.proof.io.KeYFile.getProblemInformation(KeYFile.java:236)
	at de.uka.ilkd.key.proof.init.KeYUserProblemFile.readProfileFromFile(KeYUserProblemFile.java:236)
	at de.uka.ilkd.key.proof.init.KeYUserProblemFile.getProfile(KeYUserProblemFile.java:216)
	at de.uka.ilkd.key.proof.io.AbstractProblemLoader.createProblemInitializer(AbstractProblemLoader.java:508)
	at de.uka.ilkd.key.proof.io.AbstractProblemLoader.loadEnvironment(AbstractProblemLoader.java:288)
	at de.uka.ilkd.key.proof.io.AbstractProblemLoader.load(AbstractProblemLoader.java:253)
	at de.uka.ilkd.key.control.AbstractUserInterfaceControl.load(AbstractUserInterfaceControl.java:209)
	... 7 more
Caused by: java.lang.UnsupportedOperationException: java.io.InvalidClassException: org.antlr.v4.runtime.atn.ATN; Could not deserialize ATN with version 3 (expected 4).
	at org.antlr.v4.runtime.atn.ATNDeserializer.deserialize(ATNDeserializer.java:56)
	at org.antlr.v4.runtime.atn.ATNDeserializer.deserialize(ATNDeserializer.java:48)
	at de.uka.ilkd.key.nparser.KeYParser.<clinit>(KeYParser.java:11834)
	... 17 more
Caused by: java.io.InvalidClassException: org.antlr.v4.runtime.atn.ATN; Could not deserialize ATN with version 3 (expected 4).
	... 20 more
Could not initialize class de.uka.ilkd.key.nparser.KeYParser (file: /home/runner/work/key/key/key.core/../key.ui/examples/index/.././heap/block_contracts/Simple__addAbsoluteValues.key; caused by: java.lang.NoClassDefFoundError: Could not initialize class de.uka.ilkd.key.nparser.KeYParser)
	at de.uka.ilkd.key.control.AbstractUserInterfaceControl.load(AbstractUserInterfaceControl.java:221)
	at de.uka.ilkd.key.control.KeYEnvironment.load(KeYEnvironment.java:251)
	at de.uka.ilkd.key.control.KeYEnvironment.load(KeYEnvironment.java:224)
	at de.uka.ilkd.key.control.KeYEnvironment.load(KeYEnvironment.java:184)
	at de.uka.ilkd.key.control.KeYEnvironment.load(KeYEnvironment.java:261)
	at de.uka.ilkd.key.proof.runallproofs.proofcollection.TestFile.load(TestFile.java:270)
	at de.uka.ilkd.key.proof.runallproofs.proofcollection.TestFile.runKey(TestFile.java:160)
	at de.uka.ilkd.key.proof.runallproofs.proofcollection.ForkedTestFileRunner.main(ForkedTestFileRunner.java:171)
Caused by: java.lang.NoClassDefFoundError: Could not initialize class de.uka.ilkd.key.nparser.KeYParser
	at de.uka.ilkd.key.nparser.ParsingFacade.createParser(ParsingFacade.java:87)
	at de.uka.ilkd.key.nparser.ParsingFacade.parseFile(ParsingFacade.java:123)
	at de.uka.ilkd.key.proof.io.KeYFile.getParseContext(KeYFile.java:160)
	at de.uka.ilkd.key.proof.io.KeYFile.getProblemInformation(KeYFile.java:236)
	at de.uka.ilkd.key.proof.init.KeYUserProblemFile.readProfileFromFile(KeYUserProblemFile.java:236)
	at de.uka.ilkd.key.proof.init.KeYUserProblemFile.getProfile(KeYUserProblemFile.java:216)
	at de.uka.ilkd.key.proof.io.AbstractProblemLoader.createProblemInitializer(AbstractProblemLoader.java:508)
	at de.uka.ilkd.key.proof.io.AbstractProblemLoader.loadEnvironment(AbstractProblemLoader.java:288)
	at de.uka.ilkd.key.proof.io.AbstractProblemLoader.load(AbstractProblemLoader.java:253)
	at de.uka.ilkd.key.control.AbstractUserInterfaceControl.load(AbstractUserInterfaceControl.java:209)
	... 7 more
Could not initialize class de.uka.ilkd.key.nparser.KeYParser (file: /home/runner/work/key/key/key.core/../key.ui/examples/index/.././heap/block_contracts/Simple__addWithJump.key; caused by: java.lang.NoClassDefFoundError: Could not initialize class de.uka.ilkd.key.nparser.KeYParser)
	at de.uka.ilkd.key.control.AbstractUserInterfaceControl.load(AbstractUserInterfaceControl.java:221)
	at de.uka.ilkd.key.control.KeYEnvironment.load(KeYEnvironment.java:251)
	at de.uka.ilkd.key.control.KeYEnvironment.load(KeYEnvironment.java:224)
	at de.uka.ilkd.key.control.KeYEnvironment.load(KeYEnvironment.java:184)
	at de.uka.ilkd.key.control.KeYEnvironment.load(KeYEnvironment.java:261)
	at de.uka.ilkd.key.proof.runallproofs.proofcollection.TestFile.load(TestFile.java:270)
	at de.uka.ilkd.key.proof.runallproofs.proofcollection.TestFile.runKey(TestFile.java:160)
	at de.uka.ilkd.key.proof.runallproofs.proofcollection.ForkedTestFileRunner.main(ForkedTestFileRunner.java:171)
Caused by: java.lang.NoClassDefFoundError: Could not initialize class de.uka.ilkd.key.nparser.KeYParser
	at de.uka.ilkd.key.nparser.ParsingFacade.createParser(ParsingFacade.java:87)
	at de.uka.ilkd.key.nparser.ParsingFacade.parseFile(ParsingFacade.java:123)
	at de.uka.ilkd.key.proof.io.KeYFile.getParseContext(KeYFile.java:160)
	at de.uka.ilkd.key.proof.io.KeYFile.getProblemInformation(KeYFile.java:236)
	at de.uka.ilkd.key.proof.init.KeYUserProblemFile.readProfileFromFile(KeYUserProblemFile.java:236)
	at de.uka.ilkd.key.proof.init.KeYUserProblemFile.getProfile(KeYUserProblemFile.java:216)
	at de.uka.ilkd.key.proof.io.AbstractProblemLoader.createProblemInitializer(AbstractProblemLoader.java:508)
	at de.uka.ilkd.key.proof.io.AbstractProblemLoader.loadEnvironment(AbstractProblemLoader.java:288)
	at de.uka.ilkd.key.proof.io.AbstractProblemLoader.load(AbstractProblemLoader.java:253)
	at de.uka.ilkd.key.control.AbstractUserInterfaceControl.load(AbstractUserInterfaceControl.java:209)
	... 7 more
Could not initialize class de.uka.ilkd.key.nparser.KeYParser (file: /home/runner/work/key/key/key.core/../key.ui/examples/index/.././heap/block_contracts/Simple__addWithTwoBlockContracts.key; caused by: java.lang.NoClassDefFoundError: Could not initialize class de.uka.ilkd.key.nparser.KeYParser)
	at de.uka.ilkd.key.control.AbstractUserInterfaceControl.load(AbstractUserInterfaceControl.java:221)
	at de.uka.ilkd.key.control.KeYEnvironment.load(KeYEnvironment.java:251)
	at de.uka.ilkd.key.control.KeYEnvironment.load(KeYEnvironment.java:224)
	at de.uka.ilkd.key.control.KeYEnvironment.load(KeYEnvironment.java:184)
	at de.uka.ilkd.key.control.KeYEnvironment.load(KeYEnvironment.java:261)
	at de.uka.ilkd.key.proof.runallproofs.proofcollection.TestFile.load(TestFile.java:270)
	at de.uka.ilkd.key.proof.runallproofs.proofcollection.TestFile.runKey(TestFile.java:160)
	at de.uka.ilkd.key.proof.runallproofs.proofcollection.ForkedTestFileRunner.main(ForkedTestFileRunner.java:171)
Caused by: java.lang.NoClassDefFoundError: Could not initialize class de.uka.ilkd.key.nparser.KeYParser
	at de.uka.ilkd.key.nparser.ParsingFacade.createParser(ParsingFacade.java:87)
	at de.uka.ilkd.key.nparser.ParsingFacade.parseFile(ParsingFacade.java:123)
	at de.uka.ilkd.key.proof.io.KeYFile.getParseContext(KeYFile.java:160)
	at de.uka.ilkd.key.proof.io.KeYFile.getProblemInformation(KeYFile.java:236)
	at de.uka.ilkd.key.proof.init.KeYUserProblemFile.readProfileFromFile(KeYUserProblemFile.java:236)
	at de.uka.ilkd.key.proof.init.KeYUserProblemFile.getProfile(KeYUserProblemFile.java:216)
	at de.uka.ilkd.key.proof.io.AbstractProblemLoader.createProblemInitializer(AbstractProblemLoader.java:508)
	at de.uka.ilkd.key.proof.io.AbstractProblemLoader.loadEnvironment(AbstractProblemLoader.java:288)
	at de.uka.ilkd.key.proof.io.AbstractProblemLoader.load(AbstractProblemLoader.java:253)
	at de.uka.ilkd.key.control.AbstractUserInterfaceControl.load(AbstractUserInterfaceControl.java:209)
	... 7 more
Could not initialize class de.uka.ilkd.key.nparser.KeYParser (file: /home/runner/work/key/key/key.core/../key.ui/examples/index/.././heap/block_contracts/Simple__generateByteArray.key; caused by: java.lang.NoClassDefFoundError: Could not initialize class de.uka.ilkd.key.nparser.KeYParser)
	at de.uka.ilkd.key.control.AbstractUserInterfaceControl.load(AbstractUserInterfaceControl.java:221)
	at de.uka.ilkd.key.control.KeYEnvironment.load(KeYEnvironment.java:251)
	at de.uka.ilkd.key.control.KeYEnvironment.load(KeYEnvironment.java:224)
	at de.uka.ilkd.key.control.KeYEnvironment.load(KeYEnvironment.java:184)
	at de.uka.ilkd.key.control.KeYEnvironment.load(KeYEnvironment.java:261)
	at de.uka.ilkd.key.proof.runallproofs.proofcollection.TestFile.load(TestFile.java:270)
	at de.uka.ilkd.key.proof.runallproofs.proofcollection.TestFile.runKey(TestFile.java:160)
	at de.uka.ilkd.key.proof.runallproofs.proofcollection.ForkedTestFileRunner.main(ForkedTestFileRunner.java:171)
Caused by: java.lang.NoClassDefFoundError: Could not initialize class de.uka.ilkd.key.nparser.KeYParser
	at de.uka.ilkd.key.nparser.ParsingFacade.createParser(ParsingFacade.java:87)
	at de.uka.ilkd.key.nparser.ParsingFacade.parseFile(ParsingFacade.java:123)
	at de.uka.ilkd.key.proof.io.KeYFile.getParseContext(KeYFile.java:160)
	at de.uka.ilkd.key.proof.io.KeYFile.getProblemInformation(KeYFile.java:236)
	at de.uka.ilkd.key.proof.init.KeYUserProblemFile.readProfileFromFile(KeYUserProblemFile.java:236)
	at de.uka.ilkd.key.proof.init.KeYUserProblemFile.getProfile(KeYUserProblemFile.java:216)
	at de.uka.ilkd.key.proof.io.AbstractProblemLoader.createProblemInitializer(AbstractProblemLoader.java:508)
	at de.uka.ilkd.key.proof.io.AbstractProblemLoader.loadEnvironment(AbstractProblemLoader.java:288)
	at de.uka.ilkd.key.proof.io.AbstractProblemLoader.load(AbstractProblemLoader.java:253)
	at de.uka.ilkd.key.control.AbstractUserInterfaceControl.load(AbstractUserInterfaceControl.java:209)
	... 7 more
Could not initialize class de.uka.ilkd.key.nparser.KeYParser (file: /home/runner/work/key/key/key.core/../key.ui/examples/index/.././heap/block_contracts/Simple__getLength.key; caused by: java.lang.NoClassDefFoundError: Could not initialize class de.uka.ilkd.key.nparser.KeYParser)
	at de.uka.ilkd.key.control.AbstractUserInterfaceControl.load(AbstractUserInterfaceControl.java:221)
	at de.uka.ilkd.key.control.KeYEnvironment.load(KeYEnvironment.java:251)
	at de.uka.ilkd.key.control.KeYEnvironment.load(KeYEnvironment.java:224)
	at de.uka.ilkd.key.control.KeYEnvironment.load(KeYEnvironment.java:184)
	at de.uka.ilkd.key.control.KeYEnvironment.load(KeYEnvironment.java:261)
	at de.uka.ilkd.key.proof.runallproofs.proofcollection.TestFile.load(TestFile.java:270)
	at de.uka.ilkd.key.proof.runallproofs.proofcollection.TestFile.runKey(TestFile.java:160)
	at de.uka.ilkd.key.proof.runallproofs.proofcollection.ForkedTestFileRunner.main(ForkedTestFileRunner.java:171)
Caused by: java.lang.NoClassDefFoundError: Could not initialize class de.uka.ilkd.key.nparser.KeYParser
	at de.uka.ilkd.key.nparser.ParsingFacade.createParser(ParsingFacade.java:87)
	at de.uka.ilkd.key.nparser.ParsingFacade.parseFile(ParsingFacade.java:123)
	at de.uka.ilkd.key.proof.io.KeYFile.getParseContext(KeYFile.java:160)
	at de.uka.ilkd.key.proof.io.KeYFile.getProblemInformation(KeYFile.java:236)
	at de.uka.ilkd.key.proof.init.KeYUserProblemFile.readProfileFromFile(KeYUserProblemFile.java:236)
	at de.uka.ilkd.key.proof.init.KeYUserProblemFile.getProfile(KeYUserProblemFile.java:216)
	at de.uka.ilkd.key.proof.io.AbstractProblemLoader.createProblemInitializer(AbstractProblemLoader.java:508)
	at de.uka.ilkd.key.proof.io.AbstractProblemLoader.loadEnvironment(AbstractProblemLoader.java:288)
	at de.uka.ilkd.key.proof.io.AbstractProblemLoader.load(AbstractProblemLoader.java:253)
	at de.uka.ilkd.key.control.AbstractUserInterfaceControl.load(AbstractUserInterfaceControl.java:209)
	... 7 more
Could not initialize class de.uka.ilkd.key.nparser.KeYParser (file: /home/runner/work/key/key/key.core/../key.ui/examples/index/.././heap/block_contracts/Simple__square.key; caused by: java.lang.NoClassDefFoundError: Could not initialize class de.uka.ilkd.key.nparser.KeYParser)
	at de.uka.ilkd.key.control.AbstractUserInterfaceControl.load(AbstractUserInterfaceControl.java:221)
	at de.uka.ilkd.key.control.KeYEnvironment.load(KeYEnvironment.java:251)
	at de.uka.ilkd.key.control.KeYEnvironment.load(KeYEnvironment.java:224)
	at de.uka.ilkd.key.control.KeYEnvironment.load(KeYEnvironment.java:184)
	at de.uka.ilkd.key.control.KeYEnvironment.load(KeYEnvironment.java:261)
	at de.uka.ilkd.key.proof.runallproofs.proofcollection.TestFile.load(TestFile.java:270)
	at de.uka.ilkd.key.proof.runallproofs.proofcollection.TestFile.runKey(TestFile.java:160)
	at de.uka.ilkd.key.proof.runallproofs.proofcollection.ForkedTestFileRunner.main(ForkedTestFileRunner.java:171)
Caused by: java.lang.NoClassDefFoundError: Could not initialize class de.uka.ilkd.key.nparser.KeYParser
	at de.uka.ilkd.key.nparser.ParsingFacade.createParser(ParsingFacade.java:87)
	at de.uka.ilkd.key.nparser.ParsingFacade.parseFile(ParsingFacade.java:123)
	at de.uka.ilkd.key.proof.io.KeYFile.getParseContext(KeYFile.java:160)
	at de.uka.ilkd.key.proof.io.KeYFile.getProblemInformation(KeYFile.java:236)
	at de.uka.ilkd.key.proof.init.KeYUserProblemFile.readProfileFromFile(KeYUserProblemFile.java:236)
	at de.uka.ilkd.key.proof.init.KeYUserProblemFile.getProfile(KeYUserProblemFile.java:216)
	at de.uka.ilkd.key.proof.io.AbstractProblemLoader.createProblemInitializer(AbstractProblemLoader.java:508)
	at de.uka.ilkd.key.proof.io.AbstractProblemLoader.loadEnvironment(AbstractProblemLoader.java:288)
	at de.uka.ilkd.key.proof.io.AbstractProblemLoader.load(AbstractProblemLoader.java:253)
	at de.uka.ilkd.key.control.AbstractUserInterfaceControl.load(AbstractUserInterfaceControl.java:209)
	... 7 more
Could not initialize class de.uka.ilkd.key.nparser.KeYParser (file: /home/runner/work/key/key/key.core/../key.ui/examples/index/.././heap/block_contracts/Simple__unnecessaryBlockContract.key; caused by: java.lang.NoClassDefFoundError: Could not initialize class de.uka.ilkd.key.nparser.KeYParser)
	at de.uka.ilkd.key.control.AbstractUserInterfaceControl.load(AbstractUserInterfaceControl.java:221)
	at de.uka.ilkd.key.control.KeYEnvironment.load(KeYEnvironment.java:251)
	at de.uka.ilkd.key.control.KeYEnvironment.load(KeYEnvironment.java:224)
	at de.uka.ilkd.key.control.KeYEnvironment.load(KeYEnvironment.java:184)
	at de.uka.ilkd.key.control.KeYEnvironment.load(KeYEnvironment.java:261)
	at de.uka.ilkd.key.proof.runallproofs.proofcollection.TestFile.load(TestFile.java:270)
	at de.uka.ilkd.key.proof.runallproofs.proofcollection.TestFile.runKey(TestFile.java:160)
	at de.uka.ilkd.key.proof.runallproofs.proofcollection.ForkedTestFileRunner.main(ForkedTestFileRunner.java:171)
Caused by: java.lang.NoClassDefFoundError: Could not initialize class de.uka.ilkd.key.nparser.KeYParser
	at de.uka.ilkd.key.nparser.ParsingFacade.createParser(ParsingFacade.java:87)
	at de.uka.ilkd.key.nparser.ParsingFacade.parseFile(ParsingFacade.java:123)
	at de.uka.ilkd.key.proof.io.KeYFile.getParseContext(KeYFile.java:160)
	at de.uka.ilkd.key.proof.io.KeYFile.getProblemInformation(KeYFile.java:236)
	at de.uka.ilkd.key.proof.init.KeYUserProblemFile.readProfileFromFile(KeYUserProblemFile.java:236)
	at de.uka.ilkd.key.proof.init.KeYUserProblemFile.getProfile(KeYUserProblemFile.java:216)
	at de.uka.ilkd.key.proof.io.AbstractProblemLoader.createProblemInitializer(AbstractProblemLoader.java:508)
	at de.uka.ilkd.key.proof.io.AbstractProblemLoader.loadEnvironment(AbstractProblemLoader.java:288)
	at de.uka.ilkd.key.proof.io.AbstractProblemLoader.load(AbstractProblemLoader.java:253)
	at de.uka.ilkd.key.control.AbstractUserInterfaceControl.load(AbstractUserInterfaceControl.java:209)
	... 7 more
Could not initialize class de.uka.ilkd.key.nparser.KeYParser (file: /home/runner/work/key/key/key.core/../key.ui/examples/index/.././heap/block_contracts/Simple__unnecessaryLoopInvariant.key; caused by: java.lang.NoClassDefFoundError: Could not initialize class de.uka.ilkd.key.nparser.KeYParser)
	at de.uka.ilkd.key.control.AbstractUserInterfaceControl.load(AbstractUserInterfaceControl.java:221)
	at de.uka.ilkd.key.control.KeYEnvironment.load(KeYEnvironment.java:251)
	at de.uka.ilkd.key.control.KeYEnvironment.load(KeYEnvironment.java:224)
	at de.uka.ilkd.key.control.KeYEnvironment.load(KeYEnvironment.java:184)
	at de.uka.ilkd.key.control.KeYEnvironment.load(KeYEnvironment.java:261)
	at de.uka.ilkd.key.proof.runallproofs.proofcollection.TestFile.load(TestFile.java:270)
	at de.uka.ilkd.key.proof.runallproofs.proofcollection.TestFile.runKey(TestFile.java:160)
	at de.uka.ilkd.key.proof.runallproofs.proofcollection.ForkedTestFileRunner.main(ForkedTestFileRunner.java:171)
Caused by: java.lang.NoClassDefFoundError: Could not initialize class de.uka.ilkd.key.nparser.KeYParser
	at de.uka.ilkd.key.nparser.ParsingFacade.createParser(ParsingFacade.java:87)
	at de.uka.ilkd.key.nparser.ParsingFacade.parseFile(ParsingFacade.java:123)
	at de.uka.ilkd.key.proof.io.KeYFile.getParseContext(KeYFile.java:160)
	at de.uka.ilkd.key.proof.io.KeYFile.getProblemInformation(KeYFile.java:236)
	at de.uka.ilkd.key.proof.init.KeYUserProblemFile.readProfileFromFile(KeYUserProblemFile.java:236)
	at de.uka.ilkd.key.proof.init.KeYUserProblemFile.getProfile(KeYUserProblemFile.java:216)
	at de.uka.ilkd.key.proof.io.AbstractProblemLoader.createProblemInitializer(AbstractProblemLoader.java:508)
	at de.uka.ilkd.key.proof.io.AbstractProblemLoader.loadEnvironment(AbstractProblemLoader.java:288)
	at de.uka.ilkd.key.proof.io.AbstractProblemLoader.load(AbstractProblemLoader.java:253)
	at de.uka.ilkd.key.control.AbstractUserInterfaceControl.load(AbstractUserInterfaceControl.java:209)
	... 7 more
Could not initialize class de.uka.ilkd.key.nparser.KeYParser (file: /home/runner/work/key/key/key.core/../key.ui/examples/index/.././standard_key/java_dl/jml-assert/assert.key; caused by: java.lang.NoClassDefFoundError: Could not initialize class de.uka.ilkd.key.nparser.KeYParser)
	at de.uka.ilkd.key.control.AbstractUserInterfaceControl.load(AbstractUserInterfaceControl.java:221)
	at de.uka.ilkd.key.control.KeYEnvironment.load(KeYEnvironment.java:251)
	at de.uka.ilkd.key.control.KeYEnvironment.load(KeYEnvironment.java:224)
	at de.uka.ilkd.key.control.KeYEnvironment.load(KeYEnvironment.java:184)
	at de.uka.ilkd.key.control.KeYEnvironment.load(KeYEnvironment.java:261)
	at de.uka.ilkd.key.proof.runallproofs.proofcollection.TestFile.load(TestFile.java:270)
	at de.uka.ilkd.key.proof.runallproofs.proofcollection.TestFile.runKey(TestFile.java:160)
	at de.uka.ilkd.key.proof.runallproofs.proofcollection.ForkedTestFileRunner.main(ForkedTestFileRunner.java:171)
Caused by: java.lang.NoClassDefFoundError: Could not initialize class de.uka.ilkd.key.nparser.KeYParser
	at de.uka.ilkd.key.nparser.ParsingFacade.createParser(ParsingFacade.java:87)
	at de.uka.ilkd.key.nparser.ParsingFacade.parseFile(ParsingFacade.java:123)
	at de.uka.ilkd.key.proof.io.KeYFile.getParseContext(KeYFile.java:160)
	at de.uka.ilkd.key.proof.io.KeYFile.getProblemInformation(KeYFile.java:236)
	at de.uka.ilkd.key.proof.init.KeYUserProblemFile.readProfileFromFile(KeYUserProblemFile.java:236)
	at de.uka.ilkd.key.proof.init.KeYUserProblemFile.getProfile(KeYUserProblemFile.java:216)
	at de.uka.ilkd.key.proof.io.AbstractProblemLoader.createProblemInitializer(AbstractProblemLoader.java:508)
	at de.uka.ilkd.key.proof.io.AbstractProblemLoader.loadEnvironment(AbstractProblemLoader.java:288)
	at de.uka.ilkd.key.proof.io.AbstractProblemLoader.load(AbstractProblemLoader.java:253)
	at de.uka.ilkd.key.control.AbstractUserInterfaceControl.load(AbstractUserInterfaceControl.java:209)
	... 7 more
Could not initialize class de.uka.ilkd.key.nparser.KeYParser (file: /home/runner/work/key/key/key.core/../key.ui/examples/index/.././standard_key/java_dl/jml-assert/assert_assume_order.key; caused by: java.lang.NoClassDefFoundError: Could not initialize class de.uka.ilkd.key.nparser.KeYParser)
	at de.uka.ilkd.key.control.AbstractUserInterfaceControl.load(AbstractUserInterfaceControl.java:221)
	at de.uka.ilkd.key.control.KeYEnvironment.load(KeYEnvironment.java:251)
	at de.uka.ilkd.key.control.KeYEnvironment.load(KeYEnvironment.java:224)
	at de.uka.ilkd.key.control.KeYEnvironment.load(KeYEnvironment.java:184)
	at de.uka.ilkd.key.control.KeYEnvironment.load(KeYEnvironment.java:261)
	at de.uka.ilkd.key.proof.runallproofs.proofcollection.TestFile.load(TestFile.java:270)
	at de.uka.ilkd.key.proof.runallproofs.proofcollection.TestFile.runKey(TestFile.java:160)
	at de.uka.ilkd.key.proof.runallproofs.proofcollection.ForkedTestFileRunner.main(ForkedTestFileRunner.java:171)
Caused by: java.lang.NoClassDefFoundError: Could not initialize class de.uka.ilkd.key.nparser.KeYParser
	at de.uka.ilkd.key.nparser.ParsingFacade.createParser(ParsingFacade.java:87)
	at de.uka.ilkd.key.nparser.ParsingFacade.parseFile(ParsingFacade.java:123)
	at de.uka.ilkd.key.proof.io.KeYFile.getParseContext(KeYFile.java:160)
	at de.uka.ilkd.key.proof.io.KeYFile.getProblemInformation(KeYFile.java:236)
	at de.uka.ilkd.key.proof.init.KeYUserProblemFile.readProfileFromFile(KeYUserProblemFile.java:236)
	at de.uka.ilkd.key.proof.init.KeYUserProblemFile.getProfile(KeYUserProblemFile.java:216)
	at de.uka.ilkd.key.proof.io.AbstractProblemLoader.createProblemInitializer(AbstractProblemLoader.java:508)
	at de.uka.ilkd.key.proof.io.AbstractProblemLoader.loadEnvironment(AbstractProblemLoader.java:288)
	at de.uka.ilkd.key.proof.io.AbstractProblemLoader.load(AbstractProblemLoader.java:253)
	at de.uka.ilkd.key.control.AbstractUserInterfaceControl.load(AbstractUserInterfaceControl.java:209)
	... 7 more
Could not initialize class de.uka.ilkd.key.nparser.KeYParser (file: /home/runner/work/key/key/key.core/../key.ui/examples/index/.././heap/block_loop_contracts/SimpleVariants/sum_onBlock_external.key; caused by: java.lang.NoClassDefFoundError: Could not initialize class de.uka.ilkd.key.nparser.KeYParser)
	at de.uka.ilkd.key.control.AbstractUserInterfaceControl.load(AbstractUserInterfaceControl.java:221)
	at de.uka.ilkd.key.control.KeYEnvironment.load(KeYEnvironment.java:251)
	at de.uka.ilkd.key.control.KeYEnvironment.load(KeYEnvironment.java:224)
	at de.uka.ilkd.key.control.KeYEnvironment.load(KeYEnvironment.java:184)
	at de.uka.ilkd.key.control.KeYEnvironment.load(KeYEnvironment.java:261)
	at de.uka.ilkd.key.proof.runallproofs.proofcollection.TestFile.load(TestFile.java:270)
	at de.uka.ilkd.key.proof.runallproofs.proofcollection.TestFile.runKey(TestFile.java:160)
	at de.uka.ilkd.key.proof.runallproofs.proofcollection.ForkedTestFileRunner.main(ForkedTestFileRunner.java:171)
Caused by: java.lang.NoClassDefFoundError: Could not initialize class de.uka.ilkd.key.nparser.KeYParser
	at de.uka.ilkd.key.nparser.ParsingFacade.createParser(ParsingFacade.java:87)
	at de.uka.ilkd.key.nparser.ParsingFacade.parseFile(ParsingFacade.java:123)
	at de.uka.ilkd.key.proof.io.KeYFile.getParseContext(KeYFile.java:160)
	at de.uka.ilkd.key.proof.io.KeYFile.getProblemInformation(KeYFile.java:236)
	at de.uka.ilkd.key.proof.init.KeYUserProblemFile.readProfileFromFile(KeYUserProblemFile.java:236)
	at de.uka.ilkd.key.proof.init.KeYUserProblemFile.getProfile(KeYUserProblemFile.java:216)
	at de.uka.ilkd.key.proof.io.AbstractProblemLoader.createProblemInitializer(AbstractProblemLoader.java:508)
	at de.uka.ilkd.key.proof.io.AbstractProblemLoader.loadEnvironment(AbstractProblemLoader.java:288)
	at de.uka.ilkd.key.proof.io.AbstractProblemLoader.load(AbstractProblemLoader.java:253)
	at de.uka.ilkd.key.control.AbstractUserInterfaceControl.load(AbstractUserInterfaceControl.java:209)
	... 7 more
Could not initialize class de.uka.ilkd.key.nparser.KeYParser (file: /home/runner/work/key/key/key.core/../key.ui/examples/index/.././heap/block_loop_contracts/SimpleVariants/sum_onBlock_internal.key; caused by: java.lang.NoClassDefFoundError: Could not initialize class de.uka.ilkd.key.nparser.KeYParser)
	at de.uka.ilkd.key.control.AbstractUserInterfaceControl.load(AbstractUserInterfaceControl.java:221)
	at de.uka.ilkd.key.control.KeYEnvironment.load(KeYEnvironment.java:251)
	at de.uka.ilkd.key.control.KeYEnvironment.load(KeYEnvironment.java:224)
	at de.uka.ilkd.key.control.KeYEnvironment.load(KeYEnvironment.java:184)
	at de.uka.ilkd.key.control.KeYEnvironment.load(KeYEnvironment.java:261)
	at de.uka.ilkd.key.proof.runallproofs.proofcollection.TestFile.load(TestFile.java:270)
	at de.uka.ilkd.key.proof.runallproofs.proofcollection.TestFile.runKey(TestFile.java:160)
	at de.uka.ilkd.key.proof.runallproofs.proofcollection.ForkedTestFileRunner.main(ForkedTestFileRunner.java:171)
Caused by: java.lang.NoClassDefFoundError: Could not initialize class de.uka.ilkd.key.nparser.KeYParser
	at de.uka.ilkd.key.nparser.ParsingFacade.createParser(ParsingFacade.java:87)
	at de.uka.ilkd.key.nparser.ParsingFacade.parseFile(ParsingFacade.java:123)
	at de.uka.ilkd.key.proof.io.KeYFile.getParseContext(KeYFile.java:160)
	at de.uka.ilkd.key.proof.io.KeYFile.getProblemInformation(KeYFile.java:236)
	at de.uka.ilkd.key.proof.init.KeYUserProblemFile.readProfileFromFile(KeYUserProblemFile.java:236)
	at de.uka.ilkd.key.proof.init.KeYUserProblemFile.getProfile(KeYUserProblemFile.java:216)
	at de.uka.ilkd.key.proof.io.AbstractProblemLoader.createProblemInitializer(AbstractProblemLoader.java:508)
	at de.uka.ilkd.key.proof.io.AbstractProblemLoader.loadEnvironment(AbstractProblemLoader.java:288)
	at de.uka.ilkd.key.proof.io.AbstractProblemLoader.load(AbstractProblemLoader.java:253)
	at de.uka.ilkd.key.control.AbstractUserInterfaceControl.load(AbstractUserInterfaceControl.java:209)
	... 7 more
Could not initialize class de.uka.ilkd.key.nparser.KeYParser (file: /home/runner/work/key/key/key.core/../key.ui/examples/index/.././heap/block_loop_contracts/SimpleVariants/sum_onBlock_loop.key; caused by: java.lang.NoClassDefFoundError: Could not initialize class de.uka.ilkd.key.nparser.KeYParser)
	at de.uka.ilkd.key.control.AbstractUserInterfaceControl.load(AbstractUserInterfaceControl.java:221)
	at de.uka.ilkd.key.control.KeYEnvironment.load(KeYEnvironment.java:251)
	at de.uka.ilkd.key.control.KeYEnvironment.load(KeYEnvironment.java:224)
	at de.uka.ilkd.key.control.KeYEnvironment.load(KeYEnvironment.java:184)
	at de.uka.ilkd.key.control.KeYEnvironment.load(KeYEnvironment.java:261)
	at de.uka.ilkd.key.proof.runallproofs.proofcollection.TestFile.load(TestFile.java:270)
	at de.uka.ilkd.key.proof.runallproofs.proofcollection.TestFile.runKey(TestFile.java:160)
	at de.uka.ilkd.key.proof.runallproofs.proofcollection.ForkedTestFileRunner.main(ForkedTestFileRunner.java:171)
Caused by: java.lang.NoClassDefFoundError: Could not initialize class de.uka.ilkd.key.nparser.KeYParser
	at de.uka.ilkd.key.nparser.ParsingFacade.createParser(ParsingFacade.java:87)
	at de.uka.ilkd.key.nparser.ParsingFacade.parseFile(ParsingFacade.java:123)
	at de.uka.ilkd.key.proof.io.KeYFile.getParseContext(KeYFile.java:160)
	at de.uka.ilkd.key.proof.io.KeYFile.getProblemInformation(KeYFile.java:236)
	at de.uka.ilkd.key.proof.init.KeYUserProblemFile.readProfileFromFile(KeYUserProblemFile.java:236)
	at de.uka.ilkd.key.proof.init.KeYUserProblemFile.getProfile(KeYUserProblemFile.java:216)
	at de.uka.ilkd.key.proof.io.AbstractProblemLoader.createProblemInitializer(AbstractProblemLoader.java:508)
	at de.uka.ilkd.key.proof.io.AbstractProblemLoader.loadEnvironment(AbstractProblemLoader.java:288)
	at de.uka.ilkd.key.proof.io.AbstractProblemLoader.load(AbstractProblemLoader.java:253)
	at de.uka.ilkd.key.control.AbstractUserInterfaceControl.load(AbstractUserInterfaceControl.java:209)
	... 7 more
Could not initialize class de.uka.ilkd.key.nparser.KeYParser (file: /home/runner/work/key/key/key.core/../key.ui/examples/index/.././heap/block_loop_contracts/SimpleVariants/sum_onLoop_external.key; caused by: java.lang.NoClassDefFoundError: Could not initialize class de.uka.ilkd.key.nparser.KeYParser)
	at de.uka.ilkd.key.control.AbstractUserInterfaceControl.load(AbstractUserInterfaceControl.java:221)
	at de.uka.ilkd.key.control.KeYEnvironment.load(KeYEnvironment.java:251)
	at de.uka.ilkd.key.control.KeYEnvironment.load(KeYEnvironment.java:224)
	at de.uka.ilkd.key.control.KeYEnvironment.load(KeYEnvironment.java:184)
	at de.uka.ilkd.key.control.KeYEnvironment.load(KeYEnvironment.java:261)
	at de.uka.ilkd.key.proof.runallproofs.proofcollection.TestFile.load(TestFile.java:270)
	at de.uka.ilkd.key.proof.runallproofs.proofcollection.TestFile.runKey(TestFile.java:160)
	at de.uka.ilkd.key.proof.runallproofs.proofcollection.ForkedTestFileRunner.main(ForkedTestFileRunner.java:171)
Caused by: java.lang.NoClassDefFoundError: Could not initialize class de.uka.ilkd.key.nparser.KeYParser
	at de.uka.ilkd.key.nparser.ParsingFacade.createParser(ParsingFacade.java:87)
	at de.uka.ilkd.key.nparser.ParsingFacade.parseFile(ParsingFacade.java:123)
	at de.uka.ilkd.key.proof.io.KeYFile.getParseContext(KeYFile.java:160)
	at de.uka.ilkd.key.proof.io.KeYFile.getProblemInformation(KeYFile.java:236)
	at de.uka.ilkd.key.proof.init.KeYUserProblemFile.readProfileFromFile(KeYUserProblemFile.java:236)
	at de.uka.ilkd.key.proof.init.KeYUserProblemFile.getProfile(KeYUserProblemFile.java:216)
	at de.uka.ilkd.key.proof.io.AbstractProblemLoader.createProblemInitializer(AbstractProblemLoader.java:508)
	at de.uka.ilkd.key.proof.io.AbstractProblemLoader.loadEnvironment(AbstractProblemLoader.java:288)
	at de.uka.ilkd.key.proof.io.AbstractProblemLoader.load(AbstractProblemLoader.java:253)
	at de.uka.ilkd.key.control.AbstractUserInterfaceControl.load(AbstractUserInterfaceControl.java:209)
	... 7 more
Could not initialize class de.uka.ilkd.key.nparser.KeYParser (file: /home/runner/work/key/key/key.core/../key.ui/examples/index/.././heap/block_loop_contracts/SimpleVariants/sum_onLoop_internal.key; caused by: java.lang.NoClassDefFoundError: Could not initialize class de.uka.ilkd.key.nparser.KeYParser)
	at de.uka.ilkd.key.control.AbstractUserInterfaceControl.load(AbstractUserInterfaceControl.java:221)
	at de.uka.ilkd.key.control.KeYEnvironment.load(KeYEnvironment.java:251)
	at de.uka.ilkd.key.control.KeYEnvironment.load(KeYEnvironment.java:224)
	at de.uka.ilkd.key.control.KeYEnvironment.load(KeYEnvironment.java:184)
	at de.uka.ilkd.key.control.KeYEnvironment.load(KeYEnvironment.java:261)
	at de.uka.ilkd.key.proof.runallproofs.proofcollection.TestFile.load(TestFile.java:270)
	at de.uka.ilkd.key.proof.runallproofs.proofcollection.TestFile.runKey(TestFile.java:160)
	at de.uka.ilkd.key.proof.runallproofs.proofcollection.ForkedTestFileRunner.main(ForkedTestFileRunner.java:171)
Caused by: java.lang.NoClassDefFoundError: Could not initialize class de.uka.ilkd.key.nparser.KeYParser
	at de.uka.ilkd.key.nparser.ParsingFacade.createParser(ParsingFacade.java:87)
	at de.uka.ilkd.key.nparser.ParsingFacade.parseFile(ParsingFacade.java:123)
	at de.uka.ilkd.key.proof.io.KeYFile.getParseContext(KeYFile.java:160)
	at de.uka.ilkd.key.proof.io.KeYFile.getProblemInformation(KeYFile.java:236)
	at de.uka.ilkd.key.proof.init.KeYUserProblemFile.readProfileFromFile(KeYUserProblemFile.java:236)
	at de.uka.ilkd.key.proof.init.KeYUserProblemFile.getProfile(KeYUserProblemFile.java:216)
	at de.uka.ilkd.key.proof.io.AbstractProblemLoader.createProblemInitializer(AbstractProblemLoader.java:508)
	at de.uka.ilkd.key.proof.io.AbstractProblemLoader.loadEnvironment(AbstractProblemLoader.java:288)
	at de.uka.ilkd.key.proof.io.AbstractProblemLoader.load(AbstractProblemLoader.java:253)
	at de.uka.ilkd.key.control.AbstractUserInterfaceControl.load(AbstractUserInterfaceControl.java:209)
	... 7 more
Could not initialize class de.uka.ilkd.key.nparser.KeYParser (file: /home/runner/work/key/key/key.core/../key.ui/examples/index/.././heap/block_loop_contracts/SimpleVariants/sum_onLoop_loop.key; caused by: java.lang.NoClassDefFoundError: Could not initialize class de.uka.ilkd.key.nparser.KeYParser)
	at de.uka.ilkd.key.control.AbstractUserInterfaceControl.load(AbstractUserInterfaceControl.java:221)
	at de.uka.ilkd.key.control.KeYEnvironment.load(KeYEnvironment.java:251)
	at de.uka.ilkd.key.control.KeYEnvironment.load(KeYEnvironment.java:224)
	at de.uka.ilkd.key.control.KeYEnvironment.load(KeYEnvironment.java:184)
	at de.uka.ilkd.key.control.KeYEnvironment.load(KeYEnvironment.java:261)
	at de.uka.ilkd.key.proof.runallproofs.proofcollection.TestFile.load(TestFile.java:270)
	at de.uka.ilkd.key.proof.runallproofs.proofcollection.TestFile.runKey(TestFile.java:160)
	at de.uka.ilkd.key.proof.runallproofs.proofcollection.ForkedTestFileRunner.main(ForkedTestFileRunner.java:171)
Caused by: java.lang.NoClassDefFoundError: Could not initialize class de.uka.ilkd.key.nparser.KeYParser
	at de.uka.ilkd.key.nparser.ParsingFacade.createParser(ParsingFacade.java:87)
	at de.uka.ilkd.key.nparser.ParsingFacade.parseFile(ParsingFacade.java:123)
	at de.uka.ilkd.key.proof.io.KeYFile.getParseContext(KeYFile.java:160)
	at de.uka.ilkd.key.proof.io.KeYFile.getProblemInformation(KeYFile.java:236)
	at de.uka.ilkd.key.proof.init.KeYUserProblemFile.readProfileFromFile(KeYUserProblemFile.java:236)
	at de.uka.ilkd.key.proof.init.KeYUserProblemFile.getProfile(KeYUserProblemFile.java:216)
	at de.uka.ilkd.key.proof.io.AbstractProblemLoader.createProblemInitializer(AbstractProblemLoader.java:508)
	at de.uka.ilkd.key.proof.io.AbstractProblemLoader.loadEnvironment(AbstractProblemLoader.java:288)
	at de.uka.ilkd.key.proof.io.AbstractProblemLoader.load(AbstractProblemLoader.java:253)
	at de.uka.ilkd.key.control.AbstractUserInterfaceControl.load(AbstractUserInterfaceControl.java:209)
	... 7 more
Could not initialize class de.uka.ilkd.key.nparser.KeYParser (file: /home/runner/work/key/key/key.core/../key.ui/examples/index/.././heap/block_loop_contracts/Free/blockContracts0.key; caused by: java.lang.NoClassDefFoundError: Could not initialize class de.uka.ilkd.key.nparser.KeYParser)
	at de.uka.ilkd.key.control.AbstractUserInterfaceControl.load(AbstractUserInterfaceControl.java:221)
	at de.uka.ilkd.key.control.KeYEnvironment.load(KeYEnvironment.java:251)
	at de.uka.ilkd.key.control.KeYEnvironment.load(KeYEnvironment.java:224)
	at de.uka.ilkd.key.control.KeYEnvironment.load(KeYEnvironment.java:184)
	at de.uka.ilkd.key.control.KeYEnvironment.load(KeYEnvironment.java:261)
	at de.uka.ilkd.key.proof.runallproofs.proofcollection.TestFile.load(TestFile.java:270)
	at de.uka.ilkd.key.proof.runallproofs.proofcollection.TestFile.runKey(TestFile.java:160)
	at de.uka.ilkd.key.proof.runallproofs.proofcollection.ForkedTestFileRunner.main(ForkedTestFileRunner.java:171)
Caused by: java.lang.NoClassDefFoundError: Could not initialize class de.uka.ilkd.key.nparser.KeYParser
	at de.uka.ilkd.key.nparser.ParsingFacade.createParser(ParsingFacade.java:87)
	at de.uka.ilkd.key.nparser.ParsingFacade.parseFile(ParsingFacade.java:123)
	at de.uka.ilkd.key.proof.io.KeYFile.getParseContext(KeYFile.java:160)
	at de.uka.ilkd.key.proof.io.KeYFile.getProblemInformation(KeYFile.java:236)
	at de.uka.ilkd.key.proof.init.KeYUserProblemFile.readProfileFromFile(KeYUserProblemFile.java:236)
	at de.uka.ilkd.key.proof.init.KeYUserProblemFile.getProfile(KeYUserProblemFile.java:216)
	at de.uka.ilkd.key.proof.io.AbstractProblemLoader.createProblemInitializer(AbstractProblemLoader.java:508)
	at de.uka.ilkd.key.proof.io.AbstractProblemLoader.loadEnvironment(AbstractProblemLoader.java:288)
	at de.uka.ilkd.key.proof.io.AbstractProblemLoader.load(AbstractProblemLoader.java:253)
	at de.uka.ilkd.key.control.AbstractUserInterfaceControl.load(AbstractUserInterfaceControl.java:209)
	... 7 more
Could not initialize class de.uka.ilkd.key.nparser.KeYParser (file: /home/runner/work/key/key/key.core/../key.ui/examples/index/.././heap/block_loop_contracts/Free/blockContracts1.key; caused by: java.lang.NoClassDefFoundError: Could not initialize class de.uka.ilkd.key.nparser.KeYParser)
	at de.uka.ilkd.key.control.AbstractUserInterfaceControl.load(AbstractUserInterfaceControl.java:221)
	at de.uka.ilkd.key.control.KeYEnvironment.load(KeYEnvironment.java:251)
	at de.uka.ilkd.key.control.KeYEnvironment.load(KeYEnvironment.java:224)
	at de.uka.ilkd.key.control.KeYEnvironment.load(KeYEnvironment.java:184)
	at de.uka.ilkd.key.control.KeYEnvironment.load(KeYEnvironment.java:261)
	at de.uka.ilkd.key.proof.runallproofs.proofcollection.TestFile.load(TestFile.java:270)
	at de.uka.ilkd.key.proof.runallproofs.proofcollection.TestFile.runKey(TestFile.java:160)
	at de.uka.ilkd.key.proof.runallproofs.proofcollection.ForkedTestFileRunner.main(ForkedTestFileRunner.java:171)
Caused by: java.lang.NoClassDefFoundError: Could not initialize class de.uka.ilkd.key.nparser.KeYParser
	at de.uka.ilkd.key.nparser.ParsingFacade.createParser(ParsingFacade.java:87)
	at de.uka.ilkd.key.nparser.ParsingFacade.parseFile(ParsingFacade.java:123)
	at de.uka.ilkd.key.proof.io.KeYFile.getParseContext(KeYFile.java:160)
	at de.uka.ilkd.key.proof.io.KeYFile.getProblemInformation(KeYFile.java:236)
	at de.uka.ilkd.key.proof.init.KeYUserProblemFile.readProfileFromFile(KeYUserProblemFile.java:236)
	at de.uka.ilkd.key.proof.init.KeYUserProblemFile.getProfile(KeYUserProblemFile.java:216)
	at de.uka.ilkd.key.proof.io.AbstractProblemLoader.createProblemInitializer(AbstractProblemLoader.java:508)
	at de.uka.ilkd.key.proof.io.AbstractProblemLoader.loadEnvironment(AbstractProblemLoader.java:288)
	at de.uka.ilkd.key.proof.io.AbstractProblemLoader.load(AbstractProblemLoader.java:253)
	at de.uka.ilkd.key.control.AbstractUserInterfaceControl.load(AbstractUserInterfaceControl.java:209)
	... 7 more
Could not initialize class de.uka.ilkd.key.nparser.KeYParser (file: /home/runner/work/key/key/key.core/../key.ui/examples/index/.././heap/block_loop_contracts/Finally/block_finally.key; caused by: java.lang.NoClassDefFoundError: Could not initialize class de.uka.ilkd.key.nparser.KeYParser)
	at de.uka.ilkd.key.control.AbstractUserInterfaceControl.load(AbstractUserInterfaceControl.java:221)
	at de.uka.ilkd.key.control.KeYEnvironment.load(KeYEnvironment.java:251)
	at de.uka.ilkd.key.control.KeYEnvironment.load(KeYEnvironment.java:224)
	at de.uka.ilkd.key.control.KeYEnvironment.load(KeYEnvironment.java:184)
	at de.uka.ilkd.key.control.KeYEnvironment.load(KeYEnvironment.java:261)
	at de.uka.ilkd.key.proof.runallproofs.proofcollection.TestFile.load(TestFile.java:270)
	at de.uka.ilkd.key.proof.runallproofs.proofcollection.TestFile.runKey(TestFile.java:160)
	at de.uka.ilkd.key.proof.runallproofs.proofcollection.ForkedTestFileRunner.main(ForkedTestFileRunner.java:171)
Caused by: java.lang.NoClassDefFoundError: Could not initialize class de.uka.ilkd.key.nparser.KeYParser
	at de.uka.ilkd.key.nparser.ParsingFacade.createParser(ParsingFacade.java:87)
	at de.uka.ilkd.key.nparser.ParsingFacade.parseFile(ParsingFacade.java:123)
	at de.uka.ilkd.key.proof.io.KeYFile.getParseContext(KeYFile.java:160)
	at de.uka.ilkd.key.proof.io.KeYFile.getProblemInformation(KeYFile.java:236)
	at de.uka.ilkd.key.proof.init.KeYUserProblemFile.readProfileFromFile(KeYUserProblemFile.java:236)
	at de.uka.ilkd.key.proof.init.KeYUserProblemFile.getProfile(KeYUserProblemFile.java:216)
	at de.uka.ilkd.key.proof.io.AbstractProblemLoader.createProblemInitializer(AbstractProblemLoader.java:508)
	at de.uka.ilkd.key.proof.io.AbstractProblemLoader.loadEnvironment(AbstractProblemLoader.java:288)
	at de.uka.ilkd.key.proof.io.AbstractProblemLoader.load(AbstractProblemLoader.java:253)
	at de.uka.ilkd.key.control.AbstractUserInterfaceControl.load(AbstractUserInterfaceControl.java:209)
	... 7 more
Could not initialize class de.uka.ilkd.key.nparser.KeYParser (file: /home/runner/work/key/key/key.core/../key.ui/examples/index/.././heap/block_loop_contracts/Finally/loop_finally.key; caused by: java.lang.NoClassDefFoundError: Could not initialize class de.uka.ilkd.key.nparser.KeYParser)
	at de.uka.ilkd.key.control.AbstractUserInterfaceControl.load(AbstractUserInterfaceControl.java:221)
	at de.uka.ilkd.key.control.KeYEnvironment.load(KeYEnvironment.java:251)
	at de.uka.ilkd.key.control.KeYEnvironment.load(KeYEnvironment.java:224)
	at de.uka.ilkd.key.control.KeYEnvironment.load(KeYEnvironment.java:184)
	at de.uka.ilkd.key.control.KeYEnvironment.load(KeYEnvironment.java:261)
	at de.uka.ilkd.key.proof.runallproofs.proofcollection.TestFile.load(TestFile.java:270)
	at de.uka.ilkd.key.proof.runallproofs.proofcollection.TestFile.runKey(TestFile.java:160)
	at de.uka.ilkd.key.proof.runallproofs.proofcollection.ForkedTestFileRunner.main(ForkedTestFileRunner.java:171)
Caused by: java.lang.NoClassDefFoundError: Could not initialize class de.uka.ilkd.key.nparser.KeYParser
	at de.uka.ilkd.key.nparser.ParsingFacade.createParser(ParsingFacade.java:87)
	at de.uka.ilkd.key.nparser.ParsingFacade.parseFile(ParsingFacade.java:123)
	at de.uka.ilkd.key.proof.io.KeYFile.getParseContext(KeYFile.java:160)
	at de.uka.ilkd.key.proof.io.KeYFile.getProblemInformation(KeYFile.java:236)
	at de.uka.ilkd.key.proof.init.KeYUserProblemFile.readProfileFromFile(KeYUserProblemFile.java:236)
	at de.uka.ilkd.key.proof.init.KeYUserProblemFile.getProfile(KeYUserProblemFile.java:216)
	at de.uka.ilkd.key.proof.io.AbstractProblemLoader.createProblemInitializer(AbstractProblemLoader.java:508)
	at de.uka.ilkd.key.proof.io.AbstractProblemLoader.loadEnvironment(AbstractProblemLoader.java:288)
	at de.uka.ilkd.key.proof.io.AbstractProblemLoader.load(AbstractProblemLoader.java:253)
	at de.uka.ilkd.key.control.AbstractUserInterfaceControl.load(AbstractUserInterfaceControl.java:209)
	... 7 more
Exception in thread "main" org.opentest4j.AssertionFailedError: Exception during the execution of proofs. See log for more details.
	at org.junit.jupiter.api.AssertionUtils.fail(AssertionUtils.java:38)
	at org.junit.jupiter.api.Assertions.fail(Assertions.java:135)
	at de.uka.ilkd.key.proof.runallproofs.proofcollection.ForkedTestFileRunner.main(ForkedTestFileRunner.java:192)
Timeout watcher launched (2000 secs.)
ANTLR Tool version 4.9.3 used for code generation does not match the current runtime version 4.12.0
 (file: /home/runner/work/key/key/key.core/../key.ui/examples/index/.././standard_key/java_dl/jml-assert/assert.key; caused by: java.lang.ExceptionInInitializerError)
	at de.uka.ilkd.key.control.AbstractUserInterfaceControl.load(AbstractUserInterfaceControl.java:221)
	at de.uka.ilkd.key.control.KeYEnvironment.load(KeYEnvironment.java:251)
	at de.uka.ilkd.key.control.KeYEnvironment.load(KeYEnvironment.java:224)
	at de.uka.ilkd.key.control.KeYEnvironment.load(KeYEnvironment.java:184)
	at de.uka.ilkd.key.control.KeYEnvironment.load(KeYEnvironment.java:261)
	at de.uka.ilkd.key.proof.runallproofs.proofcollection.TestFile.load(TestFile.java:270)
	at de.uka.ilkd.key.proof.runallproofs.proofcollection.TestFile.runKey(TestFile.java:160)
	at de.uka.ilkd.key.proof.runallproofs.proofcollection.ForkedTestFileRunner.main(ForkedTestFileRunner.java:171)
Caused by: java.lang.ExceptionInInitializerError
	at de.uka.ilkd.key.nparser.ParsingFacade.createParser(ParsingFacade.java:87)
	at de.uka.ilkd.key.nparser.ParsingFacade.parseFile(ParsingFacade.java:123)
	at de.uka.ilkd.key.proof.io.KeYFile.getParseContext(KeYFile.java:160)
	at de.uka.ilkd.key.proof.io.KeYFile.getProblemInformation(KeYFile.java:236)
	at de.uka.ilkd.key.proof.init.KeYUserProblemFile.readProfileFromFile(KeYUserProblemFile.java:236)
	at de.uka.ilkd.key.proof.init.KeYUserProblemFile.getProfile(KeYUserProblemFile.java:216)
	at de.uka.ilkd.key.proof.io.AbstractProblemLoader.createProblemInitializer(AbstractProblemLoader.java:508)
	at de.uka.ilkd.key.proof.io.AbstractProblemLoader.loadEnvironment(AbstractProblemLoader.java:288)
	at de.uka.ilkd.key.proof.io.AbstractProblemLoader.load(AbstractProblemLoader.java:253)
	at de.uka.ilkd.key.control.AbstractUserInterfaceControl.load(AbstractUserInterfaceControl.java:209)
	... 7 more
Caused by: java.lang.UnsupportedOperationException: java.io.InvalidClassException: org.antlr.v4.runtime.atn.ATN; Could not deserialize ATN with version 3 (expected 4).
	at org.antlr.v4.runtime.atn.ATNDeserializer.deserialize(ATNDeserializer.java:56)
	at org.antlr.v4.runtime.atn.ATNDeserializer.deserialize(ATNDeserializer.java:48)
	at de.uka.ilkd.key.nparser.KeYParser.<clinit>(KeYParser.java:11834)
	... 17 more
Caused by: java.io.InvalidClassException: org.antlr.v4.runtime.atn.ATN; Could not deserialize ATN with version 3 (expected 4).
	... 20 more
Could not initialize class de.uka.ilkd.key.nparser.KeYParser (file: /home/runner/work/key/key/key.core/../key.ui/examples/index/.././heap/block_loop_contracts/Free/assertions0.key; caused by: java.lang.NoClassDefFoundError: Could not initialize class de.uka.ilkd.key.nparser.KeYParser)
	at de.uka.ilkd.key.control.AbstractUserInterfaceControl.load(AbstractUserInterfaceControl.java:221)
	at de.uka.ilkd.key.control.KeYEnvironment.load(KeYEnvironment.java:251)
	at de.uka.ilkd.key.control.KeYEnvironment.load(KeYEnvironment.java:224)
	at de.uka.ilkd.key.control.KeYEnvironment.load(KeYEnvironment.java:184)
	at de.uka.ilkd.key.control.KeYEnvironment.load(KeYEnvironment.java:261)
	at de.uka.ilkd.key.proof.runallproofs.proofcollection.TestFile.load(TestFile.java:270)
	at de.uka.ilkd.key.proof.runallproofs.proofcollection.TestFile.runKey(TestFile.java:160)
	at de.uka.ilkd.key.proof.runallproofs.proofcollection.ForkedTestFileRunner.main(ForkedTestFileRunner.java:171)
Caused by: java.lang.NoClassDefFoundError: Could not initialize class de.uka.ilkd.key.nparser.KeYParser
	at de.uka.ilkd.key.nparser.ParsingFacade.createParser(ParsingFacade.java:87)
	at de.uka.ilkd.key.nparser.ParsingFacade.parseFile(ParsingFacade.java:123)
	at de.uka.ilkd.key.proof.io.KeYFile.getParseContext(KeYFile.java:160)
	at de.uka.ilkd.key.proof.io.KeYFile.getProblemInformation(KeYFile.java:236)
	at de.uka.ilkd.key.proof.init.KeYUserProblemFile.readProfileFromFile(KeYUserProblemFile.java:236)
	at de.uka.ilkd.key.proof.init.KeYUserProblemFile.getProfile(KeYUserProblemFile.java:216)
	at de.uka.ilkd.key.proof.io.AbstractProblemLoader.createProblemInitializer(AbstractProblemLoader.java:508)
	at de.uka.ilkd.key.proof.io.AbstractProblemLoader.loadEnvironment(AbstractProblemLoader.java:288)
	at de.uka.ilkd.key.proof.io.AbstractProblemLoader.load(AbstractProblemLoader.java:253)
	at de.uka.ilkd.key.control.AbstractUserInterfaceControl.load(AbstractUserInterfaceControl.java:209)
	... 7 more
Could not initialize class de.uka.ilkd.key.nparser.KeYParser (file: /home/runner/work/key/key/key.core/../key.ui/examples/index/.././heap/block_loop_contracts/Free/assertions1.key; caused by: java.lang.NoClassDefFoundError: Could not initialize class de.uka.ilkd.key.nparser.KeYParser)
	at de.uka.ilkd.key.control.AbstractUserInterfaceControl.load(AbstractUserInterfaceControl.java:221)
	at de.uka.ilkd.key.control.KeYEnvironment.load(KeYEnvironment.java:251)
	at de.uka.ilkd.key.control.KeYEnvironment.load(KeYEnvironment.java:224)
	at de.uka.ilkd.key.control.KeYEnvironment.load(KeYEnvironment.java:184)
	at de.uka.ilkd.key.control.KeYEnvironment.load(KeYEnvironment.java:261)
	at de.uka.ilkd.key.proof.runallproofs.proofcollection.TestFile.load(TestFile.java:270)
	at de.uka.ilkd.key.proof.runallproofs.proofcollection.TestFile.runKey(TestFile.java:160)
	at de.uka.ilkd.key.proof.runallproofs.proofcollection.ForkedTestFileRunner.main(ForkedTestFileRunner.java:171)
Caused by: java.lang.NoClassDefFoundError: Could not initialize class de.uka.ilkd.key.nparser.KeYParser
	at de.uka.ilkd.key.nparser.ParsingFacade.createParser(ParsingFacade.java:87)
	at de.uka.ilkd.key.nparser.ParsingFacade.parseFile(ParsingFacade.java:123)
	at de.uka.ilkd.key.proof.io.KeYFile.getParseContext(KeYFile.java:160)
	at de.uka.ilkd.key.proof.io.KeYFile.getProblemInformation(KeYFile.java:236)
	at de.uka.ilkd.key.proof.init.KeYUserProblemFile.readProfileFromFile(KeYUserProblemFile.java:236)
	at de.uka.ilkd.key.proof.init.KeYUserProblemFile.getProfile(KeYUserProblemFile.java:216)
	at de.uka.ilkd.key.proof.io.AbstractProblemLoader.createProblemInitializer(AbstractProblemLoader.java:508)
	at de.uka.ilkd.key.proof.io.AbstractProblemLoader.loadEnvironment(AbstractProblemLoader.java:288)
	at de.uka.ilkd.key.proof.io.AbstractProblemLoader.load(AbstractProblemLoader.java:253)
	at de.uka.ilkd.key.control.AbstractUserInterfaceControl.load(AbstractUserInterfaceControl.java:209)
	... 7 more
Could not initialize class de.uka.ilkd.key.nparser.KeYParser (file: /home/runner/work/key/key/key.core/../key.ui/examples/index/.././standard_key/java_dl/jml-assert/recursion-assert.key; caused by: java.lang.NoClassDefFoundError: Could not initialize class de.uka.ilkd.key.nparser.KeYParser)
	at de.uka.ilkd.key.control.AbstractUserInterfaceControl.load(AbstractUserInterfaceControl.java:221)
	at de.uka.ilkd.key.control.KeYEnvironment.load(KeYEnvironment.java:251)
	at de.uka.ilkd.key.control.KeYEnvironment.load(KeYEnvironment.java:224)
	at de.uka.ilkd.key.control.KeYEnvironment.load(KeYEnvironment.java:184)
	at de.uka.ilkd.key.control.KeYEnvironment.load(KeYEnvironment.java:261)
	at de.uka.ilkd.key.proof.runallproofs.proofcollection.TestFile.load(TestFile.java:270)
	at de.uka.ilkd.key.proof.runallproofs.proofcollection.TestFile.runKey(TestFile.java:160)
	at de.uka.ilkd.key.proof.runallproofs.proofcollection.ForkedTestFileRunner.main(ForkedTestFileRunner.java:171)
Caused by: java.lang.NoClassDefFoundError: Could not initialize class de.uka.ilkd.key.nparser.KeYParser
	at de.uka.ilkd.key.nparser.ParsingFacade.createParser(ParsingFacade.java:87)
	at de.uka.ilkd.key.nparser.ParsingFacade.parseFile(ParsingFacade.java:123)
	at de.uka.ilkd.key.proof.io.KeYFile.getParseContext(KeYFile.java:160)
	at de.uka.ilkd.key.proof.io.KeYFile.getProblemInformation(KeYFile.java:236)
	at de.uka.ilkd.key.proof.init.KeYUserProblemFile.readProfileFromFile(KeYUserProblemFile.java:236)
	at de.uka.ilkd.key.proof.init.KeYUserProblemFile.getProfile(KeYUserProblemFile.java:216)
	at de.uka.ilkd.key.proof.io.AbstractProblemLoader.createProblemInitializer(AbstractProblemLoader.java:508)
	at de.uka.ilkd.key.proof.io.AbstractProblemLoader.loadEnvironment(AbstractProblemLoader.java:288)
	at de.uka.ilkd.key.proof.io.AbstractProblemLoader.load(AbstractProblemLoader.java:253)
	at de.uka.ilkd.key.control.AbstractUserInterfaceControl.load(AbstractUserInterfaceControl.java:209)
	... 7 more
Could not initialize class de.uka.ilkd.key.nparser.KeYParser (file: /home/runner/work/key/key/key.core/../key.ui/examples/index/.././standard_key/java_dl/jml-assert/recursion-assume.key; caused by: java.lang.NoClassDefFoundError: Could not initialize class de.uka.ilkd.key.nparser.KeYParser)
	at de.uka.ilkd.key.control.AbstractUserInterfaceControl.load(AbstractUserInterfaceControl.java:221)
	at de.uka.ilkd.key.control.KeYEnvironment.load(KeYEnvironment.java:251)
	at de.uka.ilkd.key.control.KeYEnvironment.load(KeYEnvironment.java:224)
	at de.uka.ilkd.key.control.KeYEnvironment.load(KeYEnvironment.java:184)
	at de.uka.ilkd.key.control.KeYEnvironment.load(KeYEnvironment.java:261)
	at de.uka.ilkd.key.proof.runallproofs.proofcollection.TestFile.load(TestFile.java:270)
	at de.uka.ilkd.key.proof.runallproofs.proofcollection.TestFile.runKey(TestFile.java:160)
	at de.uka.ilkd.key.proof.runallproofs.proofcollection.ForkedTestFileRunner.main(ForkedTestFileRunner.java:171)
Caused by: java.lang.NoClassDefFoundError: Could not initialize class de.uka.ilkd.key.nparser.KeYParser
	at de.uka.ilkd.key.nparser.ParsingFacade.createParser(ParsingFacade.java:87)
	at de.uka.ilkd.key.nparser.ParsingFacade.parseFile(ParsingFacade.java:123)
	at de.uka.ilkd.key.proof.io.KeYFile.getParseContext(KeYFile.java:160)
	at de.uka.ilkd.key.proof.io.KeYFile.getProblemInformation(KeYFile.java:236)
	at de.uka.ilkd.key.proof.init.KeYUserProblemFile.readProfileFromFile(KeYUserProblemFile.java:236)
	at de.uka.ilkd.key.proof.init.KeYUserProblemFile.getProfile(KeYUserProblemFile.java:216)
	at de.uka.ilkd.key.proof.io.AbstractProblemLoader.createProblemInitializer(AbstractProblemLoader.java:508)
	at de.uka.ilkd.key.proof.io.AbstractProblemLoader.loadEnvironment(AbstractProblemLoader.java:288)
	at de.uka.ilkd.key.proof.io.AbstractProblemLoader.load(AbstractProblemLoader.java:253)
	at de.uka.ilkd.key.control.AbstractUserInterfaceControl.load(AbstractUserInterfaceControl.java:209)
	... 7 more
Could not initialize class de.uka.ilkd.key.nparser.KeYParser (file: /home/runner/work/key/key/key.core/../key.ui/examples/index/.././standard_key/java_dl/jml-assert/quantor-assert.key; caused by: java.lang.NoClassDefFoundError: Could not initialize class de.uka.ilkd.key.nparser.KeYParser)
	at de.uka.ilkd.key.control.AbstractUserInterfaceControl.load(AbstractUserInterfaceControl.java:221)
	at de.uka.ilkd.key.control.KeYEnvironment.load(KeYEnvironment.java:251)
	at de.uka.ilkd.key.control.KeYEnvironment.load(KeYEnvironment.java:224)
	at de.uka.ilkd.key.control.KeYEnvironment.load(KeYEnvironment.java:184)
	at de.uka.ilkd.key.control.KeYEnvironment.load(KeYEnvironment.java:261)
	at de.uka.ilkd.key.proof.runallproofs.proofcollection.TestFile.load(TestFile.java:270)
	at de.uka.ilkd.key.proof.runallproofs.proofcollection.TestFile.runKey(TestFile.java:160)
	at de.uka.ilkd.key.proof.runallproofs.proofcollection.ForkedTestFileRunner.main(ForkedTestFileRunner.java:171)
Caused by: java.lang.NoClassDefFoundError: Could not initialize class de.uka.ilkd.key.nparser.KeYParser
	at de.uka.ilkd.key.nparser.ParsingFacade.createParser(ParsingFacade.java:87)
	at de.uka.ilkd.key.nparser.ParsingFacade.parseFile(ParsingFacade.java:123)
	at de.uka.ilkd.key.proof.io.KeYFile.getParseContext(KeYFile.java:160)
	at de.uka.ilkd.key.proof.io.KeYFile.getProblemInformation(KeYFile.java:236)
	at de.uka.ilkd.key.proof.init.KeYUserProblemFile.readProfileFromFile(KeYUserProblemFile.java:236)
	at de.uka.ilkd.key.proof.init.KeYUserProblemFile.getProfile(KeYUserProblemFile.java:216)
	at de.uka.ilkd.key.proof.io.AbstractProblemLoader.createProblemInitializer(AbstractProblemLoader.java:508)
	at de.uka.ilkd.key.proof.io.AbstractProblemLoader.loadEnvironment(AbstractProblemLoader.java:288)
	at de.uka.ilkd.key.proof.io.AbstractProblemLoader.load(AbstractProblemLoader.java:253)
	at de.uka.ilkd.key.control.AbstractUserInterfaceControl.load(AbstractUserInterfaceControl.java:209)
	... 7 more
Could not initialize class de.uka.ilkd.key.nparser.KeYParser (file: /home/runner/work/key/key/key.core/../key.ui/examples/index/.././standard_key/java_dl/jml-assert/quantor-assume.key; caused by: java.lang.NoClassDefFoundError: Could not initialize class de.uka.ilkd.key.nparser.KeYParser)
	at de.uka.ilkd.key.control.AbstractUserInterfaceControl.load(AbstractUserInterfaceControl.java:221)
	at de.uka.ilkd.key.control.KeYEnvironment.load(KeYEnvironment.java:251)
	at de.uka.ilkd.key.control.KeYEnvironment.load(KeYEnvironment.java:224)
	at de.uka.ilkd.key.control.KeYEnvironment.load(KeYEnvironment.java:184)
	at de.uka.ilkd.key.control.KeYEnvironment.load(KeYEnvironment.java:261)
	at de.uka.ilkd.key.proof.runallproofs.proofcollection.TestFile.load(TestFile.java:270)
	at de.uka.ilkd.key.proof.runallproofs.proofcollection.TestFile.runKey(TestFile.java:160)
	at de.uka.ilkd.key.proof.runallproofs.proofcollection.ForkedTestFileRunner.main(ForkedTestFileRunner.java:171)
Caused by: java.lang.NoClassDefFoundError: Could not initialize class de.uka.ilkd.key.nparser.KeYParser
	at de.uka.ilkd.key.nparser.ParsingFacade.createParser(ParsingFacade.java:87)
	at de.uka.ilkd.key.nparser.ParsingFacade.parseFile(ParsingFacade.java:123)
	at de.uka.ilkd.key.proof.io.KeYFile.getParseContext(KeYFile.java:160)
	at de.uka.ilkd.key.proof.io.KeYFile.getProblemInformation(KeYFile.java:236)
	at de.uka.ilkd.key.proof.init.KeYUserProblemFile.readProfileFromFile(KeYUserProblemFile.java:236)
	at de.uka.ilkd.key.proof.init.KeYUserProblemFile.getProfile(KeYUserProblemFile.java:216)
	at de.uka.ilkd.key.proof.io.AbstractProblemLoader.createProblemInitializer(AbstractProblemLoader.java:508)
	at de.uka.ilkd.key.proof.io.AbstractProblemLoader.loadEnvironment(AbstractProblemLoader.java:288)
	at de.uka.ilkd.key.proof.io.AbstractProblemLoader.load(AbstractProblemLoader.java:253)
	at de.uka.ilkd.key.control.AbstractUserInterfaceControl.load(AbstractUserInterfaceControl.java:209)
	... 7 more
Could not initialize class de.uka.ilkd.key.nparser.KeYParser (file: /home/runner/work/key/key/key.core/../key.ui/examples/index/.././standard_key/java_dl/jml-assert/model-methods-static-static.key; caused by: java.lang.NoClassDefFoundError: Could not initialize class de.uka.ilkd.key.nparser.KeYParser)
	at de.uka.ilkd.key.control.AbstractUserInterfaceControl.load(AbstractUserInterfaceControl.java:221)
	at de.uka.ilkd.key.control.KeYEnvironment.load(KeYEnvironment.java:251)
	at de.uka.ilkd.key.control.KeYEnvironment.load(KeYEnvironment.java:224)
	at de.uka.ilkd.key.control.KeYEnvironment.load(KeYEnvironment.java:184)
	at de.uka.ilkd.key.control.KeYEnvironment.load(KeYEnvironment.java:261)
	at de.uka.ilkd.key.proof.runallproofs.proofcollection.TestFile.load(TestFile.java:270)
	at de.uka.ilkd.key.proof.runallproofs.proofcollection.TestFile.runKey(TestFile.java:160)
	at de.uka.ilkd.key.proof.runallproofs.proofcollection.ForkedTestFileRunner.main(ForkedTestFileRunner.java:171)
Caused by: java.lang.NoClassDefFoundError: Could not initialize class de.uka.ilkd.key.nparser.KeYParser
	at de.uka.ilkd.key.nparser.ParsingFacade.createParser(ParsingFacade.java:87)
	at de.uka.ilkd.key.nparser.ParsingFacade.parseFile(ParsingFacade.java:123)
	at de.uka.ilkd.key.proof.io.KeYFile.getParseContext(KeYFile.java:160)
	at de.uka.ilkd.key.proof.io.KeYFile.getProblemInformation(KeYFile.java:236)
	at de.uka.ilkd.key.proof.init.KeYUserProblemFile.readProfileFromFile(KeYUserProblemFile.java:236)
	at de.uka.ilkd.key.proof.init.KeYUserProblemFile.getProfile(KeYUserProblemFile.java:216)
	at de.uka.ilkd.key.proof.io.AbstractProblemLoader.createProblemInitializer(AbstractProblemLoader.java:508)
	at de.uka.ilkd.key.proof.io.AbstractProblemLoader.loadEnvironment(AbstractProblemLoader.java:288)
	at de.uka.ilkd.key.proof.io.AbstractProblemLoader.load(AbstractProblemLoader.java:253)
	at de.uka.ilkd.key.control.AbstractUserInterfaceControl.load(AbstractUserInterfaceControl.java:209)
	... 7 more
Could not initialize class de.uka.ilkd.key.nparser.KeYParser (file: /home/runner/work/key/key/key.core/../key.ui/examples/index/.././standard_key/java_dl/jml-assert/model-methods-instance-static.key; caused by: java.lang.NoClassDefFoundError: Could not initialize class de.uka.ilkd.key.nparser.KeYParser)
	at de.uka.ilkd.key.control.AbstractUserInterfaceControl.load(AbstractUserInterfaceControl.java:221)
	at de.uka.ilkd.key.control.KeYEnvironment.load(KeYEnvironment.java:251)
	at de.uka.ilkd.key.control.KeYEnvironment.load(KeYEnvironment.java:224)
	at de.uka.ilkd.key.control.KeYEnvironment.load(KeYEnvironment.java:184)
	at de.uka.ilkd.key.control.KeYEnvironment.load(KeYEnvironment.java:261)
	at de.uka.ilkd.key.proof.runallproofs.proofcollection.TestFile.load(TestFile.java:270)
	at de.uka.ilkd.key.proof.runallproofs.proofcollection.TestFile.runKey(TestFile.java:160)
	at de.uka.ilkd.key.proof.runallproofs.proofcollection.ForkedTestFileRunner.main(ForkedTestFileRunner.java:171)
Caused by: java.lang.NoClassDefFoundError: Could not initialize class de.uka.ilkd.key.nparser.KeYParser
	at de.uka.ilkd.key.nparser.ParsingFacade.createParser(ParsingFacade.java:87)
	at de.uka.ilkd.key.nparser.ParsingFacade.parseFile(ParsingFacade.java:123)
	at de.uka.ilkd.key.proof.io.KeYFile.getParseContext(KeYFile.java:160)
	at de.uka.ilkd.key.proof.io.KeYFile.getProblemInformation(KeYFile.java:236)
	at de.uka.ilkd.key.proof.init.KeYUserProblemFile.readProfileFromFile(KeYUserProblemFile.java:236)
	at de.uka.ilkd.key.proof.init.KeYUserProblemFile.getProfile(KeYUserProblemFile.java:216)
	at de.uka.ilkd.key.proof.io.AbstractProblemLoader.createProblemInitializer(AbstractProblemLoader.java:508)
	at de.uka.ilkd.key.proof.io.AbstractProblemLoader.loadEnvironment(AbstractProblemLoader.java:288)
	at de.uka.ilkd.key.proof.io.AbstractProblemLoader.load(AbstractProblemLoader.java:253)
	at de.uka.ilkd.key.control.AbstractUserInterfaceControl.load(AbstractUserInterfaceControl.java:209)
	... 7 more
Could not initialize class de.uka.ilkd.key.nparser.KeYParser (file: /home/runner/work/key/key/key.core/../key.ui/examples/index/.././standard_key/java_dl/jml-assert/model-methods-instance-instance.key; caused by: java.lang.NoClassDefFoundError: Could not initialize class de.uka.ilkd.key.nparser.KeYParser)
	at de.uka.ilkd.key.control.AbstractUserInterfaceControl.load(AbstractUserInterfaceControl.java:221)
	at de.uka.ilkd.key.control.KeYEnvironment.load(KeYEnvironment.java:251)
	at de.uka.ilkd.key.control.KeYEnvironment.load(KeYEnvironment.java:224)
	at de.uka.ilkd.key.control.KeYEnvironment.load(KeYEnvironment.java:184)
	at de.uka.ilkd.key.control.KeYEnvironment.load(KeYEnvironment.java:261)
	at de.uka.ilkd.key.proof.runallproofs.proofcollection.TestFile.load(TestFile.java:270)
	at de.uka.ilkd.key.proof.runallproofs.proofcollection.TestFile.runKey(TestFile.java:160)
	at de.uka.ilkd.key.proof.runallproofs.proofcollection.ForkedTestFileRunner.main(ForkedTestFileRunner.java:171)
Caused by: java.lang.NoClassDefFoundError: Could not initialize class de.uka.ilkd.key.nparser.KeYParser
	at de.uka.ilkd.key.nparser.ParsingFacade.createParser(ParsingFacade.java:87)
	at de.uka.ilkd.key.nparser.ParsingFacade.parseFile(ParsingFacade.java:123)
	at de.uka.ilkd.key.proof.io.KeYFile.getParseContext(KeYFile.java:160)
	at de.uka.ilkd.key.proof.io.KeYFile.getProblemInformation(KeYFile.java:236)
	at de.uka.ilkd.key.proof.init.KeYUserProblemFile.readProfileFromFile(KeYUserProblemFile.java:236)
	at de.uka.ilkd.key.proof.init.KeYUserProblemFile.getProfile(KeYUserProblemFile.java:216)
	at de.uka.ilkd.key.proof.io.AbstractProblemLoader.createProblemInitializer(AbstractProblemLoader.java:508)
	at de.uka.ilkd.key.proof.io.AbstractProblemLoader.loadEnvironment(AbstractProblemLoader.java:288)
	at de.uka.ilkd.key.proof.io.AbstractProblemLoader.load(AbstractProblemLoader.java:253)
	at de.uka.ilkd.key.control.AbstractUserInterfaceControl.load(AbstractUserInterfaceControl.java:209)
	... 7 more
Could not initialize class de.uka.ilkd.key.nparser.KeYParser (file: /home/runner/work/key/key/key.core/../key.ui/examples/index/.././standard_key/java_dl/jml-assert/model-methods-static-instance.key; caused by: java.lang.NoClassDefFoundError: Could not initialize class de.uka.ilkd.key.nparser.KeYParser)
	at de.uka.ilkd.key.control.AbstractUserInterfaceControl.load(AbstractUserInterfaceControl.java:221)
	at de.uka.ilkd.key.control.KeYEnvironment.load(KeYEnvironment.java:251)
	at de.uka.ilkd.key.control.KeYEnvironment.load(KeYEnvironment.java:224)
	at de.uka.ilkd.key.control.KeYEnvironment.load(KeYEnvironment.java:184)
	at de.uka.ilkd.key.control.KeYEnvironment.load(KeYEnvironment.java:261)
	at de.uka.ilkd.key.proof.runallproofs.proofcollection.TestFile.load(TestFile.java:270)
	at de.uka.ilkd.key.proof.runallproofs.proofcollection.TestFile.runKey(TestFile.java:160)
	at de.uka.ilkd.key.proof.runallproofs.proofcollection.ForkedTestFileRunner.main(ForkedTestFileRunner.java:171)
Caused by: java.lang.NoClassDefFoundError: Could not initialize class de.uka.ilkd.key.nparser.KeYParser
	at de.uka.ilkd.key.nparser.ParsingFacade.createParser(ParsingFacade.java:87)
	at de.uka.ilkd.key.nparser.ParsingFacade.parseFile(ParsingFacade.java:123)
	at de.uka.ilkd.key.proof.io.KeYFile.getParseContext(KeYFile.java:160)
	at de.uka.ilkd.key.proof.io.KeYFile.getProblemInformation(KeYFile.java:236)
	at de.uka.ilkd.key.proof.init.KeYUserProblemFile.readProfileFromFile(KeYUserProblemFile.java:236)
	at de.uka.ilkd.key.proof.init.KeYUserProblemFile.getProfile(KeYUserProblemFile.java:216)
	at de.uka.ilkd.key.proof.io.AbstractProblemLoader.createProblemInitializer(AbstractProblemLoader.java:508)
	at de.uka.ilkd.key.proof.io.AbstractProblemLoader.loadEnvironment(AbstractProblemLoader.java:288)
	at de.uka.ilkd.key.proof.io.AbstractProblemLoader.load(AbstractProblemLoader.java:253)
	at de.uka.ilkd.key.control.AbstractUserInterfaceControl.load(AbstractUserInterfaceControl.java:209)
	... 7 more
Could not initialize class de.uka.ilkd.key.nparser.KeYParser (file: /home/runner/work/key/key/key.core/../key.ui/examples/index/.././standard_key/java_dl/jml-assert/assert-old/inc-field.key; caused by: java.lang.NoClassDefFoundError: Could not initialize class de.uka.ilkd.key.nparser.KeYParser)
	at de.uka.ilkd.key.control.AbstractUserInterfaceControl.load(AbstractUserInterfaceControl.java:221)
	at de.uka.ilkd.key.control.KeYEnvironment.load(KeYEnvironment.java:251)
	at de.uka.ilkd.key.control.KeYEnvironment.load(KeYEnvironment.java:224)
	at de.uka.ilkd.key.control.KeYEnvironment.load(KeYEnvironment.java:184)
	at de.uka.ilkd.key.control.KeYEnvironment.load(KeYEnvironment.java:261)
	at de.uka.ilkd.key.proof.runallproofs.proofcollection.TestFile.load(TestFile.java:270)
	at de.uka.ilkd.key.proof.runallproofs.proofcollection.TestFile.runKey(TestFile.java:160)
	at de.uka.ilkd.key.proof.runallproofs.proofcollection.ForkedTestFileRunner.main(ForkedTestFileRunner.java:171)
Caused by: java.lang.NoClassDefFoundError: Could not initialize class de.uka.ilkd.key.nparser.KeYParser
	at de.uka.ilkd.key.nparser.ParsingFacade.createParser(ParsingFacade.java:87)
	at de.uka.ilkd.key.nparser.ParsingFacade.parseFile(ParsingFacade.java:123)
	at de.uka.ilkd.key.proof.io.KeYFile.getParseContext(KeYFile.java:160)
	at de.uka.ilkd.key.proof.io.KeYFile.getProblemInformation(KeYFile.java:236)
	at de.uka.ilkd.key.proof.init.KeYUserProblemFile.readProfileFromFile(KeYUserProblemFile.java:236)
	at de.uka.ilkd.key.proof.init.KeYUserProblemFile.getProfile(KeYUserProblemFile.java:216)
	at de.uka.ilkd.key.proof.io.AbstractProblemLoader.createProblemInitializer(AbstractProblemLoader.java:508)
	at de.uka.ilkd.key.proof.io.AbstractProblemLoader.loadEnvironment(AbstractProblemLoader.java:288)
	at de.uka.ilkd.key.proof.io.AbstractProblemLoader.load(AbstractProblemLoader.java:253)
	at de.uka.ilkd.key.control.AbstractUserInterfaceControl.load(AbstractUserInterfaceControl.java:209)
	... 7 more
Could not initialize class de.uka.ilkd.key.nparser.KeYParser (file: /home/runner/work/key/key/key.core/../key.ui/examples/index/.././standard_key/java_dl/jml-assert/assert-old/inc-parameter.key; caused by: java.lang.NoClassDefFoundError: Could not initialize class de.uka.ilkd.key.nparser.KeYParser)
	at de.uka.ilkd.key.control.AbstractUserInterfaceControl.load(AbstractUserInterfaceControl.java:221)
	at de.uka.ilkd.key.control.KeYEnvironment.load(KeYEnvironment.java:251)
	at de.uka.ilkd.key.control.KeYEnvironment.load(KeYEnvironment.java:224)
	at de.uka.ilkd.key.control.KeYEnvironment.load(KeYEnvironment.java:184)
	at de.uka.ilkd.key.control.KeYEnvironment.load(KeYEnvironment.java:261)
	at de.uka.ilkd.key.proof.runallproofs.proofcollection.TestFile.load(TestFile.java:270)
	at de.uka.ilkd.key.proof.runallproofs.proofcollection.TestFile.runKey(TestFile.java:160)
	at de.uka.ilkd.key.proof.runallproofs.proofcollection.ForkedTestFileRunner.main(ForkedTestFileRunner.java:171)
Caused by: java.lang.NoClassDefFoundError: Could not initialize class de.uka.ilkd.key.nparser.KeYParser
	at de.uka.ilkd.key.nparser.ParsingFacade.createParser(ParsingFacade.java:87)
	at de.uka.ilkd.key.nparser.ParsingFacade.parseFile(ParsingFacade.java:123)
	at de.uka.ilkd.key.proof.io.KeYFile.getParseContext(KeYFile.java:160)
	at de.uka.ilkd.key.proof.io.KeYFile.getProblemInformation(KeYFile.java:236)
	at de.uka.ilkd.key.proof.init.KeYUserProblemFile.readProfileFromFile(KeYUserProblemFile.java:236)
	at de.uka.ilkd.key.proof.init.KeYUserProblemFile.getProfile(KeYUserProblemFile.java:216)
	at de.uka.ilkd.key.proof.io.AbstractProblemLoader.createProblemInitializer(AbstractProblemLoader.java:508)
	at de.uka.ilkd.key.proof.io.AbstractProblemLoader.loadEnvironment(AbstractProblemLoader.java:288)
	at de.uka.ilkd.key.proof.io.AbstractProblemLoader.load(AbstractProblemLoader.java:253)
	at de.uka.ilkd.key.control.AbstractUserInterfaceControl.load(AbstractUserInterfaceControl.java:209)
	... 7 more
Could not initialize class de.uka.ilkd.key.nparser.KeYParser (file: /home/runner/work/key/key/key.core/../key.ui/examples/index/.././standard_key/java_dl/jml-assert/assert-old/inc-parameter-field.key; caused by: java.lang.NoClassDefFoundError: Could not initialize class de.uka.ilkd.key.nparser.KeYParser)
	at de.uka.ilkd.key.control.AbstractUserInterfaceControl.load(AbstractUserInterfaceControl.java:221)
	at de.uka.ilkd.key.control.KeYEnvironment.load(KeYEnvironment.java:251)
	at de.uka.ilkd.key.control.KeYEnvironment.load(KeYEnvironment.java:224)
	at de.uka.ilkd.key.control.KeYEnvironment.load(KeYEnvironment.java:184)
	at de.uka.ilkd.key.control.KeYEnvironment.load(KeYEnvironment.java:261)
	at de.uka.ilkd.key.proof.runallproofs.proofcollection.TestFile.load(TestFile.java:270)
	at de.uka.ilkd.key.proof.runallproofs.proofcollection.TestFile.runKey(TestFile.java:160)
	at de.uka.ilkd.key.proof.runallproofs.proofcollection.ForkedTestFileRunner.main(ForkedTestFileRunner.java:171)
Caused by: java.lang.NoClassDefFoundError: Could not initialize class de.uka.ilkd.key.nparser.KeYParser
	at de.uka.ilkd.key.nparser.ParsingFacade.createParser(ParsingFacade.java:87)
	at de.uka.ilkd.key.nparser.ParsingFacade.parseFile(ParsingFacade.java:123)
	at de.uka.ilkd.key.proof.io.KeYFile.getParseContext(KeYFile.java:160)
	at de.uka.ilkd.key.proof.io.KeYFile.getProblemInformation(KeYFile.java:236)
	at de.uka.ilkd.key.proof.init.KeYUserProblemFile.readProfileFromFile(KeYUserProblemFile.java:236)
	at de.uka.ilkd.key.proof.init.KeYUserProblemFile.getProfile(KeYUserProblemFile.java:216)
	at de.uka.ilkd.key.proof.io.AbstractProblemLoader.createProblemInitializer(AbstractProblemLoader.java:508)
	at de.uka.ilkd.key.proof.io.AbstractProblemLoader.loadEnvironment(AbstractProblemLoader.java:288)
	at de.uka.ilkd.key.proof.io.AbstractProblemLoader.load(AbstractProblemLoader.java:253)
	at de.uka.ilkd.key.control.AbstractUserInterfaceControl.load(AbstractUserInterfaceControl.java:209)
	... 7 more
Could not initialize class de.uka.ilkd.key.nparser.KeYParser (file: /home/runner/work/key/key/key.core/../key.ui/examples/index/.././standard_key/java_dl/jml-assert/assert-old/inc-ghost-field.key; caused by: java.lang.NoClassDefFoundError: Could not initialize class de.uka.ilkd.key.nparser.KeYParser)
	at de.uka.ilkd.key.control.AbstractUserInterfaceControl.load(AbstractUserInterfaceControl.java:221)
	at de.uka.ilkd.key.control.KeYEnvironment.load(KeYEnvironment.java:251)
	at de.uka.ilkd.key.control.KeYEnvironment.load(KeYEnvironment.java:224)
	at de.uka.ilkd.key.control.KeYEnvironment.load(KeYEnvironment.java:184)
	at de.uka.ilkd.key.control.KeYEnvironment.load(KeYEnvironment.java:261)
	at de.uka.ilkd.key.proof.runallproofs.proofcollection.TestFile.load(TestFile.java:270)
	at de.uka.ilkd.key.proof.runallproofs.proofcollection.TestFile.runKey(TestFile.java:160)
	at de.uka.ilkd.key.proof.runallproofs.proofcollection.ForkedTestFileRunner.main(ForkedTestFileRunner.java:171)
Caused by: java.lang.NoClassDefFoundError: Could not initialize class de.uka.ilkd.key.nparser.KeYParser
	at de.uka.ilkd.key.nparser.ParsingFacade.createParser(ParsingFacade.java:87)
	at de.uka.ilkd.key.nparser.ParsingFacade.parseFile(ParsingFacade.java:123)
	at de.uka.ilkd.key.proof.io.KeYFile.getParseContext(KeYFile.java:160)
	at de.uka.ilkd.key.proof.io.KeYFile.getProblemInformation(KeYFile.java:236)
	at de.uka.ilkd.key.proof.init.KeYUserProblemFile.readProfileFromFile(KeYUserProblemFile.java:236)
	at de.uka.ilkd.key.proof.init.KeYUserProblemFile.getProfile(KeYUserProblemFile.java:216)
	at de.uka.ilkd.key.proof.io.AbstractProblemLoader.createProblemInitializer(AbstractProblemLoader.java:508)
	at de.uka.ilkd.key.proof.io.AbstractProblemLoader.loadEnvironment(AbstractProblemLoader.java:288)
	at de.uka.ilkd.key.proof.io.AbstractProblemLoader.load(AbstractProblemLoader.java:253)
	at de.uka.ilkd.key.control.AbstractUserInterfaceControl.load(AbstractUserInterfaceControl.java:209)
	... 7 more
Exception in thread "main" org.opentest4j.AssertionFailedError: Exception during the execution of proofs. See log for more details.
	at org.junit.jupiter.api.AssertionUtils.fail(AssertionUtils.java:38)
	at org.junit.jupiter.api.Assertions.fail(Assertions.java:135)
	at de.uka.ilkd.key.proof.runallproofs.proofcollection.ForkedTestFileRunner.main(ForkedTestFileRunner.java:192)
Timeout watcher launched (2000 secs.)
ANTLR Tool version 4.9.3 used for code generation does not match the current runtime version 4.12.0
 (file: /home/runner/work/key/key/key.core/../key.ui/examples/index/.././heap/javacard/updateBalance0.key; caused by: java.lang.ExceptionInInitializerError)
	at de.uka.ilkd.key.control.AbstractUserInterfaceControl.load(AbstractUserInterfaceControl.java:221)
	at de.uka.ilkd.key.control.KeYEnvironment.load(KeYEnvironment.java:251)
	at de.uka.ilkd.key.control.KeYEnvironment.load(KeYEnvironment.java:224)
	at de.uka.ilkd.key.control.KeYEnvironment.load(KeYEnvironment.java:184)
	at de.uka.ilkd.key.control.KeYEnvironment.load(KeYEnvironment.java:261)
	at de.uka.ilkd.key.proof.runallproofs.proofcollection.TestFile.load(TestFile.java:270)
	at de.uka.ilkd.key.proof.runallproofs.proofcollection.TestFile.runKey(TestFile.java:160)
	at de.uka.ilkd.key.proof.runallproofs.proofcollection.ForkedTestFileRunner.main(ForkedTestFileRunner.java:171)
Caused by: java.lang.ExceptionInInitializerError
	at de.uka.ilkd.key.nparser.ParsingFacade.createParser(ParsingFacade.java:87)
	at de.uka.ilkd.key.nparser.ParsingFacade.parseFile(ParsingFacade.java:123)
	at de.uka.ilkd.key.proof.io.KeYFile.getParseContext(KeYFile.java:160)
	at de.uka.ilkd.key.proof.io.KeYFile.getProblemInformation(KeYFile.java:236)
	at de.uka.ilkd.key.proof.init.KeYUserProblemFile.readProfileFromFile(KeYUserProblemFile.java:236)
	at de.uka.ilkd.key.proof.init.KeYUserProblemFile.getProfile(KeYUserProblemFile.java:216)
	at de.uka.ilkd.key.proof.io.AbstractProblemLoader.createProblemInitializer(AbstractProblemLoader.java:508)
	at de.uka.ilkd.key.proof.io.AbstractProblemLoader.loadEnvironment(AbstractProblemLoader.java:288)
	at de.uka.ilkd.key.proof.io.AbstractProblemLoader.load(AbstractProblemLoader.java:253)
	at de.uka.ilkd.key.control.AbstractUserInterfaceControl.load(AbstractUserInterfaceControl.java:209)
	... 7 more
Caused by: java.lang.UnsupportedOperationException: java.io.InvalidClassException: org.antlr.v4.runtime.atn.ATN; Could not deserialize ATN with version 3 (expected 4).
	at org.antlr.v4.runtime.atn.ATNDeserializer.deserialize(ATNDeserializer.java:56)
	at org.antlr.v4.runtime.atn.ATNDeserializer.deserialize(ATNDeserializer.java:48)
	at de.uka.ilkd.key.nparser.KeYParser.<clinit>(KeYParser.java:11834)
	... 17 more
Caused by: java.io.InvalidClassException: org.antlr.v4.runtime.atn.ATN; Could not deserialize ATN with version 3 (expected 4).
	... 20 more
Could not initialize class de.uka.ilkd.key.nparser.KeYParser (file: /home/runner/work/key/key/key.core/../key.ui/examples/index/.././heap/javacard/updateBalance1.key; caused by: java.lang.NoClassDefFoundError: Could not initialize class de.uka.ilkd.key.nparser.KeYParser)
	at de.uka.ilkd.key.control.AbstractUserInterfaceControl.load(AbstractUserInterfaceControl.java:221)
	at de.uka.ilkd.key.control.KeYEnvironment.load(KeYEnvironment.java:251)
	at de.uka.ilkd.key.control.KeYEnvironment.load(KeYEnvironment.java:224)
	at de.uka.ilkd.key.control.KeYEnvironment.load(KeYEnvironment.java:184)
	at de.uka.ilkd.key.control.KeYEnvironment.load(KeYEnvironment.java:261)
	at de.uka.ilkd.key.proof.runallproofs.proofcollection.TestFile.load(TestFile.java:270)
	at de.uka.ilkd.key.proof.runallproofs.proofcollection.TestFile.runKey(TestFile.java:160)
	at de.uka.ilkd.key.proof.runallproofs.proofcollection.ForkedTestFileRunner.main(ForkedTestFileRunner.java:171)
Caused by: java.lang.NoClassDefFoundError: Could not initialize class de.uka.ilkd.key.nparser.KeYParser
	at de.uka.ilkd.key.nparser.ParsingFacade.createParser(ParsingFacade.java:87)
	at de.uka.ilkd.key.nparser.ParsingFacade.parseFile(ParsingFacade.java:123)
	at de.uka.ilkd.key.proof.io.KeYFile.getParseContext(KeYFile.java:160)
	at de.uka.ilkd.key.proof.io.KeYFile.getProblemInformation(KeYFile.java:236)
	at de.uka.ilkd.key.proof.init.KeYUserProblemFile.readProfileFromFile(KeYUserProblemFile.java:236)
	at de.uka.ilkd.key.proof.init.KeYUserProblemFile.getProfile(KeYUserProblemFile.java:216)
	at de.uka.ilkd.key.proof.io.AbstractProblemLoader.createProblemInitializer(AbstractProblemLoader.java:508)
	at de.uka.ilkd.key.proof.io.AbstractProblemLoader.loadEnvironment(AbstractProblemLoader.java:288)
	at de.uka.ilkd.key.proof.io.AbstractProblemLoader.load(AbstractProblemLoader.java:253)
	at de.uka.ilkd.key.control.AbstractUserInterfaceControl.load(AbstractUserInterfaceControl.java:209)
	... 7 more
Could not initialize class de.uka.ilkd.key.nparser.KeYParser (file: /home/runner/work/key/key/key.core/../key.ui/examples/index/.././heap/javacard/setArray1.key; caused by: java.lang.NoClassDefFoundError: Could not initialize class de.uka.ilkd.key.nparser.KeYParser)
	at de.uka.ilkd.key.control.AbstractUserInterfaceControl.load(AbstractUserInterfaceControl.java:221)
	at de.uka.ilkd.key.control.KeYEnvironment.load(KeYEnvironment.java:251)
	at de.uka.ilkd.key.control.KeYEnvironment.load(KeYEnvironment.java:224)
	at de.uka.ilkd.key.control.KeYEnvironment.load(KeYEnvironment.java:184)
	at de.uka.ilkd.key.control.KeYEnvironment.load(KeYEnvironment.java:261)
	at de.uka.ilkd.key.proof.runallproofs.proofcollection.TestFile.load(TestFile.java:270)
	at de.uka.ilkd.key.proof.runallproofs.proofcollection.TestFile.runKey(TestFile.java:160)
	at de.uka.ilkd.key.proof.runallproofs.proofcollection.ForkedTestFileRunner.main(ForkedTestFileRunner.java:171)
Caused by: java.lang.NoClassDefFoundError: Could not initialize class de.uka.ilkd.key.nparser.KeYParser
	at de.uka.ilkd.key.nparser.ParsingFacade.createParser(ParsingFacade.java:87)
	at de.uka.ilkd.key.nparser.ParsingFacade.parseFile(ParsingFacade.java:123)
	at de.uka.ilkd.key.proof.io.KeYFile.getParseContext(KeYFile.java:160)
	at de.uka.ilkd.key.proof.io.KeYFile.getProblemInformation(KeYFile.java:236)
	at de.uka.ilkd.key.proof.init.KeYUserProblemFile.readProfileFromFile(KeYUserProblemFile.java:236)
	at de.uka.ilkd.key.proof.init.KeYUserProblemFile.getProfile(KeYUserProblemFile.java:216)
	at de.uka.ilkd.key.proof.io.AbstractProblemLoader.createProblemInitializer(AbstractProblemLoader.java:508)
	at de.uka.ilkd.key.proof.io.AbstractProblemLoader.loadEnvironment(AbstractProblemLoader.java:288)
	at de.uka.ilkd.key.proof.io.AbstractProblemLoader.load(AbstractProblemLoader.java:253)
	at de.uka.ilkd.key.control.AbstractUserInterfaceControl.load(AbstractUserInterfaceControl.java:209)
	... 7 more
Could not initialize class de.uka.ilkd.key.nparser.KeYParser (file: /home/runner/work/key/key/key.core/../key.ui/examples/index/.././heap/javacard/setArray2.key; caused by: java.lang.NoClassDefFoundError: Could not initialize class de.uka.ilkd.key.nparser.KeYParser)
	at de.uka.ilkd.key.control.AbstractUserInterfaceControl.load(AbstractUserInterfaceControl.java:221)
	at de.uka.ilkd.key.control.KeYEnvironment.load(KeYEnvironment.java:251)
	at de.uka.ilkd.key.control.KeYEnvironment.load(KeYEnvironment.java:224)
	at de.uka.ilkd.key.control.KeYEnvironment.load(KeYEnvironment.java:184)
	at de.uka.ilkd.key.control.KeYEnvironment.load(KeYEnvironment.java:261)
	at de.uka.ilkd.key.proof.runallproofs.proofcollection.TestFile.load(TestFile.java:270)
	at de.uka.ilkd.key.proof.runallproofs.proofcollection.TestFile.runKey(TestFile.java:160)
	at de.uka.ilkd.key.proof.runallproofs.proofcollection.ForkedTestFileRunner.main(ForkedTestFileRunner.java:171)
Caused by: java.lang.NoClassDefFoundError: Could not initialize class de.uka.ilkd.key.nparser.KeYParser
	at de.uka.ilkd.key.nparser.ParsingFacade.createParser(ParsingFacade.java:87)
	at de.uka.ilkd.key.nparser.ParsingFacade.parseFile(ParsingFacade.java:123)
	at de.uka.ilkd.key.proof.io.KeYFile.getParseContext(KeYFile.java:160)
	at de.uka.ilkd.key.proof.io.KeYFile.getProblemInformation(KeYFile.java:236)
	at de.uka.ilkd.key.proof.init.KeYUserProblemFile.readProfileFromFile(KeYUserProblemFile.java:236)
	at de.uka.ilkd.key.proof.init.KeYUserProblemFile.getProfile(KeYUserProblemFile.java:216)
	at de.uka.ilkd.key.proof.io.AbstractProblemLoader.createProblemInitializer(AbstractProblemLoader.java:508)
	at de.uka.ilkd.key.proof.io.AbstractProblemLoader.loadEnvironment(AbstractProblemLoader.java:288)
	at de.uka.ilkd.key.proof.io.AbstractProblemLoader.load(AbstractProblemLoader.java:253)
	at de.uka.ilkd.key.control.AbstractUserInterfaceControl.load(AbstractUserInterfaceControl.java:209)
	... 7 more
Could not initialize class de.uka.ilkd.key.nparser.KeYParser (file: /home/runner/work/key/key/key.core/../key.ui/examples/index/.././heap/javacard/arrayFillNonAtomic.key; caused by: java.lang.NoClassDefFoundError: Could not initialize class de.uka.ilkd.key.nparser.KeYParser)
	at de.uka.ilkd.key.control.AbstractUserInterfaceControl.load(AbstractUserInterfaceControl.java:221)
	at de.uka.ilkd.key.control.KeYEnvironment.load(KeYEnvironment.java:251)
	at de.uka.ilkd.key.control.KeYEnvironment.load(KeYEnvironment.java:224)
	at de.uka.ilkd.key.control.KeYEnvironment.load(KeYEnvironment.java:184)
	at de.uka.ilkd.key.control.KeYEnvironment.load(KeYEnvironment.java:261)
	at de.uka.ilkd.key.proof.runallproofs.proofcollection.TestFile.load(TestFile.java:270)
	at de.uka.ilkd.key.proof.runallproofs.proofcollection.TestFile.runKey(TestFile.java:160)
	at de.uka.ilkd.key.proof.runallproofs.proofcollection.ForkedTestFileRunner.main(ForkedTestFileRunner.java:171)
Caused by: java.lang.NoClassDefFoundError: Could not initialize class de.uka.ilkd.key.nparser.KeYParser
	at de.uka.ilkd.key.nparser.ParsingFacade.createParser(ParsingFacade.java:87)
	at de.uka.ilkd.key.nparser.ParsingFacade.parseFile(ParsingFacade.java:123)
	at de.uka.ilkd.key.proof.io.KeYFile.getParseContext(KeYFile.java:160)
	at de.uka.ilkd.key.proof.io.KeYFile.getProblemInformation(KeYFile.java:236)
	at de.uka.ilkd.key.proof.init.KeYUserProblemFile.readProfileFromFile(KeYUserProblemFile.java:236)
	at de.uka.ilkd.key.proof.init.KeYUserProblemFile.getProfile(KeYUserProblemFile.java:216)
	at de.uka.ilkd.key.proof.io.AbstractProblemLoader.createProblemInitializer(AbstractProblemLoader.java:508)
	at de.uka.ilkd.key.proof.io.AbstractProblemLoader.loadEnvironment(AbstractProblemLoader.java:288)
	at de.uka.ilkd.key.proof.io.AbstractProblemLoader.load(AbstractProblemLoader.java:253)
	at de.uka.ilkd.key.control.AbstractUserInterfaceControl.load(AbstractUserInterfaceControl.java:209)
	... 7 more
Exception in thread "main" org.opentest4j.AssertionFailedError: Exception during the execution of proofs. See log for more details.
	at org.junit.jupiter.api.AssertionUtils.fail(AssertionUtils.java:38)
	at org.junit.jupiter.api.Assertions.fail(Assertions.java:135)
	at de.uka.ilkd.key.proof.runallproofs.proofcollection.ForkedTestFileRunner.main(ForkedTestFileRunner.java:192)
Timeout watcher launched (2000 secs.)
ANTLR Tool version 4.9.3 used for code generation does not match the current runtime version 4.12.0
 (file: /home/runner/work/key/key/key.core/../key.ui/examples/index/.././heap/coincidence_count/project.key; caused by: java.lang.ExceptionInInitializerError)
	at de.uka.ilkd.key.control.AbstractUserInterfaceControl.load(AbstractUserInterfaceControl.java:221)
	at de.uka.ilkd.key.control.KeYEnvironment.load(KeYEnvironment.java:251)
	at de.uka.ilkd.key.control.KeYEnvironment.load(KeYEnvironment.java:224)
	at de.uka.ilkd.key.control.KeYEnvironment.load(KeYEnvironment.java:184)
	at de.uka.ilkd.key.control.KeYEnvironment.load(KeYEnvironment.java:261)
	at de.uka.ilkd.key.proof.runallproofs.proofcollection.TestFile.load(TestFile.java:270)
	at de.uka.ilkd.key.proof.runallproofs.proofcollection.TestFile.runKey(TestFile.java:160)
	at de.uka.ilkd.key.proof.runallproofs.proofcollection.ForkedTestFileRunner.main(ForkedTestFileRunner.java:171)
Caused by: java.lang.ExceptionInInitializerError
	at de.uka.ilkd.key.nparser.ParsingFacade.createParser(ParsingFacade.java:87)
	at de.uka.ilkd.key.nparser.ParsingFacade.parseFile(ParsingFacade.java:123)
	at de.uka.ilkd.key.proof.io.KeYFile.getParseContext(KeYFile.java:160)
	at de.uka.ilkd.key.proof.io.KeYFile.getProblemInformation(KeYFile.java:236)
	at de.uka.ilkd.key.proof.init.KeYUserProblemFile.readProfileFromFile(KeYUserProblemFile.java:236)
	at de.uka.ilkd.key.proof.init.KeYUserProblemFile.getProfile(KeYUserProblemFile.java:216)
	at de.uka.ilkd.key.proof.io.AbstractProblemLoader.createProblemInitializer(AbstractProblemLoader.java:508)
	at de.uka.ilkd.key.proof.io.AbstractProblemLoader.loadEnvironment(AbstractProblemLoader.java:288)
	at de.uka.ilkd.key.proof.io.AbstractProblemLoader.load(AbstractProblemLoader.java:253)
	at de.uka.ilkd.key.control.AbstractUserInterfaceControl.load(AbstractUserInterfaceControl.java:209)
	... 7 more
Caused by: java.lang.UnsupportedOperationException: java.io.InvalidClassException: org.antlr.v4.runtime.atn.ATN; Could not deserialize ATN with version 3 (expected 4).
	at org.antlr.v4.runtime.atn.ATNDeserializer.deserialize(ATNDeserializer.java:56)
	at org.antlr.v4.runtime.atn.ATNDeserializer.deserialize(ATNDeserializer.java:48)
	at de.uka.ilkd.key.nparser.KeYParser.<clinit>(KeYParser.java:11834)
	... 17 more
Caused by: java.io.InvalidClassException: org.antlr.v4.runtime.atn.ATN; Could not deserialize ATN with version 3 (expected 4).
	... 20 more
Exception in thread "main" org.opentest4j.AssertionFailedError: Exception during the execution of proofs. See log for more details.
	at org.junit.jupiter.api.AssertionUtils.fail(AssertionUtils.java:38)
	at org.junit.jupiter.api.Assertions.fail(Assertions.java:135)
	at de.uka.ilkd.key.proof.runallproofs.proofcollection.ForkedTestFileRunner.main(ForkedTestFileRunner.java:192)
Timeout watcher launched (2000 secs.)
ANTLR Tool version 4.9.3 used for code generation does not match the current runtime version 4.12.0
 (file: /home/runner/work/key/key/key.core/../key.ui/examples/index/.././heap/verifyThis11_1_Maximum/project.key; caused by: java.lang.ExceptionInInitializerError)
	at de.uka.ilkd.key.control.AbstractUserInterfaceControl.load(AbstractUserInterfaceControl.java:221)
	at de.uka.ilkd.key.control.KeYEnvironment.load(KeYEnvironment.java:251)
	at de.uka.ilkd.key.control.KeYEnvironment.load(KeYEnvironment.java:224)
	at de.uka.ilkd.key.control.KeYEnvironment.load(KeYEnvironment.java:184)
	at de.uka.ilkd.key.control.KeYEnvironment.load(KeYEnvironment.java:261)
	at de.uka.ilkd.key.proof.runallproofs.proofcollection.TestFile.load(TestFile.java:270)
	at de.uka.ilkd.key.proof.runallproofs.proofcollection.TestFile.runKey(TestFile.java:160)
	at de.uka.ilkd.key.proof.runallproofs.proofcollection.ForkedTestFileRunner.main(ForkedTestFileRunner.java:171)
Caused by: java.lang.ExceptionInInitializerError
	at de.uka.ilkd.key.nparser.ParsingFacade.createParser(ParsingFacade.java:87)
	at de.uka.ilkd.key.nparser.ParsingFacade.parseFile(ParsingFacade.java:123)
	at de.uka.ilkd.key.proof.io.KeYFile.getParseContext(KeYFile.java:160)
	at de.uka.ilkd.key.proof.io.KeYFile.getProblemInformation(KeYFile.java:236)
	at de.uka.ilkd.key.proof.init.KeYUserProblemFile.readProfileFromFile(KeYUserProblemFile.java:236)
	at de.uka.ilkd.key.proof.init.KeYUserProblemFile.getProfile(KeYUserProblemFile.java:216)
	at de.uka.ilkd.key.proof.io.AbstractProblemLoader.createProblemInitializer(AbstractProblemLoader.java:508)
	at de.uka.ilkd.key.proof.io.AbstractProblemLoader.loadEnvironment(AbstractProblemLoader.java:288)
	at de.uka.ilkd.key.proof.io.AbstractProblemLoader.load(AbstractProblemLoader.java:253)
	at de.uka.ilkd.key.control.AbstractUserInterfaceControl.load(AbstractUserInterfaceControl.java:209)
	... 7 more
Caused by: java.lang.UnsupportedOperationException: java.io.InvalidClassException: org.antlr.v4.runtime.atn.ATN; Could not deserialize ATN with version 3 (expected 4).
	at org.antlr.v4.runtime.atn.ATNDeserializer.deserialize(ATNDeserializer.java:56)
	at org.antlr.v4.runtime.atn.ATNDeserializer.deserialize(ATNDeserializer.java:48)
	at de.uka.ilkd.key.nparser.KeYParser.<clinit>(KeYParser.java:11834)
	... 17 more
Caused by: java.io.InvalidClassException: org.antlr.v4.runtime.atn.ATN; Could not deserialize ATN with version 3 (expected 4).
	... 20 more
Exception in thread "main" org.opentest4j.AssertionFailedError: Exception during the execution of proofs. See log for more details.
	at org.junit.jupiter.api.AssertionUtils.fail(AssertionUtils.java:38)
	at org.junit.jupiter.api.Assertions.fail(Assertions.java:135)
	at de.uka.ilkd.key.proof.runallproofs.proofcollection.ForkedTestFileRunner.main(ForkedTestFileRunner.java:192)
Timeout watcher launched (2000 secs.)
ANTLR Tool version 4.9.3 used for code generation does not match the current runtime version 4.12.0
 (file: /home/runner/work/key/key/key.core/../key.ui/examples/index/.././heap/fm12_01_LRS/lcp.key; caused by: java.lang.ExceptionInInitializerError)
	at de.uka.ilkd.key.control.AbstractUserInterfaceControl.load(AbstractUserInterfaceControl.java:221)
	at de.uka.ilkd.key.control.KeYEnvironment.load(KeYEnvironment.java:251)
	at de.uka.ilkd.key.control.KeYEnvironment.load(KeYEnvironment.java:224)
	at de.uka.ilkd.key.control.KeYEnvironment.load(KeYEnvironment.java:184)
	at de.uka.ilkd.key.control.KeYEnvironment.load(KeYEnvironment.java:261)
	at de.uka.ilkd.key.proof.runallproofs.proofcollection.TestFile.load(TestFile.java:270)
	at de.uka.ilkd.key.proof.runallproofs.proofcollection.TestFile.runKey(TestFile.java:160)
	at de.uka.ilkd.key.proof.runallproofs.proofcollection.ForkedTestFileRunner.main(ForkedTestFileRunner.java:171)
Caused by: java.lang.ExceptionInInitializerError
	at de.uka.ilkd.key.nparser.ParsingFacade.createParser(ParsingFacade.java:87)
	at de.uka.ilkd.key.nparser.ParsingFacade.parseFile(ParsingFacade.java:123)
	at de.uka.ilkd.key.proof.io.KeYFile.getParseContext(KeYFile.java:160)
	at de.uka.ilkd.key.proof.io.KeYFile.getProblemInformation(KeYFile.java:236)
	at de.uka.ilkd.key.proof.init.KeYUserProblemFile.readProfileFromFile(KeYUserProblemFile.java:236)
	at de.uka.ilkd.key.proof.init.KeYUserProblemFile.getProfile(KeYUserProblemFile.java:216)
	at de.uka.ilkd.key.proof.io.AbstractProblemLoader.createProblemInitializer(AbstractProblemLoader.java:508)
	at de.uka.ilkd.key.proof.io.AbstractProblemLoader.loadEnvironment(AbstractProblemLoader.java:288)
	at de.uka.ilkd.key.proof.io.AbstractProblemLoader.load(AbstractProblemLoader.java:253)
	at de.uka.ilkd.key.control.AbstractUserInterfaceControl.load(AbstractUserInterfaceControl.java:209)
	... 7 more
Caused by: java.lang.UnsupportedOperationException: java.io.InvalidClassException: org.antlr.v4.runtime.atn.ATN; Could not deserialize ATN with version 3 (expected 4).
	at org.antlr.v4.runtime.atn.ATNDeserializer.deserialize(ATNDeserializer.java:56)
	at org.antlr.v4.runtime.atn.ATNDeserializer.deserialize(ATNDeserializer.java:48)
	at de.uka.ilkd.key.nparser.KeYParser.<clinit>(KeYParser.java:11834)
	... 17 more
Caused by: java.io.InvalidClassException: org.antlr.v4.runtime.atn.ATN; Could not deserialize ATN with version 3 (expected 4).
	... 20 more
Exception in thread "main" org.opentest4j.AssertionFailedError: Exception during the execution of proofs. See log for more details.
	at org.junit.jupiter.api.AssertionUtils.fail(AssertionUtils.java:38)
	at org.junit.jupiter.api.Assertions.fail(Assertions.java:135)
	at de.uka.ilkd.key.proof.runallproofs.proofcollection.ForkedTestFileRunner.main(ForkedTestFileRunner.java:192)
Timeout watcher launched (2000 secs.)
ANTLR Tool version 4.9.3 used for code generation does not match the current runtime version 4.12.0
 (file: /home/runner/work/key/key/key.core/../key.ui/examples/index/.././heap/SemanticSlicing/project.key; caused by: java.lang.ExceptionInInitializerError)
	at de.uka.ilkd.key.control.AbstractUserInterfaceControl.load(AbstractUserInterfaceControl.java:221)
	at de.uka.ilkd.key.control.KeYEnvironment.load(KeYEnvironment.java:251)
	at de.uka.ilkd.key.control.KeYEnvironment.load(KeYEnvironment.java:224)
	at de.uka.ilkd.key.control.KeYEnvironment.load(KeYEnvironment.java:184)
	at de.uka.ilkd.key.control.KeYEnvironment.load(KeYEnvironment.java:261)
	at de.uka.ilkd.key.proof.runallproofs.proofcollection.TestFile.load(TestFile.java:270)
	at de.uka.ilkd.key.proof.runallproofs.proofcollection.TestFile.runKey(TestFile.java:160)
	at de.uka.ilkd.key.proof.runallproofs.proofcollection.ForkedTestFileRunner.main(ForkedTestFileRunner.java:171)
Caused by: java.lang.ExceptionInInitializerError
	at de.uka.ilkd.key.nparser.ParsingFacade.createParser(ParsingFacade.java:87)
	at de.uka.ilkd.key.nparser.ParsingFacade.parseFile(ParsingFacade.java:123)
	at de.uka.ilkd.key.proof.io.KeYFile.getParseContext(KeYFile.java:160)
	at de.uka.ilkd.key.proof.io.KeYFile.getProblemInformation(KeYFile.java:236)
	at de.uka.ilkd.key.proof.init.KeYUserProblemFile.readProfileFromFile(KeYUserProblemFile.java:236)
	at de.uka.ilkd.key.proof.init.KeYUserProblemFile.getProfile(KeYUserProblemFile.java:216)
	at de.uka.ilkd.key.proof.io.AbstractProblemLoader.createProblemInitializer(AbstractProblemLoader.java:508)
	at de.uka.ilkd.key.proof.io.AbstractProblemLoader.loadEnvironment(AbstractProblemLoader.java:288)
	at de.uka.ilkd.key.proof.io.AbstractProblemLoader.load(AbstractProblemLoader.java:253)
	at de.uka.ilkd.key.control.AbstractUserInterfaceControl.load(AbstractUserInterfaceControl.java:209)
	... 7 more
Caused by: java.lang.UnsupportedOperationException: java.io.InvalidClassException: org.antlr.v4.runtime.atn.ATN; Could not deserialize ATN with version 3 (expected 4).
	at org.antlr.v4.runtime.atn.ATNDeserializer.deserialize(ATNDeserializer.java:56)
	at org.antlr.v4.runtime.atn.ATNDeserializer.deserialize(ATNDeserializer.java:48)
	at de.uka.ilkd.key.nparser.KeYParser.<clinit>(KeYParser.java:11834)
	... 17 more
Caused by: java.io.InvalidClassException: org.antlr.v4.runtime.atn.ATN; Could not deserialize ATN with version 3 (expected 4).
	... 20 more
Exception in thread "main" org.opentest4j.AssertionFailedError: Exception during the execution of proofs. See log for more details.
	at org.junit.jupiter.api.AssertionUtils.fail(AssertionUtils.java:38)
	at org.junit.jupiter.api.Assertions.fail(Assertions.java:135)
	at de.uka.ilkd.key.proof.runallproofs.proofcollection.ForkedTestFileRunner.main(ForkedTestFileRunner.java:192)
Timeout watcher launched (2000 secs.)
ANTLR Tool version 4.9.3 used for code generation does not match the current runtime version 4.12.0
 (file: /home/runner/work/key/key/key.core/../key.ui/examples/index/.././heap/information_flow/ArrayList_contains.key; caused by: java.lang.ExceptionInInitializerError)
	at de.uka.ilkd.key.control.AbstractUserInterfaceControl.load(AbstractUserInterfaceControl.java:221)
	at de.uka.ilkd.key.control.KeYEnvironment.load(KeYEnvironment.java:251)
	at de.uka.ilkd.key.control.KeYEnvironment.load(KeYEnvironment.java:224)
	at de.uka.ilkd.key.control.KeYEnvironment.load(KeYEnvironment.java:184)
	at de.uka.ilkd.key.control.KeYEnvironment.load(KeYEnvironment.java:261)
	at de.uka.ilkd.key.proof.runallproofs.proofcollection.TestFile.load(TestFile.java:270)
	at de.uka.ilkd.key.proof.runallproofs.proofcollection.TestFile.runKey(TestFile.java:160)
	at de.uka.ilkd.key.proof.runallproofs.proofcollection.ForkedTestFileRunner.main(ForkedTestFileRunner.java:171)
Caused by: java.lang.ExceptionInInitializerError
	at de.uka.ilkd.key.nparser.ParsingFacade.createParser(ParsingFacade.java:87)
	at de.uka.ilkd.key.nparser.ParsingFacade.parseFile(ParsingFacade.java:123)
	at de.uka.ilkd.key.proof.io.KeYFile.getParseContext(KeYFile.java:160)
	at de.uka.ilkd.key.proof.io.KeYFile.getProblemInformation(KeYFile.java:236)
	at de.uka.ilkd.key.proof.init.KeYUserProblemFile.readProfileFromFile(KeYUserProblemFile.java:236)
	at de.uka.ilkd.key.proof.init.KeYUserProblemFile.getProfile(KeYUserProblemFile.java:216)
	at de.uka.ilkd.key.proof.io.AbstractProblemLoader.createProblemInitializer(AbstractProblemLoader.java:508)
	at de.uka.ilkd.key.proof.io.AbstractProblemLoader.loadEnvironment(AbstractProblemLoader.java:288)
	at de.uka.ilkd.key.proof.io.AbstractProblemLoader.load(AbstractProblemLoader.java:253)
	at de.uka.ilkd.key.control.AbstractUserInterfaceControl.load(AbstractUserInterfaceControl.java:209)
	... 7 more
Caused by: java.lang.UnsupportedOperationException: java.io.InvalidClassException: org.antlr.v4.runtime.atn.ATN; Could not deserialize ATN with version 3 (expected 4).
	at org.antlr.v4.runtime.atn.ATNDeserializer.deserialize(ATNDeserializer.java:56)
	at org.antlr.v4.runtime.atn.ATNDeserializer.deserialize(ATNDeserializer.java:48)
	at de.uka.ilkd.key.nparser.KeYParser.<clinit>(KeYParser.java:11834)
	... 17 more
Caused by: java.io.InvalidClassException: org.antlr.v4.runtime.atn.ATN; Could not deserialize ATN with version 3 (expected 4).
	... 20 more
Exception in thread "main" org.opentest4j.AssertionFailedError: Exception during the execution of proofs. See log for more details.
	at org.junit.jupiter.api.AssertionUtils.fail(AssertionUtils.java:38)
	at org.junit.jupiter.api.Assertions.fail(Assertions.java:135)
	at de.uka.ilkd.key.proof.runallproofs.proofcollection.ForkedTestFileRunner.main(ForkedTestFileRunner.java:192)
Timeout watcher launched (2000 secs.)
ANTLR Tool version 4.9.3 used for code generation does not match the current runtime version 4.12.0
 (file: /home/runner/work/key/key/key.core/../key.ui/examples/index/.././heap/information_flow/ArrayList_get.key; caused by: java.lang.ExceptionInInitializerError)
	at de.uka.ilkd.key.control.AbstractUserInterfaceControl.load(AbstractUserInterfaceControl.java:221)
	at de.uka.ilkd.key.control.KeYEnvironment.load(KeYEnvironment.java:251)
	at de.uka.ilkd.key.control.KeYEnvironment.load(KeYEnvironment.java:224)
	at de.uka.ilkd.key.control.KeYEnvironment.load(KeYEnvironment.java:184)
	at de.uka.ilkd.key.control.KeYEnvironment.load(KeYEnvironment.java:261)
	at de.uka.ilkd.key.proof.runallproofs.proofcollection.TestFile.load(TestFile.java:270)
	at de.uka.ilkd.key.proof.runallproofs.proofcollection.TestFile.runKey(TestFile.java:160)
	at de.uka.ilkd.key.proof.runallproofs.proofcollection.ForkedTestFileRunner.main(ForkedTestFileRunner.java:171)
Caused by: java.lang.ExceptionInInitializerError
	at de.uka.ilkd.key.nparser.ParsingFacade.createParser(ParsingFacade.java:87)
	at de.uka.ilkd.key.nparser.ParsingFacade.parseFile(ParsingFacade.java:123)
	at de.uka.ilkd.key.proof.io.KeYFile.getParseContext(KeYFile.java:160)
	at de.uka.ilkd.key.proof.io.KeYFile.getProblemInformation(KeYFile.java:236)
	at de.uka.ilkd.key.proof.init.KeYUserProblemFile.readProfileFromFile(KeYUserProblemFile.java:236)
	at de.uka.ilkd.key.proof.init.KeYUserProblemFile.getProfile(KeYUserProblemFile.java:216)
	at de.uka.ilkd.key.proof.io.AbstractProblemLoader.createProblemInitializer(AbstractProblemLoader.java:508)
	at de.uka.ilkd.key.proof.io.AbstractProblemLoader.loadEnvironment(AbstractProblemLoader.java:288)
	at de.uka.ilkd.key.proof.io.AbstractProblemLoader.load(AbstractProblemLoader.java:253)
	at de.uka.ilkd.key.control.AbstractUserInterfaceControl.load(AbstractUserInterfaceControl.java:209)
	... 7 more
Caused by: java.lang.UnsupportedOperationException: java.io.InvalidClassException: org.antlr.v4.runtime.atn.ATN; Could not deserialize ATN with version 3 (expected 4).
	at org.antlr.v4.runtime.atn.ATNDeserializer.deserialize(ATNDeserializer.java:56)
	at org.antlr.v4.runtime.atn.ATNDeserializer.deserialize(ATNDeserializer.java:48)
	at de.uka.ilkd.key.nparser.KeYParser.<clinit>(KeYParser.java:11834)
	... 17 more
Caused by: java.io.InvalidClassException: org.antlr.v4.runtime.atn.ATN; Could not deserialize ATN with version 3 (expected 4).
	... 20 more
Exception in thread "main" org.opentest4j.AssertionFailedError: Exception during the execution of proofs. See log for more details.
	at org.junit.jupiter.api.AssertionUtils.fail(AssertionUtils.java:38)
	at org.junit.jupiter.api.Assertions.fail(Assertions.java:135)
	at de.uka.ilkd.key.proof.runallproofs.proofcollection.ForkedTestFileRunner.main(ForkedTestFileRunner.java:192)
Timeout watcher launched (2000 secs.)
ANTLR Tool version 4.9.3 used for code generation does not match the current runtime version 4.12.0
 (file: /home/runner/work/key/key/key.core/../key.ui/examples/index/.././heap/information_flow/ArrayList_size.key; caused by: java.lang.ExceptionInInitializerError)
	at de.uka.ilkd.key.control.AbstractUserInterfaceControl.load(AbstractUserInterfaceControl.java:221)
	at de.uka.ilkd.key.control.KeYEnvironment.load(KeYEnvironment.java:251)
	at de.uka.ilkd.key.control.KeYEnvironment.load(KeYEnvironment.java:224)
	at de.uka.ilkd.key.control.KeYEnvironment.load(KeYEnvironment.java:184)
	at de.uka.ilkd.key.control.KeYEnvironment.load(KeYEnvironment.java:261)
	at de.uka.ilkd.key.proof.runallproofs.proofcollection.TestFile.load(TestFile.java:270)
	at de.uka.ilkd.key.proof.runallproofs.proofcollection.TestFile.runKey(TestFile.java:160)
	at de.uka.ilkd.key.proof.runallproofs.proofcollection.ForkedTestFileRunner.main(ForkedTestFileRunner.java:171)
Caused by: java.lang.ExceptionInInitializerError
	at de.uka.ilkd.key.nparser.ParsingFacade.createParser(ParsingFacade.java:87)
	at de.uka.ilkd.key.nparser.ParsingFacade.parseFile(ParsingFacade.java:123)
	at de.uka.ilkd.key.proof.io.KeYFile.getParseContext(KeYFile.java:160)
	at de.uka.ilkd.key.proof.io.KeYFile.getProblemInformation(KeYFile.java:236)
	at de.uka.ilkd.key.proof.init.KeYUserProblemFile.readProfileFromFile(KeYUserProblemFile.java:236)
	at de.uka.ilkd.key.proof.init.KeYUserProblemFile.getProfile(KeYUserProblemFile.java:216)
	at de.uka.ilkd.key.proof.io.AbstractProblemLoader.createProblemInitializer(AbstractProblemLoader.java:508)
	at de.uka.ilkd.key.proof.io.AbstractProblemLoader.loadEnvironment(AbstractProblemLoader.java:288)
	at de.uka.ilkd.key.proof.io.AbstractProblemLoader.load(AbstractProblemLoader.java:253)
	at de.uka.ilkd.key.control.AbstractUserInterfaceControl.load(AbstractUserInterfaceControl.java:209)
	... 7 more
Caused by: java.lang.UnsupportedOperationException: java.io.InvalidClassException: org.antlr.v4.runtime.atn.ATN; Could not deserialize ATN with version 3 (expected 4).
	at org.antlr.v4.runtime.atn.ATNDeserializer.deserialize(ATNDeserializer.java:56)
	at org.antlr.v4.runtime.atn.ATNDeserializer.deserialize(ATNDeserializer.java:48)
	at de.uka.ilkd.key.nparser.KeYParser.<clinit>(KeYParser.java:11834)
	... 17 more
Caused by: java.io.InvalidClassException: org.antlr.v4.runtime.atn.ATN; Could not deserialize ATN with version 3 (expected 4).
	... 20 more
Exception in thread "main" org.opentest4j.AssertionFailedError: Exception during the execution of proofs. See log for more details.
	at org.junit.jupiter.api.AssertionUtils.fail(AssertionUtils.java:38)
	at org.junit.jupiter.api.Assertions.fail(Assertions.java:135)
	at de.uka.ilkd.key.proof.runallproofs.proofcollection.ForkedTestFileRunner.main(ForkedTestFileRunner.java:192)
Timeout watcher launched (2000 secs.)
ANTLR Tool version 4.9.3 used for code generation does not match the current runtime version 4.12.0
 (file: /home/runner/work/key/key/key.core/../key.ui/examples/index/.././heap/information_flow/UpdateAbstraction_ex7_3_secure.key; caused by: java.lang.ExceptionInInitializerError)
	at de.uka.ilkd.key.control.AbstractUserInterfaceControl.load(AbstractUserInterfaceControl.java:221)
	at de.uka.ilkd.key.control.KeYEnvironment.load(KeYEnvironment.java:251)
	at de.uka.ilkd.key.control.KeYEnvironment.load(KeYEnvironment.java:224)
	at de.uka.ilkd.key.control.KeYEnvironment.load(KeYEnvironment.java:184)
	at de.uka.ilkd.key.control.KeYEnvironment.load(KeYEnvironment.java:261)
	at de.uka.ilkd.key.proof.runallproofs.proofcollection.TestFile.load(TestFile.java:270)
	at de.uka.ilkd.key.proof.runallproofs.proofcollection.TestFile.runKey(TestFile.java:160)
	at de.uka.ilkd.key.proof.runallproofs.proofcollection.ForkedTestFileRunner.main(ForkedTestFileRunner.java:171)
Caused by: java.lang.ExceptionInInitializerError
	at de.uka.ilkd.key.nparser.ParsingFacade.createParser(ParsingFacade.java:87)
	at de.uka.ilkd.key.nparser.ParsingFacade.parseFile(ParsingFacade.java:123)
	at de.uka.ilkd.key.proof.io.KeYFile.getParseContext(KeYFile.java:160)
	at de.uka.ilkd.key.proof.io.KeYFile.getProblemInformation(KeYFile.java:236)
	at de.uka.ilkd.key.proof.init.KeYUserProblemFile.readProfileFromFile(KeYUserProblemFile.java:236)
	at de.uka.ilkd.key.proof.init.KeYUserProblemFile.getProfile(KeYUserProblemFile.java:216)
	at de.uka.ilkd.key.proof.io.AbstractProblemLoader.createProblemInitializer(AbstractProblemLoader.java:508)
	at de.uka.ilkd.key.proof.io.AbstractProblemLoader.loadEnvironment(AbstractProblemLoader.java:288)
	at de.uka.ilkd.key.proof.io.AbstractProblemLoader.load(AbstractProblemLoader.java:253)
	at de.uka.ilkd.key.control.AbstractUserInterfaceControl.load(AbstractUserInterfaceControl.java:209)
	... 7 more
Caused by: java.lang.UnsupportedOperationException: java.io.InvalidClassException: org.antlr.v4.runtime.atn.ATN; Could not deserialize ATN with version 3 (expected 4).
	at org.antlr.v4.runtime.atn.ATNDeserializer.deserialize(ATNDeserializer.java:56)
	at org.antlr.v4.runtime.atn.ATNDeserializer.deserialize(ATNDeserializer.java:48)
	at de.uka.ilkd.key.nparser.KeYParser.<clinit>(KeYParser.java:11834)
	... 17 more
Caused by: java.io.InvalidClassException: org.antlr.v4.runtime.atn.ATN; Could not deserialize ATN with version 3 (expected 4).
	... 20 more
Exception in thread "main" org.opentest4j.AssertionFailedError: Exception during the execution of proofs. See log for more details.
	at org.junit.jupiter.api.AssertionUtils.fail(AssertionUtils.java:38)
	at org.junit.jupiter.api.Assertions.fail(Assertions.java:135)
	at de.uka.ilkd.key.proof.runallproofs.proofcollection.ForkedTestFileRunner.main(ForkedTestFileRunner.java:192)
Timeout watcher launched (2000 secs.)
ANTLR Tool version 4.9.3 used for code generation does not match the current runtime version 4.12.0
 (file: /home/runner/work/key/key/key.core/../key.ui/examples/index/.././heap/information_flow/UpdateAbstraction_ex7_4_secure.key; caused by: java.lang.ExceptionInInitializerError)
	at de.uka.ilkd.key.control.AbstractUserInterfaceControl.load(AbstractUserInterfaceControl.java:221)
	at de.uka.ilkd.key.control.KeYEnvironment.load(KeYEnvironment.java:251)
	at de.uka.ilkd.key.control.KeYEnvironment.load(KeYEnvironment.java:224)
	at de.uka.ilkd.key.control.KeYEnvironment.load(KeYEnvironment.java:184)
	at de.uka.ilkd.key.control.KeYEnvironment.load(KeYEnvironment.java:261)
	at de.uka.ilkd.key.proof.runallproofs.proofcollection.TestFile.load(TestFile.java:270)
	at de.uka.ilkd.key.proof.runallproofs.proofcollection.TestFile.runKey(TestFile.java:160)
	at de.uka.ilkd.key.proof.runallproofs.proofcollection.ForkedTestFileRunner.main(ForkedTestFileRunner.java:171)
Caused by: java.lang.ExceptionInInitializerError
	at de.uka.ilkd.key.nparser.ParsingFacade.createParser(ParsingFacade.java:87)
	at de.uka.ilkd.key.nparser.ParsingFacade.parseFile(ParsingFacade.java:123)
	at de.uka.ilkd.key.proof.io.KeYFile.getParseContext(KeYFile.java:160)
	at de.uka.ilkd.key.proof.io.KeYFile.getProblemInformation(KeYFile.java:236)
	at de.uka.ilkd.key.proof.init.KeYUserProblemFile.readProfileFromFile(KeYUserProblemFile.java:236)
	at de.uka.ilkd.key.proof.init.KeYUserProblemFile.getProfile(KeYUserProblemFile.java:216)
	at de.uka.ilkd.key.proof.io.AbstractProblemLoader.createProblemInitializer(AbstractProblemLoader.java:508)
	at de.uka.ilkd.key.proof.io.AbstractProblemLoader.loadEnvironment(AbstractProblemLoader.java:288)
	at de.uka.ilkd.key.proof.io.AbstractProblemLoader.load(AbstractProblemLoader.java:253)
	at de.uka.ilkd.key.control.AbstractUserInterfaceControl.load(AbstractUserInterfaceControl.java:209)
	... 7 more
Caused by: java.lang.UnsupportedOperationException: java.io.InvalidClassException: org.antlr.v4.runtime.atn.ATN; Could not deserialize ATN with version 3 (expected 4).
	at org.antlr.v4.runtime.atn.ATNDeserializer.deserialize(ATNDeserializer.java:56)
	at org.antlr.v4.runtime.atn.ATNDeserializer.deserialize(ATNDeserializer.java:48)
	at de.uka.ilkd.key.nparser.KeYParser.<clinit>(KeYParser.java:11834)
	... 17 more
Caused by: java.io.InvalidClassException: org.antlr.v4.runtime.atn.ATN; Could not deserialize ATN with version 3 (expected 4).
	... 20 more
Exception in thread "main" org.opentest4j.AssertionFailedError: Exception during the execution of proofs. See log for more details.
	at org.junit.jupiter.api.AssertionUtils.fail(AssertionUtils.java:38)
	at org.junit.jupiter.api.Assertions.fail(Assertions.java:135)
	at de.uka.ilkd.key.proof.runallproofs.proofcollection.ForkedTestFileRunner.main(ForkedTestFileRunner.java:192)
Timeout watcher launched (2000 secs.)
ANTLR Tool version 4.9.3 used for code generation does not match the current runtime version 4.12.0
 (file: /home/runner/work/key/key/key.core/../key.ui/examples/index/.././heap/information_flow/UpdateAbstraction_ex7_5_secure.key; caused by: java.lang.ExceptionInInitializerError)
	at de.uka.ilkd.key.control.AbstractUserInterfaceControl.load(AbstractUserInterfaceControl.java:221)
	at de.uka.ilkd.key.control.KeYEnvironment.load(KeYEnvironment.java:251)
	at de.uka.ilkd.key.control.KeYEnvironment.load(KeYEnvironment.java:224)
	at de.uka.ilkd.key.control.KeYEnvironment.load(KeYEnvironment.java:184)
	at de.uka.ilkd.key.control.KeYEnvironment.load(KeYEnvironment.java:261)
	at de.uka.ilkd.key.proof.runallproofs.proofcollection.TestFile.load(TestFile.java:270)
	at de.uka.ilkd.key.proof.runallproofs.proofcollection.TestFile.runKey(TestFile.java:160)
	at de.uka.ilkd.key.proof.runallproofs.proofcollection.ForkedTestFileRunner.main(ForkedTestFileRunner.java:171)
Caused by: java.lang.ExceptionInInitializerError
	at de.uka.ilkd.key.nparser.ParsingFacade.createParser(ParsingFacade.java:87)
	at de.uka.ilkd.key.nparser.ParsingFacade.parseFile(ParsingFacade.java:123)
	at de.uka.ilkd.key.proof.io.KeYFile.getParseContext(KeYFile.java:160)
	at de.uka.ilkd.key.proof.io.KeYFile.getProblemInformation(KeYFile.java:236)
	at de.uka.ilkd.key.proof.init.KeYUserProblemFile.readProfileFromFile(KeYUserProblemFile.java:236)
	at de.uka.ilkd.key.proof.init.KeYUserProblemFile.getProfile(KeYUserProblemFile.java:216)
	at de.uka.ilkd.key.proof.io.AbstractProblemLoader.createProblemInitializer(AbstractProblemLoader.java:508)
	at de.uka.ilkd.key.proof.io.AbstractProblemLoader.loadEnvironment(AbstractProblemLoader.java:288)
	at de.uka.ilkd.key.proof.io.AbstractProblemLoader.load(AbstractProblemLoader.java:253)
	at de.uka.ilkd.key.control.AbstractUserInterfaceControl.load(AbstractUserInterfaceControl.java:209)
	... 7 more
Caused by: java.lang.UnsupportedOperationException: java.io.InvalidClassException: org.antlr.v4.runtime.atn.ATN; Could not deserialize ATN with version 3 (expected 4).
	at org.antlr.v4.runtime.atn.ATNDeserializer.deserialize(ATNDeserializer.java:56)
	at org.antlr.v4.runtime.atn.ATNDeserializer.deserialize(ATNDeserializer.java:48)
	at de.uka.ilkd.key.nparser.KeYParser.<clinit>(KeYParser.java:11834)
	... 17 more
Caused by: java.io.InvalidClassException: org.antlr.v4.runtime.atn.ATN; Could not deserialize ATN with version 3 (expected 4).
	... 20 more
Exception in thread "main" org.opentest4j.AssertionFailedError: Exception during the execution of proofs. See log for more details.
	at org.junit.jupiter.api.AssertionUtils.fail(AssertionUtils.java:38)
	at org.junit.jupiter.api.Assertions.fail(Assertions.java:135)
	at de.uka.ilkd.key.proof.runallproofs.proofcollection.ForkedTestFileRunner.main(ForkedTestFileRunner.java:192)
Timeout watcher launched (2000 secs.)
ANTLR Tool version 4.9.3 used for code generation does not match the current runtime version 4.12.0
 (file: /home/runner/work/key/key/key.core/../key.ui/examples/index/.././heap/information_flow/UpdateAbstraction_ex7_6_secure.key; caused by: java.lang.ExceptionInInitializerError)
	at de.uka.ilkd.key.control.AbstractUserInterfaceControl.load(AbstractUserInterfaceControl.java:221)
	at de.uka.ilkd.key.control.KeYEnvironment.load(KeYEnvironment.java:251)
	at de.uka.ilkd.key.control.KeYEnvironment.load(KeYEnvironment.java:224)
	at de.uka.ilkd.key.control.KeYEnvironment.load(KeYEnvironment.java:184)
	at de.uka.ilkd.key.control.KeYEnvironment.load(KeYEnvironment.java:261)
	at de.uka.ilkd.key.proof.runallproofs.proofcollection.TestFile.load(TestFile.java:270)
	at de.uka.ilkd.key.proof.runallproofs.proofcollection.TestFile.runKey(TestFile.java:160)
	at de.uka.ilkd.key.proof.runallproofs.proofcollection.ForkedTestFileRunner.main(ForkedTestFileRunner.java:171)
Caused by: java.lang.ExceptionInInitializerError
	at de.uka.ilkd.key.nparser.ParsingFacade.createParser(ParsingFacade.java:87)
	at de.uka.ilkd.key.nparser.ParsingFacade.parseFile(ParsingFacade.java:123)
	at de.uka.ilkd.key.proof.io.KeYFile.getParseContext(KeYFile.java:160)
	at de.uka.ilkd.key.proof.io.KeYFile.getProblemInformation(KeYFile.java:236)
	at de.uka.ilkd.key.proof.init.KeYUserProblemFile.readProfileFromFile(KeYUserProblemFile.java:236)
	at de.uka.ilkd.key.proof.init.KeYUserProblemFile.getProfile(KeYUserProblemFile.java:216)
	at de.uka.ilkd.key.proof.io.AbstractProblemLoader.createProblemInitializer(AbstractProblemLoader.java:508)
	at de.uka.ilkd.key.proof.io.AbstractProblemLoader.loadEnvironment(AbstractProblemLoader.java:288)
	at de.uka.ilkd.key.proof.io.AbstractProblemLoader.load(AbstractProblemLoader.java:253)
	at de.uka.ilkd.key.control.AbstractUserInterfaceControl.load(AbstractUserInterfaceControl.java:209)
	... 7 more
Caused by: java.lang.UnsupportedOperationException: java.io.InvalidClassException: org.antlr.v4.runtime.atn.ATN; Could not deserialize ATN with version 3 (expected 4).
	at org.antlr.v4.runtime.atn.ATNDeserializer.deserialize(ATNDeserializer.java:56)
	at org.antlr.v4.runtime.atn.ATNDeserializer.deserialize(ATNDeserializer.java:48)
	at de.uka.ilkd.key.nparser.KeYParser.<clinit>(KeYParser.java:11834)
	... 17 more
Caused by: java.io.InvalidClassException: org.antlr.v4.runtime.atn.ATN; Could not deserialize ATN with version 3 (expected 4).
	... 20 more
Exception in thread "main" org.opentest4j.AssertionFailedError: Exception during the execution of proofs. See log for more details.
	at org.junit.jupiter.api.AssertionUtils.fail(AssertionUtils.java:38)
	at org.junit.jupiter.api.Assertions.fail(Assertions.java:135)
	at de.uka.ilkd.key.proof.runallproofs.proofcollection.ForkedTestFileRunner.main(ForkedTestFileRunner.java:192)
Timeout watcher launched (2000 secs.)
ANTLR Tool version 4.9.3 used for code generation does not match the current runtime version 4.12.0
 (file: /home/runner/work/key/key/key.core/../key.ui/examples/index/.././heap/information_flow/UpdateAbstraction_ex9_secure.key; caused by: java.lang.ExceptionInInitializerError)
	at de.uka.ilkd.key.control.AbstractUserInterfaceControl.load(AbstractUserInterfaceControl.java:221)
	at de.uka.ilkd.key.control.KeYEnvironment.load(KeYEnvironment.java:251)
	at de.uka.ilkd.key.control.KeYEnvironment.load(KeYEnvironment.java:224)
	at de.uka.ilkd.key.control.KeYEnvironment.load(KeYEnvironment.java:184)
	at de.uka.ilkd.key.control.KeYEnvironment.load(KeYEnvironment.java:261)
	at de.uka.ilkd.key.proof.runallproofs.proofcollection.TestFile.load(TestFile.java:270)
	at de.uka.ilkd.key.proof.runallproofs.proofcollection.TestFile.runKey(TestFile.java:160)
	at de.uka.ilkd.key.proof.runallproofs.proofcollection.ForkedTestFileRunner.main(ForkedTestFileRunner.java:171)
Caused by: java.lang.ExceptionInInitializerError
	at de.uka.ilkd.key.nparser.ParsingFacade.createParser(ParsingFacade.java:87)
	at de.uka.ilkd.key.nparser.ParsingFacade.parseFile(ParsingFacade.java:123)
	at de.uka.ilkd.key.proof.io.KeYFile.getParseContext(KeYFile.java:160)
	at de.uka.ilkd.key.proof.io.KeYFile.getProblemInformation(KeYFile.java:236)
	at de.uka.ilkd.key.proof.init.KeYUserProblemFile.readProfileFromFile(KeYUserProblemFile.java:236)
	at de.uka.ilkd.key.proof.init.KeYUserProblemFile.getProfile(KeYUserProblemFile.java:216)
	at de.uka.ilkd.key.proof.io.AbstractProblemLoader.createProblemInitializer(AbstractProblemLoader.java:508)
	at de.uka.ilkd.key.proof.io.AbstractProblemLoader.loadEnvironment(AbstractProblemLoader.java:288)
	at de.uka.ilkd.key.proof.io.AbstractProblemLoader.load(AbstractProblemLoader.java:253)
	at de.uka.ilkd.key.control.AbstractUserInterfaceControl.load(AbstractUserInterfaceControl.java:209)
	... 7 more
Caused by: java.lang.UnsupportedOperationException: java.io.InvalidClassException: org.antlr.v4.runtime.atn.ATN; Could not deserialize ATN with version 3 (expected 4).
	at org.antlr.v4.runtime.atn.ATNDeserializer.deserialize(ATNDeserializer.java:56)
	at org.antlr.v4.runtime.atn.ATNDeserializer.deserialize(ATNDeserializer.java:48)
	at de.uka.ilkd.key.nparser.KeYParser.<clinit>(KeYParser.java:11834)
	... 17 more
Caused by: java.io.InvalidClassException: org.antlr.v4.runtime.atn.ATN; Could not deserialize ATN with version 3 (expected 4).
	... 20 more
Exception in thread "main" org.opentest4j.AssertionFailedError: Exception during the execution of proofs. See log for more details.
	at org.junit.jupiter.api.AssertionUtils.fail(AssertionUtils.java:38)
	at org.junit.jupiter.api.Assertions.fail(Assertions.java:135)
	at de.uka.ilkd.key.proof.runallproofs.proofcollection.ForkedTestFileRunner.main(ForkedTestFileRunner.java:192)
Timeout watcher launched (2000 secs.)
ANTLR Tool version 4.9.3 used for code generation does not match the current runtime version 4.12.0
 (file: /home/runner/work/key/key/key.core/../key.ui/examples/index/.././heap/list/ArrayList_add.key; caused by: java.lang.ExceptionInInitializerError)
	at de.uka.ilkd.key.control.AbstractUserInterfaceControl.load(AbstractUserInterfaceControl.java:221)
	at de.uka.ilkd.key.control.KeYEnvironment.load(KeYEnvironment.java:251)
	at de.uka.ilkd.key.control.KeYEnvironment.load(KeYEnvironment.java:224)
	at de.uka.ilkd.key.control.KeYEnvironment.load(KeYEnvironment.java:184)
	at de.uka.ilkd.key.control.KeYEnvironment.load(KeYEnvironment.java:261)
	at de.uka.ilkd.key.proof.runallproofs.proofcollection.TestFile.load(TestFile.java:270)
	at de.uka.ilkd.key.proof.runallproofs.proofcollection.TestFile.runKey(TestFile.java:160)
	at de.uka.ilkd.key.proof.runallproofs.proofcollection.ForkedTestFileRunner.main(ForkedTestFileRunner.java:171)
Caused by: java.lang.ExceptionInInitializerError
	at de.uka.ilkd.key.nparser.ParsingFacade.createParser(ParsingFacade.java:87)
	at de.uka.ilkd.key.nparser.ParsingFacade.parseFile(ParsingFacade.java:123)
	at de.uka.ilkd.key.proof.io.KeYFile.getParseContext(KeYFile.java:160)
	at de.uka.ilkd.key.proof.io.KeYFile.getProblemInformation(KeYFile.java:236)
	at de.uka.ilkd.key.proof.init.KeYUserProblemFile.readProfileFromFile(KeYUserProblemFile.java:236)
	at de.uka.ilkd.key.proof.init.KeYUserProblemFile.getProfile(KeYUserProblemFile.java:216)
	at de.uka.ilkd.key.proof.io.AbstractProblemLoader.createProblemInitializer(AbstractProblemLoader.java:508)
	at de.uka.ilkd.key.proof.io.AbstractProblemLoader.loadEnvironment(AbstractProblemLoader.java:288)
	at de.uka.ilkd.key.proof.io.AbstractProblemLoader.load(AbstractProblemLoader.java:253)
	at de.uka.ilkd.key.control.AbstractUserInterfaceControl.load(AbstractUserInterfaceControl.java:209)
	... 7 more
Caused by: java.lang.UnsupportedOperationException: java.io.InvalidClassException: org.antlr.v4.runtime.atn.ATN; Could not deserialize ATN with version 3 (expected 4).
	at org.antlr.v4.runtime.atn.ATNDeserializer.deserialize(ATNDeserializer.java:56)
	at org.antlr.v4.runtime.atn.ATNDeserializer.deserialize(ATNDeserializer.java:48)
	at de.uka.ilkd.key.nparser.KeYParser.<clinit>(KeYParser.java:11834)
	... 17 more
Caused by: java.io.InvalidClassException: org.antlr.v4.runtime.atn.ATN; Could not deserialize ATN with version 3 (expected 4).
	... 20 more
Could not initialize class de.uka.ilkd.key.nparser.KeYParser (file: /home/runner/work/key/key/key.core/../key.ui/examples/index/.././heap/list/ArrayList_ArrayList.key; caused by: java.lang.NoClassDefFoundError: Could not initialize class de.uka.ilkd.key.nparser.KeYParser)
	at de.uka.ilkd.key.control.AbstractUserInterfaceControl.load(AbstractUserInterfaceControl.java:221)
	at de.uka.ilkd.key.control.KeYEnvironment.load(KeYEnvironment.java:251)
	at de.uka.ilkd.key.control.KeYEnvironment.load(KeYEnvironment.java:224)
	at de.uka.ilkd.key.control.KeYEnvironment.load(KeYEnvironment.java:184)
	at de.uka.ilkd.key.control.KeYEnvironment.load(KeYEnvironment.java:261)
	at de.uka.ilkd.key.proof.runallproofs.proofcollection.TestFile.load(TestFile.java:270)
	at de.uka.ilkd.key.proof.runallproofs.proofcollection.TestFile.runKey(TestFile.java:160)
	at de.uka.ilkd.key.proof.runallproofs.proofcollection.ForkedTestFileRunner.main(ForkedTestFileRunner.java:171)
Caused by: java.lang.NoClassDefFoundError: Could not initialize class de.uka.ilkd.key.nparser.KeYParser
	at de.uka.ilkd.key.nparser.ParsingFacade.createParser(ParsingFacade.java:87)
	at de.uka.ilkd.key.nparser.ParsingFacade.parseFile(ParsingFacade.java:123)
	at de.uka.ilkd.key.proof.io.KeYFile.getParseContext(KeYFile.java:160)
	at de.uka.ilkd.key.proof.io.KeYFile.getProblemInformation(KeYFile.java:236)
	at de.uka.ilkd.key.proof.init.KeYUserProblemFile.readProfileFromFile(KeYUserProblemFile.java:236)
	at de.uka.ilkd.key.proof.init.KeYUserProblemFile.getProfile(KeYUserProblemFile.java:216)
	at de.uka.ilkd.key.proof.io.AbstractProblemLoader.createProblemInitializer(AbstractProblemLoader.java:508)
	at de.uka.ilkd.key.proof.io.AbstractProblemLoader.loadEnvironment(AbstractProblemLoader.java:288)
	at de.uka.ilkd.key.proof.io.AbstractProblemLoader.load(AbstractProblemLoader.java:253)
	at de.uka.ilkd.key.control.AbstractUserInterfaceControl.load(AbstractUserInterfaceControl.java:209)
	... 7 more
Could not initialize class de.uka.ilkd.key.nparser.KeYParser (file: /home/runner/work/key/key/key.core/../key.ui/examples/index/.././heap/list/ArrayList_concatenate.key; caused by: java.lang.NoClassDefFoundError: Could not initialize class de.uka.ilkd.key.nparser.KeYParser)
	at de.uka.ilkd.key.control.AbstractUserInterfaceControl.load(AbstractUserInterfaceControl.java:221)
	at de.uka.ilkd.key.control.KeYEnvironment.load(KeYEnvironment.java:251)
	at de.uka.ilkd.key.control.KeYEnvironment.load(KeYEnvironment.java:224)
	at de.uka.ilkd.key.control.KeYEnvironment.load(KeYEnvironment.java:184)
	at de.uka.ilkd.key.control.KeYEnvironment.load(KeYEnvironment.java:261)
	at de.uka.ilkd.key.proof.runallproofs.proofcollection.TestFile.load(TestFile.java:270)
	at de.uka.ilkd.key.proof.runallproofs.proofcollection.TestFile.runKey(TestFile.java:160)
	at de.uka.ilkd.key.proof.runallproofs.proofcollection.ForkedTestFileRunner.main(ForkedTestFileRunner.java:171)
Caused by: java.lang.NoClassDefFoundError: Could not initialize class de.uka.ilkd.key.nparser.KeYParser
	at de.uka.ilkd.key.nparser.ParsingFacade.createParser(ParsingFacade.java:87)
	at de.uka.ilkd.key.nparser.ParsingFacade.parseFile(ParsingFacade.java:123)
	at de.uka.ilkd.key.proof.io.KeYFile.getParseContext(KeYFile.java:160)
	at de.uka.ilkd.key.proof.io.KeYFile.getProblemInformation(KeYFile.java:236)
	at de.uka.ilkd.key.proof.init.KeYUserProblemFile.readProfileFromFile(KeYUserProblemFile.java:236)
	at de.uka.ilkd.key.proof.init.KeYUserProblemFile.getProfile(KeYUserProblemFile.java:216)
	at de.uka.ilkd.key.proof.io.AbstractProblemLoader.createProblemInitializer(AbstractProblemLoader.java:508)
	at de.uka.ilkd.key.proof.io.AbstractProblemLoader.loadEnvironment(AbstractProblemLoader.java:288)
	at de.uka.ilkd.key.proof.io.AbstractProblemLoader.load(AbstractProblemLoader.java:253)
	at de.uka.ilkd.key.control.AbstractUserInterfaceControl.load(AbstractUserInterfaceControl.java:209)
	... 7 more
Could not initialize class de.uka.ilkd.key.nparser.KeYParser (file: /home/runner/work/key/key/key.core/../key.ui/examples/index/.././heap/list/ArrayList_contains_dep.key; caused by: java.lang.NoClassDefFoundError: Could not initialize class de.uka.ilkd.key.nparser.KeYParser)
	at de.uka.ilkd.key.control.AbstractUserInterfaceControl.load(AbstractUserInterfaceControl.java:221)
	at de.uka.ilkd.key.control.KeYEnvironment.load(KeYEnvironment.java:251)
	at de.uka.ilkd.key.control.KeYEnvironment.load(KeYEnvironment.java:224)
	at de.uka.ilkd.key.control.KeYEnvironment.load(KeYEnvironment.java:184)
	at de.uka.ilkd.key.control.KeYEnvironment.load(KeYEnvironment.java:261)
	at de.uka.ilkd.key.proof.runallproofs.proofcollection.TestFile.load(TestFile.java:270)
	at de.uka.ilkd.key.proof.runallproofs.proofcollection.TestFile.runKey(TestFile.java:160)
	at de.uka.ilkd.key.proof.runallproofs.proofcollection.ForkedTestFileRunner.main(ForkedTestFileRunner.java:171)
Caused by: java.lang.NoClassDefFoundError: Could not initialize class de.uka.ilkd.key.nparser.KeYParser
	at de.uka.ilkd.key.nparser.ParsingFacade.createParser(ParsingFacade.java:87)
	at de.uka.ilkd.key.nparser.ParsingFacade.parseFile(ParsingFacade.java:123)
	at de.uka.ilkd.key.proof.io.KeYFile.getParseContext(KeYFile.java:160)
	at de.uka.ilkd.key.proof.io.KeYFile.getProblemInformation(KeYFile.java:236)
	at de.uka.ilkd.key.proof.init.KeYUserProblemFile.readProfileFromFile(KeYUserProblemFile.java:236)
	at de.uka.ilkd.key.proof.init.KeYUserProblemFile.getProfile(KeYUserProblemFile.java:216)
	at de.uka.ilkd.key.proof.io.AbstractProblemLoader.createProblemInitializer(AbstractProblemLoader.java:508)
	at de.uka.ilkd.key.proof.io.AbstractProblemLoader.loadEnvironment(AbstractProblemLoader.java:288)
	at de.uka.ilkd.key.proof.io.AbstractProblemLoader.load(AbstractProblemLoader.java:253)
	at de.uka.ilkd.key.control.AbstractUserInterfaceControl.load(AbstractUserInterfaceControl.java:209)
	... 7 more
Could not initialize class de.uka.ilkd.key.nparser.KeYParser (file: /home/runner/work/key/key/key.core/../key.ui/examples/index/.././heap/list/ArrayList_enlarge.key; caused by: java.lang.NoClassDefFoundError: Could not initialize class de.uka.ilkd.key.nparser.KeYParser)
	at de.uka.ilkd.key.control.AbstractUserInterfaceControl.load(AbstractUserInterfaceControl.java:221)
	at de.uka.ilkd.key.control.KeYEnvironment.load(KeYEnvironment.java:251)
	at de.uka.ilkd.key.control.KeYEnvironment.load(KeYEnvironment.java:224)
	at de.uka.ilkd.key.control.KeYEnvironment.load(KeYEnvironment.java:184)
	at de.uka.ilkd.key.control.KeYEnvironment.load(KeYEnvironment.java:261)
	at de.uka.ilkd.key.proof.runallproofs.proofcollection.TestFile.load(TestFile.java:270)
	at de.uka.ilkd.key.proof.runallproofs.proofcollection.TestFile.runKey(TestFile.java:160)
	at de.uka.ilkd.key.proof.runallproofs.proofcollection.ForkedTestFileRunner.main(ForkedTestFileRunner.java:171)
Caused by: java.lang.NoClassDefFoundError: Could not initialize class de.uka.ilkd.key.nparser.KeYParser
	at de.uka.ilkd.key.nparser.ParsingFacade.createParser(ParsingFacade.java:87)
	at de.uka.ilkd.key.nparser.ParsingFacade.parseFile(ParsingFacade.java:123)
	at de.uka.ilkd.key.proof.io.KeYFile.getParseContext(KeYFile.java:160)
	at de.uka.ilkd.key.proof.io.KeYFile.getProblemInformation(KeYFile.java:236)
	at de.uka.ilkd.key.proof.init.KeYUserProblemFile.readProfileFromFile(KeYUserProblemFile.java:236)
	at de.uka.ilkd.key.proof.init.KeYUserProblemFile.getProfile(KeYUserProblemFile.java:216)
	at de.uka.ilkd.key.proof.io.AbstractProblemLoader.createProblemInitializer(AbstractProblemLoader.java:508)
	at de.uka.ilkd.key.proof.io.AbstractProblemLoader.loadEnvironment(AbstractProblemLoader.java:288)
	at de.uka.ilkd.key.proof.io.AbstractProblemLoader.load(AbstractProblemLoader.java:253)
	at de.uka.ilkd.key.control.AbstractUserInterfaceControl.load(AbstractUserInterfaceControl.java:209)
	... 7 more
Could not initialize class de.uka.ilkd.key.nparser.KeYParser (file: /home/runner/work/key/key/key.core/../key.ui/examples/index/.././heap/list/ArrayList_footprint.key; caused by: java.lang.NoClassDefFoundError: Could not initialize class de.uka.ilkd.key.nparser.KeYParser)
	at de.uka.ilkd.key.control.AbstractUserInterfaceControl.load(AbstractUserInterfaceControl.java:221)
	at de.uka.ilkd.key.control.KeYEnvironment.load(KeYEnvironment.java:251)
	at de.uka.ilkd.key.control.KeYEnvironment.load(KeYEnvironment.java:224)
	at de.uka.ilkd.key.control.KeYEnvironment.load(KeYEnvironment.java:184)
	at de.uka.ilkd.key.control.KeYEnvironment.load(KeYEnvironment.java:261)
	at de.uka.ilkd.key.proof.runallproofs.proofcollection.TestFile.load(TestFile.java:270)
	at de.uka.ilkd.key.proof.runallproofs.proofcollection.TestFile.runKey(TestFile.java:160)
	at de.uka.ilkd.key.proof.runallproofs.proofcollection.ForkedTestFileRunner.main(ForkedTestFileRunner.java:171)
Caused by: java.lang.NoClassDefFoundError: Could not initialize class de.uka.ilkd.key.nparser.KeYParser
	at de.uka.ilkd.key.nparser.ParsingFacade.createParser(ParsingFacade.java:87)
	at de.uka.ilkd.key.nparser.ParsingFacade.parseFile(ParsingFacade.java:123)
	at de.uka.ilkd.key.proof.io.KeYFile.getParseContext(KeYFile.java:160)
	at de.uka.ilkd.key.proof.io.KeYFile.getProblemInformation(KeYFile.java:236)
	at de.uka.ilkd.key.proof.init.KeYUserProblemFile.readProfileFromFile(KeYUserProblemFile.java:236)
	at de.uka.ilkd.key.proof.init.KeYUserProblemFile.getProfile(KeYUserProblemFile.java:216)
	at de.uka.ilkd.key.proof.io.AbstractProblemLoader.createProblemInitializer(AbstractProblemLoader.java:508)
	at de.uka.ilkd.key.proof.io.AbstractProblemLoader.loadEnvironment(AbstractProblemLoader.java:288)
	at de.uka.ilkd.key.proof.io.AbstractProblemLoader.load(AbstractProblemLoader.java:253)
	at de.uka.ilkd.key.control.AbstractUserInterfaceControl.load(AbstractUserInterfaceControl.java:209)
	... 7 more
Could not initialize class de.uka.ilkd.key.nparser.KeYParser (file: /home/runner/work/key/key/key.core/../key.ui/examples/index/.././heap/list/ArrayList_get_dep.key; caused by: java.lang.NoClassDefFoundError: Could not initialize class de.uka.ilkd.key.nparser.KeYParser)
	at de.uka.ilkd.key.control.AbstractUserInterfaceControl.load(AbstractUserInterfaceControl.java:221)
	at de.uka.ilkd.key.control.KeYEnvironment.load(KeYEnvironment.java:251)
	at de.uka.ilkd.key.control.KeYEnvironment.load(KeYEnvironment.java:224)
	at de.uka.ilkd.key.control.KeYEnvironment.load(KeYEnvironment.java:184)
	at de.uka.ilkd.key.control.KeYEnvironment.load(KeYEnvironment.java:261)
	at de.uka.ilkd.key.proof.runallproofs.proofcollection.TestFile.load(TestFile.java:270)
	at de.uka.ilkd.key.proof.runallproofs.proofcollection.TestFile.runKey(TestFile.java:160)
	at de.uka.ilkd.key.proof.runallproofs.proofcollection.ForkedTestFileRunner.main(ForkedTestFileRunner.java:171)
Caused by: java.lang.NoClassDefFoundError: Could not initialize class de.uka.ilkd.key.nparser.KeYParser
	at de.uka.ilkd.key.nparser.ParsingFacade.createParser(ParsingFacade.java:87)
	at de.uka.ilkd.key.nparser.ParsingFacade.parseFile(ParsingFacade.java:123)
	at de.uka.ilkd.key.proof.io.KeYFile.getParseContext(KeYFile.java:160)
	at de.uka.ilkd.key.proof.io.KeYFile.getProblemInformation(KeYFile.java:236)
	at de.uka.ilkd.key.proof.init.KeYUserProblemFile.readProfileFromFile(KeYUserProblemFile.java:236)
	at de.uka.ilkd.key.proof.init.KeYUserProblemFile.getProfile(KeYUserProblemFile.java:216)
	at de.uka.ilkd.key.proof.io.AbstractProblemLoader.createProblemInitializer(AbstractProblemLoader.java:508)
	at de.uka.ilkd.key.proof.io.AbstractProblemLoader.loadEnvironment(AbstractProblemLoader.java:288)
	at de.uka.ilkd.key.proof.io.AbstractProblemLoader.load(AbstractProblemLoader.java:253)
	at de.uka.ilkd.key.control.AbstractUserInterfaceControl.load(AbstractUserInterfaceControl.java:209)
	... 7 more
Could not initialize class de.uka.ilkd.key.nparser.KeYParser (file: /home/runner/work/key/key/key.core/../key.ui/examples/index/.././heap/list/ArrayList_get_exceptional.key; caused by: java.lang.NoClassDefFoundError: Could not initialize class de.uka.ilkd.key.nparser.KeYParser)
	at de.uka.ilkd.key.control.AbstractUserInterfaceControl.load(AbstractUserInterfaceControl.java:221)
	at de.uka.ilkd.key.control.KeYEnvironment.load(KeYEnvironment.java:251)
	at de.uka.ilkd.key.control.KeYEnvironment.load(KeYEnvironment.java:224)
	at de.uka.ilkd.key.control.KeYEnvironment.load(KeYEnvironment.java:184)
	at de.uka.ilkd.key.control.KeYEnvironment.load(KeYEnvironment.java:261)
	at de.uka.ilkd.key.proof.runallproofs.proofcollection.TestFile.load(TestFile.java:270)
	at de.uka.ilkd.key.proof.runallproofs.proofcollection.TestFile.runKey(TestFile.java:160)
	at de.uka.ilkd.key.proof.runallproofs.proofcollection.ForkedTestFileRunner.main(ForkedTestFileRunner.java:171)
Caused by: java.lang.NoClassDefFoundError: Could not initialize class de.uka.ilkd.key.nparser.KeYParser
	at de.uka.ilkd.key.nparser.ParsingFacade.createParser(ParsingFacade.java:87)
	at de.uka.ilkd.key.nparser.ParsingFacade.parseFile(ParsingFacade.java:123)
	at de.uka.ilkd.key.proof.io.KeYFile.getParseContext(KeYFile.java:160)
	at de.uka.ilkd.key.proof.io.KeYFile.getProblemInformation(KeYFile.java:236)
	at de.uka.ilkd.key.proof.init.KeYUserProblemFile.readProfileFromFile(KeYUserProblemFile.java:236)
	at de.uka.ilkd.key.proof.init.KeYUserProblemFile.getProfile(KeYUserProblemFile.java:216)
	at de.uka.ilkd.key.proof.io.AbstractProblemLoader.createProblemInitializer(AbstractProblemLoader.java:508)
	at de.uka.ilkd.key.proof.io.AbstractProblemLoader.loadEnvironment(AbstractProblemLoader.java:288)
	at de.uka.ilkd.key.proof.io.AbstractProblemLoader.load(AbstractProblemLoader.java:253)
	at de.uka.ilkd.key.control.AbstractUserInterfaceControl.load(AbstractUserInterfaceControl.java:209)
	... 7 more
Could not initialize class de.uka.ilkd.key.nparser.KeYParser (file: /home/runner/work/key/key/key.core/../key.ui/examples/index/.././heap/list/ArrayList_get_normal.key; caused by: java.lang.NoClassDefFoundError: Could not initialize class de.uka.ilkd.key.nparser.KeYParser)
	at de.uka.ilkd.key.control.AbstractUserInterfaceControl.load(AbstractUserInterfaceControl.java:221)
	at de.uka.ilkd.key.control.KeYEnvironment.load(KeYEnvironment.java:251)
	at de.uka.ilkd.key.control.KeYEnvironment.load(KeYEnvironment.java:224)
	at de.uka.ilkd.key.control.KeYEnvironment.load(KeYEnvironment.java:184)
	at de.uka.ilkd.key.control.KeYEnvironment.load(KeYEnvironment.java:261)
	at de.uka.ilkd.key.proof.runallproofs.proofcollection.TestFile.load(TestFile.java:270)
	at de.uka.ilkd.key.proof.runallproofs.proofcollection.TestFile.runKey(TestFile.java:160)
	at de.uka.ilkd.key.proof.runallproofs.proofcollection.ForkedTestFileRunner.main(ForkedTestFileRunner.java:171)
Caused by: java.lang.NoClassDefFoundError: Could not initialize class de.uka.ilkd.key.nparser.KeYParser
	at de.uka.ilkd.key.nparser.ParsingFacade.createParser(ParsingFacade.java:87)
	at de.uka.ilkd.key.nparser.ParsingFacade.parseFile(ParsingFacade.java:123)
	at de.uka.ilkd.key.proof.io.KeYFile.getParseContext(KeYFile.java:160)
	at de.uka.ilkd.key.proof.io.KeYFile.getProblemInformation(KeYFile.java:236)
	at de.uka.ilkd.key.proof.init.KeYUserProblemFile.readProfileFromFile(KeYUserProblemFile.java:236)
	at de.uka.ilkd.key.proof.init.KeYUserProblemFile.getProfile(KeYUserProblemFile.java:216)
	at de.uka.ilkd.key.proof.io.AbstractProblemLoader.createProblemInitializer(AbstractProblemLoader.java:508)
	at de.uka.ilkd.key.proof.io.AbstractProblemLoader.loadEnvironment(AbstractProblemLoader.java:288)
	at de.uka.ilkd.key.proof.io.AbstractProblemLoader.load(AbstractProblemLoader.java:253)
	at de.uka.ilkd.key.control.AbstractUserInterfaceControl.load(AbstractUserInterfaceControl.java:209)
	... 7 more
Could not initialize class de.uka.ilkd.key.nparser.KeYParser (file: /home/runner/work/key/key/key.core/../key.ui/examples/index/.././heap/list/ArrayList_inv.key; caused by: java.lang.NoClassDefFoundError: Could not initialize class de.uka.ilkd.key.nparser.KeYParser)
	at de.uka.ilkd.key.control.AbstractUserInterfaceControl.load(AbstractUserInterfaceControl.java:221)
	at de.uka.ilkd.key.control.KeYEnvironment.load(KeYEnvironment.java:251)
	at de.uka.ilkd.key.control.KeYEnvironment.load(KeYEnvironment.java:224)
	at de.uka.ilkd.key.control.KeYEnvironment.load(KeYEnvironment.java:184)
	at de.uka.ilkd.key.control.KeYEnvironment.load(KeYEnvironment.java:261)
	at de.uka.ilkd.key.proof.runallproofs.proofcollection.TestFile.load(TestFile.java:270)
	at de.uka.ilkd.key.proof.runallproofs.proofcollection.TestFile.runKey(TestFile.java:160)
	at de.uka.ilkd.key.proof.runallproofs.proofcollection.ForkedTestFileRunner.main(ForkedTestFileRunner.java:171)
Caused by: java.lang.NoClassDefFoundError: Could not initialize class de.uka.ilkd.key.nparser.KeYParser
	at de.uka.ilkd.key.nparser.ParsingFacade.createParser(ParsingFacade.java:87)
	at de.uka.ilkd.key.nparser.ParsingFacade.parseFile(ParsingFacade.java:123)
	at de.uka.ilkd.key.proof.io.KeYFile.getParseContext(KeYFile.java:160)
	at de.uka.ilkd.key.proof.io.KeYFile.getProblemInformation(KeYFile.java:236)
	at de.uka.ilkd.key.proof.init.KeYUserProblemFile.readProfileFromFile(KeYUserProblemFile.java:236)
	at de.uka.ilkd.key.proof.init.KeYUserProblemFile.getProfile(KeYUserProblemFile.java:216)
	at de.uka.ilkd.key.proof.io.AbstractProblemLoader.createProblemInitializer(AbstractProblemLoader.java:508)
	at de.uka.ilkd.key.proof.io.AbstractProblemLoader.loadEnvironment(AbstractProblemLoader.java:288)
	at de.uka.ilkd.key.proof.io.AbstractProblemLoader.load(AbstractProblemLoader.java:253)
	at de.uka.ilkd.key.control.AbstractUserInterfaceControl.load(AbstractUserInterfaceControl.java:209)
	... 7 more
Could not initialize class de.uka.ilkd.key.nparser.KeYParser (file: /home/runner/work/key/key/key.core/../key.ui/examples/index/.././heap/list/ArrayList_iterator.key; caused by: java.lang.NoClassDefFoundError: Could not initialize class de.uka.ilkd.key.nparser.KeYParser)
	at de.uka.ilkd.key.control.AbstractUserInterfaceControl.load(AbstractUserInterfaceControl.java:221)
	at de.uka.ilkd.key.control.KeYEnvironment.load(KeYEnvironment.java:251)
	at de.uka.ilkd.key.control.KeYEnvironment.load(KeYEnvironment.java:224)
	at de.uka.ilkd.key.control.KeYEnvironment.load(KeYEnvironment.java:184)
	at de.uka.ilkd.key.control.KeYEnvironment.load(KeYEnvironment.java:261)
	at de.uka.ilkd.key.proof.runallproofs.proofcollection.TestFile.load(TestFile.java:270)
	at de.uka.ilkd.key.proof.runallproofs.proofcollection.TestFile.runKey(TestFile.java:160)
	at de.uka.ilkd.key.proof.runallproofs.proofcollection.ForkedTestFileRunner.main(ForkedTestFileRunner.java:171)
Caused by: java.lang.NoClassDefFoundError: Could not initialize class de.uka.ilkd.key.nparser.KeYParser
	at de.uka.ilkd.key.nparser.ParsingFacade.createParser(ParsingFacade.java:87)
	at de.uka.ilkd.key.nparser.ParsingFacade.parseFile(ParsingFacade.java:123)
	at de.uka.ilkd.key.proof.io.KeYFile.getParseContext(KeYFile.java:160)
	at de.uka.ilkd.key.proof.io.KeYFile.getProblemInformation(KeYFile.java:236)
	at de.uka.ilkd.key.proof.init.KeYUserProblemFile.readProfileFromFile(KeYUserProblemFile.java:236)
	at de.uka.ilkd.key.proof.init.KeYUserProblemFile.getProfile(KeYUserProblemFile.java:216)
	at de.uka.ilkd.key.proof.io.AbstractProblemLoader.createProblemInitializer(AbstractProblemLoader.java:508)
	at de.uka.ilkd.key.proof.io.AbstractProblemLoader.loadEnvironment(AbstractProblemLoader.java:288)
	at de.uka.ilkd.key.proof.io.AbstractProblemLoader.load(AbstractProblemLoader.java:253)
	at de.uka.ilkd.key.control.AbstractUserInterfaceControl.load(AbstractUserInterfaceControl.java:209)
	... 7 more
Could not initialize class de.uka.ilkd.key.nparser.KeYParser (file: /home/runner/work/key/key/key.core/../key.ui/examples/index/.././heap/list/ArrayList_size_dep.key; caused by: java.lang.NoClassDefFoundError: Could not initialize class de.uka.ilkd.key.nparser.KeYParser)
	at de.uka.ilkd.key.control.AbstractUserInterfaceControl.load(AbstractUserInterfaceControl.java:221)
	at de.uka.ilkd.key.control.KeYEnvironment.load(KeYEnvironment.java:251)
	at de.uka.ilkd.key.control.KeYEnvironment.load(KeYEnvironment.java:224)
	at de.uka.ilkd.key.control.KeYEnvironment.load(KeYEnvironment.java:184)
	at de.uka.ilkd.key.control.KeYEnvironment.load(KeYEnvironment.java:261)
	at de.uka.ilkd.key.proof.runallproofs.proofcollection.TestFile.load(TestFile.java:270)
	at de.uka.ilkd.key.proof.runallproofs.proofcollection.TestFile.runKey(TestFile.java:160)
	at de.uka.ilkd.key.proof.runallproofs.proofcollection.ForkedTestFileRunner.main(ForkedTestFileRunner.java:171)
Caused by: java.lang.NoClassDefFoundError: Could not initialize class de.uka.ilkd.key.nparser.KeYParser
	at de.uka.ilkd.key.nparser.ParsingFacade.createParser(ParsingFacade.java:87)
	at de.uka.ilkd.key.nparser.ParsingFacade.parseFile(ParsingFacade.java:123)
	at de.uka.ilkd.key.proof.io.KeYFile.getParseContext(KeYFile.java:160)
	at de.uka.ilkd.key.proof.io.KeYFile.getProblemInformation(KeYFile.java:236)
	at de.uka.ilkd.key.proof.init.KeYUserProblemFile.readProfileFromFile(KeYUserProblemFile.java:236)
	at de.uka.ilkd.key.proof.init.KeYUserProblemFile.getProfile(KeYUserProblemFile.java:216)
	at de.uka.ilkd.key.proof.io.AbstractProblemLoader.createProblemInitializer(AbstractProblemLoader.java:508)
	at de.uka.ilkd.key.proof.io.AbstractProblemLoader.loadEnvironment(AbstractProblemLoader.java:288)
	at de.uka.ilkd.key.proof.io.AbstractProblemLoader.load(AbstractProblemLoader.java:253)
	at de.uka.ilkd.key.control.AbstractUserInterfaceControl.load(AbstractUserInterfaceControl.java:209)
	... 7 more
Could not initialize class de.uka.ilkd.key.nparser.KeYParser (file: /home/runner/work/key/key/key.core/../key.ui/examples/index/.././heap/list/ArrayList_size.key; caused by: java.lang.NoClassDefFoundError: Could not initialize class de.uka.ilkd.key.nparser.KeYParser)
	at de.uka.ilkd.key.control.AbstractUserInterfaceControl.load(AbstractUserInterfaceControl.java:221)
	at de.uka.ilkd.key.control.KeYEnvironment.load(KeYEnvironment.java:251)
	at de.uka.ilkd.key.control.KeYEnvironment.load(KeYEnvironment.java:224)
	at de.uka.ilkd.key.control.KeYEnvironment.load(KeYEnvironment.java:184)
	at de.uka.ilkd.key.control.KeYEnvironment.load(KeYEnvironment.java:261)
	at de.uka.ilkd.key.proof.runallproofs.proofcollection.TestFile.load(TestFile.java:270)
	at de.uka.ilkd.key.proof.runallproofs.proofcollection.TestFile.runKey(TestFile.java:160)
	at de.uka.ilkd.key.proof.runallproofs.proofcollection.ForkedTestFileRunner.main(ForkedTestFileRunner.java:171)
Caused by: java.lang.NoClassDefFoundError: Could not initialize class de.uka.ilkd.key.nparser.KeYParser
	at de.uka.ilkd.key.nparser.ParsingFacade.createParser(ParsingFacade.java:87)
	at de.uka.ilkd.key.nparser.ParsingFacade.parseFile(ParsingFacade.java:123)
	at de.uka.ilkd.key.proof.io.KeYFile.getParseContext(KeYFile.java:160)
	at de.uka.ilkd.key.proof.io.KeYFile.getProblemInformation(KeYFile.java:236)
	at de.uka.ilkd.key.proof.init.KeYUserProblemFile.readProfileFromFile(KeYUserProblemFile.java:236)
	at de.uka.ilkd.key.proof.init.KeYUserProblemFile.getProfile(KeYUserProblemFile.java:216)
	at de.uka.ilkd.key.proof.io.AbstractProblemLoader.createProblemInitializer(AbstractProblemLoader.java:508)
	at de.uka.ilkd.key.proof.io.AbstractProblemLoader.loadEnvironment(AbstractProblemLoader.java:288)
	at de.uka.ilkd.key.proof.io.AbstractProblemLoader.load(AbstractProblemLoader.java:253)
	at de.uka.ilkd.key.control.AbstractUserInterfaceControl.load(AbstractUserInterfaceControl.java:209)
	... 7 more
Could not initialize class de.uka.ilkd.key.nparser.KeYParser (file: /home/runner/work/key/key/key.core/../key.ui/examples/index/.././heap/list/ArrayList.ArrayListIterator_ArrayListIterator.key; caused by: java.lang.NoClassDefFoundError: Could not initialize class de.uka.ilkd.key.nparser.KeYParser)
	at de.uka.ilkd.key.control.AbstractUserInterfaceControl.load(AbstractUserInterfaceControl.java:221)
	at de.uka.ilkd.key.control.KeYEnvironment.load(KeYEnvironment.java:251)
	at de.uka.ilkd.key.control.KeYEnvironment.load(KeYEnvironment.java:224)
	at de.uka.ilkd.key.control.KeYEnvironment.load(KeYEnvironment.java:184)
	at de.uka.ilkd.key.control.KeYEnvironment.load(KeYEnvironment.java:261)
	at de.uka.ilkd.key.proof.runallproofs.proofcollection.TestFile.load(TestFile.java:270)
	at de.uka.ilkd.key.proof.runallproofs.proofcollection.TestFile.runKey(TestFile.java:160)
	at de.uka.ilkd.key.proof.runallproofs.proofcollection.ForkedTestFileRunner.main(ForkedTestFileRunner.java:171)
Caused by: java.lang.NoClassDefFoundError: Could not initialize class de.uka.ilkd.key.nparser.KeYParser
	at de.uka.ilkd.key.nparser.ParsingFacade.createParser(ParsingFacade.java:87)
	at de.uka.ilkd.key.nparser.ParsingFacade.parseFile(ParsingFacade.java:123)
	at de.uka.ilkd.key.proof.io.KeYFile.getParseContext(KeYFile.java:160)
	at de.uka.ilkd.key.proof.io.KeYFile.getProblemInformation(KeYFile.java:236)
	at de.uka.ilkd.key.proof.init.KeYUserProblemFile.readProfileFromFile(KeYUserProblemFile.java:236)
	at de.uka.ilkd.key.proof.init.KeYUserProblemFile.getProfile(KeYUserProblemFile.java:216)
	at de.uka.ilkd.key.proof.io.AbstractProblemLoader.createProblemInitializer(AbstractProblemLoader.java:508)
	at de.uka.ilkd.key.proof.io.AbstractProblemLoader.loadEnvironment(AbstractProblemLoader.java:288)
	at de.uka.ilkd.key.proof.io.AbstractProblemLoader.load(AbstractProblemLoader.java:253)
	at de.uka.ilkd.key.control.AbstractUserInterfaceControl.load(AbstractUserInterfaceControl.java:209)
	... 7 more
Could not initialize class de.uka.ilkd.key.nparser.KeYParser (file: /home/runner/work/key/key/key.core/../key.ui/examples/index/.././heap/list/ArrayList.ArrayListIterator_hasNext_dep.key; caused by: java.lang.NoClassDefFoundError: Could not initialize class de.uka.ilkd.key.nparser.KeYParser)
	at de.uka.ilkd.key.control.AbstractUserInterfaceControl.load(AbstractUserInterfaceControl.java:221)
	at de.uka.ilkd.key.control.KeYEnvironment.load(KeYEnvironment.java:251)
	at de.uka.ilkd.key.control.KeYEnvironment.load(KeYEnvironment.java:224)
	at de.uka.ilkd.key.control.KeYEnvironment.load(KeYEnvironment.java:184)
	at de.uka.ilkd.key.control.KeYEnvironment.load(KeYEnvironment.java:261)
	at de.uka.ilkd.key.proof.runallproofs.proofcollection.TestFile.load(TestFile.java:270)
	at de.uka.ilkd.key.proof.runallproofs.proofcollection.TestFile.runKey(TestFile.java:160)
	at de.uka.ilkd.key.proof.runallproofs.proofcollection.ForkedTestFileRunner.main(ForkedTestFileRunner.java:171)
Caused by: java.lang.NoClassDefFoundError: Could not initialize class de.uka.ilkd.key.nparser.KeYParser
	at de.uka.ilkd.key.nparser.ParsingFacade.createParser(ParsingFacade.java:87)
	at de.uka.ilkd.key.nparser.ParsingFacade.parseFile(ParsingFacade.java:123)
	at de.uka.ilkd.key.proof.io.KeYFile.getParseContext(KeYFile.java:160)
	at de.uka.ilkd.key.proof.io.KeYFile.getProblemInformation(KeYFile.java:236)
	at de.uka.ilkd.key.proof.init.KeYUserProblemFile.readProfileFromFile(KeYUserProblemFile.java:236)
	at de.uka.ilkd.key.proof.init.KeYUserProblemFile.getProfile(KeYUserProblemFile.java:216)
	at de.uka.ilkd.key.proof.io.AbstractProblemLoader.createProblemInitializer(AbstractProblemLoader.java:508)
	at de.uka.ilkd.key.proof.io.AbstractProblemLoader.loadEnvironment(AbstractProblemLoader.java:288)
	at de.uka.ilkd.key.proof.io.AbstractProblemLoader.load(AbstractProblemLoader.java:253)
	at de.uka.ilkd.key.control.AbstractUserInterfaceControl.load(AbstractUserInterfaceControl.java:209)
	... 7 more
Could not initialize class de.uka.ilkd.key.nparser.KeYParser (file: /home/runner/work/key/key/key.core/../key.ui/examples/index/.././heap/list/ArrayList.ArrayListIterator_hasNext.key; caused by: java.lang.NoClassDefFoundError: Could not initialize class de.uka.ilkd.key.nparser.KeYParser)
	at de.uka.ilkd.key.control.AbstractUserInterfaceControl.load(AbstractUserInterfaceControl.java:221)
	at de.uka.ilkd.key.control.KeYEnvironment.load(KeYEnvironment.java:251)
	at de.uka.ilkd.key.control.KeYEnvironment.load(KeYEnvironment.java:224)
	at de.uka.ilkd.key.control.KeYEnvironment.load(KeYEnvironment.java:184)
	at de.uka.ilkd.key.control.KeYEnvironment.load(KeYEnvironment.java:261)
	at de.uka.ilkd.key.proof.runallproofs.proofcollection.TestFile.load(TestFile.java:270)
	at de.uka.ilkd.key.proof.runallproofs.proofcollection.TestFile.runKey(TestFile.java:160)
	at de.uka.ilkd.key.proof.runallproofs.proofcollection.ForkedTestFileRunner.main(ForkedTestFileRunner.java:171)
Caused by: java.lang.NoClassDefFoundError: Could not initialize class de.uka.ilkd.key.nparser.KeYParser
	at de.uka.ilkd.key.nparser.ParsingFacade.createParser(ParsingFacade.java:87)
	at de.uka.ilkd.key.nparser.ParsingFacade.parseFile(ParsingFacade.java:123)
	at de.uka.ilkd.key.proof.io.KeYFile.getParseContext(KeYFile.java:160)
	at de.uka.ilkd.key.proof.io.KeYFile.getProblemInformation(KeYFile.java:236)
	at de.uka.ilkd.key.proof.init.KeYUserProblemFile.readProfileFromFile(KeYUserProblemFile.java:236)
	at de.uka.ilkd.key.proof.init.KeYUserProblemFile.getProfile(KeYUserProblemFile.java:216)
	at de.uka.ilkd.key.proof.io.AbstractProblemLoader.createProblemInitializer(AbstractProblemLoader.java:508)
	at de.uka.ilkd.key.proof.io.AbstractProblemLoader.loadEnvironment(AbstractProblemLoader.java:288)
	at de.uka.ilkd.key.proof.io.AbstractProblemLoader.load(AbstractProblemLoader.java:253)
	at de.uka.ilkd.key.control.AbstractUserInterfaceControl.load(AbstractUserInterfaceControl.java:209)
	... 7 more
Could not initialize class de.uka.ilkd.key.nparser.KeYParser (file: /home/runner/work/key/key/key.core/../key.ui/examples/index/.././heap/list/ArrayList.ArrayListIterator_inv.key; caused by: java.lang.NoClassDefFoundError: Could not initialize class de.uka.ilkd.key.nparser.KeYParser)
	at de.uka.ilkd.key.control.AbstractUserInterfaceControl.load(AbstractUserInterfaceControl.java:221)
	at de.uka.ilkd.key.control.KeYEnvironment.load(KeYEnvironment.java:251)
	at de.uka.ilkd.key.control.KeYEnvironment.load(KeYEnvironment.java:224)
	at de.uka.ilkd.key.control.KeYEnvironment.load(KeYEnvironment.java:184)
	at de.uka.ilkd.key.control.KeYEnvironment.load(KeYEnvironment.java:261)
	at de.uka.ilkd.key.proof.runallproofs.proofcollection.TestFile.load(TestFile.java:270)
	at de.uka.ilkd.key.proof.runallproofs.proofcollection.TestFile.runKey(TestFile.java:160)
	at de.uka.ilkd.key.proof.runallproofs.proofcollection.ForkedTestFileRunner.main(ForkedTestFileRunner.java:171)
Caused by: java.lang.NoClassDefFoundError: Could not initialize class de.uka.ilkd.key.nparser.KeYParser
	at de.uka.ilkd.key.nparser.ParsingFacade.createParser(ParsingFacade.java:87)
	at de.uka.ilkd.key.nparser.ParsingFacade.parseFile(ParsingFacade.java:123)
	at de.uka.ilkd.key.proof.io.KeYFile.getParseContext(KeYFile.java:160)
	at de.uka.ilkd.key.proof.io.KeYFile.getProblemInformation(KeYFile.java:236)
	at de.uka.ilkd.key.proof.init.KeYUserProblemFile.readProfileFromFile(KeYUserProblemFile.java:236)
	at de.uka.ilkd.key.proof.init.KeYUserProblemFile.getProfile(KeYUserProblemFile.java:216)
	at de.uka.ilkd.key.proof.io.AbstractProblemLoader.createProblemInitializer(AbstractProblemLoader.java:508)
	at de.uka.ilkd.key.proof.io.AbstractProblemLoader.loadEnvironment(AbstractProblemLoader.java:288)
	at de.uka.ilkd.key.proof.io.AbstractProblemLoader.load(AbstractProblemLoader.java:253)
	at de.uka.ilkd.key.control.AbstractUserInterfaceControl.load(AbstractUserInterfaceControl.java:209)
	... 7 more
Could not initialize class de.uka.ilkd.key.nparser.KeYParser (file: /home/runner/work/key/key/key.core/../key.ui/examples/index/.././heap/list/ArrayList.ArrayListIterator_list.key; caused by: java.lang.NoClassDefFoundError: Could not initialize class de.uka.ilkd.key.nparser.KeYParser)
	at de.uka.ilkd.key.control.AbstractUserInterfaceControl.load(AbstractUserInterfaceControl.java:221)
	at de.uka.ilkd.key.control.KeYEnvironment.load(KeYEnvironment.java:251)
	at de.uka.ilkd.key.control.KeYEnvironment.load(KeYEnvironment.java:224)
	at de.uka.ilkd.key.control.KeYEnvironment.load(KeYEnvironment.java:184)
	at de.uka.ilkd.key.control.KeYEnvironment.load(KeYEnvironment.java:261)
	at de.uka.ilkd.key.proof.runallproofs.proofcollection.TestFile.load(TestFile.java:270)
	at de.uka.ilkd.key.proof.runallproofs.proofcollection.TestFile.runKey(TestFile.java:160)
	at de.uka.ilkd.key.proof.runallproofs.proofcollection.ForkedTestFileRunner.main(ForkedTestFileRunner.java:171)
Caused by: java.lang.NoClassDefFoundError: Could not initialize class de.uka.ilkd.key.nparser.KeYParser
	at de.uka.ilkd.key.nparser.ParsingFacade.createParser(ParsingFacade.java:87)
	at de.uka.ilkd.key.nparser.ParsingFacade.parseFile(ParsingFacade.java:123)
	at de.uka.ilkd.key.proof.io.KeYFile.getParseContext(KeYFile.java:160)
	at de.uka.ilkd.key.proof.io.KeYFile.getProblemInformation(KeYFile.java:236)
	at de.uka.ilkd.key.proof.init.KeYUserProblemFile.readProfileFromFile(KeYUserProblemFile.java:236)
	at de.uka.ilkd.key.proof.init.KeYUserProblemFile.getProfile(KeYUserProblemFile.java:216)
	at de.uka.ilkd.key.proof.io.AbstractProblemLoader.createProblemInitializer(AbstractProblemLoader.java:508)
	at de.uka.ilkd.key.proof.io.AbstractProblemLoader.loadEnvironment(AbstractProblemLoader.java:288)
	at de.uka.ilkd.key.proof.io.AbstractProblemLoader.load(AbstractProblemLoader.java:253)
	at de.uka.ilkd.key.control.AbstractUserInterfaceControl.load(AbstractUserInterfaceControl.java:209)
	... 7 more
Could not initialize class de.uka.ilkd.key.nparser.KeYParser (file: /home/runner/work/key/key/key.core/../key.ui/examples/index/.././heap/list/ArrayList.ArrayListIterator_next_exceptional.key; caused by: java.lang.NoClassDefFoundError: Could not initialize class de.uka.ilkd.key.nparser.KeYParser)
	at de.uka.ilkd.key.control.AbstractUserInterfaceControl.load(AbstractUserInterfaceControl.java:221)
	at de.uka.ilkd.key.control.KeYEnvironment.load(KeYEnvironment.java:251)
	at de.uka.ilkd.key.control.KeYEnvironment.load(KeYEnvironment.java:224)
	at de.uka.ilkd.key.control.KeYEnvironment.load(KeYEnvironment.java:184)
	at de.uka.ilkd.key.control.KeYEnvironment.load(KeYEnvironment.java:261)
	at de.uka.ilkd.key.proof.runallproofs.proofcollection.TestFile.load(TestFile.java:270)
	at de.uka.ilkd.key.proof.runallproofs.proofcollection.TestFile.runKey(TestFile.java:160)
	at de.uka.ilkd.key.proof.runallproofs.proofcollection.ForkedTestFileRunner.main(ForkedTestFileRunner.java:171)
Caused by: java.lang.NoClassDefFoundError: Could not initialize class de.uka.ilkd.key.nparser.KeYParser
	at de.uka.ilkd.key.nparser.ParsingFacade.createParser(ParsingFacade.java:87)
	at de.uka.ilkd.key.nparser.ParsingFacade.parseFile(ParsingFacade.java:123)
	at de.uka.ilkd.key.proof.io.KeYFile.getParseContext(KeYFile.java:160)
	at de.uka.ilkd.key.proof.io.KeYFile.getProblemInformation(KeYFile.java:236)
	at de.uka.ilkd.key.proof.init.KeYUserProblemFile.readProfileFromFile(KeYUserProblemFile.java:236)
	at de.uka.ilkd.key.proof.init.KeYUserProblemFile.getProfile(KeYUserProblemFile.java:216)
	at de.uka.ilkd.key.proof.io.AbstractProblemLoader.createProblemInitializer(AbstractProblemLoader.java:508)
	at de.uka.ilkd.key.proof.io.AbstractProblemLoader.loadEnvironment(AbstractProblemLoader.java:288)
	at de.uka.ilkd.key.proof.io.AbstractProblemLoader.load(AbstractProblemLoader.java:253)
	at de.uka.ilkd.key.control.AbstractUserInterfaceControl.load(AbstractUserInterfaceControl.java:209)
	... 7 more
Could not initialize class de.uka.ilkd.key.nparser.KeYParser (file: /home/runner/work/key/key/key.core/../key.ui/examples/index/.././heap/list/ArrayList.ArrayListIterator_next_normal.key; caused by: java.lang.NoClassDefFoundError: Could not initialize class de.uka.ilkd.key.nparser.KeYParser)
	at de.uka.ilkd.key.control.AbstractUserInterfaceControl.load(AbstractUserInterfaceControl.java:221)
	at de.uka.ilkd.key.control.KeYEnvironment.load(KeYEnvironment.java:251)
	at de.uka.ilkd.key.control.KeYEnvironment.load(KeYEnvironment.java:224)
	at de.uka.ilkd.key.control.KeYEnvironment.load(KeYEnvironment.java:184)
	at de.uka.ilkd.key.control.KeYEnvironment.load(KeYEnvironment.java:261)
	at de.uka.ilkd.key.proof.runallproofs.proofcollection.TestFile.load(TestFile.java:270)
	at de.uka.ilkd.key.proof.runallproofs.proofcollection.TestFile.runKey(TestFile.java:160)
	at de.uka.ilkd.key.proof.runallproofs.proofcollection.ForkedTestFileRunner.main(ForkedTestFileRunner.java:171)
Caused by: java.lang.NoClassDefFoundError: Could not initialize class de.uka.ilkd.key.nparser.KeYParser
	at de.uka.ilkd.key.nparser.ParsingFacade.createParser(ParsingFacade.java:87)
	at de.uka.ilkd.key.nparser.ParsingFacade.parseFile(ParsingFacade.java:123)
	at de.uka.ilkd.key.proof.io.KeYFile.getParseContext(KeYFile.java:160)
	at de.uka.ilkd.key.proof.io.KeYFile.getProblemInformation(KeYFile.java:236)
	at de.uka.ilkd.key.proof.init.KeYUserProblemFile.readProfileFromFile(KeYUserProblemFile.java:236)
	at de.uka.ilkd.key.proof.init.KeYUserProblemFile.getProfile(KeYUserProblemFile.java:216)
	at de.uka.ilkd.key.proof.io.AbstractProblemLoader.createProblemInitializer(AbstractProblemLoader.java:508)
	at de.uka.ilkd.key.proof.io.AbstractProblemLoader.loadEnvironment(AbstractProblemLoader.java:288)
	at de.uka.ilkd.key.proof.io.AbstractProblemLoader.load(AbstractProblemLoader.java:253)
	at de.uka.ilkd.key.control.AbstractUserInterfaceControl.load(AbstractUserInterfaceControl.java:209)
	... 7 more
Could not initialize class de.uka.ilkd.key.nparser.KeYParser (file: /home/runner/work/key/key/key.core/../key.ui/examples/index/.././heap/list/ArrayList.ArrayListIterator_pos.key; caused by: java.lang.NoClassDefFoundError: Could not initialize class de.uka.ilkd.key.nparser.KeYParser)
	at de.uka.ilkd.key.control.AbstractUserInterfaceControl.load(AbstractUserInterfaceControl.java:221)
	at de.uka.ilkd.key.control.KeYEnvironment.load(KeYEnvironment.java:251)
	at de.uka.ilkd.key.control.KeYEnvironment.load(KeYEnvironment.java:224)
	at de.uka.ilkd.key.control.KeYEnvironment.load(KeYEnvironment.java:184)
	at de.uka.ilkd.key.control.KeYEnvironment.load(KeYEnvironment.java:261)
	at de.uka.ilkd.key.proof.runallproofs.proofcollection.TestFile.load(TestFile.java:270)
	at de.uka.ilkd.key.proof.runallproofs.proofcollection.TestFile.runKey(TestFile.java:160)
	at de.uka.ilkd.key.proof.runallproofs.proofcollection.ForkedTestFileRunner.main(ForkedTestFileRunner.java:171)
Caused by: java.lang.NoClassDefFoundError: Could not initialize class de.uka.ilkd.key.nparser.KeYParser
	at de.uka.ilkd.key.nparser.ParsingFacade.createParser(ParsingFacade.java:87)
	at de.uka.ilkd.key.nparser.ParsingFacade.parseFile(ParsingFacade.java:123)
	at de.uka.ilkd.key.proof.io.KeYFile.getParseContext(KeYFile.java:160)
	at de.uka.ilkd.key.proof.io.KeYFile.getProblemInformation(KeYFile.java:236)
	at de.uka.ilkd.key.proof.init.KeYUserProblemFile.readProfileFromFile(KeYUserProblemFile.java:236)
	at de.uka.ilkd.key.proof.init.KeYUserProblemFile.getProfile(KeYUserProblemFile.java:216)
	at de.uka.ilkd.key.proof.io.AbstractProblemLoader.createProblemInitializer(AbstractProblemLoader.java:508)
	at de.uka.ilkd.key.proof.io.AbstractProblemLoader.loadEnvironment(AbstractProblemLoader.java:288)
	at de.uka.ilkd.key.proof.io.AbstractProblemLoader.load(AbstractProblemLoader.java:253)
	at de.uka.ilkd.key.control.AbstractUserInterfaceControl.load(AbstractUserInterfaceControl.java:209)
	... 7 more
Could not initialize class de.uka.ilkd.key.nparser.KeYParser (file: /home/runner/work/key/key/key.core/../key.ui/examples/index/.././heap/list/Client_m.key; caused by: java.lang.NoClassDefFoundError: Could not initialize class de.uka.ilkd.key.nparser.KeYParser)
	at de.uka.ilkd.key.control.AbstractUserInterfaceControl.load(AbstractUserInterfaceControl.java:221)
	at de.uka.ilkd.key.control.KeYEnvironment.load(KeYEnvironment.java:251)
	at de.uka.ilkd.key.control.KeYEnvironment.load(KeYEnvironment.java:224)
	at de.uka.ilkd.key.control.KeYEnvironment.load(KeYEnvironment.java:184)
	at de.uka.ilkd.key.control.KeYEnvironment.load(KeYEnvironment.java:261)
	at de.uka.ilkd.key.proof.runallproofs.proofcollection.TestFile.load(TestFile.java:270)
	at de.uka.ilkd.key.proof.runallproofs.proofcollection.TestFile.runKey(TestFile.java:160)
	at de.uka.ilkd.key.proof.runallproofs.proofcollection.ForkedTestFileRunner.main(ForkedTestFileRunner.java:171)
Caused by: java.lang.NoClassDefFoundError: Could not initialize class de.uka.ilkd.key.nparser.KeYParser
	at de.uka.ilkd.key.nparser.ParsingFacade.createParser(ParsingFacade.java:87)
	at de.uka.ilkd.key.nparser.ParsingFacade.parseFile(ParsingFacade.java:123)
	at de.uka.ilkd.key.proof.io.KeYFile.getParseContext(KeYFile.java:160)
	at de.uka.ilkd.key.proof.io.KeYFile.getProblemInformation(KeYFile.java:236)
	at de.uka.ilkd.key.proof.init.KeYUserProblemFile.readProfileFromFile(KeYUserProblemFile.java:236)
	at de.uka.ilkd.key.proof.init.KeYUserProblemFile.getProfile(KeYUserProblemFile.java:216)
	at de.uka.ilkd.key.proof.io.AbstractProblemLoader.createProblemInitializer(AbstractProblemLoader.java:508)
	at de.uka.ilkd.key.proof.io.AbstractProblemLoader.loadEnvironment(AbstractProblemLoader.java:288)
	at de.uka.ilkd.key.proof.io.AbstractProblemLoader.load(AbstractProblemLoader.java:253)
	at de.uka.ilkd.key.control.AbstractUserInterfaceControl.load(AbstractUserInterfaceControl.java:209)
	... 7 more
Could not initialize class de.uka.ilkd.key.nparser.KeYParser (file: /home/runner/work/key/key/key.core/../key.ui/examples/index/.././heap/list/Client_n.key; caused by: java.lang.NoClassDefFoundError: Could not initialize class de.uka.ilkd.key.nparser.KeYParser)
	at de.uka.ilkd.key.control.AbstractUserInterfaceControl.load(AbstractUserInterfaceControl.java:221)
	at de.uka.ilkd.key.control.KeYEnvironment.load(KeYEnvironment.java:251)
	at de.uka.ilkd.key.control.KeYEnvironment.load(KeYEnvironment.java:224)
	at de.uka.ilkd.key.control.KeYEnvironment.load(KeYEnvironment.java:184)
	at de.uka.ilkd.key.control.KeYEnvironment.load(KeYEnvironment.java:261)
	at de.uka.ilkd.key.proof.runallproofs.proofcollection.TestFile.load(TestFile.java:270)
	at de.uka.ilkd.key.proof.runallproofs.proofcollection.TestFile.runKey(TestFile.java:160)
	at de.uka.ilkd.key.proof.runallproofs.proofcollection.ForkedTestFileRunner.main(ForkedTestFileRunner.java:171)
Caused by: java.lang.NoClassDefFoundError: Could not initialize class de.uka.ilkd.key.nparser.KeYParser
	at de.uka.ilkd.key.nparser.ParsingFacade.createParser(ParsingFacade.java:87)
	at de.uka.ilkd.key.nparser.ParsingFacade.parseFile(ParsingFacade.java:123)
	at de.uka.ilkd.key.proof.io.KeYFile.getParseContext(KeYFile.java:160)
	at de.uka.ilkd.key.proof.io.KeYFile.getProblemInformation(KeYFile.java:236)
	at de.uka.ilkd.key.proof.init.KeYUserProblemFile.readProfileFromFile(KeYUserProblemFile.java:236)
	at de.uka.ilkd.key.proof.init.KeYUserProblemFile.getProfile(KeYUserProblemFile.java:216)
	at de.uka.ilkd.key.proof.io.AbstractProblemLoader.createProblemInitializer(AbstractProblemLoader.java:508)
	at de.uka.ilkd.key.proof.io.AbstractProblemLoader.loadEnvironment(AbstractProblemLoader.java:288)
	at de.uka.ilkd.key.proof.io.AbstractProblemLoader.load(AbstractProblemLoader.java:253)
	at de.uka.ilkd.key.control.AbstractUserInterfaceControl.load(AbstractUserInterfaceControl.java:209)
	... 7 more
Could not initialize class de.uka.ilkd.key.nparser.KeYParser (file: /home/runner/work/key/key/key.core/../key.ui/examples/index/.././heap/list/LinkedList_get_exceptional.key; caused by: java.lang.NoClassDefFoundError: Could not initialize class de.uka.ilkd.key.nparser.KeYParser)
	at de.uka.ilkd.key.control.AbstractUserInterfaceControl.load(AbstractUserInterfaceControl.java:221)
	at de.uka.ilkd.key.control.KeYEnvironment.load(KeYEnvironment.java:251)
	at de.uka.ilkd.key.control.KeYEnvironment.load(KeYEnvironment.java:224)
	at de.uka.ilkd.key.control.KeYEnvironment.load(KeYEnvironment.java:184)
	at de.uka.ilkd.key.control.KeYEnvironment.load(KeYEnvironment.java:261)
	at de.uka.ilkd.key.proof.runallproofs.proofcollection.TestFile.load(TestFile.java:270)
	at de.uka.ilkd.key.proof.runallproofs.proofcollection.TestFile.runKey(TestFile.java:160)
	at de.uka.ilkd.key.proof.runallproofs.proofcollection.ForkedTestFileRunner.main(ForkedTestFileRunner.java:171)
Caused by: java.lang.NoClassDefFoundError: Could not initialize class de.uka.ilkd.key.nparser.KeYParser
	at de.uka.ilkd.key.nparser.ParsingFacade.createParser(ParsingFacade.java:87)
	at de.uka.ilkd.key.nparser.ParsingFacade.parseFile(ParsingFacade.java:123)
	at de.uka.ilkd.key.proof.io.KeYFile.getParseContext(KeYFile.java:160)
	at de.uka.ilkd.key.proof.io.KeYFile.getProblemInformation(KeYFile.java:236)
	at de.uka.ilkd.key.proof.init.KeYUserProblemFile.readProfileFromFile(KeYUserProblemFile.java:236)
	at de.uka.ilkd.key.proof.init.KeYUserProblemFile.getProfile(KeYUserProblemFile.java:216)
	at de.uka.ilkd.key.proof.io.AbstractProblemLoader.createProblemInitializer(AbstractProblemLoader.java:508)
	at de.uka.ilkd.key.proof.io.AbstractProblemLoader.loadEnvironment(AbstractProblemLoader.java:288)
	at de.uka.ilkd.key.proof.io.AbstractProblemLoader.load(AbstractProblemLoader.java:253)
	at de.uka.ilkd.key.control.AbstractUserInterfaceControl.load(AbstractUserInterfaceControl.java:209)
	... 7 more
Could not initialize class de.uka.ilkd.key.nparser.KeYParser (file: /home/runner/work/key/key/key.core/../key.ui/examples/index/.././heap/list/LinkedList_get_normal.key; caused by: java.lang.NoClassDefFoundError: Could not initialize class de.uka.ilkd.key.nparser.KeYParser)
	at de.uka.ilkd.key.control.AbstractUserInterfaceControl.load(AbstractUserInterfaceControl.java:221)
	at de.uka.ilkd.key.control.KeYEnvironment.load(KeYEnvironment.java:251)
	at de.uka.ilkd.key.control.KeYEnvironment.load(KeYEnvironment.java:224)
	at de.uka.ilkd.key.control.KeYEnvironment.load(KeYEnvironment.java:184)
	at de.uka.ilkd.key.control.KeYEnvironment.load(KeYEnvironment.java:261)
	at de.uka.ilkd.key.proof.runallproofs.proofcollection.TestFile.load(TestFile.java:270)
	at de.uka.ilkd.key.proof.runallproofs.proofcollection.TestFile.runKey(TestFile.java:160)
	at de.uka.ilkd.key.proof.runallproofs.proofcollection.ForkedTestFileRunner.main(ForkedTestFileRunner.java:171)
Caused by: java.lang.NoClassDefFoundError: Could not initialize class de.uka.ilkd.key.nparser.KeYParser
	at de.uka.ilkd.key.nparser.ParsingFacade.createParser(ParsingFacade.java:87)
	at de.uka.ilkd.key.nparser.ParsingFacade.parseFile(ParsingFacade.java:123)
	at de.uka.ilkd.key.proof.io.KeYFile.getParseContext(KeYFile.java:160)
	at de.uka.ilkd.key.proof.io.KeYFile.getProblemInformation(KeYFile.java:236)
	at de.uka.ilkd.key.proof.init.KeYUserProblemFile.readProfileFromFile(KeYUserProblemFile.java:236)
	at de.uka.ilkd.key.proof.init.KeYUserProblemFile.getProfile(KeYUserProblemFile.java:216)
	at de.uka.ilkd.key.proof.io.AbstractProblemLoader.createProblemInitializer(AbstractProblemLoader.java:508)
	at de.uka.ilkd.key.proof.io.AbstractProblemLoader.loadEnvironment(AbstractProblemLoader.java:288)
	at de.uka.ilkd.key.proof.io.AbstractProblemLoader.load(AbstractProblemLoader.java:253)
	at de.uka.ilkd.key.control.AbstractUserInterfaceControl.load(AbstractUserInterfaceControl.java:209)
	... 7 more
Could not initialize class de.uka.ilkd.key.nparser.KeYParser (file: /home/runner/work/key/key/key.core/../key.ui/examples/index/.././heap/list/LinkedList_LinkedList.key; caused by: java.lang.NoClassDefFoundError: Could not initialize class de.uka.ilkd.key.nparser.KeYParser)
	at de.uka.ilkd.key.control.AbstractUserInterfaceControl.load(AbstractUserInterfaceControl.java:221)
	at de.uka.ilkd.key.control.KeYEnvironment.load(KeYEnvironment.java:251)
	at de.uka.ilkd.key.control.KeYEnvironment.load(KeYEnvironment.java:224)
	at de.uka.ilkd.key.control.KeYEnvironment.load(KeYEnvironment.java:184)
	at de.uka.ilkd.key.control.KeYEnvironment.load(KeYEnvironment.java:261)
	at de.uka.ilkd.key.proof.runallproofs.proofcollection.TestFile.load(TestFile.java:270)
	at de.uka.ilkd.key.proof.runallproofs.proofcollection.TestFile.runKey(TestFile.java:160)
	at de.uka.ilkd.key.proof.runallproofs.proofcollection.ForkedTestFileRunner.main(ForkedTestFileRunner.java:171)
Caused by: java.lang.NoClassDefFoundError: Could not initialize class de.uka.ilkd.key.nparser.KeYParser
	at de.uka.ilkd.key.nparser.ParsingFacade.createParser(ParsingFacade.java:87)
	at de.uka.ilkd.key.nparser.ParsingFacade.parseFile(ParsingFacade.java:123)
	at de.uka.ilkd.key.proof.io.KeYFile.getParseContext(KeYFile.java:160)
	at de.uka.ilkd.key.proof.io.KeYFile.getProblemInformation(KeYFile.java:236)
	at de.uka.ilkd.key.proof.init.KeYUserProblemFile.readProfileFromFile(KeYUserProblemFile.java:236)
	at de.uka.ilkd.key.proof.init.KeYUserProblemFile.getProfile(KeYUserProblemFile.java:216)
	at de.uka.ilkd.key.proof.io.AbstractProblemLoader.createProblemInitializer(AbstractProblemLoader.java:508)
	at de.uka.ilkd.key.proof.io.AbstractProblemLoader.loadEnvironment(AbstractProblemLoader.java:288)
	at de.uka.ilkd.key.proof.io.AbstractProblemLoader.load(AbstractProblemLoader.java:253)
	at de.uka.ilkd.key.control.AbstractUserInterfaceControl.load(AbstractUserInterfaceControl.java:209)
	... 7 more
Could not initialize class de.uka.ilkd.key.nparser.KeYParser (file: /home/runner/work/key/key/key.core/../key.ui/examples/index/.././heap/list/LinkedList_size_dep.key; caused by: java.lang.NoClassDefFoundError: Could not initialize class de.uka.ilkd.key.nparser.KeYParser)
	at de.uka.ilkd.key.control.AbstractUserInterfaceControl.load(AbstractUserInterfaceControl.java:221)
	at de.uka.ilkd.key.control.KeYEnvironment.load(KeYEnvironment.java:251)
	at de.uka.ilkd.key.control.KeYEnvironment.load(KeYEnvironment.java:224)
	at de.uka.ilkd.key.control.KeYEnvironment.load(KeYEnvironment.java:184)
	at de.uka.ilkd.key.control.KeYEnvironment.load(KeYEnvironment.java:261)
	at de.uka.ilkd.key.proof.runallproofs.proofcollection.TestFile.load(TestFile.java:270)
	at de.uka.ilkd.key.proof.runallproofs.proofcollection.TestFile.runKey(TestFile.java:160)
	at de.uka.ilkd.key.proof.runallproofs.proofcollection.ForkedTestFileRunner.main(ForkedTestFileRunner.java:171)
Caused by: java.lang.NoClassDefFoundError: Could not initialize class de.uka.ilkd.key.nparser.KeYParser
	at de.uka.ilkd.key.nparser.ParsingFacade.createParser(ParsingFacade.java:87)
	at de.uka.ilkd.key.nparser.ParsingFacade.parseFile(ParsingFacade.java:123)
	at de.uka.ilkd.key.proof.io.KeYFile.getParseContext(KeYFile.java:160)
	at de.uka.ilkd.key.proof.io.KeYFile.getProblemInformation(KeYFile.java:236)
	at de.uka.ilkd.key.proof.init.KeYUserProblemFile.readProfileFromFile(KeYUserProblemFile.java:236)
	at de.uka.ilkd.key.proof.init.KeYUserProblemFile.getProfile(KeYUserProblemFile.java:216)
	at de.uka.ilkd.key.proof.io.AbstractProblemLoader.createProblemInitializer(AbstractProblemLoader.java:508)
	at de.uka.ilkd.key.proof.io.AbstractProblemLoader.loadEnvironment(AbstractProblemLoader.java:288)
	at de.uka.ilkd.key.proof.io.AbstractProblemLoader.load(AbstractProblemLoader.java:253)
	at de.uka.ilkd.key.control.AbstractUserInterfaceControl.load(AbstractUserInterfaceControl.java:209)
	... 7 more
Could not initialize class de.uka.ilkd.key.nparser.KeYParser (file: /home/runner/work/key/key/key.core/../key.ui/examples/index/.././heap/list/LinkedList_size.key; caused by: java.lang.NoClassDefFoundError: Could not initialize class de.uka.ilkd.key.nparser.KeYParser)
	at de.uka.ilkd.key.control.AbstractUserInterfaceControl.load(AbstractUserInterfaceControl.java:221)
	at de.uka.ilkd.key.control.KeYEnvironment.load(KeYEnvironment.java:251)
	at de.uka.ilkd.key.control.KeYEnvironment.load(KeYEnvironment.java:224)
	at de.uka.ilkd.key.control.KeYEnvironment.load(KeYEnvironment.java:184)
	at de.uka.ilkd.key.control.KeYEnvironment.load(KeYEnvironment.java:261)
	at de.uka.ilkd.key.proof.runallproofs.proofcollection.TestFile.load(TestFile.java:270)
	at de.uka.ilkd.key.proof.runallproofs.proofcollection.TestFile.runKey(TestFile.java:160)
	at de.uka.ilkd.key.proof.runallproofs.proofcollection.ForkedTestFileRunner.main(ForkedTestFileRunner.java:171)
Caused by: java.lang.NoClassDefFoundError: Could not initialize class de.uka.ilkd.key.nparser.KeYParser
	at de.uka.ilkd.key.nparser.ParsingFacade.createParser(ParsingFacade.java:87)
	at de.uka.ilkd.key.nparser.ParsingFacade.parseFile(ParsingFacade.java:123)
	at de.uka.ilkd.key.proof.io.KeYFile.getParseContext(KeYFile.java:160)
	at de.uka.ilkd.key.proof.io.KeYFile.getProblemInformation(KeYFile.java:236)
	at de.uka.ilkd.key.proof.init.KeYUserProblemFile.readProfileFromFile(KeYUserProblemFile.java:236)
	at de.uka.ilkd.key.proof.init.KeYUserProblemFile.getProfile(KeYUserProblemFile.java:216)
	at de.uka.ilkd.key.proof.io.AbstractProblemLoader.createProblemInitializer(AbstractProblemLoader.java:508)
	at de.uka.ilkd.key.proof.io.AbstractProblemLoader.loadEnvironment(AbstractProblemLoader.java:288)
	at de.uka.ilkd.key.proof.io.AbstractProblemLoader.load(AbstractProblemLoader.java:253)
	at de.uka.ilkd.key.control.AbstractUserInterfaceControl.load(AbstractUserInterfaceControl.java:209)
	... 7 more
Could not initialize class de.uka.ilkd.key.nparser.KeYParser (file: /home/runner/work/key/key/key.core/../key.ui/examples/index/.././heap/list/MySet_footprint.key; caused by: java.lang.NoClassDefFoundError: Could not initialize class de.uka.ilkd.key.nparser.KeYParser)
	at de.uka.ilkd.key.control.AbstractUserInterfaceControl.load(AbstractUserInterfaceControl.java:221)
	at de.uka.ilkd.key.control.KeYEnvironment.load(KeYEnvironment.java:251)
	at de.uka.ilkd.key.control.KeYEnvironment.load(KeYEnvironment.java:224)
	at de.uka.ilkd.key.control.KeYEnvironment.load(KeYEnvironment.java:184)
	at de.uka.ilkd.key.control.KeYEnvironment.load(KeYEnvironment.java:261)
	at de.uka.ilkd.key.proof.runallproofs.proofcollection.TestFile.load(TestFile.java:270)
	at de.uka.ilkd.key.proof.runallproofs.proofcollection.TestFile.runKey(TestFile.java:160)
	at de.uka.ilkd.key.proof.runallproofs.proofcollection.ForkedTestFileRunner.main(ForkedTestFileRunner.java:171)
Caused by: java.lang.NoClassDefFoundError: Could not initialize class de.uka.ilkd.key.nparser.KeYParser
	at de.uka.ilkd.key.nparser.ParsingFacade.createParser(ParsingFacade.java:87)
	at de.uka.ilkd.key.nparser.ParsingFacade.parseFile(ParsingFacade.java:123)
	at de.uka.ilkd.key.proof.io.KeYFile.getParseContext(KeYFile.java:160)
	at de.uka.ilkd.key.proof.io.KeYFile.getProblemInformation(KeYFile.java:236)
	at de.uka.ilkd.key.proof.init.KeYUserProblemFile.readProfileFromFile(KeYUserProblemFile.java:236)
	at de.uka.ilkd.key.proof.init.KeYUserProblemFile.getProfile(KeYUserProblemFile.java:216)
	at de.uka.ilkd.key.proof.io.AbstractProblemLoader.createProblemInitializer(AbstractProblemLoader.java:508)
	at de.uka.ilkd.key.proof.io.AbstractProblemLoader.loadEnvironment(AbstractProblemLoader.java:288)
	at de.uka.ilkd.key.proof.io.AbstractProblemLoader.load(AbstractProblemLoader.java:253)
	at de.uka.ilkd.key.control.AbstractUserInterfaceControl.load(AbstractUserInterfaceControl.java:209)
	... 7 more
Could not initialize class de.uka.ilkd.key.nparser.KeYParser (file: /home/runner/work/key/key/key.core/../key.ui/examples/index/.././heap/list/MySet_MySet.key; caused by: java.lang.NoClassDefFoundError: Could not initialize class de.uka.ilkd.key.nparser.KeYParser)
	at de.uka.ilkd.key.control.AbstractUserInterfaceControl.load(AbstractUserInterfaceControl.java:221)
	at de.uka.ilkd.key.control.KeYEnvironment.load(KeYEnvironment.java:251)
	at de.uka.ilkd.key.control.KeYEnvironment.load(KeYEnvironment.java:224)
	at de.uka.ilkd.key.control.KeYEnvironment.load(KeYEnvironment.java:184)
	at de.uka.ilkd.key.control.KeYEnvironment.load(KeYEnvironment.java:261)
	at de.uka.ilkd.key.proof.runallproofs.proofcollection.TestFile.load(TestFile.java:270)
	at de.uka.ilkd.key.proof.runallproofs.proofcollection.TestFile.runKey(TestFile.java:160)
	at de.uka.ilkd.key.proof.runallproofs.proofcollection.ForkedTestFileRunner.main(ForkedTestFileRunner.java:171)
Caused by: java.lang.NoClassDefFoundError: Could not initialize class de.uka.ilkd.key.nparser.KeYParser
	at de.uka.ilkd.key.nparser.ParsingFacade.createParser(ParsingFacade.java:87)
	at de.uka.ilkd.key.nparser.ParsingFacade.parseFile(ParsingFacade.java:123)
	at de.uka.ilkd.key.proof.io.KeYFile.getParseContext(KeYFile.java:160)
	at de.uka.ilkd.key.proof.io.KeYFile.getProblemInformation(KeYFile.java:236)
	at de.uka.ilkd.key.proof.init.KeYUserProblemFile.readProfileFromFile(KeYUserProblemFile.java:236)
	at de.uka.ilkd.key.proof.init.KeYUserProblemFile.getProfile(KeYUserProblemFile.java:216)
	at de.uka.ilkd.key.proof.io.AbstractProblemLoader.createProblemInitializer(AbstractProblemLoader.java:508)
	at de.uka.ilkd.key.proof.io.AbstractProblemLoader.loadEnvironment(AbstractProblemLoader.java:288)
	at de.uka.ilkd.key.proof.io.AbstractProblemLoader.load(AbstractProblemLoader.java:253)
	at de.uka.ilkd.key.control.AbstractUserInterfaceControl.load(AbstractUserInterfaceControl.java:209)
	... 7 more
Exception in thread "main" org.opentest4j.AssertionFailedError: Exception during the execution of proofs. See log for more details.
	at org.junit.jupiter.api.AssertionUtils.fail(AssertionUtils.java:38)
	at org.junit.jupiter.api.Assertions.fail(Assertions.java:135)
	at de.uka.ilkd.key.proof.runallproofs.proofcollection.ForkedTestFileRunner.main(ForkedTestFileRunner.java:192)
Timeout watcher launched (2000 secs.)
ANTLR Tool version 4.9.3 used for code generation does not match the current runtime version 4.12.0
 (file: /home/runner/work/key/key/key.core/../key.ui/examples/index/.././heap/list_ghost/ArrayList_add.key; caused by: java.lang.ExceptionInInitializerError)
	at de.uka.ilkd.key.control.AbstractUserInterfaceControl.load(AbstractUserInterfaceControl.java:221)
	at de.uka.ilkd.key.control.KeYEnvironment.load(KeYEnvironment.java:251)
	at de.uka.ilkd.key.control.KeYEnvironment.load(KeYEnvironment.java:224)
	at de.uka.ilkd.key.control.KeYEnvironment.load(KeYEnvironment.java:184)
	at de.uka.ilkd.key.control.KeYEnvironment.load(KeYEnvironment.java:261)
	at de.uka.ilkd.key.proof.runallproofs.proofcollection.TestFile.load(TestFile.java:270)
	at de.uka.ilkd.key.proof.runallproofs.proofcollection.TestFile.runKey(TestFile.java:160)
	at de.uka.ilkd.key.proof.runallproofs.proofcollection.ForkedTestFileRunner.main(ForkedTestFileRunner.java:171)
Caused by: java.lang.ExceptionInInitializerError
	at de.uka.ilkd.key.nparser.ParsingFacade.createParser(ParsingFacade.java:87)
	at de.uka.ilkd.key.nparser.ParsingFacade.parseFile(ParsingFacade.java:123)
	at de.uka.ilkd.key.proof.io.KeYFile.getParseContext(KeYFile.java:160)
	at de.uka.ilkd.key.proof.io.KeYFile.getProblemInformation(KeYFile.java:236)
	at de.uka.ilkd.key.proof.init.KeYUserProblemFile.readProfileFromFile(KeYUserProblemFile.java:236)
	at de.uka.ilkd.key.proof.init.KeYUserProblemFile.getProfile(KeYUserProblemFile.java:216)
	at de.uka.ilkd.key.proof.io.AbstractProblemLoader.createProblemInitializer(AbstractProblemLoader.java:508)
	at de.uka.ilkd.key.proof.io.AbstractProblemLoader.loadEnvironment(AbstractProblemLoader.java:288)
	at de.uka.ilkd.key.proof.io.AbstractProblemLoader.load(AbstractProblemLoader.java:253)
	at de.uka.ilkd.key.control.AbstractUserInterfaceControl.load(AbstractUserInterfaceControl.java:209)
	... 7 more
Caused by: java.lang.UnsupportedOperationException: java.io.InvalidClassException: org.antlr.v4.runtime.atn.ATN; Could not deserialize ATN with version 3 (expected 4).
	at org.antlr.v4.runtime.atn.ATNDeserializer.deserialize(ATNDeserializer.java:56)
	at org.antlr.v4.runtime.atn.ATNDeserializer.deserialize(ATNDeserializer.java:48)
	at de.uka.ilkd.key.nparser.KeYParser.<clinit>(KeYParser.java:11834)
	... 17 more
Caused by: java.io.InvalidClassException: org.antlr.v4.runtime.atn.ATN; Could not deserialize ATN with version 3 (expected 4).
	... 20 more
Could not initialize class de.uka.ilkd.key.nparser.KeYParser (file: /home/runner/work/key/key/key.core/../key.ui/examples/index/.././heap/list_ghost/ArrayList_ArrayList.key; caused by: java.lang.NoClassDefFoundError: Could not initialize class de.uka.ilkd.key.nparser.KeYParser)
	at de.uka.ilkd.key.control.AbstractUserInterfaceControl.load(AbstractUserInterfaceControl.java:221)
	at de.uka.ilkd.key.control.KeYEnvironment.load(KeYEnvironment.java:251)
	at de.uka.ilkd.key.control.KeYEnvironment.load(KeYEnvironment.java:224)
	at de.uka.ilkd.key.control.KeYEnvironment.load(KeYEnvironment.java:184)
	at de.uka.ilkd.key.control.KeYEnvironment.load(KeYEnvironment.java:261)
	at de.uka.ilkd.key.proof.runallproofs.proofcollection.TestFile.load(TestFile.java:270)
	at de.uka.ilkd.key.proof.runallproofs.proofcollection.TestFile.runKey(TestFile.java:160)
	at de.uka.ilkd.key.proof.runallproofs.proofcollection.ForkedTestFileRunner.main(ForkedTestFileRunner.java:171)
Caused by: java.lang.NoClassDefFoundError: Could not initialize class de.uka.ilkd.key.nparser.KeYParser
	at de.uka.ilkd.key.nparser.ParsingFacade.createParser(ParsingFacade.java:87)
	at de.uka.ilkd.key.nparser.ParsingFacade.parseFile(ParsingFacade.java:123)
	at de.uka.ilkd.key.proof.io.KeYFile.getParseContext(KeYFile.java:160)
	at de.uka.ilkd.key.proof.io.KeYFile.getProblemInformation(KeYFile.java:236)
	at de.uka.ilkd.key.proof.init.KeYUserProblemFile.readProfileFromFile(KeYUserProblemFile.java:236)
	at de.uka.ilkd.key.proof.init.KeYUserProblemFile.getProfile(KeYUserProblemFile.java:216)
	at de.uka.ilkd.key.proof.io.AbstractProblemLoader.createProblemInitializer(AbstractProblemLoader.java:508)
	at de.uka.ilkd.key.proof.io.AbstractProblemLoader.loadEnvironment(AbstractProblemLoader.java:288)
	at de.uka.ilkd.key.proof.io.AbstractProblemLoader.load(AbstractProblemLoader.java:253)
	at de.uka.ilkd.key.control.AbstractUserInterfaceControl.load(AbstractUserInterfaceControl.java:209)
	... 7 more
Could not initialize class de.uka.ilkd.key.nparser.KeYParser (file: /home/runner/work/key/key/key.core/../key.ui/examples/index/.././heap/list_ghost/ArrayList_enlarge.key; caused by: java.lang.NoClassDefFoundError: Could not initialize class de.uka.ilkd.key.nparser.KeYParser)
	at de.uka.ilkd.key.control.AbstractUserInterfaceControl.load(AbstractUserInterfaceControl.java:221)
	at de.uka.ilkd.key.control.KeYEnvironment.load(KeYEnvironment.java:251)
	at de.uka.ilkd.key.control.KeYEnvironment.load(KeYEnvironment.java:224)
	at de.uka.ilkd.key.control.KeYEnvironment.load(KeYEnvironment.java:184)
	at de.uka.ilkd.key.control.KeYEnvironment.load(KeYEnvironment.java:261)
	at de.uka.ilkd.key.proof.runallproofs.proofcollection.TestFile.load(TestFile.java:270)
	at de.uka.ilkd.key.proof.runallproofs.proofcollection.TestFile.runKey(TestFile.java:160)
	at de.uka.ilkd.key.proof.runallproofs.proofcollection.ForkedTestFileRunner.main(ForkedTestFileRunner.java:171)
Caused by: java.lang.NoClassDefFoundError: Could not initialize class de.uka.ilkd.key.nparser.KeYParser
	at de.uka.ilkd.key.nparser.ParsingFacade.createParser(ParsingFacade.java:87)
	at de.uka.ilkd.key.nparser.ParsingFacade.parseFile(ParsingFacade.java:123)
	at de.uka.ilkd.key.proof.io.KeYFile.getParseContext(KeYFile.java:160)
	at de.uka.ilkd.key.proof.io.KeYFile.getProblemInformation(KeYFile.java:236)
	at de.uka.ilkd.key.proof.init.KeYUserProblemFile.readProfileFromFile(KeYUserProblemFile.java:236)
	at de.uka.ilkd.key.proof.init.KeYUserProblemFile.getProfile(KeYUserProblemFile.java:216)
	at de.uka.ilkd.key.proof.io.AbstractProblemLoader.createProblemInitializer(AbstractProblemLoader.java:508)
	at de.uka.ilkd.key.proof.io.AbstractProblemLoader.loadEnvironment(AbstractProblemLoader.java:288)
	at de.uka.ilkd.key.proof.io.AbstractProblemLoader.load(AbstractProblemLoader.java:253)
	at de.uka.ilkd.key.control.AbstractUserInterfaceControl.load(AbstractUserInterfaceControl.java:209)
	... 7 more
Could not initialize class de.uka.ilkd.key.nparser.KeYParser (file: /home/runner/work/key/key/key.core/../key.ui/examples/index/.././heap/list_ghost/ArrayList_get_dep.key; caused by: java.lang.NoClassDefFoundError: Could not initialize class de.uka.ilkd.key.nparser.KeYParser)
	at de.uka.ilkd.key.control.AbstractUserInterfaceControl.load(AbstractUserInterfaceControl.java:221)
	at de.uka.ilkd.key.control.KeYEnvironment.load(KeYEnvironment.java:251)
	at de.uka.ilkd.key.control.KeYEnvironment.load(KeYEnvironment.java:224)
	at de.uka.ilkd.key.control.KeYEnvironment.load(KeYEnvironment.java:184)
	at de.uka.ilkd.key.control.KeYEnvironment.load(KeYEnvironment.java:261)
	at de.uka.ilkd.key.proof.runallproofs.proofcollection.TestFile.load(TestFile.java:270)
	at de.uka.ilkd.key.proof.runallproofs.proofcollection.TestFile.runKey(TestFile.java:160)
	at de.uka.ilkd.key.proof.runallproofs.proofcollection.ForkedTestFileRunner.main(ForkedTestFileRunner.java:171)
Caused by: java.lang.NoClassDefFoundError: Could not initialize class de.uka.ilkd.key.nparser.KeYParser
	at de.uka.ilkd.key.nparser.ParsingFacade.createParser(ParsingFacade.java:87)
	at de.uka.ilkd.key.nparser.ParsingFacade.parseFile(ParsingFacade.java:123)
	at de.uka.ilkd.key.proof.io.KeYFile.getParseContext(KeYFile.java:160)
	at de.uka.ilkd.key.proof.io.KeYFile.getProblemInformation(KeYFile.java:236)
	at de.uka.ilkd.key.proof.init.KeYUserProblemFile.readProfileFromFile(KeYUserProblemFile.java:236)
	at de.uka.ilkd.key.proof.init.KeYUserProblemFile.getProfile(KeYUserProblemFile.java:216)
	at de.uka.ilkd.key.proof.io.AbstractProblemLoader.createProblemInitializer(AbstractProblemLoader.java:508)
	at de.uka.ilkd.key.proof.io.AbstractProblemLoader.loadEnvironment(AbstractProblemLoader.java:288)
	at de.uka.ilkd.key.proof.io.AbstractProblemLoader.load(AbstractProblemLoader.java:253)
	at de.uka.ilkd.key.control.AbstractUserInterfaceControl.load(AbstractUserInterfaceControl.java:209)
	... 7 more
Could not initialize class de.uka.ilkd.key.nparser.KeYParser (file: /home/runner/work/key/key/key.core/../key.ui/examples/index/.././heap/list_ghost/ArrayList_get_exceptional.key; caused by: java.lang.NoClassDefFoundError: Could not initialize class de.uka.ilkd.key.nparser.KeYParser)
	at de.uka.ilkd.key.control.AbstractUserInterfaceControl.load(AbstractUserInterfaceControl.java:221)
	at de.uka.ilkd.key.control.KeYEnvironment.load(KeYEnvironment.java:251)
	at de.uka.ilkd.key.control.KeYEnvironment.load(KeYEnvironment.java:224)
	at de.uka.ilkd.key.control.KeYEnvironment.load(KeYEnvironment.java:184)
	at de.uka.ilkd.key.control.KeYEnvironment.load(KeYEnvironment.java:261)
	at de.uka.ilkd.key.proof.runallproofs.proofcollection.TestFile.load(TestFile.java:270)
	at de.uka.ilkd.key.proof.runallproofs.proofcollection.TestFile.runKey(TestFile.java:160)
	at de.uka.ilkd.key.proof.runallproofs.proofcollection.ForkedTestFileRunner.main(ForkedTestFileRunner.java:171)
Caused by: java.lang.NoClassDefFoundError: Could not initialize class de.uka.ilkd.key.nparser.KeYParser
	at de.uka.ilkd.key.nparser.ParsingFacade.createParser(ParsingFacade.java:87)
	at de.uka.ilkd.key.nparser.ParsingFacade.parseFile(ParsingFacade.java:123)
	at de.uka.ilkd.key.proof.io.KeYFile.getParseContext(KeYFile.java:160)
	at de.uka.ilkd.key.proof.io.KeYFile.getProblemInformation(KeYFile.java:236)
	at de.uka.ilkd.key.proof.init.KeYUserProblemFile.readProfileFromFile(KeYUserProblemFile.java:236)
	at de.uka.ilkd.key.proof.init.KeYUserProblemFile.getProfile(KeYUserProblemFile.java:216)
	at de.uka.ilkd.key.proof.io.AbstractProblemLoader.createProblemInitializer(AbstractProblemLoader.java:508)
	at de.uka.ilkd.key.proof.io.AbstractProblemLoader.loadEnvironment(AbstractProblemLoader.java:288)
	at de.uka.ilkd.key.proof.io.AbstractProblemLoader.load(AbstractProblemLoader.java:253)
	at de.uka.ilkd.key.control.AbstractUserInterfaceControl.load(AbstractUserInterfaceControl.java:209)
	... 7 more
Could not initialize class de.uka.ilkd.key.nparser.KeYParser (file: /home/runner/work/key/key/key.core/../key.ui/examples/index/.././heap/list_ghost/ArrayList_get_normal.key; caused by: java.lang.NoClassDefFoundError: Could not initialize class de.uka.ilkd.key.nparser.KeYParser)
	at de.uka.ilkd.key.control.AbstractUserInterfaceControl.load(AbstractUserInterfaceControl.java:221)
	at de.uka.ilkd.key.control.KeYEnvironment.load(KeYEnvironment.java:251)
	at de.uka.ilkd.key.control.KeYEnvironment.load(KeYEnvironment.java:224)
	at de.uka.ilkd.key.control.KeYEnvironment.load(KeYEnvironment.java:184)
	at de.uka.ilkd.key.control.KeYEnvironment.load(KeYEnvironment.java:261)
	at de.uka.ilkd.key.proof.runallproofs.proofcollection.TestFile.load(TestFile.java:270)
	at de.uka.ilkd.key.proof.runallproofs.proofcollection.TestFile.runKey(TestFile.java:160)
	at de.uka.ilkd.key.proof.runallproofs.proofcollection.ForkedTestFileRunner.main(ForkedTestFileRunner.java:171)
Caused by: java.lang.NoClassDefFoundError: Could not initialize class de.uka.ilkd.key.nparser.KeYParser
	at de.uka.ilkd.key.nparser.ParsingFacade.createParser(ParsingFacade.java:87)
	at de.uka.ilkd.key.nparser.ParsingFacade.parseFile(ParsingFacade.java:123)
	at de.uka.ilkd.key.proof.io.KeYFile.getParseContext(KeYFile.java:160)
	at de.uka.ilkd.key.proof.io.KeYFile.getProblemInformation(KeYFile.java:236)
	at de.uka.ilkd.key.proof.init.KeYUserProblemFile.readProfileFromFile(KeYUserProblemFile.java:236)
	at de.uka.ilkd.key.proof.init.KeYUserProblemFile.getProfile(KeYUserProblemFile.java:216)
	at de.uka.ilkd.key.proof.io.AbstractProblemLoader.createProblemInitializer(AbstractProblemLoader.java:508)
	at de.uka.ilkd.key.proof.io.AbstractProblemLoader.loadEnvironment(AbstractProblemLoader.java:288)
	at de.uka.ilkd.key.proof.io.AbstractProblemLoader.load(AbstractProblemLoader.java:253)
	at de.uka.ilkd.key.control.AbstractUserInterfaceControl.load(AbstractUserInterfaceControl.java:209)
	... 7 more
Could not initialize class de.uka.ilkd.key.nparser.KeYParser (file: /home/runner/work/key/key/key.core/../key.ui/examples/index/.././heap/list_ghost/ArrayList_inv.key; caused by: java.lang.NoClassDefFoundError: Could not initialize class de.uka.ilkd.key.nparser.KeYParser)
	at de.uka.ilkd.key.control.AbstractUserInterfaceControl.load(AbstractUserInterfaceControl.java:221)
	at de.uka.ilkd.key.control.KeYEnvironment.load(KeYEnvironment.java:251)
	at de.uka.ilkd.key.control.KeYEnvironment.load(KeYEnvironment.java:224)
	at de.uka.ilkd.key.control.KeYEnvironment.load(KeYEnvironment.java:184)
	at de.uka.ilkd.key.control.KeYEnvironment.load(KeYEnvironment.java:261)
	at de.uka.ilkd.key.proof.runallproofs.proofcollection.TestFile.load(TestFile.java:270)
	at de.uka.ilkd.key.proof.runallproofs.proofcollection.TestFile.runKey(TestFile.java:160)
	at de.uka.ilkd.key.proof.runallproofs.proofcollection.ForkedTestFileRunner.main(ForkedTestFileRunner.java:171)
Caused by: java.lang.NoClassDefFoundError: Could not initialize class de.uka.ilkd.key.nparser.KeYParser
	at de.uka.ilkd.key.nparser.ParsingFacade.createParser(ParsingFacade.java:87)
	at de.uka.ilkd.key.nparser.ParsingFacade.parseFile(ParsingFacade.java:123)
	at de.uka.ilkd.key.proof.io.KeYFile.getParseContext(KeYFile.java:160)
	at de.uka.ilkd.key.proof.io.KeYFile.getProblemInformation(KeYFile.java:236)
	at de.uka.ilkd.key.proof.init.KeYUserProblemFile.readProfileFromFile(KeYUserProblemFile.java:236)
	at de.uka.ilkd.key.proof.init.KeYUserProblemFile.getProfile(KeYUserProblemFile.java:216)
	at de.uka.ilkd.key.proof.io.AbstractProblemLoader.createProblemInitializer(AbstractProblemLoader.java:508)
	at de.uka.ilkd.key.proof.io.AbstractProblemLoader.loadEnvironment(AbstractProblemLoader.java:288)
	at de.uka.ilkd.key.proof.io.AbstractProblemLoader.load(AbstractProblemLoader.java:253)
	at de.uka.ilkd.key.control.AbstractUserInterfaceControl.load(AbstractUserInterfaceControl.java:209)
	... 7 more
Could not initialize class de.uka.ilkd.key.nparser.KeYParser (file: /home/runner/work/key/key/key.core/../key.ui/examples/index/.././heap/list_ghost/ArrayList_size_dep.key; caused by: java.lang.NoClassDefFoundError: Could not initialize class de.uka.ilkd.key.nparser.KeYParser)
	at de.uka.ilkd.key.control.AbstractUserInterfaceControl.load(AbstractUserInterfaceControl.java:221)
	at de.uka.ilkd.key.control.KeYEnvironment.load(KeYEnvironment.java:251)
	at de.uka.ilkd.key.control.KeYEnvironment.load(KeYEnvironment.java:224)
	at de.uka.ilkd.key.control.KeYEnvironment.load(KeYEnvironment.java:184)
	at de.uka.ilkd.key.control.KeYEnvironment.load(KeYEnvironment.java:261)
	at de.uka.ilkd.key.proof.runallproofs.proofcollection.TestFile.load(TestFile.java:270)
	at de.uka.ilkd.key.proof.runallproofs.proofcollection.TestFile.runKey(TestFile.java:160)
	at de.uka.ilkd.key.proof.runallproofs.proofcollection.ForkedTestFileRunner.main(ForkedTestFileRunner.java:171)
Caused by: java.lang.NoClassDefFoundError: Could not initialize class de.uka.ilkd.key.nparser.KeYParser
	at de.uka.ilkd.key.nparser.ParsingFacade.createParser(ParsingFacade.java:87)
	at de.uka.ilkd.key.nparser.ParsingFacade.parseFile(ParsingFacade.java:123)
	at de.uka.ilkd.key.proof.io.KeYFile.getParseContext(KeYFile.java:160)
	at de.uka.ilkd.key.proof.io.KeYFile.getProblemInformation(KeYFile.java:236)
	at de.uka.ilkd.key.proof.init.KeYUserProblemFile.readProfileFromFile(KeYUserProblemFile.java:236)
	at de.uka.ilkd.key.proof.init.KeYUserProblemFile.getProfile(KeYUserProblemFile.java:216)
	at de.uka.ilkd.key.proof.io.AbstractProblemLoader.createProblemInitializer(AbstractProblemLoader.java:508)
	at de.uka.ilkd.key.proof.io.AbstractProblemLoader.loadEnvironment(AbstractProblemLoader.java:288)
	at de.uka.ilkd.key.proof.io.AbstractProblemLoader.load(AbstractProblemLoader.java:253)
	at de.uka.ilkd.key.control.AbstractUserInterfaceControl.load(AbstractUserInterfaceControl.java:209)
	... 7 more
Could not initialize class de.uka.ilkd.key.nparser.KeYParser (file: /home/runner/work/key/key/key.core/../key.ui/examples/index/.././heap/list_ghost/ArrayList_size.key; caused by: java.lang.NoClassDefFoundError: Could not initialize class de.uka.ilkd.key.nparser.KeYParser)
	at de.uka.ilkd.key.control.AbstractUserInterfaceControl.load(AbstractUserInterfaceControl.java:221)
	at de.uka.ilkd.key.control.KeYEnvironment.load(KeYEnvironment.java:251)
	at de.uka.ilkd.key.control.KeYEnvironment.load(KeYEnvironment.java:224)
	at de.uka.ilkd.key.control.KeYEnvironment.load(KeYEnvironment.java:184)
	at de.uka.ilkd.key.control.KeYEnvironment.load(KeYEnvironment.java:261)
	at de.uka.ilkd.key.proof.runallproofs.proofcollection.TestFile.load(TestFile.java:270)
	at de.uka.ilkd.key.proof.runallproofs.proofcollection.TestFile.runKey(TestFile.java:160)
	at de.uka.ilkd.key.proof.runallproofs.proofcollection.ForkedTestFileRunner.main(ForkedTestFileRunner.java:171)
Caused by: java.lang.NoClassDefFoundError: Could not initialize class de.uka.ilkd.key.nparser.KeYParser
	at de.uka.ilkd.key.nparser.ParsingFacade.createParser(ParsingFacade.java:87)
	at de.uka.ilkd.key.nparser.ParsingFacade.parseFile(ParsingFacade.java:123)
	at de.uka.ilkd.key.proof.io.KeYFile.getParseContext(KeYFile.java:160)
	at de.uka.ilkd.key.proof.io.KeYFile.getProblemInformation(KeYFile.java:236)
	at de.uka.ilkd.key.proof.init.KeYUserProblemFile.readProfileFromFile(KeYUserProblemFile.java:236)
	at de.uka.ilkd.key.proof.init.KeYUserProblemFile.getProfile(KeYUserProblemFile.java:216)
	at de.uka.ilkd.key.proof.io.AbstractProblemLoader.createProblemInitializer(AbstractProblemLoader.java:508)
	at de.uka.ilkd.key.proof.io.AbstractProblemLoader.loadEnvironment(AbstractProblemLoader.java:288)
	at de.uka.ilkd.key.proof.io.AbstractProblemLoader.load(AbstractProblemLoader.java:253)
	at de.uka.ilkd.key.control.AbstractUserInterfaceControl.load(AbstractUserInterfaceControl.java:209)
	... 7 more
Exception in thread "main" org.opentest4j.AssertionFailedError: Exception during the execution of proofs. See log for more details.
	at org.junit.jupiter.api.AssertionUtils.fail(AssertionUtils.java:38)
	at org.junit.jupiter.api.Assertions.fail(Assertions.java:135)
	at de.uka.ilkd.key.proof.runallproofs.proofcollection.ForkedTestFileRunner.main(ForkedTestFileRunner.java:192)
Timeout watcher launched (2000 secs.)
ANTLR Tool version 4.9.3 used for code generation does not match the current runtime version 4.12.0
 (file: /home/runner/work/key/key/key.core/../key.ui/examples/index/.././heap/list_recursiveSpec/ListOperationsNonNull_getNextNN_normal_behavior.key; caused by: java.lang.ExceptionInInitializerError)
	at de.uka.ilkd.key.control.AbstractUserInterfaceControl.load(AbstractUserInterfaceControl.java:221)
	at de.uka.ilkd.key.control.KeYEnvironment.load(KeYEnvironment.java:251)
	at de.uka.ilkd.key.control.KeYEnvironment.load(KeYEnvironment.java:224)
	at de.uka.ilkd.key.control.KeYEnvironment.load(KeYEnvironment.java:184)
	at de.uka.ilkd.key.control.KeYEnvironment.load(KeYEnvironment.java:261)
	at de.uka.ilkd.key.proof.runallproofs.proofcollection.TestFile.load(TestFile.java:270)
	at de.uka.ilkd.key.proof.runallproofs.proofcollection.TestFile.runKey(TestFile.java:160)
	at de.uka.ilkd.key.proof.runallproofs.proofcollection.ForkedTestFileRunner.main(ForkedTestFileRunner.java:171)
Caused by: java.lang.ExceptionInInitializerError
	at de.uka.ilkd.key.nparser.ParsingFacade.createParser(ParsingFacade.java:87)
	at de.uka.ilkd.key.nparser.ParsingFacade.parseFile(ParsingFacade.java:123)
	at de.uka.ilkd.key.proof.io.KeYFile.getParseContext(KeYFile.java:160)
	at de.uka.ilkd.key.proof.io.KeYFile.getProblemInformation(KeYFile.java:236)
	at de.uka.ilkd.key.proof.init.KeYUserProblemFile.readProfileFromFile(KeYUserProblemFile.java:236)
	at de.uka.ilkd.key.proof.init.KeYUserProblemFile.getProfile(KeYUserProblemFile.java:216)
	at de.uka.ilkd.key.proof.io.AbstractProblemLoader.createProblemInitializer(AbstractProblemLoader.java:508)
	at de.uka.ilkd.key.proof.io.AbstractProblemLoader.loadEnvironment(AbstractProblemLoader.java:288)
	at de.uka.ilkd.key.proof.io.AbstractProblemLoader.load(AbstractProblemLoader.java:253)
	at de.uka.ilkd.key.control.AbstractUserInterfaceControl.load(AbstractUserInterfaceControl.java:209)
	... 7 more
Caused by: java.lang.UnsupportedOperationException: java.io.InvalidClassException: org.antlr.v4.runtime.atn.ATN; Could not deserialize ATN with version 3 (expected 4).
	at org.antlr.v4.runtime.atn.ATNDeserializer.deserialize(ATNDeserializer.java:56)
	at org.antlr.v4.runtime.atn.ATNDeserializer.deserialize(ATNDeserializer.java:48)
	at de.uka.ilkd.key.nparser.KeYParser.<clinit>(KeYParser.java:11834)
	... 17 more
Caused by: java.io.InvalidClassException: org.antlr.v4.runtime.atn.ATN; Could not deserialize ATN with version 3 (expected 4).
	... 20 more
Could not initialize class de.uka.ilkd.key.nparser.KeYParser (file: /home/runner/work/key/key/key.core/../key.ui/examples/index/.././heap/list_recursiveSpec/ListOperationsNonNull_setValueAt_normal_behavior.key; caused by: java.lang.NoClassDefFoundError: Could not initialize class de.uka.ilkd.key.nparser.KeYParser)
	at de.uka.ilkd.key.control.AbstractUserInterfaceControl.load(AbstractUserInterfaceControl.java:221)
	at de.uka.ilkd.key.control.KeYEnvironment.load(KeYEnvironment.java:251)
	at de.uka.ilkd.key.control.KeYEnvironment.load(KeYEnvironment.java:224)
	at de.uka.ilkd.key.control.KeYEnvironment.load(KeYEnvironment.java:184)
	at de.uka.ilkd.key.control.KeYEnvironment.load(KeYEnvironment.java:261)
	at de.uka.ilkd.key.proof.runallproofs.proofcollection.TestFile.load(TestFile.java:270)
	at de.uka.ilkd.key.proof.runallproofs.proofcollection.TestFile.runKey(TestFile.java:160)
	at de.uka.ilkd.key.proof.runallproofs.proofcollection.ForkedTestFileRunner.main(ForkedTestFileRunner.java:171)
Caused by: java.lang.NoClassDefFoundError: Could not initialize class de.uka.ilkd.key.nparser.KeYParser
	at de.uka.ilkd.key.nparser.ParsingFacade.createParser(ParsingFacade.java:87)
	at de.uka.ilkd.key.nparser.ParsingFacade.parseFile(ParsingFacade.java:123)
	at de.uka.ilkd.key.proof.io.KeYFile.getParseContext(KeYFile.java:160)
	at de.uka.ilkd.key.proof.io.KeYFile.getProblemInformation(KeYFile.java:236)
	at de.uka.ilkd.key.proof.init.KeYUserProblemFile.readProfileFromFile(KeYUserProblemFile.java:236)
	at de.uka.ilkd.key.proof.init.KeYUserProblemFile.getProfile(KeYUserProblemFile.java:216)
	at de.uka.ilkd.key.proof.io.AbstractProblemLoader.createProblemInitializer(AbstractProblemLoader.java:508)
	at de.uka.ilkd.key.proof.io.AbstractProblemLoader.loadEnvironment(AbstractProblemLoader.java:288)
	at de.uka.ilkd.key.proof.io.AbstractProblemLoader.load(AbstractProblemLoader.java:253)
	at de.uka.ilkd.key.control.AbstractUserInterfaceControl.load(AbstractUserInterfaceControl.java:209)
	... 7 more
Exception in thread "main" org.opentest4j.AssertionFailedError: Exception during the execution of proofs. See log for more details.
	at org.junit.jupiter.api.AssertionUtils.fail(AssertionUtils.java:38)
	at org.junit.jupiter.api.Assertions.fail(Assertions.java:135)
	at de.uka.ilkd.key.proof.runallproofs.proofcollection.ForkedTestFileRunner.main(ForkedTestFileRunner.java:192)
Timeout watcher launched (2000 secs.)
ANTLR Tool version 4.9.3 used for code generation does not match the current runtime version 4.12.0
 (file: /home/runner/work/key/key/key.core/../key.ui/examples/index/.././heap/list_seq/SimplifiedLinkedList.remove.key; caused by: java.lang.ExceptionInInitializerError)
	at de.uka.ilkd.key.control.AbstractUserInterfaceControl.load(AbstractUserInterfaceControl.java:221)
	at de.uka.ilkd.key.control.KeYEnvironment.load(KeYEnvironment.java:251)
	at de.uka.ilkd.key.control.KeYEnvironment.load(KeYEnvironment.java:224)
	at de.uka.ilkd.key.control.KeYEnvironment.load(KeYEnvironment.java:184)
	at de.uka.ilkd.key.control.KeYEnvironment.load(KeYEnvironment.java:261)
	at de.uka.ilkd.key.proof.runallproofs.proofcollection.TestFile.load(TestFile.java:270)
	at de.uka.ilkd.key.proof.runallproofs.proofcollection.TestFile.runKey(TestFile.java:160)
	at de.uka.ilkd.key.proof.runallproofs.proofcollection.ForkedTestFileRunner.main(ForkedTestFileRunner.java:171)
Caused by: java.lang.ExceptionInInitializerError
	at de.uka.ilkd.key.nparser.ParsingFacade.createParser(ParsingFacade.java:87)
	at de.uka.ilkd.key.nparser.ParsingFacade.parseFile(ParsingFacade.java:123)
	at de.uka.ilkd.key.proof.io.KeYFile.getParseContext(KeYFile.java:160)
	at de.uka.ilkd.key.proof.io.KeYFile.getProblemInformation(KeYFile.java:236)
	at de.uka.ilkd.key.proof.init.KeYUserProblemFile.readProfileFromFile(KeYUserProblemFile.java:236)
	at de.uka.ilkd.key.proof.init.KeYUserProblemFile.getProfile(KeYUserProblemFile.java:216)
	at de.uka.ilkd.key.proof.io.AbstractProblemLoader.createProblemInitializer(AbstractProblemLoader.java:508)
	at de.uka.ilkd.key.proof.io.AbstractProblemLoader.loadEnvironment(AbstractProblemLoader.java:288)
	at de.uka.ilkd.key.proof.io.AbstractProblemLoader.load(AbstractProblemLoader.java:253)
	at de.uka.ilkd.key.control.AbstractUserInterfaceControl.load(AbstractUserInterfaceControl.java:209)
	... 7 more
Caused by: java.lang.UnsupportedOperationException: java.io.InvalidClassException: org.antlr.v4.runtime.atn.ATN; Could not deserialize ATN with version 3 (expected 4).
	at org.antlr.v4.runtime.atn.ATNDeserializer.deserialize(ATNDeserializer.java:56)
	at org.antlr.v4.runtime.atn.ATNDeserializer.deserialize(ATNDeserializer.java:48)
	at de.uka.ilkd.key.nparser.KeYParser.<clinit>(KeYParser.java:11834)
	... 17 more
Caused by: java.io.InvalidClassException: org.antlr.v4.runtime.atn.ATN; Could not deserialize ATN with version 3 (expected 4).
	... 20 more
Could not initialize class de.uka.ilkd.key.nparser.KeYParser (file: /home/runner/work/key/key/key.core/../key.ui/examples/index/.././heap/list_seq/ArrayList.ArrayList.key; caused by: java.lang.NoClassDefFoundError: Could not initialize class de.uka.ilkd.key.nparser.KeYParser)
	at de.uka.ilkd.key.control.AbstractUserInterfaceControl.load(AbstractUserInterfaceControl.java:221)
	at de.uka.ilkd.key.control.KeYEnvironment.load(KeYEnvironment.java:251)
	at de.uka.ilkd.key.control.KeYEnvironment.load(KeYEnvironment.java:224)
	at de.uka.ilkd.key.control.KeYEnvironment.load(KeYEnvironment.java:184)
	at de.uka.ilkd.key.control.KeYEnvironment.load(KeYEnvironment.java:261)
	at de.uka.ilkd.key.proof.runallproofs.proofcollection.TestFile.load(TestFile.java:270)
	at de.uka.ilkd.key.proof.runallproofs.proofcollection.TestFile.runKey(TestFile.java:160)
	at de.uka.ilkd.key.proof.runallproofs.proofcollection.ForkedTestFileRunner.main(ForkedTestFileRunner.java:171)
Caused by: java.lang.NoClassDefFoundError: Could not initialize class de.uka.ilkd.key.nparser.KeYParser
	at de.uka.ilkd.key.nparser.ParsingFacade.createParser(ParsingFacade.java:87)
	at de.uka.ilkd.key.nparser.ParsingFacade.parseFile(ParsingFacade.java:123)
	at de.uka.ilkd.key.proof.io.KeYFile.getParseContext(KeYFile.java:160)
	at de.uka.ilkd.key.proof.io.KeYFile.getProblemInformation(KeYFile.java:236)
	at de.uka.ilkd.key.proof.init.KeYUserProblemFile.readProfileFromFile(KeYUserProblemFile.java:236)
	at de.uka.ilkd.key.proof.init.KeYUserProblemFile.getProfile(KeYUserProblemFile.java:216)
	at de.uka.ilkd.key.proof.io.AbstractProblemLoader.createProblemInitializer(AbstractProblemLoader.java:508)
	at de.uka.ilkd.key.proof.io.AbstractProblemLoader.loadEnvironment(AbstractProblemLoader.java:288)
	at de.uka.ilkd.key.proof.io.AbstractProblemLoader.load(AbstractProblemLoader.java:253)
	at de.uka.ilkd.key.control.AbstractUserInterfaceControl.load(AbstractUserInterfaceControl.java:209)
	... 7 more
Could not initialize class de.uka.ilkd.key.nparser.KeYParser (file: /home/runner/work/key/key/key.core/../key.ui/examples/index/.././heap/list_seq/ArrayList.add.key; caused by: java.lang.NoClassDefFoundError: Could not initialize class de.uka.ilkd.key.nparser.KeYParser)
	at de.uka.ilkd.key.control.AbstractUserInterfaceControl.load(AbstractUserInterfaceControl.java:221)
	at de.uka.ilkd.key.control.KeYEnvironment.load(KeYEnvironment.java:251)
	at de.uka.ilkd.key.control.KeYEnvironment.load(KeYEnvironment.java:224)
	at de.uka.ilkd.key.control.KeYEnvironment.load(KeYEnvironment.java:184)
	at de.uka.ilkd.key.control.KeYEnvironment.load(KeYEnvironment.java:261)
	at de.uka.ilkd.key.proof.runallproofs.proofcollection.TestFile.load(TestFile.java:270)
	at de.uka.ilkd.key.proof.runallproofs.proofcollection.TestFile.runKey(TestFile.java:160)
	at de.uka.ilkd.key.proof.runallproofs.proofcollection.ForkedTestFileRunner.main(ForkedTestFileRunner.java:171)
Caused by: java.lang.NoClassDefFoundError: Could not initialize class de.uka.ilkd.key.nparser.KeYParser
	at de.uka.ilkd.key.nparser.ParsingFacade.createParser(ParsingFacade.java:87)
	at de.uka.ilkd.key.nparser.ParsingFacade.parseFile(ParsingFacade.java:123)
	at de.uka.ilkd.key.proof.io.KeYFile.getParseContext(KeYFile.java:160)
	at de.uka.ilkd.key.proof.io.KeYFile.getProblemInformation(KeYFile.java:236)
	at de.uka.ilkd.key.proof.init.KeYUserProblemFile.readProfileFromFile(KeYUserProblemFile.java:236)
	at de.uka.ilkd.key.proof.init.KeYUserProblemFile.getProfile(KeYUserProblemFile.java:216)
	at de.uka.ilkd.key.proof.io.AbstractProblemLoader.createProblemInitializer(AbstractProblemLoader.java:508)
	at de.uka.ilkd.key.proof.io.AbstractProblemLoader.loadEnvironment(AbstractProblemLoader.java:288)
	at de.uka.ilkd.key.proof.io.AbstractProblemLoader.load(AbstractProblemLoader.java:253)
	at de.uka.ilkd.key.control.AbstractUserInterfaceControl.load(AbstractUserInterfaceControl.java:209)
	... 7 more
Could not initialize class de.uka.ilkd.key.nparser.KeYParser (file: /home/runner/work/key/key/key.core/../key.ui/examples/index/.././heap/list_seq/ArrayList.contains.key; caused by: java.lang.NoClassDefFoundError: Could not initialize class de.uka.ilkd.key.nparser.KeYParser)
	at de.uka.ilkd.key.control.AbstractUserInterfaceControl.load(AbstractUserInterfaceControl.java:221)
	at de.uka.ilkd.key.control.KeYEnvironment.load(KeYEnvironment.java:251)
	at de.uka.ilkd.key.control.KeYEnvironment.load(KeYEnvironment.java:224)
	at de.uka.ilkd.key.control.KeYEnvironment.load(KeYEnvironment.java:184)
	at de.uka.ilkd.key.control.KeYEnvironment.load(KeYEnvironment.java:261)
	at de.uka.ilkd.key.proof.runallproofs.proofcollection.TestFile.load(TestFile.java:270)
	at de.uka.ilkd.key.proof.runallproofs.proofcollection.TestFile.runKey(TestFile.java:160)
	at de.uka.ilkd.key.proof.runallproofs.proofcollection.ForkedTestFileRunner.main(ForkedTestFileRunner.java:171)
Caused by: java.lang.NoClassDefFoundError: Could not initialize class de.uka.ilkd.key.nparser.KeYParser
	at de.uka.ilkd.key.nparser.ParsingFacade.createParser(ParsingFacade.java:87)
	at de.uka.ilkd.key.nparser.ParsingFacade.parseFile(ParsingFacade.java:123)
	at de.uka.ilkd.key.proof.io.KeYFile.getParseContext(KeYFile.java:160)
	at de.uka.ilkd.key.proof.io.KeYFile.getProblemInformation(KeYFile.java:236)
	at de.uka.ilkd.key.proof.init.KeYUserProblemFile.readProfileFromFile(KeYUserProblemFile.java:236)
	at de.uka.ilkd.key.proof.init.KeYUserProblemFile.getProfile(KeYUserProblemFile.java:216)
	at de.uka.ilkd.key.proof.io.AbstractProblemLoader.createProblemInitializer(AbstractProblemLoader.java:508)
	at de.uka.ilkd.key.proof.io.AbstractProblemLoader.loadEnvironment(AbstractProblemLoader.java:288)
	at de.uka.ilkd.key.proof.io.AbstractProblemLoader.load(AbstractProblemLoader.java:253)
	at de.uka.ilkd.key.control.AbstractUserInterfaceControl.load(AbstractUserInterfaceControl.java:209)
	... 7 more
Could not initialize class de.uka.ilkd.key.nparser.KeYParser (file: /home/runner/work/key/key/key.core/../key.ui/examples/index/.././heap/list_seq/ArrayList.enlarge.key; caused by: java.lang.NoClassDefFoundError: Could not initialize class de.uka.ilkd.key.nparser.KeYParser)
	at de.uka.ilkd.key.control.AbstractUserInterfaceControl.load(AbstractUserInterfaceControl.java:221)
	at de.uka.ilkd.key.control.KeYEnvironment.load(KeYEnvironment.java:251)
	at de.uka.ilkd.key.control.KeYEnvironment.load(KeYEnvironment.java:224)
	at de.uka.ilkd.key.control.KeYEnvironment.load(KeYEnvironment.java:184)
	at de.uka.ilkd.key.control.KeYEnvironment.load(KeYEnvironment.java:261)
	at de.uka.ilkd.key.proof.runallproofs.proofcollection.TestFile.load(TestFile.java:270)
	at de.uka.ilkd.key.proof.runallproofs.proofcollection.TestFile.runKey(TestFile.java:160)
	at de.uka.ilkd.key.proof.runallproofs.proofcollection.ForkedTestFileRunner.main(ForkedTestFileRunner.java:171)
Caused by: java.lang.NoClassDefFoundError: Could not initialize class de.uka.ilkd.key.nparser.KeYParser
	at de.uka.ilkd.key.nparser.ParsingFacade.createParser(ParsingFacade.java:87)
	at de.uka.ilkd.key.nparser.ParsingFacade.parseFile(ParsingFacade.java:123)
	at de.uka.ilkd.key.proof.io.KeYFile.getParseContext(KeYFile.java:160)
	at de.uka.ilkd.key.proof.io.KeYFile.getProblemInformation(KeYFile.java:236)
	at de.uka.ilkd.key.proof.init.KeYUserProblemFile.readProfileFromFile(KeYUserProblemFile.java:236)
	at de.uka.ilkd.key.proof.init.KeYUserProblemFile.getProfile(KeYUserProblemFile.java:216)
	at de.uka.ilkd.key.proof.io.AbstractProblemLoader.createProblemInitializer(AbstractProblemLoader.java:508)
	at de.uka.ilkd.key.proof.io.AbstractProblemLoader.loadEnvironment(AbstractProblemLoader.java:288)
	at de.uka.ilkd.key.proof.io.AbstractProblemLoader.load(AbstractProblemLoader.java:253)
	at de.uka.ilkd.key.control.AbstractUserInterfaceControl.load(AbstractUserInterfaceControl.java:209)
	... 7 more
Could not initialize class de.uka.ilkd.key.nparser.KeYParser (file: /home/runner/work/key/key/key.core/../key.ui/examples/index/.././heap/list_seq/ArrayList.get.key; caused by: java.lang.NoClassDefFoundError: Could not initialize class de.uka.ilkd.key.nparser.KeYParser)
	at de.uka.ilkd.key.control.AbstractUserInterfaceControl.load(AbstractUserInterfaceControl.java:221)
	at de.uka.ilkd.key.control.KeYEnvironment.load(KeYEnvironment.java:251)
	at de.uka.ilkd.key.control.KeYEnvironment.load(KeYEnvironment.java:224)
	at de.uka.ilkd.key.control.KeYEnvironment.load(KeYEnvironment.java:184)
	at de.uka.ilkd.key.control.KeYEnvironment.load(KeYEnvironment.java:261)
	at de.uka.ilkd.key.proof.runallproofs.proofcollection.TestFile.load(TestFile.java:270)
	at de.uka.ilkd.key.proof.runallproofs.proofcollection.TestFile.runKey(TestFile.java:160)
	at de.uka.ilkd.key.proof.runallproofs.proofcollection.ForkedTestFileRunner.main(ForkedTestFileRunner.java:171)
Caused by: java.lang.NoClassDefFoundError: Could not initialize class de.uka.ilkd.key.nparser.KeYParser
	at de.uka.ilkd.key.nparser.ParsingFacade.createParser(ParsingFacade.java:87)
	at de.uka.ilkd.key.nparser.ParsingFacade.parseFile(ParsingFacade.java:123)
	at de.uka.ilkd.key.proof.io.KeYFile.getParseContext(KeYFile.java:160)
	at de.uka.ilkd.key.proof.io.KeYFile.getProblemInformation(KeYFile.java:236)
	at de.uka.ilkd.key.proof.init.KeYUserProblemFile.readProfileFromFile(KeYUserProblemFile.java:236)
	at de.uka.ilkd.key.proof.init.KeYUserProblemFile.getProfile(KeYUserProblemFile.java:216)
	at de.uka.ilkd.key.proof.io.AbstractProblemLoader.createProblemInitializer(AbstractProblemLoader.java:508)
	at de.uka.ilkd.key.proof.io.AbstractProblemLoader.loadEnvironment(AbstractProblemLoader.java:288)
	at de.uka.ilkd.key.proof.io.AbstractProblemLoader.load(AbstractProblemLoader.java:253)
	at de.uka.ilkd.key.control.AbstractUserInterfaceControl.load(AbstractUserInterfaceControl.java:209)
	... 7 more
Could not initialize class de.uka.ilkd.key.nparser.KeYParser (file: /home/runner/work/key/key/key.core/../key.ui/examples/index/.././heap/list_seq/ArrayList.newArray.key; caused by: java.lang.NoClassDefFoundError: Could not initialize class de.uka.ilkd.key.nparser.KeYParser)
	at de.uka.ilkd.key.control.AbstractUserInterfaceControl.load(AbstractUserInterfaceControl.java:221)
	at de.uka.ilkd.key.control.KeYEnvironment.load(KeYEnvironment.java:251)
	at de.uka.ilkd.key.control.KeYEnvironment.load(KeYEnvironment.java:224)
	at de.uka.ilkd.key.control.KeYEnvironment.load(KeYEnvironment.java:184)
	at de.uka.ilkd.key.control.KeYEnvironment.load(KeYEnvironment.java:261)
	at de.uka.ilkd.key.proof.runallproofs.proofcollection.TestFile.load(TestFile.java:270)
	at de.uka.ilkd.key.proof.runallproofs.proofcollection.TestFile.runKey(TestFile.java:160)
	at de.uka.ilkd.key.proof.runallproofs.proofcollection.ForkedTestFileRunner.main(ForkedTestFileRunner.java:171)
Caused by: java.lang.NoClassDefFoundError: Could not initialize class de.uka.ilkd.key.nparser.KeYParser
	at de.uka.ilkd.key.nparser.ParsingFacade.createParser(ParsingFacade.java:87)
	at de.uka.ilkd.key.nparser.ParsingFacade.parseFile(ParsingFacade.java:123)
	at de.uka.ilkd.key.proof.io.KeYFile.getParseContext(KeYFile.java:160)
	at de.uka.ilkd.key.proof.io.KeYFile.getProblemInformation(KeYFile.java:236)
	at de.uka.ilkd.key.proof.init.KeYUserProblemFile.readProfileFromFile(KeYUserProblemFile.java:236)
	at de.uka.ilkd.key.proof.init.KeYUserProblemFile.getProfile(KeYUserProblemFile.java:216)
	at de.uka.ilkd.key.proof.io.AbstractProblemLoader.createProblemInitializer(AbstractProblemLoader.java:508)
	at de.uka.ilkd.key.proof.io.AbstractProblemLoader.loadEnvironment(AbstractProblemLoader.java:288)
	at de.uka.ilkd.key.proof.io.AbstractProblemLoader.load(AbstractProblemLoader.java:253)
	at de.uka.ilkd.key.control.AbstractUserInterfaceControl.load(AbstractUserInterfaceControl.java:209)
	... 7 more
Could not initialize class de.uka.ilkd.key.nparser.KeYParser (file: /home/runner/work/key/key/key.core/../key.ui/examples/index/.././heap/list_seq/ArrayList.remove.0.key; caused by: java.lang.NoClassDefFoundError: Could not initialize class de.uka.ilkd.key.nparser.KeYParser)
	at de.uka.ilkd.key.control.AbstractUserInterfaceControl.load(AbstractUserInterfaceControl.java:221)
	at de.uka.ilkd.key.control.KeYEnvironment.load(KeYEnvironment.java:251)
	at de.uka.ilkd.key.control.KeYEnvironment.load(KeYEnvironment.java:224)
	at de.uka.ilkd.key.control.KeYEnvironment.load(KeYEnvironment.java:184)
	at de.uka.ilkd.key.control.KeYEnvironment.load(KeYEnvironment.java:261)
	at de.uka.ilkd.key.proof.runallproofs.proofcollection.TestFile.load(TestFile.java:270)
	at de.uka.ilkd.key.proof.runallproofs.proofcollection.TestFile.runKey(TestFile.java:160)
	at de.uka.ilkd.key.proof.runallproofs.proofcollection.ForkedTestFileRunner.main(ForkedTestFileRunner.java:171)
Caused by: java.lang.NoClassDefFoundError: Could not initialize class de.uka.ilkd.key.nparser.KeYParser
	at de.uka.ilkd.key.nparser.ParsingFacade.createParser(ParsingFacade.java:87)
	at de.uka.ilkd.key.nparser.ParsingFacade.parseFile(ParsingFacade.java:123)
	at de.uka.ilkd.key.proof.io.KeYFile.getParseContext(KeYFile.java:160)
	at de.uka.ilkd.key.proof.io.KeYFile.getProblemInformation(KeYFile.java:236)
	at de.uka.ilkd.key.proof.init.KeYUserProblemFile.readProfileFromFile(KeYUserProblemFile.java:236)
	at de.uka.ilkd.key.proof.init.KeYUserProblemFile.getProfile(KeYUserProblemFile.java:216)
	at de.uka.ilkd.key.proof.io.AbstractProblemLoader.createProblemInitializer(AbstractProblemLoader.java:508)
	at de.uka.ilkd.key.proof.io.AbstractProblemLoader.loadEnvironment(AbstractProblemLoader.java:288)
	at de.uka.ilkd.key.proof.io.AbstractProblemLoader.load(AbstractProblemLoader.java:253)
	at de.uka.ilkd.key.control.AbstractUserInterfaceControl.load(AbstractUserInterfaceControl.java:209)
	... 7 more
Could not initialize class de.uka.ilkd.key.nparser.KeYParser (file: /home/runner/work/key/key/key.core/../key.ui/examples/index/.././heap/list_seq/ArrayList.remove.1.key; caused by: java.lang.NoClassDefFoundError: Could not initialize class de.uka.ilkd.key.nparser.KeYParser)
	at de.uka.ilkd.key.control.AbstractUserInterfaceControl.load(AbstractUserInterfaceControl.java:221)
	at de.uka.ilkd.key.control.KeYEnvironment.load(KeYEnvironment.java:251)
	at de.uka.ilkd.key.control.KeYEnvironment.load(KeYEnvironment.java:224)
	at de.uka.ilkd.key.control.KeYEnvironment.load(KeYEnvironment.java:184)
	at de.uka.ilkd.key.control.KeYEnvironment.load(KeYEnvironment.java:261)
	at de.uka.ilkd.key.proof.runallproofs.proofcollection.TestFile.load(TestFile.java:270)
	at de.uka.ilkd.key.proof.runallproofs.proofcollection.TestFile.runKey(TestFile.java:160)
	at de.uka.ilkd.key.proof.runallproofs.proofcollection.ForkedTestFileRunner.main(ForkedTestFileRunner.java:171)
Caused by: java.lang.NoClassDefFoundError: Could not initialize class de.uka.ilkd.key.nparser.KeYParser
	at de.uka.ilkd.key.nparser.ParsingFacade.createParser(ParsingFacade.java:87)
	at de.uka.ilkd.key.nparser.ParsingFacade.parseFile(ParsingFacade.java:123)
	at de.uka.ilkd.key.proof.io.KeYFile.getParseContext(KeYFile.java:160)
	at de.uka.ilkd.key.proof.io.KeYFile.getProblemInformation(KeYFile.java:236)
	at de.uka.ilkd.key.proof.init.KeYUserProblemFile.readProfileFromFile(KeYUserProblemFile.java:236)
	at de.uka.ilkd.key.proof.init.KeYUserProblemFile.getProfile(KeYUserProblemFile.java:216)
	at de.uka.ilkd.key.proof.io.AbstractProblemLoader.createProblemInitializer(AbstractProblemLoader.java:508)
	at de.uka.ilkd.key.proof.io.AbstractProblemLoader.loadEnvironment(AbstractProblemLoader.java:288)
	at de.uka.ilkd.key.proof.io.AbstractProblemLoader.load(AbstractProblemLoader.java:253)
	at de.uka.ilkd.key.control.AbstractUserInterfaceControl.load(AbstractUserInterfaceControl.java:209)
	... 7 more
Exception in thread "main" org.opentest4j.AssertionFailedError: Exception during the execution of proofs. See log for more details.
	at org.junit.jupiter.api.AssertionUtils.fail(AssertionUtils.java:38)
	at org.junit.jupiter.api.Assertions.fail(Assertions.java:135)
	at de.uka.ilkd.key.proof.runallproofs.proofcollection.ForkedTestFileRunner.main(ForkedTestFileRunner.java:192)
Timeout watcher launched (2000 secs.)
ANTLR Tool version 4.9.3 used for code generation does not match the current runtime version 4.12.0
 (file: /home/runner/work/key/key/key.core/../key.ui/examples/index/.././heap/observer/ExampleObserver_ExampleObserver.key; caused by: java.lang.ExceptionInInitializerError)
	at de.uka.ilkd.key.control.AbstractUserInterfaceControl.load(AbstractUserInterfaceControl.java:221)
	at de.uka.ilkd.key.control.KeYEnvironment.load(KeYEnvironment.java:251)
	at de.uka.ilkd.key.control.KeYEnvironment.load(KeYEnvironment.java:224)
	at de.uka.ilkd.key.control.KeYEnvironment.load(KeYEnvironment.java:184)
	at de.uka.ilkd.key.control.KeYEnvironment.load(KeYEnvironment.java:261)
	at de.uka.ilkd.key.proof.runallproofs.proofcollection.TestFile.load(TestFile.java:270)
	at de.uka.ilkd.key.proof.runallproofs.proofcollection.TestFile.runKey(TestFile.java:160)
	at de.uka.ilkd.key.proof.runallproofs.proofcollection.ForkedTestFileRunner.main(ForkedTestFileRunner.java:171)
Caused by: java.lang.ExceptionInInitializerError
	at de.uka.ilkd.key.nparser.ParsingFacade.createParser(ParsingFacade.java:87)
	at de.uka.ilkd.key.nparser.ParsingFacade.parseFile(ParsingFacade.java:123)
	at de.uka.ilkd.key.proof.io.KeYFile.getParseContext(KeYFile.java:160)
	at de.uka.ilkd.key.proof.io.KeYFile.getProblemInformation(KeYFile.java:236)
	at de.uka.ilkd.key.proof.init.KeYUserProblemFile.readProfileFromFile(KeYUserProblemFile.java:236)
	at de.uka.ilkd.key.proof.init.KeYUserProblemFile.getProfile(KeYUserProblemFile.java:216)
	at de.uka.ilkd.key.proof.io.AbstractProblemLoader.createProblemInitializer(AbstractProblemLoader.java:508)
	at de.uka.ilkd.key.proof.io.AbstractProblemLoader.loadEnvironment(AbstractProblemLoader.java:288)
	at de.uka.ilkd.key.proof.io.AbstractProblemLoader.load(AbstractProblemLoader.java:253)
	at de.uka.ilkd.key.control.AbstractUserInterfaceControl.load(AbstractUserInterfaceControl.java:209)
	... 7 more
Caused by: java.lang.UnsupportedOperationException: java.io.InvalidClassException: org.antlr.v4.runtime.atn.ATN; Could not deserialize ATN with version 3 (expected 4).
	at org.antlr.v4.runtime.atn.ATNDeserializer.deserialize(ATNDeserializer.java:56)
	at org.antlr.v4.runtime.atn.ATNDeserializer.deserialize(ATNDeserializer.java:48)
	at de.uka.ilkd.key.nparser.KeYParser.<clinit>(KeYParser.java:11834)
	... 17 more
Caused by: java.io.InvalidClassException: org.antlr.v4.runtime.atn.ATN; Could not deserialize ATN with version 3 (expected 4).
	... 20 more
Could not initialize class de.uka.ilkd.key.nparser.KeYParser (file: /home/runner/work/key/key/key.core/../key.ui/examples/index/.././heap/observer/ExampleObserver_inv.key; caused by: java.lang.NoClassDefFoundError: Could not initialize class de.uka.ilkd.key.nparser.KeYParser)
	at de.uka.ilkd.key.control.AbstractUserInterfaceControl.load(AbstractUserInterfaceControl.java:221)
	at de.uka.ilkd.key.control.KeYEnvironment.load(KeYEnvironment.java:251)
	at de.uka.ilkd.key.control.KeYEnvironment.load(KeYEnvironment.java:224)
	at de.uka.ilkd.key.control.KeYEnvironment.load(KeYEnvironment.java:184)
	at de.uka.ilkd.key.control.KeYEnvironment.load(KeYEnvironment.java:261)
	at de.uka.ilkd.key.proof.runallproofs.proofcollection.TestFile.load(TestFile.java:270)
	at de.uka.ilkd.key.proof.runallproofs.proofcollection.TestFile.runKey(TestFile.java:160)
	at de.uka.ilkd.key.proof.runallproofs.proofcollection.ForkedTestFileRunner.main(ForkedTestFileRunner.java:171)
Caused by: java.lang.NoClassDefFoundError: Could not initialize class de.uka.ilkd.key.nparser.KeYParser
	at de.uka.ilkd.key.nparser.ParsingFacade.createParser(ParsingFacade.java:87)
	at de.uka.ilkd.key.nparser.ParsingFacade.parseFile(ParsingFacade.java:123)
	at de.uka.ilkd.key.proof.io.KeYFile.getParseContext(KeYFile.java:160)
	at de.uka.ilkd.key.proof.io.KeYFile.getProblemInformation(KeYFile.java:236)
	at de.uka.ilkd.key.proof.init.KeYUserProblemFile.readProfileFromFile(KeYUserProblemFile.java:236)
	at de.uka.ilkd.key.proof.init.KeYUserProblemFile.getProfile(KeYUserProblemFile.java:216)
	at de.uka.ilkd.key.proof.io.AbstractProblemLoader.createProblemInitializer(AbstractProblemLoader.java:508)
	at de.uka.ilkd.key.proof.io.AbstractProblemLoader.loadEnvironment(AbstractProblemLoader.java:288)
	at de.uka.ilkd.key.proof.io.AbstractProblemLoader.load(AbstractProblemLoader.java:253)
	at de.uka.ilkd.key.control.AbstractUserInterfaceControl.load(AbstractUserInterfaceControl.java:209)
	... 7 more
Could not initialize class de.uka.ilkd.key.nparser.KeYParser (file: /home/runner/work/key/key/key.core/../key.ui/examples/index/.././heap/observer/ExampleObserver_subject.key; caused by: java.lang.NoClassDefFoundError: Could not initialize class de.uka.ilkd.key.nparser.KeYParser)
	at de.uka.ilkd.key.control.AbstractUserInterfaceControl.load(AbstractUserInterfaceControl.java:221)
	at de.uka.ilkd.key.control.KeYEnvironment.load(KeYEnvironment.java:251)
	at de.uka.ilkd.key.control.KeYEnvironment.load(KeYEnvironment.java:224)
	at de.uka.ilkd.key.control.KeYEnvironment.load(KeYEnvironment.java:184)
	at de.uka.ilkd.key.control.KeYEnvironment.load(KeYEnvironment.java:261)
	at de.uka.ilkd.key.proof.runallproofs.proofcollection.TestFile.load(TestFile.java:270)
	at de.uka.ilkd.key.proof.runallproofs.proofcollection.TestFile.runKey(TestFile.java:160)
	at de.uka.ilkd.key.proof.runallproofs.proofcollection.ForkedTestFileRunner.main(ForkedTestFileRunner.java:171)
Caused by: java.lang.NoClassDefFoundError: Could not initialize class de.uka.ilkd.key.nparser.KeYParser
	at de.uka.ilkd.key.nparser.ParsingFacade.createParser(ParsingFacade.java:87)
	at de.uka.ilkd.key.nparser.ParsingFacade.parseFile(ParsingFacade.java:123)
	at de.uka.ilkd.key.proof.io.KeYFile.getParseContext(KeYFile.java:160)
	at de.uka.ilkd.key.proof.io.KeYFile.getProblemInformation(KeYFile.java:236)
	at de.uka.ilkd.key.proof.init.KeYUserProblemFile.readProfileFromFile(KeYUserProblemFile.java:236)
	at de.uka.ilkd.key.proof.init.KeYUserProblemFile.getProfile(KeYUserProblemFile.java:216)
	at de.uka.ilkd.key.proof.io.AbstractProblemLoader.createProblemInitializer(AbstractProblemLoader.java:508)
	at de.uka.ilkd.key.proof.io.AbstractProblemLoader.loadEnvironment(AbstractProblemLoader.java:288)
	at de.uka.ilkd.key.proof.io.AbstractProblemLoader.load(AbstractProblemLoader.java:253)
	at de.uka.ilkd.key.control.AbstractUserInterfaceControl.load(AbstractUserInterfaceControl.java:209)
	... 7 more
Could not initialize class de.uka.ilkd.key.nparser.KeYParser (file: /home/runner/work/key/key/key.core/../key.ui/examples/index/.././heap/observer/ExampleObserver_update.key; caused by: java.lang.NoClassDefFoundError: Could not initialize class de.uka.ilkd.key.nparser.KeYParser)
	at de.uka.ilkd.key.control.AbstractUserInterfaceControl.load(AbstractUserInterfaceControl.java:221)
	at de.uka.ilkd.key.control.KeYEnvironment.load(KeYEnvironment.java:251)
	at de.uka.ilkd.key.control.KeYEnvironment.load(KeYEnvironment.java:224)
	at de.uka.ilkd.key.control.KeYEnvironment.load(KeYEnvironment.java:184)
	at de.uka.ilkd.key.control.KeYEnvironment.load(KeYEnvironment.java:261)
	at de.uka.ilkd.key.proof.runallproofs.proofcollection.TestFile.load(TestFile.java:270)
	at de.uka.ilkd.key.proof.runallproofs.proofcollection.TestFile.runKey(TestFile.java:160)
	at de.uka.ilkd.key.proof.runallproofs.proofcollection.ForkedTestFileRunner.main(ForkedTestFileRunner.java:171)
Caused by: java.lang.NoClassDefFoundError: Could not initialize class de.uka.ilkd.key.nparser.KeYParser
	at de.uka.ilkd.key.nparser.ParsingFacade.createParser(ParsingFacade.java:87)
	at de.uka.ilkd.key.nparser.ParsingFacade.parseFile(ParsingFacade.java:123)
	at de.uka.ilkd.key.proof.io.KeYFile.getParseContext(KeYFile.java:160)
	at de.uka.ilkd.key.proof.io.KeYFile.getProblemInformation(KeYFile.java:236)
	at de.uka.ilkd.key.proof.init.KeYUserProblemFile.readProfileFromFile(KeYUserProblemFile.java:236)
	at de.uka.ilkd.key.proof.init.KeYUserProblemFile.getProfile(KeYUserProblemFile.java:216)
	at de.uka.ilkd.key.proof.io.AbstractProblemLoader.createProblemInitializer(AbstractProblemLoader.java:508)
	at de.uka.ilkd.key.proof.io.AbstractProblemLoader.loadEnvironment(AbstractProblemLoader.java:288)
	at de.uka.ilkd.key.proof.io.AbstractProblemLoader.load(AbstractProblemLoader.java:253)
	at de.uka.ilkd.key.control.AbstractUserInterfaceControl.load(AbstractUserInterfaceControl.java:209)
	... 7 more
Could not initialize class de.uka.ilkd.key.nparser.KeYParser (file: /home/runner/work/key/key/key.core/../key.ui/examples/index/.././heap/observer/ExampleObserver_upToDate.key; caused by: java.lang.NoClassDefFoundError: Could not initialize class de.uka.ilkd.key.nparser.KeYParser)
	at de.uka.ilkd.key.control.AbstractUserInterfaceControl.load(AbstractUserInterfaceControl.java:221)
	at de.uka.ilkd.key.control.KeYEnvironment.load(KeYEnvironment.java:251)
	at de.uka.ilkd.key.control.KeYEnvironment.load(KeYEnvironment.java:224)
	at de.uka.ilkd.key.control.KeYEnvironment.load(KeYEnvironment.java:184)
	at de.uka.ilkd.key.control.KeYEnvironment.load(KeYEnvironment.java:261)
	at de.uka.ilkd.key.proof.runallproofs.proofcollection.TestFile.load(TestFile.java:270)
	at de.uka.ilkd.key.proof.runallproofs.proofcollection.TestFile.runKey(TestFile.java:160)
	at de.uka.ilkd.key.proof.runallproofs.proofcollection.ForkedTestFileRunner.main(ForkedTestFileRunner.java:171)
Caused by: java.lang.NoClassDefFoundError: Could not initialize class de.uka.ilkd.key.nparser.KeYParser
	at de.uka.ilkd.key.nparser.ParsingFacade.createParser(ParsingFacade.java:87)
	at de.uka.ilkd.key.nparser.ParsingFacade.parseFile(ParsingFacade.java:123)
	at de.uka.ilkd.key.proof.io.KeYFile.getParseContext(KeYFile.java:160)
	at de.uka.ilkd.key.proof.io.KeYFile.getProblemInformation(KeYFile.java:236)
	at de.uka.ilkd.key.proof.init.KeYUserProblemFile.readProfileFromFile(KeYUserProblemFile.java:236)
	at de.uka.ilkd.key.proof.init.KeYUserProblemFile.getProfile(KeYUserProblemFile.java:216)
	at de.uka.ilkd.key.proof.io.AbstractProblemLoader.createProblemInitializer(AbstractProblemLoader.java:508)
	at de.uka.ilkd.key.proof.io.AbstractProblemLoader.loadEnvironment(AbstractProblemLoader.java:288)
	at de.uka.ilkd.key.proof.io.AbstractProblemLoader.load(AbstractProblemLoader.java:253)
	at de.uka.ilkd.key.control.AbstractUserInterfaceControl.load(AbstractUserInterfaceControl.java:209)
	... 7 more
Could not initialize class de.uka.ilkd.key.nparser.KeYParser (file: /home/runner/work/key/key/key.core/../key.ui/examples/index/.././heap/observer/ExampleObserver_value.key; caused by: java.lang.NoClassDefFoundError: Could not initialize class de.uka.ilkd.key.nparser.KeYParser)
	at de.uka.ilkd.key.control.AbstractUserInterfaceControl.load(AbstractUserInterfaceControl.java:221)
	at de.uka.ilkd.key.control.KeYEnvironment.load(KeYEnvironment.java:251)
	at de.uka.ilkd.key.control.KeYEnvironment.load(KeYEnvironment.java:224)
	at de.uka.ilkd.key.control.KeYEnvironment.load(KeYEnvironment.java:184)
	at de.uka.ilkd.key.control.KeYEnvironment.load(KeYEnvironment.java:261)
	at de.uka.ilkd.key.proof.runallproofs.proofcollection.TestFile.load(TestFile.java:270)
	at de.uka.ilkd.key.proof.runallproofs.proofcollection.TestFile.runKey(TestFile.java:160)
	at de.uka.ilkd.key.proof.runallproofs.proofcollection.ForkedTestFileRunner.main(ForkedTestFileRunner.java:171)
Caused by: java.lang.NoClassDefFoundError: Could not initialize class de.uka.ilkd.key.nparser.KeYParser
	at de.uka.ilkd.key.nparser.ParsingFacade.createParser(ParsingFacade.java:87)
	at de.uka.ilkd.key.nparser.ParsingFacade.parseFile(ParsingFacade.java:123)
	at de.uka.ilkd.key.proof.io.KeYFile.getParseContext(KeYFile.java:160)
	at de.uka.ilkd.key.proof.io.KeYFile.getProblemInformation(KeYFile.java:236)
	at de.uka.ilkd.key.proof.init.KeYUserProblemFile.readProfileFromFile(KeYUserProblemFile.java:236)
	at de.uka.ilkd.key.proof.init.KeYUserProblemFile.getProfile(KeYUserProblemFile.java:216)
	at de.uka.ilkd.key.proof.io.AbstractProblemLoader.createProblemInitializer(AbstractProblemLoader.java:508)
	at de.uka.ilkd.key.proof.io.AbstractProblemLoader.loadEnvironment(AbstractProblemLoader.java:288)
	at de.uka.ilkd.key.proof.io.AbstractProblemLoader.load(AbstractProblemLoader.java:253)
	at de.uka.ilkd.key.control.AbstractUserInterfaceControl.load(AbstractUserInterfaceControl.java:209)
	... 7 more
Could not initialize class de.uka.ilkd.key.nparser.KeYParser (file: /home/runner/work/key/key/key.core/../key.ui/examples/index/.././heap/observer/ExampleSubject_addObserver.key; caused by: java.lang.NoClassDefFoundError: Could not initialize class de.uka.ilkd.key.nparser.KeYParser)
	at de.uka.ilkd.key.control.AbstractUserInterfaceControl.load(AbstractUserInterfaceControl.java:221)
	at de.uka.ilkd.key.control.KeYEnvironment.load(KeYEnvironment.java:251)
	at de.uka.ilkd.key.control.KeYEnvironment.load(KeYEnvironment.java:224)
	at de.uka.ilkd.key.control.KeYEnvironment.load(KeYEnvironment.java:184)
	at de.uka.ilkd.key.control.KeYEnvironment.load(KeYEnvironment.java:261)
	at de.uka.ilkd.key.proof.runallproofs.proofcollection.TestFile.load(TestFile.java:270)
	at de.uka.ilkd.key.proof.runallproofs.proofcollection.TestFile.runKey(TestFile.java:160)
	at de.uka.ilkd.key.proof.runallproofs.proofcollection.ForkedTestFileRunner.main(ForkedTestFileRunner.java:171)
Caused by: java.lang.NoClassDefFoundError: Could not initialize class de.uka.ilkd.key.nparser.KeYParser
	at de.uka.ilkd.key.nparser.ParsingFacade.createParser(ParsingFacade.java:87)
	at de.uka.ilkd.key.nparser.ParsingFacade.parseFile(ParsingFacade.java:123)
	at de.uka.ilkd.key.proof.io.KeYFile.getParseContext(KeYFile.java:160)
	at de.uka.ilkd.key.proof.io.KeYFile.getProblemInformation(KeYFile.java:236)
	at de.uka.ilkd.key.proof.init.KeYUserProblemFile.readProfileFromFile(KeYUserProblemFile.java:236)
	at de.uka.ilkd.key.proof.init.KeYUserProblemFile.getProfile(KeYUserProblemFile.java:216)
	at de.uka.ilkd.key.proof.io.AbstractProblemLoader.createProblemInitializer(AbstractProblemLoader.java:508)
	at de.uka.ilkd.key.proof.io.AbstractProblemLoader.loadEnvironment(AbstractProblemLoader.java:288)
	at de.uka.ilkd.key.proof.io.AbstractProblemLoader.load(AbstractProblemLoader.java:253)
	at de.uka.ilkd.key.control.AbstractUserInterfaceControl.load(AbstractUserInterfaceControl.java:209)
	... 7 more
Could not initialize class de.uka.ilkd.key.nparser.KeYParser (file: /home/runner/work/key/key/key.core/../key.ui/examples/index/.././heap/observer/ExampleSubject_change.key; caused by: java.lang.NoClassDefFoundError: Could not initialize class de.uka.ilkd.key.nparser.KeYParser)
	at de.uka.ilkd.key.control.AbstractUserInterfaceControl.load(AbstractUserInterfaceControl.java:221)
	at de.uka.ilkd.key.control.KeYEnvironment.load(KeYEnvironment.java:251)
	at de.uka.ilkd.key.control.KeYEnvironment.load(KeYEnvironment.java:224)
	at de.uka.ilkd.key.control.KeYEnvironment.load(KeYEnvironment.java:184)
	at de.uka.ilkd.key.control.KeYEnvironment.load(KeYEnvironment.java:261)
	at de.uka.ilkd.key.proof.runallproofs.proofcollection.TestFile.load(TestFile.java:270)
	at de.uka.ilkd.key.proof.runallproofs.proofcollection.TestFile.runKey(TestFile.java:160)
	at de.uka.ilkd.key.proof.runallproofs.proofcollection.ForkedTestFileRunner.main(ForkedTestFileRunner.java:171)
Caused by: java.lang.NoClassDefFoundError: Could not initialize class de.uka.ilkd.key.nparser.KeYParser
	at de.uka.ilkd.key.nparser.ParsingFacade.createParser(ParsingFacade.java:87)
	at de.uka.ilkd.key.nparser.ParsingFacade.parseFile(ParsingFacade.java:123)
	at de.uka.ilkd.key.proof.io.KeYFile.getParseContext(KeYFile.java:160)
	at de.uka.ilkd.key.proof.io.KeYFile.getProblemInformation(KeYFile.java:236)
	at de.uka.ilkd.key.proof.init.KeYUserProblemFile.readProfileFromFile(KeYUserProblemFile.java:236)
	at de.uka.ilkd.key.proof.init.KeYUserProblemFile.getProfile(KeYUserProblemFile.java:216)
	at de.uka.ilkd.key.proof.io.AbstractProblemLoader.createProblemInitializer(AbstractProblemLoader.java:508)
	at de.uka.ilkd.key.proof.io.AbstractProblemLoader.loadEnvironment(AbstractProblemLoader.java:288)
	at de.uka.ilkd.key.proof.io.AbstractProblemLoader.load(AbstractProblemLoader.java:253)
	at de.uka.ilkd.key.control.AbstractUserInterfaceControl.load(AbstractUserInterfaceControl.java:209)
	... 7 more
Could not initialize class de.uka.ilkd.key.nparser.KeYParser (file: /home/runner/work/key/key/key.core/../key.ui/examples/index/.././heap/observer/ExampleSubject_ExampleSubject.key; caused by: java.lang.NoClassDefFoundError: Could not initialize class de.uka.ilkd.key.nparser.KeYParser)
	at de.uka.ilkd.key.control.AbstractUserInterfaceControl.load(AbstractUserInterfaceControl.java:221)
	at de.uka.ilkd.key.control.KeYEnvironment.load(KeYEnvironment.java:251)
	at de.uka.ilkd.key.control.KeYEnvironment.load(KeYEnvironment.java:224)
	at de.uka.ilkd.key.control.KeYEnvironment.load(KeYEnvironment.java:184)
	at de.uka.ilkd.key.control.KeYEnvironment.load(KeYEnvironment.java:261)
	at de.uka.ilkd.key.proof.runallproofs.proofcollection.TestFile.load(TestFile.java:270)
	at de.uka.ilkd.key.proof.runallproofs.proofcollection.TestFile.runKey(TestFile.java:160)
	at de.uka.ilkd.key.proof.runallproofs.proofcollection.ForkedTestFileRunner.main(ForkedTestFileRunner.java:171)
Caused by: java.lang.NoClassDefFoundError: Could not initialize class de.uka.ilkd.key.nparser.KeYParser
	at de.uka.ilkd.key.nparser.ParsingFacade.createParser(ParsingFacade.java:87)
	at de.uka.ilkd.key.nparser.ParsingFacade.parseFile(ParsingFacade.java:123)
	at de.uka.ilkd.key.proof.io.KeYFile.getParseContext(KeYFile.java:160)
	at de.uka.ilkd.key.proof.io.KeYFile.getProblemInformation(KeYFile.java:236)
	at de.uka.ilkd.key.proof.init.KeYUserProblemFile.readProfileFromFile(KeYUserProblemFile.java:236)
	at de.uka.ilkd.key.proof.init.KeYUserProblemFile.getProfile(KeYUserProblemFile.java:216)
	at de.uka.ilkd.key.proof.io.AbstractProblemLoader.createProblemInitializer(AbstractProblemLoader.java:508)
	at de.uka.ilkd.key.proof.io.AbstractProblemLoader.loadEnvironment(AbstractProblemLoader.java:288)
	at de.uka.ilkd.key.proof.io.AbstractProblemLoader.load(AbstractProblemLoader.java:253)
	at de.uka.ilkd.key.control.AbstractUserInterfaceControl.load(AbstractUserInterfaceControl.java:209)
	... 7 more
Could not initialize class de.uka.ilkd.key.nparser.KeYParser (file: /home/runner/work/key/key/key.core/../key.ui/examples/index/.././heap/observer/ExampleSubject_footprint.key; caused by: java.lang.NoClassDefFoundError: Could not initialize class de.uka.ilkd.key.nparser.KeYParser)
	at de.uka.ilkd.key.control.AbstractUserInterfaceControl.load(AbstractUserInterfaceControl.java:221)
	at de.uka.ilkd.key.control.KeYEnvironment.load(KeYEnvironment.java:251)
	at de.uka.ilkd.key.control.KeYEnvironment.load(KeYEnvironment.java:224)
	at de.uka.ilkd.key.control.KeYEnvironment.load(KeYEnvironment.java:184)
	at de.uka.ilkd.key.control.KeYEnvironment.load(KeYEnvironment.java:261)
	at de.uka.ilkd.key.proof.runallproofs.proofcollection.TestFile.load(TestFile.java:270)
	at de.uka.ilkd.key.proof.runallproofs.proofcollection.TestFile.runKey(TestFile.java:160)
	at de.uka.ilkd.key.proof.runallproofs.proofcollection.ForkedTestFileRunner.main(ForkedTestFileRunner.java:171)
Caused by: java.lang.NoClassDefFoundError: Could not initialize class de.uka.ilkd.key.nparser.KeYParser
	at de.uka.ilkd.key.nparser.ParsingFacade.createParser(ParsingFacade.java:87)
	at de.uka.ilkd.key.nparser.ParsingFacade.parseFile(ParsingFacade.java:123)
	at de.uka.ilkd.key.proof.io.KeYFile.getParseContext(KeYFile.java:160)
	at de.uka.ilkd.key.proof.io.KeYFile.getProblemInformation(KeYFile.java:236)
	at de.uka.ilkd.key.proof.init.KeYUserProblemFile.readProfileFromFile(KeYUserProblemFile.java:236)
	at de.uka.ilkd.key.proof.init.KeYUserProblemFile.getProfile(KeYUserProblemFile.java:216)
	at de.uka.ilkd.key.proof.io.AbstractProblemLoader.createProblemInitializer(AbstractProblemLoader.java:508)
	at de.uka.ilkd.key.proof.io.AbstractProblemLoader.loadEnvironment(AbstractProblemLoader.java:288)
	at de.uka.ilkd.key.proof.io.AbstractProblemLoader.load(AbstractProblemLoader.java:253)
	at de.uka.ilkd.key.control.AbstractUserInterfaceControl.load(AbstractUserInterfaceControl.java:209)
	... 7 more
Could not initialize class de.uka.ilkd.key.nparser.KeYParser (file: /home/runner/work/key/key/key.core/../key.ui/examples/index/.././heap/observer/ExampleSubject_inv.key; caused by: java.lang.NoClassDefFoundError: Could not initialize class de.uka.ilkd.key.nparser.KeYParser)
	at de.uka.ilkd.key.control.AbstractUserInterfaceControl.load(AbstractUserInterfaceControl.java:221)
	at de.uka.ilkd.key.control.KeYEnvironment.load(KeYEnvironment.java:251)
	at de.uka.ilkd.key.control.KeYEnvironment.load(KeYEnvironment.java:224)
	at de.uka.ilkd.key.control.KeYEnvironment.load(KeYEnvironment.java:184)
	at de.uka.ilkd.key.control.KeYEnvironment.load(KeYEnvironment.java:261)
	at de.uka.ilkd.key.proof.runallproofs.proofcollection.TestFile.load(TestFile.java:270)
	at de.uka.ilkd.key.proof.runallproofs.proofcollection.TestFile.runKey(TestFile.java:160)
	at de.uka.ilkd.key.proof.runallproofs.proofcollection.ForkedTestFileRunner.main(ForkedTestFileRunner.java:171)
Caused by: java.lang.NoClassDefFoundError: Could not initialize class de.uka.ilkd.key.nparser.KeYParser
	at de.uka.ilkd.key.nparser.ParsingFacade.createParser(ParsingFacade.java:87)
	at de.uka.ilkd.key.nparser.ParsingFacade.parseFile(ParsingFacade.java:123)
	at de.uka.ilkd.key.proof.io.KeYFile.getParseContext(KeYFile.java:160)
	at de.uka.ilkd.key.proof.io.KeYFile.getProblemInformation(KeYFile.java:236)
	at de.uka.ilkd.key.proof.init.KeYUserProblemFile.readProfileFromFile(KeYUserProblemFile.java:236)
	at de.uka.ilkd.key.proof.init.KeYUserProblemFile.getProfile(KeYUserProblemFile.java:216)
	at de.uka.ilkd.key.proof.io.AbstractProblemLoader.createProblemInitializer(AbstractProblemLoader.java:508)
	at de.uka.ilkd.key.proof.io.AbstractProblemLoader.loadEnvironment(AbstractProblemLoader.java:288)
	at de.uka.ilkd.key.proof.io.AbstractProblemLoader.load(AbstractProblemLoader.java:253)
	at de.uka.ilkd.key.control.AbstractUserInterfaceControl.load(AbstractUserInterfaceControl.java:209)
	... 7 more
Could not initialize class de.uka.ilkd.key.nparser.KeYParser (file: /home/runner/work/key/key/key.core/../key.ui/examples/index/.././heap/observer/ExampleSubject_notifyObservers.key; caused by: java.lang.NoClassDefFoundError: Could not initialize class de.uka.ilkd.key.nparser.KeYParser)
	at de.uka.ilkd.key.control.AbstractUserInterfaceControl.load(AbstractUserInterfaceControl.java:221)
	at de.uka.ilkd.key.control.KeYEnvironment.load(KeYEnvironment.java:251)
	at de.uka.ilkd.key.control.KeYEnvironment.load(KeYEnvironment.java:224)
	at de.uka.ilkd.key.control.KeYEnvironment.load(KeYEnvironment.java:184)
	at de.uka.ilkd.key.control.KeYEnvironment.load(KeYEnvironment.java:261)
	at de.uka.ilkd.key.proof.runallproofs.proofcollection.TestFile.load(TestFile.java:270)
	at de.uka.ilkd.key.proof.runallproofs.proofcollection.TestFile.runKey(TestFile.java:160)
	at de.uka.ilkd.key.proof.runallproofs.proofcollection.ForkedTestFileRunner.main(ForkedTestFileRunner.java:171)
Caused by: java.lang.NoClassDefFoundError: Could not initialize class de.uka.ilkd.key.nparser.KeYParser
	at de.uka.ilkd.key.nparser.ParsingFacade.createParser(ParsingFacade.java:87)
	at de.uka.ilkd.key.nparser.ParsingFacade.parseFile(ParsingFacade.java:123)
	at de.uka.ilkd.key.proof.io.KeYFile.getParseContext(KeYFile.java:160)
	at de.uka.ilkd.key.proof.io.KeYFile.getProblemInformation(KeYFile.java:236)
	at de.uka.ilkd.key.proof.init.KeYUserProblemFile.readProfileFromFile(KeYUserProblemFile.java:236)
	at de.uka.ilkd.key.proof.init.KeYUserProblemFile.getProfile(KeYUserProblemFile.java:216)
	at de.uka.ilkd.key.proof.io.AbstractProblemLoader.createProblemInitializer(AbstractProblemLoader.java:508)
	at de.uka.ilkd.key.proof.io.AbstractProblemLoader.loadEnvironment(AbstractProblemLoader.java:288)
	at de.uka.ilkd.key.proof.io.AbstractProblemLoader.load(AbstractProblemLoader.java:253)
	at de.uka.ilkd.key.control.AbstractUserInterfaceControl.load(AbstractUserInterfaceControl.java:209)
	... 7 more
Could not initialize class de.uka.ilkd.key.nparser.KeYParser (file: /home/runner/work/key/key/key.core/../key.ui/examples/index/.././heap/observer/ExampleSubject_value_dep.key; caused by: java.lang.NoClassDefFoundError: Could not initialize class de.uka.ilkd.key.nparser.KeYParser)
	at de.uka.ilkd.key.control.AbstractUserInterfaceControl.load(AbstractUserInterfaceControl.java:221)
	at de.uka.ilkd.key.control.KeYEnvironment.load(KeYEnvironment.java:251)
	at de.uka.ilkd.key.control.KeYEnvironment.load(KeYEnvironment.java:224)
	at de.uka.ilkd.key.control.KeYEnvironment.load(KeYEnvironment.java:184)
	at de.uka.ilkd.key.control.KeYEnvironment.load(KeYEnvironment.java:261)
	at de.uka.ilkd.key.proof.runallproofs.proofcollection.TestFile.load(TestFile.java:270)
	at de.uka.ilkd.key.proof.runallproofs.proofcollection.TestFile.runKey(TestFile.java:160)
	at de.uka.ilkd.key.proof.runallproofs.proofcollection.ForkedTestFileRunner.main(ForkedTestFileRunner.java:171)
Caused by: java.lang.NoClassDefFoundError: Could not initialize class de.uka.ilkd.key.nparser.KeYParser
	at de.uka.ilkd.key.nparser.ParsingFacade.createParser(ParsingFacade.java:87)
	at de.uka.ilkd.key.nparser.ParsingFacade.parseFile(ParsingFacade.java:123)
	at de.uka.ilkd.key.proof.io.KeYFile.getParseContext(KeYFile.java:160)
	at de.uka.ilkd.key.proof.io.KeYFile.getProblemInformation(KeYFile.java:236)
	at de.uka.ilkd.key.proof.init.KeYUserProblemFile.readProfileFromFile(KeYUserProblemFile.java:236)
	at de.uka.ilkd.key.proof.init.KeYUserProblemFile.getProfile(KeYUserProblemFile.java:216)
	at de.uka.ilkd.key.proof.io.AbstractProblemLoader.createProblemInitializer(AbstractProblemLoader.java:508)
	at de.uka.ilkd.key.proof.io.AbstractProblemLoader.loadEnvironment(AbstractProblemLoader.java:288)
	at de.uka.ilkd.key.proof.io.AbstractProblemLoader.load(AbstractProblemLoader.java:253)
	at de.uka.ilkd.key.control.AbstractUserInterfaceControl.load(AbstractUserInterfaceControl.java:209)
	... 7 more
Could not initialize class de.uka.ilkd.key.nparser.KeYParser (file: /home/runner/work/key/key/key.core/../key.ui/examples/index/.././heap/observer/ExampleSubject_value.key; caused by: java.lang.NoClassDefFoundError: Could not initialize class de.uka.ilkd.key.nparser.KeYParser)
	at de.uka.ilkd.key.control.AbstractUserInterfaceControl.load(AbstractUserInterfaceControl.java:221)
	at de.uka.ilkd.key.control.KeYEnvironment.load(KeYEnvironment.java:251)
	at de.uka.ilkd.key.control.KeYEnvironment.load(KeYEnvironment.java:224)
	at de.uka.ilkd.key.control.KeYEnvironment.load(KeYEnvironment.java:184)
	at de.uka.ilkd.key.control.KeYEnvironment.load(KeYEnvironment.java:261)
	at de.uka.ilkd.key.proof.runallproofs.proofcollection.TestFile.load(TestFile.java:270)
	at de.uka.ilkd.key.proof.runallproofs.proofcollection.TestFile.runKey(TestFile.java:160)
	at de.uka.ilkd.key.proof.runallproofs.proofcollection.ForkedTestFileRunner.main(ForkedTestFileRunner.java:171)
Caused by: java.lang.NoClassDefFoundError: Could not initialize class de.uka.ilkd.key.nparser.KeYParser
	at de.uka.ilkd.key.nparser.ParsingFacade.createParser(ParsingFacade.java:87)
	at de.uka.ilkd.key.nparser.ParsingFacade.parseFile(ParsingFacade.java:123)
	at de.uka.ilkd.key.proof.io.KeYFile.getParseContext(KeYFile.java:160)
	at de.uka.ilkd.key.proof.io.KeYFile.getProblemInformation(KeYFile.java:236)
	at de.uka.ilkd.key.proof.init.KeYUserProblemFile.readProfileFromFile(KeYUserProblemFile.java:236)
	at de.uka.ilkd.key.proof.init.KeYUserProblemFile.getProfile(KeYUserProblemFile.java:216)
	at de.uka.ilkd.key.proof.io.AbstractProblemLoader.createProblemInitializer(AbstractProblemLoader.java:508)
	at de.uka.ilkd.key.proof.io.AbstractProblemLoader.loadEnvironment(AbstractProblemLoader.java:288)
	at de.uka.ilkd.key.proof.io.AbstractProblemLoader.load(AbstractProblemLoader.java:253)
	at de.uka.ilkd.key.control.AbstractUserInterfaceControl.load(AbstractUserInterfaceControl.java:209)
	... 7 more
Exception in thread "main" org.opentest4j.AssertionFailedError: Exception during the execution of proofs. See log for more details.
	at org.junit.jupiter.api.AssertionUtils.fail(AssertionUtils.java:38)
	at org.junit.jupiter.api.Assertions.fail(Assertions.java:135)
	at de.uka.ilkd.key.proof.runallproofs.proofcollection.ForkedTestFileRunner.main(ForkedTestFileRunner.java:192)
Timeout watcher launched (2000 secs.)
ANTLR Tool version 4.9.3 used for code generation does not match the current runtime version 4.12.0
 (file: /home/runner/work/key/key/key.core/../key.ui/examples/index/.././heap/removeDups/arrayPart.key; caused by: java.lang.ExceptionInInitializerError)
	at de.uka.ilkd.key.control.AbstractUserInterfaceControl.load(AbstractUserInterfaceControl.java:221)
	at de.uka.ilkd.key.control.KeYEnvironment.load(KeYEnvironment.java:251)
	at de.uka.ilkd.key.control.KeYEnvironment.load(KeYEnvironment.java:224)
	at de.uka.ilkd.key.control.KeYEnvironment.load(KeYEnvironment.java:184)
	at de.uka.ilkd.key.control.KeYEnvironment.load(KeYEnvironment.java:261)
	at de.uka.ilkd.key.proof.runallproofs.proofcollection.TestFile.load(TestFile.java:270)
	at de.uka.ilkd.key.proof.runallproofs.proofcollection.TestFile.runKey(TestFile.java:160)
	at de.uka.ilkd.key.proof.runallproofs.proofcollection.ForkedTestFileRunner.main(ForkedTestFileRunner.java:171)
Caused by: java.lang.ExceptionInInitializerError
	at de.uka.ilkd.key.nparser.ParsingFacade.createParser(ParsingFacade.java:87)
	at de.uka.ilkd.key.nparser.ParsingFacade.parseFile(ParsingFacade.java:123)
	at de.uka.ilkd.key.proof.io.KeYFile.getParseContext(KeYFile.java:160)
	at de.uka.ilkd.key.proof.io.KeYFile.getProblemInformation(KeYFile.java:236)
	at de.uka.ilkd.key.proof.init.KeYUserProblemFile.readProfileFromFile(KeYUserProblemFile.java:236)
	at de.uka.ilkd.key.proof.init.KeYUserProblemFile.getProfile(KeYUserProblemFile.java:216)
	at de.uka.ilkd.key.proof.io.AbstractProblemLoader.createProblemInitializer(AbstractProblemLoader.java:508)
	at de.uka.ilkd.key.proof.io.AbstractProblemLoader.loadEnvironment(AbstractProblemLoader.java:288)
	at de.uka.ilkd.key.proof.io.AbstractProblemLoader.load(AbstractProblemLoader.java:253)
	at de.uka.ilkd.key.control.AbstractUserInterfaceControl.load(AbstractUserInterfaceControl.java:209)
	... 7 more
Caused by: java.lang.UnsupportedOperationException: java.io.InvalidClassException: org.antlr.v4.runtime.atn.ATN; Could not deserialize ATN with version 3 (expected 4).
	at org.antlr.v4.runtime.atn.ATNDeserializer.deserialize(ATNDeserializer.java:56)
	at org.antlr.v4.runtime.atn.ATNDeserializer.deserialize(ATNDeserializer.java:48)
	at de.uka.ilkd.key.nparser.KeYParser.<clinit>(KeYParser.java:11834)
	... 17 more
Caused by: java.io.InvalidClassException: org.antlr.v4.runtime.atn.ATN; Could not deserialize ATN with version 3 (expected 4).
	... 20 more
Could not initialize class de.uka.ilkd.key.nparser.KeYParser (file: /home/runner/work/key/key/key.core/../key.ui/examples/index/.././heap/removeDups/contains.key; caused by: java.lang.NoClassDefFoundError: Could not initialize class de.uka.ilkd.key.nparser.KeYParser)
	at de.uka.ilkd.key.control.AbstractUserInterfaceControl.load(AbstractUserInterfaceControl.java:221)
	at de.uka.ilkd.key.control.KeYEnvironment.load(KeYEnvironment.java:251)
	at de.uka.ilkd.key.control.KeYEnvironment.load(KeYEnvironment.java:224)
	at de.uka.ilkd.key.control.KeYEnvironment.load(KeYEnvironment.java:184)
	at de.uka.ilkd.key.control.KeYEnvironment.load(KeYEnvironment.java:261)
	at de.uka.ilkd.key.proof.runallproofs.proofcollection.TestFile.load(TestFile.java:270)
	at de.uka.ilkd.key.proof.runallproofs.proofcollection.TestFile.runKey(TestFile.java:160)
	at de.uka.ilkd.key.proof.runallproofs.proofcollection.ForkedTestFileRunner.main(ForkedTestFileRunner.java:171)
Caused by: java.lang.NoClassDefFoundError: Could not initialize class de.uka.ilkd.key.nparser.KeYParser
	at de.uka.ilkd.key.nparser.ParsingFacade.createParser(ParsingFacade.java:87)
	at de.uka.ilkd.key.nparser.ParsingFacade.parseFile(ParsingFacade.java:123)
	at de.uka.ilkd.key.proof.io.KeYFile.getParseContext(KeYFile.java:160)
	at de.uka.ilkd.key.proof.io.KeYFile.getProblemInformation(KeYFile.java:236)
	at de.uka.ilkd.key.proof.init.KeYUserProblemFile.readProfileFromFile(KeYUserProblemFile.java:236)
	at de.uka.ilkd.key.proof.init.KeYUserProblemFile.getProfile(KeYUserProblemFile.java:216)
	at de.uka.ilkd.key.proof.io.AbstractProblemLoader.createProblemInitializer(AbstractProblemLoader.java:508)
	at de.uka.ilkd.key.proof.io.AbstractProblemLoader.loadEnvironment(AbstractProblemLoader.java:288)
	at de.uka.ilkd.key.proof.io.AbstractProblemLoader.load(AbstractProblemLoader.java:253)
	at de.uka.ilkd.key.control.AbstractUserInterfaceControl.load(AbstractUserInterfaceControl.java:209)
	... 7 more
Could not initialize class de.uka.ilkd.key.nparser.KeYParser (file: /home/runner/work/key/key/key.core/../key.ui/examples/index/.././heap/removeDups/removeDup.key; caused by: java.lang.NoClassDefFoundError: Could not initialize class de.uka.ilkd.key.nparser.KeYParser)
	at de.uka.ilkd.key.control.AbstractUserInterfaceControl.load(AbstractUserInterfaceControl.java:221)
	at de.uka.ilkd.key.control.KeYEnvironment.load(KeYEnvironment.java:251)
	at de.uka.ilkd.key.control.KeYEnvironment.load(KeYEnvironment.java:224)
	at de.uka.ilkd.key.control.KeYEnvironment.load(KeYEnvironment.java:184)
	at de.uka.ilkd.key.control.KeYEnvironment.load(KeYEnvironment.java:261)
	at de.uka.ilkd.key.proof.runallproofs.proofcollection.TestFile.load(TestFile.java:270)
	at de.uka.ilkd.key.proof.runallproofs.proofcollection.TestFile.runKey(TestFile.java:160)
	at de.uka.ilkd.key.proof.runallproofs.proofcollection.ForkedTestFileRunner.main(ForkedTestFileRunner.java:171)
Caused by: java.lang.NoClassDefFoundError: Could not initialize class de.uka.ilkd.key.nparser.KeYParser
	at de.uka.ilkd.key.nparser.ParsingFacade.createParser(ParsingFacade.java:87)
	at de.uka.ilkd.key.nparser.ParsingFacade.parseFile(ParsingFacade.java:123)
	at de.uka.ilkd.key.proof.io.KeYFile.getParseContext(KeYFile.java:160)
	at de.uka.ilkd.key.proof.io.KeYFile.getProblemInformation(KeYFile.java:236)
	at de.uka.ilkd.key.proof.init.KeYUserProblemFile.readProfileFromFile(KeYUserProblemFile.java:236)
	at de.uka.ilkd.key.proof.init.KeYUserProblemFile.getProfile(KeYUserProblemFile.java:216)
	at de.uka.ilkd.key.proof.io.AbstractProblemLoader.createProblemInitializer(AbstractProblemLoader.java:508)
	at de.uka.ilkd.key.proof.io.AbstractProblemLoader.loadEnvironment(AbstractProblemLoader.java:288)
	at de.uka.ilkd.key.proof.io.AbstractProblemLoader.load(AbstractProblemLoader.java:253)
	at de.uka.ilkd.key.control.AbstractUserInterfaceControl.load(AbstractUserInterfaceControl.java:209)
	... 7 more
Exception in thread "main" org.opentest4j.AssertionFailedError: Exception during the execution of proofs. See log for more details.
	at org.junit.jupiter.api.AssertionUtils.fail(AssertionUtils.java:38)
	at org.junit.jupiter.api.Assertions.fail(Assertions.java:135)
	at de.uka.ilkd.key.proof.runallproofs.proofcollection.ForkedTestFileRunner.main(ForkedTestFileRunner.java:192)
Timeout watcher launched (2000 secs.)
ANTLR Tool version 4.9.3 used for code generation does not match the current runtime version 4.12.0
 (file: /home/runner/work/key/key/key.core/../key.ui/examples/index/.././heap/saddleback_search/Saddleback_search.key; caused by: java.lang.ExceptionInInitializerError)
	at de.uka.ilkd.key.control.AbstractUserInterfaceControl.load(AbstractUserInterfaceControl.java:221)
	at de.uka.ilkd.key.control.KeYEnvironment.load(KeYEnvironment.java:251)
	at de.uka.ilkd.key.control.KeYEnvironment.load(KeYEnvironment.java:224)
	at de.uka.ilkd.key.control.KeYEnvironment.load(KeYEnvironment.java:184)
	at de.uka.ilkd.key.control.KeYEnvironment.load(KeYEnvironment.java:261)
	at de.uka.ilkd.key.proof.runallproofs.proofcollection.TestFile.load(TestFile.java:270)
	at de.uka.ilkd.key.proof.runallproofs.proofcollection.TestFile.runKey(TestFile.java:160)
	at de.uka.ilkd.key.proof.runallproofs.proofcollection.ForkedTestFileRunner.main(ForkedTestFileRunner.java:171)
Caused by: java.lang.ExceptionInInitializerError
	at de.uka.ilkd.key.nparser.ParsingFacade.createParser(ParsingFacade.java:87)
	at de.uka.ilkd.key.nparser.ParsingFacade.parseFile(ParsingFacade.java:123)
	at de.uka.ilkd.key.proof.io.KeYFile.getParseContext(KeYFile.java:160)
	at de.uka.ilkd.key.proof.io.KeYFile.getProblemInformation(KeYFile.java:236)
	at de.uka.ilkd.key.proof.init.KeYUserProblemFile.readProfileFromFile(KeYUserProblemFile.java:236)
	at de.uka.ilkd.key.proof.init.KeYUserProblemFile.getProfile(KeYUserProblemFile.java:216)
	at de.uka.ilkd.key.proof.io.AbstractProblemLoader.createProblemInitializer(AbstractProblemLoader.java:508)
	at de.uka.ilkd.key.proof.io.AbstractProblemLoader.loadEnvironment(AbstractProblemLoader.java:288)
	at de.uka.ilkd.key.proof.io.AbstractProblemLoader.load(AbstractProblemLoader.java:253)
	at de.uka.ilkd.key.control.AbstractUserInterfaceControl.load(AbstractUserInterfaceControl.java:209)
	... 7 more
Caused by: java.lang.UnsupportedOperationException: java.io.InvalidClassException: org.antlr.v4.runtime.atn.ATN; Could not deserialize ATN with version 3 (expected 4).
	at org.antlr.v4.runtime.atn.ATNDeserializer.deserialize(ATNDeserializer.java:56)
	at org.antlr.v4.runtime.atn.ATNDeserializer.deserialize(ATNDeserializer.java:48)
	at de.uka.ilkd.key.nparser.KeYParser.<clinit>(KeYParser.java:11834)
	... 17 more
Caused by: java.io.InvalidClassException: org.antlr.v4.runtime.atn.ATN; Could not deserialize ATN with version 3 (expected 4).
	... 20 more
Exception in thread "main" org.opentest4j.AssertionFailedError: Exception during the execution of proofs. See log for more details.
	at org.junit.jupiter.api.AssertionUtils.fail(AssertionUtils.java:38)
	at org.junit.jupiter.api.Assertions.fail(Assertions.java:135)
	at de.uka.ilkd.key.proof.runallproofs.proofcollection.ForkedTestFileRunner.main(ForkedTestFileRunner.java:192)
Timeout watcher launched (2000 secs.)
ANTLR Tool version 4.9.3 used for code generation does not match the current runtime version 4.12.0
 (file: /home/runner/work/key/key/key.core/../key.ui/examples/index/.././heap/quicksort/toplevel.key; caused by: java.lang.ExceptionInInitializerError)
	at de.uka.ilkd.key.control.AbstractUserInterfaceControl.load(AbstractUserInterfaceControl.java:221)
	at de.uka.ilkd.key.control.KeYEnvironment.load(KeYEnvironment.java:251)
	at de.uka.ilkd.key.control.KeYEnvironment.load(KeYEnvironment.java:224)
	at de.uka.ilkd.key.control.KeYEnvironment.load(KeYEnvironment.java:184)
	at de.uka.ilkd.key.control.KeYEnvironment.load(KeYEnvironment.java:261)
	at de.uka.ilkd.key.proof.runallproofs.proofcollection.TestFile.load(TestFile.java:270)
	at de.uka.ilkd.key.proof.runallproofs.proofcollection.TestFile.runKey(TestFile.java:160)
	at de.uka.ilkd.key.proof.runallproofs.proofcollection.ForkedTestFileRunner.main(ForkedTestFileRunner.java:171)
Caused by: java.lang.ExceptionInInitializerError
	at de.uka.ilkd.key.nparser.ParsingFacade.createParser(ParsingFacade.java:87)
	at de.uka.ilkd.key.nparser.ParsingFacade.parseFile(ParsingFacade.java:123)
	at de.uka.ilkd.key.proof.io.KeYFile.getParseContext(KeYFile.java:160)
	at de.uka.ilkd.key.proof.io.KeYFile.getProblemInformation(KeYFile.java:236)
	at de.uka.ilkd.key.proof.init.KeYUserProblemFile.readProfileFromFile(KeYUserProblemFile.java:236)
	at de.uka.ilkd.key.proof.init.KeYUserProblemFile.getProfile(KeYUserProblemFile.java:216)
	at de.uka.ilkd.key.proof.io.AbstractProblemLoader.createProblemInitializer(AbstractProblemLoader.java:508)
	at de.uka.ilkd.key.proof.io.AbstractProblemLoader.loadEnvironment(AbstractProblemLoader.java:288)
	at de.uka.ilkd.key.proof.io.AbstractProblemLoader.load(AbstractProblemLoader.java:253)
	at de.uka.ilkd.key.control.AbstractUserInterfaceControl.load(AbstractUserInterfaceControl.java:209)
	... 7 more
Caused by: java.lang.UnsupportedOperationException: java.io.InvalidClassException: org.antlr.v4.runtime.atn.ATN; Could not deserialize ATN with version 3 (expected 4).
	at org.antlr.v4.runtime.atn.ATNDeserializer.deserialize(ATNDeserializer.java:56)
	at org.antlr.v4.runtime.atn.ATNDeserializer.deserialize(ATNDeserializer.java:48)
	at de.uka.ilkd.key.nparser.KeYParser.<clinit>(KeYParser.java:11834)
	... 17 more
Caused by: java.io.InvalidClassException: org.antlr.v4.runtime.atn.ATN; Could not deserialize ATN with version 3 (expected 4).
	... 20 more
Could not initialize class de.uka.ilkd.key.nparser.KeYParser (file: /home/runner/work/key/key/key.core/../key.ui/examples/index/.././heap/quicksort/sort.key; caused by: java.lang.NoClassDefFoundError: Could not initialize class de.uka.ilkd.key.nparser.KeYParser)
	at de.uka.ilkd.key.control.AbstractUserInterfaceControl.load(AbstractUserInterfaceControl.java:221)
	at de.uka.ilkd.key.control.KeYEnvironment.load(KeYEnvironment.java:251)
	at de.uka.ilkd.key.control.KeYEnvironment.load(KeYEnvironment.java:224)
	at de.uka.ilkd.key.control.KeYEnvironment.load(KeYEnvironment.java:184)
	at de.uka.ilkd.key.control.KeYEnvironment.load(KeYEnvironment.java:261)
	at de.uka.ilkd.key.proof.runallproofs.proofcollection.TestFile.load(TestFile.java:270)
	at de.uka.ilkd.key.proof.runallproofs.proofcollection.TestFile.runKey(TestFile.java:160)
	at de.uka.ilkd.key.proof.runallproofs.proofcollection.ForkedTestFileRunner.main(ForkedTestFileRunner.java:171)
Caused by: java.lang.NoClassDefFoundError: Could not initialize class de.uka.ilkd.key.nparser.KeYParser
	at de.uka.ilkd.key.nparser.ParsingFacade.createParser(ParsingFacade.java:87)
	at de.uka.ilkd.key.nparser.ParsingFacade.parseFile(ParsingFacade.java:123)
	at de.uka.ilkd.key.proof.io.KeYFile.getParseContext(KeYFile.java:160)
	at de.uka.ilkd.key.proof.io.KeYFile.getProblemInformation(KeYFile.java:236)
	at de.uka.ilkd.key.proof.init.KeYUserProblemFile.readProfileFromFile(KeYUserProblemFile.java:236)
	at de.uka.ilkd.key.proof.init.KeYUserProblemFile.getProfile(KeYUserProblemFile.java:216)
	at de.uka.ilkd.key.proof.io.AbstractProblemLoader.createProblemInitializer(AbstractProblemLoader.java:508)
	at de.uka.ilkd.key.proof.io.AbstractProblemLoader.loadEnvironment(AbstractProblemLoader.java:288)
	at de.uka.ilkd.key.proof.io.AbstractProblemLoader.load(AbstractProblemLoader.java:253)
	at de.uka.ilkd.key.control.AbstractUserInterfaceControl.load(AbstractUserInterfaceControl.java:209)
	... 7 more
Could not initialize class de.uka.ilkd.key.nparser.KeYParser (file: /home/runner/work/key/key/key.core/../key.ui/examples/index/.././heap/quicksort/split.key; caused by: java.lang.NoClassDefFoundError: Could not initialize class de.uka.ilkd.key.nparser.KeYParser)
	at de.uka.ilkd.key.control.AbstractUserInterfaceControl.load(AbstractUserInterfaceControl.java:221)
	at de.uka.ilkd.key.control.KeYEnvironment.load(KeYEnvironment.java:251)
	at de.uka.ilkd.key.control.KeYEnvironment.load(KeYEnvironment.java:224)
	at de.uka.ilkd.key.control.KeYEnvironment.load(KeYEnvironment.java:184)
	at de.uka.ilkd.key.control.KeYEnvironment.load(KeYEnvironment.java:261)
	at de.uka.ilkd.key.proof.runallproofs.proofcollection.TestFile.load(TestFile.java:270)
	at de.uka.ilkd.key.proof.runallproofs.proofcollection.TestFile.runKey(TestFile.java:160)
	at de.uka.ilkd.key.proof.runallproofs.proofcollection.ForkedTestFileRunner.main(ForkedTestFileRunner.java:171)
Caused by: java.lang.NoClassDefFoundError: Could not initialize class de.uka.ilkd.key.nparser.KeYParser
	at de.uka.ilkd.key.nparser.ParsingFacade.createParser(ParsingFacade.java:87)
	at de.uka.ilkd.key.nparser.ParsingFacade.parseFile(ParsingFacade.java:123)
	at de.uka.ilkd.key.proof.io.KeYFile.getParseContext(KeYFile.java:160)
	at de.uka.ilkd.key.proof.io.KeYFile.getProblemInformation(KeYFile.java:236)
	at de.uka.ilkd.key.proof.init.KeYUserProblemFile.readProfileFromFile(KeYUserProblemFile.java:236)
	at de.uka.ilkd.key.proof.init.KeYUserProblemFile.getProfile(KeYUserProblemFile.java:216)
	at de.uka.ilkd.key.proof.io.AbstractProblemLoader.createProblemInitializer(AbstractProblemLoader.java:508)
	at de.uka.ilkd.key.proof.io.AbstractProblemLoader.loadEnvironment(AbstractProblemLoader.java:288)
	at de.uka.ilkd.key.proof.io.AbstractProblemLoader.load(AbstractProblemLoader.java:253)
	at de.uka.ilkd.key.control.AbstractUserInterfaceControl.load(AbstractUserInterfaceControl.java:209)
	... 7 more
Exception in thread "main" org.opentest4j.AssertionFailedError: Exception during the execution of proofs. See log for more details.
	at org.junit.jupiter.api.AssertionUtils.fail(AssertionUtils.java:38)
	at org.junit.jupiter.api.Assertions.fail(Assertions.java:135)
	at de.uka.ilkd.key.proof.runallproofs.proofcollection.ForkedTestFileRunner.main(ForkedTestFileRunner.java:192)
Timeout watcher launched (2000 secs.)
ANTLR Tool version 4.9.3 used for code generation does not match the current runtime version 4.12.0
 (file: /home/runner/work/key/key/key.core/../key.ui/examples/index/.././heap/simple/anonymise_datagroup.key; caused by: java.lang.ExceptionInInitializerError)
	at de.uka.ilkd.key.control.AbstractUserInterfaceControl.load(AbstractUserInterfaceControl.java:221)
	at de.uka.ilkd.key.control.KeYEnvironment.load(KeYEnvironment.java:251)
	at de.uka.ilkd.key.control.KeYEnvironment.load(KeYEnvironment.java:224)
	at de.uka.ilkd.key.control.KeYEnvironment.load(KeYEnvironment.java:184)
	at de.uka.ilkd.key.control.KeYEnvironment.load(KeYEnvironment.java:261)
	at de.uka.ilkd.key.proof.runallproofs.proofcollection.TestFile.load(TestFile.java:270)
	at de.uka.ilkd.key.proof.runallproofs.proofcollection.TestFile.runKey(TestFile.java:160)
	at de.uka.ilkd.key.proof.runallproofs.proofcollection.ForkedTestFileRunner.main(ForkedTestFileRunner.java:171)
Caused by: java.lang.ExceptionInInitializerError
	at de.uka.ilkd.key.nparser.ParsingFacade.createParser(ParsingFacade.java:87)
	at de.uka.ilkd.key.nparser.ParsingFacade.parseFile(ParsingFacade.java:123)
	at de.uka.ilkd.key.proof.io.KeYFile.getParseContext(KeYFile.java:160)
	at de.uka.ilkd.key.proof.io.KeYFile.getProblemInformation(KeYFile.java:236)
	at de.uka.ilkd.key.proof.init.KeYUserProblemFile.readProfileFromFile(KeYUserProblemFile.java:236)
	at de.uka.ilkd.key.proof.init.KeYUserProblemFile.getProfile(KeYUserProblemFile.java:216)
	at de.uka.ilkd.key.proof.io.AbstractProblemLoader.createProblemInitializer(AbstractProblemLoader.java:508)
	at de.uka.ilkd.key.proof.io.AbstractProblemLoader.loadEnvironment(AbstractProblemLoader.java:288)
	at de.uka.ilkd.key.proof.io.AbstractProblemLoader.load(AbstractProblemLoader.java:253)
	at de.uka.ilkd.key.control.AbstractUserInterfaceControl.load(AbstractUserInterfaceControl.java:209)
	... 7 more
Caused by: java.lang.UnsupportedOperationException: java.io.InvalidClassException: org.antlr.v4.runtime.atn.ATN; Could not deserialize ATN with version 3 (expected 4).
	at org.antlr.v4.runtime.atn.ATNDeserializer.deserialize(ATNDeserializer.java:56)
	at org.antlr.v4.runtime.atn.ATNDeserializer.deserialize(ATNDeserializer.java:48)
	at de.uka.ilkd.key.nparser.KeYParser.<clinit>(KeYParser.java:11834)
	... 17 more
Caused by: java.io.InvalidClassException: org.antlr.v4.runtime.atn.ATN; Could not deserialize ATN with version 3 (expected 4).
	... 20 more
Could not initialize class de.uka.ilkd.key.nparser.KeYParser (file: /home/runner/work/key/key/key.core/../key.ui/examples/index/.././heap/simple/array_creation.key; caused by: java.lang.NoClassDefFoundError: Could not initialize class de.uka.ilkd.key.nparser.KeYParser)
	at de.uka.ilkd.key.control.AbstractUserInterfaceControl.load(AbstractUserInterfaceControl.java:221)
	at de.uka.ilkd.key.control.KeYEnvironment.load(KeYEnvironment.java:251)
	at de.uka.ilkd.key.control.KeYEnvironment.load(KeYEnvironment.java:224)
	at de.uka.ilkd.key.control.KeYEnvironment.load(KeYEnvironment.java:184)
	at de.uka.ilkd.key.control.KeYEnvironment.load(KeYEnvironment.java:261)
	at de.uka.ilkd.key.proof.runallproofs.proofcollection.TestFile.load(TestFile.java:270)
	at de.uka.ilkd.key.proof.runallproofs.proofcollection.TestFile.runKey(TestFile.java:160)
	at de.uka.ilkd.key.proof.runallproofs.proofcollection.ForkedTestFileRunner.main(ForkedTestFileRunner.java:171)
Caused by: java.lang.NoClassDefFoundError: Could not initialize class de.uka.ilkd.key.nparser.KeYParser
	at de.uka.ilkd.key.nparser.ParsingFacade.createParser(ParsingFacade.java:87)
	at de.uka.ilkd.key.nparser.ParsingFacade.parseFile(ParsingFacade.java:123)
	at de.uka.ilkd.key.proof.io.KeYFile.getParseContext(KeYFile.java:160)
	at de.uka.ilkd.key.proof.io.KeYFile.getProblemInformation(KeYFile.java:236)
	at de.uka.ilkd.key.proof.init.KeYUserProblemFile.readProfileFromFile(KeYUserProblemFile.java:236)
	at de.uka.ilkd.key.proof.init.KeYUserProblemFile.getProfile(KeYUserProblemFile.java:216)
	at de.uka.ilkd.key.proof.io.AbstractProblemLoader.createProblemInitializer(AbstractProblemLoader.java:508)
	at de.uka.ilkd.key.proof.io.AbstractProblemLoader.loadEnvironment(AbstractProblemLoader.java:288)
	at de.uka.ilkd.key.proof.io.AbstractProblemLoader.load(AbstractProblemLoader.java:253)
	at de.uka.ilkd.key.control.AbstractUserInterfaceControl.load(AbstractUserInterfaceControl.java:209)
	... 7 more
Could not initialize class de.uka.ilkd.key.nparser.KeYParser (file: /home/runner/work/key/key/key.core/../key.ui/examples/index/.././heap/simple/arrays_with_disjoint_sorts.key; caused by: java.lang.NoClassDefFoundError: Could not initialize class de.uka.ilkd.key.nparser.KeYParser)
	at de.uka.ilkd.key.control.AbstractUserInterfaceControl.load(AbstractUserInterfaceControl.java:221)
	at de.uka.ilkd.key.control.KeYEnvironment.load(KeYEnvironment.java:251)
	at de.uka.ilkd.key.control.KeYEnvironment.load(KeYEnvironment.java:224)
	at de.uka.ilkd.key.control.KeYEnvironment.load(KeYEnvironment.java:184)
	at de.uka.ilkd.key.control.KeYEnvironment.load(KeYEnvironment.java:261)
	at de.uka.ilkd.key.proof.runallproofs.proofcollection.TestFile.load(TestFile.java:270)
	at de.uka.ilkd.key.proof.runallproofs.proofcollection.TestFile.runKey(TestFile.java:160)
	at de.uka.ilkd.key.proof.runallproofs.proofcollection.ForkedTestFileRunner.main(ForkedTestFileRunner.java:171)
Caused by: java.lang.NoClassDefFoundError: Could not initialize class de.uka.ilkd.key.nparser.KeYParser
	at de.uka.ilkd.key.nparser.ParsingFacade.createParser(ParsingFacade.java:87)
	at de.uka.ilkd.key.nparser.ParsingFacade.parseFile(ParsingFacade.java:123)
	at de.uka.ilkd.key.proof.io.KeYFile.getParseContext(KeYFile.java:160)
	at de.uka.ilkd.key.proof.io.KeYFile.getProblemInformation(KeYFile.java:236)
	at de.uka.ilkd.key.proof.init.KeYUserProblemFile.readProfileFromFile(KeYUserProblemFile.java:236)
	at de.uka.ilkd.key.proof.init.KeYUserProblemFile.getProfile(KeYUserProblemFile.java:216)
	at de.uka.ilkd.key.proof.io.AbstractProblemLoader.createProblemInitializer(AbstractProblemLoader.java:508)
	at de.uka.ilkd.key.proof.io.AbstractProblemLoader.loadEnvironment(AbstractProblemLoader.java:288)
	at de.uka.ilkd.key.proof.io.AbstractProblemLoader.load(AbstractProblemLoader.java:253)
	at de.uka.ilkd.key.control.AbstractUserInterfaceControl.load(AbstractUserInterfaceControl.java:209)
	... 7 more
Could not initialize class de.uka.ilkd.key.nparser.KeYParser (file: /home/runner/work/key/key/key.core/../key.ui/examples/index/.././heap/simple/arrays.key; caused by: java.lang.NoClassDefFoundError: Could not initialize class de.uka.ilkd.key.nparser.KeYParser)
	at de.uka.ilkd.key.control.AbstractUserInterfaceControl.load(AbstractUserInterfaceControl.java:221)
	at de.uka.ilkd.key.control.KeYEnvironment.load(KeYEnvironment.java:251)
	at de.uka.ilkd.key.control.KeYEnvironment.load(KeYEnvironment.java:224)
	at de.uka.ilkd.key.control.KeYEnvironment.load(KeYEnvironment.java:184)
	at de.uka.ilkd.key.control.KeYEnvironment.load(KeYEnvironment.java:261)
	at de.uka.ilkd.key.proof.runallproofs.proofcollection.TestFile.load(TestFile.java:270)
	at de.uka.ilkd.key.proof.runallproofs.proofcollection.TestFile.runKey(TestFile.java:160)
	at de.uka.ilkd.key.proof.runallproofs.proofcollection.ForkedTestFileRunner.main(ForkedTestFileRunner.java:171)
Caused by: java.lang.NoClassDefFoundError: Could not initialize class de.uka.ilkd.key.nparser.KeYParser
	at de.uka.ilkd.key.nparser.ParsingFacade.createParser(ParsingFacade.java:87)
	at de.uka.ilkd.key.nparser.ParsingFacade.parseFile(ParsingFacade.java:123)
	at de.uka.ilkd.key.proof.io.KeYFile.getParseContext(KeYFile.java:160)
	at de.uka.ilkd.key.proof.io.KeYFile.getProblemInformation(KeYFile.java:236)
	at de.uka.ilkd.key.proof.init.KeYUserProblemFile.readProfileFromFile(KeYUserProblemFile.java:236)
	at de.uka.ilkd.key.proof.init.KeYUserProblemFile.getProfile(KeYUserProblemFile.java:216)
	at de.uka.ilkd.key.proof.io.AbstractProblemLoader.createProblemInitializer(AbstractProblemLoader.java:508)
	at de.uka.ilkd.key.proof.io.AbstractProblemLoader.loadEnvironment(AbstractProblemLoader.java:288)
	at de.uka.ilkd.key.proof.io.AbstractProblemLoader.load(AbstractProblemLoader.java:253)
	at de.uka.ilkd.key.control.AbstractUserInterfaceControl.load(AbstractUserInterfaceControl.java:209)
	... 7 more
Could not initialize class de.uka.ilkd.key.nparser.KeYParser (file: /home/runner/work/key/key/key.core/../key.ui/examples/index/.././heap/simple/attributes.key; caused by: java.lang.NoClassDefFoundError: Could not initialize class de.uka.ilkd.key.nparser.KeYParser)
	at de.uka.ilkd.key.control.AbstractUserInterfaceControl.load(AbstractUserInterfaceControl.java:221)
	at de.uka.ilkd.key.control.KeYEnvironment.load(KeYEnvironment.java:251)
	at de.uka.ilkd.key.control.KeYEnvironment.load(KeYEnvironment.java:224)
	at de.uka.ilkd.key.control.KeYEnvironment.load(KeYEnvironment.java:184)
	at de.uka.ilkd.key.control.KeYEnvironment.load(KeYEnvironment.java:261)
	at de.uka.ilkd.key.proof.runallproofs.proofcollection.TestFile.load(TestFile.java:270)
	at de.uka.ilkd.key.proof.runallproofs.proofcollection.TestFile.runKey(TestFile.java:160)
	at de.uka.ilkd.key.proof.runallproofs.proofcollection.ForkedTestFileRunner.main(ForkedTestFileRunner.java:171)
Caused by: java.lang.NoClassDefFoundError: Could not initialize class de.uka.ilkd.key.nparser.KeYParser
	at de.uka.ilkd.key.nparser.ParsingFacade.createParser(ParsingFacade.java:87)
	at de.uka.ilkd.key.nparser.ParsingFacade.parseFile(ParsingFacade.java:123)
	at de.uka.ilkd.key.proof.io.KeYFile.getParseContext(KeYFile.java:160)
	at de.uka.ilkd.key.proof.io.KeYFile.getProblemInformation(KeYFile.java:236)
	at de.uka.ilkd.key.proof.init.KeYUserProblemFile.readProfileFromFile(KeYUserProblemFile.java:236)
	at de.uka.ilkd.key.proof.init.KeYUserProblemFile.getProfile(KeYUserProblemFile.java:216)
	at de.uka.ilkd.key.proof.io.AbstractProblemLoader.createProblemInitializer(AbstractProblemLoader.java:508)
	at de.uka.ilkd.key.proof.io.AbstractProblemLoader.loadEnvironment(AbstractProblemLoader.java:288)
	at de.uka.ilkd.key.proof.io.AbstractProblemLoader.load(AbstractProblemLoader.java:253)
	at de.uka.ilkd.key.control.AbstractUserInterfaceControl.load(AbstractUserInterfaceControl.java:209)
	... 7 more
Could not initialize class de.uka.ilkd.key.nparser.KeYParser (file: /home/runner/work/key/key/key.core/../key.ui/examples/index/.././heap/simple/constructor_contracts.key; caused by: java.lang.NoClassDefFoundError: Could not initialize class de.uka.ilkd.key.nparser.KeYParser)
	at de.uka.ilkd.key.control.AbstractUserInterfaceControl.load(AbstractUserInterfaceControl.java:221)
	at de.uka.ilkd.key.control.KeYEnvironment.load(KeYEnvironment.java:251)
	at de.uka.ilkd.key.control.KeYEnvironment.load(KeYEnvironment.java:224)
	at de.uka.ilkd.key.control.KeYEnvironment.load(KeYEnvironment.java:184)
	at de.uka.ilkd.key.control.KeYEnvironment.load(KeYEnvironment.java:261)
	at de.uka.ilkd.key.proof.runallproofs.proofcollection.TestFile.load(TestFile.java:270)
	at de.uka.ilkd.key.proof.runallproofs.proofcollection.TestFile.runKey(TestFile.java:160)
	at de.uka.ilkd.key.proof.runallproofs.proofcollection.ForkedTestFileRunner.main(ForkedTestFileRunner.java:171)
Caused by: java.lang.NoClassDefFoundError: Could not initialize class de.uka.ilkd.key.nparser.KeYParser
	at de.uka.ilkd.key.nparser.ParsingFacade.createParser(ParsingFacade.java:87)
	at de.uka.ilkd.key.nparser.ParsingFacade.parseFile(ParsingFacade.java:123)
	at de.uka.ilkd.key.proof.io.KeYFile.getParseContext(KeYFile.java:160)
	at de.uka.ilkd.key.proof.io.KeYFile.getProblemInformation(KeYFile.java:236)
	at de.uka.ilkd.key.proof.init.KeYUserProblemFile.readProfileFromFile(KeYUserProblemFile.java:236)
	at de.uka.ilkd.key.proof.init.KeYUserProblemFile.getProfile(KeYUserProblemFile.java:216)
	at de.uka.ilkd.key.proof.io.AbstractProblemLoader.createProblemInitializer(AbstractProblemLoader.java:508)
	at de.uka.ilkd.key.proof.io.AbstractProblemLoader.loadEnvironment(AbstractProblemLoader.java:288)
	at de.uka.ilkd.key.proof.io.AbstractProblemLoader.load(AbstractProblemLoader.java:253)
	at de.uka.ilkd.key.control.AbstractUserInterfaceControl.load(AbstractUserInterfaceControl.java:209)
	... 7 more
Could not initialize class de.uka.ilkd.key.nparser.KeYParser (file: /home/runner/work/key/key/key.core/../key.ui/examples/index/.././heap/simple/dependencies.key; caused by: java.lang.NoClassDefFoundError: Could not initialize class de.uka.ilkd.key.nparser.KeYParser)
	at de.uka.ilkd.key.control.AbstractUserInterfaceControl.load(AbstractUserInterfaceControl.java:221)
	at de.uka.ilkd.key.control.KeYEnvironment.load(KeYEnvironment.java:251)
	at de.uka.ilkd.key.control.KeYEnvironment.load(KeYEnvironment.java:224)
	at de.uka.ilkd.key.control.KeYEnvironment.load(KeYEnvironment.java:184)
	at de.uka.ilkd.key.control.KeYEnvironment.load(KeYEnvironment.java:261)
	at de.uka.ilkd.key.proof.runallproofs.proofcollection.TestFile.load(TestFile.java:270)
	at de.uka.ilkd.key.proof.runallproofs.proofcollection.TestFile.runKey(TestFile.java:160)
	at de.uka.ilkd.key.proof.runallproofs.proofcollection.ForkedTestFileRunner.main(ForkedTestFileRunner.java:171)
Caused by: java.lang.NoClassDefFoundError: Could not initialize class de.uka.ilkd.key.nparser.KeYParser
	at de.uka.ilkd.key.nparser.ParsingFacade.createParser(ParsingFacade.java:87)
	at de.uka.ilkd.key.nparser.ParsingFacade.parseFile(ParsingFacade.java:123)
	at de.uka.ilkd.key.proof.io.KeYFile.getParseContext(KeYFile.java:160)
	at de.uka.ilkd.key.proof.io.KeYFile.getProblemInformation(KeYFile.java:236)
	at de.uka.ilkd.key.proof.init.KeYUserProblemFile.readProfileFromFile(KeYUserProblemFile.java:236)
	at de.uka.ilkd.key.proof.init.KeYUserProblemFile.getProfile(KeYUserProblemFile.java:216)
	at de.uka.ilkd.key.proof.io.AbstractProblemLoader.createProblemInitializer(AbstractProblemLoader.java:508)
	at de.uka.ilkd.key.proof.io.AbstractProblemLoader.loadEnvironment(AbstractProblemLoader.java:288)
	at de.uka.ilkd.key.proof.io.AbstractProblemLoader.load(AbstractProblemLoader.java:253)
	at de.uka.ilkd.key.control.AbstractUserInterfaceControl.load(AbstractUserInterfaceControl.java:209)
	... 7 more
Could not initialize class de.uka.ilkd.key.nparser.KeYParser (file: /home/runner/work/key/key/key.core/../key.ui/examples/index/.././heap/simple/dependency_contracts.key; caused by: java.lang.NoClassDefFoundError: Could not initialize class de.uka.ilkd.key.nparser.KeYParser)
	at de.uka.ilkd.key.control.AbstractUserInterfaceControl.load(AbstractUserInterfaceControl.java:221)
	at de.uka.ilkd.key.control.KeYEnvironment.load(KeYEnvironment.java:251)
	at de.uka.ilkd.key.control.KeYEnvironment.load(KeYEnvironment.java:224)
	at de.uka.ilkd.key.control.KeYEnvironment.load(KeYEnvironment.java:184)
	at de.uka.ilkd.key.control.KeYEnvironment.load(KeYEnvironment.java:261)
	at de.uka.ilkd.key.proof.runallproofs.proofcollection.TestFile.load(TestFile.java:270)
	at de.uka.ilkd.key.proof.runallproofs.proofcollection.TestFile.runKey(TestFile.java:160)
	at de.uka.ilkd.key.proof.runallproofs.proofcollection.ForkedTestFileRunner.main(ForkedTestFileRunner.java:171)
Caused by: java.lang.NoClassDefFoundError: Could not initialize class de.uka.ilkd.key.nparser.KeYParser
	at de.uka.ilkd.key.nparser.ParsingFacade.createParser(ParsingFacade.java:87)
	at de.uka.ilkd.key.nparser.ParsingFacade.parseFile(ParsingFacade.java:123)
	at de.uka.ilkd.key.proof.io.KeYFile.getParseContext(KeYFile.java:160)
	at de.uka.ilkd.key.proof.io.KeYFile.getProblemInformation(KeYFile.java:236)
	at de.uka.ilkd.key.proof.init.KeYUserProblemFile.readProfileFromFile(KeYUserProblemFile.java:236)
	at de.uka.ilkd.key.proof.init.KeYUserProblemFile.getProfile(KeYUserProblemFile.java:216)
	at de.uka.ilkd.key.proof.io.AbstractProblemLoader.createProblemInitializer(AbstractProblemLoader.java:508)
	at de.uka.ilkd.key.proof.io.AbstractProblemLoader.loadEnvironment(AbstractProblemLoader.java:288)
	at de.uka.ilkd.key.proof.io.AbstractProblemLoader.load(AbstractProblemLoader.java:253)
	at de.uka.ilkd.key.control.AbstractUserInterfaceControl.load(AbstractUserInterfaceControl.java:209)
	... 7 more
Could not initialize class de.uka.ilkd.key.nparser.KeYParser (file: /home/runner/work/key/key/key.core/../key.ui/examples/index/.././heap/simple/invariant_preservation.key; caused by: java.lang.NoClassDefFoundError: Could not initialize class de.uka.ilkd.key.nparser.KeYParser)
	at de.uka.ilkd.key.control.AbstractUserInterfaceControl.load(AbstractUserInterfaceControl.java:221)
	at de.uka.ilkd.key.control.KeYEnvironment.load(KeYEnvironment.java:251)
	at de.uka.ilkd.key.control.KeYEnvironment.load(KeYEnvironment.java:224)
	at de.uka.ilkd.key.control.KeYEnvironment.load(KeYEnvironment.java:184)
	at de.uka.ilkd.key.control.KeYEnvironment.load(KeYEnvironment.java:261)
	at de.uka.ilkd.key.proof.runallproofs.proofcollection.TestFile.load(TestFile.java:270)
	at de.uka.ilkd.key.proof.runallproofs.proofcollection.TestFile.runKey(TestFile.java:160)
	at de.uka.ilkd.key.proof.runallproofs.proofcollection.ForkedTestFileRunner.main(ForkedTestFileRunner.java:171)
Caused by: java.lang.NoClassDefFoundError: Could not initialize class de.uka.ilkd.key.nparser.KeYParser
	at de.uka.ilkd.key.nparser.ParsingFacade.createParser(ParsingFacade.java:87)
	at de.uka.ilkd.key.nparser.ParsingFacade.parseFile(ParsingFacade.java:123)
	at de.uka.ilkd.key.proof.io.KeYFile.getParseContext(KeYFile.java:160)
	at de.uka.ilkd.key.proof.io.KeYFile.getProblemInformation(KeYFile.java:236)
	at de.uka.ilkd.key.proof.init.KeYUserProblemFile.readProfileFromFile(KeYUserProblemFile.java:236)
	at de.uka.ilkd.key.proof.init.KeYUserProblemFile.getProfile(KeYUserProblemFile.java:216)
	at de.uka.ilkd.key.proof.io.AbstractProblemLoader.createProblemInitializer(AbstractProblemLoader.java:508)
	at de.uka.ilkd.key.proof.io.AbstractProblemLoader.loadEnvironment(AbstractProblemLoader.java:288)
	at de.uka.ilkd.key.proof.io.AbstractProblemLoader.load(AbstractProblemLoader.java:253)
	at de.uka.ilkd.key.control.AbstractUserInterfaceControl.load(AbstractUserInterfaceControl.java:209)
	... 7 more
Could not initialize class de.uka.ilkd.key.nparser.KeYParser (file: /home/runner/work/key/key/key.core/../key.ui/examples/index/.././heap/simple/locsets.key; caused by: java.lang.NoClassDefFoundError: Could not initialize class de.uka.ilkd.key.nparser.KeYParser)
	at de.uka.ilkd.key.control.AbstractUserInterfaceControl.load(AbstractUserInterfaceControl.java:221)
	at de.uka.ilkd.key.control.KeYEnvironment.load(KeYEnvironment.java:251)
	at de.uka.ilkd.key.control.KeYEnvironment.load(KeYEnvironment.java:224)
	at de.uka.ilkd.key.control.KeYEnvironment.load(KeYEnvironment.java:184)
	at de.uka.ilkd.key.control.KeYEnvironment.load(KeYEnvironment.java:261)
	at de.uka.ilkd.key.proof.runallproofs.proofcollection.TestFile.load(TestFile.java:270)
	at de.uka.ilkd.key.proof.runallproofs.proofcollection.TestFile.runKey(TestFile.java:160)
	at de.uka.ilkd.key.proof.runallproofs.proofcollection.ForkedTestFileRunner.main(ForkedTestFileRunner.java:171)
Caused by: java.lang.NoClassDefFoundError: Could not initialize class de.uka.ilkd.key.nparser.KeYParser
	at de.uka.ilkd.key.nparser.ParsingFacade.createParser(ParsingFacade.java:87)
	at de.uka.ilkd.key.nparser.ParsingFacade.parseFile(ParsingFacade.java:123)
	at de.uka.ilkd.key.proof.io.KeYFile.getParseContext(KeYFile.java:160)
	at de.uka.ilkd.key.proof.io.KeYFile.getProblemInformation(KeYFile.java:236)
	at de.uka.ilkd.key.proof.init.KeYUserProblemFile.readProfileFromFile(KeYUserProblemFile.java:236)
	at de.uka.ilkd.key.proof.init.KeYUserProblemFile.getProfile(KeYUserProblemFile.java:216)
	at de.uka.ilkd.key.proof.io.AbstractProblemLoader.createProblemInitializer(AbstractProblemLoader.java:508)
	at de.uka.ilkd.key.proof.io.AbstractProblemLoader.loadEnvironment(AbstractProblemLoader.java:288)
	at de.uka.ilkd.key.proof.io.AbstractProblemLoader.load(AbstractProblemLoader.java:253)
	at de.uka.ilkd.key.control.AbstractUserInterfaceControl.load(AbstractUserInterfaceControl.java:209)
	... 7 more
Could not initialize class de.uka.ilkd.key.nparser.KeYParser (file: /home/runner/work/key/key/key.core/../key.ui/examples/index/.././heap/simple/loop1.key; caused by: java.lang.NoClassDefFoundError: Could not initialize class de.uka.ilkd.key.nparser.KeYParser)
	at de.uka.ilkd.key.control.AbstractUserInterfaceControl.load(AbstractUserInterfaceControl.java:221)
	at de.uka.ilkd.key.control.KeYEnvironment.load(KeYEnvironment.java:251)
	at de.uka.ilkd.key.control.KeYEnvironment.load(KeYEnvironment.java:224)
	at de.uka.ilkd.key.control.KeYEnvironment.load(KeYEnvironment.java:184)
	at de.uka.ilkd.key.control.KeYEnvironment.load(KeYEnvironment.java:261)
	at de.uka.ilkd.key.proof.runallproofs.proofcollection.TestFile.load(TestFile.java:270)
	at de.uka.ilkd.key.proof.runallproofs.proofcollection.TestFile.runKey(TestFile.java:160)
	at de.uka.ilkd.key.proof.runallproofs.proofcollection.ForkedTestFileRunner.main(ForkedTestFileRunner.java:171)
Caused by: java.lang.NoClassDefFoundError: Could not initialize class de.uka.ilkd.key.nparser.KeYParser
	at de.uka.ilkd.key.nparser.ParsingFacade.createParser(ParsingFacade.java:87)
	at de.uka.ilkd.key.nparser.ParsingFacade.parseFile(ParsingFacade.java:123)
	at de.uka.ilkd.key.proof.io.KeYFile.getParseContext(KeYFile.java:160)
	at de.uka.ilkd.key.proof.io.KeYFile.getProblemInformation(KeYFile.java:236)
	at de.uka.ilkd.key.proof.init.KeYUserProblemFile.readProfileFromFile(KeYUserProblemFile.java:236)
	at de.uka.ilkd.key.proof.init.KeYUserProblemFile.getProfile(KeYUserProblemFile.java:216)
	at de.uka.ilkd.key.proof.io.AbstractProblemLoader.createProblemInitializer(AbstractProblemLoader.java:508)
	at de.uka.ilkd.key.proof.io.AbstractProblemLoader.loadEnvironment(AbstractProblemLoader.java:288)
	at de.uka.ilkd.key.proof.io.AbstractProblemLoader.load(AbstractProblemLoader.java:253)
	at de.uka.ilkd.key.control.AbstractUserInterfaceControl.load(AbstractUserInterfaceControl.java:209)
	... 7 more
Could not initialize class de.uka.ilkd.key.nparser.KeYParser (file: /home/runner/work/key/key/key.core/../key.ui/examples/index/.././heap/simple/loop2.key; caused by: java.lang.NoClassDefFoundError: Could not initialize class de.uka.ilkd.key.nparser.KeYParser)
	at de.uka.ilkd.key.control.AbstractUserInterfaceControl.load(AbstractUserInterfaceControl.java:221)
	at de.uka.ilkd.key.control.KeYEnvironment.load(KeYEnvironment.java:251)
	at de.uka.ilkd.key.control.KeYEnvironment.load(KeYEnvironment.java:224)
	at de.uka.ilkd.key.control.KeYEnvironment.load(KeYEnvironment.java:184)
	at de.uka.ilkd.key.control.KeYEnvironment.load(KeYEnvironment.java:261)
	at de.uka.ilkd.key.proof.runallproofs.proofcollection.TestFile.load(TestFile.java:270)
	at de.uka.ilkd.key.proof.runallproofs.proofcollection.TestFile.runKey(TestFile.java:160)
	at de.uka.ilkd.key.proof.runallproofs.proofcollection.ForkedTestFileRunner.main(ForkedTestFileRunner.java:171)
Caused by: java.lang.NoClassDefFoundError: Could not initialize class de.uka.ilkd.key.nparser.KeYParser
	at de.uka.ilkd.key.nparser.ParsingFacade.createParser(ParsingFacade.java:87)
	at de.uka.ilkd.key.nparser.ParsingFacade.parseFile(ParsingFacade.java:123)
	at de.uka.ilkd.key.proof.io.KeYFile.getParseContext(KeYFile.java:160)
	at de.uka.ilkd.key.proof.io.KeYFile.getProblemInformation(KeYFile.java:236)
	at de.uka.ilkd.key.proof.init.KeYUserProblemFile.readProfileFromFile(KeYUserProblemFile.java:236)
	at de.uka.ilkd.key.proof.init.KeYUserProblemFile.getProfile(KeYUserProblemFile.java:216)
	at de.uka.ilkd.key.proof.io.AbstractProblemLoader.createProblemInitializer(AbstractProblemLoader.java:508)
	at de.uka.ilkd.key.proof.io.AbstractProblemLoader.loadEnvironment(AbstractProblemLoader.java:288)
	at de.uka.ilkd.key.proof.io.AbstractProblemLoader.load(AbstractProblemLoader.java:253)
	at de.uka.ilkd.key.control.AbstractUserInterfaceControl.load(AbstractUserInterfaceControl.java:209)
	... 7 more
Could not initialize class de.uka.ilkd.key.nparser.KeYParser (file: /home/runner/work/key/key/key.core/../key.ui/examples/index/.././heap/simple/modifies_datagroup.key; caused by: java.lang.NoClassDefFoundError: Could not initialize class de.uka.ilkd.key.nparser.KeYParser)
	at de.uka.ilkd.key.control.AbstractUserInterfaceControl.load(AbstractUserInterfaceControl.java:221)
	at de.uka.ilkd.key.control.KeYEnvironment.load(KeYEnvironment.java:251)
	at de.uka.ilkd.key.control.KeYEnvironment.load(KeYEnvironment.java:224)
	at de.uka.ilkd.key.control.KeYEnvironment.load(KeYEnvironment.java:184)
	at de.uka.ilkd.key.control.KeYEnvironment.load(KeYEnvironment.java:261)
	at de.uka.ilkd.key.proof.runallproofs.proofcollection.TestFile.load(TestFile.java:270)
	at de.uka.ilkd.key.proof.runallproofs.proofcollection.TestFile.runKey(TestFile.java:160)
	at de.uka.ilkd.key.proof.runallproofs.proofcollection.ForkedTestFileRunner.main(ForkedTestFileRunner.java:171)
Caused by: java.lang.NoClassDefFoundError: Could not initialize class de.uka.ilkd.key.nparser.KeYParser
	at de.uka.ilkd.key.nparser.ParsingFacade.createParser(ParsingFacade.java:87)
	at de.uka.ilkd.key.nparser.ParsingFacade.parseFile(ParsingFacade.java:123)
	at de.uka.ilkd.key.proof.io.KeYFile.getParseContext(KeYFile.java:160)
	at de.uka.ilkd.key.proof.io.KeYFile.getProblemInformation(KeYFile.java:236)
	at de.uka.ilkd.key.proof.init.KeYUserProblemFile.readProfileFromFile(KeYUserProblemFile.java:236)
	at de.uka.ilkd.key.proof.init.KeYUserProblemFile.getProfile(KeYUserProblemFile.java:216)
	at de.uka.ilkd.key.proof.io.AbstractProblemLoader.createProblemInitializer(AbstractProblemLoader.java:508)
	at de.uka.ilkd.key.proof.io.AbstractProblemLoader.loadEnvironment(AbstractProblemLoader.java:288)
	at de.uka.ilkd.key.proof.io.AbstractProblemLoader.load(AbstractProblemLoader.java:253)
	at de.uka.ilkd.key.control.AbstractUserInterfaceControl.load(AbstractUserInterfaceControl.java:209)
	... 7 more
Could not initialize class de.uka.ilkd.key.nparser.KeYParser (file: /home/runner/work/key/key/key.core/../key.ui/examples/index/.././heap/simple/modifies.key; caused by: java.lang.NoClassDefFoundError: Could not initialize class de.uka.ilkd.key.nparser.KeYParser)
	at de.uka.ilkd.key.control.AbstractUserInterfaceControl.load(AbstractUserInterfaceControl.java:221)
	at de.uka.ilkd.key.control.KeYEnvironment.load(KeYEnvironment.java:251)
	at de.uka.ilkd.key.control.KeYEnvironment.load(KeYEnvironment.java:224)
	at de.uka.ilkd.key.control.KeYEnvironment.load(KeYEnvironment.java:184)
	at de.uka.ilkd.key.control.KeYEnvironment.load(KeYEnvironment.java:261)
	at de.uka.ilkd.key.proof.runallproofs.proofcollection.TestFile.load(TestFile.java:270)
	at de.uka.ilkd.key.proof.runallproofs.proofcollection.TestFile.runKey(TestFile.java:160)
	at de.uka.ilkd.key.proof.runallproofs.proofcollection.ForkedTestFileRunner.main(ForkedTestFileRunner.java:171)
Caused by: java.lang.NoClassDefFoundError: Could not initialize class de.uka.ilkd.key.nparser.KeYParser
	at de.uka.ilkd.key.nparser.ParsingFacade.createParser(ParsingFacade.java:87)
	at de.uka.ilkd.key.nparser.ParsingFacade.parseFile(ParsingFacade.java:123)
	at de.uka.ilkd.key.proof.io.KeYFile.getParseContext(KeYFile.java:160)
	at de.uka.ilkd.key.proof.io.KeYFile.getProblemInformation(KeYFile.java:236)
	at de.uka.ilkd.key.proof.init.KeYUserProblemFile.readProfileFromFile(KeYUserProblemFile.java:236)
	at de.uka.ilkd.key.proof.init.KeYUserProblemFile.getProfile(KeYUserProblemFile.java:216)
	at de.uka.ilkd.key.proof.io.AbstractProblemLoader.createProblemInitializer(AbstractProblemLoader.java:508)
	at de.uka.ilkd.key.proof.io.AbstractProblemLoader.loadEnvironment(AbstractProblemLoader.java:288)
	at de.uka.ilkd.key.proof.io.AbstractProblemLoader.load(AbstractProblemLoader.java:253)
	at de.uka.ilkd.key.control.AbstractUserInterfaceControl.load(AbstractUserInterfaceControl.java:209)
	... 7 more
Could not initialize class de.uka.ilkd.key.nparser.KeYParser (file: /home/runner/work/key/key/key.core/../key.ui/examples/index/.././heap/simple/object_creation.key; caused by: java.lang.NoClassDefFoundError: Could not initialize class de.uka.ilkd.key.nparser.KeYParser)
	at de.uka.ilkd.key.control.AbstractUserInterfaceControl.load(AbstractUserInterfaceControl.java:221)
	at de.uka.ilkd.key.control.KeYEnvironment.load(KeYEnvironment.java:251)
	at de.uka.ilkd.key.control.KeYEnvironment.load(KeYEnvironment.java:224)
	at de.uka.ilkd.key.control.KeYEnvironment.load(KeYEnvironment.java:184)
	at de.uka.ilkd.key.control.KeYEnvironment.load(KeYEnvironment.java:261)
	at de.uka.ilkd.key.proof.runallproofs.proofcollection.TestFile.load(TestFile.java:270)
	at de.uka.ilkd.key.proof.runallproofs.proofcollection.TestFile.runKey(TestFile.java:160)
	at de.uka.ilkd.key.proof.runallproofs.proofcollection.ForkedTestFileRunner.main(ForkedTestFileRunner.java:171)
Caused by: java.lang.NoClassDefFoundError: Could not initialize class de.uka.ilkd.key.nparser.KeYParser
	at de.uka.ilkd.key.nparser.ParsingFacade.createParser(ParsingFacade.java:87)
	at de.uka.ilkd.key.nparser.ParsingFacade.parseFile(ParsingFacade.java:123)
	at de.uka.ilkd.key.proof.io.KeYFile.getParseContext(KeYFile.java:160)
	at de.uka.ilkd.key.proof.io.KeYFile.getProblemInformation(KeYFile.java:236)
	at de.uka.ilkd.key.proof.init.KeYUserProblemFile.readProfileFromFile(KeYUserProblemFile.java:236)
	at de.uka.ilkd.key.proof.init.KeYUserProblemFile.getProfile(KeYUserProblemFile.java:216)
	at de.uka.ilkd.key.proof.io.AbstractProblemLoader.createProblemInitializer(AbstractProblemLoader.java:508)
	at de.uka.ilkd.key.proof.io.AbstractProblemLoader.loadEnvironment(AbstractProblemLoader.java:288)
	at de.uka.ilkd.key.proof.io.AbstractProblemLoader.load(AbstractProblemLoader.java:253)
	at de.uka.ilkd.key.control.AbstractUserInterfaceControl.load(AbstractUserInterfaceControl.java:209)
	... 7 more
Could not initialize class de.uka.ilkd.key.nparser.KeYParser (file: /home/runner/work/key/key/key.core/../key.ui/examples/index/.././heap/simple/operation_contracts.key; caused by: java.lang.NoClassDefFoundError: Could not initialize class de.uka.ilkd.key.nparser.KeYParser)
	at de.uka.ilkd.key.control.AbstractUserInterfaceControl.load(AbstractUserInterfaceControl.java:221)
	at de.uka.ilkd.key.control.KeYEnvironment.load(KeYEnvironment.java:251)
	at de.uka.ilkd.key.control.KeYEnvironment.load(KeYEnvironment.java:224)
	at de.uka.ilkd.key.control.KeYEnvironment.load(KeYEnvironment.java:184)
	at de.uka.ilkd.key.control.KeYEnvironment.load(KeYEnvironment.java:261)
	at de.uka.ilkd.key.proof.runallproofs.proofcollection.TestFile.load(TestFile.java:270)
	at de.uka.ilkd.key.proof.runallproofs.proofcollection.TestFile.runKey(TestFile.java:160)
	at de.uka.ilkd.key.proof.runallproofs.proofcollection.ForkedTestFileRunner.main(ForkedTestFileRunner.java:171)
Caused by: java.lang.NoClassDefFoundError: Could not initialize class de.uka.ilkd.key.nparser.KeYParser
	at de.uka.ilkd.key.nparser.ParsingFacade.createParser(ParsingFacade.java:87)
	at de.uka.ilkd.key.nparser.ParsingFacade.parseFile(ParsingFacade.java:123)
	at de.uka.ilkd.key.proof.io.KeYFile.getParseContext(KeYFile.java:160)
	at de.uka.ilkd.key.proof.io.KeYFile.getProblemInformation(KeYFile.java:236)
	at de.uka.ilkd.key.proof.init.KeYUserProblemFile.readProfileFromFile(KeYUserProblemFile.java:236)
	at de.uka.ilkd.key.proof.init.KeYUserProblemFile.getProfile(KeYUserProblemFile.java:216)
	at de.uka.ilkd.key.proof.io.AbstractProblemLoader.createProblemInitializer(AbstractProblemLoader.java:508)
	at de.uka.ilkd.key.proof.io.AbstractProblemLoader.loadEnvironment(AbstractProblemLoader.java:288)
	at de.uka.ilkd.key.proof.io.AbstractProblemLoader.load(AbstractProblemLoader.java:253)
	at de.uka.ilkd.key.control.AbstractUserInterfaceControl.load(AbstractUserInterfaceControl.java:209)
	... 7 more
Could not initialize class de.uka.ilkd.key.nparser.KeYParser (file: /home/runner/work/key/key/key.core/../key.ui/examples/index/.././heap/simple/select_store.key; caused by: java.lang.NoClassDefFoundError: Could not initialize class de.uka.ilkd.key.nparser.KeYParser)
	at de.uka.ilkd.key.control.AbstractUserInterfaceControl.load(AbstractUserInterfaceControl.java:221)
	at de.uka.ilkd.key.control.KeYEnvironment.load(KeYEnvironment.java:251)
	at de.uka.ilkd.key.control.KeYEnvironment.load(KeYEnvironment.java:224)
	at de.uka.ilkd.key.control.KeYEnvironment.load(KeYEnvironment.java:184)
	at de.uka.ilkd.key.control.KeYEnvironment.load(KeYEnvironment.java:261)
	at de.uka.ilkd.key.proof.runallproofs.proofcollection.TestFile.load(TestFile.java:270)
	at de.uka.ilkd.key.proof.runallproofs.proofcollection.TestFile.runKey(TestFile.java:160)
	at de.uka.ilkd.key.proof.runallproofs.proofcollection.ForkedTestFileRunner.main(ForkedTestFileRunner.java:171)
Caused by: java.lang.NoClassDefFoundError: Could not initialize class de.uka.ilkd.key.nparser.KeYParser
	at de.uka.ilkd.key.nparser.ParsingFacade.createParser(ParsingFacade.java:87)
	at de.uka.ilkd.key.nparser.ParsingFacade.parseFile(ParsingFacade.java:123)
	at de.uka.ilkd.key.proof.io.KeYFile.getParseContext(KeYFile.java:160)
	at de.uka.ilkd.key.proof.io.KeYFile.getProblemInformation(KeYFile.java:236)
	at de.uka.ilkd.key.proof.init.KeYUserProblemFile.readProfileFromFile(KeYUserProblemFile.java:236)
	at de.uka.ilkd.key.proof.init.KeYUserProblemFile.getProfile(KeYUserProblemFile.java:216)
	at de.uka.ilkd.key.proof.io.AbstractProblemLoader.createProblemInitializer(AbstractProblemLoader.java:508)
	at de.uka.ilkd.key.proof.io.AbstractProblemLoader.loadEnvironment(AbstractProblemLoader.java:288)
	at de.uka.ilkd.key.proof.io.AbstractProblemLoader.load(AbstractProblemLoader.java:253)
	at de.uka.ilkd.key.control.AbstractUserInterfaceControl.load(AbstractUserInterfaceControl.java:209)
	... 7 more
Could not initialize class de.uka.ilkd.key.nparser.KeYParser (file: /home/runner/work/key/key/key.core/../key.ui/examples/index/.././heap/simple/selection_sort.key; caused by: java.lang.NoClassDefFoundError: Could not initialize class de.uka.ilkd.key.nparser.KeYParser)
	at de.uka.ilkd.key.control.AbstractUserInterfaceControl.load(AbstractUserInterfaceControl.java:221)
	at de.uka.ilkd.key.control.KeYEnvironment.load(KeYEnvironment.java:251)
	at de.uka.ilkd.key.control.KeYEnvironment.load(KeYEnvironment.java:224)
	at de.uka.ilkd.key.control.KeYEnvironment.load(KeYEnvironment.java:184)
	at de.uka.ilkd.key.control.KeYEnvironment.load(KeYEnvironment.java:261)
	at de.uka.ilkd.key.proof.runallproofs.proofcollection.TestFile.load(TestFile.java:270)
	at de.uka.ilkd.key.proof.runallproofs.proofcollection.TestFile.runKey(TestFile.java:160)
	at de.uka.ilkd.key.proof.runallproofs.proofcollection.ForkedTestFileRunner.main(ForkedTestFileRunner.java:171)
Caused by: java.lang.NoClassDefFoundError: Could not initialize class de.uka.ilkd.key.nparser.KeYParser
	at de.uka.ilkd.key.nparser.ParsingFacade.createParser(ParsingFacade.java:87)
	at de.uka.ilkd.key.nparser.ParsingFacade.parseFile(ParsingFacade.java:123)
	at de.uka.ilkd.key.proof.io.KeYFile.getParseContext(KeYFile.java:160)
	at de.uka.ilkd.key.proof.io.KeYFile.getProblemInformation(KeYFile.java:236)
	at de.uka.ilkd.key.proof.init.KeYUserProblemFile.readProfileFromFile(KeYUserProblemFile.java:236)
	at de.uka.ilkd.key.proof.init.KeYUserProblemFile.getProfile(KeYUserProblemFile.java:216)
	at de.uka.ilkd.key.proof.io.AbstractProblemLoader.createProblemInitializer(AbstractProblemLoader.java:508)
	at de.uka.ilkd.key.proof.io.AbstractProblemLoader.loadEnvironment(AbstractProblemLoader.java:288)
	at de.uka.ilkd.key.proof.io.AbstractProblemLoader.load(AbstractProblemLoader.java:253)
	at de.uka.ilkd.key.control.AbstractUserInterfaceControl.load(AbstractUserInterfaceControl.java:209)
	... 7 more
Could not initialize class de.uka.ilkd.key.nparser.KeYParser (file: /home/runner/work/key/key/key.core/../key.ui/examples/index/.././heap/simple/seq.key; caused by: java.lang.NoClassDefFoundError: Could not initialize class de.uka.ilkd.key.nparser.KeYParser)
	at de.uka.ilkd.key.control.AbstractUserInterfaceControl.load(AbstractUserInterfaceControl.java:221)
	at de.uka.ilkd.key.control.KeYEnvironment.load(KeYEnvironment.java:251)
	at de.uka.ilkd.key.control.KeYEnvironment.load(KeYEnvironment.java:224)
	at de.uka.ilkd.key.control.KeYEnvironment.load(KeYEnvironment.java:184)
	at de.uka.ilkd.key.control.KeYEnvironment.load(KeYEnvironment.java:261)
	at de.uka.ilkd.key.proof.runallproofs.proofcollection.TestFile.load(TestFile.java:270)
	at de.uka.ilkd.key.proof.runallproofs.proofcollection.TestFile.runKey(TestFile.java:160)
	at de.uka.ilkd.key.proof.runallproofs.proofcollection.ForkedTestFileRunner.main(ForkedTestFileRunner.java:171)
Caused by: java.lang.NoClassDefFoundError: Could not initialize class de.uka.ilkd.key.nparser.KeYParser
	at de.uka.ilkd.key.nparser.ParsingFacade.createParser(ParsingFacade.java:87)
	at de.uka.ilkd.key.nparser.ParsingFacade.parseFile(ParsingFacade.java:123)
	at de.uka.ilkd.key.proof.io.KeYFile.getParseContext(KeYFile.java:160)
	at de.uka.ilkd.key.proof.io.KeYFile.getProblemInformation(KeYFile.java:236)
	at de.uka.ilkd.key.proof.init.KeYUserProblemFile.readProfileFromFile(KeYUserProblemFile.java:236)
	at de.uka.ilkd.key.proof.init.KeYUserProblemFile.getProfile(KeYUserProblemFile.java:216)
	at de.uka.ilkd.key.proof.io.AbstractProblemLoader.createProblemInitializer(AbstractProblemLoader.java:508)
	at de.uka.ilkd.key.proof.io.AbstractProblemLoader.loadEnvironment(AbstractProblemLoader.java:288)
	at de.uka.ilkd.key.proof.io.AbstractProblemLoader.load(AbstractProblemLoader.java:253)
	at de.uka.ilkd.key.control.AbstractUserInterfaceControl.load(AbstractUserInterfaceControl.java:209)
	... 7 more
Could not initialize class de.uka.ilkd.key.nparser.KeYParser (file: /home/runner/work/key/key/key.core/../key.ui/examples/index/.././heap/simple/oldForParams.key; caused by: java.lang.NoClassDefFoundError: Could not initialize class de.uka.ilkd.key.nparser.KeYParser)
	at de.uka.ilkd.key.control.AbstractUserInterfaceControl.load(AbstractUserInterfaceControl.java:221)
	at de.uka.ilkd.key.control.KeYEnvironment.load(KeYEnvironment.java:251)
	at de.uka.ilkd.key.control.KeYEnvironment.load(KeYEnvironment.java:224)
	at de.uka.ilkd.key.control.KeYEnvironment.load(KeYEnvironment.java:184)
	at de.uka.ilkd.key.control.KeYEnvironment.load(KeYEnvironment.java:261)
	at de.uka.ilkd.key.proof.runallproofs.proofcollection.TestFile.load(TestFile.java:270)
	at de.uka.ilkd.key.proof.runallproofs.proofcollection.TestFile.runKey(TestFile.java:160)
	at de.uka.ilkd.key.proof.runallproofs.proofcollection.ForkedTestFileRunner.main(ForkedTestFileRunner.java:171)
Caused by: java.lang.NoClassDefFoundError: Could not initialize class de.uka.ilkd.key.nparser.KeYParser
	at de.uka.ilkd.key.nparser.ParsingFacade.createParser(ParsingFacade.java:87)
	at de.uka.ilkd.key.nparser.ParsingFacade.parseFile(ParsingFacade.java:123)
	at de.uka.ilkd.key.proof.io.KeYFile.getParseContext(KeYFile.java:160)
	at de.uka.ilkd.key.proof.io.KeYFile.getProblemInformation(KeYFile.java:236)
	at de.uka.ilkd.key.proof.init.KeYUserProblemFile.readProfileFromFile(KeYUserProblemFile.java:236)
	at de.uka.ilkd.key.proof.init.KeYUserProblemFile.getProfile(KeYUserProblemFile.java:216)
	at de.uka.ilkd.key.proof.io.AbstractProblemLoader.createProblemInitializer(AbstractProblemLoader.java:508)
	at de.uka.ilkd.key.proof.io.AbstractProblemLoader.loadEnvironment(AbstractProblemLoader.java:288)
	at de.uka.ilkd.key.proof.io.AbstractProblemLoader.load(AbstractProblemLoader.java:253)
	at de.uka.ilkd.key.control.AbstractUserInterfaceControl.load(AbstractUserInterfaceControl.java:209)
	... 7 more
Could not initialize class de.uka.ilkd.key.nparser.KeYParser (file: /home/runner/work/key/key/key.core/../key.ui/examples/index/.././heap/simple/parse_lmtd.key; caused by: java.lang.NoClassDefFoundError: Could not initialize class de.uka.ilkd.key.nparser.KeYParser)
	at de.uka.ilkd.key.control.AbstractUserInterfaceControl.load(AbstractUserInterfaceControl.java:221)
	at de.uka.ilkd.key.control.KeYEnvironment.load(KeYEnvironment.java:251)
	at de.uka.ilkd.key.control.KeYEnvironment.load(KeYEnvironment.java:224)
	at de.uka.ilkd.key.control.KeYEnvironment.load(KeYEnvironment.java:184)
	at de.uka.ilkd.key.control.KeYEnvironment.load(KeYEnvironment.java:261)
	at de.uka.ilkd.key.proof.runallproofs.proofcollection.TestFile.load(TestFile.java:270)
	at de.uka.ilkd.key.proof.runallproofs.proofcollection.TestFile.runKey(TestFile.java:160)
	at de.uka.ilkd.key.proof.runallproofs.proofcollection.ForkedTestFileRunner.main(ForkedTestFileRunner.java:171)
Caused by: java.lang.NoClassDefFoundError: Could not initialize class de.uka.ilkd.key.nparser.KeYParser
	at de.uka.ilkd.key.nparser.ParsingFacade.createParser(ParsingFacade.java:87)
	at de.uka.ilkd.key.nparser.ParsingFacade.parseFile(ParsingFacade.java:123)
	at de.uka.ilkd.key.proof.io.KeYFile.getParseContext(KeYFile.java:160)
	at de.uka.ilkd.key.proof.io.KeYFile.getProblemInformation(KeYFile.java:236)
	at de.uka.ilkd.key.proof.init.KeYUserProblemFile.readProfileFromFile(KeYUserProblemFile.java:236)
	at de.uka.ilkd.key.proof.init.KeYUserProblemFile.getProfile(KeYUserProblemFile.java:216)
	at de.uka.ilkd.key.proof.io.AbstractProblemLoader.createProblemInitializer(AbstractProblemLoader.java:508)
	at de.uka.ilkd.key.proof.io.AbstractProblemLoader.loadEnvironment(AbstractProblemLoader.java:288)
	at de.uka.ilkd.key.proof.io.AbstractProblemLoader.load(AbstractProblemLoader.java:253)
	at de.uka.ilkd.key.control.AbstractUserInterfaceControl.load(AbstractUserInterfaceControl.java:209)
	... 7 more
Could not initialize class de.uka.ilkd.key.nparser.KeYParser (file: /home/runner/work/key/key/key.core/../key.ui/examples/index/.././heap/strictly_pure/strictlyPureMethod.key; caused by: java.lang.NoClassDefFoundError: Could not initialize class de.uka.ilkd.key.nparser.KeYParser)
	at de.uka.ilkd.key.control.AbstractUserInterfaceControl.load(AbstractUserInterfaceControl.java:221)
	at de.uka.ilkd.key.control.KeYEnvironment.load(KeYEnvironment.java:251)
	at de.uka.ilkd.key.control.KeYEnvironment.load(KeYEnvironment.java:224)
	at de.uka.ilkd.key.control.KeYEnvironment.load(KeYEnvironment.java:184)
	at de.uka.ilkd.key.control.KeYEnvironment.load(KeYEnvironment.java:261)
	at de.uka.ilkd.key.proof.runallproofs.proofcollection.TestFile.load(TestFile.java:270)
	at de.uka.ilkd.key.proof.runallproofs.proofcollection.TestFile.runKey(TestFile.java:160)
	at de.uka.ilkd.key.proof.runallproofs.proofcollection.ForkedTestFileRunner.main(ForkedTestFileRunner.java:171)
Caused by: java.lang.NoClassDefFoundError: Could not initialize class de.uka.ilkd.key.nparser.KeYParser
	at de.uka.ilkd.key.nparser.ParsingFacade.createParser(ParsingFacade.java:87)
	at de.uka.ilkd.key.nparser.ParsingFacade.parseFile(ParsingFacade.java:123)
	at de.uka.ilkd.key.proof.io.KeYFile.getParseContext(KeYFile.java:160)
	at de.uka.ilkd.key.proof.io.KeYFile.getProblemInformation(KeYFile.java:236)
	at de.uka.ilkd.key.proof.init.KeYUserProblemFile.readProfileFromFile(KeYUserProblemFile.java:236)
	at de.uka.ilkd.key.proof.init.KeYUserProblemFile.getProfile(KeYUserProblemFile.java:216)
	at de.uka.ilkd.key.proof.io.AbstractProblemLoader.createProblemInitializer(AbstractProblemLoader.java:508)
	at de.uka.ilkd.key.proof.io.AbstractProblemLoader.loadEnvironment(AbstractProblemLoader.java:288)
	at de.uka.ilkd.key.proof.io.AbstractProblemLoader.load(AbstractProblemLoader.java:253)
	at de.uka.ilkd.key.control.AbstractUserInterfaceControl.load(AbstractUserInterfaceControl.java:209)
	... 7 more
Could not initialize class de.uka.ilkd.key.nparser.KeYParser (file: /home/runner/work/key/key/key.core/../key.ui/examples/index/.././heap/strictly_pure/useStrictlyPureMethod.key; caused by: java.lang.NoClassDefFoundError: Could not initialize class de.uka.ilkd.key.nparser.KeYParser)
	at de.uka.ilkd.key.control.AbstractUserInterfaceControl.load(AbstractUserInterfaceControl.java:221)
	at de.uka.ilkd.key.control.KeYEnvironment.load(KeYEnvironment.java:251)
	at de.uka.ilkd.key.control.KeYEnvironment.load(KeYEnvironment.java:224)
	at de.uka.ilkd.key.control.KeYEnvironment.load(KeYEnvironment.java:184)
	at de.uka.ilkd.key.control.KeYEnvironment.load(KeYEnvironment.java:261)
	at de.uka.ilkd.key.proof.runallproofs.proofcollection.TestFile.load(TestFile.java:270)
	at de.uka.ilkd.key.proof.runallproofs.proofcollection.TestFile.runKey(TestFile.java:160)
	at de.uka.ilkd.key.proof.runallproofs.proofcollection.ForkedTestFileRunner.main(ForkedTestFileRunner.java:171)
Caused by: java.lang.NoClassDefFoundError: Could not initialize class de.uka.ilkd.key.nparser.KeYParser
	at de.uka.ilkd.key.nparser.ParsingFacade.createParser(ParsingFacade.java:87)
	at de.uka.ilkd.key.nparser.ParsingFacade.parseFile(ParsingFacade.java:123)
	at de.uka.ilkd.key.proof.io.KeYFile.getParseContext(KeYFile.java:160)
	at de.uka.ilkd.key.proof.io.KeYFile.getProblemInformation(KeYFile.java:236)
	at de.uka.ilkd.key.proof.init.KeYUserProblemFile.readProfileFromFile(KeYUserProblemFile.java:236)
	at de.uka.ilkd.key.proof.init.KeYUserProblemFile.getProfile(KeYUserProblemFile.java:216)
	at de.uka.ilkd.key.proof.io.AbstractProblemLoader.createProblemInitializer(AbstractProblemLoader.java:508)
	at de.uka.ilkd.key.proof.io.AbstractProblemLoader.loadEnvironment(AbstractProblemLoader.java:288)
	at de.uka.ilkd.key.proof.io.AbstractProblemLoader.load(AbstractProblemLoader.java:253)
	at de.uka.ilkd.key.control.AbstractUserInterfaceControl.load(AbstractUserInterfaceControl.java:209)
	... 7 more
Could not initialize class de.uka.ilkd.key.nparser.KeYParser (file: /home/runner/work/key/key/key.core/../key.ui/examples/index/.././heap/Wellfounded/ackermann.key; caused by: java.lang.NoClassDefFoundError: Could not initialize class de.uka.ilkd.key.nparser.KeYParser)
	at de.uka.ilkd.key.control.AbstractUserInterfaceControl.load(AbstractUserInterfaceControl.java:221)
	at de.uka.ilkd.key.control.KeYEnvironment.load(KeYEnvironment.java:251)
	at de.uka.ilkd.key.control.KeYEnvironment.load(KeYEnvironment.java:224)
	at de.uka.ilkd.key.control.KeYEnvironment.load(KeYEnvironment.java:184)
	at de.uka.ilkd.key.control.KeYEnvironment.load(KeYEnvironment.java:261)
	at de.uka.ilkd.key.proof.runallproofs.proofcollection.TestFile.load(TestFile.java:270)
	at de.uka.ilkd.key.proof.runallproofs.proofcollection.TestFile.runKey(TestFile.java:160)
	at de.uka.ilkd.key.proof.runallproofs.proofcollection.ForkedTestFileRunner.main(ForkedTestFileRunner.java:171)
Caused by: java.lang.NoClassDefFoundError: Could not initialize class de.uka.ilkd.key.nparser.KeYParser
	at de.uka.ilkd.key.nparser.ParsingFacade.createParser(ParsingFacade.java:87)
	at de.uka.ilkd.key.nparser.ParsingFacade.parseFile(ParsingFacade.java:123)
	at de.uka.ilkd.key.proof.io.KeYFile.getParseContext(KeYFile.java:160)
	at de.uka.ilkd.key.proof.io.KeYFile.getProblemInformation(KeYFile.java:236)
	at de.uka.ilkd.key.proof.init.KeYUserProblemFile.readProfileFromFile(KeYUserProblemFile.java:236)
	at de.uka.ilkd.key.proof.init.KeYUserProblemFile.getProfile(KeYUserProblemFile.java:216)
	at de.uka.ilkd.key.proof.io.AbstractProblemLoader.createProblemInitializer(AbstractProblemLoader.java:508)
	at de.uka.ilkd.key.proof.io.AbstractProblemLoader.loadEnvironment(AbstractProblemLoader.java:288)
	at de.uka.ilkd.key.proof.io.AbstractProblemLoader.load(AbstractProblemLoader.java:253)
	at de.uka.ilkd.key.control.AbstractUserInterfaceControl.load(AbstractUserInterfaceControl.java:209)
	... 7 more
Could not initialize class de.uka.ilkd.key.nparser.KeYParser (file: /home/runner/work/key/key/key.core/../key.ui/examples/index/.././standard_key/unicode_test.key; caused by: java.lang.NoClassDefFoundError: Could not initialize class de.uka.ilkd.key.nparser.KeYParser)
	at de.uka.ilkd.key.control.AbstractUserInterfaceControl.load(AbstractUserInterfaceControl.java:221)
	at de.uka.ilkd.key.control.KeYEnvironment.load(KeYEnvironment.java:251)
	at de.uka.ilkd.key.control.KeYEnvironment.load(KeYEnvironment.java:224)
	at de.uka.ilkd.key.control.KeYEnvironment.load(KeYEnvironment.java:184)
	at de.uka.ilkd.key.control.KeYEnvironment.load(KeYEnvironment.java:261)
	at de.uka.ilkd.key.proof.runallproofs.proofcollection.TestFile.load(TestFile.java:270)
	at de.uka.ilkd.key.proof.runallproofs.proofcollection.TestFile.runKey(TestFile.java:160)
	at de.uka.ilkd.key.proof.runallproofs.proofcollection.ForkedTestFileRunner.main(ForkedTestFileRunner.java:171)
Caused by: java.lang.NoClassDefFoundError: Could not initialize class de.uka.ilkd.key.nparser.KeYParser
	at de.uka.ilkd.key.nparser.ParsingFacade.createParser(ParsingFacade.java:87)
	at de.uka.ilkd.key.nparser.ParsingFacade.parseFile(ParsingFacade.java:123)
	at de.uka.ilkd.key.proof.io.KeYFile.getParseContext(KeYFile.java:160)
	at de.uka.ilkd.key.proof.io.KeYFile.getProblemInformation(KeYFile.java:236)
	at de.uka.ilkd.key.proof.init.KeYUserProblemFile.readProfileFromFile(KeYUserProblemFile.java:236)
	at de.uka.ilkd.key.proof.init.KeYUserProblemFile.getProfile(KeYUserProblemFile.java:216)
	at de.uka.ilkd.key.proof.io.AbstractProblemLoader.createProblemInitializer(AbstractProblemLoader.java:508)
	at de.uka.ilkd.key.proof.io.AbstractProblemLoader.loadEnvironment(AbstractProblemLoader.java:288)
	at de.uka.ilkd.key.proof.io.AbstractProblemLoader.load(AbstractProblemLoader.java:253)
	at de.uka.ilkd.key.control.AbstractUserInterfaceControl.load(AbstractUserInterfaceControl.java:209)
	... 7 more
Could not initialize class de.uka.ilkd.key.nparser.KeYParser (file: /home/runner/work/key/key/key.core/../key.ui/examples/index/.././heap/strictlyModular/mayExpand.key; caused by: java.lang.NoClassDefFoundError: Could not initialize class de.uka.ilkd.key.nparser.KeYParser)
	at de.uka.ilkd.key.control.AbstractUserInterfaceControl.load(AbstractUserInterfaceControl.java:221)
	at de.uka.ilkd.key.control.KeYEnvironment.load(KeYEnvironment.java:251)
	at de.uka.ilkd.key.control.KeYEnvironment.load(KeYEnvironment.java:224)
	at de.uka.ilkd.key.control.KeYEnvironment.load(KeYEnvironment.java:184)
	at de.uka.ilkd.key.control.KeYEnvironment.load(KeYEnvironment.java:261)
	at de.uka.ilkd.key.proof.runallproofs.proofcollection.TestFile.load(TestFile.java:270)
	at de.uka.ilkd.key.proof.runallproofs.proofcollection.TestFile.runKey(TestFile.java:160)
	at de.uka.ilkd.key.proof.runallproofs.proofcollection.ForkedTestFileRunner.main(ForkedTestFileRunner.java:171)
Caused by: java.lang.NoClassDefFoundError: Could not initialize class de.uka.ilkd.key.nparser.KeYParser
	at de.uka.ilkd.key.nparser.ParsingFacade.createParser(ParsingFacade.java:87)
	at de.uka.ilkd.key.nparser.ParsingFacade.parseFile(ParsingFacade.java:123)
	at de.uka.ilkd.key.proof.io.KeYFile.getParseContext(KeYFile.java:160)
	at de.uka.ilkd.key.proof.io.KeYFile.getProblemInformation(KeYFile.java:236)
	at de.uka.ilkd.key.proof.init.KeYUserProblemFile.readProfileFromFile(KeYUserProblemFile.java:236)
	at de.uka.ilkd.key.proof.init.KeYUserProblemFile.getProfile(KeYUserProblemFile.java:216)
	at de.uka.ilkd.key.proof.io.AbstractProblemLoader.createProblemInitializer(AbstractProblemLoader.java:508)
	at de.uka.ilkd.key.proof.io.AbstractProblemLoader.loadEnvironment(AbstractProblemLoader.java:288)
	at de.uka.ilkd.key.proof.io.AbstractProblemLoader.load(AbstractProblemLoader.java:253)
	at de.uka.ilkd.key.control.AbstractUserInterfaceControl.load(AbstractUserInterfaceControl.java:209)
	... 7 more
Could not initialize class de.uka.ilkd.key.nparser.KeYParser (file: /home/runner/work/key/key/key.core/../key.ui/examples/index/.././heap/strictlyModular/modularOnly.key; caused by: java.lang.NoClassDefFoundError: Could not initialize class de.uka.ilkd.key.nparser.KeYParser)
	at de.uka.ilkd.key.control.AbstractUserInterfaceControl.load(AbstractUserInterfaceControl.java:221)
	at de.uka.ilkd.key.control.KeYEnvironment.load(KeYEnvironment.java:251)
	at de.uka.ilkd.key.control.KeYEnvironment.load(KeYEnvironment.java:224)
	at de.uka.ilkd.key.control.KeYEnvironment.load(KeYEnvironment.java:184)
	at de.uka.ilkd.key.control.KeYEnvironment.load(KeYEnvironment.java:261)
	at de.uka.ilkd.key.proof.runallproofs.proofcollection.TestFile.load(TestFile.java:270)
	at de.uka.ilkd.key.proof.runallproofs.proofcollection.TestFile.runKey(TestFile.java:160)
	at de.uka.ilkd.key.proof.runallproofs.proofcollection.ForkedTestFileRunner.main(ForkedTestFileRunner.java:171)
Caused by: java.lang.NoClassDefFoundError: Could not initialize class de.uka.ilkd.key.nparser.KeYParser
	at de.uka.ilkd.key.nparser.ParsingFacade.createParser(ParsingFacade.java:87)
	at de.uka.ilkd.key.nparser.ParsingFacade.parseFile(ParsingFacade.java:123)
	at de.uka.ilkd.key.proof.io.KeYFile.getParseContext(KeYFile.java:160)
	at de.uka.ilkd.key.proof.io.KeYFile.getProblemInformation(KeYFile.java:236)
	at de.uka.ilkd.key.proof.init.KeYUserProblemFile.readProfileFromFile(KeYUserProblemFile.java:236)
	at de.uka.ilkd.key.proof.init.KeYUserProblemFile.getProfile(KeYUserProblemFile.java:216)
	at de.uka.ilkd.key.proof.io.AbstractProblemLoader.createProblemInitializer(AbstractProblemLoader.java:508)
	at de.uka.ilkd.key.proof.io.AbstractProblemLoader.loadEnvironment(AbstractProblemLoader.java:288)
	at de.uka.ilkd.key.proof.io.AbstractProblemLoader.load(AbstractProblemLoader.java:253)
	at de.uka.ilkd.key.control.AbstractUserInterfaceControl.load(AbstractUserInterfaceControl.java:209)
	... 7 more
Exception in thread "main" org.opentest4j.AssertionFailedError: Exception during the execution of proofs. See log for more details.
	at org.junit.jupiter.api.AssertionUtils.fail(AssertionUtils.java:38)
	at org.junit.jupiter.api.Assertions.fail(Assertions.java:135)
	at de.uka.ilkd.key.proof.runallproofs.proofcollection.ForkedTestFileRunner.main(ForkedTestFileRunner.java:192)
Timeout watcher launched (2000 secs.)
ANTLR Tool version 4.9.3 used for code generation does not match the current runtime version 4.12.0
 (file: /home/runner/work/key/key/key.core/../key.ui/examples/index/.././heap/SmansEtAl/ArrayList_add.key; caused by: java.lang.ExceptionInInitializerError)
	at de.uka.ilkd.key.control.AbstractUserInterfaceControl.load(AbstractUserInterfaceControl.java:221)
	at de.uka.ilkd.key.control.KeYEnvironment.load(KeYEnvironment.java:251)
	at de.uka.ilkd.key.control.KeYEnvironment.load(KeYEnvironment.java:224)
	at de.uka.ilkd.key.control.KeYEnvironment.load(KeYEnvironment.java:184)
	at de.uka.ilkd.key.control.KeYEnvironment.load(KeYEnvironment.java:261)
	at de.uka.ilkd.key.proof.runallproofs.proofcollection.TestFile.load(TestFile.java:270)
	at de.uka.ilkd.key.proof.runallproofs.proofcollection.TestFile.runKey(TestFile.java:160)
	at de.uka.ilkd.key.proof.runallproofs.proofcollection.ForkedTestFileRunner.main(ForkedTestFileRunner.java:171)
Caused by: java.lang.ExceptionInInitializerError
	at de.uka.ilkd.key.nparser.ParsingFacade.createParser(ParsingFacade.java:87)
	at de.uka.ilkd.key.nparser.ParsingFacade.parseFile(ParsingFacade.java:123)
	at de.uka.ilkd.key.proof.io.KeYFile.getParseContext(KeYFile.java:160)
	at de.uka.ilkd.key.proof.io.KeYFile.getProblemInformation(KeYFile.java:236)
	at de.uka.ilkd.key.proof.init.KeYUserProblemFile.readProfileFromFile(KeYUserProblemFile.java:236)
	at de.uka.ilkd.key.proof.init.KeYUserProblemFile.getProfile(KeYUserProblemFile.java:216)
	at de.uka.ilkd.key.proof.io.AbstractProblemLoader.createProblemInitializer(AbstractProblemLoader.java:508)
	at de.uka.ilkd.key.proof.io.AbstractProblemLoader.loadEnvironment(AbstractProblemLoader.java:288)
	at de.uka.ilkd.key.proof.io.AbstractProblemLoader.load(AbstractProblemLoader.java:253)
	at de.uka.ilkd.key.control.AbstractUserInterfaceControl.load(AbstractUserInterfaceControl.java:209)
	... 7 more
Caused by: java.lang.UnsupportedOperationException: java.io.InvalidClassException: org.antlr.v4.runtime.atn.ATN; Could not deserialize ATN with version 3 (expected 4).
	at org.antlr.v4.runtime.atn.ATNDeserializer.deserialize(ATNDeserializer.java:56)
	at org.antlr.v4.runtime.atn.ATNDeserializer.deserialize(ATNDeserializer.java:48)
	at de.uka.ilkd.key.nparser.KeYParser.<clinit>(KeYParser.java:11834)
	... 17 more
Caused by: java.io.InvalidClassException: org.antlr.v4.runtime.atn.ATN; Could not deserialize ATN with version 3 (expected 4).
	... 20 more
Could not initialize class de.uka.ilkd.key.nparser.KeYParser (file: /home/runner/work/key/key/key.core/../key.ui/examples/index/.././heap/SmansEtAl/ArrayList_ArrayList.key; caused by: java.lang.NoClassDefFoundError: Could not initialize class de.uka.ilkd.key.nparser.KeYParser)
	at de.uka.ilkd.key.control.AbstractUserInterfaceControl.load(AbstractUserInterfaceControl.java:221)
	at de.uka.ilkd.key.control.KeYEnvironment.load(KeYEnvironment.java:251)
	at de.uka.ilkd.key.control.KeYEnvironment.load(KeYEnvironment.java:224)
	at de.uka.ilkd.key.control.KeYEnvironment.load(KeYEnvironment.java:184)
	at de.uka.ilkd.key.control.KeYEnvironment.load(KeYEnvironment.java:261)
	at de.uka.ilkd.key.proof.runallproofs.proofcollection.TestFile.load(TestFile.java:270)
	at de.uka.ilkd.key.proof.runallproofs.proofcollection.TestFile.runKey(TestFile.java:160)
	at de.uka.ilkd.key.proof.runallproofs.proofcollection.ForkedTestFileRunner.main(ForkedTestFileRunner.java:171)
Caused by: java.lang.NoClassDefFoundError: Could not initialize class de.uka.ilkd.key.nparser.KeYParser
	at de.uka.ilkd.key.nparser.ParsingFacade.createParser(ParsingFacade.java:87)
	at de.uka.ilkd.key.nparser.ParsingFacade.parseFile(ParsingFacade.java:123)
	at de.uka.ilkd.key.proof.io.KeYFile.getParseContext(KeYFile.java:160)
	at de.uka.ilkd.key.proof.io.KeYFile.getProblemInformation(KeYFile.java:236)
	at de.uka.ilkd.key.proof.init.KeYUserProblemFile.readProfileFromFile(KeYUserProblemFile.java:236)
	at de.uka.ilkd.key.proof.init.KeYUserProblemFile.getProfile(KeYUserProblemFile.java:216)
	at de.uka.ilkd.key.proof.io.AbstractProblemLoader.createProblemInitializer(AbstractProblemLoader.java:508)
	at de.uka.ilkd.key.proof.io.AbstractProblemLoader.loadEnvironment(AbstractProblemLoader.java:288)
	at de.uka.ilkd.key.proof.io.AbstractProblemLoader.load(AbstractProblemLoader.java:253)
	at de.uka.ilkd.key.control.AbstractUserInterfaceControl.load(AbstractUserInterfaceControl.java:209)
	... 7 more
Could not initialize class de.uka.ilkd.key.nparser.KeYParser (file: /home/runner/work/key/key/key.core/../key.ui/examples/index/.././heap/SmansEtAl/ArrayList_footprint.key; caused by: java.lang.NoClassDefFoundError: Could not initialize class de.uka.ilkd.key.nparser.KeYParser)
	at de.uka.ilkd.key.control.AbstractUserInterfaceControl.load(AbstractUserInterfaceControl.java:221)
	at de.uka.ilkd.key.control.KeYEnvironment.load(KeYEnvironment.java:251)
	at de.uka.ilkd.key.control.KeYEnvironment.load(KeYEnvironment.java:224)
	at de.uka.ilkd.key.control.KeYEnvironment.load(KeYEnvironment.java:184)
	at de.uka.ilkd.key.control.KeYEnvironment.load(KeYEnvironment.java:261)
	at de.uka.ilkd.key.proof.runallproofs.proofcollection.TestFile.load(TestFile.java:270)
	at de.uka.ilkd.key.proof.runallproofs.proofcollection.TestFile.runKey(TestFile.java:160)
	at de.uka.ilkd.key.proof.runallproofs.proofcollection.ForkedTestFileRunner.main(ForkedTestFileRunner.java:171)
Caused by: java.lang.NoClassDefFoundError: Could not initialize class de.uka.ilkd.key.nparser.KeYParser
	at de.uka.ilkd.key.nparser.ParsingFacade.createParser(ParsingFacade.java:87)
	at de.uka.ilkd.key.nparser.ParsingFacade.parseFile(ParsingFacade.java:123)
	at de.uka.ilkd.key.proof.io.KeYFile.getParseContext(KeYFile.java:160)
	at de.uka.ilkd.key.proof.io.KeYFile.getProblemInformation(KeYFile.java:236)
	at de.uka.ilkd.key.proof.init.KeYUserProblemFile.readProfileFromFile(KeYUserProblemFile.java:236)
	at de.uka.ilkd.key.proof.init.KeYUserProblemFile.getProfile(KeYUserProblemFile.java:216)
	at de.uka.ilkd.key.proof.io.AbstractProblemLoader.createProblemInitializer(AbstractProblemLoader.java:508)
	at de.uka.ilkd.key.proof.io.AbstractProblemLoader.loadEnvironment(AbstractProblemLoader.java:288)
	at de.uka.ilkd.key.proof.io.AbstractProblemLoader.load(AbstractProblemLoader.java:253)
	at de.uka.ilkd.key.control.AbstractUserInterfaceControl.load(AbstractUserInterfaceControl.java:209)
	... 7 more
Could not initialize class de.uka.ilkd.key.nparser.KeYParser (file: /home/runner/work/key/key/key.core/../key.ui/examples/index/.././heap/SmansEtAl/ArrayList_get_dep.key; caused by: java.lang.NoClassDefFoundError: Could not initialize class de.uka.ilkd.key.nparser.KeYParser)
	at de.uka.ilkd.key.control.AbstractUserInterfaceControl.load(AbstractUserInterfaceControl.java:221)
	at de.uka.ilkd.key.control.KeYEnvironment.load(KeYEnvironment.java:251)
	at de.uka.ilkd.key.control.KeYEnvironment.load(KeYEnvironment.java:224)
	at de.uka.ilkd.key.control.KeYEnvironment.load(KeYEnvironment.java:184)
	at de.uka.ilkd.key.control.KeYEnvironment.load(KeYEnvironment.java:261)
	at de.uka.ilkd.key.proof.runallproofs.proofcollection.TestFile.load(TestFile.java:270)
	at de.uka.ilkd.key.proof.runallproofs.proofcollection.TestFile.runKey(TestFile.java:160)
	at de.uka.ilkd.key.proof.runallproofs.proofcollection.ForkedTestFileRunner.main(ForkedTestFileRunner.java:171)
Caused by: java.lang.NoClassDefFoundError: Could not initialize class de.uka.ilkd.key.nparser.KeYParser
	at de.uka.ilkd.key.nparser.ParsingFacade.createParser(ParsingFacade.java:87)
	at de.uka.ilkd.key.nparser.ParsingFacade.parseFile(ParsingFacade.java:123)
	at de.uka.ilkd.key.proof.io.KeYFile.getParseContext(KeYFile.java:160)
	at de.uka.ilkd.key.proof.io.KeYFile.getProblemInformation(KeYFile.java:236)
	at de.uka.ilkd.key.proof.init.KeYUserProblemFile.readProfileFromFile(KeYUserProblemFile.java:236)
	at de.uka.ilkd.key.proof.init.KeYUserProblemFile.getProfile(KeYUserProblemFile.java:216)
	at de.uka.ilkd.key.proof.io.AbstractProblemLoader.createProblemInitializer(AbstractProblemLoader.java:508)
	at de.uka.ilkd.key.proof.io.AbstractProblemLoader.loadEnvironment(AbstractProblemLoader.java:288)
	at de.uka.ilkd.key.proof.io.AbstractProblemLoader.load(AbstractProblemLoader.java:253)
	at de.uka.ilkd.key.control.AbstractUserInterfaceControl.load(AbstractUserInterfaceControl.java:209)
	... 7 more
Could not initialize class de.uka.ilkd.key.nparser.KeYParser (file: /home/runner/work/key/key/key.core/../key.ui/examples/index/.././heap/SmansEtAl/ArrayList_get.key; caused by: java.lang.NoClassDefFoundError: Could not initialize class de.uka.ilkd.key.nparser.KeYParser)
	at de.uka.ilkd.key.control.AbstractUserInterfaceControl.load(AbstractUserInterfaceControl.java:221)
	at de.uka.ilkd.key.control.KeYEnvironment.load(KeYEnvironment.java:251)
	at de.uka.ilkd.key.control.KeYEnvironment.load(KeYEnvironment.java:224)
	at de.uka.ilkd.key.control.KeYEnvironment.load(KeYEnvironment.java:184)
	at de.uka.ilkd.key.control.KeYEnvironment.load(KeYEnvironment.java:261)
	at de.uka.ilkd.key.proof.runallproofs.proofcollection.TestFile.load(TestFile.java:270)
	at de.uka.ilkd.key.proof.runallproofs.proofcollection.TestFile.runKey(TestFile.java:160)
	at de.uka.ilkd.key.proof.runallproofs.proofcollection.ForkedTestFileRunner.main(ForkedTestFileRunner.java:171)
Caused by: java.lang.NoClassDefFoundError: Could not initialize class de.uka.ilkd.key.nparser.KeYParser
	at de.uka.ilkd.key.nparser.ParsingFacade.createParser(ParsingFacade.java:87)
	at de.uka.ilkd.key.nparser.ParsingFacade.parseFile(ParsingFacade.java:123)
	at de.uka.ilkd.key.proof.io.KeYFile.getParseContext(KeYFile.java:160)
	at de.uka.ilkd.key.proof.io.KeYFile.getProblemInformation(KeYFile.java:236)
	at de.uka.ilkd.key.proof.init.KeYUserProblemFile.readProfileFromFile(KeYUserProblemFile.java:236)
	at de.uka.ilkd.key.proof.init.KeYUserProblemFile.getProfile(KeYUserProblemFile.java:216)
	at de.uka.ilkd.key.proof.io.AbstractProblemLoader.createProblemInitializer(AbstractProblemLoader.java:508)
	at de.uka.ilkd.key.proof.io.AbstractProblemLoader.loadEnvironment(AbstractProblemLoader.java:288)
	at de.uka.ilkd.key.proof.io.AbstractProblemLoader.load(AbstractProblemLoader.java:253)
	at de.uka.ilkd.key.control.AbstractUserInterfaceControl.load(AbstractUserInterfaceControl.java:209)
	... 7 more
Could not initialize class de.uka.ilkd.key.nparser.KeYParser (file: /home/runner/work/key/key/key.core/../key.ui/examples/index/.././heap/SmansEtAl/ArrayList_inv.key; caused by: java.lang.NoClassDefFoundError: Could not initialize class de.uka.ilkd.key.nparser.KeYParser)
	at de.uka.ilkd.key.control.AbstractUserInterfaceControl.load(AbstractUserInterfaceControl.java:221)
	at de.uka.ilkd.key.control.KeYEnvironment.load(KeYEnvironment.java:251)
	at de.uka.ilkd.key.control.KeYEnvironment.load(KeYEnvironment.java:224)
	at de.uka.ilkd.key.control.KeYEnvironment.load(KeYEnvironment.java:184)
	at de.uka.ilkd.key.control.KeYEnvironment.load(KeYEnvironment.java:261)
	at de.uka.ilkd.key.proof.runallproofs.proofcollection.TestFile.load(TestFile.java:270)
	at de.uka.ilkd.key.proof.runallproofs.proofcollection.TestFile.runKey(TestFile.java:160)
	at de.uka.ilkd.key.proof.runallproofs.proofcollection.ForkedTestFileRunner.main(ForkedTestFileRunner.java:171)
Caused by: java.lang.NoClassDefFoundError: Could not initialize class de.uka.ilkd.key.nparser.KeYParser
	at de.uka.ilkd.key.nparser.ParsingFacade.createParser(ParsingFacade.java:87)
	at de.uka.ilkd.key.nparser.ParsingFacade.parseFile(ParsingFacade.java:123)
	at de.uka.ilkd.key.proof.io.KeYFile.getParseContext(KeYFile.java:160)
	at de.uka.ilkd.key.proof.io.KeYFile.getProblemInformation(KeYFile.java:236)
	at de.uka.ilkd.key.proof.init.KeYUserProblemFile.readProfileFromFile(KeYUserProblemFile.java:236)
	at de.uka.ilkd.key.proof.init.KeYUserProblemFile.getProfile(KeYUserProblemFile.java:216)
	at de.uka.ilkd.key.proof.io.AbstractProblemLoader.createProblemInitializer(AbstractProblemLoader.java:508)
	at de.uka.ilkd.key.proof.io.AbstractProblemLoader.loadEnvironment(AbstractProblemLoader.java:288)
	at de.uka.ilkd.key.proof.io.AbstractProblemLoader.load(AbstractProblemLoader.java:253)
	at de.uka.ilkd.key.control.AbstractUserInterfaceControl.load(AbstractUserInterfaceControl.java:209)
	... 7 more
Could not initialize class de.uka.ilkd.key.nparser.KeYParser (file: /home/runner/work/key/key/key.core/../key.ui/examples/index/.././heap/SmansEtAl/ArrayList_size_dep.key; caused by: java.lang.NoClassDefFoundError: Could not initialize class de.uka.ilkd.key.nparser.KeYParser)
	at de.uka.ilkd.key.control.AbstractUserInterfaceControl.load(AbstractUserInterfaceControl.java:221)
	at de.uka.ilkd.key.control.KeYEnvironment.load(KeYEnvironment.java:251)
	at de.uka.ilkd.key.control.KeYEnvironment.load(KeYEnvironment.java:224)
	at de.uka.ilkd.key.control.KeYEnvironment.load(KeYEnvironment.java:184)
	at de.uka.ilkd.key.control.KeYEnvironment.load(KeYEnvironment.java:261)
	at de.uka.ilkd.key.proof.runallproofs.proofcollection.TestFile.load(TestFile.java:270)
	at de.uka.ilkd.key.proof.runallproofs.proofcollection.TestFile.runKey(TestFile.java:160)
	at de.uka.ilkd.key.proof.runallproofs.proofcollection.ForkedTestFileRunner.main(ForkedTestFileRunner.java:171)
Caused by: java.lang.NoClassDefFoundError: Could not initialize class de.uka.ilkd.key.nparser.KeYParser
	at de.uka.ilkd.key.nparser.ParsingFacade.createParser(ParsingFacade.java:87)
	at de.uka.ilkd.key.nparser.ParsingFacade.parseFile(ParsingFacade.java:123)
	at de.uka.ilkd.key.proof.io.KeYFile.getParseContext(KeYFile.java:160)
	at de.uka.ilkd.key.proof.io.KeYFile.getProblemInformation(KeYFile.java:236)
	at de.uka.ilkd.key.proof.init.KeYUserProblemFile.readProfileFromFile(KeYUserProblemFile.java:236)
	at de.uka.ilkd.key.proof.init.KeYUserProblemFile.getProfile(KeYUserProblemFile.java:216)
	at de.uka.ilkd.key.proof.io.AbstractProblemLoader.createProblemInitializer(AbstractProblemLoader.java:508)
	at de.uka.ilkd.key.proof.io.AbstractProblemLoader.loadEnvironment(AbstractProblemLoader.java:288)
	at de.uka.ilkd.key.proof.io.AbstractProblemLoader.load(AbstractProblemLoader.java:253)
	at de.uka.ilkd.key.control.AbstractUserInterfaceControl.load(AbstractUserInterfaceControl.java:209)
	... 7 more
Could not initialize class de.uka.ilkd.key.nparser.KeYParser (file: /home/runner/work/key/key/key.core/../key.ui/examples/index/.././heap/SmansEtAl/ArrayList_size.key; caused by: java.lang.NoClassDefFoundError: Could not initialize class de.uka.ilkd.key.nparser.KeYParser)
	at de.uka.ilkd.key.control.AbstractUserInterfaceControl.load(AbstractUserInterfaceControl.java:221)
	at de.uka.ilkd.key.control.KeYEnvironment.load(KeYEnvironment.java:251)
	at de.uka.ilkd.key.control.KeYEnvironment.load(KeYEnvironment.java:224)
	at de.uka.ilkd.key.control.KeYEnvironment.load(KeYEnvironment.java:184)
	at de.uka.ilkd.key.control.KeYEnvironment.load(KeYEnvironment.java:261)
	at de.uka.ilkd.key.proof.runallproofs.proofcollection.TestFile.load(TestFile.java:270)
	at de.uka.ilkd.key.proof.runallproofs.proofcollection.TestFile.runKey(TestFile.java:160)
	at de.uka.ilkd.key.proof.runallproofs.proofcollection.ForkedTestFileRunner.main(ForkedTestFileRunner.java:171)
Caused by: java.lang.NoClassDefFoundError: Could not initialize class de.uka.ilkd.key.nparser.KeYParser
	at de.uka.ilkd.key.nparser.ParsingFacade.createParser(ParsingFacade.java:87)
	at de.uka.ilkd.key.nparser.ParsingFacade.parseFile(ParsingFacade.java:123)
	at de.uka.ilkd.key.proof.io.KeYFile.getParseContext(KeYFile.java:160)
	at de.uka.ilkd.key.proof.io.KeYFile.getProblemInformation(KeYFile.java:236)
	at de.uka.ilkd.key.proof.init.KeYUserProblemFile.readProfileFromFile(KeYUserProblemFile.java:236)
	at de.uka.ilkd.key.proof.init.KeYUserProblemFile.getProfile(KeYUserProblemFile.java:216)
	at de.uka.ilkd.key.proof.io.AbstractProblemLoader.createProblemInitializer(AbstractProblemLoader.java:508)
	at de.uka.ilkd.key.proof.io.AbstractProblemLoader.loadEnvironment(AbstractProblemLoader.java:288)
	at de.uka.ilkd.key.proof.io.AbstractProblemLoader.load(AbstractProblemLoader.java:253)
	at de.uka.ilkd.key.control.AbstractUserInterfaceControl.load(AbstractUserInterfaceControl.java:209)
	... 7 more
Could not initialize class de.uka.ilkd.key.nparser.KeYParser (file: /home/runner/work/key/key/key.core/../key.ui/examples/index/.././heap/SmansEtAl/Cell_Cell.key; caused by: java.lang.NoClassDefFoundError: Could not initialize class de.uka.ilkd.key.nparser.KeYParser)
	at de.uka.ilkd.key.control.AbstractUserInterfaceControl.load(AbstractUserInterfaceControl.java:221)
	at de.uka.ilkd.key.control.KeYEnvironment.load(KeYEnvironment.java:251)
	at de.uka.ilkd.key.control.KeYEnvironment.load(KeYEnvironment.java:224)
	at de.uka.ilkd.key.control.KeYEnvironment.load(KeYEnvironment.java:184)
	at de.uka.ilkd.key.control.KeYEnvironment.load(KeYEnvironment.java:261)
	at de.uka.ilkd.key.proof.runallproofs.proofcollection.TestFile.load(TestFile.java:270)
	at de.uka.ilkd.key.proof.runallproofs.proofcollection.TestFile.runKey(TestFile.java:160)
	at de.uka.ilkd.key.proof.runallproofs.proofcollection.ForkedTestFileRunner.main(ForkedTestFileRunner.java:171)
Caused by: java.lang.NoClassDefFoundError: Could not initialize class de.uka.ilkd.key.nparser.KeYParser
	at de.uka.ilkd.key.nparser.ParsingFacade.createParser(ParsingFacade.java:87)
	at de.uka.ilkd.key.nparser.ParsingFacade.parseFile(ParsingFacade.java:123)
	at de.uka.ilkd.key.proof.io.KeYFile.getParseContext(KeYFile.java:160)
	at de.uka.ilkd.key.proof.io.KeYFile.getProblemInformation(KeYFile.java:236)
	at de.uka.ilkd.key.proof.init.KeYUserProblemFile.readProfileFromFile(KeYUserProblemFile.java:236)
	at de.uka.ilkd.key.proof.init.KeYUserProblemFile.getProfile(KeYUserProblemFile.java:216)
	at de.uka.ilkd.key.proof.io.AbstractProblemLoader.createProblemInitializer(AbstractProblemLoader.java:508)
	at de.uka.ilkd.key.proof.io.AbstractProblemLoader.loadEnvironment(AbstractProblemLoader.java:288)
	at de.uka.ilkd.key.proof.io.AbstractProblemLoader.load(AbstractProblemLoader.java:253)
	at de.uka.ilkd.key.control.AbstractUserInterfaceControl.load(AbstractUserInterfaceControl.java:209)
	... 7 more
Could not initialize class de.uka.ilkd.key.nparser.KeYParser (file: /home/runner/work/key/key/key.core/../key.ui/examples/index/.././heap/SmansEtAl/Cell_footprint.key; caused by: java.lang.NoClassDefFoundError: Could not initialize class de.uka.ilkd.key.nparser.KeYParser)
	at de.uka.ilkd.key.control.AbstractUserInterfaceControl.load(AbstractUserInterfaceControl.java:221)
	at de.uka.ilkd.key.control.KeYEnvironment.load(KeYEnvironment.java:251)
	at de.uka.ilkd.key.control.KeYEnvironment.load(KeYEnvironment.java:224)
	at de.uka.ilkd.key.control.KeYEnvironment.load(KeYEnvironment.java:184)
	at de.uka.ilkd.key.control.KeYEnvironment.load(KeYEnvironment.java:261)
	at de.uka.ilkd.key.proof.runallproofs.proofcollection.TestFile.load(TestFile.java:270)
	at de.uka.ilkd.key.proof.runallproofs.proofcollection.TestFile.runKey(TestFile.java:160)
	at de.uka.ilkd.key.proof.runallproofs.proofcollection.ForkedTestFileRunner.main(ForkedTestFileRunner.java:171)
Caused by: java.lang.NoClassDefFoundError: Could not initialize class de.uka.ilkd.key.nparser.KeYParser
	at de.uka.ilkd.key.nparser.ParsingFacade.createParser(ParsingFacade.java:87)
	at de.uka.ilkd.key.nparser.ParsingFacade.parseFile(ParsingFacade.java:123)
	at de.uka.ilkd.key.proof.io.KeYFile.getParseContext(KeYFile.java:160)
	at de.uka.ilkd.key.proof.io.KeYFile.getProblemInformation(KeYFile.java:236)
	at de.uka.ilkd.key.proof.init.KeYUserProblemFile.readProfileFromFile(KeYUserProblemFile.java:236)
	at de.uka.ilkd.key.proof.init.KeYUserProblemFile.getProfile(KeYUserProblemFile.java:216)
	at de.uka.ilkd.key.proof.io.AbstractProblemLoader.createProblemInitializer(AbstractProblemLoader.java:508)
	at de.uka.ilkd.key.proof.io.AbstractProblemLoader.loadEnvironment(AbstractProblemLoader.java:288)
	at de.uka.ilkd.key.proof.io.AbstractProblemLoader.load(AbstractProblemLoader.java:253)
	at de.uka.ilkd.key.control.AbstractUserInterfaceControl.load(AbstractUserInterfaceControl.java:209)
	... 7 more
Could not initialize class de.uka.ilkd.key.nparser.KeYParser (file: /home/runner/work/key/key/key.core/../key.ui/examples/index/.././heap/SmansEtAl/Cell_getX_dep.key; caused by: java.lang.NoClassDefFoundError: Could not initialize class de.uka.ilkd.key.nparser.KeYParser)
	at de.uka.ilkd.key.control.AbstractUserInterfaceControl.load(AbstractUserInterfaceControl.java:221)
	at de.uka.ilkd.key.control.KeYEnvironment.load(KeYEnvironment.java:251)
	at de.uka.ilkd.key.control.KeYEnvironment.load(KeYEnvironment.java:224)
	at de.uka.ilkd.key.control.KeYEnvironment.load(KeYEnvironment.java:184)
	at de.uka.ilkd.key.control.KeYEnvironment.load(KeYEnvironment.java:261)
	at de.uka.ilkd.key.proof.runallproofs.proofcollection.TestFile.load(TestFile.java:270)
	at de.uka.ilkd.key.proof.runallproofs.proofcollection.TestFile.runKey(TestFile.java:160)
	at de.uka.ilkd.key.proof.runallproofs.proofcollection.ForkedTestFileRunner.main(ForkedTestFileRunner.java:171)
Caused by: java.lang.NoClassDefFoundError: Could not initialize class de.uka.ilkd.key.nparser.KeYParser
	at de.uka.ilkd.key.nparser.ParsingFacade.createParser(ParsingFacade.java:87)
	at de.uka.ilkd.key.nparser.ParsingFacade.parseFile(ParsingFacade.java:123)
	at de.uka.ilkd.key.proof.io.KeYFile.getParseContext(KeYFile.java:160)
	at de.uka.ilkd.key.proof.io.KeYFile.getProblemInformation(KeYFile.java:236)
	at de.uka.ilkd.key.proof.init.KeYUserProblemFile.readProfileFromFile(KeYUserProblemFile.java:236)
	at de.uka.ilkd.key.proof.init.KeYUserProblemFile.getProfile(KeYUserProblemFile.java:216)
	at de.uka.ilkd.key.proof.io.AbstractProblemLoader.createProblemInitializer(AbstractProblemLoader.java:508)
	at de.uka.ilkd.key.proof.io.AbstractProblemLoader.loadEnvironment(AbstractProblemLoader.java:288)
	at de.uka.ilkd.key.proof.io.AbstractProblemLoader.load(AbstractProblemLoader.java:253)
	at de.uka.ilkd.key.control.AbstractUserInterfaceControl.load(AbstractUserInterfaceControl.java:209)
	... 7 more
Could not initialize class de.uka.ilkd.key.nparser.KeYParser (file: /home/runner/work/key/key/key.core/../key.ui/examples/index/.././heap/SmansEtAl/Cell_getX.key; caused by: java.lang.NoClassDefFoundError: Could not initialize class de.uka.ilkd.key.nparser.KeYParser)
	at de.uka.ilkd.key.control.AbstractUserInterfaceControl.load(AbstractUserInterfaceControl.java:221)
	at de.uka.ilkd.key.control.KeYEnvironment.load(KeYEnvironment.java:251)
	at de.uka.ilkd.key.control.KeYEnvironment.load(KeYEnvironment.java:224)
	at de.uka.ilkd.key.control.KeYEnvironment.load(KeYEnvironment.java:184)
	at de.uka.ilkd.key.control.KeYEnvironment.load(KeYEnvironment.java:261)
	at de.uka.ilkd.key.proof.runallproofs.proofcollection.TestFile.load(TestFile.java:270)
	at de.uka.ilkd.key.proof.runallproofs.proofcollection.TestFile.runKey(TestFile.java:160)
	at de.uka.ilkd.key.proof.runallproofs.proofcollection.ForkedTestFileRunner.main(ForkedTestFileRunner.java:171)
Caused by: java.lang.NoClassDefFoundError: Could not initialize class de.uka.ilkd.key.nparser.KeYParser
	at de.uka.ilkd.key.nparser.ParsingFacade.createParser(ParsingFacade.java:87)
	at de.uka.ilkd.key.nparser.ParsingFacade.parseFile(ParsingFacade.java:123)
	at de.uka.ilkd.key.proof.io.KeYFile.getParseContext(KeYFile.java:160)
	at de.uka.ilkd.key.proof.io.KeYFile.getProblemInformation(KeYFile.java:236)
	at de.uka.ilkd.key.proof.init.KeYUserProblemFile.readProfileFromFile(KeYUserProblemFile.java:236)
	at de.uka.ilkd.key.proof.init.KeYUserProblemFile.getProfile(KeYUserProblemFile.java:216)
	at de.uka.ilkd.key.proof.io.AbstractProblemLoader.createProblemInitializer(AbstractProblemLoader.java:508)
	at de.uka.ilkd.key.proof.io.AbstractProblemLoader.loadEnvironment(AbstractProblemLoader.java:288)
	at de.uka.ilkd.key.proof.io.AbstractProblemLoader.load(AbstractProblemLoader.java:253)
	at de.uka.ilkd.key.control.AbstractUserInterfaceControl.load(AbstractUserInterfaceControl.java:209)
	... 7 more
Could not initialize class de.uka.ilkd.key.nparser.KeYParser (file: /home/runner/work/key/key/key.core/../key.ui/examples/index/.././heap/SmansEtAl/Cell_inv.key; caused by: java.lang.NoClassDefFoundError: Could not initialize class de.uka.ilkd.key.nparser.KeYParser)
	at de.uka.ilkd.key.control.AbstractUserInterfaceControl.load(AbstractUserInterfaceControl.java:221)
	at de.uka.ilkd.key.control.KeYEnvironment.load(KeYEnvironment.java:251)
	at de.uka.ilkd.key.control.KeYEnvironment.load(KeYEnvironment.java:224)
	at de.uka.ilkd.key.control.KeYEnvironment.load(KeYEnvironment.java:184)
	at de.uka.ilkd.key.control.KeYEnvironment.load(KeYEnvironment.java:261)
	at de.uka.ilkd.key.proof.runallproofs.proofcollection.TestFile.load(TestFile.java:270)
	at de.uka.ilkd.key.proof.runallproofs.proofcollection.TestFile.runKey(TestFile.java:160)
	at de.uka.ilkd.key.proof.runallproofs.proofcollection.ForkedTestFileRunner.main(ForkedTestFileRunner.java:171)
Caused by: java.lang.NoClassDefFoundError: Could not initialize class de.uka.ilkd.key.nparser.KeYParser
	at de.uka.ilkd.key.nparser.ParsingFacade.createParser(ParsingFacade.java:87)
	at de.uka.ilkd.key.nparser.ParsingFacade.parseFile(ParsingFacade.java:123)
	at de.uka.ilkd.key.proof.io.KeYFile.getParseContext(KeYFile.java:160)
	at de.uka.ilkd.key.proof.io.KeYFile.getProblemInformation(KeYFile.java:236)
	at de.uka.ilkd.key.proof.init.KeYUserProblemFile.readProfileFromFile(KeYUserProblemFile.java:236)
	at de.uka.ilkd.key.proof.init.KeYUserProblemFile.getProfile(KeYUserProblemFile.java:216)
	at de.uka.ilkd.key.proof.io.AbstractProblemLoader.createProblemInitializer(AbstractProblemLoader.java:508)
	at de.uka.ilkd.key.proof.io.AbstractProblemLoader.loadEnvironment(AbstractProblemLoader.java:288)
	at de.uka.ilkd.key.proof.io.AbstractProblemLoader.load(AbstractProblemLoader.java:253)
	at de.uka.ilkd.key.control.AbstractUserInterfaceControl.load(AbstractUserInterfaceControl.java:209)
	... 7 more
Could not initialize class de.uka.ilkd.key.nparser.KeYParser (file: /home/runner/work/key/key/key.core/../key.ui/examples/index/.././heap/SmansEtAl/Cell_setX.key; caused by: java.lang.NoClassDefFoundError: Could not initialize class de.uka.ilkd.key.nparser.KeYParser)
	at de.uka.ilkd.key.control.AbstractUserInterfaceControl.load(AbstractUserInterfaceControl.java:221)
	at de.uka.ilkd.key.control.KeYEnvironment.load(KeYEnvironment.java:251)
	at de.uka.ilkd.key.control.KeYEnvironment.load(KeYEnvironment.java:224)
	at de.uka.ilkd.key.control.KeYEnvironment.load(KeYEnvironment.java:184)
	at de.uka.ilkd.key.control.KeYEnvironment.load(KeYEnvironment.java:261)
	at de.uka.ilkd.key.proof.runallproofs.proofcollection.TestFile.load(TestFile.java:270)
	at de.uka.ilkd.key.proof.runallproofs.proofcollection.TestFile.runKey(TestFile.java:160)
	at de.uka.ilkd.key.proof.runallproofs.proofcollection.ForkedTestFileRunner.main(ForkedTestFileRunner.java:171)
Caused by: java.lang.NoClassDefFoundError: Could not initialize class de.uka.ilkd.key.nparser.KeYParser
	at de.uka.ilkd.key.nparser.ParsingFacade.createParser(ParsingFacade.java:87)
	at de.uka.ilkd.key.nparser.ParsingFacade.parseFile(ParsingFacade.java:123)
	at de.uka.ilkd.key.proof.io.KeYFile.getParseContext(KeYFile.java:160)
	at de.uka.ilkd.key.proof.io.KeYFile.getProblemInformation(KeYFile.java:236)
	at de.uka.ilkd.key.proof.init.KeYUserProblemFile.readProfileFromFile(KeYUserProblemFile.java:236)
	at de.uka.ilkd.key.proof.init.KeYUserProblemFile.getProfile(KeYUserProblemFile.java:216)
	at de.uka.ilkd.key.proof.io.AbstractProblemLoader.createProblemInitializer(AbstractProblemLoader.java:508)
	at de.uka.ilkd.key.proof.io.AbstractProblemLoader.loadEnvironment(AbstractProblemLoader.java:288)
	at de.uka.ilkd.key.proof.io.AbstractProblemLoader.load(AbstractProblemLoader.java:253)
	at de.uka.ilkd.key.control.AbstractUserInterfaceControl.load(AbstractUserInterfaceControl.java:209)
	... 7 more
Could not initialize class de.uka.ilkd.key.nparser.KeYParser (file: /home/runner/work/key/key/key.core/../key.ui/examples/index/.././heap/SmansEtAl/CellClient_m.key; caused by: java.lang.NoClassDefFoundError: Could not initialize class de.uka.ilkd.key.nparser.KeYParser)
	at de.uka.ilkd.key.control.AbstractUserInterfaceControl.load(AbstractUserInterfaceControl.java:221)
	at de.uka.ilkd.key.control.KeYEnvironment.load(KeYEnvironment.java:251)
	at de.uka.ilkd.key.control.KeYEnvironment.load(KeYEnvironment.java:224)
	at de.uka.ilkd.key.control.KeYEnvironment.load(KeYEnvironment.java:184)
	at de.uka.ilkd.key.control.KeYEnvironment.load(KeYEnvironment.java:261)
	at de.uka.ilkd.key.proof.runallproofs.proofcollection.TestFile.load(TestFile.java:270)
	at de.uka.ilkd.key.proof.runallproofs.proofcollection.TestFile.runKey(TestFile.java:160)
	at de.uka.ilkd.key.proof.runallproofs.proofcollection.ForkedTestFileRunner.main(ForkedTestFileRunner.java:171)
Caused by: java.lang.NoClassDefFoundError: Could not initialize class de.uka.ilkd.key.nparser.KeYParser
	at de.uka.ilkd.key.nparser.ParsingFacade.createParser(ParsingFacade.java:87)
	at de.uka.ilkd.key.nparser.ParsingFacade.parseFile(ParsingFacade.java:123)
	at de.uka.ilkd.key.proof.io.KeYFile.getParseContext(KeYFile.java:160)
	at de.uka.ilkd.key.proof.io.KeYFile.getProblemInformation(KeYFile.java:236)
	at de.uka.ilkd.key.proof.init.KeYUserProblemFile.readProfileFromFile(KeYUserProblemFile.java:236)
	at de.uka.ilkd.key.proof.init.KeYUserProblemFile.getProfile(KeYUserProblemFile.java:216)
	at de.uka.ilkd.key.proof.io.AbstractProblemLoader.createProblemInitializer(AbstractProblemLoader.java:508)
	at de.uka.ilkd.key.proof.io.AbstractProblemLoader.loadEnvironment(AbstractProblemLoader.java:288)
	at de.uka.ilkd.key.proof.io.AbstractProblemLoader.load(AbstractProblemLoader.java:253)
	at de.uka.ilkd.key.control.AbstractUserInterfaceControl.load(AbstractUserInterfaceControl.java:209)
	... 7 more
Could not initialize class de.uka.ilkd.key.nparser.KeYParser (file: /home/runner/work/key/key/key.core/../key.ui/examples/index/.././heap/SmansEtAl/Iterator_footprint.key; caused by: java.lang.NoClassDefFoundError: Could not initialize class de.uka.ilkd.key.nparser.KeYParser)
	at de.uka.ilkd.key.control.AbstractUserInterfaceControl.load(AbstractUserInterfaceControl.java:221)
	at de.uka.ilkd.key.control.KeYEnvironment.load(KeYEnvironment.java:251)
	at de.uka.ilkd.key.control.KeYEnvironment.load(KeYEnvironment.java:224)
	at de.uka.ilkd.key.control.KeYEnvironment.load(KeYEnvironment.java:184)
	at de.uka.ilkd.key.control.KeYEnvironment.load(KeYEnvironment.java:261)
	at de.uka.ilkd.key.proof.runallproofs.proofcollection.TestFile.load(TestFile.java:270)
	at de.uka.ilkd.key.proof.runallproofs.proofcollection.TestFile.runKey(TestFile.java:160)
	at de.uka.ilkd.key.proof.runallproofs.proofcollection.ForkedTestFileRunner.main(ForkedTestFileRunner.java:171)
Caused by: java.lang.NoClassDefFoundError: Could not initialize class de.uka.ilkd.key.nparser.KeYParser
	at de.uka.ilkd.key.nparser.ParsingFacade.createParser(ParsingFacade.java:87)
	at de.uka.ilkd.key.nparser.ParsingFacade.parseFile(ParsingFacade.java:123)
	at de.uka.ilkd.key.proof.io.KeYFile.getParseContext(KeYFile.java:160)
	at de.uka.ilkd.key.proof.io.KeYFile.getProblemInformation(KeYFile.java:236)
	at de.uka.ilkd.key.proof.init.KeYUserProblemFile.readProfileFromFile(KeYUserProblemFile.java:236)
	at de.uka.ilkd.key.proof.init.KeYUserProblemFile.getProfile(KeYUserProblemFile.java:216)
	at de.uka.ilkd.key.proof.io.AbstractProblemLoader.createProblemInitializer(AbstractProblemLoader.java:508)
	at de.uka.ilkd.key.proof.io.AbstractProblemLoader.loadEnvironment(AbstractProblemLoader.java:288)
	at de.uka.ilkd.key.proof.io.AbstractProblemLoader.load(AbstractProblemLoader.java:253)
	at de.uka.ilkd.key.control.AbstractUserInterfaceControl.load(AbstractUserInterfaceControl.java:209)
	... 7 more
Could not initialize class de.uka.ilkd.key.nparser.KeYParser (file: /home/runner/work/key/key/key.core/../key.ui/examples/index/.././heap/SmansEtAl/Iterator_hasNext_dep.key; caused by: java.lang.NoClassDefFoundError: Could not initialize class de.uka.ilkd.key.nparser.KeYParser)
	at de.uka.ilkd.key.control.AbstractUserInterfaceControl.load(AbstractUserInterfaceControl.java:221)
	at de.uka.ilkd.key.control.KeYEnvironment.load(KeYEnvironment.java:251)
	at de.uka.ilkd.key.control.KeYEnvironment.load(KeYEnvironment.java:224)
	at de.uka.ilkd.key.control.KeYEnvironment.load(KeYEnvironment.java:184)
	at de.uka.ilkd.key.control.KeYEnvironment.load(KeYEnvironment.java:261)
	at de.uka.ilkd.key.proof.runallproofs.proofcollection.TestFile.load(TestFile.java:270)
	at de.uka.ilkd.key.proof.runallproofs.proofcollection.TestFile.runKey(TestFile.java:160)
	at de.uka.ilkd.key.proof.runallproofs.proofcollection.ForkedTestFileRunner.main(ForkedTestFileRunner.java:171)
Caused by: java.lang.NoClassDefFoundError: Could not initialize class de.uka.ilkd.key.nparser.KeYParser
	at de.uka.ilkd.key.nparser.ParsingFacade.createParser(ParsingFacade.java:87)
	at de.uka.ilkd.key.nparser.ParsingFacade.parseFile(ParsingFacade.java:123)
	at de.uka.ilkd.key.proof.io.KeYFile.getParseContext(KeYFile.java:160)
	at de.uka.ilkd.key.proof.io.KeYFile.getProblemInformation(KeYFile.java:236)
	at de.uka.ilkd.key.proof.init.KeYUserProblemFile.readProfileFromFile(KeYUserProblemFile.java:236)
	at de.uka.ilkd.key.proof.init.KeYUserProblemFile.getProfile(KeYUserProblemFile.java:216)
	at de.uka.ilkd.key.proof.io.AbstractProblemLoader.createProblemInitializer(AbstractProblemLoader.java:508)
	at de.uka.ilkd.key.proof.io.AbstractProblemLoader.loadEnvironment(AbstractProblemLoader.java:288)
	at de.uka.ilkd.key.proof.io.AbstractProblemLoader.load(AbstractProblemLoader.java:253)
	at de.uka.ilkd.key.control.AbstractUserInterfaceControl.load(AbstractUserInterfaceControl.java:209)
	... 7 more
Could not initialize class de.uka.ilkd.key.nparser.KeYParser (file: /home/runner/work/key/key/key.core/../key.ui/examples/index/.././heap/SmansEtAl/Iterator_hasNext.key; caused by: java.lang.NoClassDefFoundError: Could not initialize class de.uka.ilkd.key.nparser.KeYParser)
	at de.uka.ilkd.key.control.AbstractUserInterfaceControl.load(AbstractUserInterfaceControl.java:221)
	at de.uka.ilkd.key.control.KeYEnvironment.load(KeYEnvironment.java:251)
	at de.uka.ilkd.key.control.KeYEnvironment.load(KeYEnvironment.java:224)
	at de.uka.ilkd.key.control.KeYEnvironment.load(KeYEnvironment.java:184)
	at de.uka.ilkd.key.control.KeYEnvironment.load(KeYEnvironment.java:261)
	at de.uka.ilkd.key.proof.runallproofs.proofcollection.TestFile.load(TestFile.java:270)
	at de.uka.ilkd.key.proof.runallproofs.proofcollection.TestFile.runKey(TestFile.java:160)
	at de.uka.ilkd.key.proof.runallproofs.proofcollection.ForkedTestFileRunner.main(ForkedTestFileRunner.java:171)
Caused by: java.lang.NoClassDefFoundError: Could not initialize class de.uka.ilkd.key.nparser.KeYParser
	at de.uka.ilkd.key.nparser.ParsingFacade.createParser(ParsingFacade.java:87)
	at de.uka.ilkd.key.nparser.ParsingFacade.parseFile(ParsingFacade.java:123)
	at de.uka.ilkd.key.proof.io.KeYFile.getParseContext(KeYFile.java:160)
	at de.uka.ilkd.key.proof.io.KeYFile.getProblemInformation(KeYFile.java:236)
	at de.uka.ilkd.key.proof.init.KeYUserProblemFile.readProfileFromFile(KeYUserProblemFile.java:236)
	at de.uka.ilkd.key.proof.init.KeYUserProblemFile.getProfile(KeYUserProblemFile.java:216)
	at de.uka.ilkd.key.proof.io.AbstractProblemLoader.createProblemInitializer(AbstractProblemLoader.java:508)
	at de.uka.ilkd.key.proof.io.AbstractProblemLoader.loadEnvironment(AbstractProblemLoader.java:288)
	at de.uka.ilkd.key.proof.io.AbstractProblemLoader.load(AbstractProblemLoader.java:253)
	at de.uka.ilkd.key.control.AbstractUserInterfaceControl.load(AbstractUserInterfaceControl.java:209)
	... 7 more
Could not initialize class de.uka.ilkd.key.nparser.KeYParser (file: /home/runner/work/key/key/key.core/../key.ui/examples/index/.././heap/SmansEtAl/Iterator_inv.key; caused by: java.lang.NoClassDefFoundError: Could not initialize class de.uka.ilkd.key.nparser.KeYParser)
	at de.uka.ilkd.key.control.AbstractUserInterfaceControl.load(AbstractUserInterfaceControl.java:221)
	at de.uka.ilkd.key.control.KeYEnvironment.load(KeYEnvironment.java:251)
	at de.uka.ilkd.key.control.KeYEnvironment.load(KeYEnvironment.java:224)
	at de.uka.ilkd.key.control.KeYEnvironment.load(KeYEnvironment.java:184)
	at de.uka.ilkd.key.control.KeYEnvironment.load(KeYEnvironment.java:261)
	at de.uka.ilkd.key.proof.runallproofs.proofcollection.TestFile.load(TestFile.java:270)
	at de.uka.ilkd.key.proof.runallproofs.proofcollection.TestFile.runKey(TestFile.java:160)
	at de.uka.ilkd.key.proof.runallproofs.proofcollection.ForkedTestFileRunner.main(ForkedTestFileRunner.java:171)
Caused by: java.lang.NoClassDefFoundError: Could not initialize class de.uka.ilkd.key.nparser.KeYParser
	at de.uka.ilkd.key.nparser.ParsingFacade.createParser(ParsingFacade.java:87)
	at de.uka.ilkd.key.nparser.ParsingFacade.parseFile(ParsingFacade.java:123)
	at de.uka.ilkd.key.proof.io.KeYFile.getParseContext(KeYFile.java:160)
	at de.uka.ilkd.key.proof.io.KeYFile.getProblemInformation(KeYFile.java:236)
	at de.uka.ilkd.key.proof.init.KeYUserProblemFile.readProfileFromFile(KeYUserProblemFile.java:236)
	at de.uka.ilkd.key.proof.init.KeYUserProblemFile.getProfile(KeYUserProblemFile.java:216)
	at de.uka.ilkd.key.proof.io.AbstractProblemLoader.createProblemInitializer(AbstractProblemLoader.java:508)
	at de.uka.ilkd.key.proof.io.AbstractProblemLoader.loadEnvironment(AbstractProblemLoader.java:288)
	at de.uka.ilkd.key.proof.io.AbstractProblemLoader.load(AbstractProblemLoader.java:253)
	at de.uka.ilkd.key.control.AbstractUserInterfaceControl.load(AbstractUserInterfaceControl.java:209)
	... 7 more
Could not initialize class de.uka.ilkd.key.nparser.KeYParser (file: /home/runner/work/key/key/key.core/../key.ui/examples/index/.././heap/SmansEtAl/Iterator_Iterator.key; caused by: java.lang.NoClassDefFoundError: Could not initialize class de.uka.ilkd.key.nparser.KeYParser)
	at de.uka.ilkd.key.control.AbstractUserInterfaceControl.load(AbstractUserInterfaceControl.java:221)
	at de.uka.ilkd.key.control.KeYEnvironment.load(KeYEnvironment.java:251)
	at de.uka.ilkd.key.control.KeYEnvironment.load(KeYEnvironment.java:224)
	at de.uka.ilkd.key.control.KeYEnvironment.load(KeYEnvironment.java:184)
	at de.uka.ilkd.key.control.KeYEnvironment.load(KeYEnvironment.java:261)
	at de.uka.ilkd.key.proof.runallproofs.proofcollection.TestFile.load(TestFile.java:270)
	at de.uka.ilkd.key.proof.runallproofs.proofcollection.TestFile.runKey(TestFile.java:160)
	at de.uka.ilkd.key.proof.runallproofs.proofcollection.ForkedTestFileRunner.main(ForkedTestFileRunner.java:171)
Caused by: java.lang.NoClassDefFoundError: Could not initialize class de.uka.ilkd.key.nparser.KeYParser
	at de.uka.ilkd.key.nparser.ParsingFacade.createParser(ParsingFacade.java:87)
	at de.uka.ilkd.key.nparser.ParsingFacade.parseFile(ParsingFacade.java:123)
	at de.uka.ilkd.key.proof.io.KeYFile.getParseContext(KeYFile.java:160)
	at de.uka.ilkd.key.proof.io.KeYFile.getProblemInformation(KeYFile.java:236)
	at de.uka.ilkd.key.proof.init.KeYUserProblemFile.readProfileFromFile(KeYUserProblemFile.java:236)
	at de.uka.ilkd.key.proof.init.KeYUserProblemFile.getProfile(KeYUserProblemFile.java:216)
	at de.uka.ilkd.key.proof.io.AbstractProblemLoader.createProblemInitializer(AbstractProblemLoader.java:508)
	at de.uka.ilkd.key.proof.io.AbstractProblemLoader.loadEnvironment(AbstractProblemLoader.java:288)
	at de.uka.ilkd.key.proof.io.AbstractProblemLoader.load(AbstractProblemLoader.java:253)
	at de.uka.ilkd.key.control.AbstractUserInterfaceControl.load(AbstractUserInterfaceControl.java:209)
	... 7 more
Could not initialize class de.uka.ilkd.key.nparser.KeYParser (file: /home/runner/work/key/key/key.core/../key.ui/examples/index/.././heap/SmansEtAl/Iterator_list_dep.key; caused by: java.lang.NoClassDefFoundError: Could not initialize class de.uka.ilkd.key.nparser.KeYParser)
	at de.uka.ilkd.key.control.AbstractUserInterfaceControl.load(AbstractUserInterfaceControl.java:221)
	at de.uka.ilkd.key.control.KeYEnvironment.load(KeYEnvironment.java:251)
	at de.uka.ilkd.key.control.KeYEnvironment.load(KeYEnvironment.java:224)
	at de.uka.ilkd.key.control.KeYEnvironment.load(KeYEnvironment.java:184)
	at de.uka.ilkd.key.control.KeYEnvironment.load(KeYEnvironment.java:261)
	at de.uka.ilkd.key.proof.runallproofs.proofcollection.TestFile.load(TestFile.java:270)
	at de.uka.ilkd.key.proof.runallproofs.proofcollection.TestFile.runKey(TestFile.java:160)
	at de.uka.ilkd.key.proof.runallproofs.proofcollection.ForkedTestFileRunner.main(ForkedTestFileRunner.java:171)
Caused by: java.lang.NoClassDefFoundError: Could not initialize class de.uka.ilkd.key.nparser.KeYParser
	at de.uka.ilkd.key.nparser.ParsingFacade.createParser(ParsingFacade.java:87)
	at de.uka.ilkd.key.nparser.ParsingFacade.parseFile(ParsingFacade.java:123)
	at de.uka.ilkd.key.proof.io.KeYFile.getParseContext(KeYFile.java:160)
	at de.uka.ilkd.key.proof.io.KeYFile.getProblemInformation(KeYFile.java:236)
	at de.uka.ilkd.key.proof.init.KeYUserProblemFile.readProfileFromFile(KeYUserProblemFile.java:236)
	at de.uka.ilkd.key.proof.init.KeYUserProblemFile.getProfile(KeYUserProblemFile.java:216)
	at de.uka.ilkd.key.proof.io.AbstractProblemLoader.createProblemInitializer(AbstractProblemLoader.java:508)
	at de.uka.ilkd.key.proof.io.AbstractProblemLoader.loadEnvironment(AbstractProblemLoader.java:288)
	at de.uka.ilkd.key.proof.io.AbstractProblemLoader.load(AbstractProblemLoader.java:253)
	at de.uka.ilkd.key.control.AbstractUserInterfaceControl.load(AbstractUserInterfaceControl.java:209)
	... 7 more
Could not initialize class de.uka.ilkd.key.nparser.KeYParser (file: /home/runner/work/key/key/key.core/../key.ui/examples/index/.././heap/SmansEtAl/Iterator_list.key; caused by: java.lang.NoClassDefFoundError: Could not initialize class de.uka.ilkd.key.nparser.KeYParser)
	at de.uka.ilkd.key.control.AbstractUserInterfaceControl.load(AbstractUserInterfaceControl.java:221)
	at de.uka.ilkd.key.control.KeYEnvironment.load(KeYEnvironment.java:251)
	at de.uka.ilkd.key.control.KeYEnvironment.load(KeYEnvironment.java:224)
	at de.uka.ilkd.key.control.KeYEnvironment.load(KeYEnvironment.java:184)
	at de.uka.ilkd.key.control.KeYEnvironment.load(KeYEnvironment.java:261)
	at de.uka.ilkd.key.proof.runallproofs.proofcollection.TestFile.load(TestFile.java:270)
	at de.uka.ilkd.key.proof.runallproofs.proofcollection.TestFile.runKey(TestFile.java:160)
	at de.uka.ilkd.key.proof.runallproofs.proofcollection.ForkedTestFileRunner.main(ForkedTestFileRunner.java:171)
Caused by: java.lang.NoClassDefFoundError: Could not initialize class de.uka.ilkd.key.nparser.KeYParser
	at de.uka.ilkd.key.nparser.ParsingFacade.createParser(ParsingFacade.java:87)
	at de.uka.ilkd.key.nparser.ParsingFacade.parseFile(ParsingFacade.java:123)
	at de.uka.ilkd.key.proof.io.KeYFile.getParseContext(KeYFile.java:160)
	at de.uka.ilkd.key.proof.io.KeYFile.getProblemInformation(KeYFile.java:236)
	at de.uka.ilkd.key.proof.init.KeYUserProblemFile.readProfileFromFile(KeYUserProblemFile.java:236)
	at de.uka.ilkd.key.proof.init.KeYUserProblemFile.getProfile(KeYUserProblemFile.java:216)
	at de.uka.ilkd.key.proof.io.AbstractProblemLoader.createProblemInitializer(AbstractProblemLoader.java:508)
	at de.uka.ilkd.key.proof.io.AbstractProblemLoader.loadEnvironment(AbstractProblemLoader.java:288)
	at de.uka.ilkd.key.proof.io.AbstractProblemLoader.load(AbstractProblemLoader.java:253)
	at de.uka.ilkd.key.control.AbstractUserInterfaceControl.load(AbstractUserInterfaceControl.java:209)
	... 7 more
Could not initialize class de.uka.ilkd.key.nparser.KeYParser (file: /home/runner/work/key/key/key.core/../key.ui/examples/index/.././heap/SmansEtAl/Iterator_next.key; caused by: java.lang.NoClassDefFoundError: Could not initialize class de.uka.ilkd.key.nparser.KeYParser)
	at de.uka.ilkd.key.control.AbstractUserInterfaceControl.load(AbstractUserInterfaceControl.java:221)
	at de.uka.ilkd.key.control.KeYEnvironment.load(KeYEnvironment.java:251)
	at de.uka.ilkd.key.control.KeYEnvironment.load(KeYEnvironment.java:224)
	at de.uka.ilkd.key.control.KeYEnvironment.load(KeYEnvironment.java:184)
	at de.uka.ilkd.key.control.KeYEnvironment.load(KeYEnvironment.java:261)
	at de.uka.ilkd.key.proof.runallproofs.proofcollection.TestFile.load(TestFile.java:270)
	at de.uka.ilkd.key.proof.runallproofs.proofcollection.TestFile.runKey(TestFile.java:160)
	at de.uka.ilkd.key.proof.runallproofs.proofcollection.ForkedTestFileRunner.main(ForkedTestFileRunner.java:171)
Caused by: java.lang.NoClassDefFoundError: Could not initialize class de.uka.ilkd.key.nparser.KeYParser
	at de.uka.ilkd.key.nparser.ParsingFacade.createParser(ParsingFacade.java:87)
	at de.uka.ilkd.key.nparser.ParsingFacade.parseFile(ParsingFacade.java:123)
	at de.uka.ilkd.key.proof.io.KeYFile.getParseContext(KeYFile.java:160)
	at de.uka.ilkd.key.proof.io.KeYFile.getProblemInformation(KeYFile.java:236)
	at de.uka.ilkd.key.proof.init.KeYUserProblemFile.readProfileFromFile(KeYUserProblemFile.java:236)
	at de.uka.ilkd.key.proof.init.KeYUserProblemFile.getProfile(KeYUserProblemFile.java:216)
	at de.uka.ilkd.key.proof.io.AbstractProblemLoader.createProblemInitializer(AbstractProblemLoader.java:508)
	at de.uka.ilkd.key.proof.io.AbstractProblemLoader.loadEnvironment(AbstractProblemLoader.java:288)
	at de.uka.ilkd.key.proof.io.AbstractProblemLoader.load(AbstractProblemLoader.java:253)
	at de.uka.ilkd.key.control.AbstractUserInterfaceControl.load(AbstractUserInterfaceControl.java:209)
	... 7 more
Could not initialize class de.uka.ilkd.key.nparser.KeYParser (file: /home/runner/work/key/key/key.core/../key.ui/examples/index/.././heap/SmansEtAl/Stack_footprint.key; caused by: java.lang.NoClassDefFoundError: Could not initialize class de.uka.ilkd.key.nparser.KeYParser)
	at de.uka.ilkd.key.control.AbstractUserInterfaceControl.load(AbstractUserInterfaceControl.java:221)
	at de.uka.ilkd.key.control.KeYEnvironment.load(KeYEnvironment.java:251)
	at de.uka.ilkd.key.control.KeYEnvironment.load(KeYEnvironment.java:224)
	at de.uka.ilkd.key.control.KeYEnvironment.load(KeYEnvironment.java:184)
	at de.uka.ilkd.key.control.KeYEnvironment.load(KeYEnvironment.java:261)
	at de.uka.ilkd.key.proof.runallproofs.proofcollection.TestFile.load(TestFile.java:270)
	at de.uka.ilkd.key.proof.runallproofs.proofcollection.TestFile.runKey(TestFile.java:160)
	at de.uka.ilkd.key.proof.runallproofs.proofcollection.ForkedTestFileRunner.main(ForkedTestFileRunner.java:171)
Caused by: java.lang.NoClassDefFoundError: Could not initialize class de.uka.ilkd.key.nparser.KeYParser
	at de.uka.ilkd.key.nparser.ParsingFacade.createParser(ParsingFacade.java:87)
	at de.uka.ilkd.key.nparser.ParsingFacade.parseFile(ParsingFacade.java:123)
	at de.uka.ilkd.key.proof.io.KeYFile.getParseContext(KeYFile.java:160)
	at de.uka.ilkd.key.proof.io.KeYFile.getProblemInformation(KeYFile.java:236)
	at de.uka.ilkd.key.proof.init.KeYUserProblemFile.readProfileFromFile(KeYUserProblemFile.java:236)
	at de.uka.ilkd.key.proof.init.KeYUserProblemFile.getProfile(KeYUserProblemFile.java:216)
	at de.uka.ilkd.key.proof.io.AbstractProblemLoader.createProblemInitializer(AbstractProblemLoader.java:508)
	at de.uka.ilkd.key.proof.io.AbstractProblemLoader.loadEnvironment(AbstractProblemLoader.java:288)
	at de.uka.ilkd.key.proof.io.AbstractProblemLoader.load(AbstractProblemLoader.java:253)
	at de.uka.ilkd.key.control.AbstractUserInterfaceControl.load(AbstractUserInterfaceControl.java:209)
	... 7 more
Could not initialize class de.uka.ilkd.key.nparser.KeYParser (file: /home/runner/work/key/key/key.core/../key.ui/examples/index/.././heap/SmansEtAl/Stack_inv.key; caused by: java.lang.NoClassDefFoundError: Could not initialize class de.uka.ilkd.key.nparser.KeYParser)
	at de.uka.ilkd.key.control.AbstractUserInterfaceControl.load(AbstractUserInterfaceControl.java:221)
	at de.uka.ilkd.key.control.KeYEnvironment.load(KeYEnvironment.java:251)
	at de.uka.ilkd.key.control.KeYEnvironment.load(KeYEnvironment.java:224)
	at de.uka.ilkd.key.control.KeYEnvironment.load(KeYEnvironment.java:184)
	at de.uka.ilkd.key.control.KeYEnvironment.load(KeYEnvironment.java:261)
	at de.uka.ilkd.key.proof.runallproofs.proofcollection.TestFile.load(TestFile.java:270)
	at de.uka.ilkd.key.proof.runallproofs.proofcollection.TestFile.runKey(TestFile.java:160)
	at de.uka.ilkd.key.proof.runallproofs.proofcollection.ForkedTestFileRunner.main(ForkedTestFileRunner.java:171)
Caused by: java.lang.NoClassDefFoundError: Could not initialize class de.uka.ilkd.key.nparser.KeYParser
	at de.uka.ilkd.key.nparser.ParsingFacade.createParser(ParsingFacade.java:87)
	at de.uka.ilkd.key.nparser.ParsingFacade.parseFile(ParsingFacade.java:123)
	at de.uka.ilkd.key.proof.io.KeYFile.getParseContext(KeYFile.java:160)
	at de.uka.ilkd.key.proof.io.KeYFile.getProblemInformation(KeYFile.java:236)
	at de.uka.ilkd.key.proof.init.KeYUserProblemFile.readProfileFromFile(KeYUserProblemFile.java:236)
	at de.uka.ilkd.key.proof.init.KeYUserProblemFile.getProfile(KeYUserProblemFile.java:216)
	at de.uka.ilkd.key.proof.io.AbstractProblemLoader.createProblemInitializer(AbstractProblemLoader.java:508)
	at de.uka.ilkd.key.proof.io.AbstractProblemLoader.loadEnvironment(AbstractProblemLoader.java:288)
	at de.uka.ilkd.key.proof.io.AbstractProblemLoader.load(AbstractProblemLoader.java:253)
	at de.uka.ilkd.key.control.AbstractUserInterfaceControl.load(AbstractUserInterfaceControl.java:209)
	... 7 more
Could not initialize class de.uka.ilkd.key.nparser.KeYParser (file: /home/runner/work/key/key/key.core/../key.ui/examples/index/.././heap/SmansEtAl/Stack_push.key; caused by: java.lang.NoClassDefFoundError: Could not initialize class de.uka.ilkd.key.nparser.KeYParser)
	at de.uka.ilkd.key.control.AbstractUserInterfaceControl.load(AbstractUserInterfaceControl.java:221)
	at de.uka.ilkd.key.control.KeYEnvironment.load(KeYEnvironment.java:251)
	at de.uka.ilkd.key.control.KeYEnvironment.load(KeYEnvironment.java:224)
	at de.uka.ilkd.key.control.KeYEnvironment.load(KeYEnvironment.java:184)
	at de.uka.ilkd.key.control.KeYEnvironment.load(KeYEnvironment.java:261)
	at de.uka.ilkd.key.proof.runallproofs.proofcollection.TestFile.load(TestFile.java:270)
	at de.uka.ilkd.key.proof.runallproofs.proofcollection.TestFile.runKey(TestFile.java:160)
	at de.uka.ilkd.key.proof.runallproofs.proofcollection.ForkedTestFileRunner.main(ForkedTestFileRunner.java:171)
Caused by: java.lang.NoClassDefFoundError: Could not initialize class de.uka.ilkd.key.nparser.KeYParser
	at de.uka.ilkd.key.nparser.ParsingFacade.createParser(ParsingFacade.java:87)
	at de.uka.ilkd.key.nparser.ParsingFacade.parseFile(ParsingFacade.java:123)
	at de.uka.ilkd.key.proof.io.KeYFile.getParseContext(KeYFile.java:160)
	at de.uka.ilkd.key.proof.io.KeYFile.getProblemInformation(KeYFile.java:236)
	at de.uka.ilkd.key.proof.init.KeYUserProblemFile.readProfileFromFile(KeYUserProblemFile.java:236)
	at de.uka.ilkd.key.proof.init.KeYUserProblemFile.getProfile(KeYUserProblemFile.java:216)
	at de.uka.ilkd.key.proof.io.AbstractProblemLoader.createProblemInitializer(AbstractProblemLoader.java:508)
	at de.uka.ilkd.key.proof.io.AbstractProblemLoader.loadEnvironment(AbstractProblemLoader.java:288)
	at de.uka.ilkd.key.proof.io.AbstractProblemLoader.load(AbstractProblemLoader.java:253)
	at de.uka.ilkd.key.control.AbstractUserInterfaceControl.load(AbstractUserInterfaceControl.java:209)
	... 7 more
Could not initialize class de.uka.ilkd.key.nparser.KeYParser (file: /home/runner/work/key/key/key.core/../key.ui/examples/index/.././heap/SmansEtAl/Stack_size.key; caused by: java.lang.NoClassDefFoundError: Could not initialize class de.uka.ilkd.key.nparser.KeYParser)
	at de.uka.ilkd.key.control.AbstractUserInterfaceControl.load(AbstractUserInterfaceControl.java:221)
	at de.uka.ilkd.key.control.KeYEnvironment.load(KeYEnvironment.java:251)
	at de.uka.ilkd.key.control.KeYEnvironment.load(KeYEnvironment.java:224)
	at de.uka.ilkd.key.control.KeYEnvironment.load(KeYEnvironment.java:184)
	at de.uka.ilkd.key.control.KeYEnvironment.load(KeYEnvironment.java:261)
	at de.uka.ilkd.key.proof.runallproofs.proofcollection.TestFile.load(TestFile.java:270)
	at de.uka.ilkd.key.proof.runallproofs.proofcollection.TestFile.runKey(TestFile.java:160)
	at de.uka.ilkd.key.proof.runallproofs.proofcollection.ForkedTestFileRunner.main(ForkedTestFileRunner.java:171)
Caused by: java.lang.NoClassDefFoundError: Could not initialize class de.uka.ilkd.key.nparser.KeYParser
	at de.uka.ilkd.key.nparser.ParsingFacade.createParser(ParsingFacade.java:87)
	at de.uka.ilkd.key.nparser.ParsingFacade.parseFile(ParsingFacade.java:123)
	at de.uka.ilkd.key.proof.io.KeYFile.getParseContext(KeYFile.java:160)
	at de.uka.ilkd.key.proof.io.KeYFile.getProblemInformation(KeYFile.java:236)
	at de.uka.ilkd.key.proof.init.KeYUserProblemFile.readProfileFromFile(KeYUserProblemFile.java:236)
	at de.uka.ilkd.key.proof.init.KeYUserProblemFile.getProfile(KeYUserProblemFile.java:216)
	at de.uka.ilkd.key.proof.io.AbstractProblemLoader.createProblemInitializer(AbstractProblemLoader.java:508)
	at de.uka.ilkd.key.proof.io.AbstractProblemLoader.loadEnvironment(AbstractProblemLoader.java:288)
	at de.uka.ilkd.key.proof.io.AbstractProblemLoader.load(AbstractProblemLoader.java:253)
	at de.uka.ilkd.key.control.AbstractUserInterfaceControl.load(AbstractUserInterfaceControl.java:209)
	... 7 more
Could not initialize class de.uka.ilkd.key.nparser.KeYParser (file: /home/runner/work/key/key/key.core/../key.ui/examples/index/.././heap/SmansEtAl/Stack_Stack.key; caused by: java.lang.NoClassDefFoundError: Could not initialize class de.uka.ilkd.key.nparser.KeYParser)
	at de.uka.ilkd.key.control.AbstractUserInterfaceControl.load(AbstractUserInterfaceControl.java:221)
	at de.uka.ilkd.key.control.KeYEnvironment.load(KeYEnvironment.java:251)
	at de.uka.ilkd.key.control.KeYEnvironment.load(KeYEnvironment.java:224)
	at de.uka.ilkd.key.control.KeYEnvironment.load(KeYEnvironment.java:184)
	at de.uka.ilkd.key.control.KeYEnvironment.load(KeYEnvironment.java:261)
	at de.uka.ilkd.key.proof.runallproofs.proofcollection.TestFile.load(TestFile.java:270)
	at de.uka.ilkd.key.proof.runallproofs.proofcollection.TestFile.runKey(TestFile.java:160)
	at de.uka.ilkd.key.proof.runallproofs.proofcollection.ForkedTestFileRunner.main(ForkedTestFileRunner.java:171)
Caused by: java.lang.NoClassDefFoundError: Could not initialize class de.uka.ilkd.key.nparser.KeYParser
	at de.uka.ilkd.key.nparser.ParsingFacade.createParser(ParsingFacade.java:87)
	at de.uka.ilkd.key.nparser.ParsingFacade.parseFile(ParsingFacade.java:123)
	at de.uka.ilkd.key.proof.io.KeYFile.getParseContext(KeYFile.java:160)
	at de.uka.ilkd.key.proof.io.KeYFile.getProblemInformation(KeYFile.java:236)
	at de.uka.ilkd.key.proof.init.KeYUserProblemFile.readProfileFromFile(KeYUserProblemFile.java:236)
	at de.uka.ilkd.key.proof.init.KeYUserProblemFile.getProfile(KeYUserProblemFile.java:216)
	at de.uka.ilkd.key.proof.io.AbstractProblemLoader.createProblemInitializer(AbstractProblemLoader.java:508)
	at de.uka.ilkd.key.proof.io.AbstractProblemLoader.loadEnvironment(AbstractProblemLoader.java:288)
	at de.uka.ilkd.key.proof.io.AbstractProblemLoader.load(AbstractProblemLoader.java:253)
	at de.uka.ilkd.key.control.AbstractUserInterfaceControl.load(AbstractUserInterfaceControl.java:209)
	... 7 more
Could not initialize class de.uka.ilkd.key.nparser.KeYParser (file: /home/runner/work/key/key/key.core/../key.ui/examples/index/.././heap/SmansEtAl/Stack_switchContents.key; caused by: java.lang.NoClassDefFoundError: Could not initialize class de.uka.ilkd.key.nparser.KeYParser)
	at de.uka.ilkd.key.control.AbstractUserInterfaceControl.load(AbstractUserInterfaceControl.java:221)
	at de.uka.ilkd.key.control.KeYEnvironment.load(KeYEnvironment.java:251)
	at de.uka.ilkd.key.control.KeYEnvironment.load(KeYEnvironment.java:224)
	at de.uka.ilkd.key.control.KeYEnvironment.load(KeYEnvironment.java:184)
	at de.uka.ilkd.key.control.KeYEnvironment.load(KeYEnvironment.java:261)
	at de.uka.ilkd.key.proof.runallproofs.proofcollection.TestFile.load(TestFile.java:270)
	at de.uka.ilkd.key.proof.runallproofs.proofcollection.TestFile.runKey(TestFile.java:160)
	at de.uka.ilkd.key.proof.runallproofs.proofcollection.ForkedTestFileRunner.main(ForkedTestFileRunner.java:171)
Caused by: java.lang.NoClassDefFoundError: Could not initialize class de.uka.ilkd.key.nparser.KeYParser
	at de.uka.ilkd.key.nparser.ParsingFacade.createParser(ParsingFacade.java:87)
	at de.uka.ilkd.key.nparser.ParsingFacade.parseFile(ParsingFacade.java:123)
	at de.uka.ilkd.key.proof.io.KeYFile.getParseContext(KeYFile.java:160)
	at de.uka.ilkd.key.proof.io.KeYFile.getProblemInformation(KeYFile.java:236)
	at de.uka.ilkd.key.proof.init.KeYUserProblemFile.readProfileFromFile(KeYUserProblemFile.java:236)
	at de.uka.ilkd.key.proof.init.KeYUserProblemFile.getProfile(KeYUserProblemFile.java:216)
	at de.uka.ilkd.key.proof.io.AbstractProblemLoader.createProblemInitializer(AbstractProblemLoader.java:508)
	at de.uka.ilkd.key.proof.io.AbstractProblemLoader.loadEnvironment(AbstractProblemLoader.java:288)
	at de.uka.ilkd.key.proof.io.AbstractProblemLoader.load(AbstractProblemLoader.java:253)
	at de.uka.ilkd.key.control.AbstractUserInterfaceControl.load(AbstractUserInterfaceControl.java:209)
	... 7 more
Exception in thread "main" org.opentest4j.AssertionFailedError: Exception during the execution of proofs. See log for more details.
	at org.junit.jupiter.api.AssertionUtils.fail(AssertionUtils.java:38)
	at org.junit.jupiter.api.Assertions.fail(Assertions.java:135)
	at de.uka.ilkd.key.proof.runallproofs.proofcollection.ForkedTestFileRunner.main(ForkedTestFileRunner.java:192)
Timeout watcher launched (2000 secs.)
ANTLR Tool version 4.9.3 used for code generation does not match the current runtime version 4.12.0
 (file: /home/runner/work/key/key/key.core/../key.ui/examples/index/.././heap/vacid0_01_SparseArray/Harness_sparseArrayTestHarness1.key; caused by: java.lang.ExceptionInInitializerError)
	at de.uka.ilkd.key.control.AbstractUserInterfaceControl.load(AbstractUserInterfaceControl.java:221)
	at de.uka.ilkd.key.control.KeYEnvironment.load(KeYEnvironment.java:251)
	at de.uka.ilkd.key.control.KeYEnvironment.load(KeYEnvironment.java:224)
	at de.uka.ilkd.key.control.KeYEnvironment.load(KeYEnvironment.java:184)
	at de.uka.ilkd.key.control.KeYEnvironment.load(KeYEnvironment.java:261)
	at de.uka.ilkd.key.proof.runallproofs.proofcollection.TestFile.load(TestFile.java:270)
	at de.uka.ilkd.key.proof.runallproofs.proofcollection.TestFile.runKey(TestFile.java:160)
	at de.uka.ilkd.key.proof.runallproofs.proofcollection.ForkedTestFileRunner.main(ForkedTestFileRunner.java:171)
Caused by: java.lang.ExceptionInInitializerError
	at de.uka.ilkd.key.nparser.ParsingFacade.createParser(ParsingFacade.java:87)
	at de.uka.ilkd.key.nparser.ParsingFacade.parseFile(ParsingFacade.java:123)
	at de.uka.ilkd.key.proof.io.KeYFile.getParseContext(KeYFile.java:160)
	at de.uka.ilkd.key.proof.io.KeYFile.getProblemInformation(KeYFile.java:236)
	at de.uka.ilkd.key.proof.init.KeYUserProblemFile.readProfileFromFile(KeYUserProblemFile.java:236)
	at de.uka.ilkd.key.proof.init.KeYUserProblemFile.getProfile(KeYUserProblemFile.java:216)
	at de.uka.ilkd.key.proof.io.AbstractProblemLoader.createProblemInitializer(AbstractProblemLoader.java:508)
	at de.uka.ilkd.key.proof.io.AbstractProblemLoader.loadEnvironment(AbstractProblemLoader.java:288)
	at de.uka.ilkd.key.proof.io.AbstractProblemLoader.load(AbstractProblemLoader.java:253)
	at de.uka.ilkd.key.control.AbstractUserInterfaceControl.load(AbstractUserInterfaceControl.java:209)
	... 7 more
Caused by: java.lang.UnsupportedOperationException: java.io.InvalidClassException: org.antlr.v4.runtime.atn.ATN; Could not deserialize ATN with version 3 (expected 4).
	at org.antlr.v4.runtime.atn.ATNDeserializer.deserialize(ATNDeserializer.java:56)
	at org.antlr.v4.runtime.atn.ATNDeserializer.deserialize(ATNDeserializer.java:48)
	at de.uka.ilkd.key.nparser.KeYParser.<clinit>(KeYParser.java:11834)
	... 17 more
Caused by: java.io.InvalidClassException: org.antlr.v4.runtime.atn.ATN; Could not deserialize ATN with version 3 (expected 4).
	... 20 more
Could not initialize class de.uka.ilkd.key.nparser.KeYParser (file: /home/runner/work/key/key/key.core/../key.ui/examples/index/.././heap/vacid0_01_SparseArray/Harness_sparseArrayTestHarness2.key; caused by: java.lang.NoClassDefFoundError: Could not initialize class de.uka.ilkd.key.nparser.KeYParser)
	at de.uka.ilkd.key.control.AbstractUserInterfaceControl.load(AbstractUserInterfaceControl.java:221)
	at de.uka.ilkd.key.control.KeYEnvironment.load(KeYEnvironment.java:251)
	at de.uka.ilkd.key.control.KeYEnvironment.load(KeYEnvironment.java:224)
	at de.uka.ilkd.key.control.KeYEnvironment.load(KeYEnvironment.java:184)
	at de.uka.ilkd.key.control.KeYEnvironment.load(KeYEnvironment.java:261)
	at de.uka.ilkd.key.proof.runallproofs.proofcollection.TestFile.load(TestFile.java:270)
	at de.uka.ilkd.key.proof.runallproofs.proofcollection.TestFile.runKey(TestFile.java:160)
	at de.uka.ilkd.key.proof.runallproofs.proofcollection.ForkedTestFileRunner.main(ForkedTestFileRunner.java:171)
Caused by: java.lang.NoClassDefFoundError: Could not initialize class de.uka.ilkd.key.nparser.KeYParser
	at de.uka.ilkd.key.nparser.ParsingFacade.createParser(ParsingFacade.java:87)
	at de.uka.ilkd.key.nparser.ParsingFacade.parseFile(ParsingFacade.java:123)
	at de.uka.ilkd.key.proof.io.KeYFile.getParseContext(KeYFile.java:160)
	at de.uka.ilkd.key.proof.io.KeYFile.getProblemInformation(KeYFile.java:236)
	at de.uka.ilkd.key.proof.init.KeYUserProblemFile.readProfileFromFile(KeYUserProblemFile.java:236)
	at de.uka.ilkd.key.proof.init.KeYUserProblemFile.getProfile(KeYUserProblemFile.java:216)
	at de.uka.ilkd.key.proof.io.AbstractProblemLoader.createProblemInitializer(AbstractProblemLoader.java:508)
	at de.uka.ilkd.key.proof.io.AbstractProblemLoader.loadEnvironment(AbstractProblemLoader.java:288)
	at de.uka.ilkd.key.proof.io.AbstractProblemLoader.load(AbstractProblemLoader.java:253)
	at de.uka.ilkd.key.control.AbstractUserInterfaceControl.load(AbstractUserInterfaceControl.java:209)
	... 7 more
Could not initialize class de.uka.ilkd.key.nparser.KeYParser (file: /home/runner/work/key/key/key.core/../key.ui/examples/index/.././heap/vacid0_01_SparseArray/MemoryAllocator_alloc_unsigned.key; caused by: java.lang.NoClassDefFoundError: Could not initialize class de.uka.ilkd.key.nparser.KeYParser)
	at de.uka.ilkd.key.control.AbstractUserInterfaceControl.load(AbstractUserInterfaceControl.java:221)
	at de.uka.ilkd.key.control.KeYEnvironment.load(KeYEnvironment.java:251)
	at de.uka.ilkd.key.control.KeYEnvironment.load(KeYEnvironment.java:224)
	at de.uka.ilkd.key.control.KeYEnvironment.load(KeYEnvironment.java:184)
	at de.uka.ilkd.key.control.KeYEnvironment.load(KeYEnvironment.java:261)
	at de.uka.ilkd.key.proof.runallproofs.proofcollection.TestFile.load(TestFile.java:270)
	at de.uka.ilkd.key.proof.runallproofs.proofcollection.TestFile.runKey(TestFile.java:160)
	at de.uka.ilkd.key.proof.runallproofs.proofcollection.ForkedTestFileRunner.main(ForkedTestFileRunner.java:171)
Caused by: java.lang.NoClassDefFoundError: Could not initialize class de.uka.ilkd.key.nparser.KeYParser
	at de.uka.ilkd.key.nparser.ParsingFacade.createParser(ParsingFacade.java:87)
	at de.uka.ilkd.key.nparser.ParsingFacade.parseFile(ParsingFacade.java:123)
	at de.uka.ilkd.key.proof.io.KeYFile.getParseContext(KeYFile.java:160)
	at de.uka.ilkd.key.proof.io.KeYFile.getProblemInformation(KeYFile.java:236)
	at de.uka.ilkd.key.proof.init.KeYUserProblemFile.readProfileFromFile(KeYUserProblemFile.java:236)
	at de.uka.ilkd.key.proof.init.KeYUserProblemFile.getProfile(KeYUserProblemFile.java:216)
	at de.uka.ilkd.key.proof.io.AbstractProblemLoader.createProblemInitializer(AbstractProblemLoader.java:508)
	at de.uka.ilkd.key.proof.io.AbstractProblemLoader.loadEnvironment(AbstractProblemLoader.java:288)
	at de.uka.ilkd.key.proof.io.AbstractProblemLoader.load(AbstractProblemLoader.java:253)
	at de.uka.ilkd.key.control.AbstractUserInterfaceControl.load(AbstractUserInterfaceControl.java:209)
	... 7 more
Could not initialize class de.uka.ilkd.key.nparser.KeYParser (file: /home/runner/work/key/key/key.core/../key.ui/examples/index/.././heap/vacid0_01_SparseArray/MemoryAllocator_alloc.key; caused by: java.lang.NoClassDefFoundError: Could not initialize class de.uka.ilkd.key.nparser.KeYParser)
	at de.uka.ilkd.key.control.AbstractUserInterfaceControl.load(AbstractUserInterfaceControl.java:221)
	at de.uka.ilkd.key.control.KeYEnvironment.load(KeYEnvironment.java:251)
	at de.uka.ilkd.key.control.KeYEnvironment.load(KeYEnvironment.java:224)
	at de.uka.ilkd.key.control.KeYEnvironment.load(KeYEnvironment.java:184)
	at de.uka.ilkd.key.control.KeYEnvironment.load(KeYEnvironment.java:261)
	at de.uka.ilkd.key.proof.runallproofs.proofcollection.TestFile.load(TestFile.java:270)
	at de.uka.ilkd.key.proof.runallproofs.proofcollection.TestFile.runKey(TestFile.java:160)
	at de.uka.ilkd.key.proof.runallproofs.proofcollection.ForkedTestFileRunner.main(ForkedTestFileRunner.java:171)
Caused by: java.lang.NoClassDefFoundError: Could not initialize class de.uka.ilkd.key.nparser.KeYParser
	at de.uka.ilkd.key.nparser.ParsingFacade.createParser(ParsingFacade.java:87)
	at de.uka.ilkd.key.nparser.ParsingFacade.parseFile(ParsingFacade.java:123)
	at de.uka.ilkd.key.proof.io.KeYFile.getParseContext(KeYFile.java:160)
	at de.uka.ilkd.key.proof.io.KeYFile.getProblemInformation(KeYFile.java:236)
	at de.uka.ilkd.key.proof.init.KeYUserProblemFile.readProfileFromFile(KeYUserProblemFile.java:236)
	at de.uka.ilkd.key.proof.init.KeYUserProblemFile.getProfile(KeYUserProblemFile.java:216)
	at de.uka.ilkd.key.proof.io.AbstractProblemLoader.createProblemInitializer(AbstractProblemLoader.java:508)
	at de.uka.ilkd.key.proof.io.AbstractProblemLoader.loadEnvironment(AbstractProblemLoader.java:288)
	at de.uka.ilkd.key.proof.io.AbstractProblemLoader.load(AbstractProblemLoader.java:253)
	at de.uka.ilkd.key.control.AbstractUserInterfaceControl.load(AbstractUserInterfaceControl.java:209)
	... 7 more
Could not initialize class de.uka.ilkd.key.nparser.KeYParser (file: /home/runner/work/key/key/key.core/../key.ui/examples/index/.././heap/vacid0_01_SparseArray/SparseArray_get_dep.key; caused by: java.lang.NoClassDefFoundError: Could not initialize class de.uka.ilkd.key.nparser.KeYParser)
	at de.uka.ilkd.key.control.AbstractUserInterfaceControl.load(AbstractUserInterfaceControl.java:221)
	at de.uka.ilkd.key.control.KeYEnvironment.load(KeYEnvironment.java:251)
	at de.uka.ilkd.key.control.KeYEnvironment.load(KeYEnvironment.java:224)
	at de.uka.ilkd.key.control.KeYEnvironment.load(KeYEnvironment.java:184)
	at de.uka.ilkd.key.control.KeYEnvironment.load(KeYEnvironment.java:261)
	at de.uka.ilkd.key.proof.runallproofs.proofcollection.TestFile.load(TestFile.java:270)
	at de.uka.ilkd.key.proof.runallproofs.proofcollection.TestFile.runKey(TestFile.java:160)
	at de.uka.ilkd.key.proof.runallproofs.proofcollection.ForkedTestFileRunner.main(ForkedTestFileRunner.java:171)
Caused by: java.lang.NoClassDefFoundError: Could not initialize class de.uka.ilkd.key.nparser.KeYParser
	at de.uka.ilkd.key.nparser.ParsingFacade.createParser(ParsingFacade.java:87)
	at de.uka.ilkd.key.nparser.ParsingFacade.parseFile(ParsingFacade.java:123)
	at de.uka.ilkd.key.proof.io.KeYFile.getParseContext(KeYFile.java:160)
	at de.uka.ilkd.key.proof.io.KeYFile.getProblemInformation(KeYFile.java:236)
	at de.uka.ilkd.key.proof.init.KeYUserProblemFile.readProfileFromFile(KeYUserProblemFile.java:236)
	at de.uka.ilkd.key.proof.init.KeYUserProblemFile.getProfile(KeYUserProblemFile.java:216)
	at de.uka.ilkd.key.proof.io.AbstractProblemLoader.createProblemInitializer(AbstractProblemLoader.java:508)
	at de.uka.ilkd.key.proof.io.AbstractProblemLoader.loadEnvironment(AbstractProblemLoader.java:288)
	at de.uka.ilkd.key.proof.io.AbstractProblemLoader.load(AbstractProblemLoader.java:253)
	at de.uka.ilkd.key.control.AbstractUserInterfaceControl.load(AbstractUserInterfaceControl.java:209)
	... 7 more
Could not initialize class de.uka.ilkd.key.nparser.KeYParser (file: /home/runner/work/key/key/key.core/../key.ui/examples/index/.././heap/vacid0_01_SparseArray/SparseArray_get.key; caused by: java.lang.NoClassDefFoundError: Could not initialize class de.uka.ilkd.key.nparser.KeYParser)
	at de.uka.ilkd.key.control.AbstractUserInterfaceControl.load(AbstractUserInterfaceControl.java:221)
	at de.uka.ilkd.key.control.KeYEnvironment.load(KeYEnvironment.java:251)
	at de.uka.ilkd.key.control.KeYEnvironment.load(KeYEnvironment.java:224)
	at de.uka.ilkd.key.control.KeYEnvironment.load(KeYEnvironment.java:184)
	at de.uka.ilkd.key.control.KeYEnvironment.load(KeYEnvironment.java:261)
	at de.uka.ilkd.key.proof.runallproofs.proofcollection.TestFile.load(TestFile.java:270)
	at de.uka.ilkd.key.proof.runallproofs.proofcollection.TestFile.runKey(TestFile.java:160)
	at de.uka.ilkd.key.proof.runallproofs.proofcollection.ForkedTestFileRunner.main(ForkedTestFileRunner.java:171)
Caused by: java.lang.NoClassDefFoundError: Could not initialize class de.uka.ilkd.key.nparser.KeYParser
	at de.uka.ilkd.key.nparser.ParsingFacade.createParser(ParsingFacade.java:87)
	at de.uka.ilkd.key.nparser.ParsingFacade.parseFile(ParsingFacade.java:123)
	at de.uka.ilkd.key.proof.io.KeYFile.getParseContext(KeYFile.java:160)
	at de.uka.ilkd.key.proof.io.KeYFile.getProblemInformation(KeYFile.java:236)
	at de.uka.ilkd.key.proof.init.KeYUserProblemFile.readProfileFromFile(KeYUserProblemFile.java:236)
	at de.uka.ilkd.key.proof.init.KeYUserProblemFile.getProfile(KeYUserProblemFile.java:216)
	at de.uka.ilkd.key.proof.io.AbstractProblemLoader.createProblemInitializer(AbstractProblemLoader.java:508)
	at de.uka.ilkd.key.proof.io.AbstractProblemLoader.loadEnvironment(AbstractProblemLoader.java:288)
	at de.uka.ilkd.key.proof.io.AbstractProblemLoader.load(AbstractProblemLoader.java:253)
	at de.uka.ilkd.key.control.AbstractUserInterfaceControl.load(AbstractUserInterfaceControl.java:209)
	... 7 more
Could not initialize class de.uka.ilkd.key.nparser.KeYParser (file: /home/runner/work/key/key/key.core/../key.ui/examples/index/.././heap/vacid0_01_SparseArray/SparseArray_inv.key; caused by: java.lang.NoClassDefFoundError: Could not initialize class de.uka.ilkd.key.nparser.KeYParser)
	at de.uka.ilkd.key.control.AbstractUserInterfaceControl.load(AbstractUserInterfaceControl.java:221)
	at de.uka.ilkd.key.control.KeYEnvironment.load(KeYEnvironment.java:251)
	at de.uka.ilkd.key.control.KeYEnvironment.load(KeYEnvironment.java:224)
	at de.uka.ilkd.key.control.KeYEnvironment.load(KeYEnvironment.java:184)
	at de.uka.ilkd.key.control.KeYEnvironment.load(KeYEnvironment.java:261)
	at de.uka.ilkd.key.proof.runallproofs.proofcollection.TestFile.load(TestFile.java:270)
	at de.uka.ilkd.key.proof.runallproofs.proofcollection.TestFile.runKey(TestFile.java:160)
	at de.uka.ilkd.key.proof.runallproofs.proofcollection.ForkedTestFileRunner.main(ForkedTestFileRunner.java:171)
Caused by: java.lang.NoClassDefFoundError: Could not initialize class de.uka.ilkd.key.nparser.KeYParser
	at de.uka.ilkd.key.nparser.ParsingFacade.createParser(ParsingFacade.java:87)
	at de.uka.ilkd.key.nparser.ParsingFacade.parseFile(ParsingFacade.java:123)
	at de.uka.ilkd.key.proof.io.KeYFile.getParseContext(KeYFile.java:160)
	at de.uka.ilkd.key.proof.io.KeYFile.getProblemInformation(KeYFile.java:236)
	at de.uka.ilkd.key.proof.init.KeYUserProblemFile.readProfileFromFile(KeYUserProblemFile.java:236)
	at de.uka.ilkd.key.proof.init.KeYUserProblemFile.getProfile(KeYUserProblemFile.java:216)
	at de.uka.ilkd.key.proof.io.AbstractProblemLoader.createProblemInitializer(AbstractProblemLoader.java:508)
	at de.uka.ilkd.key.proof.io.AbstractProblemLoader.loadEnvironment(AbstractProblemLoader.java:288)
	at de.uka.ilkd.key.proof.io.AbstractProblemLoader.load(AbstractProblemLoader.java:253)
	at de.uka.ilkd.key.control.AbstractUserInterfaceControl.load(AbstractUserInterfaceControl.java:209)
	... 7 more
Could not initialize class de.uka.ilkd.key.nparser.KeYParser (file: /home/runner/work/key/key/key.core/../key.ui/examples/index/.././heap/vacid0_01_SparseArray/SparseArray_SparseArray.key; caused by: java.lang.NoClassDefFoundError: Could not initialize class de.uka.ilkd.key.nparser.KeYParser)
	at de.uka.ilkd.key.control.AbstractUserInterfaceControl.load(AbstractUserInterfaceControl.java:221)
	at de.uka.ilkd.key.control.KeYEnvironment.load(KeYEnvironment.java:251)
	at de.uka.ilkd.key.control.KeYEnvironment.load(KeYEnvironment.java:224)
	at de.uka.ilkd.key.control.KeYEnvironment.load(KeYEnvironment.java:184)
	at de.uka.ilkd.key.control.KeYEnvironment.load(KeYEnvironment.java:261)
	at de.uka.ilkd.key.proof.runallproofs.proofcollection.TestFile.load(TestFile.java:270)
	at de.uka.ilkd.key.proof.runallproofs.proofcollection.TestFile.runKey(TestFile.java:160)
	at de.uka.ilkd.key.proof.runallproofs.proofcollection.ForkedTestFileRunner.main(ForkedTestFileRunner.java:171)
Caused by: java.lang.NoClassDefFoundError: Could not initialize class de.uka.ilkd.key.nparser.KeYParser
	at de.uka.ilkd.key.nparser.ParsingFacade.createParser(ParsingFacade.java:87)
	at de.uka.ilkd.key.nparser.ParsingFacade.parseFile(ParsingFacade.java:123)
	at de.uka.ilkd.key.proof.io.KeYFile.getParseContext(KeYFile.java:160)
	at de.uka.ilkd.key.proof.io.KeYFile.getProblemInformation(KeYFile.java:236)
	at de.uka.ilkd.key.proof.init.KeYUserProblemFile.readProfileFromFile(KeYUserProblemFile.java:236)
	at de.uka.ilkd.key.proof.init.KeYUserProblemFile.getProfile(KeYUserProblemFile.java:216)
	at de.uka.ilkd.key.proof.io.AbstractProblemLoader.createProblemInitializer(AbstractProblemLoader.java:508)
	at de.uka.ilkd.key.proof.io.AbstractProblemLoader.loadEnvironment(AbstractProblemLoader.java:288)
	at de.uka.ilkd.key.proof.io.AbstractProblemLoader.load(AbstractProblemLoader.java:253)
	at de.uka.ilkd.key.control.AbstractUserInterfaceControl.load(AbstractUserInterfaceControl.java:209)
	... 7 more
Exception in thread "main" org.opentest4j.AssertionFailedError: Exception during the execution of proofs. See log for more details.
	at org.junit.jupiter.api.AssertionUtils.fail(AssertionUtils.java:38)
	at org.junit.jupiter.api.Assertions.fail(Assertions.java:135)
	at de.uka.ilkd.key.proof.runallproofs.proofcollection.ForkedTestFileRunner.main(ForkedTestFileRunner.java:192)
Timeout watcher launched (2000 secs.)
ANTLR Tool version 4.9.3 used for code generation does not match the current runtime version 4.12.0
 (file: /home/runner/work/key/key/key.core/../key.ui/examples/index/.././heap/vstte10_01_SumAndMax/SumAndMax_sumAndMax.key; caused by: java.lang.ExceptionInInitializerError)
	at de.uka.ilkd.key.control.AbstractUserInterfaceControl.load(AbstractUserInterfaceControl.java:221)
	at de.uka.ilkd.key.control.KeYEnvironment.load(KeYEnvironment.java:251)
	at de.uka.ilkd.key.control.KeYEnvironment.load(KeYEnvironment.java:224)
	at de.uka.ilkd.key.control.KeYEnvironment.load(KeYEnvironment.java:184)
	at de.uka.ilkd.key.control.KeYEnvironment.load(KeYEnvironment.java:261)
	at de.uka.ilkd.key.proof.runallproofs.proofcollection.TestFile.load(TestFile.java:270)
	at de.uka.ilkd.key.proof.runallproofs.proofcollection.TestFile.runKey(TestFile.java:160)
	at de.uka.ilkd.key.proof.runallproofs.proofcollection.ForkedTestFileRunner.main(ForkedTestFileRunner.java:171)
Caused by: java.lang.ExceptionInInitializerError
	at de.uka.ilkd.key.nparser.ParsingFacade.createParser(ParsingFacade.java:87)
	at de.uka.ilkd.key.nparser.ParsingFacade.parseFile(ParsingFacade.java:123)
	at de.uka.ilkd.key.proof.io.KeYFile.getParseContext(KeYFile.java:160)
	at de.uka.ilkd.key.proof.io.KeYFile.getProblemInformation(KeYFile.java:236)
	at de.uka.ilkd.key.proof.init.KeYUserProblemFile.readProfileFromFile(KeYUserProblemFile.java:236)
	at de.uka.ilkd.key.proof.init.KeYUserProblemFile.getProfile(KeYUserProblemFile.java:216)
	at de.uka.ilkd.key.proof.io.AbstractProblemLoader.createProblemInitializer(AbstractProblemLoader.java:508)
	at de.uka.ilkd.key.proof.io.AbstractProblemLoader.loadEnvironment(AbstractProblemLoader.java:288)
	at de.uka.ilkd.key.proof.io.AbstractProblemLoader.load(AbstractProblemLoader.java:253)
	at de.uka.ilkd.key.control.AbstractUserInterfaceControl.load(AbstractUserInterfaceControl.java:209)
	... 7 more
Caused by: java.lang.UnsupportedOperationException: java.io.InvalidClassException: org.antlr.v4.runtime.atn.ATN; Could not deserialize ATN with version 3 (expected 4).
	at org.antlr.v4.runtime.atn.ATNDeserializer.deserialize(ATNDeserializer.java:56)
	at org.antlr.v4.runtime.atn.ATNDeserializer.deserialize(ATNDeserializer.java:48)
	at de.uka.ilkd.key.nparser.KeYParser.<clinit>(KeYParser.java:11834)
	... 17 more
Caused by: java.io.InvalidClassException: org.antlr.v4.runtime.atn.ATN; Could not deserialize ATN with version 3 (expected 4).
	... 20 more
Could not initialize class de.uka.ilkd.key.nparser.KeYParser (file: /home/runner/work/key/key/key.core/../key.ui/examples/index/.././heap/vstte10_03_LinkedList/Node_cons.key; caused by: java.lang.NoClassDefFoundError: Could not initialize class de.uka.ilkd.key.nparser.KeYParser)
	at de.uka.ilkd.key.control.AbstractUserInterfaceControl.load(AbstractUserInterfaceControl.java:221)
	at de.uka.ilkd.key.control.KeYEnvironment.load(KeYEnvironment.java:251)
	at de.uka.ilkd.key.control.KeYEnvironment.load(KeYEnvironment.java:224)
	at de.uka.ilkd.key.control.KeYEnvironment.load(KeYEnvironment.java:184)
	at de.uka.ilkd.key.control.KeYEnvironment.load(KeYEnvironment.java:261)
	at de.uka.ilkd.key.proof.runallproofs.proofcollection.TestFile.load(TestFile.java:270)
	at de.uka.ilkd.key.proof.runallproofs.proofcollection.TestFile.runKey(TestFile.java:160)
	at de.uka.ilkd.key.proof.runallproofs.proofcollection.ForkedTestFileRunner.main(ForkedTestFileRunner.java:171)
Caused by: java.lang.NoClassDefFoundError: Could not initialize class de.uka.ilkd.key.nparser.KeYParser
	at de.uka.ilkd.key.nparser.ParsingFacade.createParser(ParsingFacade.java:87)
	at de.uka.ilkd.key.nparser.ParsingFacade.parseFile(ParsingFacade.java:123)
	at de.uka.ilkd.key.proof.io.KeYFile.getParseContext(KeYFile.java:160)
	at de.uka.ilkd.key.proof.io.KeYFile.getProblemInformation(KeYFile.java:236)
	at de.uka.ilkd.key.proof.init.KeYUserProblemFile.readProfileFromFile(KeYUserProblemFile.java:236)
	at de.uka.ilkd.key.proof.init.KeYUserProblemFile.getProfile(KeYUserProblemFile.java:216)
	at de.uka.ilkd.key.proof.io.AbstractProblemLoader.createProblemInitializer(AbstractProblemLoader.java:508)
	at de.uka.ilkd.key.proof.io.AbstractProblemLoader.loadEnvironment(AbstractProblemLoader.java:288)
	at de.uka.ilkd.key.proof.io.AbstractProblemLoader.load(AbstractProblemLoader.java:253)
	at de.uka.ilkd.key.control.AbstractUserInterfaceControl.load(AbstractUserInterfaceControl.java:209)
	... 7 more
Could not initialize class de.uka.ilkd.key.nparser.KeYParser (file: /home/runner/work/key/key/key.core/../key.ui/examples/index/.././heap/vstte10_03_LinkedList/Node_inv.key; caused by: java.lang.NoClassDefFoundError: Could not initialize class de.uka.ilkd.key.nparser.KeYParser)
	at de.uka.ilkd.key.control.AbstractUserInterfaceControl.load(AbstractUserInterfaceControl.java:221)
	at de.uka.ilkd.key.control.KeYEnvironment.load(KeYEnvironment.java:251)
	at de.uka.ilkd.key.control.KeYEnvironment.load(KeYEnvironment.java:224)
	at de.uka.ilkd.key.control.KeYEnvironment.load(KeYEnvironment.java:184)
	at de.uka.ilkd.key.control.KeYEnvironment.load(KeYEnvironment.java:261)
	at de.uka.ilkd.key.proof.runallproofs.proofcollection.TestFile.load(TestFile.java:270)
	at de.uka.ilkd.key.proof.runallproofs.proofcollection.TestFile.runKey(TestFile.java:160)
	at de.uka.ilkd.key.proof.runallproofs.proofcollection.ForkedTestFileRunner.main(ForkedTestFileRunner.java:171)
Caused by: java.lang.NoClassDefFoundError: Could not initialize class de.uka.ilkd.key.nparser.KeYParser
	at de.uka.ilkd.key.nparser.ParsingFacade.createParser(ParsingFacade.java:87)
	at de.uka.ilkd.key.nparser.ParsingFacade.parseFile(ParsingFacade.java:123)
	at de.uka.ilkd.key.proof.io.KeYFile.getParseContext(KeYFile.java:160)
	at de.uka.ilkd.key.proof.io.KeYFile.getProblemInformation(KeYFile.java:236)
	at de.uka.ilkd.key.proof.init.KeYUserProblemFile.readProfileFromFile(KeYUserProblemFile.java:236)
	at de.uka.ilkd.key.proof.init.KeYUserProblemFile.getProfile(KeYUserProblemFile.java:216)
	at de.uka.ilkd.key.proof.io.AbstractProblemLoader.createProblemInitializer(AbstractProblemLoader.java:508)
	at de.uka.ilkd.key.proof.io.AbstractProblemLoader.loadEnvironment(AbstractProblemLoader.java:288)
	at de.uka.ilkd.key.proof.io.AbstractProblemLoader.load(AbstractProblemLoader.java:253)
	at de.uka.ilkd.key.control.AbstractUserInterfaceControl.load(AbstractUserInterfaceControl.java:209)
	... 7 more
Could not initialize class de.uka.ilkd.key.nparser.KeYParser (file: /home/runner/work/key/key/key.core/../key.ui/examples/index/.././heap/vstte10_03_LinkedList/Node_search.key; caused by: java.lang.NoClassDefFoundError: Could not initialize class de.uka.ilkd.key.nparser.KeYParser)
	at de.uka.ilkd.key.control.AbstractUserInterfaceControl.load(AbstractUserInterfaceControl.java:221)
	at de.uka.ilkd.key.control.KeYEnvironment.load(KeYEnvironment.java:251)
	at de.uka.ilkd.key.control.KeYEnvironment.load(KeYEnvironment.java:224)
	at de.uka.ilkd.key.control.KeYEnvironment.load(KeYEnvironment.java:184)
	at de.uka.ilkd.key.control.KeYEnvironment.load(KeYEnvironment.java:261)
	at de.uka.ilkd.key.proof.runallproofs.proofcollection.TestFile.load(TestFile.java:270)
	at de.uka.ilkd.key.proof.runallproofs.proofcollection.TestFile.runKey(TestFile.java:160)
	at de.uka.ilkd.key.proof.runallproofs.proofcollection.ForkedTestFileRunner.main(ForkedTestFileRunner.java:171)
Caused by: java.lang.NoClassDefFoundError: Could not initialize class de.uka.ilkd.key.nparser.KeYParser
	at de.uka.ilkd.key.nparser.ParsingFacade.createParser(ParsingFacade.java:87)
	at de.uka.ilkd.key.nparser.ParsingFacade.parseFile(ParsingFacade.java:123)
	at de.uka.ilkd.key.proof.io.KeYFile.getParseContext(KeYFile.java:160)
	at de.uka.ilkd.key.proof.io.KeYFile.getProblemInformation(KeYFile.java:236)
	at de.uka.ilkd.key.proof.init.KeYUserProblemFile.readProfileFromFile(KeYUserProblemFile.java:236)
	at de.uka.ilkd.key.proof.init.KeYUserProblemFile.getProfile(KeYUserProblemFile.java:216)
	at de.uka.ilkd.key.proof.io.AbstractProblemLoader.createProblemInitializer(AbstractProblemLoader.java:508)
	at de.uka.ilkd.key.proof.io.AbstractProblemLoader.loadEnvironment(AbstractProblemLoader.java:288)
	at de.uka.ilkd.key.proof.io.AbstractProblemLoader.load(AbstractProblemLoader.java:253)
	at de.uka.ilkd.key.control.AbstractUserInterfaceControl.load(AbstractUserInterfaceControl.java:209)
	... 7 more
Could not initialize class de.uka.ilkd.key.nparser.KeYParser (file: /home/runner/work/key/key/key.core/../key.ui/examples/index/.././heap/vstte10_04_Queens/Queens_isConsistent.key; caused by: java.lang.NoClassDefFoundError: Could not initialize class de.uka.ilkd.key.nparser.KeYParser)
	at de.uka.ilkd.key.control.AbstractUserInterfaceControl.load(AbstractUserInterfaceControl.java:221)
	at de.uka.ilkd.key.control.KeYEnvironment.load(KeYEnvironment.java:251)
	at de.uka.ilkd.key.control.KeYEnvironment.load(KeYEnvironment.java:224)
	at de.uka.ilkd.key.control.KeYEnvironment.load(KeYEnvironment.java:184)
	at de.uka.ilkd.key.control.KeYEnvironment.load(KeYEnvironment.java:261)
	at de.uka.ilkd.key.proof.runallproofs.proofcollection.TestFile.load(TestFile.java:270)
	at de.uka.ilkd.key.proof.runallproofs.proofcollection.TestFile.runKey(TestFile.java:160)
	at de.uka.ilkd.key.proof.runallproofs.proofcollection.ForkedTestFileRunner.main(ForkedTestFileRunner.java:171)
Caused by: java.lang.NoClassDefFoundError: Could not initialize class de.uka.ilkd.key.nparser.KeYParser
	at de.uka.ilkd.key.nparser.ParsingFacade.createParser(ParsingFacade.java:87)
	at de.uka.ilkd.key.nparser.ParsingFacade.parseFile(ParsingFacade.java:123)
	at de.uka.ilkd.key.proof.io.KeYFile.getParseContext(KeYFile.java:160)
	at de.uka.ilkd.key.proof.io.KeYFile.getProblemInformation(KeYFile.java:236)
	at de.uka.ilkd.key.proof.init.KeYUserProblemFile.readProfileFromFile(KeYUserProblemFile.java:236)
	at de.uka.ilkd.key.proof.init.KeYUserProblemFile.getProfile(KeYUserProblemFile.java:216)
	at de.uka.ilkd.key.proof.io.AbstractProblemLoader.createProblemInitializer(AbstractProblemLoader.java:508)
	at de.uka.ilkd.key.proof.io.AbstractProblemLoader.loadEnvironment(AbstractProblemLoader.java:288)
	at de.uka.ilkd.key.proof.io.AbstractProblemLoader.load(AbstractProblemLoader.java:253)
	at de.uka.ilkd.key.control.AbstractUserInterfaceControl.load(AbstractUserInterfaceControl.java:209)
	... 7 more
Could not initialize class de.uka.ilkd.key.nparser.KeYParser (file: /home/runner/work/key/key/key.core/../key.ui/examples/index/.././heap/vstte10_04_Queens/Queens_nQueens.key; caused by: java.lang.NoClassDefFoundError: Could not initialize class de.uka.ilkd.key.nparser.KeYParser)
	at de.uka.ilkd.key.control.AbstractUserInterfaceControl.load(AbstractUserInterfaceControl.java:221)
	at de.uka.ilkd.key.control.KeYEnvironment.load(KeYEnvironment.java:251)
	at de.uka.ilkd.key.control.KeYEnvironment.load(KeYEnvironment.java:224)
	at de.uka.ilkd.key.control.KeYEnvironment.load(KeYEnvironment.java:184)
	at de.uka.ilkd.key.control.KeYEnvironment.load(KeYEnvironment.java:261)
	at de.uka.ilkd.key.proof.runallproofs.proofcollection.TestFile.load(TestFile.java:270)
	at de.uka.ilkd.key.proof.runallproofs.proofcollection.TestFile.runKey(TestFile.java:160)
	at de.uka.ilkd.key.proof.runallproofs.proofcollection.ForkedTestFileRunner.main(ForkedTestFileRunner.java:171)
Caused by: java.lang.NoClassDefFoundError: Could not initialize class de.uka.ilkd.key.nparser.KeYParser
	at de.uka.ilkd.key.nparser.ParsingFacade.createParser(ParsingFacade.java:87)
	at de.uka.ilkd.key.nparser.ParsingFacade.parseFile(ParsingFacade.java:123)
	at de.uka.ilkd.key.proof.io.KeYFile.getParseContext(KeYFile.java:160)
	at de.uka.ilkd.key.proof.io.KeYFile.getProblemInformation(KeYFile.java:236)
	at de.uka.ilkd.key.proof.init.KeYUserProblemFile.readProfileFromFile(KeYUserProblemFile.java:236)
	at de.uka.ilkd.key.proof.init.KeYUserProblemFile.getProfile(KeYUserProblemFile.java:216)
	at de.uka.ilkd.key.proof.io.AbstractProblemLoader.createProblemInitializer(AbstractProblemLoader.java:508)
	at de.uka.ilkd.key.proof.io.AbstractProblemLoader.loadEnvironment(AbstractProblemLoader.java:288)
	at de.uka.ilkd.key.proof.io.AbstractProblemLoader.load(AbstractProblemLoader.java:253)
	at de.uka.ilkd.key.control.AbstractUserInterfaceControl.load(AbstractUserInterfaceControl.java:209)
	... 7 more
Could not initialize class de.uka.ilkd.key.nparser.KeYParser (file: /home/runner/work/key/key/key.core/../key.ui/examples/index/.././heap/vstte10_05_Queue/AmortizedQueue_AmortizedQueue.key; caused by: java.lang.NoClassDefFoundError: Could not initialize class de.uka.ilkd.key.nparser.KeYParser)
	at de.uka.ilkd.key.control.AbstractUserInterfaceControl.load(AbstractUserInterfaceControl.java:221)
	at de.uka.ilkd.key.control.KeYEnvironment.load(KeYEnvironment.java:251)
	at de.uka.ilkd.key.control.KeYEnvironment.load(KeYEnvironment.java:224)
	at de.uka.ilkd.key.control.KeYEnvironment.load(KeYEnvironment.java:184)
	at de.uka.ilkd.key.control.KeYEnvironment.load(KeYEnvironment.java:261)
	at de.uka.ilkd.key.proof.runallproofs.proofcollection.TestFile.load(TestFile.java:270)
	at de.uka.ilkd.key.proof.runallproofs.proofcollection.TestFile.runKey(TestFile.java:160)
	at de.uka.ilkd.key.proof.runallproofs.proofcollection.ForkedTestFileRunner.main(ForkedTestFileRunner.java:171)
Caused by: java.lang.NoClassDefFoundError: Could not initialize class de.uka.ilkd.key.nparser.KeYParser
	at de.uka.ilkd.key.nparser.ParsingFacade.createParser(ParsingFacade.java:87)
	at de.uka.ilkd.key.nparser.ParsingFacade.parseFile(ParsingFacade.java:123)
	at de.uka.ilkd.key.proof.io.KeYFile.getParseContext(KeYFile.java:160)
	at de.uka.ilkd.key.proof.io.KeYFile.getProblemInformation(KeYFile.java:236)
	at de.uka.ilkd.key.proof.init.KeYUserProblemFile.readProfileFromFile(KeYUserProblemFile.java:236)
	at de.uka.ilkd.key.proof.init.KeYUserProblemFile.getProfile(KeYUserProblemFile.java:216)
	at de.uka.ilkd.key.proof.io.AbstractProblemLoader.createProblemInitializer(AbstractProblemLoader.java:508)
	at de.uka.ilkd.key.proof.io.AbstractProblemLoader.loadEnvironment(AbstractProblemLoader.java:288)
	at de.uka.ilkd.key.proof.io.AbstractProblemLoader.load(AbstractProblemLoader.java:253)
	at de.uka.ilkd.key.control.AbstractUserInterfaceControl.load(AbstractUserInterfaceControl.java:209)
	... 7 more
Could not initialize class de.uka.ilkd.key.nparser.KeYParser (file: /home/runner/work/key/key/key.core/../key.ui/examples/index/.././heap/vstte10_05_Queue/AmortizedQueue_front.key; caused by: java.lang.NoClassDefFoundError: Could not initialize class de.uka.ilkd.key.nparser.KeYParser)
	at de.uka.ilkd.key.control.AbstractUserInterfaceControl.load(AbstractUserInterfaceControl.java:221)
	at de.uka.ilkd.key.control.KeYEnvironment.load(KeYEnvironment.java:251)
	at de.uka.ilkd.key.control.KeYEnvironment.load(KeYEnvironment.java:224)
	at de.uka.ilkd.key.control.KeYEnvironment.load(KeYEnvironment.java:184)
	at de.uka.ilkd.key.control.KeYEnvironment.load(KeYEnvironment.java:261)
	at de.uka.ilkd.key.proof.runallproofs.proofcollection.TestFile.load(TestFile.java:270)
	at de.uka.ilkd.key.proof.runallproofs.proofcollection.TestFile.runKey(TestFile.java:160)
	at de.uka.ilkd.key.proof.runallproofs.proofcollection.ForkedTestFileRunner.main(ForkedTestFileRunner.java:171)
Caused by: java.lang.NoClassDefFoundError: Could not initialize class de.uka.ilkd.key.nparser.KeYParser
	at de.uka.ilkd.key.nparser.ParsingFacade.createParser(ParsingFacade.java:87)
	at de.uka.ilkd.key.nparser.ParsingFacade.parseFile(ParsingFacade.java:123)
	at de.uka.ilkd.key.proof.io.KeYFile.getParseContext(KeYFile.java:160)
	at de.uka.ilkd.key.proof.io.KeYFile.getProblemInformation(KeYFile.java:236)
	at de.uka.ilkd.key.proof.init.KeYUserProblemFile.readProfileFromFile(KeYUserProblemFile.java:236)
	at de.uka.ilkd.key.proof.init.KeYUserProblemFile.getProfile(KeYUserProblemFile.java:216)
	at de.uka.ilkd.key.proof.io.AbstractProblemLoader.createProblemInitializer(AbstractProblemLoader.java:508)
	at de.uka.ilkd.key.proof.io.AbstractProblemLoader.loadEnvironment(AbstractProblemLoader.java:288)
	at de.uka.ilkd.key.proof.io.AbstractProblemLoader.load(AbstractProblemLoader.java:253)
	at de.uka.ilkd.key.control.AbstractUserInterfaceControl.load(AbstractUserInterfaceControl.java:209)
	... 7 more
Could not initialize class de.uka.ilkd.key.nparser.KeYParser (file: /home/runner/work/key/key/key.core/../key.ui/examples/index/.././heap/vstte10_05_Queue/LinkedList_concat.key; caused by: java.lang.NoClassDefFoundError: Could not initialize class de.uka.ilkd.key.nparser.KeYParser)
	at de.uka.ilkd.key.control.AbstractUserInterfaceControl.load(AbstractUserInterfaceControl.java:221)
	at de.uka.ilkd.key.control.KeYEnvironment.load(KeYEnvironment.java:251)
	at de.uka.ilkd.key.control.KeYEnvironment.load(KeYEnvironment.java:224)
	at de.uka.ilkd.key.control.KeYEnvironment.load(KeYEnvironment.java:184)
	at de.uka.ilkd.key.control.KeYEnvironment.load(KeYEnvironment.java:261)
	at de.uka.ilkd.key.proof.runallproofs.proofcollection.TestFile.load(TestFile.java:270)
	at de.uka.ilkd.key.proof.runallproofs.proofcollection.TestFile.runKey(TestFile.java:160)
	at de.uka.ilkd.key.proof.runallproofs.proofcollection.ForkedTestFileRunner.main(ForkedTestFileRunner.java:171)
Caused by: java.lang.NoClassDefFoundError: Could not initialize class de.uka.ilkd.key.nparser.KeYParser
	at de.uka.ilkd.key.nparser.ParsingFacade.createParser(ParsingFacade.java:87)
	at de.uka.ilkd.key.nparser.ParsingFacade.parseFile(ParsingFacade.java:123)
	at de.uka.ilkd.key.proof.io.KeYFile.getParseContext(KeYFile.java:160)
	at de.uka.ilkd.key.proof.io.KeYFile.getProblemInformation(KeYFile.java:236)
	at de.uka.ilkd.key.proof.init.KeYUserProblemFile.readProfileFromFile(KeYUserProblemFile.java:236)
	at de.uka.ilkd.key.proof.init.KeYUserProblemFile.getProfile(KeYUserProblemFile.java:216)
	at de.uka.ilkd.key.proof.io.AbstractProblemLoader.createProblemInitializer(AbstractProblemLoader.java:508)
	at de.uka.ilkd.key.proof.io.AbstractProblemLoader.loadEnvironment(AbstractProblemLoader.java:288)
	at de.uka.ilkd.key.proof.io.AbstractProblemLoader.load(AbstractProblemLoader.java:253)
	at de.uka.ilkd.key.control.AbstractUserInterfaceControl.load(AbstractUserInterfaceControl.java:209)
	... 7 more
Could not initialize class de.uka.ilkd.key.nparser.KeYParser (file: /home/runner/work/key/key/key.core/../key.ui/examples/index/.././heap/vstte10_05_Queue/LinkedList_cons.key; caused by: java.lang.NoClassDefFoundError: Could not initialize class de.uka.ilkd.key.nparser.KeYParser)
	at de.uka.ilkd.key.control.AbstractUserInterfaceControl.load(AbstractUserInterfaceControl.java:221)
	at de.uka.ilkd.key.control.KeYEnvironment.load(KeYEnvironment.java:251)
	at de.uka.ilkd.key.control.KeYEnvironment.load(KeYEnvironment.java:224)
	at de.uka.ilkd.key.control.KeYEnvironment.load(KeYEnvironment.java:184)
	at de.uka.ilkd.key.control.KeYEnvironment.load(KeYEnvironment.java:261)
	at de.uka.ilkd.key.proof.runallproofs.proofcollection.TestFile.load(TestFile.java:270)
	at de.uka.ilkd.key.proof.runallproofs.proofcollection.TestFile.runKey(TestFile.java:160)
	at de.uka.ilkd.key.proof.runallproofs.proofcollection.ForkedTestFileRunner.main(ForkedTestFileRunner.java:171)
Caused by: java.lang.NoClassDefFoundError: Could not initialize class de.uka.ilkd.key.nparser.KeYParser
	at de.uka.ilkd.key.nparser.ParsingFacade.createParser(ParsingFacade.java:87)
	at de.uka.ilkd.key.nparser.ParsingFacade.parseFile(ParsingFacade.java:123)
	at de.uka.ilkd.key.proof.io.KeYFile.getParseContext(KeYFile.java:160)
	at de.uka.ilkd.key.proof.io.KeYFile.getProblemInformation(KeYFile.java:236)
	at de.uka.ilkd.key.proof.init.KeYUserProblemFile.readProfileFromFile(KeYUserProblemFile.java:236)
	at de.uka.ilkd.key.proof.init.KeYUserProblemFile.getProfile(KeYUserProblemFile.java:216)
	at de.uka.ilkd.key.proof.io.AbstractProblemLoader.createProblemInitializer(AbstractProblemLoader.java:508)
	at de.uka.ilkd.key.proof.io.AbstractProblemLoader.loadEnvironment(AbstractProblemLoader.java:288)
	at de.uka.ilkd.key.proof.io.AbstractProblemLoader.load(AbstractProblemLoader.java:253)
	at de.uka.ilkd.key.control.AbstractUserInterfaceControl.load(AbstractUserInterfaceControl.java:209)
	... 7 more
Could not initialize class de.uka.ilkd.key.nparser.KeYParser (file: /home/runner/work/key/key/key.core/../key.ui/examples/index/.././heap/vstte10_05_Queue/LinkedList_head.key; caused by: java.lang.NoClassDefFoundError: Could not initialize class de.uka.ilkd.key.nparser.KeYParser)
	at de.uka.ilkd.key.control.AbstractUserInterfaceControl.load(AbstractUserInterfaceControl.java:221)
	at de.uka.ilkd.key.control.KeYEnvironment.load(KeYEnvironment.java:251)
	at de.uka.ilkd.key.control.KeYEnvironment.load(KeYEnvironment.java:224)
	at de.uka.ilkd.key.control.KeYEnvironment.load(KeYEnvironment.java:184)
	at de.uka.ilkd.key.control.KeYEnvironment.load(KeYEnvironment.java:261)
	at de.uka.ilkd.key.proof.runallproofs.proofcollection.TestFile.load(TestFile.java:270)
	at de.uka.ilkd.key.proof.runallproofs.proofcollection.TestFile.runKey(TestFile.java:160)
	at de.uka.ilkd.key.proof.runallproofs.proofcollection.ForkedTestFileRunner.main(ForkedTestFileRunner.java:171)
Caused by: java.lang.NoClassDefFoundError: Could not initialize class de.uka.ilkd.key.nparser.KeYParser
	at de.uka.ilkd.key.nparser.ParsingFacade.createParser(ParsingFacade.java:87)
	at de.uka.ilkd.key.nparser.ParsingFacade.parseFile(ParsingFacade.java:123)
	at de.uka.ilkd.key.proof.io.KeYFile.getParseContext(KeYFile.java:160)
	at de.uka.ilkd.key.proof.io.KeYFile.getProblemInformation(KeYFile.java:236)
	at de.uka.ilkd.key.proof.init.KeYUserProblemFile.readProfileFromFile(KeYUserProblemFile.java:236)
	at de.uka.ilkd.key.proof.init.KeYUserProblemFile.getProfile(KeYUserProblemFile.java:216)
	at de.uka.ilkd.key.proof.io.AbstractProblemLoader.createProblemInitializer(AbstractProblemLoader.java:508)
	at de.uka.ilkd.key.proof.io.AbstractProblemLoader.loadEnvironment(AbstractProblemLoader.java:288)
	at de.uka.ilkd.key.proof.io.AbstractProblemLoader.load(AbstractProblemLoader.java:253)
	at de.uka.ilkd.key.control.AbstractUserInterfaceControl.load(AbstractUserInterfaceControl.java:209)
	... 7 more
Could not initialize class de.uka.ilkd.key.nparser.KeYParser (file: /home/runner/work/key/key/key.core/../key.ui/examples/index/.././heap/vstte10_05_Queue/LinkedList_inv.key; caused by: java.lang.NoClassDefFoundError: Could not initialize class de.uka.ilkd.key.nparser.KeYParser)
	at de.uka.ilkd.key.control.AbstractUserInterfaceControl.load(AbstractUserInterfaceControl.java:221)
	at de.uka.ilkd.key.control.KeYEnvironment.load(KeYEnvironment.java:251)
	at de.uka.ilkd.key.control.KeYEnvironment.load(KeYEnvironment.java:224)
	at de.uka.ilkd.key.control.KeYEnvironment.load(KeYEnvironment.java:184)
	at de.uka.ilkd.key.control.KeYEnvironment.load(KeYEnvironment.java:261)
	at de.uka.ilkd.key.proof.runallproofs.proofcollection.TestFile.load(TestFile.java:270)
	at de.uka.ilkd.key.proof.runallproofs.proofcollection.TestFile.runKey(TestFile.java:160)
	at de.uka.ilkd.key.proof.runallproofs.proofcollection.ForkedTestFileRunner.main(ForkedTestFileRunner.java:171)
Caused by: java.lang.NoClassDefFoundError: Could not initialize class de.uka.ilkd.key.nparser.KeYParser
	at de.uka.ilkd.key.nparser.ParsingFacade.createParser(ParsingFacade.java:87)
	at de.uka.ilkd.key.nparser.ParsingFacade.parseFile(ParsingFacade.java:123)
	at de.uka.ilkd.key.proof.io.KeYFile.getParseContext(KeYFile.java:160)
	at de.uka.ilkd.key.proof.io.KeYFile.getProblemInformation(KeYFile.java:236)
	at de.uka.ilkd.key.proof.init.KeYUserProblemFile.readProfileFromFile(KeYUserProblemFile.java:236)
	at de.uka.ilkd.key.proof.init.KeYUserProblemFile.getProfile(KeYUserProblemFile.java:216)
	at de.uka.ilkd.key.proof.io.AbstractProblemLoader.createProblemInitializer(AbstractProblemLoader.java:508)
	at de.uka.ilkd.key.proof.io.AbstractProblemLoader.loadEnvironment(AbstractProblemLoader.java:288)
	at de.uka.ilkd.key.proof.io.AbstractProblemLoader.load(AbstractProblemLoader.java:253)
	at de.uka.ilkd.key.control.AbstractUserInterfaceControl.load(AbstractUserInterfaceControl.java:209)
	... 7 more
Could not initialize class de.uka.ilkd.key.nparser.KeYParser (file: /home/runner/work/key/key/key.core/../key.ui/examples/index/.././heap/vstte10_05_Queue/LinkedList_length.key; caused by: java.lang.NoClassDefFoundError: Could not initialize class de.uka.ilkd.key.nparser.KeYParser)
	at de.uka.ilkd.key.control.AbstractUserInterfaceControl.load(AbstractUserInterfaceControl.java:221)
	at de.uka.ilkd.key.control.KeYEnvironment.load(KeYEnvironment.java:251)
	at de.uka.ilkd.key.control.KeYEnvironment.load(KeYEnvironment.java:224)
	at de.uka.ilkd.key.control.KeYEnvironment.load(KeYEnvironment.java:184)
	at de.uka.ilkd.key.control.KeYEnvironment.load(KeYEnvironment.java:261)
	at de.uka.ilkd.key.proof.runallproofs.proofcollection.TestFile.load(TestFile.java:270)
	at de.uka.ilkd.key.proof.runallproofs.proofcollection.TestFile.runKey(TestFile.java:160)
	at de.uka.ilkd.key.proof.runallproofs.proofcollection.ForkedTestFileRunner.main(ForkedTestFileRunner.java:171)
Caused by: java.lang.NoClassDefFoundError: Could not initialize class de.uka.ilkd.key.nparser.KeYParser
	at de.uka.ilkd.key.nparser.ParsingFacade.createParser(ParsingFacade.java:87)
	at de.uka.ilkd.key.nparser.ParsingFacade.parseFile(ParsingFacade.java:123)
	at de.uka.ilkd.key.proof.io.KeYFile.getParseContext(KeYFile.java:160)
	at de.uka.ilkd.key.proof.io.KeYFile.getProblemInformation(KeYFile.java:236)
	at de.uka.ilkd.key.proof.init.KeYUserProblemFile.readProfileFromFile(KeYUserProblemFile.java:236)
	at de.uka.ilkd.key.proof.init.KeYUserProblemFile.getProfile(KeYUserProblemFile.java:216)
	at de.uka.ilkd.key.proof.io.AbstractProblemLoader.createProblemInitializer(AbstractProblemLoader.java:508)
	at de.uka.ilkd.key.proof.io.AbstractProblemLoader.loadEnvironment(AbstractProblemLoader.java:288)
	at de.uka.ilkd.key.proof.io.AbstractProblemLoader.load(AbstractProblemLoader.java:253)
	at de.uka.ilkd.key.control.AbstractUserInterfaceControl.load(AbstractUserInterfaceControl.java:209)
	... 7 more
Could not initialize class de.uka.ilkd.key.nparser.KeYParser (file: /home/runner/work/key/key/key.core/../key.ui/examples/index/.././heap/vstte10_05_Queue/LinkedList_LinkedList1.key; caused by: java.lang.NoClassDefFoundError: Could not initialize class de.uka.ilkd.key.nparser.KeYParser)
	at de.uka.ilkd.key.control.AbstractUserInterfaceControl.load(AbstractUserInterfaceControl.java:221)
	at de.uka.ilkd.key.control.KeYEnvironment.load(KeYEnvironment.java:251)
	at de.uka.ilkd.key.control.KeYEnvironment.load(KeYEnvironment.java:224)
	at de.uka.ilkd.key.control.KeYEnvironment.load(KeYEnvironment.java:184)
	at de.uka.ilkd.key.control.KeYEnvironment.load(KeYEnvironment.java:261)
	at de.uka.ilkd.key.proof.runallproofs.proofcollection.TestFile.load(TestFile.java:270)
	at de.uka.ilkd.key.proof.runallproofs.proofcollection.TestFile.runKey(TestFile.java:160)
	at de.uka.ilkd.key.proof.runallproofs.proofcollection.ForkedTestFileRunner.main(ForkedTestFileRunner.java:171)
Caused by: java.lang.NoClassDefFoundError: Could not initialize class de.uka.ilkd.key.nparser.KeYParser
	at de.uka.ilkd.key.nparser.ParsingFacade.createParser(ParsingFacade.java:87)
	at de.uka.ilkd.key.nparser.ParsingFacade.parseFile(ParsingFacade.java:123)
	at de.uka.ilkd.key.proof.io.KeYFile.getParseContext(KeYFile.java:160)
	at de.uka.ilkd.key.proof.io.KeYFile.getProblemInformation(KeYFile.java:236)
	at de.uka.ilkd.key.proof.init.KeYUserProblemFile.readProfileFromFile(KeYUserProblemFile.java:236)
	at de.uka.ilkd.key.proof.init.KeYUserProblemFile.getProfile(KeYUserProblemFile.java:216)
	at de.uka.ilkd.key.proof.io.AbstractProblemLoader.createProblemInitializer(AbstractProblemLoader.java:508)
	at de.uka.ilkd.key.proof.io.AbstractProblemLoader.loadEnvironment(AbstractProblemLoader.java:288)
	at de.uka.ilkd.key.proof.io.AbstractProblemLoader.load(AbstractProblemLoader.java:253)
	at de.uka.ilkd.key.control.AbstractUserInterfaceControl.load(AbstractUserInterfaceControl.java:209)
	... 7 more
Could not initialize class de.uka.ilkd.key.nparser.KeYParser (file: /home/runner/work/key/key/key.core/../key.ui/examples/index/.././heap/vstte10_05_Queue/LinkedList_LinkedList2.key; caused by: java.lang.NoClassDefFoundError: Could not initialize class de.uka.ilkd.key.nparser.KeYParser)
	at de.uka.ilkd.key.control.AbstractUserInterfaceControl.load(AbstractUserInterfaceControl.java:221)
	at de.uka.ilkd.key.control.KeYEnvironment.load(KeYEnvironment.java:251)
	at de.uka.ilkd.key.control.KeYEnvironment.load(KeYEnvironment.java:224)
	at de.uka.ilkd.key.control.KeYEnvironment.load(KeYEnvironment.java:184)
	at de.uka.ilkd.key.control.KeYEnvironment.load(KeYEnvironment.java:261)
	at de.uka.ilkd.key.proof.runallproofs.proofcollection.TestFile.load(TestFile.java:270)
	at de.uka.ilkd.key.proof.runallproofs.proofcollection.TestFile.runKey(TestFile.java:160)
	at de.uka.ilkd.key.proof.runallproofs.proofcollection.ForkedTestFileRunner.main(ForkedTestFileRunner.java:171)
Caused by: java.lang.NoClassDefFoundError: Could not initialize class de.uka.ilkd.key.nparser.KeYParser
	at de.uka.ilkd.key.nparser.ParsingFacade.createParser(ParsingFacade.java:87)
	at de.uka.ilkd.key.nparser.ParsingFacade.parseFile(ParsingFacade.java:123)
	at de.uka.ilkd.key.proof.io.KeYFile.getParseContext(KeYFile.java:160)
	at de.uka.ilkd.key.proof.io.KeYFile.getProblemInformation(KeYFile.java:236)
	at de.uka.ilkd.key.proof.init.KeYUserProblemFile.readProfileFromFile(KeYUserProblemFile.java:236)
	at de.uka.ilkd.key.proof.init.KeYUserProblemFile.getProfile(KeYUserProblemFile.java:216)
	at de.uka.ilkd.key.proof.io.AbstractProblemLoader.createProblemInitializer(AbstractProblemLoader.java:508)
	at de.uka.ilkd.key.proof.io.AbstractProblemLoader.loadEnvironment(AbstractProblemLoader.java:288)
	at de.uka.ilkd.key.proof.io.AbstractProblemLoader.load(AbstractProblemLoader.java:253)
	at de.uka.ilkd.key.control.AbstractUserInterfaceControl.load(AbstractUserInterfaceControl.java:209)
	... 7 more
Could not initialize class de.uka.ilkd.key.nparser.KeYParser (file: /home/runner/work/key/key/key.core/../key.ui/examples/index/.././heap/vstte10_05_Queue/LinkedList_LinkedList3.key; caused by: java.lang.NoClassDefFoundError: Could not initialize class de.uka.ilkd.key.nparser.KeYParser)
	at de.uka.ilkd.key.control.AbstractUserInterfaceControl.load(AbstractUserInterfaceControl.java:221)
	at de.uka.ilkd.key.control.KeYEnvironment.load(KeYEnvironment.java:251)
	at de.uka.ilkd.key.control.KeYEnvironment.load(KeYEnvironment.java:224)
	at de.uka.ilkd.key.control.KeYEnvironment.load(KeYEnvironment.java:184)
	at de.uka.ilkd.key.control.KeYEnvironment.load(KeYEnvironment.java:261)
	at de.uka.ilkd.key.proof.runallproofs.proofcollection.TestFile.load(TestFile.java:270)
	at de.uka.ilkd.key.proof.runallproofs.proofcollection.TestFile.runKey(TestFile.java:160)
	at de.uka.ilkd.key.proof.runallproofs.proofcollection.ForkedTestFileRunner.main(ForkedTestFileRunner.java:171)
Caused by: java.lang.NoClassDefFoundError: Could not initialize class de.uka.ilkd.key.nparser.KeYParser
	at de.uka.ilkd.key.nparser.ParsingFacade.createParser(ParsingFacade.java:87)
	at de.uka.ilkd.key.nparser.ParsingFacade.parseFile(ParsingFacade.java:123)
	at de.uka.ilkd.key.proof.io.KeYFile.getParseContext(KeYFile.java:160)
	at de.uka.ilkd.key.proof.io.KeYFile.getProblemInformation(KeYFile.java:236)
	at de.uka.ilkd.key.proof.init.KeYUserProblemFile.readProfileFromFile(KeYUserProblemFile.java:236)
	at de.uka.ilkd.key.proof.init.KeYUserProblemFile.getProfile(KeYUserProblemFile.java:216)
	at de.uka.ilkd.key.proof.io.AbstractProblemLoader.createProblemInitializer(AbstractProblemLoader.java:508)
	at de.uka.ilkd.key.proof.io.AbstractProblemLoader.loadEnvironment(AbstractProblemLoader.java:288)
	at de.uka.ilkd.key.proof.io.AbstractProblemLoader.load(AbstractProblemLoader.java:253)
	at de.uka.ilkd.key.control.AbstractUserInterfaceControl.load(AbstractUserInterfaceControl.java:209)
	... 7 more
Could not initialize class de.uka.ilkd.key.nparser.KeYParser (file: /home/runner/work/key/key/key.core/../key.ui/examples/index/.././heap/vstte10_05_Queue/LinkedList_reverse.key; caused by: java.lang.NoClassDefFoundError: Could not initialize class de.uka.ilkd.key.nparser.KeYParser)
	at de.uka.ilkd.key.control.AbstractUserInterfaceControl.load(AbstractUserInterfaceControl.java:221)
	at de.uka.ilkd.key.control.KeYEnvironment.load(KeYEnvironment.java:251)
	at de.uka.ilkd.key.control.KeYEnvironment.load(KeYEnvironment.java:224)
	at de.uka.ilkd.key.control.KeYEnvironment.load(KeYEnvironment.java:184)
	at de.uka.ilkd.key.control.KeYEnvironment.load(KeYEnvironment.java:261)
	at de.uka.ilkd.key.proof.runallproofs.proofcollection.TestFile.load(TestFile.java:270)
	at de.uka.ilkd.key.proof.runallproofs.proofcollection.TestFile.runKey(TestFile.java:160)
	at de.uka.ilkd.key.proof.runallproofs.proofcollection.ForkedTestFileRunner.main(ForkedTestFileRunner.java:171)
Caused by: java.lang.NoClassDefFoundError: Could not initialize class de.uka.ilkd.key.nparser.KeYParser
	at de.uka.ilkd.key.nparser.ParsingFacade.createParser(ParsingFacade.java:87)
	at de.uka.ilkd.key.nparser.ParsingFacade.parseFile(ParsingFacade.java:123)
	at de.uka.ilkd.key.proof.io.KeYFile.getParseContext(KeYFile.java:160)
	at de.uka.ilkd.key.proof.io.KeYFile.getProblemInformation(KeYFile.java:236)
	at de.uka.ilkd.key.proof.init.KeYUserProblemFile.readProfileFromFile(KeYUserProblemFile.java:236)
	at de.uka.ilkd.key.proof.init.KeYUserProblemFile.getProfile(KeYUserProblemFile.java:216)
	at de.uka.ilkd.key.proof.io.AbstractProblemLoader.createProblemInitializer(AbstractProblemLoader.java:508)
	at de.uka.ilkd.key.proof.io.AbstractProblemLoader.loadEnvironment(AbstractProblemLoader.java:288)
	at de.uka.ilkd.key.proof.io.AbstractProblemLoader.load(AbstractProblemLoader.java:253)
	at de.uka.ilkd.key.control.AbstractUserInterfaceControl.load(AbstractUserInterfaceControl.java:209)
	... 7 more
Could not initialize class de.uka.ilkd.key.nparser.KeYParser (file: /home/runner/work/key/key/key.core/../key.ui/examples/index/.././heap/vstte10_05_Queue/LinkedList_tail.key; caused by: java.lang.NoClassDefFoundError: Could not initialize class de.uka.ilkd.key.nparser.KeYParser)
	at de.uka.ilkd.key.control.AbstractUserInterfaceControl.load(AbstractUserInterfaceControl.java:221)
	at de.uka.ilkd.key.control.KeYEnvironment.load(KeYEnvironment.java:251)
	at de.uka.ilkd.key.control.KeYEnvironment.load(KeYEnvironment.java:224)
	at de.uka.ilkd.key.control.KeYEnvironment.load(KeYEnvironment.java:184)
	at de.uka.ilkd.key.control.KeYEnvironment.load(KeYEnvironment.java:261)
	at de.uka.ilkd.key.proof.runallproofs.proofcollection.TestFile.load(TestFile.java:270)
	at de.uka.ilkd.key.proof.runallproofs.proofcollection.TestFile.runKey(TestFile.java:160)
	at de.uka.ilkd.key.proof.runallproofs.proofcollection.ForkedTestFileRunner.main(ForkedTestFileRunner.java:171)
Caused by: java.lang.NoClassDefFoundError: Could not initialize class de.uka.ilkd.key.nparser.KeYParser
	at de.uka.ilkd.key.nparser.ParsingFacade.createParser(ParsingFacade.java:87)
	at de.uka.ilkd.key.nparser.ParsingFacade.parseFile(ParsingFacade.java:123)
	at de.uka.ilkd.key.proof.io.KeYFile.getParseContext(KeYFile.java:160)
	at de.uka.ilkd.key.proof.io.KeYFile.getProblemInformation(KeYFile.java:236)
	at de.uka.ilkd.key.proof.init.KeYUserProblemFile.readProfileFromFile(KeYUserProblemFile.java:236)
	at de.uka.ilkd.key.proof.init.KeYUserProblemFile.getProfile(KeYUserProblemFile.java:216)
	at de.uka.ilkd.key.proof.io.AbstractProblemLoader.createProblemInitializer(AbstractProblemLoader.java:508)
	at de.uka.ilkd.key.proof.io.AbstractProblemLoader.loadEnvironment(AbstractProblemLoader.java:288)
	at de.uka.ilkd.key.proof.io.AbstractProblemLoader.load(AbstractProblemLoader.java:253)
	at de.uka.ilkd.key.control.AbstractUserInterfaceControl.load(AbstractUserInterfaceControl.java:209)
	... 7 more
Exception in thread "main" org.opentest4j.AssertionFailedError: Exception during the execution of proofs. See log for more details.
	at org.junit.jupiter.api.AssertionUtils.fail(AssertionUtils.java:38)
	at org.junit.jupiter.api.Assertions.fail(Assertions.java:135)
	at de.uka.ilkd.key.proof.runallproofs.proofcollection.ForkedTestFileRunner.main(ForkedTestFileRunner.java:192)
Timeout watcher launched (2000 secs.)
ANTLR Tool version 4.9.3 used for code generation does not match the current runtime version 4.12.0
 (file: /home/runner/work/key/key/key.core/../key.ui/examples/index/.././heap/WeideEtAl_01_AddAndMultiply/AddAndMultiply_add.key; caused by: java.lang.ExceptionInInitializerError)
	at de.uka.ilkd.key.control.AbstractUserInterfaceControl.load(AbstractUserInterfaceControl.java:221)
	at de.uka.ilkd.key.control.KeYEnvironment.load(KeYEnvironment.java:251)
	at de.uka.ilkd.key.control.KeYEnvironment.load(KeYEnvironment.java:224)
	at de.uka.ilkd.key.control.KeYEnvironment.load(KeYEnvironment.java:184)
	at de.uka.ilkd.key.control.KeYEnvironment.load(KeYEnvironment.java:261)
	at de.uka.ilkd.key.proof.runallproofs.proofcollection.TestFile.load(TestFile.java:270)
	at de.uka.ilkd.key.proof.runallproofs.proofcollection.TestFile.runKey(TestFile.java:160)
	at de.uka.ilkd.key.proof.runallproofs.proofcollection.ForkedTestFileRunner.main(ForkedTestFileRunner.java:171)
Caused by: java.lang.ExceptionInInitializerError
	at de.uka.ilkd.key.nparser.ParsingFacade.createParser(ParsingFacade.java:87)
	at de.uka.ilkd.key.nparser.ParsingFacade.parseFile(ParsingFacade.java:123)
	at de.uka.ilkd.key.proof.io.KeYFile.getParseContext(KeYFile.java:160)
	at de.uka.ilkd.key.proof.io.KeYFile.getProblemInformation(KeYFile.java:236)
	at de.uka.ilkd.key.proof.init.KeYUserProblemFile.readProfileFromFile(KeYUserProblemFile.java:236)
	at de.uka.ilkd.key.proof.init.KeYUserProblemFile.getProfile(KeYUserProblemFile.java:216)
	at de.uka.ilkd.key.proof.io.AbstractProblemLoader.createProblemInitializer(AbstractProblemLoader.java:508)
	at de.uka.ilkd.key.proof.io.AbstractProblemLoader.loadEnvironment(AbstractProblemLoader.java:288)
	at de.uka.ilkd.key.proof.io.AbstractProblemLoader.load(AbstractProblemLoader.java:253)
	at de.uka.ilkd.key.control.AbstractUserInterfaceControl.load(AbstractUserInterfaceControl.java:209)
	... 7 more
Caused by: java.lang.UnsupportedOperationException: java.io.InvalidClassException: org.antlr.v4.runtime.atn.ATN; Could not deserialize ATN with version 3 (expected 4).
	at org.antlr.v4.runtime.atn.ATNDeserializer.deserialize(ATNDeserializer.java:56)
	at org.antlr.v4.runtime.atn.ATNDeserializer.deserialize(ATNDeserializer.java:48)
	at de.uka.ilkd.key.nparser.KeYParser.<clinit>(KeYParser.java:11834)
	... 17 more
Caused by: java.io.InvalidClassException: org.antlr.v4.runtime.atn.ATN; Could not deserialize ATN with version 3 (expected 4).
	... 20 more
Could not initialize class de.uka.ilkd.key.nparser.KeYParser (file: /home/runner/work/key/key/key.core/../key.ui/examples/index/.././heap/WeideEtAl_01_AddAndMultiply/AddAndMultiply_mul.key; caused by: java.lang.NoClassDefFoundError: Could not initialize class de.uka.ilkd.key.nparser.KeYParser)
	at de.uka.ilkd.key.control.AbstractUserInterfaceControl.load(AbstractUserInterfaceControl.java:221)
	at de.uka.ilkd.key.control.KeYEnvironment.load(KeYEnvironment.java:251)
	at de.uka.ilkd.key.control.KeYEnvironment.load(KeYEnvironment.java:224)
	at de.uka.ilkd.key.control.KeYEnvironment.load(KeYEnvironment.java:184)
	at de.uka.ilkd.key.control.KeYEnvironment.load(KeYEnvironment.java:261)
	at de.uka.ilkd.key.proof.runallproofs.proofcollection.TestFile.load(TestFile.java:270)
	at de.uka.ilkd.key.proof.runallproofs.proofcollection.TestFile.runKey(TestFile.java:160)
	at de.uka.ilkd.key.proof.runallproofs.proofcollection.ForkedTestFileRunner.main(ForkedTestFileRunner.java:171)
Caused by: java.lang.NoClassDefFoundError: Could not initialize class de.uka.ilkd.key.nparser.KeYParser
	at de.uka.ilkd.key.nparser.ParsingFacade.createParser(ParsingFacade.java:87)
	at de.uka.ilkd.key.nparser.ParsingFacade.parseFile(ParsingFacade.java:123)
	at de.uka.ilkd.key.proof.io.KeYFile.getParseContext(KeYFile.java:160)
	at de.uka.ilkd.key.proof.io.KeYFile.getProblemInformation(KeYFile.java:236)
	at de.uka.ilkd.key.proof.init.KeYUserProblemFile.readProfileFromFile(KeYUserProblemFile.java:236)
	at de.uka.ilkd.key.proof.init.KeYUserProblemFile.getProfile(KeYUserProblemFile.java:216)
	at de.uka.ilkd.key.proof.io.AbstractProblemLoader.createProblemInitializer(AbstractProblemLoader.java:508)
	at de.uka.ilkd.key.proof.io.AbstractProblemLoader.loadEnvironment(AbstractProblemLoader.java:288)
	at de.uka.ilkd.key.proof.io.AbstractProblemLoader.load(AbstractProblemLoader.java:253)
	at de.uka.ilkd.key.control.AbstractUserInterfaceControl.load(AbstractUserInterfaceControl.java:209)
	... 7 more
Could not initialize class de.uka.ilkd.key.nparser.KeYParser (file: /home/runner/work/key/key/key.core/../key.ui/examples/index/.././heap/WeideEtAl_02_BinarySearch/BinarySearch_search.key; caused by: java.lang.NoClassDefFoundError: Could not initialize class de.uka.ilkd.key.nparser.KeYParser)
	at de.uka.ilkd.key.control.AbstractUserInterfaceControl.load(AbstractUserInterfaceControl.java:221)
	at de.uka.ilkd.key.control.KeYEnvironment.load(KeYEnvironment.java:251)
	at de.uka.ilkd.key.control.KeYEnvironment.load(KeYEnvironment.java:224)
	at de.uka.ilkd.key.control.KeYEnvironment.load(KeYEnvironment.java:184)
	at de.uka.ilkd.key.control.KeYEnvironment.load(KeYEnvironment.java:261)
	at de.uka.ilkd.key.proof.runallproofs.proofcollection.TestFile.load(TestFile.java:270)
	at de.uka.ilkd.key.proof.runallproofs.proofcollection.TestFile.runKey(TestFile.java:160)
	at de.uka.ilkd.key.proof.runallproofs.proofcollection.ForkedTestFileRunner.main(ForkedTestFileRunner.java:171)
Caused by: java.lang.NoClassDefFoundError: Could not initialize class de.uka.ilkd.key.nparser.KeYParser
	at de.uka.ilkd.key.nparser.ParsingFacade.createParser(ParsingFacade.java:87)
	at de.uka.ilkd.key.nparser.ParsingFacade.parseFile(ParsingFacade.java:123)
	at de.uka.ilkd.key.proof.io.KeYFile.getParseContext(KeYFile.java:160)
	at de.uka.ilkd.key.proof.io.KeYFile.getProblemInformation(KeYFile.java:236)
	at de.uka.ilkd.key.proof.init.KeYUserProblemFile.readProfileFromFile(KeYUserProblemFile.java:236)
	at de.uka.ilkd.key.proof.init.KeYUserProblemFile.getProfile(KeYUserProblemFile.java:216)
	at de.uka.ilkd.key.proof.io.AbstractProblemLoader.createProblemInitializer(AbstractProblemLoader.java:508)
	at de.uka.ilkd.key.proof.io.AbstractProblemLoader.loadEnvironment(AbstractProblemLoader.java:288)
	at de.uka.ilkd.key.proof.io.AbstractProblemLoader.load(AbstractProblemLoader.java:253)
	at de.uka.ilkd.key.control.AbstractUserInterfaceControl.load(AbstractUserInterfaceControl.java:209)
	... 7 more
Exception in thread "main" org.opentest4j.AssertionFailedError: Exception during the execution of proofs. See log for more details.
	at org.junit.jupiter.api.AssertionUtils.fail(AssertionUtils.java:38)
	at org.junit.jupiter.api.Assertions.fail(Assertions.java:135)
	at de.uka.ilkd.key.proof.runallproofs.proofcollection.ForkedTestFileRunner.main(ForkedTestFileRunner.java:192)
Timeout watcher launched (2000 secs.)
ANTLR Tool version 4.9.3 used for code generation does not match the current runtime version 4.12.0
 (file: /home/runner/work/key/key/key.core/../key.ui/examples/index/.././standard_key/arith/binomial1.key; caused by: java.lang.ExceptionInInitializerError)
	at de.uka.ilkd.key.control.AbstractUserInterfaceControl.load(AbstractUserInterfaceControl.java:221)
	at de.uka.ilkd.key.control.KeYEnvironment.load(KeYEnvironment.java:251)
	at de.uka.ilkd.key.control.KeYEnvironment.load(KeYEnvironment.java:224)
	at de.uka.ilkd.key.control.KeYEnvironment.load(KeYEnvironment.java:184)
	at de.uka.ilkd.key.control.KeYEnvironment.load(KeYEnvironment.java:261)
	at de.uka.ilkd.key.proof.runallproofs.proofcollection.TestFile.load(TestFile.java:270)
	at de.uka.ilkd.key.proof.runallproofs.proofcollection.TestFile.runKey(TestFile.java:160)
	at de.uka.ilkd.key.proof.runallproofs.proofcollection.ForkedTestFileRunner.main(ForkedTestFileRunner.java:171)
Caused by: java.lang.ExceptionInInitializerError
	at de.uka.ilkd.key.nparser.ParsingFacade.createParser(ParsingFacade.java:87)
	at de.uka.ilkd.key.nparser.ParsingFacade.parseFile(ParsingFacade.java:123)
	at de.uka.ilkd.key.proof.io.KeYFile.getParseContext(KeYFile.java:160)
	at de.uka.ilkd.key.proof.io.KeYFile.getProblemInformation(KeYFile.java:236)
	at de.uka.ilkd.key.proof.init.KeYUserProblemFile.readProfileFromFile(KeYUserProblemFile.java:236)
	at de.uka.ilkd.key.proof.init.KeYUserProblemFile.getProfile(KeYUserProblemFile.java:216)
	at de.uka.ilkd.key.proof.io.AbstractProblemLoader.createProblemInitializer(AbstractProblemLoader.java:508)
	at de.uka.ilkd.key.proof.io.AbstractProblemLoader.loadEnvironment(AbstractProblemLoader.java:288)
	at de.uka.ilkd.key.proof.io.AbstractProblemLoader.load(AbstractProblemLoader.java:253)
	at de.uka.ilkd.key.control.AbstractUserInterfaceControl.load(AbstractUserInterfaceControl.java:209)
	... 7 more
Caused by: java.lang.UnsupportedOperationException: java.io.InvalidClassException: org.antlr.v4.runtime.atn.ATN; Could not deserialize ATN with version 3 (expected 4).
	at org.antlr.v4.runtime.atn.ATNDeserializer.deserialize(ATNDeserializer.java:56)
	at org.antlr.v4.runtime.atn.ATNDeserializer.deserialize(ATNDeserializer.java:48)
	at de.uka.ilkd.key.nparser.KeYParser.<clinit>(KeYParser.java:11834)
	... 17 more
Caused by: java.io.InvalidClassException: org.antlr.v4.runtime.atn.ATN; Could not deserialize ATN with version 3 (expected 4).
	... 20 more
Could not initialize class de.uka.ilkd.key.nparser.KeYParser (file: /home/runner/work/key/key/key.core/../key.ui/examples/index/.././standard_key/arith/binomial2.key; caused by: java.lang.NoClassDefFoundError: Could not initialize class de.uka.ilkd.key.nparser.KeYParser)
	at de.uka.ilkd.key.control.AbstractUserInterfaceControl.load(AbstractUserInterfaceControl.java:221)
	at de.uka.ilkd.key.control.KeYEnvironment.load(KeYEnvironment.java:251)
	at de.uka.ilkd.key.control.KeYEnvironment.load(KeYEnvironment.java:224)
	at de.uka.ilkd.key.control.KeYEnvironment.load(KeYEnvironment.java:184)
	at de.uka.ilkd.key.control.KeYEnvironment.load(KeYEnvironment.java:261)
	at de.uka.ilkd.key.proof.runallproofs.proofcollection.TestFile.load(TestFile.java:270)
	at de.uka.ilkd.key.proof.runallproofs.proofcollection.TestFile.runKey(TestFile.java:160)
	at de.uka.ilkd.key.proof.runallproofs.proofcollection.ForkedTestFileRunner.main(ForkedTestFileRunner.java:171)
Caused by: java.lang.NoClassDefFoundError: Could not initialize class de.uka.ilkd.key.nparser.KeYParser
	at de.uka.ilkd.key.nparser.ParsingFacade.createParser(ParsingFacade.java:87)
	at de.uka.ilkd.key.nparser.ParsingFacade.parseFile(ParsingFacade.java:123)
	at de.uka.ilkd.key.proof.io.KeYFile.getParseContext(KeYFile.java:160)
	at de.uka.ilkd.key.proof.io.KeYFile.getProblemInformation(KeYFile.java:236)
	at de.uka.ilkd.key.proof.init.KeYUserProblemFile.readProfileFromFile(KeYUserProblemFile.java:236)
	at de.uka.ilkd.key.proof.init.KeYUserProblemFile.getProfile(KeYUserProblemFile.java:216)
	at de.uka.ilkd.key.proof.io.AbstractProblemLoader.createProblemInitializer(AbstractProblemLoader.java:508)
	at de.uka.ilkd.key.proof.io.AbstractProblemLoader.loadEnvironment(AbstractProblemLoader.java:288)
	at de.uka.ilkd.key.proof.io.AbstractProblemLoader.load(AbstractProblemLoader.java:253)
	at de.uka.ilkd.key.control.AbstractUserInterfaceControl.load(AbstractUserInterfaceControl.java:209)
	... 7 more
Could not initialize class de.uka.ilkd.key.nparser.KeYParser (file: /home/runner/work/key/key/key.core/../key.ui/examples/index/.././standard_key/arith/check_jdiv.key; caused by: java.lang.NoClassDefFoundError: Could not initialize class de.uka.ilkd.key.nparser.KeYParser)
	at de.uka.ilkd.key.control.AbstractUserInterfaceControl.load(AbstractUserInterfaceControl.java:221)
	at de.uka.ilkd.key.control.KeYEnvironment.load(KeYEnvironment.java:251)
	at de.uka.ilkd.key.control.KeYEnvironment.load(KeYEnvironment.java:224)
	at de.uka.ilkd.key.control.KeYEnvironment.load(KeYEnvironment.java:184)
	at de.uka.ilkd.key.control.KeYEnvironment.load(KeYEnvironment.java:261)
	at de.uka.ilkd.key.proof.runallproofs.proofcollection.TestFile.load(TestFile.java:270)
	at de.uka.ilkd.key.proof.runallproofs.proofcollection.TestFile.runKey(TestFile.java:160)
	at de.uka.ilkd.key.proof.runallproofs.proofcollection.ForkedTestFileRunner.main(ForkedTestFileRunner.java:171)
Caused by: java.lang.NoClassDefFoundError: Could not initialize class de.uka.ilkd.key.nparser.KeYParser
	at de.uka.ilkd.key.nparser.ParsingFacade.createParser(ParsingFacade.java:87)
	at de.uka.ilkd.key.nparser.ParsingFacade.parseFile(ParsingFacade.java:123)
	at de.uka.ilkd.key.proof.io.KeYFile.getParseContext(KeYFile.java:160)
	at de.uka.ilkd.key.proof.io.KeYFile.getProblemInformation(KeYFile.java:236)
	at de.uka.ilkd.key.proof.init.KeYUserProblemFile.readProfileFromFile(KeYUserProblemFile.java:236)
	at de.uka.ilkd.key.proof.init.KeYUserProblemFile.getProfile(KeYUserProblemFile.java:216)
	at de.uka.ilkd.key.proof.io.AbstractProblemLoader.createProblemInitializer(AbstractProblemLoader.java:508)
	at de.uka.ilkd.key.proof.io.AbstractProblemLoader.loadEnvironment(AbstractProblemLoader.java:288)
	at de.uka.ilkd.key.proof.io.AbstractProblemLoader.load(AbstractProblemLoader.java:253)
	at de.uka.ilkd.key.control.AbstractUserInterfaceControl.load(AbstractUserInterfaceControl.java:209)
	... 7 more
Could not initialize class de.uka.ilkd.key.nparser.KeYParser (file: /home/runner/work/key/key/key.core/../key.ui/examples/index/.././standard_key/arith/check_jdiv_concrete.key; caused by: java.lang.NoClassDefFoundError: Could not initialize class de.uka.ilkd.key.nparser.KeYParser)
	at de.uka.ilkd.key.control.AbstractUserInterfaceControl.load(AbstractUserInterfaceControl.java:221)
	at de.uka.ilkd.key.control.KeYEnvironment.load(KeYEnvironment.java:251)
	at de.uka.ilkd.key.control.KeYEnvironment.load(KeYEnvironment.java:224)
	at de.uka.ilkd.key.control.KeYEnvironment.load(KeYEnvironment.java:184)
	at de.uka.ilkd.key.control.KeYEnvironment.load(KeYEnvironment.java:261)
	at de.uka.ilkd.key.proof.runallproofs.proofcollection.TestFile.load(TestFile.java:270)
	at de.uka.ilkd.key.proof.runallproofs.proofcollection.TestFile.runKey(TestFile.java:160)
	at de.uka.ilkd.key.proof.runallproofs.proofcollection.ForkedTestFileRunner.main(ForkedTestFileRunner.java:171)
Caused by: java.lang.NoClassDefFoundError: Could not initialize class de.uka.ilkd.key.nparser.KeYParser
	at de.uka.ilkd.key.nparser.ParsingFacade.createParser(ParsingFacade.java:87)
	at de.uka.ilkd.key.nparser.ParsingFacade.parseFile(ParsingFacade.java:123)
	at de.uka.ilkd.key.proof.io.KeYFile.getParseContext(KeYFile.java:160)
	at de.uka.ilkd.key.proof.io.KeYFile.getProblemInformation(KeYFile.java:236)
	at de.uka.ilkd.key.proof.init.KeYUserProblemFile.readProfileFromFile(KeYUserProblemFile.java:236)
	at de.uka.ilkd.key.proof.init.KeYUserProblemFile.getProfile(KeYUserProblemFile.java:216)
	at de.uka.ilkd.key.proof.io.AbstractProblemLoader.createProblemInitializer(AbstractProblemLoader.java:508)
	at de.uka.ilkd.key.proof.io.AbstractProblemLoader.loadEnvironment(AbstractProblemLoader.java:288)
	at de.uka.ilkd.key.proof.io.AbstractProblemLoader.load(AbstractProblemLoader.java:253)
	at de.uka.ilkd.key.control.AbstractUserInterfaceControl.load(AbstractUserInterfaceControl.java:209)
	... 7 more
Could not initialize class de.uka.ilkd.key.nparser.KeYParser (file: /home/runner/work/key/key/key.core/../key.ui/examples/index/.././standard_key/arith/check_jdiv_instantiated.key; caused by: java.lang.NoClassDefFoundError: Could not initialize class de.uka.ilkd.key.nparser.KeYParser)
	at de.uka.ilkd.key.control.AbstractUserInterfaceControl.load(AbstractUserInterfaceControl.java:221)
	at de.uka.ilkd.key.control.KeYEnvironment.load(KeYEnvironment.java:251)
	at de.uka.ilkd.key.control.KeYEnvironment.load(KeYEnvironment.java:224)
	at de.uka.ilkd.key.control.KeYEnvironment.load(KeYEnvironment.java:184)
	at de.uka.ilkd.key.control.KeYEnvironment.load(KeYEnvironment.java:261)
	at de.uka.ilkd.key.proof.runallproofs.proofcollection.TestFile.load(TestFile.java:270)
	at de.uka.ilkd.key.proof.runallproofs.proofcollection.TestFile.runKey(TestFile.java:160)
	at de.uka.ilkd.key.proof.runallproofs.proofcollection.ForkedTestFileRunner.main(ForkedTestFileRunner.java:171)
Caused by: java.lang.NoClassDefFoundError: Could not initialize class de.uka.ilkd.key.nparser.KeYParser
	at de.uka.ilkd.key.nparser.ParsingFacade.createParser(ParsingFacade.java:87)
	at de.uka.ilkd.key.nparser.ParsingFacade.parseFile(ParsingFacade.java:123)
	at de.uka.ilkd.key.proof.io.KeYFile.getParseContext(KeYFile.java:160)
	at de.uka.ilkd.key.proof.io.KeYFile.getProblemInformation(KeYFile.java:236)
	at de.uka.ilkd.key.proof.init.KeYUserProblemFile.readProfileFromFile(KeYUserProblemFile.java:236)
	at de.uka.ilkd.key.proof.init.KeYUserProblemFile.getProfile(KeYUserProblemFile.java:216)
	at de.uka.ilkd.key.proof.io.AbstractProblemLoader.createProblemInitializer(AbstractProblemLoader.java:508)
	at de.uka.ilkd.key.proof.io.AbstractProblemLoader.loadEnvironment(AbstractProblemLoader.java:288)
	at de.uka.ilkd.key.proof.io.AbstractProblemLoader.load(AbstractProblemLoader.java:253)
	at de.uka.ilkd.key.control.AbstractUserInterfaceControl.load(AbstractUserInterfaceControl.java:209)
	... 7 more
Could not initialize class de.uka.ilkd.key.nparser.KeYParser (file: /home/runner/work/key/key/key.core/../key.ui/examples/index/.././standard_key/arith/check_jmod.key; caused by: java.lang.NoClassDefFoundError: Could not initialize class de.uka.ilkd.key.nparser.KeYParser)
	at de.uka.ilkd.key.control.AbstractUserInterfaceControl.load(AbstractUserInterfaceControl.java:221)
	at de.uka.ilkd.key.control.KeYEnvironment.load(KeYEnvironment.java:251)
	at de.uka.ilkd.key.control.KeYEnvironment.load(KeYEnvironment.java:224)
	at de.uka.ilkd.key.control.KeYEnvironment.load(KeYEnvironment.java:184)
	at de.uka.ilkd.key.control.KeYEnvironment.load(KeYEnvironment.java:261)
	at de.uka.ilkd.key.proof.runallproofs.proofcollection.TestFile.load(TestFile.java:270)
	at de.uka.ilkd.key.proof.runallproofs.proofcollection.TestFile.runKey(TestFile.java:160)
	at de.uka.ilkd.key.proof.runallproofs.proofcollection.ForkedTestFileRunner.main(ForkedTestFileRunner.java:171)
Caused by: java.lang.NoClassDefFoundError: Could not initialize class de.uka.ilkd.key.nparser.KeYParser
	at de.uka.ilkd.key.nparser.ParsingFacade.createParser(ParsingFacade.java:87)
	at de.uka.ilkd.key.nparser.ParsingFacade.parseFile(ParsingFacade.java:123)
	at de.uka.ilkd.key.proof.io.KeYFile.getParseContext(KeYFile.java:160)
	at de.uka.ilkd.key.proof.io.KeYFile.getProblemInformation(KeYFile.java:236)
	at de.uka.ilkd.key.proof.init.KeYUserProblemFile.readProfileFromFile(KeYUserProblemFile.java:236)
	at de.uka.ilkd.key.proof.init.KeYUserProblemFile.getProfile(KeYUserProblemFile.java:216)
	at de.uka.ilkd.key.proof.io.AbstractProblemLoader.createProblemInitializer(AbstractProblemLoader.java:508)
	at de.uka.ilkd.key.proof.io.AbstractProblemLoader.loadEnvironment(AbstractProblemLoader.java:288)
	at de.uka.ilkd.key.proof.io.AbstractProblemLoader.load(AbstractProblemLoader.java:253)
	at de.uka.ilkd.key.control.AbstractUserInterfaceControl.load(AbstractUserInterfaceControl.java:209)
	... 7 more
Could not initialize class de.uka.ilkd.key.nparser.KeYParser (file: /home/runner/work/key/key/key.core/../key.ui/examples/index/.././standard_key/arith/complexExpressions.key; caused by: java.lang.NoClassDefFoundError: Could not initialize class de.uka.ilkd.key.nparser.KeYParser)
	at de.uka.ilkd.key.control.AbstractUserInterfaceControl.load(AbstractUserInterfaceControl.java:221)
	at de.uka.ilkd.key.control.KeYEnvironment.load(KeYEnvironment.java:251)
	at de.uka.ilkd.key.control.KeYEnvironment.load(KeYEnvironment.java:224)
	at de.uka.ilkd.key.control.KeYEnvironment.load(KeYEnvironment.java:184)
	at de.uka.ilkd.key.control.KeYEnvironment.load(KeYEnvironment.java:261)
	at de.uka.ilkd.key.proof.runallproofs.proofcollection.TestFile.load(TestFile.java:270)
	at de.uka.ilkd.key.proof.runallproofs.proofcollection.TestFile.runKey(TestFile.java:160)
	at de.uka.ilkd.key.proof.runallproofs.proofcollection.ForkedTestFileRunner.main(ForkedTestFileRunner.java:171)
Caused by: java.lang.NoClassDefFoundError: Could not initialize class de.uka.ilkd.key.nparser.KeYParser
	at de.uka.ilkd.key.nparser.ParsingFacade.createParser(ParsingFacade.java:87)
	at de.uka.ilkd.key.nparser.ParsingFacade.parseFile(ParsingFacade.java:123)
	at de.uka.ilkd.key.proof.io.KeYFile.getParseContext(KeYFile.java:160)
	at de.uka.ilkd.key.proof.io.KeYFile.getProblemInformation(KeYFile.java:236)
	at de.uka.ilkd.key.proof.init.KeYUserProblemFile.readProfileFromFile(KeYUserProblemFile.java:236)
	at de.uka.ilkd.key.proof.init.KeYUserProblemFile.getProfile(KeYUserProblemFile.java:216)
	at de.uka.ilkd.key.proof.io.AbstractProblemLoader.createProblemInitializer(AbstractProblemLoader.java:508)
	at de.uka.ilkd.key.proof.io.AbstractProblemLoader.loadEnvironment(AbstractProblemLoader.java:288)
	at de.uka.ilkd.key.proof.io.AbstractProblemLoader.load(AbstractProblemLoader.java:253)
	at de.uka.ilkd.key.control.AbstractUserInterfaceControl.load(AbstractUserInterfaceControl.java:209)
	... 7 more
Could not initialize class de.uka.ilkd.key.nparser.KeYParser (file: /home/runner/work/key/key/key.core/../key.ui/examples/index/.././standard_key/arith/compound_unaryMinus.key; caused by: java.lang.NoClassDefFoundError: Could not initialize class de.uka.ilkd.key.nparser.KeYParser)
	at de.uka.ilkd.key.control.AbstractUserInterfaceControl.load(AbstractUserInterfaceControl.java:221)
	at de.uka.ilkd.key.control.KeYEnvironment.load(KeYEnvironment.java:251)
	at de.uka.ilkd.key.control.KeYEnvironment.load(KeYEnvironment.java:224)
	at de.uka.ilkd.key.control.KeYEnvironment.load(KeYEnvironment.java:184)
	at de.uka.ilkd.key.control.KeYEnvironment.load(KeYEnvironment.java:261)
	at de.uka.ilkd.key.proof.runallproofs.proofcollection.TestFile.load(TestFile.java:270)
	at de.uka.ilkd.key.proof.runallproofs.proofcollection.TestFile.runKey(TestFile.java:160)
	at de.uka.ilkd.key.proof.runallproofs.proofcollection.ForkedTestFileRunner.main(ForkedTestFileRunner.java:171)
Caused by: java.lang.NoClassDefFoundError: Could not initialize class de.uka.ilkd.key.nparser.KeYParser
	at de.uka.ilkd.key.nparser.ParsingFacade.createParser(ParsingFacade.java:87)
	at de.uka.ilkd.key.nparser.ParsingFacade.parseFile(ParsingFacade.java:123)
	at de.uka.ilkd.key.proof.io.KeYFile.getParseContext(KeYFile.java:160)
	at de.uka.ilkd.key.proof.io.KeYFile.getProblemInformation(KeYFile.java:236)
	at de.uka.ilkd.key.proof.init.KeYUserProblemFile.readProfileFromFile(KeYUserProblemFile.java:236)
	at de.uka.ilkd.key.proof.init.KeYUserProblemFile.getProfile(KeYUserProblemFile.java:216)
	at de.uka.ilkd.key.proof.io.AbstractProblemLoader.createProblemInitializer(AbstractProblemLoader.java:508)
	at de.uka.ilkd.key.proof.io.AbstractProblemLoader.loadEnvironment(AbstractProblemLoader.java:288)
	at de.uka.ilkd.key.proof.io.AbstractProblemLoader.load(AbstractProblemLoader.java:253)
	at de.uka.ilkd.key.control.AbstractUserInterfaceControl.load(AbstractUserInterfaceControl.java:209)
	... 7 more
Could not initialize class de.uka.ilkd.key.nparser.KeYParser (file: /home/runner/work/key/key/key.core/../key.ui/examples/index/.././standard_key/arith/computation.key; caused by: java.lang.NoClassDefFoundError: Could not initialize class de.uka.ilkd.key.nparser.KeYParser)
	at de.uka.ilkd.key.control.AbstractUserInterfaceControl.load(AbstractUserInterfaceControl.java:221)
	at de.uka.ilkd.key.control.KeYEnvironment.load(KeYEnvironment.java:251)
	at de.uka.ilkd.key.control.KeYEnvironment.load(KeYEnvironment.java:224)
	at de.uka.ilkd.key.control.KeYEnvironment.load(KeYEnvironment.java:184)
	at de.uka.ilkd.key.control.KeYEnvironment.load(KeYEnvironment.java:261)
	at de.uka.ilkd.key.proof.runallproofs.proofcollection.TestFile.load(TestFile.java:270)
	at de.uka.ilkd.key.proof.runallproofs.proofcollection.TestFile.runKey(TestFile.java:160)
	at de.uka.ilkd.key.proof.runallproofs.proofcollection.ForkedTestFileRunner.main(ForkedTestFileRunner.java:171)
Caused by: java.lang.NoClassDefFoundError: Could not initialize class de.uka.ilkd.key.nparser.KeYParser
	at de.uka.ilkd.key.nparser.ParsingFacade.createParser(ParsingFacade.java:87)
	at de.uka.ilkd.key.nparser.ParsingFacade.parseFile(ParsingFacade.java:123)
	at de.uka.ilkd.key.proof.io.KeYFile.getParseContext(KeYFile.java:160)
	at de.uka.ilkd.key.proof.io.KeYFile.getProblemInformation(KeYFile.java:236)
	at de.uka.ilkd.key.proof.init.KeYUserProblemFile.readProfileFromFile(KeYUserProblemFile.java:236)
	at de.uka.ilkd.key.proof.init.KeYUserProblemFile.getProfile(KeYUserProblemFile.java:216)
	at de.uka.ilkd.key.proof.io.AbstractProblemLoader.createProblemInitializer(AbstractProblemLoader.java:508)
	at de.uka.ilkd.key.proof.io.AbstractProblemLoader.loadEnvironment(AbstractProblemLoader.java:288)
	at de.uka.ilkd.key.proof.io.AbstractProblemLoader.load(AbstractProblemLoader.java:253)
	at de.uka.ilkd.key.control.AbstractUserInterfaceControl.load(AbstractUserInterfaceControl.java:209)
	... 7 more
Could not initialize class de.uka.ilkd.key.nparser.KeYParser (file: /home/runner/work/key/key/key.core/../key.ui/examples/index/.././standard_key/arith/cubicSum.key; caused by: java.lang.NoClassDefFoundError: Could not initialize class de.uka.ilkd.key.nparser.KeYParser)
	at de.uka.ilkd.key.control.AbstractUserInterfaceControl.load(AbstractUserInterfaceControl.java:221)
	at de.uka.ilkd.key.control.KeYEnvironment.load(KeYEnvironment.java:251)
	at de.uka.ilkd.key.control.KeYEnvironment.load(KeYEnvironment.java:224)
	at de.uka.ilkd.key.control.KeYEnvironment.load(KeYEnvironment.java:184)
	at de.uka.ilkd.key.control.KeYEnvironment.load(KeYEnvironment.java:261)
	at de.uka.ilkd.key.proof.runallproofs.proofcollection.TestFile.load(TestFile.java:270)
	at de.uka.ilkd.key.proof.runallproofs.proofcollection.TestFile.runKey(TestFile.java:160)
	at de.uka.ilkd.key.proof.runallproofs.proofcollection.ForkedTestFileRunner.main(ForkedTestFileRunner.java:171)
Caused by: java.lang.NoClassDefFoundError: Could not initialize class de.uka.ilkd.key.nparser.KeYParser
	at de.uka.ilkd.key.nparser.ParsingFacade.createParser(ParsingFacade.java:87)
	at de.uka.ilkd.key.nparser.ParsingFacade.parseFile(ParsingFacade.java:123)
	at de.uka.ilkd.key.proof.io.KeYFile.getParseContext(KeYFile.java:160)
	at de.uka.ilkd.key.proof.io.KeYFile.getProblemInformation(KeYFile.java:236)
	at de.uka.ilkd.key.proof.init.KeYUserProblemFile.readProfileFromFile(KeYUserProblemFile.java:236)
	at de.uka.ilkd.key.proof.init.KeYUserProblemFile.getProfile(KeYUserProblemFile.java:216)
	at de.uka.ilkd.key.proof.io.AbstractProblemLoader.createProblemInitializer(AbstractProblemLoader.java:508)
	at de.uka.ilkd.key.proof.io.AbstractProblemLoader.loadEnvironment(AbstractProblemLoader.java:288)
	at de.uka.ilkd.key.proof.io.AbstractProblemLoader.load(AbstractProblemLoader.java:253)
	at de.uka.ilkd.key.control.AbstractUserInterfaceControl.load(AbstractUserInterfaceControl.java:209)
	... 7 more
Could not initialize class de.uka.ilkd.key.nparser.KeYParser (file: /home/runner/work/key/key/key.core/../key.ui/examples/index/.././standard_key/arith/divByZero.key; caused by: java.lang.NoClassDefFoundError: Could not initialize class de.uka.ilkd.key.nparser.KeYParser)
	at de.uka.ilkd.key.control.AbstractUserInterfaceControl.load(AbstractUserInterfaceControl.java:221)
	at de.uka.ilkd.key.control.KeYEnvironment.load(KeYEnvironment.java:251)
	at de.uka.ilkd.key.control.KeYEnvironment.load(KeYEnvironment.java:224)
	at de.uka.ilkd.key.control.KeYEnvironment.load(KeYEnvironment.java:184)
	at de.uka.ilkd.key.control.KeYEnvironment.load(KeYEnvironment.java:261)
	at de.uka.ilkd.key.proof.runallproofs.proofcollection.TestFile.load(TestFile.java:270)
	at de.uka.ilkd.key.proof.runallproofs.proofcollection.TestFile.runKey(TestFile.java:160)
	at de.uka.ilkd.key.proof.runallproofs.proofcollection.ForkedTestFileRunner.main(ForkedTestFileRunner.java:171)
Caused by: java.lang.NoClassDefFoundError: Could not initialize class de.uka.ilkd.key.nparser.KeYParser
	at de.uka.ilkd.key.nparser.ParsingFacade.createParser(ParsingFacade.java:87)
	at de.uka.ilkd.key.nparser.ParsingFacade.parseFile(ParsingFacade.java:123)
	at de.uka.ilkd.key.proof.io.KeYFile.getParseContext(KeYFile.java:160)
	at de.uka.ilkd.key.proof.io.KeYFile.getProblemInformation(KeYFile.java:236)
	at de.uka.ilkd.key.proof.init.KeYUserProblemFile.readProfileFromFile(KeYUserProblemFile.java:236)
	at de.uka.ilkd.key.proof.init.KeYUserProblemFile.getProfile(KeYUserProblemFile.java:216)
	at de.uka.ilkd.key.proof.io.AbstractProblemLoader.createProblemInitializer(AbstractProblemLoader.java:508)
	at de.uka.ilkd.key.proof.io.AbstractProblemLoader.loadEnvironment(AbstractProblemLoader.java:288)
	at de.uka.ilkd.key.proof.io.AbstractProblemLoader.load(AbstractProblemLoader.java:253)
	at de.uka.ilkd.key.control.AbstractUserInterfaceControl.load(AbstractUserInterfaceControl.java:209)
	... 7 more
Could not initialize class de.uka.ilkd.key.nparser.KeYParser (file: /home/runner/work/key/key/key.core/../key.ui/examples/index/.././standard_key/arith/divisionAssoc.key; caused by: java.lang.NoClassDefFoundError: Could not initialize class de.uka.ilkd.key.nparser.KeYParser)
	at de.uka.ilkd.key.control.AbstractUserInterfaceControl.load(AbstractUserInterfaceControl.java:221)
	at de.uka.ilkd.key.control.KeYEnvironment.load(KeYEnvironment.java:251)
	at de.uka.ilkd.key.control.KeYEnvironment.load(KeYEnvironment.java:224)
	at de.uka.ilkd.key.control.KeYEnvironment.load(KeYEnvironment.java:184)
	at de.uka.ilkd.key.control.KeYEnvironment.load(KeYEnvironment.java:261)
	at de.uka.ilkd.key.proof.runallproofs.proofcollection.TestFile.load(TestFile.java:270)
	at de.uka.ilkd.key.proof.runallproofs.proofcollection.TestFile.runKey(TestFile.java:160)
	at de.uka.ilkd.key.proof.runallproofs.proofcollection.ForkedTestFileRunner.main(ForkedTestFileRunner.java:171)
Caused by: java.lang.NoClassDefFoundError: Could not initialize class de.uka.ilkd.key.nparser.KeYParser
	at de.uka.ilkd.key.nparser.ParsingFacade.createParser(ParsingFacade.java:87)
	at de.uka.ilkd.key.nparser.ParsingFacade.parseFile(ParsingFacade.java:123)
	at de.uka.ilkd.key.proof.io.KeYFile.getParseContext(KeYFile.java:160)
	at de.uka.ilkd.key.proof.io.KeYFile.getProblemInformation(KeYFile.java:236)
	at de.uka.ilkd.key.proof.init.KeYUserProblemFile.readProfileFromFile(KeYUserProblemFile.java:236)
	at de.uka.ilkd.key.proof.init.KeYUserProblemFile.getProfile(KeYUserProblemFile.java:216)
	at de.uka.ilkd.key.proof.io.AbstractProblemLoader.createProblemInitializer(AbstractProblemLoader.java:508)
	at de.uka.ilkd.key.proof.io.AbstractProblemLoader.loadEnvironment(AbstractProblemLoader.java:288)
	at de.uka.ilkd.key.proof.io.AbstractProblemLoader.load(AbstractProblemLoader.java:253)
	at de.uka.ilkd.key.control.AbstractUserInterfaceControl.load(AbstractUserInterfaceControl.java:209)
	... 7 more
Could not initialize class de.uka.ilkd.key.nparser.KeYParser (file: /home/runner/work/key/key/key.core/../key.ui/examples/index/.././standard_key/arith/divisionBy2.key; caused by: java.lang.NoClassDefFoundError: Could not initialize class de.uka.ilkd.key.nparser.KeYParser)
	at de.uka.ilkd.key.control.AbstractUserInterfaceControl.load(AbstractUserInterfaceControl.java:221)
	at de.uka.ilkd.key.control.KeYEnvironment.load(KeYEnvironment.java:251)
	at de.uka.ilkd.key.control.KeYEnvironment.load(KeYEnvironment.java:224)
	at de.uka.ilkd.key.control.KeYEnvironment.load(KeYEnvironment.java:184)
	at de.uka.ilkd.key.control.KeYEnvironment.load(KeYEnvironment.java:261)
	at de.uka.ilkd.key.proof.runallproofs.proofcollection.TestFile.load(TestFile.java:270)
	at de.uka.ilkd.key.proof.runallproofs.proofcollection.TestFile.runKey(TestFile.java:160)
	at de.uka.ilkd.key.proof.runallproofs.proofcollection.ForkedTestFileRunner.main(ForkedTestFileRunner.java:171)
Caused by: java.lang.NoClassDefFoundError: Could not initialize class de.uka.ilkd.key.nparser.KeYParser
	at de.uka.ilkd.key.nparser.ParsingFacade.createParser(ParsingFacade.java:87)
	at de.uka.ilkd.key.nparser.ParsingFacade.parseFile(ParsingFacade.java:123)
	at de.uka.ilkd.key.proof.io.KeYFile.getParseContext(KeYFile.java:160)
	at de.uka.ilkd.key.proof.io.KeYFile.getProblemInformation(KeYFile.java:236)
	at de.uka.ilkd.key.proof.init.KeYUserProblemFile.readProfileFromFile(KeYUserProblemFile.java:236)
	at de.uka.ilkd.key.proof.init.KeYUserProblemFile.getProfile(KeYUserProblemFile.java:216)
	at de.uka.ilkd.key.proof.io.AbstractProblemLoader.createProblemInitializer(AbstractProblemLoader.java:508)
	at de.uka.ilkd.key.proof.io.AbstractProblemLoader.loadEnvironment(AbstractProblemLoader.java:288)
	at de.uka.ilkd.key.proof.io.AbstractProblemLoader.load(AbstractProblemLoader.java:253)
	at de.uka.ilkd.key.control.AbstractUserInterfaceControl.load(AbstractUserInterfaceControl.java:209)
	... 7 more
Could not initialize class de.uka.ilkd.key.nparser.KeYParser (file: /home/runner/work/key/key/key.core/../key.ui/examples/index/.././standard_key/arith/euclidean/gcdHelp-post.key; caused by: java.lang.NoClassDefFoundError: Could not initialize class de.uka.ilkd.key.nparser.KeYParser)
	at de.uka.ilkd.key.control.AbstractUserInterfaceControl.load(AbstractUserInterfaceControl.java:221)
	at de.uka.ilkd.key.control.KeYEnvironment.load(KeYEnvironment.java:251)
	at de.uka.ilkd.key.control.KeYEnvironment.load(KeYEnvironment.java:224)
	at de.uka.ilkd.key.control.KeYEnvironment.load(KeYEnvironment.java:184)
	at de.uka.ilkd.key.control.KeYEnvironment.load(KeYEnvironment.java:261)
	at de.uka.ilkd.key.proof.runallproofs.proofcollection.TestFile.load(TestFile.java:270)
	at de.uka.ilkd.key.proof.runallproofs.proofcollection.TestFile.runKey(TestFile.java:160)
	at de.uka.ilkd.key.proof.runallproofs.proofcollection.ForkedTestFileRunner.main(ForkedTestFileRunner.java:171)
Caused by: java.lang.NoClassDefFoundError: Could not initialize class de.uka.ilkd.key.nparser.KeYParser
	at de.uka.ilkd.key.nparser.ParsingFacade.createParser(ParsingFacade.java:87)
	at de.uka.ilkd.key.nparser.ParsingFacade.parseFile(ParsingFacade.java:123)
	at de.uka.ilkd.key.proof.io.KeYFile.getParseContext(KeYFile.java:160)
	at de.uka.ilkd.key.proof.io.KeYFile.getProblemInformation(KeYFile.java:236)
	at de.uka.ilkd.key.proof.init.KeYUserProblemFile.readProfileFromFile(KeYUserProblemFile.java:236)
	at de.uka.ilkd.key.proof.init.KeYUserProblemFile.getProfile(KeYUserProblemFile.java:216)
	at de.uka.ilkd.key.proof.io.AbstractProblemLoader.createProblemInitializer(AbstractProblemLoader.java:508)
	at de.uka.ilkd.key.proof.io.AbstractProblemLoader.loadEnvironment(AbstractProblemLoader.java:288)
	at de.uka.ilkd.key.proof.io.AbstractProblemLoader.load(AbstractProblemLoader.java:253)
	at de.uka.ilkd.key.control.AbstractUserInterfaceControl.load(AbstractUserInterfaceControl.java:209)
	... 7 more
Could not initialize class de.uka.ilkd.key.nparser.KeYParser (file: /home/runner/work/key/key/key.core/../key.ui/examples/index/.././standard_key/arith/gemplusDecimal/add.key; caused by: java.lang.NoClassDefFoundError: Could not initialize class de.uka.ilkd.key.nparser.KeYParser)
	at de.uka.ilkd.key.control.AbstractUserInterfaceControl.load(AbstractUserInterfaceControl.java:221)
	at de.uka.ilkd.key.control.KeYEnvironment.load(KeYEnvironment.java:251)
	at de.uka.ilkd.key.control.KeYEnvironment.load(KeYEnvironment.java:224)
	at de.uka.ilkd.key.control.KeYEnvironment.load(KeYEnvironment.java:184)
	at de.uka.ilkd.key.control.KeYEnvironment.load(KeYEnvironment.java:261)
	at de.uka.ilkd.key.proof.runallproofs.proofcollection.TestFile.load(TestFile.java:270)
	at de.uka.ilkd.key.proof.runallproofs.proofcollection.TestFile.runKey(TestFile.java:160)
	at de.uka.ilkd.key.proof.runallproofs.proofcollection.ForkedTestFileRunner.main(ForkedTestFileRunner.java:171)
Caused by: java.lang.NoClassDefFoundError: Could not initialize class de.uka.ilkd.key.nparser.KeYParser
	at de.uka.ilkd.key.nparser.ParsingFacade.createParser(ParsingFacade.java:87)
	at de.uka.ilkd.key.nparser.ParsingFacade.parseFile(ParsingFacade.java:123)
	at de.uka.ilkd.key.proof.io.KeYFile.getParseContext(KeYFile.java:160)
	at de.uka.ilkd.key.proof.io.KeYFile.getProblemInformation(KeYFile.java:236)
	at de.uka.ilkd.key.proof.init.KeYUserProblemFile.readProfileFromFile(KeYUserProblemFile.java:236)
	at de.uka.ilkd.key.proof.init.KeYUserProblemFile.getProfile(KeYUserProblemFile.java:216)
	at de.uka.ilkd.key.proof.io.AbstractProblemLoader.createProblemInitializer(AbstractProblemLoader.java:508)
	at de.uka.ilkd.key.proof.io.AbstractProblemLoader.loadEnvironment(AbstractProblemLoader.java:288)
	at de.uka.ilkd.key.proof.io.AbstractProblemLoader.load(AbstractProblemLoader.java:253)
	at de.uka.ilkd.key.control.AbstractUserInterfaceControl.load(AbstractUserInterfaceControl.java:209)
	... 7 more
Could not initialize class de.uka.ilkd.key.nparser.KeYParser (file: /home/runner/work/key/key/key.core/../key.ui/examples/index/.././standard_key/arith/jdivevenodd.key; caused by: java.lang.NoClassDefFoundError: Could not initialize class de.uka.ilkd.key.nparser.KeYParser)
	at de.uka.ilkd.key.control.AbstractUserInterfaceControl.load(AbstractUserInterfaceControl.java:221)
	at de.uka.ilkd.key.control.KeYEnvironment.load(KeYEnvironment.java:251)
	at de.uka.ilkd.key.control.KeYEnvironment.load(KeYEnvironment.java:224)
	at de.uka.ilkd.key.control.KeYEnvironment.load(KeYEnvironment.java:184)
	at de.uka.ilkd.key.control.KeYEnvironment.load(KeYEnvironment.java:261)
	at de.uka.ilkd.key.proof.runallproofs.proofcollection.TestFile.load(TestFile.java:270)
	at de.uka.ilkd.key.proof.runallproofs.proofcollection.TestFile.runKey(TestFile.java:160)
	at de.uka.ilkd.key.proof.runallproofs.proofcollection.ForkedTestFileRunner.main(ForkedTestFileRunner.java:171)
Caused by: java.lang.NoClassDefFoundError: Could not initialize class de.uka.ilkd.key.nparser.KeYParser
	at de.uka.ilkd.key.nparser.ParsingFacade.createParser(ParsingFacade.java:87)
	at de.uka.ilkd.key.nparser.ParsingFacade.parseFile(ParsingFacade.java:123)
	at de.uka.ilkd.key.proof.io.KeYFile.getParseContext(KeYFile.java:160)
	at de.uka.ilkd.key.proof.io.KeYFile.getProblemInformation(KeYFile.java:236)
	at de.uka.ilkd.key.proof.init.KeYUserProblemFile.readProfileFromFile(KeYUserProblemFile.java:236)
	at de.uka.ilkd.key.proof.init.KeYUserProblemFile.getProfile(KeYUserProblemFile.java:216)
	at de.uka.ilkd.key.proof.io.AbstractProblemLoader.createProblemInitializer(AbstractProblemLoader.java:508)
	at de.uka.ilkd.key.proof.io.AbstractProblemLoader.loadEnvironment(AbstractProblemLoader.java:288)
	at de.uka.ilkd.key.proof.io.AbstractProblemLoader.load(AbstractProblemLoader.java:253)
	at de.uka.ilkd.key.control.AbstractUserInterfaceControl.load(AbstractUserInterfaceControl.java:209)
	... 7 more
Could not initialize class de.uka.ilkd.key.nparser.KeYParser (file: /home/runner/work/key/key/key.core/../key.ui/examples/index/.././standard_key/arith/median.key; caused by: java.lang.NoClassDefFoundError: Could not initialize class de.uka.ilkd.key.nparser.KeYParser)
	at de.uka.ilkd.key.control.AbstractUserInterfaceControl.load(AbstractUserInterfaceControl.java:221)
	at de.uka.ilkd.key.control.KeYEnvironment.load(KeYEnvironment.java:251)
	at de.uka.ilkd.key.control.KeYEnvironment.load(KeYEnvironment.java:224)
	at de.uka.ilkd.key.control.KeYEnvironment.load(KeYEnvironment.java:184)
	at de.uka.ilkd.key.control.KeYEnvironment.load(KeYEnvironment.java:261)
	at de.uka.ilkd.key.proof.runallproofs.proofcollection.TestFile.load(TestFile.java:270)
	at de.uka.ilkd.key.proof.runallproofs.proofcollection.TestFile.runKey(TestFile.java:160)
	at de.uka.ilkd.key.proof.runallproofs.proofcollection.ForkedTestFileRunner.main(ForkedTestFileRunner.java:171)
Caused by: java.lang.NoClassDefFoundError: Could not initialize class de.uka.ilkd.key.nparser.KeYParser
	at de.uka.ilkd.key.nparser.ParsingFacade.createParser(ParsingFacade.java:87)
	at de.uka.ilkd.key.nparser.ParsingFacade.parseFile(ParsingFacade.java:123)
	at de.uka.ilkd.key.proof.io.KeYFile.getParseContext(KeYFile.java:160)
	at de.uka.ilkd.key.proof.io.KeYFile.getProblemInformation(KeYFile.java:236)
	at de.uka.ilkd.key.proof.init.KeYUserProblemFile.readProfileFromFile(KeYUserProblemFile.java:236)
	at de.uka.ilkd.key.proof.init.KeYUserProblemFile.getProfile(KeYUserProblemFile.java:216)
	at de.uka.ilkd.key.proof.io.AbstractProblemLoader.createProblemInitializer(AbstractProblemLoader.java:508)
	at de.uka.ilkd.key.proof.io.AbstractProblemLoader.loadEnvironment(AbstractProblemLoader.java:288)
	at de.uka.ilkd.key.proof.io.AbstractProblemLoader.load(AbstractProblemLoader.java:253)
	at de.uka.ilkd.key.control.AbstractUserInterfaceControl.load(AbstractUserInterfaceControl.java:209)
	... 7 more
Could not initialize class de.uka.ilkd.key.nparser.KeYParser (file: /home/runner/work/key/key/key.core/../key.ui/examples/index/.././standard_key/arith/mod1.key; caused by: java.lang.NoClassDefFoundError: Could not initialize class de.uka.ilkd.key.nparser.KeYParser)
	at de.uka.ilkd.key.control.AbstractUserInterfaceControl.load(AbstractUserInterfaceControl.java:221)
	at de.uka.ilkd.key.control.KeYEnvironment.load(KeYEnvironment.java:251)
	at de.uka.ilkd.key.control.KeYEnvironment.load(KeYEnvironment.java:224)
	at de.uka.ilkd.key.control.KeYEnvironment.load(KeYEnvironment.java:184)
	at de.uka.ilkd.key.control.KeYEnvironment.load(KeYEnvironment.java:261)
	at de.uka.ilkd.key.proof.runallproofs.proofcollection.TestFile.load(TestFile.java:270)
	at de.uka.ilkd.key.proof.runallproofs.proofcollection.TestFile.runKey(TestFile.java:160)
	at de.uka.ilkd.key.proof.runallproofs.proofcollection.ForkedTestFileRunner.main(ForkedTestFileRunner.java:171)
Caused by: java.lang.NoClassDefFoundError: Could not initialize class de.uka.ilkd.key.nparser.KeYParser
	at de.uka.ilkd.key.nparser.ParsingFacade.createParser(ParsingFacade.java:87)
	at de.uka.ilkd.key.nparser.ParsingFacade.parseFile(ParsingFacade.java:123)
	at de.uka.ilkd.key.proof.io.KeYFile.getParseContext(KeYFile.java:160)
	at de.uka.ilkd.key.proof.io.KeYFile.getProblemInformation(KeYFile.java:236)
	at de.uka.ilkd.key.proof.init.KeYUserProblemFile.readProfileFromFile(KeYUserProblemFile.java:236)
	at de.uka.ilkd.key.proof.init.KeYUserProblemFile.getProfile(KeYUserProblemFile.java:216)
	at de.uka.ilkd.key.proof.io.AbstractProblemLoader.createProblemInitializer(AbstractProblemLoader.java:508)
	at de.uka.ilkd.key.proof.io.AbstractProblemLoader.loadEnvironment(AbstractProblemLoader.java:288)
	at de.uka.ilkd.key.proof.io.AbstractProblemLoader.load(AbstractProblemLoader.java:253)
	at de.uka.ilkd.key.control.AbstractUserInterfaceControl.load(AbstractUserInterfaceControl.java:209)
	... 7 more
Could not initialize class de.uka.ilkd.key.nparser.KeYParser (file: /home/runner/work/key/key/key.core/../key.ui/examples/index/.././standard_key/arith/mod2.key; caused by: java.lang.NoClassDefFoundError: Could not initialize class de.uka.ilkd.key.nparser.KeYParser)
	at de.uka.ilkd.key.control.AbstractUserInterfaceControl.load(AbstractUserInterfaceControl.java:221)
	at de.uka.ilkd.key.control.KeYEnvironment.load(KeYEnvironment.java:251)
	at de.uka.ilkd.key.control.KeYEnvironment.load(KeYEnvironment.java:224)
	at de.uka.ilkd.key.control.KeYEnvironment.load(KeYEnvironment.java:184)
	at de.uka.ilkd.key.control.KeYEnvironment.load(KeYEnvironment.java:261)
	at de.uka.ilkd.key.proof.runallproofs.proofcollection.TestFile.load(TestFile.java:270)
	at de.uka.ilkd.key.proof.runallproofs.proofcollection.TestFile.runKey(TestFile.java:160)
	at de.uka.ilkd.key.proof.runallproofs.proofcollection.ForkedTestFileRunner.main(ForkedTestFileRunner.java:171)
Caused by: java.lang.NoClassDefFoundError: Could not initialize class de.uka.ilkd.key.nparser.KeYParser
	at de.uka.ilkd.key.nparser.ParsingFacade.createParser(ParsingFacade.java:87)
	at de.uka.ilkd.key.nparser.ParsingFacade.parseFile(ParsingFacade.java:123)
	at de.uka.ilkd.key.proof.io.KeYFile.getParseContext(KeYFile.java:160)
	at de.uka.ilkd.key.proof.io.KeYFile.getProblemInformation(KeYFile.java:236)
	at de.uka.ilkd.key.proof.init.KeYUserProblemFile.readProfileFromFile(KeYUserProblemFile.java:236)
	at de.uka.ilkd.key.proof.init.KeYUserProblemFile.getProfile(KeYUserProblemFile.java:216)
	at de.uka.ilkd.key.proof.io.AbstractProblemLoader.createProblemInitializer(AbstractProblemLoader.java:508)
	at de.uka.ilkd.key.proof.io.AbstractProblemLoader.loadEnvironment(AbstractProblemLoader.java:288)
	at de.uka.ilkd.key.proof.io.AbstractProblemLoader.load(AbstractProblemLoader.java:253)
	at de.uka.ilkd.key.control.AbstractUserInterfaceControl.load(AbstractUserInterfaceControl.java:209)
	... 7 more
Could not initialize class de.uka.ilkd.key.nparser.KeYParser (file: /home/runner/work/key/key/key.core/../key.ui/examples/index/.././standard_key/arith/mod7.key; caused by: java.lang.NoClassDefFoundError: Could not initialize class de.uka.ilkd.key.nparser.KeYParser)
	at de.uka.ilkd.key.control.AbstractUserInterfaceControl.load(AbstractUserInterfaceControl.java:221)
	at de.uka.ilkd.key.control.KeYEnvironment.load(KeYEnvironment.java:251)
	at de.uka.ilkd.key.control.KeYEnvironment.load(KeYEnvironment.java:224)
	at de.uka.ilkd.key.control.KeYEnvironment.load(KeYEnvironment.java:184)
	at de.uka.ilkd.key.control.KeYEnvironment.load(KeYEnvironment.java:261)
	at de.uka.ilkd.key.proof.runallproofs.proofcollection.TestFile.load(TestFile.java:270)
	at de.uka.ilkd.key.proof.runallproofs.proofcollection.TestFile.runKey(TestFile.java:160)
	at de.uka.ilkd.key.proof.runallproofs.proofcollection.ForkedTestFileRunner.main(ForkedTestFileRunner.java:171)
Caused by: java.lang.NoClassDefFoundError: Could not initialize class de.uka.ilkd.key.nparser.KeYParser
	at de.uka.ilkd.key.nparser.ParsingFacade.createParser(ParsingFacade.java:87)
	at de.uka.ilkd.key.nparser.ParsingFacade.parseFile(ParsingFacade.java:123)
	at de.uka.ilkd.key.proof.io.KeYFile.getParseContext(KeYFile.java:160)
	at de.uka.ilkd.key.proof.io.KeYFile.getProblemInformation(KeYFile.java:236)
	at de.uka.ilkd.key.proof.init.KeYUserProblemFile.readProfileFromFile(KeYUserProblemFile.java:236)
	at de.uka.ilkd.key.proof.init.KeYUserProblemFile.getProfile(KeYUserProblemFile.java:216)
	at de.uka.ilkd.key.proof.io.AbstractProblemLoader.createProblemInitializer(AbstractProblemLoader.java:508)
	at de.uka.ilkd.key.proof.io.AbstractProblemLoader.loadEnvironment(AbstractProblemLoader.java:288)
	at de.uka.ilkd.key.proof.io.AbstractProblemLoader.load(AbstractProblemLoader.java:253)
	at de.uka.ilkd.key.control.AbstractUserInterfaceControl.load(AbstractUserInterfaceControl.java:209)
	... 7 more
Could not initialize class de.uka.ilkd.key.nparser.KeYParser (file: /home/runner/work/key/key/key.core/../key.ui/examples/index/.././standard_key/arith/overflow_hija.key; caused by: java.lang.NoClassDefFoundError: Could not initialize class de.uka.ilkd.key.nparser.KeYParser)
	at de.uka.ilkd.key.control.AbstractUserInterfaceControl.load(AbstractUserInterfaceControl.java:221)
	at de.uka.ilkd.key.control.KeYEnvironment.load(KeYEnvironment.java:251)
	at de.uka.ilkd.key.control.KeYEnvironment.load(KeYEnvironment.java:224)
	at de.uka.ilkd.key.control.KeYEnvironment.load(KeYEnvironment.java:184)
	at de.uka.ilkd.key.control.KeYEnvironment.load(KeYEnvironment.java:261)
	at de.uka.ilkd.key.proof.runallproofs.proofcollection.TestFile.load(TestFile.java:270)
	at de.uka.ilkd.key.proof.runallproofs.proofcollection.TestFile.runKey(TestFile.java:160)
	at de.uka.ilkd.key.proof.runallproofs.proofcollection.ForkedTestFileRunner.main(ForkedTestFileRunner.java:171)
Caused by: java.lang.NoClassDefFoundError: Could not initialize class de.uka.ilkd.key.nparser.KeYParser
	at de.uka.ilkd.key.nparser.ParsingFacade.createParser(ParsingFacade.java:87)
	at de.uka.ilkd.key.nparser.ParsingFacade.parseFile(ParsingFacade.java:123)
	at de.uka.ilkd.key.proof.io.KeYFile.getParseContext(KeYFile.java:160)
	at de.uka.ilkd.key.proof.io.KeYFile.getProblemInformation(KeYFile.java:236)
	at de.uka.ilkd.key.proof.init.KeYUserProblemFile.readProfileFromFile(KeYUserProblemFile.java:236)
	at de.uka.ilkd.key.proof.init.KeYUserProblemFile.getProfile(KeYUserProblemFile.java:216)
	at de.uka.ilkd.key.proof.io.AbstractProblemLoader.createProblemInitializer(AbstractProblemLoader.java:508)
	at de.uka.ilkd.key.proof.io.AbstractProblemLoader.loadEnvironment(AbstractProblemLoader.java:288)
	at de.uka.ilkd.key.proof.io.AbstractProblemLoader.load(AbstractProblemLoader.java:253)
	at de.uka.ilkd.key.control.AbstractUserInterfaceControl.load(AbstractUserInterfaceControl.java:209)
	... 7 more
Could not initialize class de.uka.ilkd.key.nparser.KeYParser (file: /home/runner/work/key/key/key.core/../key.ui/examples/index/.././standard_key/arith/poly_division0.key; caused by: java.lang.NoClassDefFoundError: Could not initialize class de.uka.ilkd.key.nparser.KeYParser)
	at de.uka.ilkd.key.control.AbstractUserInterfaceControl.load(AbstractUserInterfaceControl.java:221)
	at de.uka.ilkd.key.control.KeYEnvironment.load(KeYEnvironment.java:251)
	at de.uka.ilkd.key.control.KeYEnvironment.load(KeYEnvironment.java:224)
	at de.uka.ilkd.key.control.KeYEnvironment.load(KeYEnvironment.java:184)
	at de.uka.ilkd.key.control.KeYEnvironment.load(KeYEnvironment.java:261)
	at de.uka.ilkd.key.proof.runallproofs.proofcollection.TestFile.load(TestFile.java:270)
	at de.uka.ilkd.key.proof.runallproofs.proofcollection.TestFile.runKey(TestFile.java:160)
	at de.uka.ilkd.key.proof.runallproofs.proofcollection.ForkedTestFileRunner.main(ForkedTestFileRunner.java:171)
Caused by: java.lang.NoClassDefFoundError: Could not initialize class de.uka.ilkd.key.nparser.KeYParser
	at de.uka.ilkd.key.nparser.ParsingFacade.createParser(ParsingFacade.java:87)
	at de.uka.ilkd.key.nparser.ParsingFacade.parseFile(ParsingFacade.java:123)
	at de.uka.ilkd.key.proof.io.KeYFile.getParseContext(KeYFile.java:160)
	at de.uka.ilkd.key.proof.io.KeYFile.getProblemInformation(KeYFile.java:236)
	at de.uka.ilkd.key.proof.init.KeYUserProblemFile.readProfileFromFile(KeYUserProblemFile.java:236)
	at de.uka.ilkd.key.proof.init.KeYUserProblemFile.getProfile(KeYUserProblemFile.java:216)
	at de.uka.ilkd.key.proof.io.AbstractProblemLoader.createProblemInitializer(AbstractProblemLoader.java:508)
	at de.uka.ilkd.key.proof.io.AbstractProblemLoader.loadEnvironment(AbstractProblemLoader.java:288)
	at de.uka.ilkd.key.proof.io.AbstractProblemLoader.load(AbstractProblemLoader.java:253)
	at de.uka.ilkd.key.control.AbstractUserInterfaceControl.load(AbstractUserInterfaceControl.java:209)
	... 7 more
Could not initialize class de.uka.ilkd.key.nparser.KeYParser (file: /home/runner/work/key/key/key.core/../key.ui/examples/index/.././standard_key/arith/poly_division1.key; caused by: java.lang.NoClassDefFoundError: Could not initialize class de.uka.ilkd.key.nparser.KeYParser)
	at de.uka.ilkd.key.control.AbstractUserInterfaceControl.load(AbstractUserInterfaceControl.java:221)
	at de.uka.ilkd.key.control.KeYEnvironment.load(KeYEnvironment.java:251)
	at de.uka.ilkd.key.control.KeYEnvironment.load(KeYEnvironment.java:224)
	at de.uka.ilkd.key.control.KeYEnvironment.load(KeYEnvironment.java:184)
	at de.uka.ilkd.key.control.KeYEnvironment.load(KeYEnvironment.java:261)
	at de.uka.ilkd.key.proof.runallproofs.proofcollection.TestFile.load(TestFile.java:270)
	at de.uka.ilkd.key.proof.runallproofs.proofcollection.TestFile.runKey(TestFile.java:160)
	at de.uka.ilkd.key.proof.runallproofs.proofcollection.ForkedTestFileRunner.main(ForkedTestFileRunner.java:171)
Caused by: java.lang.NoClassDefFoundError: Could not initialize class de.uka.ilkd.key.nparser.KeYParser
	at de.uka.ilkd.key.nparser.ParsingFacade.createParser(ParsingFacade.java:87)
	at de.uka.ilkd.key.nparser.ParsingFacade.parseFile(ParsingFacade.java:123)
	at de.uka.ilkd.key.proof.io.KeYFile.getParseContext(KeYFile.java:160)
	at de.uka.ilkd.key.proof.io.KeYFile.getProblemInformation(KeYFile.java:236)
	at de.uka.ilkd.key.proof.init.KeYUserProblemFile.readProfileFromFile(KeYUserProblemFile.java:236)
	at de.uka.ilkd.key.proof.init.KeYUserProblemFile.getProfile(KeYUserProblemFile.java:216)
	at de.uka.ilkd.key.proof.io.AbstractProblemLoader.createProblemInitializer(AbstractProblemLoader.java:508)
	at de.uka.ilkd.key.proof.io.AbstractProblemLoader.loadEnvironment(AbstractProblemLoader.java:288)
	at de.uka.ilkd.key.proof.io.AbstractProblemLoader.load(AbstractProblemLoader.java:253)
	at de.uka.ilkd.key.control.AbstractUserInterfaceControl.load(AbstractUserInterfaceControl.java:209)
	... 7 more
Could not initialize class de.uka.ilkd.key.nparser.KeYParser (file: /home/runner/work/key/key/key.core/../key.ui/examples/index/.././standard_key/inEqSimp/division.key; caused by: java.lang.NoClassDefFoundError: Could not initialize class de.uka.ilkd.key.nparser.KeYParser)
	at de.uka.ilkd.key.control.AbstractUserInterfaceControl.load(AbstractUserInterfaceControl.java:221)
	at de.uka.ilkd.key.control.KeYEnvironment.load(KeYEnvironment.java:251)
	at de.uka.ilkd.key.control.KeYEnvironment.load(KeYEnvironment.java:224)
	at de.uka.ilkd.key.control.KeYEnvironment.load(KeYEnvironment.java:184)
	at de.uka.ilkd.key.control.KeYEnvironment.load(KeYEnvironment.java:261)
	at de.uka.ilkd.key.proof.runallproofs.proofcollection.TestFile.load(TestFile.java:270)
	at de.uka.ilkd.key.proof.runallproofs.proofcollection.TestFile.runKey(TestFile.java:160)
	at de.uka.ilkd.key.proof.runallproofs.proofcollection.ForkedTestFileRunner.main(ForkedTestFileRunner.java:171)
Caused by: java.lang.NoClassDefFoundError: Could not initialize class de.uka.ilkd.key.nparser.KeYParser
	at de.uka.ilkd.key.nparser.ParsingFacade.createParser(ParsingFacade.java:87)
	at de.uka.ilkd.key.nparser.ParsingFacade.parseFile(ParsingFacade.java:123)
	at de.uka.ilkd.key.proof.io.KeYFile.getParseContext(KeYFile.java:160)
	at de.uka.ilkd.key.proof.io.KeYFile.getProblemInformation(KeYFile.java:236)
	at de.uka.ilkd.key.proof.init.KeYUserProblemFile.readProfileFromFile(KeYUserProblemFile.java:236)
	at de.uka.ilkd.key.proof.init.KeYUserProblemFile.getProfile(KeYUserProblemFile.java:216)
	at de.uka.ilkd.key.proof.io.AbstractProblemLoader.createProblemInitializer(AbstractProblemLoader.java:508)
	at de.uka.ilkd.key.proof.io.AbstractProblemLoader.loadEnvironment(AbstractProblemLoader.java:288)
	at de.uka.ilkd.key.proof.io.AbstractProblemLoader.load(AbstractProblemLoader.java:253)
	at de.uka.ilkd.key.control.AbstractUserInterfaceControl.load(AbstractUserInterfaceControl.java:209)
	... 7 more
Could not initialize class de.uka.ilkd.key.nparser.KeYParser (file: /home/runner/work/key/key/key.core/../key.ui/examples/index/.././standard_key/inEqSimp/inequations0.key; caused by: java.lang.NoClassDefFoundError: Could not initialize class de.uka.ilkd.key.nparser.KeYParser)
	at de.uka.ilkd.key.control.AbstractUserInterfaceControl.load(AbstractUserInterfaceControl.java:221)
	at de.uka.ilkd.key.control.KeYEnvironment.load(KeYEnvironment.java:251)
	at de.uka.ilkd.key.control.KeYEnvironment.load(KeYEnvironment.java:224)
	at de.uka.ilkd.key.control.KeYEnvironment.load(KeYEnvironment.java:184)
	at de.uka.ilkd.key.control.KeYEnvironment.load(KeYEnvironment.java:261)
	at de.uka.ilkd.key.proof.runallproofs.proofcollection.TestFile.load(TestFile.java:270)
	at de.uka.ilkd.key.proof.runallproofs.proofcollection.TestFile.runKey(TestFile.java:160)
	at de.uka.ilkd.key.proof.runallproofs.proofcollection.ForkedTestFileRunner.main(ForkedTestFileRunner.java:171)
Caused by: java.lang.NoClassDefFoundError: Could not initialize class de.uka.ilkd.key.nparser.KeYParser
	at de.uka.ilkd.key.nparser.ParsingFacade.createParser(ParsingFacade.java:87)
	at de.uka.ilkd.key.nparser.ParsingFacade.parseFile(ParsingFacade.java:123)
	at de.uka.ilkd.key.proof.io.KeYFile.getParseContext(KeYFile.java:160)
	at de.uka.ilkd.key.proof.io.KeYFile.getProblemInformation(KeYFile.java:236)
	at de.uka.ilkd.key.proof.init.KeYUserProblemFile.readProfileFromFile(KeYUserProblemFile.java:236)
	at de.uka.ilkd.key.proof.init.KeYUserProblemFile.getProfile(KeYUserProblemFile.java:216)
	at de.uka.ilkd.key.proof.io.AbstractProblemLoader.createProblemInitializer(AbstractProblemLoader.java:508)
	at de.uka.ilkd.key.proof.io.AbstractProblemLoader.loadEnvironment(AbstractProblemLoader.java:288)
	at de.uka.ilkd.key.proof.io.AbstractProblemLoader.load(AbstractProblemLoader.java:253)
	at de.uka.ilkd.key.control.AbstractUserInterfaceControl.load(AbstractUserInterfaceControl.java:209)
	... 7 more
Could not initialize class de.uka.ilkd.key.nparser.KeYParser (file: /home/runner/work/key/key/key.core/../key.ui/examples/index/.././standard_key/inEqSimp/inequations1.key; caused by: java.lang.NoClassDefFoundError: Could not initialize class de.uka.ilkd.key.nparser.KeYParser)
	at de.uka.ilkd.key.control.AbstractUserInterfaceControl.load(AbstractUserInterfaceControl.java:221)
	at de.uka.ilkd.key.control.KeYEnvironment.load(KeYEnvironment.java:251)
	at de.uka.ilkd.key.control.KeYEnvironment.load(KeYEnvironment.java:224)
	at de.uka.ilkd.key.control.KeYEnvironment.load(KeYEnvironment.java:184)
	at de.uka.ilkd.key.control.KeYEnvironment.load(KeYEnvironment.java:261)
	at de.uka.ilkd.key.proof.runallproofs.proofcollection.TestFile.load(TestFile.java:270)
	at de.uka.ilkd.key.proof.runallproofs.proofcollection.TestFile.runKey(TestFile.java:160)
	at de.uka.ilkd.key.proof.runallproofs.proofcollection.ForkedTestFileRunner.main(ForkedTestFileRunner.java:171)
Caused by: java.lang.NoClassDefFoundError: Could not initialize class de.uka.ilkd.key.nparser.KeYParser
	at de.uka.ilkd.key.nparser.ParsingFacade.createParser(ParsingFacade.java:87)
	at de.uka.ilkd.key.nparser.ParsingFacade.parseFile(ParsingFacade.java:123)
	at de.uka.ilkd.key.proof.io.KeYFile.getParseContext(KeYFile.java:160)
	at de.uka.ilkd.key.proof.io.KeYFile.getProblemInformation(KeYFile.java:236)
	at de.uka.ilkd.key.proof.init.KeYUserProblemFile.readProfileFromFile(KeYUserProblemFile.java:236)
	at de.uka.ilkd.key.proof.init.KeYUserProblemFile.getProfile(KeYUserProblemFile.java:216)
	at de.uka.ilkd.key.proof.io.AbstractProblemLoader.createProblemInitializer(AbstractProblemLoader.java:508)
	at de.uka.ilkd.key.proof.io.AbstractProblemLoader.loadEnvironment(AbstractProblemLoader.java:288)
	at de.uka.ilkd.key.proof.io.AbstractProblemLoader.load(AbstractProblemLoader.java:253)
	at de.uka.ilkd.key.control.AbstractUserInterfaceControl.load(AbstractUserInterfaceControl.java:209)
	... 7 more
Could not initialize class de.uka.ilkd.key.nparser.KeYParser (file: /home/runner/work/key/key/key.core/../key.ui/examples/index/.././standard_key/inEqSimp/inequations2.key; caused by: java.lang.NoClassDefFoundError: Could not initialize class de.uka.ilkd.key.nparser.KeYParser)
	at de.uka.ilkd.key.control.AbstractUserInterfaceControl.load(AbstractUserInterfaceControl.java:221)
	at de.uka.ilkd.key.control.KeYEnvironment.load(KeYEnvironment.java:251)
	at de.uka.ilkd.key.control.KeYEnvironment.load(KeYEnvironment.java:224)
	at de.uka.ilkd.key.control.KeYEnvironment.load(KeYEnvironment.java:184)
	at de.uka.ilkd.key.control.KeYEnvironment.load(KeYEnvironment.java:261)
	at de.uka.ilkd.key.proof.runallproofs.proofcollection.TestFile.load(TestFile.java:270)
	at de.uka.ilkd.key.proof.runallproofs.proofcollection.TestFile.runKey(TestFile.java:160)
	at de.uka.ilkd.key.proof.runallproofs.proofcollection.ForkedTestFileRunner.main(ForkedTestFileRunner.java:171)
Caused by: java.lang.NoClassDefFoundError: Could not initialize class de.uka.ilkd.key.nparser.KeYParser
	at de.uka.ilkd.key.nparser.ParsingFacade.createParser(ParsingFacade.java:87)
	at de.uka.ilkd.key.nparser.ParsingFacade.parseFile(ParsingFacade.java:123)
	at de.uka.ilkd.key.proof.io.KeYFile.getParseContext(KeYFile.java:160)
	at de.uka.ilkd.key.proof.io.KeYFile.getProblemInformation(KeYFile.java:236)
	at de.uka.ilkd.key.proof.init.KeYUserProblemFile.readProfileFromFile(KeYUserProblemFile.java:236)
	at de.uka.ilkd.key.proof.init.KeYUserProblemFile.getProfile(KeYUserProblemFile.java:216)
	at de.uka.ilkd.key.proof.io.AbstractProblemLoader.createProblemInitializer(AbstractProblemLoader.java:508)
	at de.uka.ilkd.key.proof.io.AbstractProblemLoader.loadEnvironment(AbstractProblemLoader.java:288)
	at de.uka.ilkd.key.proof.io.AbstractProblemLoader.load(AbstractProblemLoader.java:253)
	at de.uka.ilkd.key.control.AbstractUserInterfaceControl.load(AbstractUserInterfaceControl.java:209)
	... 7 more
Could not initialize class de.uka.ilkd.key.nparser.KeYParser (file: /home/runner/work/key/key/key.core/../key.ui/examples/index/.././standard_key/inEqSimp/linApprox.key; caused by: java.lang.NoClassDefFoundError: Could not initialize class de.uka.ilkd.key.nparser.KeYParser)
	at de.uka.ilkd.key.control.AbstractUserInterfaceControl.load(AbstractUserInterfaceControl.java:221)
	at de.uka.ilkd.key.control.KeYEnvironment.load(KeYEnvironment.java:251)
	at de.uka.ilkd.key.control.KeYEnvironment.load(KeYEnvironment.java:224)
	at de.uka.ilkd.key.control.KeYEnvironment.load(KeYEnvironment.java:184)
	at de.uka.ilkd.key.control.KeYEnvironment.load(KeYEnvironment.java:261)
	at de.uka.ilkd.key.proof.runallproofs.proofcollection.TestFile.load(TestFile.java:270)
	at de.uka.ilkd.key.proof.runallproofs.proofcollection.TestFile.runKey(TestFile.java:160)
	at de.uka.ilkd.key.proof.runallproofs.proofcollection.ForkedTestFileRunner.main(ForkedTestFileRunner.java:171)
Caused by: java.lang.NoClassDefFoundError: Could not initialize class de.uka.ilkd.key.nparser.KeYParser
	at de.uka.ilkd.key.nparser.ParsingFacade.createParser(ParsingFacade.java:87)
	at de.uka.ilkd.key.nparser.ParsingFacade.parseFile(ParsingFacade.java:123)
	at de.uka.ilkd.key.proof.io.KeYFile.getParseContext(KeYFile.java:160)
	at de.uka.ilkd.key.proof.io.KeYFile.getProblemInformation(KeYFile.java:236)
	at de.uka.ilkd.key.proof.init.KeYUserProblemFile.readProfileFromFile(KeYUserProblemFile.java:236)
	at de.uka.ilkd.key.proof.init.KeYUserProblemFile.getProfile(KeYUserProblemFile.java:216)
	at de.uka.ilkd.key.proof.io.AbstractProblemLoader.createProblemInitializer(AbstractProblemLoader.java:508)
	at de.uka.ilkd.key.proof.io.AbstractProblemLoader.loadEnvironment(AbstractProblemLoader.java:288)
	at de.uka.ilkd.key.proof.io.AbstractProblemLoader.load(AbstractProblemLoader.java:253)
	at de.uka.ilkd.key.control.AbstractUserInterfaceControl.load(AbstractUserInterfaceControl.java:209)
	... 7 more
Could not initialize class de.uka.ilkd.key.nparser.KeYParser (file: /home/runner/work/key/key/key.core/../key.ui/examples/index/.././standard_key/inEqSimp/nonLinInEqExample0.key; caused by: java.lang.NoClassDefFoundError: Could not initialize class de.uka.ilkd.key.nparser.KeYParser)
	at de.uka.ilkd.key.control.AbstractUserInterfaceControl.load(AbstractUserInterfaceControl.java:221)
	at de.uka.ilkd.key.control.KeYEnvironment.load(KeYEnvironment.java:251)
	at de.uka.ilkd.key.control.KeYEnvironment.load(KeYEnvironment.java:224)
	at de.uka.ilkd.key.control.KeYEnvironment.load(KeYEnvironment.java:184)
	at de.uka.ilkd.key.control.KeYEnvironment.load(KeYEnvironment.java:261)
	at de.uka.ilkd.key.proof.runallproofs.proofcollection.TestFile.load(TestFile.java:270)
	at de.uka.ilkd.key.proof.runallproofs.proofcollection.TestFile.runKey(TestFile.java:160)
	at de.uka.ilkd.key.proof.runallproofs.proofcollection.ForkedTestFileRunner.main(ForkedTestFileRunner.java:171)
Caused by: java.lang.NoClassDefFoundError: Could not initialize class de.uka.ilkd.key.nparser.KeYParser
	at de.uka.ilkd.key.nparser.ParsingFacade.createParser(ParsingFacade.java:87)
	at de.uka.ilkd.key.nparser.ParsingFacade.parseFile(ParsingFacade.java:123)
	at de.uka.ilkd.key.proof.io.KeYFile.getParseContext(KeYFile.java:160)
	at de.uka.ilkd.key.proof.io.KeYFile.getProblemInformation(KeYFile.java:236)
	at de.uka.ilkd.key.proof.init.KeYUserProblemFile.readProfileFromFile(KeYUserProblemFile.java:236)
	at de.uka.ilkd.key.proof.init.KeYUserProblemFile.getProfile(KeYUserProblemFile.java:216)
	at de.uka.ilkd.key.proof.io.AbstractProblemLoader.createProblemInitializer(AbstractProblemLoader.java:508)
	at de.uka.ilkd.key.proof.io.AbstractProblemLoader.loadEnvironment(AbstractProblemLoader.java:288)
	at de.uka.ilkd.key.proof.io.AbstractProblemLoader.load(AbstractProblemLoader.java:253)
	at de.uka.ilkd.key.control.AbstractUserInterfaceControl.load(AbstractUserInterfaceControl.java:209)
	... 7 more
Could not initialize class de.uka.ilkd.key.nparser.KeYParser (file: /home/runner/work/key/key/key.core/../key.ui/examples/index/.././standard_key/inEqSimp/nonLinInEqExample2.key; caused by: java.lang.NoClassDefFoundError: Could not initialize class de.uka.ilkd.key.nparser.KeYParser)
	at de.uka.ilkd.key.control.AbstractUserInterfaceControl.load(AbstractUserInterfaceControl.java:221)
	at de.uka.ilkd.key.control.KeYEnvironment.load(KeYEnvironment.java:251)
	at de.uka.ilkd.key.control.KeYEnvironment.load(KeYEnvironment.java:224)
	at de.uka.ilkd.key.control.KeYEnvironment.load(KeYEnvironment.java:184)
	at de.uka.ilkd.key.control.KeYEnvironment.load(KeYEnvironment.java:261)
	at de.uka.ilkd.key.proof.runallproofs.proofcollection.TestFile.load(TestFile.java:270)
	at de.uka.ilkd.key.proof.runallproofs.proofcollection.TestFile.runKey(TestFile.java:160)
	at de.uka.ilkd.key.proof.runallproofs.proofcollection.ForkedTestFileRunner.main(ForkedTestFileRunner.java:171)
Caused by: java.lang.NoClassDefFoundError: Could not initialize class de.uka.ilkd.key.nparser.KeYParser
	at de.uka.ilkd.key.nparser.ParsingFacade.createParser(ParsingFacade.java:87)
	at de.uka.ilkd.key.nparser.ParsingFacade.parseFile(ParsingFacade.java:123)
	at de.uka.ilkd.key.proof.io.KeYFile.getParseContext(KeYFile.java:160)
	at de.uka.ilkd.key.proof.io.KeYFile.getProblemInformation(KeYFile.java:236)
	at de.uka.ilkd.key.proof.init.KeYUserProblemFile.readProfileFromFile(KeYUserProblemFile.java:236)
	at de.uka.ilkd.key.proof.init.KeYUserProblemFile.getProfile(KeYUserProblemFile.java:216)
	at de.uka.ilkd.key.proof.io.AbstractProblemLoader.createProblemInitializer(AbstractProblemLoader.java:508)
	at de.uka.ilkd.key.proof.io.AbstractProblemLoader.loadEnvironment(AbstractProblemLoader.java:288)
	at de.uka.ilkd.key.proof.io.AbstractProblemLoader.load(AbstractProblemLoader.java:253)
	at de.uka.ilkd.key.control.AbstractUserInterfaceControl.load(AbstractUserInterfaceControl.java:209)
	... 7 more
Could not initialize class de.uka.ilkd.key.nparser.KeYParser (file: /home/runner/work/key/key/key.core/../key.ui/examples/index/.././standard_key/inEqSimp/nonLinInEqExample3.key; caused by: java.lang.NoClassDefFoundError: Could not initialize class de.uka.ilkd.key.nparser.KeYParser)
	at de.uka.ilkd.key.control.AbstractUserInterfaceControl.load(AbstractUserInterfaceControl.java:221)
	at de.uka.ilkd.key.control.KeYEnvironment.load(KeYEnvironment.java:251)
	at de.uka.ilkd.key.control.KeYEnvironment.load(KeYEnvironment.java:224)
	at de.uka.ilkd.key.control.KeYEnvironment.load(KeYEnvironment.java:184)
	at de.uka.ilkd.key.control.KeYEnvironment.load(KeYEnvironment.java:261)
	at de.uka.ilkd.key.proof.runallproofs.proofcollection.TestFile.load(TestFile.java:270)
	at de.uka.ilkd.key.proof.runallproofs.proofcollection.TestFile.runKey(TestFile.java:160)
	at de.uka.ilkd.key.proof.runallproofs.proofcollection.ForkedTestFileRunner.main(ForkedTestFileRunner.java:171)
Caused by: java.lang.NoClassDefFoundError: Could not initialize class de.uka.ilkd.key.nparser.KeYParser
	at de.uka.ilkd.key.nparser.ParsingFacade.createParser(ParsingFacade.java:87)
	at de.uka.ilkd.key.nparser.ParsingFacade.parseFile(ParsingFacade.java:123)
	at de.uka.ilkd.key.proof.io.KeYFile.getParseContext(KeYFile.java:160)
	at de.uka.ilkd.key.proof.io.KeYFile.getProblemInformation(KeYFile.java:236)
	at de.uka.ilkd.key.proof.init.KeYUserProblemFile.readProfileFromFile(KeYUserProblemFile.java:236)
	at de.uka.ilkd.key.proof.init.KeYUserProblemFile.getProfile(KeYUserProblemFile.java:216)
	at de.uka.ilkd.key.proof.io.AbstractProblemLoader.createProblemInitializer(AbstractProblemLoader.java:508)
	at de.uka.ilkd.key.proof.io.AbstractProblemLoader.loadEnvironment(AbstractProblemLoader.java:288)
	at de.uka.ilkd.key.proof.io.AbstractProblemLoader.load(AbstractProblemLoader.java:253)
	at de.uka.ilkd.key.control.AbstractUserInterfaceControl.load(AbstractUserInterfaceControl.java:209)
	... 7 more
Could not initialize class de.uka.ilkd.key.nparser.KeYParser (file: /home/runner/work/key/key/key.core/../key.ui/examples/index/.././standard_key/inEqSimp/nonLinInEqExample4.key; caused by: java.lang.NoClassDefFoundError: Could not initialize class de.uka.ilkd.key.nparser.KeYParser)
	at de.uka.ilkd.key.control.AbstractUserInterfaceControl.load(AbstractUserInterfaceControl.java:221)
	at de.uka.ilkd.key.control.KeYEnvironment.load(KeYEnvironment.java:251)
	at de.uka.ilkd.key.control.KeYEnvironment.load(KeYEnvironment.java:224)
	at de.uka.ilkd.key.control.KeYEnvironment.load(KeYEnvironment.java:184)
	at de.uka.ilkd.key.control.KeYEnvironment.load(KeYEnvironment.java:261)
	at de.uka.ilkd.key.proof.runallproofs.proofcollection.TestFile.load(TestFile.java:270)
	at de.uka.ilkd.key.proof.runallproofs.proofcollection.TestFile.runKey(TestFile.java:160)
	at de.uka.ilkd.key.proof.runallproofs.proofcollection.ForkedTestFileRunner.main(ForkedTestFileRunner.java:171)
Caused by: java.lang.NoClassDefFoundError: Could not initialize class de.uka.ilkd.key.nparser.KeYParser
	at de.uka.ilkd.key.nparser.ParsingFacade.createParser(ParsingFacade.java:87)
	at de.uka.ilkd.key.nparser.ParsingFacade.parseFile(ParsingFacade.java:123)
	at de.uka.ilkd.key.proof.io.KeYFile.getParseContext(KeYFile.java:160)
	at de.uka.ilkd.key.proof.io.KeYFile.getProblemInformation(KeYFile.java:236)
	at de.uka.ilkd.key.proof.init.KeYUserProblemFile.readProfileFromFile(KeYUserProblemFile.java:236)
	at de.uka.ilkd.key.proof.init.KeYUserProblemFile.getProfile(KeYUserProblemFile.java:216)
	at de.uka.ilkd.key.proof.io.AbstractProblemLoader.createProblemInitializer(AbstractProblemLoader.java:508)
	at de.uka.ilkd.key.proof.io.AbstractProblemLoader.loadEnvironment(AbstractProblemLoader.java:288)
	at de.uka.ilkd.key.proof.io.AbstractProblemLoader.load(AbstractProblemLoader.java:253)
	at de.uka.ilkd.key.control.AbstractUserInterfaceControl.load(AbstractUserInterfaceControl.java:209)
	... 7 more
Could not initialize class de.uka.ilkd.key.nparser.KeYParser (file: /home/runner/work/key/key/key.core/../key.ui/examples/index/.././standard_key/inEqSimp/quadraticInEq.key; caused by: java.lang.NoClassDefFoundError: Could not initialize class de.uka.ilkd.key.nparser.KeYParser)
	at de.uka.ilkd.key.control.AbstractUserInterfaceControl.load(AbstractUserInterfaceControl.java:221)
	at de.uka.ilkd.key.control.KeYEnvironment.load(KeYEnvironment.java:251)
	at de.uka.ilkd.key.control.KeYEnvironment.load(KeYEnvironment.java:224)
	at de.uka.ilkd.key.control.KeYEnvironment.load(KeYEnvironment.java:184)
	at de.uka.ilkd.key.control.KeYEnvironment.load(KeYEnvironment.java:261)
	at de.uka.ilkd.key.proof.runallproofs.proofcollection.TestFile.load(TestFile.java:270)
	at de.uka.ilkd.key.proof.runallproofs.proofcollection.TestFile.runKey(TestFile.java:160)
	at de.uka.ilkd.key.proof.runallproofs.proofcollection.ForkedTestFileRunner.main(ForkedTestFileRunner.java:171)
Caused by: java.lang.NoClassDefFoundError: Could not initialize class de.uka.ilkd.key.nparser.KeYParser
	at de.uka.ilkd.key.nparser.ParsingFacade.createParser(ParsingFacade.java:87)
	at de.uka.ilkd.key.nparser.ParsingFacade.parseFile(ParsingFacade.java:123)
	at de.uka.ilkd.key.proof.io.KeYFile.getParseContext(KeYFile.java:160)
	at de.uka.ilkd.key.proof.io.KeYFile.getProblemInformation(KeYFile.java:236)
	at de.uka.ilkd.key.proof.init.KeYUserProblemFile.readProfileFromFile(KeYUserProblemFile.java:236)
	at de.uka.ilkd.key.proof.init.KeYUserProblemFile.getProfile(KeYUserProblemFile.java:216)
	at de.uka.ilkd.key.proof.io.AbstractProblemLoader.createProblemInitializer(AbstractProblemLoader.java:508)
	at de.uka.ilkd.key.proof.io.AbstractProblemLoader.loadEnvironment(AbstractProblemLoader.java:288)
	at de.uka.ilkd.key.proof.io.AbstractProblemLoader.load(AbstractProblemLoader.java:253)
	at de.uka.ilkd.key.control.AbstractUserInterfaceControl.load(AbstractUserInterfaceControl.java:209)
	... 7 more
Could not initialize class de.uka.ilkd.key.nparser.KeYParser (file: /home/runner/work/key/key/key.core/../key.ui/examples/index/.././standard_key/inEqSimp/quadraticInEq10.key; caused by: java.lang.NoClassDefFoundError: Could not initialize class de.uka.ilkd.key.nparser.KeYParser)
	at de.uka.ilkd.key.control.AbstractUserInterfaceControl.load(AbstractUserInterfaceControl.java:221)
	at de.uka.ilkd.key.control.KeYEnvironment.load(KeYEnvironment.java:251)
	at de.uka.ilkd.key.control.KeYEnvironment.load(KeYEnvironment.java:224)
	at de.uka.ilkd.key.control.KeYEnvironment.load(KeYEnvironment.java:184)
	at de.uka.ilkd.key.control.KeYEnvironment.load(KeYEnvironment.java:261)
	at de.uka.ilkd.key.proof.runallproofs.proofcollection.TestFile.load(TestFile.java:270)
	at de.uka.ilkd.key.proof.runallproofs.proofcollection.TestFile.runKey(TestFile.java:160)
	at de.uka.ilkd.key.proof.runallproofs.proofcollection.ForkedTestFileRunner.main(ForkedTestFileRunner.java:171)
Caused by: java.lang.NoClassDefFoundError: Could not initialize class de.uka.ilkd.key.nparser.KeYParser
	at de.uka.ilkd.key.nparser.ParsingFacade.createParser(ParsingFacade.java:87)
	at de.uka.ilkd.key.nparser.ParsingFacade.parseFile(ParsingFacade.java:123)
	at de.uka.ilkd.key.proof.io.KeYFile.getParseContext(KeYFile.java:160)
	at de.uka.ilkd.key.proof.io.KeYFile.getProblemInformation(KeYFile.java:236)
	at de.uka.ilkd.key.proof.init.KeYUserProblemFile.readProfileFromFile(KeYUserProblemFile.java:236)
	at de.uka.ilkd.key.proof.init.KeYUserProblemFile.getProfile(KeYUserProblemFile.java:216)
	at de.uka.ilkd.key.proof.io.AbstractProblemLoader.createProblemInitializer(AbstractProblemLoader.java:508)
	at de.uka.ilkd.key.proof.io.AbstractProblemLoader.loadEnvironment(AbstractProblemLoader.java:288)
	at de.uka.ilkd.key.proof.io.AbstractProblemLoader.load(AbstractProblemLoader.java:253)
	at de.uka.ilkd.key.control.AbstractUserInterfaceControl.load(AbstractUserInterfaceControl.java:209)
	... 7 more
Could not initialize class de.uka.ilkd.key.nparser.KeYParser (file: /home/runner/work/key/key/key.core/../key.ui/examples/index/.././standard_key/inEqSimp/quadraticInEq13.key; caused by: java.lang.NoClassDefFoundError: Could not initialize class de.uka.ilkd.key.nparser.KeYParser)
	at de.uka.ilkd.key.control.AbstractUserInterfaceControl.load(AbstractUserInterfaceControl.java:221)
	at de.uka.ilkd.key.control.KeYEnvironment.load(KeYEnvironment.java:251)
	at de.uka.ilkd.key.control.KeYEnvironment.load(KeYEnvironment.java:224)
	at de.uka.ilkd.key.control.KeYEnvironment.load(KeYEnvironment.java:184)
	at de.uka.ilkd.key.control.KeYEnvironment.load(KeYEnvironment.java:261)
	at de.uka.ilkd.key.proof.runallproofs.proofcollection.TestFile.load(TestFile.java:270)
	at de.uka.ilkd.key.proof.runallproofs.proofcollection.TestFile.runKey(TestFile.java:160)
	at de.uka.ilkd.key.proof.runallproofs.proofcollection.ForkedTestFileRunner.main(ForkedTestFileRunner.java:171)
Caused by: java.lang.NoClassDefFoundError: Could not initialize class de.uka.ilkd.key.nparser.KeYParser
	at de.uka.ilkd.key.nparser.ParsingFacade.createParser(ParsingFacade.java:87)
	at de.uka.ilkd.key.nparser.ParsingFacade.parseFile(ParsingFacade.java:123)
	at de.uka.ilkd.key.proof.io.KeYFile.getParseContext(KeYFile.java:160)
	at de.uka.ilkd.key.proof.io.KeYFile.getProblemInformation(KeYFile.java:236)
	at de.uka.ilkd.key.proof.init.KeYUserProblemFile.readProfileFromFile(KeYUserProblemFile.java:236)
	at de.uka.ilkd.key.proof.init.KeYUserProblemFile.getProfile(KeYUserProblemFile.java:216)
	at de.uka.ilkd.key.proof.io.AbstractProblemLoader.createProblemInitializer(AbstractProblemLoader.java:508)
	at de.uka.ilkd.key.proof.io.AbstractProblemLoader.loadEnvironment(AbstractProblemLoader.java:288)
	at de.uka.ilkd.key.proof.io.AbstractProblemLoader.load(AbstractProblemLoader.java:253)
	at de.uka.ilkd.key.control.AbstractUserInterfaceControl.load(AbstractUserInterfaceControl.java:209)
	... 7 more
Could not initialize class de.uka.ilkd.key.nparser.KeYParser (file: /home/runner/work/key/key/key.core/../key.ui/examples/index/.././standard_key/inEqSimp/quadraticInEq14.key; caused by: java.lang.NoClassDefFoundError: Could not initialize class de.uka.ilkd.key.nparser.KeYParser)
	at de.uka.ilkd.key.control.AbstractUserInterfaceControl.load(AbstractUserInterfaceControl.java:221)
	at de.uka.ilkd.key.control.KeYEnvironment.load(KeYEnvironment.java:251)
	at de.uka.ilkd.key.control.KeYEnvironment.load(KeYEnvironment.java:224)
	at de.uka.ilkd.key.control.KeYEnvironment.load(KeYEnvironment.java:184)
	at de.uka.ilkd.key.control.KeYEnvironment.load(KeYEnvironment.java:261)
	at de.uka.ilkd.key.proof.runallproofs.proofcollection.TestFile.load(TestFile.java:270)
	at de.uka.ilkd.key.proof.runallproofs.proofcollection.TestFile.runKey(TestFile.java:160)
	at de.uka.ilkd.key.proof.runallproofs.proofcollection.ForkedTestFileRunner.main(ForkedTestFileRunner.java:171)
Caused by: java.lang.NoClassDefFoundError: Could not initialize class de.uka.ilkd.key.nparser.KeYParser
	at de.uka.ilkd.key.nparser.ParsingFacade.createParser(ParsingFacade.java:87)
	at de.uka.ilkd.key.nparser.ParsingFacade.parseFile(ParsingFacade.java:123)
	at de.uka.ilkd.key.proof.io.KeYFile.getParseContext(KeYFile.java:160)
	at de.uka.ilkd.key.proof.io.KeYFile.getProblemInformation(KeYFile.java:236)
	at de.uka.ilkd.key.proof.init.KeYUserProblemFile.readProfileFromFile(KeYUserProblemFile.java:236)
	at de.uka.ilkd.key.proof.init.KeYUserProblemFile.getProfile(KeYUserProblemFile.java:216)
	at de.uka.ilkd.key.proof.io.AbstractProblemLoader.createProblemInitializer(AbstractProblemLoader.java:508)
	at de.uka.ilkd.key.proof.io.AbstractProblemLoader.loadEnvironment(AbstractProblemLoader.java:288)
	at de.uka.ilkd.key.proof.io.AbstractProblemLoader.load(AbstractProblemLoader.java:253)
	at de.uka.ilkd.key.control.AbstractUserInterfaceControl.load(AbstractUserInterfaceControl.java:209)
	... 7 more
Could not initialize class de.uka.ilkd.key.nparser.KeYParser (file: /home/runner/work/key/key/key.core/../key.ui/examples/index/.././standard_key/inEqSimp/quadraticInEq2.key; caused by: java.lang.NoClassDefFoundError: Could not initialize class de.uka.ilkd.key.nparser.KeYParser)
	at de.uka.ilkd.key.control.AbstractUserInterfaceControl.load(AbstractUserInterfaceControl.java:221)
	at de.uka.ilkd.key.control.KeYEnvironment.load(KeYEnvironment.java:251)
	at de.uka.ilkd.key.control.KeYEnvironment.load(KeYEnvironment.java:224)
	at de.uka.ilkd.key.control.KeYEnvironment.load(KeYEnvironment.java:184)
	at de.uka.ilkd.key.control.KeYEnvironment.load(KeYEnvironment.java:261)
	at de.uka.ilkd.key.proof.runallproofs.proofcollection.TestFile.load(TestFile.java:270)
	at de.uka.ilkd.key.proof.runallproofs.proofcollection.TestFile.runKey(TestFile.java:160)
	at de.uka.ilkd.key.proof.runallproofs.proofcollection.ForkedTestFileRunner.main(ForkedTestFileRunner.java:171)
Caused by: java.lang.NoClassDefFoundError: Could not initialize class de.uka.ilkd.key.nparser.KeYParser
	at de.uka.ilkd.key.nparser.ParsingFacade.createParser(ParsingFacade.java:87)
	at de.uka.ilkd.key.nparser.ParsingFacade.parseFile(ParsingFacade.java:123)
	at de.uka.ilkd.key.proof.io.KeYFile.getParseContext(KeYFile.java:160)
	at de.uka.ilkd.key.proof.io.KeYFile.getProblemInformation(KeYFile.java:236)
	at de.uka.ilkd.key.proof.init.KeYUserProblemFile.readProfileFromFile(KeYUserProblemFile.java:236)
	at de.uka.ilkd.key.proof.init.KeYUserProblemFile.getProfile(KeYUserProblemFile.java:216)
	at de.uka.ilkd.key.proof.io.AbstractProblemLoader.createProblemInitializer(AbstractProblemLoader.java:508)
	at de.uka.ilkd.key.proof.io.AbstractProblemLoader.loadEnvironment(AbstractProblemLoader.java:288)
	at de.uka.ilkd.key.proof.io.AbstractProblemLoader.load(AbstractProblemLoader.java:253)
	at de.uka.ilkd.key.control.AbstractUserInterfaceControl.load(AbstractUserInterfaceControl.java:209)
	... 7 more
Could not initialize class de.uka.ilkd.key.nparser.KeYParser (file: /home/runner/work/key/key/key.core/../key.ui/examples/index/.././standard_key/inEqSimp/quadraticInEq3.key; caused by: java.lang.NoClassDefFoundError: Could not initialize class de.uka.ilkd.key.nparser.KeYParser)
	at de.uka.ilkd.key.control.AbstractUserInterfaceControl.load(AbstractUserInterfaceControl.java:221)
	at de.uka.ilkd.key.control.KeYEnvironment.load(KeYEnvironment.java:251)
	at de.uka.ilkd.key.control.KeYEnvironment.load(KeYEnvironment.java:224)
	at de.uka.ilkd.key.control.KeYEnvironment.load(KeYEnvironment.java:184)
	at de.uka.ilkd.key.control.KeYEnvironment.load(KeYEnvironment.java:261)
	at de.uka.ilkd.key.proof.runallproofs.proofcollection.TestFile.load(TestFile.java:270)
	at de.uka.ilkd.key.proof.runallproofs.proofcollection.TestFile.runKey(TestFile.java:160)
	at de.uka.ilkd.key.proof.runallproofs.proofcollection.ForkedTestFileRunner.main(ForkedTestFileRunner.java:171)
Caused by: java.lang.NoClassDefFoundError: Could not initialize class de.uka.ilkd.key.nparser.KeYParser
	at de.uka.ilkd.key.nparser.ParsingFacade.createParser(ParsingFacade.java:87)
	at de.uka.ilkd.key.nparser.ParsingFacade.parseFile(ParsingFacade.java:123)
	at de.uka.ilkd.key.proof.io.KeYFile.getParseContext(KeYFile.java:160)
	at de.uka.ilkd.key.proof.io.KeYFile.getProblemInformation(KeYFile.java:236)
	at de.uka.ilkd.key.proof.init.KeYUserProblemFile.readProfileFromFile(KeYUserProblemFile.java:236)
	at de.uka.ilkd.key.proof.init.KeYUserProblemFile.getProfile(KeYUserProblemFile.java:216)
	at de.uka.ilkd.key.proof.io.AbstractProblemLoader.createProblemInitializer(AbstractProblemLoader.java:508)
	at de.uka.ilkd.key.proof.io.AbstractProblemLoader.loadEnvironment(AbstractProblemLoader.java:288)
	at de.uka.ilkd.key.proof.io.AbstractProblemLoader.load(AbstractProblemLoader.java:253)
	at de.uka.ilkd.key.control.AbstractUserInterfaceControl.load(AbstractUserInterfaceControl.java:209)
	... 7 more
Could not initialize class de.uka.ilkd.key.nparser.KeYParser (file: /home/runner/work/key/key/key.core/../key.ui/examples/index/.././standard_key/inEqSimp/quadraticInEq4.key; caused by: java.lang.NoClassDefFoundError: Could not initialize class de.uka.ilkd.key.nparser.KeYParser)
	at de.uka.ilkd.key.control.AbstractUserInterfaceControl.load(AbstractUserInterfaceControl.java:221)
	at de.uka.ilkd.key.control.KeYEnvironment.load(KeYEnvironment.java:251)
	at de.uka.ilkd.key.control.KeYEnvironment.load(KeYEnvironment.java:224)
	at de.uka.ilkd.key.control.KeYEnvironment.load(KeYEnvironment.java:184)
	at de.uka.ilkd.key.control.KeYEnvironment.load(KeYEnvironment.java:261)
	at de.uka.ilkd.key.proof.runallproofs.proofcollection.TestFile.load(TestFile.java:270)
	at de.uka.ilkd.key.proof.runallproofs.proofcollection.TestFile.runKey(TestFile.java:160)
	at de.uka.ilkd.key.proof.runallproofs.proofcollection.ForkedTestFileRunner.main(ForkedTestFileRunner.java:171)
Caused by: java.lang.NoClassDefFoundError: Could not initialize class de.uka.ilkd.key.nparser.KeYParser
	at de.uka.ilkd.key.nparser.ParsingFacade.createParser(ParsingFacade.java:87)
	at de.uka.ilkd.key.nparser.ParsingFacade.parseFile(ParsingFacade.java:123)
	at de.uka.ilkd.key.proof.io.KeYFile.getParseContext(KeYFile.java:160)
	at de.uka.ilkd.key.proof.io.KeYFile.getProblemInformation(KeYFile.java:236)
	at de.uka.ilkd.key.proof.init.KeYUserProblemFile.readProfileFromFile(KeYUserProblemFile.java:236)
	at de.uka.ilkd.key.proof.init.KeYUserProblemFile.getProfile(KeYUserProblemFile.java:216)
	at de.uka.ilkd.key.proof.io.AbstractProblemLoader.createProblemInitializer(AbstractProblemLoader.java:508)
	at de.uka.ilkd.key.proof.io.AbstractProblemLoader.loadEnvironment(AbstractProblemLoader.java:288)
	at de.uka.ilkd.key.proof.io.AbstractProblemLoader.load(AbstractProblemLoader.java:253)
	at de.uka.ilkd.key.control.AbstractUserInterfaceControl.load(AbstractUserInterfaceControl.java:209)
	... 7 more
Could not initialize class de.uka.ilkd.key.nparser.KeYParser (file: /home/runner/work/key/key/key.core/../key.ui/examples/index/.././standard_key/inEqSimp/quadraticInEq5.key; caused by: java.lang.NoClassDefFoundError: Could not initialize class de.uka.ilkd.key.nparser.KeYParser)
	at de.uka.ilkd.key.control.AbstractUserInterfaceControl.load(AbstractUserInterfaceControl.java:221)
	at de.uka.ilkd.key.control.KeYEnvironment.load(KeYEnvironment.java:251)
	at de.uka.ilkd.key.control.KeYEnvironment.load(KeYEnvironment.java:224)
	at de.uka.ilkd.key.control.KeYEnvironment.load(KeYEnvironment.java:184)
	at de.uka.ilkd.key.control.KeYEnvironment.load(KeYEnvironment.java:261)
	at de.uka.ilkd.key.proof.runallproofs.proofcollection.TestFile.load(TestFile.java:270)
	at de.uka.ilkd.key.proof.runallproofs.proofcollection.TestFile.runKey(TestFile.java:160)
	at de.uka.ilkd.key.proof.runallproofs.proofcollection.ForkedTestFileRunner.main(ForkedTestFileRunner.java:171)
Caused by: java.lang.NoClassDefFoundError: Could not initialize class de.uka.ilkd.key.nparser.KeYParser
	at de.uka.ilkd.key.nparser.ParsingFacade.createParser(ParsingFacade.java:87)
	at de.uka.ilkd.key.nparser.ParsingFacade.parseFile(ParsingFacade.java:123)
	at de.uka.ilkd.key.proof.io.KeYFile.getParseContext(KeYFile.java:160)
	at de.uka.ilkd.key.proof.io.KeYFile.getProblemInformation(KeYFile.java:236)
	at de.uka.ilkd.key.proof.init.KeYUserProblemFile.readProfileFromFile(KeYUserProblemFile.java:236)
	at de.uka.ilkd.key.proof.init.KeYUserProblemFile.getProfile(KeYUserProblemFile.java:216)
	at de.uka.ilkd.key.proof.io.AbstractProblemLoader.createProblemInitializer(AbstractProblemLoader.java:508)
	at de.uka.ilkd.key.proof.io.AbstractProblemLoader.loadEnvironment(AbstractProblemLoader.java:288)
	at de.uka.ilkd.key.proof.io.AbstractProblemLoader.load(AbstractProblemLoader.java:253)
	at de.uka.ilkd.key.control.AbstractUserInterfaceControl.load(AbstractUserInterfaceControl.java:209)
	... 7 more
Could not initialize class de.uka.ilkd.key.nparser.KeYParser (file: /home/runner/work/key/key/key.core/../key.ui/examples/index/.././standard_key/inEqSimp/quadraticInEq6.key; caused by: java.lang.NoClassDefFoundError: Could not initialize class de.uka.ilkd.key.nparser.KeYParser)
	at de.uka.ilkd.key.control.AbstractUserInterfaceControl.load(AbstractUserInterfaceControl.java:221)
	at de.uka.ilkd.key.control.KeYEnvironment.load(KeYEnvironment.java:251)
	at de.uka.ilkd.key.control.KeYEnvironment.load(KeYEnvironment.java:224)
	at de.uka.ilkd.key.control.KeYEnvironment.load(KeYEnvironment.java:184)
	at de.uka.ilkd.key.control.KeYEnvironment.load(KeYEnvironment.java:261)
	at de.uka.ilkd.key.proof.runallproofs.proofcollection.TestFile.load(TestFile.java:270)
	at de.uka.ilkd.key.proof.runallproofs.proofcollection.TestFile.runKey(TestFile.java:160)
	at de.uka.ilkd.key.proof.runallproofs.proofcollection.ForkedTestFileRunner.main(ForkedTestFileRunner.java:171)
Caused by: java.lang.NoClassDefFoundError: Could not initialize class de.uka.ilkd.key.nparser.KeYParser
	at de.uka.ilkd.key.nparser.ParsingFacade.createParser(ParsingFacade.java:87)
	at de.uka.ilkd.key.nparser.ParsingFacade.parseFile(ParsingFacade.java:123)
	at de.uka.ilkd.key.proof.io.KeYFile.getParseContext(KeYFile.java:160)
	at de.uka.ilkd.key.proof.io.KeYFile.getProblemInformation(KeYFile.java:236)
	at de.uka.ilkd.key.proof.init.KeYUserProblemFile.readProfileFromFile(KeYUserProblemFile.java:236)
	at de.uka.ilkd.key.proof.init.KeYUserProblemFile.getProfile(KeYUserProblemFile.java:216)
	at de.uka.ilkd.key.proof.io.AbstractProblemLoader.createProblemInitializer(AbstractProblemLoader.java:508)
	at de.uka.ilkd.key.proof.io.AbstractProblemLoader.loadEnvironment(AbstractProblemLoader.java:288)
	at de.uka.ilkd.key.proof.io.AbstractProblemLoader.load(AbstractProblemLoader.java:253)
	at de.uka.ilkd.key.control.AbstractUserInterfaceControl.load(AbstractUserInterfaceControl.java:209)
	... 7 more
Could not initialize class de.uka.ilkd.key.nparser.KeYParser (file: /home/runner/work/key/key/key.core/../key.ui/examples/index/.././standard_key/inEqSimp/quadraticInEq7.key; caused by: java.lang.NoClassDefFoundError: Could not initialize class de.uka.ilkd.key.nparser.KeYParser)
	at de.uka.ilkd.key.control.AbstractUserInterfaceControl.load(AbstractUserInterfaceControl.java:221)
	at de.uka.ilkd.key.control.KeYEnvironment.load(KeYEnvironment.java:251)
	at de.uka.ilkd.key.control.KeYEnvironment.load(KeYEnvironment.java:224)
	at de.uka.ilkd.key.control.KeYEnvironment.load(KeYEnvironment.java:184)
	at de.uka.ilkd.key.control.KeYEnvironment.load(KeYEnvironment.java:261)
	at de.uka.ilkd.key.proof.runallproofs.proofcollection.TestFile.load(TestFile.java:270)
	at de.uka.ilkd.key.proof.runallproofs.proofcollection.TestFile.runKey(TestFile.java:160)
	at de.uka.ilkd.key.proof.runallproofs.proofcollection.ForkedTestFileRunner.main(ForkedTestFileRunner.java:171)
Caused by: java.lang.NoClassDefFoundError: Could not initialize class de.uka.ilkd.key.nparser.KeYParser
	at de.uka.ilkd.key.nparser.ParsingFacade.createParser(ParsingFacade.java:87)
	at de.uka.ilkd.key.nparser.ParsingFacade.parseFile(ParsingFacade.java:123)
	at de.uka.ilkd.key.proof.io.KeYFile.getParseContext(KeYFile.java:160)
	at de.uka.ilkd.key.proof.io.KeYFile.getProblemInformation(KeYFile.java:236)
	at de.uka.ilkd.key.proof.init.KeYUserProblemFile.readProfileFromFile(KeYUserProblemFile.java:236)
	at de.uka.ilkd.key.proof.init.KeYUserProblemFile.getProfile(KeYUserProblemFile.java:216)
	at de.uka.ilkd.key.proof.io.AbstractProblemLoader.createProblemInitializer(AbstractProblemLoader.java:508)
	at de.uka.ilkd.key.proof.io.AbstractProblemLoader.loadEnvironment(AbstractProblemLoader.java:288)
	at de.uka.ilkd.key.proof.io.AbstractProblemLoader.load(AbstractProblemLoader.java:253)
	at de.uka.ilkd.key.control.AbstractUserInterfaceControl.load(AbstractUserInterfaceControl.java:209)
	... 7 more
Could not initialize class de.uka.ilkd.key.nparser.KeYParser (file: /home/runner/work/key/key/key.core/../key.ui/examples/index/.././standard_key/inEqSimp/quadraticInEq8.key; caused by: java.lang.NoClassDefFoundError: Could not initialize class de.uka.ilkd.key.nparser.KeYParser)
	at de.uka.ilkd.key.control.AbstractUserInterfaceControl.load(AbstractUserInterfaceControl.java:221)
	at de.uka.ilkd.key.control.KeYEnvironment.load(KeYEnvironment.java:251)
	at de.uka.ilkd.key.control.KeYEnvironment.load(KeYEnvironment.java:224)
	at de.uka.ilkd.key.control.KeYEnvironment.load(KeYEnvironment.java:184)
	at de.uka.ilkd.key.control.KeYEnvironment.load(KeYEnvironment.java:261)
	at de.uka.ilkd.key.proof.runallproofs.proofcollection.TestFile.load(TestFile.java:270)
	at de.uka.ilkd.key.proof.runallproofs.proofcollection.TestFile.runKey(TestFile.java:160)
	at de.uka.ilkd.key.proof.runallproofs.proofcollection.ForkedTestFileRunner.main(ForkedTestFileRunner.java:171)
Caused by: java.lang.NoClassDefFoundError: Could not initialize class de.uka.ilkd.key.nparser.KeYParser
	at de.uka.ilkd.key.nparser.ParsingFacade.createParser(ParsingFacade.java:87)
	at de.uka.ilkd.key.nparser.ParsingFacade.parseFile(ParsingFacade.java:123)
	at de.uka.ilkd.key.proof.io.KeYFile.getParseContext(KeYFile.java:160)
	at de.uka.ilkd.key.proof.io.KeYFile.getProblemInformation(KeYFile.java:236)
	at de.uka.ilkd.key.proof.init.KeYUserProblemFile.readProfileFromFile(KeYUserProblemFile.java:236)
	at de.uka.ilkd.key.proof.init.KeYUserProblemFile.getProfile(KeYUserProblemFile.java:216)
	at de.uka.ilkd.key.proof.io.AbstractProblemLoader.createProblemInitializer(AbstractProblemLoader.java:508)
	at de.uka.ilkd.key.proof.io.AbstractProblemLoader.loadEnvironment(AbstractProblemLoader.java:288)
	at de.uka.ilkd.key.proof.io.AbstractProblemLoader.load(AbstractProblemLoader.java:253)
	at de.uka.ilkd.key.control.AbstractUserInterfaceControl.load(AbstractUserInterfaceControl.java:209)
	... 7 more
Could not initialize class de.uka.ilkd.key.nparser.KeYParser (file: /home/runner/work/key/key/key.core/../key.ui/examples/index/.././standard_key/inEqSimp/simplify0.key; caused by: java.lang.NoClassDefFoundError: Could not initialize class de.uka.ilkd.key.nparser.KeYParser)
	at de.uka.ilkd.key.control.AbstractUserInterfaceControl.load(AbstractUserInterfaceControl.java:221)
	at de.uka.ilkd.key.control.KeYEnvironment.load(KeYEnvironment.java:251)
	at de.uka.ilkd.key.control.KeYEnvironment.load(KeYEnvironment.java:224)
	at de.uka.ilkd.key.control.KeYEnvironment.load(KeYEnvironment.java:184)
	at de.uka.ilkd.key.control.KeYEnvironment.load(KeYEnvironment.java:261)
	at de.uka.ilkd.key.proof.runallproofs.proofcollection.TestFile.load(TestFile.java:270)
	at de.uka.ilkd.key.proof.runallproofs.proofcollection.TestFile.runKey(TestFile.java:160)
	at de.uka.ilkd.key.proof.runallproofs.proofcollection.ForkedTestFileRunner.main(ForkedTestFileRunner.java:171)
Caused by: java.lang.NoClassDefFoundError: Could not initialize class de.uka.ilkd.key.nparser.KeYParser
	at de.uka.ilkd.key.nparser.ParsingFacade.createParser(ParsingFacade.java:87)
	at de.uka.ilkd.key.nparser.ParsingFacade.parseFile(ParsingFacade.java:123)
	at de.uka.ilkd.key.proof.io.KeYFile.getParseContext(KeYFile.java:160)
	at de.uka.ilkd.key.proof.io.KeYFile.getProblemInformation(KeYFile.java:236)
	at de.uka.ilkd.key.proof.init.KeYUserProblemFile.readProfileFromFile(KeYUserProblemFile.java:236)
	at de.uka.ilkd.key.proof.init.KeYUserProblemFile.getProfile(KeYUserProblemFile.java:216)
	at de.uka.ilkd.key.proof.io.AbstractProblemLoader.createProblemInitializer(AbstractProblemLoader.java:508)
	at de.uka.ilkd.key.proof.io.AbstractProblemLoader.loadEnvironment(AbstractProblemLoader.java:288)
	at de.uka.ilkd.key.proof.io.AbstractProblemLoader.load(AbstractProblemLoader.java:253)
	at de.uka.ilkd.key.control.AbstractUserInterfaceControl.load(AbstractUserInterfaceControl.java:209)
	... 7 more
Could not initialize class de.uka.ilkd.key.nparser.KeYParser (file: /home/runner/work/key/key/key.core/../key.ui/examples/index/.././standard_key/inEqSimp/simplify1.key; caused by: java.lang.NoClassDefFoundError: Could not initialize class de.uka.ilkd.key.nparser.KeYParser)
	at de.uka.ilkd.key.control.AbstractUserInterfaceControl.load(AbstractUserInterfaceControl.java:221)
	at de.uka.ilkd.key.control.KeYEnvironment.load(KeYEnvironment.java:251)
	at de.uka.ilkd.key.control.KeYEnvironment.load(KeYEnvironment.java:224)
	at de.uka.ilkd.key.control.KeYEnvironment.load(KeYEnvironment.java:184)
	at de.uka.ilkd.key.control.KeYEnvironment.load(KeYEnvironment.java:261)
	at de.uka.ilkd.key.proof.runallproofs.proofcollection.TestFile.load(TestFile.java:270)
	at de.uka.ilkd.key.proof.runallproofs.proofcollection.TestFile.runKey(TestFile.java:160)
	at de.uka.ilkd.key.proof.runallproofs.proofcollection.ForkedTestFileRunner.main(ForkedTestFileRunner.java:171)
Caused by: java.lang.NoClassDefFoundError: Could not initialize class de.uka.ilkd.key.nparser.KeYParser
	at de.uka.ilkd.key.nparser.ParsingFacade.createParser(ParsingFacade.java:87)
	at de.uka.ilkd.key.nparser.ParsingFacade.parseFile(ParsingFacade.java:123)
	at de.uka.ilkd.key.proof.io.KeYFile.getParseContext(KeYFile.java:160)
	at de.uka.ilkd.key.proof.io.KeYFile.getProblemInformation(KeYFile.java:236)
	at de.uka.ilkd.key.proof.init.KeYUserProblemFile.readProfileFromFile(KeYUserProblemFile.java:236)
	at de.uka.ilkd.key.proof.init.KeYUserProblemFile.getProfile(KeYUserProblemFile.java:216)
	at de.uka.ilkd.key.proof.io.AbstractProblemLoader.createProblemInitializer(AbstractProblemLoader.java:508)
	at de.uka.ilkd.key.proof.io.AbstractProblemLoader.loadEnvironment(AbstractProblemLoader.java:288)
	at de.uka.ilkd.key.proof.io.AbstractProblemLoader.load(AbstractProblemLoader.java:253)
	at de.uka.ilkd.key.control.AbstractUserInterfaceControl.load(AbstractUserInterfaceControl.java:209)
	... 7 more
Could not initialize class de.uka.ilkd.key.nparser.KeYParser (file: /home/runner/work/key/key/key.core/../key.ui/examples/index/.././standard_key/inEqSimp/simplify2.key; caused by: java.lang.NoClassDefFoundError: Could not initialize class de.uka.ilkd.key.nparser.KeYParser)
	at de.uka.ilkd.key.control.AbstractUserInterfaceControl.load(AbstractUserInterfaceControl.java:221)
	at de.uka.ilkd.key.control.KeYEnvironment.load(KeYEnvironment.java:251)
	at de.uka.ilkd.key.control.KeYEnvironment.load(KeYEnvironment.java:224)
	at de.uka.ilkd.key.control.KeYEnvironment.load(KeYEnvironment.java:184)
	at de.uka.ilkd.key.control.KeYEnvironment.load(KeYEnvironment.java:261)
	at de.uka.ilkd.key.proof.runallproofs.proofcollection.TestFile.load(TestFile.java:270)
	at de.uka.ilkd.key.proof.runallproofs.proofcollection.TestFile.runKey(TestFile.java:160)
	at de.uka.ilkd.key.proof.runallproofs.proofcollection.ForkedTestFileRunner.main(ForkedTestFileRunner.java:171)
Caused by: java.lang.NoClassDefFoundError: Could not initialize class de.uka.ilkd.key.nparser.KeYParser
	at de.uka.ilkd.key.nparser.ParsingFacade.createParser(ParsingFacade.java:87)
	at de.uka.ilkd.key.nparser.ParsingFacade.parseFile(ParsingFacade.java:123)
	at de.uka.ilkd.key.proof.io.KeYFile.getParseContext(KeYFile.java:160)
	at de.uka.ilkd.key.proof.io.KeYFile.getProblemInformation(KeYFile.java:236)
	at de.uka.ilkd.key.proof.init.KeYUserProblemFile.readProfileFromFile(KeYUserProblemFile.java:236)
	at de.uka.ilkd.key.proof.init.KeYUserProblemFile.getProfile(KeYUserProblemFile.java:216)
	at de.uka.ilkd.key.proof.io.AbstractProblemLoader.createProblemInitializer(AbstractProblemLoader.java:508)
	at de.uka.ilkd.key.proof.io.AbstractProblemLoader.loadEnvironment(AbstractProblemLoader.java:288)
	at de.uka.ilkd.key.proof.io.AbstractProblemLoader.load(AbstractProblemLoader.java:253)
	at de.uka.ilkd.key.control.AbstractUserInterfaceControl.load(AbstractUserInterfaceControl.java:209)
	... 7 more
Could not initialize class de.uka.ilkd.key.nparser.KeYParser (file: /home/runner/work/key/key/key.core/../key.ui/examples/index/.././standard_key/inEqSimp/simplify3.key; caused by: java.lang.NoClassDefFoundError: Could not initialize class de.uka.ilkd.key.nparser.KeYParser)
	at de.uka.ilkd.key.control.AbstractUserInterfaceControl.load(AbstractUserInterfaceControl.java:221)
	at de.uka.ilkd.key.control.KeYEnvironment.load(KeYEnvironment.java:251)
	at de.uka.ilkd.key.control.KeYEnvironment.load(KeYEnvironment.java:224)
	at de.uka.ilkd.key.control.KeYEnvironment.load(KeYEnvironment.java:184)
	at de.uka.ilkd.key.control.KeYEnvironment.load(KeYEnvironment.java:261)
	at de.uka.ilkd.key.proof.runallproofs.proofcollection.TestFile.load(TestFile.java:270)
	at de.uka.ilkd.key.proof.runallproofs.proofcollection.TestFile.runKey(TestFile.java:160)
	at de.uka.ilkd.key.proof.runallproofs.proofcollection.ForkedTestFileRunner.main(ForkedTestFileRunner.java:171)
Caused by: java.lang.NoClassDefFoundError: Could not initialize class de.uka.ilkd.key.nparser.KeYParser
	at de.uka.ilkd.key.nparser.ParsingFacade.createParser(ParsingFacade.java:87)
	at de.uka.ilkd.key.nparser.ParsingFacade.parseFile(ParsingFacade.java:123)
	at de.uka.ilkd.key.proof.io.KeYFile.getParseContext(KeYFile.java:160)
	at de.uka.ilkd.key.proof.io.KeYFile.getProblemInformation(KeYFile.java:236)
	at de.uka.ilkd.key.proof.init.KeYUserProblemFile.readProfileFromFile(KeYUserProblemFile.java:236)
	at de.uka.ilkd.key.proof.init.KeYUserProblemFile.getProfile(KeYUserProblemFile.java:216)
	at de.uka.ilkd.key.proof.io.AbstractProblemLoader.createProblemInitializer(AbstractProblemLoader.java:508)
	at de.uka.ilkd.key.proof.io.AbstractProblemLoader.loadEnvironment(AbstractProblemLoader.java:288)
	at de.uka.ilkd.key.proof.io.AbstractProblemLoader.load(AbstractProblemLoader.java:253)
	at de.uka.ilkd.key.control.AbstractUserInterfaceControl.load(AbstractUserInterfaceControl.java:209)
	... 7 more
Could not initialize class de.uka.ilkd.key.nparser.KeYParser (file: /home/runner/work/key/key/key.core/../key.ui/examples/index/.././standard_key/inEqSimp/simplify4.key; caused by: java.lang.NoClassDefFoundError: Could not initialize class de.uka.ilkd.key.nparser.KeYParser)
	at de.uka.ilkd.key.control.AbstractUserInterfaceControl.load(AbstractUserInterfaceControl.java:221)
	at de.uka.ilkd.key.control.KeYEnvironment.load(KeYEnvironment.java:251)
	at de.uka.ilkd.key.control.KeYEnvironment.load(KeYEnvironment.java:224)
	at de.uka.ilkd.key.control.KeYEnvironment.load(KeYEnvironment.java:184)
	at de.uka.ilkd.key.control.KeYEnvironment.load(KeYEnvironment.java:261)
	at de.uka.ilkd.key.proof.runallproofs.proofcollection.TestFile.load(TestFile.java:270)
	at de.uka.ilkd.key.proof.runallproofs.proofcollection.TestFile.runKey(TestFile.java:160)
	at de.uka.ilkd.key.proof.runallproofs.proofcollection.ForkedTestFileRunner.main(ForkedTestFileRunner.java:171)
Caused by: java.lang.NoClassDefFoundError: Could not initialize class de.uka.ilkd.key.nparser.KeYParser
	at de.uka.ilkd.key.nparser.ParsingFacade.createParser(ParsingFacade.java:87)
	at de.uka.ilkd.key.nparser.ParsingFacade.parseFile(ParsingFacade.java:123)
	at de.uka.ilkd.key.proof.io.KeYFile.getParseContext(KeYFile.java:160)
	at de.uka.ilkd.key.proof.io.KeYFile.getProblemInformation(KeYFile.java:236)
	at de.uka.ilkd.key.proof.init.KeYUserProblemFile.readProfileFromFile(KeYUserProblemFile.java:236)
	at de.uka.ilkd.key.proof.init.KeYUserProblemFile.getProfile(KeYUserProblemFile.java:216)
	at de.uka.ilkd.key.proof.io.AbstractProblemLoader.createProblemInitializer(AbstractProblemLoader.java:508)
	at de.uka.ilkd.key.proof.io.AbstractProblemLoader.loadEnvironment(AbstractProblemLoader.java:288)
	at de.uka.ilkd.key.proof.io.AbstractProblemLoader.load(AbstractProblemLoader.java:253)
	at de.uka.ilkd.key.control.AbstractUserInterfaceControl.load(AbstractUserInterfaceControl.java:209)
	... 7 more
Could not initialize class de.uka.ilkd.key.nparser.KeYParser (file: /home/runner/work/key/key/key.core/../key.ui/examples/index/.././standard_key/inEqSimp/simplify5.key; caused by: java.lang.NoClassDefFoundError: Could not initialize class de.uka.ilkd.key.nparser.KeYParser)
	at de.uka.ilkd.key.control.AbstractUserInterfaceControl.load(AbstractUserInterfaceControl.java:221)
	at de.uka.ilkd.key.control.KeYEnvironment.load(KeYEnvironment.java:251)
	at de.uka.ilkd.key.control.KeYEnvironment.load(KeYEnvironment.java:224)
	at de.uka.ilkd.key.control.KeYEnvironment.load(KeYEnvironment.java:184)
	at de.uka.ilkd.key.control.KeYEnvironment.load(KeYEnvironment.java:261)
	at de.uka.ilkd.key.proof.runallproofs.proofcollection.TestFile.load(TestFile.java:270)
	at de.uka.ilkd.key.proof.runallproofs.proofcollection.TestFile.runKey(TestFile.java:160)
	at de.uka.ilkd.key.proof.runallproofs.proofcollection.ForkedTestFileRunner.main(ForkedTestFileRunner.java:171)
Caused by: java.lang.NoClassDefFoundError: Could not initialize class de.uka.ilkd.key.nparser.KeYParser
	at de.uka.ilkd.key.nparser.ParsingFacade.createParser(ParsingFacade.java:87)
	at de.uka.ilkd.key.nparser.ParsingFacade.parseFile(ParsingFacade.java:123)
	at de.uka.ilkd.key.proof.io.KeYFile.getParseContext(KeYFile.java:160)
	at de.uka.ilkd.key.proof.io.KeYFile.getProblemInformation(KeYFile.java:236)
	at de.uka.ilkd.key.proof.init.KeYUserProblemFile.readProfileFromFile(KeYUserProblemFile.java:236)
	at de.uka.ilkd.key.proof.init.KeYUserProblemFile.getProfile(KeYUserProblemFile.java:216)
	at de.uka.ilkd.key.proof.io.AbstractProblemLoader.createProblemInitializer(AbstractProblemLoader.java:508)
	at de.uka.ilkd.key.proof.io.AbstractProblemLoader.loadEnvironment(AbstractProblemLoader.java:288)
	at de.uka.ilkd.key.proof.io.AbstractProblemLoader.load(AbstractProblemLoader.java:253)
	at de.uka.ilkd.key.control.AbstractUserInterfaceControl.load(AbstractUserInterfaceControl.java:209)
	... 7 more
Could not initialize class de.uka.ilkd.key.nparser.KeYParser (file: /home/runner/work/key/key/key.core/../key.ui/examples/index/.././standard_key/inEqSimp/subsumptionExample.key; caused by: java.lang.NoClassDefFoundError: Could not initialize class de.uka.ilkd.key.nparser.KeYParser)
	at de.uka.ilkd.key.control.AbstractUserInterfaceControl.load(AbstractUserInterfaceControl.java:221)
	at de.uka.ilkd.key.control.KeYEnvironment.load(KeYEnvironment.java:251)
	at de.uka.ilkd.key.control.KeYEnvironment.load(KeYEnvironment.java:224)
	at de.uka.ilkd.key.control.KeYEnvironment.load(KeYEnvironment.java:184)
	at de.uka.ilkd.key.control.KeYEnvironment.load(KeYEnvironment.java:261)
	at de.uka.ilkd.key.proof.runallproofs.proofcollection.TestFile.load(TestFile.java:270)
	at de.uka.ilkd.key.proof.runallproofs.proofcollection.TestFile.runKey(TestFile.java:160)
	at de.uka.ilkd.key.proof.runallproofs.proofcollection.ForkedTestFileRunner.main(ForkedTestFileRunner.java:171)
Caused by: java.lang.NoClassDefFoundError: Could not initialize class de.uka.ilkd.key.nparser.KeYParser
	at de.uka.ilkd.key.nparser.ParsingFacade.createParser(ParsingFacade.java:87)
	at de.uka.ilkd.key.nparser.ParsingFacade.parseFile(ParsingFacade.java:123)
	at de.uka.ilkd.key.proof.io.KeYFile.getParseContext(KeYFile.java:160)
	at de.uka.ilkd.key.proof.io.KeYFile.getProblemInformation(KeYFile.java:236)
	at de.uka.ilkd.key.proof.init.KeYUserProblemFile.readProfileFromFile(KeYUserProblemFile.java:236)
	at de.uka.ilkd.key.proof.init.KeYUserProblemFile.getProfile(KeYUserProblemFile.java:216)
	at de.uka.ilkd.key.proof.io.AbstractProblemLoader.createProblemInitializer(AbstractProblemLoader.java:508)
	at de.uka.ilkd.key.proof.io.AbstractProblemLoader.loadEnvironment(AbstractProblemLoader.java:288)
	at de.uka.ilkd.key.proof.io.AbstractProblemLoader.load(AbstractProblemLoader.java:253)
	at de.uka.ilkd.key.control.AbstractUserInterfaceControl.load(AbstractUserInterfaceControl.java:209)
	... 7 more
Could not initialize class de.uka.ilkd.key.nparser.KeYParser (file: /home/runner/work/key/key/key.core/../key.ui/examples/index/.././standard_key/polySimp/simplify0.key; caused by: java.lang.NoClassDefFoundError: Could not initialize class de.uka.ilkd.key.nparser.KeYParser)
	at de.uka.ilkd.key.control.AbstractUserInterfaceControl.load(AbstractUserInterfaceControl.java:221)
	at de.uka.ilkd.key.control.KeYEnvironment.load(KeYEnvironment.java:251)
	at de.uka.ilkd.key.control.KeYEnvironment.load(KeYEnvironment.java:224)
	at de.uka.ilkd.key.control.KeYEnvironment.load(KeYEnvironment.java:184)
	at de.uka.ilkd.key.control.KeYEnvironment.load(KeYEnvironment.java:261)
	at de.uka.ilkd.key.proof.runallproofs.proofcollection.TestFile.load(TestFile.java:270)
	at de.uka.ilkd.key.proof.runallproofs.proofcollection.TestFile.runKey(TestFile.java:160)
	at de.uka.ilkd.key.proof.runallproofs.proofcollection.ForkedTestFileRunner.main(ForkedTestFileRunner.java:171)
Caused by: java.lang.NoClassDefFoundError: Could not initialize class de.uka.ilkd.key.nparser.KeYParser
	at de.uka.ilkd.key.nparser.ParsingFacade.createParser(ParsingFacade.java:87)
	at de.uka.ilkd.key.nparser.ParsingFacade.parseFile(ParsingFacade.java:123)
	at de.uka.ilkd.key.proof.io.KeYFile.getParseContext(KeYFile.java:160)
	at de.uka.ilkd.key.proof.io.KeYFile.getProblemInformation(KeYFile.java:236)
	at de.uka.ilkd.key.proof.init.KeYUserProblemFile.readProfileFromFile(KeYUserProblemFile.java:236)
	at de.uka.ilkd.key.proof.init.KeYUserProblemFile.getProfile(KeYUserProblemFile.java:216)
	at de.uka.ilkd.key.proof.io.AbstractProblemLoader.createProblemInitializer(AbstractProblemLoader.java:508)
	at de.uka.ilkd.key.proof.io.AbstractProblemLoader.loadEnvironment(AbstractProblemLoader.java:288)
	at de.uka.ilkd.key.proof.io.AbstractProblemLoader.load(AbstractProblemLoader.java:253)
	at de.uka.ilkd.key.control.AbstractUserInterfaceControl.load(AbstractUserInterfaceControl.java:209)
	... 7 more
Could not initialize class de.uka.ilkd.key.nparser.KeYParser (file: /home/runner/work/key/key/key.core/../key.ui/examples/index/.././standard_key/polySimp/simplify1.key; caused by: java.lang.NoClassDefFoundError: Could not initialize class de.uka.ilkd.key.nparser.KeYParser)
	at de.uka.ilkd.key.control.AbstractUserInterfaceControl.load(AbstractUserInterfaceControl.java:221)
	at de.uka.ilkd.key.control.KeYEnvironment.load(KeYEnvironment.java:251)
	at de.uka.ilkd.key.control.KeYEnvironment.load(KeYEnvironment.java:224)
	at de.uka.ilkd.key.control.KeYEnvironment.load(KeYEnvironment.java:184)
	at de.uka.ilkd.key.control.KeYEnvironment.load(KeYEnvironment.java:261)
	at de.uka.ilkd.key.proof.runallproofs.proofcollection.TestFile.load(TestFile.java:270)
	at de.uka.ilkd.key.proof.runallproofs.proofcollection.TestFile.runKey(TestFile.java:160)
	at de.uka.ilkd.key.proof.runallproofs.proofcollection.ForkedTestFileRunner.main(ForkedTestFileRunner.java:171)
Caused by: java.lang.NoClassDefFoundError: Could not initialize class de.uka.ilkd.key.nparser.KeYParser
	at de.uka.ilkd.key.nparser.ParsingFacade.createParser(ParsingFacade.java:87)
	at de.uka.ilkd.key.nparser.ParsingFacade.parseFile(ParsingFacade.java:123)
	at de.uka.ilkd.key.proof.io.KeYFile.getParseContext(KeYFile.java:160)
	at de.uka.ilkd.key.proof.io.KeYFile.getProblemInformation(KeYFile.java:236)
	at de.uka.ilkd.key.proof.init.KeYUserProblemFile.readProfileFromFile(KeYUserProblemFile.java:236)
	at de.uka.ilkd.key.proof.init.KeYUserProblemFile.getProfile(KeYUserProblemFile.java:216)
	at de.uka.ilkd.key.proof.io.AbstractProblemLoader.createProblemInitializer(AbstractProblemLoader.java:508)
	at de.uka.ilkd.key.proof.io.AbstractProblemLoader.loadEnvironment(AbstractProblemLoader.java:288)
	at de.uka.ilkd.key.proof.io.AbstractProblemLoader.load(AbstractProblemLoader.java:253)
	at de.uka.ilkd.key.control.AbstractUserInterfaceControl.load(AbstractUserInterfaceControl.java:209)
	... 7 more
Could not initialize class de.uka.ilkd.key.nparser.KeYParser (file: /home/runner/work/key/key/key.core/../key.ui/examples/index/.././standard_key/polySimp/simplify10.key; caused by: java.lang.NoClassDefFoundError: Could not initialize class de.uka.ilkd.key.nparser.KeYParser)
	at de.uka.ilkd.key.control.AbstractUserInterfaceControl.load(AbstractUserInterfaceControl.java:221)
	at de.uka.ilkd.key.control.KeYEnvironment.load(KeYEnvironment.java:251)
	at de.uka.ilkd.key.control.KeYEnvironment.load(KeYEnvironment.java:224)
	at de.uka.ilkd.key.control.KeYEnvironment.load(KeYEnvironment.java:184)
	at de.uka.ilkd.key.control.KeYEnvironment.load(KeYEnvironment.java:261)
	at de.uka.ilkd.key.proof.runallproofs.proofcollection.TestFile.load(TestFile.java:270)
	at de.uka.ilkd.key.proof.runallproofs.proofcollection.TestFile.runKey(TestFile.java:160)
	at de.uka.ilkd.key.proof.runallproofs.proofcollection.ForkedTestFileRunner.main(ForkedTestFileRunner.java:171)
Caused by: java.lang.NoClassDefFoundError: Could not initialize class de.uka.ilkd.key.nparser.KeYParser
	at de.uka.ilkd.key.nparser.ParsingFacade.createParser(ParsingFacade.java:87)
	at de.uka.ilkd.key.nparser.ParsingFacade.parseFile(ParsingFacade.java:123)
	at de.uka.ilkd.key.proof.io.KeYFile.getParseContext(KeYFile.java:160)
	at de.uka.ilkd.key.proof.io.KeYFile.getProblemInformation(KeYFile.java:236)
	at de.uka.ilkd.key.proof.init.KeYUserProblemFile.readProfileFromFile(KeYUserProblemFile.java:236)
	at de.uka.ilkd.key.proof.init.KeYUserProblemFile.getProfile(KeYUserProblemFile.java:216)
	at de.uka.ilkd.key.proof.io.AbstractProblemLoader.createProblemInitializer(AbstractProblemLoader.java:508)
	at de.uka.ilkd.key.proof.io.AbstractProblemLoader.loadEnvironment(AbstractProblemLoader.java:288)
	at de.uka.ilkd.key.proof.io.AbstractProblemLoader.load(AbstractProblemLoader.java:253)
	at de.uka.ilkd.key.control.AbstractUserInterfaceControl.load(AbstractUserInterfaceControl.java:209)
	... 7 more
Could not initialize class de.uka.ilkd.key.nparser.KeYParser (file: /home/runner/work/key/key/key.core/../key.ui/examples/index/.././standard_key/polySimp/simplify11.key; caused by: java.lang.NoClassDefFoundError: Could not initialize class de.uka.ilkd.key.nparser.KeYParser)
	at de.uka.ilkd.key.control.AbstractUserInterfaceControl.load(AbstractUserInterfaceControl.java:221)
	at de.uka.ilkd.key.control.KeYEnvironment.load(KeYEnvironment.java:251)
	at de.uka.ilkd.key.control.KeYEnvironment.load(KeYEnvironment.java:224)
	at de.uka.ilkd.key.control.KeYEnvironment.load(KeYEnvironment.java:184)
	at de.uka.ilkd.key.control.KeYEnvironment.load(KeYEnvironment.java:261)
	at de.uka.ilkd.key.proof.runallproofs.proofcollection.TestFile.load(TestFile.java:270)
	at de.uka.ilkd.key.proof.runallproofs.proofcollection.TestFile.runKey(TestFile.java:160)
	at de.uka.ilkd.key.proof.runallproofs.proofcollection.ForkedTestFileRunner.main(ForkedTestFileRunner.java:171)
Caused by: java.lang.NoClassDefFoundError: Could not initialize class de.uka.ilkd.key.nparser.KeYParser
	at de.uka.ilkd.key.nparser.ParsingFacade.createParser(ParsingFacade.java:87)
	at de.uka.ilkd.key.nparser.ParsingFacade.parseFile(ParsingFacade.java:123)
	at de.uka.ilkd.key.proof.io.KeYFile.getParseContext(KeYFile.java:160)
	at de.uka.ilkd.key.proof.io.KeYFile.getProblemInformation(KeYFile.java:236)
	at de.uka.ilkd.key.proof.init.KeYUserProblemFile.readProfileFromFile(KeYUserProblemFile.java:236)
	at de.uka.ilkd.key.proof.init.KeYUserProblemFile.getProfile(KeYUserProblemFile.java:216)
	at de.uka.ilkd.key.proof.io.AbstractProblemLoader.createProblemInitializer(AbstractProblemLoader.java:508)
	at de.uka.ilkd.key.proof.io.AbstractProblemLoader.loadEnvironment(AbstractProblemLoader.java:288)
	at de.uka.ilkd.key.proof.io.AbstractProblemLoader.load(AbstractProblemLoader.java:253)
	at de.uka.ilkd.key.control.AbstractUserInterfaceControl.load(AbstractUserInterfaceControl.java:209)
	... 7 more
Could not initialize class de.uka.ilkd.key.nparser.KeYParser (file: /home/runner/work/key/key/key.core/../key.ui/examples/index/.././standard_key/polySimp/simplify12.key; caused by: java.lang.NoClassDefFoundError: Could not initialize class de.uka.ilkd.key.nparser.KeYParser)
	at de.uka.ilkd.key.control.AbstractUserInterfaceControl.load(AbstractUserInterfaceControl.java:221)
	at de.uka.ilkd.key.control.KeYEnvironment.load(KeYEnvironment.java:251)
	at de.uka.ilkd.key.control.KeYEnvironment.load(KeYEnvironment.java:224)
	at de.uka.ilkd.key.control.KeYEnvironment.load(KeYEnvironment.java:184)
	at de.uka.ilkd.key.control.KeYEnvironment.load(KeYEnvironment.java:261)
	at de.uka.ilkd.key.proof.runallproofs.proofcollection.TestFile.load(TestFile.java:270)
	at de.uka.ilkd.key.proof.runallproofs.proofcollection.TestFile.runKey(TestFile.java:160)
	at de.uka.ilkd.key.proof.runallproofs.proofcollection.ForkedTestFileRunner.main(ForkedTestFileRunner.java:171)
Caused by: java.lang.NoClassDefFoundError: Could not initialize class de.uka.ilkd.key.nparser.KeYParser
	at de.uka.ilkd.key.nparser.ParsingFacade.createParser(ParsingFacade.java:87)
	at de.uka.ilkd.key.nparser.ParsingFacade.parseFile(ParsingFacade.java:123)
	at de.uka.ilkd.key.proof.io.KeYFile.getParseContext(KeYFile.java:160)
	at de.uka.ilkd.key.proof.io.KeYFile.getProblemInformation(KeYFile.java:236)
	at de.uka.ilkd.key.proof.init.KeYUserProblemFile.readProfileFromFile(KeYUserProblemFile.java:236)
	at de.uka.ilkd.key.proof.init.KeYUserProblemFile.getProfile(KeYUserProblemFile.java:216)
	at de.uka.ilkd.key.proof.io.AbstractProblemLoader.createProblemInitializer(AbstractProblemLoader.java:508)
	at de.uka.ilkd.key.proof.io.AbstractProblemLoader.loadEnvironment(AbstractProblemLoader.java:288)
	at de.uka.ilkd.key.proof.io.AbstractProblemLoader.load(AbstractProblemLoader.java:253)
	at de.uka.ilkd.key.control.AbstractUserInterfaceControl.load(AbstractUserInterfaceControl.java:209)
	... 7 more
Could not initialize class de.uka.ilkd.key.nparser.KeYParser (file: /home/runner/work/key/key/key.core/../key.ui/examples/index/.././standard_key/polySimp/simplify13.key; caused by: java.lang.NoClassDefFoundError: Could not initialize class de.uka.ilkd.key.nparser.KeYParser)
	at de.uka.ilkd.key.control.AbstractUserInterfaceControl.load(AbstractUserInterfaceControl.java:221)
	at de.uka.ilkd.key.control.KeYEnvironment.load(KeYEnvironment.java:251)
	at de.uka.ilkd.key.control.KeYEnvironment.load(KeYEnvironment.java:224)
	at de.uka.ilkd.key.control.KeYEnvironment.load(KeYEnvironment.java:184)
	at de.uka.ilkd.key.control.KeYEnvironment.load(KeYEnvironment.java:261)
	at de.uka.ilkd.key.proof.runallproofs.proofcollection.TestFile.load(TestFile.java:270)
	at de.uka.ilkd.key.proof.runallproofs.proofcollection.TestFile.runKey(TestFile.java:160)
	at de.uka.ilkd.key.proof.runallproofs.proofcollection.ForkedTestFileRunner.main(ForkedTestFileRunner.java:171)
Caused by: java.lang.NoClassDefFoundError: Could not initialize class de.uka.ilkd.key.nparser.KeYParser
	at de.uka.ilkd.key.nparser.ParsingFacade.createParser(ParsingFacade.java:87)
	at de.uka.ilkd.key.nparser.ParsingFacade.parseFile(ParsingFacade.java:123)
	at de.uka.ilkd.key.proof.io.KeYFile.getParseContext(KeYFile.java:160)
	at de.uka.ilkd.key.proof.io.KeYFile.getProblemInformation(KeYFile.java:236)
	at de.uka.ilkd.key.proof.init.KeYUserProblemFile.readProfileFromFile(KeYUserProblemFile.java:236)
	at de.uka.ilkd.key.proof.init.KeYUserProblemFile.getProfile(KeYUserProblemFile.java:216)
	at de.uka.ilkd.key.proof.io.AbstractProblemLoader.createProblemInitializer(AbstractProblemLoader.java:508)
	at de.uka.ilkd.key.proof.io.AbstractProblemLoader.loadEnvironment(AbstractProblemLoader.java:288)
	at de.uka.ilkd.key.proof.io.AbstractProblemLoader.load(AbstractProblemLoader.java:253)
	at de.uka.ilkd.key.control.AbstractUserInterfaceControl.load(AbstractUserInterfaceControl.java:209)
	... 7 more
Could not initialize class de.uka.ilkd.key.nparser.KeYParser (file: /home/runner/work/key/key/key.core/../key.ui/examples/index/.././standard_key/polySimp/simplify14.key; caused by: java.lang.NoClassDefFoundError: Could not initialize class de.uka.ilkd.key.nparser.KeYParser)
	at de.uka.ilkd.key.control.AbstractUserInterfaceControl.load(AbstractUserInterfaceControl.java:221)
	at de.uka.ilkd.key.control.KeYEnvironment.load(KeYEnvironment.java:251)
	at de.uka.ilkd.key.control.KeYEnvironment.load(KeYEnvironment.java:224)
	at de.uka.ilkd.key.control.KeYEnvironment.load(KeYEnvironment.java:184)
	at de.uka.ilkd.key.control.KeYEnvironment.load(KeYEnvironment.java:261)
	at de.uka.ilkd.key.proof.runallproofs.proofcollection.TestFile.load(TestFile.java:270)
	at de.uka.ilkd.key.proof.runallproofs.proofcollection.TestFile.runKey(TestFile.java:160)
	at de.uka.ilkd.key.proof.runallproofs.proofcollection.ForkedTestFileRunner.main(ForkedTestFileRunner.java:171)
Caused by: java.lang.NoClassDefFoundError: Could not initialize class de.uka.ilkd.key.nparser.KeYParser
	at de.uka.ilkd.key.nparser.ParsingFacade.createParser(ParsingFacade.java:87)
	at de.uka.ilkd.key.nparser.ParsingFacade.parseFile(ParsingFacade.java:123)
	at de.uka.ilkd.key.proof.io.KeYFile.getParseContext(KeYFile.java:160)
	at de.uka.ilkd.key.proof.io.KeYFile.getProblemInformation(KeYFile.java:236)
	at de.uka.ilkd.key.proof.init.KeYUserProblemFile.readProfileFromFile(KeYUserProblemFile.java:236)
	at de.uka.ilkd.key.proof.init.KeYUserProblemFile.getProfile(KeYUserProblemFile.java:216)
	at de.uka.ilkd.key.proof.io.AbstractProblemLoader.createProblemInitializer(AbstractProblemLoader.java:508)
	at de.uka.ilkd.key.proof.io.AbstractProblemLoader.loadEnvironment(AbstractProblemLoader.java:288)
	at de.uka.ilkd.key.proof.io.AbstractProblemLoader.load(AbstractProblemLoader.java:253)
	at de.uka.ilkd.key.control.AbstractUserInterfaceControl.load(AbstractUserInterfaceControl.java:209)
	... 7 more
Could not initialize class de.uka.ilkd.key.nparser.KeYParser (file: /home/runner/work/key/key/key.core/../key.ui/examples/index/.././standard_key/polySimp/simplify15.key; caused by: java.lang.NoClassDefFoundError: Could not initialize class de.uka.ilkd.key.nparser.KeYParser)
	at de.uka.ilkd.key.control.AbstractUserInterfaceControl.load(AbstractUserInterfaceControl.java:221)
	at de.uka.ilkd.key.control.KeYEnvironment.load(KeYEnvironment.java:251)
	at de.uka.ilkd.key.control.KeYEnvironment.load(KeYEnvironment.java:224)
	at de.uka.ilkd.key.control.KeYEnvironment.load(KeYEnvironment.java:184)
	at de.uka.ilkd.key.control.KeYEnvironment.load(KeYEnvironment.java:261)
	at de.uka.ilkd.key.proof.runallproofs.proofcollection.TestFile.load(TestFile.java:270)
	at de.uka.ilkd.key.proof.runallproofs.proofcollection.TestFile.runKey(TestFile.java:160)
	at de.uka.ilkd.key.proof.runallproofs.proofcollection.ForkedTestFileRunner.main(ForkedTestFileRunner.java:171)
Caused by: java.lang.NoClassDefFoundError: Could not initialize class de.uka.ilkd.key.nparser.KeYParser
	at de.uka.ilkd.key.nparser.ParsingFacade.createParser(ParsingFacade.java:87)
	at de.uka.ilkd.key.nparser.ParsingFacade.parseFile(ParsingFacade.java:123)
	at de.uka.ilkd.key.proof.io.KeYFile.getParseContext(KeYFile.java:160)
	at de.uka.ilkd.key.proof.io.KeYFile.getProblemInformation(KeYFile.java:236)
	at de.uka.ilkd.key.proof.init.KeYUserProblemFile.readProfileFromFile(KeYUserProblemFile.java:236)
	at de.uka.ilkd.key.proof.init.KeYUserProblemFile.getProfile(KeYUserProblemFile.java:216)
	at de.uka.ilkd.key.proof.io.AbstractProblemLoader.createProblemInitializer(AbstractProblemLoader.java:508)
	at de.uka.ilkd.key.proof.io.AbstractProblemLoader.loadEnvironment(AbstractProblemLoader.java:288)
	at de.uka.ilkd.key.proof.io.AbstractProblemLoader.load(AbstractProblemLoader.java:253)
	at de.uka.ilkd.key.control.AbstractUserInterfaceControl.load(AbstractUserInterfaceControl.java:209)
	... 7 more
Could not initialize class de.uka.ilkd.key.nparser.KeYParser (file: /home/runner/work/key/key/key.core/../key.ui/examples/index/.././standard_key/polySimp/simplify16.key; caused by: java.lang.NoClassDefFoundError: Could not initialize class de.uka.ilkd.key.nparser.KeYParser)
	at de.uka.ilkd.key.control.AbstractUserInterfaceControl.load(AbstractUserInterfaceControl.java:221)
	at de.uka.ilkd.key.control.KeYEnvironment.load(KeYEnvironment.java:251)
	at de.uka.ilkd.key.control.KeYEnvironment.load(KeYEnvironment.java:224)
	at de.uka.ilkd.key.control.KeYEnvironment.load(KeYEnvironment.java:184)
	at de.uka.ilkd.key.control.KeYEnvironment.load(KeYEnvironment.java:261)
	at de.uka.ilkd.key.proof.runallproofs.proofcollection.TestFile.load(TestFile.java:270)
	at de.uka.ilkd.key.proof.runallproofs.proofcollection.TestFile.runKey(TestFile.java:160)
	at de.uka.ilkd.key.proof.runallproofs.proofcollection.ForkedTestFileRunner.main(ForkedTestFileRunner.java:171)
Caused by: java.lang.NoClassDefFoundError: Could not initialize class de.uka.ilkd.key.nparser.KeYParser
	at de.uka.ilkd.key.nparser.ParsingFacade.createParser(ParsingFacade.java:87)
	at de.uka.ilkd.key.nparser.ParsingFacade.parseFile(ParsingFacade.java:123)
	at de.uka.ilkd.key.proof.io.KeYFile.getParseContext(KeYFile.java:160)
	at de.uka.ilkd.key.proof.io.KeYFile.getProblemInformation(KeYFile.java:236)
	at de.uka.ilkd.key.proof.init.KeYUserProblemFile.readProfileFromFile(KeYUserProblemFile.java:236)
	at de.uka.ilkd.key.proof.init.KeYUserProblemFile.getProfile(KeYUserProblemFile.java:216)
	at de.uka.ilkd.key.proof.io.AbstractProblemLoader.createProblemInitializer(AbstractProblemLoader.java:508)
	at de.uka.ilkd.key.proof.io.AbstractProblemLoader.loadEnvironment(AbstractProblemLoader.java:288)
	at de.uka.ilkd.key.proof.io.AbstractProblemLoader.load(AbstractProblemLoader.java:253)
	at de.uka.ilkd.key.control.AbstractUserInterfaceControl.load(AbstractUserInterfaceControl.java:209)
	... 7 more
Could not initialize class de.uka.ilkd.key.nparser.KeYParser (file: /home/runner/work/key/key/key.core/../key.ui/examples/index/.././standard_key/polySimp/simplify17.key; caused by: java.lang.NoClassDefFoundError: Could not initialize class de.uka.ilkd.key.nparser.KeYParser)
	at de.uka.ilkd.key.control.AbstractUserInterfaceControl.load(AbstractUserInterfaceControl.java:221)
	at de.uka.ilkd.key.control.KeYEnvironment.load(KeYEnvironment.java:251)
	at de.uka.ilkd.key.control.KeYEnvironment.load(KeYEnvironment.java:224)
	at de.uka.ilkd.key.control.KeYEnvironment.load(KeYEnvironment.java:184)
	at de.uka.ilkd.key.control.KeYEnvironment.load(KeYEnvironment.java:261)
	at de.uka.ilkd.key.proof.runallproofs.proofcollection.TestFile.load(TestFile.java:270)
	at de.uka.ilkd.key.proof.runallproofs.proofcollection.TestFile.runKey(TestFile.java:160)
	at de.uka.ilkd.key.proof.runallproofs.proofcollection.ForkedTestFileRunner.main(ForkedTestFileRunner.java:171)
Caused by: java.lang.NoClassDefFoundError: Could not initialize class de.uka.ilkd.key.nparser.KeYParser
	at de.uka.ilkd.key.nparser.ParsingFacade.createParser(ParsingFacade.java:87)
	at de.uka.ilkd.key.nparser.ParsingFacade.parseFile(ParsingFacade.java:123)
	at de.uka.ilkd.key.proof.io.KeYFile.getParseContext(KeYFile.java:160)
	at de.uka.ilkd.key.proof.io.KeYFile.getProblemInformation(KeYFile.java:236)
	at de.uka.ilkd.key.proof.init.KeYUserProblemFile.readProfileFromFile(KeYUserProblemFile.java:236)
	at de.uka.ilkd.key.proof.init.KeYUserProblemFile.getProfile(KeYUserProblemFile.java:216)
	at de.uka.ilkd.key.proof.io.AbstractProblemLoader.createProblemInitializer(AbstractProblemLoader.java:508)
	at de.uka.ilkd.key.proof.io.AbstractProblemLoader.loadEnvironment(AbstractProblemLoader.java:288)
	at de.uka.ilkd.key.proof.io.AbstractProblemLoader.load(AbstractProblemLoader.java:253)
	at de.uka.ilkd.key.control.AbstractUserInterfaceControl.load(AbstractUserInterfaceControl.java:209)
	... 7 more
Could not initialize class de.uka.ilkd.key.nparser.KeYParser (file: /home/runner/work/key/key/key.core/../key.ui/examples/index/.././standard_key/polySimp/simplify18.key; caused by: java.lang.NoClassDefFoundError: Could not initialize class de.uka.ilkd.key.nparser.KeYParser)
	at de.uka.ilkd.key.control.AbstractUserInterfaceControl.load(AbstractUserInterfaceControl.java:221)
	at de.uka.ilkd.key.control.KeYEnvironment.load(KeYEnvironment.java:251)
	at de.uka.ilkd.key.control.KeYEnvironment.load(KeYEnvironment.java:224)
	at de.uka.ilkd.key.control.KeYEnvironment.load(KeYEnvironment.java:184)
	at de.uka.ilkd.key.control.KeYEnvironment.load(KeYEnvironment.java:261)
	at de.uka.ilkd.key.proof.runallproofs.proofcollection.TestFile.load(TestFile.java:270)
	at de.uka.ilkd.key.proof.runallproofs.proofcollection.TestFile.runKey(TestFile.java:160)
	at de.uka.ilkd.key.proof.runallproofs.proofcollection.ForkedTestFileRunner.main(ForkedTestFileRunner.java:171)
Caused by: java.lang.NoClassDefFoundError: Could not initialize class de.uka.ilkd.key.nparser.KeYParser
	at de.uka.ilkd.key.nparser.ParsingFacade.createParser(ParsingFacade.java:87)
	at de.uka.ilkd.key.nparser.ParsingFacade.parseFile(ParsingFacade.java:123)
	at de.uka.ilkd.key.proof.io.KeYFile.getParseContext(KeYFile.java:160)
	at de.uka.ilkd.key.proof.io.KeYFile.getProblemInformation(KeYFile.java:236)
	at de.uka.ilkd.key.proof.init.KeYUserProblemFile.readProfileFromFile(KeYUserProblemFile.java:236)
	at de.uka.ilkd.key.proof.init.KeYUserProblemFile.getProfile(KeYUserProblemFile.java:216)
	at de.uka.ilkd.key.proof.io.AbstractProblemLoader.createProblemInitializer(AbstractProblemLoader.java:508)
	at de.uka.ilkd.key.proof.io.AbstractProblemLoader.loadEnvironment(AbstractProblemLoader.java:288)
	at de.uka.ilkd.key.proof.io.AbstractProblemLoader.load(AbstractProblemLoader.java:253)
	at de.uka.ilkd.key.control.AbstractUserInterfaceControl.load(AbstractUserInterfaceControl.java:209)
	... 7 more
Could not initialize class de.uka.ilkd.key.nparser.KeYParser (file: /home/runner/work/key/key/key.core/../key.ui/examples/index/.././standard_key/polySimp/simplify19.key; caused by: java.lang.NoClassDefFoundError: Could not initialize class de.uka.ilkd.key.nparser.KeYParser)
	at de.uka.ilkd.key.control.AbstractUserInterfaceControl.load(AbstractUserInterfaceControl.java:221)
	at de.uka.ilkd.key.control.KeYEnvironment.load(KeYEnvironment.java:251)
	at de.uka.ilkd.key.control.KeYEnvironment.load(KeYEnvironment.java:224)
	at de.uka.ilkd.key.control.KeYEnvironment.load(KeYEnvironment.java:184)
	at de.uka.ilkd.key.control.KeYEnvironment.load(KeYEnvironment.java:261)
	at de.uka.ilkd.key.proof.runallproofs.proofcollection.TestFile.load(TestFile.java:270)
	at de.uka.ilkd.key.proof.runallproofs.proofcollection.TestFile.runKey(TestFile.java:160)
	at de.uka.ilkd.key.proof.runallproofs.proofcollection.ForkedTestFileRunner.main(ForkedTestFileRunner.java:171)
Caused by: java.lang.NoClassDefFoundError: Could not initialize class de.uka.ilkd.key.nparser.KeYParser
	at de.uka.ilkd.key.nparser.ParsingFacade.createParser(ParsingFacade.java:87)
	at de.uka.ilkd.key.nparser.ParsingFacade.parseFile(ParsingFacade.java:123)
	at de.uka.ilkd.key.proof.io.KeYFile.getParseContext(KeYFile.java:160)
	at de.uka.ilkd.key.proof.io.KeYFile.getProblemInformation(KeYFile.java:236)
	at de.uka.ilkd.key.proof.init.KeYUserProblemFile.readProfileFromFile(KeYUserProblemFile.java:236)
	at de.uka.ilkd.key.proof.init.KeYUserProblemFile.getProfile(KeYUserProblemFile.java:216)
	at de.uka.ilkd.key.proof.io.AbstractProblemLoader.createProblemInitializer(AbstractProblemLoader.java:508)
	at de.uka.ilkd.key.proof.io.AbstractProblemLoader.loadEnvironment(AbstractProblemLoader.java:288)
	at de.uka.ilkd.key.proof.io.AbstractProblemLoader.load(AbstractProblemLoader.java:253)
	at de.uka.ilkd.key.control.AbstractUserInterfaceControl.load(AbstractUserInterfaceControl.java:209)
	... 7 more
Could not initialize class de.uka.ilkd.key.nparser.KeYParser (file: /home/runner/work/key/key/key.core/../key.ui/examples/index/.././standard_key/polySimp/simplify2.key; caused by: java.lang.NoClassDefFoundError: Could not initialize class de.uka.ilkd.key.nparser.KeYParser)
	at de.uka.ilkd.key.control.AbstractUserInterfaceControl.load(AbstractUserInterfaceControl.java:221)
	at de.uka.ilkd.key.control.KeYEnvironment.load(KeYEnvironment.java:251)
	at de.uka.ilkd.key.control.KeYEnvironment.load(KeYEnvironment.java:224)
	at de.uka.ilkd.key.control.KeYEnvironment.load(KeYEnvironment.java:184)
	at de.uka.ilkd.key.control.KeYEnvironment.load(KeYEnvironment.java:261)
	at de.uka.ilkd.key.proof.runallproofs.proofcollection.TestFile.load(TestFile.java:270)
	at de.uka.ilkd.key.proof.runallproofs.proofcollection.TestFile.runKey(TestFile.java:160)
	at de.uka.ilkd.key.proof.runallproofs.proofcollection.ForkedTestFileRunner.main(ForkedTestFileRunner.java:171)
Caused by: java.lang.NoClassDefFoundError: Could not initialize class de.uka.ilkd.key.nparser.KeYParser
	at de.uka.ilkd.key.nparser.ParsingFacade.createParser(ParsingFacade.java:87)
	at de.uka.ilkd.key.nparser.ParsingFacade.parseFile(ParsingFacade.java:123)
	at de.uka.ilkd.key.proof.io.KeYFile.getParseContext(KeYFile.java:160)
	at de.uka.ilkd.key.proof.io.KeYFile.getProblemInformation(KeYFile.java:236)
	at de.uka.ilkd.key.proof.init.KeYUserProblemFile.readProfileFromFile(KeYUserProblemFile.java:236)
	at de.uka.ilkd.key.proof.init.KeYUserProblemFile.getProfile(KeYUserProblemFile.java:216)
	at de.uka.ilkd.key.proof.io.AbstractProblemLoader.createProblemInitializer(AbstractProblemLoader.java:508)
	at de.uka.ilkd.key.proof.io.AbstractProblemLoader.loadEnvironment(AbstractProblemLoader.java:288)
	at de.uka.ilkd.key.proof.io.AbstractProblemLoader.load(AbstractProblemLoader.java:253)
	at de.uka.ilkd.key.control.AbstractUserInterfaceControl.load(AbstractUserInterfaceControl.java:209)
	... 7 more
Could not initialize class de.uka.ilkd.key.nparser.KeYParser (file: /home/runner/work/key/key/key.core/../key.ui/examples/index/.././standard_key/polySimp/simplify20.key; caused by: java.lang.NoClassDefFoundError: Could not initialize class de.uka.ilkd.key.nparser.KeYParser)
	at de.uka.ilkd.key.control.AbstractUserInterfaceControl.load(AbstractUserInterfaceControl.java:221)
	at de.uka.ilkd.key.control.KeYEnvironment.load(KeYEnvironment.java:251)
	at de.uka.ilkd.key.control.KeYEnvironment.load(KeYEnvironment.java:224)
	at de.uka.ilkd.key.control.KeYEnvironment.load(KeYEnvironment.java:184)
	at de.uka.ilkd.key.control.KeYEnvironment.load(KeYEnvironment.java:261)
	at de.uka.ilkd.key.proof.runallproofs.proofcollection.TestFile.load(TestFile.java:270)
	at de.uka.ilkd.key.proof.runallproofs.proofcollection.TestFile.runKey(TestFile.java:160)
	at de.uka.ilkd.key.proof.runallproofs.proofcollection.ForkedTestFileRunner.main(ForkedTestFileRunner.java:171)
Caused by: java.lang.NoClassDefFoundError: Could not initialize class de.uka.ilkd.key.nparser.KeYParser
	at de.uka.ilkd.key.nparser.ParsingFacade.createParser(ParsingFacade.java:87)
	at de.uka.ilkd.key.nparser.ParsingFacade.parseFile(ParsingFacade.java:123)
	at de.uka.ilkd.key.proof.io.KeYFile.getParseContext(KeYFile.java:160)
	at de.uka.ilkd.key.proof.io.KeYFile.getProblemInformation(KeYFile.java:236)
	at de.uka.ilkd.key.proof.init.KeYUserProblemFile.readProfileFromFile(KeYUserProblemFile.java:236)
	at de.uka.ilkd.key.proof.init.KeYUserProblemFile.getProfile(KeYUserProblemFile.java:216)
	at de.uka.ilkd.key.proof.io.AbstractProblemLoader.createProblemInitializer(AbstractProblemLoader.java:508)
	at de.uka.ilkd.key.proof.io.AbstractProblemLoader.loadEnvironment(AbstractProblemLoader.java:288)
	at de.uka.ilkd.key.proof.io.AbstractProblemLoader.load(AbstractProblemLoader.java:253)
	at de.uka.ilkd.key.control.AbstractUserInterfaceControl.load(AbstractUserInterfaceControl.java:209)
	... 7 more
Could not initialize class de.uka.ilkd.key.nparser.KeYParser (file: /home/runner/work/key/key/key.core/../key.ui/examples/index/.././standard_key/polySimp/simplify21.key; caused by: java.lang.NoClassDefFoundError: Could not initialize class de.uka.ilkd.key.nparser.KeYParser)
	at de.uka.ilkd.key.control.AbstractUserInterfaceControl.load(AbstractUserInterfaceControl.java:221)
	at de.uka.ilkd.key.control.KeYEnvironment.load(KeYEnvironment.java:251)
	at de.uka.ilkd.key.control.KeYEnvironment.load(KeYEnvironment.java:224)
	at de.uka.ilkd.key.control.KeYEnvironment.load(KeYEnvironment.java:184)
	at de.uka.ilkd.key.control.KeYEnvironment.load(KeYEnvironment.java:261)
	at de.uka.ilkd.key.proof.runallproofs.proofcollection.TestFile.load(TestFile.java:270)
	at de.uka.ilkd.key.proof.runallproofs.proofcollection.TestFile.runKey(TestFile.java:160)
	at de.uka.ilkd.key.proof.runallproofs.proofcollection.ForkedTestFileRunner.main(ForkedTestFileRunner.java:171)
Caused by: java.lang.NoClassDefFoundError: Could not initialize class de.uka.ilkd.key.nparser.KeYParser
	at de.uka.ilkd.key.nparser.ParsingFacade.createParser(ParsingFacade.java:87)
	at de.uka.ilkd.key.nparser.ParsingFacade.parseFile(ParsingFacade.java:123)
	at de.uka.ilkd.key.proof.io.KeYFile.getParseContext(KeYFile.java:160)
	at de.uka.ilkd.key.proof.io.KeYFile.getProblemInformation(KeYFile.java:236)
	at de.uka.ilkd.key.proof.init.KeYUserProblemFile.readProfileFromFile(KeYUserProblemFile.java:236)
	at de.uka.ilkd.key.proof.init.KeYUserProblemFile.getProfile(KeYUserProblemFile.java:216)
	at de.uka.ilkd.key.proof.io.AbstractProblemLoader.createProblemInitializer(AbstractProblemLoader.java:508)
	at de.uka.ilkd.key.proof.io.AbstractProblemLoader.loadEnvironment(AbstractProblemLoader.java:288)
	at de.uka.ilkd.key.proof.io.AbstractProblemLoader.load(AbstractProblemLoader.java:253)
	at de.uka.ilkd.key.control.AbstractUserInterfaceControl.load(AbstractUserInterfaceControl.java:209)
	... 7 more
Could not initialize class de.uka.ilkd.key.nparser.KeYParser (file: /home/runner/work/key/key/key.core/../key.ui/examples/index/.././standard_key/polySimp/simplify22.key; caused by: java.lang.NoClassDefFoundError: Could not initialize class de.uka.ilkd.key.nparser.KeYParser)
	at de.uka.ilkd.key.control.AbstractUserInterfaceControl.load(AbstractUserInterfaceControl.java:221)
	at de.uka.ilkd.key.control.KeYEnvironment.load(KeYEnvironment.java:251)
	at de.uka.ilkd.key.control.KeYEnvironment.load(KeYEnvironment.java:224)
	at de.uka.ilkd.key.control.KeYEnvironment.load(KeYEnvironment.java:184)
	at de.uka.ilkd.key.control.KeYEnvironment.load(KeYEnvironment.java:261)
	at de.uka.ilkd.key.proof.runallproofs.proofcollection.TestFile.load(TestFile.java:270)
	at de.uka.ilkd.key.proof.runallproofs.proofcollection.TestFile.runKey(TestFile.java:160)
	at de.uka.ilkd.key.proof.runallproofs.proofcollection.ForkedTestFileRunner.main(ForkedTestFileRunner.java:171)
Caused by: java.lang.NoClassDefFoundError: Could not initialize class de.uka.ilkd.key.nparser.KeYParser
	at de.uka.ilkd.key.nparser.ParsingFacade.createParser(ParsingFacade.java:87)
	at de.uka.ilkd.key.nparser.ParsingFacade.parseFile(ParsingFacade.java:123)
	at de.uka.ilkd.key.proof.io.KeYFile.getParseContext(KeYFile.java:160)
	at de.uka.ilkd.key.proof.io.KeYFile.getProblemInformation(KeYFile.java:236)
	at de.uka.ilkd.key.proof.init.KeYUserProblemFile.readProfileFromFile(KeYUserProblemFile.java:236)
	at de.uka.ilkd.key.proof.init.KeYUserProblemFile.getProfile(KeYUserProblemFile.java:216)
	at de.uka.ilkd.key.proof.io.AbstractProblemLoader.createProblemInitializer(AbstractProblemLoader.java:508)
	at de.uka.ilkd.key.proof.io.AbstractProblemLoader.loadEnvironment(AbstractProblemLoader.java:288)
	at de.uka.ilkd.key.proof.io.AbstractProblemLoader.load(AbstractProblemLoader.java:253)
	at de.uka.ilkd.key.control.AbstractUserInterfaceControl.load(AbstractUserInterfaceControl.java:209)
	... 7 more
Could not initialize class de.uka.ilkd.key.nparser.KeYParser (file: /home/runner/work/key/key/key.core/../key.ui/examples/index/.././standard_key/polySimp/simplify23.key; caused by: java.lang.NoClassDefFoundError: Could not initialize class de.uka.ilkd.key.nparser.KeYParser)
	at de.uka.ilkd.key.control.AbstractUserInterfaceControl.load(AbstractUserInterfaceControl.java:221)
	at de.uka.ilkd.key.control.KeYEnvironment.load(KeYEnvironment.java:251)
	at de.uka.ilkd.key.control.KeYEnvironment.load(KeYEnvironment.java:224)
	at de.uka.ilkd.key.control.KeYEnvironment.load(KeYEnvironment.java:184)
	at de.uka.ilkd.key.control.KeYEnvironment.load(KeYEnvironment.java:261)
	at de.uka.ilkd.key.proof.runallproofs.proofcollection.TestFile.load(TestFile.java:270)
	at de.uka.ilkd.key.proof.runallproofs.proofcollection.TestFile.runKey(TestFile.java:160)
	at de.uka.ilkd.key.proof.runallproofs.proofcollection.ForkedTestFileRunner.main(ForkedTestFileRunner.java:171)
Caused by: java.lang.NoClassDefFoundError: Could not initialize class de.uka.ilkd.key.nparser.KeYParser
	at de.uka.ilkd.key.nparser.ParsingFacade.createParser(ParsingFacade.java:87)
	at de.uka.ilkd.key.nparser.ParsingFacade.parseFile(ParsingFacade.java:123)
	at de.uka.ilkd.key.proof.io.KeYFile.getParseContext(KeYFile.java:160)
	at de.uka.ilkd.key.proof.io.KeYFile.getProblemInformation(KeYFile.java:236)
	at de.uka.ilkd.key.proof.init.KeYUserProblemFile.readProfileFromFile(KeYUserProblemFile.java:236)
	at de.uka.ilkd.key.proof.init.KeYUserProblemFile.getProfile(KeYUserProblemFile.java:216)
	at de.uka.ilkd.key.proof.io.AbstractProblemLoader.createProblemInitializer(AbstractProblemLoader.java:508)
	at de.uka.ilkd.key.proof.io.AbstractProblemLoader.loadEnvironment(AbstractProblemLoader.java:288)
	at de.uka.ilkd.key.proof.io.AbstractProblemLoader.load(AbstractProblemLoader.java:253)
	at de.uka.ilkd.key.control.AbstractUserInterfaceControl.load(AbstractUserInterfaceControl.java:209)
	... 7 more
Could not initialize class de.uka.ilkd.key.nparser.KeYParser (file: /home/runner/work/key/key/key.core/../key.ui/examples/index/.././standard_key/polySimp/simplify24.key; caused by: java.lang.NoClassDefFoundError: Could not initialize class de.uka.ilkd.key.nparser.KeYParser)
	at de.uka.ilkd.key.control.AbstractUserInterfaceControl.load(AbstractUserInterfaceControl.java:221)
	at de.uka.ilkd.key.control.KeYEnvironment.load(KeYEnvironment.java:251)
	at de.uka.ilkd.key.control.KeYEnvironment.load(KeYEnvironment.java:224)
	at de.uka.ilkd.key.control.KeYEnvironment.load(KeYEnvironment.java:184)
	at de.uka.ilkd.key.control.KeYEnvironment.load(KeYEnvironment.java:261)
	at de.uka.ilkd.key.proof.runallproofs.proofcollection.TestFile.load(TestFile.java:270)
	at de.uka.ilkd.key.proof.runallproofs.proofcollection.TestFile.runKey(TestFile.java:160)
	at de.uka.ilkd.key.proof.runallproofs.proofcollection.ForkedTestFileRunner.main(ForkedTestFileRunner.java:171)
Caused by: java.lang.NoClassDefFoundError: Could not initialize class de.uka.ilkd.key.nparser.KeYParser
	at de.uka.ilkd.key.nparser.ParsingFacade.createParser(ParsingFacade.java:87)
	at de.uka.ilkd.key.nparser.ParsingFacade.parseFile(ParsingFacade.java:123)
	at de.uka.ilkd.key.proof.io.KeYFile.getParseContext(KeYFile.java:160)
	at de.uka.ilkd.key.proof.io.KeYFile.getProblemInformation(KeYFile.java:236)
	at de.uka.ilkd.key.proof.init.KeYUserProblemFile.readProfileFromFile(KeYUserProblemFile.java:236)
	at de.uka.ilkd.key.proof.init.KeYUserProblemFile.getProfile(KeYUserProblemFile.java:216)
	at de.uka.ilkd.key.proof.io.AbstractProblemLoader.createProblemInitializer(AbstractProblemLoader.java:508)
	at de.uka.ilkd.key.proof.io.AbstractProblemLoader.loadEnvironment(AbstractProblemLoader.java:288)
	at de.uka.ilkd.key.proof.io.AbstractProblemLoader.load(AbstractProblemLoader.java:253)
	at de.uka.ilkd.key.control.AbstractUserInterfaceControl.load(AbstractUserInterfaceControl.java:209)
	... 7 more
Could not initialize class de.uka.ilkd.key.nparser.KeYParser (file: /home/runner/work/key/key/key.core/../key.ui/examples/index/.././standard_key/polySimp/simplify25.key; caused by: java.lang.NoClassDefFoundError: Could not initialize class de.uka.ilkd.key.nparser.KeYParser)
	at de.uka.ilkd.key.control.AbstractUserInterfaceControl.load(AbstractUserInterfaceControl.java:221)
	at de.uka.ilkd.key.control.KeYEnvironment.load(KeYEnvironment.java:251)
	at de.uka.ilkd.key.control.KeYEnvironment.load(KeYEnvironment.java:224)
	at de.uka.ilkd.key.control.KeYEnvironment.load(KeYEnvironment.java:184)
	at de.uka.ilkd.key.control.KeYEnvironment.load(KeYEnvironment.java:261)
	at de.uka.ilkd.key.proof.runallproofs.proofcollection.TestFile.load(TestFile.java:270)
	at de.uka.ilkd.key.proof.runallproofs.proofcollection.TestFile.runKey(TestFile.java:160)
	at de.uka.ilkd.key.proof.runallproofs.proofcollection.ForkedTestFileRunner.main(ForkedTestFileRunner.java:171)
Caused by: java.lang.NoClassDefFoundError: Could not initialize class de.uka.ilkd.key.nparser.KeYParser
	at de.uka.ilkd.key.nparser.ParsingFacade.createParser(ParsingFacade.java:87)
	at de.uka.ilkd.key.nparser.ParsingFacade.parseFile(ParsingFacade.java:123)
	at de.uka.ilkd.key.proof.io.KeYFile.getParseContext(KeYFile.java:160)
	at de.uka.ilkd.key.proof.io.KeYFile.getProblemInformation(KeYFile.java:236)
	at de.uka.ilkd.key.proof.init.KeYUserProblemFile.readProfileFromFile(KeYUserProblemFile.java:236)
	at de.uka.ilkd.key.proof.init.KeYUserProblemFile.getProfile(KeYUserProblemFile.java:216)
	at de.uka.ilkd.key.proof.io.AbstractProblemLoader.createProblemInitializer(AbstractProblemLoader.java:508)
	at de.uka.ilkd.key.proof.io.AbstractProblemLoader.loadEnvironment(AbstractProblemLoader.java:288)
	at de.uka.ilkd.key.proof.io.AbstractProblemLoader.load(AbstractProblemLoader.java:253)
	at de.uka.ilkd.key.control.AbstractUserInterfaceControl.load(AbstractUserInterfaceControl.java:209)
	... 7 more
Could not initialize class de.uka.ilkd.key.nparser.KeYParser (file: /home/runner/work/key/key/key.core/../key.ui/examples/index/.././standard_key/polySimp/simplify3.key; caused by: java.lang.NoClassDefFoundError: Could not initialize class de.uka.ilkd.key.nparser.KeYParser)
	at de.uka.ilkd.key.control.AbstractUserInterfaceControl.load(AbstractUserInterfaceControl.java:221)
	at de.uka.ilkd.key.control.KeYEnvironment.load(KeYEnvironment.java:251)
	at de.uka.ilkd.key.control.KeYEnvironment.load(KeYEnvironment.java:224)
	at de.uka.ilkd.key.control.KeYEnvironment.load(KeYEnvironment.java:184)
	at de.uka.ilkd.key.control.KeYEnvironment.load(KeYEnvironment.java:261)
	at de.uka.ilkd.key.proof.runallproofs.proofcollection.TestFile.load(TestFile.java:270)
	at de.uka.ilkd.key.proof.runallproofs.proofcollection.TestFile.runKey(TestFile.java:160)
	at de.uka.ilkd.key.proof.runallproofs.proofcollection.ForkedTestFileRunner.main(ForkedTestFileRunner.java:171)
Caused by: java.lang.NoClassDefFoundError: Could not initialize class de.uka.ilkd.key.nparser.KeYParser
	at de.uka.ilkd.key.nparser.ParsingFacade.createParser(ParsingFacade.java:87)
	at de.uka.ilkd.key.nparser.ParsingFacade.parseFile(ParsingFacade.java:123)
	at de.uka.ilkd.key.proof.io.KeYFile.getParseContext(KeYFile.java:160)
	at de.uka.ilkd.key.proof.io.KeYFile.getProblemInformation(KeYFile.java:236)
	at de.uka.ilkd.key.proof.init.KeYUserProblemFile.readProfileFromFile(KeYUserProblemFile.java:236)
	at de.uka.ilkd.key.proof.init.KeYUserProblemFile.getProfile(KeYUserProblemFile.java:216)
	at de.uka.ilkd.key.proof.io.AbstractProblemLoader.createProblemInitializer(AbstractProblemLoader.java:508)
	at de.uka.ilkd.key.proof.io.AbstractProblemLoader.loadEnvironment(AbstractProblemLoader.java:288)
	at de.uka.ilkd.key.proof.io.AbstractProblemLoader.load(AbstractProblemLoader.java:253)
	at de.uka.ilkd.key.control.AbstractUserInterfaceControl.load(AbstractUserInterfaceControl.java:209)
	... 7 more
Could not initialize class de.uka.ilkd.key.nparser.KeYParser (file: /home/runner/work/key/key/key.core/../key.ui/examples/index/.././standard_key/polySimp/simplify4.key; caused by: java.lang.NoClassDefFoundError: Could not initialize class de.uka.ilkd.key.nparser.KeYParser)
	at de.uka.ilkd.key.control.AbstractUserInterfaceControl.load(AbstractUserInterfaceControl.java:221)
	at de.uka.ilkd.key.control.KeYEnvironment.load(KeYEnvironment.java:251)
	at de.uka.ilkd.key.control.KeYEnvironment.load(KeYEnvironment.java:224)
	at de.uka.ilkd.key.control.KeYEnvironment.load(KeYEnvironment.java:184)
	at de.uka.ilkd.key.control.KeYEnvironment.load(KeYEnvironment.java:261)
	at de.uka.ilkd.key.proof.runallproofs.proofcollection.TestFile.load(TestFile.java:270)
	at de.uka.ilkd.key.proof.runallproofs.proofcollection.TestFile.runKey(TestFile.java:160)
	at de.uka.ilkd.key.proof.runallproofs.proofcollection.ForkedTestFileRunner.main(ForkedTestFileRunner.java:171)
Caused by: java.lang.NoClassDefFoundError: Could not initialize class de.uka.ilkd.key.nparser.KeYParser
	at de.uka.ilkd.key.nparser.ParsingFacade.createParser(ParsingFacade.java:87)
	at de.uka.ilkd.key.nparser.ParsingFacade.parseFile(ParsingFacade.java:123)
	at de.uka.ilkd.key.proof.io.KeYFile.getParseContext(KeYFile.java:160)
	at de.uka.ilkd.key.proof.io.KeYFile.getProblemInformation(KeYFile.java:236)
	at de.uka.ilkd.key.proof.init.KeYUserProblemFile.readProfileFromFile(KeYUserProblemFile.java:236)
	at de.uka.ilkd.key.proof.init.KeYUserProblemFile.getProfile(KeYUserProblemFile.java:216)
	at de.uka.ilkd.key.proof.io.AbstractProblemLoader.createProblemInitializer(AbstractProblemLoader.java:508)
	at de.uka.ilkd.key.proof.io.AbstractProblemLoader.loadEnvironment(AbstractProblemLoader.java:288)
	at de.uka.ilkd.key.proof.io.AbstractProblemLoader.load(AbstractProblemLoader.java:253)
	at de.uka.ilkd.key.control.AbstractUserInterfaceControl.load(AbstractUserInterfaceControl.java:209)
	... 7 more
Could not initialize class de.uka.ilkd.key.nparser.KeYParser (file: /home/runner/work/key/key/key.core/../key.ui/examples/index/.././standard_key/polySimp/simplify5.key; caused by: java.lang.NoClassDefFoundError: Could not initialize class de.uka.ilkd.key.nparser.KeYParser)
	at de.uka.ilkd.key.control.AbstractUserInterfaceControl.load(AbstractUserInterfaceControl.java:221)
	at de.uka.ilkd.key.control.KeYEnvironment.load(KeYEnvironment.java:251)
	at de.uka.ilkd.key.control.KeYEnvironment.load(KeYEnvironment.java:224)
	at de.uka.ilkd.key.control.KeYEnvironment.load(KeYEnvironment.java:184)
	at de.uka.ilkd.key.control.KeYEnvironment.load(KeYEnvironment.java:261)
	at de.uka.ilkd.key.proof.runallproofs.proofcollection.TestFile.load(TestFile.java:270)
	at de.uka.ilkd.key.proof.runallproofs.proofcollection.TestFile.runKey(TestFile.java:160)
	at de.uka.ilkd.key.proof.runallproofs.proofcollection.ForkedTestFileRunner.main(ForkedTestFileRunner.java:171)
Caused by: java.lang.NoClassDefFoundError: Could not initialize class de.uka.ilkd.key.nparser.KeYParser
	at de.uka.ilkd.key.nparser.ParsingFacade.createParser(ParsingFacade.java:87)
	at de.uka.ilkd.key.nparser.ParsingFacade.parseFile(ParsingFacade.java:123)
	at de.uka.ilkd.key.proof.io.KeYFile.getParseContext(KeYFile.java:160)
	at de.uka.ilkd.key.proof.io.KeYFile.getProblemInformation(KeYFile.java:236)
	at de.uka.ilkd.key.proof.init.KeYUserProblemFile.readProfileFromFile(KeYUserProblemFile.java:236)
	at de.uka.ilkd.key.proof.init.KeYUserProblemFile.getProfile(KeYUserProblemFile.java:216)
	at de.uka.ilkd.key.proof.io.AbstractProblemLoader.createProblemInitializer(AbstractProblemLoader.java:508)
	at de.uka.ilkd.key.proof.io.AbstractProblemLoader.loadEnvironment(AbstractProblemLoader.java:288)
	at de.uka.ilkd.key.proof.io.AbstractProblemLoader.load(AbstractProblemLoader.java:253)
	at de.uka.ilkd.key.control.AbstractUserInterfaceControl.load(AbstractUserInterfaceControl.java:209)
	... 7 more
Could not initialize class de.uka.ilkd.key.nparser.KeYParser (file: /home/runner/work/key/key/key.core/../key.ui/examples/index/.././standard_key/polySimp/simplify6.key; caused by: java.lang.NoClassDefFoundError: Could not initialize class de.uka.ilkd.key.nparser.KeYParser)
	at de.uka.ilkd.key.control.AbstractUserInterfaceControl.load(AbstractUserInterfaceControl.java:221)
	at de.uka.ilkd.key.control.KeYEnvironment.load(KeYEnvironment.java:251)
	at de.uka.ilkd.key.control.KeYEnvironment.load(KeYEnvironment.java:224)
	at de.uka.ilkd.key.control.KeYEnvironment.load(KeYEnvironment.java:184)
	at de.uka.ilkd.key.control.KeYEnvironment.load(KeYEnvironment.java:261)
	at de.uka.ilkd.key.proof.runallproofs.proofcollection.TestFile.load(TestFile.java:270)
	at de.uka.ilkd.key.proof.runallproofs.proofcollection.TestFile.runKey(TestFile.java:160)
	at de.uka.ilkd.key.proof.runallproofs.proofcollection.ForkedTestFileRunner.main(ForkedTestFileRunner.java:171)
Caused by: java.lang.NoClassDefFoundError: Could not initialize class de.uka.ilkd.key.nparser.KeYParser
	at de.uka.ilkd.key.nparser.ParsingFacade.createParser(ParsingFacade.java:87)
	at de.uka.ilkd.key.nparser.ParsingFacade.parseFile(ParsingFacade.java:123)
	at de.uka.ilkd.key.proof.io.KeYFile.getParseContext(KeYFile.java:160)
	at de.uka.ilkd.key.proof.io.KeYFile.getProblemInformation(KeYFile.java:236)
	at de.uka.ilkd.key.proof.init.KeYUserProblemFile.readProfileFromFile(KeYUserProblemFile.java:236)
	at de.uka.ilkd.key.proof.init.KeYUserProblemFile.getProfile(KeYUserProblemFile.java:216)
	at de.uka.ilkd.key.proof.io.AbstractProblemLoader.createProblemInitializer(AbstractProblemLoader.java:508)
	at de.uka.ilkd.key.proof.io.AbstractProblemLoader.loadEnvironment(AbstractProblemLoader.java:288)
	at de.uka.ilkd.key.proof.io.AbstractProblemLoader.load(AbstractProblemLoader.java:253)
	at de.uka.ilkd.key.control.AbstractUserInterfaceControl.load(AbstractUserInterfaceControl.java:209)
	... 7 more
Could not initialize class de.uka.ilkd.key.nparser.KeYParser (file: /home/runner/work/key/key/key.core/../key.ui/examples/index/.././standard_key/polySimp/simplify7.key; caused by: java.lang.NoClassDefFoundError: Could not initialize class de.uka.ilkd.key.nparser.KeYParser)
	at de.uka.ilkd.key.control.AbstractUserInterfaceControl.load(AbstractUserInterfaceControl.java:221)
	at de.uka.ilkd.key.control.KeYEnvironment.load(KeYEnvironment.java:251)
	at de.uka.ilkd.key.control.KeYEnvironment.load(KeYEnvironment.java:224)
	at de.uka.ilkd.key.control.KeYEnvironment.load(KeYEnvironment.java:184)
	at de.uka.ilkd.key.control.KeYEnvironment.load(KeYEnvironment.java:261)
	at de.uka.ilkd.key.proof.runallproofs.proofcollection.TestFile.load(TestFile.java:270)
	at de.uka.ilkd.key.proof.runallproofs.proofcollection.TestFile.runKey(TestFile.java:160)
	at de.uka.ilkd.key.proof.runallproofs.proofcollection.ForkedTestFileRunner.main(ForkedTestFileRunner.java:171)
Caused by: java.lang.NoClassDefFoundError: Could not initialize class de.uka.ilkd.key.nparser.KeYParser
	at de.uka.ilkd.key.nparser.ParsingFacade.createParser(ParsingFacade.java:87)
	at de.uka.ilkd.key.nparser.ParsingFacade.parseFile(ParsingFacade.java:123)
	at de.uka.ilkd.key.proof.io.KeYFile.getParseContext(KeYFile.java:160)
	at de.uka.ilkd.key.proof.io.KeYFile.getProblemInformation(KeYFile.java:236)
	at de.uka.ilkd.key.proof.init.KeYUserProblemFile.readProfileFromFile(KeYUserProblemFile.java:236)
	at de.uka.ilkd.key.proof.init.KeYUserProblemFile.getProfile(KeYUserProblemFile.java:216)
	at de.uka.ilkd.key.proof.io.AbstractProblemLoader.createProblemInitializer(AbstractProblemLoader.java:508)
	at de.uka.ilkd.key.proof.io.AbstractProblemLoader.loadEnvironment(AbstractProblemLoader.java:288)
	at de.uka.ilkd.key.proof.io.AbstractProblemLoader.load(AbstractProblemLoader.java:253)
	at de.uka.ilkd.key.control.AbstractUserInterfaceControl.load(AbstractUserInterfaceControl.java:209)
	... 7 more
Could not initialize class de.uka.ilkd.key.nparser.KeYParser (file: /home/runner/work/key/key/key.core/../key.ui/examples/index/.././standard_key/polySimp/simplify8.key; caused by: java.lang.NoClassDefFoundError: Could not initialize class de.uka.ilkd.key.nparser.KeYParser)
	at de.uka.ilkd.key.control.AbstractUserInterfaceControl.load(AbstractUserInterfaceControl.java:221)
	at de.uka.ilkd.key.control.KeYEnvironment.load(KeYEnvironment.java:251)
	at de.uka.ilkd.key.control.KeYEnvironment.load(KeYEnvironment.java:224)
	at de.uka.ilkd.key.control.KeYEnvironment.load(KeYEnvironment.java:184)
	at de.uka.ilkd.key.control.KeYEnvironment.load(KeYEnvironment.java:261)
	at de.uka.ilkd.key.proof.runallproofs.proofcollection.TestFile.load(TestFile.java:270)
	at de.uka.ilkd.key.proof.runallproofs.proofcollection.TestFile.runKey(TestFile.java:160)
	at de.uka.ilkd.key.proof.runallproofs.proofcollection.ForkedTestFileRunner.main(ForkedTestFileRunner.java:171)
Caused by: java.lang.NoClassDefFoundError: Could not initialize class de.uka.ilkd.key.nparser.KeYParser
	at de.uka.ilkd.key.nparser.ParsingFacade.createParser(ParsingFacade.java:87)
	at de.uka.ilkd.key.nparser.ParsingFacade.parseFile(ParsingFacade.java:123)
	at de.uka.ilkd.key.proof.io.KeYFile.getParseContext(KeYFile.java:160)
	at de.uka.ilkd.key.proof.io.KeYFile.getProblemInformation(KeYFile.java:236)
	at de.uka.ilkd.key.proof.init.KeYUserProblemFile.readProfileFromFile(KeYUserProblemFile.java:236)
	at de.uka.ilkd.key.proof.init.KeYUserProblemFile.getProfile(KeYUserProblemFile.java:216)
	at de.uka.ilkd.key.proof.io.AbstractProblemLoader.createProblemInitializer(AbstractProblemLoader.java:508)
	at de.uka.ilkd.key.proof.io.AbstractProblemLoader.loadEnvironment(AbstractProblemLoader.java:288)
	at de.uka.ilkd.key.proof.io.AbstractProblemLoader.load(AbstractProblemLoader.java:253)
	at de.uka.ilkd.key.control.AbstractUserInterfaceControl.load(AbstractUserInterfaceControl.java:209)
	... 7 more
Could not initialize class de.uka.ilkd.key.nparser.KeYParser (file: /home/runner/work/key/key/key.core/../key.ui/examples/index/.././standard_key/polySimp/simplify9.key; caused by: java.lang.NoClassDefFoundError: Could not initialize class de.uka.ilkd.key.nparser.KeYParser)
	at de.uka.ilkd.key.control.AbstractUserInterfaceControl.load(AbstractUserInterfaceControl.java:221)
	at de.uka.ilkd.key.control.KeYEnvironment.load(KeYEnvironment.java:251)
	at de.uka.ilkd.key.control.KeYEnvironment.load(KeYEnvironment.java:224)
	at de.uka.ilkd.key.control.KeYEnvironment.load(KeYEnvironment.java:184)
	at de.uka.ilkd.key.control.KeYEnvironment.load(KeYEnvironment.java:261)
	at de.uka.ilkd.key.proof.runallproofs.proofcollection.TestFile.load(TestFile.java:270)
	at de.uka.ilkd.key.proof.runallproofs.proofcollection.TestFile.runKey(TestFile.java:160)
	at de.uka.ilkd.key.proof.runallproofs.proofcollection.ForkedTestFileRunner.main(ForkedTestFileRunner.java:171)
Caused by: java.lang.NoClassDefFoundError: Could not initialize class de.uka.ilkd.key.nparser.KeYParser
	at de.uka.ilkd.key.nparser.ParsingFacade.createParser(ParsingFacade.java:87)
	at de.uka.ilkd.key.nparser.ParsingFacade.parseFile(ParsingFacade.java:123)
	at de.uka.ilkd.key.proof.io.KeYFile.getParseContext(KeYFile.java:160)
	at de.uka.ilkd.key.proof.io.KeYFile.getProblemInformation(KeYFile.java:236)
	at de.uka.ilkd.key.proof.init.KeYUserProblemFile.readProfileFromFile(KeYUserProblemFile.java:236)
	at de.uka.ilkd.key.proof.init.KeYUserProblemFile.getProfile(KeYUserProblemFile.java:216)
	at de.uka.ilkd.key.proof.io.AbstractProblemLoader.createProblemInitializer(AbstractProblemLoader.java:508)
	at de.uka.ilkd.key.proof.io.AbstractProblemLoader.loadEnvironment(AbstractProblemLoader.java:288)
	at de.uka.ilkd.key.proof.io.AbstractProblemLoader.load(AbstractProblemLoader.java:253)
	at de.uka.ilkd.key.control.AbstractUserInterfaceControl.load(AbstractUserInterfaceControl.java:209)
	... 7 more
Exception in thread "main" org.opentest4j.AssertionFailedError: Exception during the execution of proofs. See log for more details.
	at org.junit.jupiter.api.AssertionUtils.fail(AssertionUtils.java:38)
	at org.junit.jupiter.api.Assertions.fail(Assertions.java:135)
	at de.uka.ilkd.key.proof.runallproofs.proofcollection.ForkedTestFileRunner.main(ForkedTestFileRunner.java:192)
Timeout watcher launched (2000 secs.)
ANTLR Tool version 4.9.3 used for code generation does not match the current runtime version 4.12.0
 (file: /home/runner/work/key/key/key.core/../key.ui/examples/index/.././standard_key/arrays/arrayStoreException/array2DimPrim.key; caused by: java.lang.ExceptionInInitializerError)
	at de.uka.ilkd.key.control.AbstractUserInterfaceControl.load(AbstractUserInterfaceControl.java:221)
	at de.uka.ilkd.key.control.KeYEnvironment.load(KeYEnvironment.java:251)
	at de.uka.ilkd.key.control.KeYEnvironment.load(KeYEnvironment.java:224)
	at de.uka.ilkd.key.control.KeYEnvironment.load(KeYEnvironment.java:184)
	at de.uka.ilkd.key.control.KeYEnvironment.load(KeYEnvironment.java:261)
	at de.uka.ilkd.key.proof.runallproofs.proofcollection.TestFile.load(TestFile.java:270)
	at de.uka.ilkd.key.proof.runallproofs.proofcollection.TestFile.runKey(TestFile.java:160)
	at de.uka.ilkd.key.proof.runallproofs.proofcollection.ForkedTestFileRunner.main(ForkedTestFileRunner.java:171)
Caused by: java.lang.ExceptionInInitializerError
	at de.uka.ilkd.key.nparser.ParsingFacade.createParser(ParsingFacade.java:87)
	at de.uka.ilkd.key.nparser.ParsingFacade.parseFile(ParsingFacade.java:123)
	at de.uka.ilkd.key.proof.io.KeYFile.getParseContext(KeYFile.java:160)
	at de.uka.ilkd.key.proof.io.KeYFile.getProblemInformation(KeYFile.java:236)
	at de.uka.ilkd.key.proof.init.KeYUserProblemFile.readProfileFromFile(KeYUserProblemFile.java:236)
	at de.uka.ilkd.key.proof.init.KeYUserProblemFile.getProfile(KeYUserProblemFile.java:216)
	at de.uka.ilkd.key.proof.io.AbstractProblemLoader.createProblemInitializer(AbstractProblemLoader.java:508)
	at de.uka.ilkd.key.proof.io.AbstractProblemLoader.loadEnvironment(AbstractProblemLoader.java:288)
	at de.uka.ilkd.key.proof.io.AbstractProblemLoader.load(AbstractProblemLoader.java:253)
	at de.uka.ilkd.key.control.AbstractUserInterfaceControl.load(AbstractUserInterfaceControl.java:209)
	... 7 more
Caused by: java.lang.UnsupportedOperationException: java.io.InvalidClassException: org.antlr.v4.runtime.atn.ATN; Could not deserialize ATN with version 3 (expected 4).
	at org.antlr.v4.runtime.atn.ATNDeserializer.deserialize(ATNDeserializer.java:56)
	at org.antlr.v4.runtime.atn.ATNDeserializer.deserialize(ATNDeserializer.java:48)
	at de.uka.ilkd.key.nparser.KeYParser.<clinit>(KeYParser.java:11834)
	... 17 more
Caused by: java.io.InvalidClassException: org.antlr.v4.runtime.atn.ATN; Could not deserialize ATN with version 3 (expected 4).
	... 20 more
Could not initialize class de.uka.ilkd.key.nparser.KeYParser (file: /home/runner/work/key/key/key.core/../key.ui/examples/index/.././standard_key/arrays/arrayStoreException/arrayStoreKnownDynType.key; caused by: java.lang.NoClassDefFoundError: Could not initialize class de.uka.ilkd.key.nparser.KeYParser)
	at de.uka.ilkd.key.control.AbstractUserInterfaceControl.load(AbstractUserInterfaceControl.java:221)
	at de.uka.ilkd.key.control.KeYEnvironment.load(KeYEnvironment.java:251)
	at de.uka.ilkd.key.control.KeYEnvironment.load(KeYEnvironment.java:224)
	at de.uka.ilkd.key.control.KeYEnvironment.load(KeYEnvironment.java:184)
	at de.uka.ilkd.key.control.KeYEnvironment.load(KeYEnvironment.java:261)
	at de.uka.ilkd.key.proof.runallproofs.proofcollection.TestFile.load(TestFile.java:270)
	at de.uka.ilkd.key.proof.runallproofs.proofcollection.TestFile.runKey(TestFile.java:160)
	at de.uka.ilkd.key.proof.runallproofs.proofcollection.ForkedTestFileRunner.main(ForkedTestFileRunner.java:171)
Caused by: java.lang.NoClassDefFoundError: Could not initialize class de.uka.ilkd.key.nparser.KeYParser
	at de.uka.ilkd.key.nparser.ParsingFacade.createParser(ParsingFacade.java:87)
	at de.uka.ilkd.key.nparser.ParsingFacade.parseFile(ParsingFacade.java:123)
	at de.uka.ilkd.key.proof.io.KeYFile.getParseContext(KeYFile.java:160)
	at de.uka.ilkd.key.proof.io.KeYFile.getProblemInformation(KeYFile.java:236)
	at de.uka.ilkd.key.proof.init.KeYUserProblemFile.readProfileFromFile(KeYUserProblemFile.java:236)
	at de.uka.ilkd.key.proof.init.KeYUserProblemFile.getProfile(KeYUserProblemFile.java:216)
	at de.uka.ilkd.key.proof.io.AbstractProblemLoader.createProblemInitializer(AbstractProblemLoader.java:508)
	at de.uka.ilkd.key.proof.io.AbstractProblemLoader.loadEnvironment(AbstractProblemLoader.java:288)
	at de.uka.ilkd.key.proof.io.AbstractProblemLoader.load(AbstractProblemLoader.java:253)
	at de.uka.ilkd.key.control.AbstractUserInterfaceControl.load(AbstractUserInterfaceControl.java:209)
	... 7 more
Could not initialize class de.uka.ilkd.key.nparser.KeYParser (file: /home/runner/work/key/key/key.core/../key.ui/examples/index/.././standard_key/arrays/arrayStoreException/reverseArray.key; caused by: java.lang.NoClassDefFoundError: Could not initialize class de.uka.ilkd.key.nparser.KeYParser)
	at de.uka.ilkd.key.control.AbstractUserInterfaceControl.load(AbstractUserInterfaceControl.java:221)
	at de.uka.ilkd.key.control.KeYEnvironment.load(KeYEnvironment.java:251)
	at de.uka.ilkd.key.control.KeYEnvironment.load(KeYEnvironment.java:224)
	at de.uka.ilkd.key.control.KeYEnvironment.load(KeYEnvironment.java:184)
	at de.uka.ilkd.key.control.KeYEnvironment.load(KeYEnvironment.java:261)
	at de.uka.ilkd.key.proof.runallproofs.proofcollection.TestFile.load(TestFile.java:270)
	at de.uka.ilkd.key.proof.runallproofs.proofcollection.TestFile.runKey(TestFile.java:160)
	at de.uka.ilkd.key.proof.runallproofs.proofcollection.ForkedTestFileRunner.main(ForkedTestFileRunner.java:171)
Caused by: java.lang.NoClassDefFoundError: Could not initialize class de.uka.ilkd.key.nparser.KeYParser
	at de.uka.ilkd.key.nparser.ParsingFacade.createParser(ParsingFacade.java:87)
	at de.uka.ilkd.key.nparser.ParsingFacade.parseFile(ParsingFacade.java:123)
	at de.uka.ilkd.key.proof.io.KeYFile.getParseContext(KeYFile.java:160)
	at de.uka.ilkd.key.proof.io.KeYFile.getProblemInformation(KeYFile.java:236)
	at de.uka.ilkd.key.proof.init.KeYUserProblemFile.readProfileFromFile(KeYUserProblemFile.java:236)
	at de.uka.ilkd.key.proof.init.KeYUserProblemFile.getProfile(KeYUserProblemFile.java:216)
	at de.uka.ilkd.key.proof.io.AbstractProblemLoader.createProblemInitializer(AbstractProblemLoader.java:508)
	at de.uka.ilkd.key.proof.io.AbstractProblemLoader.loadEnvironment(AbstractProblemLoader.java:288)
	at de.uka.ilkd.key.proof.io.AbstractProblemLoader.load(AbstractProblemLoader.java:253)
	at de.uka.ilkd.key.control.AbstractUserInterfaceControl.load(AbstractUserInterfaceControl.java:209)
	... 7 more
Could not initialize class de.uka.ilkd.key.nparser.KeYParser (file: /home/runner/work/key/key/key.core/../key.ui/examples/index/.././standard_key/arrays/arrayStoreException/throwArrayStoreException.key; caused by: java.lang.NoClassDefFoundError: Could not initialize class de.uka.ilkd.key.nparser.KeYParser)
	at de.uka.ilkd.key.control.AbstractUserInterfaceControl.load(AbstractUserInterfaceControl.java:221)
	at de.uka.ilkd.key.control.KeYEnvironment.load(KeYEnvironment.java:251)
	at de.uka.ilkd.key.control.KeYEnvironment.load(KeYEnvironment.java:224)
	at de.uka.ilkd.key.control.KeYEnvironment.load(KeYEnvironment.java:184)
	at de.uka.ilkd.key.control.KeYEnvironment.load(KeYEnvironment.java:261)
	at de.uka.ilkd.key.proof.runallproofs.proofcollection.TestFile.load(TestFile.java:270)
	at de.uka.ilkd.key.proof.runallproofs.proofcollection.TestFile.runKey(TestFile.java:160)
	at de.uka.ilkd.key.proof.runallproofs.proofcollection.ForkedTestFileRunner.main(ForkedTestFileRunner.java:171)
Caused by: java.lang.NoClassDefFoundError: Could not initialize class de.uka.ilkd.key.nparser.KeYParser
	at de.uka.ilkd.key.nparser.ParsingFacade.createParser(ParsingFacade.java:87)
	at de.uka.ilkd.key.nparser.ParsingFacade.parseFile(ParsingFacade.java:123)
	at de.uka.ilkd.key.proof.io.KeYFile.getParseContext(KeYFile.java:160)
	at de.uka.ilkd.key.proof.io.KeYFile.getProblemInformation(KeYFile.java:236)
	at de.uka.ilkd.key.proof.init.KeYUserProblemFile.readProfileFromFile(KeYUserProblemFile.java:236)
	at de.uka.ilkd.key.proof.init.KeYUserProblemFile.getProfile(KeYUserProblemFile.java:216)
	at de.uka.ilkd.key.proof.io.AbstractProblemLoader.createProblemInitializer(AbstractProblemLoader.java:508)
	at de.uka.ilkd.key.proof.io.AbstractProblemLoader.loadEnvironment(AbstractProblemLoader.java:288)
	at de.uka.ilkd.key.proof.io.AbstractProblemLoader.load(AbstractProblemLoader.java:253)
	at de.uka.ilkd.key.control.AbstractUserInterfaceControl.load(AbstractUserInterfaceControl.java:209)
	... 7 more
Could not initialize class de.uka.ilkd.key.nparser.KeYParser (file: /home/runner/work/key/key/key.core/../key.ui/examples/index/.././standard_key/arrays/creation/arrayCreation1.key; caused by: java.lang.NoClassDefFoundError: Could not initialize class de.uka.ilkd.key.nparser.KeYParser)
	at de.uka.ilkd.key.control.AbstractUserInterfaceControl.load(AbstractUserInterfaceControl.java:221)
	at de.uka.ilkd.key.control.KeYEnvironment.load(KeYEnvironment.java:251)
	at de.uka.ilkd.key.control.KeYEnvironment.load(KeYEnvironment.java:224)
	at de.uka.ilkd.key.control.KeYEnvironment.load(KeYEnvironment.java:184)
	at de.uka.ilkd.key.control.KeYEnvironment.load(KeYEnvironment.java:261)
	at de.uka.ilkd.key.proof.runallproofs.proofcollection.TestFile.load(TestFile.java:270)
	at de.uka.ilkd.key.proof.runallproofs.proofcollection.TestFile.runKey(TestFile.java:160)
	at de.uka.ilkd.key.proof.runallproofs.proofcollection.ForkedTestFileRunner.main(ForkedTestFileRunner.java:171)
Caused by: java.lang.NoClassDefFoundError: Could not initialize class de.uka.ilkd.key.nparser.KeYParser
	at de.uka.ilkd.key.nparser.ParsingFacade.createParser(ParsingFacade.java:87)
	at de.uka.ilkd.key.nparser.ParsingFacade.parseFile(ParsingFacade.java:123)
	at de.uka.ilkd.key.proof.io.KeYFile.getParseContext(KeYFile.java:160)
	at de.uka.ilkd.key.proof.io.KeYFile.getProblemInformation(KeYFile.java:236)
	at de.uka.ilkd.key.proof.init.KeYUserProblemFile.readProfileFromFile(KeYUserProblemFile.java:236)
	at de.uka.ilkd.key.proof.init.KeYUserProblemFile.getProfile(KeYUserProblemFile.java:216)
	at de.uka.ilkd.key.proof.io.AbstractProblemLoader.createProblemInitializer(AbstractProblemLoader.java:508)
	at de.uka.ilkd.key.proof.io.AbstractProblemLoader.loadEnvironment(AbstractProblemLoader.java:288)
	at de.uka.ilkd.key.proof.io.AbstractProblemLoader.load(AbstractProblemLoader.java:253)
	at de.uka.ilkd.key.control.AbstractUserInterfaceControl.load(AbstractUserInterfaceControl.java:209)
	... 7 more
Could not initialize class de.uka.ilkd.key.nparser.KeYParser (file: /home/runner/work/key/key/key.core/../key.ui/examples/index/.././standard_key/arrays/arrayStoreException/array2Dim.key; caused by: java.lang.NoClassDefFoundError: Could not initialize class de.uka.ilkd.key.nparser.KeYParser)
	at de.uka.ilkd.key.control.AbstractUserInterfaceControl.load(AbstractUserInterfaceControl.java:221)
	at de.uka.ilkd.key.control.KeYEnvironment.load(KeYEnvironment.java:251)
	at de.uka.ilkd.key.control.KeYEnvironment.load(KeYEnvironment.java:224)
	at de.uka.ilkd.key.control.KeYEnvironment.load(KeYEnvironment.java:184)
	at de.uka.ilkd.key.control.KeYEnvironment.load(KeYEnvironment.java:261)
	at de.uka.ilkd.key.proof.runallproofs.proofcollection.TestFile.load(TestFile.java:270)
	at de.uka.ilkd.key.proof.runallproofs.proofcollection.TestFile.runKey(TestFile.java:160)
	at de.uka.ilkd.key.proof.runallproofs.proofcollection.ForkedTestFileRunner.main(ForkedTestFileRunner.java:171)
Caused by: java.lang.NoClassDefFoundError: Could not initialize class de.uka.ilkd.key.nparser.KeYParser
	at de.uka.ilkd.key.nparser.ParsingFacade.createParser(ParsingFacade.java:87)
	at de.uka.ilkd.key.nparser.ParsingFacade.parseFile(ParsingFacade.java:123)
	at de.uka.ilkd.key.proof.io.KeYFile.getParseContext(KeYFile.java:160)
	at de.uka.ilkd.key.proof.io.KeYFile.getProblemInformation(KeYFile.java:236)
	at de.uka.ilkd.key.proof.init.KeYUserProblemFile.readProfileFromFile(KeYUserProblemFile.java:236)
	at de.uka.ilkd.key.proof.init.KeYUserProblemFile.getProfile(KeYUserProblemFile.java:216)
	at de.uka.ilkd.key.proof.io.AbstractProblemLoader.createProblemInitializer(AbstractProblemLoader.java:508)
	at de.uka.ilkd.key.proof.io.AbstractProblemLoader.loadEnvironment(AbstractProblemLoader.java:288)
	at de.uka.ilkd.key.proof.io.AbstractProblemLoader.load(AbstractProblemLoader.java:253)
	at de.uka.ilkd.key.control.AbstractUserInterfaceControl.load(AbstractUserInterfaceControl.java:209)
	... 7 more
Could not initialize class de.uka.ilkd.key.nparser.KeYParser (file: /home/runner/work/key/key/key.core/../key.ui/examples/index/.././standard_key/arrays/arrayStoreException/array2DimClose.key; caused by: java.lang.NoClassDefFoundError: Could not initialize class de.uka.ilkd.key.nparser.KeYParser)
	at de.uka.ilkd.key.control.AbstractUserInterfaceControl.load(AbstractUserInterfaceControl.java:221)
	at de.uka.ilkd.key.control.KeYEnvironment.load(KeYEnvironment.java:251)
	at de.uka.ilkd.key.control.KeYEnvironment.load(KeYEnvironment.java:224)
	at de.uka.ilkd.key.control.KeYEnvironment.load(KeYEnvironment.java:184)
	at de.uka.ilkd.key.control.KeYEnvironment.load(KeYEnvironment.java:261)
	at de.uka.ilkd.key.proof.runallproofs.proofcollection.TestFile.load(TestFile.java:270)
	at de.uka.ilkd.key.proof.runallproofs.proofcollection.TestFile.runKey(TestFile.java:160)
	at de.uka.ilkd.key.proof.runallproofs.proofcollection.ForkedTestFileRunner.main(ForkedTestFileRunner.java:171)
Caused by: java.lang.NoClassDefFoundError: Could not initialize class de.uka.ilkd.key.nparser.KeYParser
	at de.uka.ilkd.key.nparser.ParsingFacade.createParser(ParsingFacade.java:87)
	at de.uka.ilkd.key.nparser.ParsingFacade.parseFile(ParsingFacade.java:123)
	at de.uka.ilkd.key.proof.io.KeYFile.getParseContext(KeYFile.java:160)
	at de.uka.ilkd.key.proof.io.KeYFile.getProblemInformation(KeYFile.java:236)
	at de.uka.ilkd.key.proof.init.KeYUserProblemFile.readProfileFromFile(KeYUserProblemFile.java:236)
	at de.uka.ilkd.key.proof.init.KeYUserProblemFile.getProfile(KeYUserProblemFile.java:216)
	at de.uka.ilkd.key.proof.io.AbstractProblemLoader.createProblemInitializer(AbstractProblemLoader.java:508)
	at de.uka.ilkd.key.proof.io.AbstractProblemLoader.loadEnvironment(AbstractProblemLoader.java:288)
	at de.uka.ilkd.key.proof.io.AbstractProblemLoader.load(AbstractProblemLoader.java:253)
	at de.uka.ilkd.key.control.AbstractUserInterfaceControl.load(AbstractUserInterfaceControl.java:209)
	... 7 more
Could not initialize class de.uka.ilkd.key.nparser.KeYParser (file: /home/runner/work/key/key/key.core/../key.ui/examples/index/.././standard_key/arrays/arrayStoreException/throwASEForPrim.key; caused by: java.lang.NoClassDefFoundError: Could not initialize class de.uka.ilkd.key.nparser.KeYParser)
	at de.uka.ilkd.key.control.AbstractUserInterfaceControl.load(AbstractUserInterfaceControl.java:221)
	at de.uka.ilkd.key.control.KeYEnvironment.load(KeYEnvironment.java:251)
	at de.uka.ilkd.key.control.KeYEnvironment.load(KeYEnvironment.java:224)
	at de.uka.ilkd.key.control.KeYEnvironment.load(KeYEnvironment.java:184)
	at de.uka.ilkd.key.control.KeYEnvironment.load(KeYEnvironment.java:261)
	at de.uka.ilkd.key.proof.runallproofs.proofcollection.TestFile.load(TestFile.java:270)
	at de.uka.ilkd.key.proof.runallproofs.proofcollection.TestFile.runKey(TestFile.java:160)
	at de.uka.ilkd.key.proof.runallproofs.proofcollection.ForkedTestFileRunner.main(ForkedTestFileRunner.java:171)
Caused by: java.lang.NoClassDefFoundError: Could not initialize class de.uka.ilkd.key.nparser.KeYParser
	at de.uka.ilkd.key.nparser.ParsingFacade.createParser(ParsingFacade.java:87)
	at de.uka.ilkd.key.nparser.ParsingFacade.parseFile(ParsingFacade.java:123)
	at de.uka.ilkd.key.proof.io.KeYFile.getParseContext(KeYFile.java:160)
	at de.uka.ilkd.key.proof.io.KeYFile.getProblemInformation(KeYFile.java:236)
	at de.uka.ilkd.key.proof.init.KeYUserProblemFile.readProfileFromFile(KeYUserProblemFile.java:236)
	at de.uka.ilkd.key.proof.init.KeYUserProblemFile.getProfile(KeYUserProblemFile.java:216)
	at de.uka.ilkd.key.proof.io.AbstractProblemLoader.createProblemInitializer(AbstractProblemLoader.java:508)
	at de.uka.ilkd.key.proof.io.AbstractProblemLoader.loadEnvironment(AbstractProblemLoader.java:288)
	at de.uka.ilkd.key.proof.io.AbstractProblemLoader.load(AbstractProblemLoader.java:253)
	at de.uka.ilkd.key.control.AbstractUserInterfaceControl.load(AbstractUserInterfaceControl.java:209)
	... 7 more
Exception in thread "main" org.opentest4j.AssertionFailedError: Exception during the execution of proofs. See log for more details.
	at org.junit.jupiter.api.AssertionUtils.fail(AssertionUtils.java:38)
	at org.junit.jupiter.api.Assertions.fail(Assertions.java:135)
	at de.uka.ilkd.key.proof.runallproofs.proofcollection.ForkedTestFileRunner.main(ForkedTestFileRunner.java:192)
Timeout watcher launched (2000 secs.)
ANTLR Tool version 4.9.3 used for code generation does not match the current runtime version 4.12.0
 (file: /home/runner/work/key/key/key.core/../key.ui/examples/index/.././standard_key/instanceCreation/instanceCreation1.key; caused by: java.lang.ExceptionInInitializerError)
	at de.uka.ilkd.key.control.AbstractUserInterfaceControl.load(AbstractUserInterfaceControl.java:221)
	at de.uka.ilkd.key.control.KeYEnvironment.load(KeYEnvironment.java:251)
	at de.uka.ilkd.key.control.KeYEnvironment.load(KeYEnvironment.java:224)
	at de.uka.ilkd.key.control.KeYEnvironment.load(KeYEnvironment.java:184)
	at de.uka.ilkd.key.control.KeYEnvironment.load(KeYEnvironment.java:261)
	at de.uka.ilkd.key.proof.runallproofs.proofcollection.TestFile.load(TestFile.java:270)
	at de.uka.ilkd.key.proof.runallproofs.proofcollection.TestFile.runKey(TestFile.java:160)
	at de.uka.ilkd.key.proof.runallproofs.proofcollection.ForkedTestFileRunner.main(ForkedTestFileRunner.java:171)
Caused by: java.lang.ExceptionInInitializerError
	at de.uka.ilkd.key.nparser.ParsingFacade.createParser(ParsingFacade.java:87)
	at de.uka.ilkd.key.nparser.ParsingFacade.parseFile(ParsingFacade.java:123)
	at de.uka.ilkd.key.proof.io.KeYFile.getParseContext(KeYFile.java:160)
	at de.uka.ilkd.key.proof.io.KeYFile.getProblemInformation(KeYFile.java:236)
	at de.uka.ilkd.key.proof.init.KeYUserProblemFile.readProfileFromFile(KeYUserProblemFile.java:236)
	at de.uka.ilkd.key.proof.init.KeYUserProblemFile.getProfile(KeYUserProblemFile.java:216)
	at de.uka.ilkd.key.proof.io.AbstractProblemLoader.createProblemInitializer(AbstractProblemLoader.java:508)
	at de.uka.ilkd.key.proof.io.AbstractProblemLoader.loadEnvironment(AbstractProblemLoader.java:288)
	at de.uka.ilkd.key.proof.io.AbstractProblemLoader.load(AbstractProblemLoader.java:253)
	at de.uka.ilkd.key.control.AbstractUserInterfaceControl.load(AbstractUserInterfaceControl.java:209)
	... 7 more
Caused by: java.lang.UnsupportedOperationException: java.io.InvalidClassException: org.antlr.v4.runtime.atn.ATN; Could not deserialize ATN with version 3 (expected 4).
	at org.antlr.v4.runtime.atn.ATNDeserializer.deserialize(ATNDeserializer.java:56)
	at org.antlr.v4.runtime.atn.ATNDeserializer.deserialize(ATNDeserializer.java:48)
	at de.uka.ilkd.key.nparser.KeYParser.<clinit>(KeYParser.java:11834)
	... 17 more
Caused by: java.io.InvalidClassException: org.antlr.v4.runtime.atn.ATN; Could not deserialize ATN with version 3 (expected 4).
	... 20 more
Could not initialize class de.uka.ilkd.key.nparser.KeYParser (file: /home/runner/work/key/key/key.core/../key.ui/examples/index/.././standard_key/instanceCreation/instanceCreation2.key; caused by: java.lang.NoClassDefFoundError: Could not initialize class de.uka.ilkd.key.nparser.KeYParser)
	at de.uka.ilkd.key.control.AbstractUserInterfaceControl.load(AbstractUserInterfaceControl.java:221)
	at de.uka.ilkd.key.control.KeYEnvironment.load(KeYEnvironment.java:251)
	at de.uka.ilkd.key.control.KeYEnvironment.load(KeYEnvironment.java:224)
	at de.uka.ilkd.key.control.KeYEnvironment.load(KeYEnvironment.java:184)
	at de.uka.ilkd.key.control.KeYEnvironment.load(KeYEnvironment.java:261)
	at de.uka.ilkd.key.proof.runallproofs.proofcollection.TestFile.load(TestFile.java:270)
	at de.uka.ilkd.key.proof.runallproofs.proofcollection.TestFile.runKey(TestFile.java:160)
	at de.uka.ilkd.key.proof.runallproofs.proofcollection.ForkedTestFileRunner.main(ForkedTestFileRunner.java:171)
Caused by: java.lang.NoClassDefFoundError: Could not initialize class de.uka.ilkd.key.nparser.KeYParser
	at de.uka.ilkd.key.nparser.ParsingFacade.createParser(ParsingFacade.java:87)
	at de.uka.ilkd.key.nparser.ParsingFacade.parseFile(ParsingFacade.java:123)
	at de.uka.ilkd.key.proof.io.KeYFile.getParseContext(KeYFile.java:160)
	at de.uka.ilkd.key.proof.io.KeYFile.getProblemInformation(KeYFile.java:236)
	at de.uka.ilkd.key.proof.init.KeYUserProblemFile.readProfileFromFile(KeYUserProblemFile.java:236)
	at de.uka.ilkd.key.proof.init.KeYUserProblemFile.getProfile(KeYUserProblemFile.java:216)
	at de.uka.ilkd.key.proof.io.AbstractProblemLoader.createProblemInitializer(AbstractProblemLoader.java:508)
	at de.uka.ilkd.key.proof.io.AbstractProblemLoader.loadEnvironment(AbstractProblemLoader.java:288)
	at de.uka.ilkd.key.proof.io.AbstractProblemLoader.load(AbstractProblemLoader.java:253)
	at de.uka.ilkd.key.control.AbstractUserInterfaceControl.load(AbstractUserInterfaceControl.java:209)
	... 7 more
Could not initialize class de.uka.ilkd.key.nparser.KeYParser (file: /home/runner/work/key/key/key.core/../key.ui/examples/index/.././standard_key/instanceCreation/interfacesAndAbstractClassesHaveNoInstances.key; caused by: java.lang.NoClassDefFoundError: Could not initialize class de.uka.ilkd.key.nparser.KeYParser)
	at de.uka.ilkd.key.control.AbstractUserInterfaceControl.load(AbstractUserInterfaceControl.java:221)
	at de.uka.ilkd.key.control.KeYEnvironment.load(KeYEnvironment.java:251)
	at de.uka.ilkd.key.control.KeYEnvironment.load(KeYEnvironment.java:224)
	at de.uka.ilkd.key.control.KeYEnvironment.load(KeYEnvironment.java:184)
	at de.uka.ilkd.key.control.KeYEnvironment.load(KeYEnvironment.java:261)
	at de.uka.ilkd.key.proof.runallproofs.proofcollection.TestFile.load(TestFile.java:270)
	at de.uka.ilkd.key.proof.runallproofs.proofcollection.TestFile.runKey(TestFile.java:160)
	at de.uka.ilkd.key.proof.runallproofs.proofcollection.ForkedTestFileRunner.main(ForkedTestFileRunner.java:171)
Caused by: java.lang.NoClassDefFoundError: Could not initialize class de.uka.ilkd.key.nparser.KeYParser
	at de.uka.ilkd.key.nparser.ParsingFacade.createParser(ParsingFacade.java:87)
	at de.uka.ilkd.key.nparser.ParsingFacade.parseFile(ParsingFacade.java:123)
	at de.uka.ilkd.key.proof.io.KeYFile.getParseContext(KeYFile.java:160)
	at de.uka.ilkd.key.proof.io.KeYFile.getProblemInformation(KeYFile.java:236)
	at de.uka.ilkd.key.proof.init.KeYUserProblemFile.readProfileFromFile(KeYUserProblemFile.java:236)
	at de.uka.ilkd.key.proof.init.KeYUserProblemFile.getProfile(KeYUserProblemFile.java:216)
	at de.uka.ilkd.key.proof.io.AbstractProblemLoader.createProblemInitializer(AbstractProblemLoader.java:508)
	at de.uka.ilkd.key.proof.io.AbstractProblemLoader.loadEnvironment(AbstractProblemLoader.java:288)
	at de.uka.ilkd.key.proof.io.AbstractProblemLoader.load(AbstractProblemLoader.java:253)
	at de.uka.ilkd.key.control.AbstractUserInterfaceControl.load(AbstractUserInterfaceControl.java:209)
	... 7 more
Could not initialize class de.uka.ilkd.key.nparser.KeYParser (file: /home/runner/work/key/key/key.core/../key.ui/examples/index/.././standard_key/instanceCreation/successiveCreatedObjectsAreDistinct.key; caused by: java.lang.NoClassDefFoundError: Could not initialize class de.uka.ilkd.key.nparser.KeYParser)
	at de.uka.ilkd.key.control.AbstractUserInterfaceControl.load(AbstractUserInterfaceControl.java:221)
	at de.uka.ilkd.key.control.KeYEnvironment.load(KeYEnvironment.java:251)
	at de.uka.ilkd.key.control.KeYEnvironment.load(KeYEnvironment.java:224)
	at de.uka.ilkd.key.control.KeYEnvironment.load(KeYEnvironment.java:184)
	at de.uka.ilkd.key.control.KeYEnvironment.load(KeYEnvironment.java:261)
	at de.uka.ilkd.key.proof.runallproofs.proofcollection.TestFile.load(TestFile.java:270)
	at de.uka.ilkd.key.proof.runallproofs.proofcollection.TestFile.runKey(TestFile.java:160)
	at de.uka.ilkd.key.proof.runallproofs.proofcollection.ForkedTestFileRunner.main(ForkedTestFileRunner.java:171)
Caused by: java.lang.NoClassDefFoundError: Could not initialize class de.uka.ilkd.key.nparser.KeYParser
	at de.uka.ilkd.key.nparser.ParsingFacade.createParser(ParsingFacade.java:87)
	at de.uka.ilkd.key.nparser.ParsingFacade.parseFile(ParsingFacade.java:123)
	at de.uka.ilkd.key.proof.io.KeYFile.getParseContext(KeYFile.java:160)
	at de.uka.ilkd.key.proof.io.KeYFile.getProblemInformation(KeYFile.java:236)
	at de.uka.ilkd.key.proof.init.KeYUserProblemFile.readProfileFromFile(KeYUserProblemFile.java:236)
	at de.uka.ilkd.key.proof.init.KeYUserProblemFile.getProfile(KeYUserProblemFile.java:216)
	at de.uka.ilkd.key.proof.io.AbstractProblemLoader.createProblemInitializer(AbstractProblemLoader.java:508)
	at de.uka.ilkd.key.proof.io.AbstractProblemLoader.loadEnvironment(AbstractProblemLoader.java:288)
	at de.uka.ilkd.key.proof.io.AbstractProblemLoader.load(AbstractProblemLoader.java:253)
	at de.uka.ilkd.key.control.AbstractUserInterfaceControl.load(AbstractUserInterfaceControl.java:209)
	... 7 more
Could not initialize class de.uka.ilkd.key.nparser.KeYParser (file: /home/runner/work/key/key/key.core/../key.ui/examples/index/.././standard_key/instanceCreation/testOverloadingConstructors.key; caused by: java.lang.NoClassDefFoundError: Could not initialize class de.uka.ilkd.key.nparser.KeYParser)
	at de.uka.ilkd.key.control.AbstractUserInterfaceControl.load(AbstractUserInterfaceControl.java:221)
	at de.uka.ilkd.key.control.KeYEnvironment.load(KeYEnvironment.java:251)
	at de.uka.ilkd.key.control.KeYEnvironment.load(KeYEnvironment.java:224)
	at de.uka.ilkd.key.control.KeYEnvironment.load(KeYEnvironment.java:184)
	at de.uka.ilkd.key.control.KeYEnvironment.load(KeYEnvironment.java:261)
	at de.uka.ilkd.key.proof.runallproofs.proofcollection.TestFile.load(TestFile.java:270)
	at de.uka.ilkd.key.proof.runallproofs.proofcollection.TestFile.runKey(TestFile.java:160)
	at de.uka.ilkd.key.proof.runallproofs.proofcollection.ForkedTestFileRunner.main(ForkedTestFileRunner.java:171)
Caused by: java.lang.NoClassDefFoundError: Could not initialize class de.uka.ilkd.key.nparser.KeYParser
	at de.uka.ilkd.key.nparser.ParsingFacade.createParser(ParsingFacade.java:87)
	at de.uka.ilkd.key.nparser.ParsingFacade.parseFile(ParsingFacade.java:123)
	at de.uka.ilkd.key.proof.io.KeYFile.getParseContext(KeYFile.java:160)
	at de.uka.ilkd.key.proof.io.KeYFile.getProblemInformation(KeYFile.java:236)
	at de.uka.ilkd.key.proof.init.KeYUserProblemFile.readProfileFromFile(KeYUserProblemFile.java:236)
	at de.uka.ilkd.key.proof.init.KeYUserProblemFile.getProfile(KeYUserProblemFile.java:216)
	at de.uka.ilkd.key.proof.io.AbstractProblemLoader.createProblemInitializer(AbstractProblemLoader.java:508)
	at de.uka.ilkd.key.proof.io.AbstractProblemLoader.loadEnvironment(AbstractProblemLoader.java:288)
	at de.uka.ilkd.key.proof.io.AbstractProblemLoader.load(AbstractProblemLoader.java:253)
	at de.uka.ilkd.key.control.AbstractUserInterfaceControl.load(AbstractUserInterfaceControl.java:209)
	... 7 more
Could not initialize class de.uka.ilkd.key.nparser.KeYParser (file: /home/runner/work/key/key/key.core/../key.ui/examples/index/.././standard_key/java_dl/SimpleAttributes.key; caused by: java.lang.NoClassDefFoundError: Could not initialize class de.uka.ilkd.key.nparser.KeYParser)
	at de.uka.ilkd.key.control.AbstractUserInterfaceControl.load(AbstractUserInterfaceControl.java:221)
	at de.uka.ilkd.key.control.KeYEnvironment.load(KeYEnvironment.java:251)
	at de.uka.ilkd.key.control.KeYEnvironment.load(KeYEnvironment.java:224)
	at de.uka.ilkd.key.control.KeYEnvironment.load(KeYEnvironment.java:184)
	at de.uka.ilkd.key.control.KeYEnvironment.load(KeYEnvironment.java:261)
	at de.uka.ilkd.key.proof.runallproofs.proofcollection.TestFile.load(TestFile.java:270)
	at de.uka.ilkd.key.proof.runallproofs.proofcollection.TestFile.runKey(TestFile.java:160)
	at de.uka.ilkd.key.proof.runallproofs.proofcollection.ForkedTestFileRunner.main(ForkedTestFileRunner.java:171)
Caused by: java.lang.NoClassDefFoundError: Could not initialize class de.uka.ilkd.key.nparser.KeYParser
	at de.uka.ilkd.key.nparser.ParsingFacade.createParser(ParsingFacade.java:87)
	at de.uka.ilkd.key.nparser.ParsingFacade.parseFile(ParsingFacade.java:123)
	at de.uka.ilkd.key.proof.io.KeYFile.getParseContext(KeYFile.java:160)
	at de.uka.ilkd.key.proof.io.KeYFile.getProblemInformation(KeYFile.java:236)
	at de.uka.ilkd.key.proof.init.KeYUserProblemFile.readProfileFromFile(KeYUserProblemFile.java:236)
	at de.uka.ilkd.key.proof.init.KeYUserProblemFile.getProfile(KeYUserProblemFile.java:216)
	at de.uka.ilkd.key.proof.io.AbstractProblemLoader.createProblemInitializer(AbstractProblemLoader.java:508)
	at de.uka.ilkd.key.proof.io.AbstractProblemLoader.loadEnvironment(AbstractProblemLoader.java:288)
	at de.uka.ilkd.key.proof.io.AbstractProblemLoader.load(AbstractProblemLoader.java:253)
	at de.uka.ilkd.key.control.AbstractUserInterfaceControl.load(AbstractUserInterfaceControl.java:209)
	... 7 more
Could not initialize class de.uka.ilkd.key.nparser.KeYParser (file: /home/runner/work/key/key/key.core/../key.ui/examples/index/.././standard_key/java_dl/arrayMax.key; caused by: java.lang.NoClassDefFoundError: Could not initialize class de.uka.ilkd.key.nparser.KeYParser)
	at de.uka.ilkd.key.control.AbstractUserInterfaceControl.load(AbstractUserInterfaceControl.java:221)
	at de.uka.ilkd.key.control.KeYEnvironment.load(KeYEnvironment.java:251)
	at de.uka.ilkd.key.control.KeYEnvironment.load(KeYEnvironment.java:224)
	at de.uka.ilkd.key.control.KeYEnvironment.load(KeYEnvironment.java:184)
	at de.uka.ilkd.key.control.KeYEnvironment.load(KeYEnvironment.java:261)
	at de.uka.ilkd.key.proof.runallproofs.proofcollection.TestFile.load(TestFile.java:270)
	at de.uka.ilkd.key.proof.runallproofs.proofcollection.TestFile.runKey(TestFile.java:160)
	at de.uka.ilkd.key.proof.runallproofs.proofcollection.ForkedTestFileRunner.main(ForkedTestFileRunner.java:171)
Caused by: java.lang.NoClassDefFoundError: Could not initialize class de.uka.ilkd.key.nparser.KeYParser
	at de.uka.ilkd.key.nparser.ParsingFacade.createParser(ParsingFacade.java:87)
	at de.uka.ilkd.key.nparser.ParsingFacade.parseFile(ParsingFacade.java:123)
	at de.uka.ilkd.key.proof.io.KeYFile.getParseContext(KeYFile.java:160)
	at de.uka.ilkd.key.proof.io.KeYFile.getProblemInformation(KeYFile.java:236)
	at de.uka.ilkd.key.proof.init.KeYUserProblemFile.readProfileFromFile(KeYUserProblemFile.java:236)
	at de.uka.ilkd.key.proof.init.KeYUserProblemFile.getProfile(KeYUserProblemFile.java:216)
	at de.uka.ilkd.key.proof.io.AbstractProblemLoader.createProblemInitializer(AbstractProblemLoader.java:508)
	at de.uka.ilkd.key.proof.io.AbstractProblemLoader.loadEnvironment(AbstractProblemLoader.java:288)
	at de.uka.ilkd.key.proof.io.AbstractProblemLoader.load(AbstractProblemLoader.java:253)
	at de.uka.ilkd.key.control.AbstractUserInterfaceControl.load(AbstractUserInterfaceControl.java:209)
	... 7 more
Could not initialize class de.uka.ilkd.key.nparser.KeYParser (file: /home/runner/work/key/key/key.core/../key.ui/examples/index/.././standard_key/java_dl/arrayUpdateSimp.key; caused by: java.lang.NoClassDefFoundError: Could not initialize class de.uka.ilkd.key.nparser.KeYParser)
	at de.uka.ilkd.key.control.AbstractUserInterfaceControl.load(AbstractUserInterfaceControl.java:221)
	at de.uka.ilkd.key.control.KeYEnvironment.load(KeYEnvironment.java:251)
	at de.uka.ilkd.key.control.KeYEnvironment.load(KeYEnvironment.java:224)
	at de.uka.ilkd.key.control.KeYEnvironment.load(KeYEnvironment.java:184)
	at de.uka.ilkd.key.control.KeYEnvironment.load(KeYEnvironment.java:261)
	at de.uka.ilkd.key.proof.runallproofs.proofcollection.TestFile.load(TestFile.java:270)
	at de.uka.ilkd.key.proof.runallproofs.proofcollection.TestFile.runKey(TestFile.java:160)
	at de.uka.ilkd.key.proof.runallproofs.proofcollection.ForkedTestFileRunner.main(ForkedTestFileRunner.java:171)
Caused by: java.lang.NoClassDefFoundError: Could not initialize class de.uka.ilkd.key.nparser.KeYParser
	at de.uka.ilkd.key.nparser.ParsingFacade.createParser(ParsingFacade.java:87)
	at de.uka.ilkd.key.nparser.ParsingFacade.parseFile(ParsingFacade.java:123)
	at de.uka.ilkd.key.proof.io.KeYFile.getParseContext(KeYFile.java:160)
	at de.uka.ilkd.key.proof.io.KeYFile.getProblemInformation(KeYFile.java:236)
	at de.uka.ilkd.key.proof.init.KeYUserProblemFile.readProfileFromFile(KeYUserProblemFile.java:236)
	at de.uka.ilkd.key.proof.init.KeYUserProblemFile.getProfile(KeYUserProblemFile.java:216)
	at de.uka.ilkd.key.proof.io.AbstractProblemLoader.createProblemInitializer(AbstractProblemLoader.java:508)
	at de.uka.ilkd.key.proof.io.AbstractProblemLoader.loadEnvironment(AbstractProblemLoader.java:288)
	at de.uka.ilkd.key.proof.io.AbstractProblemLoader.load(AbstractProblemLoader.java:253)
	at de.uka.ilkd.key.control.AbstractUserInterfaceControl.load(AbstractUserInterfaceControl.java:209)
	... 7 more
Could not initialize class de.uka.ilkd.key.nparser.KeYParser (file: /home/runner/work/key/key/key.core/../key.ui/examples/index/.././standard_key/java_dl/attributes.key; caused by: java.lang.NoClassDefFoundError: Could not initialize class de.uka.ilkd.key.nparser.KeYParser)
	at de.uka.ilkd.key.control.AbstractUserInterfaceControl.load(AbstractUserInterfaceControl.java:221)
	at de.uka.ilkd.key.control.KeYEnvironment.load(KeYEnvironment.java:251)
	at de.uka.ilkd.key.control.KeYEnvironment.load(KeYEnvironment.java:224)
	at de.uka.ilkd.key.control.KeYEnvironment.load(KeYEnvironment.java:184)
	at de.uka.ilkd.key.control.KeYEnvironment.load(KeYEnvironment.java:261)
	at de.uka.ilkd.key.proof.runallproofs.proofcollection.TestFile.load(TestFile.java:270)
	at de.uka.ilkd.key.proof.runallproofs.proofcollection.TestFile.runKey(TestFile.java:160)
	at de.uka.ilkd.key.proof.runallproofs.proofcollection.ForkedTestFileRunner.main(ForkedTestFileRunner.java:171)
Caused by: java.lang.NoClassDefFoundError: Could not initialize class de.uka.ilkd.key.nparser.KeYParser
	at de.uka.ilkd.key.nparser.ParsingFacade.createParser(ParsingFacade.java:87)
	at de.uka.ilkd.key.nparser.ParsingFacade.parseFile(ParsingFacade.java:123)
	at de.uka.ilkd.key.proof.io.KeYFile.getParseContext(KeYFile.java:160)
	at de.uka.ilkd.key.proof.io.KeYFile.getProblemInformation(KeYFile.java:236)
	at de.uka.ilkd.key.proof.init.KeYUserProblemFile.readProfileFromFile(KeYUserProblemFile.java:236)
	at de.uka.ilkd.key.proof.init.KeYUserProblemFile.getProfile(KeYUserProblemFile.java:216)
	at de.uka.ilkd.key.proof.io.AbstractProblemLoader.createProblemInitializer(AbstractProblemLoader.java:508)
	at de.uka.ilkd.key.proof.io.AbstractProblemLoader.loadEnvironment(AbstractProblemLoader.java:288)
	at de.uka.ilkd.key.proof.io.AbstractProblemLoader.load(AbstractProblemLoader.java:253)
	at de.uka.ilkd.key.control.AbstractUserInterfaceControl.load(AbstractUserInterfaceControl.java:209)
	... 7 more
Could not initialize class de.uka.ilkd.key.nparser.KeYParser (file: /home/runner/work/key/key/key.core/../key.ui/examples/index/.././standard_key/java_dl/break.key; caused by: java.lang.NoClassDefFoundError: Could not initialize class de.uka.ilkd.key.nparser.KeYParser)
	at de.uka.ilkd.key.control.AbstractUserInterfaceControl.load(AbstractUserInterfaceControl.java:221)
	at de.uka.ilkd.key.control.KeYEnvironment.load(KeYEnvironment.java:251)
	at de.uka.ilkd.key.control.KeYEnvironment.load(KeYEnvironment.java:224)
	at de.uka.ilkd.key.control.KeYEnvironment.load(KeYEnvironment.java:184)
	at de.uka.ilkd.key.control.KeYEnvironment.load(KeYEnvironment.java:261)
	at de.uka.ilkd.key.proof.runallproofs.proofcollection.TestFile.load(TestFile.java:270)
	at de.uka.ilkd.key.proof.runallproofs.proofcollection.TestFile.runKey(TestFile.java:160)
	at de.uka.ilkd.key.proof.runallproofs.proofcollection.ForkedTestFileRunner.main(ForkedTestFileRunner.java:171)
Caused by: java.lang.NoClassDefFoundError: Could not initialize class de.uka.ilkd.key.nparser.KeYParser
	at de.uka.ilkd.key.nparser.ParsingFacade.createParser(ParsingFacade.java:87)
	at de.uka.ilkd.key.nparser.ParsingFacade.parseFile(ParsingFacade.java:123)
	at de.uka.ilkd.key.proof.io.KeYFile.getParseContext(KeYFile.java:160)
	at de.uka.ilkd.key.proof.io.KeYFile.getProblemInformation(KeYFile.java:236)
	at de.uka.ilkd.key.proof.init.KeYUserProblemFile.readProfileFromFile(KeYUserProblemFile.java:236)
	at de.uka.ilkd.key.proof.init.KeYUserProblemFile.getProfile(KeYUserProblemFile.java:216)
	at de.uka.ilkd.key.proof.io.AbstractProblemLoader.createProblemInitializer(AbstractProblemLoader.java:508)
	at de.uka.ilkd.key.proof.io.AbstractProblemLoader.loadEnvironment(AbstractProblemLoader.java:288)
	at de.uka.ilkd.key.proof.io.AbstractProblemLoader.load(AbstractProblemLoader.java:253)
	at de.uka.ilkd.key.control.AbstractUserInterfaceControl.load(AbstractUserInterfaceControl.java:209)
	... 7 more
Could not initialize class de.uka.ilkd.key.nparser.KeYParser (file: /home/runner/work/key/key/key.core/../key.ui/examples/index/.././standard_key/java_dl/char.key; caused by: java.lang.NoClassDefFoundError: Could not initialize class de.uka.ilkd.key.nparser.KeYParser)
	at de.uka.ilkd.key.control.AbstractUserInterfaceControl.load(AbstractUserInterfaceControl.java:221)
	at de.uka.ilkd.key.control.KeYEnvironment.load(KeYEnvironment.java:251)
	at de.uka.ilkd.key.control.KeYEnvironment.load(KeYEnvironment.java:224)
	at de.uka.ilkd.key.control.KeYEnvironment.load(KeYEnvironment.java:184)
	at de.uka.ilkd.key.control.KeYEnvironment.load(KeYEnvironment.java:261)
	at de.uka.ilkd.key.proof.runallproofs.proofcollection.TestFile.load(TestFile.java:270)
	at de.uka.ilkd.key.proof.runallproofs.proofcollection.TestFile.runKey(TestFile.java:160)
	at de.uka.ilkd.key.proof.runallproofs.proofcollection.ForkedTestFileRunner.main(ForkedTestFileRunner.java:171)
Caused by: java.lang.NoClassDefFoundError: Could not initialize class de.uka.ilkd.key.nparser.KeYParser
	at de.uka.ilkd.key.nparser.ParsingFacade.createParser(ParsingFacade.java:87)
	at de.uka.ilkd.key.nparser.ParsingFacade.parseFile(ParsingFacade.java:123)
	at de.uka.ilkd.key.proof.io.KeYFile.getParseContext(KeYFile.java:160)
	at de.uka.ilkd.key.proof.io.KeYFile.getProblemInformation(KeYFile.java:236)
	at de.uka.ilkd.key.proof.init.KeYUserProblemFile.readProfileFromFile(KeYUserProblemFile.java:236)
	at de.uka.ilkd.key.proof.init.KeYUserProblemFile.getProfile(KeYUserProblemFile.java:216)
	at de.uka.ilkd.key.proof.io.AbstractProblemLoader.createProblemInitializer(AbstractProblemLoader.java:508)
	at de.uka.ilkd.key.proof.io.AbstractProblemLoader.loadEnvironment(AbstractProblemLoader.java:288)
	at de.uka.ilkd.key.proof.io.AbstractProblemLoader.load(AbstractProblemLoader.java:253)
	at de.uka.ilkd.key.control.AbstractUserInterfaceControl.load(AbstractUserInterfaceControl.java:209)
	... 7 more
Could not initialize class de.uka.ilkd.key.nparser.KeYParser (file: /home/runner/work/key/key/key.core/../key.ui/examples/index/.././standard_key/java_dl/compileTimeConstants.key; caused by: java.lang.NoClassDefFoundError: Could not initialize class de.uka.ilkd.key.nparser.KeYParser)
	at de.uka.ilkd.key.control.AbstractUserInterfaceControl.load(AbstractUserInterfaceControl.java:221)
	at de.uka.ilkd.key.control.KeYEnvironment.load(KeYEnvironment.java:251)
	at de.uka.ilkd.key.control.KeYEnvironment.load(KeYEnvironment.java:224)
	at de.uka.ilkd.key.control.KeYEnvironment.load(KeYEnvironment.java:184)
	at de.uka.ilkd.key.control.KeYEnvironment.load(KeYEnvironment.java:261)
	at de.uka.ilkd.key.proof.runallproofs.proofcollection.TestFile.load(TestFile.java:270)
	at de.uka.ilkd.key.proof.runallproofs.proofcollection.TestFile.runKey(TestFile.java:160)
	at de.uka.ilkd.key.proof.runallproofs.proofcollection.ForkedTestFileRunner.main(ForkedTestFileRunner.java:171)
Caused by: java.lang.NoClassDefFoundError: Could not initialize class de.uka.ilkd.key.nparser.KeYParser
	at de.uka.ilkd.key.nparser.ParsingFacade.createParser(ParsingFacade.java:87)
	at de.uka.ilkd.key.nparser.ParsingFacade.parseFile(ParsingFacade.java:123)
	at de.uka.ilkd.key.proof.io.KeYFile.getParseContext(KeYFile.java:160)
	at de.uka.ilkd.key.proof.io.KeYFile.getProblemInformation(KeYFile.java:236)
	at de.uka.ilkd.key.proof.init.KeYUserProblemFile.readProfileFromFile(KeYUserProblemFile.java:236)
	at de.uka.ilkd.key.proof.init.KeYUserProblemFile.getProfile(KeYUserProblemFile.java:216)
	at de.uka.ilkd.key.proof.io.AbstractProblemLoader.createProblemInitializer(AbstractProblemLoader.java:508)
	at de.uka.ilkd.key.proof.io.AbstractProblemLoader.loadEnvironment(AbstractProblemLoader.java:288)
	at de.uka.ilkd.key.proof.io.AbstractProblemLoader.load(AbstractProblemLoader.java:253)
	at de.uka.ilkd.key.control.AbstractUserInterfaceControl.load(AbstractUserInterfaceControl.java:209)
	... 7 more
Could not initialize class de.uka.ilkd.key.nparser.KeYParser (file: /home/runner/work/key/key/key.core/../key.ui/examples/index/.././standard_key/java_dl/constructorException/test.key; caused by: java.lang.NoClassDefFoundError: Could not initialize class de.uka.ilkd.key.nparser.KeYParser)
	at de.uka.ilkd.key.control.AbstractUserInterfaceControl.load(AbstractUserInterfaceControl.java:221)
	at de.uka.ilkd.key.control.KeYEnvironment.load(KeYEnvironment.java:251)
	at de.uka.ilkd.key.control.KeYEnvironment.load(KeYEnvironment.java:224)
	at de.uka.ilkd.key.control.KeYEnvironment.load(KeYEnvironment.java:184)
	at de.uka.ilkd.key.control.KeYEnvironment.load(KeYEnvironment.java:261)
	at de.uka.ilkd.key.proof.runallproofs.proofcollection.TestFile.load(TestFile.java:270)
	at de.uka.ilkd.key.proof.runallproofs.proofcollection.TestFile.runKey(TestFile.java:160)
	at de.uka.ilkd.key.proof.runallproofs.proofcollection.ForkedTestFileRunner.main(ForkedTestFileRunner.java:171)
Caused by: java.lang.NoClassDefFoundError: Could not initialize class de.uka.ilkd.key.nparser.KeYParser
	at de.uka.ilkd.key.nparser.ParsingFacade.createParser(ParsingFacade.java:87)
	at de.uka.ilkd.key.nparser.ParsingFacade.parseFile(ParsingFacade.java:123)
	at de.uka.ilkd.key.proof.io.KeYFile.getParseContext(KeYFile.java:160)
	at de.uka.ilkd.key.proof.io.KeYFile.getProblemInformation(KeYFile.java:236)
	at de.uka.ilkd.key.proof.init.KeYUserProblemFile.readProfileFromFile(KeYUserProblemFile.java:236)
	at de.uka.ilkd.key.proof.init.KeYUserProblemFile.getProfile(KeYUserProblemFile.java:216)
	at de.uka.ilkd.key.proof.io.AbstractProblemLoader.createProblemInitializer(AbstractProblemLoader.java:508)
	at de.uka.ilkd.key.proof.io.AbstractProblemLoader.loadEnvironment(AbstractProblemLoader.java:288)
	at de.uka.ilkd.key.proof.io.AbstractProblemLoader.load(AbstractProblemLoader.java:253)
	at de.uka.ilkd.key.control.AbstractUserInterfaceControl.load(AbstractUserInterfaceControl.java:209)
	... 7 more
Could not initialize class de.uka.ilkd.key.nparser.KeYParser (file: /home/runner/work/key/key/key.core/../key.ui/examples/index/.././standard_key/java_dl/constructorException/regressionTestBug1333.key; caused by: java.lang.NoClassDefFoundError: Could not initialize class de.uka.ilkd.key.nparser.KeYParser)
	at de.uka.ilkd.key.control.AbstractUserInterfaceControl.load(AbstractUserInterfaceControl.java:221)
	at de.uka.ilkd.key.control.KeYEnvironment.load(KeYEnvironment.java:251)
	at de.uka.ilkd.key.control.KeYEnvironment.load(KeYEnvironment.java:224)
	at de.uka.ilkd.key.control.KeYEnvironment.load(KeYEnvironment.java:184)
	at de.uka.ilkd.key.control.KeYEnvironment.load(KeYEnvironment.java:261)
	at de.uka.ilkd.key.proof.runallproofs.proofcollection.TestFile.load(TestFile.java:270)
	at de.uka.ilkd.key.proof.runallproofs.proofcollection.TestFile.runKey(TestFile.java:160)
	at de.uka.ilkd.key.proof.runallproofs.proofcollection.ForkedTestFileRunner.main(ForkedTestFileRunner.java:171)
Caused by: java.lang.NoClassDefFoundError: Could not initialize class de.uka.ilkd.key.nparser.KeYParser
	at de.uka.ilkd.key.nparser.ParsingFacade.createParser(ParsingFacade.java:87)
	at de.uka.ilkd.key.nparser.ParsingFacade.parseFile(ParsingFacade.java:123)
	at de.uka.ilkd.key.proof.io.KeYFile.getParseContext(KeYFile.java:160)
	at de.uka.ilkd.key.proof.io.KeYFile.getProblemInformation(KeYFile.java:236)
	at de.uka.ilkd.key.proof.init.KeYUserProblemFile.readProfileFromFile(KeYUserProblemFile.java:236)
	at de.uka.ilkd.key.proof.init.KeYUserProblemFile.getProfile(KeYUserProblemFile.java:216)
	at de.uka.ilkd.key.proof.io.AbstractProblemLoader.createProblemInitializer(AbstractProblemLoader.java:508)
	at de.uka.ilkd.key.proof.io.AbstractProblemLoader.loadEnvironment(AbstractProblemLoader.java:288)
	at de.uka.ilkd.key.proof.io.AbstractProblemLoader.load(AbstractProblemLoader.java:253)
	at de.uka.ilkd.key.control.AbstractUserInterfaceControl.load(AbstractUserInterfaceControl.java:209)
	... 7 more
Could not initialize class de.uka.ilkd.key.nparser.KeYParser (file: /home/runner/work/key/key/key.core/../key.ui/examples/index/.././standard_key/java_dl/continue1.key; caused by: java.lang.NoClassDefFoundError: Could not initialize class de.uka.ilkd.key.nparser.KeYParser)
	at de.uka.ilkd.key.control.AbstractUserInterfaceControl.load(AbstractUserInterfaceControl.java:221)
	at de.uka.ilkd.key.control.KeYEnvironment.load(KeYEnvironment.java:251)
	at de.uka.ilkd.key.control.KeYEnvironment.load(KeYEnvironment.java:224)
	at de.uka.ilkd.key.control.KeYEnvironment.load(KeYEnvironment.java:184)
	at de.uka.ilkd.key.control.KeYEnvironment.load(KeYEnvironment.java:261)
	at de.uka.ilkd.key.proof.runallproofs.proofcollection.TestFile.load(TestFile.java:270)
	at de.uka.ilkd.key.proof.runallproofs.proofcollection.TestFile.runKey(TestFile.java:160)
	at de.uka.ilkd.key.proof.runallproofs.proofcollection.ForkedTestFileRunner.main(ForkedTestFileRunner.java:171)
Caused by: java.lang.NoClassDefFoundError: Could not initialize class de.uka.ilkd.key.nparser.KeYParser
	at de.uka.ilkd.key.nparser.ParsingFacade.createParser(ParsingFacade.java:87)
	at de.uka.ilkd.key.nparser.ParsingFacade.parseFile(ParsingFacade.java:123)
	at de.uka.ilkd.key.proof.io.KeYFile.getParseContext(KeYFile.java:160)
	at de.uka.ilkd.key.proof.io.KeYFile.getProblemInformation(KeYFile.java:236)
	at de.uka.ilkd.key.proof.init.KeYUserProblemFile.readProfileFromFile(KeYUserProblemFile.java:236)
	at de.uka.ilkd.key.proof.init.KeYUserProblemFile.getProfile(KeYUserProblemFile.java:216)
	at de.uka.ilkd.key.proof.io.AbstractProblemLoader.createProblemInitializer(AbstractProblemLoader.java:508)
	at de.uka.ilkd.key.proof.io.AbstractProblemLoader.loadEnvironment(AbstractProblemLoader.java:288)
	at de.uka.ilkd.key.proof.io.AbstractProblemLoader.load(AbstractProblemLoader.java:253)
	at de.uka.ilkd.key.control.AbstractUserInterfaceControl.load(AbstractUserInterfaceControl.java:209)
	... 7 more
Could not initialize class de.uka.ilkd.key.nparser.KeYParser (file: /home/runner/work/key/key/key.core/../key.ui/examples/index/.././standard_key/java_dl/continue2.key; caused by: java.lang.NoClassDefFoundError: Could not initialize class de.uka.ilkd.key.nparser.KeYParser)
	at de.uka.ilkd.key.control.AbstractUserInterfaceControl.load(AbstractUserInterfaceControl.java:221)
	at de.uka.ilkd.key.control.KeYEnvironment.load(KeYEnvironment.java:251)
	at de.uka.ilkd.key.control.KeYEnvironment.load(KeYEnvironment.java:224)
	at de.uka.ilkd.key.control.KeYEnvironment.load(KeYEnvironment.java:184)
	at de.uka.ilkd.key.control.KeYEnvironment.load(KeYEnvironment.java:261)
	at de.uka.ilkd.key.proof.runallproofs.proofcollection.TestFile.load(TestFile.java:270)
	at de.uka.ilkd.key.proof.runallproofs.proofcollection.TestFile.runKey(TestFile.java:160)
	at de.uka.ilkd.key.proof.runallproofs.proofcollection.ForkedTestFileRunner.main(ForkedTestFileRunner.java:171)
Caused by: java.lang.NoClassDefFoundError: Could not initialize class de.uka.ilkd.key.nparser.KeYParser
	at de.uka.ilkd.key.nparser.ParsingFacade.createParser(ParsingFacade.java:87)
	at de.uka.ilkd.key.nparser.ParsingFacade.parseFile(ParsingFacade.java:123)
	at de.uka.ilkd.key.proof.io.KeYFile.getParseContext(KeYFile.java:160)
	at de.uka.ilkd.key.proof.io.KeYFile.getProblemInformation(KeYFile.java:236)
	at de.uka.ilkd.key.proof.init.KeYUserProblemFile.readProfileFromFile(KeYUserProblemFile.java:236)
	at de.uka.ilkd.key.proof.init.KeYUserProblemFile.getProfile(KeYUserProblemFile.java:216)
	at de.uka.ilkd.key.proof.io.AbstractProblemLoader.createProblemInitializer(AbstractProblemLoader.java:508)
	at de.uka.ilkd.key.proof.io.AbstractProblemLoader.loadEnvironment(AbstractProblemLoader.java:288)
	at de.uka.ilkd.key.proof.io.AbstractProblemLoader.load(AbstractProblemLoader.java:253)
	at de.uka.ilkd.key.control.AbstractUserInterfaceControl.load(AbstractUserInterfaceControl.java:209)
	... 7 more
Could not initialize class de.uka.ilkd.key.nparser.KeYParser (file: /home/runner/work/key/key/key.core/../key.ui/examples/index/.././standard_key/java_dl/complexAssignment.key; caused by: java.lang.NoClassDefFoundError: Could not initialize class de.uka.ilkd.key.nparser.KeYParser)
	at de.uka.ilkd.key.control.AbstractUserInterfaceControl.load(AbstractUserInterfaceControl.java:221)
	at de.uka.ilkd.key.control.KeYEnvironment.load(KeYEnvironment.java:251)
	at de.uka.ilkd.key.control.KeYEnvironment.load(KeYEnvironment.java:224)
	at de.uka.ilkd.key.control.KeYEnvironment.load(KeYEnvironment.java:184)
	at de.uka.ilkd.key.control.KeYEnvironment.load(KeYEnvironment.java:261)
	at de.uka.ilkd.key.proof.runallproofs.proofcollection.TestFile.load(TestFile.java:270)
	at de.uka.ilkd.key.proof.runallproofs.proofcollection.TestFile.runKey(TestFile.java:160)
	at de.uka.ilkd.key.proof.runallproofs.proofcollection.ForkedTestFileRunner.main(ForkedTestFileRunner.java:171)
Caused by: java.lang.NoClassDefFoundError: Could not initialize class de.uka.ilkd.key.nparser.KeYParser
	at de.uka.ilkd.key.nparser.ParsingFacade.createParser(ParsingFacade.java:87)
	at de.uka.ilkd.key.nparser.ParsingFacade.parseFile(ParsingFacade.java:123)
	at de.uka.ilkd.key.proof.io.KeYFile.getParseContext(KeYFile.java:160)
	at de.uka.ilkd.key.proof.io.KeYFile.getProblemInformation(KeYFile.java:236)
	at de.uka.ilkd.key.proof.init.KeYUserProblemFile.readProfileFromFile(KeYUserProblemFile.java:236)
	at de.uka.ilkd.key.proof.init.KeYUserProblemFile.getProfile(KeYUserProblemFile.java:216)
	at de.uka.ilkd.key.proof.io.AbstractProblemLoader.createProblemInitializer(AbstractProblemLoader.java:508)
	at de.uka.ilkd.key.proof.io.AbstractProblemLoader.loadEnvironment(AbstractProblemLoader.java:288)
	at de.uka.ilkd.key.proof.io.AbstractProblemLoader.load(AbstractProblemLoader.java:253)
	at de.uka.ilkd.key.control.AbstractUserInterfaceControl.load(AbstractUserInterfaceControl.java:209)
	... 7 more
Could not initialize class de.uka.ilkd.key.nparser.KeYParser (file: /home/runner/work/key/key/key.core/../key.ui/examples/index/.././standard_key/java_dl/danglingElseSolution1.key; caused by: java.lang.NoClassDefFoundError: Could not initialize class de.uka.ilkd.key.nparser.KeYParser)
	at de.uka.ilkd.key.control.AbstractUserInterfaceControl.load(AbstractUserInterfaceControl.java:221)
	at de.uka.ilkd.key.control.KeYEnvironment.load(KeYEnvironment.java:251)
	at de.uka.ilkd.key.control.KeYEnvironment.load(KeYEnvironment.java:224)
	at de.uka.ilkd.key.control.KeYEnvironment.load(KeYEnvironment.java:184)
	at de.uka.ilkd.key.control.KeYEnvironment.load(KeYEnvironment.java:261)
	at de.uka.ilkd.key.proof.runallproofs.proofcollection.TestFile.load(TestFile.java:270)
	at de.uka.ilkd.key.proof.runallproofs.proofcollection.TestFile.runKey(TestFile.java:160)
	at de.uka.ilkd.key.proof.runallproofs.proofcollection.ForkedTestFileRunner.main(ForkedTestFileRunner.java:171)
Caused by: java.lang.NoClassDefFoundError: Could not initialize class de.uka.ilkd.key.nparser.KeYParser
	at de.uka.ilkd.key.nparser.ParsingFacade.createParser(ParsingFacade.java:87)
	at de.uka.ilkd.key.nparser.ParsingFacade.parseFile(ParsingFacade.java:123)
	at de.uka.ilkd.key.proof.io.KeYFile.getParseContext(KeYFile.java:160)
	at de.uka.ilkd.key.proof.io.KeYFile.getProblemInformation(KeYFile.java:236)
	at de.uka.ilkd.key.proof.init.KeYUserProblemFile.readProfileFromFile(KeYUserProblemFile.java:236)
	at de.uka.ilkd.key.proof.init.KeYUserProblemFile.getProfile(KeYUserProblemFile.java:216)
	at de.uka.ilkd.key.proof.io.AbstractProblemLoader.createProblemInitializer(AbstractProblemLoader.java:508)
	at de.uka.ilkd.key.proof.io.AbstractProblemLoader.loadEnvironment(AbstractProblemLoader.java:288)
	at de.uka.ilkd.key.proof.io.AbstractProblemLoader.load(AbstractProblemLoader.java:253)
	at de.uka.ilkd.key.control.AbstractUserInterfaceControl.load(AbstractUserInterfaceControl.java:209)
	... 7 more
Could not initialize class de.uka.ilkd.key.nparser.KeYParser (file: /home/runner/work/key/key/key.core/../key.ui/examples/index/.././standard_key/java_dl/danglingElseSolution2.key; caused by: java.lang.NoClassDefFoundError: Could not initialize class de.uka.ilkd.key.nparser.KeYParser)
	at de.uka.ilkd.key.control.AbstractUserInterfaceControl.load(AbstractUserInterfaceControl.java:221)
	at de.uka.ilkd.key.control.KeYEnvironment.load(KeYEnvironment.java:251)
	at de.uka.ilkd.key.control.KeYEnvironment.load(KeYEnvironment.java:224)
	at de.uka.ilkd.key.control.KeYEnvironment.load(KeYEnvironment.java:184)
	at de.uka.ilkd.key.control.KeYEnvironment.load(KeYEnvironment.java:261)
	at de.uka.ilkd.key.proof.runallproofs.proofcollection.TestFile.load(TestFile.java:270)
	at de.uka.ilkd.key.proof.runallproofs.proofcollection.TestFile.runKey(TestFile.java:160)
	at de.uka.ilkd.key.proof.runallproofs.proofcollection.ForkedTestFileRunner.main(ForkedTestFileRunner.java:171)
Caused by: java.lang.NoClassDefFoundError: Could not initialize class de.uka.ilkd.key.nparser.KeYParser
	at de.uka.ilkd.key.nparser.ParsingFacade.createParser(ParsingFacade.java:87)
	at de.uka.ilkd.key.nparser.ParsingFacade.parseFile(ParsingFacade.java:123)
	at de.uka.ilkd.key.proof.io.KeYFile.getParseContext(KeYFile.java:160)
	at de.uka.ilkd.key.proof.io.KeYFile.getProblemInformation(KeYFile.java:236)
	at de.uka.ilkd.key.proof.init.KeYUserProblemFile.readProfileFromFile(KeYUserProblemFile.java:236)
	at de.uka.ilkd.key.proof.init.KeYUserProblemFile.getProfile(KeYUserProblemFile.java:216)
	at de.uka.ilkd.key.proof.io.AbstractProblemLoader.createProblemInitializer(AbstractProblemLoader.java:508)
	at de.uka.ilkd.key.proof.io.AbstractProblemLoader.loadEnvironment(AbstractProblemLoader.java:288)
	at de.uka.ilkd.key.proof.io.AbstractProblemLoader.load(AbstractProblemLoader.java:253)
	at de.uka.ilkd.key.control.AbstractUserInterfaceControl.load(AbstractUserInterfaceControl.java:209)
	... 7 more
Could not initialize class de.uka.ilkd.key.nparser.KeYParser (file: /home/runner/work/key/key/key.core/../key.ui/examples/index/.././standard_key/java_dl/deepNonNull/deepNonNull0.key; caused by: java.lang.NoClassDefFoundError: Could not initialize class de.uka.ilkd.key.nparser.KeYParser)
	at de.uka.ilkd.key.control.AbstractUserInterfaceControl.load(AbstractUserInterfaceControl.java:221)
	at de.uka.ilkd.key.control.KeYEnvironment.load(KeYEnvironment.java:251)
	at de.uka.ilkd.key.control.KeYEnvironment.load(KeYEnvironment.java:224)
	at de.uka.ilkd.key.control.KeYEnvironment.load(KeYEnvironment.java:184)
	at de.uka.ilkd.key.control.KeYEnvironment.load(KeYEnvironment.java:261)
	at de.uka.ilkd.key.proof.runallproofs.proofcollection.TestFile.load(TestFile.java:270)
	at de.uka.ilkd.key.proof.runallproofs.proofcollection.TestFile.runKey(TestFile.java:160)
	at de.uka.ilkd.key.proof.runallproofs.proofcollection.ForkedTestFileRunner.main(ForkedTestFileRunner.java:171)
Caused by: java.lang.NoClassDefFoundError: Could not initialize class de.uka.ilkd.key.nparser.KeYParser
	at de.uka.ilkd.key.nparser.ParsingFacade.createParser(ParsingFacade.java:87)
	at de.uka.ilkd.key.nparser.ParsingFacade.parseFile(ParsingFacade.java:123)
	at de.uka.ilkd.key.proof.io.KeYFile.getParseContext(KeYFile.java:160)
	at de.uka.ilkd.key.proof.io.KeYFile.getProblemInformation(KeYFile.java:236)
	at de.uka.ilkd.key.proof.init.KeYUserProblemFile.readProfileFromFile(KeYUserProblemFile.java:236)
	at de.uka.ilkd.key.proof.init.KeYUserProblemFile.getProfile(KeYUserProblemFile.java:216)
	at de.uka.ilkd.key.proof.io.AbstractProblemLoader.createProblemInitializer(AbstractProblemLoader.java:508)
	at de.uka.ilkd.key.proof.io.AbstractProblemLoader.loadEnvironment(AbstractProblemLoader.java:288)
	at de.uka.ilkd.key.proof.io.AbstractProblemLoader.load(AbstractProblemLoader.java:253)
	at de.uka.ilkd.key.control.AbstractUserInterfaceControl.load(AbstractUserInterfaceControl.java:209)
	... 7 more
Could not initialize class de.uka.ilkd.key.nparser.KeYParser (file: /home/runner/work/key/key/key.core/../key.ui/examples/index/.././standard_key/java_dl/deepNonNull/deepNonNull1.key; caused by: java.lang.NoClassDefFoundError: Could not initialize class de.uka.ilkd.key.nparser.KeYParser)
	at de.uka.ilkd.key.control.AbstractUserInterfaceControl.load(AbstractUserInterfaceControl.java:221)
	at de.uka.ilkd.key.control.KeYEnvironment.load(KeYEnvironment.java:251)
	at de.uka.ilkd.key.control.KeYEnvironment.load(KeYEnvironment.java:224)
	at de.uka.ilkd.key.control.KeYEnvironment.load(KeYEnvironment.java:184)
	at de.uka.ilkd.key.control.KeYEnvironment.load(KeYEnvironment.java:261)
	at de.uka.ilkd.key.proof.runallproofs.proofcollection.TestFile.load(TestFile.java:270)
	at de.uka.ilkd.key.proof.runallproofs.proofcollection.TestFile.runKey(TestFile.java:160)
	at de.uka.ilkd.key.proof.runallproofs.proofcollection.ForkedTestFileRunner.main(ForkedTestFileRunner.java:171)
Caused by: java.lang.NoClassDefFoundError: Could not initialize class de.uka.ilkd.key.nparser.KeYParser
	at de.uka.ilkd.key.nparser.ParsingFacade.createParser(ParsingFacade.java:87)
	at de.uka.ilkd.key.nparser.ParsingFacade.parseFile(ParsingFacade.java:123)
	at de.uka.ilkd.key.proof.io.KeYFile.getParseContext(KeYFile.java:160)
	at de.uka.ilkd.key.proof.io.KeYFile.getProblemInformation(KeYFile.java:236)
	at de.uka.ilkd.key.proof.init.KeYUserProblemFile.readProfileFromFile(KeYUserProblemFile.java:236)
	at de.uka.ilkd.key.proof.init.KeYUserProblemFile.getProfile(KeYUserProblemFile.java:216)
	at de.uka.ilkd.key.proof.io.AbstractProblemLoader.createProblemInitializer(AbstractProblemLoader.java:508)
	at de.uka.ilkd.key.proof.io.AbstractProblemLoader.loadEnvironment(AbstractProblemLoader.java:288)
	at de.uka.ilkd.key.proof.io.AbstractProblemLoader.load(AbstractProblemLoader.java:253)
	at de.uka.ilkd.key.control.AbstractUserInterfaceControl.load(AbstractUserInterfaceControl.java:209)
	... 7 more
Could not initialize class de.uka.ilkd.key.nparser.KeYParser (file: /home/runner/work/key/key/key.core/../key.ui/examples/index/.././standard_key/java_dl/deepNonNull/deepNonNull2.key; caused by: java.lang.NoClassDefFoundError: Could not initialize class de.uka.ilkd.key.nparser.KeYParser)
	at de.uka.ilkd.key.control.AbstractUserInterfaceControl.load(AbstractUserInterfaceControl.java:221)
	at de.uka.ilkd.key.control.KeYEnvironment.load(KeYEnvironment.java:251)
	at de.uka.ilkd.key.control.KeYEnvironment.load(KeYEnvironment.java:224)
	at de.uka.ilkd.key.control.KeYEnvironment.load(KeYEnvironment.java:184)
	at de.uka.ilkd.key.control.KeYEnvironment.load(KeYEnvironment.java:261)
	at de.uka.ilkd.key.proof.runallproofs.proofcollection.TestFile.load(TestFile.java:270)
	at de.uka.ilkd.key.proof.runallproofs.proofcollection.TestFile.runKey(TestFile.java:160)
	at de.uka.ilkd.key.proof.runallproofs.proofcollection.ForkedTestFileRunner.main(ForkedTestFileRunner.java:171)
Caused by: java.lang.NoClassDefFoundError: Could not initialize class de.uka.ilkd.key.nparser.KeYParser
	at de.uka.ilkd.key.nparser.ParsingFacade.createParser(ParsingFacade.java:87)
	at de.uka.ilkd.key.nparser.ParsingFacade.parseFile(ParsingFacade.java:123)
	at de.uka.ilkd.key.proof.io.KeYFile.getParseContext(KeYFile.java:160)
	at de.uka.ilkd.key.proof.io.KeYFile.getProblemInformation(KeYFile.java:236)
	at de.uka.ilkd.key.proof.init.KeYUserProblemFile.readProfileFromFile(KeYUserProblemFile.java:236)
	at de.uka.ilkd.key.proof.init.KeYUserProblemFile.getProfile(KeYUserProblemFile.java:216)
	at de.uka.ilkd.key.proof.io.AbstractProblemLoader.createProblemInitializer(AbstractProblemLoader.java:508)
	at de.uka.ilkd.key.proof.io.AbstractProblemLoader.loadEnvironment(AbstractProblemLoader.java:288)
	at de.uka.ilkd.key.proof.io.AbstractProblemLoader.load(AbstractProblemLoader.java:253)
	at de.uka.ilkd.key.control.AbstractUserInterfaceControl.load(AbstractUserInterfaceControl.java:209)
	... 7 more
Could not initialize class de.uka.ilkd.key.nparser.KeYParser (file: /home/runner/work/key/key/key.core/../key.ui/examples/index/.././standard_key/java_dl/deepNonNull/deepNonNull3.key; caused by: java.lang.NoClassDefFoundError: Could not initialize class de.uka.ilkd.key.nparser.KeYParser)
	at de.uka.ilkd.key.control.AbstractUserInterfaceControl.load(AbstractUserInterfaceControl.java:221)
	at de.uka.ilkd.key.control.KeYEnvironment.load(KeYEnvironment.java:251)
	at de.uka.ilkd.key.control.KeYEnvironment.load(KeYEnvironment.java:224)
	at de.uka.ilkd.key.control.KeYEnvironment.load(KeYEnvironment.java:184)
	at de.uka.ilkd.key.control.KeYEnvironment.load(KeYEnvironment.java:261)
	at de.uka.ilkd.key.proof.runallproofs.proofcollection.TestFile.load(TestFile.java:270)
	at de.uka.ilkd.key.proof.runallproofs.proofcollection.TestFile.runKey(TestFile.java:160)
	at de.uka.ilkd.key.proof.runallproofs.proofcollection.ForkedTestFileRunner.main(ForkedTestFileRunner.java:171)
Caused by: java.lang.NoClassDefFoundError: Could not initialize class de.uka.ilkd.key.nparser.KeYParser
	at de.uka.ilkd.key.nparser.ParsingFacade.createParser(ParsingFacade.java:87)
	at de.uka.ilkd.key.nparser.ParsingFacade.parseFile(ParsingFacade.java:123)
	at de.uka.ilkd.key.proof.io.KeYFile.getParseContext(KeYFile.java:160)
	at de.uka.ilkd.key.proof.io.KeYFile.getProblemInformation(KeYFile.java:236)
	at de.uka.ilkd.key.proof.init.KeYUserProblemFile.readProfileFromFile(KeYUserProblemFile.java:236)
	at de.uka.ilkd.key.proof.init.KeYUserProblemFile.getProfile(KeYUserProblemFile.java:216)
	at de.uka.ilkd.key.proof.io.AbstractProblemLoader.createProblemInitializer(AbstractProblemLoader.java:508)
	at de.uka.ilkd.key.proof.io.AbstractProblemLoader.loadEnvironment(AbstractProblemLoader.java:288)
	at de.uka.ilkd.key.proof.io.AbstractProblemLoader.load(AbstractProblemLoader.java:253)
	at de.uka.ilkd.key.control.AbstractUserInterfaceControl.load(AbstractUserInterfaceControl.java:209)
	... 7 more
Could not initialize class de.uka.ilkd.key.nparser.KeYParser (file: /home/runner/work/key/key/key.core/../key.ui/examples/index/.././standard_key/java_dl/exceptions.key; caused by: java.lang.NoClassDefFoundError: Could not initialize class de.uka.ilkd.key.nparser.KeYParser)
	at de.uka.ilkd.key.control.AbstractUserInterfaceControl.load(AbstractUserInterfaceControl.java:221)
	at de.uka.ilkd.key.control.KeYEnvironment.load(KeYEnvironment.java:251)
	at de.uka.ilkd.key.control.KeYEnvironment.load(KeYEnvironment.java:224)
	at de.uka.ilkd.key.control.KeYEnvironment.load(KeYEnvironment.java:184)
	at de.uka.ilkd.key.control.KeYEnvironment.load(KeYEnvironment.java:261)
	at de.uka.ilkd.key.proof.runallproofs.proofcollection.TestFile.load(TestFile.java:270)
	at de.uka.ilkd.key.proof.runallproofs.proofcollection.TestFile.runKey(TestFile.java:160)
	at de.uka.ilkd.key.proof.runallproofs.proofcollection.ForkedTestFileRunner.main(ForkedTestFileRunner.java:171)
Caused by: java.lang.NoClassDefFoundError: Could not initialize class de.uka.ilkd.key.nparser.KeYParser
	at de.uka.ilkd.key.nparser.ParsingFacade.createParser(ParsingFacade.java:87)
	at de.uka.ilkd.key.nparser.ParsingFacade.parseFile(ParsingFacade.java:123)
	at de.uka.ilkd.key.proof.io.KeYFile.getParseContext(KeYFile.java:160)
	at de.uka.ilkd.key.proof.io.KeYFile.getProblemInformation(KeYFile.java:236)
	at de.uka.ilkd.key.proof.init.KeYUserProblemFile.readProfileFromFile(KeYUserProblemFile.java:236)
	at de.uka.ilkd.key.proof.init.KeYUserProblemFile.getProfile(KeYUserProblemFile.java:216)
	at de.uka.ilkd.key.proof.io.AbstractProblemLoader.createProblemInitializer(AbstractProblemLoader.java:508)
	at de.uka.ilkd.key.proof.io.AbstractProblemLoader.loadEnvironment(AbstractProblemLoader.java:288)
	at de.uka.ilkd.key.proof.io.AbstractProblemLoader.load(AbstractProblemLoader.java:253)
	at de.uka.ilkd.key.control.AbstractUserInterfaceControl.load(AbstractUserInterfaceControl.java:209)
	... 7 more
Could not initialize class de.uka.ilkd.key.nparser.KeYParser (file: /home/runner/work/key/key/key.core/../key.ui/examples/index/.././standard_key/java_dl/exceptions1.key; caused by: java.lang.NoClassDefFoundError: Could not initialize class de.uka.ilkd.key.nparser.KeYParser)
	at de.uka.ilkd.key.control.AbstractUserInterfaceControl.load(AbstractUserInterfaceControl.java:221)
	at de.uka.ilkd.key.control.KeYEnvironment.load(KeYEnvironment.java:251)
	at de.uka.ilkd.key.control.KeYEnvironment.load(KeYEnvironment.java:224)
	at de.uka.ilkd.key.control.KeYEnvironment.load(KeYEnvironment.java:184)
	at de.uka.ilkd.key.control.KeYEnvironment.load(KeYEnvironment.java:261)
	at de.uka.ilkd.key.proof.runallproofs.proofcollection.TestFile.load(TestFile.java:270)
	at de.uka.ilkd.key.proof.runallproofs.proofcollection.TestFile.runKey(TestFile.java:160)
	at de.uka.ilkd.key.proof.runallproofs.proofcollection.ForkedTestFileRunner.main(ForkedTestFileRunner.java:171)
Caused by: java.lang.NoClassDefFoundError: Could not initialize class de.uka.ilkd.key.nparser.KeYParser
	at de.uka.ilkd.key.nparser.ParsingFacade.createParser(ParsingFacade.java:87)
	at de.uka.ilkd.key.nparser.ParsingFacade.parseFile(ParsingFacade.java:123)
	at de.uka.ilkd.key.proof.io.KeYFile.getParseContext(KeYFile.java:160)
	at de.uka.ilkd.key.proof.io.KeYFile.getProblemInformation(KeYFile.java:236)
	at de.uka.ilkd.key.proof.init.KeYUserProblemFile.readProfileFromFile(KeYUserProblemFile.java:236)
	at de.uka.ilkd.key.proof.init.KeYUserProblemFile.getProfile(KeYUserProblemFile.java:216)
	at de.uka.ilkd.key.proof.io.AbstractProblemLoader.createProblemInitializer(AbstractProblemLoader.java:508)
	at de.uka.ilkd.key.proof.io.AbstractProblemLoader.loadEnvironment(AbstractProblemLoader.java:288)
	at de.uka.ilkd.key.proof.io.AbstractProblemLoader.load(AbstractProblemLoader.java:253)
	at de.uka.ilkd.key.control.AbstractUserInterfaceControl.load(AbstractUserInterfaceControl.java:209)
	... 7 more
Could not initialize class de.uka.ilkd.key.nparser.KeYParser (file: /home/runner/work/key/key/key.core/../key.ui/examples/index/.././standard_key/java_dl/exceptions2.key; caused by: java.lang.NoClassDefFoundError: Could not initialize class de.uka.ilkd.key.nparser.KeYParser)
	at de.uka.ilkd.key.control.AbstractUserInterfaceControl.load(AbstractUserInterfaceControl.java:221)
	at de.uka.ilkd.key.control.KeYEnvironment.load(KeYEnvironment.java:251)
	at de.uka.ilkd.key.control.KeYEnvironment.load(KeYEnvironment.java:224)
	at de.uka.ilkd.key.control.KeYEnvironment.load(KeYEnvironment.java:184)
	at de.uka.ilkd.key.control.KeYEnvironment.load(KeYEnvironment.java:261)
	at de.uka.ilkd.key.proof.runallproofs.proofcollection.TestFile.load(TestFile.java:270)
	at de.uka.ilkd.key.proof.runallproofs.proofcollection.TestFile.runKey(TestFile.java:160)
	at de.uka.ilkd.key.proof.runallproofs.proofcollection.ForkedTestFileRunner.main(ForkedTestFileRunner.java:171)
Caused by: java.lang.NoClassDefFoundError: Could not initialize class de.uka.ilkd.key.nparser.KeYParser
	at de.uka.ilkd.key.nparser.ParsingFacade.createParser(ParsingFacade.java:87)
	at de.uka.ilkd.key.nparser.ParsingFacade.parseFile(ParsingFacade.java:123)
	at de.uka.ilkd.key.proof.io.KeYFile.getParseContext(KeYFile.java:160)
	at de.uka.ilkd.key.proof.io.KeYFile.getProblemInformation(KeYFile.java:236)
	at de.uka.ilkd.key.proof.init.KeYUserProblemFile.readProfileFromFile(KeYUserProblemFile.java:236)
	at de.uka.ilkd.key.proof.init.KeYUserProblemFile.getProfile(KeYUserProblemFile.java:216)
	at de.uka.ilkd.key.proof.io.AbstractProblemLoader.createProblemInitializer(AbstractProblemLoader.java:508)
	at de.uka.ilkd.key.proof.io.AbstractProblemLoader.loadEnvironment(AbstractProblemLoader.java:288)
	at de.uka.ilkd.key.proof.io.AbstractProblemLoader.load(AbstractProblemLoader.java:253)
	at de.uka.ilkd.key.control.AbstractUserInterfaceControl.load(AbstractUserInterfaceControl.java:209)
	... 7 more
Could not initialize class de.uka.ilkd.key.nparser.KeYParser (file: /home/runner/work/key/key/key.core/../key.ui/examples/index/.././standard_key/java_dl/exceptions3.key; caused by: java.lang.NoClassDefFoundError: Could not initialize class de.uka.ilkd.key.nparser.KeYParser)
	at de.uka.ilkd.key.control.AbstractUserInterfaceControl.load(AbstractUserInterfaceControl.java:221)
	at de.uka.ilkd.key.control.KeYEnvironment.load(KeYEnvironment.java:251)
	at de.uka.ilkd.key.control.KeYEnvironment.load(KeYEnvironment.java:224)
	at de.uka.ilkd.key.control.KeYEnvironment.load(KeYEnvironment.java:184)
	at de.uka.ilkd.key.control.KeYEnvironment.load(KeYEnvironment.java:261)
	at de.uka.ilkd.key.proof.runallproofs.proofcollection.TestFile.load(TestFile.java:270)
	at de.uka.ilkd.key.proof.runallproofs.proofcollection.TestFile.runKey(TestFile.java:160)
	at de.uka.ilkd.key.proof.runallproofs.proofcollection.ForkedTestFileRunner.main(ForkedTestFileRunner.java:171)
Caused by: java.lang.NoClassDefFoundError: Could not initialize class de.uka.ilkd.key.nparser.KeYParser
	at de.uka.ilkd.key.nparser.ParsingFacade.createParser(ParsingFacade.java:87)
	at de.uka.ilkd.key.nparser.ParsingFacade.parseFile(ParsingFacade.java:123)
	at de.uka.ilkd.key.proof.io.KeYFile.getParseContext(KeYFile.java:160)
	at de.uka.ilkd.key.proof.io.KeYFile.getProblemInformation(KeYFile.java:236)
	at de.uka.ilkd.key.proof.init.KeYUserProblemFile.readProfileFromFile(KeYUserProblemFile.java:236)
	at de.uka.ilkd.key.proof.init.KeYUserProblemFile.getProfile(KeYUserProblemFile.java:216)
	at de.uka.ilkd.key.proof.io.AbstractProblemLoader.createProblemInitializer(AbstractProblemLoader.java:508)
	at de.uka.ilkd.key.proof.io.AbstractProblemLoader.loadEnvironment(AbstractProblemLoader.java:288)
	at de.uka.ilkd.key.proof.io.AbstractProblemLoader.load(AbstractProblemLoader.java:253)
	at de.uka.ilkd.key.control.AbstractUserInterfaceControl.load(AbstractUserInterfaceControl.java:209)
	... 7 more
Could not initialize class de.uka.ilkd.key.nparser.KeYParser (file: /home/runner/work/key/key/key.core/../key.ui/examples/index/.././standard_key/java_dl/exchange.key; caused by: java.lang.NoClassDefFoundError: Could not initialize class de.uka.ilkd.key.nparser.KeYParser)
	at de.uka.ilkd.key.control.AbstractUserInterfaceControl.load(AbstractUserInterfaceControl.java:221)
	at de.uka.ilkd.key.control.KeYEnvironment.load(KeYEnvironment.java:251)
	at de.uka.ilkd.key.control.KeYEnvironment.load(KeYEnvironment.java:224)
	at de.uka.ilkd.key.control.KeYEnvironment.load(KeYEnvironment.java:184)
	at de.uka.ilkd.key.control.KeYEnvironment.load(KeYEnvironment.java:261)
	at de.uka.ilkd.key.proof.runallproofs.proofcollection.TestFile.load(TestFile.java:270)
	at de.uka.ilkd.key.proof.runallproofs.proofcollection.TestFile.runKey(TestFile.java:160)
	at de.uka.ilkd.key.proof.runallproofs.proofcollection.ForkedTestFileRunner.main(ForkedTestFileRunner.java:171)
Caused by: java.lang.NoClassDefFoundError: Could not initialize class de.uka.ilkd.key.nparser.KeYParser
	at de.uka.ilkd.key.nparser.ParsingFacade.createParser(ParsingFacade.java:87)
	at de.uka.ilkd.key.nparser.ParsingFacade.parseFile(ParsingFacade.java:123)
	at de.uka.ilkd.key.proof.io.KeYFile.getParseContext(KeYFile.java:160)
	at de.uka.ilkd.key.proof.io.KeYFile.getProblemInformation(KeYFile.java:236)
	at de.uka.ilkd.key.proof.init.KeYUserProblemFile.readProfileFromFile(KeYUserProblemFile.java:236)
	at de.uka.ilkd.key.proof.init.KeYUserProblemFile.getProfile(KeYUserProblemFile.java:216)
	at de.uka.ilkd.key.proof.io.AbstractProblemLoader.createProblemInitializer(AbstractProblemLoader.java:508)
	at de.uka.ilkd.key.proof.io.AbstractProblemLoader.loadEnvironment(AbstractProblemLoader.java:288)
	at de.uka.ilkd.key.proof.io.AbstractProblemLoader.load(AbstractProblemLoader.java:253)
	at de.uka.ilkd.key.control.AbstractUserInterfaceControl.load(AbstractUserInterfaceControl.java:209)
	... 7 more
Could not initialize class de.uka.ilkd.key.nparser.KeYParser (file: /home/runner/work/key/key/key.core/../key.ui/examples/index/.././standard_key/java_dl/if.key; caused by: java.lang.NoClassDefFoundError: Could not initialize class de.uka.ilkd.key.nparser.KeYParser)
	at de.uka.ilkd.key.control.AbstractUserInterfaceControl.load(AbstractUserInterfaceControl.java:221)
	at de.uka.ilkd.key.control.KeYEnvironment.load(KeYEnvironment.java:251)
	at de.uka.ilkd.key.control.KeYEnvironment.load(KeYEnvironment.java:224)
	at de.uka.ilkd.key.control.KeYEnvironment.load(KeYEnvironment.java:184)
	at de.uka.ilkd.key.control.KeYEnvironment.load(KeYEnvironment.java:261)
	at de.uka.ilkd.key.proof.runallproofs.proofcollection.TestFile.load(TestFile.java:270)
	at de.uka.ilkd.key.proof.runallproofs.proofcollection.TestFile.runKey(TestFile.java:160)
	at de.uka.ilkd.key.proof.runallproofs.proofcollection.ForkedTestFileRunner.main(ForkedTestFileRunner.java:171)
Caused by: java.lang.NoClassDefFoundError: Could not initialize class de.uka.ilkd.key.nparser.KeYParser
	at de.uka.ilkd.key.nparser.ParsingFacade.createParser(ParsingFacade.java:87)
	at de.uka.ilkd.key.nparser.ParsingFacade.parseFile(ParsingFacade.java:123)
	at de.uka.ilkd.key.proof.io.KeYFile.getParseContext(KeYFile.java:160)
	at de.uka.ilkd.key.proof.io.KeYFile.getProblemInformation(KeYFile.java:236)
	at de.uka.ilkd.key.proof.init.KeYUserProblemFile.readProfileFromFile(KeYUserProblemFile.java:236)
	at de.uka.ilkd.key.proof.init.KeYUserProblemFile.getProfile(KeYUserProblemFile.java:216)
	at de.uka.ilkd.key.proof.io.AbstractProblemLoader.createProblemInitializer(AbstractProblemLoader.java:508)
	at de.uka.ilkd.key.proof.io.AbstractProblemLoader.loadEnvironment(AbstractProblemLoader.java:288)
	at de.uka.ilkd.key.proof.io.AbstractProblemLoader.load(AbstractProblemLoader.java:253)
	at de.uka.ilkd.key.control.AbstractUserInterfaceControl.load(AbstractUserInterfaceControl.java:209)
	... 7 more
Could not initialize class de.uka.ilkd.key.nparser.KeYParser (file: /home/runner/work/key/key/key.core/../key.ui/examples/index/.././standard_key/java_dl/incrementcounter.key; caused by: java.lang.NoClassDefFoundError: Could not initialize class de.uka.ilkd.key.nparser.KeYParser)
	at de.uka.ilkd.key.control.AbstractUserInterfaceControl.load(AbstractUserInterfaceControl.java:221)
	at de.uka.ilkd.key.control.KeYEnvironment.load(KeYEnvironment.java:251)
	at de.uka.ilkd.key.control.KeYEnvironment.load(KeYEnvironment.java:224)
	at de.uka.ilkd.key.control.KeYEnvironment.load(KeYEnvironment.java:184)
	at de.uka.ilkd.key.control.KeYEnvironment.load(KeYEnvironment.java:261)
	at de.uka.ilkd.key.proof.runallproofs.proofcollection.TestFile.load(TestFile.java:270)
	at de.uka.ilkd.key.proof.runallproofs.proofcollection.TestFile.runKey(TestFile.java:160)
	at de.uka.ilkd.key.proof.runallproofs.proofcollection.ForkedTestFileRunner.main(ForkedTestFileRunner.java:171)
Caused by: java.lang.NoClassDefFoundError: Could not initialize class de.uka.ilkd.key.nparser.KeYParser
	at de.uka.ilkd.key.nparser.ParsingFacade.createParser(ParsingFacade.java:87)
	at de.uka.ilkd.key.nparser.ParsingFacade.parseFile(ParsingFacade.java:123)
	at de.uka.ilkd.key.proof.io.KeYFile.getParseContext(KeYFile.java:160)
	at de.uka.ilkd.key.proof.io.KeYFile.getProblemInformation(KeYFile.java:236)
	at de.uka.ilkd.key.proof.init.KeYUserProblemFile.readProfileFromFile(KeYUserProblemFile.java:236)
	at de.uka.ilkd.key.proof.init.KeYUserProblemFile.getProfile(KeYUserProblemFile.java:216)
	at de.uka.ilkd.key.proof.io.AbstractProblemLoader.createProblemInitializer(AbstractProblemLoader.java:508)
	at de.uka.ilkd.key.proof.io.AbstractProblemLoader.loadEnvironment(AbstractProblemLoader.java:288)
	at de.uka.ilkd.key.proof.io.AbstractProblemLoader.load(AbstractProblemLoader.java:253)
	at de.uka.ilkd.key.control.AbstractUserInterfaceControl.load(AbstractUserInterfaceControl.java:209)
	... 7 more
Could not initialize class de.uka.ilkd.key.nparser.KeYParser (file: /home/runner/work/key/key/key.core/../key.ui/examples/index/.././standard_key/java_dl/danglingElse.key; caused by: java.lang.NoClassDefFoundError: Could not initialize class de.uka.ilkd.key.nparser.KeYParser)
	at de.uka.ilkd.key.control.AbstractUserInterfaceControl.load(AbstractUserInterfaceControl.java:221)
	at de.uka.ilkd.key.control.KeYEnvironment.load(KeYEnvironment.java:251)
	at de.uka.ilkd.key.control.KeYEnvironment.load(KeYEnvironment.java:224)
	at de.uka.ilkd.key.control.KeYEnvironment.load(KeYEnvironment.java:184)
	at de.uka.ilkd.key.control.KeYEnvironment.load(KeYEnvironment.java:261)
	at de.uka.ilkd.key.proof.runallproofs.proofcollection.TestFile.load(TestFile.java:270)
	at de.uka.ilkd.key.proof.runallproofs.proofcollection.TestFile.runKey(TestFile.java:160)
	at de.uka.ilkd.key.proof.runallproofs.proofcollection.ForkedTestFileRunner.main(ForkedTestFileRunner.java:171)
Caused by: java.lang.NoClassDefFoundError: Could not initialize class de.uka.ilkd.key.nparser.KeYParser
	at de.uka.ilkd.key.nparser.ParsingFacade.createParser(ParsingFacade.java:87)
	at de.uka.ilkd.key.nparser.ParsingFacade.parseFile(ParsingFacade.java:123)
	at de.uka.ilkd.key.proof.io.KeYFile.getParseContext(KeYFile.java:160)
	at de.uka.ilkd.key.proof.io.KeYFile.getProblemInformation(KeYFile.java:236)
	at de.uka.ilkd.key.proof.init.KeYUserProblemFile.readProfileFromFile(KeYUserProblemFile.java:236)
	at de.uka.ilkd.key.proof.init.KeYUserProblemFile.getProfile(KeYUserProblemFile.java:216)
	at de.uka.ilkd.key.proof.io.AbstractProblemLoader.createProblemInitializer(AbstractProblemLoader.java:508)
	at de.uka.ilkd.key.proof.io.AbstractProblemLoader.loadEnvironment(AbstractProblemLoader.java:288)
	at de.uka.ilkd.key.proof.io.AbstractProblemLoader.load(AbstractProblemLoader.java:253)
	at de.uka.ilkd.key.control.AbstractUserInterfaceControl.load(AbstractUserInterfaceControl.java:209)
	... 7 more
Could not initialize class de.uka.ilkd.key.nparser.KeYParser (file: /home/runner/work/key/key/key.core/../key.ui/examples/index/.././standard_key/java_dl/iteratedAssignment.key; caused by: java.lang.NoClassDefFoundError: Could not initialize class de.uka.ilkd.key.nparser.KeYParser)
	at de.uka.ilkd.key.control.AbstractUserInterfaceControl.load(AbstractUserInterfaceControl.java:221)
	at de.uka.ilkd.key.control.KeYEnvironment.load(KeYEnvironment.java:251)
	at de.uka.ilkd.key.control.KeYEnvironment.load(KeYEnvironment.java:224)
	at de.uka.ilkd.key.control.KeYEnvironment.load(KeYEnvironment.java:184)
	at de.uka.ilkd.key.control.KeYEnvironment.load(KeYEnvironment.java:261)
	at de.uka.ilkd.key.proof.runallproofs.proofcollection.TestFile.load(TestFile.java:270)
	at de.uka.ilkd.key.proof.runallproofs.proofcollection.TestFile.runKey(TestFile.java:160)
	at de.uka.ilkd.key.proof.runallproofs.proofcollection.ForkedTestFileRunner.main(ForkedTestFileRunner.java:171)
Caused by: java.lang.NoClassDefFoundError: Could not initialize class de.uka.ilkd.key.nparser.KeYParser
	at de.uka.ilkd.key.nparser.ParsingFacade.createParser(ParsingFacade.java:87)
	at de.uka.ilkd.key.nparser.ParsingFacade.parseFile(ParsingFacade.java:123)
	at de.uka.ilkd.key.proof.io.KeYFile.getParseContext(KeYFile.java:160)
	at de.uka.ilkd.key.proof.io.KeYFile.getProblemInformation(KeYFile.java:236)
	at de.uka.ilkd.key.proof.init.KeYUserProblemFile.readProfileFromFile(KeYUserProblemFile.java:236)
	at de.uka.ilkd.key.proof.init.KeYUserProblemFile.getProfile(KeYUserProblemFile.java:216)
	at de.uka.ilkd.key.proof.io.AbstractProblemLoader.createProblemInitializer(AbstractProblemLoader.java:508)
	at de.uka.ilkd.key.proof.io.AbstractProblemLoader.loadEnvironment(AbstractProblemLoader.java:288)
	at de.uka.ilkd.key.proof.io.AbstractProblemLoader.load(AbstractProblemLoader.java:253)
	at de.uka.ilkd.key.control.AbstractUserInterfaceControl.load(AbstractUserInterfaceControl.java:209)
	... 7 more
Could not initialize class de.uka.ilkd.key.nparser.KeYParser (file: /home/runner/work/key/key/key.core/../key.ui/examples/index/.././standard_key/java_dl/assert/assert1.key; caused by: java.lang.NoClassDefFoundError: Could not initialize class de.uka.ilkd.key.nparser.KeYParser)
	at de.uka.ilkd.key.control.AbstractUserInterfaceControl.load(AbstractUserInterfaceControl.java:221)
	at de.uka.ilkd.key.control.KeYEnvironment.load(KeYEnvironment.java:251)
	at de.uka.ilkd.key.control.KeYEnvironment.load(KeYEnvironment.java:224)
	at de.uka.ilkd.key.control.KeYEnvironment.load(KeYEnvironment.java:184)
	at de.uka.ilkd.key.control.KeYEnvironment.load(KeYEnvironment.java:261)
	at de.uka.ilkd.key.proof.runallproofs.proofcollection.TestFile.load(TestFile.java:270)
	at de.uka.ilkd.key.proof.runallproofs.proofcollection.TestFile.runKey(TestFile.java:160)
	at de.uka.ilkd.key.proof.runallproofs.proofcollection.ForkedTestFileRunner.main(ForkedTestFileRunner.java:171)
Caused by: java.lang.NoClassDefFoundError: Could not initialize class de.uka.ilkd.key.nparser.KeYParser
	at de.uka.ilkd.key.nparser.ParsingFacade.createParser(ParsingFacade.java:87)
	at de.uka.ilkd.key.nparser.ParsingFacade.parseFile(ParsingFacade.java:123)
	at de.uka.ilkd.key.proof.io.KeYFile.getParseContext(KeYFile.java:160)
	at de.uka.ilkd.key.proof.io.KeYFile.getProblemInformation(KeYFile.java:236)
	at de.uka.ilkd.key.proof.init.KeYUserProblemFile.readProfileFromFile(KeYUserProblemFile.java:236)
	at de.uka.ilkd.key.proof.init.KeYUserProblemFile.getProfile(KeYUserProblemFile.java:216)
	at de.uka.ilkd.key.proof.io.AbstractProblemLoader.createProblemInitializer(AbstractProblemLoader.java:508)
	at de.uka.ilkd.key.proof.io.AbstractProblemLoader.loadEnvironment(AbstractProblemLoader.java:288)
	at de.uka.ilkd.key.proof.io.AbstractProblemLoader.load(AbstractProblemLoader.java:253)
	at de.uka.ilkd.key.control.AbstractUserInterfaceControl.load(AbstractUserInterfaceControl.java:209)
	... 7 more
Could not initialize class de.uka.ilkd.key.nparser.KeYParser (file: /home/runner/work/key/key/key.core/../key.ui/examples/index/.././standard_key/java_dl/assert/assert2.key; caused by: java.lang.NoClassDefFoundError: Could not initialize class de.uka.ilkd.key.nparser.KeYParser)
	at de.uka.ilkd.key.control.AbstractUserInterfaceControl.load(AbstractUserInterfaceControl.java:221)
	at de.uka.ilkd.key.control.KeYEnvironment.load(KeYEnvironment.java:251)
	at de.uka.ilkd.key.control.KeYEnvironment.load(KeYEnvironment.java:224)
	at de.uka.ilkd.key.control.KeYEnvironment.load(KeYEnvironment.java:184)
	at de.uka.ilkd.key.control.KeYEnvironment.load(KeYEnvironment.java:261)
	at de.uka.ilkd.key.proof.runallproofs.proofcollection.TestFile.load(TestFile.java:270)
	at de.uka.ilkd.key.proof.runallproofs.proofcollection.TestFile.runKey(TestFile.java:160)
	at de.uka.ilkd.key.proof.runallproofs.proofcollection.ForkedTestFileRunner.main(ForkedTestFileRunner.java:171)
Caused by: java.lang.NoClassDefFoundError: Could not initialize class de.uka.ilkd.key.nparser.KeYParser
	at de.uka.ilkd.key.nparser.ParsingFacade.createParser(ParsingFacade.java:87)
	at de.uka.ilkd.key.nparser.ParsingFacade.parseFile(ParsingFacade.java:123)
	at de.uka.ilkd.key.proof.io.KeYFile.getParseContext(KeYFile.java:160)
	at de.uka.ilkd.key.proof.io.KeYFile.getProblemInformation(KeYFile.java:236)
	at de.uka.ilkd.key.proof.init.KeYUserProblemFile.readProfileFromFile(KeYUserProblemFile.java:236)
	at de.uka.ilkd.key.proof.init.KeYUserProblemFile.getProfile(KeYUserProblemFile.java:216)
	at de.uka.ilkd.key.proof.io.AbstractProblemLoader.createProblemInitializer(AbstractProblemLoader.java:508)
	at de.uka.ilkd.key.proof.io.AbstractProblemLoader.loadEnvironment(AbstractProblemLoader.java:288)
	at de.uka.ilkd.key.proof.io.AbstractProblemLoader.load(AbstractProblemLoader.java:253)
	at de.uka.ilkd.key.control.AbstractUserInterfaceControl.load(AbstractUserInterfaceControl.java:209)
	... 7 more
Could not initialize class de.uka.ilkd.key.nparser.KeYParser (file: /home/runner/work/key/key/key.core/../key.ui/examples/index/.././standard_key/java_dl/assert/assert3.key; caused by: java.lang.NoClassDefFoundError: Could not initialize class de.uka.ilkd.key.nparser.KeYParser)
	at de.uka.ilkd.key.control.AbstractUserInterfaceControl.load(AbstractUserInterfaceControl.java:221)
	at de.uka.ilkd.key.control.KeYEnvironment.load(KeYEnvironment.java:251)
	at de.uka.ilkd.key.control.KeYEnvironment.load(KeYEnvironment.java:224)
	at de.uka.ilkd.key.control.KeYEnvironment.load(KeYEnvironment.java:184)
	at de.uka.ilkd.key.control.KeYEnvironment.load(KeYEnvironment.java:261)
	at de.uka.ilkd.key.proof.runallproofs.proofcollection.TestFile.load(TestFile.java:270)
	at de.uka.ilkd.key.proof.runallproofs.proofcollection.TestFile.runKey(TestFile.java:160)
	at de.uka.ilkd.key.proof.runallproofs.proofcollection.ForkedTestFileRunner.main(ForkedTestFileRunner.java:171)
Caused by: java.lang.NoClassDefFoundError: Could not initialize class de.uka.ilkd.key.nparser.KeYParser
	at de.uka.ilkd.key.nparser.ParsingFacade.createParser(ParsingFacade.java:87)
	at de.uka.ilkd.key.nparser.ParsingFacade.parseFile(ParsingFacade.java:123)
	at de.uka.ilkd.key.proof.io.KeYFile.getParseContext(KeYFile.java:160)
	at de.uka.ilkd.key.proof.io.KeYFile.getProblemInformation(KeYFile.java:236)
	at de.uka.ilkd.key.proof.init.KeYUserProblemFile.readProfileFromFile(KeYUserProblemFile.java:236)
	at de.uka.ilkd.key.proof.init.KeYUserProblemFile.getProfile(KeYUserProblemFile.java:216)
	at de.uka.ilkd.key.proof.io.AbstractProblemLoader.createProblemInitializer(AbstractProblemLoader.java:508)
	at de.uka.ilkd.key.proof.io.AbstractProblemLoader.loadEnvironment(AbstractProblemLoader.java:288)
	at de.uka.ilkd.key.proof.io.AbstractProblemLoader.load(AbstractProblemLoader.java:253)
	at de.uka.ilkd.key.control.AbstractUserInterfaceControl.load(AbstractUserInterfaceControl.java:209)
	... 7 more
Could not initialize class de.uka.ilkd.key.nparser.KeYParser (file: /home/runner/work/key/key/key.core/../key.ui/examples/index/.././standard_key/java_dl/java5/vararg.key; caused by: java.lang.NoClassDefFoundError: Could not initialize class de.uka.ilkd.key.nparser.KeYParser)
	at de.uka.ilkd.key.control.AbstractUserInterfaceControl.load(AbstractUserInterfaceControl.java:221)
	at de.uka.ilkd.key.control.KeYEnvironment.load(KeYEnvironment.java:251)
	at de.uka.ilkd.key.control.KeYEnvironment.load(KeYEnvironment.java:224)
	at de.uka.ilkd.key.control.KeYEnvironment.load(KeYEnvironment.java:184)
	at de.uka.ilkd.key.control.KeYEnvironment.load(KeYEnvironment.java:261)
	at de.uka.ilkd.key.proof.runallproofs.proofcollection.TestFile.load(TestFile.java:270)
	at de.uka.ilkd.key.proof.runallproofs.proofcollection.TestFile.runKey(TestFile.java:160)
	at de.uka.ilkd.key.proof.runallproofs.proofcollection.ForkedTestFileRunner.main(ForkedTestFileRunner.java:171)
Caused by: java.lang.NoClassDefFoundError: Could not initialize class de.uka.ilkd.key.nparser.KeYParser
	at de.uka.ilkd.key.nparser.ParsingFacade.createParser(ParsingFacade.java:87)
	at de.uka.ilkd.key.nparser.ParsingFacade.parseFile(ParsingFacade.java:123)
	at de.uka.ilkd.key.proof.io.KeYFile.getParseContext(KeYFile.java:160)
	at de.uka.ilkd.key.proof.io.KeYFile.getProblemInformation(KeYFile.java:236)
	at de.uka.ilkd.key.proof.init.KeYUserProblemFile.readProfileFromFile(KeYUserProblemFile.java:236)
	at de.uka.ilkd.key.proof.init.KeYUserProblemFile.getProfile(KeYUserProblemFile.java:216)
	at de.uka.ilkd.key.proof.io.AbstractProblemLoader.createProblemInitializer(AbstractProblemLoader.java:508)
	at de.uka.ilkd.key.proof.io.AbstractProblemLoader.loadEnvironment(AbstractProblemLoader.java:288)
	at de.uka.ilkd.key.proof.io.AbstractProblemLoader.load(AbstractProblemLoader.java:253)
	at de.uka.ilkd.key.control.AbstractUserInterfaceControl.load(AbstractUserInterfaceControl.java:209)
	... 7 more
Could not initialize class de.uka.ilkd.key.nparser.KeYParser (file: /home/runner/work/key/key/key.core/../key.ui/examples/index/.././standard_key/java_dl/java5/for_Array.key; caused by: java.lang.NoClassDefFoundError: Could not initialize class de.uka.ilkd.key.nparser.KeYParser)
	at de.uka.ilkd.key.control.AbstractUserInterfaceControl.load(AbstractUserInterfaceControl.java:221)
	at de.uka.ilkd.key.control.KeYEnvironment.load(KeYEnvironment.java:251)
	at de.uka.ilkd.key.control.KeYEnvironment.load(KeYEnvironment.java:224)
	at de.uka.ilkd.key.control.KeYEnvironment.load(KeYEnvironment.java:184)
	at de.uka.ilkd.key.control.KeYEnvironment.load(KeYEnvironment.java:261)
	at de.uka.ilkd.key.proof.runallproofs.proofcollection.TestFile.load(TestFile.java:270)
	at de.uka.ilkd.key.proof.runallproofs.proofcollection.TestFile.runKey(TestFile.java:160)
	at de.uka.ilkd.key.proof.runallproofs.proofcollection.ForkedTestFileRunner.main(ForkedTestFileRunner.java:171)
Caused by: java.lang.NoClassDefFoundError: Could not initialize class de.uka.ilkd.key.nparser.KeYParser
	at de.uka.ilkd.key.nparser.ParsingFacade.createParser(ParsingFacade.java:87)
	at de.uka.ilkd.key.nparser.ParsingFacade.parseFile(ParsingFacade.java:123)
	at de.uka.ilkd.key.proof.io.KeYFile.getParseContext(KeYFile.java:160)
	at de.uka.ilkd.key.proof.io.KeYFile.getProblemInformation(KeYFile.java:236)
	at de.uka.ilkd.key.proof.init.KeYUserProblemFile.readProfileFromFile(KeYUserProblemFile.java:236)
	at de.uka.ilkd.key.proof.init.KeYUserProblemFile.getProfile(KeYUserProblemFile.java:216)
	at de.uka.ilkd.key.proof.io.AbstractProblemLoader.createProblemInitializer(AbstractProblemLoader.java:508)
	at de.uka.ilkd.key.proof.io.AbstractProblemLoader.loadEnvironment(AbstractProblemLoader.java:288)
	at de.uka.ilkd.key.proof.io.AbstractProblemLoader.load(AbstractProblemLoader.java:253)
	at de.uka.ilkd.key.control.AbstractUserInterfaceControl.load(AbstractUserInterfaceControl.java:209)
	... 7 more
Could not initialize class de.uka.ilkd.key.nparser.KeYParser (file: /home/runner/work/key/key/key.core/../key.ui/examples/index/.././standard_key/java_dl/java5/for_Iterable.key; caused by: java.lang.NoClassDefFoundError: Could not initialize class de.uka.ilkd.key.nparser.KeYParser)
	at de.uka.ilkd.key.control.AbstractUserInterfaceControl.load(AbstractUserInterfaceControl.java:221)
	at de.uka.ilkd.key.control.KeYEnvironment.load(KeYEnvironment.java:251)
	at de.uka.ilkd.key.control.KeYEnvironment.load(KeYEnvironment.java:224)
	at de.uka.ilkd.key.control.KeYEnvironment.load(KeYEnvironment.java:184)
	at de.uka.ilkd.key.control.KeYEnvironment.load(KeYEnvironment.java:261)
	at de.uka.ilkd.key.proof.runallproofs.proofcollection.TestFile.load(TestFile.java:270)
	at de.uka.ilkd.key.proof.runallproofs.proofcollection.TestFile.runKey(TestFile.java:160)
	at de.uka.ilkd.key.proof.runallproofs.proofcollection.ForkedTestFileRunner.main(ForkedTestFileRunner.java:171)
Caused by: java.lang.NoClassDefFoundError: Could not initialize class de.uka.ilkd.key.nparser.KeYParser
	at de.uka.ilkd.key.nparser.ParsingFacade.createParser(ParsingFacade.java:87)
	at de.uka.ilkd.key.nparser.ParsingFacade.parseFile(ParsingFacade.java:123)
	at de.uka.ilkd.key.proof.io.KeYFile.getParseContext(KeYFile.java:160)
	at de.uka.ilkd.key.proof.io.KeYFile.getProblemInformation(KeYFile.java:236)
	at de.uka.ilkd.key.proof.init.KeYUserProblemFile.readProfileFromFile(KeYUserProblemFile.java:236)
	at de.uka.ilkd.key.proof.init.KeYUserProblemFile.getProfile(KeYUserProblemFile.java:216)
	at de.uka.ilkd.key.proof.io.AbstractProblemLoader.createProblemInitializer(AbstractProblemLoader.java:508)
	at de.uka.ilkd.key.proof.io.AbstractProblemLoader.loadEnvironment(AbstractProblemLoader.java:288)
	at de.uka.ilkd.key.proof.io.AbstractProblemLoader.load(AbstractProblemLoader.java:253)
	at de.uka.ilkd.key.control.AbstractUserInterfaceControl.load(AbstractUserInterfaceControl.java:209)
	... 7 more
Could not initialize class de.uka.ilkd.key.nparser.KeYParser (file: /home/runner/work/key/key/key.core/../key.ui/examples/index/.././standard_key/java_dl/java5/for_ReferenceArray.key; caused by: java.lang.NoClassDefFoundError: Could not initialize class de.uka.ilkd.key.nparser.KeYParser)
	at de.uka.ilkd.key.control.AbstractUserInterfaceControl.load(AbstractUserInterfaceControl.java:221)
	at de.uka.ilkd.key.control.KeYEnvironment.load(KeYEnvironment.java:251)
	at de.uka.ilkd.key.control.KeYEnvironment.load(KeYEnvironment.java:224)
	at de.uka.ilkd.key.control.KeYEnvironment.load(KeYEnvironment.java:184)
	at de.uka.ilkd.key.control.KeYEnvironment.load(KeYEnvironment.java:261)
	at de.uka.ilkd.key.proof.runallproofs.proofcollection.TestFile.load(TestFile.java:270)
	at de.uka.ilkd.key.proof.runallproofs.proofcollection.TestFile.runKey(TestFile.java:160)
	at de.uka.ilkd.key.proof.runallproofs.proofcollection.ForkedTestFileRunner.main(ForkedTestFileRunner.java:171)
Caused by: java.lang.NoClassDefFoundError: Could not initialize class de.uka.ilkd.key.nparser.KeYParser
	at de.uka.ilkd.key.nparser.ParsingFacade.createParser(ParsingFacade.java:87)
	at de.uka.ilkd.key.nparser.ParsingFacade.parseFile(ParsingFacade.java:123)
	at de.uka.ilkd.key.proof.io.KeYFile.getParseContext(KeYFile.java:160)
	at de.uka.ilkd.key.proof.io.KeYFile.getProblemInformation(KeYFile.java:236)
	at de.uka.ilkd.key.proof.init.KeYUserProblemFile.readProfileFromFile(KeYUserProblemFile.java:236)
	at de.uka.ilkd.key.proof.init.KeYUserProblemFile.getProfile(KeYUserProblemFile.java:216)
	at de.uka.ilkd.key.proof.io.AbstractProblemLoader.createProblemInitializer(AbstractProblemLoader.java:508)
	at de.uka.ilkd.key.proof.io.AbstractProblemLoader.loadEnvironment(AbstractProblemLoader.java:288)
	at de.uka.ilkd.key.proof.io.AbstractProblemLoader.load(AbstractProblemLoader.java:253)
	at de.uka.ilkd.key.control.AbstractUserInterfaceControl.load(AbstractUserInterfaceControl.java:209)
	... 7 more
Could not initialize class de.uka.ilkd.key.nparser.KeYParser (file: /home/runner/work/key/key/key.core/../key.ui/examples/index/.././standard_key/java_dl/jml-bigint/cast.key; caused by: java.lang.NoClassDefFoundError: Could not initialize class de.uka.ilkd.key.nparser.KeYParser)
	at de.uka.ilkd.key.control.AbstractUserInterfaceControl.load(AbstractUserInterfaceControl.java:221)
	at de.uka.ilkd.key.control.KeYEnvironment.load(KeYEnvironment.java:251)
	at de.uka.ilkd.key.control.KeYEnvironment.load(KeYEnvironment.java:224)
	at de.uka.ilkd.key.control.KeYEnvironment.load(KeYEnvironment.java:184)
	at de.uka.ilkd.key.control.KeYEnvironment.load(KeYEnvironment.java:261)
	at de.uka.ilkd.key.proof.runallproofs.proofcollection.TestFile.load(TestFile.java:270)
	at de.uka.ilkd.key.proof.runallproofs.proofcollection.TestFile.runKey(TestFile.java:160)
	at de.uka.ilkd.key.proof.runallproofs.proofcollection.ForkedTestFileRunner.main(ForkedTestFileRunner.java:171)
Caused by: java.lang.NoClassDefFoundError: Could not initialize class de.uka.ilkd.key.nparser.KeYParser
	at de.uka.ilkd.key.nparser.ParsingFacade.createParser(ParsingFacade.java:87)
	at de.uka.ilkd.key.nparser.ParsingFacade.parseFile(ParsingFacade.java:123)
	at de.uka.ilkd.key.proof.io.KeYFile.getParseContext(KeYFile.java:160)
	at de.uka.ilkd.key.proof.io.KeYFile.getProblemInformation(KeYFile.java:236)
	at de.uka.ilkd.key.proof.init.KeYUserProblemFile.readProfileFromFile(KeYUserProblemFile.java:236)
	at de.uka.ilkd.key.proof.init.KeYUserProblemFile.getProfile(KeYUserProblemFile.java:216)
	at de.uka.ilkd.key.proof.io.AbstractProblemLoader.createProblemInitializer(AbstractProblemLoader.java:508)
	at de.uka.ilkd.key.proof.io.AbstractProblemLoader.loadEnvironment(AbstractProblemLoader.java:288)
	at de.uka.ilkd.key.proof.io.AbstractProblemLoader.load(AbstractProblemLoader.java:253)
	at de.uka.ilkd.key.control.AbstractUserInterfaceControl.load(AbstractUserInterfaceControl.java:209)
	... 7 more
Could not initialize class de.uka.ilkd.key.nparser.KeYParser (file: /home/runner/work/key/key/key.core/../key.ui/examples/index/.././standard_key/java_dl/jml-free/loopInvFree.key; caused by: java.lang.NoClassDefFoundError: Could not initialize class de.uka.ilkd.key.nparser.KeYParser)
	at de.uka.ilkd.key.control.AbstractUserInterfaceControl.load(AbstractUserInterfaceControl.java:221)
	at de.uka.ilkd.key.control.KeYEnvironment.load(KeYEnvironment.java:251)
	at de.uka.ilkd.key.control.KeYEnvironment.load(KeYEnvironment.java:224)
	at de.uka.ilkd.key.control.KeYEnvironment.load(KeYEnvironment.java:184)
	at de.uka.ilkd.key.control.KeYEnvironment.load(KeYEnvironment.java:261)
	at de.uka.ilkd.key.proof.runallproofs.proofcollection.TestFile.load(TestFile.java:270)
	at de.uka.ilkd.key.proof.runallproofs.proofcollection.TestFile.runKey(TestFile.java:160)
	at de.uka.ilkd.key.proof.runallproofs.proofcollection.ForkedTestFileRunner.main(ForkedTestFileRunner.java:171)
Caused by: java.lang.NoClassDefFoundError: Could not initialize class de.uka.ilkd.key.nparser.KeYParser
	at de.uka.ilkd.key.nparser.ParsingFacade.createParser(ParsingFacade.java:87)
	at de.uka.ilkd.key.nparser.ParsingFacade.parseFile(ParsingFacade.java:123)
	at de.uka.ilkd.key.proof.io.KeYFile.getParseContext(KeYFile.java:160)
	at de.uka.ilkd.key.proof.io.KeYFile.getProblemInformation(KeYFile.java:236)
	at de.uka.ilkd.key.proof.init.KeYUserProblemFile.readProfileFromFile(KeYUserProblemFile.java:236)
	at de.uka.ilkd.key.proof.init.KeYUserProblemFile.getProfile(KeYUserProblemFile.java:216)
	at de.uka.ilkd.key.proof.io.AbstractProblemLoader.createProblemInitializer(AbstractProblemLoader.java:508)
	at de.uka.ilkd.key.proof.io.AbstractProblemLoader.loadEnvironment(AbstractProblemLoader.java:288)
	at de.uka.ilkd.key.proof.io.AbstractProblemLoader.load(AbstractProblemLoader.java:253)
	at de.uka.ilkd.key.control.AbstractUserInterfaceControl.load(AbstractUserInterfaceControl.java:209)
	... 7 more
Could not initialize class de.uka.ilkd.key.nparser.KeYParser (file: /home/runner/work/key/key/key.core/../key.ui/examples/index/.././standard_key/java_dl/jml-free/ensuresFree.key; caused by: java.lang.NoClassDefFoundError: Could not initialize class de.uka.ilkd.key.nparser.KeYParser)
	at de.uka.ilkd.key.control.AbstractUserInterfaceControl.load(AbstractUserInterfaceControl.java:221)
	at de.uka.ilkd.key.control.KeYEnvironment.load(KeYEnvironment.java:251)
	at de.uka.ilkd.key.control.KeYEnvironment.load(KeYEnvironment.java:224)
	at de.uka.ilkd.key.control.KeYEnvironment.load(KeYEnvironment.java:184)
	at de.uka.ilkd.key.control.KeYEnvironment.load(KeYEnvironment.java:261)
	at de.uka.ilkd.key.proof.runallproofs.proofcollection.TestFile.load(TestFile.java:270)
	at de.uka.ilkd.key.proof.runallproofs.proofcollection.TestFile.runKey(TestFile.java:160)
	at de.uka.ilkd.key.proof.runallproofs.proofcollection.ForkedTestFileRunner.main(ForkedTestFileRunner.java:171)
Caused by: java.lang.NoClassDefFoundError: Could not initialize class de.uka.ilkd.key.nparser.KeYParser
	at de.uka.ilkd.key.nparser.ParsingFacade.createParser(ParsingFacade.java:87)
	at de.uka.ilkd.key.nparser.ParsingFacade.parseFile(ParsingFacade.java:123)
	at de.uka.ilkd.key.proof.io.KeYFile.getParseContext(KeYFile.java:160)
	at de.uka.ilkd.key.proof.io.KeYFile.getProblemInformation(KeYFile.java:236)
	at de.uka.ilkd.key.proof.init.KeYUserProblemFile.readProfileFromFile(KeYUserProblemFile.java:236)
	at de.uka.ilkd.key.proof.init.KeYUserProblemFile.getProfile(KeYUserProblemFile.java:216)
	at de.uka.ilkd.key.proof.io.AbstractProblemLoader.createProblemInitializer(AbstractProblemLoader.java:508)
	at de.uka.ilkd.key.proof.io.AbstractProblemLoader.loadEnvironment(AbstractProblemLoader.java:288)
	at de.uka.ilkd.key.proof.io.AbstractProblemLoader.load(AbstractProblemLoader.java:253)
	at de.uka.ilkd.key.control.AbstractUserInterfaceControl.load(AbstractUserInterfaceControl.java:209)
	... 7 more
Could not initialize class de.uka.ilkd.key.nparser.KeYParser (file: /home/runner/work/key/key/key.core/../key.ui/examples/index/.././standard_key/java_dl/jml-information-flow.key; caused by: java.lang.NoClassDefFoundError: Could not initialize class de.uka.ilkd.key.nparser.KeYParser)
	at de.uka.ilkd.key.control.AbstractUserInterfaceControl.load(AbstractUserInterfaceControl.java:221)
	at de.uka.ilkd.key.control.KeYEnvironment.load(KeYEnvironment.java:251)
	at de.uka.ilkd.key.control.KeYEnvironment.load(KeYEnvironment.java:224)
	at de.uka.ilkd.key.control.KeYEnvironment.load(KeYEnvironment.java:184)
	at de.uka.ilkd.key.control.KeYEnvironment.load(KeYEnvironment.java:261)
	at de.uka.ilkd.key.proof.runallproofs.proofcollection.TestFile.load(TestFile.java:270)
	at de.uka.ilkd.key.proof.runallproofs.proofcollection.TestFile.runKey(TestFile.java:160)
	at de.uka.ilkd.key.proof.runallproofs.proofcollection.ForkedTestFileRunner.main(ForkedTestFileRunner.java:171)
Caused by: java.lang.NoClassDefFoundError: Could not initialize class de.uka.ilkd.key.nparser.KeYParser
	at de.uka.ilkd.key.nparser.ParsingFacade.createParser(ParsingFacade.java:87)
	at de.uka.ilkd.key.nparser.ParsingFacade.parseFile(ParsingFacade.java:123)
	at de.uka.ilkd.key.proof.io.KeYFile.getParseContext(KeYFile.java:160)
	at de.uka.ilkd.key.proof.io.KeYFile.getProblemInformation(KeYFile.java:236)
	at de.uka.ilkd.key.proof.init.KeYUserProblemFile.readProfileFromFile(KeYUserProblemFile.java:236)
	at de.uka.ilkd.key.proof.init.KeYUserProblemFile.getProfile(KeYUserProblemFile.java:216)
	at de.uka.ilkd.key.proof.io.AbstractProblemLoader.createProblemInitializer(AbstractProblemLoader.java:508)
	at de.uka.ilkd.key.proof.io.AbstractProblemLoader.loadEnvironment(AbstractProblemLoader.java:288)
	at de.uka.ilkd.key.proof.io.AbstractProblemLoader.load(AbstractProblemLoader.java:253)
	at de.uka.ilkd.key.control.AbstractUserInterfaceControl.load(AbstractUserInterfaceControl.java:209)
	... 7 more
Could not initialize class de.uka.ilkd.key.nparser.KeYParser (file: /home/runner/work/key/key/key.core/../key.ui/examples/index/.././standard_key/java_dl/jml-min/min-unprovable1.key; caused by: java.lang.NoClassDefFoundError: Could not initialize class de.uka.ilkd.key.nparser.KeYParser)
	at de.uka.ilkd.key.control.AbstractUserInterfaceControl.load(AbstractUserInterfaceControl.java:221)
	at de.uka.ilkd.key.control.KeYEnvironment.load(KeYEnvironment.java:251)
	at de.uka.ilkd.key.control.KeYEnvironment.load(KeYEnvironment.java:224)
	at de.uka.ilkd.key.control.KeYEnvironment.load(KeYEnvironment.java:184)
	at de.uka.ilkd.key.control.KeYEnvironment.load(KeYEnvironment.java:261)
	at de.uka.ilkd.key.proof.runallproofs.proofcollection.TestFile.load(TestFile.java:270)
	at de.uka.ilkd.key.proof.runallproofs.proofcollection.TestFile.runKey(TestFile.java:160)
	at de.uka.ilkd.key.proof.runallproofs.proofcollection.ForkedTestFileRunner.main(ForkedTestFileRunner.java:171)
Caused by: java.lang.NoClassDefFoundError: Could not initialize class de.uka.ilkd.key.nparser.KeYParser
	at de.uka.ilkd.key.nparser.ParsingFacade.createParser(ParsingFacade.java:87)
	at de.uka.ilkd.key.nparser.ParsingFacade.parseFile(ParsingFacade.java:123)
	at de.uka.ilkd.key.proof.io.KeYFile.getParseContext(KeYFile.java:160)
	at de.uka.ilkd.key.proof.io.KeYFile.getProblemInformation(KeYFile.java:236)
	at de.uka.ilkd.key.proof.init.KeYUserProblemFile.readProfileFromFile(KeYUserProblemFile.java:236)
	at de.uka.ilkd.key.proof.init.KeYUserProblemFile.getProfile(KeYUserProblemFile.java:216)
	at de.uka.ilkd.key.proof.io.AbstractProblemLoader.createProblemInitializer(AbstractProblemLoader.java:508)
	at de.uka.ilkd.key.proof.io.AbstractProblemLoader.loadEnvironment(AbstractProblemLoader.java:288)
	at de.uka.ilkd.key.proof.io.AbstractProblemLoader.load(AbstractProblemLoader.java:253)
	at de.uka.ilkd.key.control.AbstractUserInterfaceControl.load(AbstractUserInterfaceControl.java:209)
	... 7 more
Could not initialize class de.uka.ilkd.key.nparser.KeYParser (file: /home/runner/work/key/key/key.core/../key.ui/examples/index/.././standard_key/java_dl/jml-min/min-unprovable2.key; caused by: java.lang.NoClassDefFoundError: Could not initialize class de.uka.ilkd.key.nparser.KeYParser)
	at de.uka.ilkd.key.control.AbstractUserInterfaceControl.load(AbstractUserInterfaceControl.java:221)
	at de.uka.ilkd.key.control.KeYEnvironment.load(KeYEnvironment.java:251)
	at de.uka.ilkd.key.control.KeYEnvironment.load(KeYEnvironment.java:224)
	at de.uka.ilkd.key.control.KeYEnvironment.load(KeYEnvironment.java:184)
	at de.uka.ilkd.key.control.KeYEnvironment.load(KeYEnvironment.java:261)
	at de.uka.ilkd.key.proof.runallproofs.proofcollection.TestFile.load(TestFile.java:270)
	at de.uka.ilkd.key.proof.runallproofs.proofcollection.TestFile.runKey(TestFile.java:160)
	at de.uka.ilkd.key.proof.runallproofs.proofcollection.ForkedTestFileRunner.main(ForkedTestFileRunner.java:171)
Caused by: java.lang.NoClassDefFoundError: Could not initialize class de.uka.ilkd.key.nparser.KeYParser
	at de.uka.ilkd.key.nparser.ParsingFacade.createParser(ParsingFacade.java:87)
	at de.uka.ilkd.key.nparser.ParsingFacade.parseFile(ParsingFacade.java:123)
	at de.uka.ilkd.key.proof.io.KeYFile.getParseContext(KeYFile.java:160)
	at de.uka.ilkd.key.proof.io.KeYFile.getProblemInformation(KeYFile.java:236)
	at de.uka.ilkd.key.proof.init.KeYUserProblemFile.readProfileFromFile(KeYUserProblemFile.java:236)
	at de.uka.ilkd.key.proof.init.KeYUserProblemFile.getProfile(KeYUserProblemFile.java:216)
	at de.uka.ilkd.key.proof.io.AbstractProblemLoader.createProblemInitializer(AbstractProblemLoader.java:508)
	at de.uka.ilkd.key.proof.io.AbstractProblemLoader.loadEnvironment(AbstractProblemLoader.java:288)
	at de.uka.ilkd.key.proof.io.AbstractProblemLoader.load(AbstractProblemLoader.java:253)
	at de.uka.ilkd.key.control.AbstractUserInterfaceControl.load(AbstractUserInterfaceControl.java:209)
	... 7 more
Could not initialize class de.uka.ilkd.key.nparser.KeYParser (file: /home/runner/work/key/key/key.core/../key.ui/examples/index/.././standard_key/java_dl/methodCall.key; caused by: java.lang.NoClassDefFoundError: Could not initialize class de.uka.ilkd.key.nparser.KeYParser)
	at de.uka.ilkd.key.control.AbstractUserInterfaceControl.load(AbstractUserInterfaceControl.java:221)
	at de.uka.ilkd.key.control.KeYEnvironment.load(KeYEnvironment.java:251)
	at de.uka.ilkd.key.control.KeYEnvironment.load(KeYEnvironment.java:224)
	at de.uka.ilkd.key.control.KeYEnvironment.load(KeYEnvironment.java:184)
	at de.uka.ilkd.key.control.KeYEnvironment.load(KeYEnvironment.java:261)
	at de.uka.ilkd.key.proof.runallproofs.proofcollection.TestFile.load(TestFile.java:270)
	at de.uka.ilkd.key.proof.runallproofs.proofcollection.TestFile.runKey(TestFile.java:160)
	at de.uka.ilkd.key.proof.runallproofs.proofcollection.ForkedTestFileRunner.main(ForkedTestFileRunner.java:171)
Caused by: java.lang.NoClassDefFoundError: Could not initialize class de.uka.ilkd.key.nparser.KeYParser
	at de.uka.ilkd.key.nparser.ParsingFacade.createParser(ParsingFacade.java:87)
	at de.uka.ilkd.key.nparser.ParsingFacade.parseFile(ParsingFacade.java:123)
	at de.uka.ilkd.key.proof.io.KeYFile.getParseContext(KeYFile.java:160)
	at de.uka.ilkd.key.proof.io.KeYFile.getProblemInformation(KeYFile.java:236)
	at de.uka.ilkd.key.proof.init.KeYUserProblemFile.readProfileFromFile(KeYUserProblemFile.java:236)
	at de.uka.ilkd.key.proof.init.KeYUserProblemFile.getProfile(KeYUserProblemFile.java:216)
	at de.uka.ilkd.key.proof.io.AbstractProblemLoader.createProblemInitializer(AbstractProblemLoader.java:508)
	at de.uka.ilkd.key.proof.io.AbstractProblemLoader.loadEnvironment(AbstractProblemLoader.java:288)
	at de.uka.ilkd.key.proof.io.AbstractProblemLoader.load(AbstractProblemLoader.java:253)
	at de.uka.ilkd.key.control.AbstractUserInterfaceControl.load(AbstractUserInterfaceControl.java:209)
	... 7 more
Could not initialize class de.uka.ilkd.key.nparser.KeYParser (file: /home/runner/work/key/key/key.core/../key.ui/examples/index/.././standard_key/java_dl/methodCall1.key; caused by: java.lang.NoClassDefFoundError: Could not initialize class de.uka.ilkd.key.nparser.KeYParser)
	at de.uka.ilkd.key.control.AbstractUserInterfaceControl.load(AbstractUserInterfaceControl.java:221)
	at de.uka.ilkd.key.control.KeYEnvironment.load(KeYEnvironment.java:251)
	at de.uka.ilkd.key.control.KeYEnvironment.load(KeYEnvironment.java:224)
	at de.uka.ilkd.key.control.KeYEnvironment.load(KeYEnvironment.java:184)
	at de.uka.ilkd.key.control.KeYEnvironment.load(KeYEnvironment.java:261)
	at de.uka.ilkd.key.proof.runallproofs.proofcollection.TestFile.load(TestFile.java:270)
	at de.uka.ilkd.key.proof.runallproofs.proofcollection.TestFile.runKey(TestFile.java:160)
	at de.uka.ilkd.key.proof.runallproofs.proofcollection.ForkedTestFileRunner.main(ForkedTestFileRunner.java:171)
Caused by: java.lang.NoClassDefFoundError: Could not initialize class de.uka.ilkd.key.nparser.KeYParser
	at de.uka.ilkd.key.nparser.ParsingFacade.createParser(ParsingFacade.java:87)
	at de.uka.ilkd.key.nparser.ParsingFacade.parseFile(ParsingFacade.java:123)
	at de.uka.ilkd.key.proof.io.KeYFile.getParseContext(KeYFile.java:160)
	at de.uka.ilkd.key.proof.io.KeYFile.getProblemInformation(KeYFile.java:236)
	at de.uka.ilkd.key.proof.init.KeYUserProblemFile.readProfileFromFile(KeYUserProblemFile.java:236)
	at de.uka.ilkd.key.proof.init.KeYUserProblemFile.getProfile(KeYUserProblemFile.java:216)
	at de.uka.ilkd.key.proof.io.AbstractProblemLoader.createProblemInitializer(AbstractProblemLoader.java:508)
	at de.uka.ilkd.key.proof.io.AbstractProblemLoader.loadEnvironment(AbstractProblemLoader.java:288)
	at de.uka.ilkd.key.proof.io.AbstractProblemLoader.load(AbstractProblemLoader.java:253)
	at de.uka.ilkd.key.control.AbstractUserInterfaceControl.load(AbstractUserInterfaceControl.java:209)
	... 7 more
Could not initialize class de.uka.ilkd.key.nparser.KeYParser (file: /home/runner/work/key/key/key.core/../key.ui/examples/index/.././standard_key/java_dl/methodCall1box.key; caused by: java.lang.NoClassDefFoundError: Could not initialize class de.uka.ilkd.key.nparser.KeYParser)
	at de.uka.ilkd.key.control.AbstractUserInterfaceControl.load(AbstractUserInterfaceControl.java:221)
	at de.uka.ilkd.key.control.KeYEnvironment.load(KeYEnvironment.java:251)
	at de.uka.ilkd.key.control.KeYEnvironment.load(KeYEnvironment.java:224)
	at de.uka.ilkd.key.control.KeYEnvironment.load(KeYEnvironment.java:184)
	at de.uka.ilkd.key.control.KeYEnvironment.load(KeYEnvironment.java:261)
	at de.uka.ilkd.key.proof.runallproofs.proofcollection.TestFile.load(TestFile.java:270)
	at de.uka.ilkd.key.proof.runallproofs.proofcollection.TestFile.runKey(TestFile.java:160)
	at de.uka.ilkd.key.proof.runallproofs.proofcollection.ForkedTestFileRunner.main(ForkedTestFileRunner.java:171)
Caused by: java.lang.NoClassDefFoundError: Could not initialize class de.uka.ilkd.key.nparser.KeYParser
	at de.uka.ilkd.key.nparser.ParsingFacade.createParser(ParsingFacade.java:87)
	at de.uka.ilkd.key.nparser.ParsingFacade.parseFile(ParsingFacade.java:123)
	at de.uka.ilkd.key.proof.io.KeYFile.getParseContext(KeYFile.java:160)
	at de.uka.ilkd.key.proof.io.KeYFile.getProblemInformation(KeYFile.java:236)
	at de.uka.ilkd.key.proof.init.KeYUserProblemFile.readProfileFromFile(KeYUserProblemFile.java:236)
	at de.uka.ilkd.key.proof.init.KeYUserProblemFile.getProfile(KeYUserProblemFile.java:216)
	at de.uka.ilkd.key.proof.io.AbstractProblemLoader.createProblemInitializer(AbstractProblemLoader.java:508)
	at de.uka.ilkd.key.proof.io.AbstractProblemLoader.loadEnvironment(AbstractProblemLoader.java:288)
	at de.uka.ilkd.key.proof.io.AbstractProblemLoader.load(AbstractProblemLoader.java:253)
	at de.uka.ilkd.key.control.AbstractUserInterfaceControl.load(AbstractUserInterfaceControl.java:209)
	... 7 more
Could not initialize class de.uka.ilkd.key.nparser.KeYParser (file: /home/runner/work/key/key/key.core/../key.ui/examples/index/.././standard_key/java_dl/methodCall3.key; caused by: java.lang.NoClassDefFoundError: Could not initialize class de.uka.ilkd.key.nparser.KeYParser)
	at de.uka.ilkd.key.control.AbstractUserInterfaceControl.load(AbstractUserInterfaceControl.java:221)
	at de.uka.ilkd.key.control.KeYEnvironment.load(KeYEnvironment.java:251)
	at de.uka.ilkd.key.control.KeYEnvironment.load(KeYEnvironment.java:224)
	at de.uka.ilkd.key.control.KeYEnvironment.load(KeYEnvironment.java:184)
	at de.uka.ilkd.key.control.KeYEnvironment.load(KeYEnvironment.java:261)
	at de.uka.ilkd.key.proof.runallproofs.proofcollection.TestFile.load(TestFile.java:270)
	at de.uka.ilkd.key.proof.runallproofs.proofcollection.TestFile.runKey(TestFile.java:160)
	at de.uka.ilkd.key.proof.runallproofs.proofcollection.ForkedTestFileRunner.main(ForkedTestFileRunner.java:171)
Caused by: java.lang.NoClassDefFoundError: Could not initialize class de.uka.ilkd.key.nparser.KeYParser
	at de.uka.ilkd.key.nparser.ParsingFacade.createParser(ParsingFacade.java:87)
	at de.uka.ilkd.key.nparser.ParsingFacade.parseFile(ParsingFacade.java:123)
	at de.uka.ilkd.key.proof.io.KeYFile.getParseContext(KeYFile.java:160)
	at de.uka.ilkd.key.proof.io.KeYFile.getProblemInformation(KeYFile.java:236)
	at de.uka.ilkd.key.proof.init.KeYUserProblemFile.readProfileFromFile(KeYUserProblemFile.java:236)
	at de.uka.ilkd.key.proof.init.KeYUserProblemFile.getProfile(KeYUserProblemFile.java:216)
	at de.uka.ilkd.key.proof.io.AbstractProblemLoader.createProblemInitializer(AbstractProblemLoader.java:508)
	at de.uka.ilkd.key.proof.io.AbstractProblemLoader.loadEnvironment(AbstractProblemLoader.java:288)
	at de.uka.ilkd.key.proof.io.AbstractProblemLoader.load(AbstractProblemLoader.java:253)
	at de.uka.ilkd.key.control.AbstractUserInterfaceControl.load(AbstractUserInterfaceControl.java:209)
	... 7 more
Could not initialize class de.uka.ilkd.key.nparser.KeYParser (file: /home/runner/work/key/key/key.core/../key.ui/examples/index/.././standard_key/java_dl/polishFlagSort.key; caused by: java.lang.NoClassDefFoundError: Could not initialize class de.uka.ilkd.key.nparser.KeYParser)
	at de.uka.ilkd.key.control.AbstractUserInterfaceControl.load(AbstractUserInterfaceControl.java:221)
	at de.uka.ilkd.key.control.KeYEnvironment.load(KeYEnvironment.java:251)
	at de.uka.ilkd.key.control.KeYEnvironment.load(KeYEnvironment.java:224)
	at de.uka.ilkd.key.control.KeYEnvironment.load(KeYEnvironment.java:184)
	at de.uka.ilkd.key.control.KeYEnvironment.load(KeYEnvironment.java:261)
	at de.uka.ilkd.key.proof.runallproofs.proofcollection.TestFile.load(TestFile.java:270)
	at de.uka.ilkd.key.proof.runallproofs.proofcollection.TestFile.runKey(TestFile.java:160)
	at de.uka.ilkd.key.proof.runallproofs.proofcollection.ForkedTestFileRunner.main(ForkedTestFileRunner.java:171)
Caused by: java.lang.NoClassDefFoundError: Could not initialize class de.uka.ilkd.key.nparser.KeYParser
	at de.uka.ilkd.key.nparser.ParsingFacade.createParser(ParsingFacade.java:87)
	at de.uka.ilkd.key.nparser.ParsingFacade.parseFile(ParsingFacade.java:123)
	at de.uka.ilkd.key.proof.io.KeYFile.getParseContext(KeYFile.java:160)
	at de.uka.ilkd.key.proof.io.KeYFile.getProblemInformation(KeYFile.java:236)
	at de.uka.ilkd.key.proof.init.KeYUserProblemFile.readProfileFromFile(KeYUserProblemFile.java:236)
	at de.uka.ilkd.key.proof.init.KeYUserProblemFile.getProfile(KeYUserProblemFile.java:216)
	at de.uka.ilkd.key.proof.io.AbstractProblemLoader.createProblemInitializer(AbstractProblemLoader.java:508)
	at de.uka.ilkd.key.proof.io.AbstractProblemLoader.loadEnvironment(AbstractProblemLoader.java:288)
	at de.uka.ilkd.key.proof.io.AbstractProblemLoader.load(AbstractProblemLoader.java:253)
	at de.uka.ilkd.key.control.AbstractUserInterfaceControl.load(AbstractUserInterfaceControl.java:209)
	... 7 more
Could not initialize class de.uka.ilkd.key.nparser.KeYParser (file: /home/runner/work/key/key/key.core/../key.ui/examples/index/.././standard_key/java_dl/postConditionTaclets1.key; caused by: java.lang.NoClassDefFoundError: Could not initialize class de.uka.ilkd.key.nparser.KeYParser)
	at de.uka.ilkd.key.control.AbstractUserInterfaceControl.load(AbstractUserInterfaceControl.java:221)
	at de.uka.ilkd.key.control.KeYEnvironment.load(KeYEnvironment.java:251)
	at de.uka.ilkd.key.control.KeYEnvironment.load(KeYEnvironment.java:224)
	at de.uka.ilkd.key.control.KeYEnvironment.load(KeYEnvironment.java:184)
	at de.uka.ilkd.key.control.KeYEnvironment.load(KeYEnvironment.java:261)
	at de.uka.ilkd.key.proof.runallproofs.proofcollection.TestFile.load(TestFile.java:270)
	at de.uka.ilkd.key.proof.runallproofs.proofcollection.TestFile.runKey(TestFile.java:160)
	at de.uka.ilkd.key.proof.runallproofs.proofcollection.ForkedTestFileRunner.main(ForkedTestFileRunner.java:171)
Caused by: java.lang.NoClassDefFoundError: Could not initialize class de.uka.ilkd.key.nparser.KeYParser
	at de.uka.ilkd.key.nparser.ParsingFacade.createParser(ParsingFacade.java:87)
	at de.uka.ilkd.key.nparser.ParsingFacade.parseFile(ParsingFacade.java:123)
	at de.uka.ilkd.key.proof.io.KeYFile.getParseContext(KeYFile.java:160)
	at de.uka.ilkd.key.proof.io.KeYFile.getProblemInformation(KeYFile.java:236)
	at de.uka.ilkd.key.proof.init.KeYUserProblemFile.readProfileFromFile(KeYUserProblemFile.java:236)
	at de.uka.ilkd.key.proof.init.KeYUserProblemFile.getProfile(KeYUserProblemFile.java:216)
	at de.uka.ilkd.key.proof.io.AbstractProblemLoader.createProblemInitializer(AbstractProblemLoader.java:508)
	at de.uka.ilkd.key.proof.io.AbstractProblemLoader.loadEnvironment(AbstractProblemLoader.java:288)
	at de.uka.ilkd.key.proof.io.AbstractProblemLoader.load(AbstractProblemLoader.java:253)
	at de.uka.ilkd.key.control.AbstractUserInterfaceControl.load(AbstractUserInterfaceControl.java:209)
	... 7 more
Could not initialize class de.uka.ilkd.key.nparser.KeYParser (file: /home/runner/work/key/key/key.core/../key.ui/examples/index/.././standard_key/java_dl/postConditionTaclets2.key; caused by: java.lang.NoClassDefFoundError: Could not initialize class de.uka.ilkd.key.nparser.KeYParser)
	at de.uka.ilkd.key.control.AbstractUserInterfaceControl.load(AbstractUserInterfaceControl.java:221)
	at de.uka.ilkd.key.control.KeYEnvironment.load(KeYEnvironment.java:251)
	at de.uka.ilkd.key.control.KeYEnvironment.load(KeYEnvironment.java:224)
	at de.uka.ilkd.key.control.KeYEnvironment.load(KeYEnvironment.java:184)
	at de.uka.ilkd.key.control.KeYEnvironment.load(KeYEnvironment.java:261)
	at de.uka.ilkd.key.proof.runallproofs.proofcollection.TestFile.load(TestFile.java:270)
	at de.uka.ilkd.key.proof.runallproofs.proofcollection.TestFile.runKey(TestFile.java:160)
	at de.uka.ilkd.key.proof.runallproofs.proofcollection.ForkedTestFileRunner.main(ForkedTestFileRunner.java:171)
Caused by: java.lang.NoClassDefFoundError: Could not initialize class de.uka.ilkd.key.nparser.KeYParser
	at de.uka.ilkd.key.nparser.ParsingFacade.createParser(ParsingFacade.java:87)
	at de.uka.ilkd.key.nparser.ParsingFacade.parseFile(ParsingFacade.java:123)
	at de.uka.ilkd.key.proof.io.KeYFile.getParseContext(KeYFile.java:160)
	at de.uka.ilkd.key.proof.io.KeYFile.getProblemInformation(KeYFile.java:236)
	at de.uka.ilkd.key.proof.init.KeYUserProblemFile.readProfileFromFile(KeYUserProblemFile.java:236)
	at de.uka.ilkd.key.proof.init.KeYUserProblemFile.getProfile(KeYUserProblemFile.java:216)
	at de.uka.ilkd.key.proof.io.AbstractProblemLoader.createProblemInitializer(AbstractProblemLoader.java:508)
	at de.uka.ilkd.key.proof.io.AbstractProblemLoader.loadEnvironment(AbstractProblemLoader.java:288)
	at de.uka.ilkd.key.proof.io.AbstractProblemLoader.load(AbstractProblemLoader.java:253)
	at de.uka.ilkd.key.control.AbstractUserInterfaceControl.load(AbstractUserInterfaceControl.java:209)
	... 7 more
Could not initialize class de.uka.ilkd.key.nparser.KeYParser (file: /home/runner/work/key/key/key.core/../key.ui/examples/index/.././standard_key/java_dl/quantifiedQuery.key; caused by: java.lang.NoClassDefFoundError: Could not initialize class de.uka.ilkd.key.nparser.KeYParser)
	at de.uka.ilkd.key.control.AbstractUserInterfaceControl.load(AbstractUserInterfaceControl.java:221)
	at de.uka.ilkd.key.control.KeYEnvironment.load(KeYEnvironment.java:251)
	at de.uka.ilkd.key.control.KeYEnvironment.load(KeYEnvironment.java:224)
	at de.uka.ilkd.key.control.KeYEnvironment.load(KeYEnvironment.java:184)
	at de.uka.ilkd.key.control.KeYEnvironment.load(KeYEnvironment.java:261)
	at de.uka.ilkd.key.proof.runallproofs.proofcollection.TestFile.load(TestFile.java:270)
	at de.uka.ilkd.key.proof.runallproofs.proofcollection.TestFile.runKey(TestFile.java:160)
	at de.uka.ilkd.key.proof.runallproofs.proofcollection.ForkedTestFileRunner.main(ForkedTestFileRunner.java:171)
Caused by: java.lang.NoClassDefFoundError: Could not initialize class de.uka.ilkd.key.nparser.KeYParser
	at de.uka.ilkd.key.nparser.ParsingFacade.createParser(ParsingFacade.java:87)
	at de.uka.ilkd.key.nparser.ParsingFacade.parseFile(ParsingFacade.java:123)
	at de.uka.ilkd.key.proof.io.KeYFile.getParseContext(KeYFile.java:160)
	at de.uka.ilkd.key.proof.io.KeYFile.getProblemInformation(KeYFile.java:236)
	at de.uka.ilkd.key.proof.init.KeYUserProblemFile.readProfileFromFile(KeYUserProblemFile.java:236)
	at de.uka.ilkd.key.proof.init.KeYUserProblemFile.getProfile(KeYUserProblemFile.java:216)
	at de.uka.ilkd.key.proof.io.AbstractProblemLoader.createProblemInitializer(AbstractProblemLoader.java:508)
	at de.uka.ilkd.key.proof.io.AbstractProblemLoader.loadEnvironment(AbstractProblemLoader.java:288)
	at de.uka.ilkd.key.proof.io.AbstractProblemLoader.load(AbstractProblemLoader.java:253)
	at de.uka.ilkd.key.control.AbstractUserInterfaceControl.load(AbstractUserInterfaceControl.java:209)
	... 7 more
Could not initialize class de.uka.ilkd.key.nparser.KeYParser (file: /home/runner/work/key/key/key.core/../key.ui/examples/index/.././standard_key/java_dl/recursion/triangular.key; caused by: java.lang.NoClassDefFoundError: Could not initialize class de.uka.ilkd.key.nparser.KeYParser)
	at de.uka.ilkd.key.control.AbstractUserInterfaceControl.load(AbstractUserInterfaceControl.java:221)
	at de.uka.ilkd.key.control.KeYEnvironment.load(KeYEnvironment.java:251)
	at de.uka.ilkd.key.control.KeYEnvironment.load(KeYEnvironment.java:224)
	at de.uka.ilkd.key.control.KeYEnvironment.load(KeYEnvironment.java:184)
	at de.uka.ilkd.key.control.KeYEnvironment.load(KeYEnvironment.java:261)
	at de.uka.ilkd.key.proof.runallproofs.proofcollection.TestFile.load(TestFile.java:270)
	at de.uka.ilkd.key.proof.runallproofs.proofcollection.TestFile.runKey(TestFile.java:160)
	at de.uka.ilkd.key.proof.runallproofs.proofcollection.ForkedTestFileRunner.main(ForkedTestFileRunner.java:171)
Caused by: java.lang.NoClassDefFoundError: Could not initialize class de.uka.ilkd.key.nparser.KeYParser
	at de.uka.ilkd.key.nparser.ParsingFacade.createParser(ParsingFacade.java:87)
	at de.uka.ilkd.key.nparser.ParsingFacade.parseFile(ParsingFacade.java:123)
	at de.uka.ilkd.key.proof.io.KeYFile.getParseContext(KeYFile.java:160)
	at de.uka.ilkd.key.proof.io.KeYFile.getProblemInformation(KeYFile.java:236)
	at de.uka.ilkd.key.proof.init.KeYUserProblemFile.readProfileFromFile(KeYUserProblemFile.java:236)
	at de.uka.ilkd.key.proof.init.KeYUserProblemFile.getProfile(KeYUserProblemFile.java:216)
	at de.uka.ilkd.key.proof.io.AbstractProblemLoader.createProblemInitializer(AbstractProblemLoader.java:508)
	at de.uka.ilkd.key.proof.io.AbstractProblemLoader.loadEnvironment(AbstractProblemLoader.java:288)
	at de.uka.ilkd.key.proof.io.AbstractProblemLoader.load(AbstractProblemLoader.java:253)
	at de.uka.ilkd.key.control.AbstractUserInterfaceControl.load(AbstractUserInterfaceControl.java:209)
	... 7 more
Could not initialize class de.uka.ilkd.key.nparser.KeYParser (file: /home/runner/work/key/key/key.core/../key.ui/examples/index/.././standard_key/java_dl/reverseArray.key; caused by: java.lang.NoClassDefFoundError: Could not initialize class de.uka.ilkd.key.nparser.KeYParser)
	at de.uka.ilkd.key.control.AbstractUserInterfaceControl.load(AbstractUserInterfaceControl.java:221)
	at de.uka.ilkd.key.control.KeYEnvironment.load(KeYEnvironment.java:251)
	at de.uka.ilkd.key.control.KeYEnvironment.load(KeYEnvironment.java:224)
	at de.uka.ilkd.key.control.KeYEnvironment.load(KeYEnvironment.java:184)
	at de.uka.ilkd.key.control.KeYEnvironment.load(KeYEnvironment.java:261)
	at de.uka.ilkd.key.proof.runallproofs.proofcollection.TestFile.load(TestFile.java:270)
	at de.uka.ilkd.key.proof.runallproofs.proofcollection.TestFile.runKey(TestFile.java:160)
	at de.uka.ilkd.key.proof.runallproofs.proofcollection.ForkedTestFileRunner.main(ForkedTestFileRunner.java:171)
Caused by: java.lang.NoClassDefFoundError: Could not initialize class de.uka.ilkd.key.nparser.KeYParser
	at de.uka.ilkd.key.nparser.ParsingFacade.createParser(ParsingFacade.java:87)
	at de.uka.ilkd.key.nparser.ParsingFacade.parseFile(ParsingFacade.java:123)
	at de.uka.ilkd.key.proof.io.KeYFile.getParseContext(KeYFile.java:160)
	at de.uka.ilkd.key.proof.io.KeYFile.getProblemInformation(KeYFile.java:236)
	at de.uka.ilkd.key.proof.init.KeYUserProblemFile.readProfileFromFile(KeYUserProblemFile.java:236)
	at de.uka.ilkd.key.proof.init.KeYUserProblemFile.getProfile(KeYUserProblemFile.java:216)
	at de.uka.ilkd.key.proof.io.AbstractProblemLoader.createProblemInitializer(AbstractProblemLoader.java:508)
	at de.uka.ilkd.key.proof.io.AbstractProblemLoader.loadEnvironment(AbstractProblemLoader.java:288)
	at de.uka.ilkd.key.proof.io.AbstractProblemLoader.load(AbstractProblemLoader.java:253)
	at de.uka.ilkd.key.control.AbstractUserInterfaceControl.load(AbstractUserInterfaceControl.java:209)
	... 7 more
Could not initialize class de.uka.ilkd.key.nparser.KeYParser (file: /home/runner/work/key/key/key.core/../key.ui/examples/index/.././standard_key/java_dl/reverseArray2.key; caused by: java.lang.NoClassDefFoundError: Could not initialize class de.uka.ilkd.key.nparser.KeYParser)
	at de.uka.ilkd.key.control.AbstractUserInterfaceControl.load(AbstractUserInterfaceControl.java:221)
	at de.uka.ilkd.key.control.KeYEnvironment.load(KeYEnvironment.java:251)
	at de.uka.ilkd.key.control.KeYEnvironment.load(KeYEnvironment.java:224)
	at de.uka.ilkd.key.control.KeYEnvironment.load(KeYEnvironment.java:184)
	at de.uka.ilkd.key.control.KeYEnvironment.load(KeYEnvironment.java:261)
	at de.uka.ilkd.key.proof.runallproofs.proofcollection.TestFile.load(TestFile.java:270)
	at de.uka.ilkd.key.proof.runallproofs.proofcollection.TestFile.runKey(TestFile.java:160)
	at de.uka.ilkd.key.proof.runallproofs.proofcollection.ForkedTestFileRunner.main(ForkedTestFileRunner.java:171)
Caused by: java.lang.NoClassDefFoundError: Could not initialize class de.uka.ilkd.key.nparser.KeYParser
	at de.uka.ilkd.key.nparser.ParsingFacade.createParser(ParsingFacade.java:87)
	at de.uka.ilkd.key.nparser.ParsingFacade.parseFile(ParsingFacade.java:123)
	at de.uka.ilkd.key.proof.io.KeYFile.getParseContext(KeYFile.java:160)
	at de.uka.ilkd.key.proof.io.KeYFile.getProblemInformation(KeYFile.java:236)
	at de.uka.ilkd.key.proof.init.KeYUserProblemFile.readProfileFromFile(KeYUserProblemFile.java:236)
	at de.uka.ilkd.key.proof.init.KeYUserProblemFile.getProfile(KeYUserProblemFile.java:216)
	at de.uka.ilkd.key.proof.io.AbstractProblemLoader.createProblemInitializer(AbstractProblemLoader.java:508)
	at de.uka.ilkd.key.proof.io.AbstractProblemLoader.loadEnvironment(AbstractProblemLoader.java:288)
	at de.uka.ilkd.key.proof.io.AbstractProblemLoader.load(AbstractProblemLoader.java:253)
	at de.uka.ilkd.key.control.AbstractUserInterfaceControl.load(AbstractUserInterfaceControl.java:209)
	... 7 more
Could not initialize class de.uka.ilkd.key.nparser.KeYParser (file: /home/runner/work/key/key/key.core/../key.ui/examples/index/.././standard_key/java_dl/simpleAssignment.key; caused by: java.lang.NoClassDefFoundError: Could not initialize class de.uka.ilkd.key.nparser.KeYParser)
	at de.uka.ilkd.key.control.AbstractUserInterfaceControl.load(AbstractUserInterfaceControl.java:221)
	at de.uka.ilkd.key.control.KeYEnvironment.load(KeYEnvironment.java:251)
	at de.uka.ilkd.key.control.KeYEnvironment.load(KeYEnvironment.java:224)
	at de.uka.ilkd.key.control.KeYEnvironment.load(KeYEnvironment.java:184)
	at de.uka.ilkd.key.control.KeYEnvironment.load(KeYEnvironment.java:261)
	at de.uka.ilkd.key.proof.runallproofs.proofcollection.TestFile.load(TestFile.java:270)
	at de.uka.ilkd.key.proof.runallproofs.proofcollection.TestFile.runKey(TestFile.java:160)
	at de.uka.ilkd.key.proof.runallproofs.proofcollection.ForkedTestFileRunner.main(ForkedTestFileRunner.java:171)
Caused by: java.lang.NoClassDefFoundError: Could not initialize class de.uka.ilkd.key.nparser.KeYParser
	at de.uka.ilkd.key.nparser.ParsingFacade.createParser(ParsingFacade.java:87)
	at de.uka.ilkd.key.nparser.ParsingFacade.parseFile(ParsingFacade.java:123)
	at de.uka.ilkd.key.proof.io.KeYFile.getParseContext(KeYFile.java:160)
	at de.uka.ilkd.key.proof.io.KeYFile.getProblemInformation(KeYFile.java:236)
	at de.uka.ilkd.key.proof.init.KeYUserProblemFile.readProfileFromFile(KeYUserProblemFile.java:236)
	at de.uka.ilkd.key.proof.init.KeYUserProblemFile.getProfile(KeYUserProblemFile.java:216)
	at de.uka.ilkd.key.proof.io.AbstractProblemLoader.createProblemInitializer(AbstractProblemLoader.java:508)
	at de.uka.ilkd.key.proof.io.AbstractProblemLoader.loadEnvironment(AbstractProblemLoader.java:288)
	at de.uka.ilkd.key.proof.io.AbstractProblemLoader.load(AbstractProblemLoader.java:253)
	at de.uka.ilkd.key.control.AbstractUserInterfaceControl.load(AbstractUserInterfaceControl.java:209)
	... 7 more
Could not initialize class de.uka.ilkd.key.nparser.KeYParser (file: /home/runner/work/key/key/key.core/../key.ui/examples/index/.././standard_key/java_dl/simpleAssignment2.key; caused by: java.lang.NoClassDefFoundError: Could not initialize class de.uka.ilkd.key.nparser.KeYParser)
	at de.uka.ilkd.key.control.AbstractUserInterfaceControl.load(AbstractUserInterfaceControl.java:221)
	at de.uka.ilkd.key.control.KeYEnvironment.load(KeYEnvironment.java:251)
	at de.uka.ilkd.key.control.KeYEnvironment.load(KeYEnvironment.java:224)
	at de.uka.ilkd.key.control.KeYEnvironment.load(KeYEnvironment.java:184)
	at de.uka.ilkd.key.control.KeYEnvironment.load(KeYEnvironment.java:261)
	at de.uka.ilkd.key.proof.runallproofs.proofcollection.TestFile.load(TestFile.java:270)
	at de.uka.ilkd.key.proof.runallproofs.proofcollection.TestFile.runKey(TestFile.java:160)
	at de.uka.ilkd.key.proof.runallproofs.proofcollection.ForkedTestFileRunner.main(ForkedTestFileRunner.java:171)
Caused by: java.lang.NoClassDefFoundError: Could not initialize class de.uka.ilkd.key.nparser.KeYParser
	at de.uka.ilkd.key.nparser.ParsingFacade.createParser(ParsingFacade.java:87)
	at de.uka.ilkd.key.nparser.ParsingFacade.parseFile(ParsingFacade.java:123)
	at de.uka.ilkd.key.proof.io.KeYFile.getParseContext(KeYFile.java:160)
	at de.uka.ilkd.key.proof.io.KeYFile.getProblemInformation(KeYFile.java:236)
	at de.uka.ilkd.key.proof.init.KeYUserProblemFile.readProfileFromFile(KeYUserProblemFile.java:236)
	at de.uka.ilkd.key.proof.init.KeYUserProblemFile.getProfile(KeYUserProblemFile.java:216)
	at de.uka.ilkd.key.proof.io.AbstractProblemLoader.createProblemInitializer(AbstractProblemLoader.java:508)
	at de.uka.ilkd.key.proof.io.AbstractProblemLoader.loadEnvironment(AbstractProblemLoader.java:288)
	at de.uka.ilkd.key.proof.io.AbstractProblemLoader.load(AbstractProblemLoader.java:253)
	at de.uka.ilkd.key.control.AbstractUserInterfaceControl.load(AbstractUserInterfaceControl.java:209)
	... 7 more
Could not initialize class de.uka.ilkd.key.nparser.KeYParser (file: /home/runner/work/key/key/key.core/../key.ui/examples/index/.././standard_key/java_dl/splittingWithQueries.key; caused by: java.lang.NoClassDefFoundError: Could not initialize class de.uka.ilkd.key.nparser.KeYParser)
	at de.uka.ilkd.key.control.AbstractUserInterfaceControl.load(AbstractUserInterfaceControl.java:221)
	at de.uka.ilkd.key.control.KeYEnvironment.load(KeYEnvironment.java:251)
	at de.uka.ilkd.key.control.KeYEnvironment.load(KeYEnvironment.java:224)
	at de.uka.ilkd.key.control.KeYEnvironment.load(KeYEnvironment.java:184)
	at de.uka.ilkd.key.control.KeYEnvironment.load(KeYEnvironment.java:261)
	at de.uka.ilkd.key.proof.runallproofs.proofcollection.TestFile.load(TestFile.java:270)
	at de.uka.ilkd.key.proof.runallproofs.proofcollection.TestFile.runKey(TestFile.java:160)
	at de.uka.ilkd.key.proof.runallproofs.proofcollection.ForkedTestFileRunner.main(ForkedTestFileRunner.java:171)
Caused by: java.lang.NoClassDefFoundError: Could not initialize class de.uka.ilkd.key.nparser.KeYParser
	at de.uka.ilkd.key.nparser.ParsingFacade.createParser(ParsingFacade.java:87)
	at de.uka.ilkd.key.nparser.ParsingFacade.parseFile(ParsingFacade.java:123)
	at de.uka.ilkd.key.proof.io.KeYFile.getParseContext(KeYFile.java:160)
	at de.uka.ilkd.key.proof.io.KeYFile.getProblemInformation(KeYFile.java:236)
	at de.uka.ilkd.key.proof.init.KeYUserProblemFile.readProfileFromFile(KeYUserProblemFile.java:236)
	at de.uka.ilkd.key.proof.init.KeYUserProblemFile.getProfile(KeYUserProblemFile.java:216)
	at de.uka.ilkd.key.proof.io.AbstractProblemLoader.createProblemInitializer(AbstractProblemLoader.java:508)
	at de.uka.ilkd.key.proof.io.AbstractProblemLoader.loadEnvironment(AbstractProblemLoader.java:288)
	at de.uka.ilkd.key.proof.io.AbstractProblemLoader.load(AbstractProblemLoader.java:253)
	at de.uka.ilkd.key.control.AbstractUserInterfaceControl.load(AbstractUserInterfaceControl.java:209)
	... 7 more
Could not initialize class de.uka.ilkd.key.nparser.KeYParser (file: /home/runner/work/key/key/key.core/../key.ui/examples/index/.././standard_key/java_dl/strassen/strassen.key; caused by: java.lang.NoClassDefFoundError: Could not initialize class de.uka.ilkd.key.nparser.KeYParser)
	at de.uka.ilkd.key.control.AbstractUserInterfaceControl.load(AbstractUserInterfaceControl.java:221)
	at de.uka.ilkd.key.control.KeYEnvironment.load(KeYEnvironment.java:251)
	at de.uka.ilkd.key.control.KeYEnvironment.load(KeYEnvironment.java:224)
	at de.uka.ilkd.key.control.KeYEnvironment.load(KeYEnvironment.java:184)
	at de.uka.ilkd.key.control.KeYEnvironment.load(KeYEnvironment.java:261)
	at de.uka.ilkd.key.proof.runallproofs.proofcollection.TestFile.load(TestFile.java:270)
	at de.uka.ilkd.key.proof.runallproofs.proofcollection.TestFile.runKey(TestFile.java:160)
	at de.uka.ilkd.key.proof.runallproofs.proofcollection.ForkedTestFileRunner.main(ForkedTestFileRunner.java:171)
Caused by: java.lang.NoClassDefFoundError: Could not initialize class de.uka.ilkd.key.nparser.KeYParser
	at de.uka.ilkd.key.nparser.ParsingFacade.createParser(ParsingFacade.java:87)
	at de.uka.ilkd.key.nparser.ParsingFacade.parseFile(ParsingFacade.java:123)
	at de.uka.ilkd.key.proof.io.KeYFile.getParseContext(KeYFile.java:160)
	at de.uka.ilkd.key.proof.io.KeYFile.getProblemInformation(KeYFile.java:236)
	at de.uka.ilkd.key.proof.init.KeYUserProblemFile.readProfileFromFile(KeYUserProblemFile.java:236)
	at de.uka.ilkd.key.proof.init.KeYUserProblemFile.getProfile(KeYUserProblemFile.java:216)
	at de.uka.ilkd.key.proof.io.AbstractProblemLoader.createProblemInitializer(AbstractProblemLoader.java:508)
	at de.uka.ilkd.key.proof.io.AbstractProblemLoader.loadEnvironment(AbstractProblemLoader.java:288)
	at de.uka.ilkd.key.proof.io.AbstractProblemLoader.load(AbstractProblemLoader.java:253)
	at de.uka.ilkd.key.control.AbstractUserInterfaceControl.load(AbstractUserInterfaceControl.java:209)
	... 7 more
Could not initialize class de.uka.ilkd.key.nparser.KeYParser (file: /home/runner/work/key/key/key.core/../key.ui/examples/index/.././standard_key/java_dl/symmArray.key; caused by: java.lang.NoClassDefFoundError: Could not initialize class de.uka.ilkd.key.nparser.KeYParser)
	at de.uka.ilkd.key.control.AbstractUserInterfaceControl.load(AbstractUserInterfaceControl.java:221)
	at de.uka.ilkd.key.control.KeYEnvironment.load(KeYEnvironment.java:251)
	at de.uka.ilkd.key.control.KeYEnvironment.load(KeYEnvironment.java:224)
	at de.uka.ilkd.key.control.KeYEnvironment.load(KeYEnvironment.java:184)
	at de.uka.ilkd.key.control.KeYEnvironment.load(KeYEnvironment.java:261)
	at de.uka.ilkd.key.proof.runallproofs.proofcollection.TestFile.load(TestFile.java:270)
	at de.uka.ilkd.key.proof.runallproofs.proofcollection.TestFile.runKey(TestFile.java:160)
	at de.uka.ilkd.key.proof.runallproofs.proofcollection.ForkedTestFileRunner.main(ForkedTestFileRunner.java:171)
Caused by: java.lang.NoClassDefFoundError: Could not initialize class de.uka.ilkd.key.nparser.KeYParser
	at de.uka.ilkd.key.nparser.ParsingFacade.createParser(ParsingFacade.java:87)
	at de.uka.ilkd.key.nparser.ParsingFacade.parseFile(ParsingFacade.java:123)
	at de.uka.ilkd.key.proof.io.KeYFile.getParseContext(KeYFile.java:160)
	at de.uka.ilkd.key.proof.io.KeYFile.getProblemInformation(KeYFile.java:236)
	at de.uka.ilkd.key.proof.init.KeYUserProblemFile.readProfileFromFile(KeYUserProblemFile.java:236)
	at de.uka.ilkd.key.proof.init.KeYUserProblemFile.getProfile(KeYUserProblemFile.java:216)
	at de.uka.ilkd.key.proof.io.AbstractProblemLoader.createProblemInitializer(AbstractProblemLoader.java:508)
	at de.uka.ilkd.key.proof.io.AbstractProblemLoader.loadEnvironment(AbstractProblemLoader.java:288)
	at de.uka.ilkd.key.proof.io.AbstractProblemLoader.load(AbstractProblemLoader.java:253)
	at de.uka.ilkd.key.control.AbstractUserInterfaceControl.load(AbstractUserInterfaceControl.java:209)
	... 7 more
Could not initialize class de.uka.ilkd.key.nparser.KeYParser (file: /home/runner/work/key/key/key.core/../key.ui/examples/index/.././standard_key/java_dl/testcontext.key; caused by: java.lang.NoClassDefFoundError: Could not initialize class de.uka.ilkd.key.nparser.KeYParser)
	at de.uka.ilkd.key.control.AbstractUserInterfaceControl.load(AbstractUserInterfaceControl.java:221)
	at de.uka.ilkd.key.control.KeYEnvironment.load(KeYEnvironment.java:251)
	at de.uka.ilkd.key.control.KeYEnvironment.load(KeYEnvironment.java:224)
	at de.uka.ilkd.key.control.KeYEnvironment.load(KeYEnvironment.java:184)
	at de.uka.ilkd.key.control.KeYEnvironment.load(KeYEnvironment.java:261)
	at de.uka.ilkd.key.proof.runallproofs.proofcollection.TestFile.load(TestFile.java:270)
	at de.uka.ilkd.key.proof.runallproofs.proofcollection.TestFile.runKey(TestFile.java:160)
	at de.uka.ilkd.key.proof.runallproofs.proofcollection.ForkedTestFileRunner.main(ForkedTestFileRunner.java:171)
Caused by: java.lang.NoClassDefFoundError: Could not initialize class de.uka.ilkd.key.nparser.KeYParser
	at de.uka.ilkd.key.nparser.ParsingFacade.createParser(ParsingFacade.java:87)
	at de.uka.ilkd.key.nparser.ParsingFacade.parseFile(ParsingFacade.java:123)
	at de.uka.ilkd.key.proof.io.KeYFile.getParseContext(KeYFile.java:160)
	at de.uka.ilkd.key.proof.io.KeYFile.getProblemInformation(KeYFile.java:236)
	at de.uka.ilkd.key.proof.init.KeYUserProblemFile.readProfileFromFile(KeYUserProblemFile.java:236)
	at de.uka.ilkd.key.proof.init.KeYUserProblemFile.getProfile(KeYUserProblemFile.java:216)
	at de.uka.ilkd.key.proof.io.AbstractProblemLoader.createProblemInitializer(AbstractProblemLoader.java:508)
	at de.uka.ilkd.key.proof.io.AbstractProblemLoader.loadEnvironment(AbstractProblemLoader.java:288)
	at de.uka.ilkd.key.proof.io.AbstractProblemLoader.load(AbstractProblemLoader.java:253)
	at de.uka.ilkd.key.control.AbstractUserInterfaceControl.load(AbstractUserInterfaceControl.java:209)
	... 7 more
Could not initialize class de.uka.ilkd.key.nparser.KeYParser (file: /home/runner/work/key/key/key.core/../key.ui/examples/index/.././standard_key/staticInitialisation/cascadeStaticInitialisation.key; caused by: java.lang.NoClassDefFoundError: Could not initialize class de.uka.ilkd.key.nparser.KeYParser)
	at de.uka.ilkd.key.control.AbstractUserInterfaceControl.load(AbstractUserInterfaceControl.java:221)
	at de.uka.ilkd.key.control.KeYEnvironment.load(KeYEnvironment.java:251)
	at de.uka.ilkd.key.control.KeYEnvironment.load(KeYEnvironment.java:224)
	at de.uka.ilkd.key.control.KeYEnvironment.load(KeYEnvironment.java:184)
	at de.uka.ilkd.key.control.KeYEnvironment.load(KeYEnvironment.java:261)
	at de.uka.ilkd.key.proof.runallproofs.proofcollection.TestFile.load(TestFile.java:270)
	at de.uka.ilkd.key.proof.runallproofs.proofcollection.TestFile.runKey(TestFile.java:160)
	at de.uka.ilkd.key.proof.runallproofs.proofcollection.ForkedTestFileRunner.main(ForkedTestFileRunner.java:171)
Caused by: java.lang.NoClassDefFoundError: Could not initialize class de.uka.ilkd.key.nparser.KeYParser
	at de.uka.ilkd.key.nparser.ParsingFacade.createParser(ParsingFacade.java:87)
	at de.uka.ilkd.key.nparser.ParsingFacade.parseFile(ParsingFacade.java:123)
	at de.uka.ilkd.key.proof.io.KeYFile.getParseContext(KeYFile.java:160)
	at de.uka.ilkd.key.proof.io.KeYFile.getProblemInformation(KeYFile.java:236)
	at de.uka.ilkd.key.proof.init.KeYUserProblemFile.readProfileFromFile(KeYUserProblemFile.java:236)
	at de.uka.ilkd.key.proof.init.KeYUserProblemFile.getProfile(KeYUserProblemFile.java:216)
	at de.uka.ilkd.key.proof.io.AbstractProblemLoader.createProblemInitializer(AbstractProblemLoader.java:508)
	at de.uka.ilkd.key.proof.io.AbstractProblemLoader.loadEnvironment(AbstractProblemLoader.java:288)
	at de.uka.ilkd.key.proof.io.AbstractProblemLoader.load(AbstractProblemLoader.java:253)
	at de.uka.ilkd.key.control.AbstractUserInterfaceControl.load(AbstractUserInterfaceControl.java:209)
	... 7 more
Could not initialize class de.uka.ilkd.key.nparser.KeYParser (file: /home/runner/work/key/key/key.core/../key.ui/examples/index/.././standard_key/staticInitialisation/erroneousClassImpliesErroneousSubclass.key; caused by: java.lang.NoClassDefFoundError: Could not initialize class de.uka.ilkd.key.nparser.KeYParser)
	at de.uka.ilkd.key.control.AbstractUserInterfaceControl.load(AbstractUserInterfaceControl.java:221)
	at de.uka.ilkd.key.control.KeYEnvironment.load(KeYEnvironment.java:251)
	at de.uka.ilkd.key.control.KeYEnvironment.load(KeYEnvironment.java:224)
	at de.uka.ilkd.key.control.KeYEnvironment.load(KeYEnvironment.java:184)
	at de.uka.ilkd.key.control.KeYEnvironment.load(KeYEnvironment.java:261)
	at de.uka.ilkd.key.proof.runallproofs.proofcollection.TestFile.load(TestFile.java:270)
	at de.uka.ilkd.key.proof.runallproofs.proofcollection.TestFile.runKey(TestFile.java:160)
	at de.uka.ilkd.key.proof.runallproofs.proofcollection.ForkedTestFileRunner.main(ForkedTestFileRunner.java:171)
Caused by: java.lang.NoClassDefFoundError: Could not initialize class de.uka.ilkd.key.nparser.KeYParser
	at de.uka.ilkd.key.nparser.ParsingFacade.createParser(ParsingFacade.java:87)
	at de.uka.ilkd.key.nparser.ParsingFacade.parseFile(ParsingFacade.java:123)
	at de.uka.ilkd.key.proof.io.KeYFile.getParseContext(KeYFile.java:160)
	at de.uka.ilkd.key.proof.io.KeYFile.getProblemInformation(KeYFile.java:236)
	at de.uka.ilkd.key.proof.init.KeYUserProblemFile.readProfileFromFile(KeYUserProblemFile.java:236)
	at de.uka.ilkd.key.proof.init.KeYUserProblemFile.getProfile(KeYUserProblemFile.java:216)
	at de.uka.ilkd.key.proof.io.AbstractProblemLoader.createProblemInitializer(AbstractProblemLoader.java:508)
	at de.uka.ilkd.key.proof.io.AbstractProblemLoader.loadEnvironment(AbstractProblemLoader.java:288)
	at de.uka.ilkd.key.proof.io.AbstractProblemLoader.load(AbstractProblemLoader.java:253)
	at de.uka.ilkd.key.control.AbstractUserInterfaceControl.load(AbstractUserInterfaceControl.java:209)
	... 7 more
Could not initialize class de.uka.ilkd.key.nparser.KeYParser (file: /home/runner/work/key/key/key.core/../key.ui/examples/index/.././standard_key/staticInitialisation/initializedSubclassImpliesInitializedSuperclass.key; caused by: java.lang.NoClassDefFoundError: Could not initialize class de.uka.ilkd.key.nparser.KeYParser)
	at de.uka.ilkd.key.control.AbstractUserInterfaceControl.load(AbstractUserInterfaceControl.java:221)
	at de.uka.ilkd.key.control.KeYEnvironment.load(KeYEnvironment.java:251)
	at de.uka.ilkd.key.control.KeYEnvironment.load(KeYEnvironment.java:224)
	at de.uka.ilkd.key.control.KeYEnvironment.load(KeYEnvironment.java:184)
	at de.uka.ilkd.key.control.KeYEnvironment.load(KeYEnvironment.java:261)
	at de.uka.ilkd.key.proof.runallproofs.proofcollection.TestFile.load(TestFile.java:270)
	at de.uka.ilkd.key.proof.runallproofs.proofcollection.TestFile.runKey(TestFile.java:160)
	at de.uka.ilkd.key.proof.runallproofs.proofcollection.ForkedTestFileRunner.main(ForkedTestFileRunner.java:171)
Caused by: java.lang.NoClassDefFoundError: Could not initialize class de.uka.ilkd.key.nparser.KeYParser
	at de.uka.ilkd.key.nparser.ParsingFacade.createParser(ParsingFacade.java:87)
	at de.uka.ilkd.key.nparser.ParsingFacade.parseFile(ParsingFacade.java:123)
	at de.uka.ilkd.key.proof.io.KeYFile.getParseContext(KeYFile.java:160)
	at de.uka.ilkd.key.proof.io.KeYFile.getProblemInformation(KeYFile.java:236)
	at de.uka.ilkd.key.proof.init.KeYUserProblemFile.readProfileFromFile(KeYUserProblemFile.java:236)
	at de.uka.ilkd.key.proof.init.KeYUserProblemFile.getProfile(KeYUserProblemFile.java:216)
	at de.uka.ilkd.key.proof.io.AbstractProblemLoader.createProblemInitializer(AbstractProblemLoader.java:508)
	at de.uka.ilkd.key.proof.io.AbstractProblemLoader.loadEnvironment(AbstractProblemLoader.java:288)
	at de.uka.ilkd.key.proof.io.AbstractProblemLoader.load(AbstractProblemLoader.java:253)
	at de.uka.ilkd.key.control.AbstractUserInterfaceControl.load(AbstractUserInterfaceControl.java:209)
	... 7 more
Could not initialize class de.uka.ilkd.key.nparser.KeYParser (file: /home/runner/work/key/key/key.core/../key.ui/examples/index/.././standard_key/staticInitialisation/localDeclared.key; caused by: java.lang.NoClassDefFoundError: Could not initialize class de.uka.ilkd.key.nparser.KeYParser)
	at de.uka.ilkd.key.control.AbstractUserInterfaceControl.load(AbstractUserInterfaceControl.java:221)
	at de.uka.ilkd.key.control.KeYEnvironment.load(KeYEnvironment.java:251)
	at de.uka.ilkd.key.control.KeYEnvironment.load(KeYEnvironment.java:224)
	at de.uka.ilkd.key.control.KeYEnvironment.load(KeYEnvironment.java:184)
	at de.uka.ilkd.key.control.KeYEnvironment.load(KeYEnvironment.java:261)
	at de.uka.ilkd.key.proof.runallproofs.proofcollection.TestFile.load(TestFile.java:270)
	at de.uka.ilkd.key.proof.runallproofs.proofcollection.TestFile.runKey(TestFile.java:160)
	at de.uka.ilkd.key.proof.runallproofs.proofcollection.ForkedTestFileRunner.main(ForkedTestFileRunner.java:171)
Caused by: java.lang.NoClassDefFoundError: Could not initialize class de.uka.ilkd.key.nparser.KeYParser
	at de.uka.ilkd.key.nparser.ParsingFacade.createParser(ParsingFacade.java:87)
	at de.uka.ilkd.key.nparser.ParsingFacade.parseFile(ParsingFacade.java:123)
	at de.uka.ilkd.key.proof.io.KeYFile.getParseContext(KeYFile.java:160)
	at de.uka.ilkd.key.proof.io.KeYFile.getProblemInformation(KeYFile.java:236)
	at de.uka.ilkd.key.proof.init.KeYUserProblemFile.readProfileFromFile(KeYUserProblemFile.java:236)
	at de.uka.ilkd.key.proof.init.KeYUserProblemFile.getProfile(KeYUserProblemFile.java:216)
	at de.uka.ilkd.key.proof.io.AbstractProblemLoader.createProblemInitializer(AbstractProblemLoader.java:508)
	at de.uka.ilkd.key.proof.io.AbstractProblemLoader.loadEnvironment(AbstractProblemLoader.java:288)
	at de.uka.ilkd.key.proof.io.AbstractProblemLoader.load(AbstractProblemLoader.java:253)
	at de.uka.ilkd.key.control.AbstractUserInterfaceControl.load(AbstractUserInterfaceControl.java:209)
	... 7 more
Could not initialize class de.uka.ilkd.key.nparser.KeYParser (file: /home/runner/work/key/key/key.core/../key.ui/examples/index/.././standard_key/staticInitialisation/localDeclaredMethod.key; caused by: java.lang.NoClassDefFoundError: Could not initialize class de.uka.ilkd.key.nparser.KeYParser)
	at de.uka.ilkd.key.control.AbstractUserInterfaceControl.load(AbstractUserInterfaceControl.java:221)
	at de.uka.ilkd.key.control.KeYEnvironment.load(KeYEnvironment.java:251)
	at de.uka.ilkd.key.control.KeYEnvironment.load(KeYEnvironment.java:224)
	at de.uka.ilkd.key.control.KeYEnvironment.load(KeYEnvironment.java:184)
	at de.uka.ilkd.key.control.KeYEnvironment.load(KeYEnvironment.java:261)
	at de.uka.ilkd.key.proof.runallproofs.proofcollection.TestFile.load(TestFile.java:270)
	at de.uka.ilkd.key.proof.runallproofs.proofcollection.TestFile.runKey(TestFile.java:160)
	at de.uka.ilkd.key.proof.runallproofs.proofcollection.ForkedTestFileRunner.main(ForkedTestFileRunner.java:171)
Caused by: java.lang.NoClassDefFoundError: Could not initialize class de.uka.ilkd.key.nparser.KeYParser
	at de.uka.ilkd.key.nparser.ParsingFacade.createParser(ParsingFacade.java:87)
	at de.uka.ilkd.key.nparser.ParsingFacade.parseFile(ParsingFacade.java:123)
	at de.uka.ilkd.key.proof.io.KeYFile.getParseContext(KeYFile.java:160)
	at de.uka.ilkd.key.proof.io.KeYFile.getProblemInformation(KeYFile.java:236)
	at de.uka.ilkd.key.proof.init.KeYUserProblemFile.readProfileFromFile(KeYUserProblemFile.java:236)
	at de.uka.ilkd.key.proof.init.KeYUserProblemFile.getProfile(KeYUserProblemFile.java:216)
	at de.uka.ilkd.key.proof.io.AbstractProblemLoader.createProblemInitializer(AbstractProblemLoader.java:508)
	at de.uka.ilkd.key.proof.io.AbstractProblemLoader.loadEnvironment(AbstractProblemLoader.java:288)
	at de.uka.ilkd.key.proof.io.AbstractProblemLoader.load(AbstractProblemLoader.java:253)
	at de.uka.ilkd.key.control.AbstractUserInterfaceControl.load(AbstractUserInterfaceControl.java:209)
	... 7 more
Could not initialize class de.uka.ilkd.key.nparser.KeYParser (file: /home/runner/work/key/key/key.core/../key.ui/examples/index/.././standard_key/staticInitialisation/objectOfErroneousClass.key; caused by: java.lang.NoClassDefFoundError: Could not initialize class de.uka.ilkd.key.nparser.KeYParser)
	at de.uka.ilkd.key.control.AbstractUserInterfaceControl.load(AbstractUserInterfaceControl.java:221)
	at de.uka.ilkd.key.control.KeYEnvironment.load(KeYEnvironment.java:251)
	at de.uka.ilkd.key.control.KeYEnvironment.load(KeYEnvironment.java:224)
	at de.uka.ilkd.key.control.KeYEnvironment.load(KeYEnvironment.java:184)
	at de.uka.ilkd.key.control.KeYEnvironment.load(KeYEnvironment.java:261)
	at de.uka.ilkd.key.proof.runallproofs.proofcollection.TestFile.load(TestFile.java:270)
	at de.uka.ilkd.key.proof.runallproofs.proofcollection.TestFile.runKey(TestFile.java:160)
	at de.uka.ilkd.key.proof.runallproofs.proofcollection.ForkedTestFileRunner.main(ForkedTestFileRunner.java:171)
Caused by: java.lang.NoClassDefFoundError: Could not initialize class de.uka.ilkd.key.nparser.KeYParser
	at de.uka.ilkd.key.nparser.ParsingFacade.createParser(ParsingFacade.java:87)
	at de.uka.ilkd.key.nparser.ParsingFacade.parseFile(ParsingFacade.java:123)
	at de.uka.ilkd.key.proof.io.KeYFile.getParseContext(KeYFile.java:160)
	at de.uka.ilkd.key.proof.io.KeYFile.getProblemInformation(KeYFile.java:236)
	at de.uka.ilkd.key.proof.init.KeYUserProblemFile.readProfileFromFile(KeYUserProblemFile.java:236)
	at de.uka.ilkd.key.proof.init.KeYUserProblemFile.getProfile(KeYUserProblemFile.java:216)
	at de.uka.ilkd.key.proof.io.AbstractProblemLoader.createProblemInitializer(AbstractProblemLoader.java:508)
	at de.uka.ilkd.key.proof.io.AbstractProblemLoader.loadEnvironment(AbstractProblemLoader.java:288)
	at de.uka.ilkd.key.proof.io.AbstractProblemLoader.load(AbstractProblemLoader.java:253)
	at de.uka.ilkd.key.control.AbstractUserInterfaceControl.load(AbstractUserInterfaceControl.java:209)
	... 7 more
Could not initialize class de.uka.ilkd.key.nparser.KeYParser (file: /home/runner/work/key/key/key.core/../key.ui/examples/index/.././standard_key/staticInitialisation/staticInitialisersAreNonSimple.key; caused by: java.lang.NoClassDefFoundError: Could not initialize class de.uka.ilkd.key.nparser.KeYParser)
	at de.uka.ilkd.key.control.AbstractUserInterfaceControl.load(AbstractUserInterfaceControl.java:221)
	at de.uka.ilkd.key.control.KeYEnvironment.load(KeYEnvironment.java:251)
	at de.uka.ilkd.key.control.KeYEnvironment.load(KeYEnvironment.java:224)
	at de.uka.ilkd.key.control.KeYEnvironment.load(KeYEnvironment.java:184)
	at de.uka.ilkd.key.control.KeYEnvironment.load(KeYEnvironment.java:261)
	at de.uka.ilkd.key.proof.runallproofs.proofcollection.TestFile.load(TestFile.java:270)
	at de.uka.ilkd.key.proof.runallproofs.proofcollection.TestFile.runKey(TestFile.java:160)
	at de.uka.ilkd.key.proof.runallproofs.proofcollection.ForkedTestFileRunner.main(ForkedTestFileRunner.java:171)
Caused by: java.lang.NoClassDefFoundError: Could not initialize class de.uka.ilkd.key.nparser.KeYParser
	at de.uka.ilkd.key.nparser.ParsingFacade.createParser(ParsingFacade.java:87)
	at de.uka.ilkd.key.nparser.ParsingFacade.parseFile(ParsingFacade.java:123)
	at de.uka.ilkd.key.proof.io.KeYFile.getParseContext(KeYFile.java:160)
	at de.uka.ilkd.key.proof.io.KeYFile.getProblemInformation(KeYFile.java:236)
	at de.uka.ilkd.key.proof.init.KeYUserProblemFile.readProfileFromFile(KeYUserProblemFile.java:236)
	at de.uka.ilkd.key.proof.init.KeYUserProblemFile.getProfile(KeYUserProblemFile.java:216)
	at de.uka.ilkd.key.proof.io.AbstractProblemLoader.createProblemInitializer(AbstractProblemLoader.java:508)
	at de.uka.ilkd.key.proof.io.AbstractProblemLoader.loadEnvironment(AbstractProblemLoader.java:288)
	at de.uka.ilkd.key.proof.io.AbstractProblemLoader.load(AbstractProblemLoader.java:253)
	at de.uka.ilkd.key.control.AbstractUserInterfaceControl.load(AbstractUserInterfaceControl.java:209)
	... 7 more
Could not initialize class de.uka.ilkd.key.nparser.KeYParser (file: /home/runner/work/key/key/key.core/../key.ui/examples/index/.././standard_key/types/disjoint.key; caused by: java.lang.NoClassDefFoundError: Could not initialize class de.uka.ilkd.key.nparser.KeYParser)
	at de.uka.ilkd.key.control.AbstractUserInterfaceControl.load(AbstractUserInterfaceControl.java:221)
	at de.uka.ilkd.key.control.KeYEnvironment.load(KeYEnvironment.java:251)
	at de.uka.ilkd.key.control.KeYEnvironment.load(KeYEnvironment.java:224)
	at de.uka.ilkd.key.control.KeYEnvironment.load(KeYEnvironment.java:184)
	at de.uka.ilkd.key.control.KeYEnvironment.load(KeYEnvironment.java:261)
	at de.uka.ilkd.key.proof.runallproofs.proofcollection.TestFile.load(TestFile.java:270)
	at de.uka.ilkd.key.proof.runallproofs.proofcollection.TestFile.runKey(TestFile.java:160)
	at de.uka.ilkd.key.proof.runallproofs.proofcollection.ForkedTestFileRunner.main(ForkedTestFileRunner.java:171)
Caused by: java.lang.NoClassDefFoundError: Could not initialize class de.uka.ilkd.key.nparser.KeYParser
	at de.uka.ilkd.key.nparser.ParsingFacade.createParser(ParsingFacade.java:87)
	at de.uka.ilkd.key.nparser.ParsingFacade.parseFile(ParsingFacade.java:123)
	at de.uka.ilkd.key.proof.io.KeYFile.getParseContext(KeYFile.java:160)
	at de.uka.ilkd.key.proof.io.KeYFile.getProblemInformation(KeYFile.java:236)
	at de.uka.ilkd.key.proof.init.KeYUserProblemFile.readProfileFromFile(KeYUserProblemFile.java:236)
	at de.uka.ilkd.key.proof.init.KeYUserProblemFile.getProfile(KeYUserProblemFile.java:216)
	at de.uka.ilkd.key.proof.io.AbstractProblemLoader.createProblemInitializer(AbstractProblemLoader.java:508)
	at de.uka.ilkd.key.proof.io.AbstractProblemLoader.loadEnvironment(AbstractProblemLoader.java:288)
	at de.uka.ilkd.key.proof.io.AbstractProblemLoader.load(AbstractProblemLoader.java:253)
	at de.uka.ilkd.key.control.AbstractUserInterfaceControl.load(AbstractUserInterfaceControl.java:209)
	... 7 more
Could not initialize class de.uka.ilkd.key.nparser.KeYParser (file: /home/runner/work/key/key/key.core/../key.ui/examples/index/../../../key.core/src/test/resources/testcase/classpath/classpath.key; caused by: java.lang.NoClassDefFoundError: Could not initialize class de.uka.ilkd.key.nparser.KeYParser)
	at de.uka.ilkd.key.control.AbstractUserInterfaceControl.load(AbstractUserInterfaceControl.java:221)
	at de.uka.ilkd.key.control.KeYEnvironment.load(KeYEnvironment.java:251)
	at de.uka.ilkd.key.control.KeYEnvironment.load(KeYEnvironment.java:224)
	at de.uka.ilkd.key.control.KeYEnvironment.load(KeYEnvironment.java:184)
	at de.uka.ilkd.key.control.KeYEnvironment.load(KeYEnvironment.java:261)
	at de.uka.ilkd.key.proof.runallproofs.proofcollection.TestFile.load(TestFile.java:270)
	at de.uka.ilkd.key.proof.runallproofs.proofcollection.TestFile.runKey(TestFile.java:160)
	at de.uka.ilkd.key.proof.runallproofs.proofcollection.ForkedTestFileRunner.main(ForkedTestFileRunner.java:171)
Caused by: java.lang.NoClassDefFoundError: Could not initialize class de.uka.ilkd.key.nparser.KeYParser
	at de.uka.ilkd.key.nparser.ParsingFacade.createParser(ParsingFacade.java:87)
	at de.uka.ilkd.key.nparser.ParsingFacade.parseFile(ParsingFacade.java:123)
	at de.uka.ilkd.key.proof.io.KeYFile.getParseContext(KeYFile.java:160)
	at de.uka.ilkd.key.proof.io.KeYFile.getProblemInformation(KeYFile.java:236)
	at de.uka.ilkd.key.proof.init.KeYUserProblemFile.readProfileFromFile(KeYUserProblemFile.java:236)
	at de.uka.ilkd.key.proof.init.KeYUserProblemFile.getProfile(KeYUserProblemFile.java:216)
	at de.uka.ilkd.key.proof.io.AbstractProblemLoader.createProblemInitializer(AbstractProblemLoader.java:508)
	at de.uka.ilkd.key.proof.io.AbstractProblemLoader.loadEnvironment(AbstractProblemLoader.java:288)
	at de.uka.ilkd.key.proof.io.AbstractProblemLoader.load(AbstractProblemLoader.java:253)
	at de.uka.ilkd.key.control.AbstractUserInterfaceControl.load(AbstractUserInterfaceControl.java:209)
	... 7 more
Could not initialize class de.uka.ilkd.key.nparser.KeYParser (file: /home/runner/work/key/key/key.core/../key.ui/examples/index/.././heap/inconsistent_represents/MyClass_m.key; caused by: java.lang.NoClassDefFoundError: Could not initialize class de.uka.ilkd.key.nparser.KeYParser)
	at de.uka.ilkd.key.control.AbstractUserInterfaceControl.load(AbstractUserInterfaceControl.java:221)
	at de.uka.ilkd.key.control.KeYEnvironment.load(KeYEnvironment.java:251)
	at de.uka.ilkd.key.control.KeYEnvironment.load(KeYEnvironment.java:224)
	at de.uka.ilkd.key.control.KeYEnvironment.load(KeYEnvironment.java:184)
	at de.uka.ilkd.key.control.KeYEnvironment.load(KeYEnvironment.java:261)
	at de.uka.ilkd.key.proof.runallproofs.proofcollection.TestFile.load(TestFile.java:270)
	at de.uka.ilkd.key.proof.runallproofs.proofcollection.TestFile.runKey(TestFile.java:160)
	at de.uka.ilkd.key.proof.runallproofs.proofcollection.ForkedTestFileRunner.main(ForkedTestFileRunner.java:171)
Caused by: java.lang.NoClassDefFoundError: Could not initialize class de.uka.ilkd.key.nparser.KeYParser
	at de.uka.ilkd.key.nparser.ParsingFacade.createParser(ParsingFacade.java:87)
	at de.uka.ilkd.key.nparser.ParsingFacade.parseFile(ParsingFacade.java:123)
	at de.uka.ilkd.key.proof.io.KeYFile.getParseContext(KeYFile.java:160)
	at de.uka.ilkd.key.proof.io.KeYFile.getProblemInformation(KeYFile.java:236)
	at de.uka.ilkd.key.proof.init.KeYUserProblemFile.readProfileFromFile(KeYUserProblemFile.java:236)
	at de.uka.ilkd.key.proof.init.KeYUserProblemFile.getProfile(KeYUserProblemFile.java:216)
	at de.uka.ilkd.key.proof.io.AbstractProblemLoader.createProblemInitializer(AbstractProblemLoader.java:508)
	at de.uka.ilkd.key.proof.io.AbstractProblemLoader.loadEnvironment(AbstractProblemLoader.java:288)
	at de.uka.ilkd.key.proof.io.AbstractProblemLoader.load(AbstractProblemLoader.java:253)
	at de.uka.ilkd.key.control.AbstractUserInterfaceControl.load(AbstractUserInterfaceControl.java:209)
	... 7 more
Could not initialize class de.uka.ilkd.key.nparser.KeYParser (file: /home/runner/work/key/key/key.core/../key.ui/examples/index/.././heap/inconsistent_represents/MyClass_n.key; caused by: java.lang.NoClassDefFoundError: Could not initialize class de.uka.ilkd.key.nparser.KeYParser)
	at de.uka.ilkd.key.control.AbstractUserInterfaceControl.load(AbstractUserInterfaceControl.java:221)
	at de.uka.ilkd.key.control.KeYEnvironment.load(KeYEnvironment.java:251)
	at de.uka.ilkd.key.control.KeYEnvironment.load(KeYEnvironment.java:224)
	at de.uka.ilkd.key.control.KeYEnvironment.load(KeYEnvironment.java:184)
	at de.uka.ilkd.key.control.KeYEnvironment.load(KeYEnvironment.java:261)
	at de.uka.ilkd.key.proof.runallproofs.proofcollection.TestFile.load(TestFile.java:270)
	at de.uka.ilkd.key.proof.runallproofs.proofcollection.TestFile.runKey(TestFile.java:160)
	at de.uka.ilkd.key.proof.runallproofs.proofcollection.ForkedTestFileRunner.main(ForkedTestFileRunner.java:171)
Caused by: java.lang.NoClassDefFoundError: Could not initialize class de.uka.ilkd.key.nparser.KeYParser
	at de.uka.ilkd.key.nparser.ParsingFacade.createParser(ParsingFacade.java:87)
	at de.uka.ilkd.key.nparser.ParsingFacade.parseFile(ParsingFacade.java:123)
	at de.uka.ilkd.key.proof.io.KeYFile.getParseContext(KeYFile.java:160)
	at de.uka.ilkd.key.proof.io.KeYFile.getProblemInformation(KeYFile.java:236)
	at de.uka.ilkd.key.proof.init.KeYUserProblemFile.readProfileFromFile(KeYUserProblemFile.java:236)
	at de.uka.ilkd.key.proof.init.KeYUserProblemFile.getProfile(KeYUserProblemFile.java:216)
	at de.uka.ilkd.key.proof.io.AbstractProblemLoader.createProblemInitializer(AbstractProblemLoader.java:508)
	at de.uka.ilkd.key.proof.io.AbstractProblemLoader.loadEnvironment(AbstractProblemLoader.java:288)
	at de.uka.ilkd.key.proof.io.AbstractProblemLoader.load(AbstractProblemLoader.java:253)
	at de.uka.ilkd.key.control.AbstractUserInterfaceControl.load(AbstractUserInterfaceControl.java:209)
	... 7 more
Exception in thread "main" org.opentest4j.AssertionFailedError: Exception during the execution of proofs. See log for more details.
	at org.junit.jupiter.api.AssertionUtils.fail(AssertionUtils.java:38)
	at org.junit.jupiter.api.Assertions.fail(Assertions.java:135)
	at de.uka.ilkd.key.proof.runallproofs.proofcollection.ForkedTestFileRunner.main(ForkedTestFileRunner.java:192)
Timeout watcher launched (2000 secs.)
ANTLR Tool version 4.9.3 used for code generation does not match the current runtime version 4.12.0
 (file: /home/runner/work/key/key/key.core/../key.ui/examples/index/.././standard_key/pred_log/count.key; caused by: java.lang.ExceptionInInitializerError)
	at de.uka.ilkd.key.control.AbstractUserInterfaceControl.load(AbstractUserInterfaceControl.java:221)
	at de.uka.ilkd.key.control.KeYEnvironment.load(KeYEnvironment.java:251)
	at de.uka.ilkd.key.control.KeYEnvironment.load(KeYEnvironment.java:224)
	at de.uka.ilkd.key.control.KeYEnvironment.load(KeYEnvironment.java:184)
	at de.uka.ilkd.key.control.KeYEnvironment.load(KeYEnvironment.java:261)
	at de.uka.ilkd.key.proof.runallproofs.proofcollection.TestFile.load(TestFile.java:270)
	at de.uka.ilkd.key.proof.runallproofs.proofcollection.TestFile.runKey(TestFile.java:160)
	at de.uka.ilkd.key.proof.runallproofs.proofcollection.ForkedTestFileRunner.main(ForkedTestFileRunner.java:171)
Caused by: java.lang.ExceptionInInitializerError
	at de.uka.ilkd.key.nparser.ParsingFacade.createParser(ParsingFacade.java:87)
	at de.uka.ilkd.key.nparser.ParsingFacade.parseFile(ParsingFacade.java:123)
	at de.uka.ilkd.key.proof.io.KeYFile.getParseContext(KeYFile.java:160)
	at de.uka.ilkd.key.proof.io.KeYFile.getProblemInformation(KeYFile.java:236)
	at de.uka.ilkd.key.proof.init.KeYUserProblemFile.readProfileFromFile(KeYUserProblemFile.java:236)
	at de.uka.ilkd.key.proof.init.KeYUserProblemFile.getProfile(KeYUserProblemFile.java:216)
	at de.uka.ilkd.key.proof.io.AbstractProblemLoader.createProblemInitializer(AbstractProblemLoader.java:508)
	at de.uka.ilkd.key.proof.io.AbstractProblemLoader.loadEnvironment(AbstractProblemLoader.java:288)
	at de.uka.ilkd.key.proof.io.AbstractProblemLoader.load(AbstractProblemLoader.java:253)
	at de.uka.ilkd.key.control.AbstractUserInterfaceControl.load(AbstractUserInterfaceControl.java:209)
	... 7 more
Caused by: java.lang.UnsupportedOperationException: java.io.InvalidClassException: org.antlr.v4.runtime.atn.ATN; Could not deserialize ATN with version 3 (expected 4).
	at org.antlr.v4.runtime.atn.ATNDeserializer.deserialize(ATNDeserializer.java:56)
	at org.antlr.v4.runtime.atn.ATNDeserializer.deserialize(ATNDeserializer.java:48)
	at de.uka.ilkd.key.nparser.KeYParser.<clinit>(KeYParser.java:11834)
	... 17 more
Caused by: java.io.InvalidClassException: org.antlr.v4.runtime.atn.ATN; Could not deserialize ATN with version 3 (expected 4).
	... 20 more
Could not initialize class de.uka.ilkd.key.nparser.KeYParser (file: /home/runner/work/key/key/key.core/../key.ui/examples/index/.././standard_key/pred_log/count2.key; caused by: java.lang.NoClassDefFoundError: Could not initialize class de.uka.ilkd.key.nparser.KeYParser)
	at de.uka.ilkd.key.control.AbstractUserInterfaceControl.load(AbstractUserInterfaceControl.java:221)
	at de.uka.ilkd.key.control.KeYEnvironment.load(KeYEnvironment.java:251)
	at de.uka.ilkd.key.control.KeYEnvironment.load(KeYEnvironment.java:224)
	at de.uka.ilkd.key.control.KeYEnvironment.load(KeYEnvironment.java:184)
	at de.uka.ilkd.key.control.KeYEnvironment.load(KeYEnvironment.java:261)
	at de.uka.ilkd.key.proof.runallproofs.proofcollection.TestFile.load(TestFile.java:270)
	at de.uka.ilkd.key.proof.runallproofs.proofcollection.TestFile.runKey(TestFile.java:160)
	at de.uka.ilkd.key.proof.runallproofs.proofcollection.ForkedTestFileRunner.main(ForkedTestFileRunner.java:171)
Caused by: java.lang.NoClassDefFoundError: Could not initialize class de.uka.ilkd.key.nparser.KeYParser
	at de.uka.ilkd.key.nparser.ParsingFacade.createParser(ParsingFacade.java:87)
	at de.uka.ilkd.key.nparser.ParsingFacade.parseFile(ParsingFacade.java:123)
	at de.uka.ilkd.key.proof.io.KeYFile.getParseContext(KeYFile.java:160)
	at de.uka.ilkd.key.proof.io.KeYFile.getProblemInformation(KeYFile.java:236)
	at de.uka.ilkd.key.proof.init.KeYUserProblemFile.readProfileFromFile(KeYUserProblemFile.java:236)
	at de.uka.ilkd.key.proof.init.KeYUserProblemFile.getProfile(KeYUserProblemFile.java:216)
	at de.uka.ilkd.key.proof.io.AbstractProblemLoader.createProblemInitializer(AbstractProblemLoader.java:508)
	at de.uka.ilkd.key.proof.io.AbstractProblemLoader.loadEnvironment(AbstractProblemLoader.java:288)
	at de.uka.ilkd.key.proof.io.AbstractProblemLoader.load(AbstractProblemLoader.java:253)
	at de.uka.ilkd.key.control.AbstractUserInterfaceControl.load(AbstractUserInterfaceControl.java:209)
	... 7 more
Could not initialize class de.uka.ilkd.key.nparser.KeYParser (file: /home/runner/work/key/key/key.core/../key.ui/examples/index/.././standard_key/pred_log/count3.key; caused by: java.lang.NoClassDefFoundError: Could not initialize class de.uka.ilkd.key.nparser.KeYParser)
	at de.uka.ilkd.key.control.AbstractUserInterfaceControl.load(AbstractUserInterfaceControl.java:221)
	at de.uka.ilkd.key.control.KeYEnvironment.load(KeYEnvironment.java:251)
	at de.uka.ilkd.key.control.KeYEnvironment.load(KeYEnvironment.java:224)
	at de.uka.ilkd.key.control.KeYEnvironment.load(KeYEnvironment.java:184)
	at de.uka.ilkd.key.control.KeYEnvironment.load(KeYEnvironment.java:261)
	at de.uka.ilkd.key.proof.runallproofs.proofcollection.TestFile.load(TestFile.java:270)
	at de.uka.ilkd.key.proof.runallproofs.proofcollection.TestFile.runKey(TestFile.java:160)
	at de.uka.ilkd.key.proof.runallproofs.proofcollection.ForkedTestFileRunner.main(ForkedTestFileRunner.java:171)
Caused by: java.lang.NoClassDefFoundError: Could not initialize class de.uka.ilkd.key.nparser.KeYParser
	at de.uka.ilkd.key.nparser.ParsingFacade.createParser(ParsingFacade.java:87)
	at de.uka.ilkd.key.nparser.ParsingFacade.parseFile(ParsingFacade.java:123)
	at de.uka.ilkd.key.proof.io.KeYFile.getParseContext(KeYFile.java:160)
	at de.uka.ilkd.key.proof.io.KeYFile.getProblemInformation(KeYFile.java:236)
	at de.uka.ilkd.key.proof.init.KeYUserProblemFile.readProfileFromFile(KeYUserProblemFile.java:236)
	at de.uka.ilkd.key.proof.init.KeYUserProblemFile.getProfile(KeYUserProblemFile.java:216)
	at de.uka.ilkd.key.proof.io.AbstractProblemLoader.createProblemInitializer(AbstractProblemLoader.java:508)
	at de.uka.ilkd.key.proof.io.AbstractProblemLoader.loadEnvironment(AbstractProblemLoader.java:288)
	at de.uka.ilkd.key.proof.io.AbstractProblemLoader.load(AbstractProblemLoader.java:253)
	at de.uka.ilkd.key.control.AbstractUserInterfaceControl.load(AbstractUserInterfaceControl.java:209)
	... 7 more
Could not initialize class de.uka.ilkd.key.nparser.KeYParser (file: /home/runner/work/key/key/key.core/../key.ui/examples/index/.././standard_key/pred_log/equalities.key; caused by: java.lang.NoClassDefFoundError: Could not initialize class de.uka.ilkd.key.nparser.KeYParser)
	at de.uka.ilkd.key.control.AbstractUserInterfaceControl.load(AbstractUserInterfaceControl.java:221)
	at de.uka.ilkd.key.control.KeYEnvironment.load(KeYEnvironment.java:251)
	at de.uka.ilkd.key.control.KeYEnvironment.load(KeYEnvironment.java:224)
	at de.uka.ilkd.key.control.KeYEnvironment.load(KeYEnvironment.java:184)
	at de.uka.ilkd.key.control.KeYEnvironment.load(KeYEnvironment.java:261)
	at de.uka.ilkd.key.proof.runallproofs.proofcollection.TestFile.load(TestFile.java:270)
	at de.uka.ilkd.key.proof.runallproofs.proofcollection.TestFile.runKey(TestFile.java:160)
	at de.uka.ilkd.key.proof.runallproofs.proofcollection.ForkedTestFileRunner.main(ForkedTestFileRunner.java:171)
Caused by: java.lang.NoClassDefFoundError: Could not initialize class de.uka.ilkd.key.nparser.KeYParser
	at de.uka.ilkd.key.nparser.ParsingFacade.createParser(ParsingFacade.java:87)
	at de.uka.ilkd.key.nparser.ParsingFacade.parseFile(ParsingFacade.java:123)
	at de.uka.ilkd.key.proof.io.KeYFile.getParseContext(KeYFile.java:160)
	at de.uka.ilkd.key.proof.io.KeYFile.getProblemInformation(KeYFile.java:236)
	at de.uka.ilkd.key.proof.init.KeYUserProblemFile.readProfileFromFile(KeYUserProblemFile.java:236)
	at de.uka.ilkd.key.proof.init.KeYUserProblemFile.getProfile(KeYUserProblemFile.java:216)
	at de.uka.ilkd.key.proof.io.AbstractProblemLoader.createProblemInitializer(AbstractProblemLoader.java:508)
	at de.uka.ilkd.key.proof.io.AbstractProblemLoader.loadEnvironment(AbstractProblemLoader.java:288)
	at de.uka.ilkd.key.proof.io.AbstractProblemLoader.load(AbstractProblemLoader.java:253)
	at de.uka.ilkd.key.control.AbstractUserInterfaceControl.load(AbstractUserInterfaceControl.java:209)
	... 7 more
Could not initialize class de.uka.ilkd.key.nparser.KeYParser (file: /home/runner/work/key/key/key.core/../key.ui/examples/index/.././standard_key/pred_log/equalities2.key; caused by: java.lang.NoClassDefFoundError: Could not initialize class de.uka.ilkd.key.nparser.KeYParser)
	at de.uka.ilkd.key.control.AbstractUserInterfaceControl.load(AbstractUserInterfaceControl.java:221)
	at de.uka.ilkd.key.control.KeYEnvironment.load(KeYEnvironment.java:251)
	at de.uka.ilkd.key.control.KeYEnvironment.load(KeYEnvironment.java:224)
	at de.uka.ilkd.key.control.KeYEnvironment.load(KeYEnvironment.java:184)
	at de.uka.ilkd.key.control.KeYEnvironment.load(KeYEnvironment.java:261)
	at de.uka.ilkd.key.proof.runallproofs.proofcollection.TestFile.load(TestFile.java:270)
	at de.uka.ilkd.key.proof.runallproofs.proofcollection.TestFile.runKey(TestFile.java:160)
	at de.uka.ilkd.key.proof.runallproofs.proofcollection.ForkedTestFileRunner.main(ForkedTestFileRunner.java:171)
Caused by: java.lang.NoClassDefFoundError: Could not initialize class de.uka.ilkd.key.nparser.KeYParser
	at de.uka.ilkd.key.nparser.ParsingFacade.createParser(ParsingFacade.java:87)
	at de.uka.ilkd.key.nparser.ParsingFacade.parseFile(ParsingFacade.java:123)
	at de.uka.ilkd.key.proof.io.KeYFile.getParseContext(KeYFile.java:160)
	at de.uka.ilkd.key.proof.io.KeYFile.getProblemInformation(KeYFile.java:236)
	at de.uka.ilkd.key.proof.init.KeYUserProblemFile.readProfileFromFile(KeYUserProblemFile.java:236)
	at de.uka.ilkd.key.proof.init.KeYUserProblemFile.getProfile(KeYUserProblemFile.java:216)
	at de.uka.ilkd.key.proof.io.AbstractProblemLoader.createProblemInitializer(AbstractProblemLoader.java:508)
	at de.uka.ilkd.key.proof.io.AbstractProblemLoader.loadEnvironment(AbstractProblemLoader.java:288)
	at de.uka.ilkd.key.proof.io.AbstractProblemLoader.load(AbstractProblemLoader.java:253)
	at de.uka.ilkd.key.control.AbstractUserInterfaceControl.load(AbstractUserInterfaceControl.java:209)
	... 7 more
Could not initialize class de.uka.ilkd.key.nparser.KeYParser (file: /home/runner/work/key/key/key.core/../key.ui/examples/index/.././standard_key/pred_log/equalities3.key; caused by: java.lang.NoClassDefFoundError: Could not initialize class de.uka.ilkd.key.nparser.KeYParser)
	at de.uka.ilkd.key.control.AbstractUserInterfaceControl.load(AbstractUserInterfaceControl.java:221)
	at de.uka.ilkd.key.control.KeYEnvironment.load(KeYEnvironment.java:251)
	at de.uka.ilkd.key.control.KeYEnvironment.load(KeYEnvironment.java:224)
	at de.uka.ilkd.key.control.KeYEnvironment.load(KeYEnvironment.java:184)
	at de.uka.ilkd.key.control.KeYEnvironment.load(KeYEnvironment.java:261)
	at de.uka.ilkd.key.proof.runallproofs.proofcollection.TestFile.load(TestFile.java:270)
	at de.uka.ilkd.key.proof.runallproofs.proofcollection.TestFile.runKey(TestFile.java:160)
	at de.uka.ilkd.key.proof.runallproofs.proofcollection.ForkedTestFileRunner.main(ForkedTestFileRunner.java:171)
Caused by: java.lang.NoClassDefFoundError: Could not initialize class de.uka.ilkd.key.nparser.KeYParser
	at de.uka.ilkd.key.nparser.ParsingFacade.createParser(ParsingFacade.java:87)
	at de.uka.ilkd.key.nparser.ParsingFacade.parseFile(ParsingFacade.java:123)
	at de.uka.ilkd.key.proof.io.KeYFile.getParseContext(KeYFile.java:160)
	at de.uka.ilkd.key.proof.io.KeYFile.getProblemInformation(KeYFile.java:236)
	at de.uka.ilkd.key.proof.init.KeYUserProblemFile.readProfileFromFile(KeYUserProblemFile.java:236)
	at de.uka.ilkd.key.proof.init.KeYUserProblemFile.getProfile(KeYUserProblemFile.java:216)
	at de.uka.ilkd.key.proof.io.AbstractProblemLoader.createProblemInitializer(AbstractProblemLoader.java:508)
	at de.uka.ilkd.key.proof.io.AbstractProblemLoader.loadEnvironment(AbstractProblemLoader.java:288)
	at de.uka.ilkd.key.proof.io.AbstractProblemLoader.load(AbstractProblemLoader.java:253)
	at de.uka.ilkd.key.control.AbstractUserInterfaceControl.load(AbstractUserInterfaceControl.java:209)
	... 7 more
Could not initialize class de.uka.ilkd.key.nparser.KeYParser (file: /home/runner/work/key/key/key.core/../key.ui/examples/index/.././standard_key/pred_log/functions.key; caused by: java.lang.NoClassDefFoundError: Could not initialize class de.uka.ilkd.key.nparser.KeYParser)
	at de.uka.ilkd.key.control.AbstractUserInterfaceControl.load(AbstractUserInterfaceControl.java:221)
	at de.uka.ilkd.key.control.KeYEnvironment.load(KeYEnvironment.java:251)
	at de.uka.ilkd.key.control.KeYEnvironment.load(KeYEnvironment.java:224)
	at de.uka.ilkd.key.control.KeYEnvironment.load(KeYEnvironment.java:184)
	at de.uka.ilkd.key.control.KeYEnvironment.load(KeYEnvironment.java:261)
	at de.uka.ilkd.key.proof.runallproofs.proofcollection.TestFile.load(TestFile.java:270)
	at de.uka.ilkd.key.proof.runallproofs.proofcollection.TestFile.runKey(TestFile.java:160)
	at de.uka.ilkd.key.proof.runallproofs.proofcollection.ForkedTestFileRunner.main(ForkedTestFileRunner.java:171)
Caused by: java.lang.NoClassDefFoundError: Could not initialize class de.uka.ilkd.key.nparser.KeYParser
	at de.uka.ilkd.key.nparser.ParsingFacade.createParser(ParsingFacade.java:87)
	at de.uka.ilkd.key.nparser.ParsingFacade.parseFile(ParsingFacade.java:123)
	at de.uka.ilkd.key.proof.io.KeYFile.getParseContext(KeYFile.java:160)
	at de.uka.ilkd.key.proof.io.KeYFile.getProblemInformation(KeYFile.java:236)
	at de.uka.ilkd.key.proof.init.KeYUserProblemFile.readProfileFromFile(KeYUserProblemFile.java:236)
	at de.uka.ilkd.key.proof.init.KeYUserProblemFile.getProfile(KeYUserProblemFile.java:216)
	at de.uka.ilkd.key.proof.io.AbstractProblemLoader.createProblemInitializer(AbstractProblemLoader.java:508)
	at de.uka.ilkd.key.proof.io.AbstractProblemLoader.loadEnvironment(AbstractProblemLoader.java:288)
	at de.uka.ilkd.key.proof.io.AbstractProblemLoader.load(AbstractProblemLoader.java:253)
	at de.uka.ilkd.key.control.AbstractUserInterfaceControl.load(AbstractUserInterfaceControl.java:209)
	... 7 more
Could not initialize class de.uka.ilkd.key.nparser.KeYParser (file: /home/runner/work/key/key/key.core/../key.ui/examples/index/.././standard_key/pred_log/mv1.key; caused by: java.lang.NoClassDefFoundError: Could not initialize class de.uka.ilkd.key.nparser.KeYParser)
	at de.uka.ilkd.key.control.AbstractUserInterfaceControl.load(AbstractUserInterfaceControl.java:221)
	at de.uka.ilkd.key.control.KeYEnvironment.load(KeYEnvironment.java:251)
	at de.uka.ilkd.key.control.KeYEnvironment.load(KeYEnvironment.java:224)
	at de.uka.ilkd.key.control.KeYEnvironment.load(KeYEnvironment.java:184)
	at de.uka.ilkd.key.control.KeYEnvironment.load(KeYEnvironment.java:261)
	at de.uka.ilkd.key.proof.runallproofs.proofcollection.TestFile.load(TestFile.java:270)
	at de.uka.ilkd.key.proof.runallproofs.proofcollection.TestFile.runKey(TestFile.java:160)
	at de.uka.ilkd.key.proof.runallproofs.proofcollection.ForkedTestFileRunner.main(ForkedTestFileRunner.java:171)
Caused by: java.lang.NoClassDefFoundError: Could not initialize class de.uka.ilkd.key.nparser.KeYParser
	at de.uka.ilkd.key.nparser.ParsingFacade.createParser(ParsingFacade.java:87)
	at de.uka.ilkd.key.nparser.ParsingFacade.parseFile(ParsingFacade.java:123)
	at de.uka.ilkd.key.proof.io.KeYFile.getParseContext(KeYFile.java:160)
	at de.uka.ilkd.key.proof.io.KeYFile.getProblemInformation(KeYFile.java:236)
	at de.uka.ilkd.key.proof.init.KeYUserProblemFile.readProfileFromFile(KeYUserProblemFile.java:236)
	at de.uka.ilkd.key.proof.init.KeYUserProblemFile.getProfile(KeYUserProblemFile.java:216)
	at de.uka.ilkd.key.proof.io.AbstractProblemLoader.createProblemInitializer(AbstractProblemLoader.java:508)
	at de.uka.ilkd.key.proof.io.AbstractProblemLoader.loadEnvironment(AbstractProblemLoader.java:288)
	at de.uka.ilkd.key.proof.io.AbstractProblemLoader.load(AbstractProblemLoader.java:253)
	at de.uka.ilkd.key.control.AbstractUserInterfaceControl.load(AbstractUserInterfaceControl.java:209)
	... 7 more
Could not initialize class de.uka.ilkd.key.nparser.KeYParser (file: /home/runner/work/key/key/key.core/../key.ui/examples/index/.././standard_key/pred_log/mv2.key; caused by: java.lang.NoClassDefFoundError: Could not initialize class de.uka.ilkd.key.nparser.KeYParser)
	at de.uka.ilkd.key.control.AbstractUserInterfaceControl.load(AbstractUserInterfaceControl.java:221)
	at de.uka.ilkd.key.control.KeYEnvironment.load(KeYEnvironment.java:251)
	at de.uka.ilkd.key.control.KeYEnvironment.load(KeYEnvironment.java:224)
	at de.uka.ilkd.key.control.KeYEnvironment.load(KeYEnvironment.java:184)
	at de.uka.ilkd.key.control.KeYEnvironment.load(KeYEnvironment.java:261)
	at de.uka.ilkd.key.proof.runallproofs.proofcollection.TestFile.load(TestFile.java:270)
	at de.uka.ilkd.key.proof.runallproofs.proofcollection.TestFile.runKey(TestFile.java:160)
	at de.uka.ilkd.key.proof.runallproofs.proofcollection.ForkedTestFileRunner.main(ForkedTestFileRunner.java:171)
Caused by: java.lang.NoClassDefFoundError: Could not initialize class de.uka.ilkd.key.nparser.KeYParser
	at de.uka.ilkd.key.nparser.ParsingFacade.createParser(ParsingFacade.java:87)
	at de.uka.ilkd.key.nparser.ParsingFacade.parseFile(ParsingFacade.java:123)
	at de.uka.ilkd.key.proof.io.KeYFile.getParseContext(KeYFile.java:160)
	at de.uka.ilkd.key.proof.io.KeYFile.getProblemInformation(KeYFile.java:236)
	at de.uka.ilkd.key.proof.init.KeYUserProblemFile.readProfileFromFile(KeYUserProblemFile.java:236)
	at de.uka.ilkd.key.proof.init.KeYUserProblemFile.getProfile(KeYUserProblemFile.java:216)
	at de.uka.ilkd.key.proof.io.AbstractProblemLoader.createProblemInitializer(AbstractProblemLoader.java:508)
	at de.uka.ilkd.key.proof.io.AbstractProblemLoader.loadEnvironment(AbstractProblemLoader.java:288)
	at de.uka.ilkd.key.proof.io.AbstractProblemLoader.load(AbstractProblemLoader.java:253)
	at de.uka.ilkd.key.control.AbstractUserInterfaceControl.load(AbstractUserInterfaceControl.java:209)
	... 7 more
Could not initialize class de.uka.ilkd.key.nparser.KeYParser (file: /home/runner/work/key/key/key.core/../key.ui/examples/index/.././standard_key/pred_log/quantifiers.key; caused by: java.lang.NoClassDefFoundError: Could not initialize class de.uka.ilkd.key.nparser.KeYParser)
	at de.uka.ilkd.key.control.AbstractUserInterfaceControl.load(AbstractUserInterfaceControl.java:221)
	at de.uka.ilkd.key.control.KeYEnvironment.load(KeYEnvironment.java:251)
	at de.uka.ilkd.key.control.KeYEnvironment.load(KeYEnvironment.java:224)
	at de.uka.ilkd.key.control.KeYEnvironment.load(KeYEnvironment.java:184)
	at de.uka.ilkd.key.control.KeYEnvironment.load(KeYEnvironment.java:261)
	at de.uka.ilkd.key.proof.runallproofs.proofcollection.TestFile.load(TestFile.java:270)
	at de.uka.ilkd.key.proof.runallproofs.proofcollection.TestFile.runKey(TestFile.java:160)
	at de.uka.ilkd.key.proof.runallproofs.proofcollection.ForkedTestFileRunner.main(ForkedTestFileRunner.java:171)
Caused by: java.lang.NoClassDefFoundError: Could not initialize class de.uka.ilkd.key.nparser.KeYParser
	at de.uka.ilkd.key.nparser.ParsingFacade.createParser(ParsingFacade.java:87)
	at de.uka.ilkd.key.nparser.ParsingFacade.parseFile(ParsingFacade.java:123)
	at de.uka.ilkd.key.proof.io.KeYFile.getParseContext(KeYFile.java:160)
	at de.uka.ilkd.key.proof.io.KeYFile.getProblemInformation(KeYFile.java:236)
	at de.uka.ilkd.key.proof.init.KeYUserProblemFile.readProfileFromFile(KeYUserProblemFile.java:236)
	at de.uka.ilkd.key.proof.init.KeYUserProblemFile.getProfile(KeYUserProblemFile.java:216)
	at de.uka.ilkd.key.proof.io.AbstractProblemLoader.createProblemInitializer(AbstractProblemLoader.java:508)
	at de.uka.ilkd.key.proof.io.AbstractProblemLoader.loadEnvironment(AbstractProblemLoader.java:288)
	at de.uka.ilkd.key.proof.io.AbstractProblemLoader.load(AbstractProblemLoader.java:253)
	at de.uka.ilkd.key.control.AbstractUserInterfaceControl.load(AbstractUserInterfaceControl.java:209)
	... 7 more
Could not initialize class de.uka.ilkd.key.nparser.KeYParser (file: /home/runner/work/key/key/key.core/../key.ui/examples/index/.././standard_key/pred_log/simpleEps.key; caused by: java.lang.NoClassDefFoundError: Could not initialize class de.uka.ilkd.key.nparser.KeYParser)
	at de.uka.ilkd.key.control.AbstractUserInterfaceControl.load(AbstractUserInterfaceControl.java:221)
	at de.uka.ilkd.key.control.KeYEnvironment.load(KeYEnvironment.java:251)
	at de.uka.ilkd.key.control.KeYEnvironment.load(KeYEnvironment.java:224)
	at de.uka.ilkd.key.control.KeYEnvironment.load(KeYEnvironment.java:184)
	at de.uka.ilkd.key.control.KeYEnvironment.load(KeYEnvironment.java:261)
	at de.uka.ilkd.key.proof.runallproofs.proofcollection.TestFile.load(TestFile.java:270)
	at de.uka.ilkd.key.proof.runallproofs.proofcollection.TestFile.runKey(TestFile.java:160)
	at de.uka.ilkd.key.proof.runallproofs.proofcollection.ForkedTestFileRunner.main(ForkedTestFileRunner.java:171)
Caused by: java.lang.NoClassDefFoundError: Could not initialize class de.uka.ilkd.key.nparser.KeYParser
	at de.uka.ilkd.key.nparser.ParsingFacade.createParser(ParsingFacade.java:87)
	at de.uka.ilkd.key.nparser.ParsingFacade.parseFile(ParsingFacade.java:123)
	at de.uka.ilkd.key.proof.io.KeYFile.getParseContext(KeYFile.java:160)
	at de.uka.ilkd.key.proof.io.KeYFile.getProblemInformation(KeYFile.java:236)
	at de.uka.ilkd.key.proof.init.KeYUserProblemFile.readProfileFromFile(KeYUserProblemFile.java:236)
	at de.uka.ilkd.key.proof.init.KeYUserProblemFile.getProfile(KeYUserProblemFile.java:216)
	at de.uka.ilkd.key.proof.io.AbstractProblemLoader.createProblemInitializer(AbstractProblemLoader.java:508)
	at de.uka.ilkd.key.proof.io.AbstractProblemLoader.loadEnvironment(AbstractProblemLoader.java:288)
	at de.uka.ilkd.key.proof.io.AbstractProblemLoader.load(AbstractProblemLoader.java:253)
	at de.uka.ilkd.key.control.AbstractUserInterfaceControl.load(AbstractUserInterfaceControl.java:209)
	... 7 more
Could not initialize class de.uka.ilkd.key.nparser.KeYParser (file: /home/runner/work/key/key/key.core/../key.ui/examples/index/.././standard_key/pred_log/steam1.key; caused by: java.lang.NoClassDefFoundError: Could not initialize class de.uka.ilkd.key.nparser.KeYParser)
	at de.uka.ilkd.key.control.AbstractUserInterfaceControl.load(AbstractUserInterfaceControl.java:221)
	at de.uka.ilkd.key.control.KeYEnvironment.load(KeYEnvironment.java:251)
	at de.uka.ilkd.key.control.KeYEnvironment.load(KeYEnvironment.java:224)
	at de.uka.ilkd.key.control.KeYEnvironment.load(KeYEnvironment.java:184)
	at de.uka.ilkd.key.control.KeYEnvironment.load(KeYEnvironment.java:261)
	at de.uka.ilkd.key.proof.runallproofs.proofcollection.TestFile.load(TestFile.java:270)
	at de.uka.ilkd.key.proof.runallproofs.proofcollection.TestFile.runKey(TestFile.java:160)
	at de.uka.ilkd.key.proof.runallproofs.proofcollection.ForkedTestFileRunner.main(ForkedTestFileRunner.java:171)
Caused by: java.lang.NoClassDefFoundError: Could not initialize class de.uka.ilkd.key.nparser.KeYParser
	at de.uka.ilkd.key.nparser.ParsingFacade.createParser(ParsingFacade.java:87)
	at de.uka.ilkd.key.nparser.ParsingFacade.parseFile(ParsingFacade.java:123)
	at de.uka.ilkd.key.proof.io.KeYFile.getParseContext(KeYFile.java:160)
	at de.uka.ilkd.key.proof.io.KeYFile.getProblemInformation(KeYFile.java:236)
	at de.uka.ilkd.key.proof.init.KeYUserProblemFile.readProfileFromFile(KeYUserProblemFile.java:236)
	at de.uka.ilkd.key.proof.init.KeYUserProblemFile.getProfile(KeYUserProblemFile.java:216)
	at de.uka.ilkd.key.proof.io.AbstractProblemLoader.createProblemInitializer(AbstractProblemLoader.java:508)
	at de.uka.ilkd.key.proof.io.AbstractProblemLoader.loadEnvironment(AbstractProblemLoader.java:288)
	at de.uka.ilkd.key.proof.io.AbstractProblemLoader.load(AbstractProblemLoader.java:253)
	at de.uka.ilkd.key.control.AbstractUserInterfaceControl.load(AbstractUserInterfaceControl.java:209)
	... 7 more
Could not initialize class de.uka.ilkd.key.nparser.KeYParser (file: /home/runner/work/key/key/key.core/../key.ui/examples/index/.././standard_key/pred_log/tptp/PUZ/PUZ001p1.key; caused by: java.lang.NoClassDefFoundError: Could not initialize class de.uka.ilkd.key.nparser.KeYParser)
	at de.uka.ilkd.key.control.AbstractUserInterfaceControl.load(AbstractUserInterfaceControl.java:221)
	at de.uka.ilkd.key.control.KeYEnvironment.load(KeYEnvironment.java:251)
	at de.uka.ilkd.key.control.KeYEnvironment.load(KeYEnvironment.java:224)
	at de.uka.ilkd.key.control.KeYEnvironment.load(KeYEnvironment.java:184)
	at de.uka.ilkd.key.control.KeYEnvironment.load(KeYEnvironment.java:261)
	at de.uka.ilkd.key.proof.runallproofs.proofcollection.TestFile.load(TestFile.java:270)
	at de.uka.ilkd.key.proof.runallproofs.proofcollection.TestFile.runKey(TestFile.java:160)
	at de.uka.ilkd.key.proof.runallproofs.proofcollection.ForkedTestFileRunner.main(ForkedTestFileRunner.java:171)
Caused by: java.lang.NoClassDefFoundError: Could not initialize class de.uka.ilkd.key.nparser.KeYParser
	at de.uka.ilkd.key.nparser.ParsingFacade.createParser(ParsingFacade.java:87)
	at de.uka.ilkd.key.nparser.ParsingFacade.parseFile(ParsingFacade.java:123)
	at de.uka.ilkd.key.proof.io.KeYFile.getParseContext(KeYFile.java:160)
	at de.uka.ilkd.key.proof.io.KeYFile.getProblemInformation(KeYFile.java:236)
	at de.uka.ilkd.key.proof.init.KeYUserProblemFile.readProfileFromFile(KeYUserProblemFile.java:236)
	at de.uka.ilkd.key.proof.init.KeYUserProblemFile.getProfile(KeYUserProblemFile.java:216)
	at de.uka.ilkd.key.proof.io.AbstractProblemLoader.createProblemInitializer(AbstractProblemLoader.java:508)
	at de.uka.ilkd.key.proof.io.AbstractProblemLoader.loadEnvironment(AbstractProblemLoader.java:288)
	at de.uka.ilkd.key.proof.io.AbstractProblemLoader.load(AbstractProblemLoader.java:253)
	at de.uka.ilkd.key.control.AbstractUserInterfaceControl.load(AbstractUserInterfaceControl.java:209)
	... 7 more
Could not initialize class de.uka.ilkd.key.nparser.KeYParser (file: /home/runner/work/key/key/key.core/../key.ui/examples/index/.././standard_key/pred_log/tptp/PUZ/PUZ001p1-eq.key; caused by: java.lang.NoClassDefFoundError: Could not initialize class de.uka.ilkd.key.nparser.KeYParser)
	at de.uka.ilkd.key.control.AbstractUserInterfaceControl.load(AbstractUserInterfaceControl.java:221)
	at de.uka.ilkd.key.control.KeYEnvironment.load(KeYEnvironment.java:251)
	at de.uka.ilkd.key.control.KeYEnvironment.load(KeYEnvironment.java:224)
	at de.uka.ilkd.key.control.KeYEnvironment.load(KeYEnvironment.java:184)
	at de.uka.ilkd.key.control.KeYEnvironment.load(KeYEnvironment.java:261)
	at de.uka.ilkd.key.proof.runallproofs.proofcollection.TestFile.load(TestFile.java:270)
	at de.uka.ilkd.key.proof.runallproofs.proofcollection.TestFile.runKey(TestFile.java:160)
	at de.uka.ilkd.key.proof.runallproofs.proofcollection.ForkedTestFileRunner.main(ForkedTestFileRunner.java:171)
Caused by: java.lang.NoClassDefFoundError: Could not initialize class de.uka.ilkd.key.nparser.KeYParser
	at de.uka.ilkd.key.nparser.ParsingFacade.createParser(ParsingFacade.java:87)
	at de.uka.ilkd.key.nparser.ParsingFacade.parseFile(ParsingFacade.java:123)
	at de.uka.ilkd.key.proof.io.KeYFile.getParseContext(KeYFile.java:160)
	at de.uka.ilkd.key.proof.io.KeYFile.getProblemInformation(KeYFile.java:236)
	at de.uka.ilkd.key.proof.init.KeYUserProblemFile.readProfileFromFile(KeYUserProblemFile.java:236)
	at de.uka.ilkd.key.proof.init.KeYUserProblemFile.getProfile(KeYUserProblemFile.java:216)
	at de.uka.ilkd.key.proof.io.AbstractProblemLoader.createProblemInitializer(AbstractProblemLoader.java:508)
	at de.uka.ilkd.key.proof.io.AbstractProblemLoader.loadEnvironment(AbstractProblemLoader.java:288)
	at de.uka.ilkd.key.proof.io.AbstractProblemLoader.load(AbstractProblemLoader.java:253)
	at de.uka.ilkd.key.control.AbstractUserInterfaceControl.load(AbstractUserInterfaceControl.java:209)
	... 7 more
Could not initialize class de.uka.ilkd.key.nparser.KeYParser (file: /home/runner/work/key/key/key.core/../key.ui/examples/index/.././standard_key/pred_log/tptp/PUZ/PUZ031p1.key; caused by: java.lang.NoClassDefFoundError: Could not initialize class de.uka.ilkd.key.nparser.KeYParser)
	at de.uka.ilkd.key.control.AbstractUserInterfaceControl.load(AbstractUserInterfaceControl.java:221)
	at de.uka.ilkd.key.control.KeYEnvironment.load(KeYEnvironment.java:251)
	at de.uka.ilkd.key.control.KeYEnvironment.load(KeYEnvironment.java:224)
	at de.uka.ilkd.key.control.KeYEnvironment.load(KeYEnvironment.java:184)
	at de.uka.ilkd.key.control.KeYEnvironment.load(KeYEnvironment.java:261)
	at de.uka.ilkd.key.proof.runallproofs.proofcollection.TestFile.load(TestFile.java:270)
	at de.uka.ilkd.key.proof.runallproofs.proofcollection.TestFile.runKey(TestFile.java:160)
	at de.uka.ilkd.key.proof.runallproofs.proofcollection.ForkedTestFileRunner.main(ForkedTestFileRunner.java:171)
Caused by: java.lang.NoClassDefFoundError: Could not initialize class de.uka.ilkd.key.nparser.KeYParser
	at de.uka.ilkd.key.nparser.ParsingFacade.createParser(ParsingFacade.java:87)
	at de.uka.ilkd.key.nparser.ParsingFacade.parseFile(ParsingFacade.java:123)
	at de.uka.ilkd.key.proof.io.KeYFile.getParseContext(KeYFile.java:160)
	at de.uka.ilkd.key.proof.io.KeYFile.getProblemInformation(KeYFile.java:236)
	at de.uka.ilkd.key.proof.init.KeYUserProblemFile.readProfileFromFile(KeYUserProblemFile.java:236)
	at de.uka.ilkd.key.proof.init.KeYUserProblemFile.getProfile(KeYUserProblemFile.java:216)
	at de.uka.ilkd.key.proof.io.AbstractProblemLoader.createProblemInitializer(AbstractProblemLoader.java:508)
	at de.uka.ilkd.key.proof.io.AbstractProblemLoader.loadEnvironment(AbstractProblemLoader.java:288)
	at de.uka.ilkd.key.proof.io.AbstractProblemLoader.load(AbstractProblemLoader.java:253)
	at de.uka.ilkd.key.control.AbstractUserInterfaceControl.load(AbstractUserInterfaceControl.java:209)
	... 7 more
Could not initialize class de.uka.ilkd.key.nparser.KeYParser (file: /home/runner/work/key/key/key.core/../key.ui/examples/index/.././standard_key/pred_log/tptp/SET/SET027p3.key; caused by: java.lang.NoClassDefFoundError: Could not initialize class de.uka.ilkd.key.nparser.KeYParser)
	at de.uka.ilkd.key.control.AbstractUserInterfaceControl.load(AbstractUserInterfaceControl.java:221)
	at de.uka.ilkd.key.control.KeYEnvironment.load(KeYEnvironment.java:251)
	at de.uka.ilkd.key.control.KeYEnvironment.load(KeYEnvironment.java:224)
	at de.uka.ilkd.key.control.KeYEnvironment.load(KeYEnvironment.java:184)
	at de.uka.ilkd.key.control.KeYEnvironment.load(KeYEnvironment.java:261)
	at de.uka.ilkd.key.proof.runallproofs.proofcollection.TestFile.load(TestFile.java:270)
	at de.uka.ilkd.key.proof.runallproofs.proofcollection.TestFile.runKey(TestFile.java:160)
	at de.uka.ilkd.key.proof.runallproofs.proofcollection.ForkedTestFileRunner.main(ForkedTestFileRunner.java:171)
Caused by: java.lang.NoClassDefFoundError: Could not initialize class de.uka.ilkd.key.nparser.KeYParser
	at de.uka.ilkd.key.nparser.ParsingFacade.createParser(ParsingFacade.java:87)
	at de.uka.ilkd.key.nparser.ParsingFacade.parseFile(ParsingFacade.java:123)
	at de.uka.ilkd.key.proof.io.KeYFile.getParseContext(KeYFile.java:160)
	at de.uka.ilkd.key.proof.io.KeYFile.getProblemInformation(KeYFile.java:236)
	at de.uka.ilkd.key.proof.init.KeYUserProblemFile.readProfileFromFile(KeYUserProblemFile.java:236)
	at de.uka.ilkd.key.proof.init.KeYUserProblemFile.getProfile(KeYUserProblemFile.java:216)
	at de.uka.ilkd.key.proof.io.AbstractProblemLoader.createProblemInitializer(AbstractProblemLoader.java:508)
	at de.uka.ilkd.key.proof.io.AbstractProblemLoader.loadEnvironment(AbstractProblemLoader.java:288)
	at de.uka.ilkd.key.proof.io.AbstractProblemLoader.load(AbstractProblemLoader.java:253)
	at de.uka.ilkd.key.control.AbstractUserInterfaceControl.load(AbstractUserInterfaceControl.java:209)
	... 7 more
Could not initialize class de.uka.ilkd.key.nparser.KeYParser (file: /home/runner/work/key/key/key.core/../key.ui/examples/index/.././standard_key/pred_log/tptp/SET/SET043p1.key; caused by: java.lang.NoClassDefFoundError: Could not initialize class de.uka.ilkd.key.nparser.KeYParser)
	at de.uka.ilkd.key.control.AbstractUserInterfaceControl.load(AbstractUserInterfaceControl.java:221)
	at de.uka.ilkd.key.control.KeYEnvironment.load(KeYEnvironment.java:251)
	at de.uka.ilkd.key.control.KeYEnvironment.load(KeYEnvironment.java:224)
	at de.uka.ilkd.key.control.KeYEnvironment.load(KeYEnvironment.java:184)
	at de.uka.ilkd.key.control.KeYEnvironment.load(KeYEnvironment.java:261)
	at de.uka.ilkd.key.proof.runallproofs.proofcollection.TestFile.load(TestFile.java:270)
	at de.uka.ilkd.key.proof.runallproofs.proofcollection.TestFile.runKey(TestFile.java:160)
	at de.uka.ilkd.key.proof.runallproofs.proofcollection.ForkedTestFileRunner.main(ForkedTestFileRunner.java:171)
Caused by: java.lang.NoClassDefFoundError: Could not initialize class de.uka.ilkd.key.nparser.KeYParser
	at de.uka.ilkd.key.nparser.ParsingFacade.createParser(ParsingFacade.java:87)
	at de.uka.ilkd.key.nparser.ParsingFacade.parseFile(ParsingFacade.java:123)
	at de.uka.ilkd.key.proof.io.KeYFile.getParseContext(KeYFile.java:160)
	at de.uka.ilkd.key.proof.io.KeYFile.getProblemInformation(KeYFile.java:236)
	at de.uka.ilkd.key.proof.init.KeYUserProblemFile.readProfileFromFile(KeYUserProblemFile.java:236)
	at de.uka.ilkd.key.proof.init.KeYUserProblemFile.getProfile(KeYUserProblemFile.java:216)
	at de.uka.ilkd.key.proof.io.AbstractProblemLoader.createProblemInitializer(AbstractProblemLoader.java:508)
	at de.uka.ilkd.key.proof.io.AbstractProblemLoader.loadEnvironment(AbstractProblemLoader.java:288)
	at de.uka.ilkd.key.proof.io.AbstractProblemLoader.load(AbstractProblemLoader.java:253)
	at de.uka.ilkd.key.control.AbstractUserInterfaceControl.load(AbstractUserInterfaceControl.java:209)
	... 7 more
Could not initialize class de.uka.ilkd.key.nparser.KeYParser (file: /home/runner/work/key/key/key.core/../key.ui/examples/index/.././standard_key/pred_log/tptp/SET/SET045p1.key; caused by: java.lang.NoClassDefFoundError: Could not initialize class de.uka.ilkd.key.nparser.KeYParser)
	at de.uka.ilkd.key.control.AbstractUserInterfaceControl.load(AbstractUserInterfaceControl.java:221)
	at de.uka.ilkd.key.control.KeYEnvironment.load(KeYEnvironment.java:251)
	at de.uka.ilkd.key.control.KeYEnvironment.load(KeYEnvironment.java:224)
	at de.uka.ilkd.key.control.KeYEnvironment.load(KeYEnvironment.java:184)
	at de.uka.ilkd.key.control.KeYEnvironment.load(KeYEnvironment.java:261)
	at de.uka.ilkd.key.proof.runallproofs.proofcollection.TestFile.load(TestFile.java:270)
	at de.uka.ilkd.key.proof.runallproofs.proofcollection.TestFile.runKey(TestFile.java:160)
	at de.uka.ilkd.key.proof.runallproofs.proofcollection.ForkedTestFileRunner.main(ForkedTestFileRunner.java:171)
Caused by: java.lang.NoClassDefFoundError: Could not initialize class de.uka.ilkd.key.nparser.KeYParser
	at de.uka.ilkd.key.nparser.ParsingFacade.createParser(ParsingFacade.java:87)
	at de.uka.ilkd.key.nparser.ParsingFacade.parseFile(ParsingFacade.java:123)
	at de.uka.ilkd.key.proof.io.KeYFile.getParseContext(KeYFile.java:160)
	at de.uka.ilkd.key.proof.io.KeYFile.getProblemInformation(KeYFile.java:236)
	at de.uka.ilkd.key.proof.init.KeYUserProblemFile.readProfileFromFile(KeYUserProblemFile.java:236)
	at de.uka.ilkd.key.proof.init.KeYUserProblemFile.getProfile(KeYUserProblemFile.java:216)
	at de.uka.ilkd.key.proof.io.AbstractProblemLoader.createProblemInitializer(AbstractProblemLoader.java:508)
	at de.uka.ilkd.key.proof.io.AbstractProblemLoader.loadEnvironment(AbstractProblemLoader.java:288)
	at de.uka.ilkd.key.proof.io.AbstractProblemLoader.load(AbstractProblemLoader.java:253)
	at de.uka.ilkd.key.control.AbstractUserInterfaceControl.load(AbstractUserInterfaceControl.java:209)
	... 7 more
Could not initialize class de.uka.ilkd.key.nparser.KeYParser (file: /home/runner/work/key/key/key.core/../key.ui/examples/index/.././standard_key/pred_log/tptp/SET/SET062p3.key; caused by: java.lang.NoClassDefFoundError: Could not initialize class de.uka.ilkd.key.nparser.KeYParser)
	at de.uka.ilkd.key.control.AbstractUserInterfaceControl.load(AbstractUserInterfaceControl.java:221)
	at de.uka.ilkd.key.control.KeYEnvironment.load(KeYEnvironment.java:251)
	at de.uka.ilkd.key.control.KeYEnvironment.load(KeYEnvironment.java:224)
	at de.uka.ilkd.key.control.KeYEnvironment.load(KeYEnvironment.java:184)
	at de.uka.ilkd.key.control.KeYEnvironment.load(KeYEnvironment.java:261)
	at de.uka.ilkd.key.proof.runallproofs.proofcollection.TestFile.load(TestFile.java:270)
	at de.uka.ilkd.key.proof.runallproofs.proofcollection.TestFile.runKey(TestFile.java:160)
	at de.uka.ilkd.key.proof.runallproofs.proofcollection.ForkedTestFileRunner.main(ForkedTestFileRunner.java:171)
Caused by: java.lang.NoClassDefFoundError: Could not initialize class de.uka.ilkd.key.nparser.KeYParser
	at de.uka.ilkd.key.nparser.ParsingFacade.createParser(ParsingFacade.java:87)
	at de.uka.ilkd.key.nparser.ParsingFacade.parseFile(ParsingFacade.java:123)
	at de.uka.ilkd.key.proof.io.KeYFile.getParseContext(KeYFile.java:160)
	at de.uka.ilkd.key.proof.io.KeYFile.getProblemInformation(KeYFile.java:236)
	at de.uka.ilkd.key.proof.init.KeYUserProblemFile.readProfileFromFile(KeYUserProblemFile.java:236)
	at de.uka.ilkd.key.proof.init.KeYUserProblemFile.getProfile(KeYUserProblemFile.java:216)
	at de.uka.ilkd.key.proof.io.AbstractProblemLoader.createProblemInitializer(AbstractProblemLoader.java:508)
	at de.uka.ilkd.key.proof.io.AbstractProblemLoader.loadEnvironment(AbstractProblemLoader.java:288)
	at de.uka.ilkd.key.proof.io.AbstractProblemLoader.load(AbstractProblemLoader.java:253)
	at de.uka.ilkd.key.control.AbstractUserInterfaceControl.load(AbstractUserInterfaceControl.java:209)
	... 7 more
Could not initialize class de.uka.ilkd.key.nparser.KeYParser (file: /home/runner/work/key/key/key.core/../key.ui/examples/index/.././standard_key/pred_log/tptp/SET/SET063p3.key; caused by: java.lang.NoClassDefFoundError: Could not initialize class de.uka.ilkd.key.nparser.KeYParser)
	at de.uka.ilkd.key.control.AbstractUserInterfaceControl.load(AbstractUserInterfaceControl.java:221)
	at de.uka.ilkd.key.control.KeYEnvironment.load(KeYEnvironment.java:251)
	at de.uka.ilkd.key.control.KeYEnvironment.load(KeYEnvironment.java:224)
	at de.uka.ilkd.key.control.KeYEnvironment.load(KeYEnvironment.java:184)
	at de.uka.ilkd.key.control.KeYEnvironment.load(KeYEnvironment.java:261)
	at de.uka.ilkd.key.proof.runallproofs.proofcollection.TestFile.load(TestFile.java:270)
	at de.uka.ilkd.key.proof.runallproofs.proofcollection.TestFile.runKey(TestFile.java:160)
	at de.uka.ilkd.key.proof.runallproofs.proofcollection.ForkedTestFileRunner.main(ForkedTestFileRunner.java:171)
Caused by: java.lang.NoClassDefFoundError: Could not initialize class de.uka.ilkd.key.nparser.KeYParser
	at de.uka.ilkd.key.nparser.ParsingFacade.createParser(ParsingFacade.java:87)
	at de.uka.ilkd.key.nparser.ParsingFacade.parseFile(ParsingFacade.java:123)
	at de.uka.ilkd.key.proof.io.KeYFile.getParseContext(KeYFile.java:160)
	at de.uka.ilkd.key.proof.io.KeYFile.getProblemInformation(KeYFile.java:236)
	at de.uka.ilkd.key.proof.init.KeYUserProblemFile.readProfileFromFile(KeYUserProblemFile.java:236)
	at de.uka.ilkd.key.proof.init.KeYUserProblemFile.getProfile(KeYUserProblemFile.java:216)
	at de.uka.ilkd.key.proof.io.AbstractProblemLoader.createProblemInitializer(AbstractProblemLoader.java:508)
	at de.uka.ilkd.key.proof.io.AbstractProblemLoader.loadEnvironment(AbstractProblemLoader.java:288)
	at de.uka.ilkd.key.proof.io.AbstractProblemLoader.load(AbstractProblemLoader.java:253)
	at de.uka.ilkd.key.control.AbstractUserInterfaceControl.load(AbstractUserInterfaceControl.java:209)
	... 7 more
Could not initialize class de.uka.ilkd.key.nparser.KeYParser (file: /home/runner/work/key/key/key.core/../key.ui/examples/index/.././standard_key/pred_log/tptp/SYN/SYN036p2.key; caused by: java.lang.NoClassDefFoundError: Could not initialize class de.uka.ilkd.key.nparser.KeYParser)
	at de.uka.ilkd.key.control.AbstractUserInterfaceControl.load(AbstractUserInterfaceControl.java:221)
	at de.uka.ilkd.key.control.KeYEnvironment.load(KeYEnvironment.java:251)
	at de.uka.ilkd.key.control.KeYEnvironment.load(KeYEnvironment.java:224)
	at de.uka.ilkd.key.control.KeYEnvironment.load(KeYEnvironment.java:184)
	at de.uka.ilkd.key.control.KeYEnvironment.load(KeYEnvironment.java:261)
	at de.uka.ilkd.key.proof.runallproofs.proofcollection.TestFile.load(TestFile.java:270)
	at de.uka.ilkd.key.proof.runallproofs.proofcollection.TestFile.runKey(TestFile.java:160)
	at de.uka.ilkd.key.proof.runallproofs.proofcollection.ForkedTestFileRunner.main(ForkedTestFileRunner.java:171)
Caused by: java.lang.NoClassDefFoundError: Could not initialize class de.uka.ilkd.key.nparser.KeYParser
	at de.uka.ilkd.key.nparser.ParsingFacade.createParser(ParsingFacade.java:87)
	at de.uka.ilkd.key.nparser.ParsingFacade.parseFile(ParsingFacade.java:123)
	at de.uka.ilkd.key.proof.io.KeYFile.getParseContext(KeYFile.java:160)
	at de.uka.ilkd.key.proof.io.KeYFile.getProblemInformation(KeYFile.java:236)
	at de.uka.ilkd.key.proof.init.KeYUserProblemFile.readProfileFromFile(KeYUserProblemFile.java:236)
	at de.uka.ilkd.key.proof.init.KeYUserProblemFile.getProfile(KeYUserProblemFile.java:216)
	at de.uka.ilkd.key.proof.io.AbstractProblemLoader.createProblemInitializer(AbstractProblemLoader.java:508)
	at de.uka.ilkd.key.proof.io.AbstractProblemLoader.loadEnvironment(AbstractProblemLoader.java:288)
	at de.uka.ilkd.key.proof.io.AbstractProblemLoader.load(AbstractProblemLoader.java:253)
	at de.uka.ilkd.key.control.AbstractUserInterfaceControl.load(AbstractUserInterfaceControl.java:209)
	... 7 more
Could not initialize class de.uka.ilkd.key.nparser.KeYParser (file: /home/runner/work/key/key/key.core/../key.ui/examples/index/.././standard_key/pred_log/tptp/SYN/SYN550p1.key; caused by: java.lang.NoClassDefFoundError: Could not initialize class de.uka.ilkd.key.nparser.KeYParser)
	at de.uka.ilkd.key.control.AbstractUserInterfaceControl.load(AbstractUserInterfaceControl.java:221)
	at de.uka.ilkd.key.control.KeYEnvironment.load(KeYEnvironment.java:251)
	at de.uka.ilkd.key.control.KeYEnvironment.load(KeYEnvironment.java:224)
	at de.uka.ilkd.key.control.KeYEnvironment.load(KeYEnvironment.java:184)
	at de.uka.ilkd.key.control.KeYEnvironment.load(KeYEnvironment.java:261)
	at de.uka.ilkd.key.proof.runallproofs.proofcollection.TestFile.load(TestFile.java:270)
	at de.uka.ilkd.key.proof.runallproofs.proofcollection.TestFile.runKey(TestFile.java:160)
	at de.uka.ilkd.key.proof.runallproofs.proofcollection.ForkedTestFileRunner.main(ForkedTestFileRunner.java:171)
Caused by: java.lang.NoClassDefFoundError: Could not initialize class de.uka.ilkd.key.nparser.KeYParser
	at de.uka.ilkd.key.nparser.ParsingFacade.createParser(ParsingFacade.java:87)
	at de.uka.ilkd.key.nparser.ParsingFacade.parseFile(ParsingFacade.java:123)
	at de.uka.ilkd.key.proof.io.KeYFile.getParseContext(KeYFile.java:160)
	at de.uka.ilkd.key.proof.io.KeYFile.getProblemInformation(KeYFile.java:236)
	at de.uka.ilkd.key.proof.init.KeYUserProblemFile.readProfileFromFile(KeYUserProblemFile.java:236)
	at de.uka.ilkd.key.proof.init.KeYUserProblemFile.getProfile(KeYUserProblemFile.java:216)
	at de.uka.ilkd.key.proof.io.AbstractProblemLoader.createProblemInitializer(AbstractProblemLoader.java:508)
	at de.uka.ilkd.key.proof.io.AbstractProblemLoader.loadEnvironment(AbstractProblemLoader.java:288)
	at de.uka.ilkd.key.proof.io.AbstractProblemLoader.load(AbstractProblemLoader.java:253)
	at de.uka.ilkd.key.control.AbstractUserInterfaceControl.load(AbstractUserInterfaceControl.java:209)
	... 7 more
Could not initialize class de.uka.ilkd.key.nparser.KeYParser (file: /home/runner/work/key/key/key.core/../key.ui/examples/index/.././standard_key/prop_log/reallySimple.key; caused by: java.lang.NoClassDefFoundError: Could not initialize class de.uka.ilkd.key.nparser.KeYParser)
	at de.uka.ilkd.key.control.AbstractUserInterfaceControl.load(AbstractUserInterfaceControl.java:221)
	at de.uka.ilkd.key.control.KeYEnvironment.load(KeYEnvironment.java:251)
	at de.uka.ilkd.key.control.KeYEnvironment.load(KeYEnvironment.java:224)
	at de.uka.ilkd.key.control.KeYEnvironment.load(KeYEnvironment.java:184)
	at de.uka.ilkd.key.control.KeYEnvironment.load(KeYEnvironment.java:261)
	at de.uka.ilkd.key.proof.runallproofs.proofcollection.TestFile.load(TestFile.java:270)
	at de.uka.ilkd.key.proof.runallproofs.proofcollection.TestFile.runKey(TestFile.java:160)
	at de.uka.ilkd.key.proof.runallproofs.proofcollection.ForkedTestFileRunner.main(ForkedTestFileRunner.java:171)
Caused by: java.lang.NoClassDefFoundError: Could not initialize class de.uka.ilkd.key.nparser.KeYParser
	at de.uka.ilkd.key.nparser.ParsingFacade.createParser(ParsingFacade.java:87)
	at de.uka.ilkd.key.nparser.ParsingFacade.parseFile(ParsingFacade.java:123)
	at de.uka.ilkd.key.proof.io.KeYFile.getParseContext(KeYFile.java:160)
	at de.uka.ilkd.key.proof.io.KeYFile.getProblemInformation(KeYFile.java:236)
	at de.uka.ilkd.key.proof.init.KeYUserProblemFile.readProfileFromFile(KeYUserProblemFile.java:236)
	at de.uka.ilkd.key.proof.init.KeYUserProblemFile.getProfile(KeYUserProblemFile.java:216)
	at de.uka.ilkd.key.proof.io.AbstractProblemLoader.createProblemInitializer(AbstractProblemLoader.java:508)
	at de.uka.ilkd.key.proof.io.AbstractProblemLoader.loadEnvironment(AbstractProblemLoader.java:288)
	at de.uka.ilkd.key.proof.io.AbstractProblemLoader.load(AbstractProblemLoader.java:253)
	at de.uka.ilkd.key.control.AbstractUserInterfaceControl.load(AbstractUserInterfaceControl.java:209)
	... 7 more
Could not initialize class de.uka.ilkd.key.nparser.KeYParser (file: /home/runner/work/key/key/key.core/../key.ui/examples/index/.././standard_key/pred_log/sameName1.key; caused by: java.lang.NoClassDefFoundError: Could not initialize class de.uka.ilkd.key.nparser.KeYParser)
	at de.uka.ilkd.key.control.AbstractUserInterfaceControl.load(AbstractUserInterfaceControl.java:221)
	at de.uka.ilkd.key.control.KeYEnvironment.load(KeYEnvironment.java:251)
	at de.uka.ilkd.key.control.KeYEnvironment.load(KeYEnvironment.java:224)
	at de.uka.ilkd.key.control.KeYEnvironment.load(KeYEnvironment.java:184)
	at de.uka.ilkd.key.control.KeYEnvironment.load(KeYEnvironment.java:261)
	at de.uka.ilkd.key.proof.runallproofs.proofcollection.TestFile.load(TestFile.java:270)
	at de.uka.ilkd.key.proof.runallproofs.proofcollection.TestFile.runKey(TestFile.java:160)
	at de.uka.ilkd.key.proof.runallproofs.proofcollection.ForkedTestFileRunner.main(ForkedTestFileRunner.java:171)
Caused by: java.lang.NoClassDefFoundError: Could not initialize class de.uka.ilkd.key.nparser.KeYParser
	at de.uka.ilkd.key.nparser.ParsingFacade.createParser(ParsingFacade.java:87)
	at de.uka.ilkd.key.nparser.ParsingFacade.parseFile(ParsingFacade.java:123)
	at de.uka.ilkd.key.proof.io.KeYFile.getParseContext(KeYFile.java:160)
	at de.uka.ilkd.key.proof.io.KeYFile.getProblemInformation(KeYFile.java:236)
	at de.uka.ilkd.key.proof.init.KeYUserProblemFile.readProfileFromFile(KeYUserProblemFile.java:236)
	at de.uka.ilkd.key.proof.init.KeYUserProblemFile.getProfile(KeYUserProblemFile.java:216)
	at de.uka.ilkd.key.proof.io.AbstractProblemLoader.createProblemInitializer(AbstractProblemLoader.java:508)
	at de.uka.ilkd.key.proof.io.AbstractProblemLoader.loadEnvironment(AbstractProblemLoader.java:288)
	at de.uka.ilkd.key.proof.io.AbstractProblemLoader.load(AbstractProblemLoader.java:253)
	at de.uka.ilkd.key.control.AbstractUserInterfaceControl.load(AbstractUserInterfaceControl.java:209)
	... 7 more
Could not initialize class de.uka.ilkd.key.nparser.KeYParser (file: /home/runner/work/key/key/key.core/../key.ui/examples/index/.././standard_key/pred_log/jbyteIfEx.key; caused by: java.lang.NoClassDefFoundError: Could not initialize class de.uka.ilkd.key.nparser.KeYParser)
	at de.uka.ilkd.key.control.AbstractUserInterfaceControl.load(AbstractUserInterfaceControl.java:221)
	at de.uka.ilkd.key.control.KeYEnvironment.load(KeYEnvironment.java:251)
	at de.uka.ilkd.key.control.KeYEnvironment.load(KeYEnvironment.java:224)
	at de.uka.ilkd.key.control.KeYEnvironment.load(KeYEnvironment.java:184)
	at de.uka.ilkd.key.control.KeYEnvironment.load(KeYEnvironment.java:261)
	at de.uka.ilkd.key.proof.runallproofs.proofcollection.TestFile.load(TestFile.java:270)
	at de.uka.ilkd.key.proof.runallproofs.proofcollection.TestFile.runKey(TestFile.java:160)
	at de.uka.ilkd.key.proof.runallproofs.proofcollection.ForkedTestFileRunner.main(ForkedTestFileRunner.java:171)
Caused by: java.lang.NoClassDefFoundError: Could not initialize class de.uka.ilkd.key.nparser.KeYParser
	at de.uka.ilkd.key.nparser.ParsingFacade.createParser(ParsingFacade.java:87)
	at de.uka.ilkd.key.nparser.ParsingFacade.parseFile(ParsingFacade.java:123)
	at de.uka.ilkd.key.proof.io.KeYFile.getParseContext(KeYFile.java:160)
	at de.uka.ilkd.key.proof.io.KeYFile.getProblemInformation(KeYFile.java:236)
	at de.uka.ilkd.key.proof.init.KeYUserProblemFile.readProfileFromFile(KeYUserProblemFile.java:236)
	at de.uka.ilkd.key.proof.init.KeYUserProblemFile.getProfile(KeYUserProblemFile.java:216)
	at de.uka.ilkd.key.proof.io.AbstractProblemLoader.createProblemInitializer(AbstractProblemLoader.java:508)
	at de.uka.ilkd.key.proof.io.AbstractProblemLoader.loadEnvironment(AbstractProblemLoader.java:288)
	at de.uka.ilkd.key.proof.io.AbstractProblemLoader.load(AbstractProblemLoader.java:253)
	at de.uka.ilkd.key.control.AbstractUserInterfaceControl.load(AbstractUserInterfaceControl.java:209)
	... 7 more
Could not initialize class de.uka.ilkd.key.nparser.KeYParser (file: /home/runner/work/key/key/key.core/../key.ui/examples/index/.././standard_key/prop_log/allClausesLength4.key; caused by: java.lang.NoClassDefFoundError: Could not initialize class de.uka.ilkd.key.nparser.KeYParser)
	at de.uka.ilkd.key.control.AbstractUserInterfaceControl.load(AbstractUserInterfaceControl.java:221)
	at de.uka.ilkd.key.control.KeYEnvironment.load(KeYEnvironment.java:251)
	at de.uka.ilkd.key.control.KeYEnvironment.load(KeYEnvironment.java:224)
	at de.uka.ilkd.key.control.KeYEnvironment.load(KeYEnvironment.java:184)
	at de.uka.ilkd.key.control.KeYEnvironment.load(KeYEnvironment.java:261)
	at de.uka.ilkd.key.proof.runallproofs.proofcollection.TestFile.load(TestFile.java:270)
	at de.uka.ilkd.key.proof.runallproofs.proofcollection.TestFile.runKey(TestFile.java:160)
	at de.uka.ilkd.key.proof.runallproofs.proofcollection.ForkedTestFileRunner.main(ForkedTestFileRunner.java:171)
Caused by: java.lang.NoClassDefFoundError: Could not initialize class de.uka.ilkd.key.nparser.KeYParser
	at de.uka.ilkd.key.nparser.ParsingFacade.createParser(ParsingFacade.java:87)
	at de.uka.ilkd.key.nparser.ParsingFacade.parseFile(ParsingFacade.java:123)
	at de.uka.ilkd.key.proof.io.KeYFile.getParseContext(KeYFile.java:160)
	at de.uka.ilkd.key.proof.io.KeYFile.getProblemInformation(KeYFile.java:236)
	at de.uka.ilkd.key.proof.init.KeYUserProblemFile.readProfileFromFile(KeYUserProblemFile.java:236)
	at de.uka.ilkd.key.proof.init.KeYUserProblemFile.getProfile(KeYUserProblemFile.java:216)
	at de.uka.ilkd.key.proof.io.AbstractProblemLoader.createProblemInitializer(AbstractProblemLoader.java:508)
	at de.uka.ilkd.key.proof.io.AbstractProblemLoader.loadEnvironment(AbstractProblemLoader.java:288)
	at de.uka.ilkd.key.proof.io.AbstractProblemLoader.load(AbstractProblemLoader.java:253)
	at de.uka.ilkd.key.control.AbstractUserInterfaceControl.load(AbstractUserInterfaceControl.java:209)
	... 7 more
Could not initialize class de.uka.ilkd.key.nparser.KeYParser (file: /home/runner/work/key/key/key.core/../key.ui/examples/index/.././standard_key/prop_log/allClausesLength5.key; caused by: java.lang.NoClassDefFoundError: Could not initialize class de.uka.ilkd.key.nparser.KeYParser)
	at de.uka.ilkd.key.control.AbstractUserInterfaceControl.load(AbstractUserInterfaceControl.java:221)
	at de.uka.ilkd.key.control.KeYEnvironment.load(KeYEnvironment.java:251)
	at de.uka.ilkd.key.control.KeYEnvironment.load(KeYEnvironment.java:224)
	at de.uka.ilkd.key.control.KeYEnvironment.load(KeYEnvironment.java:184)
	at de.uka.ilkd.key.control.KeYEnvironment.load(KeYEnvironment.java:261)
	at de.uka.ilkd.key.proof.runallproofs.proofcollection.TestFile.load(TestFile.java:270)
	at de.uka.ilkd.key.proof.runallproofs.proofcollection.TestFile.runKey(TestFile.java:160)
	at de.uka.ilkd.key.proof.runallproofs.proofcollection.ForkedTestFileRunner.main(ForkedTestFileRunner.java:171)
Caused by: java.lang.NoClassDefFoundError: Could not initialize class de.uka.ilkd.key.nparser.KeYParser
	at de.uka.ilkd.key.nparser.ParsingFacade.createParser(ParsingFacade.java:87)
	at de.uka.ilkd.key.nparser.ParsingFacade.parseFile(ParsingFacade.java:123)
	at de.uka.ilkd.key.proof.io.KeYFile.getParseContext(KeYFile.java:160)
	at de.uka.ilkd.key.proof.io.KeYFile.getProblemInformation(KeYFile.java:236)
	at de.uka.ilkd.key.proof.init.KeYUserProblemFile.readProfileFromFile(KeYUserProblemFile.java:236)
	at de.uka.ilkd.key.proof.init.KeYUserProblemFile.getProfile(KeYUserProblemFile.java:216)
	at de.uka.ilkd.key.proof.io.AbstractProblemLoader.createProblemInitializer(AbstractProblemLoader.java:508)
	at de.uka.ilkd.key.proof.io.AbstractProblemLoader.loadEnvironment(AbstractProblemLoader.java:288)
	at de.uka.ilkd.key.proof.io.AbstractProblemLoader.load(AbstractProblemLoader.java:253)
	at de.uka.ilkd.key.control.AbstractUserInterfaceControl.load(AbstractUserInterfaceControl.java:209)
	... 7 more
Could not initialize class de.uka.ilkd.key.nparser.KeYParser (file: /home/runner/work/key/key/key.core/../key.ui/examples/index/.././standard_key/prop_log/doubleNeg.key; caused by: java.lang.NoClassDefFoundError: Could not initialize class de.uka.ilkd.key.nparser.KeYParser)
	at de.uka.ilkd.key.control.AbstractUserInterfaceControl.load(AbstractUserInterfaceControl.java:221)
	at de.uka.ilkd.key.control.KeYEnvironment.load(KeYEnvironment.java:251)
	at de.uka.ilkd.key.control.KeYEnvironment.load(KeYEnvironment.java:224)
	at de.uka.ilkd.key.control.KeYEnvironment.load(KeYEnvironment.java:184)
	at de.uka.ilkd.key.control.KeYEnvironment.load(KeYEnvironment.java:261)
	at de.uka.ilkd.key.proof.runallproofs.proofcollection.TestFile.load(TestFile.java:270)
	at de.uka.ilkd.key.proof.runallproofs.proofcollection.TestFile.runKey(TestFile.java:160)
	at de.uka.ilkd.key.proof.runallproofs.proofcollection.ForkedTestFileRunner.main(ForkedTestFileRunner.java:171)
Caused by: java.lang.NoClassDefFoundError: Could not initialize class de.uka.ilkd.key.nparser.KeYParser
	at de.uka.ilkd.key.nparser.ParsingFacade.createParser(ParsingFacade.java:87)
	at de.uka.ilkd.key.nparser.ParsingFacade.parseFile(ParsingFacade.java:123)
	at de.uka.ilkd.key.proof.io.KeYFile.getParseContext(KeYFile.java:160)
	at de.uka.ilkd.key.proof.io.KeYFile.getProblemInformation(KeYFile.java:236)
	at de.uka.ilkd.key.proof.init.KeYUserProblemFile.readProfileFromFile(KeYUserProblemFile.java:236)
	at de.uka.ilkd.key.proof.init.KeYUserProblemFile.getProfile(KeYUserProblemFile.java:216)
	at de.uka.ilkd.key.proof.io.AbstractProblemLoader.createProblemInitializer(AbstractProblemLoader.java:508)
	at de.uka.ilkd.key.proof.io.AbstractProblemLoader.loadEnvironment(AbstractProblemLoader.java:288)
	at de.uka.ilkd.key.proof.io.AbstractProblemLoader.load(AbstractProblemLoader.java:253)
	at de.uka.ilkd.key.control.AbstractUserInterfaceControl.load(AbstractUserInterfaceControl.java:209)
	... 7 more
Could not initialize class de.uka.ilkd.key.nparser.KeYParser (file: /home/runner/work/key/key/key.core/../key.ui/examples/index/.././standard_key/prop_log/liarsville.key; caused by: java.lang.NoClassDefFoundError: Could not initialize class de.uka.ilkd.key.nparser.KeYParser)
	at de.uka.ilkd.key.control.AbstractUserInterfaceControl.load(AbstractUserInterfaceControl.java:221)
	at de.uka.ilkd.key.control.KeYEnvironment.load(KeYEnvironment.java:251)
	at de.uka.ilkd.key.control.KeYEnvironment.load(KeYEnvironment.java:224)
	at de.uka.ilkd.key.control.KeYEnvironment.load(KeYEnvironment.java:184)
	at de.uka.ilkd.key.control.KeYEnvironment.load(KeYEnvironment.java:261)
	at de.uka.ilkd.key.proof.runallproofs.proofcollection.TestFile.load(TestFile.java:270)
	at de.uka.ilkd.key.proof.runallproofs.proofcollection.TestFile.runKey(TestFile.java:160)
	at de.uka.ilkd.key.proof.runallproofs.proofcollection.ForkedTestFileRunner.main(ForkedTestFileRunner.java:171)
Caused by: java.lang.NoClassDefFoundError: Could not initialize class de.uka.ilkd.key.nparser.KeYParser
	at de.uka.ilkd.key.nparser.ParsingFacade.createParser(ParsingFacade.java:87)
	at de.uka.ilkd.key.nparser.ParsingFacade.parseFile(ParsingFacade.java:123)
	at de.uka.ilkd.key.proof.io.KeYFile.getParseContext(KeYFile.java:160)
	at de.uka.ilkd.key.proof.io.KeYFile.getProblemInformation(KeYFile.java:236)
	at de.uka.ilkd.key.proof.init.KeYUserProblemFile.readProfileFromFile(KeYUserProblemFile.java:236)
	at de.uka.ilkd.key.proof.init.KeYUserProblemFile.getProfile(KeYUserProblemFile.java:216)
	at de.uka.ilkd.key.proof.io.AbstractProblemLoader.createProblemInitializer(AbstractProblemLoader.java:508)
	at de.uka.ilkd.key.proof.io.AbstractProblemLoader.loadEnvironment(AbstractProblemLoader.java:288)
	at de.uka.ilkd.key.proof.io.AbstractProblemLoader.load(AbstractProblemLoader.java:253)
	at de.uka.ilkd.key.control.AbstractUserInterfaceControl.load(AbstractUserInterfaceControl.java:209)
	... 7 more
Could not initialize class de.uka.ilkd.key.nparser.KeYParser (file: /home/runner/work/key/key/key.core/../key.ui/examples/index/.././standard_key/prop_log/simplest.key; caused by: java.lang.NoClassDefFoundError: Could not initialize class de.uka.ilkd.key.nparser.KeYParser)
	at de.uka.ilkd.key.control.AbstractUserInterfaceControl.load(AbstractUserInterfaceControl.java:221)
	at de.uka.ilkd.key.control.KeYEnvironment.load(KeYEnvironment.java:251)
	at de.uka.ilkd.key.control.KeYEnvironment.load(KeYEnvironment.java:224)
	at de.uka.ilkd.key.control.KeYEnvironment.load(KeYEnvironment.java:184)
	at de.uka.ilkd.key.control.KeYEnvironment.load(KeYEnvironment.java:261)
	at de.uka.ilkd.key.proof.runallproofs.proofcollection.TestFile.load(TestFile.java:270)
	at de.uka.ilkd.key.proof.runallproofs.proofcollection.TestFile.runKey(TestFile.java:160)
	at de.uka.ilkd.key.proof.runallproofs.proofcollection.ForkedTestFileRunner.main(ForkedTestFileRunner.java:171)
Caused by: java.lang.NoClassDefFoundError: Could not initialize class de.uka.ilkd.key.nparser.KeYParser
	at de.uka.ilkd.key.nparser.ParsingFacade.createParser(ParsingFacade.java:87)
	at de.uka.ilkd.key.nparser.ParsingFacade.parseFile(ParsingFacade.java:123)
	at de.uka.ilkd.key.proof.io.KeYFile.getParseContext(KeYFile.java:160)
	at de.uka.ilkd.key.proof.io.KeYFile.getProblemInformation(KeYFile.java:236)
	at de.uka.ilkd.key.proof.init.KeYUserProblemFile.readProfileFromFile(KeYUserProblemFile.java:236)
	at de.uka.ilkd.key.proof.init.KeYUserProblemFile.getProfile(KeYUserProblemFile.java:216)
	at de.uka.ilkd.key.proof.io.AbstractProblemLoader.createProblemInitializer(AbstractProblemLoader.java:508)
	at de.uka.ilkd.key.proof.io.AbstractProblemLoader.loadEnvironment(AbstractProblemLoader.java:288)
	at de.uka.ilkd.key.proof.io.AbstractProblemLoader.load(AbstractProblemLoader.java:253)
	at de.uka.ilkd.key.control.AbstractUserInterfaceControl.load(AbstractUserInterfaceControl.java:209)
	... 7 more
Could not initialize class de.uka.ilkd.key.nparser.KeYParser (file: /home/runner/work/key/key/key.core/../key.ui/examples/index/.././standard_key/prop_log/contraposition.key; caused by: java.lang.NoClassDefFoundError: Could not initialize class de.uka.ilkd.key.nparser.KeYParser)
	at de.uka.ilkd.key.control.AbstractUserInterfaceControl.load(AbstractUserInterfaceControl.java:221)
	at de.uka.ilkd.key.control.KeYEnvironment.load(KeYEnvironment.java:251)
	at de.uka.ilkd.key.control.KeYEnvironment.load(KeYEnvironment.java:224)
	at de.uka.ilkd.key.control.KeYEnvironment.load(KeYEnvironment.java:184)
	at de.uka.ilkd.key.control.KeYEnvironment.load(KeYEnvironment.java:261)
	at de.uka.ilkd.key.proof.runallproofs.proofcollection.TestFile.load(TestFile.java:270)
	at de.uka.ilkd.key.proof.runallproofs.proofcollection.TestFile.runKey(TestFile.java:160)
	at de.uka.ilkd.key.proof.runallproofs.proofcollection.ForkedTestFileRunner.main(ForkedTestFileRunner.java:171)
Caused by: java.lang.NoClassDefFoundError: Could not initialize class de.uka.ilkd.key.nparser.KeYParser
	at de.uka.ilkd.key.nparser.ParsingFacade.createParser(ParsingFacade.java:87)
	at de.uka.ilkd.key.nparser.ParsingFacade.parseFile(ParsingFacade.java:123)
	at de.uka.ilkd.key.proof.io.KeYFile.getParseContext(KeYFile.java:160)
	at de.uka.ilkd.key.proof.io.KeYFile.getProblemInformation(KeYFile.java:236)
	at de.uka.ilkd.key.proof.init.KeYUserProblemFile.readProfileFromFile(KeYUserProblemFile.java:236)
	at de.uka.ilkd.key.proof.init.KeYUserProblemFile.getProfile(KeYUserProblemFile.java:216)
	at de.uka.ilkd.key.proof.io.AbstractProblemLoader.createProblemInitializer(AbstractProblemLoader.java:508)
	at de.uka.ilkd.key.proof.io.AbstractProblemLoader.loadEnvironment(AbstractProblemLoader.java:288)
	at de.uka.ilkd.key.proof.io.AbstractProblemLoader.load(AbstractProblemLoader.java:253)
	at de.uka.ilkd.key.control.AbstractUserInterfaceControl.load(AbstractUserInterfaceControl.java:209)
	... 7 more
Could not initialize class de.uka.ilkd.key.nparser.KeYParser (file: /home/runner/work/key/key/key.core/../key.ui/examples/index/.././standard_key/quantifiers/elimination0.key; caused by: java.lang.NoClassDefFoundError: Could not initialize class de.uka.ilkd.key.nparser.KeYParser)
	at de.uka.ilkd.key.control.AbstractUserInterfaceControl.load(AbstractUserInterfaceControl.java:221)
	at de.uka.ilkd.key.control.KeYEnvironment.load(KeYEnvironment.java:251)
	at de.uka.ilkd.key.control.KeYEnvironment.load(KeYEnvironment.java:224)
	at de.uka.ilkd.key.control.KeYEnvironment.load(KeYEnvironment.java:184)
	at de.uka.ilkd.key.control.KeYEnvironment.load(KeYEnvironment.java:261)
	at de.uka.ilkd.key.proof.runallproofs.proofcollection.TestFile.load(TestFile.java:270)
	at de.uka.ilkd.key.proof.runallproofs.proofcollection.TestFile.runKey(TestFile.java:160)
	at de.uka.ilkd.key.proof.runallproofs.proofcollection.ForkedTestFileRunner.main(ForkedTestFileRunner.java:171)
Caused by: java.lang.NoClassDefFoundError: Could not initialize class de.uka.ilkd.key.nparser.KeYParser
	at de.uka.ilkd.key.nparser.ParsingFacade.createParser(ParsingFacade.java:87)
	at de.uka.ilkd.key.nparser.ParsingFacade.parseFile(ParsingFacade.java:123)
	at de.uka.ilkd.key.proof.io.KeYFile.getParseContext(KeYFile.java:160)
	at de.uka.ilkd.key.proof.io.KeYFile.getProblemInformation(KeYFile.java:236)
	at de.uka.ilkd.key.proof.init.KeYUserProblemFile.readProfileFromFile(KeYUserProblemFile.java:236)
	at de.uka.ilkd.key.proof.init.KeYUserProblemFile.getProfile(KeYUserProblemFile.java:216)
	at de.uka.ilkd.key.proof.io.AbstractProblemLoader.createProblemInitializer(AbstractProblemLoader.java:508)
	at de.uka.ilkd.key.proof.io.AbstractProblemLoader.loadEnvironment(AbstractProblemLoader.java:288)
	at de.uka.ilkd.key.proof.io.AbstractProblemLoader.load(AbstractProblemLoader.java:253)
	at de.uka.ilkd.key.control.AbstractUserInterfaceControl.load(AbstractUserInterfaceControl.java:209)
	... 7 more
Could not initialize class de.uka.ilkd.key.nparser.KeYParser (file: /home/runner/work/key/key/key.core/../key.ui/examples/index/.././standard_key/quantifiers/heuristic_PUZ001p1-eq.key; caused by: java.lang.NoClassDefFoundError: Could not initialize class de.uka.ilkd.key.nparser.KeYParser)
	at de.uka.ilkd.key.control.AbstractUserInterfaceControl.load(AbstractUserInterfaceControl.java:221)
	at de.uka.ilkd.key.control.KeYEnvironment.load(KeYEnvironment.java:251)
	at de.uka.ilkd.key.control.KeYEnvironment.load(KeYEnvironment.java:224)
	at de.uka.ilkd.key.control.KeYEnvironment.load(KeYEnvironment.java:184)
	at de.uka.ilkd.key.control.KeYEnvironment.load(KeYEnvironment.java:261)
	at de.uka.ilkd.key.proof.runallproofs.proofcollection.TestFile.load(TestFile.java:270)
	at de.uka.ilkd.key.proof.runallproofs.proofcollection.TestFile.runKey(TestFile.java:160)
	at de.uka.ilkd.key.proof.runallproofs.proofcollection.ForkedTestFileRunner.main(ForkedTestFileRunner.java:171)
Caused by: java.lang.NoClassDefFoundError: Could not initialize class de.uka.ilkd.key.nparser.KeYParser
	at de.uka.ilkd.key.nparser.ParsingFacade.createParser(ParsingFacade.java:87)
	at de.uka.ilkd.key.nparser.ParsingFacade.parseFile(ParsingFacade.java:123)
	at de.uka.ilkd.key.proof.io.KeYFile.getParseContext(KeYFile.java:160)
	at de.uka.ilkd.key.proof.io.KeYFile.getProblemInformation(KeYFile.java:236)
	at de.uka.ilkd.key.proof.init.KeYUserProblemFile.readProfileFromFile(KeYUserProblemFile.java:236)
	at de.uka.ilkd.key.proof.init.KeYUserProblemFile.getProfile(KeYUserProblemFile.java:216)
	at de.uka.ilkd.key.proof.io.AbstractProblemLoader.createProblemInitializer(AbstractProblemLoader.java:508)
	at de.uka.ilkd.key.proof.io.AbstractProblemLoader.loadEnvironment(AbstractProblemLoader.java:288)
	at de.uka.ilkd.key.proof.io.AbstractProblemLoader.load(AbstractProblemLoader.java:253)
	at de.uka.ilkd.key.control.AbstractUserInterfaceControl.load(AbstractUserInterfaceControl.java:209)
	... 7 more
Could not initialize class de.uka.ilkd.key.nparser.KeYParser (file: /home/runner/work/key/key/key.core/../key.ui/examples/index/.././standard_key/quantifiers/heuristic_PUZ001p1.key; caused by: java.lang.NoClassDefFoundError: Could not initialize class de.uka.ilkd.key.nparser.KeYParser)
	at de.uka.ilkd.key.control.AbstractUserInterfaceControl.load(AbstractUserInterfaceControl.java:221)
	at de.uka.ilkd.key.control.KeYEnvironment.load(KeYEnvironment.java:251)
	at de.uka.ilkd.key.control.KeYEnvironment.load(KeYEnvironment.java:224)
	at de.uka.ilkd.key.control.KeYEnvironment.load(KeYEnvironment.java:184)
	at de.uka.ilkd.key.control.KeYEnvironment.load(KeYEnvironment.java:261)
	at de.uka.ilkd.key.proof.runallproofs.proofcollection.TestFile.load(TestFile.java:270)
	at de.uka.ilkd.key.proof.runallproofs.proofcollection.TestFile.runKey(TestFile.java:160)
	at de.uka.ilkd.key.proof.runallproofs.proofcollection.ForkedTestFileRunner.main(ForkedTestFileRunner.java:171)
Caused by: java.lang.NoClassDefFoundError: Could not initialize class de.uka.ilkd.key.nparser.KeYParser
	at de.uka.ilkd.key.nparser.ParsingFacade.createParser(ParsingFacade.java:87)
	at de.uka.ilkd.key.nparser.ParsingFacade.parseFile(ParsingFacade.java:123)
	at de.uka.ilkd.key.proof.io.KeYFile.getParseContext(KeYFile.java:160)
	at de.uka.ilkd.key.proof.io.KeYFile.getProblemInformation(KeYFile.java:236)
	at de.uka.ilkd.key.proof.init.KeYUserProblemFile.readProfileFromFile(KeYUserProblemFile.java:236)
	at de.uka.ilkd.key.proof.init.KeYUserProblemFile.getProfile(KeYUserProblemFile.java:216)
	at de.uka.ilkd.key.proof.io.AbstractProblemLoader.createProblemInitializer(AbstractProblemLoader.java:508)
	at de.uka.ilkd.key.proof.io.AbstractProblemLoader.loadEnvironment(AbstractProblemLoader.java:288)
	at de.uka.ilkd.key.proof.io.AbstractProblemLoader.load(AbstractProblemLoader.java:253)
	at de.uka.ilkd.key.control.AbstractUserInterfaceControl.load(AbstractUserInterfaceControl.java:209)
	... 7 more
Could not initialize class de.uka.ilkd.key.nparser.KeYParser (file: /home/runner/work/key/key/key.core/../key.ui/examples/index/.././standard_key/quantifiers/heuristic_PUZ031p1.key; caused by: java.lang.NoClassDefFoundError: Could not initialize class de.uka.ilkd.key.nparser.KeYParser)
	at de.uka.ilkd.key.control.AbstractUserInterfaceControl.load(AbstractUserInterfaceControl.java:221)
	at de.uka.ilkd.key.control.KeYEnvironment.load(KeYEnvironment.java:251)
	at de.uka.ilkd.key.control.KeYEnvironment.load(KeYEnvironment.java:224)
	at de.uka.ilkd.key.control.KeYEnvironment.load(KeYEnvironment.java:184)
	at de.uka.ilkd.key.control.KeYEnvironment.load(KeYEnvironment.java:261)
	at de.uka.ilkd.key.proof.runallproofs.proofcollection.TestFile.load(TestFile.java:270)
	at de.uka.ilkd.key.proof.runallproofs.proofcollection.TestFile.runKey(TestFile.java:160)
	at de.uka.ilkd.key.proof.runallproofs.proofcollection.ForkedTestFileRunner.main(ForkedTestFileRunner.java:171)
Caused by: java.lang.NoClassDefFoundError: Could not initialize class de.uka.ilkd.key.nparser.KeYParser
	at de.uka.ilkd.key.nparser.ParsingFacade.createParser(ParsingFacade.java:87)
	at de.uka.ilkd.key.nparser.ParsingFacade.parseFile(ParsingFacade.java:123)
	at de.uka.ilkd.key.proof.io.KeYFile.getParseContext(KeYFile.java:160)
	at de.uka.ilkd.key.proof.io.KeYFile.getProblemInformation(KeYFile.java:236)
	at de.uka.ilkd.key.proof.init.KeYUserProblemFile.readProfileFromFile(KeYUserProblemFile.java:236)
	at de.uka.ilkd.key.proof.init.KeYUserProblemFile.getProfile(KeYUserProblemFile.java:216)
	at de.uka.ilkd.key.proof.io.AbstractProblemLoader.createProblemInitializer(AbstractProblemLoader.java:508)
	at de.uka.ilkd.key.proof.io.AbstractProblemLoader.loadEnvironment(AbstractProblemLoader.java:288)
	at de.uka.ilkd.key.proof.io.AbstractProblemLoader.load(AbstractProblemLoader.java:253)
	at de.uka.ilkd.key.control.AbstractUserInterfaceControl.load(AbstractUserInterfaceControl.java:209)
	... 7 more
Could not initialize class de.uka.ilkd.key.nparser.KeYParser (file: /home/runner/work/key/key/key.core/../key.ui/examples/index/.././standard_key/quantifiers/heuristic_SYN036p2.key; caused by: java.lang.NoClassDefFoundError: Could not initialize class de.uka.ilkd.key.nparser.KeYParser)
	at de.uka.ilkd.key.control.AbstractUserInterfaceControl.load(AbstractUserInterfaceControl.java:221)
	at de.uka.ilkd.key.control.KeYEnvironment.load(KeYEnvironment.java:251)
	at de.uka.ilkd.key.control.KeYEnvironment.load(KeYEnvironment.java:224)
	at de.uka.ilkd.key.control.KeYEnvironment.load(KeYEnvironment.java:184)
	at de.uka.ilkd.key.control.KeYEnvironment.load(KeYEnvironment.java:261)
	at de.uka.ilkd.key.proof.runallproofs.proofcollection.TestFile.load(TestFile.java:270)
	at de.uka.ilkd.key.proof.runallproofs.proofcollection.TestFile.runKey(TestFile.java:160)
	at de.uka.ilkd.key.proof.runallproofs.proofcollection.ForkedTestFileRunner.main(ForkedTestFileRunner.java:171)
Caused by: java.lang.NoClassDefFoundError: Could not initialize class de.uka.ilkd.key.nparser.KeYParser
	at de.uka.ilkd.key.nparser.ParsingFacade.createParser(ParsingFacade.java:87)
	at de.uka.ilkd.key.nparser.ParsingFacade.parseFile(ParsingFacade.java:123)
	at de.uka.ilkd.key.proof.io.KeYFile.getParseContext(KeYFile.java:160)
	at de.uka.ilkd.key.proof.io.KeYFile.getProblemInformation(KeYFile.java:236)
	at de.uka.ilkd.key.proof.init.KeYUserProblemFile.readProfileFromFile(KeYUserProblemFile.java:236)
	at de.uka.ilkd.key.proof.init.KeYUserProblemFile.getProfile(KeYUserProblemFile.java:216)
	at de.uka.ilkd.key.proof.io.AbstractProblemLoader.createProblemInitializer(AbstractProblemLoader.java:508)
	at de.uka.ilkd.key.proof.io.AbstractProblemLoader.loadEnvironment(AbstractProblemLoader.java:288)
	at de.uka.ilkd.key.proof.io.AbstractProblemLoader.load(AbstractProblemLoader.java:253)
	at de.uka.ilkd.key.control.AbstractUserInterfaceControl.load(AbstractUserInterfaceControl.java:209)
	... 7 more
Could not initialize class de.uka.ilkd.key.nparser.KeYParser (file: /home/runner/work/key/key/key.core/../key.ui/examples/index/.././standard_key/quantifiers/injectivity.key; caused by: java.lang.NoClassDefFoundError: Could not initialize class de.uka.ilkd.key.nparser.KeYParser)
	at de.uka.ilkd.key.control.AbstractUserInterfaceControl.load(AbstractUserInterfaceControl.java:221)
	at de.uka.ilkd.key.control.KeYEnvironment.load(KeYEnvironment.java:251)
	at de.uka.ilkd.key.control.KeYEnvironment.load(KeYEnvironment.java:224)
	at de.uka.ilkd.key.control.KeYEnvironment.load(KeYEnvironment.java:184)
	at de.uka.ilkd.key.control.KeYEnvironment.load(KeYEnvironment.java:261)
	at de.uka.ilkd.key.proof.runallproofs.proofcollection.TestFile.load(TestFile.java:270)
	at de.uka.ilkd.key.proof.runallproofs.proofcollection.TestFile.runKey(TestFile.java:160)
	at de.uka.ilkd.key.proof.runallproofs.proofcollection.ForkedTestFileRunner.main(ForkedTestFileRunner.java:171)
Caused by: java.lang.NoClassDefFoundError: Could not initialize class de.uka.ilkd.key.nparser.KeYParser
	at de.uka.ilkd.key.nparser.ParsingFacade.createParser(ParsingFacade.java:87)
	at de.uka.ilkd.key.nparser.ParsingFacade.parseFile(ParsingFacade.java:123)
	at de.uka.ilkd.key.proof.io.KeYFile.getParseContext(KeYFile.java:160)
	at de.uka.ilkd.key.proof.io.KeYFile.getProblemInformation(KeYFile.java:236)
	at de.uka.ilkd.key.proof.init.KeYUserProblemFile.readProfileFromFile(KeYUserProblemFile.java:236)
	at de.uka.ilkd.key.proof.init.KeYUserProblemFile.getProfile(KeYUserProblemFile.java:216)
	at de.uka.ilkd.key.proof.io.AbstractProblemLoader.createProblemInitializer(AbstractProblemLoader.java:508)
	at de.uka.ilkd.key.proof.io.AbstractProblemLoader.loadEnvironment(AbstractProblemLoader.java:288)
	at de.uka.ilkd.key.proof.io.AbstractProblemLoader.load(AbstractProblemLoader.java:253)
	at de.uka.ilkd.key.control.AbstractUserInterfaceControl.load(AbstractUserInterfaceControl.java:209)
	... 7 more
Could not initialize class de.uka.ilkd.key.nparser.KeYParser (file: /home/runner/work/key/key/key.core/../key.ui/examples/index/.././standard_key/quantifiers/normalisation0.key; caused by: java.lang.NoClassDefFoundError: Could not initialize class de.uka.ilkd.key.nparser.KeYParser)
	at de.uka.ilkd.key.control.AbstractUserInterfaceControl.load(AbstractUserInterfaceControl.java:221)
	at de.uka.ilkd.key.control.KeYEnvironment.load(KeYEnvironment.java:251)
	at de.uka.ilkd.key.control.KeYEnvironment.load(KeYEnvironment.java:224)
	at de.uka.ilkd.key.control.KeYEnvironment.load(KeYEnvironment.java:184)
	at de.uka.ilkd.key.control.KeYEnvironment.load(KeYEnvironment.java:261)
	at de.uka.ilkd.key.proof.runallproofs.proofcollection.TestFile.load(TestFile.java:270)
	at de.uka.ilkd.key.proof.runallproofs.proofcollection.TestFile.runKey(TestFile.java:160)
	at de.uka.ilkd.key.proof.runallproofs.proofcollection.ForkedTestFileRunner.main(ForkedTestFileRunner.java:171)
Caused by: java.lang.NoClassDefFoundError: Could not initialize class de.uka.ilkd.key.nparser.KeYParser
	at de.uka.ilkd.key.nparser.ParsingFacade.createParser(ParsingFacade.java:87)
	at de.uka.ilkd.key.nparser.ParsingFacade.parseFile(ParsingFacade.java:123)
	at de.uka.ilkd.key.proof.io.KeYFile.getParseContext(KeYFile.java:160)
	at de.uka.ilkd.key.proof.io.KeYFile.getProblemInformation(KeYFile.java:236)
	at de.uka.ilkd.key.proof.init.KeYUserProblemFile.readProfileFromFile(KeYUserProblemFile.java:236)
	at de.uka.ilkd.key.proof.init.KeYUserProblemFile.getProfile(KeYUserProblemFile.java:216)
	at de.uka.ilkd.key.proof.io.AbstractProblemLoader.createProblemInitializer(AbstractProblemLoader.java:508)
	at de.uka.ilkd.key.proof.io.AbstractProblemLoader.loadEnvironment(AbstractProblemLoader.java:288)
	at de.uka.ilkd.key.proof.io.AbstractProblemLoader.load(AbstractProblemLoader.java:253)
	at de.uka.ilkd.key.control.AbstractUserInterfaceControl.load(AbstractUserInterfaceControl.java:209)
	... 7 more
Could not initialize class de.uka.ilkd.key.nparser.KeYParser (file: /home/runner/work/key/key/key.core/../key.ui/examples/index/.././standard_key/quantifiers/normalisation1.key; caused by: java.lang.NoClassDefFoundError: Could not initialize class de.uka.ilkd.key.nparser.KeYParser)
	at de.uka.ilkd.key.control.AbstractUserInterfaceControl.load(AbstractUserInterfaceControl.java:221)
	at de.uka.ilkd.key.control.KeYEnvironment.load(KeYEnvironment.java:251)
	at de.uka.ilkd.key.control.KeYEnvironment.load(KeYEnvironment.java:224)
	at de.uka.ilkd.key.control.KeYEnvironment.load(KeYEnvironment.java:184)
	at de.uka.ilkd.key.control.KeYEnvironment.load(KeYEnvironment.java:261)
	at de.uka.ilkd.key.proof.runallproofs.proofcollection.TestFile.load(TestFile.java:270)
	at de.uka.ilkd.key.proof.runallproofs.proofcollection.TestFile.runKey(TestFile.java:160)
	at de.uka.ilkd.key.proof.runallproofs.proofcollection.ForkedTestFileRunner.main(ForkedTestFileRunner.java:171)
Caused by: java.lang.NoClassDefFoundError: Could not initialize class de.uka.ilkd.key.nparser.KeYParser
	at de.uka.ilkd.key.nparser.ParsingFacade.createParser(ParsingFacade.java:87)
	at de.uka.ilkd.key.nparser.ParsingFacade.parseFile(ParsingFacade.java:123)
	at de.uka.ilkd.key.proof.io.KeYFile.getParseContext(KeYFile.java:160)
	at de.uka.ilkd.key.proof.io.KeYFile.getProblemInformation(KeYFile.java:236)
	at de.uka.ilkd.key.proof.init.KeYUserProblemFile.readProfileFromFile(KeYUserProblemFile.java:236)
	at de.uka.ilkd.key.proof.init.KeYUserProblemFile.getProfile(KeYUserProblemFile.java:216)
	at de.uka.ilkd.key.proof.io.AbstractProblemLoader.createProblemInitializer(AbstractProblemLoader.java:508)
	at de.uka.ilkd.key.proof.io.AbstractProblemLoader.loadEnvironment(AbstractProblemLoader.java:288)
	at de.uka.ilkd.key.proof.io.AbstractProblemLoader.load(AbstractProblemLoader.java:253)
	at de.uka.ilkd.key.control.AbstractUserInterfaceControl.load(AbstractUserInterfaceControl.java:209)
	... 7 more
Could not initialize class de.uka.ilkd.key.nparser.KeYParser (file: /home/runner/work/key/key/key.core/../key.ui/examples/index/.././standard_key/quantifiers/normalisation2.key; caused by: java.lang.NoClassDefFoundError: Could not initialize class de.uka.ilkd.key.nparser.KeYParser)
	at de.uka.ilkd.key.control.AbstractUserInterfaceControl.load(AbstractUserInterfaceControl.java:221)
	at de.uka.ilkd.key.control.KeYEnvironment.load(KeYEnvironment.java:251)
	at de.uka.ilkd.key.control.KeYEnvironment.load(KeYEnvironment.java:224)
	at de.uka.ilkd.key.control.KeYEnvironment.load(KeYEnvironment.java:184)
	at de.uka.ilkd.key.control.KeYEnvironment.load(KeYEnvironment.java:261)
	at de.uka.ilkd.key.proof.runallproofs.proofcollection.TestFile.load(TestFile.java:270)
	at de.uka.ilkd.key.proof.runallproofs.proofcollection.TestFile.runKey(TestFile.java:160)
	at de.uka.ilkd.key.proof.runallproofs.proofcollection.ForkedTestFileRunner.main(ForkedTestFileRunner.java:171)
Caused by: java.lang.NoClassDefFoundError: Could not initialize class de.uka.ilkd.key.nparser.KeYParser
	at de.uka.ilkd.key.nparser.ParsingFacade.createParser(ParsingFacade.java:87)
	at de.uka.ilkd.key.nparser.ParsingFacade.parseFile(ParsingFacade.java:123)
	at de.uka.ilkd.key.proof.io.KeYFile.getParseContext(KeYFile.java:160)
	at de.uka.ilkd.key.proof.io.KeYFile.getProblemInformation(KeYFile.java:236)
	at de.uka.ilkd.key.proof.init.KeYUserProblemFile.readProfileFromFile(KeYUserProblemFile.java:236)
	at de.uka.ilkd.key.proof.init.KeYUserProblemFile.getProfile(KeYUserProblemFile.java:216)
	at de.uka.ilkd.key.proof.io.AbstractProblemLoader.createProblemInitializer(AbstractProblemLoader.java:508)
	at de.uka.ilkd.key.proof.io.AbstractProblemLoader.loadEnvironment(AbstractProblemLoader.java:288)
	at de.uka.ilkd.key.proof.io.AbstractProblemLoader.load(AbstractProblemLoader.java:253)
	at de.uka.ilkd.key.control.AbstractUserInterfaceControl.load(AbstractUserInterfaceControl.java:209)
	... 7 more
Could not initialize class de.uka.ilkd.key.nparser.KeYParser (file: /home/runner/work/key/key/key.core/../key.ui/examples/index/.././standard_key/quantifiers/normalisation3.key; caused by: java.lang.NoClassDefFoundError: Could not initialize class de.uka.ilkd.key.nparser.KeYParser)
	at de.uka.ilkd.key.control.AbstractUserInterfaceControl.load(AbstractUserInterfaceControl.java:221)
	at de.uka.ilkd.key.control.KeYEnvironment.load(KeYEnvironment.java:251)
	at de.uka.ilkd.key.control.KeYEnvironment.load(KeYEnvironment.java:224)
	at de.uka.ilkd.key.control.KeYEnvironment.load(KeYEnvironment.java:184)
	at de.uka.ilkd.key.control.KeYEnvironment.load(KeYEnvironment.java:261)
	at de.uka.ilkd.key.proof.runallproofs.proofcollection.TestFile.load(TestFile.java:270)
	at de.uka.ilkd.key.proof.runallproofs.proofcollection.TestFile.runKey(TestFile.java:160)
	at de.uka.ilkd.key.proof.runallproofs.proofcollection.ForkedTestFileRunner.main(ForkedTestFileRunner.java:171)
Caused by: java.lang.NoClassDefFoundError: Could not initialize class de.uka.ilkd.key.nparser.KeYParser
	at de.uka.ilkd.key.nparser.ParsingFacade.createParser(ParsingFacade.java:87)
	at de.uka.ilkd.key.nparser.ParsingFacade.parseFile(ParsingFacade.java:123)
	at de.uka.ilkd.key.proof.io.KeYFile.getParseContext(KeYFile.java:160)
	at de.uka.ilkd.key.proof.io.KeYFile.getProblemInformation(KeYFile.java:236)
	at de.uka.ilkd.key.proof.init.KeYUserProblemFile.readProfileFromFile(KeYUserProblemFile.java:236)
	at de.uka.ilkd.key.proof.init.KeYUserProblemFile.getProfile(KeYUserProblemFile.java:216)
	at de.uka.ilkd.key.proof.io.AbstractProblemLoader.createProblemInitializer(AbstractProblemLoader.java:508)
	at de.uka.ilkd.key.proof.io.AbstractProblemLoader.loadEnvironment(AbstractProblemLoader.java:288)
	at de.uka.ilkd.key.proof.io.AbstractProblemLoader.load(AbstractProblemLoader.java:253)
	at de.uka.ilkd.key.control.AbstractUserInterfaceControl.load(AbstractUserInterfaceControl.java:209)
	... 7 more
Could not initialize class de.uka.ilkd.key.nparser.KeYParser (file: /home/runner/work/key/key/key.core/../key.ui/examples/index/.././standard_key/quantifiers/normalisation4.key; caused by: java.lang.NoClassDefFoundError: Could not initialize class de.uka.ilkd.key.nparser.KeYParser)
	at de.uka.ilkd.key.control.AbstractUserInterfaceControl.load(AbstractUserInterfaceControl.java:221)
	at de.uka.ilkd.key.control.KeYEnvironment.load(KeYEnvironment.java:251)
	at de.uka.ilkd.key.control.KeYEnvironment.load(KeYEnvironment.java:224)
	at de.uka.ilkd.key.control.KeYEnvironment.load(KeYEnvironment.java:184)
	at de.uka.ilkd.key.control.KeYEnvironment.load(KeYEnvironment.java:261)
	at de.uka.ilkd.key.proof.runallproofs.proofcollection.TestFile.load(TestFile.java:270)
	at de.uka.ilkd.key.proof.runallproofs.proofcollection.TestFile.runKey(TestFile.java:160)
	at de.uka.ilkd.key.proof.runallproofs.proofcollection.ForkedTestFileRunner.main(ForkedTestFileRunner.java:171)
Caused by: java.lang.NoClassDefFoundError: Could not initialize class de.uka.ilkd.key.nparser.KeYParser
	at de.uka.ilkd.key.nparser.ParsingFacade.createParser(ParsingFacade.java:87)
	at de.uka.ilkd.key.nparser.ParsingFacade.parseFile(ParsingFacade.java:123)
	at de.uka.ilkd.key.proof.io.KeYFile.getParseContext(KeYFile.java:160)
	at de.uka.ilkd.key.proof.io.KeYFile.getProblemInformation(KeYFile.java:236)
	at de.uka.ilkd.key.proof.init.KeYUserProblemFile.readProfileFromFile(KeYUserProblemFile.java:236)
	at de.uka.ilkd.key.proof.init.KeYUserProblemFile.getProfile(KeYUserProblemFile.java:216)
	at de.uka.ilkd.key.proof.io.AbstractProblemLoader.createProblemInitializer(AbstractProblemLoader.java:508)
	at de.uka.ilkd.key.proof.io.AbstractProblemLoader.loadEnvironment(AbstractProblemLoader.java:288)
	at de.uka.ilkd.key.proof.io.AbstractProblemLoader.load(AbstractProblemLoader.java:253)
	at de.uka.ilkd.key.control.AbstractUserInterfaceControl.load(AbstractUserInterfaceControl.java:209)
	... 7 more
Could not initialize class de.uka.ilkd.key.nparser.KeYParser (file: /home/runner/work/key/key/key.core/../key.ui/examples/index/.././standard_key/quantifiers/normalisation5.key; caused by: java.lang.NoClassDefFoundError: Could not initialize class de.uka.ilkd.key.nparser.KeYParser)
	at de.uka.ilkd.key.control.AbstractUserInterfaceControl.load(AbstractUserInterfaceControl.java:221)
	at de.uka.ilkd.key.control.KeYEnvironment.load(KeYEnvironment.java:251)
	at de.uka.ilkd.key.control.KeYEnvironment.load(KeYEnvironment.java:224)
	at de.uka.ilkd.key.control.KeYEnvironment.load(KeYEnvironment.java:184)
	at de.uka.ilkd.key.control.KeYEnvironment.load(KeYEnvironment.java:261)
	at de.uka.ilkd.key.proof.runallproofs.proofcollection.TestFile.load(TestFile.java:270)
	at de.uka.ilkd.key.proof.runallproofs.proofcollection.TestFile.runKey(TestFile.java:160)
	at de.uka.ilkd.key.proof.runallproofs.proofcollection.ForkedTestFileRunner.main(ForkedTestFileRunner.java:171)
Caused by: java.lang.NoClassDefFoundError: Could not initialize class de.uka.ilkd.key.nparser.KeYParser
	at de.uka.ilkd.key.nparser.ParsingFacade.createParser(ParsingFacade.java:87)
	at de.uka.ilkd.key.nparser.ParsingFacade.parseFile(ParsingFacade.java:123)
	at de.uka.ilkd.key.proof.io.KeYFile.getParseContext(KeYFile.java:160)
	at de.uka.ilkd.key.proof.io.KeYFile.getProblemInformation(KeYFile.java:236)
	at de.uka.ilkd.key.proof.init.KeYUserProblemFile.readProfileFromFile(KeYUserProblemFile.java:236)
	at de.uka.ilkd.key.proof.init.KeYUserProblemFile.getProfile(KeYUserProblemFile.java:216)
	at de.uka.ilkd.key.proof.io.AbstractProblemLoader.createProblemInitializer(AbstractProblemLoader.java:508)
	at de.uka.ilkd.key.proof.io.AbstractProblemLoader.loadEnvironment(AbstractProblemLoader.java:288)
	at de.uka.ilkd.key.proof.io.AbstractProblemLoader.load(AbstractProblemLoader.java:253)
	at de.uka.ilkd.key.control.AbstractUserInterfaceControl.load(AbstractUserInterfaceControl.java:209)
	... 7 more
Could not initialize class de.uka.ilkd.key.nparser.KeYParser (file: /home/runner/work/key/key/key.core/../key.ui/examples/index/.././standard_key/quantifiers/normalisation6.key; caused by: java.lang.NoClassDefFoundError: Could not initialize class de.uka.ilkd.key.nparser.KeYParser)
	at de.uka.ilkd.key.control.AbstractUserInterfaceControl.load(AbstractUserInterfaceControl.java:221)
	at de.uka.ilkd.key.control.KeYEnvironment.load(KeYEnvironment.java:251)
	at de.uka.ilkd.key.control.KeYEnvironment.load(KeYEnvironment.java:224)
	at de.uka.ilkd.key.control.KeYEnvironment.load(KeYEnvironment.java:184)
	at de.uka.ilkd.key.control.KeYEnvironment.load(KeYEnvironment.java:261)
	at de.uka.ilkd.key.proof.runallproofs.proofcollection.TestFile.load(TestFile.java:270)
	at de.uka.ilkd.key.proof.runallproofs.proofcollection.TestFile.runKey(TestFile.java:160)
	at de.uka.ilkd.key.proof.runallproofs.proofcollection.ForkedTestFileRunner.main(ForkedTestFileRunner.java:171)
Caused by: java.lang.NoClassDefFoundError: Could not initialize class de.uka.ilkd.key.nparser.KeYParser
	at de.uka.ilkd.key.nparser.ParsingFacade.createParser(ParsingFacade.java:87)
	at de.uka.ilkd.key.nparser.ParsingFacade.parseFile(ParsingFacade.java:123)
	at de.uka.ilkd.key.proof.io.KeYFile.getParseContext(KeYFile.java:160)
	at de.uka.ilkd.key.proof.io.KeYFile.getProblemInformation(KeYFile.java:236)
	at de.uka.ilkd.key.proof.init.KeYUserProblemFile.readProfileFromFile(KeYUserProblemFile.java:236)
	at de.uka.ilkd.key.proof.init.KeYUserProblemFile.getProfile(KeYUserProblemFile.java:216)
	at de.uka.ilkd.key.proof.io.AbstractProblemLoader.createProblemInitializer(AbstractProblemLoader.java:508)
	at de.uka.ilkd.key.proof.io.AbstractProblemLoader.loadEnvironment(AbstractProblemLoader.java:288)
	at de.uka.ilkd.key.proof.io.AbstractProblemLoader.load(AbstractProblemLoader.java:253)
	at de.uka.ilkd.key.control.AbstractUserInterfaceControl.load(AbstractUserInterfaceControl.java:209)
	... 7 more
Could not initialize class de.uka.ilkd.key.nparser.KeYParser (file: /home/runner/work/key/key/key.core/../key.ui/examples/index/.././standard_key/quantifiers/normalisation7.key; caused by: java.lang.NoClassDefFoundError: Could not initialize class de.uka.ilkd.key.nparser.KeYParser)
	at de.uka.ilkd.key.control.AbstractUserInterfaceControl.load(AbstractUserInterfaceControl.java:221)
	at de.uka.ilkd.key.control.KeYEnvironment.load(KeYEnvironment.java:251)
	at de.uka.ilkd.key.control.KeYEnvironment.load(KeYEnvironment.java:224)
	at de.uka.ilkd.key.control.KeYEnvironment.load(KeYEnvironment.java:184)
	at de.uka.ilkd.key.control.KeYEnvironment.load(KeYEnvironment.java:261)
	at de.uka.ilkd.key.proof.runallproofs.proofcollection.TestFile.load(TestFile.java:270)
	at de.uka.ilkd.key.proof.runallproofs.proofcollection.TestFile.runKey(TestFile.java:160)
	at de.uka.ilkd.key.proof.runallproofs.proofcollection.ForkedTestFileRunner.main(ForkedTestFileRunner.java:171)
Caused by: java.lang.NoClassDefFoundError: Could not initialize class de.uka.ilkd.key.nparser.KeYParser
	at de.uka.ilkd.key.nparser.ParsingFacade.createParser(ParsingFacade.java:87)
	at de.uka.ilkd.key.nparser.ParsingFacade.parseFile(ParsingFacade.java:123)
	at de.uka.ilkd.key.proof.io.KeYFile.getParseContext(KeYFile.java:160)
	at de.uka.ilkd.key.proof.io.KeYFile.getProblemInformation(KeYFile.java:236)
	at de.uka.ilkd.key.proof.init.KeYUserProblemFile.readProfileFromFile(KeYUserProblemFile.java:236)
	at de.uka.ilkd.key.proof.init.KeYUserProblemFile.getProfile(KeYUserProblemFile.java:216)
	at de.uka.ilkd.key.proof.io.AbstractProblemLoader.createProblemInitializer(AbstractProblemLoader.java:508)
	at de.uka.ilkd.key.proof.io.AbstractProblemLoader.loadEnvironment(AbstractProblemLoader.java:288)
	at de.uka.ilkd.key.proof.io.AbstractProblemLoader.load(AbstractProblemLoader.java:253)
	at de.uka.ilkd.key.control.AbstractUserInterfaceControl.load(AbstractUserInterfaceControl.java:209)
	... 7 more
Could not initialize class de.uka.ilkd.key.nparser.KeYParser (file: /home/runner/work/key/key/key.core/../key.ui/examples/index/.././standard_key/quantifiers/normalisation8.key; caused by: java.lang.NoClassDefFoundError: Could not initialize class de.uka.ilkd.key.nparser.KeYParser)
	at de.uka.ilkd.key.control.AbstractUserInterfaceControl.load(AbstractUserInterfaceControl.java:221)
	at de.uka.ilkd.key.control.KeYEnvironment.load(KeYEnvironment.java:251)
	at de.uka.ilkd.key.control.KeYEnvironment.load(KeYEnvironment.java:224)
	at de.uka.ilkd.key.control.KeYEnvironment.load(KeYEnvironment.java:184)
	at de.uka.ilkd.key.control.KeYEnvironment.load(KeYEnvironment.java:261)
	at de.uka.ilkd.key.proof.runallproofs.proofcollection.TestFile.load(TestFile.java:270)
	at de.uka.ilkd.key.proof.runallproofs.proofcollection.TestFile.runKey(TestFile.java:160)
	at de.uka.ilkd.key.proof.runallproofs.proofcollection.ForkedTestFileRunner.main(ForkedTestFileRunner.java:171)
Caused by: java.lang.NoClassDefFoundError: Could not initialize class de.uka.ilkd.key.nparser.KeYParser
	at de.uka.ilkd.key.nparser.ParsingFacade.createParser(ParsingFacade.java:87)
	at de.uka.ilkd.key.nparser.ParsingFacade.parseFile(ParsingFacade.java:123)
	at de.uka.ilkd.key.proof.io.KeYFile.getParseContext(KeYFile.java:160)
	at de.uka.ilkd.key.proof.io.KeYFile.getProblemInformation(KeYFile.java:236)
	at de.uka.ilkd.key.proof.init.KeYUserProblemFile.readProfileFromFile(KeYUserProblemFile.java:236)
	at de.uka.ilkd.key.proof.init.KeYUserProblemFile.getProfile(KeYUserProblemFile.java:216)
	at de.uka.ilkd.key.proof.io.AbstractProblemLoader.createProblemInitializer(AbstractProblemLoader.java:508)
	at de.uka.ilkd.key.proof.io.AbstractProblemLoader.loadEnvironment(AbstractProblemLoader.java:288)
	at de.uka.ilkd.key.proof.io.AbstractProblemLoader.load(AbstractProblemLoader.java:253)
	at de.uka.ilkd.key.control.AbstractUserInterfaceControl.load(AbstractUserInterfaceControl.java:209)
	... 7 more
Could not initialize class de.uka.ilkd.key.nparser.KeYParser (file: /home/runner/work/key/key/key.core/../key.ui/examples/index/.././standard_key/quantifiers/normalisation9.key; caused by: java.lang.NoClassDefFoundError: Could not initialize class de.uka.ilkd.key.nparser.KeYParser)
	at de.uka.ilkd.key.control.AbstractUserInterfaceControl.load(AbstractUserInterfaceControl.java:221)
	at de.uka.ilkd.key.control.KeYEnvironment.load(KeYEnvironment.java:251)
	at de.uka.ilkd.key.control.KeYEnvironment.load(KeYEnvironment.java:224)
	at de.uka.ilkd.key.control.KeYEnvironment.load(KeYEnvironment.java:184)
	at de.uka.ilkd.key.control.KeYEnvironment.load(KeYEnvironment.java:261)
	at de.uka.ilkd.key.proof.runallproofs.proofcollection.TestFile.load(TestFile.java:270)
	at de.uka.ilkd.key.proof.runallproofs.proofcollection.TestFile.runKey(TestFile.java:160)
	at de.uka.ilkd.key.proof.runallproofs.proofcollection.ForkedTestFileRunner.main(ForkedTestFileRunner.java:171)
Caused by: java.lang.NoClassDefFoundError: Could not initialize class de.uka.ilkd.key.nparser.KeYParser
	at de.uka.ilkd.key.nparser.ParsingFacade.createParser(ParsingFacade.java:87)
	at de.uka.ilkd.key.nparser.ParsingFacade.parseFile(ParsingFacade.java:123)
	at de.uka.ilkd.key.proof.io.KeYFile.getParseContext(KeYFile.java:160)
	at de.uka.ilkd.key.proof.io.KeYFile.getProblemInformation(KeYFile.java:236)
	at de.uka.ilkd.key.proof.init.KeYUserProblemFile.readProfileFromFile(KeYUserProblemFile.java:236)
	at de.uka.ilkd.key.proof.init.KeYUserProblemFile.getProfile(KeYUserProblemFile.java:216)
	at de.uka.ilkd.key.proof.io.AbstractProblemLoader.createProblemInitializer(AbstractProblemLoader.java:508)
	at de.uka.ilkd.key.proof.io.AbstractProblemLoader.loadEnvironment(AbstractProblemLoader.java:288)
	at de.uka.ilkd.key.proof.io.AbstractProblemLoader.load(AbstractProblemLoader.java:253)
	at de.uka.ilkd.key.control.AbstractUserInterfaceControl.load(AbstractUserInterfaceControl.java:209)
	... 7 more
Could not initialize class de.uka.ilkd.key.nparser.KeYParser (file: /home/runner/work/key/key/key.core/../key.ui/examples/index/.././standard_key/quantifiers/normalisation10.key; caused by: java.lang.NoClassDefFoundError: Could not initialize class de.uka.ilkd.key.nparser.KeYParser)
	at de.uka.ilkd.key.control.AbstractUserInterfaceControl.load(AbstractUserInterfaceControl.java:221)
	at de.uka.ilkd.key.control.KeYEnvironment.load(KeYEnvironment.java:251)
	at de.uka.ilkd.key.control.KeYEnvironment.load(KeYEnvironment.java:224)
	at de.uka.ilkd.key.control.KeYEnvironment.load(KeYEnvironment.java:184)
	at de.uka.ilkd.key.control.KeYEnvironment.load(KeYEnvironment.java:261)
	at de.uka.ilkd.key.proof.runallproofs.proofcollection.TestFile.load(TestFile.java:270)
	at de.uka.ilkd.key.proof.runallproofs.proofcollection.TestFile.runKey(TestFile.java:160)
	at de.uka.ilkd.key.proof.runallproofs.proofcollection.ForkedTestFileRunner.main(ForkedTestFileRunner.java:171)
Caused by: java.lang.NoClassDefFoundError: Could not initialize class de.uka.ilkd.key.nparser.KeYParser
	at de.uka.ilkd.key.nparser.ParsingFacade.createParser(ParsingFacade.java:87)
	at de.uka.ilkd.key.nparser.ParsingFacade.parseFile(ParsingFacade.java:123)
	at de.uka.ilkd.key.proof.io.KeYFile.getParseContext(KeYFile.java:160)
	at de.uka.ilkd.key.proof.io.KeYFile.getProblemInformation(KeYFile.java:236)
	at de.uka.ilkd.key.proof.init.KeYUserProblemFile.readProfileFromFile(KeYUserProblemFile.java:236)
	at de.uka.ilkd.key.proof.init.KeYUserProblemFile.getProfile(KeYUserProblemFile.java:216)
	at de.uka.ilkd.key.proof.io.AbstractProblemLoader.createProblemInitializer(AbstractProblemLoader.java:508)
	at de.uka.ilkd.key.proof.io.AbstractProblemLoader.loadEnvironment(AbstractProblemLoader.java:288)
	at de.uka.ilkd.key.proof.io.AbstractProblemLoader.load(AbstractProblemLoader.java:253)
	at de.uka.ilkd.key.control.AbstractUserInterfaceControl.load(AbstractUserInterfaceControl.java:209)
	... 7 more
Could not initialize class de.uka.ilkd.key.nparser.KeYParser (file: /home/runner/work/key/key/key.core/../key.ui/examples/index/.././standard_key/quantifiers/normalisation12.key; caused by: java.lang.NoClassDefFoundError: Could not initialize class de.uka.ilkd.key.nparser.KeYParser)
	at de.uka.ilkd.key.control.AbstractUserInterfaceControl.load(AbstractUserInterfaceControl.java:221)
	at de.uka.ilkd.key.control.KeYEnvironment.load(KeYEnvironment.java:251)
	at de.uka.ilkd.key.control.KeYEnvironment.load(KeYEnvironment.java:224)
	at de.uka.ilkd.key.control.KeYEnvironment.load(KeYEnvironment.java:184)
	at de.uka.ilkd.key.control.KeYEnvironment.load(KeYEnvironment.java:261)
	at de.uka.ilkd.key.proof.runallproofs.proofcollection.TestFile.load(TestFile.java:270)
	at de.uka.ilkd.key.proof.runallproofs.proofcollection.TestFile.runKey(TestFile.java:160)
	at de.uka.ilkd.key.proof.runallproofs.proofcollection.ForkedTestFileRunner.main(ForkedTestFileRunner.java:171)
Caused by: java.lang.NoClassDefFoundError: Could not initialize class de.uka.ilkd.key.nparser.KeYParser
	at de.uka.ilkd.key.nparser.ParsingFacade.createParser(ParsingFacade.java:87)
	at de.uka.ilkd.key.nparser.ParsingFacade.parseFile(ParsingFacade.java:123)
	at de.uka.ilkd.key.proof.io.KeYFile.getParseContext(KeYFile.java:160)
	at de.uka.ilkd.key.proof.io.KeYFile.getProblemInformation(KeYFile.java:236)
	at de.uka.ilkd.key.proof.init.KeYUserProblemFile.readProfileFromFile(KeYUserProblemFile.java:236)
	at de.uka.ilkd.key.proof.init.KeYUserProblemFile.getProfile(KeYUserProblemFile.java:216)
	at de.uka.ilkd.key.proof.io.AbstractProblemLoader.createProblemInitializer(AbstractProblemLoader.java:508)
	at de.uka.ilkd.key.proof.io.AbstractProblemLoader.loadEnvironment(AbstractProblemLoader.java:288)
	at de.uka.ilkd.key.proof.io.AbstractProblemLoader.load(AbstractProblemLoader.java:253)
	at de.uka.ilkd.key.control.AbstractUserInterfaceControl.load(AbstractUserInterfaceControl.java:209)
	... 7 more
Could not initialize class de.uka.ilkd.key.nparser.KeYParser (file: /home/runner/work/key/key/key.core/../key.ui/examples/index/.././standard_key/quantifiers/normalisation13.key; caused by: java.lang.NoClassDefFoundError: Could not initialize class de.uka.ilkd.key.nparser.KeYParser)
	at de.uka.ilkd.key.control.AbstractUserInterfaceControl.load(AbstractUserInterfaceControl.java:221)
	at de.uka.ilkd.key.control.KeYEnvironment.load(KeYEnvironment.java:251)
	at de.uka.ilkd.key.control.KeYEnvironment.load(KeYEnvironment.java:224)
	at de.uka.ilkd.key.control.KeYEnvironment.load(KeYEnvironment.java:184)
	at de.uka.ilkd.key.control.KeYEnvironment.load(KeYEnvironment.java:261)
	at de.uka.ilkd.key.proof.runallproofs.proofcollection.TestFile.load(TestFile.java:270)
	at de.uka.ilkd.key.proof.runallproofs.proofcollection.TestFile.runKey(TestFile.java:160)
	at de.uka.ilkd.key.proof.runallproofs.proofcollection.ForkedTestFileRunner.main(ForkedTestFileRunner.java:171)
Caused by: java.lang.NoClassDefFoundError: Could not initialize class de.uka.ilkd.key.nparser.KeYParser
	at de.uka.ilkd.key.nparser.ParsingFacade.createParser(ParsingFacade.java:87)
	at de.uka.ilkd.key.nparser.ParsingFacade.parseFile(ParsingFacade.java:123)
	at de.uka.ilkd.key.proof.io.KeYFile.getParseContext(KeYFile.java:160)
	at de.uka.ilkd.key.proof.io.KeYFile.getProblemInformation(KeYFile.java:236)
	at de.uka.ilkd.key.proof.init.KeYUserProblemFile.readProfileFromFile(KeYUserProblemFile.java:236)
	at de.uka.ilkd.key.proof.init.KeYUserProblemFile.getProfile(KeYUserProblemFile.java:216)
	at de.uka.ilkd.key.proof.io.AbstractProblemLoader.createProblemInitializer(AbstractProblemLoader.java:508)
	at de.uka.ilkd.key.proof.io.AbstractProblemLoader.loadEnvironment(AbstractProblemLoader.java:288)
	at de.uka.ilkd.key.proof.io.AbstractProblemLoader.load(AbstractProblemLoader.java:253)
	at de.uka.ilkd.key.control.AbstractUserInterfaceControl.load(AbstractUserInterfaceControl.java:209)
	... 7 more
Could not initialize class de.uka.ilkd.key.nparser.KeYParser (file: /home/runner/work/key/key/key.core/../key.ui/examples/index/.././standard_key/quantifiers/triggers0.key; caused by: java.lang.NoClassDefFoundError: Could not initialize class de.uka.ilkd.key.nparser.KeYParser)
	at de.uka.ilkd.key.control.AbstractUserInterfaceControl.load(AbstractUserInterfaceControl.java:221)
	at de.uka.ilkd.key.control.KeYEnvironment.load(KeYEnvironment.java:251)
	at de.uka.ilkd.key.control.KeYEnvironment.load(KeYEnvironment.java:224)
	at de.uka.ilkd.key.control.KeYEnvironment.load(KeYEnvironment.java:184)
	at de.uka.ilkd.key.control.KeYEnvironment.load(KeYEnvironment.java:261)
	at de.uka.ilkd.key.proof.runallproofs.proofcollection.TestFile.load(TestFile.java:270)
	at de.uka.ilkd.key.proof.runallproofs.proofcollection.TestFile.runKey(TestFile.java:160)
	at de.uka.ilkd.key.proof.runallproofs.proofcollection.ForkedTestFileRunner.main(ForkedTestFileRunner.java:171)
Caused by: java.lang.NoClassDefFoundError: Could not initialize class de.uka.ilkd.key.nparser.KeYParser
	at de.uka.ilkd.key.nparser.ParsingFacade.createParser(ParsingFacade.java:87)
	at de.uka.ilkd.key.nparser.ParsingFacade.parseFile(ParsingFacade.java:123)
	at de.uka.ilkd.key.proof.io.KeYFile.getParseContext(KeYFile.java:160)
	at de.uka.ilkd.key.proof.io.KeYFile.getProblemInformation(KeYFile.java:236)
	at de.uka.ilkd.key.proof.init.KeYUserProblemFile.readProfileFromFile(KeYUserProblemFile.java:236)
	at de.uka.ilkd.key.proof.init.KeYUserProblemFile.getProfile(KeYUserProblemFile.java:216)
	at de.uka.ilkd.key.proof.io.AbstractProblemLoader.createProblemInitializer(AbstractProblemLoader.java:508)
	at de.uka.ilkd.key.proof.io.AbstractProblemLoader.loadEnvironment(AbstractProblemLoader.java:288)
	at de.uka.ilkd.key.proof.io.AbstractProblemLoader.load(AbstractProblemLoader.java:253)
	at de.uka.ilkd.key.control.AbstractUserInterfaceControl.load(AbstractUserInterfaceControl.java:209)
	... 7 more
Exception in thread "main" org.opentest4j.AssertionFailedError: Exception during the execution of proofs. See log for more details.
	at org.junit.jupiter.api.AssertionUtils.fail(AssertionUtils.java:38)
	at org.junit.jupiter.api.Assertions.fail(Assertions.java:135)
	at de.uka.ilkd.key.proof.runallproofs.proofcollection.ForkedTestFileRunner.main(ForkedTestFileRunner.java:192)
Timeout watcher launched (2000 secs.)
ANTLR Tool version 4.9.3 used for code generation does not match the current runtime version 4.12.0
 (file: /home/runner/work/key/key/key.core/../key.ui/examples/index/.././standard_key/strings/charAt0.key; caused by: java.lang.ExceptionInInitializerError)
	at de.uka.ilkd.key.control.AbstractUserInterfaceControl.load(AbstractUserInterfaceControl.java:221)
	at de.uka.ilkd.key.control.KeYEnvironment.load(KeYEnvironment.java:251)
	at de.uka.ilkd.key.control.KeYEnvironment.load(KeYEnvironment.java:224)
	at de.uka.ilkd.key.control.KeYEnvironment.load(KeYEnvironment.java:184)
	at de.uka.ilkd.key.control.KeYEnvironment.load(KeYEnvironment.java:261)
	at de.uka.ilkd.key.proof.runallproofs.proofcollection.TestFile.load(TestFile.java:270)
	at de.uka.ilkd.key.proof.runallproofs.proofcollection.TestFile.runKey(TestFile.java:160)
	at de.uka.ilkd.key.proof.runallproofs.proofcollection.ForkedTestFileRunner.main(ForkedTestFileRunner.java:171)
Caused by: java.lang.ExceptionInInitializerError
	at de.uka.ilkd.key.nparser.ParsingFacade.createParser(ParsingFacade.java:87)
	at de.uka.ilkd.key.nparser.ParsingFacade.parseFile(ParsingFacade.java:123)
	at de.uka.ilkd.key.proof.io.KeYFile.getParseContext(KeYFile.java:160)
	at de.uka.ilkd.key.proof.io.KeYFile.getProblemInformation(KeYFile.java:236)
	at de.uka.ilkd.key.proof.init.KeYUserProblemFile.readProfileFromFile(KeYUserProblemFile.java:236)
	at de.uka.ilkd.key.proof.init.KeYUserProblemFile.getProfile(KeYUserProblemFile.java:216)
	at de.uka.ilkd.key.proof.io.AbstractProblemLoader.createProblemInitializer(AbstractProblemLoader.java:508)
	at de.uka.ilkd.key.proof.io.AbstractProblemLoader.loadEnvironment(AbstractProblemLoader.java:288)
	at de.uka.ilkd.key.proof.io.AbstractProblemLoader.load(AbstractProblemLoader.java:253)
	at de.uka.ilkd.key.control.AbstractUserInterfaceControl.load(AbstractUserInterfaceControl.java:209)
	... 7 more
Caused by: java.lang.UnsupportedOperationException: java.io.InvalidClassException: org.antlr.v4.runtime.atn.ATN; Could not deserialize ATN with version 3 (expected 4).
	at org.antlr.v4.runtime.atn.ATNDeserializer.deserialize(ATNDeserializer.java:56)
	at org.antlr.v4.runtime.atn.ATNDeserializer.deserialize(ATNDeserializer.java:48)
	at de.uka.ilkd.key.nparser.KeYParser.<clinit>(KeYParser.java:11834)
	... 17 more
Caused by: java.io.InvalidClassException: org.antlr.v4.runtime.atn.ATN; Could not deserialize ATN with version 3 (expected 4).
	... 20 more
Could not initialize class de.uka.ilkd.key.nparser.KeYParser (file: /home/runner/work/key/key/key.core/../key.ui/examples/index/.././standard_key/strings/charAt1.key; caused by: java.lang.NoClassDefFoundError: Could not initialize class de.uka.ilkd.key.nparser.KeYParser)
	at de.uka.ilkd.key.control.AbstractUserInterfaceControl.load(AbstractUserInterfaceControl.java:221)
	at de.uka.ilkd.key.control.KeYEnvironment.load(KeYEnvironment.java:251)
	at de.uka.ilkd.key.control.KeYEnvironment.load(KeYEnvironment.java:224)
	at de.uka.ilkd.key.control.KeYEnvironment.load(KeYEnvironment.java:184)
	at de.uka.ilkd.key.control.KeYEnvironment.load(KeYEnvironment.java:261)
	at de.uka.ilkd.key.proof.runallproofs.proofcollection.TestFile.load(TestFile.java:270)
	at de.uka.ilkd.key.proof.runallproofs.proofcollection.TestFile.runKey(TestFile.java:160)
	at de.uka.ilkd.key.proof.runallproofs.proofcollection.ForkedTestFileRunner.main(ForkedTestFileRunner.java:171)
Caused by: java.lang.NoClassDefFoundError: Could not initialize class de.uka.ilkd.key.nparser.KeYParser
	at de.uka.ilkd.key.nparser.ParsingFacade.createParser(ParsingFacade.java:87)
	at de.uka.ilkd.key.nparser.ParsingFacade.parseFile(ParsingFacade.java:123)
	at de.uka.ilkd.key.proof.io.KeYFile.getParseContext(KeYFile.java:160)
	at de.uka.ilkd.key.proof.io.KeYFile.getProblemInformation(KeYFile.java:236)
	at de.uka.ilkd.key.proof.init.KeYUserProblemFile.readProfileFromFile(KeYUserProblemFile.java:236)
	at de.uka.ilkd.key.proof.init.KeYUserProblemFile.getProfile(KeYUserProblemFile.java:216)
	at de.uka.ilkd.key.proof.io.AbstractProblemLoader.createProblemInitializer(AbstractProblemLoader.java:508)
	at de.uka.ilkd.key.proof.io.AbstractProblemLoader.loadEnvironment(AbstractProblemLoader.java:288)
	at de.uka.ilkd.key.proof.io.AbstractProblemLoader.load(AbstractProblemLoader.java:253)
	at de.uka.ilkd.key.control.AbstractUserInterfaceControl.load(AbstractUserInterfaceControl.java:209)
	... 7 more
Could not initialize class de.uka.ilkd.key.nparser.KeYParser (file: /home/runner/work/key/key/key.core/../key.ui/examples/index/.././standard_key/strings/concat1.key; caused by: java.lang.NoClassDefFoundError: Could not initialize class de.uka.ilkd.key.nparser.KeYParser)
	at de.uka.ilkd.key.control.AbstractUserInterfaceControl.load(AbstractUserInterfaceControl.java:221)
	at de.uka.ilkd.key.control.KeYEnvironment.load(KeYEnvironment.java:251)
	at de.uka.ilkd.key.control.KeYEnvironment.load(KeYEnvironment.java:224)
	at de.uka.ilkd.key.control.KeYEnvironment.load(KeYEnvironment.java:184)
	at de.uka.ilkd.key.control.KeYEnvironment.load(KeYEnvironment.java:261)
	at de.uka.ilkd.key.proof.runallproofs.proofcollection.TestFile.load(TestFile.java:270)
	at de.uka.ilkd.key.proof.runallproofs.proofcollection.TestFile.runKey(TestFile.java:160)
	at de.uka.ilkd.key.proof.runallproofs.proofcollection.ForkedTestFileRunner.main(ForkedTestFileRunner.java:171)
Caused by: java.lang.NoClassDefFoundError: Could not initialize class de.uka.ilkd.key.nparser.KeYParser
	at de.uka.ilkd.key.nparser.ParsingFacade.createParser(ParsingFacade.java:87)
	at de.uka.ilkd.key.nparser.ParsingFacade.parseFile(ParsingFacade.java:123)
	at de.uka.ilkd.key.proof.io.KeYFile.getParseContext(KeYFile.java:160)
	at de.uka.ilkd.key.proof.io.KeYFile.getProblemInformation(KeYFile.java:236)
	at de.uka.ilkd.key.proof.init.KeYUserProblemFile.readProfileFromFile(KeYUserProblemFile.java:236)
	at de.uka.ilkd.key.proof.init.KeYUserProblemFile.getProfile(KeYUserProblemFile.java:216)
	at de.uka.ilkd.key.proof.io.AbstractProblemLoader.createProblemInitializer(AbstractProblemLoader.java:508)
	at de.uka.ilkd.key.proof.io.AbstractProblemLoader.loadEnvironment(AbstractProblemLoader.java:288)
	at de.uka.ilkd.key.proof.io.AbstractProblemLoader.load(AbstractProblemLoader.java:253)
	at de.uka.ilkd.key.control.AbstractUserInterfaceControl.load(AbstractUserInterfaceControl.java:209)
	... 7 more
Could not initialize class de.uka.ilkd.key.nparser.KeYParser (file: /home/runner/work/key/key/key.core/../key.ui/examples/index/.././standard_key/strings/concat2.key; caused by: java.lang.NoClassDefFoundError: Could not initialize class de.uka.ilkd.key.nparser.KeYParser)
	at de.uka.ilkd.key.control.AbstractUserInterfaceControl.load(AbstractUserInterfaceControl.java:221)
	at de.uka.ilkd.key.control.KeYEnvironment.load(KeYEnvironment.java:251)
	at de.uka.ilkd.key.control.KeYEnvironment.load(KeYEnvironment.java:224)
	at de.uka.ilkd.key.control.KeYEnvironment.load(KeYEnvironment.java:184)
	at de.uka.ilkd.key.control.KeYEnvironment.load(KeYEnvironment.java:261)
	at de.uka.ilkd.key.proof.runallproofs.proofcollection.TestFile.load(TestFile.java:270)
	at de.uka.ilkd.key.proof.runallproofs.proofcollection.TestFile.runKey(TestFile.java:160)
	at de.uka.ilkd.key.proof.runallproofs.proofcollection.ForkedTestFileRunner.main(ForkedTestFileRunner.java:171)
Caused by: java.lang.NoClassDefFoundError: Could not initialize class de.uka.ilkd.key.nparser.KeYParser
	at de.uka.ilkd.key.nparser.ParsingFacade.createParser(ParsingFacade.java:87)
	at de.uka.ilkd.key.nparser.ParsingFacade.parseFile(ParsingFacade.java:123)
	at de.uka.ilkd.key.proof.io.KeYFile.getParseContext(KeYFile.java:160)
	at de.uka.ilkd.key.proof.io.KeYFile.getProblemInformation(KeYFile.java:236)
	at de.uka.ilkd.key.proof.init.KeYUserProblemFile.readProfileFromFile(KeYUserProblemFile.java:236)
	at de.uka.ilkd.key.proof.init.KeYUserProblemFile.getProfile(KeYUserProblemFile.java:216)
	at de.uka.ilkd.key.proof.io.AbstractProblemLoader.createProblemInitializer(AbstractProblemLoader.java:508)
	at de.uka.ilkd.key.proof.io.AbstractProblemLoader.loadEnvironment(AbstractProblemLoader.java:288)
	at de.uka.ilkd.key.proof.io.AbstractProblemLoader.load(AbstractProblemLoader.java:253)
	at de.uka.ilkd.key.control.AbstractUserInterfaceControl.load(AbstractUserInterfaceControl.java:209)
	... 7 more
Could not initialize class de.uka.ilkd.key.nparser.KeYParser (file: /home/runner/work/key/key/key.core/../key.ui/examples/index/.././standard_key/strings/deriveLength1.key; caused by: java.lang.NoClassDefFoundError: Could not initialize class de.uka.ilkd.key.nparser.KeYParser)
	at de.uka.ilkd.key.control.AbstractUserInterfaceControl.load(AbstractUserInterfaceControl.java:221)
	at de.uka.ilkd.key.control.KeYEnvironment.load(KeYEnvironment.java:251)
	at de.uka.ilkd.key.control.KeYEnvironment.load(KeYEnvironment.java:224)
	at de.uka.ilkd.key.control.KeYEnvironment.load(KeYEnvironment.java:184)
	at de.uka.ilkd.key.control.KeYEnvironment.load(KeYEnvironment.java:261)
	at de.uka.ilkd.key.proof.runallproofs.proofcollection.TestFile.load(TestFile.java:270)
	at de.uka.ilkd.key.proof.runallproofs.proofcollection.TestFile.runKey(TestFile.java:160)
	at de.uka.ilkd.key.proof.runallproofs.proofcollection.ForkedTestFileRunner.main(ForkedTestFileRunner.java:171)
Caused by: java.lang.NoClassDefFoundError: Could not initialize class de.uka.ilkd.key.nparser.KeYParser
	at de.uka.ilkd.key.nparser.ParsingFacade.createParser(ParsingFacade.java:87)
	at de.uka.ilkd.key.nparser.ParsingFacade.parseFile(ParsingFacade.java:123)
	at de.uka.ilkd.key.proof.io.KeYFile.getParseContext(KeYFile.java:160)
	at de.uka.ilkd.key.proof.io.KeYFile.getProblemInformation(KeYFile.java:236)
	at de.uka.ilkd.key.proof.init.KeYUserProblemFile.readProfileFromFile(KeYUserProblemFile.java:236)
	at de.uka.ilkd.key.proof.init.KeYUserProblemFile.getProfile(KeYUserProblemFile.java:216)
	at de.uka.ilkd.key.proof.io.AbstractProblemLoader.createProblemInitializer(AbstractProblemLoader.java:508)
	at de.uka.ilkd.key.proof.io.AbstractProblemLoader.loadEnvironment(AbstractProblemLoader.java:288)
	at de.uka.ilkd.key.proof.io.AbstractProblemLoader.load(AbstractProblemLoader.java:253)
	at de.uka.ilkd.key.control.AbstractUserInterfaceControl.load(AbstractUserInterfaceControl.java:209)
	... 7 more
Could not initialize class de.uka.ilkd.key.nparser.KeYParser (file: /home/runner/work/key/key/key.core/../key.ui/examples/index/.././standard_key/strings/emptyStringLengthZero.key; caused by: java.lang.NoClassDefFoundError: Could not initialize class de.uka.ilkd.key.nparser.KeYParser)
	at de.uka.ilkd.key.control.AbstractUserInterfaceControl.load(AbstractUserInterfaceControl.java:221)
	at de.uka.ilkd.key.control.KeYEnvironment.load(KeYEnvironment.java:251)
	at de.uka.ilkd.key.control.KeYEnvironment.load(KeYEnvironment.java:224)
	at de.uka.ilkd.key.control.KeYEnvironment.load(KeYEnvironment.java:184)
	at de.uka.ilkd.key.control.KeYEnvironment.load(KeYEnvironment.java:261)
	at de.uka.ilkd.key.proof.runallproofs.proofcollection.TestFile.load(TestFile.java:270)
	at de.uka.ilkd.key.proof.runallproofs.proofcollection.TestFile.runKey(TestFile.java:160)
	at de.uka.ilkd.key.proof.runallproofs.proofcollection.ForkedTestFileRunner.main(ForkedTestFileRunner.java:171)
Caused by: java.lang.NoClassDefFoundError: Could not initialize class de.uka.ilkd.key.nparser.KeYParser
	at de.uka.ilkd.key.nparser.ParsingFacade.createParser(ParsingFacade.java:87)
	at de.uka.ilkd.key.nparser.ParsingFacade.parseFile(ParsingFacade.java:123)
	at de.uka.ilkd.key.proof.io.KeYFile.getParseContext(KeYFile.java:160)
	at de.uka.ilkd.key.proof.io.KeYFile.getProblemInformation(KeYFile.java:236)
	at de.uka.ilkd.key.proof.init.KeYUserProblemFile.readProfileFromFile(KeYUserProblemFile.java:236)
	at de.uka.ilkd.key.proof.init.KeYUserProblemFile.getProfile(KeYUserProblemFile.java:216)
	at de.uka.ilkd.key.proof.io.AbstractProblemLoader.createProblemInitializer(AbstractProblemLoader.java:508)
	at de.uka.ilkd.key.proof.io.AbstractProblemLoader.loadEnvironment(AbstractProblemLoader.java:288)
	at de.uka.ilkd.key.proof.io.AbstractProblemLoader.load(AbstractProblemLoader.java:253)
	at de.uka.ilkd.key.control.AbstractUserInterfaceControl.load(AbstractUserInterfaceControl.java:209)
	... 7 more
Could not initialize class de.uka.ilkd.key.nparser.KeYParser (file: /home/runner/work/key/key/key.core/../key.ui/examples/index/.././standard_key/strings/implicitBooleanStringConversion.key; caused by: java.lang.NoClassDefFoundError: Could not initialize class de.uka.ilkd.key.nparser.KeYParser)
	at de.uka.ilkd.key.control.AbstractUserInterfaceControl.load(AbstractUserInterfaceControl.java:221)
	at de.uka.ilkd.key.control.KeYEnvironment.load(KeYEnvironment.java:251)
	at de.uka.ilkd.key.control.KeYEnvironment.load(KeYEnvironment.java:224)
	at de.uka.ilkd.key.control.KeYEnvironment.load(KeYEnvironment.java:184)
	at de.uka.ilkd.key.control.KeYEnvironment.load(KeYEnvironment.java:261)
	at de.uka.ilkd.key.proof.runallproofs.proofcollection.TestFile.load(TestFile.java:270)
	at de.uka.ilkd.key.proof.runallproofs.proofcollection.TestFile.runKey(TestFile.java:160)
	at de.uka.ilkd.key.proof.runallproofs.proofcollection.ForkedTestFileRunner.main(ForkedTestFileRunner.java:171)
Caused by: java.lang.NoClassDefFoundError: Could not initialize class de.uka.ilkd.key.nparser.KeYParser
	at de.uka.ilkd.key.nparser.ParsingFacade.createParser(ParsingFacade.java:87)
	at de.uka.ilkd.key.nparser.ParsingFacade.parseFile(ParsingFacade.java:123)
	at de.uka.ilkd.key.proof.io.KeYFile.getParseContext(KeYFile.java:160)
	at de.uka.ilkd.key.proof.io.KeYFile.getProblemInformation(KeYFile.java:236)
	at de.uka.ilkd.key.proof.init.KeYUserProblemFile.readProfileFromFile(KeYUserProblemFile.java:236)
	at de.uka.ilkd.key.proof.init.KeYUserProblemFile.getProfile(KeYUserProblemFile.java:216)
	at de.uka.ilkd.key.proof.io.AbstractProblemLoader.createProblemInitializer(AbstractProblemLoader.java:508)
	at de.uka.ilkd.key.proof.io.AbstractProblemLoader.loadEnvironment(AbstractProblemLoader.java:288)
	at de.uka.ilkd.key.proof.io.AbstractProblemLoader.load(AbstractProblemLoader.java:253)
	at de.uka.ilkd.key.control.AbstractUserInterfaceControl.load(AbstractUserInterfaceControl.java:209)
	... 7 more
Could not initialize class de.uka.ilkd.key.nparser.KeYParser (file: /home/runner/work/key/key/key.core/../key.ui/examples/index/.././standard_key/strings/implicitBooleanStringConversion2.key; caused by: java.lang.NoClassDefFoundError: Could not initialize class de.uka.ilkd.key.nparser.KeYParser)
	at de.uka.ilkd.key.control.AbstractUserInterfaceControl.load(AbstractUserInterfaceControl.java:221)
	at de.uka.ilkd.key.control.KeYEnvironment.load(KeYEnvironment.java:251)
	at de.uka.ilkd.key.control.KeYEnvironment.load(KeYEnvironment.java:224)
	at de.uka.ilkd.key.control.KeYEnvironment.load(KeYEnvironment.java:184)
	at de.uka.ilkd.key.control.KeYEnvironment.load(KeYEnvironment.java:261)
	at de.uka.ilkd.key.proof.runallproofs.proofcollection.TestFile.load(TestFile.java:270)
	at de.uka.ilkd.key.proof.runallproofs.proofcollection.TestFile.runKey(TestFile.java:160)
	at de.uka.ilkd.key.proof.runallproofs.proofcollection.ForkedTestFileRunner.main(ForkedTestFileRunner.java:171)
Caused by: java.lang.NoClassDefFoundError: Could not initialize class de.uka.ilkd.key.nparser.KeYParser
	at de.uka.ilkd.key.nparser.ParsingFacade.createParser(ParsingFacade.java:87)
	at de.uka.ilkd.key.nparser.ParsingFacade.parseFile(ParsingFacade.java:123)
	at de.uka.ilkd.key.proof.io.KeYFile.getParseContext(KeYFile.java:160)
	at de.uka.ilkd.key.proof.io.KeYFile.getProblemInformation(KeYFile.java:236)
	at de.uka.ilkd.key.proof.init.KeYUserProblemFile.readProfileFromFile(KeYUserProblemFile.java:236)
	at de.uka.ilkd.key.proof.init.KeYUserProblemFile.getProfile(KeYUserProblemFile.java:216)
	at de.uka.ilkd.key.proof.io.AbstractProblemLoader.createProblemInitializer(AbstractProblemLoader.java:508)
	at de.uka.ilkd.key.proof.io.AbstractProblemLoader.loadEnvironment(AbstractProblemLoader.java:288)
	at de.uka.ilkd.key.proof.io.AbstractProblemLoader.load(AbstractProblemLoader.java:253)
	at de.uka.ilkd.key.control.AbstractUserInterfaceControl.load(AbstractUserInterfaceControl.java:209)
	... 7 more
Could not initialize class de.uka.ilkd.key.nparser.KeYParser (file: /home/runner/work/key/key/key.core/../key.ui/examples/index/.././standard_key/strings/implicitIntStringConversion.key; caused by: java.lang.NoClassDefFoundError: Could not initialize class de.uka.ilkd.key.nparser.KeYParser)
	at de.uka.ilkd.key.control.AbstractUserInterfaceControl.load(AbstractUserInterfaceControl.java:221)
	at de.uka.ilkd.key.control.KeYEnvironment.load(KeYEnvironment.java:251)
	at de.uka.ilkd.key.control.KeYEnvironment.load(KeYEnvironment.java:224)
	at de.uka.ilkd.key.control.KeYEnvironment.load(KeYEnvironment.java:184)
	at de.uka.ilkd.key.control.KeYEnvironment.load(KeYEnvironment.java:261)
	at de.uka.ilkd.key.proof.runallproofs.proofcollection.TestFile.load(TestFile.java:270)
	at de.uka.ilkd.key.proof.runallproofs.proofcollection.TestFile.runKey(TestFile.java:160)
	at de.uka.ilkd.key.proof.runallproofs.proofcollection.ForkedTestFileRunner.main(ForkedTestFileRunner.java:171)
Caused by: java.lang.NoClassDefFoundError: Could not initialize class de.uka.ilkd.key.nparser.KeYParser
	at de.uka.ilkd.key.nparser.ParsingFacade.createParser(ParsingFacade.java:87)
	at de.uka.ilkd.key.nparser.ParsingFacade.parseFile(ParsingFacade.java:123)
	at de.uka.ilkd.key.proof.io.KeYFile.getParseContext(KeYFile.java:160)
	at de.uka.ilkd.key.proof.io.KeYFile.getProblemInformation(KeYFile.java:236)
	at de.uka.ilkd.key.proof.init.KeYUserProblemFile.readProfileFromFile(KeYUserProblemFile.java:236)
	at de.uka.ilkd.key.proof.init.KeYUserProblemFile.getProfile(KeYUserProblemFile.java:216)
	at de.uka.ilkd.key.proof.io.AbstractProblemLoader.createProblemInitializer(AbstractProblemLoader.java:508)
	at de.uka.ilkd.key.proof.io.AbstractProblemLoader.loadEnvironment(AbstractProblemLoader.java:288)
	at de.uka.ilkd.key.proof.io.AbstractProblemLoader.load(AbstractProblemLoader.java:253)
	at de.uka.ilkd.key.control.AbstractUserInterfaceControl.load(AbstractUserInterfaceControl.java:209)
	... 7 more
Could not initialize class de.uka.ilkd.key.nparser.KeYParser (file: /home/runner/work/key/key/key.core/../key.ui/examples/index/.././standard_key/strings/implicitNullStringConversion.key; caused by: java.lang.NoClassDefFoundError: Could not initialize class de.uka.ilkd.key.nparser.KeYParser)
	at de.uka.ilkd.key.control.AbstractUserInterfaceControl.load(AbstractUserInterfaceControl.java:221)
	at de.uka.ilkd.key.control.KeYEnvironment.load(KeYEnvironment.java:251)
	at de.uka.ilkd.key.control.KeYEnvironment.load(KeYEnvironment.java:224)
	at de.uka.ilkd.key.control.KeYEnvironment.load(KeYEnvironment.java:184)
	at de.uka.ilkd.key.control.KeYEnvironment.load(KeYEnvironment.java:261)
	at de.uka.ilkd.key.proof.runallproofs.proofcollection.TestFile.load(TestFile.java:270)
	at de.uka.ilkd.key.proof.runallproofs.proofcollection.TestFile.runKey(TestFile.java:160)
	at de.uka.ilkd.key.proof.runallproofs.proofcollection.ForkedTestFileRunner.main(ForkedTestFileRunner.java:171)
Caused by: java.lang.NoClassDefFoundError: Could not initialize class de.uka.ilkd.key.nparser.KeYParser
	at de.uka.ilkd.key.nparser.ParsingFacade.createParser(ParsingFacade.java:87)
	at de.uka.ilkd.key.nparser.ParsingFacade.parseFile(ParsingFacade.java:123)
	at de.uka.ilkd.key.proof.io.KeYFile.getParseContext(KeYFile.java:160)
	at de.uka.ilkd.key.proof.io.KeYFile.getProblemInformation(KeYFile.java:236)
	at de.uka.ilkd.key.proof.init.KeYUserProblemFile.readProfileFromFile(KeYUserProblemFile.java:236)
	at de.uka.ilkd.key.proof.init.KeYUserProblemFile.getProfile(KeYUserProblemFile.java:216)
	at de.uka.ilkd.key.proof.io.AbstractProblemLoader.createProblemInitializer(AbstractProblemLoader.java:508)
	at de.uka.ilkd.key.proof.io.AbstractProblemLoader.loadEnvironment(AbstractProblemLoader.java:288)
	at de.uka.ilkd.key.proof.io.AbstractProblemLoader.load(AbstractProblemLoader.java:253)
	at de.uka.ilkd.key.control.AbstractUserInterfaceControl.load(AbstractUserInterfaceControl.java:209)
	... 7 more
Could not initialize class de.uka.ilkd.key.nparser.KeYParser (file: /home/runner/work/key/key/key.core/../key.ui/examples/index/.././standard_key/strings/implicitNullStringConversion2.key; caused by: java.lang.NoClassDefFoundError: Could not initialize class de.uka.ilkd.key.nparser.KeYParser)
	at de.uka.ilkd.key.control.AbstractUserInterfaceControl.load(AbstractUserInterfaceControl.java:221)
	at de.uka.ilkd.key.control.KeYEnvironment.load(KeYEnvironment.java:251)
	at de.uka.ilkd.key.control.KeYEnvironment.load(KeYEnvironment.java:224)
	at de.uka.ilkd.key.control.KeYEnvironment.load(KeYEnvironment.java:184)
	at de.uka.ilkd.key.control.KeYEnvironment.load(KeYEnvironment.java:261)
	at de.uka.ilkd.key.proof.runallproofs.proofcollection.TestFile.load(TestFile.java:270)
	at de.uka.ilkd.key.proof.runallproofs.proofcollection.TestFile.runKey(TestFile.java:160)
	at de.uka.ilkd.key.proof.runallproofs.proofcollection.ForkedTestFileRunner.main(ForkedTestFileRunner.java:171)
Caused by: java.lang.NoClassDefFoundError: Could not initialize class de.uka.ilkd.key.nparser.KeYParser
	at de.uka.ilkd.key.nparser.ParsingFacade.createParser(ParsingFacade.java:87)
	at de.uka.ilkd.key.nparser.ParsingFacade.parseFile(ParsingFacade.java:123)
	at de.uka.ilkd.key.proof.io.KeYFile.getParseContext(KeYFile.java:160)
	at de.uka.ilkd.key.proof.io.KeYFile.getProblemInformation(KeYFile.java:236)
	at de.uka.ilkd.key.proof.init.KeYUserProblemFile.readProfileFromFile(KeYUserProblemFile.java:236)
	at de.uka.ilkd.key.proof.init.KeYUserProblemFile.getProfile(KeYUserProblemFile.java:216)
	at de.uka.ilkd.key.proof.io.AbstractProblemLoader.createProblemInitializer(AbstractProblemLoader.java:508)
	at de.uka.ilkd.key.proof.io.AbstractProblemLoader.loadEnvironment(AbstractProblemLoader.java:288)
	at de.uka.ilkd.key.proof.io.AbstractProblemLoader.load(AbstractProblemLoader.java:253)
	at de.uka.ilkd.key.control.AbstractUserInterfaceControl.load(AbstractUserInterfaceControl.java:209)
	... 7 more
Could not initialize class de.uka.ilkd.key.nparser.KeYParser (file: /home/runner/work/key/key/key.core/../key.ui/examples/index/.././standard_key/strings/implicitObjectStringConversion.key; caused by: java.lang.NoClassDefFoundError: Could not initialize class de.uka.ilkd.key.nparser.KeYParser)
	at de.uka.ilkd.key.control.AbstractUserInterfaceControl.load(AbstractUserInterfaceControl.java:221)
	at de.uka.ilkd.key.control.KeYEnvironment.load(KeYEnvironment.java:251)
	at de.uka.ilkd.key.control.KeYEnvironment.load(KeYEnvironment.java:224)
	at de.uka.ilkd.key.control.KeYEnvironment.load(KeYEnvironment.java:184)
	at de.uka.ilkd.key.control.KeYEnvironment.load(KeYEnvironment.java:261)
	at de.uka.ilkd.key.proof.runallproofs.proofcollection.TestFile.load(TestFile.java:270)
	at de.uka.ilkd.key.proof.runallproofs.proofcollection.TestFile.runKey(TestFile.java:160)
	at de.uka.ilkd.key.proof.runallproofs.proofcollection.ForkedTestFileRunner.main(ForkedTestFileRunner.java:171)
Caused by: java.lang.NoClassDefFoundError: Could not initialize class de.uka.ilkd.key.nparser.KeYParser
	at de.uka.ilkd.key.nparser.ParsingFacade.createParser(ParsingFacade.java:87)
	at de.uka.ilkd.key.nparser.ParsingFacade.parseFile(ParsingFacade.java:123)
	at de.uka.ilkd.key.proof.io.KeYFile.getParseContext(KeYFile.java:160)
	at de.uka.ilkd.key.proof.io.KeYFile.getProblemInformation(KeYFile.java:236)
	at de.uka.ilkd.key.proof.init.KeYUserProblemFile.readProfileFromFile(KeYUserProblemFile.java:236)
	at de.uka.ilkd.key.proof.init.KeYUserProblemFile.getProfile(KeYUserProblemFile.java:216)
	at de.uka.ilkd.key.proof.io.AbstractProblemLoader.createProblemInitializer(AbstractProblemLoader.java:508)
	at de.uka.ilkd.key.proof.io.AbstractProblemLoader.loadEnvironment(AbstractProblemLoader.java:288)
	at de.uka.ilkd.key.proof.io.AbstractProblemLoader.load(AbstractProblemLoader.java:253)
	at de.uka.ilkd.key.control.AbstractUserInterfaceControl.load(AbstractUserInterfaceControl.java:209)
	... 7 more
Could not initialize class de.uka.ilkd.key.nparser.KeYParser (file: /home/runner/work/key/key/key.core/../key.ui/examples/index/.././standard_key/strings/literalEquality.key; caused by: java.lang.NoClassDefFoundError: Could not initialize class de.uka.ilkd.key.nparser.KeYParser)
	at de.uka.ilkd.key.control.AbstractUserInterfaceControl.load(AbstractUserInterfaceControl.java:221)
	at de.uka.ilkd.key.control.KeYEnvironment.load(KeYEnvironment.java:251)
	at de.uka.ilkd.key.control.KeYEnvironment.load(KeYEnvironment.java:224)
	at de.uka.ilkd.key.control.KeYEnvironment.load(KeYEnvironment.java:184)
	at de.uka.ilkd.key.control.KeYEnvironment.load(KeYEnvironment.java:261)
	at de.uka.ilkd.key.proof.runallproofs.proofcollection.TestFile.load(TestFile.java:270)
	at de.uka.ilkd.key.proof.runallproofs.proofcollection.TestFile.runKey(TestFile.java:160)
	at de.uka.ilkd.key.proof.runallproofs.proofcollection.ForkedTestFileRunner.main(ForkedTestFileRunner.java:171)
Caused by: java.lang.NoClassDefFoundError: Could not initialize class de.uka.ilkd.key.nparser.KeYParser
	at de.uka.ilkd.key.nparser.ParsingFacade.createParser(ParsingFacade.java:87)
	at de.uka.ilkd.key.nparser.ParsingFacade.parseFile(ParsingFacade.java:123)
	at de.uka.ilkd.key.proof.io.KeYFile.getParseContext(KeYFile.java:160)
	at de.uka.ilkd.key.proof.io.KeYFile.getProblemInformation(KeYFile.java:236)
	at de.uka.ilkd.key.proof.init.KeYUserProblemFile.readProfileFromFile(KeYUserProblemFile.java:236)
	at de.uka.ilkd.key.proof.init.KeYUserProblemFile.getProfile(KeYUserProblemFile.java:216)
	at de.uka.ilkd.key.proof.io.AbstractProblemLoader.createProblemInitializer(AbstractProblemLoader.java:508)
	at de.uka.ilkd.key.proof.io.AbstractProblemLoader.loadEnvironment(AbstractProblemLoader.java:288)
	at de.uka.ilkd.key.proof.io.AbstractProblemLoader.load(AbstractProblemLoader.java:253)
	at de.uka.ilkd.key.control.AbstractUserInterfaceControl.load(AbstractUserInterfaceControl.java:209)
	... 7 more
Could not initialize class de.uka.ilkd.key.nparser.KeYParser (file: /home/runner/work/key/key/key.core/../key.ui/examples/index/.././standard_key/strings/replace0.key; caused by: java.lang.NoClassDefFoundError: Could not initialize class de.uka.ilkd.key.nparser.KeYParser)
	at de.uka.ilkd.key.control.AbstractUserInterfaceControl.load(AbstractUserInterfaceControl.java:221)
	at de.uka.ilkd.key.control.KeYEnvironment.load(KeYEnvironment.java:251)
	at de.uka.ilkd.key.control.KeYEnvironment.load(KeYEnvironment.java:224)
	at de.uka.ilkd.key.control.KeYEnvironment.load(KeYEnvironment.java:184)
	at de.uka.ilkd.key.control.KeYEnvironment.load(KeYEnvironment.java:261)
	at de.uka.ilkd.key.proof.runallproofs.proofcollection.TestFile.load(TestFile.java:270)
	at de.uka.ilkd.key.proof.runallproofs.proofcollection.TestFile.runKey(TestFile.java:160)
	at de.uka.ilkd.key.proof.runallproofs.proofcollection.ForkedTestFileRunner.main(ForkedTestFileRunner.java:171)
Caused by: java.lang.NoClassDefFoundError: Could not initialize class de.uka.ilkd.key.nparser.KeYParser
	at de.uka.ilkd.key.nparser.ParsingFacade.createParser(ParsingFacade.java:87)
	at de.uka.ilkd.key.nparser.ParsingFacade.parseFile(ParsingFacade.java:123)
	at de.uka.ilkd.key.proof.io.KeYFile.getParseContext(KeYFile.java:160)
	at de.uka.ilkd.key.proof.io.KeYFile.getProblemInformation(KeYFile.java:236)
	at de.uka.ilkd.key.proof.init.KeYUserProblemFile.readProfileFromFile(KeYUserProblemFile.java:236)
	at de.uka.ilkd.key.proof.init.KeYUserProblemFile.getProfile(KeYUserProblemFile.java:216)
	at de.uka.ilkd.key.proof.io.AbstractProblemLoader.createProblemInitializer(AbstractProblemLoader.java:508)
	at de.uka.ilkd.key.proof.io.AbstractProblemLoader.loadEnvironment(AbstractProblemLoader.java:288)
	at de.uka.ilkd.key.proof.io.AbstractProblemLoader.load(AbstractProblemLoader.java:253)
	at de.uka.ilkd.key.control.AbstractUserInterfaceControl.load(AbstractUserInterfaceControl.java:209)
	... 7 more
Could not initialize class de.uka.ilkd.key.nparser.KeYParser (file: /home/runner/work/key/key/key.core/../key.ui/examples/index/.././standard_key/strings/replace1.key; caused by: java.lang.NoClassDefFoundError: Could not initialize class de.uka.ilkd.key.nparser.KeYParser)
	at de.uka.ilkd.key.control.AbstractUserInterfaceControl.load(AbstractUserInterfaceControl.java:221)
	at de.uka.ilkd.key.control.KeYEnvironment.load(KeYEnvironment.java:251)
	at de.uka.ilkd.key.control.KeYEnvironment.load(KeYEnvironment.java:224)
	at de.uka.ilkd.key.control.KeYEnvironment.load(KeYEnvironment.java:184)
	at de.uka.ilkd.key.control.KeYEnvironment.load(KeYEnvironment.java:261)
	at de.uka.ilkd.key.proof.runallproofs.proofcollection.TestFile.load(TestFile.java:270)
	at de.uka.ilkd.key.proof.runallproofs.proofcollection.TestFile.runKey(TestFile.java:160)
	at de.uka.ilkd.key.proof.runallproofs.proofcollection.ForkedTestFileRunner.main(ForkedTestFileRunner.java:171)
Caused by: java.lang.NoClassDefFoundError: Could not initialize class de.uka.ilkd.key.nparser.KeYParser
	at de.uka.ilkd.key.nparser.ParsingFacade.createParser(ParsingFacade.java:87)
	at de.uka.ilkd.key.nparser.ParsingFacade.parseFile(ParsingFacade.java:123)
	at de.uka.ilkd.key.proof.io.KeYFile.getParseContext(KeYFile.java:160)
	at de.uka.ilkd.key.proof.io.KeYFile.getProblemInformation(KeYFile.java:236)
	at de.uka.ilkd.key.proof.init.KeYUserProblemFile.readProfileFromFile(KeYUserProblemFile.java:236)
	at de.uka.ilkd.key.proof.init.KeYUserProblemFile.getProfile(KeYUserProblemFile.java:216)
	at de.uka.ilkd.key.proof.io.AbstractProblemLoader.createProblemInitializer(AbstractProblemLoader.java:508)
	at de.uka.ilkd.key.proof.io.AbstractProblemLoader.loadEnvironment(AbstractProblemLoader.java:288)
	at de.uka.ilkd.key.proof.io.AbstractProblemLoader.load(AbstractProblemLoader.java:253)
	at de.uka.ilkd.key.control.AbstractUserInterfaceControl.load(AbstractUserInterfaceControl.java:209)
	... 7 more
Could not initialize class de.uka.ilkd.key.nparser.KeYParser (file: /home/runner/work/key/key/key.core/../key.ui/examples/index/.././standard_key/strings/simpleAssignment.key; caused by: java.lang.NoClassDefFoundError: Could not initialize class de.uka.ilkd.key.nparser.KeYParser)
	at de.uka.ilkd.key.control.AbstractUserInterfaceControl.load(AbstractUserInterfaceControl.java:221)
	at de.uka.ilkd.key.control.KeYEnvironment.load(KeYEnvironment.java:251)
	at de.uka.ilkd.key.control.KeYEnvironment.load(KeYEnvironment.java:224)
	at de.uka.ilkd.key.control.KeYEnvironment.load(KeYEnvironment.java:184)
	at de.uka.ilkd.key.control.KeYEnvironment.load(KeYEnvironment.java:261)
	at de.uka.ilkd.key.proof.runallproofs.proofcollection.TestFile.load(TestFile.java:270)
	at de.uka.ilkd.key.proof.runallproofs.proofcollection.TestFile.runKey(TestFile.java:160)
	at de.uka.ilkd.key.proof.runallproofs.proofcollection.ForkedTestFileRunner.main(ForkedTestFileRunner.java:171)
Caused by: java.lang.NoClassDefFoundError: Could not initialize class de.uka.ilkd.key.nparser.KeYParser
	at de.uka.ilkd.key.nparser.ParsingFacade.createParser(ParsingFacade.java:87)
	at de.uka.ilkd.key.nparser.ParsingFacade.parseFile(ParsingFacade.java:123)
	at de.uka.ilkd.key.proof.io.KeYFile.getParseContext(KeYFile.java:160)
	at de.uka.ilkd.key.proof.io.KeYFile.getProblemInformation(KeYFile.java:236)
	at de.uka.ilkd.key.proof.init.KeYUserProblemFile.readProfileFromFile(KeYUserProblemFile.java:236)
	at de.uka.ilkd.key.proof.init.KeYUserProblemFile.getProfile(KeYUserProblemFile.java:216)
	at de.uka.ilkd.key.proof.io.AbstractProblemLoader.createProblemInitializer(AbstractProblemLoader.java:508)
	at de.uka.ilkd.key.proof.io.AbstractProblemLoader.loadEnvironment(AbstractProblemLoader.java:288)
	at de.uka.ilkd.key.proof.io.AbstractProblemLoader.load(AbstractProblemLoader.java:253)
	at de.uka.ilkd.key.control.AbstractUserInterfaceControl.load(AbstractUserInterfaceControl.java:209)
	... 7 more
Could not initialize class de.uka.ilkd.key.nparser.KeYParser (file: /home/runner/work/key/key/key.core/../key.ui/examples/index/.././standard_key/strings/simpleLengthComp.key; caused by: java.lang.NoClassDefFoundError: Could not initialize class de.uka.ilkd.key.nparser.KeYParser)
	at de.uka.ilkd.key.control.AbstractUserInterfaceControl.load(AbstractUserInterfaceControl.java:221)
	at de.uka.ilkd.key.control.KeYEnvironment.load(KeYEnvironment.java:251)
	at de.uka.ilkd.key.control.KeYEnvironment.load(KeYEnvironment.java:224)
	at de.uka.ilkd.key.control.KeYEnvironment.load(KeYEnvironment.java:184)
	at de.uka.ilkd.key.control.KeYEnvironment.load(KeYEnvironment.java:261)
	at de.uka.ilkd.key.proof.runallproofs.proofcollection.TestFile.load(TestFile.java:270)
	at de.uka.ilkd.key.proof.runallproofs.proofcollection.TestFile.runKey(TestFile.java:160)
	at de.uka.ilkd.key.proof.runallproofs.proofcollection.ForkedTestFileRunner.main(ForkedTestFileRunner.java:171)
Caused by: java.lang.NoClassDefFoundError: Could not initialize class de.uka.ilkd.key.nparser.KeYParser
	at de.uka.ilkd.key.nparser.ParsingFacade.createParser(ParsingFacade.java:87)
	at de.uka.ilkd.key.nparser.ParsingFacade.parseFile(ParsingFacade.java:123)
	at de.uka.ilkd.key.proof.io.KeYFile.getParseContext(KeYFile.java:160)
	at de.uka.ilkd.key.proof.io.KeYFile.getProblemInformation(KeYFile.java:236)
	at de.uka.ilkd.key.proof.init.KeYUserProblemFile.readProfileFromFile(KeYUserProblemFile.java:236)
	at de.uka.ilkd.key.proof.init.KeYUserProblemFile.getProfile(KeYUserProblemFile.java:216)
	at de.uka.ilkd.key.proof.io.AbstractProblemLoader.createProblemInitializer(AbstractProblemLoader.java:508)
	at de.uka.ilkd.key.proof.io.AbstractProblemLoader.loadEnvironment(AbstractProblemLoader.java:288)
	at de.uka.ilkd.key.proof.io.AbstractProblemLoader.load(AbstractProblemLoader.java:253)
	at de.uka.ilkd.key.control.AbstractUserInterfaceControl.load(AbstractUserInterfaceControl.java:209)
	... 7 more
Could not initialize class de.uka.ilkd.key.nparser.KeYParser (file: /home/runner/work/key/key/key.core/../key.ui/examples/index/.././standard_key/strings/stringCompileTimeConstant1.key; caused by: java.lang.NoClassDefFoundError: Could not initialize class de.uka.ilkd.key.nparser.KeYParser)
	at de.uka.ilkd.key.control.AbstractUserInterfaceControl.load(AbstractUserInterfaceControl.java:221)
	at de.uka.ilkd.key.control.KeYEnvironment.load(KeYEnvironment.java:251)
	at de.uka.ilkd.key.control.KeYEnvironment.load(KeYEnvironment.java:224)
	at de.uka.ilkd.key.control.KeYEnvironment.load(KeYEnvironment.java:184)
	at de.uka.ilkd.key.control.KeYEnvironment.load(KeYEnvironment.java:261)
	at de.uka.ilkd.key.proof.runallproofs.proofcollection.TestFile.load(TestFile.java:270)
	at de.uka.ilkd.key.proof.runallproofs.proofcollection.TestFile.runKey(TestFile.java:160)
	at de.uka.ilkd.key.proof.runallproofs.proofcollection.ForkedTestFileRunner.main(ForkedTestFileRunner.java:171)
Caused by: java.lang.NoClassDefFoundError: Could not initialize class de.uka.ilkd.key.nparser.KeYParser
	at de.uka.ilkd.key.nparser.ParsingFacade.createParser(ParsingFacade.java:87)
	at de.uka.ilkd.key.nparser.ParsingFacade.parseFile(ParsingFacade.java:123)
	at de.uka.ilkd.key.proof.io.KeYFile.getParseContext(KeYFile.java:160)
	at de.uka.ilkd.key.proof.io.KeYFile.getProblemInformation(KeYFile.java:236)
	at de.uka.ilkd.key.proof.init.KeYUserProblemFile.readProfileFromFile(KeYUserProblemFile.java:236)
	at de.uka.ilkd.key.proof.init.KeYUserProblemFile.getProfile(KeYUserProblemFile.java:216)
	at de.uka.ilkd.key.proof.io.AbstractProblemLoader.createProblemInitializer(AbstractProblemLoader.java:508)
	at de.uka.ilkd.key.proof.io.AbstractProblemLoader.loadEnvironment(AbstractProblemLoader.java:288)
	at de.uka.ilkd.key.proof.io.AbstractProblemLoader.load(AbstractProblemLoader.java:253)
	at de.uka.ilkd.key.control.AbstractUserInterfaceControl.load(AbstractUserInterfaceControl.java:209)
	... 7 more
Could not initialize class de.uka.ilkd.key.nparser.KeYParser (file: /home/runner/work/key/key/key.core/../key.ui/examples/index/.././standard_key/strings/stringCompileTimeConstant2.key; caused by: java.lang.NoClassDefFoundError: Could not initialize class de.uka.ilkd.key.nparser.KeYParser)
	at de.uka.ilkd.key.control.AbstractUserInterfaceControl.load(AbstractUserInterfaceControl.java:221)
	at de.uka.ilkd.key.control.KeYEnvironment.load(KeYEnvironment.java:251)
	at de.uka.ilkd.key.control.KeYEnvironment.load(KeYEnvironment.java:224)
	at de.uka.ilkd.key.control.KeYEnvironment.load(KeYEnvironment.java:184)
	at de.uka.ilkd.key.control.KeYEnvironment.load(KeYEnvironment.java:261)
	at de.uka.ilkd.key.proof.runallproofs.proofcollection.TestFile.load(TestFile.java:270)
	at de.uka.ilkd.key.proof.runallproofs.proofcollection.TestFile.runKey(TestFile.java:160)
	at de.uka.ilkd.key.proof.runallproofs.proofcollection.ForkedTestFileRunner.main(ForkedTestFileRunner.java:171)
Caused by: java.lang.NoClassDefFoundError: Could not initialize class de.uka.ilkd.key.nparser.KeYParser
	at de.uka.ilkd.key.nparser.ParsingFacade.createParser(ParsingFacade.java:87)
	at de.uka.ilkd.key.nparser.ParsingFacade.parseFile(ParsingFacade.java:123)
	at de.uka.ilkd.key.proof.io.KeYFile.getParseContext(KeYFile.java:160)
	at de.uka.ilkd.key.proof.io.KeYFile.getProblemInformation(KeYFile.java:236)
	at de.uka.ilkd.key.proof.init.KeYUserProblemFile.readProfileFromFile(KeYUserProblemFile.java:236)
	at de.uka.ilkd.key.proof.init.KeYUserProblemFile.getProfile(KeYUserProblemFile.java:216)
	at de.uka.ilkd.key.proof.io.AbstractProblemLoader.createProblemInitializer(AbstractProblemLoader.java:508)
	at de.uka.ilkd.key.proof.io.AbstractProblemLoader.loadEnvironment(AbstractProblemLoader.java:288)
	at de.uka.ilkd.key.proof.io.AbstractProblemLoader.load(AbstractProblemLoader.java:253)
	at de.uka.ilkd.key.control.AbstractUserInterfaceControl.load(AbstractUserInterfaceControl.java:209)
	... 7 more
Could not initialize class de.uka.ilkd.key.nparser.KeYParser (file: /home/runner/work/key/key/key.core/../key.ui/examples/index/.././standard_key/strings/stringEquality1.key; caused by: java.lang.NoClassDefFoundError: Could not initialize class de.uka.ilkd.key.nparser.KeYParser)
	at de.uka.ilkd.key.control.AbstractUserInterfaceControl.load(AbstractUserInterfaceControl.java:221)
	at de.uka.ilkd.key.control.KeYEnvironment.load(KeYEnvironment.java:251)
	at de.uka.ilkd.key.control.KeYEnvironment.load(KeYEnvironment.java:224)
	at de.uka.ilkd.key.control.KeYEnvironment.load(KeYEnvironment.java:184)
	at de.uka.ilkd.key.control.KeYEnvironment.load(KeYEnvironment.java:261)
	at de.uka.ilkd.key.proof.runallproofs.proofcollection.TestFile.load(TestFile.java:270)
	at de.uka.ilkd.key.proof.runallproofs.proofcollection.TestFile.runKey(TestFile.java:160)
	at de.uka.ilkd.key.proof.runallproofs.proofcollection.ForkedTestFileRunner.main(ForkedTestFileRunner.java:171)
Caused by: java.lang.NoClassDefFoundError: Could not initialize class de.uka.ilkd.key.nparser.KeYParser
	at de.uka.ilkd.key.nparser.ParsingFacade.createParser(ParsingFacade.java:87)
	at de.uka.ilkd.key.nparser.ParsingFacade.parseFile(ParsingFacade.java:123)
	at de.uka.ilkd.key.proof.io.KeYFile.getParseContext(KeYFile.java:160)
	at de.uka.ilkd.key.proof.io.KeYFile.getProblemInformation(KeYFile.java:236)
	at de.uka.ilkd.key.proof.init.KeYUserProblemFile.readProfileFromFile(KeYUserProblemFile.java:236)
	at de.uka.ilkd.key.proof.init.KeYUserProblemFile.getProfile(KeYUserProblemFile.java:216)
	at de.uka.ilkd.key.proof.io.AbstractProblemLoader.createProblemInitializer(AbstractProblemLoader.java:508)
	at de.uka.ilkd.key.proof.io.AbstractProblemLoader.loadEnvironment(AbstractProblemLoader.java:288)
	at de.uka.ilkd.key.proof.io.AbstractProblemLoader.load(AbstractProblemLoader.java:253)
	at de.uka.ilkd.key.control.AbstractUserInterfaceControl.load(AbstractUserInterfaceControl.java:209)
	... 7 more
Could not initialize class de.uka.ilkd.key.nparser.KeYParser (file: /home/runner/work/key/key/key.core/../key.ui/examples/index/.././standard_key/strings/stringEquality2.key; caused by: java.lang.NoClassDefFoundError: Could not initialize class de.uka.ilkd.key.nparser.KeYParser)
	at de.uka.ilkd.key.control.AbstractUserInterfaceControl.load(AbstractUserInterfaceControl.java:221)
	at de.uka.ilkd.key.control.KeYEnvironment.load(KeYEnvironment.java:251)
	at de.uka.ilkd.key.control.KeYEnvironment.load(KeYEnvironment.java:224)
	at de.uka.ilkd.key.control.KeYEnvironment.load(KeYEnvironment.java:184)
	at de.uka.ilkd.key.control.KeYEnvironment.load(KeYEnvironment.java:261)
	at de.uka.ilkd.key.proof.runallproofs.proofcollection.TestFile.load(TestFile.java:270)
	at de.uka.ilkd.key.proof.runallproofs.proofcollection.TestFile.runKey(TestFile.java:160)
	at de.uka.ilkd.key.proof.runallproofs.proofcollection.ForkedTestFileRunner.main(ForkedTestFileRunner.java:171)
Caused by: java.lang.NoClassDefFoundError: Could not initialize class de.uka.ilkd.key.nparser.KeYParser
	at de.uka.ilkd.key.nparser.ParsingFacade.createParser(ParsingFacade.java:87)
	at de.uka.ilkd.key.nparser.ParsingFacade.parseFile(ParsingFacade.java:123)
	at de.uka.ilkd.key.proof.io.KeYFile.getParseContext(KeYFile.java:160)
	at de.uka.ilkd.key.proof.io.KeYFile.getProblemInformation(KeYFile.java:236)
	at de.uka.ilkd.key.proof.init.KeYUserProblemFile.readProfileFromFile(KeYUserProblemFile.java:236)
	at de.uka.ilkd.key.proof.init.KeYUserProblemFile.getProfile(KeYUserProblemFile.java:216)
	at de.uka.ilkd.key.proof.io.AbstractProblemLoader.createProblemInitializer(AbstractProblemLoader.java:508)
	at de.uka.ilkd.key.proof.io.AbstractProblemLoader.loadEnvironment(AbstractProblemLoader.java:288)
	at de.uka.ilkd.key.proof.io.AbstractProblemLoader.load(AbstractProblemLoader.java:253)
	at de.uka.ilkd.key.control.AbstractUserInterfaceControl.load(AbstractUserInterfaceControl.java:209)
	... 7 more
Could not initialize class de.uka.ilkd.key.nparser.KeYParser (file: /home/runner/work/key/key/key.core/../key.ui/examples/index/.././standard_key/strings/substring0.key; caused by: java.lang.NoClassDefFoundError: Could not initialize class de.uka.ilkd.key.nparser.KeYParser)
	at de.uka.ilkd.key.control.AbstractUserInterfaceControl.load(AbstractUserInterfaceControl.java:221)
	at de.uka.ilkd.key.control.KeYEnvironment.load(KeYEnvironment.java:251)
	at de.uka.ilkd.key.control.KeYEnvironment.load(KeYEnvironment.java:224)
	at de.uka.ilkd.key.control.KeYEnvironment.load(KeYEnvironment.java:184)
	at de.uka.ilkd.key.control.KeYEnvironment.load(KeYEnvironment.java:261)
	at de.uka.ilkd.key.proof.runallproofs.proofcollection.TestFile.load(TestFile.java:270)
	at de.uka.ilkd.key.proof.runallproofs.proofcollection.TestFile.runKey(TestFile.java:160)
	at de.uka.ilkd.key.proof.runallproofs.proofcollection.ForkedTestFileRunner.main(ForkedTestFileRunner.java:171)
Caused by: java.lang.NoClassDefFoundError: Could not initialize class de.uka.ilkd.key.nparser.KeYParser
	at de.uka.ilkd.key.nparser.ParsingFacade.createParser(ParsingFacade.java:87)
	at de.uka.ilkd.key.nparser.ParsingFacade.parseFile(ParsingFacade.java:123)
	at de.uka.ilkd.key.proof.io.KeYFile.getParseContext(KeYFile.java:160)
	at de.uka.ilkd.key.proof.io.KeYFile.getProblemInformation(KeYFile.java:236)
	at de.uka.ilkd.key.proof.init.KeYUserProblemFile.readProfileFromFile(KeYUserProblemFile.java:236)
	at de.uka.ilkd.key.proof.init.KeYUserProblemFile.getProfile(KeYUserProblemFile.java:216)
	at de.uka.ilkd.key.proof.io.AbstractProblemLoader.createProblemInitializer(AbstractProblemLoader.java:508)
	at de.uka.ilkd.key.proof.io.AbstractProblemLoader.loadEnvironment(AbstractProblemLoader.java:288)
	at de.uka.ilkd.key.proof.io.AbstractProblemLoader.load(AbstractProblemLoader.java:253)
	at de.uka.ilkd.key.control.AbstractUserInterfaceControl.load(AbstractUserInterfaceControl.java:209)
	... 7 more
Could not initialize class de.uka.ilkd.key.nparser.KeYParser (file: /home/runner/work/key/key/key.core/../key.ui/examples/index/.././standard_key/strings/substring1.key; caused by: java.lang.NoClassDefFoundError: Could not initialize class de.uka.ilkd.key.nparser.KeYParser)
	at de.uka.ilkd.key.control.AbstractUserInterfaceControl.load(AbstractUserInterfaceControl.java:221)
	at de.uka.ilkd.key.control.KeYEnvironment.load(KeYEnvironment.java:251)
	at de.uka.ilkd.key.control.KeYEnvironment.load(KeYEnvironment.java:224)
	at de.uka.ilkd.key.control.KeYEnvironment.load(KeYEnvironment.java:184)
	at de.uka.ilkd.key.control.KeYEnvironment.load(KeYEnvironment.java:261)
	at de.uka.ilkd.key.proof.runallproofs.proofcollection.TestFile.load(TestFile.java:270)
	at de.uka.ilkd.key.proof.runallproofs.proofcollection.TestFile.runKey(TestFile.java:160)
	at de.uka.ilkd.key.proof.runallproofs.proofcollection.ForkedTestFileRunner.main(ForkedTestFileRunner.java:171)
Caused by: java.lang.NoClassDefFoundError: Could not initialize class de.uka.ilkd.key.nparser.KeYParser
	at de.uka.ilkd.key.nparser.ParsingFacade.createParser(ParsingFacade.java:87)
	at de.uka.ilkd.key.nparser.ParsingFacade.parseFile(ParsingFacade.java:123)
	at de.uka.ilkd.key.proof.io.KeYFile.getParseContext(KeYFile.java:160)
	at de.uka.ilkd.key.proof.io.KeYFile.getProblemInformation(KeYFile.java:236)
	at de.uka.ilkd.key.proof.init.KeYUserProblemFile.readProfileFromFile(KeYUserProblemFile.java:236)
	at de.uka.ilkd.key.proof.init.KeYUserProblemFile.getProfile(KeYUserProblemFile.java:216)
	at de.uka.ilkd.key.proof.io.AbstractProblemLoader.createProblemInitializer(AbstractProblemLoader.java:508)
	at de.uka.ilkd.key.proof.io.AbstractProblemLoader.loadEnvironment(AbstractProblemLoader.java:288)
	at de.uka.ilkd.key.proof.io.AbstractProblemLoader.load(AbstractProblemLoader.java:253)
	at de.uka.ilkd.key.control.AbstractUserInterfaceControl.load(AbstractUserInterfaceControl.java:209)
	... 7 more
Could not initialize class de.uka.ilkd.key.nparser.KeYParser (file: /home/runner/work/key/key/key.core/../key.ui/examples/index/.././standard_key/strings/substring2.key; caused by: java.lang.NoClassDefFoundError: Could not initialize class de.uka.ilkd.key.nparser.KeYParser)
	at de.uka.ilkd.key.control.AbstractUserInterfaceControl.load(AbstractUserInterfaceControl.java:221)
	at de.uka.ilkd.key.control.KeYEnvironment.load(KeYEnvironment.java:251)
	at de.uka.ilkd.key.control.KeYEnvironment.load(KeYEnvironment.java:224)
	at de.uka.ilkd.key.control.KeYEnvironment.load(KeYEnvironment.java:184)
	at de.uka.ilkd.key.control.KeYEnvironment.load(KeYEnvironment.java:261)
	at de.uka.ilkd.key.proof.runallproofs.proofcollection.TestFile.load(TestFile.java:270)
	at de.uka.ilkd.key.proof.runallproofs.proofcollection.TestFile.runKey(TestFile.java:160)
	at de.uka.ilkd.key.proof.runallproofs.proofcollection.ForkedTestFileRunner.main(ForkedTestFileRunner.java:171)
Caused by: java.lang.NoClassDefFoundError: Could not initialize class de.uka.ilkd.key.nparser.KeYParser
	at de.uka.ilkd.key.nparser.ParsingFacade.createParser(ParsingFacade.java:87)
	at de.uka.ilkd.key.nparser.ParsingFacade.parseFile(ParsingFacade.java:123)
	at de.uka.ilkd.key.proof.io.KeYFile.getParseContext(KeYFile.java:160)
	at de.uka.ilkd.key.proof.io.KeYFile.getProblemInformation(KeYFile.java:236)
	at de.uka.ilkd.key.proof.init.KeYUserProblemFile.readProfileFromFile(KeYUserProblemFile.java:236)
	at de.uka.ilkd.key.proof.init.KeYUserProblemFile.getProfile(KeYUserProblemFile.java:216)
	at de.uka.ilkd.key.proof.io.AbstractProblemLoader.createProblemInitializer(AbstractProblemLoader.java:508)
	at de.uka.ilkd.key.proof.io.AbstractProblemLoader.loadEnvironment(AbstractProblemLoader.java:288)
	at de.uka.ilkd.key.proof.io.AbstractProblemLoader.load(AbstractProblemLoader.java:253)
	at de.uka.ilkd.key.control.AbstractUserInterfaceControl.load(AbstractUserInterfaceControl.java:209)
	... 7 more
Could not initialize class de.uka.ilkd.key.nparser.KeYParser (file: /home/runner/work/key/key/key.core/../key.ui/examples/index/.././standard_key/strings/substring3.key; caused by: java.lang.NoClassDefFoundError: Could not initialize class de.uka.ilkd.key.nparser.KeYParser)
	at de.uka.ilkd.key.control.AbstractUserInterfaceControl.load(AbstractUserInterfaceControl.java:221)
	at de.uka.ilkd.key.control.KeYEnvironment.load(KeYEnvironment.java:251)
	at de.uka.ilkd.key.control.KeYEnvironment.load(KeYEnvironment.java:224)
	at de.uka.ilkd.key.control.KeYEnvironment.load(KeYEnvironment.java:184)
	at de.uka.ilkd.key.control.KeYEnvironment.load(KeYEnvironment.java:261)
	at de.uka.ilkd.key.proof.runallproofs.proofcollection.TestFile.load(TestFile.java:270)
	at de.uka.ilkd.key.proof.runallproofs.proofcollection.TestFile.runKey(TestFile.java:160)
	at de.uka.ilkd.key.proof.runallproofs.proofcollection.ForkedTestFileRunner.main(ForkedTestFileRunner.java:171)
Caused by: java.lang.NoClassDefFoundError: Could not initialize class de.uka.ilkd.key.nparser.KeYParser
	at de.uka.ilkd.key.nparser.ParsingFacade.createParser(ParsingFacade.java:87)
	at de.uka.ilkd.key.nparser.ParsingFacade.parseFile(ParsingFacade.java:123)
	at de.uka.ilkd.key.proof.io.KeYFile.getParseContext(KeYFile.java:160)
	at de.uka.ilkd.key.proof.io.KeYFile.getProblemInformation(KeYFile.java:236)
	at de.uka.ilkd.key.proof.init.KeYUserProblemFile.readProfileFromFile(KeYUserProblemFile.java:236)
	at de.uka.ilkd.key.proof.init.KeYUserProblemFile.getProfile(KeYUserProblemFile.java:216)
	at de.uka.ilkd.key.proof.io.AbstractProblemLoader.createProblemInitializer(AbstractProblemLoader.java:508)
	at de.uka.ilkd.key.proof.io.AbstractProblemLoader.loadEnvironment(AbstractProblemLoader.java:288)
	at de.uka.ilkd.key.proof.io.AbstractProblemLoader.load(AbstractProblemLoader.java:253)
	at de.uka.ilkd.key.control.AbstractUserInterfaceControl.load(AbstractUserInterfaceControl.java:209)
	... 7 more
Could not initialize class de.uka.ilkd.key.nparser.KeYParser (file: /home/runner/work/key/key/key.core/../key.ui/examples/index/.././standard_key/strings/substring4.key; caused by: java.lang.NoClassDefFoundError: Could not initialize class de.uka.ilkd.key.nparser.KeYParser)
	at de.uka.ilkd.key.control.AbstractUserInterfaceControl.load(AbstractUserInterfaceControl.java:221)
	at de.uka.ilkd.key.control.KeYEnvironment.load(KeYEnvironment.java:251)
	at de.uka.ilkd.key.control.KeYEnvironment.load(KeYEnvironment.java:224)
	at de.uka.ilkd.key.control.KeYEnvironment.load(KeYEnvironment.java:184)
	at de.uka.ilkd.key.control.KeYEnvironment.load(KeYEnvironment.java:261)
	at de.uka.ilkd.key.proof.runallproofs.proofcollection.TestFile.load(TestFile.java:270)
	at de.uka.ilkd.key.proof.runallproofs.proofcollection.TestFile.runKey(TestFile.java:160)
	at de.uka.ilkd.key.proof.runallproofs.proofcollection.ForkedTestFileRunner.main(ForkedTestFileRunner.java:171)
Caused by: java.lang.NoClassDefFoundError: Could not initialize class de.uka.ilkd.key.nparser.KeYParser
	at de.uka.ilkd.key.nparser.ParsingFacade.createParser(ParsingFacade.java:87)
	at de.uka.ilkd.key.nparser.ParsingFacade.parseFile(ParsingFacade.java:123)
	at de.uka.ilkd.key.proof.io.KeYFile.getParseContext(KeYFile.java:160)
	at de.uka.ilkd.key.proof.io.KeYFile.getProblemInformation(KeYFile.java:236)
	at de.uka.ilkd.key.proof.init.KeYUserProblemFile.readProfileFromFile(KeYUserProblemFile.java:236)
	at de.uka.ilkd.key.proof.init.KeYUserProblemFile.getProfile(KeYUserProblemFile.java:216)
	at de.uka.ilkd.key.proof.io.AbstractProblemLoader.createProblemInitializer(AbstractProblemLoader.java:508)
	at de.uka.ilkd.key.proof.io.AbstractProblemLoader.loadEnvironment(AbstractProblemLoader.java:288)
	at de.uka.ilkd.key.proof.io.AbstractProblemLoader.load(AbstractProblemLoader.java:253)
	at de.uka.ilkd.key.control.AbstractUserInterfaceControl.load(AbstractUserInterfaceControl.java:209)
	... 7 more
Could not initialize class de.uka.ilkd.key.nparser.KeYParser (file: /home/runner/work/key/key/key.core/../key.ui/examples/index/.././standard_key/strings/substring5.key; caused by: java.lang.NoClassDefFoundError: Could not initialize class de.uka.ilkd.key.nparser.KeYParser)
	at de.uka.ilkd.key.control.AbstractUserInterfaceControl.load(AbstractUserInterfaceControl.java:221)
	at de.uka.ilkd.key.control.KeYEnvironment.load(KeYEnvironment.java:251)
	at de.uka.ilkd.key.control.KeYEnvironment.load(KeYEnvironment.java:224)
	at de.uka.ilkd.key.control.KeYEnvironment.load(KeYEnvironment.java:184)
	at de.uka.ilkd.key.control.KeYEnvironment.load(KeYEnvironment.java:261)
	at de.uka.ilkd.key.proof.runallproofs.proofcollection.TestFile.load(TestFile.java:270)
	at de.uka.ilkd.key.proof.runallproofs.proofcollection.TestFile.runKey(TestFile.java:160)
	at de.uka.ilkd.key.proof.runallproofs.proofcollection.ForkedTestFileRunner.main(ForkedTestFileRunner.java:171)
Caused by: java.lang.NoClassDefFoundError: Could not initialize class de.uka.ilkd.key.nparser.KeYParser
	at de.uka.ilkd.key.nparser.ParsingFacade.createParser(ParsingFacade.java:87)
	at de.uka.ilkd.key.nparser.ParsingFacade.parseFile(ParsingFacade.java:123)
	at de.uka.ilkd.key.proof.io.KeYFile.getParseContext(KeYFile.java:160)
	at de.uka.ilkd.key.proof.io.KeYFile.getProblemInformation(KeYFile.java:236)
	at de.uka.ilkd.key.proof.init.KeYUserProblemFile.readProfileFromFile(KeYUserProblemFile.java:236)
	at de.uka.ilkd.key.proof.init.KeYUserProblemFile.getProfile(KeYUserProblemFile.java:216)
	at de.uka.ilkd.key.proof.io.AbstractProblemLoader.createProblemInitializer(AbstractProblemLoader.java:508)
	at de.uka.ilkd.key.proof.io.AbstractProblemLoader.loadEnvironment(AbstractProblemLoader.java:288)
	at de.uka.ilkd.key.proof.io.AbstractProblemLoader.load(AbstractProblemLoader.java:253)
	at de.uka.ilkd.key.control.AbstractUserInterfaceControl.load(AbstractUserInterfaceControl.java:209)
	... 7 more
Exception in thread "main" org.opentest4j.AssertionFailedError: Exception during the execution of proofs. See log for more details.
	at org.junit.jupiter.api.AssertionUtils.fail(AssertionUtils.java:38)
	at org.junit.jupiter.api.Assertions.fail(Assertions.java:135)
	at de.uka.ilkd.key.proof.runallproofs.proofcollection.ForkedTestFileRunner.main(ForkedTestFileRunner.java:192)
Timeout watcher launched (2000 secs.)
ANTLR Tool version 4.9.3 used for code generation does not match the current runtime version 4.12.0
 (file: /home/runner/work/key/key/key.core/../key.ui/examples/index/.././heap/information_flow/UpdateAbstraction_ex7_1_insecure.key; caused by: java.lang.ExceptionInInitializerError)
	at de.uka.ilkd.key.control.AbstractUserInterfaceControl.load(AbstractUserInterfaceControl.java:221)
	at de.uka.ilkd.key.control.KeYEnvironment.load(KeYEnvironment.java:251)
	at de.uka.ilkd.key.control.KeYEnvironment.load(KeYEnvironment.java:224)
	at de.uka.ilkd.key.control.KeYEnvironment.load(KeYEnvironment.java:184)
	at de.uka.ilkd.key.control.KeYEnvironment.load(KeYEnvironment.java:261)
	at de.uka.ilkd.key.proof.runallproofs.proofcollection.TestFile.load(TestFile.java:270)
	at de.uka.ilkd.key.proof.runallproofs.proofcollection.TestFile.runKey(TestFile.java:160)
	at de.uka.ilkd.key.proof.runallproofs.proofcollection.ForkedTestFileRunner.main(ForkedTestFileRunner.java:171)
Caused by: java.lang.ExceptionInInitializerError
	at de.uka.ilkd.key.nparser.ParsingFacade.createParser(ParsingFacade.java:87)
	at de.uka.ilkd.key.nparser.ParsingFacade.parseFile(ParsingFacade.java:123)
	at de.uka.ilkd.key.proof.io.KeYFile.getParseContext(KeYFile.java:160)
	at de.uka.ilkd.key.proof.io.KeYFile.getProblemInformation(KeYFile.java:236)
	at de.uka.ilkd.key.proof.init.KeYUserProblemFile.readProfileFromFile(KeYUserProblemFile.java:236)
	at de.uka.ilkd.key.proof.init.KeYUserProblemFile.getProfile(KeYUserProblemFile.java:216)
	at de.uka.ilkd.key.proof.io.AbstractProblemLoader.createProblemInitializer(AbstractProblemLoader.java:508)
	at de.uka.ilkd.key.proof.io.AbstractProblemLoader.loadEnvironment(AbstractProblemLoader.java:288)
	at de.uka.ilkd.key.proof.io.AbstractProblemLoader.load(AbstractProblemLoader.java:253)
	at de.uka.ilkd.key.control.AbstractUserInterfaceControl.load(AbstractUserInterfaceControl.java:209)
	... 7 more
Caused by: java.lang.UnsupportedOperationException: java.io.InvalidClassException: org.antlr.v4.runtime.atn.ATN; Could not deserialize ATN with version 3 (expected 4).
	at org.antlr.v4.runtime.atn.ATNDeserializer.deserialize(ATNDeserializer.java:56)
	at org.antlr.v4.runtime.atn.ATNDeserializer.deserialize(ATNDeserializer.java:48)
	at de.uka.ilkd.key.nparser.KeYParser.<clinit>(KeYParser.java:11834)
	... 17 more
Caused by: java.io.InvalidClassException: org.antlr.v4.runtime.atn.ATN; Could not deserialize ATN with version 3 (expected 4).
	... 20 more
Could not initialize class de.uka.ilkd.key.nparser.KeYParser (file: /home/runner/work/key/key/key.core/../key.ui/examples/index/.././heap/information_flow/UpdateAbstraction_ex7_2_insecure.key; caused by: java.lang.NoClassDefFoundError: Could not initialize class de.uka.ilkd.key.nparser.KeYParser)
	at de.uka.ilkd.key.control.AbstractUserInterfaceControl.load(AbstractUserInterfaceControl.java:221)
	at de.uka.ilkd.key.control.KeYEnvironment.load(KeYEnvironment.java:251)
	at de.uka.ilkd.key.control.KeYEnvironment.load(KeYEnvironment.java:224)
	at de.uka.ilkd.key.control.KeYEnvironment.load(KeYEnvironment.java:184)
	at de.uka.ilkd.key.control.KeYEnvironment.load(KeYEnvironment.java:261)
	at de.uka.ilkd.key.proof.runallproofs.proofcollection.TestFile.load(TestFile.java:270)
	at de.uka.ilkd.key.proof.runallproofs.proofcollection.TestFile.runKey(TestFile.java:160)
	at de.uka.ilkd.key.proof.runallproofs.proofcollection.ForkedTestFileRunner.main(ForkedTestFileRunner.java:171)
Caused by: java.lang.NoClassDefFoundError: Could not initialize class de.uka.ilkd.key.nparser.KeYParser
	at de.uka.ilkd.key.nparser.ParsingFacade.createParser(ParsingFacade.java:87)
	at de.uka.ilkd.key.nparser.ParsingFacade.parseFile(ParsingFacade.java:123)
	at de.uka.ilkd.key.proof.io.KeYFile.getParseContext(KeYFile.java:160)
	at de.uka.ilkd.key.proof.io.KeYFile.getProblemInformation(KeYFile.java:236)
	at de.uka.ilkd.key.proof.init.KeYUserProblemFile.readProfileFromFile(KeYUserProblemFile.java:236)
	at de.uka.ilkd.key.proof.init.KeYUserProblemFile.getProfile(KeYUserProblemFile.java:216)
	at de.uka.ilkd.key.proof.io.AbstractProblemLoader.createProblemInitializer(AbstractProblemLoader.java:508)
	at de.uka.ilkd.key.proof.io.AbstractProblemLoader.loadEnvironment(AbstractProblemLoader.java:288)
	at de.uka.ilkd.key.proof.io.AbstractProblemLoader.load(AbstractProblemLoader.java:253)
	at de.uka.ilkd.key.control.AbstractUserInterfaceControl.load(AbstractUserInterfaceControl.java:209)
	... 7 more
Exception in thread "main" org.opentest4j.AssertionFailedError: Exception during the execution of proofs. See log for more details.
	at org.junit.jupiter.api.AssertionUtils.fail(AssertionUtils.java:38)
	at org.junit.jupiter.api.Assertions.fail(Assertions.java:135)
	at de.uka.ilkd.key.proof.runallproofs.proofcollection.ForkedTestFileRunner.main(ForkedTestFileRunner.java:192)
Timeout watcher launched (2000 secs.)
ANTLR Tool version 4.9.3 used for code generation does not match the current runtime version 4.12.0
 (file: /home/runner/work/key/key/key.core/../key.ui/examples/index/.././heap/model_methods/Cell_footprint_acc.key; caused by: java.lang.ExceptionInInitializerError)
	at de.uka.ilkd.key.control.AbstractUserInterfaceControl.load(AbstractUserInterfaceControl.java:221)
	at de.uka.ilkd.key.control.KeYEnvironment.load(KeYEnvironment.java:251)
	at de.uka.ilkd.key.control.KeYEnvironment.load(KeYEnvironment.java:224)
	at de.uka.ilkd.key.control.KeYEnvironment.load(KeYEnvironment.java:184)
	at de.uka.ilkd.key.control.KeYEnvironment.load(KeYEnvironment.java:261)
	at de.uka.ilkd.key.proof.runallproofs.proofcollection.TestFile.load(TestFile.java:270)
	at de.uka.ilkd.key.proof.runallproofs.proofcollection.TestFile.runKey(TestFile.java:160)
	at de.uka.ilkd.key.proof.runallproofs.proofcollection.ForkedTestFileRunner.main(ForkedTestFileRunner.java:171)
Caused by: java.lang.ExceptionInInitializerError
	at de.uka.ilkd.key.nparser.ParsingFacade.createParser(ParsingFacade.java:87)
	at de.uka.ilkd.key.nparser.ParsingFacade.parseFile(ParsingFacade.java:123)
	at de.uka.ilkd.key.proof.io.KeYFile.getParseContext(KeYFile.java:160)
	at de.uka.ilkd.key.proof.io.KeYFile.getProblemInformation(KeYFile.java:236)
	at de.uka.ilkd.key.proof.init.KeYUserProblemFile.readProfileFromFile(KeYUserProblemFile.java:236)
	at de.uka.ilkd.key.proof.init.KeYUserProblemFile.getProfile(KeYUserProblemFile.java:216)
	at de.uka.ilkd.key.proof.io.AbstractProblemLoader.createProblemInitializer(AbstractProblemLoader.java:508)
	at de.uka.ilkd.key.proof.io.AbstractProblemLoader.loadEnvironment(AbstractProblemLoader.java:288)
	at de.uka.ilkd.key.proof.io.AbstractProblemLoader.load(AbstractProblemLoader.java:253)
	at de.uka.ilkd.key.control.AbstractUserInterfaceControl.load(AbstractUserInterfaceControl.java:209)
	... 7 more
Caused by: java.lang.UnsupportedOperationException: java.io.InvalidClassException: org.antlr.v4.runtime.atn.ATN; Could not deserialize ATN with version 3 (expected 4).
	at org.antlr.v4.runtime.atn.ATNDeserializer.deserialize(ATNDeserializer.java:56)
	at org.antlr.v4.runtime.atn.ATNDeserializer.deserialize(ATNDeserializer.java:48)
	at de.uka.ilkd.key.nparser.KeYParser.<clinit>(KeYParser.java:11834)
	... 17 more
Caused by: java.io.InvalidClassException: org.antlr.v4.runtime.atn.ATN; Could not deserialize ATN with version 3 (expected 4).
	... 20 more
Could not initialize class de.uka.ilkd.key.nparser.KeYParser (file: /home/runner/work/key/key/key.core/../key.ui/examples/index/.././heap/model_methods/Cell_footprint.key; caused by: java.lang.NoClassDefFoundError: Could not initialize class de.uka.ilkd.key.nparser.KeYParser)
	at de.uka.ilkd.key.control.AbstractUserInterfaceControl.load(AbstractUserInterfaceControl.java:221)
	at de.uka.ilkd.key.control.KeYEnvironment.load(KeYEnvironment.java:251)
	at de.uka.ilkd.key.control.KeYEnvironment.load(KeYEnvironment.java:224)
	at de.uka.ilkd.key.control.KeYEnvironment.load(KeYEnvironment.java:184)
	at de.uka.ilkd.key.control.KeYEnvironment.load(KeYEnvironment.java:261)
	at de.uka.ilkd.key.proof.runallproofs.proofcollection.TestFile.load(TestFile.java:270)
	at de.uka.ilkd.key.proof.runallproofs.proofcollection.TestFile.runKey(TestFile.java:160)
	at de.uka.ilkd.key.proof.runallproofs.proofcollection.ForkedTestFileRunner.main(ForkedTestFileRunner.java:171)
Caused by: java.lang.NoClassDefFoundError: Could not initialize class de.uka.ilkd.key.nparser.KeYParser
	at de.uka.ilkd.key.nparser.ParsingFacade.createParser(ParsingFacade.java:87)
	at de.uka.ilkd.key.nparser.ParsingFacade.parseFile(ParsingFacade.java:123)
	at de.uka.ilkd.key.proof.io.KeYFile.getParseContext(KeYFile.java:160)
	at de.uka.ilkd.key.proof.io.KeYFile.getProblemInformation(KeYFile.java:236)
	at de.uka.ilkd.key.proof.init.KeYUserProblemFile.readProfileFromFile(KeYUserProblemFile.java:236)
	at de.uka.ilkd.key.proof.init.KeYUserProblemFile.getProfile(KeYUserProblemFile.java:216)
	at de.uka.ilkd.key.proof.io.AbstractProblemLoader.createProblemInitializer(AbstractProblemLoader.java:508)
	at de.uka.ilkd.key.proof.io.AbstractProblemLoader.loadEnvironment(AbstractProblemLoader.java:288)
	at de.uka.ilkd.key.proof.io.AbstractProblemLoader.load(AbstractProblemLoader.java:253)
	at de.uka.ilkd.key.control.AbstractUserInterfaceControl.load(AbstractUserInterfaceControl.java:209)
	... 7 more
Could not initialize class de.uka.ilkd.key.nparser.KeYParser (file: /home/runner/work/key/key/key.core/../key.ui/examples/index/.././heap/model_methods/Cell_get_acc.key; caused by: java.lang.NoClassDefFoundError: Could not initialize class de.uka.ilkd.key.nparser.KeYParser)
	at de.uka.ilkd.key.control.AbstractUserInterfaceControl.load(AbstractUserInterfaceControl.java:221)
	at de.uka.ilkd.key.control.KeYEnvironment.load(KeYEnvironment.java:251)
	at de.uka.ilkd.key.control.KeYEnvironment.load(KeYEnvironment.java:224)
	at de.uka.ilkd.key.control.KeYEnvironment.load(KeYEnvironment.java:184)
	at de.uka.ilkd.key.control.KeYEnvironment.load(KeYEnvironment.java:261)
	at de.uka.ilkd.key.proof.runallproofs.proofcollection.TestFile.load(TestFile.java:270)
	at de.uka.ilkd.key.proof.runallproofs.proofcollection.TestFile.runKey(TestFile.java:160)
	at de.uka.ilkd.key.proof.runallproofs.proofcollection.ForkedTestFileRunner.main(ForkedTestFileRunner.java:171)
Caused by: java.lang.NoClassDefFoundError: Could not initialize class de.uka.ilkd.key.nparser.KeYParser
	at de.uka.ilkd.key.nparser.ParsingFacade.createParser(ParsingFacade.java:87)
	at de.uka.ilkd.key.nparser.ParsingFacade.parseFile(ParsingFacade.java:123)
	at de.uka.ilkd.key.proof.io.KeYFile.getParseContext(KeYFile.java:160)
	at de.uka.ilkd.key.proof.io.KeYFile.getProblemInformation(KeYFile.java:236)
	at de.uka.ilkd.key.proof.init.KeYUserProblemFile.readProfileFromFile(KeYUserProblemFile.java:236)
	at de.uka.ilkd.key.proof.init.KeYUserProblemFile.getProfile(KeYUserProblemFile.java:216)
	at de.uka.ilkd.key.proof.io.AbstractProblemLoader.createProblemInitializer(AbstractProblemLoader.java:508)
	at de.uka.ilkd.key.proof.io.AbstractProblemLoader.loadEnvironment(AbstractProblemLoader.java:288)
	at de.uka.ilkd.key.proof.io.AbstractProblemLoader.load(AbstractProblemLoader.java:253)
	at de.uka.ilkd.key.control.AbstractUserInterfaceControl.load(AbstractUserInterfaceControl.java:209)
	... 7 more
Could not initialize class de.uka.ilkd.key.nparser.KeYParser (file: /home/runner/work/key/key/key.core/../key.ui/examples/index/.././heap/model_methods/Cell_get.key; caused by: java.lang.NoClassDefFoundError: Could not initialize class de.uka.ilkd.key.nparser.KeYParser)
	at de.uka.ilkd.key.control.AbstractUserInterfaceControl.load(AbstractUserInterfaceControl.java:221)
	at de.uka.ilkd.key.control.KeYEnvironment.load(KeYEnvironment.java:251)
	at de.uka.ilkd.key.control.KeYEnvironment.load(KeYEnvironment.java:224)
	at de.uka.ilkd.key.control.KeYEnvironment.load(KeYEnvironment.java:184)
	at de.uka.ilkd.key.control.KeYEnvironment.load(KeYEnvironment.java:261)
	at de.uka.ilkd.key.proof.runallproofs.proofcollection.TestFile.load(TestFile.java:270)
	at de.uka.ilkd.key.proof.runallproofs.proofcollection.TestFile.runKey(TestFile.java:160)
	at de.uka.ilkd.key.proof.runallproofs.proofcollection.ForkedTestFileRunner.main(ForkedTestFileRunner.java:171)
Caused by: java.lang.NoClassDefFoundError: Could not initialize class de.uka.ilkd.key.nparser.KeYParser
	at de.uka.ilkd.key.nparser.ParsingFacade.createParser(ParsingFacade.java:87)
	at de.uka.ilkd.key.nparser.ParsingFacade.parseFile(ParsingFacade.java:123)
	at de.uka.ilkd.key.proof.io.KeYFile.getParseContext(KeYFile.java:160)
	at de.uka.ilkd.key.proof.io.KeYFile.getProblemInformation(KeYFile.java:236)
	at de.uka.ilkd.key.proof.init.KeYUserProblemFile.readProfileFromFile(KeYUserProblemFile.java:236)
	at de.uka.ilkd.key.proof.init.KeYUserProblemFile.getProfile(KeYUserProblemFile.java:216)
	at de.uka.ilkd.key.proof.io.AbstractProblemLoader.createProblemInitializer(AbstractProblemLoader.java:508)
	at de.uka.ilkd.key.proof.io.AbstractProblemLoader.loadEnvironment(AbstractProblemLoader.java:288)
	at de.uka.ilkd.key.proof.io.AbstractProblemLoader.load(AbstractProblemLoader.java:253)
	at de.uka.ilkd.key.control.AbstractUserInterfaceControl.load(AbstractUserInterfaceControl.java:209)
	... 7 more
Could not initialize class de.uka.ilkd.key.nparser.KeYParser (file: /home/runner/work/key/key/key.core/../key.ui/examples/index/.././heap/model_methods/Cell_post_set.key; caused by: java.lang.NoClassDefFoundError: Could not initialize class de.uka.ilkd.key.nparser.KeYParser)
	at de.uka.ilkd.key.control.AbstractUserInterfaceControl.load(AbstractUserInterfaceControl.java:221)
	at de.uka.ilkd.key.control.KeYEnvironment.load(KeYEnvironment.java:251)
	at de.uka.ilkd.key.control.KeYEnvironment.load(KeYEnvironment.java:224)
	at de.uka.ilkd.key.control.KeYEnvironment.load(KeYEnvironment.java:184)
	at de.uka.ilkd.key.control.KeYEnvironment.load(KeYEnvironment.java:261)
	at de.uka.ilkd.key.proof.runallproofs.proofcollection.TestFile.load(TestFile.java:270)
	at de.uka.ilkd.key.proof.runallproofs.proofcollection.TestFile.runKey(TestFile.java:160)
	at de.uka.ilkd.key.proof.runallproofs.proofcollection.ForkedTestFileRunner.main(ForkedTestFileRunner.java:171)
Caused by: java.lang.NoClassDefFoundError: Could not initialize class de.uka.ilkd.key.nparser.KeYParser
	at de.uka.ilkd.key.nparser.ParsingFacade.createParser(ParsingFacade.java:87)
	at de.uka.ilkd.key.nparser.ParsingFacade.parseFile(ParsingFacade.java:123)
	at de.uka.ilkd.key.proof.io.KeYFile.getParseContext(KeYFile.java:160)
	at de.uka.ilkd.key.proof.io.KeYFile.getProblemInformation(KeYFile.java:236)
	at de.uka.ilkd.key.proof.init.KeYUserProblemFile.readProfileFromFile(KeYUserProblemFile.java:236)
	at de.uka.ilkd.key.proof.init.KeYUserProblemFile.getProfile(KeYUserProblemFile.java:216)
	at de.uka.ilkd.key.proof.io.AbstractProblemLoader.createProblemInitializer(AbstractProblemLoader.java:508)
	at de.uka.ilkd.key.proof.io.AbstractProblemLoader.loadEnvironment(AbstractProblemLoader.java:288)
	at de.uka.ilkd.key.proof.io.AbstractProblemLoader.load(AbstractProblemLoader.java:253)
	at de.uka.ilkd.key.control.AbstractUserInterfaceControl.load(AbstractUserInterfaceControl.java:209)
	... 7 more
Could not initialize class de.uka.ilkd.key.nparser.KeYParser (file: /home/runner/work/key/key/key.core/../key.ui/examples/index/.././heap/model_methods/Cell_set.key; caused by: java.lang.NoClassDefFoundError: Could not initialize class de.uka.ilkd.key.nparser.KeYParser)
	at de.uka.ilkd.key.control.AbstractUserInterfaceControl.load(AbstractUserInterfaceControl.java:221)
	at de.uka.ilkd.key.control.KeYEnvironment.load(KeYEnvironment.java:251)
	at de.uka.ilkd.key.control.KeYEnvironment.load(KeYEnvironment.java:224)
	at de.uka.ilkd.key.control.KeYEnvironment.load(KeYEnvironment.java:184)
	at de.uka.ilkd.key.control.KeYEnvironment.load(KeYEnvironment.java:261)
	at de.uka.ilkd.key.proof.runallproofs.proofcollection.TestFile.load(TestFile.java:270)
	at de.uka.ilkd.key.proof.runallproofs.proofcollection.TestFile.runKey(TestFile.java:160)
	at de.uka.ilkd.key.proof.runallproofs.proofcollection.ForkedTestFileRunner.main(ForkedTestFileRunner.java:171)
Caused by: java.lang.NoClassDefFoundError: Could not initialize class de.uka.ilkd.key.nparser.KeYParser
	at de.uka.ilkd.key.nparser.ParsingFacade.createParser(ParsingFacade.java:87)
	at de.uka.ilkd.key.nparser.ParsingFacade.parseFile(ParsingFacade.java:123)
	at de.uka.ilkd.key.proof.io.KeYFile.getParseContext(KeYFile.java:160)
	at de.uka.ilkd.key.proof.io.KeYFile.getProblemInformation(KeYFile.java:236)
	at de.uka.ilkd.key.proof.init.KeYUserProblemFile.readProfileFromFile(KeYUserProblemFile.java:236)
	at de.uka.ilkd.key.proof.init.KeYUserProblemFile.getProfile(KeYUserProblemFile.java:216)
	at de.uka.ilkd.key.proof.io.AbstractProblemLoader.createProblemInitializer(AbstractProblemLoader.java:508)
	at de.uka.ilkd.key.proof.io.AbstractProblemLoader.loadEnvironment(AbstractProblemLoader.java:288)
	at de.uka.ilkd.key.proof.io.AbstractProblemLoader.load(AbstractProblemLoader.java:253)
	at de.uka.ilkd.key.control.AbstractUserInterfaceControl.load(AbstractUserInterfaceControl.java:209)
	... 7 more
Could not initialize class de.uka.ilkd.key.nparser.KeYParser (file: /home/runner/work/key/key/key.core/../key.ui/examples/index/.././heap/model_methods/CellTest_callSet.key; caused by: java.lang.NoClassDefFoundError: Could not initialize class de.uka.ilkd.key.nparser.KeYParser)
	at de.uka.ilkd.key.control.AbstractUserInterfaceControl.load(AbstractUserInterfaceControl.java:221)
	at de.uka.ilkd.key.control.KeYEnvironment.load(KeYEnvironment.java:251)
	at de.uka.ilkd.key.control.KeYEnvironment.load(KeYEnvironment.java:224)
	at de.uka.ilkd.key.control.KeYEnvironment.load(KeYEnvironment.java:184)
	at de.uka.ilkd.key.control.KeYEnvironment.load(KeYEnvironment.java:261)
	at de.uka.ilkd.key.proof.runallproofs.proofcollection.TestFile.load(TestFile.java:270)
	at de.uka.ilkd.key.proof.runallproofs.proofcollection.TestFile.runKey(TestFile.java:160)
	at de.uka.ilkd.key.proof.runallproofs.proofcollection.ForkedTestFileRunner.main(ForkedTestFileRunner.java:171)
Caused by: java.lang.NoClassDefFoundError: Could not initialize class de.uka.ilkd.key.nparser.KeYParser
	at de.uka.ilkd.key.nparser.ParsingFacade.createParser(ParsingFacade.java:87)
	at de.uka.ilkd.key.nparser.ParsingFacade.parseFile(ParsingFacade.java:123)
	at de.uka.ilkd.key.proof.io.KeYFile.getParseContext(KeYFile.java:160)
	at de.uka.ilkd.key.proof.io.KeYFile.getProblemInformation(KeYFile.java:236)
	at de.uka.ilkd.key.proof.init.KeYUserProblemFile.readProfileFromFile(KeYUserProblemFile.java:236)
	at de.uka.ilkd.key.proof.init.KeYUserProblemFile.getProfile(KeYUserProblemFile.java:216)
	at de.uka.ilkd.key.proof.io.AbstractProblemLoader.createProblemInitializer(AbstractProblemLoader.java:508)
	at de.uka.ilkd.key.proof.io.AbstractProblemLoader.loadEnvironment(AbstractProblemLoader.java:288)
	at de.uka.ilkd.key.proof.io.AbstractProblemLoader.load(AbstractProblemLoader.java:253)
	at de.uka.ilkd.key.control.AbstractUserInterfaceControl.load(AbstractUserInterfaceControl.java:209)
	... 7 more
Could not initialize class de.uka.ilkd.key.nparser.KeYParser (file: /home/runner/work/key/key/key.core/../key.ui/examples/index/.././heap/model_methods/CellTest_test2.key; caused by: java.lang.NoClassDefFoundError: Could not initialize class de.uka.ilkd.key.nparser.KeYParser)
	at de.uka.ilkd.key.control.AbstractUserInterfaceControl.load(AbstractUserInterfaceControl.java:221)
	at de.uka.ilkd.key.control.KeYEnvironment.load(KeYEnvironment.java:251)
	at de.uka.ilkd.key.control.KeYEnvironment.load(KeYEnvironment.java:224)
	at de.uka.ilkd.key.control.KeYEnvironment.load(KeYEnvironment.java:184)
	at de.uka.ilkd.key.control.KeYEnvironment.load(KeYEnvironment.java:261)
	at de.uka.ilkd.key.proof.runallproofs.proofcollection.TestFile.load(TestFile.java:270)
	at de.uka.ilkd.key.proof.runallproofs.proofcollection.TestFile.runKey(TestFile.java:160)
	at de.uka.ilkd.key.proof.runallproofs.proofcollection.ForkedTestFileRunner.main(ForkedTestFileRunner.java:171)
Caused by: java.lang.NoClassDefFoundError: Could not initialize class de.uka.ilkd.key.nparser.KeYParser
	at de.uka.ilkd.key.nparser.ParsingFacade.createParser(ParsingFacade.java:87)
	at de.uka.ilkd.key.nparser.ParsingFacade.parseFile(ParsingFacade.java:123)
	at de.uka.ilkd.key.proof.io.KeYFile.getParseContext(KeYFile.java:160)
	at de.uka.ilkd.key.proof.io.KeYFile.getProblemInformation(KeYFile.java:236)
	at de.uka.ilkd.key.proof.init.KeYUserProblemFile.readProfileFromFile(KeYUserProblemFile.java:236)
	at de.uka.ilkd.key.proof.init.KeYUserProblemFile.getProfile(KeYUserProblemFile.java:216)
	at de.uka.ilkd.key.proof.io.AbstractProblemLoader.createProblemInitializer(AbstractProblemLoader.java:508)
	at de.uka.ilkd.key.proof.io.AbstractProblemLoader.loadEnvironment(AbstractProblemLoader.java:288)
	at de.uka.ilkd.key.proof.io.AbstractProblemLoader.load(AbstractProblemLoader.java:253)
	at de.uka.ilkd.key.control.AbstractUserInterfaceControl.load(AbstractUserInterfaceControl.java:209)
	... 7 more
Could not initialize class de.uka.ilkd.key.nparser.KeYParser (file: /home/runner/work/key/key/key.core/../key.ui/examples/index/.././heap/model_methods/CellTest_test.key; caused by: java.lang.NoClassDefFoundError: Could not initialize class de.uka.ilkd.key.nparser.KeYParser)
	at de.uka.ilkd.key.control.AbstractUserInterfaceControl.load(AbstractUserInterfaceControl.java:221)
	at de.uka.ilkd.key.control.KeYEnvironment.load(KeYEnvironment.java:251)
	at de.uka.ilkd.key.control.KeYEnvironment.load(KeYEnvironment.java:224)
	at de.uka.ilkd.key.control.KeYEnvironment.load(KeYEnvironment.java:184)
	at de.uka.ilkd.key.control.KeYEnvironment.load(KeYEnvironment.java:261)
	at de.uka.ilkd.key.proof.runallproofs.proofcollection.TestFile.load(TestFile.java:270)
	at de.uka.ilkd.key.proof.runallproofs.proofcollection.TestFile.runKey(TestFile.java:160)
	at de.uka.ilkd.key.proof.runallproofs.proofcollection.ForkedTestFileRunner.main(ForkedTestFileRunner.java:171)
Caused by: java.lang.NoClassDefFoundError: Could not initialize class de.uka.ilkd.key.nparser.KeYParser
	at de.uka.ilkd.key.nparser.ParsingFacade.createParser(ParsingFacade.java:87)
	at de.uka.ilkd.key.nparser.ParsingFacade.parseFile(ParsingFacade.java:123)
	at de.uka.ilkd.key.proof.io.KeYFile.getParseContext(KeYFile.java:160)
	at de.uka.ilkd.key.proof.io.KeYFile.getProblemInformation(KeYFile.java:236)
	at de.uka.ilkd.key.proof.init.KeYUserProblemFile.readProfileFromFile(KeYUserProblemFile.java:236)
	at de.uka.ilkd.key.proof.init.KeYUserProblemFile.getProfile(KeYUserProblemFile.java:216)
	at de.uka.ilkd.key.proof.io.AbstractProblemLoader.createProblemInitializer(AbstractProblemLoader.java:508)
	at de.uka.ilkd.key.proof.io.AbstractProblemLoader.loadEnvironment(AbstractProblemLoader.java:288)
	at de.uka.ilkd.key.proof.io.AbstractProblemLoader.load(AbstractProblemLoader.java:253)
	at de.uka.ilkd.key.control.AbstractUserInterfaceControl.load(AbstractUserInterfaceControl.java:209)
	... 7 more
Could not initialize class de.uka.ilkd.key.nparser.KeYParser (file: /home/runner/work/key/key/key.core/../key.ui/examples/index/.././heap/model_methods/Coll1_add.key; caused by: java.lang.NoClassDefFoundError: Could not initialize class de.uka.ilkd.key.nparser.KeYParser)
	at de.uka.ilkd.key.control.AbstractUserInterfaceControl.load(AbstractUserInterfaceControl.java:221)
	at de.uka.ilkd.key.control.KeYEnvironment.load(KeYEnvironment.java:251)
	at de.uka.ilkd.key.control.KeYEnvironment.load(KeYEnvironment.java:224)
	at de.uka.ilkd.key.control.KeYEnvironment.load(KeYEnvironment.java:184)
	at de.uka.ilkd.key.control.KeYEnvironment.load(KeYEnvironment.java:261)
	at de.uka.ilkd.key.proof.runallproofs.proofcollection.TestFile.load(TestFile.java:270)
	at de.uka.ilkd.key.proof.runallproofs.proofcollection.TestFile.runKey(TestFile.java:160)
	at de.uka.ilkd.key.proof.runallproofs.proofcollection.ForkedTestFileRunner.main(ForkedTestFileRunner.java:171)
Caused by: java.lang.NoClassDefFoundError: Could not initialize class de.uka.ilkd.key.nparser.KeYParser
	at de.uka.ilkd.key.nparser.ParsingFacade.createParser(ParsingFacade.java:87)
	at de.uka.ilkd.key.nparser.ParsingFacade.parseFile(ParsingFacade.java:123)
	at de.uka.ilkd.key.proof.io.KeYFile.getParseContext(KeYFile.java:160)
	at de.uka.ilkd.key.proof.io.KeYFile.getProblemInformation(KeYFile.java:236)
	at de.uka.ilkd.key.proof.init.KeYUserProblemFile.readProfileFromFile(KeYUserProblemFile.java:236)
	at de.uka.ilkd.key.proof.init.KeYUserProblemFile.getProfile(KeYUserProblemFile.java:216)
	at de.uka.ilkd.key.proof.io.AbstractProblemLoader.createProblemInitializer(AbstractProblemLoader.java:508)
	at de.uka.ilkd.key.proof.io.AbstractProblemLoader.loadEnvironment(AbstractProblemLoader.java:288)
	at de.uka.ilkd.key.proof.io.AbstractProblemLoader.load(AbstractProblemLoader.java:253)
	at de.uka.ilkd.key.control.AbstractUserInterfaceControl.load(AbstractUserInterfaceControl.java:209)
	... 7 more
Could not initialize class de.uka.ilkd.key.nparser.KeYParser (file: /home/runner/work/key/key/key.core/../key.ui/examples/index/.././heap/model_methods/Coll1_Coll1_add_pre.key; caused by: java.lang.NoClassDefFoundError: Could not initialize class de.uka.ilkd.key.nparser.KeYParser)
	at de.uka.ilkd.key.control.AbstractUserInterfaceControl.load(AbstractUserInterfaceControl.java:221)
	at de.uka.ilkd.key.control.KeYEnvironment.load(KeYEnvironment.java:251)
	at de.uka.ilkd.key.control.KeYEnvironment.load(KeYEnvironment.java:224)
	at de.uka.ilkd.key.control.KeYEnvironment.load(KeYEnvironment.java:184)
	at de.uka.ilkd.key.control.KeYEnvironment.load(KeYEnvironment.java:261)
	at de.uka.ilkd.key.proof.runallproofs.proofcollection.TestFile.load(TestFile.java:270)
	at de.uka.ilkd.key.proof.runallproofs.proofcollection.TestFile.runKey(TestFile.java:160)
	at de.uka.ilkd.key.proof.runallproofs.proofcollection.ForkedTestFileRunner.main(ForkedTestFileRunner.java:171)
Caused by: java.lang.NoClassDefFoundError: Could not initialize class de.uka.ilkd.key.nparser.KeYParser
	at de.uka.ilkd.key.nparser.ParsingFacade.createParser(ParsingFacade.java:87)
	at de.uka.ilkd.key.nparser.ParsingFacade.parseFile(ParsingFacade.java:123)
	at de.uka.ilkd.key.proof.io.KeYFile.getParseContext(KeYFile.java:160)
	at de.uka.ilkd.key.proof.io.KeYFile.getProblemInformation(KeYFile.java:236)
	at de.uka.ilkd.key.proof.init.KeYUserProblemFile.readProfileFromFile(KeYUserProblemFile.java:236)
	at de.uka.ilkd.key.proof.init.KeYUserProblemFile.getProfile(KeYUserProblemFile.java:216)
	at de.uka.ilkd.key.proof.io.AbstractProblemLoader.createProblemInitializer(AbstractProblemLoader.java:508)
	at de.uka.ilkd.key.proof.io.AbstractProblemLoader.loadEnvironment(AbstractProblemLoader.java:288)
	at de.uka.ilkd.key.proof.io.AbstractProblemLoader.load(AbstractProblemLoader.java:253)
	at de.uka.ilkd.key.control.AbstractUserInterfaceControl.load(AbstractUserInterfaceControl.java:209)
	... 7 more
Could not initialize class de.uka.ilkd.key.nparser.KeYParser (file: /home/runner/work/key/key/key.core/../key.ui/examples/index/.././heap/model_methods/Coll1_Coll_add_pre.key; caused by: java.lang.NoClassDefFoundError: Could not initialize class de.uka.ilkd.key.nparser.KeYParser)
	at de.uka.ilkd.key.control.AbstractUserInterfaceControl.load(AbstractUserInterfaceControl.java:221)
	at de.uka.ilkd.key.control.KeYEnvironment.load(KeYEnvironment.java:251)
	at de.uka.ilkd.key.control.KeYEnvironment.load(KeYEnvironment.java:224)
	at de.uka.ilkd.key.control.KeYEnvironment.load(KeYEnvironment.java:184)
	at de.uka.ilkd.key.control.KeYEnvironment.load(KeYEnvironment.java:261)
	at de.uka.ilkd.key.proof.runallproofs.proofcollection.TestFile.load(TestFile.java:270)
	at de.uka.ilkd.key.proof.runallproofs.proofcollection.TestFile.runKey(TestFile.java:160)
	at de.uka.ilkd.key.proof.runallproofs.proofcollection.ForkedTestFileRunner.main(ForkedTestFileRunner.java:171)
Caused by: java.lang.NoClassDefFoundError: Could not initialize class de.uka.ilkd.key.nparser.KeYParser
	at de.uka.ilkd.key.nparser.ParsingFacade.createParser(ParsingFacade.java:87)
	at de.uka.ilkd.key.nparser.ParsingFacade.parseFile(ParsingFacade.java:123)
	at de.uka.ilkd.key.proof.io.KeYFile.getParseContext(KeYFile.java:160)
	at de.uka.ilkd.key.proof.io.KeYFile.getProblemInformation(KeYFile.java:236)
	at de.uka.ilkd.key.proof.init.KeYUserProblemFile.readProfileFromFile(KeYUserProblemFile.java:236)
	at de.uka.ilkd.key.proof.init.KeYUserProblemFile.getProfile(KeYUserProblemFile.java:216)
	at de.uka.ilkd.key.proof.io.AbstractProblemLoader.createProblemInitializer(AbstractProblemLoader.java:508)
	at de.uka.ilkd.key.proof.io.AbstractProblemLoader.loadEnvironment(AbstractProblemLoader.java:288)
	at de.uka.ilkd.key.proof.io.AbstractProblemLoader.load(AbstractProblemLoader.java:253)
	at de.uka.ilkd.key.control.AbstractUserInterfaceControl.load(AbstractUserInterfaceControl.java:209)
	... 7 more
Could not initialize class de.uka.ilkd.key.nparser.KeYParser (file: /home/runner/work/key/key/key.core/../key.ui/examples/index/.././heap/model_methods/Coll2_add.key; caused by: java.lang.NoClassDefFoundError: Could not initialize class de.uka.ilkd.key.nparser.KeYParser)
	at de.uka.ilkd.key.control.AbstractUserInterfaceControl.load(AbstractUserInterfaceControl.java:221)
	at de.uka.ilkd.key.control.KeYEnvironment.load(KeYEnvironment.java:251)
	at de.uka.ilkd.key.control.KeYEnvironment.load(KeYEnvironment.java:224)
	at de.uka.ilkd.key.control.KeYEnvironment.load(KeYEnvironment.java:184)
	at de.uka.ilkd.key.control.KeYEnvironment.load(KeYEnvironment.java:261)
	at de.uka.ilkd.key.proof.runallproofs.proofcollection.TestFile.load(TestFile.java:270)
	at de.uka.ilkd.key.proof.runallproofs.proofcollection.TestFile.runKey(TestFile.java:160)
	at de.uka.ilkd.key.proof.runallproofs.proofcollection.ForkedTestFileRunner.main(ForkedTestFileRunner.java:171)
Caused by: java.lang.NoClassDefFoundError: Could not initialize class de.uka.ilkd.key.nparser.KeYParser
	at de.uka.ilkd.key.nparser.ParsingFacade.createParser(ParsingFacade.java:87)
	at de.uka.ilkd.key.nparser.ParsingFacade.parseFile(ParsingFacade.java:123)
	at de.uka.ilkd.key.proof.io.KeYFile.getParseContext(KeYFile.java:160)
	at de.uka.ilkd.key.proof.io.KeYFile.getProblemInformation(KeYFile.java:236)
	at de.uka.ilkd.key.proof.init.KeYUserProblemFile.readProfileFromFile(KeYUserProblemFile.java:236)
	at de.uka.ilkd.key.proof.init.KeYUserProblemFile.getProfile(KeYUserProblemFile.java:216)
	at de.uka.ilkd.key.proof.io.AbstractProblemLoader.createProblemInitializer(AbstractProblemLoader.java:508)
	at de.uka.ilkd.key.proof.io.AbstractProblemLoader.loadEnvironment(AbstractProblemLoader.java:288)
	at de.uka.ilkd.key.proof.io.AbstractProblemLoader.load(AbstractProblemLoader.java:253)
	at de.uka.ilkd.key.control.AbstractUserInterfaceControl.load(AbstractUserInterfaceControl.java:209)
	... 7 more
Could not initialize class de.uka.ilkd.key.nparser.KeYParser (file: /home/runner/work/key/key/key.core/../key.ui/examples/index/.././heap/model_methods/Coll2_Coll2_add_pre.key; caused by: java.lang.NoClassDefFoundError: Could not initialize class de.uka.ilkd.key.nparser.KeYParser)
	at de.uka.ilkd.key.control.AbstractUserInterfaceControl.load(AbstractUserInterfaceControl.java:221)
	at de.uka.ilkd.key.control.KeYEnvironment.load(KeYEnvironment.java:251)
	at de.uka.ilkd.key.control.KeYEnvironment.load(KeYEnvironment.java:224)
	at de.uka.ilkd.key.control.KeYEnvironment.load(KeYEnvironment.java:184)
	at de.uka.ilkd.key.control.KeYEnvironment.load(KeYEnvironment.java:261)
	at de.uka.ilkd.key.proof.runallproofs.proofcollection.TestFile.load(TestFile.java:270)
	at de.uka.ilkd.key.proof.runallproofs.proofcollection.TestFile.runKey(TestFile.java:160)
	at de.uka.ilkd.key.proof.runallproofs.proofcollection.ForkedTestFileRunner.main(ForkedTestFileRunner.java:171)
Caused by: java.lang.NoClassDefFoundError: Could not initialize class de.uka.ilkd.key.nparser.KeYParser
	at de.uka.ilkd.key.nparser.ParsingFacade.createParser(ParsingFacade.java:87)
	at de.uka.ilkd.key.nparser.ParsingFacade.parseFile(ParsingFacade.java:123)
	at de.uka.ilkd.key.proof.io.KeYFile.getParseContext(KeYFile.java:160)
	at de.uka.ilkd.key.proof.io.KeYFile.getProblemInformation(KeYFile.java:236)
	at de.uka.ilkd.key.proof.init.KeYUserProblemFile.readProfileFromFile(KeYUserProblemFile.java:236)
	at de.uka.ilkd.key.proof.init.KeYUserProblemFile.getProfile(KeYUserProblemFile.java:216)
	at de.uka.ilkd.key.proof.io.AbstractProblemLoader.createProblemInitializer(AbstractProblemLoader.java:508)
	at de.uka.ilkd.key.proof.io.AbstractProblemLoader.loadEnvironment(AbstractProblemLoader.java:288)
	at de.uka.ilkd.key.proof.io.AbstractProblemLoader.load(AbstractProblemLoader.java:253)
	at de.uka.ilkd.key.control.AbstractUserInterfaceControl.load(AbstractUserInterfaceControl.java:209)
	... 7 more
Could not initialize class de.uka.ilkd.key.nparser.KeYParser (file: /home/runner/work/key/key/key.core/../key.ui/examples/index/.././heap/model_methods/Coll2_Coll_add_pre.key; caused by: java.lang.NoClassDefFoundError: Could not initialize class de.uka.ilkd.key.nparser.KeYParser)
	at de.uka.ilkd.key.control.AbstractUserInterfaceControl.load(AbstractUserInterfaceControl.java:221)
	at de.uka.ilkd.key.control.KeYEnvironment.load(KeYEnvironment.java:251)
	at de.uka.ilkd.key.control.KeYEnvironment.load(KeYEnvironment.java:224)
	at de.uka.ilkd.key.control.KeYEnvironment.load(KeYEnvironment.java:184)
	at de.uka.ilkd.key.control.KeYEnvironment.load(KeYEnvironment.java:261)
	at de.uka.ilkd.key.proof.runallproofs.proofcollection.TestFile.load(TestFile.java:270)
	at de.uka.ilkd.key.proof.runallproofs.proofcollection.TestFile.runKey(TestFile.java:160)
	at de.uka.ilkd.key.proof.runallproofs.proofcollection.ForkedTestFileRunner.main(ForkedTestFileRunner.java:171)
Caused by: java.lang.NoClassDefFoundError: Could not initialize class de.uka.ilkd.key.nparser.KeYParser
	at de.uka.ilkd.key.nparser.ParsingFacade.createParser(ParsingFacade.java:87)
	at de.uka.ilkd.key.nparser.ParsingFacade.parseFile(ParsingFacade.java:123)
	at de.uka.ilkd.key.proof.io.KeYFile.getParseContext(KeYFile.java:160)
	at de.uka.ilkd.key.proof.io.KeYFile.getProblemInformation(KeYFile.java:236)
	at de.uka.ilkd.key.proof.init.KeYUserProblemFile.readProfileFromFile(KeYUserProblemFile.java:236)
	at de.uka.ilkd.key.proof.init.KeYUserProblemFile.getProfile(KeYUserProblemFile.java:216)
	at de.uka.ilkd.key.proof.io.AbstractProblemLoader.createProblemInitializer(AbstractProblemLoader.java:508)
	at de.uka.ilkd.key.proof.io.AbstractProblemLoader.loadEnvironment(AbstractProblemLoader.java:288)
	at de.uka.ilkd.key.proof.io.AbstractProblemLoader.load(AbstractProblemLoader.java:253)
	at de.uka.ilkd.key.control.AbstractUserInterfaceControl.load(AbstractUserInterfaceControl.java:209)
	... 7 more
Could not initialize class de.uka.ilkd.key.nparser.KeYParser (file: /home/runner/work/key/key/key.core/../key.ui/examples/index/.././heap/model_methods/Coll_add.key; caused by: java.lang.NoClassDefFoundError: Could not initialize class de.uka.ilkd.key.nparser.KeYParser)
	at de.uka.ilkd.key.control.AbstractUserInterfaceControl.load(AbstractUserInterfaceControl.java:221)
	at de.uka.ilkd.key.control.KeYEnvironment.load(KeYEnvironment.java:251)
	at de.uka.ilkd.key.control.KeYEnvironment.load(KeYEnvironment.java:224)
	at de.uka.ilkd.key.control.KeYEnvironment.load(KeYEnvironment.java:184)
	at de.uka.ilkd.key.control.KeYEnvironment.load(KeYEnvironment.java:261)
	at de.uka.ilkd.key.proof.runallproofs.proofcollection.TestFile.load(TestFile.java:270)
	at de.uka.ilkd.key.proof.runallproofs.proofcollection.TestFile.runKey(TestFile.java:160)
	at de.uka.ilkd.key.proof.runallproofs.proofcollection.ForkedTestFileRunner.main(ForkedTestFileRunner.java:171)
Caused by: java.lang.NoClassDefFoundError: Could not initialize class de.uka.ilkd.key.nparser.KeYParser
	at de.uka.ilkd.key.nparser.ParsingFacade.createParser(ParsingFacade.java:87)
	at de.uka.ilkd.key.nparser.ParsingFacade.parseFile(ParsingFacade.java:123)
	at de.uka.ilkd.key.proof.io.KeYFile.getParseContext(KeYFile.java:160)
	at de.uka.ilkd.key.proof.io.KeYFile.getProblemInformation(KeYFile.java:236)
	at de.uka.ilkd.key.proof.init.KeYUserProblemFile.readProfileFromFile(KeYUserProblemFile.java:236)
	at de.uka.ilkd.key.proof.init.KeYUserProblemFile.getProfile(KeYUserProblemFile.java:216)
	at de.uka.ilkd.key.proof.io.AbstractProblemLoader.createProblemInitializer(AbstractProblemLoader.java:508)
	at de.uka.ilkd.key.proof.io.AbstractProblemLoader.loadEnvironment(AbstractProblemLoader.java:288)
	at de.uka.ilkd.key.proof.io.AbstractProblemLoader.load(AbstractProblemLoader.java:253)
	at de.uka.ilkd.key.control.AbstractUserInterfaceControl.load(AbstractUserInterfaceControl.java:209)
	... 7 more
Could not initialize class de.uka.ilkd.key.nparser.KeYParser (file: /home/runner/work/key/key/key.core/../key.ui/examples/index/.././heap/model_methods/Coll_add_pre.key; caused by: java.lang.NoClassDefFoundError: Could not initialize class de.uka.ilkd.key.nparser.KeYParser)
	at de.uka.ilkd.key.control.AbstractUserInterfaceControl.load(AbstractUserInterfaceControl.java:221)
	at de.uka.ilkd.key.control.KeYEnvironment.load(KeYEnvironment.java:251)
	at de.uka.ilkd.key.control.KeYEnvironment.load(KeYEnvironment.java:224)
	at de.uka.ilkd.key.control.KeYEnvironment.load(KeYEnvironment.java:184)
	at de.uka.ilkd.key.control.KeYEnvironment.load(KeYEnvironment.java:261)
	at de.uka.ilkd.key.proof.runallproofs.proofcollection.TestFile.load(TestFile.java:270)
	at de.uka.ilkd.key.proof.runallproofs.proofcollection.TestFile.runKey(TestFile.java:160)
	at de.uka.ilkd.key.proof.runallproofs.proofcollection.ForkedTestFileRunner.main(ForkedTestFileRunner.java:171)
Caused by: java.lang.NoClassDefFoundError: Could not initialize class de.uka.ilkd.key.nparser.KeYParser
	at de.uka.ilkd.key.nparser.ParsingFacade.createParser(ParsingFacade.java:87)
	at de.uka.ilkd.key.nparser.ParsingFacade.parseFile(ParsingFacade.java:123)
	at de.uka.ilkd.key.proof.io.KeYFile.getParseContext(KeYFile.java:160)
	at de.uka.ilkd.key.proof.io.KeYFile.getProblemInformation(KeYFile.java:236)
	at de.uka.ilkd.key.proof.init.KeYUserProblemFile.readProfileFromFile(KeYUserProblemFile.java:236)
	at de.uka.ilkd.key.proof.init.KeYUserProblemFile.getProfile(KeYUserProblemFile.java:216)
	at de.uka.ilkd.key.proof.io.AbstractProblemLoader.createProblemInitializer(AbstractProblemLoader.java:508)
	at de.uka.ilkd.key.proof.io.AbstractProblemLoader.loadEnvironment(AbstractProblemLoader.java:288)
	at de.uka.ilkd.key.proof.io.AbstractProblemLoader.load(AbstractProblemLoader.java:253)
	at de.uka.ilkd.key.control.AbstractUserInterfaceControl.load(AbstractUserInterfaceControl.java:209)
	... 7 more
Could not initialize class de.uka.ilkd.key.nparser.KeYParser (file: /home/runner/work/key/key/key.core/../key.ui/examples/index/.././heap/model_methods/Indirect_callAdd.key; caused by: java.lang.NoClassDefFoundError: Could not initialize class de.uka.ilkd.key.nparser.KeYParser)
	at de.uka.ilkd.key.control.AbstractUserInterfaceControl.load(AbstractUserInterfaceControl.java:221)
	at de.uka.ilkd.key.control.KeYEnvironment.load(KeYEnvironment.java:251)
	at de.uka.ilkd.key.control.KeYEnvironment.load(KeYEnvironment.java:224)
	at de.uka.ilkd.key.control.KeYEnvironment.load(KeYEnvironment.java:184)
	at de.uka.ilkd.key.control.KeYEnvironment.load(KeYEnvironment.java:261)
	at de.uka.ilkd.key.proof.runallproofs.proofcollection.TestFile.load(TestFile.java:270)
	at de.uka.ilkd.key.proof.runallproofs.proofcollection.TestFile.runKey(TestFile.java:160)
	at de.uka.ilkd.key.proof.runallproofs.proofcollection.ForkedTestFileRunner.main(ForkedTestFileRunner.java:171)
Caused by: java.lang.NoClassDefFoundError: Could not initialize class de.uka.ilkd.key.nparser.KeYParser
	at de.uka.ilkd.key.nparser.ParsingFacade.createParser(ParsingFacade.java:87)
	at de.uka.ilkd.key.nparser.ParsingFacade.parseFile(ParsingFacade.java:123)
	at de.uka.ilkd.key.proof.io.KeYFile.getParseContext(KeYFile.java:160)
	at de.uka.ilkd.key.proof.io.KeYFile.getProblemInformation(KeYFile.java:236)
	at de.uka.ilkd.key.proof.init.KeYUserProblemFile.readProfileFromFile(KeYUserProblemFile.java:236)
	at de.uka.ilkd.key.proof.init.KeYUserProblemFile.getProfile(KeYUserProblemFile.java:216)
	at de.uka.ilkd.key.proof.io.AbstractProblemLoader.createProblemInitializer(AbstractProblemLoader.java:508)
	at de.uka.ilkd.key.proof.io.AbstractProblemLoader.loadEnvironment(AbstractProblemLoader.java:288)
	at de.uka.ilkd.key.proof.io.AbstractProblemLoader.load(AbstractProblemLoader.java:253)
	at de.uka.ilkd.key.control.AbstractUserInterfaceControl.load(AbstractUserInterfaceControl.java:209)
	... 7 more
Could not initialize class de.uka.ilkd.key.nparser.KeYParser (file: /home/runner/work/key/key/key.core/../key.ui/examples/index/.././heap/model_methods/Indirect_test.key; caused by: java.lang.NoClassDefFoundError: Could not initialize class de.uka.ilkd.key.nparser.KeYParser)
	at de.uka.ilkd.key.control.AbstractUserInterfaceControl.load(AbstractUserInterfaceControl.java:221)
	at de.uka.ilkd.key.control.KeYEnvironment.load(KeYEnvironment.java:251)
	at de.uka.ilkd.key.control.KeYEnvironment.load(KeYEnvironment.java:224)
	at de.uka.ilkd.key.control.KeYEnvironment.load(KeYEnvironment.java:184)
	at de.uka.ilkd.key.control.KeYEnvironment.load(KeYEnvironment.java:261)
	at de.uka.ilkd.key.proof.runallproofs.proofcollection.TestFile.load(TestFile.java:270)
	at de.uka.ilkd.key.proof.runallproofs.proofcollection.TestFile.runKey(TestFile.java:160)
	at de.uka.ilkd.key.proof.runallproofs.proofcollection.ForkedTestFileRunner.main(ForkedTestFileRunner.java:171)
Caused by: java.lang.NoClassDefFoundError: Could not initialize class de.uka.ilkd.key.nparser.KeYParser
	at de.uka.ilkd.key.nparser.ParsingFacade.createParser(ParsingFacade.java:87)
	at de.uka.ilkd.key.nparser.ParsingFacade.parseFile(ParsingFacade.java:123)
	at de.uka.ilkd.key.proof.io.KeYFile.getParseContext(KeYFile.java:160)
	at de.uka.ilkd.key.proof.io.KeYFile.getProblemInformation(KeYFile.java:236)
	at de.uka.ilkd.key.proof.init.KeYUserProblemFile.readProfileFromFile(KeYUserProblemFile.java:236)
	at de.uka.ilkd.key.proof.init.KeYUserProblemFile.getProfile(KeYUserProblemFile.java:216)
	at de.uka.ilkd.key.proof.io.AbstractProblemLoader.createProblemInitializer(AbstractProblemLoader.java:508)
	at de.uka.ilkd.key.proof.io.AbstractProblemLoader.loadEnvironment(AbstractProblemLoader.java:288)
	at de.uka.ilkd.key.proof.io.AbstractProblemLoader.load(AbstractProblemLoader.java:253)
	at de.uka.ilkd.key.control.AbstractUserInterfaceControl.load(AbstractUserInterfaceControl.java:209)
	... 7 more
Could not initialize class de.uka.ilkd.key.nparser.KeYParser (file: /home/runner/work/key/key/key.core/../key.ui/examples/index/.././heap/model_methods/Recell_Cell_footprint.key; caused by: java.lang.NoClassDefFoundError: Could not initialize class de.uka.ilkd.key.nparser.KeYParser)
	at de.uka.ilkd.key.control.AbstractUserInterfaceControl.load(AbstractUserInterfaceControl.java:221)
	at de.uka.ilkd.key.control.KeYEnvironment.load(KeYEnvironment.java:251)
	at de.uka.ilkd.key.control.KeYEnvironment.load(KeYEnvironment.java:224)
	at de.uka.ilkd.key.control.KeYEnvironment.load(KeYEnvironment.java:184)
	at de.uka.ilkd.key.control.KeYEnvironment.load(KeYEnvironment.java:261)
	at de.uka.ilkd.key.proof.runallproofs.proofcollection.TestFile.load(TestFile.java:270)
	at de.uka.ilkd.key.proof.runallproofs.proofcollection.TestFile.runKey(TestFile.java:160)
	at de.uka.ilkd.key.proof.runallproofs.proofcollection.ForkedTestFileRunner.main(ForkedTestFileRunner.java:171)
Caused by: java.lang.NoClassDefFoundError: Could not initialize class de.uka.ilkd.key.nparser.KeYParser
	at de.uka.ilkd.key.nparser.ParsingFacade.createParser(ParsingFacade.java:87)
	at de.uka.ilkd.key.nparser.ParsingFacade.parseFile(ParsingFacade.java:123)
	at de.uka.ilkd.key.proof.io.KeYFile.getParseContext(KeYFile.java:160)
	at de.uka.ilkd.key.proof.io.KeYFile.getProblemInformation(KeYFile.java:236)
	at de.uka.ilkd.key.proof.init.KeYUserProblemFile.readProfileFromFile(KeYUserProblemFile.java:236)
	at de.uka.ilkd.key.proof.init.KeYUserProblemFile.getProfile(KeYUserProblemFile.java:216)
	at de.uka.ilkd.key.proof.io.AbstractProblemLoader.createProblemInitializer(AbstractProblemLoader.java:508)
	at de.uka.ilkd.key.proof.io.AbstractProblemLoader.loadEnvironment(AbstractProblemLoader.java:288)
	at de.uka.ilkd.key.proof.io.AbstractProblemLoader.load(AbstractProblemLoader.java:253)
	at de.uka.ilkd.key.control.AbstractUserInterfaceControl.load(AbstractUserInterfaceControl.java:209)
	... 7 more
Could not initialize class de.uka.ilkd.key.nparser.KeYParser (file: /home/runner/work/key/key/key.core/../key.ui/examples/index/.././heap/model_methods/Recell_Cell_post_set.key; caused by: java.lang.NoClassDefFoundError: Could not initialize class de.uka.ilkd.key.nparser.KeYParser)
	at de.uka.ilkd.key.control.AbstractUserInterfaceControl.load(AbstractUserInterfaceControl.java:221)
	at de.uka.ilkd.key.control.KeYEnvironment.load(KeYEnvironment.java:251)
	at de.uka.ilkd.key.control.KeYEnvironment.load(KeYEnvironment.java:224)
	at de.uka.ilkd.key.control.KeYEnvironment.load(KeYEnvironment.java:184)
	at de.uka.ilkd.key.control.KeYEnvironment.load(KeYEnvironment.java:261)
	at de.uka.ilkd.key.proof.runallproofs.proofcollection.TestFile.load(TestFile.java:270)
	at de.uka.ilkd.key.proof.runallproofs.proofcollection.TestFile.runKey(TestFile.java:160)
	at de.uka.ilkd.key.proof.runallproofs.proofcollection.ForkedTestFileRunner.main(ForkedTestFileRunner.java:171)
Caused by: java.lang.NoClassDefFoundError: Could not initialize class de.uka.ilkd.key.nparser.KeYParser
	at de.uka.ilkd.key.nparser.ParsingFacade.createParser(ParsingFacade.java:87)
	at de.uka.ilkd.key.nparser.ParsingFacade.parseFile(ParsingFacade.java:123)
	at de.uka.ilkd.key.proof.io.KeYFile.getParseContext(KeYFile.java:160)
	at de.uka.ilkd.key.proof.io.KeYFile.getProblemInformation(KeYFile.java:236)
	at de.uka.ilkd.key.proof.init.KeYUserProblemFile.readProfileFromFile(KeYUserProblemFile.java:236)
	at de.uka.ilkd.key.proof.init.KeYUserProblemFile.getProfile(KeYUserProblemFile.java:216)
	at de.uka.ilkd.key.proof.io.AbstractProblemLoader.createProblemInitializer(AbstractProblemLoader.java:508)
	at de.uka.ilkd.key.proof.io.AbstractProblemLoader.loadEnvironment(AbstractProblemLoader.java:288)
	at de.uka.ilkd.key.proof.io.AbstractProblemLoader.load(AbstractProblemLoader.java:253)
	at de.uka.ilkd.key.control.AbstractUserInterfaceControl.load(AbstractUserInterfaceControl.java:209)
	... 7 more
Could not initialize class de.uka.ilkd.key.nparser.KeYParser (file: /home/runner/work/key/key/key.core/../key.ui/examples/index/.././heap/model_methods/Recell_footprint_acc.key; caused by: java.lang.NoClassDefFoundError: Could not initialize class de.uka.ilkd.key.nparser.KeYParser)
	at de.uka.ilkd.key.control.AbstractUserInterfaceControl.load(AbstractUserInterfaceControl.java:221)
	at de.uka.ilkd.key.control.KeYEnvironment.load(KeYEnvironment.java:251)
	at de.uka.ilkd.key.control.KeYEnvironment.load(KeYEnvironment.java:224)
	at de.uka.ilkd.key.control.KeYEnvironment.load(KeYEnvironment.java:184)
	at de.uka.ilkd.key.control.KeYEnvironment.load(KeYEnvironment.java:261)
	at de.uka.ilkd.key.proof.runallproofs.proofcollection.TestFile.load(TestFile.java:270)
	at de.uka.ilkd.key.proof.runallproofs.proofcollection.TestFile.runKey(TestFile.java:160)
	at de.uka.ilkd.key.proof.runallproofs.proofcollection.ForkedTestFileRunner.main(ForkedTestFileRunner.java:171)
Caused by: java.lang.NoClassDefFoundError: Could not initialize class de.uka.ilkd.key.nparser.KeYParser
	at de.uka.ilkd.key.nparser.ParsingFacade.createParser(ParsingFacade.java:87)
	at de.uka.ilkd.key.nparser.ParsingFacade.parseFile(ParsingFacade.java:123)
	at de.uka.ilkd.key.proof.io.KeYFile.getParseContext(KeYFile.java:160)
	at de.uka.ilkd.key.proof.io.KeYFile.getProblemInformation(KeYFile.java:236)
	at de.uka.ilkd.key.proof.init.KeYUserProblemFile.readProfileFromFile(KeYUserProblemFile.java:236)
	at de.uka.ilkd.key.proof.init.KeYUserProblemFile.getProfile(KeYUserProblemFile.java:216)
	at de.uka.ilkd.key.proof.io.AbstractProblemLoader.createProblemInitializer(AbstractProblemLoader.java:508)
	at de.uka.ilkd.key.proof.io.AbstractProblemLoader.loadEnvironment(AbstractProblemLoader.java:288)
	at de.uka.ilkd.key.proof.io.AbstractProblemLoader.load(AbstractProblemLoader.java:253)
	at de.uka.ilkd.key.control.AbstractUserInterfaceControl.load(AbstractUserInterfaceControl.java:209)
	... 7 more
Could not initialize class de.uka.ilkd.key.nparser.KeYParser (file: /home/runner/work/key/key/key.core/../key.ui/examples/index/.././heap/model_methods/Recell_get_acc.key; caused by: java.lang.NoClassDefFoundError: Could not initialize class de.uka.ilkd.key.nparser.KeYParser)
	at de.uka.ilkd.key.control.AbstractUserInterfaceControl.load(AbstractUserInterfaceControl.java:221)
	at de.uka.ilkd.key.control.KeYEnvironment.load(KeYEnvironment.java:251)
	at de.uka.ilkd.key.control.KeYEnvironment.load(KeYEnvironment.java:224)
	at de.uka.ilkd.key.control.KeYEnvironment.load(KeYEnvironment.java:184)
	at de.uka.ilkd.key.control.KeYEnvironment.load(KeYEnvironment.java:261)
	at de.uka.ilkd.key.proof.runallproofs.proofcollection.TestFile.load(TestFile.java:270)
	at de.uka.ilkd.key.proof.runallproofs.proofcollection.TestFile.runKey(TestFile.java:160)
	at de.uka.ilkd.key.proof.runallproofs.proofcollection.ForkedTestFileRunner.main(ForkedTestFileRunner.java:171)
Caused by: java.lang.NoClassDefFoundError: Could not initialize class de.uka.ilkd.key.nparser.KeYParser
	at de.uka.ilkd.key.nparser.ParsingFacade.createParser(ParsingFacade.java:87)
	at de.uka.ilkd.key.nparser.ParsingFacade.parseFile(ParsingFacade.java:123)
	at de.uka.ilkd.key.proof.io.KeYFile.getParseContext(KeYFile.java:160)
	at de.uka.ilkd.key.proof.io.KeYFile.getProblemInformation(KeYFile.java:236)
	at de.uka.ilkd.key.proof.init.KeYUserProblemFile.readProfileFromFile(KeYUserProblemFile.java:236)
	at de.uka.ilkd.key.proof.init.KeYUserProblemFile.getProfile(KeYUserProblemFile.java:216)
	at de.uka.ilkd.key.proof.io.AbstractProblemLoader.createProblemInitializer(AbstractProblemLoader.java:508)
	at de.uka.ilkd.key.proof.io.AbstractProblemLoader.loadEnvironment(AbstractProblemLoader.java:288)
	at de.uka.ilkd.key.proof.io.AbstractProblemLoader.load(AbstractProblemLoader.java:253)
	at de.uka.ilkd.key.control.AbstractUserInterfaceControl.load(AbstractUserInterfaceControl.java:209)
	... 7 more
Could not initialize class de.uka.ilkd.key.nparser.KeYParser (file: /home/runner/work/key/key/key.core/../key.ui/examples/index/.././heap/model_methods/Recell_get.key; caused by: java.lang.NoClassDefFoundError: Could not initialize class de.uka.ilkd.key.nparser.KeYParser)
	at de.uka.ilkd.key.control.AbstractUserInterfaceControl.load(AbstractUserInterfaceControl.java:221)
	at de.uka.ilkd.key.control.KeYEnvironment.load(KeYEnvironment.java:251)
	at de.uka.ilkd.key.control.KeYEnvironment.load(KeYEnvironment.java:224)
	at de.uka.ilkd.key.control.KeYEnvironment.load(KeYEnvironment.java:184)
	at de.uka.ilkd.key.control.KeYEnvironment.load(KeYEnvironment.java:261)
	at de.uka.ilkd.key.proof.runallproofs.proofcollection.TestFile.load(TestFile.java:270)
	at de.uka.ilkd.key.proof.runallproofs.proofcollection.TestFile.runKey(TestFile.java:160)
	at de.uka.ilkd.key.proof.runallproofs.proofcollection.ForkedTestFileRunner.main(ForkedTestFileRunner.java:171)
Caused by: java.lang.NoClassDefFoundError: Could not initialize class de.uka.ilkd.key.nparser.KeYParser
	at de.uka.ilkd.key.nparser.ParsingFacade.createParser(ParsingFacade.java:87)
	at de.uka.ilkd.key.nparser.ParsingFacade.parseFile(ParsingFacade.java:123)
	at de.uka.ilkd.key.proof.io.KeYFile.getParseContext(KeYFile.java:160)
	at de.uka.ilkd.key.proof.io.KeYFile.getProblemInformation(KeYFile.java:236)
	at de.uka.ilkd.key.proof.init.KeYUserProblemFile.readProfileFromFile(KeYUserProblemFile.java:236)
	at de.uka.ilkd.key.proof.init.KeYUserProblemFile.getProfile(KeYUserProblemFile.java:216)
	at de.uka.ilkd.key.proof.io.AbstractProblemLoader.createProblemInitializer(AbstractProblemLoader.java:508)
	at de.uka.ilkd.key.proof.io.AbstractProblemLoader.loadEnvironment(AbstractProblemLoader.java:288)
	at de.uka.ilkd.key.proof.io.AbstractProblemLoader.load(AbstractProblemLoader.java:253)
	at de.uka.ilkd.key.control.AbstractUserInterfaceControl.load(AbstractUserInterfaceControl.java:209)
	... 7 more
Could not initialize class de.uka.ilkd.key.nparser.KeYParser (file: /home/runner/work/key/key/key.core/../key.ui/examples/index/.././heap/model_methods/Recell_Recell_footprint.key; caused by: java.lang.NoClassDefFoundError: Could not initialize class de.uka.ilkd.key.nparser.KeYParser)
	at de.uka.ilkd.key.control.AbstractUserInterfaceControl.load(AbstractUserInterfaceControl.java:221)
	at de.uka.ilkd.key.control.KeYEnvironment.load(KeYEnvironment.java:251)
	at de.uka.ilkd.key.control.KeYEnvironment.load(KeYEnvironment.java:224)
	at de.uka.ilkd.key.control.KeYEnvironment.load(KeYEnvironment.java:184)
	at de.uka.ilkd.key.control.KeYEnvironment.load(KeYEnvironment.java:261)
	at de.uka.ilkd.key.proof.runallproofs.proofcollection.TestFile.load(TestFile.java:270)
	at de.uka.ilkd.key.proof.runallproofs.proofcollection.TestFile.runKey(TestFile.java:160)
	at de.uka.ilkd.key.proof.runallproofs.proofcollection.ForkedTestFileRunner.main(ForkedTestFileRunner.java:171)
Caused by: java.lang.NoClassDefFoundError: Could not initialize class de.uka.ilkd.key.nparser.KeYParser
	at de.uka.ilkd.key.nparser.ParsingFacade.createParser(ParsingFacade.java:87)
	at de.uka.ilkd.key.nparser.ParsingFacade.parseFile(ParsingFacade.java:123)
	at de.uka.ilkd.key.proof.io.KeYFile.getParseContext(KeYFile.java:160)
	at de.uka.ilkd.key.proof.io.KeYFile.getProblemInformation(KeYFile.java:236)
	at de.uka.ilkd.key.proof.init.KeYUserProblemFile.readProfileFromFile(KeYUserProblemFile.java:236)
	at de.uka.ilkd.key.proof.init.KeYUserProblemFile.getProfile(KeYUserProblemFile.java:216)
	at de.uka.ilkd.key.proof.io.AbstractProblemLoader.createProblemInitializer(AbstractProblemLoader.java:508)
	at de.uka.ilkd.key.proof.io.AbstractProblemLoader.loadEnvironment(AbstractProblemLoader.java:288)
	at de.uka.ilkd.key.proof.io.AbstractProblemLoader.load(AbstractProblemLoader.java:253)
	at de.uka.ilkd.key.control.AbstractUserInterfaceControl.load(AbstractUserInterfaceControl.java:209)
	... 7 more
Could not initialize class de.uka.ilkd.key.nparser.KeYParser (file: /home/runner/work/key/key/key.core/../key.ui/examples/index/.././heap/model_methods/Recell_Recell_post_set.key; caused by: java.lang.NoClassDefFoundError: Could not initialize class de.uka.ilkd.key.nparser.KeYParser)
	at de.uka.ilkd.key.control.AbstractUserInterfaceControl.load(AbstractUserInterfaceControl.java:221)
	at de.uka.ilkd.key.control.KeYEnvironment.load(KeYEnvironment.java:251)
	at de.uka.ilkd.key.control.KeYEnvironment.load(KeYEnvironment.java:224)
	at de.uka.ilkd.key.control.KeYEnvironment.load(KeYEnvironment.java:184)
	at de.uka.ilkd.key.control.KeYEnvironment.load(KeYEnvironment.java:261)
	at de.uka.ilkd.key.proof.runallproofs.proofcollection.TestFile.load(TestFile.java:270)
	at de.uka.ilkd.key.proof.runallproofs.proofcollection.TestFile.runKey(TestFile.java:160)
	at de.uka.ilkd.key.proof.runallproofs.proofcollection.ForkedTestFileRunner.main(ForkedTestFileRunner.java:171)
Caused by: java.lang.NoClassDefFoundError: Could not initialize class de.uka.ilkd.key.nparser.KeYParser
	at de.uka.ilkd.key.nparser.ParsingFacade.createParser(ParsingFacade.java:87)
	at de.uka.ilkd.key.nparser.ParsingFacade.parseFile(ParsingFacade.java:123)
	at de.uka.ilkd.key.proof.io.KeYFile.getParseContext(KeYFile.java:160)
	at de.uka.ilkd.key.proof.io.KeYFile.getProblemInformation(KeYFile.java:236)
	at de.uka.ilkd.key.proof.init.KeYUserProblemFile.readProfileFromFile(KeYUserProblemFile.java:236)
	at de.uka.ilkd.key.proof.init.KeYUserProblemFile.getProfile(KeYUserProblemFile.java:216)
	at de.uka.ilkd.key.proof.io.AbstractProblemLoader.createProblemInitializer(AbstractProblemLoader.java:508)
	at de.uka.ilkd.key.proof.io.AbstractProblemLoader.loadEnvironment(AbstractProblemLoader.java:288)
	at de.uka.ilkd.key.proof.io.AbstractProblemLoader.load(AbstractProblemLoader.java:253)
	at de.uka.ilkd.key.control.AbstractUserInterfaceControl.load(AbstractUserInterfaceControl.java:209)
	... 7 more
Could not initialize class de.uka.ilkd.key.nparser.KeYParser (file: /home/runner/work/key/key/key.core/../key.ui/examples/index/.././heap/model_methods/Recell_set.key; caused by: java.lang.NoClassDefFoundError: Could not initialize class de.uka.ilkd.key.nparser.KeYParser)
	at de.uka.ilkd.key.control.AbstractUserInterfaceControl.load(AbstractUserInterfaceControl.java:221)
	at de.uka.ilkd.key.control.KeYEnvironment.load(KeYEnvironment.java:251)
	at de.uka.ilkd.key.control.KeYEnvironment.load(KeYEnvironment.java:224)
	at de.uka.ilkd.key.control.KeYEnvironment.load(KeYEnvironment.java:184)
	at de.uka.ilkd.key.control.KeYEnvironment.load(KeYEnvironment.java:261)
	at de.uka.ilkd.key.proof.runallproofs.proofcollection.TestFile.load(TestFile.java:270)
	at de.uka.ilkd.key.proof.runallproofs.proofcollection.TestFile.runKey(TestFile.java:160)
	at de.uka.ilkd.key.proof.runallproofs.proofcollection.ForkedTestFileRunner.main(ForkedTestFileRunner.java:171)
Caused by: java.lang.NoClassDefFoundError: Could not initialize class de.uka.ilkd.key.nparser.KeYParser
	at de.uka.ilkd.key.nparser.ParsingFacade.createParser(ParsingFacade.java:87)
	at de.uka.ilkd.key.nparser.ParsingFacade.parseFile(ParsingFacade.java:123)
	at de.uka.ilkd.key.proof.io.KeYFile.getParseContext(KeYFile.java:160)
	at de.uka.ilkd.key.proof.io.KeYFile.getProblemInformation(KeYFile.java:236)
	at de.uka.ilkd.key.proof.init.KeYUserProblemFile.readProfileFromFile(KeYUserProblemFile.java:236)
	at de.uka.ilkd.key.proof.init.KeYUserProblemFile.getProfile(KeYUserProblemFile.java:216)
	at de.uka.ilkd.key.proof.io.AbstractProblemLoader.createProblemInitializer(AbstractProblemLoader.java:508)
	at de.uka.ilkd.key.proof.io.AbstractProblemLoader.loadEnvironment(AbstractProblemLoader.java:288)
	at de.uka.ilkd.key.proof.io.AbstractProblemLoader.load(AbstractProblemLoader.java:253)
	at de.uka.ilkd.key.control.AbstractUserInterfaceControl.load(AbstractUserInterfaceControl.java:209)
	... 7 more
Could not initialize class de.uka.ilkd.key.nparser.KeYParser (file: /home/runner/work/key/key/key.core/../key.ui/examples/index/.././heap/model_methods/Recell_undo.key; caused by: java.lang.NoClassDefFoundError: Could not initialize class de.uka.ilkd.key.nparser.KeYParser)
	at de.uka.ilkd.key.control.AbstractUserInterfaceControl.load(AbstractUserInterfaceControl.java:221)
	at de.uka.ilkd.key.control.KeYEnvironment.load(KeYEnvironment.java:251)
	at de.uka.ilkd.key.control.KeYEnvironment.load(KeYEnvironment.java:224)
	at de.uka.ilkd.key.control.KeYEnvironment.load(KeYEnvironment.java:184)
	at de.uka.ilkd.key.control.KeYEnvironment.load(KeYEnvironment.java:261)
	at de.uka.ilkd.key.proof.runallproofs.proofcollection.TestFile.load(TestFile.java:270)
	at de.uka.ilkd.key.proof.runallproofs.proofcollection.TestFile.runKey(TestFile.java:160)
	at de.uka.ilkd.key.proof.runallproofs.proofcollection.ForkedTestFileRunner.main(ForkedTestFileRunner.java:171)
Caused by: java.lang.NoClassDefFoundError: Could not initialize class de.uka.ilkd.key.nparser.KeYParser
	at de.uka.ilkd.key.nparser.ParsingFacade.createParser(ParsingFacade.java:87)
	at de.uka.ilkd.key.nparser.ParsingFacade.parseFile(ParsingFacade.java:123)
	at de.uka.ilkd.key.proof.io.KeYFile.getParseContext(KeYFile.java:160)
	at de.uka.ilkd.key.proof.io.KeYFile.getProblemInformation(KeYFile.java:236)
	at de.uka.ilkd.key.proof.init.KeYUserProblemFile.readProfileFromFile(KeYUserProblemFile.java:236)
	at de.uka.ilkd.key.proof.init.KeYUserProblemFile.getProfile(KeYUserProblemFile.java:216)
	at de.uka.ilkd.key.proof.io.AbstractProblemLoader.createProblemInitializer(AbstractProblemLoader.java:508)
	at de.uka.ilkd.key.proof.io.AbstractProblemLoader.loadEnvironment(AbstractProblemLoader.java:288)
	at de.uka.ilkd.key.proof.io.AbstractProblemLoader.load(AbstractProblemLoader.java:253)
	at de.uka.ilkd.key.control.AbstractUserInterfaceControl.load(AbstractUserInterfaceControl.java:209)
	... 7 more
Exception in thread "main" org.opentest4j.AssertionFailedError: Exception during the execution of proofs. See log for more details.
	at org.junit.jupiter.api.AssertionUtils.fail(AssertionUtils.java:38)
	at org.junit.jupiter.api.Assertions.fail(Assertions.java:135)
	at de.uka.ilkd.key.proof.runallproofs.proofcollection.ForkedTestFileRunner.main(ForkedTestFileRunner.java:192)
Timeout watcher launched (2000 secs.)
ANTLR Tool version 4.9.3 used for code generation does not match the current runtime version 4.12.0
 (file: /home/runner/work/key/key/key.core/../key.ui/examples/index/.././heap/permissions/permissions_method0.key; caused by: java.lang.ExceptionInInitializerError)
	at de.uka.ilkd.key.control.AbstractUserInterfaceControl.load(AbstractUserInterfaceControl.java:221)
	at de.uka.ilkd.key.control.KeYEnvironment.load(KeYEnvironment.java:251)
	at de.uka.ilkd.key.control.KeYEnvironment.load(KeYEnvironment.java:224)
	at de.uka.ilkd.key.control.KeYEnvironment.load(KeYEnvironment.java:184)
	at de.uka.ilkd.key.control.KeYEnvironment.load(KeYEnvironment.java:261)
	at de.uka.ilkd.key.proof.runallproofs.proofcollection.TestFile.load(TestFile.java:270)
	at de.uka.ilkd.key.proof.runallproofs.proofcollection.TestFile.runKey(TestFile.java:160)
	at de.uka.ilkd.key.proof.runallproofs.proofcollection.ForkedTestFileRunner.main(ForkedTestFileRunner.java:171)
Caused by: java.lang.ExceptionInInitializerError
	at de.uka.ilkd.key.nparser.ParsingFacade.createParser(ParsingFacade.java:87)
	at de.uka.ilkd.key.nparser.ParsingFacade.parseFile(ParsingFacade.java:123)
	at de.uka.ilkd.key.proof.io.KeYFile.getParseContext(KeYFile.java:160)
	at de.uka.ilkd.key.proof.io.KeYFile.getProblemInformation(KeYFile.java:236)
	at de.uka.ilkd.key.proof.init.KeYUserProblemFile.readProfileFromFile(KeYUserProblemFile.java:236)
	at de.uka.ilkd.key.proof.init.KeYUserProblemFile.getProfile(KeYUserProblemFile.java:216)
	at de.uka.ilkd.key.proof.io.AbstractProblemLoader.createProblemInitializer(AbstractProblemLoader.java:508)
	at de.uka.ilkd.key.proof.io.AbstractProblemLoader.loadEnvironment(AbstractProblemLoader.java:288)
	at de.uka.ilkd.key.proof.io.AbstractProblemLoader.load(AbstractProblemLoader.java:253)
	at de.uka.ilkd.key.control.AbstractUserInterfaceControl.load(AbstractUserInterfaceControl.java:209)
	... 7 more
Caused by: java.lang.UnsupportedOperationException: java.io.InvalidClassException: org.antlr.v4.runtime.atn.ATN; Could not deserialize ATN with version 3 (expected 4).
	at org.antlr.v4.runtime.atn.ATNDeserializer.deserialize(ATNDeserializer.java:56)
	at org.antlr.v4.runtime.atn.ATNDeserializer.deserialize(ATNDeserializer.java:48)
	at de.uka.ilkd.key.nparser.KeYParser.<clinit>(KeYParser.java:11834)
	... 17 more
Caused by: java.io.InvalidClassException: org.antlr.v4.runtime.atn.ATN; Could not deserialize ATN with version 3 (expected 4).
	... 20 more
Could not initialize class de.uka.ilkd.key.nparser.KeYParser (file: /home/runner/work/key/key/key.core/../key.ui/examples/index/.././heap/permissions/permissions_method1.key; caused by: java.lang.NoClassDefFoundError: Could not initialize class de.uka.ilkd.key.nparser.KeYParser)
	at de.uka.ilkd.key.control.AbstractUserInterfaceControl.load(AbstractUserInterfaceControl.java:221)
	at de.uka.ilkd.key.control.KeYEnvironment.load(KeYEnvironment.java:251)
	at de.uka.ilkd.key.control.KeYEnvironment.load(KeYEnvironment.java:224)
	at de.uka.ilkd.key.control.KeYEnvironment.load(KeYEnvironment.java:184)
	at de.uka.ilkd.key.control.KeYEnvironment.load(KeYEnvironment.java:261)
	at de.uka.ilkd.key.proof.runallproofs.proofcollection.TestFile.load(TestFile.java:270)
	at de.uka.ilkd.key.proof.runallproofs.proofcollection.TestFile.runKey(TestFile.java:160)
	at de.uka.ilkd.key.proof.runallproofs.proofcollection.ForkedTestFileRunner.main(ForkedTestFileRunner.java:171)
Caused by: java.lang.NoClassDefFoundError: Could not initialize class de.uka.ilkd.key.nparser.KeYParser
	at de.uka.ilkd.key.nparser.ParsingFacade.createParser(ParsingFacade.java:87)
	at de.uka.ilkd.key.nparser.ParsingFacade.parseFile(ParsingFacade.java:123)
	at de.uka.ilkd.key.proof.io.KeYFile.getParseContext(KeYFile.java:160)
	at de.uka.ilkd.key.proof.io.KeYFile.getProblemInformation(KeYFile.java:236)
	at de.uka.ilkd.key.proof.init.KeYUserProblemFile.readProfileFromFile(KeYUserProblemFile.java:236)
	at de.uka.ilkd.key.proof.init.KeYUserProblemFile.getProfile(KeYUserProblemFile.java:216)
	at de.uka.ilkd.key.proof.io.AbstractProblemLoader.createProblemInitializer(AbstractProblemLoader.java:508)
	at de.uka.ilkd.key.proof.io.AbstractProblemLoader.loadEnvironment(AbstractProblemLoader.java:288)
	at de.uka.ilkd.key.proof.io.AbstractProblemLoader.load(AbstractProblemLoader.java:253)
	at de.uka.ilkd.key.control.AbstractUserInterfaceControl.load(AbstractUserInterfaceControl.java:209)
	... 7 more
Could not initialize class de.uka.ilkd.key.nparser.KeYParser (file: /home/runner/work/key/key/key.core/../key.ui/examples/index/.././heap/permissions/permissions_method3.key; caused by: java.lang.NoClassDefFoundError: Could not initialize class de.uka.ilkd.key.nparser.KeYParser)
	at de.uka.ilkd.key.control.AbstractUserInterfaceControl.load(AbstractUserInterfaceControl.java:221)
	at de.uka.ilkd.key.control.KeYEnvironment.load(KeYEnvironment.java:251)
	at de.uka.ilkd.key.control.KeYEnvironment.load(KeYEnvironment.java:224)
	at de.uka.ilkd.key.control.KeYEnvironment.load(KeYEnvironment.java:184)
	at de.uka.ilkd.key.control.KeYEnvironment.load(KeYEnvironment.java:261)
	at de.uka.ilkd.key.proof.runallproofs.proofcollection.TestFile.load(TestFile.java:270)
	at de.uka.ilkd.key.proof.runallproofs.proofcollection.TestFile.runKey(TestFile.java:160)
	at de.uka.ilkd.key.proof.runallproofs.proofcollection.ForkedTestFileRunner.main(ForkedTestFileRunner.java:171)
Caused by: java.lang.NoClassDefFoundError: Could not initialize class de.uka.ilkd.key.nparser.KeYParser
	at de.uka.ilkd.key.nparser.ParsingFacade.createParser(ParsingFacade.java:87)
	at de.uka.ilkd.key.nparser.ParsingFacade.parseFile(ParsingFacade.java:123)
	at de.uka.ilkd.key.proof.io.KeYFile.getParseContext(KeYFile.java:160)
	at de.uka.ilkd.key.proof.io.KeYFile.getProblemInformation(KeYFile.java:236)
	at de.uka.ilkd.key.proof.init.KeYUserProblemFile.readProfileFromFile(KeYUserProblemFile.java:236)
	at de.uka.ilkd.key.proof.init.KeYUserProblemFile.getProfile(KeYUserProblemFile.java:216)
	at de.uka.ilkd.key.proof.io.AbstractProblemLoader.createProblemInitializer(AbstractProblemLoader.java:508)
	at de.uka.ilkd.key.proof.io.AbstractProblemLoader.loadEnvironment(AbstractProblemLoader.java:288)
	at de.uka.ilkd.key.proof.io.AbstractProblemLoader.load(AbstractProblemLoader.java:253)
	at de.uka.ilkd.key.control.AbstractUserInterfaceControl.load(AbstractUserInterfaceControl.java:209)
	... 7 more
Could not initialize class de.uka.ilkd.key.nparser.KeYParser (file: /home/runner/work/key/key/key.core/../key.ui/examples/index/.././heap/permissions/permissions_setAB.key; caused by: java.lang.NoClassDefFoundError: Could not initialize class de.uka.ilkd.key.nparser.KeYParser)
	at de.uka.ilkd.key.control.AbstractUserInterfaceControl.load(AbstractUserInterfaceControl.java:221)
	at de.uka.ilkd.key.control.KeYEnvironment.load(KeYEnvironment.java:251)
	at de.uka.ilkd.key.control.KeYEnvironment.load(KeYEnvironment.java:224)
	at de.uka.ilkd.key.control.KeYEnvironment.load(KeYEnvironment.java:184)
	at de.uka.ilkd.key.control.KeYEnvironment.load(KeYEnvironment.java:261)
	at de.uka.ilkd.key.proof.runallproofs.proofcollection.TestFile.load(TestFile.java:270)
	at de.uka.ilkd.key.proof.runallproofs.proofcollection.TestFile.runKey(TestFile.java:160)
	at de.uka.ilkd.key.proof.runallproofs.proofcollection.ForkedTestFileRunner.main(ForkedTestFileRunner.java:171)
Caused by: java.lang.NoClassDefFoundError: Could not initialize class de.uka.ilkd.key.nparser.KeYParser
	at de.uka.ilkd.key.nparser.ParsingFacade.createParser(ParsingFacade.java:87)
	at de.uka.ilkd.key.nparser.ParsingFacade.parseFile(ParsingFacade.java:123)
	at de.uka.ilkd.key.proof.io.KeYFile.getParseContext(KeYFile.java:160)
	at de.uka.ilkd.key.proof.io.KeYFile.getProblemInformation(KeYFile.java:236)
	at de.uka.ilkd.key.proof.init.KeYUserProblemFile.readProfileFromFile(KeYUserProblemFile.java:236)
	at de.uka.ilkd.key.proof.init.KeYUserProblemFile.getProfile(KeYUserProblemFile.java:216)
	at de.uka.ilkd.key.proof.io.AbstractProblemLoader.createProblemInitializer(AbstractProblemLoader.java:508)
	at de.uka.ilkd.key.proof.io.AbstractProblemLoader.loadEnvironment(AbstractProblemLoader.java:288)
	at de.uka.ilkd.key.proof.io.AbstractProblemLoader.load(AbstractProblemLoader.java:253)
	at de.uka.ilkd.key.control.AbstractUserInterfaceControl.load(AbstractUserInterfaceControl.java:209)
	... 7 more
Could not initialize class de.uka.ilkd.key.nparser.KeYParser (file: /home/runner/work/key/key/key.core/../key.ui/examples/index/.././heap/permissions/permissionProperties.key; caused by: java.lang.NoClassDefFoundError: Could not initialize class de.uka.ilkd.key.nparser.KeYParser)
	at de.uka.ilkd.key.control.AbstractUserInterfaceControl.load(AbstractUserInterfaceControl.java:221)
	at de.uka.ilkd.key.control.KeYEnvironment.load(KeYEnvironment.java:251)
	at de.uka.ilkd.key.control.KeYEnvironment.load(KeYEnvironment.java:224)
	at de.uka.ilkd.key.control.KeYEnvironment.load(KeYEnvironment.java:184)
	at de.uka.ilkd.key.control.KeYEnvironment.load(KeYEnvironment.java:261)
	at de.uka.ilkd.key.proof.runallproofs.proofcollection.TestFile.load(TestFile.java:270)
	at de.uka.ilkd.key.proof.runallproofs.proofcollection.TestFile.runKey(TestFile.java:160)
	at de.uka.ilkd.key.proof.runallproofs.proofcollection.ForkedTestFileRunner.main(ForkedTestFileRunner.java:171)
Caused by: java.lang.NoClassDefFoundError: Could not initialize class de.uka.ilkd.key.nparser.KeYParser
	at de.uka.ilkd.key.nparser.ParsingFacade.createParser(ParsingFacade.java:87)
	at de.uka.ilkd.key.nparser.ParsingFacade.parseFile(ParsingFacade.java:123)
	at de.uka.ilkd.key.proof.io.KeYFile.getParseContext(KeYFile.java:160)
	at de.uka.ilkd.key.proof.io.KeYFile.getProblemInformation(KeYFile.java:236)
	at de.uka.ilkd.key.proof.init.KeYUserProblemFile.readProfileFromFile(KeYUserProblemFile.java:236)
	at de.uka.ilkd.key.proof.init.KeYUserProblemFile.getProfile(KeYUserProblemFile.java:216)
	at de.uka.ilkd.key.proof.io.AbstractProblemLoader.createProblemInitializer(AbstractProblemLoader.java:508)
	at de.uka.ilkd.key.proof.io.AbstractProblemLoader.loadEnvironment(AbstractProblemLoader.java:288)
	at de.uka.ilkd.key.proof.io.AbstractProblemLoader.load(AbstractProblemLoader.java:253)
	at de.uka.ilkd.key.control.AbstractUserInterfaceControl.load(AbstractUserInterfaceControl.java:209)
	... 7 more
Could not initialize class de.uka.ilkd.key.nparser.KeYParser (file: /home/runner/work/key/key/key.core/../key.ui/examples/index/.././heap/permissions/threads/AFilter_AFilter.key; caused by: java.lang.NoClassDefFoundError: Could not initialize class de.uka.ilkd.key.nparser.KeYParser)
	at de.uka.ilkd.key.control.AbstractUserInterfaceControl.load(AbstractUserInterfaceControl.java:221)
	at de.uka.ilkd.key.control.KeYEnvironment.load(KeYEnvironment.java:251)
	at de.uka.ilkd.key.control.KeYEnvironment.load(KeYEnvironment.java:224)
	at de.uka.ilkd.key.control.KeYEnvironment.load(KeYEnvironment.java:184)
	at de.uka.ilkd.key.control.KeYEnvironment.load(KeYEnvironment.java:261)
	at de.uka.ilkd.key.proof.runallproofs.proofcollection.TestFile.load(TestFile.java:270)
	at de.uka.ilkd.key.proof.runallproofs.proofcollection.TestFile.runKey(TestFile.java:160)
	at de.uka.ilkd.key.proof.runallproofs.proofcollection.ForkedTestFileRunner.main(ForkedTestFileRunner.java:171)
Caused by: java.lang.NoClassDefFoundError: Could not initialize class de.uka.ilkd.key.nparser.KeYParser
	at de.uka.ilkd.key.nparser.ParsingFacade.createParser(ParsingFacade.java:87)
	at de.uka.ilkd.key.nparser.ParsingFacade.parseFile(ParsingFacade.java:123)
	at de.uka.ilkd.key.proof.io.KeYFile.getParseContext(KeYFile.java:160)
	at de.uka.ilkd.key.proof.io.KeYFile.getProblemInformation(KeYFile.java:236)
	at de.uka.ilkd.key.proof.init.KeYUserProblemFile.readProfileFromFile(KeYUserProblemFile.java:236)
	at de.uka.ilkd.key.proof.init.KeYUserProblemFile.getProfile(KeYUserProblemFile.java:216)
	at de.uka.ilkd.key.proof.io.AbstractProblemLoader.createProblemInitializer(AbstractProblemLoader.java:508)
	at de.uka.ilkd.key.proof.io.AbstractProblemLoader.loadEnvironment(AbstractProblemLoader.java:288)
	at de.uka.ilkd.key.proof.io.AbstractProblemLoader.load(AbstractProblemLoader.java:253)
	at de.uka.ilkd.key.control.AbstractUserInterfaceControl.load(AbstractUserInterfaceControl.java:209)
	... 7 more
Could not initialize class de.uka.ilkd.key.nparser.KeYParser (file: /home/runner/work/key/key/key.core/../key.ui/examples/index/.././heap/permissions/threads/AFilter_initPost_accessible.key; caused by: java.lang.NoClassDefFoundError: Could not initialize class de.uka.ilkd.key.nparser.KeYParser)
	at de.uka.ilkd.key.control.AbstractUserInterfaceControl.load(AbstractUserInterfaceControl.java:221)
	at de.uka.ilkd.key.control.KeYEnvironment.load(KeYEnvironment.java:251)
	at de.uka.ilkd.key.control.KeYEnvironment.load(KeYEnvironment.java:224)
	at de.uka.ilkd.key.control.KeYEnvironment.load(KeYEnvironment.java:184)
	at de.uka.ilkd.key.control.KeYEnvironment.load(KeYEnvironment.java:261)
	at de.uka.ilkd.key.proof.runallproofs.proofcollection.TestFile.load(TestFile.java:270)
	at de.uka.ilkd.key.proof.runallproofs.proofcollection.TestFile.runKey(TestFile.java:160)
	at de.uka.ilkd.key.proof.runallproofs.proofcollection.ForkedTestFileRunner.main(ForkedTestFileRunner.java:171)
Caused by: java.lang.NoClassDefFoundError: Could not initialize class de.uka.ilkd.key.nparser.KeYParser
	at de.uka.ilkd.key.nparser.ParsingFacade.createParser(ParsingFacade.java:87)
	at de.uka.ilkd.key.nparser.ParsingFacade.parseFile(ParsingFacade.java:123)
	at de.uka.ilkd.key.proof.io.KeYFile.getParseContext(KeYFile.java:160)
	at de.uka.ilkd.key.proof.io.KeYFile.getProblemInformation(KeYFile.java:236)
	at de.uka.ilkd.key.proof.init.KeYUserProblemFile.readProfileFromFile(KeYUserProblemFile.java:236)
	at de.uka.ilkd.key.proof.init.KeYUserProblemFile.getProfile(KeYUserProblemFile.java:216)
	at de.uka.ilkd.key.proof.io.AbstractProblemLoader.createProblemInitializer(AbstractProblemLoader.java:508)
	at de.uka.ilkd.key.proof.io.AbstractProblemLoader.loadEnvironment(AbstractProblemLoader.java:288)
	at de.uka.ilkd.key.proof.io.AbstractProblemLoader.load(AbstractProblemLoader.java:253)
	at de.uka.ilkd.key.control.AbstractUserInterfaceControl.load(AbstractUserInterfaceControl.java:209)
	... 7 more
Could not initialize class de.uka.ilkd.key.nparser.KeYParser (file: /home/runner/work/key/key/key.core/../key.ui/examples/index/.././heap/permissions/threads/AFilter_inv_accessible1.key; caused by: java.lang.NoClassDefFoundError: Could not initialize class de.uka.ilkd.key.nparser.KeYParser)
	at de.uka.ilkd.key.control.AbstractUserInterfaceControl.load(AbstractUserInterfaceControl.java:221)
	at de.uka.ilkd.key.control.KeYEnvironment.load(KeYEnvironment.java:251)
	at de.uka.ilkd.key.control.KeYEnvironment.load(KeYEnvironment.java:224)
	at de.uka.ilkd.key.control.KeYEnvironment.load(KeYEnvironment.java:184)
	at de.uka.ilkd.key.control.KeYEnvironment.load(KeYEnvironment.java:261)
	at de.uka.ilkd.key.proof.runallproofs.proofcollection.TestFile.load(TestFile.java:270)
	at de.uka.ilkd.key.proof.runallproofs.proofcollection.TestFile.runKey(TestFile.java:160)
	at de.uka.ilkd.key.proof.runallproofs.proofcollection.ForkedTestFileRunner.main(ForkedTestFileRunner.java:171)
Caused by: java.lang.NoClassDefFoundError: Could not initialize class de.uka.ilkd.key.nparser.KeYParser
	at de.uka.ilkd.key.nparser.ParsingFacade.createParser(ParsingFacade.java:87)
	at de.uka.ilkd.key.nparser.ParsingFacade.parseFile(ParsingFacade.java:123)
	at de.uka.ilkd.key.proof.io.KeYFile.getParseContext(KeYFile.java:160)
	at de.uka.ilkd.key.proof.io.KeYFile.getProblemInformation(KeYFile.java:236)
	at de.uka.ilkd.key.proof.init.KeYUserProblemFile.readProfileFromFile(KeYUserProblemFile.java:236)
	at de.uka.ilkd.key.proof.init.KeYUserProblemFile.getProfile(KeYUserProblemFile.java:216)
	at de.uka.ilkd.key.proof.io.AbstractProblemLoader.createProblemInitializer(AbstractProblemLoader.java:508)
	at de.uka.ilkd.key.proof.io.AbstractProblemLoader.loadEnvironment(AbstractProblemLoader.java:288)
	at de.uka.ilkd.key.proof.io.AbstractProblemLoader.load(AbstractProblemLoader.java:253)
	at de.uka.ilkd.key.control.AbstractUserInterfaceControl.load(AbstractUserInterfaceControl.java:209)
	... 7 more
Could not initialize class de.uka.ilkd.key.nparser.KeYParser (file: /home/runner/work/key/key/key.core/../key.ui/examples/index/.././heap/permissions/threads/AFilter_inv_accessible2.key; caused by: java.lang.NoClassDefFoundError: Could not initialize class de.uka.ilkd.key.nparser.KeYParser)
	at de.uka.ilkd.key.control.AbstractUserInterfaceControl.load(AbstractUserInterfaceControl.java:221)
	at de.uka.ilkd.key.control.KeYEnvironment.load(KeYEnvironment.java:251)
	at de.uka.ilkd.key.control.KeYEnvironment.load(KeYEnvironment.java:224)
	at de.uka.ilkd.key.control.KeYEnvironment.load(KeYEnvironment.java:184)
	at de.uka.ilkd.key.control.KeYEnvironment.load(KeYEnvironment.java:261)
	at de.uka.ilkd.key.proof.runallproofs.proofcollection.TestFile.load(TestFile.java:270)
	at de.uka.ilkd.key.proof.runallproofs.proofcollection.TestFile.runKey(TestFile.java:160)
	at de.uka.ilkd.key.proof.runallproofs.proofcollection.ForkedTestFileRunner.main(ForkedTestFileRunner.java:171)
Caused by: java.lang.NoClassDefFoundError: Could not initialize class de.uka.ilkd.key.nparser.KeYParser
	at de.uka.ilkd.key.nparser.ParsingFacade.createParser(ParsingFacade.java:87)
	at de.uka.ilkd.key.nparser.ParsingFacade.parseFile(ParsingFacade.java:123)
	at de.uka.ilkd.key.proof.io.KeYFile.getParseContext(KeYFile.java:160)
	at de.uka.ilkd.key.proof.io.KeYFile.getProblemInformation(KeYFile.java:236)
	at de.uka.ilkd.key.proof.init.KeYUserProblemFile.readProfileFromFile(KeYUserProblemFile.java:236)
	at de.uka.ilkd.key.proof.init.KeYUserProblemFile.getProfile(KeYUserProblemFile.java:216)
	at de.uka.ilkd.key.proof.io.AbstractProblemLoader.createProblemInitializer(AbstractProblemLoader.java:508)
	at de.uka.ilkd.key.proof.io.AbstractProblemLoader.loadEnvironment(AbstractProblemLoader.java:288)
	at de.uka.ilkd.key.proof.io.AbstractProblemLoader.load(AbstractProblemLoader.java:253)
	at de.uka.ilkd.key.control.AbstractUserInterfaceControl.load(AbstractUserInterfaceControl.java:209)
	... 7 more
Could not initialize class de.uka.ilkd.key.nparser.KeYParser (file: /home/runner/work/key/key/key.core/../key.ui/examples/index/.././heap/permissions/threads/AFilter_joinTransfer_accessible.key; caused by: java.lang.NoClassDefFoundError: Could not initialize class de.uka.ilkd.key.nparser.KeYParser)
	at de.uka.ilkd.key.control.AbstractUserInterfaceControl.load(AbstractUserInterfaceControl.java:221)
	at de.uka.ilkd.key.control.KeYEnvironment.load(KeYEnvironment.java:251)
	at de.uka.ilkd.key.control.KeYEnvironment.load(KeYEnvironment.java:224)
	at de.uka.ilkd.key.control.KeYEnvironment.load(KeYEnvironment.java:184)
	at de.uka.ilkd.key.control.KeYEnvironment.load(KeYEnvironment.java:261)
	at de.uka.ilkd.key.proof.runallproofs.proofcollection.TestFile.load(TestFile.java:270)
	at de.uka.ilkd.key.proof.runallproofs.proofcollection.TestFile.runKey(TestFile.java:160)
	at de.uka.ilkd.key.proof.runallproofs.proofcollection.ForkedTestFileRunner.main(ForkedTestFileRunner.java:171)
Caused by: java.lang.NoClassDefFoundError: Could not initialize class de.uka.ilkd.key.nparser.KeYParser
	at de.uka.ilkd.key.nparser.ParsingFacade.createParser(ParsingFacade.java:87)
	at de.uka.ilkd.key.nparser.ParsingFacade.parseFile(ParsingFacade.java:123)
	at de.uka.ilkd.key.proof.io.KeYFile.getParseContext(KeYFile.java:160)
	at de.uka.ilkd.key.proof.io.KeYFile.getProblemInformation(KeYFile.java:236)
	at de.uka.ilkd.key.proof.init.KeYUserProblemFile.readProfileFromFile(KeYUserProblemFile.java:236)
	at de.uka.ilkd.key.proof.init.KeYUserProblemFile.getProfile(KeYUserProblemFile.java:216)
	at de.uka.ilkd.key.proof.io.AbstractProblemLoader.createProblemInitializer(AbstractProblemLoader.java:508)
	at de.uka.ilkd.key.proof.io.AbstractProblemLoader.loadEnvironment(AbstractProblemLoader.java:288)
	at de.uka.ilkd.key.proof.io.AbstractProblemLoader.load(AbstractProblemLoader.java:253)
	at de.uka.ilkd.key.control.AbstractUserInterfaceControl.load(AbstractUserInterfaceControl.java:209)
	... 7 more
Could not initialize class de.uka.ilkd.key.nparser.KeYParser (file: /home/runner/work/key/key/key.core/../key.ui/examples/index/.././heap/permissions/threads/AFilter_joinTransfer_contract.key; caused by: java.lang.NoClassDefFoundError: Could not initialize class de.uka.ilkd.key.nparser.KeYParser)
	at de.uka.ilkd.key.control.AbstractUserInterfaceControl.load(AbstractUserInterfaceControl.java:221)
	at de.uka.ilkd.key.control.KeYEnvironment.load(KeYEnvironment.java:251)
	at de.uka.ilkd.key.control.KeYEnvironment.load(KeYEnvironment.java:224)
	at de.uka.ilkd.key.control.KeYEnvironment.load(KeYEnvironment.java:184)
	at de.uka.ilkd.key.control.KeYEnvironment.load(KeYEnvironment.java:261)
	at de.uka.ilkd.key.proof.runallproofs.proofcollection.TestFile.load(TestFile.java:270)
	at de.uka.ilkd.key.proof.runallproofs.proofcollection.TestFile.runKey(TestFile.java:160)
	at de.uka.ilkd.key.proof.runallproofs.proofcollection.ForkedTestFileRunner.main(ForkedTestFileRunner.java:171)
Caused by: java.lang.NoClassDefFoundError: Could not initialize class de.uka.ilkd.key.nparser.KeYParser
	at de.uka.ilkd.key.nparser.ParsingFacade.createParser(ParsingFacade.java:87)
	at de.uka.ilkd.key.nparser.ParsingFacade.parseFile(ParsingFacade.java:123)
	at de.uka.ilkd.key.proof.io.KeYFile.getParseContext(KeYFile.java:160)
	at de.uka.ilkd.key.proof.io.KeYFile.getProblemInformation(KeYFile.java:236)
	at de.uka.ilkd.key.proof.init.KeYUserProblemFile.readProfileFromFile(KeYUserProblemFile.java:236)
	at de.uka.ilkd.key.proof.init.KeYUserProblemFile.getProfile(KeYUserProblemFile.java:216)
	at de.uka.ilkd.key.proof.io.AbstractProblemLoader.createProblemInitializer(AbstractProblemLoader.java:508)
	at de.uka.ilkd.key.proof.io.AbstractProblemLoader.loadEnvironment(AbstractProblemLoader.java:288)
	at de.uka.ilkd.key.proof.io.AbstractProblemLoader.load(AbstractProblemLoader.java:253)
	at de.uka.ilkd.key.control.AbstractUserInterfaceControl.load(AbstractUserInterfaceControl.java:209)
	... 7 more
Could not initialize class de.uka.ilkd.key.nparser.KeYParser (file: /home/runner/work/key/key/key.core/../key.ui/examples/index/.././heap/permissions/threads/AFilter_postJoin_accessible.key; caused by: java.lang.NoClassDefFoundError: Could not initialize class de.uka.ilkd.key.nparser.KeYParser)
	at de.uka.ilkd.key.control.AbstractUserInterfaceControl.load(AbstractUserInterfaceControl.java:221)
	at de.uka.ilkd.key.control.KeYEnvironment.load(KeYEnvironment.java:251)
	at de.uka.ilkd.key.control.KeYEnvironment.load(KeYEnvironment.java:224)
	at de.uka.ilkd.key.control.KeYEnvironment.load(KeYEnvironment.java:184)
	at de.uka.ilkd.key.control.KeYEnvironment.load(KeYEnvironment.java:261)
	at de.uka.ilkd.key.proof.runallproofs.proofcollection.TestFile.load(TestFile.java:270)
	at de.uka.ilkd.key.proof.runallproofs.proofcollection.TestFile.runKey(TestFile.java:160)
	at de.uka.ilkd.key.proof.runallproofs.proofcollection.ForkedTestFileRunner.main(ForkedTestFileRunner.java:171)
Caused by: java.lang.NoClassDefFoundError: Could not initialize class de.uka.ilkd.key.nparser.KeYParser
	at de.uka.ilkd.key.nparser.ParsingFacade.createParser(ParsingFacade.java:87)
	at de.uka.ilkd.key.nparser.ParsingFacade.parseFile(ParsingFacade.java:123)
	at de.uka.ilkd.key.proof.io.KeYFile.getParseContext(KeYFile.java:160)
	at de.uka.ilkd.key.proof.io.KeYFile.getProblemInformation(KeYFile.java:236)
	at de.uka.ilkd.key.proof.init.KeYUserProblemFile.readProfileFromFile(KeYUserProblemFile.java:236)
	at de.uka.ilkd.key.proof.init.KeYUserProblemFile.getProfile(KeYUserProblemFile.java:216)
	at de.uka.ilkd.key.proof.io.AbstractProblemLoader.createProblemInitializer(AbstractProblemLoader.java:508)
	at de.uka.ilkd.key.proof.io.AbstractProblemLoader.loadEnvironment(AbstractProblemLoader.java:288)
	at de.uka.ilkd.key.proof.io.AbstractProblemLoader.load(AbstractProblemLoader.java:253)
	at de.uka.ilkd.key.control.AbstractUserInterfaceControl.load(AbstractUserInterfaceControl.java:209)
	... 7 more
Could not initialize class de.uka.ilkd.key.nparser.KeYParser (file: /home/runner/work/key/key/key.core/../key.ui/examples/index/.././heap/permissions/threads/AFilter_preStart_accessible.key; caused by: java.lang.NoClassDefFoundError: Could not initialize class de.uka.ilkd.key.nparser.KeYParser)
	at de.uka.ilkd.key.control.AbstractUserInterfaceControl.load(AbstractUserInterfaceControl.java:221)
	at de.uka.ilkd.key.control.KeYEnvironment.load(KeYEnvironment.java:251)
	at de.uka.ilkd.key.control.KeYEnvironment.load(KeYEnvironment.java:224)
	at de.uka.ilkd.key.control.KeYEnvironment.load(KeYEnvironment.java:184)
	at de.uka.ilkd.key.control.KeYEnvironment.load(KeYEnvironment.java:261)
	at de.uka.ilkd.key.proof.runallproofs.proofcollection.TestFile.load(TestFile.java:270)
	at de.uka.ilkd.key.proof.runallproofs.proofcollection.TestFile.runKey(TestFile.java:160)
	at de.uka.ilkd.key.proof.runallproofs.proofcollection.ForkedTestFileRunner.main(ForkedTestFileRunner.java:171)
Caused by: java.lang.NoClassDefFoundError: Could not initialize class de.uka.ilkd.key.nparser.KeYParser
	at de.uka.ilkd.key.nparser.ParsingFacade.createParser(ParsingFacade.java:87)
	at de.uka.ilkd.key.nparser.ParsingFacade.parseFile(ParsingFacade.java:123)
	at de.uka.ilkd.key.proof.io.KeYFile.getParseContext(KeYFile.java:160)
	at de.uka.ilkd.key.proof.io.KeYFile.getProblemInformation(KeYFile.java:236)
	at de.uka.ilkd.key.proof.init.KeYUserProblemFile.readProfileFromFile(KeYUserProblemFile.java:236)
	at de.uka.ilkd.key.proof.init.KeYUserProblemFile.getProfile(KeYUserProblemFile.java:216)
	at de.uka.ilkd.key.proof.io.AbstractProblemLoader.createProblemInitializer(AbstractProblemLoader.java:508)
	at de.uka.ilkd.key.proof.io.AbstractProblemLoader.loadEnvironment(AbstractProblemLoader.java:288)
	at de.uka.ilkd.key.proof.io.AbstractProblemLoader.load(AbstractProblemLoader.java:253)
	at de.uka.ilkd.key.control.AbstractUserInterfaceControl.load(AbstractUserInterfaceControl.java:209)
	... 7 more
Could not initialize class de.uka.ilkd.key.nparser.KeYParser (file: /home/runner/work/key/key/key.core/../key.ui/examples/index/.././heap/permissions/threads/AFilter_startTransfer_accessible.key; caused by: java.lang.NoClassDefFoundError: Could not initialize class de.uka.ilkd.key.nparser.KeYParser)
	at de.uka.ilkd.key.control.AbstractUserInterfaceControl.load(AbstractUserInterfaceControl.java:221)
	at de.uka.ilkd.key.control.KeYEnvironment.load(KeYEnvironment.java:251)
	at de.uka.ilkd.key.control.KeYEnvironment.load(KeYEnvironment.java:224)
	at de.uka.ilkd.key.control.KeYEnvironment.load(KeYEnvironment.java:184)
	at de.uka.ilkd.key.control.KeYEnvironment.load(KeYEnvironment.java:261)
	at de.uka.ilkd.key.proof.runallproofs.proofcollection.TestFile.load(TestFile.java:270)
	at de.uka.ilkd.key.proof.runallproofs.proofcollection.TestFile.runKey(TestFile.java:160)
	at de.uka.ilkd.key.proof.runallproofs.proofcollection.ForkedTestFileRunner.main(ForkedTestFileRunner.java:171)
Caused by: java.lang.NoClassDefFoundError: Could not initialize class de.uka.ilkd.key.nparser.KeYParser
	at de.uka.ilkd.key.nparser.ParsingFacade.createParser(ParsingFacade.java:87)
	at de.uka.ilkd.key.nparser.ParsingFacade.parseFile(ParsingFacade.java:123)
	at de.uka.ilkd.key.proof.io.KeYFile.getParseContext(KeYFile.java:160)
	at de.uka.ilkd.key.proof.io.KeYFile.getProblemInformation(KeYFile.java:236)
	at de.uka.ilkd.key.proof.init.KeYUserProblemFile.readProfileFromFile(KeYUserProblemFile.java:236)
	at de.uka.ilkd.key.proof.init.KeYUserProblemFile.getProfile(KeYUserProblemFile.java:216)
	at de.uka.ilkd.key.proof.io.AbstractProblemLoader.createProblemInitializer(AbstractProblemLoader.java:508)
	at de.uka.ilkd.key.proof.io.AbstractProblemLoader.loadEnvironment(AbstractProblemLoader.java:288)
	at de.uka.ilkd.key.proof.io.AbstractProblemLoader.load(AbstractProblemLoader.java:253)
	at de.uka.ilkd.key.control.AbstractUserInterfaceControl.load(AbstractUserInterfaceControl.java:209)
	... 7 more
Could not initialize class de.uka.ilkd.key.nparser.KeYParser (file: /home/runner/work/key/key/key.core/../key.ui/examples/index/.././heap/permissions/threads/AFilter_startTransfer_contract.key; caused by: java.lang.NoClassDefFoundError: Could not initialize class de.uka.ilkd.key.nparser.KeYParser)
	at de.uka.ilkd.key.control.AbstractUserInterfaceControl.load(AbstractUserInterfaceControl.java:221)
	at de.uka.ilkd.key.control.KeYEnvironment.load(KeYEnvironment.java:251)
	at de.uka.ilkd.key.control.KeYEnvironment.load(KeYEnvironment.java:224)
	at de.uka.ilkd.key.control.KeYEnvironment.load(KeYEnvironment.java:184)
	at de.uka.ilkd.key.control.KeYEnvironment.load(KeYEnvironment.java:261)
	at de.uka.ilkd.key.proof.runallproofs.proofcollection.TestFile.load(TestFile.java:270)
	at de.uka.ilkd.key.proof.runallproofs.proofcollection.TestFile.runKey(TestFile.java:160)
	at de.uka.ilkd.key.proof.runallproofs.proofcollection.ForkedTestFileRunner.main(ForkedTestFileRunner.java:171)
Caused by: java.lang.NoClassDefFoundError: Could not initialize class de.uka.ilkd.key.nparser.KeYParser
	at de.uka.ilkd.key.nparser.ParsingFacade.createParser(ParsingFacade.java:87)
	at de.uka.ilkd.key.nparser.ParsingFacade.parseFile(ParsingFacade.java:123)
	at de.uka.ilkd.key.proof.io.KeYFile.getParseContext(KeYFile.java:160)
	at de.uka.ilkd.key.proof.io.KeYFile.getProblemInformation(KeYFile.java:236)
	at de.uka.ilkd.key.proof.init.KeYUserProblemFile.readProfileFromFile(KeYUserProblemFile.java:236)
	at de.uka.ilkd.key.proof.init.KeYUserProblemFile.getProfile(KeYUserProblemFile.java:216)
	at de.uka.ilkd.key.proof.io.AbstractProblemLoader.createProblemInitializer(AbstractProblemLoader.java:508)
	at de.uka.ilkd.key.proof.io.AbstractProblemLoader.loadEnvironment(AbstractProblemLoader.java:288)
	at de.uka.ilkd.key.proof.io.AbstractProblemLoader.load(AbstractProblemLoader.java:253)
	at de.uka.ilkd.key.control.AbstractUserInterfaceControl.load(AbstractUserInterfaceControl.java:209)
	... 7 more
Could not initialize class de.uka.ilkd.key.nparser.KeYParser (file: /home/runner/work/key/key/key.core/../key.ui/examples/index/.././heap/permissions/threads/AFilter_stateInv_accessible.key; caused by: java.lang.NoClassDefFoundError: Could not initialize class de.uka.ilkd.key.nparser.KeYParser)
	at de.uka.ilkd.key.control.AbstractUserInterfaceControl.load(AbstractUserInterfaceControl.java:221)
	at de.uka.ilkd.key.control.KeYEnvironment.load(KeYEnvironment.java:251)
	at de.uka.ilkd.key.control.KeYEnvironment.load(KeYEnvironment.java:224)
	at de.uka.ilkd.key.control.KeYEnvironment.load(KeYEnvironment.java:184)
	at de.uka.ilkd.key.control.KeYEnvironment.load(KeYEnvironment.java:261)
	at de.uka.ilkd.key.proof.runallproofs.proofcollection.TestFile.load(TestFile.java:270)
	at de.uka.ilkd.key.proof.runallproofs.proofcollection.TestFile.runKey(TestFile.java:160)
	at de.uka.ilkd.key.proof.runallproofs.proofcollection.ForkedTestFileRunner.main(ForkedTestFileRunner.java:171)
Caused by: java.lang.NoClassDefFoundError: Could not initialize class de.uka.ilkd.key.nparser.KeYParser
	at de.uka.ilkd.key.nparser.ParsingFacade.createParser(ParsingFacade.java:87)
	at de.uka.ilkd.key.nparser.ParsingFacade.parseFile(ParsingFacade.java:123)
	at de.uka.ilkd.key.proof.io.KeYFile.getParseContext(KeYFile.java:160)
	at de.uka.ilkd.key.proof.io.KeYFile.getProblemInformation(KeYFile.java:236)
	at de.uka.ilkd.key.proof.init.KeYUserProblemFile.readProfileFromFile(KeYUserProblemFile.java:236)
	at de.uka.ilkd.key.proof.init.KeYUserProblemFile.getProfile(KeYUserProblemFile.java:216)
	at de.uka.ilkd.key.proof.io.AbstractProblemLoader.createProblemInitializer(AbstractProblemLoader.java:508)
	at de.uka.ilkd.key.proof.io.AbstractProblemLoader.loadEnvironment(AbstractProblemLoader.java:288)
	at de.uka.ilkd.key.proof.io.AbstractProblemLoader.load(AbstractProblemLoader.java:253)
	at de.uka.ilkd.key.control.AbstractUserInterfaceControl.load(AbstractUserInterfaceControl.java:209)
	... 7 more
Could not initialize class de.uka.ilkd.key.nparser.KeYParser (file: /home/runner/work/key/key/key.core/../key.ui/examples/index/.././heap/permissions/threads/AFilter_staticPermissions_accessible.key; caused by: java.lang.NoClassDefFoundError: Could not initialize class de.uka.ilkd.key.nparser.KeYParser)
	at de.uka.ilkd.key.control.AbstractUserInterfaceControl.load(AbstractUserInterfaceControl.java:221)
	at de.uka.ilkd.key.control.KeYEnvironment.load(KeYEnvironment.java:251)
	at de.uka.ilkd.key.control.KeYEnvironment.load(KeYEnvironment.java:224)
	at de.uka.ilkd.key.control.KeYEnvironment.load(KeYEnvironment.java:184)
	at de.uka.ilkd.key.control.KeYEnvironment.load(KeYEnvironment.java:261)
	at de.uka.ilkd.key.proof.runallproofs.proofcollection.TestFile.load(TestFile.java:270)
	at de.uka.ilkd.key.proof.runallproofs.proofcollection.TestFile.runKey(TestFile.java:160)
	at de.uka.ilkd.key.proof.runallproofs.proofcollection.ForkedTestFileRunner.main(ForkedTestFileRunner.java:171)
Caused by: java.lang.NoClassDefFoundError: Could not initialize class de.uka.ilkd.key.nparser.KeYParser
	at de.uka.ilkd.key.nparser.ParsingFacade.createParser(ParsingFacade.java:87)
	at de.uka.ilkd.key.nparser.ParsingFacade.parseFile(ParsingFacade.java:123)
	at de.uka.ilkd.key.proof.io.KeYFile.getParseContext(KeYFile.java:160)
	at de.uka.ilkd.key.proof.io.KeYFile.getProblemInformation(KeYFile.java:236)
	at de.uka.ilkd.key.proof.init.KeYUserProblemFile.readProfileFromFile(KeYUserProblemFile.java:236)
	at de.uka.ilkd.key.proof.init.KeYUserProblemFile.getProfile(KeYUserProblemFile.java:216)
	at de.uka.ilkd.key.proof.io.AbstractProblemLoader.createProblemInitializer(AbstractProblemLoader.java:508)
	at de.uka.ilkd.key.proof.io.AbstractProblemLoader.loadEnvironment(AbstractProblemLoader.java:288)
	at de.uka.ilkd.key.proof.io.AbstractProblemLoader.load(AbstractProblemLoader.java:253)
	at de.uka.ilkd.key.control.AbstractUserInterfaceControl.load(AbstractUserInterfaceControl.java:209)
	... 7 more
Could not initialize class de.uka.ilkd.key.nparser.KeYParser (file: /home/runner/work/key/key/key.core/../key.ui/examples/index/.././heap/permissions/threads/AFilter_workingPermissions_accessible.key; caused by: java.lang.NoClassDefFoundError: Could not initialize class de.uka.ilkd.key.nparser.KeYParser)
	at de.uka.ilkd.key.control.AbstractUserInterfaceControl.load(AbstractUserInterfaceControl.java:221)
	at de.uka.ilkd.key.control.KeYEnvironment.load(KeYEnvironment.java:251)
	at de.uka.ilkd.key.control.KeYEnvironment.load(KeYEnvironment.java:224)
	at de.uka.ilkd.key.control.KeYEnvironment.load(KeYEnvironment.java:184)
	at de.uka.ilkd.key.control.KeYEnvironment.load(KeYEnvironment.java:261)
	at de.uka.ilkd.key.proof.runallproofs.proofcollection.TestFile.load(TestFile.java:270)
	at de.uka.ilkd.key.proof.runallproofs.proofcollection.TestFile.runKey(TestFile.java:160)
	at de.uka.ilkd.key.proof.runallproofs.proofcollection.ForkedTestFileRunner.main(ForkedTestFileRunner.java:171)
Caused by: java.lang.NoClassDefFoundError: Could not initialize class de.uka.ilkd.key.nparser.KeYParser
	at de.uka.ilkd.key.nparser.ParsingFacade.createParser(ParsingFacade.java:87)
	at de.uka.ilkd.key.nparser.ParsingFacade.parseFile(ParsingFacade.java:123)
	at de.uka.ilkd.key.proof.io.KeYFile.getParseContext(KeYFile.java:160)
	at de.uka.ilkd.key.proof.io.KeYFile.getProblemInformation(KeYFile.java:236)
	at de.uka.ilkd.key.proof.init.KeYUserProblemFile.readProfileFromFile(KeYUserProblemFile.java:236)
	at de.uka.ilkd.key.proof.init.KeYUserProblemFile.getProfile(KeYUserProblemFile.java:216)
	at de.uka.ilkd.key.proof.io.AbstractProblemLoader.createProblemInitializer(AbstractProblemLoader.java:508)
	at de.uka.ilkd.key.proof.io.AbstractProblemLoader.loadEnvironment(AbstractProblemLoader.java:288)
	at de.uka.ilkd.key.proof.io.AbstractProblemLoader.load(AbstractProblemLoader.java:253)
	at de.uka.ilkd.key.control.AbstractUserInterfaceControl.load(AbstractUserInterfaceControl.java:209)
	... 7 more
Could not initialize class de.uka.ilkd.key.nparser.KeYParser (file: /home/runner/work/key/key/key.core/../key.ui/examples/index/.././heap/permissions/threads/BFilter_BFilter.key; caused by: java.lang.NoClassDefFoundError: Could not initialize class de.uka.ilkd.key.nparser.KeYParser)
	at de.uka.ilkd.key.control.AbstractUserInterfaceControl.load(AbstractUserInterfaceControl.java:221)
	at de.uka.ilkd.key.control.KeYEnvironment.load(KeYEnvironment.java:251)
	at de.uka.ilkd.key.control.KeYEnvironment.load(KeYEnvironment.java:224)
	at de.uka.ilkd.key.control.KeYEnvironment.load(KeYEnvironment.java:184)
	at de.uka.ilkd.key.control.KeYEnvironment.load(KeYEnvironment.java:261)
	at de.uka.ilkd.key.proof.runallproofs.proofcollection.TestFile.load(TestFile.java:270)
	at de.uka.ilkd.key.proof.runallproofs.proofcollection.TestFile.runKey(TestFile.java:160)
	at de.uka.ilkd.key.proof.runallproofs.proofcollection.ForkedTestFileRunner.main(ForkedTestFileRunner.java:171)
Caused by: java.lang.NoClassDefFoundError: Could not initialize class de.uka.ilkd.key.nparser.KeYParser
	at de.uka.ilkd.key.nparser.ParsingFacade.createParser(ParsingFacade.java:87)
	at de.uka.ilkd.key.nparser.ParsingFacade.parseFile(ParsingFacade.java:123)
	at de.uka.ilkd.key.proof.io.KeYFile.getParseContext(KeYFile.java:160)
	at de.uka.ilkd.key.proof.io.KeYFile.getProblemInformation(KeYFile.java:236)
	at de.uka.ilkd.key.proof.init.KeYUserProblemFile.readProfileFromFile(KeYUserProblemFile.java:236)
	at de.uka.ilkd.key.proof.init.KeYUserProblemFile.getProfile(KeYUserProblemFile.java:216)
	at de.uka.ilkd.key.proof.io.AbstractProblemLoader.createProblemInitializer(AbstractProblemLoader.java:508)
	at de.uka.ilkd.key.proof.io.AbstractProblemLoader.loadEnvironment(AbstractProblemLoader.java:288)
	at de.uka.ilkd.key.proof.io.AbstractProblemLoader.load(AbstractProblemLoader.java:253)
	at de.uka.ilkd.key.control.AbstractUserInterfaceControl.load(AbstractUserInterfaceControl.java:209)
	... 7 more
Could not initialize class de.uka.ilkd.key.nparser.KeYParser (file: /home/runner/work/key/key/key.core/../key.ui/examples/index/.././heap/permissions/threads/BFilter_initPost_accessible.key; caused by: java.lang.NoClassDefFoundError: Could not initialize class de.uka.ilkd.key.nparser.KeYParser)
	at de.uka.ilkd.key.control.AbstractUserInterfaceControl.load(AbstractUserInterfaceControl.java:221)
	at de.uka.ilkd.key.control.KeYEnvironment.load(KeYEnvironment.java:251)
	at de.uka.ilkd.key.control.KeYEnvironment.load(KeYEnvironment.java:224)
	at de.uka.ilkd.key.control.KeYEnvironment.load(KeYEnvironment.java:184)
	at de.uka.ilkd.key.control.KeYEnvironment.load(KeYEnvironment.java:261)
	at de.uka.ilkd.key.proof.runallproofs.proofcollection.TestFile.load(TestFile.java:270)
	at de.uka.ilkd.key.proof.runallproofs.proofcollection.TestFile.runKey(TestFile.java:160)
	at de.uka.ilkd.key.proof.runallproofs.proofcollection.ForkedTestFileRunner.main(ForkedTestFileRunner.java:171)
Caused by: java.lang.NoClassDefFoundError: Could not initialize class de.uka.ilkd.key.nparser.KeYParser
	at de.uka.ilkd.key.nparser.ParsingFacade.createParser(ParsingFacade.java:87)
	at de.uka.ilkd.key.nparser.ParsingFacade.parseFile(ParsingFacade.java:123)
	at de.uka.ilkd.key.proof.io.KeYFile.getParseContext(KeYFile.java:160)
	at de.uka.ilkd.key.proof.io.KeYFile.getProblemInformation(KeYFile.java:236)
	at de.uka.ilkd.key.proof.init.KeYUserProblemFile.readProfileFromFile(KeYUserProblemFile.java:236)
	at de.uka.ilkd.key.proof.init.KeYUserProblemFile.getProfile(KeYUserProblemFile.java:216)
	at de.uka.ilkd.key.proof.io.AbstractProblemLoader.createProblemInitializer(AbstractProblemLoader.java:508)
	at de.uka.ilkd.key.proof.io.AbstractProblemLoader.loadEnvironment(AbstractProblemLoader.java:288)
	at de.uka.ilkd.key.proof.io.AbstractProblemLoader.load(AbstractProblemLoader.java:253)
	at de.uka.ilkd.key.control.AbstractUserInterfaceControl.load(AbstractUserInterfaceControl.java:209)
	... 7 more
Could not initialize class de.uka.ilkd.key.nparser.KeYParser (file: /home/runner/work/key/key/key.core/../key.ui/examples/index/.././heap/permissions/threads/BFilter_inv_accessible1.key; caused by: java.lang.NoClassDefFoundError: Could not initialize class de.uka.ilkd.key.nparser.KeYParser)
	at de.uka.ilkd.key.control.AbstractUserInterfaceControl.load(AbstractUserInterfaceControl.java:221)
	at de.uka.ilkd.key.control.KeYEnvironment.load(KeYEnvironment.java:251)
	at de.uka.ilkd.key.control.KeYEnvironment.load(KeYEnvironment.java:224)
	at de.uka.ilkd.key.control.KeYEnvironment.load(KeYEnvironment.java:184)
	at de.uka.ilkd.key.control.KeYEnvironment.load(KeYEnvironment.java:261)
	at de.uka.ilkd.key.proof.runallproofs.proofcollection.TestFile.load(TestFile.java:270)
	at de.uka.ilkd.key.proof.runallproofs.proofcollection.TestFile.runKey(TestFile.java:160)
	at de.uka.ilkd.key.proof.runallproofs.proofcollection.ForkedTestFileRunner.main(ForkedTestFileRunner.java:171)
Caused by: java.lang.NoClassDefFoundError: Could not initialize class de.uka.ilkd.key.nparser.KeYParser
	at de.uka.ilkd.key.nparser.ParsingFacade.createParser(ParsingFacade.java:87)
	at de.uka.ilkd.key.nparser.ParsingFacade.parseFile(ParsingFacade.java:123)
	at de.uka.ilkd.key.proof.io.KeYFile.getParseContext(KeYFile.java:160)
	at de.uka.ilkd.key.proof.io.KeYFile.getProblemInformation(KeYFile.java:236)
	at de.uka.ilkd.key.proof.init.KeYUserProblemFile.readProfileFromFile(KeYUserProblemFile.java:236)
	at de.uka.ilkd.key.proof.init.KeYUserProblemFile.getProfile(KeYUserProblemFile.java:216)
	at de.uka.ilkd.key.proof.io.AbstractProblemLoader.createProblemInitializer(AbstractProblemLoader.java:508)
	at de.uka.ilkd.key.proof.io.AbstractProblemLoader.loadEnvironment(AbstractProblemLoader.java:288)
	at de.uka.ilkd.key.proof.io.AbstractProblemLoader.load(AbstractProblemLoader.java:253)
	at de.uka.ilkd.key.control.AbstractUserInterfaceControl.load(AbstractUserInterfaceControl.java:209)
	... 7 more
Could not initialize class de.uka.ilkd.key.nparser.KeYParser (file: /home/runner/work/key/key/key.core/../key.ui/examples/index/.././heap/permissions/threads/BFilter_inv_accessible2.key; caused by: java.lang.NoClassDefFoundError: Could not initialize class de.uka.ilkd.key.nparser.KeYParser)
	at de.uka.ilkd.key.control.AbstractUserInterfaceControl.load(AbstractUserInterfaceControl.java:221)
	at de.uka.ilkd.key.control.KeYEnvironment.load(KeYEnvironment.java:251)
	at de.uka.ilkd.key.control.KeYEnvironment.load(KeYEnvironment.java:224)
	at de.uka.ilkd.key.control.KeYEnvironment.load(KeYEnvironment.java:184)
	at de.uka.ilkd.key.control.KeYEnvironment.load(KeYEnvironment.java:261)
	at de.uka.ilkd.key.proof.runallproofs.proofcollection.TestFile.load(TestFile.java:270)
	at de.uka.ilkd.key.proof.runallproofs.proofcollection.TestFile.runKey(TestFile.java:160)
	at de.uka.ilkd.key.proof.runallproofs.proofcollection.ForkedTestFileRunner.main(ForkedTestFileRunner.java:171)
Caused by: java.lang.NoClassDefFoundError: Could not initialize class de.uka.ilkd.key.nparser.KeYParser
	at de.uka.ilkd.key.nparser.ParsingFacade.createParser(ParsingFacade.java:87)
	at de.uka.ilkd.key.nparser.ParsingFacade.parseFile(ParsingFacade.java:123)
	at de.uka.ilkd.key.proof.io.KeYFile.getParseContext(KeYFile.java:160)
	at de.uka.ilkd.key.proof.io.KeYFile.getProblemInformation(KeYFile.java:236)
	at de.uka.ilkd.key.proof.init.KeYUserProblemFile.readProfileFromFile(KeYUserProblemFile.java:236)
	at de.uka.ilkd.key.proof.init.KeYUserProblemFile.getProfile(KeYUserProblemFile.java:216)
	at de.uka.ilkd.key.proof.io.AbstractProblemLoader.createProblemInitializer(AbstractProblemLoader.java:508)
	at de.uka.ilkd.key.proof.io.AbstractProblemLoader.loadEnvironment(AbstractProblemLoader.java:288)
	at de.uka.ilkd.key.proof.io.AbstractProblemLoader.load(AbstractProblemLoader.java:253)
	at de.uka.ilkd.key.control.AbstractUserInterfaceControl.load(AbstractUserInterfaceControl.java:209)
	... 7 more
Could not initialize class de.uka.ilkd.key.nparser.KeYParser (file: /home/runner/work/key/key/key.core/../key.ui/examples/index/.././heap/permissions/threads/BFilter_joinTransfer_accessible.key; caused by: java.lang.NoClassDefFoundError: Could not initialize class de.uka.ilkd.key.nparser.KeYParser)
	at de.uka.ilkd.key.control.AbstractUserInterfaceControl.load(AbstractUserInterfaceControl.java:221)
	at de.uka.ilkd.key.control.KeYEnvironment.load(KeYEnvironment.java:251)
	at de.uka.ilkd.key.control.KeYEnvironment.load(KeYEnvironment.java:224)
	at de.uka.ilkd.key.control.KeYEnvironment.load(KeYEnvironment.java:184)
	at de.uka.ilkd.key.control.KeYEnvironment.load(KeYEnvironment.java:261)
	at de.uka.ilkd.key.proof.runallproofs.proofcollection.TestFile.load(TestFile.java:270)
	at de.uka.ilkd.key.proof.runallproofs.proofcollection.TestFile.runKey(TestFile.java:160)
	at de.uka.ilkd.key.proof.runallproofs.proofcollection.ForkedTestFileRunner.main(ForkedTestFileRunner.java:171)
Caused by: java.lang.NoClassDefFoundError: Could not initialize class de.uka.ilkd.key.nparser.KeYParser
	at de.uka.ilkd.key.nparser.ParsingFacade.createParser(ParsingFacade.java:87)
	at de.uka.ilkd.key.nparser.ParsingFacade.parseFile(ParsingFacade.java:123)
	at de.uka.ilkd.key.proof.io.KeYFile.getParseContext(KeYFile.java:160)
	at de.uka.ilkd.key.proof.io.KeYFile.getProblemInformation(KeYFile.java:236)
	at de.uka.ilkd.key.proof.init.KeYUserProblemFile.readProfileFromFile(KeYUserProblemFile.java:236)
	at de.uka.ilkd.key.proof.init.KeYUserProblemFile.getProfile(KeYUserProblemFile.java:216)
	at de.uka.ilkd.key.proof.io.AbstractProblemLoader.createProblemInitializer(AbstractProblemLoader.java:508)
	at de.uka.ilkd.key.proof.io.AbstractProblemLoader.loadEnvironment(AbstractProblemLoader.java:288)
	at de.uka.ilkd.key.proof.io.AbstractProblemLoader.load(AbstractProblemLoader.java:253)
	at de.uka.ilkd.key.control.AbstractUserInterfaceControl.load(AbstractUserInterfaceControl.java:209)
	... 7 more
Could not initialize class de.uka.ilkd.key.nparser.KeYParser (file: /home/runner/work/key/key/key.core/../key.ui/examples/index/.././heap/permissions/threads/BFilter_joinTransfer_contract.key; caused by: java.lang.NoClassDefFoundError: Could not initialize class de.uka.ilkd.key.nparser.KeYParser)
	at de.uka.ilkd.key.control.AbstractUserInterfaceControl.load(AbstractUserInterfaceControl.java:221)
	at de.uka.ilkd.key.control.KeYEnvironment.load(KeYEnvironment.java:251)
	at de.uka.ilkd.key.control.KeYEnvironment.load(KeYEnvironment.java:224)
	at de.uka.ilkd.key.control.KeYEnvironment.load(KeYEnvironment.java:184)
	at de.uka.ilkd.key.control.KeYEnvironment.load(KeYEnvironment.java:261)
	at de.uka.ilkd.key.proof.runallproofs.proofcollection.TestFile.load(TestFile.java:270)
	at de.uka.ilkd.key.proof.runallproofs.proofcollection.TestFile.runKey(TestFile.java:160)
	at de.uka.ilkd.key.proof.runallproofs.proofcollection.ForkedTestFileRunner.main(ForkedTestFileRunner.java:171)
Caused by: java.lang.NoClassDefFoundError: Could not initialize class de.uka.ilkd.key.nparser.KeYParser
	at de.uka.ilkd.key.nparser.ParsingFacade.createParser(ParsingFacade.java:87)
	at de.uka.ilkd.key.nparser.ParsingFacade.parseFile(ParsingFacade.java:123)
	at de.uka.ilkd.key.proof.io.KeYFile.getParseContext(KeYFile.java:160)
	at de.uka.ilkd.key.proof.io.KeYFile.getProblemInformation(KeYFile.java:236)
	at de.uka.ilkd.key.proof.init.KeYUserProblemFile.readProfileFromFile(KeYUserProblemFile.java:236)
	at de.uka.ilkd.key.proof.init.KeYUserProblemFile.getProfile(KeYUserProblemFile.java:216)
	at de.uka.ilkd.key.proof.io.AbstractProblemLoader.createProblemInitializer(AbstractProblemLoader.java:508)
	at de.uka.ilkd.key.proof.io.AbstractProblemLoader.loadEnvironment(AbstractProblemLoader.java:288)
	at de.uka.ilkd.key.proof.io.AbstractProblemLoader.load(AbstractProblemLoader.java:253)
	at de.uka.ilkd.key.control.AbstractUserInterfaceControl.load(AbstractUserInterfaceControl.java:209)
	... 7 more
Could not initialize class de.uka.ilkd.key.nparser.KeYParser (file: /home/runner/work/key/key/key.core/../key.ui/examples/index/.././heap/permissions/threads/BFilter_postJoin_accessible.key; caused by: java.lang.NoClassDefFoundError: Could not initialize class de.uka.ilkd.key.nparser.KeYParser)
	at de.uka.ilkd.key.control.AbstractUserInterfaceControl.load(AbstractUserInterfaceControl.java:221)
	at de.uka.ilkd.key.control.KeYEnvironment.load(KeYEnvironment.java:251)
	at de.uka.ilkd.key.control.KeYEnvironment.load(KeYEnvironment.java:224)
	at de.uka.ilkd.key.control.KeYEnvironment.load(KeYEnvironment.java:184)
	at de.uka.ilkd.key.control.KeYEnvironment.load(KeYEnvironment.java:261)
	at de.uka.ilkd.key.proof.runallproofs.proofcollection.TestFile.load(TestFile.java:270)
	at de.uka.ilkd.key.proof.runallproofs.proofcollection.TestFile.runKey(TestFile.java:160)
	at de.uka.ilkd.key.proof.runallproofs.proofcollection.ForkedTestFileRunner.main(ForkedTestFileRunner.java:171)
Caused by: java.lang.NoClassDefFoundError: Could not initialize class de.uka.ilkd.key.nparser.KeYParser
	at de.uka.ilkd.key.nparser.ParsingFacade.createParser(ParsingFacade.java:87)
	at de.uka.ilkd.key.nparser.ParsingFacade.parseFile(ParsingFacade.java:123)
	at de.uka.ilkd.key.proof.io.KeYFile.getParseContext(KeYFile.java:160)
	at de.uka.ilkd.key.proof.io.KeYFile.getProblemInformation(KeYFile.java:236)
	at de.uka.ilkd.key.proof.init.KeYUserProblemFile.readProfileFromFile(KeYUserProblemFile.java:236)
	at de.uka.ilkd.key.proof.init.KeYUserProblemFile.getProfile(KeYUserProblemFile.java:216)
	at de.uka.ilkd.key.proof.io.AbstractProblemLoader.createProblemInitializer(AbstractProblemLoader.java:508)
	at de.uka.ilkd.key.proof.io.AbstractProblemLoader.loadEnvironment(AbstractProblemLoader.java:288)
	at de.uka.ilkd.key.proof.io.AbstractProblemLoader.load(AbstractProblemLoader.java:253)
	at de.uka.ilkd.key.control.AbstractUserInterfaceControl.load(AbstractUserInterfaceControl.java:209)
	... 7 more
Could not initialize class de.uka.ilkd.key.nparser.KeYParser (file: /home/runner/work/key/key/key.core/../key.ui/examples/index/.././heap/permissions/threads/BFilter_preStart_accessible.key; caused by: java.lang.NoClassDefFoundError: Could not initialize class de.uka.ilkd.key.nparser.KeYParser)
	at de.uka.ilkd.key.control.AbstractUserInterfaceControl.load(AbstractUserInterfaceControl.java:221)
	at de.uka.ilkd.key.control.KeYEnvironment.load(KeYEnvironment.java:251)
	at de.uka.ilkd.key.control.KeYEnvironment.load(KeYEnvironment.java:224)
	at de.uka.ilkd.key.control.KeYEnvironment.load(KeYEnvironment.java:184)
	at de.uka.ilkd.key.control.KeYEnvironment.load(KeYEnvironment.java:261)
	at de.uka.ilkd.key.proof.runallproofs.proofcollection.TestFile.load(TestFile.java:270)
	at de.uka.ilkd.key.proof.runallproofs.proofcollection.TestFile.runKey(TestFile.java:160)
	at de.uka.ilkd.key.proof.runallproofs.proofcollection.ForkedTestFileRunner.main(ForkedTestFileRunner.java:171)
Caused by: java.lang.NoClassDefFoundError: Could not initialize class de.uka.ilkd.key.nparser.KeYParser
	at de.uka.ilkd.key.nparser.ParsingFacade.createParser(ParsingFacade.java:87)
	at de.uka.ilkd.key.nparser.ParsingFacade.parseFile(ParsingFacade.java:123)
	at de.uka.ilkd.key.proof.io.KeYFile.getParseContext(KeYFile.java:160)
	at de.uka.ilkd.key.proof.io.KeYFile.getProblemInformation(KeYFile.java:236)
	at de.uka.ilkd.key.proof.init.KeYUserProblemFile.readProfileFromFile(KeYUserProblemFile.java:236)
	at de.uka.ilkd.key.proof.init.KeYUserProblemFile.getProfile(KeYUserProblemFile.java:216)
	at de.uka.ilkd.key.proof.io.AbstractProblemLoader.createProblemInitializer(AbstractProblemLoader.java:508)
	at de.uka.ilkd.key.proof.io.AbstractProblemLoader.loadEnvironment(AbstractProblemLoader.java:288)
	at de.uka.ilkd.key.proof.io.AbstractProblemLoader.load(AbstractProblemLoader.java:253)
	at de.uka.ilkd.key.control.AbstractUserInterfaceControl.load(AbstractUserInterfaceControl.java:209)
	... 7 more
Could not initialize class de.uka.ilkd.key.nparser.KeYParser (file: /home/runner/work/key/key/key.core/../key.ui/examples/index/.././heap/permissions/threads/BFilter_startTransfer_accessible.key; caused by: java.lang.NoClassDefFoundError: Could not initialize class de.uka.ilkd.key.nparser.KeYParser)
	at de.uka.ilkd.key.control.AbstractUserInterfaceControl.load(AbstractUserInterfaceControl.java:221)
	at de.uka.ilkd.key.control.KeYEnvironment.load(KeYEnvironment.java:251)
	at de.uka.ilkd.key.control.KeYEnvironment.load(KeYEnvironment.java:224)
	at de.uka.ilkd.key.control.KeYEnvironment.load(KeYEnvironment.java:184)
	at de.uka.ilkd.key.control.KeYEnvironment.load(KeYEnvironment.java:261)
	at de.uka.ilkd.key.proof.runallproofs.proofcollection.TestFile.load(TestFile.java:270)
	at de.uka.ilkd.key.proof.runallproofs.proofcollection.TestFile.runKey(TestFile.java:160)
	at de.uka.ilkd.key.proof.runallproofs.proofcollection.ForkedTestFileRunner.main(ForkedTestFileRunner.java:171)
Caused by: java.lang.NoClassDefFoundError: Could not initialize class de.uka.ilkd.key.nparser.KeYParser
	at de.uka.ilkd.key.nparser.ParsingFacade.createParser(ParsingFacade.java:87)
	at de.uka.ilkd.key.nparser.ParsingFacade.parseFile(ParsingFacade.java:123)
	at de.uka.ilkd.key.proof.io.KeYFile.getParseContext(KeYFile.java:160)
	at de.uka.ilkd.key.proof.io.KeYFile.getProblemInformation(KeYFile.java:236)
	at de.uka.ilkd.key.proof.init.KeYUserProblemFile.readProfileFromFile(KeYUserProblemFile.java:236)
	at de.uka.ilkd.key.proof.init.KeYUserProblemFile.getProfile(KeYUserProblemFile.java:216)
	at de.uka.ilkd.key.proof.io.AbstractProblemLoader.createProblemInitializer(AbstractProblemLoader.java:508)
	at de.uka.ilkd.key.proof.io.AbstractProblemLoader.loadEnvironment(AbstractProblemLoader.java:288)
	at de.uka.ilkd.key.proof.io.AbstractProblemLoader.load(AbstractProblemLoader.java:253)
	at de.uka.ilkd.key.control.AbstractUserInterfaceControl.load(AbstractUserInterfaceControl.java:209)
	... 7 more
Could not initialize class de.uka.ilkd.key.nparser.KeYParser (file: /home/runner/work/key/key/key.core/../key.ui/examples/index/.././heap/permissions/threads/BFilter_startTransfer_contract.key; caused by: java.lang.NoClassDefFoundError: Could not initialize class de.uka.ilkd.key.nparser.KeYParser)
	at de.uka.ilkd.key.control.AbstractUserInterfaceControl.load(AbstractUserInterfaceControl.java:221)
	at de.uka.ilkd.key.control.KeYEnvironment.load(KeYEnvironment.java:251)
	at de.uka.ilkd.key.control.KeYEnvironment.load(KeYEnvironment.java:224)
	at de.uka.ilkd.key.control.KeYEnvironment.load(KeYEnvironment.java:184)
	at de.uka.ilkd.key.control.KeYEnvironment.load(KeYEnvironment.java:261)
	at de.uka.ilkd.key.proof.runallproofs.proofcollection.TestFile.load(TestFile.java:270)
	at de.uka.ilkd.key.proof.runallproofs.proofcollection.TestFile.runKey(TestFile.java:160)
	at de.uka.ilkd.key.proof.runallproofs.proofcollection.ForkedTestFileRunner.main(ForkedTestFileRunner.java:171)
Caused by: java.lang.NoClassDefFoundError: Could not initialize class de.uka.ilkd.key.nparser.KeYParser
	at de.uka.ilkd.key.nparser.ParsingFacade.createParser(ParsingFacade.java:87)
	at de.uka.ilkd.key.nparser.ParsingFacade.parseFile(ParsingFacade.java:123)
	at de.uka.ilkd.key.proof.io.KeYFile.getParseContext(KeYFile.java:160)
	at de.uka.ilkd.key.proof.io.KeYFile.getProblemInformation(KeYFile.java:236)
	at de.uka.ilkd.key.proof.init.KeYUserProblemFile.readProfileFromFile(KeYUserProblemFile.java:236)
	at de.uka.ilkd.key.proof.init.KeYUserProblemFile.getProfile(KeYUserProblemFile.java:216)
	at de.uka.ilkd.key.proof.io.AbstractProblemLoader.createProblemInitializer(AbstractProblemLoader.java:508)
	at de.uka.ilkd.key.proof.io.AbstractProblemLoader.loadEnvironment(AbstractProblemLoader.java:288)
	at de.uka.ilkd.key.proof.io.AbstractProblemLoader.load(AbstractProblemLoader.java:253)
	at de.uka.ilkd.key.control.AbstractUserInterfaceControl.load(AbstractUserInterfaceControl.java:209)
	... 7 more
Could not initialize class de.uka.ilkd.key.nparser.KeYParser (file: /home/runner/work/key/key/key.core/../key.ui/examples/index/.././heap/permissions/threads/BFilter_stateInv_accessible.key; caused by: java.lang.NoClassDefFoundError: Could not initialize class de.uka.ilkd.key.nparser.KeYParser)
	at de.uka.ilkd.key.control.AbstractUserInterfaceControl.load(AbstractUserInterfaceControl.java:221)
	at de.uka.ilkd.key.control.KeYEnvironment.load(KeYEnvironment.java:251)
	at de.uka.ilkd.key.control.KeYEnvironment.load(KeYEnvironment.java:224)
	at de.uka.ilkd.key.control.KeYEnvironment.load(KeYEnvironment.java:184)
	at de.uka.ilkd.key.control.KeYEnvironment.load(KeYEnvironment.java:261)
	at de.uka.ilkd.key.proof.runallproofs.proofcollection.TestFile.load(TestFile.java:270)
	at de.uka.ilkd.key.proof.runallproofs.proofcollection.TestFile.runKey(TestFile.java:160)
	at de.uka.ilkd.key.proof.runallproofs.proofcollection.ForkedTestFileRunner.main(ForkedTestFileRunner.java:171)
Caused by: java.lang.NoClassDefFoundError: Could not initialize class de.uka.ilkd.key.nparser.KeYParser
	at de.uka.ilkd.key.nparser.ParsingFacade.createParser(ParsingFacade.java:87)
	at de.uka.ilkd.key.nparser.ParsingFacade.parseFile(ParsingFacade.java:123)
	at de.uka.ilkd.key.proof.io.KeYFile.getParseContext(KeYFile.java:160)
	at de.uka.ilkd.key.proof.io.KeYFile.getProblemInformation(KeYFile.java:236)
	at de.uka.ilkd.key.proof.init.KeYUserProblemFile.readProfileFromFile(KeYUserProblemFile.java:236)
	at de.uka.ilkd.key.proof.init.KeYUserProblemFile.getProfile(KeYUserProblemFile.java:216)
	at de.uka.ilkd.key.proof.io.AbstractProblemLoader.createProblemInitializer(AbstractProblemLoader.java:508)
	at de.uka.ilkd.key.proof.io.AbstractProblemLoader.loadEnvironment(AbstractProblemLoader.java:288)
	at de.uka.ilkd.key.proof.io.AbstractProblemLoader.load(AbstractProblemLoader.java:253)
	at de.uka.ilkd.key.control.AbstractUserInterfaceControl.load(AbstractUserInterfaceControl.java:209)
	... 7 more
Could not initialize class de.uka.ilkd.key.nparser.KeYParser (file: /home/runner/work/key/key/key.core/../key.ui/examples/index/.././heap/permissions/threads/BFilter_staticPermissions_accessible.key; caused by: java.lang.NoClassDefFoundError: Could not initialize class de.uka.ilkd.key.nparser.KeYParser)
	at de.uka.ilkd.key.control.AbstractUserInterfaceControl.load(AbstractUserInterfaceControl.java:221)
	at de.uka.ilkd.key.control.KeYEnvironment.load(KeYEnvironment.java:251)
	at de.uka.ilkd.key.control.KeYEnvironment.load(KeYEnvironment.java:224)
	at de.uka.ilkd.key.control.KeYEnvironment.load(KeYEnvironment.java:184)
	at de.uka.ilkd.key.control.KeYEnvironment.load(KeYEnvironment.java:261)
	at de.uka.ilkd.key.proof.runallproofs.proofcollection.TestFile.load(TestFile.java:270)
	at de.uka.ilkd.key.proof.runallproofs.proofcollection.TestFile.runKey(TestFile.java:160)
	at de.uka.ilkd.key.proof.runallproofs.proofcollection.ForkedTestFileRunner.main(ForkedTestFileRunner.java:171)
Caused by: java.lang.NoClassDefFoundError: Could not initialize class de.uka.ilkd.key.nparser.KeYParser
	at de.uka.ilkd.key.nparser.ParsingFacade.createParser(ParsingFacade.java:87)
	at de.uka.ilkd.key.nparser.ParsingFacade.parseFile(ParsingFacade.java:123)
	at de.uka.ilkd.key.proof.io.KeYFile.getParseContext(KeYFile.java:160)
	at de.uka.ilkd.key.proof.io.KeYFile.getProblemInformation(KeYFile.java:236)
	at de.uka.ilkd.key.proof.init.KeYUserProblemFile.readProfileFromFile(KeYUserProblemFile.java:236)
	at de.uka.ilkd.key.proof.init.KeYUserProblemFile.getProfile(KeYUserProblemFile.java:216)
	at de.uka.ilkd.key.proof.io.AbstractProblemLoader.createProblemInitializer(AbstractProblemLoader.java:508)
	at de.uka.ilkd.key.proof.io.AbstractProblemLoader.loadEnvironment(AbstractProblemLoader.java:288)
	at de.uka.ilkd.key.proof.io.AbstractProblemLoader.load(AbstractProblemLoader.java:253)
	at de.uka.ilkd.key.control.AbstractUserInterfaceControl.load(AbstractUserInterfaceControl.java:209)
	... 7 more
Could not initialize class de.uka.ilkd.key.nparser.KeYParser (file: /home/runner/work/key/key/key.core/../key.ui/examples/index/.././heap/permissions/threads/BFilter_workingPermissions_accessible.key; caused by: java.lang.NoClassDefFoundError: Could not initialize class de.uka.ilkd.key.nparser.KeYParser)
	at de.uka.ilkd.key.control.AbstractUserInterfaceControl.load(AbstractUserInterfaceControl.java:221)
	at de.uka.ilkd.key.control.KeYEnvironment.load(KeYEnvironment.java:251)
	at de.uka.ilkd.key.control.KeYEnvironment.load(KeYEnvironment.java:224)
	at de.uka.ilkd.key.control.KeYEnvironment.load(KeYEnvironment.java:184)
	at de.uka.ilkd.key.control.KeYEnvironment.load(KeYEnvironment.java:261)
	at de.uka.ilkd.key.proof.runallproofs.proofcollection.TestFile.load(TestFile.java:270)
	at de.uka.ilkd.key.proof.runallproofs.proofcollection.TestFile.runKey(TestFile.java:160)
	at de.uka.ilkd.key.proof.runallproofs.proofcollection.ForkedTestFileRunner.main(ForkedTestFileRunner.java:171)
Caused by: java.lang.NoClassDefFoundError: Could not initialize class de.uka.ilkd.key.nparser.KeYParser
	at de.uka.ilkd.key.nparser.ParsingFacade.createParser(ParsingFacade.java:87)
	at de.uka.ilkd.key.nparser.ParsingFacade.parseFile(ParsingFacade.java:123)
	at de.uka.ilkd.key.proof.io.KeYFile.getParseContext(KeYFile.java:160)
	at de.uka.ilkd.key.proof.io.KeYFile.getProblemInformation(KeYFile.java:236)
	at de.uka.ilkd.key.proof.init.KeYUserProblemFile.readProfileFromFile(KeYUserProblemFile.java:236)
	at de.uka.ilkd.key.proof.init.KeYUserProblemFile.getProfile(KeYUserProblemFile.java:216)
	at de.uka.ilkd.key.proof.io.AbstractProblemLoader.createProblemInitializer(AbstractProblemLoader.java:508)
	at de.uka.ilkd.key.proof.io.AbstractProblemLoader.loadEnvironment(AbstractProblemLoader.java:288)
	at de.uka.ilkd.key.proof.io.AbstractProblemLoader.load(AbstractProblemLoader.java:253)
	at de.uka.ilkd.key.control.AbstractUserInterfaceControl.load(AbstractUserInterfaceControl.java:209)
	... 7 more
Could not initialize class de.uka.ilkd.key.nparser.KeYParser (file: /home/runner/work/key/key/key.core/../key.ui/examples/index/.././heap/permissions/threads/Fib_Fib.key; caused by: java.lang.NoClassDefFoundError: Could not initialize class de.uka.ilkd.key.nparser.KeYParser)
	at de.uka.ilkd.key.control.AbstractUserInterfaceControl.load(AbstractUserInterfaceControl.java:221)
	at de.uka.ilkd.key.control.KeYEnvironment.load(KeYEnvironment.java:251)
	at de.uka.ilkd.key.control.KeYEnvironment.load(KeYEnvironment.java:224)
	at de.uka.ilkd.key.control.KeYEnvironment.load(KeYEnvironment.java:184)
	at de.uka.ilkd.key.control.KeYEnvironment.load(KeYEnvironment.java:261)
	at de.uka.ilkd.key.proof.runallproofs.proofcollection.TestFile.load(TestFile.java:270)
	at de.uka.ilkd.key.proof.runallproofs.proofcollection.TestFile.runKey(TestFile.java:160)
	at de.uka.ilkd.key.proof.runallproofs.proofcollection.ForkedTestFileRunner.main(ForkedTestFileRunner.java:171)
Caused by: java.lang.NoClassDefFoundError: Could not initialize class de.uka.ilkd.key.nparser.KeYParser
	at de.uka.ilkd.key.nparser.ParsingFacade.createParser(ParsingFacade.java:87)
	at de.uka.ilkd.key.nparser.ParsingFacade.parseFile(ParsingFacade.java:123)
	at de.uka.ilkd.key.proof.io.KeYFile.getParseContext(KeYFile.java:160)
	at de.uka.ilkd.key.proof.io.KeYFile.getProblemInformation(KeYFile.java:236)
	at de.uka.ilkd.key.proof.init.KeYUserProblemFile.readProfileFromFile(KeYUserProblemFile.java:236)
	at de.uka.ilkd.key.proof.init.KeYUserProblemFile.getProfile(KeYUserProblemFile.java:216)
	at de.uka.ilkd.key.proof.io.AbstractProblemLoader.createProblemInitializer(AbstractProblemLoader.java:508)
	at de.uka.ilkd.key.proof.io.AbstractProblemLoader.loadEnvironment(AbstractProblemLoader.java:288)
	at de.uka.ilkd.key.proof.io.AbstractProblemLoader.load(AbstractProblemLoader.java:253)
	at de.uka.ilkd.key.control.AbstractUserInterfaceControl.load(AbstractUserInterfaceControl.java:209)
	... 7 more
Could not initialize class de.uka.ilkd.key.nparser.KeYParser (file: /home/runner/work/key/key/key.core/../key.ui/examples/index/.././heap/permissions/threads/Fib_initPost_accessible.key; caused by: java.lang.NoClassDefFoundError: Could not initialize class de.uka.ilkd.key.nparser.KeYParser)
	at de.uka.ilkd.key.control.AbstractUserInterfaceControl.load(AbstractUserInterfaceControl.java:221)
	at de.uka.ilkd.key.control.KeYEnvironment.load(KeYEnvironment.java:251)
	at de.uka.ilkd.key.control.KeYEnvironment.load(KeYEnvironment.java:224)
	at de.uka.ilkd.key.control.KeYEnvironment.load(KeYEnvironment.java:184)
	at de.uka.ilkd.key.control.KeYEnvironment.load(KeYEnvironment.java:261)
	at de.uka.ilkd.key.proof.runallproofs.proofcollection.TestFile.load(TestFile.java:270)
	at de.uka.ilkd.key.proof.runallproofs.proofcollection.TestFile.runKey(TestFile.java:160)
	at de.uka.ilkd.key.proof.runallproofs.proofcollection.ForkedTestFileRunner.main(ForkedTestFileRunner.java:171)
Caused by: java.lang.NoClassDefFoundError: Could not initialize class de.uka.ilkd.key.nparser.KeYParser
	at de.uka.ilkd.key.nparser.ParsingFacade.createParser(ParsingFacade.java:87)
	at de.uka.ilkd.key.nparser.ParsingFacade.parseFile(ParsingFacade.java:123)
	at de.uka.ilkd.key.proof.io.KeYFile.getParseContext(KeYFile.java:160)
	at de.uka.ilkd.key.proof.io.KeYFile.getProblemInformation(KeYFile.java:236)
	at de.uka.ilkd.key.proof.init.KeYUserProblemFile.readProfileFromFile(KeYUserProblemFile.java:236)
	at de.uka.ilkd.key.proof.init.KeYUserProblemFile.getProfile(KeYUserProblemFile.java:216)
	at de.uka.ilkd.key.proof.io.AbstractProblemLoader.createProblemInitializer(AbstractProblemLoader.java:508)
	at de.uka.ilkd.key.proof.io.AbstractProblemLoader.loadEnvironment(AbstractProblemLoader.java:288)
	at de.uka.ilkd.key.proof.io.AbstractProblemLoader.load(AbstractProblemLoader.java:253)
	at de.uka.ilkd.key.control.AbstractUserInterfaceControl.load(AbstractUserInterfaceControl.java:209)
	... 7 more
Could not initialize class de.uka.ilkd.key.nparser.KeYParser (file: /home/runner/work/key/key/key.core/../key.ui/examples/index/.././heap/permissions/threads/Fib_inv1_accessible.key; caused by: java.lang.NoClassDefFoundError: Could not initialize class de.uka.ilkd.key.nparser.KeYParser)
	at de.uka.ilkd.key.control.AbstractUserInterfaceControl.load(AbstractUserInterfaceControl.java:221)
	at de.uka.ilkd.key.control.KeYEnvironment.load(KeYEnvironment.java:251)
	at de.uka.ilkd.key.control.KeYEnvironment.load(KeYEnvironment.java:224)
	at de.uka.ilkd.key.control.KeYEnvironment.load(KeYEnvironment.java:184)
	at de.uka.ilkd.key.control.KeYEnvironment.load(KeYEnvironment.java:261)
	at de.uka.ilkd.key.proof.runallproofs.proofcollection.TestFile.load(TestFile.java:270)
	at de.uka.ilkd.key.proof.runallproofs.proofcollection.TestFile.runKey(TestFile.java:160)
	at de.uka.ilkd.key.proof.runallproofs.proofcollection.ForkedTestFileRunner.main(ForkedTestFileRunner.java:171)
Caused by: java.lang.NoClassDefFoundError: Could not initialize class de.uka.ilkd.key.nparser.KeYParser
	at de.uka.ilkd.key.nparser.ParsingFacade.createParser(ParsingFacade.java:87)
	at de.uka.ilkd.key.nparser.ParsingFacade.parseFile(ParsingFacade.java:123)
	at de.uka.ilkd.key.proof.io.KeYFile.getParseContext(KeYFile.java:160)
	at de.uka.ilkd.key.proof.io.KeYFile.getProblemInformation(KeYFile.java:236)
	at de.uka.ilkd.key.proof.init.KeYUserProblemFile.readProfileFromFile(KeYUserProblemFile.java:236)
	at de.uka.ilkd.key.proof.init.KeYUserProblemFile.getProfile(KeYUserProblemFile.java:216)
	at de.uka.ilkd.key.proof.io.AbstractProblemLoader.createProblemInitializer(AbstractProblemLoader.java:508)
	at de.uka.ilkd.key.proof.io.AbstractProblemLoader.loadEnvironment(AbstractProblemLoader.java:288)
	at de.uka.ilkd.key.proof.io.AbstractProblemLoader.load(AbstractProblemLoader.java:253)
	at de.uka.ilkd.key.control.AbstractUserInterfaceControl.load(AbstractUserInterfaceControl.java:209)
	... 7 more
Could not initialize class de.uka.ilkd.key.nparser.KeYParser (file: /home/runner/work/key/key/key.core/../key.ui/examples/index/.././heap/permissions/threads/Fib_inv2_accessible.key; caused by: java.lang.NoClassDefFoundError: Could not initialize class de.uka.ilkd.key.nparser.KeYParser)
	at de.uka.ilkd.key.control.AbstractUserInterfaceControl.load(AbstractUserInterfaceControl.java:221)
	at de.uka.ilkd.key.control.KeYEnvironment.load(KeYEnvironment.java:251)
	at de.uka.ilkd.key.control.KeYEnvironment.load(KeYEnvironment.java:224)
	at de.uka.ilkd.key.control.KeYEnvironment.load(KeYEnvironment.java:184)
	at de.uka.ilkd.key.control.KeYEnvironment.load(KeYEnvironment.java:261)
	at de.uka.ilkd.key.proof.runallproofs.proofcollection.TestFile.load(TestFile.java:270)
	at de.uka.ilkd.key.proof.runallproofs.proofcollection.TestFile.runKey(TestFile.java:160)
	at de.uka.ilkd.key.proof.runallproofs.proofcollection.ForkedTestFileRunner.main(ForkedTestFileRunner.java:171)
Caused by: java.lang.NoClassDefFoundError: Could not initialize class de.uka.ilkd.key.nparser.KeYParser
	at de.uka.ilkd.key.nparser.ParsingFacade.createParser(ParsingFacade.java:87)
	at de.uka.ilkd.key.nparser.ParsingFacade.parseFile(ParsingFacade.java:123)
	at de.uka.ilkd.key.proof.io.KeYFile.getParseContext(KeYFile.java:160)
	at de.uka.ilkd.key.proof.io.KeYFile.getProblemInformation(KeYFile.java:236)
	at de.uka.ilkd.key.proof.init.KeYUserProblemFile.readProfileFromFile(KeYUserProblemFile.java:236)
	at de.uka.ilkd.key.proof.init.KeYUserProblemFile.getProfile(KeYUserProblemFile.java:216)
	at de.uka.ilkd.key.proof.io.AbstractProblemLoader.createProblemInitializer(AbstractProblemLoader.java:508)
	at de.uka.ilkd.key.proof.io.AbstractProblemLoader.loadEnvironment(AbstractProblemLoader.java:288)
	at de.uka.ilkd.key.proof.io.AbstractProblemLoader.load(AbstractProblemLoader.java:253)
	at de.uka.ilkd.key.control.AbstractUserInterfaceControl.load(AbstractUserInterfaceControl.java:209)
	... 7 more
Could not initialize class de.uka.ilkd.key.nparser.KeYParser (file: /home/runner/work/key/key/key.core/../key.ui/examples/index/.././heap/permissions/threads/Fib_joinTransfer_accessible.key; caused by: java.lang.NoClassDefFoundError: Could not initialize class de.uka.ilkd.key.nparser.KeYParser)
	at de.uka.ilkd.key.control.AbstractUserInterfaceControl.load(AbstractUserInterfaceControl.java:221)
	at de.uka.ilkd.key.control.KeYEnvironment.load(KeYEnvironment.java:251)
	at de.uka.ilkd.key.control.KeYEnvironment.load(KeYEnvironment.java:224)
	at de.uka.ilkd.key.control.KeYEnvironment.load(KeYEnvironment.java:184)
	at de.uka.ilkd.key.control.KeYEnvironment.load(KeYEnvironment.java:261)
	at de.uka.ilkd.key.proof.runallproofs.proofcollection.TestFile.load(TestFile.java:270)
	at de.uka.ilkd.key.proof.runallproofs.proofcollection.TestFile.runKey(TestFile.java:160)
	at de.uka.ilkd.key.proof.runallproofs.proofcollection.ForkedTestFileRunner.main(ForkedTestFileRunner.java:171)
Caused by: java.lang.NoClassDefFoundError: Could not initialize class de.uka.ilkd.key.nparser.KeYParser
	at de.uka.ilkd.key.nparser.ParsingFacade.createParser(ParsingFacade.java:87)
	at de.uka.ilkd.key.nparser.ParsingFacade.parseFile(ParsingFacade.java:123)
	at de.uka.ilkd.key.proof.io.KeYFile.getParseContext(KeYFile.java:160)
	at de.uka.ilkd.key.proof.io.KeYFile.getProblemInformation(KeYFile.java:236)
	at de.uka.ilkd.key.proof.init.KeYUserProblemFile.readProfileFromFile(KeYUserProblemFile.java:236)
	at de.uka.ilkd.key.proof.init.KeYUserProblemFile.getProfile(KeYUserProblemFile.java:216)
	at de.uka.ilkd.key.proof.io.AbstractProblemLoader.createProblemInitializer(AbstractProblemLoader.java:508)
	at de.uka.ilkd.key.proof.io.AbstractProblemLoader.loadEnvironment(AbstractProblemLoader.java:288)
	at de.uka.ilkd.key.proof.io.AbstractProblemLoader.load(AbstractProblemLoader.java:253)
	at de.uka.ilkd.key.control.AbstractUserInterfaceControl.load(AbstractUserInterfaceControl.java:209)
	... 7 more
Could not initialize class de.uka.ilkd.key.nparser.KeYParser (file: /home/runner/work/key/key/key.core/../key.ui/examples/index/.././heap/permissions/threads/Fib_joinTransfer_contract.key; caused by: java.lang.NoClassDefFoundError: Could not initialize class de.uka.ilkd.key.nparser.KeYParser)
	at de.uka.ilkd.key.control.AbstractUserInterfaceControl.load(AbstractUserInterfaceControl.java:221)
	at de.uka.ilkd.key.control.KeYEnvironment.load(KeYEnvironment.java:251)
	at de.uka.ilkd.key.control.KeYEnvironment.load(KeYEnvironment.java:224)
	at de.uka.ilkd.key.control.KeYEnvironment.load(KeYEnvironment.java:184)
	at de.uka.ilkd.key.control.KeYEnvironment.load(KeYEnvironment.java:261)
	at de.uka.ilkd.key.proof.runallproofs.proofcollection.TestFile.load(TestFile.java:270)
	at de.uka.ilkd.key.proof.runallproofs.proofcollection.TestFile.runKey(TestFile.java:160)
	at de.uka.ilkd.key.proof.runallproofs.proofcollection.ForkedTestFileRunner.main(ForkedTestFileRunner.java:171)
Caused by: java.lang.NoClassDefFoundError: Could not initialize class de.uka.ilkd.key.nparser.KeYParser
	at de.uka.ilkd.key.nparser.ParsingFacade.createParser(ParsingFacade.java:87)
	at de.uka.ilkd.key.nparser.ParsingFacade.parseFile(ParsingFacade.java:123)
	at de.uka.ilkd.key.proof.io.KeYFile.getParseContext(KeYFile.java:160)
	at de.uka.ilkd.key.proof.io.KeYFile.getProblemInformation(KeYFile.java:236)
	at de.uka.ilkd.key.proof.init.KeYUserProblemFile.readProfileFromFile(KeYUserProblemFile.java:236)
	at de.uka.ilkd.key.proof.init.KeYUserProblemFile.getProfile(KeYUserProblemFile.java:216)
	at de.uka.ilkd.key.proof.io.AbstractProblemLoader.createProblemInitializer(AbstractProblemLoader.java:508)
	at de.uka.ilkd.key.proof.io.AbstractProblemLoader.loadEnvironment(AbstractProblemLoader.java:288)
	at de.uka.ilkd.key.proof.io.AbstractProblemLoader.load(AbstractProblemLoader.java:253)
	at de.uka.ilkd.key.control.AbstractUserInterfaceControl.load(AbstractUserInterfaceControl.java:209)
	... 7 more
Could not initialize class de.uka.ilkd.key.nparser.KeYParser (file: /home/runner/work/key/key/key.core/../key.ui/examples/index/.././heap/permissions/threads/Fib_postJoin_accessible.key; caused by: java.lang.NoClassDefFoundError: Could not initialize class de.uka.ilkd.key.nparser.KeYParser)
	at de.uka.ilkd.key.control.AbstractUserInterfaceControl.load(AbstractUserInterfaceControl.java:221)
	at de.uka.ilkd.key.control.KeYEnvironment.load(KeYEnvironment.java:251)
	at de.uka.ilkd.key.control.KeYEnvironment.load(KeYEnvironment.java:224)
	at de.uka.ilkd.key.control.KeYEnvironment.load(KeYEnvironment.java:184)
	at de.uka.ilkd.key.control.KeYEnvironment.load(KeYEnvironment.java:261)
	at de.uka.ilkd.key.proof.runallproofs.proofcollection.TestFile.load(TestFile.java:270)
	at de.uka.ilkd.key.proof.runallproofs.proofcollection.TestFile.runKey(TestFile.java:160)
	at de.uka.ilkd.key.proof.runallproofs.proofcollection.ForkedTestFileRunner.main(ForkedTestFileRunner.java:171)
Caused by: java.lang.NoClassDefFoundError: Could not initialize class de.uka.ilkd.key.nparser.KeYParser
	at de.uka.ilkd.key.nparser.ParsingFacade.createParser(ParsingFacade.java:87)
	at de.uka.ilkd.key.nparser.ParsingFacade.parseFile(ParsingFacade.java:123)
	at de.uka.ilkd.key.proof.io.KeYFile.getParseContext(KeYFile.java:160)
	at de.uka.ilkd.key.proof.io.KeYFile.getProblemInformation(KeYFile.java:236)
	at de.uka.ilkd.key.proof.init.KeYUserProblemFile.readProfileFromFile(KeYUserProblemFile.java:236)
	at de.uka.ilkd.key.proof.init.KeYUserProblemFile.getProfile(KeYUserProblemFile.java:216)
	at de.uka.ilkd.key.proof.io.AbstractProblemLoader.createProblemInitializer(AbstractProblemLoader.java:508)
	at de.uka.ilkd.key.proof.io.AbstractProblemLoader.loadEnvironment(AbstractProblemLoader.java:288)
	at de.uka.ilkd.key.proof.io.AbstractProblemLoader.load(AbstractProblemLoader.java:253)
	at de.uka.ilkd.key.control.AbstractUserInterfaceControl.load(AbstractUserInterfaceControl.java:209)
	... 7 more
Could not initialize class de.uka.ilkd.key.nparser.KeYParser (file: /home/runner/work/key/key/key.core/../key.ui/examples/index/.././heap/permissions/threads/Fib_preStart_accessible.key; caused by: java.lang.NoClassDefFoundError: Could not initialize class de.uka.ilkd.key.nparser.KeYParser)
	at de.uka.ilkd.key.control.AbstractUserInterfaceControl.load(AbstractUserInterfaceControl.java:221)
	at de.uka.ilkd.key.control.KeYEnvironment.load(KeYEnvironment.java:251)
	at de.uka.ilkd.key.control.KeYEnvironment.load(KeYEnvironment.java:224)
	at de.uka.ilkd.key.control.KeYEnvironment.load(KeYEnvironment.java:184)
	at de.uka.ilkd.key.control.KeYEnvironment.load(KeYEnvironment.java:261)
	at de.uka.ilkd.key.proof.runallproofs.proofcollection.TestFile.load(TestFile.java:270)
	at de.uka.ilkd.key.proof.runallproofs.proofcollection.TestFile.runKey(TestFile.java:160)
	at de.uka.ilkd.key.proof.runallproofs.proofcollection.ForkedTestFileRunner.main(ForkedTestFileRunner.java:171)
Caused by: java.lang.NoClassDefFoundError: Could not initialize class de.uka.ilkd.key.nparser.KeYParser
	at de.uka.ilkd.key.nparser.ParsingFacade.createParser(ParsingFacade.java:87)
	at de.uka.ilkd.key.nparser.ParsingFacade.parseFile(ParsingFacade.java:123)
	at de.uka.ilkd.key.proof.io.KeYFile.getParseContext(KeYFile.java:160)
	at de.uka.ilkd.key.proof.io.KeYFile.getProblemInformation(KeYFile.java:236)
	at de.uka.ilkd.key.proof.init.KeYUserProblemFile.readProfileFromFile(KeYUserProblemFile.java:236)
	at de.uka.ilkd.key.proof.init.KeYUserProblemFile.getProfile(KeYUserProblemFile.java:216)
	at de.uka.ilkd.key.proof.io.AbstractProblemLoader.createProblemInitializer(AbstractProblemLoader.java:508)
	at de.uka.ilkd.key.proof.io.AbstractProblemLoader.loadEnvironment(AbstractProblemLoader.java:288)
	at de.uka.ilkd.key.proof.io.AbstractProblemLoader.load(AbstractProblemLoader.java:253)
	at de.uka.ilkd.key.control.AbstractUserInterfaceControl.load(AbstractUserInterfaceControl.java:209)
	... 7 more
Could not initialize class de.uka.ilkd.key.nparser.KeYParser (file: /home/runner/work/key/key/key.core/../key.ui/examples/index/.././heap/permissions/threads/Fib_startTransfer_accessible.key; caused by: java.lang.NoClassDefFoundError: Could not initialize class de.uka.ilkd.key.nparser.KeYParser)
	at de.uka.ilkd.key.control.AbstractUserInterfaceControl.load(AbstractUserInterfaceControl.java:221)
	at de.uka.ilkd.key.control.KeYEnvironment.load(KeYEnvironment.java:251)
	at de.uka.ilkd.key.control.KeYEnvironment.load(KeYEnvironment.java:224)
	at de.uka.ilkd.key.control.KeYEnvironment.load(KeYEnvironment.java:184)
	at de.uka.ilkd.key.control.KeYEnvironment.load(KeYEnvironment.java:261)
	at de.uka.ilkd.key.proof.runallproofs.proofcollection.TestFile.load(TestFile.java:270)
	at de.uka.ilkd.key.proof.runallproofs.proofcollection.TestFile.runKey(TestFile.java:160)
	at de.uka.ilkd.key.proof.runallproofs.proofcollection.ForkedTestFileRunner.main(ForkedTestFileRunner.java:171)
Caused by: java.lang.NoClassDefFoundError: Could not initialize class de.uka.ilkd.key.nparser.KeYParser
	at de.uka.ilkd.key.nparser.ParsingFacade.createParser(ParsingFacade.java:87)
	at de.uka.ilkd.key.nparser.ParsingFacade.parseFile(ParsingFacade.java:123)
	at de.uka.ilkd.key.proof.io.KeYFile.getParseContext(KeYFile.java:160)
	at de.uka.ilkd.key.proof.io.KeYFile.getProblemInformation(KeYFile.java:236)
	at de.uka.ilkd.key.proof.init.KeYUserProblemFile.readProfileFromFile(KeYUserProblemFile.java:236)
	at de.uka.ilkd.key.proof.init.KeYUserProblemFile.getProfile(KeYUserProblemFile.java:216)
	at de.uka.ilkd.key.proof.io.AbstractProblemLoader.createProblemInitializer(AbstractProblemLoader.java:508)
	at de.uka.ilkd.key.proof.io.AbstractProblemLoader.loadEnvironment(AbstractProblemLoader.java:288)
	at de.uka.ilkd.key.proof.io.AbstractProblemLoader.load(AbstractProblemLoader.java:253)
	at de.uka.ilkd.key.control.AbstractUserInterfaceControl.load(AbstractUserInterfaceControl.java:209)
	... 7 more
Could not initialize class de.uka.ilkd.key.nparser.KeYParser (file: /home/runner/work/key/key/key.core/../key.ui/examples/index/.././heap/permissions/threads/Fib_startTransfer_contract.key; caused by: java.lang.NoClassDefFoundError: Could not initialize class de.uka.ilkd.key.nparser.KeYParser)
	at de.uka.ilkd.key.control.AbstractUserInterfaceControl.load(AbstractUserInterfaceControl.java:221)
	at de.uka.ilkd.key.control.KeYEnvironment.load(KeYEnvironment.java:251)
	at de.uka.ilkd.key.control.KeYEnvironment.load(KeYEnvironment.java:224)
	at de.uka.ilkd.key.control.KeYEnvironment.load(KeYEnvironment.java:184)
	at de.uka.ilkd.key.control.KeYEnvironment.load(KeYEnvironment.java:261)
	at de.uka.ilkd.key.proof.runallproofs.proofcollection.TestFile.load(TestFile.java:270)
	at de.uka.ilkd.key.proof.runallproofs.proofcollection.TestFile.runKey(TestFile.java:160)
	at de.uka.ilkd.key.proof.runallproofs.proofcollection.ForkedTestFileRunner.main(ForkedTestFileRunner.java:171)
Caused by: java.lang.NoClassDefFoundError: Could not initialize class de.uka.ilkd.key.nparser.KeYParser
	at de.uka.ilkd.key.nparser.ParsingFacade.createParser(ParsingFacade.java:87)
	at de.uka.ilkd.key.nparser.ParsingFacade.parseFile(ParsingFacade.java:123)
	at de.uka.ilkd.key.proof.io.KeYFile.getParseContext(KeYFile.java:160)
	at de.uka.ilkd.key.proof.io.KeYFile.getProblemInformation(KeYFile.java:236)
	at de.uka.ilkd.key.proof.init.KeYUserProblemFile.readProfileFromFile(KeYUserProblemFile.java:236)
	at de.uka.ilkd.key.proof.init.KeYUserProblemFile.getProfile(KeYUserProblemFile.java:216)
	at de.uka.ilkd.key.proof.io.AbstractProblemLoader.createProblemInitializer(AbstractProblemLoader.java:508)
	at de.uka.ilkd.key.proof.io.AbstractProblemLoader.loadEnvironment(AbstractProblemLoader.java:288)
	at de.uka.ilkd.key.proof.io.AbstractProblemLoader.load(AbstractProblemLoader.java:253)
	at de.uka.ilkd.key.control.AbstractUserInterfaceControl.load(AbstractUserInterfaceControl.java:209)
	... 7 more
Could not initialize class de.uka.ilkd.key.nparser.KeYParser (file: /home/runner/work/key/key/key.core/../key.ui/examples/index/.././heap/permissions/threads/Fib_workingPermissions_accessible.key; caused by: java.lang.NoClassDefFoundError: Could not initialize class de.uka.ilkd.key.nparser.KeYParser)
	at de.uka.ilkd.key.control.AbstractUserInterfaceControl.load(AbstractUserInterfaceControl.java:221)
	at de.uka.ilkd.key.control.KeYEnvironment.load(KeYEnvironment.java:251)
	at de.uka.ilkd.key.control.KeYEnvironment.load(KeYEnvironment.java:224)
	at de.uka.ilkd.key.control.KeYEnvironment.load(KeYEnvironment.java:184)
	at de.uka.ilkd.key.control.KeYEnvironment.load(KeYEnvironment.java:261)
	at de.uka.ilkd.key.proof.runallproofs.proofcollection.TestFile.load(TestFile.java:270)
	at de.uka.ilkd.key.proof.runallproofs.proofcollection.TestFile.runKey(TestFile.java:160)
	at de.uka.ilkd.key.proof.runallproofs.proofcollection.ForkedTestFileRunner.main(ForkedTestFileRunner.java:171)
Caused by: java.lang.NoClassDefFoundError: Could not initialize class de.uka.ilkd.key.nparser.KeYParser
	at de.uka.ilkd.key.nparser.ParsingFacade.createParser(ParsingFacade.java:87)
	at de.uka.ilkd.key.nparser.ParsingFacade.parseFile(ParsingFacade.java:123)
	at de.uka.ilkd.key.proof.io.KeYFile.getParseContext(KeYFile.java:160)
	at de.uka.ilkd.key.proof.io.KeYFile.getProblemInformation(KeYFile.java:236)
	at de.uka.ilkd.key.proof.init.KeYUserProblemFile.readProfileFromFile(KeYUserProblemFile.java:236)
	at de.uka.ilkd.key.proof.init.KeYUserProblemFile.getProfile(KeYUserProblemFile.java:216)
	at de.uka.ilkd.key.proof.io.AbstractProblemLoader.createProblemInitializer(AbstractProblemLoader.java:508)
	at de.uka.ilkd.key.proof.io.AbstractProblemLoader.loadEnvironment(AbstractProblemLoader.java:288)
	at de.uka.ilkd.key.proof.io.AbstractProblemLoader.load(AbstractProblemLoader.java:253)
	at de.uka.ilkd.key.control.AbstractUserInterfaceControl.load(AbstractUserInterfaceControl.java:209)
	... 7 more
Could not initialize class de.uka.ilkd.key.nparser.KeYParser (file: /home/runner/work/key/key/key.core/../key.ui/examples/index/.././heap/permissions/threads/Plotter_initPost_accessible.key; caused by: java.lang.NoClassDefFoundError: Could not initialize class de.uka.ilkd.key.nparser.KeYParser)
	at de.uka.ilkd.key.control.AbstractUserInterfaceControl.load(AbstractUserInterfaceControl.java:221)
	at de.uka.ilkd.key.control.KeYEnvironment.load(KeYEnvironment.java:251)
	at de.uka.ilkd.key.control.KeYEnvironment.load(KeYEnvironment.java:224)
	at de.uka.ilkd.key.control.KeYEnvironment.load(KeYEnvironment.java:184)
	at de.uka.ilkd.key.control.KeYEnvironment.load(KeYEnvironment.java:261)
	at de.uka.ilkd.key.proof.runallproofs.proofcollection.TestFile.load(TestFile.java:270)
	at de.uka.ilkd.key.proof.runallproofs.proofcollection.TestFile.runKey(TestFile.java:160)
	at de.uka.ilkd.key.proof.runallproofs.proofcollection.ForkedTestFileRunner.main(ForkedTestFileRunner.java:171)
Caused by: java.lang.NoClassDefFoundError: Could not initialize class de.uka.ilkd.key.nparser.KeYParser
	at de.uka.ilkd.key.nparser.ParsingFacade.createParser(ParsingFacade.java:87)
	at de.uka.ilkd.key.nparser.ParsingFacade.parseFile(ParsingFacade.java:123)
	at de.uka.ilkd.key.proof.io.KeYFile.getParseContext(KeYFile.java:160)
	at de.uka.ilkd.key.proof.io.KeYFile.getProblemInformation(KeYFile.java:236)
	at de.uka.ilkd.key.proof.init.KeYUserProblemFile.readProfileFromFile(KeYUserProblemFile.java:236)
	at de.uka.ilkd.key.proof.init.KeYUserProblemFile.getProfile(KeYUserProblemFile.java:216)
	at de.uka.ilkd.key.proof.io.AbstractProblemLoader.createProblemInitializer(AbstractProblemLoader.java:508)
	at de.uka.ilkd.key.proof.io.AbstractProblemLoader.loadEnvironment(AbstractProblemLoader.java:288)
	at de.uka.ilkd.key.proof.io.AbstractProblemLoader.load(AbstractProblemLoader.java:253)
	at de.uka.ilkd.key.control.AbstractUserInterfaceControl.load(AbstractUserInterfaceControl.java:209)
	... 7 more
Could not initialize class de.uka.ilkd.key.nparser.KeYParser (file: /home/runner/work/key/key/key.core/../key.ui/examples/index/.././heap/permissions/threads/Plotter_inv_accessible1.key; caused by: java.lang.NoClassDefFoundError: Could not initialize class de.uka.ilkd.key.nparser.KeYParser)
	at de.uka.ilkd.key.control.AbstractUserInterfaceControl.load(AbstractUserInterfaceControl.java:221)
	at de.uka.ilkd.key.control.KeYEnvironment.load(KeYEnvironment.java:251)
	at de.uka.ilkd.key.control.KeYEnvironment.load(KeYEnvironment.java:224)
	at de.uka.ilkd.key.control.KeYEnvironment.load(KeYEnvironment.java:184)
	at de.uka.ilkd.key.control.KeYEnvironment.load(KeYEnvironment.java:261)
	at de.uka.ilkd.key.proof.runallproofs.proofcollection.TestFile.load(TestFile.java:270)
	at de.uka.ilkd.key.proof.runallproofs.proofcollection.TestFile.runKey(TestFile.java:160)
	at de.uka.ilkd.key.proof.runallproofs.proofcollection.ForkedTestFileRunner.main(ForkedTestFileRunner.java:171)
Caused by: java.lang.NoClassDefFoundError: Could not initialize class de.uka.ilkd.key.nparser.KeYParser
	at de.uka.ilkd.key.nparser.ParsingFacade.createParser(ParsingFacade.java:87)
	at de.uka.ilkd.key.nparser.ParsingFacade.parseFile(ParsingFacade.java:123)
	at de.uka.ilkd.key.proof.io.KeYFile.getParseContext(KeYFile.java:160)
	at de.uka.ilkd.key.proof.io.KeYFile.getProblemInformation(KeYFile.java:236)
	at de.uka.ilkd.key.proof.init.KeYUserProblemFile.readProfileFromFile(KeYUserProblemFile.java:236)
	at de.uka.ilkd.key.proof.init.KeYUserProblemFile.getProfile(KeYUserProblemFile.java:216)
	at de.uka.ilkd.key.proof.io.AbstractProblemLoader.createProblemInitializer(AbstractProblemLoader.java:508)
	at de.uka.ilkd.key.proof.io.AbstractProblemLoader.loadEnvironment(AbstractProblemLoader.java:288)
	at de.uka.ilkd.key.proof.io.AbstractProblemLoader.load(AbstractProblemLoader.java:253)
	at de.uka.ilkd.key.control.AbstractUserInterfaceControl.load(AbstractUserInterfaceControl.java:209)
	... 7 more
Could not initialize class de.uka.ilkd.key.nparser.KeYParser (file: /home/runner/work/key/key/key.core/../key.ui/examples/index/.././heap/permissions/threads/Plotter_inv_accessible2.key; caused by: java.lang.NoClassDefFoundError: Could not initialize class de.uka.ilkd.key.nparser.KeYParser)
	at de.uka.ilkd.key.control.AbstractUserInterfaceControl.load(AbstractUserInterfaceControl.java:221)
	at de.uka.ilkd.key.control.KeYEnvironment.load(KeYEnvironment.java:251)
	at de.uka.ilkd.key.control.KeYEnvironment.load(KeYEnvironment.java:224)
	at de.uka.ilkd.key.control.KeYEnvironment.load(KeYEnvironment.java:184)
	at de.uka.ilkd.key.control.KeYEnvironment.load(KeYEnvironment.java:261)
	at de.uka.ilkd.key.proof.runallproofs.proofcollection.TestFile.load(TestFile.java:270)
	at de.uka.ilkd.key.proof.runallproofs.proofcollection.TestFile.runKey(TestFile.java:160)
	at de.uka.ilkd.key.proof.runallproofs.proofcollection.ForkedTestFileRunner.main(ForkedTestFileRunner.java:171)
Caused by: java.lang.NoClassDefFoundError: Could not initialize class de.uka.ilkd.key.nparser.KeYParser
	at de.uka.ilkd.key.nparser.ParsingFacade.createParser(ParsingFacade.java:87)
	at de.uka.ilkd.key.nparser.ParsingFacade.parseFile(ParsingFacade.java:123)
	at de.uka.ilkd.key.proof.io.KeYFile.getParseContext(KeYFile.java:160)
	at de.uka.ilkd.key.proof.io.KeYFile.getProblemInformation(KeYFile.java:236)
	at de.uka.ilkd.key.proof.init.KeYUserProblemFile.readProfileFromFile(KeYUserProblemFile.java:236)
	at de.uka.ilkd.key.proof.init.KeYUserProblemFile.getProfile(KeYUserProblemFile.java:216)
	at de.uka.ilkd.key.proof.io.AbstractProblemLoader.createProblemInitializer(AbstractProblemLoader.java:508)
	at de.uka.ilkd.key.proof.io.AbstractProblemLoader.loadEnvironment(AbstractProblemLoader.java:288)
	at de.uka.ilkd.key.proof.io.AbstractProblemLoader.load(AbstractProblemLoader.java:253)
	at de.uka.ilkd.key.control.AbstractUserInterfaceControl.load(AbstractUserInterfaceControl.java:209)
	... 7 more
Could not initialize class de.uka.ilkd.key.nparser.KeYParser (file: /home/runner/work/key/key/key.core/../key.ui/examples/index/.././heap/permissions/threads/Plotter_joinTransfer_contract.key; caused by: java.lang.NoClassDefFoundError: Could not initialize class de.uka.ilkd.key.nparser.KeYParser)
	at de.uka.ilkd.key.control.AbstractUserInterfaceControl.load(AbstractUserInterfaceControl.java:221)
	at de.uka.ilkd.key.control.KeYEnvironment.load(KeYEnvironment.java:251)
	at de.uka.ilkd.key.control.KeYEnvironment.load(KeYEnvironment.java:224)
	at de.uka.ilkd.key.control.KeYEnvironment.load(KeYEnvironment.java:184)
	at de.uka.ilkd.key.control.KeYEnvironment.load(KeYEnvironment.java:261)
	at de.uka.ilkd.key.proof.runallproofs.proofcollection.TestFile.load(TestFile.java:270)
	at de.uka.ilkd.key.proof.runallproofs.proofcollection.TestFile.runKey(TestFile.java:160)
	at de.uka.ilkd.key.proof.runallproofs.proofcollection.ForkedTestFileRunner.main(ForkedTestFileRunner.java:171)
Caused by: java.lang.NoClassDefFoundError: Could not initialize class de.uka.ilkd.key.nparser.KeYParser
	at de.uka.ilkd.key.nparser.ParsingFacade.createParser(ParsingFacade.java:87)
	at de.uka.ilkd.key.nparser.ParsingFacade.parseFile(ParsingFacade.java:123)
	at de.uka.ilkd.key.proof.io.KeYFile.getParseContext(KeYFile.java:160)
	at de.uka.ilkd.key.proof.io.KeYFile.getProblemInformation(KeYFile.java:236)
	at de.uka.ilkd.key.proof.init.KeYUserProblemFile.readProfileFromFile(KeYUserProblemFile.java:236)
	at de.uka.ilkd.key.proof.init.KeYUserProblemFile.getProfile(KeYUserProblemFile.java:216)
	at de.uka.ilkd.key.proof.io.AbstractProblemLoader.createProblemInitializer(AbstractProblemLoader.java:508)
	at de.uka.ilkd.key.proof.io.AbstractProblemLoader.loadEnvironment(AbstractProblemLoader.java:288)
	at de.uka.ilkd.key.proof.io.AbstractProblemLoader.load(AbstractProblemLoader.java:253)
	at de.uka.ilkd.key.control.AbstractUserInterfaceControl.load(AbstractUserInterfaceControl.java:209)
	... 7 more
Could not initialize class de.uka.ilkd.key.nparser.KeYParser (file: /home/runner/work/key/key/key.core/../key.ui/examples/index/.././heap/permissions/threads/Plotter_Plotter.key; caused by: java.lang.NoClassDefFoundError: Could not initialize class de.uka.ilkd.key.nparser.KeYParser)
	at de.uka.ilkd.key.control.AbstractUserInterfaceControl.load(AbstractUserInterfaceControl.java:221)
	at de.uka.ilkd.key.control.KeYEnvironment.load(KeYEnvironment.java:251)
	at de.uka.ilkd.key.control.KeYEnvironment.load(KeYEnvironment.java:224)
	at de.uka.ilkd.key.control.KeYEnvironment.load(KeYEnvironment.java:184)
	at de.uka.ilkd.key.control.KeYEnvironment.load(KeYEnvironment.java:261)
	at de.uka.ilkd.key.proof.runallproofs.proofcollection.TestFile.load(TestFile.java:270)
	at de.uka.ilkd.key.proof.runallproofs.proofcollection.TestFile.runKey(TestFile.java:160)
	at de.uka.ilkd.key.proof.runallproofs.proofcollection.ForkedTestFileRunner.main(ForkedTestFileRunner.java:171)
Caused by: java.lang.NoClassDefFoundError: Could not initialize class de.uka.ilkd.key.nparser.KeYParser
	at de.uka.ilkd.key.nparser.ParsingFacade.createParser(ParsingFacade.java:87)
	at de.uka.ilkd.key.nparser.ParsingFacade.parseFile(ParsingFacade.java:123)
	at de.uka.ilkd.key.proof.io.KeYFile.getParseContext(KeYFile.java:160)
	at de.uka.ilkd.key.proof.io.KeYFile.getProblemInformation(KeYFile.java:236)
	at de.uka.ilkd.key.proof.init.KeYUserProblemFile.readProfileFromFile(KeYUserProblemFile.java:236)
	at de.uka.ilkd.key.proof.init.KeYUserProblemFile.getProfile(KeYUserProblemFile.java:216)
	at de.uka.ilkd.key.proof.io.AbstractProblemLoader.createProblemInitializer(AbstractProblemLoader.java:508)
	at de.uka.ilkd.key.proof.io.AbstractProblemLoader.loadEnvironment(AbstractProblemLoader.java:288)
	at de.uka.ilkd.key.proof.io.AbstractProblemLoader.load(AbstractProblemLoader.java:253)
	at de.uka.ilkd.key.control.AbstractUserInterfaceControl.load(AbstractUserInterfaceControl.java:209)
	... 7 more
Could not initialize class de.uka.ilkd.key.nparser.KeYParser (file: /home/runner/work/key/key/key.core/../key.ui/examples/index/.././heap/permissions/threads/Plotter_postJoin_accessible.key; caused by: java.lang.NoClassDefFoundError: Could not initialize class de.uka.ilkd.key.nparser.KeYParser)
	at de.uka.ilkd.key.control.AbstractUserInterfaceControl.load(AbstractUserInterfaceControl.java:221)
	at de.uka.ilkd.key.control.KeYEnvironment.load(KeYEnvironment.java:251)
	at de.uka.ilkd.key.control.KeYEnvironment.load(KeYEnvironment.java:224)
	at de.uka.ilkd.key.control.KeYEnvironment.load(KeYEnvironment.java:184)
	at de.uka.ilkd.key.control.KeYEnvironment.load(KeYEnvironment.java:261)
	at de.uka.ilkd.key.proof.runallproofs.proofcollection.TestFile.load(TestFile.java:270)
	at de.uka.ilkd.key.proof.runallproofs.proofcollection.TestFile.runKey(TestFile.java:160)
	at de.uka.ilkd.key.proof.runallproofs.proofcollection.ForkedTestFileRunner.main(ForkedTestFileRunner.java:171)
Caused by: java.lang.NoClassDefFoundError: Could not initialize class de.uka.ilkd.key.nparser.KeYParser
	at de.uka.ilkd.key.nparser.ParsingFacade.createParser(ParsingFacade.java:87)
	at de.uka.ilkd.key.nparser.ParsingFacade.parseFile(ParsingFacade.java:123)
	at de.uka.ilkd.key.proof.io.KeYFile.getParseContext(KeYFile.java:160)
	at de.uka.ilkd.key.proof.io.KeYFile.getProblemInformation(KeYFile.java:236)
	at de.uka.ilkd.key.proof.init.KeYUserProblemFile.readProfileFromFile(KeYUserProblemFile.java:236)
	at de.uka.ilkd.key.proof.init.KeYUserProblemFile.getProfile(KeYUserProblemFile.java:216)
	at de.uka.ilkd.key.proof.io.AbstractProblemLoader.createProblemInitializer(AbstractProblemLoader.java:508)
	at de.uka.ilkd.key.proof.io.AbstractProblemLoader.loadEnvironment(AbstractProblemLoader.java:288)
	at de.uka.ilkd.key.proof.io.AbstractProblemLoader.load(AbstractProblemLoader.java:253)
	at de.uka.ilkd.key.control.AbstractUserInterfaceControl.load(AbstractUserInterfaceControl.java:209)
	... 7 more
Could not initialize class de.uka.ilkd.key.nparser.KeYParser (file: /home/runner/work/key/key/key.core/../key.ui/examples/index/.././heap/permissions/threads/Plotter_preStart_accessible.key; caused by: java.lang.NoClassDefFoundError: Could not initialize class de.uka.ilkd.key.nparser.KeYParser)
	at de.uka.ilkd.key.control.AbstractUserInterfaceControl.load(AbstractUserInterfaceControl.java:221)
	at de.uka.ilkd.key.control.KeYEnvironment.load(KeYEnvironment.java:251)
	at de.uka.ilkd.key.control.KeYEnvironment.load(KeYEnvironment.java:224)
	at de.uka.ilkd.key.control.KeYEnvironment.load(KeYEnvironment.java:184)
	at de.uka.ilkd.key.control.KeYEnvironment.load(KeYEnvironment.java:261)
	at de.uka.ilkd.key.proof.runallproofs.proofcollection.TestFile.load(TestFile.java:270)
	at de.uka.ilkd.key.proof.runallproofs.proofcollection.TestFile.runKey(TestFile.java:160)
	at de.uka.ilkd.key.proof.runallproofs.proofcollection.ForkedTestFileRunner.main(ForkedTestFileRunner.java:171)
Caused by: java.lang.NoClassDefFoundError: Could not initialize class de.uka.ilkd.key.nparser.KeYParser
	at de.uka.ilkd.key.nparser.ParsingFacade.createParser(ParsingFacade.java:87)
	at de.uka.ilkd.key.nparser.ParsingFacade.parseFile(ParsingFacade.java:123)
	at de.uka.ilkd.key.proof.io.KeYFile.getParseContext(KeYFile.java:160)
	at de.uka.ilkd.key.proof.io.KeYFile.getProblemInformation(KeYFile.java:236)
	at de.uka.ilkd.key.proof.init.KeYUserProblemFile.readProfileFromFile(KeYUserProblemFile.java:236)
	at de.uka.ilkd.key.proof.init.KeYUserProblemFile.getProfile(KeYUserProblemFile.java:216)
	at de.uka.ilkd.key.proof.io.AbstractProblemLoader.createProblemInitializer(AbstractProblemLoader.java:508)
	at de.uka.ilkd.key.proof.io.AbstractProblemLoader.loadEnvironment(AbstractProblemLoader.java:288)
	at de.uka.ilkd.key.proof.io.AbstractProblemLoader.load(AbstractProblemLoader.java:253)
	at de.uka.ilkd.key.control.AbstractUserInterfaceControl.load(AbstractUserInterfaceControl.java:209)
	... 7 more
Could not initialize class de.uka.ilkd.key.nparser.KeYParser (file: /home/runner/work/key/key/key.core/../key.ui/examples/index/.././heap/permissions/threads/Plotter_stateInv_accessible.key; caused by: java.lang.NoClassDefFoundError: Could not initialize class de.uka.ilkd.key.nparser.KeYParser)
	at de.uka.ilkd.key.control.AbstractUserInterfaceControl.load(AbstractUserInterfaceControl.java:221)
	at de.uka.ilkd.key.control.KeYEnvironment.load(KeYEnvironment.java:251)
	at de.uka.ilkd.key.control.KeYEnvironment.load(KeYEnvironment.java:224)
	at de.uka.ilkd.key.control.KeYEnvironment.load(KeYEnvironment.java:184)
	at de.uka.ilkd.key.control.KeYEnvironment.load(KeYEnvironment.java:261)
	at de.uka.ilkd.key.proof.runallproofs.proofcollection.TestFile.load(TestFile.java:270)
	at de.uka.ilkd.key.proof.runallproofs.proofcollection.TestFile.runKey(TestFile.java:160)
	at de.uka.ilkd.key.proof.runallproofs.proofcollection.ForkedTestFileRunner.main(ForkedTestFileRunner.java:171)
Caused by: java.lang.NoClassDefFoundError: Could not initialize class de.uka.ilkd.key.nparser.KeYParser
	at de.uka.ilkd.key.nparser.ParsingFacade.createParser(ParsingFacade.java:87)
	at de.uka.ilkd.key.nparser.ParsingFacade.parseFile(ParsingFacade.java:123)
	at de.uka.ilkd.key.proof.io.KeYFile.getParseContext(KeYFile.java:160)
	at de.uka.ilkd.key.proof.io.KeYFile.getProblemInformation(KeYFile.java:236)
	at de.uka.ilkd.key.proof.init.KeYUserProblemFile.readProfileFromFile(KeYUserProblemFile.java:236)
	at de.uka.ilkd.key.proof.init.KeYUserProblemFile.getProfile(KeYUserProblemFile.java:216)
	at de.uka.ilkd.key.proof.io.AbstractProblemLoader.createProblemInitializer(AbstractProblemLoader.java:508)
	at de.uka.ilkd.key.proof.io.AbstractProblemLoader.loadEnvironment(AbstractProblemLoader.java:288)
	at de.uka.ilkd.key.proof.io.AbstractProblemLoader.load(AbstractProblemLoader.java:253)
	at de.uka.ilkd.key.control.AbstractUserInterfaceControl.load(AbstractUserInterfaceControl.java:209)
	... 7 more
Could not initialize class de.uka.ilkd.key.nparser.KeYParser (file: /home/runner/work/key/key/key.core/../key.ui/examples/index/.././heap/permissions/threads/Plotter_staticPermissions_accessible.key; caused by: java.lang.NoClassDefFoundError: Could not initialize class de.uka.ilkd.key.nparser.KeYParser)
	at de.uka.ilkd.key.control.AbstractUserInterfaceControl.load(AbstractUserInterfaceControl.java:221)
	at de.uka.ilkd.key.control.KeYEnvironment.load(KeYEnvironment.java:251)
	at de.uka.ilkd.key.control.KeYEnvironment.load(KeYEnvironment.java:224)
	at de.uka.ilkd.key.control.KeYEnvironment.load(KeYEnvironment.java:184)
	at de.uka.ilkd.key.control.KeYEnvironment.load(KeYEnvironment.java:261)
	at de.uka.ilkd.key.proof.runallproofs.proofcollection.TestFile.load(TestFile.java:270)
	at de.uka.ilkd.key.proof.runallproofs.proofcollection.TestFile.runKey(TestFile.java:160)
	at de.uka.ilkd.key.proof.runallproofs.proofcollection.ForkedTestFileRunner.main(ForkedTestFileRunner.java:171)
Caused by: java.lang.NoClassDefFoundError: Could not initialize class de.uka.ilkd.key.nparser.KeYParser
	at de.uka.ilkd.key.nparser.ParsingFacade.createParser(ParsingFacade.java:87)
	at de.uka.ilkd.key.nparser.ParsingFacade.parseFile(ParsingFacade.java:123)
	at de.uka.ilkd.key.proof.io.KeYFile.getParseContext(KeYFile.java:160)
	at de.uka.ilkd.key.proof.io.KeYFile.getProblemInformation(KeYFile.java:236)
	at de.uka.ilkd.key.proof.init.KeYUserProblemFile.readProfileFromFile(KeYUserProblemFile.java:236)
	at de.uka.ilkd.key.proof.init.KeYUserProblemFile.getProfile(KeYUserProblemFile.java:216)
	at de.uka.ilkd.key.proof.io.AbstractProblemLoader.createProblemInitializer(AbstractProblemLoader.java:508)
	at de.uka.ilkd.key.proof.io.AbstractProblemLoader.loadEnvironment(AbstractProblemLoader.java:288)
	at de.uka.ilkd.key.proof.io.AbstractProblemLoader.load(AbstractProblemLoader.java:253)
	at de.uka.ilkd.key.control.AbstractUserInterfaceControl.load(AbstractUserInterfaceControl.java:209)
	... 7 more
Could not initialize class de.uka.ilkd.key.nparser.KeYParser (file: /home/runner/work/key/key/key.core/../key.ui/examples/index/.././heap/permissions/threads/Plotter_workingPermissions_accessible.key; caused by: java.lang.NoClassDefFoundError: Could not initialize class de.uka.ilkd.key.nparser.KeYParser)
	at de.uka.ilkd.key.control.AbstractUserInterfaceControl.load(AbstractUserInterfaceControl.java:221)
	at de.uka.ilkd.key.control.KeYEnvironment.load(KeYEnvironment.java:251)
	at de.uka.ilkd.key.control.KeYEnvironment.load(KeYEnvironment.java:224)
	at de.uka.ilkd.key.control.KeYEnvironment.load(KeYEnvironment.java:184)
	at de.uka.ilkd.key.control.KeYEnvironment.load(KeYEnvironment.java:261)
	at de.uka.ilkd.key.proof.runallproofs.proofcollection.TestFile.load(TestFile.java:270)
	at de.uka.ilkd.key.proof.runallproofs.proofcollection.TestFile.runKey(TestFile.java:160)
	at de.uka.ilkd.key.proof.runallproofs.proofcollection.ForkedTestFileRunner.main(ForkedTestFileRunner.java:171)
Caused by: java.lang.NoClassDefFoundError: Could not initialize class de.uka.ilkd.key.nparser.KeYParser
	at de.uka.ilkd.key.nparser.ParsingFacade.createParser(ParsingFacade.java:87)
	at de.uka.ilkd.key.nparser.ParsingFacade.parseFile(ParsingFacade.java:123)
	at de.uka.ilkd.key.proof.io.KeYFile.getParseContext(KeYFile.java:160)
	at de.uka.ilkd.key.proof.io.KeYFile.getProblemInformation(KeYFile.java:236)
	at de.uka.ilkd.key.proof.init.KeYUserProblemFile.readProfileFromFile(KeYUserProblemFile.java:236)
	at de.uka.ilkd.key.proof.init.KeYUserProblemFile.getProfile(KeYUserProblemFile.java:216)
	at de.uka.ilkd.key.proof.io.AbstractProblemLoader.createProblemInitializer(AbstractProblemLoader.java:508)
	at de.uka.ilkd.key.proof.io.AbstractProblemLoader.loadEnvironment(AbstractProblemLoader.java:288)
	at de.uka.ilkd.key.proof.io.AbstractProblemLoader.load(AbstractProblemLoader.java:253)
	at de.uka.ilkd.key.control.AbstractUserInterfaceControl.load(AbstractUserInterfaceControl.java:209)
	... 7 more
Could not initialize class de.uka.ilkd.key.nparser.KeYParser (file: /home/runner/work/key/key/key.core/../key.ui/examples/index/.././heap/permissions/threads/Sampler_initPost_accessible.key; caused by: java.lang.NoClassDefFoundError: Could not initialize class de.uka.ilkd.key.nparser.KeYParser)
	at de.uka.ilkd.key.control.AbstractUserInterfaceControl.load(AbstractUserInterfaceControl.java:221)
	at de.uka.ilkd.key.control.KeYEnvironment.load(KeYEnvironment.java:251)
	at de.uka.ilkd.key.control.KeYEnvironment.load(KeYEnvironment.java:224)
	at de.uka.ilkd.key.control.KeYEnvironment.load(KeYEnvironment.java:184)
	at de.uka.ilkd.key.control.KeYEnvironment.load(KeYEnvironment.java:261)
	at de.uka.ilkd.key.proof.runallproofs.proofcollection.TestFile.load(TestFile.java:270)
	at de.uka.ilkd.key.proof.runallproofs.proofcollection.TestFile.runKey(TestFile.java:160)
	at de.uka.ilkd.key.proof.runallproofs.proofcollection.ForkedTestFileRunner.main(ForkedTestFileRunner.java:171)
Caused by: java.lang.NoClassDefFoundError: Could not initialize class de.uka.ilkd.key.nparser.KeYParser
	at de.uka.ilkd.key.nparser.ParsingFacade.createParser(ParsingFacade.java:87)
	at de.uka.ilkd.key.nparser.ParsingFacade.parseFile(ParsingFacade.java:123)
	at de.uka.ilkd.key.proof.io.KeYFile.getParseContext(KeYFile.java:160)
	at de.uka.ilkd.key.proof.io.KeYFile.getProblemInformation(KeYFile.java:236)
	at de.uka.ilkd.key.proof.init.KeYUserProblemFile.readProfileFromFile(KeYUserProblemFile.java:236)
	at de.uka.ilkd.key.proof.init.KeYUserProblemFile.getProfile(KeYUserProblemFile.java:216)
	at de.uka.ilkd.key.proof.io.AbstractProblemLoader.createProblemInitializer(AbstractProblemLoader.java:508)
	at de.uka.ilkd.key.proof.io.AbstractProblemLoader.loadEnvironment(AbstractProblemLoader.java:288)
	at de.uka.ilkd.key.proof.io.AbstractProblemLoader.load(AbstractProblemLoader.java:253)
	at de.uka.ilkd.key.control.AbstractUserInterfaceControl.load(AbstractUserInterfaceControl.java:209)
	... 7 more
Could not initialize class de.uka.ilkd.key.nparser.KeYParser (file: /home/runner/work/key/key/key.core/../key.ui/examples/index/.././heap/permissions/threads/Sampler_inv_accessible1.key; caused by: java.lang.NoClassDefFoundError: Could not initialize class de.uka.ilkd.key.nparser.KeYParser)
	at de.uka.ilkd.key.control.AbstractUserInterfaceControl.load(AbstractUserInterfaceControl.java:221)
	at de.uka.ilkd.key.control.KeYEnvironment.load(KeYEnvironment.java:251)
	at de.uka.ilkd.key.control.KeYEnvironment.load(KeYEnvironment.java:224)
	at de.uka.ilkd.key.control.KeYEnvironment.load(KeYEnvironment.java:184)
	at de.uka.ilkd.key.control.KeYEnvironment.load(KeYEnvironment.java:261)
	at de.uka.ilkd.key.proof.runallproofs.proofcollection.TestFile.load(TestFile.java:270)
	at de.uka.ilkd.key.proof.runallproofs.proofcollection.TestFile.runKey(TestFile.java:160)
	at de.uka.ilkd.key.proof.runallproofs.proofcollection.ForkedTestFileRunner.main(ForkedTestFileRunner.java:171)
Caused by: java.lang.NoClassDefFoundError: Could not initialize class de.uka.ilkd.key.nparser.KeYParser
	at de.uka.ilkd.key.nparser.ParsingFacade.createParser(ParsingFacade.java:87)
	at de.uka.ilkd.key.nparser.ParsingFacade.parseFile(ParsingFacade.java:123)
	at de.uka.ilkd.key.proof.io.KeYFile.getParseContext(KeYFile.java:160)
	at de.uka.ilkd.key.proof.io.KeYFile.getProblemInformation(KeYFile.java:236)
	at de.uka.ilkd.key.proof.init.KeYUserProblemFile.readProfileFromFile(KeYUserProblemFile.java:236)
	at de.uka.ilkd.key.proof.init.KeYUserProblemFile.getProfile(KeYUserProblemFile.java:216)
	at de.uka.ilkd.key.proof.io.AbstractProblemLoader.createProblemInitializer(AbstractProblemLoader.java:508)
	at de.uka.ilkd.key.proof.io.AbstractProblemLoader.loadEnvironment(AbstractProblemLoader.java:288)
	at de.uka.ilkd.key.proof.io.AbstractProblemLoader.load(AbstractProblemLoader.java:253)
	at de.uka.ilkd.key.control.AbstractUserInterfaceControl.load(AbstractUserInterfaceControl.java:209)
	... 7 more
Could not initialize class de.uka.ilkd.key.nparser.KeYParser (file: /home/runner/work/key/key/key.core/../key.ui/examples/index/.././heap/permissions/threads/Sampler_inv_accessible2.key; caused by: java.lang.NoClassDefFoundError: Could not initialize class de.uka.ilkd.key.nparser.KeYParser)
	at de.uka.ilkd.key.control.AbstractUserInterfaceControl.load(AbstractUserInterfaceControl.java:221)
	at de.uka.ilkd.key.control.KeYEnvironment.load(KeYEnvironment.java:251)
	at de.uka.ilkd.key.control.KeYEnvironment.load(KeYEnvironment.java:224)
	at de.uka.ilkd.key.control.KeYEnvironment.load(KeYEnvironment.java:184)
	at de.uka.ilkd.key.control.KeYEnvironment.load(KeYEnvironment.java:261)
	at de.uka.ilkd.key.proof.runallproofs.proofcollection.TestFile.load(TestFile.java:270)
	at de.uka.ilkd.key.proof.runallproofs.proofcollection.TestFile.runKey(TestFile.java:160)
	at de.uka.ilkd.key.proof.runallproofs.proofcollection.ForkedTestFileRunner.main(ForkedTestFileRunner.java:171)
Caused by: java.lang.NoClassDefFoundError: Could not initialize class de.uka.ilkd.key.nparser.KeYParser
	at de.uka.ilkd.key.nparser.ParsingFacade.createParser(ParsingFacade.java:87)
	at de.uka.ilkd.key.nparser.ParsingFacade.parseFile(ParsingFacade.java:123)
	at de.uka.ilkd.key.proof.io.KeYFile.getParseContext(KeYFile.java:160)
	at de.uka.ilkd.key.proof.io.KeYFile.getProblemInformation(KeYFile.java:236)
	at de.uka.ilkd.key.proof.init.KeYUserProblemFile.readProfileFromFile(KeYUserProblemFile.java:236)
	at de.uka.ilkd.key.proof.init.KeYUserProblemFile.getProfile(KeYUserProblemFile.java:216)
	at de.uka.ilkd.key.proof.io.AbstractProblemLoader.createProblemInitializer(AbstractProblemLoader.java:508)
	at de.uka.ilkd.key.proof.io.AbstractProblemLoader.loadEnvironment(AbstractProblemLoader.java:288)
	at de.uka.ilkd.key.proof.io.AbstractProblemLoader.load(AbstractProblemLoader.java:253)
	at de.uka.ilkd.key.control.AbstractUserInterfaceControl.load(AbstractUserInterfaceControl.java:209)
	... 7 more
Could not initialize class de.uka.ilkd.key.nparser.KeYParser (file: /home/runner/work/key/key/key.core/../key.ui/examples/index/.././heap/permissions/threads/Sampler_joinTransfer_accessible.key; caused by: java.lang.NoClassDefFoundError: Could not initialize class de.uka.ilkd.key.nparser.KeYParser)
	at de.uka.ilkd.key.control.AbstractUserInterfaceControl.load(AbstractUserInterfaceControl.java:221)
	at de.uka.ilkd.key.control.KeYEnvironment.load(KeYEnvironment.java:251)
	at de.uka.ilkd.key.control.KeYEnvironment.load(KeYEnvironment.java:224)
	at de.uka.ilkd.key.control.KeYEnvironment.load(KeYEnvironment.java:184)
	at de.uka.ilkd.key.control.KeYEnvironment.load(KeYEnvironment.java:261)
	at de.uka.ilkd.key.proof.runallproofs.proofcollection.TestFile.load(TestFile.java:270)
	at de.uka.ilkd.key.proof.runallproofs.proofcollection.TestFile.runKey(TestFile.java:160)
	at de.uka.ilkd.key.proof.runallproofs.proofcollection.ForkedTestFileRunner.main(ForkedTestFileRunner.java:171)
Caused by: java.lang.NoClassDefFoundError: Could not initialize class de.uka.ilkd.key.nparser.KeYParser
	at de.uka.ilkd.key.nparser.ParsingFacade.createParser(ParsingFacade.java:87)
	at de.uka.ilkd.key.nparser.ParsingFacade.parseFile(ParsingFacade.java:123)
	at de.uka.ilkd.key.proof.io.KeYFile.getParseContext(KeYFile.java:160)
	at de.uka.ilkd.key.proof.io.KeYFile.getProblemInformation(KeYFile.java:236)
	at de.uka.ilkd.key.proof.init.KeYUserProblemFile.readProfileFromFile(KeYUserProblemFile.java:236)
	at de.uka.ilkd.key.proof.init.KeYUserProblemFile.getProfile(KeYUserProblemFile.java:216)
	at de.uka.ilkd.key.proof.io.AbstractProblemLoader.createProblemInitializer(AbstractProblemLoader.java:508)
	at de.uka.ilkd.key.proof.io.AbstractProblemLoader.loadEnvironment(AbstractProblemLoader.java:288)
	at de.uka.ilkd.key.proof.io.AbstractProblemLoader.load(AbstractProblemLoader.java:253)
	at de.uka.ilkd.key.control.AbstractUserInterfaceControl.load(AbstractUserInterfaceControl.java:209)
	... 7 more
Could not initialize class de.uka.ilkd.key.nparser.KeYParser (file: /home/runner/work/key/key/key.core/../key.ui/examples/index/.././heap/permissions/threads/Sampler_joinTransfer_contract.key; caused by: java.lang.NoClassDefFoundError: Could not initialize class de.uka.ilkd.key.nparser.KeYParser)
	at de.uka.ilkd.key.control.AbstractUserInterfaceControl.load(AbstractUserInterfaceControl.java:221)
	at de.uka.ilkd.key.control.KeYEnvironment.load(KeYEnvironment.java:251)
	at de.uka.ilkd.key.control.KeYEnvironment.load(KeYEnvironment.java:224)
	at de.uka.ilkd.key.control.KeYEnvironment.load(KeYEnvironment.java:184)
	at de.uka.ilkd.key.control.KeYEnvironment.load(KeYEnvironment.java:261)
	at de.uka.ilkd.key.proof.runallproofs.proofcollection.TestFile.load(TestFile.java:270)
	at de.uka.ilkd.key.proof.runallproofs.proofcollection.TestFile.runKey(TestFile.java:160)
	at de.uka.ilkd.key.proof.runallproofs.proofcollection.ForkedTestFileRunner.main(ForkedTestFileRunner.java:171)
Caused by: java.lang.NoClassDefFoundError: Could not initialize class de.uka.ilkd.key.nparser.KeYParser
	at de.uka.ilkd.key.nparser.ParsingFacade.createParser(ParsingFacade.java:87)
	at de.uka.ilkd.key.nparser.ParsingFacade.parseFile(ParsingFacade.java:123)
	at de.uka.ilkd.key.proof.io.KeYFile.getParseContext(KeYFile.java:160)
	at de.uka.ilkd.key.proof.io.KeYFile.getProblemInformation(KeYFile.java:236)
	at de.uka.ilkd.key.proof.init.KeYUserProblemFile.readProfileFromFile(KeYUserProblemFile.java:236)
	at de.uka.ilkd.key.proof.init.KeYUserProblemFile.getProfile(KeYUserProblemFile.java:216)
	at de.uka.ilkd.key.proof.io.AbstractProblemLoader.createProblemInitializer(AbstractProblemLoader.java:508)
	at de.uka.ilkd.key.proof.io.AbstractProblemLoader.loadEnvironment(AbstractProblemLoader.java:288)
	at de.uka.ilkd.key.proof.io.AbstractProblemLoader.load(AbstractProblemLoader.java:253)
	at de.uka.ilkd.key.control.AbstractUserInterfaceControl.load(AbstractUserInterfaceControl.java:209)
	... 7 more
Could not initialize class de.uka.ilkd.key.nparser.KeYParser (file: /home/runner/work/key/key/key.core/../key.ui/examples/index/.././heap/permissions/threads/Sampler_postJoin_accessible.key; caused by: java.lang.NoClassDefFoundError: Could not initialize class de.uka.ilkd.key.nparser.KeYParser)
	at de.uka.ilkd.key.control.AbstractUserInterfaceControl.load(AbstractUserInterfaceControl.java:221)
	at de.uka.ilkd.key.control.KeYEnvironment.load(KeYEnvironment.java:251)
	at de.uka.ilkd.key.control.KeYEnvironment.load(KeYEnvironment.java:224)
	at de.uka.ilkd.key.control.KeYEnvironment.load(KeYEnvironment.java:184)
	at de.uka.ilkd.key.control.KeYEnvironment.load(KeYEnvironment.java:261)
	at de.uka.ilkd.key.proof.runallproofs.proofcollection.TestFile.load(TestFile.java:270)
	at de.uka.ilkd.key.proof.runallproofs.proofcollection.TestFile.runKey(TestFile.java:160)
	at de.uka.ilkd.key.proof.runallproofs.proofcollection.ForkedTestFileRunner.main(ForkedTestFileRunner.java:171)
Caused by: java.lang.NoClassDefFoundError: Could not initialize class de.uka.ilkd.key.nparser.KeYParser
	at de.uka.ilkd.key.nparser.ParsingFacade.createParser(ParsingFacade.java:87)
	at de.uka.ilkd.key.nparser.ParsingFacade.parseFile(ParsingFacade.java:123)
	at de.uka.ilkd.key.proof.io.KeYFile.getParseContext(KeYFile.java:160)
	at de.uka.ilkd.key.proof.io.KeYFile.getProblemInformation(KeYFile.java:236)
	at de.uka.ilkd.key.proof.init.KeYUserProblemFile.readProfileFromFile(KeYUserProblemFile.java:236)
	at de.uka.ilkd.key.proof.init.KeYUserProblemFile.getProfile(KeYUserProblemFile.java:216)
	at de.uka.ilkd.key.proof.io.AbstractProblemLoader.createProblemInitializer(AbstractProblemLoader.java:508)
	at de.uka.ilkd.key.proof.io.AbstractProblemLoader.loadEnvironment(AbstractProblemLoader.java:288)
	at de.uka.ilkd.key.proof.io.AbstractProblemLoader.load(AbstractProblemLoader.java:253)
	at de.uka.ilkd.key.control.AbstractUserInterfaceControl.load(AbstractUserInterfaceControl.java:209)
	... 7 more
Could not initialize class de.uka.ilkd.key.nparser.KeYParser (file: /home/runner/work/key/key/key.core/../key.ui/examples/index/.././heap/permissions/threads/Sampler_preStart_accessible.key; caused by: java.lang.NoClassDefFoundError: Could not initialize class de.uka.ilkd.key.nparser.KeYParser)
	at de.uka.ilkd.key.control.AbstractUserInterfaceControl.load(AbstractUserInterfaceControl.java:221)
	at de.uka.ilkd.key.control.KeYEnvironment.load(KeYEnvironment.java:251)
	at de.uka.ilkd.key.control.KeYEnvironment.load(KeYEnvironment.java:224)
	at de.uka.ilkd.key.control.KeYEnvironment.load(KeYEnvironment.java:184)
	at de.uka.ilkd.key.control.KeYEnvironment.load(KeYEnvironment.java:261)
	at de.uka.ilkd.key.proof.runallproofs.proofcollection.TestFile.load(TestFile.java:270)
	at de.uka.ilkd.key.proof.runallproofs.proofcollection.TestFile.runKey(TestFile.java:160)
	at de.uka.ilkd.key.proof.runallproofs.proofcollection.ForkedTestFileRunner.main(ForkedTestFileRunner.java:171)
Caused by: java.lang.NoClassDefFoundError: Could not initialize class de.uka.ilkd.key.nparser.KeYParser
	at de.uka.ilkd.key.nparser.ParsingFacade.createParser(ParsingFacade.java:87)
	at de.uka.ilkd.key.nparser.ParsingFacade.parseFile(ParsingFacade.java:123)
	at de.uka.ilkd.key.proof.io.KeYFile.getParseContext(KeYFile.java:160)
	at de.uka.ilkd.key.proof.io.KeYFile.getProblemInformation(KeYFile.java:236)
	at de.uka.ilkd.key.proof.init.KeYUserProblemFile.readProfileFromFile(KeYUserProblemFile.java:236)
	at de.uka.ilkd.key.proof.init.KeYUserProblemFile.getProfile(KeYUserProblemFile.java:216)
	at de.uka.ilkd.key.proof.io.AbstractProblemLoader.createProblemInitializer(AbstractProblemLoader.java:508)
	at de.uka.ilkd.key.proof.io.AbstractProblemLoader.loadEnvironment(AbstractProblemLoader.java:288)
	at de.uka.ilkd.key.proof.io.AbstractProblemLoader.load(AbstractProblemLoader.java:253)
	at de.uka.ilkd.key.control.AbstractUserInterfaceControl.load(AbstractUserInterfaceControl.java:209)
	... 7 more
Could not initialize class de.uka.ilkd.key.nparser.KeYParser (file: /home/runner/work/key/key/key.core/../key.ui/examples/index/.././heap/permissions/threads/Sampler_run.key; caused by: java.lang.NoClassDefFoundError: Could not initialize class de.uka.ilkd.key.nparser.KeYParser)
	at de.uka.ilkd.key.control.AbstractUserInterfaceControl.load(AbstractUserInterfaceControl.java:221)
	at de.uka.ilkd.key.control.KeYEnvironment.load(KeYEnvironment.java:251)
	at de.uka.ilkd.key.control.KeYEnvironment.load(KeYEnvironment.java:224)
	at de.uka.ilkd.key.control.KeYEnvironment.load(KeYEnvironment.java:184)
	at de.uka.ilkd.key.control.KeYEnvironment.load(KeYEnvironment.java:261)
	at de.uka.ilkd.key.proof.runallproofs.proofcollection.TestFile.load(TestFile.java:270)
	at de.uka.ilkd.key.proof.runallproofs.proofcollection.TestFile.runKey(TestFile.java:160)
	at de.uka.ilkd.key.proof.runallproofs.proofcollection.ForkedTestFileRunner.main(ForkedTestFileRunner.java:171)
Caused by: java.lang.NoClassDefFoundError: Could not initialize class de.uka.ilkd.key.nparser.KeYParser
	at de.uka.ilkd.key.nparser.ParsingFacade.createParser(ParsingFacade.java:87)
	at de.uka.ilkd.key.nparser.ParsingFacade.parseFile(ParsingFacade.java:123)
	at de.uka.ilkd.key.proof.io.KeYFile.getParseContext(KeYFile.java:160)
	at de.uka.ilkd.key.proof.io.KeYFile.getProblemInformation(KeYFile.java:236)
	at de.uka.ilkd.key.proof.init.KeYUserProblemFile.readProfileFromFile(KeYUserProblemFile.java:236)
	at de.uka.ilkd.key.proof.init.KeYUserProblemFile.getProfile(KeYUserProblemFile.java:216)
	at de.uka.ilkd.key.proof.io.AbstractProblemLoader.createProblemInitializer(AbstractProblemLoader.java:508)
	at de.uka.ilkd.key.proof.io.AbstractProblemLoader.loadEnvironment(AbstractProblemLoader.java:288)
	at de.uka.ilkd.key.proof.io.AbstractProblemLoader.load(AbstractProblemLoader.java:253)
	at de.uka.ilkd.key.control.AbstractUserInterfaceControl.load(AbstractUserInterfaceControl.java:209)
	... 7 more
Could not initialize class de.uka.ilkd.key.nparser.KeYParser (file: /home/runner/work/key/key/key.core/../key.ui/examples/index/.././heap/permissions/threads/Sampler_Sampler.key; caused by: java.lang.NoClassDefFoundError: Could not initialize class de.uka.ilkd.key.nparser.KeYParser)
	at de.uka.ilkd.key.control.AbstractUserInterfaceControl.load(AbstractUserInterfaceControl.java:221)
	at de.uka.ilkd.key.control.KeYEnvironment.load(KeYEnvironment.java:251)
	at de.uka.ilkd.key.control.KeYEnvironment.load(KeYEnvironment.java:224)
	at de.uka.ilkd.key.control.KeYEnvironment.load(KeYEnvironment.java:184)
	at de.uka.ilkd.key.control.KeYEnvironment.load(KeYEnvironment.java:261)
	at de.uka.ilkd.key.proof.runallproofs.proofcollection.TestFile.load(TestFile.java:270)
	at de.uka.ilkd.key.proof.runallproofs.proofcollection.TestFile.runKey(TestFile.java:160)
	at de.uka.ilkd.key.proof.runallproofs.proofcollection.ForkedTestFileRunner.main(ForkedTestFileRunner.java:171)
Caused by: java.lang.NoClassDefFoundError: Could not initialize class de.uka.ilkd.key.nparser.KeYParser
	at de.uka.ilkd.key.nparser.ParsingFacade.createParser(ParsingFacade.java:87)
	at de.uka.ilkd.key.nparser.ParsingFacade.parseFile(ParsingFacade.java:123)
	at de.uka.ilkd.key.proof.io.KeYFile.getParseContext(KeYFile.java:160)
	at de.uka.ilkd.key.proof.io.KeYFile.getProblemInformation(KeYFile.java:236)
	at de.uka.ilkd.key.proof.init.KeYUserProblemFile.readProfileFromFile(KeYUserProblemFile.java:236)
	at de.uka.ilkd.key.proof.init.KeYUserProblemFile.getProfile(KeYUserProblemFile.java:216)
	at de.uka.ilkd.key.proof.io.AbstractProblemLoader.createProblemInitializer(AbstractProblemLoader.java:508)
	at de.uka.ilkd.key.proof.io.AbstractProblemLoader.loadEnvironment(AbstractProblemLoader.java:288)
	at de.uka.ilkd.key.proof.io.AbstractProblemLoader.load(AbstractProblemLoader.java:253)
	at de.uka.ilkd.key.control.AbstractUserInterfaceControl.load(AbstractUserInterfaceControl.java:209)
	... 7 more
Could not initialize class de.uka.ilkd.key.nparser.KeYParser (file: /home/runner/work/key/key/key.core/../key.ui/examples/index/.././heap/permissions/threads/Sampler_startTransfer_accessible.key; caused by: java.lang.NoClassDefFoundError: Could not initialize class de.uka.ilkd.key.nparser.KeYParser)
	at de.uka.ilkd.key.control.AbstractUserInterfaceControl.load(AbstractUserInterfaceControl.java:221)
	at de.uka.ilkd.key.control.KeYEnvironment.load(KeYEnvironment.java:251)
	at de.uka.ilkd.key.control.KeYEnvironment.load(KeYEnvironment.java:224)
	at de.uka.ilkd.key.control.KeYEnvironment.load(KeYEnvironment.java:184)
	at de.uka.ilkd.key.control.KeYEnvironment.load(KeYEnvironment.java:261)
	at de.uka.ilkd.key.proof.runallproofs.proofcollection.TestFile.load(TestFile.java:270)
	at de.uka.ilkd.key.proof.runallproofs.proofcollection.TestFile.runKey(TestFile.java:160)
	at de.uka.ilkd.key.proof.runallproofs.proofcollection.ForkedTestFileRunner.main(ForkedTestFileRunner.java:171)
Caused by: java.lang.NoClassDefFoundError: Could not initialize class de.uka.ilkd.key.nparser.KeYParser
	at de.uka.ilkd.key.nparser.ParsingFacade.createParser(ParsingFacade.java:87)
	at de.uka.ilkd.key.nparser.ParsingFacade.parseFile(ParsingFacade.java:123)
	at de.uka.ilkd.key.proof.io.KeYFile.getParseContext(KeYFile.java:160)
	at de.uka.ilkd.key.proof.io.KeYFile.getProblemInformation(KeYFile.java:236)
	at de.uka.ilkd.key.proof.init.KeYUserProblemFile.readProfileFromFile(KeYUserProblemFile.java:236)
	at de.uka.ilkd.key.proof.init.KeYUserProblemFile.getProfile(KeYUserProblemFile.java:216)
	at de.uka.ilkd.key.proof.io.AbstractProblemLoader.createProblemInitializer(AbstractProblemLoader.java:508)
	at de.uka.ilkd.key.proof.io.AbstractProblemLoader.loadEnvironment(AbstractProblemLoader.java:288)
	at de.uka.ilkd.key.proof.io.AbstractProblemLoader.load(AbstractProblemLoader.java:253)
	at de.uka.ilkd.key.control.AbstractUserInterfaceControl.load(AbstractUserInterfaceControl.java:209)
	... 7 more
Could not initialize class de.uka.ilkd.key.nparser.KeYParser (file: /home/runner/work/key/key/key.core/../key.ui/examples/index/.././heap/permissions/threads/Sampler_startTransfer_contract.key; caused by: java.lang.NoClassDefFoundError: Could not initialize class de.uka.ilkd.key.nparser.KeYParser)
	at de.uka.ilkd.key.control.AbstractUserInterfaceControl.load(AbstractUserInterfaceControl.java:221)
	at de.uka.ilkd.key.control.KeYEnvironment.load(KeYEnvironment.java:251)
	at de.uka.ilkd.key.control.KeYEnvironment.load(KeYEnvironment.java:224)
	at de.uka.ilkd.key.control.KeYEnvironment.load(KeYEnvironment.java:184)
	at de.uka.ilkd.key.control.KeYEnvironment.load(KeYEnvironment.java:261)
	at de.uka.ilkd.key.proof.runallproofs.proofcollection.TestFile.load(TestFile.java:270)
	at de.uka.ilkd.key.proof.runallproofs.proofcollection.TestFile.runKey(TestFile.java:160)
	at de.uka.ilkd.key.proof.runallproofs.proofcollection.ForkedTestFileRunner.main(ForkedTestFileRunner.java:171)
Caused by: java.lang.NoClassDefFoundError: Could not initialize class de.uka.ilkd.key.nparser.KeYParser
	at de.uka.ilkd.key.nparser.ParsingFacade.createParser(ParsingFacade.java:87)
	at de.uka.ilkd.key.nparser.ParsingFacade.parseFile(ParsingFacade.java:123)
	at de.uka.ilkd.key.proof.io.KeYFile.getParseContext(KeYFile.java:160)
	at de.uka.ilkd.key.proof.io.KeYFile.getProblemInformation(KeYFile.java:236)
	at de.uka.ilkd.key.proof.init.KeYUserProblemFile.readProfileFromFile(KeYUserProblemFile.java:236)
	at de.uka.ilkd.key.proof.init.KeYUserProblemFile.getProfile(KeYUserProblemFile.java:216)
	at de.uka.ilkd.key.proof.io.AbstractProblemLoader.createProblemInitializer(AbstractProblemLoader.java:508)
	at de.uka.ilkd.key.proof.io.AbstractProblemLoader.loadEnvironment(AbstractProblemLoader.java:288)
	at de.uka.ilkd.key.proof.io.AbstractProblemLoader.load(AbstractProblemLoader.java:253)
	at de.uka.ilkd.key.control.AbstractUserInterfaceControl.load(AbstractUserInterfaceControl.java:209)
	... 7 more
Could not initialize class de.uka.ilkd.key.nparser.KeYParser (file: /home/runner/work/key/key/key.core/../key.ui/examples/index/.././heap/permissions/threads/Sampler_stateInv_accessible.key; caused by: java.lang.NoClassDefFoundError: Could not initialize class de.uka.ilkd.key.nparser.KeYParser)
	at de.uka.ilkd.key.control.AbstractUserInterfaceControl.load(AbstractUserInterfaceControl.java:221)
	at de.uka.ilkd.key.control.KeYEnvironment.load(KeYEnvironment.java:251)
	at de.uka.ilkd.key.control.KeYEnvironment.load(KeYEnvironment.java:224)
	at de.uka.ilkd.key.control.KeYEnvironment.load(KeYEnvironment.java:184)
	at de.uka.ilkd.key.control.KeYEnvironment.load(KeYEnvironment.java:261)
	at de.uka.ilkd.key.proof.runallproofs.proofcollection.TestFile.load(TestFile.java:270)
	at de.uka.ilkd.key.proof.runallproofs.proofcollection.TestFile.runKey(TestFile.java:160)
	at de.uka.ilkd.key.proof.runallproofs.proofcollection.ForkedTestFileRunner.main(ForkedTestFileRunner.java:171)
Caused by: java.lang.NoClassDefFoundError: Could not initialize class de.uka.ilkd.key.nparser.KeYParser
	at de.uka.ilkd.key.nparser.ParsingFacade.createParser(ParsingFacade.java:87)
	at de.uka.ilkd.key.nparser.ParsingFacade.parseFile(ParsingFacade.java:123)
	at de.uka.ilkd.key.proof.io.KeYFile.getParseContext(KeYFile.java:160)
	at de.uka.ilkd.key.proof.io.KeYFile.getProblemInformation(KeYFile.java:236)
	at de.uka.ilkd.key.proof.init.KeYUserProblemFile.readProfileFromFile(KeYUserProblemFile.java:236)
	at de.uka.ilkd.key.proof.init.KeYUserProblemFile.getProfile(KeYUserProblemFile.java:216)
	at de.uka.ilkd.key.proof.io.AbstractProblemLoader.createProblemInitializer(AbstractProblemLoader.java:508)
	at de.uka.ilkd.key.proof.io.AbstractProblemLoader.loadEnvironment(AbstractProblemLoader.java:288)
	at de.uka.ilkd.key.proof.io.AbstractProblemLoader.load(AbstractProblemLoader.java:253)
	at de.uka.ilkd.key.control.AbstractUserInterfaceControl.load(AbstractUserInterfaceControl.java:209)
	... 7 more
Could not initialize class de.uka.ilkd.key.nparser.KeYParser (file: /home/runner/work/key/key/key.core/../key.ui/examples/index/.././heap/permissions/threads/Sampler_staticPermissions_accessible.key; caused by: java.lang.NoClassDefFoundError: Could not initialize class de.uka.ilkd.key.nparser.KeYParser)
	at de.uka.ilkd.key.control.AbstractUserInterfaceControl.load(AbstractUserInterfaceControl.java:221)
	at de.uka.ilkd.key.control.KeYEnvironment.load(KeYEnvironment.java:251)
	at de.uka.ilkd.key.control.KeYEnvironment.load(KeYEnvironment.java:224)
	at de.uka.ilkd.key.control.KeYEnvironment.load(KeYEnvironment.java:184)
	at de.uka.ilkd.key.control.KeYEnvironment.load(KeYEnvironment.java:261)
	at de.uka.ilkd.key.proof.runallproofs.proofcollection.TestFile.load(TestFile.java:270)
	at de.uka.ilkd.key.proof.runallproofs.proofcollection.TestFile.runKey(TestFile.java:160)
	at de.uka.ilkd.key.proof.runallproofs.proofcollection.ForkedTestFileRunner.main(ForkedTestFileRunner.java:171)
Caused by: java.lang.NoClassDefFoundError: Could not initialize class de.uka.ilkd.key.nparser.KeYParser
	at de.uka.ilkd.key.nparser.ParsingFacade.createParser(ParsingFacade.java:87)
	at de.uka.ilkd.key.nparser.ParsingFacade.parseFile(ParsingFacade.java:123)
	at de.uka.ilkd.key.proof.io.KeYFile.getParseContext(KeYFile.java:160)
	at de.uka.ilkd.key.proof.io.KeYFile.getProblemInformation(KeYFile.java:236)
	at de.uka.ilkd.key.proof.init.KeYUserProblemFile.readProfileFromFile(KeYUserProblemFile.java:236)
	at de.uka.ilkd.key.proof.init.KeYUserProblemFile.getProfile(KeYUserProblemFile.java:216)
	at de.uka.ilkd.key.proof.io.AbstractProblemLoader.createProblemInitializer(AbstractProblemLoader.java:508)
	at de.uka.ilkd.key.proof.io.AbstractProblemLoader.loadEnvironment(AbstractProblemLoader.java:288)
	at de.uka.ilkd.key.proof.io.AbstractProblemLoader.load(AbstractProblemLoader.java:253)
	at de.uka.ilkd.key.control.AbstractUserInterfaceControl.load(AbstractUserInterfaceControl.java:209)
	... 7 more
Could not initialize class de.uka.ilkd.key.nparser.KeYParser (file: /home/runner/work/key/key/key.core/../key.ui/examples/index/.././heap/permissions/threads/Sampler_workingPermissions_accessible.key; caused by: java.lang.NoClassDefFoundError: Could not initialize class de.uka.ilkd.key.nparser.KeYParser)
	at de.uka.ilkd.key.control.AbstractUserInterfaceControl.load(AbstractUserInterfaceControl.java:221)
	at de.uka.ilkd.key.control.KeYEnvironment.load(KeYEnvironment.java:251)
	at de.uka.ilkd.key.control.KeYEnvironment.load(KeYEnvironment.java:224)
	at de.uka.ilkd.key.control.KeYEnvironment.load(KeYEnvironment.java:184)
	at de.uka.ilkd.key.control.KeYEnvironment.load(KeYEnvironment.java:261)
	at de.uka.ilkd.key.proof.runallproofs.proofcollection.TestFile.load(TestFile.java:270)
	at de.uka.ilkd.key.proof.runallproofs.proofcollection.TestFile.runKey(TestFile.java:160)
	at de.uka.ilkd.key.proof.runallproofs.proofcollection.ForkedTestFileRunner.main(ForkedTestFileRunner.java:171)
Caused by: java.lang.NoClassDefFoundError: Could not initialize class de.uka.ilkd.key.nparser.KeYParser
	at de.uka.ilkd.key.nparser.ParsingFacade.createParser(ParsingFacade.java:87)
	at de.uka.ilkd.key.nparser.ParsingFacade.parseFile(ParsingFacade.java:123)
	at de.uka.ilkd.key.proof.io.KeYFile.getParseContext(KeYFile.java:160)
	at de.uka.ilkd.key.proof.io.KeYFile.getProblemInformation(KeYFile.java:236)
	at de.uka.ilkd.key.proof.init.KeYUserProblemFile.readProfileFromFile(KeYUserProblemFile.java:236)
	at de.uka.ilkd.key.proof.init.KeYUserProblemFile.getProfile(KeYUserProblemFile.java:216)
	at de.uka.ilkd.key.proof.io.AbstractProblemLoader.createProblemInitializer(AbstractProblemLoader.java:508)
	at de.uka.ilkd.key.proof.io.AbstractProblemLoader.loadEnvironment(AbstractProblemLoader.java:288)
	at de.uka.ilkd.key.proof.io.AbstractProblemLoader.load(AbstractProblemLoader.java:253)
	at de.uka.ilkd.key.control.AbstractUserInterfaceControl.load(AbstractUserInterfaceControl.java:209)
	... 7 more
Could not initialize class de.uka.ilkd.key.nparser.KeYParser (file: /home/runner/work/key/key/key.core/../key.ui/examples/index/.././heap/permissions/mulleretal/ReadWrite_doRead_contract.key; caused by: java.lang.NoClassDefFoundError: Could not initialize class de.uka.ilkd.key.nparser.KeYParser)
	at de.uka.ilkd.key.control.AbstractUserInterfaceControl.load(AbstractUserInterfaceControl.java:221)
	at de.uka.ilkd.key.control.KeYEnvironment.load(KeYEnvironment.java:251)
	at de.uka.ilkd.key.control.KeYEnvironment.load(KeYEnvironment.java:224)
	at de.uka.ilkd.key.control.KeYEnvironment.load(KeYEnvironment.java:184)
	at de.uka.ilkd.key.control.KeYEnvironment.load(KeYEnvironment.java:261)
	at de.uka.ilkd.key.proof.runallproofs.proofcollection.TestFile.load(TestFile.java:270)
	at de.uka.ilkd.key.proof.runallproofs.proofcollection.TestFile.runKey(TestFile.java:160)
	at de.uka.ilkd.key.proof.runallproofs.proofcollection.ForkedTestFileRunner.main(ForkedTestFileRunner.java:171)
Caused by: java.lang.NoClassDefFoundError: Could not initialize class de.uka.ilkd.key.nparser.KeYParser
	at de.uka.ilkd.key.nparser.ParsingFacade.createParser(ParsingFacade.java:87)
	at de.uka.ilkd.key.nparser.ParsingFacade.parseFile(ParsingFacade.java:123)
	at de.uka.ilkd.key.proof.io.KeYFile.getParseContext(KeYFile.java:160)
	at de.uka.ilkd.key.proof.io.KeYFile.getProblemInformation(KeYFile.java:236)
	at de.uka.ilkd.key.proof.init.KeYUserProblemFile.readProfileFromFile(KeYUserProblemFile.java:236)
	at de.uka.ilkd.key.proof.init.KeYUserProblemFile.getProfile(KeYUserProblemFile.java:216)
	at de.uka.ilkd.key.proof.io.AbstractProblemLoader.createProblemInitializer(AbstractProblemLoader.java:508)
	at de.uka.ilkd.key.proof.io.AbstractProblemLoader.loadEnvironment(AbstractProblemLoader.java:288)
	at de.uka.ilkd.key.proof.io.AbstractProblemLoader.load(AbstractProblemLoader.java:253)
	at de.uka.ilkd.key.control.AbstractUserInterfaceControl.load(AbstractUserInterfaceControl.java:209)
	... 7 more
Could not initialize class de.uka.ilkd.key.nparser.KeYParser (file: /home/runner/work/key/key/key.core/../key.ui/examples/index/.././heap/permissions/mulleretal/ReadWrite_doWrite_contract.key; caused by: java.lang.NoClassDefFoundError: Could not initialize class de.uka.ilkd.key.nparser.KeYParser)
	at de.uka.ilkd.key.control.AbstractUserInterfaceControl.load(AbstractUserInterfaceControl.java:221)
	at de.uka.ilkd.key.control.KeYEnvironment.load(KeYEnvironment.java:251)
	at de.uka.ilkd.key.control.KeYEnvironment.load(KeYEnvironment.java:224)
	at de.uka.ilkd.key.control.KeYEnvironment.load(KeYEnvironment.java:184)
	at de.uka.ilkd.key.control.KeYEnvironment.load(KeYEnvironment.java:261)
	at de.uka.ilkd.key.proof.runallproofs.proofcollection.TestFile.load(TestFile.java:270)
	at de.uka.ilkd.key.proof.runallproofs.proofcollection.TestFile.runKey(TestFile.java:160)
	at de.uka.ilkd.key.proof.runallproofs.proofcollection.ForkedTestFileRunner.main(ForkedTestFileRunner.java:171)
Caused by: java.lang.NoClassDefFoundError: Could not initialize class de.uka.ilkd.key.nparser.KeYParser
	at de.uka.ilkd.key.nparser.ParsingFacade.createParser(ParsingFacade.java:87)
	at de.uka.ilkd.key.nparser.ParsingFacade.parseFile(ParsingFacade.java:123)
	at de.uka.ilkd.key.proof.io.KeYFile.getParseContext(KeYFile.java:160)
	at de.uka.ilkd.key.proof.io.KeYFile.getProblemInformation(KeYFile.java:236)
	at de.uka.ilkd.key.proof.init.KeYUserProblemFile.readProfileFromFile(KeYUserProblemFile.java:236)
	at de.uka.ilkd.key.proof.init.KeYUserProblemFile.getProfile(KeYUserProblemFile.java:216)
	at de.uka.ilkd.key.proof.io.AbstractProblemLoader.createProblemInitializer(AbstractProblemLoader.java:508)
	at de.uka.ilkd.key.proof.io.AbstractProblemLoader.loadEnvironment(AbstractProblemLoader.java:288)
	at de.uka.ilkd.key.proof.io.AbstractProblemLoader.load(AbstractProblemLoader.java:253)
	at de.uka.ilkd.key.control.AbstractUserInterfaceControl.load(AbstractUserInterfaceControl.java:209)
	... 7 more
Could not initialize class de.uka.ilkd.key.nparser.KeYParser (file: /home/runner/work/key/key/key.core/../key.ui/examples/index/.././heap/permissions/mulleretal/ReadWrite_read_contract.key; caused by: java.lang.NoClassDefFoundError: Could not initialize class de.uka.ilkd.key.nparser.KeYParser)
	at de.uka.ilkd.key.control.AbstractUserInterfaceControl.load(AbstractUserInterfaceControl.java:221)
	at de.uka.ilkd.key.control.KeYEnvironment.load(KeYEnvironment.java:251)
	at de.uka.ilkd.key.control.KeYEnvironment.load(KeYEnvironment.java:224)
	at de.uka.ilkd.key.control.KeYEnvironment.load(KeYEnvironment.java:184)
	at de.uka.ilkd.key.control.KeYEnvironment.load(KeYEnvironment.java:261)
	at de.uka.ilkd.key.proof.runallproofs.proofcollection.TestFile.load(TestFile.java:270)
	at de.uka.ilkd.key.proof.runallproofs.proofcollection.TestFile.runKey(TestFile.java:160)
	at de.uka.ilkd.key.proof.runallproofs.proofcollection.ForkedTestFileRunner.main(ForkedTestFileRunner.java:171)
Caused by: java.lang.NoClassDefFoundError: Could not initialize class de.uka.ilkd.key.nparser.KeYParser
	at de.uka.ilkd.key.nparser.ParsingFacade.createParser(ParsingFacade.java:87)
	at de.uka.ilkd.key.nparser.ParsingFacade.parseFile(ParsingFacade.java:123)
	at de.uka.ilkd.key.proof.io.KeYFile.getParseContext(KeYFile.java:160)
	at de.uka.ilkd.key.proof.io.KeYFile.getProblemInformation(KeYFile.java:236)
	at de.uka.ilkd.key.proof.init.KeYUserProblemFile.readProfileFromFile(KeYUserProblemFile.java:236)
	at de.uka.ilkd.key.proof.init.KeYUserProblemFile.getProfile(KeYUserProblemFile.java:216)
	at de.uka.ilkd.key.proof.io.AbstractProblemLoader.createProblemInitializer(AbstractProblemLoader.java:508)
	at de.uka.ilkd.key.proof.io.AbstractProblemLoader.loadEnvironment(AbstractProblemLoader.java:288)
	at de.uka.ilkd.key.proof.io.AbstractProblemLoader.load(AbstractProblemLoader.java:253)
	at de.uka.ilkd.key.control.AbstractUserInterfaceControl.load(AbstractUserInterfaceControl.java:209)
	... 7 more
Could not initialize class de.uka.ilkd.key.nparser.KeYParser (file: /home/runner/work/key/key/key.core/../key.ui/examples/index/.././heap/permissions/mulleretal/ReadWrite_write_contract.key; caused by: java.lang.NoClassDefFoundError: Could not initialize class de.uka.ilkd.key.nparser.KeYParser)
	at de.uka.ilkd.key.control.AbstractUserInterfaceControl.load(AbstractUserInterfaceControl.java:221)
	at de.uka.ilkd.key.control.KeYEnvironment.load(KeYEnvironment.java:251)
	at de.uka.ilkd.key.control.KeYEnvironment.load(KeYEnvironment.java:224)
	at de.uka.ilkd.key.control.KeYEnvironment.load(KeYEnvironment.java:184)
	at de.uka.ilkd.key.control.KeYEnvironment.load(KeYEnvironment.java:261)
	at de.uka.ilkd.key.proof.runallproofs.proofcollection.TestFile.load(TestFile.java:270)
	at de.uka.ilkd.key.proof.runallproofs.proofcollection.TestFile.runKey(TestFile.java:160)
	at de.uka.ilkd.key.proof.runallproofs.proofcollection.ForkedTestFileRunner.main(ForkedTestFileRunner.java:171)
Caused by: java.lang.NoClassDefFoundError: Could not initialize class de.uka.ilkd.key.nparser.KeYParser
	at de.uka.ilkd.key.nparser.ParsingFacade.createParser(ParsingFacade.java:87)
	at de.uka.ilkd.key.nparser.ParsingFacade.parseFile(ParsingFacade.java:123)
	at de.uka.ilkd.key.proof.io.KeYFile.getParseContext(KeYFile.java:160)
	at de.uka.ilkd.key.proof.io.KeYFile.getProblemInformation(KeYFile.java:236)
	at de.uka.ilkd.key.proof.init.KeYUserProblemFile.readProfileFromFile(KeYUserProblemFile.java:236)
	at de.uka.ilkd.key.proof.init.KeYUserProblemFile.getProfile(KeYUserProblemFile.java:216)
	at de.uka.ilkd.key.proof.io.AbstractProblemLoader.createProblemInitializer(AbstractProblemLoader.java:508)
	at de.uka.ilkd.key.proof.io.AbstractProblemLoader.loadEnvironment(AbstractProblemLoader.java:288)
	at de.uka.ilkd.key.proof.io.AbstractProblemLoader.load(AbstractProblemLoader.java:253)
	at de.uka.ilkd.key.control.AbstractUserInterfaceControl.load(AbstractUserInterfaceControl.java:209)
	... 7 more
Could not initialize class de.uka.ilkd.key.nparser.KeYParser (file: /home/runner/work/key/key/key.core/../key.ui/examples/index/.././heap/permissions/mulleretal/ReadWrite_inv1_accessible.key; caused by: java.lang.NoClassDefFoundError: Could not initialize class de.uka.ilkd.key.nparser.KeYParser)
	at de.uka.ilkd.key.control.AbstractUserInterfaceControl.load(AbstractUserInterfaceControl.java:221)
	at de.uka.ilkd.key.control.KeYEnvironment.load(KeYEnvironment.java:251)
	at de.uka.ilkd.key.control.KeYEnvironment.load(KeYEnvironment.java:224)
	at de.uka.ilkd.key.control.KeYEnvironment.load(KeYEnvironment.java:184)
	at de.uka.ilkd.key.control.KeYEnvironment.load(KeYEnvironment.java:261)
	at de.uka.ilkd.key.proof.runallproofs.proofcollection.TestFile.load(TestFile.java:270)
	at de.uka.ilkd.key.proof.runallproofs.proofcollection.TestFile.runKey(TestFile.java:160)
	at de.uka.ilkd.key.proof.runallproofs.proofcollection.ForkedTestFileRunner.main(ForkedTestFileRunner.java:171)
Caused by: java.lang.NoClassDefFoundError: Could not initialize class de.uka.ilkd.key.nparser.KeYParser
	at de.uka.ilkd.key.nparser.ParsingFacade.createParser(ParsingFacade.java:87)
	at de.uka.ilkd.key.nparser.ParsingFacade.parseFile(ParsingFacade.java:123)
	at de.uka.ilkd.key.proof.io.KeYFile.getParseContext(KeYFile.java:160)
	at de.uka.ilkd.key.proof.io.KeYFile.getProblemInformation(KeYFile.java:236)
	at de.uka.ilkd.key.proof.init.KeYUserProblemFile.readProfileFromFile(KeYUserProblemFile.java:236)
	at de.uka.ilkd.key.proof.init.KeYUserProblemFile.getProfile(KeYUserProblemFile.java:216)
	at de.uka.ilkd.key.proof.io.AbstractProblemLoader.createProblemInitializer(AbstractProblemLoader.java:508)
	at de.uka.ilkd.key.proof.io.AbstractProblemLoader.loadEnvironment(AbstractProblemLoader.java:288)
	at de.uka.ilkd.key.proof.io.AbstractProblemLoader.load(AbstractProblemLoader.java:253)
	at de.uka.ilkd.key.control.AbstractUserInterfaceControl.load(AbstractUserInterfaceControl.java:209)
	... 7 more
Could not initialize class de.uka.ilkd.key.nparser.KeYParser (file: /home/runner/work/key/key/key.core/../key.ui/examples/index/.././heap/permissions/mulleretal/ReadWrite_inv2_accessible.key; caused by: java.lang.NoClassDefFoundError: Could not initialize class de.uka.ilkd.key.nparser.KeYParser)
	at de.uka.ilkd.key.control.AbstractUserInterfaceControl.load(AbstractUserInterfaceControl.java:221)
	at de.uka.ilkd.key.control.KeYEnvironment.load(KeYEnvironment.java:251)
	at de.uka.ilkd.key.control.KeYEnvironment.load(KeYEnvironment.java:224)
	at de.uka.ilkd.key.control.KeYEnvironment.load(KeYEnvironment.java:184)
	at de.uka.ilkd.key.control.KeYEnvironment.load(KeYEnvironment.java:261)
	at de.uka.ilkd.key.proof.runallproofs.proofcollection.TestFile.load(TestFile.java:270)
	at de.uka.ilkd.key.proof.runallproofs.proofcollection.TestFile.runKey(TestFile.java:160)
	at de.uka.ilkd.key.proof.runallproofs.proofcollection.ForkedTestFileRunner.main(ForkedTestFileRunner.java:171)
Caused by: java.lang.NoClassDefFoundError: Could not initialize class de.uka.ilkd.key.nparser.KeYParser
	at de.uka.ilkd.key.nparser.ParsingFacade.createParser(ParsingFacade.java:87)
	at de.uka.ilkd.key.nparser.ParsingFacade.parseFile(ParsingFacade.java:123)
	at de.uka.ilkd.key.proof.io.KeYFile.getParseContext(KeYFile.java:160)
	at de.uka.ilkd.key.proof.io.KeYFile.getProblemInformation(KeYFile.java:236)
	at de.uka.ilkd.key.proof.init.KeYUserProblemFile.readProfileFromFile(KeYUserProblemFile.java:236)
	at de.uka.ilkd.key.proof.init.KeYUserProblemFile.getProfile(KeYUserProblemFile.java:216)
	at de.uka.ilkd.key.proof.io.AbstractProblemLoader.createProblemInitializer(AbstractProblemLoader.java:508)
	at de.uka.ilkd.key.proof.io.AbstractProblemLoader.loadEnvironment(AbstractProblemLoader.java:288)
	at de.uka.ilkd.key.proof.io.AbstractProblemLoader.load(AbstractProblemLoader.java:253)
	at de.uka.ilkd.key.control.AbstractUserInterfaceControl.load(AbstractUserInterfaceControl.java:209)
	... 7 more
Could not initialize class de.uka.ilkd.key.nparser.KeYParser (file: /home/runner/work/key/key/key.core/../key.ui/examples/index/.././heap/permissions/lockspec/Counter_lockConsistent_contract.key; caused by: java.lang.NoClassDefFoundError: Could not initialize class de.uka.ilkd.key.nparser.KeYParser)
	at de.uka.ilkd.key.control.AbstractUserInterfaceControl.load(AbstractUserInterfaceControl.java:221)
	at de.uka.ilkd.key.control.KeYEnvironment.load(KeYEnvironment.java:251)
	at de.uka.ilkd.key.control.KeYEnvironment.load(KeYEnvironment.java:224)
	at de.uka.ilkd.key.control.KeYEnvironment.load(KeYEnvironment.java:184)
	at de.uka.ilkd.key.control.KeYEnvironment.load(KeYEnvironment.java:261)
	at de.uka.ilkd.key.proof.runallproofs.proofcollection.TestFile.load(TestFile.java:270)
	at de.uka.ilkd.key.proof.runallproofs.proofcollection.TestFile.runKey(TestFile.java:160)
	at de.uka.ilkd.key.proof.runallproofs.proofcollection.ForkedTestFileRunner.main(ForkedTestFileRunner.java:171)
Caused by: java.lang.NoClassDefFoundError: Could not initialize class de.uka.ilkd.key.nparser.KeYParser
	at de.uka.ilkd.key.nparser.ParsingFacade.createParser(ParsingFacade.java:87)
	at de.uka.ilkd.key.nparser.ParsingFacade.parseFile(ParsingFacade.java:123)
	at de.uka.ilkd.key.proof.io.KeYFile.getParseContext(KeYFile.java:160)
	at de.uka.ilkd.key.proof.io.KeYFile.getProblemInformation(KeYFile.java:236)
	at de.uka.ilkd.key.proof.init.KeYUserProblemFile.readProfileFromFile(KeYUserProblemFile.java:236)
	at de.uka.ilkd.key.proof.init.KeYUserProblemFile.getProfile(KeYUserProblemFile.java:216)
	at de.uka.ilkd.key.proof.io.AbstractProblemLoader.createProblemInitializer(AbstractProblemLoader.java:508)
	at de.uka.ilkd.key.proof.io.AbstractProblemLoader.loadEnvironment(AbstractProblemLoader.java:288)
	at de.uka.ilkd.key.proof.io.AbstractProblemLoader.load(AbstractProblemLoader.java:253)
	at de.uka.ilkd.key.control.AbstractUserInterfaceControl.load(AbstractUserInterfaceControl.java:209)
	... 7 more
Could not initialize class de.uka.ilkd.key.nparser.KeYParser (file: /home/runner/work/key/key/key.core/../key.ui/examples/index/.././heap/permissions/lockspec/Counter_increase_contract.key; caused by: java.lang.NoClassDefFoundError: Could not initialize class de.uka.ilkd.key.nparser.KeYParser)
	at de.uka.ilkd.key.control.AbstractUserInterfaceControl.load(AbstractUserInterfaceControl.java:221)
	at de.uka.ilkd.key.control.KeYEnvironment.load(KeYEnvironment.java:251)
	at de.uka.ilkd.key.control.KeYEnvironment.load(KeYEnvironment.java:224)
	at de.uka.ilkd.key.control.KeYEnvironment.load(KeYEnvironment.java:184)
	at de.uka.ilkd.key.control.KeYEnvironment.load(KeYEnvironment.java:261)
	at de.uka.ilkd.key.proof.runallproofs.proofcollection.TestFile.load(TestFile.java:270)
	at de.uka.ilkd.key.proof.runallproofs.proofcollection.TestFile.runKey(TestFile.java:160)
	at de.uka.ilkd.key.proof.runallproofs.proofcollection.ForkedTestFileRunner.main(ForkedTestFileRunner.java:171)
Caused by: java.lang.NoClassDefFoundError: Could not initialize class de.uka.ilkd.key.nparser.KeYParser
	at de.uka.ilkd.key.nparser.ParsingFacade.createParser(ParsingFacade.java:87)
	at de.uka.ilkd.key.nparser.ParsingFacade.parseFile(ParsingFacade.java:123)
	at de.uka.ilkd.key.proof.io.KeYFile.getParseContext(KeYFile.java:160)
	at de.uka.ilkd.key.proof.io.KeYFile.getProblemInformation(KeYFile.java:236)
	at de.uka.ilkd.key.proof.init.KeYUserProblemFile.readProfileFromFile(KeYUserProblemFile.java:236)
	at de.uka.ilkd.key.proof.init.KeYUserProblemFile.getProfile(KeYUserProblemFile.java:216)
	at de.uka.ilkd.key.proof.io.AbstractProblemLoader.createProblemInitializer(AbstractProblemLoader.java:508)
	at de.uka.ilkd.key.proof.io.AbstractProblemLoader.loadEnvironment(AbstractProblemLoader.java:288)
	at de.uka.ilkd.key.proof.io.AbstractProblemLoader.load(AbstractProblemLoader.java:253)
	at de.uka.ilkd.key.control.AbstractUserInterfaceControl.load(AbstractUserInterfaceControl.java:209)
	... 7 more
Could not initialize class de.uka.ilkd.key.nparser.KeYParser (file: /home/runner/work/key/key/key.core/../key.ui/examples/index/.././heap/permissions/lockspec/Counter_fp_accessible.key; caused by: java.lang.NoClassDefFoundError: Could not initialize class de.uka.ilkd.key.nparser.KeYParser)
	at de.uka.ilkd.key.control.AbstractUserInterfaceControl.load(AbstractUserInterfaceControl.java:221)
	at de.uka.ilkd.key.control.KeYEnvironment.load(KeYEnvironment.java:251)
	at de.uka.ilkd.key.control.KeYEnvironment.load(KeYEnvironment.java:224)
	at de.uka.ilkd.key.control.KeYEnvironment.load(KeYEnvironment.java:184)
	at de.uka.ilkd.key.control.KeYEnvironment.load(KeYEnvironment.java:261)
	at de.uka.ilkd.key.proof.runallproofs.proofcollection.TestFile.load(TestFile.java:270)
	at de.uka.ilkd.key.proof.runallproofs.proofcollection.TestFile.runKey(TestFile.java:160)
	at de.uka.ilkd.key.proof.runallproofs.proofcollection.ForkedTestFileRunner.main(ForkedTestFileRunner.java:171)
Caused by: java.lang.NoClassDefFoundError: Could not initialize class de.uka.ilkd.key.nparser.KeYParser
	at de.uka.ilkd.key.nparser.ParsingFacade.createParser(ParsingFacade.java:87)
	at de.uka.ilkd.key.nparser.ParsingFacade.parseFile(ParsingFacade.java:123)
	at de.uka.ilkd.key.proof.io.KeYFile.getParseContext(KeYFile.java:160)
	at de.uka.ilkd.key.proof.io.KeYFile.getProblemInformation(KeYFile.java:236)
	at de.uka.ilkd.key.proof.init.KeYUserProblemFile.readProfileFromFile(KeYUserProblemFile.java:236)
	at de.uka.ilkd.key.proof.init.KeYUserProblemFile.getProfile(KeYUserProblemFile.java:216)
	at de.uka.ilkd.key.proof.io.AbstractProblemLoader.createProblemInitializer(AbstractProblemLoader.java:508)
	at de.uka.ilkd.key.proof.io.AbstractProblemLoader.loadEnvironment(AbstractProblemLoader.java:288)
	at de.uka.ilkd.key.proof.io.AbstractProblemLoader.load(AbstractProblemLoader.java:253)
	at de.uka.ilkd.key.control.AbstractUserInterfaceControl.load(AbstractUserInterfaceControl.java:209)
	... 7 more
Could not initialize class de.uka.ilkd.key.nparser.KeYParser (file: /home/runner/work/key/key/key.core/../key.ui/examples/index/.././heap/permissions/lockspec/Counter_fpLock_accessible.key; caused by: java.lang.NoClassDefFoundError: Could not initialize class de.uka.ilkd.key.nparser.KeYParser)
	at de.uka.ilkd.key.control.AbstractUserInterfaceControl.load(AbstractUserInterfaceControl.java:221)
	at de.uka.ilkd.key.control.KeYEnvironment.load(KeYEnvironment.java:251)
	at de.uka.ilkd.key.control.KeYEnvironment.load(KeYEnvironment.java:224)
	at de.uka.ilkd.key.control.KeYEnvironment.load(KeYEnvironment.java:184)
	at de.uka.ilkd.key.control.KeYEnvironment.load(KeYEnvironment.java:261)
	at de.uka.ilkd.key.proof.runallproofs.proofcollection.TestFile.load(TestFile.java:270)
	at de.uka.ilkd.key.proof.runallproofs.proofcollection.TestFile.runKey(TestFile.java:160)
	at de.uka.ilkd.key.proof.runallproofs.proofcollection.ForkedTestFileRunner.main(ForkedTestFileRunner.java:171)
Caused by: java.lang.NoClassDefFoundError: Could not initialize class de.uka.ilkd.key.nparser.KeYParser
	at de.uka.ilkd.key.nparser.ParsingFacade.createParser(ParsingFacade.java:87)
	at de.uka.ilkd.key.nparser.ParsingFacade.parseFile(ParsingFacade.java:123)
	at de.uka.ilkd.key.proof.io.KeYFile.getParseContext(KeYFile.java:160)
	at de.uka.ilkd.key.proof.io.KeYFile.getProblemInformation(KeYFile.java:236)
	at de.uka.ilkd.key.proof.init.KeYUserProblemFile.readProfileFromFile(KeYUserProblemFile.java:236)
	at de.uka.ilkd.key.proof.init.KeYUserProblemFile.getProfile(KeYUserProblemFile.java:216)
	at de.uka.ilkd.key.proof.io.AbstractProblemLoader.createProblemInitializer(AbstractProblemLoader.java:508)
	at de.uka.ilkd.key.proof.io.AbstractProblemLoader.loadEnvironment(AbstractProblemLoader.java:288)
	at de.uka.ilkd.key.proof.io.AbstractProblemLoader.load(AbstractProblemLoader.java:253)
	at de.uka.ilkd.key.control.AbstractUserInterfaceControl.load(AbstractUserInterfaceControl.java:209)
	... 7 more
Could not initialize class de.uka.ilkd.key.nparser.KeYParser (file: /home/runner/work/key/key/key.core/../key.ui/examples/index/.././heap/permissions/lockspec/Counter_fpPerm_accessible.key; caused by: java.lang.NoClassDefFoundError: Could not initialize class de.uka.ilkd.key.nparser.KeYParser)
	at de.uka.ilkd.key.control.AbstractUserInterfaceControl.load(AbstractUserInterfaceControl.java:221)
	at de.uka.ilkd.key.control.KeYEnvironment.load(KeYEnvironment.java:251)
	at de.uka.ilkd.key.control.KeYEnvironment.load(KeYEnvironment.java:224)
	at de.uka.ilkd.key.control.KeYEnvironment.load(KeYEnvironment.java:184)
	at de.uka.ilkd.key.control.KeYEnvironment.load(KeYEnvironment.java:261)
	at de.uka.ilkd.key.proof.runallproofs.proofcollection.TestFile.load(TestFile.java:270)
	at de.uka.ilkd.key.proof.runallproofs.proofcollection.TestFile.runKey(TestFile.java:160)
	at de.uka.ilkd.key.proof.runallproofs.proofcollection.ForkedTestFileRunner.main(ForkedTestFileRunner.java:171)
Caused by: java.lang.NoClassDefFoundError: Could not initialize class de.uka.ilkd.key.nparser.KeYParser
	at de.uka.ilkd.key.nparser.ParsingFacade.createParser(ParsingFacade.java:87)
	at de.uka.ilkd.key.nparser.ParsingFacade.parseFile(ParsingFacade.java:123)
	at de.uka.ilkd.key.proof.io.KeYFile.getParseContext(KeYFile.java:160)
	at de.uka.ilkd.key.proof.io.KeYFile.getProblemInformation(KeYFile.java:236)
	at de.uka.ilkd.key.proof.init.KeYUserProblemFile.readProfileFromFile(KeYUserProblemFile.java:236)
	at de.uka.ilkd.key.proof.init.KeYUserProblemFile.getProfile(KeYUserProblemFile.java:216)
	at de.uka.ilkd.key.proof.io.AbstractProblemLoader.createProblemInitializer(AbstractProblemLoader.java:508)
	at de.uka.ilkd.key.proof.io.AbstractProblemLoader.loadEnvironment(AbstractProblemLoader.java:288)
	at de.uka.ilkd.key.proof.io.AbstractProblemLoader.load(AbstractProblemLoader.java:253)
	at de.uka.ilkd.key.control.AbstractUserInterfaceControl.load(AbstractUserInterfaceControl.java:209)
	... 7 more
Could not initialize class de.uka.ilkd.key.nparser.KeYParser (file: /home/runner/work/key/key/key.core/../key.ui/examples/index/.././heap/permissions/lockspec/Counter_inv_accessible1.key; caused by: java.lang.NoClassDefFoundError: Could not initialize class de.uka.ilkd.key.nparser.KeYParser)
	at de.uka.ilkd.key.control.AbstractUserInterfaceControl.load(AbstractUserInterfaceControl.java:221)
	at de.uka.ilkd.key.control.KeYEnvironment.load(KeYEnvironment.java:251)
	at de.uka.ilkd.key.control.KeYEnvironment.load(KeYEnvironment.java:224)
	at de.uka.ilkd.key.control.KeYEnvironment.load(KeYEnvironment.java:184)
	at de.uka.ilkd.key.control.KeYEnvironment.load(KeYEnvironment.java:261)
	at de.uka.ilkd.key.proof.runallproofs.proofcollection.TestFile.load(TestFile.java:270)
	at de.uka.ilkd.key.proof.runallproofs.proofcollection.TestFile.runKey(TestFile.java:160)
	at de.uka.ilkd.key.proof.runallproofs.proofcollection.ForkedTestFileRunner.main(ForkedTestFileRunner.java:171)
Caused by: java.lang.NoClassDefFoundError: Could not initialize class de.uka.ilkd.key.nparser.KeYParser
	at de.uka.ilkd.key.nparser.ParsingFacade.createParser(ParsingFacade.java:87)
	at de.uka.ilkd.key.nparser.ParsingFacade.parseFile(ParsingFacade.java:123)
	at de.uka.ilkd.key.proof.io.KeYFile.getParseContext(KeYFile.java:160)
	at de.uka.ilkd.key.proof.io.KeYFile.getProblemInformation(KeYFile.java:236)
	at de.uka.ilkd.key.proof.init.KeYUserProblemFile.readProfileFromFile(KeYUserProblemFile.java:236)
	at de.uka.ilkd.key.proof.init.KeYUserProblemFile.getProfile(KeYUserProblemFile.java:216)
	at de.uka.ilkd.key.proof.io.AbstractProblemLoader.createProblemInitializer(AbstractProblemLoader.java:508)
	at de.uka.ilkd.key.proof.io.AbstractProblemLoader.loadEnvironment(AbstractProblemLoader.java:288)
	at de.uka.ilkd.key.proof.io.AbstractProblemLoader.load(AbstractProblemLoader.java:253)
	at de.uka.ilkd.key.control.AbstractUserInterfaceControl.load(AbstractUserInterfaceControl.java:209)
	... 7 more
Could not initialize class de.uka.ilkd.key.nparser.KeYParser (file: /home/runner/work/key/key/key.core/../key.ui/examples/index/.././heap/permissions/lockspec/Counter_inv_accessible2.key; caused by: java.lang.NoClassDefFoundError: Could not initialize class de.uka.ilkd.key.nparser.KeYParser)
	at de.uka.ilkd.key.control.AbstractUserInterfaceControl.load(AbstractUserInterfaceControl.java:221)
	at de.uka.ilkd.key.control.KeYEnvironment.load(KeYEnvironment.java:251)
	at de.uka.ilkd.key.control.KeYEnvironment.load(KeYEnvironment.java:224)
	at de.uka.ilkd.key.control.KeYEnvironment.load(KeYEnvironment.java:184)
	at de.uka.ilkd.key.control.KeYEnvironment.load(KeYEnvironment.java:261)
	at de.uka.ilkd.key.proof.runallproofs.proofcollection.TestFile.load(TestFile.java:270)
	at de.uka.ilkd.key.proof.runallproofs.proofcollection.TestFile.runKey(TestFile.java:160)
	at de.uka.ilkd.key.proof.runallproofs.proofcollection.ForkedTestFileRunner.main(ForkedTestFileRunner.java:171)
Caused by: java.lang.NoClassDefFoundError: Could not initialize class de.uka.ilkd.key.nparser.KeYParser
	at de.uka.ilkd.key.nparser.ParsingFacade.createParser(ParsingFacade.java:87)
	at de.uka.ilkd.key.nparser.ParsingFacade.parseFile(ParsingFacade.java:123)
	at de.uka.ilkd.key.proof.io.KeYFile.getParseContext(KeYFile.java:160)
	at de.uka.ilkd.key.proof.io.KeYFile.getProblemInformation(KeYFile.java:236)
	at de.uka.ilkd.key.proof.init.KeYUserProblemFile.readProfileFromFile(KeYUserProblemFile.java:236)
	at de.uka.ilkd.key.proof.init.KeYUserProblemFile.getProfile(KeYUserProblemFile.java:216)
	at de.uka.ilkd.key.proof.io.AbstractProblemLoader.createProblemInitializer(AbstractProblemLoader.java:508)
	at de.uka.ilkd.key.proof.io.AbstractProblemLoader.loadEnvironment(AbstractProblemLoader.java:288)
	at de.uka.ilkd.key.proof.io.AbstractProblemLoader.load(AbstractProblemLoader.java:253)
	at de.uka.ilkd.key.control.AbstractUserInterfaceControl.load(AbstractUserInterfaceControl.java:209)
	... 7 more
Could not initialize class de.uka.ilkd.key.nparser.KeYParser (file: /home/runner/work/key/key/key.core/../key.ui/examples/index/.././heap/permissions/lockspec/Counter_lockRef_accessible.key; caused by: java.lang.NoClassDefFoundError: Could not initialize class de.uka.ilkd.key.nparser.KeYParser)
	at de.uka.ilkd.key.control.AbstractUserInterfaceControl.load(AbstractUserInterfaceControl.java:221)
	at de.uka.ilkd.key.control.KeYEnvironment.load(KeYEnvironment.java:251)
	at de.uka.ilkd.key.control.KeYEnvironment.load(KeYEnvironment.java:224)
	at de.uka.ilkd.key.control.KeYEnvironment.load(KeYEnvironment.java:184)
	at de.uka.ilkd.key.control.KeYEnvironment.load(KeYEnvironment.java:261)
	at de.uka.ilkd.key.proof.runallproofs.proofcollection.TestFile.load(TestFile.java:270)
	at de.uka.ilkd.key.proof.runallproofs.proofcollection.TestFile.runKey(TestFile.java:160)
	at de.uka.ilkd.key.proof.runallproofs.proofcollection.ForkedTestFileRunner.main(ForkedTestFileRunner.java:171)
Caused by: java.lang.NoClassDefFoundError: Could not initialize class de.uka.ilkd.key.nparser.KeYParser
	at de.uka.ilkd.key.nparser.ParsingFacade.createParser(ParsingFacade.java:87)
	at de.uka.ilkd.key.nparser.ParsingFacade.parseFile(ParsingFacade.java:123)
	at de.uka.ilkd.key.proof.io.KeYFile.getParseContext(KeYFile.java:160)
	at de.uka.ilkd.key.proof.io.KeYFile.getProblemInformation(KeYFile.java:236)
	at de.uka.ilkd.key.proof.init.KeYUserProblemFile.readProfileFromFile(KeYUserProblemFile.java:236)
	at de.uka.ilkd.key.proof.init.KeYUserProblemFile.getProfile(KeYUserProblemFile.java:216)
	at de.uka.ilkd.key.proof.io.AbstractProblemLoader.createProblemInitializer(AbstractProblemLoader.java:508)
	at de.uka.ilkd.key.proof.io.AbstractProblemLoader.loadEnvironment(AbstractProblemLoader.java:288)
	at de.uka.ilkd.key.proof.io.AbstractProblemLoader.load(AbstractProblemLoader.java:253)
	at de.uka.ilkd.key.control.AbstractUserInterfaceControl.load(AbstractUserInterfaceControl.java:209)
	... 7 more
Could not initialize class de.uka.ilkd.key.nparser.KeYParser (file: /home/runner/work/key/key/key.core/../key.ui/examples/index/.././heap/permissions/lockspec/Counter_lockRef_contract1.key; caused by: java.lang.NoClassDefFoundError: Could not initialize class de.uka.ilkd.key.nparser.KeYParser)
	at de.uka.ilkd.key.control.AbstractUserInterfaceControl.load(AbstractUserInterfaceControl.java:221)
	at de.uka.ilkd.key.control.KeYEnvironment.load(KeYEnvironment.java:251)
	at de.uka.ilkd.key.control.KeYEnvironment.load(KeYEnvironment.java:224)
	at de.uka.ilkd.key.control.KeYEnvironment.load(KeYEnvironment.java:184)
	at de.uka.ilkd.key.control.KeYEnvironment.load(KeYEnvironment.java:261)
	at de.uka.ilkd.key.proof.runallproofs.proofcollection.TestFile.load(TestFile.java:270)
	at de.uka.ilkd.key.proof.runallproofs.proofcollection.TestFile.runKey(TestFile.java:160)
	at de.uka.ilkd.key.proof.runallproofs.proofcollection.ForkedTestFileRunner.main(ForkedTestFileRunner.java:171)
Caused by: java.lang.NoClassDefFoundError: Could not initialize class de.uka.ilkd.key.nparser.KeYParser
	at de.uka.ilkd.key.nparser.ParsingFacade.createParser(ParsingFacade.java:87)
	at de.uka.ilkd.key.nparser.ParsingFacade.parseFile(ParsingFacade.java:123)
	at de.uka.ilkd.key.proof.io.KeYFile.getParseContext(KeYFile.java:160)
	at de.uka.ilkd.key.proof.io.KeYFile.getProblemInformation(KeYFile.java:236)
	at de.uka.ilkd.key.proof.init.KeYUserProblemFile.readProfileFromFile(KeYUserProblemFile.java:236)
	at de.uka.ilkd.key.proof.init.KeYUserProblemFile.getProfile(KeYUserProblemFile.java:216)
	at de.uka.ilkd.key.proof.io.AbstractProblemLoader.createProblemInitializer(AbstractProblemLoader.java:508)
	at de.uka.ilkd.key.proof.io.AbstractProblemLoader.loadEnvironment(AbstractProblemLoader.java:288)
	at de.uka.ilkd.key.proof.io.AbstractProblemLoader.load(AbstractProblemLoader.java:253)
	at de.uka.ilkd.key.control.AbstractUserInterfaceControl.load(AbstractUserInterfaceControl.java:209)
	... 7 more
Could not initialize class de.uka.ilkd.key.nparser.KeYParser (file: /home/runner/work/key/key/key.core/../key.ui/examples/index/.././heap/permissions/lockspec/Counter_lockRef_contract2.key; caused by: java.lang.NoClassDefFoundError: Could not initialize class de.uka.ilkd.key.nparser.KeYParser)
	at de.uka.ilkd.key.control.AbstractUserInterfaceControl.load(AbstractUserInterfaceControl.java:221)
	at de.uka.ilkd.key.control.KeYEnvironment.load(KeYEnvironment.java:251)
	at de.uka.ilkd.key.control.KeYEnvironment.load(KeYEnvironment.java:224)
	at de.uka.ilkd.key.control.KeYEnvironment.load(KeYEnvironment.java:184)
	at de.uka.ilkd.key.control.KeYEnvironment.load(KeYEnvironment.java:261)
	at de.uka.ilkd.key.proof.runallproofs.proofcollection.TestFile.load(TestFile.java:270)
	at de.uka.ilkd.key.proof.runallproofs.proofcollection.TestFile.runKey(TestFile.java:160)
	at de.uka.ilkd.key.proof.runallproofs.proofcollection.ForkedTestFileRunner.main(ForkedTestFileRunner.java:171)
Caused by: java.lang.NoClassDefFoundError: Could not initialize class de.uka.ilkd.key.nparser.KeYParser
	at de.uka.ilkd.key.nparser.ParsingFacade.createParser(ParsingFacade.java:87)
	at de.uka.ilkd.key.nparser.ParsingFacade.parseFile(ParsingFacade.java:123)
	at de.uka.ilkd.key.proof.io.KeYFile.getParseContext(KeYFile.java:160)
	at de.uka.ilkd.key.proof.io.KeYFile.getProblemInformation(KeYFile.java:236)
	at de.uka.ilkd.key.proof.init.KeYUserProblemFile.readProfileFromFile(KeYUserProblemFile.java:236)
	at de.uka.ilkd.key.proof.init.KeYUserProblemFile.getProfile(KeYUserProblemFile.java:216)
	at de.uka.ilkd.key.proof.io.AbstractProblemLoader.createProblemInitializer(AbstractProblemLoader.java:508)
	at de.uka.ilkd.key.proof.io.AbstractProblemLoader.loadEnvironment(AbstractProblemLoader.java:288)
	at de.uka.ilkd.key.proof.io.AbstractProblemLoader.load(AbstractProblemLoader.java:253)
	at de.uka.ilkd.key.control.AbstractUserInterfaceControl.load(AbstractUserInterfaceControl.java:209)
	... 7 more
Could not initialize class de.uka.ilkd.key.nparser.KeYParser (file: /home/runner/work/key/key/key.core/../key.ui/examples/index/.././heap/permissions/lockspec/Counter_lockState_accessible.key; caused by: java.lang.NoClassDefFoundError: Could not initialize class de.uka.ilkd.key.nparser.KeYParser)
	at de.uka.ilkd.key.control.AbstractUserInterfaceControl.load(AbstractUserInterfaceControl.java:221)
	at de.uka.ilkd.key.control.KeYEnvironment.load(KeYEnvironment.java:251)
	at de.uka.ilkd.key.control.KeYEnvironment.load(KeYEnvironment.java:224)
	at de.uka.ilkd.key.control.KeYEnvironment.load(KeYEnvironment.java:184)
	at de.uka.ilkd.key.control.KeYEnvironment.load(KeYEnvironment.java:261)
	at de.uka.ilkd.key.proof.runallproofs.proofcollection.TestFile.load(TestFile.java:270)
	at de.uka.ilkd.key.proof.runallproofs.proofcollection.TestFile.runKey(TestFile.java:160)
	at de.uka.ilkd.key.proof.runallproofs.proofcollection.ForkedTestFileRunner.main(ForkedTestFileRunner.java:171)
Caused by: java.lang.NoClassDefFoundError: Could not initialize class de.uka.ilkd.key.nparser.KeYParser
	at de.uka.ilkd.key.nparser.ParsingFacade.createParser(ParsingFacade.java:87)
	at de.uka.ilkd.key.nparser.ParsingFacade.parseFile(ParsingFacade.java:123)
	at de.uka.ilkd.key.proof.io.KeYFile.getParseContext(KeYFile.java:160)
	at de.uka.ilkd.key.proof.io.KeYFile.getProblemInformation(KeYFile.java:236)
	at de.uka.ilkd.key.proof.init.KeYUserProblemFile.readProfileFromFile(KeYUserProblemFile.java:236)
	at de.uka.ilkd.key.proof.init.KeYUserProblemFile.getProfile(KeYUserProblemFile.java:216)
	at de.uka.ilkd.key.proof.io.AbstractProblemLoader.createProblemInitializer(AbstractProblemLoader.java:508)
	at de.uka.ilkd.key.proof.io.AbstractProblemLoader.loadEnvironment(AbstractProblemLoader.java:288)
	at de.uka.ilkd.key.proof.io.AbstractProblemLoader.load(AbstractProblemLoader.java:253)
	at de.uka.ilkd.key.control.AbstractUserInterfaceControl.load(AbstractUserInterfaceControl.java:209)
	... 7 more
Could not initialize class de.uka.ilkd.key.nparser.KeYParser (file: /home/runner/work/key/key/key.core/../key.ui/examples/index/.././heap/permissions/lockspec/Counter_lockStatus_accessible.key; caused by: java.lang.NoClassDefFoundError: Could not initialize class de.uka.ilkd.key.nparser.KeYParser)
	at de.uka.ilkd.key.control.AbstractUserInterfaceControl.load(AbstractUserInterfaceControl.java:221)
	at de.uka.ilkd.key.control.KeYEnvironment.load(KeYEnvironment.java:251)
	at de.uka.ilkd.key.control.KeYEnvironment.load(KeYEnvironment.java:224)
	at de.uka.ilkd.key.control.KeYEnvironment.load(KeYEnvironment.java:184)
	at de.uka.ilkd.key.control.KeYEnvironment.load(KeYEnvironment.java:261)
	at de.uka.ilkd.key.proof.runallproofs.proofcollection.TestFile.load(TestFile.java:270)
	at de.uka.ilkd.key.proof.runallproofs.proofcollection.TestFile.runKey(TestFile.java:160)
	at de.uka.ilkd.key.proof.runallproofs.proofcollection.ForkedTestFileRunner.main(ForkedTestFileRunner.java:171)
Caused by: java.lang.NoClassDefFoundError: Could not initialize class de.uka.ilkd.key.nparser.KeYParser
	at de.uka.ilkd.key.nparser.ParsingFacade.createParser(ParsingFacade.java:87)
	at de.uka.ilkd.key.nparser.ParsingFacade.parseFile(ParsingFacade.java:123)
	at de.uka.ilkd.key.proof.io.KeYFile.getParseContext(KeYFile.java:160)
	at de.uka.ilkd.key.proof.io.KeYFile.getProblemInformation(KeYFile.java:236)
	at de.uka.ilkd.key.proof.init.KeYUserProblemFile.readProfileFromFile(KeYUserProblemFile.java:236)
	at de.uka.ilkd.key.proof.init.KeYUserProblemFile.getProfile(KeYUserProblemFile.java:216)
	at de.uka.ilkd.key.proof.io.AbstractProblemLoader.createProblemInitializer(AbstractProblemLoader.java:508)
	at de.uka.ilkd.key.proof.io.AbstractProblemLoader.loadEnvironment(AbstractProblemLoader.java:288)
	at de.uka.ilkd.key.proof.io.AbstractProblemLoader.load(AbstractProblemLoader.java:253)
	at de.uka.ilkd.key.control.AbstractUserInterfaceControl.load(AbstractUserInterfaceControl.java:209)
	... 7 more
Could not initialize class de.uka.ilkd.key.nparser.KeYParser (file: /home/runner/work/key/key/key.core/../key.ui/examples/index/.././heap/permissions/lockspec/Counter_lockTransfer_accessible.key; caused by: java.lang.NoClassDefFoundError: Could not initialize class de.uka.ilkd.key.nparser.KeYParser)
	at de.uka.ilkd.key.control.AbstractUserInterfaceControl.load(AbstractUserInterfaceControl.java:221)
	at de.uka.ilkd.key.control.KeYEnvironment.load(KeYEnvironment.java:251)
	at de.uka.ilkd.key.control.KeYEnvironment.load(KeYEnvironment.java:224)
	at de.uka.ilkd.key.control.KeYEnvironment.load(KeYEnvironment.java:184)
	at de.uka.ilkd.key.control.KeYEnvironment.load(KeYEnvironment.java:261)
	at de.uka.ilkd.key.proof.runallproofs.proofcollection.TestFile.load(TestFile.java:270)
	at de.uka.ilkd.key.proof.runallproofs.proofcollection.TestFile.runKey(TestFile.java:160)
	at de.uka.ilkd.key.proof.runallproofs.proofcollection.ForkedTestFileRunner.main(ForkedTestFileRunner.java:171)
Caused by: java.lang.NoClassDefFoundError: Could not initialize class de.uka.ilkd.key.nparser.KeYParser
	at de.uka.ilkd.key.nparser.ParsingFacade.createParser(ParsingFacade.java:87)
	at de.uka.ilkd.key.nparser.ParsingFacade.parseFile(ParsingFacade.java:123)
	at de.uka.ilkd.key.proof.io.KeYFile.getParseContext(KeYFile.java:160)
	at de.uka.ilkd.key.proof.io.KeYFile.getProblemInformation(KeYFile.java:236)
	at de.uka.ilkd.key.proof.init.KeYUserProblemFile.readProfileFromFile(KeYUserProblemFile.java:236)
	at de.uka.ilkd.key.proof.init.KeYUserProblemFile.getProfile(KeYUserProblemFile.java:216)
	at de.uka.ilkd.key.proof.io.AbstractProblemLoader.createProblemInitializer(AbstractProblemLoader.java:508)
	at de.uka.ilkd.key.proof.io.AbstractProblemLoader.loadEnvironment(AbstractProblemLoader.java:288)
	at de.uka.ilkd.key.proof.io.AbstractProblemLoader.load(AbstractProblemLoader.java:253)
	at de.uka.ilkd.key.control.AbstractUserInterfaceControl.load(AbstractUserInterfaceControl.java:209)
	... 7 more
Could not initialize class de.uka.ilkd.key.nparser.KeYParser (file: /home/runner/work/key/key/key.core/../key.ui/examples/index/.././heap/permissions/lockspec/Counter_unlockTransfer_accessible.key; caused by: java.lang.NoClassDefFoundError: Could not initialize class de.uka.ilkd.key.nparser.KeYParser)
	at de.uka.ilkd.key.control.AbstractUserInterfaceControl.load(AbstractUserInterfaceControl.java:221)
	at de.uka.ilkd.key.control.KeYEnvironment.load(KeYEnvironment.java:251)
	at de.uka.ilkd.key.control.KeYEnvironment.load(KeYEnvironment.java:224)
	at de.uka.ilkd.key.control.KeYEnvironment.load(KeYEnvironment.java:184)
	at de.uka.ilkd.key.control.KeYEnvironment.load(KeYEnvironment.java:261)
	at de.uka.ilkd.key.proof.runallproofs.proofcollection.TestFile.load(TestFile.java:270)
	at de.uka.ilkd.key.proof.runallproofs.proofcollection.TestFile.runKey(TestFile.java:160)
	at de.uka.ilkd.key.proof.runallproofs.proofcollection.ForkedTestFileRunner.main(ForkedTestFileRunner.java:171)
Caused by: java.lang.NoClassDefFoundError: Could not initialize class de.uka.ilkd.key.nparser.KeYParser
	at de.uka.ilkd.key.nparser.ParsingFacade.createParser(ParsingFacade.java:87)
	at de.uka.ilkd.key.nparser.ParsingFacade.parseFile(ParsingFacade.java:123)
	at de.uka.ilkd.key.proof.io.KeYFile.getParseContext(KeYFile.java:160)
	at de.uka.ilkd.key.proof.io.KeYFile.getProblemInformation(KeYFile.java:236)
	at de.uka.ilkd.key.proof.init.KeYUserProblemFile.readProfileFromFile(KeYUserProblemFile.java:236)
	at de.uka.ilkd.key.proof.init.KeYUserProblemFile.getProfile(KeYUserProblemFile.java:216)
	at de.uka.ilkd.key.proof.io.AbstractProblemLoader.createProblemInitializer(AbstractProblemLoader.java:508)
	at de.uka.ilkd.key.proof.io.AbstractProblemLoader.loadEnvironment(AbstractProblemLoader.java:288)
	at de.uka.ilkd.key.proof.io.AbstractProblemLoader.load(AbstractProblemLoader.java:253)
	at de.uka.ilkd.key.control.AbstractUserInterfaceControl.load(AbstractUserInterfaceControl.java:209)
	... 7 more
Could not initialize class de.uka.ilkd.key.nparser.KeYParser (file: /home/runner/work/key/key/key.core/../key.ui/examples/index/.././heap/permissions/threads/Plotter_startTransfer_contract.proof; caused by: java.lang.NoClassDefFoundError: Could not initialize class de.uka.ilkd.key.nparser.KeYParser)
	at de.uka.ilkd.key.control.AbstractUserInterfaceControl.load(AbstractUserInterfaceControl.java:221)
	at de.uka.ilkd.key.control.KeYEnvironment.load(KeYEnvironment.java:251)
	at de.uka.ilkd.key.control.KeYEnvironment.load(KeYEnvironment.java:224)
	at de.uka.ilkd.key.control.KeYEnvironment.load(KeYEnvironment.java:184)
	at de.uka.ilkd.key.control.KeYEnvironment.load(KeYEnvironment.java:261)
	at de.uka.ilkd.key.proof.runallproofs.proofcollection.TestFile.load(TestFile.java:270)
	at de.uka.ilkd.key.proof.runallproofs.proofcollection.TestFile.runKey(TestFile.java:160)
	at de.uka.ilkd.key.proof.runallproofs.proofcollection.ForkedTestFileRunner.main(ForkedTestFileRunner.java:171)
Caused by: java.lang.NoClassDefFoundError: Could not initialize class de.uka.ilkd.key.nparser.KeYParser
	at de.uka.ilkd.key.nparser.ParsingFacade.createParser(ParsingFacade.java:87)
	at de.uka.ilkd.key.nparser.ParsingFacade.parseFile(ParsingFacade.java:123)
	at de.uka.ilkd.key.proof.io.KeYFile.getParseContext(KeYFile.java:160)
	at de.uka.ilkd.key.proof.io.KeYFile.getProblemInformation(KeYFile.java:236)
	at de.uka.ilkd.key.proof.init.KeYUserProblemFile.readProfileFromFile(KeYUserProblemFile.java:236)
	at de.uka.ilkd.key.proof.init.KeYUserProblemFile.getProfile(KeYUserProblemFile.java:216)
	at de.uka.ilkd.key.proof.io.AbstractProblemLoader.createProblemInitializer(AbstractProblemLoader.java:508)
	at de.uka.ilkd.key.proof.io.AbstractProblemLoader.loadEnvironment(AbstractProblemLoader.java:288)
	at de.uka.ilkd.key.proof.io.AbstractProblemLoader.load(AbstractProblemLoader.java:253)
	at de.uka.ilkd.key.control.AbstractUserInterfaceControl.load(AbstractUserInterfaceControl.java:209)
	... 7 more
Could not initialize class de.uka.ilkd.key.nparser.KeYParser (file: /home/runner/work/key/key/key.core/../key.ui/examples/index/.././heap/permissions/threads/Plotter_startTransfer_accessible.proof; caused by: java.lang.NoClassDefFoundError: Could not initialize class de.uka.ilkd.key.nparser.KeYParser)
	at de.uka.ilkd.key.control.AbstractUserInterfaceControl.load(AbstractUserInterfaceControl.java:221)
	at de.uka.ilkd.key.control.KeYEnvironment.load(KeYEnvironment.java:251)
	at de.uka.ilkd.key.control.KeYEnvironment.load(KeYEnvironment.java:224)
	at de.uka.ilkd.key.control.KeYEnvironment.load(KeYEnvironment.java:184)
	at de.uka.ilkd.key.control.KeYEnvironment.load(KeYEnvironment.java:261)
	at de.uka.ilkd.key.proof.runallproofs.proofcollection.TestFile.load(TestFile.java:270)
	at de.uka.ilkd.key.proof.runallproofs.proofcollection.TestFile.runKey(TestFile.java:160)
	at de.uka.ilkd.key.proof.runallproofs.proofcollection.ForkedTestFileRunner.main(ForkedTestFileRunner.java:171)
Caused by: java.lang.NoClassDefFoundError: Could not initialize class de.uka.ilkd.key.nparser.KeYParser
	at de.uka.ilkd.key.nparser.ParsingFacade.createParser(ParsingFacade.java:87)
	at de.uka.ilkd.key.nparser.ParsingFacade.parseFile(ParsingFacade.java:123)
	at de.uka.ilkd.key.proof.io.KeYFile.getParseContext(KeYFile.java:160)
	at de.uka.ilkd.key.proof.io.KeYFile.getProblemInformation(KeYFile.java:236)
	at de.uka.ilkd.key.proof.init.KeYUserProblemFile.readProfileFromFile(KeYUserProblemFile.java:236)
	at de.uka.ilkd.key.proof.init.KeYUserProblemFile.getProfile(KeYUserProblemFile.java:216)
	at de.uka.ilkd.key.proof.io.AbstractProblemLoader.createProblemInitializer(AbstractProblemLoader.java:508)
	at de.uka.ilkd.key.proof.io.AbstractProblemLoader.loadEnvironment(AbstractProblemLoader.java:288)
	at de.uka.ilkd.key.proof.io.AbstractProblemLoader.load(AbstractProblemLoader.java:253)
	at de.uka.ilkd.key.control.AbstractUserInterfaceControl.load(AbstractUserInterfaceControl.java:209)
	... 7 more
Could not initialize class de.uka.ilkd.key.nparser.KeYParser (file: /home/runner/work/key/key/key.core/../key.ui/examples/index/.././heap/permissions/threads/Plotter_joinTransfer_accessible.proof; caused by: java.lang.NoClassDefFoundError: Could not initialize class de.uka.ilkd.key.nparser.KeYParser)
	at de.uka.ilkd.key.control.AbstractUserInterfaceControl.load(AbstractUserInterfaceControl.java:221)
	at de.uka.ilkd.key.control.KeYEnvironment.load(KeYEnvironment.java:251)
	at de.uka.ilkd.key.control.KeYEnvironment.load(KeYEnvironment.java:224)
	at de.uka.ilkd.key.control.KeYEnvironment.load(KeYEnvironment.java:184)
	at de.uka.ilkd.key.control.KeYEnvironment.load(KeYEnvironment.java:261)
	at de.uka.ilkd.key.proof.runallproofs.proofcollection.TestFile.load(TestFile.java:270)
	at de.uka.ilkd.key.proof.runallproofs.proofcollection.TestFile.runKey(TestFile.java:160)
	at de.uka.ilkd.key.proof.runallproofs.proofcollection.ForkedTestFileRunner.main(ForkedTestFileRunner.java:171)
Caused by: java.lang.NoClassDefFoundError: Could not initialize class de.uka.ilkd.key.nparser.KeYParser
	at de.uka.ilkd.key.nparser.ParsingFacade.createParser(ParsingFacade.java:87)
	at de.uka.ilkd.key.nparser.ParsingFacade.parseFile(ParsingFacade.java:123)
	at de.uka.ilkd.key.proof.io.KeYFile.getParseContext(KeYFile.java:160)
	at de.uka.ilkd.key.proof.io.KeYFile.getProblemInformation(KeYFile.java:236)
	at de.uka.ilkd.key.proof.init.KeYUserProblemFile.readProfileFromFile(KeYUserProblemFile.java:236)
	at de.uka.ilkd.key.proof.init.KeYUserProblemFile.getProfile(KeYUserProblemFile.java:216)
	at de.uka.ilkd.key.proof.io.AbstractProblemLoader.createProblemInitializer(AbstractProblemLoader.java:508)
	at de.uka.ilkd.key.proof.io.AbstractProblemLoader.loadEnvironment(AbstractProblemLoader.java:288)
	at de.uka.ilkd.key.proof.io.AbstractProblemLoader.load(AbstractProblemLoader.java:253)
	at de.uka.ilkd.key.control.AbstractUserInterfaceControl.load(AbstractUserInterfaceControl.java:209)
	... 7 more
Exception in thread "main" org.opentest4j.AssertionFailedError: Exception during the execution of proofs. See log for more details.
	at org.junit.jupiter.api.AssertionUtils.fail(AssertionUtils.java:38)
	at org.junit.jupiter.api.Assertions.fail(Assertions.java:135)
	at de.uka.ilkd.key.proof.runallproofs.proofcollection.ForkedTestFileRunner.main(ForkedTestFileRunner.java:192)
Timeout watcher launched (2000 secs.)
ANTLR Tool version 4.9.3 used for code generation does not match the current runtime version 4.12.0
 (file: /home/runner/work/key/key/key.core/../key.ui/examples/index/.././completionscopes/testCcatchReturnVal.key; caused by: java.lang.ExceptionInInitializerError)
	at de.uka.ilkd.key.control.AbstractUserInterfaceControl.load(AbstractUserInterfaceControl.java:221)
	at de.uka.ilkd.key.control.KeYEnvironment.load(KeYEnvironment.java:251)
	at de.uka.ilkd.key.control.KeYEnvironment.load(KeYEnvironment.java:224)
	at de.uka.ilkd.key.control.KeYEnvironment.load(KeYEnvironment.java:184)
	at de.uka.ilkd.key.control.KeYEnvironment.load(KeYEnvironment.java:261)
	at de.uka.ilkd.key.proof.runallproofs.proofcollection.TestFile.load(TestFile.java:270)
	at de.uka.ilkd.key.proof.runallproofs.proofcollection.TestFile.runKey(TestFile.java:160)
	at de.uka.ilkd.key.proof.runallproofs.proofcollection.ForkedTestFileRunner.main(ForkedTestFileRunner.java:171)
Caused by: java.lang.ExceptionInInitializerError
	at de.uka.ilkd.key.nparser.ParsingFacade.createParser(ParsingFacade.java:87)
	at de.uka.ilkd.key.nparser.ParsingFacade.parseFile(ParsingFacade.java:123)
	at de.uka.ilkd.key.proof.io.KeYFile.getParseContext(KeYFile.java:160)
	at de.uka.ilkd.key.proof.io.KeYFile.getProblemInformation(KeYFile.java:236)
	at de.uka.ilkd.key.proof.init.KeYUserProblemFile.readProfileFromFile(KeYUserProblemFile.java:236)
	at de.uka.ilkd.key.proof.init.KeYUserProblemFile.getProfile(KeYUserProblemFile.java:216)
	at de.uka.ilkd.key.proof.io.AbstractProblemLoader.createProblemInitializer(AbstractProblemLoader.java:508)
	at de.uka.ilkd.key.proof.io.AbstractProblemLoader.loadEnvironment(AbstractProblemLoader.java:288)
	at de.uka.ilkd.key.proof.io.AbstractProblemLoader.load(AbstractProblemLoader.java:253)
	at de.uka.ilkd.key.control.AbstractUserInterfaceControl.load(AbstractUserInterfaceControl.java:209)
	... 7 more
Caused by: java.lang.UnsupportedOperationException: java.io.InvalidClassException: org.antlr.v4.runtime.atn.ATN; Could not deserialize ATN with version 3 (expected 4).
	at org.antlr.v4.runtime.atn.ATNDeserializer.deserialize(ATNDeserializer.java:56)
	at org.antlr.v4.runtime.atn.ATNDeserializer.deserialize(ATNDeserializer.java:48)
	at de.uka.ilkd.key.nparser.KeYParser.<clinit>(KeYParser.java:11834)
	... 17 more
Caused by: java.io.InvalidClassException: org.antlr.v4.runtime.atn.ATN; Could not deserialize ATN with version 3 (expected 4).
	... 20 more
Could not initialize class de.uka.ilkd.key.nparser.KeYParser (file: /home/runner/work/key/key/key.core/../key.ui/examples/index/.././completionscopes/testMultCcatchClauses.key; caused by: java.lang.NoClassDefFoundError: Could not initialize class de.uka.ilkd.key.nparser.KeYParser)
	at de.uka.ilkd.key.control.AbstractUserInterfaceControl.load(AbstractUserInterfaceControl.java:221)
	at de.uka.ilkd.key.control.KeYEnvironment.load(KeYEnvironment.java:251)
	at de.uka.ilkd.key.control.KeYEnvironment.load(KeYEnvironment.java:224)
	at de.uka.ilkd.key.control.KeYEnvironment.load(KeYEnvironment.java:184)
	at de.uka.ilkd.key.control.KeYEnvironment.load(KeYEnvironment.java:261)
	at de.uka.ilkd.key.proof.runallproofs.proofcollection.TestFile.load(TestFile.java:270)
	at de.uka.ilkd.key.proof.runallproofs.proofcollection.TestFile.runKey(TestFile.java:160)
	at de.uka.ilkd.key.proof.runallproofs.proofcollection.ForkedTestFileRunner.main(ForkedTestFileRunner.java:171)
Caused by: java.lang.NoClassDefFoundError: Could not initialize class de.uka.ilkd.key.nparser.KeYParser
	at de.uka.ilkd.key.nparser.ParsingFacade.createParser(ParsingFacade.java:87)
	at de.uka.ilkd.key.nparser.ParsingFacade.parseFile(ParsingFacade.java:123)
	at de.uka.ilkd.key.proof.io.KeYFile.getParseContext(KeYFile.java:160)
	at de.uka.ilkd.key.proof.io.KeYFile.getProblemInformation(KeYFile.java:236)
	at de.uka.ilkd.key.proof.init.KeYUserProblemFile.readProfileFromFile(KeYUserProblemFile.java:236)
	at de.uka.ilkd.key.proof.init.KeYUserProblemFile.getProfile(KeYUserProblemFile.java:216)
	at de.uka.ilkd.key.proof.io.AbstractProblemLoader.createProblemInitializer(AbstractProblemLoader.java:508)
	at de.uka.ilkd.key.proof.io.AbstractProblemLoader.loadEnvironment(AbstractProblemLoader.java:288)
	at de.uka.ilkd.key.proof.io.AbstractProblemLoader.load(AbstractProblemLoader.java:253)
	at de.uka.ilkd.key.control.AbstractUserInterfaceControl.load(AbstractUserInterfaceControl.java:209)
	... 7 more
Could not initialize class de.uka.ilkd.key.nparser.KeYParser (file: /home/runner/work/key/key/key.core/../key.ui/examples/index/.././completionscopes/testNestedExec.key; caused by: java.lang.NoClassDefFoundError: Could not initialize class de.uka.ilkd.key.nparser.KeYParser)
	at de.uka.ilkd.key.control.AbstractUserInterfaceControl.load(AbstractUserInterfaceControl.java:221)
	at de.uka.ilkd.key.control.KeYEnvironment.load(KeYEnvironment.java:251)
	at de.uka.ilkd.key.control.KeYEnvironment.load(KeYEnvironment.java:224)
	at de.uka.ilkd.key.control.KeYEnvironment.load(KeYEnvironment.java:184)
	at de.uka.ilkd.key.control.KeYEnvironment.load(KeYEnvironment.java:261)
	at de.uka.ilkd.key.proof.runallproofs.proofcollection.TestFile.load(TestFile.java:270)
	at de.uka.ilkd.key.proof.runallproofs.proofcollection.TestFile.runKey(TestFile.java:160)
	at de.uka.ilkd.key.proof.runallproofs.proofcollection.ForkedTestFileRunner.main(ForkedTestFileRunner.java:171)
Caused by: java.lang.NoClassDefFoundError: Could not initialize class de.uka.ilkd.key.nparser.KeYParser
	at de.uka.ilkd.key.nparser.ParsingFacade.createParser(ParsingFacade.java:87)
	at de.uka.ilkd.key.nparser.ParsingFacade.parseFile(ParsingFacade.java:123)
	at de.uka.ilkd.key.proof.io.KeYFile.getParseContext(KeYFile.java:160)
	at de.uka.ilkd.key.proof.io.KeYFile.getProblemInformation(KeYFile.java:236)
	at de.uka.ilkd.key.proof.init.KeYUserProblemFile.readProfileFromFile(KeYUserProblemFile.java:236)
	at de.uka.ilkd.key.proof.init.KeYUserProblemFile.getProfile(KeYUserProblemFile.java:216)
	at de.uka.ilkd.key.proof.io.AbstractProblemLoader.createProblemInitializer(AbstractProblemLoader.java:508)
	at de.uka.ilkd.key.proof.io.AbstractProblemLoader.loadEnvironment(AbstractProblemLoader.java:288)
	at de.uka.ilkd.key.proof.io.AbstractProblemLoader.load(AbstractProblemLoader.java:253)
	at de.uka.ilkd.key.control.AbstractUserInterfaceControl.load(AbstractUserInterfaceControl.java:209)
	... 7 more
Could not initialize class de.uka.ilkd.key.nparser.KeYParser (file: /home/runner/work/key/key/key.core/../key.ui/examples/index/.././completionscopes/testCcatchBreakLabel.key; caused by: java.lang.NoClassDefFoundError: Could not initialize class de.uka.ilkd.key.nparser.KeYParser)
	at de.uka.ilkd.key.control.AbstractUserInterfaceControl.load(AbstractUserInterfaceControl.java:221)
	at de.uka.ilkd.key.control.KeYEnvironment.load(KeYEnvironment.java:251)
	at de.uka.ilkd.key.control.KeYEnvironment.load(KeYEnvironment.java:224)
	at de.uka.ilkd.key.control.KeYEnvironment.load(KeYEnvironment.java:184)
	at de.uka.ilkd.key.control.KeYEnvironment.load(KeYEnvironment.java:261)
	at de.uka.ilkd.key.proof.runallproofs.proofcollection.TestFile.load(TestFile.java:270)
	at de.uka.ilkd.key.proof.runallproofs.proofcollection.TestFile.runKey(TestFile.java:160)
	at de.uka.ilkd.key.proof.runallproofs.proofcollection.ForkedTestFileRunner.main(ForkedTestFileRunner.java:171)
Caused by: java.lang.NoClassDefFoundError: Could not initialize class de.uka.ilkd.key.nparser.KeYParser
	at de.uka.ilkd.key.nparser.ParsingFacade.createParser(ParsingFacade.java:87)
	at de.uka.ilkd.key.nparser.ParsingFacade.parseFile(ParsingFacade.java:123)
	at de.uka.ilkd.key.proof.io.KeYFile.getParseContext(KeYFile.java:160)
	at de.uka.ilkd.key.proof.io.KeYFile.getProblemInformation(KeYFile.java:236)
	at de.uka.ilkd.key.proof.init.KeYUserProblemFile.readProfileFromFile(KeYUserProblemFile.java:236)
	at de.uka.ilkd.key.proof.init.KeYUserProblemFile.getProfile(KeYUserProblemFile.java:216)
	at de.uka.ilkd.key.proof.io.AbstractProblemLoader.createProblemInitializer(AbstractProblemLoader.java:508)
	at de.uka.ilkd.key.proof.io.AbstractProblemLoader.loadEnvironment(AbstractProblemLoader.java:288)
	at de.uka.ilkd.key.proof.io.AbstractProblemLoader.load(AbstractProblemLoader.java:253)
	at de.uka.ilkd.key.control.AbstractUserInterfaceControl.load(AbstractUserInterfaceControl.java:209)
	... 7 more
Could not initialize class de.uka.ilkd.key.nparser.KeYParser (file: /home/runner/work/key/key/key.core/../key.ui/examples/index/.././completionscopes/testCcatchContinueLabel.key; caused by: java.lang.NoClassDefFoundError: Could not initialize class de.uka.ilkd.key.nparser.KeYParser)
	at de.uka.ilkd.key.control.AbstractUserInterfaceControl.load(AbstractUserInterfaceControl.java:221)
	at de.uka.ilkd.key.control.KeYEnvironment.load(KeYEnvironment.java:251)
	at de.uka.ilkd.key.control.KeYEnvironment.load(KeYEnvironment.java:224)
	at de.uka.ilkd.key.control.KeYEnvironment.load(KeYEnvironment.java:184)
	at de.uka.ilkd.key.control.KeYEnvironment.load(KeYEnvironment.java:261)
	at de.uka.ilkd.key.proof.runallproofs.proofcollection.TestFile.load(TestFile.java:270)
	at de.uka.ilkd.key.proof.runallproofs.proofcollection.TestFile.runKey(TestFile.java:160)
	at de.uka.ilkd.key.proof.runallproofs.proofcollection.ForkedTestFileRunner.main(ForkedTestFileRunner.java:171)
Caused by: java.lang.NoClassDefFoundError: Could not initialize class de.uka.ilkd.key.nparser.KeYParser
	at de.uka.ilkd.key.nparser.ParsingFacade.createParser(ParsingFacade.java:87)
	at de.uka.ilkd.key.nparser.ParsingFacade.parseFile(ParsingFacade.java:123)
	at de.uka.ilkd.key.proof.io.KeYFile.getParseContext(KeYFile.java:160)
	at de.uka.ilkd.key.proof.io.KeYFile.getProblemInformation(KeYFile.java:236)
	at de.uka.ilkd.key.proof.init.KeYUserProblemFile.readProfileFromFile(KeYUserProblemFile.java:236)
	at de.uka.ilkd.key.proof.init.KeYUserProblemFile.getProfile(KeYUserProblemFile.java:216)
	at de.uka.ilkd.key.proof.io.AbstractProblemLoader.createProblemInitializer(AbstractProblemLoader.java:508)
	at de.uka.ilkd.key.proof.io.AbstractProblemLoader.loadEnvironment(AbstractProblemLoader.java:288)
	at de.uka.ilkd.key.proof.io.AbstractProblemLoader.load(AbstractProblemLoader.java:253)
	at de.uka.ilkd.key.control.AbstractUserInterfaceControl.load(AbstractUserInterfaceControl.java:209)
	... 7 more
Could not initialize class de.uka.ilkd.key.nparser.KeYParser (file: /home/runner/work/key/key/key.core/../key.ui/examples/index/.././completionscopes/testCcatchBreakLabelWildcard.key; caused by: java.lang.NoClassDefFoundError: Could not initialize class de.uka.ilkd.key.nparser.KeYParser)
	at de.uka.ilkd.key.control.AbstractUserInterfaceControl.load(AbstractUserInterfaceControl.java:221)
	at de.uka.ilkd.key.control.KeYEnvironment.load(KeYEnvironment.java:251)
	at de.uka.ilkd.key.control.KeYEnvironment.load(KeYEnvironment.java:224)
	at de.uka.ilkd.key.control.KeYEnvironment.load(KeYEnvironment.java:184)
	at de.uka.ilkd.key.control.KeYEnvironment.load(KeYEnvironment.java:261)
	at de.uka.ilkd.key.proof.runallproofs.proofcollection.TestFile.load(TestFile.java:270)
	at de.uka.ilkd.key.proof.runallproofs.proofcollection.TestFile.runKey(TestFile.java:160)
	at de.uka.ilkd.key.proof.runallproofs.proofcollection.ForkedTestFileRunner.main(ForkedTestFileRunner.java:171)
Caused by: java.lang.NoClassDefFoundError: Could not initialize class de.uka.ilkd.key.nparser.KeYParser
	at de.uka.ilkd.key.nparser.ParsingFacade.createParser(ParsingFacade.java:87)
	at de.uka.ilkd.key.nparser.ParsingFacade.parseFile(ParsingFacade.java:123)
	at de.uka.ilkd.key.proof.io.KeYFile.getParseContext(KeYFile.java:160)
	at de.uka.ilkd.key.proof.io.KeYFile.getProblemInformation(KeYFile.java:236)
	at de.uka.ilkd.key.proof.init.KeYUserProblemFile.readProfileFromFile(KeYUserProblemFile.java:236)
	at de.uka.ilkd.key.proof.init.KeYUserProblemFile.getProfile(KeYUserProblemFile.java:216)
	at de.uka.ilkd.key.proof.io.AbstractProblemLoader.createProblemInitializer(AbstractProblemLoader.java:508)
	at de.uka.ilkd.key.proof.io.AbstractProblemLoader.loadEnvironment(AbstractProblemLoader.java:288)
	at de.uka.ilkd.key.proof.io.AbstractProblemLoader.load(AbstractProblemLoader.java:253)
	at de.uka.ilkd.key.control.AbstractUserInterfaceControl.load(AbstractUserInterfaceControl.java:209)
	... 7 more
Could not initialize class de.uka.ilkd.key.nparser.KeYParser (file: /home/runner/work/key/key/key.core/../key.ui/examples/index/.././completionscopes/testCcatchContinueLabelWildcard.key; caused by: java.lang.NoClassDefFoundError: Could not initialize class de.uka.ilkd.key.nparser.KeYParser)
	at de.uka.ilkd.key.control.AbstractUserInterfaceControl.load(AbstractUserInterfaceControl.java:221)
	at de.uka.ilkd.key.control.KeYEnvironment.load(KeYEnvironment.java:251)
	at de.uka.ilkd.key.control.KeYEnvironment.load(KeYEnvironment.java:224)
	at de.uka.ilkd.key.control.KeYEnvironment.load(KeYEnvironment.java:184)
	at de.uka.ilkd.key.control.KeYEnvironment.load(KeYEnvironment.java:261)
	at de.uka.ilkd.key.proof.runallproofs.proofcollection.TestFile.load(TestFile.java:270)
	at de.uka.ilkd.key.proof.runallproofs.proofcollection.TestFile.runKey(TestFile.java:160)
	at de.uka.ilkd.key.proof.runallproofs.proofcollection.ForkedTestFileRunner.main(ForkedTestFileRunner.java:171)
Caused by: java.lang.NoClassDefFoundError: Could not initialize class de.uka.ilkd.key.nparser.KeYParser
	at de.uka.ilkd.key.nparser.ParsingFacade.createParser(ParsingFacade.java:87)
	at de.uka.ilkd.key.nparser.ParsingFacade.parseFile(ParsingFacade.java:123)
	at de.uka.ilkd.key.proof.io.KeYFile.getParseContext(KeYFile.java:160)
	at de.uka.ilkd.key.proof.io.KeYFile.getProblemInformation(KeYFile.java:236)
	at de.uka.ilkd.key.proof.init.KeYUserProblemFile.readProfileFromFile(KeYUserProblemFile.java:236)
	at de.uka.ilkd.key.proof.init.KeYUserProblemFile.getProfile(KeYUserProblemFile.java:216)
	at de.uka.ilkd.key.proof.io.AbstractProblemLoader.createProblemInitializer(AbstractProblemLoader.java:508)
	at de.uka.ilkd.key.proof.io.AbstractProblemLoader.loadEnvironment(AbstractProblemLoader.java:288)
	at de.uka.ilkd.key.proof.io.AbstractProblemLoader.load(AbstractProblemLoader.java:253)
	at de.uka.ilkd.key.control.AbstractUserInterfaceControl.load(AbstractUserInterfaceControl.java:209)
	... 7 more
Could not initialize class de.uka.ilkd.key.nparser.KeYParser (file: /home/runner/work/key/key/key.core/../key.ui/examples/index/.././completionscopes/testCcatchBreakLabelNonmatchingNested.key; caused by: java.lang.NoClassDefFoundError: Could not initialize class de.uka.ilkd.key.nparser.KeYParser)
	at de.uka.ilkd.key.control.AbstractUserInterfaceControl.load(AbstractUserInterfaceControl.java:221)
	at de.uka.ilkd.key.control.KeYEnvironment.load(KeYEnvironment.java:251)
	at de.uka.ilkd.key.control.KeYEnvironment.load(KeYEnvironment.java:224)
	at de.uka.ilkd.key.control.KeYEnvironment.load(KeYEnvironment.java:184)
	at de.uka.ilkd.key.control.KeYEnvironment.load(KeYEnvironment.java:261)
	at de.uka.ilkd.key.proof.runallproofs.proofcollection.TestFile.load(TestFile.java:270)
	at de.uka.ilkd.key.proof.runallproofs.proofcollection.TestFile.runKey(TestFile.java:160)
	at de.uka.ilkd.key.proof.runallproofs.proofcollection.ForkedTestFileRunner.main(ForkedTestFileRunner.java:171)
Caused by: java.lang.NoClassDefFoundError: Could not initialize class de.uka.ilkd.key.nparser.KeYParser
	at de.uka.ilkd.key.nparser.ParsingFacade.createParser(ParsingFacade.java:87)
	at de.uka.ilkd.key.nparser.ParsingFacade.parseFile(ParsingFacade.java:123)
	at de.uka.ilkd.key.proof.io.KeYFile.getParseContext(KeYFile.java:160)
	at de.uka.ilkd.key.proof.io.KeYFile.getProblemInformation(KeYFile.java:236)
	at de.uka.ilkd.key.proof.init.KeYUserProblemFile.readProfileFromFile(KeYUserProblemFile.java:236)
	at de.uka.ilkd.key.proof.init.KeYUserProblemFile.getProfile(KeYUserProblemFile.java:216)
	at de.uka.ilkd.key.proof.io.AbstractProblemLoader.createProblemInitializer(AbstractProblemLoader.java:508)
	at de.uka.ilkd.key.proof.io.AbstractProblemLoader.loadEnvironment(AbstractProblemLoader.java:288)
	at de.uka.ilkd.key.proof.io.AbstractProblemLoader.load(AbstractProblemLoader.java:253)
	at de.uka.ilkd.key.control.AbstractUserInterfaceControl.load(AbstractUserInterfaceControl.java:209)
	... 7 more
Exception in thread "main" org.opentest4j.AssertionFailedError: Exception during the execution of proofs. See log for more details.
	at org.junit.jupiter.api.AssertionUtils.fail(AssertionUtils.java:38)
	at org.junit.jupiter.api.Assertions.fail(Assertions.java:135)
	at de.uka.ilkd.key.proof.runallproofs.proofcollection.ForkedTestFileRunner.main(ForkedTestFileRunner.java:192)
Timeout watcher launched (2000 secs.)
ANTLR Tool version 4.9.3 used for code generation does not match the current runtime version 4.12.0
 (file: /home/runner/work/key/key/key.core/../key.ui/examples/index/.././firstTouch/05-ReverseArray/reverseArray.key; caused by: java.lang.ExceptionInInitializerError)
	at de.uka.ilkd.key.control.AbstractUserInterfaceControl.load(AbstractUserInterfaceControl.java:221)
	at de.uka.ilkd.key.control.KeYEnvironment.load(KeYEnvironment.java:251)
	at de.uka.ilkd.key.control.KeYEnvironment.load(KeYEnvironment.java:224)
	at de.uka.ilkd.key.control.KeYEnvironment.load(KeYEnvironment.java:184)
	at de.uka.ilkd.key.control.KeYEnvironment.load(KeYEnvironment.java:261)
	at de.uka.ilkd.key.proof.runallproofs.proofcollection.TestFile.load(TestFile.java:270)
	at de.uka.ilkd.key.proof.runallproofs.proofcollection.TestFile.runKey(TestFile.java:160)
	at de.uka.ilkd.key.proof.runallproofs.proofcollection.ForkedTestFileRunner.main(ForkedTestFileRunner.java:171)
Caused by: java.lang.ExceptionInInitializerError
	at de.uka.ilkd.key.nparser.ParsingFacade.createParser(ParsingFacade.java:87)
	at de.uka.ilkd.key.nparser.ParsingFacade.parseFile(ParsingFacade.java:123)
	at de.uka.ilkd.key.proof.io.KeYFile.getParseContext(KeYFile.java:160)
	at de.uka.ilkd.key.proof.io.KeYFile.getProblemInformation(KeYFile.java:236)
	at de.uka.ilkd.key.proof.init.KeYUserProblemFile.readProfileFromFile(KeYUserProblemFile.java:236)
	at de.uka.ilkd.key.proof.init.KeYUserProblemFile.getProfile(KeYUserProblemFile.java:216)
	at de.uka.ilkd.key.proof.io.AbstractProblemLoader.createProblemInitializer(AbstractProblemLoader.java:508)
	at de.uka.ilkd.key.proof.io.AbstractProblemLoader.loadEnvironment(AbstractProblemLoader.java:288)
	at de.uka.ilkd.key.proof.io.AbstractProblemLoader.load(AbstractProblemLoader.java:253)
	at de.uka.ilkd.key.control.AbstractUserInterfaceControl.load(AbstractUserInterfaceControl.java:209)
	... 7 more
Caused by: java.lang.UnsupportedOperationException: java.io.InvalidClassException: org.antlr.v4.runtime.atn.ATN; Could not deserialize ATN with version 3 (expected 4).
	at org.antlr.v4.runtime.atn.ATNDeserializer.deserialize(ATNDeserializer.java:56)
	at org.antlr.v4.runtime.atn.ATNDeserializer.deserialize(ATNDeserializer.java:48)
	at de.uka.ilkd.key.nparser.KeYParser.<clinit>(KeYParser.java:11834)
	... 17 more
Caused by: java.io.InvalidClassException: org.antlr.v4.runtime.atn.ATN; Could not deserialize ATN with version 3 (expected 4).
	... 20 more
Could not initialize class de.uka.ilkd.key.nparser.KeYParser (file: /home/runner/work/key/key/key.core/../key.ui/examples/index/.././standard_key/arith/saveProofTest.key.proof; caused by: java.lang.NoClassDefFoundError: Could not initialize class de.uka.ilkd.key.nparser.KeYParser)
	at de.uka.ilkd.key.control.AbstractUserInterfaceControl.load(AbstractUserInterfaceControl.java:221)
	at de.uka.ilkd.key.control.KeYEnvironment.load(KeYEnvironment.java:251)
	at de.uka.ilkd.key.control.KeYEnvironment.load(KeYEnvironment.java:224)
	at de.uka.ilkd.key.control.KeYEnvironment.load(KeYEnvironment.java:184)
	at de.uka.ilkd.key.control.KeYEnvironment.load(KeYEnvironment.java:261)
	at de.uka.ilkd.key.proof.runallproofs.proofcollection.TestFile.load(TestFile.java:270)
	at de.uka.ilkd.key.proof.runallproofs.proofcollection.TestFile.runKey(TestFile.java:160)
	at de.uka.ilkd.key.proof.runallproofs.proofcollection.ForkedTestFileRunner.main(ForkedTestFileRunner.java:171)
Caused by: java.lang.NoClassDefFoundError: Could not initialize class de.uka.ilkd.key.nparser.KeYParser
	at de.uka.ilkd.key.nparser.ParsingFacade.createParser(ParsingFacade.java:87)
	at de.uka.ilkd.key.nparser.ParsingFacade.parseFile(ParsingFacade.java:123)
	at de.uka.ilkd.key.proof.io.KeYFile.getParseContext(KeYFile.java:160)
	at de.uka.ilkd.key.proof.io.KeYFile.getProblemInformation(KeYFile.java:236)
	at de.uka.ilkd.key.proof.init.KeYUserProblemFile.readProfileFromFile(KeYUserProblemFile.java:236)
	at de.uka.ilkd.key.proof.init.KeYUserProblemFile.getProfile(KeYUserProblemFile.java:216)
	at de.uka.ilkd.key.proof.io.AbstractProblemLoader.createProblemInitializer(AbstractProblemLoader.java:508)
	at de.uka.ilkd.key.proof.io.AbstractProblemLoader.loadEnvironment(AbstractProblemLoader.java:288)
	at de.uka.ilkd.key.proof.io.AbstractProblemLoader.load(AbstractProblemLoader.java:253)
	at de.uka.ilkd.key.control.AbstractUserInterfaceControl.load(AbstractUserInterfaceControl.java:209)
	... 7 more
Could not initialize class de.uka.ilkd.key.nparser.KeYParser (file: /home/runner/work/key/key/key.core/../key.ui/examples/index/.././heap/permutedSum/perm.proof; caused by: java.lang.NoClassDefFoundError: Could not initialize class de.uka.ilkd.key.nparser.KeYParser)
	at de.uka.ilkd.key.control.AbstractUserInterfaceControl.load(AbstractUserInterfaceControl.java:221)
	at de.uka.ilkd.key.control.KeYEnvironment.load(KeYEnvironment.java:251)
	at de.uka.ilkd.key.control.KeYEnvironment.load(KeYEnvironment.java:224)
	at de.uka.ilkd.key.control.KeYEnvironment.load(KeYEnvironment.java:184)
	at de.uka.ilkd.key.control.KeYEnvironment.load(KeYEnvironment.java:261)
	at de.uka.ilkd.key.proof.runallproofs.proofcollection.TestFile.load(TestFile.java:270)
	at de.uka.ilkd.key.proof.runallproofs.proofcollection.TestFile.runKey(TestFile.java:160)
	at de.uka.ilkd.key.proof.runallproofs.proofcollection.ForkedTestFileRunner.main(ForkedTestFileRunner.java:171)
Caused by: java.lang.NoClassDefFoundError: Could not initialize class de.uka.ilkd.key.nparser.KeYParser
	at de.uka.ilkd.key.nparser.ParsingFacade.createParser(ParsingFacade.java:87)
	at de.uka.ilkd.key.nparser.ParsingFacade.parseFile(ParsingFacade.java:123)
	at de.uka.ilkd.key.proof.io.KeYFile.getParseContext(KeYFile.java:160)
	at de.uka.ilkd.key.proof.io.KeYFile.getProblemInformation(KeYFile.java:236)
	at de.uka.ilkd.key.proof.init.KeYUserProblemFile.readProfileFromFile(KeYUserProblemFile.java:236)
	at de.uka.ilkd.key.proof.init.KeYUserProblemFile.getProfile(KeYUserProblemFile.java:216)
	at de.uka.ilkd.key.proof.io.AbstractProblemLoader.createProblemInitializer(AbstractProblemLoader.java:508)
	at de.uka.ilkd.key.proof.io.AbstractProblemLoader.loadEnvironment(AbstractProblemLoader.java:288)
	at de.uka.ilkd.key.proof.io.AbstractProblemLoader.load(AbstractProblemLoader.java:253)
	at de.uka.ilkd.key.control.AbstractUserInterfaceControl.load(AbstractUserInterfaceControl.java:209)
	... 7 more
Could not initialize class de.uka.ilkd.key.nparser.KeYParser (file: /home/runner/work/key/key/key.core/../key.ui/examples/index/.././firstTouch/05-ReverseArray/reverseArray.proof; caused by: java.lang.NoClassDefFoundError: Could not initialize class de.uka.ilkd.key.nparser.KeYParser)
	at de.uka.ilkd.key.control.AbstractUserInterfaceControl.load(AbstractUserInterfaceControl.java:221)
	at de.uka.ilkd.key.control.KeYEnvironment.load(KeYEnvironment.java:251)
	at de.uka.ilkd.key.control.KeYEnvironment.load(KeYEnvironment.java:224)
	at de.uka.ilkd.key.control.KeYEnvironment.load(KeYEnvironment.java:184)
	at de.uka.ilkd.key.control.KeYEnvironment.load(KeYEnvironment.java:261)
	at de.uka.ilkd.key.proof.runallproofs.proofcollection.TestFile.load(TestFile.java:270)
	at de.uka.ilkd.key.proof.runallproofs.proofcollection.TestFile.runKey(TestFile.java:160)
	at de.uka.ilkd.key.proof.runallproofs.proofcollection.ForkedTestFileRunner.main(ForkedTestFileRunner.java:171)
Caused by: java.lang.NoClassDefFoundError: Could not initialize class de.uka.ilkd.key.nparser.KeYParser
	at de.uka.ilkd.key.nparser.ParsingFacade.createParser(ParsingFacade.java:87)
	at de.uka.ilkd.key.nparser.ParsingFacade.parseFile(ParsingFacade.java:123)
	at de.uka.ilkd.key.proof.io.KeYFile.getParseContext(KeYFile.java:160)
	at de.uka.ilkd.key.proof.io.KeYFile.getProblemInformation(KeYFile.java:236)
	at de.uka.ilkd.key.proof.init.KeYUserProblemFile.readProfileFromFile(KeYUserProblemFile.java:236)
	at de.uka.ilkd.key.proof.init.KeYUserProblemFile.getProfile(KeYUserProblemFile.java:216)
	at de.uka.ilkd.key.proof.io.AbstractProblemLoader.createProblemInitializer(AbstractProblemLoader.java:508)
	at de.uka.ilkd.key.proof.io.AbstractProblemLoader.loadEnvironment(AbstractProblemLoader.java:288)
	at de.uka.ilkd.key.proof.io.AbstractProblemLoader.load(AbstractProblemLoader.java:253)
	at de.uka.ilkd.key.control.AbstractUserInterfaceControl.load(AbstractUserInterfaceControl.java:209)
	... 7 more
Could not initialize class de.uka.ilkd.key.nparser.KeYParser (file: /home/runner/work/key/key/key.core/../key.ui/examples/index/.././heap/verifyThis15_1_RelaxedPrefix/relax.proof; caused by: java.lang.NoClassDefFoundError: Could not initialize class de.uka.ilkd.key.nparser.KeYParser)
	at de.uka.ilkd.key.control.AbstractUserInterfaceControl.load(AbstractUserInterfaceControl.java:221)
	at de.uka.ilkd.key.control.KeYEnvironment.load(KeYEnvironment.java:251)
	at de.uka.ilkd.key.control.KeYEnvironment.load(KeYEnvironment.java:224)
	at de.uka.ilkd.key.control.KeYEnvironment.load(KeYEnvironment.java:184)
	at de.uka.ilkd.key.control.KeYEnvironment.load(KeYEnvironment.java:261)
	at de.uka.ilkd.key.proof.runallproofs.proofcollection.TestFile.load(TestFile.java:270)
	at de.uka.ilkd.key.proof.runallproofs.proofcollection.TestFile.runKey(TestFile.java:160)
	at de.uka.ilkd.key.proof.runallproofs.proofcollection.ForkedTestFileRunner.main(ForkedTestFileRunner.java:171)
Caused by: java.lang.NoClassDefFoundError: Could not initialize class de.uka.ilkd.key.nparser.KeYParser
	at de.uka.ilkd.key.nparser.ParsingFacade.createParser(ParsingFacade.java:87)
	at de.uka.ilkd.key.nparser.ParsingFacade.parseFile(ParsingFacade.java:123)
	at de.uka.ilkd.key.proof.io.KeYFile.getParseContext(KeYFile.java:160)
	at de.uka.ilkd.key.proof.io.KeYFile.getProblemInformation(KeYFile.java:236)
	at de.uka.ilkd.key.proof.init.KeYUserProblemFile.readProfileFromFile(KeYUserProblemFile.java:236)
	at de.uka.ilkd.key.proof.init.KeYUserProblemFile.getProfile(KeYUserProblemFile.java:216)
	at de.uka.ilkd.key.proof.io.AbstractProblemLoader.createProblemInitializer(AbstractProblemLoader.java:508)
	at de.uka.ilkd.key.proof.io.AbstractProblemLoader.loadEnvironment(AbstractProblemLoader.java:288)
	at de.uka.ilkd.key.proof.io.AbstractProblemLoader.load(AbstractProblemLoader.java:253)
	at de.uka.ilkd.key.control.AbstractUserInterfaceControl.load(AbstractUserInterfaceControl.java:209)
	... 7 more
Could not initialize class de.uka.ilkd.key.nparser.KeYParser (file: /home/runner/work/key/key/key.core/../key.ui/examples/index/.././heap/verifyThis15_3_DLL/doUndo.proof; caused by: java.lang.NoClassDefFoundError: Could not initialize class de.uka.ilkd.key.nparser.KeYParser)
	at de.uka.ilkd.key.control.AbstractUserInterfaceControl.load(AbstractUserInterfaceControl.java:221)
	at de.uka.ilkd.key.control.KeYEnvironment.load(KeYEnvironment.java:251)
	at de.uka.ilkd.key.control.KeYEnvironment.load(KeYEnvironment.java:224)
	at de.uka.ilkd.key.control.KeYEnvironment.load(KeYEnvironment.java:184)
	at de.uka.ilkd.key.control.KeYEnvironment.load(KeYEnvironment.java:261)
	at de.uka.ilkd.key.proof.runallproofs.proofcollection.TestFile.load(TestFile.java:270)
	at de.uka.ilkd.key.proof.runallproofs.proofcollection.TestFile.runKey(TestFile.java:160)
	at de.uka.ilkd.key.proof.runallproofs.proofcollection.ForkedTestFileRunner.main(ForkedTestFileRunner.java:171)
Caused by: java.lang.NoClassDefFoundError: Could not initialize class de.uka.ilkd.key.nparser.KeYParser
	at de.uka.ilkd.key.nparser.ParsingFacade.createParser(ParsingFacade.java:87)
	at de.uka.ilkd.key.nparser.ParsingFacade.parseFile(ParsingFacade.java:123)
	at de.uka.ilkd.key.proof.io.KeYFile.getParseContext(KeYFile.java:160)
	at de.uka.ilkd.key.proof.io.KeYFile.getProblemInformation(KeYFile.java:236)
	at de.uka.ilkd.key.proof.init.KeYUserProblemFile.readProfileFromFile(KeYUserProblemFile.java:236)
	at de.uka.ilkd.key.proof.init.KeYUserProblemFile.getProfile(KeYUserProblemFile.java:216)
	at de.uka.ilkd.key.proof.io.AbstractProblemLoader.createProblemInitializer(AbstractProblemLoader.java:508)
	at de.uka.ilkd.key.proof.io.AbstractProblemLoader.loadEnvironment(AbstractProblemLoader.java:288)
	at de.uka.ilkd.key.proof.io.AbstractProblemLoader.load(AbstractProblemLoader.java:253)
	at de.uka.ilkd.key.control.AbstractUserInterfaceControl.load(AbstractUserInterfaceControl.java:209)
	... 7 more
Could not initialize class de.uka.ilkd.key.nparser.KeYParser (file: /home/runner/work/key/key/key.core/../key.ui/examples/index/.././heap/verifyThis15_2_ParallelGcd/parallelGcd.proof; caused by: java.lang.NoClassDefFoundError: Could not initialize class de.uka.ilkd.key.nparser.KeYParser)
	at de.uka.ilkd.key.control.AbstractUserInterfaceControl.load(AbstractUserInterfaceControl.java:221)
	at de.uka.ilkd.key.control.KeYEnvironment.load(KeYEnvironment.java:251)
	at de.uka.ilkd.key.control.KeYEnvironment.load(KeYEnvironment.java:224)
	at de.uka.ilkd.key.control.KeYEnvironment.load(KeYEnvironment.java:184)
	at de.uka.ilkd.key.control.KeYEnvironment.load(KeYEnvironment.java:261)
	at de.uka.ilkd.key.proof.runallproofs.proofcollection.TestFile.load(TestFile.java:270)
	at de.uka.ilkd.key.proof.runallproofs.proofcollection.TestFile.runKey(TestFile.java:160)
	at de.uka.ilkd.key.proof.runallproofs.proofcollection.ForkedTestFileRunner.main(ForkedTestFileRunner.java:171)
Caused by: java.lang.NoClassDefFoundError: Could not initialize class de.uka.ilkd.key.nparser.KeYParser
	at de.uka.ilkd.key.nparser.ParsingFacade.createParser(ParsingFacade.java:87)
	at de.uka.ilkd.key.nparser.ParsingFacade.parseFile(ParsingFacade.java:123)
	at de.uka.ilkd.key.proof.io.KeYFile.getParseContext(KeYFile.java:160)
	at de.uka.ilkd.key.proof.io.KeYFile.getProblemInformation(KeYFile.java:236)
	at de.uka.ilkd.key.proof.init.KeYUserProblemFile.readProfileFromFile(KeYUserProblemFile.java:236)
	at de.uka.ilkd.key.proof.init.KeYUserProblemFile.getProfile(KeYUserProblemFile.java:216)
	at de.uka.ilkd.key.proof.io.AbstractProblemLoader.createProblemInitializer(AbstractProblemLoader.java:508)
	at de.uka.ilkd.key.proof.io.AbstractProblemLoader.loadEnvironment(AbstractProblemLoader.java:288)
	at de.uka.ilkd.key.proof.io.AbstractProblemLoader.load(AbstractProblemLoader.java:253)
	at de.uka.ilkd.key.control.AbstractUserInterfaceControl.load(AbstractUserInterfaceControl.java:209)
	... 7 more
Exception in thread "main" org.opentest4j.AssertionFailedError: Exception during the execution of proofs. See log for more details.
	at org.junit.jupiter.api.AssertionUtils.fail(AssertionUtils.java:38)
	at org.junit.jupiter.api.Assertions.fail(Assertions.java:135)
	at de.uka.ilkd.key.proof.runallproofs.proofcollection.ForkedTestFileRunner.main(ForkedTestFileRunner.java:192)
Timeout watcher launched (2000 secs.)
ANTLR Tool version 4.9.3 used for code generation does not match the current runtime version 4.12.0
 (file: /home/runner/work/key/key/key.core/../key.ui/examples/index/.././proofLoadRepair/disjConj-manipulated.proof; caused by: java.lang.ExceptionInInitializerError)
	at de.uka.ilkd.key.control.AbstractUserInterfaceControl.load(AbstractUserInterfaceControl.java:221)
	at de.uka.ilkd.key.control.KeYEnvironment.load(KeYEnvironment.java:251)
	at de.uka.ilkd.key.control.KeYEnvironment.load(KeYEnvironment.java:224)
	at de.uka.ilkd.key.control.KeYEnvironment.load(KeYEnvironment.java:184)
	at de.uka.ilkd.key.control.KeYEnvironment.load(KeYEnvironment.java:261)
	at de.uka.ilkd.key.proof.runallproofs.proofcollection.TestFile.load(TestFile.java:270)
	at de.uka.ilkd.key.proof.runallproofs.proofcollection.TestFile.runKey(TestFile.java:160)
	at de.uka.ilkd.key.proof.runallproofs.proofcollection.ForkedTestFileRunner.main(ForkedTestFileRunner.java:171)
Caused by: java.lang.ExceptionInInitializerError
	at de.uka.ilkd.key.nparser.ParsingFacade.createParser(ParsingFacade.java:87)
	at de.uka.ilkd.key.nparser.ParsingFacade.parseFile(ParsingFacade.java:123)
	at de.uka.ilkd.key.proof.io.KeYFile.getParseContext(KeYFile.java:160)
	at de.uka.ilkd.key.proof.io.KeYFile.getProblemInformation(KeYFile.java:236)
	at de.uka.ilkd.key.proof.init.KeYUserProblemFile.readProfileFromFile(KeYUserProblemFile.java:236)
	at de.uka.ilkd.key.proof.init.KeYUserProblemFile.getProfile(KeYUserProblemFile.java:216)
	at de.uka.ilkd.key.proof.io.AbstractProblemLoader.createProblemInitializer(AbstractProblemLoader.java:508)
	at de.uka.ilkd.key.proof.io.AbstractProblemLoader.loadEnvironment(AbstractProblemLoader.java:288)
	at de.uka.ilkd.key.proof.io.AbstractProblemLoader.load(AbstractProblemLoader.java:253)
	at de.uka.ilkd.key.control.AbstractUserInterfaceControl.load(AbstractUserInterfaceControl.java:209)
	... 7 more
Caused by: java.lang.UnsupportedOperationException: java.io.InvalidClassException: org.antlr.v4.runtime.atn.ATN; Could not deserialize ATN with version 3 (expected 4).
	at org.antlr.v4.runtime.atn.ATNDeserializer.deserialize(ATNDeserializer.java:56)
	at org.antlr.v4.runtime.atn.ATNDeserializer.deserialize(ATNDeserializer.java:48)
	at de.uka.ilkd.key.nparser.KeYParser.<clinit>(KeYParser.java:11834)
	... 17 more
Caused by: java.io.InvalidClassException: org.antlr.v4.runtime.atn.ATN; Could not deserialize ATN with version 3 (expected 4).
	... 20 more
Could not initialize class de.uka.ilkd.key.nparser.KeYParser (file: /home/runner/work/key/key/key.core/../key.ui/examples/index/.././proofLoadRepair/insufficient-manipulated.proof; caused by: java.lang.NoClassDefFoundError: Could not initialize class de.uka.ilkd.key.nparser.KeYParser)
	at de.uka.ilkd.key.control.AbstractUserInterfaceControl.load(AbstractUserInterfaceControl.java:221)
	at de.uka.ilkd.key.control.KeYEnvironment.load(KeYEnvironment.java:251)
	at de.uka.ilkd.key.control.KeYEnvironment.load(KeYEnvironment.java:224)
	at de.uka.ilkd.key.control.KeYEnvironment.load(KeYEnvironment.java:184)
	at de.uka.ilkd.key.control.KeYEnvironment.load(KeYEnvironment.java:261)
	at de.uka.ilkd.key.proof.runallproofs.proofcollection.TestFile.load(TestFile.java:270)
	at de.uka.ilkd.key.proof.runallproofs.proofcollection.TestFile.runKey(TestFile.java:160)
	at de.uka.ilkd.key.proof.runallproofs.proofcollection.ForkedTestFileRunner.main(ForkedTestFileRunner.java:171)
Caused by: java.lang.NoClassDefFoundError: Could not initialize class de.uka.ilkd.key.nparser.KeYParser
	at de.uka.ilkd.key.nparser.ParsingFacade.createParser(ParsingFacade.java:87)
	at de.uka.ilkd.key.nparser.ParsingFacade.parseFile(ParsingFacade.java:123)
	at de.uka.ilkd.key.proof.io.KeYFile.getParseContext(KeYFile.java:160)
	at de.uka.ilkd.key.proof.io.KeYFile.getProblemInformation(KeYFile.java:236)
	at de.uka.ilkd.key.proof.init.KeYUserProblemFile.readProfileFromFile(KeYUserProblemFile.java:236)
	at de.uka.ilkd.key.proof.init.KeYUserProblemFile.getProfile(KeYUserProblemFile.java:216)
	at de.uka.ilkd.key.proof.io.AbstractProblemLoader.createProblemInitializer(AbstractProblemLoader.java:508)
	at de.uka.ilkd.key.proof.io.AbstractProblemLoader.loadEnvironment(AbstractProblemLoader.java:288)
	at de.uka.ilkd.key.proof.io.AbstractProblemLoader.load(AbstractProblemLoader.java:253)
	at de.uka.ilkd.key.control.AbstractUserInterfaceControl.load(AbstractUserInterfaceControl.java:209)
	... 7 more
Could not initialize class de.uka.ilkd.key.nparser.KeYParser (file: /home/runner/work/key/key/key.core/../key.ui/examples/index/../../../key.core/src/test/resources/testcase/issues/1716/incorrectPolarity.proof; caused by: java.lang.NoClassDefFoundError: Could not initialize class de.uka.ilkd.key.nparser.KeYParser)
	at de.uka.ilkd.key.control.AbstractUserInterfaceControl.load(AbstractUserInterfaceControl.java:221)
	at de.uka.ilkd.key.control.KeYEnvironment.load(KeYEnvironment.java:251)
	at de.uka.ilkd.key.control.KeYEnvironment.load(KeYEnvironment.java:224)
	at de.uka.ilkd.key.control.KeYEnvironment.load(KeYEnvironment.java:184)
	at de.uka.ilkd.key.control.KeYEnvironment.load(KeYEnvironment.java:261)
	at de.uka.ilkd.key.proof.runallproofs.proofcollection.TestFile.load(TestFile.java:270)
	at de.uka.ilkd.key.proof.runallproofs.proofcollection.TestFile.runKey(TestFile.java:160)
	at de.uka.ilkd.key.proof.runallproofs.proofcollection.ForkedTestFileRunner.main(ForkedTestFileRunner.java:171)
Caused by: java.lang.NoClassDefFoundError: Could not initialize class de.uka.ilkd.key.nparser.KeYParser
	at de.uka.ilkd.key.nparser.ParsingFacade.createParser(ParsingFacade.java:87)
	at de.uka.ilkd.key.nparser.ParsingFacade.parseFile(ParsingFacade.java:123)
	at de.uka.ilkd.key.proof.io.KeYFile.getParseContext(KeYFile.java:160)
	at de.uka.ilkd.key.proof.io.KeYFile.getProblemInformation(KeYFile.java:236)
	at de.uka.ilkd.key.proof.init.KeYUserProblemFile.readProfileFromFile(KeYUserProblemFile.java:236)
	at de.uka.ilkd.key.proof.init.KeYUserProblemFile.getProfile(KeYUserProblemFile.java:216)
	at de.uka.ilkd.key.proof.io.AbstractProblemLoader.createProblemInitializer(AbstractProblemLoader.java:508)
	at de.uka.ilkd.key.proof.io.AbstractProblemLoader.loadEnvironment(AbstractProblemLoader.java:288)
	at de.uka.ilkd.key.proof.io.AbstractProblemLoader.load(AbstractProblemLoader.java:253)
	at de.uka.ilkd.key.control.AbstractUserInterfaceControl.load(AbstractUserInterfaceControl.java:209)
	... 7 more
Could not initialize class de.uka.ilkd.key.nparser.KeYParser (file: /home/runner/work/key/key/key.core/../key.ui/examples/index/../../../key.core/src/test/resources/testcase/issues/1716/incorrectPolarity2.proof; caused by: java.lang.NoClassDefFoundError: Could not initialize class de.uka.ilkd.key.nparser.KeYParser)
	at de.uka.ilkd.key.control.AbstractUserInterfaceControl.load(AbstractUserInterfaceControl.java:221)
	at de.uka.ilkd.key.control.KeYEnvironment.load(KeYEnvironment.java:251)
	at de.uka.ilkd.key.control.KeYEnvironment.load(KeYEnvironment.java:224)
	at de.uka.ilkd.key.control.KeYEnvironment.load(KeYEnvironment.java:184)
	at de.uka.ilkd.key.control.KeYEnvironment.load(KeYEnvironment.java:261)
	at de.uka.ilkd.key.proof.runallproofs.proofcollection.TestFile.load(TestFile.java:270)
	at de.uka.ilkd.key.proof.runallproofs.proofcollection.TestFile.runKey(TestFile.java:160)
	at de.uka.ilkd.key.proof.runallproofs.proofcollection.ForkedTestFileRunner.main(ForkedTestFileRunner.java:171)
Caused by: java.lang.NoClassDefFoundError: Could not initialize class de.uka.ilkd.key.nparser.KeYParser
	at de.uka.ilkd.key.nparser.ParsingFacade.createParser(ParsingFacade.java:87)
	at de.uka.ilkd.key.nparser.ParsingFacade.parseFile(ParsingFacade.java:123)
	at de.uka.ilkd.key.proof.io.KeYFile.getParseContext(KeYFile.java:160)
	at de.uka.ilkd.key.proof.io.KeYFile.getProblemInformation(KeYFile.java:236)
	at de.uka.ilkd.key.proof.init.KeYUserProblemFile.readProfileFromFile(KeYUserProblemFile.java:236)
	at de.uka.ilkd.key.proof.init.KeYUserProblemFile.getProfile(KeYUserProblemFile.java:216)
	at de.uka.ilkd.key.proof.io.AbstractProblemLoader.createProblemInitializer(AbstractProblemLoader.java:508)
	at de.uka.ilkd.key.proof.io.AbstractProblemLoader.loadEnvironment(AbstractProblemLoader.java:288)
	at de.uka.ilkd.key.proof.io.AbstractProblemLoader.load(AbstractProblemLoader.java:253)
	at de.uka.ilkd.key.control.AbstractUserInterfaceControl.load(AbstractUserInterfaceControl.java:209)
	... 7 more
Could not initialize class de.uka.ilkd.key.nparser.KeYParser (file: /home/runner/work/key/key/key.core/../key.ui/examples/index/../../../key.core/src/test/resources/testcase/issues/1716/incorrectPolarity3.proof; caused by: java.lang.NoClassDefFoundError: Could not initialize class de.uka.ilkd.key.nparser.KeYParser)
	at de.uka.ilkd.key.control.AbstractUserInterfaceControl.load(AbstractUserInterfaceControl.java:221)
	at de.uka.ilkd.key.control.KeYEnvironment.load(KeYEnvironment.java:251)
	at de.uka.ilkd.key.control.KeYEnvironment.load(KeYEnvironment.java:224)
	at de.uka.ilkd.key.control.KeYEnvironment.load(KeYEnvironment.java:184)
	at de.uka.ilkd.key.control.KeYEnvironment.load(KeYEnvironment.java:261)
	at de.uka.ilkd.key.proof.runallproofs.proofcollection.TestFile.load(TestFile.java:270)
	at de.uka.ilkd.key.proof.runallproofs.proofcollection.TestFile.runKey(TestFile.java:160)
	at de.uka.ilkd.key.proof.runallproofs.proofcollection.ForkedTestFileRunner.main(ForkedTestFileRunner.java:171)
Caused by: java.lang.NoClassDefFoundError: Could not initialize class de.uka.ilkd.key.nparser.KeYParser
	at de.uka.ilkd.key.nparser.ParsingFacade.createParser(ParsingFacade.java:87)
	at de.uka.ilkd.key.nparser.ParsingFacade.parseFile(ParsingFacade.java:123)
	at de.uka.ilkd.key.proof.io.KeYFile.getParseContext(KeYFile.java:160)
	at de.uka.ilkd.key.proof.io.KeYFile.getProblemInformation(KeYFile.java:236)
	at de.uka.ilkd.key.proof.init.KeYUserProblemFile.readProfileFromFile(KeYUserProblemFile.java:236)
	at de.uka.ilkd.key.proof.init.KeYUserProblemFile.getProfile(KeYUserProblemFile.java:216)
	at de.uka.ilkd.key.proof.io.AbstractProblemLoader.createProblemInitializer(AbstractProblemLoader.java:508)
	at de.uka.ilkd.key.proof.io.AbstractProblemLoader.loadEnvironment(AbstractProblemLoader.java:288)
	at de.uka.ilkd.key.proof.io.AbstractProblemLoader.load(AbstractProblemLoader.java:253)
	at de.uka.ilkd.key.control.AbstractUserInterfaceControl.load(AbstractUserInterfaceControl.java:209)
	... 7 more
Exception in thread "main" org.opentest4j.AssertionFailedError: Exception during the execution of proofs. See log for more details.
	at org.junit.jupiter.api.AssertionUtils.fail(AssertionUtils.java:38)
	at org.junit.jupiter.api.Assertions.fail(Assertions.java:135)
	at de.uka.ilkd.key.proof.runallproofs.proofcollection.ForkedTestFileRunner.main(ForkedTestFileRunner.java:192)
Timeout watcher launched (2000 secs.)
ANTLR Tool version 4.9.3 used for code generation does not match the current runtime version 4.12.0
 (file: /home/runner/work/key/key/key.core/../key.ui/examples/index/.././standard_key/java_dl/switch/labeled_case.key; caused by: java.lang.ExceptionInInitializerError)
	at de.uka.ilkd.key.control.AbstractUserInterfaceControl.load(AbstractUserInterfaceControl.java:221)
	at de.uka.ilkd.key.control.KeYEnvironment.load(KeYEnvironment.java:251)
	at de.uka.ilkd.key.control.KeYEnvironment.load(KeYEnvironment.java:224)
	at de.uka.ilkd.key.control.KeYEnvironment.load(KeYEnvironment.java:184)
	at de.uka.ilkd.key.control.KeYEnvironment.load(KeYEnvironment.java:261)
	at de.uka.ilkd.key.proof.runallproofs.proofcollection.TestFile.load(TestFile.java:270)
	at de.uka.ilkd.key.proof.runallproofs.proofcollection.TestFile.runKey(TestFile.java:160)
	at de.uka.ilkd.key.proof.runallproofs.proofcollection.ForkedTestFileRunner.main(ForkedTestFileRunner.java:171)
Caused by: java.lang.ExceptionInInitializerError
	at de.uka.ilkd.key.nparser.ParsingFacade.createParser(ParsingFacade.java:87)
	at de.uka.ilkd.key.nparser.ParsingFacade.parseFile(ParsingFacade.java:123)
	at de.uka.ilkd.key.proof.io.KeYFile.getParseContext(KeYFile.java:160)
	at de.uka.ilkd.key.proof.io.KeYFile.getProblemInformation(KeYFile.java:236)
	at de.uka.ilkd.key.proof.init.KeYUserProblemFile.readProfileFromFile(KeYUserProblemFile.java:236)
	at de.uka.ilkd.key.proof.init.KeYUserProblemFile.getProfile(KeYUserProblemFile.java:216)
	at de.uka.ilkd.key.proof.io.AbstractProblemLoader.createProblemInitializer(AbstractProblemLoader.java:508)
	at de.uka.ilkd.key.proof.io.AbstractProblemLoader.loadEnvironment(AbstractProblemLoader.java:288)
	at de.uka.ilkd.key.proof.io.AbstractProblemLoader.load(AbstractProblemLoader.java:253)
	at de.uka.ilkd.key.control.AbstractUserInterfaceControl.load(AbstractUserInterfaceControl.java:209)
	... 7 more
Caused by: java.lang.UnsupportedOperationException: java.io.InvalidClassException: org.antlr.v4.runtime.atn.ATN; Could not deserialize ATN with version 3 (expected 4).
	at org.antlr.v4.runtime.atn.ATNDeserializer.deserialize(ATNDeserializer.java:56)
	at org.antlr.v4.runtime.atn.ATNDeserializer.deserialize(ATNDeserializer.java:48)
	at de.uka.ilkd.key.nparser.KeYParser.<clinit>(KeYParser.java:11834)
	... 17 more
Caused by: java.io.InvalidClassException: org.antlr.v4.runtime.atn.ATN; Could not deserialize ATN with version 3 (expected 4).
	... 20 more
Could not initialize class de.uka.ilkd.key.nparser.KeYParser (file: /home/runner/work/key/key/key.core/../key.ui/examples/index/.././standard_key/java_dl/switch/empty_switch.key; caused by: java.lang.NoClassDefFoundError: Could not initialize class de.uka.ilkd.key.nparser.KeYParser)
	at de.uka.ilkd.key.control.AbstractUserInterfaceControl.load(AbstractUserInterfaceControl.java:221)
	at de.uka.ilkd.key.control.KeYEnvironment.load(KeYEnvironment.java:251)
	at de.uka.ilkd.key.control.KeYEnvironment.load(KeYEnvironment.java:224)
	at de.uka.ilkd.key.control.KeYEnvironment.load(KeYEnvironment.java:184)
	at de.uka.ilkd.key.control.KeYEnvironment.load(KeYEnvironment.java:261)
	at de.uka.ilkd.key.proof.runallproofs.proofcollection.TestFile.load(TestFile.java:270)
	at de.uka.ilkd.key.proof.runallproofs.proofcollection.TestFile.runKey(TestFile.java:160)
	at de.uka.ilkd.key.proof.runallproofs.proofcollection.ForkedTestFileRunner.main(ForkedTestFileRunner.java:171)
Caused by: java.lang.NoClassDefFoundError: Could not initialize class de.uka.ilkd.key.nparser.KeYParser
	at de.uka.ilkd.key.nparser.ParsingFacade.createParser(ParsingFacade.java:87)
	at de.uka.ilkd.key.nparser.ParsingFacade.parseFile(ParsingFacade.java:123)
	at de.uka.ilkd.key.proof.io.KeYFile.getParseContext(KeYFile.java:160)
	at de.uka.ilkd.key.proof.io.KeYFile.getProblemInformation(KeYFile.java:236)
	at de.uka.ilkd.key.proof.init.KeYUserProblemFile.readProfileFromFile(KeYUserProblemFile.java:236)
	at de.uka.ilkd.key.proof.init.KeYUserProblemFile.getProfile(KeYUserProblemFile.java:216)
	at de.uka.ilkd.key.proof.io.AbstractProblemLoader.createProblemInitializer(AbstractProblemLoader.java:508)
	at de.uka.ilkd.key.proof.io.AbstractProblemLoader.loadEnvironment(AbstractProblemLoader.java:288)
	at de.uka.ilkd.key.proof.io.AbstractProblemLoader.load(AbstractProblemLoader.java:253)
	at de.uka.ilkd.key.control.AbstractUserInterfaceControl.load(AbstractUserInterfaceControl.java:209)
	... 7 more
Could not initialize class de.uka.ilkd.key.nparser.KeYParser (file: /home/runner/work/key/key/key.core/../key.ui/examples/index/.././standard_key/java_dl/switch/empty_switch_null.key; caused by: java.lang.NoClassDefFoundError: Could not initialize class de.uka.ilkd.key.nparser.KeYParser)
	at de.uka.ilkd.key.control.AbstractUserInterfaceControl.load(AbstractUserInterfaceControl.java:221)
	at de.uka.ilkd.key.control.KeYEnvironment.load(KeYEnvironment.java:251)
	at de.uka.ilkd.key.control.KeYEnvironment.load(KeYEnvironment.java:224)
	at de.uka.ilkd.key.control.KeYEnvironment.load(KeYEnvironment.java:184)
	at de.uka.ilkd.key.control.KeYEnvironment.load(KeYEnvironment.java:261)
	at de.uka.ilkd.key.proof.runallproofs.proofcollection.TestFile.load(TestFile.java:270)
	at de.uka.ilkd.key.proof.runallproofs.proofcollection.TestFile.runKey(TestFile.java:160)
	at de.uka.ilkd.key.proof.runallproofs.proofcollection.ForkedTestFileRunner.main(ForkedTestFileRunner.java:171)
Caused by: java.lang.NoClassDefFoundError: Could not initialize class de.uka.ilkd.key.nparser.KeYParser
	at de.uka.ilkd.key.nparser.ParsingFacade.createParser(ParsingFacade.java:87)
	at de.uka.ilkd.key.nparser.ParsingFacade.parseFile(ParsingFacade.java:123)
	at de.uka.ilkd.key.proof.io.KeYFile.getParseContext(KeYFile.java:160)
	at de.uka.ilkd.key.proof.io.KeYFile.getProblemInformation(KeYFile.java:236)
	at de.uka.ilkd.key.proof.init.KeYUserProblemFile.readProfileFromFile(KeYUserProblemFile.java:236)
	at de.uka.ilkd.key.proof.init.KeYUserProblemFile.getProfile(KeYUserProblemFile.java:216)
	at de.uka.ilkd.key.proof.io.AbstractProblemLoader.createProblemInitializer(AbstractProblemLoader.java:508)
	at de.uka.ilkd.key.proof.io.AbstractProblemLoader.loadEnvironment(AbstractProblemLoader.java:288)
	at de.uka.ilkd.key.proof.io.AbstractProblemLoader.load(AbstractProblemLoader.java:253)
	at de.uka.ilkd.key.control.AbstractUserInterfaceControl.load(AbstractUserInterfaceControl.java:209)
	... 7 more
Could not initialize class de.uka.ilkd.key.nparser.KeYParser (file: /home/runner/work/key/key/key.core/../key.ui/examples/index/.././standard_key/java_dl/switch/empty_switch_null_catch.key; caused by: java.lang.NoClassDefFoundError: Could not initialize class de.uka.ilkd.key.nparser.KeYParser)
	at de.uka.ilkd.key.control.AbstractUserInterfaceControl.load(AbstractUserInterfaceControl.java:221)
	at de.uka.ilkd.key.control.KeYEnvironment.load(KeYEnvironment.java:251)
	at de.uka.ilkd.key.control.KeYEnvironment.load(KeYEnvironment.java:224)
	at de.uka.ilkd.key.control.KeYEnvironment.load(KeYEnvironment.java:184)
	at de.uka.ilkd.key.control.KeYEnvironment.load(KeYEnvironment.java:261)
	at de.uka.ilkd.key.proof.runallproofs.proofcollection.TestFile.load(TestFile.java:270)
	at de.uka.ilkd.key.proof.runallproofs.proofcollection.TestFile.runKey(TestFile.java:160)
	at de.uka.ilkd.key.proof.runallproofs.proofcollection.ForkedTestFileRunner.main(ForkedTestFileRunner.java:171)
Caused by: java.lang.NoClassDefFoundError: Could not initialize class de.uka.ilkd.key.nparser.KeYParser
	at de.uka.ilkd.key.nparser.ParsingFacade.createParser(ParsingFacade.java:87)
	at de.uka.ilkd.key.nparser.ParsingFacade.parseFile(ParsingFacade.java:123)
	at de.uka.ilkd.key.proof.io.KeYFile.getParseContext(KeYFile.java:160)
	at de.uka.ilkd.key.proof.io.KeYFile.getProblemInformation(KeYFile.java:236)
	at de.uka.ilkd.key.proof.init.KeYUserProblemFile.readProfileFromFile(KeYUserProblemFile.java:236)
	at de.uka.ilkd.key.proof.init.KeYUserProblemFile.getProfile(KeYUserProblemFile.java:216)
	at de.uka.ilkd.key.proof.io.AbstractProblemLoader.createProblemInitializer(AbstractProblemLoader.java:508)
	at de.uka.ilkd.key.proof.io.AbstractProblemLoader.loadEnvironment(AbstractProblemLoader.java:288)
	at de.uka.ilkd.key.proof.io.AbstractProblemLoader.load(AbstractProblemLoader.java:253)
	at de.uka.ilkd.key.control.AbstractUserInterfaceControl.load(AbstractUserInterfaceControl.java:209)
	... 7 more
Could not initialize class de.uka.ilkd.key.nparser.KeYParser (file: /home/runner/work/key/key/key.core/../key.ui/examples/index/.././standard_key/java_dl/switch/empty_switch_array_out_of_bounds.key; caused by: java.lang.NoClassDefFoundError: Could not initialize class de.uka.ilkd.key.nparser.KeYParser)
	at de.uka.ilkd.key.control.AbstractUserInterfaceControl.load(AbstractUserInterfaceControl.java:221)
	at de.uka.ilkd.key.control.KeYEnvironment.load(KeYEnvironment.java:251)
	at de.uka.ilkd.key.control.KeYEnvironment.load(KeYEnvironment.java:224)
	at de.uka.ilkd.key.control.KeYEnvironment.load(KeYEnvironment.java:184)
	at de.uka.ilkd.key.control.KeYEnvironment.load(KeYEnvironment.java:261)
	at de.uka.ilkd.key.proof.runallproofs.proofcollection.TestFile.load(TestFile.java:270)
	at de.uka.ilkd.key.proof.runallproofs.proofcollection.TestFile.runKey(TestFile.java:160)
	at de.uka.ilkd.key.proof.runallproofs.proofcollection.ForkedTestFileRunner.main(ForkedTestFileRunner.java:171)
Caused by: java.lang.NoClassDefFoundError: Could not initialize class de.uka.ilkd.key.nparser.KeYParser
	at de.uka.ilkd.key.nparser.ParsingFacade.createParser(ParsingFacade.java:87)
	at de.uka.ilkd.key.nparser.ParsingFacade.parseFile(ParsingFacade.java:123)
	at de.uka.ilkd.key.proof.io.KeYFile.getParseContext(KeYFile.java:160)
	at de.uka.ilkd.key.proof.io.KeYFile.getProblemInformation(KeYFile.java:236)
	at de.uka.ilkd.key.proof.init.KeYUserProblemFile.readProfileFromFile(KeYUserProblemFile.java:236)
	at de.uka.ilkd.key.proof.init.KeYUserProblemFile.getProfile(KeYUserProblemFile.java:216)
	at de.uka.ilkd.key.proof.io.AbstractProblemLoader.createProblemInitializer(AbstractProblemLoader.java:508)
	at de.uka.ilkd.key.proof.io.AbstractProblemLoader.loadEnvironment(AbstractProblemLoader.java:288)
	at de.uka.ilkd.key.proof.io.AbstractProblemLoader.load(AbstractProblemLoader.java:253)
	at de.uka.ilkd.key.control.AbstractUserInterfaceControl.load(AbstractUserInterfaceControl.java:209)
	... 7 more
Could not initialize class de.uka.ilkd.key.nparser.KeYParser (file: /home/runner/work/key/key/key.core/../key.ui/examples/index/.././standard_key/java_dl/switch/empty_switch_array_out_of_bounds_catch.key; caused by: java.lang.NoClassDefFoundError: Could not initialize class de.uka.ilkd.key.nparser.KeYParser)
	at de.uka.ilkd.key.control.AbstractUserInterfaceControl.load(AbstractUserInterfaceControl.java:221)
	at de.uka.ilkd.key.control.KeYEnvironment.load(KeYEnvironment.java:251)
	at de.uka.ilkd.key.control.KeYEnvironment.load(KeYEnvironment.java:224)
	at de.uka.ilkd.key.control.KeYEnvironment.load(KeYEnvironment.java:184)
	at de.uka.ilkd.key.control.KeYEnvironment.load(KeYEnvironment.java:261)
	at de.uka.ilkd.key.proof.runallproofs.proofcollection.TestFile.load(TestFile.java:270)
	at de.uka.ilkd.key.proof.runallproofs.proofcollection.TestFile.runKey(TestFile.java:160)
	at de.uka.ilkd.key.proof.runallproofs.proofcollection.ForkedTestFileRunner.main(ForkedTestFileRunner.java:171)
Caused by: java.lang.NoClassDefFoundError: Could not initialize class de.uka.ilkd.key.nparser.KeYParser
	at de.uka.ilkd.key.nparser.ParsingFacade.createParser(ParsingFacade.java:87)
	at de.uka.ilkd.key.nparser.ParsingFacade.parseFile(ParsingFacade.java:123)
	at de.uka.ilkd.key.proof.io.KeYFile.getParseContext(KeYFile.java:160)
	at de.uka.ilkd.key.proof.io.KeYFile.getProblemInformation(KeYFile.java:236)
	at de.uka.ilkd.key.proof.init.KeYUserProblemFile.readProfileFromFile(KeYUserProblemFile.java:236)
	at de.uka.ilkd.key.proof.init.KeYUserProblemFile.getProfile(KeYUserProblemFile.java:216)
	at de.uka.ilkd.key.proof.io.AbstractProblemLoader.createProblemInitializer(AbstractProblemLoader.java:508)
	at de.uka.ilkd.key.proof.io.AbstractProblemLoader.loadEnvironment(AbstractProblemLoader.java:288)
	at de.uka.ilkd.key.proof.io.AbstractProblemLoader.load(AbstractProblemLoader.java:253)
	at de.uka.ilkd.key.control.AbstractUserInterfaceControl.load(AbstractUserInterfaceControl.java:209)
	... 7 more
Could not initialize class de.uka.ilkd.key.nparser.KeYParser (file: /home/runner/work/key/key/key.core/../key.ui/examples/index/.././standard_key/java_dl/switch/switch_in_switch.key; caused by: java.lang.NoClassDefFoundError: Could not initialize class de.uka.ilkd.key.nparser.KeYParser)
	at de.uka.ilkd.key.control.AbstractUserInterfaceControl.load(AbstractUserInterfaceControl.java:221)
	at de.uka.ilkd.key.control.KeYEnvironment.load(KeYEnvironment.java:251)
	at de.uka.ilkd.key.control.KeYEnvironment.load(KeYEnvironment.java:224)
	at de.uka.ilkd.key.control.KeYEnvironment.load(KeYEnvironment.java:184)
	at de.uka.ilkd.key.control.KeYEnvironment.load(KeYEnvironment.java:261)
	at de.uka.ilkd.key.proof.runallproofs.proofcollection.TestFile.load(TestFile.java:270)
	at de.uka.ilkd.key.proof.runallproofs.proofcollection.TestFile.runKey(TestFile.java:160)
	at de.uka.ilkd.key.proof.runallproofs.proofcollection.ForkedTestFileRunner.main(ForkedTestFileRunner.java:171)
Caused by: java.lang.NoClassDefFoundError: Could not initialize class de.uka.ilkd.key.nparser.KeYParser
	at de.uka.ilkd.key.nparser.ParsingFacade.createParser(ParsingFacade.java:87)
	at de.uka.ilkd.key.nparser.ParsingFacade.parseFile(ParsingFacade.java:123)
	at de.uka.ilkd.key.proof.io.KeYFile.getParseContext(KeYFile.java:160)
	at de.uka.ilkd.key.proof.io.KeYFile.getProblemInformation(KeYFile.java:236)
	at de.uka.ilkd.key.proof.init.KeYUserProblemFile.readProfileFromFile(KeYUserProblemFile.java:236)
	at de.uka.ilkd.key.proof.init.KeYUserProblemFile.getProfile(KeYUserProblemFile.java:216)
	at de.uka.ilkd.key.proof.io.AbstractProblemLoader.createProblemInitializer(AbstractProblemLoader.java:508)
	at de.uka.ilkd.key.proof.io.AbstractProblemLoader.loadEnvironment(AbstractProblemLoader.java:288)
	at de.uka.ilkd.key.proof.io.AbstractProblemLoader.load(AbstractProblemLoader.java:253)
	at de.uka.ilkd.key.control.AbstractUserInterfaceControl.load(AbstractUserInterfaceControl.java:209)
	... 7 more
Could not initialize class de.uka.ilkd.key.nparser.KeYParser (file: /home/runner/work/key/key/key.core/../key.ui/examples/index/.././standard_key/java_dl/switch/while_and_switch.key; caused by: java.lang.NoClassDefFoundError: Could not initialize class de.uka.ilkd.key.nparser.KeYParser)
	at de.uka.ilkd.key.control.AbstractUserInterfaceControl.load(AbstractUserInterfaceControl.java:221)
	at de.uka.ilkd.key.control.KeYEnvironment.load(KeYEnvironment.java:251)
	at de.uka.ilkd.key.control.KeYEnvironment.load(KeYEnvironment.java:224)
	at de.uka.ilkd.key.control.KeYEnvironment.load(KeYEnvironment.java:184)
	at de.uka.ilkd.key.control.KeYEnvironment.load(KeYEnvironment.java:261)
	at de.uka.ilkd.key.proof.runallproofs.proofcollection.TestFile.load(TestFile.java:270)
	at de.uka.ilkd.key.proof.runallproofs.proofcollection.TestFile.runKey(TestFile.java:160)
	at de.uka.ilkd.key.proof.runallproofs.proofcollection.ForkedTestFileRunner.main(ForkedTestFileRunner.java:171)
Caused by: java.lang.NoClassDefFoundError: Could not initialize class de.uka.ilkd.key.nparser.KeYParser
	at de.uka.ilkd.key.nparser.ParsingFacade.createParser(ParsingFacade.java:87)
	at de.uka.ilkd.key.nparser.ParsingFacade.parseFile(ParsingFacade.java:123)
	at de.uka.ilkd.key.proof.io.KeYFile.getParseContext(KeYFile.java:160)
	at de.uka.ilkd.key.proof.io.KeYFile.getProblemInformation(KeYFile.java:236)
	at de.uka.ilkd.key.proof.init.KeYUserProblemFile.readProfileFromFile(KeYUserProblemFile.java:236)
	at de.uka.ilkd.key.proof.init.KeYUserProblemFile.getProfile(KeYUserProblemFile.java:216)
	at de.uka.ilkd.key.proof.io.AbstractProblemLoader.createProblemInitializer(AbstractProblemLoader.java:508)
	at de.uka.ilkd.key.proof.io.AbstractProblemLoader.loadEnvironment(AbstractProblemLoader.java:288)
	at de.uka.ilkd.key.proof.io.AbstractProblemLoader.load(AbstractProblemLoader.java:253)
	at de.uka.ilkd.key.control.AbstractUserInterfaceControl.load(AbstractUserInterfaceControl.java:209)
	... 7 more
Could not initialize class de.uka.ilkd.key.nparser.KeYParser (file: /home/runner/work/key/key/key.core/../key.ui/examples/index/.././standard_key/java_dl/switch/large_switch.key; caused by: java.lang.NoClassDefFoundError: Could not initialize class de.uka.ilkd.key.nparser.KeYParser)
	at de.uka.ilkd.key.control.AbstractUserInterfaceControl.load(AbstractUserInterfaceControl.java:221)
	at de.uka.ilkd.key.control.KeYEnvironment.load(KeYEnvironment.java:251)
	at de.uka.ilkd.key.control.KeYEnvironment.load(KeYEnvironment.java:224)
	at de.uka.ilkd.key.control.KeYEnvironment.load(KeYEnvironment.java:184)
	at de.uka.ilkd.key.control.KeYEnvironment.load(KeYEnvironment.java:261)
	at de.uka.ilkd.key.proof.runallproofs.proofcollection.TestFile.load(TestFile.java:270)
	at de.uka.ilkd.key.proof.runallproofs.proofcollection.TestFile.runKey(TestFile.java:160)
	at de.uka.ilkd.key.proof.runallproofs.proofcollection.ForkedTestFileRunner.main(ForkedTestFileRunner.java:171)
Caused by: java.lang.NoClassDefFoundError: Could not initialize class de.uka.ilkd.key.nparser.KeYParser
	at de.uka.ilkd.key.nparser.ParsingFacade.createParser(ParsingFacade.java:87)
	at de.uka.ilkd.key.nparser.ParsingFacade.parseFile(ParsingFacade.java:123)
	at de.uka.ilkd.key.proof.io.KeYFile.getParseContext(KeYFile.java:160)
	at de.uka.ilkd.key.proof.io.KeYFile.getProblemInformation(KeYFile.java:236)
	at de.uka.ilkd.key.proof.init.KeYUserProblemFile.readProfileFromFile(KeYUserProblemFile.java:236)
	at de.uka.ilkd.key.proof.init.KeYUserProblemFile.getProfile(KeYUserProblemFile.java:216)
	at de.uka.ilkd.key.proof.io.AbstractProblemLoader.createProblemInitializer(AbstractProblemLoader.java:508)
	at de.uka.ilkd.key.proof.io.AbstractProblemLoader.loadEnvironment(AbstractProblemLoader.java:288)
	at de.uka.ilkd.key.proof.io.AbstractProblemLoader.load(AbstractProblemLoader.java:253)
	at de.uka.ilkd.key.control.AbstractUserInterfaceControl.load(AbstractUserInterfaceControl.java:209)
	... 7 more
Exception in thread "main" org.opentest4j.AssertionFailedError: Exception during the execution of proofs. See log for more details.
	at org.junit.jupiter.api.AssertionUtils.fail(AssertionUtils.java:38)
	at org.junit.jupiter.api.Assertions.fail(Assertions.java:135)
	at de.uka.ilkd.key.proof.runallproofs.proofcollection.ForkedTestFileRunner.main(ForkedTestFileRunner.java:192)
Timeout watcher launched (2000 secs.)
ANTLR Tool version 4.9.3 used for code generation does not match the current runtime version 4.12.0
 (file: /home/runner/work/key/key/key.core/../key.ui/examples/index/.././redux/arrays/Arrays.copyOf.key; caused by: java.lang.ExceptionInInitializerError)
	at de.uka.ilkd.key.control.AbstractUserInterfaceControl.load(AbstractUserInterfaceControl.java:221)
	at de.uka.ilkd.key.control.KeYEnvironment.load(KeYEnvironment.java:251)
	at de.uka.ilkd.key.control.KeYEnvironment.load(KeYEnvironment.java:224)
	at de.uka.ilkd.key.control.KeYEnvironment.load(KeYEnvironment.java:184)
	at de.uka.ilkd.key.control.KeYEnvironment.load(KeYEnvironment.java:261)
	at de.uka.ilkd.key.proof.runallproofs.proofcollection.TestFile.load(TestFile.java:270)
	at de.uka.ilkd.key.proof.runallproofs.proofcollection.TestFile.runKey(TestFile.java:160)
	at de.uka.ilkd.key.proof.runallproofs.proofcollection.ForkedTestFileRunner.main(ForkedTestFileRunner.java:171)
Caused by: java.lang.ExceptionInInitializerError
	at de.uka.ilkd.key.nparser.ParsingFacade.createParser(ParsingFacade.java:87)
	at de.uka.ilkd.key.nparser.ParsingFacade.parseFile(ParsingFacade.java:123)
	at de.uka.ilkd.key.proof.io.KeYFile.getParseContext(KeYFile.java:160)
	at de.uka.ilkd.key.proof.io.KeYFile.getProblemInformation(KeYFile.java:236)
	at de.uka.ilkd.key.proof.init.KeYUserProblemFile.readProfileFromFile(KeYUserProblemFile.java:236)
	at de.uka.ilkd.key.proof.init.KeYUserProblemFile.getProfile(KeYUserProblemFile.java:216)
	at de.uka.ilkd.key.proof.io.AbstractProblemLoader.createProblemInitializer(AbstractProblemLoader.java:508)
	at de.uka.ilkd.key.proof.io.AbstractProblemLoader.loadEnvironment(AbstractProblemLoader.java:288)
	at de.uka.ilkd.key.proof.io.AbstractProblemLoader.load(AbstractProblemLoader.java:253)
	at de.uka.ilkd.key.control.AbstractUserInterfaceControl.load(AbstractUserInterfaceControl.java:209)
	... 7 more
Caused by: java.lang.UnsupportedOperationException: java.io.InvalidClassException: org.antlr.v4.runtime.atn.ATN; Could not deserialize ATN with version 3 (expected 4).
	at org.antlr.v4.runtime.atn.ATNDeserializer.deserialize(ATNDeserializer.java:56)
	at org.antlr.v4.runtime.atn.ATNDeserializer.deserialize(ATNDeserializer.java:48)
	at de.uka.ilkd.key.nparser.KeYParser.<clinit>(KeYParser.java:11834)
	... 17 more
Caused by: java.io.InvalidClassException: org.antlr.v4.runtime.atn.ATN; Could not deserialize ATN with version 3 (expected 4).
	... 20 more
Could not initialize class de.uka.ilkd.key.nparser.KeYParser (file: /home/runner/work/key/key/key.core/../key.ui/examples/index/.././redux/arrays/Arrays.copyOf.float.key; caused by: java.lang.NoClassDefFoundError: Could not initialize class de.uka.ilkd.key.nparser.KeYParser)
	at de.uka.ilkd.key.control.AbstractUserInterfaceControl.load(AbstractUserInterfaceControl.java:221)
	at de.uka.ilkd.key.control.KeYEnvironment.load(KeYEnvironment.java:251)
	at de.uka.ilkd.key.control.KeYEnvironment.load(KeYEnvironment.java:224)
	at de.uka.ilkd.key.control.KeYEnvironment.load(KeYEnvironment.java:184)
	at de.uka.ilkd.key.control.KeYEnvironment.load(KeYEnvironment.java:261)
	at de.uka.ilkd.key.proof.runallproofs.proofcollection.TestFile.load(TestFile.java:270)
	at de.uka.ilkd.key.proof.runallproofs.proofcollection.TestFile.runKey(TestFile.java:160)
	at de.uka.ilkd.key.proof.runallproofs.proofcollection.ForkedTestFileRunner.main(ForkedTestFileRunner.java:171)
Caused by: java.lang.NoClassDefFoundError: Could not initialize class de.uka.ilkd.key.nparser.KeYParser
	at de.uka.ilkd.key.nparser.ParsingFacade.createParser(ParsingFacade.java:87)
	at de.uka.ilkd.key.nparser.ParsingFacade.parseFile(ParsingFacade.java:123)
	at de.uka.ilkd.key.proof.io.KeYFile.getParseContext(KeYFile.java:160)
	at de.uka.ilkd.key.proof.io.KeYFile.getProblemInformation(KeYFile.java:236)
	at de.uka.ilkd.key.proof.init.KeYUserProblemFile.readProfileFromFile(KeYUserProblemFile.java:236)
	at de.uka.ilkd.key.proof.init.KeYUserProblemFile.getProfile(KeYUserProblemFile.java:216)
	at de.uka.ilkd.key.proof.io.AbstractProblemLoader.createProblemInitializer(AbstractProblemLoader.java:508)
	at de.uka.ilkd.key.proof.io.AbstractProblemLoader.loadEnvironment(AbstractProblemLoader.java:288)
	at de.uka.ilkd.key.proof.io.AbstractProblemLoader.load(AbstractProblemLoader.java:253)
	at de.uka.ilkd.key.control.AbstractUserInterfaceControl.load(AbstractUserInterfaceControl.java:209)
	... 7 more
Could not initialize class de.uka.ilkd.key.nparser.KeYParser (file: /home/runner/work/key/key/key.core/../key.ui/examples/index/.././redux/arrays/Arrays.copyOfRange.key; caused by: java.lang.NoClassDefFoundError: Could not initialize class de.uka.ilkd.key.nparser.KeYParser)
	at de.uka.ilkd.key.control.AbstractUserInterfaceControl.load(AbstractUserInterfaceControl.java:221)
	at de.uka.ilkd.key.control.KeYEnvironment.load(KeYEnvironment.java:251)
	at de.uka.ilkd.key.control.KeYEnvironment.load(KeYEnvironment.java:224)
	at de.uka.ilkd.key.control.KeYEnvironment.load(KeYEnvironment.java:184)
	at de.uka.ilkd.key.control.KeYEnvironment.load(KeYEnvironment.java:261)
	at de.uka.ilkd.key.proof.runallproofs.proofcollection.TestFile.load(TestFile.java:270)
	at de.uka.ilkd.key.proof.runallproofs.proofcollection.TestFile.runKey(TestFile.java:160)
	at de.uka.ilkd.key.proof.runallproofs.proofcollection.ForkedTestFileRunner.main(ForkedTestFileRunner.java:171)
Caused by: java.lang.NoClassDefFoundError: Could not initialize class de.uka.ilkd.key.nparser.KeYParser
	at de.uka.ilkd.key.nparser.ParsingFacade.createParser(ParsingFacade.java:87)
	at de.uka.ilkd.key.nparser.ParsingFacade.parseFile(ParsingFacade.java:123)
	at de.uka.ilkd.key.proof.io.KeYFile.getParseContext(KeYFile.java:160)
	at de.uka.ilkd.key.proof.io.KeYFile.getProblemInformation(KeYFile.java:236)
	at de.uka.ilkd.key.proof.init.KeYUserProblemFile.readProfileFromFile(KeYUserProblemFile.java:236)
	at de.uka.ilkd.key.proof.init.KeYUserProblemFile.getProfile(KeYUserProblemFile.java:216)
	at de.uka.ilkd.key.proof.io.AbstractProblemLoader.createProblemInitializer(AbstractProblemLoader.java:508)
	at de.uka.ilkd.key.proof.io.AbstractProblemLoader.loadEnvironment(AbstractProblemLoader.java:288)
	at de.uka.ilkd.key.proof.io.AbstractProblemLoader.load(AbstractProblemLoader.java:253)
	at de.uka.ilkd.key.control.AbstractUserInterfaceControl.load(AbstractUserInterfaceControl.java:209)
	... 7 more
Could not initialize class de.uka.ilkd.key.nparser.KeYParser (file: /home/runner/work/key/key/key.core/../key.ui/examples/index/.././redux/arrays/Arrays.copyOfRange.float.key; caused by: java.lang.NoClassDefFoundError: Could not initialize class de.uka.ilkd.key.nparser.KeYParser)
	at de.uka.ilkd.key.control.AbstractUserInterfaceControl.load(AbstractUserInterfaceControl.java:221)
	at de.uka.ilkd.key.control.KeYEnvironment.load(KeYEnvironment.java:251)
	at de.uka.ilkd.key.control.KeYEnvironment.load(KeYEnvironment.java:224)
	at de.uka.ilkd.key.control.KeYEnvironment.load(KeYEnvironment.java:184)
	at de.uka.ilkd.key.control.KeYEnvironment.load(KeYEnvironment.java:261)
	at de.uka.ilkd.key.proof.runallproofs.proofcollection.TestFile.load(TestFile.java:270)
	at de.uka.ilkd.key.proof.runallproofs.proofcollection.TestFile.runKey(TestFile.java:160)
	at de.uka.ilkd.key.proof.runallproofs.proofcollection.ForkedTestFileRunner.main(ForkedTestFileRunner.java:171)
Caused by: java.lang.NoClassDefFoundError: Could not initialize class de.uka.ilkd.key.nparser.KeYParser
	at de.uka.ilkd.key.nparser.ParsingFacade.createParser(ParsingFacade.java:87)
	at de.uka.ilkd.key.nparser.ParsingFacade.parseFile(ParsingFacade.java:123)
	at de.uka.ilkd.key.proof.io.KeYFile.getParseContext(KeYFile.java:160)
	at de.uka.ilkd.key.proof.io.KeYFile.getProblemInformation(KeYFile.java:236)
	at de.uka.ilkd.key.proof.init.KeYUserProblemFile.readProfileFromFile(KeYUserProblemFile.java:236)
	at de.uka.ilkd.key.proof.init.KeYUserProblemFile.getProfile(KeYUserProblemFile.java:216)
	at de.uka.ilkd.key.proof.io.AbstractProblemLoader.createProblemInitializer(AbstractProblemLoader.java:508)
	at de.uka.ilkd.key.proof.io.AbstractProblemLoader.loadEnvironment(AbstractProblemLoader.java:288)
	at de.uka.ilkd.key.proof.io.AbstractProblemLoader.load(AbstractProblemLoader.java:253)
	at de.uka.ilkd.key.control.AbstractUserInterfaceControl.load(AbstractUserInterfaceControl.java:209)
	... 7 more
Could not initialize class de.uka.ilkd.key.nparser.KeYParser (file: /home/runner/work/key/key/key.core/../key.ui/examples/index/.././redux/arrays/Arrays.equals.key; caused by: java.lang.NoClassDefFoundError: Could not initialize class de.uka.ilkd.key.nparser.KeYParser)
	at de.uka.ilkd.key.control.AbstractUserInterfaceControl.load(AbstractUserInterfaceControl.java:221)
	at de.uka.ilkd.key.control.KeYEnvironment.load(KeYEnvironment.java:251)
	at de.uka.ilkd.key.control.KeYEnvironment.load(KeYEnvironment.java:224)
	at de.uka.ilkd.key.control.KeYEnvironment.load(KeYEnvironment.java:184)
	at de.uka.ilkd.key.control.KeYEnvironment.load(KeYEnvironment.java:261)
	at de.uka.ilkd.key.proof.runallproofs.proofcollection.TestFile.load(TestFile.java:270)
	at de.uka.ilkd.key.proof.runallproofs.proofcollection.TestFile.runKey(TestFile.java:160)
	at de.uka.ilkd.key.proof.runallproofs.proofcollection.ForkedTestFileRunner.main(ForkedTestFileRunner.java:171)
Caused by: java.lang.NoClassDefFoundError: Could not initialize class de.uka.ilkd.key.nparser.KeYParser
	at de.uka.ilkd.key.nparser.ParsingFacade.createParser(ParsingFacade.java:87)
	at de.uka.ilkd.key.nparser.ParsingFacade.parseFile(ParsingFacade.java:123)
	at de.uka.ilkd.key.proof.io.KeYFile.getParseContext(KeYFile.java:160)
	at de.uka.ilkd.key.proof.io.KeYFile.getProblemInformation(KeYFile.java:236)
	at de.uka.ilkd.key.proof.init.KeYUserProblemFile.readProfileFromFile(KeYUserProblemFile.java:236)
	at de.uka.ilkd.key.proof.init.KeYUserProblemFile.getProfile(KeYUserProblemFile.java:216)
	at de.uka.ilkd.key.proof.io.AbstractProblemLoader.createProblemInitializer(AbstractProblemLoader.java:508)
	at de.uka.ilkd.key.proof.io.AbstractProblemLoader.loadEnvironment(AbstractProblemLoader.java:288)
	at de.uka.ilkd.key.proof.io.AbstractProblemLoader.load(AbstractProblemLoader.java:253)
	at de.uka.ilkd.key.control.AbstractUserInterfaceControl.load(AbstractUserInterfaceControl.java:209)
	... 7 more
Could not initialize class de.uka.ilkd.key.nparser.KeYParser (file: /home/runner/work/key/key/key.core/../key.ui/examples/index/.././redux/arrays/Arrays.fill.key; caused by: java.lang.NoClassDefFoundError: Could not initialize class de.uka.ilkd.key.nparser.KeYParser)
	at de.uka.ilkd.key.control.AbstractUserInterfaceControl.load(AbstractUserInterfaceControl.java:221)
	at de.uka.ilkd.key.control.KeYEnvironment.load(KeYEnvironment.java:251)
	at de.uka.ilkd.key.control.KeYEnvironment.load(KeYEnvironment.java:224)
	at de.uka.ilkd.key.control.KeYEnvironment.load(KeYEnvironment.java:184)
	at de.uka.ilkd.key.control.KeYEnvironment.load(KeYEnvironment.java:261)
	at de.uka.ilkd.key.proof.runallproofs.proofcollection.TestFile.load(TestFile.java:270)
	at de.uka.ilkd.key.proof.runallproofs.proofcollection.TestFile.runKey(TestFile.java:160)
	at de.uka.ilkd.key.proof.runallproofs.proofcollection.ForkedTestFileRunner.main(ForkedTestFileRunner.java:171)
Caused by: java.lang.NoClassDefFoundError: Could not initialize class de.uka.ilkd.key.nparser.KeYParser
	at de.uka.ilkd.key.nparser.ParsingFacade.createParser(ParsingFacade.java:87)
	at de.uka.ilkd.key.nparser.ParsingFacade.parseFile(ParsingFacade.java:123)
	at de.uka.ilkd.key.proof.io.KeYFile.getParseContext(KeYFile.java:160)
	at de.uka.ilkd.key.proof.io.KeYFile.getProblemInformation(KeYFile.java:236)
	at de.uka.ilkd.key.proof.init.KeYUserProblemFile.readProfileFromFile(KeYUserProblemFile.java:236)
	at de.uka.ilkd.key.proof.init.KeYUserProblemFile.getProfile(KeYUserProblemFile.java:216)
	at de.uka.ilkd.key.proof.io.AbstractProblemLoader.createProblemInitializer(AbstractProblemLoader.java:508)
	at de.uka.ilkd.key.proof.io.AbstractProblemLoader.loadEnvironment(AbstractProblemLoader.java:288)
	at de.uka.ilkd.key.proof.io.AbstractProblemLoader.load(AbstractProblemLoader.java:253)
	at de.uka.ilkd.key.control.AbstractUserInterfaceControl.load(AbstractUserInterfaceControl.java:209)
	... 7 more
Could not initialize class de.uka.ilkd.key.nparser.KeYParser (file: /home/runner/work/key/key/key.core/../key.ui/examples/index/.././redux/arrays/Arrays.fill.float.key; caused by: java.lang.NoClassDefFoundError: Could not initialize class de.uka.ilkd.key.nparser.KeYParser)
	at de.uka.ilkd.key.control.AbstractUserInterfaceControl.load(AbstractUserInterfaceControl.java:221)
	at de.uka.ilkd.key.control.KeYEnvironment.load(KeYEnvironment.java:251)
	at de.uka.ilkd.key.control.KeYEnvironment.load(KeYEnvironment.java:224)
	at de.uka.ilkd.key.control.KeYEnvironment.load(KeYEnvironment.java:184)
	at de.uka.ilkd.key.control.KeYEnvironment.load(KeYEnvironment.java:261)
	at de.uka.ilkd.key.proof.runallproofs.proofcollection.TestFile.load(TestFile.java:270)
	at de.uka.ilkd.key.proof.runallproofs.proofcollection.TestFile.runKey(TestFile.java:160)
	at de.uka.ilkd.key.proof.runallproofs.proofcollection.ForkedTestFileRunner.main(ForkedTestFileRunner.java:171)
Caused by: java.lang.NoClassDefFoundError: Could not initialize class de.uka.ilkd.key.nparser.KeYParser
	at de.uka.ilkd.key.nparser.ParsingFacade.createParser(ParsingFacade.java:87)
	at de.uka.ilkd.key.nparser.ParsingFacade.parseFile(ParsingFacade.java:123)
	at de.uka.ilkd.key.proof.io.KeYFile.getParseContext(KeYFile.java:160)
	at de.uka.ilkd.key.proof.io.KeYFile.getProblemInformation(KeYFile.java:236)
	at de.uka.ilkd.key.proof.init.KeYUserProblemFile.readProfileFromFile(KeYUserProblemFile.java:236)
	at de.uka.ilkd.key.proof.init.KeYUserProblemFile.getProfile(KeYUserProblemFile.java:216)
	at de.uka.ilkd.key.proof.io.AbstractProblemLoader.createProblemInitializer(AbstractProblemLoader.java:508)
	at de.uka.ilkd.key.proof.io.AbstractProblemLoader.loadEnvironment(AbstractProblemLoader.java:288)
	at de.uka.ilkd.key.proof.io.AbstractProblemLoader.load(AbstractProblemLoader.java:253)
	at de.uka.ilkd.key.control.AbstractUserInterfaceControl.load(AbstractUserInterfaceControl.java:209)
	... 7 more
Could not initialize class de.uka.ilkd.key.nparser.KeYParser (file: /home/runner/work/key/key/key.core/../key.ui/examples/index/.././redux/arrays/Arrays.fillFromTo.key; caused by: java.lang.NoClassDefFoundError: Could not initialize class de.uka.ilkd.key.nparser.KeYParser)
	at de.uka.ilkd.key.control.AbstractUserInterfaceControl.load(AbstractUserInterfaceControl.java:221)
	at de.uka.ilkd.key.control.KeYEnvironment.load(KeYEnvironment.java:251)
	at de.uka.ilkd.key.control.KeYEnvironment.load(KeYEnvironment.java:224)
	at de.uka.ilkd.key.control.KeYEnvironment.load(KeYEnvironment.java:184)
	at de.uka.ilkd.key.control.KeYEnvironment.load(KeYEnvironment.java:261)
	at de.uka.ilkd.key.proof.runallproofs.proofcollection.TestFile.load(TestFile.java:270)
	at de.uka.ilkd.key.proof.runallproofs.proofcollection.TestFile.runKey(TestFile.java:160)
	at de.uka.ilkd.key.proof.runallproofs.proofcollection.ForkedTestFileRunner.main(ForkedTestFileRunner.java:171)
Caused by: java.lang.NoClassDefFoundError: Could not initialize class de.uka.ilkd.key.nparser.KeYParser
	at de.uka.ilkd.key.nparser.ParsingFacade.createParser(ParsingFacade.java:87)
	at de.uka.ilkd.key.nparser.ParsingFacade.parseFile(ParsingFacade.java:123)
	at de.uka.ilkd.key.proof.io.KeYFile.getParseContext(KeYFile.java:160)
	at de.uka.ilkd.key.proof.io.KeYFile.getProblemInformation(KeYFile.java:236)
	at de.uka.ilkd.key.proof.init.KeYUserProblemFile.readProfileFromFile(KeYUserProblemFile.java:236)
	at de.uka.ilkd.key.proof.init.KeYUserProblemFile.getProfile(KeYUserProblemFile.java:216)
	at de.uka.ilkd.key.proof.io.AbstractProblemLoader.createProblemInitializer(AbstractProblemLoader.java:508)
	at de.uka.ilkd.key.proof.io.AbstractProblemLoader.loadEnvironment(AbstractProblemLoader.java:288)
	at de.uka.ilkd.key.proof.io.AbstractProblemLoader.load(AbstractProblemLoader.java:253)
	at de.uka.ilkd.key.control.AbstractUserInterfaceControl.load(AbstractUserInterfaceControl.java:209)
	... 7 more
Could not initialize class de.uka.ilkd.key.nparser.KeYParser (file: /home/runner/work/key/key/key.core/../key.ui/examples/index/.././redux/arrays/Arrays.fillFromTo.float.key; caused by: java.lang.NoClassDefFoundError: Could not initialize class de.uka.ilkd.key.nparser.KeYParser)
	at de.uka.ilkd.key.control.AbstractUserInterfaceControl.load(AbstractUserInterfaceControl.java:221)
	at de.uka.ilkd.key.control.KeYEnvironment.load(KeYEnvironment.java:251)
	at de.uka.ilkd.key.control.KeYEnvironment.load(KeYEnvironment.java:224)
	at de.uka.ilkd.key.control.KeYEnvironment.load(KeYEnvironment.java:184)
	at de.uka.ilkd.key.control.KeYEnvironment.load(KeYEnvironment.java:261)
	at de.uka.ilkd.key.proof.runallproofs.proofcollection.TestFile.load(TestFile.java:270)
	at de.uka.ilkd.key.proof.runallproofs.proofcollection.TestFile.runKey(TestFile.java:160)
	at de.uka.ilkd.key.proof.runallproofs.proofcollection.ForkedTestFileRunner.main(ForkedTestFileRunner.java:171)
Caused by: java.lang.NoClassDefFoundError: Could not initialize class de.uka.ilkd.key.nparser.KeYParser
	at de.uka.ilkd.key.nparser.ParsingFacade.createParser(ParsingFacade.java:87)
	at de.uka.ilkd.key.nparser.ParsingFacade.parseFile(ParsingFacade.java:123)
	at de.uka.ilkd.key.proof.io.KeYFile.getParseContext(KeYFile.java:160)
	at de.uka.ilkd.key.proof.io.KeYFile.getProblemInformation(KeYFile.java:236)
	at de.uka.ilkd.key.proof.init.KeYUserProblemFile.readProfileFromFile(KeYUserProblemFile.java:236)
	at de.uka.ilkd.key.proof.init.KeYUserProblemFile.getProfile(KeYUserProblemFile.java:216)
	at de.uka.ilkd.key.proof.io.AbstractProblemLoader.createProblemInitializer(AbstractProblemLoader.java:508)
	at de.uka.ilkd.key.proof.io.AbstractProblemLoader.loadEnvironment(AbstractProblemLoader.java:288)
	at de.uka.ilkd.key.proof.io.AbstractProblemLoader.load(AbstractProblemLoader.java:253)
	at de.uka.ilkd.key.control.AbstractUserInterfaceControl.load(AbstractUserInterfaceControl.java:209)
	... 7 more
Could not initialize class de.uka.ilkd.key.nparser.KeYParser (file: /home/runner/work/key/key/key.core/../key.ui/examples/index/.././redux/arrays/ArrayCopy.arraycopy.normal.0.key; caused by: java.lang.NoClassDefFoundError: Could not initialize class de.uka.ilkd.key.nparser.KeYParser)
	at de.uka.ilkd.key.control.AbstractUserInterfaceControl.load(AbstractUserInterfaceControl.java:221)
	at de.uka.ilkd.key.control.KeYEnvironment.load(KeYEnvironment.java:251)
	at de.uka.ilkd.key.control.KeYEnvironment.load(KeYEnvironment.java:224)
	at de.uka.ilkd.key.control.KeYEnvironment.load(KeYEnvironment.java:184)
	at de.uka.ilkd.key.control.KeYEnvironment.load(KeYEnvironment.java:261)
	at de.uka.ilkd.key.proof.runallproofs.proofcollection.TestFile.load(TestFile.java:270)
	at de.uka.ilkd.key.proof.runallproofs.proofcollection.TestFile.runKey(TestFile.java:160)
	at de.uka.ilkd.key.proof.runallproofs.proofcollection.ForkedTestFileRunner.main(ForkedTestFileRunner.java:171)
Caused by: java.lang.NoClassDefFoundError: Could not initialize class de.uka.ilkd.key.nparser.KeYParser
	at de.uka.ilkd.key.nparser.ParsingFacade.createParser(ParsingFacade.java:87)
	at de.uka.ilkd.key.nparser.ParsingFacade.parseFile(ParsingFacade.java:123)
	at de.uka.ilkd.key.proof.io.KeYFile.getParseContext(KeYFile.java:160)
	at de.uka.ilkd.key.proof.io.KeYFile.getProblemInformation(KeYFile.java:236)
	at de.uka.ilkd.key.proof.init.KeYUserProblemFile.readProfileFromFile(KeYUserProblemFile.java:236)
	at de.uka.ilkd.key.proof.init.KeYUserProblemFile.getProfile(KeYUserProblemFile.java:216)
	at de.uka.ilkd.key.proof.io.AbstractProblemLoader.createProblemInitializer(AbstractProblemLoader.java:508)
	at de.uka.ilkd.key.proof.io.AbstractProblemLoader.loadEnvironment(AbstractProblemLoader.java:288)
	at de.uka.ilkd.key.proof.io.AbstractProblemLoader.load(AbstractProblemLoader.java:253)
	at de.uka.ilkd.key.control.AbstractUserInterfaceControl.load(AbstractUserInterfaceControl.java:209)
	... 7 more
Could not initialize class de.uka.ilkd.key.nparser.KeYParser (file: /home/runner/work/key/key/key.core/../key.ui/examples/index/.././redux/arrays/ArrayCopy.arraycopy.exceptional.0.key; caused by: java.lang.NoClassDefFoundError: Could not initialize class de.uka.ilkd.key.nparser.KeYParser)
	at de.uka.ilkd.key.control.AbstractUserInterfaceControl.load(AbstractUserInterfaceControl.java:221)
	at de.uka.ilkd.key.control.KeYEnvironment.load(KeYEnvironment.java:251)
	at de.uka.ilkd.key.control.KeYEnvironment.load(KeYEnvironment.java:224)
	at de.uka.ilkd.key.control.KeYEnvironment.load(KeYEnvironment.java:184)
	at de.uka.ilkd.key.control.KeYEnvironment.load(KeYEnvironment.java:261)
	at de.uka.ilkd.key.proof.runallproofs.proofcollection.TestFile.load(TestFile.java:270)
	at de.uka.ilkd.key.proof.runallproofs.proofcollection.TestFile.runKey(TestFile.java:160)
	at de.uka.ilkd.key.proof.runallproofs.proofcollection.ForkedTestFileRunner.main(ForkedTestFileRunner.java:171)
Caused by: java.lang.NoClassDefFoundError: Could not initialize class de.uka.ilkd.key.nparser.KeYParser
	at de.uka.ilkd.key.nparser.ParsingFacade.createParser(ParsingFacade.java:87)
	at de.uka.ilkd.key.nparser.ParsingFacade.parseFile(ParsingFacade.java:123)
	at de.uka.ilkd.key.proof.io.KeYFile.getParseContext(KeYFile.java:160)
	at de.uka.ilkd.key.proof.io.KeYFile.getProblemInformation(KeYFile.java:236)
	at de.uka.ilkd.key.proof.init.KeYUserProblemFile.readProfileFromFile(KeYUserProblemFile.java:236)
	at de.uka.ilkd.key.proof.init.KeYUserProblemFile.getProfile(KeYUserProblemFile.java:216)
	at de.uka.ilkd.key.proof.io.AbstractProblemLoader.createProblemInitializer(AbstractProblemLoader.java:508)
	at de.uka.ilkd.key.proof.io.AbstractProblemLoader.loadEnvironment(AbstractProblemLoader.java:288)
	at de.uka.ilkd.key.proof.io.AbstractProblemLoader.load(AbstractProblemLoader.java:253)
	at de.uka.ilkd.key.control.AbstractUserInterfaceControl.load(AbstractUserInterfaceControl.java:209)
	... 7 more
Could not initialize class de.uka.ilkd.key.nparser.KeYParser (file: /home/runner/work/key/key/key.core/../key.ui/examples/index/.././redux/arrays/ArrayCopy.arraycopy.exceptional.1.key; caused by: java.lang.NoClassDefFoundError: Could not initialize class de.uka.ilkd.key.nparser.KeYParser)
	at de.uka.ilkd.key.control.AbstractUserInterfaceControl.load(AbstractUserInterfaceControl.java:221)
	at de.uka.ilkd.key.control.KeYEnvironment.load(KeYEnvironment.java:251)
	at de.uka.ilkd.key.control.KeYEnvironment.load(KeYEnvironment.java:224)
	at de.uka.ilkd.key.control.KeYEnvironment.load(KeYEnvironment.java:184)
	at de.uka.ilkd.key.control.KeYEnvironment.load(KeYEnvironment.java:261)
	at de.uka.ilkd.key.proof.runallproofs.proofcollection.TestFile.load(TestFile.java:270)
	at de.uka.ilkd.key.proof.runallproofs.proofcollection.TestFile.runKey(TestFile.java:160)
	at de.uka.ilkd.key.proof.runallproofs.proofcollection.ForkedTestFileRunner.main(ForkedTestFileRunner.java:171)
Caused by: java.lang.NoClassDefFoundError: Could not initialize class de.uka.ilkd.key.nparser.KeYParser
	at de.uka.ilkd.key.nparser.ParsingFacade.createParser(ParsingFacade.java:87)
	at de.uka.ilkd.key.nparser.ParsingFacade.parseFile(ParsingFacade.java:123)
	at de.uka.ilkd.key.proof.io.KeYFile.getParseContext(KeYFile.java:160)
	at de.uka.ilkd.key.proof.io.KeYFile.getProblemInformation(KeYFile.java:236)
	at de.uka.ilkd.key.proof.init.KeYUserProblemFile.readProfileFromFile(KeYUserProblemFile.java:236)
	at de.uka.ilkd.key.proof.init.KeYUserProblemFile.getProfile(KeYUserProblemFile.java:216)
	at de.uka.ilkd.key.proof.io.AbstractProblemLoader.createProblemInitializer(AbstractProblemLoader.java:508)
	at de.uka.ilkd.key.proof.io.AbstractProblemLoader.loadEnvironment(AbstractProblemLoader.java:288)
	at de.uka.ilkd.key.proof.io.AbstractProblemLoader.load(AbstractProblemLoader.java:253)
	at de.uka.ilkd.key.control.AbstractUserInterfaceControl.load(AbstractUserInterfaceControl.java:209)
	... 7 more
Exception in thread "main" org.opentest4j.AssertionFailedError: Exception during the execution of proofs. See log for more details.
	at org.junit.jupiter.api.AssertionUtils.fail(AssertionUtils.java:38)
	at org.junit.jupiter.api.Assertions.fail(Assertions.java:135)
	at de.uka.ilkd.key.proof.runallproofs.proofcollection.ForkedTestFileRunner.main(ForkedTestFileRunner.java:192)
]]></system-err>
</testsuite>
