<?xml version="1.0" encoding="UTF-8"?>
<testsuite name="de.uka.ilkd.key.proof.runallproofs.RunAllProofsFunctional" tests="34" skipped="0" failures="0" errors="0" timestamp="2023-04-25T07:44:29" hostname="fv-az1231-719" time="7176.383">
  <properties/>
  <testcase name="newBook" classname="de.uka.ilkd.key.proof.runallproofs.RunAllProofsFunctional" time="85.215"/>
  <testcase name="oldBook" classname="de.uka.ilkd.key.proof.runallproofs.RunAllProofsFunctional" time="23.234"/>
  <testcase name="comprehensions" classname="de.uka.ilkd.key.proof.runallproofs.RunAllProofsFunctional" time="88.526"/>
  <testcase name="performance" classname="de.uka.ilkd.key.proof.runallproofs.RunAllProofsFunctional" time="300.452"/>
  <testcase name="performancePOConstruction" classname="de.uka.ilkd.key.proof.runallproofs.RunAllProofsFunctional" time="98.191"/>
  <testcase name="applicationRestrictions" classname="de.uka.ilkd.key.proof.runallproofs.RunAllProofsFunctional" time="64.135"/>
  <testcase name="blockContracts" classname="de.uka.ilkd.key.proof.runallproofs.RunAllProofsFunctional" time="179.069"/>
  <testcase name="jmlAsserts" classname="de.uka.ilkd.key.proof.runallproofs.RunAllProofsFunctional" time="117.027"/>
  <testcase name="javaCard" classname="de.uka.ilkd.key.proof.runallproofs.RunAllProofsFunctional" time="174.512"/>
  <testcase name="list" classname="de.uka.ilkd.key.proof.runallproofs.RunAllProofsFunctional" time="363.146"/>
  <testcase name="list_ghost" classname="de.uka.ilkd.key.proof.runallproofs.RunAllProofsFunctional" time="89.35"/>
  <testcase name="list_recursive" classname="de.uka.ilkd.key.proof.runallproofs.RunAllProofsFunctional" time="30.207"/>
  <testcase name="list_seq" classname="de.uka.ilkd.key.proof.runallproofs.RunAllProofsFunctional" time="255.716"/>
  <testcase name="observer" classname="de.uka.ilkd.key.proof.runallproofs.RunAllProofsFunctional" time="133.794"/>
  <testcase name="removeDups" classname="de.uka.ilkd.key.proof.runallproofs.RunAllProofsFunctional" time="205.036"/>
  <testcase name="quicksort" classname="de.uka.ilkd.key.proof.runallproofs.RunAllProofsFunctional" time="151.976"/>
  <testcase name="simpleTests" classname="de.uka.ilkd.key.proof.runallproofs.RunAllProofsFunctional" time="208.678"/>
  <testcase name="SmansEtAl" classname="de.uka.ilkd.key.proof.runallproofs.RunAllProofsFunctional" time="263.258"/>
  <testcase name="VACID0" classname="de.uka.ilkd.key.proof.runallproofs.RunAllProofsFunctional" time="106.922"/>
  <testcase name="VSTTE10" classname="de.uka.ilkd.key.proof.runallproofs.RunAllProofsFunctional" time="248.065"/>
  <testcase name="WeideEtAl" classname="de.uka.ilkd.key.proof.runallproofs.RunAllProofsFunctional" time="38.993"/>
  <testcase name="arithmetic" classname="de.uka.ilkd.key.proof.runallproofs.RunAllProofsFunctional" time="633.061"/>
  <testcase name="arrays" classname="de.uka.ilkd.key.proof.runallproofs.RunAllProofsFunctional" time="77.245"/>
  <testcase name="javadl" classname="de.uka.ilkd.key.proof.runallproofs.RunAllProofsFunctional" time="863.081"/>
  <testcase name="FOL" classname="de.uka.ilkd.key.proof.runallproofs.RunAllProofsFunctional" time="363.918"/>
  <testcase name="strings" classname="de.uka.ilkd.key.proof.runallproofs.RunAllProofsFunctional" time="193.368"/>
  <testcase name="simple_info_flow" classname="de.uka.ilkd.key.proof.runallproofs.RunAllProofsFunctional" time="17.55"/>
  <testcase name="modelMethods" classname="de.uka.ilkd.key.proof.runallproofs.RunAllProofsFunctional" time="234.57"/>
  <testcase name="permissionHeap" classname="de.uka.ilkd.key.proof.runallproofs.RunAllProofsFunctional" time="1158.876"/>
  <testcase name="completionScopes" classname="de.uka.ilkd.key.proof.runallproofs.RunAllProofsFunctional" time="67.934"/>
  <testcase name="reload_examples" classname="de.uka.ilkd.key.proof.runallproofs.RunAllProofsFunctional" time="58.578"/>
  <testcase name="proofLoadRepair" classname="de.uka.ilkd.key.proof.runallproofs.RunAllProofsFunctional" time="25.721"/>
  <testcase name="switch" classname="de.uka.ilkd.key.proof.runallproofs.RunAllProofsFunctional" time="85.612"/>
  <testcase name="redux" classname="de.uka.ilkd.key.proof.runallproofs.RunAllProofsFunctional" time="171.34"/>
  <system-out><![CDATA[604        INFO  Test worker     d.u.i.k.p.r.RunAllProofsTestUnit Running test newBook 
490        INFO  Timeout watchdog d.u.i.k.p.r.p.ForkedTestFileRunner Timeout watcher launched (2000 secs.) 
525        WARN  main            d.u.i.k.s.ProofSettings   No proof-settings could be loaded, using defaults java.io.FileNotFoundException: /home/runner/.key/proof-settings.props (No such file or directory)
	at java.base/java.io.FileInputStream.open0(Native Method)

587        INFO  main            d.u.i.k.p.r.p.TestFile    Now processing file /home/runner/work/key/key/key.core/../key.ui/examples/newBook/09.list_modelfield/ArrayList.add.key 
780        INFO  main            d.u.i.k.p.i.AbstractProblemLoader Loading environment from /home/runner/work/key/key/key.core/../key.ui/examples/newBook/09.list_modelfield/ArrayList.add.key 
805        DEBUG main            d.u.i.k.p.i.AbstractProblemLoader Environment load took 3.13ms 
1117       INFO  main            d.u.i.k.p.i.AbstractProblemLoader Creating init config 
2341       DEBUG main            d.u.i.k.j.TypeConverter   No LDT found for Meta 
2369       DEBUG main            d.u.i.k.j.TypeConverter   No LDT found for Meta 
2371       DEBUG main            d.u.i.k.j.TypeConverter   No LDT found for Meta 
2371       DEBUG main            d.u.i.k.j.TypeConverter   No LDT found for Meta 
4108       DEBUG main            d.u.i.k.j.TypeConverter   No LDT found for JavaBigintExpression 
11710      DEBUG main            d.u.i.k.p.i.AbstractProblemLoader Init config took 10.59s 
11940      INFO  main            d.u.i.k.p.i.AbstractProblemLoader Replaying proof ArrayList[List::add(int)].JML normal_behavior operation contract.0 
12001      DEBUG main            d.u.i.k.p.i.IntermediateProofReplayer Proof replay took 37.1ns 
36287      INFO  main            d.u.i.k.p.r.p.TestFile    ... finished proof: closed. 
36623      INFO  main            d.u.i.k.p.i.AbstractProblemLoader Loading environment from /home/runner/work/key/key/key.core/../key.ui/examples/newBook/09.list_modelfield/ArrayList.add.key.proof 
36624      DEBUG main            d.u.i.k.p.i.AbstractProblemLoader Environment load took 250.9ns 
36637      INFO  main            d.u.i.k.p.i.AbstractProblemLoader Creating init config 
40528      DEBUG main            d.u.i.k.p.i.AbstractProblemLoader Init config took 3.89s 
40606      INFO  main            d.u.i.k.p.i.AbstractProblemLoader Replaying proof ArrayList[List::add(int)].JML normal_behavior operation contract.0 
42653      DEBUG main            d.u.i.k.p.i.IntermediateProofReplayer Proof replay took 1.96s 
42667      DEBUG main            d.u.i.k.p.r.p.TestFile    ... success: reloaded. 
42672      INFO  main            d.u.i.k.p.r.p.TestFile    Now processing file /home/runner/work/key/key/key.core/../key.ui/examples/newBook/09.list_modelfield/ArrayList.remFirst.key 
42672      INFO  main            d.u.i.k.p.i.AbstractProblemLoader Loading environment from /home/runner/work/key/key/key.core/../key.ui/examples/newBook/09.list_modelfield/ArrayList.remFirst.key 
42672      DEBUG main            d.u.i.k.p.i.AbstractProblemLoader Environment load took 91.9ns 
42674      INFO  main            d.u.i.k.p.i.AbstractProblemLoader Creating init config 
46531      DEBUG main            d.u.i.k.p.i.AbstractProblemLoader Init config took 3.86s 
46605      INFO  main            d.u.i.k.p.i.AbstractProblemLoader Replaying proof ArrayList[List::remFirst()].JML normal_behavior operation contract.0 
46611      DEBUG main            d.u.i.k.p.i.IntermediateProofReplayer Proof replay took 7.5ns 
52684      INFO  main            d.u.i.k.p.r.p.TestFile    ... finished proof: closed. 
52939      INFO  main            d.u.i.k.p.i.AbstractProblemLoader Loading environment from /home/runner/work/key/key/key.core/../key.ui/examples/newBook/09.list_modelfield/ArrayList.remFirst.key.proof 
52940      DEBUG main            d.u.i.k.p.i.AbstractProblemLoader Environment load took 963.01ns 
52943      INFO  main            d.u.i.k.p.i.AbstractProblemLoader Creating init config 
56730      DEBUG main            d.u.i.k.p.i.AbstractProblemLoader Init config took 3.79s 
56801      INFO  main            d.u.i.k.p.i.AbstractProblemLoader Replaying proof ArrayList[List::remFirst()].JML normal_behavior operation contract.0 
57729      DEBUG main            d.u.i.k.p.i.IntermediateProofReplayer Proof replay took 905.2ms 
57732      DEBUG main            d.u.i.k.p.r.p.TestFile    ... success: reloaded. 
57734      INFO  main            d.u.i.k.p.r.p.TestFile    Now processing file /home/runner/work/key/key/key.core/../key.ui/examples/newBook/09.list_modelfield/ArrayList.empty.key 
57735      INFO  main            d.u.i.k.p.i.AbstractProblemLoader Loading environment from /home/runner/work/key/key/key.core/../key.ui/examples/newBook/09.list_modelfield/ArrayList.empty.key 
57735      DEBUG main            d.u.i.k.p.i.AbstractProblemLoader Environment load took 508.2ns 
57737      INFO  main            d.u.i.k.p.i.AbstractProblemLoader Creating init config 
61476      DEBUG main            d.u.i.k.p.i.AbstractProblemLoader Init config took 3.74s 
61537      INFO  main            d.u.i.k.p.i.AbstractProblemLoader Replaying proof ArrayList[List::empty()].JML normal_behavior operation contract.0 
61539      DEBUG main            d.u.i.k.p.i.IntermediateProofReplayer Proof replay took 6.1ns 
62982      INFO  main            d.u.i.k.p.r.p.TestFile    ... finished proof: closed. 
63208      INFO  main            d.u.i.k.p.i.AbstractProblemLoader Loading environment from /home/runner/work/key/key/key.core/../key.ui/examples/newBook/09.list_modelfield/ArrayList.empty.key.proof 
63208      DEBUG main            d.u.i.k.p.i.AbstractProblemLoader Environment load took 146.4ns 
63209      INFO  main            d.u.i.k.p.i.AbstractProblemLoader Creating init config 
66866      DEBUG main            d.u.i.k.p.i.AbstractProblemLoader Init config took 3.66s 
66940      INFO  main            d.u.i.k.p.i.AbstractProblemLoader Replaying proof ArrayList[List::empty()].JML normal_behavior operation contract.0 
67138      DEBUG main            d.u.i.k.p.i.IntermediateProofReplayer Proof replay took 190.5ms 
67140      DEBUG main            d.u.i.k.p.r.p.TestFile    ... success: reloaded. 
67142      INFO  main            d.u.i.k.p.r.p.TestFile    Now processing file /home/runner/work/key/key/key.core/../key.ui/examples/newBook/09.list_modelfield/ArrayList.size.key 
67143      INFO  main            d.u.i.k.p.i.AbstractProblemLoader Loading environment from /home/runner/work/key/key/key.core/../key.ui/examples/newBook/09.list_modelfield/ArrayList.size.key 
67143      DEBUG main            d.u.i.k.p.i.AbstractProblemLoader Environment load took 591.5ns 
67146      INFO  main            d.u.i.k.p.i.AbstractProblemLoader Creating init config 
70823      DEBUG main            d.u.i.k.p.i.AbstractProblemLoader Init config took 3.68s 
70882      INFO  main            d.u.i.k.p.i.AbstractProblemLoader Replaying proof ArrayList[List::size()].JML normal_behavior operation contract.0 
70884      DEBUG main            d.u.i.k.p.i.IntermediateProofReplayer Proof replay took 6.7ns 
71488      INFO  main            d.u.i.k.p.r.p.TestFile    ... finished proof: closed. 
71822      INFO  main            d.u.i.k.p.i.AbstractProblemLoader Loading environment from /home/runner/work/key/key/key.core/../key.ui/examples/newBook/09.list_modelfield/ArrayList.size.key.proof 
71825      DEBUG main            d.u.i.k.p.i.AbstractProblemLoader Environment load took 2.27ms 
71827      INFO  main            d.u.i.k.p.i.AbstractProblemLoader Creating init config 
75456      DEBUG main            d.u.i.k.p.i.AbstractProblemLoader Init config took 3.63s 
75515      INFO  main            d.u.i.k.p.i.AbstractProblemLoader Replaying proof ArrayList[List::size()].JML normal_behavior operation contract.0 
75603      DEBUG main            d.u.i.k.p.i.IntermediateProofReplayer Proof replay took 82.97ms 
75604      DEBUG main            d.u.i.k.p.r.p.TestFile    ... success: reloaded. 
75607      INFO  main            d.u.i.k.p.r.p.TestFile    Now processing file /home/runner/work/key/key/key.core/../key.ui/examples/newBook/09.list_modelfield/ArrayList.get.key 
75608      INFO  main            d.u.i.k.p.i.AbstractProblemLoader Loading environment from /home/runner/work/key/key/key.core/../key.ui/examples/newBook/09.list_modelfield/ArrayList.get.key 
75608      DEBUG main            d.u.i.k.p.i.AbstractProblemLoader Environment load took 472ns 
75609      INFO  main            d.u.i.k.p.i.AbstractProblemLoader Creating init config 
79429      DEBUG main            d.u.i.k.p.i.AbstractProblemLoader Init config took 3.82s 
79490      INFO  main            d.u.i.k.p.i.AbstractProblemLoader Replaying proof ArrayList[List::get(int)].JML normal_behavior operation contract.0 
79491      DEBUG main            d.u.i.k.p.i.IntermediateProofReplayer Proof replay took 6.8ns 
80802      INFO  main            d.u.i.k.p.r.p.TestFile    ... finished proof: closed. 
81084      INFO  main            d.u.i.k.p.i.AbstractProblemLoader Loading environment from /home/runner/work/key/key/key.core/../key.ui/examples/newBook/09.list_modelfield/ArrayList.get.key.proof 
81087      DEBUG main            d.u.i.k.p.i.AbstractProblemLoader Environment load took 2.85ms 
81089      INFO  main            d.u.i.k.p.i.AbstractProblemLoader Creating init config 
84658      DEBUG main            d.u.i.k.p.i.AbstractProblemLoader Init config took 3.57s 
84715      INFO  main            d.u.i.k.p.i.AbstractProblemLoader Replaying proof ArrayList[List::get(int)].JML normal_behavior operation contract.0 
84885      DEBUG main            d.u.i.k.p.i.IntermediateProofReplayer Proof replay took 163.86ms 
84887      DEBUG main            d.u.i.k.p.r.p.TestFile    ... success: reloaded. 
85807      INFO  Test worker     d.u.i.k.p.r.RunAllProofsTestUnit Returning from test newBook 
85817      INFO  Test worker     d.u.i.k.p.r.RunAllProofsTestUnit Running test oldBook 
464        INFO  Timeout watchdog d.u.i.k.p.r.p.ForkedTestFileRunner Timeout watcher launched (2000 secs.) 
500        WARN  main            d.u.i.k.s.ProofSettings   The settings in /home/runner/.key/proof-settings.props are *not* read. 
539        INFO  main            d.u.i.k.p.r.p.TestFile    Now processing file /home/runner/work/key/key/key.core/../key.ui/examples/standard_key/BookExamples/02FirstOrderLogic/Ex2.58.key 
711        INFO  main            d.u.i.k.p.i.AbstractProblemLoader Loading environment from /home/runner/work/key/key/key.core/../key.ui/examples/standard_key/BookExamples/02FirstOrderLogic/Ex2.58.key 
732        DEBUG main            d.u.i.k.p.i.AbstractProblemLoader Environment load took 2.76ms 
1102       INFO  main            d.u.i.k.p.i.AbstractProblemLoader Creating init config 
2283       DEBUG main            d.u.i.k.j.TypeConverter   No LDT found for Meta 
2284       DEBUG main            d.u.i.k.j.TypeConverter   No LDT found for Meta 
2286       DEBUG main            d.u.i.k.j.TypeConverter   No LDT found for Meta 
2286       DEBUG main            d.u.i.k.j.TypeConverter   No LDT found for Meta 
4178       DEBUG main            d.u.i.k.j.TypeConverter   No LDT found for JavaBigintExpression 
10693      DEBUG main            d.u.i.k.p.i.AbstractProblemLoader Init config took 9.59s 
10771      INFO  main            d.u.i.k.p.i.AbstractProblemLoader Replaying proof Ex2.58.key 
10817      DEBUG main            d.u.i.k.p.i.IntermediateProofReplayer Proof replay took 52.8ns 
10988      INFO  main            d.u.i.k.p.r.p.TestFile    ... finished proof: closed. 
11107      INFO  main            d.u.i.k.p.i.AbstractProblemLoader Loading environment from /home/runner/work/key/key/key.core/../key.ui/examples/standard_key/BookExamples/02FirstOrderLogic/Ex2.58.key.proof 
11108      DEBUG main            d.u.i.k.p.i.AbstractProblemLoader Environment load took 3.52ms 
11114      INFO  main            d.u.i.k.p.i.AbstractProblemLoader Creating init config 
14770      DEBUG main            d.u.i.k.p.i.AbstractProblemLoader Init config took 3.66s 
14812      INFO  main            d.u.i.k.p.i.AbstractProblemLoader Replaying proof Ex2.58.key.proof 
14832      DEBUG main            d.u.i.k.p.i.IntermediateProofReplayer Proof replay took 10.52ms 
14857      DEBUG main            d.u.i.k.p.r.p.TestFile    ... success: reloaded. 
14863      INFO  main            d.u.i.k.p.r.p.TestFile    Now processing file /home/runner/work/key/key/key.core/../key.ui/examples/standard_key/BookExamples/03DynamicLogic/Sect3.3.1.key 
14863      INFO  main            d.u.i.k.p.i.AbstractProblemLoader Loading environment from /home/runner/work/key/key/key.core/../key.ui/examples/standard_key/BookExamples/03DynamicLogic/Sect3.3.1.key 
14865      DEBUG main            d.u.i.k.p.i.AbstractProblemLoader Environment load took 2.43ms 
14867      INFO  main            d.u.i.k.p.i.AbstractProblemLoader Creating init config 
18369      DEBUG main            d.u.i.k.p.i.AbstractProblemLoader Init config took 3.5s 
18412      INFO  main            d.u.i.k.p.i.AbstractProblemLoader Replaying proof Sect3.3.1.key 
18417      DEBUG main            d.u.i.k.p.i.IntermediateProofReplayer Proof replay took 6.6ns 
19032      INFO  main            d.u.i.k.p.r.p.TestFile    ... finished proof: closed. 
19256      INFO  main            d.u.i.k.p.i.AbstractProblemLoader Loading environment from /home/runner/work/key/key/key.core/../key.ui/examples/standard_key/BookExamples/03DynamicLogic/Sect3.3.1.key.proof 
19258      DEBUG main            d.u.i.k.p.i.AbstractProblemLoader Environment load took 2.38ms 
19265      INFO  main            d.u.i.k.p.i.AbstractProblemLoader Creating init config 
22785      DEBUG main            d.u.i.k.p.i.AbstractProblemLoader Init config took 3.52s 
22823      INFO  main            d.u.i.k.p.i.AbstractProblemLoader Replaying proof Sect3.3.1.key.proof 
22955      DEBUG main            d.u.i.k.p.i.IntermediateProofReplayer Proof replay took 123.71ms 
22956      DEBUG main            d.u.i.k.p.r.p.TestFile    ... success: reloaded. 
109049     INFO  Test worker     d.u.i.k.p.r.RunAllProofsTestUnit Returning from test oldBook 
109051     INFO  Test worker     d.u.i.k.p.r.RunAllProofsTestUnit Running test comprehensions 
478        INFO  Timeout watchdog d.u.i.k.p.r.p.ForkedTestFileRunner Timeout watcher launched (2000 secs.) 
512        WARN  main            d.u.i.k.s.ProofSettings   The settings in /home/runner/.key/proof-settings.props are *not* read. 
584        INFO  main            d.u.i.k.p.r.p.TestFile    Now processing file /home/runner/work/key/key/key.core/../key.ui/examples/heap/comprehensions/general_sum.key 
751        INFO  main            d.u.i.k.p.i.AbstractProblemLoader Loading environment from /home/runner/work/key/key/key.core/../key.ui/examples/heap/comprehensions/general_sum.key 
773        DEBUG main            d.u.i.k.p.i.AbstractProblemLoader Environment load took 4.18ms 
1096       INFO  main            d.u.i.k.p.i.AbstractProblemLoader Creating init config 
2317       DEBUG main            d.u.i.k.j.TypeConverter   No LDT found for Meta 
2318       DEBUG main            d.u.i.k.j.TypeConverter   No LDT found for Meta 
2322       DEBUG main            d.u.i.k.j.TypeConverter   No LDT found for Meta 
2323       DEBUG main            d.u.i.k.j.TypeConverter   No LDT found for Meta 
4142       DEBUG main            d.u.i.k.j.TypeConverter   No LDT found for JavaBigintExpression 
10993      DEBUG main            d.u.i.k.p.i.AbstractProblemLoader Init config took 9.9s 
11176      INFO  main            d.u.i.k.p.i.AbstractProblemLoader Replaying proof GSum[GSum::doNothing()].JML operation contract.0 
11225      DEBUG main            d.u.i.k.p.i.IntermediateProofReplayer Proof replay took 38.2ns 
11686      INFO  main            d.u.i.k.p.r.p.TestFile    ... finished proof: closed. 
11820      INFO  main            d.u.i.k.p.i.AbstractProblemLoader Loading environment from /home/runner/work/key/key/key.core/../key.ui/examples/heap/comprehensions/general_sum.key.proof 
11820      DEBUG main            d.u.i.k.p.i.AbstractProblemLoader Environment load took 477.1ns 
11823      INFO  main            d.u.i.k.p.i.AbstractProblemLoader Creating init config 
15604      DEBUG main            d.u.i.k.p.i.AbstractProblemLoader Init config took 3.78s 
15716      INFO  main            d.u.i.k.p.i.AbstractProblemLoader Replaying proof GSum[GSum::doNothing()].JML operation contract.0 
15770      DEBUG main            d.u.i.k.p.i.IntermediateProofReplayer Proof replay took 46.41ms 
15787      DEBUG main            d.u.i.k.p.r.p.TestFile    ... success: reloaded. 
15790      INFO  main            d.u.i.k.p.r.p.TestFile    Now processing file /home/runner/work/key/key/key.core/../key.ui/examples/heap/comprehensions/sum0.key 
15791      INFO  main            d.u.i.k.p.i.AbstractProblemLoader Loading environment from /home/runner/work/key/key/key.core/../key.ui/examples/heap/comprehensions/sum0.key 
15791      DEBUG main            d.u.i.k.p.i.AbstractProblemLoader Environment load took 697.5ns 
15795      INFO  main            d.u.i.k.p.i.AbstractProblemLoader Creating init config 
19521      DEBUG main            d.u.i.k.p.i.AbstractProblemLoader Init config took 3.73s 
19599      INFO  main            d.u.i.k.p.i.AbstractProblemLoader Replaying proof Sum[Sum::sum0([I)].JML normal_behavior operation contract.0 
19604      DEBUG main            d.u.i.k.p.i.IntermediateProofReplayer Proof replay took 8.1ns 
19759      DEBUG Thread-4        d.u.i.k.l.l.OriginTermLabel commonFileName is null! 
19760      DEBUG Thread-4        d.u.i.k.l.l.OriginTermLabel commonFileName is null! 
20124      DEBUG Thread-4        d.u.i.k.l.l.OriginTermLabel commonFileName is null! 
20125      DEBUG Thread-4        d.u.i.k.l.l.OriginTermLabel commonFileName is null! 
20404      DEBUG Thread-4        d.u.i.k.l.l.OriginTermLabel commonFileName is null! 
20712      INFO  main            d.u.i.k.p.r.p.TestFile    ... finished proof: closed. 
20891      INFO  main            d.u.i.k.p.i.AbstractProblemLoader Loading environment from /home/runner/work/key/key/key.core/../key.ui/examples/heap/comprehensions/sum0.key.proof 
20891      DEBUG main            d.u.i.k.p.i.AbstractProblemLoader Environment load took 173.9ns 
20893      INFO  main            d.u.i.k.p.i.AbstractProblemLoader Creating init config 
24548      DEBUG main            d.u.i.k.p.i.AbstractProblemLoader Init config took 3.65s 
24611      INFO  main            d.u.i.k.p.i.AbstractProblemLoader Replaying proof Sum[Sum::sum0([I)].JML normal_behavior operation contract.0 
24654      DEBUG main            d.u.i.k.l.l.OriginTermLabel commonFileName is null! 
24655      DEBUG main            d.u.i.k.l.l.OriginTermLabel commonFileName is null! 
24767      DEBUG main            d.u.i.k.l.l.OriginTermLabel commonFileName is null! 
24817      DEBUG main            d.u.i.k.l.l.OriginTermLabel commonFileName is null! 
24818      DEBUG main            d.u.i.k.l.l.OriginTermLabel commonFileName is null! 
24822      DEBUG main            d.u.i.k.p.i.IntermediateProofReplayer Proof replay took 204.18ms 
24824      DEBUG main            d.u.i.k.p.r.p.TestFile    ... success: reloaded. 
24826      INFO  main            d.u.i.k.p.r.p.TestFile    Now processing file /home/runner/work/key/key/key.core/../key.ui/examples/heap/comprehensions/sum1.key 
24827      INFO  main            d.u.i.k.p.i.AbstractProblemLoader Loading environment from /home/runner/work/key/key/key.core/../key.ui/examples/heap/comprehensions/sum1.key 
24827      DEBUG main            d.u.i.k.p.i.AbstractProblemLoader Environment load took 575.4ns 
24829      INFO  main            d.u.i.k.p.i.AbstractProblemLoader Creating init config 
28350      DEBUG main            d.u.i.k.p.i.AbstractProblemLoader Init config took 3.52s 
28414      INFO  main            d.u.i.k.p.i.AbstractProblemLoader Replaying proof Sum[Sum::sum1([I)].JML normal_behavior operation contract.0 
28422      DEBUG main            d.u.i.k.p.i.IntermediateProofReplayer Proof replay took 10.4ns 
28522      DEBUG Thread-7        d.u.i.k.l.l.OriginTermLabel commonFileName is null! 
28524      DEBUG Thread-7        d.u.i.k.l.l.OriginTermLabel commonFileName is null! 
28746      DEBUG Thread-7        d.u.i.k.l.l.OriginTermLabel commonFileName is null! 
28747      DEBUG Thread-7        d.u.i.k.l.l.OriginTermLabel commonFileName is null! 
28936      DEBUG Thread-7        d.u.i.k.l.l.OriginTermLabel commonFileName is null! 
29228      INFO  main            d.u.i.k.p.r.p.TestFile    ... finished proof: closed. 
29447      INFO  main            d.u.i.k.p.i.AbstractProblemLoader Loading environment from /home/runner/work/key/key/key.core/../key.ui/examples/heap/comprehensions/sum1.key.proof 
29448      DEBUG main            d.u.i.k.p.i.AbstractProblemLoader Environment load took 155.9ns 
29450      INFO  main            d.u.i.k.p.i.AbstractProblemLoader Creating init config 
33007      DEBUG main            d.u.i.k.p.i.AbstractProblemLoader Init config took 3.56s 
33091      INFO  main            d.u.i.k.p.i.AbstractProblemLoader Replaying proof Sum[Sum::sum1([I)].JML normal_behavior operation contract.0 
33133      DEBUG main            d.u.i.k.l.l.OriginTermLabel commonFileName is null! 
33134      DEBUG main            d.u.i.k.l.l.OriginTermLabel commonFileName is null! 
33207      DEBUG main            d.u.i.k.l.l.OriginTermLabel commonFileName is null! 
33263      DEBUG main            d.u.i.k.l.l.OriginTermLabel commonFileName is null! 
33265      DEBUG main            d.u.i.k.l.l.OriginTermLabel commonFileName is null! 
33269      DEBUG main            d.u.i.k.p.i.IntermediateProofReplayer Proof replay took 170.58ms 
33270      DEBUG main            d.u.i.k.p.r.p.TestFile    ... success: reloaded. 
33272      INFO  main            d.u.i.k.p.r.p.TestFile    Now processing file /home/runner/work/key/key/key.core/../key.ui/examples/heap/comprehensions/sum2.key 
33273      INFO  main            d.u.i.k.p.i.AbstractProblemLoader Loading environment from /home/runner/work/key/key/key.core/../key.ui/examples/heap/comprehensions/sum2.key 
33273      DEBUG main            d.u.i.k.p.i.AbstractProblemLoader Environment load took 391.7ns 
33275      INFO  main            d.u.i.k.p.i.AbstractProblemLoader Creating init config 
36819      DEBUG main            d.u.i.k.p.i.AbstractProblemLoader Init config took 3.54s 
36878      INFO  main            d.u.i.k.p.i.AbstractProblemLoader Replaying proof Sum[Sum::sum2([I)].JML normal_behavior operation contract.0 
36881      DEBUG main            d.u.i.k.p.i.IntermediateProofReplayer Proof replay took 8.5ns 
36940      DEBUG Thread-10       d.u.i.k.l.l.OriginTermLabel commonFileName is null! 
36941      DEBUG Thread-10       d.u.i.k.l.l.OriginTermLabel commonFileName is null! 
37088      DEBUG Thread-10       d.u.i.k.l.l.OriginTermLabel commonFileName is null! 
37090      DEBUG Thread-10       d.u.i.k.l.l.OriginTermLabel commonFileName is null! 
37198      DEBUG Thread-10       d.u.i.k.l.l.OriginTermLabel commonFileName is null! 
37385      INFO  main            d.u.i.k.p.r.p.TestFile    ... finished proof: closed. 
37604      INFO  main            d.u.i.k.p.i.AbstractProblemLoader Loading environment from /home/runner/work/key/key/key.core/../key.ui/examples/heap/comprehensions/sum2.key.proof 
37605      DEBUG main            d.u.i.k.p.i.AbstractProblemLoader Environment load took 1.12ms 
37607      INFO  main            d.u.i.k.p.i.AbstractProblemLoader Creating init config 
41025      DEBUG main            d.u.i.k.p.i.AbstractProblemLoader Init config took 3.42s 
41080      INFO  main            d.u.i.k.p.i.AbstractProblemLoader Replaying proof Sum[Sum::sum2([I)].JML normal_behavior operation contract.0 
41134      DEBUG main            d.u.i.k.l.l.OriginTermLabel commonFileName is null! 
41134      DEBUG main            d.u.i.k.l.l.OriginTermLabel commonFileName is null! 
41192      DEBUG main            d.u.i.k.l.l.OriginTermLabel commonFileName is null! 
41239      DEBUG main            d.u.i.k.l.l.OriginTermLabel commonFileName is null! 
41240      DEBUG main            d.u.i.k.l.l.OriginTermLabel commonFileName is null! 
41242      DEBUG main            d.u.i.k.p.i.IntermediateProofReplayer Proof replay took 156.65ms 
41244      DEBUG main            d.u.i.k.p.r.p.TestFile    ... success: reloaded. 
41246      INFO  main            d.u.i.k.p.r.p.TestFile    Now processing file /home/runner/work/key/key/key.core/../key.ui/examples/heap/comprehensions/sum3.key 
41246      INFO  main            d.u.i.k.p.i.AbstractProblemLoader Loading environment from /home/runner/work/key/key/key.core/../key.ui/examples/heap/comprehensions/sum3.key 
41246      DEBUG main            d.u.i.k.p.i.AbstractProblemLoader Environment load took 224.3ns 
41249      INFO  main            d.u.i.k.p.i.AbstractProblemLoader Creating init config 
44755      DEBUG main            d.u.i.k.p.i.AbstractProblemLoader Init config took 3.51s 
44813      INFO  main            d.u.i.k.p.i.AbstractProblemLoader Replaying proof Sum[Sum::sum3([I)].JML normal_behavior operation contract.0 
44815      DEBUG main            d.u.i.k.p.i.IntermediateProofReplayer Proof replay took 8.5ns 
44882      DEBUG Thread-13       d.u.i.k.l.l.OriginTermLabel commonFileName is null! 
44883      DEBUG Thread-13       d.u.i.k.l.l.OriginTermLabel commonFileName is null! 
45027      DEBUG Thread-13       d.u.i.k.l.l.OriginTermLabel commonFileName is null! 
45027      DEBUG Thread-13       d.u.i.k.l.l.OriginTermLabel commonFileName is null! 
45128      DEBUG Thread-13       d.u.i.k.l.l.OriginTermLabel commonFileName is null! 
45322      INFO  main            d.u.i.k.p.r.p.TestFile    ... finished proof: closed. 
45539      INFO  main            d.u.i.k.p.i.AbstractProblemLoader Loading environment from /home/runner/work/key/key/key.core/../key.ui/examples/heap/comprehensions/sum3.key.proof 
45543      DEBUG main            d.u.i.k.p.i.AbstractProblemLoader Environment load took 144.5ns 
45545      INFO  main            d.u.i.k.p.i.AbstractProblemLoader Creating init config 
48980      DEBUG main            d.u.i.k.p.i.AbstractProblemLoader Init config took 3.43s 
49032      INFO  main            d.u.i.k.p.i.AbstractProblemLoader Replaying proof Sum[Sum::sum3([I)].JML normal_behavior operation contract.0 
49067      DEBUG main            d.u.i.k.l.l.OriginTermLabel commonFileName is null! 
49067      DEBUG main            d.u.i.k.l.l.OriginTermLabel commonFileName is null! 
49151      DEBUG main            d.u.i.k.l.l.OriginTermLabel commonFileName is null! 
49234      DEBUG main            d.u.i.k.l.l.OriginTermLabel commonFileName is null! 
49235      DEBUG main            d.u.i.k.l.l.OriginTermLabel commonFileName is null! 
49240      DEBUG main            d.u.i.k.p.i.IntermediateProofReplayer Proof replay took 203.94ms 
49242      DEBUG main            d.u.i.k.p.r.p.TestFile    ... success: reloaded. 
49243      INFO  main            d.u.i.k.p.r.p.TestFile    Now processing file /home/runner/work/key/key/key.core/../key.ui/examples/heap/comprehensions/segsum.key 
49243      INFO  main            d.u.i.k.p.i.AbstractProblemLoader Loading environment from /home/runner/work/key/key/key.core/../key.ui/examples/heap/comprehensions/segsum.key 
49243      DEBUG main            d.u.i.k.p.i.AbstractProblemLoader Environment load took 77.7ns 
49244      INFO  main            d.u.i.k.p.i.AbstractProblemLoader Creating init config 
52873      DEBUG main            d.u.i.k.p.i.AbstractProblemLoader Init config took 3.63s 
52927      INFO  main            d.u.i.k.p.i.AbstractProblemLoader Replaying proof SegSum[SegSum::segSum([I,int,int)].JML normal_behavior operation contract.0 
52931      DEBUG main            d.u.i.k.p.i.IntermediateProofReplayer Proof replay took 18.1ns 
53436      INFO  main            d.u.i.k.p.r.p.TestFile    ... finished proof: closed. 
53670      INFO  main            d.u.i.k.p.i.AbstractProblemLoader Loading environment from /home/runner/work/key/key/key.core/../key.ui/examples/heap/comprehensions/segsum.key.proof 
53671      DEBUG main            d.u.i.k.p.i.AbstractProblemLoader Environment load took 1.39ms 
53673      INFO  main            d.u.i.k.p.i.AbstractProblemLoader Creating init config 
57103      DEBUG main            d.u.i.k.p.i.AbstractProblemLoader Init config took 3.43s 
57160      INFO  main            d.u.i.k.p.i.AbstractProblemLoader Replaying proof SegSum[SegSum::segSum([I,int,int)].JML normal_behavior operation contract.0 
57345      DEBUG main            d.u.i.k.p.i.IntermediateProofReplayer Proof replay took 180.44ms 
57347      DEBUG main            d.u.i.k.p.r.p.TestFile    ... success: reloaded. 
57348      INFO  main            d.u.i.k.p.r.p.TestFile    Now processing file /home/runner/work/key/key/key.core/../key.ui/examples/heap/comprehensions/bsum_negative.key 
57348      INFO  main            d.u.i.k.p.i.AbstractProblemLoader Loading environment from /home/runner/work/key/key/key.core/../key.ui/examples/heap/comprehensions/bsum_negative.key 
57348      DEBUG main            d.u.i.k.p.i.AbstractProblemLoader Environment load took 82.2ns 
57351      INFO  main            d.u.i.k.p.i.AbstractProblemLoader Creating init config 
60749      DEBUG main            d.u.i.k.p.i.AbstractProblemLoader Init config took 3.4s 
60777      INFO  main            d.u.i.k.p.i.AbstractProblemLoader Replaying proof bsum_negative.key 
60778      DEBUG main            d.u.i.k.p.i.IntermediateProofReplayer Proof replay took 7.8ns 
60881      INFO  main            d.u.i.k.p.r.p.TestFile    ... finished proof: closed. 
61107      INFO  main            d.u.i.k.p.i.AbstractProblemLoader Loading environment from /home/runner/work/key/key/key.core/../key.ui/examples/heap/comprehensions/bsum_negative.key.proof 
61107      DEBUG main            d.u.i.k.p.i.AbstractProblemLoader Environment load took 189.4ns 
61109      INFO  main            d.u.i.k.p.i.AbstractProblemLoader Creating init config 
64352      DEBUG main            d.u.i.k.p.i.AbstractProblemLoader Init config took 3.24s 
64375      INFO  main            d.u.i.k.p.i.AbstractProblemLoader Replaying proof bsum_negative.key.proof 
64380      DEBUG main            d.u.i.k.p.i.IntermediateProofReplayer Proof replay took 3.02ms 
64382      DEBUG main            d.u.i.k.p.r.p.TestFile    ... success: reloaded. 
64383      INFO  main            d.u.i.k.p.r.p.TestFile    Now processing file /home/runner/work/key/key/key.core/../key.ui/examples/heap/comprehensions/bsum_neg2.key 
64383      INFO  main            d.u.i.k.p.i.AbstractProblemLoader Loading environment from /home/runner/work/key/key/key.core/../key.ui/examples/heap/comprehensions/bsum_neg2.key 
64384      DEBUG main            d.u.i.k.p.i.AbstractProblemLoader Environment load took 345.1ns 
64385      INFO  main            d.u.i.k.p.i.AbstractProblemLoader Creating init config 
67618      DEBUG main            d.u.i.k.p.i.AbstractProblemLoader Init config took 3.23s 
67640      INFO  main            d.u.i.k.p.i.AbstractProblemLoader Replaying proof bsum_neg2.key 
67641      DEBUG main            d.u.i.k.p.i.IntermediateProofReplayer Proof replay took 9.8ns 
67744      INFO  main            d.u.i.k.p.r.p.TestFile    ... finished proof: closed. 
67972      INFO  main            d.u.i.k.p.i.AbstractProblemLoader Loading environment from /home/runner/work/key/key/key.core/../key.ui/examples/heap/comprehensions/bsum_neg2.key.proof 
67972      DEBUG main            d.u.i.k.p.i.AbstractProblemLoader Environment load took 133.8ns 
67974      INFO  main            d.u.i.k.p.i.AbstractProblemLoader Creating init config 
71149      DEBUG main            d.u.i.k.p.i.AbstractProblemLoader Init config took 3.17s 
71170      INFO  main            d.u.i.k.p.i.AbstractProblemLoader Replaying proof bsum_neg2.key.proof 
71173      DEBUG main            d.u.i.k.p.i.IntermediateProofReplayer Proof replay took 1.4ms 
71174      DEBUG main            d.u.i.k.p.r.p.TestFile    ... success: reloaded. 
71175      INFO  main            d.u.i.k.p.r.p.TestFile    Now processing file /home/runner/work/key/key/key.core/../key.ui/examples/heap/comprehensions/bsumSplit.key 
71175      INFO  main            d.u.i.k.p.i.AbstractProblemLoader Loading environment from /home/runner/work/key/key/key.core/../key.ui/examples/heap/comprehensions/bsumSplit.key 
71175      DEBUG main            d.u.i.k.p.i.AbstractProblemLoader Environment load took 146.4ns 
71177      INFO  main            d.u.i.k.p.i.AbstractProblemLoader Creating init config 
74489      DEBUG main            d.u.i.k.p.i.AbstractProblemLoader Init config took 3.31s 
74512      INFO  main            d.u.i.k.p.i.AbstractProblemLoader Replaying proof bsumSplit.key 
74515      DEBUG main            d.u.i.k.p.i.IntermediateProofReplayer Proof replay took 8.5ns 
74617      INFO  main            d.u.i.k.p.r.p.TestFile    ... finished proof: closed. 
74857      INFO  main            d.u.i.k.p.i.AbstractProblemLoader Loading environment from /home/runner/work/key/key/key.core/../key.ui/examples/heap/comprehensions/bsumSplit.key.proof 
74857      DEBUG main            d.u.i.k.p.i.AbstractProblemLoader Environment load took 130.2ns 
74859      INFO  main            d.u.i.k.p.i.AbstractProblemLoader Creating init config 
78134      DEBUG main            d.u.i.k.p.i.AbstractProblemLoader Init config took 3.27s 
78154      INFO  main            d.u.i.k.p.i.AbstractProblemLoader Replaying proof bsumSplit.key.proof 
78161      DEBUG main            d.u.i.k.p.i.IntermediateProofReplayer Proof replay took 4.97ms 
78163      DEBUG main            d.u.i.k.p.r.p.TestFile    ... success: reloaded. 
78164      INFO  main            d.u.i.k.p.r.p.TestFile    Now processing file /home/runner/work/key/key/key.core/../key.ui/examples/heap/comprehensions/bprodSplit.key 
78164      INFO  main            d.u.i.k.p.i.AbstractProblemLoader Loading environment from /home/runner/work/key/key/key.core/../key.ui/examples/heap/comprehensions/bprodSplit.key 
78164      DEBUG main            d.u.i.k.p.i.AbstractProblemLoader Environment load took 354.3ns 
78166      INFO  main            d.u.i.k.p.i.AbstractProblemLoader Creating init config 
81306      DEBUG main            d.u.i.k.p.i.AbstractProblemLoader Init config took 3.14s 
81325      INFO  main            d.u.i.k.p.i.AbstractProblemLoader Replaying proof bprodSplit.key 
81328      DEBUG main            d.u.i.k.p.i.IntermediateProofReplayer Proof replay took 19.1ns 
81430      INFO  main            d.u.i.k.p.r.p.TestFile    ... finished proof: closed. 
81652      INFO  main            d.u.i.k.p.i.AbstractProblemLoader Loading environment from /home/runner/work/key/key/key.core/../key.ui/examples/heap/comprehensions/bprodSplit.key.proof 
81652      DEBUG main            d.u.i.k.p.i.AbstractProblemLoader Environment load took 123.2ns 
81653      INFO  main            d.u.i.k.p.i.AbstractProblemLoader Creating init config 
84768      DEBUG main            d.u.i.k.p.i.AbstractProblemLoader Init config took 3.11s 
84789      INFO  main            d.u.i.k.p.i.AbstractProblemLoader Replaying proof bprodSplit.key.proof 
84794      DEBUG main            d.u.i.k.p.i.IntermediateProofReplayer Proof replay took 3.59ms 
84795      DEBUG main            d.u.i.k.p.r.p.TestFile    ... success: reloaded. 
84796      INFO  main            d.u.i.k.p.r.p.TestFile    Now processing file /home/runner/work/key/key/key.core/../key.ui/examples/heap/comprehensions/bsumSplitInvalid.key 
84797      INFO  main            d.u.i.k.p.i.AbstractProblemLoader Loading environment from /home/runner/work/key/key/key.core/../key.ui/examples/heap/comprehensions/bsumSplitInvalid.key 
84797      DEBUG main            d.u.i.k.p.i.AbstractProblemLoader Environment load took 157.3ns 
84798      INFO  main            d.u.i.k.p.i.AbstractProblemLoader Creating init config 
87927      DEBUG main            d.u.i.k.p.i.AbstractProblemLoader Init config took 3.13s 
87949      INFO  main            d.u.i.k.p.i.AbstractProblemLoader Replaying proof bsumSplitInvalid.key 
87952      DEBUG main            d.u.i.k.p.i.IntermediateProofReplayer Proof replay took 8.7ns 
88055      INFO  main            d.u.i.k.p.r.p.TestFile    ... finished proof: open goal(s) 
197577     INFO  Test worker     d.u.i.k.p.r.RunAllProofsTestUnit Returning from test comprehensions 
197586     INFO  Test worker     d.u.i.k.p.r.RunAllProofsTestUnit Running test performance 
439        INFO  Timeout watchdog d.u.i.k.p.r.p.ForkedTestFileRunner Timeout watcher launched (2000 secs.) 
460        WARN  main            d.u.i.k.s.ProofSettings   The settings in /home/runner/.key/proof-settings.props are *not* read. 
517        INFO  main            d.u.i.k.p.r.p.TestFile    Now processing file /home/runner/work/key/key/key.core/../key.ui/examples/performance-test/Disjoint(Disjoint__disjoint_08()).JML_operation_contract.0.key 
669        INFO  main            d.u.i.k.p.i.AbstractProblemLoader Loading environment from /home/runner/work/key/key/key.core/../key.ui/examples/performance-test/Disjoint(Disjoint__disjoint_08()).JML_operation_contract.0.key 
690        DEBUG main            d.u.i.k.p.i.AbstractProblemLoader Environment load took 3.43ms 
1028       INFO  main            d.u.i.k.p.i.AbstractProblemLoader Creating init config 
2332       DEBUG main            d.u.i.k.j.TypeConverter   No LDT found for Meta 
2332       DEBUG main            d.u.i.k.j.TypeConverter   No LDT found for Meta 
2336       DEBUG main            d.u.i.k.j.TypeConverter   No LDT found for Meta 
2336       DEBUG main            d.u.i.k.j.TypeConverter   No LDT found for Meta 
4341       DEBUG main            d.u.i.k.j.TypeConverter   No LDT found for JavaBigintExpression 
12478      DEBUG main            d.u.i.k.j.r.ClassPreparationMethodBuilder clPrepBuilder: Inner Class detected. Reject building class initialisation methods. 
23685      DEBUG main            d.u.i.k.p.i.AbstractProblemLoader Init config took 22.66s 
24037      INFO  main            d.u.i.k.p.i.AbstractProblemLoader Replaying proof Disjoint[Disjoint::disjoint_8()].JML operation contract.0 
24146      DEBUG main            d.u.i.k.p.i.IntermediateProofReplayer Proof replay took 2.83ms 
27840      INFO  main            d.u.i.k.p.r.p.TestFile    ... finished proof: closed. 
28197      INFO  main            d.u.i.k.p.i.AbstractProblemLoader Loading environment from /home/runner/work/key/key/key.core/../key.ui/examples/performance-test/Disjoint(Disjoint__disjoint_08()).JML_operation_contract.0.key.proof 
28198      DEBUG main            d.u.i.k.p.i.AbstractProblemLoader Environment load took 233.7ns 
28203      INFO  main            d.u.i.k.p.i.AbstractProblemLoader Creating init config 
32509      DEBUG main            d.u.i.k.j.r.ClassPreparationMethodBuilder clPrepBuilder: Inner Class detected. Reject building class initialisation methods. 
42541      DEBUG main            d.u.i.k.p.i.AbstractProblemLoader Init config took 14.34s 
42726      INFO  main            d.u.i.k.p.i.AbstractProblemLoader Replaying proof Disjoint[Disjoint::disjoint_8()].JML operation contract.0 
43338      DEBUG main            d.u.i.k.p.i.IntermediateProofReplayer Proof replay took 579.08ms 
43351      DEBUG main            d.u.i.k.p.r.p.TestFile    ... success: reloaded. 
43354      INFO  main            d.u.i.k.p.r.p.TestFile    Now processing file /home/runner/work/key/key/key.core/../key.ui/examples/performance-test/Disjoint(Disjoint__disjoint2_08()).JML_operation_contract.0.key 
43355      INFO  main            d.u.i.k.p.i.AbstractProblemLoader Loading environment from /home/runner/work/key/key/key.core/../key.ui/examples/performance-test/Disjoint(Disjoint__disjoint2_08()).JML_operation_contract.0.key 
43355      DEBUG main            d.u.i.k.p.i.AbstractProblemLoader Environment load took 432.1ns 
43357      INFO  main            d.u.i.k.p.i.AbstractProblemLoader Creating init config 
47435      DEBUG main            d.u.i.k.j.r.ClassPreparationMethodBuilder clPrepBuilder: Inner Class detected. Reject building class initialisation methods. 
57055      DEBUG main            d.u.i.k.p.i.AbstractProblemLoader Init config took 13.7s 
57197      INFO  main            d.u.i.k.p.i.AbstractProblemLoader Replaying proof Disjoint[Disjoint::disjoint2_8()].JML operation contract.0 
57200      DEBUG main            d.u.i.k.p.i.IntermediateProofReplayer Proof replay took 12.1ns 
58807      INFO  main            d.u.i.k.p.r.p.TestFile    ... finished proof: closed. 
59203      INFO  main            d.u.i.k.p.i.AbstractProblemLoader Loading environment from /home/runner/work/key/key/key.core/../key.ui/examples/performance-test/Disjoint(Disjoint__disjoint2_08()).JML_operation_contract.0.key.proof 
59205      DEBUG main            d.u.i.k.p.i.AbstractProblemLoader Environment load took 2ms 
59210      INFO  main            d.u.i.k.p.i.AbstractProblemLoader Creating init config 
63193      DEBUG main            d.u.i.k.j.r.ClassPreparationMethodBuilder clPrepBuilder: Inner Class detected. Reject building class initialisation methods. 
72447      DEBUG main            d.u.i.k.p.i.AbstractProblemLoader Init config took 13.24s 
72578      INFO  main            d.u.i.k.p.i.AbstractProblemLoader Replaying proof Disjoint[Disjoint::disjoint2_8()].JML operation contract.0 
72735      DEBUG main            d.u.i.k.p.i.IntermediateProofReplayer Proof replay took 152.04ms 
72737      DEBUG main            d.u.i.k.p.r.p.TestFile    ... success: reloaded. 
72739      INFO  main            d.u.i.k.p.r.p.TestFile    Now processing file /home/runner/work/key/key/key.core/../key.ui/examples/performance-test/AccessChain1(AccessChain1__foo_08()).JML_operation_contract.0.key 
72739      INFO  main            d.u.i.k.p.i.AbstractProblemLoader Loading environment from /home/runner/work/key/key/key.core/../key.ui/examples/performance-test/AccessChain1(AccessChain1__foo_08()).JML_operation_contract.0.key 
72739      DEBUG main            d.u.i.k.p.i.AbstractProblemLoader Environment load took 79.7ns 
72740      INFO  main            d.u.i.k.p.i.AbstractProblemLoader Creating init config 
76709      DEBUG main            d.u.i.k.j.r.ClassPreparationMethodBuilder clPrepBuilder: Inner Class detected. Reject building class initialisation methods. 
85800      DEBUG main            d.u.i.k.p.i.AbstractProblemLoader Init config took 13.06s 
85924      INFO  main            d.u.i.k.p.i.AbstractProblemLoader Replaying proof AccessChain1[AccessChain1::foo_8()].JML operation contract.0 
85926      DEBUG main            d.u.i.k.p.i.IntermediateProofReplayer Proof replay took 12.4ns 
89574      INFO  main            d.u.i.k.p.r.p.TestFile    ... finished proof: closed. 
90056      INFO  main            d.u.i.k.p.i.AbstractProblemLoader Loading environment from /home/runner/work/key/key/key.core/../key.ui/examples/performance-test/AccessChain1(AccessChain1__foo_08()).JML_operation_contract.0.key.proof 
90061      DEBUG main            d.u.i.k.p.i.AbstractProblemLoader Environment load took 4.73ms 
90068      INFO  main            d.u.i.k.p.i.AbstractProblemLoader Creating init config 
94039      DEBUG main            d.u.i.k.j.r.ClassPreparationMethodBuilder clPrepBuilder: Inner Class detected. Reject building class initialisation methods. 
103508     DEBUG main            d.u.i.k.p.i.AbstractProblemLoader Init config took 13.44s 
103637     INFO  main            d.u.i.k.p.i.AbstractProblemLoader Replaying proof AccessChain1[AccessChain1::foo_8()].JML operation contract.0 
104429     DEBUG main            d.u.i.k.p.i.IntermediateProofReplayer Proof replay took 773.74ms 
104435     DEBUG main            d.u.i.k.p.r.p.TestFile    ... success: reloaded. 
104440     INFO  main            d.u.i.k.p.r.p.TestFile    Now processing file /home/runner/work/key/key/key.core/../key.ui/examples/performance-test/AccessChain4(AccessChain4__foo_08()).JML_operation_contract.0.key 
104440     INFO  main            d.u.i.k.p.i.AbstractProblemLoader Loading environment from /home/runner/work/key/key/key.core/../key.ui/examples/performance-test/AccessChain4(AccessChain4__foo_08()).JML_operation_contract.0.key 
104440     DEBUG main            d.u.i.k.p.i.AbstractProblemLoader Environment load took 142ns 
104442     INFO  main            d.u.i.k.p.i.AbstractProblemLoader Creating init config 
108533     DEBUG main            d.u.i.k.j.r.ClassPreparationMethodBuilder clPrepBuilder: Inner Class detected. Reject building class initialisation methods. 
117807     DEBUG main            d.u.i.k.p.i.AbstractProblemLoader Init config took 13.36s 
117936     INFO  main            d.u.i.k.p.i.AbstractProblemLoader Replaying proof AccessChain4[AccessChain4::foo_8()].JML operation contract.0 
117939     DEBUG main            d.u.i.k.p.i.IntermediateProofReplayer Proof replay took 13.9ns 
126594     INFO  main            d.u.i.k.p.r.p.TestFile    ... finished proof: closed. 
127112     INFO  main            d.u.i.k.p.i.AbstractProblemLoader Loading environment from /home/runner/work/key/key/key.core/../key.ui/examples/performance-test/AccessChain4(AccessChain4__foo_08()).JML_operation_contract.0.key.proof 
127122     DEBUG main            d.u.i.k.p.i.AbstractProblemLoader Environment load took 9.63ms 
127128     INFO  main            d.u.i.k.p.i.AbstractProblemLoader Creating init config 
130945     DEBUG main            d.u.i.k.j.r.ClassPreparationMethodBuilder clPrepBuilder: Inner Class detected. Reject building class initialisation methods. 
140019     DEBUG main            d.u.i.k.p.i.AbstractProblemLoader Init config took 12.89s 
140153     INFO  main            d.u.i.k.p.i.AbstractProblemLoader Replaying proof AccessChain4[AccessChain4::foo_8()].JML operation contract.0 
141619     DEBUG main            d.u.i.k.p.i.IntermediateProofReplayer Proof replay took 1.4s 
141622     DEBUG main            d.u.i.k.p.r.p.TestFile    ... success: reloaded. 
141625     INFO  main            d.u.i.k.p.r.p.TestFile    Now processing file /home/runner/work/key/key/key.core/../key.ui/examples/performance-test/Disjoint(Disjoint__xZero_08()).JML_operation_contract.0.key 
141625     INFO  main            d.u.i.k.p.i.AbstractProblemLoader Loading environment from /home/runner/work/key/key/key.core/../key.ui/examples/performance-test/Disjoint(Disjoint__xZero_08()).JML_operation_contract.0.key 
141625     DEBUG main            d.u.i.k.p.i.AbstractProblemLoader Environment load took 253.9ns 
141626     INFO  main            d.u.i.k.p.i.AbstractProblemLoader Creating init config 
145558     DEBUG main            d.u.i.k.j.r.ClassPreparationMethodBuilder clPrepBuilder: Inner Class detected. Reject building class initialisation methods. 
154668     DEBUG main            d.u.i.k.p.i.AbstractProblemLoader Init config took 13.04s 
154804     INFO  main            d.u.i.k.p.i.AbstractProblemLoader Replaying proof Disjoint[Disjoint::xZero_8()].JML operation contract.0 
154807     DEBUG main            d.u.i.k.p.i.IntermediateProofReplayer Proof replay took 14.3ns 
156224     INFO  main            d.u.i.k.p.r.p.TestFile    ... finished proof: closed. 
156714     INFO  main            d.u.i.k.p.i.AbstractProblemLoader Loading environment from /home/runner/work/key/key/key.core/../key.ui/examples/performance-test/Disjoint(Disjoint__xZero_08()).JML_operation_contract.0.key.proof 
156714     DEBUG main            d.u.i.k.p.i.AbstractProblemLoader Environment load took 603.4ns 
156716     INFO  main            d.u.i.k.p.i.AbstractProblemLoader Creating init config 
160439     DEBUG main            d.u.i.k.j.r.ClassPreparationMethodBuilder clPrepBuilder: Inner Class detected. Reject building class initialisation methods. 
169671     DEBUG main            d.u.i.k.p.i.AbstractProblemLoader Init config took 12.96s 
169791     INFO  main            d.u.i.k.p.i.AbstractProblemLoader Replaying proof Disjoint[Disjoint::xZero_8()].JML operation contract.0 
170100     DEBUG main            d.u.i.k.p.i.IntermediateProofReplayer Proof replay took 298.71ms 
170102     DEBUG main            d.u.i.k.p.r.p.TestFile    ... success: reloaded. 
170104     INFO  main            d.u.i.k.p.r.p.TestFile    Now processing file /home/runner/work/key/key/key.core/../key.ui/examples/performance-test/Dynamic(Dynamic__foo_08()).JML_operation_contract.0.key 
170104     INFO  main            d.u.i.k.p.i.AbstractProblemLoader Loading environment from /home/runner/work/key/key/key.core/../key.ui/examples/performance-test/Dynamic(Dynamic__foo_08()).JML_operation_contract.0.key 
170105     DEBUG main            d.u.i.k.p.i.AbstractProblemLoader Environment load took 349.7ns 
170106     INFO  main            d.u.i.k.p.i.AbstractProblemLoader Creating init config 
173873     DEBUG main            d.u.i.k.j.r.ClassPreparationMethodBuilder clPrepBuilder: Inner Class detected. Reject building class initialisation methods. 
182945     DEBUG main            d.u.i.k.p.i.AbstractProblemLoader Init config took 12.84s 
183070     INFO  main            d.u.i.k.p.i.AbstractProblemLoader Replaying proof Dynamic[Dynamic::foo_8()].JML operation contract.0 
183072     DEBUG main            d.u.i.k.p.i.IntermediateProofReplayer Proof replay took 14.8ns 
190899     INFO  main            d.u.i.k.p.r.p.TestFile    ... finished proof: closed. 
191420     INFO  main            d.u.i.k.p.i.AbstractProblemLoader Loading environment from /home/runner/work/key/key/key.core/../key.ui/examples/performance-test/Dynamic(Dynamic__foo_08()).JML_operation_contract.0.key.proof 
191421     DEBUG main            d.u.i.k.p.i.AbstractProblemLoader Environment load took 699.9ns 
191423     INFO  main            d.u.i.k.p.i.AbstractProblemLoader Creating init config 
195154     DEBUG main            d.u.i.k.j.r.ClassPreparationMethodBuilder clPrepBuilder: Inner Class detected. Reject building class initialisation methods. 
204255     DEBUG main            d.u.i.k.p.i.AbstractProblemLoader Init config took 12.83s 
204370     INFO  main            d.u.i.k.p.i.AbstractProblemLoader Replaying proof Dynamic[Dynamic::foo_8()].JML operation contract.0 
205193     DEBUG main            d.u.i.k.p.i.IntermediateProofReplayer Proof replay took 797.19ms 
205196     DEBUG main            d.u.i.k.p.r.p.TestFile    ... success: reloaded. 
205197     INFO  main            d.u.i.k.p.r.p.TestFile    Now processing file /home/runner/work/key/key/key.core/../key.ui/examples/performance-test/DynamicGhost(DynamicGhost__dynamicGhost_08()).JML_normal_behavior_operation_contract.0.key 
205197     INFO  main            d.u.i.k.p.i.AbstractProblemLoader Loading environment from /home/runner/work/key/key/key.core/../key.ui/examples/performance-test/DynamicGhost(DynamicGhost__dynamicGhost_08()).JML_normal_behavior_operation_contract.0.key 
205198     DEBUG main            d.u.i.k.p.i.AbstractProblemLoader Environment load took 157.5ns 
205199     INFO  main            d.u.i.k.p.i.AbstractProblemLoader Creating init config 
209068     DEBUG main            d.u.i.k.j.r.ClassPreparationMethodBuilder clPrepBuilder: Inner Class detected. Reject building class initialisation methods. 
218240     DEBUG main            d.u.i.k.p.i.AbstractProblemLoader Init config took 13.04s 
218385     INFO  main            d.u.i.k.p.i.AbstractProblemLoader Replaying proof DynamicGhost[DynamicGhost::dynamicGhost_8()].JML normal_behavior operation contract.0 
218389     DEBUG main            d.u.i.k.p.i.IntermediateProofReplayer Proof replay took 14.5ns 
224594     INFO  main            d.u.i.k.p.r.p.TestFile    ... finished proof: closed. 
225156     INFO  main            d.u.i.k.p.i.AbstractProblemLoader Loading environment from /home/runner/work/key/key/key.core/../key.ui/examples/performance-test/DynamicGhost(DynamicGhost__dynamicGhost_08()).JML_normal_behavior_operation_contract.0.key.proof 
225157     DEBUG main            d.u.i.k.p.i.AbstractProblemLoader Environment load took 1.05ms 
225159     INFO  main            d.u.i.k.p.i.AbstractProblemLoader Creating init config 
228853     DEBUG main            d.u.i.k.j.r.ClassPreparationMethodBuilder clPrepBuilder: Inner Class detected. Reject building class initialisation methods. 
237946     DEBUG main            d.u.i.k.p.i.AbstractProblemLoader Init config took 12.79s 
238061     INFO  main            d.u.i.k.p.i.AbstractProblemLoader Replaying proof DynamicGhost[DynamicGhost::dynamicGhost_8()].JML normal_behavior operation contract.0 
238945     DEBUG main            d.u.i.k.p.i.IntermediateProofReplayer Proof replay took 827.1ms 
238948     DEBUG main            d.u.i.k.p.r.p.TestFile    ... success: reloaded. 
238951     INFO  main            d.u.i.k.p.r.p.TestFile    Now processing file /home/runner/work/key/key/key.core/../key.ui/examples/performance-test/GhostFrame(GhostFrame__foo_08()).JML_operation_contract.0.key 
238952     INFO  main            d.u.i.k.p.i.AbstractProblemLoader Loading environment from /home/runner/work/key/key/key.core/../key.ui/examples/performance-test/GhostFrame(GhostFrame__foo_08()).JML_operation_contract.0.key 
238952     DEBUG main            d.u.i.k.p.i.AbstractProblemLoader Environment load took 457.2ns 
238954     INFO  main            d.u.i.k.p.i.AbstractProblemLoader Creating init config 
242897     DEBUG main            d.u.i.k.j.r.ClassPreparationMethodBuilder clPrepBuilder: Inner Class detected. Reject building class initialisation methods. 
251967     DEBUG main            d.u.i.k.p.i.AbstractProblemLoader Init config took 13.01s 
252085     INFO  main            d.u.i.k.p.i.AbstractProblemLoader Replaying proof GhostFrame[GhostFrame::foo_8()].JML operation contract.0 
252088     DEBUG main            d.u.i.k.p.i.IntermediateProofReplayer Proof replay took 29ns 
254915     INFO  main            d.u.i.k.p.r.p.TestFile    ... finished proof: closed. 
255466     INFO  main            d.u.i.k.p.i.AbstractProblemLoader Loading environment from /home/runner/work/key/key/key.core/../key.ui/examples/performance-test/GhostFrame(GhostFrame__foo_08()).JML_operation_contract.0.key.proof 
255467     DEBUG main            d.u.i.k.p.i.AbstractProblemLoader Environment load took 1.26ms 
255469     INFO  main            d.u.i.k.p.i.AbstractProblemLoader Creating init config 
259291     DEBUG main            d.u.i.k.j.r.ClassPreparationMethodBuilder clPrepBuilder: Inner Class detected. Reject building class initialisation methods. 
268262     DEBUG main            d.u.i.k.p.i.AbstractProblemLoader Init config took 12.79s 
268377     INFO  main            d.u.i.k.p.i.AbstractProblemLoader Replaying proof GhostFrame[GhostFrame::foo_8()].JML operation contract.0 
268869     DEBUG main            d.u.i.k.p.i.IntermediateProofReplayer Proof replay took 481.62ms 
268871     DEBUG main            d.u.i.k.p.r.p.TestFile    ... success: reloaded. 
268873     INFO  main            d.u.i.k.p.r.p.TestFile    Now processing file /home/runner/work/key/key/key.core/../key.ui/examples/performance-test/Modelfield(Modelfield__foo_08()).JML_operation_contract.0.key 
268873     INFO  main            d.u.i.k.p.i.AbstractProblemLoader Loading environment from /home/runner/work/key/key/key.core/../key.ui/examples/performance-test/Modelfield(Modelfield__foo_08()).JML_operation_contract.0.key 
268873     DEBUG main            d.u.i.k.p.i.AbstractProblemLoader Environment load took 145.9ns 
268874     INFO  main            d.u.i.k.p.i.AbstractProblemLoader Creating init config 
272645     DEBUG main            d.u.i.k.j.r.ClassPreparationMethodBuilder clPrepBuilder: Inner Class detected. Reject building class initialisation methods. 
281731     DEBUG main            d.u.i.k.p.i.AbstractProblemLoader Init config took 12.86s 
281847     INFO  main            d.u.i.k.p.i.AbstractProblemLoader Replaying proof Modelfield[Modelfield::foo_8()].JML operation contract.0 
281849     DEBUG main            d.u.i.k.p.i.IntermediateProofReplayer Proof replay took 5.8ns 
286209     INFO  main            d.u.i.k.p.r.p.TestFile    ... finished proof: closed. 
286820     INFO  main            d.u.i.k.p.i.AbstractProblemLoader Loading environment from /home/runner/work/key/key/key.core/../key.ui/examples/performance-test/Modelfield(Modelfield__foo_08()).JML_operation_contract.0.key.proof 
286821     DEBUG main            d.u.i.k.p.i.AbstractProblemLoader Environment load took 786.7ns 
286823     INFO  main            d.u.i.k.p.i.AbstractProblemLoader Creating init config 
290499     DEBUG main            d.u.i.k.j.r.ClassPreparationMethodBuilder clPrepBuilder: Inner Class detected. Reject building class initialisation methods. 
299507     DEBUG main            d.u.i.k.p.i.AbstractProblemLoader Init config took 12.68s 
299620     INFO  main            d.u.i.k.p.i.AbstractProblemLoader Replaying proof Modelfield[Modelfield::foo_8()].JML operation contract.0 
300227     DEBUG main            d.u.i.k.p.i.IntermediateProofReplayer Proof replay took 589.92ms 
300229     DEBUG main            d.u.i.k.p.r.p.TestFile    ... success: reloaded. 
498035     INFO  Test worker     d.u.i.k.p.r.RunAllProofsTestUnit Returning from test performance 
498041     INFO  Test worker     d.u.i.k.p.r.RunAllProofsTestUnit Running test performancePOConstruction 
451        INFO  Timeout watchdog d.u.i.k.p.r.p.ForkedTestFileRunner Timeout watcher launched (2000 secs.) 
477        WARN  main            d.u.i.k.s.ProofSettings   The settings in /home/runner/.key/proof-settings.props are *not* read. 
542        INFO  main            d.u.i.k.p.r.p.TestFile    Now processing file /home/runner/work/key/key/key.core/../key.ui/examples/performance-test/Test(Test__a0(int)).JML_normal_behavior_operation_contract.0.key 
718        INFO  main            d.u.i.k.p.i.AbstractProblemLoader Loading environment from /home/runner/work/key/key/key.core/../key.ui/examples/performance-test/Test(Test__a0(int)).JML_normal_behavior_operation_contract.0.key 
741        DEBUG main            d.u.i.k.p.i.AbstractProblemLoader Environment load took 2.85ms 
1046       INFO  main            d.u.i.k.p.i.AbstractProblemLoader Creating init config 
2382       DEBUG main            d.u.i.k.j.TypeConverter   No LDT found for Meta 
2383       DEBUG main            d.u.i.k.j.TypeConverter   No LDT found for Meta 
2389       DEBUG main            d.u.i.k.j.TypeConverter   No LDT found for Meta 
2391       DEBUG main            d.u.i.k.j.TypeConverter   No LDT found for Meta 
4408       DEBUG main            d.u.i.k.j.TypeConverter   No LDT found for JavaBigintExpression 
11505      DEBUG main            d.u.i.k.j.r.ClassPreparationMethodBuilder clPrepBuilder: Inner Class detected. Reject building class initialisation methods. 
21977      DEBUG main            d.u.i.k.p.i.AbstractProblemLoader Init config took 20.93s 
23600      INFO  main            d.u.i.k.p.i.AbstractProblemLoader Replaying proof Test[Test::a0(int)].JML normal_behavior operation contract.0 
23714      DEBUG main            d.u.i.k.p.i.IntermediateProofReplayer Proof replay took 43ns 
24287      INFO  main            d.u.i.k.p.r.p.TestFile    ... finished proof: closed. 
24488      INFO  main            d.u.i.k.p.i.AbstractProblemLoader Loading environment from /home/runner/work/key/key/key.core/../key.ui/examples/performance-test/Test(Test__a0(int)).JML_normal_behavior_operation_contract.0.key.proof 
24493      DEBUG main            d.u.i.k.p.i.AbstractProblemLoader Environment load took 5.12ms 
24497      INFO  main            d.u.i.k.p.i.AbstractProblemLoader Creating init config 
28950      DEBUG main            d.u.i.k.j.r.ClassPreparationMethodBuilder clPrepBuilder: Inner Class detected. Reject building class initialisation methods. 
38357      DEBUG main            d.u.i.k.p.i.AbstractProblemLoader Init config took 13.86s 
39675      INFO  main            d.u.i.k.p.i.AbstractProblemLoader Replaying proof Test[Test::a0(int)].JML normal_behavior operation contract.0 
39712      DEBUG main            d.u.i.k.p.i.IntermediateProofReplayer Proof replay took 31.17ms 
39727      DEBUG main            d.u.i.k.p.r.p.TestFile    ... success: reloaded. 
39731      INFO  main            d.u.i.k.p.r.p.TestFile    Now processing file /home/runner/work/key/key/key.core/../key.ui/examples/performance-test/Test(Test__a1(int)).JML_normal_behavior_operation_contract.0.key 
39733      INFO  main            d.u.i.k.p.i.AbstractProblemLoader Loading environment from /home/runner/work/key/key/key.core/../key.ui/examples/performance-test/Test(Test__a1(int)).JML_normal_behavior_operation_contract.0.key 
39733      DEBUG main            d.u.i.k.p.i.AbstractProblemLoader Environment load took 167.3ns 
39736      INFO  main            d.u.i.k.p.i.AbstractProblemLoader Creating init config 
43780      DEBUG main            d.u.i.k.j.r.ClassPreparationMethodBuilder clPrepBuilder: Inner Class detected. Reject building class initialisation methods. 
52713      DEBUG main            d.u.i.k.p.i.AbstractProblemLoader Init config took 12.98s 
53985      INFO  main            d.u.i.k.p.i.AbstractProblemLoader Replaying proof Test[Test::a1(int)].JML normal_behavior operation contract.0 
53990      DEBUG main            d.u.i.k.p.i.IntermediateProofReplayer Proof replay took 8.1ns 
54506      INFO  main            d.u.i.k.p.r.p.TestFile    ... finished proof: closed. 
54831      INFO  main            d.u.i.k.p.i.AbstractProblemLoader Loading environment from /home/runner/work/key/key/key.core/../key.ui/examples/performance-test/Test(Test__a1(int)).JML_normal_behavior_operation_contract.0.key.proof 
54831      DEBUG main            d.u.i.k.p.i.AbstractProblemLoader Environment load took 163.8ns 
54834      INFO  main            d.u.i.k.p.i.AbstractProblemLoader Creating init config 
58738      DEBUG main            d.u.i.k.j.r.ClassPreparationMethodBuilder clPrepBuilder: Inner Class detected. Reject building class initialisation methods. 
67703      DEBUG main            d.u.i.k.p.i.AbstractProblemLoader Init config took 12.87s 
68997      INFO  main            d.u.i.k.p.i.AbstractProblemLoader Replaying proof Test[Test::a1(int)].JML normal_behavior operation contract.0 
69084      DEBUG main            d.u.i.k.p.i.IntermediateProofReplayer Proof replay took 82.72ms 
69087      DEBUG main            d.u.i.k.p.r.p.TestFile    ... success: reloaded. 
69088      INFO  main            d.u.i.k.p.r.p.TestFile    Now processing file /home/runner/work/key/key/key.core/../key.ui/examples/performance-test/Test(Test__f1(int)).JML_normal_behavior_operation_contract.0.key 
69089      INFO  main            d.u.i.k.p.i.AbstractProblemLoader Loading environment from /home/runner/work/key/key/key.core/../key.ui/examples/performance-test/Test(Test__f1(int)).JML_normal_behavior_operation_contract.0.key 
69089      DEBUG main            d.u.i.k.p.i.AbstractProblemLoader Environment load took 267.7ns 
69091      INFO  main            d.u.i.k.p.i.AbstractProblemLoader Creating init config 
72845      DEBUG main            d.u.i.k.j.r.ClassPreparationMethodBuilder clPrepBuilder: Inner Class detected. Reject building class initialisation methods. 
81767      DEBUG main            d.u.i.k.p.i.AbstractProblemLoader Init config took 12.68s 
83039      INFO  main            d.u.i.k.p.i.AbstractProblemLoader Replaying proof Test[Test::f1(int)].JML normal_behavior operation contract.0 
83042      DEBUG main            d.u.i.k.p.i.IntermediateProofReplayer Proof replay took 7.7ns 
83346      INFO  main            d.u.i.k.p.r.p.TestFile    ... finished proof: closed. 
83812      INFO  main            d.u.i.k.p.i.AbstractProblemLoader Loading environment from /home/runner/work/key/key/key.core/../key.ui/examples/performance-test/Test(Test__f1(int)).JML_normal_behavior_operation_contract.0.key.proof 
83814      DEBUG main            d.u.i.k.p.i.AbstractProblemLoader Environment load took 2.07ms 
83816      INFO  main            d.u.i.k.p.i.AbstractProblemLoader Creating init config 
87672      DEBUG main            d.u.i.k.j.r.ClassPreparationMethodBuilder clPrepBuilder: Inner Class detected. Reject building class initialisation methods. 
96650      DEBUG main            d.u.i.k.p.i.AbstractProblemLoader Init config took 12.83s 
97903      INFO  main            d.u.i.k.p.i.AbstractProblemLoader Replaying proof Test[Test::f1(int)].JML normal_behavior operation contract.0 
97974      DEBUG main            d.u.i.k.p.i.IntermediateProofReplayer Proof replay took 66.16ms 
97976      DEBUG main            d.u.i.k.p.r.p.TestFile    ... success: reloaded. 
596232     INFO  Test worker     d.u.i.k.p.r.RunAllProofsTestUnit Returning from test performancePOConstruction 
596234     INFO  Test worker     d.u.i.k.p.r.RunAllProofsTestUnit Running test applicationRestrictions 
449        INFO  Timeout watchdog d.u.i.k.p.r.p.ForkedTestFileRunner Timeout watcher launched (2000 secs.) 
478        WARN  main            d.u.i.k.s.ProofSettings   The settings in /home/runner/.key/proof-settings.props are *not* read. 
550        INFO  main            d.u.i.k.p.r.p.TestFile    Now processing file /home/runner/work/key/key/key.core/../key.ui/examples/heap/polarity_tests/wellformed1.key 
724        INFO  main            d.u.i.k.p.i.AbstractProblemLoader Loading environment from /home/runner/work/key/key/key.core/../key.ui/examples/heap/polarity_tests/wellformed1.key 
746        DEBUG main            d.u.i.k.p.i.AbstractProblemLoader Environment load took 2.34ms 
1091       INFO  main            d.u.i.k.p.i.AbstractProblemLoader Creating init config 
2491       DEBUG main            d.u.i.k.j.TypeConverter   No LDT found for Meta 
2492       DEBUG main            d.u.i.k.j.TypeConverter   No LDT found for Meta 
2495       DEBUG main            d.u.i.k.j.TypeConverter   No LDT found for Meta 
2496       DEBUG main            d.u.i.k.j.TypeConverter   No LDT found for Meta 
4582       DEBUG main            d.u.i.k.j.TypeConverter   No LDT found for JavaBigintExpression 
11111      DEBUG main            d.u.i.k.p.i.AbstractProblemLoader Init config took 10.02s 
11189      INFO  main            d.u.i.k.p.i.AbstractProblemLoader Replaying proof wellformed1.key 
11240      DEBUG main            d.u.i.k.p.i.IntermediateProofReplayer Proof replay took 43ns 
11427      INFO  main            d.u.i.k.p.r.p.TestFile    ... finished proof: closed. 
11559      INFO  main            d.u.i.k.p.i.AbstractProblemLoader Loading environment from /home/runner/work/key/key/key.core/../key.ui/examples/heap/polarity_tests/wellformed1.key.proof 
11562      DEBUG main            d.u.i.k.p.i.AbstractProblemLoader Environment load took 2.29ms 
11569      INFO  main            d.u.i.k.p.i.AbstractProblemLoader Creating init config 
15364      DEBUG main            d.u.i.k.p.i.AbstractProblemLoader Init config took 3.8s 
15406      INFO  main            d.u.i.k.p.i.AbstractProblemLoader Replaying proof wellformed1.key.proof 
15415      DEBUG main            d.u.i.k.p.i.IntermediateProofReplayer Proof replay took 3.33ms 
15431      DEBUG main            d.u.i.k.p.r.p.TestFile    ... success: reloaded. 
15433      INFO  main            d.u.i.k.p.r.p.TestFile    Now processing file /home/runner/work/key/key/key.core/../key.ui/examples/heap/polarity_tests/wellformed2.key 
15434      INFO  main            d.u.i.k.p.i.AbstractProblemLoader Loading environment from /home/runner/work/key/key/key.core/../key.ui/examples/heap/polarity_tests/wellformed2.key 
15434      DEBUG main            d.u.i.k.p.i.AbstractProblemLoader Environment load took 412.8ns 
15436      INFO  main            d.u.i.k.p.i.AbstractProblemLoader Creating init config 
18886      DEBUG main            d.u.i.k.p.i.AbstractProblemLoader Init config took 3.45s 
18924      INFO  main            d.u.i.k.p.i.AbstractProblemLoader Replaying proof wellformed2.key 
18926      DEBUG main            d.u.i.k.p.i.IntermediateProofReplayer Proof replay took 7.9ns 
19031      INFO  main            d.u.i.k.p.r.p.TestFile    ... finished proof: open goal(s) 
19184      INFO  main            d.u.i.k.p.r.p.TestFile    Now processing file /home/runner/work/key/key/key.core/../key.ui/examples/heap/polarity_tests/wellformed3.key 
19185      INFO  main            d.u.i.k.p.i.AbstractProblemLoader Loading environment from /home/runner/work/key/key/key.core/../key.ui/examples/heap/polarity_tests/wellformed3.key 
19186      DEBUG main            d.u.i.k.p.i.AbstractProblemLoader Environment load took 417.9ns 
19188      INFO  main            d.u.i.k.p.i.AbstractProblemLoader Creating init config 
22504      DEBUG main            d.u.i.k.p.i.AbstractProblemLoader Init config took 3.32s 
22537      INFO  main            d.u.i.k.p.i.AbstractProblemLoader Replaying proof wellformed3.key 
22540      DEBUG main            d.u.i.k.p.i.IntermediateProofReplayer Proof replay took 7.6ns 
22643      INFO  main            d.u.i.k.p.r.p.TestFile    ... finished proof: closed. 
22787      INFO  main            d.u.i.k.p.i.AbstractProblemLoader Loading environment from /home/runner/work/key/key/key.core/../key.ui/examples/heap/polarity_tests/wellformed3.key.proof 
22788      DEBUG main            d.u.i.k.p.i.AbstractProblemLoader Environment load took 647ns 
22790      INFO  main            d.u.i.k.p.i.AbstractProblemLoader Creating init config 
26035      DEBUG main            d.u.i.k.p.i.AbstractProblemLoader Init config took 3.24s 
26066      INFO  main            d.u.i.k.p.i.AbstractProblemLoader Replaying proof wellformed3.key.proof 
26072      DEBUG main            d.u.i.k.p.i.IntermediateProofReplayer Proof replay took 3.16ms 
26074      DEBUG main            d.u.i.k.p.r.p.TestFile    ... success: reloaded. 
26075      INFO  main            d.u.i.k.p.r.p.TestFile    Now processing file /home/runner/work/key/key/key.core/../key.ui/examples/heap/polarity_tests/wellformed4.key 
26076      INFO  main            d.u.i.k.p.i.AbstractProblemLoader Loading environment from /home/runner/work/key/key/key.core/../key.ui/examples/heap/polarity_tests/wellformed4.key 
26076      DEBUG main            d.u.i.k.p.i.AbstractProblemLoader Environment load took 342.2ns 
26081      INFO  main            d.u.i.k.p.i.AbstractProblemLoader Creating init config 
29372      DEBUG main            d.u.i.k.p.i.AbstractProblemLoader Init config took 3.29s 
29400      INFO  main            d.u.i.k.p.i.AbstractProblemLoader Replaying proof wellformed4.key 
29403      DEBUG main            d.u.i.k.p.i.IntermediateProofReplayer Proof replay took 7.2ns 
29506      INFO  main            d.u.i.k.p.r.p.TestFile    ... finished proof: open goal(s) 
29726      INFO  main            d.u.i.k.p.r.p.TestFile    Now processing file /home/runner/work/key/key/key.core/../key.ui/examples/heap/polarity_tests/wellformed5.key 
29726      INFO  main            d.u.i.k.p.i.AbstractProblemLoader Loading environment from /home/runner/work/key/key/key.core/../key.ui/examples/heap/polarity_tests/wellformed5.key 
29726      DEBUG main            d.u.i.k.p.i.AbstractProblemLoader Environment load took 122.9ns 
29727      INFO  main            d.u.i.k.p.i.AbstractProblemLoader Creating init config 
32924      DEBUG main            d.u.i.k.p.i.AbstractProblemLoader Init config took 3.2s 
32951      INFO  main            d.u.i.k.p.i.AbstractProblemLoader Replaying proof wellformed5.key 
32953      DEBUG main            d.u.i.k.p.i.IntermediateProofReplayer Proof replay took 7.7ns 
33059      INFO  main            d.u.i.k.p.r.p.TestFile    ... finished proof: closed. 
33237      INFO  main            d.u.i.k.p.i.AbstractProblemLoader Loading environment from /home/runner/work/key/key/key.core/../key.ui/examples/heap/polarity_tests/wellformed5.key.proof 
33238      DEBUG main            d.u.i.k.p.i.AbstractProblemLoader Environment load took 674.3ns 
33239      INFO  main            d.u.i.k.p.i.AbstractProblemLoader Creating init config 
36506      DEBUG main            d.u.i.k.p.i.AbstractProblemLoader Init config took 3.27s 
36530      INFO  main            d.u.i.k.p.i.AbstractProblemLoader Replaying proof wellformed5.key.proof 
36537      DEBUG main            d.u.i.k.p.i.IntermediateProofReplayer Proof replay took 3.29ms 
36538      DEBUG main            d.u.i.k.p.r.p.TestFile    ... success: reloaded. 
36540      INFO  main            d.u.i.k.p.r.p.TestFile    Now processing file /home/runner/work/key/key/key.core/../key.ui/examples/heap/polarity_tests/wellformed6.key 
36540      INFO  main            d.u.i.k.p.i.AbstractProblemLoader Loading environment from /home/runner/work/key/key/key.core/../key.ui/examples/heap/polarity_tests/wellformed6.key 
36540      DEBUG main            d.u.i.k.p.i.AbstractProblemLoader Environment load took 269ns 
36542      INFO  main            d.u.i.k.p.i.AbstractProblemLoader Creating init config 
39816      DEBUG main            d.u.i.k.p.i.AbstractProblemLoader Init config took 3.27s 
39839      INFO  main            d.u.i.k.p.i.AbstractProblemLoader Replaying proof wellformed6.key 
39842      DEBUG main            d.u.i.k.p.i.IntermediateProofReplayer Proof replay took 7.7ns 
39947      INFO  main            d.u.i.k.p.r.p.TestFile    ... finished proof: open goal(s) 
40170      INFO  main            d.u.i.k.p.r.p.TestFile    Now processing file /home/runner/work/key/key/key.core/../key.ui/examples/heap/polarity_tests/wellformed7.key 
40171      INFO  main            d.u.i.k.p.i.AbstractProblemLoader Loading environment from /home/runner/work/key/key/key.core/../key.ui/examples/heap/polarity_tests/wellformed7.key 
40171      DEBUG main            d.u.i.k.p.i.AbstractProblemLoader Environment load took 306.8ns 
40173      INFO  main            d.u.i.k.p.i.AbstractProblemLoader Creating init config 
43348      DEBUG main            d.u.i.k.p.i.AbstractProblemLoader Init config took 3.18s 
43373      INFO  main            d.u.i.k.p.i.AbstractProblemLoader Replaying proof wellformed7.key 
43375      DEBUG main            d.u.i.k.p.i.IntermediateProofReplayer Proof replay took 10.4ns 
43478      INFO  main            d.u.i.k.p.r.p.TestFile    ... finished proof: closed. 
43646      INFO  main            d.u.i.k.p.i.AbstractProblemLoader Loading environment from /home/runner/work/key/key/key.core/../key.ui/examples/heap/polarity_tests/wellformed7.key.proof 
43646      DEBUG main            d.u.i.k.p.i.AbstractProblemLoader Environment load took 562ns 
43648      INFO  main            d.u.i.k.p.i.AbstractProblemLoader Creating init config 
46798      DEBUG main            d.u.i.k.p.i.AbstractProblemLoader Init config took 3.15s 
46823      INFO  main            d.u.i.k.p.i.AbstractProblemLoader Replaying proof wellformed7.key.proof 
46828      DEBUG main            d.u.i.k.p.i.IntermediateProofReplayer Proof replay took 2.2ms 
46829      DEBUG main            d.u.i.k.p.r.p.TestFile    ... success: reloaded. 
46830      INFO  main            d.u.i.k.p.r.p.TestFile    Now processing file /home/runner/work/key/key/key.core/../key.ui/examples/heap/polarity_tests/wellformed8.key 
46831      INFO  main            d.u.i.k.p.i.AbstractProblemLoader Loading environment from /home/runner/work/key/key/key.core/../key.ui/examples/heap/polarity_tests/wellformed8.key 
46831      DEBUG main            d.u.i.k.p.i.AbstractProblemLoader Environment load took 254.4ns 
46832      INFO  main            d.u.i.k.p.i.AbstractProblemLoader Creating init config 
49961      DEBUG main            d.u.i.k.p.i.AbstractProblemLoader Init config took 3.13s 
49991      INFO  main            d.u.i.k.p.i.AbstractProblemLoader Replaying proof wellformed8.key 
49995      DEBUG main            d.u.i.k.p.i.IntermediateProofReplayer Proof replay took 11.9ns 
50099      INFO  main            d.u.i.k.p.r.p.TestFile    ... finished proof: open goal(s) 
50288      INFO  main            d.u.i.k.p.r.p.TestFile    Now processing file /home/runner/work/key/key/key.core/../key.ui/examples/heap/polarity_tests/wellformed9.key 
50288      INFO  main            d.u.i.k.p.i.AbstractProblemLoader Loading environment from /home/runner/work/key/key/key.core/../key.ui/examples/heap/polarity_tests/wellformed9.key 
50288      DEBUG main            d.u.i.k.p.i.AbstractProblemLoader Environment load took 90.3ns 
50290      INFO  main            d.u.i.k.p.i.AbstractProblemLoader Creating init config 
53373      DEBUG main            d.u.i.k.p.i.AbstractProblemLoader Init config took 3.08s 
53395      INFO  main            d.u.i.k.p.i.AbstractProblemLoader Replaying proof wellformed9.key 
53397      DEBUG main            d.u.i.k.p.i.IntermediateProofReplayer Proof replay took 8.3ns 
53499      INFO  main            d.u.i.k.p.r.p.TestFile    ... finished proof: closed. 
53736      INFO  main            d.u.i.k.p.i.AbstractProblemLoader Loading environment from /home/runner/work/key/key/key.core/../key.ui/examples/heap/polarity_tests/wellformed9.key.proof 
53737      DEBUG main            d.u.i.k.p.i.AbstractProblemLoader Environment load took 171.1ns 
53738      INFO  main            d.u.i.k.p.i.AbstractProblemLoader Creating init config 
56849      DEBUG main            d.u.i.k.p.i.AbstractProblemLoader Init config took 3.11s 
56871      INFO  main            d.u.i.k.p.i.AbstractProblemLoader Replaying proof wellformed9.key.proof 
56875      DEBUG main            d.u.i.k.p.i.IntermediateProofReplayer Proof replay took 1.87ms 
56877      DEBUG main            d.u.i.k.p.r.p.TestFile    ... success: reloaded. 
56877      INFO  main            d.u.i.k.p.r.p.TestFile    Now processing file /home/runner/work/key/key/key.core/../key.ui/examples/heap/polarity_tests/wellformed10.key 
56878      INFO  main            d.u.i.k.p.i.AbstractProblemLoader Loading environment from /home/runner/work/key/key/key.core/../key.ui/examples/heap/polarity_tests/wellformed10.key 
56878      DEBUG main            d.u.i.k.p.i.AbstractProblemLoader Environment load took 147.1ns 
56879      INFO  main            d.u.i.k.p.i.AbstractProblemLoader Creating init config 
60136      DEBUG main            d.u.i.k.p.i.AbstractProblemLoader Init config took 3.26s 
60155      INFO  main            d.u.i.k.p.i.AbstractProblemLoader Replaying proof wellformed10.key 
60156      DEBUG main            d.u.i.k.p.i.IntermediateProofReplayer Proof replay took 7.6ns 
60263      INFO  main            d.u.i.k.p.r.p.TestFile    ... finished proof: open goal(s) 
60470      INFO  main            d.u.i.k.p.r.p.TestFile    Now processing file /home/runner/work/key/key/key.core/../key.ui/examples/heap/polarity_tests/wellformed11.key 
60471      INFO  main            d.u.i.k.p.i.AbstractProblemLoader Loading environment from /home/runner/work/key/key/key.core/../key.ui/examples/heap/polarity_tests/wellformed11.key 
60471      DEBUG main            d.u.i.k.p.i.AbstractProblemLoader Environment load took 78.2ns 
60472      INFO  main            d.u.i.k.p.i.AbstractProblemLoader Creating init config 
63579      DEBUG main            d.u.i.k.p.i.AbstractProblemLoader Init config took 3.11s 
63599      INFO  main            d.u.i.k.p.i.AbstractProblemLoader Replaying proof wellformed11.key 
63601      DEBUG main            d.u.i.k.p.i.IntermediateProofReplayer Proof replay took 9.5ns 
63705      INFO  main            d.u.i.k.p.r.p.TestFile    ... finished proof: open goal(s) 
660367     INFO  Test worker     d.u.i.k.p.r.RunAllProofsTestUnit Returning from test applicationRestrictions 
660373     INFO  Test worker     d.u.i.k.p.r.RunAllProofsTestUnit Running test blockContracts 
450        INFO  Timeout watchdog d.u.i.k.p.r.p.ForkedTestFileRunner Timeout watcher launched (2000 secs.) 
478        WARN  main            d.u.i.k.s.ProofSettings   The settings in /home/runner/.key/proof-settings.props are *not* read. 
525        INFO  main            d.u.i.k.p.r.p.TestFile    Now processing file /home/runner/work/key/key/key.core/../key.ui/examples/heap/block_contracts/Simple__add.key 
674        INFO  main            d.u.i.k.p.i.AbstractProblemLoader Loading environment from /home/runner/work/key/key/key.core/../key.ui/examples/heap/block_contracts/Simple__add.key 
696        DEBUG main            d.u.i.k.p.i.AbstractProblemLoader Environment load took 2.56ms 
1001       INFO  main            d.u.i.k.p.i.AbstractProblemLoader Creating init config 
2417       DEBUG main            d.u.i.k.j.TypeConverter   No LDT found for Meta 
2417       DEBUG main            d.u.i.k.j.TypeConverter   No LDT found for Meta 
2419       DEBUG main            d.u.i.k.j.TypeConverter   No LDT found for Meta 
2419       DEBUG main            d.u.i.k.j.TypeConverter   No LDT found for Meta 
4184       DEBUG main            d.u.i.k.j.TypeConverter   No LDT found for JavaBigintExpression 
11628      DEBUG main            d.u.i.k.p.i.AbstractProblemLoader Init config took 10.63s 
11797      INFO  main            d.u.i.k.p.i.AbstractProblemLoader Replaying proof Simple[Simple::add(int,int)].JML operation contract.0 
11911      DEBUG main            d.u.i.k.p.i.IntermediateProofReplayer Proof replay took 452.2ns 
12958      INFO  main            d.u.i.k.p.r.p.TestFile    ... finished proof: closed. 
13132      INFO  main            d.u.i.k.p.i.AbstractProblemLoader Loading environment from /home/runner/work/key/key/key.core/../key.ui/examples/heap/block_contracts/Simple__add.key.proof 
13132      DEBUG main            d.u.i.k.p.i.AbstractProblemLoader Environment load took 155.1ns 
13134      INFO  main            d.u.i.k.p.i.AbstractProblemLoader Creating init config 
17493      DEBUG main            d.u.i.k.p.i.AbstractProblemLoader Init config took 4.36s 
17605      INFO  main            d.u.i.k.p.i.AbstractProblemLoader Replaying proof Simple[Simple::add(int,int)].JML operation contract.0 
17755      DEBUG main            d.u.i.k.p.i.IntermediateProofReplayer Proof replay took 137.1ms 
17765      DEBUG main            d.u.i.k.p.r.p.TestFile    ... success: reloaded. 
17767      INFO  main            d.u.i.k.p.r.p.TestFile    Now processing file /home/runner/work/key/key/key.core/../key.ui/examples/heap/block_contracts/Simple__addAbsoluteValues.key 
17770      INFO  main            d.u.i.k.p.i.AbstractProblemLoader Loading environment from /home/runner/work/key/key/key.core/../key.ui/examples/heap/block_contracts/Simple__addAbsoluteValues.key 
17771      DEBUG main            d.u.i.k.p.i.AbstractProblemLoader Environment load took 1.34ms 
17776      INFO  main            d.u.i.k.p.i.AbstractProblemLoader Creating init config 
22001      DEBUG main            d.u.i.k.p.i.AbstractProblemLoader Init config took 4.23s 
22075      INFO  main            d.u.i.k.p.i.AbstractProblemLoader Replaying proof Simple[Simple::addAbsoluteValues(int,int)].JML normal_behavior operation contract.0 
22078      DEBUG main            d.u.i.k.p.i.IntermediateProofReplayer Proof replay took 17.5ns 
23495      INFO  main            d.u.i.k.p.r.p.TestFile    ... finished proof: closed. 
23751      INFO  main            d.u.i.k.p.i.AbstractProblemLoader Loading environment from /home/runner/work/key/key/key.core/../key.ui/examples/heap/block_contracts/Simple__addAbsoluteValues.key.proof 
23752      DEBUG main            d.u.i.k.p.i.AbstractProblemLoader Environment load took 1.06ms 
23754      INFO  main            d.u.i.k.p.i.AbstractProblemLoader Creating init config 
27931      DEBUG main            d.u.i.k.p.i.AbstractProblemLoader Init config took 4.18s 
27999      INFO  main            d.u.i.k.p.i.AbstractProblemLoader Replaying proof Simple[Simple::addAbsoluteValues(int,int)].JML normal_behavior operation contract.0 
28292      DEBUG main            d.u.i.k.p.i.IntermediateProofReplayer Proof replay took 282.7ms 
28294      DEBUG main            d.u.i.k.p.r.p.TestFile    ... success: reloaded. 
28296      INFO  main            d.u.i.k.p.r.p.TestFile    Now processing file /home/runner/work/key/key/key.core/../key.ui/examples/heap/block_contracts/Simple__addWithJump.key 
28296      INFO  main            d.u.i.k.p.i.AbstractProblemLoader Loading environment from /home/runner/work/key/key/key.core/../key.ui/examples/heap/block_contracts/Simple__addWithJump.key 
28297      DEBUG main            d.u.i.k.p.i.AbstractProblemLoader Environment load took 287ns 
28299      INFO  main            d.u.i.k.p.i.AbstractProblemLoader Creating init config 
32205      DEBUG main            d.u.i.k.p.i.AbstractProblemLoader Init config took 3.91s 
32266      INFO  main            d.u.i.k.p.i.AbstractProblemLoader Replaying proof Simple[Simple::addWithJump(int,int,int)].JML operation contract.0 
32269      DEBUG main            d.u.i.k.p.i.IntermediateProofReplayer Proof replay took 11.5ns 
32471      INFO  main            d.u.i.k.p.r.p.TestFile    ... finished proof: closed. 
32703      INFO  main            d.u.i.k.p.i.AbstractProblemLoader Loading environment from /home/runner/work/key/key/key.core/../key.ui/examples/heap/block_contracts/Simple__addWithJump.key.proof 
32704      DEBUG main            d.u.i.k.p.i.AbstractProblemLoader Environment load took 897.4ns 
32706      INFO  main            d.u.i.k.p.i.AbstractProblemLoader Creating init config 
36736      DEBUG main            d.u.i.k.p.i.AbstractProblemLoader Init config took 4.03s 
36796      INFO  main            d.u.i.k.p.i.AbstractProblemLoader Replaying proof Simple[Simple::addWithJump(int,int,int)].JML operation contract.0 
36861      DEBUG main            d.u.i.k.p.i.IntermediateProofReplayer Proof replay took 61.1ms 
36863      DEBUG main            d.u.i.k.p.r.p.TestFile    ... success: reloaded. 
36865      INFO  main            d.u.i.k.p.r.p.TestFile    Now processing file /home/runner/work/key/key/key.core/../key.ui/examples/heap/block_contracts/Simple__addWithTwoBlockContracts.key 
36866      INFO  main            d.u.i.k.p.i.AbstractProblemLoader Loading environment from /home/runner/work/key/key/key.core/../key.ui/examples/heap/block_contracts/Simple__addWithTwoBlockContracts.key 
36866      DEBUG main            d.u.i.k.p.i.AbstractProblemLoader Environment load took 281.8ns 
36868      INFO  main            d.u.i.k.p.i.AbstractProblemLoader Creating init config 
40967      DEBUG main            d.u.i.k.p.i.AbstractProblemLoader Init config took 4.1s 
41028      INFO  main            d.u.i.k.p.i.AbstractProblemLoader Replaying proof Simple[Simple::addWithTwoBlockContracts(int,int,int)].JML operation contract.0 
41031      DEBUG main            d.u.i.k.p.i.IntermediateProofReplayer Proof replay took 14.8ns 
41335      INFO  main            d.u.i.k.p.r.p.TestFile    ... finished proof: closed. 
41559      INFO  main            d.u.i.k.p.i.AbstractProblemLoader Loading environment from /home/runner/work/key/key/key.core/../key.ui/examples/heap/block_contracts/Simple__addWithTwoBlockContracts.key.proof 
41560      DEBUG main            d.u.i.k.p.i.AbstractProblemLoader Environment load took 713.7ns 
41561      INFO  main            d.u.i.k.p.i.AbstractProblemLoader Creating init config 
45499      DEBUG main            d.u.i.k.p.i.AbstractProblemLoader Init config took 3.94s 
45557      INFO  main            d.u.i.k.p.i.AbstractProblemLoader Replaying proof Simple[Simple::addWithTwoBlockContracts(int,int,int)].JML operation contract.0 
45639      DEBUG main            d.u.i.k.p.i.IntermediateProofReplayer Proof replay took 78.5ms 
45641      DEBUG main            d.u.i.k.p.r.p.TestFile    ... success: reloaded. 
45642      INFO  main            d.u.i.k.p.r.p.TestFile    Now processing file /home/runner/work/key/key/key.core/../key.ui/examples/heap/block_contracts/Simple__generateByteArray.key 
45643      INFO  main            d.u.i.k.p.i.AbstractProblemLoader Loading environment from /home/runner/work/key/key/key.core/../key.ui/examples/heap/block_contracts/Simple__generateByteArray.key 
45643      DEBUG main            d.u.i.k.p.i.AbstractProblemLoader Environment load took 356ns 
45645      INFO  main            d.u.i.k.p.i.AbstractProblemLoader Creating init config 
49687      DEBUG main            d.u.i.k.p.i.AbstractProblemLoader Init config took 4.04s 
49747      INFO  main            d.u.i.k.p.i.AbstractProblemLoader Replaying proof Simple[Simple::generateByteArray()].JML normal_behavior operation contract.0 
49752      DEBUG main            d.u.i.k.p.i.IntermediateProofReplayer Proof replay took 13.1ns 
52471      INFO  main            d.u.i.k.p.r.p.TestFile    ... finished proof: closed. 
52757      INFO  main            d.u.i.k.p.i.AbstractProblemLoader Loading environment from /home/runner/work/key/key/key.core/../key.ui/examples/heap/block_contracts/Simple__generateByteArray.key.proof 
52758      DEBUG main            d.u.i.k.p.i.AbstractProblemLoader Environment load took 167.2ns 
52761      INFO  main            d.u.i.k.p.i.AbstractProblemLoader Creating init config 
56663      DEBUG main            d.u.i.k.p.i.AbstractProblemLoader Init config took 3.9s 
56720      INFO  main            d.u.i.k.p.i.AbstractProblemLoader Replaying proof Simple[Simple::generateByteArray()].JML normal_behavior operation contract.0 
57154      DEBUG main            d.u.i.k.p.i.IntermediateProofReplayer Proof replay took 382.16ms 
57156      DEBUG main            d.u.i.k.p.r.p.TestFile    ... success: reloaded. 
57158      INFO  main            d.u.i.k.p.r.p.TestFile    Now processing file /home/runner/work/key/key/key.core/../key.ui/examples/heap/block_contracts/Simple__getLength.key 
57158      INFO  main            d.u.i.k.p.i.AbstractProblemLoader Loading environment from /home/runner/work/key/key/key.core/../key.ui/examples/heap/block_contracts/Simple__getLength.key 
57159      DEBUG main            d.u.i.k.p.i.AbstractProblemLoader Environment load took 778ns 
57160      INFO  main            d.u.i.k.p.i.AbstractProblemLoader Creating init config 
61145      DEBUG main            d.u.i.k.p.i.AbstractProblemLoader Init config took 3.98s 
61201      INFO  main            d.u.i.k.p.i.AbstractProblemLoader Replaying proof Simple[Simple::getLength()].JML normal_behavior operation contract.0 
61203      DEBUG main            d.u.i.k.p.i.IntermediateProofReplayer Proof replay took 20.8ns 
61308      INFO  main            d.u.i.k.p.r.p.TestFile    ... finished proof: closed. 
61585      INFO  main            d.u.i.k.p.i.AbstractProblemLoader Loading environment from /home/runner/work/key/key/key.core/../key.ui/examples/heap/block_contracts/Simple__getLength.key.proof 
61585      DEBUG main            d.u.i.k.p.i.AbstractProblemLoader Environment load took 178.2ns 
61586      INFO  main            d.u.i.k.p.i.AbstractProblemLoader Creating init config 
65518      DEBUG main            d.u.i.k.p.i.AbstractProblemLoader Init config took 3.93s 
65588      INFO  main            d.u.i.k.p.i.AbstractProblemLoader Replaying proof Simple[Simple::getLength()].JML normal_behavior operation contract.0 
65606      DEBUG main            d.u.i.k.p.i.IntermediateProofReplayer Proof replay took 11.5ms 
65609      DEBUG main            d.u.i.k.p.r.p.TestFile    ... success: reloaded. 
65611      INFO  main            d.u.i.k.p.r.p.TestFile    Now processing file /home/runner/work/key/key/key.core/../key.ui/examples/heap/block_contracts/Simple__square.key 
65611      INFO  main            d.u.i.k.p.i.AbstractProblemLoader Loading environment from /home/runner/work/key/key/key.core/../key.ui/examples/heap/block_contracts/Simple__square.key 
65611      DEBUG main            d.u.i.k.p.i.AbstractProblemLoader Environment load took 341.4ns 
65613      INFO  main            d.u.i.k.p.i.AbstractProblemLoader Creating init config 
69468      DEBUG main            d.u.i.k.p.i.AbstractProblemLoader Init config took 3.86s 
69521      INFO  main            d.u.i.k.p.i.AbstractProblemLoader Replaying proof Simple[Simple::square(int)].JML operation contract.0 
69524      DEBUG main            d.u.i.k.p.i.IntermediateProofReplayer Proof replay took 13.3ns 
70028      INFO  main            d.u.i.k.p.r.p.TestFile    ... finished proof: closed. 
70326      INFO  main            d.u.i.k.p.i.AbstractProblemLoader Loading environment from /home/runner/work/key/key/key.core/../key.ui/examples/heap/block_contracts/Simple__square.key.proof 
70326      DEBUG main            d.u.i.k.p.i.AbstractProblemLoader Environment load took 586ns 
70328      INFO  main            d.u.i.k.p.i.AbstractProblemLoader Creating init config 
74172      DEBUG main            d.u.i.k.p.i.AbstractProblemLoader Init config took 3.84s 
74238      INFO  main            d.u.i.k.p.i.AbstractProblemLoader Replaying proof Simple[Simple::square(int)].JML operation contract.0 
74371      DEBUG main            d.u.i.k.p.i.IntermediateProofReplayer Proof replay took 127.95ms 
74372      DEBUG main            d.u.i.k.p.r.p.TestFile    ... success: reloaded. 
74374      INFO  main            d.u.i.k.p.r.p.TestFile    Now processing file /home/runner/work/key/key/key.core/../key.ui/examples/heap/block_contracts/Simple__unnecessaryBlockContract.key 
74374      INFO  main            d.u.i.k.p.i.AbstractProblemLoader Loading environment from /home/runner/work/key/key/key.core/../key.ui/examples/heap/block_contracts/Simple__unnecessaryBlockContract.key 
74375      DEBUG main            d.u.i.k.p.i.AbstractProblemLoader Environment load took 344.5ns 
74376      INFO  main            d.u.i.k.p.i.AbstractProblemLoader Creating init config 
78237      DEBUG main            d.u.i.k.p.i.AbstractProblemLoader Init config took 3.86s 
78287      INFO  main            d.u.i.k.p.i.AbstractProblemLoader Replaying proof Simple[Simple::unnecessaryBlockContract()].JML operation contract.0 
78289      DEBUG main            d.u.i.k.p.i.IntermediateProofReplayer Proof replay took 16ns 
78395      INFO  main            d.u.i.k.p.r.p.TestFile    ... finished proof: closed. 
78663      INFO  main            d.u.i.k.p.i.AbstractProblemLoader Loading environment from /home/runner/work/key/key/key.core/../key.ui/examples/heap/block_contracts/Simple__unnecessaryBlockContract.key.proof 
78663      DEBUG main            d.u.i.k.p.i.AbstractProblemLoader Environment load took 154ns 
78665      INFO  main            d.u.i.k.p.i.AbstractProblemLoader Creating init config 
82518      DEBUG main            d.u.i.k.p.i.AbstractProblemLoader Init config took 3.85s 
82571      INFO  main            d.u.i.k.p.i.AbstractProblemLoader Replaying proof Simple[Simple::unnecessaryBlockContract()].JML operation contract.0 
82603      DEBUG main            d.u.i.k.p.i.IntermediateProofReplayer Proof replay took 29.9ms 
82605      DEBUG main            d.u.i.k.p.r.p.TestFile    ... success: reloaded. 
82606      INFO  main            d.u.i.k.p.r.p.TestFile    Now processing file /home/runner/work/key/key/key.core/../key.ui/examples/heap/block_contracts/Simple__unnecessaryLoopInvariant.key 
82607      INFO  main            d.u.i.k.p.i.AbstractProblemLoader Loading environment from /home/runner/work/key/key/key.core/../key.ui/examples/heap/block_contracts/Simple__unnecessaryLoopInvariant.key 
82607      DEBUG main            d.u.i.k.p.i.AbstractProblemLoader Environment load took 314.3ns 
82608      INFO  main            d.u.i.k.p.i.AbstractProblemLoader Creating init config 
86433      DEBUG main            d.u.i.k.p.i.AbstractProblemLoader Init config took 3.82s 
86481      INFO  main            d.u.i.k.p.i.AbstractProblemLoader Replaying proof Simple[Simple::unnecessaryLoopInvariant()].JML operation contract.0 
86484      DEBUG main            d.u.i.k.p.i.IntermediateProofReplayer Proof replay took 12.6ns 
86586      INFO  main            d.u.i.k.p.r.p.TestFile    ... finished proof: closed. 
86841      INFO  main            d.u.i.k.p.i.AbstractProblemLoader Loading environment from /home/runner/work/key/key/key.core/../key.ui/examples/heap/block_contracts/Simple__unnecessaryLoopInvariant.key.proof 
86842      DEBUG main            d.u.i.k.p.i.AbstractProblemLoader Environment load took 152.8ns 
86843      INFO  main            d.u.i.k.p.i.AbstractProblemLoader Creating init config 
90613      DEBUG main            d.u.i.k.p.i.AbstractProblemLoader Init config took 3.77s 
90660      INFO  main            d.u.i.k.p.i.AbstractProblemLoader Replaying proof Simple[Simple::unnecessaryLoopInvariant()].JML operation contract.0 
90678      DEBUG main            d.u.i.k.p.i.IntermediateProofReplayer Proof replay took 15.95ms 
90679      DEBUG main            d.u.i.k.p.r.p.TestFile    ... success: reloaded. 
90681      INFO  main            d.u.i.k.p.r.p.TestFile    Now processing file /home/runner/work/key/key/key.core/../key.ui/examples/standard_key/java_dl/jml-assert/assert.key 
90681      INFO  main            d.u.i.k.p.i.AbstractProblemLoader Loading environment from /home/runner/work/key/key/key.core/../key.ui/examples/standard_key/java_dl/jml-assert/assert.key 
90681      DEBUG main            d.u.i.k.p.i.AbstractProblemLoader Environment load took 156.6ns 
90682      INFO  main            d.u.i.k.p.i.AbstractProblemLoader Creating init config 
93959      DEBUG main            d.u.i.k.p.i.AbstractProblemLoader Init config took 3.28s 
94009      INFO  main            d.u.i.k.p.i.AbstractProblemLoader Replaying proof Assert[Assert::createArray(int)].JML normal_behavior operation contract.0 
94011      DEBUG main            d.u.i.k.p.i.IntermediateProofReplayer Proof replay took 7.9ns 
94315      INFO  main            d.u.i.k.p.r.p.TestFile    ... finished proof: closed. 
94605      INFO  main            d.u.i.k.p.i.AbstractProblemLoader Loading environment from /home/runner/work/key/key/key.core/../key.ui/examples/standard_key/java_dl/jml-assert/assert.key.proof 
94605      DEBUG main            d.u.i.k.p.i.AbstractProblemLoader Environment load took 156.7ns 
94607      INFO  main            d.u.i.k.p.i.AbstractProblemLoader Creating init config 
98018      DEBUG main            d.u.i.k.p.i.AbstractProblemLoader Init config took 3.41s 
98071      INFO  main            d.u.i.k.p.i.AbstractProblemLoader Replaying proof Assert[Assert::createArray(int)].JML normal_behavior operation contract.0 
98153      DEBUG main            d.u.i.k.p.i.IntermediateProofReplayer Proof replay took 78.81ms 
98155      DEBUG main            d.u.i.k.p.r.p.TestFile    ... success: reloaded. 
98158      INFO  main            d.u.i.k.p.r.p.TestFile    Now processing file /home/runner/work/key/key/key.core/../key.ui/examples/standard_key/java_dl/jml-assert/assert_assume_order.key 
98158      INFO  main            d.u.i.k.p.i.AbstractProblemLoader Loading environment from /home/runner/work/key/key/key.core/../key.ui/examples/standard_key/java_dl/jml-assert/assert_assume_order.key 
98158      DEBUG main            d.u.i.k.p.i.AbstractProblemLoader Environment load took 128.7ns 
98159      INFO  main            d.u.i.k.p.i.AbstractProblemLoader Creating init config 
101535     DEBUG main            d.u.i.k.p.i.AbstractProblemLoader Init config took 3.38s 
101582     INFO  main            d.u.i.k.p.i.AbstractProblemLoader Replaying proof AssertAssume[AssertAssume::singleAssumeAssert(int)].JML normal_behavior operation contract.0 
101584     DEBUG main            d.u.i.k.p.i.IntermediateProofReplayer Proof replay took 8.5ns 
101691     INFO  main            d.u.i.k.p.r.p.TestFile    ... finished proof: closed. 
101995     INFO  main            d.u.i.k.p.i.AbstractProblemLoader Loading environment from /home/runner/work/key/key/key.core/../key.ui/examples/standard_key/java_dl/jml-assert/assert_assume_order.key.proof 
101995     DEBUG main            d.u.i.k.p.i.AbstractProblemLoader Environment load took 238.4ns 
101999     INFO  main            d.u.i.k.p.i.AbstractProblemLoader Creating init config 
105279     DEBUG main            d.u.i.k.p.i.AbstractProblemLoader Init config took 3.28s 
105323     INFO  main            d.u.i.k.p.i.AbstractProblemLoader Replaying proof AssertAssume[AssertAssume::singleAssumeAssert(int)].JML normal_behavior operation contract.0 
105336     DEBUG main            d.u.i.k.p.i.IntermediateProofReplayer Proof replay took 11.42ms 
105337     DEBUG main            d.u.i.k.p.r.p.TestFile    ... success: reloaded. 
105339     INFO  main            d.u.i.k.p.r.p.TestFile    Now processing file /home/runner/work/key/key/key.core/../key.ui/examples/heap/block_loop_contracts/SimpleVariants/sum_onBlock_external.key 
105339     INFO  main            d.u.i.k.p.i.AbstractProblemLoader Loading environment from /home/runner/work/key/key/key.core/../key.ui/examples/heap/block_loop_contracts/SimpleVariants/sum_onBlock_external.key 
105339     DEBUG main            d.u.i.k.p.i.AbstractProblemLoader Environment load took 128.6ns 
105340     INFO  main            d.u.i.k.p.i.AbstractProblemLoader Creating init config 
109092     DEBUG main            d.u.i.k.p.i.AbstractProblemLoader Init config took 3.75s 
109139     INFO  main            d.u.i.k.p.i.AbstractProblemLoader Replaying proof LoopContractExamplesAll[LoopContractExamplesAll::sum_loopContract_onBlock([I)].JML normal_behavior operation contract.0 
109143     DEBUG main            d.u.i.k.p.i.IntermediateProofReplayer Proof replay took 13.5ns 
109348     INFO  main            d.u.i.k.p.r.p.TestFile    ... finished proof: closed. 
109640     INFO  main            d.u.i.k.p.i.AbstractProblemLoader Loading environment from /home/runner/work/key/key/key.core/../key.ui/examples/heap/block_loop_contracts/SimpleVariants/sum_onBlock_external.key.proof 
109640     DEBUG main            d.u.i.k.p.i.AbstractProblemLoader Environment load took 133.9ns 
109647     INFO  main            d.u.i.k.p.i.AbstractProblemLoader Creating init config 
113294     DEBUG main            d.u.i.k.p.i.AbstractProblemLoader Init config took 3.65s 
113339     INFO  main            d.u.i.k.p.i.AbstractProblemLoader Replaying proof LoopContractExamplesAll[LoopContractExamplesAll::sum_loopContract_onBlock([I)].JML normal_behavior operation contract.0 
113388     DEBUG main            d.u.i.k.p.i.IntermediateProofReplayer Proof replay took 45.22ms 
113389     DEBUG main            d.u.i.k.p.r.p.TestFile    ... success: reloaded. 
113390     INFO  main            d.u.i.k.p.r.p.TestFile    Now processing file /home/runner/work/key/key/key.core/../key.ui/examples/heap/block_loop_contracts/SimpleVariants/sum_onBlock_internal.key 
113391     INFO  main            d.u.i.k.p.i.AbstractProblemLoader Loading environment from /home/runner/work/key/key/key.core/../key.ui/examples/heap/block_loop_contracts/SimpleVariants/sum_onBlock_internal.key 
113391     DEBUG main            d.u.i.k.p.i.AbstractProblemLoader Environment load took 296.7ns 
113393     INFO  main            d.u.i.k.p.i.AbstractProblemLoader Creating init config 
117116     DEBUG main            d.u.i.k.p.i.AbstractProblemLoader Init config took 3.72s 
117172     INFO  main            d.u.i.k.p.i.AbstractProblemLoader Replaying proof LoopContractExamplesAll[LoopContractExamplesAll::sum_loopContract_onBlock([I)].JML normal_behavior operation contract.0 
117174     DEBUG main            d.u.i.k.p.i.IntermediateProofReplayer Proof replay took 12.8ns 
118082     INFO  main            d.u.i.k.p.r.p.TestFile    ... finished proof: closed. 
118471     INFO  main            d.u.i.k.p.i.AbstractProblemLoader Loading environment from /home/runner/work/key/key/key.core/../key.ui/examples/heap/block_loop_contracts/SimpleVariants/sum_onBlock_internal.key.proof 
118472     DEBUG main            d.u.i.k.p.i.AbstractProblemLoader Environment load took 680.6ns 
118474     INFO  main            d.u.i.k.p.i.AbstractProblemLoader Creating init config 
122068     DEBUG main            d.u.i.k.p.i.AbstractProblemLoader Init config took 3.59s 
122117     INFO  main            d.u.i.k.p.i.AbstractProblemLoader Replaying proof LoopContractExamplesAll[LoopContractExamplesAll::sum_loopContract_onBlock([I)].JML normal_behavior operation contract.0 
122488     DEBUG main            d.u.i.k.p.i.IntermediateProofReplayer Proof replay took 367ms 
122490     DEBUG main            d.u.i.k.p.r.p.TestFile    ... success: reloaded. 
122491     INFO  main            d.u.i.k.p.r.p.TestFile    Now processing file /home/runner/work/key/key/key.core/../key.ui/examples/heap/block_loop_contracts/SimpleVariants/sum_onBlock_loop.key 
122492     INFO  main            d.u.i.k.p.i.AbstractProblemLoader Loading environment from /home/runner/work/key/key/key.core/../key.ui/examples/heap/block_loop_contracts/SimpleVariants/sum_onBlock_loop.key 
122492     DEBUG main            d.u.i.k.p.i.AbstractProblemLoader Environment load took 264.9ns 
122494     INFO  main            d.u.i.k.p.i.AbstractProblemLoader Creating init config 
126134     DEBUG main            d.u.i.k.p.i.AbstractProblemLoader Init config took 3.64s 
126180     INFO  main            d.u.i.k.p.i.AbstractProblemLoader Replaying proof LoopContractExamplesAll[LoopContractExamplesAll::sum_loopContract_onBlock([I)].JML normal_behavior loop contract.0 
126182     DEBUG main            d.u.i.k.p.i.IntermediateProofReplayer Proof replay took 26.1ns 
127230     INFO  main            d.u.i.k.p.r.p.TestFile    ... finished proof: closed. 
127600     INFO  main            d.u.i.k.p.i.AbstractProblemLoader Loading environment from /home/runner/work/key/key/key.core/../key.ui/examples/heap/block_loop_contracts/SimpleVariants/sum_onBlock_loop.key.proof 
127601     DEBUG main            d.u.i.k.p.i.AbstractProblemLoader Environment load took 292.4ns 
127602     INFO  main            d.u.i.k.p.i.AbstractProblemLoader Creating init config 
131145     DEBUG main            d.u.i.k.p.i.AbstractProblemLoader Init config took 3.54s 
131200     INFO  main            d.u.i.k.p.i.AbstractProblemLoader Replaying proof LoopContractExamplesAll[LoopContractExamplesAll::sum_loopContract_onBlock([I)].JML normal_behavior loop contract.0 
131575     DEBUG main            d.u.i.k.p.i.IntermediateProofReplayer Proof replay took 370.06ms 
131576     DEBUG main            d.u.i.k.p.r.p.TestFile    ... success: reloaded. 
131578     INFO  main            d.u.i.k.p.r.p.TestFile    Now processing file /home/runner/work/key/key/key.core/../key.ui/examples/heap/block_loop_contracts/SimpleVariants/sum_onLoop_external.key 
131579     INFO  main            d.u.i.k.p.i.AbstractProblemLoader Loading environment from /home/runner/work/key/key/key.core/../key.ui/examples/heap/block_loop_contracts/SimpleVariants/sum_onLoop_external.key 
131579     DEBUG main            d.u.i.k.p.i.AbstractProblemLoader Environment load took 138.2ns 
131580     INFO  main            d.u.i.k.p.i.AbstractProblemLoader Creating init config 
135152     DEBUG main            d.u.i.k.p.i.AbstractProblemLoader Init config took 3.57s 
135193     INFO  main            d.u.i.k.p.i.AbstractProblemLoader Replaying proof LoopContractExamplesAll[LoopContractExamplesAll::sum_loopContract_onLoop([I)].JML normal_behavior operation contract.0 
135196     DEBUG main            d.u.i.k.p.i.IntermediateProofReplayer Proof replay took 12.5ns 
135298     INFO  main            d.u.i.k.p.r.p.TestFile    ... finished proof: closed. 
135646     INFO  main            d.u.i.k.p.i.AbstractProblemLoader Loading environment from /home/runner/work/key/key/key.core/../key.ui/examples/heap/block_loop_contracts/SimpleVariants/sum_onLoop_external.key.proof 
135647     DEBUG main            d.u.i.k.p.i.AbstractProblemLoader Environment load took 139ns 
135648     INFO  main            d.u.i.k.p.i.AbstractProblemLoader Creating init config 
139080     DEBUG main            d.u.i.k.p.i.AbstractProblemLoader Init config took 3.43s 
139122     INFO  main            d.u.i.k.p.i.AbstractProblemLoader Replaying proof LoopContractExamplesAll[LoopContractExamplesAll::sum_loopContract_onLoop([I)].JML normal_behavior operation contract.0 
139164     DEBUG main            d.u.i.k.p.i.IntermediateProofReplayer Proof replay took 39.22ms 
139166     DEBUG main            d.u.i.k.p.r.p.TestFile    ... success: reloaded. 
139167     INFO  main            d.u.i.k.p.r.p.TestFile    Now processing file /home/runner/work/key/key/key.core/../key.ui/examples/heap/block_loop_contracts/SimpleVariants/sum_onLoop_internal.key 
139168     INFO  main            d.u.i.k.p.i.AbstractProblemLoader Loading environment from /home/runner/work/key/key/key.core/../key.ui/examples/heap/block_loop_contracts/SimpleVariants/sum_onLoop_internal.key 
139168     DEBUG main            d.u.i.k.p.i.AbstractProblemLoader Environment load took 263.5ns 
139170     INFO  main            d.u.i.k.p.i.AbstractProblemLoader Creating init config 
142821     DEBUG main            d.u.i.k.p.i.AbstractProblemLoader Init config took 3.65s 
142861     INFO  main            d.u.i.k.p.i.AbstractProblemLoader Replaying proof LoopContractExamplesAll[LoopContractExamplesAll::sum_loopContract_onLoop([I)].JML normal_behavior operation contract.0 
142864     DEBUG main            d.u.i.k.p.i.IntermediateProofReplayer Proof replay took 13.1ns 
143668     INFO  main            d.u.i.k.p.r.p.TestFile    ... finished proof: closed. 
144087     INFO  main            d.u.i.k.p.i.AbstractProblemLoader Loading environment from /home/runner/work/key/key/key.core/../key.ui/examples/heap/block_loop_contracts/SimpleVariants/sum_onLoop_internal.key.proof 
144088     DEBUG main            d.u.i.k.p.i.AbstractProblemLoader Environment load took 960.41ns 
144089     INFO  main            d.u.i.k.p.i.AbstractProblemLoader Creating init config 
147672     DEBUG main            d.u.i.k.p.i.AbstractProblemLoader Init config took 3.58s 
147714     INFO  main            d.u.i.k.p.i.AbstractProblemLoader Replaying proof LoopContractExamplesAll[LoopContractExamplesAll::sum_loopContract_onLoop([I)].JML normal_behavior operation contract.0 
148039     DEBUG main            d.u.i.k.p.i.IntermediateProofReplayer Proof replay took 318.33ms 
148040     DEBUG main            d.u.i.k.p.r.p.TestFile    ... success: reloaded. 
148041     INFO  main            d.u.i.k.p.r.p.TestFile    Now processing file /home/runner/work/key/key/key.core/../key.ui/examples/heap/block_loop_contracts/SimpleVariants/sum_onLoop_loop.key 
148042     INFO  main            d.u.i.k.p.i.AbstractProblemLoader Loading environment from /home/runner/work/key/key/key.core/../key.ui/examples/heap/block_loop_contracts/SimpleVariants/sum_onLoop_loop.key 
148042     DEBUG main            d.u.i.k.p.i.AbstractProblemLoader Environment load took 259.9ns 
148043     INFO  main            d.u.i.k.p.i.AbstractProblemLoader Creating init config 
151513     DEBUG main            d.u.i.k.p.i.AbstractProblemLoader Init config took 3.47s 
151556     INFO  main            d.u.i.k.p.i.AbstractProblemLoader Replaying proof LoopContractExamplesAll[LoopContractExamplesAll::sum_loopContract_onLoop([I)].JML normal_behavior loop contract.0 
151559     DEBUG main            d.u.i.k.p.i.IntermediateProofReplayer Proof replay took 13.7ns 
152563     INFO  main            d.u.i.k.p.r.p.TestFile    ... finished proof: closed. 
152932     INFO  main            d.u.i.k.p.i.AbstractProblemLoader Loading environment from /home/runner/work/key/key/key.core/../key.ui/examples/heap/block_loop_contracts/SimpleVariants/sum_onLoop_loop.key.proof 
152932     DEBUG main            d.u.i.k.p.i.AbstractProblemLoader Environment load took 657.6ns 
152934     INFO  main            d.u.i.k.p.i.AbstractProblemLoader Creating init config 
156324     DEBUG main            d.u.i.k.p.i.AbstractProblemLoader Init config took 3.39s 
156373     INFO  main            d.u.i.k.p.i.AbstractProblemLoader Replaying proof LoopContractExamplesAll[LoopContractExamplesAll::sum_loopContract_onLoop([I)].JML normal_behavior loop contract.0 
156720     DEBUG main            d.u.i.k.p.i.IntermediateProofReplayer Proof replay took 342.48ms 
156721     DEBUG main            d.u.i.k.p.r.p.TestFile    ... success: reloaded. 
156722     INFO  main            d.u.i.k.p.r.p.TestFile    Now processing file /home/runner/work/key/key/key.core/../key.ui/examples/heap/block_loop_contracts/Free/blockContracts0.key 
156723     INFO  main            d.u.i.k.p.i.AbstractProblemLoader Loading environment from /home/runner/work/key/key/key.core/../key.ui/examples/heap/block_loop_contracts/Free/blockContracts0.key 
156723     DEBUG main            d.u.i.k.p.i.AbstractProblemLoader Environment load took 295.8ns 
156725     INFO  main            d.u.i.k.p.i.AbstractProblemLoader Creating init config 
159844     DEBUG main            d.u.i.k.p.i.AbstractProblemLoader Init config took 3.12s 
159889     INFO  main            d.u.i.k.p.i.AbstractProblemLoader Replaying proof FreeConditions[FreeConditions::blockContract0()].JML normal_behavior operation contract.0 
159891     DEBUG main            d.u.i.k.p.i.IntermediateProofReplayer Proof replay took 12.7ns 
160094     INFO  main            d.u.i.k.p.r.p.TestFile    ... finished proof: closed. 
160439     INFO  main            d.u.i.k.p.i.AbstractProblemLoader Loading environment from /home/runner/work/key/key/key.core/../key.ui/examples/heap/block_loop_contracts/Free/blockContracts0.key.proof 
160439     DEBUG main            d.u.i.k.p.i.AbstractProblemLoader Environment load took 143.6ns 
160441     INFO  main            d.u.i.k.p.i.AbstractProblemLoader Creating init config 
163494     DEBUG main            d.u.i.k.p.i.AbstractProblemLoader Init config took 3.05s 
163535     INFO  main            d.u.i.k.p.i.AbstractProblemLoader Replaying proof FreeConditions[FreeConditions::blockContract0()].JML normal_behavior operation contract.0 
163565     DEBUG main            d.u.i.k.p.i.IntermediateProofReplayer Proof replay took 27.22ms 
163566     DEBUG main            d.u.i.k.p.r.p.TestFile    ... success: reloaded. 
163568     INFO  main            d.u.i.k.p.r.p.TestFile    Now processing file /home/runner/work/key/key/key.core/../key.ui/examples/heap/block_loop_contracts/Free/blockContracts1.key 
163568     INFO  main            d.u.i.k.p.i.AbstractProblemLoader Loading environment from /home/runner/work/key/key/key.core/../key.ui/examples/heap/block_loop_contracts/Free/blockContracts1.key 
163568     DEBUG main            d.u.i.k.p.i.AbstractProblemLoader Environment load took 325.8ns 
163570     INFO  main            d.u.i.k.p.i.AbstractProblemLoader Creating init config 
166718     DEBUG main            d.u.i.k.p.i.AbstractProblemLoader Init config took 3.15s 
166762     INFO  main            d.u.i.k.p.i.AbstractProblemLoader Replaying proof FreeConditions[FreeConditions::blockContract1()].JML normal_behavior operation contract.0 
166764     DEBUG main            d.u.i.k.p.i.IntermediateProofReplayer Proof replay took 13.5ns 
166870     INFO  main            d.u.i.k.p.r.p.TestFile    ... finished proof: closed. 
167213     INFO  main            d.u.i.k.p.i.AbstractProblemLoader Loading environment from /home/runner/work/key/key/key.core/../key.ui/examples/heap/block_loop_contracts/Free/blockContracts1.key.proof 
167214     DEBUG main            d.u.i.k.p.i.AbstractProblemLoader Environment load took 294.6ns 
167215     INFO  main            d.u.i.k.p.i.AbstractProblemLoader Creating init config 
170150     DEBUG main            d.u.i.k.p.i.AbstractProblemLoader Init config took 2.93s 
170187     INFO  main            d.u.i.k.p.i.AbstractProblemLoader Replaying proof FreeConditions[FreeConditions::blockContract1()].JML normal_behavior operation contract.0 
170212     DEBUG main            d.u.i.k.p.i.IntermediateProofReplayer Proof replay took 22.32ms 
170213     DEBUG main            d.u.i.k.p.r.p.TestFile    ... success: reloaded. 
170214     INFO  main            d.u.i.k.p.r.p.TestFile    Now processing file /home/runner/work/key/key/key.core/../key.ui/examples/heap/block_loop_contracts/Finally/block_finally.key 
170214     INFO  main            d.u.i.k.p.i.AbstractProblemLoader Loading environment from /home/runner/work/key/key/key.core/../key.ui/examples/heap/block_loop_contracts/Finally/block_finally.key 
170214     DEBUG main            d.u.i.k.p.i.AbstractProblemLoader Environment load took 142.5ns 
170215     INFO  main            d.u.i.k.p.i.AbstractProblemLoader Creating init config 
173349     DEBUG main            d.u.i.k.p.i.AbstractProblemLoader Init config took 3.13s 
173395     INFO  main            d.u.i.k.p.i.AbstractProblemLoader Replaying proof AuxiliaryContractsFinally[AuxiliaryContractsFinally::breakThrowContinueBlockContract(java.lang.Exception)].JML block contract.0 
173397     DEBUG main            d.u.i.k.p.i.IntermediateProofReplayer Proof replay took 38.2ns 
174102     INFO  main            d.u.i.k.p.r.p.TestFile    ... finished proof: open goal(s) 
174446     INFO  main            d.u.i.k.p.r.p.TestFile    Now processing file /home/runner/work/key/key/key.core/../key.ui/examples/heap/block_loop_contracts/Finally/loop_finally.key 
174447     INFO  main            d.u.i.k.p.i.AbstractProblemLoader Loading environment from /home/runner/work/key/key/key.core/../key.ui/examples/heap/block_loop_contracts/Finally/loop_finally.key 
174447     DEBUG main            d.u.i.k.p.i.AbstractProblemLoader Environment load took 72.7ns 
174449     INFO  main            d.u.i.k.p.i.AbstractProblemLoader Creating init config 
177581     DEBUG main            d.u.i.k.p.i.AbstractProblemLoader Init config took 3.13s 
177629     INFO  main            d.u.i.k.p.i.AbstractProblemLoader Replaying proof AuxiliaryContractsFinally[AuxiliaryContractsFinally::breakThrowContinueLoopContract(java.lang.Exception)].JML normal_behavior loop contract.0 
177632     DEBUG main            d.u.i.k.p.i.IntermediateProofReplayer Proof replay took 13ns 
178472     INFO  main            d.u.i.k.p.r.p.TestFile    ... finished proof: open goal(s) 
839440     INFO  Test worker     d.u.i.k.p.r.RunAllProofsTestUnit Returning from test blockContracts 
839443     INFO  Test worker     d.u.i.k.p.r.RunAllProofsTestUnit Running test jmlAsserts 
529        INFO  Timeout watchdog d.u.i.k.p.r.p.ForkedTestFileRunner Timeout watcher launched (2000 secs.) 
543        WARN  main            d.u.i.k.s.ProofSettings   The settings in /home/runner/.key/proof-settings.props are *not* read. 
584        INFO  main            d.u.i.k.p.r.p.TestFile    Now processing file /home/runner/work/key/key/key.core/../key.ui/examples/standard_key/java_dl/jml-assert/assert.key 
736        INFO  main            d.u.i.k.p.i.AbstractProblemLoader Loading environment from /home/runner/work/key/key/key.core/../key.ui/examples/standard_key/java_dl/jml-assert/assert.key 
757        DEBUG main            d.u.i.k.p.i.AbstractProblemLoader Environment load took 2.37ms 
1072       INFO  main            d.u.i.k.p.i.AbstractProblemLoader Creating init config 
2455       DEBUG main            d.u.i.k.j.TypeConverter   No LDT found for Meta 
2456       DEBUG main            d.u.i.k.j.TypeConverter   No LDT found for Meta 
2458       DEBUG main            d.u.i.k.j.TypeConverter   No LDT found for Meta 
2458       DEBUG main            d.u.i.k.j.TypeConverter   No LDT found for Meta 
4103       DEBUG main            d.u.i.k.j.TypeConverter   No LDT found for JavaBigintExpression 
10971      DEBUG main            d.u.i.k.p.i.AbstractProblemLoader Init config took 9.9s 
11204      INFO  main            d.u.i.k.p.i.AbstractProblemLoader Replaying proof Assert[Assert::createArray(int)].JML normal_behavior operation contract.0 
11256      DEBUG main            d.u.i.k.p.i.IntermediateProofReplayer Proof replay took 50.9ns 
12349      INFO  main            d.u.i.k.p.r.p.TestFile    ... finished proof: closed. 
12506      INFO  main            d.u.i.k.p.i.AbstractProblemLoader Loading environment from /home/runner/work/key/key/key.core/../key.ui/examples/standard_key/java_dl/jml-assert/assert.key.proof 
12506      DEBUG main            d.u.i.k.p.i.AbstractProblemLoader Environment load took 657.9ns 
12509      INFO  main            d.u.i.k.p.i.AbstractProblemLoader Creating init config 
16327      DEBUG main            d.u.i.k.p.i.AbstractProblemLoader Init config took 3.82s 
16414      INFO  main            d.u.i.k.p.i.AbstractProblemLoader Replaying proof Assert[Assert::createArray(int)].JML normal_behavior operation contract.0 
16549      DEBUG main            d.u.i.k.p.i.IntermediateProofReplayer Proof replay took 126.18ms 
16559      DEBUG main            d.u.i.k.p.r.p.TestFile    ... success: reloaded. 
16562      INFO  main            d.u.i.k.p.r.p.TestFile    Now processing file /home/runner/work/key/key/key.core/../key.ui/examples/heap/block_loop_contracts/Free/assertions0.key 
16562      INFO  main            d.u.i.k.p.i.AbstractProblemLoader Loading environment from /home/runner/work/key/key/key.core/../key.ui/examples/heap/block_loop_contracts/Free/assertions0.key 
16563      DEBUG main            d.u.i.k.p.i.AbstractProblemLoader Environment load took 302.4ns 
16566      INFO  main            d.u.i.k.p.i.AbstractProblemLoader Creating init config 
19959      DEBUG main            d.u.i.k.p.i.AbstractProblemLoader Init config took 3.39s 
20036      INFO  main            d.u.i.k.p.i.AbstractProblemLoader Replaying proof FreeConditions[FreeConditions::assertions0()].JML normal_behavior operation contract.0 
20041      DEBUG main            d.u.i.k.p.i.IntermediateProofReplayer Proof replay took 16ns 
20245      INFO  main            d.u.i.k.p.r.p.TestFile    ... finished proof: closed. 
20420      INFO  main            d.u.i.k.p.i.AbstractProblemLoader Loading environment from /home/runner/work/key/key/key.core/../key.ui/examples/heap/block_loop_contracts/Free/assertions0.key.proof 
20420      DEBUG main            d.u.i.k.p.i.AbstractProblemLoader Environment load took 236.4ns 
20426      INFO  main            d.u.i.k.p.i.AbstractProblemLoader Creating init config 
23825      DEBUG main            d.u.i.k.p.i.AbstractProblemLoader Init config took 3.4s 
23897      INFO  main            d.u.i.k.p.i.AbstractProblemLoader Replaying proof FreeConditions[FreeConditions::assertions0()].JML normal_behavior operation contract.0 
23962      DEBUG main            d.u.i.k.p.i.IntermediateProofReplayer Proof replay took 59.04ms 
23965      DEBUG main            d.u.i.k.p.r.p.TestFile    ... success: reloaded. 
23968      INFO  main            d.u.i.k.p.r.p.TestFile    Now processing file /home/runner/work/key/key/key.core/../key.ui/examples/heap/block_loop_contracts/Free/assertions1.key 
23968      INFO  main            d.u.i.k.p.i.AbstractProblemLoader Loading environment from /home/runner/work/key/key/key.core/../key.ui/examples/heap/block_loop_contracts/Free/assertions1.key 
23969      DEBUG main            d.u.i.k.p.i.AbstractProblemLoader Environment load took 153.6ns 
23971      INFO  main            d.u.i.k.p.i.AbstractProblemLoader Creating init config 
27370      DEBUG main            d.u.i.k.p.i.AbstractProblemLoader Init config took 3.4s 
27430      INFO  main            d.u.i.k.p.i.AbstractProblemLoader Replaying proof FreeConditions[FreeConditions::assertions1()].JML normal_behavior operation contract.0 
27433      DEBUG main            d.u.i.k.p.i.IntermediateProofReplayer Proof replay took 13.8ns 
27536      INFO  main            d.u.i.k.p.r.p.TestFile    ... finished proof: closed. 
27724      INFO  main            d.u.i.k.p.i.AbstractProblemLoader Loading environment from /home/runner/work/key/key/key.core/../key.ui/examples/heap/block_loop_contracts/Free/assertions1.key.proof 
27724      DEBUG main            d.u.i.k.p.i.AbstractProblemLoader Environment load took 157.9ns 
27726      INFO  main            d.u.i.k.p.i.AbstractProblemLoader Creating init config 
31033      DEBUG main            d.u.i.k.p.i.AbstractProblemLoader Init config took 3.31s 
31090      INFO  main            d.u.i.k.p.i.AbstractProblemLoader Replaying proof FreeConditions[FreeConditions::assertions1()].JML normal_behavior operation contract.0 
31101      DEBUG main            d.u.i.k.p.i.IntermediateProofReplayer Proof replay took 8.05ms 
31102      DEBUG main            d.u.i.k.p.r.p.TestFile    ... success: reloaded. 
31104      INFO  main            d.u.i.k.p.r.p.TestFile    Now processing file /home/runner/work/key/key/key.core/../key.ui/examples/standard_key/java_dl/jml-assert/recursion-assert.key 
31104      INFO  main            d.u.i.k.p.i.AbstractProblemLoader Loading environment from /home/runner/work/key/key/key.core/../key.ui/examples/standard_key/java_dl/jml-assert/recursion-assert.key 
31105      DEBUG main            d.u.i.k.p.i.AbstractProblemLoader Environment load took 354.2ns 
31106      INFO  main            d.u.i.k.p.i.AbstractProblemLoader Creating init config 
34526      DEBUG main            d.u.i.k.p.i.AbstractProblemLoader Init config took 3.42s 
34609      INFO  main            d.u.i.k.p.i.AbstractProblemLoader Replaying proof RecursiveMethod[RecursiveMethod::fac1(int)].JML normal_behavior operation contract.0 
34612      DEBUG main            d.u.i.k.p.i.IntermediateProofReplayer Proof replay took 7ns 
34816      INFO  main            d.u.i.k.p.r.p.TestFile    ... finished proof: closed. 
35048      INFO  main            d.u.i.k.p.i.AbstractProblemLoader Loading environment from /home/runner/work/key/key/key.core/../key.ui/examples/standard_key/java_dl/jml-assert/recursion-assert.key.proof 
35049      DEBUG main            d.u.i.k.p.i.AbstractProblemLoader Environment load took 600.7ns 
35051      INFO  main            d.u.i.k.p.i.AbstractProblemLoader Creating init config 
38473      DEBUG main            d.u.i.k.p.i.AbstractProblemLoader Init config took 3.42s 
38533      INFO  main            d.u.i.k.p.i.AbstractProblemLoader Replaying proof RecursiveMethod[RecursiveMethod::fac1(int)].JML normal_behavior operation contract.0 
38602      DEBUG main            d.u.i.k.p.i.IntermediateProofReplayer Proof replay took 66.34ms 
38604      DEBUG main            d.u.i.k.p.r.p.TestFile    ... success: reloaded. 
38606      INFO  main            d.u.i.k.p.r.p.TestFile    Now processing file /home/runner/work/key/key/key.core/../key.ui/examples/standard_key/java_dl/jml-assert/recursion-assume.key 
38606      INFO  main            d.u.i.k.p.i.AbstractProblemLoader Loading environment from /home/runner/work/key/key/key.core/../key.ui/examples/standard_key/java_dl/jml-assert/recursion-assume.key 
38607      DEBUG main            d.u.i.k.p.i.AbstractProblemLoader Environment load took 335.9ns 
38608      INFO  main            d.u.i.k.p.i.AbstractProblemLoader Creating init config 
42067      DEBUG main            d.u.i.k.p.i.AbstractProblemLoader Init config took 3.46s 
42123      INFO  main            d.u.i.k.p.i.AbstractProblemLoader Replaying proof RecursiveMethod[RecursiveMethod::fac2(int)].JML normal_behavior operation contract.0 
42125      DEBUG main            d.u.i.k.p.i.IntermediateProofReplayer Proof replay took 6.2ns 
42328      INFO  main            d.u.i.k.p.r.p.TestFile    ... finished proof: closed. 
42555      INFO  main            d.u.i.k.p.i.AbstractProblemLoader Loading environment from /home/runner/work/key/key/key.core/../key.ui/examples/standard_key/java_dl/jml-assert/recursion-assume.key.proof 
42555      DEBUG main            d.u.i.k.p.i.AbstractProblemLoader Environment load took 713.6ns 
42557      INFO  main            d.u.i.k.p.i.AbstractProblemLoader Creating init config 
45871      DEBUG main            d.u.i.k.p.i.AbstractProblemLoader Init config took 3.31s 
45927      INFO  main            d.u.i.k.p.i.AbstractProblemLoader Replaying proof RecursiveMethod[RecursiveMethod::fac2(int)].JML normal_behavior operation contract.0 
45987      DEBUG main            d.u.i.k.p.i.IntermediateProofReplayer Proof replay took 56.08ms 
45989      DEBUG main            d.u.i.k.p.r.p.TestFile    ... success: reloaded. 
45990      INFO  main            d.u.i.k.p.r.p.TestFile    Now processing file /home/runner/work/key/key/key.core/../key.ui/examples/standard_key/java_dl/jml-assert/quantor-assert.key 
45991      INFO  main            d.u.i.k.p.i.AbstractProblemLoader Loading environment from /home/runner/work/key/key/key.core/../key.ui/examples/standard_key/java_dl/jml-assert/quantor-assert.key 
45991      DEBUG main            d.u.i.k.p.i.AbstractProblemLoader Environment load took 297.7ns 
45992      INFO  main            d.u.i.k.p.i.AbstractProblemLoader Creating init config 
49438      DEBUG main            d.u.i.k.p.i.AbstractProblemLoader Init config took 3.45s 
49492      INFO  main            d.u.i.k.p.i.AbstractProblemLoader Replaying proof Quantor[Quantor::square1(int)].JML normal_behavior operation contract.0 
49494      DEBUG main            d.u.i.k.p.i.IntermediateProofReplayer Proof replay took 26.3ns 
49699      INFO  main            d.u.i.k.p.r.p.TestFile    ... finished proof: closed. 
49943      INFO  main            d.u.i.k.p.i.AbstractProblemLoader Loading environment from /home/runner/work/key/key/key.core/../key.ui/examples/standard_key/java_dl/jml-assert/quantor-assert.key.proof 
49944      DEBUG main            d.u.i.k.p.i.AbstractProblemLoader Environment load took 611ns 
49946      INFO  main            d.u.i.k.p.i.AbstractProblemLoader Creating init config 
53219      DEBUG main            d.u.i.k.p.i.AbstractProblemLoader Init config took 3.27s 
53283      INFO  main            d.u.i.k.p.i.AbstractProblemLoader Replaying proof Quantor[Quantor::square1(int)].JML normal_behavior operation contract.0 
53326      DEBUG main            d.u.i.k.p.i.IntermediateProofReplayer Proof replay took 40.09ms 
53328      DEBUG main            d.u.i.k.p.r.p.TestFile    ... success: reloaded. 
53329      INFO  main            d.u.i.k.p.r.p.TestFile    Now processing file /home/runner/work/key/key/key.core/../key.ui/examples/standard_key/java_dl/jml-assert/quantor-assume.key 
53330      INFO  main            d.u.i.k.p.i.AbstractProblemLoader Loading environment from /home/runner/work/key/key/key.core/../key.ui/examples/standard_key/java_dl/jml-assert/quantor-assume.key 
53330      DEBUG main            d.u.i.k.p.i.AbstractProblemLoader Environment load took 285.4ns 
53333      INFO  main            d.u.i.k.p.i.AbstractProblemLoader Creating init config 
56756      DEBUG main            d.u.i.k.p.i.AbstractProblemLoader Init config took 3.42s 
56808      INFO  main            d.u.i.k.p.i.AbstractProblemLoader Replaying proof Quantor[Quantor::square2(int)].JML normal_behavior operation contract.0 
56810      DEBUG main            d.u.i.k.p.i.IntermediateProofReplayer Proof replay took 8.3ns 
57013      INFO  main            d.u.i.k.p.r.p.TestFile    ... finished proof: closed. 
57254      INFO  main            d.u.i.k.p.i.AbstractProblemLoader Loading environment from /home/runner/work/key/key/key.core/../key.ui/examples/standard_key/java_dl/jml-assert/quantor-assume.key.proof 
57254      DEBUG main            d.u.i.k.p.i.AbstractProblemLoader Environment load took 136.1ns 
57255      INFO  main            d.u.i.k.p.i.AbstractProblemLoader Creating init config 
60554      DEBUG main            d.u.i.k.p.i.AbstractProblemLoader Init config took 3.3s 
60603      INFO  main            d.u.i.k.p.i.AbstractProblemLoader Replaying proof Quantor[Quantor::square2(int)].JML normal_behavior operation contract.0 
60626      DEBUG main            d.u.i.k.p.i.IntermediateProofReplayer Proof replay took 20.16ms 
60627      DEBUG main            d.u.i.k.p.r.p.TestFile    ... success: reloaded. 
60629      INFO  main            d.u.i.k.p.r.p.TestFile    Now processing file /home/runner/work/key/key/key.core/../key.ui/examples/standard_key/java_dl/jml-assert/model-methods-static-static.key 
60629      INFO  main            d.u.i.k.p.i.AbstractProblemLoader Loading environment from /home/runner/work/key/key/key.core/../key.ui/examples/standard_key/java_dl/jml-assert/model-methods-static-static.key 
60629      DEBUG main            d.u.i.k.p.i.AbstractProblemLoader Environment load took 156ns 
60630      INFO  main            d.u.i.k.p.i.AbstractProblemLoader Creating init config 
64080      DEBUG main            d.u.i.k.p.i.AbstractProblemLoader Init config took 3.45s 
64151      INFO  main            d.u.i.k.p.i.AbstractProblemLoader Replaying proof ModelMethods[ModelMethods::test1()].JML normal_behavior operation contract.0 
64153      DEBUG main            d.u.i.k.p.i.IntermediateProofReplayer Proof replay took 7.3ns 
64257      INFO  main            d.u.i.k.p.r.p.TestFile    ... finished proof: closed. 
64509      INFO  main            d.u.i.k.p.i.AbstractProblemLoader Loading environment from /home/runner/work/key/key/key.core/../key.ui/examples/standard_key/java_dl/jml-assert/model-methods-static-static.key.proof 
64510      DEBUG main            d.u.i.k.p.i.AbstractProblemLoader Environment load took 152.2ns 
64511      INFO  main            d.u.i.k.p.i.AbstractProblemLoader Creating init config 
67707      DEBUG main            d.u.i.k.p.i.AbstractProblemLoader Init config took 3.2s 
67767      INFO  main            d.u.i.k.p.i.AbstractProblemLoader Replaying proof ModelMethods[ModelMethods::test1()].JML normal_behavior operation contract.0 
67781      DEBUG main            d.u.i.k.p.i.IntermediateProofReplayer Proof replay took 10.88ms 
67783      DEBUG main            d.u.i.k.p.r.p.TestFile    ... success: reloaded. 
67786      INFO  main            d.u.i.k.p.r.p.TestFile    Now processing file /home/runner/work/key/key/key.core/../key.ui/examples/standard_key/java_dl/jml-assert/model-methods-instance-static.key 
67789      INFO  main            d.u.i.k.p.i.AbstractProblemLoader Loading environment from /home/runner/work/key/key/key.core/../key.ui/examples/standard_key/java_dl/jml-assert/model-methods-instance-static.key 
67790      DEBUG main            d.u.i.k.p.i.AbstractProblemLoader Environment load took 425.3ns 
67792      INFO  main            d.u.i.k.p.i.AbstractProblemLoader Creating init config 
71201      DEBUG main            d.u.i.k.p.i.AbstractProblemLoader Init config took 3.41s 
71274      INFO  main            d.u.i.k.p.i.AbstractProblemLoader Replaying proof ModelMethods[ModelMethods::test2()].JML normal_behavior operation contract.0 
71276      DEBUG main            d.u.i.k.p.i.IntermediateProofReplayer Proof replay took 7.2ns 
71383      INFO  main            d.u.i.k.p.r.p.TestFile    ... finished proof: closed. 
71632      INFO  main            d.u.i.k.p.i.AbstractProblemLoader Loading environment from /home/runner/work/key/key/key.core/../key.ui/examples/standard_key/java_dl/jml-assert/model-methods-instance-static.key.proof 
71632      DEBUG main            d.u.i.k.p.i.AbstractProblemLoader Environment load took 128.3ns 
71638      INFO  main            d.u.i.k.p.i.AbstractProblemLoader Creating init config 
74916      DEBUG main            d.u.i.k.p.i.AbstractProblemLoader Init config took 3.28s 
74963      INFO  main            d.u.i.k.p.i.AbstractProblemLoader Replaying proof ModelMethods[ModelMethods::test2()].JML normal_behavior operation contract.0 
74980      DEBUG main            d.u.i.k.p.i.IntermediateProofReplayer Proof replay took 13.89ms 
74982      DEBUG main            d.u.i.k.p.r.p.TestFile    ... success: reloaded. 
74983      INFO  main            d.u.i.k.p.r.p.TestFile    Now processing file /home/runner/work/key/key/key.core/../key.ui/examples/standard_key/java_dl/jml-assert/model-methods-instance-instance.key 
74984      INFO  main            d.u.i.k.p.i.AbstractProblemLoader Loading environment from /home/runner/work/key/key/key.core/../key.ui/examples/standard_key/java_dl/jml-assert/model-methods-instance-instance.key 
74984      DEBUG main            d.u.i.k.p.i.AbstractProblemLoader Environment load took 312.6ns 
74985      INFO  main            d.u.i.k.p.i.AbstractProblemLoader Creating init config 
78253      DEBUG main            d.u.i.k.p.i.AbstractProblemLoader Init config took 3.27s 
78300      INFO  main            d.u.i.k.p.i.AbstractProblemLoader Replaying proof ModelMethods[ModelMethods::test3()].JML normal_behavior operation contract.0 
78301      DEBUG main            d.u.i.k.p.i.IntermediateProofReplayer Proof replay took 8ns 
78404      INFO  main            d.u.i.k.p.r.p.TestFile    ... finished proof: closed. 
78667      INFO  main            d.u.i.k.p.i.AbstractProblemLoader Loading environment from /home/runner/work/key/key/key.core/../key.ui/examples/standard_key/java_dl/jml-assert/model-methods-instance-instance.key.proof 
78667      DEBUG main            d.u.i.k.p.i.AbstractProblemLoader Environment load took 132.8ns 
78670      INFO  main            d.u.i.k.p.i.AbstractProblemLoader Creating init config 
81833      DEBUG main            d.u.i.k.p.i.AbstractProblemLoader Init config took 3.16s 
81887      INFO  main            d.u.i.k.p.i.AbstractProblemLoader Replaying proof ModelMethods[ModelMethods::test3()].JML normal_behavior operation contract.0 
81906      DEBUG main            d.u.i.k.p.i.IntermediateProofReplayer Proof replay took 15.72ms 
81908      DEBUG main            d.u.i.k.p.r.p.TestFile    ... success: reloaded. 
81909      INFO  main            d.u.i.k.p.r.p.TestFile    Now processing file /home/runner/work/key/key/key.core/../key.ui/examples/standard_key/java_dl/jml-assert/model-methods-static-instance.key 
81910      INFO  main            d.u.i.k.p.i.AbstractProblemLoader Loading environment from /home/runner/work/key/key/key.core/../key.ui/examples/standard_key/java_dl/jml-assert/model-methods-static-instance.key 
81910      DEBUG main            d.u.i.k.p.i.AbstractProblemLoader Environment load took 329.1ns 
81911      INFO  main            d.u.i.k.p.i.AbstractProblemLoader Creating init config 
85118      DEBUG main            d.u.i.k.p.i.AbstractProblemLoader Init config took 3.21s 
85163      INFO  main            d.u.i.k.p.i.AbstractProblemLoader Replaying proof ModelMethods[ModelMethods::test4()].JML normal_behavior operation contract.0 
85165      DEBUG main            d.u.i.k.p.i.IntermediateProofReplayer Proof replay took 7.8ns 
85368      INFO  main            d.u.i.k.p.r.p.TestFile    ... finished proof: closed. 
85668      INFO  main            d.u.i.k.p.i.AbstractProblemLoader Loading environment from /home/runner/work/key/key/key.core/../key.ui/examples/standard_key/java_dl/jml-assert/model-methods-static-instance.key.proof 
85669      DEBUG main            d.u.i.k.p.i.AbstractProblemLoader Environment load took 1.23ms 
85672      INFO  main            d.u.i.k.p.i.AbstractProblemLoader Creating init config 
88914      DEBUG main            d.u.i.k.p.i.AbstractProblemLoader Init config took 3.24s 
88962      INFO  main            d.u.i.k.p.i.AbstractProblemLoader Replaying proof ModelMethods[ModelMethods::test4()].JML normal_behavior operation contract.0 
89007      DEBUG main            d.u.i.k.p.i.IntermediateProofReplayer Proof replay took 41.63ms 
89008      DEBUG main            d.u.i.k.p.r.p.TestFile    ... success: reloaded. 
89010      INFO  main            d.u.i.k.p.r.p.TestFile    Now processing file /home/runner/work/key/key/key.core/../key.ui/examples/standard_key/java_dl/jml-assert/assert-old/inc-field.key 
89010      INFO  main            d.u.i.k.p.i.AbstractProblemLoader Loading environment from /home/runner/work/key/key/key.core/../key.ui/examples/standard_key/java_dl/jml-assert/assert-old/inc-field.key 
89010      DEBUG main            d.u.i.k.p.i.AbstractProblemLoader Environment load took 124.8ns 
89011      INFO  main            d.u.i.k.p.i.AbstractProblemLoader Creating init config 
92192      DEBUG main            d.u.i.k.p.i.AbstractProblemLoader Init config took 3.18s 
92236      INFO  main            d.u.i.k.p.i.AbstractProblemLoader Replaying proof Inc[Inc::inc_field()].JML normal_behavior operation contract.0 
92238      DEBUG main            d.u.i.k.p.i.IntermediateProofReplayer Proof replay took 7.4ns 
92441      INFO  main            d.u.i.k.p.r.p.TestFile    ... finished proof: closed. 
92778      INFO  main            d.u.i.k.p.i.AbstractProblemLoader Loading environment from /home/runner/work/key/key/key.core/../key.ui/examples/standard_key/java_dl/jml-assert/assert-old/inc-field.key.proof 
92778      DEBUG main            d.u.i.k.p.i.AbstractProblemLoader Environment load took 680.5ns 
92780      INFO  main            d.u.i.k.p.i.AbstractProblemLoader Creating init config 
95924      DEBUG main            d.u.i.k.p.i.AbstractProblemLoader Init config took 3.14s 
95969      INFO  main            d.u.i.k.p.i.AbstractProblemLoader Replaying proof Inc[Inc::inc_field()].JML normal_behavior operation contract.0 
96012      DEBUG main            d.u.i.k.p.i.IntermediateProofReplayer Proof replay took 40.51ms 
96014      DEBUG main            d.u.i.k.p.r.p.TestFile    ... success: reloaded. 
96014      INFO  main            d.u.i.k.p.r.p.TestFile    Now processing file /home/runner/work/key/key/key.core/../key.ui/examples/standard_key/java_dl/jml-assert/assert-old/inc-parameter.key 
96015      INFO  main            d.u.i.k.p.i.AbstractProblemLoader Loading environment from /home/runner/work/key/key/key.core/../key.ui/examples/standard_key/java_dl/jml-assert/assert-old/inc-parameter.key 
96015      DEBUG main            d.u.i.k.p.i.AbstractProblemLoader Environment load took 127.6ns 
96016      INFO  main            d.u.i.k.p.i.AbstractProblemLoader Creating init config 
99185      DEBUG main            d.u.i.k.p.i.AbstractProblemLoader Init config took 3.17s 
99228      INFO  main            d.u.i.k.p.i.AbstractProblemLoader Replaying proof Inc[Inc::inc_parameter(int)].JML normal_behavior operation contract.0 
99229      DEBUG main            d.u.i.k.p.i.IntermediateProofReplayer Proof replay took 8ns 
99332      INFO  main            d.u.i.k.p.r.p.TestFile    ... finished proof: closed. 
99635      INFO  main            d.u.i.k.p.i.AbstractProblemLoader Loading environment from /home/runner/work/key/key/key.core/../key.ui/examples/standard_key/java_dl/jml-assert/assert-old/inc-parameter.key.proof 
99636      DEBUG main            d.u.i.k.p.i.AbstractProblemLoader Environment load took 155.4ns 
99637      INFO  main            d.u.i.k.p.i.AbstractProblemLoader Creating init config 
102725     DEBUG main            d.u.i.k.p.i.AbstractProblemLoader Init config took 3.09s 
102776     INFO  main            d.u.i.k.p.i.AbstractProblemLoader Replaying proof Inc[Inc::inc_parameter(int)].JML normal_behavior operation contract.0 
102798     DEBUG main            d.u.i.k.p.i.IntermediateProofReplayer Proof replay took 20.05ms 
102799     DEBUG main            d.u.i.k.p.r.p.TestFile    ... success: reloaded. 
102800     INFO  main            d.u.i.k.p.r.p.TestFile    Now processing file /home/runner/work/key/key/key.core/../key.ui/examples/standard_key/java_dl/jml-assert/assert-old/inc-parameter-field.key 
102800     INFO  main            d.u.i.k.p.i.AbstractProblemLoader Loading environment from /home/runner/work/key/key/key.core/../key.ui/examples/standard_key/java_dl/jml-assert/assert-old/inc-parameter-field.key 
102800     DEBUG main            d.u.i.k.p.i.AbstractProblemLoader Environment load took 73.8ns 
102801     INFO  main            d.u.i.k.p.i.AbstractProblemLoader Creating init config 
106051     DEBUG main            d.u.i.k.p.i.AbstractProblemLoader Init config took 3.25s 
106096     INFO  main            d.u.i.k.p.i.AbstractProblemLoader Replaying proof Inc[Inc::inc_parameter_field(Inc)].JML normal_behavior operation contract.0 
106098     DEBUG main            d.u.i.k.p.i.IntermediateProofReplayer Proof replay took 8.2ns 
106301     INFO  main            d.u.i.k.p.r.p.TestFile    ... finished proof: closed. 
106605     INFO  main            d.u.i.k.p.i.AbstractProblemLoader Loading environment from /home/runner/work/key/key/key.core/../key.ui/examples/standard_key/java_dl/jml-assert/assert-old/inc-parameter-field.key.proof 
106606     DEBUG main            d.u.i.k.p.i.AbstractProblemLoader Environment load took 128.2ns 
106607     INFO  main            d.u.i.k.p.i.AbstractProblemLoader Creating init config 
109723     DEBUG main            d.u.i.k.p.i.AbstractProblemLoader Init config took 3.12s 
109769     INFO  main            d.u.i.k.p.i.AbstractProblemLoader Replaying proof Inc[Inc::inc_parameter_field(Inc)].JML normal_behavior operation contract.0 
109815     DEBUG main            d.u.i.k.p.i.IntermediateProofReplayer Proof replay took 43.67ms 
109816     DEBUG main            d.u.i.k.p.r.p.TestFile    ... success: reloaded. 
109817     INFO  main            d.u.i.k.p.r.p.TestFile    Now processing file /home/runner/work/key/key/key.core/../key.ui/examples/standard_key/java_dl/jml-assert/assert-old/inc-ghost-field.key 
109818     INFO  main            d.u.i.k.p.i.AbstractProblemLoader Loading environment from /home/runner/work/key/key/key.core/../key.ui/examples/standard_key/java_dl/jml-assert/assert-old/inc-ghost-field.key 
109818     DEBUG main            d.u.i.k.p.i.AbstractProblemLoader Environment load took 260.2ns 
109819     INFO  main            d.u.i.k.p.i.AbstractProblemLoader Creating init config 
112976     DEBUG main            d.u.i.k.p.i.AbstractProblemLoader Init config took 3.16s 
113024     INFO  main            d.u.i.k.p.i.AbstractProblemLoader Replaying proof Inc[Inc::inc_ghost_field()].JML normal_behavior operation contract.0 
113026     DEBUG main            d.u.i.k.p.i.IntermediateProofReplayer Proof replay took 8.2ns 
113231     INFO  main            d.u.i.k.p.r.p.TestFile    ... finished proof: closed. 
113544     INFO  main            d.u.i.k.p.i.AbstractProblemLoader Loading environment from /home/runner/work/key/key/key.core/../key.ui/examples/standard_key/java_dl/jml-assert/assert-old/inc-ghost-field.key.proof 
113546     DEBUG main            d.u.i.k.p.i.AbstractProblemLoader Environment load took 1.72ms 
113548     INFO  main            d.u.i.k.p.i.AbstractProblemLoader Creating init config 
116686     DEBUG main            d.u.i.k.p.i.AbstractProblemLoader Init config took 3.14s 
116735     INFO  main            d.u.i.k.p.i.AbstractProblemLoader Replaying proof Inc[Inc::inc_ghost_field()].JML normal_behavior operation contract.0 
116786     DEBUG main            d.u.i.k.p.i.IntermediateProofReplayer Proof replay took 46.56ms 
116788     DEBUG main            d.u.i.k.p.r.p.TestFile    ... success: reloaded. 
956468     INFO  Test worker     d.u.i.k.p.r.RunAllProofsTestUnit Returning from test jmlAsserts 
956470     INFO  Test worker     d.u.i.k.p.r.RunAllProofsTestUnit Running test javaCard 
476        INFO  Timeout watchdog d.u.i.k.p.r.p.ForkedTestFileRunner Timeout watcher launched (2000 secs.) 
512        WARN  main            d.u.i.k.s.ProofSettings   The settings in /home/runner/.key/proof-settings.props are *not* read. 
586        INFO  main            d.u.i.k.p.r.p.TestFile    Now processing file /home/runner/work/key/key/key.core/../key.ui/examples/heap/javacard/updateBalance0.key 
738        INFO  main            d.u.i.k.p.i.AbstractProblemLoader Loading environment from /home/runner/work/key/key/key.core/../key.ui/examples/heap/javacard/updateBalance0.key 
759        DEBUG main            d.u.i.k.p.i.AbstractProblemLoader Environment load took 2.46ms 
1049       INFO  main            d.u.i.k.p.i.AbstractProblemLoader Creating init config 
2295       DEBUG main            d.u.i.k.j.TypeConverter   No LDT found for Meta 
2295       DEBUG main            d.u.i.k.j.TypeConverter   No LDT found for Meta 
2297       DEBUG main            d.u.i.k.j.TypeConverter   No LDT found for Meta 
2297       DEBUG main            d.u.i.k.j.TypeConverter   No LDT found for Meta 
4267       DEBUG main            d.u.i.k.j.TypeConverter   No LDT found for JavaBigintExpression 
9025       DEBUG main            d.u.i.k.p.i.AbstractProblemLoader Init config took 7.98s 
9249       INFO  main            d.u.i.k.p.i.AbstractProblemLoader Replaying proof Examples[Examples::updateBalance(short)].JML normal_behavior operation contract.0 
9308       DEBUG main            d.u.i.k.p.i.IntermediateProofReplayer Proof replay took 41.7ns 
11059      INFO  main            d.u.i.k.p.r.p.TestFile    ... finished proof: closed. 
11216      INFO  main            d.u.i.k.p.i.AbstractProblemLoader Loading environment from /home/runner/work/key/key/key.core/../key.ui/examples/heap/javacard/updateBalance0.key.proof 
11217      DEBUG main            d.u.i.k.p.i.AbstractProblemLoader Environment load took 711.9ns 
11219      INFO  main            d.u.i.k.p.i.AbstractProblemLoader Creating init config 
13599      DEBUG main            d.u.i.k.p.i.AbstractProblemLoader Init config took 2.38s 
13676      INFO  main            d.u.i.k.p.i.AbstractProblemLoader Replaying proof Examples[Examples::updateBalance(short)].JML normal_behavior operation contract.0 
14073      DEBUG main            d.u.i.k.p.i.IntermediateProofReplayer Proof replay took 386.42ms 
14084      DEBUG main            d.u.i.k.p.r.p.TestFile    ... success: reloaded. 
14093      INFO  main            d.u.i.k.p.r.p.TestFile    Now processing file /home/runner/work/key/key/key.core/../key.ui/examples/heap/javacard/updateBalance1.key 
14094      INFO  main            d.u.i.k.p.i.AbstractProblemLoader Loading environment from /home/runner/work/key/key/key.core/../key.ui/examples/heap/javacard/updateBalance1.key 
14095      DEBUG main            d.u.i.k.p.i.AbstractProblemLoader Environment load took 949.8ns 
14099      INFO  main            d.u.i.k.p.i.AbstractProblemLoader Creating init config 
16285      DEBUG main            d.u.i.k.p.i.AbstractProblemLoader Init config took 2.19s 
16357      INFO  main            d.u.i.k.p.i.AbstractProblemLoader Replaying proof Examples[Examples::updateBalance(short)].JML normal_behavior operation contract.1 
16361      DEBUG main            d.u.i.k.p.i.IntermediateProofReplayer Proof replay took 7.2ns 
17174      INFO  main            d.u.i.k.p.r.p.TestFile    ... finished proof: closed. 
17328      INFO  main            d.u.i.k.p.i.AbstractProblemLoader Loading environment from /home/runner/work/key/key/key.core/../key.ui/examples/heap/javacard/updateBalance1.key.proof 
17329      DEBUG main            d.u.i.k.p.i.AbstractProblemLoader Environment load took 795.7ns 
17332      INFO  main            d.u.i.k.p.i.AbstractProblemLoader Creating init config 
19364      DEBUG main            d.u.i.k.p.i.AbstractProblemLoader Init config took 2.03s 
19423      INFO  main            d.u.i.k.p.i.AbstractProblemLoader Replaying proof Examples[Examples::updateBalance(short)].JML normal_behavior operation contract.1 
19640      DEBUG main            d.u.i.k.p.i.IntermediateProofReplayer Proof replay took 210.66ms 
19643      DEBUG main            d.u.i.k.p.r.p.TestFile    ... success: reloaded. 
19647      INFO  main            d.u.i.k.p.r.p.TestFile    Now processing file /home/runner/work/key/key/key.core/../key.ui/examples/heap/javacard/setArray1.key 
19647      INFO  main            d.u.i.k.p.i.AbstractProblemLoader Loading environment from /home/runner/work/key/key/key.core/../key.ui/examples/heap/javacard/setArray1.key 
19648      DEBUG main            d.u.i.k.p.i.AbstractProblemLoader Environment load took 332ns 
19650      INFO  main            d.u.i.k.p.i.AbstractProblemLoader Creating init config 
21713      DEBUG main            d.u.i.k.p.i.AbstractProblemLoader Init config took 2.06s 
21772      INFO  main            d.u.i.k.p.i.AbstractProblemLoader Replaying proof Examples[Examples::setArray1([B)].JML normal_behavior operation contract.0 
21775      DEBUG main            d.u.i.k.p.i.IntermediateProofReplayer Proof replay took 7.4ns 
23187      INFO  main            d.u.i.k.p.r.p.TestFile    ... finished proof: closed. 
23347      INFO  main            d.u.i.k.p.i.AbstractProblemLoader Loading environment from /home/runner/work/key/key/key.core/../key.ui/examples/heap/javacard/setArray1.key.proof 
23347      DEBUG main            d.u.i.k.p.i.AbstractProblemLoader Environment load took 171.3ns 
23348      INFO  main            d.u.i.k.p.i.AbstractProblemLoader Creating init config 
25363      DEBUG main            d.u.i.k.p.i.AbstractProblemLoader Init config took 2.01s 
25417      INFO  main            d.u.i.k.p.i.AbstractProblemLoader Replaying proof Examples[Examples::setArray1([B)].JML normal_behavior operation contract.0 
25704      DEBUG main            d.u.i.k.p.i.IntermediateProofReplayer Proof replay took 279.48ms 
25708      DEBUG main            d.u.i.k.p.r.p.TestFile    ... success: reloaded. 
25711      INFO  main            d.u.i.k.p.r.p.TestFile    Now processing file /home/runner/work/key/key/key.core/../key.ui/examples/heap/javacard/setArray2.key 
25711      INFO  main            d.u.i.k.p.i.AbstractProblemLoader Loading environment from /home/runner/work/key/key/key.core/../key.ui/examples/heap/javacard/setArray2.key 
25712      DEBUG main            d.u.i.k.p.i.AbstractProblemLoader Environment load took 360.5ns 
25713      INFO  main            d.u.i.k.p.i.AbstractProblemLoader Creating init config 
27769      DEBUG main            d.u.i.k.p.i.AbstractProblemLoader Init config took 2.06s 
27850      INFO  main            d.u.i.k.p.i.AbstractProblemLoader Replaying proof Examples[Examples::setArray2([B)].JML normal_behavior operation contract.0 
27854      DEBUG main            d.u.i.k.p.i.IntermediateProofReplayer Proof replay took 8.4ns 
29365      INFO  main            d.u.i.k.p.r.p.TestFile    ... finished proof: closed. 
29536      INFO  main            d.u.i.k.p.i.AbstractProblemLoader Loading environment from /home/runner/work/key/key/key.core/../key.ui/examples/heap/javacard/setArray2.key.proof 
29537      DEBUG main            d.u.i.k.p.i.AbstractProblemLoader Environment load took 157.9ns 
29538      INFO  main            d.u.i.k.p.i.AbstractProblemLoader Creating init config 
31586      DEBUG main            d.u.i.k.p.i.AbstractProblemLoader Init config took 2.05s 
31640      INFO  main            d.u.i.k.p.i.AbstractProblemLoader Replaying proof Examples[Examples::setArray2([B)].JML normal_behavior operation contract.0 
31976      DEBUG main            d.u.i.k.p.i.IntermediateProofReplayer Proof replay took 329.41ms 
31980      DEBUG main            d.u.i.k.p.r.p.TestFile    ... success: reloaded. 
31983      INFO  main            d.u.i.k.p.r.p.TestFile    Now processing file /home/runner/work/key/key/key.core/../key.ui/examples/heap/javacard/arrayFillNonAtomic.key 
31983      INFO  main            d.u.i.k.p.i.AbstractProblemLoader Loading environment from /home/runner/work/key/key/key.core/../key.ui/examples/heap/javacard/arrayFillNonAtomic.key 
31984      DEBUG main            d.u.i.k.p.i.AbstractProblemLoader Environment load took 279.4ns 
31985      INFO  main            d.u.i.k.p.i.AbstractProblemLoader Creating init config 
34017      DEBUG main            d.u.i.k.p.i.AbstractProblemLoader Init config took 2.03s 
34085      INFO  main            d.u.i.k.p.i.AbstractProblemLoader Replaying proof javacard.framework.Util[javacard.framework.Util::arrayFillNonAtomic([B,short,short,byte)].JML behavior operation contract.0.transaction_inactive 
34087      DEBUG main            d.u.i.k.p.i.IntermediateProofReplayer Proof replay took 6.8ns 
35231      DEBUG Thread-13       d.u.i.k.l.o.ProgramSV     Match failed: Former match of  SchemaVariable incompatible with  the current match. 
35232      DEBUG Thread-13       d.u.i.k.l.o.ProgramSV     Match failed: Former match of  SchemaVariable incompatible with  the current match. 
37081      DEBUG Thread-13       d.u.i.k.l.o.ProgramSV     Match failed: Former match of  SchemaVariable incompatible with  the current match. 
37082      DEBUG Thread-13       d.u.i.k.l.o.ProgramSV     Match failed: Former match of  SchemaVariable incompatible with  the current match. 
39255      INFO  main            d.u.i.k.p.r.p.TestFile    ... finished proof: closed. 
39558      INFO  main            d.u.i.k.p.i.AbstractProblemLoader Loading environment from /home/runner/work/key/key/key.core/../key.ui/examples/heap/javacard/arrayFillNonAtomic.key.proof 
39558      DEBUG main            d.u.i.k.p.i.AbstractProblemLoader Environment load took 754ns 
39562      INFO  main            d.u.i.k.p.i.AbstractProblemLoader Creating init config 
41564      DEBUG main            d.u.i.k.p.i.AbstractProblemLoader Init config took 2s 
41650      INFO  main            d.u.i.k.p.i.AbstractProblemLoader Replaying proof javacard.framework.Util[javacard.framework.Util::arrayFillNonAtomic([B,short,short,byte)].JML behavior operation contract.0.transaction_inactive 
43003      DEBUG main            d.u.i.k.p.i.IntermediateProofReplayer Proof replay took 1.32s 
43006      DEBUG main            d.u.i.k.p.r.p.TestFile    ... success: reloaded. 
43007      INFO  main            d.u.i.k.p.r.p.TestFile    Now processing file /home/runner/work/key/key/key.core/../key.ui/examples/heap/coincidence_count/project.key 
43008      INFO  main            d.u.i.k.p.i.AbstractProblemLoader Loading environment from /home/runner/work/key/key/key.core/../key.ui/examples/heap/coincidence_count/project.key 
43008      DEBUG main            d.u.i.k.p.i.AbstractProblemLoader Environment load took 365ns 
43010      INFO  main            d.u.i.k.p.i.AbstractProblemLoader Creating init config 
47429      DEBUG main            d.u.i.k.p.i.AbstractProblemLoader Init config took 4.42s 
47506      INFO  main            d.u.i.k.p.i.AbstractProblemLoader Replaying proof CC[CC::calcCoinIndex([I,[I)].JML normal_behavior operation contract.0 
47510      DEBUG main            d.u.i.k.p.i.IntermediateProofReplayer Proof replay took 6.6ns 
72048      INFO  main            d.u.i.k.p.r.p.TestFile    ... finished proof: closed. 
72446      INFO  main            d.u.i.k.p.i.AbstractProblemLoader Loading environment from /home/runner/work/key/key/key.core/../key.ui/examples/heap/coincidence_count/project.key.proof 
72447      DEBUG main            d.u.i.k.p.i.AbstractProblemLoader Environment load took 641.8ns 
72451      INFO  main            d.u.i.k.p.i.AbstractProblemLoader Creating init config 
75694      DEBUG main            d.u.i.k.p.i.AbstractProblemLoader Init config took 3.24s 
75748      INFO  main            d.u.i.k.p.i.AbstractProblemLoader Replaying proof CC[CC::calcCoinIndex([I,[I)].JML normal_behavior operation contract.0 
77269      DEBUG main            d.u.i.k.p.i.IntermediateProofReplayer Proof replay took 1.44s 
77274      DEBUG main            d.u.i.k.p.r.p.TestFile    ... success: reloaded. 
77275      INFO  main            d.u.i.k.p.r.p.TestFile    Now processing file /home/runner/work/key/key/key.core/../key.ui/examples/heap/verifyThis11_1_Maximum/project.key 
77276      INFO  main            d.u.i.k.p.i.AbstractProblemLoader Loading environment from /home/runner/work/key/key/key.core/../key.ui/examples/heap/verifyThis11_1_Maximum/project.key 
77276      DEBUG main            d.u.i.k.p.i.AbstractProblemLoader Environment load took 298.3ns 
77278      INFO  main            d.u.i.k.p.i.AbstractProblemLoader Creating init config 
80698      DEBUG main            d.u.i.k.p.i.AbstractProblemLoader Init config took 3.42s 
80749      INFO  main            d.u.i.k.p.i.AbstractProblemLoader Replaying proof Maximum[Maximum::maxIndex([I)].JML normal_behavior operation contract.0 
80751      DEBUG main            d.u.i.k.p.i.IntermediateProofReplayer Proof replay took 19.1ns 
81971      INFO  main            d.u.i.k.p.r.p.TestFile    ... finished proof: closed. 
82312      INFO  main            d.u.i.k.p.i.AbstractProblemLoader Loading environment from /home/runner/work/key/key/key.core/../key.ui/examples/heap/verifyThis11_1_Maximum/project.key.proof 
82313      DEBUG main            d.u.i.k.p.i.AbstractProblemLoader Environment load took 588.1ns 
82314      INFO  main            d.u.i.k.p.i.AbstractProblemLoader Creating init config 
85418      DEBUG main            d.u.i.k.p.i.AbstractProblemLoader Init config took 3.1s 
85497      INFO  main            d.u.i.k.p.i.AbstractProblemLoader Replaying proof Maximum[Maximum::maxIndex([I)].JML normal_behavior operation contract.0 
85770      DEBUG main            d.u.i.k.p.i.IntermediateProofReplayer Proof replay took 264.43ms 
85772      DEBUG main            d.u.i.k.p.r.p.TestFile    ... success: reloaded. 
85773      INFO  main            d.u.i.k.p.r.p.TestFile    Now processing file /home/runner/work/key/key/key.core/../key.ui/examples/heap/fm12_01_LRS/lcp.key 
85773      INFO  main            d.u.i.k.p.i.AbstractProblemLoader Loading environment from /home/runner/work/key/key/key.core/../key.ui/examples/heap/fm12_01_LRS/lcp.key 
85774      DEBUG main            d.u.i.k.p.i.AbstractProblemLoader Environment load took 307.6ns 
85775      INFO  main            d.u.i.k.p.i.AbstractProblemLoader Creating init config 
89922      DEBUG main            d.u.i.k.p.i.AbstractProblemLoader Init config took 4.15s 
90032      INFO  main            d.u.i.k.p.i.AbstractProblemLoader Replaying proof LCP[LCP::lcp([I,int,int)].JML normal_behavior operation contract.0 
90034      DEBUG main            d.u.i.k.p.i.IntermediateProofReplayer Proof replay took 7.8ns 
91245      INFO  main            d.u.i.k.p.r.p.TestFile    ... finished proof: closed. 
91598      INFO  main            d.u.i.k.p.i.AbstractProblemLoader Loading environment from /home/runner/work/key/key/key.core/../key.ui/examples/heap/fm12_01_LRS/lcp.key.proof 
91599      DEBUG main            d.u.i.k.p.i.AbstractProblemLoader Environment load took 639.8ns 
91601      INFO  main            d.u.i.k.p.i.AbstractProblemLoader Creating init config 
95467      DEBUG main            d.u.i.k.p.i.AbstractProblemLoader Init config took 3.87s 
95542      INFO  main            d.u.i.k.p.i.AbstractProblemLoader Replaying proof LCP[LCP::lcp([I,int,int)].JML normal_behavior operation contract.0 
95865      DEBUG main            d.u.i.k.p.i.IntermediateProofReplayer Proof replay took 316.02ms 
95868      DEBUG main            d.u.i.k.p.r.p.TestFile    ... success: reloaded. 
95869      INFO  main            d.u.i.k.p.r.p.TestFile    Now processing file /home/runner/work/key/key/key.core/../key.ui/examples/heap/SemanticSlicing/project.key 
95870      INFO  main            d.u.i.k.p.i.AbstractProblemLoader Loading environment from /home/runner/work/key/key/key.core/../key.ui/examples/heap/SemanticSlicing/project.key 
95870      DEBUG main            d.u.i.k.p.i.AbstractProblemLoader Environment load took 275.3ns 
95871      INFO  main            d.u.i.k.p.i.AbstractProblemLoader Creating init config 
99410      DEBUG main            d.u.i.k.p.i.AbstractProblemLoader Init config took 3.54s 
99480      INFO  main            d.u.i.k.p.i.AbstractProblemLoader Replaying proof unsatcore_after.competition.postcond5.scope333.LRS[unsatcore_after.competition.postcond5.scope333.LRS::doLRS()].JML operation contract.0 
99483      DEBUG main            d.u.i.k.p.i.IntermediateProofReplayer Proof replay took 7.5ns 
104742     INFO  main            d.u.i.k.p.r.p.TestFile    ... finished proof: closed. 
105121     INFO  main            d.u.i.k.p.i.AbstractProblemLoader Loading environment from /home/runner/work/key/key/key.core/../key.ui/examples/heap/SemanticSlicing/project.key.proof 
105121     DEBUG main            d.u.i.k.p.i.AbstractProblemLoader Environment load took 570ns 
105123     INFO  main            d.u.i.k.p.i.AbstractProblemLoader Creating init config 
108470     DEBUG main            d.u.i.k.p.i.AbstractProblemLoader Init config took 3.35s 
108538     INFO  main            d.u.i.k.p.i.AbstractProblemLoader Replaying proof unsatcore_after.competition.postcond5.scope333.LRS[unsatcore_after.competition.postcond5.scope333.LRS::doLRS()].JML operation contract.0 
109712     DEBUG main            d.u.i.k.p.i.IntermediateProofReplayer Proof replay took 1.16s 
109714     DEBUG main            d.u.i.k.p.r.p.TestFile    ... success: reloaded. 
109715     INFO  main            d.u.i.k.p.r.p.TestFile    Now processing file /home/runner/work/key/key/key.core/../key.ui/examples/heap/information_flow/ArrayList_contains.key 
109715     INFO  main            d.u.i.k.p.i.AbstractProblemLoader Loading environment from /home/runner/work/key/key/key.core/../key.ui/examples/heap/information_flow/ArrayList_contains.key 
109716     DEBUG main            d.u.i.k.p.i.AbstractProblemLoader Environment load took 221.2ns 
109717     INFO  main            d.u.i.k.p.i.AbstractProblemLoader Creating init config 
113347     DEBUG main            d.u.i.k.p.i.AbstractProblemLoader Init config took 3.63s 
113404     INFO  main            d.u.i.k.p.i.AbstractProblemLoader Replaying proof ArrayList[ArrayList::get(int)].JML normal_behavior operation contract.0 
113412     DEBUG main            d.u.i.k.p.i.IntermediateProofReplayer Proof replay took 7ns 
113817     INFO  main            d.u.i.k.p.r.p.TestFile    ... finished proof: closed. 
114138     INFO  main            d.u.i.k.p.i.AbstractProblemLoader Loading environment from /home/runner/work/key/key/key.core/../key.ui/examples/heap/information_flow/ArrayList_contains.key.proof 
114139     DEBUG main            d.u.i.k.p.i.AbstractProblemLoader Environment load took 659.2ns 
114140     INFO  main            d.u.i.k.p.i.AbstractProblemLoader Creating init config 
117525     DEBUG main            d.u.i.k.p.i.AbstractProblemLoader Init config took 3.38s 
117575     INFO  main            d.u.i.k.p.i.AbstractProblemLoader Replaying proof ArrayList[ArrayList::get(int)].JML normal_behavior operation contract.0 
117659     DEBUG main            d.u.i.k.p.i.IntermediateProofReplayer Proof replay took 80.33ms 
117661     DEBUG main            d.u.i.k.p.r.p.TestFile    ... success: reloaded. 
117662     INFO  main            d.u.i.k.p.r.p.TestFile    Now processing file /home/runner/work/key/key/key.core/../key.ui/examples/heap/information_flow/ArrayList_get.key 
117663     INFO  main            d.u.i.k.p.i.AbstractProblemLoader Loading environment from /home/runner/work/key/key/key.core/../key.ui/examples/heap/information_flow/ArrayList_get.key 
117663     DEBUG main            d.u.i.k.p.i.AbstractProblemLoader Environment load took 457.4ns 
117664     INFO  main            d.u.i.k.p.i.AbstractProblemLoader Creating init config 
121329     DEBUG main            d.u.i.k.p.i.AbstractProblemLoader Init config took 3.66s 
121380     INFO  main            d.u.i.k.p.i.AbstractProblemLoader Replaying proof ArrayList[ArrayList::contains(java.lang.Object)].JML normal_behavior operation contract.0 
121382     DEBUG main            d.u.i.k.p.i.IntermediateProofReplayer Proof replay took 7.1ns 
122590     INFO  main            d.u.i.k.p.r.p.TestFile    ... finished proof: closed. 
122948     INFO  main            d.u.i.k.p.i.AbstractProblemLoader Loading environment from /home/runner/work/key/key/key.core/../key.ui/examples/heap/information_flow/ArrayList_get.key.proof 
122948     DEBUG main            d.u.i.k.p.i.AbstractProblemLoader Environment load took 317.6ns 
122949     INFO  main            d.u.i.k.p.i.AbstractProblemLoader Creating init config 
126498     DEBUG main            d.u.i.k.p.i.AbstractProblemLoader Init config took 3.55s 
126554     INFO  main            d.u.i.k.p.i.AbstractProblemLoader Replaying proof ArrayList[ArrayList::contains(java.lang.Object)].JML normal_behavior operation contract.0 
126802     DEBUG main            d.u.i.k.p.i.IntermediateProofReplayer Proof replay took 242.55ms 
126804     DEBUG main            d.u.i.k.p.r.p.TestFile    ... success: reloaded. 
126805     INFO  main            d.u.i.k.p.r.p.TestFile    Now processing file /home/runner/work/key/key/key.core/../key.ui/examples/heap/information_flow/ArrayList_size.key 
126806     INFO  main            d.u.i.k.p.i.AbstractProblemLoader Loading environment from /home/runner/work/key/key/key.core/../key.ui/examples/heap/information_flow/ArrayList_size.key 
126807     DEBUG main            d.u.i.k.p.i.AbstractProblemLoader Environment load took 324.8ns 
126809     INFO  main            d.u.i.k.p.i.AbstractProblemLoader Creating init config 
130399     DEBUG main            d.u.i.k.p.i.AbstractProblemLoader Init config took 3.59s 
130445     INFO  main            d.u.i.k.p.i.AbstractProblemLoader Replaying proof ArrayList[ArrayList::size()].JML normal_behavior operation contract.0 
130447     DEBUG main            d.u.i.k.p.i.IntermediateProofReplayer Proof replay took 8.2ns 
130552     INFO  main            d.u.i.k.p.r.p.TestFile    ... finished proof: closed. 
130907     INFO  main            d.u.i.k.p.i.AbstractProblemLoader Loading environment from /home/runner/work/key/key/key.core/../key.ui/examples/heap/information_flow/ArrayList_size.key.proof 
130907     DEBUG main            d.u.i.k.p.i.AbstractProblemLoader Environment load took 298.1ns 
130908     INFO  main            d.u.i.k.p.i.AbstractProblemLoader Creating init config 
134383     DEBUG main            d.u.i.k.p.i.AbstractProblemLoader Init config took 3.48s 
134434     INFO  main            d.u.i.k.p.i.AbstractProblemLoader Replaying proof ArrayList[ArrayList::size()].JML normal_behavior operation contract.0 
134456     DEBUG main            d.u.i.k.p.i.IntermediateProofReplayer Proof replay took 18.81ms 
134457     DEBUG main            d.u.i.k.p.r.p.TestFile    ... success: reloaded. 
134458     INFO  main            d.u.i.k.p.r.p.TestFile    Now processing file /home/runner/work/key/key/key.core/../key.ui/examples/heap/information_flow/UpdateAbstraction_ex7_3_secure.key 
134458     INFO  main            d.u.i.k.p.i.AbstractProblemLoader Loading environment from /home/runner/work/key/key/key.core/../key.ui/examples/heap/information_flow/UpdateAbstraction_ex7_3_secure.key 
134459     DEBUG main            d.u.i.k.p.i.AbstractProblemLoader Environment load took 105.5ns 
134460     INFO  main            d.u.i.k.p.i.AbstractProblemLoader Creating init config 
138039     DEBUG main            d.u.i.k.p.i.AbstractProblemLoader Init config took 3.58s 
138084     INFO  main            d.u.i.k.p.i.AbstractProblemLoader Replaying proof UpdateAbstraction[UpdateAbstraction::ex7_3_secure()].JML operation contract.0 
138086     DEBUG main            d.u.i.k.p.i.IntermediateProofReplayer Proof replay took 7.7ns 
138289     INFO  main            d.u.i.k.p.r.p.TestFile    ... finished proof: closed. 
138642     INFO  main            d.u.i.k.p.i.AbstractProblemLoader Loading environment from /home/runner/work/key/key/key.core/../key.ui/examples/heap/information_flow/UpdateAbstraction_ex7_3_secure.key.proof 
138642     DEBUG main            d.u.i.k.p.i.AbstractProblemLoader Environment load took 138.8ns 
138643     INFO  main            d.u.i.k.p.i.AbstractProblemLoader Creating init config 
142118     DEBUG main            d.u.i.k.p.i.AbstractProblemLoader Init config took 3.48s 
142163     INFO  main            d.u.i.k.p.i.AbstractProblemLoader Replaying proof UpdateAbstraction[UpdateAbstraction::ex7_3_secure()].JML operation contract.0 
142237     DEBUG main            d.u.i.k.p.i.IntermediateProofReplayer Proof replay took 71.86ms 
142240     DEBUG main            d.u.i.k.p.r.p.TestFile    ... success: reloaded. 
142242     INFO  main            d.u.i.k.p.r.p.TestFile    Now processing file /home/runner/work/key/key/key.core/../key.ui/examples/heap/information_flow/UpdateAbstraction_ex7_4_secure.key 
142243     INFO  main            d.u.i.k.p.i.AbstractProblemLoader Loading environment from /home/runner/work/key/key/key.core/../key.ui/examples/heap/information_flow/UpdateAbstraction_ex7_4_secure.key 
142243     DEBUG main            d.u.i.k.p.i.AbstractProblemLoader Environment load took 285.7ns 
142244     INFO  main            d.u.i.k.p.i.AbstractProblemLoader Creating init config 
145720     DEBUG main            d.u.i.k.p.i.AbstractProblemLoader Init config took 3.48s 
145764     INFO  main            d.u.i.k.p.i.AbstractProblemLoader Replaying proof UpdateAbstraction[UpdateAbstraction::ex7_4_secure()].JML operation contract.0 
145766     DEBUG main            d.u.i.k.p.i.IntermediateProofReplayer Proof replay took 6.9ns 
146069     INFO  main            d.u.i.k.p.r.p.TestFile    ... finished proof: closed. 
146507     INFO  main            d.u.i.k.p.i.AbstractProblemLoader Loading environment from /home/runner/work/key/key/key.core/../key.ui/examples/heap/information_flow/UpdateAbstraction_ex7_4_secure.key.proof 
146508     DEBUG main            d.u.i.k.p.i.AbstractProblemLoader Environment load took 143.3ns 
146509     INFO  main            d.u.i.k.p.i.AbstractProblemLoader Creating init config 
149951     DEBUG main            d.u.i.k.p.i.AbstractProblemLoader Init config took 3.44s 
150024     INFO  main            d.u.i.k.p.i.AbstractProblemLoader Replaying proof UpdateAbstraction[UpdateAbstraction::ex7_4_secure()].JML operation contract.0 
150094     DEBUG main            d.u.i.k.p.i.IntermediateProofReplayer Proof replay took 67.09ms 
150095     DEBUG main            d.u.i.k.p.r.p.TestFile    ... success: reloaded. 
150096     INFO  main            d.u.i.k.p.r.p.TestFile    Now processing file /home/runner/work/key/key/key.core/../key.ui/examples/heap/information_flow/UpdateAbstraction_ex7_5_secure.key 
150097     INFO  main            d.u.i.k.p.i.AbstractProblemLoader Loading environment from /home/runner/work/key/key/key.core/../key.ui/examples/heap/information_flow/UpdateAbstraction_ex7_5_secure.key 
150097     DEBUG main            d.u.i.k.p.i.AbstractProblemLoader Environment load took 306.2ns 
150098     INFO  main            d.u.i.k.p.i.AbstractProblemLoader Creating init config 
153543     DEBUG main            d.u.i.k.p.i.AbstractProblemLoader Init config took 3.44s 
153590     INFO  main            d.u.i.k.p.i.AbstractProblemLoader Replaying proof UpdateAbstraction[UpdateAbstraction::ex7_5_secure()].JML operation contract.0 
153591     DEBUG main            d.u.i.k.p.i.IntermediateProofReplayer Proof replay took 7ns 
153693     INFO  main            d.u.i.k.p.r.p.TestFile    ... finished proof: closed. 
154061     INFO  main            d.u.i.k.p.i.AbstractProblemLoader Loading environment from /home/runner/work/key/key/key.core/../key.ui/examples/heap/information_flow/UpdateAbstraction_ex7_5_secure.key.proof 
154061     DEBUG main            d.u.i.k.p.i.AbstractProblemLoader Environment load took 132ns 
154063     INFO  main            d.u.i.k.p.i.AbstractProblemLoader Creating init config 
157501     DEBUG main            d.u.i.k.p.i.AbstractProblemLoader Init config took 3.44s 
157546     INFO  main            d.u.i.k.p.i.AbstractProblemLoader Replaying proof UpdateAbstraction[UpdateAbstraction::ex7_5_secure()].JML operation contract.0 
157574     DEBUG main            d.u.i.k.p.i.IntermediateProofReplayer Proof replay took 25.19ms 
157575     DEBUG main            d.u.i.k.p.r.p.TestFile    ... success: reloaded. 
157575     INFO  main            d.u.i.k.p.r.p.TestFile    Now processing file /home/runner/work/key/key/key.core/../key.ui/examples/heap/information_flow/UpdateAbstraction_ex7_6_secure.key 
157576     INFO  main            d.u.i.k.p.i.AbstractProblemLoader Loading environment from /home/runner/work/key/key/key.core/../key.ui/examples/heap/information_flow/UpdateAbstraction_ex7_6_secure.key 
157576     DEBUG main            d.u.i.k.p.i.AbstractProblemLoader Environment load took 137.3ns 
157577     INFO  main            d.u.i.k.p.i.AbstractProblemLoader Creating init config 
161051     DEBUG main            d.u.i.k.p.i.AbstractProblemLoader Init config took 3.47s 
161096     INFO  main            d.u.i.k.p.i.AbstractProblemLoader Replaying proof UpdateAbstraction[UpdateAbstraction::ex7_6_secure()].JML operation contract.0 
161098     DEBUG main            d.u.i.k.p.i.IntermediateProofReplayer Proof replay took 8.4ns 
161501     INFO  main            d.u.i.k.p.r.p.TestFile    ... finished proof: closed. 
161901     INFO  main            d.u.i.k.p.i.AbstractProblemLoader Loading environment from /home/runner/work/key/key/key.core/../key.ui/examples/heap/information_flow/UpdateAbstraction_ex7_6_secure.key.proof 
161901     DEBUG main            d.u.i.k.p.i.AbstractProblemLoader Environment load took 130.3ns 
161903     INFO  main            d.u.i.k.p.i.AbstractProblemLoader Creating init config 
165271     DEBUG main            d.u.i.k.p.i.AbstractProblemLoader Init config took 3.37s 
165316     INFO  main            d.u.i.k.p.i.AbstractProblemLoader Replaying proof UpdateAbstraction[UpdateAbstraction::ex7_6_secure()].JML operation contract.0 
165411     DEBUG main            d.u.i.k.p.i.IntermediateProofReplayer Proof replay took 91.58ms 
165412     DEBUG main            d.u.i.k.p.r.p.TestFile    ... success: reloaded. 
165413     INFO  main            d.u.i.k.p.r.p.TestFile    Now processing file /home/runner/work/key/key/key.core/../key.ui/examples/heap/information_flow/UpdateAbstraction_ex9_secure.key 
165413     INFO  main            d.u.i.k.p.i.AbstractProblemLoader Loading environment from /home/runner/work/key/key/key.core/../key.ui/examples/heap/information_flow/UpdateAbstraction_ex9_secure.key 
165413     DEBUG main            d.u.i.k.p.i.AbstractProblemLoader Environment load took 76ns 
165414     INFO  main            d.u.i.k.p.i.AbstractProblemLoader Creating init config 
168929     DEBUG main            d.u.i.k.p.i.AbstractProblemLoader Init config took 3.52s 
168975     INFO  main            d.u.i.k.p.i.AbstractProblemLoader Replaying proof UpdateAbstraction[UpdateAbstraction::ex9_secure()].JML operation contract.0 
168977     DEBUG main            d.u.i.k.p.i.IntermediateProofReplayer Proof replay took 7ns 
170182     INFO  main            d.u.i.k.p.r.p.TestFile    ... finished proof: closed. 
170635     INFO  main            d.u.i.k.p.i.AbstractProblemLoader Loading environment from /home/runner/work/key/key/key.core/../key.ui/examples/heap/information_flow/UpdateAbstraction_ex9_secure.key.proof 
170635     DEBUG main            d.u.i.k.p.i.AbstractProblemLoader Environment load took 176ns 
170637     INFO  main            d.u.i.k.p.i.AbstractProblemLoader Creating init config 
173946     DEBUG main            d.u.i.k.p.i.AbstractProblemLoader Init config took 3.31s 
173997     INFO  main            d.u.i.k.p.i.AbstractProblemLoader Replaying proof UpdateAbstraction[UpdateAbstraction::ex9_secure()].JML operation contract.0 
174265     DEBUG main            d.u.i.k.p.i.IntermediateProofReplayer Proof replay took 262.9ms 
174267     DEBUG main            d.u.i.k.p.r.p.TestFile    ... success: reloaded. 
1130981    INFO  Test worker     d.u.i.k.p.r.RunAllProofsTestUnit Returning from test javaCard 
1130983    INFO  Test worker     d.u.i.k.p.r.RunAllProofsTestUnit Running test list 
467        INFO  Timeout watchdog d.u.i.k.p.r.p.ForkedTestFileRunner Timeout watcher launched (2000 secs.) 
489        WARN  main            d.u.i.k.s.ProofSettings   The settings in /home/runner/.key/proof-settings.props are *not* read. 
533        INFO  main            d.u.i.k.p.r.p.TestFile    Now processing file /home/runner/work/key/key/key.core/../key.ui/examples/heap/list/ArrayList_add.key 
675        INFO  main            d.u.i.k.p.i.AbstractProblemLoader Loading environment from /home/runner/work/key/key/key.core/../key.ui/examples/heap/list/ArrayList_add.key 
696        DEBUG main            d.u.i.k.p.i.AbstractProblemLoader Environment load took 2.55ms 
1002       INFO  main            d.u.i.k.p.i.AbstractProblemLoader Creating init config 
2212       DEBUG main            d.u.i.k.j.TypeConverter   No LDT found for Meta 
2213       DEBUG main            d.u.i.k.j.TypeConverter   No LDT found for Meta 
2217       DEBUG main            d.u.i.k.j.TypeConverter   No LDT found for Meta 
2218       DEBUG main            d.u.i.k.j.TypeConverter   No LDT found for Meta 
4109       DEBUG main            d.u.i.k.j.TypeConverter   No LDT found for JavaBigintExpression 
8521       DEBUG main            d.u.i.k.j.r.ClassPreparationMethodBuilder clPrepBuilder: Inner Class detected. Reject building class initialisation methods. 
12217      DEBUG main            d.u.i.k.p.i.AbstractProblemLoader Init config took 11.22s 
12437      INFO  main            d.u.i.k.p.i.AbstractProblemLoader Replaying proof ArrayList[List::add(java.lang.Object)].JML normal_behavior operation contract.0 
12492      DEBUG main            d.u.i.k.p.i.IntermediateProofReplayer Proof replay took 36ns 
20962      INFO  main            d.u.i.k.p.r.p.TestFile    ... finished proof: closed. 
21275      INFO  main            d.u.i.k.p.i.AbstractProblemLoader Loading environment from /home/runner/work/key/key/key.core/../key.ui/examples/heap/list/ArrayList_add.key.proof 
21275      DEBUG main            d.u.i.k.p.i.AbstractProblemLoader Environment load took 205.1ns 
21285      INFO  main            d.u.i.k.p.i.AbstractProblemLoader Creating init config 
22952      DEBUG main            d.u.i.k.j.r.ClassPreparationMethodBuilder clPrepBuilder: Inner Class detected. Reject building class initialisation methods. 
26202      DEBUG main            d.u.i.k.p.i.AbstractProblemLoader Init config took 4.92s 
26298      INFO  main            d.u.i.k.p.i.AbstractProblemLoader Replaying proof ArrayList[List::add(java.lang.Object)].JML normal_behavior operation contract.0 
27812      DEBUG main            d.u.i.k.p.i.IntermediateProofReplayer Proof replay took 1.48s 
27824      DEBUG main            d.u.i.k.p.r.p.TestFile    ... success: reloaded. 
27827      INFO  main            d.u.i.k.p.r.p.TestFile    Now processing file /home/runner/work/key/key/key.core/../key.ui/examples/heap/list/ArrayList_ArrayList.key 
27827      INFO  main            d.u.i.k.p.i.AbstractProblemLoader Loading environment from /home/runner/work/key/key/key.core/../key.ui/examples/heap/list/ArrayList_ArrayList.key 
27828      DEBUG main            d.u.i.k.p.i.AbstractProblemLoader Environment load took 337.5ns 
27830      INFO  main            d.u.i.k.p.i.AbstractProblemLoader Creating init config 
29331      DEBUG main            d.u.i.k.j.r.ClassPreparationMethodBuilder clPrepBuilder: Inner Class detected. Reject building class initialisation methods. 
32415      DEBUG main            d.u.i.k.p.i.AbstractProblemLoader Init config took 4.59s 
32502      INFO  main            d.u.i.k.p.i.AbstractProblemLoader Replaying proof ArrayList[ArrayList::ArrayList()].JML normal_behavior operation contract.0 
32508      DEBUG main            d.u.i.k.p.i.IntermediateProofReplayer Proof replay took 7.8ns 
34530      INFO  main            d.u.i.k.p.r.p.TestFile    ... finished proof: closed. 
34772      INFO  main            d.u.i.k.p.i.AbstractProblemLoader Loading environment from /home/runner/work/key/key/key.core/../key.ui/examples/heap/list/ArrayList_ArrayList.key.proof 
34773      DEBUG main            d.u.i.k.p.i.AbstractProblemLoader Environment load took 625.9ns 
34775      INFO  main            d.u.i.k.p.i.AbstractProblemLoader Creating init config 
36135      DEBUG main            d.u.i.k.j.r.ClassPreparationMethodBuilder clPrepBuilder: Inner Class detected. Reject building class initialisation methods. 
39162      DEBUG main            d.u.i.k.p.i.AbstractProblemLoader Init config took 4.39s 
39267      INFO  main            d.u.i.k.p.i.AbstractProblemLoader Replaying proof ArrayList[ArrayList::ArrayList()].JML normal_behavior operation contract.0 
39637      DEBUG main            d.u.i.k.p.i.IntermediateProofReplayer Proof replay took 355.24ms 
39639      DEBUG main            d.u.i.k.p.r.p.TestFile    ... success: reloaded. 
39641      INFO  main            d.u.i.k.p.r.p.TestFile    Now processing file /home/runner/work/key/key/key.core/../key.ui/examples/heap/list/ArrayList_concatenate.key 
39642      INFO  main            d.u.i.k.p.i.AbstractProblemLoader Loading environment from /home/runner/work/key/key/key.core/../key.ui/examples/heap/list/ArrayList_concatenate.key 
39642      DEBUG main            d.u.i.k.p.i.AbstractProblemLoader Environment load took 297ns 
39644      INFO  main            d.u.i.k.p.i.AbstractProblemLoader Creating init config 
41073      DEBUG main            d.u.i.k.j.r.ClassPreparationMethodBuilder clPrepBuilder: Inner Class detected. Reject building class initialisation methods. 
44051      DEBUG main            d.u.i.k.p.i.AbstractProblemLoader Init config took 4.41s 
44124      INFO  main            d.u.i.k.p.i.AbstractProblemLoader Replaying proof ArrayList[List::concatenate(List)].JML normal_behavior operation contract.0 
44128      DEBUG main            d.u.i.k.p.i.IntermediateProofReplayer Proof replay took 18.1ns 
77640      INFO  main            d.u.i.k.p.r.p.TestFile    ... finished proof: closed. 
77986      INFO  main            d.u.i.k.p.i.AbstractProblemLoader Loading environment from /home/runner/work/key/key/key.core/../key.ui/examples/heap/list/ArrayList_concatenate.key.proof 
77987      DEBUG main            d.u.i.k.p.i.AbstractProblemLoader Environment load took 613.2ns 
77992      INFO  main            d.u.i.k.p.i.AbstractProblemLoader Creating init config 
79386      DEBUG main            d.u.i.k.j.r.ClassPreparationMethodBuilder clPrepBuilder: Inner Class detected. Reject building class initialisation methods. 
82379      DEBUG main            d.u.i.k.p.i.AbstractProblemLoader Init config took 4.39s 
82467      INFO  main            d.u.i.k.p.i.AbstractProblemLoader Replaying proof ArrayList[List::concatenate(List)].JML normal_behavior operation contract.0 
85498      DEBUG main            d.u.i.k.p.i.IntermediateProofReplayer Proof replay took 2.94s 
85503      DEBUG main            d.u.i.k.p.r.p.TestFile    ... success: reloaded. 
85505      INFO  main            d.u.i.k.p.r.p.TestFile    Now processing file /home/runner/work/key/key/key.core/../key.ui/examples/heap/list/ArrayList_contains_dep.key 
85506      INFO  main            d.u.i.k.p.i.AbstractProblemLoader Loading environment from /home/runner/work/key/key/key.core/../key.ui/examples/heap/list/ArrayList_contains_dep.key 
85506      DEBUG main            d.u.i.k.p.i.AbstractProblemLoader Environment load took 262.8ns 
85508      INFO  main            d.u.i.k.p.i.AbstractProblemLoader Creating init config 
86925      DEBUG main            d.u.i.k.j.r.ClassPreparationMethodBuilder clPrepBuilder: Inner Class detected. Reject building class initialisation methods. 
89975      DEBUG main            d.u.i.k.p.i.AbstractProblemLoader Init config took 4.47s 
90068      INFO  main            d.u.i.k.p.i.AbstractProblemLoader Replaying proof ArrayList[List::contains(java.lang.Object)].JML accessible clause.0 
90071      DEBUG main            d.u.i.k.p.i.IntermediateProofReplayer Proof replay took 7.3ns 
93884      INFO  main            d.u.i.k.p.r.p.TestFile    ... finished proof: closed. 
94140      INFO  main            d.u.i.k.p.i.AbstractProblemLoader Loading environment from /home/runner/work/key/key/key.core/../key.ui/examples/heap/list/ArrayList_contains_dep.key.proof 
94141      DEBUG main            d.u.i.k.p.i.AbstractProblemLoader Environment load took 661.6ns 
94143      INFO  main            d.u.i.k.p.i.AbstractProblemLoader Creating init config 
95495      DEBUG main            d.u.i.k.j.r.ClassPreparationMethodBuilder clPrepBuilder: Inner Class detected. Reject building class initialisation methods. 
98473      DEBUG main            d.u.i.k.p.i.AbstractProblemLoader Init config took 4.33s 
98543      INFO  main            d.u.i.k.p.i.AbstractProblemLoader Replaying proof ArrayList[List::contains(java.lang.Object)].JML accessible clause.0 
99219      DEBUG main            d.u.i.k.p.i.IntermediateProofReplayer Proof replay took 662.8ms 
99226      DEBUG main            d.u.i.k.p.r.p.TestFile    ... success: reloaded. 
99228      INFO  main            d.u.i.k.p.r.p.TestFile    Now processing file /home/runner/work/key/key/key.core/../key.ui/examples/heap/list/ArrayList_enlarge.key 
99228      INFO  main            d.u.i.k.p.i.AbstractProblemLoader Loading environment from /home/runner/work/key/key/key.core/../key.ui/examples/heap/list/ArrayList_enlarge.key 
99228      DEBUG main            d.u.i.k.p.i.AbstractProblemLoader Environment load took 106.3ns 
99229      INFO  main            d.u.i.k.p.i.AbstractProblemLoader Creating init config 
100588     DEBUG main            d.u.i.k.j.r.ClassPreparationMethodBuilder clPrepBuilder: Inner Class detected. Reject building class initialisation methods. 
103539     DEBUG main            d.u.i.k.p.i.AbstractProblemLoader Init config took 4.31s 
103609     INFO  main            d.u.i.k.p.i.AbstractProblemLoader Replaying proof ArrayList[ArrayList::enlarge()].JML normal_behavior operation contract.0 
103612     DEBUG main            d.u.i.k.p.i.IntermediateProofReplayer Proof replay took 5.9ns 
106722     INFO  main            d.u.i.k.p.r.p.TestFile    ... finished proof: closed. 
107027     INFO  main            d.u.i.k.p.i.AbstractProblemLoader Loading environment from /home/runner/work/key/key/key.core/../key.ui/examples/heap/list/ArrayList_enlarge.key.proof 
107029     DEBUG main            d.u.i.k.p.i.AbstractProblemLoader Environment load took 2.57ms 
107034     INFO  main            d.u.i.k.p.i.AbstractProblemLoader Creating init config 
108371     DEBUG main            d.u.i.k.j.r.ClassPreparationMethodBuilder clPrepBuilder: Inner Class detected. Reject building class initialisation methods. 
111361     DEBUG main            d.u.i.k.p.i.AbstractProblemLoader Init config took 4.33s 
111426     INFO  main            d.u.i.k.p.i.AbstractProblemLoader Replaying proof ArrayList[ArrayList::enlarge()].JML normal_behavior operation contract.0 
111966     DEBUG main            d.u.i.k.p.i.IntermediateProofReplayer Proof replay took 528.7ms 
111968     DEBUG main            d.u.i.k.p.r.p.TestFile    ... success: reloaded. 
111970     INFO  main            d.u.i.k.p.r.p.TestFile    Now processing file /home/runner/work/key/key/key.core/../key.ui/examples/heap/list/ArrayList_footprint.key 
111970     INFO  main            d.u.i.k.p.i.AbstractProblemLoader Loading environment from /home/runner/work/key/key/key.core/../key.ui/examples/heap/list/ArrayList_footprint.key 
111970     DEBUG main            d.u.i.k.p.i.AbstractProblemLoader Environment load took 139ns 
111972     INFO  main            d.u.i.k.p.i.AbstractProblemLoader Creating init config 
113327     DEBUG main            d.u.i.k.j.r.ClassPreparationMethodBuilder clPrepBuilder: Inner Class detected. Reject building class initialisation methods. 
116402     DEBUG main            d.u.i.k.p.i.AbstractProblemLoader Init config took 4.43s 
116461     INFO  main            d.u.i.k.p.i.AbstractProblemLoader Replaying proof List[List::$footprint()].JML accessible clause.0 
116463     DEBUG main            d.u.i.k.p.i.IntermediateProofReplayer Proof replay took 7.9ns 
116565     INFO  main            d.u.i.k.p.r.p.TestFile    ... finished proof: closed. 
116823     INFO  main            d.u.i.k.p.i.AbstractProblemLoader Loading environment from /home/runner/work/key/key/key.core/../key.ui/examples/heap/list/ArrayList_footprint.key.proof 
116823     DEBUG main            d.u.i.k.p.i.AbstractProblemLoader Environment load took 137.3ns 
116824     INFO  main            d.u.i.k.p.i.AbstractProblemLoader Creating init config 
118183     DEBUG main            d.u.i.k.j.r.ClassPreparationMethodBuilder clPrepBuilder: Inner Class detected. Reject building class initialisation methods. 
121070     DEBUG main            d.u.i.k.p.i.AbstractProblemLoader Init config took 4.25s 
121135     INFO  main            d.u.i.k.p.i.AbstractProblemLoader Replaying proof List[List::$footprint()].JML accessible clause.0 
121142     DEBUG main            d.u.i.k.p.i.IntermediateProofReplayer Proof replay took 1.48ms 
121144     DEBUG main            d.u.i.k.p.r.p.TestFile    ... success: reloaded. 
121145     INFO  main            d.u.i.k.p.r.p.TestFile    Now processing file /home/runner/work/key/key/key.core/../key.ui/examples/heap/list/ArrayList_get_dep.key 
121146     INFO  main            d.u.i.k.p.i.AbstractProblemLoader Loading environment from /home/runner/work/key/key/key.core/../key.ui/examples/heap/list/ArrayList_get_dep.key 
121146     DEBUG main            d.u.i.k.p.i.AbstractProblemLoader Environment load took 302.9ns 
121148     INFO  main            d.u.i.k.p.i.AbstractProblemLoader Creating init config 
122533     DEBUG main            d.u.i.k.j.r.ClassPreparationMethodBuilder clPrepBuilder: Inner Class detected. Reject building class initialisation methods. 
125421     DEBUG main            d.u.i.k.p.i.AbstractProblemLoader Init config took 4.27s 
125487     INFO  main            d.u.i.k.p.i.AbstractProblemLoader Replaying proof ArrayList[List::get(int)].JML accessible clause.0 
125491     DEBUG main            d.u.i.k.p.i.IntermediateProofReplayer Proof replay took 7.1ns 
126118     INFO  main            d.u.i.k.p.r.p.TestFile    ... finished proof: closed. 
126375     INFO  main            d.u.i.k.p.i.AbstractProblemLoader Loading environment from /home/runner/work/key/key/key.core/../key.ui/examples/heap/list/ArrayList_get_dep.key.proof 
126375     DEBUG main            d.u.i.k.p.i.AbstractProblemLoader Environment load took 165.3ns 
126376     INFO  main            d.u.i.k.p.i.AbstractProblemLoader Creating init config 
127715     DEBUG main            d.u.i.k.j.r.ClassPreparationMethodBuilder clPrepBuilder: Inner Class detected. Reject building class initialisation methods. 
130618     DEBUG main            d.u.i.k.p.i.AbstractProblemLoader Init config took 4.24s 
130678     INFO  main            d.u.i.k.p.i.AbstractProblemLoader Replaying proof ArrayList[List::get(int)].JML accessible clause.0 
130807     DEBUG main            d.u.i.k.p.i.IntermediateProofReplayer Proof replay took 124.64ms 
130808     DEBUG main            d.u.i.k.p.r.p.TestFile    ... success: reloaded. 
130810     INFO  main            d.u.i.k.p.r.p.TestFile    Now processing file /home/runner/work/key/key/key.core/../key.ui/examples/heap/list/ArrayList_get_exceptional.key 
130810     INFO  main            d.u.i.k.p.i.AbstractProblemLoader Loading environment from /home/runner/work/key/key/key.core/../key.ui/examples/heap/list/ArrayList_get_exceptional.key 
130811     DEBUG main            d.u.i.k.p.i.AbstractProblemLoader Environment load took 214.1ns 
130812     INFO  main            d.u.i.k.p.i.AbstractProblemLoader Creating init config 
132131     DEBUG main            d.u.i.k.j.r.ClassPreparationMethodBuilder clPrepBuilder: Inner Class detected. Reject building class initialisation methods. 
135087     DEBUG main            d.u.i.k.p.i.AbstractProblemLoader Init config took 4.27s 
135174     INFO  main            d.u.i.k.p.i.AbstractProblemLoader Replaying proof ArrayList[List::get(int)].JML exceptional_behavior operation contract.0 
135176     DEBUG main            d.u.i.k.p.i.IntermediateProofReplayer Proof replay took 26.3ns 
136810     INFO  main            d.u.i.k.p.r.p.TestFile    ... finished proof: closed. 
137076     INFO  main            d.u.i.k.p.i.AbstractProblemLoader Loading environment from /home/runner/work/key/key/key.core/../key.ui/examples/heap/list/ArrayList_get_exceptional.key.proof 
137077     DEBUG main            d.u.i.k.p.i.AbstractProblemLoader Environment load took 696.7ns 
137079     INFO  main            d.u.i.k.p.i.AbstractProblemLoader Creating init config 
138396     DEBUG main            d.u.i.k.j.r.ClassPreparationMethodBuilder clPrepBuilder: Inner Class detected. Reject building class initialisation methods. 
141267     DEBUG main            d.u.i.k.p.i.AbstractProblemLoader Init config took 4.19s 
141326     INFO  main            d.u.i.k.p.i.AbstractProblemLoader Replaying proof ArrayList[List::get(int)].JML exceptional_behavior operation contract.0 
141635     DEBUG main            d.u.i.k.p.i.IntermediateProofReplayer Proof replay took 299.94ms 
141637     DEBUG main            d.u.i.k.p.r.p.TestFile    ... success: reloaded. 
141639     INFO  main            d.u.i.k.p.r.p.TestFile    Now processing file /home/runner/work/key/key/key.core/../key.ui/examples/heap/list/ArrayList_get_normal.key 
141639     INFO  main            d.u.i.k.p.i.AbstractProblemLoader Loading environment from /home/runner/work/key/key/key.core/../key.ui/examples/heap/list/ArrayList_get_normal.key 
141639     DEBUG main            d.u.i.k.p.i.AbstractProblemLoader Environment load took 135.7ns 
141640     INFO  main            d.u.i.k.p.i.AbstractProblemLoader Creating init config 
142996     DEBUG main            d.u.i.k.j.r.ClassPreparationMethodBuilder clPrepBuilder: Inner Class detected. Reject building class initialisation methods. 
145839     DEBUG main            d.u.i.k.p.i.AbstractProblemLoader Init config took 4.2s 
145901     INFO  main            d.u.i.k.p.i.AbstractProblemLoader Replaying proof ArrayList[List::get(int)].JML normal_behavior operation contract.0 
145903     DEBUG main            d.u.i.k.p.i.IntermediateProofReplayer Proof replay took 7.6ns 
146509     INFO  main            d.u.i.k.p.r.p.TestFile    ... finished proof: closed. 
146828     INFO  main            d.u.i.k.p.i.AbstractProblemLoader Loading environment from /home/runner/work/key/key/key.core/../key.ui/examples/heap/list/ArrayList_get_normal.key.proof 
146830     DEBUG main            d.u.i.k.p.i.AbstractProblemLoader Environment load took 1.1ms 
146832     INFO  main            d.u.i.k.p.i.AbstractProblemLoader Creating init config 
148143     DEBUG main            d.u.i.k.j.r.ClassPreparationMethodBuilder clPrepBuilder: Inner Class detected. Reject building class initialisation methods. 
151025     DEBUG main            d.u.i.k.p.i.AbstractProblemLoader Init config took 4.19s 
151091     INFO  main            d.u.i.k.p.i.AbstractProblemLoader Replaying proof ArrayList[List::get(int)].JML normal_behavior operation contract.0 
151201     DEBUG main            d.u.i.k.p.i.IntermediateProofReplayer Proof replay took 103.98ms 
151202     DEBUG main            d.u.i.k.p.r.p.TestFile    ... success: reloaded. 
151204     INFO  main            d.u.i.k.p.r.p.TestFile    Now processing file /home/runner/work/key/key/key.core/../key.ui/examples/heap/list/ArrayList_inv.key 
151204     INFO  main            d.u.i.k.p.i.AbstractProblemLoader Loading environment from /home/runner/work/key/key/key.core/../key.ui/examples/heap/list/ArrayList_inv.key 
151204     DEBUG main            d.u.i.k.p.i.AbstractProblemLoader Environment load took 112.1ns 
151205     INFO  main            d.u.i.k.p.i.AbstractProblemLoader Creating init config 
152575     DEBUG main            d.u.i.k.j.r.ClassPreparationMethodBuilder clPrepBuilder: Inner Class detected. Reject building class initialisation methods. 
155468     DEBUG main            d.u.i.k.p.i.AbstractProblemLoader Init config took 4.26s 
155523     INFO  main            d.u.i.k.p.i.AbstractProblemLoader Replaying proof ArrayList[java.lang.Object::<inv>()].JML accessible clause.0 
155525     DEBUG main            d.u.i.k.p.i.IntermediateProofReplayer Proof replay took 6.4ns 
156028     INFO  main            d.u.i.k.p.r.p.TestFile    ... finished proof: closed. 
156327     INFO  main            d.u.i.k.p.i.AbstractProblemLoader Loading environment from /home/runner/work/key/key/key.core/../key.ui/examples/heap/list/ArrayList_inv.key.proof 
156328     DEBUG main            d.u.i.k.p.i.AbstractProblemLoader Environment load took 869.3ns 
156329     INFO  main            d.u.i.k.p.i.AbstractProblemLoader Creating init config 
157632     DEBUG main            d.u.i.k.j.r.ClassPreparationMethodBuilder clPrepBuilder: Inner Class detected. Reject building class initialisation methods. 
160477     DEBUG main            d.u.i.k.p.i.AbstractProblemLoader Init config took 4.15s 
160550     INFO  main            d.u.i.k.p.i.AbstractProblemLoader Replaying proof ArrayList[java.lang.Object::<inv>()].JML accessible clause.0 
160611     DEBUG main            d.u.i.k.p.i.IntermediateProofReplayer Proof replay took 56.89ms 
160613     DEBUG main            d.u.i.k.p.r.p.TestFile    ... success: reloaded. 
160615     INFO  main            d.u.i.k.p.r.p.TestFile    Now processing file /home/runner/work/key/key/key.core/../key.ui/examples/heap/list/ArrayList_iterator.key 
160615     INFO  main            d.u.i.k.p.i.AbstractProblemLoader Loading environment from /home/runner/work/key/key/key.core/../key.ui/examples/heap/list/ArrayList_iterator.key 
160616     DEBUG main            d.u.i.k.p.i.AbstractProblemLoader Environment load took 145.8ns 
160617     INFO  main            d.u.i.k.p.i.AbstractProblemLoader Creating init config 
161996     DEBUG main            d.u.i.k.j.r.ClassPreparationMethodBuilder clPrepBuilder: Inner Class detected. Reject building class initialisation methods. 
164881     DEBUG main            d.u.i.k.p.i.AbstractProblemLoader Init config took 4.26s 
164939     INFO  main            d.u.i.k.p.i.AbstractProblemLoader Replaying proof ArrayList[List::iterator()].JML normal_behavior operation contract.0 
164946     DEBUG main            d.u.i.k.p.i.IntermediateProofReplayer Proof replay took 6.6ns 
165651     INFO  main            d.u.i.k.p.r.p.TestFile    ... finished proof: closed. 
165939     INFO  main            d.u.i.k.p.i.AbstractProblemLoader Loading environment from /home/runner/work/key/key/key.core/../key.ui/examples/heap/list/ArrayList_iterator.key.proof 
165940     DEBUG main            d.u.i.k.p.i.AbstractProblemLoader Environment load took 950.71ns 
165942     INFO  main            d.u.i.k.p.i.AbstractProblemLoader Creating init config 
167295     DEBUG main            d.u.i.k.j.r.ClassPreparationMethodBuilder clPrepBuilder: Inner Class detected. Reject building class initialisation methods. 
170170     DEBUG main            d.u.i.k.p.i.AbstractProblemLoader Init config took 4.23s 
170241     INFO  main            d.u.i.k.p.i.AbstractProblemLoader Replaying proof ArrayList[List::iterator()].JML normal_behavior operation contract.0 
170356     DEBUG main            d.u.i.k.p.i.IntermediateProofReplayer Proof replay took 110.22ms 
170358     DEBUG main            d.u.i.k.p.r.p.TestFile    ... success: reloaded. 
170360     INFO  main            d.u.i.k.p.r.p.TestFile    Now processing file /home/runner/work/key/key/key.core/../key.ui/examples/heap/list/ArrayList_size_dep.key 
170360     INFO  main            d.u.i.k.p.i.AbstractProblemLoader Loading environment from /home/runner/work/key/key/key.core/../key.ui/examples/heap/list/ArrayList_size_dep.key 
170361     DEBUG main            d.u.i.k.p.i.AbstractProblemLoader Environment load took 294.6ns 
170362     INFO  main            d.u.i.k.p.i.AbstractProblemLoader Creating init config 
171717     DEBUG main            d.u.i.k.j.r.ClassPreparationMethodBuilder clPrepBuilder: Inner Class detected. Reject building class initialisation methods. 
174713     DEBUG main            d.u.i.k.p.i.AbstractProblemLoader Init config took 4.35s 
174770     INFO  main            d.u.i.k.p.i.AbstractProblemLoader Replaying proof ArrayList[List::size()].JML accessible clause.0 
174772     DEBUG main            d.u.i.k.p.i.IntermediateProofReplayer Proof replay took 7.1ns 
174975     INFO  main            d.u.i.k.p.r.p.TestFile    ... finished proof: closed. 
175275     INFO  main            d.u.i.k.p.i.AbstractProblemLoader Loading environment from /home/runner/work/key/key/key.core/../key.ui/examples/heap/list/ArrayList_size_dep.key.proof 
175275     DEBUG main            d.u.i.k.p.i.AbstractProblemLoader Environment load took 156.3ns 
175277     INFO  main            d.u.i.k.p.i.AbstractProblemLoader Creating init config 
176637     DEBUG main            d.u.i.k.j.r.ClassPreparationMethodBuilder clPrepBuilder: Inner Class detected. Reject building class initialisation methods. 
179455     DEBUG main            d.u.i.k.p.i.AbstractProblemLoader Init config took 4.18s 
179518     INFO  main            d.u.i.k.p.i.AbstractProblemLoader Replaying proof ArrayList[List::size()].JML accessible clause.0 
179552     DEBUG main            d.u.i.k.p.i.IntermediateProofReplayer Proof replay took 29.08ms 
179553     DEBUG main            d.u.i.k.p.r.p.TestFile    ... success: reloaded. 
179556     INFO  main            d.u.i.k.p.r.p.TestFile    Now processing file /home/runner/work/key/key/key.core/../key.ui/examples/heap/list/ArrayList_size.key 
179557     INFO  main            d.u.i.k.p.i.AbstractProblemLoader Loading environment from /home/runner/work/key/key/key.core/../key.ui/examples/heap/list/ArrayList_size.key 
179557     DEBUG main            d.u.i.k.p.i.AbstractProblemLoader Environment load took 145.19ns 
179561     INFO  main            d.u.i.k.p.i.AbstractProblemLoader Creating init config 
180928     DEBUG main            d.u.i.k.j.r.ClassPreparationMethodBuilder clPrepBuilder: Inner Class detected. Reject building class initialisation methods. 
183827     DEBUG main            d.u.i.k.p.i.AbstractProblemLoader Init config took 4.27s 
183907     INFO  main            d.u.i.k.p.i.AbstractProblemLoader Replaying proof ArrayList[List::size()].JML normal_behavior operation contract.0 
183910     DEBUG main            d.u.i.k.p.i.IntermediateProofReplayer Proof replay took 6.1ns 
184214     INFO  main            d.u.i.k.p.r.p.TestFile    ... finished proof: closed. 
184515     INFO  main            d.u.i.k.p.i.AbstractProblemLoader Loading environment from /home/runner/work/key/key/key.core/../key.ui/examples/heap/list/ArrayList_size.key.proof 
184515     DEBUG main            d.u.i.k.p.i.AbstractProblemLoader Environment load took 618.6ns 
184517     INFO  main            d.u.i.k.p.i.AbstractProblemLoader Creating init config 
185828     DEBUG main            d.u.i.k.j.r.ClassPreparationMethodBuilder clPrepBuilder: Inner Class detected. Reject building class initialisation methods. 
188693     DEBUG main            d.u.i.k.p.i.AbstractProblemLoader Init config took 4.18s 
188753     INFO  main            d.u.i.k.p.i.AbstractProblemLoader Replaying proof ArrayList[List::size()].JML normal_behavior operation contract.0 
188804     DEBUG main            d.u.i.k.p.i.IntermediateProofReplayer Proof replay took 47.79ms 
188805     DEBUG main            d.u.i.k.p.r.p.TestFile    ... success: reloaded. 
188806     INFO  main            d.u.i.k.p.r.p.TestFile    Now processing file /home/runner/work/key/key/key.core/../key.ui/examples/heap/list/ArrayList.ArrayListIterator_ArrayListIterator.key 
188807     INFO  main            d.u.i.k.p.i.AbstractProblemLoader Loading environment from /home/runner/work/key/key/key.core/../key.ui/examples/heap/list/ArrayList.ArrayListIterator_ArrayListIterator.key 
188807     DEBUG main            d.u.i.k.p.i.AbstractProblemLoader Environment load took 136.7ns 
188808     INFO  main            d.u.i.k.p.i.AbstractProblemLoader Creating init config 
190126     DEBUG main            d.u.i.k.j.r.ClassPreparationMethodBuilder clPrepBuilder: Inner Class detected. Reject building class initialisation methods. 
192967     DEBUG main            d.u.i.k.p.i.AbstractProblemLoader Init config took 4.16s 
193036     INFO  main            d.u.i.k.p.i.AbstractProblemLoader Replaying proof ArrayList.ArrayListIterator[ArrayList.ArrayListIterator::ArrayListIterator(ArrayList)].JML normal_behavior operation contract.0 
193038     DEBUG main            d.u.i.k.p.i.IntermediateProofReplayer Proof replay took 7.1ns 
193847     INFO  main            d.u.i.k.p.r.p.TestFile    ... finished proof: closed. 
194216     INFO  main            d.u.i.k.p.i.AbstractProblemLoader Loading environment from /home/runner/work/key/key/key.core/../key.ui/examples/heap/list/ArrayList.ArrayListIterator_ArrayListIterator.key.proof 
194217     DEBUG main            d.u.i.k.p.i.AbstractProblemLoader Environment load took 638.2ns 
194219     INFO  main            d.u.i.k.p.i.AbstractProblemLoader Creating init config 
195536     DEBUG main            d.u.i.k.j.r.ClassPreparationMethodBuilder clPrepBuilder: Inner Class detected. Reject building class initialisation methods. 
198340     DEBUG main            d.u.i.k.p.i.AbstractProblemLoader Init config took 4.12s 
198409     INFO  main            d.u.i.k.p.i.AbstractProblemLoader Replaying proof ArrayList.ArrayListIterator[ArrayList.ArrayListIterator::ArrayListIterator(ArrayList)].JML normal_behavior operation contract.0 
198557     DEBUG main            d.u.i.k.p.i.IntermediateProofReplayer Proof replay took 141.58ms 
198558     DEBUG main            d.u.i.k.p.r.p.TestFile    ... success: reloaded. 
198560     INFO  main            d.u.i.k.p.r.p.TestFile    Now processing file /home/runner/work/key/key/key.core/../key.ui/examples/heap/list/ArrayList.ArrayListIterator_hasNext_dep.key 
198561     INFO  main            d.u.i.k.p.i.AbstractProblemLoader Loading environment from /home/runner/work/key/key/key.core/../key.ui/examples/heap/list/ArrayList.ArrayListIterator_hasNext_dep.key 
198561     DEBUG main            d.u.i.k.p.i.AbstractProblemLoader Environment load took 314ns 
198562     INFO  main            d.u.i.k.p.i.AbstractProblemLoader Creating init config 
199932     DEBUG main            d.u.i.k.j.r.ClassPreparationMethodBuilder clPrepBuilder: Inner Class detected. Reject building class initialisation methods. 
202864     DEBUG main            d.u.i.k.p.i.AbstractProblemLoader Init config took 4.3s 
202954     INFO  main            d.u.i.k.p.i.AbstractProblemLoader Replaying proof ArrayList.ArrayListIterator[ListIterator::hasNext()].JML accessible clause.0 
202957     DEBUG main            d.u.i.k.p.i.IntermediateProofReplayer Proof replay took 7.4ns 
203367     INFO  main            d.u.i.k.p.r.p.TestFile    ... finished proof: closed. 
203678     INFO  main            d.u.i.k.p.i.AbstractProblemLoader Loading environment from /home/runner/work/key/key/key.core/../key.ui/examples/heap/list/ArrayList.ArrayListIterator_hasNext_dep.key.proof 
203678     DEBUG main            d.u.i.k.p.i.AbstractProblemLoader Environment load took 768.6ns 
203680     INFO  main            d.u.i.k.p.i.AbstractProblemLoader Creating init config 
205047     DEBUG main            d.u.i.k.j.r.ClassPreparationMethodBuilder clPrepBuilder: Inner Class detected. Reject building class initialisation methods. 
207924     DEBUG main            d.u.i.k.p.i.AbstractProblemLoader Init config took 4.24s 
207988     INFO  main            d.u.i.k.p.i.AbstractProblemLoader Replaying proof ArrayList.ArrayListIterator[ListIterator::hasNext()].JML accessible clause.0 
208063     DEBUG main            d.u.i.k.p.i.IntermediateProofReplayer Proof replay took 71.71ms 
208065     DEBUG main            d.u.i.k.p.r.p.TestFile    ... success: reloaded. 
208066     INFO  main            d.u.i.k.p.r.p.TestFile    Now processing file /home/runner/work/key/key/key.core/../key.ui/examples/heap/list/ArrayList.ArrayListIterator_hasNext.key 
208067     INFO  main            d.u.i.k.p.i.AbstractProblemLoader Loading environment from /home/runner/work/key/key/key.core/../key.ui/examples/heap/list/ArrayList.ArrayListIterator_hasNext.key 
208067     DEBUG main            d.u.i.k.p.i.AbstractProblemLoader Environment load took 230.4ns 
208068     INFO  main            d.u.i.k.p.i.AbstractProblemLoader Creating init config 
209436     DEBUG main            d.u.i.k.j.r.ClassPreparationMethodBuilder clPrepBuilder: Inner Class detected. Reject building class initialisation methods. 
212240     DEBUG main            d.u.i.k.p.i.AbstractProblemLoader Init config took 4.17s 
212307     INFO  main            d.u.i.k.p.i.AbstractProblemLoader Replaying proof ArrayList.ArrayListIterator[ListIterator::hasNext()].JML normal_behavior operation contract.0 
212309     DEBUG main            d.u.i.k.p.i.IntermediateProofReplayer Proof replay took 6.9ns 
212814     INFO  main            d.u.i.k.p.r.p.TestFile    ... finished proof: closed. 
213155     INFO  main            d.u.i.k.p.i.AbstractProblemLoader Loading environment from /home/runner/work/key/key/key.core/../key.ui/examples/heap/list/ArrayList.ArrayListIterator_hasNext.key.proof 
213155     DEBUG main            d.u.i.k.p.i.AbstractProblemLoader Environment load took 138.8ns 
213158     INFO  main            d.u.i.k.p.i.AbstractProblemLoader Creating init config 
214485     DEBUG main            d.u.i.k.j.r.ClassPreparationMethodBuilder clPrepBuilder: Inner Class detected. Reject building class initialisation methods. 
217327     DEBUG main            d.u.i.k.p.i.AbstractProblemLoader Init config took 4.17s 
217392     INFO  main            d.u.i.k.p.i.AbstractProblemLoader Replaying proof ArrayList.ArrayListIterator[ListIterator::hasNext()].JML normal_behavior operation contract.0 
217469     DEBUG main            d.u.i.k.p.i.IntermediateProofReplayer Proof replay took 73.79ms 
217471     DEBUG main            d.u.i.k.p.r.p.TestFile    ... success: reloaded. 
217472     INFO  main            d.u.i.k.p.r.p.TestFile    Now processing file /home/runner/work/key/key/key.core/../key.ui/examples/heap/list/ArrayList.ArrayListIterator_inv.key 
217472     INFO  main            d.u.i.k.p.i.AbstractProblemLoader Loading environment from /home/runner/work/key/key/key.core/../key.ui/examples/heap/list/ArrayList.ArrayListIterator_inv.key 
217472     DEBUG main            d.u.i.k.p.i.AbstractProblemLoader Environment load took 83.8ns 
217473     INFO  main            d.u.i.k.p.i.AbstractProblemLoader Creating init config 
218769     DEBUG main            d.u.i.k.j.r.ClassPreparationMethodBuilder clPrepBuilder: Inner Class detected. Reject building class initialisation methods. 
221525     DEBUG main            d.u.i.k.p.i.AbstractProblemLoader Init config took 4.05s 
221588     INFO  main            d.u.i.k.p.i.AbstractProblemLoader Replaying proof ArrayList.ArrayListIterator[java.lang.Object::<inv>()].JML accessible clause.0 
221590     DEBUG main            d.u.i.k.p.i.IntermediateProofReplayer Proof replay took 6ns 
222795     INFO  main            d.u.i.k.p.r.p.TestFile    ... finished proof: closed. 
223151     INFO  main            d.u.i.k.p.i.AbstractProblemLoader Loading environment from /home/runner/work/key/key/key.core/../key.ui/examples/heap/list/ArrayList.ArrayListIterator_inv.key.proof 
223151     DEBUG main            d.u.i.k.p.i.AbstractProblemLoader Environment load took 141.1ns 
223152     INFO  main            d.u.i.k.p.i.AbstractProblemLoader Creating init config 
224487     DEBUG main            d.u.i.k.j.r.ClassPreparationMethodBuilder clPrepBuilder: Inner Class detected. Reject building class initialisation methods. 
227274     DEBUG main            d.u.i.k.p.i.AbstractProblemLoader Init config took 4.12s 
227338     INFO  main            d.u.i.k.p.i.AbstractProblemLoader Replaying proof ArrayList.ArrayListIterator[java.lang.Object::<inv>()].JML accessible clause.0 
227473     DEBUG main            d.u.i.k.p.i.IntermediateProofReplayer Proof replay took 128.16ms 
227475     DEBUG main            d.u.i.k.p.r.p.TestFile    ... success: reloaded. 
227476     INFO  main            d.u.i.k.p.r.p.TestFile    Now processing file /home/runner/work/key/key/key.core/../key.ui/examples/heap/list/ArrayList.ArrayListIterator_list.key 
227476     INFO  main            d.u.i.k.p.i.AbstractProblemLoader Loading environment from /home/runner/work/key/key/key.core/../key.ui/examples/heap/list/ArrayList.ArrayListIterator_list.key 
227477     DEBUG main            d.u.i.k.p.i.AbstractProblemLoader Environment load took 282.8ns 
227480     INFO  main            d.u.i.k.p.i.AbstractProblemLoader Creating init config 
228907     DEBUG main            d.u.i.k.j.r.ClassPreparationMethodBuilder clPrepBuilder: Inner Class detected. Reject building class initialisation methods. 
231726     DEBUG main            d.u.i.k.p.i.AbstractProblemLoader Init config took 4.25s 
231779     INFO  main            d.u.i.k.p.i.AbstractProblemLoader Replaying proof ListIterator[ListIterator::$list()].JML accessible clause.0 
231781     DEBUG main            d.u.i.k.p.i.IntermediateProofReplayer Proof replay took 7.6ns 
231885     INFO  main            d.u.i.k.p.r.p.TestFile    ... finished proof: closed. 
232223     INFO  main            d.u.i.k.p.i.AbstractProblemLoader Loading environment from /home/runner/work/key/key/key.core/../key.ui/examples/heap/list/ArrayList.ArrayListIterator_list.key.proof 
232223     DEBUG main            d.u.i.k.p.i.AbstractProblemLoader Environment load took 155.4ns 
232224     INFO  main            d.u.i.k.p.i.AbstractProblemLoader Creating init config 
233499     DEBUG main            d.u.i.k.j.r.ClassPreparationMethodBuilder clPrepBuilder: Inner Class detected. Reject building class initialisation methods. 
236285     DEBUG main            d.u.i.k.p.i.AbstractProblemLoader Init config took 4.06s 
236336     INFO  main            d.u.i.k.p.i.AbstractProblemLoader Replaying proof ListIterator[ListIterator::$list()].JML accessible clause.0 
236339     DEBUG main            d.u.i.k.p.i.IntermediateProofReplayer Proof replay took 1.29ms 
236340     DEBUG main            d.u.i.k.p.r.p.TestFile    ... success: reloaded. 
236341     INFO  main            d.u.i.k.p.r.p.TestFile    Now processing file /home/runner/work/key/key/key.core/../key.ui/examples/heap/list/ArrayList.ArrayListIterator_next_exceptional.key 
236342     INFO  main            d.u.i.k.p.i.AbstractProblemLoader Loading environment from /home/runner/work/key/key/key.core/../key.ui/examples/heap/list/ArrayList.ArrayListIterator_next_exceptional.key 
236342     DEBUG main            d.u.i.k.p.i.AbstractProblemLoader Environment load took 153.2ns 
236343     INFO  main            d.u.i.k.p.i.AbstractProblemLoader Creating init config 
237697     DEBUG main            d.u.i.k.j.r.ClassPreparationMethodBuilder clPrepBuilder: Inner Class detected. Reject building class initialisation methods. 
240681     DEBUG main            d.u.i.k.p.i.AbstractProblemLoader Init config took 4.34s 
240743     INFO  main            d.u.i.k.p.i.AbstractProblemLoader Replaying proof ArrayList.ArrayListIterator[ListIterator::next()].JML exceptional_behavior operation contract.0 
240745     DEBUG main            d.u.i.k.p.i.IntermediateProofReplayer Proof replay took 6.7ns 
241870     INFO  main            d.u.i.k.p.r.p.TestFile    ... finished proof: closed. 
242243     INFO  main            d.u.i.k.p.i.AbstractProblemLoader Loading environment from /home/runner/work/key/key/key.core/../key.ui/examples/heap/list/ArrayList.ArrayListIterator_next_exceptional.key.proof 
242243     DEBUG main            d.u.i.k.p.i.AbstractProblemLoader Environment load took 155.4ns 
242244     INFO  main            d.u.i.k.p.i.AbstractProblemLoader Creating init config 
243591     DEBUG main            d.u.i.k.j.r.ClassPreparationMethodBuilder clPrepBuilder: Inner Class detected. Reject building class initialisation methods. 
246355     DEBUG main            d.u.i.k.p.i.AbstractProblemLoader Init config took 4.11s 
246417     INFO  main            d.u.i.k.p.i.AbstractProblemLoader Replaying proof ArrayList.ArrayListIterator[ListIterator::next()].JML exceptional_behavior operation contract.0 
246615     DEBUG main            d.u.i.k.p.i.IntermediateProofReplayer Proof replay took 191.72ms 
246617     DEBUG main            d.u.i.k.p.r.p.TestFile    ... success: reloaded. 
246618     INFO  main            d.u.i.k.p.r.p.TestFile    Now processing file /home/runner/work/key/key/key.core/../key.ui/examples/heap/list/ArrayList.ArrayListIterator_next_normal.key 
246618     INFO  main            d.u.i.k.p.i.AbstractProblemLoader Loading environment from /home/runner/work/key/key/key.core/../key.ui/examples/heap/list/ArrayList.ArrayListIterator_next_normal.key 
246618     DEBUG main            d.u.i.k.p.i.AbstractProblemLoader Environment load took 165.1ns 
246619     INFO  main            d.u.i.k.p.i.AbstractProblemLoader Creating init config 
247969     DEBUG main            d.u.i.k.j.r.ClassPreparationMethodBuilder clPrepBuilder: Inner Class detected. Reject building class initialisation methods. 
250894     DEBUG main            d.u.i.k.p.i.AbstractProblemLoader Init config took 4.27s 
250963     INFO  main            d.u.i.k.p.i.AbstractProblemLoader Replaying proof ArrayList.ArrayListIterator[ListIterator::next()].JML normal_behavior operation contract.0 
250965     DEBUG main            d.u.i.k.p.i.IntermediateProofReplayer Proof replay took 7.1ns 
252174     INFO  main            d.u.i.k.p.r.p.TestFile    ... finished proof: closed. 
252590     INFO  main            d.u.i.k.p.i.AbstractProblemLoader Loading environment from /home/runner/work/key/key/key.core/../key.ui/examples/heap/list/ArrayList.ArrayListIterator_next_normal.key.proof 
252591     DEBUG main            d.u.i.k.p.i.AbstractProblemLoader Environment load took 613.2ns 
252592     INFO  main            d.u.i.k.p.i.AbstractProblemLoader Creating init config 
253937     DEBUG main            d.u.i.k.j.r.ClassPreparationMethodBuilder clPrepBuilder: Inner Class detected. Reject building class initialisation methods. 
256730     DEBUG main            d.u.i.k.p.i.AbstractProblemLoader Init config took 4.14s 
256798     INFO  main            d.u.i.k.p.i.AbstractProblemLoader Replaying proof ArrayList.ArrayListIterator[ListIterator::next()].JML normal_behavior operation contract.0 
257065     DEBUG main            d.u.i.k.p.i.IntermediateProofReplayer Proof replay took 259.91ms 
257066     DEBUG main            d.u.i.k.p.r.p.TestFile    ... success: reloaded. 
257067     INFO  main            d.u.i.k.p.r.p.TestFile    Now processing file /home/runner/work/key/key/key.core/../key.ui/examples/heap/list/ArrayList.ArrayListIterator_pos.key 
257068     INFO  main            d.u.i.k.p.i.AbstractProblemLoader Loading environment from /home/runner/work/key/key/key.core/../key.ui/examples/heap/list/ArrayList.ArrayListIterator_pos.key 
257068     DEBUG main            d.u.i.k.p.i.AbstractProblemLoader Environment load took 155.3ns 
257069     INFO  main            d.u.i.k.p.i.AbstractProblemLoader Creating init config 
258367     DEBUG main            d.u.i.k.j.r.ClassPreparationMethodBuilder clPrepBuilder: Inner Class detected. Reject building class initialisation methods. 
261233     DEBUG main            d.u.i.k.p.i.AbstractProblemLoader Init config took 4.16s 
261282     INFO  main            d.u.i.k.p.i.AbstractProblemLoader Replaying proof ListIterator[ListIterator::$pos()].JML accessible clause.0 
261284     DEBUG main            d.u.i.k.p.i.IntermediateProofReplayer Proof replay took 7.9ns 
261388     INFO  main            d.u.i.k.p.r.p.TestFile    ... finished proof: closed. 
261751     INFO  main            d.u.i.k.p.i.AbstractProblemLoader Loading environment from /home/runner/work/key/key/key.core/../key.ui/examples/heap/list/ArrayList.ArrayListIterator_pos.key.proof 
261751     DEBUG main            d.u.i.k.p.i.AbstractProblemLoader Environment load took 145.4ns 
261752     INFO  main            d.u.i.k.p.i.AbstractProblemLoader Creating init config 
263058     DEBUG main            d.u.i.k.j.r.ClassPreparationMethodBuilder clPrepBuilder: Inner Class detected. Reject building class initialisation methods. 
265920     DEBUG main            d.u.i.k.p.i.AbstractProblemLoader Init config took 4.17s 
265970     INFO  main            d.u.i.k.p.i.AbstractProblemLoader Replaying proof ListIterator[ListIterator::$pos()].JML accessible clause.0 
265973     DEBUG main            d.u.i.k.p.i.IntermediateProofReplayer Proof replay took 1.45ms 
265975     DEBUG main            d.u.i.k.p.r.p.TestFile    ... success: reloaded. 
265976     INFO  main            d.u.i.k.p.r.p.TestFile    Now processing file /home/runner/work/key/key/key.core/../key.ui/examples/heap/list/Client_m.key 
265976     INFO  main            d.u.i.k.p.i.AbstractProblemLoader Loading environment from /home/runner/work/key/key/key.core/../key.ui/examples/heap/list/Client_m.key 
265976     DEBUG main            d.u.i.k.p.i.AbstractProblemLoader Environment load took 106.9ns 
265977     INFO  main            d.u.i.k.p.i.AbstractProblemLoader Creating init config 
267310     DEBUG main            d.u.i.k.j.r.ClassPreparationMethodBuilder clPrepBuilder: Inner Class detected. Reject building class initialisation methods. 
270099     DEBUG main            d.u.i.k.p.i.AbstractProblemLoader Init config took 4.12s 
270145     INFO  main            d.u.i.k.p.i.AbstractProblemLoader Replaying proof Client[Client::m(List)].JML normal_behavior operation contract.0 
270149     DEBUG main            d.u.i.k.p.i.IntermediateProofReplayer Proof replay took 7.2ns 
270552     INFO  main            d.u.i.k.p.r.p.TestFile    ... finished proof: closed. 
270931     INFO  main            d.u.i.k.p.i.AbstractProblemLoader Loading environment from /home/runner/work/key/key/key.core/../key.ui/examples/heap/list/Client_m.key.proof 
270931     DEBUG main            d.u.i.k.p.i.AbstractProblemLoader Environment load took 125.2ns 
270932     INFO  main            d.u.i.k.p.i.AbstractProblemLoader Creating init config 
272235     DEBUG main            d.u.i.k.j.r.ClassPreparationMethodBuilder clPrepBuilder: Inner Class detected. Reject building class initialisation methods. 
275001     DEBUG main            d.u.i.k.p.i.AbstractProblemLoader Init config took 4.07s 
275047     INFO  main            d.u.i.k.p.i.AbstractProblemLoader Replaying proof Client[Client::m(List)].JML normal_behavior operation contract.0 
275130     DEBUG main            d.u.i.k.p.i.IntermediateProofReplayer Proof replay took 78.51ms 
275131     DEBUG main            d.u.i.k.p.r.p.TestFile    ... success: reloaded. 
275132     INFO  main            d.u.i.k.p.r.p.TestFile    Now processing file /home/runner/work/key/key/key.core/../key.ui/examples/heap/list/Client_n.key 
275132     INFO  main            d.u.i.k.p.i.AbstractProblemLoader Loading environment from /home/runner/work/key/key/key.core/../key.ui/examples/heap/list/Client_n.key 
275132     DEBUG main            d.u.i.k.p.i.AbstractProblemLoader Environment load took 107ns 
275133     INFO  main            d.u.i.k.p.i.AbstractProblemLoader Creating init config 
276433     DEBUG main            d.u.i.k.j.r.ClassPreparationMethodBuilder clPrepBuilder: Inner Class detected. Reject building class initialisation methods. 
279181     DEBUG main            d.u.i.k.p.i.AbstractProblemLoader Init config took 4.05s 
279231     INFO  main            d.u.i.k.p.i.AbstractProblemLoader Replaying proof Client[Client::n(List)].JML normal_behavior operation contract.0 
279235     DEBUG main            d.u.i.k.p.i.IntermediateProofReplayer Proof replay took 6.8ns 
279338     INFO  main            d.u.i.k.p.r.p.TestFile    ... finished proof: closed. 
279739     INFO  main            d.u.i.k.p.i.AbstractProblemLoader Loading environment from /home/runner/work/key/key/key.core/../key.ui/examples/heap/list/Client_n.key.proof 
279739     DEBUG main            d.u.i.k.p.i.AbstractProblemLoader Environment load took 126.5ns 
279741     INFO  main            d.u.i.k.p.i.AbstractProblemLoader Creating init config 
281087     DEBUG main            d.u.i.k.j.r.ClassPreparationMethodBuilder clPrepBuilder: Inner Class detected. Reject building class initialisation methods. 
283909     DEBUG main            d.u.i.k.p.i.AbstractProblemLoader Init config took 4.17s 
283959     INFO  main            d.u.i.k.p.i.AbstractProblemLoader Replaying proof Client[Client::n(List)].JML normal_behavior operation contract.0 
283987     DEBUG main            d.u.i.k.p.i.IntermediateProofReplayer Proof replay took 25.09ms 
283988     DEBUG main            d.u.i.k.p.r.p.TestFile    ... success: reloaded. 
283989     INFO  main            d.u.i.k.p.r.p.TestFile    Now processing file /home/runner/work/key/key/key.core/../key.ui/examples/heap/list/LinkedList_get_exceptional.key 
283989     INFO  main            d.u.i.k.p.i.AbstractProblemLoader Loading environment from /home/runner/work/key/key/key.core/../key.ui/examples/heap/list/LinkedList_get_exceptional.key 
283989     DEBUG main            d.u.i.k.p.i.AbstractProblemLoader Environment load took 115.8ns 
283991     INFO  main            d.u.i.k.p.i.AbstractProblemLoader Creating init config 
285349     DEBUG main            d.u.i.k.j.r.ClassPreparationMethodBuilder clPrepBuilder: Inner Class detected. Reject building class initialisation methods. 
288170     DEBUG main            d.u.i.k.p.i.AbstractProblemLoader Init config took 4.18s 
288224     INFO  main            d.u.i.k.p.i.AbstractProblemLoader Replaying proof LinkedList[List::get(int)].JML exceptional_behavior operation contract.0 
288225     DEBUG main            d.u.i.k.p.i.IntermediateProofReplayer Proof replay took 6.9ns 
291047     INFO  main            d.u.i.k.p.r.p.TestFile    ... finished proof: closed. 
291455     INFO  main            d.u.i.k.p.i.AbstractProblemLoader Loading environment from /home/runner/work/key/key/key.core/../key.ui/examples/heap/list/LinkedList_get_exceptional.key.proof 
291455     DEBUG main            d.u.i.k.p.i.AbstractProblemLoader Environment load took 123.1ns 
291457     INFO  main            d.u.i.k.p.i.AbstractProblemLoader Creating init config 
292740     DEBUG main            d.u.i.k.j.r.ClassPreparationMethodBuilder clPrepBuilder: Inner Class detected. Reject building class initialisation methods. 
295585     DEBUG main            d.u.i.k.p.i.AbstractProblemLoader Init config took 4.13s 
295642     INFO  main            d.u.i.k.p.i.AbstractProblemLoader Replaying proof LinkedList[List::get(int)].JML exceptional_behavior operation contract.0 
296056     DEBUG main            d.u.i.k.p.i.IntermediateProofReplayer Proof replay took 401.2ms 
296057     DEBUG main            d.u.i.k.p.r.p.TestFile    ... success: reloaded. 
296059     INFO  main            d.u.i.k.p.r.p.TestFile    Now processing file /home/runner/work/key/key/key.core/../key.ui/examples/heap/list/LinkedList_get_normal.key 
296059     INFO  main            d.u.i.k.p.i.AbstractProblemLoader Loading environment from /home/runner/work/key/key/key.core/../key.ui/examples/heap/list/LinkedList_get_normal.key 
296059     DEBUG main            d.u.i.k.p.i.AbstractProblemLoader Environment load took 131.9ns 
296060     INFO  main            d.u.i.k.p.i.AbstractProblemLoader Creating init config 
297368     DEBUG main            d.u.i.k.j.r.ClassPreparationMethodBuilder clPrepBuilder: Inner Class detected. Reject building class initialisation methods. 
300171     DEBUG main            d.u.i.k.p.i.AbstractProblemLoader Init config took 4.11s 
300227     INFO  main            d.u.i.k.p.i.AbstractProblemLoader Replaying proof LinkedList[List::get(int)].JML normal_behavior operation contract.0 
300229     DEBUG main            d.u.i.k.p.i.IntermediateProofReplayer Proof replay took 7ns 
307388     INFO  main            d.u.i.k.p.r.p.TestFile    ... finished proof: closed. 
307896     INFO  main            d.u.i.k.p.i.AbstractProblemLoader Loading environment from /home/runner/work/key/key/key.core/../key.ui/examples/heap/list/LinkedList_get_normal.key.proof 
307897     DEBUG main            d.u.i.k.p.i.AbstractProblemLoader Environment load took 638.4ns 
307900     INFO  main            d.u.i.k.p.i.AbstractProblemLoader Creating init config 
309266     DEBUG main            d.u.i.k.j.r.ClassPreparationMethodBuilder clPrepBuilder: Inner Class detected. Reject building class initialisation methods. 
312055     DEBUG main            d.u.i.k.p.i.AbstractProblemLoader Init config took 4.16s 
312112     INFO  main            d.u.i.k.p.i.AbstractProblemLoader Replaying proof LinkedList[List::get(int)].JML normal_behavior operation contract.0 
312762     DEBUG main            d.u.i.k.p.i.IntermediateProofReplayer Proof replay took 622.98ms 
312765     DEBUG main            d.u.i.k.p.r.p.TestFile    ... success: reloaded. 
312766     INFO  main            d.u.i.k.p.r.p.TestFile    Now processing file /home/runner/work/key/key/key.core/../key.ui/examples/heap/list/LinkedList_LinkedList.key 
312767     INFO  main            d.u.i.k.p.i.AbstractProblemLoader Loading environment from /home/runner/work/key/key/key.core/../key.ui/examples/heap/list/LinkedList_LinkedList.key 
312767     DEBUG main            d.u.i.k.p.i.AbstractProblemLoader Environment load took 121.1ns 
312768     INFO  main            d.u.i.k.p.i.AbstractProblemLoader Creating init config 
314125     DEBUG main            d.u.i.k.j.r.ClassPreparationMethodBuilder clPrepBuilder: Inner Class detected. Reject building class initialisation methods. 
316912     DEBUG main            d.u.i.k.p.i.AbstractProblemLoader Init config took 4.14s 
316972     INFO  main            d.u.i.k.p.i.AbstractProblemLoader Replaying proof LinkedList[LinkedList::LinkedList()].JML normal_behavior operation contract.0 
316975     DEBUG main            d.u.i.k.p.i.IntermediateProofReplayer Proof replay took 7ns 
317679     INFO  main            d.u.i.k.p.r.p.TestFile    ... finished proof: closed. 
318112     INFO  main            d.u.i.k.p.i.AbstractProblemLoader Loading environment from /home/runner/work/key/key/key.core/../key.ui/examples/heap/list/LinkedList_LinkedList.key.proof 
318112     DEBUG main            d.u.i.k.p.i.AbstractProblemLoader Environment load took 692.6ns 
318114     INFO  main            d.u.i.k.p.i.AbstractProblemLoader Creating init config 
319384     DEBUG main            d.u.i.k.j.r.ClassPreparationMethodBuilder clPrepBuilder: Inner Class detected. Reject building class initialisation methods. 
322077     DEBUG main            d.u.i.k.p.i.AbstractProblemLoader Init config took 3.96s 
322132     INFO  main            d.u.i.k.p.i.AbstractProblemLoader Replaying proof LinkedList[LinkedList::LinkedList()].JML normal_behavior operation contract.0 
322268     DEBUG main            d.u.i.k.p.i.IntermediateProofReplayer Proof replay took 131.98ms 
322269     DEBUG main            d.u.i.k.p.r.p.TestFile    ... success: reloaded. 
322271     INFO  main            d.u.i.k.p.r.p.TestFile    Now processing file /home/runner/work/key/key/key.core/../key.ui/examples/heap/list/LinkedList_size_dep.key 
322271     INFO  main            d.u.i.k.p.i.AbstractProblemLoader Loading environment from /home/runner/work/key/key/key.core/../key.ui/examples/heap/list/LinkedList_size_dep.key 
322271     DEBUG main            d.u.i.k.p.i.AbstractProblemLoader Environment load took 193ns 
322272     INFO  main            d.u.i.k.p.i.AbstractProblemLoader Creating init config 
323584     DEBUG main            d.u.i.k.j.r.ClassPreparationMethodBuilder clPrepBuilder: Inner Class detected. Reject building class initialisation methods. 
326464     DEBUG main            d.u.i.k.p.i.AbstractProblemLoader Init config took 4.19s 
326519     INFO  main            d.u.i.k.p.i.AbstractProblemLoader Replaying proof LinkedList[List::size()].JML accessible clause.0 
326521     DEBUG main            d.u.i.k.p.i.IntermediateProofReplayer Proof replay took 7.6ns 
327224     INFO  main            d.u.i.k.p.r.p.TestFile    ... finished proof: closed. 
327635     INFO  main            d.u.i.k.p.i.AbstractProblemLoader Loading environment from /home/runner/work/key/key/key.core/../key.ui/examples/heap/list/LinkedList_size_dep.key.proof 
327635     DEBUG main            d.u.i.k.p.i.AbstractProblemLoader Environment load took 141.4ns 
327636     INFO  main            d.u.i.k.p.i.AbstractProblemLoader Creating init config 
328954     DEBUG main            d.u.i.k.j.r.ClassPreparationMethodBuilder clPrepBuilder: Inner Class detected. Reject building class initialisation methods. 
331672     DEBUG main            d.u.i.k.p.i.AbstractProblemLoader Init config took 4.04s 
331726     INFO  main            d.u.i.k.p.i.AbstractProblemLoader Replaying proof LinkedList[List::size()].JML accessible clause.0 
331792     DEBUG main            d.u.i.k.p.i.IntermediateProofReplayer Proof replay took 62.39ms 
331794     DEBUG main            d.u.i.k.p.r.p.TestFile    ... success: reloaded. 
331795     INFO  main            d.u.i.k.p.r.p.TestFile    Now processing file /home/runner/work/key/key/key.core/../key.ui/examples/heap/list/LinkedList_size.key 
331796     INFO  main            d.u.i.k.p.i.AbstractProblemLoader Loading environment from /home/runner/work/key/key/key.core/../key.ui/examples/heap/list/LinkedList_size.key 
331796     DEBUG main            d.u.i.k.p.i.AbstractProblemLoader Environment load took 133.1ns 
331797     INFO  main            d.u.i.k.p.i.AbstractProblemLoader Creating init config 
333080     DEBUG main            d.u.i.k.j.r.ClassPreparationMethodBuilder clPrepBuilder: Inner Class detected. Reject building class initialisation methods. 
335886     DEBUG main            d.u.i.k.p.i.AbstractProblemLoader Init config took 4.09s 
335944     INFO  main            d.u.i.k.p.i.AbstractProblemLoader Replaying proof LinkedList[List::size()].JML normal_behavior operation contract.0 
335946     DEBUG main            d.u.i.k.p.i.IntermediateProofReplayer Proof replay took 17.3ns 
336563     INFO  main            d.u.i.k.p.r.p.TestFile    ... finished proof: closed. 
336984     INFO  main            d.u.i.k.p.i.AbstractProblemLoader Loading environment from /home/runner/work/key/key/key.core/../key.ui/examples/heap/list/LinkedList_size.key.proof 
336984     DEBUG main            d.u.i.k.p.i.AbstractProblemLoader Environment load took 337.6ns 
336986     INFO  main            d.u.i.k.p.i.AbstractProblemLoader Creating init config 
338277     DEBUG main            d.u.i.k.j.r.ClassPreparationMethodBuilder clPrepBuilder: Inner Class detected. Reject building class initialisation methods. 
341024     DEBUG main            d.u.i.k.p.i.AbstractProblemLoader Init config took 4.04s 
341079     INFO  main            d.u.i.k.p.i.AbstractProblemLoader Replaying proof LinkedList[List::size()].JML normal_behavior operation contract.0 
341139     DEBUG main            d.u.i.k.p.i.IntermediateProofReplayer Proof replay took 56.28ms 
341140     DEBUG main            d.u.i.k.p.r.p.TestFile    ... success: reloaded. 
341141     INFO  main            d.u.i.k.p.r.p.TestFile    Now processing file /home/runner/work/key/key/key.core/../key.ui/examples/heap/list/MySet_footprint.key 
341142     INFO  main            d.u.i.k.p.i.AbstractProblemLoader Loading environment from /home/runner/work/key/key/key.core/../key.ui/examples/heap/list/MySet_footprint.key 
341142     DEBUG main            d.u.i.k.p.i.AbstractProblemLoader Environment load took 127.9ns 
341143     INFO  main            d.u.i.k.p.i.AbstractProblemLoader Creating init config 
342451     DEBUG main            d.u.i.k.j.r.ClassPreparationMethodBuilder clPrepBuilder: Inner Class detected. Reject building class initialisation methods. 
345288     DEBUG main            d.u.i.k.p.i.AbstractProblemLoader Init config took 4.15s 
345347     INFO  main            d.u.i.k.p.i.AbstractProblemLoader Replaying proof MySet[MySet::$footprint()].JML accessible clause.0 
345375     DEBUG main            d.u.i.k.p.i.IntermediateProofReplayer Proof replay took 11.1ns 
345683     INFO  main            d.u.i.k.p.r.p.TestFile    ... finished proof: closed. 
346105     INFO  main            d.u.i.k.p.i.AbstractProblemLoader Loading environment from /home/runner/work/key/key/key.core/../key.ui/examples/heap/list/MySet_footprint.key.proof 
346105     DEBUG main            d.u.i.k.p.i.AbstractProblemLoader Environment load took 116ns 
346107     INFO  main            d.u.i.k.p.i.AbstractProblemLoader Creating init config 
347401     DEBUG main            d.u.i.k.j.r.ClassPreparationMethodBuilder clPrepBuilder: Inner Class detected. Reject building class initialisation methods. 
350178     DEBUG main            d.u.i.k.p.i.AbstractProblemLoader Init config took 4.07s 
350236     INFO  main            d.u.i.k.p.i.AbstractProblemLoader Replaying proof MySet[MySet::$footprint()].JML accessible clause.0 
350281     DEBUG main            d.u.i.k.p.i.IntermediateProofReplayer Proof replay took 41.01ms 
350282     DEBUG main            d.u.i.k.p.r.p.TestFile    ... success: reloaded. 
350283     INFO  main            d.u.i.k.p.r.p.TestFile    Now processing file /home/runner/work/key/key/key.core/../key.ui/examples/heap/list/MySet_MySet.key 
350283     INFO  main            d.u.i.k.p.i.AbstractProblemLoader Loading environment from /home/runner/work/key/key/key.core/../key.ui/examples/heap/list/MySet_MySet.key 
350283     DEBUG main            d.u.i.k.p.i.AbstractProblemLoader Environment load took 117.5ns 
350284     INFO  main            d.u.i.k.p.i.AbstractProblemLoader Creating init config 
351588     DEBUG main            d.u.i.k.j.r.ClassPreparationMethodBuilder clPrepBuilder: Inner Class detected. Reject building class initialisation methods. 
354428     DEBUG main            d.u.i.k.p.i.AbstractProblemLoader Init config took 4.14s 
354506     INFO  main            d.u.i.k.p.i.AbstractProblemLoader Replaying proof MySet[MySet::MySet()].JML normal_behavior operation contract.0 
354508     DEBUG main            d.u.i.k.p.i.IntermediateProofReplayer Proof replay took 7.2ns 
357823     INFO  main            d.u.i.k.p.r.p.TestFile    ... finished proof: closed. 
358319     INFO  main            d.u.i.k.p.i.AbstractProblemLoader Loading environment from /home/runner/work/key/key/key.core/../key.ui/examples/heap/list/MySet_MySet.key.proof 
358319     DEBUG main            d.u.i.k.p.i.AbstractProblemLoader Environment load took 136.3ns 
358321     INFO  main            d.u.i.k.p.i.AbstractProblemLoader Creating init config 
359611     DEBUG main            d.u.i.k.j.r.ClassPreparationMethodBuilder clPrepBuilder: Inner Class detected. Reject building class initialisation methods. 
362362     DEBUG main            d.u.i.k.p.i.AbstractProblemLoader Init config took 4.04s 
362420     INFO  main            d.u.i.k.p.i.AbstractProblemLoader Replaying proof MySet[MySet::MySet()].JML normal_behavior operation contract.0 
362883     DEBUG main            d.u.i.k.p.i.IntermediateProofReplayer Proof replay took 447.37ms 
362885     DEBUG main            d.u.i.k.p.r.p.TestFile    ... success: reloaded. 
1494128    INFO  Test worker     d.u.i.k.p.r.RunAllProofsTestUnit Returning from test list 
1494130    INFO  Test worker     d.u.i.k.p.r.RunAllProofsTestUnit Running test list_ghost 
490        INFO  Timeout watchdog d.u.i.k.p.r.p.ForkedTestFileRunner Timeout watcher launched (2000 secs.) 
519        WARN  main            d.u.i.k.s.ProofSettings   The settings in /home/runner/.key/proof-settings.props are *not* read. 
563        INFO  main            d.u.i.k.p.r.p.TestFile    Now processing file /home/runner/work/key/key/key.core/../key.ui/examples/heap/list_ghost/ArrayList_add.key 
715        INFO  main            d.u.i.k.p.i.AbstractProblemLoader Loading environment from /home/runner/work/key/key/key.core/../key.ui/examples/heap/list_ghost/ArrayList_add.key 
736        DEBUG main            d.u.i.k.p.i.AbstractProblemLoader Environment load took 2.95ms 
1051       INFO  main            d.u.i.k.p.i.AbstractProblemLoader Creating init config 
2453       DEBUG main            d.u.i.k.j.TypeConverter   No LDT found for Meta 
2455       DEBUG main            d.u.i.k.j.TypeConverter   No LDT found for Meta 
2457       DEBUG main            d.u.i.k.j.TypeConverter   No LDT found for Meta 
2458       DEBUG main            d.u.i.k.j.TypeConverter   No LDT found for Meta 
4603       DEBUG main            d.u.i.k.j.TypeConverter   No LDT found for JavaBigintExpression 
11549      DEBUG main            d.u.i.k.p.i.AbstractProblemLoader Init config took 10.5s 
11728      INFO  main            d.u.i.k.p.i.AbstractProblemLoader Replaying proof ArrayList[List::add(java.lang.Object)].JML normal_behavior operation contract.0 
11776      DEBUG main            d.u.i.k.p.i.IntermediateProofReplayer Proof replay took 39.2ns 
18561      INFO  main            d.u.i.k.p.r.p.TestFile    ... finished proof: closed. 
18783      INFO  main            d.u.i.k.p.i.AbstractProblemLoader Loading environment from /home/runner/work/key/key/key.core/../key.ui/examples/heap/list_ghost/ArrayList_add.key.proof 
18784      DEBUG main            d.u.i.k.p.i.AbstractProblemLoader Environment load took 727.31ns 
18788      INFO  main            d.u.i.k.p.i.AbstractProblemLoader Creating init config 
22703      DEBUG main            d.u.i.k.p.i.AbstractProblemLoader Init config took 3.92s 
22808      INFO  main            d.u.i.k.p.i.AbstractProblemLoader Replaying proof ArrayList[List::add(java.lang.Object)].JML normal_behavior operation contract.0 
23858      DEBUG main            d.u.i.k.p.i.IntermediateProofReplayer Proof replay took 1.01s 
23876      DEBUG main            d.u.i.k.p.r.p.TestFile    ... success: reloaded. 
23879      INFO  main            d.u.i.k.p.r.p.TestFile    Now processing file /home/runner/work/key/key/key.core/../key.ui/examples/heap/list_ghost/ArrayList_ArrayList.key 
23880      INFO  main            d.u.i.k.p.i.AbstractProblemLoader Loading environment from /home/runner/work/key/key/key.core/../key.ui/examples/heap/list_ghost/ArrayList_ArrayList.key 
23881      DEBUG main            d.u.i.k.p.i.AbstractProblemLoader Environment load took 839.3ns 
23885      INFO  main            d.u.i.k.p.i.AbstractProblemLoader Creating init config 
27557      DEBUG main            d.u.i.k.p.i.AbstractProblemLoader Init config took 3.67s 
27641      INFO  main            d.u.i.k.p.i.AbstractProblemLoader Replaying proof ArrayList[ArrayList::ArrayList()].JML normal_behavior operation contract.0 
27645      DEBUG main            d.u.i.k.p.i.IntermediateProofReplayer Proof replay took 7.8ns 
29158      INFO  main            d.u.i.k.p.r.p.TestFile    ... finished proof: closed. 
29361      INFO  main            d.u.i.k.p.i.AbstractProblemLoader Loading environment from /home/runner/work/key/key/key.core/../key.ui/examples/heap/list_ghost/ArrayList_ArrayList.key.proof 
29362      DEBUG main            d.u.i.k.p.i.AbstractProblemLoader Environment load took 778.91ns 
29365      INFO  main            d.u.i.k.p.i.AbstractProblemLoader Creating init config 
32845      DEBUG main            d.u.i.k.p.i.AbstractProblemLoader Init config took 3.48s 
32912      INFO  main            d.u.i.k.p.i.AbstractProblemLoader Replaying proof ArrayList[ArrayList::ArrayList()].JML normal_behavior operation contract.0 
33154      DEBUG main            d.u.i.k.p.i.IntermediateProofReplayer Proof replay took 232.81ms 
33158      DEBUG main            d.u.i.k.p.r.p.TestFile    ... success: reloaded. 
33161      INFO  main            d.u.i.k.p.r.p.TestFile    Now processing file /home/runner/work/key/key/key.core/../key.ui/examples/heap/list_ghost/ArrayList_enlarge.key 
33162      INFO  main            d.u.i.k.p.i.AbstractProblemLoader Loading environment from /home/runner/work/key/key/key.core/../key.ui/examples/heap/list_ghost/ArrayList_enlarge.key 
33162      DEBUG main            d.u.i.k.p.i.AbstractProblemLoader Environment load took 336.8ns 
33164      INFO  main            d.u.i.k.p.i.AbstractProblemLoader Creating init config 
36709      DEBUG main            d.u.i.k.p.i.AbstractProblemLoader Init config took 3.54s 
36775      INFO  main            d.u.i.k.p.i.AbstractProblemLoader Replaying proof ArrayList[ArrayList::enlarge()].JML normal_behavior operation contract.0 
36778      DEBUG main            d.u.i.k.p.i.IntermediateProofReplayer Proof replay took 7.3ns 
39589      INFO  main            d.u.i.k.p.r.p.TestFile    ... finished proof: closed. 
39834      INFO  main            d.u.i.k.p.i.AbstractProblemLoader Loading environment from /home/runner/work/key/key/key.core/../key.ui/examples/heap/list_ghost/ArrayList_enlarge.key.proof 
39834      DEBUG main            d.u.i.k.p.i.AbstractProblemLoader Environment load took 170ns 
39836      INFO  main            d.u.i.k.p.i.AbstractProblemLoader Creating init config 
43279      DEBUG main            d.u.i.k.p.i.AbstractProblemLoader Init config took 3.44s 
43351      INFO  main            d.u.i.k.p.i.AbstractProblemLoader Replaying proof ArrayList[ArrayList::enlarge()].JML normal_behavior operation contract.0 
43909      DEBUG main            d.u.i.k.p.i.IntermediateProofReplayer Proof replay took 542.83ms 
43912      DEBUG main            d.u.i.k.p.r.p.TestFile    ... success: reloaded. 
43914      INFO  main            d.u.i.k.p.r.p.TestFile    Now processing file /home/runner/work/key/key/key.core/../key.ui/examples/heap/list_ghost/ArrayList_get_dep.key 
43915      INFO  main            d.u.i.k.p.i.AbstractProblemLoader Loading environment from /home/runner/work/key/key/key.core/../key.ui/examples/heap/list_ghost/ArrayList_get_dep.key 
43915      DEBUG main            d.u.i.k.p.i.AbstractProblemLoader Environment load took 269.4ns 
43916      INFO  main            d.u.i.k.p.i.AbstractProblemLoader Creating init config 
47396      DEBUG main            d.u.i.k.p.i.AbstractProblemLoader Init config took 3.48s 
47486      INFO  main            d.u.i.k.p.i.AbstractProblemLoader Replaying proof ArrayList[List::get(int)].JML accessible clause.0 
47489      DEBUG main            d.u.i.k.p.i.IntermediateProofReplayer Proof replay took 7.2ns 
47994      INFO  main            d.u.i.k.p.r.p.TestFile    ... finished proof: closed. 
48219      INFO  main            d.u.i.k.p.i.AbstractProblemLoader Loading environment from /home/runner/work/key/key/key.core/../key.ui/examples/heap/list_ghost/ArrayList_get_dep.key.proof 
48220      DEBUG main            d.u.i.k.p.i.AbstractProblemLoader Environment load took 1.13ms 
48222      INFO  main            d.u.i.k.p.i.AbstractProblemLoader Creating init config 
51651      DEBUG main            d.u.i.k.p.i.AbstractProblemLoader Init config took 3.43s 
51710      INFO  main            d.u.i.k.p.i.AbstractProblemLoader Replaying proof ArrayList[List::get(int)].JML accessible clause.0 
51804      DEBUG main            d.u.i.k.p.i.IntermediateProofReplayer Proof replay took 89.54ms 
51806      DEBUG main            d.u.i.k.p.r.p.TestFile    ... success: reloaded. 
51808      INFO  main            d.u.i.k.p.r.p.TestFile    Now processing file /home/runner/work/key/key/key.core/../key.ui/examples/heap/list_ghost/ArrayList_get_exceptional.key 
51808      INFO  main            d.u.i.k.p.i.AbstractProblemLoader Loading environment from /home/runner/work/key/key/key.core/../key.ui/examples/heap/list_ghost/ArrayList_get_exceptional.key 
51808      DEBUG main            d.u.i.k.p.i.AbstractProblemLoader Environment load took 290.3ns 
51810      INFO  main            d.u.i.k.p.i.AbstractProblemLoader Creating init config 
55343      DEBUG main            d.u.i.k.p.i.AbstractProblemLoader Init config took 3.53s 
55398      INFO  main            d.u.i.k.p.i.AbstractProblemLoader Replaying proof ArrayList[List::get(int)].JML exceptional_behavior operation contract.0 
55401      DEBUG main            d.u.i.k.p.i.IntermediateProofReplayer Proof replay took 8.3ns 
56309      INFO  main            d.u.i.k.p.r.p.TestFile    ... finished proof: closed. 
56567      INFO  main            d.u.i.k.p.i.AbstractProblemLoader Loading environment from /home/runner/work/key/key/key.core/../key.ui/examples/heap/list_ghost/ArrayList_get_exceptional.key.proof 
56568      DEBUG main            d.u.i.k.p.i.AbstractProblemLoader Environment load took 638.3ns 
56570      INFO  main            d.u.i.k.p.i.AbstractProblemLoader Creating init config 
59949      DEBUG main            d.u.i.k.p.i.AbstractProblemLoader Init config took 3.38s 
60008      INFO  main            d.u.i.k.p.i.AbstractProblemLoader Replaying proof ArrayList[List::get(int)].JML exceptional_behavior operation contract.0 
60270      DEBUG main            d.u.i.k.p.i.IntermediateProofReplayer Proof replay took 254.16ms 
60272      DEBUG main            d.u.i.k.p.r.p.TestFile    ... success: reloaded. 
60274      INFO  main            d.u.i.k.p.r.p.TestFile    Now processing file /home/runner/work/key/key/key.core/../key.ui/examples/heap/list_ghost/ArrayList_get_normal.key 
60274      INFO  main            d.u.i.k.p.i.AbstractProblemLoader Loading environment from /home/runner/work/key/key/key.core/../key.ui/examples/heap/list_ghost/ArrayList_get_normal.key 
60274      DEBUG main            d.u.i.k.p.i.AbstractProblemLoader Environment load took 290.7ns 
60276      INFO  main            d.u.i.k.p.i.AbstractProblemLoader Creating init config 
63637      DEBUG main            d.u.i.k.p.i.AbstractProblemLoader Init config took 3.36s 
63693      INFO  main            d.u.i.k.p.i.AbstractProblemLoader Replaying proof ArrayList[List::get(int)].JML normal_behavior operation contract.0 
63695      DEBUG main            d.u.i.k.p.i.IntermediateProofReplayer Proof replay took 8.9ns 
64099      INFO  main            d.u.i.k.p.r.p.TestFile    ... finished proof: closed. 
64340      INFO  main            d.u.i.k.p.i.AbstractProblemLoader Loading environment from /home/runner/work/key/key/key.core/../key.ui/examples/heap/list_ghost/ArrayList_get_normal.key.proof 
64341      DEBUG main            d.u.i.k.p.i.AbstractProblemLoader Environment load took 702.5ns 
64342      INFO  main            d.u.i.k.p.i.AbstractProblemLoader Creating init config 
67668      DEBUG main            d.u.i.k.p.i.AbstractProblemLoader Init config took 3.33s 
67723      INFO  main            d.u.i.k.p.i.AbstractProblemLoader Replaying proof ArrayList[List::get(int)].JML normal_behavior operation contract.0 
67799      DEBUG main            d.u.i.k.p.i.IntermediateProofReplayer Proof replay took 72.36ms 
67801      DEBUG main            d.u.i.k.p.r.p.TestFile    ... success: reloaded. 
67802      INFO  main            d.u.i.k.p.r.p.TestFile    Now processing file /home/runner/work/key/key/key.core/../key.ui/examples/heap/list_ghost/ArrayList_inv.key 
67803      INFO  main            d.u.i.k.p.i.AbstractProblemLoader Loading environment from /home/runner/work/key/key/key.core/../key.ui/examples/heap/list_ghost/ArrayList_inv.key 
67803      DEBUG main            d.u.i.k.p.i.AbstractProblemLoader Environment load took 265.8ns 
67804      INFO  main            d.u.i.k.p.i.AbstractProblemLoader Creating init config 
71227      DEBUG main            d.u.i.k.p.i.AbstractProblemLoader Init config took 3.42s 
71278      INFO  main            d.u.i.k.p.i.AbstractProblemLoader Replaying proof ArrayList[java.lang.Object::<inv>()].JML accessible clause.0 
71281      DEBUG main            d.u.i.k.p.i.IntermediateProofReplayer Proof replay took 7.3ns 
71385      INFO  main            d.u.i.k.p.r.p.TestFile    ... finished proof: closed. 
71605      INFO  main            d.u.i.k.p.i.AbstractProblemLoader Loading environment from /home/runner/work/key/key/key.core/../key.ui/examples/heap/list_ghost/ArrayList_inv.key.proof 
71605      DEBUG main            d.u.i.k.p.i.AbstractProblemLoader Environment load took 141ns 
71607      INFO  main            d.u.i.k.p.i.AbstractProblemLoader Creating init config 
74865      DEBUG main            d.u.i.k.p.i.AbstractProblemLoader Init config took 3.26s 
74914      INFO  main            d.u.i.k.p.i.AbstractProblemLoader Replaying proof ArrayList[java.lang.Object::<inv>()].JML accessible clause.0 
74932      DEBUG main            d.u.i.k.p.i.IntermediateProofReplayer Proof replay took 14.43ms 
74933      DEBUG main            d.u.i.k.p.r.p.TestFile    ... success: reloaded. 
74934      INFO  main            d.u.i.k.p.r.p.TestFile    Now processing file /home/runner/work/key/key/key.core/../key.ui/examples/heap/list_ghost/ArrayList_size_dep.key 
74934      INFO  main            d.u.i.k.p.i.AbstractProblemLoader Loading environment from /home/runner/work/key/key/key.core/../key.ui/examples/heap/list_ghost/ArrayList_size_dep.key 
74935      DEBUG main            d.u.i.k.p.i.AbstractProblemLoader Environment load took 143.9ns 
74936      INFO  main            d.u.i.k.p.i.AbstractProblemLoader Creating init config 
78191      DEBUG main            d.u.i.k.p.i.AbstractProblemLoader Init config took 3.25s 
78241      INFO  main            d.u.i.k.p.i.AbstractProblemLoader Replaying proof ArrayList[List::size()].JML accessible clause.0 
78243      DEBUG main            d.u.i.k.p.i.IntermediateProofReplayer Proof replay took 8.6ns 
78350      INFO  main            d.u.i.k.p.r.p.TestFile    ... finished proof: closed. 
78642      INFO  main            d.u.i.k.p.i.AbstractProblemLoader Loading environment from /home/runner/work/key/key/key.core/../key.ui/examples/heap/list_ghost/ArrayList_size_dep.key.proof 
78642      DEBUG main            d.u.i.k.p.i.AbstractProblemLoader Environment load took 145ns 
78643      INFO  main            d.u.i.k.p.i.AbstractProblemLoader Creating init config 
81891      DEBUG main            d.u.i.k.p.i.AbstractProblemLoader Init config took 3.25s 
81963      INFO  main            d.u.i.k.p.i.AbstractProblemLoader Replaying proof ArrayList[List::size()].JML accessible clause.0 
81984      DEBUG main            d.u.i.k.p.i.IntermediateProofReplayer Proof replay took 18.34ms 
81986      DEBUG main            d.u.i.k.p.r.p.TestFile    ... success: reloaded. 
81988      INFO  main            d.u.i.k.p.r.p.TestFile    Now processing file /home/runner/work/key/key/key.core/../key.ui/examples/heap/list_ghost/ArrayList_size.key 
81988      INFO  main            d.u.i.k.p.i.AbstractProblemLoader Loading environment from /home/runner/work/key/key/key.core/../key.ui/examples/heap/list_ghost/ArrayList_size.key 
81988      DEBUG main            d.u.i.k.p.i.AbstractProblemLoader Environment load took 283.6ns 
81990      INFO  main            d.u.i.k.p.i.AbstractProblemLoader Creating init config 
85364      DEBUG main            d.u.i.k.p.i.AbstractProblemLoader Init config took 3.37s 
85412      INFO  main            d.u.i.k.p.i.AbstractProblemLoader Replaying proof ArrayList[List::size()].JML normal_behavior operation contract.0 
85415      DEBUG main            d.u.i.k.p.i.IntermediateProofReplayer Proof replay took 7.8ns 
85523      INFO  main            d.u.i.k.p.r.p.TestFile    ... finished proof: closed. 
85779      INFO  main            d.u.i.k.p.i.AbstractProblemLoader Loading environment from /home/runner/work/key/key/key.core/../key.ui/examples/heap/list_ghost/ArrayList_size.key.proof 
85779      DEBUG main            d.u.i.k.p.i.AbstractProblemLoader Environment load took 186.8ns 
85780      INFO  main            d.u.i.k.p.i.AbstractProblemLoader Creating init config 
89049      DEBUG main            d.u.i.k.p.i.AbstractProblemLoader Init config took 3.27s 
89098      INFO  main            d.u.i.k.p.i.AbstractProblemLoader Replaying proof ArrayList[List::size()].JML normal_behavior operation contract.0 
89119      DEBUG main            d.u.i.k.p.i.IntermediateProofReplayer Proof replay took 18.75ms 
89120      DEBUG main            d.u.i.k.p.r.p.TestFile    ... success: reloaded. 
1583478    INFO  Test worker     d.u.i.k.p.r.RunAllProofsTestUnit Returning from test list_ghost 
1583484    INFO  Test worker     d.u.i.k.p.r.RunAllProofsTestUnit Running test list_recursive 
445        INFO  Timeout watchdog d.u.i.k.p.r.p.ForkedTestFileRunner Timeout watcher launched (2000 secs.) 
461        WARN  main            d.u.i.k.s.ProofSettings   The settings in /home/runner/.key/proof-settings.props are *not* read. 
524        INFO  main            d.u.i.k.p.r.p.TestFile    Now processing file /home/runner/work/key/key/key.core/../key.ui/examples/heap/list_recursiveSpec/ListOperationsNonNull_getNextNN_normal_behavior.key 
693        INFO  main            d.u.i.k.p.i.AbstractProblemLoader Loading environment from /home/runner/work/key/key/key.core/../key.ui/examples/heap/list_recursiveSpec/ListOperationsNonNull_getNextNN_normal_behavior.key 
717        DEBUG main            d.u.i.k.p.i.AbstractProblemLoader Environment load took 3.15ms 
1032       INFO  main            d.u.i.k.p.i.AbstractProblemLoader Creating init config 
2381       DEBUG main            d.u.i.k.j.TypeConverter   No LDT found for Meta 
2381       DEBUG main            d.u.i.k.j.TypeConverter   No LDT found for Meta 
2385       DEBUG main            d.u.i.k.j.TypeConverter   No LDT found for Meta 
2385       DEBUG main            d.u.i.k.j.TypeConverter   No LDT found for Meta 
4669       DEBUG main            d.u.i.k.j.TypeConverter   No LDT found for JavaBigintExpression 
11636      DEBUG main            d.u.i.k.p.i.AbstractProblemLoader Init config took 10.6s 
11894      INFO  main            d.u.i.k.p.i.AbstractProblemLoader Replaying proof ListOperationsNonNull[ListOperationsNonNull::getNextNN(ListNN,int)].JML normal_behavior operation contract.0 
11949      DEBUG main            d.u.i.k.p.i.IntermediateProofReplayer Proof replay took 43.8ns 
13797      INFO  main            d.u.i.k.p.r.p.TestFile    ... finished proof: closed. 
13963      INFO  main            d.u.i.k.p.i.AbstractProblemLoader Loading environment from /home/runner/work/key/key/key.core/../key.ui/examples/heap/list_recursiveSpec/ListOperationsNonNull_getNextNN_normal_behavior.key.proof 
13963      DEBUG main            d.u.i.k.p.i.AbstractProblemLoader Environment load took 587.2ns 
13966      INFO  main            d.u.i.k.p.i.AbstractProblemLoader Creating init config 
17832      DEBUG main            d.u.i.k.p.i.AbstractProblemLoader Init config took 3.87s 
17978      INFO  main            d.u.i.k.p.i.AbstractProblemLoader Replaying proof ListOperationsNonNull[ListOperationsNonNull::getNextNN(ListNN,int)].JML normal_behavior operation contract.0 
18308      DEBUG main            d.u.i.k.p.i.IntermediateProofReplayer Proof replay took 318.39ms 
18320      DEBUG main            d.u.i.k.p.r.p.TestFile    ... success: reloaded. 
18328      INFO  main            d.u.i.k.p.r.p.TestFile    Now processing file /home/runner/work/key/key/key.core/../key.ui/examples/heap/list_recursiveSpec/ListOperationsNonNull_setValueAt_normal_behavior.key 
18330      INFO  main            d.u.i.k.p.i.AbstractProblemLoader Loading environment from /home/runner/work/key/key/key.core/../key.ui/examples/heap/list_recursiveSpec/ListOperationsNonNull_setValueAt_normal_behavior.key 
18331      DEBUG main            d.u.i.k.p.i.AbstractProblemLoader Environment load took 866.51ns 
18335      INFO  main            d.u.i.k.p.i.AbstractProblemLoader Creating init config 
22155      DEBUG main            d.u.i.k.p.i.AbstractProblemLoader Init config took 3.82s 
22239      INFO  main            d.u.i.k.p.i.AbstractProblemLoader Replaying proof ListOperationsNonNull[ListOperationsNonNull::setValueAt_NN(ListNN,int,int)].JML normal_behavior operation contract.0 
22243      DEBUG main            d.u.i.k.p.i.IntermediateProofReplayer Proof replay took 7.7ns 
22281      DEBUG main            d.u.i.k.m.s.ProofScriptEngine 1: 'macro autopilot' 
25670      DEBUG main            d.u.i.k.m.s.ProofScriptEngine 2: 'macro simp-upd' 
25680      DEBUG main            d.u.i.k.m.s.ProofScriptEngine 3: 'rule observerDependencyEQ' 
25709      DEBUG main            d.u.i.k.m.s.ProofScriptEngine 4: 'tryclose' 
25758      INFO  main            d.u.i.k.p.r.p.TestFile    ... finished proof: closed. 
25956      INFO  main            d.u.i.k.p.i.AbstractProblemLoader Loading environment from /home/runner/work/key/key/key.core/../key.ui/examples/heap/list_recursiveSpec/ListOperationsNonNull_setValueAt_normal_behavior.key.proof 
25956      DEBUG main            d.u.i.k.p.i.AbstractProblemLoader Environment load took 635.4ns 
25958      INFO  main            d.u.i.k.p.i.AbstractProblemLoader Creating init config 
29683      DEBUG main            d.u.i.k.p.i.AbstractProblemLoader Init config took 3.72s 
29792      INFO  main            d.u.i.k.p.i.AbstractProblemLoader Replaying proof ListOperationsNonNull[ListOperationsNonNull::setValueAt_NN(ListNN,int,int)].JML normal_behavior operation contract.0 
29981      DEBUG main            d.u.i.k.p.i.IntermediateProofReplayer Proof replay took 182.67ms 
29983      DEBUG main            d.u.i.k.p.r.p.TestFile    ... success: reloaded. 
1613690    INFO  Test worker     d.u.i.k.p.r.RunAllProofsTestUnit Returning from test list_recursive 
1613691    INFO  Test worker     d.u.i.k.p.r.RunAllProofsTestUnit Running test list_seq 
466        INFO  Timeout watchdog d.u.i.k.p.r.p.ForkedTestFileRunner Timeout watcher launched (2000 secs.) 
509        WARN  main            d.u.i.k.s.ProofSettings   The settings in /home/runner/.key/proof-settings.props are *not* read. 
565        INFO  main            d.u.i.k.p.r.p.TestFile    Now processing file /home/runner/work/key/key/key.core/../key.ui/examples/heap/list_seq/SimplifiedLinkedList.remove.key 
706        INFO  main            d.u.i.k.p.i.AbstractProblemLoader Loading environment from /home/runner/work/key/key/key.core/../key.ui/examples/heap/list_seq/SimplifiedLinkedList.remove.key 
727        DEBUG main            d.u.i.k.p.i.AbstractProblemLoader Environment load took 2.8ms 
1033       INFO  main            d.u.i.k.p.i.AbstractProblemLoader Creating init config 
2280       DEBUG main            d.u.i.k.j.TypeConverter   No LDT found for Meta 
2281       DEBUG main            d.u.i.k.j.TypeConverter   No LDT found for Meta 
2283       DEBUG main            d.u.i.k.j.TypeConverter   No LDT found for Meta 
2283       DEBUG main            d.u.i.k.j.TypeConverter   No LDT found for Meta 
4507       DEBUG main            d.u.i.k.j.TypeConverter   No LDT found for JavaBigintExpression 
12162      DEBUG main            d.u.i.k.p.i.AbstractProblemLoader Init config took 11.13s 
12468      INFO  main            d.u.i.k.p.i.AbstractProblemLoader Replaying proof SimplifiedLinkedList[SimplifiedLinkedList::remove(int)].JML normal_behavior operation contract.0 
12516      DEBUG main            d.u.i.k.p.i.IntermediateProofReplayer Proof replay took 38.9ns 
143344     INFO  main            d.u.i.k.p.r.p.TestFile    ... finished proof: closed. 
143905     INFO  main            d.u.i.k.p.i.AbstractProblemLoader Loading environment from /home/runner/work/key/key/key.core/../key.ui/examples/heap/list_seq/SimplifiedLinkedList.remove.key.proof 
143906     DEBUG main            d.u.i.k.p.i.AbstractProblemLoader Environment load took 757.7ns 
143923     INFO  main            d.u.i.k.p.i.AbstractProblemLoader Creating init config 
148123     DEBUG main            d.u.i.k.p.i.AbstractProblemLoader Init config took 4.2s 
148277     INFO  main            d.u.i.k.p.i.AbstractProblemLoader Replaying proof SimplifiedLinkedList[SimplifiedLinkedList::remove(int)].JML normal_behavior operation contract.0 
154622     DEBUG main            d.u.i.k.p.i.IntermediateProofReplayer Proof replay took 6s 
154645     DEBUG main            d.u.i.k.p.r.p.TestFile    ... success: reloaded. 
154647     INFO  main            d.u.i.k.p.r.p.TestFile    Now processing file /home/runner/work/key/key/key.core/../key.ui/examples/heap/list_seq/ArrayList.ArrayList.key 
154648     INFO  main            d.u.i.k.p.i.AbstractProblemLoader Loading environment from /home/runner/work/key/key/key.core/../key.ui/examples/heap/list_seq/ArrayList.ArrayList.key 
154648     DEBUG main            d.u.i.k.p.i.AbstractProblemLoader Environment load took 316.1ns 
154650     INFO  main            d.u.i.k.p.i.AbstractProblemLoader Creating init config 
158588     DEBUG main            d.u.i.k.p.i.AbstractProblemLoader Init config took 3.94s 
158701     INFO  main            d.u.i.k.p.i.AbstractProblemLoader Replaying proof ArrayList[ArrayList::ArrayList()].JML normal_behavior operation contract.0 
158704     DEBUG main            d.u.i.k.p.i.IntermediateProofReplayer Proof replay took 6.2ns 
159809     INFO  main            d.u.i.k.p.r.p.TestFile    ... finished proof: closed. 
160064     INFO  main            d.u.i.k.p.i.AbstractProblemLoader Loading environment from /home/runner/work/key/key/key.core/../key.ui/examples/heap/list_seq/ArrayList.ArrayList.key.proof 
160065     DEBUG main            d.u.i.k.p.i.AbstractProblemLoader Environment load took 1.59ms 
160070     INFO  main            d.u.i.k.p.i.AbstractProblemLoader Creating init config 
164025     DEBUG main            d.u.i.k.p.i.AbstractProblemLoader Init config took 3.96s 
164129     INFO  main            d.u.i.k.p.i.AbstractProblemLoader Replaying proof ArrayList[ArrayList::ArrayList()].JML normal_behavior operation contract.0 
164361     DEBUG main            d.u.i.k.p.i.IntermediateProofReplayer Proof replay took 225.49ms 
164363     DEBUG main            d.u.i.k.p.r.p.TestFile    ... success: reloaded. 
164365     INFO  main            d.u.i.k.p.r.p.TestFile    Now processing file /home/runner/work/key/key/key.core/../key.ui/examples/heap/list_seq/ArrayList.add.key 
164365     INFO  main            d.u.i.k.p.i.AbstractProblemLoader Loading environment from /home/runner/work/key/key/key.core/../key.ui/examples/heap/list_seq/ArrayList.add.key 
164366     DEBUG main            d.u.i.k.p.i.AbstractProblemLoader Environment load took 271.7ns 
164369     INFO  main            d.u.i.k.p.i.AbstractProblemLoader Creating init config 
168286     DEBUG main            d.u.i.k.p.i.AbstractProblemLoader Init config took 3.92s 
168382     INFO  main            d.u.i.k.p.i.AbstractProblemLoader Replaying proof ArrayList[List::add(java.lang.Object)].JML normal_behavior operation contract.0 
168384     DEBUG main            d.u.i.k.p.i.IntermediateProofReplayer Proof replay took 7ns 
173131     INFO  main            d.u.i.k.p.r.p.TestFile    ... finished proof: closed. 
173431     INFO  main            d.u.i.k.p.i.AbstractProblemLoader Loading environment from /home/runner/work/key/key/key.core/../key.ui/examples/heap/list_seq/ArrayList.add.key.proof 
173431     DEBUG main            d.u.i.k.p.i.AbstractProblemLoader Environment load took 147.9ns 
173432     INFO  main            d.u.i.k.p.i.AbstractProblemLoader Creating init config 
177213     DEBUG main            d.u.i.k.p.i.AbstractProblemLoader Init config took 3.78s 
177338     INFO  main            d.u.i.k.p.i.AbstractProblemLoader Replaying proof ArrayList[List::add(java.lang.Object)].JML normal_behavior operation contract.0 
177936     DEBUG main            d.u.i.k.p.i.IntermediateProofReplayer Proof replay took 579.43ms 
177937     DEBUG main            d.u.i.k.p.r.p.TestFile    ... success: reloaded. 
177939     INFO  main            d.u.i.k.p.r.p.TestFile    Now processing file /home/runner/work/key/key/key.core/../key.ui/examples/heap/list_seq/ArrayList.contains.key 
177939     INFO  main            d.u.i.k.p.i.AbstractProblemLoader Loading environment from /home/runner/work/key/key/key.core/../key.ui/examples/heap/list_seq/ArrayList.contains.key 
177939     DEBUG main            d.u.i.k.p.i.AbstractProblemLoader Environment load took 322.2ns 
177941     INFO  main            d.u.i.k.p.i.AbstractProblemLoader Creating init config 
181735     DEBUG main            d.u.i.k.p.i.AbstractProblemLoader Init config took 3.79s 
181833     INFO  main            d.u.i.k.p.i.AbstractProblemLoader Replaying proof ArrayList[List::contains(java.lang.Object)].JML normal_behavior operation contract.0 
181835     DEBUG main            d.u.i.k.p.i.IntermediateProofReplayer Proof replay took 5.2ns 
184043     INFO  main            d.u.i.k.p.r.p.TestFile    ... finished proof: closed. 
184311     INFO  main            d.u.i.k.p.i.AbstractProblemLoader Loading environment from /home/runner/work/key/key/key.core/../key.ui/examples/heap/list_seq/ArrayList.contains.key.proof 
184312     DEBUG main            d.u.i.k.p.i.AbstractProblemLoader Environment load took 568.7ns 
184313     INFO  main            d.u.i.k.p.i.AbstractProblemLoader Creating init config 
188123     DEBUG main            d.u.i.k.p.i.AbstractProblemLoader Init config took 3.81s 
188235     INFO  main            d.u.i.k.p.i.AbstractProblemLoader Replaying proof ArrayList[List::contains(java.lang.Object)].JML normal_behavior operation contract.0 
188601     DEBUG main            d.u.i.k.p.i.IntermediateProofReplayer Proof replay took 356.03ms 
188603     DEBUG main            d.u.i.k.p.r.p.TestFile    ... success: reloaded. 
188604     INFO  main            d.u.i.k.p.r.p.TestFile    Now processing file /home/runner/work/key/key/key.core/../key.ui/examples/heap/list_seq/ArrayList.enlarge.key 
188604     INFO  main            d.u.i.k.p.i.AbstractProblemLoader Loading environment from /home/runner/work/key/key/key.core/../key.ui/examples/heap/list_seq/ArrayList.enlarge.key 
188607     DEBUG main            d.u.i.k.p.i.AbstractProblemLoader Environment load took 2.54ms 
188609     INFO  main            d.u.i.k.p.i.AbstractProblemLoader Creating init config 
192531     DEBUG main            d.u.i.k.p.i.AbstractProblemLoader Init config took 3.92s 
192630     INFO  main            d.u.i.k.p.i.AbstractProblemLoader Replaying proof ArrayList[ArrayList::enlarge()].JML normal_behavior operation contract.0 
192632     DEBUG main            d.u.i.k.p.i.IntermediateProofReplayer Proof replay took 5.9ns 
195641     INFO  main            d.u.i.k.p.r.p.TestFile    ... finished proof: closed. 
195907     INFO  main            d.u.i.k.p.i.AbstractProblemLoader Loading environment from /home/runner/work/key/key/key.core/../key.ui/examples/heap/list_seq/ArrayList.enlarge.key.proof 
195908     DEBUG main            d.u.i.k.p.i.AbstractProblemLoader Environment load took 766.5ns 
195910     INFO  main            d.u.i.k.p.i.AbstractProblemLoader Creating init config 
199672     DEBUG main            d.u.i.k.p.i.AbstractProblemLoader Init config took 3.76s 
199783     INFO  main            d.u.i.k.p.i.AbstractProblemLoader Replaying proof ArrayList[ArrayList::enlarge()].JML normal_behavior operation contract.0 
200294     DEBUG main            d.u.i.k.p.i.IntermediateProofReplayer Proof replay took 499.85ms 
200296     DEBUG main            d.u.i.k.p.r.p.TestFile    ... success: reloaded. 
200297     INFO  main            d.u.i.k.p.r.p.TestFile    Now processing file /home/runner/work/key/key/key.core/../key.ui/examples/heap/list_seq/ArrayList.get.key 
200298     INFO  main            d.u.i.k.p.i.AbstractProblemLoader Loading environment from /home/runner/work/key/key/key.core/../key.ui/examples/heap/list_seq/ArrayList.get.key 
200298     DEBUG main            d.u.i.k.p.i.AbstractProblemLoader Environment load took 301.2ns 
200299     INFO  main            d.u.i.k.p.i.AbstractProblemLoader Creating init config 
204196     DEBUG main            d.u.i.k.p.i.AbstractProblemLoader Init config took 3.9s 
204298     INFO  main            d.u.i.k.p.i.AbstractProblemLoader Replaying proof ArrayList[List::get(int)].JML normal_behavior operation contract.0 
204300     DEBUG main            d.u.i.k.p.i.IntermediateProofReplayer Proof replay took 6.8ns 
205004     INFO  main            d.u.i.k.p.r.p.TestFile    ... finished proof: closed. 
205274     INFO  main            d.u.i.k.p.i.AbstractProblemLoader Loading environment from /home/runner/work/key/key/key.core/../key.ui/examples/heap/list_seq/ArrayList.get.key.proof 
205275     DEBUG main            d.u.i.k.p.i.AbstractProblemLoader Environment load took 780.21ns 
205278     INFO  main            d.u.i.k.p.i.AbstractProblemLoader Creating init config 
209006     DEBUG main            d.u.i.k.p.i.AbstractProblemLoader Init config took 3.73s 
209103     INFO  main            d.u.i.k.p.i.AbstractProblemLoader Replaying proof ArrayList[List::get(int)].JML normal_behavior operation contract.0 
209203     DEBUG main            d.u.i.k.p.i.IntermediateProofReplayer Proof replay took 96.12ms 
209205     DEBUG main            d.u.i.k.p.r.p.TestFile    ... success: reloaded. 
209206     INFO  main            d.u.i.k.p.r.p.TestFile    Now processing file /home/runner/work/key/key/key.core/../key.ui/examples/heap/list_seq/ArrayList.newArray.key 
209207     INFO  main            d.u.i.k.p.i.AbstractProblemLoader Loading environment from /home/runner/work/key/key/key.core/../key.ui/examples/heap/list_seq/ArrayList.newArray.key 
209207     DEBUG main            d.u.i.k.p.i.AbstractProblemLoader Environment load took 294.5ns 
209208     INFO  main            d.u.i.k.p.i.AbstractProblemLoader Creating init config 
213017     DEBUG main            d.u.i.k.p.i.AbstractProblemLoader Init config took 3.81s 
213113     INFO  main            d.u.i.k.p.i.AbstractProblemLoader Replaying proof ArrayList[ArrayList::newArray(int)].JML normal_behavior operation contract.0 
213116     DEBUG main            d.u.i.k.p.i.IntermediateProofReplayer Proof replay took 7.3ns 
213520     INFO  main            d.u.i.k.p.r.p.TestFile    ... finished proof: closed. 
213820     INFO  main            d.u.i.k.p.i.AbstractProblemLoader Loading environment from /home/runner/work/key/key/key.core/../key.ui/examples/heap/list_seq/ArrayList.newArray.key.proof 
213822     DEBUG main            d.u.i.k.p.i.AbstractProblemLoader Environment load took 1.01ms 
213823     INFO  main            d.u.i.k.p.i.AbstractProblemLoader Creating init config 
217465     DEBUG main            d.u.i.k.p.i.AbstractProblemLoader Init config took 3.64s 
217558     INFO  main            d.u.i.k.p.i.AbstractProblemLoader Replaying proof ArrayList[ArrayList::newArray(int)].JML normal_behavior operation contract.0 
217635     DEBUG main            d.u.i.k.p.i.IntermediateProofReplayer Proof replay took 73.34ms 
217637     DEBUG main            d.u.i.k.p.r.p.TestFile    ... success: reloaded. 
217638     INFO  main            d.u.i.k.p.r.p.TestFile    Now processing file /home/runner/work/key/key/key.core/../key.ui/examples/heap/list_seq/ArrayList.remove.0.key 
217639     INFO  main            d.u.i.k.p.i.AbstractProblemLoader Loading environment from /home/runner/work/key/key/key.core/../key.ui/examples/heap/list_seq/ArrayList.remove.0.key 
217639     DEBUG main            d.u.i.k.p.i.AbstractProblemLoader Environment load took 290.3ns 
217640     INFO  main            d.u.i.k.p.i.AbstractProblemLoader Creating init config 
221314     DEBUG main            d.u.i.k.p.i.AbstractProblemLoader Init config took 3.67s 
221403     INFO  main            d.u.i.k.p.i.AbstractProblemLoader Replaying proof ArrayList[List::remove(java.lang.Object)].JML normal_behavior operation contract.0 
221405     DEBUG main            d.u.i.k.p.i.IntermediateProofReplayer Proof replay took 6.8ns 
224169     INFO  main            d.u.i.k.p.r.p.TestFile    ... finished proof: closed. 
224432     INFO  main            d.u.i.k.p.i.AbstractProblemLoader Loading environment from /home/runner/work/key/key/key.core/../key.ui/examples/heap/list_seq/ArrayList.remove.0.key.proof 
224437     DEBUG main            d.u.i.k.p.i.AbstractProblemLoader Environment load took 4.93ms 
224439     INFO  main            d.u.i.k.p.i.AbstractProblemLoader Creating init config 
228093     DEBUG main            d.u.i.k.p.i.AbstractProblemLoader Init config took 3.65s 
228189     INFO  main            d.u.i.k.p.i.AbstractProblemLoader Replaying proof ArrayList[List::remove(java.lang.Object)].JML normal_behavior operation contract.0 
228855     DEBUG main            d.u.i.k.p.i.IntermediateProofReplayer Proof replay took 657.51ms 
228858     DEBUG main            d.u.i.k.p.r.p.TestFile    ... success: reloaded. 
228859     INFO  main            d.u.i.k.p.r.p.TestFile    Now processing file /home/runner/work/key/key/key.core/../key.ui/examples/heap/list_seq/ArrayList.remove.1.key 
228859     INFO  main            d.u.i.k.p.i.AbstractProblemLoader Loading environment from /home/runner/work/key/key/key.core/../key.ui/examples/heap/list_seq/ArrayList.remove.1.key 
228860     DEBUG main            d.u.i.k.p.i.AbstractProblemLoader Environment load took 312ns 
228861     INFO  main            d.u.i.k.p.i.AbstractProblemLoader Creating init config 
232666     DEBUG main            d.u.i.k.p.i.AbstractProblemLoader Init config took 3.81s 
232778     INFO  main            d.u.i.k.p.i.AbstractProblemLoader Replaying proof ArrayList[List::remove(java.lang.Object)].JML normal_behavior operation contract.1 
232781     DEBUG main            d.u.i.k.p.i.IntermediateProofReplayer Proof replay took 8.2ns 
249375     INFO  main            d.u.i.k.p.r.p.TestFile    ... finished proof: closed. 
249715     INFO  main            d.u.i.k.p.i.AbstractProblemLoader Loading environment from /home/runner/work/key/key/key.core/../key.ui/examples/heap/list_seq/ArrayList.remove.1.key.proof 
249716     DEBUG main            d.u.i.k.p.i.AbstractProblemLoader Environment load took 713.2ns 
249719     INFO  main            d.u.i.k.p.i.AbstractProblemLoader Creating init config 
253331     DEBUG main            d.u.i.k.p.i.AbstractProblemLoader Init config took 3.61s 
253443     INFO  main            d.u.i.k.p.i.AbstractProblemLoader Replaying proof ArrayList[List::remove(java.lang.Object)].JML normal_behavior operation contract.1 
255476     DEBUG main            d.u.i.k.p.i.IntermediateProofReplayer Proof replay took 1.99s 
255479     DEBUG main            d.u.i.k.p.r.p.TestFile    ... success: reloaded. 
1869406    INFO  Test worker     d.u.i.k.p.r.RunAllProofsTestUnit Returning from test list_seq 
1869408    INFO  Test worker     d.u.i.k.p.r.RunAllProofsTestUnit Running test observer 
511        INFO  Timeout watchdog d.u.i.k.p.r.p.ForkedTestFileRunner Timeout watcher launched (2000 secs.) 
528        WARN  main            d.u.i.k.s.ProofSettings   The settings in /home/runner/.key/proof-settings.props are *not* read. 
596        INFO  main            d.u.i.k.p.r.p.TestFile    Now processing file /home/runner/work/key/key/key.core/../key.ui/examples/heap/observer/ExampleObserver_ExampleObserver.key 
779        INFO  main            d.u.i.k.p.i.AbstractProblemLoader Loading environment from /home/runner/work/key/key/key.core/../key.ui/examples/heap/observer/ExampleObserver_ExampleObserver.key 
802        DEBUG main            d.u.i.k.p.i.AbstractProblemLoader Environment load took 2.78ms 
1126       INFO  main            d.u.i.k.p.i.AbstractProblemLoader Creating init config 
2417       DEBUG main            d.u.i.k.j.TypeConverter   No LDT found for Meta 
2418       DEBUG main            d.u.i.k.j.TypeConverter   No LDT found for Meta 
2420       DEBUG main            d.u.i.k.j.TypeConverter   No LDT found for Meta 
2420       DEBUG main            d.u.i.k.j.TypeConverter   No LDT found for Meta 
4077       DEBUG main            d.u.i.k.j.TypeConverter   No LDT found for JavaBigintExpression 
11440      DEBUG main            d.u.i.k.p.i.AbstractProblemLoader Init config took 10.31s 
11663      INFO  main            d.u.i.k.p.i.AbstractProblemLoader Replaying proof ExampleObserver[ExampleObserver::ExampleObserver(ExampleSubject)].JML normal_behavior operation contract.0 
11717      DEBUG main            d.u.i.k.p.i.IntermediateProofReplayer Proof replay took 39.7ns 
13250      INFO  main            d.u.i.k.p.r.p.TestFile    ... finished proof: closed. 
13407      INFO  main            d.u.i.k.p.i.AbstractProblemLoader Loading environment from /home/runner/work/key/key/key.core/../key.ui/examples/heap/observer/ExampleObserver_ExampleObserver.key.proof 
13417      DEBUG main            d.u.i.k.p.i.AbstractProblemLoader Environment load took 10.86ms 
13421      INFO  main            d.u.i.k.p.i.AbstractProblemLoader Creating init config 
17593      DEBUG main            d.u.i.k.p.i.AbstractProblemLoader Init config took 4.17s 
17706      INFO  main            d.u.i.k.p.i.AbstractProblemLoader Replaying proof ExampleObserver[ExampleObserver::ExampleObserver(ExampleSubject)].JML normal_behavior operation contract.0 
17917      DEBUG main            d.u.i.k.p.i.IntermediateProofReplayer Proof replay took 200.59ms 
17937      DEBUG main            d.u.i.k.p.r.p.TestFile    ... success: reloaded. 
17939      INFO  main            d.u.i.k.p.r.p.TestFile    Now processing file /home/runner/work/key/key/key.core/../key.ui/examples/heap/observer/ExampleObserver_inv.key 
17940      INFO  main            d.u.i.k.p.i.AbstractProblemLoader Loading environment from /home/runner/work/key/key/key.core/../key.ui/examples/heap/observer/ExampleObserver_inv.key 
17940      DEBUG main            d.u.i.k.p.i.AbstractProblemLoader Environment load took 285.2ns 
17942      INFO  main            d.u.i.k.p.i.AbstractProblemLoader Creating init config 
21879      DEBUG main            d.u.i.k.p.i.AbstractProblemLoader Init config took 3.94s 
21961      INFO  main            d.u.i.k.p.i.AbstractProblemLoader Replaying proof ExampleObserver[java.lang.Object::<inv>()].JML accessible clause.0 
21964      DEBUG main            d.u.i.k.p.i.IntermediateProofReplayer Proof replay took 7.4ns 
22068      INFO  main            d.u.i.k.p.r.p.TestFile    ... finished proof: closed. 
22257      INFO  main            d.u.i.k.p.i.AbstractProblemLoader Loading environment from /home/runner/work/key/key/key.core/../key.ui/examples/heap/observer/ExampleObserver_inv.key.proof 
22258      DEBUG main            d.u.i.k.p.i.AbstractProblemLoader Environment load took 928.4ns 
22262      INFO  main            d.u.i.k.p.i.AbstractProblemLoader Creating init config 
26012      DEBUG main            d.u.i.k.p.i.AbstractProblemLoader Init config took 3.75s 
26113      INFO  main            d.u.i.k.p.i.AbstractProblemLoader Replaying proof ExampleObserver[java.lang.Object::<inv>()].JML accessible clause.0 
26147      DEBUG main            d.u.i.k.p.i.IntermediateProofReplayer Proof replay took 27.07ms 
26150      DEBUG main            d.u.i.k.p.r.p.TestFile    ... success: reloaded. 
26153      INFO  main            d.u.i.k.p.r.p.TestFile    Now processing file /home/runner/work/key/key/key.core/../key.ui/examples/heap/observer/ExampleObserver_subject.key 
26154      INFO  main            d.u.i.k.p.i.AbstractProblemLoader Loading environment from /home/runner/work/key/key/key.core/../key.ui/examples/heap/observer/ExampleObserver_subject.key 
26154      DEBUG main            d.u.i.k.p.i.AbstractProblemLoader Environment load took 294ns 
26158      INFO  main            d.u.i.k.p.i.AbstractProblemLoader Creating init config 
30030      DEBUG main            d.u.i.k.p.i.AbstractProblemLoader Init config took 3.87s 
30119      INFO  main            d.u.i.k.p.i.AbstractProblemLoader Replaying proof Observer[Observer::$subject()].JML accessible clause.0 
30125      DEBUG main            d.u.i.k.p.i.IntermediateProofReplayer Proof replay took 7.3ns 
30227      INFO  main            d.u.i.k.p.r.p.TestFile    ... finished proof: closed. 
30409      INFO  main            d.u.i.k.p.i.AbstractProblemLoader Loading environment from /home/runner/work/key/key/key.core/../key.ui/examples/heap/observer/ExampleObserver_subject.key.proof 
30409      DEBUG main            d.u.i.k.p.i.AbstractProblemLoader Environment load took 148.9ns 
30410      INFO  main            d.u.i.k.p.i.AbstractProblemLoader Creating init config 
34189      DEBUG main            d.u.i.k.p.i.AbstractProblemLoader Init config took 3.78s 
34251      INFO  main            d.u.i.k.p.i.AbstractProblemLoader Replaying proof Observer[Observer::$subject()].JML accessible clause.0 
34256      DEBUG main            d.u.i.k.p.i.IntermediateProofReplayer Proof replay took 2.57ms 
34257      DEBUG main            d.u.i.k.p.r.p.TestFile    ... success: reloaded. 
34258      INFO  main            d.u.i.k.p.r.p.TestFile    Now processing file /home/runner/work/key/key/key.core/../key.ui/examples/heap/observer/ExampleObserver_update.key 
34259      INFO  main            d.u.i.k.p.i.AbstractProblemLoader Loading environment from /home/runner/work/key/key/key.core/../key.ui/examples/heap/observer/ExampleObserver_update.key 
34259      DEBUG main            d.u.i.k.p.i.AbstractProblemLoader Environment load took 134.3ns 
34260      INFO  main            d.u.i.k.p.i.AbstractProblemLoader Creating init config 
38179      DEBUG main            d.u.i.k.p.i.AbstractProblemLoader Init config took 3.92s 
38248      INFO  main            d.u.i.k.p.i.AbstractProblemLoader Replaying proof ExampleObserver[Observer::update()].JML normal_behavior operation contract.0 
38251      DEBUG main            d.u.i.k.p.i.IntermediateProofReplayer Proof replay took 6.6ns 
38655      INFO  main            d.u.i.k.p.r.p.TestFile    ... finished proof: closed. 
38876      INFO  main            d.u.i.k.p.i.AbstractProblemLoader Loading environment from /home/runner/work/key/key/key.core/../key.ui/examples/heap/observer/ExampleObserver_update.key.proof 
38876      DEBUG main            d.u.i.k.p.i.AbstractProblemLoader Environment load took 613.1ns 
38879      INFO  main            d.u.i.k.p.i.AbstractProblemLoader Creating init config 
42665      DEBUG main            d.u.i.k.p.i.AbstractProblemLoader Init config took 3.79s 
42761      INFO  main            d.u.i.k.p.i.AbstractProblemLoader Replaying proof ExampleObserver[Observer::update()].JML normal_behavior operation contract.0 
42854      DEBUG main            d.u.i.k.p.i.IntermediateProofReplayer Proof replay took 87.49ms 
42855      DEBUG main            d.u.i.k.p.r.p.TestFile    ... success: reloaded. 
42857      INFO  main            d.u.i.k.p.r.p.TestFile    Now processing file /home/runner/work/key/key/key.core/../key.ui/examples/heap/observer/ExampleObserver_upToDate.key 
42858      INFO  main            d.u.i.k.p.i.AbstractProblemLoader Loading environment from /home/runner/work/key/key/key.core/../key.ui/examples/heap/observer/ExampleObserver_upToDate.key 
42858      DEBUG main            d.u.i.k.p.i.AbstractProblemLoader Environment load took 291.9ns 
42859      INFO  main            d.u.i.k.p.i.AbstractProblemLoader Creating init config 
46689      DEBUG main            d.u.i.k.p.i.AbstractProblemLoader Init config took 3.83s 
46749      INFO  main            d.u.i.k.p.i.AbstractProblemLoader Replaying proof ExampleObserver[Observer::$upToDate()].JML accessible clause.0 
46752      DEBUG main            d.u.i.k.p.i.IntermediateProofReplayer Proof replay took 6.7ns 
46955      INFO  main            d.u.i.k.p.r.p.TestFile    ... finished proof: closed. 
47192      INFO  main            d.u.i.k.p.i.AbstractProblemLoader Loading environment from /home/runner/work/key/key/key.core/../key.ui/examples/heap/observer/ExampleObserver_upToDate.key.proof 
47193      DEBUG main            d.u.i.k.p.i.AbstractProblemLoader Environment load took 627.4ns 
47194      INFO  main            d.u.i.k.p.i.AbstractProblemLoader Creating init config 
50961      DEBUG main            d.u.i.k.p.i.AbstractProblemLoader Init config took 3.77s 
51024      INFO  main            d.u.i.k.p.i.AbstractProblemLoader Replaying proof ExampleObserver[Observer::$upToDate()].JML accessible clause.0 
51053      DEBUG main            d.u.i.k.p.i.IntermediateProofReplayer Proof replay took 25.99ms 
51054      DEBUG main            d.u.i.k.p.r.p.TestFile    ... success: reloaded. 
51056      INFO  main            d.u.i.k.p.r.p.TestFile    Now processing file /home/runner/work/key/key/key.core/../key.ui/examples/heap/observer/ExampleObserver_value.key 
51056      INFO  main            d.u.i.k.p.i.AbstractProblemLoader Loading environment from /home/runner/work/key/key/key.core/../key.ui/examples/heap/observer/ExampleObserver_value.key 
51057      DEBUG main            d.u.i.k.p.i.AbstractProblemLoader Environment load took 166.6ns 
51058      INFO  main            d.u.i.k.p.i.AbstractProblemLoader Creating init config 
54861      DEBUG main            d.u.i.k.p.i.AbstractProblemLoader Init config took 3.8s 
54924      INFO  main            d.u.i.k.p.i.AbstractProblemLoader Replaying proof ExampleObserver[ExampleObserver::value()].JML normal_behavior operation contract.0 
54927      DEBUG main            d.u.i.k.p.i.IntermediateProofReplayer Proof replay took 9.1ns 
55029      INFO  main            d.u.i.k.p.r.p.TestFile    ... finished proof: closed. 
55382      INFO  main            d.u.i.k.p.i.AbstractProblemLoader Loading environment from /home/runner/work/key/key/key.core/../key.ui/examples/heap/observer/ExampleObserver_value.key.proof 
55387      DEBUG main            d.u.i.k.p.i.AbstractProblemLoader Environment load took 4.35ms 
55388      INFO  main            d.u.i.k.p.i.AbstractProblemLoader Creating init config 
58998      DEBUG main            d.u.i.k.p.i.AbstractProblemLoader Init config took 3.61s 
59063      INFO  main            d.u.i.k.p.i.AbstractProblemLoader Replaying proof ExampleObserver[ExampleObserver::value()].JML normal_behavior operation contract.0 
59094      DEBUG main            d.u.i.k.p.i.IntermediateProofReplayer Proof replay took 27.32ms 
59096      DEBUG main            d.u.i.k.p.r.p.TestFile    ... success: reloaded. 
59097      INFO  main            d.u.i.k.p.r.p.TestFile    Now processing file /home/runner/work/key/key/key.core/../key.ui/examples/heap/observer/ExampleSubject_addObserver.key 
59100      INFO  main            d.u.i.k.p.i.AbstractProblemLoader Loading environment from /home/runner/work/key/key/key.core/../key.ui/examples/heap/observer/ExampleSubject_addObserver.key 
59100      DEBUG main            d.u.i.k.p.i.AbstractProblemLoader Environment load took 333.5ns 
59101      INFO  main            d.u.i.k.p.i.AbstractProblemLoader Creating init config 
62814      DEBUG main            d.u.i.k.p.i.AbstractProblemLoader Init config took 3.71s 
62879      INFO  main            d.u.i.k.p.i.AbstractProblemLoader Replaying proof ExampleSubject[Subject::addObserver(Observer)].JML normal_behavior operation contract.0 
62881      DEBUG main            d.u.i.k.p.i.IntermediateProofReplayer Proof replay took 9.2ns 
70754      INFO  main            d.u.i.k.p.r.p.TestFile    ... finished proof: closed. 
71070      INFO  main            d.u.i.k.p.i.AbstractProblemLoader Loading environment from /home/runner/work/key/key/key.core/../key.ui/examples/heap/observer/ExampleSubject_addObserver.key.proof 
71071      DEBUG main            d.u.i.k.p.i.AbstractProblemLoader Environment load took 758.9ns 
71073      INFO  main            d.u.i.k.p.i.AbstractProblemLoader Creating init config 
74747      DEBUG main            d.u.i.k.p.i.AbstractProblemLoader Init config took 3.67s 
74826      INFO  main            d.u.i.k.p.i.AbstractProblemLoader Replaying proof ExampleSubject[Subject::addObserver(Observer)].JML normal_behavior operation contract.0 
75907      DEBUG main            d.u.i.k.p.i.IntermediateProofReplayer Proof replay took 1.05s 
75910      DEBUG main            d.u.i.k.p.r.p.TestFile    ... success: reloaded. 
75911      INFO  main            d.u.i.k.p.r.p.TestFile    Now processing file /home/runner/work/key/key/key.core/../key.ui/examples/heap/observer/ExampleSubject_change.key 
75912      INFO  main            d.u.i.k.p.i.AbstractProblemLoader Loading environment from /home/runner/work/key/key/key.core/../key.ui/examples/heap/observer/ExampleSubject_change.key 
75912      DEBUG main            d.u.i.k.p.i.AbstractProblemLoader Environment load took 282.5ns 
75914      INFO  main            d.u.i.k.p.i.AbstractProblemLoader Creating init config 
79592      DEBUG main            d.u.i.k.p.i.AbstractProblemLoader Init config took 3.68s 
79656      INFO  main            d.u.i.k.p.i.AbstractProblemLoader Replaying proof ExampleSubject[ExampleSubject::change()].JML normal_behavior operation contract.0 
79658      DEBUG main            d.u.i.k.p.i.IntermediateProofReplayer Proof replay took 7.5ns 
80363      INFO  main            d.u.i.k.p.r.p.TestFile    ... finished proof: closed. 
80591      INFO  main            d.u.i.k.p.i.AbstractProblemLoader Loading environment from /home/runner/work/key/key/key.core/../key.ui/examples/heap/observer/ExampleSubject_change.key.proof 
80592      DEBUG main            d.u.i.k.p.i.AbstractProblemLoader Environment load took 719ns 
80593      INFO  main            d.u.i.k.p.i.AbstractProblemLoader Creating init config 
84074      DEBUG main            d.u.i.k.p.i.AbstractProblemLoader Init config took 3.48s 
84141      INFO  main            d.u.i.k.p.i.AbstractProblemLoader Replaying proof ExampleSubject[ExampleSubject::change()].JML normal_behavior operation contract.0 
84274      DEBUG main            d.u.i.k.p.i.IntermediateProofReplayer Proof replay took 120.45ms 
84277      DEBUG main            d.u.i.k.p.r.p.TestFile    ... success: reloaded. 
84280      INFO  main            d.u.i.k.p.r.p.TestFile    Now processing file /home/runner/work/key/key/key.core/../key.ui/examples/heap/observer/ExampleSubject_ExampleSubject.key 
84283      INFO  main            d.u.i.k.p.i.AbstractProblemLoader Loading environment from /home/runner/work/key/key/key.core/../key.ui/examples/heap/observer/ExampleSubject_ExampleSubject.key 
84283      DEBUG main            d.u.i.k.p.i.AbstractProblemLoader Environment load took 318.5ns 
84284      INFO  main            d.u.i.k.p.i.AbstractProblemLoader Creating init config 
87981      DEBUG main            d.u.i.k.p.i.AbstractProblemLoader Init config took 3.7s 
88040      INFO  main            d.u.i.k.p.i.AbstractProblemLoader Replaying proof ExampleSubject[ExampleSubject::ExampleSubject()].JML normal_behavior operation contract.0 
88043      DEBUG main            d.u.i.k.p.i.IntermediateProofReplayer Proof replay took 23.7ns 
89450      INFO  main            d.u.i.k.p.r.p.TestFile    ... finished proof: closed. 
89756      INFO  main            d.u.i.k.p.i.AbstractProblemLoader Loading environment from /home/runner/work/key/key/key.core/../key.ui/examples/heap/observer/ExampleSubject_ExampleSubject.key.proof 
89756      DEBUG main            d.u.i.k.p.i.AbstractProblemLoader Environment load took 301.9ns 
89758      INFO  main            d.u.i.k.p.i.AbstractProblemLoader Creating init config 
93359      DEBUG main            d.u.i.k.p.i.AbstractProblemLoader Init config took 3.6s 
93418      INFO  main            d.u.i.k.p.i.AbstractProblemLoader Replaying proof ExampleSubject[ExampleSubject::ExampleSubject()].JML normal_behavior operation contract.0 
93684      DEBUG main            d.u.i.k.p.i.IntermediateProofReplayer Proof replay took 257.42ms 
93686      DEBUG main            d.u.i.k.p.r.p.TestFile    ... success: reloaded. 
93687      INFO  main            d.u.i.k.p.r.p.TestFile    Now processing file /home/runner/work/key/key/key.core/../key.ui/examples/heap/observer/ExampleSubject_footprint.key 
93688      INFO  main            d.u.i.k.p.i.AbstractProblemLoader Loading environment from /home/runner/work/key/key/key.core/../key.ui/examples/heap/observer/ExampleSubject_footprint.key 
93688      DEBUG main            d.u.i.k.p.i.AbstractProblemLoader Environment load took 303.4ns 
93689      INFO  main            d.u.i.k.p.i.AbstractProblemLoader Creating init config 
97278      DEBUG main            d.u.i.k.p.i.AbstractProblemLoader Init config took 3.59s 
97333      INFO  main            d.u.i.k.p.i.AbstractProblemLoader Replaying proof ExampleSubject[Subject::$footprint()].JML accessible clause.0 
97335      DEBUG main            d.u.i.k.p.i.IntermediateProofReplayer Proof replay took 8.4ns 
97541      INFO  main            d.u.i.k.p.r.p.TestFile    ... finished proof: closed. 
97801      INFO  main            d.u.i.k.p.i.AbstractProblemLoader Loading environment from /home/runner/work/key/key/key.core/../key.ui/examples/heap/observer/ExampleSubject_footprint.key.proof 
97801      DEBUG main            d.u.i.k.p.i.AbstractProblemLoader Environment load took 136.7ns 
97803      INFO  main            d.u.i.k.p.i.AbstractProblemLoader Creating init config 
101319     DEBUG main            d.u.i.k.p.i.AbstractProblemLoader Init config took 3.52s 
101373     INFO  main            d.u.i.k.p.i.AbstractProblemLoader Replaying proof ExampleSubject[Subject::$footprint()].JML accessible clause.0 
101400     DEBUG main            d.u.i.k.p.i.IntermediateProofReplayer Proof replay took 23.8ms 
101401     DEBUG main            d.u.i.k.p.r.p.TestFile    ... success: reloaded. 
101403     INFO  main            d.u.i.k.p.r.p.TestFile    Now processing file /home/runner/work/key/key/key.core/../key.ui/examples/heap/observer/ExampleSubject_inv.key 
101403     INFO  main            d.u.i.k.p.i.AbstractProblemLoader Loading environment from /home/runner/work/key/key/key.core/../key.ui/examples/heap/observer/ExampleSubject_inv.key 
101404     DEBUG main            d.u.i.k.p.i.AbstractProblemLoader Environment load took 230.4ns 
101405     INFO  main            d.u.i.k.p.i.AbstractProblemLoader Creating init config 
105018     DEBUG main            d.u.i.k.p.i.AbstractProblemLoader Init config took 3.61s 
105072     INFO  main            d.u.i.k.p.i.AbstractProblemLoader Replaying proof ExampleSubject[java.lang.Object::<inv>()].JML accessible clause.0 
105075     DEBUG main            d.u.i.k.p.i.IntermediateProofReplayer Proof replay took 7.6ns 
106580     INFO  main            d.u.i.k.p.r.p.TestFile    ... finished proof: closed. 
106839     INFO  main            d.u.i.k.p.i.AbstractProblemLoader Loading environment from /home/runner/work/key/key/key.core/../key.ui/examples/heap/observer/ExampleSubject_inv.key.proof 
106839     DEBUG main            d.u.i.k.p.i.AbstractProblemLoader Environment load took 480.7ns 
106841     INFO  main            d.u.i.k.p.i.AbstractProblemLoader Creating init config 
110370     DEBUG main            d.u.i.k.p.i.AbstractProblemLoader Init config took 3.53s 
110425     INFO  main            d.u.i.k.p.i.AbstractProblemLoader Replaying proof ExampleSubject[java.lang.Object::<inv>()].JML accessible clause.0 
110600     DEBUG main            d.u.i.k.p.i.IntermediateProofReplayer Proof replay took 167.47ms 
110602     DEBUG main            d.u.i.k.p.r.p.TestFile    ... success: reloaded. 
110604     INFO  main            d.u.i.k.p.r.p.TestFile    Now processing file /home/runner/work/key/key/key.core/../key.ui/examples/heap/observer/ExampleSubject_notifyObservers.key 
110605     INFO  main            d.u.i.k.p.i.AbstractProblemLoader Loading environment from /home/runner/work/key/key/key.core/../key.ui/examples/heap/observer/ExampleSubject_notifyObservers.key 
110605     DEBUG main            d.u.i.k.p.i.AbstractProblemLoader Environment load took 278.7ns 
110606     INFO  main            d.u.i.k.p.i.AbstractProblemLoader Creating init config 
114273     DEBUG main            d.u.i.k.p.i.AbstractProblemLoader Init config took 3.67s 
114333     INFO  main            d.u.i.k.p.i.AbstractProblemLoader Replaying proof Subject[Subject::notifyObservers()].JML normal_behavior operation contract.0 
114335     DEBUG main            d.u.i.k.p.i.IntermediateProofReplayer Proof replay took 7.7ns 
114437     INFO  main            d.u.i.k.p.r.p.TestFile    ... finished proof: closed. 
114699     INFO  main            d.u.i.k.p.i.AbstractProblemLoader Loading environment from /home/runner/work/key/key/key.core/../key.ui/examples/heap/observer/ExampleSubject_notifyObservers.key.proof 
114699     DEBUG main            d.u.i.k.p.i.AbstractProblemLoader Environment load took 192.8ns 
114701     INFO  main            d.u.i.k.p.i.AbstractProblemLoader Creating init config 
118294     DEBUG main            d.u.i.k.p.i.AbstractProblemLoader Init config took 3.59s 
118379     INFO  main            d.u.i.k.p.i.AbstractProblemLoader Replaying proof Subject[Subject::notifyObservers()].JML normal_behavior operation contract.0 
118385     DEBUG main            d.u.i.k.p.i.IntermediateProofReplayer Proof replay took 4.2ms 
118386     DEBUG main            d.u.i.k.p.r.p.TestFile    ... success: reloaded. 
118388     INFO  main            d.u.i.k.p.r.p.TestFile    Now processing file /home/runner/work/key/key/key.core/../key.ui/examples/heap/observer/ExampleSubject_value_dep.key 
118388     INFO  main            d.u.i.k.p.i.AbstractProblemLoader Loading environment from /home/runner/work/key/key/key.core/../key.ui/examples/heap/observer/ExampleSubject_value_dep.key 
118389     DEBUG main            d.u.i.k.p.i.AbstractProblemLoader Environment load took 270.3ns 
118391     INFO  main            d.u.i.k.p.i.AbstractProblemLoader Creating init config 
121989     DEBUG main            d.u.i.k.p.i.AbstractProblemLoader Init config took 3.6s 
122046     INFO  main            d.u.i.k.p.i.AbstractProblemLoader Replaying proof ExampleSubject[ExampleSubject::value()].JML accessible clause.0 
122049     DEBUG main            d.u.i.k.p.i.IntermediateProofReplayer Proof replay took 8.5ns 
122151     INFO  main            d.u.i.k.p.r.p.TestFile    ... finished proof: closed. 
122423     INFO  main            d.u.i.k.p.i.AbstractProblemLoader Loading environment from /home/runner/work/key/key/key.core/../key.ui/examples/heap/observer/ExampleSubject_value_dep.key.proof 
122424     DEBUG main            d.u.i.k.p.i.AbstractProblemLoader Environment load took 177ns 
122425     INFO  main            d.u.i.k.p.i.AbstractProblemLoader Creating init config 
125925     DEBUG main            d.u.i.k.p.i.AbstractProblemLoader Init config took 3.5s 
125975     INFO  main            d.u.i.k.p.i.AbstractProblemLoader Replaying proof ExampleSubject[ExampleSubject::value()].JML accessible clause.0 
125996     DEBUG main            d.u.i.k.p.i.IntermediateProofReplayer Proof replay took 18.44ms 
125997     DEBUG main            d.u.i.k.p.r.p.TestFile    ... success: reloaded. 
125998     INFO  main            d.u.i.k.p.r.p.TestFile    Now processing file /home/runner/work/key/key/key.core/../key.ui/examples/heap/observer/ExampleSubject_value.key 
125999     INFO  main            d.u.i.k.p.i.AbstractProblemLoader Loading environment from /home/runner/work/key/key/key.core/../key.ui/examples/heap/observer/ExampleSubject_value.key 
125999     DEBUG main            d.u.i.k.p.i.AbstractProblemLoader Environment load took 217ns 
126000     INFO  main            d.u.i.k.p.i.AbstractProblemLoader Creating init config 
129491     DEBUG main            d.u.i.k.p.i.AbstractProblemLoader Init config took 3.49s 
129551     INFO  main            d.u.i.k.p.i.AbstractProblemLoader Replaying proof ExampleSubject[ExampleSubject::value()].JML normal_behavior operation contract.0 
129554     DEBUG main            d.u.i.k.p.i.IntermediateProofReplayer Proof replay took 7ns 
129657     INFO  main            d.u.i.k.p.r.p.TestFile    ... finished proof: closed. 
129945     INFO  main            d.u.i.k.p.i.AbstractProblemLoader Loading environment from /home/runner/work/key/key/key.core/../key.ui/examples/heap/observer/ExampleSubject_value.key.proof 
129945     DEBUG main            d.u.i.k.p.i.AbstractProblemLoader Environment load took 140.5ns 
129946     INFO  main            d.u.i.k.p.i.AbstractProblemLoader Creating init config 
133478     DEBUG main            d.u.i.k.p.i.AbstractProblemLoader Init config took 3.53s 
133539     INFO  main            d.u.i.k.p.i.AbstractProblemLoader Replaying proof ExampleSubject[ExampleSubject::value()].JML normal_behavior operation contract.0 
133557     DEBUG main            d.u.i.k.p.i.IntermediateProofReplayer Proof replay took 15.8ms 
133558     DEBUG main            d.u.i.k.p.r.p.TestFile    ... success: reloaded. 
2003199    INFO  Test worker     d.u.i.k.p.r.RunAllProofsTestUnit Returning from test observer 
2003201    INFO  Test worker     d.u.i.k.p.r.RunAllProofsTestUnit Running test removeDups 
467        INFO  Timeout watchdog d.u.i.k.p.r.p.ForkedTestFileRunner Timeout watcher launched (2000 secs.) 
505        WARN  main            d.u.i.k.s.ProofSettings   The settings in /home/runner/.key/proof-settings.props are *not* read. 
569        INFO  main            d.u.i.k.p.r.p.TestFile    Now processing file /home/runner/work/key/key/key.core/../key.ui/examples/heap/removeDups/arrayPart.key 
787        INFO  main            d.u.i.k.p.i.AbstractProblemLoader Loading environment from /home/runner/work/key/key/key.core/../key.ui/examples/heap/removeDups/arrayPart.key 
809        DEBUG main            d.u.i.k.p.i.AbstractProblemLoader Environment load took 2.68ms 
1116       INFO  main            d.u.i.k.p.i.AbstractProblemLoader Creating init config 
2319       DEBUG main            d.u.i.k.j.TypeConverter   No LDT found for Meta 
2320       DEBUG main            d.u.i.k.j.TypeConverter   No LDT found for Meta 
2325       DEBUG main            d.u.i.k.j.TypeConverter   No LDT found for Meta 
2325       DEBUG main            d.u.i.k.j.TypeConverter   No LDT found for Meta 
4266       DEBUG main            d.u.i.k.j.TypeConverter   No LDT found for JavaBigintExpression 
10742      DEBUG main            d.u.i.k.p.i.AbstractProblemLoader Init config took 9.63s 
10925      INFO  main            d.u.i.k.p.i.AbstractProblemLoader Replaying proof RemoveDup[RemoveDup::arrayPart([I,int)].JML normal_behavior operation contract.0 
10983      DEBUG main            d.u.i.k.p.i.IntermediateProofReplayer Proof replay took 40.8ns 
14449      INFO  main            d.u.i.k.p.r.p.TestFile    ... finished proof: closed. 
14676      INFO  main            d.u.i.k.p.i.AbstractProblemLoader Loading environment from /home/runner/work/key/key/key.core/../key.ui/examples/heap/removeDups/arrayPart.key.proof 
14679      DEBUG main            d.u.i.k.p.i.AbstractProblemLoader Environment load took 3.36ms 
14682      INFO  main            d.u.i.k.p.i.AbstractProblemLoader Creating init config 
18275      DEBUG main            d.u.i.k.p.i.AbstractProblemLoader Init config took 3.59s 
18395      INFO  main            d.u.i.k.p.i.AbstractProblemLoader Replaying proof RemoveDup[RemoveDup::arrayPart([I,int)].JML normal_behavior operation contract.0 
18845      DEBUG main            d.u.i.k.p.i.IntermediateProofReplayer Proof replay took 434.45ms 
18854      DEBUG main            d.u.i.k.p.r.p.TestFile    ... success: reloaded. 
18856      INFO  main            d.u.i.k.p.r.p.TestFile    Now processing file /home/runner/work/key/key/key.core/../key.ui/examples/heap/removeDups/contains.key 
18856      INFO  main            d.u.i.k.p.i.AbstractProblemLoader Loading environment from /home/runner/work/key/key/key.core/../key.ui/examples/heap/removeDups/contains.key 
18857      DEBUG main            d.u.i.k.p.i.AbstractProblemLoader Environment load took 323.9ns 
18859      INFO  main            d.u.i.k.p.i.AbstractProblemLoader Creating init config 
22472      DEBUG main            d.u.i.k.p.i.AbstractProblemLoader Init config took 3.61s 
22541      INFO  main            d.u.i.k.p.i.AbstractProblemLoader Replaying proof RemoveDup[RemoveDup::contains([I,int,int)].JML normal_behavior operation contract.0 
22544      DEBUG main            d.u.i.k.p.i.IntermediateProofReplayer Proof replay took 6.4ns 
23364      INFO  main            d.u.i.k.p.r.p.TestFile    ... finished proof: closed. 
23580      INFO  main            d.u.i.k.p.i.AbstractProblemLoader Loading environment from /home/runner/work/key/key/key.core/../key.ui/examples/heap/removeDups/contains.key.proof 
23581      DEBUG main            d.u.i.k.p.i.AbstractProblemLoader Environment load took 707.2ns 
23586      INFO  main            d.u.i.k.p.i.AbstractProblemLoader Creating init config 
26966      DEBUG main            d.u.i.k.p.i.AbstractProblemLoader Init config took 3.38s 
27036      INFO  main            d.u.i.k.p.i.AbstractProblemLoader Replaying proof RemoveDup[RemoveDup::contains([I,int,int)].JML normal_behavior operation contract.0 
27233      DEBUG main            d.u.i.k.p.i.IntermediateProofReplayer Proof replay took 172.99ms 
27234      DEBUG main            d.u.i.k.p.r.p.TestFile    ... success: reloaded. 
27238      INFO  main            d.u.i.k.p.r.p.TestFile    Now processing file /home/runner/work/key/key/key.core/../key.ui/examples/heap/removeDups/removeDup.key 
27239      INFO  main            d.u.i.k.p.i.AbstractProblemLoader Loading environment from /home/runner/work/key/key/key.core/../key.ui/examples/heap/removeDups/removeDup.key 
27239      DEBUG main            d.u.i.k.p.i.AbstractProblemLoader Environment load took 448.5ns 
27242      INFO  main            d.u.i.k.p.i.AbstractProblemLoader Creating init config 
30698      DEBUG main            d.u.i.k.p.i.AbstractProblemLoader Init config took 3.46s 
30789      INFO  main            d.u.i.k.p.i.AbstractProblemLoader Replaying proof RemoveDup[RemoveDup::removeDup([I)].JML normal_behavior operation contract.0 
30793      DEBUG main            d.u.i.k.p.i.IntermediateProofReplayer Proof replay took 7.3ns 
37778      DEBUG Thread-7        d.u.i.k.j.d.VariableSpecification Program match. Variables have different dimension (template #v0 = #vi;, source a#11[] = var;) 
68116      INFO  main            d.u.i.k.p.r.p.TestFile    ... finished proof: closed. 
68455      INFO  main            d.u.i.k.p.i.AbstractProblemLoader Loading environment from /home/runner/work/key/key/key.core/../key.ui/examples/heap/removeDups/removeDup.key.proof 
68456      DEBUG main            d.u.i.k.p.i.AbstractProblemLoader Environment load took 631.3ns 
68464      INFO  main            d.u.i.k.p.i.AbstractProblemLoader Creating init config 
71785      DEBUG main            d.u.i.k.p.i.AbstractProblemLoader Init config took 3.32s 
71878      INFO  main            d.u.i.k.p.i.AbstractProblemLoader Replaying proof RemoveDup[RemoveDup::removeDup([I)].JML normal_behavior operation contract.0 
74774      DEBUG main            d.u.i.k.p.i.IntermediateProofReplayer Proof replay took 2.79s 
74779      DEBUG main            d.u.i.k.p.r.p.TestFile    ... success: reloaded. 
74780      INFO  main            d.u.i.k.p.r.p.TestFile    Now processing file /home/runner/work/key/key/key.core/../key.ui/examples/heap/saddleback_search/Saddleback_search.key 
74783      INFO  main            d.u.i.k.p.i.AbstractProblemLoader Loading environment from /home/runner/work/key/key/key.core/../key.ui/examples/heap/saddleback_search/Saddleback_search.key 
74784      DEBUG main            d.u.i.k.p.i.AbstractProblemLoader Environment load took 366.3ns 
74786      INFO  main            d.u.i.k.p.i.AbstractProblemLoader Creating init config 
78220      DEBUG main            d.u.i.k.p.i.AbstractProblemLoader Init config took 3.43s 
78272      INFO  main            d.u.i.k.p.i.AbstractProblemLoader Replaying proof Saddleback[Saddleback::search([[I,int)].JML normal_behavior operation contract.0 
78282      DEBUG main            d.u.i.k.p.i.IntermediateProofReplayer Proof replay took 5.9ns 
196184     INFO  main            d.u.i.k.p.r.p.TestFile    ... finished proof: closed. 
196710     INFO  main            d.u.i.k.p.i.AbstractProblemLoader Loading environment from /home/runner/work/key/key/key.core/../key.ui/examples/heap/saddleback_search/Saddleback_search.key.proof 
196710     DEBUG main            d.u.i.k.p.i.AbstractProblemLoader Environment load took 271.6ns 
196721     INFO  main            d.u.i.k.p.i.AbstractProblemLoader Creating init config 
199858     DEBUG main            d.u.i.k.p.i.AbstractProblemLoader Init config took 3.14s 
199906     INFO  main            d.u.i.k.p.i.AbstractProblemLoader Replaying proof Saddleback[Saddleback::search([[I,int)].JML normal_behavior operation contract.0 
203759     DEBUG main            d.u.i.k.p.i.IntermediateProofReplayer Proof replay took 3.65s 
203827     DEBUG main            d.u.i.k.p.r.p.TestFile    ... success: reloaded. 
2208236    INFO  Test worker     d.u.i.k.p.r.RunAllProofsTestUnit Returning from test removeDups 
2208237    INFO  Test worker     d.u.i.k.p.r.RunAllProofsTestUnit Running test quicksort 
518        INFO  Timeout watchdog d.u.i.k.p.r.p.ForkedTestFileRunner Timeout watcher launched (2000 secs.) 
537        WARN  main            d.u.i.k.s.ProofSettings   The settings in /home/runner/.key/proof-settings.props are *not* read. 
606        INFO  main            d.u.i.k.p.r.p.TestFile    Now processing file /home/runner/work/key/key/key.core/../key.ui/examples/heap/quicksort/toplevel.key 
817        INFO  main            d.u.i.k.p.i.AbstractProblemLoader Loading environment from /home/runner/work/key/key/key.core/../key.ui/examples/heap/quicksort/toplevel.key 
842        DEBUG main            d.u.i.k.p.i.AbstractProblemLoader Environment load took 4.51ms 
1156       INFO  main            d.u.i.k.p.i.AbstractProblemLoader Creating init config 
2435       DEBUG main            d.u.i.k.j.TypeConverter   No LDT found for Meta 
2437       DEBUG main            d.u.i.k.j.TypeConverter   No LDT found for Meta 
2438       DEBUG main            d.u.i.k.j.TypeConverter   No LDT found for Meta 
2439       DEBUG main            d.u.i.k.j.TypeConverter   No LDT found for Meta 
4494       DEBUG main            d.u.i.k.j.TypeConverter   No LDT found for JavaBigintExpression 
11043      DEBUG main            d.u.i.k.p.i.AbstractProblemLoader Init config took 9.89s 
11257      INFO  main            d.u.i.k.p.i.AbstractProblemLoader Replaying proof Quicksort[Quicksort::sort([I)].JML normal_behavior operation contract.0 
11311      DEBUG main            d.u.i.k.p.i.IntermediateProofReplayer Proof replay took 42.8ns 
13166      INFO  main            d.u.i.k.p.r.p.TestFile    ... finished proof: closed. 
13347      INFO  main            d.u.i.k.p.i.AbstractProblemLoader Loading environment from /home/runner/work/key/key/key.core/../key.ui/examples/heap/quicksort/toplevel.key.proof 
13347      DEBUG main            d.u.i.k.p.i.AbstractProblemLoader Environment load took 173.6ns 
13350      INFO  main            d.u.i.k.p.i.AbstractProblemLoader Creating init config 
17253      DEBUG main            d.u.i.k.p.i.AbstractProblemLoader Init config took 3.9s 
17345      INFO  main            d.u.i.k.p.i.AbstractProblemLoader Replaying proof Quicksort[Quicksort::sort([I)].JML normal_behavior operation contract.0 
17622      DEBUG main            d.u.i.k.p.i.IntermediateProofReplayer Proof replay took 265.9ms 
17635      DEBUG main            d.u.i.k.p.r.p.TestFile    ... success: reloaded. 
17640      INFO  main            d.u.i.k.p.r.p.TestFile    Now processing file /home/runner/work/key/key/key.core/../key.ui/examples/heap/quicksort/sort.key 
17641      INFO  main            d.u.i.k.p.i.AbstractProblemLoader Loading environment from /home/runner/work/key/key/key.core/../key.ui/examples/heap/quicksort/sort.key 
17642      DEBUG main            d.u.i.k.p.i.AbstractProblemLoader Environment load took 900.11ns 
17648      INFO  main            d.u.i.k.p.i.AbstractProblemLoader Creating init config 
21473      DEBUG main            d.u.i.k.p.i.AbstractProblemLoader Init config took 3.83s 
21555      INFO  main            d.u.i.k.p.i.AbstractProblemLoader Replaying proof Quicksort[Quicksort::sort([I,int,int)].JML normal_behavior operation contract.0 
21560      DEBUG main            d.u.i.k.p.i.IntermediateProofReplayer Proof replay took 38.8ns 
21599      DEBUG main            d.u.i.k.m.s.ProofScriptEngine 1: 'script 'sort.script'' 
21603      INFO  main            d.u.i.k.m.s.ProofScriptCommand Included script /home/runner/work/key/key/key.core/../key.ui/examples/heap/quicksort/sort.script 
21604      DEBUG main            d.u.i.k.m.s.ProofScriptEngine 1: 'macro autopilot-prep' 
23140      DEBUG main            d.u.i.k.m.s.ProofScriptEngine 2: 'select formula="{heapAtPre:=heap || exc:=null || heap:=heapAfter_sort_0}
   seq ...' 
23145      DEBUG main            d.u.i.k.m.s.ProofScriptEngine 3: 'macro simp-upd' 
23159      DEBUG main            d.u.i.k.m.s.ProofScriptEngine 4: 'let   @seqPre="seqDef{int u;}(0, array.length, array[u])"
    @seqSplit="seqDef ...' 
23163      DEBUG main            d.u.i.k.m.s.ProofScriptEngine 5: 'rule seqPermSym 
  formula="seqPerm(@seqSplit, @seqPre)"' 
23191      DEBUG main            d.u.i.k.m.s.ProofScriptEngine 6: 'rule seqPermSym
  formula="seqPerm(@seqSort, @seqSplit)"' 
23194      DEBUG main            d.u.i.k.m.s.ProofScriptEngine 7: 'rule seqPermSym
  formula="seqPerm(@seqSort0, @seqSort)"' 
23196      DEBUG main            d.u.i.k.m.s.ProofScriptEngine 8: 'rule seqPermTrans
  formula="seqPerm(@seqPre, @seqSplit)"' 
23206      DEBUG main            d.u.i.k.m.s.ProofScriptEngine 9: 'rule seqPermTrans
  formula="seqPerm(@seqPre, @seqSort)"' 
23208      DEBUG main            d.u.i.k.m.s.ProofScriptEngine 10: 'rule seqPermSym
  formula="seqPerm(@seqPre, @seqSort0)"' 
23216      DEBUG main            d.u.i.k.m.s.ProofScriptEngine 11: 'tryclose' 
59849      INFO  main            d.u.i.k.p.r.p.TestFile    ... finished proof: closed. 
60248      INFO  main            d.u.i.k.p.i.AbstractProblemLoader Loading environment from /home/runner/work/key/key/key.core/../key.ui/examples/heap/quicksort/sort.key.proof 
60248      DEBUG main            d.u.i.k.p.i.AbstractProblemLoader Environment load took 200ns 
60262      INFO  main            d.u.i.k.p.i.AbstractProblemLoader Creating init config 
63853      DEBUG main            d.u.i.k.p.i.AbstractProblemLoader Init config took 3.59s 
63924      INFO  main            d.u.i.k.p.i.AbstractProblemLoader Replaying proof Quicksort[Quicksort::sort([I,int,int)].JML normal_behavior operation contract.0 
67392      DEBUG main            d.u.i.k.p.i.IntermediateProofReplayer Proof replay took 3.32s 
67400      DEBUG main            d.u.i.k.p.r.p.TestFile    ... success: reloaded. 
67411      INFO  main            d.u.i.k.p.r.p.TestFile    Now processing file /home/runner/work/key/key/key.core/../key.ui/examples/heap/quicksort/split.key 
67413      INFO  main            d.u.i.k.p.i.AbstractProblemLoader Loading environment from /home/runner/work/key/key/key.core/../key.ui/examples/heap/quicksort/split.key 
67414      DEBUG main            d.u.i.k.p.i.AbstractProblemLoader Environment load took 1.1ms 
67423      INFO  main            d.u.i.k.p.i.AbstractProblemLoader Creating init config 
71099      DEBUG main            d.u.i.k.p.i.AbstractProblemLoader Init config took 3.68s 
71160      INFO  main            d.u.i.k.p.i.AbstractProblemLoader Replaying proof Quicksort[Quicksort::split([I,int,int)].JML normal_behavior operation contract.0 
71164      DEBUG main            d.u.i.k.p.i.IntermediateProofReplayer Proof replay took 7.5ns 
71165      DEBUG main            d.u.i.k.m.s.ProofScriptEngine 1: 'macro autopilot-prep' 
72990      DEBUG main            d.u.i.k.m.s.ProofScriptEngine 2: 'tryclose' 
125307     DEBUG main            d.u.i.k.m.s.ProofScriptEngine 3: 'macro simp-upd' 
125451     DEBUG main            d.u.i.k.m.s.ProofScriptEngine 4: 'rule seqPermFromSwap' 
125524     DEBUG main            d.u.i.k.m.s.ProofScriptEngine 5: 'rule andRight' 
125528     DEBUG main            d.u.i.k.m.s.ProofScriptEngine 6: 'auto' 
125560     DEBUG main            d.u.i.k.m.s.ProofScriptEngine 7: 'instantiate hide var=iv with=i_0' 
125567     DEBUG main            d.u.i.k.m.s.ProofScriptEngine 8: 'instantiate hide var=jv with=j_0' 
125569     DEBUG main            d.u.i.k.m.s.ProofScriptEngine 9: 'auto' 
134755     DEBUG main            d.u.i.k.m.s.ProofScriptEngine 10: 'macro simp-upd' 
134860     DEBUG main            d.u.i.k.m.s.ProofScriptEngine 11: 'rule seqPermFromSwap' 
134865     DEBUG main            d.u.i.k.m.s.ProofScriptEngine 12: 'rule andRight' 
134867     DEBUG main            d.u.i.k.m.s.ProofScriptEngine 13: 'auto' 
134887     DEBUG main            d.u.i.k.m.s.ProofScriptEngine 14: 'instantiate hide var=iv with=i_0' 
134892     DEBUG main            d.u.i.k.m.s.ProofScriptEngine 15: 'instantiate hide var=jv with=to' 
134893     DEBUG main            d.u.i.k.m.s.ProofScriptEngine 16: 'auto' 
142442     INFO  main            d.u.i.k.p.r.p.TestFile    ... finished proof: closed. 
142989     INFO  main            d.u.i.k.p.i.AbstractProblemLoader Loading environment from /home/runner/work/key/key/key.core/../key.ui/examples/heap/quicksort/split.key.proof 
142989     DEBUG main            d.u.i.k.p.i.AbstractProblemLoader Environment load took 333.8ns 
143002     INFO  main            d.u.i.k.p.i.AbstractProblemLoader Creating init config 
146375     DEBUG main            d.u.i.k.p.i.AbstractProblemLoader Init config took 3.37s 
146438     INFO  main            d.u.i.k.p.i.AbstractProblemLoader Replaying proof Quicksort[Quicksort::split([I,int,int)].JML normal_behavior operation contract.0 
151736     DEBUG main            d.u.i.k.p.i.IntermediateProofReplayer Proof replay took 5.05s 
151750     DEBUG main            d.u.i.k.p.r.p.TestFile    ... success: reloaded. 
2360212    INFO  Test worker     d.u.i.k.p.r.RunAllProofsTestUnit Returning from test quicksort 
2360214    INFO  Test worker     d.u.i.k.p.r.RunAllProofsTestUnit Running test simpleTests 
454        INFO  Timeout watchdog d.u.i.k.p.r.p.ForkedTestFileRunner Timeout watcher launched (2000 secs.) 
492        WARN  main            d.u.i.k.s.ProofSettings   The settings in /home/runner/.key/proof-settings.props are *not* read. 
543        INFO  main            d.u.i.k.p.r.p.TestFile    Now processing file /home/runner/work/key/key/key.core/../key.ui/examples/heap/simple/anonymise_datagroup.key 
698        INFO  main            d.u.i.k.p.i.AbstractProblemLoader Loading environment from /home/runner/work/key/key/key.core/../key.ui/examples/heap/simple/anonymise_datagroup.key 
716        DEBUG main            d.u.i.k.p.i.AbstractProblemLoader Environment load took 2.12ms 
1059       INFO  main            d.u.i.k.p.i.AbstractProblemLoader Creating init config 
2501       DEBUG main            d.u.i.k.j.TypeConverter   No LDT found for Meta 
2502       DEBUG main            d.u.i.k.j.TypeConverter   No LDT found for Meta 
2506       DEBUG main            d.u.i.k.j.TypeConverter   No LDT found for Meta 
2507       DEBUG main            d.u.i.k.j.TypeConverter   No LDT found for Meta 
4190       DEBUG main            d.u.i.k.j.TypeConverter   No LDT found for JavaBigintExpression 
10329      DEBUG main            d.u.i.k.p.i.AbstractProblemLoader Init config took 9.27s 
10410      INFO  main            d.u.i.k.p.i.AbstractProblemLoader Replaying proof anonymise_datagroup.key 
10455      DEBUG main            d.u.i.k.p.i.IntermediateProofReplayer Proof replay took 49.4ns 
10745      INFO  main            d.u.i.k.p.r.p.TestFile    ... finished proof: closed. 
10875      INFO  main            d.u.i.k.p.i.AbstractProblemLoader Loading environment from /home/runner/work/key/key/key.core/../key.ui/examples/heap/simple/anonymise_datagroup.key.proof 
10876      DEBUG main            d.u.i.k.p.i.AbstractProblemLoader Environment load took 569.6ns 
10881      INFO  main            d.u.i.k.p.i.AbstractProblemLoader Creating init config 
14264      DEBUG main            d.u.i.k.p.i.AbstractProblemLoader Init config took 3.38s 
14321      INFO  main            d.u.i.k.p.i.AbstractProblemLoader Replaying proof anonymise_datagroup.key.proof 
14340      DEBUG main            d.u.i.k.p.i.IntermediateProofReplayer Proof replay took 13.16ms 
14354      DEBUG main            d.u.i.k.p.r.p.TestFile    ... success: reloaded. 
14355      INFO  main            d.u.i.k.p.r.p.TestFile    Now processing file /home/runner/work/key/key/key.core/../key.ui/examples/heap/simple/array_creation.key 
14356      INFO  main            d.u.i.k.p.i.AbstractProblemLoader Loading environment from /home/runner/work/key/key/key.core/../key.ui/examples/heap/simple/array_creation.key 
14356      DEBUG main            d.u.i.k.p.i.AbstractProblemLoader Environment load took 311.3ns 
14359      INFO  main            d.u.i.k.p.i.AbstractProblemLoader Creating init config 
17677      DEBUG main            d.u.i.k.p.i.AbstractProblemLoader Init config took 3.32s 
17715      INFO  main            d.u.i.k.p.i.AbstractProblemLoader Replaying proof array_creation.key 
17720      DEBUG main            d.u.i.k.p.i.IntermediateProofReplayer Proof replay took 7.1ns 
18630      INFO  main            d.u.i.k.p.r.p.TestFile    ... finished proof: closed. 
18813      INFO  main            d.u.i.k.p.i.AbstractProblemLoader Loading environment from /home/runner/work/key/key/key.core/../key.ui/examples/heap/simple/array_creation.key.proof 
18813      DEBUG main            d.u.i.k.p.i.AbstractProblemLoader Environment load took 661ns 
18816      INFO  main            d.u.i.k.p.i.AbstractProblemLoader Creating init config 
21966      DEBUG main            d.u.i.k.p.i.AbstractProblemLoader Init config took 3.15s 
22019      INFO  main            d.u.i.k.p.i.AbstractProblemLoader Replaying proof array_creation.key.proof 
22209      DEBUG main            d.u.i.k.p.i.IntermediateProofReplayer Proof replay took 176.83ms 
22211      DEBUG main            d.u.i.k.p.r.p.TestFile    ... success: reloaded. 
22212      INFO  main            d.u.i.k.p.r.p.TestFile    Now processing file /home/runner/work/key/key/key.core/../key.ui/examples/heap/simple/arrays_with_disjoint_sorts.key 
22213      INFO  main            d.u.i.k.p.i.AbstractProblemLoader Loading environment from /home/runner/work/key/key/key.core/../key.ui/examples/heap/simple/arrays_with_disjoint_sorts.key 
22213      DEBUG main            d.u.i.k.p.i.AbstractProblemLoader Environment load took 457.8ns 
22216      INFO  main            d.u.i.k.p.i.AbstractProblemLoader Creating init config 
25355      DEBUG main            d.u.i.k.p.i.AbstractProblemLoader Init config took 3.14s 
25386      INFO  main            d.u.i.k.p.i.AbstractProblemLoader Replaying proof arrays_with_disjoint_sorts.key 
25388      DEBUG main            d.u.i.k.p.i.IntermediateProofReplayer Proof replay took 7.6ns 
25596      INFO  main            d.u.i.k.p.r.p.TestFile    ... finished proof: closed. 
25794      INFO  main            d.u.i.k.p.i.AbstractProblemLoader Loading environment from /home/runner/work/key/key/key.core/../key.ui/examples/heap/simple/arrays_with_disjoint_sorts.key.proof 
25795      DEBUG main            d.u.i.k.p.i.AbstractProblemLoader Environment load took 515.4ns 
25797      INFO  main            d.u.i.k.p.i.AbstractProblemLoader Creating init config 
28990      DEBUG main            d.u.i.k.p.i.AbstractProblemLoader Init config took 3.19s 
29016      INFO  main            d.u.i.k.p.i.AbstractProblemLoader Replaying proof arrays_with_disjoint_sorts.key.proof 
29047      DEBUG main            d.u.i.k.p.i.IntermediateProofReplayer Proof replay took 28.34ms 
29049      DEBUG main            d.u.i.k.p.r.p.TestFile    ... success: reloaded. 
29050      INFO  main            d.u.i.k.p.r.p.TestFile    Now processing file /home/runner/work/key/key/key.core/../key.ui/examples/heap/simple/arrays.key 
29050      INFO  main            d.u.i.k.p.i.AbstractProblemLoader Loading environment from /home/runner/work/key/key/key.core/../key.ui/examples/heap/simple/arrays.key 
29051      DEBUG main            d.u.i.k.p.i.AbstractProblemLoader Environment load took 251.8ns 
29052      INFO  main            d.u.i.k.p.i.AbstractProblemLoader Creating init config 
32097      DEBUG main            d.u.i.k.p.i.AbstractProblemLoader Init config took 3.04s 
32124      INFO  main            d.u.i.k.p.i.AbstractProblemLoader Replaying proof arrays.key 
32128      DEBUG main            d.u.i.k.p.i.IntermediateProofReplayer Proof replay took 7ns 
32332      INFO  main            d.u.i.k.p.r.p.TestFile    ... finished proof: closed. 
32513      INFO  main            d.u.i.k.p.i.AbstractProblemLoader Loading environment from /home/runner/work/key/key/key.core/../key.ui/examples/heap/simple/arrays.key.proof 
32513      DEBUG main            d.u.i.k.p.i.AbstractProblemLoader Environment load took 134.4ns 
32514      INFO  main            d.u.i.k.p.i.AbstractProblemLoader Creating init config 
35698      DEBUG main            d.u.i.k.p.i.AbstractProblemLoader Init config took 3.18s 
35727      INFO  main            d.u.i.k.p.i.AbstractProblemLoader Replaying proof arrays.key.proof 
35761      DEBUG main            d.u.i.k.p.i.IntermediateProofReplayer Proof replay took 29.4ms 
35763      DEBUG main            d.u.i.k.p.r.p.TestFile    ... success: reloaded. 
35765      INFO  main            d.u.i.k.p.r.p.TestFile    Now processing file /home/runner/work/key/key/key.core/../key.ui/examples/heap/simple/attributes.key 
35765      INFO  main            d.u.i.k.p.i.AbstractProblemLoader Loading environment from /home/runner/work/key/key/key.core/../key.ui/examples/heap/simple/attributes.key 
35766      DEBUG main            d.u.i.k.p.i.AbstractProblemLoader Environment load took 279.4ns 
35767      INFO  main            d.u.i.k.p.i.AbstractProblemLoader Creating init config 
39059      DEBUG main            d.u.i.k.p.i.AbstractProblemLoader Init config took 3.29s 
39090      INFO  main            d.u.i.k.p.i.AbstractProblemLoader Replaying proof attributes.key 
39093      DEBUG main            d.u.i.k.p.i.IntermediateProofReplayer Proof replay took 7ns 
39196      INFO  main            d.u.i.k.p.r.p.TestFile    ... finished proof: closed. 
39383      INFO  main            d.u.i.k.p.i.AbstractProblemLoader Loading environment from /home/runner/work/key/key/key.core/../key.ui/examples/heap/simple/attributes.key.proof 
39383      DEBUG main            d.u.i.k.p.i.AbstractProblemLoader Environment load took 577.2ns 
39385      INFO  main            d.u.i.k.p.i.AbstractProblemLoader Creating init config 
42513      DEBUG main            d.u.i.k.p.i.AbstractProblemLoader Init config took 3.13s 
42540      INFO  main            d.u.i.k.p.i.AbstractProblemLoader Replaying proof attributes.key.proof 
42545      DEBUG main            d.u.i.k.p.i.IntermediateProofReplayer Proof replay took 2.18ms 
42546      DEBUG main            d.u.i.k.p.r.p.TestFile    ... success: reloaded. 
42547      INFO  main            d.u.i.k.p.r.p.TestFile    Now processing file /home/runner/work/key/key/key.core/../key.ui/examples/heap/simple/constructor_contracts.key 
42547      INFO  main            d.u.i.k.p.i.AbstractProblemLoader Loading environment from /home/runner/work/key/key/key.core/../key.ui/examples/heap/simple/constructor_contracts.key 
42548      DEBUG main            d.u.i.k.p.i.AbstractProblemLoader Environment load took 263.9ns 
42550      INFO  main            d.u.i.k.p.i.AbstractProblemLoader Creating init config 
46275      DEBUG main            d.u.i.k.p.i.AbstractProblemLoader Init config took 3.72s 
46333      INFO  main            d.u.i.k.p.i.AbstractProblemLoader Replaying proof constructor_contracts.key 
46338      DEBUG main            d.u.i.k.p.i.IntermediateProofReplayer Proof replay took 8.3ns 
47155      INFO  main            d.u.i.k.p.r.p.TestFile    ... finished proof: closed. 
47435      INFO  main            d.u.i.k.p.i.AbstractProblemLoader Loading environment from /home/runner/work/key/key/key.core/../key.ui/examples/heap/simple/constructor_contracts.key.proof 
47436      DEBUG main            d.u.i.k.p.i.AbstractProblemLoader Environment load took 1.59ms 
47439      INFO  main            d.u.i.k.p.i.AbstractProblemLoader Creating init config 
50876      DEBUG main            d.u.i.k.p.i.AbstractProblemLoader Init config took 3.44s 
50901      INFO  main            d.u.i.k.p.i.AbstractProblemLoader Replaying proof constructor_contracts.key.proof 
51060      DEBUG main            d.u.i.k.p.i.IntermediateProofReplayer Proof replay took 153ms 
51063      DEBUG main            d.u.i.k.p.r.p.TestFile    ... success: reloaded. 
51065      INFO  main            d.u.i.k.p.r.p.TestFile    Now processing file /home/runner/work/key/key/key.core/../key.ui/examples/heap/simple/dependencies.key 
51065      INFO  main            d.u.i.k.p.i.AbstractProblemLoader Loading environment from /home/runner/work/key/key/key.core/../key.ui/examples/heap/simple/dependencies.key 
51066      DEBUG main            d.u.i.k.p.i.AbstractProblemLoader Environment load took 248.2ns 
51067      INFO  main            d.u.i.k.p.i.AbstractProblemLoader Creating init config 
54339      DEBUG main            d.u.i.k.p.i.AbstractProblemLoader Init config took 3.27s 
54361      INFO  main            d.u.i.k.p.i.AbstractProblemLoader Replaying proof dependencies.key 
54363      DEBUG main            d.u.i.k.p.i.IntermediateProofReplayer Proof replay took 8.8ns 
54467      INFO  main            d.u.i.k.p.r.p.TestFile    ... finished proof: closed. 
54733      INFO  main            d.u.i.k.p.i.AbstractProblemLoader Loading environment from /home/runner/work/key/key/key.core/../key.ui/examples/heap/simple/dependencies.key.proof 
54733      DEBUG main            d.u.i.k.p.i.AbstractProblemLoader Environment load took 195.8ns 
54735      INFO  main            d.u.i.k.p.i.AbstractProblemLoader Creating init config 
57918      DEBUG main            d.u.i.k.p.i.AbstractProblemLoader Init config took 3.18s 
57941      INFO  main            d.u.i.k.p.i.AbstractProblemLoader Replaying proof dependencies.key.proof 
57956      DEBUG main            d.u.i.k.p.i.IntermediateProofReplayer Proof replay took 12.08ms 
57957      DEBUG main            d.u.i.k.p.r.p.TestFile    ... success: reloaded. 
57958      INFO  main            d.u.i.k.p.r.p.TestFile    Now processing file /home/runner/work/key/key/key.core/../key.ui/examples/heap/simple/dependency_contracts.key 
57959      INFO  main            d.u.i.k.p.i.AbstractProblemLoader Loading environment from /home/runner/work/key/key/key.core/../key.ui/examples/heap/simple/dependency_contracts.key 
57959      DEBUG main            d.u.i.k.p.i.AbstractProblemLoader Environment load took 274.3ns 
57961      INFO  main            d.u.i.k.p.i.AbstractProblemLoader Creating init config 
61502      DEBUG main            d.u.i.k.p.i.AbstractProblemLoader Init config took 3.54s 
61529      INFO  main            d.u.i.k.p.i.AbstractProblemLoader Replaying proof dependency_contracts.key 
61533      DEBUG main            d.u.i.k.p.i.IntermediateProofReplayer Proof replay took 9.4ns 
63448      INFO  main            d.u.i.k.p.r.p.TestFile    ... finished proof: closed. 
63711      INFO  main            d.u.i.k.p.i.AbstractProblemLoader Loading environment from /home/runner/work/key/key/key.core/../key.ui/examples/heap/simple/dependency_contracts.key.proof 
63712      DEBUG main            d.u.i.k.p.i.AbstractProblemLoader Environment load took 513.2ns 
63714      INFO  main            d.u.i.k.p.i.AbstractProblemLoader Creating init config 
67307      DEBUG main            d.u.i.k.p.i.AbstractProblemLoader Init config took 3.59s 
67333      INFO  main            d.u.i.k.p.i.AbstractProblemLoader Replaying proof dependency_contracts.key.proof 
67636      DEBUG main            d.u.i.k.p.i.IntermediateProofReplayer Proof replay took 293.58ms 
67639      DEBUG main            d.u.i.k.p.r.p.TestFile    ... success: reloaded. 
67641      INFO  main            d.u.i.k.p.r.p.TestFile    Now processing file /home/runner/work/key/key/key.core/../key.ui/examples/heap/simple/invariant_preservation.key 
67641      INFO  main            d.u.i.k.p.i.AbstractProblemLoader Loading environment from /home/runner/work/key/key/key.core/../key.ui/examples/heap/simple/invariant_preservation.key 
67642      DEBUG main            d.u.i.k.p.i.AbstractProblemLoader Environment load took 402.7ns 
67644      INFO  main            d.u.i.k.p.i.AbstractProblemLoader Creating init config 
71221      DEBUG main            d.u.i.k.p.i.AbstractProblemLoader Init config took 3.58s 
71247      INFO  main            d.u.i.k.p.i.AbstractProblemLoader Replaying proof invariant_preservation.key 
71249      DEBUG main            d.u.i.k.p.i.IntermediateProofReplayer Proof replay took 19.9ns 
71556      INFO  main            d.u.i.k.p.r.p.TestFile    ... finished proof: closed. 
71850      INFO  main            d.u.i.k.p.i.AbstractProblemLoader Loading environment from /home/runner/work/key/key/key.core/../key.ui/examples/heap/simple/invariant_preservation.key.proof 
71851      DEBUG main            d.u.i.k.p.i.AbstractProblemLoader Environment load took 531ns 
71853      INFO  main            d.u.i.k.p.i.AbstractProblemLoader Creating init config 
75309      DEBUG main            d.u.i.k.p.i.AbstractProblemLoader Init config took 3.46s 
75332      INFO  main            d.u.i.k.p.i.AbstractProblemLoader Replaying proof invariant_preservation.key.proof 
75383      DEBUG main            d.u.i.k.p.i.IntermediateProofReplayer Proof replay took 48.01ms 
75386      DEBUG main            d.u.i.k.p.r.p.TestFile    ... success: reloaded. 
75387      INFO  main            d.u.i.k.p.r.p.TestFile    Now processing file /home/runner/work/key/key/key.core/../key.ui/examples/heap/simple/locsets.key 
75388      INFO  main            d.u.i.k.p.i.AbstractProblemLoader Loading environment from /home/runner/work/key/key/key.core/../key.ui/examples/heap/simple/locsets.key 
75388      DEBUG main            d.u.i.k.p.i.AbstractProblemLoader Environment load took 186.2ns 
75389      INFO  main            d.u.i.k.p.i.AbstractProblemLoader Creating init config 
78586      DEBUG main            d.u.i.k.p.i.AbstractProblemLoader Init config took 3.2s 
78608      INFO  main            d.u.i.k.p.i.AbstractProblemLoader Replaying proof locsets.key 
78609      DEBUG main            d.u.i.k.p.i.IntermediateProofReplayer Proof replay took 8.4ns 
78715      INFO  main            d.u.i.k.p.r.p.TestFile    ... finished proof: closed. 
78971      INFO  main            d.u.i.k.p.i.AbstractProblemLoader Loading environment from /home/runner/work/key/key/key.core/../key.ui/examples/heap/simple/locsets.key.proof 
78972      DEBUG main            d.u.i.k.p.i.AbstractProblemLoader Environment load took 141ns 
78974      INFO  main            d.u.i.k.p.i.AbstractProblemLoader Creating init config 
82144      DEBUG main            d.u.i.k.p.i.AbstractProblemLoader Init config took 3.17s 
82163      INFO  main            d.u.i.k.p.i.AbstractProblemLoader Replaying proof locsets.key.proof 
82168      DEBUG main            d.u.i.k.p.i.IntermediateProofReplayer Proof replay took 2.87ms 
82169      DEBUG main            d.u.i.k.p.r.p.TestFile    ... success: reloaded. 
82171      INFO  main            d.u.i.k.p.r.p.TestFile    Now processing file /home/runner/work/key/key/key.core/../key.ui/examples/heap/simple/loop1.key 
82171      INFO  main            d.u.i.k.p.i.AbstractProblemLoader Loading environment from /home/runner/work/key/key/key.core/../key.ui/examples/heap/simple/loop1.key 
82172      DEBUG main            d.u.i.k.p.i.AbstractProblemLoader Environment load took 143ns 
82173      INFO  main            d.u.i.k.p.i.AbstractProblemLoader Creating init config 
85627      DEBUG main            d.u.i.k.p.i.AbstractProblemLoader Init config took 3.45s 
85652      INFO  main            d.u.i.k.p.i.AbstractProblemLoader Replaying proof loop1.key 
85654      DEBUG main            d.u.i.k.p.i.IntermediateProofReplayer Proof replay took 8.5ns 
85958      INFO  main            d.u.i.k.p.r.p.TestFile    ... finished proof: closed. 
86232      INFO  main            d.u.i.k.p.i.AbstractProblemLoader Loading environment from /home/runner/work/key/key/key.core/../key.ui/examples/heap/simple/loop1.key.proof 
86233      DEBUG main            d.u.i.k.p.i.AbstractProblemLoader Environment load took 630.6ns 
86234      INFO  main            d.u.i.k.p.i.AbstractProblemLoader Creating init config 
89617      DEBUG main            d.u.i.k.p.i.AbstractProblemLoader Init config took 3.38s 
89642      INFO  main            d.u.i.k.p.i.AbstractProblemLoader Replaying proof loop1.key.proof 
89759      DEBUG main            d.u.i.k.p.i.IntermediateProofReplayer Proof replay took 110.96ms 
89761      DEBUG main            d.u.i.k.p.r.p.TestFile    ... success: reloaded. 
89763      INFO  main            d.u.i.k.p.r.p.TestFile    Now processing file /home/runner/work/key/key/key.core/../key.ui/examples/heap/simple/loop2.key 
89763      INFO  main            d.u.i.k.p.i.AbstractProblemLoader Loading environment from /home/runner/work/key/key/key.core/../key.ui/examples/heap/simple/loop2.key 
89763      DEBUG main            d.u.i.k.p.i.AbstractProblemLoader Environment load took 317.1ns 
89765      INFO  main            d.u.i.k.p.i.AbstractProblemLoader Creating init config 
93263      DEBUG main            d.u.i.k.p.i.AbstractProblemLoader Init config took 3.5s 
93284      INFO  main            d.u.i.k.p.i.AbstractProblemLoader Replaying proof loop2.key 
93287      DEBUG main            d.u.i.k.p.i.IntermediateProofReplayer Proof replay took 26.7ns 
94093      INFO  main            d.u.i.k.p.r.p.TestFile    ... finished proof: closed. 
94390      INFO  main            d.u.i.k.p.i.AbstractProblemLoader Loading environment from /home/runner/work/key/key/key.core/../key.ui/examples/heap/simple/loop2.key.proof 
94391      DEBUG main            d.u.i.k.p.i.AbstractProblemLoader Environment load took 151.4ns 
94392      INFO  main            d.u.i.k.p.i.AbstractProblemLoader Creating init config 
97830      DEBUG main            d.u.i.k.p.i.AbstractProblemLoader Init config took 3.44s 
97857      INFO  main            d.u.i.k.p.i.AbstractProblemLoader Replaying proof loop2.key.proof 
98077      DEBUG main            d.u.i.k.p.i.IntermediateProofReplayer Proof replay took 213.75ms 
98080      DEBUG main            d.u.i.k.p.r.p.TestFile    ... success: reloaded. 
98082      INFO  main            d.u.i.k.p.r.p.TestFile    Now processing file /home/runner/work/key/key/key.core/../key.ui/examples/heap/simple/modifies_datagroup.key 
98082      INFO  main            d.u.i.k.p.i.AbstractProblemLoader Loading environment from /home/runner/work/key/key/key.core/../key.ui/examples/heap/simple/modifies_datagroup.key 
98083      DEBUG main            d.u.i.k.p.i.AbstractProblemLoader Environment load took 294.7ns 
98084      INFO  main            d.u.i.k.p.i.AbstractProblemLoader Creating init config 
101242     DEBUG main            d.u.i.k.p.i.AbstractProblemLoader Init config took 3.16s 
101262     INFO  main            d.u.i.k.p.i.AbstractProblemLoader Replaying proof modifies_datagroup.key 
101264     DEBUG main            d.u.i.k.p.i.IntermediateProofReplayer Proof replay took 9.6ns 
101371     INFO  main            d.u.i.k.p.r.p.TestFile    ... finished proof: closed. 
101661     INFO  main            d.u.i.k.p.i.AbstractProblemLoader Loading environment from /home/runner/work/key/key/key.core/../key.ui/examples/heap/simple/modifies_datagroup.key.proof 
101662     DEBUG main            d.u.i.k.p.i.AbstractProblemLoader Environment load took 671.9ns 
101663     INFO  main            d.u.i.k.p.i.AbstractProblemLoader Creating init config 
104718     DEBUG main            d.u.i.k.p.i.AbstractProblemLoader Init config took 3.06s 
104738     INFO  main            d.u.i.k.p.i.AbstractProblemLoader Replaying proof modifies_datagroup.key.proof 
104746     DEBUG main            d.u.i.k.p.i.IntermediateProofReplayer Proof replay took 5.72ms 
104747     DEBUG main            d.u.i.k.p.r.p.TestFile    ... success: reloaded. 
104748     INFO  main            d.u.i.k.p.r.p.TestFile    Now processing file /home/runner/work/key/key/key.core/../key.ui/examples/heap/simple/modifies.key 
104748     INFO  main            d.u.i.k.p.i.AbstractProblemLoader Loading environment from /home/runner/work/key/key/key.core/../key.ui/examples/heap/simple/modifies.key 
104748     DEBUG main            d.u.i.k.p.i.AbstractProblemLoader Environment load took 278.8ns 
104751     INFO  main            d.u.i.k.p.i.AbstractProblemLoader Creating init config 
107864     DEBUG main            d.u.i.k.p.i.AbstractProblemLoader Init config took 3.11s 
107881     INFO  main            d.u.i.k.p.i.AbstractProblemLoader Replaying proof modifies.key 
107883     DEBUG main            d.u.i.k.p.i.IntermediateProofReplayer Proof replay took 7.6ns 
107987     INFO  main            d.u.i.k.p.r.p.TestFile    ... finished proof: closed. 
108272     INFO  main            d.u.i.k.p.i.AbstractProblemLoader Loading environment from /home/runner/work/key/key/key.core/../key.ui/examples/heap/simple/modifies.key.proof 
108272     DEBUG main            d.u.i.k.p.i.AbstractProblemLoader Environment load took 137ns 
108275     INFO  main            d.u.i.k.p.i.AbstractProblemLoader Creating init config 
111340     DEBUG main            d.u.i.k.p.i.AbstractProblemLoader Init config took 3.07s 
111362     INFO  main            d.u.i.k.p.i.AbstractProblemLoader Replaying proof modifies.key.proof 
111387     DEBUG main            d.u.i.k.p.i.IntermediateProofReplayer Proof replay took 20.42ms 
111389     DEBUG main            d.u.i.k.p.r.p.TestFile    ... success: reloaded. 
111389     INFO  main            d.u.i.k.p.r.p.TestFile    Now processing file /home/runner/work/key/key/key.core/../key.ui/examples/heap/simple/object_creation.key 
111390     INFO  main            d.u.i.k.p.i.AbstractProblemLoader Loading environment from /home/runner/work/key/key/key.core/../key.ui/examples/heap/simple/object_creation.key 
111390     DEBUG main            d.u.i.k.p.i.AbstractProblemLoader Environment load took 282.6ns 
111392     INFO  main            d.u.i.k.p.i.AbstractProblemLoader Creating init config 
114555     DEBUG main            d.u.i.k.p.i.AbstractProblemLoader Init config took 3.16s 
114575     INFO  main            d.u.i.k.p.i.AbstractProblemLoader Replaying proof object_creation.key 
114576     DEBUG main            d.u.i.k.p.i.IntermediateProofReplayer Proof replay took 7.7ns 
114883     INFO  main            d.u.i.k.p.r.p.TestFile    ... finished proof: closed. 
115175     INFO  main            d.u.i.k.p.i.AbstractProblemLoader Loading environment from /home/runner/work/key/key/key.core/../key.ui/examples/heap/simple/object_creation.key.proof 
115175     DEBUG main            d.u.i.k.p.i.AbstractProblemLoader Environment load took 136.8ns 
115176     INFO  main            d.u.i.k.p.i.AbstractProblemLoader Creating init config 
118253     DEBUG main            d.u.i.k.p.i.AbstractProblemLoader Init config took 3.08s 
118273     INFO  main            d.u.i.k.p.i.AbstractProblemLoader Replaying proof object_creation.key.proof 
118345     DEBUG main            d.u.i.k.p.i.IntermediateProofReplayer Proof replay took 68.56ms 
118347     DEBUG main            d.u.i.k.p.r.p.TestFile    ... success: reloaded. 
118347     INFO  main            d.u.i.k.p.r.p.TestFile    Now processing file /home/runner/work/key/key/key.core/../key.ui/examples/heap/simple/operation_contracts.key 
118348     INFO  main            d.u.i.k.p.i.AbstractProblemLoader Loading environment from /home/runner/work/key/key/key.core/../key.ui/examples/heap/simple/operation_contracts.key 
118348     DEBUG main            d.u.i.k.p.i.AbstractProblemLoader Environment load took 133.8ns 
118350     INFO  main            d.u.i.k.p.i.AbstractProblemLoader Creating init config 
121783     DEBUG main            d.u.i.k.p.i.AbstractProblemLoader Init config took 3.43s 
121804     INFO  main            d.u.i.k.p.i.AbstractProblemLoader Replaying proof operation_contracts.key 
121806     DEBUG main            d.u.i.k.p.i.IntermediateProofReplayer Proof replay took 7.8ns 
122923     INFO  main            d.u.i.k.p.r.p.TestFile    ... finished proof: closed. 
123239     INFO  main            d.u.i.k.p.i.AbstractProblemLoader Loading environment from /home/runner/work/key/key/key.core/../key.ui/examples/heap/simple/operation_contracts.key.proof 
123239     DEBUG main            d.u.i.k.p.i.AbstractProblemLoader Environment load took 256.9ns 
123241     INFO  main            d.u.i.k.p.i.AbstractProblemLoader Creating init config 
126627     DEBUG main            d.u.i.k.p.i.AbstractProblemLoader Init config took 3.39s 
126647     INFO  main            d.u.i.k.p.i.AbstractProblemLoader Replaying proof operation_contracts.key.proof 
126832     DEBUG main            d.u.i.k.p.i.IntermediateProofReplayer Proof replay took 177.71ms 
126835     DEBUG main            d.u.i.k.p.r.p.TestFile    ... success: reloaded. 
126836     INFO  main            d.u.i.k.p.r.p.TestFile    Now processing file /home/runner/work/key/key/key.core/../key.ui/examples/heap/simple/select_store.key 
126837     INFO  main            d.u.i.k.p.i.AbstractProblemLoader Loading environment from /home/runner/work/key/key/key.core/../key.ui/examples/heap/simple/select_store.key 
126837     DEBUG main            d.u.i.k.p.i.AbstractProblemLoader Environment load took 303.5ns 
126839     INFO  main            d.u.i.k.p.i.AbstractProblemLoader Creating init config 
129917     DEBUG main            d.u.i.k.p.i.AbstractProblemLoader Init config took 3.08s 
129935     INFO  main            d.u.i.k.p.i.AbstractProblemLoader Replaying proof select_store.key 
129937     DEBUG main            d.u.i.k.p.i.IntermediateProofReplayer Proof replay took 8.7ns 
130039     INFO  main            d.u.i.k.p.r.p.TestFile    ... finished proof: closed. 
130370     INFO  main            d.u.i.k.p.i.AbstractProblemLoader Loading environment from /home/runner/work/key/key/key.core/../key.ui/examples/heap/simple/select_store.key.proof 
130370     DEBUG main            d.u.i.k.p.i.AbstractProblemLoader Environment load took 177.6ns 
130372     INFO  main            d.u.i.k.p.i.AbstractProblemLoader Creating init config 
133427     DEBUG main            d.u.i.k.p.i.AbstractProblemLoader Init config took 3.06s 
133445     INFO  main            d.u.i.k.p.i.AbstractProblemLoader Replaying proof select_store.key.proof 
133451     DEBUG main            d.u.i.k.p.i.IntermediateProofReplayer Proof replay took 3.45ms 
133454     DEBUG main            d.u.i.k.p.r.p.TestFile    ... success: reloaded. 
133456     INFO  main            d.u.i.k.p.r.p.TestFile    Now processing file /home/runner/work/key/key/key.core/../key.ui/examples/heap/simple/selection_sort.key 
133456     INFO  main            d.u.i.k.p.i.AbstractProblemLoader Loading environment from /home/runner/work/key/key/key.core/../key.ui/examples/heap/simple/selection_sort.key 
133457     DEBUG main            d.u.i.k.p.i.AbstractProblemLoader Environment load took 259.3ns 
133458     INFO  main            d.u.i.k.p.i.AbstractProblemLoader Creating init config 
136903     DEBUG main            d.u.i.k.p.i.AbstractProblemLoader Init config took 3.44s 
136922     INFO  main            d.u.i.k.p.i.AbstractProblemLoader Replaying proof selection_sort.key 
136925     DEBUG main            d.u.i.k.p.i.IntermediateProofReplayer Proof replay took 8.6ns 
142032     INFO  main            d.u.i.k.p.r.p.TestFile    ... finished proof: closed. 
142418     INFO  main            d.u.i.k.p.i.AbstractProblemLoader Loading environment from /home/runner/work/key/key/key.core/../key.ui/examples/heap/simple/selection_sort.key.proof 
142419     DEBUG main            d.u.i.k.p.i.AbstractProblemLoader Environment load took 581.4ns 
142421     INFO  main            d.u.i.k.p.i.AbstractProblemLoader Creating init config 
145808     DEBUG main            d.u.i.k.p.i.AbstractProblemLoader Init config took 3.39s 
145829     INFO  main            d.u.i.k.p.i.AbstractProblemLoader Replaying proof selection_sort.key.proof 
146820     DEBUG main            d.u.i.k.p.i.IntermediateProofReplayer Proof replay took 959.09ms 
146822     DEBUG main            d.u.i.k.p.r.p.TestFile    ... success: reloaded. 
146824     INFO  main            d.u.i.k.p.r.p.TestFile    Now processing file /home/runner/work/key/key/key.core/../key.ui/examples/heap/simple/seq.key 
146824     INFO  main            d.u.i.k.p.i.AbstractProblemLoader Loading environment from /home/runner/work/key/key/key.core/../key.ui/examples/heap/simple/seq.key 
146825     DEBUG main            d.u.i.k.p.i.AbstractProblemLoader Environment load took 279.6ns 
146827     INFO  main            d.u.i.k.p.i.AbstractProblemLoader Creating init config 
150017     DEBUG main            d.u.i.k.p.i.AbstractProblemLoader Init config took 3.19s 
150036     INFO  main            d.u.i.k.p.i.AbstractProblemLoader Replaying proof seq.key 
150038     DEBUG main            d.u.i.k.p.i.IntermediateProofReplayer Proof replay took 8.8ns 
150656     INFO  main            d.u.i.k.p.r.p.TestFile    ... finished proof: closed. 
151056     INFO  main            d.u.i.k.p.i.AbstractProblemLoader Loading environment from /home/runner/work/key/key/key.core/../key.ui/examples/heap/simple/seq.key.proof 
151056     DEBUG main            d.u.i.k.p.i.AbstractProblemLoader Environment load took 655.6ns 
151058     INFO  main            d.u.i.k.p.i.AbstractProblemLoader Creating init config 
154087     DEBUG main            d.u.i.k.p.i.AbstractProblemLoader Init config took 3.03s 
154104     INFO  main            d.u.i.k.p.i.AbstractProblemLoader Replaying proof seq.key.proof 
154181     DEBUG main            d.u.i.k.p.i.IntermediateProofReplayer Proof replay took 71.98ms 
154183     DEBUG main            d.u.i.k.p.r.p.TestFile    ... success: reloaded. 
154184     INFO  main            d.u.i.k.p.r.p.TestFile    Now processing file /home/runner/work/key/key/key.core/../key.ui/examples/heap/simple/oldForParams.key 
154185     INFO  main            d.u.i.k.p.i.AbstractProblemLoader Loading environment from /home/runner/work/key/key/key.core/../key.ui/examples/heap/simple/oldForParams.key 
154185     DEBUG main            d.u.i.k.p.i.AbstractProblemLoader Environment load took 304.01ns 
154186     INFO  main            d.u.i.k.p.i.AbstractProblemLoader Creating init config 
157610     DEBUG main            d.u.i.k.p.i.AbstractProblemLoader Init config took 3.42s 
157700     INFO  main            d.u.i.k.p.i.AbstractProblemLoader Replaying proof OldForParameters[OldForParameters::method(int)].JML operation contract.0 
157704     DEBUG main            d.u.i.k.p.i.IntermediateProofReplayer Proof replay took 8.2ns 
158007     INFO  main            d.u.i.k.p.r.p.TestFile    ... finished proof: closed. 
158371     INFO  main            d.u.i.k.p.i.AbstractProblemLoader Loading environment from /home/runner/work/key/key/key.core/../key.ui/examples/heap/simple/oldForParams.key.proof 
158371     DEBUG main            d.u.i.k.p.i.AbstractProblemLoader Environment load took 126ns 
158372     INFO  main            d.u.i.k.p.i.AbstractProblemLoader Creating init config 
161709     DEBUG main            d.u.i.k.p.i.AbstractProblemLoader Init config took 3.34s 
161772     INFO  main            d.u.i.k.p.i.AbstractProblemLoader Replaying proof OldForParameters[OldForParameters::method(int)].JML operation contract.0 
161854     DEBUG main            d.u.i.k.p.i.IntermediateProofReplayer Proof replay took 77.66ms 
161855     DEBUG main            d.u.i.k.p.r.p.TestFile    ... success: reloaded. 
161857     INFO  main            d.u.i.k.p.r.p.TestFile    Now processing file /home/runner/work/key/key/key.core/../key.ui/examples/heap/simple/parse_lmtd.key 
161858     INFO  main            d.u.i.k.p.i.AbstractProblemLoader Loading environment from /home/runner/work/key/key/key.core/../key.ui/examples/heap/simple/parse_lmtd.key 
161858     DEBUG main            d.u.i.k.p.i.AbstractProblemLoader Environment load took 235.9ns 
161859     INFO  main            d.u.i.k.p.i.AbstractProblemLoader Creating init config 
165297     DEBUG main            d.u.i.k.p.i.AbstractProblemLoader Init config took 3.44s 
165355     INFO  main            d.u.i.k.p.i.AbstractProblemLoader Replaying proof ParseLmtd[ParseLmtd::simple(int)].JML normal_behavior operation contract.0 
165356     DEBUG main            d.u.i.k.p.i.IntermediateProofReplayer Proof replay took 7.9ns 
165559     INFO  main            d.u.i.k.p.r.p.TestFile    ... finished proof: closed. 
165938     INFO  main            d.u.i.k.p.i.AbstractProblemLoader Loading environment from /home/runner/work/key/key/key.core/../key.ui/examples/heap/simple/parse_lmtd.key.proof 
165938     DEBUG main            d.u.i.k.p.i.AbstractProblemLoader Environment load took 135.7ns 
165940     INFO  main            d.u.i.k.p.i.AbstractProblemLoader Creating init config 
169250     DEBUG main            d.u.i.k.p.i.AbstractProblemLoader Init config took 3.31s 
169301     INFO  main            d.u.i.k.p.i.AbstractProblemLoader Replaying proof ParseLmtd[ParseLmtd::simple(int)].JML normal_behavior operation contract.0 
169338     DEBUG main            d.u.i.k.p.i.IntermediateProofReplayer Proof replay took 34.3ms 
169339     DEBUG main            d.u.i.k.p.r.p.TestFile    ... success: reloaded. 
169340     INFO  main            d.u.i.k.p.r.p.TestFile    Now processing file /home/runner/work/key/key/key.core/../key.ui/examples/heap/strictly_pure/strictlyPureMethod.key 
169341     INFO  main            d.u.i.k.p.i.AbstractProblemLoader Loading environment from /home/runner/work/key/key/key.core/../key.ui/examples/heap/strictly_pure/strictlyPureMethod.key 
169341     DEBUG main            d.u.i.k.p.i.AbstractProblemLoader Environment load took 291.91ns 
169342     INFO  main            d.u.i.k.p.i.AbstractProblemLoader Creating init config 
172587     DEBUG main            d.u.i.k.p.i.AbstractProblemLoader Init config took 3.24s 
172662     INFO  main            d.u.i.k.p.i.AbstractProblemLoader Replaying proof StrictlyPure[StrictlyPure::strictlyPureMethod()].JML operation contract.0 
172664     DEBUG main            d.u.i.k.p.i.IntermediateProofReplayer Proof replay took 7.1ns 
172872     INFO  main            d.u.i.k.p.r.p.TestFile    ... finished proof: closed. 
173227     INFO  main            d.u.i.k.p.i.AbstractProblemLoader Loading environment from /home/runner/work/key/key/key.core/../key.ui/examples/heap/strictly_pure/strictlyPureMethod.key.proof 
173227     DEBUG main            d.u.i.k.p.i.AbstractProblemLoader Environment load took 129.3ns 
173229     INFO  main            d.u.i.k.p.i.AbstractProblemLoader Creating init config 
176311     DEBUG main            d.u.i.k.p.i.AbstractProblemLoader Init config took 3.08s 
176355     INFO  main            d.u.i.k.p.i.AbstractProblemLoader Replaying proof StrictlyPure[StrictlyPure::strictlyPureMethod()].JML operation contract.0 
176412     DEBUG main            d.u.i.k.p.i.IntermediateProofReplayer Proof replay took 53.68ms 
176413     DEBUG main            d.u.i.k.p.r.p.TestFile    ... success: reloaded. 
176414     INFO  main            d.u.i.k.p.r.p.TestFile    Now processing file /home/runner/work/key/key/key.core/../key.ui/examples/heap/strictly_pure/useStrictlyPureMethod.key 
176414     INFO  main            d.u.i.k.p.i.AbstractProblemLoader Loading environment from /home/runner/work/key/key/key.core/../key.ui/examples/heap/strictly_pure/useStrictlyPureMethod.key 
176415     DEBUG main            d.u.i.k.p.i.AbstractProblemLoader Environment load took 131.8ns 
176416     INFO  main            d.u.i.k.p.i.AbstractProblemLoader Creating init config 
179543     DEBUG main            d.u.i.k.p.i.AbstractProblemLoader Init config took 3.13s 
179590     INFO  main            d.u.i.k.p.i.AbstractProblemLoader Replaying proof StrictlyPure[StrictlyPure::useStrictlyPureMethod(StrictlyPureClass)].JML operation contract.0 
179592     DEBUG main            d.u.i.k.p.i.IntermediateProofReplayer Proof replay took 8.9ns 
179895     INFO  main            d.u.i.k.p.r.p.TestFile    ... finished proof: closed. 
180262     INFO  main            d.u.i.k.p.i.AbstractProblemLoader Loading environment from /home/runner/work/key/key/key.core/../key.ui/examples/heap/strictly_pure/useStrictlyPureMethod.key.proof 
180262     DEBUG main            d.u.i.k.p.i.AbstractProblemLoader Environment load took 155ns 
180264     INFO  main            d.u.i.k.p.i.AbstractProblemLoader Creating init config 
183395     DEBUG main            d.u.i.k.p.i.AbstractProblemLoader Init config took 3.13s 
183439     INFO  main            d.u.i.k.p.i.AbstractProblemLoader Replaying proof StrictlyPure[StrictlyPure::useStrictlyPureMethod(StrictlyPureClass)].JML operation contract.0 
183515     DEBUG main            d.u.i.k.p.i.IntermediateProofReplayer Proof replay took 73.17ms 
183517     DEBUG main            d.u.i.k.p.r.p.TestFile    ... success: reloaded. 
183518     INFO  main            d.u.i.k.p.r.p.TestFile    Now processing file /home/runner/work/key/key/key.core/../key.ui/examples/heap/Wellfounded/ackermann.key 
183518     INFO  main            d.u.i.k.p.i.AbstractProblemLoader Loading environment from /home/runner/work/key/key/key.core/../key.ui/examples/heap/Wellfounded/ackermann.key 
183519     DEBUG main            d.u.i.k.p.i.AbstractProblemLoader Environment load took 323.9ns 
183520     INFO  main            d.u.i.k.p.i.AbstractProblemLoader Creating init config 
186692     DEBUG main            d.u.i.k.p.i.AbstractProblemLoader Init config took 3.17s 
186752     INFO  main            d.u.i.k.p.i.AbstractProblemLoader Replaying proof Ackermann[Ackermann::a(int,int)].JML normal_behavior operation contract.0 
186755     DEBUG main            d.u.i.k.p.i.IntermediateProofReplayer Proof replay took 9.2ns 
187163     INFO  main            d.u.i.k.p.r.p.TestFile    ... finished proof: closed. 
187579     INFO  main            d.u.i.k.p.i.AbstractProblemLoader Loading environment from /home/runner/work/key/key/key.core/../key.ui/examples/heap/Wellfounded/ackermann.key.proof 
187580     DEBUG main            d.u.i.k.p.i.AbstractProblemLoader Environment load took 515.3ns 
187581     INFO  main            d.u.i.k.p.i.AbstractProblemLoader Creating init config 
190700     DEBUG main            d.u.i.k.p.i.AbstractProblemLoader Init config took 3.12s 
190761     INFO  main            d.u.i.k.p.i.AbstractProblemLoader Replaying proof Ackermann[Ackermann::a(int,int)].JML normal_behavior operation contract.0 
190871     DEBUG main            d.u.i.k.p.i.IntermediateProofReplayer Proof replay took 104.33ms 
190872     DEBUG main            d.u.i.k.p.r.p.TestFile    ... success: reloaded. 
190873     INFO  main            d.u.i.k.p.r.p.TestFile    Now processing file /home/runner/work/key/key/key.core/../key.ui/examples/standard_key/unicode_test.key 
190874     INFO  main            d.u.i.k.p.i.AbstractProblemLoader Loading environment from /home/runner/work/key/key/key.core/../key.ui/examples/standard_key/unicode_test.key 
190874     DEBUG main            d.u.i.k.p.i.AbstractProblemLoader Environment load took 305.6ns 
190877     INFO  main            d.u.i.k.p.i.AbstractProblemLoader Creating init config 
194132     DEBUG main            d.u.i.k.p.i.AbstractProblemLoader Init config took 3.26s 
194150     INFO  main            d.u.i.k.p.i.AbstractProblemLoader Replaying proof unicode_test.key 
194152     DEBUG main            d.u.i.k.p.i.IntermediateProofReplayer Proof replay took 8.9ns 
194258     INFO  main            d.u.i.k.p.r.p.TestFile    ... finished proof: closed. 
194646     INFO  main            d.u.i.k.p.i.AbstractProblemLoader Loading environment from /home/runner/work/key/key/key.core/../key.ui/examples/standard_key/unicode_test.key.proof 
194646     DEBUG main            d.u.i.k.p.i.AbstractProblemLoader Environment load took 124.6ns 
194647     INFO  main            d.u.i.k.p.i.AbstractProblemLoader Creating init config 
197785     DEBUG main            d.u.i.k.p.i.AbstractProblemLoader Init config took 3.14s 
197801     INFO  main            d.u.i.k.p.i.AbstractProblemLoader Replaying proof unicode_test.key.proof 
197804     DEBUG main            d.u.i.k.p.i.IntermediateProofReplayer Proof replay took 586.2ns 
197805     DEBUG main            d.u.i.k.p.r.p.TestFile    ... success: reloaded. 
197806     INFO  main            d.u.i.k.p.r.p.TestFile    Now processing file /home/runner/work/key/key/key.core/../key.ui/examples/heap/strictlyModular/mayExpand.key 
197806     INFO  main            d.u.i.k.p.i.AbstractProblemLoader Loading environment from /home/runner/work/key/key/key.core/../key.ui/examples/heap/strictlyModular/mayExpand.key 
197807     DEBUG main            d.u.i.k.p.i.AbstractProblemLoader Environment load took 373.7ns 
197808     INFO  main            d.u.i.k.p.i.AbstractProblemLoader Creating init config 
201031     DEBUG main            d.u.i.k.p.i.AbstractProblemLoader Init config took 3.22s 
201076     INFO  main            d.u.i.k.p.i.AbstractProblemLoader Replaying proof Modular[Modular::m()].JML operation contract.0 
201078     DEBUG main            d.u.i.k.p.i.IntermediateProofReplayer Proof replay took 8.3ns 
201181     INFO  main            d.u.i.k.p.r.p.TestFile    ... finished proof: closed. 
201568     INFO  main            d.u.i.k.p.i.AbstractProblemLoader Loading environment from /home/runner/work/key/key/key.core/../key.ui/examples/heap/strictlyModular/mayExpand.key.proof 
201569     DEBUG main            d.u.i.k.p.i.AbstractProblemLoader Environment load took 136.1ns 
201570     INFO  main            d.u.i.k.p.i.AbstractProblemLoader Creating init config 
204701     DEBUG main            d.u.i.k.p.i.AbstractProblemLoader Init config took 3.13s 
204745     INFO  main            d.u.i.k.p.i.AbstractProblemLoader Replaying proof Modular[Modular::m()].JML operation contract.0 
204767     DEBUG main            d.u.i.k.p.i.IntermediateProofReplayer Proof replay took 19.34ms 
204768     DEBUG main            d.u.i.k.p.r.p.TestFile    ... success: reloaded. 
204769     INFO  main            d.u.i.k.p.r.p.TestFile    Now processing file /home/runner/work/key/key/key.core/../key.ui/examples/heap/strictlyModular/modularOnly.key 
204769     INFO  main            d.u.i.k.p.i.AbstractProblemLoader Loading environment from /home/runner/work/key/key/key.core/../key.ui/examples/heap/strictlyModular/modularOnly.key 
204769     DEBUG main            d.u.i.k.p.i.AbstractProblemLoader Environment load took 109.3ns 
204771     INFO  main            d.u.i.k.p.i.AbstractProblemLoader Creating init config 
207909     DEBUG main            d.u.i.k.p.i.AbstractProblemLoader Init config took 3.14s 
207974     INFO  main            d.u.i.k.p.i.AbstractProblemLoader Replaying proof Modular[Modular::m()].JML operation contract.0 
207975     DEBUG main            d.u.i.k.p.i.IntermediateProofReplayer Proof replay took 9.2ns 
208079     INFO  main            d.u.i.k.p.r.p.TestFile    ... finished proof: open goal(s) 
2568890    INFO  Test worker     d.u.i.k.p.r.RunAllProofsTestUnit Returning from test simpleTests 
2568892    INFO  Test worker     d.u.i.k.p.r.RunAllProofsTestUnit Running test SmansEtAl 
426        INFO  Timeout watchdog d.u.i.k.p.r.p.ForkedTestFileRunner Timeout watcher launched (2000 secs.) 
444        WARN  main            d.u.i.k.s.ProofSettings   The settings in /home/runner/.key/proof-settings.props are *not* read. 
517        INFO  main            d.u.i.k.p.r.p.TestFile    Now processing file /home/runner/work/key/key/key.core/../key.ui/examples/heap/SmansEtAl/ArrayList_add.key 
734        INFO  main            d.u.i.k.p.i.AbstractProblemLoader Loading environment from /home/runner/work/key/key/key.core/../key.ui/examples/heap/SmansEtAl/ArrayList_add.key 
763        DEBUG main            d.u.i.k.p.i.AbstractProblemLoader Environment load took 3.97ms 
1095       INFO  main            d.u.i.k.p.i.AbstractProblemLoader Creating init config 
2487       DEBUG main            d.u.i.k.j.TypeConverter   No LDT found for Meta 
2488       DEBUG main            d.u.i.k.j.TypeConverter   No LDT found for Meta 
2493       DEBUG main            d.u.i.k.j.TypeConverter   No LDT found for Meta 
2493       DEBUG main            d.u.i.k.j.TypeConverter   No LDT found for Meta 
4582       DEBUG main            d.u.i.k.j.TypeConverter   No LDT found for JavaBigintExpression 
11681      DEBUG main            d.u.i.k.p.i.AbstractProblemLoader Init config took 10.59s 
11907      INFO  main            d.u.i.k.p.i.AbstractProblemLoader Replaying proof ArrayList[ArrayList::add(java.lang.Object)].JML normal_behavior operation contract.0 
11971      DEBUG main            d.u.i.k.p.i.IntermediateProofReplayer Proof replay took 40.9ns 
21731      INFO  main            d.u.i.k.p.r.p.TestFile    ... finished proof: closed. 
22008      INFO  main            d.u.i.k.p.i.AbstractProblemLoader Loading environment from /home/runner/work/key/key/key.core/../key.ui/examples/heap/SmansEtAl/ArrayList_add.key.proof 
22010      DEBUG main            d.u.i.k.p.i.AbstractProblemLoader Environment load took 1.42ms 
22017      INFO  main            d.u.i.k.p.i.AbstractProblemLoader Creating init config 
26264      DEBUG main            d.u.i.k.p.i.AbstractProblemLoader Init config took 4.25s 
26364      INFO  main            d.u.i.k.p.i.AbstractProblemLoader Replaying proof ArrayList[ArrayList::add(java.lang.Object)].JML normal_behavior operation contract.0 
27892      DEBUG main            d.u.i.k.p.i.IntermediateProofReplayer Proof replay took 1.49s 
27907      DEBUG main            d.u.i.k.p.r.p.TestFile    ... success: reloaded. 
27909      INFO  main            d.u.i.k.p.r.p.TestFile    Now processing file /home/runner/work/key/key/key.core/../key.ui/examples/heap/SmansEtAl/ArrayList_ArrayList.key 
27910      INFO  main            d.u.i.k.p.i.AbstractProblemLoader Loading environment from /home/runner/work/key/key/key.core/../key.ui/examples/heap/SmansEtAl/ArrayList_ArrayList.key 
27910      DEBUG main            d.u.i.k.p.i.AbstractProblemLoader Environment load took 302.8ns 
27912      INFO  main            d.u.i.k.p.i.AbstractProblemLoader Creating init config 
31933      DEBUG main            d.u.i.k.p.i.AbstractProblemLoader Init config took 4.02s 
32002      INFO  main            d.u.i.k.p.i.AbstractProblemLoader Replaying proof ArrayList[ArrayList::ArrayList()].JML normal_behavior operation contract.0 
32005      DEBUG main            d.u.i.k.p.i.IntermediateProofReplayer Proof replay took 6.6ns 
33313      INFO  main            d.u.i.k.p.r.p.TestFile    ... finished proof: closed. 
33535      INFO  main            d.u.i.k.p.i.AbstractProblemLoader Loading environment from /home/runner/work/key/key/key.core/../key.ui/examples/heap/SmansEtAl/ArrayList_ArrayList.key.proof 
33536      DEBUG main            d.u.i.k.p.i.AbstractProblemLoader Environment load took 532.3ns 
33538      INFO  main            d.u.i.k.p.i.AbstractProblemLoader Creating init config 
37342      DEBUG main            d.u.i.k.p.i.AbstractProblemLoader Init config took 3.8s 
37406      INFO  main            d.u.i.k.p.i.AbstractProblemLoader Replaying proof ArrayList[ArrayList::ArrayList()].JML normal_behavior operation contract.0 
37630      DEBUG main            d.u.i.k.p.i.IntermediateProofReplayer Proof replay took 215.05ms 
37632      DEBUG main            d.u.i.k.p.r.p.TestFile    ... success: reloaded. 
37634      INFO  main            d.u.i.k.p.r.p.TestFile    Now processing file /home/runner/work/key/key/key.core/../key.ui/examples/heap/SmansEtAl/ArrayList_footprint.key 
37635      INFO  main            d.u.i.k.p.i.AbstractProblemLoader Loading environment from /home/runner/work/key/key/key.core/../key.ui/examples/heap/SmansEtAl/ArrayList_footprint.key 
37635      DEBUG main            d.u.i.k.p.i.AbstractProblemLoader Environment load took 400.2ns 
37637      INFO  main            d.u.i.k.p.i.AbstractProblemLoader Creating init config 
41576      DEBUG main            d.u.i.k.p.i.AbstractProblemLoader Init config took 3.94s 
41642      INFO  main            d.u.i.k.p.i.AbstractProblemLoader Replaying proof ArrayList[ArrayList::$footprint()].JML accessible clause.0 
41647      DEBUG main            d.u.i.k.p.i.IntermediateProofReplayer Proof replay took 5.7ns 
41750      INFO  main            d.u.i.k.p.r.p.TestFile    ... finished proof: closed. 
42010      INFO  main            d.u.i.k.p.i.AbstractProblemLoader Loading environment from /home/runner/work/key/key/key.core/../key.ui/examples/heap/SmansEtAl/ArrayList_footprint.key.proof 
42010      DEBUG main            d.u.i.k.p.i.AbstractProblemLoader Environment load took 147ns 
42011      INFO  main            d.u.i.k.p.i.AbstractProblemLoader Creating init config 
45729      DEBUG main            d.u.i.k.p.i.AbstractProblemLoader Init config took 3.72s 
45804      INFO  main            d.u.i.k.p.i.AbstractProblemLoader Replaying proof ArrayList[ArrayList::$footprint()].JML accessible clause.0 
45832      DEBUG main            d.u.i.k.p.i.IntermediateProofReplayer Proof replay took 19.43ms 
45834      DEBUG main            d.u.i.k.p.r.p.TestFile    ... success: reloaded. 
45836      INFO  main            d.u.i.k.p.r.p.TestFile    Now processing file /home/runner/work/key/key/key.core/../key.ui/examples/heap/SmansEtAl/ArrayList_get_dep.key 
45837      INFO  main            d.u.i.k.p.i.AbstractProblemLoader Loading environment from /home/runner/work/key/key/key.core/../key.ui/examples/heap/SmansEtAl/ArrayList_get_dep.key 
45837      DEBUG main            d.u.i.k.p.i.AbstractProblemLoader Environment load took 401.1ns 
45838      INFO  main            d.u.i.k.p.i.AbstractProblemLoader Creating init config 
49551      DEBUG main            d.u.i.k.p.i.AbstractProblemLoader Init config took 3.71s 
49610      INFO  main            d.u.i.k.p.i.AbstractProblemLoader Replaying proof ArrayList[ArrayList::get(int)].JML accessible clause.0 
49614      DEBUG main            d.u.i.k.p.i.IntermediateProofReplayer Proof replay took 7.8ns 
50018      INFO  main            d.u.i.k.p.r.p.TestFile    ... finished proof: closed. 
50303      INFO  main            d.u.i.k.p.i.AbstractProblemLoader Loading environment from /home/runner/work/key/key/key.core/../key.ui/examples/heap/SmansEtAl/ArrayList_get_dep.key.proof 
50304      DEBUG main            d.u.i.k.p.i.AbstractProblemLoader Environment load took 527.8ns 
50306      INFO  main            d.u.i.k.p.i.AbstractProblemLoader Creating init config 
53970      DEBUG main            d.u.i.k.p.i.AbstractProblemLoader Init config took 3.66s 
54027      INFO  main            d.u.i.k.p.i.AbstractProblemLoader Replaying proof ArrayList[ArrayList::get(int)].JML accessible clause.0 
54120      DEBUG main            d.u.i.k.p.i.IntermediateProofReplayer Proof replay took 88.11ms 
54122      DEBUG main            d.u.i.k.p.r.p.TestFile    ... success: reloaded. 
54124      INFO  main            d.u.i.k.p.r.p.TestFile    Now processing file /home/runner/work/key/key/key.core/../key.ui/examples/heap/SmansEtAl/ArrayList_get.key 
54124      INFO  main            d.u.i.k.p.i.AbstractProblemLoader Loading environment from /home/runner/work/key/key/key.core/../key.ui/examples/heap/SmansEtAl/ArrayList_get.key 
54125      DEBUG main            d.u.i.k.p.i.AbstractProblemLoader Environment load took 254ns 
54126      INFO  main            d.u.i.k.p.i.AbstractProblemLoader Creating init config 
57889      DEBUG main            d.u.i.k.p.i.AbstractProblemLoader Init config took 3.76s 
57985      INFO  main            d.u.i.k.p.i.AbstractProblemLoader Replaying proof ArrayList[ArrayList::get(int)].JML normal_behavior operation contract.0 
57987      DEBUG main            d.u.i.k.p.i.IntermediateProofReplayer Proof replay took 6ns 
58190      INFO  main            d.u.i.k.p.r.p.TestFile    ... finished proof: closed. 
58411      INFO  main            d.u.i.k.p.i.AbstractProblemLoader Loading environment from /home/runner/work/key/key/key.core/../key.ui/examples/heap/SmansEtAl/ArrayList_get.key.proof 
58412      DEBUG main            d.u.i.k.p.i.AbstractProblemLoader Environment load took 672.9ns 
58414      INFO  main            d.u.i.k.p.i.AbstractProblemLoader Creating init config 
62050      DEBUG main            d.u.i.k.p.i.AbstractProblemLoader Init config took 3.64s 
62112      INFO  main            d.u.i.k.p.i.AbstractProblemLoader Replaying proof ArrayList[ArrayList::get(int)].JML normal_behavior operation contract.0 
62162      DEBUG main            d.u.i.k.p.i.IntermediateProofReplayer Proof replay took 46.88ms 
62164      DEBUG main            d.u.i.k.p.r.p.TestFile    ... success: reloaded. 
62166      INFO  main            d.u.i.k.p.r.p.TestFile    Now processing file /home/runner/work/key/key/key.core/../key.ui/examples/heap/SmansEtAl/ArrayList_inv.key 
62166      INFO  main            d.u.i.k.p.i.AbstractProblemLoader Loading environment from /home/runner/work/key/key/key.core/../key.ui/examples/heap/SmansEtAl/ArrayList_inv.key 
62167      DEBUG main            d.u.i.k.p.i.AbstractProblemLoader Environment load took 295.4ns 
62168      INFO  main            d.u.i.k.p.i.AbstractProblemLoader Creating init config 
65821      DEBUG main            d.u.i.k.p.i.AbstractProblemLoader Init config took 3.65s 
65875      INFO  main            d.u.i.k.p.i.AbstractProblemLoader Replaying proof ArrayList[java.lang.Object::<inv>()].JML accessible clause.0 
65878      DEBUG main            d.u.i.k.p.i.IntermediateProofReplayer Proof replay took 6.3ns 
66083      INFO  main            d.u.i.k.p.r.p.TestFile    ... finished proof: closed. 
66297      INFO  main            d.u.i.k.p.i.AbstractProblemLoader Loading environment from /home/runner/work/key/key/key.core/../key.ui/examples/heap/SmansEtAl/ArrayList_inv.key.proof 
66297      DEBUG main            d.u.i.k.p.i.AbstractProblemLoader Environment load took 235.2ns 
66298      INFO  main            d.u.i.k.p.i.AbstractProblemLoader Creating init config 
69892      DEBUG main            d.u.i.k.p.i.AbstractProblemLoader Init config took 3.59s 
69958      INFO  main            d.u.i.k.p.i.AbstractProblemLoader Replaying proof ArrayList[java.lang.Object::<inv>()].JML accessible clause.0 
69981      DEBUG main            d.u.i.k.p.i.IntermediateProofReplayer Proof replay took 19.26ms 
69983      DEBUG main            d.u.i.k.p.r.p.TestFile    ... success: reloaded. 
69984      INFO  main            d.u.i.k.p.r.p.TestFile    Now processing file /home/runner/work/key/key/key.core/../key.ui/examples/heap/SmansEtAl/ArrayList_size_dep.key 
69985      INFO  main            d.u.i.k.p.i.AbstractProblemLoader Loading environment from /home/runner/work/key/key/key.core/../key.ui/examples/heap/SmansEtAl/ArrayList_size_dep.key 
69985      DEBUG main            d.u.i.k.p.i.AbstractProblemLoader Environment load took 154.2ns 
69986      INFO  main            d.u.i.k.p.i.AbstractProblemLoader Creating init config 
73592      DEBUG main            d.u.i.k.p.i.AbstractProblemLoader Init config took 3.61s 
73662      INFO  main            d.u.i.k.p.i.AbstractProblemLoader Replaying proof ArrayList[ArrayList::size()].JML accessible clause.0 
73666      DEBUG main            d.u.i.k.p.i.IntermediateProofReplayer Proof replay took 6.9ns 
73768      INFO  main            d.u.i.k.p.r.p.TestFile    ... finished proof: closed. 
73998      INFO  main            d.u.i.k.p.i.AbstractProblemLoader Loading environment from /home/runner/work/key/key/key.core/../key.ui/examples/heap/SmansEtAl/ArrayList_size_dep.key.proof 
73998      DEBUG main            d.u.i.k.p.i.AbstractProblemLoader Environment load took 159.3ns 
73999      INFO  main            d.u.i.k.p.i.AbstractProblemLoader Creating init config 
77596      DEBUG main            d.u.i.k.p.i.AbstractProblemLoader Init config took 3.6s 
77647      INFO  main            d.u.i.k.p.i.AbstractProblemLoader Replaying proof ArrayList[ArrayList::size()].JML accessible clause.0 
77674      DEBUG main            d.u.i.k.p.i.IntermediateProofReplayer Proof replay took 24.07ms 
77675      DEBUG main            d.u.i.k.p.r.p.TestFile    ... success: reloaded. 
77676      INFO  main            d.u.i.k.p.r.p.TestFile    Now processing file /home/runner/work/key/key/key.core/../key.ui/examples/heap/SmansEtAl/ArrayList_size.key 
77677      INFO  main            d.u.i.k.p.i.AbstractProblemLoader Loading environment from /home/runner/work/key/key/key.core/../key.ui/examples/heap/SmansEtAl/ArrayList_size.key 
77677      DEBUG main            d.u.i.k.p.i.AbstractProblemLoader Environment load took 138.1ns 
77678      INFO  main            d.u.i.k.p.i.AbstractProblemLoader Creating init config 
81270      DEBUG main            d.u.i.k.p.i.AbstractProblemLoader Init config took 3.59s 
81341      INFO  main            d.u.i.k.p.i.AbstractProblemLoader Replaying proof ArrayList[ArrayList::size()].JML normal_behavior operation contract.0 
81344      DEBUG main            d.u.i.k.p.i.IntermediateProofReplayer Proof replay took 6.6ns 
81449      INFO  main            d.u.i.k.p.r.p.TestFile    ... finished proof: closed. 
81692      INFO  main            d.u.i.k.p.i.AbstractProblemLoader Loading environment from /home/runner/work/key/key/key.core/../key.ui/examples/heap/SmansEtAl/ArrayList_size.key.proof 
81692      DEBUG main            d.u.i.k.p.i.AbstractProblemLoader Environment load took 169.1ns 
81693      INFO  main            d.u.i.k.p.i.AbstractProblemLoader Creating init config 
85216      DEBUG main            d.u.i.k.p.i.AbstractProblemLoader Init config took 3.52s 
85267      INFO  main            d.u.i.k.p.i.AbstractProblemLoader Replaying proof ArrayList[ArrayList::size()].JML normal_behavior operation contract.0 
85288      DEBUG main            d.u.i.k.p.i.IntermediateProofReplayer Proof replay took 18.34ms 
85289      DEBUG main            d.u.i.k.p.r.p.TestFile    ... success: reloaded. 
85291      INFO  main            d.u.i.k.p.r.p.TestFile    Now processing file /home/runner/work/key/key/key.core/../key.ui/examples/heap/SmansEtAl/Cell_Cell.key 
85292      INFO  main            d.u.i.k.p.i.AbstractProblemLoader Loading environment from /home/runner/work/key/key/key.core/../key.ui/examples/heap/SmansEtAl/Cell_Cell.key 
85292      DEBUG main            d.u.i.k.p.i.AbstractProblemLoader Environment load took 268.9ns 
85293      INFO  main            d.u.i.k.p.i.AbstractProblemLoader Creating init config 
88950      DEBUG main            d.u.i.k.p.i.AbstractProblemLoader Init config took 3.66s 
88999      INFO  main            d.u.i.k.p.i.AbstractProblemLoader Replaying proof Cell[Cell::Cell()].JML normal_behavior operation contract.0 
89001      DEBUG main            d.u.i.k.p.i.IntermediateProofReplayer Proof replay took 7.2ns 
89203      INFO  main            d.u.i.k.p.r.p.TestFile    ... finished proof: closed. 
89454      INFO  main            d.u.i.k.p.i.AbstractProblemLoader Loading environment from /home/runner/work/key/key/key.core/../key.ui/examples/heap/SmansEtAl/Cell_Cell.key.proof 
89454      DEBUG main            d.u.i.k.p.i.AbstractProblemLoader Environment load took 143.3ns 
89456      INFO  main            d.u.i.k.p.i.AbstractProblemLoader Creating init config 
93046      DEBUG main            d.u.i.k.p.i.AbstractProblemLoader Init config took 3.59s 
93099      INFO  main            d.u.i.k.p.i.AbstractProblemLoader Replaying proof Cell[Cell::Cell()].JML normal_behavior operation contract.0 
93188      DEBUG main            d.u.i.k.p.i.IntermediateProofReplayer Proof replay took 81.49ms 
93190      DEBUG main            d.u.i.k.p.r.p.TestFile    ... success: reloaded. 
93191      INFO  main            d.u.i.k.p.r.p.TestFile    Now processing file /home/runner/work/key/key/key.core/../key.ui/examples/heap/SmansEtAl/Cell_footprint.key 
93192      INFO  main            d.u.i.k.p.i.AbstractProblemLoader Loading environment from /home/runner/work/key/key/key.core/../key.ui/examples/heap/SmansEtAl/Cell_footprint.key 
93192      DEBUG main            d.u.i.k.p.i.AbstractProblemLoader Environment load took 256.7ns 
93193      INFO  main            d.u.i.k.p.i.AbstractProblemLoader Creating init config 
96792      DEBUG main            d.u.i.k.p.i.AbstractProblemLoader Init config took 3.6s 
96838      INFO  main            d.u.i.k.p.i.AbstractProblemLoader Replaying proof Cell[Cell::$footprint()].JML accessible clause.0 
96840      DEBUG main            d.u.i.k.p.i.IntermediateProofReplayer Proof replay took 6.9ns 
96945      INFO  main            d.u.i.k.p.r.p.TestFile    ... finished proof: closed. 
97197      INFO  main            d.u.i.k.p.i.AbstractProblemLoader Loading environment from /home/runner/work/key/key/key.core/../key.ui/examples/heap/SmansEtAl/Cell_footprint.key.proof 
97197      DEBUG main            d.u.i.k.p.i.AbstractProblemLoader Environment load took 161.6ns 
97199      INFO  main            d.u.i.k.p.i.AbstractProblemLoader Creating init config 
100775     DEBUG main            d.u.i.k.p.i.AbstractProblemLoader Init config took 3.58s 
100825     INFO  main            d.u.i.k.p.i.AbstractProblemLoader Replaying proof Cell[Cell::$footprint()].JML accessible clause.0 
100832     DEBUG main            d.u.i.k.p.i.IntermediateProofReplayer Proof replay took 5.3ms 
100834     DEBUG main            d.u.i.k.p.r.p.TestFile    ... success: reloaded. 
100835     INFO  main            d.u.i.k.p.r.p.TestFile    Now processing file /home/runner/work/key/key/key.core/../key.ui/examples/heap/SmansEtAl/Cell_getX_dep.key 
100835     INFO  main            d.u.i.k.p.i.AbstractProblemLoader Loading environment from /home/runner/work/key/key/key.core/../key.ui/examples/heap/SmansEtAl/Cell_getX_dep.key 
100835     DEBUG main            d.u.i.k.p.i.AbstractProblemLoader Environment load took 115.3ns 
100837     INFO  main            d.u.i.k.p.i.AbstractProblemLoader Creating init config 
104427     DEBUG main            d.u.i.k.p.i.AbstractProblemLoader Init config took 3.59s 
104471     INFO  main            d.u.i.k.p.i.AbstractProblemLoader Replaying proof Cell[Cell::getX()].JML accessible clause.0 
104473     DEBUG main            d.u.i.k.p.i.IntermediateProofReplayer Proof replay took 6.7ns 
104576     INFO  main            d.u.i.k.p.r.p.TestFile    ... finished proof: closed. 
104834     INFO  main            d.u.i.k.p.i.AbstractProblemLoader Loading environment from /home/runner/work/key/key/key.core/../key.ui/examples/heap/SmansEtAl/Cell_getX_dep.key.proof 
104834     DEBUG main            d.u.i.k.p.i.AbstractProblemLoader Environment load took 147.8ns 
104837     INFO  main            d.u.i.k.p.i.AbstractProblemLoader Creating init config 
108410     DEBUG main            d.u.i.k.p.i.AbstractProblemLoader Init config took 3.57s 
108453     INFO  main            d.u.i.k.p.i.AbstractProblemLoader Replaying proof Cell[Cell::getX()].JML accessible clause.0 
108479     DEBUG main            d.u.i.k.p.i.IntermediateProofReplayer Proof replay took 22.16ms 
108482     DEBUG main            d.u.i.k.p.r.p.TestFile    ... success: reloaded. 
108487     INFO  main            d.u.i.k.p.r.p.TestFile    Now processing file /home/runner/work/key/key/key.core/../key.ui/examples/heap/SmansEtAl/Cell_getX.key 
108487     INFO  main            d.u.i.k.p.i.AbstractProblemLoader Loading environment from /home/runner/work/key/key/key.core/../key.ui/examples/heap/SmansEtAl/Cell_getX.key 
108488     DEBUG main            d.u.i.k.p.i.AbstractProblemLoader Environment load took 190.5ns 
108489     INFO  main            d.u.i.k.p.i.AbstractProblemLoader Creating init config 
112010     DEBUG main            d.u.i.k.p.i.AbstractProblemLoader Init config took 3.52s 
112052     INFO  main            d.u.i.k.p.i.AbstractProblemLoader Replaying proof Cell[Cell::getX()].JML normal_behavior operation contract.0 
112054     DEBUG main            d.u.i.k.p.i.IntermediateProofReplayer Proof replay took 6.5ns 
112158     INFO  main            d.u.i.k.p.r.p.TestFile    ... finished proof: closed. 
112420     INFO  main            d.u.i.k.p.i.AbstractProblemLoader Loading environment from /home/runner/work/key/key/key.core/../key.ui/examples/heap/SmansEtAl/Cell_getX.key.proof 
112421     DEBUG main            d.u.i.k.p.i.AbstractProblemLoader Environment load took 159ns 
112422     INFO  main            d.u.i.k.p.i.AbstractProblemLoader Creating init config 
115906     DEBUG main            d.u.i.k.p.i.AbstractProblemLoader Init config took 3.48s 
115950     INFO  main            d.u.i.k.p.i.AbstractProblemLoader Replaying proof Cell[Cell::getX()].JML normal_behavior operation contract.0 
115968     DEBUG main            d.u.i.k.p.i.IntermediateProofReplayer Proof replay took 16.39ms 
115970     DEBUG main            d.u.i.k.p.r.p.TestFile    ... success: reloaded. 
115971     INFO  main            d.u.i.k.p.r.p.TestFile    Now processing file /home/runner/work/key/key/key.core/../key.ui/examples/heap/SmansEtAl/Cell_inv.key 
115972     INFO  main            d.u.i.k.p.i.AbstractProblemLoader Loading environment from /home/runner/work/key/key/key.core/../key.ui/examples/heap/SmansEtAl/Cell_inv.key 
115972     DEBUG main            d.u.i.k.p.i.AbstractProblemLoader Environment load took 351.7ns 
115973     INFO  main            d.u.i.k.p.i.AbstractProblemLoader Creating init config 
119550     DEBUG main            d.u.i.k.p.i.AbstractProblemLoader Init config took 3.58s 
119596     INFO  main            d.u.i.k.p.i.AbstractProblemLoader Replaying proof Cell[java.lang.Object::<inv>()].JML accessible clause.0 
119599     DEBUG main            d.u.i.k.p.i.IntermediateProofReplayer Proof replay took 7.4ns 
119702     INFO  main            d.u.i.k.p.r.p.TestFile    ... finished proof: closed. 
119977     INFO  main            d.u.i.k.p.i.AbstractProblemLoader Loading environment from /home/runner/work/key/key/key.core/../key.ui/examples/heap/SmansEtAl/Cell_inv.key.proof 
119977     DEBUG main            d.u.i.k.p.i.AbstractProblemLoader Environment load took 156ns 
119978     INFO  main            d.u.i.k.p.i.AbstractProblemLoader Creating init config 
123459     DEBUG main            d.u.i.k.p.i.AbstractProblemLoader Init config took 3.48s 
123505     INFO  main            d.u.i.k.p.i.AbstractProblemLoader Replaying proof Cell[java.lang.Object::<inv>()].JML accessible clause.0 
123510     DEBUG main            d.u.i.k.p.i.IntermediateProofReplayer Proof replay took 2.66ms 
123511     DEBUG main            d.u.i.k.p.r.p.TestFile    ... success: reloaded. 
123512     INFO  main            d.u.i.k.p.r.p.TestFile    Now processing file /home/runner/work/key/key/key.core/../key.ui/examples/heap/SmansEtAl/Cell_setX.key 
123512     INFO  main            d.u.i.k.p.i.AbstractProblemLoader Loading environment from /home/runner/work/key/key/key.core/../key.ui/examples/heap/SmansEtAl/Cell_setX.key 
123513     DEBUG main            d.u.i.k.p.i.AbstractProblemLoader Environment load took 87ns 
123514     INFO  main            d.u.i.k.p.i.AbstractProblemLoader Creating init config 
127161     DEBUG main            d.u.i.k.p.i.AbstractProblemLoader Init config took 3.65s 
127204     INFO  main            d.u.i.k.p.i.AbstractProblemLoader Replaying proof Cell[Cell::setX(int)].JML normal_behavior operation contract.0 
127206     DEBUG main            d.u.i.k.p.i.IntermediateProofReplayer Proof replay took 7.2ns 
127410     INFO  main            d.u.i.k.p.r.p.TestFile    ... finished proof: closed. 
127680     INFO  main            d.u.i.k.p.i.AbstractProblemLoader Loading environment from /home/runner/work/key/key/key.core/../key.ui/examples/heap/SmansEtAl/Cell_setX.key.proof 
127680     DEBUG main            d.u.i.k.p.i.AbstractProblemLoader Environment load took 134.1ns 
127681     INFO  main            d.u.i.k.p.i.AbstractProblemLoader Creating init config 
131212     DEBUG main            d.u.i.k.p.i.AbstractProblemLoader Init config took 3.53s 
131255     INFO  main            d.u.i.k.p.i.AbstractProblemLoader Replaying proof Cell[Cell::setX(int)].JML normal_behavior operation contract.0 
131287     DEBUG main            d.u.i.k.p.i.IntermediateProofReplayer Proof replay took 29.49ms 
131289     DEBUG main            d.u.i.k.p.r.p.TestFile    ... success: reloaded. 
131290     INFO  main            d.u.i.k.p.r.p.TestFile    Now processing file /home/runner/work/key/key/key.core/../key.ui/examples/heap/SmansEtAl/CellClient_m.key 
131291     INFO  main            d.u.i.k.p.i.AbstractProblemLoader Loading environment from /home/runner/work/key/key/key.core/../key.ui/examples/heap/SmansEtAl/CellClient_m.key 
131292     DEBUG main            d.u.i.k.p.i.AbstractProblemLoader Environment load took 901ns 
131293     INFO  main            d.u.i.k.p.i.AbstractProblemLoader Creating init config 
134811     DEBUG main            d.u.i.k.p.i.AbstractProblemLoader Init config took 3.52s 
134875     INFO  main            d.u.i.k.p.i.AbstractProblemLoader Replaying proof CellClient[CellClient::m()].JML operation contract.0 
134876     DEBUG main            d.u.i.k.p.i.IntermediateProofReplayer Proof replay took 6.4ns 
135582     INFO  main            d.u.i.k.p.r.p.TestFile    ... finished proof: closed. 
135915     INFO  main            d.u.i.k.p.i.AbstractProblemLoader Loading environment from /home/runner/work/key/key/key.core/../key.ui/examples/heap/SmansEtAl/CellClient_m.key.proof 
135920     DEBUG main            d.u.i.k.p.i.AbstractProblemLoader Environment load took 5.11ms 
135922     INFO  main            d.u.i.k.p.i.AbstractProblemLoader Creating init config 
139423     DEBUG main            d.u.i.k.p.i.AbstractProblemLoader Init config took 3.5s 
139469     INFO  main            d.u.i.k.p.i.AbstractProblemLoader Replaying proof CellClient[CellClient::m()].JML operation contract.0 
139631     DEBUG main            d.u.i.k.p.i.IntermediateProofReplayer Proof replay took 157.88ms 
139633     DEBUG main            d.u.i.k.p.r.p.TestFile    ... success: reloaded. 
139635     INFO  main            d.u.i.k.p.r.p.TestFile    Now processing file /home/runner/work/key/key/key.core/../key.ui/examples/heap/SmansEtAl/Iterator_footprint.key 
139635     INFO  main            d.u.i.k.p.i.AbstractProblemLoader Loading environment from /home/runner/work/key/key/key.core/../key.ui/examples/heap/SmansEtAl/Iterator_footprint.key 
139635     DEBUG main            d.u.i.k.p.i.AbstractProblemLoader Environment load took 133.7ns 
139637     INFO  main            d.u.i.k.p.i.AbstractProblemLoader Creating init config 
143237     DEBUG main            d.u.i.k.p.i.AbstractProblemLoader Init config took 3.6s 
143288     INFO  main            d.u.i.k.p.i.AbstractProblemLoader Replaying proof Iterator[Iterator::$footprint()].JML accessible clause.0 
143290     DEBUG main            d.u.i.k.p.i.IntermediateProofReplayer Proof replay took 7.6ns 
143393     INFO  main            d.u.i.k.p.r.p.TestFile    ... finished proof: closed. 
143731     INFO  main            d.u.i.k.p.i.AbstractProblemLoader Loading environment from /home/runner/work/key/key/key.core/../key.ui/examples/heap/SmansEtAl/Iterator_footprint.key.proof 
143731     DEBUG main            d.u.i.k.p.i.AbstractProblemLoader Environment load took 134.6ns 
143732     INFO  main            d.u.i.k.p.i.AbstractProblemLoader Creating init config 
147136     DEBUG main            d.u.i.k.p.i.AbstractProblemLoader Init config took 3.4s 
147190     INFO  main            d.u.i.k.p.i.AbstractProblemLoader Replaying proof Iterator[Iterator::$footprint()].JML accessible clause.0 
147208     DEBUG main            d.u.i.k.p.i.IntermediateProofReplayer Proof replay took 11.66ms 
147209     DEBUG main            d.u.i.k.p.r.p.TestFile    ... success: reloaded. 
147211     INFO  main            d.u.i.k.p.r.p.TestFile    Now processing file /home/runner/work/key/key/key.core/../key.ui/examples/heap/SmansEtAl/Iterator_hasNext_dep.key 
147212     INFO  main            d.u.i.k.p.i.AbstractProblemLoader Loading environment from /home/runner/work/key/key/key.core/../key.ui/examples/heap/SmansEtAl/Iterator_hasNext_dep.key 
147212     DEBUG main            d.u.i.k.p.i.AbstractProblemLoader Environment load took 182.3ns 
147213     INFO  main            d.u.i.k.p.i.AbstractProblemLoader Creating init config 
150723     DEBUG main            d.u.i.k.p.i.AbstractProblemLoader Init config took 3.51s 
150768     INFO  main            d.u.i.k.p.i.AbstractProblemLoader Replaying proof Iterator[Iterator::hasNext()].JML accessible clause.0 
150770     DEBUG main            d.u.i.k.p.i.IntermediateProofReplayer Proof replay took 7.4ns 
151576     INFO  main            d.u.i.k.p.r.p.TestFile    ... finished proof: closed. 
152019     INFO  main            d.u.i.k.p.i.AbstractProblemLoader Loading environment from /home/runner/work/key/key/key.core/../key.ui/examples/heap/SmansEtAl/Iterator_hasNext_dep.key.proof 
152019     DEBUG main            d.u.i.k.p.i.AbstractProblemLoader Environment load took 154.1ns 
152020     INFO  main            d.u.i.k.p.i.AbstractProblemLoader Creating init config 
155479     DEBUG main            d.u.i.k.p.i.AbstractProblemLoader Init config took 3.46s 
155526     INFO  main            d.u.i.k.p.i.AbstractProblemLoader Replaying proof Iterator[Iterator::hasNext()].JML accessible clause.0 
155657     DEBUG main            d.u.i.k.p.i.IntermediateProofReplayer Proof replay took 124.97ms 
155659     DEBUG main            d.u.i.k.p.r.p.TestFile    ... success: reloaded. 
155660     INFO  main            d.u.i.k.p.r.p.TestFile    Now processing file /home/runner/work/key/key/key.core/../key.ui/examples/heap/SmansEtAl/Iterator_hasNext.key 
155661     INFO  main            d.u.i.k.p.i.AbstractProblemLoader Loading environment from /home/runner/work/key/key/key.core/../key.ui/examples/heap/SmansEtAl/Iterator_hasNext.key 
155661     DEBUG main            d.u.i.k.p.i.AbstractProblemLoader Environment load took 246.1ns 
155662     INFO  main            d.u.i.k.p.i.AbstractProblemLoader Creating init config 
159203     DEBUG main            d.u.i.k.p.i.AbstractProblemLoader Init config took 3.54s 
159249     INFO  main            d.u.i.k.p.i.AbstractProblemLoader Replaying proof Iterator[Iterator::hasNext()].JML normal_behavior operation contract.0 
159254     DEBUG main            d.u.i.k.p.i.IntermediateProofReplayer Proof replay took 7.9ns 
159959     INFO  main            d.u.i.k.p.r.p.TestFile    ... finished proof: closed. 
160286     INFO  main            d.u.i.k.p.i.AbstractProblemLoader Loading environment from /home/runner/work/key/key/key.core/../key.ui/examples/heap/SmansEtAl/Iterator_hasNext.key.proof 
160286     DEBUG main            d.u.i.k.p.i.AbstractProblemLoader Environment load took 152.3ns 
160288     INFO  main            d.u.i.k.p.i.AbstractProblemLoader Creating init config 
163737     DEBUG main            d.u.i.k.p.i.AbstractProblemLoader Init config took 3.45s 
163785     INFO  main            d.u.i.k.p.i.AbstractProblemLoader Replaying proof Iterator[Iterator::hasNext()].JML normal_behavior operation contract.0 
163922     DEBUG main            d.u.i.k.p.i.IntermediateProofReplayer Proof replay took 130.62ms 
163924     DEBUG main            d.u.i.k.p.r.p.TestFile    ... success: reloaded. 
163925     INFO  main            d.u.i.k.p.r.p.TestFile    Now processing file /home/runner/work/key/key/key.core/../key.ui/examples/heap/SmansEtAl/Iterator_inv.key 
163926     INFO  main            d.u.i.k.p.i.AbstractProblemLoader Loading environment from /home/runner/work/key/key/key.core/../key.ui/examples/heap/SmansEtAl/Iterator_inv.key 
163926     DEBUG main            d.u.i.k.p.i.AbstractProblemLoader Environment load took 144.6ns 
163927     INFO  main            d.u.i.k.p.i.AbstractProblemLoader Creating init config 
167406     DEBUG main            d.u.i.k.p.i.AbstractProblemLoader Init config took 3.48s 
167450     INFO  main            d.u.i.k.p.i.AbstractProblemLoader Replaying proof Iterator[java.lang.Object::<inv>()].JML accessible clause.0 
167452     DEBUG main            d.u.i.k.p.i.IntermediateProofReplayer Proof replay took 6.9ns 
167658     INFO  main            d.u.i.k.p.r.p.TestFile    ... finished proof: closed. 
167996     INFO  main            d.u.i.k.p.i.AbstractProblemLoader Loading environment from /home/runner/work/key/key/key.core/../key.ui/examples/heap/SmansEtAl/Iterator_inv.key.proof 
167997     DEBUG main            d.u.i.k.p.i.AbstractProblemLoader Environment load took 748.5ns 
167999     INFO  main            d.u.i.k.p.i.AbstractProblemLoader Creating init config 
171496     DEBUG main            d.u.i.k.p.i.AbstractProblemLoader Init config took 3.5s 
171541     INFO  main            d.u.i.k.p.i.AbstractProblemLoader Replaying proof Iterator[java.lang.Object::<inv>()].JML accessible clause.0 
171579     DEBUG main            d.u.i.k.p.i.IntermediateProofReplayer Proof replay took 34.66ms 
171580     DEBUG main            d.u.i.k.p.r.p.TestFile    ... success: reloaded. 
171581     INFO  main            d.u.i.k.p.r.p.TestFile    Now processing file /home/runner/work/key/key/key.core/../key.ui/examples/heap/SmansEtAl/Iterator_Iterator.key 
171582     INFO  main            d.u.i.k.p.i.AbstractProblemLoader Loading environment from /home/runner/work/key/key/key.core/../key.ui/examples/heap/SmansEtAl/Iterator_Iterator.key 
171582     DEBUG main            d.u.i.k.p.i.AbstractProblemLoader Environment load took 110.3ns 
171583     INFO  main            d.u.i.k.p.i.AbstractProblemLoader Creating init config 
175064     DEBUG main            d.u.i.k.p.i.AbstractProblemLoader Init config took 3.48s 
175109     INFO  main            d.u.i.k.p.i.AbstractProblemLoader Replaying proof Iterator[Iterator::Iterator(ArrayList)].JML normal_behavior operation contract.0 
175111     DEBUG main            d.u.i.k.p.i.IntermediateProofReplayer Proof replay took 6.7ns 
176819     INFO  main            d.u.i.k.p.r.p.TestFile    ... finished proof: closed. 
177184     INFO  main            d.u.i.k.p.i.AbstractProblemLoader Loading environment from /home/runner/work/key/key/key.core/../key.ui/examples/heap/SmansEtAl/Iterator_Iterator.key.proof 
177184     DEBUG main            d.u.i.k.p.i.AbstractProblemLoader Environment load took 653.1ns 
177186     INFO  main            d.u.i.k.p.i.AbstractProblemLoader Creating init config 
180692     DEBUG main            d.u.i.k.p.i.AbstractProblemLoader Init config took 3.51s 
180737     INFO  main            d.u.i.k.p.i.AbstractProblemLoader Replaying proof Iterator[Iterator::Iterator(ArrayList)].JML normal_behavior operation contract.0 
181026     DEBUG main            d.u.i.k.p.i.IntermediateProofReplayer Proof replay took 273.62ms 
181028     DEBUG main            d.u.i.k.p.r.p.TestFile    ... success: reloaded. 
181029     INFO  main            d.u.i.k.p.r.p.TestFile    Now processing file /home/runner/work/key/key/key.core/../key.ui/examples/heap/SmansEtAl/Iterator_list_dep.key 
181030     INFO  main            d.u.i.k.p.i.AbstractProblemLoader Loading environment from /home/runner/work/key/key/key.core/../key.ui/examples/heap/SmansEtAl/Iterator_list_dep.key 
181030     DEBUG main            d.u.i.k.p.i.AbstractProblemLoader Environment load took 242.4ns 
181031     INFO  main            d.u.i.k.p.i.AbstractProblemLoader Creating init config 
184526     DEBUG main            d.u.i.k.p.i.AbstractProblemLoader Init config took 3.49s 
184570     INFO  main            d.u.i.k.p.i.AbstractProblemLoader Replaying proof Iterator[Iterator::list()].JML accessible clause.0 
184573     DEBUG main            d.u.i.k.p.i.IntermediateProofReplayer Proof replay took 8.5ns 
184678     INFO  main            d.u.i.k.p.r.p.TestFile    ... finished proof: closed. 
185030     INFO  main            d.u.i.k.p.i.AbstractProblemLoader Loading environment from /home/runner/work/key/key/key.core/../key.ui/examples/heap/SmansEtAl/Iterator_list_dep.key.proof 
185030     DEBUG main            d.u.i.k.p.i.AbstractProblemLoader Environment load took 129.4ns 
185031     INFO  main            d.u.i.k.p.i.AbstractProblemLoader Creating init config 
188495     DEBUG main            d.u.i.k.p.i.AbstractProblemLoader Init config took 3.46s 
188540     INFO  main            d.u.i.k.p.i.AbstractProblemLoader Replaying proof Iterator[Iterator::list()].JML accessible clause.0 
188566     DEBUG main            d.u.i.k.p.i.IntermediateProofReplayer Proof replay took 23.29ms 
188568     DEBUG main            d.u.i.k.p.r.p.TestFile    ... success: reloaded. 
188569     INFO  main            d.u.i.k.p.r.p.TestFile    Now processing file /home/runner/work/key/key/key.core/../key.ui/examples/heap/SmansEtAl/Iterator_list.key 
188570     INFO  main            d.u.i.k.p.i.AbstractProblemLoader Loading environment from /home/runner/work/key/key/key.core/../key.ui/examples/heap/SmansEtAl/Iterator_list.key 
188570     DEBUG main            d.u.i.k.p.i.AbstractProblemLoader Environment load took 237.4ns 
188571     INFO  main            d.u.i.k.p.i.AbstractProblemLoader Creating init config 
192166     DEBUG main            d.u.i.k.p.i.AbstractProblemLoader Init config took 3.59s 
192211     INFO  main            d.u.i.k.p.i.AbstractProblemLoader Replaying proof Iterator[Iterator::list()].JML normal_behavior operation contract.0 
192214     DEBUG main            d.u.i.k.p.i.IntermediateProofReplayer Proof replay took 8.1ns 
192317     INFO  main            d.u.i.k.p.r.p.TestFile    ... finished proof: closed. 
192681     INFO  main            d.u.i.k.p.i.AbstractProblemLoader Loading environment from /home/runner/work/key/key/key.core/../key.ui/examples/heap/SmansEtAl/Iterator_list.key.proof 
192681     DEBUG main            d.u.i.k.p.i.AbstractProblemLoader Environment load took 149.6ns 
192682     INFO  main            d.u.i.k.p.i.AbstractProblemLoader Creating init config 
196159     DEBUG main            d.u.i.k.p.i.AbstractProblemLoader Init config took 3.48s 
196206     INFO  main            d.u.i.k.p.i.AbstractProblemLoader Replaying proof Iterator[Iterator::list()].JML normal_behavior operation contract.0 
196227     DEBUG main            d.u.i.k.p.i.IntermediateProofReplayer Proof replay took 18.87ms 
196228     DEBUG main            d.u.i.k.p.r.p.TestFile    ... success: reloaded. 
196229     INFO  main            d.u.i.k.p.r.p.TestFile    Now processing file /home/runner/work/key/key/key.core/../key.ui/examples/heap/SmansEtAl/Iterator_next.key 
196230     INFO  main            d.u.i.k.p.i.AbstractProblemLoader Loading environment from /home/runner/work/key/key/key.core/../key.ui/examples/heap/SmansEtAl/Iterator_next.key 
196230     DEBUG main            d.u.i.k.p.i.AbstractProblemLoader Environment load took 93.9ns 
196231     INFO  main            d.u.i.k.p.i.AbstractProblemLoader Creating init config 
199709     DEBUG main            d.u.i.k.p.i.AbstractProblemLoader Init config took 3.48s 
199755     INFO  main            d.u.i.k.p.i.AbstractProblemLoader Replaying proof Iterator[Iterator::next()].JML normal_behavior operation contract.0 
199759     DEBUG main            d.u.i.k.p.i.IntermediateProofReplayer Proof replay took 6.9ns 
203536     INFO  main            d.u.i.k.p.r.p.TestFile    ... finished proof: closed. 
203925     INFO  main            d.u.i.k.p.i.AbstractProblemLoader Loading environment from /home/runner/work/key/key/key.core/../key.ui/examples/heap/SmansEtAl/Iterator_next.key.proof 
203925     DEBUG main            d.u.i.k.p.i.AbstractProblemLoader Environment load took 354.3ns 
203927     INFO  main            d.u.i.k.p.i.AbstractProblemLoader Creating init config 
207342     DEBUG main            d.u.i.k.p.i.AbstractProblemLoader Init config took 3.41s 
207386     INFO  main            d.u.i.k.p.i.AbstractProblemLoader Replaying proof Iterator[Iterator::next()].JML normal_behavior operation contract.0 
207821     DEBUG main            d.u.i.k.p.i.IntermediateProofReplayer Proof replay took 414.49ms 
207823     DEBUG main            d.u.i.k.p.r.p.TestFile    ... success: reloaded. 
207824     INFO  main            d.u.i.k.p.r.p.TestFile    Now processing file /home/runner/work/key/key/key.core/../key.ui/examples/heap/SmansEtAl/Stack_footprint.key 
207824     INFO  main            d.u.i.k.p.i.AbstractProblemLoader Loading environment from /home/runner/work/key/key/key.core/../key.ui/examples/heap/SmansEtAl/Stack_footprint.key 
207824     DEBUG main            d.u.i.k.p.i.AbstractProblemLoader Environment load took 123.5ns 
207825     INFO  main            d.u.i.k.p.i.AbstractProblemLoader Creating init config 
211345     DEBUG main            d.u.i.k.p.i.AbstractProblemLoader Init config took 3.52s 
211390     INFO  main            d.u.i.k.p.i.AbstractProblemLoader Replaying proof Stack[Stack::$footprint()].JML accessible clause.0 
211392     DEBUG main            d.u.i.k.p.i.IntermediateProofReplayer Proof replay took 7.9ns 
211699     INFO  main            d.u.i.k.p.r.p.TestFile    ... finished proof: closed. 
212058     INFO  main            d.u.i.k.p.i.AbstractProblemLoader Loading environment from /home/runner/work/key/key/key.core/../key.ui/examples/heap/SmansEtAl/Stack_footprint.key.proof 
212059     DEBUG main            d.u.i.k.p.i.AbstractProblemLoader Environment load took 685.9ns 
212060     INFO  main            d.u.i.k.p.i.AbstractProblemLoader Creating init config 
215549     DEBUG main            d.u.i.k.p.i.AbstractProblemLoader Init config took 3.49s 
215593     INFO  main            d.u.i.k.p.i.AbstractProblemLoader Replaying proof Stack[Stack::$footprint()].JML accessible clause.0 
215638     DEBUG main            d.u.i.k.p.i.IntermediateProofReplayer Proof replay took 41ms 
215639     DEBUG main            d.u.i.k.p.r.p.TestFile    ... success: reloaded. 
215643     INFO  main            d.u.i.k.p.r.p.TestFile    Now processing file /home/runner/work/key/key/key.core/../key.ui/examples/heap/SmansEtAl/Stack_inv.key 
215643     INFO  main            d.u.i.k.p.i.AbstractProblemLoader Loading environment from /home/runner/work/key/key/key.core/../key.ui/examples/heap/SmansEtAl/Stack_inv.key 
215644     DEBUG main            d.u.i.k.p.i.AbstractProblemLoader Environment load took 390.2ns 
215646     INFO  main            d.u.i.k.p.i.AbstractProblemLoader Creating init config 
219192     DEBUG main            d.u.i.k.p.i.AbstractProblemLoader Init config took 3.55s 
219236     INFO  main            d.u.i.k.p.i.AbstractProblemLoader Replaying proof Stack[java.lang.Object::<inv>()].JML accessible clause.0 
219238     DEBUG main            d.u.i.k.p.i.IntermediateProofReplayer Proof replay took 6.8ns 
219344     INFO  main            d.u.i.k.p.r.p.TestFile    ... finished proof: closed. 
219711     INFO  main            d.u.i.k.p.i.AbstractProblemLoader Loading environment from /home/runner/work/key/key/key.core/../key.ui/examples/heap/SmansEtAl/Stack_inv.key.proof 
219712     DEBUG main            d.u.i.k.p.i.AbstractProblemLoader Environment load took 112.5ns 
219713     INFO  main            d.u.i.k.p.i.AbstractProblemLoader Creating init config 
223134     DEBUG main            d.u.i.k.p.i.AbstractProblemLoader Init config took 3.42s 
223178     INFO  main            d.u.i.k.p.i.AbstractProblemLoader Replaying proof Stack[java.lang.Object::<inv>()].JML accessible clause.0 
223194     DEBUG main            d.u.i.k.p.i.IntermediateProofReplayer Proof replay took 13.22ms 
223195     DEBUG main            d.u.i.k.p.r.p.TestFile    ... success: reloaded. 
223196     INFO  main            d.u.i.k.p.r.p.TestFile    Now processing file /home/runner/work/key/key/key.core/../key.ui/examples/heap/SmansEtAl/Stack_push.key 
223197     INFO  main            d.u.i.k.p.i.AbstractProblemLoader Loading environment from /home/runner/work/key/key/key.core/../key.ui/examples/heap/SmansEtAl/Stack_push.key 
223197     DEBUG main            d.u.i.k.p.i.AbstractProblemLoader Environment load took 143.9ns 
223198     INFO  main            d.u.i.k.p.i.AbstractProblemLoader Creating init config 
226792     DEBUG main            d.u.i.k.p.i.AbstractProblemLoader Init config took 3.59s 
226836     INFO  main            d.u.i.k.p.i.AbstractProblemLoader Replaying proof Stack[Stack::push(java.lang.Object)].JML normal_behavior operation contract.0 
226838     DEBUG main            d.u.i.k.p.i.IntermediateProofReplayer Proof replay took 7.5ns 
227744     INFO  main            d.u.i.k.p.r.p.TestFile    ... finished proof: closed. 
228176     INFO  main            d.u.i.k.p.i.AbstractProblemLoader Loading environment from /home/runner/work/key/key/key.core/../key.ui/examples/heap/SmansEtAl/Stack_push.key.proof 
228177     DEBUG main            d.u.i.k.p.i.AbstractProblemLoader Environment load took 607.8ns 
228178     INFO  main            d.u.i.k.p.i.AbstractProblemLoader Creating init config 
231652     DEBUG main            d.u.i.k.p.i.AbstractProblemLoader Init config took 3.47s 
231699     INFO  main            d.u.i.k.p.i.AbstractProblemLoader Replaying proof Stack[Stack::push(java.lang.Object)].JML normal_behavior operation contract.0 
231863     DEBUG main            d.u.i.k.p.i.IntermediateProofReplayer Proof replay took 158.58ms 
231865     DEBUG main            d.u.i.k.p.r.p.TestFile    ... success: reloaded. 
231866     INFO  main            d.u.i.k.p.r.p.TestFile    Now processing file /home/runner/work/key/key/key.core/../key.ui/examples/heap/SmansEtAl/Stack_size.key 
231866     INFO  main            d.u.i.k.p.i.AbstractProblemLoader Loading environment from /home/runner/work/key/key/key.core/../key.ui/examples/heap/SmansEtAl/Stack_size.key 
231867     DEBUG main            d.u.i.k.p.i.AbstractProblemLoader Environment load took 323.7ns 
231868     INFO  main            d.u.i.k.p.i.AbstractProblemLoader Creating init config 
235381     DEBUG main            d.u.i.k.p.i.AbstractProblemLoader Init config took 3.51s 
235421     INFO  main            d.u.i.k.p.i.AbstractProblemLoader Replaying proof Stack[Stack::size()].JML accessible clause.0 
235423     DEBUG main            d.u.i.k.p.i.IntermediateProofReplayer Proof replay took 6.5ns 
235748     INFO  main            d.u.i.k.p.r.p.TestFile    ... finished proof: closed. 
236151     INFO  main            d.u.i.k.p.i.AbstractProblemLoader Loading environment from /home/runner/work/key/key/key.core/../key.ui/examples/heap/SmansEtAl/Stack_size.key.proof 
236151     DEBUG main            d.u.i.k.p.i.AbstractProblemLoader Environment load took 123.9ns 
236153     INFO  main            d.u.i.k.p.i.AbstractProblemLoader Creating init config 
239623     DEBUG main            d.u.i.k.p.i.AbstractProblemLoader Init config took 3.47s 
239668     INFO  main            d.u.i.k.p.i.AbstractProblemLoader Replaying proof Stack[Stack::size()].JML accessible clause.0 
239727     DEBUG main            d.u.i.k.p.i.IntermediateProofReplayer Proof replay took 55.07ms 
239728     DEBUG main            d.u.i.k.p.r.p.TestFile    ... success: reloaded. 
239729     INFO  main            d.u.i.k.p.r.p.TestFile    Now processing file /home/runner/work/key/key/key.core/../key.ui/examples/heap/SmansEtAl/Stack_Stack.key 
239730     INFO  main            d.u.i.k.p.i.AbstractProblemLoader Loading environment from /home/runner/work/key/key/key.core/../key.ui/examples/heap/SmansEtAl/Stack_Stack.key 
239730     DEBUG main            d.u.i.k.p.i.AbstractProblemLoader Environment load took 240.3ns 
239731     INFO  main            d.u.i.k.p.i.AbstractProblemLoader Creating init config 
243295     DEBUG main            d.u.i.k.p.i.AbstractProblemLoader Init config took 3.56s 
243343     INFO  main            d.u.i.k.p.i.AbstractProblemLoader Replaying proof Stack[Stack::Stack()].JML normal_behavior operation contract.0 
243346     DEBUG main            d.u.i.k.p.i.IntermediateProofReplayer Proof replay took 8ns 
244652     INFO  main            d.u.i.k.p.r.p.TestFile    ... finished proof: closed. 
245075     INFO  main            d.u.i.k.p.i.AbstractProblemLoader Loading environment from /home/runner/work/key/key/key.core/../key.ui/examples/heap/SmansEtAl/Stack_Stack.key.proof 
245075     DEBUG main            d.u.i.k.p.i.AbstractProblemLoader Environment load took 583.3ns 
245077     INFO  main            d.u.i.k.p.i.AbstractProblemLoader Creating init config 
248546     DEBUG main            d.u.i.k.p.i.AbstractProblemLoader Init config took 3.47s 
248586     INFO  main            d.u.i.k.p.i.AbstractProblemLoader Replaying proof Stack[Stack::Stack()].JML normal_behavior operation contract.0 
248837     DEBUG main            d.u.i.k.p.i.IntermediateProofReplayer Proof replay took 243.55ms 
248839     DEBUG main            d.u.i.k.p.r.p.TestFile    ... success: reloaded. 
248840     INFO  main            d.u.i.k.p.r.p.TestFile    Now processing file /home/runner/work/key/key/key.core/../key.ui/examples/heap/SmansEtAl/Stack_switchContents.key 
248841     INFO  main            d.u.i.k.p.i.AbstractProblemLoader Loading environment from /home/runner/work/key/key/key.core/../key.ui/examples/heap/SmansEtAl/Stack_switchContents.key 
248841     DEBUG main            d.u.i.k.p.i.AbstractProblemLoader Environment load took 100.7ns 
248842     INFO  main            d.u.i.k.p.i.AbstractProblemLoader Creating init config 
252346     DEBUG main            d.u.i.k.p.i.AbstractProblemLoader Init config took 3.5s 
252389     INFO  main            d.u.i.k.p.i.AbstractProblemLoader Replaying proof Stack[Stack::switchContents(Stack)].JML normal_behavior operation contract.0 
252391     DEBUG main            d.u.i.k.p.i.IntermediateProofReplayer Proof replay took 6.9ns 
258508     INFO  main            d.u.i.k.p.r.p.TestFile    ... finished proof: closed. 
258950     INFO  main            d.u.i.k.p.i.AbstractProblemLoader Loading environment from /home/runner/work/key/key/key.core/../key.ui/examples/heap/SmansEtAl/Stack_switchContents.key.proof 
258950     DEBUG main            d.u.i.k.p.i.AbstractProblemLoader Environment load took 681.4ns 
258953     INFO  main            d.u.i.k.p.i.AbstractProblemLoader Creating init config 
262318     DEBUG main            d.u.i.k.p.i.AbstractProblemLoader Init config took 3.37s 
262363     INFO  main            d.u.i.k.p.i.AbstractProblemLoader Replaying proof Stack[Stack::switchContents(Stack)].JML normal_behavior operation contract.0 
263016     DEBUG main            d.u.i.k.p.i.IntermediateProofReplayer Proof replay took 634.43ms 
263019     DEBUG main            d.u.i.k.p.r.p.TestFile    ... success: reloaded. 
2832149    INFO  Test worker     d.u.i.k.p.r.RunAllProofsTestUnit Returning from test SmansEtAl 
2832150    INFO  Test worker     d.u.i.k.p.r.RunAllProofsTestUnit Running test VACID0 
499        INFO  Timeout watchdog d.u.i.k.p.r.p.ForkedTestFileRunner Timeout watcher launched (2000 secs.) 
527        WARN  main            d.u.i.k.s.ProofSettings   The settings in /home/runner/.key/proof-settings.props are *not* read. 
587        INFO  main            d.u.i.k.p.r.p.TestFile    Now processing file /home/runner/work/key/key/key.core/../key.ui/examples/heap/vacid0_01_SparseArray/Harness_sparseArrayTestHarness1.key 
742        INFO  main            d.u.i.k.p.i.AbstractProblemLoader Loading environment from /home/runner/work/key/key/key.core/../key.ui/examples/heap/vacid0_01_SparseArray/Harness_sparseArrayTestHarness1.key 
764        DEBUG main            d.u.i.k.p.i.AbstractProblemLoader Environment load took 2.31ms 
1087       INFO  main            d.u.i.k.p.i.AbstractProblemLoader Creating init config 
2366       DEBUG main            d.u.i.k.j.TypeConverter   No LDT found for Meta 
2367       DEBUG main            d.u.i.k.j.TypeConverter   No LDT found for Meta 
2371       DEBUG main            d.u.i.k.j.TypeConverter   No LDT found for Meta 
2371       DEBUG main            d.u.i.k.j.TypeConverter   No LDT found for Meta 
4136       DEBUG main            d.u.i.k.j.TypeConverter   No LDT found for JavaBigintExpression 
11264      DEBUG main            d.u.i.k.p.i.AbstractProblemLoader Init config took 10.18s 
11431      INFO  main            d.u.i.k.p.i.AbstractProblemLoader Replaying proof Harness[Harness::sparseArrayTestHarness1()].JML normal_behavior operation contract.0 
11479      DEBUG main            d.u.i.k.p.i.IntermediateProofReplayer Proof replay took 38ns 
13821      INFO  main            d.u.i.k.p.r.p.TestFile    ... finished proof: closed. 
14005      INFO  main            d.u.i.k.p.i.AbstractProblemLoader Loading environment from /home/runner/work/key/key/key.core/../key.ui/examples/heap/vacid0_01_SparseArray/Harness_sparseArrayTestHarness1.key.proof 
14015      DEBUG main            d.u.i.k.p.i.AbstractProblemLoader Environment load took 10.4ms 
14018      INFO  main            d.u.i.k.p.i.AbstractProblemLoader Creating init config 
18055      DEBUG main            d.u.i.k.p.i.AbstractProblemLoader Init config took 4.04s 
18150      INFO  main            d.u.i.k.p.i.AbstractProblemLoader Replaying proof Harness[Harness::sparseArrayTestHarness1()].JML normal_behavior operation contract.0 
18441      DEBUG main            d.u.i.k.p.i.IntermediateProofReplayer Proof replay took 278.84ms 
18452      DEBUG main            d.u.i.k.p.r.p.TestFile    ... success: reloaded. 
18455      INFO  main            d.u.i.k.p.r.p.TestFile    Now processing file /home/runner/work/key/key/key.core/../key.ui/examples/heap/vacid0_01_SparseArray/Harness_sparseArrayTestHarness2.key 
18455      INFO  main            d.u.i.k.p.i.AbstractProblemLoader Loading environment from /home/runner/work/key/key/key.core/../key.ui/examples/heap/vacid0_01_SparseArray/Harness_sparseArrayTestHarness2.key 
18456      DEBUG main            d.u.i.k.p.i.AbstractProblemLoader Environment load took 305.1ns 
18458      INFO  main            d.u.i.k.p.i.AbstractProblemLoader Creating init config 
22433      DEBUG main            d.u.i.k.p.i.AbstractProblemLoader Init config took 3.97s 
22508      INFO  main            d.u.i.k.p.i.AbstractProblemLoader Replaying proof Harness[Harness::sparseArrayTestHarness2()].JML normal_behavior operation contract.0 
22514      DEBUG main            d.u.i.k.p.i.IntermediateProofReplayer Proof replay took 8.9ns 
36096      INFO  main            d.u.i.k.p.r.p.TestFile    ... finished proof: closed. 
36406      INFO  main            d.u.i.k.p.i.AbstractProblemLoader Loading environment from /home/runner/work/key/key/key.core/../key.ui/examples/heap/vacid0_01_SparseArray/Harness_sparseArrayTestHarness2.key.proof 
36407      DEBUG main            d.u.i.k.p.i.AbstractProblemLoader Environment load took 702.01ns 
36416      INFO  main            d.u.i.k.p.i.AbstractProblemLoader Creating init config 
40205      DEBUG main            d.u.i.k.p.i.AbstractProblemLoader Init config took 3.79s 
40270      INFO  main            d.u.i.k.p.i.AbstractProblemLoader Replaying proof Harness[Harness::sparseArrayTestHarness2()].JML normal_behavior operation contract.0 
41837      DEBUG main            d.u.i.k.p.i.IntermediateProofReplayer Proof replay took 1.51s 
41841      DEBUG main            d.u.i.k.p.r.p.TestFile    ... success: reloaded. 
41843      INFO  main            d.u.i.k.p.r.p.TestFile    Now processing file /home/runner/work/key/key/key.core/../key.ui/examples/heap/vacid0_01_SparseArray/MemoryAllocator_alloc_unsigned.key 
41844      INFO  main            d.u.i.k.p.i.AbstractProblemLoader Loading environment from /home/runner/work/key/key/key.core/../key.ui/examples/heap/vacid0_01_SparseArray/MemoryAllocator_alloc_unsigned.key 
41844      DEBUG main            d.u.i.k.p.i.AbstractProblemLoader Environment load took 273.8ns 
41849      INFO  main            d.u.i.k.p.i.AbstractProblemLoader Creating init config 
45674      DEBUG main            d.u.i.k.p.i.AbstractProblemLoader Init config took 3.83s 
45732      INFO  main            d.u.i.k.p.i.AbstractProblemLoader Replaying proof MemoryAllocator[MemoryAllocator::alloc_unsigned(int)].JML normal_behavior operation contract.0 
45734      DEBUG main            d.u.i.k.p.i.IntermediateProofReplayer Proof replay took 6.8ns 
47057      INFO  main            d.u.i.k.p.r.p.TestFile    ... finished proof: closed. 
47274      INFO  main            d.u.i.k.p.i.AbstractProblemLoader Loading environment from /home/runner/work/key/key/key.core/../key.ui/examples/heap/vacid0_01_SparseArray/MemoryAllocator_alloc_unsigned.key.proof 
47275      DEBUG main            d.u.i.k.p.i.AbstractProblemLoader Environment load took 640.71ns 
47277      INFO  main            d.u.i.k.p.i.AbstractProblemLoader Creating init config 
50994      DEBUG main            d.u.i.k.p.i.AbstractProblemLoader Init config took 3.72s 
51064      INFO  main            d.u.i.k.p.i.AbstractProblemLoader Replaying proof MemoryAllocator[MemoryAllocator::alloc_unsigned(int)].JML normal_behavior operation contract.0 
51354      DEBUG main            d.u.i.k.p.i.IntermediateProofReplayer Proof replay took 282.06ms 
51356      DEBUG main            d.u.i.k.p.r.p.TestFile    ... success: reloaded. 
51357      INFO  main            d.u.i.k.p.r.p.TestFile    Now processing file /home/runner/work/key/key/key.core/../key.ui/examples/heap/vacid0_01_SparseArray/MemoryAllocator_alloc.key 
51358      INFO  main            d.u.i.k.p.i.AbstractProblemLoader Loading environment from /home/runner/work/key/key/key.core/../key.ui/examples/heap/vacid0_01_SparseArray/MemoryAllocator_alloc.key 
51358      DEBUG main            d.u.i.k.p.i.AbstractProblemLoader Environment load took 475.11ns 
51359      INFO  main            d.u.i.k.p.i.AbstractProblemLoader Creating init config 
55038      DEBUG main            d.u.i.k.p.i.AbstractProblemLoader Init config took 3.68s 
55092      INFO  main            d.u.i.k.p.i.AbstractProblemLoader Replaying proof MemoryAllocator[MemoryAllocator::alloc(int)].JML normal_behavior operation contract.0 
55096      DEBUG main            d.u.i.k.p.i.IntermediateProofReplayer Proof replay took 6ns 
56001      INFO  main            d.u.i.k.p.r.p.TestFile    ... finished proof: closed. 
56233      INFO  main            d.u.i.k.p.i.AbstractProblemLoader Loading environment from /home/runner/work/key/key/key.core/../key.ui/examples/heap/vacid0_01_SparseArray/MemoryAllocator_alloc.key.proof 
56233      DEBUG main            d.u.i.k.p.i.AbstractProblemLoader Environment load took 625.41ns 
56235      INFO  main            d.u.i.k.p.i.AbstractProblemLoader Creating init config 
59863      DEBUG main            d.u.i.k.p.i.AbstractProblemLoader Init config took 3.63s 
59919      INFO  main            d.u.i.k.p.i.AbstractProblemLoader Replaying proof MemoryAllocator[MemoryAllocator::alloc(int)].JML normal_behavior operation contract.0 
60116      DEBUG main            d.u.i.k.p.i.IntermediateProofReplayer Proof replay took 191.37ms 
60119      DEBUG main            d.u.i.k.p.r.p.TestFile    ... success: reloaded. 
60121      INFO  main            d.u.i.k.p.r.p.TestFile    Now processing file /home/runner/work/key/key/key.core/../key.ui/examples/heap/vacid0_01_SparseArray/SparseArray_get_dep.key 
60121      INFO  main            d.u.i.k.p.i.AbstractProblemLoader Loading environment from /home/runner/work/key/key/key.core/../key.ui/examples/heap/vacid0_01_SparseArray/SparseArray_get_dep.key 
60121      DEBUG main            d.u.i.k.p.i.AbstractProblemLoader Environment load took 253.5ns 
60123      INFO  main            d.u.i.k.p.i.AbstractProblemLoader Creating init config 
63747      DEBUG main            d.u.i.k.p.i.AbstractProblemLoader Init config took 3.62s 
63856      INFO  main            d.u.i.k.p.i.AbstractProblemLoader Replaying proof SparseArray[SparseArray::get(int)].JML accessible clause.0 
63861      DEBUG main            d.u.i.k.p.i.IntermediateProofReplayer Proof replay took 8.1ns 
68209      INFO  main            d.u.i.k.p.r.p.TestFile    ... finished proof: closed. 
68589      INFO  main            d.u.i.k.p.i.AbstractProblemLoader Loading environment from /home/runner/work/key/key/key.core/../key.ui/examples/heap/vacid0_01_SparseArray/SparseArray_get_dep.key.proof 
68590      DEBUG main            d.u.i.k.p.i.AbstractProblemLoader Environment load took 191.5ns 
68591      INFO  main            d.u.i.k.p.i.AbstractProblemLoader Creating init config 
72208      DEBUG main            d.u.i.k.p.i.AbstractProblemLoader Init config took 3.62s 
72301      INFO  main            d.u.i.k.p.i.AbstractProblemLoader Replaying proof SparseArray[SparseArray::get(int)].JML accessible clause.0 
72782      DEBUG main            d.u.i.k.p.i.IntermediateProofReplayer Proof replay took 466.05ms 
72785      DEBUG main            d.u.i.k.p.r.p.TestFile    ... success: reloaded. 
72786      INFO  main            d.u.i.k.p.r.p.TestFile    Now processing file /home/runner/work/key/key/key.core/../key.ui/examples/heap/vacid0_01_SparseArray/SparseArray_get.key 
72787      INFO  main            d.u.i.k.p.i.AbstractProblemLoader Loading environment from /home/runner/work/key/key/key.core/../key.ui/examples/heap/vacid0_01_SparseArray/SparseArray_get.key 
72787      DEBUG main            d.u.i.k.p.i.AbstractProblemLoader Environment load took 293.4ns 
72789      INFO  main            d.u.i.k.p.i.AbstractProblemLoader Creating init config 
76330      DEBUG main            d.u.i.k.p.i.AbstractProblemLoader Init config took 3.54s 
76405      INFO  main            d.u.i.k.p.i.AbstractProblemLoader Replaying proof SparseArray[SparseArray::get(int)].JML normal_behavior operation contract.0 
76408      DEBUG main            d.u.i.k.p.i.IntermediateProofReplayer Proof replay took 9.3ns 
79394      INFO  main            d.u.i.k.p.r.p.TestFile    ... finished proof: closed. 
79651      INFO  main            d.u.i.k.p.i.AbstractProblemLoader Loading environment from /home/runner/work/key/key/key.core/../key.ui/examples/heap/vacid0_01_SparseArray/SparseArray_get.key.proof 
79652      DEBUG main            d.u.i.k.p.i.AbstractProblemLoader Environment load took 573.6ns 
79654      INFO  main            d.u.i.k.p.i.AbstractProblemLoader Creating init config 
83201      DEBUG main            d.u.i.k.p.i.AbstractProblemLoader Init config took 3.55s 
83274      INFO  main            d.u.i.k.p.i.AbstractProblemLoader Replaying proof SparseArray[SparseArray::get(int)].JML normal_behavior operation contract.0 
83695      DEBUG main            d.u.i.k.p.i.IntermediateProofReplayer Proof replay took 408.05ms 
83697      DEBUG main            d.u.i.k.p.r.p.TestFile    ... success: reloaded. 
83699      INFO  main            d.u.i.k.p.r.p.TestFile    Now processing file /home/runner/work/key/key/key.core/../key.ui/examples/heap/vacid0_01_SparseArray/SparseArray_inv.key 
83699      INFO  main            d.u.i.k.p.i.AbstractProblemLoader Loading environment from /home/runner/work/key/key/key.core/../key.ui/examples/heap/vacid0_01_SparseArray/SparseArray_inv.key 
83699      DEBUG main            d.u.i.k.p.i.AbstractProblemLoader Environment load took 268.8ns 
83701      INFO  main            d.u.i.k.p.i.AbstractProblemLoader Creating init config 
87280      DEBUG main            d.u.i.k.p.i.AbstractProblemLoader Init config took 3.58s 
87354      INFO  main            d.u.i.k.p.i.AbstractProblemLoader Replaying proof SparseArray[java.lang.Object::<inv>()].JML accessible clause.0 
87356      DEBUG main            d.u.i.k.p.i.IntermediateProofReplayer Proof replay took 8.8ns 
89956      INFO  main            d.u.i.k.p.r.p.TestFile    ... finished proof: closed. 
90196      INFO  main            d.u.i.k.p.i.AbstractProblemLoader Loading environment from /home/runner/work/key/key/key.core/../key.ui/examples/heap/vacid0_01_SparseArray/SparseArray_inv.key.proof 
90196      DEBUG main            d.u.i.k.p.i.AbstractProblemLoader Environment load took 154.9ns 
90197      INFO  main            d.u.i.k.p.i.AbstractProblemLoader Creating init config 
93685      DEBUG main            d.u.i.k.p.i.AbstractProblemLoader Init config took 3.49s 
93764      INFO  main            d.u.i.k.p.i.AbstractProblemLoader Replaying proof SparseArray[java.lang.Object::<inv>()].JML accessible clause.0 
93953      DEBUG main            d.u.i.k.p.i.IntermediateProofReplayer Proof replay took 181.88ms 
93955      DEBUG main            d.u.i.k.p.r.p.TestFile    ... success: reloaded. 
93956      INFO  main            d.u.i.k.p.r.p.TestFile    Now processing file /home/runner/work/key/key/key.core/../key.ui/examples/heap/vacid0_01_SparseArray/SparseArray_SparseArray.key 
93956      INFO  main            d.u.i.k.p.i.AbstractProblemLoader Loading environment from /home/runner/work/key/key/key.core/../key.ui/examples/heap/vacid0_01_SparseArray/SparseArray_SparseArray.key 
93957      DEBUG main            d.u.i.k.p.i.AbstractProblemLoader Environment load took 187.7ns 
93958      INFO  main            d.u.i.k.p.i.AbstractProblemLoader Creating init config 
97400      DEBUG main            d.u.i.k.p.i.AbstractProblemLoader Init config took 3.44s 
97471      INFO  main            d.u.i.k.p.i.AbstractProblemLoader Replaying proof SparseArray[SparseArray::SparseArray(int)].JML normal_behavior operation contract.0 
97474      DEBUG main            d.u.i.k.p.i.IntermediateProofReplayer Proof replay took 9.2ns 
102134     INFO  main            d.u.i.k.p.r.p.TestFile    ... finished proof: closed. 
102411     INFO  main            d.u.i.k.p.i.AbstractProblemLoader Loading environment from /home/runner/work/key/key/key.core/../key.ui/examples/heap/vacid0_01_SparseArray/SparseArray_SparseArray.key.proof 
102412     DEBUG main            d.u.i.k.p.i.AbstractProblemLoader Environment load took 483.1ns 
102414     INFO  main            d.u.i.k.p.i.AbstractProblemLoader Creating init config 
105889     DEBUG main            d.u.i.k.p.i.AbstractProblemLoader Init config took 3.47s 
105973     INFO  main            d.u.i.k.p.i.AbstractProblemLoader Replaying proof SparseArray[SparseArray::SparseArray(int)].JML normal_behavior operation contract.0 
106693     DEBUG main            d.u.i.k.p.i.IntermediateProofReplayer Proof replay took 706.06ms 
106694     DEBUG main            d.u.i.k.p.r.p.TestFile    ... success: reloaded. 
2939071    INFO  Test worker     d.u.i.k.p.r.RunAllProofsTestUnit Returning from test VACID0 
2939072    INFO  Test worker     d.u.i.k.p.r.RunAllProofsTestUnit Running test VSTTE10 
472        INFO  Timeout watchdog d.u.i.k.p.r.p.ForkedTestFileRunner Timeout watcher launched (2000 secs.) 
502        WARN  main            d.u.i.k.s.ProofSettings   The settings in /home/runner/.key/proof-settings.props are *not* read. 
567        INFO  main            d.u.i.k.p.r.p.TestFile    Now processing file /home/runner/work/key/key/key.core/../key.ui/examples/heap/vstte10_01_SumAndMax/SumAndMax_sumAndMax.key 
736        INFO  main            d.u.i.k.p.i.AbstractProblemLoader Loading environment from /home/runner/work/key/key/key.core/../key.ui/examples/heap/vstte10_01_SumAndMax/SumAndMax_sumAndMax.key 
769        DEBUG main            d.u.i.k.p.i.AbstractProblemLoader Environment load took 2.42ms 
1096       INFO  main            d.u.i.k.p.i.AbstractProblemLoader Creating init config 
2371       DEBUG main            d.u.i.k.j.TypeConverter   No LDT found for Meta 
2372       DEBUG main            d.u.i.k.j.TypeConverter   No LDT found for Meta 
2375       DEBUG main            d.u.i.k.j.TypeConverter   No LDT found for Meta 
2376       DEBUG main            d.u.i.k.j.TypeConverter   No LDT found for Meta 
4256       DEBUG main            d.u.i.k.j.TypeConverter   No LDT found for JavaBigintExpression 
10846      DEBUG main            d.u.i.k.p.i.AbstractProblemLoader Init config took 9.75s 
11077      INFO  main            d.u.i.k.p.i.AbstractProblemLoader Replaying proof SumAndMax[SumAndMax::sumAndMax([I)].JML normal_behavior operation contract.0 
11133      DEBUG main            d.u.i.k.p.i.IntermediateProofReplayer Proof replay took 59.7ns 
19199      INFO  main            d.u.i.k.p.r.p.TestFile    ... finished proof: closed. 
19439      INFO  main            d.u.i.k.p.i.AbstractProblemLoader Loading environment from /home/runner/work/key/key/key.core/../key.ui/examples/heap/vstte10_01_SumAndMax/SumAndMax_sumAndMax.key.proof 
19440      DEBUG main            d.u.i.k.p.i.AbstractProblemLoader Environment load took 979.01ns 
19448      INFO  main            d.u.i.k.p.i.AbstractProblemLoader Creating init config 
23259      DEBUG main            d.u.i.k.p.i.AbstractProblemLoader Init config took 3.81s 
23355      INFO  main            d.u.i.k.p.i.AbstractProblemLoader Replaying proof SumAndMax[SumAndMax::sumAndMax([I)].JML normal_behavior operation contract.0 
24388      DEBUG main            d.u.i.k.p.i.IntermediateProofReplayer Proof replay took 1s 
24398      DEBUG main            d.u.i.k.p.r.p.TestFile    ... success: reloaded. 
24400      INFO  main            d.u.i.k.p.r.p.TestFile    Now processing file /home/runner/work/key/key/key.core/../key.ui/examples/heap/vstte10_03_LinkedList/Node_cons.key 
24401      INFO  main            d.u.i.k.p.i.AbstractProblemLoader Loading environment from /home/runner/work/key/key/key.core/../key.ui/examples/heap/vstte10_03_LinkedList/Node_cons.key 
24401      DEBUG main            d.u.i.k.p.i.AbstractProblemLoader Environment load took 294.8ns 
24403      INFO  main            d.u.i.k.p.i.AbstractProblemLoader Creating init config 
28217      DEBUG main            d.u.i.k.p.i.AbstractProblemLoader Init config took 3.81s 
28323      INFO  main            d.u.i.k.p.i.AbstractProblemLoader Replaying proof Node[Node::cons(int,Node)].JML normal_behavior operation contract.0 
28330      DEBUG main            d.u.i.k.p.i.IntermediateProofReplayer Proof replay took 7.5ns 
30574      INFO  main            d.u.i.k.p.r.p.TestFile    ... finished proof: closed. 
30812      INFO  main            d.u.i.k.p.i.AbstractProblemLoader Loading environment from /home/runner/work/key/key/key.core/../key.ui/examples/heap/vstte10_03_LinkedList/Node_cons.key.proof 
30813      DEBUG main            d.u.i.k.p.i.AbstractProblemLoader Environment load took 611.3ns 
30817      INFO  main            d.u.i.k.p.i.AbstractProblemLoader Creating init config 
34409      DEBUG main            d.u.i.k.p.i.AbstractProblemLoader Init config took 3.59s 
34481      INFO  main            d.u.i.k.p.i.AbstractProblemLoader Replaying proof Node[Node::cons(int,Node)].JML normal_behavior operation contract.0 
34919      DEBUG main            d.u.i.k.p.i.IntermediateProofReplayer Proof replay took 405.63ms 
34921      DEBUG main            d.u.i.k.p.r.p.TestFile    ... success: reloaded. 
34923      INFO  main            d.u.i.k.p.r.p.TestFile    Now processing file /home/runner/work/key/key/key.core/../key.ui/examples/heap/vstte10_03_LinkedList/Node_inv.key 
34923      INFO  main            d.u.i.k.p.i.AbstractProblemLoader Loading environment from /home/runner/work/key/key/key.core/../key.ui/examples/heap/vstte10_03_LinkedList/Node_inv.key 
34924      DEBUG main            d.u.i.k.p.i.AbstractProblemLoader Environment load took 295.2ns 
34925      INFO  main            d.u.i.k.p.i.AbstractProblemLoader Creating init config 
38398      DEBUG main            d.u.i.k.p.i.AbstractProblemLoader Init config took 3.47s 
38474      INFO  main            d.u.i.k.p.i.AbstractProblemLoader Replaying proof Node[java.lang.Object::<inv>()].JML accessible clause.0 
38478      DEBUG main            d.u.i.k.p.i.IntermediateProofReplayer Proof replay took 17.2ns 
38983      INFO  main            d.u.i.k.p.r.p.TestFile    ... finished proof: closed. 
39185      INFO  main            d.u.i.k.p.i.AbstractProblemLoader Loading environment from /home/runner/work/key/key/key.core/../key.ui/examples/heap/vstte10_03_LinkedList/Node_inv.key.proof 
39185      DEBUG main            d.u.i.k.p.i.AbstractProblemLoader Environment load took 607.2ns 
39187      INFO  main            d.u.i.k.p.i.AbstractProblemLoader Creating init config 
42571      DEBUG main            d.u.i.k.p.i.AbstractProblemLoader Init config took 3.38s 
42637      INFO  main            d.u.i.k.p.i.AbstractProblemLoader Replaying proof Node[java.lang.Object::<inv>()].JML accessible clause.0 
42698      DEBUG main            d.u.i.k.p.i.IntermediateProofReplayer Proof replay took 55.44ms 
42700      DEBUG main            d.u.i.k.p.r.p.TestFile    ... success: reloaded. 
42701      INFO  main            d.u.i.k.p.r.p.TestFile    Now processing file /home/runner/work/key/key/key.core/../key.ui/examples/heap/vstte10_03_LinkedList/Node_search.key 
42702      INFO  main            d.u.i.k.p.i.AbstractProblemLoader Loading environment from /home/runner/work/key/key/key.core/../key.ui/examples/heap/vstte10_03_LinkedList/Node_search.key 
42702      DEBUG main            d.u.i.k.p.i.AbstractProblemLoader Environment load took 266.1ns 
42704      INFO  main            d.u.i.k.p.i.AbstractProblemLoader Creating init config 
46213      DEBUG main            d.u.i.k.p.i.AbstractProblemLoader Init config took 3.51s 
46282      INFO  main            d.u.i.k.p.i.AbstractProblemLoader Replaying proof Node[Node::search()].JML normal_behavior operation contract.0 
46285      DEBUG main            d.u.i.k.p.i.IntermediateProofReplayer Proof replay took 7.1ns 
54994      INFO  main            d.u.i.k.p.r.p.TestFile    ... finished proof: closed. 
55306      INFO  main            d.u.i.k.p.i.AbstractProblemLoader Loading environment from /home/runner/work/key/key/key.core/../key.ui/examples/heap/vstte10_03_LinkedList/Node_search.key.proof 
55307      DEBUG main            d.u.i.k.p.i.AbstractProblemLoader Environment load took 606.1ns 
55310      INFO  main            d.u.i.k.p.i.AbstractProblemLoader Creating init config 
58665      DEBUG main            d.u.i.k.p.i.AbstractProblemLoader Init config took 3.35s 
58730      INFO  main            d.u.i.k.p.i.AbstractProblemLoader Replaying proof Node[Node::search()].JML normal_behavior operation contract.0 
59767      DEBUG main            d.u.i.k.p.i.IntermediateProofReplayer Proof replay took 977.92ms 
59770      DEBUG main            d.u.i.k.p.r.p.TestFile    ... success: reloaded. 
59772      INFO  main            d.u.i.k.p.r.p.TestFile    Now processing file /home/runner/work/key/key/key.core/../key.ui/examples/heap/vstte10_04_Queens/Queens_isConsistent.key 
59772      INFO  main            d.u.i.k.p.i.AbstractProblemLoader Loading environment from /home/runner/work/key/key/key.core/../key.ui/examples/heap/vstte10_04_Queens/Queens_isConsistent.key 
59772      DEBUG main            d.u.i.k.p.i.AbstractProblemLoader Environment load took 268.2ns 
59774      INFO  main            d.u.i.k.p.i.AbstractProblemLoader Creating init config 
63624      DEBUG main            d.u.i.k.p.i.AbstractProblemLoader Init config took 3.85s 
63679      INFO  main            d.u.i.k.p.i.AbstractProblemLoader Replaying proof Queens[Queens::isConsistent([I,int)].JML normal_behavior operation contract.0 
63682      DEBUG main            d.u.i.k.p.i.IntermediateProofReplayer Proof replay took 6.7ns 
66232      INFO  main            d.u.i.k.p.r.p.TestFile    ... finished proof: closed. 
66525      INFO  main            d.u.i.k.p.i.AbstractProblemLoader Loading environment from /home/runner/work/key/key/key.core/../key.ui/examples/heap/vstte10_04_Queens/Queens_isConsistent.key.proof 
66525      DEBUG main            d.u.i.k.p.i.AbstractProblemLoader Environment load took 154.4ns 
66527      INFO  main            d.u.i.k.p.i.AbstractProblemLoader Creating init config 
70066      DEBUG main            d.u.i.k.p.i.AbstractProblemLoader Init config took 3.54s 
70137      INFO  main            d.u.i.k.p.i.AbstractProblemLoader Replaying proof Queens[Queens::isConsistent([I,int)].JML normal_behavior operation contract.0 
70736      DEBUG main            d.u.i.k.p.i.IntermediateProofReplayer Proof replay took 583.23ms 
70737      DEBUG main            d.u.i.k.p.r.p.TestFile    ... success: reloaded. 
70739      INFO  main            d.u.i.k.p.r.p.TestFile    Now processing file /home/runner/work/key/key/key.core/../key.ui/examples/heap/vstte10_04_Queens/Queens_nQueens.key 
70739      INFO  main            d.u.i.k.p.i.AbstractProblemLoader Loading environment from /home/runner/work/key/key/key.core/../key.ui/examples/heap/vstte10_04_Queens/Queens_nQueens.key 
70740      DEBUG main            d.u.i.k.p.i.AbstractProblemLoader Environment load took 299.8ns 
70741      INFO  main            d.u.i.k.p.i.AbstractProblemLoader Creating init config 
74301      DEBUG main            d.u.i.k.p.i.AbstractProblemLoader Init config took 3.56s 
74363      INFO  main            d.u.i.k.p.i.AbstractProblemLoader Replaying proof Queens[Queens::nQueens(int)].JML normal_behavior operation contract.0 
74366      DEBUG main            d.u.i.k.p.i.IntermediateProofReplayer Proof replay took 7.3ns 
92684      INFO  main            d.u.i.k.p.r.p.TestFile    ... finished proof: closed. 
92985      INFO  main            d.u.i.k.p.i.AbstractProblemLoader Loading environment from /home/runner/work/key/key/key.core/../key.ui/examples/heap/vstte10_04_Queens/Queens_nQueens.key.proof 
92986      DEBUG main            d.u.i.k.p.i.AbstractProblemLoader Environment load took 839.4ns 
92988      INFO  main            d.u.i.k.p.i.AbstractProblemLoader Creating init config 
96391      DEBUG main            d.u.i.k.p.i.AbstractProblemLoader Init config took 3.4s 
96456      INFO  main            d.u.i.k.p.i.AbstractProblemLoader Replaying proof Queens[Queens::nQueens(int)].JML normal_behavior operation contract.0 
97901      DEBUG main            d.u.i.k.p.i.IntermediateProofReplayer Proof replay took 1.42s 
97903      DEBUG main            d.u.i.k.p.r.p.TestFile    ... success: reloaded. 
97905      INFO  main            d.u.i.k.p.r.p.TestFile    Now processing file /home/runner/work/key/key/key.core/../key.ui/examples/heap/vstte10_05_Queue/AmortizedQueue_AmortizedQueue.key 
97905      INFO  main            d.u.i.k.p.i.AbstractProblemLoader Loading environment from /home/runner/work/key/key/key.core/../key.ui/examples/heap/vstte10_05_Queue/AmortizedQueue_AmortizedQueue.key 
97905      DEBUG main            d.u.i.k.p.i.AbstractProblemLoader Environment load took 261.7ns 
97907      INFO  main            d.u.i.k.p.i.AbstractProblemLoader Creating init config 
101616     DEBUG main            d.u.i.k.p.i.AbstractProblemLoader Init config took 3.71s 
101673     INFO  main            d.u.i.k.p.i.AbstractProblemLoader Replaying proof AmortizedQueue[AmortizedQueue::AmortizedQueue()].JML normal_behavior operation contract.0 
101675     DEBUG main            d.u.i.k.p.i.IntermediateProofReplayer Proof replay took 6.8ns 
103696     INFO  main            d.u.i.k.p.r.p.TestFile    ... finished proof: closed. 
103956     INFO  main            d.u.i.k.p.i.AbstractProblemLoader Loading environment from /home/runner/work/key/key/key.core/../key.ui/examples/heap/vstte10_05_Queue/AmortizedQueue_AmortizedQueue.key.proof 
103956     DEBUG main            d.u.i.k.p.i.AbstractProblemLoader Environment load took 543.3ns 
103958     INFO  main            d.u.i.k.p.i.AbstractProblemLoader Creating init config 
107386     DEBUG main            d.u.i.k.p.i.AbstractProblemLoader Init config took 3.43s 
107444     INFO  main            d.u.i.k.p.i.AbstractProblemLoader Replaying proof AmortizedQueue[AmortizedQueue::AmortizedQueue()].JML normal_behavior operation contract.0 
107797     DEBUG main            d.u.i.k.p.i.IntermediateProofReplayer Proof replay took 345.25ms 
107799     DEBUG main            d.u.i.k.p.r.p.TestFile    ... success: reloaded. 
107801     INFO  main            d.u.i.k.p.r.p.TestFile    Now processing file /home/runner/work/key/key/key.core/../key.ui/examples/heap/vstte10_05_Queue/AmortizedQueue_front.key 
107801     INFO  main            d.u.i.k.p.i.AbstractProblemLoader Loading environment from /home/runner/work/key/key/key.core/../key.ui/examples/heap/vstte10_05_Queue/AmortizedQueue_front.key 
107802     DEBUG main            d.u.i.k.p.i.AbstractProblemLoader Environment load took 257.5ns 
107803     INFO  main            d.u.i.k.p.i.AbstractProblemLoader Creating init config 
111334     DEBUG main            d.u.i.k.p.i.AbstractProblemLoader Init config took 3.53s 
111391     INFO  main            d.u.i.k.p.i.AbstractProblemLoader Replaying proof AmortizedQueue[AmortizedQueue::front()].JML normal_behavior operation contract.0 
111393     DEBUG main            d.u.i.k.p.i.IntermediateProofReplayer Proof replay took 6.1ns 
111999     INFO  main            d.u.i.k.p.r.p.TestFile    ... finished proof: closed. 
112252     INFO  main            d.u.i.k.p.i.AbstractProblemLoader Loading environment from /home/runner/work/key/key/key.core/../key.ui/examples/heap/vstte10_05_Queue/AmortizedQueue_front.key.proof 
112253     DEBUG main            d.u.i.k.p.i.AbstractProblemLoader Environment load took 868.2ns 
112254     INFO  main            d.u.i.k.p.i.AbstractProblemLoader Creating init config 
115779     DEBUG main            d.u.i.k.p.i.AbstractProblemLoader Init config took 3.52s 
115842     INFO  main            d.u.i.k.p.i.AbstractProblemLoader Replaying proof AmortizedQueue[AmortizedQueue::front()].JML normal_behavior operation contract.0 
115925     DEBUG main            d.u.i.k.p.i.IntermediateProofReplayer Proof replay took 78.69ms 
115926     DEBUG main            d.u.i.k.p.r.p.TestFile    ... success: reloaded. 
115928     INFO  main            d.u.i.k.p.r.p.TestFile    Now processing file /home/runner/work/key/key/key.core/../key.ui/examples/heap/vstte10_05_Queue/LinkedList_concat.key 
115928     INFO  main            d.u.i.k.p.i.AbstractProblemLoader Loading environment from /home/runner/work/key/key/key.core/../key.ui/examples/heap/vstte10_05_Queue/LinkedList_concat.key 
115928     DEBUG main            d.u.i.k.p.i.AbstractProblemLoader Environment load took 182.5ns 
115929     INFO  main            d.u.i.k.p.i.AbstractProblemLoader Creating init config 
119400     DEBUG main            d.u.i.k.p.i.AbstractProblemLoader Init config took 3.47s 
119474     INFO  main            d.u.i.k.p.i.AbstractProblemLoader Replaying proof LinkedList[LinkedList::concat(LinkedList)].JML normal_behavior operation contract.0 
119477     DEBUG main            d.u.i.k.p.i.IntermediateProofReplayer Proof replay took 6.6ns 
131353     INFO  main            d.u.i.k.p.r.p.TestFile    ... finished proof: closed. 
131716     INFO  main            d.u.i.k.p.i.AbstractProblemLoader Loading environment from /home/runner/work/key/key/key.core/../key.ui/examples/heap/vstte10_05_Queue/LinkedList_concat.key.proof 
131717     DEBUG main            d.u.i.k.p.i.AbstractProblemLoader Environment load took 665.9ns 
131721     INFO  main            d.u.i.k.p.i.AbstractProblemLoader Creating init config 
135116     DEBUG main            d.u.i.k.p.i.AbstractProblemLoader Init config took 3.4s 
135173     INFO  main            d.u.i.k.p.i.AbstractProblemLoader Replaying proof LinkedList[LinkedList::concat(LinkedList)].JML normal_behavior operation contract.0 
136361     DEBUG main            d.u.i.k.p.i.IntermediateProofReplayer Proof replay took 1.15s 
136364     DEBUG main            d.u.i.k.p.r.p.TestFile    ... success: reloaded. 
136366     INFO  main            d.u.i.k.p.r.p.TestFile    Now processing file /home/runner/work/key/key/key.core/../key.ui/examples/heap/vstte10_05_Queue/LinkedList_cons.key 
136366     INFO  main            d.u.i.k.p.i.AbstractProblemLoader Loading environment from /home/runner/work/key/key/key.core/../key.ui/examples/heap/vstte10_05_Queue/LinkedList_cons.key 
136366     DEBUG main            d.u.i.k.p.i.AbstractProblemLoader Environment load took 170ns 
136367     INFO  main            d.u.i.k.p.i.AbstractProblemLoader Creating init config 
139874     DEBUG main            d.u.i.k.p.i.AbstractProblemLoader Init config took 3.51s 
139934     INFO  main            d.u.i.k.p.i.AbstractProblemLoader Replaying proof LinkedList[LinkedList::cons(int)].JML normal_behavior operation contract.0 
139937     DEBUG main            d.u.i.k.p.i.IntermediateProofReplayer Proof replay took 7.4ns 
143249     INFO  main            d.u.i.k.p.r.p.TestFile    ... finished proof: closed. 
143619     INFO  main            d.u.i.k.p.i.AbstractProblemLoader Loading environment from /home/runner/work/key/key/key.core/../key.ui/examples/heap/vstte10_05_Queue/LinkedList_cons.key.proof 
143619     DEBUG main            d.u.i.k.p.i.AbstractProblemLoader Environment load took 158.6ns 
143622     INFO  main            d.u.i.k.p.i.AbstractProblemLoader Creating init config 
147006     DEBUG main            d.u.i.k.p.i.AbstractProblemLoader Init config took 3.38s 
147062     INFO  main            d.u.i.k.p.i.AbstractProblemLoader Replaying proof LinkedList[LinkedList::cons(int)].JML normal_behavior operation contract.0 
147457     DEBUG main            d.u.i.k.p.i.IntermediateProofReplayer Proof replay took 381.5ms 
147459     DEBUG main            d.u.i.k.p.r.p.TestFile    ... success: reloaded. 
147460     INFO  main            d.u.i.k.p.r.p.TestFile    Now processing file /home/runner/work/key/key/key.core/../key.ui/examples/heap/vstte10_05_Queue/LinkedList_head.key 
147460     INFO  main            d.u.i.k.p.i.AbstractProblemLoader Loading environment from /home/runner/work/key/key/key.core/../key.ui/examples/heap/vstte10_05_Queue/LinkedList_head.key 
147461     DEBUG main            d.u.i.k.p.i.AbstractProblemLoader Environment load took 157.4ns 
147462     INFO  main            d.u.i.k.p.i.AbstractProblemLoader Creating init config 
150941     DEBUG main            d.u.i.k.p.i.AbstractProblemLoader Init config took 3.48s 
150995     INFO  main            d.u.i.k.p.i.AbstractProblemLoader Replaying proof LinkedList[LinkedList::head()].JML normal_behavior operation contract.0 
150998     DEBUG main            d.u.i.k.p.i.IntermediateProofReplayer Proof replay took 6.4ns 
151201     INFO  main            d.u.i.k.p.r.p.TestFile    ... finished proof: closed. 
151472     INFO  main            d.u.i.k.p.i.AbstractProblemLoader Loading environment from /home/runner/work/key/key/key.core/../key.ui/examples/heap/vstte10_05_Queue/LinkedList_head.key.proof 
151472     DEBUG main            d.u.i.k.p.i.AbstractProblemLoader Environment load took 138.5ns 
151473     INFO  main            d.u.i.k.p.i.AbstractProblemLoader Creating init config 
154817     DEBUG main            d.u.i.k.p.i.AbstractProblemLoader Init config took 3.34s 
154874     INFO  main            d.u.i.k.p.i.AbstractProblemLoader Replaying proof LinkedList[LinkedList::head()].JML normal_behavior operation contract.0 
154898     DEBUG main            d.u.i.k.p.i.IntermediateProofReplayer Proof replay took 20.3ms 
154899     DEBUG main            d.u.i.k.p.r.p.TestFile    ... success: reloaded. 
154901     INFO  main            d.u.i.k.p.r.p.TestFile    Now processing file /home/runner/work/key/key/key.core/../key.ui/examples/heap/vstte10_05_Queue/LinkedList_inv.key 
154901     INFO  main            d.u.i.k.p.i.AbstractProblemLoader Loading environment from /home/runner/work/key/key/key.core/../key.ui/examples/heap/vstte10_05_Queue/LinkedList_inv.key 
154901     DEBUG main            d.u.i.k.p.i.AbstractProblemLoader Environment load took 238.4ns 
154903     INFO  main            d.u.i.k.p.i.AbstractProblemLoader Creating init config 
158395     DEBUG main            d.u.i.k.p.i.AbstractProblemLoader Init config took 3.49s 
158460     INFO  main            d.u.i.k.p.i.AbstractProblemLoader Replaying proof LinkedList[java.lang.Object::<inv>()].JML accessible clause.0 
158462     DEBUG main            d.u.i.k.p.i.IntermediateProofReplayer Proof replay took 7ns 
158866     INFO  main            d.u.i.k.p.r.p.TestFile    ... finished proof: closed. 
159172     INFO  main            d.u.i.k.p.i.AbstractProblemLoader Loading environment from /home/runner/work/key/key/key.core/../key.ui/examples/heap/vstte10_05_Queue/LinkedList_inv.key.proof 
159174     DEBUG main            d.u.i.k.p.i.AbstractProblemLoader Environment load took 1.4ms 
159176     INFO  main            d.u.i.k.p.i.AbstractProblemLoader Creating init config 
162633     DEBUG main            d.u.i.k.p.i.AbstractProblemLoader Init config took 3.46s 
162685     INFO  main            d.u.i.k.p.i.AbstractProblemLoader Replaying proof LinkedList[java.lang.Object::<inv>()].JML accessible clause.0 
162728     DEBUG main            d.u.i.k.p.i.IntermediateProofReplayer Proof replay took 39.6ms 
162730     DEBUG main            d.u.i.k.p.r.p.TestFile    ... success: reloaded. 
162731     INFO  main            d.u.i.k.p.r.p.TestFile    Now processing file /home/runner/work/key/key/key.core/../key.ui/examples/heap/vstte10_05_Queue/LinkedList_length.key 
162731     INFO  main            d.u.i.k.p.i.AbstractProblemLoader Loading environment from /home/runner/work/key/key/key.core/../key.ui/examples/heap/vstte10_05_Queue/LinkedList_length.key 
162732     DEBUG main            d.u.i.k.p.i.AbstractProblemLoader Environment load took 131.2ns 
162733     INFO  main            d.u.i.k.p.i.AbstractProblemLoader Creating init config 
166140     DEBUG main            d.u.i.k.p.i.AbstractProblemLoader Init config took 3.41s 
166196     INFO  main            d.u.i.k.p.i.AbstractProblemLoader Replaying proof LinkedList[LinkedList::length()].JML normal_behavior operation contract.0 
166198     DEBUG main            d.u.i.k.p.i.IntermediateProofReplayer Proof replay took 7.4ns 
166401     INFO  main            d.u.i.k.p.r.p.TestFile    ... finished proof: closed. 
166715     INFO  main            d.u.i.k.p.i.AbstractProblemLoader Loading environment from /home/runner/work/key/key/key.core/../key.ui/examples/heap/vstte10_05_Queue/LinkedList_length.key.proof 
166715     DEBUG main            d.u.i.k.p.i.AbstractProblemLoader Environment load took 131.6ns 
166717     INFO  main            d.u.i.k.p.i.AbstractProblemLoader Creating init config 
170138     DEBUG main            d.u.i.k.p.i.AbstractProblemLoader Init config took 3.42s 
170189     INFO  main            d.u.i.k.p.i.AbstractProblemLoader Replaying proof LinkedList[LinkedList::length()].JML normal_behavior operation contract.0 
170210     DEBUG main            d.u.i.k.p.i.IntermediateProofReplayer Proof replay took 18.58ms 
170211     DEBUG main            d.u.i.k.p.r.p.TestFile    ... success: reloaded. 
170212     INFO  main            d.u.i.k.p.r.p.TestFile    Now processing file /home/runner/work/key/key/key.core/../key.ui/examples/heap/vstte10_05_Queue/LinkedList_LinkedList1.key 
170213     INFO  main            d.u.i.k.p.i.AbstractProblemLoader Loading environment from /home/runner/work/key/key/key.core/../key.ui/examples/heap/vstte10_05_Queue/LinkedList_LinkedList1.key 
170213     DEBUG main            d.u.i.k.p.i.AbstractProblemLoader Environment load took 135.5ns 
170214     INFO  main            d.u.i.k.p.i.AbstractProblemLoader Creating init config 
173692     DEBUG main            d.u.i.k.p.i.AbstractProblemLoader Init config took 3.48s 
173772     INFO  main            d.u.i.k.p.i.AbstractProblemLoader Replaying proof LinkedList[LinkedList::LinkedList(int,LinkedList)].JML normal_behavior operation contract.0 
173774     DEBUG main            d.u.i.k.p.i.IntermediateProofReplayer Proof replay took 7.1ns 
176330     INFO  main            d.u.i.k.p.r.p.TestFile    ... finished proof: closed. 
176667     INFO  main            d.u.i.k.p.i.AbstractProblemLoader Loading environment from /home/runner/work/key/key/key.core/../key.ui/examples/heap/vstte10_05_Queue/LinkedList_LinkedList1.key.proof 
176668     DEBUG main            d.u.i.k.p.i.AbstractProblemLoader Environment load took 535.5ns 
176670     INFO  main            d.u.i.k.p.i.AbstractProblemLoader Creating init config 
180160     DEBUG main            d.u.i.k.p.i.AbstractProblemLoader Init config took 3.49s 
180213     INFO  main            d.u.i.k.p.i.AbstractProblemLoader Replaying proof LinkedList[LinkedList::LinkedList(int,LinkedList)].JML normal_behavior operation contract.0 
180583     DEBUG main            d.u.i.k.p.i.IntermediateProofReplayer Proof replay took 360.07ms 
180585     DEBUG main            d.u.i.k.p.r.p.TestFile    ... success: reloaded. 
180588     INFO  main            d.u.i.k.p.r.p.TestFile    Now processing file /home/runner/work/key/key/key.core/../key.ui/examples/heap/vstte10_05_Queue/LinkedList_LinkedList2.key 
180588     INFO  main            d.u.i.k.p.i.AbstractProblemLoader Loading environment from /home/runner/work/key/key/key.core/../key.ui/examples/heap/vstte10_05_Queue/LinkedList_LinkedList2.key 
180589     DEBUG main            d.u.i.k.p.i.AbstractProblemLoader Environment load took 83.4ns 
180590     INFO  main            d.u.i.k.p.i.AbstractProblemLoader Creating init config 
184122     DEBUG main            d.u.i.k.p.i.AbstractProblemLoader Init config took 3.53s 
184179     INFO  main            d.u.i.k.p.i.AbstractProblemLoader Replaying proof LinkedList[LinkedList::LinkedList(int,LinkedList)].JML normal_behavior operation contract.0 
184182     DEBUG main            d.u.i.k.p.i.IntermediateProofReplayer Proof replay took 6.5ns 
186691     INFO  main            d.u.i.k.p.r.p.TestFile    ... finished proof: closed. 
187044     INFO  main            d.u.i.k.p.i.AbstractProblemLoader Loading environment from /home/runner/work/key/key/key.core/../key.ui/examples/heap/vstte10_05_Queue/LinkedList_LinkedList2.key.proof 
187047     DEBUG main            d.u.i.k.p.i.AbstractProblemLoader Environment load took 2.71ms 
187048     INFO  main            d.u.i.k.p.i.AbstractProblemLoader Creating init config 
190439     DEBUG main            d.u.i.k.p.i.AbstractProblemLoader Init config took 3.39s 
190514     INFO  main            d.u.i.k.p.i.AbstractProblemLoader Replaying proof LinkedList[LinkedList::LinkedList(int,LinkedList)].JML normal_behavior operation contract.0 
190874     DEBUG main            d.u.i.k.p.i.IntermediateProofReplayer Proof replay took 350.39ms 
190876     DEBUG main            d.u.i.k.p.r.p.TestFile    ... success: reloaded. 
190877     INFO  main            d.u.i.k.p.r.p.TestFile    Now processing file /home/runner/work/key/key/key.core/../key.ui/examples/heap/vstte10_05_Queue/LinkedList_LinkedList3.key 
190878     INFO  main            d.u.i.k.p.i.AbstractProblemLoader Loading environment from /home/runner/work/key/key/key.core/../key.ui/examples/heap/vstte10_05_Queue/LinkedList_LinkedList3.key 
190878     DEBUG main            d.u.i.k.p.i.AbstractProblemLoader Environment load took 93.6ns 
190879     INFO  main            d.u.i.k.p.i.AbstractProblemLoader Creating init config 
194349     DEBUG main            d.u.i.k.p.i.AbstractProblemLoader Init config took 3.47s 
194401     INFO  main            d.u.i.k.p.i.AbstractProblemLoader Replaying proof LinkedList[LinkedList::LinkedList(int,LinkedList)].JML normal_behavior operation contract.0 
194402     DEBUG main            d.u.i.k.p.i.IntermediateProofReplayer Proof replay took 7ns 
212591     INFO  main            d.u.i.k.p.r.p.TestFile    ... finished proof: closed. 
213056     INFO  main            d.u.i.k.p.i.AbstractProblemLoader Loading environment from /home/runner/work/key/key/key.core/../key.ui/examples/heap/vstte10_05_Queue/LinkedList_LinkedList3.key.proof 
213056     DEBUG main            d.u.i.k.p.i.AbstractProblemLoader Environment load took 650.3ns 
213067     INFO  main            d.u.i.k.p.i.AbstractProblemLoader Creating init config 
216447     DEBUG main            d.u.i.k.p.i.AbstractProblemLoader Init config took 3.38s 
216502     INFO  main            d.u.i.k.p.i.AbstractProblemLoader Replaying proof LinkedList[LinkedList::LinkedList(int,LinkedList)].JML normal_behavior operation contract.0 
218399     DEBUG main            d.u.i.k.p.i.IntermediateProofReplayer Proof replay took 1.77s 
218406     DEBUG main            d.u.i.k.p.r.p.TestFile    ... success: reloaded. 
218407     INFO  main            d.u.i.k.p.r.p.TestFile    Now processing file /home/runner/work/key/key/key.core/../key.ui/examples/heap/vstte10_05_Queue/LinkedList_reverse.key 
218408     INFO  main            d.u.i.k.p.i.AbstractProblemLoader Loading environment from /home/runner/work/key/key/key.core/../key.ui/examples/heap/vstte10_05_Queue/LinkedList_reverse.key 
218408     DEBUG main            d.u.i.k.p.i.AbstractProblemLoader Environment load took 83ns 
218409     INFO  main            d.u.i.k.p.i.AbstractProblemLoader Creating init config 
222028     DEBUG main            d.u.i.k.p.i.AbstractProblemLoader Init config took 3.62s 
222086     INFO  main            d.u.i.k.p.i.AbstractProblemLoader Replaying proof LinkedList[LinkedList::reverse()].JML normal_behavior operation contract.0 
222088     DEBUG main            d.u.i.k.p.i.IntermediateProofReplayer Proof replay took 7ns 
234785     INFO  main            d.u.i.k.p.r.p.TestFile    ... finished proof: closed. 
235215     INFO  main            d.u.i.k.p.i.AbstractProblemLoader Loading environment from /home/runner/work/key/key/key.core/../key.ui/examples/heap/vstte10_05_Queue/LinkedList_reverse.key.proof 
235216     DEBUG main            d.u.i.k.p.i.AbstractProblemLoader Environment load took 682.3ns 
235219     INFO  main            d.u.i.k.p.i.AbstractProblemLoader Creating init config 
238565     DEBUG main            d.u.i.k.p.i.AbstractProblemLoader Init config took 3.35s 
238619     INFO  main            d.u.i.k.p.i.AbstractProblemLoader Replaying proof LinkedList[LinkedList::reverse()].JML normal_behavior operation contract.0 
239738     DEBUG main            d.u.i.k.p.i.IntermediateProofReplayer Proof replay took 1.07s 
239741     DEBUG main            d.u.i.k.p.r.p.TestFile    ... success: reloaded. 
239742     INFO  main            d.u.i.k.p.r.p.TestFile    Now processing file /home/runner/work/key/key/key.core/../key.ui/examples/heap/vstte10_05_Queue/LinkedList_tail.key 
239742     INFO  main            d.u.i.k.p.i.AbstractProblemLoader Loading environment from /home/runner/work/key/key/key.core/../key.ui/examples/heap/vstte10_05_Queue/LinkedList_tail.key 
239743     DEBUG main            d.u.i.k.p.i.AbstractProblemLoader Environment load took 107.9ns 
239745     INFO  main            d.u.i.k.p.i.AbstractProblemLoader Creating init config 
243196     DEBUG main            d.u.i.k.p.i.AbstractProblemLoader Init config took 3.45s 
243248     INFO  main            d.u.i.k.p.i.AbstractProblemLoader Replaying proof LinkedList[LinkedList::tail()].JML normal_behavior operation contract.0 
243252     DEBUG main            d.u.i.k.p.i.IntermediateProofReplayer Proof replay took 48.3ns 
243962     INFO  main            d.u.i.k.p.r.p.TestFile    ... finished proof: closed. 
244304     INFO  main            d.u.i.k.p.i.AbstractProblemLoader Loading environment from /home/runner/work/key/key/key.core/../key.ui/examples/heap/vstte10_05_Queue/LinkedList_tail.key.proof 
244305     DEBUG main            d.u.i.k.p.i.AbstractProblemLoader Environment load took 144.8ns 
244306     INFO  main            d.u.i.k.p.i.AbstractProblemLoader Creating init config 
247651     DEBUG main            d.u.i.k.p.i.AbstractProblemLoader Init config took 3.35s 
247712     INFO  main            d.u.i.k.p.i.AbstractProblemLoader Replaying proof LinkedList[LinkedList::tail()].JML normal_behavior operation contract.0 
247850     DEBUG main            d.u.i.k.p.i.IntermediateProofReplayer Proof replay took 133.24ms 
247852     DEBUG main            d.u.i.k.p.r.p.TestFile    ... success: reloaded. 
3187136    INFO  Test worker     d.u.i.k.p.r.RunAllProofsTestUnit Returning from test VSTTE10 
3187137    INFO  Test worker     d.u.i.k.p.r.RunAllProofsTestUnit Running test WeideEtAl 
485        INFO  Timeout watchdog d.u.i.k.p.r.p.ForkedTestFileRunner Timeout watcher launched (2000 secs.) 
523        WARN  main            d.u.i.k.s.ProofSettings   The settings in /home/runner/.key/proof-settings.props are *not* read. 
562        INFO  main            d.u.i.k.p.r.p.TestFile    Now processing file /home/runner/work/key/key/key.core/../key.ui/examples/heap/WeideEtAl_01_AddAndMultiply/AddAndMultiply_add.key 
731        INFO  main            d.u.i.k.p.i.AbstractProblemLoader Loading environment from /home/runner/work/key/key/key.core/../key.ui/examples/heap/WeideEtAl_01_AddAndMultiply/AddAndMultiply_add.key 
753        DEBUG main            d.u.i.k.p.i.AbstractProblemLoader Environment load took 2.87ms 
1043       INFO  main            d.u.i.k.p.i.AbstractProblemLoader Creating init config 
2253       DEBUG main            d.u.i.k.j.TypeConverter   No LDT found for Meta 
2253       DEBUG main            d.u.i.k.j.TypeConverter   No LDT found for Meta 
2258       DEBUG main            d.u.i.k.j.TypeConverter   No LDT found for Meta 
2258       DEBUG main            d.u.i.k.j.TypeConverter   No LDT found for Meta 
3951       DEBUG main            d.u.i.k.j.TypeConverter   No LDT found for JavaBigintExpression 
10824      DEBUG main            d.u.i.k.p.i.AbstractProblemLoader Init config took 9.78s 
11053      INFO  main            d.u.i.k.p.i.AbstractProblemLoader Replaying proof AddAndMultiply[AddAndMultiply::add(int,int)].JML normal_behavior operation contract.0 
11110      DEBUG main            d.u.i.k.p.i.IntermediateProofReplayer Proof replay took 39.1ns 
13062      INFO  main            d.u.i.k.p.r.p.TestFile    ... finished proof: closed. 
13248      INFO  main            d.u.i.k.p.i.AbstractProblemLoader Loading environment from /home/runner/work/key/key/key.core/../key.ui/examples/heap/WeideEtAl_01_AddAndMultiply/AddAndMultiply_add.key.proof 
13251      DEBUG main            d.u.i.k.p.i.AbstractProblemLoader Environment load took 2.87ms 
13258      INFO  main            d.u.i.k.p.i.AbstractProblemLoader Creating init config 
17123      DEBUG main            d.u.i.k.p.i.AbstractProblemLoader Init config took 3.86s 
17252      INFO  main            d.u.i.k.p.i.AbstractProblemLoader Replaying proof AddAndMultiply[AddAndMultiply::add(int,int)].JML normal_behavior operation contract.0 
17702      DEBUG main            d.u.i.k.p.i.IntermediateProofReplayer Proof replay took 426.36ms 
17717      DEBUG main            d.u.i.k.p.r.p.TestFile    ... success: reloaded. 
17720      INFO  main            d.u.i.k.p.r.p.TestFile    Now processing file /home/runner/work/key/key/key.core/../key.ui/examples/heap/WeideEtAl_01_AddAndMultiply/AddAndMultiply_mul.key 
17721      INFO  main            d.u.i.k.p.i.AbstractProblemLoader Loading environment from /home/runner/work/key/key/key.core/../key.ui/examples/heap/WeideEtAl_01_AddAndMultiply/AddAndMultiply_mul.key 
17722      DEBUG main            d.u.i.k.p.i.AbstractProblemLoader Environment load took 854.11ns 
17726      INFO  main            d.u.i.k.p.i.AbstractProblemLoader Creating init config 
21419      DEBUG main            d.u.i.k.p.i.AbstractProblemLoader Init config took 3.69s 
21493      INFO  main            d.u.i.k.p.i.AbstractProblemLoader Replaying proof AddAndMultiply[AddAndMultiply::mul(int,int)].JML normal_behavior operation contract.0 
21500      DEBUG main            d.u.i.k.p.i.IntermediateProofReplayer Proof replay took 8.2ns 
22208      INFO  main            d.u.i.k.p.r.p.TestFile    ... finished proof: closed. 
22427      INFO  main            d.u.i.k.p.i.AbstractProblemLoader Loading environment from /home/runner/work/key/key/key.core/../key.ui/examples/heap/WeideEtAl_01_AddAndMultiply/AddAndMultiply_mul.key.proof 
22429      DEBUG main            d.u.i.k.p.i.AbstractProblemLoader Environment load took 1.27ms 
22433      INFO  main            d.u.i.k.p.i.AbstractProblemLoader Creating init config 
25932      DEBUG main            d.u.i.k.p.i.AbstractProblemLoader Init config took 3.5s 
26028      INFO  main            d.u.i.k.p.i.AbstractProblemLoader Replaying proof AddAndMultiply[AddAndMultiply::mul(int,int)].JML normal_behavior operation contract.0 
26219      DEBUG main            d.u.i.k.p.i.IntermediateProofReplayer Proof replay took 181.37ms 
26221      DEBUG main            d.u.i.k.p.r.p.TestFile    ... success: reloaded. 
26224      INFO  main            d.u.i.k.p.r.p.TestFile    Now processing file /home/runner/work/key/key/key.core/../key.ui/examples/heap/WeideEtAl_02_BinarySearch/BinarySearch_search.key 
26224      INFO  main            d.u.i.k.p.i.AbstractProblemLoader Loading environment from /home/runner/work/key/key/key.core/../key.ui/examples/heap/WeideEtAl_02_BinarySearch/BinarySearch_search.key 
26225      DEBUG main            d.u.i.k.p.i.AbstractProblemLoader Environment load took 221ns 
26227      INFO  main            d.u.i.k.p.i.AbstractProblemLoader Creating init config 
29743      DEBUG main            d.u.i.k.p.i.AbstractProblemLoader Init config took 3.52s 
29824      INFO  main            d.u.i.k.p.i.AbstractProblemLoader Replaying proof BinarySearch[BinarySearch::search([I,int)].JML normal_behavior operation contract.0 
29830      DEBUG main            d.u.i.k.p.i.IntermediateProofReplayer Proof replay took 8.1ns 
34162      INFO  main            d.u.i.k.p.r.p.TestFile    ... finished proof: closed. 
34447      INFO  main            d.u.i.k.p.i.AbstractProblemLoader Loading environment from /home/runner/work/key/key/key.core/../key.ui/examples/heap/WeideEtAl_02_BinarySearch/BinarySearch_search.key.proof 
34447      DEBUG main            d.u.i.k.p.i.AbstractProblemLoader Environment load took 256.5ns 
34449      INFO  main            d.u.i.k.p.i.AbstractProblemLoader Creating init config 
37891      DEBUG main            d.u.i.k.p.i.AbstractProblemLoader Init config took 3.44s 
37962      INFO  main            d.u.i.k.p.i.AbstractProblemLoader Replaying proof BinarySearch[BinarySearch::search([I,int)].JML normal_behavior operation contract.0 
38762      DEBUG main            d.u.i.k.p.i.IntermediateProofReplayer Proof replay took 772.78ms 
38764      DEBUG main            d.u.i.k.p.r.p.TestFile    ... success: reloaded. 
3226129    INFO  Test worker     d.u.i.k.p.r.RunAllProofsTestUnit Returning from test WeideEtAl 
3226130    INFO  Test worker     d.u.i.k.p.r.RunAllProofsTestUnit Running test arithmetic 
521        INFO  Timeout watchdog d.u.i.k.p.r.p.ForkedTestFileRunner Timeout watcher launched (2000 secs.) 
540        WARN  main            d.u.i.k.s.ProofSettings   The settings in /home/runner/.key/proof-settings.props are *not* read. 
598        INFO  main            d.u.i.k.p.r.p.TestFile    Now processing file /home/runner/work/key/key/key.core/../key.ui/examples/standard_key/arith/binomial1.key 
767        INFO  main            d.u.i.k.p.i.AbstractProblemLoader Loading environment from /home/runner/work/key/key/key.core/../key.ui/examples/standard_key/arith/binomial1.key 
790        DEBUG main            d.u.i.k.p.i.AbstractProblemLoader Environment load took 3.79ms 
1144       INFO  main            d.u.i.k.p.i.AbstractProblemLoader Creating init config 
2446       DEBUG main            d.u.i.k.j.TypeConverter   No LDT found for Meta 
2447       DEBUG main            d.u.i.k.j.TypeConverter   No LDT found for Meta 
2448       DEBUG main            d.u.i.k.j.TypeConverter   No LDT found for Meta 
2448       DEBUG main            d.u.i.k.j.TypeConverter   No LDT found for Meta 
4753       DEBUG main            d.u.i.k.j.TypeConverter   No LDT found for JavaBigintExpression 
10929      DEBUG main            d.u.i.k.p.i.AbstractProblemLoader Init config took 9.79s 
11005      INFO  main            d.u.i.k.p.i.AbstractProblemLoader Replaying proof binomial1.key 
11054      DEBUG main            d.u.i.k.p.i.IntermediateProofReplayer Proof replay took 41.5ns 
11345      INFO  main            d.u.i.k.p.r.p.TestFile    ... finished proof: closed. 
11543      INFO  main            d.u.i.k.p.i.AbstractProblemLoader Loading environment from /home/runner/work/key/key/key.core/../key.ui/examples/standard_key/arith/binomial1.key.proof 
11545      DEBUG main            d.u.i.k.p.i.AbstractProblemLoader Environment load took 2.16ms 
11552      INFO  main            d.u.i.k.p.i.AbstractProblemLoader Creating init config 
14857      DEBUG main            d.u.i.k.p.i.AbstractProblemLoader Init config took 3.3s 
14895      INFO  main            d.u.i.k.p.i.AbstractProblemLoader Replaying proof binomial1.key.proof 
14939      DEBUG main            d.u.i.k.p.i.IntermediateProofReplayer Proof replay took 36.4ms 
14954      DEBUG main            d.u.i.k.p.r.p.TestFile    ... success: reloaded. 
14956      INFO  main            d.u.i.k.p.r.p.TestFile    Now processing file /home/runner/work/key/key/key.core/../key.ui/examples/standard_key/arith/binomial2.key 
14956      INFO  main            d.u.i.k.p.i.AbstractProblemLoader Loading environment from /home/runner/work/key/key/key.core/../key.ui/examples/standard_key/arith/binomial2.key 
14957      DEBUG main            d.u.i.k.p.i.AbstractProblemLoader Environment load took 335.5ns 
14962      INFO  main            d.u.i.k.p.i.AbstractProblemLoader Creating init config 
18281      DEBUG main            d.u.i.k.p.i.AbstractProblemLoader Init config took 3.32s 
18317      INFO  main            d.u.i.k.p.i.AbstractProblemLoader Replaying proof binomial2.key 
18323      DEBUG main            d.u.i.k.p.i.IntermediateProofReplayer Proof replay took 8.1ns 
18527      INFO  main            d.u.i.k.p.r.p.TestFile    ... finished proof: closed. 
18688      INFO  main            d.u.i.k.p.i.AbstractProblemLoader Loading environment from /home/runner/work/key/key/key.core/../key.ui/examples/standard_key/arith/binomial2.key.proof 
18689      DEBUG main            d.u.i.k.p.i.AbstractProblemLoader Environment load took 682.2ns 
18694      INFO  main            d.u.i.k.p.i.AbstractProblemLoader Creating init config 
21886      DEBUG main            d.u.i.k.p.i.AbstractProblemLoader Init config took 3.19s 
21915      INFO  main            d.u.i.k.p.i.AbstractProblemLoader Replaying proof binomial2.key.proof 
21940      DEBUG main            d.u.i.k.p.i.IntermediateProofReplayer Proof replay took 20.58ms 
21942      DEBUG main            d.u.i.k.p.r.p.TestFile    ... success: reloaded. 
21945      INFO  main            d.u.i.k.p.r.p.TestFile    Now processing file /home/runner/work/key/key/key.core/../key.ui/examples/standard_key/arith/check_jdiv.key 
21945      INFO  main            d.u.i.k.p.i.AbstractProblemLoader Loading environment from /home/runner/work/key/key/key.core/../key.ui/examples/standard_key/arith/check_jdiv.key 
21945      DEBUG main            d.u.i.k.p.i.AbstractProblemLoader Environment load took 171.5ns 
21949      INFO  main            d.u.i.k.p.i.AbstractProblemLoader Creating init config 
25128      DEBUG main            d.u.i.k.p.i.AbstractProblemLoader Init config took 3.18s 
25158      INFO  main            d.u.i.k.p.i.AbstractProblemLoader Replaying proof check_jdiv.key 
25163      DEBUG main            d.u.i.k.p.i.IntermediateProofReplayer Proof replay took 14.1ns 
32488      INFO  main            d.u.i.k.p.r.p.TestFile    ... finished proof: closed. 
32769      INFO  main            d.u.i.k.p.i.AbstractProblemLoader Loading environment from /home/runner/work/key/key/key.core/../key.ui/examples/standard_key/arith/check_jdiv.key.proof 
32770      DEBUG main            d.u.i.k.p.i.AbstractProblemLoader Environment load took 559.3ns 
32778      INFO  main            d.u.i.k.p.i.AbstractProblemLoader Creating init config 
35905      DEBUG main            d.u.i.k.p.i.AbstractProblemLoader Init config took 3.13s 
35933      INFO  main            d.u.i.k.p.i.AbstractProblemLoader Replaying proof check_jdiv.key.proof 
36521      DEBUG main            d.u.i.k.p.i.IntermediateProofReplayer Proof replay took 546.68ms 
36523      DEBUG main            d.u.i.k.p.r.p.TestFile    ... success: reloaded. 
36525      INFO  main            d.u.i.k.p.r.p.TestFile    Now processing file /home/runner/work/key/key/key.core/../key.ui/examples/standard_key/arith/check_jdiv_concrete.key 
36526      INFO  main            d.u.i.k.p.i.AbstractProblemLoader Loading environment from /home/runner/work/key/key/key.core/../key.ui/examples/standard_key/arith/check_jdiv_concrete.key 
36526      DEBUG main            d.u.i.k.p.i.AbstractProblemLoader Environment load took 324.9ns 
36528      INFO  main            d.u.i.k.p.i.AbstractProblemLoader Creating init config 
39662      DEBUG main            d.u.i.k.p.i.AbstractProblemLoader Init config took 3.13s 
39690      INFO  main            d.u.i.k.p.i.AbstractProblemLoader Replaying proof check_jdiv_concrete.key 
39693      DEBUG main            d.u.i.k.p.i.IntermediateProofReplayer Proof replay took 7.9ns 
39799      INFO  main            d.u.i.k.p.r.p.TestFile    ... finished proof: closed. 
40058      INFO  main            d.u.i.k.p.i.AbstractProblemLoader Loading environment from /home/runner/work/key/key/key.core/../key.ui/examples/standard_key/arith/check_jdiv_concrete.key.proof 
40058      DEBUG main            d.u.i.k.p.i.AbstractProblemLoader Environment load took 557.1ns 
40060      INFO  main            d.u.i.k.p.i.AbstractProblemLoader Creating init config 
43088      DEBUG main            d.u.i.k.p.i.AbstractProblemLoader Init config took 3.03s 
43114      INFO  main            d.u.i.k.p.i.AbstractProblemLoader Replaying proof check_jdiv_concrete.key.proof 
43123      DEBUG main            d.u.i.k.p.i.IntermediateProofReplayer Proof replay took 5.56ms 
43124      DEBUG main            d.u.i.k.p.r.p.TestFile    ... success: reloaded. 
43126      INFO  main            d.u.i.k.p.r.p.TestFile    Now processing file /home/runner/work/key/key/key.core/../key.ui/examples/standard_key/arith/check_jdiv_instantiated.key 
43126      INFO  main            d.u.i.k.p.i.AbstractProblemLoader Loading environment from /home/runner/work/key/key/key.core/../key.ui/examples/standard_key/arith/check_jdiv_instantiated.key 
43127      DEBUG main            d.u.i.k.p.i.AbstractProblemLoader Environment load took 351.3ns 
43129      INFO  main            d.u.i.k.p.i.AbstractProblemLoader Creating init config 
46342      DEBUG main            d.u.i.k.p.i.AbstractProblemLoader Init config took 3.21s 
46371      INFO  main            d.u.i.k.p.i.AbstractProblemLoader Replaying proof check_jdiv_instantiated.key 
46374      DEBUG main            d.u.i.k.p.i.IntermediateProofReplayer Proof replay took 8.3ns 
51096      INFO  main            d.u.i.k.p.r.p.TestFile    ... finished proof: closed. 
51384      INFO  main            d.u.i.k.p.i.AbstractProblemLoader Loading environment from /home/runner/work/key/key/key.core/../key.ui/examples/standard_key/arith/check_jdiv_instantiated.key.proof 
51385      DEBUG main            d.u.i.k.p.i.AbstractProblemLoader Environment load took 677.9ns 
51389      INFO  main            d.u.i.k.p.i.AbstractProblemLoader Creating init config 
54432      DEBUG main            d.u.i.k.p.i.AbstractProblemLoader Init config took 3.04s 
54462      INFO  main            d.u.i.k.p.i.AbstractProblemLoader Replaying proof check_jdiv_instantiated.key.proof 
54814      DEBUG main            d.u.i.k.p.i.IntermediateProofReplayer Proof replay took 323.37ms 
54817      DEBUG main            d.u.i.k.p.r.p.TestFile    ... success: reloaded. 
54819      INFO  main            d.u.i.k.p.r.p.TestFile    Now processing file /home/runner/work/key/key/key.core/../key.ui/examples/standard_key/arith/check_jmod.key 
54819      INFO  main            d.u.i.k.p.i.AbstractProblemLoader Loading environment from /home/runner/work/key/key/key.core/../key.ui/examples/standard_key/arith/check_jmod.key 
54820      DEBUG main            d.u.i.k.p.i.AbstractProblemLoader Environment load took 418.8ns 
54821      INFO  main            d.u.i.k.p.i.AbstractProblemLoader Creating init config 
57933      DEBUG main            d.u.i.k.p.i.AbstractProblemLoader Init config took 3.11s 
57960      INFO  main            d.u.i.k.p.i.AbstractProblemLoader Replaying proof check_jmod.key 
57963      DEBUG main            d.u.i.k.p.i.IntermediateProofReplayer Proof replay took 6.9ns 
58669      INFO  main            d.u.i.k.p.r.p.TestFile    ... finished proof: closed. 
58974      INFO  main            d.u.i.k.p.i.AbstractProblemLoader Loading environment from /home/runner/work/key/key/key.core/../key.ui/examples/standard_key/arith/check_jmod.key.proof 
58974      DEBUG main            d.u.i.k.p.i.AbstractProblemLoader Environment load took 576ns 
58976      INFO  main            d.u.i.k.p.i.AbstractProblemLoader Creating init config 
61982      DEBUG main            d.u.i.k.p.i.AbstractProblemLoader Init config took 3.01s 
62008      INFO  main            d.u.i.k.p.i.AbstractProblemLoader Replaying proof check_jmod.key.proof 
62074      DEBUG main            d.u.i.k.p.i.IntermediateProofReplayer Proof replay took 58.16ms 
62076      DEBUG main            d.u.i.k.p.r.p.TestFile    ... success: reloaded. 
62077      INFO  main            d.u.i.k.p.r.p.TestFile    Now processing file /home/runner/work/key/key/key.core/../key.ui/examples/standard_key/arith/complexExpressions.key 
62078      INFO  main            d.u.i.k.p.i.AbstractProblemLoader Loading environment from /home/runner/work/key/key/key.core/../key.ui/examples/standard_key/arith/complexExpressions.key 
62078      DEBUG main            d.u.i.k.p.i.AbstractProblemLoader Environment load took 278.5ns 
62080      INFO  main            d.u.i.k.p.i.AbstractProblemLoader Creating init config 
65240      DEBUG main            d.u.i.k.p.i.AbstractProblemLoader Init config took 3.16s 
65295      INFO  main            d.u.i.k.p.i.AbstractProblemLoader Replaying proof complexExpressions.key 
65298      DEBUG main            d.u.i.k.p.i.IntermediateProofReplayer Proof replay took 8.9ns 
65506      INFO  main            d.u.i.k.p.r.p.TestFile    ... finished proof: closed. 
65819      INFO  main            d.u.i.k.p.i.AbstractProblemLoader Loading environment from /home/runner/work/key/key/key.core/../key.ui/examples/standard_key/arith/complexExpressions.key.proof 
65819      DEBUG main            d.u.i.k.p.i.AbstractProblemLoader Environment load took 136.8ns 
65821      INFO  main            d.u.i.k.p.i.AbstractProblemLoader Creating init config 
68871      DEBUG main            d.u.i.k.p.i.AbstractProblemLoader Init config took 3.05s 
68896      INFO  main            d.u.i.k.p.i.AbstractProblemLoader Replaying proof complexExpressions.key.proof 
68912      DEBUG main            d.u.i.k.p.i.IntermediateProofReplayer Proof replay took 12.5ms 
68913      DEBUG main            d.u.i.k.p.r.p.TestFile    ... success: reloaded. 
68914      INFO  main            d.u.i.k.p.r.p.TestFile    Now processing file /home/runner/work/key/key/key.core/../key.ui/examples/standard_key/arith/compound_unaryMinus.key 
68914      INFO  main            d.u.i.k.p.i.AbstractProblemLoader Loading environment from /home/runner/work/key/key/key.core/../key.ui/examples/standard_key/arith/compound_unaryMinus.key 
68914      DEBUG main            d.u.i.k.p.i.AbstractProblemLoader Environment load took 131.3ns 
68915      INFO  main            d.u.i.k.p.i.AbstractProblemLoader Creating init config 
71857      DEBUG main            d.u.i.k.p.i.AbstractProblemLoader Init config took 2.94s 
71892      INFO  main            d.u.i.k.p.i.AbstractProblemLoader Replaying proof compound_unaryMinus.key 
71896      DEBUG main            d.u.i.k.p.i.IntermediateProofReplayer Proof replay took 7.7ns 
71998      INFO  main            d.u.i.k.p.r.p.TestFile    ... finished proof: closed. 
72215      INFO  main            d.u.i.k.p.i.AbstractProblemLoader Loading environment from /home/runner/work/key/key/key.core/../key.ui/examples/standard_key/arith/compound_unaryMinus.key.proof 
72215      DEBUG main            d.u.i.k.p.i.AbstractProblemLoader Environment load took 162.7ns 
72217      INFO  main            d.u.i.k.p.i.AbstractProblemLoader Creating init config 
75263      DEBUG main            d.u.i.k.p.i.AbstractProblemLoader Init config took 3.05s 
75293      INFO  main            d.u.i.k.p.i.AbstractProblemLoader Replaying proof compound_unaryMinus.key.proof 
75301      DEBUG main            d.u.i.k.p.i.IntermediateProofReplayer Proof replay took 5.06ms 
75302      DEBUG main            d.u.i.k.p.r.p.TestFile    ... success: reloaded. 
75302      INFO  main            d.u.i.k.p.r.p.TestFile    Now processing file /home/runner/work/key/key/key.core/../key.ui/examples/standard_key/arith/computation.key 
75303      INFO  main            d.u.i.k.p.i.AbstractProblemLoader Loading environment from /home/runner/work/key/key/key.core/../key.ui/examples/standard_key/arith/computation.key 
75303      DEBUG main            d.u.i.k.p.i.AbstractProblemLoader Environment load took 103.2ns 
75304      INFO  main            d.u.i.k.p.i.AbstractProblemLoader Creating init config 
78374      DEBUG main            d.u.i.k.p.i.AbstractProblemLoader Init config took 3.07s 
78400      INFO  main            d.u.i.k.p.i.AbstractProblemLoader Replaying proof computation.key 
78403      DEBUG main            d.u.i.k.p.i.IntermediateProofReplayer Proof replay took 8.7ns 
80348      INFO  main            d.u.i.k.p.r.p.TestFile    ... finished proof: closed. 
80642      INFO  main            d.u.i.k.p.i.AbstractProblemLoader Loading environment from /home/runner/work/key/key/key.core/../key.ui/examples/standard_key/arith/computation.key.proof 
80642      DEBUG main            d.u.i.k.p.i.AbstractProblemLoader Environment load took 646ns 
80644      INFO  main            d.u.i.k.p.i.AbstractProblemLoader Creating init config 
83591      DEBUG main            d.u.i.k.p.i.AbstractProblemLoader Init config took 2.95s 
83623      INFO  main            d.u.i.k.p.i.AbstractProblemLoader Replaying proof computation.key.proof 
83831      DEBUG main            d.u.i.k.p.i.IntermediateProofReplayer Proof replay took 194.92ms 
83832      DEBUG main            d.u.i.k.p.r.p.TestFile    ... success: reloaded. 
83834      INFO  main            d.u.i.k.p.r.p.TestFile    Now processing file /home/runner/work/key/key/key.core/../key.ui/examples/standard_key/arith/cubicSum.key 
83834      INFO  main            d.u.i.k.p.i.AbstractProblemLoader Loading environment from /home/runner/work/key/key/key.core/../key.ui/examples/standard_key/arith/cubicSum.key 
83835      DEBUG main            d.u.i.k.p.i.AbstractProblemLoader Environment load took 306.6ns 
83836      INFO  main            d.u.i.k.p.i.AbstractProblemLoader Creating init config 
87042      DEBUG main            d.u.i.k.p.i.AbstractProblemLoader Init config took 3.21s 
87066      INFO  main            d.u.i.k.p.i.AbstractProblemLoader Replaying proof cubicSum.key 
87069      DEBUG main            d.u.i.k.p.i.IntermediateProofReplayer Proof replay took 7.3ns 
88785      INFO  main            d.u.i.k.p.r.p.TestFile    ... finished proof: closed. 
89216      INFO  main            d.u.i.k.p.i.AbstractProblemLoader Loading environment from /home/runner/work/key/key/key.core/../key.ui/examples/standard_key/arith/cubicSum.key.proof 
89218      DEBUG main            d.u.i.k.p.i.AbstractProblemLoader Environment load took 2.6ms 
89221      INFO  main            d.u.i.k.p.i.AbstractProblemLoader Creating init config 
92367      DEBUG main            d.u.i.k.p.i.AbstractProblemLoader Init config took 3.15s 
92391      INFO  main            d.u.i.k.p.i.AbstractProblemLoader Replaying proof cubicSum.key.proof 
92561      DEBUG main            d.u.i.k.p.i.IntermediateProofReplayer Proof replay took 165.96ms 
92563      DEBUG main            d.u.i.k.p.r.p.TestFile    ... success: reloaded. 
92565      INFO  main            d.u.i.k.p.r.p.TestFile    Now processing file /home/runner/work/key/key/key.core/../key.ui/examples/standard_key/arith/divByZero.key 
92565      INFO  main            d.u.i.k.p.i.AbstractProblemLoader Loading environment from /home/runner/work/key/key/key.core/../key.ui/examples/standard_key/arith/divByZero.key 
92566      DEBUG main            d.u.i.k.p.i.AbstractProblemLoader Environment load took 294.9ns 
92567      INFO  main            d.u.i.k.p.i.AbstractProblemLoader Creating init config 
95700      DEBUG main            d.u.i.k.p.i.AbstractProblemLoader Init config took 3.13s 
95724      INFO  main            d.u.i.k.p.i.AbstractProblemLoader Replaying proof divByZero.key 
95727      DEBUG main            d.u.i.k.p.i.IntermediateProofReplayer Proof replay took 8.3ns 
96039      INFO  main            d.u.i.k.p.r.p.TestFile    ... finished proof: closed. 
96399      INFO  main            d.u.i.k.p.i.AbstractProblemLoader Loading environment from /home/runner/work/key/key/key.core/../key.ui/examples/standard_key/arith/divByZero.key.proof 
96399      DEBUG main            d.u.i.k.p.i.AbstractProblemLoader Environment load took 218.1ns 
96401      INFO  main            d.u.i.k.p.i.AbstractProblemLoader Creating init config 
99349      DEBUG main            d.u.i.k.p.i.AbstractProblemLoader Init config took 2.95s 
99370      INFO  main            d.u.i.k.p.i.AbstractProblemLoader Replaying proof divByZero.key.proof 
99433      DEBUG main            d.u.i.k.p.i.IntermediateProofReplayer Proof replay took 60.41ms 
99435      DEBUG main            d.u.i.k.p.r.p.TestFile    ... success: reloaded. 
99436      INFO  main            d.u.i.k.p.r.p.TestFile    Now processing file /home/runner/work/key/key/key.core/../key.ui/examples/standard_key/arith/divisionAssoc.key 
99437      INFO  main            d.u.i.k.p.i.AbstractProblemLoader Loading environment from /home/runner/work/key/key/key.core/../key.ui/examples/standard_key/arith/divisionAssoc.key 
99437      DEBUG main            d.u.i.k.p.i.AbstractProblemLoader Environment load took 255.1ns 
99439      INFO  main            d.u.i.k.p.i.AbstractProblemLoader Creating init config 
102479     DEBUG main            d.u.i.k.p.i.AbstractProblemLoader Init config took 3.04s 
102500     INFO  main            d.u.i.k.p.i.AbstractProblemLoader Replaying proof divisionAssoc.key 
102503     DEBUG main            d.u.i.k.p.i.IntermediateProofReplayer Proof replay took 7.8ns 
103563     INFO  main            d.u.i.k.p.r.p.TestFile    ... finished proof: closed. 
103867     INFO  main            d.u.i.k.p.i.AbstractProblemLoader Loading environment from /home/runner/work/key/key/key.core/../key.ui/examples/standard_key/arith/divisionAssoc.key.proof 
103868     DEBUG main            d.u.i.k.p.i.AbstractProblemLoader Environment load took 536.9ns 
103869     INFO  main            d.u.i.k.p.i.AbstractProblemLoader Creating init config 
106798     DEBUG main            d.u.i.k.p.i.AbstractProblemLoader Init config took 2.93s 
106818     INFO  main            d.u.i.k.p.i.AbstractProblemLoader Replaying proof divisionAssoc.key.proof 
106904     DEBUG main            d.u.i.k.p.i.IntermediateProofReplayer Proof replay took 79.17ms 
106905     DEBUG main            d.u.i.k.p.r.p.TestFile    ... success: reloaded. 
106906     INFO  main            d.u.i.k.p.r.p.TestFile    Now processing file /home/runner/work/key/key/key.core/../key.ui/examples/standard_key/arith/divisionBy2.key 
106907     INFO  main            d.u.i.k.p.i.AbstractProblemLoader Loading environment from /home/runner/work/key/key/key.core/../key.ui/examples/standard_key/arith/divisionBy2.key 
106907     DEBUG main            d.u.i.k.p.i.AbstractProblemLoader Environment load took 258.2ns 
106908     INFO  main            d.u.i.k.p.i.AbstractProblemLoader Creating init config 
109956     DEBUG main            d.u.i.k.p.i.AbstractProblemLoader Init config took 3.05s 
109974     INFO  main            d.u.i.k.p.i.AbstractProblemLoader Replaying proof divisionBy2.key 
109976     DEBUG main            d.u.i.k.p.i.IntermediateProofReplayer Proof replay took 7.7ns 
110078     INFO  main            d.u.i.k.p.r.p.TestFile    ... finished proof: closed. 
110365     INFO  main            d.u.i.k.p.i.AbstractProblemLoader Loading environment from /home/runner/work/key/key/key.core/../key.ui/examples/standard_key/arith/divisionBy2.key.proof 
110366     DEBUG main            d.u.i.k.p.i.AbstractProblemLoader Environment load took 190.3ns 
110367     INFO  main            d.u.i.k.p.i.AbstractProblemLoader Creating init config 
113365     DEBUG main            d.u.i.k.p.i.AbstractProblemLoader Init config took 3s 
113389     INFO  main            d.u.i.k.p.i.AbstractProblemLoader Replaying proof divisionBy2.key.proof 
113404     DEBUG main            d.u.i.k.p.i.IntermediateProofReplayer Proof replay took 9.91ms 
113405     DEBUG main            d.u.i.k.p.r.p.TestFile    ... success: reloaded. 
113407     INFO  main            d.u.i.k.p.r.p.TestFile    Now processing file /home/runner/work/key/key/key.core/../key.ui/examples/standard_key/arith/euclidean/gcdHelp-post.key 
113407     INFO  main            d.u.i.k.p.i.AbstractProblemLoader Loading environment from /home/runner/work/key/key/key.core/../key.ui/examples/standard_key/arith/euclidean/gcdHelp-post.key 
113407     DEBUG main            d.u.i.k.p.i.AbstractProblemLoader Environment load took 295.8ns 
113409     INFO  main            d.u.i.k.p.i.AbstractProblemLoader Creating init config 
116552     DEBUG main            d.u.i.k.p.i.AbstractProblemLoader Init config took 3.14s 
116575     INFO  main            d.u.i.k.p.i.AbstractProblemLoader Replaying proof gcdHelp-post.key 
116577     DEBUG main            d.u.i.k.p.i.IntermediateProofReplayer Proof replay took 8.5ns 
121529     INFO  main            d.u.i.k.p.r.p.TestFile    ... finished proof: closed. 
121973     INFO  main            d.u.i.k.p.i.AbstractProblemLoader Loading environment from /home/runner/work/key/key/key.core/../key.ui/examples/standard_key/arith/euclidean/gcdHelp-post.key.proof 
121974     DEBUG main            d.u.i.k.p.i.AbstractProblemLoader Environment load took 1.27ms 
121976     INFO  main            d.u.i.k.p.i.AbstractProblemLoader Creating init config 
125003     DEBUG main            d.u.i.k.p.i.AbstractProblemLoader Init config took 3.03s 
125027     INFO  main            d.u.i.k.p.i.AbstractProblemLoader Replaying proof gcdHelp-post.key.proof 
125390     DEBUG main            d.u.i.k.p.i.IntermediateProofReplayer Proof replay took 352.47ms 
125393     DEBUG main            d.u.i.k.p.r.p.TestFile    ... success: reloaded. 
125394     INFO  main            d.u.i.k.p.r.p.TestFile    Now processing file /home/runner/work/key/key/key.core/../key.ui/examples/standard_key/arith/gemplusDecimal/add.key 
125395     INFO  main            d.u.i.k.p.i.AbstractProblemLoader Loading environment from /home/runner/work/key/key/key.core/../key.ui/examples/standard_key/arith/gemplusDecimal/add.key 
125395     DEBUG main            d.u.i.k.p.i.AbstractProblemLoader Environment load took 260.6ns 
125398     INFO  main            d.u.i.k.p.i.AbstractProblemLoader Creating init config 
128526     DEBUG main            d.u.i.k.p.i.AbstractProblemLoader Init config took 3.13s 
128548     INFO  main            d.u.i.k.p.i.AbstractProblemLoader Replaying proof add.key 
128550     DEBUG main            d.u.i.k.p.i.IntermediateProofReplayer Proof replay took 7.8ns 
187188     INFO  main            d.u.i.k.p.r.p.TestFile    ... finished proof: closed. 
187713     INFO  main            d.u.i.k.p.i.AbstractProblemLoader Loading environment from /home/runner/work/key/key/key.core/../key.ui/examples/standard_key/arith/gemplusDecimal/add.key.proof 
187713     DEBUG main            d.u.i.k.p.i.AbstractProblemLoader Environment load took 615.2ns 
187725     INFO  main            d.u.i.k.p.i.AbstractProblemLoader Creating init config 
190648     DEBUG main            d.u.i.k.p.i.AbstractProblemLoader Init config took 2.92s 
190674     INFO  main            d.u.i.k.p.i.AbstractProblemLoader Replaying proof add.key.proof 
196250     DEBUG main            d.u.i.k.p.i.IntermediateProofReplayer Proof replay took 5.4s 
196259     DEBUG main            d.u.i.k.p.r.p.TestFile    ... success: reloaded. 
196261     INFO  main            d.u.i.k.p.r.p.TestFile    Now processing file /home/runner/work/key/key/key.core/../key.ui/examples/standard_key/arith/jdivevenodd.key 
196262     INFO  main            d.u.i.k.p.i.AbstractProblemLoader Loading environment from /home/runner/work/key/key/key.core/../key.ui/examples/standard_key/arith/jdivevenodd.key 
196262     DEBUG main            d.u.i.k.p.i.AbstractProblemLoader Environment load took 276.9ns 
196263     INFO  main            d.u.i.k.p.i.AbstractProblemLoader Creating init config 
199332     DEBUG main            d.u.i.k.p.i.AbstractProblemLoader Init config took 3.07s 
199351     INFO  main            d.u.i.k.p.i.AbstractProblemLoader Replaying proof jdivevenodd.key 
199354     DEBUG main            d.u.i.k.p.i.IntermediateProofReplayer Proof replay took 7.6ns 
199559     INFO  main            d.u.i.k.p.r.p.TestFile    ... finished proof: closed. 
200011     INFO  main            d.u.i.k.p.i.AbstractProblemLoader Loading environment from /home/runner/work/key/key/key.core/../key.ui/examples/standard_key/arith/jdivevenodd.key.proof 
200013     DEBUG main            d.u.i.k.p.i.AbstractProblemLoader Environment load took 1.52ms 
200014     INFO  main            d.u.i.k.p.i.AbstractProblemLoader Creating init config 
202907     DEBUG main            d.u.i.k.p.i.AbstractProblemLoader Init config took 2.89s 
202927     INFO  main            d.u.i.k.p.i.AbstractProblemLoader Replaying proof jdivevenodd.key.proof 
202951     DEBUG main            d.u.i.k.p.i.IntermediateProofReplayer Proof replay took 21.23ms 
202952     DEBUG main            d.u.i.k.p.r.p.TestFile    ... success: reloaded. 
202953     INFO  main            d.u.i.k.p.r.p.TestFile    Now processing file /home/runner/work/key/key/key.core/../key.ui/examples/standard_key/arith/median.key 
202954     INFO  main            d.u.i.k.p.i.AbstractProblemLoader Loading environment from /home/runner/work/key/key/key.core/../key.ui/examples/standard_key/arith/median.key 
202954     DEBUG main            d.u.i.k.p.i.AbstractProblemLoader Environment load took 266.7ns 
202956     INFO  main            d.u.i.k.p.i.AbstractProblemLoader Creating init config 
205834     DEBUG main            d.u.i.k.p.i.AbstractProblemLoader Init config took 2.88s 
205854     INFO  main            d.u.i.k.p.i.AbstractProblemLoader Replaying proof median.key 
205857     DEBUG main            d.u.i.k.p.i.IntermediateProofReplayer Proof replay took 7ns 
226592     INFO  main            d.u.i.k.p.r.p.TestFile    ... finished proof: closed. 
227039     INFO  main            d.u.i.k.p.i.AbstractProblemLoader Loading environment from /home/runner/work/key/key/key.core/../key.ui/examples/standard_key/arith/median.key.proof 
227042     DEBUG main            d.u.i.k.p.i.AbstractProblemLoader Environment load took 4.93ms 
227047     INFO  main            d.u.i.k.p.i.AbstractProblemLoader Creating init config 
229874     DEBUG main            d.u.i.k.p.i.AbstractProblemLoader Init config took 2.83s 
229895     INFO  main            d.u.i.k.p.i.AbstractProblemLoader Replaying proof median.key.proof 
231576     DEBUG main            d.u.i.k.p.i.IntermediateProofReplayer Proof replay took 1.6s 
231581     DEBUG main            d.u.i.k.p.r.p.TestFile    ... success: reloaded. 
231583     INFO  main            d.u.i.k.p.r.p.TestFile    Now processing file /home/runner/work/key/key/key.core/../key.ui/examples/standard_key/arith/mod1.key 
231583     INFO  main            d.u.i.k.p.i.AbstractProblemLoader Loading environment from /home/runner/work/key/key/key.core/../key.ui/examples/standard_key/arith/mod1.key 
231583     DEBUG main            d.u.i.k.p.i.AbstractProblemLoader Environment load took 136.5ns 
231586     INFO  main            d.u.i.k.p.i.AbstractProblemLoader Creating init config 
234508     DEBUG main            d.u.i.k.p.i.AbstractProblemLoader Init config took 2.92s 
234525     INFO  main            d.u.i.k.p.i.AbstractProblemLoader Replaying proof mod1.key 
234527     DEBUG main            d.u.i.k.p.i.IntermediateProofReplayer Proof replay took 6.3ns 
234629     INFO  main            d.u.i.k.p.r.p.TestFile    ... finished proof: closed. 
235033     INFO  main            d.u.i.k.p.i.AbstractProblemLoader Loading environment from /home/runner/work/key/key/key.core/../key.ui/examples/standard_key/arith/mod1.key.proof 
235033     DEBUG main            d.u.i.k.p.i.AbstractProblemLoader Environment load took 109.9ns 
235035     INFO  main            d.u.i.k.p.i.AbstractProblemLoader Creating init config 
237908     DEBUG main            d.u.i.k.p.i.AbstractProblemLoader Init config took 2.87s 
237925     INFO  main            d.u.i.k.p.i.AbstractProblemLoader Replaying proof mod1.key.proof 
237931     DEBUG main            d.u.i.k.p.i.IntermediateProofReplayer Proof replay took 3.39ms 
237932     DEBUG main            d.u.i.k.p.r.p.TestFile    ... success: reloaded. 
237933     INFO  main            d.u.i.k.p.r.p.TestFile    Now processing file /home/runner/work/key/key/key.core/../key.ui/examples/standard_key/arith/mod2.key 
237933     INFO  main            d.u.i.k.p.i.AbstractProblemLoader Loading environment from /home/runner/work/key/key/key.core/../key.ui/examples/standard_key/arith/mod2.key 
237933     DEBUG main            d.u.i.k.p.i.AbstractProblemLoader Environment load took 191.4ns 
237934     INFO  main            d.u.i.k.p.i.AbstractProblemLoader Creating init config 
240784     DEBUG main            d.u.i.k.p.i.AbstractProblemLoader Init config took 2.85s 
240804     INFO  main            d.u.i.k.p.i.AbstractProblemLoader Replaying proof mod2.key 
240806     DEBUG main            d.u.i.k.p.i.IntermediateProofReplayer Proof replay took 9.4ns 
240910     INFO  main            d.u.i.k.p.r.p.TestFile    ... finished proof: closed. 
241216     INFO  main            d.u.i.k.p.i.AbstractProblemLoader Loading environment from /home/runner/work/key/key/key.core/../key.ui/examples/standard_key/arith/mod2.key.proof 
241216     DEBUG main            d.u.i.k.p.i.AbstractProblemLoader Environment load took 128.8ns 
241218     INFO  main            d.u.i.k.p.i.AbstractProblemLoader Creating init config 
244083     DEBUG main            d.u.i.k.p.i.AbstractProblemLoader Init config took 2.87s 
244100     INFO  main            d.u.i.k.p.i.AbstractProblemLoader Replaying proof mod2.key.proof 
244104     DEBUG main            d.u.i.k.p.i.IntermediateProofReplayer Proof replay took 2.22ms 
244105     DEBUG main            d.u.i.k.p.r.p.TestFile    ... success: reloaded. 
244106     INFO  main            d.u.i.k.p.r.p.TestFile    Now processing file /home/runner/work/key/key/key.core/../key.ui/examples/standard_key/arith/mod7.key 
244107     INFO  main            d.u.i.k.p.i.AbstractProblemLoader Loading environment from /home/runner/work/key/key/key.core/../key.ui/examples/standard_key/arith/mod7.key 
244107     DEBUG main            d.u.i.k.p.i.AbstractProblemLoader Environment load took 109.1ns 
244108     INFO  main            d.u.i.k.p.i.AbstractProblemLoader Creating init config 
247025     DEBUG main            d.u.i.k.p.i.AbstractProblemLoader Init config took 2.92s 
247044     INFO  main            d.u.i.k.p.i.AbstractProblemLoader Replaying proof mod7.key 
247047     DEBUG main            d.u.i.k.p.i.IntermediateProofReplayer Proof replay took 7.4ns 
247149     INFO  main            d.u.i.k.p.r.p.TestFile    ... finished proof: closed. 
247462     INFO  main            d.u.i.k.p.i.AbstractProblemLoader Loading environment from /home/runner/work/key/key/key.core/../key.ui/examples/standard_key/arith/mod7.key.proof 
247462     DEBUG main            d.u.i.k.p.i.AbstractProblemLoader Environment load took 118.4ns 
247463     INFO  main            d.u.i.k.p.i.AbstractProblemLoader Creating init config 
250357     DEBUG main            d.u.i.k.p.i.AbstractProblemLoader Init config took 2.89s 
250375     INFO  main            d.u.i.k.p.i.AbstractProblemLoader Replaying proof mod7.key.proof 
250385     DEBUG main            d.u.i.k.p.i.IntermediateProofReplayer Proof replay took 7.98ms 
250387     DEBUG main            d.u.i.k.p.r.p.TestFile    ... success: reloaded. 
250387     INFO  main            d.u.i.k.p.r.p.TestFile    Now processing file /home/runner/work/key/key/key.core/../key.ui/examples/standard_key/arith/overflow_hija.key 
250387     INFO  main            d.u.i.k.p.i.AbstractProblemLoader Loading environment from /home/runner/work/key/key/key.core/../key.ui/examples/standard_key/arith/overflow_hija.key 
250388     DEBUG main            d.u.i.k.p.i.AbstractProblemLoader Environment load took 124.6ns 
250390     INFO  main            d.u.i.k.p.i.AbstractProblemLoader Creating init config 
253256     DEBUG main            d.u.i.k.p.i.AbstractProblemLoader Init config took 2.87s 
253277     INFO  main            d.u.i.k.p.i.AbstractProblemLoader Replaying proof overflow_hija.key 
253279     DEBUG main            d.u.i.k.p.i.IntermediateProofReplayer Proof replay took 7.6ns 
259376     INFO  main            d.u.i.k.p.r.p.TestFile    ... finished proof: closed. 
259771     INFO  main            d.u.i.k.p.i.AbstractProblemLoader Loading environment from /home/runner/work/key/key/key.core/../key.ui/examples/standard_key/arith/overflow_hija.key.proof 
259771     DEBUG main            d.u.i.k.p.i.AbstractProblemLoader Environment load took 570.7ns 
259775     INFO  main            d.u.i.k.p.i.AbstractProblemLoader Creating init config 
262731     DEBUG main            d.u.i.k.p.i.AbstractProblemLoader Init config took 2.96s 
262753     INFO  main            d.u.i.k.p.i.AbstractProblemLoader Replaying proof overflow_hija.key.proof 
263266     DEBUG main            d.u.i.k.p.i.IntermediateProofReplayer Proof replay took 500.28ms 
263269     DEBUG main            d.u.i.k.p.r.p.TestFile    ... success: reloaded. 
263270     INFO  main            d.u.i.k.p.r.p.TestFile    Now processing file /home/runner/work/key/key/key.core/../key.ui/examples/standard_key/arith/poly_division0.key 
263270     INFO  main            d.u.i.k.p.i.AbstractProblemLoader Loading environment from /home/runner/work/key/key/key.core/../key.ui/examples/standard_key/arith/poly_division0.key 
263271     DEBUG main            d.u.i.k.p.i.AbstractProblemLoader Environment load took 122.6ns 
263272     INFO  main            d.u.i.k.p.i.AbstractProblemLoader Creating init config 
266155     DEBUG main            d.u.i.k.p.i.AbstractProblemLoader Init config took 2.88s 
266171     INFO  main            d.u.i.k.p.i.AbstractProblemLoader Replaying proof poly_division0.key 
266173     DEBUG main            d.u.i.k.p.i.IntermediateProofReplayer Proof replay took 7.5ns 
266276     INFO  main            d.u.i.k.p.r.p.TestFile    ... finished proof: closed. 
266680     INFO  main            d.u.i.k.p.i.AbstractProblemLoader Loading environment from /home/runner/work/key/key/key.core/../key.ui/examples/standard_key/arith/poly_division0.key.proof 
266680     DEBUG main            d.u.i.k.p.i.AbstractProblemLoader Environment load took 115.3ns 
266687     INFO  main            d.u.i.k.p.i.AbstractProblemLoader Creating init config 
269522     DEBUG main            d.u.i.k.p.i.AbstractProblemLoader Init config took 2.83s 
269539     INFO  main            d.u.i.k.p.i.AbstractProblemLoader Replaying proof poly_division0.key.proof 
269553     DEBUG main            d.u.i.k.p.i.IntermediateProofReplayer Proof replay took 11.85ms 
269554     DEBUG main            d.u.i.k.p.r.p.TestFile    ... success: reloaded. 
269555     INFO  main            d.u.i.k.p.r.p.TestFile    Now processing file /home/runner/work/key/key/key.core/../key.ui/examples/standard_key/arith/poly_division1.key 
269555     INFO  main            d.u.i.k.p.i.AbstractProblemLoader Loading environment from /home/runner/work/key/key/key.core/../key.ui/examples/standard_key/arith/poly_division1.key 
269556     DEBUG main            d.u.i.k.p.i.AbstractProblemLoader Environment load took 105.7ns 
269557     INFO  main            d.u.i.k.p.i.AbstractProblemLoader Creating init config 
272460     DEBUG main            d.u.i.k.p.i.AbstractProblemLoader Init config took 2.9s 
272480     INFO  main            d.u.i.k.p.i.AbstractProblemLoader Replaying proof poly_division1.key 
272483     DEBUG main            d.u.i.k.p.i.IntermediateProofReplayer Proof replay took 6.9ns 
272585     INFO  main            d.u.i.k.p.r.p.TestFile    ... finished proof: closed. 
272926     INFO  main            d.u.i.k.p.i.AbstractProblemLoader Loading environment from /home/runner/work/key/key/key.core/../key.ui/examples/standard_key/arith/poly_division1.key.proof 
272926     DEBUG main            d.u.i.k.p.i.AbstractProblemLoader Environment load took 131.1ns 
272930     INFO  main            d.u.i.k.p.i.AbstractProblemLoader Creating init config 
275778     DEBUG main            d.u.i.k.p.i.AbstractProblemLoader Init config took 2.85s 
275795     INFO  main            d.u.i.k.p.i.AbstractProblemLoader Replaying proof poly_division1.key.proof 
275806     DEBUG main            d.u.i.k.p.i.IntermediateProofReplayer Proof replay took 8.61ms 
275807     DEBUG main            d.u.i.k.p.r.p.TestFile    ... success: reloaded. 
275808     INFO  main            d.u.i.k.p.r.p.TestFile    Now processing file /home/runner/work/key/key/key.core/../key.ui/examples/standard_key/inEqSimp/division.key 
275808     INFO  main            d.u.i.k.p.i.AbstractProblemLoader Loading environment from /home/runner/work/key/key/key.core/../key.ui/examples/standard_key/inEqSimp/division.key 
275808     DEBUG main            d.u.i.k.p.i.AbstractProblemLoader Environment load took 79.8ns 
275809     INFO  main            d.u.i.k.p.i.AbstractProblemLoader Creating init config 
278746     DEBUG main            d.u.i.k.p.i.AbstractProblemLoader Init config took 2.94s 
278764     INFO  main            d.u.i.k.p.i.AbstractProblemLoader Replaying proof division.key 
278766     DEBUG main            d.u.i.k.p.i.IntermediateProofReplayer Proof replay took 7.6ns 
281536     INFO  main            d.u.i.k.p.r.p.TestFile    ... finished proof: closed. 
281901     INFO  main            d.u.i.k.p.i.AbstractProblemLoader Loading environment from /home/runner/work/key/key/key.core/../key.ui/examples/standard_key/inEqSimp/division.key.proof 
281901     DEBUG main            d.u.i.k.p.i.AbstractProblemLoader Environment load took 672.9ns 
281903     INFO  main            d.u.i.k.p.i.AbstractProblemLoader Creating init config 
284756     DEBUG main            d.u.i.k.p.i.AbstractProblemLoader Init config took 2.85s 
284777     INFO  main            d.u.i.k.p.i.AbstractProblemLoader Replaying proof division.key.proof 
284884     DEBUG main            d.u.i.k.p.i.IntermediateProofReplayer Proof replay took 97.08ms 
284886     DEBUG main            d.u.i.k.p.r.p.TestFile    ... success: reloaded. 
284887     INFO  main            d.u.i.k.p.r.p.TestFile    Now processing file /home/runner/work/key/key/key.core/../key.ui/examples/standard_key/inEqSimp/inequations0.key 
284888     INFO  main            d.u.i.k.p.i.AbstractProblemLoader Loading environment from /home/runner/work/key/key/key.core/../key.ui/examples/standard_key/inEqSimp/inequations0.key 
284888     DEBUG main            d.u.i.k.p.i.AbstractProblemLoader Environment load took 340ns 
284889     INFO  main            d.u.i.k.p.i.AbstractProblemLoader Creating init config 
287803     DEBUG main            d.u.i.k.p.i.AbstractProblemLoader Init config took 2.91s 
287820     INFO  main            d.u.i.k.p.i.AbstractProblemLoader Replaying proof inequations0.key 
287821     DEBUG main            d.u.i.k.p.i.IntermediateProofReplayer Proof replay took 39.9ns 
287924     INFO  main            d.u.i.k.p.r.p.TestFile    ... finished proof: closed. 
288315     INFO  main            d.u.i.k.p.i.AbstractProblemLoader Loading environment from /home/runner/work/key/key/key.core/../key.ui/examples/standard_key/inEqSimp/inequations0.key.proof 
288315     DEBUG main            d.u.i.k.p.i.AbstractProblemLoader Environment load took 142ns 
288316     INFO  main            d.u.i.k.p.i.AbstractProblemLoader Creating init config 
291166     DEBUG main            d.u.i.k.p.i.AbstractProblemLoader Init config took 2.85s 
291183     INFO  main            d.u.i.k.p.i.AbstractProblemLoader Replaying proof inequations0.key.proof 
291188     DEBUG main            d.u.i.k.p.i.IntermediateProofReplayer Proof replay took 2.96ms 
291189     DEBUG main            d.u.i.k.p.r.p.TestFile    ... success: reloaded. 
291190     INFO  main            d.u.i.k.p.r.p.TestFile    Now processing file /home/runner/work/key/key/key.core/../key.ui/examples/standard_key/inEqSimp/inequations1.key 
291190     INFO  main            d.u.i.k.p.i.AbstractProblemLoader Loading environment from /home/runner/work/key/key/key.core/../key.ui/examples/standard_key/inEqSimp/inequations1.key 
291190     DEBUG main            d.u.i.k.p.i.AbstractProblemLoader Environment load took 135.4ns 
291192     INFO  main            d.u.i.k.p.i.AbstractProblemLoader Creating init config 
294158     DEBUG main            d.u.i.k.p.i.AbstractProblemLoader Init config took 2.97s 
294175     INFO  main            d.u.i.k.p.i.AbstractProblemLoader Replaying proof inequations1.key 
294176     DEBUG main            d.u.i.k.p.i.IntermediateProofReplayer Proof replay took 4.1ns 
294282     INFO  main            d.u.i.k.p.r.p.TestFile    ... finished proof: closed. 
294642     INFO  main            d.u.i.k.p.i.AbstractProblemLoader Loading environment from /home/runner/work/key/key/key.core/../key.ui/examples/standard_key/inEqSimp/inequations1.key.proof 
294642     DEBUG main            d.u.i.k.p.i.AbstractProblemLoader Environment load took 140.2ns 
294644     INFO  main            d.u.i.k.p.i.AbstractProblemLoader Creating init config 
297469     DEBUG main            d.u.i.k.p.i.AbstractProblemLoader Init config took 2.83s 
297487     INFO  main            d.u.i.k.p.i.AbstractProblemLoader Replaying proof inequations1.key.proof 
297491     DEBUG main            d.u.i.k.p.i.IntermediateProofReplayer Proof replay took 1.87ms 
297492     DEBUG main            d.u.i.k.p.r.p.TestFile    ... success: reloaded. 
297492     INFO  main            d.u.i.k.p.r.p.TestFile    Now processing file /home/runner/work/key/key/key.core/../key.ui/examples/standard_key/inEqSimp/inequations2.key 
297492     INFO  main            d.u.i.k.p.i.AbstractProblemLoader Loading environment from /home/runner/work/key/key/key.core/../key.ui/examples/standard_key/inEqSimp/inequations2.key 
297493     DEBUG main            d.u.i.k.p.i.AbstractProblemLoader Environment load took 67ns 
297494     INFO  main            d.u.i.k.p.i.AbstractProblemLoader Creating init config 
300310     DEBUG main            d.u.i.k.p.i.AbstractProblemLoader Init config took 2.82s 
300329     INFO  main            d.u.i.k.p.i.AbstractProblemLoader Replaying proof inequations2.key 
300331     DEBUG main            d.u.i.k.p.i.IntermediateProofReplayer Proof replay took 3.9ns 
300433     INFO  main            d.u.i.k.p.r.p.TestFile    ... finished proof: closed. 
300807     INFO  main            d.u.i.k.p.i.AbstractProblemLoader Loading environment from /home/runner/work/key/key/key.core/../key.ui/examples/standard_key/inEqSimp/inequations2.key.proof 
300807     DEBUG main            d.u.i.k.p.i.AbstractProblemLoader Environment load took 107.2ns 
300808     INFO  main            d.u.i.k.p.i.AbstractProblemLoader Creating init config 
303594     DEBUG main            d.u.i.k.p.i.AbstractProblemLoader Init config took 2.79s 
303613     INFO  main            d.u.i.k.p.i.AbstractProblemLoader Replaying proof inequations2.key.proof 
303618     DEBUG main            d.u.i.k.p.i.IntermediateProofReplayer Proof replay took 2.29ms 
303619     DEBUG main            d.u.i.k.p.r.p.TestFile    ... success: reloaded. 
303619     INFO  main            d.u.i.k.p.r.p.TestFile    Now processing file /home/runner/work/key/key/key.core/../key.ui/examples/standard_key/inEqSimp/linApprox.key 
303620     INFO  main            d.u.i.k.p.i.AbstractProblemLoader Loading environment from /home/runner/work/key/key/key.core/../key.ui/examples/standard_key/inEqSimp/linApprox.key 
303620     DEBUG main            d.u.i.k.p.i.AbstractProblemLoader Environment load took 250.1ns 
303622     INFO  main            d.u.i.k.p.i.AbstractProblemLoader Creating init config 
306588     DEBUG main            d.u.i.k.p.i.AbstractProblemLoader Init config took 2.97s 
306605     INFO  main            d.u.i.k.p.i.AbstractProblemLoader Replaying proof linApprox.key 
306607     DEBUG main            d.u.i.k.p.i.IntermediateProofReplayer Proof replay took 4.3ns 
306709     INFO  main            d.u.i.k.p.r.p.TestFile    ... finished proof: closed. 
307102     INFO  main            d.u.i.k.p.i.AbstractProblemLoader Loading environment from /home/runner/work/key/key/key.core/../key.ui/examples/standard_key/inEqSimp/linApprox.key.proof 
307102     DEBUG main            d.u.i.k.p.i.AbstractProblemLoader Environment load took 119.5ns 
307104     INFO  main            d.u.i.k.p.i.AbstractProblemLoader Creating init config 
309966     DEBUG main            d.u.i.k.p.i.AbstractProblemLoader Init config took 2.86s 
309983     INFO  main            d.u.i.k.p.i.AbstractProblemLoader Replaying proof linApprox.key.proof 
309988     DEBUG main            d.u.i.k.p.i.IntermediateProofReplayer Proof replay took 3.78ms 
309989     DEBUG main            d.u.i.k.p.r.p.TestFile    ... success: reloaded. 
309990     INFO  main            d.u.i.k.p.r.p.TestFile    Now processing file /home/runner/work/key/key/key.core/../key.ui/examples/standard_key/inEqSimp/nonLinInEqExample0.key 
309991     INFO  main            d.u.i.k.p.i.AbstractProblemLoader Loading environment from /home/runner/work/key/key/key.core/../key.ui/examples/standard_key/inEqSimp/nonLinInEqExample0.key 
309991     DEBUG main            d.u.i.k.p.i.AbstractProblemLoader Environment load took 75.3ns 
309992     INFO  main            d.u.i.k.p.i.AbstractProblemLoader Creating init config 
312876     DEBUG main            d.u.i.k.p.i.AbstractProblemLoader Init config took 2.88s 
312893     INFO  main            d.u.i.k.p.i.AbstractProblemLoader Replaying proof nonLinInEqExample0.key 
312895     DEBUG main            d.u.i.k.p.i.IntermediateProofReplayer Proof replay took 4ns 
312998     INFO  main            d.u.i.k.p.r.p.TestFile    ... finished proof: closed. 
313378     INFO  main            d.u.i.k.p.i.AbstractProblemLoader Loading environment from /home/runner/work/key/key/key.core/../key.ui/examples/standard_key/inEqSimp/nonLinInEqExample0.key.proof 
313378     DEBUG main            d.u.i.k.p.i.AbstractProblemLoader Environment load took 105.2ns 
313380     INFO  main            d.u.i.k.p.i.AbstractProblemLoader Creating init config 
316193     DEBUG main            d.u.i.k.p.i.AbstractProblemLoader Init config took 2.81s 
316211     INFO  main            d.u.i.k.p.i.AbstractProblemLoader Replaying proof nonLinInEqExample0.key.proof 
316214     DEBUG main            d.u.i.k.p.i.IntermediateProofReplayer Proof replay took 1.43ms 
316215     DEBUG main            d.u.i.k.p.r.p.TestFile    ... success: reloaded. 
316216     INFO  main            d.u.i.k.p.r.p.TestFile    Now processing file /home/runner/work/key/key/key.core/../key.ui/examples/standard_key/inEqSimp/nonLinInEqExample2.key 
316216     INFO  main            d.u.i.k.p.i.AbstractProblemLoader Loading environment from /home/runner/work/key/key/key.core/../key.ui/examples/standard_key/inEqSimp/nonLinInEqExample2.key 
316216     DEBUG main            d.u.i.k.p.i.AbstractProblemLoader Environment load took 188.9ns 
316218     INFO  main            d.u.i.k.p.i.AbstractProblemLoader Creating init config 
319101     DEBUG main            d.u.i.k.p.i.AbstractProblemLoader Init config took 2.88s 
319118     INFO  main            d.u.i.k.p.i.AbstractProblemLoader Replaying proof nonLinInEqExample2.key 
319119     DEBUG main            d.u.i.k.p.i.IntermediateProofReplayer Proof replay took 4.3ns 
319536     INFO  main            d.u.i.k.p.r.p.TestFile    ... finished proof: closed. 
319932     INFO  main            d.u.i.k.p.i.AbstractProblemLoader Loading environment from /home/runner/work/key/key/key.core/../key.ui/examples/standard_key/inEqSimp/nonLinInEqExample2.key.proof 
319932     DEBUG main            d.u.i.k.p.i.AbstractProblemLoader Environment load took 216ns 
319934     INFO  main            d.u.i.k.p.i.AbstractProblemLoader Creating init config 
322797     DEBUG main            d.u.i.k.p.i.AbstractProblemLoader Init config took 2.86s 
322815     INFO  main            d.u.i.k.p.i.AbstractProblemLoader Replaying proof nonLinInEqExample2.key.proof 
322873     DEBUG main            d.u.i.k.p.i.IntermediateProofReplayer Proof replay took 54.71ms 
322875     DEBUG main            d.u.i.k.p.r.p.TestFile    ... success: reloaded. 
322876     INFO  main            d.u.i.k.p.r.p.TestFile    Now processing file /home/runner/work/key/key/key.core/../key.ui/examples/standard_key/inEqSimp/nonLinInEqExample3.key 
322877     INFO  main            d.u.i.k.p.i.AbstractProblemLoader Loading environment from /home/runner/work/key/key/key.core/../key.ui/examples/standard_key/inEqSimp/nonLinInEqExample3.key 
322877     DEBUG main            d.u.i.k.p.i.AbstractProblemLoader Environment load took 114.7ns 
322878     INFO  main            d.u.i.k.p.i.AbstractProblemLoader Creating init config 
325692     DEBUG main            d.u.i.k.p.i.AbstractProblemLoader Init config took 2.81s 
325709     INFO  main            d.u.i.k.p.i.AbstractProblemLoader Replaying proof nonLinInEqExample3.key 
325711     DEBUG main            d.u.i.k.p.i.IntermediateProofReplayer Proof replay took 3.1ns 
326014     INFO  main            d.u.i.k.p.r.p.TestFile    ... finished proof: closed. 
326451     INFO  main            d.u.i.k.p.i.AbstractProblemLoader Loading environment from /home/runner/work/key/key/key.core/../key.ui/examples/standard_key/inEqSimp/nonLinInEqExample3.key.proof 
326451     DEBUG main            d.u.i.k.p.i.AbstractProblemLoader Environment load took 124.3ns 
326455     INFO  main            d.u.i.k.p.i.AbstractProblemLoader Creating init config 
329296     DEBUG main            d.u.i.k.p.i.AbstractProblemLoader Init config took 2.84s 
329312     INFO  main            d.u.i.k.p.i.AbstractProblemLoader Replaying proof nonLinInEqExample3.key.proof 
329339     DEBUG main            d.u.i.k.p.i.IntermediateProofReplayer Proof replay took 23.97ms 
329340     DEBUG main            d.u.i.k.p.r.p.TestFile    ... success: reloaded. 
329341     INFO  main            d.u.i.k.p.r.p.TestFile    Now processing file /home/runner/work/key/key/key.core/../key.ui/examples/standard_key/inEqSimp/nonLinInEqExample4.key 
329342     INFO  main            d.u.i.k.p.i.AbstractProblemLoader Loading environment from /home/runner/work/key/key/key.core/../key.ui/examples/standard_key/inEqSimp/nonLinInEqExample4.key 
329342     DEBUG main            d.u.i.k.p.i.AbstractProblemLoader Environment load took 116.3ns 
329343     INFO  main            d.u.i.k.p.i.AbstractProblemLoader Creating init config 
332146     DEBUG main            d.u.i.k.p.i.AbstractProblemLoader Init config took 2.8s 
332162     INFO  main            d.u.i.k.p.i.AbstractProblemLoader Replaying proof nonLinInEqExample4.key 
332164     DEBUG main            d.u.i.k.p.i.IntermediateProofReplayer Proof replay took 4.3ns 
332266     INFO  main            d.u.i.k.p.r.p.TestFile    ... finished proof: closed. 
332670     INFO  main            d.u.i.k.p.i.AbstractProblemLoader Loading environment from /home/runner/work/key/key/key.core/../key.ui/examples/standard_key/inEqSimp/nonLinInEqExample4.key.proof 
332670     DEBUG main            d.u.i.k.p.i.AbstractProblemLoader Environment load took 138.6ns 
332675     INFO  main            d.u.i.k.p.i.AbstractProblemLoader Creating init config 
335450     DEBUG main            d.u.i.k.p.i.AbstractProblemLoader Init config took 2.78s 
335467     INFO  main            d.u.i.k.p.i.AbstractProblemLoader Replaying proof nonLinInEqExample4.key.proof 
335474     DEBUG main            d.u.i.k.p.i.IntermediateProofReplayer Proof replay took 5.12ms 
335478     DEBUG main            d.u.i.k.p.r.p.TestFile    ... success: reloaded. 
335479     INFO  main            d.u.i.k.p.r.p.TestFile    Now processing file /home/runner/work/key/key/key.core/../key.ui/examples/standard_key/inEqSimp/quadraticInEq.key 
335479     INFO  main            d.u.i.k.p.i.AbstractProblemLoader Loading environment from /home/runner/work/key/key/key.core/../key.ui/examples/standard_key/inEqSimp/quadraticInEq.key 
335479     DEBUG main            d.u.i.k.p.i.AbstractProblemLoader Environment load took 125ns 
335481     INFO  main            d.u.i.k.p.i.AbstractProblemLoader Creating init config 
338381     DEBUG main            d.u.i.k.p.i.AbstractProblemLoader Init config took 2.9s 
338398     INFO  main            d.u.i.k.p.i.AbstractProblemLoader Replaying proof quadraticInEq.key 
338400     DEBUG main            d.u.i.k.p.i.IntermediateProofReplayer Proof replay took 3.8ns 
338804     INFO  main            d.u.i.k.p.r.p.TestFile    ... finished proof: closed. 
339255     INFO  main            d.u.i.k.p.i.AbstractProblemLoader Loading environment from /home/runner/work/key/key/key.core/../key.ui/examples/standard_key/inEqSimp/quadraticInEq.key.proof 
339256     DEBUG main            d.u.i.k.p.i.AbstractProblemLoader Environment load took 542.51ns 
339258     INFO  main            d.u.i.k.p.i.AbstractProblemLoader Creating init config 
342041     DEBUG main            d.u.i.k.p.i.AbstractProblemLoader Init config took 2.78s 
342059     INFO  main            d.u.i.k.p.i.AbstractProblemLoader Replaying proof quadraticInEq.key.proof 
342115     DEBUG main            d.u.i.k.p.i.IntermediateProofReplayer Proof replay took 50.91ms 
342116     DEBUG main            d.u.i.k.p.r.p.TestFile    ... success: reloaded. 
342117     INFO  main            d.u.i.k.p.r.p.TestFile    Now processing file /home/runner/work/key/key/key.core/../key.ui/examples/standard_key/inEqSimp/quadraticInEq10.key 
342117     INFO  main            d.u.i.k.p.i.AbstractProblemLoader Loading environment from /home/runner/work/key/key/key.core/../key.ui/examples/standard_key/inEqSimp/quadraticInEq10.key 
342117     DEBUG main            d.u.i.k.p.i.AbstractProblemLoader Environment load took 73.9ns 
342119     INFO  main            d.u.i.k.p.i.AbstractProblemLoader Creating init config 
344908     DEBUG main            d.u.i.k.p.i.AbstractProblemLoader Init config took 2.79s 
344925     INFO  main            d.u.i.k.p.i.AbstractProblemLoader Replaying proof quadraticInEq10.key 
344927     DEBUG main            d.u.i.k.p.i.IntermediateProofReplayer Proof replay took 4.1ns 
345131     INFO  main            d.u.i.k.p.r.p.TestFile    ... finished proof: closed. 
345563     INFO  main            d.u.i.k.p.i.AbstractProblemLoader Loading environment from /home/runner/work/key/key/key.core/../key.ui/examples/standard_key/inEqSimp/quadraticInEq10.key.proof 
345564     DEBUG main            d.u.i.k.p.i.AbstractProblemLoader Environment load took 703.7ns 
345565     INFO  main            d.u.i.k.p.i.AbstractProblemLoader Creating init config 
348359     DEBUG main            d.u.i.k.p.i.AbstractProblemLoader Init config took 2.79s 
348375     INFO  main            d.u.i.k.p.i.AbstractProblemLoader Replaying proof quadraticInEq10.key.proof 
348396     DEBUG main            d.u.i.k.p.i.IntermediateProofReplayer Proof replay took 18.17ms 
348397     DEBUG main            d.u.i.k.p.r.p.TestFile    ... success: reloaded. 
348398     INFO  main            d.u.i.k.p.r.p.TestFile    Now processing file /home/runner/work/key/key/key.core/../key.ui/examples/standard_key/inEqSimp/quadraticInEq13.key 
348399     INFO  main            d.u.i.k.p.i.AbstractProblemLoader Loading environment from /home/runner/work/key/key/key.core/../key.ui/examples/standard_key/inEqSimp/quadraticInEq13.key 
348399     DEBUG main            d.u.i.k.p.i.AbstractProblemLoader Environment load took 126.1ns 
348400     INFO  main            d.u.i.k.p.i.AbstractProblemLoader Creating init config 
351289     DEBUG main            d.u.i.k.p.i.AbstractProblemLoader Init config took 2.89s 
351306     INFO  main            d.u.i.k.p.i.AbstractProblemLoader Replaying proof quadraticInEq13.key 
351308     DEBUG main            d.u.i.k.p.i.IntermediateProofReplayer Proof replay took 3.6ns 
351615     INFO  main            d.u.i.k.p.r.p.TestFile    ... finished proof: closed. 
352047     INFO  main            d.u.i.k.p.i.AbstractProblemLoader Loading environment from /home/runner/work/key/key/key.core/../key.ui/examples/standard_key/inEqSimp/quadraticInEq13.key.proof 
352047     DEBUG main            d.u.i.k.p.i.AbstractProblemLoader Environment load took 255.81ns 
352048     INFO  main            d.u.i.k.p.i.AbstractProblemLoader Creating init config 
354852     DEBUG main            d.u.i.k.p.i.AbstractProblemLoader Init config took 2.8s 
354868     INFO  main            d.u.i.k.p.i.AbstractProblemLoader Replaying proof quadraticInEq13.key.proof 
354893     DEBUG main            d.u.i.k.p.i.IntermediateProofReplayer Proof replay took 22.23ms 
354894     DEBUG main            d.u.i.k.p.r.p.TestFile    ... success: reloaded. 
354895     INFO  main            d.u.i.k.p.r.p.TestFile    Now processing file /home/runner/work/key/key/key.core/../key.ui/examples/standard_key/inEqSimp/quadraticInEq14.key 
354895     INFO  main            d.u.i.k.p.i.AbstractProblemLoader Loading environment from /home/runner/work/key/key/key.core/../key.ui/examples/standard_key/inEqSimp/quadraticInEq14.key 
354895     DEBUG main            d.u.i.k.p.i.AbstractProblemLoader Environment load took 79.2ns 
354897     INFO  main            d.u.i.k.p.i.AbstractProblemLoader Creating init config 
357776     DEBUG main            d.u.i.k.p.i.AbstractProblemLoader Init config took 2.88s 
357793     INFO  main            d.u.i.k.p.i.AbstractProblemLoader Replaying proof quadraticInEq14.key 
357794     DEBUG main            d.u.i.k.p.i.IntermediateProofReplayer Proof replay took 4.1ns 
358199     INFO  main            d.u.i.k.p.r.p.TestFile    ... finished proof: closed. 
358669     INFO  main            d.u.i.k.p.i.AbstractProblemLoader Loading environment from /home/runner/work/key/key/key.core/../key.ui/examples/standard_key/inEqSimp/quadraticInEq14.key.proof 
358669     DEBUG main            d.u.i.k.p.i.AbstractProblemLoader Environment load took 123.4ns 
358671     INFO  main            d.u.i.k.p.i.AbstractProblemLoader Creating init config 
361519     DEBUG main            d.u.i.k.p.i.AbstractProblemLoader Init config took 2.85s 
361536     INFO  main            d.u.i.k.p.i.AbstractProblemLoader Replaying proof quadraticInEq14.key.proof 
361567     DEBUG main            d.u.i.k.p.i.IntermediateProofReplayer Proof replay took 27.25ms 
361568     DEBUG main            d.u.i.k.p.r.p.TestFile    ... success: reloaded. 
361572     INFO  main            d.u.i.k.p.r.p.TestFile    Now processing file /home/runner/work/key/key/key.core/../key.ui/examples/standard_key/inEqSimp/quadraticInEq2.key 
361572     INFO  main            d.u.i.k.p.i.AbstractProblemLoader Loading environment from /home/runner/work/key/key/key.core/../key.ui/examples/standard_key/inEqSimp/quadraticInEq2.key 
361572     DEBUG main            d.u.i.k.p.i.AbstractProblemLoader Environment load took 127.2ns 
361573     INFO  main            d.u.i.k.p.i.AbstractProblemLoader Creating init config 
364418     DEBUG main            d.u.i.k.p.i.AbstractProblemLoader Init config took 2.84s 
364435     INFO  main            d.u.i.k.p.i.AbstractProblemLoader Replaying proof quadraticInEq2.key 
364437     DEBUG main            d.u.i.k.p.i.IntermediateProofReplayer Proof replay took 4.2ns 
364539     INFO  main            d.u.i.k.p.r.p.TestFile    ... finished proof: closed. 
364979     INFO  main            d.u.i.k.p.i.AbstractProblemLoader Loading environment from /home/runner/work/key/key/key.core/../key.ui/examples/standard_key/inEqSimp/quadraticInEq2.key.proof 
364979     DEBUG main            d.u.i.k.p.i.AbstractProblemLoader Environment load took 98.6ns 
364980     INFO  main            d.u.i.k.p.i.AbstractProblemLoader Creating init config 
367771     DEBUG main            d.u.i.k.p.i.AbstractProblemLoader Init config took 2.79s 
367788     INFO  main            d.u.i.k.p.i.AbstractProblemLoader Replaying proof quadraticInEq2.key.proof 
367793     DEBUG main            d.u.i.k.p.i.IntermediateProofReplayer Proof replay took 2.82ms 
367794     DEBUG main            d.u.i.k.p.r.p.TestFile    ... success: reloaded. 
367795     INFO  main            d.u.i.k.p.r.p.TestFile    Now processing file /home/runner/work/key/key/key.core/../key.ui/examples/standard_key/inEqSimp/quadraticInEq3.key 
367795     INFO  main            d.u.i.k.p.i.AbstractProblemLoader Loading environment from /home/runner/work/key/key/key.core/../key.ui/examples/standard_key/inEqSimp/quadraticInEq3.key 
367795     DEBUG main            d.u.i.k.p.i.AbstractProblemLoader Environment load took 120.3ns 
367796     INFO  main            d.u.i.k.p.i.AbstractProblemLoader Creating init config 
370720     DEBUG main            d.u.i.k.p.i.AbstractProblemLoader Init config took 2.92s 
370737     INFO  main            d.u.i.k.p.i.AbstractProblemLoader Replaying proof quadraticInEq3.key 
370740     DEBUG main            d.u.i.k.p.i.IntermediateProofReplayer Proof replay took 4.3ns 
370842     INFO  main            d.u.i.k.p.r.p.TestFile    ... finished proof: closed. 
371311     INFO  main            d.u.i.k.p.i.AbstractProblemLoader Loading environment from /home/runner/work/key/key/key.core/../key.ui/examples/standard_key/inEqSimp/quadraticInEq3.key.proof 
371311     DEBUG main            d.u.i.k.p.i.AbstractProblemLoader Environment load took 130.7ns 
371312     INFO  main            d.u.i.k.p.i.AbstractProblemLoader Creating init config 
374113     DEBUG main            d.u.i.k.p.i.AbstractProblemLoader Init config took 2.8s 
374129     INFO  main            d.u.i.k.p.i.AbstractProblemLoader Replaying proof quadraticInEq3.key.proof 
374139     DEBUG main            d.u.i.k.p.i.IntermediateProofReplayer Proof replay took 7.35ms 
374139     DEBUG main            d.u.i.k.p.r.p.TestFile    ... success: reloaded. 
374141     INFO  main            d.u.i.k.p.r.p.TestFile    Now processing file /home/runner/work/key/key/key.core/../key.ui/examples/standard_key/inEqSimp/quadraticInEq4.key 
374141     INFO  main            d.u.i.k.p.i.AbstractProblemLoader Loading environment from /home/runner/work/key/key/key.core/../key.ui/examples/standard_key/inEqSimp/quadraticInEq4.key 
374141     DEBUG main            d.u.i.k.p.i.AbstractProblemLoader Environment load took 124.9ns 
374142     INFO  main            d.u.i.k.p.i.AbstractProblemLoader Creating init config 
377057     DEBUG main            d.u.i.k.p.i.AbstractProblemLoader Init config took 2.91s 
377072     INFO  main            d.u.i.k.p.i.AbstractProblemLoader Replaying proof quadraticInEq4.key 
377074     DEBUG main            d.u.i.k.p.i.IntermediateProofReplayer Proof replay took 3.3ns 
377176     INFO  main            d.u.i.k.p.r.p.TestFile    ... finished proof: closed. 
377631     INFO  main            d.u.i.k.p.i.AbstractProblemLoader Loading environment from /home/runner/work/key/key/key.core/../key.ui/examples/standard_key/inEqSimp/quadraticInEq4.key.proof 
377631     DEBUG main            d.u.i.k.p.i.AbstractProblemLoader Environment load took 106.9ns 
377632     INFO  main            d.u.i.k.p.i.AbstractProblemLoader Creating init config 
380422     DEBUG main            d.u.i.k.p.i.AbstractProblemLoader Init config took 2.79s 
380439     INFO  main            d.u.i.k.p.i.AbstractProblemLoader Replaying proof quadraticInEq4.key.proof 
380447     DEBUG main            d.u.i.k.p.i.IntermediateProofReplayer Proof replay took 6.1ms 
380448     DEBUG main            d.u.i.k.p.r.p.TestFile    ... success: reloaded. 
380449     INFO  main            d.u.i.k.p.r.p.TestFile    Now processing file /home/runner/work/key/key/key.core/../key.ui/examples/standard_key/inEqSimp/quadraticInEq5.key 
380450     INFO  main            d.u.i.k.p.i.AbstractProblemLoader Loading environment from /home/runner/work/key/key/key.core/../key.ui/examples/standard_key/inEqSimp/quadraticInEq5.key 
380450     DEBUG main            d.u.i.k.p.i.AbstractProblemLoader Environment load took 66.8ns 
380451     INFO  main            d.u.i.k.p.i.AbstractProblemLoader Creating init config 
383285     DEBUG main            d.u.i.k.p.i.AbstractProblemLoader Init config took 2.83s 
383300     INFO  main            d.u.i.k.p.i.AbstractProblemLoader Replaying proof quadraticInEq5.key 
383302     DEBUG main            d.u.i.k.p.i.IntermediateProofReplayer Proof replay took 3.5ns 
383406     INFO  main            d.u.i.k.p.r.p.TestFile    ... finished proof: closed. 
383898     INFO  main            d.u.i.k.p.i.AbstractProblemLoader Loading environment from /home/runner/work/key/key/key.core/../key.ui/examples/standard_key/inEqSimp/quadraticInEq5.key.proof 
383898     DEBUG main            d.u.i.k.p.i.AbstractProblemLoader Environment load took 92.7ns 
383899     INFO  main            d.u.i.k.p.i.AbstractProblemLoader Creating init config 
386673     DEBUG main            d.u.i.k.p.i.AbstractProblemLoader Init config took 2.77s 
386690     INFO  main            d.u.i.k.p.i.AbstractProblemLoader Replaying proof quadraticInEq5.key.proof 
386698     DEBUG main            d.u.i.k.p.i.IntermediateProofReplayer Proof replay took 6.01ms 
386699     DEBUG main            d.u.i.k.p.r.p.TestFile    ... success: reloaded. 
386700     INFO  main            d.u.i.k.p.r.p.TestFile    Now processing file /home/runner/work/key/key/key.core/../key.ui/examples/standard_key/inEqSimp/quadraticInEq6.key 
386700     INFO  main            d.u.i.k.p.i.AbstractProblemLoader Loading environment from /home/runner/work/key/key/key.core/../key.ui/examples/standard_key/inEqSimp/quadraticInEq6.key 
386700     DEBUG main            d.u.i.k.p.i.AbstractProblemLoader Environment load took 116.8ns 
386701     INFO  main            d.u.i.k.p.i.AbstractProblemLoader Creating init config 
389600     DEBUG main            d.u.i.k.p.i.AbstractProblemLoader Init config took 2.9s 
389618     INFO  main            d.u.i.k.p.i.AbstractProblemLoader Replaying proof quadraticInEq6.key 
389620     DEBUG main            d.u.i.k.p.i.IntermediateProofReplayer Proof replay took 4.5ns 
389723     INFO  main            d.u.i.k.p.r.p.TestFile    ... finished proof: closed. 
390183     INFO  main            d.u.i.k.p.i.AbstractProblemLoader Loading environment from /home/runner/work/key/key/key.core/../key.ui/examples/standard_key/inEqSimp/quadraticInEq6.key.proof 
390183     DEBUG main            d.u.i.k.p.i.AbstractProblemLoader Environment load took 105.6ns 
390184     INFO  main            d.u.i.k.p.i.AbstractProblemLoader Creating init config 
393063     DEBUG main            d.u.i.k.p.i.AbstractProblemLoader Init config took 2.88s 
393080     INFO  main            d.u.i.k.p.i.AbstractProblemLoader Replaying proof quadraticInEq6.key.proof 
393088     DEBUG main            d.u.i.k.p.i.IntermediateProofReplayer Proof replay took 5.92ms 
393089     DEBUG main            d.u.i.k.p.r.p.TestFile    ... success: reloaded. 
393089     INFO  main            d.u.i.k.p.r.p.TestFile    Now processing file /home/runner/work/key/key/key.core/../key.ui/examples/standard_key/inEqSimp/quadraticInEq7.key 
393090     INFO  main            d.u.i.k.p.i.AbstractProblemLoader Loading environment from /home/runner/work/key/key/key.core/../key.ui/examples/standard_key/inEqSimp/quadraticInEq7.key 
393090     DEBUG main            d.u.i.k.p.i.AbstractProblemLoader Environment load took 69ns 
393091     INFO  main            d.u.i.k.p.i.AbstractProblemLoader Creating init config 
395920     DEBUG main            d.u.i.k.p.i.AbstractProblemLoader Init config took 2.83s 
395935     INFO  main            d.u.i.k.p.i.AbstractProblemLoader Replaying proof quadraticInEq7.key 
395937     DEBUG main            d.u.i.k.p.i.IntermediateProofReplayer Proof replay took 3.7ns 
396039     INFO  main            d.u.i.k.p.r.p.TestFile    ... finished proof: closed. 
396520     INFO  main            d.u.i.k.p.i.AbstractProblemLoader Loading environment from /home/runner/work/key/key/key.core/../key.ui/examples/standard_key/inEqSimp/quadraticInEq7.key.proof 
396520     DEBUG main            d.u.i.k.p.i.AbstractProblemLoader Environment load took 155.7ns 
396522     INFO  main            d.u.i.k.p.i.AbstractProblemLoader Creating init config 
399270     DEBUG main            d.u.i.k.p.i.AbstractProblemLoader Init config took 2.75s 
399286     INFO  main            d.u.i.k.p.i.AbstractProblemLoader Replaying proof quadraticInEq7.key.proof 
399292     DEBUG main            d.u.i.k.p.i.IntermediateProofReplayer Proof replay took 3.45ms 
399293     DEBUG main            d.u.i.k.p.r.p.TestFile    ... success: reloaded. 
399293     INFO  main            d.u.i.k.p.r.p.TestFile    Now processing file /home/runner/work/key/key/key.core/../key.ui/examples/standard_key/inEqSimp/quadraticInEq8.key 
399294     INFO  main            d.u.i.k.p.i.AbstractProblemLoader Loading environment from /home/runner/work/key/key/key.core/../key.ui/examples/standard_key/inEqSimp/quadraticInEq8.key 
399294     DEBUG main            d.u.i.k.p.i.AbstractProblemLoader Environment load took 200.8ns 
399295     INFO  main            d.u.i.k.p.i.AbstractProblemLoader Creating init config 
402121     DEBUG main            d.u.i.k.p.i.AbstractProblemLoader Init config took 2.83s 
402138     INFO  main            d.u.i.k.p.i.AbstractProblemLoader Replaying proof quadraticInEq8.key 
402139     DEBUG main            d.u.i.k.p.i.IntermediateProofReplayer Proof replay took 10.9ns 
402343     INFO  main            d.u.i.k.p.r.p.TestFile    ... finished proof: closed. 
402828     INFO  main            d.u.i.k.p.i.AbstractProblemLoader Loading environment from /home/runner/work/key/key/key.core/../key.ui/examples/standard_key/inEqSimp/quadraticInEq8.key.proof 
402828     DEBUG main            d.u.i.k.p.i.AbstractProblemLoader Environment load took 108.7ns 
402830     INFO  main            d.u.i.k.p.i.AbstractProblemLoader Creating init config 
405624     DEBUG main            d.u.i.k.p.i.AbstractProblemLoader Init config took 2.79s 
405641     INFO  main            d.u.i.k.p.i.AbstractProblemLoader Replaying proof quadraticInEq8.key.proof 
405653     DEBUG main            d.u.i.k.p.i.IntermediateProofReplayer Proof replay took 9.88ms 
405654     DEBUG main            d.u.i.k.p.r.p.TestFile    ... success: reloaded. 
405655     INFO  main            d.u.i.k.p.r.p.TestFile    Now processing file /home/runner/work/key/key/key.core/../key.ui/examples/standard_key/inEqSimp/simplify0.key 
405655     INFO  main            d.u.i.k.p.i.AbstractProblemLoader Loading environment from /home/runner/work/key/key/key.core/../key.ui/examples/standard_key/inEqSimp/simplify0.key 
405655     DEBUG main            d.u.i.k.p.i.AbstractProblemLoader Environment load took 54.8ns 
405656     INFO  main            d.u.i.k.p.i.AbstractProblemLoader Creating init config 
408443     DEBUG main            d.u.i.k.p.i.AbstractProblemLoader Init config took 2.79s 
408461     INFO  main            d.u.i.k.p.i.AbstractProblemLoader Replaying proof simplify0.key 
408463     DEBUG main            d.u.i.k.p.i.IntermediateProofReplayer Proof replay took 4.4ns 
408566     INFO  main            d.u.i.k.p.r.p.TestFile    ... finished proof: closed. 
409046     INFO  main            d.u.i.k.p.i.AbstractProblemLoader Loading environment from /home/runner/work/key/key/key.core/../key.ui/examples/standard_key/inEqSimp/simplify0.key.proof 
409046     DEBUG main            d.u.i.k.p.i.AbstractProblemLoader Environment load took 102.1ns 
409048     INFO  main            d.u.i.k.p.i.AbstractProblemLoader Creating init config 
411853     DEBUG main            d.u.i.k.p.i.AbstractProblemLoader Init config took 2.8s 
411871     INFO  main            d.u.i.k.p.i.AbstractProblemLoader Replaying proof simplify0.key.proof 
411876     DEBUG main            d.u.i.k.p.i.IntermediateProofReplayer Proof replay took 3.1ms 
411877     DEBUG main            d.u.i.k.p.r.p.TestFile    ... success: reloaded. 
411877     INFO  main            d.u.i.k.p.r.p.TestFile    Now processing file /home/runner/work/key/key/key.core/../key.ui/examples/standard_key/inEqSimp/simplify1.key 
411878     INFO  main            d.u.i.k.p.i.AbstractProblemLoader Loading environment from /home/runner/work/key/key/key.core/../key.ui/examples/standard_key/inEqSimp/simplify1.key 
411878     DEBUG main            d.u.i.k.p.i.AbstractProblemLoader Environment load took 155.6ns 
411879     INFO  main            d.u.i.k.p.i.AbstractProblemLoader Creating init config 
414743     DEBUG main            d.u.i.k.p.i.AbstractProblemLoader Init config took 2.86s 
414759     INFO  main            d.u.i.k.p.i.AbstractProblemLoader Replaying proof simplify1.key 
414760     DEBUG main            d.u.i.k.p.i.IntermediateProofReplayer Proof replay took 3.8ns 
414866     INFO  main            d.u.i.k.p.r.p.TestFile    ... finished proof: closed. 
415364     INFO  main            d.u.i.k.p.i.AbstractProblemLoader Loading environment from /home/runner/work/key/key/key.core/../key.ui/examples/standard_key/inEqSimp/simplify1.key.proof 
415364     DEBUG main            d.u.i.k.p.i.AbstractProblemLoader Environment load took 141.4ns 
415365     INFO  main            d.u.i.k.p.i.AbstractProblemLoader Creating init config 
418163     DEBUG main            d.u.i.k.p.i.AbstractProblemLoader Init config took 2.8s 
418180     INFO  main            d.u.i.k.p.i.AbstractProblemLoader Replaying proof simplify1.key.proof 
418184     DEBUG main            d.u.i.k.p.i.IntermediateProofReplayer Proof replay took 1.71ms 
418184     DEBUG main            d.u.i.k.p.r.p.TestFile    ... success: reloaded. 
418185     INFO  main            d.u.i.k.p.r.p.TestFile    Now processing file /home/runner/work/key/key/key.core/../key.ui/examples/standard_key/inEqSimp/simplify2.key 
418185     INFO  main            d.u.i.k.p.i.AbstractProblemLoader Loading environment from /home/runner/work/key/key/key.core/../key.ui/examples/standard_key/inEqSimp/simplify2.key 
418185     DEBUG main            d.u.i.k.p.i.AbstractProblemLoader Environment load took 55.7ns 
418186     INFO  main            d.u.i.k.p.i.AbstractProblemLoader Creating init config 
421048     DEBUG main            d.u.i.k.p.i.AbstractProblemLoader Init config took 2.86s 
421065     INFO  main            d.u.i.k.p.i.AbstractProblemLoader Replaying proof simplify2.key 
421067     DEBUG main            d.u.i.k.p.i.IntermediateProofReplayer Proof replay took 3.7ns 
421269     INFO  main            d.u.i.k.p.r.p.TestFile    ... finished proof: closed. 
421776     INFO  main            d.u.i.k.p.i.AbstractProblemLoader Loading environment from /home/runner/work/key/key/key.core/../key.ui/examples/standard_key/inEqSimp/simplify2.key.proof 
421776     DEBUG main            d.u.i.k.p.i.AbstractProblemLoader Environment load took 192.3ns 
421778     INFO  main            d.u.i.k.p.i.AbstractProblemLoader Creating init config 
424562     DEBUG main            d.u.i.k.p.i.AbstractProblemLoader Init config took 2.78s 
424579     INFO  main            d.u.i.k.p.i.AbstractProblemLoader Replaying proof simplify2.key.proof 
424597     DEBUG main            d.u.i.k.p.i.IntermediateProofReplayer Proof replay took 14.88ms 
424598     DEBUG main            d.u.i.k.p.r.p.TestFile    ... success: reloaded. 
424599     INFO  main            d.u.i.k.p.r.p.TestFile    Now processing file /home/runner/work/key/key/key.core/../key.ui/examples/standard_key/inEqSimp/simplify3.key 
424599     INFO  main            d.u.i.k.p.i.AbstractProblemLoader Loading environment from /home/runner/work/key/key/key.core/../key.ui/examples/standard_key/inEqSimp/simplify3.key 
424599     DEBUG main            d.u.i.k.p.i.AbstractProblemLoader Environment load took 119.8ns 
424600     INFO  main            d.u.i.k.p.i.AbstractProblemLoader Creating init config 
427407     DEBUG main            d.u.i.k.p.i.AbstractProblemLoader Init config took 2.81s 
427423     INFO  main            d.u.i.k.p.i.AbstractProblemLoader Replaying proof simplify3.key 
427424     DEBUG main            d.u.i.k.p.i.IntermediateProofReplayer Proof replay took 3.4ns 
427526     INFO  main            d.u.i.k.p.r.p.TestFile    ... finished proof: closed. 
428022     INFO  main            d.u.i.k.p.i.AbstractProblemLoader Loading environment from /home/runner/work/key/key/key.core/../key.ui/examples/standard_key/inEqSimp/simplify3.key.proof 
428022     DEBUG main            d.u.i.k.p.i.AbstractProblemLoader Environment load took 84.3ns 
428023     INFO  main            d.u.i.k.p.i.AbstractProblemLoader Creating init config 
430845     DEBUG main            d.u.i.k.p.i.AbstractProblemLoader Init config took 2.82s 
430861     INFO  main            d.u.i.k.p.i.AbstractProblemLoader Replaying proof simplify3.key.proof 
430866     DEBUG main            d.u.i.k.p.i.IntermediateProofReplayer Proof replay took 2.56ms 
430866     DEBUG main            d.u.i.k.p.r.p.TestFile    ... success: reloaded. 
430867     INFO  main            d.u.i.k.p.r.p.TestFile    Now processing file /home/runner/work/key/key/key.core/../key.ui/examples/standard_key/inEqSimp/simplify4.key 
430867     INFO  main            d.u.i.k.p.i.AbstractProblemLoader Loading environment from /home/runner/work/key/key/key.core/../key.ui/examples/standard_key/inEqSimp/simplify4.key 
430867     DEBUG main            d.u.i.k.p.i.AbstractProblemLoader Environment load took 77.6ns 
430868     INFO  main            d.u.i.k.p.i.AbstractProblemLoader Creating init config 
433672     DEBUG main            d.u.i.k.p.i.AbstractProblemLoader Init config took 2.8s 
433693     INFO  main            d.u.i.k.p.i.AbstractProblemLoader Replaying proof simplify4.key 
433698     DEBUG main            d.u.i.k.p.i.IntermediateProofReplayer Proof replay took 4.4ns 
433900     INFO  main            d.u.i.k.p.r.p.TestFile    ... finished proof: closed. 
434403     INFO  main            d.u.i.k.p.i.AbstractProblemLoader Loading environment from /home/runner/work/key/key/key.core/../key.ui/examples/standard_key/inEqSimp/simplify4.key.proof 
434403     DEBUG main            d.u.i.k.p.i.AbstractProblemLoader Environment load took 83.5ns 
434404     INFO  main            d.u.i.k.p.i.AbstractProblemLoader Creating init config 
437188     DEBUG main            d.u.i.k.p.i.AbstractProblemLoader Init config took 2.78s 
437205     INFO  main            d.u.i.k.p.i.AbstractProblemLoader Replaying proof simplify4.key.proof 
437226     DEBUG main            d.u.i.k.p.i.IntermediateProofReplayer Proof replay took 17.69ms 
437227     DEBUG main            d.u.i.k.p.r.p.TestFile    ... success: reloaded. 
437228     INFO  main            d.u.i.k.p.r.p.TestFile    Now processing file /home/runner/work/key/key/key.core/../key.ui/examples/standard_key/inEqSimp/simplify5.key 
437228     INFO  main            d.u.i.k.p.i.AbstractProblemLoader Loading environment from /home/runner/work/key/key/key.core/../key.ui/examples/standard_key/inEqSimp/simplify5.key 
437228     DEBUG main            d.u.i.k.p.i.AbstractProblemLoader Environment load took 242.5ns 
437230     INFO  main            d.u.i.k.p.i.AbstractProblemLoader Creating init config 
440083     DEBUG main            d.u.i.k.p.i.AbstractProblemLoader Init config took 2.85s 
440099     INFO  main            d.u.i.k.p.i.AbstractProblemLoader Replaying proof simplify5.key 
440101     DEBUG main            d.u.i.k.p.i.IntermediateProofReplayer Proof replay took 3.5ns 
440908     INFO  main            d.u.i.k.p.r.p.TestFile    ... finished proof: closed. 
441437     INFO  main            d.u.i.k.p.i.AbstractProblemLoader Loading environment from /home/runner/work/key/key/key.core/../key.ui/examples/standard_key/inEqSimp/simplify5.key.proof 
441437     DEBUG main            d.u.i.k.p.i.AbstractProblemLoader Environment load took 204.4ns 
441438     INFO  main            d.u.i.k.p.i.AbstractProblemLoader Creating init config 
444175     DEBUG main            d.u.i.k.p.i.AbstractProblemLoader Init config took 2.74s 
444192     INFO  main            d.u.i.k.p.i.AbstractProblemLoader Replaying proof simplify5.key.proof 
444267     DEBUG main            d.u.i.k.p.i.IntermediateProofReplayer Proof replay took 69.19ms 
444268     DEBUG main            d.u.i.k.p.r.p.TestFile    ... success: reloaded. 
444269     INFO  main            d.u.i.k.p.r.p.TestFile    Now processing file /home/runner/work/key/key/key.core/../key.ui/examples/standard_key/inEqSimp/subsumptionExample.key 
444269     INFO  main            d.u.i.k.p.i.AbstractProblemLoader Loading environment from /home/runner/work/key/key/key.core/../key.ui/examples/standard_key/inEqSimp/subsumptionExample.key 
444269     DEBUG main            d.u.i.k.p.i.AbstractProblemLoader Environment load took 82ns 
444270     INFO  main            d.u.i.k.p.i.AbstractProblemLoader Creating init config 
447091     DEBUG main            d.u.i.k.p.i.AbstractProblemLoader Init config took 2.82s 
447108     INFO  main            d.u.i.k.p.i.AbstractProblemLoader Replaying proof subsumptionExample.key 
447109     DEBUG main            d.u.i.k.p.i.IntermediateProofReplayer Proof replay took 4ns 
447211     INFO  main            d.u.i.k.p.r.p.TestFile    ... finished proof: closed. 
447758     INFO  main            d.u.i.k.p.i.AbstractProblemLoader Loading environment from /home/runner/work/key/key/key.core/../key.ui/examples/standard_key/inEqSimp/subsumptionExample.key.proof 
447758     DEBUG main            d.u.i.k.p.i.AbstractProblemLoader Environment load took 95.8ns 
447759     INFO  main            d.u.i.k.p.i.AbstractProblemLoader Creating init config 
450577     DEBUG main            d.u.i.k.p.i.AbstractProblemLoader Init config took 2.82s 
450594     INFO  main            d.u.i.k.p.i.AbstractProblemLoader Replaying proof subsumptionExample.key.proof 
450596     DEBUG main            d.u.i.k.p.i.IntermediateProofReplayer Proof replay took 1.01ms 
450597     DEBUG main            d.u.i.k.p.r.p.TestFile    ... success: reloaded. 
450597     INFO  main            d.u.i.k.p.r.p.TestFile    Now processing file /home/runner/work/key/key/key.core/../key.ui/examples/standard_key/polySimp/simplify0.key 
450598     INFO  main            d.u.i.k.p.i.AbstractProblemLoader Loading environment from /home/runner/work/key/key/key.core/../key.ui/examples/standard_key/polySimp/simplify0.key 
450598     DEBUG main            d.u.i.k.p.i.AbstractProblemLoader Environment load took 60.3ns 
450599     INFO  main            d.u.i.k.p.i.AbstractProblemLoader Creating init config 
453434     DEBUG main            d.u.i.k.p.i.AbstractProblemLoader Init config took 2.83s 
453450     INFO  main            d.u.i.k.p.i.AbstractProblemLoader Replaying proof simplify0.key 
453451     DEBUG main            d.u.i.k.p.i.IntermediateProofReplayer Proof replay took 3.9ns 
453754     INFO  main            d.u.i.k.p.r.p.TestFile    ... finished proof: closed. 
454300     INFO  main            d.u.i.k.p.i.AbstractProblemLoader Loading environment from /home/runner/work/key/key/key.core/../key.ui/examples/standard_key/polySimp/simplify0.key.proof 
454300     DEBUG main            d.u.i.k.p.i.AbstractProblemLoader Environment load took 85.6ns 
454302     INFO  main            d.u.i.k.p.i.AbstractProblemLoader Creating init config 
457133     DEBUG main            d.u.i.k.p.i.AbstractProblemLoader Init config took 2.83s 
457154     INFO  main            d.u.i.k.p.i.AbstractProblemLoader Replaying proof simplify0.key.proof 
457180     DEBUG main            d.u.i.k.p.i.IntermediateProofReplayer Proof replay took 21.01ms 
457182     DEBUG main            d.u.i.k.p.r.p.TestFile    ... success: reloaded. 
457182     INFO  main            d.u.i.k.p.r.p.TestFile    Now processing file /home/runner/work/key/key/key.core/../key.ui/examples/standard_key/polySimp/simplify1.key 
457182     INFO  main            d.u.i.k.p.i.AbstractProblemLoader Loading environment from /home/runner/work/key/key/key.core/../key.ui/examples/standard_key/polySimp/simplify1.key 
457183     DEBUG main            d.u.i.k.p.i.AbstractProblemLoader Environment load took 131ns 
457184     INFO  main            d.u.i.k.p.i.AbstractProblemLoader Creating init config 
460009     DEBUG main            d.u.i.k.p.i.AbstractProblemLoader Init config took 2.83s 
460026     INFO  main            d.u.i.k.p.i.AbstractProblemLoader Replaying proof simplify1.key 
460027     DEBUG main            d.u.i.k.p.i.IntermediateProofReplayer Proof replay took 3.6ns 
460460     INFO  main            d.u.i.k.p.r.p.TestFile    ... finished proof: closed. 
461029     INFO  main            d.u.i.k.p.i.AbstractProblemLoader Loading environment from /home/runner/work/key/key/key.core/../key.ui/examples/standard_key/polySimp/simplify1.key.proof 
461029     DEBUG main            d.u.i.k.p.i.AbstractProblemLoader Environment load took 112.4ns 
461031     INFO  main            d.u.i.k.p.i.AbstractProblemLoader Creating init config 
463846     DEBUG main            d.u.i.k.p.i.AbstractProblemLoader Init config took 2.82s 
463864     INFO  main            d.u.i.k.p.i.AbstractProblemLoader Replaying proof simplify1.key.proof 
463902     DEBUG main            d.u.i.k.p.i.IntermediateProofReplayer Proof replay took 35.04ms 
463903     DEBUG main            d.u.i.k.p.r.p.TestFile    ... success: reloaded. 
463903     INFO  main            d.u.i.k.p.r.p.TestFile    Now processing file /home/runner/work/key/key/key.core/../key.ui/examples/standard_key/polySimp/simplify10.key 
463904     INFO  main            d.u.i.k.p.i.AbstractProblemLoader Loading environment from /home/runner/work/key/key/key.core/../key.ui/examples/standard_key/polySimp/simplify10.key 
463904     DEBUG main            d.u.i.k.p.i.AbstractProblemLoader Environment load took 160.2ns 
463906     INFO  main            d.u.i.k.p.i.AbstractProblemLoader Creating init config 
466821     DEBUG main            d.u.i.k.p.i.AbstractProblemLoader Init config took 2.91s 
466838     INFO  main            d.u.i.k.p.i.AbstractProblemLoader Replaying proof simplify10.key 
466839     DEBUG main            d.u.i.k.p.i.IntermediateProofReplayer Proof replay took 3.9ns 
467142     INFO  main            d.u.i.k.p.r.p.TestFile    ... finished proof: closed. 
467739     INFO  main            d.u.i.k.p.i.AbstractProblemLoader Loading environment from /home/runner/work/key/key/key.core/../key.ui/examples/standard_key/polySimp/simplify10.key.proof 
467739     DEBUG main            d.u.i.k.p.i.AbstractProblemLoader Environment load took 96.5ns 
467740     INFO  main            d.u.i.k.p.i.AbstractProblemLoader Creating init config 
470607     DEBUG main            d.u.i.k.p.i.AbstractProblemLoader Init config took 2.87s 
470626     INFO  main            d.u.i.k.p.i.AbstractProblemLoader Replaying proof simplify10.key.proof 
470670     DEBUG main            d.u.i.k.p.i.IntermediateProofReplayer Proof replay took 40.99ms 
470672     DEBUG main            d.u.i.k.p.r.p.TestFile    ... success: reloaded. 
470673     INFO  main            d.u.i.k.p.r.p.TestFile    Now processing file /home/runner/work/key/key/key.core/../key.ui/examples/standard_key/polySimp/simplify11.key 
470673     INFO  main            d.u.i.k.p.i.AbstractProblemLoader Loading environment from /home/runner/work/key/key/key.core/../key.ui/examples/standard_key/polySimp/simplify11.key 
470673     DEBUG main            d.u.i.k.p.i.AbstractProblemLoader Environment load took 57.7ns 
470674     INFO  main            d.u.i.k.p.i.AbstractProblemLoader Creating init config 
473565     DEBUG main            d.u.i.k.p.i.AbstractProblemLoader Init config took 2.89s 
473581     INFO  main            d.u.i.k.p.i.AbstractProblemLoader Replaying proof simplify11.key 
473582     DEBUG main            d.u.i.k.p.i.IntermediateProofReplayer Proof replay took 3.4ns 
473885     INFO  main            d.u.i.k.p.r.p.TestFile    ... finished proof: closed. 
474483     INFO  main            d.u.i.k.p.i.AbstractProblemLoader Loading environment from /home/runner/work/key/key/key.core/../key.ui/examples/standard_key/polySimp/simplify11.key.proof 
474483     DEBUG main            d.u.i.k.p.i.AbstractProblemLoader Environment load took 85.2ns 
474485     INFO  main            d.u.i.k.p.i.AbstractProblemLoader Creating init config 
477268     DEBUG main            d.u.i.k.p.i.AbstractProblemLoader Init config took 2.78s 
477284     INFO  main            d.u.i.k.p.i.AbstractProblemLoader Replaying proof simplify11.key.proof 
477314     DEBUG main            d.u.i.k.p.i.IntermediateProofReplayer Proof replay took 27.31ms 
477315     DEBUG main            d.u.i.k.p.r.p.TestFile    ... success: reloaded. 
477316     INFO  main            d.u.i.k.p.r.p.TestFile    Now processing file /home/runner/work/key/key/key.core/../key.ui/examples/standard_key/polySimp/simplify12.key 
477316     INFO  main            d.u.i.k.p.i.AbstractProblemLoader Loading environment from /home/runner/work/key/key/key.core/../key.ui/examples/standard_key/polySimp/simplify12.key 
477316     DEBUG main            d.u.i.k.p.i.AbstractProblemLoader Environment load took 54ns 
477317     INFO  main            d.u.i.k.p.i.AbstractProblemLoader Creating init config 
480178     DEBUG main            d.u.i.k.p.i.AbstractProblemLoader Init config took 2.86s 
480196     INFO  main            d.u.i.k.p.i.AbstractProblemLoader Replaying proof simplify12.key 
480199     DEBUG main            d.u.i.k.p.i.IntermediateProofReplayer Proof replay took 4.4ns 
480402     INFO  main            d.u.i.k.p.r.p.TestFile    ... finished proof: closed. 
481015     INFO  main            d.u.i.k.p.i.AbstractProblemLoader Loading environment from /home/runner/work/key/key/key.core/../key.ui/examples/standard_key/polySimp/simplify12.key.proof 
481015     DEBUG main            d.u.i.k.p.i.AbstractProblemLoader Environment load took 88.6ns 
481016     INFO  main            d.u.i.k.p.i.AbstractProblemLoader Creating init config 
483865     DEBUG main            d.u.i.k.p.i.AbstractProblemLoader Init config took 2.85s 
483881     INFO  main            d.u.i.k.p.i.AbstractProblemLoader Replaying proof simplify12.key.proof 
483897     DEBUG main            d.u.i.k.p.i.IntermediateProofReplayer Proof replay took 13.09ms 
483898     DEBUG main            d.u.i.k.p.r.p.TestFile    ... success: reloaded. 
483898     INFO  main            d.u.i.k.p.r.p.TestFile    Now processing file /home/runner/work/key/key/key.core/../key.ui/examples/standard_key/polySimp/simplify13.key 
483898     INFO  main            d.u.i.k.p.i.AbstractProblemLoader Loading environment from /home/runner/work/key/key/key.core/../key.ui/examples/standard_key/polySimp/simplify13.key 
483898     DEBUG main            d.u.i.k.p.i.AbstractProblemLoader Environment load took 58ns 
483899     INFO  main            d.u.i.k.p.i.AbstractProblemLoader Creating init config 
486727     DEBUG main            d.u.i.k.p.i.AbstractProblemLoader Init config took 2.83s 
486743     INFO  main            d.u.i.k.p.i.AbstractProblemLoader Replaying proof simplify13.key 
486745     DEBUG main            d.u.i.k.p.i.IntermediateProofReplayer Proof replay took 2.7ns 
486847     INFO  main            d.u.i.k.p.r.p.TestFile    ... finished proof: closed. 
487423     INFO  main            d.u.i.k.p.i.AbstractProblemLoader Loading environment from /home/runner/work/key/key/key.core/../key.ui/examples/standard_key/polySimp/simplify13.key.proof 
487423     DEBUG main            d.u.i.k.p.i.AbstractProblemLoader Environment load took 81.3ns 
487426     INFO  main            d.u.i.k.p.i.AbstractProblemLoader Creating init config 
490231     DEBUG main            d.u.i.k.p.i.AbstractProblemLoader Init config took 2.8s 
490249     INFO  main            d.u.i.k.p.i.AbstractProblemLoader Replaying proof simplify13.key.proof 
490258     DEBUG main            d.u.i.k.p.i.IntermediateProofReplayer Proof replay took 6.89ms 
490259     DEBUG main            d.u.i.k.p.r.p.TestFile    ... success: reloaded. 
490260     INFO  main            d.u.i.k.p.r.p.TestFile    Now processing file /home/runner/work/key/key/key.core/../key.ui/examples/standard_key/polySimp/simplify14.key 
490260     INFO  main            d.u.i.k.p.i.AbstractProblemLoader Loading environment from /home/runner/work/key/key/key.core/../key.ui/examples/standard_key/polySimp/simplify14.key 
490260     DEBUG main            d.u.i.k.p.i.AbstractProblemLoader Environment load took 54.3ns 
490261     INFO  main            d.u.i.k.p.i.AbstractProblemLoader Creating init config 
493125     DEBUG main            d.u.i.k.p.i.AbstractProblemLoader Init config took 2.86s 
493141     INFO  main            d.u.i.k.p.i.AbstractProblemLoader Replaying proof simplify14.key 
493142     DEBUG main            d.u.i.k.p.i.IntermediateProofReplayer Proof replay took 2.5ns 
493244     INFO  main            d.u.i.k.p.r.p.TestFile    ... finished proof: closed. 
493821     INFO  main            d.u.i.k.p.i.AbstractProblemLoader Loading environment from /home/runner/work/key/key/key.core/../key.ui/examples/standard_key/polySimp/simplify14.key.proof 
493821     DEBUG main            d.u.i.k.p.i.AbstractProblemLoader Environment load took 76.1ns 
493822     INFO  main            d.u.i.k.p.i.AbstractProblemLoader Creating init config 
496593     DEBUG main            d.u.i.k.p.i.AbstractProblemLoader Init config took 2.77s 
496609     INFO  main            d.u.i.k.p.i.AbstractProblemLoader Replaying proof simplify14.key.proof 
496612     DEBUG main            d.u.i.k.p.i.IntermediateProofReplayer Proof replay took 1.96ms 
496614     DEBUG main            d.u.i.k.p.r.p.TestFile    ... success: reloaded. 
496614     INFO  main            d.u.i.k.p.r.p.TestFile    Now processing file /home/runner/work/key/key/key.core/../key.ui/examples/standard_key/polySimp/simplify15.key 
496614     INFO  main            d.u.i.k.p.i.AbstractProblemLoader Loading environment from /home/runner/work/key/key/key.core/../key.ui/examples/standard_key/polySimp/simplify15.key 
496614     DEBUG main            d.u.i.k.p.i.AbstractProblemLoader Environment load took 124.6ns 
496615     INFO  main            d.u.i.k.p.i.AbstractProblemLoader Creating init config 
499460     DEBUG main            d.u.i.k.p.i.AbstractProblemLoader Init config took 2.84s 
499476     INFO  main            d.u.i.k.p.i.AbstractProblemLoader Replaying proof simplify15.key 
499478     DEBUG main            d.u.i.k.p.i.IntermediateProofReplayer Proof replay took 3.4ns 
499579     INFO  main            d.u.i.k.p.r.p.TestFile    ... finished proof: closed. 
500186     INFO  main            d.u.i.k.p.i.AbstractProblemLoader Loading environment from /home/runner/work/key/key/key.core/../key.ui/examples/standard_key/polySimp/simplify15.key.proof 
500186     DEBUG main            d.u.i.k.p.i.AbstractProblemLoader Environment load took 80.4ns 
500187     INFO  main            d.u.i.k.p.i.AbstractProblemLoader Creating init config 
502978     DEBUG main            d.u.i.k.p.i.AbstractProblemLoader Init config took 2.79s 
502994     INFO  main            d.u.i.k.p.i.AbstractProblemLoader Replaying proof simplify15.key.proof 
502996     DEBUG main            d.u.i.k.p.i.IntermediateProofReplayer Proof replay took 864.71ns 
502997     DEBUG main            d.u.i.k.p.r.p.TestFile    ... success: reloaded. 
502997     INFO  main            d.u.i.k.p.r.p.TestFile    Now processing file /home/runner/work/key/key/key.core/../key.ui/examples/standard_key/polySimp/simplify16.key 
502998     INFO  main            d.u.i.k.p.i.AbstractProblemLoader Loading environment from /home/runner/work/key/key/key.core/../key.ui/examples/standard_key/polySimp/simplify16.key 
502998     DEBUG main            d.u.i.k.p.i.AbstractProblemLoader Environment load took 48.7ns 
502998     INFO  main            d.u.i.k.p.i.AbstractProblemLoader Creating init config 
505863     DEBUG main            d.u.i.k.p.i.AbstractProblemLoader Init config took 2.86s 
505879     INFO  main            d.u.i.k.p.i.AbstractProblemLoader Replaying proof simplify16.key 
505880     DEBUG main            d.u.i.k.p.i.IntermediateProofReplayer Proof replay took 3.2ns 
505982     INFO  main            d.u.i.k.p.r.p.TestFile    ... finished proof: closed. 
506590     INFO  main            d.u.i.k.p.i.AbstractProblemLoader Loading environment from /home/runner/work/key/key/key.core/../key.ui/examples/standard_key/polySimp/simplify16.key.proof 
506590     DEBUG main            d.u.i.k.p.i.AbstractProblemLoader Environment load took 88.5ns 
506591     INFO  main            d.u.i.k.p.i.AbstractProblemLoader Creating init config 
509401     DEBUG main            d.u.i.k.p.i.AbstractProblemLoader Init config took 2.81s 
509417     INFO  main            d.u.i.k.p.i.AbstractProblemLoader Replaying proof simplify16.key.proof 
509419     DEBUG main            d.u.i.k.p.i.IntermediateProofReplayer Proof replay took 630ns 
509419     DEBUG main            d.u.i.k.p.r.p.TestFile    ... success: reloaded. 
509420     INFO  main            d.u.i.k.p.r.p.TestFile    Now processing file /home/runner/work/key/key/key.core/../key.ui/examples/standard_key/polySimp/simplify17.key 
509420     INFO  main            d.u.i.k.p.i.AbstractProblemLoader Loading environment from /home/runner/work/key/key/key.core/../key.ui/examples/standard_key/polySimp/simplify17.key 
509420     DEBUG main            d.u.i.k.p.i.AbstractProblemLoader Environment load took 107.8ns 
509421     INFO  main            d.u.i.k.p.i.AbstractProblemLoader Creating init config 
512264     DEBUG main            d.u.i.k.p.i.AbstractProblemLoader Init config took 2.84s 
512280     INFO  main            d.u.i.k.p.i.AbstractProblemLoader Replaying proof simplify17.key 
512281     DEBUG main            d.u.i.k.p.i.IntermediateProofReplayer Proof replay took 2.6ns 
512383     INFO  main            d.u.i.k.p.r.p.TestFile    ... finished proof: closed. 
512972     INFO  main            d.u.i.k.p.i.AbstractProblemLoader Loading environment from /home/runner/work/key/key/key.core/../key.ui/examples/standard_key/polySimp/simplify17.key.proof 
512972     DEBUG main            d.u.i.k.p.i.AbstractProblemLoader Environment load took 99.2ns 
512974     INFO  main            d.u.i.k.p.i.AbstractProblemLoader Creating init config 
515825     DEBUG main            d.u.i.k.p.i.AbstractProblemLoader Init config took 2.85s 
515841     INFO  main            d.u.i.k.p.i.AbstractProblemLoader Replaying proof simplify17.key.proof 
515851     DEBUG main            d.u.i.k.p.i.IntermediateProofReplayer Proof replay took 7.76ms 
515851     DEBUG main            d.u.i.k.p.r.p.TestFile    ... success: reloaded. 
515852     INFO  main            d.u.i.k.p.r.p.TestFile    Now processing file /home/runner/work/key/key/key.core/../key.ui/examples/standard_key/polySimp/simplify18.key 
515852     INFO  main            d.u.i.k.p.i.AbstractProblemLoader Loading environment from /home/runner/work/key/key/key.core/../key.ui/examples/standard_key/polySimp/simplify18.key 
515852     DEBUG main            d.u.i.k.p.i.AbstractProblemLoader Environment load took 152.6ns 
515854     INFO  main            d.u.i.k.p.i.AbstractProblemLoader Creating init config 
518709     DEBUG main            d.u.i.k.p.i.AbstractProblemLoader Init config took 2.86s 
518745     INFO  main            d.u.i.k.p.i.AbstractProblemLoader Replaying proof simplify18.key 
518746     DEBUG main            d.u.i.k.p.i.IntermediateProofReplayer Proof replay took 3.5ns 
518949     INFO  main            d.u.i.k.p.r.p.TestFile    ... finished proof: closed. 
519575     INFO  main            d.u.i.k.p.i.AbstractProblemLoader Loading environment from /home/runner/work/key/key/key.core/../key.ui/examples/standard_key/polySimp/simplify18.key.proof 
519575     DEBUG main            d.u.i.k.p.i.AbstractProblemLoader Environment load took 92.6ns 
519576     INFO  main            d.u.i.k.p.i.AbstractProblemLoader Creating init config 
522355     DEBUG main            d.u.i.k.p.i.AbstractProblemLoader Init config took 2.78s 
522373     INFO  main            d.u.i.k.p.i.AbstractProblemLoader Replaying proof simplify18.key.proof 
522396     DEBUG main            d.u.i.k.p.i.IntermediateProofReplayer Proof replay took 20.77ms 
522397     DEBUG main            d.u.i.k.p.r.p.TestFile    ... success: reloaded. 
522398     INFO  main            d.u.i.k.p.r.p.TestFile    Now processing file /home/runner/work/key/key/key.core/../key.ui/examples/standard_key/polySimp/simplify19.key 
522398     INFO  main            d.u.i.k.p.i.AbstractProblemLoader Loading environment from /home/runner/work/key/key/key.core/../key.ui/examples/standard_key/polySimp/simplify19.key 
522398     DEBUG main            d.u.i.k.p.i.AbstractProblemLoader Environment load took 76.1ns 
522399     INFO  main            d.u.i.k.p.i.AbstractProblemLoader Creating init config 
525228     DEBUG main            d.u.i.k.p.i.AbstractProblemLoader Init config took 2.83s 
525245     INFO  main            d.u.i.k.p.i.AbstractProblemLoader Replaying proof simplify19.key 
525246     DEBUG main            d.u.i.k.p.i.IntermediateProofReplayer Proof replay took 3.4ns 
529497     INFO  main            d.u.i.k.p.r.p.TestFile    ... finished proof: closed. 
530300     INFO  main            d.u.i.k.p.i.AbstractProblemLoader Loading environment from /home/runner/work/key/key/key.core/../key.ui/examples/standard_key/polySimp/simplify19.key.proof 
530301     DEBUG main            d.u.i.k.p.i.AbstractProblemLoader Environment load took 492.5ns 
530303     INFO  main            d.u.i.k.p.i.AbstractProblemLoader Creating init config 
533044     DEBUG main            d.u.i.k.p.i.AbstractProblemLoader Init config took 2.74s 
533062     INFO  main            d.u.i.k.p.i.AbstractProblemLoader Replaying proof simplify19.key.proof 
533396     DEBUG main            d.u.i.k.p.i.IntermediateProofReplayer Proof replay took 320.15ms 
533397     DEBUG main            d.u.i.k.p.r.p.TestFile    ... success: reloaded. 
533398     INFO  main            d.u.i.k.p.r.p.TestFile    Now processing file /home/runner/work/key/key/key.core/../key.ui/examples/standard_key/polySimp/simplify2.key 
533398     INFO  main            d.u.i.k.p.i.AbstractProblemLoader Loading environment from /home/runner/work/key/key/key.core/../key.ui/examples/standard_key/polySimp/simplify2.key 
533398     DEBUG main            d.u.i.k.p.i.AbstractProblemLoader Environment load took 72.3ns 
533399     INFO  main            d.u.i.k.p.i.AbstractProblemLoader Creating init config 
536252     DEBUG main            d.u.i.k.p.i.AbstractProblemLoader Init config took 2.85s 
536268     INFO  main            d.u.i.k.p.i.AbstractProblemLoader Replaying proof simplify2.key 
536270     DEBUG main            d.u.i.k.p.i.IntermediateProofReplayer Proof replay took 3.5ns 
536372     INFO  main            d.u.i.k.p.r.p.TestFile    ... finished proof: closed. 
537036     INFO  main            d.u.i.k.p.i.AbstractProblemLoader Loading environment from /home/runner/work/key/key/key.core/../key.ui/examples/standard_key/polySimp/simplify2.key.proof 
537036     DEBUG main            d.u.i.k.p.i.AbstractProblemLoader Environment load took 78.1ns 
537037     INFO  main            d.u.i.k.p.i.AbstractProblemLoader Creating init config 
539801     DEBUG main            d.u.i.k.p.i.AbstractProblemLoader Init config took 2.76s 
539817     INFO  main            d.u.i.k.p.i.AbstractProblemLoader Replaying proof simplify2.key.proof 
539820     DEBUG main            d.u.i.k.p.i.IntermediateProofReplayer Proof replay took 1.22ms 
539821     DEBUG main            d.u.i.k.p.r.p.TestFile    ... success: reloaded. 
539821     INFO  main            d.u.i.k.p.r.p.TestFile    Now processing file /home/runner/work/key/key/key.core/../key.ui/examples/standard_key/polySimp/simplify20.key 
539821     INFO  main            d.u.i.k.p.i.AbstractProblemLoader Loading environment from /home/runner/work/key/key/key.core/../key.ui/examples/standard_key/polySimp/simplify20.key 
539821     DEBUG main            d.u.i.k.p.i.AbstractProblemLoader Environment load took 62.1ns 
539822     INFO  main            d.u.i.k.p.i.AbstractProblemLoader Creating init config 
542659     DEBUG main            d.u.i.k.p.i.AbstractProblemLoader Init config took 2.84s 
542675     INFO  main            d.u.i.k.p.i.AbstractProblemLoader Replaying proof simplify20.key 
542679     DEBUG main            d.u.i.k.p.i.IntermediateProofReplayer Proof replay took 3.7ns 
543584     INFO  main            d.u.i.k.p.r.p.TestFile    ... finished proof: closed. 
544248     INFO  main            d.u.i.k.p.i.AbstractProblemLoader Loading environment from /home/runner/work/key/key/key.core/../key.ui/examples/standard_key/polySimp/simplify20.key.proof 
544249     DEBUG main            d.u.i.k.p.i.AbstractProblemLoader Environment load took 378.4ns 
544250     INFO  main            d.u.i.k.p.i.AbstractProblemLoader Creating init config 
547072     DEBUG main            d.u.i.k.p.i.AbstractProblemLoader Init config took 2.82s 
547088     INFO  main            d.u.i.k.p.i.AbstractProblemLoader Replaying proof simplify20.key.proof 
547187     DEBUG main            d.u.i.k.p.i.IntermediateProofReplayer Proof replay took 93.47ms 
547189     DEBUG main            d.u.i.k.p.r.p.TestFile    ... success: reloaded. 
547190     INFO  main            d.u.i.k.p.r.p.TestFile    Now processing file /home/runner/work/key/key/key.core/../key.ui/examples/standard_key/polySimp/simplify21.key 
547190     INFO  main            d.u.i.k.p.i.AbstractProblemLoader Loading environment from /home/runner/work/key/key/key.core/../key.ui/examples/standard_key/polySimp/simplify21.key 
547190     DEBUG main            d.u.i.k.p.i.AbstractProblemLoader Environment load took 119.6ns 
547193     INFO  main            d.u.i.k.p.i.AbstractProblemLoader Creating init config 
550035     DEBUG main            d.u.i.k.p.i.AbstractProblemLoader Init config took 2.84s 
550052     INFO  main            d.u.i.k.p.i.AbstractProblemLoader Replaying proof simplify21.key 
550054     DEBUG main            d.u.i.k.p.i.IntermediateProofReplayer Proof replay took 2.9ns 
550860     INFO  main            d.u.i.k.p.r.p.TestFile    ... finished proof: closed. 
551555     INFO  main            d.u.i.k.p.i.AbstractProblemLoader Loading environment from /home/runner/work/key/key/key.core/../key.ui/examples/standard_key/polySimp/simplify21.key.proof 
551555     DEBUG main            d.u.i.k.p.i.AbstractProblemLoader Environment load took 72.5ns 
551557     INFO  main            d.u.i.k.p.i.AbstractProblemLoader Creating init config 
554315     DEBUG main            d.u.i.k.p.i.AbstractProblemLoader Init config took 2.76s 
554335     INFO  main            d.u.i.k.p.i.AbstractProblemLoader Replaying proof simplify21.key.proof 
554428     DEBUG main            d.u.i.k.p.i.IntermediateProofReplayer Proof replay took 89.48ms 
554431     DEBUG main            d.u.i.k.p.r.p.TestFile    ... success: reloaded. 
554432     INFO  main            d.u.i.k.p.r.p.TestFile    Now processing file /home/runner/work/key/key/key.core/../key.ui/examples/standard_key/polySimp/simplify22.key 
554432     INFO  main            d.u.i.k.p.i.AbstractProblemLoader Loading environment from /home/runner/work/key/key/key.core/../key.ui/examples/standard_key/polySimp/simplify22.key 
554432     DEBUG main            d.u.i.k.p.i.AbstractProblemLoader Environment load took 147.7ns 
554433     INFO  main            d.u.i.k.p.i.AbstractProblemLoader Creating init config 
557280     DEBUG main            d.u.i.k.p.i.AbstractProblemLoader Init config took 2.85s 
557298     INFO  main            d.u.i.k.p.i.AbstractProblemLoader Replaying proof simplify22.key 
557299     DEBUG main            d.u.i.k.p.i.IntermediateProofReplayer Proof replay took 2.8ns 
557402     INFO  main            d.u.i.k.p.r.p.TestFile    ... finished proof: closed. 
558091     INFO  main            d.u.i.k.p.i.AbstractProblemLoader Loading environment from /home/runner/work/key/key/key.core/../key.ui/examples/standard_key/polySimp/simplify22.key.proof 
558091     DEBUG main            d.u.i.k.p.i.AbstractProblemLoader Environment load took 76.3ns 
558092     INFO  main            d.u.i.k.p.i.AbstractProblemLoader Creating init config 
560874     DEBUG main            d.u.i.k.p.i.AbstractProblemLoader Init config took 2.78s 
560891     INFO  main            d.u.i.k.p.i.AbstractProblemLoader Replaying proof simplify22.key.proof 
560896     DEBUG main            d.u.i.k.p.i.IntermediateProofReplayer Proof replay took 3.37ms 
560897     DEBUG main            d.u.i.k.p.r.p.TestFile    ... success: reloaded. 
560897     INFO  main            d.u.i.k.p.r.p.TestFile    Now processing file /home/runner/work/key/key/key.core/../key.ui/examples/standard_key/polySimp/simplify23.key 
560898     INFO  main            d.u.i.k.p.i.AbstractProblemLoader Loading environment from /home/runner/work/key/key/key.core/../key.ui/examples/standard_key/polySimp/simplify23.key 
560898     DEBUG main            d.u.i.k.p.i.AbstractProblemLoader Environment load took 90.1ns 
560899     INFO  main            d.u.i.k.p.i.AbstractProblemLoader Creating init config 
563789     DEBUG main            d.u.i.k.p.i.AbstractProblemLoader Init config took 2.89s 
563806     INFO  main            d.u.i.k.p.i.AbstractProblemLoader Replaying proof simplify23.key 
563807     DEBUG main            d.u.i.k.p.i.IntermediateProofReplayer Proof replay took 3.9ns 
564037     INFO  main            d.u.i.k.p.r.p.TestFile    ... finished proof: closed. 
564673     INFO  main            d.u.i.k.p.i.AbstractProblemLoader Loading environment from /home/runner/work/key/key/key.core/../key.ui/examples/standard_key/polySimp/simplify23.key.proof 
564673     DEBUG main            d.u.i.k.p.i.AbstractProblemLoader Environment load took 118ns 
564674     INFO  main            d.u.i.k.p.i.AbstractProblemLoader Creating init config 
567450     DEBUG main            d.u.i.k.p.i.AbstractProblemLoader Init config took 2.78s 
567467     INFO  main            d.u.i.k.p.i.AbstractProblemLoader Replaying proof simplify23.key.proof 
567487     DEBUG main            d.u.i.k.p.i.IntermediateProofReplayer Proof replay took 17.12ms 
567487     DEBUG main            d.u.i.k.p.r.p.TestFile    ... success: reloaded. 
567488     INFO  main            d.u.i.k.p.r.p.TestFile    Now processing file /home/runner/work/key/key/key.core/../key.ui/examples/standard_key/polySimp/simplify24.key 
567488     INFO  main            d.u.i.k.p.i.AbstractProblemLoader Loading environment from /home/runner/work/key/key/key.core/../key.ui/examples/standard_key/polySimp/simplify24.key 
567488     DEBUG main            d.u.i.k.p.i.AbstractProblemLoader Environment load took 54.6ns 
567489     INFO  main            d.u.i.k.p.i.AbstractProblemLoader Creating init config 
570370     DEBUG main            d.u.i.k.p.i.AbstractProblemLoader Init config took 2.88s 
570385     INFO  main            d.u.i.k.p.i.AbstractProblemLoader Replaying proof simplify24.key 
570386     DEBUG main            d.u.i.k.p.i.IntermediateProofReplayer Proof replay took 3.3ns 
570488     INFO  main            d.u.i.k.p.r.p.TestFile    ... finished proof: closed. 
571142     INFO  main            d.u.i.k.p.i.AbstractProblemLoader Loading environment from /home/runner/work/key/key/key.core/../key.ui/examples/standard_key/polySimp/simplify24.key.proof 
571142     DEBUG main            d.u.i.k.p.i.AbstractProblemLoader Environment load took 80.7ns 
571143     INFO  main            d.u.i.k.p.i.AbstractProblemLoader Creating init config 
573922     DEBUG main            d.u.i.k.p.i.AbstractProblemLoader Init config took 2.78s 
573939     INFO  main            d.u.i.k.p.i.AbstractProblemLoader Replaying proof simplify24.key.proof 
573945     DEBUG main            d.u.i.k.p.i.IntermediateProofReplayer Proof replay took 3.78ms 
573946     DEBUG main            d.u.i.k.p.r.p.TestFile    ... success: reloaded. 
573947     INFO  main            d.u.i.k.p.r.p.TestFile    Now processing file /home/runner/work/key/key/key.core/../key.ui/examples/standard_key/polySimp/simplify25.key 
573947     INFO  main            d.u.i.k.p.i.AbstractProblemLoader Loading environment from /home/runner/work/key/key/key.core/../key.ui/examples/standard_key/polySimp/simplify25.key 
573947     DEBUG main            d.u.i.k.p.i.AbstractProblemLoader Environment load took 222.9ns 
573948     INFO  main            d.u.i.k.p.i.AbstractProblemLoader Creating init config 
576802     DEBUG main            d.u.i.k.p.i.AbstractProblemLoader Init config took 2.85s 
576822     INFO  main            d.u.i.k.p.i.AbstractProblemLoader Replaying proof simplify25.key 
576823     DEBUG main            d.u.i.k.p.i.IntermediateProofReplayer Proof replay took 2.7ns 
576927     INFO  main            d.u.i.k.p.r.p.TestFile    ... finished proof: closed. 
577582     INFO  main            d.u.i.k.p.i.AbstractProblemLoader Loading environment from /home/runner/work/key/key/key.core/../key.ui/examples/standard_key/polySimp/simplify25.key.proof 
577582     DEBUG main            d.u.i.k.p.i.AbstractProblemLoader Environment load took 69.9ns 
577583     INFO  main            d.u.i.k.p.i.AbstractProblemLoader Creating init config 
580378     DEBUG main            d.u.i.k.p.i.AbstractProblemLoader Init config took 2.8s 
580395     INFO  main            d.u.i.k.p.i.AbstractProblemLoader Replaying proof simplify25.key.proof 
580400     DEBUG main            d.u.i.k.p.i.IntermediateProofReplayer Proof replay took 3.42ms 
580401     DEBUG main            d.u.i.k.p.r.p.TestFile    ... success: reloaded. 
580402     INFO  main            d.u.i.k.p.r.p.TestFile    Now processing file /home/runner/work/key/key/key.core/../key.ui/examples/standard_key/polySimp/simplify3.key 
580402     INFO  main            d.u.i.k.p.i.AbstractProblemLoader Loading environment from /home/runner/work/key/key/key.core/../key.ui/examples/standard_key/polySimp/simplify3.key 
580402     DEBUG main            d.u.i.k.p.i.AbstractProblemLoader Environment load took 106.5ns 
580403     INFO  main            d.u.i.k.p.i.AbstractProblemLoader Creating init config 
583250     DEBUG main            d.u.i.k.p.i.AbstractProblemLoader Init config took 2.85s 
583267     INFO  main            d.u.i.k.p.i.AbstractProblemLoader Replaying proof simplify3.key 
583268     DEBUG main            d.u.i.k.p.i.IntermediateProofReplayer Proof replay took 2.8ns 
583370     INFO  main            d.u.i.k.p.r.p.TestFile    ... finished proof: closed. 
584051     INFO  main            d.u.i.k.p.i.AbstractProblemLoader Loading environment from /home/runner/work/key/key/key.core/../key.ui/examples/standard_key/polySimp/simplify3.key.proof 
584051     DEBUG main            d.u.i.k.p.i.AbstractProblemLoader Environment load took 72.7ns 
584052     INFO  main            d.u.i.k.p.i.AbstractProblemLoader Creating init config 
586950     DEBUG main            d.u.i.k.p.i.AbstractProblemLoader Init config took 2.9s 
586966     INFO  main            d.u.i.k.p.i.AbstractProblemLoader Replaying proof simplify3.key.proof 
586969     DEBUG main            d.u.i.k.p.i.IntermediateProofReplayer Proof replay took 1.45ms 
586970     DEBUG main            d.u.i.k.p.r.p.TestFile    ... success: reloaded. 
586970     INFO  main            d.u.i.k.p.r.p.TestFile    Now processing file /home/runner/work/key/key/key.core/../key.ui/examples/standard_key/polySimp/simplify4.key 
586971     INFO  main            d.u.i.k.p.i.AbstractProblemLoader Loading environment from /home/runner/work/key/key/key.core/../key.ui/examples/standard_key/polySimp/simplify4.key 
586971     DEBUG main            d.u.i.k.p.i.AbstractProblemLoader Environment load took 81.3ns 
586972     INFO  main            d.u.i.k.p.i.AbstractProblemLoader Creating init config 
589803     DEBUG main            d.u.i.k.p.i.AbstractProblemLoader Init config took 2.83s 
589820     INFO  main            d.u.i.k.p.i.AbstractProblemLoader Replaying proof simplify4.key 
589821     DEBUG main            d.u.i.k.p.i.IntermediateProofReplayer Proof replay took 2.9ns 
589923     INFO  main            d.u.i.k.p.r.p.TestFile    ... finished proof: closed. 
590595     INFO  main            d.u.i.k.p.i.AbstractProblemLoader Loading environment from /home/runner/work/key/key/key.core/../key.ui/examples/standard_key/polySimp/simplify4.key.proof 
590595     DEBUG main            d.u.i.k.p.i.AbstractProblemLoader Environment load took 75.5ns 
590596     INFO  main            d.u.i.k.p.i.AbstractProblemLoader Creating init config 
593485     DEBUG main            d.u.i.k.p.i.AbstractProblemLoader Init config took 2.89s 
593504     INFO  main            d.u.i.k.p.i.AbstractProblemLoader Replaying proof simplify4.key.proof 
593508     DEBUG main            d.u.i.k.p.i.IntermediateProofReplayer Proof replay took 1.81ms 
593509     DEBUG main            d.u.i.k.p.r.p.TestFile    ... success: reloaded. 
593511     INFO  main            d.u.i.k.p.r.p.TestFile    Now processing file /home/runner/work/key/key/key.core/../key.ui/examples/standard_key/polySimp/simplify5.key 
593513     INFO  main            d.u.i.k.p.i.AbstractProblemLoader Loading environment from /home/runner/work/key/key/key.core/../key.ui/examples/standard_key/polySimp/simplify5.key 
593513     DEBUG main            d.u.i.k.p.i.AbstractProblemLoader Environment load took 252.1ns 
593515     INFO  main            d.u.i.k.p.i.AbstractProblemLoader Creating init config 
596597     DEBUG main            d.u.i.k.p.i.AbstractProblemLoader Init config took 3.08s 
596614     INFO  main            d.u.i.k.p.i.AbstractProblemLoader Replaying proof simplify5.key 
596615     DEBUG main            d.u.i.k.p.i.IntermediateProofReplayer Proof replay took 2.8ns 
596717     INFO  main            d.u.i.k.p.r.p.TestFile    ... finished proof: closed. 
597394     INFO  main            d.u.i.k.p.i.AbstractProblemLoader Loading environment from /home/runner/work/key/key/key.core/../key.ui/examples/standard_key/polySimp/simplify5.key.proof 
597394     DEBUG main            d.u.i.k.p.i.AbstractProblemLoader Environment load took 71.7ns 
597396     INFO  main            d.u.i.k.p.i.AbstractProblemLoader Creating init config 
600320     DEBUG main            d.u.i.k.p.i.AbstractProblemLoader Init config took 2.92s 
600342     INFO  main            d.u.i.k.p.i.AbstractProblemLoader Replaying proof simplify5.key.proof 
600361     DEBUG main            d.u.i.k.p.i.IntermediateProofReplayer Proof replay took 16.34ms 
600363     DEBUG main            d.u.i.k.p.r.p.TestFile    ... success: reloaded. 
600363     INFO  main            d.u.i.k.p.r.p.TestFile    Now processing file /home/runner/work/key/key/key.core/../key.ui/examples/standard_key/polySimp/simplify6.key 
600364     INFO  main            d.u.i.k.p.i.AbstractProblemLoader Loading environment from /home/runner/work/key/key/key.core/../key.ui/examples/standard_key/polySimp/simplify6.key 
600364     DEBUG main            d.u.i.k.p.i.AbstractProblemLoader Environment load took 259.8ns 
600365     INFO  main            d.u.i.k.p.i.AbstractProblemLoader Creating init config 
603314     DEBUG main            d.u.i.k.p.i.AbstractProblemLoader Init config took 2.95s 
603332     INFO  main            d.u.i.k.p.i.AbstractProblemLoader Replaying proof simplify6.key 
603333     DEBUG main            d.u.i.k.p.i.IntermediateProofReplayer Proof replay took 2.7ns 
603434     INFO  main            d.u.i.k.p.r.p.TestFile    ... finished proof: closed. 
604117     INFO  main            d.u.i.k.p.i.AbstractProblemLoader Loading environment from /home/runner/work/key/key/key.core/../key.ui/examples/standard_key/polySimp/simplify6.key.proof 
604118     DEBUG main            d.u.i.k.p.i.AbstractProblemLoader Environment load took 75.8ns 
604119     INFO  main            d.u.i.k.p.i.AbstractProblemLoader Creating init config 
607065     DEBUG main            d.u.i.k.p.i.AbstractProblemLoader Init config took 2.95s 
607085     INFO  main            d.u.i.k.p.i.AbstractProblemLoader Replaying proof simplify6.key.proof 
607087     DEBUG main            d.u.i.k.p.i.IntermediateProofReplayer Proof replay took 530.4ns 
607088     DEBUG main            d.u.i.k.p.r.p.TestFile    ... success: reloaded. 
607088     INFO  main            d.u.i.k.p.r.p.TestFile    Now processing file /home/runner/work/key/key/key.core/../key.ui/examples/standard_key/polySimp/simplify7.key 
607088     INFO  main            d.u.i.k.p.i.AbstractProblemLoader Loading environment from /home/runner/work/key/key/key.core/../key.ui/examples/standard_key/polySimp/simplify7.key 
607088     DEBUG main            d.u.i.k.p.i.AbstractProblemLoader Environment load took 87.7ns 
607089     INFO  main            d.u.i.k.p.i.AbstractProblemLoader Creating init config 
610134     DEBUG main            d.u.i.k.p.i.AbstractProblemLoader Init config took 3.04s 
610151     INFO  main            d.u.i.k.p.i.AbstractProblemLoader Replaying proof simplify7.key 
610152     DEBUG main            d.u.i.k.p.i.IntermediateProofReplayer Proof replay took 2.9ns 
610256     INFO  main            d.u.i.k.p.r.p.TestFile    ... finished proof: closed. 
610946     INFO  main            d.u.i.k.p.i.AbstractProblemLoader Loading environment from /home/runner/work/key/key/key.core/../key.ui/examples/standard_key/polySimp/simplify7.key.proof 
610946     DEBUG main            d.u.i.k.p.i.AbstractProblemLoader Environment load took 76.8ns 
610947     INFO  main            d.u.i.k.p.i.AbstractProblemLoader Creating init config 
613954     DEBUG main            d.u.i.k.p.i.AbstractProblemLoader Init config took 3.01s 
613972     INFO  main            d.u.i.k.p.i.AbstractProblemLoader Replaying proof simplify7.key.proof 
613976     DEBUG main            d.u.i.k.p.i.IntermediateProofReplayer Proof replay took 1.03ms 
613977     DEBUG main            d.u.i.k.p.r.p.TestFile    ... success: reloaded. 
613977     INFO  main            d.u.i.k.p.r.p.TestFile    Now processing file /home/runner/work/key/key/key.core/../key.ui/examples/standard_key/polySimp/simplify8.key 
613978     INFO  main            d.u.i.k.p.i.AbstractProblemLoader Loading environment from /home/runner/work/key/key/key.core/../key.ui/examples/standard_key/polySimp/simplify8.key 
613978     DEBUG main            d.u.i.k.p.i.AbstractProblemLoader Environment load took 91.2ns 
613982     INFO  main            d.u.i.k.p.i.AbstractProblemLoader Creating init config 
616893     DEBUG main            d.u.i.k.p.i.AbstractProblemLoader Init config took 2.91s 
616910     INFO  main            d.u.i.k.p.i.AbstractProblemLoader Replaying proof simplify8.key 
616911     DEBUG main            d.u.i.k.p.i.IntermediateProofReplayer Proof replay took 3.1ns 
622075     INFO  main            d.u.i.k.p.r.p.TestFile    ... finished proof: closed. 
622809     INFO  main            d.u.i.k.p.i.AbstractProblemLoader Loading environment from /home/runner/work/key/key/key.core/../key.ui/examples/standard_key/polySimp/simplify8.key.proof 
622810     DEBUG main            d.u.i.k.p.i.AbstractProblemLoader Environment load took 78.1ns 
622812     INFO  main            d.u.i.k.p.i.AbstractProblemLoader Creating init config 
625761     DEBUG main            d.u.i.k.p.i.AbstractProblemLoader Init config took 2.95s 
625787     INFO  main            d.u.i.k.p.i.AbstractProblemLoader Replaying proof simplify8.key.proof 
626055     DEBUG main            d.u.i.k.p.i.IntermediateProofReplayer Proof replay took 261.49ms 
626059     DEBUG main            d.u.i.k.p.r.p.TestFile    ... success: reloaded. 
626059     INFO  main            d.u.i.k.p.r.p.TestFile    Now processing file /home/runner/work/key/key/key.core/../key.ui/examples/standard_key/polySimp/simplify9.key 
626060     INFO  main            d.u.i.k.p.i.AbstractProblemLoader Loading environment from /home/runner/work/key/key/key.core/../key.ui/examples/standard_key/polySimp/simplify9.key 
626060     DEBUG main            d.u.i.k.p.i.AbstractProblemLoader Environment load took 217.5ns 
626062     INFO  main            d.u.i.k.p.i.AbstractProblemLoader Creating init config 
628983     DEBUG main            d.u.i.k.p.i.AbstractProblemLoader Init config took 2.92s 
629000     INFO  main            d.u.i.k.p.i.AbstractProblemLoader Replaying proof simplify9.key 
629001     DEBUG main            d.u.i.k.p.i.IntermediateProofReplayer Proof replay took 2.8ns 
629204     INFO  main            d.u.i.k.p.r.p.TestFile    ... finished proof: closed. 
629967     INFO  main            d.u.i.k.p.i.AbstractProblemLoader Loading environment from /home/runner/work/key/key/key.core/../key.ui/examples/standard_key/polySimp/simplify9.key.proof 
629967     DEBUG main            d.u.i.k.p.i.AbstractProblemLoader Environment load took 78.6ns 
629969     INFO  main            d.u.i.k.p.i.AbstractProblemLoader Creating init config 
632780     DEBUG main            d.u.i.k.p.i.AbstractProblemLoader Init config took 2.81s 
632797     INFO  main            d.u.i.k.p.i.AbstractProblemLoader Replaying proof simplify9.key.proof 
632812     DEBUG main            d.u.i.k.p.i.IntermediateProofReplayer Proof replay took 13.21ms 
632814     DEBUG main            d.u.i.k.p.r.p.TestFile    ... success: reloaded. 
3859190    INFO  Test worker     d.u.i.k.p.r.RunAllProofsTestUnit Returning from test arithmetic 
3859191    INFO  Test worker     d.u.i.k.p.r.RunAllProofsTestUnit Running test arrays 
446        INFO  Timeout watchdog d.u.i.k.p.r.p.ForkedTestFileRunner Timeout watcher launched (2000 secs.) 
477        WARN  main            d.u.i.k.s.ProofSettings   The settings in /home/runner/.key/proof-settings.props are *not* read. 
538        INFO  main            d.u.i.k.p.r.p.TestFile    Now processing file /home/runner/work/key/key/key.core/../key.ui/examples/standard_key/arrays/arrayStoreException/array2DimPrim.key 
701        INFO  main            d.u.i.k.p.i.AbstractProblemLoader Loading environment from /home/runner/work/key/key/key.core/../key.ui/examples/standard_key/arrays/arrayStoreException/array2DimPrim.key 
722        DEBUG main            d.u.i.k.p.i.AbstractProblemLoader Environment load took 2.16ms 
1088       INFO  main            d.u.i.k.p.i.AbstractProblemLoader Creating init config 
2332       DEBUG main            d.u.i.k.j.TypeConverter   No LDT found for Meta 
2333       DEBUG main            d.u.i.k.j.TypeConverter   No LDT found for Meta 
2334       DEBUG main            d.u.i.k.j.TypeConverter   No LDT found for Meta 
2335       DEBUG main            d.u.i.k.j.TypeConverter   No LDT found for Meta 
4325       DEBUG main            d.u.i.k.j.TypeConverter   No LDT found for JavaBigintExpression 
11158      DEBUG main            d.u.i.k.p.i.AbstractProblemLoader Init config took 10.07s 
11253      INFO  main            d.u.i.k.p.i.AbstractProblemLoader Replaying proof array2DimPrim.key 
11301      DEBUG main            d.u.i.k.p.i.IntermediateProofReplayer Proof replay took 39.7ns 
16865      INFO  main            d.u.i.k.p.r.p.TestFile    ... finished proof: closed. 
17110      INFO  main            d.u.i.k.p.i.AbstractProblemLoader Loading environment from /home/runner/work/key/key/key.core/../key.ui/examples/standard_key/arrays/arrayStoreException/array2DimPrim.key.proof 
17110      DEBUG main            d.u.i.k.p.i.AbstractProblemLoader Environment load took 310.5ns 
17116      INFO  main            d.u.i.k.p.i.AbstractProblemLoader Creating init config 
20826      DEBUG main            d.u.i.k.p.i.AbstractProblemLoader Init config took 3.71s 
20891      INFO  main            d.u.i.k.p.i.AbstractProblemLoader Replaying proof array2DimPrim.key.proof 
21750      DEBUG main            d.u.i.k.p.i.IntermediateProofReplayer Proof replay took 828.55ms 
21768      DEBUG main            d.u.i.k.p.r.p.TestFile    ... success: reloaded. 
21771      INFO  main            d.u.i.k.p.r.p.TestFile    Now processing file /home/runner/work/key/key/key.core/../key.ui/examples/standard_key/arrays/arrayStoreException/arrayStoreKnownDynType.key 
21778      INFO  main            d.u.i.k.p.i.AbstractProblemLoader Loading environment from /home/runner/work/key/key/key.core/../key.ui/examples/standard_key/arrays/arrayStoreException/arrayStoreKnownDynType.key 
21779      DEBUG main            d.u.i.k.p.i.AbstractProblemLoader Environment load took 408.4ns 
21782      INFO  main            d.u.i.k.p.i.AbstractProblemLoader Creating init config 
25195      DEBUG main            d.u.i.k.p.i.AbstractProblemLoader Init config took 3.41s 
25239      INFO  main            d.u.i.k.p.i.AbstractProblemLoader Replaying proof arrayStoreKnownDynType.key 
25242      DEBUG main            d.u.i.k.p.i.IntermediateProofReplayer Proof replay took 7.3ns 
25545      INFO  main            d.u.i.k.p.r.p.TestFile    ... finished proof: closed. 
25889      INFO  main            d.u.i.k.p.i.AbstractProblemLoader Loading environment from /home/runner/work/key/key/key.core/../key.ui/examples/standard_key/arrays/arrayStoreException/arrayStoreKnownDynType.key.proof 
25890      DEBUG main            d.u.i.k.p.i.AbstractProblemLoader Environment load took 563.5ns 
25892      INFO  main            d.u.i.k.p.i.AbstractProblemLoader Creating init config 
29205      DEBUG main            d.u.i.k.p.i.AbstractProblemLoader Init config took 3.31s 
29239      INFO  main            d.u.i.k.p.i.AbstractProblemLoader Replaying proof arrayStoreKnownDynType.key.proof 
29300      DEBUG main            d.u.i.k.p.i.IntermediateProofReplayer Proof replay took 56.34ms 
29302      DEBUG main            d.u.i.k.p.r.p.TestFile    ... success: reloaded. 
29304      INFO  main            d.u.i.k.p.r.p.TestFile    Now processing file /home/runner/work/key/key/key.core/../key.ui/examples/standard_key/arrays/arrayStoreException/reverseArray.key 
29304      INFO  main            d.u.i.k.p.i.AbstractProblemLoader Loading environment from /home/runner/work/key/key/key.core/../key.ui/examples/standard_key/arrays/arrayStoreException/reverseArray.key 
29304      DEBUG main            d.u.i.k.p.i.AbstractProblemLoader Environment load took 253.5ns 
29306      INFO  main            d.u.i.k.p.i.AbstractProblemLoader Creating init config 
32572      DEBUG main            d.u.i.k.p.i.AbstractProblemLoader Init config took 3.27s 
32601      INFO  main            d.u.i.k.p.i.AbstractProblemLoader Replaying proof reverseArray.key 
32604      DEBUG main            d.u.i.k.p.i.IntermediateProofReplayer Proof replay took 9.2ns 
33513      INFO  main            d.u.i.k.p.r.p.TestFile    ... finished proof: closed. 
33765      INFO  main            d.u.i.k.p.i.AbstractProblemLoader Loading environment from /home/runner/work/key/key/key.core/../key.ui/examples/standard_key/arrays/arrayStoreException/reverseArray.key.proof 
33766      DEBUG main            d.u.i.k.p.i.AbstractProblemLoader Environment load took 517.1ns 
33770      INFO  main            d.u.i.k.p.i.AbstractProblemLoader Creating init config 
37133      DEBUG main            d.u.i.k.p.i.AbstractProblemLoader Init config took 3.36s 
37163      INFO  main            d.u.i.k.p.i.AbstractProblemLoader Replaying proof reverseArray.key.proof 
37373      DEBUG main            d.u.i.k.p.i.IntermediateProofReplayer Proof replay took 202.26ms 
37376      DEBUG main            d.u.i.k.p.r.p.TestFile    ... success: reloaded. 
37378      INFO  main            d.u.i.k.p.r.p.TestFile    Now processing file /home/runner/work/key/key/key.core/../key.ui/examples/standard_key/arrays/arrayStoreException/throwArrayStoreException.key 
37378      INFO  main            d.u.i.k.p.i.AbstractProblemLoader Loading environment from /home/runner/work/key/key/key.core/../key.ui/examples/standard_key/arrays/arrayStoreException/throwArrayStoreException.key 
37379      DEBUG main            d.u.i.k.p.i.AbstractProblemLoader Environment load took 334.7ns 
37380      INFO  main            d.u.i.k.p.i.AbstractProblemLoader Creating init config 
40725      DEBUG main            d.u.i.k.p.i.AbstractProblemLoader Init config took 3.34s 
40761      INFO  main            d.u.i.k.p.i.AbstractProblemLoader Replaying proof throwArrayStoreException.key 
40766      DEBUG main            d.u.i.k.p.i.IntermediateProofReplayer Proof replay took 9.1ns 
41372      INFO  main            d.u.i.k.p.r.p.TestFile    ... finished proof: closed. 
41628      INFO  main            d.u.i.k.p.i.AbstractProblemLoader Loading environment from /home/runner/work/key/key/key.core/../key.ui/examples/standard_key/arrays/arrayStoreException/throwArrayStoreException.key.proof 
41629      DEBUG main            d.u.i.k.p.i.AbstractProblemLoader Environment load took 245.2ns 
41631      INFO  main            d.u.i.k.p.i.AbstractProblemLoader Creating init config 
44955      DEBUG main            d.u.i.k.p.i.AbstractProblemLoader Init config took 3.32s 
44983      INFO  main            d.u.i.k.p.i.AbstractProblemLoader Replaying proof throwArrayStoreException.key.proof 
45118      DEBUG main            d.u.i.k.p.i.IntermediateProofReplayer Proof replay took 130.38ms 
45120      DEBUG main            d.u.i.k.p.r.p.TestFile    ... success: reloaded. 
45122      INFO  main            d.u.i.k.p.r.p.TestFile    Now processing file /home/runner/work/key/key/key.core/../key.ui/examples/standard_key/arrays/creation/arrayCreation1.key 
45122      INFO  main            d.u.i.k.p.i.AbstractProblemLoader Loading environment from /home/runner/work/key/key/key.core/../key.ui/examples/standard_key/arrays/creation/arrayCreation1.key 
45122      DEBUG main            d.u.i.k.p.i.AbstractProblemLoader Environment load took 280.9ns 
45124      INFO  main            d.u.i.k.p.i.AbstractProblemLoader Creating init config 
48332      DEBUG main            d.u.i.k.p.i.AbstractProblemLoader Init config took 3.21s 
48358      INFO  main            d.u.i.k.p.i.AbstractProblemLoader Replaying proof arrayCreation1.key 
48361      DEBUG main            d.u.i.k.p.i.IntermediateProofReplayer Proof replay took 20.3ns 
48566      INFO  main            d.u.i.k.p.r.p.TestFile    ... finished proof: closed. 
48797      INFO  main            d.u.i.k.p.i.AbstractProblemLoader Loading environment from /home/runner/work/key/key/key.core/../key.ui/examples/standard_key/arrays/creation/arrayCreation1.key.proof 
48798      DEBUG main            d.u.i.k.p.i.AbstractProblemLoader Environment load took 517.4ns 
48800      INFO  main            d.u.i.k.p.i.AbstractProblemLoader Creating init config 
51948      DEBUG main            d.u.i.k.p.i.AbstractProblemLoader Init config took 3.15s 
51978      INFO  main            d.u.i.k.p.i.AbstractProblemLoader Replaying proof arrayCreation1.key.proof 
52036      DEBUG main            d.u.i.k.p.i.IntermediateProofReplayer Proof replay took 54.13ms 
52037      DEBUG main            d.u.i.k.p.r.p.TestFile    ... success: reloaded. 
52038      INFO  main            d.u.i.k.p.r.p.TestFile    Now processing file /home/runner/work/key/key/key.core/../key.ui/examples/standard_key/arrays/arrayStoreException/array2Dim.key 
52038      INFO  main            d.u.i.k.p.i.AbstractProblemLoader Loading environment from /home/runner/work/key/key/key.core/../key.ui/examples/standard_key/arrays/arrayStoreException/array2Dim.key 
52039      DEBUG main            d.u.i.k.p.i.AbstractProblemLoader Environment load took 141.2ns 
52040      INFO  main            d.u.i.k.p.i.AbstractProblemLoader Creating init config 
55334      DEBUG main            d.u.i.k.p.i.AbstractProblemLoader Init config took 3.29s 
55361      INFO  main            d.u.i.k.p.i.AbstractProblemLoader Replaying proof array2Dim.key 
55363      DEBUG main            d.u.i.k.p.i.IntermediateProofReplayer Proof replay took 8.4ns 
60151      INFO  main            d.u.i.k.p.r.p.TestFile    ... finished proof: open goal(s) 
60501      INFO  main            d.u.i.k.p.r.p.TestFile    Now processing file /home/runner/work/key/key/key.core/../key.ui/examples/standard_key/arrays/arrayStoreException/array2DimClose.key 
60502      INFO  main            d.u.i.k.p.i.AbstractProblemLoader Loading environment from /home/runner/work/key/key/key.core/../key.ui/examples/standard_key/arrays/arrayStoreException/array2DimClose.key 
60502      DEBUG main            d.u.i.k.p.i.AbstractProblemLoader Environment load took 250.1ns 
60504      INFO  main            d.u.i.k.p.i.AbstractProblemLoader Creating init config 
63666      DEBUG main            d.u.i.k.p.i.AbstractProblemLoader Init config took 3.16s 
63691      INFO  main            d.u.i.k.p.i.AbstractProblemLoader Replaying proof array2DimClose.key 
63694      DEBUG main            d.u.i.k.p.i.IntermediateProofReplayer Proof replay took 14.9ns 
66865      INFO  main            d.u.i.k.p.r.p.TestFile    ... finished proof: open goal(s) 
67307      INFO  main            d.u.i.k.p.r.p.TestFile    Now processing file /home/runner/work/key/key/key.core/../key.ui/examples/standard_key/arrays/arrayStoreException/throwASEForPrim.key 
67308      INFO  main            d.u.i.k.p.i.AbstractProblemLoader Loading environment from /home/runner/work/key/key/key.core/../key.ui/examples/standard_key/arrays/arrayStoreException/throwASEForPrim.key 
67308      DEBUG main            d.u.i.k.p.i.AbstractProblemLoader Environment load took 88.1ns 
67314      INFO  main            d.u.i.k.p.i.AbstractProblemLoader Creating init config 
70422      DEBUG main            d.u.i.k.p.i.AbstractProblemLoader Init config took 3.11s 
70443      INFO  main            d.u.i.k.p.i.AbstractProblemLoader Replaying proof throwASEForPrim.key 
70446      DEBUG main            d.u.i.k.p.i.IntermediateProofReplayer Proof replay took 8ns 
76621      INFO  main            d.u.i.k.p.r.p.TestFile    ... finished proof: open goal(s) 
3936435    INFO  Test worker     d.u.i.k.p.r.RunAllProofsTestUnit Returning from test arrays 
3936436    INFO  Test worker     d.u.i.k.p.r.RunAllProofsTestUnit Running test javadl 
450        INFO  Timeout watchdog d.u.i.k.p.r.p.ForkedTestFileRunner Timeout watcher launched (2000 secs.) 
515        WARN  main            d.u.i.k.s.ProofSettings   The settings in /home/runner/.key/proof-settings.props are *not* read. 
587        INFO  main            d.u.i.k.p.r.p.TestFile    Now processing file /home/runner/work/key/key/key.core/../key.ui/examples/standard_key/instanceCreation/instanceCreation1.key 
757        INFO  main            d.u.i.k.p.i.AbstractProblemLoader Loading environment from /home/runner/work/key/key/key.core/../key.ui/examples/standard_key/instanceCreation/instanceCreation1.key 
777        DEBUG main            d.u.i.k.p.i.AbstractProblemLoader Environment load took 2.68ms 
1128       INFO  main            d.u.i.k.p.i.AbstractProblemLoader Creating init config 
2327       DEBUG main            d.u.i.k.j.TypeConverter   No LDT found for Meta 
2329       DEBUG main            d.u.i.k.j.TypeConverter   No LDT found for Meta 
2331       DEBUG main            d.u.i.k.j.TypeConverter   No LDT found for Meta 
2331       DEBUG main            d.u.i.k.j.TypeConverter   No LDT found for Meta 
4367       DEBUG main            d.u.i.k.j.TypeConverter   No LDT found for JavaBigintExpression 
10979      DEBUG main            d.u.i.k.p.i.AbstractProblemLoader Init config took 9.85s 
11064      INFO  main            d.u.i.k.p.i.AbstractProblemLoader Replaying proof instanceCreation1.key 
11114      DEBUG main            d.u.i.k.p.i.IntermediateProofReplayer Proof replay took 42.6ns 
12480      INFO  main            d.u.i.k.p.r.p.TestFile    ... finished proof: closed. 
12642      INFO  main            d.u.i.k.p.i.AbstractProblemLoader Loading environment from /home/runner/work/key/key/key.core/../key.ui/examples/standard_key/instanceCreation/instanceCreation1.key.proof 
12645      DEBUG main            d.u.i.k.p.i.AbstractProblemLoader Environment load took 2.55ms 
12653      INFO  main            d.u.i.k.p.i.AbstractProblemLoader Creating init config 
16360      DEBUG main            d.u.i.k.p.i.AbstractProblemLoader Init config took 3.71s 
16411      INFO  main            d.u.i.k.p.i.AbstractProblemLoader Replaying proof instanceCreation1.key.proof 
16557      DEBUG main            d.u.i.k.p.i.IntermediateProofReplayer Proof replay took 136.83ms 
16572      DEBUG main            d.u.i.k.p.r.p.TestFile    ... success: reloaded. 
16579      INFO  main            d.u.i.k.p.r.p.TestFile    Now processing file /home/runner/work/key/key/key.core/../key.ui/examples/standard_key/instanceCreation/instanceCreation2.key 
16587      INFO  main            d.u.i.k.p.i.AbstractProblemLoader Loading environment from /home/runner/work/key/key/key.core/../key.ui/examples/standard_key/instanceCreation/instanceCreation2.key 
16588      DEBUG main            d.u.i.k.p.i.AbstractProblemLoader Environment load took 369.2ns 
16590      INFO  main            d.u.i.k.p.i.AbstractProblemLoader Creating init config 
20267      DEBUG main            d.u.i.k.p.i.AbstractProblemLoader Init config took 3.68s 
20306      INFO  main            d.u.i.k.p.i.AbstractProblemLoader Replaying proof instanceCreation2.key 
20310      DEBUG main            d.u.i.k.p.i.IntermediateProofReplayer Proof replay took 21.6ns 
21121      INFO  main            d.u.i.k.p.r.p.TestFile    ... finished proof: closed. 
21357      INFO  main            d.u.i.k.p.i.AbstractProblemLoader Loading environment from /home/runner/work/key/key/key.core/../key.ui/examples/standard_key/instanceCreation/instanceCreation2.key.proof 
21357      DEBUG main            d.u.i.k.p.i.AbstractProblemLoader Environment load took 278.8ns 
21361      INFO  main            d.u.i.k.p.i.AbstractProblemLoader Creating init config 
24925      DEBUG main            d.u.i.k.p.i.AbstractProblemLoader Init config took 3.56s 
24962      INFO  main            d.u.i.k.p.i.AbstractProblemLoader Replaying proof instanceCreation2.key.proof 
25109      DEBUG main            d.u.i.k.p.i.IntermediateProofReplayer Proof replay took 141.12ms 
25111      DEBUG main            d.u.i.k.p.r.p.TestFile    ... success: reloaded. 
25113      INFO  main            d.u.i.k.p.r.p.TestFile    Now processing file /home/runner/work/key/key/key.core/../key.ui/examples/standard_key/instanceCreation/interfacesAndAbstractClassesHaveNoInstances.key 
25113      INFO  main            d.u.i.k.p.i.AbstractProblemLoader Loading environment from /home/runner/work/key/key/key.core/../key.ui/examples/standard_key/instanceCreation/interfacesAndAbstractClassesHaveNoInstances.key 
25114      DEBUG main            d.u.i.k.p.i.AbstractProblemLoader Environment load took 267.6ns 
25116      INFO  main            d.u.i.k.p.i.AbstractProblemLoader Creating init config 
28636      DEBUG main            d.u.i.k.p.i.AbstractProblemLoader Init config took 3.52s 
28673      INFO  main            d.u.i.k.p.i.AbstractProblemLoader Replaying proof interfacesAndAbstractClassesHaveNoInstances.key 
28679      DEBUG main            d.u.i.k.p.i.IntermediateProofReplayer Proof replay took 7.2ns 
28782      INFO  main            d.u.i.k.p.r.p.TestFile    ... finished proof: closed. 
28986      INFO  main            d.u.i.k.p.i.AbstractProblemLoader Loading environment from /home/runner/work/key/key/key.core/../key.ui/examples/standard_key/instanceCreation/interfacesAndAbstractClassesHaveNoInstances.key.proof 
28986      DEBUG main            d.u.i.k.p.i.AbstractProblemLoader Environment load took 497.1ns 
28988      INFO  main            d.u.i.k.p.i.AbstractProblemLoader Creating init config 
32313      DEBUG main            d.u.i.k.p.i.AbstractProblemLoader Init config took 3.32s 
32340      INFO  main            d.u.i.k.p.i.AbstractProblemLoader Replaying proof interfacesAndAbstractClassesHaveNoInstances.key.proof 
32345      DEBUG main            d.u.i.k.p.i.IntermediateProofReplayer Proof replay took 1.52ms 
32346      DEBUG main            d.u.i.k.p.r.p.TestFile    ... success: reloaded. 
32347      INFO  main            d.u.i.k.p.r.p.TestFile    Now processing file /home/runner/work/key/key/key.core/../key.ui/examples/standard_key/instanceCreation/successiveCreatedObjectsAreDistinct.key 
32348      INFO  main            d.u.i.k.p.i.AbstractProblemLoader Loading environment from /home/runner/work/key/key/key.core/../key.ui/examples/standard_key/instanceCreation/successiveCreatedObjectsAreDistinct.key 
32348      DEBUG main            d.u.i.k.p.i.AbstractProblemLoader Environment load took 334.7ns 
32350      INFO  main            d.u.i.k.p.i.AbstractProblemLoader Creating init config 
35736      DEBUG main            d.u.i.k.p.i.AbstractProblemLoader Init config took 3.39s 
35765      INFO  main            d.u.i.k.p.i.AbstractProblemLoader Replaying proof successiveCreatedObjectsAreDistinct.key 
35768      DEBUG main            d.u.i.k.p.i.IntermediateProofReplayer Proof replay took 7.5ns 
36272      INFO  main            d.u.i.k.p.r.p.TestFile    ... finished proof: closed. 
36512      INFO  main            d.u.i.k.p.i.AbstractProblemLoader Loading environment from /home/runner/work/key/key/key.core/../key.ui/examples/standard_key/instanceCreation/successiveCreatedObjectsAreDistinct.key.proof 
36512      DEBUG main            d.u.i.k.p.i.AbstractProblemLoader Environment load took 509.4ns 
36514      INFO  main            d.u.i.k.p.i.AbstractProblemLoader Creating init config 
39888      DEBUG main            d.u.i.k.p.i.AbstractProblemLoader Init config took 3.37s 
39916      INFO  main            d.u.i.k.p.i.AbstractProblemLoader Replaying proof successiveCreatedObjectsAreDistinct.key.proof 
40004      DEBUG main            d.u.i.k.p.i.IntermediateProofReplayer Proof replay took 82.62ms 
40006      DEBUG main            d.u.i.k.p.r.p.TestFile    ... success: reloaded. 
40008      INFO  main            d.u.i.k.p.r.p.TestFile    Now processing file /home/runner/work/key/key/key.core/../key.ui/examples/standard_key/instanceCreation/testOverloadingConstructors.key 
40008      INFO  main            d.u.i.k.p.i.AbstractProblemLoader Loading environment from /home/runner/work/key/key/key.core/../key.ui/examples/standard_key/instanceCreation/testOverloadingConstructors.key 
40009      DEBUG main            d.u.i.k.p.i.AbstractProblemLoader Environment load took 238.6ns 
40010      INFO  main            d.u.i.k.p.i.AbstractProblemLoader Creating init config 
43317      DEBUG main            d.u.i.k.p.i.AbstractProblemLoader Init config took 3.31s 
43345      INFO  main            d.u.i.k.p.i.AbstractProblemLoader Replaying proof testOverloadingConstructors.key 
43348      DEBUG main            d.u.i.k.p.i.IntermediateProofReplayer Proof replay took 8.4ns 
43755      INFO  main            d.u.i.k.p.r.p.TestFile    ... finished proof: closed. 
44029      INFO  main            d.u.i.k.p.i.AbstractProblemLoader Loading environment from /home/runner/work/key/key/key.core/../key.ui/examples/standard_key/instanceCreation/testOverloadingConstructors.key.proof 
44030      DEBUG main            d.u.i.k.p.i.AbstractProblemLoader Environment load took 479ns 
44036      INFO  main            d.u.i.k.p.i.AbstractProblemLoader Creating init config 
47335      DEBUG main            d.u.i.k.p.i.AbstractProblemLoader Init config took 3.3s 
47362      INFO  main            d.u.i.k.p.i.AbstractProblemLoader Replaying proof testOverloadingConstructors.key.proof 
47443      DEBUG main            d.u.i.k.p.i.IntermediateProofReplayer Proof replay took 76.64ms 
47445      DEBUG main            d.u.i.k.p.r.p.TestFile    ... success: reloaded. 
47446      INFO  main            d.u.i.k.p.r.p.TestFile    Now processing file /home/runner/work/key/key/key.core/../key.ui/examples/standard_key/java_dl/SimpleAttributes.key 
47447      INFO  main            d.u.i.k.p.i.AbstractProblemLoader Loading environment from /home/runner/work/key/key/key.core/../key.ui/examples/standard_key/java_dl/SimpleAttributes.key 
47447      DEBUG main            d.u.i.k.p.i.AbstractProblemLoader Environment load took 313.4ns 
47449      INFO  main            d.u.i.k.p.i.AbstractProblemLoader Creating init config 
50754      DEBUG main            d.u.i.k.p.i.AbstractProblemLoader Init config took 3.31s 
50787      INFO  main            d.u.i.k.p.i.AbstractProblemLoader Replaying proof SimpleAttributes.key 
50791      DEBUG main            d.u.i.k.p.i.IntermediateProofReplayer Proof replay took 8.3ns 
50997      INFO  main            d.u.i.k.p.r.p.TestFile    ... finished proof: closed. 
51244      INFO  main            d.u.i.k.p.i.AbstractProblemLoader Loading environment from /home/runner/work/key/key/key.core/../key.ui/examples/standard_key/java_dl/SimpleAttributes.key.proof 
51245      DEBUG main            d.u.i.k.p.i.AbstractProblemLoader Environment load took 796.3ns 
51247      INFO  main            d.u.i.k.p.i.AbstractProblemLoader Creating init config 
54494      DEBUG main            d.u.i.k.p.i.AbstractProblemLoader Init config took 3.25s 
54521      INFO  main            d.u.i.k.p.i.AbstractProblemLoader Replaying proof SimpleAttributes.key.proof 
54560      DEBUG main            d.u.i.k.p.i.IntermediateProofReplayer Proof replay took 35.08ms 
54562      DEBUG main            d.u.i.k.p.r.p.TestFile    ... success: reloaded. 
54563      INFO  main            d.u.i.k.p.r.p.TestFile    Now processing file /home/runner/work/key/key/key.core/../key.ui/examples/standard_key/java_dl/arrayMax.key 
54563      INFO  main            d.u.i.k.p.i.AbstractProblemLoader Loading environment from /home/runner/work/key/key/key.core/../key.ui/examples/standard_key/java_dl/arrayMax.key 
54564      DEBUG main            d.u.i.k.p.i.AbstractProblemLoader Environment load took 280.1ns 
54566      INFO  main            d.u.i.k.p.i.AbstractProblemLoader Creating init config 
57858      DEBUG main            d.u.i.k.p.i.AbstractProblemLoader Init config took 3.29s 
57887      INFO  main            d.u.i.k.p.i.AbstractProblemLoader Replaying proof arrayMax.key 
57890      DEBUG main            d.u.i.k.p.i.IntermediateProofReplayer Proof replay took 8ns 
59735      INFO  main            d.u.i.k.p.r.p.TestFile    ... finished proof: closed. 
60001      INFO  main            d.u.i.k.p.i.AbstractProblemLoader Loading environment from /home/runner/work/key/key/key.core/../key.ui/examples/standard_key/java_dl/arrayMax.key.proof 
60004      DEBUG main            d.u.i.k.p.i.AbstractProblemLoader Environment load took 3.26ms 
60006      INFO  main            d.u.i.k.p.i.AbstractProblemLoader Creating init config 
63336      DEBUG main            d.u.i.k.p.i.AbstractProblemLoader Init config took 3.33s 
63362      INFO  main            d.u.i.k.p.i.AbstractProblemLoader Replaying proof arrayMax.key.proof 
63737      DEBUG main            d.u.i.k.p.i.IntermediateProofReplayer Proof replay took 364.74ms 
63740      DEBUG main            d.u.i.k.p.r.p.TestFile    ... success: reloaded. 
63741      INFO  main            d.u.i.k.p.r.p.TestFile    Now processing file /home/runner/work/key/key/key.core/../key.ui/examples/standard_key/java_dl/arrayUpdateSimp.key 
63742      INFO  main            d.u.i.k.p.i.AbstractProblemLoader Loading environment from /home/runner/work/key/key/key.core/../key.ui/examples/standard_key/java_dl/arrayUpdateSimp.key 
63742      DEBUG main            d.u.i.k.p.i.AbstractProblemLoader Environment load took 252ns 
63745      INFO  main            d.u.i.k.p.i.AbstractProblemLoader Creating init config 
63778      WARN  main            d.u.i.k.j.r.KeYCrossReferenceNameInfo Datatype java.io.PrintStream declared twice: Once in FILE:/home/runner/work/key/key/key.core/../key.ui/examples/standard_key/java_dl/./classpath/PrintStream.java and once in URL:file:/home/runner/work/key/key/key.core/build/resources/main/de/uka/ilkd/key/java/JavaRedux/java/io/PrintStream.java, Keeping one from URL:file:/home/runner/work/key/key/key.core/build/resources/main/de/uka/ilkd/key/java/JavaRedux/java/io/PrintStream.java 
63779      WARN  main            d.u.i.k.j.r.KeYCrossReferenceNameInfo Datatype java.io.InputStream declared twice: Once in FILE:/home/runner/work/key/key/key.core/../key.ui/examples/standard_key/java_dl/./classpath/InputStream.java and once in URL:file:/home/runner/work/key/key/key.core/build/resources/main/de/uka/ilkd/key/java/JavaRedux/java/io/InputStream.java, Keeping one from URL:file:/home/runner/work/key/key/key.core/build/resources/main/de/uka/ilkd/key/java/JavaRedux/java/io/InputStream.java 
63779      WARN  main            d.u.i.k.j.r.KeYCrossReferenceNameInfo Datatype java.lang.System declared twice: Once in FILE:/home/runner/work/key/key/key.core/../key.ui/examples/standard_key/java_dl/./classpath/System.java and once in URL:file:/home/runner/work/key/key/key.core/build/resources/main/de/uka/ilkd/key/java/JavaRedux/java/lang/System.java, Keeping one from URL:file:/home/runner/work/key/key/key.core/build/resources/main/de/uka/ilkd/key/java/JavaRedux/java/lang/System.java 
63786      DEBUG main            d.u.i.k.j.r.ClassFileDeclarationBuilder Parsing: package java.io; public class Closeable { } 
63786      DEBUG main            r.s.KeYCrossReferenceSourceInfo Dynamically created class: java.io.Closeable 
67194      DEBUG main            d.u.i.k.p.i.AbstractProblemLoader Init config took 3.45s 
67221      INFO  main            d.u.i.k.p.i.AbstractProblemLoader Replaying proof arrayUpdateSimp.key 
67224      DEBUG main            d.u.i.k.p.i.IntermediateProofReplayer Proof replay took 8ns 
67328      INFO  main            d.u.i.k.p.r.p.TestFile    ... finished proof: closed. 
67652      INFO  main            d.u.i.k.p.i.AbstractProblemLoader Loading environment from /home/runner/work/key/key/key.core/../key.ui/examples/standard_key/java_dl/arrayUpdateSimp.key.proof 
67653      DEBUG main            d.u.i.k.p.i.AbstractProblemLoader Environment load took 155.4ns 
67658      INFO  main            d.u.i.k.p.i.AbstractProblemLoader Creating init config 
67692      WARN  main            d.u.i.k.j.r.KeYCrossReferenceNameInfo Datatype java.io.PrintStream declared twice: Once in FILE:/home/runner/work/key/key/key.core/../key.ui/examples/standard_key/java_dl/classpath/PrintStream.java and once in URL:file:/home/runner/work/key/key/key.core/build/resources/main/de/uka/ilkd/key/java/JavaRedux/java/io/PrintStream.java, Keeping one from URL:file:/home/runner/work/key/key/key.core/build/resources/main/de/uka/ilkd/key/java/JavaRedux/java/io/PrintStream.java 
67692      WARN  main            d.u.i.k.j.r.KeYCrossReferenceNameInfo Datatype java.io.InputStream declared twice: Once in FILE:/home/runner/work/key/key/key.core/../key.ui/examples/standard_key/java_dl/classpath/InputStream.java and once in URL:file:/home/runner/work/key/key/key.core/build/resources/main/de/uka/ilkd/key/java/JavaRedux/java/io/InputStream.java, Keeping one from URL:file:/home/runner/work/key/key/key.core/build/resources/main/de/uka/ilkd/key/java/JavaRedux/java/io/InputStream.java 
67693      WARN  main            d.u.i.k.j.r.KeYCrossReferenceNameInfo Datatype java.lang.System declared twice: Once in FILE:/home/runner/work/key/key/key.core/../key.ui/examples/standard_key/java_dl/classpath/System.java and once in URL:file:/home/runner/work/key/key/key.core/build/resources/main/de/uka/ilkd/key/java/JavaRedux/java/lang/System.java, Keeping one from URL:file:/home/runner/work/key/key/key.core/build/resources/main/de/uka/ilkd/key/java/JavaRedux/java/lang/System.java 
67697      DEBUG main            d.u.i.k.j.r.ClassFileDeclarationBuilder Parsing: package java.io; public class Closeable { } 
67698      DEBUG main            r.s.KeYCrossReferenceSourceInfo Dynamically created class: java.io.Closeable 
70914      DEBUG main            d.u.i.k.p.i.AbstractProblemLoader Init config took 3.26s 
70940      INFO  main            d.u.i.k.p.i.AbstractProblemLoader Replaying proof arrayUpdateSimp.key.proof 
70942      DEBUG main            d.u.i.k.p.i.IntermediateProofReplayer Proof replay took 767.5ns 
70944      DEBUG main            d.u.i.k.p.r.p.TestFile    ... success: reloaded. 
70946      INFO  main            d.u.i.k.p.r.p.TestFile    Now processing file /home/runner/work/key/key/key.core/../key.ui/examples/standard_key/java_dl/attributes.key 
70946      INFO  main            d.u.i.k.p.i.AbstractProblemLoader Loading environment from /home/runner/work/key/key/key.core/../key.ui/examples/standard_key/java_dl/attributes.key 
70946      DEBUG main            d.u.i.k.p.i.AbstractProblemLoader Environment load took 101.6ns 
70947      INFO  main            d.u.i.k.p.i.AbstractProblemLoader Creating init config 
74134      DEBUG main            d.u.i.k.p.i.AbstractProblemLoader Init config took 3.19s 
74154      INFO  main            d.u.i.k.p.i.AbstractProblemLoader Replaying proof attributes.key 
74157      DEBUG main            d.u.i.k.p.i.IntermediateProofReplayer Proof replay took 7.5ns 
74360      INFO  main            d.u.i.k.p.r.p.TestFile    ... finished proof: closed. 
74749      INFO  main            d.u.i.k.p.i.AbstractProblemLoader Loading environment from /home/runner/work/key/key/key.core/../key.ui/examples/standard_key/java_dl/attributes.key.proof 
74751      DEBUG main            d.u.i.k.p.i.AbstractProblemLoader Environment load took 1.52ms 
74753      INFO  main            d.u.i.k.p.i.AbstractProblemLoader Creating init config 
77997      DEBUG main            d.u.i.k.p.i.AbstractProblemLoader Init config took 3.24s 
78018      INFO  main            d.u.i.k.p.i.AbstractProblemLoader Replaying proof attributes.key.proof 
78074      DEBUG main            d.u.i.k.p.i.IntermediateProofReplayer Proof replay took 53.21ms 
78076      DEBUG main            d.u.i.k.p.r.p.TestFile    ... success: reloaded. 
78077      INFO  main            d.u.i.k.p.r.p.TestFile    Now processing file /home/runner/work/key/key/key.core/../key.ui/examples/standard_key/java_dl/break.key 
78077      INFO  main            d.u.i.k.p.i.AbstractProblemLoader Loading environment from /home/runner/work/key/key/key.core/../key.ui/examples/standard_key/java_dl/break.key 
78077      DEBUG main            d.u.i.k.p.i.AbstractProblemLoader Environment load took 107ns 
78078      INFO  main            d.u.i.k.p.i.AbstractProblemLoader Creating init config 
78110      WARN  main            d.u.i.k.j.r.KeYCrossReferenceNameInfo Datatype java.io.PrintStream declared twice: Once in FILE:/home/runner/work/key/key/key.core/../key.ui/examples/standard_key/java_dl/classpath/PrintStream.java and once in URL:file:/home/runner/work/key/key/key.core/build/resources/main/de/uka/ilkd/key/java/JavaRedux/java/io/PrintStream.java, Keeping one from URL:file:/home/runner/work/key/key/key.core/build/resources/main/de/uka/ilkd/key/java/JavaRedux/java/io/PrintStream.java 
78110      WARN  main            d.u.i.k.j.r.KeYCrossReferenceNameInfo Datatype java.io.InputStream declared twice: Once in FILE:/home/runner/work/key/key/key.core/../key.ui/examples/standard_key/java_dl/classpath/InputStream.java and once in URL:file:/home/runner/work/key/key/key.core/build/resources/main/de/uka/ilkd/key/java/JavaRedux/java/io/InputStream.java, Keeping one from URL:file:/home/runner/work/key/key/key.core/build/resources/main/de/uka/ilkd/key/java/JavaRedux/java/io/InputStream.java 
78110      WARN  main            d.u.i.k.j.r.KeYCrossReferenceNameInfo Datatype java.lang.System declared twice: Once in FILE:/home/runner/work/key/key/key.core/../key.ui/examples/standard_key/java_dl/classpath/System.java and once in URL:file:/home/runner/work/key/key/key.core/build/resources/main/de/uka/ilkd/key/java/JavaRedux/java/lang/System.java, Keeping one from URL:file:/home/runner/work/key/key/key.core/build/resources/main/de/uka/ilkd/key/java/JavaRedux/java/lang/System.java 
78114      DEBUG main            d.u.i.k.j.r.ClassFileDeclarationBuilder Parsing: package java.io; public class Closeable { } 
78123      DEBUG main            r.s.KeYCrossReferenceSourceInfo Dynamically created class: java.io.Closeable 
81306      DEBUG main            d.u.i.k.p.i.AbstractProblemLoader Init config took 3.23s 
81326      INFO  main            d.u.i.k.p.i.AbstractProblemLoader Replaying proof break.key 
81328      DEBUG main            d.u.i.k.p.i.IntermediateProofReplayer Proof replay took 9.2ns 
81433      INFO  main            d.u.i.k.p.r.p.TestFile    ... finished proof: closed. 
81685      INFO  main            d.u.i.k.p.i.AbstractProblemLoader Loading environment from /home/runner/work/key/key/key.core/../key.ui/examples/standard_key/java_dl/break.key.proof 
81686      DEBUG main            d.u.i.k.p.i.AbstractProblemLoader Environment load took 547.1ns 
81687      INFO  main            d.u.i.k.p.i.AbstractProblemLoader Creating init config 
81718      WARN  main            d.u.i.k.j.r.KeYCrossReferenceNameInfo Datatype java.io.PrintStream declared twice: Once in FILE:/home/runner/work/key/key/key.core/../key.ui/examples/standard_key/java_dl/classpath/PrintStream.java and once in URL:file:/home/runner/work/key/key/key.core/build/resources/main/de/uka/ilkd/key/java/JavaRedux/java/io/PrintStream.java, Keeping one from URL:file:/home/runner/work/key/key/key.core/build/resources/main/de/uka/ilkd/key/java/JavaRedux/java/io/PrintStream.java 
81718      WARN  main            d.u.i.k.j.r.KeYCrossReferenceNameInfo Datatype java.io.InputStream declared twice: Once in FILE:/home/runner/work/key/key/key.core/../key.ui/examples/standard_key/java_dl/classpath/InputStream.java and once in URL:file:/home/runner/work/key/key/key.core/build/resources/main/de/uka/ilkd/key/java/JavaRedux/java/io/InputStream.java, Keeping one from URL:file:/home/runner/work/key/key/key.core/build/resources/main/de/uka/ilkd/key/java/JavaRedux/java/io/InputStream.java 
81718      WARN  main            d.u.i.k.j.r.KeYCrossReferenceNameInfo Datatype java.lang.System declared twice: Once in FILE:/home/runner/work/key/key/key.core/../key.ui/examples/standard_key/java_dl/classpath/System.java and once in URL:file:/home/runner/work/key/key/key.core/build/resources/main/de/uka/ilkd/key/java/JavaRedux/java/lang/System.java, Keeping one from URL:file:/home/runner/work/key/key/key.core/build/resources/main/de/uka/ilkd/key/java/JavaRedux/java/lang/System.java 
81722      DEBUG main            d.u.i.k.j.r.ClassFileDeclarationBuilder Parsing: package java.io; public class Closeable { } 
81723      DEBUG main            r.s.KeYCrossReferenceSourceInfo Dynamically created class: java.io.Closeable 
84834      DEBUG main            d.u.i.k.p.i.AbstractProblemLoader Init config took 3.15s 
84858      INFO  main            d.u.i.k.p.i.AbstractProblemLoader Replaying proof break.key.proof 
84877      DEBUG main            d.u.i.k.p.i.IntermediateProofReplayer Proof replay took 15.67ms 
84879      DEBUG main            d.u.i.k.p.r.p.TestFile    ... success: reloaded. 
84882      INFO  main            d.u.i.k.p.r.p.TestFile    Now processing file /home/runner/work/key/key/key.core/../key.ui/examples/standard_key/java_dl/char.key 
84883      INFO  main            d.u.i.k.p.i.AbstractProblemLoader Loading environment from /home/runner/work/key/key/key.core/../key.ui/examples/standard_key/java_dl/char.key 
84883      DEBUG main            d.u.i.k.p.i.AbstractProblemLoader Environment load took 116.8ns 
84884      INFO  main            d.u.i.k.p.i.AbstractProblemLoader Creating init config 
87989      DEBUG main            d.u.i.k.p.i.AbstractProblemLoader Init config took 3.1s 
88009      INFO  main            d.u.i.k.p.i.AbstractProblemLoader Replaying proof char.key 
88011      DEBUG main            d.u.i.k.p.i.IntermediateProofReplayer Proof replay took 7.8ns 
88113      INFO  main            d.u.i.k.p.r.p.TestFile    ... finished proof: closed. 
88362      INFO  main            d.u.i.k.p.i.AbstractProblemLoader Loading environment from /home/runner/work/key/key/key.core/../key.ui/examples/standard_key/java_dl/char.key.proof 
88363      DEBUG main            d.u.i.k.p.i.AbstractProblemLoader Environment load took 230.6ns 
88364      INFO  main            d.u.i.k.p.i.AbstractProblemLoader Creating init config 
91496      DEBUG main            d.u.i.k.p.i.AbstractProblemLoader Init config took 3.13s 
91518      INFO  main            d.u.i.k.p.i.AbstractProblemLoader Replaying proof char.key.proof 
91525      DEBUG main            d.u.i.k.p.i.IntermediateProofReplayer Proof replay took 4.41ms 
91526      DEBUG main            d.u.i.k.p.r.p.TestFile    ... success: reloaded. 
91527      INFO  main            d.u.i.k.p.r.p.TestFile    Now processing file /home/runner/work/key/key/key.core/../key.ui/examples/standard_key/java_dl/compileTimeConstants.key 
91527      INFO  main            d.u.i.k.p.i.AbstractProblemLoader Loading environment from /home/runner/work/key/key/key.core/../key.ui/examples/standard_key/java_dl/compileTimeConstants.key 
91528      DEBUG main            d.u.i.k.p.i.AbstractProblemLoader Environment load took 255.5ns 
91529      INFO  main            d.u.i.k.p.i.AbstractProblemLoader Creating init config 
94708      DEBUG main            d.u.i.k.p.i.AbstractProblemLoader Init config took 3.18s 
94727      INFO  main            d.u.i.k.p.i.AbstractProblemLoader Replaying proof compileTimeConstants.key 
94729      DEBUG main            d.u.i.k.p.i.IntermediateProofReplayer Proof replay took 6.8ns 
94831      INFO  main            d.u.i.k.p.r.p.TestFile    ... finished proof: closed. 
95094      INFO  main            d.u.i.k.p.i.AbstractProblemLoader Loading environment from /home/runner/work/key/key/key.core/../key.ui/examples/standard_key/java_dl/compileTimeConstants.key.proof 
95094      DEBUG main            d.u.i.k.p.i.AbstractProblemLoader Environment load took 208.6ns 
95096      INFO  main            d.u.i.k.p.i.AbstractProblemLoader Creating init config 
98226      DEBUG main            d.u.i.k.p.i.AbstractProblemLoader Init config took 3.13s 
98245      INFO  main            d.u.i.k.p.i.AbstractProblemLoader Replaying proof compileTimeConstants.key.proof 
98264      DEBUG main            d.u.i.k.p.i.IntermediateProofReplayer Proof replay took 16.51ms 
98266      DEBUG main            d.u.i.k.p.r.p.TestFile    ... success: reloaded. 
98266      INFO  main            d.u.i.k.p.r.p.TestFile    Now processing file /home/runner/work/key/key/key.core/../key.ui/examples/standard_key/java_dl/constructorException/test.key 
98267      INFO  main            d.u.i.k.p.i.AbstractProblemLoader Loading environment from /home/runner/work/key/key/key.core/../key.ui/examples/standard_key/java_dl/constructorException/test.key 
98267      DEBUG main            d.u.i.k.p.i.AbstractProblemLoader Environment load took 112.9ns 
98268      INFO  main            d.u.i.k.p.i.AbstractProblemLoader Creating init config 
101667     DEBUG main            d.u.i.k.p.i.AbstractProblemLoader Init config took 3.4s 
101753     INFO  main            d.u.i.k.p.i.AbstractProblemLoader Replaying proof Test[Test::Test(int)].JML operation contract.0 
101755     DEBUG main            d.u.i.k.p.i.IntermediateProofReplayer Proof replay took 9.6ns 
102061     INFO  main            d.u.i.k.p.r.p.TestFile    ... finished proof: closed. 
102381     INFO  main            d.u.i.k.p.i.AbstractProblemLoader Loading environment from /home/runner/work/key/key/key.core/../key.ui/examples/standard_key/java_dl/constructorException/test.key.proof 
102382     DEBUG main            d.u.i.k.p.i.AbstractProblemLoader Environment load took 1.43ms 
102384     INFO  main            d.u.i.k.p.i.AbstractProblemLoader Creating init config 
105549     DEBUG main            d.u.i.k.p.i.AbstractProblemLoader Init config took 3.16s 
105601     INFO  main            d.u.i.k.p.i.AbstractProblemLoader Replaying proof Test[Test::Test(int)].JML operation contract.0 
105694     DEBUG main            d.u.i.k.p.i.IntermediateProofReplayer Proof replay took 88.02ms 
105695     DEBUG main            d.u.i.k.p.r.p.TestFile    ... success: reloaded. 
105696     INFO  main            d.u.i.k.p.r.p.TestFile    Now processing file /home/runner/work/key/key/key.core/../key.ui/examples/standard_key/java_dl/constructorException/regressionTestBug1333.key 
105697     INFO  main            d.u.i.k.p.i.AbstractProblemLoader Loading environment from /home/runner/work/key/key/key.core/../key.ui/examples/standard_key/java_dl/constructorException/regressionTestBug1333.key 
105697     DEBUG main            d.u.i.k.p.i.AbstractProblemLoader Environment load took 117.4ns 
105698     INFO  main            d.u.i.k.p.i.AbstractProblemLoader Creating init config 
108928     DEBUG main            d.u.i.k.p.i.AbstractProblemLoader Init config took 3.23s 
108978     INFO  main            d.u.i.k.p.i.AbstractProblemLoader Replaying proof False[False::False()].JML normal_behavior operation contract.0 
108981     DEBUG main            d.u.i.k.p.i.IntermediateProofReplayer Proof replay took 8.1ns 
109086     INFO  main            d.u.i.k.p.r.p.TestFile    ... finished proof: open goal(s) 
109389     INFO  main            d.u.i.k.p.r.p.TestFile    Now processing file /home/runner/work/key/key/key.core/../key.ui/examples/standard_key/java_dl/continue1.key 
109390     INFO  main            d.u.i.k.p.i.AbstractProblemLoader Loading environment from /home/runner/work/key/key/key.core/../key.ui/examples/standard_key/java_dl/continue1.key 
109390     DEBUG main            d.u.i.k.p.i.AbstractProblemLoader Environment load took 85.3ns 
109391     INFO  main            d.u.i.k.p.i.AbstractProblemLoader Creating init config 
109420     WARN  main            d.u.i.k.j.r.KeYCrossReferenceNameInfo Datatype java.io.PrintStream declared twice: Once in FILE:/home/runner/work/key/key/key.core/../key.ui/examples/standard_key/java_dl/classpath/PrintStream.java and once in URL:file:/home/runner/work/key/key/key.core/build/resources/main/de/uka/ilkd/key/java/JavaRedux/java/io/PrintStream.java, Keeping one from URL:file:/home/runner/work/key/key/key.core/build/resources/main/de/uka/ilkd/key/java/JavaRedux/java/io/PrintStream.java 
109420     WARN  main            d.u.i.k.j.r.KeYCrossReferenceNameInfo Datatype java.io.InputStream declared twice: Once in FILE:/home/runner/work/key/key/key.core/../key.ui/examples/standard_key/java_dl/classpath/InputStream.java and once in URL:file:/home/runner/work/key/key/key.core/build/resources/main/de/uka/ilkd/key/java/JavaRedux/java/io/InputStream.java, Keeping one from URL:file:/home/runner/work/key/key/key.core/build/resources/main/de/uka/ilkd/key/java/JavaRedux/java/io/InputStream.java 
109421     WARN  main            d.u.i.k.j.r.KeYCrossReferenceNameInfo Datatype java.lang.System declared twice: Once in FILE:/home/runner/work/key/key/key.core/../key.ui/examples/standard_key/java_dl/classpath/System.java and once in URL:file:/home/runner/work/key/key/key.core/build/resources/main/de/uka/ilkd/key/java/JavaRedux/java/lang/System.java, Keeping one from URL:file:/home/runner/work/key/key/key.core/build/resources/main/de/uka/ilkd/key/java/JavaRedux/java/lang/System.java 
109425     DEBUG main            d.u.i.k.j.r.ClassFileDeclarationBuilder Parsing: package java.io; public class Closeable { } 
109425     DEBUG main            r.s.KeYCrossReferenceSourceInfo Dynamically created class: java.io.Closeable 
112539     DEBUG main            d.u.i.k.p.i.AbstractProblemLoader Init config took 3.15s 
112565     INFO  main            d.u.i.k.p.i.AbstractProblemLoader Replaying proof continue1.key 
112568     DEBUG main            d.u.i.k.p.i.IntermediateProofReplayer Proof replay took 9.5ns 
112670     INFO  main            d.u.i.k.p.r.p.TestFile    ... finished proof: closed. 
112933     INFO  main            d.u.i.k.p.i.AbstractProblemLoader Loading environment from /home/runner/work/key/key/key.core/../key.ui/examples/standard_key/java_dl/continue1.key.proof 
112933     DEBUG main            d.u.i.k.p.i.AbstractProblemLoader Environment load took 154.3ns 
112934     INFO  main            d.u.i.k.p.i.AbstractProblemLoader Creating init config 
112967     WARN  main            d.u.i.k.j.r.KeYCrossReferenceNameInfo Datatype java.io.PrintStream declared twice: Once in FILE:/home/runner/work/key/key/key.core/../key.ui/examples/standard_key/java_dl/classpath/PrintStream.java and once in URL:file:/home/runner/work/key/key/key.core/build/resources/main/de/uka/ilkd/key/java/JavaRedux/java/io/PrintStream.java, Keeping one from URL:file:/home/runner/work/key/key/key.core/build/resources/main/de/uka/ilkd/key/java/JavaRedux/java/io/PrintStream.java 
112967     WARN  main            d.u.i.k.j.r.KeYCrossReferenceNameInfo Datatype java.io.InputStream declared twice: Once in FILE:/home/runner/work/key/key/key.core/../key.ui/examples/standard_key/java_dl/classpath/InputStream.java and once in URL:file:/home/runner/work/key/key/key.core/build/resources/main/de/uka/ilkd/key/java/JavaRedux/java/io/InputStream.java, Keeping one from URL:file:/home/runner/work/key/key/key.core/build/resources/main/de/uka/ilkd/key/java/JavaRedux/java/io/InputStream.java 
112967     WARN  main            d.u.i.k.j.r.KeYCrossReferenceNameInfo Datatype java.lang.System declared twice: Once in FILE:/home/runner/work/key/key/key.core/../key.ui/examples/standard_key/java_dl/classpath/System.java and once in URL:file:/home/runner/work/key/key/key.core/build/resources/main/de/uka/ilkd/key/java/JavaRedux/java/lang/System.java, Keeping one from URL:file:/home/runner/work/key/key/key.core/build/resources/main/de/uka/ilkd/key/java/JavaRedux/java/lang/System.java 
112971     DEBUG main            d.u.i.k.j.r.ClassFileDeclarationBuilder Parsing: package java.io; public class Closeable { } 
112971     DEBUG main            r.s.KeYCrossReferenceSourceInfo Dynamically created class: java.io.Closeable 
116052     DEBUG main            d.u.i.k.p.i.AbstractProblemLoader Init config took 3.12s 
116072     INFO  main            d.u.i.k.p.i.AbstractProblemLoader Replaying proof continue1.key.proof 
116105     DEBUG main            d.u.i.k.p.i.IntermediateProofReplayer Proof replay took 30.41ms 
116107     DEBUG main            d.u.i.k.p.r.p.TestFile    ... success: reloaded. 
116108     INFO  main            d.u.i.k.p.r.p.TestFile    Now processing file /home/runner/work/key/key/key.core/../key.ui/examples/standard_key/java_dl/continue2.key 
116109     INFO  main            d.u.i.k.p.i.AbstractProblemLoader Loading environment from /home/runner/work/key/key/key.core/../key.ui/examples/standard_key/java_dl/continue2.key 
116109     DEBUG main            d.u.i.k.p.i.AbstractProblemLoader Environment load took 131.8ns 
116110     INFO  main            d.u.i.k.p.i.AbstractProblemLoader Creating init config 
116136     WARN  main            d.u.i.k.j.r.KeYCrossReferenceNameInfo Datatype java.io.PrintStream declared twice: Once in FILE:/home/runner/work/key/key/key.core/../key.ui/examples/standard_key/java_dl/classpath/PrintStream.java and once in URL:file:/home/runner/work/key/key/key.core/build/resources/main/de/uka/ilkd/key/java/JavaRedux/java/io/PrintStream.java, Keeping one from URL:file:/home/runner/work/key/key/key.core/build/resources/main/de/uka/ilkd/key/java/JavaRedux/java/io/PrintStream.java 
116136     WARN  main            d.u.i.k.j.r.KeYCrossReferenceNameInfo Datatype java.io.InputStream declared twice: Once in FILE:/home/runner/work/key/key/key.core/../key.ui/examples/standard_key/java_dl/classpath/InputStream.java and once in URL:file:/home/runner/work/key/key/key.core/build/resources/main/de/uka/ilkd/key/java/JavaRedux/java/io/InputStream.java, Keeping one from URL:file:/home/runner/work/key/key/key.core/build/resources/main/de/uka/ilkd/key/java/JavaRedux/java/io/InputStream.java 
116136     WARN  main            d.u.i.k.j.r.KeYCrossReferenceNameInfo Datatype java.lang.System declared twice: Once in FILE:/home/runner/work/key/key/key.core/../key.ui/examples/standard_key/java_dl/classpath/System.java and once in URL:file:/home/runner/work/key/key/key.core/build/resources/main/de/uka/ilkd/key/java/JavaRedux/java/lang/System.java, Keeping one from URL:file:/home/runner/work/key/key/key.core/build/resources/main/de/uka/ilkd/key/java/JavaRedux/java/lang/System.java 
116139     DEBUG main            d.u.i.k.j.r.ClassFileDeclarationBuilder Parsing: package java.io; public class Closeable { } 
116139     DEBUG main            r.s.KeYCrossReferenceSourceInfo Dynamically created class: java.io.Closeable 
119306     DEBUG main            d.u.i.k.p.i.AbstractProblemLoader Init config took 3.2s 
119325     INFO  main            d.u.i.k.p.i.AbstractProblemLoader Replaying proof continue2.key 
119327     DEBUG main            d.u.i.k.p.i.IntermediateProofReplayer Proof replay took 7.1ns 
119734     INFO  main            d.u.i.k.p.r.p.TestFile    ... finished proof: closed. 
120057     INFO  main            d.u.i.k.p.i.AbstractProblemLoader Loading environment from /home/runner/work/key/key/key.core/../key.ui/examples/standard_key/java_dl/continue2.key.proof 
120058     DEBUG main            d.u.i.k.p.i.AbstractProblemLoader Environment load took 680.2ns 
120060     INFO  main            d.u.i.k.p.i.AbstractProblemLoader Creating init config 
120088     WARN  main            d.u.i.k.j.r.KeYCrossReferenceNameInfo Datatype java.io.PrintStream declared twice: Once in FILE:/home/runner/work/key/key/key.core/../key.ui/examples/standard_key/java_dl/classpath/PrintStream.java and once in URL:file:/home/runner/work/key/key/key.core/build/resources/main/de/uka/ilkd/key/java/JavaRedux/java/io/PrintStream.java, Keeping one from URL:file:/home/runner/work/key/key/key.core/build/resources/main/de/uka/ilkd/key/java/JavaRedux/java/io/PrintStream.java 
120089     WARN  main            d.u.i.k.j.r.KeYCrossReferenceNameInfo Datatype java.io.InputStream declared twice: Once in FILE:/home/runner/work/key/key/key.core/../key.ui/examples/standard_key/java_dl/classpath/InputStream.java and once in URL:file:/home/runner/work/key/key/key.core/build/resources/main/de/uka/ilkd/key/java/JavaRedux/java/io/InputStream.java, Keeping one from URL:file:/home/runner/work/key/key/key.core/build/resources/main/de/uka/ilkd/key/java/JavaRedux/java/io/InputStream.java 
120089     WARN  main            d.u.i.k.j.r.KeYCrossReferenceNameInfo Datatype java.lang.System declared twice: Once in FILE:/home/runner/work/key/key/key.core/../key.ui/examples/standard_key/java_dl/classpath/System.java and once in URL:file:/home/runner/work/key/key/key.core/build/resources/main/de/uka/ilkd/key/java/JavaRedux/java/lang/System.java, Keeping one from URL:file:/home/runner/work/key/key/key.core/build/resources/main/de/uka/ilkd/key/java/JavaRedux/java/lang/System.java 
120093     DEBUG main            d.u.i.k.j.r.ClassFileDeclarationBuilder Parsing: package java.io; public class Closeable { } 
120093     DEBUG main            r.s.KeYCrossReferenceSourceInfo Dynamically created class: java.io.Closeable 
123128     DEBUG main            d.u.i.k.p.i.AbstractProblemLoader Init config took 3.07s 
123145     INFO  main            d.u.i.k.p.i.AbstractProblemLoader Replaying proof continue2.key.proof 
123262     DEBUG main            d.u.i.k.p.i.IntermediateProofReplayer Proof replay took 113.62ms 
123264     DEBUG main            d.u.i.k.p.r.p.TestFile    ... success: reloaded. 
123265     INFO  main            d.u.i.k.p.r.p.TestFile    Now processing file /home/runner/work/key/key/key.core/../key.ui/examples/standard_key/java_dl/complexAssignment.key 
123266     INFO  main            d.u.i.k.p.i.AbstractProblemLoader Loading environment from /home/runner/work/key/key/key.core/../key.ui/examples/standard_key/java_dl/complexAssignment.key 
123266     DEBUG main            d.u.i.k.p.i.AbstractProblemLoader Environment load took 76ns 
123268     INFO  main            d.u.i.k.p.i.AbstractProblemLoader Creating init config 
126455     DEBUG main            d.u.i.k.p.i.AbstractProblemLoader Init config took 3.19s 
126474     INFO  main            d.u.i.k.p.i.AbstractProblemLoader Replaying proof complexAssignment.key 
126476     DEBUG main            d.u.i.k.p.i.IntermediateProofReplayer Proof replay took 8.6ns 
126579     INFO  main            d.u.i.k.p.r.p.TestFile    ... finished proof: closed. 
126903     INFO  main            d.u.i.k.p.i.AbstractProblemLoader Loading environment from /home/runner/work/key/key/key.core/../key.ui/examples/standard_key/java_dl/complexAssignment.key.proof 
126903     DEBUG main            d.u.i.k.p.i.AbstractProblemLoader Environment load took 145.1ns 
126904     INFO  main            d.u.i.k.p.i.AbstractProblemLoader Creating init config 
129981     DEBUG main            d.u.i.k.p.i.AbstractProblemLoader Init config took 3.08s 
130006     INFO  main            d.u.i.k.p.i.AbstractProblemLoader Replaying proof complexAssignment.key.proof 
130021     DEBUG main            d.u.i.k.p.i.IntermediateProofReplayer Proof replay took 12.07ms 
130022     DEBUG main            d.u.i.k.p.r.p.TestFile    ... success: reloaded. 
130023     INFO  main            d.u.i.k.p.r.p.TestFile    Now processing file /home/runner/work/key/key/key.core/../key.ui/examples/standard_key/java_dl/danglingElseSolution1.key 
130024     INFO  main            d.u.i.k.p.i.AbstractProblemLoader Loading environment from /home/runner/work/key/key/key.core/../key.ui/examples/standard_key/java_dl/danglingElseSolution1.key 
130024     DEBUG main            d.u.i.k.p.i.AbstractProblemLoader Environment load took 235.3ns 
130025     INFO  main            d.u.i.k.p.i.AbstractProblemLoader Creating init config 
133210     DEBUG main            d.u.i.k.p.i.AbstractProblemLoader Init config took 3.18s 
133228     INFO  main            d.u.i.k.p.i.AbstractProblemLoader Replaying proof danglingElseSolution1.key 
133230     DEBUG main            d.u.i.k.p.i.IntermediateProofReplayer Proof replay took 7.9ns 
133333     INFO  main            d.u.i.k.p.r.p.TestFile    ... finished proof: closed. 
133678     INFO  main            d.u.i.k.p.i.AbstractProblemLoader Loading environment from /home/runner/work/key/key/key.core/../key.ui/examples/standard_key/java_dl/danglingElseSolution1.key.proof 
133678     DEBUG main            d.u.i.k.p.i.AbstractProblemLoader Environment load took 123.3ns 
133679     INFO  main            d.u.i.k.p.i.AbstractProblemLoader Creating init config 
136716     DEBUG main            d.u.i.k.p.i.AbstractProblemLoader Init config took 3.04s 
136736     INFO  main            d.u.i.k.p.i.AbstractProblemLoader Replaying proof danglingElseSolution1.key.proof 
136753     DEBUG main            d.u.i.k.p.i.IntermediateProofReplayer Proof replay took 13.72ms 
136757     DEBUG main            d.u.i.k.p.r.p.TestFile    ... success: reloaded. 
136758     INFO  main            d.u.i.k.p.r.p.TestFile    Now processing file /home/runner/work/key/key/key.core/../key.ui/examples/standard_key/java_dl/danglingElseSolution2.key 
136758     INFO  main            d.u.i.k.p.i.AbstractProblemLoader Loading environment from /home/runner/work/key/key/key.core/../key.ui/examples/standard_key/java_dl/danglingElseSolution2.key 
136758     DEBUG main            d.u.i.k.p.i.AbstractProblemLoader Environment load took 168.6ns 
136760     INFO  main            d.u.i.k.p.i.AbstractProblemLoader Creating init config 
139925     DEBUG main            d.u.i.k.p.i.AbstractProblemLoader Init config took 3.16s 
139943     INFO  main            d.u.i.k.p.i.AbstractProblemLoader Replaying proof danglingElseSolution2.key 
139945     DEBUG main            d.u.i.k.p.i.IntermediateProofReplayer Proof replay took 8.4ns 
140047     INFO  main            d.u.i.k.p.r.p.TestFile    ... finished proof: closed. 
140380     INFO  main            d.u.i.k.p.i.AbstractProblemLoader Loading environment from /home/runner/work/key/key/key.core/../key.ui/examples/standard_key/java_dl/danglingElseSolution2.key.proof 
140380     DEBUG main            d.u.i.k.p.i.AbstractProblemLoader Environment load took 115.6ns 
140382     INFO  main            d.u.i.k.p.i.AbstractProblemLoader Creating init config 
143385     DEBUG main            d.u.i.k.p.i.AbstractProblemLoader Init config took 3s 
143404     INFO  main            d.u.i.k.p.i.AbstractProblemLoader Replaying proof danglingElseSolution2.key.proof 
143430     DEBUG main            d.u.i.k.p.i.IntermediateProofReplayer Proof replay took 17.14ms 
143431     DEBUG main            d.u.i.k.p.r.p.TestFile    ... success: reloaded. 
143432     INFO  main            d.u.i.k.p.r.p.TestFile    Now processing file /home/runner/work/key/key/key.core/../key.ui/examples/standard_key/java_dl/deepNonNull/deepNonNull0.key 
143432     INFO  main            d.u.i.k.p.i.AbstractProblemLoader Loading environment from /home/runner/work/key/key/key.core/../key.ui/examples/standard_key/java_dl/deepNonNull/deepNonNull0.key 
143433     DEBUG main            d.u.i.k.p.i.AbstractProblemLoader Environment load took 276.6ns 
143434     INFO  main            d.u.i.k.p.i.AbstractProblemLoader Creating init config 
146649     DEBUG main            d.u.i.k.p.i.AbstractProblemLoader Init config took 3.21s 
146699     INFO  main            d.u.i.k.p.i.AbstractProblemLoader Replaying proof Arrays[Arrays::get()].JML operation contract.0 
146700     DEBUG main            d.u.i.k.p.i.IntermediateProofReplayer Proof replay took 37.4ns 
146905     INFO  main            d.u.i.k.p.r.p.TestFile    ... finished proof: closed. 
147269     INFO  main            d.u.i.k.p.i.AbstractProblemLoader Loading environment from /home/runner/work/key/key/key.core/../key.ui/examples/standard_key/java_dl/deepNonNull/deepNonNull0.key.proof 
147269     DEBUG main            d.u.i.k.p.i.AbstractProblemLoader Environment load took 159.8ns 
147270     INFO  main            d.u.i.k.p.i.AbstractProblemLoader Creating init config 
150372     DEBUG main            d.u.i.k.p.i.AbstractProblemLoader Init config took 3.1s 
150428     INFO  main            d.u.i.k.p.i.AbstractProblemLoader Replaying proof Arrays[Arrays::get()].JML operation contract.0 
150475     DEBUG main            d.u.i.k.p.i.IntermediateProofReplayer Proof replay took 43.46ms 
150477     DEBUG main            d.u.i.k.p.r.p.TestFile    ... success: reloaded. 
150477     INFO  main            d.u.i.k.p.r.p.TestFile    Now processing file /home/runner/work/key/key/key.core/../key.ui/examples/standard_key/java_dl/deepNonNull/deepNonNull1.key 
150478     INFO  main            d.u.i.k.p.i.AbstractProblemLoader Loading environment from /home/runner/work/key/key/key.core/../key.ui/examples/standard_key/java_dl/deepNonNull/deepNonNull1.key 
150478     DEBUG main            d.u.i.k.p.i.AbstractProblemLoader Environment load took 110.1ns 
150479     INFO  main            d.u.i.k.p.i.AbstractProblemLoader Creating init config 
153670     DEBUG main            d.u.i.k.p.i.AbstractProblemLoader Init config took 3.19s 
153717     INFO  main            d.u.i.k.p.i.AbstractProblemLoader Replaying proof Arrays[Arrays::head()].JML operation contract.0 
153719     DEBUG main            d.u.i.k.p.i.IntermediateProofReplayer Proof replay took 7.9ns 
153922     INFO  main            d.u.i.k.p.r.p.TestFile    ... finished proof: closed. 
154267     INFO  main            d.u.i.k.p.i.AbstractProblemLoader Loading environment from /home/runner/work/key/key/key.core/../key.ui/examples/standard_key/java_dl/deepNonNull/deepNonNull1.key.proof 
154267     DEBUG main            d.u.i.k.p.i.AbstractProblemLoader Environment load took 703.7ns 
154269     INFO  main            d.u.i.k.p.i.AbstractProblemLoader Creating init config 
157407     DEBUG main            d.u.i.k.p.i.AbstractProblemLoader Init config took 3.14s 
157453     INFO  main            d.u.i.k.p.i.AbstractProblemLoader Replaying proof Arrays[Arrays::head()].JML operation contract.0 
157493     DEBUG main            d.u.i.k.p.i.IntermediateProofReplayer Proof replay took 36.62ms 
157494     DEBUG main            d.u.i.k.p.r.p.TestFile    ... success: reloaded. 
157495     INFO  main            d.u.i.k.p.r.p.TestFile    Now processing file /home/runner/work/key/key/key.core/../key.ui/examples/standard_key/java_dl/deepNonNull/deepNonNull2.key 
157495     INFO  main            d.u.i.k.p.i.AbstractProblemLoader Loading environment from /home/runner/work/key/key/key.core/../key.ui/examples/standard_key/java_dl/deepNonNull/deepNonNull2.key 
157495     DEBUG main            d.u.i.k.p.i.AbstractProblemLoader Environment load took 104.7ns 
157497     INFO  main            d.u.i.k.p.i.AbstractProblemLoader Creating init config 
160761     DEBUG main            d.u.i.k.p.i.AbstractProblemLoader Init config took 3.26s 
160825     INFO  main            d.u.i.k.p.i.AbstractProblemLoader Replaying proof Arrays[Arrays::unprovable(java.lang.Object)].JML operation contract.0 
160827     DEBUG main            d.u.i.k.p.i.IntermediateProofReplayer Proof replay took 8.1ns 
160937     INFO  main            d.u.i.k.p.r.p.TestFile    ... finished proof: open goal(s) 
161284     INFO  main            d.u.i.k.p.r.p.TestFile    Now processing file /home/runner/work/key/key/key.core/../key.ui/examples/standard_key/java_dl/deepNonNull/deepNonNull3.key 
161284     INFO  main            d.u.i.k.p.i.AbstractProblemLoader Loading environment from /home/runner/work/key/key/key.core/../key.ui/examples/standard_key/java_dl/deepNonNull/deepNonNull3.key 
161285     DEBUG main            d.u.i.k.p.i.AbstractProblemLoader Environment load took 72.1ns 
161286     INFO  main            d.u.i.k.p.i.AbstractProblemLoader Creating init config 
164389     DEBUG main            d.u.i.k.p.i.AbstractProblemLoader Init config took 3.1s 
164435     INFO  main            d.u.i.k.p.i.AbstractProblemLoader Replaying proof Arrays[Arrays::head([[[[Ljava.lang.Object)].JML operation contract.0 
164437     DEBUG main            d.u.i.k.p.i.IntermediateProofReplayer Proof replay took 9.1ns 
165748     INFO  main            d.u.i.k.p.r.p.TestFile    ... finished proof: closed. 
166098     INFO  main            d.u.i.k.p.i.AbstractProblemLoader Loading environment from /home/runner/work/key/key/key.core/../key.ui/examples/standard_key/java_dl/deepNonNull/deepNonNull3.key.proof 
166099     DEBUG main            d.u.i.k.p.i.AbstractProblemLoader Environment load took 620.2ns 
166101     INFO  main            d.u.i.k.p.i.AbstractProblemLoader Creating init config 
169222     DEBUG main            d.u.i.k.p.i.AbstractProblemLoader Init config took 3.12s 
169266     INFO  main            d.u.i.k.p.i.AbstractProblemLoader Replaying proof Arrays[Arrays::head([[[[Ljava.lang.Object)].JML operation contract.0 
169426     DEBUG main            d.u.i.k.p.i.IntermediateProofReplayer Proof replay took 153.84ms 
169436     DEBUG main            d.u.i.k.p.r.p.TestFile    ... success: reloaded. 
169437     INFO  main            d.u.i.k.p.r.p.TestFile    Now processing file /home/runner/work/key/key/key.core/../key.ui/examples/standard_key/java_dl/exceptions.key 
169437     INFO  main            d.u.i.k.p.i.AbstractProblemLoader Loading environment from /home/runner/work/key/key/key.core/../key.ui/examples/standard_key/java_dl/exceptions.key 
169437     DEBUG main            d.u.i.k.p.i.AbstractProblemLoader Environment load took 128.8ns 
169438     INFO  main            d.u.i.k.p.i.AbstractProblemLoader Creating init config 
169546     WARN  main            d.u.i.k.j.r.KeYCrossReferenceNameInfo Datatype java.io.PrintStream declared twice: Once in FILE:/home/runner/work/key/key/key.core/../key.ui/examples/standard_key/java_dl/classpath/PrintStream.java and once in URL:file:/home/runner/work/key/key/key.core/build/resources/main/de/uka/ilkd/key/java/JavaRedux/java/io/PrintStream.java, Keeping one from URL:file:/home/runner/work/key/key/key.core/build/resources/main/de/uka/ilkd/key/java/JavaRedux/java/io/PrintStream.java 
169551     WARN  main            d.u.i.k.j.r.KeYCrossReferenceNameInfo Datatype java.io.InputStream declared twice: Once in FILE:/home/runner/work/key/key/key.core/../key.ui/examples/standard_key/java_dl/classpath/InputStream.java and once in URL:file:/home/runner/work/key/key/key.core/build/resources/main/de/uka/ilkd/key/java/JavaRedux/java/io/InputStream.java, Keeping one from URL:file:/home/runner/work/key/key/key.core/build/resources/main/de/uka/ilkd/key/java/JavaRedux/java/io/InputStream.java 
169552     WARN  main            d.u.i.k.j.r.KeYCrossReferenceNameInfo Datatype java.lang.System declared twice: Once in FILE:/home/runner/work/key/key/key.core/../key.ui/examples/standard_key/java_dl/classpath/System.java and once in URL:file:/home/runner/work/key/key/key.core/build/resources/main/de/uka/ilkd/key/java/JavaRedux/java/lang/System.java, Keeping one from URL:file:/home/runner/work/key/key/key.core/build/resources/main/de/uka/ilkd/key/java/JavaRedux/java/lang/System.java 
169555     DEBUG main            d.u.i.k.j.r.ClassFileDeclarationBuilder Parsing: package java.io; public class Closeable { } 
169555     DEBUG main            r.s.KeYCrossReferenceSourceInfo Dynamically created class: java.io.Closeable 
172686     DEBUG main            d.u.i.k.p.i.AbstractProblemLoader Init config took 3.25s 
172704     INFO  main            d.u.i.k.p.i.AbstractProblemLoader Replaying proof exceptions.key 
172706     DEBUG main            d.u.i.k.p.i.IntermediateProofReplayer Proof replay took 10.2ns 
172909     INFO  main            d.u.i.k.p.r.p.TestFile    ... finished proof: closed. 
173258     INFO  main            d.u.i.k.p.i.AbstractProblemLoader Loading environment from /home/runner/work/key/key/key.core/../key.ui/examples/standard_key/java_dl/exceptions.key.proof 
173258     DEBUG main            d.u.i.k.p.i.AbstractProblemLoader Environment load took 117.1ns 
173260     INFO  main            d.u.i.k.p.i.AbstractProblemLoader Creating init config 
173302     WARN  main            d.u.i.k.j.r.KeYCrossReferenceNameInfo Datatype java.io.PrintStream declared twice: Once in FILE:/home/runner/work/key/key/key.core/../key.ui/examples/standard_key/java_dl/classpath/PrintStream.java and once in URL:file:/home/runner/work/key/key/key.core/build/resources/main/de/uka/ilkd/key/java/JavaRedux/java/io/PrintStream.java, Keeping one from URL:file:/home/runner/work/key/key/key.core/build/resources/main/de/uka/ilkd/key/java/JavaRedux/java/io/PrintStream.java 
173303     WARN  main            d.u.i.k.j.r.KeYCrossReferenceNameInfo Datatype java.io.InputStream declared twice: Once in FILE:/home/runner/work/key/key/key.core/../key.ui/examples/standard_key/java_dl/classpath/InputStream.java and once in URL:file:/home/runner/work/key/key/key.core/build/resources/main/de/uka/ilkd/key/java/JavaRedux/java/io/InputStream.java, Keeping one from URL:file:/home/runner/work/key/key/key.core/build/resources/main/de/uka/ilkd/key/java/JavaRedux/java/io/InputStream.java 
173303     WARN  main            d.u.i.k.j.r.KeYCrossReferenceNameInfo Datatype java.lang.System declared twice: Once in FILE:/home/runner/work/key/key/key.core/../key.ui/examples/standard_key/java_dl/classpath/System.java and once in URL:file:/home/runner/work/key/key/key.core/build/resources/main/de/uka/ilkd/key/java/JavaRedux/java/lang/System.java, Keeping one from URL:file:/home/runner/work/key/key/key.core/build/resources/main/de/uka/ilkd/key/java/JavaRedux/java/lang/System.java 
173306     DEBUG main            d.u.i.k.j.r.ClassFileDeclarationBuilder Parsing: package java.io; public class Closeable { } 
173307     DEBUG main            r.s.KeYCrossReferenceSourceInfo Dynamically created class: java.io.Closeable 
176334     DEBUG main            d.u.i.k.p.i.AbstractProblemLoader Init config took 3.07s 
176351     INFO  main            d.u.i.k.p.i.AbstractProblemLoader Replaying proof exceptions.key.proof 
176417     DEBUG main            d.u.i.k.p.i.IntermediateProofReplayer Proof replay took 61.92ms 
176419     DEBUG main            d.u.i.k.p.r.p.TestFile    ... success: reloaded. 
176420     INFO  main            d.u.i.k.p.r.p.TestFile    Now processing file /home/runner/work/key/key/key.core/../key.ui/examples/standard_key/java_dl/exceptions1.key 
176420     INFO  main            d.u.i.k.p.i.AbstractProblemLoader Loading environment from /home/runner/work/key/key/key.core/../key.ui/examples/standard_key/java_dl/exceptions1.key 
176420     DEBUG main            d.u.i.k.p.i.AbstractProblemLoader Environment load took 94.2ns 
176421     INFO  main            d.u.i.k.p.i.AbstractProblemLoader Creating init config 
179500     DEBUG main            d.u.i.k.p.i.AbstractProblemLoader Init config took 3.08s 
179520     INFO  main            d.u.i.k.p.i.AbstractProblemLoader Replaying proof exceptions1.key 
179523     DEBUG main            d.u.i.k.p.i.IntermediateProofReplayer Proof replay took 9.5ns 
179729     INFO  main            d.u.i.k.p.r.p.TestFile    ... finished proof: closed. 
180109     INFO  main            d.u.i.k.p.i.AbstractProblemLoader Loading environment from /home/runner/work/key/key/key.core/../key.ui/examples/standard_key/java_dl/exceptions1.key.proof 
180110     DEBUG main            d.u.i.k.p.i.AbstractProblemLoader Environment load took 398.5ns 
180111     INFO  main            d.u.i.k.p.i.AbstractProblemLoader Creating init config 
183158     DEBUG main            d.u.i.k.p.i.AbstractProblemLoader Init config took 3.05s 
183178     INFO  main            d.u.i.k.p.i.AbstractProblemLoader Replaying proof exceptions1.key.proof 
183224     DEBUG main            d.u.i.k.p.i.IntermediateProofReplayer Proof replay took 43ms 
183225     DEBUG main            d.u.i.k.p.r.p.TestFile    ... success: reloaded. 
183226     INFO  main            d.u.i.k.p.r.p.TestFile    Now processing file /home/runner/work/key/key/key.core/../key.ui/examples/standard_key/java_dl/exceptions2.key 
183227     INFO  main            d.u.i.k.p.i.AbstractProblemLoader Loading environment from /home/runner/work/key/key/key.core/../key.ui/examples/standard_key/java_dl/exceptions2.key 
183227     DEBUG main            d.u.i.k.p.i.AbstractProblemLoader Environment load took 220ns 
183228     INFO  main            d.u.i.k.p.i.AbstractProblemLoader Creating init config 
186411     DEBUG main            d.u.i.k.p.i.AbstractProblemLoader Init config took 3.18s 
186430     INFO  main            d.u.i.k.p.i.AbstractProblemLoader Replaying proof exceptions2.key 
186433     DEBUG main            d.u.i.k.p.i.IntermediateProofReplayer Proof replay took 9.4ns 
186635     INFO  main            d.u.i.k.p.r.p.TestFile    ... finished proof: closed. 
187004     INFO  main            d.u.i.k.p.i.AbstractProblemLoader Loading environment from /home/runner/work/key/key/key.core/../key.ui/examples/standard_key/java_dl/exceptions2.key.proof 
187004     DEBUG main            d.u.i.k.p.i.AbstractProblemLoader Environment load took 106.7ns 
187006     INFO  main            d.u.i.k.p.i.AbstractProblemLoader Creating init config 
190024     DEBUG main            d.u.i.k.p.i.AbstractProblemLoader Init config took 3.02s 
190043     INFO  main            d.u.i.k.p.i.AbstractProblemLoader Replaying proof exceptions2.key.proof 
190093     DEBUG main            d.u.i.k.p.i.IntermediateProofReplayer Proof replay took 46.93ms 
190095     DEBUG main            d.u.i.k.p.r.p.TestFile    ... success: reloaded. 
190097     INFO  main            d.u.i.k.p.r.p.TestFile    Now processing file /home/runner/work/key/key/key.core/../key.ui/examples/standard_key/java_dl/exceptions3.key 
190097     INFO  main            d.u.i.k.p.i.AbstractProblemLoader Loading environment from /home/runner/work/key/key/key.core/../key.ui/examples/standard_key/java_dl/exceptions3.key 
190097     DEBUG main            d.u.i.k.p.i.AbstractProblemLoader Environment load took 229.8ns 
190098     INFO  main            d.u.i.k.p.i.AbstractProblemLoader Creating init config 
190129     WARN  main            d.u.i.k.j.r.KeYCrossReferenceNameInfo Datatype java.io.PrintStream declared twice: Once in FILE:/home/runner/work/key/key/key.core/../key.ui/examples/standard_key/java_dl/classpath/PrintStream.java and once in URL:file:/home/runner/work/key/key/key.core/build/resources/main/de/uka/ilkd/key/java/JavaRedux/java/io/PrintStream.java, Keeping one from URL:file:/home/runner/work/key/key/key.core/build/resources/main/de/uka/ilkd/key/java/JavaRedux/java/io/PrintStream.java 
190129     WARN  main            d.u.i.k.j.r.KeYCrossReferenceNameInfo Datatype java.io.InputStream declared twice: Once in FILE:/home/runner/work/key/key/key.core/../key.ui/examples/standard_key/java_dl/classpath/InputStream.java and once in URL:file:/home/runner/work/key/key/key.core/build/resources/main/de/uka/ilkd/key/java/JavaRedux/java/io/InputStream.java, Keeping one from URL:file:/home/runner/work/key/key/key.core/build/resources/main/de/uka/ilkd/key/java/JavaRedux/java/io/InputStream.java 
190129     WARN  main            d.u.i.k.j.r.KeYCrossReferenceNameInfo Datatype java.lang.System declared twice: Once in FILE:/home/runner/work/key/key/key.core/../key.ui/examples/standard_key/java_dl/classpath/System.java and once in URL:file:/home/runner/work/key/key/key.core/build/resources/main/de/uka/ilkd/key/java/JavaRedux/java/lang/System.java, Keeping one from URL:file:/home/runner/work/key/key/key.core/build/resources/main/de/uka/ilkd/key/java/JavaRedux/java/lang/System.java 
190133     DEBUG main            d.u.i.k.j.r.ClassFileDeclarationBuilder Parsing: package java.io; public class Closeable { } 
190133     DEBUG main            r.s.KeYCrossReferenceSourceInfo Dynamically created class: java.io.Closeable 
193339     DEBUG main            d.u.i.k.p.i.AbstractProblemLoader Init config took 3.24s 
193358     INFO  main            d.u.i.k.p.i.AbstractProblemLoader Replaying proof exceptions3.key 
193360     DEBUG main            d.u.i.k.p.i.IntermediateProofReplayer Proof replay took 9.1ns 
193465     INFO  main            d.u.i.k.p.r.p.TestFile    ... finished proof: closed. 
193891     INFO  main            d.u.i.k.p.i.AbstractProblemLoader Loading environment from /home/runner/work/key/key/key.core/../key.ui/examples/standard_key/java_dl/exceptions3.key.proof 
193891     DEBUG main            d.u.i.k.p.i.AbstractProblemLoader Environment load took 104.9ns 
193893     INFO  main            d.u.i.k.p.i.AbstractProblemLoader Creating init config 
193923     WARN  main            d.u.i.k.j.r.KeYCrossReferenceNameInfo Datatype java.io.PrintStream declared twice: Once in FILE:/home/runner/work/key/key/key.core/../key.ui/examples/standard_key/java_dl/classpath/PrintStream.java and once in URL:file:/home/runner/work/key/key/key.core/build/resources/main/de/uka/ilkd/key/java/JavaRedux/java/io/PrintStream.java, Keeping one from URL:file:/home/runner/work/key/key/key.core/build/resources/main/de/uka/ilkd/key/java/JavaRedux/java/io/PrintStream.java 
193924     WARN  main            d.u.i.k.j.r.KeYCrossReferenceNameInfo Datatype java.io.InputStream declared twice: Once in FILE:/home/runner/work/key/key/key.core/../key.ui/examples/standard_key/java_dl/classpath/InputStream.java and once in URL:file:/home/runner/work/key/key/key.core/build/resources/main/de/uka/ilkd/key/java/JavaRedux/java/io/InputStream.java, Keeping one from URL:file:/home/runner/work/key/key/key.core/build/resources/main/de/uka/ilkd/key/java/JavaRedux/java/io/InputStream.java 
193924     WARN  main            d.u.i.k.j.r.KeYCrossReferenceNameInfo Datatype java.lang.System declared twice: Once in FILE:/home/runner/work/key/key/key.core/../key.ui/examples/standard_key/java_dl/classpath/System.java and once in URL:file:/home/runner/work/key/key/key.core/build/resources/main/de/uka/ilkd/key/java/JavaRedux/java/lang/System.java, Keeping one from URL:file:/home/runner/work/key/key/key.core/build/resources/main/de/uka/ilkd/key/java/JavaRedux/java/lang/System.java 
193928     DEBUG main            d.u.i.k.j.r.ClassFileDeclarationBuilder Parsing: package java.io; public class Closeable { } 
193928     DEBUG main            r.s.KeYCrossReferenceSourceInfo Dynamically created class: java.io.Closeable 
196953     DEBUG main            d.u.i.k.p.i.AbstractProblemLoader Init config took 3.06s 
196972     INFO  main            d.u.i.k.p.i.AbstractProblemLoader Replaying proof exceptions3.key.proof 
196982     DEBUG main            d.u.i.k.p.i.IntermediateProofReplayer Proof replay took 5.32ms 
196984     DEBUG main            d.u.i.k.p.r.p.TestFile    ... success: reloaded. 
196985     INFO  main            d.u.i.k.p.r.p.TestFile    Now processing file /home/runner/work/key/key/key.core/../key.ui/examples/standard_key/java_dl/exchange.key 
196986     INFO  main            d.u.i.k.p.i.AbstractProblemLoader Loading environment from /home/runner/work/key/key/key.core/../key.ui/examples/standard_key/java_dl/exchange.key 
196986     DEBUG main            d.u.i.k.p.i.AbstractProblemLoader Environment load took 251.7ns 
196987     INFO  main            d.u.i.k.p.i.AbstractProblemLoader Creating init config 
200021     DEBUG main            d.u.i.k.p.i.AbstractProblemLoader Init config took 3.03s 
200040     INFO  main            d.u.i.k.p.i.AbstractProblemLoader Replaying proof exchange.key 
200042     DEBUG main            d.u.i.k.p.i.IntermediateProofReplayer Proof replay took 8.4ns 
200145     INFO  main            d.u.i.k.p.r.p.TestFile    ... finished proof: closed. 
200517     INFO  main            d.u.i.k.p.i.AbstractProblemLoader Loading environment from /home/runner/work/key/key/key.core/../key.ui/examples/standard_key/java_dl/exchange.key.proof 
200518     DEBUG main            d.u.i.k.p.i.AbstractProblemLoader Environment load took 158.7ns 
200519     INFO  main            d.u.i.k.p.i.AbstractProblemLoader Creating init config 
203627     DEBUG main            d.u.i.k.p.i.AbstractProblemLoader Init config took 3.11s 
203646     INFO  main            d.u.i.k.p.i.AbstractProblemLoader Replaying proof exchange.key.proof 
203653     DEBUG main            d.u.i.k.p.i.IntermediateProofReplayer Proof replay took 3.92ms 
203654     DEBUG main            d.u.i.k.p.r.p.TestFile    ... success: reloaded. 
203655     INFO  main            d.u.i.k.p.r.p.TestFile    Now processing file /home/runner/work/key/key/key.core/../key.ui/examples/standard_key/java_dl/if.key 
203655     INFO  main            d.u.i.k.p.i.AbstractProblemLoader Loading environment from /home/runner/work/key/key/key.core/../key.ui/examples/standard_key/java_dl/if.key 
203656     DEBUG main            d.u.i.k.p.i.AbstractProblemLoader Environment load took 141.6ns 
203656     INFO  main            d.u.i.k.p.i.AbstractProblemLoader Creating init config 
206784     DEBUG main            d.u.i.k.p.i.AbstractProblemLoader Init config took 3.13s 
206801     INFO  main            d.u.i.k.p.i.AbstractProblemLoader Replaying proof if.key 
206803     DEBUG main            d.u.i.k.p.i.IntermediateProofReplayer Proof replay took 9.1ns 
206908     INFO  main            d.u.i.k.p.r.p.TestFile    ... finished proof: closed. 
207294     INFO  main            d.u.i.k.p.i.AbstractProblemLoader Loading environment from /home/runner/work/key/key/key.core/../key.ui/examples/standard_key/java_dl/if.key.proof 
207295     DEBUG main            d.u.i.k.p.i.AbstractProblemLoader Environment load took 155.2ns 
207296     INFO  main            d.u.i.k.p.i.AbstractProblemLoader Creating init config 
210226     DEBUG main            d.u.i.k.p.i.AbstractProblemLoader Init config took 2.93s 
210244     INFO  main            d.u.i.k.p.i.AbstractProblemLoader Replaying proof if.key.proof 
210251     DEBUG main            d.u.i.k.p.i.IntermediateProofReplayer Proof replay took 4.39ms 
210252     DEBUG main            d.u.i.k.p.r.p.TestFile    ... success: reloaded. 
210252     INFO  main            d.u.i.k.p.r.p.TestFile    Now processing file /home/runner/work/key/key/key.core/../key.ui/examples/standard_key/java_dl/incrementcounter.key 
210253     INFO  main            d.u.i.k.p.i.AbstractProblemLoader Loading environment from /home/runner/work/key/key/key.core/../key.ui/examples/standard_key/java_dl/incrementcounter.key 
210253     DEBUG main            d.u.i.k.p.i.AbstractProblemLoader Environment load took 112ns 
210254     INFO  main            d.u.i.k.p.i.AbstractProblemLoader Creating init config 
213308     DEBUG main            d.u.i.k.p.i.AbstractProblemLoader Init config took 3.05s 
213326     INFO  main            d.u.i.k.p.i.AbstractProblemLoader Replaying proof incrementcounter.key 
213327     DEBUG main            d.u.i.k.p.i.IntermediateProofReplayer Proof replay took 9.2ns 
213430     INFO  main            d.u.i.k.p.r.p.TestFile    ... finished proof: closed. 
213826     INFO  main            d.u.i.k.p.i.AbstractProblemLoader Loading environment from /home/runner/work/key/key/key.core/../key.ui/examples/standard_key/java_dl/incrementcounter.key.proof 
213826     DEBUG main            d.u.i.k.p.i.AbstractProblemLoader Environment load took 114.5ns 
213828     INFO  main            d.u.i.k.p.i.AbstractProblemLoader Creating init config 
216743     DEBUG main            d.u.i.k.p.i.AbstractProblemLoader Init config took 2.91s 
216759     INFO  main            d.u.i.k.p.i.AbstractProblemLoader Replaying proof incrementcounter.key.proof 
216764     DEBUG main            d.u.i.k.p.i.IntermediateProofReplayer Proof replay took 2.59ms 
216764     DEBUG main            d.u.i.k.p.r.p.TestFile    ... success: reloaded. 
216765     INFO  main            d.u.i.k.p.r.p.TestFile    Now processing file /home/runner/work/key/key/key.core/../key.ui/examples/standard_key/java_dl/danglingElse.key 
216765     INFO  main            d.u.i.k.p.i.AbstractProblemLoader Loading environment from /home/runner/work/key/key/key.core/../key.ui/examples/standard_key/java_dl/danglingElse.key 
216765     DEBUG main            d.u.i.k.p.i.AbstractProblemLoader Environment load took 63.3ns 
216766     INFO  main            d.u.i.k.p.i.AbstractProblemLoader Creating init config 
219758     DEBUG main            d.u.i.k.p.i.AbstractProblemLoader Init config took 2.99s 
219775     INFO  main            d.u.i.k.p.i.AbstractProblemLoader Replaying proof danglingElse.key 
219778     DEBUG main            d.u.i.k.p.i.IntermediateProofReplayer Proof replay took 8.2ns 
219881     INFO  main            d.u.i.k.p.r.p.TestFile    ... finished proof: open goal(s) 
220285     INFO  main            d.u.i.k.p.r.p.TestFile    Now processing file /home/runner/work/key/key/key.core/../key.ui/examples/standard_key/java_dl/iteratedAssignment.key 
220285     INFO  main            d.u.i.k.p.i.AbstractProblemLoader Loading environment from /home/runner/work/key/key/key.core/../key.ui/examples/standard_key/java_dl/iteratedAssignment.key 
220285     DEBUG main            d.u.i.k.p.i.AbstractProblemLoader Environment load took 67.4ns 
220286     INFO  main            d.u.i.k.p.i.AbstractProblemLoader Creating init config 
223219     DEBUG main            d.u.i.k.p.i.AbstractProblemLoader Init config took 2.93s 
223236     INFO  main            d.u.i.k.p.i.AbstractProblemLoader Replaying proof iteratedAssignment.key 
223247     DEBUG main            d.u.i.k.p.i.IntermediateProofReplayer Proof replay took 7.2ns 
223651     INFO  main            d.u.i.k.p.r.p.TestFile    ... finished proof: closed. 
224066     INFO  main            d.u.i.k.p.i.AbstractProblemLoader Loading environment from /home/runner/work/key/key/key.core/../key.ui/examples/standard_key/java_dl/iteratedAssignment.key.proof 
224066     DEBUG main            d.u.i.k.p.i.AbstractProblemLoader Environment load took 726.8ns 
224068     INFO  main            d.u.i.k.p.i.AbstractProblemLoader Creating init config 
227082     DEBUG main            d.u.i.k.p.i.AbstractProblemLoader Init config took 3.01s 
227100     INFO  main            d.u.i.k.p.i.AbstractProblemLoader Replaying proof iteratedAssignment.key.proof 
227186     DEBUG main            d.u.i.k.p.i.IntermediateProofReplayer Proof replay took 82.23ms 
227187     DEBUG main            d.u.i.k.p.r.p.TestFile    ... success: reloaded. 
227188     INFO  main            d.u.i.k.p.r.p.TestFile    Now processing file /home/runner/work/key/key/key.core/../key.ui/examples/standard_key/java_dl/assert/assert1.key 
227188     INFO  main            d.u.i.k.p.i.AbstractProblemLoader Loading environment from /home/runner/work/key/key/key.core/../key.ui/examples/standard_key/java_dl/assert/assert1.key 
227189     DEBUG main            d.u.i.k.p.i.AbstractProblemLoader Environment load took 120.7ns 
227190     INFO  main            d.u.i.k.p.i.AbstractProblemLoader Creating init config 
230348     DEBUG main            d.u.i.k.p.i.AbstractProblemLoader Init config took 3.16s 
230393     INFO  main            d.u.i.k.p.i.AbstractProblemLoader Replaying proof C[C::foo()].JML normal_behavior operation contract.0 
230396     DEBUG main            d.u.i.k.p.i.IntermediateProofReplayer Proof replay took 8.7ns 
230598     INFO  main            d.u.i.k.p.r.p.TestFile    ... finished proof: open goal(s) 
231033     INFO  main            d.u.i.k.p.r.p.TestFile    Now processing file /home/runner/work/key/key/key.core/../key.ui/examples/standard_key/java_dl/assert/assert2.key 
231034     INFO  main            d.u.i.k.p.i.AbstractProblemLoader Loading environment from /home/runner/work/key/key/key.core/../key.ui/examples/standard_key/java_dl/assert/assert2.key 
231034     DEBUG main            d.u.i.k.p.i.AbstractProblemLoader Environment load took 73.4ns 
231035     INFO  main            d.u.i.k.p.i.AbstractProblemLoader Creating init config 
234065     DEBUG main            d.u.i.k.p.i.AbstractProblemLoader Init config took 3.03s 
234108     INFO  main            d.u.i.k.p.i.AbstractProblemLoader Replaying proof C[C::bar()].JML exceptional_behavior operation contract.0 
234111     DEBUG main            d.u.i.k.p.i.IntermediateProofReplayer Proof replay took 9.2ns 
234317     INFO  main            d.u.i.k.p.r.p.TestFile    ... finished proof: closed. 
234738     INFO  main            d.u.i.k.p.i.AbstractProblemLoader Loading environment from /home/runner/work/key/key/key.core/../key.ui/examples/standard_key/java_dl/assert/assert2.key.proof 
234738     DEBUG main            d.u.i.k.p.i.AbstractProblemLoader Environment load took 112.4ns 
234742     INFO  main            d.u.i.k.p.i.AbstractProblemLoader Creating init config 
237809     DEBUG main            d.u.i.k.p.i.AbstractProblemLoader Init config took 3.07s 
237850     INFO  main            d.u.i.k.p.i.AbstractProblemLoader Replaying proof C[C::bar()].JML exceptional_behavior operation contract.0 
237918     DEBUG main            d.u.i.k.p.i.IntermediateProofReplayer Proof replay took 65.6ms 
237920     DEBUG main            d.u.i.k.p.r.p.TestFile    ... success: reloaded. 
237921     INFO  main            d.u.i.k.p.r.p.TestFile    Now processing file /home/runner/work/key/key/key.core/../key.ui/examples/standard_key/java_dl/assert/assert3.key 
237922     INFO  main            d.u.i.k.p.i.AbstractProblemLoader Loading environment from /home/runner/work/key/key/key.core/../key.ui/examples/standard_key/java_dl/assert/assert3.key 
237922     DEBUG main            d.u.i.k.p.i.AbstractProblemLoader Environment load took 132.4ns 
237923     INFO  main            d.u.i.k.p.i.AbstractProblemLoader Creating init config 
240959     DEBUG main            d.u.i.k.p.i.AbstractProblemLoader Init config took 3.04s 
240999     INFO  main            d.u.i.k.p.i.AbstractProblemLoader Replaying proof C[C::foo()].JML normal_behavior operation contract.0 
241002     DEBUG main            d.u.i.k.p.i.IntermediateProofReplayer Proof replay took 7.4ns 
241104     INFO  main            d.u.i.k.p.r.p.TestFile    ... finished proof: open goal(s) 
241524     INFO  main            d.u.i.k.p.r.p.TestFile    Now processing file /home/runner/work/key/key/key.core/../key.ui/examples/standard_key/java_dl/java5/vararg.key 
241524     INFO  main            d.u.i.k.p.i.AbstractProblemLoader Loading environment from /home/runner/work/key/key/key.core/../key.ui/examples/standard_key/java_dl/java5/vararg.key 
241524     DEBUG main            d.u.i.k.p.i.AbstractProblemLoader Environment load took 69.5ns 
241526     INFO  main            d.u.i.k.p.i.AbstractProblemLoader Creating init config 
242623     DEBUG main            d.u.i.k.j.r.ClassPreparationMethodBuilder clPrepBuilder: Inner Class detected. Reject building class initialisation methods. 
244998     DEBUG main            d.u.i.k.p.i.AbstractProblemLoader Init config took 3.47s 
245031     INFO  main            d.u.i.k.p.i.AbstractProblemLoader Replaying proof vararg.key 
245033     DEBUG main            d.u.i.k.p.i.IntermediateProofReplayer Proof replay took 9.1ns 
245389     DEBUG Thread-101      d.u.i.k.j.d.VariableSpecification Program match. Variables have different dimension (template #v0 = #vi;, source var#17[] = new java.lang.Object[]{d1, d2};) 
245605     DEBUG Thread-101      d.u.i.k.j.d.VariableSpecification Program match. Variables have different dimension (template #v0 = #vi;, source var#24[] = new java.lang.Object[]{d1, d2};) 
245810     DEBUG Thread-101      d.u.i.k.j.d.VariableSpecification Program match. Variables have different dimension (template #v0 = #vi;, source var#33[] = new java.lang.Object[]{var_1};) 
245811     DEBUG Thread-101      d.u.i.k.j.d.VariableSpecification Program match. Variables have different dimension (template #v0 = #vi;, source var#33[] = new java.lang.Object[]{var_1};) 
245964     DEBUG Thread-101      d.u.i.k.j.d.VariableSpecification Program match. Variables have different dimension (template #v0 = #vi;, source var#39[] = new java.lang.Object[]{null, null};) 
246160     DEBUG Thread-101      d.u.i.k.j.d.VariableSpecification Program match. Variables have different dimension (template #v0 = #vi;, source var#46[] = new java.lang.Object[]{};) 
246745     INFO  main            d.u.i.k.p.r.p.TestFile    ... finished proof: closed. 
247226     INFO  main            d.u.i.k.p.i.AbstractProblemLoader Loading environment from /home/runner/work/key/key/key.core/../key.ui/examples/standard_key/java_dl/java5/vararg.key.proof 
247227     DEBUG main            d.u.i.k.p.i.AbstractProblemLoader Environment load took 1.57ms 
247229     INFO  main            d.u.i.k.p.i.AbstractProblemLoader Creating init config 
248279     DEBUG main            d.u.i.k.j.r.ClassPreparationMethodBuilder clPrepBuilder: Inner Class detected. Reject building class initialisation methods. 
250596     DEBUG main            d.u.i.k.p.i.AbstractProblemLoader Init config took 3.37s 
250627     INFO  main            d.u.i.k.p.i.AbstractProblemLoader Replaying proof vararg.key.proof 
251088     DEBUG main            d.u.i.k.p.i.IntermediateProofReplayer Proof replay took 447.89ms 
251089     DEBUG main            d.u.i.k.p.r.p.TestFile    ... success: reloaded. 
251090     INFO  main            d.u.i.k.p.r.p.TestFile    Now processing file /home/runner/work/key/key/key.core/../key.ui/examples/standard_key/java_dl/java5/for_Array.key 
251090     INFO  main            d.u.i.k.p.i.AbstractProblemLoader Loading environment from /home/runner/work/key/key/key.core/../key.ui/examples/standard_key/java_dl/java5/for_Array.key 
251091     DEBUG main            d.u.i.k.p.i.AbstractProblemLoader Environment load took 101.9ns 
251092     INFO  main            d.u.i.k.p.i.AbstractProblemLoader Creating init config 
252168     DEBUG main            d.u.i.k.j.r.ClassPreparationMethodBuilder clPrepBuilder: Inner Class detected. Reject building class initialisation methods. 
254462     DEBUG main            d.u.i.k.p.i.AbstractProblemLoader Init config took 3.37s 
254530     INFO  main            d.u.i.k.p.i.AbstractProblemLoader Replaying proof For[For::sum([I)].JML operation contract.0 
254532     DEBUG main            d.u.i.k.p.i.IntermediateProofReplayer Proof replay took 7.2ns 
255038     INFO  main            d.u.i.k.p.r.p.TestFile    ... finished proof: closed. 
255548     INFO  main            d.u.i.k.p.i.AbstractProblemLoader Loading environment from /home/runner/work/key/key/key.core/../key.ui/examples/standard_key/java_dl/java5/for_Array.key.proof 
255548     DEBUG main            d.u.i.k.p.i.AbstractProblemLoader Environment load took 556.2ns 
255550     INFO  main            d.u.i.k.p.i.AbstractProblemLoader Creating init config 
256583     DEBUG main            d.u.i.k.j.r.ClassPreparationMethodBuilder clPrepBuilder: Inner Class detected. Reject building class initialisation methods. 
258798     DEBUG main            d.u.i.k.p.i.AbstractProblemLoader Init config took 3.25s 
258864     INFO  main            d.u.i.k.p.i.AbstractProblemLoader Replaying proof For[For::sum([I)].JML operation contract.0 
258991     DEBUG main            d.u.i.k.p.i.IntermediateProofReplayer Proof replay took 121.94ms 
258992     DEBUG main            d.u.i.k.p.r.p.TestFile    ... success: reloaded. 
258993     INFO  main            d.u.i.k.p.r.p.TestFile    Now processing file /home/runner/work/key/key/key.core/../key.ui/examples/standard_key/java_dl/java5/for_Iterable.key 
258994     INFO  main            d.u.i.k.p.i.AbstractProblemLoader Loading environment from /home/runner/work/key/key/key.core/../key.ui/examples/standard_key/java_dl/java5/for_Iterable.key 
258994     DEBUG main            d.u.i.k.p.i.AbstractProblemLoader Environment load took 189.6ns 
258995     INFO  main            d.u.i.k.p.i.AbstractProblemLoader Creating init config 
260106     DEBUG main            d.u.i.k.j.r.ClassPreparationMethodBuilder clPrepBuilder: Inner Class detected. Reject building class initialisation methods. 
262391     DEBUG main            d.u.i.k.p.i.AbstractProblemLoader Init config took 3.4s 
262456     INFO  main            d.u.i.k.p.i.AbstractProblemLoader Replaying proof For[For::infiniteLoop(For)].JML operation contract.0 
262457     DEBUG main            d.u.i.k.p.i.IntermediateProofReplayer Proof replay took 6.6ns 
262661     INFO  main            d.u.i.k.p.r.p.TestFile    ... finished proof: closed. 
263210     INFO  main            d.u.i.k.p.i.AbstractProblemLoader Loading environment from /home/runner/work/key/key/key.core/../key.ui/examples/standard_key/java_dl/java5/for_Iterable.key.proof 
263210     DEBUG main            d.u.i.k.p.i.AbstractProblemLoader Environment load took 381.9ns 
263212     INFO  main            d.u.i.k.p.i.AbstractProblemLoader Creating init config 
264261     DEBUG main            d.u.i.k.j.r.ClassPreparationMethodBuilder clPrepBuilder: Inner Class detected. Reject building class initialisation methods. 
266530     DEBUG main            d.u.i.k.p.i.AbstractProblemLoader Init config took 3.32s 
266614     INFO  main            d.u.i.k.p.i.AbstractProblemLoader Replaying proof For[For::infiniteLoop(For)].JML operation contract.0 
266685     DEBUG main            d.u.i.k.p.i.IntermediateProofReplayer Proof replay took 68.06ms 
266686     DEBUG main            d.u.i.k.p.r.p.TestFile    ... success: reloaded. 
266687     INFO  main            d.u.i.k.p.r.p.TestFile    Now processing file /home/runner/work/key/key/key.core/../key.ui/examples/standard_key/java_dl/java5/for_ReferenceArray.key 
266688     INFO  main            d.u.i.k.p.i.AbstractProblemLoader Loading environment from /home/runner/work/key/key/key.core/../key.ui/examples/standard_key/java_dl/java5/for_ReferenceArray.key 
266688     DEBUG main            d.u.i.k.p.i.AbstractProblemLoader Environment load took 308.1ns 
266689     INFO  main            d.u.i.k.p.i.AbstractProblemLoader Creating init config 
267755     DEBUG main            d.u.i.k.j.r.ClassPreparationMethodBuilder clPrepBuilder: Inner Class detected. Reject building class initialisation methods. 
270096     DEBUG main            d.u.i.k.p.i.AbstractProblemLoader Init config took 3.41s 
270166     INFO  main            d.u.i.k.p.i.AbstractProblemLoader Replaying proof ForReferenceArray[ForReferenceArray::foo([Ljava.lang.Object)].JML operation contract.0 
270169     DEBUG main            d.u.i.k.p.i.IntermediateProofReplayer Proof replay took 7.8ns 
270572     INFO  main            d.u.i.k.p.r.p.TestFile    ... finished proof: closed. 
271058     INFO  main            d.u.i.k.p.i.AbstractProblemLoader Loading environment from /home/runner/work/key/key/key.core/../key.ui/examples/standard_key/java_dl/java5/for_ReferenceArray.key.proof 
271059     DEBUG main            d.u.i.k.p.i.AbstractProblemLoader Environment load took 390.8ns 
271060     INFO  main            d.u.i.k.p.i.AbstractProblemLoader Creating init config 
272089     DEBUG main            d.u.i.k.j.r.ClassPreparationMethodBuilder clPrepBuilder: Inner Class detected. Reject building class initialisation methods. 
274317     DEBUG main            d.u.i.k.p.i.AbstractProblemLoader Init config took 3.26s 
274394     INFO  main            d.u.i.k.p.i.AbstractProblemLoader Replaying proof ForReferenceArray[ForReferenceArray::foo([Ljava.lang.Object)].JML operation contract.0 
274477     DEBUG main            d.u.i.k.p.i.IntermediateProofReplayer Proof replay took 79.37ms 
274478     DEBUG main            d.u.i.k.p.r.p.TestFile    ... success: reloaded. 
274479     INFO  main            d.u.i.k.p.r.p.TestFile    Now processing file /home/runner/work/key/key/key.core/../key.ui/examples/standard_key/java_dl/jml-bigint/cast.key 
274480     INFO  main            d.u.i.k.p.i.AbstractProblemLoader Loading environment from /home/runner/work/key/key/key.core/../key.ui/examples/standard_key/java_dl/jml-bigint/cast.key 
274480     DEBUG main            d.u.i.k.p.i.AbstractProblemLoader Environment load took 186.7ns 
274481     INFO  main            d.u.i.k.p.i.AbstractProblemLoader Creating init config 
277560     DEBUG main            d.u.i.k.p.i.AbstractProblemLoader Init config took 3.08s 
277632     INFO  main            d.u.i.k.p.i.AbstractProblemLoader Replaying proof Mult[Mult::cast()].JML operation contract.0 
277635     DEBUG main            d.u.i.k.p.i.IntermediateProofReplayer Proof replay took 7.3ns 
277738     INFO  main            d.u.i.k.p.r.p.TestFile    ... finished proof: closed. 
278236     INFO  main            d.u.i.k.p.i.AbstractProblemLoader Loading environment from /home/runner/work/key/key/key.core/../key.ui/examples/standard_key/java_dl/jml-bigint/cast.key.proof 
278237     DEBUG main            d.u.i.k.p.i.AbstractProblemLoader Environment load took 125.3ns 
278242     INFO  main            d.u.i.k.p.i.AbstractProblemLoader Creating init config 
281411     DEBUG main            d.u.i.k.p.i.AbstractProblemLoader Init config took 3.17s 
281453     INFO  main            d.u.i.k.p.i.AbstractProblemLoader Replaying proof Mult[Mult::cast()].JML operation contract.0 
281472     DEBUG main            d.u.i.k.p.i.IntermediateProofReplayer Proof replay took 16.97ms 
281473     DEBUG main            d.u.i.k.p.r.p.TestFile    ... success: reloaded. 
281474     INFO  main            d.u.i.k.p.r.p.TestFile    Now processing file /home/runner/work/key/key/key.core/../key.ui/examples/standard_key/java_dl/jml-free/loopInvFree.key 
281475     INFO  main            d.u.i.k.p.i.AbstractProblemLoader Loading environment from /home/runner/work/key/key/key.core/../key.ui/examples/standard_key/java_dl/jml-free/loopInvFree.key 
281475     DEBUG main            d.u.i.k.p.i.AbstractProblemLoader Environment load took 113.6ns 
281476     INFO  main            d.u.i.k.p.i.AbstractProblemLoader Creating init config 
284658     DEBUG main            d.u.i.k.p.i.AbstractProblemLoader Init config took 3.18s 
284699     INFO  main            d.u.i.k.p.i.AbstractProblemLoader Replaying proof LoopInvFree[LoopInvFree::test()].JML operation contract.0 
284701     DEBUG main            d.u.i.k.p.i.IntermediateProofReplayer Proof replay took 12ns 
284904     INFO  main            d.u.i.k.p.r.p.TestFile    ... finished proof: closed. 
285406     INFO  main            d.u.i.k.p.i.AbstractProblemLoader Loading environment from /home/runner/work/key/key/key.core/../key.ui/examples/standard_key/java_dl/jml-free/loopInvFree.key.proof 
285407     DEBUG main            d.u.i.k.p.i.AbstractProblemLoader Environment load took 100.4ns 
285408     INFO  main            d.u.i.k.p.i.AbstractProblemLoader Creating init config 
288538     DEBUG main            d.u.i.k.p.i.AbstractProblemLoader Init config took 3.13s 
288579     INFO  main            d.u.i.k.p.i.AbstractProblemLoader Replaying proof LoopInvFree[LoopInvFree::test()].JML operation contract.0 
288642     DEBUG main            d.u.i.k.p.i.IntermediateProofReplayer Proof replay took 60.46ms 
288643     DEBUG main            d.u.i.k.p.r.p.TestFile    ... success: reloaded. 
288644     INFO  main            d.u.i.k.p.r.p.TestFile    Now processing file /home/runner/work/key/key/key.core/../key.ui/examples/standard_key/java_dl/jml-free/ensuresFree.key 
288644     INFO  main            d.u.i.k.p.i.AbstractProblemLoader Loading environment from /home/runner/work/key/key/key.core/../key.ui/examples/standard_key/java_dl/jml-free/ensuresFree.key 
288644     DEBUG main            d.u.i.k.p.i.AbstractProblemLoader Environment load took 282.2ns 
288645     INFO  main            d.u.i.k.p.i.AbstractProblemLoader Creating init config 
291729     DEBUG main            d.u.i.k.p.i.AbstractProblemLoader Init config took 3.08s 
291769     INFO  main            d.u.i.k.p.i.AbstractProblemLoader Replaying proof EnsuresFree[EnsuresFree::test()].JML operation contract.0 
291771     DEBUG main            d.u.i.k.p.i.IntermediateProofReplayer Proof replay took 8.1ns 
291873     INFO  main            d.u.i.k.p.r.p.TestFile    ... finished proof: closed. 
292361     INFO  main            d.u.i.k.p.i.AbstractProblemLoader Loading environment from /home/runner/work/key/key/key.core/../key.ui/examples/standard_key/java_dl/jml-free/ensuresFree.key.proof 
292361     DEBUG main            d.u.i.k.p.i.AbstractProblemLoader Environment load took 142.7ns 
292362     INFO  main            d.u.i.k.p.i.AbstractProblemLoader Creating init config 
295393     DEBUG main            d.u.i.k.p.i.AbstractProblemLoader Init config took 3.03s 
295434     INFO  main            d.u.i.k.p.i.AbstractProblemLoader Replaying proof EnsuresFree[EnsuresFree::test()].JML operation contract.0 
295460     DEBUG main            d.u.i.k.p.i.IntermediateProofReplayer Proof replay took 24.21ms 
295461     DEBUG main            d.u.i.k.p.r.p.TestFile    ... success: reloaded. 
295462     INFO  main            d.u.i.k.p.r.p.TestFile    Now processing file /home/runner/work/key/key/key.core/../key.ui/examples/standard_key/java_dl/jml-information-flow.key 
295462     INFO  main            d.u.i.k.p.i.AbstractProblemLoader Loading environment from /home/runner/work/key/key/key.core/../key.ui/examples/standard_key/java_dl/jml-information-flow.key 
295462     DEBUG main            d.u.i.k.p.i.AbstractProblemLoader Environment load took 131.2ns 
295469     INFO  main            d.u.i.k.p.i.AbstractProblemLoader Creating init config 
298930     DEBUG main            d.u.i.k.p.i.AbstractProblemLoader Init config took 3.46s 
298954     INFO  main            d.u.i.k.p.i.AbstractProblemLoader Replaying proof jml-information-flow.key 
298956     DEBUG main            d.u.i.k.p.i.IntermediateProofReplayer Proof replay took 7.9ns 
468216     INFO  main            d.u.i.k.p.r.p.TestFile    ... finished proof: closed. 
469016     INFO  main            d.u.i.k.p.i.AbstractProblemLoader Loading environment from /home/runner/work/key/key/key.core/../key.ui/examples/standard_key/java_dl/jml-information-flow.key.proof 
469016     DEBUG main            d.u.i.k.p.i.AbstractProblemLoader Environment load took 471.3ns 
469028     INFO  main            d.u.i.k.p.i.AbstractProblemLoader Creating init config 
472322     DEBUG main            d.u.i.k.p.i.AbstractProblemLoader Init config took 3.29s 
472344     INFO  main            d.u.i.k.p.i.AbstractProblemLoader Replaying proof jml-information-flow.key.proof 
477619     DEBUG main            d.u.i.k.p.i.IntermediateProofReplayer Proof replay took 5.16s 
477628     DEBUG main            d.u.i.k.p.r.p.TestFile    ... success: reloaded. 
477629     INFO  main            d.u.i.k.p.r.p.TestFile    Now processing file /home/runner/work/key/key/key.core/../key.ui/examples/standard_key/java_dl/jml-min/min-unprovable1.key 
477629     INFO  main            d.u.i.k.p.i.AbstractProblemLoader Loading environment from /home/runner/work/key/key/key.core/../key.ui/examples/standard_key/java_dl/jml-min/min-unprovable1.key 
477629     DEBUG main            d.u.i.k.p.i.AbstractProblemLoader Environment load took 99.4ns 
477630     INFO  main            d.u.i.k.p.i.AbstractProblemLoader Creating init config 
481025     DEBUG main            d.u.i.k.p.i.AbstractProblemLoader Init config took 3.39s 
481065     INFO  main            d.u.i.k.p.i.AbstractProblemLoader Replaying proof Min[Min::foo()].JML operation contract.0 
481067     DEBUG main            d.u.i.k.p.i.IntermediateProofReplayer Proof replay took 8.2ns 
481170     INFO  main            d.u.i.k.p.r.p.TestFile    ... finished proof: open goal(s) 
481917     INFO  main            d.u.i.k.p.r.p.TestFile    Now processing file /home/runner/work/key/key/key.core/../key.ui/examples/standard_key/java_dl/jml-min/min-unprovable2.key 
481917     INFO  main            d.u.i.k.p.i.AbstractProblemLoader Loading environment from /home/runner/work/key/key/key.core/../key.ui/examples/standard_key/java_dl/jml-min/min-unprovable2.key 
481917     DEBUG main            d.u.i.k.p.i.AbstractProblemLoader Environment load took 58.3ns 
481918     INFO  main            d.u.i.k.p.i.AbstractProblemLoader Creating init config 
485065     DEBUG main            d.u.i.k.p.i.AbstractProblemLoader Init config took 3.15s 
485119     INFO  main            d.u.i.k.p.i.AbstractProblemLoader Replaying proof Min[Min::foo2()].JML operation contract.0 
485121     DEBUG main            d.u.i.k.p.i.IntermediateProofReplayer Proof replay took 6.9ns 
485223     INFO  main            d.u.i.k.p.r.p.TestFile    ... finished proof: open goal(s) 
485744     INFO  main            d.u.i.k.p.r.p.TestFile    Now processing file /home/runner/work/key/key/key.core/../key.ui/examples/standard_key/java_dl/methodCall.key 
485744     INFO  main            d.u.i.k.p.i.AbstractProblemLoader Loading environment from /home/runner/work/key/key/key.core/../key.ui/examples/standard_key/java_dl/methodCall.key 
485744     DEBUG main            d.u.i.k.p.i.AbstractProblemLoader Environment load took 75.6ns 
485745     INFO  main            d.u.i.k.p.i.AbstractProblemLoader Creating init config 
488967     DEBUG main            d.u.i.k.p.i.AbstractProblemLoader Init config took 3.22s 
488985     INFO  main            d.u.i.k.p.i.AbstractProblemLoader Replaying proof methodCall.key 
488987     DEBUG main            d.u.i.k.p.i.IntermediateProofReplayer Proof replay took 6.4ns 
489092     INFO  main            d.u.i.k.p.r.p.TestFile    ... finished proof: closed. 
489592     INFO  main            d.u.i.k.p.i.AbstractProblemLoader Loading environment from /home/runner/work/key/key/key.core/../key.ui/examples/standard_key/java_dl/methodCall.key.proof 
489592     DEBUG main            d.u.i.k.p.i.AbstractProblemLoader Environment load took 99.7ns 
489593     INFO  main            d.u.i.k.p.i.AbstractProblemLoader Creating init config 
492700     DEBUG main            d.u.i.k.p.i.AbstractProblemLoader Init config took 3.11s 
492718     INFO  main            d.u.i.k.p.i.AbstractProblemLoader Replaying proof methodCall.key.proof 
492723     DEBUG main            d.u.i.k.p.i.IntermediateProofReplayer Proof replay took 2.61ms 
492724     DEBUG main            d.u.i.k.p.r.p.TestFile    ... success: reloaded. 
492724     INFO  main            d.u.i.k.p.r.p.TestFile    Now processing file /home/runner/work/key/key/key.core/../key.ui/examples/standard_key/java_dl/methodCall1.key 
492725     INFO  main            d.u.i.k.p.i.AbstractProblemLoader Loading environment from /home/runner/work/key/key/key.core/../key.ui/examples/standard_key/java_dl/methodCall1.key 
492725     DEBUG main            d.u.i.k.p.i.AbstractProblemLoader Environment load took 94.7ns 
492726     INFO  main            d.u.i.k.p.i.AbstractProblemLoader Creating init config 
495833     DEBUG main            d.u.i.k.p.i.AbstractProblemLoader Init config took 3.11s 
495850     INFO  main            d.u.i.k.p.i.AbstractProblemLoader Replaying proof methodCall1.key 
495852     DEBUG main            d.u.i.k.p.i.IntermediateProofReplayer Proof replay took 7.6ns 
495954     INFO  main            d.u.i.k.p.r.p.TestFile    ... finished proof: closed. 
496476     INFO  main            d.u.i.k.p.i.AbstractProblemLoader Loading environment from /home/runner/work/key/key/key.core/../key.ui/examples/standard_key/java_dl/methodCall1.key.proof 
496476     DEBUG main            d.u.i.k.p.i.AbstractProblemLoader Environment load took 89.2ns 
496477     INFO  main            d.u.i.k.p.i.AbstractProblemLoader Creating init config 
499482     DEBUG main            d.u.i.k.p.i.AbstractProblemLoader Init config took 3.01s 
499500     INFO  main            d.u.i.k.p.i.AbstractProblemLoader Replaying proof methodCall1.key.proof 
499520     DEBUG main            d.u.i.k.p.i.IntermediateProofReplayer Proof replay took 17.69ms 
499522     DEBUG main            d.u.i.k.p.r.p.TestFile    ... success: reloaded. 
499522     INFO  main            d.u.i.k.p.r.p.TestFile    Now processing file /home/runner/work/key/key/key.core/../key.ui/examples/standard_key/java_dl/methodCall1box.key 
499523     INFO  main            d.u.i.k.p.i.AbstractProblemLoader Loading environment from /home/runner/work/key/key/key.core/../key.ui/examples/standard_key/java_dl/methodCall1box.key 
499523     DEBUG main            d.u.i.k.p.i.AbstractProblemLoader Environment load took 226.9ns 
499524     INFO  main            d.u.i.k.p.i.AbstractProblemLoader Creating init config 
502552     DEBUG main            d.u.i.k.p.i.AbstractProblemLoader Init config took 3.03s 
502568     INFO  main            d.u.i.k.p.i.AbstractProblemLoader Replaying proof methodCall1box.key 
502570     DEBUG main            d.u.i.k.p.i.IntermediateProofReplayer Proof replay took 9.5ns 
502672     INFO  main            d.u.i.k.p.r.p.TestFile    ... finished proof: closed. 
503204     INFO  main            d.u.i.k.p.i.AbstractProblemLoader Loading environment from /home/runner/work/key/key/key.core/../key.ui/examples/standard_key/java_dl/methodCall1box.key.proof 
503205     DEBUG main            d.u.i.k.p.i.AbstractProblemLoader Environment load took 121.8ns 
503206     INFO  main            d.u.i.k.p.i.AbstractProblemLoader Creating init config 
506214     DEBUG main            d.u.i.k.p.i.AbstractProblemLoader Init config took 3.01s 
506232     INFO  main            d.u.i.k.p.i.AbstractProblemLoader Replaying proof methodCall1box.key.proof 
506251     DEBUG main            d.u.i.k.p.i.IntermediateProofReplayer Proof replay took 17.63ms 
506253     DEBUG main            d.u.i.k.p.r.p.TestFile    ... success: reloaded. 
506253     INFO  main            d.u.i.k.p.r.p.TestFile    Now processing file /home/runner/work/key/key/key.core/../key.ui/examples/standard_key/java_dl/methodCall3.key 
506254     INFO  main            d.u.i.k.p.i.AbstractProblemLoader Loading environment from /home/runner/work/key/key/key.core/../key.ui/examples/standard_key/java_dl/methodCall3.key 
506254     DEBUG main            d.u.i.k.p.i.AbstractProblemLoader Environment load took 60.7ns 
506255     INFO  main            d.u.i.k.p.i.AbstractProblemLoader Creating init config 
509322     DEBUG main            d.u.i.k.p.i.AbstractProblemLoader Init config took 3.07s 
509338     INFO  main            d.u.i.k.p.i.AbstractProblemLoader Replaying proof methodCall3.key 
509340     DEBUG main            d.u.i.k.p.i.IntermediateProofReplayer Proof replay took 6.4ns 
509442     INFO  main            d.u.i.k.p.r.p.TestFile    ... finished proof: closed. 
509984     INFO  main            d.u.i.k.p.i.AbstractProblemLoader Loading environment from /home/runner/work/key/key/key.core/../key.ui/examples/standard_key/java_dl/methodCall3.key.proof 
509984     DEBUG main            d.u.i.k.p.i.AbstractProblemLoader Environment load took 135.9ns 
509986     INFO  main            d.u.i.k.p.i.AbstractProblemLoader Creating init config 
512996     DEBUG main            d.u.i.k.p.i.AbstractProblemLoader Init config took 3.01s 
513012     INFO  main            d.u.i.k.p.i.AbstractProblemLoader Replaying proof methodCall3.key.proof 
513026     DEBUG main            d.u.i.k.p.i.IntermediateProofReplayer Proof replay took 11.15ms 
513026     DEBUG main            d.u.i.k.p.r.p.TestFile    ... success: reloaded. 
513027     INFO  main            d.u.i.k.p.r.p.TestFile    Now processing file /home/runner/work/key/key/key.core/../key.ui/examples/standard_key/java_dl/polishFlagSort.key 
513028     INFO  main            d.u.i.k.p.i.AbstractProblemLoader Loading environment from /home/runner/work/key/key/key.core/../key.ui/examples/standard_key/java_dl/polishFlagSort.key 
513028     DEBUG main            d.u.i.k.p.i.AbstractProblemLoader Environment load took 78.9ns 
513029     INFO  main            d.u.i.k.p.i.AbstractProblemLoader Creating init config 
516118     DEBUG main            d.u.i.k.p.i.AbstractProblemLoader Init config took 3.09s 
516136     INFO  main            d.u.i.k.p.i.AbstractProblemLoader Replaying proof polishFlagSort.key 
516137     DEBUG main            d.u.i.k.p.i.IntermediateProofReplayer Proof replay took 7.3ns 
519049     INFO  main            d.u.i.k.p.r.p.TestFile    ... finished proof: closed. 
519641     INFO  main            d.u.i.k.p.i.AbstractProblemLoader Loading environment from /home/runner/work/key/key/key.core/../key.ui/examples/standard_key/java_dl/polishFlagSort.key.proof 
519641     DEBUG main            d.u.i.k.p.i.AbstractProblemLoader Environment load took 435.3ns 
519644     INFO  main            d.u.i.k.p.i.AbstractProblemLoader Creating init config 
522700     DEBUG main            d.u.i.k.p.i.AbstractProblemLoader Init config took 3.06s 
522720     INFO  main            d.u.i.k.p.i.AbstractProblemLoader Replaying proof polishFlagSort.key.proof 
523231     DEBUG main            d.u.i.k.p.i.IntermediateProofReplayer Proof replay took 497.93ms 
523233     DEBUG main            d.u.i.k.p.r.p.TestFile    ... success: reloaded. 
523234     INFO  main            d.u.i.k.p.r.p.TestFile    Now processing file /home/runner/work/key/key/key.core/../key.ui/examples/standard_key/java_dl/postConditionTaclets1.key 
523234     INFO  main            d.u.i.k.p.i.AbstractProblemLoader Loading environment from /home/runner/work/key/key/key.core/../key.ui/examples/standard_key/java_dl/postConditionTaclets1.key 
523235     DEBUG main            d.u.i.k.p.i.AbstractProblemLoader Environment load took 217.7ns 
523236     INFO  main            d.u.i.k.p.i.AbstractProblemLoader Creating init config 
526362     DEBUG main            d.u.i.k.p.i.AbstractProblemLoader Init config took 3.13s 
526381     INFO  main            d.u.i.k.p.i.AbstractProblemLoader Replaying proof postConditionTaclets1.key 
526383     DEBUG main            d.u.i.k.p.i.IntermediateProofReplayer Proof replay took 7.7ns 
526485     INFO  main            d.u.i.k.p.r.p.TestFile    ... finished proof: closed. 
527109     INFO  main            d.u.i.k.p.i.AbstractProblemLoader Loading environment from /home/runner/work/key/key/key.core/../key.ui/examples/standard_key/java_dl/postConditionTaclets1.key.proof 
527109     DEBUG main            d.u.i.k.p.i.AbstractProblemLoader Environment load took 94.3ns 
527110     INFO  main            d.u.i.k.p.i.AbstractProblemLoader Creating init config 
530180     DEBUG main            d.u.i.k.p.i.AbstractProblemLoader Init config took 3.07s 
530200     INFO  main            d.u.i.k.p.i.AbstractProblemLoader Replaying proof postConditionTaclets1.key.proof 
530202     DEBUG main            d.u.i.k.p.i.IntermediateProofReplayer Proof replay took 559.1ns 
530203     DEBUG main            d.u.i.k.p.r.p.TestFile    ... success: reloaded. 
530204     INFO  main            d.u.i.k.p.r.p.TestFile    Now processing file /home/runner/work/key/key/key.core/../key.ui/examples/standard_key/java_dl/postConditionTaclets2.key 
530204     INFO  main            d.u.i.k.p.i.AbstractProblemLoader Loading environment from /home/runner/work/key/key/key.core/../key.ui/examples/standard_key/java_dl/postConditionTaclets2.key 
530204     DEBUG main            d.u.i.k.p.i.AbstractProblemLoader Environment load took 189.3ns 
530205     INFO  main            d.u.i.k.p.i.AbstractProblemLoader Creating init config 
533179     DEBUG main            d.u.i.k.p.i.AbstractProblemLoader Init config took 2.97s 
533197     INFO  main            d.u.i.k.p.i.AbstractProblemLoader Replaying proof postConditionTaclets2.key 
533198     DEBUG main            d.u.i.k.p.i.IntermediateProofReplayer Proof replay took 7.4ns 
533304     INFO  main            d.u.i.k.p.r.p.TestFile    ... finished proof: closed. 
533868     INFO  main            d.u.i.k.p.i.AbstractProblemLoader Loading environment from /home/runner/work/key/key/key.core/../key.ui/examples/standard_key/java_dl/postConditionTaclets2.key.proof 
533868     DEBUG main            d.u.i.k.p.i.AbstractProblemLoader Environment load took 110.5ns 
533869     INFO  main            d.u.i.k.p.i.AbstractProblemLoader Creating init config 
536752     DEBUG main            d.u.i.k.p.i.AbstractProblemLoader Init config took 2.88s 
536770     INFO  main            d.u.i.k.p.i.AbstractProblemLoader Replaying proof postConditionTaclets2.key.proof 
536772     DEBUG main            d.u.i.k.p.i.IntermediateProofReplayer Proof replay took 788.8ns 
536773     DEBUG main            d.u.i.k.p.r.p.TestFile    ... success: reloaded. 
536774     INFO  main            d.u.i.k.p.r.p.TestFile    Now processing file /home/runner/work/key/key/key.core/../key.ui/examples/standard_key/java_dl/quantifiedQuery.key 
536775     INFO  main            d.u.i.k.p.i.AbstractProblemLoader Loading environment from /home/runner/work/key/key/key.core/../key.ui/examples/standard_key/java_dl/quantifiedQuery.key 
536775     DEBUG main            d.u.i.k.p.i.AbstractProblemLoader Environment load took 59.4ns 
536776     INFO  main            d.u.i.k.p.i.AbstractProblemLoader Creating init config 
539849     DEBUG main            d.u.i.k.p.i.AbstractProblemLoader Init config took 3.07s 
539868     INFO  main            d.u.i.k.p.i.AbstractProblemLoader Replaying proof quantifiedQuery.key 
539871     DEBUG main            d.u.i.k.p.i.IntermediateProofReplayer Proof replay took 8.8ns 
539973     INFO  main            d.u.i.k.p.r.p.TestFile    ... finished proof: closed. 
540549     INFO  main            d.u.i.k.p.i.AbstractProblemLoader Loading environment from /home/runner/work/key/key/key.core/../key.ui/examples/standard_key/java_dl/quantifiedQuery.key.proof 
540549     DEBUG main            d.u.i.k.p.i.AbstractProblemLoader Environment load took 89.2ns 
540550     INFO  main            d.u.i.k.p.i.AbstractProblemLoader Creating init config 
543629     DEBUG main            d.u.i.k.p.i.AbstractProblemLoader Init config took 3.08s 
543647     INFO  main            d.u.i.k.p.i.AbstractProblemLoader Replaying proof quantifiedQuery.key.proof 
543665     DEBUG main            d.u.i.k.p.i.IntermediateProofReplayer Proof replay took 15.42ms 
543666     DEBUG main            d.u.i.k.p.r.p.TestFile    ... success: reloaded. 
543667     INFO  main            d.u.i.k.p.r.p.TestFile    Now processing file /home/runner/work/key/key/key.core/../key.ui/examples/standard_key/java_dl/recursion/triangular.key 
543667     INFO  main            d.u.i.k.p.i.AbstractProblemLoader Loading environment from /home/runner/work/key/key/key.core/../key.ui/examples/standard_key/java_dl/recursion/triangular.key 
543667     DEBUG main            d.u.i.k.p.i.AbstractProblemLoader Environment load took 87.2ns 
543668     INFO  main            d.u.i.k.p.i.AbstractProblemLoader Creating init config 
546779     DEBUG main            d.u.i.k.p.i.AbstractProblemLoader Init config took 3.11s 
546823     INFO  main            d.u.i.k.p.i.AbstractProblemLoader Replaying proof Triangular[Triangular::tria(int)].JML normal_behavior operation contract.0 
546825     DEBUG main            d.u.i.k.p.i.IntermediateProofReplayer Proof replay took 23.6ns 
547027     INFO  main            d.u.i.k.p.r.p.TestFile    ... finished proof: closed. 
547606     INFO  main            d.u.i.k.p.i.AbstractProblemLoader Loading environment from /home/runner/work/key/key/key.core/../key.ui/examples/standard_key/java_dl/recursion/triangular.key.proof 
547606     DEBUG main            d.u.i.k.p.i.AbstractProblemLoader Environment load took 99.2ns 
547607     INFO  main            d.u.i.k.p.i.AbstractProblemLoader Creating init config 
550711     DEBUG main            d.u.i.k.p.i.AbstractProblemLoader Init config took 3.1s 
550755     INFO  main            d.u.i.k.p.i.AbstractProblemLoader Replaying proof Triangular[Triangular::tria(int)].JML normal_behavior operation contract.0 
550804     DEBUG main            d.u.i.k.p.i.IntermediateProofReplayer Proof replay took 46.97ms 
550805     DEBUG main            d.u.i.k.p.r.p.TestFile    ... success: reloaded. 
550805     INFO  main            d.u.i.k.p.r.p.TestFile    Now processing file /home/runner/work/key/key/key.core/../key.ui/examples/standard_key/java_dl/reverseArray.key 
550806     INFO  main            d.u.i.k.p.i.AbstractProblemLoader Loading environment from /home/runner/work/key/key/key.core/../key.ui/examples/standard_key/java_dl/reverseArray.key 
550806     DEBUG main            d.u.i.k.p.i.AbstractProblemLoader Environment load took 94.9ns 
550809     INFO  main            d.u.i.k.p.i.AbstractProblemLoader Creating init config 
550841     WARN  main            d.u.i.k.j.r.KeYCrossReferenceNameInfo Datatype java.io.PrintStream declared twice: Once in FILE:/home/runner/work/key/key/key.core/../key.ui/examples/standard_key/java_dl/./classpath/PrintStream.java and once in URL:file:/home/runner/work/key/key/key.core/build/resources/main/de/uka/ilkd/key/java/JavaRedux/java/io/PrintStream.java, Keeping one from URL:file:/home/runner/work/key/key/key.core/build/resources/main/de/uka/ilkd/key/java/JavaRedux/java/io/PrintStream.java 
550841     WARN  main            d.u.i.k.j.r.KeYCrossReferenceNameInfo Datatype java.io.InputStream declared twice: Once in FILE:/home/runner/work/key/key/key.core/../key.ui/examples/standard_key/java_dl/./classpath/InputStream.java and once in URL:file:/home/runner/work/key/key/key.core/build/resources/main/de/uka/ilkd/key/java/JavaRedux/java/io/InputStream.java, Keeping one from URL:file:/home/runner/work/key/key/key.core/build/resources/main/de/uka/ilkd/key/java/JavaRedux/java/io/InputStream.java 
550841     WARN  main            d.u.i.k.j.r.KeYCrossReferenceNameInfo Datatype java.lang.System declared twice: Once in FILE:/home/runner/work/key/key/key.core/../key.ui/examples/standard_key/java_dl/./classpath/System.java and once in URL:file:/home/runner/work/key/key/key.core/build/resources/main/de/uka/ilkd/key/java/JavaRedux/java/lang/System.java, Keeping one from URL:file:/home/runner/work/key/key/key.core/build/resources/main/de/uka/ilkd/key/java/JavaRedux/java/lang/System.java 
550846     DEBUG main            d.u.i.k.j.r.ClassFileDeclarationBuilder Parsing: package java.io; public class Closeable { } 
550846     DEBUG main            r.s.KeYCrossReferenceSourceInfo Dynamically created class: java.io.Closeable 
553998     DEBUG main            d.u.i.k.p.i.AbstractProblemLoader Init config took 3.19s 
554017     INFO  main            d.u.i.k.p.i.AbstractProblemLoader Replaying proof reverseArray.key 
554018     DEBUG main            d.u.i.k.p.i.IntermediateProofReplayer Proof replay took 7.1ns 
560141     INFO  main            d.u.i.k.p.r.p.TestFile    ... finished proof: closed. 
560793     INFO  main            d.u.i.k.p.i.AbstractProblemLoader Loading environment from /home/runner/work/key/key/key.core/../key.ui/examples/standard_key/java_dl/reverseArray.key.proof 
560794     DEBUG main            d.u.i.k.p.i.AbstractProblemLoader Environment load took 413.8ns 
560796     INFO  main            d.u.i.k.p.i.AbstractProblemLoader Creating init config 
560823     WARN  main            d.u.i.k.j.r.KeYCrossReferenceNameInfo Datatype java.io.PrintStream declared twice: Once in FILE:/home/runner/work/key/key/key.core/../key.ui/examples/standard_key/java_dl/classpath/PrintStream.java and once in URL:file:/home/runner/work/key/key/key.core/build/resources/main/de/uka/ilkd/key/java/JavaRedux/java/io/PrintStream.java, Keeping one from URL:file:/home/runner/work/key/key/key.core/build/resources/main/de/uka/ilkd/key/java/JavaRedux/java/io/PrintStream.java 
560823     WARN  main            d.u.i.k.j.r.KeYCrossReferenceNameInfo Datatype java.io.InputStream declared twice: Once in FILE:/home/runner/work/key/key/key.core/../key.ui/examples/standard_key/java_dl/classpath/InputStream.java and once in URL:file:/home/runner/work/key/key/key.core/build/resources/main/de/uka/ilkd/key/java/JavaRedux/java/io/InputStream.java, Keeping one from URL:file:/home/runner/work/key/key/key.core/build/resources/main/de/uka/ilkd/key/java/JavaRedux/java/io/InputStream.java 
560824     WARN  main            d.u.i.k.j.r.KeYCrossReferenceNameInfo Datatype java.lang.System declared twice: Once in FILE:/home/runner/work/key/key/key.core/../key.ui/examples/standard_key/java_dl/classpath/System.java and once in URL:file:/home/runner/work/key/key/key.core/build/resources/main/de/uka/ilkd/key/java/JavaRedux/java/lang/System.java, Keeping one from URL:file:/home/runner/work/key/key/key.core/build/resources/main/de/uka/ilkd/key/java/JavaRedux/java/lang/System.java 
560827     DEBUG main            d.u.i.k.j.r.ClassFileDeclarationBuilder Parsing: package java.io; public class Closeable { } 
560827     DEBUG main            r.s.KeYCrossReferenceSourceInfo Dynamically created class: java.io.Closeable 
563902     DEBUG main            d.u.i.k.p.i.AbstractProblemLoader Init config took 3.11s 
563925     INFO  main            d.u.i.k.p.i.AbstractProblemLoader Replaying proof reverseArray.key.proof 
564846     DEBUG main            d.u.i.k.p.i.IntermediateProofReplayer Proof replay took 908.77ms 
564849     DEBUG main            d.u.i.k.p.r.p.TestFile    ... success: reloaded. 
564850     INFO  main            d.u.i.k.p.r.p.TestFile    Now processing file /home/runner/work/key/key/key.core/../key.ui/examples/standard_key/java_dl/reverseArray2.key 
564850     INFO  main            d.u.i.k.p.i.AbstractProblemLoader Loading environment from /home/runner/work/key/key/key.core/../key.ui/examples/standard_key/java_dl/reverseArray2.key 
564850     DEBUG main            d.u.i.k.p.i.AbstractProblemLoader Environment load took 82.2ns 
564853     INFO  main            d.u.i.k.p.i.AbstractProblemLoader Creating init config 
564879     WARN  main            d.u.i.k.j.r.KeYCrossReferenceNameInfo Datatype java.io.PrintStream declared twice: Once in FILE:/home/runner/work/key/key/key.core/../key.ui/examples/standard_key/java_dl/classpath/PrintStream.java and once in URL:file:/home/runner/work/key/key/key.core/build/resources/main/de/uka/ilkd/key/java/JavaRedux/java/io/PrintStream.java, Keeping one from URL:file:/home/runner/work/key/key/key.core/build/resources/main/de/uka/ilkd/key/java/JavaRedux/java/io/PrintStream.java 
564879     WARN  main            d.u.i.k.j.r.KeYCrossReferenceNameInfo Datatype java.io.InputStream declared twice: Once in FILE:/home/runner/work/key/key/key.core/../key.ui/examples/standard_key/java_dl/classpath/InputStream.java and once in URL:file:/home/runner/work/key/key/key.core/build/resources/main/de/uka/ilkd/key/java/JavaRedux/java/io/InputStream.java, Keeping one from URL:file:/home/runner/work/key/key/key.core/build/resources/main/de/uka/ilkd/key/java/JavaRedux/java/io/InputStream.java 
564879     WARN  main            d.u.i.k.j.r.KeYCrossReferenceNameInfo Datatype java.lang.System declared twice: Once in FILE:/home/runner/work/key/key/key.core/../key.ui/examples/standard_key/java_dl/classpath/System.java and once in URL:file:/home/runner/work/key/key/key.core/build/resources/main/de/uka/ilkd/key/java/JavaRedux/java/lang/System.java, Keeping one from URL:file:/home/runner/work/key/key/key.core/build/resources/main/de/uka/ilkd/key/java/JavaRedux/java/lang/System.java 
564883     DEBUG main            d.u.i.k.j.r.ClassFileDeclarationBuilder Parsing: package java.io; public class Closeable { } 
564883     DEBUG main            r.s.KeYCrossReferenceSourceInfo Dynamically created class: java.io.Closeable 
568072     DEBUG main            d.u.i.k.p.i.AbstractProblemLoader Init config took 3.22s 
568091     INFO  main            d.u.i.k.p.i.AbstractProblemLoader Replaying proof reverseArray2.key 
568093     DEBUG main            d.u.i.k.p.i.IntermediateProofReplayer Proof replay took 49.1ns 
570004     INFO  main            d.u.i.k.p.r.p.TestFile    ... finished proof: closed. 
570720     INFO  main            d.u.i.k.p.i.AbstractProblemLoader Loading environment from /home/runner/work/key/key/key.core/../key.ui/examples/standard_key/java_dl/reverseArray2.key.proof 
570720     DEBUG main            d.u.i.k.p.i.AbstractProblemLoader Environment load took 99.7ns 
570722     INFO  main            d.u.i.k.p.i.AbstractProblemLoader Creating init config 
570752     WARN  main            d.u.i.k.j.r.KeYCrossReferenceNameInfo Datatype java.io.PrintStream declared twice: Once in FILE:/home/runner/work/key/key/key.core/../key.ui/examples/standard_key/java_dl/classpath/PrintStream.java and once in URL:file:/home/runner/work/key/key/key.core/build/resources/main/de/uka/ilkd/key/java/JavaRedux/java/io/PrintStream.java, Keeping one from URL:file:/home/runner/work/key/key/key.core/build/resources/main/de/uka/ilkd/key/java/JavaRedux/java/io/PrintStream.java 
570752     WARN  main            d.u.i.k.j.r.KeYCrossReferenceNameInfo Datatype java.io.InputStream declared twice: Once in FILE:/home/runner/work/key/key/key.core/../key.ui/examples/standard_key/java_dl/classpath/InputStream.java and once in URL:file:/home/runner/work/key/key/key.core/build/resources/main/de/uka/ilkd/key/java/JavaRedux/java/io/InputStream.java, Keeping one from URL:file:/home/runner/work/key/key/key.core/build/resources/main/de/uka/ilkd/key/java/JavaRedux/java/io/InputStream.java 
570753     WARN  main            d.u.i.k.j.r.KeYCrossReferenceNameInfo Datatype java.lang.System declared twice: Once in FILE:/home/runner/work/key/key/key.core/../key.ui/examples/standard_key/java_dl/classpath/System.java and once in URL:file:/home/runner/work/key/key/key.core/build/resources/main/de/uka/ilkd/key/java/JavaRedux/java/lang/System.java, Keeping one from URL:file:/home/runner/work/key/key/key.core/build/resources/main/de/uka/ilkd/key/java/JavaRedux/java/lang/System.java 
570756     DEBUG main            d.u.i.k.j.r.ClassFileDeclarationBuilder Parsing: package java.io; public class Closeable { } 
570756     DEBUG main            r.s.KeYCrossReferenceSourceInfo Dynamically created class: java.io.Closeable 
573911     DEBUG main            d.u.i.k.p.i.AbstractProblemLoader Init config took 3.19s 
573930     INFO  main            d.u.i.k.p.i.AbstractProblemLoader Replaying proof reverseArray2.key.proof 
574250     DEBUG main            d.u.i.k.p.i.IntermediateProofReplayer Proof replay took 315.13ms 
574252     DEBUG main            d.u.i.k.p.r.p.TestFile    ... success: reloaded. 
574253     INFO  main            d.u.i.k.p.r.p.TestFile    Now processing file /home/runner/work/key/key/key.core/../key.ui/examples/standard_key/java_dl/simpleAssignment.key 
574254     INFO  main            d.u.i.k.p.i.AbstractProblemLoader Loading environment from /home/runner/work/key/key/key.core/../key.ui/examples/standard_key/java_dl/simpleAssignment.key 
574254     DEBUG main            d.u.i.k.p.i.AbstractProblemLoader Environment load took 155ns 
574255     INFO  main            d.u.i.k.p.i.AbstractProblemLoader Creating init config 
577239     DEBUG main            d.u.i.k.p.i.AbstractProblemLoader Init config took 2.98s 
577256     INFO  main            d.u.i.k.p.i.AbstractProblemLoader Replaying proof simpleAssignment.key 
577258     DEBUG main            d.u.i.k.p.i.IntermediateProofReplayer Proof replay took 4.9ns 
577360     INFO  main            d.u.i.k.p.r.p.TestFile    ... finished proof: closed. 
578012     INFO  main            d.u.i.k.p.i.AbstractProblemLoader Loading environment from /home/runner/work/key/key/key.core/../key.ui/examples/standard_key/java_dl/simpleAssignment.key.proof 
578012     DEBUG main            d.u.i.k.p.i.AbstractProblemLoader Environment load took 95ns 
578013     INFO  main            d.u.i.k.p.i.AbstractProblemLoader Creating init config 
581073     DEBUG main            d.u.i.k.p.i.AbstractProblemLoader Init config took 3.06s 
581091     INFO  main            d.u.i.k.p.i.AbstractProblemLoader Replaying proof simpleAssignment.key.proof 
581094     DEBUG main            d.u.i.k.p.i.IntermediateProofReplayer Proof replay took 861.2ns 
581095     DEBUG main            d.u.i.k.p.r.p.TestFile    ... success: reloaded. 
581095     INFO  main            d.u.i.k.p.r.p.TestFile    Now processing file /home/runner/work/key/key/key.core/../key.ui/examples/standard_key/java_dl/simpleAssignment2.key 
581096     INFO  main            d.u.i.k.p.i.AbstractProblemLoader Loading environment from /home/runner/work/key/key/key.core/../key.ui/examples/standard_key/java_dl/simpleAssignment2.key 
581096     DEBUG main            d.u.i.k.p.i.AbstractProblemLoader Environment load took 59.7ns 
581096     INFO  main            d.u.i.k.p.i.AbstractProblemLoader Creating init config 
584087     DEBUG main            d.u.i.k.p.i.AbstractProblemLoader Init config took 2.99s 
584103     INFO  main            d.u.i.k.p.i.AbstractProblemLoader Replaying proof simpleAssignment2.key 
584105     DEBUG main            d.u.i.k.p.i.IntermediateProofReplayer Proof replay took 4.2ns 
584207     INFO  main            d.u.i.k.p.r.p.TestFile    ... finished proof: closed. 
584816     INFO  main            d.u.i.k.p.i.AbstractProblemLoader Loading environment from /home/runner/work/key/key/key.core/../key.ui/examples/standard_key/java_dl/simpleAssignment2.key.proof 
584816     DEBUG main            d.u.i.k.p.i.AbstractProblemLoader Environment load took 94.5ns 
584817     INFO  main            d.u.i.k.p.i.AbstractProblemLoader Creating init config 
587889     DEBUG main            d.u.i.k.p.i.AbstractProblemLoader Init config took 3.07s 
587906     INFO  main            d.u.i.k.p.i.AbstractProblemLoader Replaying proof simpleAssignment2.key.proof 
587908     DEBUG main            d.u.i.k.p.i.IntermediateProofReplayer Proof replay took 478.5ns 
587909     DEBUG main            d.u.i.k.p.r.p.TestFile    ... success: reloaded. 
587909     INFO  main            d.u.i.k.p.r.p.TestFile    Now processing file /home/runner/work/key/key/key.core/../key.ui/examples/standard_key/java_dl/splittingWithQueries.key 
587909     INFO  main            d.u.i.k.p.i.AbstractProblemLoader Loading environment from /home/runner/work/key/key/key.core/../key.ui/examples/standard_key/java_dl/splittingWithQueries.key 
587910     DEBUG main            d.u.i.k.p.i.AbstractProblemLoader Environment load took 71.7ns 
587911     INFO  main            d.u.i.k.p.i.AbstractProblemLoader Creating init config 
590908     DEBUG main            d.u.i.k.p.i.AbstractProblemLoader Init config took 3s 
590922     INFO  main            d.u.i.k.p.i.AbstractProblemLoader Replaying proof splittingWithQueries.key 
590924     DEBUG main            d.u.i.k.p.i.IntermediateProofReplayer Proof replay took 3.4ns 
591026     INFO  main            d.u.i.k.p.r.p.TestFile    ... finished proof: closed. 
591631     INFO  main            d.u.i.k.p.i.AbstractProblemLoader Loading environment from /home/runner/work/key/key/key.core/../key.ui/examples/standard_key/java_dl/splittingWithQueries.key.proof 
591631     DEBUG main            d.u.i.k.p.i.AbstractProblemLoader Environment load took 90.3ns 
591632     INFO  main            d.u.i.k.p.i.AbstractProblemLoader Creating init config 
594656     DEBUG main            d.u.i.k.p.i.AbstractProblemLoader Init config took 3.02s 
594674     INFO  main            d.u.i.k.p.i.AbstractProblemLoader Replaying proof splittingWithQueries.key.proof 
594679     DEBUG main            d.u.i.k.p.i.IntermediateProofReplayer Proof replay took 2.39ms 
594680     DEBUG main            d.u.i.k.p.r.p.TestFile    ... success: reloaded. 
594681     INFO  main            d.u.i.k.p.r.p.TestFile    Now processing file /home/runner/work/key/key/key.core/../key.ui/examples/standard_key/java_dl/strassen/strassen.key 
594681     INFO  main            d.u.i.k.p.i.AbstractProblemLoader Loading environment from /home/runner/work/key/key/key.core/../key.ui/examples/standard_key/java_dl/strassen/strassen.key 
594682     DEBUG main            d.u.i.k.p.i.AbstractProblemLoader Environment load took 179.4ns 
594682     INFO  main            d.u.i.k.p.i.AbstractProblemLoader Creating init config 
597987     DEBUG main            d.u.i.k.p.i.AbstractProblemLoader Init config took 3.3s 
598041     INFO  main            d.u.i.k.p.i.AbstractProblemLoader Replaying proof Matrix22[Matrix22::strassen(Matrix22,Matrix22)].JML normal_behavior operation contract.0 
598044     DEBUG main            d.u.i.k.p.i.IntermediateProofReplayer Proof replay took 4.1ns 
604944     INFO  main            d.u.i.k.p.r.p.TestFile    ... finished proof: closed. 
605763     INFO  main            d.u.i.k.p.i.AbstractProblemLoader Loading environment from /home/runner/work/key/key/key.core/../key.ui/examples/standard_key/java_dl/strassen/strassen.key.proof 
605764     DEBUG main            d.u.i.k.p.i.AbstractProblemLoader Environment load took 260.5ns 
605765     INFO  main            d.u.i.k.p.i.AbstractProblemLoader Creating init config 
608989     DEBUG main            d.u.i.k.p.i.AbstractProblemLoader Init config took 3.22s 
609034     INFO  main            d.u.i.k.p.i.AbstractProblemLoader Replaying proof Matrix22[Matrix22::strassen(Matrix22,Matrix22)].JML normal_behavior operation contract.0 
610118     DEBUG main            d.u.i.k.p.i.IntermediateProofReplayer Proof replay took 1.07s 
610120     DEBUG main            d.u.i.k.p.r.p.TestFile    ... success: reloaded. 
610121     INFO  main            d.u.i.k.p.r.p.TestFile    Now processing file /home/runner/work/key/key/key.core/../key.ui/examples/standard_key/java_dl/symmArray.key 
610121     INFO  main            d.u.i.k.p.i.AbstractProblemLoader Loading environment from /home/runner/work/key/key/key.core/../key.ui/examples/standard_key/java_dl/symmArray.key 
610121     DEBUG main            d.u.i.k.p.i.AbstractProblemLoader Environment load took 97.6ns 
610125     INFO  main            d.u.i.k.p.i.AbstractProblemLoader Creating init config 
613463     DEBUG main            d.u.i.k.p.i.AbstractProblemLoader Init config took 3.34s 
613482     INFO  main            d.u.i.k.p.i.AbstractProblemLoader Replaying proof symmArray.key 
613484     DEBUG main            d.u.i.k.p.i.IntermediateProofReplayer Proof replay took 3.8ns 
755101     INFO  main            d.u.i.k.p.r.p.TestFile    ... finished proof: closed. 
755901     INFO  main            d.u.i.k.p.i.AbstractProblemLoader Loading environment from /home/runner/work/key/key/key.core/../key.ui/examples/standard_key/java_dl/symmArray.key.proof 
755901     DEBUG main            d.u.i.k.p.i.AbstractProblemLoader Environment load took 530.5ns 
755907     INFO  main            d.u.i.k.p.i.AbstractProblemLoader Creating init config 
759045     DEBUG main            d.u.i.k.p.i.AbstractProblemLoader Init config took 3.14s 
759073     INFO  main            d.u.i.k.p.i.AbstractProblemLoader Replaying proof symmArray.key.proof 
760809     DEBUG main            d.u.i.k.p.i.IntermediateProofReplayer Proof replay took 1.68s 
760815     DEBUG main            d.u.i.k.p.r.p.TestFile    ... success: reloaded. 
760816     INFO  main            d.u.i.k.p.r.p.TestFile    Now processing file /home/runner/work/key/key/key.core/../key.ui/examples/standard_key/java_dl/testcontext.key 
760817     INFO  main            d.u.i.k.p.i.AbstractProblemLoader Loading environment from /home/runner/work/key/key/key.core/../key.ui/examples/standard_key/java_dl/testcontext.key 
760817     DEBUG main            d.u.i.k.p.i.AbstractProblemLoader Environment load took 133.9ns 
760818     INFO  main            d.u.i.k.p.i.AbstractProblemLoader Creating init config 
760844     WARN  main            d.u.i.k.j.r.KeYCrossReferenceNameInfo Datatype java.io.PrintStream declared twice: Once in FILE:/home/runner/work/key/key/key.core/../key.ui/examples/standard_key/java_dl/classpath/PrintStream.java and once in URL:file:/home/runner/work/key/key/key.core/build/resources/main/de/uka/ilkd/key/java/JavaRedux/java/io/PrintStream.java, Keeping one from URL:file:/home/runner/work/key/key/key.core/build/resources/main/de/uka/ilkd/key/java/JavaRedux/java/io/PrintStream.java 
760844     WARN  main            d.u.i.k.j.r.KeYCrossReferenceNameInfo Datatype java.io.InputStream declared twice: Once in FILE:/home/runner/work/key/key/key.core/../key.ui/examples/standard_key/java_dl/classpath/InputStream.java and once in URL:file:/home/runner/work/key/key/key.core/build/resources/main/de/uka/ilkd/key/java/JavaRedux/java/io/InputStream.java, Keeping one from URL:file:/home/runner/work/key/key/key.core/build/resources/main/de/uka/ilkd/key/java/JavaRedux/java/io/InputStream.java 
760844     WARN  main            d.u.i.k.j.r.KeYCrossReferenceNameInfo Datatype java.lang.System declared twice: Once in FILE:/home/runner/work/key/key/key.core/../key.ui/examples/standard_key/java_dl/classpath/System.java and once in URL:file:/home/runner/work/key/key/key.core/build/resources/main/de/uka/ilkd/key/java/JavaRedux/java/lang/System.java, Keeping one from URL:file:/home/runner/work/key/key/key.core/build/resources/main/de/uka/ilkd/key/java/JavaRedux/java/lang/System.java 
760847     DEBUG main            d.u.i.k.j.r.ClassFileDeclarationBuilder Parsing: package java.io; public class Closeable { } 
760847     DEBUG main            r.s.KeYCrossReferenceSourceInfo Dynamically created class: java.io.Closeable 
763816     DEBUG main            d.u.i.k.p.i.AbstractProblemLoader Init config took 3s 
763832     INFO  main            d.u.i.k.p.i.AbstractProblemLoader Replaying proof testcontext.key 
763833     DEBUG main            d.u.i.k.p.i.IntermediateProofReplayer Proof replay took 3.7ns 
764237     INFO  main            d.u.i.k.p.r.p.TestFile    ... finished proof: closed. 
765056     INFO  main            d.u.i.k.p.i.AbstractProblemLoader Loading environment from /home/runner/work/key/key/key.core/../key.ui/examples/standard_key/java_dl/testcontext.key.proof 
765056     DEBUG main            d.u.i.k.p.i.AbstractProblemLoader Environment load took 148.6ns 
765057     INFO  main            d.u.i.k.p.i.AbstractProblemLoader Creating init config 
765084     WARN  main            d.u.i.k.j.r.KeYCrossReferenceNameInfo Datatype java.io.PrintStream declared twice: Once in FILE:/home/runner/work/key/key/key.core/../key.ui/examples/standard_key/java_dl/classpath/PrintStream.java and once in URL:file:/home/runner/work/key/key/key.core/build/resources/main/de/uka/ilkd/key/java/JavaRedux/java/io/PrintStream.java, Keeping one from URL:file:/home/runner/work/key/key/key.core/build/resources/main/de/uka/ilkd/key/java/JavaRedux/java/io/PrintStream.java 
765084     WARN  main            d.u.i.k.j.r.KeYCrossReferenceNameInfo Datatype java.io.InputStream declared twice: Once in FILE:/home/runner/work/key/key/key.core/../key.ui/examples/standard_key/java_dl/classpath/InputStream.java and once in URL:file:/home/runner/work/key/key/key.core/build/resources/main/de/uka/ilkd/key/java/JavaRedux/java/io/InputStream.java, Keeping one from URL:file:/home/runner/work/key/key/key.core/build/resources/main/de/uka/ilkd/key/java/JavaRedux/java/io/InputStream.java 
765084     WARN  main            d.u.i.k.j.r.KeYCrossReferenceNameInfo Datatype java.lang.System declared twice: Once in FILE:/home/runner/work/key/key/key.core/../key.ui/examples/standard_key/java_dl/classpath/System.java and once in URL:file:/home/runner/work/key/key/key.core/build/resources/main/de/uka/ilkd/key/java/JavaRedux/java/lang/System.java, Keeping one from URL:file:/home/runner/work/key/key/key.core/build/resources/main/de/uka/ilkd/key/java/JavaRedux/java/lang/System.java 
765088     DEBUG main            d.u.i.k.j.r.ClassFileDeclarationBuilder Parsing: package java.io; public class Closeable { } 
765088     DEBUG main            r.s.KeYCrossReferenceSourceInfo Dynamically created class: java.io.Closeable 
768166     DEBUG main            d.u.i.k.p.i.AbstractProblemLoader Init config took 3.11s 
768183     INFO  main            d.u.i.k.p.i.AbstractProblemLoader Replaying proof testcontext.key.proof 
768270     DEBUG main            d.u.i.k.p.i.IntermediateProofReplayer Proof replay took 83.48ms 
768271     DEBUG main            d.u.i.k.p.r.p.TestFile    ... success: reloaded. 
768272     INFO  main            d.u.i.k.p.r.p.TestFile    Now processing file /home/runner/work/key/key/key.core/../key.ui/examples/standard_key/staticInitialisation/cascadeStaticInitialisation.key 
768273     INFO  main            d.u.i.k.p.i.AbstractProblemLoader Loading environment from /home/runner/work/key/key/key.core/../key.ui/examples/standard_key/staticInitialisation/cascadeStaticInitialisation.key 
768273     DEBUG main            d.u.i.k.p.i.AbstractProblemLoader Environment load took 63.6ns 
768275     INFO  main            d.u.i.k.p.i.AbstractProblemLoader Creating init config 
768301     WARN  main            d.u.i.k.j.r.KeYCrossReferenceNameInfo Datatype java.io.PrintStream declared twice: Once in FILE:/home/runner/work/key/key/key.core/../key.ui/examples/standard_key/staticInitialisation/classpath/PrintStream.java and once in URL:file:/home/runner/work/key/key/key.core/build/resources/main/de/uka/ilkd/key/java/JavaRedux/java/io/PrintStream.java, Keeping one from URL:file:/home/runner/work/key/key/key.core/build/resources/main/de/uka/ilkd/key/java/JavaRedux/java/io/PrintStream.java 
768302     WARN  main            d.u.i.k.j.r.KeYCrossReferenceNameInfo Datatype java.lang.System declared twice: Once in FILE:/home/runner/work/key/key/key.core/../key.ui/examples/standard_key/staticInitialisation/classpath/System.java and once in URL:file:/home/runner/work/key/key/key.core/build/resources/main/de/uka/ilkd/key/java/JavaRedux/java/lang/System.java, Keeping one from URL:file:/home/runner/work/key/key/key.core/build/resources/main/de/uka/ilkd/key/java/JavaRedux/java/lang/System.java 
771496     DEBUG main            d.u.i.k.p.i.AbstractProblemLoader Init config took 3.22s 
771541     INFO  main            d.u.i.k.p.i.AbstractProblemLoader Replaying proof cascadeStaticInitialisation.key 
771542     DEBUG main            d.u.i.k.p.i.IntermediateProofReplayer Proof replay took 3.7ns 
772454     INFO  main            d.u.i.k.p.r.p.TestFile    ... finished proof: closed. 
773172     INFO  main            d.u.i.k.p.i.AbstractProblemLoader Loading environment from /home/runner/work/key/key/key.core/../key.ui/examples/standard_key/staticInitialisation/cascadeStaticInitialisation.key.proof 
773172     DEBUG main            d.u.i.k.p.i.AbstractProblemLoader Environment load took 147.9ns 
773174     INFO  main            d.u.i.k.p.i.AbstractProblemLoader Creating init config 
773198     WARN  main            d.u.i.k.j.r.KeYCrossReferenceNameInfo Datatype java.io.PrintStream declared twice: Once in FILE:/home/runner/work/key/key/key.core/../key.ui/examples/standard_key/staticInitialisation/classpath/PrintStream.java and once in URL:file:/home/runner/work/key/key/key.core/build/resources/main/de/uka/ilkd/key/java/JavaRedux/java/io/PrintStream.java, Keeping one from URL:file:/home/runner/work/key/key/key.core/build/resources/main/de/uka/ilkd/key/java/JavaRedux/java/io/PrintStream.java 
773199     WARN  main            d.u.i.k.j.r.KeYCrossReferenceNameInfo Datatype java.lang.System declared twice: Once in FILE:/home/runner/work/key/key/key.core/../key.ui/examples/standard_key/staticInitialisation/classpath/System.java and once in URL:file:/home/runner/work/key/key/key.core/build/resources/main/de/uka/ilkd/key/java/JavaRedux/java/lang/System.java, Keeping one from URL:file:/home/runner/work/key/key/key.core/build/resources/main/de/uka/ilkd/key/java/JavaRedux/java/lang/System.java 
776329     DEBUG main            d.u.i.k.p.i.AbstractProblemLoader Init config took 3.15s 
776347     INFO  main            d.u.i.k.p.i.AbstractProblemLoader Replaying proof cascadeStaticInitialisation.key.proof 
776565     DEBUG main            d.u.i.k.p.i.IntermediateProofReplayer Proof replay took 214.65ms 
776566     DEBUG main            d.u.i.k.p.r.p.TestFile    ... success: reloaded. 
776567     INFO  main            d.u.i.k.p.r.p.TestFile    Now processing file /home/runner/work/key/key/key.core/../key.ui/examples/standard_key/staticInitialisation/erroneousClassImpliesErroneousSubclass.key 
776567     INFO  main            d.u.i.k.p.i.AbstractProblemLoader Loading environment from /home/runner/work/key/key/key.core/../key.ui/examples/standard_key/staticInitialisation/erroneousClassImpliesErroneousSubclass.key 
776567     DEBUG main            d.u.i.k.p.i.AbstractProblemLoader Environment load took 60.7ns 
776568     INFO  main            d.u.i.k.p.i.AbstractProblemLoader Creating init config 
776593     WARN  main            d.u.i.k.j.r.KeYCrossReferenceNameInfo Datatype java.io.PrintStream declared twice: Once in FILE:/home/runner/work/key/key/key.core/../key.ui/examples/standard_key/staticInitialisation/classpath/PrintStream.java and once in URL:file:/home/runner/work/key/key/key.core/build/resources/main/de/uka/ilkd/key/java/JavaRedux/java/io/PrintStream.java, Keeping one from URL:file:/home/runner/work/key/key/key.core/build/resources/main/de/uka/ilkd/key/java/JavaRedux/java/io/PrintStream.java 
776593     WARN  main            d.u.i.k.j.r.KeYCrossReferenceNameInfo Datatype java.lang.System declared twice: Once in FILE:/home/runner/work/key/key/key.core/../key.ui/examples/standard_key/staticInitialisation/classpath/System.java and once in URL:file:/home/runner/work/key/key/key.core/build/resources/main/de/uka/ilkd/key/java/JavaRedux/java/lang/System.java, Keeping one from URL:file:/home/runner/work/key/key/key.core/build/resources/main/de/uka/ilkd/key/java/JavaRedux/java/lang/System.java 
779631     DEBUG main            d.u.i.k.p.i.AbstractProblemLoader Init config took 3.06s 
779648     INFO  main            d.u.i.k.p.i.AbstractProblemLoader Replaying proof erroneousClassImpliesErroneousSubclass.key 
779649     DEBUG main            d.u.i.k.p.i.IntermediateProofReplayer Proof replay took 4ns 
779751     INFO  main            d.u.i.k.p.r.p.TestFile    ... finished proof: closed. 
780472     INFO  main            d.u.i.k.p.i.AbstractProblemLoader Loading environment from /home/runner/work/key/key/key.core/../key.ui/examples/standard_key/staticInitialisation/erroneousClassImpliesErroneousSubclass.key.proof 
780472     DEBUG main            d.u.i.k.p.i.AbstractProblemLoader Environment load took 146.2ns 
780473     INFO  main            d.u.i.k.p.i.AbstractProblemLoader Creating init config 
780498     WARN  main            d.u.i.k.j.r.KeYCrossReferenceNameInfo Datatype java.io.PrintStream declared twice: Once in FILE:/home/runner/work/key/key/key.core/../key.ui/examples/standard_key/staticInitialisation/classpath/PrintStream.java and once in URL:file:/home/runner/work/key/key/key.core/build/resources/main/de/uka/ilkd/key/java/JavaRedux/java/io/PrintStream.java, Keeping one from URL:file:/home/runner/work/key/key/key.core/build/resources/main/de/uka/ilkd/key/java/JavaRedux/java/io/PrintStream.java 
780498     WARN  main            d.u.i.k.j.r.KeYCrossReferenceNameInfo Datatype java.lang.System declared twice: Once in FILE:/home/runner/work/key/key/key.core/../key.ui/examples/standard_key/staticInitialisation/classpath/System.java and once in URL:file:/home/runner/work/key/key/key.core/build/resources/main/de/uka/ilkd/key/java/JavaRedux/java/lang/System.java, Keeping one from URL:file:/home/runner/work/key/key/key.core/build/resources/main/de/uka/ilkd/key/java/JavaRedux/java/lang/System.java 
783423     DEBUG main            d.u.i.k.p.i.AbstractProblemLoader Init config took 2.95s 
783439     INFO  main            d.u.i.k.p.i.AbstractProblemLoader Replaying proof erroneousClassImpliesErroneousSubclass.key.proof 
783441     DEBUG main            d.u.i.k.p.i.IntermediateProofReplayer Proof replay took 629.6ns 
783442     DEBUG main            d.u.i.k.p.r.p.TestFile    ... success: reloaded. 
783444     INFO  main            d.u.i.k.p.r.p.TestFile    Now processing file /home/runner/work/key/key/key.core/../key.ui/examples/standard_key/staticInitialisation/initializedSubclassImpliesInitializedSuperclass.key 
783445     INFO  main            d.u.i.k.p.i.AbstractProblemLoader Loading environment from /home/runner/work/key/key/key.core/../key.ui/examples/standard_key/staticInitialisation/initializedSubclassImpliesInitializedSuperclass.key 
783445     DEBUG main            d.u.i.k.p.i.AbstractProblemLoader Environment load took 187.8ns 
783446     INFO  main            d.u.i.k.p.i.AbstractProblemLoader Creating init config 
783471     WARN  main            d.u.i.k.j.r.KeYCrossReferenceNameInfo Datatype java.io.PrintStream declared twice: Once in FILE:/home/runner/work/key/key/key.core/../key.ui/examples/standard_key/staticInitialisation/classpath/PrintStream.java and once in URL:file:/home/runner/work/key/key/key.core/build/resources/main/de/uka/ilkd/key/java/JavaRedux/java/io/PrintStream.java, Keeping one from URL:file:/home/runner/work/key/key/key.core/build/resources/main/de/uka/ilkd/key/java/JavaRedux/java/io/PrintStream.java 
783471     WARN  main            d.u.i.k.j.r.KeYCrossReferenceNameInfo Datatype java.lang.System declared twice: Once in FILE:/home/runner/work/key/key/key.core/../key.ui/examples/standard_key/staticInitialisation/classpath/System.java and once in URL:file:/home/runner/work/key/key/key.core/build/resources/main/de/uka/ilkd/key/java/JavaRedux/java/lang/System.java, Keeping one from URL:file:/home/runner/work/key/key/key.core/build/resources/main/de/uka/ilkd/key/java/JavaRedux/java/lang/System.java 
786498     DEBUG main            d.u.i.k.p.i.AbstractProblemLoader Init config took 3.05s 
786515     INFO  main            d.u.i.k.p.i.AbstractProblemLoader Replaying proof initializedSubclassImpliesInitializedSuperclass.key 
786517     DEBUG main            d.u.i.k.p.i.IntermediateProofReplayer Proof replay took 3.5ns 
786620     INFO  main            d.u.i.k.p.r.p.TestFile    ... finished proof: closed. 
787302     INFO  main            d.u.i.k.p.i.AbstractProblemLoader Loading environment from /home/runner/work/key/key/key.core/../key.ui/examples/standard_key/staticInitialisation/initializedSubclassImpliesInitializedSuperclass.key.proof 
787302     DEBUG main            d.u.i.k.p.i.AbstractProblemLoader Environment load took 89.4ns 
787303     INFO  main            d.u.i.k.p.i.AbstractProblemLoader Creating init config 
787328     WARN  main            d.u.i.k.j.r.KeYCrossReferenceNameInfo Datatype java.io.PrintStream declared twice: Once in FILE:/home/runner/work/key/key/key.core/../key.ui/examples/standard_key/staticInitialisation/classpath/PrintStream.java and once in URL:file:/home/runner/work/key/key/key.core/build/resources/main/de/uka/ilkd/key/java/JavaRedux/java/io/PrintStream.java, Keeping one from URL:file:/home/runner/work/key/key/key.core/build/resources/main/de/uka/ilkd/key/java/JavaRedux/java/io/PrintStream.java 
787328     WARN  main            d.u.i.k.j.r.KeYCrossReferenceNameInfo Datatype java.lang.System declared twice: Once in FILE:/home/runner/work/key/key/key.core/../key.ui/examples/standard_key/staticInitialisation/classpath/System.java and once in URL:file:/home/runner/work/key/key/key.core/build/resources/main/de/uka/ilkd/key/java/JavaRedux/java/lang/System.java, Keeping one from URL:file:/home/runner/work/key/key/key.core/build/resources/main/de/uka/ilkd/key/java/JavaRedux/java/lang/System.java 
790342     DEBUG main            d.u.i.k.p.i.AbstractProblemLoader Init config took 3.04s 
790358     INFO  main            d.u.i.k.p.i.AbstractProblemLoader Replaying proof initializedSubclassImpliesInitializedSuperclass.key.proof 
790360     DEBUG main            d.u.i.k.p.i.IntermediateProofReplayer Proof replay took 594ns 
790362     DEBUG main            d.u.i.k.p.r.p.TestFile    ... success: reloaded. 
790362     INFO  main            d.u.i.k.p.r.p.TestFile    Now processing file /home/runner/work/key/key/key.core/../key.ui/examples/standard_key/staticInitialisation/localDeclared.key 
790363     INFO  main            d.u.i.k.p.i.AbstractProblemLoader Loading environment from /home/runner/work/key/key/key.core/../key.ui/examples/standard_key/staticInitialisation/localDeclared.key 
790363     DEBUG main            d.u.i.k.p.i.AbstractProblemLoader Environment load took 51.8ns 
790365     INFO  main            d.u.i.k.p.i.AbstractProblemLoader Creating init config 
790390     WARN  main            d.u.i.k.j.r.KeYCrossReferenceNameInfo Datatype java.io.PrintStream declared twice: Once in FILE:/home/runner/work/key/key/key.core/../key.ui/examples/standard_key/staticInitialisation/classpath/PrintStream.java and once in URL:file:/home/runner/work/key/key/key.core/build/resources/main/de/uka/ilkd/key/java/JavaRedux/java/io/PrintStream.java, Keeping one from URL:file:/home/runner/work/key/key/key.core/build/resources/main/de/uka/ilkd/key/java/JavaRedux/java/io/PrintStream.java 
790390     WARN  main            d.u.i.k.j.r.KeYCrossReferenceNameInfo Datatype java.lang.System declared twice: Once in FILE:/home/runner/work/key/key/key.core/../key.ui/examples/standard_key/staticInitialisation/classpath/System.java and once in URL:file:/home/runner/work/key/key/key.core/build/resources/main/de/uka/ilkd/key/java/JavaRedux/java/lang/System.java, Keeping one from URL:file:/home/runner/work/key/key/key.core/build/resources/main/de/uka/ilkd/key/java/JavaRedux/java/lang/System.java 
793444     DEBUG main            d.u.i.k.p.i.AbstractProblemLoader Init config took 3.08s 
793462     INFO  main            d.u.i.k.p.i.AbstractProblemLoader Replaying proof localDeclared.key 
793464     DEBUG main            d.u.i.k.p.i.IntermediateProofReplayer Proof replay took 4.3ns 
793868     INFO  main            d.u.i.k.p.r.p.TestFile    ... finished proof: closed. 
794567     INFO  main            d.u.i.k.p.i.AbstractProblemLoader Loading environment from /home/runner/work/key/key/key.core/../key.ui/examples/standard_key/staticInitialisation/localDeclared.key.proof 
794567     DEBUG main            d.u.i.k.p.i.AbstractProblemLoader Environment load took 106.3ns 
794569     INFO  main            d.u.i.k.p.i.AbstractProblemLoader Creating init config 
794593     WARN  main            d.u.i.k.j.r.KeYCrossReferenceNameInfo Datatype java.io.PrintStream declared twice: Once in FILE:/home/runner/work/key/key/key.core/../key.ui/examples/standard_key/staticInitialisation/classpath/PrintStream.java and once in URL:file:/home/runner/work/key/key/key.core/build/resources/main/de/uka/ilkd/key/java/JavaRedux/java/io/PrintStream.java, Keeping one from URL:file:/home/runner/work/key/key/key.core/build/resources/main/de/uka/ilkd/key/java/JavaRedux/java/io/PrintStream.java 
794593     WARN  main            d.u.i.k.j.r.KeYCrossReferenceNameInfo Datatype java.lang.System declared twice: Once in FILE:/home/runner/work/key/key/key.core/../key.ui/examples/standard_key/staticInitialisation/classpath/System.java and once in URL:file:/home/runner/work/key/key/key.core/build/resources/main/de/uka/ilkd/key/java/JavaRedux/java/lang/System.java, Keeping one from URL:file:/home/runner/work/key/key/key.core/build/resources/main/de/uka/ilkd/key/java/JavaRedux/java/lang/System.java 
797644     DEBUG main            d.u.i.k.p.i.AbstractProblemLoader Init config took 3.07s 
797661     INFO  main            d.u.i.k.p.i.AbstractProblemLoader Replaying proof localDeclared.key.proof 
797743     DEBUG main            d.u.i.k.p.i.IntermediateProofReplayer Proof replay took 79.63ms 
797744     DEBUG main            d.u.i.k.p.r.p.TestFile    ... success: reloaded. 
797745     INFO  main            d.u.i.k.p.r.p.TestFile    Now processing file /home/runner/work/key/key/key.core/../key.ui/examples/standard_key/staticInitialisation/localDeclaredMethod.key 
797746     INFO  main            d.u.i.k.p.i.AbstractProblemLoader Loading environment from /home/runner/work/key/key/key.core/../key.ui/examples/standard_key/staticInitialisation/localDeclaredMethod.key 
797746     DEBUG main            d.u.i.k.p.i.AbstractProblemLoader Environment load took 141.2ns 
797748     INFO  main            d.u.i.k.p.i.AbstractProblemLoader Creating init config 
797774     WARN  main            d.u.i.k.j.r.KeYCrossReferenceNameInfo Datatype java.io.PrintStream declared twice: Once in FILE:/home/runner/work/key/key/key.core/../key.ui/examples/standard_key/staticInitialisation/classpath/PrintStream.java and once in URL:file:/home/runner/work/key/key/key.core/build/resources/main/de/uka/ilkd/key/java/JavaRedux/java/io/PrintStream.java, Keeping one from URL:file:/home/runner/work/key/key/key.core/build/resources/main/de/uka/ilkd/key/java/JavaRedux/java/io/PrintStream.java 
797774     WARN  main            d.u.i.k.j.r.KeYCrossReferenceNameInfo Datatype java.lang.System declared twice: Once in FILE:/home/runner/work/key/key/key.core/../key.ui/examples/standard_key/staticInitialisation/classpath/System.java and once in URL:file:/home/runner/work/key/key/key.core/build/resources/main/de/uka/ilkd/key/java/JavaRedux/java/lang/System.java, Keeping one from URL:file:/home/runner/work/key/key/key.core/build/resources/main/de/uka/ilkd/key/java/JavaRedux/java/lang/System.java 
800852     DEBUG main            d.u.i.k.p.i.AbstractProblemLoader Init config took 3.1s 
800868     INFO  main            d.u.i.k.p.i.AbstractProblemLoader Replaying proof localDeclaredMethod.key 
800870     DEBUG main            d.u.i.k.p.i.IntermediateProofReplayer Proof replay took 3.6ns 
801173     INFO  main            d.u.i.k.p.r.p.TestFile    ... finished proof: closed. 
801911     INFO  main            d.u.i.k.p.i.AbstractProblemLoader Loading environment from /home/runner/work/key/key/key.core/../key.ui/examples/standard_key/staticInitialisation/localDeclaredMethod.key.proof 
801911     DEBUG main            d.u.i.k.p.i.AbstractProblemLoader Environment load took 135ns 
801913     INFO  main            d.u.i.k.p.i.AbstractProblemLoader Creating init config 
801938     WARN  main            d.u.i.k.j.r.KeYCrossReferenceNameInfo Datatype java.io.PrintStream declared twice: Once in FILE:/home/runner/work/key/key/key.core/../key.ui/examples/standard_key/staticInitialisation/classpath/PrintStream.java and once in URL:file:/home/runner/work/key/key/key.core/build/resources/main/de/uka/ilkd/key/java/JavaRedux/java/io/PrintStream.java, Keeping one from URL:file:/home/runner/work/key/key/key.core/build/resources/main/de/uka/ilkd/key/java/JavaRedux/java/io/PrintStream.java 
801938     WARN  main            d.u.i.k.j.r.KeYCrossReferenceNameInfo Datatype java.lang.System declared twice: Once in FILE:/home/runner/work/key/key/key.core/../key.ui/examples/standard_key/staticInitialisation/classpath/System.java and once in URL:file:/home/runner/work/key/key/key.core/build/resources/main/de/uka/ilkd/key/java/JavaRedux/java/lang/System.java, Keeping one from URL:file:/home/runner/work/key/key/key.core/build/resources/main/de/uka/ilkd/key/java/JavaRedux/java/lang/System.java 
804974     DEBUG main            d.u.i.k.p.i.AbstractProblemLoader Init config took 3.06s 
804992     INFO  main            d.u.i.k.p.i.AbstractProblemLoader Replaying proof localDeclaredMethod.key.proof 
805065     DEBUG main            d.u.i.k.p.i.IntermediateProofReplayer Proof replay took 71.24ms 
805067     DEBUG main            d.u.i.k.p.r.p.TestFile    ... success: reloaded. 
805067     INFO  main            d.u.i.k.p.r.p.TestFile    Now processing file /home/runner/work/key/key/key.core/../key.ui/examples/standard_key/staticInitialisation/objectOfErroneousClass.key 
805068     INFO  main            d.u.i.k.p.i.AbstractProblemLoader Loading environment from /home/runner/work/key/key/key.core/../key.ui/examples/standard_key/staticInitialisation/objectOfErroneousClass.key 
805068     DEBUG main            d.u.i.k.p.i.AbstractProblemLoader Environment load took 62ns 
805069     INFO  main            d.u.i.k.p.i.AbstractProblemLoader Creating init config 
805093     WARN  main            d.u.i.k.j.r.KeYCrossReferenceNameInfo Datatype java.io.PrintStream declared twice: Once in FILE:/home/runner/work/key/key/key.core/../key.ui/examples/standard_key/staticInitialisation/classpath/PrintStream.java and once in URL:file:/home/runner/work/key/key/key.core/build/resources/main/de/uka/ilkd/key/java/JavaRedux/java/io/PrintStream.java, Keeping one from URL:file:/home/runner/work/key/key/key.core/build/resources/main/de/uka/ilkd/key/java/JavaRedux/java/io/PrintStream.java 
805093     WARN  main            d.u.i.k.j.r.KeYCrossReferenceNameInfo Datatype java.lang.System declared twice: Once in FILE:/home/runner/work/key/key/key.core/../key.ui/examples/standard_key/staticInitialisation/classpath/System.java and once in URL:file:/home/runner/work/key/key/key.core/build/resources/main/de/uka/ilkd/key/java/JavaRedux/java/lang/System.java, Keeping one from URL:file:/home/runner/work/key/key/key.core/build/resources/main/de/uka/ilkd/key/java/JavaRedux/java/lang/System.java 
808335     DEBUG main            d.u.i.k.p.i.AbstractProblemLoader Init config took 3.27s 
808354     INFO  main            d.u.i.k.p.i.AbstractProblemLoader Replaying proof objectOfErroneousClass.key 
808357     DEBUG main            d.u.i.k.p.i.IntermediateProofReplayer Proof replay took 4.5ns 
826361     INFO  main            d.u.i.k.p.r.p.TestFile    ... finished proof: closed. 
827195     INFO  main            d.u.i.k.p.i.AbstractProblemLoader Loading environment from /home/runner/work/key/key/key.core/../key.ui/examples/standard_key/staticInitialisation/objectOfErroneousClass.key.proof 
827195     DEBUG main            d.u.i.k.p.i.AbstractProblemLoader Environment load took 208ns 
827199     INFO  main            d.u.i.k.p.i.AbstractProblemLoader Creating init config 
827225     WARN  main            d.u.i.k.j.r.KeYCrossReferenceNameInfo Datatype java.io.PrintStream declared twice: Once in FILE:/home/runner/work/key/key/key.core/../key.ui/examples/standard_key/staticInitialisation/classpath/PrintStream.java and once in URL:file:/home/runner/work/key/key/key.core/build/resources/main/de/uka/ilkd/key/java/JavaRedux/java/io/PrintStream.java, Keeping one from URL:file:/home/runner/work/key/key/key.core/build/resources/main/de/uka/ilkd/key/java/JavaRedux/java/io/PrintStream.java 
827225     WARN  main            d.u.i.k.j.r.KeYCrossReferenceNameInfo Datatype java.lang.System declared twice: Once in FILE:/home/runner/work/key/key/key.core/../key.ui/examples/standard_key/staticInitialisation/classpath/System.java and once in URL:file:/home/runner/work/key/key/key.core/build/resources/main/de/uka/ilkd/key/java/JavaRedux/java/lang/System.java, Keeping one from URL:file:/home/runner/work/key/key/key.core/build/resources/main/de/uka/ilkd/key/java/JavaRedux/java/lang/System.java 
830277     DEBUG main            d.u.i.k.p.i.AbstractProblemLoader Init config took 3.08s 
830294     INFO  main            d.u.i.k.p.i.AbstractProblemLoader Replaying proof objectOfErroneousClass.key.proof 
833165     DEBUG main            d.u.i.k.p.i.IntermediateProofReplayer Proof replay took 2.84s 
833169     DEBUG main            d.u.i.k.p.r.p.TestFile    ... success: reloaded. 
833170     INFO  main            d.u.i.k.p.r.p.TestFile    Now processing file /home/runner/work/key/key/key.core/../key.ui/examples/standard_key/staticInitialisation/staticInitialisersAreNonSimple.key 
833170     INFO  main            d.u.i.k.p.i.AbstractProblemLoader Loading environment from /home/runner/work/key/key/key.core/../key.ui/examples/standard_key/staticInitialisation/staticInitialisersAreNonSimple.key 
833170     DEBUG main            d.u.i.k.p.i.AbstractProblemLoader Environment load took 93.7ns 
833172     INFO  main            d.u.i.k.p.i.AbstractProblemLoader Creating init config 
833196     WARN  main            d.u.i.k.j.r.KeYCrossReferenceNameInfo Datatype java.io.PrintStream declared twice: Once in FILE:/home/runner/work/key/key/key.core/../key.ui/examples/standard_key/staticInitialisation/classpath/PrintStream.java and once in URL:file:/home/runner/work/key/key/key.core/build/resources/main/de/uka/ilkd/key/java/JavaRedux/java/io/PrintStream.java, Keeping one from URL:file:/home/runner/work/key/key/key.core/build/resources/main/de/uka/ilkd/key/java/JavaRedux/java/io/PrintStream.java 
833196     WARN  main            d.u.i.k.j.r.KeYCrossReferenceNameInfo Datatype java.lang.System declared twice: Once in FILE:/home/runner/work/key/key/key.core/../key.ui/examples/standard_key/staticInitialisation/classpath/System.java and once in URL:file:/home/runner/work/key/key/key.core/build/resources/main/de/uka/ilkd/key/java/JavaRedux/java/lang/System.java, Keeping one from URL:file:/home/runner/work/key/key/key.core/build/resources/main/de/uka/ilkd/key/java/JavaRedux/java/lang/System.java 
836391     DEBUG main            d.u.i.k.p.i.AbstractProblemLoader Init config took 3.22s 
836409     INFO  main            d.u.i.k.p.i.AbstractProblemLoader Replaying proof staticInitialisersAreNonSimple.key 
836410     DEBUG main            d.u.i.k.p.i.IntermediateProofReplayer Proof replay took 3.6ns 
836817     INFO  main            d.u.i.k.p.r.p.TestFile    ... finished proof: closed. 
837647     INFO  main            d.u.i.k.p.i.AbstractProblemLoader Loading environment from /home/runner/work/key/key/key.core/../key.ui/examples/standard_key/staticInitialisation/staticInitialisersAreNonSimple.key.proof 
837647     DEBUG main            d.u.i.k.p.i.AbstractProblemLoader Environment load took 127.5ns 
837649     INFO  main            d.u.i.k.p.i.AbstractProblemLoader Creating init config 
837675     WARN  main            d.u.i.k.j.r.KeYCrossReferenceNameInfo Datatype java.io.PrintStream declared twice: Once in FILE:/home/runner/work/key/key/key.core/../key.ui/examples/standard_key/staticInitialisation/classpath/PrintStream.java and once in URL:file:/home/runner/work/key/key/key.core/build/resources/main/de/uka/ilkd/key/java/JavaRedux/java/io/PrintStream.java, Keeping one from URL:file:/home/runner/work/key/key/key.core/build/resources/main/de/uka/ilkd/key/java/JavaRedux/java/io/PrintStream.java 
837676     WARN  main            d.u.i.k.j.r.KeYCrossReferenceNameInfo Datatype java.lang.System declared twice: Once in FILE:/home/runner/work/key/key/key.core/../key.ui/examples/standard_key/staticInitialisation/classpath/System.java and once in URL:file:/home/runner/work/key/key/key.core/build/resources/main/de/uka/ilkd/key/java/JavaRedux/java/lang/System.java, Keeping one from URL:file:/home/runner/work/key/key/key.core/build/resources/main/de/uka/ilkd/key/java/JavaRedux/java/lang/System.java 
840747     DEBUG main            d.u.i.k.p.i.AbstractProblemLoader Init config took 3.1s 
840765     INFO  main            d.u.i.k.p.i.AbstractProblemLoader Replaying proof staticInitialisersAreNonSimple.key.proof 
840881     DEBUG main            d.u.i.k.p.i.IntermediateProofReplayer Proof replay took 113.72ms 
840884     DEBUG main            d.u.i.k.p.r.p.TestFile    ... success: reloaded. 
840885     INFO  main            d.u.i.k.p.r.p.TestFile    Now processing file /home/runner/work/key/key/key.core/../key.ui/examples/standard_key/types/disjoint.key 
840885     INFO  main            d.u.i.k.p.i.AbstractProblemLoader Loading environment from /home/runner/work/key/key/key.core/../key.ui/examples/standard_key/types/disjoint.key 
840885     DEBUG main            d.u.i.k.p.i.AbstractProblemLoader Environment load took 79.3ns 
840886     INFO  main            d.u.i.k.p.i.AbstractProblemLoader Creating init config 
843907     DEBUG main            d.u.i.k.p.i.AbstractProblemLoader Init config took 3.02s 
843923     INFO  main            d.u.i.k.p.i.AbstractProblemLoader Replaying proof disjoint.key 
843924     DEBUG main            d.u.i.k.p.i.IntermediateProofReplayer Proof replay took 4ns 
844027     INFO  main            d.u.i.k.p.r.p.TestFile    ... finished proof: closed. 
844746     INFO  main            d.u.i.k.p.i.AbstractProblemLoader Loading environment from /home/runner/work/key/key/key.core/../key.ui/examples/standard_key/types/disjoint.key.proof 
844746     DEBUG main            d.u.i.k.p.i.AbstractProblemLoader Environment load took 87.5ns 
844747     INFO  main            d.u.i.k.p.i.AbstractProblemLoader Creating init config 
847619     DEBUG main            d.u.i.k.p.i.AbstractProblemLoader Init config took 2.87s 
847635     INFO  main            d.u.i.k.p.i.AbstractProblemLoader Replaying proof disjoint.key.proof 
847637     DEBUG main            d.u.i.k.p.i.IntermediateProofReplayer Proof replay took 655.41ns 
847638     DEBUG main            d.u.i.k.p.r.p.TestFile    ... success: reloaded. 
847639     INFO  main            d.u.i.k.p.r.p.TestFile    Now processing file /home/runner/work/key/key/key.core/../key.ui/examples/../../key.core/src/test/resources/testcase/classpath/classpath.key 
847639     INFO  main            d.u.i.k.p.i.AbstractProblemLoader Loading environment from /home/runner/work/key/key/key.core/../key.ui/examples/../../key.core/src/test/resources/testcase/classpath/classpath.key 
847639     DEBUG main            d.u.i.k.p.i.AbstractProblemLoader Environment load took 163.6ns 
847640     INFO  main            d.u.i.k.p.i.AbstractProblemLoader Creating init config 
847669     WARN  main            d.u.i.k.j.r.KeYCrossReferenceNameInfo Datatype cp.C declared twice: Once in FILE:/home/runner/work/key/key/key.core/../key.ui/examples/../../key.core/src/test/resources/testcase/classpath/classpath/C.class and once in FILE:/home/runner/work/key/key/key.core/../key.ui/examples/../../key.core/src/test/resources/testcase/classpath/classpath/C.jml, Keeping one from FILE:/home/runner/work/key/key/key.core/../key.ui/examples/../../key.core/src/test/resources/testcase/classpath/classpath/C.jml 
847673     DEBUG main            d.u.i.k.j.r.ClassFileDeclarationBuilder Parsing: package cp; public class Unresolved1 { } 
847673     DEBUG main            r.s.KeYCrossReferenceSourceInfo Dynamically created class: cp.Unresolved1 
847674     DEBUG main            d.u.i.k.j.r.ClassFileDeclarationBuilder Parsing: package cp; public class Unresolved2 { } 
847674     DEBUG main            r.s.KeYCrossReferenceSourceInfo Dynamically created class: cp.Unresolved2 
850769     DEBUG main            d.u.i.k.p.i.AbstractProblemLoader Init config took 3.13s 
850788     INFO  main            d.u.i.k.p.i.AbstractProblemLoader Replaying proof classpath.key 
850790     DEBUG main            d.u.i.k.p.i.IntermediateProofReplayer Proof replay took 3.1ns 
850895     INFO  main            d.u.i.k.p.r.p.TestFile    ... finished proof: closed. 
851638     INFO  main            d.u.i.k.p.i.AbstractProblemLoader Loading environment from /home/runner/work/key/key/key.core/../key.ui/examples/../../key.core/src/test/resources/testcase/classpath/classpath.key.proof 
851638     DEBUG main            d.u.i.k.p.i.AbstractProblemLoader Environment load took 129.6ns 
851640     INFO  main            d.u.i.k.p.i.AbstractProblemLoader Creating init config 
851677     WARN  main            d.u.i.k.j.r.KeYCrossReferenceNameInfo Datatype cp.C declared twice: Once in FILE:/home/runner/work/key/key/key.core/../key.ui/examples/../../key.core/src/test/resources/testcase/classpath/classpath/C.class and once in FILE:/home/runner/work/key/key/key.core/../key.ui/examples/../../key.core/src/test/resources/testcase/classpath/classpath/C.jml, Keeping one from FILE:/home/runner/work/key/key/key.core/../key.ui/examples/../../key.core/src/test/resources/testcase/classpath/classpath/C.jml 
851681     DEBUG main            d.u.i.k.j.r.ClassFileDeclarationBuilder Parsing: package cp; public class Unresolved1 { } 
851681     DEBUG main            r.s.KeYCrossReferenceSourceInfo Dynamically created class: cp.Unresolved1 
851681     DEBUG main            d.u.i.k.j.r.ClassFileDeclarationBuilder Parsing: package cp; public class Unresolved2 { } 
851682     DEBUG main            r.s.KeYCrossReferenceSourceInfo Dynamically created class: cp.Unresolved2 
854761     DEBUG main            d.u.i.k.p.i.AbstractProblemLoader Init config took 3.12s 
854780     INFO  main            d.u.i.k.p.i.AbstractProblemLoader Replaying proof classpath.key.proof 
854783     DEBUG main            d.u.i.k.p.i.IntermediateProofReplayer Proof replay took 777.9ns 
854785     DEBUG main            d.u.i.k.p.r.p.TestFile    ... success: reloaded. 
854786     INFO  main            d.u.i.k.p.r.p.TestFile    Now processing file /home/runner/work/key/key/key.core/../key.ui/examples/heap/inconsistent_represents/MyClass_m.key 
854786     INFO  main            d.u.i.k.p.i.AbstractProblemLoader Loading environment from /home/runner/work/key/key/key.core/../key.ui/examples/heap/inconsistent_represents/MyClass_m.key 
854786     DEBUG main            d.u.i.k.p.i.AbstractProblemLoader Environment load took 83.8ns 
854787     INFO  main            d.u.i.k.p.i.AbstractProblemLoader Creating init config 
857946     DEBUG main            d.u.i.k.p.i.AbstractProblemLoader Init config took 3.16s 
857990     INFO  main            d.u.i.k.p.i.AbstractProblemLoader Replaying proof MyClass[MyClass::m()].JML operation contract.0 
857992     DEBUG main            d.u.i.k.p.i.IntermediateProofReplayer Proof replay took 3.7ns 
858097     INFO  main            d.u.i.k.p.r.p.TestFile    ... finished proof: open goal(s) 
858844     INFO  main            d.u.i.k.p.r.p.TestFile    Now processing file /home/runner/work/key/key/key.core/../key.ui/examples/heap/inconsistent_represents/MyClass_n.key 
858844     INFO  main            d.u.i.k.p.i.AbstractProblemLoader Loading environment from /home/runner/work/key/key/key.core/../key.ui/examples/heap/inconsistent_represents/MyClass_n.key 
858844     DEBUG main            d.u.i.k.p.i.AbstractProblemLoader Environment load took 61ns 
858845     INFO  main            d.u.i.k.p.i.AbstractProblemLoader Creating init config 
861911     DEBUG main            d.u.i.k.p.i.AbstractProblemLoader Init config took 3.07s 
861953     INFO  main            d.u.i.k.p.i.AbstractProblemLoader Replaying proof MyClass[MyClass::n()].JML operation contract.0 
861955     DEBUG main            d.u.i.k.p.i.IntermediateProofReplayer Proof replay took 3.5ns 
862059     INFO  main            d.u.i.k.p.r.p.TestFile    ... finished proof: open goal(s) 
4799516    INFO  Test worker     d.u.i.k.p.r.RunAllProofsTestUnit Returning from test javadl 
4799517    INFO  Test worker     d.u.i.k.p.r.RunAllProofsTestUnit Running test FOL 
535        INFO  Timeout watchdog d.u.i.k.p.r.p.ForkedTestFileRunner Timeout watcher launched (2000 secs.) 
558        WARN  main            d.u.i.k.s.ProofSettings   The settings in /home/runner/.key/proof-settings.props are *not* read. 
618        INFO  main            d.u.i.k.p.r.p.TestFile    Now processing file /home/runner/work/key/key/key.core/../key.ui/examples/standard_key/pred_log/count.key 
774        INFO  main            d.u.i.k.p.i.AbstractProblemLoader Loading environment from /home/runner/work/key/key/key.core/../key.ui/examples/standard_key/pred_log/count.key 
796        DEBUG main            d.u.i.k.p.i.AbstractProblemLoader Environment load took 2.59ms 
1115       INFO  main            d.u.i.k.p.i.AbstractProblemLoader Creating init config 
2537       DEBUG main            d.u.i.k.j.TypeConverter   No LDT found for Meta 
2538       DEBUG main            d.u.i.k.j.TypeConverter   No LDT found for Meta 
2542       DEBUG main            d.u.i.k.j.TypeConverter   No LDT found for Meta 
2543       DEBUG main            d.u.i.k.j.TypeConverter   No LDT found for Meta 
4407       DEBUG main            d.u.i.k.j.TypeConverter   No LDT found for JavaBigintExpression 
10508      DEBUG main            d.u.i.k.p.i.AbstractProblemLoader Init config took 9.39s 
10622      INFO  main            d.u.i.k.p.i.AbstractProblemLoader Replaying proof count.key 
10676      DEBUG main            d.u.i.k.p.i.IntermediateProofReplayer Proof replay took 42.2ns 
10976      INFO  main            d.u.i.k.p.r.p.TestFile    ... finished proof: closed. 
11138      INFO  main            d.u.i.k.p.i.AbstractProblemLoader Loading environment from /home/runner/work/key/key/key.core/../key.ui/examples/standard_key/pred_log/count.key.proof 
11139      DEBUG main            d.u.i.k.p.i.AbstractProblemLoader Environment load took 707.5ns 
11145      INFO  main            d.u.i.k.p.i.AbstractProblemLoader Creating init config 
14636      DEBUG main            d.u.i.k.p.i.AbstractProblemLoader Init config took 3.49s 
14694      INFO  main            d.u.i.k.p.i.AbstractProblemLoader Replaying proof count.key.proof 
14712      DEBUG main            d.u.i.k.p.i.IntermediateProofReplayer Proof replay took 12.77ms 
14731      DEBUG main            d.u.i.k.p.r.p.TestFile    ... success: reloaded. 
14736      INFO  main            d.u.i.k.p.r.p.TestFile    Now processing file /home/runner/work/key/key/key.core/../key.ui/examples/standard_key/pred_log/count2.key 
14736      INFO  main            d.u.i.k.p.i.AbstractProblemLoader Loading environment from /home/runner/work/key/key/key.core/../key.ui/examples/standard_key/pred_log/count2.key 
14737      DEBUG main            d.u.i.k.p.i.AbstractProblemLoader Environment load took 801.9ns 
14741      INFO  main            d.u.i.k.p.i.AbstractProblemLoader Creating init config 
18077      DEBUG main            d.u.i.k.p.i.AbstractProblemLoader Init config took 3.34s 
18120      INFO  main            d.u.i.k.p.i.AbstractProblemLoader Replaying proof count2.key 
18127      DEBUG main            d.u.i.k.p.i.IntermediateProofReplayer Proof replay took 8.1ns 
18234      INFO  main            d.u.i.k.p.r.p.TestFile    ... finished proof: closed. 
18387      INFO  main            d.u.i.k.p.i.AbstractProblemLoader Loading environment from /home/runner/work/key/key/key.core/../key.ui/examples/standard_key/pred_log/count2.key.proof 
18387      DEBUG main            d.u.i.k.p.i.AbstractProblemLoader Environment load took 298.2ns 
18389      INFO  main            d.u.i.k.p.i.AbstractProblemLoader Creating init config 
21678      DEBUG main            d.u.i.k.p.i.AbstractProblemLoader Init config took 3.29s 
21706      INFO  main            d.u.i.k.p.i.AbstractProblemLoader Replaying proof count2.key.proof 
21714      DEBUG main            d.u.i.k.p.i.IntermediateProofReplayer Proof replay took 4.88ms 
21715      DEBUG main            d.u.i.k.p.r.p.TestFile    ... success: reloaded. 
21716      INFO  main            d.u.i.k.p.r.p.TestFile    Now processing file /home/runner/work/key/key/key.core/../key.ui/examples/standard_key/pred_log/count3.key 
21717      INFO  main            d.u.i.k.p.i.AbstractProblemLoader Loading environment from /home/runner/work/key/key/key.core/../key.ui/examples/standard_key/pred_log/count3.key 
21717      DEBUG main            d.u.i.k.p.i.AbstractProblemLoader Environment load took 207.5ns 
21719      INFO  main            d.u.i.k.p.i.AbstractProblemLoader Creating init config 
24988      DEBUG main            d.u.i.k.p.i.AbstractProblemLoader Init config took 3.27s 
25015      INFO  main            d.u.i.k.p.i.AbstractProblemLoader Replaying proof count3.key 
25017      DEBUG main            d.u.i.k.p.i.IntermediateProofReplayer Proof replay took 9.2ns 
25121      INFO  main            d.u.i.k.p.r.p.TestFile    ... finished proof: closed. 
25294      INFO  main            d.u.i.k.p.i.AbstractProblemLoader Loading environment from /home/runner/work/key/key/key.core/../key.ui/examples/standard_key/pred_log/count3.key.proof 
25296      DEBUG main            d.u.i.k.p.i.AbstractProblemLoader Environment load took 2.31ms 
25299      INFO  main            d.u.i.k.p.i.AbstractProblemLoader Creating init config 
28669      DEBUG main            d.u.i.k.p.i.AbstractProblemLoader Init config took 3.37s 
28697      INFO  main            d.u.i.k.p.i.AbstractProblemLoader Replaying proof count3.key.proof 
28703      DEBUG main            d.u.i.k.p.i.IntermediateProofReplayer Proof replay took 3.73ms 
28704      DEBUG main            d.u.i.k.p.r.p.TestFile    ... success: reloaded. 
28705      INFO  main            d.u.i.k.p.r.p.TestFile    Now processing file /home/runner/work/key/key/key.core/../key.ui/examples/standard_key/pred_log/equalities.key 
28705      INFO  main            d.u.i.k.p.i.AbstractProblemLoader Loading environment from /home/runner/work/key/key/key.core/../key.ui/examples/standard_key/pred_log/equalities.key 
28705      DEBUG main            d.u.i.k.p.i.AbstractProblemLoader Environment load took 160.4ns 
28706      INFO  main            d.u.i.k.p.i.AbstractProblemLoader Creating init config 
31852      DEBUG main            d.u.i.k.p.i.AbstractProblemLoader Init config took 3.15s 
31877      INFO  main            d.u.i.k.p.i.AbstractProblemLoader Replaying proof equalities.key 
31879      DEBUG main            d.u.i.k.p.i.IntermediateProofReplayer Proof replay took 8.9ns 
31982      INFO  main            d.u.i.k.p.r.p.TestFile    ... finished proof: closed. 
32158      INFO  main            d.u.i.k.p.i.AbstractProblemLoader Loading environment from /home/runner/work/key/key/key.core/../key.ui/examples/standard_key/pred_log/equalities.key.proof 
32158      DEBUG main            d.u.i.k.p.i.AbstractProblemLoader Environment load took 240.7ns 
32161      INFO  main            d.u.i.k.p.i.AbstractProblemLoader Creating init config 
35323      DEBUG main            d.u.i.k.p.i.AbstractProblemLoader Init config took 3.16s 
35347      INFO  main            d.u.i.k.p.i.AbstractProblemLoader Replaying proof equalities.key.proof 
35352      DEBUG main            d.u.i.k.p.i.IntermediateProofReplayer Proof replay took 2.14ms 
35354      DEBUG main            d.u.i.k.p.r.p.TestFile    ... success: reloaded. 
35355      INFO  main            d.u.i.k.p.r.p.TestFile    Now processing file /home/runner/work/key/key/key.core/../key.ui/examples/standard_key/pred_log/equalities2.key 
35355      INFO  main            d.u.i.k.p.i.AbstractProblemLoader Loading environment from /home/runner/work/key/key/key.core/../key.ui/examples/standard_key/pred_log/equalities2.key 
35355      DEBUG main            d.u.i.k.p.i.AbstractProblemLoader Environment load took 214.1ns 
35357      INFO  main            d.u.i.k.p.i.AbstractProblemLoader Creating init config 
38484      DEBUG main            d.u.i.k.p.i.AbstractProblemLoader Init config took 3.13s 
38512      INFO  main            d.u.i.k.p.i.AbstractProblemLoader Replaying proof equalities2.key 
38514      DEBUG main            d.u.i.k.p.i.IntermediateProofReplayer Proof replay took 9.6ns 
38619      INFO  main            d.u.i.k.p.r.p.TestFile    ... finished proof: closed. 
38822      INFO  main            d.u.i.k.p.i.AbstractProblemLoader Loading environment from /home/runner/work/key/key/key.core/../key.ui/examples/standard_key/pred_log/equalities2.key.proof 
38824      DEBUG main            d.u.i.k.p.i.AbstractProblemLoader Environment load took 1.73ms 
38827      INFO  main            d.u.i.k.p.i.AbstractProblemLoader Creating init config 
42000      DEBUG main            d.u.i.k.p.i.AbstractProblemLoader Init config took 3.17s 
42027      INFO  main            d.u.i.k.p.i.AbstractProblemLoader Replaying proof equalities2.key.proof 
42055      DEBUG main            d.u.i.k.p.i.IntermediateProofReplayer Proof replay took 25.48ms 
42057      DEBUG main            d.u.i.k.p.r.p.TestFile    ... success: reloaded. 
42058      INFO  main            d.u.i.k.p.r.p.TestFile    Now processing file /home/runner/work/key/key/key.core/../key.ui/examples/standard_key/pred_log/equalities3.key 
42059      INFO  main            d.u.i.k.p.i.AbstractProblemLoader Loading environment from /home/runner/work/key/key/key.core/../key.ui/examples/standard_key/pred_log/equalities3.key 
42059      DEBUG main            d.u.i.k.p.i.AbstractProblemLoader Environment load took 218.8ns 
42060      INFO  main            d.u.i.k.p.i.AbstractProblemLoader Creating init config 
45191      DEBUG main            d.u.i.k.p.i.AbstractProblemLoader Init config took 3.13s 
45215      INFO  main            d.u.i.k.p.i.AbstractProblemLoader Replaying proof equalities3.key 
45217      DEBUG main            d.u.i.k.p.i.IntermediateProofReplayer Proof replay took 9.8ns 
45323      INFO  main            d.u.i.k.p.r.p.TestFile    ... finished proof: closed. 
45541      INFO  main            d.u.i.k.p.i.AbstractProblemLoader Loading environment from /home/runner/work/key/key/key.core/../key.ui/examples/standard_key/pred_log/equalities3.key.proof 
45542      DEBUG main            d.u.i.k.p.i.AbstractProblemLoader Environment load took 1.07ms 
45543      INFO  main            d.u.i.k.p.i.AbstractProblemLoader Creating init config 
48651      DEBUG main            d.u.i.k.p.i.AbstractProblemLoader Init config took 3.11s 
48673      INFO  main            d.u.i.k.p.i.AbstractProblemLoader Replaying proof equalities3.key.proof 
48686      DEBUG main            d.u.i.k.p.i.IntermediateProofReplayer Proof replay took 11.12ms 
48688      DEBUG main            d.u.i.k.p.r.p.TestFile    ... success: reloaded. 
48690      INFO  main            d.u.i.k.p.r.p.TestFile    Now processing file /home/runner/work/key/key/key.core/../key.ui/examples/standard_key/pred_log/functions.key 
48690      INFO  main            d.u.i.k.p.i.AbstractProblemLoader Loading environment from /home/runner/work/key/key/key.core/../key.ui/examples/standard_key/pred_log/functions.key 
48690      DEBUG main            d.u.i.k.p.i.AbstractProblemLoader Environment load took 221.8ns 
48692      INFO  main            d.u.i.k.p.i.AbstractProblemLoader Creating init config 
51811      DEBUG main            d.u.i.k.p.i.AbstractProblemLoader Init config took 3.12s 
51833      INFO  main            d.u.i.k.p.i.AbstractProblemLoader Replaying proof functions.key 
51834      DEBUG main            d.u.i.k.p.i.IntermediateProofReplayer Proof replay took 7.3ns 
51939      INFO  main            d.u.i.k.p.r.p.TestFile    ... finished proof: closed. 
52149      INFO  main            d.u.i.k.p.i.AbstractProblemLoader Loading environment from /home/runner/work/key/key/key.core/../key.ui/examples/standard_key/pred_log/functions.key.proof 
52150      DEBUG main            d.u.i.k.p.i.AbstractProblemLoader Environment load took 195.1ns 
52151      INFO  main            d.u.i.k.p.i.AbstractProblemLoader Creating init config 
55214      DEBUG main            d.u.i.k.p.i.AbstractProblemLoader Init config took 3.06s 
55244      INFO  main            d.u.i.k.p.i.AbstractProblemLoader Replaying proof functions.key.proof 
55250      DEBUG main            d.u.i.k.p.i.IntermediateProofReplayer Proof replay took 3.55ms 
55257      DEBUG main            d.u.i.k.p.r.p.TestFile    ... success: reloaded. 
55258      INFO  main            d.u.i.k.p.r.p.TestFile    Now processing file /home/runner/work/key/key/key.core/../key.ui/examples/standard_key/pred_log/mv1.key 
55258      INFO  main            d.u.i.k.p.i.AbstractProblemLoader Loading environment from /home/runner/work/key/key/key.core/../key.ui/examples/standard_key/pred_log/mv1.key 
55258      DEBUG main            d.u.i.k.p.i.AbstractProblemLoader Environment load took 140.3ns 
55260      INFO  main            d.u.i.k.p.i.AbstractProblemLoader Creating init config 
58375      DEBUG main            d.u.i.k.p.i.AbstractProblemLoader Init config took 3.11s 
58395      INFO  main            d.u.i.k.p.i.AbstractProblemLoader Replaying proof mv1.key 
58396      DEBUG main            d.u.i.k.p.i.IntermediateProofReplayer Proof replay took 8.8ns 
58499      INFO  main            d.u.i.k.p.r.p.TestFile    ... finished proof: closed. 
58702      INFO  main            d.u.i.k.p.i.AbstractProblemLoader Loading environment from /home/runner/work/key/key/key.core/../key.ui/examples/standard_key/pred_log/mv1.key.proof 
58702      DEBUG main            d.u.i.k.p.i.AbstractProblemLoader Environment load took 139.4ns 
58704      INFO  main            d.u.i.k.p.i.AbstractProblemLoader Creating init config 
61810      DEBUG main            d.u.i.k.p.i.AbstractProblemLoader Init config took 3.11s 
61829      INFO  main            d.u.i.k.p.i.AbstractProblemLoader Replaying proof mv1.key.proof 
61832      DEBUG main            d.u.i.k.p.i.IntermediateProofReplayer Proof replay took 1.39ms 
61833      DEBUG main            d.u.i.k.p.r.p.TestFile    ... success: reloaded. 
61834      INFO  main            d.u.i.k.p.r.p.TestFile    Now processing file /home/runner/work/key/key/key.core/../key.ui/examples/standard_key/pred_log/mv2.key 
61834      INFO  main            d.u.i.k.p.i.AbstractProblemLoader Loading environment from /home/runner/work/key/key/key.core/../key.ui/examples/standard_key/pred_log/mv2.key 
61834      DEBUG main            d.u.i.k.p.i.AbstractProblemLoader Environment load took 100.9ns 
61835      INFO  main            d.u.i.k.p.i.AbstractProblemLoader Creating init config 
64898      DEBUG main            d.u.i.k.p.i.AbstractProblemLoader Init config took 3.06s 
64918      INFO  main            d.u.i.k.p.i.AbstractProblemLoader Replaying proof mv2.key 
64919      DEBUG main            d.u.i.k.p.i.IntermediateProofReplayer Proof replay took 9.9ns 
65022      INFO  main            d.u.i.k.p.r.p.TestFile    ... finished proof: closed. 
65255      INFO  main            d.u.i.k.p.i.AbstractProblemLoader Loading environment from /home/runner/work/key/key/key.core/../key.ui/examples/standard_key/pred_log/mv2.key.proof 
65255      DEBUG main            d.u.i.k.p.i.AbstractProblemLoader Environment load took 135.9ns 
65256      INFO  main            d.u.i.k.p.i.AbstractProblemLoader Creating init config 
68315      DEBUG main            d.u.i.k.p.i.AbstractProblemLoader Init config took 3.06s 
68336      INFO  main            d.u.i.k.p.i.AbstractProblemLoader Replaying proof mv2.key.proof 
68341      DEBUG main            d.u.i.k.p.i.IntermediateProofReplayer Proof replay took 3.57ms 
68342      DEBUG main            d.u.i.k.p.r.p.TestFile    ... success: reloaded. 
68343      INFO  main            d.u.i.k.p.r.p.TestFile    Now processing file /home/runner/work/key/key/key.core/../key.ui/examples/standard_key/pred_log/quantifiers.key 
68344      INFO  main            d.u.i.k.p.i.AbstractProblemLoader Loading environment from /home/runner/work/key/key/key.core/../key.ui/examples/standard_key/pred_log/quantifiers.key 
68344      DEBUG main            d.u.i.k.p.i.AbstractProblemLoader Environment load took 217.1ns 
68345      INFO  main            d.u.i.k.p.i.AbstractProblemLoader Creating init config 
71405      DEBUG main            d.u.i.k.p.i.AbstractProblemLoader Init config took 3.06s 
71423      INFO  main            d.u.i.k.p.i.AbstractProblemLoader Replaying proof quantifiers.key 
71425      DEBUG main            d.u.i.k.p.i.IntermediateProofReplayer Proof replay took 8.3ns 
71528      INFO  main            d.u.i.k.p.r.p.TestFile    ... finished proof: closed. 
71839      INFO  main            d.u.i.k.p.i.AbstractProblemLoader Loading environment from /home/runner/work/key/key/key.core/../key.ui/examples/standard_key/pred_log/quantifiers.key.proof 
71839      DEBUG main            d.u.i.k.p.i.AbstractProblemLoader Environment load took 154ns 
71840      INFO  main            d.u.i.k.p.i.AbstractProblemLoader Creating init config 
74901      DEBUG main            d.u.i.k.p.i.AbstractProblemLoader Init config took 3.06s 
74919      INFO  main            d.u.i.k.p.i.AbstractProblemLoader Replaying proof quantifiers.key.proof 
74925      DEBUG main            d.u.i.k.p.i.IntermediateProofReplayer Proof replay took 3.05ms 
74926      DEBUG main            d.u.i.k.p.r.p.TestFile    ... success: reloaded. 
74926      INFO  main            d.u.i.k.p.r.p.TestFile    Now processing file /home/runner/work/key/key/key.core/../key.ui/examples/standard_key/pred_log/simpleEps.key 
74927      INFO  main            d.u.i.k.p.i.AbstractProblemLoader Loading environment from /home/runner/work/key/key/key.core/../key.ui/examples/standard_key/pred_log/simpleEps.key 
74927      DEBUG main            d.u.i.k.p.i.AbstractProblemLoader Environment load took 119.4ns 
74928      INFO  main            d.u.i.k.p.i.AbstractProblemLoader Creating init config 
78007      DEBUG main            d.u.i.k.p.i.AbstractProblemLoader Init config took 3.08s 
78025      INFO  main            d.u.i.k.p.i.AbstractProblemLoader Replaying proof simpleEps.key 
78026      DEBUG main            d.u.i.k.p.i.IntermediateProofReplayer Proof replay took 8.4ns 
78135      INFO  main            d.u.i.k.p.r.p.TestFile    ... finished proof: closed. 
78376      INFO  main            d.u.i.k.p.i.AbstractProblemLoader Loading environment from /home/runner/work/key/key/key.core/../key.ui/examples/standard_key/pred_log/simpleEps.key.proof 
78376      DEBUG main            d.u.i.k.p.i.AbstractProblemLoader Environment load took 134.3ns 
78377      INFO  main            d.u.i.k.p.i.AbstractProblemLoader Creating init config 
81419      DEBUG main            d.u.i.k.p.i.AbstractProblemLoader Init config took 3.04s 
81437      INFO  main            d.u.i.k.p.i.AbstractProblemLoader Replaying proof simpleEps.key.proof 
81441      DEBUG main            d.u.i.k.p.i.IntermediateProofReplayer Proof replay took 2.31ms 
81442      DEBUG main            d.u.i.k.p.r.p.TestFile    ... success: reloaded. 
81443      INFO  main            d.u.i.k.p.r.p.TestFile    Now processing file /home/runner/work/key/key/key.core/../key.ui/examples/standard_key/pred_log/steam1.key 
81443      INFO  main            d.u.i.k.p.i.AbstractProblemLoader Loading environment from /home/runner/work/key/key/key.core/../key.ui/examples/standard_key/pred_log/steam1.key 
81444      DEBUG main            d.u.i.k.p.i.AbstractProblemLoader Environment load took 118.3ns 
81446      INFO  main            d.u.i.k.p.i.AbstractProblemLoader Creating init config 
84574      DEBUG main            d.u.i.k.p.i.AbstractProblemLoader Init config took 3.13s 
84602      INFO  main            d.u.i.k.p.i.AbstractProblemLoader Replaying proof steam1.key 
84604      DEBUG main            d.u.i.k.p.i.IntermediateProofReplayer Proof replay took 9.1ns 
85013      INFO  main            d.u.i.k.p.r.p.TestFile    ... finished proof: closed. 
85268      INFO  main            d.u.i.k.p.i.AbstractProblemLoader Loading environment from /home/runner/work/key/key/key.core/../key.ui/examples/standard_key/pred_log/steam1.key.proof 
85269      DEBUG main            d.u.i.k.p.i.AbstractProblemLoader Environment load took 428.2ns 
85272      INFO  main            d.u.i.k.p.i.AbstractProblemLoader Creating init config 
88277      DEBUG main            d.u.i.k.p.i.AbstractProblemLoader Init config took 3.01s 
88317      INFO  main            d.u.i.k.p.i.AbstractProblemLoader Replaying proof steam1.key.proof 
88353      DEBUG main            d.u.i.k.p.i.IntermediateProofReplayer Proof replay took 31.7ms 
88356      DEBUG main            d.u.i.k.p.r.p.TestFile    ... success: reloaded. 
88357      INFO  main            d.u.i.k.p.r.p.TestFile    Now processing file /home/runner/work/key/key/key.core/../key.ui/examples/standard_key/pred_log/tptp/PUZ/PUZ001p1.key 
88358      INFO  main            d.u.i.k.p.i.AbstractProblemLoader Loading environment from /home/runner/work/key/key/key.core/../key.ui/examples/standard_key/pred_log/tptp/PUZ/PUZ001p1.key 
88358      DEBUG main            d.u.i.k.p.i.AbstractProblemLoader Environment load took 217.4ns 
88360      INFO  main            d.u.i.k.p.i.AbstractProblemLoader Creating init config 
91420      DEBUG main            d.u.i.k.p.i.AbstractProblemLoader Init config took 3.06s 
91441      INFO  main            d.u.i.k.p.i.AbstractProblemLoader Replaying proof PUZ001p1.key 
91443      DEBUG main            d.u.i.k.p.i.IntermediateProofReplayer Proof replay took 8.4ns 
95593      INFO  main            d.u.i.k.p.r.p.TestFile    ... finished proof: closed. 
95959      INFO  main            d.u.i.k.p.i.AbstractProblemLoader Loading environment from /home/runner/work/key/key/key.core/../key.ui/examples/standard_key/pred_log/tptp/PUZ/PUZ001p1.key.proof 
95961      DEBUG main            d.u.i.k.p.i.AbstractProblemLoader Environment load took 2.55ms 
95963      INFO  main            d.u.i.k.p.i.AbstractProblemLoader Creating init config 
99043      DEBUG main            d.u.i.k.p.i.AbstractProblemLoader Init config took 3.08s 
99076      INFO  main            d.u.i.k.p.i.AbstractProblemLoader Replaying proof PUZ001p1.key.proof 
99260      DEBUG main            d.u.i.k.p.i.IntermediateProofReplayer Proof replay took 171.87ms 
99262      DEBUG main            d.u.i.k.p.r.p.TestFile    ... success: reloaded. 
99263      INFO  main            d.u.i.k.p.r.p.TestFile    Now processing file /home/runner/work/key/key/key.core/../key.ui/examples/standard_key/pred_log/tptp/PUZ/PUZ001p1-eq.key 
99264      INFO  main            d.u.i.k.p.i.AbstractProblemLoader Loading environment from /home/runner/work/key/key/key.core/../key.ui/examples/standard_key/pred_log/tptp/PUZ/PUZ001p1-eq.key 
99264      DEBUG main            d.u.i.k.p.i.AbstractProblemLoader Environment load took 231.5ns 
99265      INFO  main            d.u.i.k.p.i.AbstractProblemLoader Creating init config 
102360     DEBUG main            d.u.i.k.p.i.AbstractProblemLoader Init config took 3.09s 
102378     INFO  main            d.u.i.k.p.i.AbstractProblemLoader Replaying proof PUZ001p1-eq.key 
102380     DEBUG main            d.u.i.k.p.i.IntermediateProofReplayer Proof replay took 7.7ns 
102583     INFO  main            d.u.i.k.p.r.p.TestFile    ... finished proof: closed. 
102897     INFO  main            d.u.i.k.p.i.AbstractProblemLoader Loading environment from /home/runner/work/key/key/key.core/../key.ui/examples/standard_key/pred_log/tptp/PUZ/PUZ001p1-eq.key.proof 
102898     DEBUG main            d.u.i.k.p.i.AbstractProblemLoader Environment load took 1.06ms 
102900     INFO  main            d.u.i.k.p.i.AbstractProblemLoader Creating init config 
105905     DEBUG main            d.u.i.k.p.i.AbstractProblemLoader Init config took 3.01s 
105923     INFO  main            d.u.i.k.p.i.AbstractProblemLoader Replaying proof PUZ001p1-eq.key.proof 
105944     DEBUG main            d.u.i.k.p.i.IntermediateProofReplayer Proof replay took 18.23ms 
105946     DEBUG main            d.u.i.k.p.r.p.TestFile    ... success: reloaded. 
105947     INFO  main            d.u.i.k.p.r.p.TestFile    Now processing file /home/runner/work/key/key/key.core/../key.ui/examples/standard_key/pred_log/tptp/PUZ/PUZ031p1.key 
105947     INFO  main            d.u.i.k.p.i.AbstractProblemLoader Loading environment from /home/runner/work/key/key/key.core/../key.ui/examples/standard_key/pred_log/tptp/PUZ/PUZ031p1.key 
105947     DEBUG main            d.u.i.k.p.i.AbstractProblemLoader Environment load took 134.8ns 
105949     INFO  main            d.u.i.k.p.i.AbstractProblemLoader Creating init config 
109135     DEBUG main            d.u.i.k.p.i.AbstractProblemLoader Init config took 3.19s 
109156     INFO  main            d.u.i.k.p.i.AbstractProblemLoader Replaying proof PUZ031p1.key 
109158     DEBUG main            d.u.i.k.p.i.IntermediateProofReplayer Proof replay took 8.8ns 
119567     INFO  main            d.u.i.k.p.r.p.TestFile    ... finished proof: closed. 
119850     INFO  main            d.u.i.k.p.i.AbstractProblemLoader Loading environment from /home/runner/work/key/key/key.core/../key.ui/examples/standard_key/pred_log/tptp/PUZ/PUZ031p1.key.proof 
119851     DEBUG main            d.u.i.k.p.i.AbstractProblemLoader Environment load took 843.1ns 
119853     INFO  main            d.u.i.k.p.i.AbstractProblemLoader Creating init config 
122888     DEBUG main            d.u.i.k.p.i.AbstractProblemLoader Init config took 3.03s 
122907     INFO  main            d.u.i.k.p.i.AbstractProblemLoader Replaying proof PUZ031p1.key.proof 
123014     DEBUG main            d.u.i.k.p.i.IntermediateProofReplayer Proof replay took 101.09ms 
123017     DEBUG main            d.u.i.k.p.r.p.TestFile    ... success: reloaded. 
123018     INFO  main            d.u.i.k.p.r.p.TestFile    Now processing file /home/runner/work/key/key/key.core/../key.ui/examples/standard_key/pred_log/tptp/SET/SET027p3.key 
123019     INFO  main            d.u.i.k.p.i.AbstractProblemLoader Loading environment from /home/runner/work/key/key/key.core/../key.ui/examples/standard_key/pred_log/tptp/SET/SET027p3.key 
123019     DEBUG main            d.u.i.k.p.i.AbstractProblemLoader Environment load took 218.4ns 
123020     INFO  main            d.u.i.k.p.i.AbstractProblemLoader Creating init config 
126157     DEBUG main            d.u.i.k.p.i.AbstractProblemLoader Init config took 3.14s 
126175     INFO  main            d.u.i.k.p.i.AbstractProblemLoader Replaying proof SET027p3.key 
126177     DEBUG main            d.u.i.k.p.i.IntermediateProofReplayer Proof replay took 8.7ns 
126279     INFO  main            d.u.i.k.p.r.p.TestFile    ... finished proof: closed. 
126567     INFO  main            d.u.i.k.p.i.AbstractProblemLoader Loading environment from /home/runner/work/key/key/key.core/../key.ui/examples/standard_key/pred_log/tptp/SET/SET027p3.key.proof 
126567     DEBUG main            d.u.i.k.p.i.AbstractProblemLoader Environment load took 136.5ns 
126569     INFO  main            d.u.i.k.p.i.AbstractProblemLoader Creating init config 
129554     DEBUG main            d.u.i.k.p.i.AbstractProblemLoader Init config took 2.98s 
129574     INFO  main            d.u.i.k.p.i.AbstractProblemLoader Replaying proof SET027p3.key.proof 
129589     DEBUG main            d.u.i.k.p.i.IntermediateProofReplayer Proof replay took 9.9ms 
129592     DEBUG main            d.u.i.k.p.r.p.TestFile    ... success: reloaded. 
129592     INFO  main            d.u.i.k.p.r.p.TestFile    Now processing file /home/runner/work/key/key/key.core/../key.ui/examples/standard_key/pred_log/tptp/SET/SET043p1.key 
129593     INFO  main            d.u.i.k.p.i.AbstractProblemLoader Loading environment from /home/runner/work/key/key/key.core/../key.ui/examples/standard_key/pred_log/tptp/SET/SET043p1.key 
129593     DEBUG main            d.u.i.k.p.i.AbstractProblemLoader Environment load took 250ns 
129594     INFO  main            d.u.i.k.p.i.AbstractProblemLoader Creating init config 
132633     DEBUG main            d.u.i.k.p.i.AbstractProblemLoader Init config took 3.04s 
132650     INFO  main            d.u.i.k.p.i.AbstractProblemLoader Replaying proof SET043p1.key 
132651     DEBUG main            d.u.i.k.p.i.IntermediateProofReplayer Proof replay took 9.1ns 
132754     INFO  main            d.u.i.k.p.r.p.TestFile    ... finished proof: closed. 
133032     INFO  main            d.u.i.k.p.i.AbstractProblemLoader Loading environment from /home/runner/work/key/key/key.core/../key.ui/examples/standard_key/pred_log/tptp/SET/SET043p1.key.proof 
133032     DEBUG main            d.u.i.k.p.i.AbstractProblemLoader Environment load took 205.9ns 
133033     INFO  main            d.u.i.k.p.i.AbstractProblemLoader Creating init config 
136033     DEBUG main            d.u.i.k.p.i.AbstractProblemLoader Init config took 3s 
136055     INFO  main            d.u.i.k.p.i.AbstractProblemLoader Replaying proof SET043p1.key.proof 
136068     DEBUG main            d.u.i.k.p.i.IntermediateProofReplayer Proof replay took 1.89ms 
136070     DEBUG main            d.u.i.k.p.r.p.TestFile    ... success: reloaded. 
136071     INFO  main            d.u.i.k.p.r.p.TestFile    Now processing file /home/runner/work/key/key/key.core/../key.ui/examples/standard_key/pred_log/tptp/SET/SET045p1.key 
136072     INFO  main            d.u.i.k.p.i.AbstractProblemLoader Loading environment from /home/runner/work/key/key/key.core/../key.ui/examples/standard_key/pred_log/tptp/SET/SET045p1.key 
136072     DEBUG main            d.u.i.k.p.i.AbstractProblemLoader Environment load took 109.1ns 
136073     INFO  main            d.u.i.k.p.i.AbstractProblemLoader Creating init config 
139034     DEBUG main            d.u.i.k.p.i.AbstractProblemLoader Init config took 2.96s 
139051     INFO  main            d.u.i.k.p.i.AbstractProblemLoader Replaying proof SET045p1.key 
139053     DEBUG main            d.u.i.k.p.i.IntermediateProofReplayer Proof replay took 9.2ns 
139155     INFO  main            d.u.i.k.p.r.p.TestFile    ... finished proof: closed. 
139441     INFO  main            d.u.i.k.p.i.AbstractProblemLoader Loading environment from /home/runner/work/key/key/key.core/../key.ui/examples/standard_key/pred_log/tptp/SET/SET045p1.key.proof 
139441     DEBUG main            d.u.i.k.p.i.AbstractProblemLoader Environment load took 127.1ns 
139443     INFO  main            d.u.i.k.p.i.AbstractProblemLoader Creating init config 
142535     DEBUG main            d.u.i.k.p.i.AbstractProblemLoader Init config took 3.09s 
142553     INFO  main            d.u.i.k.p.i.AbstractProblemLoader Replaying proof SET045p1.key.proof 
142561     DEBUG main            d.u.i.k.p.i.IntermediateProofReplayer Proof replay took 6.87ms 
142562     DEBUG main            d.u.i.k.p.r.p.TestFile    ... success: reloaded. 
142563     INFO  main            d.u.i.k.p.r.p.TestFile    Now processing file /home/runner/work/key/key/key.core/../key.ui/examples/standard_key/pred_log/tptp/SET/SET062p3.key 
142563     INFO  main            d.u.i.k.p.i.AbstractProblemLoader Loading environment from /home/runner/work/key/key/key.core/../key.ui/examples/standard_key/pred_log/tptp/SET/SET062p3.key 
142563     DEBUG main            d.u.i.k.p.i.AbstractProblemLoader Environment load took 108.9ns 
142564     INFO  main            d.u.i.k.p.i.AbstractProblemLoader Creating init config 
145692     DEBUG main            d.u.i.k.p.i.AbstractProblemLoader Init config took 3.13s 
145710     INFO  main            d.u.i.k.p.i.AbstractProblemLoader Replaying proof SET062p3.key 
145712     DEBUG main            d.u.i.k.p.i.IntermediateProofReplayer Proof replay took 10.3ns 
145817     INFO  main            d.u.i.k.p.r.p.TestFile    ... finished proof: closed. 
146110     INFO  main            d.u.i.k.p.i.AbstractProblemLoader Loading environment from /home/runner/work/key/key/key.core/../key.ui/examples/standard_key/pred_log/tptp/SET/SET062p3.key.proof 
146110     DEBUG main            d.u.i.k.p.i.AbstractProblemLoader Environment load took 145.4ns 
146112     INFO  main            d.u.i.k.p.i.AbstractProblemLoader Creating init config 
149072     DEBUG main            d.u.i.k.p.i.AbstractProblemLoader Init config took 2.96s 
149089     INFO  main            d.u.i.k.p.i.AbstractProblemLoader Replaying proof SET062p3.key.proof 
149096     DEBUG main            d.u.i.k.p.i.IntermediateProofReplayer Proof replay took 5.93ms 
149098     DEBUG main            d.u.i.k.p.r.p.TestFile    ... success: reloaded. 
149098     INFO  main            d.u.i.k.p.r.p.TestFile    Now processing file /home/runner/work/key/key/key.core/../key.ui/examples/standard_key/pred_log/tptp/SET/SET063p3.key 
149098     INFO  main            d.u.i.k.p.i.AbstractProblemLoader Loading environment from /home/runner/work/key/key/key.core/../key.ui/examples/standard_key/pred_log/tptp/SET/SET063p3.key 
149099     DEBUG main            d.u.i.k.p.i.AbstractProblemLoader Environment load took 112.7ns 
149100     INFO  main            d.u.i.k.p.i.AbstractProblemLoader Creating init config 
152126     DEBUG main            d.u.i.k.p.i.AbstractProblemLoader Init config took 3.03s 
152145     INFO  main            d.u.i.k.p.i.AbstractProblemLoader Replaying proof SET063p3.key 
152146     DEBUG main            d.u.i.k.p.i.IntermediateProofReplayer Proof replay took 8.4ns 
152249     INFO  main            d.u.i.k.p.r.p.TestFile    ... finished proof: closed. 
152570     INFO  main            d.u.i.k.p.i.AbstractProblemLoader Loading environment from /home/runner/work/key/key/key.core/../key.ui/examples/standard_key/pred_log/tptp/SET/SET063p3.key.proof 
152570     DEBUG main            d.u.i.k.p.i.AbstractProblemLoader Environment load took 128.8ns 
152572     INFO  main            d.u.i.k.p.i.AbstractProblemLoader Creating init config 
155572     DEBUG main            d.u.i.k.p.i.AbstractProblemLoader Init config took 3s 
155594     INFO  main            d.u.i.k.p.i.AbstractProblemLoader Replaying proof SET063p3.key.proof 
155605     DEBUG main            d.u.i.k.p.i.IntermediateProofReplayer Proof replay took 8.45ms 
155606     DEBUG main            d.u.i.k.p.r.p.TestFile    ... success: reloaded. 
155607     INFO  main            d.u.i.k.p.r.p.TestFile    Now processing file /home/runner/work/key/key/key.core/../key.ui/examples/standard_key/pred_log/tptp/SYN/SYN036p2.key 
155607     INFO  main            d.u.i.k.p.i.AbstractProblemLoader Loading environment from /home/runner/work/key/key/key.core/../key.ui/examples/standard_key/pred_log/tptp/SYN/SYN036p2.key 
155607     DEBUG main            d.u.i.k.p.i.AbstractProblemLoader Environment load took 81.2ns 
155609     INFO  main            d.u.i.k.p.i.AbstractProblemLoader Creating init config 
158689     DEBUG main            d.u.i.k.p.i.AbstractProblemLoader Init config took 3.08s 
158708     INFO  main            d.u.i.k.p.i.AbstractProblemLoader Replaying proof SYN036p2.key 
158710     DEBUG main            d.u.i.k.p.i.IntermediateProofReplayer Proof replay took 8.7ns 
159116     INFO  main            d.u.i.k.p.r.p.TestFile    ... finished proof: closed. 
159502     INFO  main            d.u.i.k.p.i.AbstractProblemLoader Loading environment from /home/runner/work/key/key/key.core/../key.ui/examples/standard_key/pred_log/tptp/SYN/SYN036p2.key.proof 
159503     DEBUG main            d.u.i.k.p.i.AbstractProblemLoader Environment load took 418ns 
159505     INFO  main            d.u.i.k.p.i.AbstractProblemLoader Creating init config 
162447     DEBUG main            d.u.i.k.p.i.AbstractProblemLoader Init config took 2.94s 
162465     INFO  main            d.u.i.k.p.i.AbstractProblemLoader Replaying proof SYN036p2.key.proof 
162599     DEBUG main            d.u.i.k.p.i.IntermediateProofReplayer Proof replay took 123.55ms 
162600     DEBUG main            d.u.i.k.p.r.p.TestFile    ... success: reloaded. 
162601     INFO  main            d.u.i.k.p.r.p.TestFile    Now processing file /home/runner/work/key/key/key.core/../key.ui/examples/standard_key/pred_log/tptp/SYN/SYN550p1.key 
162601     INFO  main            d.u.i.k.p.i.AbstractProblemLoader Loading environment from /home/runner/work/key/key/key.core/../key.ui/examples/standard_key/pred_log/tptp/SYN/SYN550p1.key 
162602     DEBUG main            d.u.i.k.p.i.AbstractProblemLoader Environment load took 235ns 
162603     INFO  main            d.u.i.k.p.i.AbstractProblemLoader Creating init config 
165566     DEBUG main            d.u.i.k.p.i.AbstractProblemLoader Init config took 2.96s 
165584     INFO  main            d.u.i.k.p.i.AbstractProblemLoader Replaying proof SYN550p1.key 
165586     DEBUG main            d.u.i.k.p.i.IntermediateProofReplayer Proof replay took 7.3ns 
169298     INFO  main            d.u.i.k.p.r.p.TestFile    ... finished proof: closed. 
169664     INFO  main            d.u.i.k.p.i.AbstractProblemLoader Loading environment from /home/runner/work/key/key/key.core/../key.ui/examples/standard_key/pred_log/tptp/SYN/SYN550p1.key.proof 
169665     DEBUG main            d.u.i.k.p.i.AbstractProblemLoader Environment load took 810.5ns 
169667     INFO  main            d.u.i.k.p.i.AbstractProblemLoader Creating init config 
172589     DEBUG main            d.u.i.k.p.i.AbstractProblemLoader Init config took 2.92s 
172606     INFO  main            d.u.i.k.p.i.AbstractProblemLoader Replaying proof SYN550p1.key.proof 
172737     DEBUG main            d.u.i.k.p.i.IntermediateProofReplayer Proof replay took 123.3ms 
172739     DEBUG main            d.u.i.k.p.r.p.TestFile    ... success: reloaded. 
172740     INFO  main            d.u.i.k.p.r.p.TestFile    Now processing file /home/runner/work/key/key/key.core/../key.ui/examples/standard_key/prop_log/reallySimple.key 
172740     INFO  main            d.u.i.k.p.i.AbstractProblemLoader Loading environment from /home/runner/work/key/key/key.core/../key.ui/examples/standard_key/prop_log/reallySimple.key 
172740     DEBUG main            d.u.i.k.p.i.AbstractProblemLoader Environment load took 311ns 
172742     INFO  main            d.u.i.k.p.i.AbstractProblemLoader Creating init config 
175747     DEBUG main            d.u.i.k.p.i.AbstractProblemLoader Init config took 3.01s 
175767     INFO  main            d.u.i.k.p.i.AbstractProblemLoader Replaying proof reallySimple.key 
175771     DEBUG main            d.u.i.k.p.i.IntermediateProofReplayer Proof replay took 8.7ns 
175874     INFO  main            d.u.i.k.p.r.p.TestFile    ... finished proof: open goal(s) 
176220     INFO  main            d.u.i.k.p.r.p.TestFile    Now processing file /home/runner/work/key/key/key.core/../key.ui/examples/standard_key/pred_log/sameName1.key 
176220     INFO  main            d.u.i.k.p.i.AbstractProblemLoader Loading environment from /home/runner/work/key/key/key.core/../key.ui/examples/standard_key/pred_log/sameName1.key 
176220     DEBUG main            d.u.i.k.p.i.AbstractProblemLoader Environment load took 64.4ns 
176221     INFO  main            d.u.i.k.p.i.AbstractProblemLoader Creating init config 
179130     DEBUG main            d.u.i.k.p.i.AbstractProblemLoader Init config took 2.91s 
179147     INFO  main            d.u.i.k.p.i.AbstractProblemLoader Replaying proof sameName1.key 
179148     DEBUG main            d.u.i.k.p.i.IntermediateProofReplayer Proof replay took 6.8ns 
179253     INFO  main            d.u.i.k.p.r.p.TestFile    ... finished proof: open goal(s) 
179567     INFO  main            d.u.i.k.p.r.p.TestFile    Now processing file /home/runner/work/key/key/key.core/../key.ui/examples/standard_key/pred_log/jbyteIfEx.key 
179567     INFO  main            d.u.i.k.p.i.AbstractProblemLoader Loading environment from /home/runner/work/key/key/key.core/../key.ui/examples/standard_key/pred_log/jbyteIfEx.key 
179567     DEBUG main            d.u.i.k.p.i.AbstractProblemLoader Environment load took 82.3ns 
179569     INFO  main            d.u.i.k.p.i.AbstractProblemLoader Creating init config 
182527     DEBUG main            d.u.i.k.p.i.AbstractProblemLoader Init config took 2.96s 
182544     INFO  main            d.u.i.k.p.i.AbstractProblemLoader Replaying proof jbyteIfEx.key 
182546     DEBUG main            d.u.i.k.p.i.IntermediateProofReplayer Proof replay took 9.7ns 
182648     INFO  main            d.u.i.k.p.r.p.TestFile    ... finished proof: closed. 
182968     INFO  main            d.u.i.k.p.i.AbstractProblemLoader Loading environment from /home/runner/work/key/key/key.core/../key.ui/examples/standard_key/pred_log/jbyteIfEx.key.proof 
182968     DEBUG main            d.u.i.k.p.i.AbstractProblemLoader Environment load took 208.3ns 
182970     INFO  main            d.u.i.k.p.i.AbstractProblemLoader Creating init config 
185894     DEBUG main            d.u.i.k.p.i.AbstractProblemLoader Init config took 2.92s 
185911     INFO  main            d.u.i.k.p.i.AbstractProblemLoader Replaying proof jbyteIfEx.key.proof 
185924     DEBUG main            d.u.i.k.p.i.IntermediateProofReplayer Proof replay took 10.12ms 
185925     DEBUG main            d.u.i.k.p.r.p.TestFile    ... success: reloaded. 
185926     INFO  main            d.u.i.k.p.r.p.TestFile    Now processing file /home/runner/work/key/key/key.core/../key.ui/examples/standard_key/prop_log/allClausesLength4.key 
185926     INFO  main            d.u.i.k.p.i.AbstractProblemLoader Loading environment from /home/runner/work/key/key/key.core/../key.ui/examples/standard_key/prop_log/allClausesLength4.key 
185926     DEBUG main            d.u.i.k.p.i.AbstractProblemLoader Environment load took 117.1ns 
185928     INFO  main            d.u.i.k.p.i.AbstractProblemLoader Creating init config 
188946     DEBUG main            d.u.i.k.p.i.AbstractProblemLoader Init config took 3.02s 
188964     INFO  main            d.u.i.k.p.i.AbstractProblemLoader Replaying proof allClausesLength4.key 
188965     DEBUG main            d.u.i.k.p.i.IntermediateProofReplayer Proof replay took 8.1ns 
189071     INFO  main            d.u.i.k.p.r.p.TestFile    ... finished proof: closed. 
189419     INFO  main            d.u.i.k.p.i.AbstractProblemLoader Loading environment from /home/runner/work/key/key/key.core/../key.ui/examples/standard_key/prop_log/allClausesLength4.key.proof 
189420     DEBUG main            d.u.i.k.p.i.AbstractProblemLoader Environment load took 652ns 
189422     INFO  main            d.u.i.k.p.i.AbstractProblemLoader Creating init config 
192365     DEBUG main            d.u.i.k.p.i.AbstractProblemLoader Init config took 2.94s 
192382     INFO  main            d.u.i.k.p.i.AbstractProblemLoader Replaying proof allClausesLength4.key.proof 
192402     DEBUG main            d.u.i.k.p.i.IntermediateProofReplayer Proof replay took 16.65ms 
192403     DEBUG main            d.u.i.k.p.r.p.TestFile    ... success: reloaded. 
192404     INFO  main            d.u.i.k.p.r.p.TestFile    Now processing file /home/runner/work/key/key/key.core/../key.ui/examples/standard_key/prop_log/allClausesLength5.key 
192405     INFO  main            d.u.i.k.p.i.AbstractProblemLoader Loading environment from /home/runner/work/key/key/key.core/../key.ui/examples/standard_key/prop_log/allClausesLength5.key 
192405     DEBUG main            d.u.i.k.p.i.AbstractProblemLoader Environment load took 210.1ns 
192407     INFO  main            d.u.i.k.p.i.AbstractProblemLoader Creating init config 
195381     DEBUG main            d.u.i.k.p.i.AbstractProblemLoader Init config took 2.97s 
195398     INFO  main            d.u.i.k.p.i.AbstractProblemLoader Replaying proof allClausesLength5.key 
195400     DEBUG main            d.u.i.k.p.i.IntermediateProofReplayer Proof replay took 9.3ns 
195725     INFO  main            d.u.i.k.p.r.p.TestFile    ... finished proof: closed. 
196064     INFO  main            d.u.i.k.p.i.AbstractProblemLoader Loading environment from /home/runner/work/key/key/key.core/../key.ui/examples/standard_key/prop_log/allClausesLength5.key.proof 
196064     DEBUG main            d.u.i.k.p.i.AbstractProblemLoader Environment load took 134.3ns 
196066     INFO  main            d.u.i.k.p.i.AbstractProblemLoader Creating init config 
199008     DEBUG main            d.u.i.k.p.i.AbstractProblemLoader Init config took 2.94s 
199025     INFO  main            d.u.i.k.p.i.AbstractProblemLoader Replaying proof allClausesLength5.key.proof 
199104     DEBUG main            d.u.i.k.p.i.IntermediateProofReplayer Proof replay took 73.46ms 
199110     DEBUG main            d.u.i.k.p.r.p.TestFile    ... success: reloaded. 
199110     INFO  main            d.u.i.k.p.r.p.TestFile    Now processing file /home/runner/work/key/key/key.core/../key.ui/examples/standard_key/prop_log/doubleNeg.key 
199111     INFO  main            d.u.i.k.p.i.AbstractProblemLoader Loading environment from /home/runner/work/key/key/key.core/../key.ui/examples/standard_key/prop_log/doubleNeg.key 
199111     DEBUG main            d.u.i.k.p.i.AbstractProblemLoader Environment load took 201.4ns 
199112     INFO  main            d.u.i.k.p.i.AbstractProblemLoader Creating init config 
202053     DEBUG main            d.u.i.k.p.i.AbstractProblemLoader Init config took 2.94s 
202070     INFO  main            d.u.i.k.p.i.AbstractProblemLoader Replaying proof doubleNeg.key 
202071     DEBUG main            d.u.i.k.p.i.IntermediateProofReplayer Proof replay took 8.5ns 
202174     INFO  main            d.u.i.k.p.r.p.TestFile    ... finished proof: closed. 
202527     INFO  main            d.u.i.k.p.i.AbstractProblemLoader Loading environment from /home/runner/work/key/key/key.core/../key.ui/examples/standard_key/prop_log/doubleNeg.key.proof 
202527     DEBUG main            d.u.i.k.p.i.AbstractProblemLoader Environment load took 102.9ns 
202528     INFO  main            d.u.i.k.p.i.AbstractProblemLoader Creating init config 
205430     DEBUG main            d.u.i.k.p.i.AbstractProblemLoader Init config took 2.9s 
205446     INFO  main            d.u.i.k.p.i.AbstractProblemLoader Replaying proof doubleNeg.key.proof 
205449     DEBUG main            d.u.i.k.p.i.IntermediateProofReplayer Proof replay took 603.6ns 
205450     DEBUG main            d.u.i.k.p.r.p.TestFile    ... success: reloaded. 
205451     INFO  main            d.u.i.k.p.r.p.TestFile    Now processing file /home/runner/work/key/key/key.core/../key.ui/examples/standard_key/prop_log/liarsville.key 
205451     INFO  main            d.u.i.k.p.i.AbstractProblemLoader Loading environment from /home/runner/work/key/key/key.core/../key.ui/examples/standard_key/prop_log/liarsville.key 
205452     DEBUG main            d.u.i.k.p.i.AbstractProblemLoader Environment load took 330.8ns 
205455     INFO  main            d.u.i.k.p.i.AbstractProblemLoader Creating init config 
208460     DEBUG main            d.u.i.k.p.i.AbstractProblemLoader Init config took 3.01s 
208477     INFO  main            d.u.i.k.p.i.AbstractProblemLoader Replaying proof liarsville.key 
208480     DEBUG main            d.u.i.k.p.i.IntermediateProofReplayer Proof replay took 8.5ns 
208582     INFO  main            d.u.i.k.p.r.p.TestFile    ... finished proof: closed. 
208947     INFO  main            d.u.i.k.p.i.AbstractProblemLoader Loading environment from /home/runner/work/key/key/key.core/../key.ui/examples/standard_key/prop_log/liarsville.key.proof 
208947     DEBUG main            d.u.i.k.p.i.AbstractProblemLoader Environment load took 121.6ns 
208948     INFO  main            d.u.i.k.p.i.AbstractProblemLoader Creating init config 
211924     DEBUG main            d.u.i.k.p.i.AbstractProblemLoader Init config took 2.98s 
211939     INFO  main            d.u.i.k.p.i.AbstractProblemLoader Replaying proof liarsville.key.proof 
211943     DEBUG main            d.u.i.k.p.i.IntermediateProofReplayer Proof replay took 1.79ms 
211944     DEBUG main            d.u.i.k.p.r.p.TestFile    ... success: reloaded. 
211944     INFO  main            d.u.i.k.p.r.p.TestFile    Now processing file /home/runner/work/key/key/key.core/../key.ui/examples/standard_key/prop_log/simplest.key 
211944     INFO  main            d.u.i.k.p.i.AbstractProblemLoader Loading environment from /home/runner/work/key/key/key.core/../key.ui/examples/standard_key/prop_log/simplest.key 
211944     DEBUG main            d.u.i.k.p.i.AbstractProblemLoader Environment load took 94.5ns 
211945     INFO  main            d.u.i.k.p.i.AbstractProblemLoader Creating init config 
214915     DEBUG main            d.u.i.k.p.i.AbstractProblemLoader Init config took 2.97s 
214931     INFO  main            d.u.i.k.p.i.AbstractProblemLoader Replaying proof simplest.key 
214933     DEBUG main            d.u.i.k.p.i.IntermediateProofReplayer Proof replay took 9.1ns 
215035     INFO  main            d.u.i.k.p.r.p.TestFile    ... finished proof: closed. 
215410     INFO  main            d.u.i.k.p.i.AbstractProblemLoader Loading environment from /home/runner/work/key/key/key.core/../key.ui/examples/standard_key/prop_log/simplest.key.proof 
215410     DEBUG main            d.u.i.k.p.i.AbstractProblemLoader Environment load took 109.3ns 
215411     INFO  main            d.u.i.k.p.i.AbstractProblemLoader Creating init config 
218316     DEBUG main            d.u.i.k.p.i.AbstractProblemLoader Init config took 2.91s 
218332     INFO  main            d.u.i.k.p.i.AbstractProblemLoader Replaying proof simplest.key.proof 
218334     DEBUG main            d.u.i.k.p.i.IntermediateProofReplayer Proof replay took 113.7ns 
218335     DEBUG main            d.u.i.k.p.r.p.TestFile    ... success: reloaded. 
218335     INFO  main            d.u.i.k.p.r.p.TestFile    Now processing file /home/runner/work/key/key/key.core/../key.ui/examples/standard_key/prop_log/contraposition.key 
218336     INFO  main            d.u.i.k.p.i.AbstractProblemLoader Loading environment from /home/runner/work/key/key/key.core/../key.ui/examples/standard_key/prop_log/contraposition.key 
218336     DEBUG main            d.u.i.k.p.i.AbstractProblemLoader Environment load took 71.2ns 
218338     INFO  main            d.u.i.k.p.i.AbstractProblemLoader Creating init config 
221277     DEBUG main            d.u.i.k.p.i.AbstractProblemLoader Init config took 2.94s 
221293     INFO  main            d.u.i.k.p.i.AbstractProblemLoader Replaying proof contraposition.key 
221295     DEBUG main            d.u.i.k.p.i.IntermediateProofReplayer Proof replay took 9.2ns 
221398     INFO  main            d.u.i.k.p.r.p.TestFile    ... finished proof: closed. 
221761     INFO  main            d.u.i.k.p.i.AbstractProblemLoader Loading environment from /home/runner/work/key/key/key.core/../key.ui/examples/standard_key/prop_log/contraposition.key.proof 
221761     DEBUG main            d.u.i.k.p.i.AbstractProblemLoader Environment load took 151.2ns 
221763     INFO  main            d.u.i.k.p.i.AbstractProblemLoader Creating init config 
224658     DEBUG main            d.u.i.k.p.i.AbstractProblemLoader Init config took 2.9s 
224674     INFO  main            d.u.i.k.p.i.AbstractProblemLoader Replaying proof contraposition.key.proof 
224677     DEBUG main            d.u.i.k.p.i.IntermediateProofReplayer Proof replay took 722ns 
224678     DEBUG main            d.u.i.k.p.r.p.TestFile    ... success: reloaded. 
224678     INFO  main            d.u.i.k.p.r.p.TestFile    Now processing file /home/runner/work/key/key/key.core/../key.ui/examples/standard_key/quantifiers/elimination0.key 
224678     INFO  main            d.u.i.k.p.i.AbstractProblemLoader Loading environment from /home/runner/work/key/key/key.core/../key.ui/examples/standard_key/quantifiers/elimination0.key 
224679     DEBUG main            d.u.i.k.p.i.AbstractProblemLoader Environment load took 68.7ns 
224680     INFO  main            d.u.i.k.p.i.AbstractProblemLoader Creating init config 
227623     DEBUG main            d.u.i.k.p.i.AbstractProblemLoader Init config took 2.94s 
227641     INFO  main            d.u.i.k.p.i.AbstractProblemLoader Replaying proof elimination0.key 
227643     DEBUG main            d.u.i.k.p.i.IntermediateProofReplayer Proof replay took 9ns 
227746     INFO  main            d.u.i.k.p.r.p.TestFile    ... finished proof: closed. 
228136     INFO  main            d.u.i.k.p.i.AbstractProblemLoader Loading environment from /home/runner/work/key/key/key.core/../key.ui/examples/standard_key/quantifiers/elimination0.key.proof 
228136     DEBUG main            d.u.i.k.p.i.AbstractProblemLoader Environment load took 105ns 
228137     INFO  main            d.u.i.k.p.i.AbstractProblemLoader Creating init config 
231068     DEBUG main            d.u.i.k.p.i.AbstractProblemLoader Init config took 2.93s 
231085     INFO  main            d.u.i.k.p.i.AbstractProblemLoader Replaying proof elimination0.key.proof 
231088     DEBUG main            d.u.i.k.p.i.IntermediateProofReplayer Proof replay took 1.71ms 
231089     DEBUG main            d.u.i.k.p.r.p.TestFile    ... success: reloaded. 
231091     INFO  main            d.u.i.k.p.r.p.TestFile    Now processing file /home/runner/work/key/key/key.core/../key.ui/examples/standard_key/quantifiers/heuristic_PUZ001p1-eq.key 
231091     INFO  main            d.u.i.k.p.i.AbstractProblemLoader Loading environment from /home/runner/work/key/key/key.core/../key.ui/examples/standard_key/quantifiers/heuristic_PUZ001p1-eq.key 
231091     DEBUG main            d.u.i.k.p.i.AbstractProblemLoader Environment load took 105.3ns 
231093     INFO  main            d.u.i.k.p.i.AbstractProblemLoader Creating init config 
234152     DEBUG main            d.u.i.k.p.i.AbstractProblemLoader Init config took 3.06s 
234170     INFO  main            d.u.i.k.p.i.AbstractProblemLoader Replaying proof heuristic_PUZ001p1-eq.key 
234172     DEBUG main            d.u.i.k.p.i.IntermediateProofReplayer Proof replay took 8.5ns 
234376     INFO  main            d.u.i.k.p.r.p.TestFile    ... finished proof: closed. 
234768     INFO  main            d.u.i.k.p.i.AbstractProblemLoader Loading environment from /home/runner/work/key/key/key.core/../key.ui/examples/standard_key/quantifiers/heuristic_PUZ001p1-eq.key.proof 
234768     DEBUG main            d.u.i.k.p.i.AbstractProblemLoader Environment load took 130ns 
234769     INFO  main            d.u.i.k.p.i.AbstractProblemLoader Creating init config 
237731     DEBUG main            d.u.i.k.p.i.AbstractProblemLoader Init config took 2.96s 
237748     INFO  main            d.u.i.k.p.i.AbstractProblemLoader Replaying proof heuristic_PUZ001p1-eq.key.proof 
237764     DEBUG main            d.u.i.k.p.i.IntermediateProofReplayer Proof replay took 14.02ms 
237766     DEBUG main            d.u.i.k.p.r.p.TestFile    ... success: reloaded. 
237767     INFO  main            d.u.i.k.p.r.p.TestFile    Now processing file /home/runner/work/key/key/key.core/../key.ui/examples/standard_key/quantifiers/heuristic_PUZ001p1.key 
237767     INFO  main            d.u.i.k.p.i.AbstractProblemLoader Loading environment from /home/runner/work/key/key/key.core/../key.ui/examples/standard_key/quantifiers/heuristic_PUZ001p1.key 
237767     DEBUG main            d.u.i.k.p.i.AbstractProblemLoader Environment load took 98.2ns 
237769     INFO  main            d.u.i.k.p.i.AbstractProblemLoader Creating init config 
240765     DEBUG main            d.u.i.k.p.i.AbstractProblemLoader Init config took 3s 
240784     INFO  main            d.u.i.k.p.i.AbstractProblemLoader Replaying proof heuristic_PUZ001p1.key 
240786     DEBUG main            d.u.i.k.p.i.IntermediateProofReplayer Proof replay took 9.1ns 
242608     INFO  main            d.u.i.k.p.r.p.TestFile    ... finished proof: closed. 
243026     INFO  main            d.u.i.k.p.i.AbstractProblemLoader Loading environment from /home/runner/work/key/key/key.core/../key.ui/examples/standard_key/quantifiers/heuristic_PUZ001p1.key.proof 
243026     DEBUG main            d.u.i.k.p.i.AbstractProblemLoader Environment load took 413.3ns 
243029     INFO  main            d.u.i.k.p.i.AbstractProblemLoader Creating init config 
245971     DEBUG main            d.u.i.k.p.i.AbstractProblemLoader Init config took 2.94s 
245990     INFO  main            d.u.i.k.p.i.AbstractProblemLoader Replaying proof heuristic_PUZ001p1.key.proof 
246059     DEBUG main            d.u.i.k.p.i.IntermediateProofReplayer Proof replay took 64.43ms 
246061     DEBUG main            d.u.i.k.p.r.p.TestFile    ... success: reloaded. 
246062     INFO  main            d.u.i.k.p.r.p.TestFile    Now processing file /home/runner/work/key/key/key.core/../key.ui/examples/standard_key/quantifiers/heuristic_PUZ031p1.key 
246062     INFO  main            d.u.i.k.p.i.AbstractProblemLoader Loading environment from /home/runner/work/key/key/key.core/../key.ui/examples/standard_key/quantifiers/heuristic_PUZ031p1.key 
246062     DEBUG main            d.u.i.k.p.i.AbstractProblemLoader Environment load took 97.8ns 
246064     INFO  main            d.u.i.k.p.i.AbstractProblemLoader Creating init config 
249042     DEBUG main            d.u.i.k.p.i.AbstractProblemLoader Init config took 2.98s 
249084     INFO  main            d.u.i.k.p.i.AbstractProblemLoader Replaying proof heuristic_PUZ031p1.key 
249086     DEBUG main            d.u.i.k.p.i.IntermediateProofReplayer Proof replay took 8.7ns 
255123     INFO  main            d.u.i.k.p.r.p.TestFile    ... finished proof: closed. 
255575     INFO  main            d.u.i.k.p.i.AbstractProblemLoader Loading environment from /home/runner/work/key/key/key.core/../key.ui/examples/standard_key/quantifiers/heuristic_PUZ031p1.key.proof 
255578     DEBUG main            d.u.i.k.p.i.AbstractProblemLoader Environment load took 3.28ms 
255581     INFO  main            d.u.i.k.p.i.AbstractProblemLoader Creating init config 
258552     DEBUG main            d.u.i.k.p.i.AbstractProblemLoader Init config took 2.97s 
258585     INFO  main            d.u.i.k.p.i.AbstractProblemLoader Replaying proof heuristic_PUZ031p1.key.proof 
258662     DEBUG main            d.u.i.k.p.i.IntermediateProofReplayer Proof replay took 71.89ms 
258664     DEBUG main            d.u.i.k.p.r.p.TestFile    ... success: reloaded. 
258664     INFO  main            d.u.i.k.p.r.p.TestFile    Now processing file /home/runner/work/key/key/key.core/../key.ui/examples/standard_key/quantifiers/heuristic_SYN036p2.key 
258665     INFO  main            d.u.i.k.p.i.AbstractProblemLoader Loading environment from /home/runner/work/key/key/key.core/../key.ui/examples/standard_key/quantifiers/heuristic_SYN036p2.key 
258665     DEBUG main            d.u.i.k.p.i.AbstractProblemLoader Environment load took 106.1ns 
258666     INFO  main            d.u.i.k.p.i.AbstractProblemLoader Creating init config 
261677     DEBUG main            d.u.i.k.p.i.AbstractProblemLoader Init config took 3.01s 
261694     INFO  main            d.u.i.k.p.i.AbstractProblemLoader Replaying proof heuristic_SYN036p2.key 
261696     DEBUG main            d.u.i.k.p.i.IntermediateProofReplayer Proof replay took 8.3ns 
262004     INFO  main            d.u.i.k.p.r.p.TestFile    ... finished proof: closed. 
262450     INFO  main            d.u.i.k.p.i.AbstractProblemLoader Loading environment from /home/runner/work/key/key/key.core/../key.ui/examples/standard_key/quantifiers/heuristic_SYN036p2.key.proof 
262451     DEBUG main            d.u.i.k.p.i.AbstractProblemLoader Environment load took 622.9ns 
262453     INFO  main            d.u.i.k.p.i.AbstractProblemLoader Creating init config 
265343     DEBUG main            d.u.i.k.p.i.AbstractProblemLoader Init config took 2.89s 
265359     INFO  main            d.u.i.k.p.i.AbstractProblemLoader Replaying proof heuristic_SYN036p2.key.proof 
265448     DEBUG main            d.u.i.k.p.i.IntermediateProofReplayer Proof replay took 79.42ms 
265449     DEBUG main            d.u.i.k.p.r.p.TestFile    ... success: reloaded. 
265450     INFO  main            d.u.i.k.p.r.p.TestFile    Now processing file /home/runner/work/key/key/key.core/../key.ui/examples/standard_key/quantifiers/injectivity.key 
265450     INFO  main            d.u.i.k.p.i.AbstractProblemLoader Loading environment from /home/runner/work/key/key/key.core/../key.ui/examples/standard_key/quantifiers/injectivity.key 
265450     DEBUG main            d.u.i.k.p.i.AbstractProblemLoader Environment load took 104.6ns 
265451     INFO  main            d.u.i.k.p.i.AbstractProblemLoader Creating init config 
268393     DEBUG main            d.u.i.k.p.i.AbstractProblemLoader Init config took 2.94s 
268409     INFO  main            d.u.i.k.p.i.AbstractProblemLoader Replaying proof injectivity.key 
268411     DEBUG main            d.u.i.k.p.i.IntermediateProofReplayer Proof replay took 18.4ns 
268513     INFO  main            d.u.i.k.p.r.p.TestFile    ... finished proof: closed. 
268937     INFO  main            d.u.i.k.p.i.AbstractProblemLoader Loading environment from /home/runner/work/key/key/key.core/../key.ui/examples/standard_key/quantifiers/injectivity.key.proof 
268937     DEBUG main            d.u.i.k.p.i.AbstractProblemLoader Environment load took 121.4ns 
268938     INFO  main            d.u.i.k.p.i.AbstractProblemLoader Creating init config 
271837     DEBUG main            d.u.i.k.p.i.AbstractProblemLoader Init config took 2.9s 
271853     INFO  main            d.u.i.k.p.i.AbstractProblemLoader Replaying proof injectivity.key.proof 
271858     DEBUG main            d.u.i.k.p.i.IntermediateProofReplayer Proof replay took 2.5ms 
271859     DEBUG main            d.u.i.k.p.r.p.TestFile    ... success: reloaded. 
271860     INFO  main            d.u.i.k.p.r.p.TestFile    Now processing file /home/runner/work/key/key/key.core/../key.ui/examples/standard_key/quantifiers/normalisation0.key 
271860     INFO  main            d.u.i.k.p.i.AbstractProblemLoader Loading environment from /home/runner/work/key/key/key.core/../key.ui/examples/standard_key/quantifiers/normalisation0.key 
271860     DEBUG main            d.u.i.k.p.i.AbstractProblemLoader Environment load took 103ns 
271862     INFO  main            d.u.i.k.p.i.AbstractProblemLoader Creating init config 
274828     DEBUG main            d.u.i.k.p.i.AbstractProblemLoader Init config took 2.97s 
274844     INFO  main            d.u.i.k.p.i.AbstractProblemLoader Replaying proof normalisation0.key 
274846     DEBUG main            d.u.i.k.p.i.IntermediateProofReplayer Proof replay took 8ns 
274950     INFO  main            d.u.i.k.p.r.p.TestFile    ... finished proof: closed. 
275488     INFO  main            d.u.i.k.p.i.AbstractProblemLoader Loading environment from /home/runner/work/key/key/key.core/../key.ui/examples/standard_key/quantifiers/normalisation0.key.proof 
275488     DEBUG main            d.u.i.k.p.i.AbstractProblemLoader Environment load took 96.7ns 
275490     INFO  main            d.u.i.k.p.i.AbstractProblemLoader Creating init config 
278428     DEBUG main            d.u.i.k.p.i.AbstractProblemLoader Init config took 2.94s 
278444     INFO  main            d.u.i.k.p.i.AbstractProblemLoader Replaying proof normalisation0.key.proof 
278449     DEBUG main            d.u.i.k.p.i.IntermediateProofReplayer Proof replay took 2.81ms 
278450     DEBUG main            d.u.i.k.p.r.p.TestFile    ... success: reloaded. 
278451     INFO  main            d.u.i.k.p.r.p.TestFile    Now processing file /home/runner/work/key/key/key.core/../key.ui/examples/standard_key/quantifiers/normalisation1.key 
278451     INFO  main            d.u.i.k.p.i.AbstractProblemLoader Loading environment from /home/runner/work/key/key/key.core/../key.ui/examples/standard_key/quantifiers/normalisation1.key 
278451     DEBUG main            d.u.i.k.p.i.AbstractProblemLoader Environment load took 108.6ns 
278452     INFO  main            d.u.i.k.p.i.AbstractProblemLoader Creating init config 
281416     DEBUG main            d.u.i.k.p.i.AbstractProblemLoader Init config took 2.96s 
281454     INFO  main            d.u.i.k.p.i.AbstractProblemLoader Replaying proof normalisation1.key 
281455     DEBUG main            d.u.i.k.p.i.IntermediateProofReplayer Proof replay took 8.2ns 
281562     INFO  main            d.u.i.k.p.r.p.TestFile    ... finished proof: closed. 
281989     INFO  main            d.u.i.k.p.i.AbstractProblemLoader Loading environment from /home/runner/work/key/key/key.core/../key.ui/examples/standard_key/quantifiers/normalisation1.key.proof 
281989     DEBUG main            d.u.i.k.p.i.AbstractProblemLoader Environment load took 124ns 
281990     INFO  main            d.u.i.k.p.i.AbstractProblemLoader Creating init config 
284877     DEBUG main            d.u.i.k.p.i.AbstractProblemLoader Init config took 2.89s 
284894     INFO  main            d.u.i.k.p.i.AbstractProblemLoader Replaying proof normalisation1.key.proof 
284901     DEBUG main            d.u.i.k.p.i.IntermediateProofReplayer Proof replay took 3.68ms 
284902     DEBUG main            d.u.i.k.p.r.p.TestFile    ... success: reloaded. 
284903     INFO  main            d.u.i.k.p.r.p.TestFile    Now processing file /home/runner/work/key/key/key.core/../key.ui/examples/standard_key/quantifiers/normalisation2.key 
284903     INFO  main            d.u.i.k.p.i.AbstractProblemLoader Loading environment from /home/runner/work/key/key/key.core/../key.ui/examples/standard_key/quantifiers/normalisation2.key 
284903     DEBUG main            d.u.i.k.p.i.AbstractProblemLoader Environment load took 82.9ns 
284904     INFO  main            d.u.i.k.p.i.AbstractProblemLoader Creating init config 
287872     DEBUG main            d.u.i.k.p.i.AbstractProblemLoader Init config took 2.97s 
287888     INFO  main            d.u.i.k.p.i.AbstractProblemLoader Replaying proof normalisation2.key 
287891     DEBUG main            d.u.i.k.p.i.IntermediateProofReplayer Proof replay took 8.6ns 
287993     INFO  main            d.u.i.k.p.r.p.TestFile    ... finished proof: closed. 
288424     INFO  main            d.u.i.k.p.i.AbstractProblemLoader Loading environment from /home/runner/work/key/key/key.core/../key.ui/examples/standard_key/quantifiers/normalisation2.key.proof 
288424     DEBUG main            d.u.i.k.p.i.AbstractProblemLoader Environment load took 113ns 
288425     INFO  main            d.u.i.k.p.i.AbstractProblemLoader Creating init config 
291412     DEBUG main            d.u.i.k.p.i.AbstractProblemLoader Init config took 2.99s 
291428     INFO  main            d.u.i.k.p.i.AbstractProblemLoader Replaying proof normalisation2.key.proof 
291434     DEBUG main            d.u.i.k.p.i.IntermediateProofReplayer Proof replay took 3.96ms 
291435     DEBUG main            d.u.i.k.p.r.p.TestFile    ... success: reloaded. 
291436     INFO  main            d.u.i.k.p.r.p.TestFile    Now processing file /home/runner/work/key/key/key.core/../key.ui/examples/standard_key/quantifiers/normalisation3.key 
291437     INFO  main            d.u.i.k.p.i.AbstractProblemLoader Loading environment from /home/runner/work/key/key/key.core/../key.ui/examples/standard_key/quantifiers/normalisation3.key 
291437     DEBUG main            d.u.i.k.p.i.AbstractProblemLoader Environment load took 102.7ns 
291438     INFO  main            d.u.i.k.p.i.AbstractProblemLoader Creating init config 
294420     DEBUG main            d.u.i.k.p.i.AbstractProblemLoader Init config took 2.98s 
294436     INFO  main            d.u.i.k.p.i.AbstractProblemLoader Replaying proof normalisation3.key 
294438     DEBUG main            d.u.i.k.p.i.IntermediateProofReplayer Proof replay took 7.3ns 
294540     INFO  main            d.u.i.k.p.r.p.TestFile    ... finished proof: closed. 
294968     INFO  main            d.u.i.k.p.i.AbstractProblemLoader Loading environment from /home/runner/work/key/key/key.core/../key.ui/examples/standard_key/quantifiers/normalisation3.key.proof 
294968     DEBUG main            d.u.i.k.p.i.AbstractProblemLoader Environment load took 108.3ns 
294969     INFO  main            d.u.i.k.p.i.AbstractProblemLoader Creating init config 
297849     DEBUG main            d.u.i.k.p.i.AbstractProblemLoader Init config took 2.88s 
297865     INFO  main            d.u.i.k.p.i.AbstractProblemLoader Replaying proof normalisation3.key.proof 
297870     DEBUG main            d.u.i.k.p.i.IntermediateProofReplayer Proof replay took 3.29ms 
297871     DEBUG main            d.u.i.k.p.r.p.TestFile    ... success: reloaded. 
297872     INFO  main            d.u.i.k.p.r.p.TestFile    Now processing file /home/runner/work/key/key/key.core/../key.ui/examples/standard_key/quantifiers/normalisation4.key 
297872     INFO  main            d.u.i.k.p.i.AbstractProblemLoader Loading environment from /home/runner/work/key/key/key.core/../key.ui/examples/standard_key/quantifiers/normalisation4.key 
297873     DEBUG main            d.u.i.k.p.i.AbstractProblemLoader Environment load took 103.6ns 
297874     INFO  main            d.u.i.k.p.i.AbstractProblemLoader Creating init config 
300838     DEBUG main            d.u.i.k.p.i.AbstractProblemLoader Init config took 2.96s 
300853     INFO  main            d.u.i.k.p.i.AbstractProblemLoader Replaying proof normalisation4.key 
300855     DEBUG main            d.u.i.k.p.i.IntermediateProofReplayer Proof replay took 8.5ns 
300958     INFO  main            d.u.i.k.p.r.p.TestFile    ... finished proof: closed. 
301443     INFO  main            d.u.i.k.p.i.AbstractProblemLoader Loading environment from /home/runner/work/key/key/key.core/../key.ui/examples/standard_key/quantifiers/normalisation4.key.proof 
301444     DEBUG main            d.u.i.k.p.i.AbstractProblemLoader Environment load took 144ns 
301446     INFO  main            d.u.i.k.p.i.AbstractProblemLoader Creating init config 
304310     DEBUG main            d.u.i.k.p.i.AbstractProblemLoader Init config took 2.86s 
304327     INFO  main            d.u.i.k.p.i.AbstractProblemLoader Replaying proof normalisation4.key.proof 
304335     DEBUG main            d.u.i.k.p.i.IntermediateProofReplayer Proof replay took 6ms 
304336     DEBUG main            d.u.i.k.p.r.p.TestFile    ... success: reloaded. 
304337     INFO  main            d.u.i.k.p.r.p.TestFile    Now processing file /home/runner/work/key/key/key.core/../key.ui/examples/standard_key/quantifiers/normalisation5.key 
304337     INFO  main            d.u.i.k.p.i.AbstractProblemLoader Loading environment from /home/runner/work/key/key/key.core/../key.ui/examples/standard_key/quantifiers/normalisation5.key 
304337     DEBUG main            d.u.i.k.p.i.AbstractProblemLoader Environment load took 74.8ns 
304338     INFO  main            d.u.i.k.p.i.AbstractProblemLoader Creating init config 
307267     DEBUG main            d.u.i.k.p.i.AbstractProblemLoader Init config took 2.93s 
307283     INFO  main            d.u.i.k.p.i.AbstractProblemLoader Replaying proof normalisation5.key 
307285     DEBUG main            d.u.i.k.p.i.IntermediateProofReplayer Proof replay took 9.3ns 
307387     INFO  main            d.u.i.k.p.r.p.TestFile    ... finished proof: closed. 
307856     INFO  main            d.u.i.k.p.i.AbstractProblemLoader Loading environment from /home/runner/work/key/key/key.core/../key.ui/examples/standard_key/quantifiers/normalisation5.key.proof 
307856     DEBUG main            d.u.i.k.p.i.AbstractProblemLoader Environment load took 137.9ns 
307858     INFO  main            d.u.i.k.p.i.AbstractProblemLoader Creating init config 
310832     DEBUG main            d.u.i.k.p.i.AbstractProblemLoader Init config took 2.97s 
310848     INFO  main            d.u.i.k.p.i.AbstractProblemLoader Replaying proof normalisation5.key.proof 
310855     DEBUG main            d.u.i.k.p.i.IntermediateProofReplayer Proof replay took 5.02ms 
310856     DEBUG main            d.u.i.k.p.r.p.TestFile    ... success: reloaded. 
310857     INFO  main            d.u.i.k.p.r.p.TestFile    Now processing file /home/runner/work/key/key/key.core/../key.ui/examples/standard_key/quantifiers/normalisation6.key 
310857     INFO  main            d.u.i.k.p.i.AbstractProblemLoader Loading environment from /home/runner/work/key/key/key.core/../key.ui/examples/standard_key/quantifiers/normalisation6.key 
310858     DEBUG main            d.u.i.k.p.i.AbstractProblemLoader Environment load took 150.5ns 
310859     INFO  main            d.u.i.k.p.i.AbstractProblemLoader Creating init config 
313877     DEBUG main            d.u.i.k.p.i.AbstractProblemLoader Init config took 3.02s 
313893     INFO  main            d.u.i.k.p.i.AbstractProblemLoader Replaying proof normalisation6.key 
313895     DEBUG main            d.u.i.k.p.i.IntermediateProofReplayer Proof replay took 8.4ns 
313998     INFO  main            d.u.i.k.p.r.p.TestFile    ... finished proof: closed. 
314465     INFO  main            d.u.i.k.p.i.AbstractProblemLoader Loading environment from /home/runner/work/key/key/key.core/../key.ui/examples/standard_key/quantifiers/normalisation6.key.proof 
314465     DEBUG main            d.u.i.k.p.i.AbstractProblemLoader Environment load took 90.8ns 
314467     INFO  main            d.u.i.k.p.i.AbstractProblemLoader Creating init config 
317383     DEBUG main            d.u.i.k.p.i.AbstractProblemLoader Init config took 2.92s 
317400     INFO  main            d.u.i.k.p.i.AbstractProblemLoader Replaying proof normalisation6.key.proof 
317405     DEBUG main            d.u.i.k.p.i.IntermediateProofReplayer Proof replay took 3.14ms 
317406     DEBUG main            d.u.i.k.p.r.p.TestFile    ... success: reloaded. 
317407     INFO  main            d.u.i.k.p.r.p.TestFile    Now processing file /home/runner/work/key/key/key.core/../key.ui/examples/standard_key/quantifiers/normalisation7.key 
317407     INFO  main            d.u.i.k.p.i.AbstractProblemLoader Loading environment from /home/runner/work/key/key/key.core/../key.ui/examples/standard_key/quantifiers/normalisation7.key 
317407     DEBUG main            d.u.i.k.p.i.AbstractProblemLoader Environment load took 93.8ns 
317408     INFO  main            d.u.i.k.p.i.AbstractProblemLoader Creating init config 
320366     DEBUG main            d.u.i.k.p.i.AbstractProblemLoader Init config took 2.96s 
320382     INFO  main            d.u.i.k.p.i.AbstractProblemLoader Replaying proof normalisation7.key 
320384     DEBUG main            d.u.i.k.p.i.IntermediateProofReplayer Proof replay took 9ns 
320486     INFO  main            d.u.i.k.p.r.p.TestFile    ... finished proof: closed. 
320961     INFO  main            d.u.i.k.p.i.AbstractProblemLoader Loading environment from /home/runner/work/key/key/key.core/../key.ui/examples/standard_key/quantifiers/normalisation7.key.proof 
320961     DEBUG main            d.u.i.k.p.i.AbstractProblemLoader Environment load took 103.6ns 
320962     INFO  main            d.u.i.k.p.i.AbstractProblemLoader Creating init config 
323884     DEBUG main            d.u.i.k.p.i.AbstractProblemLoader Init config took 2.92s 
323903     INFO  main            d.u.i.k.p.i.AbstractProblemLoader Replaying proof normalisation7.key.proof 
323908     DEBUG main            d.u.i.k.p.i.IntermediateProofReplayer Proof replay took 2.62ms 
323909     DEBUG main            d.u.i.k.p.r.p.TestFile    ... success: reloaded. 
323910     INFO  main            d.u.i.k.p.r.p.TestFile    Now processing file /home/runner/work/key/key/key.core/../key.ui/examples/standard_key/quantifiers/normalisation8.key 
323910     INFO  main            d.u.i.k.p.i.AbstractProblemLoader Loading environment from /home/runner/work/key/key/key.core/../key.ui/examples/standard_key/quantifiers/normalisation8.key 
323911     DEBUG main            d.u.i.k.p.i.AbstractProblemLoader Environment load took 251.3ns 
323912     INFO  main            d.u.i.k.p.i.AbstractProblemLoader Creating init config 
326895     DEBUG main            d.u.i.k.p.i.AbstractProblemLoader Init config took 2.98s 
326915     INFO  main            d.u.i.k.p.i.AbstractProblemLoader Replaying proof normalisation8.key 
326917     DEBUG main            d.u.i.k.p.i.IntermediateProofReplayer Proof replay took 9.1ns 
327019     INFO  main            d.u.i.k.p.r.p.TestFile    ... finished proof: closed. 
327516     INFO  main            d.u.i.k.p.i.AbstractProblemLoader Loading environment from /home/runner/work/key/key/key.core/../key.ui/examples/standard_key/quantifiers/normalisation8.key.proof 
327516     DEBUG main            d.u.i.k.p.i.AbstractProblemLoader Environment load took 111.5ns 
327517     INFO  main            d.u.i.k.p.i.AbstractProblemLoader Creating init config 
330482     DEBUG main            d.u.i.k.p.i.AbstractProblemLoader Init config took 2.97s 
330499     INFO  main            d.u.i.k.p.i.AbstractProblemLoader Replaying proof normalisation8.key.proof 
330509     DEBUG main            d.u.i.k.p.i.IntermediateProofReplayer Proof replay took 7.28ms 
330510     DEBUG main            d.u.i.k.p.r.p.TestFile    ... success: reloaded. 
330511     INFO  main            d.u.i.k.p.r.p.TestFile    Now processing file /home/runner/work/key/key/key.core/../key.ui/examples/standard_key/quantifiers/normalisation9.key 
330512     INFO  main            d.u.i.k.p.i.AbstractProblemLoader Loading environment from /home/runner/work/key/key/key.core/../key.ui/examples/standard_key/quantifiers/normalisation9.key 
330512     DEBUG main            d.u.i.k.p.i.AbstractProblemLoader Environment load took 66.6ns 
330513     INFO  main            d.u.i.k.p.i.AbstractProblemLoader Creating init config 
333463     DEBUG main            d.u.i.k.p.i.AbstractProblemLoader Init config took 2.95s 
333479     INFO  main            d.u.i.k.p.i.AbstractProblemLoader Replaying proof normalisation9.key 
333481     DEBUG main            d.u.i.k.p.i.IntermediateProofReplayer Proof replay took 9.7ns 
333584     INFO  main            d.u.i.k.p.r.p.TestFile    ... finished proof: closed. 
334082     INFO  main            d.u.i.k.p.i.AbstractProblemLoader Loading environment from /home/runner/work/key/key/key.core/../key.ui/examples/standard_key/quantifiers/normalisation9.key.proof 
334082     DEBUG main            d.u.i.k.p.i.AbstractProblemLoader Environment load took 83.3ns 
334084     INFO  main            d.u.i.k.p.i.AbstractProblemLoader Creating init config 
337014     DEBUG main            d.u.i.k.p.i.AbstractProblemLoader Init config took 2.93s 
337031     INFO  main            d.u.i.k.p.i.AbstractProblemLoader Replaying proof normalisation9.key.proof 
337041     DEBUG main            d.u.i.k.p.i.IntermediateProofReplayer Proof replay took 8.43ms 
337042     DEBUG main            d.u.i.k.p.r.p.TestFile    ... success: reloaded. 
337043     INFO  main            d.u.i.k.p.r.p.TestFile    Now processing file /home/runner/work/key/key/key.core/../key.ui/examples/standard_key/quantifiers/normalisation10.key 
337043     INFO  main            d.u.i.k.p.i.AbstractProblemLoader Loading environment from /home/runner/work/key/key/key.core/../key.ui/examples/standard_key/quantifiers/normalisation10.key 
337043     DEBUG main            d.u.i.k.p.i.AbstractProblemLoader Environment load took 60.3ns 
337044     INFO  main            d.u.i.k.p.i.AbstractProblemLoader Creating init config 
340014     DEBUG main            d.u.i.k.p.i.AbstractProblemLoader Init config took 2.97s 
340030     INFO  main            d.u.i.k.p.i.AbstractProblemLoader Replaying proof normalisation10.key 
340032     DEBUG main            d.u.i.k.p.i.IntermediateProofReplayer Proof replay took 16.9ns 
340134     INFO  main            d.u.i.k.p.r.p.TestFile    ... finished proof: closed. 
340647     INFO  main            d.u.i.k.p.i.AbstractProblemLoader Loading environment from /home/runner/work/key/key/key.core/../key.ui/examples/standard_key/quantifiers/normalisation10.key.proof 
340647     DEBUG main            d.u.i.k.p.i.AbstractProblemLoader Environment load took 93.9ns 
340648     INFO  main            d.u.i.k.p.i.AbstractProblemLoader Creating init config 
343593     DEBUG main            d.u.i.k.p.i.AbstractProblemLoader Init config took 2.95s 
343610     INFO  main            d.u.i.k.p.i.AbstractProblemLoader Replaying proof normalisation10.key.proof 
343621     DEBUG main            d.u.i.k.p.i.IntermediateProofReplayer Proof replay took 6.42ms 
343622     DEBUG main            d.u.i.k.p.r.p.TestFile    ... success: reloaded. 
343623     INFO  main            d.u.i.k.p.r.p.TestFile    Now processing file /home/runner/work/key/key/key.core/../key.ui/examples/standard_key/quantifiers/normalisation12.key 
343623     INFO  main            d.u.i.k.p.i.AbstractProblemLoader Loading environment from /home/runner/work/key/key/key.core/../key.ui/examples/standard_key/quantifiers/normalisation12.key 
343624     DEBUG main            d.u.i.k.p.i.AbstractProblemLoader Environment load took 70.7ns 
343625     INFO  main            d.u.i.k.p.i.AbstractProblemLoader Creating init config 
346627     DEBUG main            d.u.i.k.p.i.AbstractProblemLoader Init config took 3s 
346645     INFO  main            d.u.i.k.p.i.AbstractProblemLoader Replaying proof normalisation12.key 
346648     DEBUG main            d.u.i.k.p.i.IntermediateProofReplayer Proof replay took 10.9ns 
346750     INFO  main            d.u.i.k.p.r.p.TestFile    ... finished proof: closed. 
347281     INFO  main            d.u.i.k.p.i.AbstractProblemLoader Loading environment from /home/runner/work/key/key/key.core/../key.ui/examples/standard_key/quantifiers/normalisation12.key.proof 
347281     DEBUG main            d.u.i.k.p.i.AbstractProblemLoader Environment load took 93ns 
347283     INFO  main            d.u.i.k.p.i.AbstractProblemLoader Creating init config 
350268     DEBUG main            d.u.i.k.p.i.AbstractProblemLoader Init config took 2.98s 
350285     INFO  main            d.u.i.k.p.i.AbstractProblemLoader Replaying proof normalisation12.key.proof 
350288     DEBUG main            d.u.i.k.p.i.IntermediateProofReplayer Proof replay took 1.51ms 
350289     DEBUG main            d.u.i.k.p.r.p.TestFile    ... success: reloaded. 
350290     INFO  main            d.u.i.k.p.r.p.TestFile    Now processing file /home/runner/work/key/key/key.core/../key.ui/examples/standard_key/quantifiers/normalisation13.key 
350290     INFO  main            d.u.i.k.p.i.AbstractProblemLoader Loading environment from /home/runner/work/key/key/key.core/../key.ui/examples/standard_key/quantifiers/normalisation13.key 
350290     DEBUG main            d.u.i.k.p.i.AbstractProblemLoader Environment load took 97.7ns 
350291     INFO  main            d.u.i.k.p.i.AbstractProblemLoader Creating init config 
353337     DEBUG main            d.u.i.k.p.i.AbstractProblemLoader Init config took 3.05s 
353353     INFO  main            d.u.i.k.p.i.AbstractProblemLoader Replaying proof normalisation13.key 
353356     DEBUG main            d.u.i.k.p.i.IntermediateProofReplayer Proof replay took 8.9ns 
353458     INFO  main            d.u.i.k.p.r.p.TestFile    ... finished proof: closed. 
353980     INFO  main            d.u.i.k.p.i.AbstractProblemLoader Loading environment from /home/runner/work/key/key/key.core/../key.ui/examples/standard_key/quantifiers/normalisation13.key.proof 
353980     DEBUG main            d.u.i.k.p.i.AbstractProblemLoader Environment load took 90ns 
353981     INFO  main            d.u.i.k.p.i.AbstractProblemLoader Creating init config 
356944     DEBUG main            d.u.i.k.p.i.AbstractProblemLoader Init config took 2.96s 
356961     INFO  main            d.u.i.k.p.i.AbstractProblemLoader Replaying proof normalisation13.key.proof 
356963     DEBUG main            d.u.i.k.p.i.IntermediateProofReplayer Proof replay took 662.7ns 
356964     DEBUG main            d.u.i.k.p.r.p.TestFile    ... success: reloaded. 
356965     INFO  main            d.u.i.k.p.r.p.TestFile    Now processing file /home/runner/work/key/key/key.core/../key.ui/examples/standard_key/quantifiers/triggers0.key 
356965     INFO  main            d.u.i.k.p.i.AbstractProblemLoader Loading environment from /home/runner/work/key/key/key.core/../key.ui/examples/standard_key/quantifiers/triggers0.key 
356965     DEBUG main            d.u.i.k.p.i.AbstractProblemLoader Environment load took 295.5ns 
356966     INFO  main            d.u.i.k.p.i.AbstractProblemLoader Creating init config 
360046     DEBUG main            d.u.i.k.p.i.AbstractProblemLoader Init config took 3.08s 
360061     INFO  main            d.u.i.k.p.i.AbstractProblemLoader Replaying proof triggers0.key 
360063     DEBUG main            d.u.i.k.p.i.IntermediateProofReplayer Proof replay took 8.2ns 
360166     INFO  main            d.u.i.k.p.r.p.TestFile    ... finished proof: closed. 
360699     INFO  main            d.u.i.k.p.i.AbstractProblemLoader Loading environment from /home/runner/work/key/key/key.core/../key.ui/examples/standard_key/quantifiers/triggers0.key.proof 
360699     DEBUG main            d.u.i.k.p.i.AbstractProblemLoader Environment load took 100.4ns 
360700     INFO  main            d.u.i.k.p.i.AbstractProblemLoader Creating init config 
363643     DEBUG main            d.u.i.k.p.i.AbstractProblemLoader Init config took 2.94s 
363659     INFO  main            d.u.i.k.p.i.AbstractProblemLoader Replaying proof triggers0.key.proof 
363663     DEBUG main            d.u.i.k.p.i.IntermediateProofReplayer Proof replay took 1.92ms 
363668     DEBUG main            d.u.i.k.p.r.p.TestFile    ... success: reloaded. 
5163433    INFO  Test worker     d.u.i.k.p.r.RunAllProofsTestUnit Returning from test FOL 
5163434    INFO  Test worker     d.u.i.k.p.r.RunAllProofsTestUnit Running test strings 
459        INFO  Timeout watchdog d.u.i.k.p.r.p.ForkedTestFileRunner Timeout watcher launched (2000 secs.) 
501        WARN  main            d.u.i.k.s.ProofSettings   The settings in /home/runner/.key/proof-settings.props are *not* read. 
536        INFO  main            d.u.i.k.p.r.p.TestFile    Now processing file /home/runner/work/key/key/key.core/../key.ui/examples/standard_key/strings/charAt0.key 
676        INFO  main            d.u.i.k.p.i.AbstractProblemLoader Loading environment from /home/runner/work/key/key/key.core/../key.ui/examples/standard_key/strings/charAt0.key 
697        DEBUG main            d.u.i.k.p.i.AbstractProblemLoader Environment load took 2.49ms 
1084       INFO  main            d.u.i.k.p.i.AbstractProblemLoader Creating init config 
2446       DEBUG main            d.u.i.k.j.TypeConverter   No LDT found for Meta 
2447       DEBUG main            d.u.i.k.j.TypeConverter   No LDT found for Meta 
2451       DEBUG main            d.u.i.k.j.TypeConverter   No LDT found for Meta 
2451       DEBUG main            d.u.i.k.j.TypeConverter   No LDT found for Meta 
4530       DEBUG main            d.u.i.k.j.TypeConverter   No LDT found for JavaBigintExpression 
10844      DEBUG main            d.u.i.k.p.i.AbstractProblemLoader Init config took 9.76s 
10925      INFO  main            d.u.i.k.p.i.AbstractProblemLoader Replaying proof charAt0.key 
10971      DEBUG main            d.u.i.k.p.i.IntermediateProofReplayer Proof replay took 39.8ns 
11470      INFO  main            d.u.i.k.p.r.p.TestFile    ... finished proof: closed. 
11625      INFO  main            d.u.i.k.p.i.AbstractProblemLoader Loading environment from /home/runner/work/key/key/key.core/../key.ui/examples/standard_key/strings/charAt0.key.proof 
11627      DEBUG main            d.u.i.k.p.i.AbstractProblemLoader Environment load took 2.03ms 
11634      INFO  main            d.u.i.k.p.i.AbstractProblemLoader Creating init config 
14952      DEBUG main            d.u.i.k.p.i.AbstractProblemLoader Init config took 3.32s 
15015      INFO  main            d.u.i.k.p.i.AbstractProblemLoader Replaying proof charAt0.key.proof 
15044      DEBUG main            d.u.i.k.p.i.IntermediateProofReplayer Proof replay took 23.44ms 
15067      DEBUG main            d.u.i.k.p.r.p.TestFile    ... success: reloaded. 
15073      INFO  main            d.u.i.k.p.r.p.TestFile    Now processing file /home/runner/work/key/key/key.core/../key.ui/examples/standard_key/strings/charAt1.key 
15074      INFO  main            d.u.i.k.p.i.AbstractProblemLoader Loading environment from /home/runner/work/key/key/key.core/../key.ui/examples/standard_key/strings/charAt1.key 
15075      DEBUG main            d.u.i.k.p.i.AbstractProblemLoader Environment load took 807.9ns 
15079      INFO  main            d.u.i.k.p.i.AbstractProblemLoader Creating init config 
18381      DEBUG main            d.u.i.k.p.i.AbstractProblemLoader Init config took 3.3s 
18420      INFO  main            d.u.i.k.p.i.AbstractProblemLoader Replaying proof charAt1.key 
18423      DEBUG main            d.u.i.k.p.i.IntermediateProofReplayer Proof replay took 7.2ns 
18627      INFO  main            d.u.i.k.p.r.p.TestFile    ... finished proof: closed. 
18788      INFO  main            d.u.i.k.p.i.AbstractProblemLoader Loading environment from /home/runner/work/key/key/key.core/../key.ui/examples/standard_key/strings/charAt1.key.proof 
18789      DEBUG main            d.u.i.k.p.i.AbstractProblemLoader Environment load took 444.6ns 
18792      INFO  main            d.u.i.k.p.i.AbstractProblemLoader Creating init config 
22076      DEBUG main            d.u.i.k.p.i.AbstractProblemLoader Init config took 3.28s 
22107      INFO  main            d.u.i.k.p.i.AbstractProblemLoader Replaying proof charAt1.key.proof 
22143      DEBUG main            d.u.i.k.p.i.IntermediateProofReplayer Proof replay took 27.62ms 
22144      DEBUG main            d.u.i.k.p.r.p.TestFile    ... success: reloaded. 
22145      INFO  main            d.u.i.k.p.r.p.TestFile    Now processing file /home/runner/work/key/key/key.core/../key.ui/examples/standard_key/strings/concat1.key 
22146      INFO  main            d.u.i.k.p.i.AbstractProblemLoader Loading environment from /home/runner/work/key/key/key.core/../key.ui/examples/standard_key/strings/concat1.key 
22146      DEBUG main            d.u.i.k.p.i.AbstractProblemLoader Environment load took 220.6ns 
22148      INFO  main            d.u.i.k.p.i.AbstractProblemLoader Creating init config 
25327      DEBUG main            d.u.i.k.p.i.AbstractProblemLoader Init config took 3.18s 
25356      INFO  main            d.u.i.k.p.i.AbstractProblemLoader Replaying proof concat1.key 
25359      DEBUG main            d.u.i.k.p.i.IntermediateProofReplayer Proof replay took 7.6ns 
25462      INFO  main            d.u.i.k.p.r.p.TestFile    ... finished proof: closed. 
25635      INFO  main            d.u.i.k.p.i.AbstractProblemLoader Loading environment from /home/runner/work/key/key/key.core/../key.ui/examples/standard_key/strings/concat1.key.proof 
25635      DEBUG main            d.u.i.k.p.i.AbstractProblemLoader Environment load took 564.3ns 
25637      INFO  main            d.u.i.k.p.i.AbstractProblemLoader Creating init config 
28716      DEBUG main            d.u.i.k.p.i.AbstractProblemLoader Init config took 3.08s 
28740      INFO  main            d.u.i.k.p.i.AbstractProblemLoader Replaying proof concat1.key.proof 
28745      DEBUG main            d.u.i.k.p.i.IntermediateProofReplayer Proof replay took 1.95ms 
28746      DEBUG main            d.u.i.k.p.r.p.TestFile    ... success: reloaded. 
28747      INFO  main            d.u.i.k.p.r.p.TestFile    Now processing file /home/runner/work/key/key/key.core/../key.ui/examples/standard_key/strings/concat2.key 
28748      INFO  main            d.u.i.k.p.i.AbstractProblemLoader Loading environment from /home/runner/work/key/key/key.core/../key.ui/examples/standard_key/strings/concat2.key 
28748      DEBUG main            d.u.i.k.p.i.AbstractProblemLoader Environment load took 232.3ns 
28750      INFO  main            d.u.i.k.p.i.AbstractProblemLoader Creating init config 
31868      DEBUG main            d.u.i.k.p.i.AbstractProblemLoader Init config took 3.12s 
31894      INFO  main            d.u.i.k.p.i.AbstractProblemLoader Replaying proof concat2.key 
31896      DEBUG main            d.u.i.k.p.i.IntermediateProofReplayer Proof replay took 7.4ns 
32003      INFO  main            d.u.i.k.p.r.p.TestFile    ... finished proof: closed. 
32183      INFO  main            d.u.i.k.p.i.AbstractProblemLoader Loading environment from /home/runner/work/key/key/key.core/../key.ui/examples/standard_key/strings/concat2.key.proof 
32187      DEBUG main            d.u.i.k.p.i.AbstractProblemLoader Environment load took 3.94ms 
32189      INFO  main            d.u.i.k.p.i.AbstractProblemLoader Creating init config 
35261      DEBUG main            d.u.i.k.p.i.AbstractProblemLoader Init config took 3.07s 
35284      INFO  main            d.u.i.k.p.i.AbstractProblemLoader Replaying proof concat2.key.proof 
35315      DEBUG main            d.u.i.k.p.i.IntermediateProofReplayer Proof replay took 27.58ms 
35317      DEBUG main            d.u.i.k.p.r.p.TestFile    ... success: reloaded. 
35318      INFO  main            d.u.i.k.p.r.p.TestFile    Now processing file /home/runner/work/key/key/key.core/../key.ui/examples/standard_key/strings/deriveLength1.key 
35318      INFO  main            d.u.i.k.p.i.AbstractProblemLoader Loading environment from /home/runner/work/key/key/key.core/../key.ui/examples/standard_key/strings/deriveLength1.key 
35318      DEBUG main            d.u.i.k.p.i.AbstractProblemLoader Environment load took 120.9ns 
35320      INFO  main            d.u.i.k.p.i.AbstractProblemLoader Creating init config 
38335      DEBUG main            d.u.i.k.p.i.AbstractProblemLoader Init config took 3.02s 
38362      INFO  main            d.u.i.k.p.i.AbstractProblemLoader Replaying proof deriveLength1.key 
38364      DEBUG main            d.u.i.k.p.i.IntermediateProofReplayer Proof replay took 7.4ns 
38468      INFO  main            d.u.i.k.p.r.p.TestFile    ... finished proof: closed. 
38659      INFO  main            d.u.i.k.p.i.AbstractProblemLoader Loading environment from /home/runner/work/key/key/key.core/../key.ui/examples/standard_key/strings/deriveLength1.key.proof 
38660      DEBUG main            d.u.i.k.p.i.AbstractProblemLoader Environment load took 476.6ns 
38662      INFO  main            d.u.i.k.p.i.AbstractProblemLoader Creating init config 
41731      DEBUG main            d.u.i.k.p.i.AbstractProblemLoader Init config took 3.07s 
41755      INFO  main            d.u.i.k.p.i.AbstractProblemLoader Replaying proof deriveLength1.key.proof 
41771      DEBUG main            d.u.i.k.p.i.IntermediateProofReplayer Proof replay took 12.71ms 
41772      DEBUG main            d.u.i.k.p.r.p.TestFile    ... success: reloaded. 
41773      INFO  main            d.u.i.k.p.r.p.TestFile    Now processing file /home/runner/work/key/key/key.core/../key.ui/examples/standard_key/strings/emptyStringLengthZero.key 
41774      INFO  main            d.u.i.k.p.i.AbstractProblemLoader Loading environment from /home/runner/work/key/key/key.core/../key.ui/examples/standard_key/strings/emptyStringLengthZero.key 
41774      DEBUG main            d.u.i.k.p.i.AbstractProblemLoader Environment load took 296ns 
41776      INFO  main            d.u.i.k.p.i.AbstractProblemLoader Creating init config 
44826      DEBUG main            d.u.i.k.p.i.AbstractProblemLoader Init config took 3.05s 
44850      INFO  main            d.u.i.k.p.i.AbstractProblemLoader Replaying proof emptyStringLengthZero.key 
44852      DEBUG main            d.u.i.k.p.i.IntermediateProofReplayer Proof replay took 8ns 
44956      INFO  main            d.u.i.k.p.r.p.TestFile    ... finished proof: closed. 
45165      INFO  main            d.u.i.k.p.i.AbstractProblemLoader Loading environment from /home/runner/work/key/key/key.core/../key.ui/examples/standard_key/strings/emptyStringLengthZero.key.proof 
45165      DEBUG main            d.u.i.k.p.i.AbstractProblemLoader Environment load took 626.4ns 
45167      INFO  main            d.u.i.k.p.i.AbstractProblemLoader Creating init config 
48224      DEBUG main            d.u.i.k.p.i.AbstractProblemLoader Init config took 3.06s 
48247      INFO  main            d.u.i.k.p.i.AbstractProblemLoader Replaying proof emptyStringLengthZero.key.proof 
48254      DEBUG main            d.u.i.k.p.i.IntermediateProofReplayer Proof replay took 4.62ms 
48255      DEBUG main            d.u.i.k.p.r.p.TestFile    ... success: reloaded. 
48256      INFO  main            d.u.i.k.p.r.p.TestFile    Now processing file /home/runner/work/key/key/key.core/../key.ui/examples/standard_key/strings/implicitBooleanStringConversion.key 
48257      INFO  main            d.u.i.k.p.i.AbstractProblemLoader Loading environment from /home/runner/work/key/key/key.core/../key.ui/examples/standard_key/strings/implicitBooleanStringConversion.key 
48257      DEBUG main            d.u.i.k.p.i.AbstractProblemLoader Environment load took 160.7ns 
48258      INFO  main            d.u.i.k.p.i.AbstractProblemLoader Creating init config 
51296      DEBUG main            d.u.i.k.p.i.AbstractProblemLoader Init config took 3.04s 
51324      INFO  main            d.u.i.k.p.i.AbstractProblemLoader Replaying proof implicitBooleanStringConversion.key 
51326      DEBUG main            d.u.i.k.p.i.IntermediateProofReplayer Proof replay took 8.9ns 
52659      INFO  main            d.u.i.k.p.r.p.TestFile    ... finished proof: closed. 
52889      INFO  main            d.u.i.k.p.i.AbstractProblemLoader Loading environment from /home/runner/work/key/key/key.core/../key.ui/examples/standard_key/strings/implicitBooleanStringConversion.key.proof 
52890      DEBUG main            d.u.i.k.p.i.AbstractProblemLoader Environment load took 504.8ns 
52892      INFO  main            d.u.i.k.p.i.AbstractProblemLoader Creating init config 
56032      DEBUG main            d.u.i.k.p.i.AbstractProblemLoader Init config took 3.14s 
56062      INFO  main            d.u.i.k.p.i.AbstractProblemLoader Replaying proof implicitBooleanStringConversion.key.proof 
56212      DEBUG main            d.u.i.k.p.i.IntermediateProofReplayer Proof replay took 141.87ms 
56214      DEBUG main            d.u.i.k.p.r.p.TestFile    ... success: reloaded. 
56215      INFO  main            d.u.i.k.p.r.p.TestFile    Now processing file /home/runner/work/key/key/key.core/../key.ui/examples/standard_key/strings/implicitBooleanStringConversion2.key 
56215      INFO  main            d.u.i.k.p.i.AbstractProblemLoader Loading environment from /home/runner/work/key/key/key.core/../key.ui/examples/standard_key/strings/implicitBooleanStringConversion2.key 
56216      DEBUG main            d.u.i.k.p.i.AbstractProblemLoader Environment load took 247.2ns 
56217      INFO  main            d.u.i.k.p.i.AbstractProblemLoader Creating init config 
59368      DEBUG main            d.u.i.k.p.i.AbstractProblemLoader Init config took 3.15s 
59394      INFO  main            d.u.i.k.p.i.AbstractProblemLoader Replaying proof implicitBooleanStringConversion2.key 
59396      DEBUG main            d.u.i.k.p.i.IntermediateProofReplayer Proof replay took 9.2ns 
59801      INFO  main            d.u.i.k.p.r.p.TestFile    ... finished proof: closed. 
60105      INFO  main            d.u.i.k.p.i.AbstractProblemLoader Loading environment from /home/runner/work/key/key/key.core/../key.ui/examples/standard_key/strings/implicitBooleanStringConversion2.key.proof 
60106      DEBUG main            d.u.i.k.p.i.AbstractProblemLoader Environment load took 434.4ns 
60107      INFO  main            d.u.i.k.p.i.AbstractProblemLoader Creating init config 
63122      DEBUG main            d.u.i.k.p.i.AbstractProblemLoader Init config took 3.01s 
63147      INFO  main            d.u.i.k.p.i.AbstractProblemLoader Replaying proof implicitBooleanStringConversion2.key.proof 
63200      DEBUG main            d.u.i.k.p.i.IntermediateProofReplayer Proof replay took 48.93ms 
63202      DEBUG main            d.u.i.k.p.r.p.TestFile    ... success: reloaded. 
63203      INFO  main            d.u.i.k.p.r.p.TestFile    Now processing file /home/runner/work/key/key/key.core/../key.ui/examples/standard_key/strings/implicitIntStringConversion.key 
63203      INFO  main            d.u.i.k.p.i.AbstractProblemLoader Loading environment from /home/runner/work/key/key/key.core/../key.ui/examples/standard_key/strings/implicitIntStringConversion.key 
63203      DEBUG main            d.u.i.k.p.i.AbstractProblemLoader Environment load took 203.5ns 
63204      INFO  main            d.u.i.k.p.i.AbstractProblemLoader Creating init config 
66256      DEBUG main            d.u.i.k.p.i.AbstractProblemLoader Init config took 3.05s 
66281      INFO  main            d.u.i.k.p.i.AbstractProblemLoader Replaying proof implicitIntStringConversion.key 
66283      DEBUG main            d.u.i.k.p.i.IntermediateProofReplayer Proof replay took 8.8ns 
67090      INFO  main            d.u.i.k.p.r.p.TestFile    ... finished proof: closed. 
67360      INFO  main            d.u.i.k.p.i.AbstractProblemLoader Loading environment from /home/runner/work/key/key/key.core/../key.ui/examples/standard_key/strings/implicitIntStringConversion.key.proof 
67360      DEBUG main            d.u.i.k.p.i.AbstractProblemLoader Environment load took 438.5ns 
67362      INFO  main            d.u.i.k.p.i.AbstractProblemLoader Creating init config 
70232      DEBUG main            d.u.i.k.p.i.AbstractProblemLoader Init config took 2.87s 
70280      INFO  main            d.u.i.k.p.i.AbstractProblemLoader Replaying proof implicitIntStringConversion.key.proof 
70394      DEBUG main            d.u.i.k.p.i.IntermediateProofReplayer Proof replay took 105.15ms 
70396      DEBUG main            d.u.i.k.p.r.p.TestFile    ... success: reloaded. 
70397      INFO  main            d.u.i.k.p.r.p.TestFile    Now processing file /home/runner/work/key/key/key.core/../key.ui/examples/standard_key/strings/implicitNullStringConversion.key 
70397      INFO  main            d.u.i.k.p.i.AbstractProblemLoader Loading environment from /home/runner/work/key/key/key.core/../key.ui/examples/standard_key/strings/implicitNullStringConversion.key 
70397      DEBUG main            d.u.i.k.p.i.AbstractProblemLoader Environment load took 114ns 
70399      INFO  main            d.u.i.k.p.i.AbstractProblemLoader Creating init config 
73416      DEBUG main            d.u.i.k.p.i.AbstractProblemLoader Init config took 3.02s 
73438      INFO  main            d.u.i.k.p.i.AbstractProblemLoader Replaying proof implicitNullStringConversion.key 
73440      DEBUG main            d.u.i.k.p.i.IntermediateProofReplayer Proof replay took 8.2ns 
73743      INFO  main            d.u.i.k.p.r.p.TestFile    ... finished proof: closed. 
73999      INFO  main            d.u.i.k.p.i.AbstractProblemLoader Loading environment from /home/runner/work/key/key/key.core/../key.ui/examples/standard_key/strings/implicitNullStringConversion.key.proof 
74000      DEBUG main            d.u.i.k.p.i.AbstractProblemLoader Environment load took 868.8ns 
74004      INFO  main            d.u.i.k.p.i.AbstractProblemLoader Creating init config 
76998      DEBUG main            d.u.i.k.p.i.AbstractProblemLoader Init config took 2.99s 
77020      INFO  main            d.u.i.k.p.i.AbstractProblemLoader Replaying proof implicitNullStringConversion.key.proof 
77069      DEBUG main            d.u.i.k.p.i.IntermediateProofReplayer Proof replay took 45.63ms 
77071      DEBUG main            d.u.i.k.p.r.p.TestFile    ... success: reloaded. 
77071      INFO  main            d.u.i.k.p.r.p.TestFile    Now processing file /home/runner/work/key/key/key.core/../key.ui/examples/standard_key/strings/implicitNullStringConversion2.key 
77072      INFO  main            d.u.i.k.p.i.AbstractProblemLoader Loading environment from /home/runner/work/key/key/key.core/../key.ui/examples/standard_key/strings/implicitNullStringConversion2.key 
77072      DEBUG main            d.u.i.k.p.i.AbstractProblemLoader Environment load took 126.8ns 
77073      INFO  main            d.u.i.k.p.i.AbstractProblemLoader Creating init config 
80085      DEBUG main            d.u.i.k.p.i.AbstractProblemLoader Init config took 3.01s 
80106      INFO  main            d.u.i.k.p.i.AbstractProblemLoader Replaying proof implicitNullStringConversion2.key 
80108      DEBUG main            d.u.i.k.p.i.IntermediateProofReplayer Proof replay took 8.3ns 
80416      INFO  main            d.u.i.k.p.r.p.TestFile    ... finished proof: closed. 
80680      INFO  main            d.u.i.k.p.i.AbstractProblemLoader Loading environment from /home/runner/work/key/key/key.core/../key.ui/examples/standard_key/strings/implicitNullStringConversion2.key.proof 
80681      DEBUG main            d.u.i.k.p.i.AbstractProblemLoader Environment load took 420.9ns 
80682      INFO  main            d.u.i.k.p.i.AbstractProblemLoader Creating init config 
83624      DEBUG main            d.u.i.k.p.i.AbstractProblemLoader Init config took 2.94s 
83646      INFO  main            d.u.i.k.p.i.AbstractProblemLoader Replaying proof implicitNullStringConversion2.key.proof 
83679      DEBUG main            d.u.i.k.p.i.IntermediateProofReplayer Proof replay took 30.03ms 
83681      DEBUG main            d.u.i.k.p.r.p.TestFile    ... success: reloaded. 
83682      INFO  main            d.u.i.k.p.r.p.TestFile    Now processing file /home/runner/work/key/key/key.core/../key.ui/examples/standard_key/strings/implicitObjectStringConversion.key 
83682      INFO  main            d.u.i.k.p.i.AbstractProblemLoader Loading environment from /home/runner/work/key/key/key.core/../key.ui/examples/standard_key/strings/implicitObjectStringConversion.key 
83682      DEBUG main            d.u.i.k.p.i.AbstractProblemLoader Environment load took 114.2ns 
83683      INFO  main            d.u.i.k.p.i.AbstractProblemLoader Creating init config 
86956      DEBUG main            d.u.i.k.p.i.AbstractProblemLoader Init config took 3.27s 
86978      INFO  main            d.u.i.k.p.i.AbstractProblemLoader Replaying proof implicitObjectStringConversion.key 
86980      DEBUG main            d.u.i.k.p.i.IntermediateProofReplayer Proof replay took 9.1ns 
87589      INFO  main            d.u.i.k.p.r.p.TestFile    ... finished proof: closed. 
87878      INFO  main            d.u.i.k.p.i.AbstractProblemLoader Loading environment from /home/runner/work/key/key/key.core/../key.ui/examples/standard_key/strings/implicitObjectStringConversion.key.proof 
87879      DEBUG main            d.u.i.k.p.i.AbstractProblemLoader Environment load took 455.7ns 
87880      INFO  main            d.u.i.k.p.i.AbstractProblemLoader Creating init config 
91167      DEBUG main            d.u.i.k.p.i.AbstractProblemLoader Init config took 3.29s 
91192      INFO  main            d.u.i.k.p.i.AbstractProblemLoader Replaying proof implicitObjectStringConversion.key.proof 
91281      DEBUG main            d.u.i.k.p.i.IntermediateProofReplayer Proof replay took 85.61ms 
91283      DEBUG main            d.u.i.k.p.r.p.TestFile    ... success: reloaded. 
91284      INFO  main            d.u.i.k.p.r.p.TestFile    Now processing file /home/runner/work/key/key/key.core/../key.ui/examples/standard_key/strings/literalEquality.key 
91285      INFO  main            d.u.i.k.p.i.AbstractProblemLoader Loading environment from /home/runner/work/key/key/key.core/../key.ui/examples/standard_key/strings/literalEquality.key 
91285      DEBUG main            d.u.i.k.p.i.AbstractProblemLoader Environment load took 222ns 
91286      INFO  main            d.u.i.k.p.i.AbstractProblemLoader Creating init config 
94385      DEBUG main            d.u.i.k.p.i.AbstractProblemLoader Init config took 3.1s 
94405      INFO  main            d.u.i.k.p.i.AbstractProblemLoader Replaying proof literalEquality.key 
94407      DEBUG main            d.u.i.k.p.i.IntermediateProofReplayer Proof replay took 7.9ns 
94510      INFO  main            d.u.i.k.p.r.p.TestFile    ... finished proof: closed. 
94770      INFO  main            d.u.i.k.p.i.AbstractProblemLoader Loading environment from /home/runner/work/key/key/key.core/../key.ui/examples/standard_key/strings/literalEquality.key.proof 
94770      DEBUG main            d.u.i.k.p.i.AbstractProblemLoader Environment load took 145.8ns 
94771      INFO  main            d.u.i.k.p.i.AbstractProblemLoader Creating init config 
97767      DEBUG main            d.u.i.k.p.i.AbstractProblemLoader Init config took 3s 
97787      INFO  main            d.u.i.k.p.i.AbstractProblemLoader Replaying proof literalEquality.key.proof 
97793      DEBUG main            d.u.i.k.p.i.IntermediateProofReplayer Proof replay took 3.11ms 
97793      DEBUG main            d.u.i.k.p.r.p.TestFile    ... success: reloaded. 
97794      INFO  main            d.u.i.k.p.r.p.TestFile    Now processing file /home/runner/work/key/key/key.core/../key.ui/examples/standard_key/strings/replace0.key 
97795      INFO  main            d.u.i.k.p.i.AbstractProblemLoader Loading environment from /home/runner/work/key/key/key.core/../key.ui/examples/standard_key/strings/replace0.key 
97795      DEBUG main            d.u.i.k.p.i.AbstractProblemLoader Environment load took 115.9ns 
97796      INFO  main            d.u.i.k.p.i.AbstractProblemLoader Creating init config 
100766     DEBUG main            d.u.i.k.p.i.AbstractProblemLoader Init config took 2.97s 
100781     INFO  main            d.u.i.k.p.i.AbstractProblemLoader Replaying proof replace0.key 
100783     DEBUG main            d.u.i.k.p.i.IntermediateProofReplayer Proof replay took 7.1ns 
100885     INFO  main            d.u.i.k.p.r.p.TestFile    ... finished proof: closed. 
101236     INFO  main            d.u.i.k.p.i.AbstractProblemLoader Loading environment from /home/runner/work/key/key/key.core/../key.ui/examples/standard_key/strings/replace0.key.proof 
101236     DEBUG main            d.u.i.k.p.i.AbstractProblemLoader Environment load took 135.7ns 
101239     INFO  main            d.u.i.k.p.i.AbstractProblemLoader Creating init config 
104302     DEBUG main            d.u.i.k.p.i.AbstractProblemLoader Init config took 3.06s 
104322     INFO  main            d.u.i.k.p.i.AbstractProblemLoader Replaying proof replace0.key.proof 
104330     DEBUG main            d.u.i.k.p.i.IntermediateProofReplayer Proof replay took 5.83ms 
104332     DEBUG main            d.u.i.k.p.r.p.TestFile    ... success: reloaded. 
104333     INFO  main            d.u.i.k.p.r.p.TestFile    Now processing file /home/runner/work/key/key/key.core/../key.ui/examples/standard_key/strings/replace1.key 
104333     INFO  main            d.u.i.k.p.i.AbstractProblemLoader Loading environment from /home/runner/work/key/key/key.core/../key.ui/examples/standard_key/strings/replace1.key 
104333     DEBUG main            d.u.i.k.p.i.AbstractProblemLoader Environment load took 217.5ns 
104335     INFO  main            d.u.i.k.p.i.AbstractProblemLoader Creating init config 
107292     DEBUG main            d.u.i.k.p.i.AbstractProblemLoader Init config took 2.96s 
107310     INFO  main            d.u.i.k.p.i.AbstractProblemLoader Replaying proof replace1.key 
107312     DEBUG main            d.u.i.k.p.i.IntermediateProofReplayer Proof replay took 9.3ns 
107415     INFO  main            d.u.i.k.p.r.p.TestFile    ... finished proof: closed. 
107687     INFO  main            d.u.i.k.p.i.AbstractProblemLoader Loading environment from /home/runner/work/key/key/key.core/../key.ui/examples/standard_key/strings/replace1.key.proof 
107687     DEBUG main            d.u.i.k.p.i.AbstractProblemLoader Environment load took 138.7ns 
107688     INFO  main            d.u.i.k.p.i.AbstractProblemLoader Creating init config 
110649     DEBUG main            d.u.i.k.p.i.AbstractProblemLoader Init config took 2.96s 
110666     INFO  main            d.u.i.k.p.i.AbstractProblemLoader Replaying proof replace1.key.proof 
110677     DEBUG main            d.u.i.k.p.i.IntermediateProofReplayer Proof replay took 8.25ms 
110678     DEBUG main            d.u.i.k.p.r.p.TestFile    ... success: reloaded. 
110678     INFO  main            d.u.i.k.p.r.p.TestFile    Now processing file /home/runner/work/key/key/key.core/../key.ui/examples/standard_key/strings/simpleAssignment.key 
110679     INFO  main            d.u.i.k.p.i.AbstractProblemLoader Loading environment from /home/runner/work/key/key/key.core/../key.ui/examples/standard_key/strings/simpleAssignment.key 
110679     DEBUG main            d.u.i.k.p.i.AbstractProblemLoader Environment load took 114.1ns 
110680     INFO  main            d.u.i.k.p.i.AbstractProblemLoader Creating init config 
113711     DEBUG main            d.u.i.k.p.i.AbstractProblemLoader Init config took 3.03s 
113731     INFO  main            d.u.i.k.p.i.AbstractProblemLoader Replaying proof simpleAssignment.key 
113733     DEBUG main            d.u.i.k.p.i.IntermediateProofReplayer Proof replay took 9.2ns 
113835     INFO  main            d.u.i.k.p.r.p.TestFile    ... finished proof: closed. 
114174     INFO  main            d.u.i.k.p.i.AbstractProblemLoader Loading environment from /home/runner/work/key/key/key.core/../key.ui/examples/standard_key/strings/simpleAssignment.key.proof 
114175     DEBUG main            d.u.i.k.p.i.AbstractProblemLoader Environment load took 204.7ns 
114177     INFO  main            d.u.i.k.p.i.AbstractProblemLoader Creating init config 
117079     DEBUG main            d.u.i.k.p.i.AbstractProblemLoader Init config took 2.9s 
117097     INFO  main            d.u.i.k.p.i.AbstractProblemLoader Replaying proof simpleAssignment.key.proof 
117101     DEBUG main            d.u.i.k.p.i.IntermediateProofReplayer Proof replay took 2.02ms 
117104     DEBUG main            d.u.i.k.p.r.p.TestFile    ... success: reloaded. 
117104     INFO  main            d.u.i.k.p.r.p.TestFile    Now processing file /home/runner/work/key/key/key.core/../key.ui/examples/standard_key/strings/simpleLengthComp.key 
117105     INFO  main            d.u.i.k.p.i.AbstractProblemLoader Loading environment from /home/runner/work/key/key/key.core/../key.ui/examples/standard_key/strings/simpleLengthComp.key 
117105     DEBUG main            d.u.i.k.p.i.AbstractProblemLoader Environment load took 79.2ns 
117106     INFO  main            d.u.i.k.p.i.AbstractProblemLoader Creating init config 
120127     DEBUG main            d.u.i.k.p.i.AbstractProblemLoader Init config took 3.02s 
120146     INFO  main            d.u.i.k.p.i.AbstractProblemLoader Replaying proof simpleLengthComp.key 
120150     DEBUG main            d.u.i.k.p.i.IntermediateProofReplayer Proof replay took 17.4ns 
120453     INFO  main            d.u.i.k.p.r.p.TestFile    ... finished proof: closed. 
120810     INFO  main            d.u.i.k.p.i.AbstractProblemLoader Loading environment from /home/runner/work/key/key/key.core/../key.ui/examples/standard_key/strings/simpleLengthComp.key.proof 
120810     DEBUG main            d.u.i.k.p.i.AbstractProblemLoader Environment load took 154ns 
120812     INFO  main            d.u.i.k.p.i.AbstractProblemLoader Creating init config 
123774     DEBUG main            d.u.i.k.p.i.AbstractProblemLoader Init config took 2.96s 
123796     INFO  main            d.u.i.k.p.i.AbstractProblemLoader Replaying proof simpleLengthComp.key.proof 
123822     DEBUG main            d.u.i.k.p.i.IntermediateProofReplayer Proof replay took 23.23ms 
123823     DEBUG main            d.u.i.k.p.r.p.TestFile    ... success: reloaded. 
123825     INFO  main            d.u.i.k.p.r.p.TestFile    Now processing file /home/runner/work/key/key/key.core/../key.ui/examples/standard_key/strings/stringCompileTimeConstant1.key 
123825     INFO  main            d.u.i.k.p.i.AbstractProblemLoader Loading environment from /home/runner/work/key/key/key.core/../key.ui/examples/standard_key/strings/stringCompileTimeConstant1.key 
123825     DEBUG main            d.u.i.k.p.i.AbstractProblemLoader Environment load took 239.9ns 
123826     INFO  main            d.u.i.k.p.i.AbstractProblemLoader Creating init config 
126835     DEBUG main            d.u.i.k.p.i.AbstractProblemLoader Init config took 3.01s 
126853     INFO  main            d.u.i.k.p.i.AbstractProblemLoader Replaying proof stringCompileTimeConstant1.key 
126855     DEBUG main            d.u.i.k.p.i.IntermediateProofReplayer Proof replay took 8.5ns 
126957     INFO  main            d.u.i.k.p.r.p.TestFile    ... finished proof: closed. 
127264     INFO  main            d.u.i.k.p.i.AbstractProblemLoader Loading environment from /home/runner/work/key/key/key.core/../key.ui/examples/standard_key/strings/stringCompileTimeConstant1.key.proof 
127264     DEBUG main            d.u.i.k.p.i.AbstractProblemLoader Environment load took 141.5ns 
127268     INFO  main            d.u.i.k.p.i.AbstractProblemLoader Creating init config 
130211     DEBUG main            d.u.i.k.p.i.AbstractProblemLoader Init config took 2.94s 
130229     INFO  main            d.u.i.k.p.i.AbstractProblemLoader Replaying proof stringCompileTimeConstant1.key.proof 
130235     DEBUG main            d.u.i.k.p.i.IntermediateProofReplayer Proof replay took 4.22ms 
130237     DEBUG main            d.u.i.k.p.r.p.TestFile    ... success: reloaded. 
130237     INFO  main            d.u.i.k.p.r.p.TestFile    Now processing file /home/runner/work/key/key/key.core/../key.ui/examples/standard_key/strings/stringCompileTimeConstant2.key 
130238     INFO  main            d.u.i.k.p.i.AbstractProblemLoader Loading environment from /home/runner/work/key/key/key.core/../key.ui/examples/standard_key/strings/stringCompileTimeConstant2.key 
130238     DEBUG main            d.u.i.k.p.i.AbstractProblemLoader Environment load took 133.6ns 
130239     INFO  main            d.u.i.k.p.i.AbstractProblemLoader Creating init config 
133402     DEBUG main            d.u.i.k.p.i.AbstractProblemLoader Init config took 3.16s 
133420     INFO  main            d.u.i.k.p.i.AbstractProblemLoader Replaying proof stringCompileTimeConstant2.key 
133422     DEBUG main            d.u.i.k.p.i.IntermediateProofReplayer Proof replay took 6.5ns 
137072     INFO  main            d.u.i.k.p.r.p.TestFile    ... finished proof: closed. 
137410     INFO  main            d.u.i.k.p.i.AbstractProblemLoader Loading environment from /home/runner/work/key/key/key.core/../key.ui/examples/standard_key/strings/stringCompileTimeConstant2.key.proof 
137410     DEBUG main            d.u.i.k.p.i.AbstractProblemLoader Environment load took 423ns 
137412     INFO  main            d.u.i.k.p.i.AbstractProblemLoader Creating init config 
140567     DEBUG main            d.u.i.k.p.i.AbstractProblemLoader Init config took 3.16s 
140586     INFO  main            d.u.i.k.p.i.AbstractProblemLoader Replaying proof stringCompileTimeConstant2.key.proof 
141027     DEBUG main            d.u.i.k.p.i.IntermediateProofReplayer Proof replay took 428.4ms 
141029     DEBUG main            d.u.i.k.p.r.p.TestFile    ... success: reloaded. 
141031     INFO  main            d.u.i.k.p.r.p.TestFile    Now processing file /home/runner/work/key/key/key.core/../key.ui/examples/standard_key/strings/stringEquality1.key 
141031     INFO  main            d.u.i.k.p.i.AbstractProblemLoader Loading environment from /home/runner/work/key/key/key.core/../key.ui/examples/standard_key/strings/stringEquality1.key 
141032     DEBUG main            d.u.i.k.p.i.AbstractProblemLoader Environment load took 219.4ns 
141033     INFO  main            d.u.i.k.p.i.AbstractProblemLoader Creating init config 
143979     DEBUG main            d.u.i.k.p.i.AbstractProblemLoader Init config took 2.95s 
143995     INFO  main            d.u.i.k.p.i.AbstractProblemLoader Replaying proof stringEquality1.key 
143997     DEBUG main            d.u.i.k.p.i.IntermediateProofReplayer Proof replay took 9.9ns 
144100     INFO  main            d.u.i.k.p.r.p.TestFile    ... finished proof: closed. 
144474     INFO  main            d.u.i.k.p.i.AbstractProblemLoader Loading environment from /home/runner/work/key/key/key.core/../key.ui/examples/standard_key/strings/stringEquality1.key.proof 
144474     DEBUG main            d.u.i.k.p.i.AbstractProblemLoader Environment load took 130.8ns 
144475     INFO  main            d.u.i.k.p.i.AbstractProblemLoader Creating init config 
147396     DEBUG main            d.u.i.k.p.i.AbstractProblemLoader Init config took 2.92s 
147413     INFO  main            d.u.i.k.p.i.AbstractProblemLoader Replaying proof stringEquality1.key.proof 
147426     DEBUG main            d.u.i.k.p.i.IntermediateProofReplayer Proof replay took 10.72ms 
147428     DEBUG main            d.u.i.k.p.r.p.TestFile    ... success: reloaded. 
147428     INFO  main            d.u.i.k.p.r.p.TestFile    Now processing file /home/runner/work/key/key/key.core/../key.ui/examples/standard_key/strings/stringEquality2.key 
147429     INFO  main            d.u.i.k.p.i.AbstractProblemLoader Loading environment from /home/runner/work/key/key/key.core/../key.ui/examples/standard_key/strings/stringEquality2.key 
147429     DEBUG main            d.u.i.k.p.i.AbstractProblemLoader Environment load took 256.3ns 
147430     INFO  main            d.u.i.k.p.i.AbstractProblemLoader Creating init config 
150392     DEBUG main            d.u.i.k.p.i.AbstractProblemLoader Init config took 2.96s 
150409     INFO  main            d.u.i.k.p.i.AbstractProblemLoader Replaying proof stringEquality2.key 
150411     DEBUG main            d.u.i.k.p.i.IntermediateProofReplayer Proof replay took 10.5ns 
150916     INFO  main            d.u.i.k.p.r.p.TestFile    ... finished proof: closed. 
151289     INFO  main            d.u.i.k.p.i.AbstractProblemLoader Loading environment from /home/runner/work/key/key/key.core/../key.ui/examples/standard_key/strings/stringEquality2.key.proof 
151290     DEBUG main            d.u.i.k.p.i.AbstractProblemLoader Environment load took 468.2ns 
151291     INFO  main            d.u.i.k.p.i.AbstractProblemLoader Creating init config 
154198     DEBUG main            d.u.i.k.p.i.AbstractProblemLoader Init config took 2.91s 
154215     INFO  main            d.u.i.k.p.i.AbstractProblemLoader Replaying proof stringEquality2.key.proof 
154289     DEBUG main            d.u.i.k.p.i.IntermediateProofReplayer Proof replay took 68.43ms 
154291     DEBUG main            d.u.i.k.p.r.p.TestFile    ... success: reloaded. 
154292     INFO  main            d.u.i.k.p.r.p.TestFile    Now processing file /home/runner/work/key/key/key.core/../key.ui/examples/standard_key/strings/substring0.key 
154292     INFO  main            d.u.i.k.p.i.AbstractProblemLoader Loading environment from /home/runner/work/key/key/key.core/../key.ui/examples/standard_key/strings/substring0.key 
154292     DEBUG main            d.u.i.k.p.i.AbstractProblemLoader Environment load took 86ns 
154294     INFO  main            d.u.i.k.p.i.AbstractProblemLoader Creating init config 
157377     DEBUG main            d.u.i.k.p.i.AbstractProblemLoader Init config took 3.08s 
157394     INFO  main            d.u.i.k.p.i.AbstractProblemLoader Replaying proof substring0.key 
157403     DEBUG main            d.u.i.k.p.i.IntermediateProofReplayer Proof replay took 8.8ns 
157507     INFO  main            d.u.i.k.p.r.p.TestFile    ... finished proof: closed. 
157840     INFO  main            d.u.i.k.p.i.AbstractProblemLoader Loading environment from /home/runner/work/key/key/key.core/../key.ui/examples/standard_key/strings/substring0.key.proof 
157840     DEBUG main            d.u.i.k.p.i.AbstractProblemLoader Environment load took 130.5ns 
157841     INFO  main            d.u.i.k.p.i.AbstractProblemLoader Creating init config 
160793     DEBUG main            d.u.i.k.p.i.AbstractProblemLoader Init config took 2.95s 
160811     INFO  main            d.u.i.k.p.i.AbstractProblemLoader Replaying proof substring0.key.proof 
160813     DEBUG main            d.u.i.k.p.i.IntermediateProofReplayer Proof replay took 493.7ns 
160814     DEBUG main            d.u.i.k.p.r.p.TestFile    ... success: reloaded. 
160815     INFO  main            d.u.i.k.p.r.p.TestFile    Now processing file /home/runner/work/key/key/key.core/../key.ui/examples/standard_key/strings/substring1.key 
160815     INFO  main            d.u.i.k.p.i.AbstractProblemLoader Loading environment from /home/runner/work/key/key/key.core/../key.ui/examples/standard_key/strings/substring1.key 
160816     DEBUG main            d.u.i.k.p.i.AbstractProblemLoader Environment load took 106.3ns 
160817     INFO  main            d.u.i.k.p.i.AbstractProblemLoader Creating init config 
163827     DEBUG main            d.u.i.k.p.i.AbstractProblemLoader Init config took 3.01s 
163848     INFO  main            d.u.i.k.p.i.AbstractProblemLoader Replaying proof substring1.key 
163851     DEBUG main            d.u.i.k.p.i.IntermediateProofReplayer Proof replay took 7.6ns 
163954     INFO  main            d.u.i.k.p.r.p.TestFile    ... finished proof: closed. 
164275     INFO  main            d.u.i.k.p.i.AbstractProblemLoader Loading environment from /home/runner/work/key/key/key.core/../key.ui/examples/standard_key/strings/substring1.key.proof 
164275     DEBUG main            d.u.i.k.p.i.AbstractProblemLoader Environment load took 141.9ns 
164276     INFO  main            d.u.i.k.p.i.AbstractProblemLoader Creating init config 
167150     DEBUG main            d.u.i.k.p.i.AbstractProblemLoader Init config took 2.87s 
167166     INFO  main            d.u.i.k.p.i.AbstractProblemLoader Replaying proof substring1.key.proof 
167168     DEBUG main            d.u.i.k.p.i.IntermediateProofReplayer Proof replay took 484.1ns 
167169     DEBUG main            d.u.i.k.p.r.p.TestFile    ... success: reloaded. 
167170     INFO  main            d.u.i.k.p.r.p.TestFile    Now processing file /home/runner/work/key/key/key.core/../key.ui/examples/standard_key/strings/substring2.key 
167170     INFO  main            d.u.i.k.p.i.AbstractProblemLoader Loading environment from /home/runner/work/key/key/key.core/../key.ui/examples/standard_key/strings/substring2.key 
167170     DEBUG main            d.u.i.k.p.i.AbstractProblemLoader Environment load took 95.8ns 
167171     INFO  main            d.u.i.k.p.i.AbstractProblemLoader Creating init config 
170180     DEBUG main            d.u.i.k.p.i.AbstractProblemLoader Init config took 3.01s 
170197     INFO  main            d.u.i.k.p.i.AbstractProblemLoader Replaying proof substring2.key 
170199     DEBUG main            d.u.i.k.p.i.IntermediateProofReplayer Proof replay took 7.6ns 
170301     INFO  main            d.u.i.k.p.r.p.TestFile    ... finished proof: closed. 
170638     INFO  main            d.u.i.k.p.i.AbstractProblemLoader Loading environment from /home/runner/work/key/key/key.core/../key.ui/examples/standard_key/strings/substring2.key.proof 
170638     DEBUG main            d.u.i.k.p.i.AbstractProblemLoader Environment load took 129.9ns 
170639     INFO  main            d.u.i.k.p.i.AbstractProblemLoader Creating init config 
173605     DEBUG main            d.u.i.k.p.i.AbstractProblemLoader Init config took 2.97s 
173623     INFO  main            d.u.i.k.p.i.AbstractProblemLoader Replaying proof substring2.key.proof 
173627     DEBUG main            d.u.i.k.p.i.IntermediateProofReplayer Proof replay took 1.55ms 
173628     DEBUG main            d.u.i.k.p.r.p.TestFile    ... success: reloaded. 
173629     INFO  main            d.u.i.k.p.r.p.TestFile    Now processing file /home/runner/work/key/key/key.core/../key.ui/examples/standard_key/strings/substring3.key 
173629     INFO  main            d.u.i.k.p.i.AbstractProblemLoader Loading environment from /home/runner/work/key/key/key.core/../key.ui/examples/standard_key/strings/substring3.key 
173630     DEBUG main            d.u.i.k.p.i.AbstractProblemLoader Environment load took 124ns 
173631     INFO  main            d.u.i.k.p.i.AbstractProblemLoader Creating init config 
176671     DEBUG main            d.u.i.k.p.i.AbstractProblemLoader Init config took 3.04s 
176688     INFO  main            d.u.i.k.p.i.AbstractProblemLoader Replaying proof substring3.key 
176690     DEBUG main            d.u.i.k.p.i.IntermediateProofReplayer Proof replay took 8ns 
176793     INFO  main            d.u.i.k.p.r.p.TestFile    ... finished proof: closed. 
177144     INFO  main            d.u.i.k.p.i.AbstractProblemLoader Loading environment from /home/runner/work/key/key/key.core/../key.ui/examples/standard_key/strings/substring3.key.proof 
177144     DEBUG main            d.u.i.k.p.i.AbstractProblemLoader Environment load took 126.7ns 
177145     INFO  main            d.u.i.k.p.i.AbstractProblemLoader Creating init config 
180051     DEBUG main            d.u.i.k.p.i.AbstractProblemLoader Init config took 2.91s 
180068     INFO  main            d.u.i.k.p.i.AbstractProblemLoader Replaying proof substring3.key.proof 
180074     DEBUG main            d.u.i.k.p.i.IntermediateProofReplayer Proof replay took 3.58ms 
180076     DEBUG main            d.u.i.k.p.r.p.TestFile    ... success: reloaded. 
180076     INFO  main            d.u.i.k.p.r.p.TestFile    Now processing file /home/runner/work/key/key/key.core/../key.ui/examples/standard_key/strings/substring4.key 
180077     INFO  main            d.u.i.k.p.i.AbstractProblemLoader Loading environment from /home/runner/work/key/key/key.core/../key.ui/examples/standard_key/strings/substring4.key 
180077     DEBUG main            d.u.i.k.p.i.AbstractProblemLoader Environment load took 208.4ns 
180078     INFO  main            d.u.i.k.p.i.AbstractProblemLoader Creating init config 
183090     DEBUG main            d.u.i.k.p.i.AbstractProblemLoader Init config took 3.01s 
183108     INFO  main            d.u.i.k.p.i.AbstractProblemLoader Replaying proof substring4.key 
183110     DEBUG main            d.u.i.k.p.i.IntermediateProofReplayer Proof replay took 19.4ns 
183215     INFO  main            d.u.i.k.p.r.p.TestFile    ... finished proof: closed. 
183576     INFO  main            d.u.i.k.p.i.AbstractProblemLoader Loading environment from /home/runner/work/key/key/key.core/../key.ui/examples/standard_key/strings/substring4.key.proof 
183576     DEBUG main            d.u.i.k.p.i.AbstractProblemLoader Environment load took 115.8ns 
183578     INFO  main            d.u.i.k.p.i.AbstractProblemLoader Creating init config 
186473     DEBUG main            d.u.i.k.p.i.AbstractProblemLoader Init config took 2.9s 
186491     INFO  main            d.u.i.k.p.i.AbstractProblemLoader Replaying proof substring4.key.proof 
186500     DEBUG main            d.u.i.k.p.i.IntermediateProofReplayer Proof replay took 5.1ms 
186501     DEBUG main            d.u.i.k.p.r.p.TestFile    ... success: reloaded. 
186504     INFO  main            d.u.i.k.p.r.p.TestFile    Now processing file /home/runner/work/key/key/key.core/../key.ui/examples/standard_key/strings/substring5.key 
186504     INFO  main            d.u.i.k.p.i.AbstractProblemLoader Loading environment from /home/runner/work/key/key/key.core/../key.ui/examples/standard_key/strings/substring5.key 
186504     DEBUG main            d.u.i.k.p.i.AbstractProblemLoader Environment load took 116.7ns 
186505     INFO  main            d.u.i.k.p.i.AbstractProblemLoader Creating init config 
189427     DEBUG main            d.u.i.k.p.i.AbstractProblemLoader Init config took 2.92s 
189446     INFO  main            d.u.i.k.p.i.AbstractProblemLoader Replaying proof substring5.key 
189447     DEBUG main            d.u.i.k.p.i.IntermediateProofReplayer Proof replay took 7.6ns 
189751     INFO  main            d.u.i.k.p.r.p.TestFile    ... finished proof: closed. 
190118     INFO  main            d.u.i.k.p.i.AbstractProblemLoader Loading environment from /home/runner/work/key/key/key.core/../key.ui/examples/standard_key/strings/substring5.key.proof 
190118     DEBUG main            d.u.i.k.p.i.AbstractProblemLoader Environment load took 370.9ns 
190119     INFO  main            d.u.i.k.p.i.AbstractProblemLoader Creating init config 
193069     DEBUG main            d.u.i.k.p.i.AbstractProblemLoader Init config took 2.95s 
193085     INFO  main            d.u.i.k.p.i.AbstractProblemLoader Replaying proof substring5.key.proof 
193130     DEBUG main            d.u.i.k.p.i.IntermediateProofReplayer Proof replay took 39.73ms 
193131     DEBUG main            d.u.i.k.p.r.p.TestFile    ... success: reloaded. 
5356802    INFO  Test worker     d.u.i.k.p.r.RunAllProofsTestUnit Returning from test strings 
5356803    INFO  Test worker     d.u.i.k.p.r.RunAllProofsTestUnit Running test simple_info_flow 
439        INFO  Timeout watchdog d.u.i.k.p.r.p.ForkedTestFileRunner Timeout watcher launched (2000 secs.) 
472        WARN  main            d.u.i.k.s.ProofSettings   The settings in /home/runner/.key/proof-settings.props are *not* read. 
542        INFO  main            d.u.i.k.p.r.p.TestFile    Now processing file /home/runner/work/key/key/key.core/../key.ui/examples/heap/information_flow/UpdateAbstraction_ex7_1_insecure.key 
708        INFO  main            d.u.i.k.p.i.AbstractProblemLoader Loading environment from /home/runner/work/key/key/key.core/../key.ui/examples/heap/information_flow/UpdateAbstraction_ex7_1_insecure.key 
730        DEBUG main            d.u.i.k.p.i.AbstractProblemLoader Environment load took 2.66ms 
1073       INFO  main            d.u.i.k.p.i.AbstractProblemLoader Creating init config 
2401       DEBUG main            d.u.i.k.j.TypeConverter   No LDT found for Meta 
2402       DEBUG main            d.u.i.k.j.TypeConverter   No LDT found for Meta 
2406       DEBUG main            d.u.i.k.j.TypeConverter   No LDT found for Meta 
2406       DEBUG main            d.u.i.k.j.TypeConverter   No LDT found for Meta 
3939       DEBUG main            d.u.i.k.j.TypeConverter   No LDT found for JavaBigintExpression 
11065      DEBUG main            d.u.i.k.p.i.AbstractProblemLoader Init config took 9.99s 
11245      INFO  main            d.u.i.k.p.i.AbstractProblemLoader Replaying proof UpdateAbstraction[UpdateAbstraction::ex7_1_insecure()].JML operation contract.0 
11298      DEBUG main            d.u.i.k.p.i.IntermediateProofReplayer Proof replay took 51.8ns 
12112      INFO  main            d.u.i.k.p.r.p.TestFile    ... finished proof: open goal(s) 
12335      INFO  main            d.u.i.k.p.r.p.TestFile    Now processing file /home/runner/work/key/key/key.core/../key.ui/examples/heap/information_flow/UpdateAbstraction_ex7_2_insecure.key 
12336      INFO  main            d.u.i.k.p.i.AbstractProblemLoader Loading environment from /home/runner/work/key/key/key.core/../key.ui/examples/heap/information_flow/UpdateAbstraction_ex7_2_insecure.key 
12337      DEBUG main            d.u.i.k.p.i.AbstractProblemLoader Environment load took 886.5ns 
12341      INFO  main            d.u.i.k.p.i.AbstractProblemLoader Creating init config 
16463      DEBUG main            d.u.i.k.p.i.AbstractProblemLoader Init config took 4.12s 
16554      INFO  main            d.u.i.k.p.i.AbstractProblemLoader Replaying proof UpdateAbstraction[UpdateAbstraction::ex7_2_insecure()].JML operation contract.0 
16557      DEBUG main            d.u.i.k.p.i.IntermediateProofReplayer Proof replay took 6.6ns 
17163      INFO  main            d.u.i.k.p.r.p.TestFile    ... finished proof: open goal(s) 
5374351    INFO  Test worker     d.u.i.k.p.r.RunAllProofsTestUnit Returning from test simple_info_flow 
5374353    INFO  Test worker     d.u.i.k.p.r.RunAllProofsTestUnit Running test modelMethods 
438        INFO  Timeout watchdog d.u.i.k.p.r.p.ForkedTestFileRunner Timeout watcher launched (2000 secs.) 
455        WARN  main            d.u.i.k.s.ProofSettings   The settings in /home/runner/.key/proof-settings.props are *not* read. 
511        INFO  main            d.u.i.k.p.r.p.TestFile    Now processing file /home/runner/work/key/key/key.core/../key.ui/examples/heap/model_methods/Cell_footprint_acc.key 
657        INFO  main            d.u.i.k.p.i.AbstractProblemLoader Loading environment from /home/runner/work/key/key/key.core/../key.ui/examples/heap/model_methods/Cell_footprint_acc.key 
679        DEBUG main            d.u.i.k.p.i.AbstractProblemLoader Environment load took 2.87ms 
1004       INFO  main            d.u.i.k.p.i.AbstractProblemLoader Creating init config 
2434       DEBUG main            d.u.i.k.j.TypeConverter   No LDT found for Meta 
2435       DEBUG main            d.u.i.k.j.TypeConverter   No LDT found for Meta 
2440       DEBUG main            d.u.i.k.j.TypeConverter   No LDT found for Meta 
2440       DEBUG main            d.u.i.k.j.TypeConverter   No LDT found for Meta 
4584       DEBUG main            d.u.i.k.j.TypeConverter   No LDT found for JavaBigintExpression 
11533      DEBUG main            d.u.i.k.p.i.AbstractProblemLoader Init config took 10.53s 
11715      INFO  main            d.u.i.k.p.i.AbstractProblemLoader Replaying proof Cell[Cell::footprint()].JML accessible clause.0 
11766      DEBUG main            d.u.i.k.p.i.IntermediateProofReplayer Proof replay took 39.9ns 
12409      INFO  main            d.u.i.k.p.r.p.TestFile    ... finished proof: closed. 
12546      INFO  main            d.u.i.k.p.i.AbstractProblemLoader Loading environment from /home/runner/work/key/key/key.core/../key.ui/examples/heap/model_methods/Cell_footprint_acc.key.proof 
12547      DEBUG main            d.u.i.k.p.i.AbstractProblemLoader Environment load took 951.1ns 
12554      INFO  main            d.u.i.k.p.i.AbstractProblemLoader Creating init config 
16396      DEBUG main            d.u.i.k.p.i.AbstractProblemLoader Init config took 3.84s 
16554      INFO  main            d.u.i.k.p.i.AbstractProblemLoader Replaying proof Cell[Cell::footprint()].JML accessible clause.0 
16642      DEBUG main            d.u.i.k.p.i.IntermediateProofReplayer Proof replay took 76.34ms 
16652      DEBUG main            d.u.i.k.p.r.p.TestFile    ... success: reloaded. 
16654      INFO  main            d.u.i.k.p.r.p.TestFile    Now processing file /home/runner/work/key/key/key.core/../key.ui/examples/heap/model_methods/Cell_footprint.key 
16655      INFO  main            d.u.i.k.p.i.AbstractProblemLoader Loading environment from /home/runner/work/key/key/key.core/../key.ui/examples/heap/model_methods/Cell_footprint.key 
16655      DEBUG main            d.u.i.k.p.i.AbstractProblemLoader Environment load took 226.5ns 
16657      INFO  main            d.u.i.k.p.i.AbstractProblemLoader Creating init config 
20355      DEBUG main            d.u.i.k.p.i.AbstractProblemLoader Init config took 3.7s 
20472      INFO  main            d.u.i.k.p.i.AbstractProblemLoader Replaying proof Cell[Cell::footprint()].JML model_behavior operation contract.0 
20477      DEBUG main            d.u.i.k.p.i.IntermediateProofReplayer Proof replay took 8ns 
20579      INFO  main            d.u.i.k.p.r.p.TestFile    ... finished proof: closed. 
20754      INFO  main            d.u.i.k.p.i.AbstractProblemLoader Loading environment from /home/runner/work/key/key/key.core/../key.ui/examples/heap/model_methods/Cell_footprint.key.proof 
20754      DEBUG main            d.u.i.k.p.i.AbstractProblemLoader Environment load took 174.8ns 
20757      INFO  main            d.u.i.k.p.i.AbstractProblemLoader Creating init config 
24283      DEBUG main            d.u.i.k.p.i.AbstractProblemLoader Init config took 3.53s 
24382      INFO  main            d.u.i.k.p.i.AbstractProblemLoader Replaying proof Cell[Cell::footprint()].JML model_behavior operation contract.0 
24407      DEBUG main            d.u.i.k.p.i.IntermediateProofReplayer Proof replay took 18.87ms 
24409      DEBUG main            d.u.i.k.p.r.p.TestFile    ... success: reloaded. 
24411      INFO  main            d.u.i.k.p.r.p.TestFile    Now processing file /home/runner/work/key/key/key.core/../key.ui/examples/heap/model_methods/Cell_get_acc.key 
24412      INFO  main            d.u.i.k.p.i.AbstractProblemLoader Loading environment from /home/runner/work/key/key/key.core/../key.ui/examples/heap/model_methods/Cell_get_acc.key 
24412      DEBUG main            d.u.i.k.p.i.AbstractProblemLoader Environment load took 303.6ns 
24416      INFO  main            d.u.i.k.p.i.AbstractProblemLoader Creating init config 
28052      DEBUG main            d.u.i.k.p.i.AbstractProblemLoader Init config took 3.64s 
28124      INFO  main            d.u.i.k.p.i.AbstractProblemLoader Replaying proof Cell[Cell::get()].JML accessible clause.0 
28127      DEBUG main            d.u.i.k.p.i.IntermediateProofReplayer Proof replay took 7ns 
28341      INFO  main            d.u.i.k.p.r.p.TestFile    ... finished proof: closed. 
28538      INFO  main            d.u.i.k.p.i.AbstractProblemLoader Loading environment from /home/runner/work/key/key/key.core/../key.ui/examples/heap/model_methods/Cell_get_acc.key.proof 
28541      DEBUG main            d.u.i.k.p.i.AbstractProblemLoader Environment load took 2.87ms 
28543      INFO  main            d.u.i.k.p.i.AbstractProblemLoader Creating init config 
32030      DEBUG main            d.u.i.k.p.i.AbstractProblemLoader Init config took 3.49s 
32100      INFO  main            d.u.i.k.p.i.AbstractProblemLoader Replaying proof Cell[Cell::get()].JML accessible clause.0 
32151      DEBUG main            d.u.i.k.p.i.IntermediateProofReplayer Proof replay took 45.54ms 
32153      DEBUG main            d.u.i.k.p.r.p.TestFile    ... success: reloaded. 
32154      INFO  main            d.u.i.k.p.r.p.TestFile    Now processing file /home/runner/work/key/key/key.core/../key.ui/examples/heap/model_methods/Cell_get.key 
32155      INFO  main            d.u.i.k.p.i.AbstractProblemLoader Loading environment from /home/runner/work/key/key/key.core/../key.ui/examples/heap/model_methods/Cell_get.key 
32155      DEBUG main            d.u.i.k.p.i.AbstractProblemLoader Environment load took 223.5ns 
32156      INFO  main            d.u.i.k.p.i.AbstractProblemLoader Creating init config 
35686      DEBUG main            d.u.i.k.p.i.AbstractProblemLoader Init config took 3.53s 
35756      INFO  main            d.u.i.k.p.i.AbstractProblemLoader Replaying proof Cell[Cell::get()].JML operation contract.0 
35760      DEBUG main            d.u.i.k.p.i.IntermediateProofReplayer Proof replay took 7.9ns 
35863      INFO  main            d.u.i.k.p.r.p.TestFile    ... finished proof: closed. 
36052      INFO  main            d.u.i.k.p.i.AbstractProblemLoader Loading environment from /home/runner/work/key/key/key.core/../key.ui/examples/heap/model_methods/Cell_get.key.proof 
36052      DEBUG main            d.u.i.k.p.i.AbstractProblemLoader Environment load took 147.7ns 
36054      INFO  main            d.u.i.k.p.i.AbstractProblemLoader Creating init config 
39473      DEBUG main            d.u.i.k.p.i.AbstractProblemLoader Init config took 3.42s 
39538      INFO  main            d.u.i.k.p.i.AbstractProblemLoader Replaying proof Cell[Cell::get()].JML operation contract.0 
39564      DEBUG main            d.u.i.k.p.i.IntermediateProofReplayer Proof replay took 22.51ms 
39565      DEBUG main            d.u.i.k.p.r.p.TestFile    ... success: reloaded. 
39567      INFO  main            d.u.i.k.p.r.p.TestFile    Now processing file /home/runner/work/key/key/key.core/../key.ui/examples/heap/model_methods/Cell_post_set.key 
39567      INFO  main            d.u.i.k.p.i.AbstractProblemLoader Loading environment from /home/runner/work/key/key/key.core/../key.ui/examples/heap/model_methods/Cell_post_set.key 
39568      DEBUG main            d.u.i.k.p.i.AbstractProblemLoader Environment load took 226.1ns 
39569      INFO  main            d.u.i.k.p.i.AbstractProblemLoader Creating init config 
43050      DEBUG main            d.u.i.k.p.i.AbstractProblemLoader Init config took 3.48s 
43150      INFO  main            d.u.i.k.p.i.AbstractProblemLoader Replaying proof Cell[Cell::post_set(int)].JML model_behavior operation contract.0 
43154      DEBUG main            d.u.i.k.p.i.IntermediateProofReplayer Proof replay took 7.8ns 
43257      INFO  main            d.u.i.k.p.r.p.TestFile    ... finished proof: closed. 
43462      INFO  main            d.u.i.k.p.i.AbstractProblemLoader Loading environment from /home/runner/work/key/key/key.core/../key.ui/examples/heap/model_methods/Cell_post_set.key.proof 
43462      DEBUG main            d.u.i.k.p.i.AbstractProblemLoader Environment load took 146ns 
43463      INFO  main            d.u.i.k.p.i.AbstractProblemLoader Creating init config 
46847      DEBUG main            d.u.i.k.p.i.AbstractProblemLoader Init config took 3.38s 
46908      INFO  main            d.u.i.k.p.i.AbstractProblemLoader Replaying proof Cell[Cell::post_set(int)].JML model_behavior operation contract.0 
46917      DEBUG main            d.u.i.k.p.i.IntermediateProofReplayer Proof replay took 6.94ms 
46918      DEBUG main            d.u.i.k.p.r.p.TestFile    ... success: reloaded. 
46920      INFO  main            d.u.i.k.p.r.p.TestFile    Now processing file /home/runner/work/key/key/key.core/../key.ui/examples/heap/model_methods/Cell_set.key 
46921      INFO  main            d.u.i.k.p.i.AbstractProblemLoader Loading environment from /home/runner/work/key/key/key.core/../key.ui/examples/heap/model_methods/Cell_set.key 
46921      DEBUG main            d.u.i.k.p.i.AbstractProblemLoader Environment load took 207.3ns 
46922      INFO  main            d.u.i.k.p.i.AbstractProblemLoader Creating init config 
50356      DEBUG main            d.u.i.k.p.i.AbstractProblemLoader Init config took 3.43s 
50423      INFO  main            d.u.i.k.p.i.AbstractProblemLoader Replaying proof Cell[Cell::set(int)].JML operation contract.0 
50428      DEBUG main            d.u.i.k.p.i.IntermediateProofReplayer Proof replay took 7.3ns 
58813      INFO  main            d.u.i.k.p.r.p.TestFile    ... finished proof: closed. 
59089      INFO  main            d.u.i.k.p.i.AbstractProblemLoader Loading environment from /home/runner/work/key/key/key.core/../key.ui/examples/heap/model_methods/Cell_set.key.proof 
59090      DEBUG main            d.u.i.k.p.i.AbstractProblemLoader Environment load took 470.6ns 
59091      INFO  main            d.u.i.k.p.i.AbstractProblemLoader Creating init config 
62400      DEBUG main            d.u.i.k.p.i.AbstractProblemLoader Init config took 3.31s 
62460      INFO  main            d.u.i.k.p.i.AbstractProblemLoader Replaying proof Cell[Cell::set(int)].JML operation contract.0 
63366      DEBUG main            d.u.i.k.p.i.IntermediateProofReplayer Proof replay took 882.24ms 
63369      DEBUG main            d.u.i.k.p.r.p.TestFile    ... success: reloaded. 
63370      INFO  main            d.u.i.k.p.r.p.TestFile    Now processing file /home/runner/work/key/key/key.core/../key.ui/examples/heap/model_methods/CellTest_callSet.key 
63371      INFO  main            d.u.i.k.p.i.AbstractProblemLoader Loading environment from /home/runner/work/key/key/key.core/../key.ui/examples/heap/model_methods/CellTest_callSet.key 
63371      DEBUG main            d.u.i.k.p.i.AbstractProblemLoader Environment load took 223.3ns 
63372      INFO  main            d.u.i.k.p.i.AbstractProblemLoader Creating init config 
66849      DEBUG main            d.u.i.k.p.i.AbstractProblemLoader Init config took 3.48s 
66905      INFO  main            d.u.i.k.p.i.AbstractProblemLoader Replaying proof CellTest[CellTest::callSet(Cell,int)].JML operation contract.0 
66908      DEBUG main            d.u.i.k.p.i.IntermediateProofReplayer Proof replay took 7.5ns 
67215      INFO  main            d.u.i.k.p.r.p.TestFile    ... finished proof: closed. 
67482      INFO  main            d.u.i.k.p.i.AbstractProblemLoader Loading environment from /home/runner/work/key/key/key.core/../key.ui/examples/heap/model_methods/CellTest_callSet.key.proof 
67483      DEBUG main            d.u.i.k.p.i.AbstractProblemLoader Environment load took 424.4ns 
67484      INFO  main            d.u.i.k.p.i.AbstractProblemLoader Creating init config 
70780      DEBUG main            d.u.i.k.p.i.AbstractProblemLoader Init config took 3.3s 
70837      INFO  main            d.u.i.k.p.i.AbstractProblemLoader Replaying proof CellTest[CellTest::callSet(Cell,int)].JML operation contract.0 
70905      DEBUG main            d.u.i.k.p.i.IntermediateProofReplayer Proof replay took 64.59ms 
70907      DEBUG main            d.u.i.k.p.r.p.TestFile    ... success: reloaded. 
70909      INFO  main            d.u.i.k.p.r.p.TestFile    Now processing file /home/runner/work/key/key/key.core/../key.ui/examples/heap/model_methods/CellTest_test2.key 
70910      INFO  main            d.u.i.k.p.i.AbstractProblemLoader Loading environment from /home/runner/work/key/key/key.core/../key.ui/examples/heap/model_methods/CellTest_test2.key 
70910      DEBUG main            d.u.i.k.p.i.AbstractProblemLoader Environment load took 218.6ns 
70911      INFO  main            d.u.i.k.p.i.AbstractProblemLoader Creating init config 
74242      DEBUG main            d.u.i.k.p.i.AbstractProblemLoader Init config took 3.33s 
74297      INFO  main            d.u.i.k.p.i.AbstractProblemLoader Replaying proof CellTest[CellTest::test2(Cell)].JML operation contract.0 
74299      DEBUG main            d.u.i.k.p.i.IntermediateProofReplayer Proof replay took 7.1ns 
74703      INFO  main            d.u.i.k.p.r.p.TestFile    ... finished proof: closed. 
74961      INFO  main            d.u.i.k.p.i.AbstractProblemLoader Loading environment from /home/runner/work/key/key/key.core/../key.ui/examples/heap/model_methods/CellTest_test2.key.proof 
74962      DEBUG main            d.u.i.k.p.i.AbstractProblemLoader Environment load took 804.4ns 
74964      INFO  main            d.u.i.k.p.i.AbstractProblemLoader Creating init config 
78253      DEBUG main            d.u.i.k.p.i.AbstractProblemLoader Init config took 3.29s 
78308      INFO  main            d.u.i.k.p.i.AbstractProblemLoader Replaying proof CellTest[CellTest::test2(Cell)].JML operation contract.0 
78423      DEBUG main            d.u.i.k.p.i.IntermediateProofReplayer Proof replay took 111.17ms 
78424      DEBUG main            d.u.i.k.p.r.p.TestFile    ... success: reloaded. 
78426      INFO  main            d.u.i.k.p.r.p.TestFile    Now processing file /home/runner/work/key/key/key.core/../key.ui/examples/heap/model_methods/CellTest_test.key 
78426      INFO  main            d.u.i.k.p.i.AbstractProblemLoader Loading environment from /home/runner/work/key/key/key.core/../key.ui/examples/heap/model_methods/CellTest_test.key 
78427      DEBUG main            d.u.i.k.p.i.AbstractProblemLoader Environment load took 227.2ns 
78428      INFO  main            d.u.i.k.p.i.AbstractProblemLoader Creating init config 
81818      DEBUG main            d.u.i.k.p.i.AbstractProblemLoader Init config took 3.39s 
81874      INFO  main            d.u.i.k.p.i.AbstractProblemLoader Replaying proof CellTest[CellTest::test(Recell)].JML operation contract.0 
81876      DEBUG main            d.u.i.k.p.i.IntermediateProofReplayer Proof replay took 7.5ns 
85600      INFO  main            d.u.i.k.p.r.p.TestFile    ... finished proof: closed. 
85882      INFO  main            d.u.i.k.p.i.AbstractProblemLoader Loading environment from /home/runner/work/key/key/key.core/../key.ui/examples/heap/model_methods/CellTest_test.key.proof 
85882      DEBUG main            d.u.i.k.p.i.AbstractProblemLoader Environment load took 148.5ns 
85884      INFO  main            d.u.i.k.p.i.AbstractProblemLoader Creating init config 
89201      DEBUG main            d.u.i.k.p.i.AbstractProblemLoader Init config took 3.32s 
89262      INFO  main            d.u.i.k.p.i.AbstractProblemLoader Replaying proof CellTest[CellTest::test(Recell)].JML operation contract.0 
90070      DEBUG main            d.u.i.k.p.i.IntermediateProofReplayer Proof replay took 784.38ms 
90072      DEBUG main            d.u.i.k.p.r.p.TestFile    ... success: reloaded. 
90074      INFO  main            d.u.i.k.p.r.p.TestFile    Now processing file /home/runner/work/key/key/key.core/../key.ui/examples/heap/model_methods/Coll1_add.key 
90074      INFO  main            d.u.i.k.p.i.AbstractProblemLoader Loading environment from /home/runner/work/key/key/key.core/../key.ui/examples/heap/model_methods/Coll1_add.key 
90074      DEBUG main            d.u.i.k.p.i.AbstractProblemLoader Environment load took 212.5ns 
90076      INFO  main            d.u.i.k.p.i.AbstractProblemLoader Creating init config 
93401      DEBUG main            d.u.i.k.p.i.AbstractProblemLoader Init config took 3.33s 
93455      INFO  main            d.u.i.k.p.i.AbstractProblemLoader Replaying proof Coll1[Coll::add(int)].JML operation contract.0 
93457      DEBUG main            d.u.i.k.p.i.IntermediateProofReplayer Proof replay took 7.7ns 
93561      INFO  main            d.u.i.k.p.r.p.TestFile    ... finished proof: closed. 
93805      INFO  main            d.u.i.k.p.i.AbstractProblemLoader Loading environment from /home/runner/work/key/key/key.core/../key.ui/examples/heap/model_methods/Coll1_add.key.proof 
93805      DEBUG main            d.u.i.k.p.i.AbstractProblemLoader Environment load took 144.3ns 
93806      INFO  main            d.u.i.k.p.i.AbstractProblemLoader Creating init config 
97101      DEBUG main            d.u.i.k.p.i.AbstractProblemLoader Init config took 3.3s 
97163      INFO  main            d.u.i.k.p.i.AbstractProblemLoader Replaying proof Coll1[Coll::add(int)].JML operation contract.0 
97177      DEBUG main            d.u.i.k.p.i.IntermediateProofReplayer Proof replay took 11.67ms 
97179      DEBUG main            d.u.i.k.p.r.p.TestFile    ... success: reloaded. 
97182      INFO  main            d.u.i.k.p.r.p.TestFile    Now processing file /home/runner/work/key/key/key.core/../key.ui/examples/heap/model_methods/Coll1_Coll1_add_pre.key 
97182      INFO  main            d.u.i.k.p.i.AbstractProblemLoader Loading environment from /home/runner/work/key/key/key.core/../key.ui/examples/heap/model_methods/Coll1_Coll1_add_pre.key 
97182      DEBUG main            d.u.i.k.p.i.AbstractProblemLoader Environment load took 171.4ns 
97184      INFO  main            d.u.i.k.p.i.AbstractProblemLoader Creating init config 
100462     DEBUG main            d.u.i.k.p.i.AbstractProblemLoader Init config took 3.28s 
100516     INFO  main            d.u.i.k.p.i.AbstractProblemLoader Replaying proof Coll1[Coll1::add_pre(int)].JML model_behavior operation contract.0 
100518     DEBUG main            d.u.i.k.p.i.IntermediateProofReplayer Proof replay took 8ns 
100620     INFO  main            d.u.i.k.p.r.p.TestFile    ... finished proof: closed. 
100876     INFO  main            d.u.i.k.p.i.AbstractProblemLoader Loading environment from /home/runner/work/key/key/key.core/../key.ui/examples/heap/model_methods/Coll1_Coll1_add_pre.key.proof 
100876     DEBUG main            d.u.i.k.p.i.AbstractProblemLoader Environment load took 240.1ns 
100877     INFO  main            d.u.i.k.p.i.AbstractProblemLoader Creating init config 
104093     DEBUG main            d.u.i.k.p.i.AbstractProblemLoader Init config took 3.22s 
104145     INFO  main            d.u.i.k.p.i.AbstractProblemLoader Replaying proof Coll1[Coll1::add_pre(int)].JML model_behavior operation contract.0 
104149     DEBUG main            d.u.i.k.p.i.IntermediateProofReplayer Proof replay took 2.08ms 
104150     DEBUG main            d.u.i.k.p.r.p.TestFile    ... success: reloaded. 
104152     INFO  main            d.u.i.k.p.r.p.TestFile    Now processing file /home/runner/work/key/key/key.core/../key.ui/examples/heap/model_methods/Coll1_Coll_add_pre.key 
104152     INFO  main            d.u.i.k.p.i.AbstractProblemLoader Loading environment from /home/runner/work/key/key/key.core/../key.ui/examples/heap/model_methods/Coll1_Coll_add_pre.key 
104152     DEBUG main            d.u.i.k.p.i.AbstractProblemLoader Environment load took 115ns 
104156     INFO  main            d.u.i.k.p.i.AbstractProblemLoader Creating init config 
107537     DEBUG main            d.u.i.k.p.i.AbstractProblemLoader Init config took 3.38s 
107589     INFO  main            d.u.i.k.p.i.AbstractProblemLoader Replaying proof Coll1[Coll::add_pre(int)].JML model_behavior operation contract.0 
107591     DEBUG main            d.u.i.k.p.i.IntermediateProofReplayer Proof replay took 7.7ns 
107698     INFO  main            d.u.i.k.p.r.p.TestFile    ... finished proof: closed. 
107961     INFO  main            d.u.i.k.p.i.AbstractProblemLoader Loading environment from /home/runner/work/key/key/key.core/../key.ui/examples/heap/model_methods/Coll1_Coll_add_pre.key.proof 
107962     DEBUG main            d.u.i.k.p.i.AbstractProblemLoader Environment load took 265.1ns 
107963     INFO  main            d.u.i.k.p.i.AbstractProblemLoader Creating init config 
111215     DEBUG main            d.u.i.k.p.i.AbstractProblemLoader Init config took 3.25s 
111267     INFO  main            d.u.i.k.p.i.AbstractProblemLoader Replaying proof Coll1[Coll::add_pre(int)].JML model_behavior operation contract.0 
111272     DEBUG main            d.u.i.k.p.i.IntermediateProofReplayer Proof replay took 2.97ms 
111273     DEBUG main            d.u.i.k.p.r.p.TestFile    ... success: reloaded. 
111274     INFO  main            d.u.i.k.p.r.p.TestFile    Now processing file /home/runner/work/key/key/key.core/../key.ui/examples/heap/model_methods/Coll2_add.key 
111274     INFO  main            d.u.i.k.p.i.AbstractProblemLoader Loading environment from /home/runner/work/key/key/key.core/../key.ui/examples/heap/model_methods/Coll2_add.key 
111275     DEBUG main            d.u.i.k.p.i.AbstractProblemLoader Environment load took 115ns 
111276     INFO  main            d.u.i.k.p.i.AbstractProblemLoader Creating init config 
114571     DEBUG main            d.u.i.k.p.i.AbstractProblemLoader Init config took 3.3s 
114625     INFO  main            d.u.i.k.p.i.AbstractProblemLoader Replaying proof Coll2[Coll::add(int)].JML operation contract.0 
114627     DEBUG main            d.u.i.k.p.i.IntermediateProofReplayer Proof replay took 7.8ns 
114729     INFO  main            d.u.i.k.p.r.p.TestFile    ... finished proof: closed. 
115002     INFO  main            d.u.i.k.p.i.AbstractProblemLoader Loading environment from /home/runner/work/key/key/key.core/../key.ui/examples/heap/model_methods/Coll2_add.key.proof 
115002     DEBUG main            d.u.i.k.p.i.AbstractProblemLoader Environment load took 135.7ns 
115003     INFO  main            d.u.i.k.p.i.AbstractProblemLoader Creating init config 
118269     DEBUG main            d.u.i.k.p.i.AbstractProblemLoader Init config took 3.27s 
118326     INFO  main            d.u.i.k.p.i.AbstractProblemLoader Replaying proof Coll2[Coll::add(int)].JML operation contract.0 
118341     DEBUG main            d.u.i.k.p.i.IntermediateProofReplayer Proof replay took 9.06ms 
118342     DEBUG main            d.u.i.k.p.r.p.TestFile    ... success: reloaded. 
118344     INFO  main            d.u.i.k.p.r.p.TestFile    Now processing file /home/runner/work/key/key/key.core/../key.ui/examples/heap/model_methods/Coll2_Coll2_add_pre.key 
118345     INFO  main            d.u.i.k.p.i.AbstractProblemLoader Loading environment from /home/runner/work/key/key/key.core/../key.ui/examples/heap/model_methods/Coll2_Coll2_add_pre.key 
118345     DEBUG main            d.u.i.k.p.i.AbstractProblemLoader Environment load took 260ns 
118346     INFO  main            d.u.i.k.p.i.AbstractProblemLoader Creating init config 
121648     DEBUG main            d.u.i.k.p.i.AbstractProblemLoader Init config took 3.3s 
121697     INFO  main            d.u.i.k.p.i.AbstractProblemLoader Replaying proof Coll2[Coll2::add_pre(int)].JML model_behavior operation contract.0 
121699     DEBUG main            d.u.i.k.p.i.IntermediateProofReplayer Proof replay took 8.1ns 
121805     INFO  main            d.u.i.k.p.r.p.TestFile    ... finished proof: closed. 
122095     INFO  main            d.u.i.k.p.i.AbstractProblemLoader Loading environment from /home/runner/work/key/key/key.core/../key.ui/examples/heap/model_methods/Coll2_Coll2_add_pre.key.proof 
122096     DEBUG main            d.u.i.k.p.i.AbstractProblemLoader Environment load took 181.3ns 
122097     INFO  main            d.u.i.k.p.i.AbstractProblemLoader Creating init config 
125441     DEBUG main            d.u.i.k.p.i.AbstractProblemLoader Init config took 3.34s 
125492     INFO  main            d.u.i.k.p.i.AbstractProblemLoader Replaying proof Coll2[Coll2::add_pre(int)].JML model_behavior operation contract.0 
125496     DEBUG main            d.u.i.k.p.i.IntermediateProofReplayer Proof replay took 2.02ms 
125498     DEBUG main            d.u.i.k.p.r.p.TestFile    ... success: reloaded. 
125499     INFO  main            d.u.i.k.p.r.p.TestFile    Now processing file /home/runner/work/key/key/key.core/../key.ui/examples/heap/model_methods/Coll2_Coll_add_pre.key 
125499     INFO  main            d.u.i.k.p.i.AbstractProblemLoader Loading environment from /home/runner/work/key/key/key.core/../key.ui/examples/heap/model_methods/Coll2_Coll_add_pre.key 
125500     DEBUG main            d.u.i.k.p.i.AbstractProblemLoader Environment load took 870.6ns 
125501     INFO  main            d.u.i.k.p.i.AbstractProblemLoader Creating init config 
128773     DEBUG main            d.u.i.k.p.i.AbstractProblemLoader Init config took 3.27s 
128824     INFO  main            d.u.i.k.p.i.AbstractProblemLoader Replaying proof Coll2[Coll::add_pre(int)].JML model_behavior operation contract.0 
128830     DEBUG main            d.u.i.k.p.i.IntermediateProofReplayer Proof replay took 7.5ns 
128932     INFO  main            d.u.i.k.p.r.p.TestFile    ... finished proof: closed. 
129233     INFO  main            d.u.i.k.p.i.AbstractProblemLoader Loading environment from /home/runner/work/key/key/key.core/../key.ui/examples/heap/model_methods/Coll2_Coll_add_pre.key.proof 
129234     DEBUG main            d.u.i.k.p.i.AbstractProblemLoader Environment load took 152.2ns 
129235     INFO  main            d.u.i.k.p.i.AbstractProblemLoader Creating init config 
132485     DEBUG main            d.u.i.k.p.i.AbstractProblemLoader Init config took 3.25s 
132533     INFO  main            d.u.i.k.p.i.AbstractProblemLoader Replaying proof Coll2[Coll::add_pre(int)].JML model_behavior operation contract.0 
132539     DEBUG main            d.u.i.k.p.i.IntermediateProofReplayer Proof replay took 2.96ms 
132540     DEBUG main            d.u.i.k.p.r.p.TestFile    ... success: reloaded. 
132542     INFO  main            d.u.i.k.p.r.p.TestFile    Now processing file /home/runner/work/key/key/key.core/../key.ui/examples/heap/model_methods/Coll_add.key 
132542     INFO  main            d.u.i.k.p.i.AbstractProblemLoader Loading environment from /home/runner/work/key/key/key.core/../key.ui/examples/heap/model_methods/Coll_add.key 
132542     DEBUG main            d.u.i.k.p.i.AbstractProblemLoader Environment load took 153ns 
132543     INFO  main            d.u.i.k.p.i.AbstractProblemLoader Creating init config 
135901     DEBUG main            d.u.i.k.p.i.AbstractProblemLoader Init config took 3.36s 
135952     INFO  main            d.u.i.k.p.i.AbstractProblemLoader Replaying proof Coll[Coll::add(int)].JML operation contract.0 
135954     DEBUG main            d.u.i.k.p.i.IntermediateProofReplayer Proof replay took 7.6ns 
136057     INFO  main            d.u.i.k.p.r.p.TestFile    ... finished proof: closed. 
136371     INFO  main            d.u.i.k.p.i.AbstractProblemLoader Loading environment from /home/runner/work/key/key/key.core/../key.ui/examples/heap/model_methods/Coll_add.key.proof 
136371     DEBUG main            d.u.i.k.p.i.AbstractProblemLoader Environment load took 129ns 
136372     INFO  main            d.u.i.k.p.i.AbstractProblemLoader Creating init config 
139590     DEBUG main            d.u.i.k.p.i.AbstractProblemLoader Init config took 3.22s 
139643     INFO  main            d.u.i.k.p.i.AbstractProblemLoader Replaying proof Coll[Coll::add(int)].JML operation contract.0 
139648     DEBUG main            d.u.i.k.p.i.IntermediateProofReplayer Proof replay took 3.03ms 
139649     DEBUG main            d.u.i.k.p.r.p.TestFile    ... success: reloaded. 
139650     INFO  main            d.u.i.k.p.r.p.TestFile    Now processing file /home/runner/work/key/key/key.core/../key.ui/examples/heap/model_methods/Coll_add_pre.key 
139651     INFO  main            d.u.i.k.p.i.AbstractProblemLoader Loading environment from /home/runner/work/key/key/key.core/../key.ui/examples/heap/model_methods/Coll_add_pre.key 
139651     DEBUG main            d.u.i.k.p.i.AbstractProblemLoader Environment load took 117.5ns 
139652     INFO  main            d.u.i.k.p.i.AbstractProblemLoader Creating init config 
143013     DEBUG main            d.u.i.k.p.i.AbstractProblemLoader Init config took 3.36s 
143062     INFO  main            d.u.i.k.p.i.AbstractProblemLoader Replaying proof Coll[Coll::add_pre(int)].JML model_behavior operation contract.0 
143064     DEBUG main            d.u.i.k.p.i.IntermediateProofReplayer Proof replay took 28.6ns 
143166     INFO  main            d.u.i.k.p.r.p.TestFile    ... finished proof: closed. 
143476     INFO  main            d.u.i.k.p.i.AbstractProblemLoader Loading environment from /home/runner/work/key/key/key.core/../key.ui/examples/heap/model_methods/Coll_add_pre.key.proof 
143476     DEBUG main            d.u.i.k.p.i.AbstractProblemLoader Environment load took 230.3ns 
143477     INFO  main            d.u.i.k.p.i.AbstractProblemLoader Creating init config 
146678     DEBUG main            d.u.i.k.p.i.AbstractProblemLoader Init config took 3.2s 
146726     INFO  main            d.u.i.k.p.i.AbstractProblemLoader Replaying proof Coll[Coll::add_pre(int)].JML model_behavior operation contract.0 
146731     DEBUG main            d.u.i.k.p.i.IntermediateProofReplayer Proof replay took 3.74ms 
146732     DEBUG main            d.u.i.k.p.r.p.TestFile    ... success: reloaded. 
146734     INFO  main            d.u.i.k.p.r.p.TestFile    Now processing file /home/runner/work/key/key/key.core/../key.ui/examples/heap/model_methods/Indirect_callAdd.key 
146734     INFO  main            d.u.i.k.p.i.AbstractProblemLoader Loading environment from /home/runner/work/key/key/key.core/../key.ui/examples/heap/model_methods/Indirect_callAdd.key 
146734     DEBUG main            d.u.i.k.p.i.AbstractProblemLoader Environment load took 131.8ns 
146735     INFO  main            d.u.i.k.p.i.AbstractProblemLoader Creating init config 
150065     DEBUG main            d.u.i.k.p.i.AbstractProblemLoader Init config took 3.33s 
150123     INFO  main            d.u.i.k.p.i.AbstractProblemLoader Replaying proof Indirect[Indirect::callAdd(Coll,int)].JML operation contract.0 
150126     DEBUG main            d.u.i.k.p.i.IntermediateProofReplayer Proof replay took 7.9ns 
150328     INFO  main            d.u.i.k.p.r.p.TestFile    ... finished proof: closed. 
150647     INFO  main            d.u.i.k.p.i.AbstractProblemLoader Loading environment from /home/runner/work/key/key/key.core/../key.ui/examples/heap/model_methods/Indirect_callAdd.key.proof 
150647     DEBUG main            d.u.i.k.p.i.AbstractProblemLoader Environment load took 151.5ns 
150649     INFO  main            d.u.i.k.p.i.AbstractProblemLoader Creating init config 
153885     DEBUG main            d.u.i.k.p.i.AbstractProblemLoader Init config took 3.24s 
153937     INFO  main            d.u.i.k.p.i.AbstractProblemLoader Replaying proof Indirect[Indirect::callAdd(Coll,int)].JML operation contract.0 
153974     DEBUG main            d.u.i.k.p.i.IntermediateProofReplayer Proof replay took 33.76ms 
153975     DEBUG main            d.u.i.k.p.r.p.TestFile    ... success: reloaded. 
153976     INFO  main            d.u.i.k.p.r.p.TestFile    Now processing file /home/runner/work/key/key/key.core/../key.ui/examples/heap/model_methods/Indirect_test.key 
153976     INFO  main            d.u.i.k.p.i.AbstractProblemLoader Loading environment from /home/runner/work/key/key/key.core/../key.ui/examples/heap/model_methods/Indirect_test.key 
153976     DEBUG main            d.u.i.k.p.i.AbstractProblemLoader Environment load took 129ns 
153977     INFO  main            d.u.i.k.p.i.AbstractProblemLoader Creating init config 
157292     DEBUG main            d.u.i.k.p.i.AbstractProblemLoader Init config took 3.31s 
157341     INFO  main            d.u.i.k.p.i.AbstractProblemLoader Replaying proof Indirect[Indirect::test(Coll1,Coll2)].JML operation contract.0 
157343     DEBUG main            d.u.i.k.p.i.IntermediateProofReplayer Proof replay took 7.5ns 
157646     INFO  main            d.u.i.k.p.r.p.TestFile    ... finished proof: closed. 
157983     INFO  main            d.u.i.k.p.i.AbstractProblemLoader Loading environment from /home/runner/work/key/key/key.core/../key.ui/examples/heap/model_methods/Indirect_test.key.proof 
157984     DEBUG main            d.u.i.k.p.i.AbstractProblemLoader Environment load took 490.9ns 
157985     INFO  main            d.u.i.k.p.i.AbstractProblemLoader Creating init config 
161200     DEBUG main            d.u.i.k.p.i.AbstractProblemLoader Init config took 3.22s 
161251     INFO  main            d.u.i.k.p.i.AbstractProblemLoader Replaying proof Indirect[Indirect::test(Coll1,Coll2)].JML operation contract.0 
161324     DEBUG main            d.u.i.k.p.i.IntermediateProofReplayer Proof replay took 69.54ms 
161326     DEBUG main            d.u.i.k.p.r.p.TestFile    ... success: reloaded. 
161327     INFO  main            d.u.i.k.p.r.p.TestFile    Now processing file /home/runner/work/key/key/key.core/../key.ui/examples/heap/model_methods/Recell_Cell_footprint.key 
161327     INFO  main            d.u.i.k.p.i.AbstractProblemLoader Loading environment from /home/runner/work/key/key/key.core/../key.ui/examples/heap/model_methods/Recell_Cell_footprint.key 
161327     DEBUG main            d.u.i.k.p.i.AbstractProblemLoader Environment load took 113.2ns 
161328     INFO  main            d.u.i.k.p.i.AbstractProblemLoader Creating init config 
164613     DEBUG main            d.u.i.k.p.i.AbstractProblemLoader Init config took 3.28s 
164662     INFO  main            d.u.i.k.p.i.AbstractProblemLoader Replaying proof Recell[Cell::footprint()].JML model_behavior operation contract.0 
164663     DEBUG main            d.u.i.k.p.i.IntermediateProofReplayer Proof replay took 7.4ns 
164766     INFO  main            d.u.i.k.p.r.p.TestFile    ... finished proof: closed. 
165100     INFO  main            d.u.i.k.p.i.AbstractProblemLoader Loading environment from /home/runner/work/key/key/key.core/../key.ui/examples/heap/model_methods/Recell_Cell_footprint.key.proof 
165100     DEBUG main            d.u.i.k.p.i.AbstractProblemLoader Environment load took 167ns 
165101     INFO  main            d.u.i.k.p.i.AbstractProblemLoader Creating init config 
168315     DEBUG main            d.u.i.k.p.i.AbstractProblemLoader Init config took 3.21s 
168365     INFO  main            d.u.i.k.p.i.AbstractProblemLoader Replaying proof Recell[Cell::footprint()].JML model_behavior operation contract.0 
168372     DEBUG main            d.u.i.k.p.i.IntermediateProofReplayer Proof replay took 4.12ms 
168373     DEBUG main            d.u.i.k.p.r.p.TestFile    ... success: reloaded. 
168374     INFO  main            d.u.i.k.p.r.p.TestFile    Now processing file /home/runner/work/key/key/key.core/../key.ui/examples/heap/model_methods/Recell_Cell_post_set.key 
168374     INFO  main            d.u.i.k.p.i.AbstractProblemLoader Loading environment from /home/runner/work/key/key/key.core/../key.ui/examples/heap/model_methods/Recell_Cell_post_set.key 
168374     DEBUG main            d.u.i.k.p.i.AbstractProblemLoader Environment load took 139.8ns 
168376     INFO  main            d.u.i.k.p.i.AbstractProblemLoader Creating init config 
171651     DEBUG main            d.u.i.k.p.i.AbstractProblemLoader Init config took 3.28s 
171708     INFO  main            d.u.i.k.p.i.AbstractProblemLoader Replaying proof Recell[Cell::post_set(int)].JML model_behavior operation contract.0 
171710     DEBUG main            d.u.i.k.p.i.IntermediateProofReplayer Proof replay took 7.4ns 
171812     INFO  main            d.u.i.k.p.r.p.TestFile    ... finished proof: closed. 
172151     INFO  main            d.u.i.k.p.i.AbstractProblemLoader Loading environment from /home/runner/work/key/key/key.core/../key.ui/examples/heap/model_methods/Recell_Cell_post_set.key.proof 
172151     DEBUG main            d.u.i.k.p.i.AbstractProblemLoader Environment load took 143.6ns 
172153     INFO  main            d.u.i.k.p.i.AbstractProblemLoader Creating init config 
175403     DEBUG main            d.u.i.k.p.i.AbstractProblemLoader Init config took 3.25s 
175452     INFO  main            d.u.i.k.p.i.AbstractProblemLoader Replaying proof Recell[Cell::post_set(int)].JML model_behavior operation contract.0 
175459     DEBUG main            d.u.i.k.p.i.IntermediateProofReplayer Proof replay took 5.52ms 
175460     DEBUG main            d.u.i.k.p.r.p.TestFile    ... success: reloaded. 
175462     INFO  main            d.u.i.k.p.r.p.TestFile    Now processing file /home/runner/work/key/key/key.core/../key.ui/examples/heap/model_methods/Recell_footprint_acc.key 
175462     INFO  main            d.u.i.k.p.i.AbstractProblemLoader Loading environment from /home/runner/work/key/key/key.core/../key.ui/examples/heap/model_methods/Recell_footprint_acc.key 
175462     DEBUG main            d.u.i.k.p.i.AbstractProblemLoader Environment load took 117ns 
175463     INFO  main            d.u.i.k.p.i.AbstractProblemLoader Creating init config 
178731     DEBUG main            d.u.i.k.p.i.AbstractProblemLoader Init config took 3.27s 
178781     INFO  main            d.u.i.k.p.i.AbstractProblemLoader Replaying proof Recell[Cell::footprint()].JML accessible clause.0 
178784     DEBUG main            d.u.i.k.p.i.IntermediateProofReplayer Proof replay took 17.4ns 
178891     INFO  main            d.u.i.k.p.r.p.TestFile    ... finished proof: closed. 
179227     INFO  main            d.u.i.k.p.i.AbstractProblemLoader Loading environment from /home/runner/work/key/key/key.core/../key.ui/examples/heap/model_methods/Recell_footprint_acc.key.proof 
179227     DEBUG main            d.u.i.k.p.i.AbstractProblemLoader Environment load took 126ns 
179229     INFO  main            d.u.i.k.p.i.AbstractProblemLoader Creating init config 
182380     DEBUG main            d.u.i.k.p.i.AbstractProblemLoader Init config took 3.15s 
182430     INFO  main            d.u.i.k.p.i.AbstractProblemLoader Replaying proof Recell[Cell::footprint()].JML accessible clause.0 
182457     DEBUG main            d.u.i.k.p.i.IntermediateProofReplayer Proof replay took 23.98ms 
182458     DEBUG main            d.u.i.k.p.r.p.TestFile    ... success: reloaded. 
182459     INFO  main            d.u.i.k.p.r.p.TestFile    Now processing file /home/runner/work/key/key/key.core/../key.ui/examples/heap/model_methods/Recell_get_acc.key 
182459     INFO  main            d.u.i.k.p.i.AbstractProblemLoader Loading environment from /home/runner/work/key/key/key.core/../key.ui/examples/heap/model_methods/Recell_get_acc.key 
182460     DEBUG main            d.u.i.k.p.i.AbstractProblemLoader Environment load took 133.3ns 
182461     INFO  main            d.u.i.k.p.i.AbstractProblemLoader Creating init config 
185741     DEBUG main            d.u.i.k.p.i.AbstractProblemLoader Init config took 3.28s 
185788     INFO  main            d.u.i.k.p.i.AbstractProblemLoader Replaying proof Recell[Cell::get()].JML accessible clause.0 
185790     DEBUG main            d.u.i.k.p.i.IntermediateProofReplayer Proof replay took 8.1ns 
185893     INFO  main            d.u.i.k.p.r.p.TestFile    ... finished proof: closed. 
186261     INFO  main            d.u.i.k.p.i.AbstractProblemLoader Loading environment from /home/runner/work/key/key/key.core/../key.ui/examples/heap/model_methods/Recell_get_acc.key.proof 
186261     DEBUG main            d.u.i.k.p.i.AbstractProblemLoader Environment load took 153.6ns 
186262     INFO  main            d.u.i.k.p.i.AbstractProblemLoader Creating init config 
189378     DEBUG main            d.u.i.k.p.i.AbstractProblemLoader Init config took 3.12s 
189426     INFO  main            d.u.i.k.p.i.AbstractProblemLoader Replaying proof Recell[Cell::get()].JML accessible clause.0 
189450     DEBUG main            d.u.i.k.p.i.IntermediateProofReplayer Proof replay took 21.46ms 
189451     DEBUG main            d.u.i.k.p.r.p.TestFile    ... success: reloaded. 
189452     INFO  main            d.u.i.k.p.r.p.TestFile    Now processing file /home/runner/work/key/key/key.core/../key.ui/examples/heap/model_methods/Recell_get.key 
189452     INFO  main            d.u.i.k.p.i.AbstractProblemLoader Loading environment from /home/runner/work/key/key/key.core/../key.ui/examples/heap/model_methods/Recell_get.key 
189452     DEBUG main            d.u.i.k.p.i.AbstractProblemLoader Environment load took 118.8ns 
189455     INFO  main            d.u.i.k.p.i.AbstractProblemLoader Creating init config 
192716     DEBUG main            d.u.i.k.p.i.AbstractProblemLoader Init config took 3.26s 
192770     INFO  main            d.u.i.k.p.i.AbstractProblemLoader Replaying proof Recell[Cell::get()].JML operation contract.0 
192773     DEBUG main            d.u.i.k.p.i.IntermediateProofReplayer Proof replay took 8.3ns 
192877     INFO  main            d.u.i.k.p.r.p.TestFile    ... finished proof: closed. 
193237     INFO  main            d.u.i.k.p.i.AbstractProblemLoader Loading environment from /home/runner/work/key/key/key.core/../key.ui/examples/heap/model_methods/Recell_get.key.proof 
193237     DEBUG main            d.u.i.k.p.i.AbstractProblemLoader Environment load took 222.4ns 
193239     INFO  main            d.u.i.k.p.i.AbstractProblemLoader Creating init config 
196430     DEBUG main            d.u.i.k.p.i.AbstractProblemLoader Init config took 3.19s 
196478     INFO  main            d.u.i.k.p.i.AbstractProblemLoader Replaying proof Recell[Cell::get()].JML operation contract.0 
196492     DEBUG main            d.u.i.k.p.i.IntermediateProofReplayer Proof replay took 11.6ms 
196493     DEBUG main            d.u.i.k.p.r.p.TestFile    ... success: reloaded. 
196494     INFO  main            d.u.i.k.p.r.p.TestFile    Now processing file /home/runner/work/key/key/key.core/../key.ui/examples/heap/model_methods/Recell_Recell_footprint.key 
196494     INFO  main            d.u.i.k.p.i.AbstractProblemLoader Loading environment from /home/runner/work/key/key/key.core/../key.ui/examples/heap/model_methods/Recell_Recell_footprint.key 
196494     DEBUG main            d.u.i.k.p.i.AbstractProblemLoader Environment load took 130.4ns 
196495     INFO  main            d.u.i.k.p.i.AbstractProblemLoader Creating init config 
199721     DEBUG main            d.u.i.k.p.i.AbstractProblemLoader Init config took 3.23s 
199792     INFO  main            d.u.i.k.p.i.AbstractProblemLoader Replaying proof Recell[Recell::footprint()].JML model_behavior operation contract.0 
199794     DEBUG main            d.u.i.k.p.i.IntermediateProofReplayer Proof replay took 7.9ns 
199896     INFO  main            d.u.i.k.p.r.p.TestFile    ... finished proof: closed. 
200274     INFO  main            d.u.i.k.p.i.AbstractProblemLoader Loading environment from /home/runner/work/key/key/key.core/../key.ui/examples/heap/model_methods/Recell_Recell_footprint.key.proof 
200274     DEBUG main            d.u.i.k.p.i.AbstractProblemLoader Environment load took 129.2ns 
200275     INFO  main            d.u.i.k.p.i.AbstractProblemLoader Creating init config 
203435     DEBUG main            d.u.i.k.p.i.AbstractProblemLoader Init config took 3.16s 
203498     INFO  main            d.u.i.k.p.i.AbstractProblemLoader Replaying proof Recell[Recell::footprint()].JML model_behavior operation contract.0 
203503     DEBUG main            d.u.i.k.p.i.IntermediateProofReplayer Proof replay took 1.96ms 
203504     DEBUG main            d.u.i.k.p.r.p.TestFile    ... success: reloaded. 
203510     INFO  main            d.u.i.k.p.r.p.TestFile    Now processing file /home/runner/work/key/key/key.core/../key.ui/examples/heap/model_methods/Recell_Recell_post_set.key 
203510     INFO  main            d.u.i.k.p.i.AbstractProblemLoader Loading environment from /home/runner/work/key/key/key.core/../key.ui/examples/heap/model_methods/Recell_Recell_post_set.key 
203510     DEBUG main            d.u.i.k.p.i.AbstractProblemLoader Environment load took 323.2ns 
203512     INFO  main            d.u.i.k.p.i.AbstractProblemLoader Creating init config 
206749     DEBUG main            d.u.i.k.p.i.AbstractProblemLoader Init config took 3.24s 
206797     INFO  main            d.u.i.k.p.i.AbstractProblemLoader Replaying proof Recell[Recell::post_set(int)].JML model_behavior operation contract.0 
206800     DEBUG main            d.u.i.k.p.i.IntermediateProofReplayer Proof replay took 8.5ns 
206902     INFO  main            d.u.i.k.p.r.p.TestFile    ... finished proof: closed. 
207272     INFO  main            d.u.i.k.p.i.AbstractProblemLoader Loading environment from /home/runner/work/key/key/key.core/../key.ui/examples/heap/model_methods/Recell_Recell_post_set.key.proof 
207272     DEBUG main            d.u.i.k.p.i.AbstractProblemLoader Environment load took 145.7ns 
207273     INFO  main            d.u.i.k.p.i.AbstractProblemLoader Creating init config 
210432     DEBUG main            d.u.i.k.p.i.AbstractProblemLoader Init config took 3.16s 
210504     INFO  main            d.u.i.k.p.i.AbstractProblemLoader Replaying proof Recell[Recell::post_set(int)].JML model_behavior operation contract.0 
210509     DEBUG main            d.u.i.k.p.i.IntermediateProofReplayer Proof replay took 3.25ms 
210510     DEBUG main            d.u.i.k.p.r.p.TestFile    ... success: reloaded. 
210511     INFO  main            d.u.i.k.p.r.p.TestFile    Now processing file /home/runner/work/key/key/key.core/../key.ui/examples/heap/model_methods/Recell_set.key 
210512     INFO  main            d.u.i.k.p.i.AbstractProblemLoader Loading environment from /home/runner/work/key/key/key.core/../key.ui/examples/heap/model_methods/Recell_set.key 
210512     DEBUG main            d.u.i.k.p.i.AbstractProblemLoader Environment load took 99.4ns 
210513     INFO  main            d.u.i.k.p.i.AbstractProblemLoader Creating init config 
213862     DEBUG main            d.u.i.k.p.i.AbstractProblemLoader Init config took 3.35s 
213910     INFO  main            d.u.i.k.p.i.AbstractProblemLoader Replaying proof Recell[Cell::set(int)].JML operation contract.0 
213912     DEBUG main            d.u.i.k.p.i.IntermediateProofReplayer Proof replay took 9ns 
222764     INFO  main            d.u.i.k.p.r.p.TestFile    ... finished proof: closed. 
223204     INFO  main            d.u.i.k.p.i.AbstractProblemLoader Loading environment from /home/runner/work/key/key/key.core/../key.ui/examples/heap/model_methods/Recell_set.key.proof 
223209     DEBUG main            d.u.i.k.p.i.AbstractProblemLoader Environment load took 5.42ms 
223211     INFO  main            d.u.i.k.p.i.AbstractProblemLoader Creating init config 
226329     DEBUG main            d.u.i.k.p.i.AbstractProblemLoader Init config took 3.12s 
226378     INFO  main            d.u.i.k.p.i.AbstractProblemLoader Replaying proof Recell[Cell::set(int)].JML operation contract.0 
227091     DEBUG main            d.u.i.k.p.i.IntermediateProofReplayer Proof replay took 690.06ms 
227093     DEBUG main            d.u.i.k.p.r.p.TestFile    ... success: reloaded. 
227094     INFO  main            d.u.i.k.p.r.p.TestFile    Now processing file /home/runner/work/key/key/key.core/../key.ui/examples/heap/model_methods/Recell_undo.key 
227095     INFO  main            d.u.i.k.p.i.AbstractProblemLoader Loading environment from /home/runner/work/key/key/key.core/../key.ui/examples/heap/model_methods/Recell_undo.key 
227095     DEBUG main            d.u.i.k.p.i.AbstractProblemLoader Environment load took 211.6ns 
227096     INFO  main            d.u.i.k.p.i.AbstractProblemLoader Creating init config 
230453     DEBUG main            d.u.i.k.p.i.AbstractProblemLoader Init config took 3.36s 
230503     INFO  main            d.u.i.k.p.i.AbstractProblemLoader Replaying proof Recell[Recell::undo()].JML operation contract.0 
230505     DEBUG main            d.u.i.k.p.i.IntermediateProofReplayer Proof replay took 9.2ns 
230708     INFO  main            d.u.i.k.p.r.p.TestFile    ... finished proof: closed. 
231102     INFO  main            d.u.i.k.p.i.AbstractProblemLoader Loading environment from /home/runner/work/key/key/key.core/../key.ui/examples/heap/model_methods/Recell_undo.key.proof 
231102     DEBUG main            d.u.i.k.p.i.AbstractProblemLoader Environment load took 132ns 
231103     INFO  main            d.u.i.k.p.i.AbstractProblemLoader Creating init config 
234237     DEBUG main            d.u.i.k.p.i.AbstractProblemLoader Init config took 3.13s 
234288     INFO  main            d.u.i.k.p.i.AbstractProblemLoader Replaying proof Recell[Recell::undo()].JML operation contract.0 
234331     DEBUG main            d.u.i.k.p.i.IntermediateProofReplayer Proof replay took 40.08ms 
234332     DEBUG main            d.u.i.k.p.r.p.TestFile    ... success: reloaded. 
5608921    INFO  Test worker     d.u.i.k.p.r.RunAllProofsTestUnit Returning from test modelMethods 
5608923    INFO  Test worker     d.u.i.k.p.r.RunAllProofsTestUnit Running test permissionHeap 
490        INFO  Timeout watchdog d.u.i.k.p.r.p.ForkedTestFileRunner Timeout watcher launched (2000 secs.) 
510        WARN  main            d.u.i.k.s.ProofSettings   The settings in /home/runner/.key/proof-settings.props are *not* read. 
579        INFO  main            d.u.i.k.p.r.p.TestFile    Now processing file /home/runner/work/key/key/key.core/../key.ui/examples/heap/permissions/permissions_method0.key 
740        INFO  main            d.u.i.k.p.i.AbstractProblemLoader Loading environment from /home/runner/work/key/key/key.core/../key.ui/examples/heap/permissions/permissions_method0.key 
762        DEBUG main            d.u.i.k.p.i.AbstractProblemLoader Environment load took 3.77ms 
1084       INFO  main            d.u.i.k.p.i.AbstractProblemLoader Creating init config 
2308       DEBUG main            d.u.i.k.j.TypeConverter   No LDT found for Meta 
2309       DEBUG main            d.u.i.k.j.TypeConverter   No LDT found for Meta 
2311       DEBUG main            d.u.i.k.j.TypeConverter   No LDT found for Meta 
2312       DEBUG main            d.u.i.k.j.TypeConverter   No LDT found for Meta 
4269       DEBUG main            d.u.i.k.j.TypeConverter   No LDT found for JavaBigintExpression 
11280      DEBUG main            d.u.i.k.p.i.AbstractProblemLoader Init config took 10.2s 
11536      INFO  main            d.u.i.k.p.i.AbstractProblemLoader Replaying proof MyClass[MyClass::method0()].JML normal_behavior operation contract.0 
11589      DEBUG main            d.u.i.k.p.i.IntermediateProofReplayer Proof replay took 39.8ns 
12825      INFO  main            d.u.i.k.p.r.p.TestFile    ... finished proof: closed. 
12981      INFO  main            d.u.i.k.p.i.AbstractProblemLoader Loading environment from /home/runner/work/key/key/key.core/../key.ui/examples/heap/permissions/permissions_method0.key.proof 
12981      DEBUG main            d.u.i.k.p.i.AbstractProblemLoader Environment load took 611.9ns 
12984      INFO  main            d.u.i.k.p.i.AbstractProblemLoader Creating init config 
16880      DEBUG main            d.u.i.k.p.i.AbstractProblemLoader Init config took 3.9s 
17002      INFO  main            d.u.i.k.p.i.AbstractProblemLoader Replaying proof MyClass[MyClass::method0()].JML normal_behavior operation contract.0 
17233      DEBUG main            d.u.i.k.p.i.IntermediateProofReplayer Proof replay took 216.65ms 
17244      DEBUG main            d.u.i.k.p.r.p.TestFile    ... success: reloaded. 
17248      INFO  main            d.u.i.k.p.r.p.TestFile    Now processing file /home/runner/work/key/key/key.core/../key.ui/examples/heap/permissions/permissions_method1.key 
17249      INFO  main            d.u.i.k.p.i.AbstractProblemLoader Loading environment from /home/runner/work/key/key/key.core/../key.ui/examples/heap/permissions/permissions_method1.key 
17250      DEBUG main            d.u.i.k.p.i.AbstractProblemLoader Environment load took 1.02ms 
17254      INFO  main            d.u.i.k.p.i.AbstractProblemLoader Creating init config 
21216      DEBUG main            d.u.i.k.p.i.AbstractProblemLoader Init config took 3.96s 
21287      INFO  main            d.u.i.k.p.i.AbstractProblemLoader Replaying proof MyClass[MyClass::method1()].JML normal_behavior operation contract.0 
21290      DEBUG main            d.u.i.k.p.i.IntermediateProofReplayer Proof replay took 7.8ns 
21594      INFO  main            d.u.i.k.p.r.p.TestFile    ... finished proof: closed. 
21790      INFO  main            d.u.i.k.p.i.AbstractProblemLoader Loading environment from /home/runner/work/key/key/key.core/../key.ui/examples/heap/permissions/permissions_method1.key.proof 
21791      DEBUG main            d.u.i.k.p.i.AbstractProblemLoader Environment load took 493.5ns 
21793      INFO  main            d.u.i.k.p.i.AbstractProblemLoader Creating init config 
25469      DEBUG main            d.u.i.k.p.i.AbstractProblemLoader Init config took 3.68s 
25536      INFO  main            d.u.i.k.p.i.AbstractProblemLoader Replaying proof MyClass[MyClass::method1()].JML normal_behavior operation contract.0 
25647      DEBUG main            d.u.i.k.p.i.IntermediateProofReplayer Proof replay took 107.1ms 
25648      DEBUG main            d.u.i.k.p.r.p.TestFile    ... success: reloaded. 
25651      INFO  main            d.u.i.k.p.r.p.TestFile    Now processing file /home/runner/work/key/key/key.core/../key.ui/examples/heap/permissions/permissions_method3.key 
25652      INFO  main            d.u.i.k.p.i.AbstractProblemLoader Loading environment from /home/runner/work/key/key/key.core/../key.ui/examples/heap/permissions/permissions_method3.key 
25652      DEBUG main            d.u.i.k.p.i.AbstractProblemLoader Environment load took 236.1ns 
25655      INFO  main            d.u.i.k.p.i.AbstractProblemLoader Creating init config 
29338      DEBUG main            d.u.i.k.p.i.AbstractProblemLoader Init config took 3.68s 
29403      INFO  main            d.u.i.k.p.i.AbstractProblemLoader Replaying proof MyClass[MyClass::method3()].JML normal_behavior operation contract.0 
29409      DEBUG main            d.u.i.k.p.i.IntermediateProofReplayer Proof replay took 7.9ns 
31523      INFO  main            d.u.i.k.p.r.p.TestFile    ... finished proof: closed. 
31748      INFO  main            d.u.i.k.p.i.AbstractProblemLoader Loading environment from /home/runner/work/key/key/key.core/../key.ui/examples/heap/permissions/permissions_method3.key.proof 
31749      DEBUG main            d.u.i.k.p.i.AbstractProblemLoader Environment load took 1.01ms 
31751      INFO  main            d.u.i.k.p.i.AbstractProblemLoader Creating init config 
35448      DEBUG main            d.u.i.k.p.i.AbstractProblemLoader Init config took 3.7s 
35508      INFO  main            d.u.i.k.p.i.AbstractProblemLoader Replaying proof MyClass[MyClass::method3()].JML normal_behavior operation contract.0 
35920      DEBUG main            d.u.i.k.p.i.IntermediateProofReplayer Proof replay took 401.23ms 
35922      DEBUG main            d.u.i.k.p.r.p.TestFile    ... success: reloaded. 
35924      INFO  main            d.u.i.k.p.r.p.TestFile    Now processing file /home/runner/work/key/key/key.core/../key.ui/examples/heap/permissions/permissions_setAB.key 
35924      INFO  main            d.u.i.k.p.i.AbstractProblemLoader Loading environment from /home/runner/work/key/key/key.core/../key.ui/examples/heap/permissions/permissions_setAB.key 
35924      DEBUG main            d.u.i.k.p.i.AbstractProblemLoader Environment load took 128.1ns 
35927      INFO  main            d.u.i.k.p.i.AbstractProblemLoader Creating init config 
39666      DEBUG main            d.u.i.k.p.i.AbstractProblemLoader Init config took 3.74s 
39723      INFO  main            d.u.i.k.p.i.AbstractProblemLoader Replaying proof MyClass[MyClass::setAB()].JML normal_behavior operation contract.0 
39726      DEBUG main            d.u.i.k.p.i.IntermediateProofReplayer Proof replay took 8.2ns 
41833      INFO  main            d.u.i.k.p.r.p.TestFile    ... finished proof: closed. 
42106      INFO  main            d.u.i.k.p.i.AbstractProblemLoader Loading environment from /home/runner/work/key/key/key.core/../key.ui/examples/heap/permissions/permissions_setAB.key.proof 
42108      DEBUG main            d.u.i.k.p.i.AbstractProblemLoader Environment load took 2.8ms 
42110      INFO  main            d.u.i.k.p.i.AbstractProblemLoader Creating init config 
45689      DEBUG main            d.u.i.k.p.i.AbstractProblemLoader Init config took 3.58s 
45747      INFO  main            d.u.i.k.p.i.AbstractProblemLoader Replaying proof MyClass[MyClass::setAB()].JML normal_behavior operation contract.0 
46064      DEBUG main            d.u.i.k.p.i.IntermediateProofReplayer Proof replay took 308.72ms 
46066      DEBUG main            d.u.i.k.p.r.p.TestFile    ... success: reloaded. 
46067      INFO  main            d.u.i.k.p.r.p.TestFile    Now processing file /home/runner/work/key/key/key.core/../key.ui/examples/heap/permissions/permissionProperties.key 
46068      INFO  main            d.u.i.k.p.i.AbstractProblemLoader Loading environment from /home/runner/work/key/key/key.core/../key.ui/examples/heap/permissions/permissionProperties.key 
46068      DEBUG main            d.u.i.k.p.i.AbstractProblemLoader Environment load took 257.8ns 
46070      INFO  main            d.u.i.k.p.i.AbstractProblemLoader Creating init config 
46259      DEBUG main            d.u.i.k.j.TypeConverter   No LDT found for Meta 
46260      DEBUG main            d.u.i.k.j.TypeConverter   No LDT found for Meta 
46261      DEBUG main            d.u.i.k.j.TypeConverter   No LDT found for Meta 
46261      DEBUG main            d.u.i.k.j.TypeConverter   No LDT found for Meta 
47067      DEBUG main            d.u.i.k.j.TypeConverter   No LDT found for JavaBigintExpression 
50876      DEBUG main            d.u.i.k.p.i.AbstractProblemLoader Init config took 4.81s 
50903      INFO  main            d.u.i.k.p.i.AbstractProblemLoader Replaying proof permissionProperties.key 
50906      DEBUG main            d.u.i.k.p.i.IntermediateProofReplayer Proof replay took 8.6ns 
51111      INFO  main            d.u.i.k.p.r.p.TestFile    ... finished proof: closed. 
51343      INFO  main            d.u.i.k.p.i.AbstractProblemLoader Loading environment from /home/runner/work/key/key/key.core/../key.ui/examples/heap/permissions/permissionProperties.key.proof 
51343      DEBUG main            d.u.i.k.p.i.AbstractProblemLoader Environment load took 145.6ns 
51347      INFO  main            d.u.i.k.p.i.AbstractProblemLoader Creating init config 
54685      DEBUG main            d.u.i.k.p.i.AbstractProblemLoader Init config took 3.34s 
54710      INFO  main            d.u.i.k.p.i.AbstractProblemLoader Replaying proof permissionProperties.key.proof 
54739      DEBUG main            d.u.i.k.p.i.IntermediateProofReplayer Proof replay took 25.34ms 
54741      DEBUG main            d.u.i.k.p.r.p.TestFile    ... success: reloaded. 
54742      INFO  main            d.u.i.k.p.r.p.TestFile    Now processing file /home/runner/work/key/key/key.core/../key.ui/examples/heap/permissions/threads/AFilter_AFilter.key 
54742      INFO  main            d.u.i.k.p.i.AbstractProblemLoader Loading environment from /home/runner/work/key/key/key.core/../key.ui/examples/heap/permissions/threads/AFilter_AFilter.key 
54742      DEBUG main            d.u.i.k.p.i.AbstractProblemLoader Environment load took 113.7ns 
54744      INFO  main            d.u.i.k.p.i.AbstractProblemLoader Creating init config 
54953      DEBUG main            d.u.i.k.j.TypeConverter   No LDT found for Meta 
54953      DEBUG main            d.u.i.k.j.TypeConverter   No LDT found for Meta 
54954      DEBUG main            d.u.i.k.j.TypeConverter   No LDT found for Meta 
54954      DEBUG main            d.u.i.k.j.TypeConverter   No LDT found for Meta 
55764      DEBUG main            d.u.i.k.j.TypeConverter   No LDT found for JavaBigintExpression 
62816      DEBUG main            d.u.i.k.p.i.AbstractProblemLoader Init config took 8.07s 
62945      INFO  main            d.u.i.k.p.i.AbstractProblemLoader Replaying proof AFilter[AFilter::AFilter(Sampler,Buffer)].JML normal_behavior operation contract.0 
62949      DEBUG main            d.u.i.k.p.i.IntermediateProofReplayer Proof replay took 10.3ns 
64354      INFO  main            d.u.i.k.p.r.p.TestFile    ... finished proof: closed. 
64694      INFO  main            d.u.i.k.p.i.AbstractProblemLoader Loading environment from /home/runner/work/key/key/key.core/../key.ui/examples/heap/permissions/threads/AFilter_AFilter.key.proof 
64694      DEBUG main            d.u.i.k.p.i.AbstractProblemLoader Environment load took 422.3ns 
64696      INFO  main            d.u.i.k.p.i.AbstractProblemLoader Creating init config 
71124      DEBUG main            d.u.i.k.p.i.AbstractProblemLoader Init config took 6.43s 
71259      INFO  main            d.u.i.k.p.i.AbstractProblemLoader Replaying proof AFilter[AFilter::AFilter(Sampler,Buffer)].JML normal_behavior operation contract.0 
71502      DEBUG main            d.u.i.k.p.i.IntermediateProofReplayer Proof replay took 235.49ms 
71503      DEBUG main            d.u.i.k.p.r.p.TestFile    ... success: reloaded. 
71505      INFO  main            d.u.i.k.p.r.p.TestFile    Now processing file /home/runner/work/key/key/key.core/../key.ui/examples/heap/permissions/threads/AFilter_initPost_accessible.key 
71506      INFO  main            d.u.i.k.p.i.AbstractProblemLoader Loading environment from /home/runner/work/key/key/key.core/../key.ui/examples/heap/permissions/threads/AFilter_initPost_accessible.key 
71506      DEBUG main            d.u.i.k.p.i.AbstractProblemLoader Environment load took 219.4ns 
71507      INFO  main            d.u.i.k.p.i.AbstractProblemLoader Creating init config 
78010      DEBUG main            d.u.i.k.p.i.AbstractProblemLoader Init config took 6.5s 
78176      INFO  main            d.u.i.k.p.i.AbstractProblemLoader Replaying proof AFilter[ThreadSpec2::initPost()].JML accessible clause.0 
78180      DEBUG main            d.u.i.k.p.i.IntermediateProofReplayer Proof replay took 25.6ns 
78283      INFO  main            d.u.i.k.p.r.p.TestFile    ... finished proof: closed. 
78590      INFO  main            d.u.i.k.p.i.AbstractProblemLoader Loading environment from /home/runner/work/key/key/key.core/../key.ui/examples/heap/permissions/threads/AFilter_initPost_accessible.key.proof 
78590      DEBUG main            d.u.i.k.p.i.AbstractProblemLoader Environment load took 215.4ns 
78592      INFO  main            d.u.i.k.p.i.AbstractProblemLoader Creating init config 
84954      DEBUG main            d.u.i.k.p.i.AbstractProblemLoader Init config took 6.36s 
85063      INFO  main            d.u.i.k.p.i.AbstractProblemLoader Replaying proof AFilter[ThreadSpec2::initPost()].JML accessible clause.0 
85084      DEBUG main            d.u.i.k.p.i.IntermediateProofReplayer Proof replay took 18.1ms 
85086      DEBUG main            d.u.i.k.p.r.p.TestFile    ... success: reloaded. 
85088      INFO  main            d.u.i.k.p.r.p.TestFile    Now processing file /home/runner/work/key/key/key.core/../key.ui/examples/heap/permissions/threads/AFilter_inv_accessible1.key 
85088      INFO  main            d.u.i.k.p.i.AbstractProblemLoader Loading environment from /home/runner/work/key/key/key.core/../key.ui/examples/heap/permissions/threads/AFilter_inv_accessible1.key 
85088      DEBUG main            d.u.i.k.p.i.AbstractProblemLoader Environment load took 314.1ns 
85090      INFO  main            d.u.i.k.p.i.AbstractProblemLoader Creating init config 
91500      DEBUG main            d.u.i.k.p.i.AbstractProblemLoader Init config took 6.41s 
91624      INFO  main            d.u.i.k.p.i.AbstractProblemLoader Replaying proof AFilter[java.lang.Object::<inv>()].JML accessible clause.0 
91626      DEBUG main            d.u.i.k.p.i.IntermediateProofReplayer Proof replay took 7.3ns 
91728      INFO  main            d.u.i.k.p.r.p.TestFile    ... finished proof: closed. 
92069      INFO  main            d.u.i.k.p.i.AbstractProblemLoader Loading environment from /home/runner/work/key/key/key.core/../key.ui/examples/heap/permissions/threads/AFilter_inv_accessible1.key.proof 
92070      DEBUG main            d.u.i.k.p.i.AbstractProblemLoader Environment load took 148.4ns 
92071      INFO  main            d.u.i.k.p.i.AbstractProblemLoader Creating init config 
98418      DEBUG main            d.u.i.k.p.i.AbstractProblemLoader Init config took 6.35s 
98563      INFO  main            d.u.i.k.p.i.AbstractProblemLoader Replaying proof AFilter[java.lang.Object::<inv>()].JML accessible clause.0 
98571      DEBUG main            d.u.i.k.p.i.IntermediateProofReplayer Proof replay took 4.3ms 
98573      DEBUG main            d.u.i.k.p.r.p.TestFile    ... success: reloaded. 
98575      INFO  main            d.u.i.k.p.r.p.TestFile    Now processing file /home/runner/work/key/key/key.core/../key.ui/examples/heap/permissions/threads/AFilter_inv_accessible2.key 
98576      INFO  main            d.u.i.k.p.i.AbstractProblemLoader Loading environment from /home/runner/work/key/key/key.core/../key.ui/examples/heap/permissions/threads/AFilter_inv_accessible2.key 
98576      DEBUG main            d.u.i.k.p.i.AbstractProblemLoader Environment load took 245.5ns 
98578      INFO  main            d.u.i.k.p.i.AbstractProblemLoader Creating init config 
104969     DEBUG main            d.u.i.k.p.i.AbstractProblemLoader Init config took 6.39s 
105079     INFO  main            d.u.i.k.p.i.AbstractProblemLoader Replaying proof AFilter[java.lang.Object::<inv>()].JML accessible clause.1 
105082     DEBUG main            d.u.i.k.p.i.IntermediateProofReplayer Proof replay took 25.6ns 
105184     INFO  main            d.u.i.k.p.r.p.TestFile    ... finished proof: closed. 
105479     INFO  main            d.u.i.k.p.i.AbstractProblemLoader Loading environment from /home/runner/work/key/key/key.core/../key.ui/examples/heap/permissions/threads/AFilter_inv_accessible2.key.proof 
105479     DEBUG main            d.u.i.k.p.i.AbstractProblemLoader Environment load took 136.8ns 
105481     INFO  main            d.u.i.k.p.i.AbstractProblemLoader Creating init config 
111786     DEBUG main            d.u.i.k.p.i.AbstractProblemLoader Init config took 6.31s 
111894     INFO  main            d.u.i.k.p.i.AbstractProblemLoader Replaying proof AFilter[java.lang.Object::<inv>()].JML accessible clause.1 
111899     DEBUG main            d.u.i.k.p.i.IntermediateProofReplayer Proof replay took 3.41ms 
111900     DEBUG main            d.u.i.k.p.r.p.TestFile    ... success: reloaded. 
111902     INFO  main            d.u.i.k.p.r.p.TestFile    Now processing file /home/runner/work/key/key/key.core/../key.ui/examples/heap/permissions/threads/AFilter_joinTransfer_accessible.key 
111902     INFO  main            d.u.i.k.p.i.AbstractProblemLoader Loading environment from /home/runner/work/key/key/key.core/../key.ui/examples/heap/permissions/threads/AFilter_joinTransfer_accessible.key 
111902     DEBUG main            d.u.i.k.p.i.AbstractProblemLoader Environment load took 123.5ns 
111903     INFO  main            d.u.i.k.p.i.AbstractProblemLoader Creating init config 
118154     DEBUG main            d.u.i.k.p.i.AbstractProblemLoader Init config took 6.25s 
118279     INFO  main            d.u.i.k.p.i.AbstractProblemLoader Replaying proof AFilter[ThreadSpec2::joinTransfer()].JML accessible clause.0 
118282     DEBUG main            d.u.i.k.p.i.IntermediateProofReplayer Proof replay took 8.2ns 
119687     INFO  main            d.u.i.k.p.r.p.TestFile    ... finished proof: closed. 
120017     INFO  main            d.u.i.k.p.i.AbstractProblemLoader Loading environment from /home/runner/work/key/key/key.core/../key.ui/examples/heap/permissions/threads/AFilter_joinTransfer_accessible.key.proof 
120017     DEBUG main            d.u.i.k.p.i.AbstractProblemLoader Environment load took 133.5ns 
120018     INFO  main            d.u.i.k.p.i.AbstractProblemLoader Creating init config 
126319     DEBUG main            d.u.i.k.p.i.AbstractProblemLoader Init config took 6.3s 
126440     INFO  main            d.u.i.k.p.i.AbstractProblemLoader Replaying proof AFilter[ThreadSpec2::joinTransfer()].JML accessible clause.0 
126640     DEBUG main            d.u.i.k.p.i.IntermediateProofReplayer Proof replay took 192.69ms 
126643     DEBUG main            d.u.i.k.p.r.p.TestFile    ... success: reloaded. 
126645     INFO  main            d.u.i.k.p.r.p.TestFile    Now processing file /home/runner/work/key/key/key.core/../key.ui/examples/heap/permissions/threads/AFilter_joinTransfer_contract.key 
126646     INFO  main            d.u.i.k.p.i.AbstractProblemLoader Loading environment from /home/runner/work/key/key/key.core/../key.ui/examples/heap/permissions/threads/AFilter_joinTransfer_contract.key 
126646     DEBUG main            d.u.i.k.p.i.AbstractProblemLoader Environment load took 142.8ns 
126647     INFO  main            d.u.i.k.p.i.AbstractProblemLoader Creating init config 
132977     DEBUG main            d.u.i.k.p.i.AbstractProblemLoader Init config took 6.33s 
133082     INFO  main            d.u.i.k.p.i.AbstractProblemLoader Replaying proof AFilter[ThreadSpec2::joinTransfer()].JML model_behavior operation contract.0 
133084     DEBUG main            d.u.i.k.p.i.IntermediateProofReplayer Proof replay took 21.4ns 
133186     INFO  main            d.u.i.k.p.r.p.TestFile    ... finished proof: closed. 
133486     INFO  main            d.u.i.k.p.i.AbstractProblemLoader Loading environment from /home/runner/work/key/key/key.core/../key.ui/examples/heap/permissions/threads/AFilter_joinTransfer_contract.key.proof 
133486     DEBUG main            d.u.i.k.p.i.AbstractProblemLoader Environment load took 157.3ns 
133487     INFO  main            d.u.i.k.p.i.AbstractProblemLoader Creating init config 
139799     DEBUG main            d.u.i.k.p.i.AbstractProblemLoader Init config took 6.31s 
139919     INFO  main            d.u.i.k.p.i.AbstractProblemLoader Replaying proof AFilter[ThreadSpec2::joinTransfer()].JML model_behavior operation contract.0 
139934     DEBUG main            d.u.i.k.p.i.IntermediateProofReplayer Proof replay took 11.85ms 
139935     DEBUG main            d.u.i.k.p.r.p.TestFile    ... success: reloaded. 
139937     INFO  main            d.u.i.k.p.r.p.TestFile    Now processing file /home/runner/work/key/key/key.core/../key.ui/examples/heap/permissions/threads/AFilter_postJoin_accessible.key 
139937     INFO  main            d.u.i.k.p.i.AbstractProblemLoader Loading environment from /home/runner/work/key/key/key.core/../key.ui/examples/heap/permissions/threads/AFilter_postJoin_accessible.key 
139937     DEBUG main            d.u.i.k.p.i.AbstractProblemLoader Environment load took 121.3ns 
139939     INFO  main            d.u.i.k.p.i.AbstractProblemLoader Creating init config 
146249     DEBUG main            d.u.i.k.p.i.AbstractProblemLoader Init config took 6.31s 
146376     INFO  main            d.u.i.k.p.i.AbstractProblemLoader Replaying proof AFilter[ThreadSpec2::postJoin(java.lang.Object)].JML accessible clause.0 
146378     DEBUG main            d.u.i.k.p.i.IntermediateProofReplayer Proof replay took 8.1ns 
146480     INFO  main            d.u.i.k.p.r.p.TestFile    ... finished proof: closed. 
146802     INFO  main            d.u.i.k.p.i.AbstractProblemLoader Loading environment from /home/runner/work/key/key/key.core/../key.ui/examples/heap/permissions/threads/AFilter_postJoin_accessible.key.proof 
146802     DEBUG main            d.u.i.k.p.i.AbstractProblemLoader Environment load took 169.2ns 
146804     INFO  main            d.u.i.k.p.i.AbstractProblemLoader Creating init config 
153008     DEBUG main            d.u.i.k.p.i.AbstractProblemLoader Init config took 6.2s 
153119     INFO  main            d.u.i.k.p.i.AbstractProblemLoader Replaying proof AFilter[ThreadSpec2::postJoin(java.lang.Object)].JML accessible clause.0 
153138     DEBUG main            d.u.i.k.p.i.IntermediateProofReplayer Proof replay took 13.48ms 
153139     DEBUG main            d.u.i.k.p.r.p.TestFile    ... success: reloaded. 
153141     INFO  main            d.u.i.k.p.r.p.TestFile    Now processing file /home/runner/work/key/key/key.core/../key.ui/examples/heap/permissions/threads/AFilter_preStart_accessible.key 
153141     INFO  main            d.u.i.k.p.i.AbstractProblemLoader Loading environment from /home/runner/work/key/key/key.core/../key.ui/examples/heap/permissions/threads/AFilter_preStart_accessible.key 
153142     DEBUG main            d.u.i.k.p.i.AbstractProblemLoader Environment load took 117.7ns 
153143     INFO  main            d.u.i.k.p.i.AbstractProblemLoader Creating init config 
159505     DEBUG main            d.u.i.k.p.i.AbstractProblemLoader Init config took 6.36s 
159604     INFO  main            d.u.i.k.p.i.AbstractProblemLoader Replaying proof AFilter[ThreadSpec2::preStart(java.lang.Object)].JML accessible clause.0 
159606     DEBUG main            d.u.i.k.p.i.IntermediateProofReplayer Proof replay took 8ns 
160009     INFO  main            d.u.i.k.p.r.p.TestFile    ... finished proof: closed. 
160344     INFO  main            d.u.i.k.p.i.AbstractProblemLoader Loading environment from /home/runner/work/key/key/key.core/../key.ui/examples/heap/permissions/threads/AFilter_preStart_accessible.key.proof 
160346     DEBUG main            d.u.i.k.p.i.AbstractProblemLoader Environment load took 2.55ms 
160348     INFO  main            d.u.i.k.p.i.AbstractProblemLoader Creating init config 
166546     DEBUG main            d.u.i.k.p.i.AbstractProblemLoader Init config took 6.2s 
166665     INFO  main            d.u.i.k.p.i.AbstractProblemLoader Replaying proof AFilter[ThreadSpec2::preStart(java.lang.Object)].JML accessible clause.0 
166718     DEBUG main            d.u.i.k.p.i.IntermediateProofReplayer Proof replay took 48.38ms 
166719     DEBUG main            d.u.i.k.p.r.p.TestFile    ... success: reloaded. 
166720     INFO  main            d.u.i.k.p.r.p.TestFile    Now processing file /home/runner/work/key/key/key.core/../key.ui/examples/heap/permissions/threads/AFilter_startTransfer_accessible.key 
166721     INFO  main            d.u.i.k.p.i.AbstractProblemLoader Loading environment from /home/runner/work/key/key/key.core/../key.ui/examples/heap/permissions/threads/AFilter_startTransfer_accessible.key 
166721     DEBUG main            d.u.i.k.p.i.AbstractProblemLoader Environment load took 121.7ns 
166722     INFO  main            d.u.i.k.p.i.AbstractProblemLoader Creating init config 
173086     DEBUG main            d.u.i.k.p.i.AbstractProblemLoader Init config took 6.36s 
173186     INFO  main            d.u.i.k.p.i.AbstractProblemLoader Replaying proof AFilter[ThreadSpec2::startTransfer()].JML accessible clause.0 
173189     DEBUG main            d.u.i.k.p.i.IntermediateProofReplayer Proof replay took 7.9ns 
185982     INFO  main            d.u.i.k.p.r.p.TestFile    ... finished proof: closed. 
186362     INFO  main            d.u.i.k.p.i.AbstractProblemLoader Loading environment from /home/runner/work/key/key/key.core/../key.ui/examples/heap/permissions/threads/AFilter_startTransfer_accessible.key.proof 
186363     DEBUG main            d.u.i.k.p.i.AbstractProblemLoader Environment load took 436ns 
186365     INFO  main            d.u.i.k.p.i.AbstractProblemLoader Creating init config 
192788     DEBUG main            d.u.i.k.p.i.AbstractProblemLoader Init config took 6.42s 
192907     INFO  main            d.u.i.k.p.i.AbstractProblemLoader Replaying proof AFilter[ThreadSpec2::startTransfer()].JML accessible clause.0 
194025     DEBUG main            d.u.i.k.p.i.IntermediateProofReplayer Proof replay took 1.09s 
194027     DEBUG main            d.u.i.k.p.r.p.TestFile    ... success: reloaded. 
194028     INFO  main            d.u.i.k.p.r.p.TestFile    Now processing file /home/runner/work/key/key/key.core/../key.ui/examples/heap/permissions/threads/AFilter_startTransfer_contract.key 
194029     INFO  main            d.u.i.k.p.i.AbstractProblemLoader Loading environment from /home/runner/work/key/key/key.core/../key.ui/examples/heap/permissions/threads/AFilter_startTransfer_contract.key 
194029     DEBUG main            d.u.i.k.p.i.AbstractProblemLoader Environment load took 121.6ns 
194030     INFO  main            d.u.i.k.p.i.AbstractProblemLoader Creating init config 
200393     DEBUG main            d.u.i.k.p.i.AbstractProblemLoader Init config took 6.36s 
200493     INFO  main            d.u.i.k.p.i.AbstractProblemLoader Replaying proof AFilter[ThreadSpec2::startTransfer()].JML model_behavior operation contract.0 
200495     DEBUG main            d.u.i.k.p.i.IntermediateProofReplayer Proof replay took 8.8ns 
201000     INFO  main            d.u.i.k.p.r.p.TestFile    ... finished proof: closed. 
201449     INFO  main            d.u.i.k.p.i.AbstractProblemLoader Loading environment from /home/runner/work/key/key/key.core/../key.ui/examples/heap/permissions/threads/AFilter_startTransfer_contract.key.proof 
201450     DEBUG main            d.u.i.k.p.i.AbstractProblemLoader Environment load took 472.3ns 
201451     INFO  main            d.u.i.k.p.i.AbstractProblemLoader Creating init config 
207663     DEBUG main            d.u.i.k.p.i.AbstractProblemLoader Init config took 6.21s 
207820     INFO  main            d.u.i.k.p.i.AbstractProblemLoader Replaying proof AFilter[ThreadSpec2::startTransfer()].JML model_behavior operation contract.0 
207904     DEBUG main            d.u.i.k.p.i.IntermediateProofReplayer Proof replay took 76.23ms 
207908     DEBUG main            d.u.i.k.p.r.p.TestFile    ... success: reloaded. 
207910     INFO  main            d.u.i.k.p.r.p.TestFile    Now processing file /home/runner/work/key/key/key.core/../key.ui/examples/heap/permissions/threads/AFilter_stateInv_accessible.key 
207910     INFO  main            d.u.i.k.p.i.AbstractProblemLoader Loading environment from /home/runner/work/key/key/key.core/../key.ui/examples/heap/permissions/threads/AFilter_stateInv_accessible.key 
207910     DEBUG main            d.u.i.k.p.i.AbstractProblemLoader Environment load took 254.3ns 
207912     INFO  main            d.u.i.k.p.i.AbstractProblemLoader Creating init config 
214212     DEBUG main            d.u.i.k.p.i.AbstractProblemLoader Init config took 6.3s 
214334     INFO  main            d.u.i.k.p.i.AbstractProblemLoader Replaying proof AFilter[ThreadSpec2::stateInv()].JML accessible clause.0 
214336     DEBUG main            d.u.i.k.p.i.IntermediateProofReplayer Proof replay took 7.5ns 
214740     INFO  main            d.u.i.k.p.r.p.TestFile    ... finished proof: closed. 
215104     INFO  main            d.u.i.k.p.i.AbstractProblemLoader Loading environment from /home/runner/work/key/key/key.core/../key.ui/examples/heap/permissions/threads/AFilter_stateInv_accessible.key.proof 
215105     DEBUG main            d.u.i.k.p.i.AbstractProblemLoader Environment load took 497.6ns 
215106     INFO  main            d.u.i.k.p.i.AbstractProblemLoader Creating init config 
221280     DEBUG main            d.u.i.k.p.i.AbstractProblemLoader Init config took 6.17s 
221381     INFO  main            d.u.i.k.p.i.AbstractProblemLoader Replaying proof AFilter[ThreadSpec2::stateInv()].JML accessible clause.0 
221437     DEBUG main            d.u.i.k.p.i.IntermediateProofReplayer Proof replay took 51.51ms 
221439     DEBUG main            d.u.i.k.p.r.p.TestFile    ... success: reloaded. 
221440     INFO  main            d.u.i.k.p.r.p.TestFile    Now processing file /home/runner/work/key/key/key.core/../key.ui/examples/heap/permissions/threads/AFilter_staticPermissions_accessible.key 
221440     INFO  main            d.u.i.k.p.i.AbstractProblemLoader Loading environment from /home/runner/work/key/key/key.core/../key.ui/examples/heap/permissions/threads/AFilter_staticPermissions_accessible.key 
221441     DEBUG main            d.u.i.k.p.i.AbstractProblemLoader Environment load took 255.6ns 
221442     INFO  main            d.u.i.k.p.i.AbstractProblemLoader Creating init config 
227727     DEBUG main            d.u.i.k.p.i.AbstractProblemLoader Init config took 6.29s 
227828     INFO  main            d.u.i.k.p.i.AbstractProblemLoader Replaying proof AFilter[ThreadSpec2::staticPermissions()].JML accessible clause.0 
227830     DEBUG main            d.u.i.k.p.i.IntermediateProofReplayer Proof replay took 6.5ns 
227932     INFO  main            d.u.i.k.p.r.p.TestFile    ... finished proof: closed. 
228287     INFO  main            d.u.i.k.p.i.AbstractProblemLoader Loading environment from /home/runner/work/key/key/key.core/../key.ui/examples/heap/permissions/threads/AFilter_staticPermissions_accessible.key.proof 
228287     DEBUG main            d.u.i.k.p.i.AbstractProblemLoader Environment load took 149.4ns 
228289     INFO  main            d.u.i.k.p.i.AbstractProblemLoader Creating init config 
234538     DEBUG main            d.u.i.k.p.i.AbstractProblemLoader Init config took 6.25s 
234636     INFO  main            d.u.i.k.p.i.AbstractProblemLoader Replaying proof AFilter[ThreadSpec2::staticPermissions()].JML accessible clause.0 
234651     DEBUG main            d.u.i.k.p.i.IntermediateProofReplayer Proof replay took 12.73ms 
234653     DEBUG main            d.u.i.k.p.r.p.TestFile    ... success: reloaded. 
234654     INFO  main            d.u.i.k.p.r.p.TestFile    Now processing file /home/runner/work/key/key/key.core/../key.ui/examples/heap/permissions/threads/AFilter_workingPermissions_accessible.key 
234655     INFO  main            d.u.i.k.p.i.AbstractProblemLoader Loading environment from /home/runner/work/key/key/key.core/../key.ui/examples/heap/permissions/threads/AFilter_workingPermissions_accessible.key 
234655     DEBUG main            d.u.i.k.p.i.AbstractProblemLoader Environment load took 227.8ns 
234656     INFO  main            d.u.i.k.p.i.AbstractProblemLoader Creating init config 
241015     DEBUG main            d.u.i.k.p.i.AbstractProblemLoader Init config took 6.36s 
241121     INFO  main            d.u.i.k.p.i.AbstractProblemLoader Replaying proof AFilter[ThreadSpec2::workingPermissions()].JML accessible clause.0 
241124     DEBUG main            d.u.i.k.p.i.IntermediateProofReplayer Proof replay took 7.1ns 
241226     INFO  main            d.u.i.k.p.r.p.TestFile    ... finished proof: closed. 
241596     INFO  main            d.u.i.k.p.i.AbstractProblemLoader Loading environment from /home/runner/work/key/key/key.core/../key.ui/examples/heap/permissions/threads/AFilter_workingPermissions_accessible.key.proof 
241597     DEBUG main            d.u.i.k.p.i.AbstractProblemLoader Environment load took 142.8ns 
241598     INFO  main            d.u.i.k.p.i.AbstractProblemLoader Creating init config 
247771     DEBUG main            d.u.i.k.p.i.AbstractProblemLoader Init config took 6.17s 
247870     INFO  main            d.u.i.k.p.i.AbstractProblemLoader Replaying proof AFilter[ThreadSpec2::workingPermissions()].JML accessible clause.0 
247885     DEBUG main            d.u.i.k.p.i.IntermediateProofReplayer Proof replay took 11.48ms 
247887     DEBUG main            d.u.i.k.p.r.p.TestFile    ... success: reloaded. 
247888     INFO  main            d.u.i.k.p.r.p.TestFile    Now processing file /home/runner/work/key/key/key.core/../key.ui/examples/heap/permissions/threads/BFilter_BFilter.key 
247888     INFO  main            d.u.i.k.p.i.AbstractProblemLoader Loading environment from /home/runner/work/key/key/key.core/../key.ui/examples/heap/permissions/threads/BFilter_BFilter.key 
247888     DEBUG main            d.u.i.k.p.i.AbstractProblemLoader Environment load took 182.7ns 
247889     INFO  main            d.u.i.k.p.i.AbstractProblemLoader Creating init config 
254340     DEBUG main            d.u.i.k.p.i.AbstractProblemLoader Init config took 6.45s 
254466     INFO  main            d.u.i.k.p.i.AbstractProblemLoader Replaying proof BFilter[BFilter::BFilter(Sampler,Buffer)].JML normal_behavior operation contract.0 
254471     DEBUG main            d.u.i.k.p.i.IntermediateProofReplayer Proof replay took 8ns 
255780     INFO  main            d.u.i.k.p.r.p.TestFile    ... finished proof: closed. 
256240     INFO  main            d.u.i.k.p.i.AbstractProblemLoader Loading environment from /home/runner/work/key/key/key.core/../key.ui/examples/heap/permissions/threads/BFilter_BFilter.key.proof 
256246     DEBUG main            d.u.i.k.p.i.AbstractProblemLoader Environment load took 5.95ms 
256247     INFO  main            d.u.i.k.p.i.AbstractProblemLoader Creating init config 
262513     DEBUG main            d.u.i.k.p.i.AbstractProblemLoader Init config took 6.27s 
262617     INFO  main            d.u.i.k.p.i.AbstractProblemLoader Replaying proof BFilter[BFilter::BFilter(Sampler,Buffer)].JML normal_behavior operation contract.0 
262832     DEBUG main            d.u.i.k.p.i.IntermediateProofReplayer Proof replay took 208.04ms 
262834     DEBUG main            d.u.i.k.p.r.p.TestFile    ... success: reloaded. 
262836     INFO  main            d.u.i.k.p.r.p.TestFile    Now processing file /home/runner/work/key/key/key.core/../key.ui/examples/heap/permissions/threads/BFilter_initPost_accessible.key 
262837     INFO  main            d.u.i.k.p.i.AbstractProblemLoader Loading environment from /home/runner/work/key/key/key.core/../key.ui/examples/heap/permissions/threads/BFilter_initPost_accessible.key 
262837     DEBUG main            d.u.i.k.p.i.AbstractProblemLoader Environment load took 164.8ns 
262838     INFO  main            d.u.i.k.p.i.AbstractProblemLoader Creating init config 
269229     DEBUG main            d.u.i.k.p.i.AbstractProblemLoader Init config took 6.39s 
269353     INFO  main            d.u.i.k.p.i.AbstractProblemLoader Replaying proof BFilter[ThreadSpec2::initPost()].JML accessible clause.0 
269357     DEBUG main            d.u.i.k.p.i.IntermediateProofReplayer Proof replay took 7.1ns 
269459     INFO  main            d.u.i.k.p.r.p.TestFile    ... finished proof: closed. 
269851     INFO  main            d.u.i.k.p.i.AbstractProblemLoader Loading environment from /home/runner/work/key/key/key.core/../key.ui/examples/heap/permissions/threads/BFilter_initPost_accessible.key.proof 
269851     DEBUG main            d.u.i.k.p.i.AbstractProblemLoader Environment load took 130.3ns 
269853     INFO  main            d.u.i.k.p.i.AbstractProblemLoader Creating init config 
276076     DEBUG main            d.u.i.k.p.i.AbstractProblemLoader Init config took 6.22s 
276171     INFO  main            d.u.i.k.p.i.AbstractProblemLoader Replaying proof BFilter[ThreadSpec2::initPost()].JML accessible clause.0 
276190     DEBUG main            d.u.i.k.p.i.IntermediateProofReplayer Proof replay took 15.83ms 
276191     DEBUG main            d.u.i.k.p.r.p.TestFile    ... success: reloaded. 
276192     INFO  main            d.u.i.k.p.r.p.TestFile    Now processing file /home/runner/work/key/key/key.core/../key.ui/examples/heap/permissions/threads/BFilter_inv_accessible1.key 
276193     INFO  main            d.u.i.k.p.i.AbstractProblemLoader Loading environment from /home/runner/work/key/key/key.core/../key.ui/examples/heap/permissions/threads/BFilter_inv_accessible1.key 
276193     DEBUG main            d.u.i.k.p.i.AbstractProblemLoader Environment load took 93.7ns 
276194     INFO  main            d.u.i.k.p.i.AbstractProblemLoader Creating init config 
282613     DEBUG main            d.u.i.k.p.i.AbstractProblemLoader Init config took 6.42s 
282717     INFO  main            d.u.i.k.p.i.AbstractProblemLoader Replaying proof BFilter[java.lang.Object::<inv>()].JML accessible clause.0 
282720     DEBUG main            d.u.i.k.p.i.IntermediateProofReplayer Proof replay took 7.6ns 
282822     INFO  main            d.u.i.k.p.r.p.TestFile    ... finished proof: closed. 
283223     INFO  main            d.u.i.k.p.i.AbstractProblemLoader Loading environment from /home/runner/work/key/key/key.core/../key.ui/examples/heap/permissions/threads/BFilter_inv_accessible1.key.proof 
283224     DEBUG main            d.u.i.k.p.i.AbstractProblemLoader Environment load took 129.9ns 
283225     INFO  main            d.u.i.k.p.i.AbstractProblemLoader Creating init config 
289421     DEBUG main            d.u.i.k.p.i.AbstractProblemLoader Init config took 6.2s 
289518     INFO  main            d.u.i.k.p.i.AbstractProblemLoader Replaying proof BFilter[java.lang.Object::<inv>()].JML accessible clause.0 
289522     DEBUG main            d.u.i.k.p.i.IntermediateProofReplayer Proof replay took 2.25ms 
289524     DEBUG main            d.u.i.k.p.r.p.TestFile    ... success: reloaded. 
289525     INFO  main            d.u.i.k.p.r.p.TestFile    Now processing file /home/runner/work/key/key/key.core/../key.ui/examples/heap/permissions/threads/BFilter_inv_accessible2.key 
289525     INFO  main            d.u.i.k.p.i.AbstractProblemLoader Loading environment from /home/runner/work/key/key/key.core/../key.ui/examples/heap/permissions/threads/BFilter_inv_accessible2.key 
289526     DEBUG main            d.u.i.k.p.i.AbstractProblemLoader Environment load took 115.5ns 
289527     INFO  main            d.u.i.k.p.i.AbstractProblemLoader Creating init config 
295742     DEBUG main            d.u.i.k.p.i.AbstractProblemLoader Init config took 6.22s 
295844     INFO  main            d.u.i.k.p.i.AbstractProblemLoader Replaying proof BFilter[java.lang.Object::<inv>()].JML accessible clause.1 
295846     DEBUG main            d.u.i.k.p.i.IntermediateProofReplayer Proof replay took 8.3ns 
295954     INFO  main            d.u.i.k.p.r.p.TestFile    ... finished proof: closed. 
296359     INFO  main            d.u.i.k.p.i.AbstractProblemLoader Loading environment from /home/runner/work/key/key/key.core/../key.ui/examples/heap/permissions/threads/BFilter_inv_accessible2.key.proof 
296359     DEBUG main            d.u.i.k.p.i.AbstractProblemLoader Environment load took 140.3ns 
296361     INFO  main            d.u.i.k.p.i.AbstractProblemLoader Creating init config 
302534     DEBUG main            d.u.i.k.p.i.AbstractProblemLoader Init config took 6.17s 
302636     INFO  main            d.u.i.k.p.i.AbstractProblemLoader Replaying proof BFilter[java.lang.Object::<inv>()].JML accessible clause.1 
302642     DEBUG main            d.u.i.k.p.i.IntermediateProofReplayer Proof replay took 2.63ms 
302648     DEBUG main            d.u.i.k.p.r.p.TestFile    ... success: reloaded. 
302649     INFO  main            d.u.i.k.p.r.p.TestFile    Now processing file /home/runner/work/key/key/key.core/../key.ui/examples/heap/permissions/threads/BFilter_joinTransfer_accessible.key 
302649     INFO  main            d.u.i.k.p.i.AbstractProblemLoader Loading environment from /home/runner/work/key/key/key.core/../key.ui/examples/heap/permissions/threads/BFilter_joinTransfer_accessible.key 
302650     DEBUG main            d.u.i.k.p.i.AbstractProblemLoader Environment load took 271.6ns 
302651     INFO  main            d.u.i.k.p.i.AbstractProblemLoader Creating init config 
309030     DEBUG main            d.u.i.k.p.i.AbstractProblemLoader Init config took 6.38s 
309142     INFO  main            d.u.i.k.p.i.AbstractProblemLoader Replaying proof BFilter[ThreadSpec2::joinTransfer()].JML accessible clause.0 
309144     DEBUG main            d.u.i.k.p.i.IntermediateProofReplayer Proof replay took 7.1ns 
310449     INFO  main            d.u.i.k.p.r.p.TestFile    ... finished proof: closed. 
310897     INFO  main            d.u.i.k.p.i.AbstractProblemLoader Loading environment from /home/runner/work/key/key/key.core/../key.ui/examples/heap/permissions/threads/BFilter_joinTransfer_accessible.key.proof 
310897     DEBUG main            d.u.i.k.p.i.AbstractProblemLoader Environment load took 126ns 
310898     INFO  main            d.u.i.k.p.i.AbstractProblemLoader Creating init config 
317119     DEBUG main            d.u.i.k.p.i.AbstractProblemLoader Init config took 6.22s 
317232     INFO  main            d.u.i.k.p.i.AbstractProblemLoader Replaying proof BFilter[ThreadSpec2::joinTransfer()].JML accessible clause.0 
317410     DEBUG main            d.u.i.k.p.i.IntermediateProofReplayer Proof replay took 171.69ms 
317412     DEBUG main            d.u.i.k.p.r.p.TestFile    ... success: reloaded. 
317413     INFO  main            d.u.i.k.p.r.p.TestFile    Now processing file /home/runner/work/key/key/key.core/../key.ui/examples/heap/permissions/threads/BFilter_joinTransfer_contract.key 
317414     INFO  main            d.u.i.k.p.i.AbstractProblemLoader Loading environment from /home/runner/work/key/key/key.core/../key.ui/examples/heap/permissions/threads/BFilter_joinTransfer_contract.key 
317414     DEBUG main            d.u.i.k.p.i.AbstractProblemLoader Environment load took 213.9ns 
317415     INFO  main            d.u.i.k.p.i.AbstractProblemLoader Creating init config 
323669     DEBUG main            d.u.i.k.p.i.AbstractProblemLoader Init config took 6.25s 
323792     INFO  main            d.u.i.k.p.i.AbstractProblemLoader Replaying proof BFilter[ThreadSpec2::joinTransfer()].JML model_behavior operation contract.0 
323794     DEBUG main            d.u.i.k.p.i.IntermediateProofReplayer Proof replay took 8.6ns 
323897     INFO  main            d.u.i.k.p.r.p.TestFile    ... finished proof: closed. 
324316     INFO  main            d.u.i.k.p.i.AbstractProblemLoader Loading environment from /home/runner/work/key/key/key.core/../key.ui/examples/heap/permissions/threads/BFilter_joinTransfer_contract.key.proof 
324316     DEBUG main            d.u.i.k.p.i.AbstractProblemLoader Environment load took 123.3ns 
324317     INFO  main            d.u.i.k.p.i.AbstractProblemLoader Creating init config 
330538     DEBUG main            d.u.i.k.p.i.AbstractProblemLoader Init config took 6.22s 
330649     INFO  main            d.u.i.k.p.i.AbstractProblemLoader Replaying proof BFilter[ThreadSpec2::joinTransfer()].JML model_behavior operation contract.0 
330661     DEBUG main            d.u.i.k.p.i.IntermediateProofReplayer Proof replay took 10.8ms 
330662     DEBUG main            d.u.i.k.p.r.p.TestFile    ... success: reloaded. 
330663     INFO  main            d.u.i.k.p.r.p.TestFile    Now processing file /home/runner/work/key/key/key.core/../key.ui/examples/heap/permissions/threads/BFilter_postJoin_accessible.key 
330663     INFO  main            d.u.i.k.p.i.AbstractProblemLoader Loading environment from /home/runner/work/key/key/key.core/../key.ui/examples/heap/permissions/threads/BFilter_postJoin_accessible.key 
330664     DEBUG main            d.u.i.k.p.i.AbstractProblemLoader Environment load took 107.4ns 
330665     INFO  main            d.u.i.k.p.i.AbstractProblemLoader Creating init config 
336884     DEBUG main            d.u.i.k.p.i.AbstractProblemLoader Init config took 6.22s 
336984     INFO  main            d.u.i.k.p.i.AbstractProblemLoader Replaying proof BFilter[ThreadSpec2::postJoin(java.lang.Object)].JML accessible clause.0 
336986     DEBUG main            d.u.i.k.p.i.IntermediateProofReplayer Proof replay took 24.6ns 
337089     INFO  main            d.u.i.k.p.r.p.TestFile    ... finished proof: closed. 
337518     INFO  main            d.u.i.k.p.i.AbstractProblemLoader Loading environment from /home/runner/work/key/key/key.core/../key.ui/examples/heap/permissions/threads/BFilter_postJoin_accessible.key.proof 
337518     DEBUG main            d.u.i.k.p.i.AbstractProblemLoader Environment load took 123ns 
337519     INFO  main            d.u.i.k.p.i.AbstractProblemLoader Creating init config 
343740     DEBUG main            d.u.i.k.p.i.AbstractProblemLoader Init config took 6.22s 
343836     INFO  main            d.u.i.k.p.i.AbstractProblemLoader Replaying proof BFilter[ThreadSpec2::postJoin(java.lang.Object)].JML accessible clause.0 
343847     DEBUG main            d.u.i.k.p.i.IntermediateProofReplayer Proof replay took 8.74ms 
343849     DEBUG main            d.u.i.k.p.r.p.TestFile    ... success: reloaded. 
343850     INFO  main            d.u.i.k.p.r.p.TestFile    Now processing file /home/runner/work/key/key/key.core/../key.ui/examples/heap/permissions/threads/BFilter_preStart_accessible.key 
343850     INFO  main            d.u.i.k.p.i.AbstractProblemLoader Loading environment from /home/runner/work/key/key/key.core/../key.ui/examples/heap/permissions/threads/BFilter_preStart_accessible.key 
343850     DEBUG main            d.u.i.k.p.i.AbstractProblemLoader Environment load took 92.6ns 
343851     INFO  main            d.u.i.k.p.i.AbstractProblemLoader Creating init config 
350050     DEBUG main            d.u.i.k.p.i.AbstractProblemLoader Init config took 6.2s 
350167     INFO  main            d.u.i.k.p.i.AbstractProblemLoader Replaying proof BFilter[ThreadSpec2::preStart(java.lang.Object)].JML accessible clause.0 
350169     DEBUG main            d.u.i.k.p.i.IntermediateProofReplayer Proof replay took 7.1ns 
350575     INFO  main            d.u.i.k.p.r.p.TestFile    ... finished proof: closed. 
351025     INFO  main            d.u.i.k.p.i.AbstractProblemLoader Loading environment from /home/runner/work/key/key/key.core/../key.ui/examples/heap/permissions/threads/BFilter_preStart_accessible.key.proof 
351025     DEBUG main            d.u.i.k.p.i.AbstractProblemLoader Environment load took 374.6ns 
351026     INFO  main            d.u.i.k.p.i.AbstractProblemLoader Creating init config 
357236     DEBUG main            d.u.i.k.p.i.AbstractProblemLoader Init config took 6.21s 
357337     INFO  main            d.u.i.k.p.i.AbstractProblemLoader Replaying proof BFilter[ThreadSpec2::preStart(java.lang.Object)].JML accessible clause.0 
357385     DEBUG main            d.u.i.k.p.i.IntermediateProofReplayer Proof replay took 43.87ms 
357386     DEBUG main            d.u.i.k.p.r.p.TestFile    ... success: reloaded. 
357387     INFO  main            d.u.i.k.p.r.p.TestFile    Now processing file /home/runner/work/key/key/key.core/../key.ui/examples/heap/permissions/threads/BFilter_startTransfer_accessible.key 
357388     INFO  main            d.u.i.k.p.i.AbstractProblemLoader Loading environment from /home/runner/work/key/key/key.core/../key.ui/examples/heap/permissions/threads/BFilter_startTransfer_accessible.key 
357388     DEBUG main            d.u.i.k.p.i.AbstractProblemLoader Environment load took 150ns 
357389     INFO  main            d.u.i.k.p.i.AbstractProblemLoader Creating init config 
363642     DEBUG main            d.u.i.k.p.i.AbstractProblemLoader Init config took 6.25s 
363741     INFO  main            d.u.i.k.p.i.AbstractProblemLoader Replaying proof BFilter[ThreadSpec2::startTransfer()].JML accessible clause.0 
363743     DEBUG main            d.u.i.k.p.i.IntermediateProofReplayer Proof replay took 6.9ns 
376845     INFO  main            d.u.i.k.p.r.p.TestFile    ... finished proof: closed. 
377332     INFO  main            d.u.i.k.p.i.AbstractProblemLoader Loading environment from /home/runner/work/key/key/key.core/../key.ui/examples/heap/permissions/threads/BFilter_startTransfer_accessible.key.proof 
377332     DEBUG main            d.u.i.k.p.i.AbstractProblemLoader Environment load took 128ns 
377334     INFO  main            d.u.i.k.p.i.AbstractProblemLoader Creating init config 
383517     DEBUG main            d.u.i.k.p.i.AbstractProblemLoader Init config took 6.18s 
383652     INFO  main            d.u.i.k.p.i.AbstractProblemLoader Replaying proof BFilter[ThreadSpec2::startTransfer()].JML accessible clause.0 
384733     DEBUG main            d.u.i.k.p.i.IntermediateProofReplayer Proof replay took 1.06s 
384735     DEBUG main            d.u.i.k.p.r.p.TestFile    ... success: reloaded. 
384736     INFO  main            d.u.i.k.p.r.p.TestFile    Now processing file /home/runner/work/key/key/key.core/../key.ui/examples/heap/permissions/threads/BFilter_startTransfer_contract.key 
384736     INFO  main            d.u.i.k.p.i.AbstractProblemLoader Loading environment from /home/runner/work/key/key/key.core/../key.ui/examples/heap/permissions/threads/BFilter_startTransfer_contract.key 
384737     DEBUG main            d.u.i.k.p.i.AbstractProblemLoader Environment load took 199.2ns 
384738     INFO  main            d.u.i.k.p.i.AbstractProblemLoader Creating init config 
391091     DEBUG main            d.u.i.k.p.i.AbstractProblemLoader Init config took 6.35s 
391188     INFO  main            d.u.i.k.p.i.AbstractProblemLoader Replaying proof BFilter[ThreadSpec2::startTransfer()].JML model_behavior operation contract.0 
391190     DEBUG main            d.u.i.k.p.i.IntermediateProofReplayer Proof replay took 8.1ns 
392599     INFO  main            d.u.i.k.p.r.p.TestFile    ... finished proof: closed. 
393055     INFO  main            d.u.i.k.p.i.AbstractProblemLoader Loading environment from /home/runner/work/key/key/key.core/../key.ui/examples/heap/permissions/threads/BFilter_startTransfer_contract.key.proof 
393055     DEBUG main            d.u.i.k.p.i.AbstractProblemLoader Environment load took 117.6ns 
393057     INFO  main            d.u.i.k.p.i.AbstractProblemLoader Creating init config 
399279     DEBUG main            d.u.i.k.p.i.AbstractProblemLoader Init config took 6.22s 
399376     INFO  main            d.u.i.k.p.i.AbstractProblemLoader Replaying proof BFilter[ThreadSpec2::startTransfer()].JML model_behavior operation contract.0 
399516     DEBUG main            d.u.i.k.p.i.IntermediateProofReplayer Proof replay took 132.27ms 
399518     DEBUG main            d.u.i.k.p.r.p.TestFile    ... success: reloaded. 
399519     INFO  main            d.u.i.k.p.r.p.TestFile    Now processing file /home/runner/work/key/key/key.core/../key.ui/examples/heap/permissions/threads/BFilter_stateInv_accessible.key 
399519     INFO  main            d.u.i.k.p.i.AbstractProblemLoader Loading environment from /home/runner/work/key/key/key.core/../key.ui/examples/heap/permissions/threads/BFilter_stateInv_accessible.key 
399519     DEBUG main            d.u.i.k.p.i.AbstractProblemLoader Environment load took 100.8ns 
399520     INFO  main            d.u.i.k.p.i.AbstractProblemLoader Creating init config 
405767     DEBUG main            d.u.i.k.p.i.AbstractProblemLoader Init config took 6.25s 
405867     INFO  main            d.u.i.k.p.i.AbstractProblemLoader Replaying proof BFilter[ThreadSpec2::stateInv()].JML accessible clause.0 
405870     DEBUG main            d.u.i.k.p.i.IntermediateProofReplayer Proof replay took 8.6ns 
406273     INFO  main            d.u.i.k.p.r.p.TestFile    ... finished proof: closed. 
406866     INFO  main            d.u.i.k.p.i.AbstractProblemLoader Loading environment from /home/runner/work/key/key/key.core/../key.ui/examples/heap/permissions/threads/BFilter_stateInv_accessible.key.proof 
406866     DEBUG main            d.u.i.k.p.i.AbstractProblemLoader Environment load took 110.2ns 
406867     INFO  main            d.u.i.k.p.i.AbstractProblemLoader Creating init config 
412927     DEBUG main            d.u.i.k.p.i.AbstractProblemLoader Init config took 6.06s 
413028     INFO  main            d.u.i.k.p.i.AbstractProblemLoader Replaying proof BFilter[ThreadSpec2::stateInv()].JML accessible clause.0 
413081     DEBUG main            d.u.i.k.p.i.IntermediateProofReplayer Proof replay took 49.5ms 
413082     DEBUG main            d.u.i.k.p.r.p.TestFile    ... success: reloaded. 
413083     INFO  main            d.u.i.k.p.r.p.TestFile    Now processing file /home/runner/work/key/key/key.core/../key.ui/examples/heap/permissions/threads/BFilter_staticPermissions_accessible.key 
413083     INFO  main            d.u.i.k.p.i.AbstractProblemLoader Loading environment from /home/runner/work/key/key/key.core/../key.ui/examples/heap/permissions/threads/BFilter_staticPermissions_accessible.key 
413083     DEBUG main            d.u.i.k.p.i.AbstractProblemLoader Environment load took 110.8ns 
413084     INFO  main            d.u.i.k.p.i.AbstractProblemLoader Creating init config 
419398     DEBUG main            d.u.i.k.p.i.AbstractProblemLoader Init config took 6.31s 
419497     INFO  main            d.u.i.k.p.i.AbstractProblemLoader Replaying proof BFilter[ThreadSpec2::staticPermissions()].JML accessible clause.0 
419499     DEBUG main            d.u.i.k.p.i.IntermediateProofReplayer Proof replay took 7.6ns 
419602     INFO  main            d.u.i.k.p.r.p.TestFile    ... finished proof: closed. 
420095     INFO  main            d.u.i.k.p.i.AbstractProblemLoader Loading environment from /home/runner/work/key/key/key.core/../key.ui/examples/heap/permissions/threads/BFilter_staticPermissions_accessible.key.proof 
420096     DEBUG main            d.u.i.k.p.i.AbstractProblemLoader Environment load took 136.2ns 
420097     INFO  main            d.u.i.k.p.i.AbstractProblemLoader Creating init config 
426230     DEBUG main            d.u.i.k.p.i.AbstractProblemLoader Init config took 6.13s 
426323     INFO  main            d.u.i.k.p.i.AbstractProblemLoader Replaying proof BFilter[ThreadSpec2::staticPermissions()].JML accessible clause.0 
426336     DEBUG main            d.u.i.k.p.i.IntermediateProofReplayer Proof replay took 11.15ms 
426337     DEBUG main            d.u.i.k.p.r.p.TestFile    ... success: reloaded. 
426338     INFO  main            d.u.i.k.p.r.p.TestFile    Now processing file /home/runner/work/key/key/key.core/../key.ui/examples/heap/permissions/threads/BFilter_workingPermissions_accessible.key 
426339     INFO  main            d.u.i.k.p.i.AbstractProblemLoader Loading environment from /home/runner/work/key/key/key.core/../key.ui/examples/heap/permissions/threads/BFilter_workingPermissions_accessible.key 
426339     DEBUG main            d.u.i.k.p.i.AbstractProblemLoader Environment load took 58.8ns 
426340     INFO  main            d.u.i.k.p.i.AbstractProblemLoader Creating init config 
432551     DEBUG main            d.u.i.k.p.i.AbstractProblemLoader Init config took 6.21s 
432666     INFO  main            d.u.i.k.p.i.AbstractProblemLoader Replaying proof BFilter[ThreadSpec2::workingPermissions()].JML accessible clause.0 
432668     DEBUG main            d.u.i.k.p.i.IntermediateProofReplayer Proof replay took 7.3ns 
432770     INFO  main            d.u.i.k.p.r.p.TestFile    ... finished proof: closed. 
433243     INFO  main            d.u.i.k.p.i.AbstractProblemLoader Loading environment from /home/runner/work/key/key/key.core/../key.ui/examples/heap/permissions/threads/BFilter_workingPermissions_accessible.key.proof 
433243     DEBUG main            d.u.i.k.p.i.AbstractProblemLoader Environment load took 120.4ns 
433244     INFO  main            d.u.i.k.p.i.AbstractProblemLoader Creating init config 
439469     DEBUG main            d.u.i.k.p.i.AbstractProblemLoader Init config took 6.22s 
439571     INFO  main            d.u.i.k.p.i.AbstractProblemLoader Replaying proof BFilter[ThreadSpec2::workingPermissions()].JML accessible clause.0 
439584     DEBUG main            d.u.i.k.p.i.IntermediateProofReplayer Proof replay took 10.79ms 
439585     DEBUG main            d.u.i.k.p.r.p.TestFile    ... success: reloaded. 
439586     INFO  main            d.u.i.k.p.r.p.TestFile    Now processing file /home/runner/work/key/key/key.core/../key.ui/examples/heap/permissions/threads/Fib_Fib.key 
439587     INFO  main            d.u.i.k.p.i.AbstractProblemLoader Loading environment from /home/runner/work/key/key/key.core/../key.ui/examples/heap/permissions/threads/Fib_Fib.key 
439587     DEBUG main            d.u.i.k.p.i.AbstractProblemLoader Environment load took 150ns 
439588     INFO  main            d.u.i.k.p.i.AbstractProblemLoader Creating init config 
445876     DEBUG main            d.u.i.k.p.i.AbstractProblemLoader Init config took 6.29s 
445977     INFO  main            d.u.i.k.p.i.AbstractProblemLoader Replaying proof Fib[Fib::Fib(int)].JML normal_behavior operation contract.0 
445979     DEBUG main            d.u.i.k.p.i.IntermediateProofReplayer Proof replay took 9.3ns 
446885     INFO  main            d.u.i.k.p.r.p.TestFile    ... finished proof: closed. 
447425     INFO  main            d.u.i.k.p.i.AbstractProblemLoader Loading environment from /home/runner/work/key/key/key.core/../key.ui/examples/heap/permissions/threads/Fib_Fib.key.proof 
447426     DEBUG main            d.u.i.k.p.i.AbstractProblemLoader Environment load took 411ns 
447427     INFO  main            d.u.i.k.p.i.AbstractProblemLoader Creating init config 
453655     DEBUG main            d.u.i.k.p.i.AbstractProblemLoader Init config took 6.23s 
453750     INFO  main            d.u.i.k.p.i.AbstractProblemLoader Replaying proof Fib[Fib::Fib(int)].JML normal_behavior operation contract.0 
453890     DEBUG main            d.u.i.k.p.i.IntermediateProofReplayer Proof replay took 136.15ms 
453891     DEBUG main            d.u.i.k.p.r.p.TestFile    ... success: reloaded. 
453893     INFO  main            d.u.i.k.p.r.p.TestFile    Now processing file /home/runner/work/key/key/key.core/../key.ui/examples/heap/permissions/threads/Fib_initPost_accessible.key 
453893     INFO  main            d.u.i.k.p.i.AbstractProblemLoader Loading environment from /home/runner/work/key/key/key.core/../key.ui/examples/heap/permissions/threads/Fib_initPost_accessible.key 
453893     DEBUG main            d.u.i.k.p.i.AbstractProblemLoader Environment load took 118.2ns 
453895     INFO  main            d.u.i.k.p.i.AbstractProblemLoader Creating init config 
460200     DEBUG main            d.u.i.k.p.i.AbstractProblemLoader Init config took 6.3s 
460317     INFO  main            d.u.i.k.p.i.AbstractProblemLoader Replaying proof Fib[ThreadSpec::initPost()].JML accessible clause.0 
460319     DEBUG main            d.u.i.k.p.i.IntermediateProofReplayer Proof replay took 7.9ns 
460421     INFO  main            d.u.i.k.p.r.p.TestFile    ... finished proof: closed. 
460922     INFO  main            d.u.i.k.p.i.AbstractProblemLoader Loading environment from /home/runner/work/key/key/key.core/../key.ui/examples/heap/permissions/threads/Fib_initPost_accessible.key.proof 
460922     DEBUG main            d.u.i.k.p.i.AbstractProblemLoader Environment load took 113.1ns 
460923     INFO  main            d.u.i.k.p.i.AbstractProblemLoader Creating init config 
467083     DEBUG main            d.u.i.k.p.i.AbstractProblemLoader Init config took 6.16s 
467176     INFO  main            d.u.i.k.p.i.AbstractProblemLoader Replaying proof Fib[ThreadSpec::initPost()].JML accessible clause.0 
467185     DEBUG main            d.u.i.k.p.i.IntermediateProofReplayer Proof replay took 6.48ms 
467186     DEBUG main            d.u.i.k.p.r.p.TestFile    ... success: reloaded. 
467187     INFO  main            d.u.i.k.p.r.p.TestFile    Now processing file /home/runner/work/key/key/key.core/../key.ui/examples/heap/permissions/threads/Fib_inv1_accessible.key 
467188     INFO  main            d.u.i.k.p.i.AbstractProblemLoader Loading environment from /home/runner/work/key/key/key.core/../key.ui/examples/heap/permissions/threads/Fib_inv1_accessible.key 
467188     DEBUG main            d.u.i.k.p.i.AbstractProblemLoader Environment load took 117.9ns 
467189     INFO  main            d.u.i.k.p.i.AbstractProblemLoader Creating init config 
473298     DEBUG main            d.u.i.k.p.i.AbstractProblemLoader Init config took 6.11s 
473394     INFO  main            d.u.i.k.p.i.AbstractProblemLoader Replaying proof Fib[java.lang.Object::<inv>()].JML accessible clause.0 
473396     DEBUG main            d.u.i.k.p.i.IntermediateProofReplayer Proof replay took 8.5ns 
473498     INFO  main            d.u.i.k.p.r.p.TestFile    ... finished proof: closed. 
474009     INFO  main            d.u.i.k.p.i.AbstractProblemLoader Loading environment from /home/runner/work/key/key/key.core/../key.ui/examples/heap/permissions/threads/Fib_inv1_accessible.key.proof 
474010     DEBUG main            d.u.i.k.p.i.AbstractProblemLoader Environment load took 106ns 
474011     INFO  main            d.u.i.k.p.i.AbstractProblemLoader Creating init config 
480083     DEBUG main            d.u.i.k.p.i.AbstractProblemLoader Init config took 6.07s 
480183     INFO  main            d.u.i.k.p.i.AbstractProblemLoader Replaying proof Fib[java.lang.Object::<inv>()].JML accessible clause.0 
480187     DEBUG main            d.u.i.k.p.i.IntermediateProofReplayer Proof replay took 1.98ms 
480188     DEBUG main            d.u.i.k.p.r.p.TestFile    ... success: reloaded. 
480189     INFO  main            d.u.i.k.p.r.p.TestFile    Now processing file /home/runner/work/key/key/key.core/../key.ui/examples/heap/permissions/threads/Fib_inv2_accessible.key 
480189     INFO  main            d.u.i.k.p.i.AbstractProblemLoader Loading environment from /home/runner/work/key/key/key.core/../key.ui/examples/heap/permissions/threads/Fib_inv2_accessible.key 
480189     DEBUG main            d.u.i.k.p.i.AbstractProblemLoader Environment load took 103.4ns 
480190     INFO  main            d.u.i.k.p.i.AbstractProblemLoader Creating init config 
486431     DEBUG main            d.u.i.k.p.i.AbstractProblemLoader Init config took 6.24s 
486551     INFO  main            d.u.i.k.p.i.AbstractProblemLoader Replaying proof Fib[java.lang.Object::<inv>()].JML accessible clause.1 
486553     DEBUG main            d.u.i.k.p.i.IntermediateProofReplayer Proof replay took 8.1ns 
486655     INFO  main            d.u.i.k.p.r.p.TestFile    ... finished proof: closed. 
487136     INFO  main            d.u.i.k.p.i.AbstractProblemLoader Loading environment from /home/runner/work/key/key/key.core/../key.ui/examples/heap/permissions/threads/Fib_inv2_accessible.key.proof 
487136     DEBUG main            d.u.i.k.p.i.AbstractProblemLoader Environment load took 125.9ns 
487137     INFO  main            d.u.i.k.p.i.AbstractProblemLoader Creating init config 
493339     DEBUG main            d.u.i.k.p.i.AbstractProblemLoader Init config took 6.2s 
493437     INFO  main            d.u.i.k.p.i.AbstractProblemLoader Replaying proof Fib[java.lang.Object::<inv>()].JML accessible clause.1 
493444     DEBUG main            d.u.i.k.p.i.IntermediateProofReplayer Proof replay took 2.79ms 
493446     DEBUG main            d.u.i.k.p.r.p.TestFile    ... success: reloaded. 
493447     INFO  main            d.u.i.k.p.r.p.TestFile    Now processing file /home/runner/work/key/key/key.core/../key.ui/examples/heap/permissions/threads/Fib_joinTransfer_accessible.key 
493447     INFO  main            d.u.i.k.p.i.AbstractProblemLoader Loading environment from /home/runner/work/key/key/key.core/../key.ui/examples/heap/permissions/threads/Fib_joinTransfer_accessible.key 
493447     DEBUG main            d.u.i.k.p.i.AbstractProblemLoader Environment load took 197.3ns 
493449     INFO  main            d.u.i.k.p.i.AbstractProblemLoader Creating init config 
499607     DEBUG main            d.u.i.k.p.i.AbstractProblemLoader Init config took 6.16s 
499708     INFO  main            d.u.i.k.p.i.AbstractProblemLoader Replaying proof Fib[ThreadSpec::joinTransfer()].JML accessible clause.0 
499710     DEBUG main            d.u.i.k.p.i.IntermediateProofReplayer Proof replay took 7.7ns 
499913     INFO  main            d.u.i.k.p.r.p.TestFile    ... finished proof: closed. 
500455     INFO  main            d.u.i.k.p.i.AbstractProblemLoader Loading environment from /home/runner/work/key/key/key.core/../key.ui/examples/heap/permissions/threads/Fib_joinTransfer_accessible.key.proof 
500455     DEBUG main            d.u.i.k.p.i.AbstractProblemLoader Environment load took 114.2ns 
500456     INFO  main            d.u.i.k.p.i.AbstractProblemLoader Creating init config 
506592     DEBUG main            d.u.i.k.p.i.AbstractProblemLoader Init config took 6.14s 
506690     INFO  main            d.u.i.k.p.i.AbstractProblemLoader Replaying proof Fib[ThreadSpec::joinTransfer()].JML accessible clause.0 
506726     DEBUG main            d.u.i.k.p.i.IntermediateProofReplayer Proof replay took 33.4ms 
506727     DEBUG main            d.u.i.k.p.r.p.TestFile    ... success: reloaded. 
506729     INFO  main            d.u.i.k.p.r.p.TestFile    Now processing file /home/runner/work/key/key/key.core/../key.ui/examples/heap/permissions/threads/Fib_joinTransfer_contract.key 
506729     INFO  main            d.u.i.k.p.i.AbstractProblemLoader Loading environment from /home/runner/work/key/key/key.core/../key.ui/examples/heap/permissions/threads/Fib_joinTransfer_contract.key 
506730     DEBUG main            d.u.i.k.p.i.AbstractProblemLoader Environment load took 699.4ns 
506731     INFO  main            d.u.i.k.p.i.AbstractProblemLoader Creating init config 
513009     DEBUG main            d.u.i.k.p.i.AbstractProblemLoader Init config took 6.28s 
513102     INFO  main            d.u.i.k.p.i.AbstractProblemLoader Replaying proof Fib[ThreadSpec::joinTransfer()].JML model_behavior operation contract.0 
513103     DEBUG main            d.u.i.k.p.i.IntermediateProofReplayer Proof replay took 7.3ns 
513205     INFO  main            d.u.i.k.p.r.p.TestFile    ... finished proof: closed. 
513734     INFO  main            d.u.i.k.p.i.AbstractProblemLoader Loading environment from /home/runner/work/key/key/key.core/../key.ui/examples/heap/permissions/threads/Fib_joinTransfer_contract.key.proof 
513734     DEBUG main            d.u.i.k.p.i.AbstractProblemLoader Environment load took 137.3ns 
513736     INFO  main            d.u.i.k.p.i.AbstractProblemLoader Creating init config 
519864     DEBUG main            d.u.i.k.p.i.AbstractProblemLoader Init config took 6.13s 
519963     INFO  main            d.u.i.k.p.i.AbstractProblemLoader Replaying proof Fib[ThreadSpec::joinTransfer()].JML model_behavior operation contract.0 
519973     DEBUG main            d.u.i.k.p.i.IntermediateProofReplayer Proof replay took 8.84ms 
519974     DEBUG main            d.u.i.k.p.r.p.TestFile    ... success: reloaded. 
519975     INFO  main            d.u.i.k.p.r.p.TestFile    Now processing file /home/runner/work/key/key/key.core/../key.ui/examples/heap/permissions/threads/Fib_postJoin_accessible.key 
519976     INFO  main            d.u.i.k.p.i.AbstractProblemLoader Loading environment from /home/runner/work/key/key/key.core/../key.ui/examples/heap/permissions/threads/Fib_postJoin_accessible.key 
519976     DEBUG main            d.u.i.k.p.i.AbstractProblemLoader Environment load took 107.9ns 
519977     INFO  main            d.u.i.k.p.i.AbstractProblemLoader Creating init config 
526336     DEBUG main            d.u.i.k.p.i.AbstractProblemLoader Init config took 6.36s 
526429     INFO  main            d.u.i.k.p.i.AbstractProblemLoader Replaying proof Fib[ThreadSpec::postJoin(java.lang.Object)].JML accessible clause.0 
526430     DEBUG main            d.u.i.k.p.i.IntermediateProofReplayer Proof replay took 7.1ns 
526532     INFO  main            d.u.i.k.p.r.p.TestFile    ... finished proof: closed. 
527062     INFO  main            d.u.i.k.p.i.AbstractProblemLoader Loading environment from /home/runner/work/key/key/key.core/../key.ui/examples/heap/permissions/threads/Fib_postJoin_accessible.key.proof 
527062     DEBUG main            d.u.i.k.p.i.AbstractProblemLoader Environment load took 141.8ns 
527063     INFO  main            d.u.i.k.p.i.AbstractProblemLoader Creating init config 
533159     DEBUG main            d.u.i.k.p.i.AbstractProblemLoader Init config took 6.1s 
533260     INFO  main            d.u.i.k.p.i.AbstractProblemLoader Replaying proof Fib[ThreadSpec::postJoin(java.lang.Object)].JML accessible clause.0 
533269     DEBUG main            d.u.i.k.p.i.IntermediateProofReplayer Proof replay took 7.14ms 
533270     DEBUG main            d.u.i.k.p.r.p.TestFile    ... success: reloaded. 
533271     INFO  main            d.u.i.k.p.r.p.TestFile    Now processing file /home/runner/work/key/key/key.core/../key.ui/examples/heap/permissions/threads/Fib_preStart_accessible.key 
533271     INFO  main            d.u.i.k.p.i.AbstractProblemLoader Loading environment from /home/runner/work/key/key/key.core/../key.ui/examples/heap/permissions/threads/Fib_preStart_accessible.key 
533271     DEBUG main            d.u.i.k.p.i.AbstractProblemLoader Environment load took 89.3ns 
533272     INFO  main            d.u.i.k.p.i.AbstractProblemLoader Creating init config 
539528     DEBUG main            d.u.i.k.p.i.AbstractProblemLoader Init config took 6.26s 
539644     INFO  main            d.u.i.k.p.i.AbstractProblemLoader Replaying proof Fib[ThreadSpec::preStart(java.lang.Object)].JML accessible clause.0 
539647     DEBUG main            d.u.i.k.p.i.IntermediateProofReplayer Proof replay took 8ns 
539750     INFO  main            d.u.i.k.p.r.p.TestFile    ... finished proof: closed. 
540283     INFO  main            d.u.i.k.p.i.AbstractProblemLoader Loading environment from /home/runner/work/key/key/key.core/../key.ui/examples/heap/permissions/threads/Fib_preStart_accessible.key.proof 
540283     DEBUG main            d.u.i.k.p.i.AbstractProblemLoader Environment load took 89.6ns 
540284     INFO  main            d.u.i.k.p.i.AbstractProblemLoader Creating init config 
546331     DEBUG main            d.u.i.k.p.i.AbstractProblemLoader Init config took 6.05s 
546444     INFO  main            d.u.i.k.p.i.AbstractProblemLoader Replaying proof Fib[ThreadSpec::preStart(java.lang.Object)].JML accessible clause.0 
546452     DEBUG main            d.u.i.k.p.i.IntermediateProofReplayer Proof replay took 6.44ms 
546453     DEBUG main            d.u.i.k.p.r.p.TestFile    ... success: reloaded. 
546454     INFO  main            d.u.i.k.p.r.p.TestFile    Now processing file /home/runner/work/key/key/key.core/../key.ui/examples/heap/permissions/threads/Fib_startTransfer_accessible.key 
546455     INFO  main            d.u.i.k.p.i.AbstractProblemLoader Loading environment from /home/runner/work/key/key/key.core/../key.ui/examples/heap/permissions/threads/Fib_startTransfer_accessible.key 
546455     DEBUG main            d.u.i.k.p.i.AbstractProblemLoader Environment load took 113.8ns 
546456     INFO  main            d.u.i.k.p.i.AbstractProblemLoader Creating init config 
552672     DEBUG main            d.u.i.k.p.i.AbstractProblemLoader Init config took 6.22s 
552764     INFO  main            d.u.i.k.p.i.AbstractProblemLoader Replaying proof Fib[ThreadSpec::startTransfer()].JML accessible clause.0 
552766     DEBUG main            d.u.i.k.p.i.IntermediateProofReplayer Proof replay took 7.1ns 
553069     INFO  main            d.u.i.k.p.r.p.TestFile    ... finished proof: closed. 
553628     INFO  main            d.u.i.k.p.i.AbstractProblemLoader Loading environment from /home/runner/work/key/key/key.core/../key.ui/examples/heap/permissions/threads/Fib_startTransfer_accessible.key.proof 
553628     DEBUG main            d.u.i.k.p.i.AbstractProblemLoader Environment load took 99ns 
553629     INFO  main            d.u.i.k.p.i.AbstractProblemLoader Creating init config 
559770     DEBUG main            d.u.i.k.p.i.AbstractProblemLoader Init config took 6.14s 
559867     INFO  main            d.u.i.k.p.i.AbstractProblemLoader Replaying proof Fib[ThreadSpec::startTransfer()].JML accessible clause.0 
559919     DEBUG main            d.u.i.k.p.i.IntermediateProofReplayer Proof replay took 49.26ms 
559920     DEBUG main            d.u.i.k.p.r.p.TestFile    ... success: reloaded. 
559921     INFO  main            d.u.i.k.p.r.p.TestFile    Now processing file /home/runner/work/key/key/key.core/../key.ui/examples/heap/permissions/threads/Fib_startTransfer_contract.key 
559921     INFO  main            d.u.i.k.p.i.AbstractProblemLoader Loading environment from /home/runner/work/key/key/key.core/../key.ui/examples/heap/permissions/threads/Fib_startTransfer_contract.key 
559921     DEBUG main            d.u.i.k.p.i.AbstractProblemLoader Environment load took 57.2ns 
559922     INFO  main            d.u.i.k.p.i.AbstractProblemLoader Creating init config 
566127     DEBUG main            d.u.i.k.p.i.AbstractProblemLoader Init config took 6.2s 
566242     INFO  main            d.u.i.k.p.i.AbstractProblemLoader Replaying proof Fib[ThreadSpec::startTransfer()].JML model_behavior operation contract.0 
566244     DEBUG main            d.u.i.k.p.i.IntermediateProofReplayer Proof replay took 7.4ns 
566349     INFO  main            d.u.i.k.p.r.p.TestFile    ... finished proof: closed. 
566911     INFO  main            d.u.i.k.p.i.AbstractProblemLoader Loading environment from /home/runner/work/key/key/key.core/../key.ui/examples/heap/permissions/threads/Fib_startTransfer_contract.key.proof 
566911     DEBUG main            d.u.i.k.p.i.AbstractProblemLoader Environment load took 106.8ns 
566912     INFO  main            d.u.i.k.p.i.AbstractProblemLoader Creating init config 
573006     DEBUG main            d.u.i.k.p.i.AbstractProblemLoader Init config took 6.09s 
573106     INFO  main            d.u.i.k.p.i.AbstractProblemLoader Replaying proof Fib[ThreadSpec::startTransfer()].JML model_behavior operation contract.0 
573117     DEBUG main            d.u.i.k.p.i.IntermediateProofReplayer Proof replay took 9.58ms 
573118     DEBUG main            d.u.i.k.p.r.p.TestFile    ... success: reloaded. 
573119     INFO  main            d.u.i.k.p.r.p.TestFile    Now processing file /home/runner/work/key/key/key.core/../key.ui/examples/heap/permissions/threads/Fib_workingPermissions_accessible.key 
573120     INFO  main            d.u.i.k.p.i.AbstractProblemLoader Loading environment from /home/runner/work/key/key/key.core/../key.ui/examples/heap/permissions/threads/Fib_workingPermissions_accessible.key 
573120     DEBUG main            d.u.i.k.p.i.AbstractProblemLoader Environment load took 89.2ns 
573121     INFO  main            d.u.i.k.p.i.AbstractProblemLoader Creating init config 
579329     DEBUG main            d.u.i.k.p.i.AbstractProblemLoader Init config took 6.21s 
579444     INFO  main            d.u.i.k.p.i.AbstractProblemLoader Replaying proof Fib[ThreadSpec::workingPermissions()].JML accessible clause.0 
579446     DEBUG main            d.u.i.k.p.i.IntermediateProofReplayer Proof replay took 7.3ns 
579548     INFO  main            d.u.i.k.p.r.p.TestFile    ... finished proof: closed. 
580116     INFO  main            d.u.i.k.p.i.AbstractProblemLoader Loading environment from /home/runner/work/key/key/key.core/../key.ui/examples/heap/permissions/threads/Fib_workingPermissions_accessible.key.proof 
580116     DEBUG main            d.u.i.k.p.i.AbstractProblemLoader Environment load took 138.8ns 
580117     INFO  main            d.u.i.k.p.i.AbstractProblemLoader Creating init config 
586302     DEBUG main            d.u.i.k.p.i.AbstractProblemLoader Init config took 6.19s 
586407     INFO  main            d.u.i.k.p.i.AbstractProblemLoader Replaying proof Fib[ThreadSpec::workingPermissions()].JML accessible clause.0 
586411     DEBUG main            d.u.i.k.p.i.IntermediateProofReplayer Proof replay took 2.68ms 
586412     DEBUG main            d.u.i.k.p.r.p.TestFile    ... success: reloaded. 
586413     INFO  main            d.u.i.k.p.r.p.TestFile    Now processing file /home/runner/work/key/key/key.core/../key.ui/examples/heap/permissions/threads/Plotter_initPost_accessible.key 
586413     INFO  main            d.u.i.k.p.i.AbstractProblemLoader Loading environment from /home/runner/work/key/key/key.core/../key.ui/examples/heap/permissions/threads/Plotter_initPost_accessible.key 
586414     DEBUG main            d.u.i.k.p.i.AbstractProblemLoader Environment load took 88.2ns 
586415     INFO  main            d.u.i.k.p.i.AbstractProblemLoader Creating init config 
592666     DEBUG main            d.u.i.k.p.i.AbstractProblemLoader Init config took 6.25s 
592761     INFO  main            d.u.i.k.p.i.AbstractProblemLoader Replaying proof Plotter[ThreadSpec2::initPost()].JML accessible clause.0 
592763     DEBUG main            d.u.i.k.p.i.IntermediateProofReplayer Proof replay took 6.6ns 
592965     INFO  main            d.u.i.k.p.r.p.TestFile    ... finished proof: closed. 
593545     INFO  main            d.u.i.k.p.i.AbstractProblemLoader Loading environment from /home/runner/work/key/key/key.core/../key.ui/examples/heap/permissions/threads/Plotter_initPost_accessible.key.proof 
593545     DEBUG main            d.u.i.k.p.i.AbstractProblemLoader Environment load took 98.1ns 
593546     INFO  main            d.u.i.k.p.i.AbstractProblemLoader Creating init config 
599687     DEBUG main            d.u.i.k.p.i.AbstractProblemLoader Init config took 6.14s 
599782     INFO  main            d.u.i.k.p.i.AbstractProblemLoader Replaying proof Plotter[ThreadSpec2::initPost()].JML accessible clause.0 
599804     DEBUG main            d.u.i.k.p.i.IntermediateProofReplayer Proof replay took 19.27ms 
599805     DEBUG main            d.u.i.k.p.r.p.TestFile    ... success: reloaded. 
599806     INFO  main            d.u.i.k.p.r.p.TestFile    Now processing file /home/runner/work/key/key/key.core/../key.ui/examples/heap/permissions/threads/Plotter_inv_accessible1.key 
599806     INFO  main            d.u.i.k.p.i.AbstractProblemLoader Loading environment from /home/runner/work/key/key/key.core/../key.ui/examples/heap/permissions/threads/Plotter_inv_accessible1.key 
599806     DEBUG main            d.u.i.k.p.i.AbstractProblemLoader Environment load took 61.8ns 
599807     INFO  main            d.u.i.k.p.i.AbstractProblemLoader Creating init config 
606181     DEBUG main            d.u.i.k.p.i.AbstractProblemLoader Init config took 6.37s 
606277     INFO  main            d.u.i.k.p.i.AbstractProblemLoader Replaying proof Plotter[java.lang.Object::<inv>()].JML accessible clause.0 
606279     DEBUG main            d.u.i.k.p.i.IntermediateProofReplayer Proof replay took 7.8ns 
606381     INFO  main            d.u.i.k.p.r.p.TestFile    ... finished proof: closed. 
606952     INFO  main            d.u.i.k.p.i.AbstractProblemLoader Loading environment from /home/runner/work/key/key/key.core/../key.ui/examples/heap/permissions/threads/Plotter_inv_accessible1.key.proof 
606953     DEBUG main            d.u.i.k.p.i.AbstractProblemLoader Environment load took 82.8ns 
606953     INFO  main            d.u.i.k.p.i.AbstractProblemLoader Creating init config 
613067     DEBUG main            d.u.i.k.p.i.AbstractProblemLoader Init config took 6.11s 
613165     INFO  main            d.u.i.k.p.i.AbstractProblemLoader Replaying proof Plotter[java.lang.Object::<inv>()].JML accessible clause.0 
613169     DEBUG main            d.u.i.k.p.i.IntermediateProofReplayer Proof replay took 2.11ms 
613170     DEBUG main            d.u.i.k.p.r.p.TestFile    ... success: reloaded. 
613171     INFO  main            d.u.i.k.p.r.p.TestFile    Now processing file /home/runner/work/key/key/key.core/../key.ui/examples/heap/permissions/threads/Plotter_inv_accessible2.key 
613171     INFO  main            d.u.i.k.p.i.AbstractProblemLoader Loading environment from /home/runner/work/key/key/key.core/../key.ui/examples/heap/permissions/threads/Plotter_inv_accessible2.key 
613172     DEBUG main            d.u.i.k.p.i.AbstractProblemLoader Environment load took 158.7ns 
613172     INFO  main            d.u.i.k.p.i.AbstractProblemLoader Creating init config 
619448     DEBUG main            d.u.i.k.p.i.AbstractProblemLoader Init config took 6.28s 
619561     INFO  main            d.u.i.k.p.i.AbstractProblemLoader Replaying proof Plotter[java.lang.Object::<inv>()].JML accessible clause.1 
619566     DEBUG main            d.u.i.k.p.i.IntermediateProofReplayer Proof replay took 8.2ns 
619667     INFO  main            d.u.i.k.p.r.p.TestFile    ... finished proof: closed. 
620258     INFO  main            d.u.i.k.p.i.AbstractProblemLoader Loading environment from /home/runner/work/key/key/key.core/../key.ui/examples/heap/permissions/threads/Plotter_inv_accessible2.key.proof 
620258     DEBUG main            d.u.i.k.p.i.AbstractProblemLoader Environment load took 98.4ns 
620259     INFO  main            d.u.i.k.p.i.AbstractProblemLoader Creating init config 
626483     DEBUG main            d.u.i.k.p.i.AbstractProblemLoader Init config took 6.22s 
626597     INFO  main            d.u.i.k.p.i.AbstractProblemLoader Replaying proof Plotter[java.lang.Object::<inv>()].JML accessible clause.1 
626601     DEBUG main            d.u.i.k.p.i.IntermediateProofReplayer Proof replay took 2.19ms 
626601     DEBUG main            d.u.i.k.p.r.p.TestFile    ... success: reloaded. 
626602     INFO  main            d.u.i.k.p.r.p.TestFile    Now processing file /home/runner/work/key/key/key.core/../key.ui/examples/heap/permissions/threads/Plotter_joinTransfer_contract.key 
626603     INFO  main            d.u.i.k.p.i.AbstractProblemLoader Loading environment from /home/runner/work/key/key/key.core/../key.ui/examples/heap/permissions/threads/Plotter_joinTransfer_contract.key 
626603     DEBUG main            d.u.i.k.p.i.AbstractProblemLoader Environment load took 91.2ns 
626604     INFO  main            d.u.i.k.p.i.AbstractProblemLoader Creating init config 
632898     DEBUG main            d.u.i.k.p.i.AbstractProblemLoader Init config took 6.29s 
633000     INFO  main            d.u.i.k.p.i.AbstractProblemLoader Replaying proof Plotter[ThreadSpec2::joinTransfer()].JML model_behavior operation contract.0 
633001     DEBUG main            d.u.i.k.p.i.IntermediateProofReplayer Proof replay took 7ns 
633103     INFO  main            d.u.i.k.p.r.p.TestFile    ... finished proof: closed. 
633755     INFO  main            d.u.i.k.p.i.AbstractProblemLoader Loading environment from /home/runner/work/key/key/key.core/../key.ui/examples/heap/permissions/threads/Plotter_joinTransfer_contract.key.proof 
633755     DEBUG main            d.u.i.k.p.i.AbstractProblemLoader Environment load took 91.8ns 
633756     INFO  main            d.u.i.k.p.i.AbstractProblemLoader Creating init config 
639858     DEBUG main            d.u.i.k.p.i.AbstractProblemLoader Init config took 6.1s 
639971     INFO  main            d.u.i.k.p.i.AbstractProblemLoader Replaying proof Plotter[ThreadSpec2::joinTransfer()].JML model_behavior operation contract.0 
639983     DEBUG main            d.u.i.k.p.i.IntermediateProofReplayer Proof replay took 10.89ms 
639984     DEBUG main            d.u.i.k.p.r.p.TestFile    ... success: reloaded. 
639985     INFO  main            d.u.i.k.p.r.p.TestFile    Now processing file /home/runner/work/key/key/key.core/../key.ui/examples/heap/permissions/threads/Plotter_Plotter.key 
639986     INFO  main            d.u.i.k.p.i.AbstractProblemLoader Loading environment from /home/runner/work/key/key/key.core/../key.ui/examples/heap/permissions/threads/Plotter_Plotter.key 
639986     DEBUG main            d.u.i.k.p.i.AbstractProblemLoader Environment load took 58.5ns 
639988     INFO  main            d.u.i.k.p.i.AbstractProblemLoader Creating init config 
646079     DEBUG main            d.u.i.k.p.i.AbstractProblemLoader Init config took 6.09s 
646179     INFO  main            d.u.i.k.p.i.AbstractProblemLoader Replaying proof Plotter[Plotter::Plotter(AFilter,BFilter,Buffer)].JML normal_behavior operation contract.0 
646180     DEBUG main            d.u.i.k.p.i.IntermediateProofReplayer Proof replay took 7.6ns 
648595     INFO  main            d.u.i.k.p.r.p.TestFile    ... finished proof: closed. 
649245     INFO  main            d.u.i.k.p.i.AbstractProblemLoader Loading environment from /home/runner/work/key/key/key.core/../key.ui/examples/heap/permissions/threads/Plotter_Plotter.key.proof 
649246     DEBUG main            d.u.i.k.p.i.AbstractProblemLoader Environment load took 408.8ns 
649247     INFO  main            d.u.i.k.p.i.AbstractProblemLoader Creating init config 
655371     DEBUG main            d.u.i.k.p.i.AbstractProblemLoader Init config took 6.12s 
655469     INFO  main            d.u.i.k.p.i.AbstractProblemLoader Replaying proof Plotter[Plotter::Plotter(AFilter,BFilter,Buffer)].JML normal_behavior operation contract.0 
655845     DEBUG main            d.u.i.k.p.i.IntermediateProofReplayer Proof replay took 369.72ms 
655846     DEBUG main            d.u.i.k.p.r.p.TestFile    ... success: reloaded. 
655847     INFO  main            d.u.i.k.p.r.p.TestFile    Now processing file /home/runner/work/key/key/key.core/../key.ui/examples/heap/permissions/threads/Plotter_postJoin_accessible.key 
655847     INFO  main            d.u.i.k.p.i.AbstractProblemLoader Loading environment from /home/runner/work/key/key/key.core/../key.ui/examples/heap/permissions/threads/Plotter_postJoin_accessible.key 
655847     DEBUG main            d.u.i.k.p.i.AbstractProblemLoader Environment load took 152.8ns 
655848     INFO  main            d.u.i.k.p.i.AbstractProblemLoader Creating init config 
662269     DEBUG main            d.u.i.k.p.i.AbstractProblemLoader Init config took 6.42s 
662366     INFO  main            d.u.i.k.p.i.AbstractProblemLoader Replaying proof Plotter[ThreadSpec2::postJoin(java.lang.Object)].JML accessible clause.0 
662367     DEBUG main            d.u.i.k.p.i.IntermediateProofReplayer Proof replay took 7.3ns 
662469     INFO  main            d.u.i.k.p.r.p.TestFile    ... finished proof: closed. 
663083     INFO  main            d.u.i.k.p.i.AbstractProblemLoader Loading environment from /home/runner/work/key/key/key.core/../key.ui/examples/heap/permissions/threads/Plotter_postJoin_accessible.key.proof 
663084     DEBUG main            d.u.i.k.p.i.AbstractProblemLoader Environment load took 84.9ns 
663085     INFO  main            d.u.i.k.p.i.AbstractProblemLoader Creating init config 
669256     DEBUG main            d.u.i.k.p.i.AbstractProblemLoader Init config took 6.17s 
669349     INFO  main            d.u.i.k.p.i.AbstractProblemLoader Replaying proof Plotter[ThreadSpec2::postJoin(java.lang.Object)].JML accessible clause.0 
669367     DEBUG main            d.u.i.k.p.i.IntermediateProofReplayer Proof replay took 15.7ms 
669368     DEBUG main            d.u.i.k.p.r.p.TestFile    ... success: reloaded. 
669369     INFO  main            d.u.i.k.p.r.p.TestFile    Now processing file /home/runner/work/key/key/key.core/../key.ui/examples/heap/permissions/threads/Plotter_preStart_accessible.key 
669369     INFO  main            d.u.i.k.p.i.AbstractProblemLoader Loading environment from /home/runner/work/key/key/key.core/../key.ui/examples/heap/permissions/threads/Plotter_preStart_accessible.key 
669369     DEBUG main            d.u.i.k.p.i.AbstractProblemLoader Environment load took 91.1ns 
669370     INFO  main            d.u.i.k.p.i.AbstractProblemLoader Creating init config 
675514     DEBUG main            d.u.i.k.p.i.AbstractProblemLoader Init config took 6.14s 
675629     INFO  main            d.u.i.k.p.i.AbstractProblemLoader Replaying proof Plotter[ThreadSpec2::preStart(java.lang.Object)].JML accessible clause.0 
675631     DEBUG main            d.u.i.k.p.i.IntermediateProofReplayer Proof replay took 8.1ns 
677037     INFO  main            d.u.i.k.p.r.p.TestFile    ... finished proof: closed. 
677700     INFO  main            d.u.i.k.p.i.AbstractProblemLoader Loading environment from /home/runner/work/key/key/key.core/../key.ui/examples/heap/permissions/threads/Plotter_preStart_accessible.key.proof 
677700     DEBUG main            d.u.i.k.p.i.AbstractProblemLoader Environment load took 97.5ns 
677701     INFO  main            d.u.i.k.p.i.AbstractProblemLoader Creating init config 
684126     DEBUG main            d.u.i.k.p.i.AbstractProblemLoader Init config took 6.42s 
684220     INFO  main            d.u.i.k.p.i.AbstractProblemLoader Replaying proof Plotter[ThreadSpec2::preStart(java.lang.Object)].JML accessible clause.0 
684406     DEBUG main            d.u.i.k.p.i.IntermediateProofReplayer Proof replay took 181.78ms 
684410     DEBUG main            d.u.i.k.p.r.p.TestFile    ... success: reloaded. 
684411     INFO  main            d.u.i.k.p.r.p.TestFile    Now processing file /home/runner/work/key/key/key.core/../key.ui/examples/heap/permissions/threads/Plotter_stateInv_accessible.key 
684411     INFO  main            d.u.i.k.p.i.AbstractProblemLoader Loading environment from /home/runner/work/key/key/key.core/../key.ui/examples/heap/permissions/threads/Plotter_stateInv_accessible.key 
684412     DEBUG main            d.u.i.k.p.i.AbstractProblemLoader Environment load took 807.5ns 
684413     INFO  main            d.u.i.k.p.i.AbstractProblemLoader Creating init config 
690953     DEBUG main            d.u.i.k.p.i.AbstractProblemLoader Init config took 6.54s 
691062     INFO  main            d.u.i.k.p.i.AbstractProblemLoader Replaying proof Plotter[ThreadSpec2::stateInv()].JML accessible clause.0 
691064     DEBUG main            d.u.i.k.p.i.IntermediateProofReplayer Proof replay took 9.1ns 
701538     INFO  main            d.u.i.k.p.r.p.TestFile    ... finished proof: closed. 
702187     INFO  main            d.u.i.k.p.i.AbstractProblemLoader Loading environment from /home/runner/work/key/key/key.core/../key.ui/examples/heap/permissions/threads/Plotter_stateInv_accessible.key.proof 
702187     DEBUG main            d.u.i.k.p.i.AbstractProblemLoader Environment load took 95.5ns 
702189     INFO  main            d.u.i.k.p.i.AbstractProblemLoader Creating init config 
708576     DEBUG main            d.u.i.k.p.i.AbstractProblemLoader Init config took 6.39s 
708673     INFO  main            d.u.i.k.p.i.AbstractProblemLoader Replaying proof Plotter[ThreadSpec2::stateInv()].JML accessible clause.0 
709584     DEBUG main            d.u.i.k.p.i.IntermediateProofReplayer Proof replay took 871.03ms 
709586     DEBUG main            d.u.i.k.p.r.p.TestFile    ... success: reloaded. 
709587     INFO  main            d.u.i.k.p.r.p.TestFile    Now processing file /home/runner/work/key/key/key.core/../key.ui/examples/heap/permissions/threads/Plotter_staticPermissions_accessible.key 
709587     INFO  main            d.u.i.k.p.i.AbstractProblemLoader Loading environment from /home/runner/work/key/key/key.core/../key.ui/examples/heap/permissions/threads/Plotter_staticPermissions_accessible.key 
709587     DEBUG main            d.u.i.k.p.i.AbstractProblemLoader Environment load took 137.4ns 
709588     INFO  main            d.u.i.k.p.i.AbstractProblemLoader Creating init config 
715844     DEBUG main            d.u.i.k.p.i.AbstractProblemLoader Init config took 6.26s 
715938     INFO  main            d.u.i.k.p.i.AbstractProblemLoader Replaying proof Plotter[ThreadSpec2::staticPermissions()].JML accessible clause.0 
715940     DEBUG main            d.u.i.k.p.i.IntermediateProofReplayer Proof replay took 53.2ns 
716843     INFO  main            d.u.i.k.p.r.p.TestFile    ... finished proof: closed. 
717522     INFO  main            d.u.i.k.p.i.AbstractProblemLoader Loading environment from /home/runner/work/key/key/key.core/../key.ui/examples/heap/permissions/threads/Plotter_staticPermissions_accessible.key.proof 
717522     DEBUG main            d.u.i.k.p.i.AbstractProblemLoader Environment load took 92.5ns 
717523     INFO  main            d.u.i.k.p.i.AbstractProblemLoader Creating init config 
723693     DEBUG main            d.u.i.k.p.i.AbstractProblemLoader Init config took 6.17s 
723803     INFO  main            d.u.i.k.p.i.AbstractProblemLoader Replaying proof Plotter[ThreadSpec2::staticPermissions()].JML accessible clause.0 
723890     DEBUG main            d.u.i.k.p.i.IntermediateProofReplayer Proof replay took 83.19ms 
723891     DEBUG main            d.u.i.k.p.r.p.TestFile    ... success: reloaded. 
723892     INFO  main            d.u.i.k.p.r.p.TestFile    Now processing file /home/runner/work/key/key/key.core/../key.ui/examples/heap/permissions/threads/Plotter_workingPermissions_accessible.key 
723892     INFO  main            d.u.i.k.p.i.AbstractProblemLoader Loading environment from /home/runner/work/key/key/key.core/../key.ui/examples/heap/permissions/threads/Plotter_workingPermissions_accessible.key 
723892     DEBUG main            d.u.i.k.p.i.AbstractProblemLoader Environment load took 93.1ns 
723893     INFO  main            d.u.i.k.p.i.AbstractProblemLoader Creating init config 
730124     DEBUG main            d.u.i.k.p.i.AbstractProblemLoader Init config took 6.23s 
730217     INFO  main            d.u.i.k.p.i.AbstractProblemLoader Replaying proof Plotter[ThreadSpec2::workingPermissions()].JML accessible clause.0 
730219     DEBUG main            d.u.i.k.p.i.IntermediateProofReplayer Proof replay took 2.9ns 
730421     INFO  main            d.u.i.k.p.r.p.TestFile    ... finished proof: closed. 
731095     INFO  main            d.u.i.k.p.i.AbstractProblemLoader Loading environment from /home/runner/work/key/key/key.core/../key.ui/examples/heap/permissions/threads/Plotter_workingPermissions_accessible.key.proof 
731095     DEBUG main            d.u.i.k.p.i.AbstractProblemLoader Environment load took 86ns 
731096     INFO  main            d.u.i.k.p.i.AbstractProblemLoader Creating init config 
737679     DEBUG main            d.u.i.k.p.i.AbstractProblemLoader Init config took 6.58s 
737794     INFO  main            d.u.i.k.p.i.AbstractProblemLoader Replaying proof Plotter[ThreadSpec2::workingPermissions()].JML accessible clause.0 
737818     DEBUG main            d.u.i.k.p.i.IntermediateProofReplayer Proof replay took 21.25ms 
737819     DEBUG main            d.u.i.k.p.r.p.TestFile    ... success: reloaded. 
737821     INFO  main            d.u.i.k.p.r.p.TestFile    Now processing file /home/runner/work/key/key/key.core/../key.ui/examples/heap/permissions/threads/Sampler_initPost_accessible.key 
737821     INFO  main            d.u.i.k.p.i.AbstractProblemLoader Loading environment from /home/runner/work/key/key/key.core/../key.ui/examples/heap/permissions/threads/Sampler_initPost_accessible.key 
737821     DEBUG main            d.u.i.k.p.i.AbstractProblemLoader Environment load took 71.7ns 
737822     INFO  main            d.u.i.k.p.i.AbstractProblemLoader Creating init config 
744107     DEBUG main            d.u.i.k.p.i.AbstractProblemLoader Init config took 6.29s 
744202     INFO  main            d.u.i.k.p.i.AbstractProblemLoader Replaying proof Sampler[ThreadSpec2::initPost()].JML accessible clause.0 
744204     DEBUG main            d.u.i.k.p.i.IntermediateProofReplayer Proof replay took 2.6ns 
744305     INFO  main            d.u.i.k.p.r.p.TestFile    ... finished proof: closed. 
744979     INFO  main            d.u.i.k.p.i.AbstractProblemLoader Loading environment from /home/runner/work/key/key/key.core/../key.ui/examples/heap/permissions/threads/Sampler_initPost_accessible.key.proof 
744979     DEBUG main            d.u.i.k.p.i.AbstractProblemLoader Environment load took 141.3ns 
744980     INFO  main            d.u.i.k.p.i.AbstractProblemLoader Creating init config 
751070     DEBUG main            d.u.i.k.p.i.AbstractProblemLoader Init config took 6.09s 
751190     INFO  main            d.u.i.k.p.i.AbstractProblemLoader Replaying proof Sampler[ThreadSpec2::initPost()].JML accessible clause.0 
751200     DEBUG main            d.u.i.k.p.i.IntermediateProofReplayer Proof replay took 7.6ms 
751201     DEBUG main            d.u.i.k.p.r.p.TestFile    ... success: reloaded. 
751202     INFO  main            d.u.i.k.p.r.p.TestFile    Now processing file /home/runner/work/key/key/key.core/../key.ui/examples/heap/permissions/threads/Sampler_inv_accessible1.key 
751202     INFO  main            d.u.i.k.p.i.AbstractProblemLoader Loading environment from /home/runner/work/key/key/key.core/../key.ui/examples/heap/permissions/threads/Sampler_inv_accessible1.key 
751202     DEBUG main            d.u.i.k.p.i.AbstractProblemLoader Environment load took 95.2ns 
751203     INFO  main            d.u.i.k.p.i.AbstractProblemLoader Creating init config 
757364     DEBUG main            d.u.i.k.p.i.AbstractProblemLoader Init config took 6.16s 
757458     INFO  main            d.u.i.k.p.i.AbstractProblemLoader Replaying proof Sampler[java.lang.Object::<inv>()].JML accessible clause.0 
757459     DEBUG main            d.u.i.k.p.i.IntermediateProofReplayer Proof replay took 3ns 
757561     INFO  main            d.u.i.k.p.r.p.TestFile    ... finished proof: closed. 
758240     INFO  main            d.u.i.k.p.i.AbstractProblemLoader Loading environment from /home/runner/work/key/key/key.core/../key.ui/examples/heap/permissions/threads/Sampler_inv_accessible1.key.proof 
758240     DEBUG main            d.u.i.k.p.i.AbstractProblemLoader Environment load took 81.8ns 
758241     INFO  main            d.u.i.k.p.i.AbstractProblemLoader Creating init config 
764400     DEBUG main            d.u.i.k.p.i.AbstractProblemLoader Init config took 6.16s 
764496     INFO  main            d.u.i.k.p.i.AbstractProblemLoader Replaying proof Sampler[java.lang.Object::<inv>()].JML accessible clause.0 
764499     DEBUG main            d.u.i.k.p.i.IntermediateProofReplayer Proof replay took 2.34ms 
764500     DEBUG main            d.u.i.k.p.r.p.TestFile    ... success: reloaded. 
764502     INFO  main            d.u.i.k.p.r.p.TestFile    Now processing file /home/runner/work/key/key/key.core/../key.ui/examples/heap/permissions/threads/Sampler_inv_accessible2.key 
764502     INFO  main            d.u.i.k.p.i.AbstractProblemLoader Loading environment from /home/runner/work/key/key/key.core/../key.ui/examples/heap/permissions/threads/Sampler_inv_accessible2.key 
764502     DEBUG main            d.u.i.k.p.i.AbstractProblemLoader Environment load took 94ns 
764503     INFO  main            d.u.i.k.p.i.AbstractProblemLoader Creating init config 
770734     DEBUG main            d.u.i.k.p.i.AbstractProblemLoader Init config took 6.23s 
770841     INFO  main            d.u.i.k.p.i.AbstractProblemLoader Replaying proof Sampler[java.lang.Object::<inv>()].JML accessible clause.1 
770844     DEBUG main            d.u.i.k.p.i.IntermediateProofReplayer Proof replay took 3.9ns 
770945     INFO  main            d.u.i.k.p.r.p.TestFile    ... finished proof: closed. 
771637     INFO  main            d.u.i.k.p.i.AbstractProblemLoader Loading environment from /home/runner/work/key/key/key.core/../key.ui/examples/heap/permissions/threads/Sampler_inv_accessible2.key.proof 
771637     DEBUG main            d.u.i.k.p.i.AbstractProblemLoader Environment load took 82.1ns 
771638     INFO  main            d.u.i.k.p.i.AbstractProblemLoader Creating init config 
777761     DEBUG main            d.u.i.k.p.i.AbstractProblemLoader Init config took 6.12s 
777857     INFO  main            d.u.i.k.p.i.AbstractProblemLoader Replaying proof Sampler[java.lang.Object::<inv>()].JML accessible clause.1 
777861     DEBUG main            d.u.i.k.p.i.IntermediateProofReplayer Proof replay took 2.19ms 
777862     DEBUG main            d.u.i.k.p.r.p.TestFile    ... success: reloaded. 
777863     INFO  main            d.u.i.k.p.r.p.TestFile    Now processing file /home/runner/work/key/key/key.core/../key.ui/examples/heap/permissions/threads/Sampler_joinTransfer_accessible.key 
777863     INFO  main            d.u.i.k.p.i.AbstractProblemLoader Loading environment from /home/runner/work/key/key/key.core/../key.ui/examples/heap/permissions/threads/Sampler_joinTransfer_accessible.key 
777863     DEBUG main            d.u.i.k.p.i.AbstractProblemLoader Environment load took 95.5ns 
777864     INFO  main            d.u.i.k.p.i.AbstractProblemLoader Creating init config 
784282     DEBUG main            d.u.i.k.p.i.AbstractProblemLoader Init config took 6.42s 
784390     INFO  main            d.u.i.k.p.i.AbstractProblemLoader Replaying proof Sampler[ThreadSpec2::joinTransfer()].JML accessible clause.0 
784392     DEBUG main            d.u.i.k.p.i.IntermediateProofReplayer Proof replay took 3.2ns 
788916     INFO  main            d.u.i.k.p.r.p.TestFile    ... finished proof: closed. 
789616     INFO  main            d.u.i.k.p.i.AbstractProblemLoader Loading environment from /home/runner/work/key/key/key.core/../key.ui/examples/heap/permissions/threads/Sampler_joinTransfer_accessible.key.proof 
789617     DEBUG main            d.u.i.k.p.i.AbstractProblemLoader Environment load took 124.7ns 
789618     INFO  main            d.u.i.k.p.i.AbstractProblemLoader Creating init config 
795999     DEBUG main            d.u.i.k.p.i.AbstractProblemLoader Init config took 6.38s 
796098     INFO  main            d.u.i.k.p.i.AbstractProblemLoader Replaying proof Sampler[ThreadSpec2::joinTransfer()].JML accessible clause.0 
796898     DEBUG main            d.u.i.k.p.i.IntermediateProofReplayer Proof replay took 786.71ms 
796900     DEBUG main            d.u.i.k.p.r.p.TestFile    ... success: reloaded. 
796901     INFO  main            d.u.i.k.p.r.p.TestFile    Now processing file /home/runner/work/key/key/key.core/../key.ui/examples/heap/permissions/threads/Sampler_joinTransfer_contract.key 
796901     INFO  main            d.u.i.k.p.i.AbstractProblemLoader Loading environment from /home/runner/work/key/key/key.core/../key.ui/examples/heap/permissions/threads/Sampler_joinTransfer_contract.key 
796901     DEBUG main            d.u.i.k.p.i.AbstractProblemLoader Environment load took 137.39ns 
796902     INFO  main            d.u.i.k.p.i.AbstractProblemLoader Creating init config 
803325     DEBUG main            d.u.i.k.p.i.AbstractProblemLoader Init config took 6.42s 
803422     INFO  main            d.u.i.k.p.i.AbstractProblemLoader Replaying proof Sampler[ThreadSpec2::joinTransfer()].JML model_behavior operation contract.0 
803423     DEBUG main            d.u.i.k.p.i.IntermediateProofReplayer Proof replay took 3.8ns 
803525     INFO  main            d.u.i.k.p.r.p.TestFile    ... finished proof: closed. 
804216     INFO  main            d.u.i.k.p.i.AbstractProblemLoader Loading environment from /home/runner/work/key/key/key.core/../key.ui/examples/heap/permissions/threads/Sampler_joinTransfer_contract.key.proof 
804216     DEBUG main            d.u.i.k.p.i.AbstractProblemLoader Environment load took 90.9ns 
804217     INFO  main            d.u.i.k.p.i.AbstractProblemLoader Creating init config 
810647     DEBUG main            d.u.i.k.p.i.AbstractProblemLoader Init config took 6.43s 
810747     INFO  main            d.u.i.k.p.i.AbstractProblemLoader Replaying proof Sampler[ThreadSpec2::joinTransfer()].JML model_behavior operation contract.0 
810759     DEBUG main            d.u.i.k.p.i.IntermediateProofReplayer Proof replay took 10.21ms 
810760     DEBUG main            d.u.i.k.p.r.p.TestFile    ... success: reloaded. 
810761     INFO  main            d.u.i.k.p.r.p.TestFile    Now processing file /home/runner/work/key/key/key.core/../key.ui/examples/heap/permissions/threads/Sampler_postJoin_accessible.key 
810761     INFO  main            d.u.i.k.p.i.AbstractProblemLoader Loading environment from /home/runner/work/key/key/key.core/../key.ui/examples/heap/permissions/threads/Sampler_postJoin_accessible.key 
810761     DEBUG main            d.u.i.k.p.i.AbstractProblemLoader Environment load took 51.7ns 
810762     INFO  main            d.u.i.k.p.i.AbstractProblemLoader Creating init config 
817396     DEBUG main            d.u.i.k.p.i.AbstractProblemLoader Init config took 6.63s 
817499     INFO  main            d.u.i.k.p.i.AbstractProblemLoader Replaying proof Sampler[ThreadSpec2::postJoin(java.lang.Object)].JML accessible clause.0 
817501     DEBUG main            d.u.i.k.p.i.IntermediateProofReplayer Proof replay took 2.8ns 
817603     INFO  main            d.u.i.k.p.r.p.TestFile    ... finished proof: closed. 
818287     INFO  main            d.u.i.k.p.i.AbstractProblemLoader Loading environment from /home/runner/work/key/key/key.core/../key.ui/examples/heap/permissions/threads/Sampler_postJoin_accessible.key.proof 
818287     DEBUG main            d.u.i.k.p.i.AbstractProblemLoader Environment load took 83.2ns 
818288     INFO  main            d.u.i.k.p.i.AbstractProblemLoader Creating init config 
824652     DEBUG main            d.u.i.k.p.i.AbstractProblemLoader Init config took 6.36s 
824753     INFO  main            d.u.i.k.p.i.AbstractProblemLoader Replaying proof Sampler[ThreadSpec2::postJoin(java.lang.Object)].JML accessible clause.0 
824766     DEBUG main            d.u.i.k.p.i.IntermediateProofReplayer Proof replay took 11.31ms 
824767     DEBUG main            d.u.i.k.p.r.p.TestFile    ... success: reloaded. 
824768     INFO  main            d.u.i.k.p.r.p.TestFile    Now processing file /home/runner/work/key/key/key.core/../key.ui/examples/heap/permissions/threads/Sampler_preStart_accessible.key 
824768     INFO  main            d.u.i.k.p.i.AbstractProblemLoader Loading environment from /home/runner/work/key/key/key.core/../key.ui/examples/heap/permissions/threads/Sampler_preStart_accessible.key 
824768     DEBUG main            d.u.i.k.p.i.AbstractProblemLoader Environment load took 94.1ns 
824769     INFO  main            d.u.i.k.p.i.AbstractProblemLoader Creating init config 
831323     DEBUG main            d.u.i.k.p.i.AbstractProblemLoader Init config took 6.55s 
831418     INFO  main            d.u.i.k.p.i.AbstractProblemLoader Replaying proof Sampler[ThreadSpec2::preStart(java.lang.Object)].JML accessible clause.0 
831420     DEBUG main            d.u.i.k.p.i.IntermediateProofReplayer Proof replay took 2.5ns 
831521     INFO  main            d.u.i.k.p.r.p.TestFile    ... finished proof: closed. 
832193     INFO  main            d.u.i.k.p.i.AbstractProblemLoader Loading environment from /home/runner/work/key/key/key.core/../key.ui/examples/heap/permissions/threads/Sampler_preStart_accessible.key.proof 
832194     DEBUG main            d.u.i.k.p.i.AbstractProblemLoader Environment load took 121.3ns 
832195     INFO  main            d.u.i.k.p.i.AbstractProblemLoader Creating init config 
838544     DEBUG main            d.u.i.k.p.i.AbstractProblemLoader Init config took 6.35s 
838638     INFO  main            d.u.i.k.p.i.AbstractProblemLoader Replaying proof Sampler[ThreadSpec2::preStart(java.lang.Object)].JML accessible clause.0 
838651     DEBUG main            d.u.i.k.p.i.IntermediateProofReplayer Proof replay took 10.75ms 
838652     DEBUG main            d.u.i.k.p.r.p.TestFile    ... success: reloaded. 
838653     INFO  main            d.u.i.k.p.r.p.TestFile    Now processing file /home/runner/work/key/key/key.core/../key.ui/examples/heap/permissions/threads/Sampler_run.key 
838654     INFO  main            d.u.i.k.p.i.AbstractProblemLoader Loading environment from /home/runner/work/key/key/key.core/../key.ui/examples/heap/permissions/threads/Sampler_run.key 
838654     DEBUG main            d.u.i.k.p.i.AbstractProblemLoader Environment load took 160.7ns 
838655     INFO  main            d.u.i.k.p.i.AbstractProblemLoader Creating init config 
845130     DEBUG main            d.u.i.k.p.i.AbstractProblemLoader Init config took 6.48s 
845227     INFO  main            d.u.i.k.p.i.AbstractProblemLoader Replaying proof Sampler[ThreadSpec2::run()].JML normal_behavior operation contract.0 
845229     DEBUG main            d.u.i.k.p.i.IntermediateProofReplayer Proof replay took 2.6ns 
845433     INFO  main            d.u.i.k.p.r.p.TestFile    ... finished proof: closed. 
846152     INFO  main            d.u.i.k.p.i.AbstractProblemLoader Loading environment from /home/runner/work/key/key/key.core/../key.ui/examples/heap/permissions/threads/Sampler_run.key.proof 
846152     DEBUG main            d.u.i.k.p.i.AbstractProblemLoader Environment load took 102.7ns 
846153     INFO  main            d.u.i.k.p.i.AbstractProblemLoader Creating init config 
852598     DEBUG main            d.u.i.k.p.i.AbstractProblemLoader Init config took 6.45s 
852711     INFO  main            d.u.i.k.p.i.AbstractProblemLoader Replaying proof Sampler[ThreadSpec2::run()].JML normal_behavior operation contract.0 
852759     DEBUG main            d.u.i.k.p.i.IntermediateProofReplayer Proof replay took 46.38ms 
852760     DEBUG main            d.u.i.k.p.r.p.TestFile    ... success: reloaded. 
852761     INFO  main            d.u.i.k.p.r.p.TestFile    Now processing file /home/runner/work/key/key/key.core/../key.ui/examples/heap/permissions/threads/Sampler_Sampler.key 
852761     INFO  main            d.u.i.k.p.i.AbstractProblemLoader Loading environment from /home/runner/work/key/key/key.core/../key.ui/examples/heap/permissions/threads/Sampler_Sampler.key 
852762     DEBUG main            d.u.i.k.p.i.AbstractProblemLoader Environment load took 91.8ns 
852762     INFO  main            d.u.i.k.p.i.AbstractProblemLoader Creating init config 
859353     DEBUG main            d.u.i.k.p.i.AbstractProblemLoader Init config took 6.59s 
859448     INFO  main            d.u.i.k.p.i.AbstractProblemLoader Replaying proof Sampler[Sampler::Sampler(Buffer)].JML normal_behavior operation contract.0 
859449     DEBUG main            d.u.i.k.p.i.IntermediateProofReplayer Proof replay took 4.1ns 
860354     INFO  main            d.u.i.k.p.r.p.TestFile    ... finished proof: closed. 
861106     INFO  main            d.u.i.k.p.i.AbstractProblemLoader Loading environment from /home/runner/work/key/key/key.core/../key.ui/examples/heap/permissions/threads/Sampler_Sampler.key.proof 
861107     DEBUG main            d.u.i.k.p.i.AbstractProblemLoader Environment load took 450.1ns 
861108     INFO  main            d.u.i.k.p.i.AbstractProblemLoader Creating init config 
868039     DEBUG main            d.u.i.k.p.i.AbstractProblemLoader Init config took 6.93s 
868140     INFO  main            d.u.i.k.p.i.AbstractProblemLoader Replaying proof Sampler[Sampler::Sampler(Buffer)].JML normal_behavior operation contract.0 
868260     DEBUG main            d.u.i.k.p.i.IntermediateProofReplayer Proof replay took 116.92ms 
868261     DEBUG main            d.u.i.k.p.r.p.TestFile    ... success: reloaded. 
868262     INFO  main            d.u.i.k.p.r.p.TestFile    Now processing file /home/runner/work/key/key/key.core/../key.ui/examples/heap/permissions/threads/Sampler_startTransfer_accessible.key 
868262     INFO  main            d.u.i.k.p.i.AbstractProblemLoader Loading environment from /home/runner/work/key/key/key.core/../key.ui/examples/heap/permissions/threads/Sampler_startTransfer_accessible.key 
868263     DEBUG main            d.u.i.k.p.i.AbstractProblemLoader Environment load took 167ns 
868264     INFO  main            d.u.i.k.p.i.AbstractProblemLoader Creating init config 
874803     DEBUG main            d.u.i.k.p.i.AbstractProblemLoader Init config took 6.54s 
874901     INFO  main            d.u.i.k.p.i.AbstractProblemLoader Replaying proof Sampler[ThreadSpec2::startTransfer()].JML accessible clause.0 
874903     DEBUG main            d.u.i.k.p.i.IntermediateProofReplayer Proof replay took 4.1ns 
880575     INFO  main            d.u.i.k.p.r.p.TestFile    ... finished proof: closed. 
881328     INFO  main            d.u.i.k.p.i.AbstractProblemLoader Loading environment from /home/runner/work/key/key/key.core/../key.ui/examples/heap/permissions/threads/Sampler_startTransfer_accessible.key.proof 
881328     DEBUG main            d.u.i.k.p.i.AbstractProblemLoader Environment load took 396.1ns 
881330     INFO  main            d.u.i.k.p.i.AbstractProblemLoader Creating init config 
887670     DEBUG main            d.u.i.k.p.i.AbstractProblemLoader Init config took 6.34s 
887768     INFO  main            d.u.i.k.p.i.AbstractProblemLoader Replaying proof Sampler[ThreadSpec2::startTransfer()].JML accessible clause.0 
888565     DEBUG main            d.u.i.k.p.i.IntermediateProofReplayer Proof replay took 780.44ms 
888566     DEBUG main            d.u.i.k.p.r.p.TestFile    ... success: reloaded. 
888567     INFO  main            d.u.i.k.p.r.p.TestFile    Now processing file /home/runner/work/key/key/key.core/../key.ui/examples/heap/permissions/threads/Sampler_startTransfer_contract.key 
888567     INFO  main            d.u.i.k.p.i.AbstractProblemLoader Loading environment from /home/runner/work/key/key/key.core/../key.ui/examples/heap/permissions/threads/Sampler_startTransfer_contract.key 
888567     DEBUG main            d.u.i.k.p.i.AbstractProblemLoader Environment load took 54.7ns 
888568     INFO  main            d.u.i.k.p.i.AbstractProblemLoader Creating init config 
894773     DEBUG main            d.u.i.k.p.i.AbstractProblemLoader Init config took 6.2s 
894888     INFO  main            d.u.i.k.p.i.AbstractProblemLoader Replaying proof Sampler[ThreadSpec2::startTransfer()].JML model_behavior operation contract.0 
894890     DEBUG main            d.u.i.k.p.i.IntermediateProofReplayer Proof replay took 2.7ns 
894992     INFO  main            d.u.i.k.p.r.p.TestFile    ... finished proof: closed. 
895742     INFO  main            d.u.i.k.p.i.AbstractProblemLoader Loading environment from /home/runner/work/key/key/key.core/../key.ui/examples/heap/permissions/threads/Sampler_startTransfer_contract.key.proof 
895742     DEBUG main            d.u.i.k.p.i.AbstractProblemLoader Environment load took 74.5ns 
895743     INFO  main            d.u.i.k.p.i.AbstractProblemLoader Creating init config 
901776     DEBUG main            d.u.i.k.p.i.AbstractProblemLoader Init config took 6.03s 
901869     INFO  main            d.u.i.k.p.i.AbstractProblemLoader Replaying proof Sampler[ThreadSpec2::startTransfer()].JML model_behavior operation contract.0 
901880     DEBUG main            d.u.i.k.p.i.IntermediateProofReplayer Proof replay took 9.71ms 
901881     DEBUG main            d.u.i.k.p.r.p.TestFile    ... success: reloaded. 
901882     INFO  main            d.u.i.k.p.r.p.TestFile    Now processing file /home/runner/work/key/key/key.core/../key.ui/examples/heap/permissions/threads/Sampler_stateInv_accessible.key 
901882     INFO  main            d.u.i.k.p.i.AbstractProblemLoader Loading environment from /home/runner/work/key/key/key.core/../key.ui/examples/heap/permissions/threads/Sampler_stateInv_accessible.key 
901882     DEBUG main            d.u.i.k.p.i.AbstractProblemLoader Environment load took 87.3ns 
901883     INFO  main            d.u.i.k.p.i.AbstractProblemLoader Creating init config 
908064     DEBUG main            d.u.i.k.p.i.AbstractProblemLoader Init config took 6.18s 
908187     INFO  main            d.u.i.k.p.i.AbstractProblemLoader Replaying proof Sampler[ThreadSpec2::stateInv()].JML accessible clause.0 
908188     DEBUG main            d.u.i.k.p.i.IntermediateProofReplayer Proof replay took 3.4ns 
908290     INFO  main            d.u.i.k.p.r.p.TestFile    ... finished proof: closed. 
909050     INFO  main            d.u.i.k.p.i.AbstractProblemLoader Loading environment from /home/runner/work/key/key/key.core/../key.ui/examples/heap/permissions/threads/Sampler_stateInv_accessible.key.proof 
909050     DEBUG main            d.u.i.k.p.i.AbstractProblemLoader Environment load took 86.7ns 
909051     INFO  main            d.u.i.k.p.i.AbstractProblemLoader Creating init config 
915153     DEBUG main            d.u.i.k.p.i.AbstractProblemLoader Init config took 6.1s 
915247     INFO  main            d.u.i.k.p.i.AbstractProblemLoader Replaying proof Sampler[ThreadSpec2::stateInv()].JML accessible clause.0 
915257     DEBUG main            d.u.i.k.p.i.IntermediateProofReplayer Proof replay took 7.88ms 
915259     DEBUG main            d.u.i.k.p.r.p.TestFile    ... success: reloaded. 
915260     INFO  main            d.u.i.k.p.r.p.TestFile    Now processing file /home/runner/work/key/key/key.core/../key.ui/examples/heap/permissions/threads/Sampler_staticPermissions_accessible.key 
915260     INFO  main            d.u.i.k.p.i.AbstractProblemLoader Loading environment from /home/runner/work/key/key/key.core/../key.ui/examples/heap/permissions/threads/Sampler_staticPermissions_accessible.key 
915260     DEBUG main            d.u.i.k.p.i.AbstractProblemLoader Environment load took 184.7ns 
915261     INFO  main            d.u.i.k.p.i.AbstractProblemLoader Creating init config 
921526     DEBUG main            d.u.i.k.p.i.AbstractProblemLoader Init config took 6.26s 
921641     INFO  main            d.u.i.k.p.i.AbstractProblemLoader Replaying proof Sampler[ThreadSpec2::staticPermissions()].JML accessible clause.0 
921643     DEBUG main            d.u.i.k.p.i.IntermediateProofReplayer Proof replay took 3.1ns 
921745     INFO  main            d.u.i.k.p.r.p.TestFile    ... finished proof: closed. 
922514     INFO  main            d.u.i.k.p.i.AbstractProblemLoader Loading environment from /home/runner/work/key/key/key.core/../key.ui/examples/heap/permissions/threads/Sampler_staticPermissions_accessible.key.proof 
922514     DEBUG main            d.u.i.k.p.i.AbstractProblemLoader Environment load took 87ns 
922515     INFO  main            d.u.i.k.p.i.AbstractProblemLoader Creating init config 
928725     DEBUG main            d.u.i.k.p.i.AbstractProblemLoader Init config took 6.21s 
928836     INFO  main            d.u.i.k.p.i.AbstractProblemLoader Replaying proof Sampler[ThreadSpec2::staticPermissions()].JML accessible clause.0 
928843     DEBUG main            d.u.i.k.p.i.IntermediateProofReplayer Proof replay took 5.45ms 
928845     DEBUG main            d.u.i.k.p.r.p.TestFile    ... success: reloaded. 
928846     INFO  main            d.u.i.k.p.r.p.TestFile    Now processing file /home/runner/work/key/key/key.core/../key.ui/examples/heap/permissions/threads/Sampler_workingPermissions_accessible.key 
928846     INFO  main            d.u.i.k.p.i.AbstractProblemLoader Loading environment from /home/runner/work/key/key/key.core/../key.ui/examples/heap/permissions/threads/Sampler_workingPermissions_accessible.key 
928846     DEBUG main            d.u.i.k.p.i.AbstractProblemLoader Environment load took 72.3ns 
928847     INFO  main            d.u.i.k.p.i.AbstractProblemLoader Creating init config 
935111     DEBUG main            d.u.i.k.p.i.AbstractProblemLoader Init config took 6.26s 
935206     INFO  main            d.u.i.k.p.i.AbstractProblemLoader Replaying proof Sampler[ThreadSpec2::workingPermissions()].JML accessible clause.0 
935207     DEBUG main            d.u.i.k.p.i.IntermediateProofReplayer Proof replay took 2.8ns 
935309     INFO  main            d.u.i.k.p.r.p.TestFile    ... finished proof: closed. 
936081     INFO  main            d.u.i.k.p.i.AbstractProblemLoader Loading environment from /home/runner/work/key/key/key.core/../key.ui/examples/heap/permissions/threads/Sampler_workingPermissions_accessible.key.proof 
936081     DEBUG main            d.u.i.k.p.i.AbstractProblemLoader Environment load took 91.7ns 
936082     INFO  main            d.u.i.k.p.i.AbstractProblemLoader Creating init config 
942061     DEBUG main            d.u.i.k.p.i.AbstractProblemLoader Init config took 5.98s 
942170     INFO  main            d.u.i.k.p.i.AbstractProblemLoader Replaying proof Sampler[ThreadSpec2::workingPermissions()].JML accessible clause.0 
942179     DEBUG main            d.u.i.k.p.i.IntermediateProofReplayer Proof replay took 6.64ms 
942180     DEBUG main            d.u.i.k.p.r.p.TestFile    ... success: reloaded. 
942181     INFO  main            d.u.i.k.p.r.p.TestFile    Now processing file /home/runner/work/key/key/key.core/../key.ui/examples/heap/permissions/mulleretal/ReadWrite_doRead_contract.key 
942181     INFO  main            d.u.i.k.p.i.AbstractProblemLoader Loading environment from /home/runner/work/key/key/key.core/../key.ui/examples/heap/permissions/mulleretal/ReadWrite_doRead_contract.key 
942181     DEBUG main            d.u.i.k.p.i.AbstractProblemLoader Environment load took 57.7ns 
942182     INFO  main            d.u.i.k.p.i.AbstractProblemLoader Creating init config 
945653     DEBUG main            d.u.i.k.p.i.AbstractProblemLoader Init config took 3.47s 
945692     INFO  main            d.u.i.k.p.i.AbstractProblemLoader Replaying proof ReadWrite[ReadWrite::doRead()].JML normal_behavior operation contract.0 
945694     DEBUG main            d.u.i.k.p.i.IntermediateProofReplayer Proof replay took 2.6ns 
947901     INFO  main            d.u.i.k.p.r.p.TestFile    ... finished proof: closed. 
948712     INFO  main            d.u.i.k.p.i.AbstractProblemLoader Loading environment from /home/runner/work/key/key/key.core/../key.ui/examples/heap/permissions/mulleretal/ReadWrite_doRead_contract.key.proof 
948712     DEBUG main            d.u.i.k.p.i.AbstractProblemLoader Environment load took 394.9ns 
948714     INFO  main            d.u.i.k.p.i.AbstractProblemLoader Creating init config 
952156     DEBUG main            d.u.i.k.p.i.AbstractProblemLoader Init config took 3.44s 
952192     INFO  main            d.u.i.k.p.i.AbstractProblemLoader Replaying proof ReadWrite[ReadWrite::doRead()].JML normal_behavior operation contract.0 
952734     DEBUG main            d.u.i.k.p.i.IntermediateProofReplayer Proof replay took 534.73ms 
952735     DEBUG main            d.u.i.k.p.r.p.TestFile    ... success: reloaded. 
952736     INFO  main            d.u.i.k.p.r.p.TestFile    Now processing file /home/runner/work/key/key/key.core/../key.ui/examples/heap/permissions/mulleretal/ReadWrite_doWrite_contract.key 
952736     INFO  main            d.u.i.k.p.i.AbstractProblemLoader Loading environment from /home/runner/work/key/key/key.core/../key.ui/examples/heap/permissions/mulleretal/ReadWrite_doWrite_contract.key 
952736     DEBUG main            d.u.i.k.p.i.AbstractProblemLoader Environment load took 134.3ns 
952737     INFO  main            d.u.i.k.p.i.AbstractProblemLoader Creating init config 
956203     DEBUG main            d.u.i.k.p.i.AbstractProblemLoader Init config took 3.47s 
956243     INFO  main            d.u.i.k.p.i.AbstractProblemLoader Replaying proof ReadWrite[ReadWrite::doWrite()].JML normal_behavior operation contract.0 
956244     DEBUG main            d.u.i.k.p.i.IntermediateProofReplayer Proof replay took 2.9ns 
958456     INFO  main            d.u.i.k.p.r.p.TestFile    ... finished proof: closed. 
959289     INFO  main            d.u.i.k.p.i.AbstractProblemLoader Loading environment from /home/runner/work/key/key/key.core/../key.ui/examples/heap/permissions/mulleretal/ReadWrite_doWrite_contract.key.proof 
959289     DEBUG main            d.u.i.k.p.i.AbstractProblemLoader Environment load took 515ns 
959290     INFO  main            d.u.i.k.p.i.AbstractProblemLoader Creating init config 
962678     DEBUG main            d.u.i.k.p.i.AbstractProblemLoader Init config took 3.39s 
962716     INFO  main            d.u.i.k.p.i.AbstractProblemLoader Replaying proof ReadWrite[ReadWrite::doWrite()].JML normal_behavior operation contract.0 
963251     DEBUG main            d.u.i.k.p.i.IntermediateProofReplayer Proof replay took 527.69ms 
963252     DEBUG main            d.u.i.k.p.r.p.TestFile    ... success: reloaded. 
963253     INFO  main            d.u.i.k.p.r.p.TestFile    Now processing file /home/runner/work/key/key/key.core/../key.ui/examples/heap/permissions/mulleretal/ReadWrite_read_contract.key 
963254     INFO  main            d.u.i.k.p.i.AbstractProblemLoader Loading environment from /home/runner/work/key/key/key.core/../key.ui/examples/heap/permissions/mulleretal/ReadWrite_read_contract.key 
963254     DEBUG main            d.u.i.k.p.i.AbstractProblemLoader Environment load took 106.9ns 
963255     INFO  main            d.u.i.k.p.i.AbstractProblemLoader Creating init config 
966779     DEBUG main            d.u.i.k.p.i.AbstractProblemLoader Init config took 3.52s 
966818     INFO  main            d.u.i.k.p.i.AbstractProblemLoader Replaying proof ReadWrite[ReadWrite::read()].JML normal_behavior operation contract.0 
966820     DEBUG main            d.u.i.k.p.i.IntermediateProofReplayer Proof replay took 2.7ns 
966922     INFO  main            d.u.i.k.p.r.p.TestFile    ... finished proof: closed. 
967727     INFO  main            d.u.i.k.p.i.AbstractProblemLoader Loading environment from /home/runner/work/key/key/key.core/../key.ui/examples/heap/permissions/mulleretal/ReadWrite_read_contract.key.proof 
967727     DEBUG main            d.u.i.k.p.i.AbstractProblemLoader Environment load took 132.8ns 
967728     INFO  main            d.u.i.k.p.i.AbstractProblemLoader Creating init config 
971120     DEBUG main            d.u.i.k.p.i.AbstractProblemLoader Init config took 3.39s 
971159     INFO  main            d.u.i.k.p.i.AbstractProblemLoader Replaying proof ReadWrite[ReadWrite::read()].JML normal_behavior operation contract.0 
971170     DEBUG main            d.u.i.k.p.i.IntermediateProofReplayer Proof replay took 9.52ms 
971171     DEBUG main            d.u.i.k.p.r.p.TestFile    ... success: reloaded. 
971172     INFO  main            d.u.i.k.p.r.p.TestFile    Now processing file /home/runner/work/key/key/key.core/../key.ui/examples/heap/permissions/mulleretal/ReadWrite_write_contract.key 
971173     INFO  main            d.u.i.k.p.i.AbstractProblemLoader Loading environment from /home/runner/work/key/key/key.core/../key.ui/examples/heap/permissions/mulleretal/ReadWrite_write_contract.key 
971173     DEBUG main            d.u.i.k.p.i.AbstractProblemLoader Environment load took 186.8ns 
971174     INFO  main            d.u.i.k.p.i.AbstractProblemLoader Creating init config 
974632     DEBUG main            d.u.i.k.p.i.AbstractProblemLoader Init config took 3.46s 
974671     INFO  main            d.u.i.k.p.i.AbstractProblemLoader Replaying proof ReadWrite[ReadWrite::write()].JML normal_behavior operation contract.0 
974672     DEBUG main            d.u.i.k.p.i.IntermediateProofReplayer Proof replay took 3.5ns 
974878     INFO  main            d.u.i.k.p.r.p.TestFile    ... finished proof: closed. 
975676     INFO  main            d.u.i.k.p.i.AbstractProblemLoader Loading environment from /home/runner/work/key/key/key.core/../key.ui/examples/heap/permissions/mulleretal/ReadWrite_write_contract.key.proof 
975676     DEBUG main            d.u.i.k.p.i.AbstractProblemLoader Environment load took 86ns 
975677     INFO  main            d.u.i.k.p.i.AbstractProblemLoader Creating init config 
979131     DEBUG main            d.u.i.k.p.i.AbstractProblemLoader Init config took 3.45s 
979170     INFO  main            d.u.i.k.p.i.AbstractProblemLoader Replaying proof ReadWrite[ReadWrite::write()].JML normal_behavior operation contract.0 
979208     DEBUG main            d.u.i.k.p.i.IntermediateProofReplayer Proof replay took 35.76ms 
979209     DEBUG main            d.u.i.k.p.r.p.TestFile    ... success: reloaded. 
979210     INFO  main            d.u.i.k.p.r.p.TestFile    Now processing file /home/runner/work/key/key/key.core/../key.ui/examples/heap/permissions/mulleretal/ReadWrite_inv1_accessible.key 
979210     INFO  main            d.u.i.k.p.i.AbstractProblemLoader Loading environment from /home/runner/work/key/key/key.core/../key.ui/examples/heap/permissions/mulleretal/ReadWrite_inv1_accessible.key 
979210     DEBUG main            d.u.i.k.p.i.AbstractProblemLoader Environment load took 57.3ns 
979211     INFO  main            d.u.i.k.p.i.AbstractProblemLoader Creating init config 
982694     DEBUG main            d.u.i.k.p.i.AbstractProblemLoader Init config took 3.48s 
982733     INFO  main            d.u.i.k.p.i.AbstractProblemLoader Replaying proof ReadWrite[java.lang.Object::<inv>()].JML accessible clause.0 
982735     DEBUG main            d.u.i.k.p.i.IntermediateProofReplayer Proof replay took 2.7ns 
982836     INFO  main            d.u.i.k.p.r.p.TestFile    ... finished proof: closed. 
983654     INFO  main            d.u.i.k.p.i.AbstractProblemLoader Loading environment from /home/runner/work/key/key/key.core/../key.ui/examples/heap/permissions/mulleretal/ReadWrite_inv1_accessible.key.proof 
983654     DEBUG main            d.u.i.k.p.i.AbstractProblemLoader Environment load took 88.9ns 
983655     INFO  main            d.u.i.k.p.i.AbstractProblemLoader Creating init config 
987119     DEBUG main            d.u.i.k.p.i.AbstractProblemLoader Init config took 3.46s 
987157     INFO  main            d.u.i.k.p.i.AbstractProblemLoader Replaying proof ReadWrite[java.lang.Object::<inv>()].JML accessible clause.0 
987161     DEBUG main            d.u.i.k.p.i.IntermediateProofReplayer Proof replay took 2.19ms 
987162     DEBUG main            d.u.i.k.p.r.p.TestFile    ... success: reloaded. 
987162     INFO  main            d.u.i.k.p.r.p.TestFile    Now processing file /home/runner/work/key/key/key.core/../key.ui/examples/heap/permissions/mulleretal/ReadWrite_inv2_accessible.key 
987163     INFO  main            d.u.i.k.p.i.AbstractProblemLoader Loading environment from /home/runner/work/key/key/key.core/../key.ui/examples/heap/permissions/mulleretal/ReadWrite_inv2_accessible.key 
987163     DEBUG main            d.u.i.k.p.i.AbstractProblemLoader Environment load took 54.3ns 
987164     INFO  main            d.u.i.k.p.i.AbstractProblemLoader Creating init config 
990678     DEBUG main            d.u.i.k.p.i.AbstractProblemLoader Init config took 3.51s 
990716     INFO  main            d.u.i.k.p.i.AbstractProblemLoader Replaying proof ReadWrite[java.lang.Object::<inv>()].JML accessible clause.1 
990717     DEBUG main            d.u.i.k.p.i.IntermediateProofReplayer Proof replay took 2.6ns 
990819     INFO  main            d.u.i.k.p.r.p.TestFile    ... finished proof: closed. 
991629     INFO  main            d.u.i.k.p.i.AbstractProblemLoader Loading environment from /home/runner/work/key/key/key.core/../key.ui/examples/heap/permissions/mulleretal/ReadWrite_inv2_accessible.key.proof 
991629     DEBUG main            d.u.i.k.p.i.AbstractProblemLoader Environment load took 79ns 
991630     INFO  main            d.u.i.k.p.i.AbstractProblemLoader Creating init config 
995210     DEBUG main            d.u.i.k.p.i.AbstractProblemLoader Init config took 3.58s 
995255     INFO  main            d.u.i.k.p.i.AbstractProblemLoader Replaying proof ReadWrite[java.lang.Object::<inv>()].JML accessible clause.1 
995259     DEBUG main            d.u.i.k.p.i.IntermediateProofReplayer Proof replay took 2.39ms 
995261     DEBUG main            d.u.i.k.p.r.p.TestFile    ... success: reloaded. 
995261     INFO  main            d.u.i.k.p.r.p.TestFile    Now processing file /home/runner/work/key/key/key.core/../key.ui/examples/heap/permissions/lockspec/Counter_lockConsistent_contract.key 
995262     INFO  main            d.u.i.k.p.i.AbstractProblemLoader Loading environment from /home/runner/work/key/key/key.core/../key.ui/examples/heap/permissions/lockspec/Counter_lockConsistent_contract.key 
995262     DEBUG main            d.u.i.k.p.i.AbstractProblemLoader Environment load took 185.6ns 
995263     INFO  main            d.u.i.k.p.i.AbstractProblemLoader Creating init config 
999726     DEBUG main            d.u.i.k.p.i.AbstractProblemLoader Init config took 4.46s 
999789     INFO  main            d.u.i.k.p.i.AbstractProblemLoader Replaying proof Counter[LockSpec::lockConsistent()].JML model_behavior operation contract.0 
999791     DEBUG main            d.u.i.k.p.i.IntermediateProofReplayer Proof replay took 3ns 
1001197    INFO  main            d.u.i.k.p.r.p.TestFile    ... finished proof: closed. 
1002012    INFO  main            d.u.i.k.p.i.AbstractProblemLoader Loading environment from /home/runner/work/key/key/key.core/../key.ui/examples/heap/permissions/lockspec/Counter_lockConsistent_contract.key.proof 
1002012    DEBUG main            d.u.i.k.p.i.AbstractProblemLoader Environment load took 90.5ns 
1002014    INFO  main            d.u.i.k.p.i.AbstractProblemLoader Creating init config 
1006164    DEBUG main            d.u.i.k.p.i.AbstractProblemLoader Init config took 4.15s 
1006254    INFO  main            d.u.i.k.p.i.AbstractProblemLoader Replaying proof Counter[LockSpec::lockConsistent()].JML model_behavior operation contract.0 
1006573    DEBUG main            d.u.i.k.p.i.IntermediateProofReplayer Proof replay took 300.77ms 
1006574    DEBUG main            d.u.i.k.p.r.p.TestFile    ... success: reloaded. 
1006575    INFO  main            d.u.i.k.p.r.p.TestFile    Now processing file /home/runner/work/key/key/key.core/../key.ui/examples/heap/permissions/lockspec/Counter_increase_contract.key 
1006575    INFO  main            d.u.i.k.p.i.AbstractProblemLoader Loading environment from /home/runner/work/key/key/key.core/../key.ui/examples/heap/permissions/lockspec/Counter_increase_contract.key 
1006576    DEBUG main            d.u.i.k.p.i.AbstractProblemLoader Environment load took 221.11ns 
1006577    INFO  main            d.u.i.k.p.i.AbstractProblemLoader Creating init config 
1010829    DEBUG main            d.u.i.k.p.i.AbstractProblemLoader Init config took 4.25s 
1010890    INFO  main            d.u.i.k.p.i.AbstractProblemLoader Replaying proof Counter[Counter::increase()].JML normal_behavior operation contract.0 
1010897    DEBUG main            d.u.i.k.p.i.IntermediateProofReplayer Proof replay took 3.2ns 
1013539    INFO  main            d.u.i.k.p.r.p.TestFile    ... finished proof: closed. 
1014435    INFO  main            d.u.i.k.p.i.AbstractProblemLoader Loading environment from /home/runner/work/key/key/key.core/../key.ui/examples/heap/permissions/lockspec/Counter_increase_contract.key.proof 
1014435    DEBUG main            d.u.i.k.p.i.AbstractProblemLoader Environment load took 147.2ns 
1014436    INFO  main            d.u.i.k.p.i.AbstractProblemLoader Creating init config 
1018528    DEBUG main            d.u.i.k.p.i.AbstractProblemLoader Init config took 4.09s 
1018618    INFO  main            d.u.i.k.p.i.AbstractProblemLoader Replaying proof Counter[Counter::increase()].JML normal_behavior operation contract.0 
1019310    DEBUG main            d.u.i.k.p.i.IntermediateProofReplayer Proof replay took 668.89ms 
1019313    DEBUG main            d.u.i.k.p.r.p.TestFile    ... success: reloaded. 
1019314    INFO  main            d.u.i.k.p.r.p.TestFile    Now processing file /home/runner/work/key/key/key.core/../key.ui/examples/heap/permissions/lockspec/Counter_fp_accessible.key 
1019314    INFO  main            d.u.i.k.p.i.AbstractProblemLoader Loading environment from /home/runner/work/key/key/key.core/../key.ui/examples/heap/permissions/lockspec/Counter_fp_accessible.key 
1019314    DEBUG main            d.u.i.k.p.i.AbstractProblemLoader Environment load took 275.9ns 
1019315    INFO  main            d.u.i.k.p.i.AbstractProblemLoader Creating init config 
1023638    DEBUG main            d.u.i.k.p.i.AbstractProblemLoader Init config took 4.32s 
1023712    INFO  main            d.u.i.k.p.i.AbstractProblemLoader Replaying proof Counter[LockSpec::fp()].JML accessible clause.0 
1023715    DEBUG main            d.u.i.k.p.i.IntermediateProofReplayer Proof replay took 3.4ns 
1023817    INFO  main            d.u.i.k.p.r.p.TestFile    ... finished proof: closed. 
1024631    INFO  main            d.u.i.k.p.i.AbstractProblemLoader Loading environment from /home/runner/work/key/key/key.core/../key.ui/examples/heap/permissions/lockspec/Counter_fp_accessible.key.proof 
1024631    DEBUG main            d.u.i.k.p.i.AbstractProblemLoader Environment load took 78.3ns 
1024632    INFO  main            d.u.i.k.p.i.AbstractProblemLoader Creating init config 
1028861    DEBUG main            d.u.i.k.p.i.AbstractProblemLoader Init config took 4.23s 
1028929    INFO  main            d.u.i.k.p.i.AbstractProblemLoader Replaying proof Counter[LockSpec::fp()].JML accessible clause.0 
1028944    DEBUG main            d.u.i.k.p.i.IntermediateProofReplayer Proof replay took 12.27ms 
1028945    DEBUG main            d.u.i.k.p.r.p.TestFile    ... success: reloaded. 
1028947    INFO  main            d.u.i.k.p.r.p.TestFile    Now processing file /home/runner/work/key/key/key.core/../key.ui/examples/heap/permissions/lockspec/Counter_fpLock_accessible.key 
1028947    INFO  main            d.u.i.k.p.i.AbstractProblemLoader Loading environment from /home/runner/work/key/key/key.core/../key.ui/examples/heap/permissions/lockspec/Counter_fpLock_accessible.key 
1028948    DEBUG main            d.u.i.k.p.i.AbstractProblemLoader Environment load took 188.7ns 
1028949    INFO  main            d.u.i.k.p.i.AbstractProblemLoader Creating init config 
1033398    DEBUG main            d.u.i.k.p.i.AbstractProblemLoader Init config took 4.45s 
1033465    INFO  main            d.u.i.k.p.i.AbstractProblemLoader Replaying proof Counter[LockSpec::fpLock()].JML accessible clause.0 
1033469    DEBUG main            d.u.i.k.p.i.IntermediateProofReplayer Proof replay took 3.3ns 
1033571    INFO  main            d.u.i.k.p.r.p.TestFile    ... finished proof: closed. 
1034439    INFO  main            d.u.i.k.p.i.AbstractProblemLoader Loading environment from /home/runner/work/key/key/key.core/../key.ui/examples/heap/permissions/lockspec/Counter_fpLock_accessible.key.proof 
1034439    DEBUG main            d.u.i.k.p.i.AbstractProblemLoader Environment load took 91ns 
1034440    INFO  main            d.u.i.k.p.i.AbstractProblemLoader Creating init config 
1038777    DEBUG main            d.u.i.k.p.i.AbstractProblemLoader Init config took 4.34s 
1038846    INFO  main            d.u.i.k.p.i.AbstractProblemLoader Replaying proof Counter[LockSpec::fpLock()].JML accessible clause.0 
1038861    DEBUG main            d.u.i.k.p.i.IntermediateProofReplayer Proof replay took 12.16ms 
1038862    DEBUG main            d.u.i.k.p.r.p.TestFile    ... success: reloaded. 
1038863    INFO  main            d.u.i.k.p.r.p.TestFile    Now processing file /home/runner/work/key/key/key.core/../key.ui/examples/heap/permissions/lockspec/Counter_fpPerm_accessible.key 
1038863    INFO  main            d.u.i.k.p.i.AbstractProblemLoader Loading environment from /home/runner/work/key/key/key.core/../key.ui/examples/heap/permissions/lockspec/Counter_fpPerm_accessible.key 
1038863    DEBUG main            d.u.i.k.p.i.AbstractProblemLoader Environment load took 219.6ns 
1038864    INFO  main            d.u.i.k.p.i.AbstractProblemLoader Creating init config 
1043040    DEBUG main            d.u.i.k.p.i.AbstractProblemLoader Init config took 4.18s 
1043139    INFO  main            d.u.i.k.p.i.AbstractProblemLoader Replaying proof Counter[LockSpec::fpPerm()].JML accessible clause.0 
1043146    DEBUG main            d.u.i.k.p.i.IntermediateProofReplayer Proof replay took 3.2ns 
1043248    INFO  main            d.u.i.k.p.r.p.TestFile    ... finished proof: closed. 
1044088    INFO  main            d.u.i.k.p.i.AbstractProblemLoader Loading environment from /home/runner/work/key/key/key.core/../key.ui/examples/heap/permissions/lockspec/Counter_fpPerm_accessible.key.proof 
1044088    DEBUG main            d.u.i.k.p.i.AbstractProblemLoader Environment load took 77.3ns 
1044089    INFO  main            d.u.i.k.p.i.AbstractProblemLoader Creating init config 
1048108    DEBUG main            d.u.i.k.p.i.AbstractProblemLoader Init config took 4.02s 
1048177    INFO  main            d.u.i.k.p.i.AbstractProblemLoader Replaying proof Counter[LockSpec::fpPerm()].JML accessible clause.0 
1048191    DEBUG main            d.u.i.k.p.i.IntermediateProofReplayer Proof replay took 11.35ms 
1048192    DEBUG main            d.u.i.k.p.r.p.TestFile    ... success: reloaded. 
1048193    INFO  main            d.u.i.k.p.r.p.TestFile    Now processing file /home/runner/work/key/key/key.core/../key.ui/examples/heap/permissions/lockspec/Counter_inv_accessible1.key 
1048194    INFO  main            d.u.i.k.p.i.AbstractProblemLoader Loading environment from /home/runner/work/key/key/key.core/../key.ui/examples/heap/permissions/lockspec/Counter_inv_accessible1.key 
1048194    DEBUG main            d.u.i.k.p.i.AbstractProblemLoader Environment load took 190.3ns 
1048195    INFO  main            d.u.i.k.p.i.AbstractProblemLoader Creating init config 
1052505    DEBUG main            d.u.i.k.p.i.AbstractProblemLoader Init config took 4.31s 
1052564    INFO  main            d.u.i.k.p.i.AbstractProblemLoader Replaying proof Counter[java.lang.Object::<inv>()].JML accessible clause.0 
1052566    DEBUG main            d.u.i.k.p.i.IntermediateProofReplayer Proof replay took 3.3ns 
1052668    INFO  main            d.u.i.k.p.r.p.TestFile    ... finished proof: closed. 
1053532    INFO  main            d.u.i.k.p.i.AbstractProblemLoader Loading environment from /home/runner/work/key/key/key.core/../key.ui/examples/heap/permissions/lockspec/Counter_inv_accessible1.key.proof 
1053532    DEBUG main            d.u.i.k.p.i.AbstractProblemLoader Environment load took 80.8ns 
1053533    INFO  main            d.u.i.k.p.i.AbstractProblemLoader Creating init config 
1057730    DEBUG main            d.u.i.k.p.i.AbstractProblemLoader Init config took 4.2s 
1057826    INFO  main            d.u.i.k.p.i.AbstractProblemLoader Replaying proof Counter[java.lang.Object::<inv>()].JML accessible clause.0 
1057844    DEBUG main            d.u.i.k.p.i.IntermediateProofReplayer Proof replay took 14.96ms 
1057845    DEBUG main            d.u.i.k.p.r.p.TestFile    ... success: reloaded. 
1057846    INFO  main            d.u.i.k.p.r.p.TestFile    Now processing file /home/runner/work/key/key/key.core/../key.ui/examples/heap/permissions/lockspec/Counter_inv_accessible2.key 
1057846    INFO  main            d.u.i.k.p.i.AbstractProblemLoader Loading environment from /home/runner/work/key/key/key.core/../key.ui/examples/heap/permissions/lockspec/Counter_inv_accessible2.key 
1057847    DEBUG main            d.u.i.k.p.i.AbstractProblemLoader Environment load took 180.6ns 
1057848    INFO  main            d.u.i.k.p.i.AbstractProblemLoader Creating init config 
1062160    DEBUG main            d.u.i.k.p.i.AbstractProblemLoader Init config took 4.31s 
1062227    INFO  main            d.u.i.k.p.i.AbstractProblemLoader Replaying proof Counter[java.lang.Object::<inv>()].JML accessible clause.1 
1062229    DEBUG main            d.u.i.k.p.i.IntermediateProofReplayer Proof replay took 2.9ns 
1062331    INFO  main            d.u.i.k.p.r.p.TestFile    ... finished proof: closed. 
1063198    INFO  main            d.u.i.k.p.i.AbstractProblemLoader Loading environment from /home/runner/work/key/key/key.core/../key.ui/examples/heap/permissions/lockspec/Counter_inv_accessible2.key.proof 
1063198    DEBUG main            d.u.i.k.p.i.AbstractProblemLoader Environment load took 83.3ns 
1063199    INFO  main            d.u.i.k.p.i.AbstractProblemLoader Creating init config 
1067366    DEBUG main            d.u.i.k.p.i.AbstractProblemLoader Init config took 4.17s 
1067436    INFO  main            d.u.i.k.p.i.AbstractProblemLoader Replaying proof Counter[java.lang.Object::<inv>()].JML accessible clause.1 
1067455    DEBUG main            d.u.i.k.p.i.IntermediateProofReplayer Proof replay took 16.71ms 
1067457    DEBUG main            d.u.i.k.p.r.p.TestFile    ... success: reloaded. 
1067458    INFO  main            d.u.i.k.p.r.p.TestFile    Now processing file /home/runner/work/key/key/key.core/../key.ui/examples/heap/permissions/lockspec/Counter_lockRef_accessible.key 
1067458    INFO  main            d.u.i.k.p.i.AbstractProblemLoader Loading environment from /home/runner/work/key/key/key.core/../key.ui/examples/heap/permissions/lockspec/Counter_lockRef_accessible.key 
1067458    DEBUG main            d.u.i.k.p.i.AbstractProblemLoader Environment load took 256.1ns 
1067459    INFO  main            d.u.i.k.p.i.AbstractProblemLoader Creating init config 
1071733    DEBUG main            d.u.i.k.p.i.AbstractProblemLoader Init config took 4.27s 
1071794    INFO  main            d.u.i.k.p.i.AbstractProblemLoader Replaying proof Counter[LockSpec::lockRef()].JML accessible clause.0 
1071796    DEBUG main            d.u.i.k.p.i.IntermediateProofReplayer Proof replay took 2.6ns 
1072099    INFO  main            d.u.i.k.p.r.p.TestFile    ... finished proof: closed. 
1072965    INFO  main            d.u.i.k.p.i.AbstractProblemLoader Loading environment from /home/runner/work/key/key/key.core/../key.ui/examples/heap/permissions/lockspec/Counter_lockRef_accessible.key.proof 
1072965    DEBUG main            d.u.i.k.p.i.AbstractProblemLoader Environment load took 81.2ns 
1072966    INFO  main            d.u.i.k.p.i.AbstractProblemLoader Creating init config 
1077098    DEBUG main            d.u.i.k.p.i.AbstractProblemLoader Init config took 4.13s 
1077189    INFO  main            d.u.i.k.p.i.AbstractProblemLoader Replaying proof Counter[LockSpec::lockRef()].JML accessible clause.0 
1077238    DEBUG main            d.u.i.k.p.i.IntermediateProofReplayer Proof replay took 45.51ms 
1077239    DEBUG main            d.u.i.k.p.r.p.TestFile    ... success: reloaded. 
1077240    INFO  main            d.u.i.k.p.r.p.TestFile    Now processing file /home/runner/work/key/key/key.core/../key.ui/examples/heap/permissions/lockspec/Counter_lockRef_contract1.key 
1077241    INFO  main            d.u.i.k.p.i.AbstractProblemLoader Loading environment from /home/runner/work/key/key/key.core/../key.ui/examples/heap/permissions/lockspec/Counter_lockRef_contract1.key 
1077241    DEBUG main            d.u.i.k.p.i.AbstractProblemLoader Environment load took 232.4ns 
1077243    INFO  main            d.u.i.k.p.i.AbstractProblemLoader Creating init config 
1081444    DEBUG main            d.u.i.k.p.i.AbstractProblemLoader Init config took 4.2s 
1081515    INFO  main            d.u.i.k.p.i.AbstractProblemLoader Replaying proof Counter[LockSpec::lockRef()].JML model_behavior operation contract.0 
1081517    DEBUG main            d.u.i.k.p.i.IntermediateProofReplayer Proof replay took 2.9ns 
1081619    INFO  main            d.u.i.k.p.r.p.TestFile    ... finished proof: closed. 
1082482    INFO  main            d.u.i.k.p.i.AbstractProblemLoader Loading environment from /home/runner/work/key/key/key.core/../key.ui/examples/heap/permissions/lockspec/Counter_lockRef_contract1.key.proof 
1082482    DEBUG main            d.u.i.k.p.i.AbstractProblemLoader Environment load took 95ns 
1082483    INFO  main            d.u.i.k.p.i.AbstractProblemLoader Creating init config 
1086697    DEBUG main            d.u.i.k.p.i.AbstractProblemLoader Init config took 4.21s 
1086766    INFO  main            d.u.i.k.p.i.AbstractProblemLoader Replaying proof Counter[LockSpec::lockRef()].JML model_behavior operation contract.0 
1086774    DEBUG main            d.u.i.k.p.i.IntermediateProofReplayer Proof replay took 5.51ms 
1086775    DEBUG main            d.u.i.k.p.r.p.TestFile    ... success: reloaded. 
1086776    INFO  main            d.u.i.k.p.r.p.TestFile    Now processing file /home/runner/work/key/key/key.core/../key.ui/examples/heap/permissions/lockspec/Counter_lockRef_contract2.key 
1086776    INFO  main            d.u.i.k.p.i.AbstractProblemLoader Loading environment from /home/runner/work/key/key/key.core/../key.ui/examples/heap/permissions/lockspec/Counter_lockRef_contract2.key 
1086776    DEBUG main            d.u.i.k.p.i.AbstractProblemLoader Environment load took 180.9ns 
1086777    INFO  main            d.u.i.k.p.i.AbstractProblemLoader Creating init config 
1091133    DEBUG main            d.u.i.k.p.i.AbstractProblemLoader Init config took 4.36s 
1091198    INFO  main            d.u.i.k.p.i.AbstractProblemLoader Replaying proof Counter[Counter::lockRef()].JML model_behavior operation contract.0 
1091200    DEBUG main            d.u.i.k.p.i.IntermediateProofReplayer Proof replay took 2.8ns 
1091301    INFO  main            d.u.i.k.p.r.p.TestFile    ... finished proof: closed. 
1092208    INFO  main            d.u.i.k.p.i.AbstractProblemLoader Loading environment from /home/runner/work/key/key/key.core/../key.ui/examples/heap/permissions/lockspec/Counter_lockRef_contract2.key.proof 
1092208    DEBUG main            d.u.i.k.p.i.AbstractProblemLoader Environment load took 80ns 
1092209    INFO  main            d.u.i.k.p.i.AbstractProblemLoader Creating init config 
1096437    DEBUG main            d.u.i.k.p.i.AbstractProblemLoader Init config took 4.23s 
1096498    INFO  main            d.u.i.k.p.i.AbstractProblemLoader Replaying proof Counter[Counter::lockRef()].JML model_behavior operation contract.0 
1096505    DEBUG main            d.u.i.k.p.i.IntermediateProofReplayer Proof replay took 5.33ms 
1096506    DEBUG main            d.u.i.k.p.r.p.TestFile    ... success: reloaded. 
1096507    INFO  main            d.u.i.k.p.r.p.TestFile    Now processing file /home/runner/work/key/key/key.core/../key.ui/examples/heap/permissions/lockspec/Counter_lockState_accessible.key 
1096508    INFO  main            d.u.i.k.p.i.AbstractProblemLoader Loading environment from /home/runner/work/key/key/key.core/../key.ui/examples/heap/permissions/lockspec/Counter_lockState_accessible.key 
1096508    DEBUG main            d.u.i.k.p.i.AbstractProblemLoader Environment load took 291.8ns 
1096509    INFO  main            d.u.i.k.p.i.AbstractProblemLoader Creating init config 
1100802    DEBUG main            d.u.i.k.p.i.AbstractProblemLoader Init config took 4.29s 
1100893    INFO  main            d.u.i.k.p.i.AbstractProblemLoader Replaying proof Counter[LockSpec::lockState(boolean)].JML accessible clause.0 
1100895    DEBUG main            d.u.i.k.p.i.IntermediateProofReplayer Proof replay took 2.7ns 
1101399    INFO  main            d.u.i.k.p.r.p.TestFile    ... finished proof: closed. 
1102296    INFO  main            d.u.i.k.p.i.AbstractProblemLoader Loading environment from /home/runner/work/key/key/key.core/../key.ui/examples/heap/permissions/lockspec/Counter_lockState_accessible.key.proof 
1102296    DEBUG main            d.u.i.k.p.i.AbstractProblemLoader Environment load took 89.7ns 
1102297    INFO  main            d.u.i.k.p.i.AbstractProblemLoader Creating init config 
1106435    DEBUG main            d.u.i.k.p.i.AbstractProblemLoader Init config took 4.14s 
1106525    INFO  main            d.u.i.k.p.i.AbstractProblemLoader Replaying proof Counter[LockSpec::lockState(boolean)].JML accessible clause.0 
1106624    DEBUG main            d.u.i.k.p.i.IntermediateProofReplayer Proof replay took 94.56ms 
1106625    DEBUG main            d.u.i.k.p.r.p.TestFile    ... success: reloaded. 
1106626    INFO  main            d.u.i.k.p.r.p.TestFile    Now processing file /home/runner/work/key/key/key.core/../key.ui/examples/heap/permissions/lockspec/Counter_lockStatus_accessible.key 
1106627    INFO  main            d.u.i.k.p.i.AbstractProblemLoader Loading environment from /home/runner/work/key/key/key.core/../key.ui/examples/heap/permissions/lockspec/Counter_lockStatus_accessible.key 
1106628    DEBUG main            d.u.i.k.p.i.AbstractProblemLoader Environment load took 229.5ns 
1106629    INFO  main            d.u.i.k.p.i.AbstractProblemLoader Creating init config 
1110858    DEBUG main            d.u.i.k.p.i.AbstractProblemLoader Init config took 4.23s 
1110928    INFO  main            d.u.i.k.p.i.AbstractProblemLoader Replaying proof Counter[LockSpec::lockStatus(boolean)].JML accessible clause.0 
1110930    DEBUG main            d.u.i.k.p.i.IntermediateProofReplayer Proof replay took 2.8ns 
1111133    INFO  main            d.u.i.k.p.r.p.TestFile    ... finished proof: closed. 
1112035    INFO  main            d.u.i.k.p.i.AbstractProblemLoader Loading environment from /home/runner/work/key/key/key.core/../key.ui/examples/heap/permissions/lockspec/Counter_lockStatus_accessible.key.proof 
1112035    DEBUG main            d.u.i.k.p.i.AbstractProblemLoader Environment load took 82.9ns 
1112036    INFO  main            d.u.i.k.p.i.AbstractProblemLoader Creating init config 
1116251    DEBUG main            d.u.i.k.p.i.AbstractProblemLoader Init config took 4.22s 
1116325    INFO  main            d.u.i.k.p.i.AbstractProblemLoader Replaying proof Counter[LockSpec::lockStatus(boolean)].JML accessible clause.0 
1116371    DEBUG main            d.u.i.k.p.i.IntermediateProofReplayer Proof replay took 44.28ms 
1116372    DEBUG main            d.u.i.k.p.r.p.TestFile    ... success: reloaded. 
1116373    INFO  main            d.u.i.k.p.r.p.TestFile    Now processing file /home/runner/work/key/key/key.core/../key.ui/examples/heap/permissions/lockspec/Counter_lockTransfer_accessible.key 
1116373    INFO  main            d.u.i.k.p.i.AbstractProblemLoader Loading environment from /home/runner/work/key/key/key.core/../key.ui/examples/heap/permissions/lockspec/Counter_lockTransfer_accessible.key 
1116374    DEBUG main            d.u.i.k.p.i.AbstractProblemLoader Environment load took 296.1ns 
1116375    INFO  main            d.u.i.k.p.i.AbstractProblemLoader Creating init config 
1120673    DEBUG main            d.u.i.k.p.i.AbstractProblemLoader Init config took 4.3s 
1120743    INFO  main            d.u.i.k.p.i.AbstractProblemLoader Replaying proof Counter[LockSpec::lockTransfer()].JML accessible clause.0 
1120745    DEBUG main            d.u.i.k.p.i.IntermediateProofReplayer Proof replay took 3.9ns 
1121148    INFO  main            d.u.i.k.p.r.p.TestFile    ... finished proof: closed. 
1122195    INFO  main            d.u.i.k.p.i.AbstractProblemLoader Loading environment from /home/runner/work/key/key/key.core/../key.ui/examples/heap/permissions/lockspec/Counter_lockTransfer_accessible.key.proof 
1122195    DEBUG main            d.u.i.k.p.i.AbstractProblemLoader Environment load took 384.4ns 
1122196    INFO  main            d.u.i.k.p.i.AbstractProblemLoader Creating init config 
1126370    DEBUG main            d.u.i.k.p.i.AbstractProblemLoader Init config took 4.17s 
1126445    INFO  main            d.u.i.k.p.i.AbstractProblemLoader Replaying proof Counter[LockSpec::lockTransfer()].JML accessible clause.0 
1126542    DEBUG main            d.u.i.k.p.i.IntermediateProofReplayer Proof replay took 91.44ms 
1126543    DEBUG main            d.u.i.k.p.r.p.TestFile    ... success: reloaded. 
1126544    INFO  main            d.u.i.k.p.r.p.TestFile    Now processing file /home/runner/work/key/key/key.core/../key.ui/examples/heap/permissions/lockspec/Counter_unlockTransfer_accessible.key 
1126545    INFO  main            d.u.i.k.p.i.AbstractProblemLoader Loading environment from /home/runner/work/key/key/key.core/../key.ui/examples/heap/permissions/lockspec/Counter_unlockTransfer_accessible.key 
1126545    DEBUG main            d.u.i.k.p.i.AbstractProblemLoader Environment load took 197.3ns 
1126546    INFO  main            d.u.i.k.p.i.AbstractProblemLoader Creating init config 
1130972    DEBUG main            d.u.i.k.p.i.AbstractProblemLoader Init config took 4.43s 
1131033    INFO  main            d.u.i.k.p.i.AbstractProblemLoader Replaying proof Counter[LockSpec::unlockTransfer()].JML accessible clause.0 
1131034    DEBUG main            d.u.i.k.p.i.IntermediateProofReplayer Proof replay took 2.9ns 
1131437    INFO  main            d.u.i.k.p.r.p.TestFile    ... finished proof: closed. 
1132408    INFO  main            d.u.i.k.p.i.AbstractProblemLoader Loading environment from /home/runner/work/key/key/key.core/../key.ui/examples/heap/permissions/lockspec/Counter_unlockTransfer_accessible.key.proof 
1132408    DEBUG main            d.u.i.k.p.i.AbstractProblemLoader Environment load took 83.8ns 
1132409    INFO  main            d.u.i.k.p.i.AbstractProblemLoader Creating init config 
1136749    DEBUG main            d.u.i.k.p.i.AbstractProblemLoader Init config took 4.34s 
1136810    INFO  main            d.u.i.k.p.i.AbstractProblemLoader Replaying proof Counter[LockSpec::unlockTransfer()].JML accessible clause.0 
1136913    DEBUG main            d.u.i.k.p.i.IntermediateProofReplayer Proof replay took 94.92ms 
1136914    DEBUG main            d.u.i.k.p.r.p.TestFile    ... success: reloaded. 
1136915    INFO  main            d.u.i.k.p.r.p.TestFile    Now processing file /home/runner/work/key/key/key.core/../key.ui/examples/heap/permissions/threads/Plotter_startTransfer_contract.proof 
1136915    INFO  main            d.u.i.k.p.i.AbstractProblemLoader Loading environment from /home/runner/work/key/key/key.core/../key.ui/examples/heap/permissions/threads/Plotter_startTransfer_contract.proof 
1136915    DEBUG main            d.u.i.k.p.i.AbstractProblemLoader Environment load took 140.7ns 
1136917    INFO  main            d.u.i.k.p.i.AbstractProblemLoader Creating init config 
1143216    DEBUG main            d.u.i.k.p.i.AbstractProblemLoader Init config took 6.3s 
1143334    INFO  main            d.u.i.k.p.i.AbstractProblemLoader Replaying proof Plotter[ThreadSpec2::startTransfer()].JML model_behavior operation contract.0 
1143599    DEBUG main            d.u.i.k.p.i.IntermediateProofReplayer Proof replay took 252.72ms 
1143600    INFO  main            d.u.i.k.p.r.p.TestFile    ... success: loaded 
1143609    INFO  main            d.u.i.k.p.r.p.TestFile    Now processing file /home/runner/work/key/key/key.core/../key.ui/examples/heap/permissions/threads/Plotter_startTransfer_accessible.proof 
1143609    INFO  main            d.u.i.k.p.i.AbstractProblemLoader Loading environment from /home/runner/work/key/key/key.core/../key.ui/examples/heap/permissions/threads/Plotter_startTransfer_accessible.proof 
1143610    DEBUG main            d.u.i.k.p.i.AbstractProblemLoader Environment load took 96.6ns 
1143611    INFO  main            d.u.i.k.p.i.AbstractProblemLoader Creating init config 
1150308    DEBUG main            d.u.i.k.p.i.AbstractProblemLoader Init config took 6.7s 
1150437    INFO  main            d.u.i.k.p.i.AbstractProblemLoader Replaying proof Plotter[ThreadSpec2::startTransfer()].JML accessible clause.0 
1150603    DEBUG main            d.u.i.k.p.i.IntermediateProofReplayer Proof replay took 155.07ms 
1150604    INFO  main            d.u.i.k.p.r.p.TestFile    ... success: loaded 
1150605    INFO  main            d.u.i.k.p.r.p.TestFile    Now processing file /home/runner/work/key/key/key.core/../key.ui/examples/heap/permissions/threads/Plotter_joinTransfer_accessible.proof 
1150606    INFO  main            d.u.i.k.p.i.AbstractProblemLoader Loading environment from /home/runner/work/key/key/key.core/../key.ui/examples/heap/permissions/threads/Plotter_joinTransfer_accessible.proof 
1150606    DEBUG main            d.u.i.k.p.i.AbstractProblemLoader Environment load took 186.1ns 
1150607    INFO  main            d.u.i.k.p.i.AbstractProblemLoader Creating init config 
1157086    DEBUG main            d.u.i.k.p.i.AbstractProblemLoader Init config took 6.48s 
1157194    INFO  main            d.u.i.k.p.i.AbstractProblemLoader Replaying proof Plotter[ThreadSpec2::joinTransfer()].JML accessible clause.0 
1157215    WARN  main            d.u.i.k.p.i.IntermediateProofReplayer Proof contains wrong number of \assumes instatiations for Definition_axiom_for_stateInv_in_Plotter 
1157218    WARN  main            d.u.i.k.p.i.IntermediateProofReplayer Proof contains wrong number of \assumes instatiations for Definition_axiom_for_stateInv_in_Plotter 
1157221    WARN  main            d.u.i.k.p.i.IntermediateProofReplayer Proof contains wrong number of \assumes instatiations for Definition_axiom_for_workingPermissions_in_Plotter 
1157224    WARN  main            d.u.i.k.p.i.IntermediateProofReplayer Proof contains wrong number of \assumes instatiations for Definition_axiom_for_staticPermissions_in_Plotter 
1157226    WARN  main            d.u.i.k.p.i.IntermediateProofReplayer Proof contains wrong number of \assumes instatiations for Definition_axiom_for_joinTransfer_in_Plotter 
1157229    WARN  main            d.u.i.k.p.i.IntermediateProofReplayer Proof contains wrong number of \assumes instatiations for Definition_axiom_for_stateInv_in_BFilter 
1157232    WARN  main            d.u.i.k.p.i.IntermediateProofReplayer Proof contains wrong number of \assumes instatiations for Definition_axiom_for_stateInv_in_AFilter 
1157234    WARN  main            d.u.i.k.p.i.IntermediateProofReplayer Proof contains wrong number of \assumes instatiations for Definition_axiom_for_stateInv_in_BFilter 
1157238    WARN  main            d.u.i.k.p.i.IntermediateProofReplayer Proof contains wrong number of \assumes instatiations for Definition_axiom_for_stateInv_in_AFilter 
1157245    WARN  main            d.u.i.k.p.i.IntermediateProofReplayer Proof contains wrong number of \assumes instatiations for Definition_axiom_for_staticPermissions_in_AFilter 
1157247    WARN  main            d.u.i.k.p.i.IntermediateProofReplayer Proof contains wrong number of \assumes instatiations for Definition_axiom_for_staticPermissions_in_Plotter 
1157248    WARN  main            d.u.i.k.p.i.IntermediateProofReplayer Proof contains wrong number of \assumes instatiations for Definition_axiom_for_staticPermissions_in_BFilter 
1157249    WARN  main            d.u.i.k.p.i.IntermediateProofReplayer Proof contains wrong number of \assumes instatiations for Definition_axiom_for_workingPermissions_in_Plotter 
1157250    WARN  main            d.u.i.k.p.i.IntermediateProofReplayer Proof contains wrong number of \assumes instatiations for Definition_axiom_for_stateInv_in_Sampler 
1157252    WARN  main            d.u.i.k.p.i.IntermediateProofReplayer Proof contains wrong number of \assumes instatiations for Definition_axiom_for_stateInv_in_Sampler 
1157253    WARN  main            d.u.i.k.p.i.IntermediateProofReplayer Proof contains wrong number of \assumes instatiations for Definition_axiom_for_staticPermissions_in_Sampler 
1157254    WARN  main            d.u.i.k.p.i.IntermediateProofReplayer Proof contains wrong number of \assumes instatiations for Definition_axiom_for_staticPermissions_in_BFilter 
1157255    WARN  main            d.u.i.k.p.i.IntermediateProofReplayer Proof contains wrong number of \assumes instatiations for Definition_axiom_for_staticPermissions_in_AFilter 
1157257    WARN  main            d.u.i.k.p.i.IntermediateProofReplayer Proof contains wrong number of \assumes instatiations for Definition_axiom_for_staticPermissions_in_Sampler 
1157258    WARN  main            d.u.i.k.p.i.IntermediateProofReplayer Proof contains wrong number of \assumes instatiations for Definition_axiom_for_staticPermissions_in_Sampler 
1157259    WARN  main            d.u.i.k.p.i.IntermediateProofReplayer Proof contains wrong number of \assumes instatiations for Definition_axiom_for_staticPermissions_in_Sampler 
1157260    WARN  main            d.u.i.k.p.i.IntermediateProofReplayer Proof contains wrong number of \assumes instatiations for Definition_axiom_for_joinTransfer_in_Plotter 
1157470    DEBUG main            d.u.i.k.p.i.IntermediateProofReplayer Proof replay took 261.59ms 
1157471    INFO  main            d.u.i.k.p.r.p.TestFile    ... success: loaded 
6767796    INFO  Test worker     d.u.i.k.p.r.RunAllProofsTestUnit Returning from test permissionHeap 
6767799    INFO  Test worker     d.u.i.k.p.r.RunAllProofsTestUnit Running test completionScopes 
465        INFO  Timeout watchdog d.u.i.k.p.r.p.ForkedTestFileRunner Timeout watcher launched (2000 secs.) 
498        WARN  main            d.u.i.k.s.ProofSettings   The settings in /home/runner/.key/proof-settings.props are *not* read. 
567        INFO  main            d.u.i.k.p.r.p.TestFile    Now processing file /home/runner/work/key/key/key.core/../key.ui/examples/completionscopes/testCcatchReturnVal.key 
774        INFO  main            d.u.i.k.p.i.AbstractProblemLoader Loading environment from /home/runner/work/key/key/key.core/../key.ui/examples/completionscopes/testCcatchReturnVal.key 
801        DEBUG main            d.u.i.k.p.i.AbstractProblemLoader Environment load took 3.01ms 
1152       INFO  main            d.u.i.k.p.i.AbstractProblemLoader Creating init config 
2394       DEBUG main            d.u.i.k.j.TypeConverter   No LDT found for Meta 
2395       DEBUG main            d.u.i.k.j.TypeConverter   No LDT found for Meta 
2396       DEBUG main            d.u.i.k.j.TypeConverter   No LDT found for Meta 
2396       DEBUG main            d.u.i.k.j.TypeConverter   No LDT found for Meta 
4274       DEBUG main            d.u.i.k.j.TypeConverter   No LDT found for JavaBigintExpression 
10896      DEBUG main            d.u.i.k.p.i.AbstractProblemLoader Init config took 9.74s 
11064      INFO  main            d.u.i.k.p.i.AbstractProblemLoader Replaying proof CompletionScopes[CompletionScopes::testCcatchReturnVal()].JML normal_behavior operation contract.0 
11112      DEBUG main            d.u.i.k.p.i.IntermediateProofReplayer Proof replay took 41.6ns 
11848      INFO  main            d.u.i.k.p.r.p.TestFile    ... finished proof: closed. 
11986      INFO  main            d.u.i.k.p.i.AbstractProblemLoader Loading environment from /home/runner/work/key/key/key.core/../key.ui/examples/completionscopes/testCcatchReturnVal.key.proof 
11987      DEBUG main            d.u.i.k.p.i.AbstractProblemLoader Environment load took 488.1ns 
11990      INFO  main            d.u.i.k.p.i.AbstractProblemLoader Creating init config 
15933      DEBUG main            d.u.i.k.p.i.AbstractProblemLoader Init config took 3.94s 
16055      INFO  main            d.u.i.k.p.i.AbstractProblemLoader Replaying proof CompletionScopes[CompletionScopes::testCcatchReturnVal()].JML normal_behavior operation contract.0 
16161      DEBUG main            d.u.i.k.p.i.IntermediateProofReplayer Proof replay took 94.71ms 
16175      DEBUG main            d.u.i.k.p.r.p.TestFile    ... success: reloaded. 
16183      INFO  main            d.u.i.k.p.r.p.TestFile    Now processing file /home/runner/work/key/key/key.core/../key.ui/examples/completionscopes/testMultCcatchClauses.key 
16185      INFO  main            d.u.i.k.p.i.AbstractProblemLoader Loading environment from /home/runner/work/key/key/key.core/../key.ui/examples/completionscopes/testMultCcatchClauses.key 
16186      DEBUG main            d.u.i.k.p.i.AbstractProblemLoader Environment load took 838.71ns 
16200      INFO  main            d.u.i.k.p.i.AbstractProblemLoader Creating init config 
19867      DEBUG main            d.u.i.k.p.i.AbstractProblemLoader Init config took 3.67s 
19969      INFO  main            d.u.i.k.p.i.AbstractProblemLoader Replaying proof CompletionScopes[CompletionScopes::testMultCcatchClauses()].JML normal_behavior operation contract.0 
19977      DEBUG main            d.u.i.k.p.i.IntermediateProofReplayer Proof replay took 8.7ns 
20484      INFO  main            d.u.i.k.p.r.p.TestFile    ... finished proof: closed. 
20663      INFO  main            d.u.i.k.p.i.AbstractProblemLoader Loading environment from /home/runner/work/key/key/key.core/../key.ui/examples/completionscopes/testMultCcatchClauses.key.proof 
20664      DEBUG main            d.u.i.k.p.i.AbstractProblemLoader Environment load took 210.2ns 
20666      INFO  main            d.u.i.k.p.i.AbstractProblemLoader Creating init config 
24175      DEBUG main            d.u.i.k.p.i.AbstractProblemLoader Init config took 3.51s 
24248      INFO  main            d.u.i.k.p.i.AbstractProblemLoader Replaying proof CompletionScopes[CompletionScopes::testMultCcatchClauses()].JML normal_behavior operation contract.0 
24377      DEBUG main            d.u.i.k.p.i.IntermediateProofReplayer Proof replay took 124.75ms 
24379      DEBUG main            d.u.i.k.p.r.p.TestFile    ... success: reloaded. 
24383      INFO  main            d.u.i.k.p.r.p.TestFile    Now processing file /home/runner/work/key/key/key.core/../key.ui/examples/completionscopes/testNestedExec.key 
24383      INFO  main            d.u.i.k.p.i.AbstractProblemLoader Loading environment from /home/runner/work/key/key/key.core/../key.ui/examples/completionscopes/testNestedExec.key 
24383      DEBUG main            d.u.i.k.p.i.AbstractProblemLoader Environment load took 157.9ns 
24387      INFO  main            d.u.i.k.p.i.AbstractProblemLoader Creating init config 
27953      DEBUG main            d.u.i.k.p.i.AbstractProblemLoader Init config took 3.57s 
28018      INFO  main            d.u.i.k.p.i.AbstractProblemLoader Replaying proof CompletionScopes[CompletionScopes::testMultCcatchClauses()].JML normal_behavior operation contract.0 
28021      DEBUG main            d.u.i.k.p.i.IntermediateProofReplayer Proof replay took 7ns 
28325      INFO  main            d.u.i.k.p.r.p.TestFile    ... finished proof: closed. 
28522      INFO  main            d.u.i.k.p.i.AbstractProblemLoader Loading environment from /home/runner/work/key/key/key.core/../key.ui/examples/completionscopes/testNestedExec.key.proof 
28523      DEBUG main            d.u.i.k.p.i.AbstractProblemLoader Environment load took 423.4ns 
28527      INFO  main            d.u.i.k.p.i.AbstractProblemLoader Creating init config 
31913      DEBUG main            d.u.i.k.p.i.AbstractProblemLoader Init config took 3.39s 
31983      INFO  main            d.u.i.k.p.i.AbstractProblemLoader Replaying proof CompletionScopes[CompletionScopes::testMultCcatchClauses()].JML normal_behavior operation contract.0 
32112      DEBUG main            d.u.i.k.p.i.IntermediateProofReplayer Proof replay took 124.65ms 
32115      DEBUG main            d.u.i.k.p.r.p.TestFile    ... success: reloaded. 
32117      INFO  main            d.u.i.k.p.r.p.TestFile    Now processing file /home/runner/work/key/key/key.core/../key.ui/examples/completionscopes/testCcatchBreakLabel.key 
32118      INFO  main            d.u.i.k.p.i.AbstractProblemLoader Loading environment from /home/runner/work/key/key/key.core/../key.ui/examples/completionscopes/testCcatchBreakLabel.key 
32118      DEBUG main            d.u.i.k.p.i.AbstractProblemLoader Environment load took 228.8ns 
32126      INFO  main            d.u.i.k.p.i.AbstractProblemLoader Creating init config 
35497      DEBUG main            d.u.i.k.p.i.AbstractProblemLoader Init config took 3.37s 
35551      INFO  main            d.u.i.k.p.i.AbstractProblemLoader Replaying proof CompletionScopes[CompletionScopes::testBreakLabel()].JML normal_behavior operation contract.0 
35554      DEBUG main            d.u.i.k.p.i.IntermediateProofReplayer Proof replay took 6.7ns 
35572      DEBUG Thread-10       d.u.i.k.l.o.ProgramSV     Match failed: Former match of  SchemaVariable incompatible with  the current match. 
35656      INFO  main            d.u.i.k.p.r.p.TestFile    ... finished proof: closed. 
35869      INFO  main            d.u.i.k.p.i.AbstractProblemLoader Loading environment from /home/runner/work/key/key/key.core/../key.ui/examples/completionscopes/testCcatchBreakLabel.key.proof 
35869      DEBUG main            d.u.i.k.p.i.AbstractProblemLoader Environment load took 201ns 
35871      INFO  main            d.u.i.k.p.i.AbstractProblemLoader Creating init config 
39236      DEBUG main            d.u.i.k.p.i.AbstractProblemLoader Init config took 3.37s 
39293      INFO  main            d.u.i.k.p.i.AbstractProblemLoader Replaying proof CompletionScopes[CompletionScopes::testBreakLabel()].JML normal_behavior operation contract.0 
39309      DEBUG main            d.u.i.k.p.i.IntermediateProofReplayer Proof replay took 10.99ms 
39310      DEBUG main            d.u.i.k.p.r.p.TestFile    ... success: reloaded. 
39311      INFO  main            d.u.i.k.p.r.p.TestFile    Now processing file /home/runner/work/key/key/key.core/../key.ui/examples/completionscopes/testCcatchContinueLabel.key 
39312      INFO  main            d.u.i.k.p.i.AbstractProblemLoader Loading environment from /home/runner/work/key/key/key.core/../key.ui/examples/completionscopes/testCcatchContinueLabel.key 
39312      DEBUG main            d.u.i.k.p.i.AbstractProblemLoader Environment load took 130.2ns 
39313      INFO  main            d.u.i.k.p.i.AbstractProblemLoader Creating init config 
42692      DEBUG main            d.u.i.k.p.i.AbstractProblemLoader Init config took 3.38s 
42745      INFO  main            d.u.i.k.p.i.AbstractProblemLoader Replaying proof CompletionScopes[CompletionScopes::testContinueLabel()].JML normal_behavior operation contract.0 
42748      DEBUG main            d.u.i.k.p.i.IntermediateProofReplayer Proof replay took 24.4ns 
42771      DEBUG Thread-13       d.u.i.k.l.o.ProgramSV     Match failed: Former match of  SchemaVariable incompatible with  the current match. 
42851      INFO  main            d.u.i.k.p.r.p.TestFile    ... finished proof: closed. 
43064      INFO  main            d.u.i.k.p.i.AbstractProblemLoader Loading environment from /home/runner/work/key/key/key.core/../key.ui/examples/completionscopes/testCcatchContinueLabel.key.proof 
43064      DEBUG main            d.u.i.k.p.i.AbstractProblemLoader Environment load took 150ns 
43065      INFO  main            d.u.i.k.p.i.AbstractProblemLoader Creating init config 
46369      DEBUG main            d.u.i.k.p.i.AbstractProblemLoader Init config took 3.3s 
46437      INFO  main            d.u.i.k.p.i.AbstractProblemLoader Replaying proof CompletionScopes[CompletionScopes::testContinueLabel()].JML normal_behavior operation contract.0 
46457      DEBUG main            d.u.i.k.p.i.IntermediateProofReplayer Proof replay took 17.17ms 
46458      DEBUG main            d.u.i.k.p.r.p.TestFile    ... success: reloaded. 
46460      INFO  main            d.u.i.k.p.r.p.TestFile    Now processing file /home/runner/work/key/key/key.core/../key.ui/examples/completionscopes/testCcatchBreakLabelWildcard.key 
46461      INFO  main            d.u.i.k.p.i.AbstractProblemLoader Loading environment from /home/runner/work/key/key/key.core/../key.ui/examples/completionscopes/testCcatchBreakLabelWildcard.key 
46461      DEBUG main            d.u.i.k.p.i.AbstractProblemLoader Environment load took 255.9ns 
46464      INFO  main            d.u.i.k.p.i.AbstractProblemLoader Creating init config 
49791      DEBUG main            d.u.i.k.p.i.AbstractProblemLoader Init config took 3.33s 
49844      INFO  main            d.u.i.k.p.i.AbstractProblemLoader Replaying proof CompletionScopes[CompletionScopes::testBreakLabelWildcard()].JML normal_behavior operation contract.0 
49846      DEBUG main            d.u.i.k.p.i.IntermediateProofReplayer Proof replay took 8.2ns 
49876      DEBUG Thread-16       d.u.i.k.l.o.ProgramSV     Match failed: Former match of  SchemaVariable incompatible with  the current match. 
49878      DEBUG Thread-16       d.u.i.k.l.o.ProgramSV     Match failed: Former match of  SchemaVariable incompatible with  the current match. 
49949      INFO  main            d.u.i.k.p.r.p.TestFile    ... finished proof: closed. 
50150      INFO  main            d.u.i.k.p.i.AbstractProblemLoader Loading environment from /home/runner/work/key/key/key.core/../key.ui/examples/completionscopes/testCcatchBreakLabelWildcard.key.proof 
50150      DEBUG main            d.u.i.k.p.i.AbstractProblemLoader Environment load took 159.6ns 
50152      INFO  main            d.u.i.k.p.i.AbstractProblemLoader Creating init config 
53423      DEBUG main            d.u.i.k.p.i.AbstractProblemLoader Init config took 3.27s 
53473      INFO  main            d.u.i.k.p.i.AbstractProblemLoader Replaying proof CompletionScopes[CompletionScopes::testBreakLabelWildcard()].JML normal_behavior operation contract.0 
53487      DEBUG main            d.u.i.k.p.i.IntermediateProofReplayer Proof replay took 11.21ms 
53488      DEBUG main            d.u.i.k.p.r.p.TestFile    ... success: reloaded. 
53490      INFO  main            d.u.i.k.p.r.p.TestFile    Now processing file /home/runner/work/key/key/key.core/../key.ui/examples/completionscopes/testCcatchContinueLabelWildcard.key 
53490      INFO  main            d.u.i.k.p.i.AbstractProblemLoader Loading environment from /home/runner/work/key/key/key.core/../key.ui/examples/completionscopes/testCcatchContinueLabelWildcard.key 
53491      DEBUG main            d.u.i.k.p.i.AbstractProblemLoader Environment load took 264.5ns 
53492      INFO  main            d.u.i.k.p.i.AbstractProblemLoader Creating init config 
56863      DEBUG main            d.u.i.k.p.i.AbstractProblemLoader Init config took 3.37s 
56922      INFO  main            d.u.i.k.p.i.AbstractProblemLoader Replaying proof CompletionScopes[CompletionScopes::testContinueLabelWildcard()].JML normal_behavior operation contract.0 
56925      DEBUG main            d.u.i.k.p.i.IntermediateProofReplayer Proof replay took 7.6ns 
56951      DEBUG Thread-19       d.u.i.k.l.o.ProgramSV     Match failed: Former match of  SchemaVariable incompatible with  the current match. 
56952      DEBUG Thread-19       d.u.i.k.l.o.ProgramSV     Match failed: Former match of  SchemaVariable incompatible with  the current match. 
57031      INFO  main            d.u.i.k.p.r.p.TestFile    ... finished proof: closed. 
57239      INFO  main            d.u.i.k.p.i.AbstractProblemLoader Loading environment from /home/runner/work/key/key/key.core/../key.ui/examples/completionscopes/testCcatchContinueLabelWildcard.key.proof 
57240      DEBUG main            d.u.i.k.p.i.AbstractProblemLoader Environment load took 166.4ns 
57241      INFO  main            d.u.i.k.p.i.AbstractProblemLoader Creating init config 
60502      DEBUG main            d.u.i.k.p.i.AbstractProblemLoader Init config took 3.26s 
60572      INFO  main            d.u.i.k.p.i.AbstractProblemLoader Replaying proof CompletionScopes[CompletionScopes::testContinueLabelWildcard()].JML normal_behavior operation contract.0 
60592      DEBUG main            d.u.i.k.p.i.IntermediateProofReplayer Proof replay took 16.13ms 
60593      DEBUG main            d.u.i.k.p.r.p.TestFile    ... success: reloaded. 
60595      INFO  main            d.u.i.k.p.r.p.TestFile    Now processing file /home/runner/work/key/key/key.core/../key.ui/examples/completionscopes/testCcatchBreakLabelNonmatchingNested.key 
60595      INFO  main            d.u.i.k.p.i.AbstractProblemLoader Loading environment from /home/runner/work/key/key/key.core/../key.ui/examples/completionscopes/testCcatchBreakLabelNonmatchingNested.key 
60595      DEBUG main            d.u.i.k.p.i.AbstractProblemLoader Environment load took 127.5ns 
60597      INFO  main            d.u.i.k.p.i.AbstractProblemLoader Creating init config 
63977      DEBUG main            d.u.i.k.p.i.AbstractProblemLoader Init config took 3.38s 
64027      INFO  main            d.u.i.k.p.i.AbstractProblemLoader Replaying proof CompletionScopes[CompletionScopes::testBreakLabelNonmatchingNested()].JML normal_behavior operation contract.0 
64030      DEBUG main            d.u.i.k.p.i.IntermediateProofReplayer Proof replay took 7.9ns 
64050      DEBUG Thread-22       d.u.i.k.l.o.ProgramSV     Match failed: Former match of  SchemaVariable incompatible with  the current match. 
64052      DEBUG Thread-22       d.u.i.k.l.o.ProgramSV     Match failed: Former match of  SchemaVariable incompatible with  the current match. 
64132      INFO  main            d.u.i.k.p.r.p.TestFile    ... finished proof: closed. 
64355      INFO  main            d.u.i.k.p.i.AbstractProblemLoader Loading environment from /home/runner/work/key/key/key.core/../key.ui/examples/completionscopes/testCcatchBreakLabelNonmatchingNested.key.proof 
64355      DEBUG main            d.u.i.k.p.i.AbstractProblemLoader Environment load took 173ns 
64356      INFO  main            d.u.i.k.p.i.AbstractProblemLoader Creating init config 
67636      DEBUG main            d.u.i.k.p.i.AbstractProblemLoader Init config took 3.28s 
67687      INFO  main            d.u.i.k.p.i.AbstractProblemLoader Replaying proof CompletionScopes[CompletionScopes::testBreakLabelNonmatchingNested()].JML normal_behavior operation contract.0 
67708      DEBUG main            d.u.i.k.p.i.IntermediateProofReplayer Proof replay took 15.21ms 
67709      DEBUG main            d.u.i.k.p.r.p.TestFile    ... success: reloaded. 
6835732    INFO  Test worker     d.u.i.k.p.r.RunAllProofsTestUnit Returning from test completionScopes 
6835733    INFO  Test worker     d.u.i.k.p.r.RunAllProofsTestUnit Running test reload_examples 
428        INFO  Timeout watchdog d.u.i.k.p.r.p.ForkedTestFileRunner Timeout watcher launched (2000 secs.) 
441        WARN  main            d.u.i.k.s.ProofSettings   The settings in /home/runner/.key/proof-settings.props are *not* read. 
481        INFO  main            d.u.i.k.p.r.p.TestFile    Now processing file /home/runner/work/key/key/key.core/../key.ui/examples/firstTouch/05-ReverseArray/reverseArray.key 
638        INFO  main            d.u.i.k.p.i.AbstractProblemLoader Loading environment from /home/runner/work/key/key/key.core/../key.ui/examples/firstTouch/05-ReverseArray/reverseArray.key 
663        DEBUG main            d.u.i.k.p.i.AbstractProblemLoader Environment load took 3.09ms 
1036       INFO  main            d.u.i.k.p.i.AbstractProblemLoader Creating init config 
2422       DEBUG main            d.u.i.k.j.TypeConverter   No LDT found for Meta 
2424       DEBUG main            d.u.i.k.j.TypeConverter   No LDT found for Meta 
2428       DEBUG main            d.u.i.k.j.TypeConverter   No LDT found for Meta 
2428       DEBUG main            d.u.i.k.j.TypeConverter   No LDT found for Meta 
4693       DEBUG main            d.u.i.k.j.TypeConverter   No LDT found for JavaBigintExpression 
11300      DEBUG main            d.u.i.k.p.i.AbstractProblemLoader Init config took 10.26s 
11492      INFO  main            d.u.i.k.p.i.AbstractProblemLoader Replaying proof ReverseArray[ReverseArray::reverse()].JML normal_behavior operation contract.0 
11585      DEBUG main            d.u.i.k.p.i.IntermediateProofReplayer Proof replay took 43.1ns 
25416      INFO  main            d.u.i.k.p.r.p.TestFile    ... finished proof: closed. 
25690      INFO  main            d.u.i.k.p.i.AbstractProblemLoader Loading environment from /home/runner/work/key/key/key.core/../key.ui/examples/firstTouch/05-ReverseArray/reverseArray.key.proof 
25691      DEBUG main            d.u.i.k.p.i.AbstractProblemLoader Environment load took 504.3ns 
25700      INFO  main            d.u.i.k.p.i.AbstractProblemLoader Creating init config 
29371      DEBUG main            d.u.i.k.p.i.AbstractProblemLoader Init config took 3.67s 
29431      INFO  main            d.u.i.k.p.i.AbstractProblemLoader Replaying proof ReverseArray[ReverseArray::reverse()].JML normal_behavior operation contract.0 
31084      DEBUG main            d.u.i.k.p.i.IntermediateProofReplayer Proof replay took 1.58s 
31097      DEBUG main            d.u.i.k.p.r.p.TestFile    ... success: reloaded. 
31100      INFO  main            d.u.i.k.p.r.p.TestFile    Now processing file /home/runner/work/key/key/key.core/../key.ui/examples/standard_key/arith/saveProofTest.key.proof 
31100      INFO  main            d.u.i.k.p.i.AbstractProblemLoader Loading environment from /home/runner/work/key/key/key.core/../key.ui/examples/standard_key/arith/saveProofTest.key.proof 
31100      DEBUG main            d.u.i.k.p.i.AbstractProblemLoader Environment load took 241.9ns 
31102      INFO  main            d.u.i.k.p.i.AbstractProblemLoader Creating init config 
34374      DEBUG main            d.u.i.k.p.i.AbstractProblemLoader Init config took 3.27s 
34407      INFO  main            d.u.i.k.p.i.AbstractProblemLoader Replaying proof saveProofTest.key.proof 
34416      DEBUG main            d.u.i.k.p.i.IntermediateProofReplayer Proof replay took 4.3ms 
34417      INFO  main            d.u.i.k.p.r.p.TestFile    ... success: loaded 
34419      INFO  main            d.u.i.k.p.r.p.TestFile    Now processing file /home/runner/work/key/key/key.core/../key.ui/examples/heap/permutedSum/perm.proof 
34419      INFO  main            d.u.i.k.p.i.AbstractProblemLoader Loading environment from /home/runner/work/key/key/key.core/../key.ui/examples/heap/permutedSum/perm.proof 
34420      DEBUG main            d.u.i.k.p.i.AbstractProblemLoader Environment load took 236.2ns 
34423      INFO  main            d.u.i.k.p.i.AbstractProblemLoader Creating init config 
37884      DEBUG main            d.u.i.k.p.i.AbstractProblemLoader Init config took 3.46s 
37975      INFO  main            d.u.i.k.p.i.AbstractProblemLoader Replaying proof Perm[Perm::foo()].JML normal_behavior operation contract.0 
39711      DEBUG main            d.u.i.k.p.i.IntermediateProofReplayer Proof replay took 1.68s 
39715      INFO  main            d.u.i.k.p.r.p.TestFile    ... success: loaded 
39717      INFO  main            d.u.i.k.p.r.p.TestFile    Now processing file /home/runner/work/key/key/key.core/../key.ui/examples/firstTouch/05-ReverseArray/reverseArray.proof 
39717      INFO  main            d.u.i.k.p.i.AbstractProblemLoader Loading environment from /home/runner/work/key/key/key.core/../key.ui/examples/firstTouch/05-ReverseArray/reverseArray.proof 
39718      DEBUG main            d.u.i.k.p.i.AbstractProblemLoader Environment load took 269.4ns 
39722      INFO  main            d.u.i.k.p.i.AbstractProblemLoader Creating init config 
43136      DEBUG main            d.u.i.k.p.i.AbstractProblemLoader Init config took 3.41s 
43188      INFO  main            d.u.i.k.p.i.AbstractProblemLoader Replaying proof ReverseArray[ReverseArray::reverse()].JML normal_behavior operation contract.0 
44643      DEBUG main            d.u.i.k.p.i.IntermediateProofReplayer Proof replay took 1.41s 
44646      INFO  main            d.u.i.k.p.r.p.TestFile    ... success: loaded 
44648      INFO  main            d.u.i.k.p.r.p.TestFile    Now processing file /home/runner/work/key/key/key.core/../key.ui/examples/heap/verifyThis15_1_RelaxedPrefix/relax.proof 
44648      INFO  main            d.u.i.k.p.i.AbstractProblemLoader Loading environment from /home/runner/work/key/key/key.core/../key.ui/examples/heap/verifyThis15_1_RelaxedPrefix/relax.proof 
44648      DEBUG main            d.u.i.k.p.i.AbstractProblemLoader Environment load took 265.3ns 
44651      INFO  main            d.u.i.k.p.i.AbstractProblemLoader Creating init config 
48080      DEBUG main            d.u.i.k.p.i.AbstractProblemLoader Init config took 3.43s 
48143      INFO  main            d.u.i.k.p.i.AbstractProblemLoader Replaying proof Relaxed[Relaxed::isRelaxedPrefix([I,[I)].JML operation contract.0 
48929      DEBUG main            d.u.i.k.p.i.IntermediateProofReplayer Proof replay took 763.96ms 
48931      INFO  main            d.u.i.k.p.r.p.TestFile    ... success: loaded 
48933      INFO  main            d.u.i.k.p.r.p.TestFile    Now processing file /home/runner/work/key/key/key.core/../key.ui/examples/heap/verifyThis15_3_DLL/doUndo.proof 
48934      INFO  main            d.u.i.k.p.i.AbstractProblemLoader Loading environment from /home/runner/work/key/key/key.core/../key.ui/examples/heap/verifyThis15_3_DLL/doUndo.proof 
48934      DEBUG main            d.u.i.k.p.i.AbstractProblemLoader Environment load took 287.6ns 
48939      INFO  main            d.u.i.k.p.i.AbstractProblemLoader Creating init config 
50154      DEBUG main            d.u.i.k.j.r.ClassPreparationMethodBuilder clPrepBuilder: Inner Class detected. Reject building class initialisation methods. 
52676      DEBUG main            d.u.i.k.p.i.AbstractProblemLoader Init config took 3.74s 
52776      INFO  main            d.u.i.k.p.i.AbstractProblemLoader Replaying proof DoubleLinkedList[DoubleLinkedList::doUndo(DoubleLinkedList.Node,int)].JML normal_behavior operation contract.0 
53890      DEBUG main            d.u.i.k.p.i.IntermediateProofReplayer Proof replay took 1.08s 
53892      INFO  main            d.u.i.k.p.r.p.TestFile    ... success: loaded 
53893      INFO  main            d.u.i.k.p.r.p.TestFile    Now processing file /home/runner/work/key/key/key.core/../key.ui/examples/heap/verifyThis15_2_ParallelGcd/parallelGcd.proof 
53894      INFO  main            d.u.i.k.p.i.AbstractProblemLoader Loading environment from /home/runner/work/key/key/key.core/../key.ui/examples/heap/verifyThis15_2_ParallelGcd/parallelGcd.proof 
53894      DEBUG main            d.u.i.k.p.i.AbstractProblemLoader Environment load took 276.3ns 
53896      INFO  main            d.u.i.k.p.i.AbstractProblemLoader Creating init config 
57261      DEBUG main            d.u.i.k.p.i.AbstractProblemLoader Init config took 3.36s 
57324      INFO  main            d.u.i.k.p.i.AbstractProblemLoader Replaying proof ParallelGcd[ParallelGcd::parallelGcd(int,int,[Z)].JML behavior operation contract.0 
58331      DEBUG main            d.u.i.k.p.i.IntermediateProofReplayer Proof replay took 989.61ms 
58333      INFO  main            d.u.i.k.p.r.p.TestFile    ... success: loaded 
6894310    INFO  Test worker     d.u.i.k.p.r.RunAllProofsTestUnit Returning from test reload_examples 
6894311    INFO  Test worker     d.u.i.k.p.r.RunAllProofsTestUnit Running test proofLoadRepair 
515        INFO  Timeout watchdog d.u.i.k.p.r.p.ForkedTestFileRunner Timeout watcher launched (2000 secs.) 
533        WARN  main            d.u.i.k.s.ProofSettings   The settings in /home/runner/.key/proof-settings.props are *not* read. 
574        INFO  main            d.u.i.k.p.r.p.TestFile    Now processing file /home/runner/work/key/key/key.core/../key.ui/examples/proofLoadRepair/disjConj-manipulated.proof 
719        INFO  main            d.u.i.k.p.i.AbstractProblemLoader Loading environment from /home/runner/work/key/key/key.core/../key.ui/examples/proofLoadRepair/disjConj-manipulated.proof 
741        DEBUG main            d.u.i.k.p.i.AbstractProblemLoader Environment load took 2.95ms 
1078       INFO  main            d.u.i.k.p.i.AbstractProblemLoader Creating init config 
2323       DEBUG main            d.u.i.k.j.TypeConverter   No LDT found for Meta 
2324       DEBUG main            d.u.i.k.j.TypeConverter   No LDT found for Meta 
2326       DEBUG main            d.u.i.k.j.TypeConverter   No LDT found for Meta 
2326       DEBUG main            d.u.i.k.j.TypeConverter   No LDT found for Meta 
4284       DEBUG main            d.u.i.k.j.TypeConverter   No LDT found for JavaBigintExpression 
11000      DEBUG main            d.u.i.k.p.i.AbstractProblemLoader Init config took 9.92s 
11118      INFO  main            d.u.i.k.p.i.AbstractProblemLoader Replaying proof disjConj-manipulated.proof 
11192      WARN  main            d.u.i.k.p.i.IntermediateProofReplayer Proof contains wrong number of \assumes instatiations for andLeft 
11193      WARN  main            d.u.i.k.p.i.IntermediateProofReplayer Proof contains wrong number of \assumes instatiations for replace_known_right 
11198      WARN  main            d.u.i.k.p.i.IntermediateProofReplayer Proof contains wrong number of \assumes instatiations for close 
11199      DEBUG main            d.u.i.k.p.i.IntermediateProofReplayer Proof replay took 22.14ms 
11205      INFO  main            d.u.i.k.p.r.p.TestFile    ... success: loaded 
11210      INFO  main            d.u.i.k.p.r.p.TestFile    Now processing file /home/runner/work/key/key/key.core/../key.ui/examples/proofLoadRepair/insufficient-manipulated.proof 
11210      INFO  main            d.u.i.k.p.i.AbstractProblemLoader Loading environment from /home/runner/work/key/key/key.core/../key.ui/examples/proofLoadRepair/insufficient-manipulated.proof 
11210      DEBUG main            d.u.i.k.p.i.AbstractProblemLoader Environment load took 141.5ns 
11216      INFO  main            d.u.i.k.p.i.AbstractProblemLoader Creating init config 
14971      DEBUG main            d.u.i.k.p.i.AbstractProblemLoader Init config took 3.75s 
14999      INFO  main            d.u.i.k.p.i.AbstractProblemLoader Replaying proof insufficient-manipulated.proof 
15036      WARN  main            d.u.i.k.p.i.IntermediateProofReplayer Proof contains wrong number of \assumes instatiations for applyEq 
15056      DEBUG main            d.u.i.k.p.i.IntermediateProofReplayer Proof replay took 29.19ms 
15060      INFO  main            d.u.i.k.p.r.p.TestFile    ... success: loading failed 
15065      INFO  main            d.u.i.k.p.r.p.TestFile    Now processing file /home/runner/work/key/key/key.core/../key.ui/examples/../../key.core/src/test/resources/testcase/issues/1716/incorrectPolarity.proof 
15065      INFO  main            d.u.i.k.p.i.AbstractProblemLoader Loading environment from /home/runner/work/key/key/key.core/../key.ui/examples/../../key.core/src/test/resources/testcase/issues/1716/incorrectPolarity.proof 
15066      DEBUG main            d.u.i.k.p.i.AbstractProblemLoader Environment load took 261.3ns 
15071      INFO  main            d.u.i.k.p.i.AbstractProblemLoader Creating init config 
18688      DEBUG main            d.u.i.k.p.i.AbstractProblemLoader Init config took 3.62s 
18725      INFO  main            d.u.i.k.p.i.AbstractProblemLoader Replaying proof incorrectPolarity.proof 
18729      DEBUG main            d.u.i.k.p.i.IntermediateProofReplayer Proof replay took 251.5ns 
18730      INFO  main            d.u.i.k.p.r.p.TestFile    ... success: loading failed 
18731      INFO  main            d.u.i.k.p.r.p.TestFile    Now processing file /home/runner/work/key/key/key.core/../key.ui/examples/../../key.core/src/test/resources/testcase/issues/1716/incorrectPolarity2.proof 
18731      INFO  main            d.u.i.k.p.i.AbstractProblemLoader Loading environment from /home/runner/work/key/key/key.core/../key.ui/examples/../../key.core/src/test/resources/testcase/issues/1716/incorrectPolarity2.proof 
18732      DEBUG main            d.u.i.k.p.i.AbstractProblemLoader Environment load took 284ns 
18737      INFO  main            d.u.i.k.p.i.AbstractProblemLoader Creating init config 
22087      DEBUG main            d.u.i.k.p.i.AbstractProblemLoader Init config took 3.35s 
22116      INFO  main            d.u.i.k.p.i.AbstractProblemLoader Replaying proof incorrectPolarity2.proof 
22120      DEBUG main            d.u.i.k.p.i.IntermediateProofReplayer Proof replay took 463.8ns 
22121      INFO  main            d.u.i.k.p.r.p.TestFile    ... success: loading failed 
22122      INFO  main            d.u.i.k.p.r.p.TestFile    Now processing file /home/runner/work/key/key/key.core/../key.ui/examples/../../key.core/src/test/resources/testcase/issues/1716/incorrectPolarity3.proof 
22122      INFO  main            d.u.i.k.p.i.AbstractProblemLoader Loading environment from /home/runner/work/key/key/key.core/../key.ui/examples/../../key.core/src/test/resources/testcase/issues/1716/incorrectPolarity3.proof 
22123      DEBUG main            d.u.i.k.p.i.AbstractProblemLoader Environment load took 248.5ns 
22124      INFO  main            d.u.i.k.p.i.AbstractProblemLoader Creating init config 
25462      DEBUG main            d.u.i.k.p.i.AbstractProblemLoader Init config took 3.34s 
25489      INFO  main            d.u.i.k.p.i.AbstractProblemLoader Replaying proof incorrectPolarity3.proof 
25493      DEBUG main            d.u.i.k.p.i.IntermediateProofReplayer Proof replay took 2.13ms 
25494      INFO  main            d.u.i.k.p.r.p.TestFile    ... success: loading failed 
6920030    INFO  Test worker     d.u.i.k.p.r.RunAllProofsTestUnit Returning from test proofLoadRepair 
6920031    INFO  Test worker     d.u.i.k.p.r.RunAllProofsTestUnit Running test switch 
483        INFO  Timeout watchdog d.u.i.k.p.r.p.ForkedTestFileRunner Timeout watcher launched (2000 secs.) 
507        WARN  main            d.u.i.k.s.ProofSettings   The settings in /home/runner/.key/proof-settings.props are *not* read. 
550        INFO  main            d.u.i.k.p.r.p.TestFile    Now processing file /home/runner/work/key/key/key.core/../key.ui/examples/standard_key/java_dl/switch/labeled_case.key 
699        INFO  main            d.u.i.k.p.i.AbstractProblemLoader Loading environment from /home/runner/work/key/key/key.core/../key.ui/examples/standard_key/java_dl/switch/labeled_case.key 
721        DEBUG main            d.u.i.k.p.i.AbstractProblemLoader Environment load took 2.57ms 
1017       INFO  main            d.u.i.k.p.i.AbstractProblemLoader Creating init config 
2341       DEBUG main            d.u.i.k.j.TypeConverter   No LDT found for Meta 
2342       DEBUG main            d.u.i.k.j.TypeConverter   No LDT found for Meta 
2347       DEBUG main            d.u.i.k.j.TypeConverter   No LDT found for Meta 
2347       DEBUG main            d.u.i.k.j.TypeConverter   No LDT found for Meta 
4056       DEBUG main            d.u.i.k.j.TypeConverter   No LDT found for JavaBigintExpression 
10611      DEBUG main            d.u.i.k.p.i.AbstractProblemLoader Init config took 9.59s 
10790      INFO  main            d.u.i.k.p.i.AbstractProblemLoader Replaying proof LabeledCase[LabeledCase::m(int)].JML normal_behavior operation contract.0 
10838      DEBUG main            d.u.i.k.p.i.IntermediateProofReplayer Proof replay took 38.8ns 
11683      INFO  main            d.u.i.k.p.r.p.TestFile    ... finished proof: closed. 
11872      INFO  main            d.u.i.k.p.i.AbstractProblemLoader Loading environment from /home/runner/work/key/key/key.core/../key.ui/examples/standard_key/java_dl/switch/labeled_case.key.proof 
11873      DEBUG main            d.u.i.k.p.i.AbstractProblemLoader Environment load took 474ns 
11876      INFO  main            d.u.i.k.p.i.AbstractProblemLoader Creating init config 
15718      DEBUG main            d.u.i.k.p.i.AbstractProblemLoader Init config took 3.84s 
15823      INFO  main            d.u.i.k.p.i.AbstractProblemLoader Replaying proof LabeledCase[LabeledCase::m(int)].JML normal_behavior operation contract.0 
15964      DEBUG main            d.u.i.k.p.i.IntermediateProofReplayer Proof replay took 133.72ms 
15982      DEBUG main            d.u.i.k.p.r.p.TestFile    ... success: reloaded. 
15986      INFO  main            d.u.i.k.p.r.p.TestFile    Now processing file /home/runner/work/key/key/key.core/../key.ui/examples/standard_key/java_dl/switch/empty_switch.key 
15987      INFO  main            d.u.i.k.p.i.AbstractProblemLoader Loading environment from /home/runner/work/key/key/key.core/../key.ui/examples/standard_key/java_dl/switch/empty_switch.key 
15988      DEBUG main            d.u.i.k.p.i.AbstractProblemLoader Environment load took 893.21ns 
15990      INFO  main            d.u.i.k.p.i.AbstractProblemLoader Creating init config 
19587      DEBUG main            d.u.i.k.p.i.AbstractProblemLoader Init config took 3.6s 
19626      INFO  main            d.u.i.k.p.i.AbstractProblemLoader Replaying proof empty_switch.key 
19630      DEBUG main            d.u.i.k.p.i.IntermediateProofReplayer Proof replay took 9.4ns 
19734      INFO  main            d.u.i.k.p.r.p.TestFile    ... finished proof: closed. 
19905      INFO  main            d.u.i.k.p.i.AbstractProblemLoader Loading environment from /home/runner/work/key/key/key.core/../key.ui/examples/standard_key/java_dl/switch/empty_switch.key.proof 
19906      DEBUG main            d.u.i.k.p.i.AbstractProblemLoader Environment load took 822.11ns 
19912      INFO  main            d.u.i.k.p.i.AbstractProblemLoader Creating init config 
23287      DEBUG main            d.u.i.k.p.i.AbstractProblemLoader Init config took 3.37s 
23319      INFO  main            d.u.i.k.p.i.AbstractProblemLoader Replaying proof empty_switch.key.proof 
23328      DEBUG main            d.u.i.k.p.i.IntermediateProofReplayer Proof replay took 3.64ms 
23329      DEBUG main            d.u.i.k.p.r.p.TestFile    ... success: reloaded. 
23331      INFO  main            d.u.i.k.p.r.p.TestFile    Now processing file /home/runner/work/key/key/key.core/../key.ui/examples/standard_key/java_dl/switch/empty_switch_null.key 
23331      INFO  main            d.u.i.k.p.i.AbstractProblemLoader Loading environment from /home/runner/work/key/key/key.core/../key.ui/examples/standard_key/java_dl/switch/empty_switch_null.key 
23332      DEBUG main            d.u.i.k.p.i.AbstractProblemLoader Environment load took 140.3ns 
23335      INFO  main            d.u.i.k.p.i.AbstractProblemLoader Creating init config 
26749      DEBUG main            d.u.i.k.p.i.AbstractProblemLoader Init config took 3.41s 
26802      INFO  main            d.u.i.k.p.i.AbstractProblemLoader Replaying proof empty_switch_null.key 
26805      DEBUG main            d.u.i.k.p.i.IntermediateProofReplayer Proof replay took 8.2ns 
27011      INFO  main            d.u.i.k.p.r.p.TestFile    ... finished proof: closed. 
27189      INFO  main            d.u.i.k.p.i.AbstractProblemLoader Loading environment from /home/runner/work/key/key/key.core/../key.ui/examples/standard_key/java_dl/switch/empty_switch_null.key.proof 
27192      DEBUG main            d.u.i.k.p.i.AbstractProblemLoader Environment load took 3.08ms 
27194      INFO  main            d.u.i.k.p.i.AbstractProblemLoader Creating init config 
30558      DEBUG main            d.u.i.k.p.i.AbstractProblemLoader Init config took 3.36s 
30588      INFO  main            d.u.i.k.p.i.AbstractProblemLoader Replaying proof empty_switch_null.key.proof 
30659      DEBUG main            d.u.i.k.p.i.IntermediateProofReplayer Proof replay took 64.78ms 
30661      DEBUG main            d.u.i.k.p.r.p.TestFile    ... success: reloaded. 
30662      INFO  main            d.u.i.k.p.r.p.TestFile    Now processing file /home/runner/work/key/key/key.core/../key.ui/examples/standard_key/java_dl/switch/empty_switch_null_catch.key 
30663      INFO  main            d.u.i.k.p.i.AbstractProblemLoader Loading environment from /home/runner/work/key/key/key.core/../key.ui/examples/standard_key/java_dl/switch/empty_switch_null_catch.key 
30663      DEBUG main            d.u.i.k.p.i.AbstractProblemLoader Environment load took 194.2ns 
30665      INFO  main            d.u.i.k.p.i.AbstractProblemLoader Creating init config 
34172      DEBUG main            d.u.i.k.p.i.AbstractProblemLoader Init config took 3.51s 
34200      INFO  main            d.u.i.k.p.i.AbstractProblemLoader Replaying proof empty_switch_null_catch.key 
34202      DEBUG main            d.u.i.k.p.i.IntermediateProofReplayer Proof replay took 6.7ns 
34410      INFO  main            d.u.i.k.p.r.p.TestFile    ... finished proof: closed. 
34602      INFO  main            d.u.i.k.p.i.AbstractProblemLoader Loading environment from /home/runner/work/key/key/key.core/../key.ui/examples/standard_key/java_dl/switch/empty_switch_null_catch.key.proof 
34602      DEBUG main            d.u.i.k.p.i.AbstractProblemLoader Environment load took 390.7ns 
34603      INFO  main            d.u.i.k.p.i.AbstractProblemLoader Creating init config 
37931      DEBUG main            d.u.i.k.p.i.AbstractProblemLoader Init config took 3.33s 
37960      INFO  main            d.u.i.k.p.i.AbstractProblemLoader Replaying proof empty_switch_null_catch.key.proof 
38020      DEBUG main            d.u.i.k.p.i.IntermediateProofReplayer Proof replay took 56.28ms 
38022      DEBUG main            d.u.i.k.p.r.p.TestFile    ... success: reloaded. 
38023      INFO  main            d.u.i.k.p.r.p.TestFile    Now processing file /home/runner/work/key/key/key.core/../key.ui/examples/standard_key/java_dl/switch/empty_switch_array_out_of_bounds.key 
38024      INFO  main            d.u.i.k.p.i.AbstractProblemLoader Loading environment from /home/runner/work/key/key/key.core/../key.ui/examples/standard_key/java_dl/switch/empty_switch_array_out_of_bounds.key 
38024      DEBUG main            d.u.i.k.p.i.AbstractProblemLoader Environment load took 234.7ns 
38025      INFO  main            d.u.i.k.p.i.AbstractProblemLoader Creating init config 
41554      DEBUG main            d.u.i.k.p.i.AbstractProblemLoader Init config took 3.53s 
41584      INFO  main            d.u.i.k.p.i.AbstractProblemLoader Replaying proof empty_switch_array_out_of_bounds.key 
41590      DEBUG main            d.u.i.k.p.i.IntermediateProofReplayer Proof replay took 6.9ns 
41994      INFO  main            d.u.i.k.p.r.p.TestFile    ... finished proof: closed. 
42211      INFO  main            d.u.i.k.p.i.AbstractProblemLoader Loading environment from /home/runner/work/key/key/key.core/../key.ui/examples/standard_key/java_dl/switch/empty_switch_array_out_of_bounds.key.proof 
42215      DEBUG main            d.u.i.k.p.i.AbstractProblemLoader Environment load took 4.29ms 
42218      INFO  main            d.u.i.k.p.i.AbstractProblemLoader Creating init config 
45540      DEBUG main            d.u.i.k.p.i.AbstractProblemLoader Init config took 3.32s 
45567      INFO  main            d.u.i.k.p.i.AbstractProblemLoader Replaying proof empty_switch_array_out_of_bounds.key.proof 
45647      DEBUG main            d.u.i.k.p.i.IntermediateProofReplayer Proof replay took 75.53ms 
45648      DEBUG main            d.u.i.k.p.r.p.TestFile    ... success: reloaded. 
45649      INFO  main            d.u.i.k.p.r.p.TestFile    Now processing file /home/runner/work/key/key/key.core/../key.ui/examples/standard_key/java_dl/switch/empty_switch_array_out_of_bounds_catch.key 
45650      INFO  main            d.u.i.k.p.i.AbstractProblemLoader Loading environment from /home/runner/work/key/key/key.core/../key.ui/examples/standard_key/java_dl/switch/empty_switch_array_out_of_bounds_catch.key 
45650      DEBUG main            d.u.i.k.p.i.AbstractProblemLoader Environment load took 314.4ns 
45652      INFO  main            d.u.i.k.p.i.AbstractProblemLoader Creating init config 
49038      DEBUG main            d.u.i.k.p.i.AbstractProblemLoader Init config took 3.39s 
49064      INFO  main            d.u.i.k.p.i.AbstractProblemLoader Replaying proof empty_switch_array_out_of_bounds_catch.key 
49069      DEBUG main            d.u.i.k.p.i.IntermediateProofReplayer Proof replay took 7.2ns 
49274      INFO  main            d.u.i.k.p.r.p.TestFile    ... finished proof: closed. 
49477      INFO  main            d.u.i.k.p.i.AbstractProblemLoader Loading environment from /home/runner/work/key/key/key.core/../key.ui/examples/standard_key/java_dl/switch/empty_switch_array_out_of_bounds_catch.key.proof 
49478      DEBUG main            d.u.i.k.p.i.AbstractProblemLoader Environment load took 526ns 
49480      INFO  main            d.u.i.k.p.i.AbstractProblemLoader Creating init config 
52774      DEBUG main            d.u.i.k.p.i.AbstractProblemLoader Init config took 3.29s 
52805      INFO  main            d.u.i.k.p.i.AbstractProblemLoader Replaying proof empty_switch_array_out_of_bounds_catch.key.proof 
52864      DEBUG main            d.u.i.k.p.i.IntermediateProofReplayer Proof replay took 53.61ms 
52866      DEBUG main            d.u.i.k.p.r.p.TestFile    ... success: reloaded. 
52867      INFO  main            d.u.i.k.p.r.p.TestFile    Now processing file /home/runner/work/key/key/key.core/../key.ui/examples/standard_key/java_dl/switch/switch_in_switch.key 
52868      INFO  main            d.u.i.k.p.i.AbstractProblemLoader Loading environment from /home/runner/work/key/key/key.core/../key.ui/examples/standard_key/java_dl/switch/switch_in_switch.key 
52868      DEBUG main            d.u.i.k.p.i.AbstractProblemLoader Environment load took 212.4ns 
52869      INFO  main            d.u.i.k.p.i.AbstractProblemLoader Creating init config 
56319      DEBUG main            d.u.i.k.p.i.AbstractProblemLoader Init config took 3.45s 
56377      INFO  main            d.u.i.k.p.i.AbstractProblemLoader Replaying proof SwitchInSwitch[SwitchInSwitch::m(int)].JML normal_behavior operation contract.0 
56379      DEBUG main            d.u.i.k.p.i.IntermediateProofReplayer Proof replay took 7.1ns 
62469      INFO  main            d.u.i.k.p.r.p.TestFile    ... finished proof: closed. 
62800      INFO  main            d.u.i.k.p.i.AbstractProblemLoader Loading environment from /home/runner/work/key/key/key.core/../key.ui/examples/standard_key/java_dl/switch/switch_in_switch.key.proof 
62801      DEBUG main            d.u.i.k.p.i.AbstractProblemLoader Environment load took 461ns 
62803      INFO  main            d.u.i.k.p.i.AbstractProblemLoader Creating init config 
66134      DEBUG main            d.u.i.k.p.i.AbstractProblemLoader Init config took 3.33s 
66188      INFO  main            d.u.i.k.p.i.AbstractProblemLoader Replaying proof SwitchInSwitch[SwitchInSwitch::m(int)].JML normal_behavior operation contract.0 
66991      DEBUG main            d.u.i.k.p.i.IntermediateProofReplayer Proof replay took 769.36ms 
66995      DEBUG main            d.u.i.k.p.r.p.TestFile    ... success: reloaded. 
66996      INFO  main            d.u.i.k.p.r.p.TestFile    Now processing file /home/runner/work/key/key/key.core/../key.ui/examples/standard_key/java_dl/switch/while_and_switch.key 
66997      INFO  main            d.u.i.k.p.i.AbstractProblemLoader Loading environment from /home/runner/work/key/key/key.core/../key.ui/examples/standard_key/java_dl/switch/while_and_switch.key 
66997      DEBUG main            d.u.i.k.p.i.AbstractProblemLoader Environment load took 352.9ns 
66999      INFO  main            d.u.i.k.p.i.AbstractProblemLoader Creating init config 
70580      DEBUG main            d.u.i.k.p.i.AbstractProblemLoader Init config took 3.58s 
70637      INFO  main            d.u.i.k.p.i.AbstractProblemLoader Replaying proof WhileAndSwitch[WhileAndSwitch::m(int)].JML normal_behavior operation contract.0 
70640      DEBUG main            d.u.i.k.p.i.IntermediateProofReplayer Proof replay took 8.5ns 
71750      INFO  main            d.u.i.k.p.r.p.TestFile    ... finished proof: closed. 
72004      INFO  main            d.u.i.k.p.i.AbstractProblemLoader Loading environment from /home/runner/work/key/key/key.core/../key.ui/examples/standard_key/java_dl/switch/while_and_switch.key.proof 
72005      DEBUG main            d.u.i.k.p.i.AbstractProblemLoader Environment load took 933.5ns 
72007      INFO  main            d.u.i.k.p.i.AbstractProblemLoader Creating init config 
75352      DEBUG main            d.u.i.k.p.i.AbstractProblemLoader Init config took 3.34s 
75414      INFO  main            d.u.i.k.p.i.AbstractProblemLoader Replaying proof WhileAndSwitch[WhileAndSwitch::m(int)].JML normal_behavior operation contract.0 
75641      DEBUG main            d.u.i.k.p.i.IntermediateProofReplayer Proof replay took 219.45ms 
75644      DEBUG main            d.u.i.k.p.r.p.TestFile    ... success: reloaded. 
75645      INFO  main            d.u.i.k.p.r.p.TestFile    Now processing file /home/runner/work/key/key/key.core/../key.ui/examples/standard_key/java_dl/switch/large_switch.key 
75646      INFO  main            d.u.i.k.p.i.AbstractProblemLoader Loading environment from /home/runner/work/key/key/key.core/../key.ui/examples/standard_key/java_dl/switch/large_switch.key 
75646      DEBUG main            d.u.i.k.p.i.AbstractProblemLoader Environment load took 235.9ns 
75647      INFO  main            d.u.i.k.p.i.AbstractProblemLoader Creating init config 
78999      DEBUG main            d.u.i.k.p.i.AbstractProblemLoader Init config took 3.35s 
79064      INFO  main            d.u.i.k.p.i.AbstractProblemLoader Replaying proof LargeSwitch[LargeSwitch::m(int)].JML normal_behavior operation contract.0 
79066      DEBUG main            d.u.i.k.p.i.IntermediateProofReplayer Proof replay took 8.1ns 
81078      INFO  main            d.u.i.k.p.r.p.TestFile    ... finished proof: closed. 
81364      INFO  main            d.u.i.k.p.i.AbstractProblemLoader Loading environment from /home/runner/work/key/key/key.core/../key.ui/examples/standard_key/java_dl/switch/large_switch.key.proof 
81365      DEBUG main            d.u.i.k.p.i.AbstractProblemLoader Environment load took 428.9ns 
81367      INFO  main            d.u.i.k.p.i.AbstractProblemLoader Creating init config 
84739      DEBUG main            d.u.i.k.p.i.AbstractProblemLoader Init config took 3.37s 
84823      INFO  main            d.u.i.k.p.i.AbstractProblemLoader Replaying proof LargeSwitch[LargeSwitch::m(int)].JML normal_behavior operation contract.0 
85378      DEBUG main            d.u.i.k.p.i.IntermediateProofReplayer Proof replay took 526.47ms 
85380      DEBUG main            d.u.i.k.p.r.p.TestFile    ... success: reloaded. 
7005643    INFO  Test worker     d.u.i.k.p.r.RunAllProofsTestUnit Returning from test switch 
7005644    INFO  Test worker     d.u.i.k.p.r.RunAllProofsTestUnit Running test redux 
469        INFO  Timeout watchdog d.u.i.k.p.r.p.ForkedTestFileRunner Timeout watcher launched (2000 secs.) 
499        WARN  main            d.u.i.k.s.ProofSettings   The settings in /home/runner/.key/proof-settings.props are *not* read. 
567        INFO  main            d.u.i.k.p.r.p.TestFile    Now processing file /home/runner/work/key/key/key.core/../key.ui/examples/redux/arrays/Arrays.copyOf.key 
764        INFO  main            d.u.i.k.p.i.AbstractProblemLoader Loading environment from /home/runner/work/key/key/key.core/../key.ui/examples/redux/arrays/Arrays.copyOf.key 
785        DEBUG main            d.u.i.k.p.i.AbstractProblemLoader Environment load took 2.35ms 
1096       INFO  main            d.u.i.k.p.i.AbstractProblemLoader Creating init config 
2377       DEBUG main            d.u.i.k.j.TypeConverter   No LDT found for Meta 
2378       DEBUG main            d.u.i.k.j.TypeConverter   No LDT found for Meta 
2382       DEBUG main            d.u.i.k.j.TypeConverter   No LDT found for Meta 
2382       DEBUG main            d.u.i.k.j.TypeConverter   No LDT found for Meta 
4245       DEBUG main            d.u.i.k.j.TypeConverter   No LDT found for JavaBigintExpression 
11464      DEBUG main            d.u.i.k.p.i.AbstractProblemLoader Init config took 10.37s 
11634      INFO  main            d.u.i.k.p.i.AbstractProblemLoader Replaying proof Arrays[Arrays::copyOf([I,int)].JML normal_behavior operation contract.0 
11682      DEBUG main            d.u.i.k.p.i.IntermediateProofReplayer Proof replay took 42.8ns 
18745      INFO  main            d.u.i.k.p.r.p.TestFile    ... finished proof: closed. 
18945      INFO  main            d.u.i.k.p.i.AbstractProblemLoader Loading environment from /home/runner/work/key/key/key.core/../key.ui/examples/redux/arrays/Arrays.copyOf.key.proof 
18945      DEBUG main            d.u.i.k.p.i.AbstractProblemLoader Environment load took 468.5ns 
18949      INFO  main            d.u.i.k.p.i.AbstractProblemLoader Creating init config 
23266      DEBUG main            d.u.i.k.p.i.AbstractProblemLoader Init config took 4.32s 
23360      INFO  main            d.u.i.k.p.i.AbstractProblemLoader Replaying proof Arrays[Arrays::copyOf([I,int)].JML normal_behavior operation contract.0 
24132      DEBUG main            d.u.i.k.p.i.IntermediateProofReplayer Proof replay took 737.48ms 
24143      DEBUG main            d.u.i.k.p.r.p.TestFile    ... success: reloaded. 
24144      INFO  main            d.u.i.k.p.r.p.TestFile    Now processing file /home/runner/work/key/key/key.core/../key.ui/examples/redux/arrays/Arrays.copyOf.float.key 
24145      INFO  main            d.u.i.k.p.i.AbstractProblemLoader Loading environment from /home/runner/work/key/key/key.core/../key.ui/examples/redux/arrays/Arrays.copyOf.float.key 
24145      DEBUG main            d.u.i.k.p.i.AbstractProblemLoader Environment load took 224.9ns 
24147      INFO  main            d.u.i.k.p.i.AbstractProblemLoader Creating init config 
28371      DEBUG main            d.u.i.k.p.i.AbstractProblemLoader Init config took 4.22s 
28447      INFO  main            d.u.i.k.p.i.AbstractProblemLoader Replaying proof Arrays[Arrays::copyOf([F,int)].JML normal_behavior operation contract.0 
28450      DEBUG main            d.u.i.k.p.i.IntermediateProofReplayer Proof replay took 7.9ns 
28487      DEBUG main            d.u.i.k.m.s.ProofScriptEngine 1: 'macro autopilot' 
34362      DEBUG main            d.u.i.k.m.s.ProofScriptEngine 2: 'smt solver=Z3' 
34482      INFO  main            d.u.i.k.m.s.SMTCommand    Finished run on goal 17 in 82ms, result is valid 
34483      DEBUG main            d.u.i.k.m.s.ProofScriptEngine 3: 'tryclose' 
36808      INFO  main            d.u.i.k.p.r.p.TestFile    ... finished proof: closed. 
37056      INFO  main            d.u.i.k.p.i.AbstractProblemLoader Loading environment from /home/runner/work/key/key/key.core/../key.ui/examples/redux/arrays/Arrays.copyOf.float.key.proof 
37057      DEBUG main            d.u.i.k.p.i.AbstractProblemLoader Environment load took 277.5ns 
37066      INFO  main            d.u.i.k.p.i.AbstractProblemLoader Creating init config 
41258      DEBUG main            d.u.i.k.p.i.AbstractProblemLoader Init config took 4.19s 
41325      INFO  main            d.u.i.k.p.i.AbstractProblemLoader Replaying proof Arrays[Arrays::copyOf([F,int)].JML normal_behavior operation contract.0 
42351      DEBUG main            d.u.i.k.p.i.IntermediateProofReplayer Proof replay took 979.09ms 
42353      DEBUG main            d.u.i.k.p.r.p.TestFile    ... success: reloaded. 
42355      INFO  main            d.u.i.k.p.r.p.TestFile    Now processing file /home/runner/work/key/key/key.core/../key.ui/examples/redux/arrays/Arrays.copyOfRange.key 
42355      INFO  main            d.u.i.k.p.i.AbstractProblemLoader Loading environment from /home/runner/work/key/key/key.core/../key.ui/examples/redux/arrays/Arrays.copyOfRange.key 
42355      DEBUG main            d.u.i.k.p.i.AbstractProblemLoader Environment load took 249.4ns 
42356      INFO  main            d.u.i.k.p.i.AbstractProblemLoader Creating init config 
46538      DEBUG main            d.u.i.k.p.i.AbstractProblemLoader Init config took 4.18s 
46599      INFO  main            d.u.i.k.p.i.AbstractProblemLoader Replaying proof Arrays[Arrays::copyOfRange([I,int,int)].JML normal_behavior operation contract.0 
46604      DEBUG main            d.u.i.k.p.i.IntermediateProofReplayer Proof replay took 6.7ns 
52981      INFO  main            d.u.i.k.p.r.p.TestFile    ... finished proof: closed. 
53279      INFO  main            d.u.i.k.p.i.AbstractProblemLoader Loading environment from /home/runner/work/key/key/key.core/../key.ui/examples/redux/arrays/Arrays.copyOfRange.key.proof 
53280      DEBUG main            d.u.i.k.p.i.AbstractProblemLoader Environment load took 429.8ns 
53282      INFO  main            d.u.i.k.p.i.AbstractProblemLoader Creating init config 
57334      DEBUG main            d.u.i.k.p.i.AbstractProblemLoader Init config took 4.05s 
57400      INFO  main            d.u.i.k.p.i.AbstractProblemLoader Replaying proof Arrays[Arrays::copyOfRange([I,int,int)].JML normal_behavior operation contract.0 
58178      DEBUG main            d.u.i.k.p.i.IntermediateProofReplayer Proof replay took 744.59ms 
58180      DEBUG main            d.u.i.k.p.r.p.TestFile    ... success: reloaded. 
58181      INFO  main            d.u.i.k.p.r.p.TestFile    Now processing file /home/runner/work/key/key/key.core/../key.ui/examples/redux/arrays/Arrays.copyOfRange.float.key 
58182      INFO  main            d.u.i.k.p.i.AbstractProblemLoader Loading environment from /home/runner/work/key/key/key.core/../key.ui/examples/redux/arrays/Arrays.copyOfRange.float.key 
58182      DEBUG main            d.u.i.k.p.i.AbstractProblemLoader Environment load took 290.4ns 
58183      INFO  main            d.u.i.k.p.i.AbstractProblemLoader Creating init config 
62342      DEBUG main            d.u.i.k.p.i.AbstractProblemLoader Init config took 4.16s 
62400      INFO  main            d.u.i.k.p.i.AbstractProblemLoader Replaying proof Arrays[Arrays::copyOfRange([F,int,int)].JML normal_behavior operation contract.0 
62402      DEBUG main            d.u.i.k.p.i.IntermediateProofReplayer Proof replay took 7.2ns 
62403      DEBUG main            d.u.i.k.m.s.ProofScriptEngine 1: 'macro autopilot' 
70465      DEBUG main            d.u.i.k.m.s.ProofScriptEngine 2: 'smt solver=Z3' 
70522      INFO  main            d.u.i.k.m.s.SMTCommand    Finished run on goal 27 in 51ms, result is valid 
70522      DEBUG main            d.u.i.k.m.s.ProofScriptEngine 3: 'tryclose' 
75256      INFO  main            d.u.i.k.p.r.p.TestFile    ... finished proof: closed. 
75554      INFO  main            d.u.i.k.p.i.AbstractProblemLoader Loading environment from /home/runner/work/key/key/key.core/../key.ui/examples/redux/arrays/Arrays.copyOfRange.float.key.proof 
75555      DEBUG main            d.u.i.k.p.i.AbstractProblemLoader Environment load took 469.4ns 
75557      INFO  main            d.u.i.k.p.i.AbstractProblemLoader Creating init config 
79564      DEBUG main            d.u.i.k.p.i.AbstractProblemLoader Init config took 4.01s 
79621      INFO  main            d.u.i.k.p.i.AbstractProblemLoader Replaying proof Arrays[Arrays::copyOfRange([F,int,int)].JML normal_behavior operation contract.0 
81056      DEBUG main            d.u.i.k.p.i.IntermediateProofReplayer Proof replay took 1.39s 
81058      DEBUG main            d.u.i.k.p.r.p.TestFile    ... success: reloaded. 
81060      INFO  main            d.u.i.k.p.r.p.TestFile    Now processing file /home/runner/work/key/key/key.core/../key.ui/examples/redux/arrays/Arrays.equals.key 
81060      INFO  main            d.u.i.k.p.i.AbstractProblemLoader Loading environment from /home/runner/work/key/key/key.core/../key.ui/examples/redux/arrays/Arrays.equals.key 
81060      DEBUG main            d.u.i.k.p.i.AbstractProblemLoader Environment load took 232.6ns 
81062      INFO  main            d.u.i.k.p.i.AbstractProblemLoader Creating init config 
85084      DEBUG main            d.u.i.k.p.i.AbstractProblemLoader Init config took 4.02s 
85135      INFO  main            d.u.i.k.p.i.AbstractProblemLoader Replaying proof Arrays[Arrays::equals([B,[B)].JML normal_behavior operation contract.0 
85137      DEBUG main            d.u.i.k.p.i.IntermediateProofReplayer Proof replay took 6.3ns 
85842      INFO  main            d.u.i.k.p.r.p.TestFile    ... finished proof: closed. 
86157      INFO  main            d.u.i.k.p.i.AbstractProblemLoader Loading environment from /home/runner/work/key/key/key.core/../key.ui/examples/redux/arrays/Arrays.equals.key.proof 
86157      DEBUG main            d.u.i.k.p.i.AbstractProblemLoader Environment load took 501ns 
86159      INFO  main            d.u.i.k.p.i.AbstractProblemLoader Creating init config 
90081      DEBUG main            d.u.i.k.p.i.AbstractProblemLoader Init config took 3.92s 
90135      INFO  main            d.u.i.k.p.i.AbstractProblemLoader Replaying proof Arrays[Arrays::equals([B,[B)].JML normal_behavior operation contract.0 
90377      DEBUG main            d.u.i.k.p.i.IntermediateProofReplayer Proof replay took 235.57ms 
90379      DEBUG main            d.u.i.k.p.r.p.TestFile    ... success: reloaded. 
90380      INFO  main            d.u.i.k.p.r.p.TestFile    Now processing file /home/runner/work/key/key/key.core/../key.ui/examples/redux/arrays/Arrays.fill.key 
90380      INFO  main            d.u.i.k.p.i.AbstractProblemLoader Loading environment from /home/runner/work/key/key/key.core/../key.ui/examples/redux/arrays/Arrays.fill.key 
90380      DEBUG main            d.u.i.k.p.i.AbstractProblemLoader Environment load took 205.8ns 
90382      INFO  main            d.u.i.k.p.i.AbstractProblemLoader Creating init config 
94326      DEBUG main            d.u.i.k.p.i.AbstractProblemLoader Init config took 3.94s 
94377      INFO  main            d.u.i.k.p.i.AbstractProblemLoader Replaying proof Arrays[Arrays::fill([I,int)].JML normal_behavior operation contract.0 
94379      DEBUG main            d.u.i.k.p.i.IntermediateProofReplayer Proof replay took 24.3ns 
94585      INFO  main            d.u.i.k.p.r.p.TestFile    ... finished proof: closed. 
94824      INFO  main            d.u.i.k.p.i.AbstractProblemLoader Loading environment from /home/runner/work/key/key/key.core/../key.ui/examples/redux/arrays/Arrays.fill.key.proof 
94824      DEBUG main            d.u.i.k.p.i.AbstractProblemLoader Environment load took 149.5ns 
94826      INFO  main            d.u.i.k.p.i.AbstractProblemLoader Creating init config 
98698      DEBUG main            d.u.i.k.p.i.AbstractProblemLoader Init config took 3.87s 
98756      INFO  main            d.u.i.k.p.i.AbstractProblemLoader Replaying proof Arrays[Arrays::fill([I,int)].JML normal_behavior operation contract.0 
98807      DEBUG main            d.u.i.k.p.i.IntermediateProofReplayer Proof replay took 47.24ms 
98808      DEBUG main            d.u.i.k.p.r.p.TestFile    ... success: reloaded. 
98809      INFO  main            d.u.i.k.p.r.p.TestFile    Now processing file /home/runner/work/key/key/key.core/../key.ui/examples/redux/arrays/Arrays.fill.float.key 
98810      INFO  main            d.u.i.k.p.i.AbstractProblemLoader Loading environment from /home/runner/work/key/key/key.core/../key.ui/examples/redux/arrays/Arrays.fill.float.key 
98810      DEBUG main            d.u.i.k.p.i.AbstractProblemLoader Environment load took 199.6ns 
98811      INFO  main            d.u.i.k.p.i.AbstractProblemLoader Creating init config 
102715     DEBUG main            d.u.i.k.p.i.AbstractProblemLoader Init config took 3.9s 
102764     INFO  main            d.u.i.k.p.i.AbstractProblemLoader Replaying proof Arrays[Arrays::fill([F,float)].JML normal_behavior operation contract.0 
102765     DEBUG main            d.u.i.k.p.i.IntermediateProofReplayer Proof replay took 7.5ns 
103070     INFO  main            d.u.i.k.p.r.p.TestFile    ... finished proof: closed. 
103329     INFO  main            d.u.i.k.p.i.AbstractProblemLoader Loading environment from /home/runner/work/key/key/key.core/../key.ui/examples/redux/arrays/Arrays.fill.float.key.proof 
103330     DEBUG main            d.u.i.k.p.i.AbstractProblemLoader Environment load took 500.8ns 
103331     INFO  main            d.u.i.k.p.i.AbstractProblemLoader Creating init config 
107246     DEBUG main            d.u.i.k.p.i.AbstractProblemLoader Init config took 3.92s 
107298     INFO  main            d.u.i.k.p.i.AbstractProblemLoader Replaying proof Arrays[Arrays::fill([F,float)].JML normal_behavior operation contract.0 
107363     DEBUG main            d.u.i.k.p.i.IntermediateProofReplayer Proof replay took 61.39ms 
107364     DEBUG main            d.u.i.k.p.r.p.TestFile    ... success: reloaded. 
107365     INFO  main            d.u.i.k.p.r.p.TestFile    Now processing file /home/runner/work/key/key/key.core/../key.ui/examples/redux/arrays/Arrays.fillFromTo.key 
107365     INFO  main            d.u.i.k.p.i.AbstractProblemLoader Loading environment from /home/runner/work/key/key/key.core/../key.ui/examples/redux/arrays/Arrays.fillFromTo.key 
107366     DEBUG main            d.u.i.k.p.i.AbstractProblemLoader Environment load took 141.6ns 
107367     INFO  main            d.u.i.k.p.i.AbstractProblemLoader Creating init config 
111287     DEBUG main            d.u.i.k.p.i.AbstractProblemLoader Init config took 3.92s 
111333     INFO  main            d.u.i.k.p.i.AbstractProblemLoader Replaying proof Arrays[Arrays::fill([I,int,int,int)].JML normal_behavior operation contract.0 
111335     DEBUG main            d.u.i.k.p.i.IntermediateProofReplayer Proof replay took 7.7ns 
112139     INFO  main            d.u.i.k.p.r.p.TestFile    ... finished proof: closed. 
112394     INFO  main            d.u.i.k.p.i.AbstractProblemLoader Loading environment from /home/runner/work/key/key/key.core/../key.ui/examples/redux/arrays/Arrays.fillFromTo.key.proof 
112394     DEBUG main            d.u.i.k.p.i.AbstractProblemLoader Environment load took 152.5ns 
112397     INFO  main            d.u.i.k.p.i.AbstractProblemLoader Creating init config 
116237     DEBUG main            d.u.i.k.p.i.AbstractProblemLoader Init config took 3.84s 
116286     INFO  main            d.u.i.k.p.i.AbstractProblemLoader Replaying proof Arrays[Arrays::fill([I,int,int,int)].JML normal_behavior operation contract.0 
116450     DEBUG main            d.u.i.k.p.i.IntermediateProofReplayer Proof replay took 159.3ms 
116452     DEBUG main            d.u.i.k.p.r.p.TestFile    ... success: reloaded. 
116453     INFO  main            d.u.i.k.p.r.p.TestFile    Now processing file /home/runner/work/key/key/key.core/../key.ui/examples/redux/arrays/Arrays.fillFromTo.float.key 
116453     INFO  main            d.u.i.k.p.i.AbstractProblemLoader Loading environment from /home/runner/work/key/key/key.core/../key.ui/examples/redux/arrays/Arrays.fillFromTo.float.key 
116453     DEBUG main            d.u.i.k.p.i.AbstractProblemLoader Environment load took 221.3ns 
116454     INFO  main            d.u.i.k.p.i.AbstractProblemLoader Creating init config 
120380     DEBUG main            d.u.i.k.p.i.AbstractProblemLoader Init config took 3.93s 
120424     INFO  main            d.u.i.k.p.i.AbstractProblemLoader Replaying proof Arrays[Arrays::fill([F,int,int,float)].JML normal_behavior operation contract.0 
120425     DEBUG main            d.u.i.k.p.i.IntermediateProofReplayer Proof replay took 7.4ns 
121330     INFO  main            d.u.i.k.p.r.p.TestFile    ... finished proof: closed. 
121606     INFO  main            d.u.i.k.p.i.AbstractProblemLoader Loading environment from /home/runner/work/key/key/key.core/../key.ui/examples/redux/arrays/Arrays.fillFromTo.float.key.proof 
121606     DEBUG main            d.u.i.k.p.i.AbstractProblemLoader Environment load took 154.5ns 
121608     INFO  main            d.u.i.k.p.i.AbstractProblemLoader Creating init config 
125482     DEBUG main            d.u.i.k.p.i.AbstractProblemLoader Init config took 3.87s 
125528     INFO  main            d.u.i.k.p.i.AbstractProblemLoader Replaying proof Arrays[Arrays::fill([F,int,int,float)].JML normal_behavior operation contract.0 
125753     DEBUG main            d.u.i.k.p.i.IntermediateProofReplayer Proof replay took 217.49ms 
125755     DEBUG main            d.u.i.k.p.r.p.TestFile    ... success: reloaded. 
125756     INFO  main            d.u.i.k.p.r.p.TestFile    Now processing file /home/runner/work/key/key/key.core/../key.ui/examples/redux/arrays/ArrayCopy.arraycopy.normal.0.key 
125756     INFO  main            d.u.i.k.p.i.AbstractProblemLoader Loading environment from /home/runner/work/key/key/key.core/../key.ui/examples/redux/arrays/ArrayCopy.arraycopy.normal.0.key 
125756     DEBUG main            d.u.i.k.p.i.AbstractProblemLoader Environment load took 271.5ns 
125758     INFO  main            d.u.i.k.p.i.AbstractProblemLoader Creating init config 
129713     DEBUG main            d.u.i.k.p.i.AbstractProblemLoader Init config took 3.96s 
129776     INFO  main            d.u.i.k.p.i.AbstractProblemLoader Replaying proof ArrayCopy[ArrayCopy::arraycopy(java.lang.Object,int,java.lang.Object,int,int)].JML normal_behavior operation contract.0 
129777     DEBUG main            d.u.i.k.p.i.IntermediateProofReplayer Proof replay took 6.9ns 
138367     INFO  main            d.u.i.k.p.r.p.TestFile    ... finished proof: closed. 
138667     INFO  main            d.u.i.k.p.i.AbstractProblemLoader Loading environment from /home/runner/work/key/key/key.core/../key.ui/examples/redux/arrays/ArrayCopy.arraycopy.normal.0.key.proof 
138667     DEBUG main            d.u.i.k.p.i.AbstractProblemLoader Environment load took 151.5ns 
138669     INFO  main            d.u.i.k.p.i.AbstractProblemLoader Creating init config 
142377     DEBUG main            d.u.i.k.p.i.AbstractProblemLoader Init config took 3.71s 
142422     INFO  main            d.u.i.k.p.i.AbstractProblemLoader Replaying proof ArrayCopy[ArrayCopy::arraycopy(java.lang.Object,int,java.lang.Object,int,int)].JML normal_behavior operation contract.0 
143717     DEBUG main            d.u.i.k.p.i.IntermediateProofReplayer Proof replay took 1.28s 
143719     DEBUG main            d.u.i.k.p.r.p.TestFile    ... success: reloaded. 
143720     INFO  main            d.u.i.k.p.r.p.TestFile    Now processing file /home/runner/work/key/key/key.core/../key.ui/examples/redux/arrays/ArrayCopy.arraycopy.exceptional.0.key 
143721     INFO  main            d.u.i.k.p.i.AbstractProblemLoader Loading environment from /home/runner/work/key/key/key.core/../key.ui/examples/redux/arrays/ArrayCopy.arraycopy.exceptional.0.key 
143721     DEBUG main            d.u.i.k.p.i.AbstractProblemLoader Environment load took 218.7ns 
143722     INFO  main            d.u.i.k.p.i.AbstractProblemLoader Creating init config 
147644     DEBUG main            d.u.i.k.p.i.AbstractProblemLoader Init config took 3.92s 
147690     INFO  main            d.u.i.k.p.i.AbstractProblemLoader Replaying proof ArrayCopy[ArrayCopy::arraycopy(java.lang.Object,int,java.lang.Object,int,int)].JML exceptional_behavior operation contract.0 
147692     DEBUG main            d.u.i.k.p.i.IntermediateProofReplayer Proof replay took 7.2ns 
148198     INFO  main            d.u.i.k.p.r.p.TestFile    ... finished proof: closed. 
148508     INFO  main            d.u.i.k.p.i.AbstractProblemLoader Loading environment from /home/runner/work/key/key/key.core/../key.ui/examples/redux/arrays/ArrayCopy.arraycopy.exceptional.0.key.proof 
148509     DEBUG main            d.u.i.k.p.i.AbstractProblemLoader Environment load took 452.8ns 
148510     INFO  main            d.u.i.k.p.i.AbstractProblemLoader Creating init config 
152297     DEBUG main            d.u.i.k.p.i.AbstractProblemLoader Init config took 3.79s 
152357     INFO  main            d.u.i.k.p.i.AbstractProblemLoader Replaying proof ArrayCopy[ArrayCopy::arraycopy(java.lang.Object,int,java.lang.Object,int,int)].JML exceptional_behavior operation contract.0 
152512     DEBUG main            d.u.i.k.p.i.IntermediateProofReplayer Proof replay took 150.78ms 
152514     DEBUG main            d.u.i.k.p.r.p.TestFile    ... success: reloaded. 
152515     INFO  main            d.u.i.k.p.r.p.TestFile    Now processing file /home/runner/work/key/key/key.core/../key.ui/examples/redux/arrays/ArrayCopy.arraycopy.exceptional.1.key 
152515     INFO  main            d.u.i.k.p.i.AbstractProblemLoader Loading environment from /home/runner/work/key/key/key.core/../key.ui/examples/redux/arrays/ArrayCopy.arraycopy.exceptional.1.key 
152515     DEBUG main            d.u.i.k.p.i.AbstractProblemLoader Environment load took 221.7ns 
152516     INFO  main            d.u.i.k.p.i.AbstractProblemLoader Creating init config 
156336     DEBUG main            d.u.i.k.p.i.AbstractProblemLoader Init config took 3.82s 
156381     INFO  main            d.u.i.k.p.i.AbstractProblemLoader Replaying proof ArrayCopy[ArrayCopy::arraycopy(java.lang.Object,int,java.lang.Object,int,int)].JML exceptional_behavior operation contract.1 
156383     DEBUG main            d.u.i.k.p.i.IntermediateProofReplayer Proof replay took 8.8ns 
164654     INFO  main            d.u.i.k.p.r.p.TestFile    ... finished proof: closed. 
164991     INFO  main            d.u.i.k.p.i.AbstractProblemLoader Loading environment from /home/runner/work/key/key/key.core/../key.ui/examples/redux/arrays/ArrayCopy.arraycopy.exceptional.1.key.proof 
164991     DEBUG main            d.u.i.k.p.i.AbstractProblemLoader Environment load took 174.5ns 
164996     INFO  main            d.u.i.k.p.i.AbstractProblemLoader Creating init config 
168837     DEBUG main            d.u.i.k.p.i.AbstractProblemLoader Init config took 3.84s 
168883     INFO  main            d.u.i.k.p.i.AbstractProblemLoader Replaying proof ArrayCopy[ArrayCopy::arraycopy(java.lang.Object,int,java.lang.Object,int,int)].JML exceptional_behavior operation contract.1 
171117     DEBUG main            d.u.i.k.p.i.IntermediateProofReplayer Proof replay took 2.21s 
171119     DEBUG main            d.u.i.k.p.r.p.TestFile    ... success: reloaded. 
7176983    INFO  Test worker     d.u.i.k.p.r.RunAllProofsTestUnit Returning from test redux 
]]></system-out>
  <system-err><![CDATA[]]></system-err>
</testsuite>
