<?xml version="1.0" encoding="UTF-8"?>
<testsuite name="de.uka.ilkd.key.rule.match.vm.VMTacletMatcherTest" tests="6" skipped="0" failures="0" errors="0" timestamp="2023-04-19T09:59:37" hostname="fv-az559-422" time="0.03">
  <properties/>
  <testcase name="testMatchPropositionalFormula()" classname="de.uka.ilkd.key.rule.match.vm.VMTacletMatcherTest" time="0.002"/>
  <testcase name="testMatchVarBindingTermHiding()" classname="de.uka.ilkd.key.rule.match.vm.VMTacletMatcherTest" time="0.004"/>
  <testcase name="testMatchVarBindingTermNested()" classname="de.uka.ilkd.key.rule.match.vm.VMTacletMatcherTest" time="0.003"/>
  <testcase name="matchVarBindingTermSingle()" classname="de.uka.ilkd.key.rule.match.vm.VMTacletMatcherTest" time="0.001"/>
  <testcase name="testMatchVarBindingTermMoreHiding()" classname="de.uka.ilkd.key.rule.match.vm.VMTacletMatcherTest" time="0.001"/>
  <testcase name="testMatchFunctionTerm()" classname="de.uka.ilkd.key.rule.match.vm.VMTacletMatcherTest" time="0.012"/>
  <system-out><![CDATA[]]></system-out>
  <system-err><![CDATA[]]></system-err>
</testsuite>
