<?xml version="1.0" encoding="UTF-8"?>
<testsuite name="de.uka.ilkd.key.parser.TestDeclParser" tests="14" skipped="2" failures="0" errors="0" timestamp="2023-04-19T09:54:38" hostname="fv-az559-422" time="13.189">
  <properties/>
  <testcase name="testGenericSortDecl1()" classname="de.uka.ilkd.key.parser.TestDeclParser" time="1.193"/>
  <testcase name="testGenericSortDecl2()" classname="de.uka.ilkd.key.parser.TestDeclParser" time="1.07"/>
  <testcase name="testGenericSortDecl3()" classname="de.uka.ilkd.key.parser.TestDeclParser" time="1.171"/>
  <testcase name="testGenericSortDecl4()" classname="de.uka.ilkd.key.parser.TestDeclParser" time="1.098"/>
  <testcase name="testGenericSortDecl5()" classname="de.uka.ilkd.key.parser.TestDeclParser" time="0.0">
    <skipped/>
  </testcase>
  <testcase name="testGenericSortDecl6()" classname="de.uka.ilkd.key.parser.TestDeclParser" time="1.026"/>
  <testcase name="testSortDecl()" classname="de.uka.ilkd.key.parser.TestDeclParser" time="1.123"/>
  <testcase name="testProxySortDecl()" classname="de.uka.ilkd.key.parser.TestDeclParser" time="1.1"/>
  <testcase name="testArrayDecl()" classname="de.uka.ilkd.key.parser.TestDeclParser" time="1.05"/>
  <testcase name="testAmbiguousDecls()" classname="de.uka.ilkd.key.parser.TestDeclParser" time="0.0">
    <skipped/>
  </testcase>
  <testcase name="testHeurDecl()" classname="de.uka.ilkd.key.parser.TestDeclParser" time="1.099"/>
  <testcase name="testFunctionDecl()" classname="de.uka.ilkd.key.parser.TestDeclParser" time="1.028"/>
  <testcase name="testPredicateDecl()" classname="de.uka.ilkd.key.parser.TestDeclParser" time="1.114"/>
  <testcase name="testSVDecl()" classname="de.uka.ilkd.key.parser.TestDeclParser" time="1.114"/>
  <system-out><![CDATA[250353     INFO  Test worker     d.u.i.k.n.KeyIO           Parsing took 0 ms 
250353     DEBUG Test worker     d.u.i.k.n.KeyIO           Load declarations of de.uka.ilkd.key.nparser.KeyAst$File:  <unknown>:1#1 
250354     INFO  Test worker     d.u.i.k.n.KeyIO           MODE: declarations took 1 ms 
250354     DEBUG Test worker     d.u.i.k.n.KeyIO           MODE: 2nd degree decls took 0 
250354     DEBUG Test worker     d.u.i.k.n.KeyIO           MODE: taclets took 0ms 
251424     INFO  Test worker     d.u.i.k.n.KeyIO           Parsing took 0 ms 
251424     DEBUG Test worker     d.u.i.k.n.KeyIO           Load declarations of de.uka.ilkd.key.nparser.KeyAst$File:  <unknown>:1#1 
251424     INFO  Test worker     d.u.i.k.n.KeyIO           MODE: declarations took 0 ms 
251424     DEBUG Test worker     d.u.i.k.n.KeyIO           MODE: 2nd degree decls took 0 
251425     DEBUG Test worker     d.u.i.k.n.KeyIO           MODE: taclets took 1ms 
252596     INFO  Test worker     d.u.i.k.n.KeyIO           Parsing took 0 ms 
252596     DEBUG Test worker     d.u.i.k.n.KeyIO           Load declarations of de.uka.ilkd.key.nparser.KeyAst$File:  <unknown>:1#1 
252596     INFO  Test worker     d.u.i.k.n.KeyIO           MODE: declarations took 0 ms 
252596     DEBUG Test worker     d.u.i.k.n.KeyIO           MODE: 2nd degree decls took 0 
252596     DEBUG Test worker     d.u.i.k.n.KeyIO           MODE: taclets took 0ms 
253695     INFO  Test worker     d.u.i.k.n.KeyIO           Parsing took 0 ms 
253695     DEBUG Test worker     d.u.i.k.n.KeyIO           Load declarations of de.uka.ilkd.key.nparser.KeyAst$File:  <unknown>:1#1 
253695     INFO  Test worker     d.u.i.k.n.KeyIO           MODE: declarations took 0 ms 
253695     DEBUG Test worker     d.u.i.k.n.KeyIO           MODE: 2nd degree decls took 0 
253695     DEBUG Test worker     d.u.i.k.n.KeyIO           MODE: taclets took 0ms 
254721     INFO  Test worker     d.u.i.k.n.KeyIO           Parsing took 0 ms 
254721     DEBUG Test worker     d.u.i.k.n.KeyIO           Load declarations of de.uka.ilkd.key.nparser.KeyAst$File:  <unknown>:1#1 
254722     INFO  Test worker     d.u.i.k.n.KeyIO           MODE: declarations took 1 ms 
254722     DEBUG Test worker     d.u.i.k.n.KeyIO           MODE: 2nd degree decls took 0 
254722     DEBUG Test worker     d.u.i.k.n.KeyIO           MODE: taclets took 0ms 
255844     INFO  Test worker     d.u.i.k.n.KeyIO           Parsing took 0 ms 
255844     DEBUG Test worker     d.u.i.k.n.KeyIO           Load declarations of de.uka.ilkd.key.nparser.KeyAst$File:  <unknown>:1#1 
255845     INFO  Test worker     d.u.i.k.n.KeyIO           MODE: declarations took 0 ms 
255845     DEBUG Test worker     d.u.i.k.n.KeyIO           MODE: 2nd degree decls took 0 
255845     DEBUG Test worker     d.u.i.k.n.KeyIO           MODE: taclets took 0ms 
256944     INFO  Test worker     d.u.i.k.n.KeyIO           Parsing took 0 ms 
256944     DEBUG Test worker     d.u.i.k.n.KeyIO           Load declarations of de.uka.ilkd.key.nparser.KeyAst$File:  <unknown>:1#1 
256945     INFO  Test worker     d.u.i.k.n.KeyIO           MODE: declarations took 1 ms 
256945     DEBUG Test worker     d.u.i.k.n.KeyIO           MODE: 2nd degree decls took 0 
256945     DEBUG Test worker     d.u.i.k.n.KeyIO           MODE: taclets took 0ms 
257994     INFO  Test worker     d.u.i.k.n.KeyIO           Parsing took 1 ms 
257994     DEBUG Test worker     d.u.i.k.n.KeyIO           Load declarations of de.uka.ilkd.key.nparser.KeyAst$File:  <unknown>:1#1 
257994     INFO  Test worker     d.u.i.k.n.KeyIO           MODE: declarations took 0 ms 
257994     DEBUG Test worker     d.u.i.k.n.KeyIO           MODE: 2nd degree decls took 0 
257994     DEBUG Test worker     d.u.i.k.n.KeyIO           MODE: taclets took 0ms 
259094     INFO  Test worker     d.u.i.k.n.KeyIO           Parsing took 0 ms 
259094     DEBUG Test worker     d.u.i.k.n.KeyIO           Load declarations of de.uka.ilkd.key.nparser.KeyAst$File:  <unknown>:1#1 
259094     INFO  Test worker     d.u.i.k.n.KeyIO           MODE: declarations took 0 ms 
259094     DEBUG Test worker     d.u.i.k.n.KeyIO           MODE: 2nd degree decls took 0 
259094     DEBUG Test worker     d.u.i.k.n.KeyIO           MODE: taclets took 0ms 
260122     INFO  Test worker     d.u.i.k.n.KeyIO           Parsing took 0 ms 
260122     DEBUG Test worker     d.u.i.k.n.KeyIO           Load declarations of de.uka.ilkd.key.nparser.KeyAst$File:  <unknown>:1#1 
260122     INFO  Test worker     d.u.i.k.n.KeyIO           MODE: declarations took 0 ms 
260123     DEBUG Test worker     d.u.i.k.n.KeyIO           MODE: 2nd degree decls took 1 
260123     DEBUG Test worker     d.u.i.k.n.KeyIO           MODE: taclets took 0ms 
261237     INFO  Test worker     d.u.i.k.n.KeyIO           Parsing took 0 ms 
261237     DEBUG Test worker     d.u.i.k.n.KeyIO           Load declarations of de.uka.ilkd.key.nparser.KeyAst$File:  <unknown>:1#1 
261237     INFO  Test worker     d.u.i.k.n.KeyIO           MODE: declarations took 0 ms 
261237     DEBUG Test worker     d.u.i.k.n.KeyIO           MODE: 2nd degree decls took 0 
261238     DEBUG Test worker     d.u.i.k.n.KeyIO           MODE: taclets took 0ms 
262349     INFO  Test worker     d.u.i.k.n.KeyIO           Parsing took 0 ms 
262350     DEBUG Test worker     d.u.i.k.n.KeyIO           Load declarations of de.uka.ilkd.key.nparser.KeyAst$File:  <unknown>:1#1 
262350     INFO  Test worker     d.u.i.k.n.KeyIO           MODE: declarations took 0 ms 
262350     DEBUG Test worker     d.u.i.k.n.KeyIO           MODE: 2nd degree decls took 0 
262350     DEBUG Test worker     d.u.i.k.n.KeyIO           MODE: taclets took 0ms 
]]></system-out>
  <system-err><![CDATA[]]></system-err>
</testsuite>
