<?xml version="1.0" encoding="UTF-8"?>
<testsuite name="de.uka.ilkd.key.rule.loop.LoopScopeInvRuleTests" tests="1" skipped="0" failures="0" errors="0" timestamp="2023-04-19T09:59:23" hostname="fv-az559-422" time="6.271">
  <properties/>
  <testcase name="testDoAutomaticProofOfBenchmarkWithLabeledBreaksAndContinues()" classname="de.uka.ilkd.key.rule.loop.LoopScopeInvRuleTests" time="6.271"/>
  <system-out><![CDATA[533649     INFO  Test worker     d.u.i.k.p.i.AbstractProblemLoader Loading environment from src/test/resources/testcase/loopScopeInvRule/Test.key 
533651     DEBUG Test worker     d.u.i.k.p.i.AbstractProblemLoader Environment load took 1.91ms 
533652     INFO  Test worker     d.u.i.k.p.i.AbstractProblemLoader Creating init config 
533900     DEBUG Test worker     d.u.i.k.j.TypeConverter   No LDT found for Meta 
533901     DEBUG Test worker     d.u.i.k.j.TypeConverter   No LDT found for Meta 
533902     DEBUG Test worker     d.u.i.k.j.TypeConverter   No LDT found for Meta 
533902     DEBUG Test worker     d.u.i.k.j.TypeConverter   No LDT found for Meta 
534832     DEBUG Test worker     d.u.i.k.j.TypeConverter   No LDT found for JavaBigintExpression 
539295     DEBUG Test worker     d.u.i.k.p.i.AbstractProblemLoader Init config took 5.64s 
539345     INFO  Test worker     d.u.i.k.p.i.AbstractProblemLoader Replaying proof Test[Test::loopScopeRuleBenchmark(int,boolean)].JML normal_behavior operation contract.0 
539348     DEBUG Test worker     d.u.i.k.p.i.IntermediateProofReplayer Proof replay took 16.6ns 
]]></system-out>
  <system-err><![CDATA[]]></system-err>
</testsuite>
