<?xml version="1.0" encoding="UTF-8"?>
<testsuite name="de.uka.ilkd.key.taclettranslation.TestTacletTranslator" tests="5" skipped="0" failures="0" errors="0" timestamp="2023-04-19T10:06:29" hostname="fv-az559-422" time="0.009">
  <properties/>
  <testcase name="testPropositional1()" classname="de.uka.ilkd.key.taclettranslation.TestTacletTranslator" time="0.003"/>
  <testcase name="testPropositional2()" classname="de.uka.ilkd.key.taclettranslation.TestTacletTranslator" time="0.002"/>
  <testcase name="testNegativePolarity()" classname="de.uka.ilkd.key.taclettranslation.TestTacletTranslator" time="0.002"/>
  <testcase name="testNoPolarity()" classname="de.uka.ilkd.key.taclettranslation.TestTacletTranslator" time="0.001"/>
  <testcase name="testPositivePolarity()" classname="de.uka.ilkd.key.taclettranslation.TestTacletTranslator" time="0.001"/>
  <system-out><![CDATA[960432     INFO  Test worker     d.u.i.k.n.KeyIO           Parsing took 0 ms 
960432     DEBUG Test worker     d.u.i.k.n.KeyIO           Load declarations of de.uka.ilkd.key.nparser.KeyAst$File:  <unknown>:1#1 
960432     INFO  Test worker     d.u.i.k.n.KeyIO           MODE: declarations took 0 ms 
960432     DEBUG Test worker     d.u.i.k.n.KeyIO           MODE: 2nd degree decls took 0 
960432     DEBUG Test worker     d.u.i.k.n.KeyIO           MODE: taclets took 0ms 
960435     INFO  Test worker     d.u.i.k.n.KeyIO           Parsing took 0 ms 
960435     DEBUG Test worker     d.u.i.k.n.KeyIO           Load declarations of de.uka.ilkd.key.nparser.KeyAst$File:  <unknown>:1#1 
960435     INFO  Test worker     d.u.i.k.n.KeyIO           MODE: declarations took 0 ms 
960435     DEBUG Test worker     d.u.i.k.n.KeyIO           MODE: 2nd degree decls took 0 
960436     DEBUG Test worker     d.u.i.k.n.KeyIO           MODE: taclets took 1ms 
960437     INFO  Test worker     d.u.i.k.n.KeyIO           Parsing took 0 ms 
960437     DEBUG Test worker     d.u.i.k.n.KeyIO           Load declarations of de.uka.ilkd.key.nparser.KeyAst$File:  <unknown>:1#1 
960437     INFO  Test worker     d.u.i.k.n.KeyIO           MODE: declarations took 0 ms 
960437     DEBUG Test worker     d.u.i.k.n.KeyIO           MODE: 2nd degree decls took 0 
960437     DEBUG Test worker     d.u.i.k.n.KeyIO           MODE: taclets took 0ms 
960439     INFO  Test worker     d.u.i.k.n.KeyIO           Parsing took 0 ms 
960439     DEBUG Test worker     d.u.i.k.n.KeyIO           Load declarations of de.uka.ilkd.key.nparser.KeyAst$File:  <unknown>:1#1 
960439     INFO  Test worker     d.u.i.k.n.KeyIO           MODE: declarations took 0 ms 
960439     DEBUG Test worker     d.u.i.k.n.KeyIO           MODE: 2nd degree decls took 0 
960439     DEBUG Test worker     d.u.i.k.n.KeyIO           MODE: taclets took 0ms 
960440     INFO  Test worker     d.u.i.k.n.KeyIO           Parsing took 0 ms 
960440     DEBUG Test worker     d.u.i.k.n.KeyIO           Load declarations of de.uka.ilkd.key.nparser.KeyAst$File:  <unknown>:1#1 
960440     INFO  Test worker     d.u.i.k.n.KeyIO           MODE: declarations took 0 ms 
960440     DEBUG Test worker     d.u.i.k.n.KeyIO           MODE: 2nd degree decls took 0 
960440     DEBUG Test worker     d.u.i.k.n.KeyIO           MODE: taclets took 0ms 
]]></system-out>
  <system-err><![CDATA[]]></system-err>
</testsuite>
