<?xml version="1.0" encoding="UTF-8"?>
<testsuite name="de.uka.ilkd.key.rule.tacletbuilder.TestTacletBuild" tests="5" skipped="0" failures="0" errors="0" timestamp="2023-04-19T10:01:17" hostname="fv-az559-422" time="4.855">
  <properties/>
  <testcase name="testSchemavariablesInAddrulesRespectPrefix()" classname="de.uka.ilkd.key.rule.tacletbuilder.TestTacletBuild" time="4.838"/>
  <testcase name="testUniquenessOfIfAndFindVarSVBothInIf()" classname="de.uka.ilkd.key.rule.tacletbuilder.TestTacletBuild" time="0.002"/>
  <testcase name="test0()" classname="de.uka.ilkd.key.rule.tacletbuilder.TestTacletBuild" time="0.001"/>
  <testcase name="testUniquenessOfIfAndFindVarSVsInFind()" classname="de.uka.ilkd.key.rule.tacletbuilder.TestTacletBuild" time="0.0"/>
  <testcase name="testUniquenessOfIfAndFindVarSVsInIfAndFind()" classname="de.uka.ilkd.key.rule.tacletbuilder.TestTacletBuild" time="0.0"/>
  <system-out><![CDATA[649028     INFO  Test worker     d.u.i.k.n.KeyIO           Parsing took 3 ms 
649028     DEBUG Test worker     d.u.i.k.n.KeyIO           Load declarations of de.uka.ilkd.key.nparser.KeyAst$File:  /home/runner/work/key/key/key.core/src/test/resources/testcase/testrules.key:9#1 
649029     INFO  Test worker     d.u.i.k.n.KeyIO           MODE: declarations took 1 ms 
649029     DEBUG Test worker     d.u.i.k.n.KeyIO           MODE: 2nd degree decls took 0 
649062     DEBUG Test worker     d.u.i.k.n.KeyIO           MODE: taclets took 33ms 
]]></system-out>
  <system-err><![CDATA[]]></system-err>
</testsuite>
