<?xml version="1.0" encoding="UTF-8"?>
<testsuite name="de.uka.ilkd.key.parser.proofjava.TestProofJavaParser" tests="4" skipped="0" failures="0" errors="0" timestamp="2023-04-19T09:58:52" hostname="fv-az559-422" time="0.008">
  <properties/>
  <testcase name="testGenericWithWithoutSpaces()" classname="de.uka.ilkd.key.parser.proofjava.TestProofJavaParser" time="0.001"/>
  <testcase name="testExpressions()" classname="de.uka.ilkd.key.parser.proofjava.TestProofJavaParser" time="0.004"/>
  <testcase name="testGenericClassDeclarations()" classname="de.uka.ilkd.key.parser.proofjava.TestProofJavaParser" time="0.001"/>
  <testcase name="testMemberDeclarations()" classname="de.uka.ilkd.key.parser.proofjava.TestProofJavaParser" time="0.002"/>
  <system-out><![CDATA[503561     DEBUG Test worker     d.u.i.k.p.p.TestProofJavaParser <a>+2 <-> 
                                        <a> + 2 
503561     DEBUG Test worker     d.u.i.k.p.p.TestProofJavaParser a >> <a> <-> 
     a >> <a> 
503562     DEBUG Test worker     d.u.i.k.p.p.TestProofJavaParser a<<b>-2 <-> 
        a << b > -2 
503563     DEBUG Test worker     d.u.i.k.p.p.TestProofJavaParser A<T>.<B><S>.class <-> 
       A.<B><S>.class 
]]></system-out>
  <system-err><![CDATA[]]></system-err>
</testsuite>
