<?xml version="1.0" encoding="UTF-8"?>
<testsuite name="de.uka.ilkd.key.parser.TestTermParserSorts" tests="2" skipped="0" failures="0" errors="0" timestamp="2023-04-19T09:58:49" hostname="fv-az559-422" time="3.455">
  <properties/>
  <testcase name="testParseIntegerArgs()" classname="de.uka.ilkd.key.parser.TestTermParserSorts" time="0.019"/>
  <testcase name="testParseSequencePrettySyntax()" classname="de.uka.ilkd.key.parser.TestTermParserSorts" time="0.001"/>
  <system-out><![CDATA[500102     INFO  Test worker     d.u.i.k.n.KeyIO           Parsing took 0 ms 
500103     DEBUG Test worker     d.u.i.k.n.KeyIO           Load declarations of de.uka.ilkd.key.nparser.KeyAst$File:  <unknown>:1#1 
500103     INFO  Test worker     d.u.i.k.n.KeyIO           MODE: declarations took 0 ms 
500103     DEBUG Test worker     d.u.i.k.n.KeyIO           MODE: 2nd degree decls took 0 
500104     INFO  Test worker     d.u.i.k.n.KeyIO           Parsing took 0 ms 
500104     DEBUG Test worker     d.u.i.k.n.KeyIO           Load declarations of de.uka.ilkd.key.nparser.KeyAst$File:  <unknown>:1#1 
500104     INFO  Test worker     d.u.i.k.n.KeyIO           MODE: declarations took 0 ms 
500104     DEBUG Test worker     d.u.i.k.n.KeyIO           MODE: 2nd degree decls took 0 
500105     INFO  Test worker     d.u.i.k.n.KeyIO           Parsing took 0 ms 
500105     DEBUG Test worker     d.u.i.k.n.KeyIO           Load declarations of de.uka.ilkd.key.nparser.KeyAst$File:  <unknown>:1#1 
500105     INFO  Test worker     d.u.i.k.n.KeyIO           MODE: declarations took 0 ms 
500105     DEBUG Test worker     d.u.i.k.n.KeyIO           MODE: 2nd degree decls took 0 
503555     INFO  Test worker     d.u.i.k.n.KeyIO           Parsing took 0 ms 
503555     DEBUG Test worker     d.u.i.k.n.KeyIO           Load declarations of de.uka.ilkd.key.nparser.KeyAst$File:  <unknown>:1#1 
503555     INFO  Test worker     d.u.i.k.n.KeyIO           MODE: declarations took 0 ms 
503555     DEBUG Test worker     d.u.i.k.n.KeyIO           MODE: 2nd degree decls took 0 
503555     INFO  Test worker     d.u.i.k.n.KeyIO           Parsing took 0 ms 
503555     DEBUG Test worker     d.u.i.k.n.KeyIO           Load declarations of de.uka.ilkd.key.nparser.KeyAst$File:  <unknown>:1#1 
503555     INFO  Test worker     d.u.i.k.n.KeyIO           MODE: declarations took 0 ms 
503555     DEBUG Test worker     d.u.i.k.n.KeyIO           MODE: 2nd degree decls took 0 
503555     INFO  Test worker     d.u.i.k.n.KeyIO           Parsing took 0 ms 
503555     DEBUG Test worker     d.u.i.k.n.KeyIO           Load declarations of de.uka.ilkd.key.nparser.KeyAst$File:  <unknown>:1#1 
503555     INFO  Test worker     d.u.i.k.n.KeyIO           MODE: declarations took 0 ms 
503555     DEBUG Test worker     d.u.i.k.n.KeyIO           MODE: 2nd degree decls took 0 
]]></system-out>
  <system-err><![CDATA[]]></system-err>
</testsuite>
