<?xml version="1.0" encoding="UTF-8"?>
<testsuite name="de.uka.ilkd.key.testcase.smt.testgen.TestTestgen" tests="1" skipped="0" failures="0" errors="0" timestamp="2023-05-11T00:04:47" hostname="fv-az365-794" time="5.432">
  <properties/>
  <testcase name="testMiddle()" classname="de.uka.ilkd.key.testcase.smt.testgen.TestTestgen" time="5.432"/>
  <system-out><![CDATA[18871      WARN  Test worker     d.u.i.k.t.s.t.TestTestgen Warning: Z3_CE is not installed, tests skipped. 
18871      WARN  Test worker     d.u.i.k.t.s.t.TestTestgen Maybe use JVM system property "z3SolverPath" to define the path to the Z3 command. 
18871      INFO  Test worker     d.u.i.k.p.i.AbstractProblemLoader Loading environment from src\test\resources\testcase\smt\tg\middle.key 
18871      DEBUG Test worker     d.u.i.k.p.i.AbstractProblemLoader Environment load took 233.7ns 
18887      INFO  Test worker     d.u.i.k.p.i.AbstractProblemLoader Creating init config 
23357      DEBUG Test worker     d.u.i.k.p.i.AbstractProblemLoader Init config took 4.47s 
23482      INFO  Test worker     d.u.i.k.p.i.AbstractProblemLoader Replaying proof Middle[Middle::middle(int,int,int)].JML normal_behavior operation contract.0 
23498      DEBUG Test worker     d.u.i.k.p.i.IntermediateProofReplayer Proof replay took 19.1ns 
]]></system-out>
  <system-err><![CDATA[]]></system-err>
</testsuite>
